<?xml version="1.0" encoding="UTF-8"?>
<testsuites name="New Registration" time="6202" tests="0" failures="8" errors="0">
   <testsuite name="New Registration" tests="0" failures="8" errors="0" time="6202" timestamp="2018-12-13 23:08:19" hostname="Admin - Win7Test02" id="Test Suites/Workflow/New Registration">
      <properties>
         <property name="deviceName" value=""/>
         <property name="devicePlatform" value=""/>
         <property name="logFolder" value="C:\\Users\\Admin\\Desktop\\PKS\\Perkeso Phase A\\Reports\\Workflow\\New Registration\\20181213_194711"/>
         <property name="logFiles" value="C:\\Users\\Admin\\Desktop\\PKS\\Perkeso Phase A\\Reports\\Workflow\\New Registration\\20181213_194711\\execution0.log, C:\\Users\\Admin\\Desktop\\PKS\\Perkeso Phase A\\Reports\\Workflow\\New Registration\\20181213_194711\\execution1.log, C:\\Users\\Admin\\Desktop\\PKS\\Perkeso Phase A\\Reports\\Workflow\\New Registration\\20181213_194711\\execution2.log"/>
         <property name="attachments" value="C:\\Users\\Admin\\Desktop\\PKS\\Perkeso Phase A\\Reports\\Workflow\\New Registration\\20181213_194711\\1544714063249.png, C:\\Users\\Admin\\Desktop\\PKS\\Perkeso Phase A\\Reports\\Workflow\\New Registration\\20181213_194711\\1544714103406.png, C:\\Users\\Admin\\Desktop\\PKS\\Perkeso Phase A\\Reports\\Workflow\\New Registration\\20181213_194711\\1544714154696.png, C:\\Users\\Admin\\Desktop\\PKS\\Perkeso Phase A\\Reports\\Workflow\\New Registration\\20181213_194711\\1544714188392.png, C:\\Users\\Admin\\Desktop\\PKS\\Perkeso Phase A\\Reports\\Workflow\\New Registration\\20181213_194711\\1544714221398.png, C:\\Users\\Admin\\Desktop\\PKS\\Perkeso Phase A\\Reports\\Workflow\\New Registration\\20181213_194711\\1544714255103.png, C:\\Users\\Admin\\Desktop\\PKS\\Perkeso Phase A\\Reports\\Workflow\\New Registration\\20181213_194711\\1544714288618.png, C:\\Users\\Admin\\Desktop\\PKS\\Perkeso Phase A\\Reports\\Workflow\\New Registration\\20181213_194711\\1544714322125.png, C:\\Users\\Admin\\Desktop\\PKS\\Perkeso Phase A\\Reports\\Workflow\\New Registration\\20181213_194711\\1544714353817.png, C:\\Users\\Admin\\Desktop\\PKS\\Perkeso Phase A\\Reports\\Workflow\\New Registration\\20181213_194711\\1544714385495.png, C:\\Users\\Admin\\Desktop\\PKS\\Perkeso Phase A\\Reports\\Workflow\\New Registration\\20181213_194711\\1544714420401.png, C:\\Users\\Admin\\Desktop\\PKS\\Perkeso Phase A\\Reports\\Workflow\\New Registration\\20181213_194711\\1544714453424.png, C:\\Users\\Admin\\Desktop\\PKS\\Perkeso Phase A\\Reports\\Workflow\\New Registration\\20181213_194711\\1544714587976.png, C:\\Users\\Admin\\Desktop\\PKS\\Perkeso Phase A\\Reports\\Workflow\\New Registration\\20181213_194711\\1544714622241.png, C:\\Users\\Admin\\Desktop\\PKS\\Perkeso Phase A\\Reports\\Workflow\\New Registration\\20181213_194711\\1544715005705.png, C:\\Users\\Admin\\Desktop\\PKS\\Perkeso Phase A\\Reports\\Workflow\\New Registration\\20181213_194711\\1544715427095.png, C:\\Users\\Admin\\Desktop\\PKS\\Perkeso Phase A\\Reports\\Workflow\\New Registration\\20181213_194711\\1544715467279.png, C:\\Users\\Admin\\Desktop\\PKS\\Perkeso Phase A\\Reports\\Workflow\\New Registration\\20181213_194711\\1544715518121.png, C:\\Users\\Admin\\Desktop\\PKS\\Perkeso Phase A\\Reports\\Workflow\\New Registration\\20181213_194711\\1544715551420.png, C:\\Users\\Admin\\Desktop\\PKS\\Perkeso Phase A\\Reports\\Workflow\\New Registration\\20181213_194711\\1544715584160.png, C:\\Users\\Admin\\Desktop\\PKS\\Perkeso Phase A\\Reports\\Workflow\\New Registration\\20181213_194711\\1544715617500.png, C:\\Users\\Admin\\Desktop\\PKS\\Perkeso Phase A\\Reports\\Workflow\\New Registration\\20181213_194711\\1544715650771.png, C:\\Users\\Admin\\Desktop\\PKS\\Perkeso Phase A\\Reports\\Workflow\\New Registration\\20181213_194711\\1544715685887.png, C:\\Users\\Admin\\Desktop\\PKS\\Perkeso Phase A\\Reports\\Workflow\\New Registration\\20181213_194711\\1544715717232.png, C:\\Users\\Admin\\Desktop\\PKS\\Perkeso Phase A\\Reports\\Workflow\\New Registration\\20181213_194711\\1544715750866.png, C:\\Users\\Admin\\Desktop\\PKS\\Perkeso Phase A\\Reports\\Workflow\\New Registration\\20181213_194711\\1544715785170.png, C:\\Users\\Admin\\Desktop\\PKS\\Perkeso Phase A\\Reports\\Workflow\\New Registration\\20181213_194711\\1544715817959.png, C:\\Users\\Admin\\Desktop\\PKS\\Perkeso Phase A\\Reports\\Workflow\\New Registration\\20181213_194711\\1544715954884.png, C:\\Users\\Admin\\Desktop\\PKS\\Perkeso Phase A\\Reports\\Workflow\\New Registration\\20181213_194711\\1544715989146.png, C:\\Users\\Admin\\Desktop\\PKS\\Perkeso Phase A\\Reports\\Workflow\\New Registration\\20181213_194711\\1544716372152.png, C:\\Users\\Admin\\Desktop\\PKS\\Perkeso Phase A\\Reports\\Workflow\\New Registration\\20181213_194711\\1544716962959.png, C:\\Users\\Admin\\Desktop\\PKS\\Perkeso Phase A\\Reports\\Workflow\\New Registration\\20181213_194711\\1544717003525.png, C:\\Users\\Admin\\Desktop\\PKS\\Perkeso Phase A\\Reports\\Workflow\\New Registration\\20181213_194711\\1544717054765.png, C:\\Users\\Admin\\Desktop\\PKS\\Perkeso Phase A\\Reports\\Workflow\\New Registration\\20181213_194711\\1544717088050.png, C:\\Users\\Admin\\Desktop\\PKS\\Perkeso Phase A\\Reports\\Workflow\\New Registration\\20181213_194711\\1544717120792.png, C:\\Users\\Admin\\Desktop\\PKS\\Perkeso Phase A\\Reports\\Workflow\\New Registration\\20181213_194711\\1544717154084.png, C:\\Users\\Admin\\Desktop\\PKS\\Perkeso Phase A\\Reports\\Workflow\\New Registration\\20181213_194711\\1544717187295.png, C:\\Users\\Admin\\Desktop\\PKS\\Perkeso Phase A\\Reports\\Workflow\\New Registration\\20181213_194711\\1544717220336.png, C:\\Users\\Admin\\Desktop\\PKS\\Perkeso Phase A\\Reports\\Workflow\\New Registration\\20181213_194711\\1544717251650.png, C:\\Users\\Admin\\Desktop\\PKS\\Perkeso Phase A\\Reports\\Workflow\\New Registration\\20181213_194711\\1544717283256.png, C:\\Users\\Admin\\Desktop\\PKS\\Perkeso Phase A\\Reports\\Workflow\\New Registration\\20181213_194711\\1544717317649.png, C:\\Users\\Admin\\Desktop\\PKS\\Perkeso Phase A\\Reports\\Workflow\\New Registration\\20181213_194711\\1544717350450.png, C:\\Users\\Admin\\Desktop\\PKS\\Perkeso Phase A\\Reports\\Workflow\\New Registration\\20181213_194711\\1544717484774.png, C:\\Users\\Admin\\Desktop\\PKS\\Perkeso Phase A\\Reports\\Workflow\\New Registration\\20181213_194711\\1544717518997.png, C:\\Users\\Admin\\Desktop\\PKS\\Perkeso Phase A\\Reports\\Workflow\\New Registration\\20181213_194711\\1544718068807.png, C:\\Users\\Admin\\Desktop\\PKS\\Perkeso Phase A\\Reports\\Workflow\\New Registration\\20181213_194711\\1544718656766.png, C:\\Users\\Admin\\Desktop\\PKS\\Perkeso Phase A\\Reports\\Workflow\\New Registration\\20181213_194711\\1544719343435.png, C:\\Users\\Admin\\Desktop\\PKS\\Perkeso Phase A\\Reports\\Workflow\\New Registration\\20181213_194711\\1544719401594.png, C:\\Users\\Admin\\Desktop\\PKS\\Perkeso Phase A\\Reports\\Workflow\\New Registration\\20181213_194711\\1544719434924.png, C:\\Users\\Admin\\Desktop\\PKS\\Perkeso Phase A\\Reports\\Workflow\\New Registration\\20181213_194711\\1544719467657.png, C:\\Users\\Admin\\Desktop\\PKS\\Perkeso Phase A\\Reports\\Workflow\\New Registration\\20181213_194711\\1544719500903.png, C:\\Users\\Admin\\Desktop\\PKS\\Perkeso Phase A\\Reports\\Workflow\\New Registration\\20181213_194711\\1544719534122.png, C:\\Users\\Admin\\Desktop\\PKS\\Perkeso Phase A\\Reports\\Workflow\\New Registration\\20181213_194711\\1544719567202.png, C:\\Users\\Admin\\Desktop\\PKS\\Perkeso Phase A\\Reports\\Workflow\\New Registration\\20181213_194711\\1544719600559.png, C:\\Users\\Admin\\Desktop\\PKS\\Perkeso Phase A\\Reports\\Workflow\\New Registration\\20181213_194711\\1544719634250.png, C:\\Users\\Admin\\Desktop\\PKS\\Perkeso Phase A\\Reports\\Workflow\\New Registration\\20181213_194711\\1544719670569.png, C:\\Users\\Admin\\Desktop\\PKS\\Perkeso Phase A\\Reports\\Workflow\\New Registration\\20181213_194711\\1544719705416.png, C:\\Users\\Admin\\Desktop\\PKS\\Perkeso Phase A\\Reports\\Workflow\\New Registration\\20181213_194711\\1544719839937.png, C:\\Users\\Admin\\Desktop\\PKS\\Perkeso Phase A\\Reports\\Workflow\\New Registration\\20181213_194711\\1544719874205.png"/>
         <property name="hostName" value="Admin - Win7Test02"/>
         <property name="os" value="Windows 7 64bit"/>
         <property name="katalonVersion" value="5.8.6.1"/>
         <property name="browser" value="Chrome 70.0.3538.110"/>
         <property name="hostAddress" value="10.20.3.72"/>
         <property name="sessionId" value="2fa2c04b9a272ee17e0f7a5b1bf406d1"/>
         <property name="seleniumVersion" value="3.7.1"/>
         <property name="proxyInformation" value="ProxyInformation{proxyOption=NO_PROXY, proxyServerType=HTTP, password=, proxyServerAddress=, proxyServerPort=0}"/>
         <property name="platform" value="Windows 7"/>
      </properties>
      <testcase name="Test Cases/Final Aug 2018 - PKS Automation/Registration Module/Workflow/New Registration/Case OTC to RO - Query - Submit" classname="Test Cases/Final Aug 2018 - PKS Automation/Registration Module/Workflow/New Registration/Case OTC to RO - Query - Submit" status="FAILED">
         <failure type="FAILED" message="(Stack trace: com.kms.katalon.core.exception.StepFailedException: Unable to set text 'CRN12201800123316' of object 'Object Repository/Final Object Repo/New Registration - Registration Module Pages/New Reg - OTC to RO/Special Case - All Related Objects/TextBox RefNo in Workbasket' (Root cause: org.openqa.selenium.ElementNotVisibleException: element not interactable
  (Session info: chrome=70.0.3538.110)
  (Driver info: chromedriver=2.43.600210 (68dcf5eebde37173d4027fa8635e332711d2874a),platform=Windows NT 6.1.7601 SP1 x86_64) (WARNING: The server did not provide any stacktrace information)
Command duration or timeout: 0 milliseconds
Build info: version: '3.7.1', revision: '8a0099a', time: '2017-11-06T21:07:36.161Z'
System info: host: 'WIN7TEST02', ip: '10.20.3.72', os.name: 'Windows 7', os.arch: 'amd64', os.version: '6.1', java.version: '1.8.0_181'
Driver info: com.kms.katalon.selenium.driver.CChromeDriver
Capabilities {acceptInsecureCerts: false, acceptSslCerts: false, applicationCacheEnabled: false, browserConnectionEnabled: false, browserName: chrome, chrome: {chromedriverVersion: 2.43.600210 (68dcf5eebde371..., userDataDir: C:\Users\Admin\AppData\Loca...}, cssSelectorsEnabled: true, databaseEnabled: false, goog:chromeOptions: {debuggerAddress: localhost:61863}, handlesAlerts: true, hasTouchScreen: false, javascriptEnabled: true, locationContextEnabled: true, mobileEmulationEnabled: false, nativeEvents: true, networkConnectionEnabled: false, pageLoadStrategy: normal, platform: XP, platformName: XP, rotatable: false, setWindowRect: true, takesHeapSnapshot: true, takesScreenshot: true, unexpectedAlertBehaviour: , unhandledPromptBehavior: , version: 70.0.3538.110, webStorageEnabled: true}
Session ID: 84adae1666ee874704f0ed7e382c6854)
	at com.kms.katalon.core.keyword.internal.KeywordMain.stepFailed(KeywordMain.groovy:32)
	at com.kms.katalon.core.webui.keyword.internal.WebUIKeywordMain.stepFailed(WebUIKeywordMain.groovy:65)
	at com.kms.katalon.core.webui.keyword.internal.WebUIKeywordMain.runKeyword(WebUIKeywordMain.groovy:27)
	at com.kms.katalon.core.webui.keyword.builtin.SetTextKeyword.setText(SetTextKeyword.groovy:65)
	at com.kms.katalon.core.webui.keyword.builtin.SetTextKeyword.execute(SetTextKeyword.groovy:37)
	at com.kms.katalon.core.keyword.internal.KeywordExecutor.executeKeywordForPlatform(KeywordExecutor.groovy:53)
	at com.kms.katalon.core.webui.keyword.WebUiBuiltInKeywords.setText(WebUiBuiltInKeywords.groovy:950)
	at com.kms.katalon.core.webui.keyword.WebUiBuiltInKeywords$setText$1.call(Unknown Source)
	at org.codehaus.groovy.runtime.callsite.CallSiteArray.defaultCall(CallSiteArray.java:48)
	at org.codehaus.groovy.runtime.callsite.AbstractCallSite.call(AbstractCallSite.java:113)
	at org.codehaus.groovy.runtime.callsite.AbstractCallSite.call(AbstractCallSite.java:133)
	at Script1535599386194.run(Script1535599386194.groovy:73)
	at com.kms.katalon.core.main.ScriptEngine.run(ScriptEngine.java:183)
	at com.kms.katalon.core.main.ScriptEngine.runScriptAsRawText(ScriptEngine.java:108)
	at com.kms.katalon.core.main.TestCaseExecutor.runScript(TestCaseExecutor.java:294)
	at com.kms.katalon.core.main.TestCaseExecutor.doExecute(TestCaseExecutor.java:285)
	at com.kms.katalon.core.main.TestCaseExecutor.processExecutionPhase(TestCaseExecutor.java:264)
	at com.kms.katalon.core.main.TestCaseExecutor.accessMainPhase(TestCaseExecutor.java:256)
	at com.kms.katalon.core.main.TestCaseExecutor.execute(TestCaseExecutor.java:200)
	at com.kms.katalon.core.main.TestSuiteExecutor.accessTestCaseMainPhase(TestSuiteExecutor.java:129)
	at com.kms.katalon.core.main.TestSuiteExecutor.accessTestSuiteMainPhase(TestSuiteExecutor.java:112)
	at com.kms.katalon.core.main.TestSuiteExecutor.execute(TestSuiteExecutor.java:81)
	at com.kms.katalon.core.main.TestCaseMain.startTestSuite(TestCaseMain.java:142)
	at com.kms.katalon.core.main.TestCaseMain$startTestSuite$0.call(Unknown Source)
	at org.codehaus.groovy.runtime.callsite.CallSiteArray.defaultCall(CallSiteArray.java:48)
	at org.codehaus.groovy.runtime.callsite.AbstractCallSite.call(AbstractCallSite.java:113)
	at org.codehaus.groovy.runtime.callsite.AbstractCallSite.call(AbstractCallSite.java:141)
	at TempTestSuite1544701631622.run(TempTestSuite1544701631622.groovy:36)
	at groovy.lang.GroovyShell.runScriptOrMainOrTestOrRunnable(GroovyShell.java:263)
	at groovy.lang.GroovyShell.run(GroovyShell.java:518)
	at groovy.lang.GroovyShell.run(GroovyShell.java:507)
	at groovy.ui.GroovyMain.processOnce(GroovyMain.java:653)
	at groovy.ui.GroovyMain.run(GroovyMain.java:384)
	at groovy.ui.GroovyMain.process(GroovyMain.java:370)
	at groovy.ui.GroovyMain.processArgs(GroovyMain.java:129)
	at groovy.ui.GroovyMain.main(GroovyMain.java:109)
	at sun.reflect.NativeMethodAccessorImpl.invoke0(Native Method)
	at sun.reflect.NativeMethodAccessorImpl.invoke(NativeMethodAccessorImpl.java:62)
	at sun.reflect.DelegatingMethodAccessorImpl.invoke(DelegatingMethodAccessorImpl.java:43)
	at java.lang.reflect.Method.invoke(Method.java:498)
	at org.codehaus.groovy.tools.GroovyStarter.rootLoader(GroovyStarter.java:109)
	at org.codehaus.groovy.tools.GroovyStarter.main(GroovyStarter.java:131)
)"/>
         <system-out><![CDATA[2018-12-13 23:08:19 - [TEST_CASE][FAILED] - Test Cases/Final Aug 2018 - PKS Automation/Registration Module/Workflow/New Registration/Case OTC to RO - Query - Submit: Test Cases/Final Aug 2018 - PKS Automation/Registration Module/Workflow/New Registration/Case OTC to RO - Query - Submit FAILED because (of) (Stack trace: com.kms.katalon.core.exception.StepFailedException: Unable to set text 'CRN12201800123316' of object 'Object Repository/Final Object Repo/New Registration - Registration Module Pages/New Reg - OTC to RO/Special Case - All Related Objects/TextBox RefNo in Workbasket' (Root cause: org.openqa.selenium.ElementNotVisibleException: element not interactable
  (Session info: chrome=70.0.3538.110)
  (Driver info: chromedriver=2.43.600210 (68dcf5eebde37173d4027fa8635e332711d2874a),platform=Windows NT 6.1.7601 SP1 x86_64) (WARNING: The server did not provide any stacktrace information)
Command duration or timeout: 0 milliseconds
Build info: version: '3.7.1', revision: '8a0099a', time: '2017-11-06T21:07:36.161Z'
System info: host: 'WIN7TEST02', ip: '10.20.3.72', os.name: 'Windows 7', os.arch: 'amd64', os.version: '6.1', java.version: '1.8.0_181'
Driver info: com.kms.katalon.selenium.driver.CChromeDriver
Capabilities {acceptInsecureCerts: false, acceptSslCerts: false, applicationCacheEnabled: false, browserConnectionEnabled: false, browserName: chrome, chrome: {chromedriverVersion: 2.43.600210 (68dcf5eebde371..., userDataDir: C:\Users\Admin\AppData\Loca...}, cssSelectorsEnabled: true, databaseEnabled: false, goog:chromeOptions: {debuggerAddress: localhost:61863}, handlesAlerts: true, hasTouchScreen: false, javascriptEnabled: true, locationContextEnabled: true, mobileEmulationEnabled: false, nativeEvents: true, networkConnectionEnabled: false, pageLoadStrategy: normal, platform: XP, platformName: XP, rotatable: false, setWindowRect: true, takesHeapSnapshot: true, takesScreenshot: true, unexpectedAlertBehaviour: , unhandledPromptBehavior: , version: 70.0.3538.110, webStorageEnabled: true}
Session ID: 84adae1666ee874704f0ed7e382c6854)
	at com.kms.katalon.core.keyword.internal.KeywordMain.stepFailed(KeywordMain.groovy:32)
	at com.kms.katalon.core.webui.keyword.internal.WebUIKeywordMain.stepFailed(WebUIKeywordMain.groovy:65)
	at com.kms.katalon.core.webui.keyword.internal.WebUIKeywordMain.runKeyword(WebUIKeywordMain.groovy:27)
	at com.kms.katalon.core.webui.keyword.builtin.SetTextKeyword.setText(SetTextKeyword.groovy:65)
	at com.kms.katalon.core.webui.keyword.builtin.SetTextKeyword.execute(SetTextKeyword.groovy:37)
	at com.kms.katalon.core.keyword.internal.KeywordExecutor.executeKeywordForPlatform(KeywordExecutor.groovy:53)
	at com.kms.katalon.core.webui.keyword.WebUiBuiltInKeywords.setText(WebUiBuiltInKeywords.groovy:950)
	at com.kms.katalon.core.webui.keyword.WebUiBuiltInKeywords$setText$1.call(Unknown Source)
	at org.codehaus.groovy.runtime.callsite.CallSiteArray.defaultCall(CallSiteArray.java:48)
	at org.codehaus.groovy.runtime.callsite.AbstractCallSite.call(AbstractCallSite.java:113)
	at org.codehaus.groovy.runtime.callsite.AbstractCallSite.call(AbstractCallSite.java:133)
	at Script1535599386194.run(Script1535599386194.groovy:73)
	at com.kms.katalon.core.main.ScriptEngine.run(ScriptEngine.java:183)
	at com.kms.katalon.core.main.ScriptEngine.runScriptAsRawText(ScriptEngine.java:108)
	at com.kms.katalon.core.main.TestCaseExecutor.runScript(TestCaseExecutor.java:294)
	at com.kms.katalon.core.main.TestCaseExecutor.doExecute(TestCaseExecutor.java:285)
	at com.kms.katalon.core.main.TestCaseExecutor.processExecutionPhase(TestCaseExecutor.java:264)
	at com.kms.katalon.core.main.TestCaseExecutor.accessMainPhase(TestCaseExecutor.java:256)
	at com.kms.katalon.core.main.TestCaseExecutor.execute(TestCaseExecutor.java:200)
	at com.kms.katalon.core.main.TestSuiteExecutor.accessTestCaseMainPhase(TestSuiteExecutor.java:129)
	at com.kms.katalon.core.main.TestSuiteExecutor.accessTestSuiteMainPhase(TestSuiteExecutor.java:112)
	at com.kms.katalon.core.main.TestSuiteExecutor.execute(TestSuiteExecutor.java:81)
	at com.kms.katalon.core.main.TestCaseMain.startTestSuite(TestCaseMain.java:142)
	at com.kms.katalon.core.main.TestCaseMain$startTestSuite$0.call(Unknown Source)
	at org.codehaus.groovy.runtime.callsite.CallSiteArray.defaultCall(CallSiteArray.java:48)
	at org.codehaus.groovy.runtime.callsite.AbstractCallSite.call(AbstractCallSite.java:113)
	at org.codehaus.groovy.runtime.callsite.AbstractCallSite.call(AbstractCallSite.java:141)
	at TempTestSuite1544701631622.run(TempTestSuite1544701631622.groovy:36)
	at groovy.lang.GroovyShell.runScriptOrMainOrTestOrRunnable(GroovyShell.java:263)
	at groovy.lang.GroovyShell.run(GroovyShell.java:518)
	at groovy.lang.GroovyShell.run(GroovyShell.java:507)
	at groovy.ui.GroovyMain.processOnce(GroovyMain.java:653)
	at groovy.ui.GroovyMain.run(GroovyMain.java:384)
	at groovy.ui.GroovyMain.process(GroovyMain.java:370)
	at groovy.ui.GroovyMain.processArgs(GroovyMain.java:129)
	at groovy.ui.GroovyMain.main(GroovyMain.java:109)
	at sun.reflect.NativeMethodAccessorImpl.invoke0(Native Method)
	at sun.reflect.NativeMethodAccessorImpl.invoke(NativeMethodAccessorImpl.java:62)
	at sun.reflect.DelegatingMethodAccessorImpl.invoke(DelegatingMethodAccessorImpl.java:43)
	at java.lang.reflect.Method.invoke(Method.java:498)
	at org.codehaus.groovy.tools.GroovyStarter.rootLoader(GroovyStarter.java:109)
	at org.codehaus.groovy.tools.GroovyStarter.main(GroovyStarter.java:131)
)

2018-12-13 23:08:20 - [TEST_STEP][PASSED] - callTestCase: Call Test Case 'Test Cases/Final Aug 2018 - PKS Automation/Registration Module/Workflow/New Registration/Template/Special Case - OTC - Form 1' successfully

2018-12-13 23:08:20 - [TEST_CASE][PASSED] - Test Cases/Final Aug 2018 - PKS Automation/Registration Module/Workflow/New Registration/Template/Special Case - OTC - Form 1: Test Cases/Final Aug 2018 - PKS Automation/Registration Module/Workflow/New Registration/Template/Special Case - OTC - Form 1

2018-12-13 23:08:21 - [TEST_STEP][PASSED] - openBrowser: Browser is opened with url: ''

2018-12-13 23:08:26 - [MESSAGE][PASSED] - Browser is opened with url: ''

2018-12-13 23:08:26 - [TEST_STEP][PASSED] - navigateToUrl: Navigate to 'https://assist2-uat.perkeso.gov.my/login' successfully

2018-12-13 23:08:27 - [MESSAGE][PASSED] - Navigate to 'https://assist2-uat.perkeso.gov.my/login' successfully

2018-12-13 23:08:27 - [TEST_STEP][PASSED] - delay: Delayed 2 second(s)

2018-12-13 23:08:29 - [MESSAGE][PASSED] - Delayed 2 second(s)

2018-12-13 23:08:29 - [TEST_STEP][PASSED] - setText: Text 'klotc2@gmail.com' is set on object 'Object Repository/Final Object Repo/Login Page/Internal User/Email Address'

2018-12-13 23:08:30 - [MESSAGE][PASSED] - Text 'klotc2@gmail.com' is set on object 'Object Repository/Final Object Repo/Login Page/Internal User/Email Address'

2018-12-13 23:08:30 - [TEST_STEP][PASSED] - click: Object: 'Object Repository/Final Object Repo/Login Page/Internal User/Next Button' is clicked on

2018-12-13 23:08:30 - [MESSAGE][PASSED] - Object: 'Object Repository/Final Object Repo/Login Page/Internal User/Next Button' is clicked on

2018-12-13 23:08:30 - [TEST_STEP][PASSED] - delay: Delayed 2 second(s)

2018-12-13 23:08:32 - [MESSAGE][PASSED] - Delayed 2 second(s)

2018-12-13 23:08:32 - [TEST_STEP][PASSED] - setText: Text 'Test1@3456789' is set on object 'Object Repository/Final Object Repo/Login Page/Internal User/Password'

2018-12-13 23:08:32 - [MESSAGE][PASSED] - Text 'Test1@3456789' is set on object 'Object Repository/Final Object Repo/Login Page/Internal User/Password'

2018-12-13 23:08:32 - [TEST_STEP][PASSED] - delay: Delayed 2 second(s)

2018-12-13 23:08:34 - [MESSAGE][PASSED] - Delayed 2 second(s)

2018-12-13 23:08:34 - [TEST_STEP][PASSED] - click: Object: 'Object Repository/Final Object Repo/Login Page/Internal User/Login Button' is clicked on

2018-12-13 23:08:34 - [MESSAGE][PASSED] - Object: 'Object Repository/Final Object Repo/Login Page/Internal User/Login Button' is clicked on

2018-12-13 23:08:34 - [TEST_STEP][PASSED] - Statement - Try: null

2018-12-13 23:08:34 - [TEST_STEP][PASSED] - Statement - Checker = com.kms.katalon.core.webui.keyword.WebUiBuiltInKeywords.verifyElementNotPresent("Final Object Repo/Landing Page/Select to English", 3): null

2018-12-13 23:08:34 - [TEST_STEP][PASSED] - Statement - Catch (Exception e): null

2018-12-13 23:08:34 - [TEST_STEP][PASSED] - Statement - e.printStackTrace(): null

2018-12-13 23:08:34 - [TEST_STEP][PASSED] - delay: Delayed 5 second(s)

2018-12-13 23:08:39 - [MESSAGE][PASSED] - Delayed 5 second(s)

2018-12-13 23:08:39 - [TEST_STEP][PASSED] - click: Object: 'Object Repository/Final Object Repo/Landing Page/My Sites Drop Down' is clicked on

2018-12-13 23:08:40 - [MESSAGE][PASSED] - Object: 'Object Repository/Final Object Repo/Landing Page/My Sites Drop Down' is clicked on

2018-12-13 23:08:40 - [TEST_STEP][PASSED] - click: Object: 'Object Repository/Final Object Repo/Landing Page/Select to Registration Module' is clicked on

2018-12-13 23:08:41 - [MESSAGE][PASSED] - Object: 'Object Repository/Final Object Repo/Landing Page/Select to Registration Module' is clicked on

2018-12-13 23:08:41 - [TEST_STEP][PASSED] - click: Object: 'Object Repository/Final Object Repo/Landing Page/Registration Button' is clicked on

2018-12-13 23:08:42 - [MESSAGE][PASSED] - Object: 'Object Repository/Final Object Repo/Landing Page/Registration Button' is clicked on

2018-12-13 23:08:42 - [TEST_STEP][PASSED] - delay: Delayed 2 second(s)

2018-12-13 23:08:44 - [MESSAGE][PASSED] - Delayed 2 second(s)

2018-12-13 23:08:44 - [TEST_STEP][PASSED] - click: Object: 'Object Repository/Final Object Repo/New Registration - Registration Module Pages/New Reg - OTC to RO/Special Case - OTC - Form 1/AEC NO' is clicked on

2018-12-13 23:08:44 - [MESSAGE][PASSED] - Object: 'Object Repository/Final Object Repo/New Registration - Registration Module Pages/New Reg - OTC to RO/Special Case - OTC - Form 1/AEC NO' is clicked on

2018-12-13 23:08:44 - [TEST_STEP][PASSED] - click: Object: 'Object Repository/Final Object Repo/New Registration - Registration Module Pages/New Reg - OTC to RO/Special Case - OTC - Form 1/Business Entity - Please Select' is clicked on

2018-12-13 23:08:45 - [MESSAGE][PASSED] - Object: 'Object Repository/Final Object Repo/New Registration - Registration Module Pages/New Reg - OTC to RO/Special Case - OTC - Form 1/Business Entity - Please Select' is clicked on

2018-12-13 23:08:45 - [TEST_STEP][PASSED] - click: Object: 'Object Repository/Final Object Repo/New Registration - Registration Module Pages/New Reg - OTC to RO/Special Case - OTC - Form 1/Selected - Corporation' is clicked on

2018-12-13 23:08:45 - [MESSAGE][PASSED] - Object: 'Object Repository/Final Object Repo/New Registration - Registration Module Pages/New Reg - OTC to RO/Special Case - OTC - Form 1/Selected - Corporation' is clicked on

2018-12-13 23:08:45 - [TEST_STEP][PASSED] - delay: Delayed 2 second(s)

2018-12-13 23:08:47 - [MESSAGE][PASSED] - Delayed 2 second(s)

2018-12-13 23:08:47 - [TEST_STEP][PASSED] - click: Object: 'Object Repository/Final Object Repo/New Registration - Registration Module Pages/New Reg - OTC to RO/Special Case - OTC - Form 1/Sub Business Entity - Please Select' is clicked on

2018-12-13 23:08:47 - [MESSAGE][PASSED] - Object: 'Object Repository/Final Object Repo/New Registration - Registration Module Pages/New Reg - OTC to RO/Special Case - OTC - Form 1/Sub Business Entity - Please Select' is clicked on

2018-12-13 23:08:47 - [TEST_STEP][PASSED] - delay: Delayed 2 second(s)

2018-12-13 23:08:49 - [MESSAGE][PASSED] - Delayed 2 second(s)

2018-12-13 23:08:49 - [TEST_STEP][PASSED] - click: Object: 'Object Repository/Final Object Repo/New Registration - Registration Module Pages/New Reg - OTC to RO/Special Case - OTC - Form 1/Selected - Sendirian Berhad' is clicked on

2018-12-13 23:08:49 - [MESSAGE][PASSED] - Object: 'Object Repository/Final Object Repo/New Registration - Registration Module Pages/New Reg - OTC to RO/Special Case - OTC - Form 1/Selected - Sendirian Berhad' is clicked on

2018-12-13 23:08:49 - [TEST_STEP][PASSED] - setText: Text 'AUTOMATE001' is set on object 'Object Repository/Final Object Repo/New Registration - Registration Module Pages/New Reg - OTC to RO/Special Case - OTC - Form 1/Input BRN Number'

2018-12-13 23:08:50 - [MESSAGE][PASSED] - Text 'AUTOMATE001' is set on object 'Object Repository/Final Object Repo/New Registration - Registration Module Pages/New Reg - OTC to RO/Special Case - OTC - Form 1/Input BRN Number'

2018-12-13 23:08:50 - [TEST_STEP][PASSED] - delay: Delayed 2 second(s)

2018-12-13 23:08:52 - [MESSAGE][PASSED] - Delayed 2 second(s)

2018-12-13 23:08:52 - [TEST_STEP][PASSED] - click: Object: 'Object Repository/Final Object Repo/New Registration - Registration Module Pages/New Reg - OTC to RO/Special Case - OTC - Form 1/BRN Search' is clicked on

2018-12-13 23:08:52 - [MESSAGE][PASSED] - Object: 'Object Repository/Final Object Repo/New Registration - Registration Module Pages/New Reg - OTC to RO/Special Case - OTC - Form 1/BRN Search' is clicked on

2018-12-13 23:08:52 - [TEST_STEP][PASSED] - delay: Delayed 4 second(s)

2018-12-13 23:08:56 - [MESSAGE][PASSED] - Delayed 4 second(s)

2018-12-13 23:08:56 - [TEST_STEP][PASSED] - click: Object: 'Object Repository/Final Object Repo/New Registration - Registration Module Pages/New Reg - OTC to RO/Special Case - OTC - Form 1/Registered with SSM - After Feb 2017' is clicked on

2018-12-13 23:08:56 - [MESSAGE][PASSED] - Object: 'Object Repository/Final Object Repo/New Registration - Registration Module Pages/New Reg - OTC to RO/Special Case - OTC - Form 1/Registered with SSM - After Feb 2017' is clicked on

2018-12-13 23:08:56 - [TEST_STEP][PASSED] - delay: Delayed 2 second(s)

2018-12-13 23:08:58 - [MESSAGE][PASSED] - Delayed 2 second(s)

2018-12-13 23:08:58 - [TEST_STEP][PASSED] - click: Object: 'Object Repository/Final Object Repo/New Registration - Registration Module Pages/New Reg - OTC to RO/Special Case - OTC - Form 1/Registering As A Branch - No' is clicked on

2018-12-13 23:08:58 - [MESSAGE][PASSED] - Object: 'Object Repository/Final Object Repo/New Registration - Registration Module Pages/New Reg - OTC to RO/Special Case - OTC - Form 1/Registering As A Branch - No' is clicked on

2018-12-13 23:08:58 - [TEST_STEP][PASSED] - click: Object: 'Object Repository/Final Object Repo/New Registration - Registration Module Pages/New Reg - OTC to RO/Special Case - OTC - Form 1/Acknowledgement Ticked' is clicked on

2018-12-13 23:08:58 - [MESSAGE][PASSED] - Object: 'Object Repository/Final Object Repo/New Registration - Registration Module Pages/New Reg - OTC to RO/Special Case - OTC - Form 1/Acknowledgement Ticked' is clicked on

2018-12-13 23:08:58 - [TEST_STEP][PASSED] - click: Object: 'Object Repository/Final Object Repo/New Registration - Registration Module Pages/New Reg - OTC to RO/Special Case - OTC - Form 1/Submit Button' is clicked on

2018-12-13 23:08:59 - [MESSAGE][PASSED] - Object: 'Object Repository/Final Object Repo/New Registration - Registration Module Pages/New Reg - OTC to RO/Special Case - OTC - Form 1/Submit Button' is clicked on

2018-12-13 23:08:59 - [TEST_STEP][PASSED] - delay: Delayed 2 second(s)

2018-12-13 23:09:01 - [MESSAGE][PASSED] - Delayed 2 second(s)

2018-12-13 23:09:01 - [TEST_STEP][PASSED] - click: Object: 'Object Repository/Final Object Repo/New Registration - Registration Module Pages/New Reg - OTC to RO/Special Case - OTC - Form 1/Confirm No Flagging as Branch' is clicked on

2018-12-13 23:09:01 - [MESSAGE][PASSED] - Object: 'Object Repository/Final Object Repo/New Registration - Registration Module Pages/New Reg - OTC to RO/Special Case - OTC - Form 1/Confirm No Flagging as Branch' is clicked on

2018-12-13 23:09:01 - [MESSAGE][PASSED] - Call Test Case 'Test Cases/Final Aug 2018 - PKS Automation/Registration Module/Workflow/New Registration/Template/Special Case - OTC - Form 1' successfully

2018-12-13 23:09:01 - [TEST_STEP][PASSED] - callTestCase: Call Test Case 'Test Cases/Final Aug 2018 - PKS Automation/Registration Module/New Registration/Form 2/Add 1 Eligible' successfully

2018-12-13 23:09:01 - [TEST_CASE][PASSED] - Test Cases/Final Aug 2018 - PKS Automation/Registration Module/New Registration/Form 2/Add 1 Eligible: Test Cases/Final Aug 2018 - PKS Automation/Registration Module/New Registration/Form 2/Add 1 Eligible

2018-12-13 23:09:01 - [TEST_STEP][PASSED] - delay: Delayed 2 second(s)

2018-12-13 23:09:03 - [MESSAGE][PASSED] - Delayed 2 second(s)

2018-12-13 23:09:03 - [TEST_STEP][PASSED] - callTestCase: Call Test Case 'Test Cases/Final Aug 2018 - PKS Automation/Registration Module/New Registration/Form 2/Date Updater' successfully

2018-12-13 23:09:03 - [TEST_CASE][PASSED] - Test Cases/Final Aug 2018 - PKS Automation/Registration Module/New Registration/Form 2/Date Updater: Test Cases/Final Aug 2018 - PKS Automation/Registration Module/New Registration/Form 2/Date Updater

2018-12-13 23:09:04 - [TEST_STEP][PASSED] - Statement - TodayDate = new java.util.Date(): null

2018-12-13 23:09:04 - [TEST_STEP][PASSED] - Statement - CurrentDateNoFilter = new java.text.SimpleDateFormat(): null

2018-12-13 23:09:04 - [TEST_STEP][PASSED] - Statement - CurrentDateNoFilter.applyPattern("MM"): null

2018-12-13 23:09:04 - [TEST_STEP][PASSED] - Statement - monthContainerMatcher = java.lang.Integer.parseInt(CurrentDateNoFilter.format(TodayDate)): null

2018-12-13 23:09:04 - [TEST_STEP][PASSED] - Statement - monthContainerMatcher = monthContainerMatcher - 1: null

2018-12-13 23:09:04 - [TEST_STEP][PASSED] - Statement - CurrentMonth = monthContainerMatcher.toString(): null

2018-12-13 23:09:04 - [TEST_STEP][PASSED] - Statement - CurrentMonth = CurrentMonth: null

2018-12-13 23:09:04 - [TEST_STEP][PASSED] - Statement - CurrentDateNoFilter.applyPattern("yyyy"): null

2018-12-13 23:09:04 - [TEST_STEP][PASSED] - Statement - CurrentYear = CurrentDateNoFilter.format(TodayDate): null

2018-12-13 23:09:04 - [TEST_STEP][PASSED] - Statement - CurrentYear = CurrentYear: null

2018-12-13 23:09:04 - [TEST_STEP][PASSED] - Statement - intCurrentYear = java.lang.Integer.parseInt(CurrentDateNoFilter.format(TodayDate)): null

2018-12-13 23:09:04 - [TEST_STEP][PASSED] - Statement - eighteenYrsAgo = intCurrentYear - 18: null

2018-12-13 23:09:04 - [TEST_STEP][PASSED] - Statement - eighteenYrsBeforeThisYr = eighteenYrsAgo.toString(): null

2018-12-13 23:09:04 - [TEST_STEP][PASSED] - Statement - EighteenYrsBefore = eighteenYrsBeforeThisYr: null

2018-12-13 23:09:04 - [TEST_STEP][PASSED] - Statement - fiftysevenYrsAgo = intCurrentYear - 57: null

2018-12-13 23:09:04 - [TEST_STEP][PASSED] - Statement - fiftysevenYrsBeforeThisYr = fiftysevenYrsAgo.toString(): null

2018-12-13 23:09:04 - [TEST_STEP][PASSED] - Statement - FiftysevenYrsBefore = fiftysevenYrsBeforeThisYr: null

2018-12-13 23:09:04 - [TEST_STEP][PASSED] - Statement - leapYear = false: null

2018-12-13 23:09:04 - [TEST_STEP][PASSED] - Statement - leapYear = intCurrentYear % 4 == 0: null

2018-12-13 23:09:04 - [TEST_STEP][PASSED] - Statement - CurrentDateNoFilter.applyPattern("dd"): null

2018-12-13 23:09:04 - [TEST_STEP][PASSED] - Statement - CurrentDate = CurrentDateNoFilter.format(TodayDate): null

2018-12-13 23:09:04 - [TEST_STEP][PASSED] - Statement - CurrentDate = java.lang.Integer.parseInt(CurrentDate): null

2018-12-13 23:09:04 - [TEST_STEP][PASSED] - Statement - CurrentDate = CurrentDate: null

2018-12-13 23:09:04 - [TEST_STEP][PASSED] - Statement - CurrentDay = java.lang.Integer.parseInt(CurrentDate): null

2018-12-13 23:09:04 - [TEST_STEP][PASSED] - Statement - ConfAdder = <not implemented yet for class: org.codehaus.groovy.ast.expr.EmptyExpression>: null

2018-12-13 23:09:04 - [TEST_STEP][PASSED] - Statement - out.println(CurrentMonth): null

2018-12-13 23:09:04 - [TEST_STEP][PASSED] - Statement - out.println(CurrentDate): null

2018-12-13 23:09:04 - [TEST_STEP][PASSED] - Statement - switch (CurrentDate): null

2018-12-13 23:09:04 - [TEST_STEP][PASSED] - Statement - Default: null

2018-12-13 23:09:04 - [TEST_STEP][PASSED] - Statement - ConfAdder = true: null

2018-12-13 23:09:04 - [TEST_STEP][PASSED] - Statement - Break: null

2018-12-13 23:09:04 - [TEST_STEP][PASSED] - Statement - aDayBefore = <not implemented yet for class: org.codehaus.groovy.ast.expr.EmptyExpression>: null

2018-12-13 23:09:04 - [TEST_STEP][PASSED] - Statement - out.println(ConfAdder): null

2018-12-13 23:09:04 - [TEST_STEP][PASSED] - Statement - If (ConfAdder == true): null

2018-12-13 23:09:04 - [TEST_STEP][PASSED] - Statement - aDayBefore = CurrentDay + 1: null

2018-12-13 23:09:04 - [TEST_STEP][PASSED] - Statement - out.println(aDayBefore): null

2018-12-13 23:09:04 - [TEST_STEP][PASSED] - Statement - If (aDayBefore == 1 && CurrentMonth == 11): null

2018-12-13 23:09:04 - [TEST_STEP][PASSED] - Statement - DayBefore = aDayBefore.toString(): null

2018-12-13 23:09:04 - [TEST_STEP][PASSED] - Statement - OneDayBefore = DayBefore: null

2018-12-13 23:09:04 - [MESSAGE][PASSED] - Call Test Case 'Test Cases/Final Aug 2018 - PKS Automation/Registration Module/New Registration/Form 2/Date Updater' successfully

2018-12-13 23:09:04 - [TEST_STEP][PASSED] - delay: Delayed 1 second(s)

2018-12-13 23:09:05 - [MESSAGE][PASSED] - Delayed 1 second(s)

2018-12-13 23:09:05 - [TEST_STEP][PASSED] - Statement - CaseReferenceNo = com.kms.katalon.core.webui.keyword.WebUiBuiltInKeywords.getText(com.kms.katalon.core.testobject.ObjectRepository.findTestObject(Final Object Repo/New Registration - Registration Module Pages/Form 2/RefNo Acquiring)): Text of object 'Object Repository/Final Object Repo/New Registration - Registration Module Pages/Form 2/RefNo Acquiring' is: 'CRN12201800123316'

2018-12-13 23:09:05 - [MESSAGE][PASSED] - Text of object 'Object Repository/Final Object Repo/New Registration - Registration Module Pages/Form 2/RefNo Acquiring' is: 'CRN12201800123316'

2018-12-13 23:09:05 - [TEST_STEP][PASSED] - delay: Delayed 1 second(s)

2018-12-13 23:09:06 - [MESSAGE][PASSED] - Delayed 1 second(s)

2018-12-13 23:09:06 - [TEST_STEP][PASSED] - click: Object: 'Object Repository/Final Object Repo/New Registration - Registration Module Pages/Form 2/Add Employee Button' is clicked on

2018-12-13 23:09:06 - [MESSAGE][PASSED] - Object: 'Object Repository/Final Object Repo/New Registration - Registration Module Pages/Form 2/Add Employee Button' is clicked on

2018-12-13 23:09:06 - [TEST_STEP][PASSED] - delay: Delayed 1 second(s)

2018-12-13 23:09:07 - [MESSAGE][PASSED] - Delayed 1 second(s)

2018-12-13 23:09:07 - [TEST_STEP][PASSED] - setText: Text '010903091963' is set on object 'Object Repository/Final Object Repo/New Registration - Registration Module Pages/Form 2/NRIC Input'

2018-12-13 23:09:08 - [MESSAGE][PASSED] - Text '010903091963' is set on object 'Object Repository/Final Object Repo/New Registration - Registration Module Pages/Form 2/NRIC Input'

2018-12-13 23:09:08 - [TEST_STEP][PASSED] - click: Object: 'Object Repository/Final Object Repo/New Registration - Registration Module Pages/Form 2/button for search for IC' is clicked on

2018-12-13 23:09:08 - [MESSAGE][PASSED] - Object: 'Object Repository/Final Object Repo/New Registration - Registration Module Pages/Form 2/button for search for IC' is clicked on

2018-12-13 23:09:08 - [TEST_STEP][PASSED] - delay: Delayed 2 second(s)

2018-12-13 23:09:10 - [MESSAGE][PASSED] - Delayed 2 second(s)

2018-12-13 23:09:10 - [TEST_STEP][PASSED] - setText: Text 'Automate001 eligible 1' is set on object 'Object Repository/Final Object Repo/New Registration - Registration Module Pages/Form 2/Employee Name Input'

2018-12-13 23:09:10 - [MESSAGE][PASSED] - Text 'Automate001 eligible 1' is set on object 'Object Repository/Final Object Repo/New Registration - Registration Module Pages/Form 2/Employee Name Input'

2018-12-13 23:09:10 - [TEST_STEP][PASSED] - delay: Delayed 2 second(s)

2018-12-13 23:09:12 - [MESSAGE][PASSED] - Delayed 2 second(s)

2018-12-13 23:09:12 - [TEST_STEP][PASSED] - click: Object: 'Object Repository/Final Object Repo/New Registration - Registration Module Pages/Form 2/DatePicker Pop Up' is clicked on

2018-12-13 23:09:13 - [MESSAGE][PASSED] - Object: 'Object Repository/Final Object Repo/New Registration - Registration Module Pages/Form 2/DatePicker Pop Up' is clicked on

2018-12-13 23:09:13 - [TEST_STEP][PASSED] - click: Object: 'Object Repository/Final Object Repo/New Registration - Registration Module Pages/Form 2/DOB Month' is clicked on

2018-12-13 23:09:13 - [MESSAGE][PASSED] - Object: 'Object Repository/Final Object Repo/New Registration - Registration Module Pages/Form 2/DOB Month' is clicked on

2018-12-13 23:09:13 - [TEST_STEP][PASSED] - Statement - CurrentMonth = CurrentMonth: null

2018-12-13 23:09:13 - [TEST_STEP][PASSED] - Statement - selectMonth = new com.kms.katalon.core.testobject.TestObject(): null

2018-12-13 23:09:13 - [TEST_STEP][PASSED] - Statement - selectMonth.addProperty("xpath", EQUALS, "//body/div/div/div/select/option[@value='" + CurrentMonth + "']", true): null

2018-12-13 23:09:13 - [TEST_STEP][PASSED] - click: Object: '' is clicked on

2018-12-13 23:09:13 - [MESSAGE][PASSED] - Object: '' is clicked on

2018-12-13 23:09:13 - [TEST_STEP][PASSED] - click: Object: 'Object Repository/Final Object Repo/New Registration - Registration Module Pages/Form 2/DOB Year' is clicked on

2018-12-13 23:09:13 - [MESSAGE][PASSED] - Object: 'Object Repository/Final Object Repo/New Registration - Registration Module Pages/Form 2/DOB Year' is clicked on

2018-12-13 23:09:13 - [TEST_STEP][PASSED] - Statement - Eyearsbf = EighteenYrsBefore: null

2018-12-13 23:09:13 - [TEST_STEP][PASSED] - Statement - selectYear = new com.kms.katalon.core.testobject.TestObject(): null

2018-12-13 23:09:13 - [TEST_STEP][PASSED] - Statement - selectYear.addProperty("xpath", EQUALS, "//div/div/div/select/option[@value='" + Eyearsbf + "']", true): null

2018-12-13 23:09:13 - [TEST_STEP][PASSED] - click: Object: '' is clicked on

2018-12-13 23:09:13 - [MESSAGE][PASSED] - Object: '' is clicked on

2018-12-13 23:09:13 - [TEST_STEP][PASSED] - Statement - UpdatedSelectDate = com.kms.katalon.core.webui.keyword.WebUiBuiltInKeywords.modifyObjectProperty(com.kms.katalon.core.testobject.ObjectRepository.findTestObject(Final Object Repo/New Registration - Registration Module Pages/Form 2/DOB Date), "xpath", "equals", "//body/div/table/tbody/tr/td/a[text()="" + CurrentDate + ""]", true): Modify property of object successfully

2018-12-13 23:09:13 - [MESSAGE][PASSED] - Modify property of object successfully

2018-12-13 23:09:13 - [TEST_STEP][PASSED] - delay: Delayed 3 second(s)

2018-12-13 23:09:16 - [MESSAGE][PASSED] - Delayed 3 second(s)

2018-12-13 23:09:16 - [TEST_STEP][PASSED] - click: Object: 'Object Repository/Final Object Repo/New Registration - Registration Module Pages/Form 2/DOB Date' is clicked on

2018-12-13 23:09:16 - [MESSAGE][PASSED] - Object: 'Object Repository/Final Object Repo/New Registration - Registration Module Pages/Form 2/DOB Date' is clicked on

2018-12-13 23:09:16 - [TEST_STEP][PASSED] - delay: Delayed 2 second(s)

2018-12-13 23:09:18 - [MESSAGE][PASSED] - Delayed 2 second(s)

2018-12-13 23:09:18 - [TEST_STEP][PASSED] - click: Object: 'Object Repository/Final Object Repo/New Registration - Registration Module Pages/Form 2/EmploymentStartDate Pop Up' is clicked on

2018-12-13 23:09:19 - [MESSAGE][PASSED] - Object: 'Object Repository/Final Object Repo/New Registration - Registration Module Pages/Form 2/EmploymentStartDate Pop Up' is clicked on

2018-12-13 23:09:19 - [TEST_STEP][PASSED] - delay: Delayed 2 second(s)

2018-12-13 23:09:21 - [MESSAGE][PASSED] - Delayed 2 second(s)

2018-12-13 23:09:21 - [TEST_STEP][PASSED] - click: Object: 'Object Repository/Final Object Repo/New Registration - Registration Module Pages/Form 2/Socso Employment StartDate Month' is clicked on

2018-12-13 23:09:21 - [MESSAGE][PASSED] - Object: 'Object Repository/Final Object Repo/New Registration - Registration Module Pages/Form 2/Socso Employment StartDate Month' is clicked on

2018-12-13 23:09:21 - [TEST_STEP][PASSED] - delay: Delayed 1 second(s)

2018-12-13 23:09:22 - [MESSAGE][PASSED] - Delayed 1 second(s)

2018-12-13 23:09:22 - [TEST_STEP][PASSED] - click: Object: 'Object Repository/Final Object Repo/New Registration - Registration Module Pages/Form 2/Select Socso Employement Startdate Month' is clicked on

2018-12-13 23:09:22 - [MESSAGE][PASSED] - Object: 'Object Repository/Final Object Repo/New Registration - Registration Module Pages/Form 2/Select Socso Employement Startdate Month' is clicked on

2018-12-13 23:09:22 - [TEST_STEP][PASSED] - delay: Delayed 2 second(s)

2018-12-13 23:09:24 - [MESSAGE][PASSED] - Delayed 2 second(s)

2018-12-13 23:09:24 - [TEST_STEP][PASSED] - click: Object: 'Object Repository/Final Object Repo/New Registration - Registration Module Pages/Form 2/Socso Employment StartDate Year' is clicked on

2018-12-13 23:09:24 - [MESSAGE][PASSED] - Object: 'Object Repository/Final Object Repo/New Registration - Registration Module Pages/Form 2/Socso Employment StartDate Year' is clicked on

2018-12-13 23:09:24 - [TEST_STEP][PASSED] - delay: Delayed 1 second(s)

2018-12-13 23:09:25 - [MESSAGE][PASSED] - Delayed 1 second(s)

2018-12-13 23:09:25 - [TEST_STEP][PASSED] - click: Object: 'Object Repository/Final Object Repo/New Registration - Registration Module Pages/Form 2/Select Socso Employment Startdate Year' is clicked on

2018-12-13 23:09:25 - [MESSAGE][PASSED] - Object: 'Object Repository/Final Object Repo/New Registration - Registration Module Pages/Form 2/Select Socso Employment Startdate Year' is clicked on

2018-12-13 23:09:25 - [TEST_STEP][PASSED] - delay: Delayed 2 second(s)

2018-12-13 23:09:27 - [MESSAGE][PASSED] - Delayed 2 second(s)

2018-12-13 23:09:27 - [TEST_STEP][PASSED] - click: Object: 'Object Repository/Final Object Repo/New Registration - Registration Module Pages/Form 2/Socso Employment Start Date Day' is clicked on

2018-12-13 23:09:27 - [MESSAGE][PASSED] - Object: 'Object Repository/Final Object Repo/New Registration - Registration Module Pages/Form 2/Socso Employment Start Date Day' is clicked on

2018-12-13 23:09:27 - [TEST_STEP][PASSED] - delay: Delayed 2 second(s)

2018-12-13 23:09:29 - [MESSAGE][PASSED] - Delayed 2 second(s)

2018-12-13 23:09:29 - [TEST_STEP][PASSED] - click: Object: 'Object Repository/Final Object Repo/New Registration - Registration Module Pages/Form 2/Save Button for Add Employee' is clicked on

2018-12-13 23:09:30 - [MESSAGE][PASSED] - Object: 'Object Repository/Final Object Repo/New Registration - Registration Module Pages/Form 2/Save Button for Add Employee' is clicked on

2018-12-13 23:09:30 - [TEST_STEP][PASSED] - delay: Delayed 6 second(s)

2018-12-13 23:09:36 - [MESSAGE][PASSED] - Delayed 6 second(s)

2018-12-13 23:09:36 - [TEST_STEP][PASSED] - click: Object: 'Object Repository/Final Object Repo/New Registration - Registration Module Pages/Form 2/Save and Continue Form 2' is clicked on

2018-12-13 23:09:36 - [MESSAGE][PASSED] - Object: 'Object Repository/Final Object Repo/New Registration - Registration Module Pages/Form 2/Save and Continue Form 2' is clicked on

2018-12-13 23:09:36 - [MESSAGE][PASSED] - Call Test Case 'Test Cases/Final Aug 2018 - PKS Automation/Registration Module/New Registration/Form 2/Add 1 Eligible' successfully

2018-12-13 23:09:36 - [TEST_STEP][PASSED] - callTestCase: Call Test Case 'Test Cases/Final Aug 2018 - PKS Automation/Registration Module/New Registration/Flow of New Registration/Third Screen - Upload Supporting Doc - Preview' successfully

2018-12-13 23:09:36 - [TEST_CASE][PASSED] - Test Cases/Final Aug 2018 - PKS Automation/Registration Module/New Registration/Flow of New Registration/Third Screen - Upload Supporting Doc - Preview: Test Cases/Final Aug 2018 - PKS Automation/Registration Module/New Registration/Flow of New Registration/Third Screen - Upload Supporting Doc - Preview

2018-12-13 23:09:36 - [TEST_STEP][PASSED] - waitForPageLoad: Wait for page load successfully

2018-12-13 23:09:37 - [MESSAGE][PASSED] - Wait for page load successfully

2018-12-13 23:09:37 - [TEST_STEP][PASSED] - Statement - CaseReferenceNo = com.kms.katalon.core.webui.keyword.WebUiBuiltInKeywords.getText(com.kms.katalon.core.testobject.ObjectRepository.findTestObject(Final Object Repo/New Registration - Registration Module Pages/Third Screen - Upload Supporting Doc- Preview/RefNo Acquiring)): Text of object 'Object Repository/Final Object Repo/New Registration - Registration Module Pages/Third Screen - Upload Supporting Doc- Preview/RefNo Acquiring' is: 'CRN12201800123316'

2018-12-13 23:09:37 - [MESSAGE][PASSED] - Text of object 'Object Repository/Final Object Repo/New Registration - Registration Module Pages/Third Screen - Upload Supporting Doc- Preview/RefNo Acquiring' is: 'CRN12201800123316'

2018-12-13 23:09:37 - [TEST_STEP][PASSED] - delay: Delayed 2 second(s)

2018-12-13 23:09:39 - [MESSAGE][PASSED] - Delayed 2 second(s)

2018-12-13 23:09:39 - [TEST_STEP][PASSED] - callTestCase: Call Test Case 'Test Cases/Final Aug 2018 - PKS Automation/Common/Reference Number Setter' successfully

2018-12-13 23:09:39 - [TEST_CASE][PASSED] - Test Cases/Final Aug 2018 - PKS Automation/Common/Reference Number Setter: Test Cases/Final Aug 2018 - PKS Automation/Common/Reference Number Setter

2018-12-13 23:09:39 - [TEST_STEP][PASSED] - Statement - RefNoOldFile = new java.io.File(C://Users//Admin//Desktop//PKS//Automation Reference Point//KatalonReference.txt): null

2018-12-13 23:09:39 - [TEST_STEP][PASSED] - Statement - RefNoOldFile.delete(): null

2018-12-13 23:09:39 - [TEST_STEP][PASSED] - delay: Delayed 5 second(s)

2018-12-13 23:09:44 - [MESSAGE][PASSED] - Delayed 5 second(s)

2018-12-13 23:09:44 - [TEST_STEP][PASSED] - Statement - RefNo = new java.io.File(C://Users//Admin//Desktop//PKS//Automation Reference Point//KatalonReference.txt): null

2018-12-13 23:09:44 - [TEST_STEP][PASSED] - Statement - f2 = new java.io.FileWriter(RefNo, false): null

2018-12-13 23:09:44 - [TEST_STEP][PASSED] - Statement - f2.write(CaseReferenceNo): null

2018-12-13 23:09:44 - [TEST_STEP][PASSED] - Statement - f2.close(): null

2018-12-13 23:09:44 - [TEST_STEP][PASSED] - Statement - out.println("


" + CaseReferenceNo + "


"): null

2018-12-13 23:09:44 - [MESSAGE][PASSED] - Call Test Case 'Test Cases/Final Aug 2018 - PKS Automation/Common/Reference Number Setter' successfully

2018-12-13 23:09:44 - [TEST_STEP][PASSED] - waitForElementClickable: Object 'Object Repository/Final Object Repo/New Registration - Registration Module Pages/Third Screen - Upload Supporting Doc- Preview/Save n Continue in SIP Employee Listing Page' is clickable

2018-12-13 23:09:44 - [MESSAGE][PASSED] - Object 'Object Repository/Final Object Repo/New Registration - Registration Module Pages/Third Screen - Upload Supporting Doc- Preview/Save n Continue in SIP Employee Listing Page' is clickable

2018-12-13 23:09:44 - [TEST_STEP][PASSED] - click: Object: 'Object Repository/Final Object Repo/New Registration - Registration Module Pages/Third Screen - Upload Supporting Doc- Preview/Save n Continue in SIP Employee Listing Page' is clicked on

2018-12-13 23:09:50 - [MESSAGE][PASSED] - Object: 'Object Repository/Final Object Repo/New Registration - Registration Module Pages/Third Screen - Upload Supporting Doc- Preview/Save n Continue in SIP Employee Listing Page' is clicked on

2018-12-13 23:09:50 - [TEST_STEP][PASSED] - delay: Delayed 7 second(s)

2018-12-13 23:09:57 - [MESSAGE][PASSED] - Delayed 7 second(s)

2018-12-13 23:09:57 - [TEST_STEP][PASSED] - click: Object: 'Object Repository/Final Object Repo/New Registration - Registration Module Pages/Third Screen - Upload Supporting Doc- Preview/Add Document Button' is clicked on

2018-12-13 23:09:57 - [MESSAGE][PASSED] - Object: 'Object Repository/Final Object Repo/New Registration - Registration Module Pages/Third Screen - Upload Supporting Doc- Preview/Add Document Button' is clicked on

2018-12-13 23:09:57 - [TEST_STEP][PASSED] - delay: Delayed 30 second(s)

2018-12-13 23:10:27 - [MESSAGE][PASSED] - Delayed 30 second(s)

2018-12-13 23:10:27 - [TEST_STEP][PASSED] - click: Object: 'Object Repository/Final Object Repo/New Registration - Registration Module Pages/Third Screen - Upload Supporting Doc- Preview/Supporting Doc Please Select Drop Down' is clicked on

2018-12-13 23:10:27 - [MESSAGE][PASSED] - Object: 'Object Repository/Final Object Repo/New Registration - Registration Module Pages/Third Screen - Upload Supporting Doc- Preview/Supporting Doc Please Select Drop Down' is clicked on

2018-12-13 23:10:27 - [TEST_STEP][PASSED] - delay: Delayed 2 second(s)

2018-12-13 23:10:29 - [MESSAGE][PASSED] - Delayed 2 second(s)

2018-12-13 23:10:29 - [TEST_STEP][PASSED] - click: Object: 'Object Repository/Final Object Repo/New Registration - Registration Module Pages/Third Screen - Upload Supporting Doc- Preview/Select to Upload Form 1' is clicked on

2018-12-13 23:10:29 - [MESSAGE][PASSED] - Object: 'Object Repository/Final Object Repo/New Registration - Registration Module Pages/Third Screen - Upload Supporting Doc- Preview/Select to Upload Form 1' is clicked on

2018-12-13 23:10:29 - [TEST_STEP][PASSED] - delay: Delayed 2 second(s)

2018-12-13 23:10:31 - [MESSAGE][PASSED] - Delayed 2 second(s)

2018-12-13 23:10:31 - [TEST_STEP][PASSED] - uploadFile: File 'C:\Users\Public\Pictures\Sample Pictures\Koala.jpg' sent to object: 'Object Repository/Final Object Repo/New Registration - Registration Module Pages/Third Screen - Upload Supporting Doc- Preview/Upload File Adding'

2018-12-13 23:10:31 - [MESSAGE][PASSED] - File 'C:\Users\Public\Pictures\Sample Pictures\Koala.jpg' sent to object: 'Object Repository/Final Object Repo/New Registration - Registration Module Pages/Third Screen - Upload Supporting Doc- Preview/Upload File Adding'

2018-12-13 23:10:31 - [TEST_STEP][PASSED] - delay: Delayed 5 second(s)

2018-12-13 23:10:36 - [MESSAGE][PASSED] - Delayed 5 second(s)

2018-12-13 23:10:36 - [TEST_STEP][PASSED] - click: Object: 'Object Repository/Final Object Repo/New Registration - Registration Module Pages/Third Screen - Upload Supporting Doc- Preview/Inner Form Add Document Button' is clicked on

2018-12-13 23:10:37 - [MESSAGE][PASSED] - Object: 'Object Repository/Final Object Repo/New Registration - Registration Module Pages/Third Screen - Upload Supporting Doc- Preview/Inner Form Add Document Button' is clicked on

2018-12-13 23:10:37 - [TEST_STEP][PASSED] - delay: Delayed 3 second(s)

2018-12-13 23:10:40 - [MESSAGE][PASSED] - Delayed 3 second(s)

2018-12-13 23:10:40 - [TEST_STEP][PASSED] - click: Object: 'Object Repository/Final Object Repo/New Registration - Registration Module Pages/Third Screen - Upload Supporting Doc- Preview/Add Document Button' is clicked on

2018-12-13 23:10:41 - [MESSAGE][PASSED] - Object: 'Object Repository/Final Object Repo/New Registration - Registration Module Pages/Third Screen - Upload Supporting Doc- Preview/Add Document Button' is clicked on

2018-12-13 23:10:41 - [TEST_STEP][PASSED] - delay: Delayed 30 second(s)

2018-12-13 23:11:11 - [MESSAGE][PASSED] - Delayed 30 second(s)

2018-12-13 23:11:11 - [TEST_STEP][PASSED] - click: Object: 'Object Repository/Final Object Repo/New Registration - Registration Module Pages/Third Screen - Upload Supporting Doc- Preview/Supporting Doc Please Select Drop Down' is clicked on

2018-12-13 23:11:11 - [MESSAGE][PASSED] - Object: 'Object Repository/Final Object Repo/New Registration - Registration Module Pages/Third Screen - Upload Supporting Doc- Preview/Supporting Doc Please Select Drop Down' is clicked on

2018-12-13 23:11:11 - [TEST_STEP][PASSED] - delay: Delayed 4 second(s)

2018-12-13 23:11:15 - [MESSAGE][PASSED] - Delayed 4 second(s)

2018-12-13 23:11:15 - [TEST_STEP][PASSED] - click: Object: 'Object Repository/Final Object Repo/New Registration - Registration Module Pages/Third Screen - Upload Supporting Doc- Preview/Select to Upload Form 2' is clicked on

2018-12-13 23:11:15 - [MESSAGE][PASSED] - Object: 'Object Repository/Final Object Repo/New Registration - Registration Module Pages/Third Screen - Upload Supporting Doc- Preview/Select to Upload Form 2' is clicked on

2018-12-13 23:11:15 - [TEST_STEP][PASSED] - delay: Delayed 2 second(s)

2018-12-13 23:11:17 - [MESSAGE][PASSED] - Delayed 2 second(s)

2018-12-13 23:11:17 - [TEST_STEP][PASSED] - uploadFile: File 'C:\Users\Public\Pictures\Sample Pictures\Koala.jpg' sent to object: 'Object Repository/Final Object Repo/New Registration - Registration Module Pages/Third Screen - Upload Supporting Doc- Preview/Upload File Adding'

2018-12-13 23:11:17 - [MESSAGE][PASSED] - File 'C:\Users\Public\Pictures\Sample Pictures\Koala.jpg' sent to object: 'Object Repository/Final Object Repo/New Registration - Registration Module Pages/Third Screen - Upload Supporting Doc- Preview/Upload File Adding'

2018-12-13 23:11:17 - [TEST_STEP][PASSED] - click: Object: 'Object Repository/Final Object Repo/New Registration - Registration Module Pages/Third Screen - Upload Supporting Doc- Preview/Inner Form Add Document Button' is clicked on

2018-12-13 23:11:17 - [MESSAGE][PASSED] - Object: 'Object Repository/Final Object Repo/New Registration - Registration Module Pages/Third Screen - Upload Supporting Doc- Preview/Inner Form Add Document Button' is clicked on

2018-12-13 23:11:17 - [TEST_STEP][PASSED] - delay: Delayed 5 second(s)

2018-12-13 23:11:22 - [MESSAGE][PASSED] - Delayed 5 second(s)

2018-12-13 23:11:22 - [TEST_STEP][PASSED] - click: Object: 'Object Repository/Final Object Repo/New Registration - Registration Module Pages/Third Screen - Upload Supporting Doc- Preview/Add Document Button' is clicked on

2018-12-13 23:11:23 - [MESSAGE][PASSED] - Object: 'Object Repository/Final Object Repo/New Registration - Registration Module Pages/Third Screen - Upload Supporting Doc- Preview/Add Document Button' is clicked on

2018-12-13 23:11:23 - [TEST_STEP][PASSED] - delay: Delayed 30 second(s)

2018-12-13 23:11:53 - [MESSAGE][PASSED] - Delayed 30 second(s)

2018-12-13 23:11:53 - [TEST_STEP][PASSED] - click: Object: 'Object Repository/Final Object Repo/New Registration - Registration Module Pages/Third Screen - Upload Supporting Doc- Preview/Supporting Doc Please Select Drop Down' is clicked on

2018-12-13 23:11:53 - [MESSAGE][PASSED] - Object: 'Object Repository/Final Object Repo/New Registration - Registration Module Pages/Third Screen - Upload Supporting Doc- Preview/Supporting Doc Please Select Drop Down' is clicked on

2018-12-13 23:11:53 - [TEST_STEP][PASSED] - click: Object: 'Object Repository/Final Object Repo/New Registration - Registration Module Pages/Third Screen - Upload Supporting Doc- Preview/Select to Upload Borang SIP 1' is clicked on

2018-12-13 23:11:53 - [MESSAGE][PASSED] - Object: 'Object Repository/Final Object Repo/New Registration - Registration Module Pages/Third Screen - Upload Supporting Doc- Preview/Select to Upload Borang SIP 1' is clicked on

2018-12-13 23:11:53 - [TEST_STEP][PASSED] - delay: Delayed 2 second(s)

2018-12-13 23:11:55 - [MESSAGE][PASSED] - Delayed 2 second(s)

2018-12-13 23:11:55 - [TEST_STEP][PASSED] - uploadFile: File 'C:\Users\Public\Pictures\Sample Pictures\Koala.jpg' sent to object: 'Object Repository/Final Object Repo/New Registration - Registration Module Pages/Third Screen - Upload Supporting Doc- Preview/Upload File Adding'

2018-12-13 23:11:55 - [MESSAGE][PASSED] - File 'C:\Users\Public\Pictures\Sample Pictures\Koala.jpg' sent to object: 'Object Repository/Final Object Repo/New Registration - Registration Module Pages/Third Screen - Upload Supporting Doc- Preview/Upload File Adding'

2018-12-13 23:11:55 - [TEST_STEP][PASSED] - click: Object: 'Object Repository/Final Object Repo/New Registration - Registration Module Pages/Third Screen - Upload Supporting Doc- Preview/Inner Form Add Document Button' is clicked on

2018-12-13 23:11:55 - [MESSAGE][PASSED] - Object: 'Object Repository/Final Object Repo/New Registration - Registration Module Pages/Third Screen - Upload Supporting Doc- Preview/Inner Form Add Document Button' is clicked on

2018-12-13 23:11:55 - [TEST_STEP][PASSED] - delay: Delayed 5 second(s)

2018-12-13 23:12:00 - [MESSAGE][PASSED] - Delayed 5 second(s)

2018-12-13 23:12:00 - [TEST_STEP][PASSED] - click: Object: 'Object Repository/Final Object Repo/New Registration - Registration Module Pages/Third Screen - Upload Supporting Doc- Preview/Add Document Button' is clicked on

2018-12-13 23:12:00 - [MESSAGE][PASSED] - Object: 'Object Repository/Final Object Repo/New Registration - Registration Module Pages/Third Screen - Upload Supporting Doc- Preview/Add Document Button' is clicked on

2018-12-13 23:12:00 - [TEST_STEP][PASSED] - delay: Delayed 30 second(s)

2018-12-13 23:12:30 - [MESSAGE][PASSED] - Delayed 30 second(s)

2018-12-13 23:12:30 - [TEST_STEP][PASSED] - click: Object: 'Object Repository/Final Object Repo/New Registration - Registration Module Pages/Third Screen - Upload Supporting Doc- Preview/Supporting Doc Please Select Drop Down' is clicked on

2018-12-13 23:12:31 - [MESSAGE][PASSED] - Object: 'Object Repository/Final Object Repo/New Registration - Registration Module Pages/Third Screen - Upload Supporting Doc- Preview/Supporting Doc Please Select Drop Down' is clicked on

2018-12-13 23:12:31 - [TEST_STEP][PASSED] - delay: Delayed 3 second(s)

2018-12-13 23:12:34 - [MESSAGE][PASSED] - Delayed 3 second(s)

2018-12-13 23:12:34 - [TEST_STEP][PASSED] - click: Object: 'Object Repository/Final Object Repo/New Registration - Registration Module Pages/Third Screen - Upload Supporting Doc- Preview/Select to Upload Borang SIP 2' is clicked on

2018-12-13 23:12:34 - [MESSAGE][PASSED] - Object: 'Object Repository/Final Object Repo/New Registration - Registration Module Pages/Third Screen - Upload Supporting Doc- Preview/Select to Upload Borang SIP 2' is clicked on

2018-12-13 23:12:34 - [TEST_STEP][PASSED] - delay: Delayed 2 second(s)

2018-12-13 23:12:36 - [MESSAGE][PASSED] - Delayed 2 second(s)

2018-12-13 23:12:36 - [TEST_STEP][PASSED] - uploadFile: File 'C:\Users\Public\Pictures\Sample Pictures\Koala.jpg' sent to object: 'Object Repository/Final Object Repo/New Registration - Registration Module Pages/Third Screen - Upload Supporting Doc- Preview/Upload File Adding'

2018-12-13 23:12:36 - [MESSAGE][PASSED] - File 'C:\Users\Public\Pictures\Sample Pictures\Koala.jpg' sent to object: 'Object Repository/Final Object Repo/New Registration - Registration Module Pages/Third Screen - Upload Supporting Doc- Preview/Upload File Adding'

2018-12-13 23:12:36 - [TEST_STEP][PASSED] - delay: Delayed 5 second(s)

2018-12-13 23:12:41 - [MESSAGE][PASSED] - Delayed 5 second(s)

2018-12-13 23:12:41 - [TEST_STEP][PASSED] - click: Object: 'Object Repository/Final Object Repo/New Registration - Registration Module Pages/Third Screen - Upload Supporting Doc- Preview/Inner Form Add Document Button' is clicked on

2018-12-13 23:12:41 - [MESSAGE][PASSED] - Object: 'Object Repository/Final Object Repo/New Registration - Registration Module Pages/Third Screen - Upload Supporting Doc- Preview/Inner Form Add Document Button' is clicked on

2018-12-13 23:12:41 - [TEST_STEP][PASSED] - delay: Delayed 3 second(s)

2018-12-13 23:12:44 - [MESSAGE][PASSED] - Delayed 3 second(s)

2018-12-13 23:12:44 - [TEST_STEP][PASSED] - waitForElementClickable: Object 'Object Repository/Final Object Repo/New Registration - Registration Module Pages/Third Screen - Upload Supporting Doc- Preview/Save n Continue in Uploading Supporting Doc Page' is clickable

2018-12-13 23:12:45 - [MESSAGE][PASSED] - Object 'Object Repository/Final Object Repo/New Registration - Registration Module Pages/Third Screen - Upload Supporting Doc- Preview/Save n Continue in Uploading Supporting Doc Page' is clickable

2018-12-13 23:12:45 - [TEST_STEP][PASSED] - click: Object: 'Object Repository/Final Object Repo/New Registration - Registration Module Pages/Third Screen - Upload Supporting Doc- Preview/Save n Continue in Uploading Supporting Doc Page' is clicked on

2018-12-13 23:12:45 - [MESSAGE][PASSED] - Object: 'Object Repository/Final Object Repo/New Registration - Registration Module Pages/Third Screen - Upload Supporting Doc- Preview/Save n Continue in Uploading Supporting Doc Page' is clicked on

2018-12-13 23:12:45 - [MESSAGE][PASSED] - Call Test Case 'Test Cases/Final Aug 2018 - PKS Automation/Registration Module/New Registration/Flow of New Registration/Third Screen - Upload Supporting Doc - Preview' successfully

2018-12-13 23:12:45 - [TEST_STEP][PASSED] - callTestCase: Call Test Case 'Test Cases/Final Aug 2018 - PKS Automation/Registration Module/New Registration/Submit and Screenshot/Submit Registration and Screenshot' successfully

2018-12-13 23:12:45 - [TEST_CASE][PASSED] - Test Cases/Final Aug 2018 - PKS Automation/Registration Module/New Registration/Submit and Screenshot/Submit Registration and Screenshot: Test Cases/Final Aug 2018 - PKS Automation/Registration Module/New Registration/Submit and Screenshot/Submit Registration and Screenshot

2018-12-13 23:12:46 - [TEST_STEP][PASSED] - delay: Delayed 6 second(s)

2018-12-13 23:12:52 - [MESSAGE][PASSED] - Delayed 6 second(s)

2018-12-13 23:12:52 - [TEST_STEP][PASSED] - click: Object: 'Object Repository/Final Object Repo/New Registration - Registration Module Pages/Third Screen - Upload Supporting Doc- Preview/Preview Submit Button' is clicked on

2018-12-13 23:12:52 - [MESSAGE][PASSED] - Object: 'Object Repository/Final Object Repo/New Registration - Registration Module Pages/Third Screen - Upload Supporting Doc- Preview/Preview Submit Button' is clicked on

2018-12-13 23:12:52 - [TEST_STEP][PASSED] - delay: Delayed 2 second(s)

2018-12-13 23:12:54 - [MESSAGE][PASSED] - Delayed 2 second(s)

2018-12-13 23:12:54 - [TEST_STEP][PASSED] - click: Object: 'Object Repository/Final Object Repo/New Registration - Registration Module Pages/Third Screen - Upload Supporting Doc- Preview/Preview Submit - Confirm' is clicked on

2018-12-13 23:12:54 - [MESSAGE][PASSED] - Object: 'Object Repository/Final Object Repo/New Registration - Registration Module Pages/Third Screen - Upload Supporting Doc- Preview/Preview Submit - Confirm' is clicked on

2018-12-13 23:12:54 - [TEST_STEP][PASSED] - delay: Delayed 15 second(s)

2018-12-13 23:13:09 - [MESSAGE][PASSED] - Delayed 15 second(s)

2018-12-13 23:13:09 - [TEST_STEP][PASSED] - Statement - driver = com.kms.katalon.core.webui.driver.DriverFactory.getWebDriver(): null

2018-12-13 23:13:09 - [TEST_STEP][PASSED] - Statement - driver.manage().timeouts().implicitlyWait(10, SECONDS): null

2018-12-13 23:13:09 - [TEST_STEP][PASSED] - Statement - PresavePath = KatalonScreenshots: null

2018-12-13 23:13:09 - [TEST_STEP][PASSED] - Statement - pathPrefix = "C:\Users\Public\Pictures\Sample Pictures\Katalon Screenshots\Automate Ending Screen": null

2018-12-13 23:13:09 - [TEST_STEP][PASSED] - Statement - finalPath = <not implemented yet for class: org.codehaus.groovy.ast.expr.EmptyExpression>: null

2018-12-13 23:13:09 - [TEST_STEP][PASSED] - Statement - scrFile = driver.getScreenshotAs(FILE): null

2018-12-13 23:13:10 - [TEST_STEP][PASSED] - Statement - PreSaveFile = new java.io.File(PresavePath): null

2018-12-13 23:13:10 - [TEST_STEP][PASSED] - Statement - counter = 0: null

2018-12-13 23:13:10 - [TEST_STEP][PASSED] - Statement - If (PreSaveFile.exists()): null

2018-12-13 23:13:10 - [TEST_STEP][PASSED] - Statement - While (PreSaveFile.exists()): null

2018-12-13 23:13:10 - [TEST_STEP][PASSED] - Statement - counter = counter + 1: null

2018-12-13 23:13:10 - [TEST_STEP][PASSED] - Statement - PreSaveFile = new java.io.File(((pathPrefix + java.lang.Integer.toString(counter)) + .png)): null

2018-12-13 23:13:10 - [TEST_STEP][PASSED] - Statement - counter = counter + 1: null

2018-12-13 23:13:10 - [TEST_STEP][PASSED] - Statement - PreSaveFile = new java.io.File(((pathPrefix + java.lang.Integer.toString(counter)) + .png)): null

2018-12-13 23:13:10 - [TEST_STEP][PASSED] - Statement - counter = counter + 1: null

2018-12-13 23:13:10 - [TEST_STEP][PASSED] - Statement - PreSaveFile = new java.io.File(((pathPrefix + java.lang.Integer.toString(counter)) + .png)): null

2018-12-13 23:13:10 - [TEST_STEP][PASSED] - Statement - counter = counter + 1: null

2018-12-13 23:13:10 - [TEST_STEP][PASSED] - Statement - PreSaveFile = new java.io.File(((pathPrefix + java.lang.Integer.toString(counter)) + .png)): null

2018-12-13 23:13:10 - [TEST_STEP][PASSED] - Statement - counter = counter + 1: null

2018-12-13 23:13:10 - [TEST_STEP][PASSED] - Statement - PreSaveFile = new java.io.File(((pathPrefix + java.lang.Integer.toString(counter)) + .png)): null

2018-12-13 23:13:10 - [TEST_STEP][PASSED] - Statement - counter = counter + 1: null

2018-12-13 23:13:10 - [TEST_STEP][PASSED] - Statement - PreSaveFile = new java.io.File(((pathPrefix + java.lang.Integer.toString(counter)) + .png)): null

2018-12-13 23:13:10 - [TEST_STEP][PASSED] - Statement - counter = counter + 1: null

2018-12-13 23:13:10 - [TEST_STEP][PASSED] - Statement - PreSaveFile = new java.io.File(((pathPrefix + java.lang.Integer.toString(counter)) + .png)): null

2018-12-13 23:13:10 - [TEST_STEP][PASSED] - Statement - counter = counter + 1: null

2018-12-13 23:13:10 - [TEST_STEP][PASSED] - Statement - PreSaveFile = new java.io.File(((pathPrefix + java.lang.Integer.toString(counter)) + .png)): null

2018-12-13 23:13:10 - [TEST_STEP][PASSED] - Statement - counter = counter + 1: null

2018-12-13 23:13:10 - [TEST_STEP][PASSED] - Statement - PreSaveFile = new java.io.File(((pathPrefix + java.lang.Integer.toString(counter)) + .png)): null

2018-12-13 23:13:10 - [TEST_STEP][PASSED] - Statement - counter = counter + 1: null

2018-12-13 23:13:10 - [TEST_STEP][PASSED] - Statement - PreSaveFile = new java.io.File(((pathPrefix + java.lang.Integer.toString(counter)) + .png)): null

2018-12-13 23:13:10 - [TEST_STEP][PASSED] - Statement - counter = counter + 1: null

2018-12-13 23:13:10 - [TEST_STEP][PASSED] - Statement - PreSaveFile = new java.io.File(((pathPrefix + java.lang.Integer.toString(counter)) + .png)): null

2018-12-13 23:13:10 - [TEST_STEP][PASSED] - Statement - counter = counter + 1: null

2018-12-13 23:13:10 - [TEST_STEP][PASSED] - Statement - PreSaveFile = new java.io.File(((pathPrefix + java.lang.Integer.toString(counter)) + .png)): null

2018-12-13 23:13:10 - [TEST_STEP][PASSED] - Statement - counter = counter + 1: null

2018-12-13 23:13:10 - [TEST_STEP][PASSED] - Statement - PreSaveFile = new java.io.File(((pathPrefix + java.lang.Integer.toString(counter)) + .png)): null

2018-12-13 23:13:10 - [TEST_STEP][PASSED] - Statement - counter = counter + 1: null

2018-12-13 23:13:10 - [TEST_STEP][PASSED] - Statement - PreSaveFile = new java.io.File(((pathPrefix + java.lang.Integer.toString(counter)) + .png)): null

2018-12-13 23:13:10 - [TEST_STEP][PASSED] - Statement - counter = counter + 1: null

2018-12-13 23:13:10 - [TEST_STEP][PASSED] - Statement - PreSaveFile = new java.io.File(((pathPrefix + java.lang.Integer.toString(counter)) + .png)): null

2018-12-13 23:13:10 - [TEST_STEP][PASSED] - Statement - counter = counter + 1: null

2018-12-13 23:13:10 - [TEST_STEP][PASSED] - Statement - PreSaveFile = new java.io.File(((pathPrefix + java.lang.Integer.toString(counter)) + .png)): null

2018-12-13 23:13:10 - [TEST_STEP][PASSED] - Statement - counter = counter + 1: null

2018-12-13 23:13:10 - [TEST_STEP][PASSED] - Statement - PreSaveFile = new java.io.File(((pathPrefix + java.lang.Integer.toString(counter)) + .png)): null

2018-12-13 23:13:10 - [TEST_STEP][PASSED] - Statement - counter = counter + 1: null

2018-12-13 23:13:10 - [TEST_STEP][PASSED] - Statement - PreSaveFile = new java.io.File(((pathPrefix + java.lang.Integer.toString(counter)) + .png)): null

2018-12-13 23:13:10 - [TEST_STEP][PASSED] - Statement - counter = counter + 1: null

2018-12-13 23:13:10 - [TEST_STEP][PASSED] - Statement - PreSaveFile = new java.io.File(((pathPrefix + java.lang.Integer.toString(counter)) + .png)): null

2018-12-13 23:13:10 - [TEST_STEP][PASSED] - Statement - counter = counter + 1: null

2018-12-13 23:13:10 - [TEST_STEP][PASSED] - Statement - PreSaveFile = new java.io.File(((pathPrefix + java.lang.Integer.toString(counter)) + .png)): null

2018-12-13 23:13:10 - [TEST_STEP][PASSED] - Statement - counter = counter + 1: null

2018-12-13 23:13:10 - [TEST_STEP][PASSED] - Statement - PreSaveFile = new java.io.File(((pathPrefix + java.lang.Integer.toString(counter)) + .png)): null

2018-12-13 23:13:10 - [TEST_STEP][PASSED] - Statement - counter = counter + 1: null

2018-12-13 23:13:10 - [TEST_STEP][PASSED] - Statement - PreSaveFile = new java.io.File(((pathPrefix + java.lang.Integer.toString(counter)) + .png)): null

2018-12-13 23:13:10 - [TEST_STEP][PASSED] - Statement - counter = counter + 1: null

2018-12-13 23:13:10 - [TEST_STEP][PASSED] - Statement - PreSaveFile = new java.io.File(((pathPrefix + java.lang.Integer.toString(counter)) + .png)): null

2018-12-13 23:13:10 - [TEST_STEP][PASSED] - Statement - counter = counter + 1: null

2018-12-13 23:13:10 - [TEST_STEP][PASSED] - Statement - PreSaveFile = new java.io.File(((pathPrefix + java.lang.Integer.toString(counter)) + .png)): null

2018-12-13 23:13:10 - [TEST_STEP][PASSED] - Statement - counter = counter + 1: null

2018-12-13 23:13:10 - [TEST_STEP][PASSED] - Statement - PreSaveFile = new java.io.File(((pathPrefix + java.lang.Integer.toString(counter)) + .png)): null

2018-12-13 23:13:10 - [TEST_STEP][PASSED] - Statement - counter = counter + 1: null

2018-12-13 23:13:10 - [TEST_STEP][PASSED] - Statement - PreSaveFile = new java.io.File(((pathPrefix + java.lang.Integer.toString(counter)) + .png)): null

2018-12-13 23:13:10 - [TEST_STEP][PASSED] - Statement - counter = counter + 1: null

2018-12-13 23:13:10 - [TEST_STEP][PASSED] - Statement - PreSaveFile = new java.io.File(((pathPrefix + java.lang.Integer.toString(counter)) + .png)): null

2018-12-13 23:13:10 - [TEST_STEP][PASSED] - Statement - counter = counter + 1: null

2018-12-13 23:13:10 - [TEST_STEP][PASSED] - Statement - PreSaveFile = new java.io.File(((pathPrefix + java.lang.Integer.toString(counter)) + .png)): null

2018-12-13 23:13:10 - [TEST_STEP][PASSED] - Statement - counter = counter + 1: null

2018-12-13 23:13:10 - [TEST_STEP][PASSED] - Statement - PreSaveFile = new java.io.File(((pathPrefix + java.lang.Integer.toString(counter)) + .png)): null

2018-12-13 23:13:10 - [TEST_STEP][PASSED] - Statement - counter = counter + 1: null

2018-12-13 23:13:10 - [TEST_STEP][PASSED] - Statement - PreSaveFile = new java.io.File(((pathPrefix + java.lang.Integer.toString(counter)) + .png)): null

2018-12-13 23:13:10 - [TEST_STEP][PASSED] - Statement - counter = counter + 1: null

2018-12-13 23:13:10 - [TEST_STEP][PASSED] - Statement - PreSaveFile = new java.io.File(((pathPrefix + java.lang.Integer.toString(counter)) + .png)): null

2018-12-13 23:13:10 - [TEST_STEP][PASSED] - Statement - counter = counter + 1: null

2018-12-13 23:13:10 - [TEST_STEP][PASSED] - Statement - PreSaveFile = new java.io.File(((pathPrefix + java.lang.Integer.toString(counter)) + .png)): null

2018-12-13 23:13:10 - [TEST_STEP][PASSED] - Statement - counter = counter + 1: null

2018-12-13 23:13:10 - [TEST_STEP][PASSED] - Statement - PreSaveFile = new java.io.File(((pathPrefix + java.lang.Integer.toString(counter)) + .png)): null

2018-12-13 23:13:10 - [TEST_STEP][PASSED] - Statement - counter = counter + 1: null

2018-12-13 23:13:10 - [TEST_STEP][PASSED] - Statement - PreSaveFile = new java.io.File(((pathPrefix + java.lang.Integer.toString(counter)) + .png)): null

2018-12-13 23:13:10 - [TEST_STEP][PASSED] - Statement - counter = counter + 1: null

2018-12-13 23:13:10 - [TEST_STEP][PASSED] - Statement - PreSaveFile = new java.io.File(((pathPrefix + java.lang.Integer.toString(counter)) + .png)): null

2018-12-13 23:13:10 - [TEST_STEP][PASSED] - Statement - counter = counter + 1: null

2018-12-13 23:13:10 - [TEST_STEP][PASSED] - Statement - PreSaveFile = new java.io.File(((pathPrefix + java.lang.Integer.toString(counter)) + .png)): null

2018-12-13 23:13:10 - [TEST_STEP][PASSED] - Statement - counter = counter + 1: null

2018-12-13 23:13:10 - [TEST_STEP][PASSED] - Statement - PreSaveFile = new java.io.File(((pathPrefix + java.lang.Integer.toString(counter)) + .png)): null

2018-12-13 23:13:10 - [TEST_STEP][PASSED] - Statement - counter = counter + 1: null

2018-12-13 23:13:10 - [TEST_STEP][PASSED] - Statement - PreSaveFile = new java.io.File(((pathPrefix + java.lang.Integer.toString(counter)) + .png)): null

2018-12-13 23:13:10 - [TEST_STEP][PASSED] - Statement - counter = counter + 1: null

2018-12-13 23:13:10 - [TEST_STEP][PASSED] - Statement - PreSaveFile = new java.io.File(((pathPrefix + java.lang.Integer.toString(counter)) + .png)): null

2018-12-13 23:13:10 - [TEST_STEP][PASSED] - Statement - counter = counter + 1: null

2018-12-13 23:13:10 - [TEST_STEP][PASSED] - Statement - PreSaveFile = new java.io.File(((pathPrefix + java.lang.Integer.toString(counter)) + .png)): null

2018-12-13 23:13:10 - [TEST_STEP][PASSED] - Statement - counter = counter + 1: null

2018-12-13 23:13:10 - [TEST_STEP][PASSED] - Statement - PreSaveFile = new java.io.File(((pathPrefix + java.lang.Integer.toString(counter)) + .png)): null

2018-12-13 23:13:10 - [TEST_STEP][PASSED] - Statement - counter = counter + 1: null

2018-12-13 23:13:10 - [TEST_STEP][PASSED] - Statement - PreSaveFile = new java.io.File(((pathPrefix + java.lang.Integer.toString(counter)) + .png)): null

2018-12-13 23:13:10 - [TEST_STEP][PASSED] - Statement - counter = counter + 1: null

2018-12-13 23:13:10 - [TEST_STEP][PASSED] - Statement - PreSaveFile = new java.io.File(((pathPrefix + java.lang.Integer.toString(counter)) + .png)): null

2018-12-13 23:13:10 - [TEST_STEP][PASSED] - Statement - counter = counter + 1: null

2018-12-13 23:13:10 - [TEST_STEP][PASSED] - Statement - PreSaveFile = new java.io.File(((pathPrefix + java.lang.Integer.toString(counter)) + .png)): null

2018-12-13 23:13:10 - [TEST_STEP][PASSED] - Statement - counter = counter + 1: null

2018-12-13 23:13:10 - [TEST_STEP][PASSED] - Statement - PreSaveFile = new java.io.File(((pathPrefix + java.lang.Integer.toString(counter)) + .png)): null

2018-12-13 23:13:10 - [TEST_STEP][PASSED] - Statement - counter = counter + 1: null

2018-12-13 23:13:10 - [TEST_STEP][PASSED] - Statement - PreSaveFile = new java.io.File(((pathPrefix + java.lang.Integer.toString(counter)) + .png)): null

2018-12-13 23:13:10 - [TEST_STEP][PASSED] - Statement - counter = counter + 1: null

2018-12-13 23:13:10 - [TEST_STEP][PASSED] - Statement - PreSaveFile = new java.io.File(((pathPrefix + java.lang.Integer.toString(counter)) + .png)): null

2018-12-13 23:13:10 - [TEST_STEP][PASSED] - Statement - counter = counter + 1: null

2018-12-13 23:13:10 - [TEST_STEP][PASSED] - Statement - PreSaveFile = new java.io.File(((pathPrefix + java.lang.Integer.toString(counter)) + .png)): null

2018-12-13 23:13:10 - [TEST_STEP][PASSED] - Statement - counter = counter + 1: null

2018-12-13 23:13:10 - [TEST_STEP][PASSED] - Statement - PreSaveFile = new java.io.File(((pathPrefix + java.lang.Integer.toString(counter)) + .png)): null

2018-12-13 23:13:10 - [TEST_STEP][PASSED] - Statement - counter = counter + 1: null

2018-12-13 23:13:10 - [TEST_STEP][PASSED] - Statement - PreSaveFile = new java.io.File(((pathPrefix + java.lang.Integer.toString(counter)) + .png)): null

2018-12-13 23:13:10 - [TEST_STEP][PASSED] - Statement - counter = counter + 1: null

2018-12-13 23:13:10 - [TEST_STEP][PASSED] - Statement - PreSaveFile = new java.io.File(((pathPrefix + java.lang.Integer.toString(counter)) + .png)): null

2018-12-13 23:13:10 - [TEST_STEP][PASSED] - Statement - counter = counter + 1: null

2018-12-13 23:13:10 - [TEST_STEP][PASSED] - Statement - PreSaveFile = new java.io.File(((pathPrefix + java.lang.Integer.toString(counter)) + .png)): null

2018-12-13 23:13:10 - [TEST_STEP][PASSED] - Statement - counter = counter + 1: null

2018-12-13 23:13:10 - [TEST_STEP][PASSED] - Statement - PreSaveFile = new java.io.File(((pathPrefix + java.lang.Integer.toString(counter)) + .png)): null

2018-12-13 23:13:10 - [TEST_STEP][PASSED] - Statement - counter = counter + 1: null

2018-12-13 23:13:10 - [TEST_STEP][PASSED] - Statement - PreSaveFile = new java.io.File(((pathPrefix + java.lang.Integer.toString(counter)) + .png)): null

2018-12-13 23:13:10 - [TEST_STEP][PASSED] - Statement - counter = counter + 1: null

2018-12-13 23:13:10 - [TEST_STEP][PASSED] - Statement - PreSaveFile = new java.io.File(((pathPrefix + java.lang.Integer.toString(counter)) + .png)): null

2018-12-13 23:13:10 - [TEST_STEP][PASSED] - Statement - counter = counter + 1: null

2018-12-13 23:13:10 - [TEST_STEP][PASSED] - Statement - PreSaveFile = new java.io.File(((pathPrefix + java.lang.Integer.toString(counter)) + .png)): null

2018-12-13 23:13:10 - [TEST_STEP][PASSED] - Statement - counter = counter + 1: null

2018-12-13 23:13:10 - [TEST_STEP][PASSED] - Statement - PreSaveFile = new java.io.File(((pathPrefix + java.lang.Integer.toString(counter)) + .png)): null

2018-12-13 23:13:10 - [TEST_STEP][PASSED] - Statement - counter = counter + 1: null

2018-12-13 23:13:10 - [TEST_STEP][PASSED] - Statement - PreSaveFile = new java.io.File(((pathPrefix + java.lang.Integer.toString(counter)) + .png)): null

2018-12-13 23:13:10 - [TEST_STEP][PASSED] - Statement - counter = counter + 1: null

2018-12-13 23:13:10 - [TEST_STEP][PASSED] - Statement - PreSaveFile = new java.io.File(((pathPrefix + java.lang.Integer.toString(counter)) + .png)): null

2018-12-13 23:13:10 - [TEST_STEP][PASSED] - Statement - counter = counter + 1: null

2018-12-13 23:13:10 - [TEST_STEP][PASSED] - Statement - PreSaveFile = new java.io.File(((pathPrefix + java.lang.Integer.toString(counter)) + .png)): null

2018-12-13 23:13:10 - [TEST_STEP][PASSED] - Statement - counter = counter + 1: null

2018-12-13 23:13:10 - [TEST_STEP][PASSED] - Statement - PreSaveFile = new java.io.File(((pathPrefix + java.lang.Integer.toString(counter)) + .png)): null

2018-12-13 23:13:10 - [TEST_STEP][PASSED] - Statement - counter = counter + 1: null

2018-12-13 23:13:10 - [TEST_STEP][PASSED] - Statement - PreSaveFile = new java.io.File(((pathPrefix + java.lang.Integer.toString(counter)) + .png)): null

2018-12-13 23:13:10 - [TEST_STEP][PASSED] - Statement - counter = counter + 1: null

2018-12-13 23:13:10 - [TEST_STEP][PASSED] - Statement - PreSaveFile = new java.io.File(((pathPrefix + java.lang.Integer.toString(counter)) + .png)): null

2018-12-13 23:13:10 - [TEST_STEP][PASSED] - Statement - counter = counter + 1: null

2018-12-13 23:13:10 - [TEST_STEP][PASSED] - Statement - PreSaveFile = new java.io.File(((pathPrefix + java.lang.Integer.toString(counter)) + .png)): null

2018-12-13 23:13:10 - [TEST_STEP][PASSED] - Statement - counter = counter + 1: null

2018-12-13 23:13:10 - [TEST_STEP][PASSED] - Statement - PreSaveFile = new java.io.File(((pathPrefix + java.lang.Integer.toString(counter)) + .png)): null

2018-12-13 23:13:10 - [TEST_STEP][PASSED] - Statement - counter = counter + 1: null

2018-12-13 23:13:10 - [TEST_STEP][PASSED] - Statement - PreSaveFile = new java.io.File(((pathPrefix + java.lang.Integer.toString(counter)) + .png)): null

2018-12-13 23:13:10 - [TEST_STEP][PASSED] - Statement - counter = counter + 1: null

2018-12-13 23:13:10 - [TEST_STEP][PASSED] - Statement - PreSaveFile = new java.io.File(((pathPrefix + java.lang.Integer.toString(counter)) + .png)): null

2018-12-13 23:13:10 - [TEST_STEP][PASSED] - Statement - counter = counter + 1: null

2018-12-13 23:13:10 - [TEST_STEP][PASSED] - Statement - PreSaveFile = new java.io.File(((pathPrefix + java.lang.Integer.toString(counter)) + .png)): null

2018-12-13 23:13:10 - [TEST_STEP][PASSED] - Statement - counter = counter + 1: null

2018-12-13 23:13:10 - [TEST_STEP][PASSED] - Statement - PreSaveFile = new java.io.File(((pathPrefix + java.lang.Integer.toString(counter)) + .png)): null

2018-12-13 23:13:10 - [TEST_STEP][PASSED] - Statement - counter = counter + 1: null

2018-12-13 23:13:10 - [TEST_STEP][PASSED] - Statement - PreSaveFile = new java.io.File(((pathPrefix + java.lang.Integer.toString(counter)) + .png)): null

2018-12-13 23:13:10 - [TEST_STEP][PASSED] - Statement - counter = counter + 1: null

2018-12-13 23:13:10 - [TEST_STEP][PASSED] - Statement - PreSaveFile = new java.io.File(((pathPrefix + java.lang.Integer.toString(counter)) + .png)): null

2018-12-13 23:13:10 - [TEST_STEP][PASSED] - Statement - counter = counter + 1: null

2018-12-13 23:13:10 - [TEST_STEP][PASSED] - Statement - PreSaveFile = new java.io.File(((pathPrefix + java.lang.Integer.toString(counter)) + .png)): null

2018-12-13 23:13:10 - [TEST_STEP][PASSED] - Statement - counter = counter + 1: null

2018-12-13 23:13:10 - [TEST_STEP][PASSED] - Statement - PreSaveFile = new java.io.File(((pathPrefix + java.lang.Integer.toString(counter)) + .png)): null

2018-12-13 23:13:10 - [TEST_STEP][PASSED] - Statement - counter = counter + 1: null

2018-12-13 23:13:10 - [TEST_STEP][PASSED] - Statement - PreSaveFile = new java.io.File(((pathPrefix + java.lang.Integer.toString(counter)) + .png)): null

2018-12-13 23:13:10 - [TEST_STEP][PASSED] - Statement - counter = counter + 1: null

2018-12-13 23:13:10 - [TEST_STEP][PASSED] - Statement - PreSaveFile = new java.io.File(((pathPrefix + java.lang.Integer.toString(counter)) + .png)): null

2018-12-13 23:13:10 - [TEST_STEP][PASSED] - Statement - counter = counter + 1: null

2018-12-13 23:13:10 - [TEST_STEP][PASSED] - Statement - PreSaveFile = new java.io.File(((pathPrefix + java.lang.Integer.toString(counter)) + .png)): null

2018-12-13 23:13:10 - [TEST_STEP][PASSED] - Statement - counter = counter + 1: null

2018-12-13 23:13:10 - [TEST_STEP][PASSED] - Statement - PreSaveFile = new java.io.File(((pathPrefix + java.lang.Integer.toString(counter)) + .png)): null

2018-12-13 23:13:10 - [TEST_STEP][PASSED] - Statement - counter = counter + 1: null

2018-12-13 23:13:10 - [TEST_STEP][PASSED] - Statement - PreSaveFile = new java.io.File(((pathPrefix + java.lang.Integer.toString(counter)) + .png)): null

2018-12-13 23:13:10 - [TEST_STEP][PASSED] - Statement - counter = counter + 1: null

2018-12-13 23:13:10 - [TEST_STEP][PASSED] - Statement - PreSaveFile = new java.io.File(((pathPrefix + java.lang.Integer.toString(counter)) + .png)): null

2018-12-13 23:13:10 - [TEST_STEP][PASSED] - Statement - counter = counter + 1: null

2018-12-13 23:13:10 - [TEST_STEP][PASSED] - Statement - PreSaveFile = new java.io.File(((pathPrefix + java.lang.Integer.toString(counter)) + .png)): null

2018-12-13 23:13:10 - [TEST_STEP][PASSED] - Statement - counter = counter + 1: null

2018-12-13 23:13:10 - [TEST_STEP][PASSED] - Statement - PreSaveFile = new java.io.File(((pathPrefix + java.lang.Integer.toString(counter)) + .png)): null

2018-12-13 23:13:10 - [TEST_STEP][PASSED] - Statement - counter = counter + 1: null

2018-12-13 23:13:10 - [TEST_STEP][PASSED] - Statement - PreSaveFile = new java.io.File(((pathPrefix + java.lang.Integer.toString(counter)) + .png)): null

2018-12-13 23:13:10 - [TEST_STEP][PASSED] - Statement - counter = counter + 1: null

2018-12-13 23:13:10 - [TEST_STEP][PASSED] - Statement - PreSaveFile = new java.io.File(((pathPrefix + java.lang.Integer.toString(counter)) + .png)): null

2018-12-13 23:13:10 - [TEST_STEP][PASSED] - Statement - counter = counter + 1: null

2018-12-13 23:13:10 - [TEST_STEP][PASSED] - Statement - PreSaveFile = new java.io.File(((pathPrefix + java.lang.Integer.toString(counter)) + .png)): null

2018-12-13 23:13:10 - [TEST_STEP][PASSED] - Statement - counter = counter + 1: null

2018-12-13 23:13:10 - [TEST_STEP][PASSED] - Statement - PreSaveFile = new java.io.File(((pathPrefix + java.lang.Integer.toString(counter)) + .png)): null

2018-12-13 23:13:10 - [TEST_STEP][PASSED] - Statement - counter = counter + 1: null

2018-12-13 23:13:10 - [TEST_STEP][PASSED] - Statement - PreSaveFile = new java.io.File(((pathPrefix + java.lang.Integer.toString(counter)) + .png)): null

2018-12-13 23:13:10 - [TEST_STEP][PASSED] - Statement - counter = counter + 1: null

2018-12-13 23:13:10 - [TEST_STEP][PASSED] - Statement - PreSaveFile = new java.io.File(((pathPrefix + java.lang.Integer.toString(counter)) + .png)): null

2018-12-13 23:13:10 - [TEST_STEP][PASSED] - Statement - counter = counter + 1: null

2018-12-13 23:13:10 - [TEST_STEP][PASSED] - Statement - PreSaveFile = new java.io.File(((pathPrefix + java.lang.Integer.toString(counter)) + .png)): null

2018-12-13 23:13:10 - [TEST_STEP][PASSED] - Statement - counter = counter + 1: null

2018-12-13 23:13:10 - [TEST_STEP][PASSED] - Statement - PreSaveFile = new java.io.File(((pathPrefix + java.lang.Integer.toString(counter)) + .png)): null

2018-12-13 23:13:10 - [TEST_STEP][PASSED] - Statement - counter = counter + 1: null

2018-12-13 23:13:10 - [TEST_STEP][PASSED] - Statement - PreSaveFile = new java.io.File(((pathPrefix + java.lang.Integer.toString(counter)) + .png)): null

2018-12-13 23:13:10 - [TEST_STEP][PASSED] - Statement - counter = counter + 1: null

2018-12-13 23:13:10 - [TEST_STEP][PASSED] - Statement - PreSaveFile = new java.io.File(((pathPrefix + java.lang.Integer.toString(counter)) + .png)): null

2018-12-13 23:13:10 - [TEST_STEP][PASSED] - Statement - counter = counter + 1: null

2018-12-13 23:13:10 - [TEST_STEP][PASSED] - Statement - PreSaveFile = new java.io.File(((pathPrefix + java.lang.Integer.toString(counter)) + .png)): null

2018-12-13 23:13:10 - [TEST_STEP][PASSED] - Statement - counter = counter + 1: null

2018-12-13 23:13:10 - [TEST_STEP][PASSED] - Statement - PreSaveFile = new java.io.File(((pathPrefix + java.lang.Integer.toString(counter)) + .png)): null

2018-12-13 23:13:10 - [TEST_STEP][PASSED] - Statement - counter = counter + 1: null

2018-12-13 23:13:10 - [TEST_STEP][PASSED] - Statement - PreSaveFile = new java.io.File(((pathPrefix + java.lang.Integer.toString(counter)) + .png)): null

2018-12-13 23:13:10 - [TEST_STEP][PASSED] - Statement - counter = counter + 1: null

2018-12-13 23:13:10 - [TEST_STEP][PASSED] - Statement - PreSaveFile = new java.io.File(((pathPrefix + java.lang.Integer.toString(counter)) + .png)): null

2018-12-13 23:13:10 - [TEST_STEP][PASSED] - Statement - counter = counter + 1: null

2018-12-13 23:13:10 - [TEST_STEP][PASSED] - Statement - PreSaveFile = new java.io.File(((pathPrefix + java.lang.Integer.toString(counter)) + .png)): null

2018-12-13 23:13:10 - [TEST_STEP][PASSED] - Statement - counter = counter + 1: null

2018-12-13 23:13:10 - [TEST_STEP][PASSED] - Statement - PreSaveFile = new java.io.File(((pathPrefix + java.lang.Integer.toString(counter)) + .png)): null

2018-12-13 23:13:10 - [TEST_STEP][PASSED] - Statement - counter = counter + 1: null

2018-12-13 23:13:10 - [TEST_STEP][PASSED] - Statement - PreSaveFile = new java.io.File(((pathPrefix + java.lang.Integer.toString(counter)) + .png)): null

2018-12-13 23:13:10 - [TEST_STEP][PASSED] - Statement - counter = counter + 1: null

2018-12-13 23:13:10 - [TEST_STEP][PASSED] - Statement - PreSaveFile = new java.io.File(((pathPrefix + java.lang.Integer.toString(counter)) + .png)): null

2018-12-13 23:13:10 - [TEST_STEP][PASSED] - Statement - counter = counter + 1: null

2018-12-13 23:13:10 - [TEST_STEP][PASSED] - Statement - PreSaveFile = new java.io.File(((pathPrefix + java.lang.Integer.toString(counter)) + .png)): null

2018-12-13 23:13:10 - [TEST_STEP][PASSED] - Statement - counter = counter + 1: null

2018-12-13 23:13:10 - [TEST_STEP][PASSED] - Statement - PreSaveFile = new java.io.File(((pathPrefix + java.lang.Integer.toString(counter)) + .png)): null

2018-12-13 23:13:10 - [TEST_STEP][PASSED] - Statement - counter = counter + 1: null

2018-12-13 23:13:10 - [TEST_STEP][PASSED] - Statement - PreSaveFile = new java.io.File(((pathPrefix + java.lang.Integer.toString(counter)) + .png)): null

2018-12-13 23:13:10 - [TEST_STEP][PASSED] - Statement - counter = counter + 1: null

2018-12-13 23:13:10 - [TEST_STEP][PASSED] - Statement - PreSaveFile = new java.io.File(((pathPrefix + java.lang.Integer.toString(counter)) + .png)): null

2018-12-13 23:13:10 - [TEST_STEP][PASSED] - Statement - counter = counter + 1: null

2018-12-13 23:13:10 - [TEST_STEP][PASSED] - Statement - PreSaveFile = new java.io.File(((pathPrefix + java.lang.Integer.toString(counter)) + .png)): null

2018-12-13 23:13:10 - [TEST_STEP][PASSED] - Statement - counter = counter + 1: null

2018-12-13 23:13:10 - [TEST_STEP][PASSED] - Statement - PreSaveFile = new java.io.File(((pathPrefix + java.lang.Integer.toString(counter)) + .png)): null

2018-12-13 23:13:10 - [TEST_STEP][PASSED] - Statement - counter = counter + 1: null

2018-12-13 23:13:10 - [TEST_STEP][PASSED] - Statement - PreSaveFile = new java.io.File(((pathPrefix + java.lang.Integer.toString(counter)) + .png)): null

2018-12-13 23:13:10 - [TEST_STEP][PASSED] - Statement - counter = counter + 1: null

2018-12-13 23:13:10 - [TEST_STEP][PASSED] - Statement - PreSaveFile = new java.io.File(((pathPrefix + java.lang.Integer.toString(counter)) + .png)): null

2018-12-13 23:13:10 - [TEST_STEP][PASSED] - Statement - counter = counter + 1: null

2018-12-13 23:13:10 - [TEST_STEP][PASSED] - Statement - PreSaveFile = new java.io.File(((pathPrefix + java.lang.Integer.toString(counter)) + .png)): null

2018-12-13 23:13:10 - [TEST_STEP][PASSED] - Statement - counter = counter + 1: null

2018-12-13 23:13:10 - [TEST_STEP][PASSED] - Statement - PreSaveFile = new java.io.File(((pathPrefix + java.lang.Integer.toString(counter)) + .png)): null

2018-12-13 23:13:10 - [TEST_STEP][PASSED] - Statement - counter = counter + 1: null

2018-12-13 23:13:10 - [TEST_STEP][PASSED] - Statement - PreSaveFile = new java.io.File(((pathPrefix + java.lang.Integer.toString(counter)) + .png)): null

2018-12-13 23:13:10 - [TEST_STEP][PASSED] - Statement - counter = counter + 1: null

2018-12-13 23:13:10 - [TEST_STEP][PASSED] - Statement - PreSaveFile = new java.io.File(((pathPrefix + java.lang.Integer.toString(counter)) + .png)): null

2018-12-13 23:13:10 - [TEST_STEP][PASSED] - Statement - counter = counter + 1: null

2018-12-13 23:13:10 - [TEST_STEP][PASSED] - Statement - PreSaveFile = new java.io.File(((pathPrefix + java.lang.Integer.toString(counter)) + .png)): null

2018-12-13 23:13:10 - [TEST_STEP][PASSED] - Statement - counter = counter + 1: null

2018-12-13 23:13:10 - [TEST_STEP][PASSED] - Statement - PreSaveFile = new java.io.File(((pathPrefix + java.lang.Integer.toString(counter)) + .png)): null

2018-12-13 23:13:10 - [TEST_STEP][PASSED] - Statement - counter = counter + 1: null

2018-12-13 23:13:10 - [TEST_STEP][PASSED] - Statement - PreSaveFile = new java.io.File(((pathPrefix + java.lang.Integer.toString(counter)) + .png)): null

2018-12-13 23:13:10 - [TEST_STEP][PASSED] - Statement - counter = counter + 1: null

2018-12-13 23:13:10 - [TEST_STEP][PASSED] - Statement - PreSaveFile = new java.io.File(((pathPrefix + java.lang.Integer.toString(counter)) + .png)): null

2018-12-13 23:13:10 - [TEST_STEP][PASSED] - Statement - counter = counter + 1: null

2018-12-13 23:13:10 - [TEST_STEP][PASSED] - Statement - PreSaveFile = new java.io.File(((pathPrefix + java.lang.Integer.toString(counter)) + .png)): null

2018-12-13 23:13:10 - [TEST_STEP][PASSED] - Statement - counter = counter + 1: null

2018-12-13 23:13:10 - [TEST_STEP][PASSED] - Statement - PreSaveFile = new java.io.File(((pathPrefix + java.lang.Integer.toString(counter)) + .png)): null

2018-12-13 23:13:10 - [TEST_STEP][PASSED] - Statement - counter = counter + 1: null

2018-12-13 23:13:10 - [TEST_STEP][PASSED] - Statement - PreSaveFile = new java.io.File(((pathPrefix + java.lang.Integer.toString(counter)) + .png)): null

2018-12-13 23:13:10 - [TEST_STEP][PASSED] - Statement - counter = counter + 1: null

2018-12-13 23:13:10 - [TEST_STEP][PASSED] - Statement - PreSaveFile = new java.io.File(((pathPrefix + java.lang.Integer.toString(counter)) + .png)): null

2018-12-13 23:13:10 - [TEST_STEP][PASSED] - Statement - counter = counter + 1: null

2018-12-13 23:13:10 - [TEST_STEP][PASSED] - Statement - PreSaveFile = new java.io.File(((pathPrefix + java.lang.Integer.toString(counter)) + .png)): null

2018-12-13 23:13:10 - [TEST_STEP][PASSED] - Statement - counter = counter + 1: null

2018-12-13 23:13:10 - [TEST_STEP][PASSED] - Statement - PreSaveFile = new java.io.File(((pathPrefix + java.lang.Integer.toString(counter)) + .png)): null

2018-12-13 23:13:10 - [TEST_STEP][PASSED] - Statement - counter = counter + 1: null

2018-12-13 23:13:10 - [TEST_STEP][PASSED] - Statement - PreSaveFile = new java.io.File(((pathPrefix + java.lang.Integer.toString(counter)) + .png)): null

2018-12-13 23:13:10 - [TEST_STEP][PASSED] - Statement - counter = counter + 1: null

2018-12-13 23:13:10 - [TEST_STEP][PASSED] - Statement - PreSaveFile = new java.io.File(((pathPrefix + java.lang.Integer.toString(counter)) + .png)): null

2018-12-13 23:13:10 - [TEST_STEP][PASSED] - Statement - counter = counter + 1: null

2018-12-13 23:13:10 - [TEST_STEP][PASSED] - Statement - PreSaveFile = new java.io.File(((pathPrefix + java.lang.Integer.toString(counter)) + .png)): null

2018-12-13 23:13:10 - [TEST_STEP][PASSED] - Statement - counter = counter + 1: null

2018-12-13 23:13:10 - [TEST_STEP][PASSED] - Statement - PreSaveFile = new java.io.File(((pathPrefix + java.lang.Integer.toString(counter)) + .png)): null

2018-12-13 23:13:10 - [TEST_STEP][PASSED] - Statement - counter = counter + 1: null

2018-12-13 23:13:10 - [TEST_STEP][PASSED] - Statement - PreSaveFile = new java.io.File(((pathPrefix + java.lang.Integer.toString(counter)) + .png)): null

2018-12-13 23:13:10 - [TEST_STEP][PASSED] - Statement - counter = counter + 1: null

2018-12-13 23:13:10 - [TEST_STEP][PASSED] - Statement - PreSaveFile = new java.io.File(((pathPrefix + java.lang.Integer.toString(counter)) + .png)): null

2018-12-13 23:13:10 - [TEST_STEP][PASSED] - Statement - counter = counter + 1: null

2018-12-13 23:13:10 - [TEST_STEP][PASSED] - Statement - PreSaveFile = new java.io.File(((pathPrefix + java.lang.Integer.toString(counter)) + .png)): null

2018-12-13 23:13:10 - [TEST_STEP][PASSED] - Statement - counter = counter + 1: null

2018-12-13 23:13:10 - [TEST_STEP][PASSED] - Statement - PreSaveFile = new java.io.File(((pathPrefix + java.lang.Integer.toString(counter)) + .png)): null

2018-12-13 23:13:10 - [TEST_STEP][PASSED] - Statement - counter = counter + 1: null

2018-12-13 23:13:10 - [TEST_STEP][PASSED] - Statement - PreSaveFile = new java.io.File(((pathPrefix + java.lang.Integer.toString(counter)) + .png)): null

2018-12-13 23:13:10 - [TEST_STEP][PASSED] - Statement - counter = counter + 1: null

2018-12-13 23:13:10 - [TEST_STEP][PASSED] - Statement - PreSaveFile = new java.io.File(((pathPrefix + java.lang.Integer.toString(counter)) + .png)): null

2018-12-13 23:13:10 - [TEST_STEP][PASSED] - Statement - counter = counter + 1: null

2018-12-13 23:13:10 - [TEST_STEP][PASSED] - Statement - PreSaveFile = new java.io.File(((pathPrefix + java.lang.Integer.toString(counter)) + .png)): null

2018-12-13 23:13:10 - [TEST_STEP][PASSED] - Statement - counter = counter + 1: null

2018-12-13 23:13:10 - [TEST_STEP][PASSED] - Statement - PreSaveFile = new java.io.File(((pathPrefix + java.lang.Integer.toString(counter)) + .png)): null

2018-12-13 23:13:10 - [TEST_STEP][PASSED] - Statement - counter = counter + 1: null

2018-12-13 23:13:10 - [TEST_STEP][PASSED] - Statement - PreSaveFile = new java.io.File(((pathPrefix + java.lang.Integer.toString(counter)) + .png)): null

2018-12-13 23:13:10 - [TEST_STEP][PASSED] - Statement - counter = counter + 1: null

2018-12-13 23:13:10 - [TEST_STEP][PASSED] - Statement - PreSaveFile = new java.io.File(((pathPrefix + java.lang.Integer.toString(counter)) + .png)): null

2018-12-13 23:13:10 - [TEST_STEP][PASSED] - Statement - counter = counter + 1: null

2018-12-13 23:13:10 - [TEST_STEP][PASSED] - Statement - PreSaveFile = new java.io.File(((pathPrefix + java.lang.Integer.toString(counter)) + .png)): null

2018-12-13 23:13:10 - [TEST_STEP][PASSED] - Statement - counter = counter + 1: null

2018-12-13 23:13:10 - [TEST_STEP][PASSED] - Statement - PreSaveFile = new java.io.File(((pathPrefix + java.lang.Integer.toString(counter)) + .png)): null

2018-12-13 23:13:10 - [TEST_STEP][PASSED] - Statement - counter = counter + 1: null

2018-12-13 23:13:10 - [TEST_STEP][PASSED] - Statement - PreSaveFile = new java.io.File(((pathPrefix + java.lang.Integer.toString(counter)) + .png)): null

2018-12-13 23:13:10 - [TEST_STEP][PASSED] - Statement - counter = counter + 1: null

2018-12-13 23:13:10 - [TEST_STEP][PASSED] - Statement - PreSaveFile = new java.io.File(((pathPrefix + java.lang.Integer.toString(counter)) + .png)): null

2018-12-13 23:13:10 - [TEST_STEP][PASSED] - Statement - counter = counter + 1: null

2018-12-13 23:13:10 - [TEST_STEP][PASSED] - Statement - PreSaveFile = new java.io.File(((pathPrefix + java.lang.Integer.toString(counter)) + .png)): null

2018-12-13 23:13:10 - [TEST_STEP][PASSED] - Statement - counter = counter + 1: null

2018-12-13 23:13:10 - [TEST_STEP][PASSED] - Statement - PreSaveFile = new java.io.File(((pathPrefix + java.lang.Integer.toString(counter)) + .png)): null

2018-12-13 23:13:10 - [TEST_STEP][PASSED] - Statement - counter = counter + 1: null

2018-12-13 23:13:10 - [TEST_STEP][PASSED] - Statement - PreSaveFile = new java.io.File(((pathPrefix + java.lang.Integer.toString(counter)) + .png)): null

2018-12-13 23:13:10 - [TEST_STEP][PASSED] - Statement - counter = counter + 1: null

2018-12-13 23:13:10 - [TEST_STEP][PASSED] - Statement - PreSaveFile = new java.io.File(((pathPrefix + java.lang.Integer.toString(counter)) + .png)): null

2018-12-13 23:13:10 - [TEST_STEP][PASSED] - Statement - counter = counter + 1: null

2018-12-13 23:13:10 - [TEST_STEP][PASSED] - Statement - PreSaveFile = new java.io.File(((pathPrefix + java.lang.Integer.toString(counter)) + .png)): null

2018-12-13 23:13:10 - [TEST_STEP][PASSED] - Statement - counter = counter + 1: null

2018-12-13 23:13:10 - [TEST_STEP][PASSED] - Statement - PreSaveFile = new java.io.File(((pathPrefix + java.lang.Integer.toString(counter)) + .png)): null

2018-12-13 23:13:10 - [TEST_STEP][PASSED] - Statement - counter = counter + 1: null

2018-12-13 23:13:10 - [TEST_STEP][PASSED] - Statement - PreSaveFile = new java.io.File(((pathPrefix + java.lang.Integer.toString(counter)) + .png)): null

2018-12-13 23:13:10 - [TEST_STEP][PASSED] - Statement - counter = counter + 1: null

2018-12-13 23:13:10 - [TEST_STEP][PASSED] - Statement - PreSaveFile = new java.io.File(((pathPrefix + java.lang.Integer.toString(counter)) + .png)): null

2018-12-13 23:13:10 - [TEST_STEP][PASSED] - Statement - counter = counter + 1: null

2018-12-13 23:13:10 - [TEST_STEP][PASSED] - Statement - PreSaveFile = new java.io.File(((pathPrefix + java.lang.Integer.toString(counter)) + .png)): null

2018-12-13 23:13:10 - [TEST_STEP][PASSED] - Statement - counter = counter + 1: null

2018-12-13 23:13:10 - [TEST_STEP][PASSED] - Statement - PreSaveFile = new java.io.File(((pathPrefix + java.lang.Integer.toString(counter)) + .png)): null

2018-12-13 23:13:10 - [TEST_STEP][PASSED] - Statement - counter = counter + 1: null

2018-12-13 23:13:10 - [TEST_STEP][PASSED] - Statement - PreSaveFile = new java.io.File(((pathPrefix + java.lang.Integer.toString(counter)) + .png)): null

2018-12-13 23:13:10 - [TEST_STEP][PASSED] - Statement - counter = counter + 1: null

2018-12-13 23:13:10 - [TEST_STEP][PASSED] - Statement - PreSaveFile = new java.io.File(((pathPrefix + java.lang.Integer.toString(counter)) + .png)): null

2018-12-13 23:13:10 - [TEST_STEP][PASSED] - Statement - counter = counter + 1: null

2018-12-13 23:13:10 - [TEST_STEP][PASSED] - Statement - PreSaveFile = new java.io.File(((pathPrefix + java.lang.Integer.toString(counter)) + .png)): null

2018-12-13 23:13:10 - [TEST_STEP][PASSED] - Statement - counter = counter + 1: null

2018-12-13 23:13:10 - [TEST_STEP][PASSED] - Statement - PreSaveFile = new java.io.File(((pathPrefix + java.lang.Integer.toString(counter)) + .png)): null

2018-12-13 23:13:10 - [TEST_STEP][PASSED] - Statement - counter = counter + 1: null

2018-12-13 23:13:10 - [TEST_STEP][PASSED] - Statement - PreSaveFile = new java.io.File(((pathPrefix + java.lang.Integer.toString(counter)) + .png)): null

2018-12-13 23:13:10 - [TEST_STEP][PASSED] - Statement - counter = counter + 1: null

2018-12-13 23:13:10 - [TEST_STEP][PASSED] - Statement - PreSaveFile = new java.io.File(((pathPrefix + java.lang.Integer.toString(counter)) + .png)): null

2018-12-13 23:13:10 - [TEST_STEP][PASSED] - Statement - counter = counter + 1: null

2018-12-13 23:13:10 - [TEST_STEP][PASSED] - Statement - PreSaveFile = new java.io.File(((pathPrefix + java.lang.Integer.toString(counter)) + .png)): null

2018-12-13 23:13:10 - [TEST_STEP][PASSED] - Statement - counter = counter + 1: null

2018-12-13 23:13:10 - [TEST_STEP][PASSED] - Statement - PreSaveFile = new java.io.File(((pathPrefix + java.lang.Integer.toString(counter)) + .png)): null

2018-12-13 23:13:10 - [TEST_STEP][PASSED] - Statement - counter = counter + 1: null

2018-12-13 23:13:10 - [TEST_STEP][PASSED] - Statement - PreSaveFile = new java.io.File(((pathPrefix + java.lang.Integer.toString(counter)) + .png)): null

2018-12-13 23:13:10 - [TEST_STEP][PASSED] - Statement - counter = counter + 1: null

2018-12-13 23:13:10 - [TEST_STEP][PASSED] - Statement - PreSaveFile = new java.io.File(((pathPrefix + java.lang.Integer.toString(counter)) + .png)): null

2018-12-13 23:13:10 - [TEST_STEP][PASSED] - Statement - counter = counter + 1: null

2018-12-13 23:13:10 - [TEST_STEP][PASSED] - Statement - PreSaveFile = new java.io.File(((pathPrefix + java.lang.Integer.toString(counter)) + .png)): null

2018-12-13 23:13:10 - [TEST_STEP][PASSED] - Statement - counter = counter + 1: null

2018-12-13 23:13:10 - [TEST_STEP][PASSED] - Statement - PreSaveFile = new java.io.File(((pathPrefix + java.lang.Integer.toString(counter)) + .png)): null

2018-12-13 23:13:10 - [TEST_STEP][PASSED] - Statement - counter = counter + 1: null

2018-12-13 23:13:10 - [TEST_STEP][PASSED] - Statement - PreSaveFile = new java.io.File(((pathPrefix + java.lang.Integer.toString(counter)) + .png)): null

2018-12-13 23:13:10 - [TEST_STEP][PASSED] - Statement - counter = counter + 1: null

2018-12-13 23:13:10 - [TEST_STEP][PASSED] - Statement - PreSaveFile = new java.io.File(((pathPrefix + java.lang.Integer.toString(counter)) + .png)): null

2018-12-13 23:13:10 - [TEST_STEP][PASSED] - Statement - counter = counter + 1: null

2018-12-13 23:13:10 - [TEST_STEP][PASSED] - Statement - PreSaveFile = new java.io.File(((pathPrefix + java.lang.Integer.toString(counter)) + .png)): null

2018-12-13 23:13:10 - [TEST_STEP][PASSED] - Statement - counter = counter + 1: null

2018-12-13 23:13:10 - [TEST_STEP][PASSED] - Statement - PreSaveFile = new java.io.File(((pathPrefix + java.lang.Integer.toString(counter)) + .png)): null

2018-12-13 23:13:10 - [TEST_STEP][PASSED] - Statement - counter = counter + 1: null

2018-12-13 23:13:10 - [TEST_STEP][PASSED] - Statement - PreSaveFile = new java.io.File(((pathPrefix + java.lang.Integer.toString(counter)) + .png)): null

2018-12-13 23:13:10 - [TEST_STEP][PASSED] - Statement - counter = counter + 1: null

2018-12-13 23:13:10 - [TEST_STEP][PASSED] - Statement - PreSaveFile = new java.io.File(((pathPrefix + java.lang.Integer.toString(counter)) + .png)): null

2018-12-13 23:13:10 - [TEST_STEP][PASSED] - Statement - counter = counter + 1: null

2018-12-13 23:13:10 - [TEST_STEP][PASSED] - Statement - PreSaveFile = new java.io.File(((pathPrefix + java.lang.Integer.toString(counter)) + .png)): null

2018-12-13 23:13:10 - [TEST_STEP][PASSED] - Statement - counter = counter + 1: null

2018-12-13 23:13:10 - [TEST_STEP][PASSED] - Statement - PreSaveFile = new java.io.File(((pathPrefix + java.lang.Integer.toString(counter)) + .png)): null

2018-12-13 23:13:10 - [TEST_STEP][PASSED] - Statement - counter = counter + 1: null

2018-12-13 23:13:10 - [TEST_STEP][PASSED] - Statement - PreSaveFile = new java.io.File(((pathPrefix + java.lang.Integer.toString(counter)) + .png)): null

2018-12-13 23:13:10 - [TEST_STEP][PASSED] - Statement - counter = counter + 1: null

2018-12-13 23:13:10 - [TEST_STEP][PASSED] - Statement - PreSaveFile = new java.io.File(((pathPrefix + java.lang.Integer.toString(counter)) + .png)): null

2018-12-13 23:13:10 - [TEST_STEP][PASSED] - Statement - counter = counter + 1: null

2018-12-13 23:13:10 - [TEST_STEP][PASSED] - Statement - PreSaveFile = new java.io.File(((pathPrefix + java.lang.Integer.toString(counter)) + .png)): null

2018-12-13 23:13:10 - [TEST_STEP][PASSED] - Statement - counter = counter + 1: null

2018-12-13 23:13:10 - [TEST_STEP][PASSED] - Statement - PreSaveFile = new java.io.File(((pathPrefix + java.lang.Integer.toString(counter)) + .png)): null

2018-12-13 23:13:10 - [TEST_STEP][PASSED] - Statement - counter = counter + 1: null

2018-12-13 23:13:10 - [TEST_STEP][PASSED] - Statement - PreSaveFile = new java.io.File(((pathPrefix + java.lang.Integer.toString(counter)) + .png)): null

2018-12-13 23:13:10 - [TEST_STEP][PASSED] - Statement - counter = counter + 1: null

2018-12-13 23:13:10 - [TEST_STEP][PASSED] - Statement - PreSaveFile = new java.io.File(((pathPrefix + java.lang.Integer.toString(counter)) + .png)): null

2018-12-13 23:13:10 - [TEST_STEP][PASSED] - Statement - counter = counter + 1: null

2018-12-13 23:13:10 - [TEST_STEP][PASSED] - Statement - PreSaveFile = new java.io.File(((pathPrefix + java.lang.Integer.toString(counter)) + .png)): null

2018-12-13 23:13:10 - [TEST_STEP][PASSED] - Statement - counter = counter + 1: null

2018-12-13 23:13:10 - [TEST_STEP][PASSED] - Statement - PreSaveFile = new java.io.File(((pathPrefix + java.lang.Integer.toString(counter)) + .png)): null

2018-12-13 23:13:10 - [TEST_STEP][PASSED] - Statement - counter = counter + 1: null

2018-12-13 23:13:10 - [TEST_STEP][PASSED] - Statement - PreSaveFile = new java.io.File(((pathPrefix + java.lang.Integer.toString(counter)) + .png)): null

2018-12-13 23:13:10 - [TEST_STEP][PASSED] - Statement - counter = counter + 1: null

2018-12-13 23:13:10 - [TEST_STEP][PASSED] - Statement - PreSaveFile = new java.io.File(((pathPrefix + java.lang.Integer.toString(counter)) + .png)): null

2018-12-13 23:13:10 - [TEST_STEP][PASSED] - Statement - counter = counter + 1: null

2018-12-13 23:13:10 - [TEST_STEP][PASSED] - Statement - PreSaveFile = new java.io.File(((pathPrefix + java.lang.Integer.toString(counter)) + .png)): null

2018-12-13 23:13:10 - [TEST_STEP][PASSED] - Statement - counter = counter + 1: null

2018-12-13 23:13:10 - [TEST_STEP][PASSED] - Statement - PreSaveFile = new java.io.File(((pathPrefix + java.lang.Integer.toString(counter)) + .png)): null

2018-12-13 23:13:10 - [TEST_STEP][PASSED] - Statement - counter = counter + 1: null

2018-12-13 23:13:10 - [TEST_STEP][PASSED] - Statement - PreSaveFile = new java.io.File(((pathPrefix + java.lang.Integer.toString(counter)) + .png)): null

2018-12-13 23:13:10 - [TEST_STEP][PASSED] - Statement - counter = counter + 1: null

2018-12-13 23:13:10 - [TEST_STEP][PASSED] - Statement - PreSaveFile = new java.io.File(((pathPrefix + java.lang.Integer.toString(counter)) + .png)): null

2018-12-13 23:13:10 - [TEST_STEP][PASSED] - Statement - counter = counter + 1: null

2018-12-13 23:13:10 - [TEST_STEP][PASSED] - Statement - PreSaveFile = new java.io.File(((pathPrefix + java.lang.Integer.toString(counter)) + .png)): null

2018-12-13 23:13:10 - [TEST_STEP][PASSED] - Statement - counter = counter + 1: null

2018-12-13 23:13:10 - [TEST_STEP][PASSED] - Statement - PreSaveFile = new java.io.File(((pathPrefix + java.lang.Integer.toString(counter)) + .png)): null

2018-12-13 23:13:10 - [TEST_STEP][PASSED] - Statement - counter = counter + 1: null

2018-12-13 23:13:10 - [TEST_STEP][PASSED] - Statement - PreSaveFile = new java.io.File(((pathPrefix + java.lang.Integer.toString(counter)) + .png)): null

2018-12-13 23:13:10 - [TEST_STEP][PASSED] - Statement - counter = counter + 1: null

2018-12-13 23:13:10 - [TEST_STEP][PASSED] - Statement - PreSaveFile = new java.io.File(((pathPrefix + java.lang.Integer.toString(counter)) + .png)): null

2018-12-13 23:13:10 - [TEST_STEP][PASSED] - Statement - counter = counter + 1: null

2018-12-13 23:13:10 - [TEST_STEP][PASSED] - Statement - PreSaveFile = new java.io.File(((pathPrefix + java.lang.Integer.toString(counter)) + .png)): null

2018-12-13 23:13:10 - [TEST_STEP][PASSED] - Statement - counter = counter + 1: null

2018-12-13 23:13:10 - [TEST_STEP][PASSED] - Statement - PreSaveFile = new java.io.File(((pathPrefix + java.lang.Integer.toString(counter)) + .png)): null

2018-12-13 23:13:10 - [TEST_STEP][PASSED] - Statement - counter = counter + 1: null

2018-12-13 23:13:10 - [TEST_STEP][PASSED] - Statement - PreSaveFile = new java.io.File(((pathPrefix + java.lang.Integer.toString(counter)) + .png)): null

2018-12-13 23:13:10 - [TEST_STEP][PASSED] - Statement - counter = counter + 1: null

2018-12-13 23:13:10 - [TEST_STEP][PASSED] - Statement - PreSaveFile = new java.io.File(((pathPrefix + java.lang.Integer.toString(counter)) + .png)): null

2018-12-13 23:13:10 - [TEST_STEP][PASSED] - Statement - counter = counter + 1: null

2018-12-13 23:13:10 - [TEST_STEP][PASSED] - Statement - PreSaveFile = new java.io.File(((pathPrefix + java.lang.Integer.toString(counter)) + .png)): null

2018-12-13 23:13:10 - [TEST_STEP][PASSED] - Statement - counter = counter + 1: null

2018-12-13 23:13:10 - [TEST_STEP][PASSED] - Statement - PreSaveFile = new java.io.File(((pathPrefix + java.lang.Integer.toString(counter)) + .png)): null

2018-12-13 23:13:10 - [TEST_STEP][PASSED] - Statement - counter = counter + 1: null

2018-12-13 23:13:10 - [TEST_STEP][PASSED] - Statement - PreSaveFile = new java.io.File(((pathPrefix + java.lang.Integer.toString(counter)) + .png)): null

2018-12-13 23:13:10 - [TEST_STEP][PASSED] - Statement - counter = counter + 1: null

2018-12-13 23:13:10 - [TEST_STEP][PASSED] - Statement - PreSaveFile = new java.io.File(((pathPrefix + java.lang.Integer.toString(counter)) + .png)): null

2018-12-13 23:13:10 - [TEST_STEP][PASSED] - Statement - counter = counter + 1: null

2018-12-13 23:13:10 - [TEST_STEP][PASSED] - Statement - PreSaveFile = new java.io.File(((pathPrefix + java.lang.Integer.toString(counter)) + .png)): null

2018-12-13 23:13:10 - [TEST_STEP][PASSED] - Statement - counter = counter + 1: null

2018-12-13 23:13:10 - [TEST_STEP][PASSED] - Statement - PreSaveFile = new java.io.File(((pathPrefix + java.lang.Integer.toString(counter)) + .png)): null

2018-12-13 23:13:10 - [TEST_STEP][PASSED] - Statement - counter = counter + 1: null

2018-12-13 23:13:10 - [TEST_STEP][PASSED] - Statement - PreSaveFile = new java.io.File(((pathPrefix + java.lang.Integer.toString(counter)) + .png)): null

2018-12-13 23:13:10 - [TEST_STEP][PASSED] - Statement - counter = counter + 1: null

2018-12-13 23:13:10 - [TEST_STEP][PASSED] - Statement - PreSaveFile = new java.io.File(((pathPrefix + java.lang.Integer.toString(counter)) + .png)): null

2018-12-13 23:13:10 - [TEST_STEP][PASSED] - Statement - counter = counter + 1: null

2018-12-13 23:13:10 - [TEST_STEP][PASSED] - Statement - PreSaveFile = new java.io.File(((pathPrefix + java.lang.Integer.toString(counter)) + .png)): null

2018-12-13 23:13:10 - [TEST_STEP][PASSED] - Statement - counter = counter + 1: null

2018-12-13 23:13:10 - [TEST_STEP][PASSED] - Statement - PreSaveFile = new java.io.File(((pathPrefix + java.lang.Integer.toString(counter)) + .png)): null

2018-12-13 23:13:10 - [TEST_STEP][PASSED] - Statement - counter = counter + 1: null

2018-12-13 23:13:10 - [TEST_STEP][PASSED] - Statement - PreSaveFile = new java.io.File(((pathPrefix + java.lang.Integer.toString(counter)) + .png)): null

2018-12-13 23:13:10 - [TEST_STEP][PASSED] - Statement - counter = counter + 1: null

2018-12-13 23:13:10 - [TEST_STEP][PASSED] - Statement - PreSaveFile = new java.io.File(((pathPrefix + java.lang.Integer.toString(counter)) + .png)): null

2018-12-13 23:13:10 - [TEST_STEP][PASSED] - Statement - counter = counter + 1: null

2018-12-13 23:13:10 - [TEST_STEP][PASSED] - Statement - PreSaveFile = new java.io.File(((pathPrefix + java.lang.Integer.toString(counter)) + .png)): null

2018-12-13 23:13:10 - [TEST_STEP][PASSED] - Statement - counter = counter + 1: null

2018-12-13 23:13:10 - [TEST_STEP][PASSED] - Statement - PreSaveFile = new java.io.File(((pathPrefix + java.lang.Integer.toString(counter)) + .png)): null

2018-12-13 23:13:10 - [TEST_STEP][PASSED] - Statement - counter = counter + 1: null

2018-12-13 23:13:10 - [TEST_STEP][PASSED] - Statement - PreSaveFile = new java.io.File(((pathPrefix + java.lang.Integer.toString(counter)) + .png)): null

2018-12-13 23:13:10 - [TEST_STEP][PASSED] - Statement - counter = counter + 1: null

2018-12-13 23:13:10 - [TEST_STEP][PASSED] - Statement - PreSaveFile = new java.io.File(((pathPrefix + java.lang.Integer.toString(counter)) + .png)): null

2018-12-13 23:13:10 - [TEST_STEP][PASSED] - Statement - counter = counter + 1: null

2018-12-13 23:13:10 - [TEST_STEP][PASSED] - Statement - PreSaveFile = new java.io.File(((pathPrefix + java.lang.Integer.toString(counter)) + .png)): null

2018-12-13 23:13:10 - [TEST_STEP][PASSED] - Statement - counter = counter + 1: null

2018-12-13 23:13:10 - [TEST_STEP][PASSED] - Statement - PreSaveFile = new java.io.File(((pathPrefix + java.lang.Integer.toString(counter)) + .png)): null

2018-12-13 23:13:10 - [TEST_STEP][PASSED] - Statement - counter = counter + 1: null

2018-12-13 23:13:10 - [TEST_STEP][PASSED] - Statement - PreSaveFile = new java.io.File(((pathPrefix + java.lang.Integer.toString(counter)) + .png)): null

2018-12-13 23:13:10 - [TEST_STEP][PASSED] - Statement - counter = counter + 1: null

2018-12-13 23:13:10 - [TEST_STEP][PASSED] - Statement - PreSaveFile = new java.io.File(((pathPrefix + java.lang.Integer.toString(counter)) + .png)): null

2018-12-13 23:13:10 - [TEST_STEP][PASSED] - Statement - counter = counter + 1: null

2018-12-13 23:13:10 - [TEST_STEP][PASSED] - Statement - PreSaveFile = new java.io.File(((pathPrefix + java.lang.Integer.toString(counter)) + .png)): null

2018-12-13 23:13:10 - [TEST_STEP][PASSED] - Statement - counter = counter + 1: null

2018-12-13 23:13:10 - [TEST_STEP][PASSED] - Statement - PreSaveFile = new java.io.File(((pathPrefix + java.lang.Integer.toString(counter)) + .png)): null

2018-12-13 23:13:10 - [TEST_STEP][PASSED] - Statement - counter = counter + 1: null

2018-12-13 23:13:10 - [TEST_STEP][PASSED] - Statement - PreSaveFile = new java.io.File(((pathPrefix + java.lang.Integer.toString(counter)) + .png)): null

2018-12-13 23:13:10 - [TEST_STEP][PASSED] - Statement - counter = counter + 1: null

2018-12-13 23:13:10 - [TEST_STEP][PASSED] - Statement - PreSaveFile = new java.io.File(((pathPrefix + java.lang.Integer.toString(counter)) + .png)): null

2018-12-13 23:13:11 - [TEST_STEP][PASSED] - Statement - counter = counter + 1: null

2018-12-13 23:13:11 - [TEST_STEP][PASSED] - Statement - PreSaveFile = new java.io.File(((pathPrefix + java.lang.Integer.toString(counter)) + .png)): null

2018-12-13 23:13:11 - [TEST_STEP][PASSED] - Statement - counter = counter + 1: null

2018-12-13 23:13:11 - [TEST_STEP][PASSED] - Statement - PreSaveFile = new java.io.File(((pathPrefix + java.lang.Integer.toString(counter)) + .png)): null

2018-12-13 23:13:11 - [TEST_STEP][PASSED] - Statement - counter = counter + 1: null

2018-12-13 23:13:11 - [TEST_STEP][PASSED] - Statement - PreSaveFile = new java.io.File(((pathPrefix + java.lang.Integer.toString(counter)) + .png)): null

2018-12-13 23:13:11 - [TEST_STEP][PASSED] - Statement - counter = counter + 1: null

2018-12-13 23:13:11 - [TEST_STEP][PASSED] - Statement - PreSaveFile = new java.io.File(((pathPrefix + java.lang.Integer.toString(counter)) + .png)): null

2018-12-13 23:13:11 - [TEST_STEP][PASSED] - Statement - counter = counter + 1: null

2018-12-13 23:13:11 - [TEST_STEP][PASSED] - Statement - PreSaveFile = new java.io.File(((pathPrefix + java.lang.Integer.toString(counter)) + .png)): null

2018-12-13 23:13:11 - [TEST_STEP][PASSED] - Statement - counter = counter + 1: null

2018-12-13 23:13:11 - [TEST_STEP][PASSED] - Statement - PreSaveFile = new java.io.File(((pathPrefix + java.lang.Integer.toString(counter)) + .png)): null

2018-12-13 23:13:11 - [TEST_STEP][PASSED] - Statement - counter = counter + 1: null

2018-12-13 23:13:11 - [TEST_STEP][PASSED] - Statement - PreSaveFile = new java.io.File(((pathPrefix + java.lang.Integer.toString(counter)) + .png)): null

2018-12-13 23:13:11 - [TEST_STEP][PASSED] - Statement - counter = counter + 1: null

2018-12-13 23:13:11 - [TEST_STEP][PASSED] - Statement - PreSaveFile = new java.io.File(((pathPrefix + java.lang.Integer.toString(counter)) + .png)): null

2018-12-13 23:13:11 - [TEST_STEP][PASSED] - Statement - counter = counter + 1: null

2018-12-13 23:13:11 - [TEST_STEP][PASSED] - Statement - PreSaveFile = new java.io.File(((pathPrefix + java.lang.Integer.toString(counter)) + .png)): null

2018-12-13 23:13:11 - [TEST_STEP][PASSED] - Statement - counter = counter + 1: null

2018-12-13 23:13:11 - [TEST_STEP][PASSED] - Statement - PreSaveFile = new java.io.File(((pathPrefix + java.lang.Integer.toString(counter)) + .png)): null

2018-12-13 23:13:11 - [TEST_STEP][PASSED] - Statement - counter = counter + 1: null

2018-12-13 23:13:11 - [TEST_STEP][PASSED] - Statement - PreSaveFile = new java.io.File(((pathPrefix + java.lang.Integer.toString(counter)) + .png)): null

2018-12-13 23:13:11 - [TEST_STEP][PASSED] - Statement - counter = counter + 1: null

2018-12-13 23:13:11 - [TEST_STEP][PASSED] - Statement - PreSaveFile = new java.io.File(((pathPrefix + java.lang.Integer.toString(counter)) + .png)): null

2018-12-13 23:13:11 - [TEST_STEP][PASSED] - Statement - counter = counter + 1: null

2018-12-13 23:13:11 - [TEST_STEP][PASSED] - Statement - PreSaveFile = new java.io.File(((pathPrefix + java.lang.Integer.toString(counter)) + .png)): null

2018-12-13 23:13:11 - [TEST_STEP][PASSED] - Statement - counter = counter + 1: null

2018-12-13 23:13:11 - [TEST_STEP][PASSED] - Statement - PreSaveFile = new java.io.File(((pathPrefix + java.lang.Integer.toString(counter)) + .png)): null

2018-12-13 23:13:11 - [TEST_STEP][PASSED] - Statement - counter = counter + 1: null

2018-12-13 23:13:11 - [TEST_STEP][PASSED] - Statement - PreSaveFile = new java.io.File(((pathPrefix + java.lang.Integer.toString(counter)) + .png)): null

2018-12-13 23:13:11 - [TEST_STEP][PASSED] - Statement - counter = counter + 1: null

2018-12-13 23:13:11 - [TEST_STEP][PASSED] - Statement - PreSaveFile = new java.io.File(((pathPrefix + java.lang.Integer.toString(counter)) + .png)): null

2018-12-13 23:13:11 - [TEST_STEP][PASSED] - Statement - counter = counter + 1: null

2018-12-13 23:13:11 - [TEST_STEP][PASSED] - Statement - PreSaveFile = new java.io.File(((pathPrefix + java.lang.Integer.toString(counter)) + .png)): null

2018-12-13 23:13:11 - [TEST_STEP][PASSED] - Statement - counter = counter + 1: null

2018-12-13 23:13:11 - [TEST_STEP][PASSED] - Statement - PreSaveFile = new java.io.File(((pathPrefix + java.lang.Integer.toString(counter)) + .png)): null

2018-12-13 23:13:11 - [TEST_STEP][PASSED] - Statement - counter = counter + 1: null

2018-12-13 23:13:11 - [TEST_STEP][PASSED] - Statement - PreSaveFile = new java.io.File(((pathPrefix + java.lang.Integer.toString(counter)) + .png)): null

2018-12-13 23:13:11 - [TEST_STEP][PASSED] - Statement - counter = counter + 1: null

2018-12-13 23:13:11 - [TEST_STEP][PASSED] - Statement - PreSaveFile = new java.io.File(((pathPrefix + java.lang.Integer.toString(counter)) + .png)): null

2018-12-13 23:13:11 - [TEST_STEP][PASSED] - Statement - counter = counter + 1: null

2018-12-13 23:13:11 - [TEST_STEP][PASSED] - Statement - PreSaveFile = new java.io.File(((pathPrefix + java.lang.Integer.toString(counter)) + .png)): null

2018-12-13 23:13:11 - [TEST_STEP][PASSED] - Statement - counter = counter + 1: null

2018-12-13 23:13:11 - [TEST_STEP][PASSED] - Statement - PreSaveFile = new java.io.File(((pathPrefix + java.lang.Integer.toString(counter)) + .png)): null

2018-12-13 23:13:11 - [TEST_STEP][PASSED] - Statement - counter = counter + 1: null

2018-12-13 23:13:11 - [TEST_STEP][PASSED] - Statement - PreSaveFile = new java.io.File(((pathPrefix + java.lang.Integer.toString(counter)) + .png)): null

2018-12-13 23:13:11 - [TEST_STEP][PASSED] - Statement - counter = counter + 1: null

2018-12-13 23:13:11 - [TEST_STEP][PASSED] - Statement - PreSaveFile = new java.io.File(((pathPrefix + java.lang.Integer.toString(counter)) + .png)): null

2018-12-13 23:13:11 - [TEST_STEP][PASSED] - Statement - counter = counter + 1: null

2018-12-13 23:13:11 - [TEST_STEP][PASSED] - Statement - PreSaveFile = new java.io.File(((pathPrefix + java.lang.Integer.toString(counter)) + .png)): null

2018-12-13 23:13:11 - [TEST_STEP][PASSED] - Statement - counter = counter + 1: null

2018-12-13 23:13:11 - [TEST_STEP][PASSED] - Statement - PreSaveFile = new java.io.File(((pathPrefix + java.lang.Integer.toString(counter)) + .png)): null

2018-12-13 23:13:11 - [TEST_STEP][PASSED] - Statement - counter = counter + 1: null

2018-12-13 23:13:11 - [TEST_STEP][PASSED] - Statement - PreSaveFile = new java.io.File(((pathPrefix + java.lang.Integer.toString(counter)) + .png)): null

2018-12-13 23:13:11 - [TEST_STEP][PASSED] - Statement - counter = counter + 1: null

2018-12-13 23:13:11 - [TEST_STEP][PASSED] - Statement - PreSaveFile = new java.io.File(((pathPrefix + java.lang.Integer.toString(counter)) + .png)): null

2018-12-13 23:13:11 - [TEST_STEP][PASSED] - Statement - counter = counter + 1: null

2018-12-13 23:13:11 - [TEST_STEP][PASSED] - Statement - PreSaveFile = new java.io.File(((pathPrefix + java.lang.Integer.toString(counter)) + .png)): null

2018-12-13 23:13:11 - [TEST_STEP][PASSED] - Statement - counter = counter + 1: null

2018-12-13 23:13:11 - [TEST_STEP][PASSED] - Statement - PreSaveFile = new java.io.File(((pathPrefix + java.lang.Integer.toString(counter)) + .png)): null

2018-12-13 23:13:11 - [TEST_STEP][PASSED] - Statement - counter = counter + 1: null

2018-12-13 23:13:11 - [TEST_STEP][PASSED] - Statement - PreSaveFile = new java.io.File(((pathPrefix + java.lang.Integer.toString(counter)) + .png)): null

2018-12-13 23:13:11 - [TEST_STEP][PASSED] - Statement - counter = counter + 1: null

2018-12-13 23:13:11 - [TEST_STEP][PASSED] - Statement - PreSaveFile = new java.io.File(((pathPrefix + java.lang.Integer.toString(counter)) + .png)): null

2018-12-13 23:13:11 - [TEST_STEP][PASSED] - Statement - counter = counter + 1: null

2018-12-13 23:13:11 - [TEST_STEP][PASSED] - Statement - PreSaveFile = new java.io.File(((pathPrefix + java.lang.Integer.toString(counter)) + .png)): null

2018-12-13 23:13:11 - [TEST_STEP][PASSED] - Statement - counter = counter + 1: null

2018-12-13 23:13:11 - [TEST_STEP][PASSED] - Statement - PreSaveFile = new java.io.File(((pathPrefix + java.lang.Integer.toString(counter)) + .png)): null

2018-12-13 23:13:11 - [TEST_STEP][PASSED] - Statement - counter = counter + 1: null

2018-12-13 23:13:11 - [TEST_STEP][PASSED] - Statement - PreSaveFile = new java.io.File(((pathPrefix + java.lang.Integer.toString(counter)) + .png)): null

2018-12-13 23:13:11 - [TEST_STEP][PASSED] - Statement - counter = counter + 1: null

2018-12-13 23:13:11 - [TEST_STEP][PASSED] - Statement - PreSaveFile = new java.io.File(((pathPrefix + java.lang.Integer.toString(counter)) + .png)): null

2018-12-13 23:13:11 - [TEST_STEP][PASSED] - Statement - counter = counter + 1: null

2018-12-13 23:13:11 - [TEST_STEP][PASSED] - Statement - PreSaveFile = new java.io.File(((pathPrefix + java.lang.Integer.toString(counter)) + .png)): null

2018-12-13 23:13:11 - [TEST_STEP][PASSED] - Statement - counter = counter + 1: null

2018-12-13 23:13:11 - [TEST_STEP][PASSED] - Statement - PreSaveFile = new java.io.File(((pathPrefix + java.lang.Integer.toString(counter)) + .png)): null

2018-12-13 23:13:11 - [TEST_STEP][PASSED] - Statement - counter = counter + 1: null

2018-12-13 23:13:11 - [TEST_STEP][PASSED] - Statement - PreSaveFile = new java.io.File(((pathPrefix + java.lang.Integer.toString(counter)) + .png)): null

2018-12-13 23:13:11 - [TEST_STEP][PASSED] - Statement - counter = counter + 1: null

2018-12-13 23:13:11 - [TEST_STEP][PASSED] - Statement - PreSaveFile = new java.io.File(((pathPrefix + java.lang.Integer.toString(counter)) + .png)): null

2018-12-13 23:13:11 - [TEST_STEP][PASSED] - Statement - counter = counter + 1: null

2018-12-13 23:13:11 - [TEST_STEP][PASSED] - Statement - PreSaveFile = new java.io.File(((pathPrefix + java.lang.Integer.toString(counter)) + .png)): null

2018-12-13 23:13:11 - [TEST_STEP][PASSED] - Statement - counter = counter + 1: null

2018-12-13 23:13:11 - [TEST_STEP][PASSED] - Statement - PreSaveFile = new java.io.File(((pathPrefix + java.lang.Integer.toString(counter)) + .png)): null

2018-12-13 23:13:11 - [TEST_STEP][PASSED] - Statement - counter = counter + 1: null

2018-12-13 23:13:11 - [TEST_STEP][PASSED] - Statement - PreSaveFile = new java.io.File(((pathPrefix + java.lang.Integer.toString(counter)) + .png)): null

2018-12-13 23:13:11 - [TEST_STEP][PASSED] - Statement - counter = counter + 1: null

2018-12-13 23:13:11 - [TEST_STEP][PASSED] - Statement - PreSaveFile = new java.io.File(((pathPrefix + java.lang.Integer.toString(counter)) + .png)): null

2018-12-13 23:13:11 - [TEST_STEP][PASSED] - Statement - counter = counter + 1: null

2018-12-13 23:13:11 - [TEST_STEP][PASSED] - Statement - PreSaveFile = new java.io.File(((pathPrefix + java.lang.Integer.toString(counter)) + .png)): null

2018-12-13 23:13:11 - [TEST_STEP][PASSED] - Statement - counter = counter + 1: null

2018-12-13 23:13:11 - [TEST_STEP][PASSED] - Statement - PreSaveFile = new java.io.File(((pathPrefix + java.lang.Integer.toString(counter)) + .png)): null

2018-12-13 23:13:11 - [TEST_STEP][PASSED] - Statement - counter = counter + 1: null

2018-12-13 23:13:11 - [TEST_STEP][PASSED] - Statement - PreSaveFile = new java.io.File(((pathPrefix + java.lang.Integer.toString(counter)) + .png)): null

2018-12-13 23:13:11 - [TEST_STEP][PASSED] - Statement - counter = counter + 1: null

2018-12-13 23:13:11 - [TEST_STEP][PASSED] - Statement - PreSaveFile = new java.io.File(((pathPrefix + java.lang.Integer.toString(counter)) + .png)): null

2018-12-13 23:13:11 - [TEST_STEP][PASSED] - Statement - counter = counter + 1: null

2018-12-13 23:13:11 - [TEST_STEP][PASSED] - Statement - PreSaveFile = new java.io.File(((pathPrefix + java.lang.Integer.toString(counter)) + .png)): null

2018-12-13 23:13:11 - [TEST_STEP][PASSED] - Statement - counter = counter + 1: null

2018-12-13 23:13:11 - [TEST_STEP][PASSED] - Statement - PreSaveFile = new java.io.File(((pathPrefix + java.lang.Integer.toString(counter)) + .png)): null

2018-12-13 23:13:11 - [TEST_STEP][PASSED] - Statement - counter = counter + 1: null

2018-12-13 23:13:11 - [TEST_STEP][PASSED] - Statement - PreSaveFile = new java.io.File(((pathPrefix + java.lang.Integer.toString(counter)) + .png)): null

2018-12-13 23:13:11 - [TEST_STEP][PASSED] - Statement - counter = counter + 1: null

2018-12-13 23:13:11 - [TEST_STEP][PASSED] - Statement - PreSaveFile = new java.io.File(((pathPrefix + java.lang.Integer.toString(counter)) + .png)): null

2018-12-13 23:13:11 - [TEST_STEP][PASSED] - Statement - counter = counter + 1: null

2018-12-13 23:13:11 - [TEST_STEP][PASSED] - Statement - PreSaveFile = new java.io.File(((pathPrefix + java.lang.Integer.toString(counter)) + .png)): null

2018-12-13 23:13:11 - [TEST_STEP][PASSED] - Statement - counter = counter + 1: null

2018-12-13 23:13:11 - [TEST_STEP][PASSED] - Statement - PreSaveFile = new java.io.File(((pathPrefix + java.lang.Integer.toString(counter)) + .png)): null

2018-12-13 23:13:11 - [TEST_STEP][PASSED] - Statement - counter = counter + 1: null

2018-12-13 23:13:11 - [TEST_STEP][PASSED] - Statement - PreSaveFile = new java.io.File(((pathPrefix + java.lang.Integer.toString(counter)) + .png)): null

2018-12-13 23:13:11 - [TEST_STEP][PASSED] - Statement - counter = counter + 1: null

2018-12-13 23:13:11 - [TEST_STEP][PASSED] - Statement - PreSaveFile = new java.io.File(((pathPrefix + java.lang.Integer.toString(counter)) + .png)): null

2018-12-13 23:13:11 - [TEST_STEP][PASSED] - Statement - counter = counter + 1: null

2018-12-13 23:13:11 - [TEST_STEP][PASSED] - Statement - PreSaveFile = new java.io.File(((pathPrefix + java.lang.Integer.toString(counter)) + .png)): null

2018-12-13 23:13:11 - [TEST_STEP][PASSED] - Statement - counter = counter + 1: null

2018-12-13 23:13:11 - [TEST_STEP][PASSED] - Statement - PreSaveFile = new java.io.File(((pathPrefix + java.lang.Integer.toString(counter)) + .png)): null

2018-12-13 23:13:11 - [TEST_STEP][PASSED] - Statement - counter = counter + 1: null

2018-12-13 23:13:11 - [TEST_STEP][PASSED] - Statement - PreSaveFile = new java.io.File(((pathPrefix + java.lang.Integer.toString(counter)) + .png)): null

2018-12-13 23:13:11 - [TEST_STEP][PASSED] - Statement - counter = counter + 1: null

2018-12-13 23:13:11 - [TEST_STEP][PASSED] - Statement - PreSaveFile = new java.io.File(((pathPrefix + java.lang.Integer.toString(counter)) + .png)): null

2018-12-13 23:13:11 - [TEST_STEP][PASSED] - Statement - counter = counter + 1: null

2018-12-13 23:13:11 - [TEST_STEP][PASSED] - Statement - PreSaveFile = new java.io.File(((pathPrefix + java.lang.Integer.toString(counter)) + .png)): null

2018-12-13 23:13:11 - [TEST_STEP][PASSED] - Statement - counter = counter + 1: null

2018-12-13 23:13:11 - [TEST_STEP][PASSED] - Statement - PreSaveFile = new java.io.File(((pathPrefix + java.lang.Integer.toString(counter)) + .png)): null

2018-12-13 23:13:11 - [TEST_STEP][PASSED] - Statement - counter = counter + 1: null

2018-12-13 23:13:11 - [TEST_STEP][PASSED] - Statement - PreSaveFile = new java.io.File(((pathPrefix + java.lang.Integer.toString(counter)) + .png)): null

2018-12-13 23:13:11 - [TEST_STEP][PASSED] - Statement - counter = counter + 1: null

2018-12-13 23:13:11 - [TEST_STEP][PASSED] - Statement - PreSaveFile = new java.io.File(((pathPrefix + java.lang.Integer.toString(counter)) + .png)): null

2018-12-13 23:13:11 - [TEST_STEP][PASSED] - Statement - counter = counter + 1: null

2018-12-13 23:13:11 - [TEST_STEP][PASSED] - Statement - PreSaveFile = new java.io.File(((pathPrefix + java.lang.Integer.toString(counter)) + .png)): null

2018-12-13 23:13:11 - [TEST_STEP][PASSED] - Statement - counter = counter + 1: null

2018-12-13 23:13:11 - [TEST_STEP][PASSED] - Statement - PreSaveFile = new java.io.File(((pathPrefix + java.lang.Integer.toString(counter)) + .png)): null

2018-12-13 23:13:11 - [TEST_STEP][PASSED] - Statement - counter = counter + 1: null

2018-12-13 23:13:11 - [TEST_STEP][PASSED] - Statement - PreSaveFile = new java.io.File(((pathPrefix + java.lang.Integer.toString(counter)) + .png)): null

2018-12-13 23:13:11 - [TEST_STEP][PASSED] - Statement - counter = counter + 1: null

2018-12-13 23:13:11 - [TEST_STEP][PASSED] - Statement - PreSaveFile = new java.io.File(((pathPrefix + java.lang.Integer.toString(counter)) + .png)): null

2018-12-13 23:13:11 - [TEST_STEP][PASSED] - Statement - counter = counter + 1: null

2018-12-13 23:13:11 - [TEST_STEP][PASSED] - Statement - PreSaveFile = new java.io.File(((pathPrefix + java.lang.Integer.toString(counter)) + .png)): null

2018-12-13 23:13:11 - [TEST_STEP][PASSED] - Statement - counter = counter + 1: null

2018-12-13 23:13:11 - [TEST_STEP][PASSED] - Statement - PreSaveFile = new java.io.File(((pathPrefix + java.lang.Integer.toString(counter)) + .png)): null

2018-12-13 23:13:11 - [TEST_STEP][PASSED] - Statement - counter = counter + 1: null

2018-12-13 23:13:11 - [TEST_STEP][PASSED] - Statement - PreSaveFile = new java.io.File(((pathPrefix + java.lang.Integer.toString(counter)) + .png)): null

2018-12-13 23:13:11 - [TEST_STEP][PASSED] - Statement - counter = counter + 1: null

2018-12-13 23:13:11 - [TEST_STEP][PASSED] - Statement - PreSaveFile = new java.io.File(((pathPrefix + java.lang.Integer.toString(counter)) + .png)): null

2018-12-13 23:13:11 - [TEST_STEP][PASSED] - Statement - counter = counter + 1: null

2018-12-13 23:13:11 - [TEST_STEP][PASSED] - Statement - PreSaveFile = new java.io.File(((pathPrefix + java.lang.Integer.toString(counter)) + .png)): null

2018-12-13 23:13:11 - [TEST_STEP][PASSED] - Statement - counter = counter + 1: null

2018-12-13 23:13:11 - [TEST_STEP][PASSED] - Statement - PreSaveFile = new java.io.File(((pathPrefix + java.lang.Integer.toString(counter)) + .png)): null

2018-12-13 23:13:11 - [TEST_STEP][PASSED] - Statement - counter = counter + 1: null

2018-12-13 23:13:11 - [TEST_STEP][PASSED] - Statement - PreSaveFile = new java.io.File(((pathPrefix + java.lang.Integer.toString(counter)) + .png)): null

2018-12-13 23:13:11 - [TEST_STEP][PASSED] - Statement - counter = counter + 1: null

2018-12-13 23:13:11 - [TEST_STEP][PASSED] - Statement - PreSaveFile = new java.io.File(((pathPrefix + java.lang.Integer.toString(counter)) + .png)): null

2018-12-13 23:13:11 - [TEST_STEP][PASSED] - Statement - counter = counter + 1: null

2018-12-13 23:13:11 - [TEST_STEP][PASSED] - Statement - PreSaveFile = new java.io.File(((pathPrefix + java.lang.Integer.toString(counter)) + .png)): null

2018-12-13 23:13:11 - [TEST_STEP][PASSED] - Statement - counter = counter + 1: null

2018-12-13 23:13:11 - [TEST_STEP][PASSED] - Statement - PreSaveFile = new java.io.File(((pathPrefix + java.lang.Integer.toString(counter)) + .png)): null

2018-12-13 23:13:11 - [TEST_STEP][PASSED] - Statement - counter = counter + 1: null

2018-12-13 23:13:11 - [TEST_STEP][PASSED] - Statement - PreSaveFile = new java.io.File(((pathPrefix + java.lang.Integer.toString(counter)) + .png)): null

2018-12-13 23:13:11 - [TEST_STEP][PASSED] - Statement - counter = counter + 1: null

2018-12-13 23:13:11 - [TEST_STEP][PASSED] - Statement - PreSaveFile = new java.io.File(((pathPrefix + java.lang.Integer.toString(counter)) + .png)): null

2018-12-13 23:13:11 - [TEST_STEP][PASSED] - Statement - counter = counter + 1: null

2018-12-13 23:13:11 - [TEST_STEP][PASSED] - Statement - PreSaveFile = new java.io.File(((pathPrefix + java.lang.Integer.toString(counter)) + .png)): null

2018-12-13 23:13:11 - [TEST_STEP][PASSED] - Statement - counter = counter + 1: null

2018-12-13 23:13:11 - [TEST_STEP][PASSED] - Statement - PreSaveFile = new java.io.File(((pathPrefix + java.lang.Integer.toString(counter)) + .png)): null

2018-12-13 23:13:11 - [TEST_STEP][PASSED] - Statement - counter = counter + 1: null

2018-12-13 23:13:11 - [TEST_STEP][PASSED] - Statement - PreSaveFile = new java.io.File(((pathPrefix + java.lang.Integer.toString(counter)) + .png)): null

2018-12-13 23:13:11 - [TEST_STEP][PASSED] - Statement - counter = counter + 1: null

2018-12-13 23:13:11 - [TEST_STEP][PASSED] - Statement - PreSaveFile = new java.io.File(((pathPrefix + java.lang.Integer.toString(counter)) + .png)): null

2018-12-13 23:13:11 - [TEST_STEP][PASSED] - Statement - counter = counter + 1: null

2018-12-13 23:13:11 - [TEST_STEP][PASSED] - Statement - PreSaveFile = new java.io.File(((pathPrefix + java.lang.Integer.toString(counter)) + .png)): null

2018-12-13 23:13:11 - [TEST_STEP][PASSED] - Statement - counter = counter + 1: null

2018-12-13 23:13:11 - [TEST_STEP][PASSED] - Statement - PreSaveFile = new java.io.File(((pathPrefix + java.lang.Integer.toString(counter)) + .png)): null

2018-12-13 23:13:11 - [TEST_STEP][PASSED] - Statement - counter = counter + 1: null

2018-12-13 23:13:11 - [TEST_STEP][PASSED] - Statement - PreSaveFile = new java.io.File(((pathPrefix + java.lang.Integer.toString(counter)) + .png)): null

2018-12-13 23:13:11 - [TEST_STEP][PASSED] - Statement - counter = counter + 1: null

2018-12-13 23:13:11 - [TEST_STEP][PASSED] - Statement - PreSaveFile = new java.io.File(((pathPrefix + java.lang.Integer.toString(counter)) + .png)): null

2018-12-13 23:13:11 - [TEST_STEP][PASSED] - Statement - counter = counter + 1: null

2018-12-13 23:13:11 - [TEST_STEP][PASSED] - Statement - PreSaveFile = new java.io.File(((pathPrefix + java.lang.Integer.toString(counter)) + .png)): null

2018-12-13 23:13:11 - [TEST_STEP][PASSED] - Statement - counter = counter + 1: null

2018-12-13 23:13:11 - [TEST_STEP][PASSED] - Statement - PreSaveFile = new java.io.File(((pathPrefix + java.lang.Integer.toString(counter)) + .png)): null

2018-12-13 23:13:11 - [TEST_STEP][PASSED] - Statement - counter = counter + 1: null

2018-12-13 23:13:11 - [TEST_STEP][PASSED] - Statement - PreSaveFile = new java.io.File(((pathPrefix + java.lang.Integer.toString(counter)) + .png)): null

2018-12-13 23:13:11 - [TEST_STEP][PASSED] - Statement - counter = counter + 1: null

2018-12-13 23:13:11 - [TEST_STEP][PASSED] - Statement - PreSaveFile = new java.io.File(((pathPrefix + java.lang.Integer.toString(counter)) + .png)): null

2018-12-13 23:13:11 - [TEST_STEP][PASSED] - Statement - counter = counter + 1: null

2018-12-13 23:13:11 - [TEST_STEP][PASSED] - Statement - PreSaveFile = new java.io.File(((pathPrefix + java.lang.Integer.toString(counter)) + .png)): null

2018-12-13 23:13:11 - [TEST_STEP][PASSED] - Statement - counter = counter + 1: null

2018-12-13 23:13:11 - [TEST_STEP][PASSED] - Statement - PreSaveFile = new java.io.File(((pathPrefix + java.lang.Integer.toString(counter)) + .png)): null

2018-12-13 23:13:11 - [TEST_STEP][PASSED] - Statement - counter = counter + 1: null

2018-12-13 23:13:11 - [TEST_STEP][PASSED] - Statement - PreSaveFile = new java.io.File(((pathPrefix + java.lang.Integer.toString(counter)) + .png)): null

2018-12-13 23:13:11 - [TEST_STEP][PASSED] - Statement - counter = counter + 1: null

2018-12-13 23:13:11 - [TEST_STEP][PASSED] - Statement - PreSaveFile = new java.io.File(((pathPrefix + java.lang.Integer.toString(counter)) + .png)): null

2018-12-13 23:13:11 - [TEST_STEP][PASSED] - Statement - counter = counter + 1: null

2018-12-13 23:13:11 - [TEST_STEP][PASSED] - Statement - PreSaveFile = new java.io.File(((pathPrefix + java.lang.Integer.toString(counter)) + .png)): null

2018-12-13 23:13:11 - [TEST_STEP][PASSED] - Statement - counter = counter + 1: null

2018-12-13 23:13:11 - [TEST_STEP][PASSED] - Statement - PreSaveFile = new java.io.File(((pathPrefix + java.lang.Integer.toString(counter)) + .png)): null

2018-12-13 23:13:11 - [TEST_STEP][PASSED] - Statement - counter = counter + 1: null

2018-12-13 23:13:11 - [TEST_STEP][PASSED] - Statement - PreSaveFile = new java.io.File(((pathPrefix + java.lang.Integer.toString(counter)) + .png)): null

2018-12-13 23:13:11 - [TEST_STEP][PASSED] - Statement - counter = counter + 1: null

2018-12-13 23:13:11 - [TEST_STEP][PASSED] - Statement - PreSaveFile = new java.io.File(((pathPrefix + java.lang.Integer.toString(counter)) + .png)): null

2018-12-13 23:13:11 - [TEST_STEP][PASSED] - Statement - counter = counter + 1: null

2018-12-13 23:13:11 - [TEST_STEP][PASSED] - Statement - PreSaveFile = new java.io.File(((pathPrefix + java.lang.Integer.toString(counter)) + .png)): null

2018-12-13 23:13:11 - [TEST_STEP][PASSED] - Statement - counter = counter + 1: null

2018-12-13 23:13:11 - [TEST_STEP][PASSED] - Statement - PreSaveFile = new java.io.File(((pathPrefix + java.lang.Integer.toString(counter)) + .png)): null

2018-12-13 23:13:11 - [TEST_STEP][PASSED] - Statement - counter = counter + 1: null

2018-12-13 23:13:11 - [TEST_STEP][PASSED] - Statement - PreSaveFile = new java.io.File(((pathPrefix + java.lang.Integer.toString(counter)) + .png)): null

2018-12-13 23:13:11 - [TEST_STEP][PASSED] - Statement - counter = counter + 1: null

2018-12-13 23:13:11 - [TEST_STEP][PASSED] - Statement - PreSaveFile = new java.io.File(((pathPrefix + java.lang.Integer.toString(counter)) + .png)): null

2018-12-13 23:13:11 - [TEST_STEP][PASSED] - Statement - counter = counter + 1: null

2018-12-13 23:13:11 - [TEST_STEP][PASSED] - Statement - PreSaveFile = new java.io.File(((pathPrefix + java.lang.Integer.toString(counter)) + .png)): null

2018-12-13 23:13:11 - [TEST_STEP][PASSED] - Statement - counter = counter + 1: null

2018-12-13 23:13:11 - [TEST_STEP][PASSED] - Statement - PreSaveFile = new java.io.File(((pathPrefix + java.lang.Integer.toString(counter)) + .png)): null

2018-12-13 23:13:11 - [TEST_STEP][PASSED] - Statement - counter = counter + 1: null

2018-12-13 23:13:11 - [TEST_STEP][PASSED] - Statement - PreSaveFile = new java.io.File(((pathPrefix + java.lang.Integer.toString(counter)) + .png)): null

2018-12-13 23:13:11 - [TEST_STEP][PASSED] - Statement - counter = counter + 1: null

2018-12-13 23:13:11 - [TEST_STEP][PASSED] - Statement - PreSaveFile = new java.io.File(((pathPrefix + java.lang.Integer.toString(counter)) + .png)): null

2018-12-13 23:13:11 - [TEST_STEP][PASSED] - Statement - counter = counter + 1: null

2018-12-13 23:13:11 - [TEST_STEP][PASSED] - Statement - PreSaveFile = new java.io.File(((pathPrefix + java.lang.Integer.toString(counter)) + .png)): null

2018-12-13 23:13:11 - [TEST_STEP][PASSED] - Statement - counter = counter + 1: null

2018-12-13 23:13:11 - [TEST_STEP][PASSED] - Statement - PreSaveFile = new java.io.File(((pathPrefix + java.lang.Integer.toString(counter)) + .png)): null

2018-12-13 23:13:11 - [TEST_STEP][PASSED] - Statement - counter = counter + 1: null

2018-12-13 23:13:11 - [TEST_STEP][PASSED] - Statement - PreSaveFile = new java.io.File(((pathPrefix + java.lang.Integer.toString(counter)) + .png)): null

2018-12-13 23:13:11 - [TEST_STEP][PASSED] - Statement - counter = counter + 1: null

2018-12-13 23:13:11 - [TEST_STEP][PASSED] - Statement - PreSaveFile = new java.io.File(((pathPrefix + java.lang.Integer.toString(counter)) + .png)): null

2018-12-13 23:13:11 - [TEST_STEP][PASSED] - Statement - counter = counter + 1: null

2018-12-13 23:13:11 - [TEST_STEP][PASSED] - Statement - PreSaveFile = new java.io.File(((pathPrefix + java.lang.Integer.toString(counter)) + .png)): null

2018-12-13 23:13:11 - [TEST_STEP][PASSED] - Statement - counter = counter + 1: null

2018-12-13 23:13:11 - [TEST_STEP][PASSED] - Statement - PreSaveFile = new java.io.File(((pathPrefix + java.lang.Integer.toString(counter)) + .png)): null

2018-12-13 23:13:11 - [TEST_STEP][PASSED] - Statement - counter = counter + 1: null

2018-12-13 23:13:11 - [TEST_STEP][PASSED] - Statement - PreSaveFile = new java.io.File(((pathPrefix + java.lang.Integer.toString(counter)) + .png)): null

2018-12-13 23:13:11 - [TEST_STEP][PASSED] - Statement - counter = counter + 1: null

2018-12-13 23:13:11 - [TEST_STEP][PASSED] - Statement - PreSaveFile = new java.io.File(((pathPrefix + java.lang.Integer.toString(counter)) + .png)): null

2018-12-13 23:13:11 - [TEST_STEP][PASSED] - Statement - counter = counter + 1: null

2018-12-13 23:13:11 - [TEST_STEP][PASSED] - Statement - PreSaveFile = new java.io.File(((pathPrefix + java.lang.Integer.toString(counter)) + .png)): null

2018-12-13 23:13:11 - [TEST_STEP][PASSED] - Statement - counter = counter + 1: null

2018-12-13 23:13:11 - [TEST_STEP][PASSED] - Statement - PreSaveFile = new java.io.File(((pathPrefix + java.lang.Integer.toString(counter)) + .png)): null

2018-12-13 23:13:11 - [TEST_STEP][PASSED] - Statement - counter = counter + 1: null

2018-12-13 23:13:11 - [TEST_STEP][PASSED] - Statement - PreSaveFile = new java.io.File(((pathPrefix + java.lang.Integer.toString(counter)) + .png)): null

2018-12-13 23:13:11 - [TEST_STEP][PASSED] - Statement - counter = counter + 1: null

2018-12-13 23:13:11 - [TEST_STEP][PASSED] - Statement - PreSaveFile = new java.io.File(((pathPrefix + java.lang.Integer.toString(counter)) + .png)): null

2018-12-13 23:13:11 - [TEST_STEP][PASSED] - Statement - counter = counter + 1: null

2018-12-13 23:13:11 - [TEST_STEP][PASSED] - Statement - PreSaveFile = new java.io.File(((pathPrefix + java.lang.Integer.toString(counter)) + .png)): null

2018-12-13 23:13:11 - [TEST_STEP][PASSED] - Statement - counter = counter + 1: null

2018-12-13 23:13:11 - [TEST_STEP][PASSED] - Statement - PreSaveFile = new java.io.File(((pathPrefix + java.lang.Integer.toString(counter)) + .png)): null

2018-12-13 23:13:11 - [TEST_STEP][PASSED] - Statement - counter = counter + 1: null

2018-12-13 23:13:11 - [TEST_STEP][PASSED] - Statement - PreSaveFile = new java.io.File(((pathPrefix + java.lang.Integer.toString(counter)) + .png)): null

2018-12-13 23:13:11 - [TEST_STEP][PASSED] - Statement - counter = counter + 1: null

2018-12-13 23:13:11 - [TEST_STEP][PASSED] - Statement - PreSaveFile = new java.io.File(((pathPrefix + java.lang.Integer.toString(counter)) + .png)): null

2018-12-13 23:13:11 - [TEST_STEP][PASSED] - Statement - counter = counter + 1: null

2018-12-13 23:13:11 - [TEST_STEP][PASSED] - Statement - PreSaveFile = new java.io.File(((pathPrefix + java.lang.Integer.toString(counter)) + .png)): null

2018-12-13 23:13:11 - [TEST_STEP][PASSED] - Statement - counter = counter + 1: null

2018-12-13 23:13:11 - [TEST_STEP][PASSED] - Statement - PreSaveFile = new java.io.File(((pathPrefix + java.lang.Integer.toString(counter)) + .png)): null

2018-12-13 23:13:11 - [TEST_STEP][PASSED] - Statement - counter = counter + 1: null

2018-12-13 23:13:11 - [TEST_STEP][PASSED] - Statement - PreSaveFile = new java.io.File(((pathPrefix + java.lang.Integer.toString(counter)) + .png)): null

2018-12-13 23:13:11 - [TEST_STEP][PASSED] - Statement - counter = counter + 1: null

2018-12-13 23:13:11 - [TEST_STEP][PASSED] - Statement - PreSaveFile = new java.io.File(((pathPrefix + java.lang.Integer.toString(counter)) + .png)): null

2018-12-13 23:13:11 - [TEST_STEP][PASSED] - Statement - counter = counter + 1: null

2018-12-13 23:13:11 - [TEST_STEP][PASSED] - Statement - PreSaveFile = new java.io.File(((pathPrefix + java.lang.Integer.toString(counter)) + .png)): null

2018-12-13 23:13:11 - [TEST_STEP][PASSED] - Statement - counter = counter + 1: null

2018-12-13 23:13:11 - [TEST_STEP][PASSED] - Statement - PreSaveFile = new java.io.File(((pathPrefix + java.lang.Integer.toString(counter)) + .png)): null

2018-12-13 23:13:11 - [TEST_STEP][PASSED] - Statement - counter = counter + 1: null

2018-12-13 23:13:11 - [TEST_STEP][PASSED] - Statement - PreSaveFile = new java.io.File(((pathPrefix + java.lang.Integer.toString(counter)) + .png)): null

2018-12-13 23:13:11 - [TEST_STEP][PASSED] - Statement - counter = counter + 1: null

2018-12-13 23:13:11 - [TEST_STEP][PASSED] - Statement - PreSaveFile = new java.io.File(((pathPrefix + java.lang.Integer.toString(counter)) + .png)): null

2018-12-13 23:13:11 - [TEST_STEP][PASSED] - Statement - counter = counter + 1: null

2018-12-13 23:13:11 - [TEST_STEP][PASSED] - Statement - PreSaveFile = new java.io.File(((pathPrefix + java.lang.Integer.toString(counter)) + .png)): null

2018-12-13 23:13:11 - [TEST_STEP][PASSED] - Statement - counter = counter + 1: null

2018-12-13 23:13:11 - [TEST_STEP][PASSED] - Statement - PreSaveFile = new java.io.File(((pathPrefix + java.lang.Integer.toString(counter)) + .png)): null

2018-12-13 23:13:11 - [TEST_STEP][PASSED] - Statement - counter = counter + 1: null

2018-12-13 23:13:11 - [TEST_STEP][PASSED] - Statement - PreSaveFile = new java.io.File(((pathPrefix + java.lang.Integer.toString(counter)) + .png)): null

2018-12-13 23:13:11 - [TEST_STEP][PASSED] - Statement - counter = counter + 1: null

2018-12-13 23:13:11 - [TEST_STEP][PASSED] - Statement - PreSaveFile = new java.io.File(((pathPrefix + java.lang.Integer.toString(counter)) + .png)): null

2018-12-13 23:13:11 - [TEST_STEP][PASSED] - Statement - counter = counter + 1: null

2018-12-13 23:13:11 - [TEST_STEP][PASSED] - Statement - PreSaveFile = new java.io.File(((pathPrefix + java.lang.Integer.toString(counter)) + .png)): null

2018-12-13 23:13:11 - [TEST_STEP][PASSED] - Statement - counter = counter + 1: null

2018-12-13 23:13:11 - [TEST_STEP][PASSED] - Statement - PreSaveFile = new java.io.File(((pathPrefix + java.lang.Integer.toString(counter)) + .png)): null

2018-12-13 23:13:11 - [TEST_STEP][PASSED] - Statement - counter = counter + 1: null

2018-12-13 23:13:11 - [TEST_STEP][PASSED] - Statement - PreSaveFile = new java.io.File(((pathPrefix + java.lang.Integer.toString(counter)) + .png)): null

2018-12-13 23:13:11 - [TEST_STEP][PASSED] - Statement - counter = counter + 1: null

2018-12-13 23:13:11 - [TEST_STEP][PASSED] - Statement - PreSaveFile = new java.io.File(((pathPrefix + java.lang.Integer.toString(counter)) + .png)): null

2018-12-13 23:13:11 - [TEST_STEP][PASSED] - Statement - counter = counter + 1: null

2018-12-13 23:13:11 - [TEST_STEP][PASSED] - Statement - PreSaveFile = new java.io.File(((pathPrefix + java.lang.Integer.toString(counter)) + .png)): null

2018-12-13 23:13:11 - [TEST_STEP][PASSED] - Statement - counter = counter + 1: null

2018-12-13 23:13:11 - [TEST_STEP][PASSED] - Statement - PreSaveFile = new java.io.File(((pathPrefix + java.lang.Integer.toString(counter)) + .png)): null

2018-12-13 23:13:11 - [TEST_STEP][PASSED] - Statement - counter = counter + 1: null

2018-12-13 23:13:11 - [TEST_STEP][PASSED] - Statement - PreSaveFile = new java.io.File(((pathPrefix + java.lang.Integer.toString(counter)) + .png)): null

2018-12-13 23:13:11 - [TEST_STEP][PASSED] - Statement - counter = counter + 1: null

2018-12-13 23:13:11 - [TEST_STEP][PASSED] - Statement - PreSaveFile = new java.io.File(((pathPrefix + java.lang.Integer.toString(counter)) + .png)): null

2018-12-13 23:13:11 - [TEST_STEP][PASSED] - Statement - counter = counter + 1: null

2018-12-13 23:13:11 - [TEST_STEP][PASSED] - Statement - PreSaveFile = new java.io.File(((pathPrefix + java.lang.Integer.toString(counter)) + .png)): null

2018-12-13 23:13:11 - [TEST_STEP][PASSED] - Statement - counter = counter + 1: null

2018-12-13 23:13:11 - [TEST_STEP][PASSED] - Statement - PreSaveFile = new java.io.File(((pathPrefix + java.lang.Integer.toString(counter)) + .png)): null

2018-12-13 23:13:11 - [TEST_STEP][PASSED] - Statement - counter = counter + 1: null

2018-12-13 23:13:11 - [TEST_STEP][PASSED] - Statement - PreSaveFile = new java.io.File(((pathPrefix + java.lang.Integer.toString(counter)) + .png)): null

2018-12-13 23:13:11 - [TEST_STEP][PASSED] - Statement - counter = counter + 1: null

2018-12-13 23:13:11 - [TEST_STEP][PASSED] - Statement - PreSaveFile = new java.io.File(((pathPrefix + java.lang.Integer.toString(counter)) + .png)): null

2018-12-13 23:13:11 - [TEST_STEP][PASSED] - Statement - counter = counter + 1: null

2018-12-13 23:13:11 - [TEST_STEP][PASSED] - Statement - PreSaveFile = new java.io.File(((pathPrefix + java.lang.Integer.toString(counter)) + .png)): null

2018-12-13 23:13:11 - [TEST_STEP][PASSED] - Statement - counter = counter + 1: null

2018-12-13 23:13:11 - [TEST_STEP][PASSED] - Statement - PreSaveFile = new java.io.File(((pathPrefix + java.lang.Integer.toString(counter)) + .png)): null

2018-12-13 23:13:11 - [TEST_STEP][PASSED] - Statement - counter = counter + 1: null

2018-12-13 23:13:11 - [TEST_STEP][PASSED] - Statement - PreSaveFile = new java.io.File(((pathPrefix + java.lang.Integer.toString(counter)) + .png)): null

2018-12-13 23:13:11 - [TEST_STEP][PASSED] - Statement - counter = counter + 1: null

2018-12-13 23:13:11 - [TEST_STEP][PASSED] - Statement - PreSaveFile = new java.io.File(((pathPrefix + java.lang.Integer.toString(counter)) + .png)): null

2018-12-13 23:13:11 - [TEST_STEP][PASSED] - Statement - counter = counter + 1: null

2018-12-13 23:13:11 - [TEST_STEP][PASSED] - Statement - PreSaveFile = new java.io.File(((pathPrefix + java.lang.Integer.toString(counter)) + .png)): null

2018-12-13 23:13:11 - [TEST_STEP][PASSED] - Statement - counter = counter + 1: null

2018-12-13 23:13:11 - [TEST_STEP][PASSED] - Statement - PreSaveFile = new java.io.File(((pathPrefix + java.lang.Integer.toString(counter)) + .png)): null

2018-12-13 23:13:11 - [TEST_STEP][PASSED] - Statement - counter = counter + 1: null

2018-12-13 23:13:11 - [TEST_STEP][PASSED] - Statement - PreSaveFile = new java.io.File(((pathPrefix + java.lang.Integer.toString(counter)) + .png)): null

2018-12-13 23:13:11 - [TEST_STEP][PASSED] - Statement - counter = counter + 1: null

2018-12-13 23:13:11 - [TEST_STEP][PASSED] - Statement - PreSaveFile = new java.io.File(((pathPrefix + java.lang.Integer.toString(counter)) + .png)): null

2018-12-13 23:13:11 - [TEST_STEP][PASSED] - Statement - counter = counter + 1: null

2018-12-13 23:13:11 - [TEST_STEP][PASSED] - Statement - PreSaveFile = new java.io.File(((pathPrefix + java.lang.Integer.toString(counter)) + .png)): null

2018-12-13 23:13:11 - [TEST_STEP][PASSED] - Statement - counter = counter + 1: null

2018-12-13 23:13:11 - [TEST_STEP][PASSED] - Statement - PreSaveFile = new java.io.File(((pathPrefix + java.lang.Integer.toString(counter)) + .png)): null

2018-12-13 23:13:11 - [TEST_STEP][PASSED] - Statement - counter = counter + 1: null

2018-12-13 23:13:11 - [TEST_STEP][PASSED] - Statement - PreSaveFile = new java.io.File(((pathPrefix + java.lang.Integer.toString(counter)) + .png)): null

2018-12-13 23:13:11 - [TEST_STEP][PASSED] - Statement - counter = counter + 1: null

2018-12-13 23:13:11 - [TEST_STEP][PASSED] - Statement - PreSaveFile = new java.io.File(((pathPrefix + java.lang.Integer.toString(counter)) + .png)): null

2018-12-13 23:13:11 - [TEST_STEP][PASSED] - Statement - counter = counter + 1: null

2018-12-13 23:13:11 - [TEST_STEP][PASSED] - Statement - PreSaveFile = new java.io.File(((pathPrefix + java.lang.Integer.toString(counter)) + .png)): null

2018-12-13 23:13:11 - [TEST_STEP][PASSED] - Statement - counter = counter + 1: null

2018-12-13 23:13:11 - [TEST_STEP][PASSED] - Statement - PreSaveFile = new java.io.File(((pathPrefix + java.lang.Integer.toString(counter)) + .png)): null

2018-12-13 23:13:11 - [TEST_STEP][PASSED] - Statement - counter = counter + 1: null

2018-12-13 23:13:11 - [TEST_STEP][PASSED] - Statement - PreSaveFile = new java.io.File(((pathPrefix + java.lang.Integer.toString(counter)) + .png)): null

2018-12-13 23:13:11 - [TEST_STEP][PASSED] - Statement - counter = counter + 1: null

2018-12-13 23:13:11 - [TEST_STEP][PASSED] - Statement - PreSaveFile = new java.io.File(((pathPrefix + java.lang.Integer.toString(counter)) + .png)): null

2018-12-13 23:13:11 - [TEST_STEP][PASSED] - Statement - counter = counter + 1: null

2018-12-13 23:13:11 - [TEST_STEP][PASSED] - Statement - PreSaveFile = new java.io.File(((pathPrefix + java.lang.Integer.toString(counter)) + .png)): null

2018-12-13 23:13:11 - [TEST_STEP][PASSED] - Statement - counter = counter + 1: null

2018-12-13 23:13:11 - [TEST_STEP][PASSED] - Statement - PreSaveFile = new java.io.File(((pathPrefix + java.lang.Integer.toString(counter)) + .png)): null

2018-12-13 23:13:11 - [TEST_STEP][PASSED] - Statement - counter = counter + 1: null

2018-12-13 23:13:11 - [TEST_STEP][PASSED] - Statement - PreSaveFile = new java.io.File(((pathPrefix + java.lang.Integer.toString(counter)) + .png)): null

2018-12-13 23:13:11 - [TEST_STEP][PASSED] - Statement - counter = counter + 1: null

2018-12-13 23:13:11 - [TEST_STEP][PASSED] - Statement - PreSaveFile = new java.io.File(((pathPrefix + java.lang.Integer.toString(counter)) + .png)): null

2018-12-13 23:13:11 - [TEST_STEP][PASSED] - Statement - counter = counter + 1: null

2018-12-13 23:13:11 - [TEST_STEP][PASSED] - Statement - PreSaveFile = new java.io.File(((pathPrefix + java.lang.Integer.toString(counter)) + .png)): null

2018-12-13 23:13:11 - [TEST_STEP][PASSED] - Statement - counter = counter + 1: null

2018-12-13 23:13:11 - [TEST_STEP][PASSED] - Statement - PreSaveFile = new java.io.File(((pathPrefix + java.lang.Integer.toString(counter)) + .png)): null

2018-12-13 23:13:11 - [TEST_STEP][PASSED] - Statement - counter = counter + 1: null

2018-12-13 23:13:11 - [TEST_STEP][PASSED] - Statement - PreSaveFile = new java.io.File(((pathPrefix + java.lang.Integer.toString(counter)) + .png)): null

2018-12-13 23:13:11 - [TEST_STEP][PASSED] - Statement - counter = counter + 1: null

2018-12-13 23:13:11 - [TEST_STEP][PASSED] - Statement - PreSaveFile = new java.io.File(((pathPrefix + java.lang.Integer.toString(counter)) + .png)): null

2018-12-13 23:13:11 - [TEST_STEP][PASSED] - Statement - counter = counter + 1: null

2018-12-13 23:13:11 - [TEST_STEP][PASSED] - Statement - PreSaveFile = new java.io.File(((pathPrefix + java.lang.Integer.toString(counter)) + .png)): null

2018-12-13 23:13:12 - [TEST_STEP][PASSED] - Statement - counter = counter + 1: null

2018-12-13 23:13:12 - [TEST_STEP][PASSED] - Statement - PreSaveFile = new java.io.File(((pathPrefix + java.lang.Integer.toString(counter)) + .png)): null

2018-12-13 23:13:12 - [TEST_STEP][PASSED] - Statement - counter = counter + 1: null

2018-12-13 23:13:12 - [TEST_STEP][PASSED] - Statement - PreSaveFile = new java.io.File(((pathPrefix + java.lang.Integer.toString(counter)) + .png)): null

2018-12-13 23:13:12 - [TEST_STEP][PASSED] - Statement - counter = counter + 1: null

2018-12-13 23:13:12 - [TEST_STEP][PASSED] - Statement - PreSaveFile = new java.io.File(((pathPrefix + java.lang.Integer.toString(counter)) + .png)): null

2018-12-13 23:13:12 - [TEST_STEP][PASSED] - Statement - counter = counter + 1: null

2018-12-13 23:13:12 - [TEST_STEP][PASSED] - Statement - PreSaveFile = new java.io.File(((pathPrefix + java.lang.Integer.toString(counter)) + .png)): null

2018-12-13 23:13:12 - [TEST_STEP][PASSED] - Statement - counter = counter + 1: null

2018-12-13 23:13:12 - [TEST_STEP][PASSED] - Statement - PreSaveFile = new java.io.File(((pathPrefix + java.lang.Integer.toString(counter)) + .png)): null

2018-12-13 23:13:12 - [TEST_STEP][PASSED] - Statement - counter = counter + 1: null

2018-12-13 23:13:12 - [TEST_STEP][PASSED] - Statement - PreSaveFile = new java.io.File(((pathPrefix + java.lang.Integer.toString(counter)) + .png)): null

2018-12-13 23:13:12 - [TEST_STEP][PASSED] - Statement - counter = counter + 1: null

2018-12-13 23:13:12 - [TEST_STEP][PASSED] - Statement - PreSaveFile = new java.io.File(((pathPrefix + java.lang.Integer.toString(counter)) + .png)): null

2018-12-13 23:13:12 - [TEST_STEP][PASSED] - Statement - counter = counter + 1: null

2018-12-13 23:13:12 - [TEST_STEP][PASSED] - Statement - PreSaveFile = new java.io.File(((pathPrefix + java.lang.Integer.toString(counter)) + .png)): null

2018-12-13 23:13:12 - [TEST_STEP][PASSED] - Statement - counter = counter + 1: null

2018-12-13 23:13:12 - [TEST_STEP][PASSED] - Statement - PreSaveFile = new java.io.File(((pathPrefix + java.lang.Integer.toString(counter)) + .png)): null

2018-12-13 23:13:12 - [TEST_STEP][PASSED] - Statement - counter = counter + 1: null

2018-12-13 23:13:12 - [TEST_STEP][PASSED] - Statement - PreSaveFile = new java.io.File(((pathPrefix + java.lang.Integer.toString(counter)) + .png)): null

2018-12-13 23:13:12 - [TEST_STEP][PASSED] - Statement - counter = counter + 1: null

2018-12-13 23:13:12 - [TEST_STEP][PASSED] - Statement - PreSaveFile = new java.io.File(((pathPrefix + java.lang.Integer.toString(counter)) + .png)): null

2018-12-13 23:13:12 - [TEST_STEP][PASSED] - Statement - counter = counter + 1: null

2018-12-13 23:13:12 - [TEST_STEP][PASSED] - Statement - PreSaveFile = new java.io.File(((pathPrefix + java.lang.Integer.toString(counter)) + .png)): null

2018-12-13 23:13:12 - [TEST_STEP][PASSED] - Statement - counter = counter + 1: null

2018-12-13 23:13:12 - [TEST_STEP][PASSED] - Statement - PreSaveFile = new java.io.File(((pathPrefix + java.lang.Integer.toString(counter)) + .png)): null

2018-12-13 23:13:12 - [TEST_STEP][PASSED] - Statement - counter = counter + 1: null

2018-12-13 23:13:12 - [TEST_STEP][PASSED] - Statement - PreSaveFile = new java.io.File(((pathPrefix + java.lang.Integer.toString(counter)) + .png)): null

2018-12-13 23:13:12 - [TEST_STEP][PASSED] - Statement - counter = counter + 1: null

2018-12-13 23:13:12 - [TEST_STEP][PASSED] - Statement - PreSaveFile = new java.io.File(((pathPrefix + java.lang.Integer.toString(counter)) + .png)): null

2018-12-13 23:13:12 - [TEST_STEP][PASSED] - Statement - counter = counter + 1: null

2018-12-13 23:13:12 - [TEST_STEP][PASSED] - Statement - PreSaveFile = new java.io.File(((pathPrefix + java.lang.Integer.toString(counter)) + .png)): null

2018-12-13 23:13:12 - [TEST_STEP][PASSED] - Statement - counter = counter + 1: null

2018-12-13 23:13:12 - [TEST_STEP][PASSED] - Statement - PreSaveFile = new java.io.File(((pathPrefix + java.lang.Integer.toString(counter)) + .png)): null

2018-12-13 23:13:12 - [TEST_STEP][PASSED] - Statement - counter = counter + 1: null

2018-12-13 23:13:12 - [TEST_STEP][PASSED] - Statement - PreSaveFile = new java.io.File(((pathPrefix + java.lang.Integer.toString(counter)) + .png)): null

2018-12-13 23:13:12 - [TEST_STEP][PASSED] - Statement - finalPath = pathPrefix + java.lang.Integer.toString(counter) + ".png": null

2018-12-13 23:13:12 - [TEST_STEP][PASSED] - Statement - SaveFile = new java.io.File(finalPath): null

2018-12-13 23:13:12 - [TEST_STEP][PASSED] - Statement - Try: null

2018-12-13 23:13:12 - [TEST_STEP][PASSED] - Statement - org.apache.commons.io.FileUtils.copyFile(scrFile, SaveFile): null

2018-12-13 23:13:12 - [TEST_STEP][PASSED] - Statement - out.println("file kept"): null

2018-12-13 23:13:12 - [TEST_STEP][PASSED] - delay: Delayed 10 second(s)

2018-12-13 23:13:22 - [MESSAGE][PASSED] - Delayed 10 second(s)

2018-12-13 23:13:22 - [MESSAGE][PASSED] - Call Test Case 'Test Cases/Final Aug 2018 - PKS Automation/Registration Module/New Registration/Submit and Screenshot/Submit Registration and Screenshot' successfully

2018-12-13 23:13:22 - [TEST_STEP][PASSED] - callTestCase: Call Test Case 'Test Cases/Final Aug 2018 - PKS Automation/Registration Module/Log Out/log out avoiding katalon tagging' successfully

2018-12-13 23:13:22 - [TEST_CASE][PASSED] - Test Cases/Final Aug 2018 - PKS Automation/Registration Module/Log Out/log out avoiding katalon tagging: Test Cases/Final Aug 2018 - PKS Automation/Registration Module/Log Out/log out avoiding katalon tagging

2018-12-13 23:13:22 - [TEST_STEP][PASSED] - navigateToUrl: Navigate to 'https://assist2-uat.perkeso.gov.my/c/portal/logout' successfully

2018-12-13 23:13:23 - [MESSAGE][PASSED] - Navigate to 'https://assist2-uat.perkeso.gov.my/c/portal/logout' successfully

2018-12-13 23:13:23 - [MESSAGE][PASSED] - Call Test Case 'Test Cases/Final Aug 2018 - PKS Automation/Registration Module/Log Out/log out avoiding katalon tagging' successfully

2018-12-13 23:13:23 - [TEST_STEP][PASSED] - callTestCase: Call Test Case 'Test Cases/Final Aug 2018 - PKS Automation/Common/Workflow Owner Finder' successfully

2018-12-13 23:13:23 - [TEST_CASE][PASSED] - Test Cases/Final Aug 2018 - PKS Automation/Common/Workflow Owner Finder: Test Cases/Final Aug 2018 - PKS Automation/Common/Workflow Owner Finder

2018-12-13 23:13:23 - [TEST_STEP][PASSED] - openBrowser: Browser is opened with url: ''

2018-12-13 23:13:23 - [MESSAGE][WARNING] - A browser is already opened. Closing browser and opening a new one

2018-12-13 23:13:28 - [MESSAGE][PASSED] - Browser is opened with url: ''

2018-12-13 23:13:28 - [TEST_STEP][PASSED] - navigateToUrl: Navigate to 'https://assist2-uat.perkeso.gov.my/login' successfully

2018-12-13 23:13:29 - [MESSAGE][PASSED] - Navigate to 'https://assist2-uat.perkeso.gov.my/login' successfully

2018-12-13 23:13:29 - [TEST_STEP][PASSED] - delay: Delayed 5 second(s)

2018-12-13 23:13:34 - [MESSAGE][PASSED] - Delayed 5 second(s)

2018-12-13 23:13:34 - [TEST_STEP][PASSED] - setText: Text 'test@liferay.com' is set on object 'Object Repository/Final Object Repo/Login Page/Internal User/Email Address'

2018-12-13 23:13:34 - [MESSAGE][PASSED] - Text 'test@liferay.com' is set on object 'Object Repository/Final Object Repo/Login Page/Internal User/Email Address'

2018-12-13 23:13:34 - [TEST_STEP][PASSED] - click: Object: 'Object Repository/Final Object Repo/Login Page/Internal User/Next Button' is clicked on

2018-12-13 23:13:34 - [MESSAGE][PASSED] - Object: 'Object Repository/Final Object Repo/Login Page/Internal User/Next Button' is clicked on

2018-12-13 23:13:34 - [TEST_STEP][PASSED] - delay: Delayed 2 second(s)

2018-12-13 23:13:36 - [MESSAGE][PASSED] - Delayed 2 second(s)

2018-12-13 23:13:36 - [TEST_STEP][PASSED] - setText: Text 'test' is set on object 'Object Repository/Final Object Repo/Login Page/Internal User/Password'

2018-12-13 23:13:37 - [MESSAGE][PASSED] - Text 'test' is set on object 'Object Repository/Final Object Repo/Login Page/Internal User/Password'

2018-12-13 23:13:37 - [TEST_STEP][PASSED] - delay: Delayed 2 second(s)

2018-12-13 23:13:39 - [MESSAGE][PASSED] - Delayed 2 second(s)

2018-12-13 23:13:39 - [TEST_STEP][PASSED] - click: Object: 'Object Repository/Final Object Repo/Login Page/Internal User/Login Button' is clicked on

2018-12-13 23:13:39 - [MESSAGE][PASSED] - Object: 'Object Repository/Final Object Repo/Login Page/Internal User/Login Button' is clicked on

2018-12-13 23:13:39 - [TEST_STEP][PASSED] - Statement - tester = com.kms.katalon.core.testobject.ObjectRepository.findTestObject(Final Object Repo/Landing Page/Select to English): Finding Test Object with id 'Object Repository/Final Object Repo/Landing Page/Select to English'

2018-12-13 23:13:39 - [TEST_STEP][PASSED] - Statement - Try: Delayed 2 second(s)

2018-12-13 23:13:39 - [TEST_STEP][PASSED] - Statement - Checker = com.kms.katalon.core.webui.keyword.WebUiBuiltInKeywords.verifyElementNotPresent(tester, 3): Web element with id: 'Object Repository/Final Object Repo/Landing Page/Select to English' located by 'By.xpath: //a[@class = 'taglib-language-list-text' and @lang = 'en-US' and (contains(text(), 'EN') or contains(., 'EN'))]' is not present after '3' second(s)

2018-12-13 23:13:41 - [MESSAGE][PASSED] - Web element with id: 'Object Repository/Final Object Repo/Landing Page/Select to English' located by 'By.xpath: //a[@class = 'taglib-language-list-text' and @lang = 'en-US' and (contains(text(), 'EN') or contains(., 'EN'))]' is not present after '3' second(s)

2018-12-13 23:13:41 - [TEST_STEP][PASSED] - Statement - If (Checker == false): null

2018-12-13 23:13:41 - [TEST_STEP][PASSED] - delay: Delayed 2 second(s)

2018-12-13 23:13:43 - [MESSAGE][PASSED] - Delayed 2 second(s)

2018-12-13 23:13:43 - [TEST_STEP][PASSED] - delay: Delayed 5 second(s)

2018-12-13 23:13:48 - [MESSAGE][PASSED] - Delayed 5 second(s)

2018-12-13 23:13:48 - [TEST_STEP][PASSED] - mouseOver: Object: 'Object Repository/Final Object Repo/Landing Page/WorkFlow Menu' is hovered

2018-12-13 23:13:48 - [MESSAGE][PASSED] - Object: 'Object Repository/Final Object Repo/Landing Page/WorkFlow Menu' is hovered

2018-12-13 23:13:48 - [TEST_STEP][PASSED] - delay: Delayed 2 second(s)

2018-12-13 23:13:50 - [MESSAGE][PASSED] - Delayed 2 second(s)

2018-12-13 23:13:50 - [TEST_STEP][PASSED] - click: Object: 'Object Repository/Final Object Repo/Landing Page/Select to Workflow Listing' is clicked on

2018-12-13 23:13:51 - [MESSAGE][PASSED] - Object: 'Object Repository/Final Object Repo/Landing Page/Select to Workflow Listing' is clicked on

2018-12-13 23:13:51 - [TEST_STEP][PASSED] - delay: Delayed 2 second(s)

2018-12-13 23:13:53 - [MESSAGE][PASSED] - Delayed 2 second(s)

2018-12-13 23:13:53 - [TEST_STEP][PASSED] - click: Object: 'Object Repository/Final Object Repo/WorkFlow Listing Page/Search Information - To Put Ref No' is clicked on

2018-12-13 23:13:53 - [MESSAGE][PASSED] - Object: 'Object Repository/Final Object Repo/WorkFlow Listing Page/Search Information - To Put Ref No' is clicked on

2018-12-13 23:13:53 - [TEST_STEP][PASSED] - delay: Delayed 2 second(s)

2018-12-13 23:13:55 - [MESSAGE][PASSED] - Delayed 2 second(s)

2018-12-13 23:13:55 - [TEST_STEP][PASSED] - callTestCase: Call Test Case 'Test Cases/Final Aug 2018 - PKS Automation/Common/Reference Number Getter' successfully

2018-12-13 23:13:55 - [TEST_CASE][PASSED] - Test Cases/Final Aug 2018 - PKS Automation/Common/Reference Number Getter: Test Cases/Final Aug 2018 - PKS Automation/Common/Reference Number Getter

2018-12-13 23:13:56 - [TEST_STEP][PASSED] - Statement - Try: null

2018-12-13 23:13:56 - [TEST_STEP][PASSED] - Statement - RefNo = new java.io.File(C://Users//Admin//Desktop//PKS//Automation Reference Point//KatalonReference.txt): null

2018-12-13 23:13:56 - [TEST_STEP][PASSED] - Statement - bufferread = new java.io.BufferedReader(new java.io.FileReader(RefNo)): null

2018-12-13 23:13:56 - [TEST_STEP][PASSED] - Statement - readedVal = bufferread.readLine(): null

2018-12-13 23:13:56 - [TEST_STEP][PASSED] - Statement - out.println(CaseReferenceNo): null

2018-12-13 23:13:56 - [TEST_STEP][PASSED] - Statement - out.println(readedVal): null

2018-12-13 23:13:56 - [TEST_STEP][PASSED] - Statement - CaseReferenceNo = "": null

2018-12-13 23:13:56 - [TEST_STEP][PASSED] - Statement - CaseReferenceNo = readedVal: null

2018-12-13 23:13:56 - [MESSAGE][PASSED] - Call Test Case 'Test Cases/Final Aug 2018 - PKS Automation/Common/Reference Number Getter' successfully

2018-12-13 23:13:56 - [TEST_STEP][PASSED] - setText: Text 'CRN12201800123316' is set on object 'Object Repository/Final Object Repo/WorkFlow Listing Page/Ref No Set Text'

2018-12-13 23:13:56 - [MESSAGE][PASSED] - Text 'CRN12201800123316' is set on object 'Object Repository/Final Object Repo/WorkFlow Listing Page/Ref No Set Text'

2018-12-13 23:13:56 - [TEST_STEP][PASSED] - delay: Delayed 2 second(s)

2018-12-13 23:13:58 - [MESSAGE][PASSED] - Delayed 2 second(s)

2018-12-13 23:13:58 - [TEST_STEP][PASSED] - click: Object: 'Object Repository/Final Object Repo/WorkFlow Listing Page/Search Ref No Search Button' is clicked on

2018-12-13 23:13:58 - [MESSAGE][PASSED] - Object: 'Object Repository/Final Object Repo/WorkFlow Listing Page/Search Ref No Search Button' is clicked on

2018-12-13 23:13:58 - [TEST_STEP][PASSED] - delay: Delayed 6 second(s)

2018-12-13 23:14:04 - [MESSAGE][PASSED] - Delayed 6 second(s)

2018-12-13 23:14:04 - [TEST_STEP][PASSED] - click: Object: 'Object Repository/Final Object Repo/WorkFlow Listing Page/Click Continue Tooltip' is clicked on

2018-12-13 23:14:05 - [MESSAGE][PASSED] - Object: 'Object Repository/Final Object Repo/WorkFlow Listing Page/Click Continue Tooltip' is clicked on

2018-12-13 23:14:05 - [TEST_STEP][PASSED] - delay: Delayed 5 second(s)

2018-12-13 23:14:10 - [MESSAGE][PASSED] - Delayed 5 second(s)

2018-12-13 23:14:10 - [TEST_STEP][PASSED] - doubleClick: Object: 'Object Repository/Final Object Repo/WorkFlow Listing Page/Workflow Found - Listing 1' is double clicked on

2018-12-13 23:14:10 - [MESSAGE][PASSED] - Object: 'Object Repository/Final Object Repo/WorkFlow Listing Page/Workflow Found - Listing 1' is double clicked on

2018-12-13 23:14:10 - [TEST_STEP][PASSED] - Statement - println(OwnerID): null

2018-12-13 23:14:11 - [TEST_STEP][PASSED] - Statement - OwnerID = com.kms.katalon.core.webui.keyword.WebUiBuiltInKeywords.getText(com.kms.katalon.core.testobject.ObjectRepository.findTestObject(Final Object Repo/WorkFlow Listing Page/Workflow Found - Listing 1), STOP_ON_FAILURE): Text of object 'Object Repository/Final Object Repo/WorkFlow Listing Page/Workflow Found - Listing 1' is: 'JOHORro2'

2018-12-13 23:14:11 - [MESSAGE][PASSED] - Text of object 'Object Repository/Final Object Repo/WorkFlow Listing Page/Workflow Found - Listing 1' is: 'JOHORro2'

2018-12-13 23:14:11 - [TEST_STEP][PASSED] - Statement - OwnerID = OwnerID.toLowerCase() + "@gmail.com": null

2018-12-13 23:14:11 - [TEST_STEP][PASSED] - Statement - println(OwnerID): null

2018-12-13 23:14:11 - [TEST_STEP][PASSED] - delay: Delayed 2 second(s)

2018-12-13 23:14:13 - [MESSAGE][PASSED] - Delayed 2 second(s)

2018-12-13 23:14:13 - [MESSAGE][PASSED] - Call Test Case 'Test Cases/Final Aug 2018 - PKS Automation/Common/Workflow Owner Finder' successfully

2018-12-13 23:14:13 - [TEST_STEP][PASSED] - callTestCase: Call Test Case 'Test Cases/Final Aug 2018 - PKS Automation/Registration Module/Log Out/log out avoiding katalon tagging' successfully

2018-12-13 23:14:13 - [TEST_CASE][PASSED] - Test Cases/Final Aug 2018 - PKS Automation/Registration Module/Log Out/log out avoiding katalon tagging: Test Cases/Final Aug 2018 - PKS Automation/Registration Module/Log Out/log out avoiding katalon tagging

2018-12-13 23:14:13 - [TEST_STEP][PASSED] - navigateToUrl: Navigate to 'https://assist2-uat.perkeso.gov.my/c/portal/logout' successfully

2018-12-13 23:14:13 - [MESSAGE][PASSED] - Navigate to 'https://assist2-uat.perkeso.gov.my/c/portal/logout' successfully

2018-12-13 23:14:13 - [MESSAGE][PASSED] - Call Test Case 'Test Cases/Final Aug 2018 - PKS Automation/Registration Module/Log Out/log out avoiding katalon tagging' successfully

2018-12-13 23:14:13 - [TEST_STEP][PASSED] - delay: Delayed 2 second(s)

2018-12-13 23:14:15 - [MESSAGE][PASSED] - Delayed 2 second(s)

2018-12-13 23:14:15 - [TEST_STEP][PASSED] - setText: Text 'johorro2@gmail.com' is set on object 'Object Repository/Final Object Repo/New Registration - Registration Module Pages/New Reg - OTC to RO/Special Case - All Related Objects/Email TextBox'

2018-12-13 23:14:16 - [MESSAGE][PASSED] - Text 'johorro2@gmail.com' is set on object 'Object Repository/Final Object Repo/New Registration - Registration Module Pages/New Reg - OTC to RO/Special Case - All Related Objects/Email TextBox'

2018-12-13 23:14:16 - [TEST_STEP][PASSED] - click: Object: 'Object Repository/Final Object Repo/New Registration - Registration Module Pages/New Reg - OTC to RO/Special Case - All Related Objects/Next Button' is clicked on

2018-12-13 23:14:16 - [MESSAGE][PASSED] - Object: 'Object Repository/Final Object Repo/New Registration - Registration Module Pages/New Reg - OTC to RO/Special Case - All Related Objects/Next Button' is clicked on

2018-12-13 23:14:16 - [TEST_STEP][PASSED] - delay: Delayed 2 second(s)

2018-12-13 23:14:18 - [MESSAGE][PASSED] - Delayed 2 second(s)

2018-12-13 23:14:18 - [TEST_STEP][PASSED] - setText: Text 'Test1@3456789' is set on object 'Object Repository/Final Object Repo/New Registration - Registration Module Pages/New Reg - OTC to RO/Special Case - All Related Objects/Password TextBox'

2018-12-13 23:14:18 - [MESSAGE][PASSED] - Text 'Test1@3456789' is set on object 'Object Repository/Final Object Repo/New Registration - Registration Module Pages/New Reg - OTC to RO/Special Case - All Related Objects/Password TextBox'

2018-12-13 23:14:18 - [TEST_STEP][PASSED] - delay: Delayed 2 second(s)

2018-12-13 23:14:20 - [MESSAGE][PASSED] - Delayed 2 second(s)

2018-12-13 23:14:20 - [TEST_STEP][PASSED] - click: Object: 'Object Repository/Final Object Repo/New Registration - Registration Module Pages/New Reg - OTC to RO/Special Case - All Related Objects/Login Button' is clicked on

2018-12-13 23:14:20 - [MESSAGE][PASSED] - Object: 'Object Repository/Final Object Repo/New Registration - Registration Module Pages/New Reg - OTC to RO/Special Case - All Related Objects/Login Button' is clicked on

2018-12-13 23:14:20 - [TEST_STEP][PASSED] - delay: Delayed 2 second(s)

2018-12-13 23:14:22 - [MESSAGE][PASSED] - Delayed 2 second(s)

2018-12-13 23:14:22 - [TEST_STEP][PASSED] - Statement - Try: null

2018-12-13 23:14:22 - [TEST_STEP][PASSED] - Statement - Checker = com.kms.katalon.core.webui.keyword.WebUiBuiltInKeywords.verifyElementNotPresent("Final Object Repo/Landing Page/Select to English", 3): null

2018-12-13 23:14:22 - [TEST_STEP][PASSED] - Statement - Catch (Exception e): null

2018-12-13 23:14:22 - [TEST_STEP][PASSED] - Statement - e.printStackTrace(): null

2018-12-13 23:14:22 - [TEST_STEP][PASSED] - click: Object: 'Object Repository/Final Object Repo/New Registration - Registration Module Pages/New Reg - OTC to RO/Special Case - All Related Objects/Expand to Search' is clicked on

2018-12-13 23:14:23 - [MESSAGE][PASSED] - Object: 'Object Repository/Final Object Repo/New Registration - Registration Module Pages/New Reg - OTC to RO/Special Case - All Related Objects/Expand to Search' is clicked on

2018-12-13 23:14:23 - [TEST_STEP][FAILED] - setText: Unable to set text 'CRN12201800123316' of object 'Object Repository/Final Object Repo/New Registration - Registration Module Pages/New Reg - OTC to RO/Special Case - All Related Objects/TextBox RefNo in Workbasket' (Root cause: org.openqa.selenium.ElementNotVisibleException: element not interactable
  (Session info: chrome=70.0.3538.110)
  (Driver info: chromedriver=2.43.600210 (68dcf5eebde37173d4027fa8635e332711d2874a),platform=Windows NT 6.1.7601 SP1 x86_64) (WARNING: The server did not provide any stacktrace information)
Command duration or timeout: 0 milliseconds
Build info: version: '3.7.1', revision: '8a0099a', time: '2017-11-06T21:07:36.161Z'
System info: host: 'WIN7TEST02', ip: '10.20.3.72', os.name: 'Windows 7', os.arch: 'amd64', os.version: '6.1', java.version: '1.8.0_181'
Driver info: com.kms.katalon.selenium.driver.CChromeDriver
Capabilities {acceptInsecureCerts: false, acceptSslCerts: false, applicationCacheEnabled: false, browserConnectionEnabled: false, browserName: chrome, chrome: {chromedriverVersion: 2.43.600210 (68dcf5eebde371..., userDataDir: C:\Users\Admin\AppData\Loca...}, cssSelectorsEnabled: true, databaseEnabled: false, goog:chromeOptions: {debuggerAddress: localhost:61863}, handlesAlerts: true, hasTouchScreen: false, javascriptEnabled: true, locationContextEnabled: true, mobileEmulationEnabled: false, nativeEvents: true, networkConnectionEnabled: false, pageLoadStrategy: normal, platform: XP, platformName: XP, rotatable: false, setWindowRect: true, takesHeapSnapshot: true, takesScreenshot: true, unexpectedAlertBehaviour: , unhandledPromptBehavior: , version: 70.0.3538.110, webStorageEnabled: true}
Session ID: 84adae1666ee874704f0ed7e382c6854)

2018-12-13 23:14:23 - [MESSAGE][FAILED] - Unable to set text 'CRN12201800123316' of object 'Object Repository/Final Object Repo/New Registration - Registration Module Pages/New Reg - OTC to RO/Special Case - All Related Objects/TextBox RefNo in Workbasket' (Root cause: org.openqa.selenium.ElementNotVisibleException: element not interactable
  (Session info: chrome=70.0.3538.110)
  (Driver info: chromedriver=2.43.600210 (68dcf5eebde37173d4027fa8635e332711d2874a),platform=Windows NT 6.1.7601 SP1 x86_64) (WARNING: The server did not provide any stacktrace information)
Command duration or timeout: 0 milliseconds
Build info: version: '3.7.1', revision: '8a0099a', time: '2017-11-06T21:07:36.161Z'
System info: host: 'WIN7TEST02', ip: '10.20.3.72', os.name: 'Windows 7', os.arch: 'amd64', os.version: '6.1', java.version: '1.8.0_181'
Driver info: com.kms.katalon.selenium.driver.CChromeDriver
Capabilities {acceptInsecureCerts: false, acceptSslCerts: false, applicationCacheEnabled: false, browserConnectionEnabled: false, browserName: chrome, chrome: {chromedriverVersion: 2.43.600210 (68dcf5eebde371..., userDataDir: C:\Users\Admin\AppData\Loca...}, cssSelectorsEnabled: true, databaseEnabled: false, goog:chromeOptions: {debuggerAddress: localhost:61863}, handlesAlerts: true, hasTouchScreen: false, javascriptEnabled: true, locationContextEnabled: true, mobileEmulationEnabled: false, nativeEvents: true, networkConnectionEnabled: false, pageLoadStrategy: normal, platform: XP, platformName: XP, rotatable: false, setWindowRect: true, takesHeapSnapshot: true, takesScreenshot: true, unexpectedAlertBehaviour: , unhandledPromptBehavior: , version: 70.0.3538.110, webStorageEnabled: true}
Session ID: 84adae1666ee874704f0ed7e382c6854)
[[ATTACHMENT|C:\\Users\\Admin\\Desktop\\PKS\\Perkeso Phase A\\Reports\\Workflow\\New Registration\\20181213_194711\\1544714063249.png]]

2018-12-13 23:14:23 - [TEST_STEP][PASSED] - delay: Delayed 2 second(s)

2018-12-13 23:14:25 - [MESSAGE][PASSED] - Delayed 2 second(s)

2018-12-13 23:14:25 - [TEST_STEP][PASSED] - click: Object: 'Object Repository/Final Object Repo/New Registration - Registration Module Pages/New Reg - OTC to RO/Special Case - All Related Objects/Click Search' is clicked on

2018-12-13 23:14:25 - [MESSAGE][PASSED] - Object: 'Object Repository/Final Object Repo/New Registration - Registration Module Pages/New Reg - OTC to RO/Special Case - All Related Objects/Click Search' is clicked on

2018-12-13 23:14:25 - [TEST_STEP][PASSED] - delay: Delayed 2 second(s)

2018-12-13 23:14:27 - [MESSAGE][PASSED] - Delayed 2 second(s)

2018-12-13 23:14:27 - [TEST_STEP][PASSED] - click: Object: 'Object Repository/Final Object Repo/New Registration - Registration Module Pages/New Reg - OTC to RO/Special Case - All Related Objects/Click to Continue Workflow' is clicked on

2018-12-13 23:14:31 - [MESSAGE][PASSED] - Object: 'Object Repository/Final Object Repo/New Registration - Registration Module Pages/New Reg - OTC to RO/Special Case - All Related Objects/Click to Continue Workflow' is clicked on

2018-12-13 23:14:31 - [TEST_STEP][PASSED] - delay: Delayed 2 second(s)

2018-12-13 23:14:33 - [MESSAGE][PASSED] - Delayed 2 second(s)

2018-12-13 23:14:33 - [TEST_STEP][PASSED] - click: Object: 'Object Repository/Final Object Repo/New Registration - Registration Module Pages/New Reg - OTC to RO/Special Case - All Related Objects/Continue Button in verifying case' is clicked on

2018-12-13 23:14:35 - [MESSAGE][PASSED] - Object: 'Object Repository/Final Object Repo/New Registration - Registration Module Pages/New Reg - OTC to RO/Special Case - All Related Objects/Continue Button in verifying case' is clicked on

2018-12-13 23:14:35 - [TEST_STEP][PASSED] - delay: Delayed 2 second(s)

2018-12-13 23:14:37 - [MESSAGE][PASSED] - Delayed 2 second(s)

2018-12-13 23:14:37 - [TEST_STEP][PASSED] - click: Object: 'Object Repository/Final Object Repo/New Registration - Registration Module Pages/Form 1/Registered As a Branch - Yes' is clicked on

2018-12-13 23:14:37 - [MESSAGE][PASSED] - Object: 'Object Repository/Final Object Repo/New Registration - Registration Module Pages/Form 1/Registered As a Branch - Yes' is clicked on

2018-12-13 23:14:37 - [TEST_STEP][PASSED] - delay: Delayed 2 second(s)

2018-12-13 23:14:39 - [MESSAGE][PASSED] - Delayed 2 second(s)

2018-12-13 23:14:39 - [TEST_STEP][PASSED] - click: Object: 'Object Repository/Final Object Repo/New Registration - Registration Module Pages/New Reg - OTC to RO/Special Case - All Related Objects/Form 1 Save n Continue' is clicked on

2018-12-13 23:14:39 - [MESSAGE][PASSED] - Object: 'Object Repository/Final Object Repo/New Registration - Registration Module Pages/New Reg - OTC to RO/Special Case - All Related Objects/Form 1 Save n Continue' is clicked on

2018-12-13 23:14:39 - [TEST_STEP][PASSED] - delay: Delayed 2 second(s)

2018-12-13 23:14:41 - [MESSAGE][PASSED] - Delayed 2 second(s)

2018-12-13 23:14:41 - [TEST_STEP][PASSED] - click: Object: 'Object Repository/Final Object Repo/New Registration - Registration Module Pages/New Reg - OTC to RO/Special Case - All Related Objects/Form 2 Save n Continue' is clicked on

2018-12-13 23:14:41 - [MESSAGE][PASSED] - Object: 'Object Repository/Final Object Repo/New Registration - Registration Module Pages/New Reg - OTC to RO/Special Case - All Related Objects/Form 2 Save n Continue' is clicked on

2018-12-13 23:14:41 - [TEST_STEP][PASSED] - delay: Delayed 2 second(s)

2018-12-13 23:14:43 - [MESSAGE][PASSED] - Delayed 2 second(s)

2018-12-13 23:14:43 - [TEST_STEP][PASSED] - click: Object: 'Object Repository/Final Object Repo/New Registration - Registration Module Pages/New Reg - OTC to RO/Special Case - All Related Objects/Third Screen Save n Continue' is clicked on

2018-12-13 23:14:48 - [MESSAGE][PASSED] - Object: 'Object Repository/Final Object Repo/New Registration - Registration Module Pages/New Reg - OTC to RO/Special Case - All Related Objects/Third Screen Save n Continue' is clicked on

2018-12-13 23:14:48 - [TEST_STEP][PASSED] - delay: Delayed 5 second(s)

2018-12-13 23:14:53 - [MESSAGE][PASSED] - Delayed 5 second(s)

2018-12-13 23:14:53 - [TEST_STEP][PASSED] - setText: Text 'Query case' is set on object 'Object Repository/Final Object Repo/New Registration - Registration Module Pages/New Reg - OTC to RO/Special Case - All Related Objects/Query Text Input'

2018-12-13 23:14:53 - [MESSAGE][PASSED] - Text 'Query case' is set on object 'Object Repository/Final Object Repo/New Registration - Registration Module Pages/New Reg - OTC to RO/Special Case - All Related Objects/Query Text Input'

2018-12-13 23:14:53 - [TEST_STEP][PASSED] - delay: Delayed 5 second(s)

2018-12-13 23:14:58 - [MESSAGE][PASSED] - Delayed 5 second(s)

2018-12-13 23:14:58 - [TEST_STEP][PASSED] - click: Object: 'Object Repository/Final Object Repo/New Registration - Registration Module Pages/New Reg - OTC to RO/Special Case - All Related Objects/Upload Doc Page Save n Continue' is clicked on

2018-12-13 23:14:58 - [MESSAGE][PASSED] - Object: 'Object Repository/Final Object Repo/New Registration - Registration Module Pages/New Reg - OTC to RO/Special Case - All Related Objects/Upload Doc Page Save n Continue' is clicked on

2018-12-13 23:14:58 - [TEST_STEP][PASSED] - click: Object: 'Object Repository/Final Object Repo/New Registration - Registration Module Pages/New Reg - OTC to RO/Special Case - All Related Objects/Query Button' is clicked on

2018-12-13 23:15:03 - [MESSAGE][PASSED] - Object: 'Object Repository/Final Object Repo/New Registration - Registration Module Pages/New Reg - OTC to RO/Special Case - All Related Objects/Query Button' is clicked on

2018-12-13 23:15:03 - [TEST_STEP][FAILED] - click: Unable to click on object 'Object Repository/Final Object Repo/New Registration - Registration Module Pages/New Reg - OTC to RO/Special Case - All Related Objects/Confirm to Query' (Root cause: org.openqa.selenium.ElementNotVisibleException: element not interactable
  (Session info: chrome=70.0.3538.110)
  (Driver info: chromedriver=2.43.600210 (68dcf5eebde37173d4027fa8635e332711d2874a),platform=Windows NT 6.1.7601 SP1 x86_64) (WARNING: The server did not provide any stacktrace information)
Command duration or timeout: 0 milliseconds
Build info: version: '3.7.1', revision: '8a0099a', time: '2017-11-06T21:07:36.161Z'
System info: host: 'WIN7TEST02', ip: '10.20.3.72', os.name: 'Windows 7', os.arch: 'amd64', os.version: '6.1', java.version: '1.8.0_181'
Driver info: com.kms.katalon.selenium.driver.CChromeDriver
Capabilities {acceptInsecureCerts: false, acceptSslCerts: false, applicationCacheEnabled: false, browserConnectionEnabled: false, browserName: chrome, chrome: {chromedriverVersion: 2.43.600210 (68dcf5eebde371..., userDataDir: C:\Users\Admin\AppData\Loca...}, cssSelectorsEnabled: true, databaseEnabled: false, goog:chromeOptions: {debuggerAddress: localhost:61863}, handlesAlerts: true, hasTouchScreen: false, javascriptEnabled: true, locationContextEnabled: true, mobileEmulationEnabled: false, nativeEvents: true, networkConnectionEnabled: false, pageLoadStrategy: normal, platform: XP, platformName: XP, rotatable: false, setWindowRect: true, takesHeapSnapshot: true, takesScreenshot: true, unexpectedAlertBehaviour: , unhandledPromptBehavior: , version: 70.0.3538.110, webStorageEnabled: true}
Session ID: 84adae1666ee874704f0ed7e382c6854)

2018-12-13 23:15:03 - [MESSAGE][FAILED] - Unable to click on object 'Object Repository/Final Object Repo/New Registration - Registration Module Pages/New Reg - OTC to RO/Special Case - All Related Objects/Confirm to Query' (Root cause: org.openqa.selenium.ElementNotVisibleException: element not interactable
  (Session info: chrome=70.0.3538.110)
  (Driver info: chromedriver=2.43.600210 (68dcf5eebde37173d4027fa8635e332711d2874a),platform=Windows NT 6.1.7601 SP1 x86_64) (WARNING: The server did not provide any stacktrace information)
Command duration or timeout: 0 milliseconds
Build info: version: '3.7.1', revision: '8a0099a', time: '2017-11-06T21:07:36.161Z'
System info: host: 'WIN7TEST02', ip: '10.20.3.72', os.name: 'Windows 7', os.arch: 'amd64', os.version: '6.1', java.version: '1.8.0_181'
Driver info: com.kms.katalon.selenium.driver.CChromeDriver
Capabilities {acceptInsecureCerts: false, acceptSslCerts: false, applicationCacheEnabled: false, browserConnectionEnabled: false, browserName: chrome, chrome: {chromedriverVersion: 2.43.600210 (68dcf5eebde371..., userDataDir: C:\Users\Admin\AppData\Loca...}, cssSelectorsEnabled: true, databaseEnabled: false, goog:chromeOptions: {debuggerAddress: localhost:61863}, handlesAlerts: true, hasTouchScreen: false, javascriptEnabled: true, locationContextEnabled: true, mobileEmulationEnabled: false, nativeEvents: true, networkConnectionEnabled: false, pageLoadStrategy: normal, platform: XP, platformName: XP, rotatable: false, setWindowRect: true, takesHeapSnapshot: true, takesScreenshot: true, unexpectedAlertBehaviour: , unhandledPromptBehavior: , version: 70.0.3538.110, webStorageEnabled: true}
Session ID: 84adae1666ee874704f0ed7e382c6854)
[[ATTACHMENT|C:\\Users\\Admin\\Desktop\\PKS\\Perkeso Phase A\\Reports\\Workflow\\New Registration\\20181213_194711\\1544714103406.png]]

2018-12-13 23:15:03 - [TEST_STEP][PASSED] - callTestCase: Call Test Case 'Test Cases/Final Aug 2018 - PKS Automation/Registration Module/Log Out/log out avoiding katalon tagging' successfully

2018-12-13 23:15:03 - [TEST_CASE][PASSED] - Test Cases/Final Aug 2018 - PKS Automation/Registration Module/Log Out/log out avoiding katalon tagging: Test Cases/Final Aug 2018 - PKS Automation/Registration Module/Log Out/log out avoiding katalon tagging

2018-12-13 23:15:03 - [TEST_STEP][PASSED] - navigateToUrl: Navigate to 'https://assist2-uat.perkeso.gov.my/c/portal/logout' successfully

2018-12-13 23:15:04 - [MESSAGE][PASSED] - Navigate to 'https://assist2-uat.perkeso.gov.my/c/portal/logout' successfully

2018-12-13 23:15:04 - [MESSAGE][PASSED] - Call Test Case 'Test Cases/Final Aug 2018 - PKS Automation/Registration Module/Log Out/log out avoiding katalon tagging' successfully

2018-12-13 23:15:04 - [TEST_STEP][PASSED] - delay: Delayed 2 second(s)

2018-12-13 23:15:06 - [MESSAGE][PASSED] - Delayed 2 second(s)

2018-12-13 23:15:06 - [TEST_STEP][PASSED] - setText: Text 'klotc2@gmail.com' is set on object 'Object Repository/Final Object Repo/Login Page/Internal User/Email Address'

2018-12-13 23:15:06 - [MESSAGE][PASSED] - Text 'klotc2@gmail.com' is set on object 'Object Repository/Final Object Repo/Login Page/Internal User/Email Address'

2018-12-13 23:15:06 - [TEST_STEP][PASSED] - click: Object: 'Object Repository/Final Object Repo/Login Page/Internal User/Next Button' is clicked on

2018-12-13 23:15:06 - [MESSAGE][PASSED] - Object: 'Object Repository/Final Object Repo/Login Page/Internal User/Next Button' is clicked on

2018-12-13 23:15:06 - [TEST_STEP][PASSED] - delay: Delayed 2 second(s)

2018-12-13 23:15:08 - [MESSAGE][PASSED] - Delayed 2 second(s)

2018-12-13 23:15:08 - [TEST_STEP][PASSED] - setText: Text 'Test1@3456789' is set on object 'Object Repository/Final Object Repo/Login Page/Internal User/Password'

2018-12-13 23:15:09 - [MESSAGE][PASSED] - Text 'Test1@3456789' is set on object 'Object Repository/Final Object Repo/Login Page/Internal User/Password'

2018-12-13 23:15:09 - [TEST_STEP][PASSED] - delay: Delayed 2 second(s)

2018-12-13 23:15:11 - [MESSAGE][PASSED] - Delayed 2 second(s)

2018-12-13 23:15:11 - [TEST_STEP][PASSED] - click: Object: 'Object Repository/Final Object Repo/Login Page/Internal User/Login Button' is clicked on

2018-12-13 23:15:11 - [MESSAGE][PASSED] - Object: 'Object Repository/Final Object Repo/Login Page/Internal User/Login Button' is clicked on

2018-12-13 23:15:11 - [TEST_STEP][PASSED] - delay: Delayed 2 second(s)

2018-12-13 23:15:13 - [MESSAGE][PASSED] - Delayed 2 second(s)

2018-12-13 23:15:13 - [TEST_STEP][PASSED] - Statement - Try: null

2018-12-13 23:15:13 - [TEST_STEP][PASSED] - Statement - Checker = com.kms.katalon.core.webui.keyword.WebUiBuiltInKeywords.verifyElementNotPresent("PKS_SIP_Updated_RegModule/Attempt/Page_MyASSIST - ASSIST/Select to English", 3): null

2018-12-13 23:15:13 - [TEST_STEP][PASSED] - Statement - Catch (Exception e): null

2018-12-13 23:15:13 - [TEST_STEP][PASSED] - Statement - e.printStackTrace(): null

2018-12-13 23:15:13 - [TEST_STEP][PASSED] - delay: Delayed 4 second(s)

2018-12-13 23:15:17 - [MESSAGE][PASSED] - Delayed 4 second(s)

2018-12-13 23:15:17 - [TEST_STEP][PASSED] - click: Object: 'Object Repository/Final Object Repo/Landing Page/My Sites Drop Down' is clicked on

2018-12-13 23:15:17 - [MESSAGE][PASSED] - Object: 'Object Repository/Final Object Repo/Landing Page/My Sites Drop Down' is clicked on

2018-12-13 23:15:17 - [TEST_STEP][PASSED] - click: Object: 'Object Repository/Final Object Repo/Landing Page/Select to Registration Module' is clicked on

2018-12-13 23:15:18 - [MESSAGE][PASSED] - Object: 'Object Repository/Final Object Repo/Landing Page/Select to Registration Module' is clicked on

2018-12-13 23:15:18 - [TEST_STEP][PASSED] - delay: Delayed 2 second(s)

2018-12-13 23:15:20 - [MESSAGE][PASSED] - Delayed 2 second(s)

2018-12-13 23:15:20 - [TEST_STEP][PASSED] - mouseOver: Object: 'Object Repository/Final Object Repo/New Registration - Registration Module Pages/New Reg - OTC to RO/Special Case - All Related Objects/Hover Over Search Drop Down' is hovered

2018-12-13 23:15:20 - [MESSAGE][PASSED] - Object: 'Object Repository/Final Object Repo/New Registration - Registration Module Pages/New Reg - OTC to RO/Special Case - All Related Objects/Hover Over Search Drop Down' is hovered

2018-12-13 23:15:20 - [TEST_STEP][PASSED] - click: Object: 'Object Repository/Final Object Repo/New Registration - Registration Module Pages/New Reg - OTC to RO/Special Case - All Related Objects/Select Search Pending Case' is clicked on

2018-12-13 23:15:21 - [MESSAGE][PASSED] - Object: 'Object Repository/Final Object Repo/New Registration - Registration Module Pages/New Reg - OTC to RO/Special Case - All Related Objects/Select Search Pending Case' is clicked on

2018-12-13 23:15:21 - [TEST_STEP][PASSED] - click: Object: 'Object Repository/Final Object Repo/New Registration - Registration Module Pages/New Reg - OTC to RO/Special Case - All Related Objects/Select Searching Method (Employer Code)' is clicked on

2018-12-13 23:15:21 - [MESSAGE][PASSED] - Object: 'Object Repository/Final Object Repo/New Registration - Registration Module Pages/New Reg - OTC to RO/Special Case - All Related Objects/Select Searching Method (Employer Code)' is clicked on

2018-12-13 23:15:21 - [TEST_STEP][PASSED] - click: Object: 'Object Repository/Final Object Repo/New Registration - Registration Module Pages/New Reg - OTC to RO/Special Case - All Related Objects/Select Searching Method to Reference ID' is clicked on

2018-12-13 23:15:21 - [MESSAGE][PASSED] - Object: 'Object Repository/Final Object Repo/New Registration - Registration Module Pages/New Reg - OTC to RO/Special Case - All Related Objects/Select Searching Method to Reference ID' is clicked on

2018-12-13 23:15:21 - [TEST_STEP][PASSED] - setText: Text 'CRN12201800123316' is set on object 'Object Repository/Final Object Repo/New Registration - Registration Module Pages/New Reg - OTC to RO/Special Case - All Related Objects/Pending Case Ref NO'

2018-12-13 23:15:21 - [MESSAGE][PASSED] - Text 'CRN12201800123316' is set on object 'Object Repository/Final Object Repo/New Registration - Registration Module Pages/New Reg - OTC to RO/Special Case - All Related Objects/Pending Case Ref NO'

2018-12-13 23:15:21 - [TEST_STEP][PASSED] - click: Object: 'Object Repository/Final Object Repo/New Registration - Registration Module Pages/New Reg - OTC to RO/Special Case - All Related Objects/Search Pending Case Based on Ref No' is clicked on

2018-12-13 23:15:22 - [MESSAGE][PASSED] - Object: 'Object Repository/Final Object Repo/New Registration - Registration Module Pages/New Reg - OTC to RO/Special Case - All Related Objects/Search Pending Case Based on Ref No' is clicked on

2018-12-13 23:15:22 - [TEST_STEP][FAILED] - click: Unable to click on object 'Object Repository/Final Object Repo/New Registration - Registration Module Pages/New Reg - OTC to RO/Special Case - All Related Objects/Action Button after found case' (Root cause: org.openqa.selenium.InvalidSelectorException: invalid selector: Unable to locate an element with the xpath expression  because of the following error:
SyntaxError: Failed to execute 'evaluate' on 'Document': The string '' is not a valid XPath expression.
  (Session info: chrome=70.0.3538.110)
  (Driver info: chromedriver=2.43.600210 (68dcf5eebde37173d4027fa8635e332711d2874a),platform=Windows NT 6.1.7601 SP1 x86_64) (WARNING: The server did not provide any stacktrace information)
Command duration or timeout: 0 milliseconds
For documentation on this error, please visit: http://seleniumhq.org/exceptions/invalid_selector_exception.html
Build info: version: '3.7.1', revision: '8a0099a', time: '2017-11-06T21:07:36.161Z'
System info: host: 'WIN7TEST02', ip: '10.20.3.72', os.name: 'Windows 7', os.arch: 'amd64', os.version: '6.1', java.version: '1.8.0_181'
Driver info: com.kms.katalon.selenium.driver.CChromeDriver
Capabilities {acceptInsecureCerts: false, acceptSslCerts: false, applicationCacheEnabled: false, browserConnectionEnabled: false, browserName: chrome, chrome: {chromedriverVersion: 2.43.600210 (68dcf5eebde371..., userDataDir: C:\Users\Admin\AppData\Loca...}, cssSelectorsEnabled: true, databaseEnabled: false, goog:chromeOptions: {debuggerAddress: localhost:61863}, handlesAlerts: true, hasTouchScreen: false, javascriptEnabled: true, locationContextEnabled: true, mobileEmulationEnabled: false, nativeEvents: true, networkConnectionEnabled: false, pageLoadStrategy: normal, platform: XP, platformName: XP, rotatable: false, setWindowRect: true, takesHeapSnapshot: true, takesScreenshot: true, unexpectedAlertBehaviour: , unhandledPromptBehavior: , version: 70.0.3538.110, webStorageEnabled: true}
Session ID: 84adae1666ee874704f0ed7e382c6854
*** Element info: {Using=xpath, value=})

2018-12-13 23:15:55 - [MESSAGE][FAILED] - Unable to click on object 'Object Repository/Final Object Repo/New Registration - Registration Module Pages/New Reg - OTC to RO/Special Case - All Related Objects/Action Button after found case' (Root cause: org.openqa.selenium.InvalidSelectorException: invalid selector: Unable to locate an element with the xpath expression  because of the following error:
SyntaxError: Failed to execute 'evaluate' on 'Document': The string '' is not a valid XPath expression.
  (Session info: chrome=70.0.3538.110)
  (Driver info: chromedriver=2.43.600210 (68dcf5eebde37173d4027fa8635e332711d2874a),platform=Windows NT 6.1.7601 SP1 x86_64) (WARNING: The server did not provide any stacktrace information)
Command duration or timeout: 0 milliseconds
For documentation on this error, please visit: http://seleniumhq.org/exceptions/invalid_selector_exception.html
Build info: version: '3.7.1', revision: '8a0099a', time: '2017-11-06T21:07:36.161Z'
System info: host: 'WIN7TEST02', ip: '10.20.3.72', os.name: 'Windows 7', os.arch: 'amd64', os.version: '6.1', java.version: '1.8.0_181'
Driver info: com.kms.katalon.selenium.driver.CChromeDriver
Capabilities {acceptInsecureCerts: false, acceptSslCerts: false, applicationCacheEnabled: false, browserConnectionEnabled: false, browserName: chrome, chrome: {chromedriverVersion: 2.43.600210 (68dcf5eebde371..., userDataDir: C:\Users\Admin\AppData\Loca...}, cssSelectorsEnabled: true, databaseEnabled: false, goog:chromeOptions: {debuggerAddress: localhost:61863}, handlesAlerts: true, hasTouchScreen: false, javascriptEnabled: true, locationContextEnabled: true, mobileEmulationEnabled: false, nativeEvents: true, networkConnectionEnabled: false, pageLoadStrategy: normal, platform: XP, platformName: XP, rotatable: false, setWindowRect: true, takesHeapSnapshot: true, takesScreenshot: true, unexpectedAlertBehaviour: , unhandledPromptBehavior: , version: 70.0.3538.110, webStorageEnabled: true}
Session ID: 84adae1666ee874704f0ed7e382c6854
*** Element info: {Using=xpath, value=})
[[ATTACHMENT|C:\\Users\\Admin\\Desktop\\PKS\\Perkeso Phase A\\Reports\\Workflow\\New Registration\\20181213_194711\\1544714154696.png]]

2018-12-13 23:15:55 - [TEST_STEP][FAILED] - click: Unable to click on object 'Object Repository/Final Object Repo/New Registration - Registration Module Pages/New Reg - OTC to RO/Special Case - All Related Objects/Next Button in Pending Case Form 1' (Root cause: com.kms.katalon.core.webui.exception.WebElementNotFoundException: Web element with id: 'Object Repository/Final Object Repo/New Registration - Registration Module Pages/New Reg - OTC to RO/Special Case - All Related Objects/Next Button in Pending Case Form 1' located by 'By.xpath: //a[@class = 'btn btn-lg blueBtn col-md-2 pull-right browserIdBtn' and (text() = ' NEXT
						' or . = ' NEXT
						')]' not found)

2018-12-13 23:16:28 - [MESSAGE][FAILED] - Unable to click on object 'Object Repository/Final Object Repo/New Registration - Registration Module Pages/New Reg - OTC to RO/Special Case - All Related Objects/Next Button in Pending Case Form 1' (Root cause: com.kms.katalon.core.webui.exception.WebElementNotFoundException: Web element with id: 'Object Repository/Final Object Repo/New Registration - Registration Module Pages/New Reg - OTC to RO/Special Case - All Related Objects/Next Button in Pending Case Form 1' located by 'By.xpath: //a[@class = 'btn btn-lg blueBtn col-md-2 pull-right browserIdBtn' and (text() = ' NEXT
						' or . = ' NEXT
						')]' not found)
[[ATTACHMENT|C:\\Users\\Admin\\Desktop\\PKS\\Perkeso Phase A\\Reports\\Workflow\\New Registration\\20181213_194711\\1544714188392.png]]

2018-12-13 23:16:28 - [TEST_STEP][FAILED] - click: Unable to click on object 'Object Repository/Final Object Repo/New Registration - Registration Module Pages/New Reg - OTC to RO/Special Case - All Related Objects/Next Button in Pending Case Form 2' (Root cause: com.kms.katalon.core.webui.exception.WebElementNotFoundException: Web element with id: 'Object Repository/Final Object Repo/New Registration - Registration Module Pages/New Reg - OTC to RO/Special Case - All Related Objects/Next Button in Pending Case Form 2' located by 'By.xpath: //a[@class = 'btn btn-lg blueBtn col-md-2 pull-right browserIdBtn' and (text() = ' NEXT
				' or . = ' NEXT
				')]' not found)

2018-12-13 23:17:01 - [MESSAGE][FAILED] - Unable to click on object 'Object Repository/Final Object Repo/New Registration - Registration Module Pages/New Reg - OTC to RO/Special Case - All Related Objects/Next Button in Pending Case Form 2' (Root cause: com.kms.katalon.core.webui.exception.WebElementNotFoundException: Web element with id: 'Object Repository/Final Object Repo/New Registration - Registration Module Pages/New Reg - OTC to RO/Special Case - All Related Objects/Next Button in Pending Case Form 2' located by 'By.xpath: //a[@class = 'btn btn-lg blueBtn col-md-2 pull-right browserIdBtn' and (text() = ' NEXT
				' or . = ' NEXT
				')]' not found)
[[ATTACHMENT|C:\\Users\\Admin\\Desktop\\PKS\\Perkeso Phase A\\Reports\\Workflow\\New Registration\\20181213_194711\\1544714221398.png]]

2018-12-13 23:17:01 - [TEST_STEP][FAILED] - click: Unable to click on object 'Object Repository/Final Object Repo/New Registration - Registration Module Pages/New Reg - OTC to RO/Special Case - All Related Objects/Next Button in Third Screen' (Root cause: com.kms.katalon.core.webui.exception.WebElementNotFoundException: Web element with id: 'Object Repository/Final Object Repo/New Registration - Registration Module Pages/New Reg - OTC to RO/Special Case - All Related Objects/Next Button in Third Screen' located by 'By.xpath: //a[@class = 'btn btn-lg blueBtn col-md-2 pull-right browserIdBtn' and (text() = ' NEXT
				' or . = ' NEXT
				')]' not found)

2018-12-13 23:17:35 - [MESSAGE][FAILED] - Unable to click on object 'Object Repository/Final Object Repo/New Registration - Registration Module Pages/New Reg - OTC to RO/Special Case - All Related Objects/Next Button in Third Screen' (Root cause: com.kms.katalon.core.webui.exception.WebElementNotFoundException: Web element with id: 'Object Repository/Final Object Repo/New Registration - Registration Module Pages/New Reg - OTC to RO/Special Case - All Related Objects/Next Button in Third Screen' located by 'By.xpath: //a[@class = 'btn btn-lg blueBtn col-md-2 pull-right browserIdBtn' and (text() = ' NEXT
				' or . = ' NEXT
				')]' not found)
[[ATTACHMENT|C:\\Users\\Admin\\Desktop\\PKS\\Perkeso Phase A\\Reports\\Workflow\\New Registration\\20181213_194711\\1544714255103.png]]

2018-12-13 23:17:35 - [TEST_STEP][FAILED] - click: Unable to click on object 'Object Repository/Final Object Repo/New Registration - Registration Module Pages/New Reg - OTC to RO/Special Case - All Related Objects/Add Document for Pending Case' (Root cause: com.kms.katalon.core.webui.exception.WebElementNotFoundException: Web element with id: 'Object Repository/Final Object Repo/New Registration - Registration Module Pages/New Reg - OTC to RO/Special Case - All Related Objects/Add Document for Pending Case' located by 'By.xpath: //a[@id = '_newreg_WAR_registrationportlet_dialogBtn' and (text() = '
					ADD DOCUMENT
	             ' or . = '
					ADD DOCUMENT
	             ')]' not found)

2018-12-13 23:18:08 - [MESSAGE][FAILED] - Unable to click on object 'Object Repository/Final Object Repo/New Registration - Registration Module Pages/New Reg - OTC to RO/Special Case - All Related Objects/Add Document for Pending Case' (Root cause: com.kms.katalon.core.webui.exception.WebElementNotFoundException: Web element with id: 'Object Repository/Final Object Repo/New Registration - Registration Module Pages/New Reg - OTC to RO/Special Case - All Related Objects/Add Document for Pending Case' located by 'By.xpath: //a[@id = '_newreg_WAR_registrationportlet_dialogBtn' and (text() = '
					ADD DOCUMENT
	             ' or . = '
					ADD DOCUMENT
	             ')]' not found)
[[ATTACHMENT|C:\\Users\\Admin\\Desktop\\PKS\\Perkeso Phase A\\Reports\\Workflow\\New Registration\\20181213_194711\\1544714288618.png]]

2018-12-13 23:18:08 - [TEST_STEP][FAILED] - click: Unable to click on object 'Object Repository/Final Object Repo/New Registration - Registration Module Pages/New Reg - OTC to RO/Special Case - All Related Objects/Upload Pending Doc - Please Select' (Root cause: com.kms.katalon.core.webui.exception.WebElementNotFoundException: Web element with id: 'Object Repository/Final Object Repo/New Registration - Registration Module Pages/New Reg - OTC to RO/Special Case - All Related Objects/Upload Pending Doc - Please Select' located by 'By.xpath: //span[@class = 'select2-selection__rendered' and @id = 'select2-_newreg_WAR_registrationportlet_objdocTypeId-container']' not found)

2018-12-13 23:18:42 - [MESSAGE][FAILED] - Unable to click on object 'Object Repository/Final Object Repo/New Registration - Registration Module Pages/New Reg - OTC to RO/Special Case - All Related Objects/Upload Pending Doc - Please Select' (Root cause: com.kms.katalon.core.webui.exception.WebElementNotFoundException: Web element with id: 'Object Repository/Final Object Repo/New Registration - Registration Module Pages/New Reg - OTC to RO/Special Case - All Related Objects/Upload Pending Doc - Please Select' located by 'By.xpath: //span[@class = 'select2-selection__rendered' and @id = 'select2-_newreg_WAR_registrationportlet_objdocTypeId-container']' not found)
[[ATTACHMENT|C:\\Users\\Admin\\Desktop\\PKS\\Perkeso Phase A\\Reports\\Workflow\\New Registration\\20181213_194711\\1544714322125.png]]

2018-12-13 23:18:42 - [TEST_STEP][FAILED] - click: Unable to click on object 'Object Repository/Final Object Repo/New Registration - Registration Module Pages/New Reg - OTC to RO/Special Case - All Related Objects/Select to Others to Upload' (Root cause: com.kms.katalon.core.webui.exception.WebElementNotFoundException: Web element with id: 'Object Repository/Final Object Repo/New Registration - Registration Module Pages/New Reg - OTC to RO/Special Case - All Related Objects/Select to Others to Upload' located by 'By.xpath: //span/ul/li/span[contains(text(),"Others")]' not found)

2018-12-13 23:19:14 - [MESSAGE][FAILED] - Unable to click on object 'Object Repository/Final Object Repo/New Registration - Registration Module Pages/New Reg - OTC to RO/Special Case - All Related Objects/Select to Others to Upload' (Root cause: com.kms.katalon.core.webui.exception.WebElementNotFoundException: Web element with id: 'Object Repository/Final Object Repo/New Registration - Registration Module Pages/New Reg - OTC to RO/Special Case - All Related Objects/Select to Others to Upload' located by 'By.xpath: //span/ul/li/span[contains(text(),"Others")]' not found)
[[ATTACHMENT|C:\\Users\\Admin\\Desktop\\PKS\\Perkeso Phase A\\Reports\\Workflow\\New Registration\\20181213_194711\\1544714353817.png]]

2018-12-13 23:19:14 - [TEST_STEP][FAILED] - uploadFile: Unable to upload file 'C:\Users\Public\Pictures\Sample Pictures\Koala.jpg' to object 'Object Repository/Final Object Repo/New Registration - Registration Module Pages/New Reg - OTC to RO/Special Case - All Related Objects/Uploading Pending Case Action' (Root cause: com.kms.katalon.core.webui.exception.WebElementNotFoundException: Web element with id: 'Object Repository/Final Object Repo/New Registration - Registration Module Pages/New Reg - OTC to RO/Special Case - All Related Objects/Uploading Pending Case Action' located by 'By.xpath: //input[@id = '_newreg_WAR_registrationportlet_uploadFile' and @name = '_newreg_WAR_registrationportlet_uploadFile' and @type = 'file']' not found)

2018-12-13 23:19:45 - [MESSAGE][FAILED] - Unable to upload file 'C:\Users\Public\Pictures\Sample Pictures\Koala.jpg' to object 'Object Repository/Final Object Repo/New Registration - Registration Module Pages/New Reg - OTC to RO/Special Case - All Related Objects/Uploading Pending Case Action' (Root cause: com.kms.katalon.core.webui.exception.WebElementNotFoundException: Web element with id: 'Object Repository/Final Object Repo/New Registration - Registration Module Pages/New Reg - OTC to RO/Special Case - All Related Objects/Uploading Pending Case Action' located by 'By.xpath: //input[@id = '_newreg_WAR_registrationportlet_uploadFile' and @name = '_newreg_WAR_registrationportlet_uploadFile' and @type = 'file']' not found)
[[ATTACHMENT|C:\\Users\\Admin\\Desktop\\PKS\\Perkeso Phase A\\Reports\\Workflow\\New Registration\\20181213_194711\\1544714385495.png]]

2018-12-13 23:19:45 - [TEST_STEP][FAILED] - click: Unable to click on object 'Object Repository/Final Object Repo/New Registration - Registration Module Pages/New Reg - OTC to RO/Special Case - All Related Objects/Inner form Add Document Button Pending Case' (Root cause: com.kms.katalon.core.webui.exception.WebElementNotFoundException: Web element with id: 'Object Repository/Final Object Repo/New Registration - Registration Module Pages/New Reg - OTC to RO/Special Case - All Related Objects/Inner form Add Document Button Pending Case' located by 'By.xpath: //a[@class = 'btn btn-lg blueBtn col-md-2 pull-right' and @targets = 'baseMsgDivId' and (text() = '
										ADD DOCUMENT
								     ' or . = '
										ADD DOCUMENT
								     ')]' not found)

2018-12-13 23:20:20 - [MESSAGE][FAILED] - Unable to click on object 'Object Repository/Final Object Repo/New Registration - Registration Module Pages/New Reg - OTC to RO/Special Case - All Related Objects/Inner form Add Document Button Pending Case' (Root cause: com.kms.katalon.core.webui.exception.WebElementNotFoundException: Web element with id: 'Object Repository/Final Object Repo/New Registration - Registration Module Pages/New Reg - OTC to RO/Special Case - All Related Objects/Inner form Add Document Button Pending Case' located by 'By.xpath: //a[@class = 'btn btn-lg blueBtn col-md-2 pull-right' and @targets = 'baseMsgDivId' and (text() = '
										ADD DOCUMENT
								     ' or . = '
										ADD DOCUMENT
								     ')]' not found)
[[ATTACHMENT|C:\\Users\\Admin\\Desktop\\PKS\\Perkeso Phase A\\Reports\\Workflow\\New Registration\\20181213_194711\\1544714420401.png]]

2018-12-13 23:20:20 - [TEST_STEP][FAILED] - click: Unable to click on object 'Object Repository/Final Object Repo/New Registration - Registration Module Pages/New Reg - OTC to RO/Special Case - All Related Objects/Pending Case Exit' (Root cause: com.kms.katalon.core.webui.exception.WebElementNotFoundException: Web element with id: 'Object Repository/Final Object Repo/New Registration - Registration Module Pages/New Reg - OTC to RO/Special Case - All Related Objects/Pending Case Exit' located by 'By.xpath: //a[@id = '_newreg_WAR_registrationportlet_exitBtnId' and @class = 'btn btn-lg blueBtn col-md-2 pull-right' and (text() = '
									EXIT
				                ' or . = '
									EXIT
				                ')]' not found)

2018-12-13 23:20:53 - [MESSAGE][FAILED] - Unable to click on object 'Object Repository/Final Object Repo/New Registration - Registration Module Pages/New Reg - OTC to RO/Special Case - All Related Objects/Pending Case Exit' (Root cause: com.kms.katalon.core.webui.exception.WebElementNotFoundException: Web element with id: 'Object Repository/Final Object Repo/New Registration - Registration Module Pages/New Reg - OTC to RO/Special Case - All Related Objects/Pending Case Exit' located by 'By.xpath: //a[@id = '_newreg_WAR_registrationportlet_exitBtnId' and @class = 'btn btn-lg blueBtn col-md-2 pull-right' and (text() = '
									EXIT
				                ' or . = '
									EXIT
				                ')]' not found)
[[ATTACHMENT|C:\\Users\\Admin\\Desktop\\PKS\\Perkeso Phase A\\Reports\\Workflow\\New Registration\\20181213_194711\\1544714453424.png]]

2018-12-13 23:20:53 - [TEST_STEP][PASSED] - callTestCase: Call Test Case 'Test Cases/Final Aug 2018 - PKS Automation/Registration Module/Log Out/log out avoiding katalon tagging' successfully

2018-12-13 23:20:53 - [TEST_CASE][PASSED] - Test Cases/Final Aug 2018 - PKS Automation/Registration Module/Log Out/log out avoiding katalon tagging: Test Cases/Final Aug 2018 - PKS Automation/Registration Module/Log Out/log out avoiding katalon tagging

2018-12-13 23:20:53 - [TEST_STEP][PASSED] - navigateToUrl: Navigate to 'https://assist2-uat.perkeso.gov.my/c/portal/logout' successfully

2018-12-13 23:20:54 - [MESSAGE][PASSED] - Navigate to 'https://assist2-uat.perkeso.gov.my/c/portal/logout' successfully

2018-12-13 23:20:54 - [MESSAGE][PASSED] - Call Test Case 'Test Cases/Final Aug 2018 - PKS Automation/Registration Module/Log Out/log out avoiding katalon tagging' successfully

2018-12-13 23:20:54 - [TEST_STEP][PASSED] - callTestCase: Call Test Case 'Test Cases/Final Aug 2018 - PKS Automation/Common/Workflow Owner Finder' successfully

2018-12-13 23:20:54 - [TEST_CASE][PASSED] - Test Cases/Final Aug 2018 - PKS Automation/Common/Workflow Owner Finder: Test Cases/Final Aug 2018 - PKS Automation/Common/Workflow Owner Finder

2018-12-13 23:20:54 - [TEST_STEP][PASSED] - openBrowser: Browser is opened with url: ''

2018-12-13 23:20:54 - [MESSAGE][WARNING] - A browser is already opened. Closing browser and opening a new one

2018-12-13 23:20:58 - [MESSAGE][PASSED] - Browser is opened with url: ''

2018-12-13 23:20:58 - [TEST_STEP][PASSED] - navigateToUrl: Navigate to 'https://assist2-uat.perkeso.gov.my/login' successfully

2018-12-13 23:20:59 - [MESSAGE][PASSED] - Navigate to 'https://assist2-uat.perkeso.gov.my/login' successfully

2018-12-13 23:20:59 - [TEST_STEP][PASSED] - delay: Delayed 5 second(s)

2018-12-13 23:21:04 - [MESSAGE][PASSED] - Delayed 5 second(s)

2018-12-13 23:21:04 - [TEST_STEP][PASSED] - setText: Text 'test@liferay.com' is set on object 'Object Repository/Final Object Repo/Login Page/Internal User/Email Address'

2018-12-13 23:21:04 - [MESSAGE][PASSED] - Text 'test@liferay.com' is set on object 'Object Repository/Final Object Repo/Login Page/Internal User/Email Address'

2018-12-13 23:21:04 - [TEST_STEP][PASSED] - click: Object: 'Object Repository/Final Object Repo/Login Page/Internal User/Next Button' is clicked on

2018-12-13 23:21:05 - [MESSAGE][PASSED] - Object: 'Object Repository/Final Object Repo/Login Page/Internal User/Next Button' is clicked on

2018-12-13 23:21:05 - [TEST_STEP][PASSED] - delay: Delayed 2 second(s)

2018-12-13 23:21:07 - [MESSAGE][PASSED] - Delayed 2 second(s)

2018-12-13 23:21:07 - [TEST_STEP][PASSED] - setText: Text 'test' is set on object 'Object Repository/Final Object Repo/Login Page/Internal User/Password'

2018-12-13 23:21:07 - [MESSAGE][PASSED] - Text 'test' is set on object 'Object Repository/Final Object Repo/Login Page/Internal User/Password'

2018-12-13 23:21:07 - [TEST_STEP][PASSED] - delay: Delayed 2 second(s)

2018-12-13 23:21:09 - [MESSAGE][PASSED] - Delayed 2 second(s)

2018-12-13 23:21:09 - [TEST_STEP][PASSED] - click: Object: 'Object Repository/Final Object Repo/Login Page/Internal User/Login Button' is clicked on

2018-12-13 23:21:09 - [MESSAGE][PASSED] - Object: 'Object Repository/Final Object Repo/Login Page/Internal User/Login Button' is clicked on

2018-12-13 23:21:09 - [TEST_STEP][PASSED] - Statement - tester = com.kms.katalon.core.testobject.ObjectRepository.findTestObject(Final Object Repo/Landing Page/Select to English): Finding Test Object with id 'Object Repository/Final Object Repo/Landing Page/Select to English'

2018-12-13 23:21:09 - [TEST_STEP][PASSED] - Statement - Try: Delayed 2 second(s)

2018-12-13 23:21:09 - [TEST_STEP][PASSED] - Statement - Checker = com.kms.katalon.core.webui.keyword.WebUiBuiltInKeywords.verifyElementNotPresent(tester, 3): Web element with id: 'Object Repository/Final Object Repo/Landing Page/Select to English' located by 'By.xpath: //a[@class = 'taglib-language-list-text' and @lang = 'en-US' and (contains(text(), 'EN') or contains(., 'EN'))]' is not present after '3' second(s)

2018-12-13 23:21:11 - [MESSAGE][PASSED] - Web element with id: 'Object Repository/Final Object Repo/Landing Page/Select to English' located by 'By.xpath: //a[@class = 'taglib-language-list-text' and @lang = 'en-US' and (contains(text(), 'EN') or contains(., 'EN'))]' is not present after '3' second(s)

2018-12-13 23:21:11 - [TEST_STEP][PASSED] - Statement - If (Checker == false): null

2018-12-13 23:21:11 - [TEST_STEP][PASSED] - delay: Delayed 2 second(s)

2018-12-13 23:21:13 - [MESSAGE][PASSED] - Delayed 2 second(s)

2018-12-13 23:21:13 - [TEST_STEP][PASSED] - delay: Delayed 5 second(s)

2018-12-13 23:21:18 - [MESSAGE][PASSED] - Delayed 5 second(s)

2018-12-13 23:21:18 - [TEST_STEP][PASSED] - mouseOver: Object: 'Object Repository/Final Object Repo/Landing Page/WorkFlow Menu' is hovered

2018-12-13 23:21:18 - [MESSAGE][PASSED] - Object: 'Object Repository/Final Object Repo/Landing Page/WorkFlow Menu' is hovered

2018-12-13 23:21:18 - [TEST_STEP][PASSED] - delay: Delayed 2 second(s)

2018-12-13 23:21:20 - [MESSAGE][PASSED] - Delayed 2 second(s)

2018-12-13 23:21:20 - [TEST_STEP][PASSED] - click: Object: 'Object Repository/Final Object Repo/Landing Page/Select to Workflow Listing' is clicked on

2018-12-13 23:21:21 - [MESSAGE][PASSED] - Object: 'Object Repository/Final Object Repo/Landing Page/Select to Workflow Listing' is clicked on

2018-12-13 23:21:21 - [TEST_STEP][PASSED] - delay: Delayed 2 second(s)

2018-12-13 23:21:23 - [MESSAGE][PASSED] - Delayed 2 second(s)

2018-12-13 23:21:23 - [TEST_STEP][PASSED] - click: Object: 'Object Repository/Final Object Repo/WorkFlow Listing Page/Search Information - To Put Ref No' is clicked on

2018-12-13 23:21:23 - [MESSAGE][PASSED] - Object: 'Object Repository/Final Object Repo/WorkFlow Listing Page/Search Information - To Put Ref No' is clicked on

2018-12-13 23:21:23 - [TEST_STEP][PASSED] - delay: Delayed 2 second(s)

2018-12-13 23:21:25 - [MESSAGE][PASSED] - Delayed 2 second(s)

2018-12-13 23:21:25 - [TEST_STEP][PASSED] - callTestCase: Call Test Case 'Test Cases/Final Aug 2018 - PKS Automation/Common/Reference Number Getter' successfully

2018-12-13 23:21:26 - [TEST_CASE][PASSED] - Test Cases/Final Aug 2018 - PKS Automation/Common/Reference Number Getter: Test Cases/Final Aug 2018 - PKS Automation/Common/Reference Number Getter

2018-12-13 23:21:26 - [TEST_STEP][PASSED] - Statement - Try: null

2018-12-13 23:21:26 - [TEST_STEP][PASSED] - Statement - RefNo = new java.io.File(C://Users//Admin//Desktop//PKS//Automation Reference Point//KatalonReference.txt): null

2018-12-13 23:21:26 - [TEST_STEP][PASSED] - Statement - bufferread = new java.io.BufferedReader(new java.io.FileReader(RefNo)): null

2018-12-13 23:21:26 - [TEST_STEP][PASSED] - Statement - readedVal = bufferread.readLine(): null

2018-12-13 23:21:26 - [TEST_STEP][PASSED] - Statement - out.println(CaseReferenceNo): null

2018-12-13 23:21:26 - [TEST_STEP][PASSED] - Statement - out.println(readedVal): null

2018-12-13 23:21:26 - [TEST_STEP][PASSED] - Statement - CaseReferenceNo = "": null

2018-12-13 23:21:26 - [TEST_STEP][PASSED] - Statement - CaseReferenceNo = readedVal: null

2018-12-13 23:21:26 - [MESSAGE][PASSED] - Call Test Case 'Test Cases/Final Aug 2018 - PKS Automation/Common/Reference Number Getter' successfully

2018-12-13 23:21:26 - [TEST_STEP][PASSED] - setText: Text 'CRN12201800123316' is set on object 'Object Repository/Final Object Repo/WorkFlow Listing Page/Ref No Set Text'

2018-12-13 23:21:26 - [MESSAGE][PASSED] - Text 'CRN12201800123316' is set on object 'Object Repository/Final Object Repo/WorkFlow Listing Page/Ref No Set Text'

2018-12-13 23:21:26 - [TEST_STEP][PASSED] - delay: Delayed 2 second(s)

2018-12-13 23:21:28 - [MESSAGE][PASSED] - Delayed 2 second(s)

2018-12-13 23:21:28 - [TEST_STEP][PASSED] - click: Object: 'Object Repository/Final Object Repo/WorkFlow Listing Page/Search Ref No Search Button' is clicked on

2018-12-13 23:21:28 - [MESSAGE][PASSED] - Object: 'Object Repository/Final Object Repo/WorkFlow Listing Page/Search Ref No Search Button' is clicked on

2018-12-13 23:21:28 - [TEST_STEP][PASSED] - delay: Delayed 6 second(s)

2018-12-13 23:21:34 - [MESSAGE][PASSED] - Delayed 6 second(s)

2018-12-13 23:21:34 - [TEST_STEP][PASSED] - click: Object: 'Object Repository/Final Object Repo/WorkFlow Listing Page/Click Continue Tooltip' is clicked on

2018-12-13 23:21:35 - [MESSAGE][PASSED] - Object: 'Object Repository/Final Object Repo/WorkFlow Listing Page/Click Continue Tooltip' is clicked on

2018-12-13 23:21:35 - [TEST_STEP][PASSED] - delay: Delayed 5 second(s)

2018-12-13 23:21:40 - [MESSAGE][PASSED] - Delayed 5 second(s)

2018-12-13 23:21:40 - [TEST_STEP][PASSED] - doubleClick: Object: 'Object Repository/Final Object Repo/WorkFlow Listing Page/Workflow Found - Listing 1' is double clicked on

2018-12-13 23:21:40 - [MESSAGE][PASSED] - Object: 'Object Repository/Final Object Repo/WorkFlow Listing Page/Workflow Found - Listing 1' is double clicked on

2018-12-13 23:21:40 - [TEST_STEP][PASSED] - Statement - println(OwnerID): null

2018-12-13 23:21:40 - [TEST_STEP][PASSED] - Statement - OwnerID = com.kms.katalon.core.webui.keyword.WebUiBuiltInKeywords.getText(com.kms.katalon.core.testobject.ObjectRepository.findTestObject(Final Object Repo/WorkFlow Listing Page/Workflow Found - Listing 1), STOP_ON_FAILURE): Text of object 'Object Repository/Final Object Repo/WorkFlow Listing Page/Workflow Found - Listing 1' is: 'JOHORro2'

2018-12-13 23:21:40 - [MESSAGE][PASSED] - Text of object 'Object Repository/Final Object Repo/WorkFlow Listing Page/Workflow Found - Listing 1' is: 'JOHORro2'

2018-12-13 23:21:40 - [TEST_STEP][PASSED] - Statement - OwnerID = OwnerID.toLowerCase() + "@gmail.com": null

2018-12-13 23:21:40 - [TEST_STEP][PASSED] - Statement - println(OwnerID): null

2018-12-13 23:21:40 - [TEST_STEP][PASSED] - delay: Delayed 2 second(s)

2018-12-13 23:21:42 - [MESSAGE][PASSED] - Delayed 2 second(s)

2018-12-13 23:21:42 - [MESSAGE][PASSED] - Call Test Case 'Test Cases/Final Aug 2018 - PKS Automation/Common/Workflow Owner Finder' successfully

2018-12-13 23:21:42 - [TEST_STEP][PASSED] - callTestCase: Call Test Case 'Test Cases/Final Aug 2018 - PKS Automation/Registration Module/Log Out/log out avoiding katalon tagging' successfully

2018-12-13 23:21:42 - [TEST_CASE][PASSED] - Test Cases/Final Aug 2018 - PKS Automation/Registration Module/Log Out/log out avoiding katalon tagging: Test Cases/Final Aug 2018 - PKS Automation/Registration Module/Log Out/log out avoiding katalon tagging

2018-12-13 23:21:42 - [TEST_STEP][PASSED] - navigateToUrl: Navigate to 'https://assist2-uat.perkeso.gov.my/c/portal/logout' successfully

2018-12-13 23:21:43 - [MESSAGE][PASSED] - Navigate to 'https://assist2-uat.perkeso.gov.my/c/portal/logout' successfully

2018-12-13 23:21:43 - [MESSAGE][PASSED] - Call Test Case 'Test Cases/Final Aug 2018 - PKS Automation/Registration Module/Log Out/log out avoiding katalon tagging' successfully

2018-12-13 23:21:43 - [TEST_STEP][PASSED] - delay: Delayed 2 second(s)

2018-12-13 23:21:45 - [MESSAGE][PASSED] - Delayed 2 second(s)

2018-12-13 23:21:45 - [TEST_STEP][PASSED] - setText: Text 'johorro2@gmail.com' is set on object 'Object Repository/Final Object Repo/Login Page/Internal User/Email Address'

2018-12-13 23:21:45 - [MESSAGE][PASSED] - Text 'johorro2@gmail.com' is set on object 'Object Repository/Final Object Repo/Login Page/Internal User/Email Address'

2018-12-13 23:21:45 - [TEST_STEP][PASSED] - click: Object: 'Object Repository/Final Object Repo/Login Page/Internal User/Next Button' is clicked on

2018-12-13 23:21:46 - [MESSAGE][PASSED] - Object: 'Object Repository/Final Object Repo/Login Page/Internal User/Next Button' is clicked on

2018-12-13 23:21:46 - [TEST_STEP][PASSED] - delay: Delayed 2 second(s)

2018-12-13 23:21:48 - [MESSAGE][PASSED] - Delayed 2 second(s)

2018-12-13 23:21:48 - [TEST_STEP][PASSED] - setText: Text 'Test1@3456789' is set on object 'Object Repository/Final Object Repo/Login Page/Internal User/Password'

2018-12-13 23:21:48 - [MESSAGE][PASSED] - Text 'Test1@3456789' is set on object 'Object Repository/Final Object Repo/Login Page/Internal User/Password'

2018-12-13 23:21:48 - [TEST_STEP][PASSED] - delay: Delayed 2 second(s)

2018-12-13 23:21:50 - [MESSAGE][PASSED] - Delayed 2 second(s)

2018-12-13 23:21:50 - [TEST_STEP][PASSED] - click: Object: 'Object Repository/Final Object Repo/Login Page/Internal User/Login Button' is clicked on

2018-12-13 23:21:50 - [MESSAGE][PASSED] - Object: 'Object Repository/Final Object Repo/Login Page/Internal User/Login Button' is clicked on

2018-12-13 23:21:50 - [TEST_STEP][PASSED] - delay: Delayed 2 second(s)

2018-12-13 23:21:52 - [MESSAGE][PASSED] - Delayed 2 second(s)

2018-12-13 23:21:52 - [TEST_STEP][PASSED] - Statement - Try: null

2018-12-13 23:21:52 - [TEST_STEP][PASSED] - Statement - Checker = com.kms.katalon.core.webui.keyword.WebUiBuiltInKeywords.verifyElementNotPresent("Final Object Repo/Landing Page/Select to English", 3): null

2018-12-13 23:21:52 - [TEST_STEP][PASSED] - Statement - Catch (Exception e): null

2018-12-13 23:21:52 - [TEST_STEP][PASSED] - Statement - e.printStackTrace(): null

2018-12-13 23:21:52 - [TEST_STEP][PASSED] - click: Object: 'Object Repository/Final Object Repo/New Registration - Registration Module Pages/New Reg - OTC to RO/Special Case - All Related Objects/Expand to Search' is clicked on

2018-12-13 23:21:52 - [MESSAGE][PASSED] - Object: 'Object Repository/Final Object Repo/New Registration - Registration Module Pages/New Reg - OTC to RO/Special Case - All Related Objects/Expand to Search' is clicked on

2018-12-13 23:21:52 - [TEST_STEP][PASSED] - callTestCase: Call Test Case 'Test Cases/Final Aug 2018 - PKS Automation/Common/Reference Number Getter' successfully

2018-12-13 23:21:52 - [TEST_CASE][PASSED] - Test Cases/Final Aug 2018 - PKS Automation/Common/Reference Number Getter: Test Cases/Final Aug 2018 - PKS Automation/Common/Reference Number Getter

2018-12-13 23:21:52 - [TEST_STEP][PASSED] - Statement - Try: null

2018-12-13 23:21:52 - [TEST_STEP][PASSED] - Statement - RefNo = new java.io.File(C://Users//Admin//Desktop//PKS//Automation Reference Point//KatalonReference.txt): null

2018-12-13 23:21:52 - [TEST_STEP][PASSED] - Statement - bufferread = new java.io.BufferedReader(new java.io.FileReader(RefNo)): null

2018-12-13 23:21:52 - [TEST_STEP][PASSED] - Statement - readedVal = bufferread.readLine(): null

2018-12-13 23:21:52 - [TEST_STEP][PASSED] - Statement - out.println(CaseReferenceNo): null

2018-12-13 23:21:52 - [TEST_STEP][PASSED] - Statement - out.println(readedVal): null

2018-12-13 23:21:52 - [TEST_STEP][PASSED] - Statement - CaseReferenceNo = "": null

2018-12-13 23:21:52 - [TEST_STEP][PASSED] - Statement - CaseReferenceNo = readedVal: null

2018-12-13 23:21:52 - [MESSAGE][PASSED] - Call Test Case 'Test Cases/Final Aug 2018 - PKS Automation/Common/Reference Number Getter' successfully

2018-12-13 23:21:52 - [TEST_STEP][PASSED] - setText: Text 'CRN12201800123316' is set on object 'Object Repository/Final Object Repo/New Registration - Registration Module Pages/New Reg - OTC to RO/Special Case - All Related Objects/TextBox RefNo in Workbasket'

2018-12-13 23:21:53 - [MESSAGE][PASSED] - Text 'CRN12201800123316' is set on object 'Object Repository/Final Object Repo/New Registration - Registration Module Pages/New Reg - OTC to RO/Special Case - All Related Objects/TextBox RefNo in Workbasket'

2018-12-13 23:21:53 - [TEST_STEP][PASSED] - delay: Delayed 2 second(s)

2018-12-13 23:21:55 - [MESSAGE][PASSED] - Delayed 2 second(s)

2018-12-13 23:21:55 - [TEST_STEP][PASSED] - click: Object: 'Object Repository/Final Object Repo/New Registration - Registration Module Pages/New Reg - OTC to RO/Special Case - All Related Objects/Click Search' is clicked on

2018-12-13 23:21:55 - [MESSAGE][PASSED] - Object: 'Object Repository/Final Object Repo/New Registration - Registration Module Pages/New Reg - OTC to RO/Special Case - All Related Objects/Click Search' is clicked on

2018-12-13 23:21:55 - [TEST_STEP][PASSED] - delay: Delayed 2 second(s)

2018-12-13 23:21:57 - [MESSAGE][PASSED] - Delayed 2 second(s)

2018-12-13 23:21:57 - [TEST_STEP][PASSED] - click: Object: 'Object Repository/Final Object Repo/New Registration - Registration Module Pages/New Reg - OTC to RO/Special Case - All Related Objects/Click to Continue Workflow' is clicked on

2018-12-13 23:22:00 - [MESSAGE][PASSED] - Object: 'Object Repository/Final Object Repo/New Registration - Registration Module Pages/New Reg - OTC to RO/Special Case - All Related Objects/Click to Continue Workflow' is clicked on

2018-12-13 23:22:00 - [TEST_STEP][PASSED] - delay: Delayed 2 second(s)

2018-12-13 23:22:02 - [MESSAGE][PASSED] - Delayed 2 second(s)

2018-12-13 23:22:02 - [TEST_STEP][PASSED] - click: Object: 'Object Repository/Final Object Repo/New Registration - Registration Module Pages/New Reg - OTC to RO/Special Case - All Related Objects/Continue Button in verifying case' is clicked on

2018-12-13 23:22:04 - [MESSAGE][PASSED] - Object: 'Object Repository/Final Object Repo/New Registration - Registration Module Pages/New Reg - OTC to RO/Special Case - All Related Objects/Continue Button in verifying case' is clicked on

2018-12-13 23:22:04 - [TEST_STEP][PASSED] - delay: Delayed 2 second(s)

2018-12-13 23:22:06 - [MESSAGE][PASSED] - Delayed 2 second(s)

2018-12-13 23:22:06 - [TEST_STEP][PASSED] - click: Object: 'Object Repository/Final Object Repo/New Registration - Registration Module Pages/New Reg - OTC to RO/Special Case - All Related Objects/Form 1 Save n Continue' is clicked on

2018-12-13 23:22:06 - [MESSAGE][PASSED] - Object: 'Object Repository/Final Object Repo/New Registration - Registration Module Pages/New Reg - OTC to RO/Special Case - All Related Objects/Form 1 Save n Continue' is clicked on

2018-12-13 23:22:06 - [TEST_STEP][PASSED] - delay: Delayed 2 second(s)

2018-12-13 23:22:08 - [MESSAGE][PASSED] - Delayed 2 second(s)

2018-12-13 23:22:08 - [TEST_STEP][PASSED] - click: Object: 'Object Repository/Final Object Repo/New Registration - Registration Module Pages/New Reg - OTC to RO/Special Case - All Related Objects/Form 2 Save n Continue' is clicked on

2018-12-13 23:22:08 - [MESSAGE][PASSED] - Object: 'Object Repository/Final Object Repo/New Registration - Registration Module Pages/New Reg - OTC to RO/Special Case - All Related Objects/Form 2 Save n Continue' is clicked on

2018-12-13 23:22:08 - [TEST_STEP][PASSED] - delay: Delayed 2 second(s)

2018-12-13 23:22:10 - [MESSAGE][PASSED] - Delayed 2 second(s)

2018-12-13 23:22:10 - [TEST_STEP][PASSED] - click: Object: 'Object Repository/Final Object Repo/New Registration - Registration Module Pages/New Reg - OTC to RO/Special Case - All Related Objects/Third Screen Save n Continue' is clicked on

2018-12-13 23:22:16 - [MESSAGE][PASSED] - Object: 'Object Repository/Final Object Repo/New Registration - Registration Module Pages/New Reg - OTC to RO/Special Case - All Related Objects/Third Screen Save n Continue' is clicked on

2018-12-13 23:22:16 - [TEST_STEP][PASSED] - delay: Delayed 5 second(s)

2018-12-13 23:22:21 - [MESSAGE][PASSED] - Delayed 5 second(s)

2018-12-13 23:22:21 - [TEST_STEP][PASSED] - click: Object: 'Object Repository/Final Object Repo/New Registration - Registration Module Pages/New Reg - OTC to RO/Special Case - All Related Objects/Upload Doc Page Save n Continue' is clicked on

2018-12-13 23:22:21 - [MESSAGE][PASSED] - Object: 'Object Repository/Final Object Repo/New Registration - Registration Module Pages/New Reg - OTC to RO/Special Case - All Related Objects/Upload Doc Page Save n Continue' is clicked on

2018-12-13 23:22:21 - [TEST_STEP][PASSED] - delay: Delayed 5 second(s)

2018-12-13 23:22:26 - [MESSAGE][PASSED] - Delayed 5 second(s)

2018-12-13 23:22:26 - [TEST_STEP][FAILED] - callTestCase: Unable to call Test Case with id 'Test Cases/Final Aug 2018 - PKS Automation/Registration Module/New Registration/Submit and Screenshot/Submit Registration and Screenshot' (Root cause: Call Test Case 'Test Cases/Final Aug 2018 - PKS Automation/Registration Module/New Registration/Submit and Screenshot/Submit Registration and Screenshot' failed)

2018-12-13 23:22:26 - [TEST_CASE][FAILED] - Test Cases/Final Aug 2018 - PKS Automation/Registration Module/New Registration/Submit and Screenshot/Submit Registration and Screenshot: Test Cases/Final Aug 2018 - PKS Automation/Registration Module/New Registration/Submit and Screenshot/Submit Registration and Screenshot FAILED because (of) (Stack trace: com.kms.katalon.core.exception.StepFailedException: Unable to click on object 'Object Repository/Final Object Repo/New Registration - Registration Module Pages/Third Screen - Upload Supporting Doc- Preview/Preview Submit Button' (Root cause: com.kms.katalon.core.webui.exception.WebElementNotFoundException: Web element with id: 'Object Repository/Final Object Repo/New Registration - Registration Module Pages/Third Screen - Upload Supporting Doc- Preview/Preview Submit Button' located by 'By.xpath: //a[@popupvalidatesubmit = 'true' and @class = 'btn btn-lg blueBtn col-md-2 pull-right browserIdBtn' and (text() = ' SUBMIT
					' or . = ' SUBMIT
					')]' not found)
	at com.kms.katalon.core.keyword.internal.KeywordMain.stepFailed(KeywordMain.groovy:32)
	at com.kms.katalon.core.webui.keyword.internal.WebUIKeywordMain.stepFailed(WebUIKeywordMain.groovy:65)
	at com.kms.katalon.core.webui.keyword.internal.WebUIKeywordMain.runKeyword(WebUIKeywordMain.groovy:27)
	at com.kms.katalon.core.webui.keyword.builtin.ClickKeyword.click(ClickKeyword.groovy:86)
	at com.kms.katalon.core.webui.keyword.builtin.ClickKeyword.execute(ClickKeyword.groovy:67)
	at com.kms.katalon.core.keyword.internal.KeywordExecutor.executeKeywordForPlatform(KeywordExecutor.groovy:53)
	at com.kms.katalon.core.webui.keyword.WebUiBuiltInKeywords.click(WebUiBuiltInKeywords.groovy:616)
	at com.kms.katalon.core.webui.keyword.WebUiBuiltInKeywords$click$2.call(Unknown Source)
	at Script1534476274484.run(Script1534476274484.groovy:32)
	at com.kms.katalon.core.main.ScriptEngine.run(ScriptEngine.java:183)
	at com.kms.katalon.core.main.ScriptEngine.runScriptAsRawText(ScriptEngine.java:108)
	at com.kms.katalon.core.main.TestCaseExecutor.runScript(TestCaseExecutor.java:294)
	at com.kms.katalon.core.main.TestCaseExecutor.doExecute(TestCaseExecutor.java:285)
	at com.kms.katalon.core.main.TestCaseExecutor.processExecutionPhase(TestCaseExecutor.java:264)
	at com.kms.katalon.core.main.TestCaseExecutor.accessMainPhase(TestCaseExecutor.java:256)
	at com.kms.katalon.core.main.TestCaseExecutor.execute(TestCaseExecutor.java:200)
	at com.kms.katalon.core.main.TestCaseMain.runTestCase(TestCaseMain.java:99)
	at com.kms.katalon.core.keyword.builtin.CallTestCaseKeyword$_callTestCase_closure1.doCall(CallTestCaseKeyword.groovy:60)
	at com.kms.katalon.core.keyword.builtin.CallTestCaseKeyword$_callTestCase_closure1.call(CallTestCaseKeyword.groovy)
	at com.kms.katalon.core.keyword.internal.KeywordMain.runKeyword(KeywordMain.groovy:54)
	at com.kms.katalon.core.keyword.builtin.CallTestCaseKeyword.callTestCase(CallTestCaseKeyword.groovy:81)
	at com.kms.katalon.core.keyword.builtin.CallTestCaseKeyword.execute(CallTestCaseKeyword.groovy:45)
	at com.kms.katalon.core.keyword.internal.KeywordExecutor.executeKeywordForPlatform(KeywordExecutor.groovy:53)
	at com.kms.katalon.core.keyword.BuiltinKeywords.callTestCase(BuiltinKeywords.groovy:334)
	at sun.reflect.GeneratedMethodAccessor13.invoke(Unknown Source)
	at sun.reflect.DelegatingMethodAccessorImpl.invoke(DelegatingMethodAccessorImpl.java:43)
	at java.lang.reflect.Method.invoke(Method.java:498)
	at org.codehaus.groovy.reflection.CachedMethod.invoke(CachedMethod.java:93)
	at groovy.lang.MetaMethod.doMethodInvoke(MetaMethod.java:325)
	at groovy.lang.MetaClassImpl.invokeStaticMethod(MetaClassImpl.java:1469)
	at org.codehaus.groovy.runtime.callsite.StaticMetaClassSite.call(StaticMetaClassSite.java:53)
	at org.codehaus.groovy.runtime.callsite.CallSiteArray.defaultCall(CallSiteArray.java:48)
	at org.codehaus.groovy.runtime.callsite.AbstractCallSite.call(AbstractCallSite.java:113)
	at org.codehaus.groovy.runtime.callsite.AbstractCallSite.call(AbstractCallSite.java:141)
	at Script1535599386194.run(Script1535599386194.groovy:262)
	at com.kms.katalon.core.main.ScriptEngine.run(ScriptEngine.java:183)
	at com.kms.katalon.core.main.ScriptEngine.runScriptAsRawText(ScriptEngine.java:108)
	at com.kms.katalon.core.main.TestCaseExecutor.runScript(TestCaseExecutor.java:294)
	at com.kms.katalon.core.main.TestCaseExecutor.doExecute(TestCaseExecutor.java:285)
	at com.kms.katalon.core.main.TestCaseExecutor.processExecutionPhase(TestCaseExecutor.java:264)
	at com.kms.katalon.core.main.TestCaseExecutor.accessMainPhase(TestCaseExecutor.java:256)
	at com.kms.katalon.core.main.TestCaseExecutor.execute(TestCaseExecutor.java:200)
	at com.kms.katalon.core.main.TestSuiteExecutor.accessTestCaseMainPhase(TestSuiteExecutor.java:129)
	at com.kms.katalon.core.main.TestSuiteExecutor.accessTestSuiteMainPhase(TestSuiteExecutor.java:112)
	at com.kms.katalon.core.main.TestSuiteExecutor.execute(TestSuiteExecutor.java:81)
	at com.kms.katalon.core.main.TestCaseMain.startTestSuite(TestCaseMain.java:142)
	at com.kms.katalon.core.main.TestCaseMain$startTestSuite$0.call(Unknown Source)
	at org.codehaus.groovy.runtime.callsite.CallSiteArray.defaultCall(CallSiteArray.java:48)
	at org.codehaus.groovy.runtime.callsite.AbstractCallSite.call(AbstractCallSite.java:113)
	at org.codehaus.groovy.runtime.callsite.AbstractCallSite.call(AbstractCallSite.java:141)
	at TempTestSuite1544701631622.run(TempTestSuite1544701631622.groovy:36)
	at groovy.lang.GroovyShell.runScriptOrMainOrTestOrRunnable(GroovyShell.java:263)
	at groovy.lang.GroovyShell.run(GroovyShell.java:518)
	at groovy.lang.GroovyShell.run(GroovyShell.java:507)
	at groovy.ui.GroovyMain.processOnce(GroovyMain.java:653)
	at groovy.ui.GroovyMain.run(GroovyMain.java:384)
	at groovy.ui.GroovyMain.process(GroovyMain.java:370)
	at groovy.ui.GroovyMain.processArgs(GroovyMain.java:129)
	at groovy.ui.GroovyMain.main(GroovyMain.java:109)
	at sun.reflect.NativeMethodAccessorImpl.invoke0(Native Method)
	at sun.reflect.NativeMethodAccessorImpl.invoke(NativeMethodAccessorImpl.java:62)
	at sun.reflect.DelegatingMethodAccessorImpl.invoke(DelegatingMethodAccessorImpl.java:43)
	at java.lang.reflect.Method.invoke(Method.java:498)
	at org.codehaus.groovy.tools.GroovyStarter.rootLoader(GroovyStarter.java:109)
	at org.codehaus.groovy.tools.GroovyStarter.main(GroovyStarter.java:131)
)

2018-12-13 23:22:26 - [TEST_STEP][PASSED] - delay: Delayed 6 second(s)

2018-12-13 23:22:32 - [MESSAGE][PASSED] - Delayed 6 second(s)

2018-12-13 23:22:32 - [TEST_STEP][FAILED] - click: Unable to click on object 'Object Repository/Final Object Repo/New Registration - Registration Module Pages/Third Screen - Upload Supporting Doc- Preview/Preview Submit Button' (Root cause: com.kms.katalon.core.webui.exception.WebElementNotFoundException: Web element with id: 'Object Repository/Final Object Repo/New Registration - Registration Module Pages/Third Screen - Upload Supporting Doc- Preview/Preview Submit Button' located by 'By.xpath: //a[@popupvalidatesubmit = 'true' and @class = 'btn btn-lg blueBtn col-md-2 pull-right browserIdBtn' and (text() = ' SUBMIT
					' or . = ' SUBMIT
					')]' not found)

2018-12-13 23:23:08 - [MESSAGE][FAILED] - Unable to click on object 'Object Repository/Final Object Repo/New Registration - Registration Module Pages/Third Screen - Upload Supporting Doc- Preview/Preview Submit Button' (Root cause: com.kms.katalon.core.webui.exception.WebElementNotFoundException: Web element with id: 'Object Repository/Final Object Repo/New Registration - Registration Module Pages/Third Screen - Upload Supporting Doc- Preview/Preview Submit Button' located by 'By.xpath: //a[@popupvalidatesubmit = 'true' and @class = 'btn btn-lg blueBtn col-md-2 pull-right browserIdBtn' and (text() = ' SUBMIT
					' or . = ' SUBMIT
					')]' not found)
[[ATTACHMENT|C:\\Users\\Admin\\Desktop\\PKS\\Perkeso Phase A\\Reports\\Workflow\\New Registration\\20181213_194711\\1544714587976.png]]

2018-12-13 23:23:08 - [TEST_STEP][PASSED] - delay: Delayed 2 second(s)

2018-12-13 23:23:10 - [MESSAGE][PASSED] - Delayed 2 second(s)

2018-12-13 23:23:10 - [TEST_STEP][FAILED] - click: Unable to click on object 'Object Repository/Final Object Repo/New Registration - Registration Module Pages/Third Screen - Upload Supporting Doc- Preview/Preview Submit - Confirm' (Root cause: com.kms.katalon.core.webui.exception.WebElementNotFoundException: Web element with id: 'Object Repository/Final Object Repo/New Registration - Registration Module Pages/Third Screen - Upload Supporting Doc- Preview/Preview Submit - Confirm' located by 'By.xpath: //span[@id = 'confirmword' and (text() = 'CONFIRM' or . = 'CONFIRM')]' not found)

2018-12-13 23:23:42 - [MESSAGE][FAILED] - Unable to click on object 'Object Repository/Final Object Repo/New Registration - Registration Module Pages/Third Screen - Upload Supporting Doc- Preview/Preview Submit - Confirm' (Root cause: com.kms.katalon.core.webui.exception.WebElementNotFoundException: Web element with id: 'Object Repository/Final Object Repo/New Registration - Registration Module Pages/Third Screen - Upload Supporting Doc- Preview/Preview Submit - Confirm' located by 'By.xpath: //span[@id = 'confirmword' and (text() = 'CONFIRM' or . = 'CONFIRM')]' not found)
[[ATTACHMENT|C:\\Users\\Admin\\Desktop\\PKS\\Perkeso Phase A\\Reports\\Workflow\\New Registration\\20181213_194711\\1544714622241.png]]

2018-12-13 23:23:42 - [TEST_STEP][PASSED] - delay: Delayed 15 second(s)

2018-12-13 23:23:57 - [MESSAGE][PASSED] - Delayed 15 second(s)

2018-12-13 23:23:57 - [TEST_STEP][PASSED] - Statement - driver = com.kms.katalon.core.webui.driver.DriverFactory.getWebDriver(): null

2018-12-13 23:23:57 - [TEST_STEP][PASSED] - Statement - driver.manage().timeouts().implicitlyWait(10, SECONDS): null

2018-12-13 23:23:57 - [TEST_STEP][PASSED] - Statement - PresavePath = KatalonScreenshots: null

2018-12-13 23:23:57 - [TEST_STEP][PASSED] - Statement - pathPrefix = "C:\Users\Public\Pictures\Sample Pictures\Katalon Screenshots\Automate Ending Screen": null

2018-12-13 23:23:57 - [TEST_STEP][PASSED] - Statement - finalPath = <not implemented yet for class: org.codehaus.groovy.ast.expr.EmptyExpression>: null

2018-12-13 23:23:57 - [TEST_STEP][PASSED] - Statement - scrFile = driver.getScreenshotAs(FILE): null

2018-12-13 23:23:57 - [TEST_STEP][PASSED] - Statement - PreSaveFile = new java.io.File(PresavePath): null

2018-12-13 23:23:57 - [TEST_STEP][PASSED] - Statement - counter = 0: null

2018-12-13 23:23:57 - [TEST_STEP][PASSED] - Statement - If (PreSaveFile.exists()): null

2018-12-13 23:23:57 - [TEST_STEP][PASSED] - Statement - While (PreSaveFile.exists()): null

2018-12-13 23:23:57 - [TEST_STEP][PASSED] - Statement - counter = counter + 1: null

2018-12-13 23:23:57 - [TEST_STEP][PASSED] - Statement - PreSaveFile = new java.io.File(((pathPrefix + java.lang.Integer.toString(counter)) + .png)): null

2018-12-13 23:23:57 - [TEST_STEP][PASSED] - Statement - counter = counter + 1: null

2018-12-13 23:23:57 - [TEST_STEP][PASSED] - Statement - PreSaveFile = new java.io.File(((pathPrefix + java.lang.Integer.toString(counter)) + .png)): null

2018-12-13 23:23:57 - [TEST_STEP][PASSED] - Statement - counter = counter + 1: null

2018-12-13 23:23:57 - [TEST_STEP][PASSED] - Statement - PreSaveFile = new java.io.File(((pathPrefix + java.lang.Integer.toString(counter)) + .png)): null

2018-12-13 23:23:57 - [TEST_STEP][PASSED] - Statement - counter = counter + 1: null

2018-12-13 23:23:57 - [TEST_STEP][PASSED] - Statement - PreSaveFile = new java.io.File(((pathPrefix + java.lang.Integer.toString(counter)) + .png)): null

2018-12-13 23:23:57 - [TEST_STEP][PASSED] - Statement - counter = counter + 1: null

2018-12-13 23:23:57 - [TEST_STEP][PASSED] - Statement - PreSaveFile = new java.io.File(((pathPrefix + java.lang.Integer.toString(counter)) + .png)): null

2018-12-13 23:23:57 - [TEST_STEP][PASSED] - Statement - counter = counter + 1: null

2018-12-13 23:23:57 - [TEST_STEP][PASSED] - Statement - PreSaveFile = new java.io.File(((pathPrefix + java.lang.Integer.toString(counter)) + .png)): null

2018-12-13 23:23:57 - [TEST_STEP][PASSED] - Statement - counter = counter + 1: null

2018-12-13 23:23:57 - [TEST_STEP][PASSED] - Statement - PreSaveFile = new java.io.File(((pathPrefix + java.lang.Integer.toString(counter)) + .png)): null

2018-12-13 23:23:57 - [TEST_STEP][PASSED] - Statement - counter = counter + 1: null

2018-12-13 23:23:57 - [TEST_STEP][PASSED] - Statement - PreSaveFile = new java.io.File(((pathPrefix + java.lang.Integer.toString(counter)) + .png)): null

2018-12-13 23:23:57 - [TEST_STEP][PASSED] - Statement - counter = counter + 1: null

2018-12-13 23:23:57 - [TEST_STEP][PASSED] - Statement - PreSaveFile = new java.io.File(((pathPrefix + java.lang.Integer.toString(counter)) + .png)): null

2018-12-13 23:23:57 - [TEST_STEP][PASSED] - Statement - counter = counter + 1: null

2018-12-13 23:23:57 - [TEST_STEP][PASSED] - Statement - PreSaveFile = new java.io.File(((pathPrefix + java.lang.Integer.toString(counter)) + .png)): null

2018-12-13 23:23:57 - [TEST_STEP][PASSED] - Statement - counter = counter + 1: null

2018-12-13 23:23:57 - [TEST_STEP][PASSED] - Statement - PreSaveFile = new java.io.File(((pathPrefix + java.lang.Integer.toString(counter)) + .png)): null

2018-12-13 23:23:57 - [TEST_STEP][PASSED] - Statement - counter = counter + 1: null

2018-12-13 23:23:57 - [TEST_STEP][PASSED] - Statement - PreSaveFile = new java.io.File(((pathPrefix + java.lang.Integer.toString(counter)) + .png)): null

2018-12-13 23:23:57 - [TEST_STEP][PASSED] - Statement - counter = counter + 1: null

2018-12-13 23:23:57 - [TEST_STEP][PASSED] - Statement - PreSaveFile = new java.io.File(((pathPrefix + java.lang.Integer.toString(counter)) + .png)): null

2018-12-13 23:23:57 - [TEST_STEP][PASSED] - Statement - counter = counter + 1: null

2018-12-13 23:23:57 - [TEST_STEP][PASSED] - Statement - PreSaveFile = new java.io.File(((pathPrefix + java.lang.Integer.toString(counter)) + .png)): null

2018-12-13 23:23:57 - [TEST_STEP][PASSED] - Statement - counter = counter + 1: null

2018-12-13 23:23:57 - [TEST_STEP][PASSED] - Statement - PreSaveFile = new java.io.File(((pathPrefix + java.lang.Integer.toString(counter)) + .png)): null

2018-12-13 23:23:57 - [TEST_STEP][PASSED] - Statement - counter = counter + 1: null

2018-12-13 23:23:57 - [TEST_STEP][PASSED] - Statement - PreSaveFile = new java.io.File(((pathPrefix + java.lang.Integer.toString(counter)) + .png)): null

2018-12-13 23:23:57 - [TEST_STEP][PASSED] - Statement - counter = counter + 1: null

2018-12-13 23:23:57 - [TEST_STEP][PASSED] - Statement - PreSaveFile = new java.io.File(((pathPrefix + java.lang.Integer.toString(counter)) + .png)): null

2018-12-13 23:23:57 - [TEST_STEP][PASSED] - Statement - counter = counter + 1: null

2018-12-13 23:23:57 - [TEST_STEP][PASSED] - Statement - PreSaveFile = new java.io.File(((pathPrefix + java.lang.Integer.toString(counter)) + .png)): null

2018-12-13 23:23:57 - [TEST_STEP][PASSED] - Statement - counter = counter + 1: null

2018-12-13 23:23:57 - [TEST_STEP][PASSED] - Statement - PreSaveFile = new java.io.File(((pathPrefix + java.lang.Integer.toString(counter)) + .png)): null

2018-12-13 23:23:57 - [TEST_STEP][PASSED] - Statement - counter = counter + 1: null

2018-12-13 23:23:57 - [TEST_STEP][PASSED] - Statement - PreSaveFile = new java.io.File(((pathPrefix + java.lang.Integer.toString(counter)) + .png)): null

2018-12-13 23:23:57 - [TEST_STEP][PASSED] - Statement - counter = counter + 1: null

2018-12-13 23:23:57 - [TEST_STEP][PASSED] - Statement - PreSaveFile = new java.io.File(((pathPrefix + java.lang.Integer.toString(counter)) + .png)): null

2018-12-13 23:23:58 - [TEST_STEP][PASSED] - Statement - counter = counter + 1: null

2018-12-13 23:23:58 - [TEST_STEP][PASSED] - Statement - PreSaveFile = new java.io.File(((pathPrefix + java.lang.Integer.toString(counter)) + .png)): null

2018-12-13 23:23:58 - [TEST_STEP][PASSED] - Statement - counter = counter + 1: null

2018-12-13 23:23:58 - [TEST_STEP][PASSED] - Statement - PreSaveFile = new java.io.File(((pathPrefix + java.lang.Integer.toString(counter)) + .png)): null

2018-12-13 23:23:58 - [TEST_STEP][PASSED] - Statement - counter = counter + 1: null

2018-12-13 23:23:58 - [TEST_STEP][PASSED] - Statement - PreSaveFile = new java.io.File(((pathPrefix + java.lang.Integer.toString(counter)) + .png)): null

2018-12-13 23:23:58 - [TEST_STEP][PASSED] - Statement - counter = counter + 1: null

2018-12-13 23:23:58 - [TEST_STEP][PASSED] - Statement - PreSaveFile = new java.io.File(((pathPrefix + java.lang.Integer.toString(counter)) + .png)): null

2018-12-13 23:23:58 - [TEST_STEP][PASSED] - Statement - counter = counter + 1: null

2018-12-13 23:23:58 - [TEST_STEP][PASSED] - Statement - PreSaveFile = new java.io.File(((pathPrefix + java.lang.Integer.toString(counter)) + .png)): null

2018-12-13 23:23:58 - [TEST_STEP][PASSED] - Statement - counter = counter + 1: null

2018-12-13 23:23:58 - [TEST_STEP][PASSED] - Statement - PreSaveFile = new java.io.File(((pathPrefix + java.lang.Integer.toString(counter)) + .png)): null

2018-12-13 23:23:58 - [TEST_STEP][PASSED] - Statement - counter = counter + 1: null

2018-12-13 23:23:58 - [TEST_STEP][PASSED] - Statement - PreSaveFile = new java.io.File(((pathPrefix + java.lang.Integer.toString(counter)) + .png)): null

2018-12-13 23:23:58 - [TEST_STEP][PASSED] - Statement - counter = counter + 1: null

2018-12-13 23:23:58 - [TEST_STEP][PASSED] - Statement - PreSaveFile = new java.io.File(((pathPrefix + java.lang.Integer.toString(counter)) + .png)): null

2018-12-13 23:23:58 - [TEST_STEP][PASSED] - Statement - counter = counter + 1: null

2018-12-13 23:23:58 - [TEST_STEP][PASSED] - Statement - PreSaveFile = new java.io.File(((pathPrefix + java.lang.Integer.toString(counter)) + .png)): null

2018-12-13 23:23:58 - [TEST_STEP][PASSED] - Statement - counter = counter + 1: null

2018-12-13 23:23:58 - [TEST_STEP][PASSED] - Statement - PreSaveFile = new java.io.File(((pathPrefix + java.lang.Integer.toString(counter)) + .png)): null

2018-12-13 23:23:58 - [TEST_STEP][PASSED] - Statement - counter = counter + 1: null

2018-12-13 23:23:58 - [TEST_STEP][PASSED] - Statement - PreSaveFile = new java.io.File(((pathPrefix + java.lang.Integer.toString(counter)) + .png)): null

2018-12-13 23:23:58 - [TEST_STEP][PASSED] - Statement - counter = counter + 1: null

2018-12-13 23:23:58 - [TEST_STEP][PASSED] - Statement - PreSaveFile = new java.io.File(((pathPrefix + java.lang.Integer.toString(counter)) + .png)): null

2018-12-13 23:23:58 - [TEST_STEP][PASSED] - Statement - counter = counter + 1: null

2018-12-13 23:23:58 - [TEST_STEP][PASSED] - Statement - PreSaveFile = new java.io.File(((pathPrefix + java.lang.Integer.toString(counter)) + .png)): null

2018-12-13 23:23:58 - [TEST_STEP][PASSED] - Statement - counter = counter + 1: null

2018-12-13 23:23:58 - [TEST_STEP][PASSED] - Statement - PreSaveFile = new java.io.File(((pathPrefix + java.lang.Integer.toString(counter)) + .png)): null

2018-12-13 23:23:58 - [TEST_STEP][PASSED] - Statement - counter = counter + 1: null

2018-12-13 23:23:58 - [TEST_STEP][PASSED] - Statement - PreSaveFile = new java.io.File(((pathPrefix + java.lang.Integer.toString(counter)) + .png)): null

2018-12-13 23:23:58 - [TEST_STEP][PASSED] - Statement - counter = counter + 1: null

2018-12-13 23:23:58 - [TEST_STEP][PASSED] - Statement - PreSaveFile = new java.io.File(((pathPrefix + java.lang.Integer.toString(counter)) + .png)): null

2018-12-13 23:23:58 - [TEST_STEP][PASSED] - Statement - counter = counter + 1: null

2018-12-13 23:23:58 - [TEST_STEP][PASSED] - Statement - PreSaveFile = new java.io.File(((pathPrefix + java.lang.Integer.toString(counter)) + .png)): null

2018-12-13 23:23:58 - [TEST_STEP][PASSED] - Statement - counter = counter + 1: null

2018-12-13 23:23:58 - [TEST_STEP][PASSED] - Statement - PreSaveFile = new java.io.File(((pathPrefix + java.lang.Integer.toString(counter)) + .png)): null

2018-12-13 23:23:58 - [TEST_STEP][PASSED] - Statement - counter = counter + 1: null

2018-12-13 23:23:58 - [TEST_STEP][PASSED] - Statement - PreSaveFile = new java.io.File(((pathPrefix + java.lang.Integer.toString(counter)) + .png)): null

2018-12-13 23:23:58 - [TEST_STEP][PASSED] - Statement - counter = counter + 1: null

2018-12-13 23:23:58 - [TEST_STEP][PASSED] - Statement - PreSaveFile = new java.io.File(((pathPrefix + java.lang.Integer.toString(counter)) + .png)): null

2018-12-13 23:23:58 - [TEST_STEP][PASSED] - Statement - counter = counter + 1: null

2018-12-13 23:23:58 - [TEST_STEP][PASSED] - Statement - PreSaveFile = new java.io.File(((pathPrefix + java.lang.Integer.toString(counter)) + .png)): null

2018-12-13 23:23:58 - [TEST_STEP][PASSED] - Statement - counter = counter + 1: null

2018-12-13 23:23:58 - [TEST_STEP][PASSED] - Statement - PreSaveFile = new java.io.File(((pathPrefix + java.lang.Integer.toString(counter)) + .png)): null

2018-12-13 23:23:58 - [TEST_STEP][PASSED] - Statement - counter = counter + 1: null

2018-12-13 23:23:58 - [TEST_STEP][PASSED] - Statement - PreSaveFile = new java.io.File(((pathPrefix + java.lang.Integer.toString(counter)) + .png)): null

2018-12-13 23:23:58 - [TEST_STEP][PASSED] - Statement - counter = counter + 1: null

2018-12-13 23:23:58 - [TEST_STEP][PASSED] - Statement - PreSaveFile = new java.io.File(((pathPrefix + java.lang.Integer.toString(counter)) + .png)): null

2018-12-13 23:23:58 - [TEST_STEP][PASSED] - Statement - counter = counter + 1: null

2018-12-13 23:23:58 - [TEST_STEP][PASSED] - Statement - PreSaveFile = new java.io.File(((pathPrefix + java.lang.Integer.toString(counter)) + .png)): null

2018-12-13 23:23:58 - [TEST_STEP][PASSED] - Statement - counter = counter + 1: null

2018-12-13 23:23:58 - [TEST_STEP][PASSED] - Statement - PreSaveFile = new java.io.File(((pathPrefix + java.lang.Integer.toString(counter)) + .png)): null

2018-12-13 23:23:58 - [TEST_STEP][PASSED] - Statement - counter = counter + 1: null

2018-12-13 23:23:58 - [TEST_STEP][PASSED] - Statement - PreSaveFile = new java.io.File(((pathPrefix + java.lang.Integer.toString(counter)) + .png)): null

2018-12-13 23:23:58 - [TEST_STEP][PASSED] - Statement - counter = counter + 1: null

2018-12-13 23:23:58 - [TEST_STEP][PASSED] - Statement - PreSaveFile = new java.io.File(((pathPrefix + java.lang.Integer.toString(counter)) + .png)): null

2018-12-13 23:23:58 - [TEST_STEP][PASSED] - Statement - counter = counter + 1: null

2018-12-13 23:23:58 - [TEST_STEP][PASSED] - Statement - PreSaveFile = new java.io.File(((pathPrefix + java.lang.Integer.toString(counter)) + .png)): null

2018-12-13 23:23:58 - [TEST_STEP][PASSED] - Statement - counter = counter + 1: null

2018-12-13 23:23:58 - [TEST_STEP][PASSED] - Statement - PreSaveFile = new java.io.File(((pathPrefix + java.lang.Integer.toString(counter)) + .png)): null

2018-12-13 23:23:58 - [TEST_STEP][PASSED] - Statement - counter = counter + 1: null

2018-12-13 23:23:58 - [TEST_STEP][PASSED] - Statement - PreSaveFile = new java.io.File(((pathPrefix + java.lang.Integer.toString(counter)) + .png)): null

2018-12-13 23:23:58 - [TEST_STEP][PASSED] - Statement - counter = counter + 1: null

2018-12-13 23:23:58 - [TEST_STEP][PASSED] - Statement - PreSaveFile = new java.io.File(((pathPrefix + java.lang.Integer.toString(counter)) + .png)): null

2018-12-13 23:23:58 - [TEST_STEP][PASSED] - Statement - counter = counter + 1: null

2018-12-13 23:23:58 - [TEST_STEP][PASSED] - Statement - PreSaveFile = new java.io.File(((pathPrefix + java.lang.Integer.toString(counter)) + .png)): null

2018-12-13 23:23:58 - [TEST_STEP][PASSED] - Statement - counter = counter + 1: null

2018-12-13 23:23:58 - [TEST_STEP][PASSED] - Statement - PreSaveFile = new java.io.File(((pathPrefix + java.lang.Integer.toString(counter)) + .png)): null

2018-12-13 23:23:58 - [TEST_STEP][PASSED] - Statement - counter = counter + 1: null

2018-12-13 23:23:58 - [TEST_STEP][PASSED] - Statement - PreSaveFile = new java.io.File(((pathPrefix + java.lang.Integer.toString(counter)) + .png)): null

2018-12-13 23:23:58 - [TEST_STEP][PASSED] - Statement - counter = counter + 1: null

2018-12-13 23:23:58 - [TEST_STEP][PASSED] - Statement - PreSaveFile = new java.io.File(((pathPrefix + java.lang.Integer.toString(counter)) + .png)): null

2018-12-13 23:23:58 - [TEST_STEP][PASSED] - Statement - counter = counter + 1: null

2018-12-13 23:23:58 - [TEST_STEP][PASSED] - Statement - PreSaveFile = new java.io.File(((pathPrefix + java.lang.Integer.toString(counter)) + .png)): null

2018-12-13 23:23:58 - [TEST_STEP][PASSED] - Statement - counter = counter + 1: null

2018-12-13 23:23:58 - [TEST_STEP][PASSED] - Statement - PreSaveFile = new java.io.File(((pathPrefix + java.lang.Integer.toString(counter)) + .png)): null

2018-12-13 23:23:58 - [TEST_STEP][PASSED] - Statement - counter = counter + 1: null

2018-12-13 23:23:58 - [TEST_STEP][PASSED] - Statement - PreSaveFile = new java.io.File(((pathPrefix + java.lang.Integer.toString(counter)) + .png)): null

2018-12-13 23:23:58 - [TEST_STEP][PASSED] - Statement - counter = counter + 1: null

2018-12-13 23:23:58 - [TEST_STEP][PASSED] - Statement - PreSaveFile = new java.io.File(((pathPrefix + java.lang.Integer.toString(counter)) + .png)): null

2018-12-13 23:23:58 - [TEST_STEP][PASSED] - Statement - counter = counter + 1: null

2018-12-13 23:23:58 - [TEST_STEP][PASSED] - Statement - PreSaveFile = new java.io.File(((pathPrefix + java.lang.Integer.toString(counter)) + .png)): null

2018-12-13 23:23:58 - [TEST_STEP][PASSED] - Statement - counter = counter + 1: null

2018-12-13 23:23:58 - [TEST_STEP][PASSED] - Statement - PreSaveFile = new java.io.File(((pathPrefix + java.lang.Integer.toString(counter)) + .png)): null

2018-12-13 23:23:58 - [TEST_STEP][PASSED] - Statement - counter = counter + 1: null

2018-12-13 23:23:58 - [TEST_STEP][PASSED] - Statement - PreSaveFile = new java.io.File(((pathPrefix + java.lang.Integer.toString(counter)) + .png)): null

2018-12-13 23:23:58 - [TEST_STEP][PASSED] - Statement - counter = counter + 1: null

2018-12-13 23:23:58 - [TEST_STEP][PASSED] - Statement - PreSaveFile = new java.io.File(((pathPrefix + java.lang.Integer.toString(counter)) + .png)): null

2018-12-13 23:23:58 - [TEST_STEP][PASSED] - Statement - counter = counter + 1: null

2018-12-13 23:23:58 - [TEST_STEP][PASSED] - Statement - PreSaveFile = new java.io.File(((pathPrefix + java.lang.Integer.toString(counter)) + .png)): null

2018-12-13 23:23:58 - [TEST_STEP][PASSED] - Statement - counter = counter + 1: null

2018-12-13 23:23:58 - [TEST_STEP][PASSED] - Statement - PreSaveFile = new java.io.File(((pathPrefix + java.lang.Integer.toString(counter)) + .png)): null

2018-12-13 23:23:58 - [TEST_STEP][PASSED] - Statement - counter = counter + 1: null

2018-12-13 23:23:58 - [TEST_STEP][PASSED] - Statement - PreSaveFile = new java.io.File(((pathPrefix + java.lang.Integer.toString(counter)) + .png)): null

2018-12-13 23:23:58 - [TEST_STEP][PASSED] - Statement - counter = counter + 1: null

2018-12-13 23:23:58 - [TEST_STEP][PASSED] - Statement - PreSaveFile = new java.io.File(((pathPrefix + java.lang.Integer.toString(counter)) + .png)): null

2018-12-13 23:23:58 - [TEST_STEP][PASSED] - Statement - counter = counter + 1: null

2018-12-13 23:23:58 - [TEST_STEP][PASSED] - Statement - PreSaveFile = new java.io.File(((pathPrefix + java.lang.Integer.toString(counter)) + .png)): null

2018-12-13 23:23:58 - [TEST_STEP][PASSED] - Statement - counter = counter + 1: null

2018-12-13 23:23:58 - [TEST_STEP][PASSED] - Statement - PreSaveFile = new java.io.File(((pathPrefix + java.lang.Integer.toString(counter)) + .png)): null

2018-12-13 23:23:58 - [TEST_STEP][PASSED] - Statement - counter = counter + 1: null

2018-12-13 23:23:58 - [TEST_STEP][PASSED] - Statement - PreSaveFile = new java.io.File(((pathPrefix + java.lang.Integer.toString(counter)) + .png)): null

2018-12-13 23:23:58 - [TEST_STEP][PASSED] - Statement - counter = counter + 1: null

2018-12-13 23:23:58 - [TEST_STEP][PASSED] - Statement - PreSaveFile = new java.io.File(((pathPrefix + java.lang.Integer.toString(counter)) + .png)): null

2018-12-13 23:23:58 - [TEST_STEP][PASSED] - Statement - counter = counter + 1: null

2018-12-13 23:23:58 - [TEST_STEP][PASSED] - Statement - PreSaveFile = new java.io.File(((pathPrefix + java.lang.Integer.toString(counter)) + .png)): null

2018-12-13 23:23:58 - [TEST_STEP][PASSED] - Statement - counter = counter + 1: null

2018-12-13 23:23:58 - [TEST_STEP][PASSED] - Statement - PreSaveFile = new java.io.File(((pathPrefix + java.lang.Integer.toString(counter)) + .png)): null

2018-12-13 23:23:58 - [TEST_STEP][PASSED] - Statement - counter = counter + 1: null

2018-12-13 23:23:58 - [TEST_STEP][PASSED] - Statement - PreSaveFile = new java.io.File(((pathPrefix + java.lang.Integer.toString(counter)) + .png)): null

2018-12-13 23:23:58 - [TEST_STEP][PASSED] - Statement - counter = counter + 1: null

2018-12-13 23:23:58 - [TEST_STEP][PASSED] - Statement - PreSaveFile = new java.io.File(((pathPrefix + java.lang.Integer.toString(counter)) + .png)): null

2018-12-13 23:23:58 - [TEST_STEP][PASSED] - Statement - counter = counter + 1: null

2018-12-13 23:23:58 - [TEST_STEP][PASSED] - Statement - PreSaveFile = new java.io.File(((pathPrefix + java.lang.Integer.toString(counter)) + .png)): null

2018-12-13 23:23:58 - [TEST_STEP][PASSED] - Statement - counter = counter + 1: null

2018-12-13 23:23:58 - [TEST_STEP][PASSED] - Statement - PreSaveFile = new java.io.File(((pathPrefix + java.lang.Integer.toString(counter)) + .png)): null

2018-12-13 23:23:58 - [TEST_STEP][PASSED] - Statement - counter = counter + 1: null

2018-12-13 23:23:58 - [TEST_STEP][PASSED] - Statement - PreSaveFile = new java.io.File(((pathPrefix + java.lang.Integer.toString(counter)) + .png)): null

2018-12-13 23:23:58 - [TEST_STEP][PASSED] - Statement - counter = counter + 1: null

2018-12-13 23:23:58 - [TEST_STEP][PASSED] - Statement - PreSaveFile = new java.io.File(((pathPrefix + java.lang.Integer.toString(counter)) + .png)): null

2018-12-13 23:23:58 - [TEST_STEP][PASSED] - Statement - counter = counter + 1: null

2018-12-13 23:23:58 - [TEST_STEP][PASSED] - Statement - PreSaveFile = new java.io.File(((pathPrefix + java.lang.Integer.toString(counter)) + .png)): null

2018-12-13 23:23:58 - [TEST_STEP][PASSED] - Statement - counter = counter + 1: null

2018-12-13 23:23:58 - [TEST_STEP][PASSED] - Statement - PreSaveFile = new java.io.File(((pathPrefix + java.lang.Integer.toString(counter)) + .png)): null

2018-12-13 23:23:58 - [TEST_STEP][PASSED] - Statement - counter = counter + 1: null

2018-12-13 23:23:58 - [TEST_STEP][PASSED] - Statement - PreSaveFile = new java.io.File(((pathPrefix + java.lang.Integer.toString(counter)) + .png)): null

2018-12-13 23:23:58 - [TEST_STEP][PASSED] - Statement - counter = counter + 1: null

2018-12-13 23:23:58 - [TEST_STEP][PASSED] - Statement - PreSaveFile = new java.io.File(((pathPrefix + java.lang.Integer.toString(counter)) + .png)): null

2018-12-13 23:23:58 - [TEST_STEP][PASSED] - Statement - counter = counter + 1: null

2018-12-13 23:23:58 - [TEST_STEP][PASSED] - Statement - PreSaveFile = new java.io.File(((pathPrefix + java.lang.Integer.toString(counter)) + .png)): null

2018-12-13 23:23:58 - [TEST_STEP][PASSED] - Statement - counter = counter + 1: null

2018-12-13 23:23:58 - [TEST_STEP][PASSED] - Statement - PreSaveFile = new java.io.File(((pathPrefix + java.lang.Integer.toString(counter)) + .png)): null

2018-12-13 23:23:58 - [TEST_STEP][PASSED] - Statement - counter = counter + 1: null

2018-12-13 23:23:58 - [TEST_STEP][PASSED] - Statement - PreSaveFile = new java.io.File(((pathPrefix + java.lang.Integer.toString(counter)) + .png)): null

2018-12-13 23:23:58 - [TEST_STEP][PASSED] - Statement - counter = counter + 1: null

2018-12-13 23:23:58 - [TEST_STEP][PASSED] - Statement - PreSaveFile = new java.io.File(((pathPrefix + java.lang.Integer.toString(counter)) + .png)): null

2018-12-13 23:23:58 - [TEST_STEP][PASSED] - Statement - counter = counter + 1: null

2018-12-13 23:23:58 - [TEST_STEP][PASSED] - Statement - PreSaveFile = new java.io.File(((pathPrefix + java.lang.Integer.toString(counter)) + .png)): null

2018-12-13 23:23:58 - [TEST_STEP][PASSED] - Statement - counter = counter + 1: null

2018-12-13 23:23:58 - [TEST_STEP][PASSED] - Statement - PreSaveFile = new java.io.File(((pathPrefix + java.lang.Integer.toString(counter)) + .png)): null

2018-12-13 23:23:58 - [TEST_STEP][PASSED] - Statement - counter = counter + 1: null

2018-12-13 23:23:58 - [TEST_STEP][PASSED] - Statement - PreSaveFile = new java.io.File(((pathPrefix + java.lang.Integer.toString(counter)) + .png)): null

2018-12-13 23:23:58 - [TEST_STEP][PASSED] - Statement - counter = counter + 1: null

2018-12-13 23:23:58 - [TEST_STEP][PASSED] - Statement - PreSaveFile = new java.io.File(((pathPrefix + java.lang.Integer.toString(counter)) + .png)): null

2018-12-13 23:23:58 - [TEST_STEP][PASSED] - Statement - counter = counter + 1: null

2018-12-13 23:23:58 - [TEST_STEP][PASSED] - Statement - PreSaveFile = new java.io.File(((pathPrefix + java.lang.Integer.toString(counter)) + .png)): null

2018-12-13 23:23:58 - [TEST_STEP][PASSED] - Statement - counter = counter + 1: null

2018-12-13 23:23:58 - [TEST_STEP][PASSED] - Statement - PreSaveFile = new java.io.File(((pathPrefix + java.lang.Integer.toString(counter)) + .png)): null

2018-12-13 23:23:58 - [TEST_STEP][PASSED] - Statement - counter = counter + 1: null

2018-12-13 23:23:58 - [TEST_STEP][PASSED] - Statement - PreSaveFile = new java.io.File(((pathPrefix + java.lang.Integer.toString(counter)) + .png)): null

2018-12-13 23:23:58 - [TEST_STEP][PASSED] - Statement - counter = counter + 1: null

2018-12-13 23:23:58 - [TEST_STEP][PASSED] - Statement - PreSaveFile = new java.io.File(((pathPrefix + java.lang.Integer.toString(counter)) + .png)): null

2018-12-13 23:23:58 - [TEST_STEP][PASSED] - Statement - counter = counter + 1: null

2018-12-13 23:23:58 - [TEST_STEP][PASSED] - Statement - PreSaveFile = new java.io.File(((pathPrefix + java.lang.Integer.toString(counter)) + .png)): null

2018-12-13 23:23:58 - [TEST_STEP][PASSED] - Statement - counter = counter + 1: null

2018-12-13 23:23:58 - [TEST_STEP][PASSED] - Statement - PreSaveFile = new java.io.File(((pathPrefix + java.lang.Integer.toString(counter)) + .png)): null

2018-12-13 23:23:58 - [TEST_STEP][PASSED] - Statement - counter = counter + 1: null

2018-12-13 23:23:58 - [TEST_STEP][PASSED] - Statement - PreSaveFile = new java.io.File(((pathPrefix + java.lang.Integer.toString(counter)) + .png)): null

2018-12-13 23:23:58 - [TEST_STEP][PASSED] - Statement - counter = counter + 1: null

2018-12-13 23:23:58 - [TEST_STEP][PASSED] - Statement - PreSaveFile = new java.io.File(((pathPrefix + java.lang.Integer.toString(counter)) + .png)): null

2018-12-13 23:23:58 - [TEST_STEP][PASSED] - Statement - counter = counter + 1: null

2018-12-13 23:23:58 - [TEST_STEP][PASSED] - Statement - PreSaveFile = new java.io.File(((pathPrefix + java.lang.Integer.toString(counter)) + .png)): null

2018-12-13 23:23:58 - [TEST_STEP][PASSED] - Statement - counter = counter + 1: null

2018-12-13 23:23:58 - [TEST_STEP][PASSED] - Statement - PreSaveFile = new java.io.File(((pathPrefix + java.lang.Integer.toString(counter)) + .png)): null

2018-12-13 23:23:58 - [TEST_STEP][PASSED] - Statement - counter = counter + 1: null

2018-12-13 23:23:58 - [TEST_STEP][PASSED] - Statement - PreSaveFile = new java.io.File(((pathPrefix + java.lang.Integer.toString(counter)) + .png)): null

2018-12-13 23:23:58 - [TEST_STEP][PASSED] - Statement - counter = counter + 1: null

2018-12-13 23:23:58 - [TEST_STEP][PASSED] - Statement - PreSaveFile = new java.io.File(((pathPrefix + java.lang.Integer.toString(counter)) + .png)): null

2018-12-13 23:23:58 - [TEST_STEP][PASSED] - Statement - counter = counter + 1: null

2018-12-13 23:23:58 - [TEST_STEP][PASSED] - Statement - PreSaveFile = new java.io.File(((pathPrefix + java.lang.Integer.toString(counter)) + .png)): null

2018-12-13 23:23:58 - [TEST_STEP][PASSED] - Statement - counter = counter + 1: null

2018-12-13 23:23:58 - [TEST_STEP][PASSED] - Statement - PreSaveFile = new java.io.File(((pathPrefix + java.lang.Integer.toString(counter)) + .png)): null

2018-12-13 23:23:58 - [TEST_STEP][PASSED] - Statement - counter = counter + 1: null

2018-12-13 23:23:58 - [TEST_STEP][PASSED] - Statement - PreSaveFile = new java.io.File(((pathPrefix + java.lang.Integer.toString(counter)) + .png)): null

2018-12-13 23:23:58 - [TEST_STEP][PASSED] - Statement - counter = counter + 1: null

2018-12-13 23:23:58 - [TEST_STEP][PASSED] - Statement - PreSaveFile = new java.io.File(((pathPrefix + java.lang.Integer.toString(counter)) + .png)): null

2018-12-13 23:23:58 - [TEST_STEP][PASSED] - Statement - counter = counter + 1: null

2018-12-13 23:23:58 - [TEST_STEP][PASSED] - Statement - PreSaveFile = new java.io.File(((pathPrefix + java.lang.Integer.toString(counter)) + .png)): null

2018-12-13 23:23:58 - [TEST_STEP][PASSED] - Statement - counter = counter + 1: null

2018-12-13 23:23:58 - [TEST_STEP][PASSED] - Statement - PreSaveFile = new java.io.File(((pathPrefix + java.lang.Integer.toString(counter)) + .png)): null

2018-12-13 23:23:58 - [TEST_STEP][PASSED] - Statement - counter = counter + 1: null

2018-12-13 23:23:58 - [TEST_STEP][PASSED] - Statement - PreSaveFile = new java.io.File(((pathPrefix + java.lang.Integer.toString(counter)) + .png)): null

2018-12-13 23:23:58 - [TEST_STEP][PASSED] - Statement - counter = counter + 1: null

2018-12-13 23:23:58 - [TEST_STEP][PASSED] - Statement - PreSaveFile = new java.io.File(((pathPrefix + java.lang.Integer.toString(counter)) + .png)): null

2018-12-13 23:23:58 - [TEST_STEP][PASSED] - Statement - counter = counter + 1: null

2018-12-13 23:23:58 - [TEST_STEP][PASSED] - Statement - PreSaveFile = new java.io.File(((pathPrefix + java.lang.Integer.toString(counter)) + .png)): null

2018-12-13 23:23:58 - [TEST_STEP][PASSED] - Statement - counter = counter + 1: null

2018-12-13 23:23:58 - [TEST_STEP][PASSED] - Statement - PreSaveFile = new java.io.File(((pathPrefix + java.lang.Integer.toString(counter)) + .png)): null

2018-12-13 23:23:58 - [TEST_STEP][PASSED] - Statement - counter = counter + 1: null

2018-12-13 23:23:58 - [TEST_STEP][PASSED] - Statement - PreSaveFile = new java.io.File(((pathPrefix + java.lang.Integer.toString(counter)) + .png)): null

2018-12-13 23:23:58 - [TEST_STEP][PASSED] - Statement - counter = counter + 1: null

2018-12-13 23:23:58 - [TEST_STEP][PASSED] - Statement - PreSaveFile = new java.io.File(((pathPrefix + java.lang.Integer.toString(counter)) + .png)): null

2018-12-13 23:23:58 - [TEST_STEP][PASSED] - Statement - counter = counter + 1: null

2018-12-13 23:23:58 - [TEST_STEP][PASSED] - Statement - PreSaveFile = new java.io.File(((pathPrefix + java.lang.Integer.toString(counter)) + .png)): null

2018-12-13 23:23:58 - [TEST_STEP][PASSED] - Statement - counter = counter + 1: null

2018-12-13 23:23:58 - [TEST_STEP][PASSED] - Statement - PreSaveFile = new java.io.File(((pathPrefix + java.lang.Integer.toString(counter)) + .png)): null

2018-12-13 23:23:58 - [TEST_STEP][PASSED] - Statement - counter = counter + 1: null

2018-12-13 23:23:58 - [TEST_STEP][PASSED] - Statement - PreSaveFile = new java.io.File(((pathPrefix + java.lang.Integer.toString(counter)) + .png)): null

2018-12-13 23:23:58 - [TEST_STEP][PASSED] - Statement - counter = counter + 1: null

2018-12-13 23:23:58 - [TEST_STEP][PASSED] - Statement - PreSaveFile = new java.io.File(((pathPrefix + java.lang.Integer.toString(counter)) + .png)): null

2018-12-13 23:23:58 - [TEST_STEP][PASSED] - Statement - counter = counter + 1: null

2018-12-13 23:23:58 - [TEST_STEP][PASSED] - Statement - PreSaveFile = new java.io.File(((pathPrefix + java.lang.Integer.toString(counter)) + .png)): null

2018-12-13 23:23:58 - [TEST_STEP][PASSED] - Statement - counter = counter + 1: null

2018-12-13 23:23:58 - [TEST_STEP][PASSED] - Statement - PreSaveFile = new java.io.File(((pathPrefix + java.lang.Integer.toString(counter)) + .png)): null

2018-12-13 23:23:58 - [TEST_STEP][PASSED] - Statement - counter = counter + 1: null

2018-12-13 23:23:58 - [TEST_STEP][PASSED] - Statement - PreSaveFile = new java.io.File(((pathPrefix + java.lang.Integer.toString(counter)) + .png)): null

2018-12-13 23:23:58 - [TEST_STEP][PASSED] - Statement - counter = counter + 1: null

2018-12-13 23:23:58 - [TEST_STEP][PASSED] - Statement - PreSaveFile = new java.io.File(((pathPrefix + java.lang.Integer.toString(counter)) + .png)): null

2018-12-13 23:23:58 - [TEST_STEP][PASSED] - Statement - counter = counter + 1: null

2018-12-13 23:23:58 - [TEST_STEP][PASSED] - Statement - PreSaveFile = new java.io.File(((pathPrefix + java.lang.Integer.toString(counter)) + .png)): null

2018-12-13 23:23:58 - [TEST_STEP][PASSED] - Statement - counter = counter + 1: null

2018-12-13 23:23:58 - [TEST_STEP][PASSED] - Statement - PreSaveFile = new java.io.File(((pathPrefix + java.lang.Integer.toString(counter)) + .png)): null

2018-12-13 23:23:58 - [TEST_STEP][PASSED] - Statement - counter = counter + 1: null

2018-12-13 23:23:58 - [TEST_STEP][PASSED] - Statement - PreSaveFile = new java.io.File(((pathPrefix + java.lang.Integer.toString(counter)) + .png)): null

2018-12-13 23:23:58 - [TEST_STEP][PASSED] - Statement - counter = counter + 1: null

2018-12-13 23:23:58 - [TEST_STEP][PASSED] - Statement - PreSaveFile = new java.io.File(((pathPrefix + java.lang.Integer.toString(counter)) + .png)): null

2018-12-13 23:23:58 - [TEST_STEP][PASSED] - Statement - counter = counter + 1: null

2018-12-13 23:23:58 - [TEST_STEP][PASSED] - Statement - PreSaveFile = new java.io.File(((pathPrefix + java.lang.Integer.toString(counter)) + .png)): null

2018-12-13 23:23:58 - [TEST_STEP][PASSED] - Statement - counter = counter + 1: null

2018-12-13 23:23:58 - [TEST_STEP][PASSED] - Statement - PreSaveFile = new java.io.File(((pathPrefix + java.lang.Integer.toString(counter)) + .png)): null

2018-12-13 23:23:58 - [TEST_STEP][PASSED] - Statement - counter = counter + 1: null

2018-12-13 23:23:58 - [TEST_STEP][PASSED] - Statement - PreSaveFile = new java.io.File(((pathPrefix + java.lang.Integer.toString(counter)) + .png)): null

2018-12-13 23:23:58 - [TEST_STEP][PASSED] - Statement - counter = counter + 1: null

2018-12-13 23:23:58 - [TEST_STEP][PASSED] - Statement - PreSaveFile = new java.io.File(((pathPrefix + java.lang.Integer.toString(counter)) + .png)): null

2018-12-13 23:23:58 - [TEST_STEP][PASSED] - Statement - counter = counter + 1: null

2018-12-13 23:23:58 - [TEST_STEP][PASSED] - Statement - PreSaveFile = new java.io.File(((pathPrefix + java.lang.Integer.toString(counter)) + .png)): null

2018-12-13 23:23:58 - [TEST_STEP][PASSED] - Statement - counter = counter + 1: null

2018-12-13 23:23:58 - [TEST_STEP][PASSED] - Statement - PreSaveFile = new java.io.File(((pathPrefix + java.lang.Integer.toString(counter)) + .png)): null

2018-12-13 23:23:58 - [TEST_STEP][PASSED] - Statement - counter = counter + 1: null

2018-12-13 23:23:58 - [TEST_STEP][PASSED] - Statement - PreSaveFile = new java.io.File(((pathPrefix + java.lang.Integer.toString(counter)) + .png)): null

2018-12-13 23:23:58 - [TEST_STEP][PASSED] - Statement - counter = counter + 1: null

2018-12-13 23:23:58 - [TEST_STEP][PASSED] - Statement - PreSaveFile = new java.io.File(((pathPrefix + java.lang.Integer.toString(counter)) + .png)): null

2018-12-13 23:23:58 - [TEST_STEP][PASSED] - Statement - counter = counter + 1: null

2018-12-13 23:23:58 - [TEST_STEP][PASSED] - Statement - PreSaveFile = new java.io.File(((pathPrefix + java.lang.Integer.toString(counter)) + .png)): null

2018-12-13 23:23:58 - [TEST_STEP][PASSED] - Statement - counter = counter + 1: null

2018-12-13 23:23:58 - [TEST_STEP][PASSED] - Statement - PreSaveFile = new java.io.File(((pathPrefix + java.lang.Integer.toString(counter)) + .png)): null

2018-12-13 23:23:58 - [TEST_STEP][PASSED] - Statement - counter = counter + 1: null

2018-12-13 23:23:58 - [TEST_STEP][PASSED] - Statement - PreSaveFile = new java.io.File(((pathPrefix + java.lang.Integer.toString(counter)) + .png)): null

2018-12-13 23:23:58 - [TEST_STEP][PASSED] - Statement - counter = counter + 1: null

2018-12-13 23:23:58 - [TEST_STEP][PASSED] - Statement - PreSaveFile = new java.io.File(((pathPrefix + java.lang.Integer.toString(counter)) + .png)): null

2018-12-13 23:23:58 - [TEST_STEP][PASSED] - Statement - counter = counter + 1: null

2018-12-13 23:23:58 - [TEST_STEP][PASSED] - Statement - PreSaveFile = new java.io.File(((pathPrefix + java.lang.Integer.toString(counter)) + .png)): null

2018-12-13 23:23:58 - [TEST_STEP][PASSED] - Statement - counter = counter + 1: null

2018-12-13 23:23:58 - [TEST_STEP][PASSED] - Statement - PreSaveFile = new java.io.File(((pathPrefix + java.lang.Integer.toString(counter)) + .png)): null

2018-12-13 23:23:58 - [TEST_STEP][PASSED] - Statement - counter = counter + 1: null

2018-12-13 23:23:58 - [TEST_STEP][PASSED] - Statement - PreSaveFile = new java.io.File(((pathPrefix + java.lang.Integer.toString(counter)) + .png)): null

2018-12-13 23:23:58 - [TEST_STEP][PASSED] - Statement - counter = counter + 1: null

2018-12-13 23:23:58 - [TEST_STEP][PASSED] - Statement - PreSaveFile = new java.io.File(((pathPrefix + java.lang.Integer.toString(counter)) + .png)): null

2018-12-13 23:23:58 - [TEST_STEP][PASSED] - Statement - counter = counter + 1: null

2018-12-13 23:23:58 - [TEST_STEP][PASSED] - Statement - PreSaveFile = new java.io.File(((pathPrefix + java.lang.Integer.toString(counter)) + .png)): null

2018-12-13 23:23:58 - [TEST_STEP][PASSED] - Statement - counter = counter + 1: null

2018-12-13 23:23:58 - [TEST_STEP][PASSED] - Statement - PreSaveFile = new java.io.File(((pathPrefix + java.lang.Integer.toString(counter)) + .png)): null

2018-12-13 23:23:58 - [TEST_STEP][PASSED] - Statement - counter = counter + 1: null

2018-12-13 23:23:58 - [TEST_STEP][PASSED] - Statement - PreSaveFile = new java.io.File(((pathPrefix + java.lang.Integer.toString(counter)) + .png)): null

2018-12-13 23:23:58 - [TEST_STEP][PASSED] - Statement - counter = counter + 1: null

2018-12-13 23:23:58 - [TEST_STEP][PASSED] - Statement - PreSaveFile = new java.io.File(((pathPrefix + java.lang.Integer.toString(counter)) + .png)): null

2018-12-13 23:23:58 - [TEST_STEP][PASSED] - Statement - counter = counter + 1: null

2018-12-13 23:23:58 - [TEST_STEP][PASSED] - Statement - PreSaveFile = new java.io.File(((pathPrefix + java.lang.Integer.toString(counter)) + .png)): null

2018-12-13 23:23:58 - [TEST_STEP][PASSED] - Statement - counter = counter + 1: null

2018-12-13 23:23:58 - [TEST_STEP][PASSED] - Statement - PreSaveFile = new java.io.File(((pathPrefix + java.lang.Integer.toString(counter)) + .png)): null

2018-12-13 23:23:58 - [TEST_STEP][PASSED] - Statement - counter = counter + 1: null

2018-12-13 23:23:58 - [TEST_STEP][PASSED] - Statement - PreSaveFile = new java.io.File(((pathPrefix + java.lang.Integer.toString(counter)) + .png)): null

2018-12-13 23:23:58 - [TEST_STEP][PASSED] - Statement - counter = counter + 1: null

2018-12-13 23:23:58 - [TEST_STEP][PASSED] - Statement - PreSaveFile = new java.io.File(((pathPrefix + java.lang.Integer.toString(counter)) + .png)): null

2018-12-13 23:23:58 - [TEST_STEP][PASSED] - Statement - counter = counter + 1: null

2018-12-13 23:23:58 - [TEST_STEP][PASSED] - Statement - PreSaveFile = new java.io.File(((pathPrefix + java.lang.Integer.toString(counter)) + .png)): null

2018-12-13 23:23:58 - [TEST_STEP][PASSED] - Statement - counter = counter + 1: null

2018-12-13 23:23:58 - [TEST_STEP][PASSED] - Statement - PreSaveFile = new java.io.File(((pathPrefix + java.lang.Integer.toString(counter)) + .png)): null

2018-12-13 23:23:58 - [TEST_STEP][PASSED] - Statement - counter = counter + 1: null

2018-12-13 23:23:58 - [TEST_STEP][PASSED] - Statement - PreSaveFile = new java.io.File(((pathPrefix + java.lang.Integer.toString(counter)) + .png)): null

2018-12-13 23:23:58 - [TEST_STEP][PASSED] - Statement - counter = counter + 1: null

2018-12-13 23:23:58 - [TEST_STEP][PASSED] - Statement - PreSaveFile = new java.io.File(((pathPrefix + java.lang.Integer.toString(counter)) + .png)): null

2018-12-13 23:23:58 - [TEST_STEP][PASSED] - Statement - counter = counter + 1: null

2018-12-13 23:23:58 - [TEST_STEP][PASSED] - Statement - PreSaveFile = new java.io.File(((pathPrefix + java.lang.Integer.toString(counter)) + .png)): null

2018-12-13 23:23:58 - [TEST_STEP][PASSED] - Statement - counter = counter + 1: null

2018-12-13 23:23:58 - [TEST_STEP][PASSED] - Statement - PreSaveFile = new java.io.File(((pathPrefix + java.lang.Integer.toString(counter)) + .png)): null

2018-12-13 23:23:58 - [TEST_STEP][PASSED] - Statement - counter = counter + 1: null

2018-12-13 23:23:58 - [TEST_STEP][PASSED] - Statement - PreSaveFile = new java.io.File(((pathPrefix + java.lang.Integer.toString(counter)) + .png)): null

2018-12-13 23:23:58 - [TEST_STEP][PASSED] - Statement - counter = counter + 1: null

2018-12-13 23:23:58 - [TEST_STEP][PASSED] - Statement - PreSaveFile = new java.io.File(((pathPrefix + java.lang.Integer.toString(counter)) + .png)): null

2018-12-13 23:23:58 - [TEST_STEP][PASSED] - Statement - counter = counter + 1: null

2018-12-13 23:23:58 - [TEST_STEP][PASSED] - Statement - PreSaveFile = new java.io.File(((pathPrefix + java.lang.Integer.toString(counter)) + .png)): null

2018-12-13 23:23:58 - [TEST_STEP][PASSED] - Statement - counter = counter + 1: null

2018-12-13 23:23:58 - [TEST_STEP][PASSED] - Statement - PreSaveFile = new java.io.File(((pathPrefix + java.lang.Integer.toString(counter)) + .png)): null

2018-12-13 23:23:58 - [TEST_STEP][PASSED] - Statement - counter = counter + 1: null

2018-12-13 23:23:58 - [TEST_STEP][PASSED] - Statement - PreSaveFile = new java.io.File(((pathPrefix + java.lang.Integer.toString(counter)) + .png)): null

2018-12-13 23:23:58 - [TEST_STEP][PASSED] - Statement - counter = counter + 1: null

2018-12-13 23:23:58 - [TEST_STEP][PASSED] - Statement - PreSaveFile = new java.io.File(((pathPrefix + java.lang.Integer.toString(counter)) + .png)): null

2018-12-13 23:23:58 - [TEST_STEP][PASSED] - Statement - counter = counter + 1: null

2018-12-13 23:23:58 - [TEST_STEP][PASSED] - Statement - PreSaveFile = new java.io.File(((pathPrefix + java.lang.Integer.toString(counter)) + .png)): null

2018-12-13 23:23:58 - [TEST_STEP][PASSED] - Statement - counter = counter + 1: null

2018-12-13 23:23:58 - [TEST_STEP][PASSED] - Statement - PreSaveFile = new java.io.File(((pathPrefix + java.lang.Integer.toString(counter)) + .png)): null

2018-12-13 23:23:58 - [TEST_STEP][PASSED] - Statement - counter = counter + 1: null

2018-12-13 23:23:58 - [TEST_STEP][PASSED] - Statement - PreSaveFile = new java.io.File(((pathPrefix + java.lang.Integer.toString(counter)) + .png)): null

2018-12-13 23:23:58 - [TEST_STEP][PASSED] - Statement - counter = counter + 1: null

2018-12-13 23:23:58 - [TEST_STEP][PASSED] - Statement - PreSaveFile = new java.io.File(((pathPrefix + java.lang.Integer.toString(counter)) + .png)): null

2018-12-13 23:23:58 - [TEST_STEP][PASSED] - Statement - counter = counter + 1: null

2018-12-13 23:23:58 - [TEST_STEP][PASSED] - Statement - PreSaveFile = new java.io.File(((pathPrefix + java.lang.Integer.toString(counter)) + .png)): null

2018-12-13 23:23:58 - [TEST_STEP][PASSED] - Statement - counter = counter + 1: null

2018-12-13 23:23:58 - [TEST_STEP][PASSED] - Statement - PreSaveFile = new java.io.File(((pathPrefix + java.lang.Integer.toString(counter)) + .png)): null

2018-12-13 23:23:58 - [TEST_STEP][PASSED] - Statement - counter = counter + 1: null

2018-12-13 23:23:58 - [TEST_STEP][PASSED] - Statement - PreSaveFile = new java.io.File(((pathPrefix + java.lang.Integer.toString(counter)) + .png)): null

2018-12-13 23:23:58 - [TEST_STEP][PASSED] - Statement - counter = counter + 1: null

2018-12-13 23:23:58 - [TEST_STEP][PASSED] - Statement - PreSaveFile = new java.io.File(((pathPrefix + java.lang.Integer.toString(counter)) + .png)): null

2018-12-13 23:23:58 - [TEST_STEP][PASSED] - Statement - counter = counter + 1: null

2018-12-13 23:23:58 - [TEST_STEP][PASSED] - Statement - PreSaveFile = new java.io.File(((pathPrefix + java.lang.Integer.toString(counter)) + .png)): null

2018-12-13 23:23:58 - [TEST_STEP][PASSED] - Statement - counter = counter + 1: null

2018-12-13 23:23:58 - [TEST_STEP][PASSED] - Statement - PreSaveFile = new java.io.File(((pathPrefix + java.lang.Integer.toString(counter)) + .png)): null

2018-12-13 23:23:58 - [TEST_STEP][PASSED] - Statement - counter = counter + 1: null

2018-12-13 23:23:58 - [TEST_STEP][PASSED] - Statement - PreSaveFile = new java.io.File(((pathPrefix + java.lang.Integer.toString(counter)) + .png)): null

2018-12-13 23:23:58 - [TEST_STEP][PASSED] - Statement - counter = counter + 1: null

2018-12-13 23:23:58 - [TEST_STEP][PASSED] - Statement - PreSaveFile = new java.io.File(((pathPrefix + java.lang.Integer.toString(counter)) + .png)): null

2018-12-13 23:23:58 - [TEST_STEP][PASSED] - Statement - counter = counter + 1: null

2018-12-13 23:23:58 - [TEST_STEP][PASSED] - Statement - PreSaveFile = new java.io.File(((pathPrefix + java.lang.Integer.toString(counter)) + .png)): null

2018-12-13 23:23:58 - [TEST_STEP][PASSED] - Statement - counter = counter + 1: null

2018-12-13 23:23:58 - [TEST_STEP][PASSED] - Statement - PreSaveFile = new java.io.File(((pathPrefix + java.lang.Integer.toString(counter)) + .png)): null

2018-12-13 23:23:58 - [TEST_STEP][PASSED] - Statement - counter = counter + 1: null

2018-12-13 23:23:58 - [TEST_STEP][PASSED] - Statement - PreSaveFile = new java.io.File(((pathPrefix + java.lang.Integer.toString(counter)) + .png)): null

2018-12-13 23:23:58 - [TEST_STEP][PASSED] - Statement - counter = counter + 1: null

2018-12-13 23:23:58 - [TEST_STEP][PASSED] - Statement - PreSaveFile = new java.io.File(((pathPrefix + java.lang.Integer.toString(counter)) + .png)): null

2018-12-13 23:23:58 - [TEST_STEP][PASSED] - Statement - counter = counter + 1: null

2018-12-13 23:23:58 - [TEST_STEP][PASSED] - Statement - PreSaveFile = new java.io.File(((pathPrefix + java.lang.Integer.toString(counter)) + .png)): null

2018-12-13 23:23:58 - [TEST_STEP][PASSED] - Statement - counter = counter + 1: null

2018-12-13 23:23:58 - [TEST_STEP][PASSED] - Statement - PreSaveFile = new java.io.File(((pathPrefix + java.lang.Integer.toString(counter)) + .png)): null

2018-12-13 23:23:58 - [TEST_STEP][PASSED] - Statement - counter = counter + 1: null

2018-12-13 23:23:58 - [TEST_STEP][PASSED] - Statement - PreSaveFile = new java.io.File(((pathPrefix + java.lang.Integer.toString(counter)) + .png)): null

2018-12-13 23:23:58 - [TEST_STEP][PASSED] - Statement - counter = counter + 1: null

2018-12-13 23:23:58 - [TEST_STEP][PASSED] - Statement - PreSaveFile = new java.io.File(((pathPrefix + java.lang.Integer.toString(counter)) + .png)): null

2018-12-13 23:23:58 - [TEST_STEP][PASSED] - Statement - counter = counter + 1: null

2018-12-13 23:23:58 - [TEST_STEP][PASSED] - Statement - PreSaveFile = new java.io.File(((pathPrefix + java.lang.Integer.toString(counter)) + .png)): null

2018-12-13 23:23:58 - [TEST_STEP][PASSED] - Statement - counter = counter + 1: null

2018-12-13 23:23:58 - [TEST_STEP][PASSED] - Statement - PreSaveFile = new java.io.File(((pathPrefix + java.lang.Integer.toString(counter)) + .png)): null

2018-12-13 23:23:58 - [TEST_STEP][PASSED] - Statement - counter = counter + 1: null

2018-12-13 23:23:58 - [TEST_STEP][PASSED] - Statement - PreSaveFile = new java.io.File(((pathPrefix + java.lang.Integer.toString(counter)) + .png)): null

2018-12-13 23:23:58 - [TEST_STEP][PASSED] - Statement - counter = counter + 1: null

2018-12-13 23:23:58 - [TEST_STEP][PASSED] - Statement - PreSaveFile = new java.io.File(((pathPrefix + java.lang.Integer.toString(counter)) + .png)): null

2018-12-13 23:23:58 - [TEST_STEP][PASSED] - Statement - counter = counter + 1: null

2018-12-13 23:23:58 - [TEST_STEP][PASSED] - Statement - PreSaveFile = new java.io.File(((pathPrefix + java.lang.Integer.toString(counter)) + .png)): null

2018-12-13 23:23:58 - [TEST_STEP][PASSED] - Statement - counter = counter + 1: null

2018-12-13 23:23:58 - [TEST_STEP][PASSED] - Statement - PreSaveFile = new java.io.File(((pathPrefix + java.lang.Integer.toString(counter)) + .png)): null

2018-12-13 23:23:58 - [TEST_STEP][PASSED] - Statement - counter = counter + 1: null

2018-12-13 23:23:58 - [TEST_STEP][PASSED] - Statement - PreSaveFile = new java.io.File(((pathPrefix + java.lang.Integer.toString(counter)) + .png)): null

2018-12-13 23:23:58 - [TEST_STEP][PASSED] - Statement - counter = counter + 1: null

2018-12-13 23:23:58 - [TEST_STEP][PASSED] - Statement - PreSaveFile = new java.io.File(((pathPrefix + java.lang.Integer.toString(counter)) + .png)): null

2018-12-13 23:23:58 - [TEST_STEP][PASSED] - Statement - counter = counter + 1: null

2018-12-13 23:23:58 - [TEST_STEP][PASSED] - Statement - PreSaveFile = new java.io.File(((pathPrefix + java.lang.Integer.toString(counter)) + .png)): null

2018-12-13 23:23:58 - [TEST_STEP][PASSED] - Statement - counter = counter + 1: null

2018-12-13 23:23:58 - [TEST_STEP][PASSED] - Statement - PreSaveFile = new java.io.File(((pathPrefix + java.lang.Integer.toString(counter)) + .png)): null

2018-12-13 23:23:58 - [TEST_STEP][PASSED] - Statement - counter = counter + 1: null

2018-12-13 23:23:58 - [TEST_STEP][PASSED] - Statement - PreSaveFile = new java.io.File(((pathPrefix + java.lang.Integer.toString(counter)) + .png)): null

2018-12-13 23:23:58 - [TEST_STEP][PASSED] - Statement - counter = counter + 1: null

2018-12-13 23:23:58 - [TEST_STEP][PASSED] - Statement - PreSaveFile = new java.io.File(((pathPrefix + java.lang.Integer.toString(counter)) + .png)): null

2018-12-13 23:23:58 - [TEST_STEP][PASSED] - Statement - counter = counter + 1: null

2018-12-13 23:23:58 - [TEST_STEP][PASSED] - Statement - PreSaveFile = new java.io.File(((pathPrefix + java.lang.Integer.toString(counter)) + .png)): null

2018-12-13 23:23:58 - [TEST_STEP][PASSED] - Statement - counter = counter + 1: null

2018-12-13 23:23:58 - [TEST_STEP][PASSED] - Statement - PreSaveFile = new java.io.File(((pathPrefix + java.lang.Integer.toString(counter)) + .png)): null

2018-12-13 23:23:58 - [TEST_STEP][PASSED] - Statement - counter = counter + 1: null

2018-12-13 23:23:58 - [TEST_STEP][PASSED] - Statement - PreSaveFile = new java.io.File(((pathPrefix + java.lang.Integer.toString(counter)) + .png)): null

2018-12-13 23:23:58 - [TEST_STEP][PASSED] - Statement - counter = counter + 1: null

2018-12-13 23:23:58 - [TEST_STEP][PASSED] - Statement - PreSaveFile = new java.io.File(((pathPrefix + java.lang.Integer.toString(counter)) + .png)): null

2018-12-13 23:23:58 - [TEST_STEP][PASSED] - Statement - counter = counter + 1: null

2018-12-13 23:23:58 - [TEST_STEP][PASSED] - Statement - PreSaveFile = new java.io.File(((pathPrefix + java.lang.Integer.toString(counter)) + .png)): null

2018-12-13 23:23:58 - [TEST_STEP][PASSED] - Statement - counter = counter + 1: null

2018-12-13 23:23:58 - [TEST_STEP][PASSED] - Statement - PreSaveFile = new java.io.File(((pathPrefix + java.lang.Integer.toString(counter)) + .png)): null

2018-12-13 23:23:58 - [TEST_STEP][PASSED] - Statement - counter = counter + 1: null

2018-12-13 23:23:58 - [TEST_STEP][PASSED] - Statement - PreSaveFile = new java.io.File(((pathPrefix + java.lang.Integer.toString(counter)) + .png)): null

2018-12-13 23:23:58 - [TEST_STEP][PASSED] - Statement - counter = counter + 1: null

2018-12-13 23:23:58 - [TEST_STEP][PASSED] - Statement - PreSaveFile = new java.io.File(((pathPrefix + java.lang.Integer.toString(counter)) + .png)): null

2018-12-13 23:23:58 - [TEST_STEP][PASSED] - Statement - counter = counter + 1: null

2018-12-13 23:23:58 - [TEST_STEP][PASSED] - Statement - PreSaveFile = new java.io.File(((pathPrefix + java.lang.Integer.toString(counter)) + .png)): null

2018-12-13 23:23:58 - [TEST_STEP][PASSED] - Statement - counter = counter + 1: null

2018-12-13 23:23:58 - [TEST_STEP][PASSED] - Statement - PreSaveFile = new java.io.File(((pathPrefix + java.lang.Integer.toString(counter)) + .png)): null

2018-12-13 23:23:58 - [TEST_STEP][PASSED] - Statement - counter = counter + 1: null

2018-12-13 23:23:58 - [TEST_STEP][PASSED] - Statement - PreSaveFile = new java.io.File(((pathPrefix + java.lang.Integer.toString(counter)) + .png)): null

2018-12-13 23:23:58 - [TEST_STEP][PASSED] - Statement - counter = counter + 1: null

2018-12-13 23:23:58 - [TEST_STEP][PASSED] - Statement - PreSaveFile = new java.io.File(((pathPrefix + java.lang.Integer.toString(counter)) + .png)): null

2018-12-13 23:23:58 - [TEST_STEP][PASSED] - Statement - counter = counter + 1: null

2018-12-13 23:23:58 - [TEST_STEP][PASSED] - Statement - PreSaveFile = new java.io.File(((pathPrefix + java.lang.Integer.toString(counter)) + .png)): null

2018-12-13 23:23:58 - [TEST_STEP][PASSED] - Statement - counter = counter + 1: null

2018-12-13 23:23:58 - [TEST_STEP][PASSED] - Statement - PreSaveFile = new java.io.File(((pathPrefix + java.lang.Integer.toString(counter)) + .png)): null

2018-12-13 23:23:58 - [TEST_STEP][PASSED] - Statement - counter = counter + 1: null

2018-12-13 23:23:58 - [TEST_STEP][PASSED] - Statement - PreSaveFile = new java.io.File(((pathPrefix + java.lang.Integer.toString(counter)) + .png)): null

2018-12-13 23:23:58 - [TEST_STEP][PASSED] - Statement - counter = counter + 1: null

2018-12-13 23:23:58 - [TEST_STEP][PASSED] - Statement - PreSaveFile = new java.io.File(((pathPrefix + java.lang.Integer.toString(counter)) + .png)): null

2018-12-13 23:23:58 - [TEST_STEP][PASSED] - Statement - counter = counter + 1: null

2018-12-13 23:23:58 - [TEST_STEP][PASSED] - Statement - PreSaveFile = new java.io.File(((pathPrefix + java.lang.Integer.toString(counter)) + .png)): null

2018-12-13 23:23:58 - [TEST_STEP][PASSED] - Statement - counter = counter + 1: null

2018-12-13 23:23:58 - [TEST_STEP][PASSED] - Statement - PreSaveFile = new java.io.File(((pathPrefix + java.lang.Integer.toString(counter)) + .png)): null

2018-12-13 23:23:58 - [TEST_STEP][PASSED] - Statement - counter = counter + 1: null

2018-12-13 23:23:58 - [TEST_STEP][PASSED] - Statement - PreSaveFile = new java.io.File(((pathPrefix + java.lang.Integer.toString(counter)) + .png)): null

2018-12-13 23:23:58 - [TEST_STEP][PASSED] - Statement - counter = counter + 1: null

2018-12-13 23:23:58 - [TEST_STEP][PASSED] - Statement - PreSaveFile = new java.io.File(((pathPrefix + java.lang.Integer.toString(counter)) + .png)): null

2018-12-13 23:23:58 - [TEST_STEP][PASSED] - Statement - counter = counter + 1: null

2018-12-13 23:23:58 - [TEST_STEP][PASSED] - Statement - PreSaveFile = new java.io.File(((pathPrefix + java.lang.Integer.toString(counter)) + .png)): null

2018-12-13 23:23:58 - [TEST_STEP][PASSED] - Statement - counter = counter + 1: null

2018-12-13 23:23:58 - [TEST_STEP][PASSED] - Statement - PreSaveFile = new java.io.File(((pathPrefix + java.lang.Integer.toString(counter)) + .png)): null

2018-12-13 23:23:58 - [TEST_STEP][PASSED] - Statement - counter = counter + 1: null

2018-12-13 23:23:58 - [TEST_STEP][PASSED] - Statement - PreSaveFile = new java.io.File(((pathPrefix + java.lang.Integer.toString(counter)) + .png)): null

2018-12-13 23:23:58 - [TEST_STEP][PASSED] - Statement - counter = counter + 1: null

2018-12-13 23:23:58 - [TEST_STEP][PASSED] - Statement - PreSaveFile = new java.io.File(((pathPrefix + java.lang.Integer.toString(counter)) + .png)): null

2018-12-13 23:23:58 - [TEST_STEP][PASSED] - Statement - counter = counter + 1: null

2018-12-13 23:23:58 - [TEST_STEP][PASSED] - Statement - PreSaveFile = new java.io.File(((pathPrefix + java.lang.Integer.toString(counter)) + .png)): null

2018-12-13 23:23:58 - [TEST_STEP][PASSED] - Statement - counter = counter + 1: null

2018-12-13 23:23:58 - [TEST_STEP][PASSED] - Statement - PreSaveFile = new java.io.File(((pathPrefix + java.lang.Integer.toString(counter)) + .png)): null

2018-12-13 23:23:58 - [TEST_STEP][PASSED] - Statement - counter = counter + 1: null

2018-12-13 23:23:58 - [TEST_STEP][PASSED] - Statement - PreSaveFile = new java.io.File(((pathPrefix + java.lang.Integer.toString(counter)) + .png)): null

2018-12-13 23:23:58 - [TEST_STEP][PASSED] - Statement - counter = counter + 1: null

2018-12-13 23:23:58 - [TEST_STEP][PASSED] - Statement - PreSaveFile = new java.io.File(((pathPrefix + java.lang.Integer.toString(counter)) + .png)): null

2018-12-13 23:23:58 - [TEST_STEP][PASSED] - Statement - counter = counter + 1: null

2018-12-13 23:23:58 - [TEST_STEP][PASSED] - Statement - PreSaveFile = new java.io.File(((pathPrefix + java.lang.Integer.toString(counter)) + .png)): null

2018-12-13 23:23:58 - [TEST_STEP][PASSED] - Statement - counter = counter + 1: null

2018-12-13 23:23:58 - [TEST_STEP][PASSED] - Statement - PreSaveFile = new java.io.File(((pathPrefix + java.lang.Integer.toString(counter)) + .png)): null

2018-12-13 23:23:58 - [TEST_STEP][PASSED] - Statement - counter = counter + 1: null

2018-12-13 23:23:58 - [TEST_STEP][PASSED] - Statement - PreSaveFile = new java.io.File(((pathPrefix + java.lang.Integer.toString(counter)) + .png)): null

2018-12-13 23:23:58 - [TEST_STEP][PASSED] - Statement - counter = counter + 1: null

2018-12-13 23:23:58 - [TEST_STEP][PASSED] - Statement - PreSaveFile = new java.io.File(((pathPrefix + java.lang.Integer.toString(counter)) + .png)): null

2018-12-13 23:23:58 - [TEST_STEP][PASSED] - Statement - counter = counter + 1: null

2018-12-13 23:23:58 - [TEST_STEP][PASSED] - Statement - PreSaveFile = new java.io.File(((pathPrefix + java.lang.Integer.toString(counter)) + .png)): null

2018-12-13 23:23:58 - [TEST_STEP][PASSED] - Statement - counter = counter + 1: null

2018-12-13 23:23:58 - [TEST_STEP][PASSED] - Statement - PreSaveFile = new java.io.File(((pathPrefix + java.lang.Integer.toString(counter)) + .png)): null

2018-12-13 23:23:58 - [TEST_STEP][PASSED] - Statement - counter = counter + 1: null

2018-12-13 23:23:58 - [TEST_STEP][PASSED] - Statement - PreSaveFile = new java.io.File(((pathPrefix + java.lang.Integer.toString(counter)) + .png)): null

2018-12-13 23:23:58 - [TEST_STEP][PASSED] - Statement - counter = counter + 1: null

2018-12-13 23:23:58 - [TEST_STEP][PASSED] - Statement - PreSaveFile = new java.io.File(((pathPrefix + java.lang.Integer.toString(counter)) + .png)): null

2018-12-13 23:23:58 - [TEST_STEP][PASSED] - Statement - counter = counter + 1: null

2018-12-13 23:23:58 - [TEST_STEP][PASSED] - Statement - PreSaveFile = new java.io.File(((pathPrefix + java.lang.Integer.toString(counter)) + .png)): null

2018-12-13 23:23:58 - [TEST_STEP][PASSED] - Statement - counter = counter + 1: null

2018-12-13 23:23:58 - [TEST_STEP][PASSED] - Statement - PreSaveFile = new java.io.File(((pathPrefix + java.lang.Integer.toString(counter)) + .png)): null

2018-12-13 23:23:58 - [TEST_STEP][PASSED] - Statement - counter = counter + 1: null

2018-12-13 23:23:58 - [TEST_STEP][PASSED] - Statement - PreSaveFile = new java.io.File(((pathPrefix + java.lang.Integer.toString(counter)) + .png)): null

2018-12-13 23:23:58 - [TEST_STEP][PASSED] - Statement - counter = counter + 1: null

2018-12-13 23:23:58 - [TEST_STEP][PASSED] - Statement - PreSaveFile = new java.io.File(((pathPrefix + java.lang.Integer.toString(counter)) + .png)): null

2018-12-13 23:23:58 - [TEST_STEP][PASSED] - Statement - counter = counter + 1: null

2018-12-13 23:23:58 - [TEST_STEP][PASSED] - Statement - PreSaveFile = new java.io.File(((pathPrefix + java.lang.Integer.toString(counter)) + .png)): null

2018-12-13 23:23:58 - [TEST_STEP][PASSED] - Statement - counter = counter + 1: null

2018-12-13 23:23:58 - [TEST_STEP][PASSED] - Statement - PreSaveFile = new java.io.File(((pathPrefix + java.lang.Integer.toString(counter)) + .png)): null

2018-12-13 23:23:58 - [TEST_STEP][PASSED] - Statement - counter = counter + 1: null

2018-12-13 23:23:58 - [TEST_STEP][PASSED] - Statement - PreSaveFile = new java.io.File(((pathPrefix + java.lang.Integer.toString(counter)) + .png)): null

2018-12-13 23:23:58 - [TEST_STEP][PASSED] - Statement - counter = counter + 1: null

2018-12-13 23:23:58 - [TEST_STEP][PASSED] - Statement - PreSaveFile = new java.io.File(((pathPrefix + java.lang.Integer.toString(counter)) + .png)): null

2018-12-13 23:23:58 - [TEST_STEP][PASSED] - Statement - counter = counter + 1: null

2018-12-13 23:23:58 - [TEST_STEP][PASSED] - Statement - PreSaveFile = new java.io.File(((pathPrefix + java.lang.Integer.toString(counter)) + .png)): null

2018-12-13 23:23:58 - [TEST_STEP][PASSED] - Statement - counter = counter + 1: null

2018-12-13 23:23:58 - [TEST_STEP][PASSED] - Statement - PreSaveFile = new java.io.File(((pathPrefix + java.lang.Integer.toString(counter)) + .png)): null

2018-12-13 23:23:58 - [TEST_STEP][PASSED] - Statement - counter = counter + 1: null

2018-12-13 23:23:58 - [TEST_STEP][PASSED] - Statement - PreSaveFile = new java.io.File(((pathPrefix + java.lang.Integer.toString(counter)) + .png)): null

2018-12-13 23:23:58 - [TEST_STEP][PASSED] - Statement - counter = counter + 1: null

2018-12-13 23:23:58 - [TEST_STEP][PASSED] - Statement - PreSaveFile = new java.io.File(((pathPrefix + java.lang.Integer.toString(counter)) + .png)): null

2018-12-13 23:23:58 - [TEST_STEP][PASSED] - Statement - counter = counter + 1: null

2018-12-13 23:23:58 - [TEST_STEP][PASSED] - Statement - PreSaveFile = new java.io.File(((pathPrefix + java.lang.Integer.toString(counter)) + .png)): null

2018-12-13 23:23:58 - [TEST_STEP][PASSED] - Statement - counter = counter + 1: null

2018-12-13 23:23:58 - [TEST_STEP][PASSED] - Statement - PreSaveFile = new java.io.File(((pathPrefix + java.lang.Integer.toString(counter)) + .png)): null

2018-12-13 23:23:58 - [TEST_STEP][PASSED] - Statement - counter = counter + 1: null

2018-12-13 23:23:58 - [TEST_STEP][PASSED] - Statement - PreSaveFile = new java.io.File(((pathPrefix + java.lang.Integer.toString(counter)) + .png)): null

2018-12-13 23:23:58 - [TEST_STEP][PASSED] - Statement - counter = counter + 1: null

2018-12-13 23:23:58 - [TEST_STEP][PASSED] - Statement - PreSaveFile = new java.io.File(((pathPrefix + java.lang.Integer.toString(counter)) + .png)): null

2018-12-13 23:23:58 - [TEST_STEP][PASSED] - Statement - counter = counter + 1: null

2018-12-13 23:23:58 - [TEST_STEP][PASSED] - Statement - PreSaveFile = new java.io.File(((pathPrefix + java.lang.Integer.toString(counter)) + .png)): null

2018-12-13 23:23:58 - [TEST_STEP][PASSED] - Statement - counter = counter + 1: null

2018-12-13 23:23:58 - [TEST_STEP][PASSED] - Statement - PreSaveFile = new java.io.File(((pathPrefix + java.lang.Integer.toString(counter)) + .png)): null

2018-12-13 23:23:58 - [TEST_STEP][PASSED] - Statement - counter = counter + 1: null

2018-12-13 23:23:58 - [TEST_STEP][PASSED] - Statement - PreSaveFile = new java.io.File(((pathPrefix + java.lang.Integer.toString(counter)) + .png)): null

2018-12-13 23:23:58 - [TEST_STEP][PASSED] - Statement - counter = counter + 1: null

2018-12-13 23:23:58 - [TEST_STEP][PASSED] - Statement - PreSaveFile = new java.io.File(((pathPrefix + java.lang.Integer.toString(counter)) + .png)): null

2018-12-13 23:23:58 - [TEST_STEP][PASSED] - Statement - counter = counter + 1: null

2018-12-13 23:23:58 - [TEST_STEP][PASSED] - Statement - PreSaveFile = new java.io.File(((pathPrefix + java.lang.Integer.toString(counter)) + .png)): null

2018-12-13 23:23:58 - [TEST_STEP][PASSED] - Statement - counter = counter + 1: null

2018-12-13 23:23:58 - [TEST_STEP][PASSED] - Statement - PreSaveFile = new java.io.File(((pathPrefix + java.lang.Integer.toString(counter)) + .png)): null

2018-12-13 23:23:58 - [TEST_STEP][PASSED] - Statement - counter = counter + 1: null

2018-12-13 23:23:58 - [TEST_STEP][PASSED] - Statement - PreSaveFile = new java.io.File(((pathPrefix + java.lang.Integer.toString(counter)) + .png)): null

2018-12-13 23:23:58 - [TEST_STEP][PASSED] - Statement - counter = counter + 1: null

2018-12-13 23:23:58 - [TEST_STEP][PASSED] - Statement - PreSaveFile = new java.io.File(((pathPrefix + java.lang.Integer.toString(counter)) + .png)): null

2018-12-13 23:23:58 - [TEST_STEP][PASSED] - Statement - counter = counter + 1: null

2018-12-13 23:23:58 - [TEST_STEP][PASSED] - Statement - PreSaveFile = new java.io.File(((pathPrefix + java.lang.Integer.toString(counter)) + .png)): null

2018-12-13 23:23:58 - [TEST_STEP][PASSED] - Statement - counter = counter + 1: null

2018-12-13 23:23:58 - [TEST_STEP][PASSED] - Statement - PreSaveFile = new java.io.File(((pathPrefix + java.lang.Integer.toString(counter)) + .png)): null

2018-12-13 23:23:58 - [TEST_STEP][PASSED] - Statement - counter = counter + 1: null

2018-12-13 23:23:58 - [TEST_STEP][PASSED] - Statement - PreSaveFile = new java.io.File(((pathPrefix + java.lang.Integer.toString(counter)) + .png)): null

2018-12-13 23:23:58 - [TEST_STEP][PASSED] - Statement - counter = counter + 1: null

2018-12-13 23:23:58 - [TEST_STEP][PASSED] - Statement - PreSaveFile = new java.io.File(((pathPrefix + java.lang.Integer.toString(counter)) + .png)): null

2018-12-13 23:23:58 - [TEST_STEP][PASSED] - Statement - counter = counter + 1: null

2018-12-13 23:23:58 - [TEST_STEP][PASSED] - Statement - PreSaveFile = new java.io.File(((pathPrefix + java.lang.Integer.toString(counter)) + .png)): null

2018-12-13 23:23:58 - [TEST_STEP][PASSED] - Statement - counter = counter + 1: null

2018-12-13 23:23:58 - [TEST_STEP][PASSED] - Statement - PreSaveFile = new java.io.File(((pathPrefix + java.lang.Integer.toString(counter)) + .png)): null

2018-12-13 23:23:58 - [TEST_STEP][PASSED] - Statement - counter = counter + 1: null

2018-12-13 23:23:58 - [TEST_STEP][PASSED] - Statement - PreSaveFile = new java.io.File(((pathPrefix + java.lang.Integer.toString(counter)) + .png)): null

2018-12-13 23:23:58 - [TEST_STEP][PASSED] - Statement - counter = counter + 1: null

2018-12-13 23:23:58 - [TEST_STEP][PASSED] - Statement - PreSaveFile = new java.io.File(((pathPrefix + java.lang.Integer.toString(counter)) + .png)): null

2018-12-13 23:23:58 - [TEST_STEP][PASSED] - Statement - counter = counter + 1: null

2018-12-13 23:23:58 - [TEST_STEP][PASSED] - Statement - PreSaveFile = new java.io.File(((pathPrefix + java.lang.Integer.toString(counter)) + .png)): null

2018-12-13 23:23:58 - [TEST_STEP][PASSED] - Statement - counter = counter + 1: null

2018-12-13 23:23:58 - [TEST_STEP][PASSED] - Statement - PreSaveFile = new java.io.File(((pathPrefix + java.lang.Integer.toString(counter)) + .png)): null

2018-12-13 23:23:58 - [TEST_STEP][PASSED] - Statement - counter = counter + 1: null

2018-12-13 23:23:58 - [TEST_STEP][PASSED] - Statement - PreSaveFile = new java.io.File(((pathPrefix + java.lang.Integer.toString(counter)) + .png)): null

2018-12-13 23:23:58 - [TEST_STEP][PASSED] - Statement - counter = counter + 1: null

2018-12-13 23:23:58 - [TEST_STEP][PASSED] - Statement - PreSaveFile = new java.io.File(((pathPrefix + java.lang.Integer.toString(counter)) + .png)): null

2018-12-13 23:23:58 - [TEST_STEP][PASSED] - Statement - counter = counter + 1: null

2018-12-13 23:23:58 - [TEST_STEP][PASSED] - Statement - PreSaveFile = new java.io.File(((pathPrefix + java.lang.Integer.toString(counter)) + .png)): null

2018-12-13 23:23:58 - [TEST_STEP][PASSED] - Statement - counter = counter + 1: null

2018-12-13 23:23:58 - [TEST_STEP][PASSED] - Statement - PreSaveFile = new java.io.File(((pathPrefix + java.lang.Integer.toString(counter)) + .png)): null

2018-12-13 23:23:59 - [TEST_STEP][PASSED] - Statement - counter = counter + 1: null

2018-12-13 23:23:59 - [TEST_STEP][PASSED] - Statement - PreSaveFile = new java.io.File(((pathPrefix + java.lang.Integer.toString(counter)) + .png)): null

2018-12-13 23:23:59 - [TEST_STEP][PASSED] - Statement - counter = counter + 1: null

2018-12-13 23:23:59 - [TEST_STEP][PASSED] - Statement - PreSaveFile = new java.io.File(((pathPrefix + java.lang.Integer.toString(counter)) + .png)): null

2018-12-13 23:23:59 - [TEST_STEP][PASSED] - Statement - counter = counter + 1: null

2018-12-13 23:23:59 - [TEST_STEP][PASSED] - Statement - PreSaveFile = new java.io.File(((pathPrefix + java.lang.Integer.toString(counter)) + .png)): null

2018-12-13 23:23:59 - [TEST_STEP][PASSED] - Statement - counter = counter + 1: null

2018-12-13 23:23:59 - [TEST_STEP][PASSED] - Statement - PreSaveFile = new java.io.File(((pathPrefix + java.lang.Integer.toString(counter)) + .png)): null

2018-12-13 23:23:59 - [TEST_STEP][PASSED] - Statement - counter = counter + 1: null

2018-12-13 23:23:59 - [TEST_STEP][PASSED] - Statement - PreSaveFile = new java.io.File(((pathPrefix + java.lang.Integer.toString(counter)) + .png)): null

2018-12-13 23:23:59 - [TEST_STEP][PASSED] - Statement - counter = counter + 1: null

2018-12-13 23:23:59 - [TEST_STEP][PASSED] - Statement - PreSaveFile = new java.io.File(((pathPrefix + java.lang.Integer.toString(counter)) + .png)): null

2018-12-13 23:23:59 - [TEST_STEP][PASSED] - Statement - counter = counter + 1: null

2018-12-13 23:23:59 - [TEST_STEP][PASSED] - Statement - PreSaveFile = new java.io.File(((pathPrefix + java.lang.Integer.toString(counter)) + .png)): null

2018-12-13 23:23:59 - [TEST_STEP][PASSED] - Statement - counter = counter + 1: null

2018-12-13 23:23:59 - [TEST_STEP][PASSED] - Statement - PreSaveFile = new java.io.File(((pathPrefix + java.lang.Integer.toString(counter)) + .png)): null

2018-12-13 23:23:59 - [TEST_STEP][PASSED] - Statement - counter = counter + 1: null

2018-12-13 23:23:59 - [TEST_STEP][PASSED] - Statement - PreSaveFile = new java.io.File(((pathPrefix + java.lang.Integer.toString(counter)) + .png)): null

2018-12-13 23:23:59 - [TEST_STEP][PASSED] - Statement - counter = counter + 1: null

2018-12-13 23:23:59 - [TEST_STEP][PASSED] - Statement - PreSaveFile = new java.io.File(((pathPrefix + java.lang.Integer.toString(counter)) + .png)): null

2018-12-13 23:23:59 - [TEST_STEP][PASSED] - Statement - counter = counter + 1: null

2018-12-13 23:23:59 - [TEST_STEP][PASSED] - Statement - PreSaveFile = new java.io.File(((pathPrefix + java.lang.Integer.toString(counter)) + .png)): null

2018-12-13 23:23:59 - [TEST_STEP][PASSED] - Statement - counter = counter + 1: null

2018-12-13 23:23:59 - [TEST_STEP][PASSED] - Statement - PreSaveFile = new java.io.File(((pathPrefix + java.lang.Integer.toString(counter)) + .png)): null

2018-12-13 23:23:59 - [TEST_STEP][PASSED] - Statement - counter = counter + 1: null

2018-12-13 23:23:59 - [TEST_STEP][PASSED] - Statement - PreSaveFile = new java.io.File(((pathPrefix + java.lang.Integer.toString(counter)) + .png)): null

2018-12-13 23:23:59 - [TEST_STEP][PASSED] - Statement - counter = counter + 1: null

2018-12-13 23:23:59 - [TEST_STEP][PASSED] - Statement - PreSaveFile = new java.io.File(((pathPrefix + java.lang.Integer.toString(counter)) + .png)): null

2018-12-13 23:23:59 - [TEST_STEP][PASSED] - Statement - counter = counter + 1: null

2018-12-13 23:23:59 - [TEST_STEP][PASSED] - Statement - PreSaveFile = new java.io.File(((pathPrefix + java.lang.Integer.toString(counter)) + .png)): null

2018-12-13 23:23:59 - [TEST_STEP][PASSED] - Statement - counter = counter + 1: null

2018-12-13 23:23:59 - [TEST_STEP][PASSED] - Statement - PreSaveFile = new java.io.File(((pathPrefix + java.lang.Integer.toString(counter)) + .png)): null

2018-12-13 23:23:59 - [TEST_STEP][PASSED] - Statement - counter = counter + 1: null

2018-12-13 23:23:59 - [TEST_STEP][PASSED] - Statement - PreSaveFile = new java.io.File(((pathPrefix + java.lang.Integer.toString(counter)) + .png)): null

2018-12-13 23:23:59 - [TEST_STEP][PASSED] - Statement - counter = counter + 1: null

2018-12-13 23:23:59 - [TEST_STEP][PASSED] - Statement - PreSaveFile = new java.io.File(((pathPrefix + java.lang.Integer.toString(counter)) + .png)): null

2018-12-13 23:23:59 - [TEST_STEP][PASSED] - Statement - counter = counter + 1: null

2018-12-13 23:23:59 - [TEST_STEP][PASSED] - Statement - PreSaveFile = new java.io.File(((pathPrefix + java.lang.Integer.toString(counter)) + .png)): null

2018-12-13 23:23:59 - [TEST_STEP][PASSED] - Statement - counter = counter + 1: null

2018-12-13 23:23:59 - [TEST_STEP][PASSED] - Statement - PreSaveFile = new java.io.File(((pathPrefix + java.lang.Integer.toString(counter)) + .png)): null

2018-12-13 23:23:59 - [TEST_STEP][PASSED] - Statement - counter = counter + 1: null

2018-12-13 23:23:59 - [TEST_STEP][PASSED] - Statement - PreSaveFile = new java.io.File(((pathPrefix + java.lang.Integer.toString(counter)) + .png)): null

2018-12-13 23:23:59 - [TEST_STEP][PASSED] - Statement - counter = counter + 1: null

2018-12-13 23:23:59 - [TEST_STEP][PASSED] - Statement - PreSaveFile = new java.io.File(((pathPrefix + java.lang.Integer.toString(counter)) + .png)): null

2018-12-13 23:23:59 - [TEST_STEP][PASSED] - Statement - counter = counter + 1: null

2018-12-13 23:23:59 - [TEST_STEP][PASSED] - Statement - PreSaveFile = new java.io.File(((pathPrefix + java.lang.Integer.toString(counter)) + .png)): null

2018-12-13 23:23:59 - [TEST_STEP][PASSED] - Statement - counter = counter + 1: null

2018-12-13 23:23:59 - [TEST_STEP][PASSED] - Statement - PreSaveFile = new java.io.File(((pathPrefix + java.lang.Integer.toString(counter)) + .png)): null

2018-12-13 23:23:59 - [TEST_STEP][PASSED] - Statement - counter = counter + 1: null

2018-12-13 23:23:59 - [TEST_STEP][PASSED] - Statement - PreSaveFile = new java.io.File(((pathPrefix + java.lang.Integer.toString(counter)) + .png)): null

2018-12-13 23:23:59 - [TEST_STEP][PASSED] - Statement - counter = counter + 1: null

2018-12-13 23:23:59 - [TEST_STEP][PASSED] - Statement - PreSaveFile = new java.io.File(((pathPrefix + java.lang.Integer.toString(counter)) + .png)): null

2018-12-13 23:23:59 - [TEST_STEP][PASSED] - Statement - counter = counter + 1: null

2018-12-13 23:23:59 - [TEST_STEP][PASSED] - Statement - PreSaveFile = new java.io.File(((pathPrefix + java.lang.Integer.toString(counter)) + .png)): null

2018-12-13 23:23:59 - [TEST_STEP][PASSED] - Statement - counter = counter + 1: null

2018-12-13 23:23:59 - [TEST_STEP][PASSED] - Statement - PreSaveFile = new java.io.File(((pathPrefix + java.lang.Integer.toString(counter)) + .png)): null

2018-12-13 23:23:59 - [TEST_STEP][PASSED] - Statement - counter = counter + 1: null

2018-12-13 23:23:59 - [TEST_STEP][PASSED] - Statement - PreSaveFile = new java.io.File(((pathPrefix + java.lang.Integer.toString(counter)) + .png)): null

2018-12-13 23:23:59 - [TEST_STEP][PASSED] - Statement - counter = counter + 1: null

2018-12-13 23:23:59 - [TEST_STEP][PASSED] - Statement - PreSaveFile = new java.io.File(((pathPrefix + java.lang.Integer.toString(counter)) + .png)): null

2018-12-13 23:23:59 - [TEST_STEP][PASSED] - Statement - counter = counter + 1: null

2018-12-13 23:23:59 - [TEST_STEP][PASSED] - Statement - PreSaveFile = new java.io.File(((pathPrefix + java.lang.Integer.toString(counter)) + .png)): null

2018-12-13 23:23:59 - [TEST_STEP][PASSED] - Statement - counter = counter + 1: null

2018-12-13 23:23:59 - [TEST_STEP][PASSED] - Statement - PreSaveFile = new java.io.File(((pathPrefix + java.lang.Integer.toString(counter)) + .png)): null

2018-12-13 23:23:59 - [TEST_STEP][PASSED] - Statement - counter = counter + 1: null

2018-12-13 23:23:59 - [TEST_STEP][PASSED] - Statement - PreSaveFile = new java.io.File(((pathPrefix + java.lang.Integer.toString(counter)) + .png)): null

2018-12-13 23:23:59 - [TEST_STEP][PASSED] - Statement - counter = counter + 1: null

2018-12-13 23:23:59 - [TEST_STEP][PASSED] - Statement - PreSaveFile = new java.io.File(((pathPrefix + java.lang.Integer.toString(counter)) + .png)): null

2018-12-13 23:23:59 - [TEST_STEP][PASSED] - Statement - counter = counter + 1: null

2018-12-13 23:23:59 - [TEST_STEP][PASSED] - Statement - PreSaveFile = new java.io.File(((pathPrefix + java.lang.Integer.toString(counter)) + .png)): null

2018-12-13 23:23:59 - [TEST_STEP][PASSED] - Statement - counter = counter + 1: null

2018-12-13 23:23:59 - [TEST_STEP][PASSED] - Statement - PreSaveFile = new java.io.File(((pathPrefix + java.lang.Integer.toString(counter)) + .png)): null

2018-12-13 23:23:59 - [TEST_STEP][PASSED] - Statement - counter = counter + 1: null

2018-12-13 23:23:59 - [TEST_STEP][PASSED] - Statement - PreSaveFile = new java.io.File(((pathPrefix + java.lang.Integer.toString(counter)) + .png)): null

2018-12-13 23:23:59 - [TEST_STEP][PASSED] - Statement - counter = counter + 1: null

2018-12-13 23:23:59 - [TEST_STEP][PASSED] - Statement - PreSaveFile = new java.io.File(((pathPrefix + java.lang.Integer.toString(counter)) + .png)): null

2018-12-13 23:23:59 - [TEST_STEP][PASSED] - Statement - counter = counter + 1: null

2018-12-13 23:23:59 - [TEST_STEP][PASSED] - Statement - PreSaveFile = new java.io.File(((pathPrefix + java.lang.Integer.toString(counter)) + .png)): null

2018-12-13 23:23:59 - [TEST_STEP][PASSED] - Statement - counter = counter + 1: null

2018-12-13 23:23:59 - [TEST_STEP][PASSED] - Statement - PreSaveFile = new java.io.File(((pathPrefix + java.lang.Integer.toString(counter)) + .png)): null

2018-12-13 23:23:59 - [TEST_STEP][PASSED] - Statement - counter = counter + 1: null

2018-12-13 23:23:59 - [TEST_STEP][PASSED] - Statement - PreSaveFile = new java.io.File(((pathPrefix + java.lang.Integer.toString(counter)) + .png)): null

2018-12-13 23:23:59 - [TEST_STEP][PASSED] - Statement - counter = counter + 1: null

2018-12-13 23:23:59 - [TEST_STEP][PASSED] - Statement - PreSaveFile = new java.io.File(((pathPrefix + java.lang.Integer.toString(counter)) + .png)): null

2018-12-13 23:23:59 - [TEST_STEP][PASSED] - Statement - counter = counter + 1: null

2018-12-13 23:23:59 - [TEST_STEP][PASSED] - Statement - PreSaveFile = new java.io.File(((pathPrefix + java.lang.Integer.toString(counter)) + .png)): null

2018-12-13 23:23:59 - [TEST_STEP][PASSED] - Statement - counter = counter + 1: null

2018-12-13 23:23:59 - [TEST_STEP][PASSED] - Statement - PreSaveFile = new java.io.File(((pathPrefix + java.lang.Integer.toString(counter)) + .png)): null

2018-12-13 23:23:59 - [TEST_STEP][PASSED] - Statement - counter = counter + 1: null

2018-12-13 23:23:59 - [TEST_STEP][PASSED] - Statement - PreSaveFile = new java.io.File(((pathPrefix + java.lang.Integer.toString(counter)) + .png)): null

2018-12-13 23:23:59 - [TEST_STEP][PASSED] - Statement - counter = counter + 1: null

2018-12-13 23:23:59 - [TEST_STEP][PASSED] - Statement - PreSaveFile = new java.io.File(((pathPrefix + java.lang.Integer.toString(counter)) + .png)): null

2018-12-13 23:23:59 - [TEST_STEP][PASSED] - Statement - counter = counter + 1: null

2018-12-13 23:23:59 - [TEST_STEP][PASSED] - Statement - PreSaveFile = new java.io.File(((pathPrefix + java.lang.Integer.toString(counter)) + .png)): null

2018-12-13 23:23:59 - [TEST_STEP][PASSED] - Statement - counter = counter + 1: null

2018-12-13 23:23:59 - [TEST_STEP][PASSED] - Statement - PreSaveFile = new java.io.File(((pathPrefix + java.lang.Integer.toString(counter)) + .png)): null

2018-12-13 23:23:59 - [TEST_STEP][PASSED] - Statement - counter = counter + 1: null

2018-12-13 23:23:59 - [TEST_STEP][PASSED] - Statement - PreSaveFile = new java.io.File(((pathPrefix + java.lang.Integer.toString(counter)) + .png)): null

2018-12-13 23:23:59 - [TEST_STEP][PASSED] - Statement - counter = counter + 1: null

2018-12-13 23:23:59 - [TEST_STEP][PASSED] - Statement - PreSaveFile = new java.io.File(((pathPrefix + java.lang.Integer.toString(counter)) + .png)): null

2018-12-13 23:23:59 - [TEST_STEP][PASSED] - Statement - counter = counter + 1: null

2018-12-13 23:23:59 - [TEST_STEP][PASSED] - Statement - PreSaveFile = new java.io.File(((pathPrefix + java.lang.Integer.toString(counter)) + .png)): null

2018-12-13 23:23:59 - [TEST_STEP][PASSED] - Statement - counter = counter + 1: null

2018-12-13 23:23:59 - [TEST_STEP][PASSED] - Statement - PreSaveFile = new java.io.File(((pathPrefix + java.lang.Integer.toString(counter)) + .png)): null

2018-12-13 23:23:59 - [TEST_STEP][PASSED] - Statement - counter = counter + 1: null

2018-12-13 23:23:59 - [TEST_STEP][PASSED] - Statement - PreSaveFile = new java.io.File(((pathPrefix + java.lang.Integer.toString(counter)) + .png)): null

2018-12-13 23:23:59 - [TEST_STEP][PASSED] - Statement - counter = counter + 1: null

2018-12-13 23:23:59 - [TEST_STEP][PASSED] - Statement - PreSaveFile = new java.io.File(((pathPrefix + java.lang.Integer.toString(counter)) + .png)): null

2018-12-13 23:23:59 - [TEST_STEP][PASSED] - Statement - counter = counter + 1: null

2018-12-13 23:23:59 - [TEST_STEP][PASSED] - Statement - PreSaveFile = new java.io.File(((pathPrefix + java.lang.Integer.toString(counter)) + .png)): null

2018-12-13 23:23:59 - [TEST_STEP][PASSED] - Statement - counter = counter + 1: null

2018-12-13 23:23:59 - [TEST_STEP][PASSED] - Statement - PreSaveFile = new java.io.File(((pathPrefix + java.lang.Integer.toString(counter)) + .png)): null

2018-12-13 23:23:59 - [TEST_STEP][PASSED] - Statement - counter = counter + 1: null

2018-12-13 23:23:59 - [TEST_STEP][PASSED] - Statement - PreSaveFile = new java.io.File(((pathPrefix + java.lang.Integer.toString(counter)) + .png)): null

2018-12-13 23:23:59 - [TEST_STEP][PASSED] - Statement - counter = counter + 1: null

2018-12-13 23:23:59 - [TEST_STEP][PASSED] - Statement - PreSaveFile = new java.io.File(((pathPrefix + java.lang.Integer.toString(counter)) + .png)): null

2018-12-13 23:23:59 - [TEST_STEP][PASSED] - Statement - counter = counter + 1: null

2018-12-13 23:23:59 - [TEST_STEP][PASSED] - Statement - PreSaveFile = new java.io.File(((pathPrefix + java.lang.Integer.toString(counter)) + .png)): null

2018-12-13 23:23:59 - [TEST_STEP][PASSED] - Statement - counter = counter + 1: null

2018-12-13 23:23:59 - [TEST_STEP][PASSED] - Statement - PreSaveFile = new java.io.File(((pathPrefix + java.lang.Integer.toString(counter)) + .png)): null

2018-12-13 23:23:59 - [TEST_STEP][PASSED] - Statement - counter = counter + 1: null

2018-12-13 23:23:59 - [TEST_STEP][PASSED] - Statement - PreSaveFile = new java.io.File(((pathPrefix + java.lang.Integer.toString(counter)) + .png)): null

2018-12-13 23:23:59 - [TEST_STEP][PASSED] - Statement - counter = counter + 1: null

2018-12-13 23:23:59 - [TEST_STEP][PASSED] - Statement - PreSaveFile = new java.io.File(((pathPrefix + java.lang.Integer.toString(counter)) + .png)): null

2018-12-13 23:23:59 - [TEST_STEP][PASSED] - Statement - counter = counter + 1: null

2018-12-13 23:23:59 - [TEST_STEP][PASSED] - Statement - PreSaveFile = new java.io.File(((pathPrefix + java.lang.Integer.toString(counter)) + .png)): null

2018-12-13 23:23:59 - [TEST_STEP][PASSED] - Statement - counter = counter + 1: null

2018-12-13 23:23:59 - [TEST_STEP][PASSED] - Statement - PreSaveFile = new java.io.File(((pathPrefix + java.lang.Integer.toString(counter)) + .png)): null

2018-12-13 23:23:59 - [TEST_STEP][PASSED] - Statement - counter = counter + 1: null

2018-12-13 23:23:59 - [TEST_STEP][PASSED] - Statement - PreSaveFile = new java.io.File(((pathPrefix + java.lang.Integer.toString(counter)) + .png)): null

2018-12-13 23:23:59 - [TEST_STEP][PASSED] - Statement - counter = counter + 1: null

2018-12-13 23:23:59 - [TEST_STEP][PASSED] - Statement - PreSaveFile = new java.io.File(((pathPrefix + java.lang.Integer.toString(counter)) + .png)): null

2018-12-13 23:23:59 - [TEST_STEP][PASSED] - Statement - counter = counter + 1: null

2018-12-13 23:23:59 - [TEST_STEP][PASSED] - Statement - PreSaveFile = new java.io.File(((pathPrefix + java.lang.Integer.toString(counter)) + .png)): null

2018-12-13 23:23:59 - [TEST_STEP][PASSED] - Statement - counter = counter + 1: null

2018-12-13 23:23:59 - [TEST_STEP][PASSED] - Statement - PreSaveFile = new java.io.File(((pathPrefix + java.lang.Integer.toString(counter)) + .png)): null

2018-12-13 23:23:59 - [TEST_STEP][PASSED] - Statement - counter = counter + 1: null

2018-12-13 23:23:59 - [TEST_STEP][PASSED] - Statement - PreSaveFile = new java.io.File(((pathPrefix + java.lang.Integer.toString(counter)) + .png)): null

2018-12-13 23:23:59 - [TEST_STEP][PASSED] - Statement - counter = counter + 1: null

2018-12-13 23:23:59 - [TEST_STEP][PASSED] - Statement - PreSaveFile = new java.io.File(((pathPrefix + java.lang.Integer.toString(counter)) + .png)): null

2018-12-13 23:23:59 - [TEST_STEP][PASSED] - Statement - counter = counter + 1: null

2018-12-13 23:23:59 - [TEST_STEP][PASSED] - Statement - PreSaveFile = new java.io.File(((pathPrefix + java.lang.Integer.toString(counter)) + .png)): null

2018-12-13 23:23:59 - [TEST_STEP][PASSED] - Statement - counter = counter + 1: null

2018-12-13 23:23:59 - [TEST_STEP][PASSED] - Statement - PreSaveFile = new java.io.File(((pathPrefix + java.lang.Integer.toString(counter)) + .png)): null

2018-12-13 23:23:59 - [TEST_STEP][PASSED] - Statement - counter = counter + 1: null

2018-12-13 23:23:59 - [TEST_STEP][PASSED] - Statement - PreSaveFile = new java.io.File(((pathPrefix + java.lang.Integer.toString(counter)) + .png)): null

2018-12-13 23:23:59 - [TEST_STEP][PASSED] - Statement - counter = counter + 1: null

2018-12-13 23:23:59 - [TEST_STEP][PASSED] - Statement - PreSaveFile = new java.io.File(((pathPrefix + java.lang.Integer.toString(counter)) + .png)): null

2018-12-13 23:23:59 - [TEST_STEP][PASSED] - Statement - counter = counter + 1: null

2018-12-13 23:23:59 - [TEST_STEP][PASSED] - Statement - PreSaveFile = new java.io.File(((pathPrefix + java.lang.Integer.toString(counter)) + .png)): null

2018-12-13 23:23:59 - [TEST_STEP][PASSED] - Statement - counter = counter + 1: null

2018-12-13 23:23:59 - [TEST_STEP][PASSED] - Statement - PreSaveFile = new java.io.File(((pathPrefix + java.lang.Integer.toString(counter)) + .png)): null

2018-12-13 23:23:59 - [TEST_STEP][PASSED] - Statement - counter = counter + 1: null

2018-12-13 23:23:59 - [TEST_STEP][PASSED] - Statement - PreSaveFile = new java.io.File(((pathPrefix + java.lang.Integer.toString(counter)) + .png)): null

2018-12-13 23:23:59 - [TEST_STEP][PASSED] - Statement - counter = counter + 1: null

2018-12-13 23:23:59 - [TEST_STEP][PASSED] - Statement - PreSaveFile = new java.io.File(((pathPrefix + java.lang.Integer.toString(counter)) + .png)): null

2018-12-13 23:23:59 - [TEST_STEP][PASSED] - Statement - counter = counter + 1: null

2018-12-13 23:23:59 - [TEST_STEP][PASSED] - Statement - PreSaveFile = new java.io.File(((pathPrefix + java.lang.Integer.toString(counter)) + .png)): null

2018-12-13 23:23:59 - [TEST_STEP][PASSED] - Statement - counter = counter + 1: null

2018-12-13 23:23:59 - [TEST_STEP][PASSED] - Statement - PreSaveFile = new java.io.File(((pathPrefix + java.lang.Integer.toString(counter)) + .png)): null

2018-12-13 23:23:59 - [TEST_STEP][PASSED] - Statement - counter = counter + 1: null

2018-12-13 23:23:59 - [TEST_STEP][PASSED] - Statement - PreSaveFile = new java.io.File(((pathPrefix + java.lang.Integer.toString(counter)) + .png)): null

2018-12-13 23:23:59 - [TEST_STEP][PASSED] - Statement - counter = counter + 1: null

2018-12-13 23:23:59 - [TEST_STEP][PASSED] - Statement - PreSaveFile = new java.io.File(((pathPrefix + java.lang.Integer.toString(counter)) + .png)): null

2018-12-13 23:23:59 - [TEST_STEP][PASSED] - Statement - counter = counter + 1: null

2018-12-13 23:23:59 - [TEST_STEP][PASSED] - Statement - PreSaveFile = new java.io.File(((pathPrefix + java.lang.Integer.toString(counter)) + .png)): null

2018-12-13 23:23:59 - [TEST_STEP][PASSED] - Statement - counter = counter + 1: null

2018-12-13 23:23:59 - [TEST_STEP][PASSED] - Statement - PreSaveFile = new java.io.File(((pathPrefix + java.lang.Integer.toString(counter)) + .png)): null

2018-12-13 23:23:59 - [TEST_STEP][PASSED] - Statement - counter = counter + 1: null

2018-12-13 23:23:59 - [TEST_STEP][PASSED] - Statement - PreSaveFile = new java.io.File(((pathPrefix + java.lang.Integer.toString(counter)) + .png)): null

2018-12-13 23:23:59 - [TEST_STEP][PASSED] - Statement - counter = counter + 1: null

2018-12-13 23:23:59 - [TEST_STEP][PASSED] - Statement - PreSaveFile = new java.io.File(((pathPrefix + java.lang.Integer.toString(counter)) + .png)): null

2018-12-13 23:23:59 - [TEST_STEP][PASSED] - Statement - counter = counter + 1: null

2018-12-13 23:23:59 - [TEST_STEP][PASSED] - Statement - PreSaveFile = new java.io.File(((pathPrefix + java.lang.Integer.toString(counter)) + .png)): null

2018-12-13 23:23:59 - [TEST_STEP][PASSED] - Statement - counter = counter + 1: null

2018-12-13 23:23:59 - [TEST_STEP][PASSED] - Statement - PreSaveFile = new java.io.File(((pathPrefix + java.lang.Integer.toString(counter)) + .png)): null

2018-12-13 23:23:59 - [TEST_STEP][PASSED] - Statement - counter = counter + 1: null

2018-12-13 23:23:59 - [TEST_STEP][PASSED] - Statement - PreSaveFile = new java.io.File(((pathPrefix + java.lang.Integer.toString(counter)) + .png)): null

2018-12-13 23:23:59 - [TEST_STEP][PASSED] - Statement - counter = counter + 1: null

2018-12-13 23:23:59 - [TEST_STEP][PASSED] - Statement - PreSaveFile = new java.io.File(((pathPrefix + java.lang.Integer.toString(counter)) + .png)): null

2018-12-13 23:23:59 - [TEST_STEP][PASSED] - Statement - counter = counter + 1: null

2018-12-13 23:23:59 - [TEST_STEP][PASSED] - Statement - PreSaveFile = new java.io.File(((pathPrefix + java.lang.Integer.toString(counter)) + .png)): null

2018-12-13 23:23:59 - [TEST_STEP][PASSED] - Statement - counter = counter + 1: null

2018-12-13 23:23:59 - [TEST_STEP][PASSED] - Statement - PreSaveFile = new java.io.File(((pathPrefix + java.lang.Integer.toString(counter)) + .png)): null

2018-12-13 23:23:59 - [TEST_STEP][PASSED] - Statement - counter = counter + 1: null

2018-12-13 23:23:59 - [TEST_STEP][PASSED] - Statement - PreSaveFile = new java.io.File(((pathPrefix + java.lang.Integer.toString(counter)) + .png)): null

2018-12-13 23:23:59 - [TEST_STEP][PASSED] - Statement - counter = counter + 1: null

2018-12-13 23:23:59 - [TEST_STEP][PASSED] - Statement - PreSaveFile = new java.io.File(((pathPrefix + java.lang.Integer.toString(counter)) + .png)): null

2018-12-13 23:23:59 - [TEST_STEP][PASSED] - Statement - counter = counter + 1: null

2018-12-13 23:23:59 - [TEST_STEP][PASSED] - Statement - PreSaveFile = new java.io.File(((pathPrefix + java.lang.Integer.toString(counter)) + .png)): null

2018-12-13 23:23:59 - [TEST_STEP][PASSED] - Statement - counter = counter + 1: null

2018-12-13 23:23:59 - [TEST_STEP][PASSED] - Statement - PreSaveFile = new java.io.File(((pathPrefix + java.lang.Integer.toString(counter)) + .png)): null

2018-12-13 23:23:59 - [TEST_STEP][PASSED] - Statement - counter = counter + 1: null

2018-12-13 23:23:59 - [TEST_STEP][PASSED] - Statement - PreSaveFile = new java.io.File(((pathPrefix + java.lang.Integer.toString(counter)) + .png)): null

2018-12-13 23:23:59 - [TEST_STEP][PASSED] - Statement - counter = counter + 1: null

2018-12-13 23:23:59 - [TEST_STEP][PASSED] - Statement - PreSaveFile = new java.io.File(((pathPrefix + java.lang.Integer.toString(counter)) + .png)): null

2018-12-13 23:23:59 - [TEST_STEP][PASSED] - Statement - counter = counter + 1: null

2018-12-13 23:23:59 - [TEST_STEP][PASSED] - Statement - PreSaveFile = new java.io.File(((pathPrefix + java.lang.Integer.toString(counter)) + .png)): null

2018-12-13 23:23:59 - [TEST_STEP][PASSED] - Statement - counter = counter + 1: null

2018-12-13 23:23:59 - [TEST_STEP][PASSED] - Statement - PreSaveFile = new java.io.File(((pathPrefix + java.lang.Integer.toString(counter)) + .png)): null

2018-12-13 23:23:59 - [TEST_STEP][PASSED] - Statement - counter = counter + 1: null

2018-12-13 23:23:59 - [TEST_STEP][PASSED] - Statement - PreSaveFile = new java.io.File(((pathPrefix + java.lang.Integer.toString(counter)) + .png)): null

2018-12-13 23:23:59 - [TEST_STEP][PASSED] - Statement - counter = counter + 1: null

2018-12-13 23:23:59 - [TEST_STEP][PASSED] - Statement - PreSaveFile = new java.io.File(((pathPrefix + java.lang.Integer.toString(counter)) + .png)): null

2018-12-13 23:23:59 - [TEST_STEP][PASSED] - Statement - counter = counter + 1: null

2018-12-13 23:23:59 - [TEST_STEP][PASSED] - Statement - PreSaveFile = new java.io.File(((pathPrefix + java.lang.Integer.toString(counter)) + .png)): null

2018-12-13 23:23:59 - [TEST_STEP][PASSED] - Statement - counter = counter + 1: null

2018-12-13 23:23:59 - [TEST_STEP][PASSED] - Statement - PreSaveFile = new java.io.File(((pathPrefix + java.lang.Integer.toString(counter)) + .png)): null

2018-12-13 23:23:59 - [TEST_STEP][PASSED] - Statement - counter = counter + 1: null

2018-12-13 23:23:59 - [TEST_STEP][PASSED] - Statement - PreSaveFile = new java.io.File(((pathPrefix + java.lang.Integer.toString(counter)) + .png)): null

2018-12-13 23:23:59 - [TEST_STEP][PASSED] - Statement - counter = counter + 1: null

2018-12-13 23:23:59 - [TEST_STEP][PASSED] - Statement - PreSaveFile = new java.io.File(((pathPrefix + java.lang.Integer.toString(counter)) + .png)): null

2018-12-13 23:23:59 - [TEST_STEP][PASSED] - Statement - counter = counter + 1: null

2018-12-13 23:23:59 - [TEST_STEP][PASSED] - Statement - PreSaveFile = new java.io.File(((pathPrefix + java.lang.Integer.toString(counter)) + .png)): null

2018-12-13 23:23:59 - [TEST_STEP][PASSED] - Statement - counter = counter + 1: null

2018-12-13 23:23:59 - [TEST_STEP][PASSED] - Statement - PreSaveFile = new java.io.File(((pathPrefix + java.lang.Integer.toString(counter)) + .png)): null

2018-12-13 23:23:59 - [TEST_STEP][PASSED] - Statement - counter = counter + 1: null

2018-12-13 23:23:59 - [TEST_STEP][PASSED] - Statement - PreSaveFile = new java.io.File(((pathPrefix + java.lang.Integer.toString(counter)) + .png)): null

2018-12-13 23:23:59 - [TEST_STEP][PASSED] - Statement - counter = counter + 1: null

2018-12-13 23:23:59 - [TEST_STEP][PASSED] - Statement - PreSaveFile = new java.io.File(((pathPrefix + java.lang.Integer.toString(counter)) + .png)): null

2018-12-13 23:23:59 - [TEST_STEP][PASSED] - Statement - counter = counter + 1: null

2018-12-13 23:23:59 - [TEST_STEP][PASSED] - Statement - PreSaveFile = new java.io.File(((pathPrefix + java.lang.Integer.toString(counter)) + .png)): null

2018-12-13 23:23:59 - [TEST_STEP][PASSED] - Statement - counter = counter + 1: null

2018-12-13 23:23:59 - [TEST_STEP][PASSED] - Statement - PreSaveFile = new java.io.File(((pathPrefix + java.lang.Integer.toString(counter)) + .png)): null

2018-12-13 23:23:59 - [TEST_STEP][PASSED] - Statement - counter = counter + 1: null

2018-12-13 23:23:59 - [TEST_STEP][PASSED] - Statement - PreSaveFile = new java.io.File(((pathPrefix + java.lang.Integer.toString(counter)) + .png)): null

2018-12-13 23:23:59 - [TEST_STEP][PASSED] - Statement - counter = counter + 1: null

2018-12-13 23:23:59 - [TEST_STEP][PASSED] - Statement - PreSaveFile = new java.io.File(((pathPrefix + java.lang.Integer.toString(counter)) + .png)): null

2018-12-13 23:23:59 - [TEST_STEP][PASSED] - Statement - counter = counter + 1: null

2018-12-13 23:23:59 - [TEST_STEP][PASSED] - Statement - PreSaveFile = new java.io.File(((pathPrefix + java.lang.Integer.toString(counter)) + .png)): null

2018-12-13 23:23:59 - [TEST_STEP][PASSED] - Statement - counter = counter + 1: null

2018-12-13 23:23:59 - [TEST_STEP][PASSED] - Statement - PreSaveFile = new java.io.File(((pathPrefix + java.lang.Integer.toString(counter)) + .png)): null

2018-12-13 23:23:59 - [TEST_STEP][PASSED] - Statement - counter = counter + 1: null

2018-12-13 23:23:59 - [TEST_STEP][PASSED] - Statement - PreSaveFile = new java.io.File(((pathPrefix + java.lang.Integer.toString(counter)) + .png)): null

2018-12-13 23:23:59 - [TEST_STEP][PASSED] - Statement - counter = counter + 1: null

2018-12-13 23:23:59 - [TEST_STEP][PASSED] - Statement - PreSaveFile = new java.io.File(((pathPrefix + java.lang.Integer.toString(counter)) + .png)): null

2018-12-13 23:23:59 - [TEST_STEP][PASSED] - Statement - counter = counter + 1: null

2018-12-13 23:23:59 - [TEST_STEP][PASSED] - Statement - PreSaveFile = new java.io.File(((pathPrefix + java.lang.Integer.toString(counter)) + .png)): null

2018-12-13 23:23:59 - [TEST_STEP][PASSED] - Statement - counter = counter + 1: null

2018-12-13 23:23:59 - [TEST_STEP][PASSED] - Statement - PreSaveFile = new java.io.File(((pathPrefix + java.lang.Integer.toString(counter)) + .png)): null

2018-12-13 23:23:59 - [TEST_STEP][PASSED] - Statement - counter = counter + 1: null

2018-12-13 23:23:59 - [TEST_STEP][PASSED] - Statement - PreSaveFile = new java.io.File(((pathPrefix + java.lang.Integer.toString(counter)) + .png)): null

2018-12-13 23:23:59 - [TEST_STEP][PASSED] - Statement - counter = counter + 1: null

2018-12-13 23:23:59 - [TEST_STEP][PASSED] - Statement - PreSaveFile = new java.io.File(((pathPrefix + java.lang.Integer.toString(counter)) + .png)): null

2018-12-13 23:23:59 - [TEST_STEP][PASSED] - Statement - counter = counter + 1: null

2018-12-13 23:23:59 - [TEST_STEP][PASSED] - Statement - PreSaveFile = new java.io.File(((pathPrefix + java.lang.Integer.toString(counter)) + .png)): null

2018-12-13 23:23:59 - [TEST_STEP][PASSED] - Statement - counter = counter + 1: null

2018-12-13 23:23:59 - [TEST_STEP][PASSED] - Statement - PreSaveFile = new java.io.File(((pathPrefix + java.lang.Integer.toString(counter)) + .png)): null

2018-12-13 23:23:59 - [TEST_STEP][PASSED] - Statement - counter = counter + 1: null

2018-12-13 23:23:59 - [TEST_STEP][PASSED] - Statement - PreSaveFile = new java.io.File(((pathPrefix + java.lang.Integer.toString(counter)) + .png)): null

2018-12-13 23:23:59 - [TEST_STEP][PASSED] - Statement - counter = counter + 1: null

2018-12-13 23:23:59 - [TEST_STEP][PASSED] - Statement - PreSaveFile = new java.io.File(((pathPrefix + java.lang.Integer.toString(counter)) + .png)): null

2018-12-13 23:23:59 - [TEST_STEP][PASSED] - Statement - counter = counter + 1: null

2018-12-13 23:23:59 - [TEST_STEP][PASSED] - Statement - PreSaveFile = new java.io.File(((pathPrefix + java.lang.Integer.toString(counter)) + .png)): null

2018-12-13 23:23:59 - [TEST_STEP][PASSED] - Statement - counter = counter + 1: null

2018-12-13 23:23:59 - [TEST_STEP][PASSED] - Statement - PreSaveFile = new java.io.File(((pathPrefix + java.lang.Integer.toString(counter)) + .png)): null

2018-12-13 23:23:59 - [TEST_STEP][PASSED] - Statement - counter = counter + 1: null

2018-12-13 23:23:59 - [TEST_STEP][PASSED] - Statement - PreSaveFile = new java.io.File(((pathPrefix + java.lang.Integer.toString(counter)) + .png)): null

2018-12-13 23:23:59 - [TEST_STEP][PASSED] - Statement - counter = counter + 1: null

2018-12-13 23:23:59 - [TEST_STEP][PASSED] - Statement - PreSaveFile = new java.io.File(((pathPrefix + java.lang.Integer.toString(counter)) + .png)): null

2018-12-13 23:23:59 - [TEST_STEP][PASSED] - Statement - counter = counter + 1: null

2018-12-13 23:23:59 - [TEST_STEP][PASSED] - Statement - PreSaveFile = new java.io.File(((pathPrefix + java.lang.Integer.toString(counter)) + .png)): null

2018-12-13 23:23:59 - [TEST_STEP][PASSED] - Statement - counter = counter + 1: null

2018-12-13 23:23:59 - [TEST_STEP][PASSED] - Statement - PreSaveFile = new java.io.File(((pathPrefix + java.lang.Integer.toString(counter)) + .png)): null

2018-12-13 23:23:59 - [TEST_STEP][PASSED] - Statement - counter = counter + 1: null

2018-12-13 23:23:59 - [TEST_STEP][PASSED] - Statement - PreSaveFile = new java.io.File(((pathPrefix + java.lang.Integer.toString(counter)) + .png)): null

2018-12-13 23:23:59 - [TEST_STEP][PASSED] - Statement - counter = counter + 1: null

2018-12-13 23:23:59 - [TEST_STEP][PASSED] - Statement - PreSaveFile = new java.io.File(((pathPrefix + java.lang.Integer.toString(counter)) + .png)): null

2018-12-13 23:23:59 - [TEST_STEP][PASSED] - Statement - counter = counter + 1: null

2018-12-13 23:23:59 - [TEST_STEP][PASSED] - Statement - PreSaveFile = new java.io.File(((pathPrefix + java.lang.Integer.toString(counter)) + .png)): null

2018-12-13 23:23:59 - [TEST_STEP][PASSED] - Statement - counter = counter + 1: null

2018-12-13 23:23:59 - [TEST_STEP][PASSED] - Statement - PreSaveFile = new java.io.File(((pathPrefix + java.lang.Integer.toString(counter)) + .png)): null

2018-12-13 23:23:59 - [TEST_STEP][PASSED] - Statement - finalPath = pathPrefix + java.lang.Integer.toString(counter) + ".png": null

2018-12-13 23:23:59 - [TEST_STEP][PASSED] - Statement - SaveFile = new java.io.File(finalPath): null

2018-12-13 23:23:59 - [TEST_STEP][PASSED] - Statement - Try: null

2018-12-13 23:23:59 - [TEST_STEP][PASSED] - Statement - org.apache.commons.io.FileUtils.copyFile(scrFile, SaveFile): null

2018-12-13 23:23:59 - [TEST_STEP][PASSED] - Statement - out.println("file kept"): null

2018-12-13 23:23:59 - [TEST_STEP][PASSED] - delay: Delayed 10 second(s)

2018-12-13 23:24:09 - [MESSAGE][PASSED] - Delayed 10 second(s)

2018-12-13 23:24:09 - [MESSAGE][FAILED] - Unable to call Test Case with id 'Test Cases/Final Aug 2018 - PKS Automation/Registration Module/New Registration/Submit and Screenshot/Submit Registration and Screenshot' (Root cause: Call Test Case 'Test Cases/Final Aug 2018 - PKS Automation/Registration Module/New Registration/Submit and Screenshot/Submit Registration and Screenshot' failed)]]></system-out>
         <system-err><![CDATA[2018-12-13 23:08:19 - [TEST_CASE][FAILED] - Test Cases/Final Aug 2018 - PKS Automation/Registration Module/Workflow/New Registration/Case OTC to RO - Query - Submit: Test Cases/Final Aug 2018 - PKS Automation/Registration Module/Workflow/New Registration/Case OTC to RO - Query - Submit FAILED because (of) (Stack trace: com.kms.katalon.core.exception.StepFailedException: Unable to set text 'CRN12201800123316' of object 'Object Repository/Final Object Repo/New Registration - Registration Module Pages/New Reg - OTC to RO/Special Case - All Related Objects/TextBox RefNo in Workbasket' (Root cause: org.openqa.selenium.ElementNotVisibleException: element not interactable
  (Session info: chrome=70.0.3538.110)
  (Driver info: chromedriver=2.43.600210 (68dcf5eebde37173d4027fa8635e332711d2874a),platform=Windows NT 6.1.7601 SP1 x86_64) (WARNING: The server did not provide any stacktrace information)
Command duration or timeout: 0 milliseconds
Build info: version: '3.7.1', revision: '8a0099a', time: '2017-11-06T21:07:36.161Z'
System info: host: 'WIN7TEST02', ip: '10.20.3.72', os.name: 'Windows 7', os.arch: 'amd64', os.version: '6.1', java.version: '1.8.0_181'
Driver info: com.kms.katalon.selenium.driver.CChromeDriver
Capabilities {acceptInsecureCerts: false, acceptSslCerts: false, applicationCacheEnabled: false, browserConnectionEnabled: false, browserName: chrome, chrome: {chromedriverVersion: 2.43.600210 (68dcf5eebde371..., userDataDir: C:\Users\Admin\AppData\Loca...}, cssSelectorsEnabled: true, databaseEnabled: false, goog:chromeOptions: {debuggerAddress: localhost:61863}, handlesAlerts: true, hasTouchScreen: false, javascriptEnabled: true, locationContextEnabled: true, mobileEmulationEnabled: false, nativeEvents: true, networkConnectionEnabled: false, pageLoadStrategy: normal, platform: XP, platformName: XP, rotatable: false, setWindowRect: true, takesHeapSnapshot: true, takesScreenshot: true, unexpectedAlertBehaviour: , unhandledPromptBehavior: , version: 70.0.3538.110, webStorageEnabled: true}
Session ID: 84adae1666ee874704f0ed7e382c6854)
	at com.kms.katalon.core.keyword.internal.KeywordMain.stepFailed(KeywordMain.groovy:32)
	at com.kms.katalon.core.webui.keyword.internal.WebUIKeywordMain.stepFailed(WebUIKeywordMain.groovy:65)
	at com.kms.katalon.core.webui.keyword.internal.WebUIKeywordMain.runKeyword(WebUIKeywordMain.groovy:27)
	at com.kms.katalon.core.webui.keyword.builtin.SetTextKeyword.setText(SetTextKeyword.groovy:65)
	at com.kms.katalon.core.webui.keyword.builtin.SetTextKeyword.execute(SetTextKeyword.groovy:37)
	at com.kms.katalon.core.keyword.internal.KeywordExecutor.executeKeywordForPlatform(KeywordExecutor.groovy:53)
	at com.kms.katalon.core.webui.keyword.WebUiBuiltInKeywords.setText(WebUiBuiltInKeywords.groovy:950)
	at com.kms.katalon.core.webui.keyword.WebUiBuiltInKeywords$setText$1.call(Unknown Source)
	at org.codehaus.groovy.runtime.callsite.CallSiteArray.defaultCall(CallSiteArray.java:48)
	at org.codehaus.groovy.runtime.callsite.AbstractCallSite.call(AbstractCallSite.java:113)
	at org.codehaus.groovy.runtime.callsite.AbstractCallSite.call(AbstractCallSite.java:133)
	at Script1535599386194.run(Script1535599386194.groovy:73)
	at com.kms.katalon.core.main.ScriptEngine.run(ScriptEngine.java:183)
	at com.kms.katalon.core.main.ScriptEngine.runScriptAsRawText(ScriptEngine.java:108)
	at com.kms.katalon.core.main.TestCaseExecutor.runScript(TestCaseExecutor.java:294)
	at com.kms.katalon.core.main.TestCaseExecutor.doExecute(TestCaseExecutor.java:285)
	at com.kms.katalon.core.main.TestCaseExecutor.processExecutionPhase(TestCaseExecutor.java:264)
	at com.kms.katalon.core.main.TestCaseExecutor.accessMainPhase(TestCaseExecutor.java:256)
	at com.kms.katalon.core.main.TestCaseExecutor.execute(TestCaseExecutor.java:200)
	at com.kms.katalon.core.main.TestSuiteExecutor.accessTestCaseMainPhase(TestSuiteExecutor.java:129)
	at com.kms.katalon.core.main.TestSuiteExecutor.accessTestSuiteMainPhase(TestSuiteExecutor.java:112)
	at com.kms.katalon.core.main.TestSuiteExecutor.execute(TestSuiteExecutor.java:81)
	at com.kms.katalon.core.main.TestCaseMain.startTestSuite(TestCaseMain.java:142)
	at com.kms.katalon.core.main.TestCaseMain$startTestSuite$0.call(Unknown Source)
	at org.codehaus.groovy.runtime.callsite.CallSiteArray.defaultCall(CallSiteArray.java:48)
	at org.codehaus.groovy.runtime.callsite.AbstractCallSite.call(AbstractCallSite.java:113)
	at org.codehaus.groovy.runtime.callsite.AbstractCallSite.call(AbstractCallSite.java:141)
	at TempTestSuite1544701631622.run(TempTestSuite1544701631622.groovy:36)
	at groovy.lang.GroovyShell.runScriptOrMainOrTestOrRunnable(GroovyShell.java:263)
	at groovy.lang.GroovyShell.run(GroovyShell.java:518)
	at groovy.lang.GroovyShell.run(GroovyShell.java:507)
	at groovy.ui.GroovyMain.processOnce(GroovyMain.java:653)
	at groovy.ui.GroovyMain.run(GroovyMain.java:384)
	at groovy.ui.GroovyMain.process(GroovyMain.java:370)
	at groovy.ui.GroovyMain.processArgs(GroovyMain.java:129)
	at groovy.ui.GroovyMain.main(GroovyMain.java:109)
	at sun.reflect.NativeMethodAccessorImpl.invoke0(Native Method)
	at sun.reflect.NativeMethodAccessorImpl.invoke(NativeMethodAccessorImpl.java:62)
	at sun.reflect.DelegatingMethodAccessorImpl.invoke(DelegatingMethodAccessorImpl.java:43)
	at java.lang.reflect.Method.invoke(Method.java:498)
	at org.codehaus.groovy.tools.GroovyStarter.rootLoader(GroovyStarter.java:109)
	at org.codehaus.groovy.tools.GroovyStarter.main(GroovyStarter.java:131)
)]]></system-err>
      </testcase>
      <testcase name="Test Cases/Final Aug 2018 - PKS Automation/Registration Module/Workflow/New Registration/Case OTC to RO - RO Submit" classname="Test Cases/Final Aug 2018 - PKS Automation/Registration Module/Workflow/New Registration/Case OTC to RO - RO Submit" status="FAILED">
         <failure type="FAILED" message="(Stack trace: com.kms.katalon.core.exception.StepFailedException: Unable to set text 'CRN12201800123317' of object 'Object Repository/Final Object Repo/New Registration - Registration Module Pages/New Reg - OTC to RO/Special Case - All Related Objects/TextBox RefNo in Workbasket' (Root cause: org.openqa.selenium.ElementNotVisibleException: element not interactable
  (Session info: chrome=70.0.3538.110)
  (Driver info: chromedriver=2.43.600210 (68dcf5eebde37173d4027fa8635e332711d2874a),platform=Windows NT 6.1.7601 SP1 x86_64) (WARNING: The server did not provide any stacktrace information)
Command duration or timeout: 0 milliseconds
Build info: version: '3.7.1', revision: '8a0099a', time: '2017-11-06T21:07:36.161Z'
System info: host: 'WIN7TEST02', ip: '10.20.3.72', os.name: 'Windows 7', os.arch: 'amd64', os.version: '6.1', java.version: '1.8.0_181'
Driver info: com.kms.katalon.selenium.driver.CChromeDriver
Capabilities {acceptInsecureCerts: false, acceptSslCerts: false, applicationCacheEnabled: false, browserConnectionEnabled: false, browserName: chrome, chrome: {chromedriverVersion: 2.43.600210 (68dcf5eebde371..., userDataDir: C:\Users\Admin\AppData\Loca...}, cssSelectorsEnabled: true, databaseEnabled: false, goog:chromeOptions: {debuggerAddress: localhost:62012}, handlesAlerts: true, hasTouchScreen: false, javascriptEnabled: true, locationContextEnabled: true, mobileEmulationEnabled: false, nativeEvents: true, networkConnectionEnabled: false, pageLoadStrategy: normal, platform: XP, platformName: XP, rotatable: false, setWindowRect: true, takesHeapSnapshot: true, takesScreenshot: true, unexpectedAlertBehaviour: , unhandledPromptBehavior: , version: 70.0.3538.110, webStorageEnabled: true}
Session ID: 132b41638335f378a0a04f1e5c0b5e6d)
	at com.kms.katalon.core.keyword.internal.KeywordMain.stepFailed(KeywordMain.groovy:32)
	at com.kms.katalon.core.webui.keyword.internal.WebUIKeywordMain.stepFailed(WebUIKeywordMain.groovy:65)
	at com.kms.katalon.core.webui.keyword.internal.WebUIKeywordMain.runKeyword(WebUIKeywordMain.groovy:27)
	at com.kms.katalon.core.webui.keyword.builtin.SetTextKeyword.setText(SetTextKeyword.groovy:65)
	at com.kms.katalon.core.webui.keyword.builtin.SetTextKeyword.execute(SetTextKeyword.groovy:37)
	at com.kms.katalon.core.keyword.internal.KeywordExecutor.executeKeywordForPlatform(KeywordExecutor.groovy:53)
	at com.kms.katalon.core.webui.keyword.WebUiBuiltInKeywords.setText(WebUiBuiltInKeywords.groovy:950)
	at com.kms.katalon.core.webui.keyword.WebUiBuiltInKeywords$setText$1.call(Unknown Source)
	at org.codehaus.groovy.runtime.callsite.CallSiteArray.defaultCall(CallSiteArray.java:48)
	at org.codehaus.groovy.runtime.callsite.AbstractCallSite.call(AbstractCallSite.java:113)
	at org.codehaus.groovy.runtime.callsite.AbstractCallSite.call(AbstractCallSite.java:133)
	at Script1535599379320.run(Script1535599379320.groovy:73)
	at com.kms.katalon.core.main.ScriptEngine.run(ScriptEngine.java:183)
	at com.kms.katalon.core.main.ScriptEngine.runScriptAsRawText(ScriptEngine.java:108)
	at com.kms.katalon.core.main.TestCaseExecutor.runScript(TestCaseExecutor.java:294)
	at com.kms.katalon.core.main.TestCaseExecutor.doExecute(TestCaseExecutor.java:285)
	at com.kms.katalon.core.main.TestCaseExecutor.processExecutionPhase(TestCaseExecutor.java:264)
	at com.kms.katalon.core.main.TestCaseExecutor.accessMainPhase(TestCaseExecutor.java:256)
	at com.kms.katalon.core.main.TestCaseExecutor.execute(TestCaseExecutor.java:200)
	at com.kms.katalon.core.main.TestSuiteExecutor.accessTestCaseMainPhase(TestSuiteExecutor.java:129)
	at com.kms.katalon.core.main.TestSuiteExecutor.accessTestSuiteMainPhase(TestSuiteExecutor.java:112)
	at com.kms.katalon.core.main.TestSuiteExecutor.execute(TestSuiteExecutor.java:81)
	at com.kms.katalon.core.main.TestCaseMain.startTestSuite(TestCaseMain.java:142)
	at com.kms.katalon.core.main.TestCaseMain$startTestSuite$0.call(Unknown Source)
	at org.codehaus.groovy.runtime.callsite.CallSiteArray.defaultCall(CallSiteArray.java:48)
	at org.codehaus.groovy.runtime.callsite.AbstractCallSite.call(AbstractCallSite.java:113)
	at org.codehaus.groovy.runtime.callsite.AbstractCallSite.call(AbstractCallSite.java:141)
	at TempTestSuite1544701631622.run(TempTestSuite1544701631622.groovy:36)
	at groovy.lang.GroovyShell.runScriptOrMainOrTestOrRunnable(GroovyShell.java:263)
	at groovy.lang.GroovyShell.run(GroovyShell.java:518)
	at groovy.lang.GroovyShell.run(GroovyShell.java:507)
	at groovy.ui.GroovyMain.processOnce(GroovyMain.java:653)
	at groovy.ui.GroovyMain.run(GroovyMain.java:384)
	at groovy.ui.GroovyMain.process(GroovyMain.java:370)
	at groovy.ui.GroovyMain.processArgs(GroovyMain.java:129)
	at groovy.ui.GroovyMain.main(GroovyMain.java:109)
	at sun.reflect.NativeMethodAccessorImpl.invoke0(Native Method)
	at sun.reflect.NativeMethodAccessorImpl.invoke(NativeMethodAccessorImpl.java:62)
	at sun.reflect.DelegatingMethodAccessorImpl.invoke(DelegatingMethodAccessorImpl.java:43)
	at java.lang.reflect.Method.invoke(Method.java:498)
	at org.codehaus.groovy.tools.GroovyStarter.rootLoader(GroovyStarter.java:109)
	at org.codehaus.groovy.tools.GroovyStarter.main(GroovyStarter.java:131)
)"/>
         <system-out><![CDATA[2018-12-13 23:24:09 - [TEST_CASE][FAILED] - Test Cases/Final Aug 2018 - PKS Automation/Registration Module/Workflow/New Registration/Case OTC to RO - RO Submit: Test Cases/Final Aug 2018 - PKS Automation/Registration Module/Workflow/New Registration/Case OTC to RO - RO Submit FAILED because (of) (Stack trace: com.kms.katalon.core.exception.StepFailedException: Unable to set text 'CRN12201800123317' of object 'Object Repository/Final Object Repo/New Registration - Registration Module Pages/New Reg - OTC to RO/Special Case - All Related Objects/TextBox RefNo in Workbasket' (Root cause: org.openqa.selenium.ElementNotVisibleException: element not interactable
  (Session info: chrome=70.0.3538.110)
  (Driver info: chromedriver=2.43.600210 (68dcf5eebde37173d4027fa8635e332711d2874a),platform=Windows NT 6.1.7601 SP1 x86_64) (WARNING: The server did not provide any stacktrace information)
Command duration or timeout: 0 milliseconds
Build info: version: '3.7.1', revision: '8a0099a', time: '2017-11-06T21:07:36.161Z'
System info: host: 'WIN7TEST02', ip: '10.20.3.72', os.name: 'Windows 7', os.arch: 'amd64', os.version: '6.1', java.version: '1.8.0_181'
Driver info: com.kms.katalon.selenium.driver.CChromeDriver
Capabilities {acceptInsecureCerts: false, acceptSslCerts: false, applicationCacheEnabled: false, browserConnectionEnabled: false, browserName: chrome, chrome: {chromedriverVersion: 2.43.600210 (68dcf5eebde371..., userDataDir: C:\Users\Admin\AppData\Loca...}, cssSelectorsEnabled: true, databaseEnabled: false, goog:chromeOptions: {debuggerAddress: localhost:62012}, handlesAlerts: true, hasTouchScreen: false, javascriptEnabled: true, locationContextEnabled: true, mobileEmulationEnabled: false, nativeEvents: true, networkConnectionEnabled: false, pageLoadStrategy: normal, platform: XP, platformName: XP, rotatable: false, setWindowRect: true, takesHeapSnapshot: true, takesScreenshot: true, unexpectedAlertBehaviour: , unhandledPromptBehavior: , version: 70.0.3538.110, webStorageEnabled: true}
Session ID: 132b41638335f378a0a04f1e5c0b5e6d)
	at com.kms.katalon.core.keyword.internal.KeywordMain.stepFailed(KeywordMain.groovy:32)
	at com.kms.katalon.core.webui.keyword.internal.WebUIKeywordMain.stepFailed(WebUIKeywordMain.groovy:65)
	at com.kms.katalon.core.webui.keyword.internal.WebUIKeywordMain.runKeyword(WebUIKeywordMain.groovy:27)
	at com.kms.katalon.core.webui.keyword.builtin.SetTextKeyword.setText(SetTextKeyword.groovy:65)
	at com.kms.katalon.core.webui.keyword.builtin.SetTextKeyword.execute(SetTextKeyword.groovy:37)
	at com.kms.katalon.core.keyword.internal.KeywordExecutor.executeKeywordForPlatform(KeywordExecutor.groovy:53)
	at com.kms.katalon.core.webui.keyword.WebUiBuiltInKeywords.setText(WebUiBuiltInKeywords.groovy:950)
	at com.kms.katalon.core.webui.keyword.WebUiBuiltInKeywords$setText$1.call(Unknown Source)
	at org.codehaus.groovy.runtime.callsite.CallSiteArray.defaultCall(CallSiteArray.java:48)
	at org.codehaus.groovy.runtime.callsite.AbstractCallSite.call(AbstractCallSite.java:113)
	at org.codehaus.groovy.runtime.callsite.AbstractCallSite.call(AbstractCallSite.java:133)
	at Script1535599379320.run(Script1535599379320.groovy:73)
	at com.kms.katalon.core.main.ScriptEngine.run(ScriptEngine.java:183)
	at com.kms.katalon.core.main.ScriptEngine.runScriptAsRawText(ScriptEngine.java:108)
	at com.kms.katalon.core.main.TestCaseExecutor.runScript(TestCaseExecutor.java:294)
	at com.kms.katalon.core.main.TestCaseExecutor.doExecute(TestCaseExecutor.java:285)
	at com.kms.katalon.core.main.TestCaseExecutor.processExecutionPhase(TestCaseExecutor.java:264)
	at com.kms.katalon.core.main.TestCaseExecutor.accessMainPhase(TestCaseExecutor.java:256)
	at com.kms.katalon.core.main.TestCaseExecutor.execute(TestCaseExecutor.java:200)
	at com.kms.katalon.core.main.TestSuiteExecutor.accessTestCaseMainPhase(TestSuiteExecutor.java:129)
	at com.kms.katalon.core.main.TestSuiteExecutor.accessTestSuiteMainPhase(TestSuiteExecutor.java:112)
	at com.kms.katalon.core.main.TestSuiteExecutor.execute(TestSuiteExecutor.java:81)
	at com.kms.katalon.core.main.TestCaseMain.startTestSuite(TestCaseMain.java:142)
	at com.kms.katalon.core.main.TestCaseMain$startTestSuite$0.call(Unknown Source)
	at org.codehaus.groovy.runtime.callsite.CallSiteArray.defaultCall(CallSiteArray.java:48)
	at org.codehaus.groovy.runtime.callsite.AbstractCallSite.call(AbstractCallSite.java:113)
	at org.codehaus.groovy.runtime.callsite.AbstractCallSite.call(AbstractCallSite.java:141)
	at TempTestSuite1544701631622.run(TempTestSuite1544701631622.groovy:36)
	at groovy.lang.GroovyShell.runScriptOrMainOrTestOrRunnable(GroovyShell.java:263)
	at groovy.lang.GroovyShell.run(GroovyShell.java:518)
	at groovy.lang.GroovyShell.run(GroovyShell.java:507)
	at groovy.ui.GroovyMain.processOnce(GroovyMain.java:653)
	at groovy.ui.GroovyMain.run(GroovyMain.java:384)
	at groovy.ui.GroovyMain.process(GroovyMain.java:370)
	at groovy.ui.GroovyMain.processArgs(GroovyMain.java:129)
	at groovy.ui.GroovyMain.main(GroovyMain.java:109)
	at sun.reflect.NativeMethodAccessorImpl.invoke0(Native Method)
	at sun.reflect.NativeMethodAccessorImpl.invoke(NativeMethodAccessorImpl.java:62)
	at sun.reflect.DelegatingMethodAccessorImpl.invoke(DelegatingMethodAccessorImpl.java:43)
	at java.lang.reflect.Method.invoke(Method.java:498)
	at org.codehaus.groovy.tools.GroovyStarter.rootLoader(GroovyStarter.java:109)
	at org.codehaus.groovy.tools.GroovyStarter.main(GroovyStarter.java:131)
)

2018-12-13 23:24:09 - [TEST_STEP][PASSED] - callTestCase: Call Test Case 'Test Cases/Final Aug 2018 - PKS Automation/Registration Module/Workflow/New Registration/Template/Special Case - OTC - Form 1' successfully

2018-12-13 23:24:10 - [TEST_CASE][PASSED] - Test Cases/Final Aug 2018 - PKS Automation/Registration Module/Workflow/New Registration/Template/Special Case - OTC - Form 1: Test Cases/Final Aug 2018 - PKS Automation/Registration Module/Workflow/New Registration/Template/Special Case - OTC - Form 1

2018-12-13 23:24:10 - [TEST_STEP][PASSED] - openBrowser: Browser is opened with url: ''

2018-12-13 23:24:10 - [MESSAGE][WARNING] - A browser is already opened. Closing browser and opening a new one

2018-12-13 23:24:13 - [MESSAGE][PASSED] - Browser is opened with url: ''

2018-12-13 23:24:13 - [TEST_STEP][PASSED] - navigateToUrl: Navigate to 'https://assist2-uat.perkeso.gov.my/login' successfully

2018-12-13 23:24:15 - [MESSAGE][PASSED] - Navigate to 'https://assist2-uat.perkeso.gov.my/login' successfully

2018-12-13 23:24:15 - [TEST_STEP][PASSED] - delay: Delayed 2 second(s)

2018-12-13 23:24:17 - [MESSAGE][PASSED] - Delayed 2 second(s)

2018-12-13 23:24:17 - [TEST_STEP][PASSED] - setText: Text 'klotc2@gmail.com' is set on object 'Object Repository/Final Object Repo/Login Page/Internal User/Email Address'

2018-12-13 23:24:17 - [MESSAGE][PASSED] - Text 'klotc2@gmail.com' is set on object 'Object Repository/Final Object Repo/Login Page/Internal User/Email Address'

2018-12-13 23:24:17 - [TEST_STEP][PASSED] - click: Object: 'Object Repository/Final Object Repo/Login Page/Internal User/Next Button' is clicked on

2018-12-13 23:24:17 - [MESSAGE][PASSED] - Object: 'Object Repository/Final Object Repo/Login Page/Internal User/Next Button' is clicked on

2018-12-13 23:24:17 - [TEST_STEP][PASSED] - delay: Delayed 2 second(s)

2018-12-13 23:24:19 - [MESSAGE][PASSED] - Delayed 2 second(s)

2018-12-13 23:24:19 - [TEST_STEP][PASSED] - setText: Text 'Test1@3456789' is set on object 'Object Repository/Final Object Repo/Login Page/Internal User/Password'

2018-12-13 23:24:19 - [MESSAGE][PASSED] - Text 'Test1@3456789' is set on object 'Object Repository/Final Object Repo/Login Page/Internal User/Password'

2018-12-13 23:24:19 - [TEST_STEP][PASSED] - delay: Delayed 2 second(s)

2018-12-13 23:24:21 - [MESSAGE][PASSED] - Delayed 2 second(s)

2018-12-13 23:24:21 - [TEST_STEP][PASSED] - click: Object: 'Object Repository/Final Object Repo/Login Page/Internal User/Login Button' is clicked on

2018-12-13 23:24:21 - [MESSAGE][PASSED] - Object: 'Object Repository/Final Object Repo/Login Page/Internal User/Login Button' is clicked on

2018-12-13 23:24:21 - [TEST_STEP][PASSED] - Statement - Try: null

2018-12-13 23:24:21 - [TEST_STEP][PASSED] - Statement - Checker = com.kms.katalon.core.webui.keyword.WebUiBuiltInKeywords.verifyElementNotPresent("Final Object Repo/Landing Page/Select to English", 3): null

2018-12-13 23:24:21 - [TEST_STEP][PASSED] - Statement - Catch (Exception e): null

2018-12-13 23:24:21 - [TEST_STEP][PASSED] - Statement - e.printStackTrace(): null

2018-12-13 23:24:21 - [TEST_STEP][PASSED] - delay: Delayed 5 second(s)

2018-12-13 23:24:26 - [MESSAGE][PASSED] - Delayed 5 second(s)

2018-12-13 23:24:26 - [TEST_STEP][PASSED] - click: Object: 'Object Repository/Final Object Repo/Landing Page/My Sites Drop Down' is clicked on

2018-12-13 23:24:27 - [MESSAGE][PASSED] - Object: 'Object Repository/Final Object Repo/Landing Page/My Sites Drop Down' is clicked on

2018-12-13 23:24:27 - [TEST_STEP][PASSED] - click: Object: 'Object Repository/Final Object Repo/Landing Page/Select to Registration Module' is clicked on

2018-12-13 23:24:27 - [MESSAGE][PASSED] - Object: 'Object Repository/Final Object Repo/Landing Page/Select to Registration Module' is clicked on

2018-12-13 23:24:27 - [TEST_STEP][PASSED] - click: Object: 'Object Repository/Final Object Repo/Landing Page/Registration Button' is clicked on

2018-12-13 23:24:29 - [MESSAGE][PASSED] - Object: 'Object Repository/Final Object Repo/Landing Page/Registration Button' is clicked on

2018-12-13 23:24:29 - [TEST_STEP][PASSED] - delay: Delayed 2 second(s)

2018-12-13 23:24:31 - [MESSAGE][PASSED] - Delayed 2 second(s)

2018-12-13 23:24:31 - [TEST_STEP][PASSED] - click: Object: 'Object Repository/Final Object Repo/New Registration - Registration Module Pages/New Reg - OTC to RO/Special Case - OTC - Form 1/AEC NO' is clicked on

2018-12-13 23:24:31 - [MESSAGE][PASSED] - Object: 'Object Repository/Final Object Repo/New Registration - Registration Module Pages/New Reg - OTC to RO/Special Case - OTC - Form 1/AEC NO' is clicked on

2018-12-13 23:24:31 - [TEST_STEP][PASSED] - click: Object: 'Object Repository/Final Object Repo/New Registration - Registration Module Pages/New Reg - OTC to RO/Special Case - OTC - Form 1/Business Entity - Please Select' is clicked on

2018-12-13 23:24:31 - [MESSAGE][PASSED] - Object: 'Object Repository/Final Object Repo/New Registration - Registration Module Pages/New Reg - OTC to RO/Special Case - OTC - Form 1/Business Entity - Please Select' is clicked on

2018-12-13 23:24:31 - [TEST_STEP][PASSED] - click: Object: 'Object Repository/Final Object Repo/New Registration - Registration Module Pages/New Reg - OTC to RO/Special Case - OTC - Form 1/Selected - Corporation' is clicked on

2018-12-13 23:24:31 - [MESSAGE][PASSED] - Object: 'Object Repository/Final Object Repo/New Registration - Registration Module Pages/New Reg - OTC to RO/Special Case - OTC - Form 1/Selected - Corporation' is clicked on

2018-12-13 23:24:31 - [TEST_STEP][PASSED] - delay: Delayed 2 second(s)

2018-12-13 23:24:33 - [MESSAGE][PASSED] - Delayed 2 second(s)

2018-12-13 23:24:33 - [TEST_STEP][PASSED] - click: Object: 'Object Repository/Final Object Repo/New Registration - Registration Module Pages/New Reg - OTC to RO/Special Case - OTC - Form 1/Sub Business Entity - Please Select' is clicked on

2018-12-13 23:24:34 - [MESSAGE][PASSED] - Object: 'Object Repository/Final Object Repo/New Registration - Registration Module Pages/New Reg - OTC to RO/Special Case - OTC - Form 1/Sub Business Entity - Please Select' is clicked on

2018-12-13 23:24:34 - [TEST_STEP][PASSED] - delay: Delayed 2 second(s)

2018-12-13 23:24:36 - [MESSAGE][PASSED] - Delayed 2 second(s)

2018-12-13 23:24:36 - [TEST_STEP][PASSED] - click: Object: 'Object Repository/Final Object Repo/New Registration - Registration Module Pages/New Reg - OTC to RO/Special Case - OTC - Form 1/Selected - Sendirian Berhad' is clicked on

2018-12-13 23:24:36 - [MESSAGE][PASSED] - Object: 'Object Repository/Final Object Repo/New Registration - Registration Module Pages/New Reg - OTC to RO/Special Case - OTC - Form 1/Selected - Sendirian Berhad' is clicked on

2018-12-13 23:24:36 - [TEST_STEP][PASSED] - setText: Text 'AUTOMATE001' is set on object 'Object Repository/Final Object Repo/New Registration - Registration Module Pages/New Reg - OTC to RO/Special Case - OTC - Form 1/Input BRN Number'

2018-12-13 23:24:36 - [MESSAGE][PASSED] - Text 'AUTOMATE001' is set on object 'Object Repository/Final Object Repo/New Registration - Registration Module Pages/New Reg - OTC to RO/Special Case - OTC - Form 1/Input BRN Number'

2018-12-13 23:24:36 - [TEST_STEP][PASSED] - delay: Delayed 2 second(s)

2018-12-13 23:24:38 - [MESSAGE][PASSED] - Delayed 2 second(s)

2018-12-13 23:24:38 - [TEST_STEP][PASSED] - click: Object: 'Object Repository/Final Object Repo/New Registration - Registration Module Pages/New Reg - OTC to RO/Special Case - OTC - Form 1/BRN Search' is clicked on

2018-12-13 23:24:39 - [MESSAGE][PASSED] - Object: 'Object Repository/Final Object Repo/New Registration - Registration Module Pages/New Reg - OTC to RO/Special Case - OTC - Form 1/BRN Search' is clicked on

2018-12-13 23:24:39 - [TEST_STEP][PASSED] - delay: Delayed 4 second(s)

2018-12-13 23:24:43 - [MESSAGE][PASSED] - Delayed 4 second(s)

2018-12-13 23:24:43 - [TEST_STEP][PASSED] - click: Object: 'Object Repository/Final Object Repo/New Registration - Registration Module Pages/New Reg - OTC to RO/Special Case - OTC - Form 1/Registered with SSM - After Feb 2017' is clicked on

2018-12-13 23:24:43 - [MESSAGE][PASSED] - Object: 'Object Repository/Final Object Repo/New Registration - Registration Module Pages/New Reg - OTC to RO/Special Case - OTC - Form 1/Registered with SSM - After Feb 2017' is clicked on

2018-12-13 23:24:43 - [TEST_STEP][PASSED] - delay: Delayed 2 second(s)

2018-12-13 23:24:45 - [MESSAGE][PASSED] - Delayed 2 second(s)

2018-12-13 23:24:45 - [TEST_STEP][PASSED] - click: Object: 'Object Repository/Final Object Repo/New Registration - Registration Module Pages/New Reg - OTC to RO/Special Case - OTC - Form 1/Registering As A Branch - No' is clicked on

2018-12-13 23:24:45 - [MESSAGE][PASSED] - Object: 'Object Repository/Final Object Repo/New Registration - Registration Module Pages/New Reg - OTC to RO/Special Case - OTC - Form 1/Registering As A Branch - No' is clicked on

2018-12-13 23:24:45 - [TEST_STEP][PASSED] - click: Object: 'Object Repository/Final Object Repo/New Registration - Registration Module Pages/New Reg - OTC to RO/Special Case - OTC - Form 1/Acknowledgement Ticked' is clicked on

2018-12-13 23:24:45 - [MESSAGE][PASSED] - Object: 'Object Repository/Final Object Repo/New Registration - Registration Module Pages/New Reg - OTC to RO/Special Case - OTC - Form 1/Acknowledgement Ticked' is clicked on

2018-12-13 23:24:45 - [TEST_STEP][PASSED] - click: Object: 'Object Repository/Final Object Repo/New Registration - Registration Module Pages/New Reg - OTC to RO/Special Case - OTC - Form 1/Submit Button' is clicked on

2018-12-13 23:24:45 - [MESSAGE][PASSED] - Object: 'Object Repository/Final Object Repo/New Registration - Registration Module Pages/New Reg - OTC to RO/Special Case - OTC - Form 1/Submit Button' is clicked on

2018-12-13 23:24:45 - [TEST_STEP][PASSED] - delay: Delayed 2 second(s)

2018-12-13 23:24:47 - [MESSAGE][PASSED] - Delayed 2 second(s)

2018-12-13 23:24:47 - [TEST_STEP][PASSED] - click: Object: 'Object Repository/Final Object Repo/New Registration - Registration Module Pages/New Reg - OTC to RO/Special Case - OTC - Form 1/Confirm No Flagging as Branch' is clicked on

2018-12-13 23:24:47 - [MESSAGE][PASSED] - Object: 'Object Repository/Final Object Repo/New Registration - Registration Module Pages/New Reg - OTC to RO/Special Case - OTC - Form 1/Confirm No Flagging as Branch' is clicked on

2018-12-13 23:24:47 - [MESSAGE][PASSED] - Call Test Case 'Test Cases/Final Aug 2018 - PKS Automation/Registration Module/Workflow/New Registration/Template/Special Case - OTC - Form 1' successfully

2018-12-13 23:24:47 - [TEST_STEP][PASSED] - callTestCase: Call Test Case 'Test Cases/Final Aug 2018 - PKS Automation/Registration Module/New Registration/Form 2/Add 1 Eligible' successfully

2018-12-13 23:24:47 - [TEST_CASE][PASSED] - Test Cases/Final Aug 2018 - PKS Automation/Registration Module/New Registration/Form 2/Add 1 Eligible: Test Cases/Final Aug 2018 - PKS Automation/Registration Module/New Registration/Form 2/Add 1 Eligible

2018-12-13 23:24:47 - [TEST_STEP][PASSED] - delay: Delayed 2 second(s)

2018-12-13 23:24:49 - [MESSAGE][PASSED] - Delayed 2 second(s)

2018-12-13 23:24:49 - [TEST_STEP][PASSED] - callTestCase: Call Test Case 'Test Cases/Final Aug 2018 - PKS Automation/Registration Module/New Registration/Form 2/Date Updater' successfully

2018-12-13 23:24:50 - [TEST_CASE][PASSED] - Test Cases/Final Aug 2018 - PKS Automation/Registration Module/New Registration/Form 2/Date Updater: Test Cases/Final Aug 2018 - PKS Automation/Registration Module/New Registration/Form 2/Date Updater

2018-12-13 23:24:50 - [TEST_STEP][PASSED] - Statement - TodayDate = new java.util.Date(): null

2018-12-13 23:24:50 - [TEST_STEP][PASSED] - Statement - CurrentDateNoFilter = new java.text.SimpleDateFormat(): null

2018-12-13 23:24:50 - [TEST_STEP][PASSED] - Statement - CurrentDateNoFilter.applyPattern("MM"): null

2018-12-13 23:24:50 - [TEST_STEP][PASSED] - Statement - monthContainerMatcher = java.lang.Integer.parseInt(CurrentDateNoFilter.format(TodayDate)): null

2018-12-13 23:24:50 - [TEST_STEP][PASSED] - Statement - monthContainerMatcher = monthContainerMatcher - 1: null

2018-12-13 23:24:50 - [TEST_STEP][PASSED] - Statement - CurrentMonth = monthContainerMatcher.toString(): null

2018-12-13 23:24:50 - [TEST_STEP][PASSED] - Statement - CurrentMonth = CurrentMonth: null

2018-12-13 23:24:50 - [TEST_STEP][PASSED] - Statement - CurrentDateNoFilter.applyPattern("yyyy"): null

2018-12-13 23:24:50 - [TEST_STEP][PASSED] - Statement - CurrentYear = CurrentDateNoFilter.format(TodayDate): null

2018-12-13 23:24:50 - [TEST_STEP][PASSED] - Statement - CurrentYear = CurrentYear: null

2018-12-13 23:24:50 - [TEST_STEP][PASSED] - Statement - intCurrentYear = java.lang.Integer.parseInt(CurrentDateNoFilter.format(TodayDate)): null

2018-12-13 23:24:50 - [TEST_STEP][PASSED] - Statement - eighteenYrsAgo = intCurrentYear - 18: null

2018-12-13 23:24:50 - [TEST_STEP][PASSED] - Statement - eighteenYrsBeforeThisYr = eighteenYrsAgo.toString(): null

2018-12-13 23:24:50 - [TEST_STEP][PASSED] - Statement - EighteenYrsBefore = eighteenYrsBeforeThisYr: null

2018-12-13 23:24:50 - [TEST_STEP][PASSED] - Statement - fiftysevenYrsAgo = intCurrentYear - 57: null

2018-12-13 23:24:50 - [TEST_STEP][PASSED] - Statement - fiftysevenYrsBeforeThisYr = fiftysevenYrsAgo.toString(): null

2018-12-13 23:24:50 - [TEST_STEP][PASSED] - Statement - FiftysevenYrsBefore = fiftysevenYrsBeforeThisYr: null

2018-12-13 23:24:50 - [TEST_STEP][PASSED] - Statement - leapYear = false: null

2018-12-13 23:24:50 - [TEST_STEP][PASSED] - Statement - leapYear = intCurrentYear % 4 == 0: null

2018-12-13 23:24:50 - [TEST_STEP][PASSED] - Statement - CurrentDateNoFilter.applyPattern("dd"): null

2018-12-13 23:24:50 - [TEST_STEP][PASSED] - Statement - CurrentDate = CurrentDateNoFilter.format(TodayDate): null

2018-12-13 23:24:50 - [TEST_STEP][PASSED] - Statement - CurrentDate = java.lang.Integer.parseInt(CurrentDate): null

2018-12-13 23:24:50 - [TEST_STEP][PASSED] - Statement - CurrentDate = CurrentDate: null

2018-12-13 23:24:50 - [TEST_STEP][PASSED] - Statement - CurrentDay = java.lang.Integer.parseInt(CurrentDate): null

2018-12-13 23:24:50 - [TEST_STEP][PASSED] - Statement - ConfAdder = <not implemented yet for class: org.codehaus.groovy.ast.expr.EmptyExpression>: null

2018-12-13 23:24:50 - [TEST_STEP][PASSED] - Statement - out.println(CurrentMonth): null

2018-12-13 23:24:50 - [TEST_STEP][PASSED] - Statement - out.println(CurrentDate): null

2018-12-13 23:24:50 - [TEST_STEP][PASSED] - Statement - switch (CurrentDate): null

2018-12-13 23:24:50 - [TEST_STEP][PASSED] - Statement - Default: null

2018-12-13 23:24:50 - [TEST_STEP][PASSED] - Statement - ConfAdder = true: null

2018-12-13 23:24:50 - [TEST_STEP][PASSED] - Statement - Break: null

2018-12-13 23:24:50 - [TEST_STEP][PASSED] - Statement - aDayBefore = <not implemented yet for class: org.codehaus.groovy.ast.expr.EmptyExpression>: null

2018-12-13 23:24:50 - [TEST_STEP][PASSED] - Statement - out.println(ConfAdder): null

2018-12-13 23:24:50 - [TEST_STEP][PASSED] - Statement - If (ConfAdder == true): null

2018-12-13 23:24:50 - [TEST_STEP][PASSED] - Statement - aDayBefore = CurrentDay + 1: null

2018-12-13 23:24:50 - [TEST_STEP][PASSED] - Statement - out.println(aDayBefore): null

2018-12-13 23:24:50 - [TEST_STEP][PASSED] - Statement - If (aDayBefore == 1 && CurrentMonth == 11): null

2018-12-13 23:24:50 - [TEST_STEP][PASSED] - Statement - DayBefore = aDayBefore.toString(): null

2018-12-13 23:24:50 - [TEST_STEP][PASSED] - Statement - OneDayBefore = DayBefore: null

2018-12-13 23:24:50 - [MESSAGE][PASSED] - Call Test Case 'Test Cases/Final Aug 2018 - PKS Automation/Registration Module/New Registration/Form 2/Date Updater' successfully

2018-12-13 23:24:50 - [TEST_STEP][PASSED] - delay: Delayed 1 second(s)

2018-12-13 23:24:51 - [MESSAGE][PASSED] - Delayed 1 second(s)

2018-12-13 23:24:51 - [TEST_STEP][PASSED] - Statement - CaseReferenceNo = com.kms.katalon.core.webui.keyword.WebUiBuiltInKeywords.getText(com.kms.katalon.core.testobject.ObjectRepository.findTestObject(Final Object Repo/New Registration - Registration Module Pages/Form 2/RefNo Acquiring)): Text of object 'Object Repository/Final Object Repo/New Registration - Registration Module Pages/Form 2/RefNo Acquiring' is: 'CRN12201800123317'

2018-12-13 23:24:51 - [MESSAGE][PASSED] - Text of object 'Object Repository/Final Object Repo/New Registration - Registration Module Pages/Form 2/RefNo Acquiring' is: 'CRN12201800123317'

2018-12-13 23:24:51 - [TEST_STEP][PASSED] - delay: Delayed 1 second(s)

2018-12-13 23:24:52 - [MESSAGE][PASSED] - Delayed 1 second(s)

2018-12-13 23:24:52 - [TEST_STEP][PASSED] - click: Object: 'Object Repository/Final Object Repo/New Registration - Registration Module Pages/Form 2/Add Employee Button' is clicked on

2018-12-13 23:24:52 - [MESSAGE][PASSED] - Object: 'Object Repository/Final Object Repo/New Registration - Registration Module Pages/Form 2/Add Employee Button' is clicked on

2018-12-13 23:24:52 - [TEST_STEP][PASSED] - delay: Delayed 1 second(s)

2018-12-13 23:24:53 - [MESSAGE][PASSED] - Delayed 1 second(s)

2018-12-13 23:24:53 - [TEST_STEP][PASSED] - setText: Text '010903091963' is set on object 'Object Repository/Final Object Repo/New Registration - Registration Module Pages/Form 2/NRIC Input'

2018-12-13 23:24:53 - [MESSAGE][PASSED] - Text '010903091963' is set on object 'Object Repository/Final Object Repo/New Registration - Registration Module Pages/Form 2/NRIC Input'

2018-12-13 23:24:53 - [TEST_STEP][PASSED] - click: Object: 'Object Repository/Final Object Repo/New Registration - Registration Module Pages/Form 2/button for search for IC' is clicked on

2018-12-13 23:24:53 - [MESSAGE][PASSED] - Object: 'Object Repository/Final Object Repo/New Registration - Registration Module Pages/Form 2/button for search for IC' is clicked on

2018-12-13 23:24:53 - [TEST_STEP][PASSED] - delay: Delayed 2 second(s)

2018-12-13 23:24:55 - [MESSAGE][PASSED] - Delayed 2 second(s)

2018-12-13 23:24:55 - [TEST_STEP][PASSED] - setText: Text 'Automate001 eligible 1' is set on object 'Object Repository/Final Object Repo/New Registration - Registration Module Pages/Form 2/Employee Name Input'

2018-12-13 23:24:56 - [MESSAGE][PASSED] - Text 'Automate001 eligible 1' is set on object 'Object Repository/Final Object Repo/New Registration - Registration Module Pages/Form 2/Employee Name Input'

2018-12-13 23:24:56 - [TEST_STEP][PASSED] - delay: Delayed 2 second(s)

2018-12-13 23:24:58 - [MESSAGE][PASSED] - Delayed 2 second(s)

2018-12-13 23:24:58 - [TEST_STEP][PASSED] - click: Object: 'Object Repository/Final Object Repo/New Registration - Registration Module Pages/Form 2/DatePicker Pop Up' is clicked on

2018-12-13 23:24:58 - [MESSAGE][PASSED] - Object: 'Object Repository/Final Object Repo/New Registration - Registration Module Pages/Form 2/DatePicker Pop Up' is clicked on

2018-12-13 23:24:58 - [TEST_STEP][PASSED] - click: Object: 'Object Repository/Final Object Repo/New Registration - Registration Module Pages/Form 2/DOB Month' is clicked on

2018-12-13 23:24:58 - [MESSAGE][PASSED] - Object: 'Object Repository/Final Object Repo/New Registration - Registration Module Pages/Form 2/DOB Month' is clicked on

2018-12-13 23:24:58 - [TEST_STEP][PASSED] - Statement - CurrentMonth = CurrentMonth: null

2018-12-13 23:24:58 - [TEST_STEP][PASSED] - Statement - selectMonth = new com.kms.katalon.core.testobject.TestObject(): null

2018-12-13 23:24:58 - [TEST_STEP][PASSED] - Statement - selectMonth.addProperty("xpath", EQUALS, "//body/div/div/div/select/option[@value='" + CurrentMonth + "']", true): null

2018-12-13 23:24:58 - [TEST_STEP][PASSED] - click: Object: '' is clicked on

2018-12-13 23:24:58 - [MESSAGE][PASSED] - Object: '' is clicked on

2018-12-13 23:24:58 - [TEST_STEP][PASSED] - click: Object: 'Object Repository/Final Object Repo/New Registration - Registration Module Pages/Form 2/DOB Year' is clicked on

2018-12-13 23:24:58 - [MESSAGE][PASSED] - Object: 'Object Repository/Final Object Repo/New Registration - Registration Module Pages/Form 2/DOB Year' is clicked on

2018-12-13 23:24:58 - [TEST_STEP][PASSED] - Statement - Eyearsbf = EighteenYrsBefore: null

2018-12-13 23:24:58 - [TEST_STEP][PASSED] - Statement - selectYear = new com.kms.katalon.core.testobject.TestObject(): null

2018-12-13 23:24:58 - [TEST_STEP][PASSED] - Statement - selectYear.addProperty("xpath", EQUALS, "//div/div/div/select/option[@value='" + Eyearsbf + "']", true): null

2018-12-13 23:24:58 - [TEST_STEP][PASSED] - click: Object: '' is clicked on

2018-12-13 23:24:59 - [MESSAGE][PASSED] - Object: '' is clicked on

2018-12-13 23:24:59 - [TEST_STEP][PASSED] - Statement - UpdatedSelectDate = com.kms.katalon.core.webui.keyword.WebUiBuiltInKeywords.modifyObjectProperty(com.kms.katalon.core.testobject.ObjectRepository.findTestObject(Final Object Repo/New Registration - Registration Module Pages/Form 2/DOB Date), "xpath", "equals", "//body/div/table/tbody/tr/td/a[text()="" + CurrentDate + ""]", true): Modify property of object successfully

2018-12-13 23:24:59 - [MESSAGE][PASSED] - Modify property of object successfully

2018-12-13 23:24:59 - [TEST_STEP][PASSED] - delay: Delayed 3 second(s)

2018-12-13 23:25:02 - [MESSAGE][PASSED] - Delayed 3 second(s)

2018-12-13 23:25:02 - [TEST_STEP][PASSED] - click: Object: 'Object Repository/Final Object Repo/New Registration - Registration Module Pages/Form 2/DOB Date' is clicked on

2018-12-13 23:25:02 - [MESSAGE][PASSED] - Object: 'Object Repository/Final Object Repo/New Registration - Registration Module Pages/Form 2/DOB Date' is clicked on

2018-12-13 23:25:02 - [TEST_STEP][PASSED] - delay: Delayed 2 second(s)

2018-12-13 23:25:04 - [MESSAGE][PASSED] - Delayed 2 second(s)

2018-12-13 23:25:04 - [TEST_STEP][PASSED] - click: Object: 'Object Repository/Final Object Repo/New Registration - Registration Module Pages/Form 2/EmploymentStartDate Pop Up' is clicked on

2018-12-13 23:25:04 - [MESSAGE][PASSED] - Object: 'Object Repository/Final Object Repo/New Registration - Registration Module Pages/Form 2/EmploymentStartDate Pop Up' is clicked on

2018-12-13 23:25:04 - [TEST_STEP][PASSED] - delay: Delayed 2 second(s)

2018-12-13 23:25:06 - [MESSAGE][PASSED] - Delayed 2 second(s)

2018-12-13 23:25:06 - [TEST_STEP][PASSED] - click: Object: 'Object Repository/Final Object Repo/New Registration - Registration Module Pages/Form 2/Socso Employment StartDate Month' is clicked on

2018-12-13 23:25:06 - [MESSAGE][PASSED] - Object: 'Object Repository/Final Object Repo/New Registration - Registration Module Pages/Form 2/Socso Employment StartDate Month' is clicked on

2018-12-13 23:25:06 - [TEST_STEP][PASSED] - delay: Delayed 1 second(s)

2018-12-13 23:25:07 - [MESSAGE][PASSED] - Delayed 1 second(s)

2018-12-13 23:25:07 - [TEST_STEP][PASSED] - click: Object: 'Object Repository/Final Object Repo/New Registration - Registration Module Pages/Form 2/Select Socso Employement Startdate Month' is clicked on

2018-12-13 23:25:07 - [MESSAGE][PASSED] - Object: 'Object Repository/Final Object Repo/New Registration - Registration Module Pages/Form 2/Select Socso Employement Startdate Month' is clicked on

2018-12-13 23:25:07 - [TEST_STEP][PASSED] - delay: Delayed 2 second(s)

2018-12-13 23:25:09 - [MESSAGE][PASSED] - Delayed 2 second(s)

2018-12-13 23:25:09 - [TEST_STEP][PASSED] - click: Object: 'Object Repository/Final Object Repo/New Registration - Registration Module Pages/Form 2/Socso Employment StartDate Year' is clicked on

2018-12-13 23:25:09 - [MESSAGE][PASSED] - Object: 'Object Repository/Final Object Repo/New Registration - Registration Module Pages/Form 2/Socso Employment StartDate Year' is clicked on

2018-12-13 23:25:09 - [TEST_STEP][PASSED] - delay: Delayed 1 second(s)

2018-12-13 23:25:10 - [MESSAGE][PASSED] - Delayed 1 second(s)

2018-12-13 23:25:10 - [TEST_STEP][PASSED] - click: Object: 'Object Repository/Final Object Repo/New Registration - Registration Module Pages/Form 2/Select Socso Employment Startdate Year' is clicked on

2018-12-13 23:25:11 - [MESSAGE][PASSED] - Object: 'Object Repository/Final Object Repo/New Registration - Registration Module Pages/Form 2/Select Socso Employment Startdate Year' is clicked on

2018-12-13 23:25:11 - [TEST_STEP][PASSED] - delay: Delayed 2 second(s)

2018-12-13 23:25:13 - [MESSAGE][PASSED] - Delayed 2 second(s)

2018-12-13 23:25:13 - [TEST_STEP][PASSED] - click: Object: 'Object Repository/Final Object Repo/New Registration - Registration Module Pages/Form 2/Socso Employment Start Date Day' is clicked on

2018-12-13 23:25:13 - [MESSAGE][PASSED] - Object: 'Object Repository/Final Object Repo/New Registration - Registration Module Pages/Form 2/Socso Employment Start Date Day' is clicked on

2018-12-13 23:25:13 - [TEST_STEP][PASSED] - delay: Delayed 2 second(s)

2018-12-13 23:25:15 - [MESSAGE][PASSED] - Delayed 2 second(s)

2018-12-13 23:25:15 - [TEST_STEP][PASSED] - click: Object: 'Object Repository/Final Object Repo/New Registration - Registration Module Pages/Form 2/Save Button for Add Employee' is clicked on

2018-12-13 23:25:15 - [MESSAGE][PASSED] - Object: 'Object Repository/Final Object Repo/New Registration - Registration Module Pages/Form 2/Save Button for Add Employee' is clicked on

2018-12-13 23:25:15 - [TEST_STEP][PASSED] - delay: Delayed 6 second(s)

2018-12-13 23:25:21 - [MESSAGE][PASSED] - Delayed 6 second(s)

2018-12-13 23:25:21 - [TEST_STEP][PASSED] - click: Object: 'Object Repository/Final Object Repo/New Registration - Registration Module Pages/Form 2/Save and Continue Form 2' is clicked on

2018-12-13 23:25:21 - [MESSAGE][PASSED] - Object: 'Object Repository/Final Object Repo/New Registration - Registration Module Pages/Form 2/Save and Continue Form 2' is clicked on

2018-12-13 23:25:21 - [MESSAGE][PASSED] - Call Test Case 'Test Cases/Final Aug 2018 - PKS Automation/Registration Module/New Registration/Form 2/Add 1 Eligible' successfully

2018-12-13 23:25:21 - [TEST_STEP][PASSED] - callTestCase: Call Test Case 'Test Cases/Final Aug 2018 - PKS Automation/Registration Module/New Registration/Flow of New Registration/Third Screen - Upload Supporting Doc - Preview' successfully

2018-12-13 23:25:21 - [TEST_CASE][PASSED] - Test Cases/Final Aug 2018 - PKS Automation/Registration Module/New Registration/Flow of New Registration/Third Screen - Upload Supporting Doc - Preview: Test Cases/Final Aug 2018 - PKS Automation/Registration Module/New Registration/Flow of New Registration/Third Screen - Upload Supporting Doc - Preview

2018-12-13 23:25:21 - [TEST_STEP][PASSED] - waitForPageLoad: Wait for page load successfully

2018-12-13 23:25:22 - [MESSAGE][PASSED] - Wait for page load successfully

2018-12-13 23:25:22 - [TEST_STEP][PASSED] - Statement - CaseReferenceNo = com.kms.katalon.core.webui.keyword.WebUiBuiltInKeywords.getText(com.kms.katalon.core.testobject.ObjectRepository.findTestObject(Final Object Repo/New Registration - Registration Module Pages/Third Screen - Upload Supporting Doc- Preview/RefNo Acquiring)): Text of object 'Object Repository/Final Object Repo/New Registration - Registration Module Pages/Third Screen - Upload Supporting Doc- Preview/RefNo Acquiring' is: 'CRN12201800123317'

2018-12-13 23:25:22 - [MESSAGE][PASSED] - Text of object 'Object Repository/Final Object Repo/New Registration - Registration Module Pages/Third Screen - Upload Supporting Doc- Preview/RefNo Acquiring' is: 'CRN12201800123317'

2018-12-13 23:25:22 - [TEST_STEP][PASSED] - delay: Delayed 2 second(s)

2018-12-13 23:25:24 - [MESSAGE][PASSED] - Delayed 2 second(s)

2018-12-13 23:25:24 - [TEST_STEP][PASSED] - callTestCase: Call Test Case 'Test Cases/Final Aug 2018 - PKS Automation/Common/Reference Number Setter' successfully

2018-12-13 23:25:24 - [TEST_CASE][PASSED] - Test Cases/Final Aug 2018 - PKS Automation/Common/Reference Number Setter: Test Cases/Final Aug 2018 - PKS Automation/Common/Reference Number Setter

2018-12-13 23:25:24 - [TEST_STEP][PASSED] - Statement - RefNoOldFile = new java.io.File(C://Users//Admin//Desktop//PKS//Automation Reference Point//KatalonReference.txt): null

2018-12-13 23:25:24 - [TEST_STEP][PASSED] - Statement - RefNoOldFile.delete(): null

2018-12-13 23:25:24 - [TEST_STEP][PASSED] - delay: Delayed 5 second(s)

2018-12-13 23:25:29 - [MESSAGE][PASSED] - Delayed 5 second(s)

2018-12-13 23:25:29 - [TEST_STEP][PASSED] - Statement - RefNo = new java.io.File(C://Users//Admin//Desktop//PKS//Automation Reference Point//KatalonReference.txt): null

2018-12-13 23:25:29 - [TEST_STEP][PASSED] - Statement - f2 = new java.io.FileWriter(RefNo, false): null

2018-12-13 23:25:29 - [TEST_STEP][PASSED] - Statement - f2.write(CaseReferenceNo): null

2018-12-13 23:25:29 - [TEST_STEP][PASSED] - Statement - f2.close(): null

2018-12-13 23:25:29 - [TEST_STEP][PASSED] - Statement - out.println("


" + CaseReferenceNo + "


"): null

2018-12-13 23:25:29 - [MESSAGE][PASSED] - Call Test Case 'Test Cases/Final Aug 2018 - PKS Automation/Common/Reference Number Setter' successfully

2018-12-13 23:25:29 - [TEST_STEP][PASSED] - waitForElementClickable: Object 'Object Repository/Final Object Repo/New Registration - Registration Module Pages/Third Screen - Upload Supporting Doc- Preview/Save n Continue in SIP Employee Listing Page' is clickable

2018-12-13 23:25:29 - [MESSAGE][PASSED] - Object 'Object Repository/Final Object Repo/New Registration - Registration Module Pages/Third Screen - Upload Supporting Doc- Preview/Save n Continue in SIP Employee Listing Page' is clickable

2018-12-13 23:25:29 - [TEST_STEP][PASSED] - click: Object: 'Object Repository/Final Object Repo/New Registration - Registration Module Pages/Third Screen - Upload Supporting Doc- Preview/Save n Continue in SIP Employee Listing Page' is clicked on

2018-12-13 23:25:34 - [MESSAGE][PASSED] - Object: 'Object Repository/Final Object Repo/New Registration - Registration Module Pages/Third Screen - Upload Supporting Doc- Preview/Save n Continue in SIP Employee Listing Page' is clicked on

2018-12-13 23:25:34 - [TEST_STEP][PASSED] - delay: Delayed 7 second(s)

2018-12-13 23:25:41 - [MESSAGE][PASSED] - Delayed 7 second(s)

2018-12-13 23:25:41 - [TEST_STEP][PASSED] - click: Object: 'Object Repository/Final Object Repo/New Registration - Registration Module Pages/Third Screen - Upload Supporting Doc- Preview/Add Document Button' is clicked on

2018-12-13 23:25:42 - [MESSAGE][PASSED] - Object: 'Object Repository/Final Object Repo/New Registration - Registration Module Pages/Third Screen - Upload Supporting Doc- Preview/Add Document Button' is clicked on

2018-12-13 23:25:42 - [TEST_STEP][PASSED] - delay: Delayed 30 second(s)

2018-12-13 23:26:12 - [MESSAGE][PASSED] - Delayed 30 second(s)

2018-12-13 23:26:12 - [TEST_STEP][PASSED] - click: Object: 'Object Repository/Final Object Repo/New Registration - Registration Module Pages/Third Screen - Upload Supporting Doc- Preview/Supporting Doc Please Select Drop Down' is clicked on

2018-12-13 23:26:12 - [MESSAGE][PASSED] - Object: 'Object Repository/Final Object Repo/New Registration - Registration Module Pages/Third Screen - Upload Supporting Doc- Preview/Supporting Doc Please Select Drop Down' is clicked on

2018-12-13 23:26:12 - [TEST_STEP][PASSED] - delay: Delayed 2 second(s)

2018-12-13 23:26:14 - [MESSAGE][PASSED] - Delayed 2 second(s)

2018-12-13 23:26:14 - [TEST_STEP][PASSED] - click: Object: 'Object Repository/Final Object Repo/New Registration - Registration Module Pages/Third Screen - Upload Supporting Doc- Preview/Select to Upload Form 1' is clicked on

2018-12-13 23:26:14 - [MESSAGE][PASSED] - Object: 'Object Repository/Final Object Repo/New Registration - Registration Module Pages/Third Screen - Upload Supporting Doc- Preview/Select to Upload Form 1' is clicked on

2018-12-13 23:26:14 - [TEST_STEP][PASSED] - delay: Delayed 2 second(s)

2018-12-13 23:26:16 - [MESSAGE][PASSED] - Delayed 2 second(s)

2018-12-13 23:26:16 - [TEST_STEP][PASSED] - uploadFile: File 'C:\Users\Public\Pictures\Sample Pictures\Koala.jpg' sent to object: 'Object Repository/Final Object Repo/New Registration - Registration Module Pages/Third Screen - Upload Supporting Doc- Preview/Upload File Adding'

2018-12-13 23:26:16 - [MESSAGE][PASSED] - File 'C:\Users\Public\Pictures\Sample Pictures\Koala.jpg' sent to object: 'Object Repository/Final Object Repo/New Registration - Registration Module Pages/Third Screen - Upload Supporting Doc- Preview/Upload File Adding'

2018-12-13 23:26:16 - [TEST_STEP][PASSED] - delay: Delayed 5 second(s)

2018-12-13 23:26:21 - [MESSAGE][PASSED] - Delayed 5 second(s)

2018-12-13 23:26:21 - [TEST_STEP][PASSED] - click: Object: 'Object Repository/Final Object Repo/New Registration - Registration Module Pages/Third Screen - Upload Supporting Doc- Preview/Inner Form Add Document Button' is clicked on

2018-12-13 23:26:21 - [MESSAGE][PASSED] - Object: 'Object Repository/Final Object Repo/New Registration - Registration Module Pages/Third Screen - Upload Supporting Doc- Preview/Inner Form Add Document Button' is clicked on

2018-12-13 23:26:21 - [TEST_STEP][PASSED] - delay: Delayed 3 second(s)

2018-12-13 23:26:24 - [MESSAGE][PASSED] - Delayed 3 second(s)

2018-12-13 23:26:24 - [TEST_STEP][PASSED] - click: Object: 'Object Repository/Final Object Repo/New Registration - Registration Module Pages/Third Screen - Upload Supporting Doc- Preview/Add Document Button' is clicked on

2018-12-13 23:26:26 - [MESSAGE][PASSED] - Object: 'Object Repository/Final Object Repo/New Registration - Registration Module Pages/Third Screen - Upload Supporting Doc- Preview/Add Document Button' is clicked on

2018-12-13 23:26:26 - [TEST_STEP][PASSED] - delay: Delayed 30 second(s)

2018-12-13 23:26:56 - [MESSAGE][PASSED] - Delayed 30 second(s)

2018-12-13 23:26:56 - [TEST_STEP][PASSED] - click: Object: 'Object Repository/Final Object Repo/New Registration - Registration Module Pages/Third Screen - Upload Supporting Doc- Preview/Supporting Doc Please Select Drop Down' is clicked on

2018-12-13 23:26:56 - [MESSAGE][PASSED] - Object: 'Object Repository/Final Object Repo/New Registration - Registration Module Pages/Third Screen - Upload Supporting Doc- Preview/Supporting Doc Please Select Drop Down' is clicked on

2018-12-13 23:26:56 - [TEST_STEP][PASSED] - delay: Delayed 4 second(s)

2018-12-13 23:27:00 - [MESSAGE][PASSED] - Delayed 4 second(s)

2018-12-13 23:27:00 - [TEST_STEP][PASSED] - click: Object: 'Object Repository/Final Object Repo/New Registration - Registration Module Pages/Third Screen - Upload Supporting Doc- Preview/Select to Upload Form 2' is clicked on

2018-12-13 23:27:00 - [MESSAGE][PASSED] - Object: 'Object Repository/Final Object Repo/New Registration - Registration Module Pages/Third Screen - Upload Supporting Doc- Preview/Select to Upload Form 2' is clicked on

2018-12-13 23:27:00 - [TEST_STEP][PASSED] - delay: Delayed 2 second(s)

2018-12-13 23:27:02 - [MESSAGE][PASSED] - Delayed 2 second(s)

2018-12-13 23:27:02 - [TEST_STEP][PASSED] - uploadFile: File 'C:\Users\Public\Pictures\Sample Pictures\Koala.jpg' sent to object: 'Object Repository/Final Object Repo/New Registration - Registration Module Pages/Third Screen - Upload Supporting Doc- Preview/Upload File Adding'

2018-12-13 23:27:02 - [MESSAGE][PASSED] - File 'C:\Users\Public\Pictures\Sample Pictures\Koala.jpg' sent to object: 'Object Repository/Final Object Repo/New Registration - Registration Module Pages/Third Screen - Upload Supporting Doc- Preview/Upload File Adding'

2018-12-13 23:27:02 - [TEST_STEP][PASSED] - click: Object: 'Object Repository/Final Object Repo/New Registration - Registration Module Pages/Third Screen - Upload Supporting Doc- Preview/Inner Form Add Document Button' is clicked on

2018-12-13 23:27:02 - [MESSAGE][PASSED] - Object: 'Object Repository/Final Object Repo/New Registration - Registration Module Pages/Third Screen - Upload Supporting Doc- Preview/Inner Form Add Document Button' is clicked on

2018-12-13 23:27:02 - [TEST_STEP][PASSED] - delay: Delayed 5 second(s)

2018-12-13 23:27:07 - [MESSAGE][PASSED] - Delayed 5 second(s)

2018-12-13 23:27:07 - [TEST_STEP][PASSED] - click: Object: 'Object Repository/Final Object Repo/New Registration - Registration Module Pages/Third Screen - Upload Supporting Doc- Preview/Add Document Button' is clicked on

2018-12-13 23:27:08 - [MESSAGE][PASSED] - Object: 'Object Repository/Final Object Repo/New Registration - Registration Module Pages/Third Screen - Upload Supporting Doc- Preview/Add Document Button' is clicked on

2018-12-13 23:27:08 - [TEST_STEP][PASSED] - delay: Delayed 30 second(s)

2018-12-13 23:27:38 - [MESSAGE][PASSED] - Delayed 30 second(s)

2018-12-13 23:27:38 - [TEST_STEP][PASSED] - click: Object: 'Object Repository/Final Object Repo/New Registration - Registration Module Pages/Third Screen - Upload Supporting Doc- Preview/Supporting Doc Please Select Drop Down' is clicked on

2018-12-13 23:27:38 - [MESSAGE][PASSED] - Object: 'Object Repository/Final Object Repo/New Registration - Registration Module Pages/Third Screen - Upload Supporting Doc- Preview/Supporting Doc Please Select Drop Down' is clicked on

2018-12-13 23:27:38 - [TEST_STEP][PASSED] - click: Object: 'Object Repository/Final Object Repo/New Registration - Registration Module Pages/Third Screen - Upload Supporting Doc- Preview/Select to Upload Borang SIP 1' is clicked on

2018-12-13 23:27:38 - [MESSAGE][PASSED] - Object: 'Object Repository/Final Object Repo/New Registration - Registration Module Pages/Third Screen - Upload Supporting Doc- Preview/Select to Upload Borang SIP 1' is clicked on

2018-12-13 23:27:38 - [TEST_STEP][PASSED] - delay: Delayed 2 second(s)

2018-12-13 23:27:40 - [MESSAGE][PASSED] - Delayed 2 second(s)

2018-12-13 23:27:40 - [TEST_STEP][PASSED] - uploadFile: File 'C:\Users\Public\Pictures\Sample Pictures\Koala.jpg' sent to object: 'Object Repository/Final Object Repo/New Registration - Registration Module Pages/Third Screen - Upload Supporting Doc- Preview/Upload File Adding'

2018-12-13 23:27:40 - [MESSAGE][PASSED] - File 'C:\Users\Public\Pictures\Sample Pictures\Koala.jpg' sent to object: 'Object Repository/Final Object Repo/New Registration - Registration Module Pages/Third Screen - Upload Supporting Doc- Preview/Upload File Adding'

2018-12-13 23:27:40 - [TEST_STEP][PASSED] - click: Object: 'Object Repository/Final Object Repo/New Registration - Registration Module Pages/Third Screen - Upload Supporting Doc- Preview/Inner Form Add Document Button' is clicked on

2018-12-13 23:27:40 - [MESSAGE][PASSED] - Object: 'Object Repository/Final Object Repo/New Registration - Registration Module Pages/Third Screen - Upload Supporting Doc- Preview/Inner Form Add Document Button' is clicked on

2018-12-13 23:27:40 - [TEST_STEP][PASSED] - delay: Delayed 5 second(s)

2018-12-13 23:27:45 - [MESSAGE][PASSED] - Delayed 5 second(s)

2018-12-13 23:27:45 - [TEST_STEP][PASSED] - click: Object: 'Object Repository/Final Object Repo/New Registration - Registration Module Pages/Third Screen - Upload Supporting Doc- Preview/Add Document Button' is clicked on

2018-12-13 23:27:45 - [MESSAGE][PASSED] - Object: 'Object Repository/Final Object Repo/New Registration - Registration Module Pages/Third Screen - Upload Supporting Doc- Preview/Add Document Button' is clicked on

2018-12-13 23:27:45 - [TEST_STEP][PASSED] - delay: Delayed 30 second(s)

2018-12-13 23:28:15 - [MESSAGE][PASSED] - Delayed 30 second(s)

2018-12-13 23:28:15 - [TEST_STEP][PASSED] - click: Object: 'Object Repository/Final Object Repo/New Registration - Registration Module Pages/Third Screen - Upload Supporting Doc- Preview/Supporting Doc Please Select Drop Down' is clicked on

2018-12-13 23:28:16 - [MESSAGE][PASSED] - Object: 'Object Repository/Final Object Repo/New Registration - Registration Module Pages/Third Screen - Upload Supporting Doc- Preview/Supporting Doc Please Select Drop Down' is clicked on

2018-12-13 23:28:16 - [TEST_STEP][PASSED] - delay: Delayed 3 second(s)

2018-12-13 23:28:19 - [MESSAGE][PASSED] - Delayed 3 second(s)

2018-12-13 23:28:19 - [TEST_STEP][PASSED] - click: Object: 'Object Repository/Final Object Repo/New Registration - Registration Module Pages/Third Screen - Upload Supporting Doc- Preview/Select to Upload Borang SIP 2' is clicked on

2018-12-13 23:28:19 - [MESSAGE][PASSED] - Object: 'Object Repository/Final Object Repo/New Registration - Registration Module Pages/Third Screen - Upload Supporting Doc- Preview/Select to Upload Borang SIP 2' is clicked on

2018-12-13 23:28:19 - [TEST_STEP][PASSED] - delay: Delayed 2 second(s)

2018-12-13 23:28:21 - [MESSAGE][PASSED] - Delayed 2 second(s)

2018-12-13 23:28:21 - [TEST_STEP][PASSED] - uploadFile: File 'C:\Users\Public\Pictures\Sample Pictures\Koala.jpg' sent to object: 'Object Repository/Final Object Repo/New Registration - Registration Module Pages/Third Screen - Upload Supporting Doc- Preview/Upload File Adding'

2018-12-13 23:28:21 - [MESSAGE][PASSED] - File 'C:\Users\Public\Pictures\Sample Pictures\Koala.jpg' sent to object: 'Object Repository/Final Object Repo/New Registration - Registration Module Pages/Third Screen - Upload Supporting Doc- Preview/Upload File Adding'

2018-12-13 23:28:21 - [TEST_STEP][PASSED] - delay: Delayed 5 second(s)

2018-12-13 23:28:26 - [MESSAGE][PASSED] - Delayed 5 second(s)

2018-12-13 23:28:26 - [TEST_STEP][PASSED] - click: Object: 'Object Repository/Final Object Repo/New Registration - Registration Module Pages/Third Screen - Upload Supporting Doc- Preview/Inner Form Add Document Button' is clicked on

2018-12-13 23:28:26 - [MESSAGE][PASSED] - Object: 'Object Repository/Final Object Repo/New Registration - Registration Module Pages/Third Screen - Upload Supporting Doc- Preview/Inner Form Add Document Button' is clicked on

2018-12-13 23:28:26 - [TEST_STEP][PASSED] - delay: Delayed 3 second(s)

2018-12-13 23:28:29 - [MESSAGE][PASSED] - Delayed 3 second(s)

2018-12-13 23:28:29 - [TEST_STEP][PASSED] - waitForElementClickable: Object 'Object Repository/Final Object Repo/New Registration - Registration Module Pages/Third Screen - Upload Supporting Doc- Preview/Save n Continue in Uploading Supporting Doc Page' is clickable

2018-12-13 23:28:30 - [MESSAGE][PASSED] - Object 'Object Repository/Final Object Repo/New Registration - Registration Module Pages/Third Screen - Upload Supporting Doc- Preview/Save n Continue in Uploading Supporting Doc Page' is clickable

2018-12-13 23:28:30 - [TEST_STEP][PASSED] - click: Object: 'Object Repository/Final Object Repo/New Registration - Registration Module Pages/Third Screen - Upload Supporting Doc- Preview/Save n Continue in Uploading Supporting Doc Page' is clicked on

2018-12-13 23:28:30 - [MESSAGE][PASSED] - Object: 'Object Repository/Final Object Repo/New Registration - Registration Module Pages/Third Screen - Upload Supporting Doc- Preview/Save n Continue in Uploading Supporting Doc Page' is clicked on

2018-12-13 23:28:30 - [MESSAGE][PASSED] - Call Test Case 'Test Cases/Final Aug 2018 - PKS Automation/Registration Module/New Registration/Flow of New Registration/Third Screen - Upload Supporting Doc - Preview' successfully

2018-12-13 23:28:30 - [TEST_STEP][PASSED] - callTestCase: Call Test Case 'Test Cases/Final Aug 2018 - PKS Automation/Registration Module/New Registration/Submit and Screenshot/Submit Registration and Screenshot' successfully

2018-12-13 23:28:31 - [TEST_CASE][PASSED] - Test Cases/Final Aug 2018 - PKS Automation/Registration Module/New Registration/Submit and Screenshot/Submit Registration and Screenshot: Test Cases/Final Aug 2018 - PKS Automation/Registration Module/New Registration/Submit and Screenshot/Submit Registration and Screenshot

2018-12-13 23:28:31 - [TEST_STEP][PASSED] - delay: Delayed 6 second(s)

2018-12-13 23:28:37 - [MESSAGE][PASSED] - Delayed 6 second(s)

2018-12-13 23:28:37 - [TEST_STEP][PASSED] - click: Object: 'Object Repository/Final Object Repo/New Registration - Registration Module Pages/Third Screen - Upload Supporting Doc- Preview/Preview Submit Button' is clicked on

2018-12-13 23:28:37 - [MESSAGE][PASSED] - Object: 'Object Repository/Final Object Repo/New Registration - Registration Module Pages/Third Screen - Upload Supporting Doc- Preview/Preview Submit Button' is clicked on

2018-12-13 23:28:37 - [TEST_STEP][PASSED] - delay: Delayed 2 second(s)

2018-12-13 23:28:39 - [MESSAGE][PASSED] - Delayed 2 second(s)

2018-12-13 23:28:39 - [TEST_STEP][PASSED] - click: Object: 'Object Repository/Final Object Repo/New Registration - Registration Module Pages/Third Screen - Upload Supporting Doc- Preview/Preview Submit - Confirm' is clicked on

2018-12-13 23:28:39 - [MESSAGE][PASSED] - Object: 'Object Repository/Final Object Repo/New Registration - Registration Module Pages/Third Screen - Upload Supporting Doc- Preview/Preview Submit - Confirm' is clicked on

2018-12-13 23:28:39 - [TEST_STEP][PASSED] - delay: Delayed 15 second(s)

2018-12-13 23:28:54 - [MESSAGE][PASSED] - Delayed 15 second(s)

2018-12-13 23:28:54 - [TEST_STEP][PASSED] - Statement - driver = com.kms.katalon.core.webui.driver.DriverFactory.getWebDriver(): null

2018-12-13 23:28:54 - [TEST_STEP][PASSED] - Statement - driver.manage().timeouts().implicitlyWait(10, SECONDS): null

2018-12-13 23:28:54 - [TEST_STEP][PASSED] - Statement - PresavePath = KatalonScreenshots: null

2018-12-13 23:28:54 - [TEST_STEP][PASSED] - Statement - pathPrefix = "C:\Users\Public\Pictures\Sample Pictures\Katalon Screenshots\Automate Ending Screen": null

2018-12-13 23:28:54 - [TEST_STEP][PASSED] - Statement - finalPath = <not implemented yet for class: org.codehaus.groovy.ast.expr.EmptyExpression>: null

2018-12-13 23:28:54 - [TEST_STEP][PASSED] - Statement - scrFile = driver.getScreenshotAs(FILE): null

2018-12-13 23:28:54 - [TEST_STEP][PASSED] - Statement - PreSaveFile = new java.io.File(PresavePath): null

2018-12-13 23:28:54 - [TEST_STEP][PASSED] - Statement - counter = 0: null

2018-12-13 23:28:54 - [TEST_STEP][PASSED] - Statement - If (PreSaveFile.exists()): null

2018-12-13 23:28:54 - [TEST_STEP][PASSED] - Statement - While (PreSaveFile.exists()): null

2018-12-13 23:28:54 - [TEST_STEP][PASSED] - Statement - counter = counter + 1: null

2018-12-13 23:28:54 - [TEST_STEP][PASSED] - Statement - PreSaveFile = new java.io.File(((pathPrefix + java.lang.Integer.toString(counter)) + .png)): null

2018-12-13 23:28:54 - [TEST_STEP][PASSED] - Statement - counter = counter + 1: null

2018-12-13 23:28:54 - [TEST_STEP][PASSED] - Statement - PreSaveFile = new java.io.File(((pathPrefix + java.lang.Integer.toString(counter)) + .png)): null

2018-12-13 23:28:54 - [TEST_STEP][PASSED] - Statement - counter = counter + 1: null

2018-12-13 23:28:54 - [TEST_STEP][PASSED] - Statement - PreSaveFile = new java.io.File(((pathPrefix + java.lang.Integer.toString(counter)) + .png)): null

2018-12-13 23:28:54 - [TEST_STEP][PASSED] - Statement - counter = counter + 1: null

2018-12-13 23:28:54 - [TEST_STEP][PASSED] - Statement - PreSaveFile = new java.io.File(((pathPrefix + java.lang.Integer.toString(counter)) + .png)): null

2018-12-13 23:28:54 - [TEST_STEP][PASSED] - Statement - counter = counter + 1: null

2018-12-13 23:28:54 - [TEST_STEP][PASSED] - Statement - PreSaveFile = new java.io.File(((pathPrefix + java.lang.Integer.toString(counter)) + .png)): null

2018-12-13 23:28:54 - [TEST_STEP][PASSED] - Statement - counter = counter + 1: null

2018-12-13 23:28:54 - [TEST_STEP][PASSED] - Statement - PreSaveFile = new java.io.File(((pathPrefix + java.lang.Integer.toString(counter)) + .png)): null

2018-12-13 23:28:54 - [TEST_STEP][PASSED] - Statement - counter = counter + 1: null

2018-12-13 23:28:54 - [TEST_STEP][PASSED] - Statement - PreSaveFile = new java.io.File(((pathPrefix + java.lang.Integer.toString(counter)) + .png)): null

2018-12-13 23:28:54 - [TEST_STEP][PASSED] - Statement - counter = counter + 1: null

2018-12-13 23:28:54 - [TEST_STEP][PASSED] - Statement - PreSaveFile = new java.io.File(((pathPrefix + java.lang.Integer.toString(counter)) + .png)): null

2018-12-13 23:28:54 - [TEST_STEP][PASSED] - Statement - counter = counter + 1: null

2018-12-13 23:28:54 - [TEST_STEP][PASSED] - Statement - PreSaveFile = new java.io.File(((pathPrefix + java.lang.Integer.toString(counter)) + .png)): null

2018-12-13 23:28:54 - [TEST_STEP][PASSED] - Statement - counter = counter + 1: null

2018-12-13 23:28:54 - [TEST_STEP][PASSED] - Statement - PreSaveFile = new java.io.File(((pathPrefix + java.lang.Integer.toString(counter)) + .png)): null

2018-12-13 23:28:54 - [TEST_STEP][PASSED] - Statement - counter = counter + 1: null

2018-12-13 23:28:54 - [TEST_STEP][PASSED] - Statement - PreSaveFile = new java.io.File(((pathPrefix + java.lang.Integer.toString(counter)) + .png)): null

2018-12-13 23:28:54 - [TEST_STEP][PASSED] - Statement - counter = counter + 1: null

2018-12-13 23:28:54 - [TEST_STEP][PASSED] - Statement - PreSaveFile = new java.io.File(((pathPrefix + java.lang.Integer.toString(counter)) + .png)): null

2018-12-13 23:28:54 - [TEST_STEP][PASSED] - Statement - counter = counter + 1: null

2018-12-13 23:28:54 - [TEST_STEP][PASSED] - Statement - PreSaveFile = new java.io.File(((pathPrefix + java.lang.Integer.toString(counter)) + .png)): null

2018-12-13 23:28:54 - [TEST_STEP][PASSED] - Statement - counter = counter + 1: null

2018-12-13 23:28:54 - [TEST_STEP][PASSED] - Statement - PreSaveFile = new java.io.File(((pathPrefix + java.lang.Integer.toString(counter)) + .png)): null

2018-12-13 23:28:54 - [TEST_STEP][PASSED] - Statement - counter = counter + 1: null

2018-12-13 23:28:54 - [TEST_STEP][PASSED] - Statement - PreSaveFile = new java.io.File(((pathPrefix + java.lang.Integer.toString(counter)) + .png)): null

2018-12-13 23:28:54 - [TEST_STEP][PASSED] - Statement - counter = counter + 1: null

2018-12-13 23:28:54 - [TEST_STEP][PASSED] - Statement - PreSaveFile = new java.io.File(((pathPrefix + java.lang.Integer.toString(counter)) + .png)): null

2018-12-13 23:28:54 - [TEST_STEP][PASSED] - Statement - counter = counter + 1: null

2018-12-13 23:28:54 - [TEST_STEP][PASSED] - Statement - PreSaveFile = new java.io.File(((pathPrefix + java.lang.Integer.toString(counter)) + .png)): null

2018-12-13 23:28:54 - [TEST_STEP][PASSED] - Statement - counter = counter + 1: null

2018-12-13 23:28:54 - [TEST_STEP][PASSED] - Statement - PreSaveFile = new java.io.File(((pathPrefix + java.lang.Integer.toString(counter)) + .png)): null

2018-12-13 23:28:54 - [TEST_STEP][PASSED] - Statement - counter = counter + 1: null

2018-12-13 23:28:54 - [TEST_STEP][PASSED] - Statement - PreSaveFile = new java.io.File(((pathPrefix + java.lang.Integer.toString(counter)) + .png)): null

2018-12-13 23:28:54 - [TEST_STEP][PASSED] - Statement - counter = counter + 1: null

2018-12-13 23:28:54 - [TEST_STEP][PASSED] - Statement - PreSaveFile = new java.io.File(((pathPrefix + java.lang.Integer.toString(counter)) + .png)): null

2018-12-13 23:28:54 - [TEST_STEP][PASSED] - Statement - counter = counter + 1: null

2018-12-13 23:28:54 - [TEST_STEP][PASSED] - Statement - PreSaveFile = new java.io.File(((pathPrefix + java.lang.Integer.toString(counter)) + .png)): null

2018-12-13 23:28:54 - [TEST_STEP][PASSED] - Statement - counter = counter + 1: null

2018-12-13 23:28:54 - [TEST_STEP][PASSED] - Statement - PreSaveFile = new java.io.File(((pathPrefix + java.lang.Integer.toString(counter)) + .png)): null

2018-12-13 23:28:54 - [TEST_STEP][PASSED] - Statement - counter = counter + 1: null

2018-12-13 23:28:54 - [TEST_STEP][PASSED] - Statement - PreSaveFile = new java.io.File(((pathPrefix + java.lang.Integer.toString(counter)) + .png)): null

2018-12-13 23:28:54 - [TEST_STEP][PASSED] - Statement - counter = counter + 1: null

2018-12-13 23:28:54 - [TEST_STEP][PASSED] - Statement - PreSaveFile = new java.io.File(((pathPrefix + java.lang.Integer.toString(counter)) + .png)): null

2018-12-13 23:28:54 - [TEST_STEP][PASSED] - Statement - counter = counter + 1: null

2018-12-13 23:28:54 - [TEST_STEP][PASSED] - Statement - PreSaveFile = new java.io.File(((pathPrefix + java.lang.Integer.toString(counter)) + .png)): null

2018-12-13 23:28:54 - [TEST_STEP][PASSED] - Statement - counter = counter + 1: null

2018-12-13 23:28:54 - [TEST_STEP][PASSED] - Statement - PreSaveFile = new java.io.File(((pathPrefix + java.lang.Integer.toString(counter)) + .png)): null

2018-12-13 23:28:54 - [TEST_STEP][PASSED] - Statement - counter = counter + 1: null

2018-12-13 23:28:54 - [TEST_STEP][PASSED] - Statement - PreSaveFile = new java.io.File(((pathPrefix + java.lang.Integer.toString(counter)) + .png)): null

2018-12-13 23:28:54 - [TEST_STEP][PASSED] - Statement - counter = counter + 1: null

2018-12-13 23:28:54 - [TEST_STEP][PASSED] - Statement - PreSaveFile = new java.io.File(((pathPrefix + java.lang.Integer.toString(counter)) + .png)): null

2018-12-13 23:28:54 - [TEST_STEP][PASSED] - Statement - counter = counter + 1: null

2018-12-13 23:28:54 - [TEST_STEP][PASSED] - Statement - PreSaveFile = new java.io.File(((pathPrefix + java.lang.Integer.toString(counter)) + .png)): null

2018-12-13 23:28:54 - [TEST_STEP][PASSED] - Statement - counter = counter + 1: null

2018-12-13 23:28:54 - [TEST_STEP][PASSED] - Statement - PreSaveFile = new java.io.File(((pathPrefix + java.lang.Integer.toString(counter)) + .png)): null

2018-12-13 23:28:54 - [TEST_STEP][PASSED] - Statement - counter = counter + 1: null

2018-12-13 23:28:54 - [TEST_STEP][PASSED] - Statement - PreSaveFile = new java.io.File(((pathPrefix + java.lang.Integer.toString(counter)) + .png)): null

2018-12-13 23:28:54 - [TEST_STEP][PASSED] - Statement - counter = counter + 1: null

2018-12-13 23:28:54 - [TEST_STEP][PASSED] - Statement - PreSaveFile = new java.io.File(((pathPrefix + java.lang.Integer.toString(counter)) + .png)): null

2018-12-13 23:28:54 - [TEST_STEP][PASSED] - Statement - counter = counter + 1: null

2018-12-13 23:28:54 - [TEST_STEP][PASSED] - Statement - PreSaveFile = new java.io.File(((pathPrefix + java.lang.Integer.toString(counter)) + .png)): null

2018-12-13 23:28:54 - [TEST_STEP][PASSED] - Statement - counter = counter + 1: null

2018-12-13 23:28:54 - [TEST_STEP][PASSED] - Statement - PreSaveFile = new java.io.File(((pathPrefix + java.lang.Integer.toString(counter)) + .png)): null

2018-12-13 23:28:54 - [TEST_STEP][PASSED] - Statement - counter = counter + 1: null

2018-12-13 23:28:54 - [TEST_STEP][PASSED] - Statement - PreSaveFile = new java.io.File(((pathPrefix + java.lang.Integer.toString(counter)) + .png)): null

2018-12-13 23:28:54 - [TEST_STEP][PASSED] - Statement - counter = counter + 1: null

2018-12-13 23:28:54 - [TEST_STEP][PASSED] - Statement - PreSaveFile = new java.io.File(((pathPrefix + java.lang.Integer.toString(counter)) + .png)): null

2018-12-13 23:28:54 - [TEST_STEP][PASSED] - Statement - counter = counter + 1: null

2018-12-13 23:28:54 - [TEST_STEP][PASSED] - Statement - PreSaveFile = new java.io.File(((pathPrefix + java.lang.Integer.toString(counter)) + .png)): null

2018-12-13 23:28:54 - [TEST_STEP][PASSED] - Statement - counter = counter + 1: null

2018-12-13 23:28:54 - [TEST_STEP][PASSED] - Statement - PreSaveFile = new java.io.File(((pathPrefix + java.lang.Integer.toString(counter)) + .png)): null

2018-12-13 23:28:54 - [TEST_STEP][PASSED] - Statement - counter = counter + 1: null

2018-12-13 23:28:54 - [TEST_STEP][PASSED] - Statement - PreSaveFile = new java.io.File(((pathPrefix + java.lang.Integer.toString(counter)) + .png)): null

2018-12-13 23:28:54 - [TEST_STEP][PASSED] - Statement - counter = counter + 1: null

2018-12-13 23:28:54 - [TEST_STEP][PASSED] - Statement - PreSaveFile = new java.io.File(((pathPrefix + java.lang.Integer.toString(counter)) + .png)): null

2018-12-13 23:28:54 - [TEST_STEP][PASSED] - Statement - counter = counter + 1: null

2018-12-13 23:28:54 - [TEST_STEP][PASSED] - Statement - PreSaveFile = new java.io.File(((pathPrefix + java.lang.Integer.toString(counter)) + .png)): null

2018-12-13 23:28:54 - [TEST_STEP][PASSED] - Statement - counter = counter + 1: null

2018-12-13 23:28:54 - [TEST_STEP][PASSED] - Statement - PreSaveFile = new java.io.File(((pathPrefix + java.lang.Integer.toString(counter)) + .png)): null

2018-12-13 23:28:54 - [TEST_STEP][PASSED] - Statement - counter = counter + 1: null

2018-12-13 23:28:54 - [TEST_STEP][PASSED] - Statement - PreSaveFile = new java.io.File(((pathPrefix + java.lang.Integer.toString(counter)) + .png)): null

2018-12-13 23:28:54 - [TEST_STEP][PASSED] - Statement - counter = counter + 1: null

2018-12-13 23:28:54 - [TEST_STEP][PASSED] - Statement - PreSaveFile = new java.io.File(((pathPrefix + java.lang.Integer.toString(counter)) + .png)): null

2018-12-13 23:28:54 - [TEST_STEP][PASSED] - Statement - counter = counter + 1: null

2018-12-13 23:28:54 - [TEST_STEP][PASSED] - Statement - PreSaveFile = new java.io.File(((pathPrefix + java.lang.Integer.toString(counter)) + .png)): null

2018-12-13 23:28:54 - [TEST_STEP][PASSED] - Statement - counter = counter + 1: null

2018-12-13 23:28:54 - [TEST_STEP][PASSED] - Statement - PreSaveFile = new java.io.File(((pathPrefix + java.lang.Integer.toString(counter)) + .png)): null

2018-12-13 23:28:54 - [TEST_STEP][PASSED] - Statement - counter = counter + 1: null

2018-12-13 23:28:54 - [TEST_STEP][PASSED] - Statement - PreSaveFile = new java.io.File(((pathPrefix + java.lang.Integer.toString(counter)) + .png)): null

2018-12-13 23:28:54 - [TEST_STEP][PASSED] - Statement - counter = counter + 1: null

2018-12-13 23:28:54 - [TEST_STEP][PASSED] - Statement - PreSaveFile = new java.io.File(((pathPrefix + java.lang.Integer.toString(counter)) + .png)): null

2018-12-13 23:28:54 - [TEST_STEP][PASSED] - Statement - counter = counter + 1: null

2018-12-13 23:28:54 - [TEST_STEP][PASSED] - Statement - PreSaveFile = new java.io.File(((pathPrefix + java.lang.Integer.toString(counter)) + .png)): null

2018-12-13 23:28:54 - [TEST_STEP][PASSED] - Statement - counter = counter + 1: null

2018-12-13 23:28:54 - [TEST_STEP][PASSED] - Statement - PreSaveFile = new java.io.File(((pathPrefix + java.lang.Integer.toString(counter)) + .png)): null

2018-12-13 23:28:54 - [TEST_STEP][PASSED] - Statement - counter = counter + 1: null

2018-12-13 23:28:54 - [TEST_STEP][PASSED] - Statement - PreSaveFile = new java.io.File(((pathPrefix + java.lang.Integer.toString(counter)) + .png)): null

2018-12-13 23:28:54 - [TEST_STEP][PASSED] - Statement - counter = counter + 1: null

2018-12-13 23:28:54 - [TEST_STEP][PASSED] - Statement - PreSaveFile = new java.io.File(((pathPrefix + java.lang.Integer.toString(counter)) + .png)): null

2018-12-13 23:28:54 - [TEST_STEP][PASSED] - Statement - counter = counter + 1: null

2018-12-13 23:28:54 - [TEST_STEP][PASSED] - Statement - PreSaveFile = new java.io.File(((pathPrefix + java.lang.Integer.toString(counter)) + .png)): null

2018-12-13 23:28:54 - [TEST_STEP][PASSED] - Statement - counter = counter + 1: null

2018-12-13 23:28:54 - [TEST_STEP][PASSED] - Statement - PreSaveFile = new java.io.File(((pathPrefix + java.lang.Integer.toString(counter)) + .png)): null

2018-12-13 23:28:54 - [TEST_STEP][PASSED] - Statement - counter = counter + 1: null

2018-12-13 23:28:54 - [TEST_STEP][PASSED] - Statement - PreSaveFile = new java.io.File(((pathPrefix + java.lang.Integer.toString(counter)) + .png)): null

2018-12-13 23:28:54 - [TEST_STEP][PASSED] - Statement - counter = counter + 1: null

2018-12-13 23:28:54 - [TEST_STEP][PASSED] - Statement - PreSaveFile = new java.io.File(((pathPrefix + java.lang.Integer.toString(counter)) + .png)): null

2018-12-13 23:28:54 - [TEST_STEP][PASSED] - Statement - counter = counter + 1: null

2018-12-13 23:28:54 - [TEST_STEP][PASSED] - Statement - PreSaveFile = new java.io.File(((pathPrefix + java.lang.Integer.toString(counter)) + .png)): null

2018-12-13 23:28:54 - [TEST_STEP][PASSED] - Statement - counter = counter + 1: null

2018-12-13 23:28:54 - [TEST_STEP][PASSED] - Statement - PreSaveFile = new java.io.File(((pathPrefix + java.lang.Integer.toString(counter)) + .png)): null

2018-12-13 23:28:54 - [TEST_STEP][PASSED] - Statement - counter = counter + 1: null

2018-12-13 23:28:54 - [TEST_STEP][PASSED] - Statement - PreSaveFile = new java.io.File(((pathPrefix + java.lang.Integer.toString(counter)) + .png)): null

2018-12-13 23:28:54 - [TEST_STEP][PASSED] - Statement - counter = counter + 1: null

2018-12-13 23:28:54 - [TEST_STEP][PASSED] - Statement - PreSaveFile = new java.io.File(((pathPrefix + java.lang.Integer.toString(counter)) + .png)): null

2018-12-13 23:28:54 - [TEST_STEP][PASSED] - Statement - counter = counter + 1: null

2018-12-13 23:28:54 - [TEST_STEP][PASSED] - Statement - PreSaveFile = new java.io.File(((pathPrefix + java.lang.Integer.toString(counter)) + .png)): null

2018-12-13 23:28:54 - [TEST_STEP][PASSED] - Statement - counter = counter + 1: null

2018-12-13 23:28:54 - [TEST_STEP][PASSED] - Statement - PreSaveFile = new java.io.File(((pathPrefix + java.lang.Integer.toString(counter)) + .png)): null

2018-12-13 23:28:54 - [TEST_STEP][PASSED] - Statement - counter = counter + 1: null

2018-12-13 23:28:54 - [TEST_STEP][PASSED] - Statement - PreSaveFile = new java.io.File(((pathPrefix + java.lang.Integer.toString(counter)) + .png)): null

2018-12-13 23:28:54 - [TEST_STEP][PASSED] - Statement - counter = counter + 1: null

2018-12-13 23:28:54 - [TEST_STEP][PASSED] - Statement - PreSaveFile = new java.io.File(((pathPrefix + java.lang.Integer.toString(counter)) + .png)): null

2018-12-13 23:28:54 - [TEST_STEP][PASSED] - Statement - counter = counter + 1: null

2018-12-13 23:28:54 - [TEST_STEP][PASSED] - Statement - PreSaveFile = new java.io.File(((pathPrefix + java.lang.Integer.toString(counter)) + .png)): null

2018-12-13 23:28:54 - [TEST_STEP][PASSED] - Statement - counter = counter + 1: null

2018-12-13 23:28:54 - [TEST_STEP][PASSED] - Statement - PreSaveFile = new java.io.File(((pathPrefix + java.lang.Integer.toString(counter)) + .png)): null

2018-12-13 23:28:54 - [TEST_STEP][PASSED] - Statement - counter = counter + 1: null

2018-12-13 23:28:55 - [TEST_STEP][PASSED] - Statement - PreSaveFile = new java.io.File(((pathPrefix + java.lang.Integer.toString(counter)) + .png)): null

2018-12-13 23:28:55 - [TEST_STEP][PASSED] - Statement - counter = counter + 1: null

2018-12-13 23:28:55 - [TEST_STEP][PASSED] - Statement - PreSaveFile = new java.io.File(((pathPrefix + java.lang.Integer.toString(counter)) + .png)): null

2018-12-13 23:28:55 - [TEST_STEP][PASSED] - Statement - counter = counter + 1: null

2018-12-13 23:28:55 - [TEST_STEP][PASSED] - Statement - PreSaveFile = new java.io.File(((pathPrefix + java.lang.Integer.toString(counter)) + .png)): null

2018-12-13 23:28:55 - [TEST_STEP][PASSED] - Statement - counter = counter + 1: null

2018-12-13 23:28:55 - [TEST_STEP][PASSED] - Statement - PreSaveFile = new java.io.File(((pathPrefix + java.lang.Integer.toString(counter)) + .png)): null

2018-12-13 23:28:55 - [TEST_STEP][PASSED] - Statement - counter = counter + 1: null

2018-12-13 23:28:55 - [TEST_STEP][PASSED] - Statement - PreSaveFile = new java.io.File(((pathPrefix + java.lang.Integer.toString(counter)) + .png)): null

2018-12-13 23:28:55 - [TEST_STEP][PASSED] - Statement - counter = counter + 1: null

2018-12-13 23:28:55 - [TEST_STEP][PASSED] - Statement - PreSaveFile = new java.io.File(((pathPrefix + java.lang.Integer.toString(counter)) + .png)): null

2018-12-13 23:28:55 - [TEST_STEP][PASSED] - Statement - counter = counter + 1: null

2018-12-13 23:28:55 - [TEST_STEP][PASSED] - Statement - PreSaveFile = new java.io.File(((pathPrefix + java.lang.Integer.toString(counter)) + .png)): null

2018-12-13 23:28:55 - [TEST_STEP][PASSED] - Statement - counter = counter + 1: null

2018-12-13 23:28:55 - [TEST_STEP][PASSED] - Statement - PreSaveFile = new java.io.File(((pathPrefix + java.lang.Integer.toString(counter)) + .png)): null

2018-12-13 23:28:55 - [TEST_STEP][PASSED] - Statement - counter = counter + 1: null

2018-12-13 23:28:55 - [TEST_STEP][PASSED] - Statement - PreSaveFile = new java.io.File(((pathPrefix + java.lang.Integer.toString(counter)) + .png)): null

2018-12-13 23:28:55 - [TEST_STEP][PASSED] - Statement - counter = counter + 1: null

2018-12-13 23:28:55 - [TEST_STEP][PASSED] - Statement - PreSaveFile = new java.io.File(((pathPrefix + java.lang.Integer.toString(counter)) + .png)): null

2018-12-13 23:28:55 - [TEST_STEP][PASSED] - Statement - counter = counter + 1: null

2018-12-13 23:28:55 - [TEST_STEP][PASSED] - Statement - PreSaveFile = new java.io.File(((pathPrefix + java.lang.Integer.toString(counter)) + .png)): null

2018-12-13 23:28:55 - [TEST_STEP][PASSED] - Statement - counter = counter + 1: null

2018-12-13 23:28:55 - [TEST_STEP][PASSED] - Statement - PreSaveFile = new java.io.File(((pathPrefix + java.lang.Integer.toString(counter)) + .png)): null

2018-12-13 23:28:55 - [TEST_STEP][PASSED] - Statement - counter = counter + 1: null

2018-12-13 23:28:55 - [TEST_STEP][PASSED] - Statement - PreSaveFile = new java.io.File(((pathPrefix + java.lang.Integer.toString(counter)) + .png)): null

2018-12-13 23:28:55 - [TEST_STEP][PASSED] - Statement - counter = counter + 1: null

2018-12-13 23:28:55 - [TEST_STEP][PASSED] - Statement - PreSaveFile = new java.io.File(((pathPrefix + java.lang.Integer.toString(counter)) + .png)): null

2018-12-13 23:28:55 - [TEST_STEP][PASSED] - Statement - counter = counter + 1: null

2018-12-13 23:28:55 - [TEST_STEP][PASSED] - Statement - PreSaveFile = new java.io.File(((pathPrefix + java.lang.Integer.toString(counter)) + .png)): null

2018-12-13 23:28:55 - [TEST_STEP][PASSED] - Statement - counter = counter + 1: null

2018-12-13 23:28:55 - [TEST_STEP][PASSED] - Statement - PreSaveFile = new java.io.File(((pathPrefix + java.lang.Integer.toString(counter)) + .png)): null

2018-12-13 23:28:55 - [TEST_STEP][PASSED] - Statement - counter = counter + 1: null

2018-12-13 23:28:55 - [TEST_STEP][PASSED] - Statement - PreSaveFile = new java.io.File(((pathPrefix + java.lang.Integer.toString(counter)) + .png)): null

2018-12-13 23:28:55 - [TEST_STEP][PASSED] - Statement - counter = counter + 1: null

2018-12-13 23:28:55 - [TEST_STEP][PASSED] - Statement - PreSaveFile = new java.io.File(((pathPrefix + java.lang.Integer.toString(counter)) + .png)): null

2018-12-13 23:28:55 - [TEST_STEP][PASSED] - Statement - counter = counter + 1: null

2018-12-13 23:28:55 - [TEST_STEP][PASSED] - Statement - PreSaveFile = new java.io.File(((pathPrefix + java.lang.Integer.toString(counter)) + .png)): null

2018-12-13 23:28:55 - [TEST_STEP][PASSED] - Statement - counter = counter + 1: null

2018-12-13 23:28:55 - [TEST_STEP][PASSED] - Statement - PreSaveFile = new java.io.File(((pathPrefix + java.lang.Integer.toString(counter)) + .png)): null

2018-12-13 23:28:55 - [TEST_STEP][PASSED] - Statement - counter = counter + 1: null

2018-12-13 23:28:55 - [TEST_STEP][PASSED] - Statement - PreSaveFile = new java.io.File(((pathPrefix + java.lang.Integer.toString(counter)) + .png)): null

2018-12-13 23:28:55 - [TEST_STEP][PASSED] - Statement - counter = counter + 1: null

2018-12-13 23:28:55 - [TEST_STEP][PASSED] - Statement - PreSaveFile = new java.io.File(((pathPrefix + java.lang.Integer.toString(counter)) + .png)): null

2018-12-13 23:28:55 - [TEST_STEP][PASSED] - Statement - counter = counter + 1: null

2018-12-13 23:28:55 - [TEST_STEP][PASSED] - Statement - PreSaveFile = new java.io.File(((pathPrefix + java.lang.Integer.toString(counter)) + .png)): null

2018-12-13 23:28:55 - [TEST_STEP][PASSED] - Statement - counter = counter + 1: null

2018-12-13 23:28:55 - [TEST_STEP][PASSED] - Statement - PreSaveFile = new java.io.File(((pathPrefix + java.lang.Integer.toString(counter)) + .png)): null

2018-12-13 23:28:55 - [TEST_STEP][PASSED] - Statement - counter = counter + 1: null

2018-12-13 23:28:55 - [TEST_STEP][PASSED] - Statement - PreSaveFile = new java.io.File(((pathPrefix + java.lang.Integer.toString(counter)) + .png)): null

2018-12-13 23:28:55 - [TEST_STEP][PASSED] - Statement - counter = counter + 1: null

2018-12-13 23:28:55 - [TEST_STEP][PASSED] - Statement - PreSaveFile = new java.io.File(((pathPrefix + java.lang.Integer.toString(counter)) + .png)): null

2018-12-13 23:28:55 - [TEST_STEP][PASSED] - Statement - counter = counter + 1: null

2018-12-13 23:28:55 - [TEST_STEP][PASSED] - Statement - PreSaveFile = new java.io.File(((pathPrefix + java.lang.Integer.toString(counter)) + .png)): null

2018-12-13 23:28:55 - [TEST_STEP][PASSED] - Statement - counter = counter + 1: null

2018-12-13 23:28:55 - [TEST_STEP][PASSED] - Statement - PreSaveFile = new java.io.File(((pathPrefix + java.lang.Integer.toString(counter)) + .png)): null

2018-12-13 23:28:55 - [TEST_STEP][PASSED] - Statement - counter = counter + 1: null

2018-12-13 23:28:55 - [TEST_STEP][PASSED] - Statement - PreSaveFile = new java.io.File(((pathPrefix + java.lang.Integer.toString(counter)) + .png)): null

2018-12-13 23:28:55 - [TEST_STEP][PASSED] - Statement - counter = counter + 1: null

2018-12-13 23:28:55 - [TEST_STEP][PASSED] - Statement - PreSaveFile = new java.io.File(((pathPrefix + java.lang.Integer.toString(counter)) + .png)): null

2018-12-13 23:28:55 - [TEST_STEP][PASSED] - Statement - counter = counter + 1: null

2018-12-13 23:28:55 - [TEST_STEP][PASSED] - Statement - PreSaveFile = new java.io.File(((pathPrefix + java.lang.Integer.toString(counter)) + .png)): null

2018-12-13 23:28:55 - [TEST_STEP][PASSED] - Statement - counter = counter + 1: null

2018-12-13 23:28:55 - [TEST_STEP][PASSED] - Statement - PreSaveFile = new java.io.File(((pathPrefix + java.lang.Integer.toString(counter)) + .png)): null

2018-12-13 23:28:55 - [TEST_STEP][PASSED] - Statement - counter = counter + 1: null

2018-12-13 23:28:55 - [TEST_STEP][PASSED] - Statement - PreSaveFile = new java.io.File(((pathPrefix + java.lang.Integer.toString(counter)) + .png)): null

2018-12-13 23:28:55 - [TEST_STEP][PASSED] - Statement - counter = counter + 1: null

2018-12-13 23:28:55 - [TEST_STEP][PASSED] - Statement - PreSaveFile = new java.io.File(((pathPrefix + java.lang.Integer.toString(counter)) + .png)): null

2018-12-13 23:28:55 - [TEST_STEP][PASSED] - Statement - counter = counter + 1: null

2018-12-13 23:28:55 - [TEST_STEP][PASSED] - Statement - PreSaveFile = new java.io.File(((pathPrefix + java.lang.Integer.toString(counter)) + .png)): null

2018-12-13 23:28:55 - [TEST_STEP][PASSED] - Statement - counter = counter + 1: null

2018-12-13 23:28:55 - [TEST_STEP][PASSED] - Statement - PreSaveFile = new java.io.File(((pathPrefix + java.lang.Integer.toString(counter)) + .png)): null

2018-12-13 23:28:55 - [TEST_STEP][PASSED] - Statement - counter = counter + 1: null

2018-12-13 23:28:55 - [TEST_STEP][PASSED] - Statement - PreSaveFile = new java.io.File(((pathPrefix + java.lang.Integer.toString(counter)) + .png)): null

2018-12-13 23:28:55 - [TEST_STEP][PASSED] - Statement - counter = counter + 1: null

2018-12-13 23:28:55 - [TEST_STEP][PASSED] - Statement - PreSaveFile = new java.io.File(((pathPrefix + java.lang.Integer.toString(counter)) + .png)): null

2018-12-13 23:28:55 - [TEST_STEP][PASSED] - Statement - counter = counter + 1: null

2018-12-13 23:28:55 - [TEST_STEP][PASSED] - Statement - PreSaveFile = new java.io.File(((pathPrefix + java.lang.Integer.toString(counter)) + .png)): null

2018-12-13 23:28:55 - [TEST_STEP][PASSED] - Statement - counter = counter + 1: null

2018-12-13 23:28:55 - [TEST_STEP][PASSED] - Statement - PreSaveFile = new java.io.File(((pathPrefix + java.lang.Integer.toString(counter)) + .png)): null

2018-12-13 23:28:55 - [TEST_STEP][PASSED] - Statement - counter = counter + 1: null

2018-12-13 23:28:55 - [TEST_STEP][PASSED] - Statement - PreSaveFile = new java.io.File(((pathPrefix + java.lang.Integer.toString(counter)) + .png)): null

2018-12-13 23:28:55 - [TEST_STEP][PASSED] - Statement - counter = counter + 1: null

2018-12-13 23:28:55 - [TEST_STEP][PASSED] - Statement - PreSaveFile = new java.io.File(((pathPrefix + java.lang.Integer.toString(counter)) + .png)): null

2018-12-13 23:28:55 - [TEST_STEP][PASSED] - Statement - counter = counter + 1: null

2018-12-13 23:28:55 - [TEST_STEP][PASSED] - Statement - PreSaveFile = new java.io.File(((pathPrefix + java.lang.Integer.toString(counter)) + .png)): null

2018-12-13 23:28:55 - [TEST_STEP][PASSED] - Statement - counter = counter + 1: null

2018-12-13 23:28:55 - [TEST_STEP][PASSED] - Statement - PreSaveFile = new java.io.File(((pathPrefix + java.lang.Integer.toString(counter)) + .png)): null

2018-12-13 23:28:55 - [TEST_STEP][PASSED] - Statement - counter = counter + 1: null

2018-12-13 23:28:55 - [TEST_STEP][PASSED] - Statement - PreSaveFile = new java.io.File(((pathPrefix + java.lang.Integer.toString(counter)) + .png)): null

2018-12-13 23:28:55 - [TEST_STEP][PASSED] - Statement - counter = counter + 1: null

2018-12-13 23:28:55 - [TEST_STEP][PASSED] - Statement - PreSaveFile = new java.io.File(((pathPrefix + java.lang.Integer.toString(counter)) + .png)): null

2018-12-13 23:28:55 - [TEST_STEP][PASSED] - Statement - counter = counter + 1: null

2018-12-13 23:28:55 - [TEST_STEP][PASSED] - Statement - PreSaveFile = new java.io.File(((pathPrefix + java.lang.Integer.toString(counter)) + .png)): null

2018-12-13 23:28:55 - [TEST_STEP][PASSED] - Statement - counter = counter + 1: null

2018-12-13 23:28:55 - [TEST_STEP][PASSED] - Statement - PreSaveFile = new java.io.File(((pathPrefix + java.lang.Integer.toString(counter)) + .png)): null

2018-12-13 23:28:55 - [TEST_STEP][PASSED] - Statement - counter = counter + 1: null

2018-12-13 23:28:55 - [TEST_STEP][PASSED] - Statement - PreSaveFile = new java.io.File(((pathPrefix + java.lang.Integer.toString(counter)) + .png)): null

2018-12-13 23:28:55 - [TEST_STEP][PASSED] - Statement - counter = counter + 1: null

2018-12-13 23:28:55 - [TEST_STEP][PASSED] - Statement - PreSaveFile = new java.io.File(((pathPrefix + java.lang.Integer.toString(counter)) + .png)): null

2018-12-13 23:28:55 - [TEST_STEP][PASSED] - Statement - counter = counter + 1: null

2018-12-13 23:28:55 - [TEST_STEP][PASSED] - Statement - PreSaveFile = new java.io.File(((pathPrefix + java.lang.Integer.toString(counter)) + .png)): null

2018-12-13 23:28:55 - [TEST_STEP][PASSED] - Statement - counter = counter + 1: null

2018-12-13 23:28:55 - [TEST_STEP][PASSED] - Statement - PreSaveFile = new java.io.File(((pathPrefix + java.lang.Integer.toString(counter)) + .png)): null

2018-12-13 23:28:55 - [TEST_STEP][PASSED] - Statement - counter = counter + 1: null

2018-12-13 23:28:55 - [TEST_STEP][PASSED] - Statement - PreSaveFile = new java.io.File(((pathPrefix + java.lang.Integer.toString(counter)) + .png)): null

2018-12-13 23:28:55 - [TEST_STEP][PASSED] - Statement - counter = counter + 1: null

2018-12-13 23:28:55 - [TEST_STEP][PASSED] - Statement - PreSaveFile = new java.io.File(((pathPrefix + java.lang.Integer.toString(counter)) + .png)): null

2018-12-13 23:28:55 - [TEST_STEP][PASSED] - Statement - counter = counter + 1: null

2018-12-13 23:28:55 - [TEST_STEP][PASSED] - Statement - PreSaveFile = new java.io.File(((pathPrefix + java.lang.Integer.toString(counter)) + .png)): null

2018-12-13 23:28:55 - [TEST_STEP][PASSED] - Statement - counter = counter + 1: null

2018-12-13 23:28:55 - [TEST_STEP][PASSED] - Statement - PreSaveFile = new java.io.File(((pathPrefix + java.lang.Integer.toString(counter)) + .png)): null

2018-12-13 23:28:55 - [TEST_STEP][PASSED] - Statement - counter = counter + 1: null

2018-12-13 23:28:55 - [TEST_STEP][PASSED] - Statement - PreSaveFile = new java.io.File(((pathPrefix + java.lang.Integer.toString(counter)) + .png)): null

2018-12-13 23:28:55 - [TEST_STEP][PASSED] - Statement - counter = counter + 1: null

2018-12-13 23:28:55 - [TEST_STEP][PASSED] - Statement - PreSaveFile = new java.io.File(((pathPrefix + java.lang.Integer.toString(counter)) + .png)): null

2018-12-13 23:28:55 - [TEST_STEP][PASSED] - Statement - counter = counter + 1: null

2018-12-13 23:28:55 - [TEST_STEP][PASSED] - Statement - PreSaveFile = new java.io.File(((pathPrefix + java.lang.Integer.toString(counter)) + .png)): null

2018-12-13 23:28:55 - [TEST_STEP][PASSED] - Statement - counter = counter + 1: null

2018-12-13 23:28:55 - [TEST_STEP][PASSED] - Statement - PreSaveFile = new java.io.File(((pathPrefix + java.lang.Integer.toString(counter)) + .png)): null

2018-12-13 23:28:55 - [TEST_STEP][PASSED] - Statement - counter = counter + 1: null

2018-12-13 23:28:55 - [TEST_STEP][PASSED] - Statement - PreSaveFile = new java.io.File(((pathPrefix + java.lang.Integer.toString(counter)) + .png)): null

2018-12-13 23:28:55 - [TEST_STEP][PASSED] - Statement - counter = counter + 1: null

2018-12-13 23:28:55 - [TEST_STEP][PASSED] - Statement - PreSaveFile = new java.io.File(((pathPrefix + java.lang.Integer.toString(counter)) + .png)): null

2018-12-13 23:28:55 - [TEST_STEP][PASSED] - Statement - counter = counter + 1: null

2018-12-13 23:28:55 - [TEST_STEP][PASSED] - Statement - PreSaveFile = new java.io.File(((pathPrefix + java.lang.Integer.toString(counter)) + .png)): null

2018-12-13 23:28:55 - [TEST_STEP][PASSED] - Statement - counter = counter + 1: null

2018-12-13 23:28:55 - [TEST_STEP][PASSED] - Statement - PreSaveFile = new java.io.File(((pathPrefix + java.lang.Integer.toString(counter)) + .png)): null

2018-12-13 23:28:55 - [TEST_STEP][PASSED] - Statement - counter = counter + 1: null

2018-12-13 23:28:55 - [TEST_STEP][PASSED] - Statement - PreSaveFile = new java.io.File(((pathPrefix + java.lang.Integer.toString(counter)) + .png)): null

2018-12-13 23:28:55 - [TEST_STEP][PASSED] - Statement - counter = counter + 1: null

2018-12-13 23:28:55 - [TEST_STEP][PASSED] - Statement - PreSaveFile = new java.io.File(((pathPrefix + java.lang.Integer.toString(counter)) + .png)): null

2018-12-13 23:28:55 - [TEST_STEP][PASSED] - Statement - counter = counter + 1: null

2018-12-13 23:28:55 - [TEST_STEP][PASSED] - Statement - PreSaveFile = new java.io.File(((pathPrefix + java.lang.Integer.toString(counter)) + .png)): null

2018-12-13 23:28:55 - [TEST_STEP][PASSED] - Statement - counter = counter + 1: null

2018-12-13 23:28:55 - [TEST_STEP][PASSED] - Statement - PreSaveFile = new java.io.File(((pathPrefix + java.lang.Integer.toString(counter)) + .png)): null

2018-12-13 23:28:55 - [TEST_STEP][PASSED] - Statement - counter = counter + 1: null

2018-12-13 23:28:55 - [TEST_STEP][PASSED] - Statement - PreSaveFile = new java.io.File(((pathPrefix + java.lang.Integer.toString(counter)) + .png)): null

2018-12-13 23:28:55 - [TEST_STEP][PASSED] - Statement - counter = counter + 1: null

2018-12-13 23:28:55 - [TEST_STEP][PASSED] - Statement - PreSaveFile = new java.io.File(((pathPrefix + java.lang.Integer.toString(counter)) + .png)): null

2018-12-13 23:28:55 - [TEST_STEP][PASSED] - Statement - counter = counter + 1: null

2018-12-13 23:28:55 - [TEST_STEP][PASSED] - Statement - PreSaveFile = new java.io.File(((pathPrefix + java.lang.Integer.toString(counter)) + .png)): null

2018-12-13 23:28:55 - [TEST_STEP][PASSED] - Statement - counter = counter + 1: null

2018-12-13 23:28:55 - [TEST_STEP][PASSED] - Statement - PreSaveFile = new java.io.File(((pathPrefix + java.lang.Integer.toString(counter)) + .png)): null

2018-12-13 23:28:55 - [TEST_STEP][PASSED] - Statement - counter = counter + 1: null

2018-12-13 23:28:55 - [TEST_STEP][PASSED] - Statement - PreSaveFile = new java.io.File(((pathPrefix + java.lang.Integer.toString(counter)) + .png)): null

2018-12-13 23:28:55 - [TEST_STEP][PASSED] - Statement - counter = counter + 1: null

2018-12-13 23:28:55 - [TEST_STEP][PASSED] - Statement - PreSaveFile = new java.io.File(((pathPrefix + java.lang.Integer.toString(counter)) + .png)): null

2018-12-13 23:28:55 - [TEST_STEP][PASSED] - Statement - counter = counter + 1: null

2018-12-13 23:28:55 - [TEST_STEP][PASSED] - Statement - PreSaveFile = new java.io.File(((pathPrefix + java.lang.Integer.toString(counter)) + .png)): null

2018-12-13 23:28:55 - [TEST_STEP][PASSED] - Statement - counter = counter + 1: null

2018-12-13 23:28:55 - [TEST_STEP][PASSED] - Statement - PreSaveFile = new java.io.File(((pathPrefix + java.lang.Integer.toString(counter)) + .png)): null

2018-12-13 23:28:55 - [TEST_STEP][PASSED] - Statement - counter = counter + 1: null

2018-12-13 23:28:55 - [TEST_STEP][PASSED] - Statement - PreSaveFile = new java.io.File(((pathPrefix + java.lang.Integer.toString(counter)) + .png)): null

2018-12-13 23:28:55 - [TEST_STEP][PASSED] - Statement - counter = counter + 1: null

2018-12-13 23:28:55 - [TEST_STEP][PASSED] - Statement - PreSaveFile = new java.io.File(((pathPrefix + java.lang.Integer.toString(counter)) + .png)): null

2018-12-13 23:28:55 - [TEST_STEP][PASSED] - Statement - counter = counter + 1: null

2018-12-13 23:28:55 - [TEST_STEP][PASSED] - Statement - PreSaveFile = new java.io.File(((pathPrefix + java.lang.Integer.toString(counter)) + .png)): null

2018-12-13 23:28:55 - [TEST_STEP][PASSED] - Statement - counter = counter + 1: null

2018-12-13 23:28:55 - [TEST_STEP][PASSED] - Statement - PreSaveFile = new java.io.File(((pathPrefix + java.lang.Integer.toString(counter)) + .png)): null

2018-12-13 23:28:55 - [TEST_STEP][PASSED] - Statement - counter = counter + 1: null

2018-12-13 23:28:55 - [TEST_STEP][PASSED] - Statement - PreSaveFile = new java.io.File(((pathPrefix + java.lang.Integer.toString(counter)) + .png)): null

2018-12-13 23:28:55 - [TEST_STEP][PASSED] - Statement - counter = counter + 1: null

2018-12-13 23:28:55 - [TEST_STEP][PASSED] - Statement - PreSaveFile = new java.io.File(((pathPrefix + java.lang.Integer.toString(counter)) + .png)): null

2018-12-13 23:28:55 - [TEST_STEP][PASSED] - Statement - counter = counter + 1: null

2018-12-13 23:28:55 - [TEST_STEP][PASSED] - Statement - PreSaveFile = new java.io.File(((pathPrefix + java.lang.Integer.toString(counter)) + .png)): null

2018-12-13 23:28:55 - [TEST_STEP][PASSED] - Statement - counter = counter + 1: null

2018-12-13 23:28:55 - [TEST_STEP][PASSED] - Statement - PreSaveFile = new java.io.File(((pathPrefix + java.lang.Integer.toString(counter)) + .png)): null

2018-12-13 23:28:55 - [TEST_STEP][PASSED] - Statement - counter = counter + 1: null

2018-12-13 23:28:55 - [TEST_STEP][PASSED] - Statement - PreSaveFile = new java.io.File(((pathPrefix + java.lang.Integer.toString(counter)) + .png)): null

2018-12-13 23:28:55 - [TEST_STEP][PASSED] - Statement - counter = counter + 1: null

2018-12-13 23:28:55 - [TEST_STEP][PASSED] - Statement - PreSaveFile = new java.io.File(((pathPrefix + java.lang.Integer.toString(counter)) + .png)): null

2018-12-13 23:28:55 - [TEST_STEP][PASSED] - Statement - counter = counter + 1: null

2018-12-13 23:28:55 - [TEST_STEP][PASSED] - Statement - PreSaveFile = new java.io.File(((pathPrefix + java.lang.Integer.toString(counter)) + .png)): null

2018-12-13 23:28:55 - [TEST_STEP][PASSED] - Statement - counter = counter + 1: null

2018-12-13 23:28:55 - [TEST_STEP][PASSED] - Statement - PreSaveFile = new java.io.File(((pathPrefix + java.lang.Integer.toString(counter)) + .png)): null

2018-12-13 23:28:55 - [TEST_STEP][PASSED] - Statement - counter = counter + 1: null

2018-12-13 23:28:55 - [TEST_STEP][PASSED] - Statement - PreSaveFile = new java.io.File(((pathPrefix + java.lang.Integer.toString(counter)) + .png)): null

2018-12-13 23:28:55 - [TEST_STEP][PASSED] - Statement - counter = counter + 1: null

2018-12-13 23:28:55 - [TEST_STEP][PASSED] - Statement - PreSaveFile = new java.io.File(((pathPrefix + java.lang.Integer.toString(counter)) + .png)): null

2018-12-13 23:28:55 - [TEST_STEP][PASSED] - Statement - counter = counter + 1: null

2018-12-13 23:28:55 - [TEST_STEP][PASSED] - Statement - PreSaveFile = new java.io.File(((pathPrefix + java.lang.Integer.toString(counter)) + .png)): null

2018-12-13 23:28:55 - [TEST_STEP][PASSED] - Statement - counter = counter + 1: null

2018-12-13 23:28:55 - [TEST_STEP][PASSED] - Statement - PreSaveFile = new java.io.File(((pathPrefix + java.lang.Integer.toString(counter)) + .png)): null

2018-12-13 23:28:55 - [TEST_STEP][PASSED] - Statement - counter = counter + 1: null

2018-12-13 23:28:55 - [TEST_STEP][PASSED] - Statement - PreSaveFile = new java.io.File(((pathPrefix + java.lang.Integer.toString(counter)) + .png)): null

2018-12-13 23:28:55 - [TEST_STEP][PASSED] - Statement - counter = counter + 1: null

2018-12-13 23:28:55 - [TEST_STEP][PASSED] - Statement - PreSaveFile = new java.io.File(((pathPrefix + java.lang.Integer.toString(counter)) + .png)): null

2018-12-13 23:28:55 - [TEST_STEP][PASSED] - Statement - counter = counter + 1: null

2018-12-13 23:28:55 - [TEST_STEP][PASSED] - Statement - PreSaveFile = new java.io.File(((pathPrefix + java.lang.Integer.toString(counter)) + .png)): null

2018-12-13 23:28:55 - [TEST_STEP][PASSED] - Statement - counter = counter + 1: null

2018-12-13 23:28:55 - [TEST_STEP][PASSED] - Statement - PreSaveFile = new java.io.File(((pathPrefix + java.lang.Integer.toString(counter)) + .png)): null

2018-12-13 23:28:55 - [TEST_STEP][PASSED] - Statement - counter = counter + 1: null

2018-12-13 23:28:55 - [TEST_STEP][PASSED] - Statement - PreSaveFile = new java.io.File(((pathPrefix + java.lang.Integer.toString(counter)) + .png)): null

2018-12-13 23:28:55 - [TEST_STEP][PASSED] - Statement - counter = counter + 1: null

2018-12-13 23:28:55 - [TEST_STEP][PASSED] - Statement - PreSaveFile = new java.io.File(((pathPrefix + java.lang.Integer.toString(counter)) + .png)): null

2018-12-13 23:28:55 - [TEST_STEP][PASSED] - Statement - counter = counter + 1: null

2018-12-13 23:28:55 - [TEST_STEP][PASSED] - Statement - PreSaveFile = new java.io.File(((pathPrefix + java.lang.Integer.toString(counter)) + .png)): null

2018-12-13 23:28:55 - [TEST_STEP][PASSED] - Statement - counter = counter + 1: null

2018-12-13 23:28:55 - [TEST_STEP][PASSED] - Statement - PreSaveFile = new java.io.File(((pathPrefix + java.lang.Integer.toString(counter)) + .png)): null

2018-12-13 23:28:55 - [TEST_STEP][PASSED] - Statement - counter = counter + 1: null

2018-12-13 23:28:55 - [TEST_STEP][PASSED] - Statement - PreSaveFile = new java.io.File(((pathPrefix + java.lang.Integer.toString(counter)) + .png)): null

2018-12-13 23:28:55 - [TEST_STEP][PASSED] - Statement - counter = counter + 1: null

2018-12-13 23:28:55 - [TEST_STEP][PASSED] - Statement - PreSaveFile = new java.io.File(((pathPrefix + java.lang.Integer.toString(counter)) + .png)): null

2018-12-13 23:28:55 - [TEST_STEP][PASSED] - Statement - counter = counter + 1: null

2018-12-13 23:28:55 - [TEST_STEP][PASSED] - Statement - PreSaveFile = new java.io.File(((pathPrefix + java.lang.Integer.toString(counter)) + .png)): null

2018-12-13 23:28:55 - [TEST_STEP][PASSED] - Statement - counter = counter + 1: null

2018-12-13 23:28:55 - [TEST_STEP][PASSED] - Statement - PreSaveFile = new java.io.File(((pathPrefix + java.lang.Integer.toString(counter)) + .png)): null

2018-12-13 23:28:55 - [TEST_STEP][PASSED] - Statement - counter = counter + 1: null

2018-12-13 23:28:55 - [TEST_STEP][PASSED] - Statement - PreSaveFile = new java.io.File(((pathPrefix + java.lang.Integer.toString(counter)) + .png)): null

2018-12-13 23:28:55 - [TEST_STEP][PASSED] - Statement - counter = counter + 1: null

2018-12-13 23:28:55 - [TEST_STEP][PASSED] - Statement - PreSaveFile = new java.io.File(((pathPrefix + java.lang.Integer.toString(counter)) + .png)): null

2018-12-13 23:28:55 - [TEST_STEP][PASSED] - Statement - counter = counter + 1: null

2018-12-13 23:28:55 - [TEST_STEP][PASSED] - Statement - PreSaveFile = new java.io.File(((pathPrefix + java.lang.Integer.toString(counter)) + .png)): null

2018-12-13 23:28:55 - [TEST_STEP][PASSED] - Statement - counter = counter + 1: null

2018-12-13 23:28:55 - [TEST_STEP][PASSED] - Statement - PreSaveFile = new java.io.File(((pathPrefix + java.lang.Integer.toString(counter)) + .png)): null

2018-12-13 23:28:55 - [TEST_STEP][PASSED] - Statement - counter = counter + 1: null

2018-12-13 23:28:55 - [TEST_STEP][PASSED] - Statement - PreSaveFile = new java.io.File(((pathPrefix + java.lang.Integer.toString(counter)) + .png)): null

2018-12-13 23:28:55 - [TEST_STEP][PASSED] - Statement - counter = counter + 1: null

2018-12-13 23:28:55 - [TEST_STEP][PASSED] - Statement - PreSaveFile = new java.io.File(((pathPrefix + java.lang.Integer.toString(counter)) + .png)): null

2018-12-13 23:28:55 - [TEST_STEP][PASSED] - Statement - counter = counter + 1: null

2018-12-13 23:28:55 - [TEST_STEP][PASSED] - Statement - PreSaveFile = new java.io.File(((pathPrefix + java.lang.Integer.toString(counter)) + .png)): null

2018-12-13 23:28:55 - [TEST_STEP][PASSED] - Statement - counter = counter + 1: null

2018-12-13 23:28:55 - [TEST_STEP][PASSED] - Statement - PreSaveFile = new java.io.File(((pathPrefix + java.lang.Integer.toString(counter)) + .png)): null

2018-12-13 23:28:55 - [TEST_STEP][PASSED] - Statement - counter = counter + 1: null

2018-12-13 23:28:55 - [TEST_STEP][PASSED] - Statement - PreSaveFile = new java.io.File(((pathPrefix + java.lang.Integer.toString(counter)) + .png)): null

2018-12-13 23:28:55 - [TEST_STEP][PASSED] - Statement - counter = counter + 1: null

2018-12-13 23:28:55 - [TEST_STEP][PASSED] - Statement - PreSaveFile = new java.io.File(((pathPrefix + java.lang.Integer.toString(counter)) + .png)): null

2018-12-13 23:28:55 - [TEST_STEP][PASSED] - Statement - counter = counter + 1: null

2018-12-13 23:28:55 - [TEST_STEP][PASSED] - Statement - PreSaveFile = new java.io.File(((pathPrefix + java.lang.Integer.toString(counter)) + .png)): null

2018-12-13 23:28:55 - [TEST_STEP][PASSED] - Statement - counter = counter + 1: null

2018-12-13 23:28:55 - [TEST_STEP][PASSED] - Statement - PreSaveFile = new java.io.File(((pathPrefix + java.lang.Integer.toString(counter)) + .png)): null

2018-12-13 23:28:55 - [TEST_STEP][PASSED] - Statement - counter = counter + 1: null

2018-12-13 23:28:55 - [TEST_STEP][PASSED] - Statement - PreSaveFile = new java.io.File(((pathPrefix + java.lang.Integer.toString(counter)) + .png)): null

2018-12-13 23:28:55 - [TEST_STEP][PASSED] - Statement - counter = counter + 1: null

2018-12-13 23:28:55 - [TEST_STEP][PASSED] - Statement - PreSaveFile = new java.io.File(((pathPrefix + java.lang.Integer.toString(counter)) + .png)): null

2018-12-13 23:28:55 - [TEST_STEP][PASSED] - Statement - counter = counter + 1: null

2018-12-13 23:28:55 - [TEST_STEP][PASSED] - Statement - PreSaveFile = new java.io.File(((pathPrefix + java.lang.Integer.toString(counter)) + .png)): null

2018-12-13 23:28:55 - [TEST_STEP][PASSED] - Statement - counter = counter + 1: null

2018-12-13 23:28:55 - [TEST_STEP][PASSED] - Statement - PreSaveFile = new java.io.File(((pathPrefix + java.lang.Integer.toString(counter)) + .png)): null

2018-12-13 23:28:55 - [TEST_STEP][PASSED] - Statement - counter = counter + 1: null

2018-12-13 23:28:55 - [TEST_STEP][PASSED] - Statement - PreSaveFile = new java.io.File(((pathPrefix + java.lang.Integer.toString(counter)) + .png)): null

2018-12-13 23:28:55 - [TEST_STEP][PASSED] - Statement - counter = counter + 1: null

2018-12-13 23:28:55 - [TEST_STEP][PASSED] - Statement - PreSaveFile = new java.io.File(((pathPrefix + java.lang.Integer.toString(counter)) + .png)): null

2018-12-13 23:28:55 - [TEST_STEP][PASSED] - Statement - counter = counter + 1: null

2018-12-13 23:28:55 - [TEST_STEP][PASSED] - Statement - PreSaveFile = new java.io.File(((pathPrefix + java.lang.Integer.toString(counter)) + .png)): null

2018-12-13 23:28:55 - [TEST_STEP][PASSED] - Statement - counter = counter + 1: null

2018-12-13 23:28:55 - [TEST_STEP][PASSED] - Statement - PreSaveFile = new java.io.File(((pathPrefix + java.lang.Integer.toString(counter)) + .png)): null

2018-12-13 23:28:55 - [TEST_STEP][PASSED] - Statement - counter = counter + 1: null

2018-12-13 23:28:55 - [TEST_STEP][PASSED] - Statement - PreSaveFile = new java.io.File(((pathPrefix + java.lang.Integer.toString(counter)) + .png)): null

2018-12-13 23:28:55 - [TEST_STEP][PASSED] - Statement - counter = counter + 1: null

2018-12-13 23:28:55 - [TEST_STEP][PASSED] - Statement - PreSaveFile = new java.io.File(((pathPrefix + java.lang.Integer.toString(counter)) + .png)): null

2018-12-13 23:28:55 - [TEST_STEP][PASSED] - Statement - counter = counter + 1: null

2018-12-13 23:28:55 - [TEST_STEP][PASSED] - Statement - PreSaveFile = new java.io.File(((pathPrefix + java.lang.Integer.toString(counter)) + .png)): null

2018-12-13 23:28:55 - [TEST_STEP][PASSED] - Statement - counter = counter + 1: null

2018-12-13 23:28:55 - [TEST_STEP][PASSED] - Statement - PreSaveFile = new java.io.File(((pathPrefix + java.lang.Integer.toString(counter)) + .png)): null

2018-12-13 23:28:55 - [TEST_STEP][PASSED] - Statement - counter = counter + 1: null

2018-12-13 23:28:55 - [TEST_STEP][PASSED] - Statement - PreSaveFile = new java.io.File(((pathPrefix + java.lang.Integer.toString(counter)) + .png)): null

2018-12-13 23:28:55 - [TEST_STEP][PASSED] - Statement - counter = counter + 1: null

2018-12-13 23:28:55 - [TEST_STEP][PASSED] - Statement - PreSaveFile = new java.io.File(((pathPrefix + java.lang.Integer.toString(counter)) + .png)): null

2018-12-13 23:28:55 - [TEST_STEP][PASSED] - Statement - counter = counter + 1: null

2018-12-13 23:28:55 - [TEST_STEP][PASSED] - Statement - PreSaveFile = new java.io.File(((pathPrefix + java.lang.Integer.toString(counter)) + .png)): null

2018-12-13 23:28:55 - [TEST_STEP][PASSED] - Statement - counter = counter + 1: null

2018-12-13 23:28:55 - [TEST_STEP][PASSED] - Statement - PreSaveFile = new java.io.File(((pathPrefix + java.lang.Integer.toString(counter)) + .png)): null

2018-12-13 23:28:55 - [TEST_STEP][PASSED] - Statement - counter = counter + 1: null

2018-12-13 23:28:55 - [TEST_STEP][PASSED] - Statement - PreSaveFile = new java.io.File(((pathPrefix + java.lang.Integer.toString(counter)) + .png)): null

2018-12-13 23:28:55 - [TEST_STEP][PASSED] - Statement - counter = counter + 1: null

2018-12-13 23:28:55 - [TEST_STEP][PASSED] - Statement - PreSaveFile = new java.io.File(((pathPrefix + java.lang.Integer.toString(counter)) + .png)): null

2018-12-13 23:28:55 - [TEST_STEP][PASSED] - Statement - counter = counter + 1: null

2018-12-13 23:28:55 - [TEST_STEP][PASSED] - Statement - PreSaveFile = new java.io.File(((pathPrefix + java.lang.Integer.toString(counter)) + .png)): null

2018-12-13 23:28:55 - [TEST_STEP][PASSED] - Statement - counter = counter + 1: null

2018-12-13 23:28:55 - [TEST_STEP][PASSED] - Statement - PreSaveFile = new java.io.File(((pathPrefix + java.lang.Integer.toString(counter)) + .png)): null

2018-12-13 23:28:55 - [TEST_STEP][PASSED] - Statement - counter = counter + 1: null

2018-12-13 23:28:55 - [TEST_STEP][PASSED] - Statement - PreSaveFile = new java.io.File(((pathPrefix + java.lang.Integer.toString(counter)) + .png)): null

2018-12-13 23:28:55 - [TEST_STEP][PASSED] - Statement - counter = counter + 1: null

2018-12-13 23:28:55 - [TEST_STEP][PASSED] - Statement - PreSaveFile = new java.io.File(((pathPrefix + java.lang.Integer.toString(counter)) + .png)): null

2018-12-13 23:28:55 - [TEST_STEP][PASSED] - Statement - counter = counter + 1: null

2018-12-13 23:28:55 - [TEST_STEP][PASSED] - Statement - PreSaveFile = new java.io.File(((pathPrefix + java.lang.Integer.toString(counter)) + .png)): null

2018-12-13 23:28:55 - [TEST_STEP][PASSED] - Statement - counter = counter + 1: null

2018-12-13 23:28:55 - [TEST_STEP][PASSED] - Statement - PreSaveFile = new java.io.File(((pathPrefix + java.lang.Integer.toString(counter)) + .png)): null

2018-12-13 23:28:55 - [TEST_STEP][PASSED] - Statement - counter = counter + 1: null

2018-12-13 23:28:55 - [TEST_STEP][PASSED] - Statement - PreSaveFile = new java.io.File(((pathPrefix + java.lang.Integer.toString(counter)) + .png)): null

2018-12-13 23:28:55 - [TEST_STEP][PASSED] - Statement - counter = counter + 1: null

2018-12-13 23:28:55 - [TEST_STEP][PASSED] - Statement - PreSaveFile = new java.io.File(((pathPrefix + java.lang.Integer.toString(counter)) + .png)): null

2018-12-13 23:28:55 - [TEST_STEP][PASSED] - Statement - counter = counter + 1: null

2018-12-13 23:28:55 - [TEST_STEP][PASSED] - Statement - PreSaveFile = new java.io.File(((pathPrefix + java.lang.Integer.toString(counter)) + .png)): null

2018-12-13 23:28:55 - [TEST_STEP][PASSED] - Statement - counter = counter + 1: null

2018-12-13 23:28:55 - [TEST_STEP][PASSED] - Statement - PreSaveFile = new java.io.File(((pathPrefix + java.lang.Integer.toString(counter)) + .png)): null

2018-12-13 23:28:55 - [TEST_STEP][PASSED] - Statement - counter = counter + 1: null

2018-12-13 23:28:55 - [TEST_STEP][PASSED] - Statement - PreSaveFile = new java.io.File(((pathPrefix + java.lang.Integer.toString(counter)) + .png)): null

2018-12-13 23:28:55 - [TEST_STEP][PASSED] - Statement - counter = counter + 1: null

2018-12-13 23:28:55 - [TEST_STEP][PASSED] - Statement - PreSaveFile = new java.io.File(((pathPrefix + java.lang.Integer.toString(counter)) + .png)): null

2018-12-13 23:28:55 - [TEST_STEP][PASSED] - Statement - counter = counter + 1: null

2018-12-13 23:28:55 - [TEST_STEP][PASSED] - Statement - PreSaveFile = new java.io.File(((pathPrefix + java.lang.Integer.toString(counter)) + .png)): null

2018-12-13 23:28:55 - [TEST_STEP][PASSED] - Statement - counter = counter + 1: null

2018-12-13 23:28:55 - [TEST_STEP][PASSED] - Statement - PreSaveFile = new java.io.File(((pathPrefix + java.lang.Integer.toString(counter)) + .png)): null

2018-12-13 23:28:55 - [TEST_STEP][PASSED] - Statement - counter = counter + 1: null

2018-12-13 23:28:55 - [TEST_STEP][PASSED] - Statement - PreSaveFile = new java.io.File(((pathPrefix + java.lang.Integer.toString(counter)) + .png)): null

2018-12-13 23:28:55 - [TEST_STEP][PASSED] - Statement - counter = counter + 1: null

2018-12-13 23:28:55 - [TEST_STEP][PASSED] - Statement - PreSaveFile = new java.io.File(((pathPrefix + java.lang.Integer.toString(counter)) + .png)): null

2018-12-13 23:28:55 - [TEST_STEP][PASSED] - Statement - counter = counter + 1: null

2018-12-13 23:28:55 - [TEST_STEP][PASSED] - Statement - PreSaveFile = new java.io.File(((pathPrefix + java.lang.Integer.toString(counter)) + .png)): null

2018-12-13 23:28:55 - [TEST_STEP][PASSED] - Statement - counter = counter + 1: null

2018-12-13 23:28:55 - [TEST_STEP][PASSED] - Statement - PreSaveFile = new java.io.File(((pathPrefix + java.lang.Integer.toString(counter)) + .png)): null

2018-12-13 23:28:55 - [TEST_STEP][PASSED] - Statement - counter = counter + 1: null

2018-12-13 23:28:55 - [TEST_STEP][PASSED] - Statement - PreSaveFile = new java.io.File(((pathPrefix + java.lang.Integer.toString(counter)) + .png)): null

2018-12-13 23:28:55 - [TEST_STEP][PASSED] - Statement - counter = counter + 1: null

2018-12-13 23:28:55 - [TEST_STEP][PASSED] - Statement - PreSaveFile = new java.io.File(((pathPrefix + java.lang.Integer.toString(counter)) + .png)): null

2018-12-13 23:28:55 - [TEST_STEP][PASSED] - Statement - counter = counter + 1: null

2018-12-13 23:28:55 - [TEST_STEP][PASSED] - Statement - PreSaveFile = new java.io.File(((pathPrefix + java.lang.Integer.toString(counter)) + .png)): null

2018-12-13 23:28:55 - [TEST_STEP][PASSED] - Statement - counter = counter + 1: null

2018-12-13 23:28:55 - [TEST_STEP][PASSED] - Statement - PreSaveFile = new java.io.File(((pathPrefix + java.lang.Integer.toString(counter)) + .png)): null

2018-12-13 23:28:55 - [TEST_STEP][PASSED] - Statement - counter = counter + 1: null

2018-12-13 23:28:55 - [TEST_STEP][PASSED] - Statement - PreSaveFile = new java.io.File(((pathPrefix + java.lang.Integer.toString(counter)) + .png)): null

2018-12-13 23:28:55 - [TEST_STEP][PASSED] - Statement - counter = counter + 1: null

2018-12-13 23:28:55 - [TEST_STEP][PASSED] - Statement - PreSaveFile = new java.io.File(((pathPrefix + java.lang.Integer.toString(counter)) + .png)): null

2018-12-13 23:28:55 - [TEST_STEP][PASSED] - Statement - counter = counter + 1: null

2018-12-13 23:28:55 - [TEST_STEP][PASSED] - Statement - PreSaveFile = new java.io.File(((pathPrefix + java.lang.Integer.toString(counter)) + .png)): null

2018-12-13 23:28:55 - [TEST_STEP][PASSED] - Statement - counter = counter + 1: null

2018-12-13 23:28:55 - [TEST_STEP][PASSED] - Statement - PreSaveFile = new java.io.File(((pathPrefix + java.lang.Integer.toString(counter)) + .png)): null

2018-12-13 23:28:55 - [TEST_STEP][PASSED] - Statement - counter = counter + 1: null

2018-12-13 23:28:55 - [TEST_STEP][PASSED] - Statement - PreSaveFile = new java.io.File(((pathPrefix + java.lang.Integer.toString(counter)) + .png)): null

2018-12-13 23:28:55 - [TEST_STEP][PASSED] - Statement - counter = counter + 1: null

2018-12-13 23:28:55 - [TEST_STEP][PASSED] - Statement - PreSaveFile = new java.io.File(((pathPrefix + java.lang.Integer.toString(counter)) + .png)): null

2018-12-13 23:28:55 - [TEST_STEP][PASSED] - Statement - counter = counter + 1: null

2018-12-13 23:28:55 - [TEST_STEP][PASSED] - Statement - PreSaveFile = new java.io.File(((pathPrefix + java.lang.Integer.toString(counter)) + .png)): null

2018-12-13 23:28:55 - [TEST_STEP][PASSED] - Statement - counter = counter + 1: null

2018-12-13 23:28:55 - [TEST_STEP][PASSED] - Statement - PreSaveFile = new java.io.File(((pathPrefix + java.lang.Integer.toString(counter)) + .png)): null

2018-12-13 23:28:55 - [TEST_STEP][PASSED] - Statement - counter = counter + 1: null

2018-12-13 23:28:55 - [TEST_STEP][PASSED] - Statement - PreSaveFile = new java.io.File(((pathPrefix + java.lang.Integer.toString(counter)) + .png)): null

2018-12-13 23:28:55 - [TEST_STEP][PASSED] - Statement - counter = counter + 1: null

2018-12-13 23:28:55 - [TEST_STEP][PASSED] - Statement - PreSaveFile = new java.io.File(((pathPrefix + java.lang.Integer.toString(counter)) + .png)): null

2018-12-13 23:28:55 - [TEST_STEP][PASSED] - Statement - counter = counter + 1: null

2018-12-13 23:28:55 - [TEST_STEP][PASSED] - Statement - PreSaveFile = new java.io.File(((pathPrefix + java.lang.Integer.toString(counter)) + .png)): null

2018-12-13 23:28:55 - [TEST_STEP][PASSED] - Statement - counter = counter + 1: null

2018-12-13 23:28:55 - [TEST_STEP][PASSED] - Statement - PreSaveFile = new java.io.File(((pathPrefix + java.lang.Integer.toString(counter)) + .png)): null

2018-12-13 23:28:55 - [TEST_STEP][PASSED] - Statement - counter = counter + 1: null

2018-12-13 23:28:55 - [TEST_STEP][PASSED] - Statement - PreSaveFile = new java.io.File(((pathPrefix + java.lang.Integer.toString(counter)) + .png)): null

2018-12-13 23:28:55 - [TEST_STEP][PASSED] - Statement - counter = counter + 1: null

2018-12-13 23:28:55 - [TEST_STEP][PASSED] - Statement - PreSaveFile = new java.io.File(((pathPrefix + java.lang.Integer.toString(counter)) + .png)): null

2018-12-13 23:28:55 - [TEST_STEP][PASSED] - Statement - counter = counter + 1: null

2018-12-13 23:28:55 - [TEST_STEP][PASSED] - Statement - PreSaveFile = new java.io.File(((pathPrefix + java.lang.Integer.toString(counter)) + .png)): null

2018-12-13 23:28:55 - [TEST_STEP][PASSED] - Statement - counter = counter + 1: null

2018-12-13 23:28:55 - [TEST_STEP][PASSED] - Statement - PreSaveFile = new java.io.File(((pathPrefix + java.lang.Integer.toString(counter)) + .png)): null

2018-12-13 23:28:55 - [TEST_STEP][PASSED] - Statement - counter = counter + 1: null

2018-12-13 23:28:55 - [TEST_STEP][PASSED] - Statement - PreSaveFile = new java.io.File(((pathPrefix + java.lang.Integer.toString(counter)) + .png)): null

2018-12-13 23:28:55 - [TEST_STEP][PASSED] - Statement - counter = counter + 1: null

2018-12-13 23:28:55 - [TEST_STEP][PASSED] - Statement - PreSaveFile = new java.io.File(((pathPrefix + java.lang.Integer.toString(counter)) + .png)): null

2018-12-13 23:28:55 - [TEST_STEP][PASSED] - Statement - counter = counter + 1: null

2018-12-13 23:28:55 - [TEST_STEP][PASSED] - Statement - PreSaveFile = new java.io.File(((pathPrefix + java.lang.Integer.toString(counter)) + .png)): null

2018-12-13 23:28:55 - [TEST_STEP][PASSED] - Statement - counter = counter + 1: null

2018-12-13 23:28:55 - [TEST_STEP][PASSED] - Statement - PreSaveFile = new java.io.File(((pathPrefix + java.lang.Integer.toString(counter)) + .png)): null

2018-12-13 23:28:55 - [TEST_STEP][PASSED] - Statement - counter = counter + 1: null

2018-12-13 23:28:55 - [TEST_STEP][PASSED] - Statement - PreSaveFile = new java.io.File(((pathPrefix + java.lang.Integer.toString(counter)) + .png)): null

2018-12-13 23:28:55 - [TEST_STEP][PASSED] - Statement - counter = counter + 1: null

2018-12-13 23:28:55 - [TEST_STEP][PASSED] - Statement - PreSaveFile = new java.io.File(((pathPrefix + java.lang.Integer.toString(counter)) + .png)): null

2018-12-13 23:28:55 - [TEST_STEP][PASSED] - Statement - counter = counter + 1: null

2018-12-13 23:28:55 - [TEST_STEP][PASSED] - Statement - PreSaveFile = new java.io.File(((pathPrefix + java.lang.Integer.toString(counter)) + .png)): null

2018-12-13 23:28:55 - [TEST_STEP][PASSED] - Statement - counter = counter + 1: null

2018-12-13 23:28:55 - [TEST_STEP][PASSED] - Statement - PreSaveFile = new java.io.File(((pathPrefix + java.lang.Integer.toString(counter)) + .png)): null

2018-12-13 23:28:55 - [TEST_STEP][PASSED] - Statement - counter = counter + 1: null

2018-12-13 23:28:55 - [TEST_STEP][PASSED] - Statement - PreSaveFile = new java.io.File(((pathPrefix + java.lang.Integer.toString(counter)) + .png)): null

2018-12-13 23:28:55 - [TEST_STEP][PASSED] - Statement - counter = counter + 1: null

2018-12-13 23:28:55 - [TEST_STEP][PASSED] - Statement - PreSaveFile = new java.io.File(((pathPrefix + java.lang.Integer.toString(counter)) + .png)): null

2018-12-13 23:28:55 - [TEST_STEP][PASSED] - Statement - counter = counter + 1: null

2018-12-13 23:28:55 - [TEST_STEP][PASSED] - Statement - PreSaveFile = new java.io.File(((pathPrefix + java.lang.Integer.toString(counter)) + .png)): null

2018-12-13 23:28:55 - [TEST_STEP][PASSED] - Statement - counter = counter + 1: null

2018-12-13 23:28:55 - [TEST_STEP][PASSED] - Statement - PreSaveFile = new java.io.File(((pathPrefix + java.lang.Integer.toString(counter)) + .png)): null

2018-12-13 23:28:55 - [TEST_STEP][PASSED] - Statement - counter = counter + 1: null

2018-12-13 23:28:55 - [TEST_STEP][PASSED] - Statement - PreSaveFile = new java.io.File(((pathPrefix + java.lang.Integer.toString(counter)) + .png)): null

2018-12-13 23:28:55 - [TEST_STEP][PASSED] - Statement - counter = counter + 1: null

2018-12-13 23:28:55 - [TEST_STEP][PASSED] - Statement - PreSaveFile = new java.io.File(((pathPrefix + java.lang.Integer.toString(counter)) + .png)): null

2018-12-13 23:28:55 - [TEST_STEP][PASSED] - Statement - counter = counter + 1: null

2018-12-13 23:28:55 - [TEST_STEP][PASSED] - Statement - PreSaveFile = new java.io.File(((pathPrefix + java.lang.Integer.toString(counter)) + .png)): null

2018-12-13 23:28:55 - [TEST_STEP][PASSED] - Statement - counter = counter + 1: null

2018-12-13 23:28:55 - [TEST_STEP][PASSED] - Statement - PreSaveFile = new java.io.File(((pathPrefix + java.lang.Integer.toString(counter)) + .png)): null

2018-12-13 23:28:55 - [TEST_STEP][PASSED] - Statement - counter = counter + 1: null

2018-12-13 23:28:55 - [TEST_STEP][PASSED] - Statement - PreSaveFile = new java.io.File(((pathPrefix + java.lang.Integer.toString(counter)) + .png)): null

2018-12-13 23:28:55 - [TEST_STEP][PASSED] - Statement - counter = counter + 1: null

2018-12-13 23:28:55 - [TEST_STEP][PASSED] - Statement - PreSaveFile = new java.io.File(((pathPrefix + java.lang.Integer.toString(counter)) + .png)): null

2018-12-13 23:28:55 - [TEST_STEP][PASSED] - Statement - counter = counter + 1: null

2018-12-13 23:28:55 - [TEST_STEP][PASSED] - Statement - PreSaveFile = new java.io.File(((pathPrefix + java.lang.Integer.toString(counter)) + .png)): null

2018-12-13 23:28:55 - [TEST_STEP][PASSED] - Statement - counter = counter + 1: null

2018-12-13 23:28:55 - [TEST_STEP][PASSED] - Statement - PreSaveFile = new java.io.File(((pathPrefix + java.lang.Integer.toString(counter)) + .png)): null

2018-12-13 23:28:55 - [TEST_STEP][PASSED] - Statement - counter = counter + 1: null

2018-12-13 23:28:55 - [TEST_STEP][PASSED] - Statement - PreSaveFile = new java.io.File(((pathPrefix + java.lang.Integer.toString(counter)) + .png)): null

2018-12-13 23:28:55 - [TEST_STEP][PASSED] - Statement - counter = counter + 1: null

2018-12-13 23:28:55 - [TEST_STEP][PASSED] - Statement - PreSaveFile = new java.io.File(((pathPrefix + java.lang.Integer.toString(counter)) + .png)): null

2018-12-13 23:28:55 - [TEST_STEP][PASSED] - Statement - counter = counter + 1: null

2018-12-13 23:28:55 - [TEST_STEP][PASSED] - Statement - PreSaveFile = new java.io.File(((pathPrefix + java.lang.Integer.toString(counter)) + .png)): null

2018-12-13 23:28:55 - [TEST_STEP][PASSED] - Statement - counter = counter + 1: null

2018-12-13 23:28:55 - [TEST_STEP][PASSED] - Statement - PreSaveFile = new java.io.File(((pathPrefix + java.lang.Integer.toString(counter)) + .png)): null

2018-12-13 23:28:55 - [TEST_STEP][PASSED] - Statement - counter = counter + 1: null

2018-12-13 23:28:55 - [TEST_STEP][PASSED] - Statement - PreSaveFile = new java.io.File(((pathPrefix + java.lang.Integer.toString(counter)) + .png)): null

2018-12-13 23:28:55 - [TEST_STEP][PASSED] - Statement - counter = counter + 1: null

2018-12-13 23:28:55 - [TEST_STEP][PASSED] - Statement - PreSaveFile = new java.io.File(((pathPrefix + java.lang.Integer.toString(counter)) + .png)): null

2018-12-13 23:28:55 - [TEST_STEP][PASSED] - Statement - counter = counter + 1: null

2018-12-13 23:28:55 - [TEST_STEP][PASSED] - Statement - PreSaveFile = new java.io.File(((pathPrefix + java.lang.Integer.toString(counter)) + .png)): null

2018-12-13 23:28:55 - [TEST_STEP][PASSED] - Statement - counter = counter + 1: null

2018-12-13 23:28:55 - [TEST_STEP][PASSED] - Statement - PreSaveFile = new java.io.File(((pathPrefix + java.lang.Integer.toString(counter)) + .png)): null

2018-12-13 23:28:55 - [TEST_STEP][PASSED] - Statement - counter = counter + 1: null

2018-12-13 23:28:55 - [TEST_STEP][PASSED] - Statement - PreSaveFile = new java.io.File(((pathPrefix + java.lang.Integer.toString(counter)) + .png)): null

2018-12-13 23:28:55 - [TEST_STEP][PASSED] - Statement - counter = counter + 1: null

2018-12-13 23:28:55 - [TEST_STEP][PASSED] - Statement - PreSaveFile = new java.io.File(((pathPrefix + java.lang.Integer.toString(counter)) + .png)): null

2018-12-13 23:28:55 - [TEST_STEP][PASSED] - Statement - counter = counter + 1: null

2018-12-13 23:28:55 - [TEST_STEP][PASSED] - Statement - PreSaveFile = new java.io.File(((pathPrefix + java.lang.Integer.toString(counter)) + .png)): null

2018-12-13 23:28:55 - [TEST_STEP][PASSED] - Statement - counter = counter + 1: null

2018-12-13 23:28:55 - [TEST_STEP][PASSED] - Statement - PreSaveFile = new java.io.File(((pathPrefix + java.lang.Integer.toString(counter)) + .png)): null

2018-12-13 23:28:55 - [TEST_STEP][PASSED] - Statement - counter = counter + 1: null

2018-12-13 23:28:55 - [TEST_STEP][PASSED] - Statement - PreSaveFile = new java.io.File(((pathPrefix + java.lang.Integer.toString(counter)) + .png)): null

2018-12-13 23:28:55 - [TEST_STEP][PASSED] - Statement - counter = counter + 1: null

2018-12-13 23:28:55 - [TEST_STEP][PASSED] - Statement - PreSaveFile = new java.io.File(((pathPrefix + java.lang.Integer.toString(counter)) + .png)): null

2018-12-13 23:28:55 - [TEST_STEP][PASSED] - Statement - counter = counter + 1: null

2018-12-13 23:28:55 - [TEST_STEP][PASSED] - Statement - PreSaveFile = new java.io.File(((pathPrefix + java.lang.Integer.toString(counter)) + .png)): null

2018-12-13 23:28:55 - [TEST_STEP][PASSED] - Statement - counter = counter + 1: null

2018-12-13 23:28:55 - [TEST_STEP][PASSED] - Statement - PreSaveFile = new java.io.File(((pathPrefix + java.lang.Integer.toString(counter)) + .png)): null

2018-12-13 23:28:55 - [TEST_STEP][PASSED] - Statement - counter = counter + 1: null

2018-12-13 23:28:55 - [TEST_STEP][PASSED] - Statement - PreSaveFile = new java.io.File(((pathPrefix + java.lang.Integer.toString(counter)) + .png)): null

2018-12-13 23:28:55 - [TEST_STEP][PASSED] - Statement - counter = counter + 1: null

2018-12-13 23:28:55 - [TEST_STEP][PASSED] - Statement - PreSaveFile = new java.io.File(((pathPrefix + java.lang.Integer.toString(counter)) + .png)): null

2018-12-13 23:28:55 - [TEST_STEP][PASSED] - Statement - counter = counter + 1: null

2018-12-13 23:28:55 - [TEST_STEP][PASSED] - Statement - PreSaveFile = new java.io.File(((pathPrefix + java.lang.Integer.toString(counter)) + .png)): null

2018-12-13 23:28:55 - [TEST_STEP][PASSED] - Statement - counter = counter + 1: null

2018-12-13 23:28:55 - [TEST_STEP][PASSED] - Statement - PreSaveFile = new java.io.File(((pathPrefix + java.lang.Integer.toString(counter)) + .png)): null

2018-12-13 23:28:55 - [TEST_STEP][PASSED] - Statement - counter = counter + 1: null

2018-12-13 23:28:55 - [TEST_STEP][PASSED] - Statement - PreSaveFile = new java.io.File(((pathPrefix + java.lang.Integer.toString(counter)) + .png)): null

2018-12-13 23:28:55 - [TEST_STEP][PASSED] - Statement - counter = counter + 1: null

2018-12-13 23:28:55 - [TEST_STEP][PASSED] - Statement - PreSaveFile = new java.io.File(((pathPrefix + java.lang.Integer.toString(counter)) + .png)): null

2018-12-13 23:28:55 - [TEST_STEP][PASSED] - Statement - counter = counter + 1: null

2018-12-13 23:28:55 - [TEST_STEP][PASSED] - Statement - PreSaveFile = new java.io.File(((pathPrefix + java.lang.Integer.toString(counter)) + .png)): null

2018-12-13 23:28:55 - [TEST_STEP][PASSED] - Statement - counter = counter + 1: null

2018-12-13 23:28:55 - [TEST_STEP][PASSED] - Statement - PreSaveFile = new java.io.File(((pathPrefix + java.lang.Integer.toString(counter)) + .png)): null

2018-12-13 23:28:55 - [TEST_STEP][PASSED] - Statement - counter = counter + 1: null

2018-12-13 23:28:55 - [TEST_STEP][PASSED] - Statement - PreSaveFile = new java.io.File(((pathPrefix + java.lang.Integer.toString(counter)) + .png)): null

2018-12-13 23:28:55 - [TEST_STEP][PASSED] - Statement - counter = counter + 1: null

2018-12-13 23:28:55 - [TEST_STEP][PASSED] - Statement - PreSaveFile = new java.io.File(((pathPrefix + java.lang.Integer.toString(counter)) + .png)): null

2018-12-13 23:28:55 - [TEST_STEP][PASSED] - Statement - counter = counter + 1: null

2018-12-13 23:28:55 - [TEST_STEP][PASSED] - Statement - PreSaveFile = new java.io.File(((pathPrefix + java.lang.Integer.toString(counter)) + .png)): null

2018-12-13 23:28:55 - [TEST_STEP][PASSED] - Statement - counter = counter + 1: null

2018-12-13 23:28:55 - [TEST_STEP][PASSED] - Statement - PreSaveFile = new java.io.File(((pathPrefix + java.lang.Integer.toString(counter)) + .png)): null

2018-12-13 23:28:55 - [TEST_STEP][PASSED] - Statement - counter = counter + 1: null

2018-12-13 23:28:55 - [TEST_STEP][PASSED] - Statement - PreSaveFile = new java.io.File(((pathPrefix + java.lang.Integer.toString(counter)) + .png)): null

2018-12-13 23:28:55 - [TEST_STEP][PASSED] - Statement - counter = counter + 1: null

2018-12-13 23:28:55 - [TEST_STEP][PASSED] - Statement - PreSaveFile = new java.io.File(((pathPrefix + java.lang.Integer.toString(counter)) + .png)): null

2018-12-13 23:28:55 - [TEST_STEP][PASSED] - Statement - counter = counter + 1: null

2018-12-13 23:28:55 - [TEST_STEP][PASSED] - Statement - PreSaveFile = new java.io.File(((pathPrefix + java.lang.Integer.toString(counter)) + .png)): null

2018-12-13 23:28:55 - [TEST_STEP][PASSED] - Statement - counter = counter + 1: null

2018-12-13 23:28:55 - [TEST_STEP][PASSED] - Statement - PreSaveFile = new java.io.File(((pathPrefix + java.lang.Integer.toString(counter)) + .png)): null

2018-12-13 23:28:55 - [TEST_STEP][PASSED] - Statement - counter = counter + 1: null

2018-12-13 23:28:55 - [TEST_STEP][PASSED] - Statement - PreSaveFile = new java.io.File(((pathPrefix + java.lang.Integer.toString(counter)) + .png)): null

2018-12-13 23:28:55 - [TEST_STEP][PASSED] - Statement - counter = counter + 1: null

2018-12-13 23:28:55 - [TEST_STEP][PASSED] - Statement - PreSaveFile = new java.io.File(((pathPrefix + java.lang.Integer.toString(counter)) + .png)): null

2018-12-13 23:28:55 - [TEST_STEP][PASSED] - Statement - counter = counter + 1: null

2018-12-13 23:28:55 - [TEST_STEP][PASSED] - Statement - PreSaveFile = new java.io.File(((pathPrefix + java.lang.Integer.toString(counter)) + .png)): null

2018-12-13 23:28:55 - [TEST_STEP][PASSED] - Statement - counter = counter + 1: null

2018-12-13 23:28:55 - [TEST_STEP][PASSED] - Statement - PreSaveFile = new java.io.File(((pathPrefix + java.lang.Integer.toString(counter)) + .png)): null

2018-12-13 23:28:55 - [TEST_STEP][PASSED] - Statement - counter = counter + 1: null

2018-12-13 23:28:55 - [TEST_STEP][PASSED] - Statement - PreSaveFile = new java.io.File(((pathPrefix + java.lang.Integer.toString(counter)) + .png)): null

2018-12-13 23:28:55 - [TEST_STEP][PASSED] - Statement - counter = counter + 1: null

2018-12-13 23:28:55 - [TEST_STEP][PASSED] - Statement - PreSaveFile = new java.io.File(((pathPrefix + java.lang.Integer.toString(counter)) + .png)): null

2018-12-13 23:28:55 - [TEST_STEP][PASSED] - Statement - counter = counter + 1: null

2018-12-13 23:28:55 - [TEST_STEP][PASSED] - Statement - PreSaveFile = new java.io.File(((pathPrefix + java.lang.Integer.toString(counter)) + .png)): null

2018-12-13 23:28:55 - [TEST_STEP][PASSED] - Statement - counter = counter + 1: null

2018-12-13 23:28:55 - [TEST_STEP][PASSED] - Statement - PreSaveFile = new java.io.File(((pathPrefix + java.lang.Integer.toString(counter)) + .png)): null

2018-12-13 23:28:55 - [TEST_STEP][PASSED] - Statement - counter = counter + 1: null

2018-12-13 23:28:55 - [TEST_STEP][PASSED] - Statement - PreSaveFile = new java.io.File(((pathPrefix + java.lang.Integer.toString(counter)) + .png)): null

2018-12-13 23:28:55 - [TEST_STEP][PASSED] - Statement - counter = counter + 1: null

2018-12-13 23:28:55 - [TEST_STEP][PASSED] - Statement - PreSaveFile = new java.io.File(((pathPrefix + java.lang.Integer.toString(counter)) + .png)): null

2018-12-13 23:28:55 - [TEST_STEP][PASSED] - Statement - counter = counter + 1: null

2018-12-13 23:28:55 - [TEST_STEP][PASSED] - Statement - PreSaveFile = new java.io.File(((pathPrefix + java.lang.Integer.toString(counter)) + .png)): null

2018-12-13 23:28:55 - [TEST_STEP][PASSED] - Statement - counter = counter + 1: null

2018-12-13 23:28:55 - [TEST_STEP][PASSED] - Statement - PreSaveFile = new java.io.File(((pathPrefix + java.lang.Integer.toString(counter)) + .png)): null

2018-12-13 23:28:55 - [TEST_STEP][PASSED] - Statement - counter = counter + 1: null

2018-12-13 23:28:55 - [TEST_STEP][PASSED] - Statement - PreSaveFile = new java.io.File(((pathPrefix + java.lang.Integer.toString(counter)) + .png)): null

2018-12-13 23:28:56 - [TEST_STEP][PASSED] - Statement - counter = counter + 1: null

2018-12-13 23:28:56 - [TEST_STEP][PASSED] - Statement - PreSaveFile = new java.io.File(((pathPrefix + java.lang.Integer.toString(counter)) + .png)): null

2018-12-13 23:28:56 - [TEST_STEP][PASSED] - Statement - counter = counter + 1: null

2018-12-13 23:28:56 - [TEST_STEP][PASSED] - Statement - PreSaveFile = new java.io.File(((pathPrefix + java.lang.Integer.toString(counter)) + .png)): null

2018-12-13 23:28:56 - [TEST_STEP][PASSED] - Statement - counter = counter + 1: null

2018-12-13 23:28:56 - [TEST_STEP][PASSED] - Statement - PreSaveFile = new java.io.File(((pathPrefix + java.lang.Integer.toString(counter)) + .png)): null

2018-12-13 23:28:56 - [TEST_STEP][PASSED] - Statement - counter = counter + 1: null

2018-12-13 23:28:56 - [TEST_STEP][PASSED] - Statement - PreSaveFile = new java.io.File(((pathPrefix + java.lang.Integer.toString(counter)) + .png)): null

2018-12-13 23:28:56 - [TEST_STEP][PASSED] - Statement - counter = counter + 1: null

2018-12-13 23:28:56 - [TEST_STEP][PASSED] - Statement - PreSaveFile = new java.io.File(((pathPrefix + java.lang.Integer.toString(counter)) + .png)): null

2018-12-13 23:28:56 - [TEST_STEP][PASSED] - Statement - counter = counter + 1: null

2018-12-13 23:28:56 - [TEST_STEP][PASSED] - Statement - PreSaveFile = new java.io.File(((pathPrefix + java.lang.Integer.toString(counter)) + .png)): null

2018-12-13 23:28:56 - [TEST_STEP][PASSED] - Statement - counter = counter + 1: null

2018-12-13 23:28:56 - [TEST_STEP][PASSED] - Statement - PreSaveFile = new java.io.File(((pathPrefix + java.lang.Integer.toString(counter)) + .png)): null

2018-12-13 23:28:56 - [TEST_STEP][PASSED] - Statement - counter = counter + 1: null

2018-12-13 23:28:56 - [TEST_STEP][PASSED] - Statement - PreSaveFile = new java.io.File(((pathPrefix + java.lang.Integer.toString(counter)) + .png)): null

2018-12-13 23:28:56 - [TEST_STEP][PASSED] - Statement - counter = counter + 1: null

2018-12-13 23:28:56 - [TEST_STEP][PASSED] - Statement - PreSaveFile = new java.io.File(((pathPrefix + java.lang.Integer.toString(counter)) + .png)): null

2018-12-13 23:28:56 - [TEST_STEP][PASSED] - Statement - counter = counter + 1: null

2018-12-13 23:28:56 - [TEST_STEP][PASSED] - Statement - PreSaveFile = new java.io.File(((pathPrefix + java.lang.Integer.toString(counter)) + .png)): null

2018-12-13 23:28:56 - [TEST_STEP][PASSED] - Statement - counter = counter + 1: null

2018-12-13 23:28:56 - [TEST_STEP][PASSED] - Statement - PreSaveFile = new java.io.File(((pathPrefix + java.lang.Integer.toString(counter)) + .png)): null

2018-12-13 23:28:56 - [TEST_STEP][PASSED] - Statement - counter = counter + 1: null

2018-12-13 23:28:56 - [TEST_STEP][PASSED] - Statement - PreSaveFile = new java.io.File(((pathPrefix + java.lang.Integer.toString(counter)) + .png)): null

2018-12-13 23:28:56 - [TEST_STEP][PASSED] - Statement - counter = counter + 1: null

2018-12-13 23:28:56 - [TEST_STEP][PASSED] - Statement - PreSaveFile = new java.io.File(((pathPrefix + java.lang.Integer.toString(counter)) + .png)): null

2018-12-13 23:28:56 - [TEST_STEP][PASSED] - Statement - counter = counter + 1: null

2018-12-13 23:28:56 - [TEST_STEP][PASSED] - Statement - PreSaveFile = new java.io.File(((pathPrefix + java.lang.Integer.toString(counter)) + .png)): null

2018-12-13 23:28:56 - [TEST_STEP][PASSED] - Statement - counter = counter + 1: null

2018-12-13 23:28:56 - [TEST_STEP][PASSED] - Statement - PreSaveFile = new java.io.File(((pathPrefix + java.lang.Integer.toString(counter)) + .png)): null

2018-12-13 23:28:56 - [TEST_STEP][PASSED] - Statement - counter = counter + 1: null

2018-12-13 23:28:56 - [TEST_STEP][PASSED] - Statement - PreSaveFile = new java.io.File(((pathPrefix + java.lang.Integer.toString(counter)) + .png)): null

2018-12-13 23:28:56 - [TEST_STEP][PASSED] - Statement - counter = counter + 1: null

2018-12-13 23:28:56 - [TEST_STEP][PASSED] - Statement - PreSaveFile = new java.io.File(((pathPrefix + java.lang.Integer.toString(counter)) + .png)): null

2018-12-13 23:28:56 - [TEST_STEP][PASSED] - Statement - counter = counter + 1: null

2018-12-13 23:28:56 - [TEST_STEP][PASSED] - Statement - PreSaveFile = new java.io.File(((pathPrefix + java.lang.Integer.toString(counter)) + .png)): null

2018-12-13 23:28:56 - [TEST_STEP][PASSED] - Statement - counter = counter + 1: null

2018-12-13 23:28:56 - [TEST_STEP][PASSED] - Statement - PreSaveFile = new java.io.File(((pathPrefix + java.lang.Integer.toString(counter)) + .png)): null

2018-12-13 23:28:56 - [TEST_STEP][PASSED] - Statement - counter = counter + 1: null

2018-12-13 23:28:56 - [TEST_STEP][PASSED] - Statement - PreSaveFile = new java.io.File(((pathPrefix + java.lang.Integer.toString(counter)) + .png)): null

2018-12-13 23:28:56 - [TEST_STEP][PASSED] - Statement - counter = counter + 1: null

2018-12-13 23:28:56 - [TEST_STEP][PASSED] - Statement - PreSaveFile = new java.io.File(((pathPrefix + java.lang.Integer.toString(counter)) + .png)): null

2018-12-13 23:28:56 - [TEST_STEP][PASSED] - Statement - counter = counter + 1: null

2018-12-13 23:28:56 - [TEST_STEP][PASSED] - Statement - PreSaveFile = new java.io.File(((pathPrefix + java.lang.Integer.toString(counter)) + .png)): null

2018-12-13 23:28:56 - [TEST_STEP][PASSED] - Statement - counter = counter + 1: null

2018-12-13 23:28:56 - [TEST_STEP][PASSED] - Statement - PreSaveFile = new java.io.File(((pathPrefix + java.lang.Integer.toString(counter)) + .png)): null

2018-12-13 23:28:56 - [TEST_STEP][PASSED] - Statement - counter = counter + 1: null

2018-12-13 23:28:56 - [TEST_STEP][PASSED] - Statement - PreSaveFile = new java.io.File(((pathPrefix + java.lang.Integer.toString(counter)) + .png)): null

2018-12-13 23:28:56 - [TEST_STEP][PASSED] - Statement - counter = counter + 1: null

2018-12-13 23:28:56 - [TEST_STEP][PASSED] - Statement - PreSaveFile = new java.io.File(((pathPrefix + java.lang.Integer.toString(counter)) + .png)): null

2018-12-13 23:28:56 - [TEST_STEP][PASSED] - Statement - counter = counter + 1: null

2018-12-13 23:28:56 - [TEST_STEP][PASSED] - Statement - PreSaveFile = new java.io.File(((pathPrefix + java.lang.Integer.toString(counter)) + .png)): null

2018-12-13 23:28:56 - [TEST_STEP][PASSED] - Statement - counter = counter + 1: null

2018-12-13 23:28:56 - [TEST_STEP][PASSED] - Statement - PreSaveFile = new java.io.File(((pathPrefix + java.lang.Integer.toString(counter)) + .png)): null

2018-12-13 23:28:56 - [TEST_STEP][PASSED] - Statement - counter = counter + 1: null

2018-12-13 23:28:56 - [TEST_STEP][PASSED] - Statement - PreSaveFile = new java.io.File(((pathPrefix + java.lang.Integer.toString(counter)) + .png)): null

2018-12-13 23:28:56 - [TEST_STEP][PASSED] - Statement - counter = counter + 1: null

2018-12-13 23:28:56 - [TEST_STEP][PASSED] - Statement - PreSaveFile = new java.io.File(((pathPrefix + java.lang.Integer.toString(counter)) + .png)): null

2018-12-13 23:28:56 - [TEST_STEP][PASSED] - Statement - counter = counter + 1: null

2018-12-13 23:28:56 - [TEST_STEP][PASSED] - Statement - PreSaveFile = new java.io.File(((pathPrefix + java.lang.Integer.toString(counter)) + .png)): null

2018-12-13 23:28:56 - [TEST_STEP][PASSED] - Statement - counter = counter + 1: null

2018-12-13 23:28:56 - [TEST_STEP][PASSED] - Statement - PreSaveFile = new java.io.File(((pathPrefix + java.lang.Integer.toString(counter)) + .png)): null

2018-12-13 23:28:56 - [TEST_STEP][PASSED] - Statement - counter = counter + 1: null

2018-12-13 23:28:56 - [TEST_STEP][PASSED] - Statement - PreSaveFile = new java.io.File(((pathPrefix + java.lang.Integer.toString(counter)) + .png)): null

2018-12-13 23:28:56 - [TEST_STEP][PASSED] - Statement - counter = counter + 1: null

2018-12-13 23:28:56 - [TEST_STEP][PASSED] - Statement - PreSaveFile = new java.io.File(((pathPrefix + java.lang.Integer.toString(counter)) + .png)): null

2018-12-13 23:28:56 - [TEST_STEP][PASSED] - Statement - counter = counter + 1: null

2018-12-13 23:28:56 - [TEST_STEP][PASSED] - Statement - PreSaveFile = new java.io.File(((pathPrefix + java.lang.Integer.toString(counter)) + .png)): null

2018-12-13 23:28:56 - [TEST_STEP][PASSED] - Statement - counter = counter + 1: null

2018-12-13 23:28:56 - [TEST_STEP][PASSED] - Statement - PreSaveFile = new java.io.File(((pathPrefix + java.lang.Integer.toString(counter)) + .png)): null

2018-12-13 23:28:56 - [TEST_STEP][PASSED] - Statement - counter = counter + 1: null

2018-12-13 23:28:56 - [TEST_STEP][PASSED] - Statement - PreSaveFile = new java.io.File(((pathPrefix + java.lang.Integer.toString(counter)) + .png)): null

2018-12-13 23:28:56 - [TEST_STEP][PASSED] - Statement - counter = counter + 1: null

2018-12-13 23:28:56 - [TEST_STEP][PASSED] - Statement - PreSaveFile = new java.io.File(((pathPrefix + java.lang.Integer.toString(counter)) + .png)): null

2018-12-13 23:28:56 - [TEST_STEP][PASSED] - Statement - counter = counter + 1: null

2018-12-13 23:28:56 - [TEST_STEP][PASSED] - Statement - PreSaveFile = new java.io.File(((pathPrefix + java.lang.Integer.toString(counter)) + .png)): null

2018-12-13 23:28:56 - [TEST_STEP][PASSED] - Statement - counter = counter + 1: null

2018-12-13 23:28:56 - [TEST_STEP][PASSED] - Statement - PreSaveFile = new java.io.File(((pathPrefix + java.lang.Integer.toString(counter)) + .png)): null

2018-12-13 23:28:56 - [TEST_STEP][PASSED] - Statement - counter = counter + 1: null

2018-12-13 23:28:56 - [TEST_STEP][PASSED] - Statement - PreSaveFile = new java.io.File(((pathPrefix + java.lang.Integer.toString(counter)) + .png)): null

2018-12-13 23:28:56 - [TEST_STEP][PASSED] - Statement - counter = counter + 1: null

2018-12-13 23:28:56 - [TEST_STEP][PASSED] - Statement - PreSaveFile = new java.io.File(((pathPrefix + java.lang.Integer.toString(counter)) + .png)): null

2018-12-13 23:28:56 - [TEST_STEP][PASSED] - Statement - counter = counter + 1: null

2018-12-13 23:28:56 - [TEST_STEP][PASSED] - Statement - PreSaveFile = new java.io.File(((pathPrefix + java.lang.Integer.toString(counter)) + .png)): null

2018-12-13 23:28:56 - [TEST_STEP][PASSED] - Statement - counter = counter + 1: null

2018-12-13 23:28:56 - [TEST_STEP][PASSED] - Statement - PreSaveFile = new java.io.File(((pathPrefix + java.lang.Integer.toString(counter)) + .png)): null

2018-12-13 23:28:56 - [TEST_STEP][PASSED] - Statement - counter = counter + 1: null

2018-12-13 23:28:56 - [TEST_STEP][PASSED] - Statement - PreSaveFile = new java.io.File(((pathPrefix + java.lang.Integer.toString(counter)) + .png)): null

2018-12-13 23:28:56 - [TEST_STEP][PASSED] - Statement - counter = counter + 1: null

2018-12-13 23:28:56 - [TEST_STEP][PASSED] - Statement - PreSaveFile = new java.io.File(((pathPrefix + java.lang.Integer.toString(counter)) + .png)): null

2018-12-13 23:28:56 - [TEST_STEP][PASSED] - Statement - counter = counter + 1: null

2018-12-13 23:28:56 - [TEST_STEP][PASSED] - Statement - PreSaveFile = new java.io.File(((pathPrefix + java.lang.Integer.toString(counter)) + .png)): null

2018-12-13 23:28:56 - [TEST_STEP][PASSED] - Statement - counter = counter + 1: null

2018-12-13 23:28:56 - [TEST_STEP][PASSED] - Statement - PreSaveFile = new java.io.File(((pathPrefix + java.lang.Integer.toString(counter)) + .png)): null

2018-12-13 23:28:56 - [TEST_STEP][PASSED] - Statement - counter = counter + 1: null

2018-12-13 23:28:56 - [TEST_STEP][PASSED] - Statement - PreSaveFile = new java.io.File(((pathPrefix + java.lang.Integer.toString(counter)) + .png)): null

2018-12-13 23:28:56 - [TEST_STEP][PASSED] - Statement - counter = counter + 1: null

2018-12-13 23:28:56 - [TEST_STEP][PASSED] - Statement - PreSaveFile = new java.io.File(((pathPrefix + java.lang.Integer.toString(counter)) + .png)): null

2018-12-13 23:28:56 - [TEST_STEP][PASSED] - Statement - counter = counter + 1: null

2018-12-13 23:28:56 - [TEST_STEP][PASSED] - Statement - PreSaveFile = new java.io.File(((pathPrefix + java.lang.Integer.toString(counter)) + .png)): null

2018-12-13 23:28:56 - [TEST_STEP][PASSED] - Statement - counter = counter + 1: null

2018-12-13 23:28:56 - [TEST_STEP][PASSED] - Statement - PreSaveFile = new java.io.File(((pathPrefix + java.lang.Integer.toString(counter)) + .png)): null

2018-12-13 23:28:56 - [TEST_STEP][PASSED] - Statement - counter = counter + 1: null

2018-12-13 23:28:56 - [TEST_STEP][PASSED] - Statement - PreSaveFile = new java.io.File(((pathPrefix + java.lang.Integer.toString(counter)) + .png)): null

2018-12-13 23:28:56 - [TEST_STEP][PASSED] - Statement - counter = counter + 1: null

2018-12-13 23:28:56 - [TEST_STEP][PASSED] - Statement - PreSaveFile = new java.io.File(((pathPrefix + java.lang.Integer.toString(counter)) + .png)): null

2018-12-13 23:28:56 - [TEST_STEP][PASSED] - Statement - counter = counter + 1: null

2018-12-13 23:28:56 - [TEST_STEP][PASSED] - Statement - PreSaveFile = new java.io.File(((pathPrefix + java.lang.Integer.toString(counter)) + .png)): null

2018-12-13 23:28:56 - [TEST_STEP][PASSED] - Statement - counter = counter + 1: null

2018-12-13 23:28:56 - [TEST_STEP][PASSED] - Statement - PreSaveFile = new java.io.File(((pathPrefix + java.lang.Integer.toString(counter)) + .png)): null

2018-12-13 23:28:56 - [TEST_STEP][PASSED] - Statement - counter = counter + 1: null

2018-12-13 23:28:56 - [TEST_STEP][PASSED] - Statement - PreSaveFile = new java.io.File(((pathPrefix + java.lang.Integer.toString(counter)) + .png)): null

2018-12-13 23:28:56 - [TEST_STEP][PASSED] - Statement - counter = counter + 1: null

2018-12-13 23:28:56 - [TEST_STEP][PASSED] - Statement - PreSaveFile = new java.io.File(((pathPrefix + java.lang.Integer.toString(counter)) + .png)): null

2018-12-13 23:28:56 - [TEST_STEP][PASSED] - Statement - counter = counter + 1: null

2018-12-13 23:28:56 - [TEST_STEP][PASSED] - Statement - PreSaveFile = new java.io.File(((pathPrefix + java.lang.Integer.toString(counter)) + .png)): null

2018-12-13 23:28:56 - [TEST_STEP][PASSED] - Statement - counter = counter + 1: null

2018-12-13 23:28:56 - [TEST_STEP][PASSED] - Statement - PreSaveFile = new java.io.File(((pathPrefix + java.lang.Integer.toString(counter)) + .png)): null

2018-12-13 23:28:56 - [TEST_STEP][PASSED] - Statement - counter = counter + 1: null

2018-12-13 23:28:56 - [TEST_STEP][PASSED] - Statement - PreSaveFile = new java.io.File(((pathPrefix + java.lang.Integer.toString(counter)) + .png)): null

2018-12-13 23:28:56 - [TEST_STEP][PASSED] - Statement - counter = counter + 1: null

2018-12-13 23:28:56 - [TEST_STEP][PASSED] - Statement - PreSaveFile = new java.io.File(((pathPrefix + java.lang.Integer.toString(counter)) + .png)): null

2018-12-13 23:28:56 - [TEST_STEP][PASSED] - Statement - counter = counter + 1: null

2018-12-13 23:28:56 - [TEST_STEP][PASSED] - Statement - PreSaveFile = new java.io.File(((pathPrefix + java.lang.Integer.toString(counter)) + .png)): null

2018-12-13 23:28:56 - [TEST_STEP][PASSED] - Statement - counter = counter + 1: null

2018-12-13 23:28:56 - [TEST_STEP][PASSED] - Statement - PreSaveFile = new java.io.File(((pathPrefix + java.lang.Integer.toString(counter)) + .png)): null

2018-12-13 23:28:56 - [TEST_STEP][PASSED] - Statement - counter = counter + 1: null

2018-12-13 23:28:56 - [TEST_STEP][PASSED] - Statement - PreSaveFile = new java.io.File(((pathPrefix + java.lang.Integer.toString(counter)) + .png)): null

2018-12-13 23:28:56 - [TEST_STEP][PASSED] - Statement - counter = counter + 1: null

2018-12-13 23:28:56 - [TEST_STEP][PASSED] - Statement - PreSaveFile = new java.io.File(((pathPrefix + java.lang.Integer.toString(counter)) + .png)): null

2018-12-13 23:28:56 - [TEST_STEP][PASSED] - Statement - counter = counter + 1: null

2018-12-13 23:28:56 - [TEST_STEP][PASSED] - Statement - PreSaveFile = new java.io.File(((pathPrefix + java.lang.Integer.toString(counter)) + .png)): null

2018-12-13 23:28:56 - [TEST_STEP][PASSED] - Statement - counter = counter + 1: null

2018-12-13 23:28:56 - [TEST_STEP][PASSED] - Statement - PreSaveFile = new java.io.File(((pathPrefix + java.lang.Integer.toString(counter)) + .png)): null

2018-12-13 23:28:56 - [TEST_STEP][PASSED] - Statement - counter = counter + 1: null

2018-12-13 23:28:56 - [TEST_STEP][PASSED] - Statement - PreSaveFile = new java.io.File(((pathPrefix + java.lang.Integer.toString(counter)) + .png)): null

2018-12-13 23:28:56 - [TEST_STEP][PASSED] - Statement - counter = counter + 1: null

2018-12-13 23:28:56 - [TEST_STEP][PASSED] - Statement - PreSaveFile = new java.io.File(((pathPrefix + java.lang.Integer.toString(counter)) + .png)): null

2018-12-13 23:28:56 - [TEST_STEP][PASSED] - Statement - counter = counter + 1: null

2018-12-13 23:28:56 - [TEST_STEP][PASSED] - Statement - PreSaveFile = new java.io.File(((pathPrefix + java.lang.Integer.toString(counter)) + .png)): null

2018-12-13 23:28:56 - [TEST_STEP][PASSED] - Statement - counter = counter + 1: null

2018-12-13 23:28:56 - [TEST_STEP][PASSED] - Statement - PreSaveFile = new java.io.File(((pathPrefix + java.lang.Integer.toString(counter)) + .png)): null

2018-12-13 23:28:56 - [TEST_STEP][PASSED] - Statement - counter = counter + 1: null

2018-12-13 23:28:56 - [TEST_STEP][PASSED] - Statement - PreSaveFile = new java.io.File(((pathPrefix + java.lang.Integer.toString(counter)) + .png)): null

2018-12-13 23:28:56 - [TEST_STEP][PASSED] - Statement - counter = counter + 1: null

2018-12-13 23:28:56 - [TEST_STEP][PASSED] - Statement - PreSaveFile = new java.io.File(((pathPrefix + java.lang.Integer.toString(counter)) + .png)): null

2018-12-13 23:28:56 - [TEST_STEP][PASSED] - Statement - counter = counter + 1: null

2018-12-13 23:28:56 - [TEST_STEP][PASSED] - Statement - PreSaveFile = new java.io.File(((pathPrefix + java.lang.Integer.toString(counter)) + .png)): null

2018-12-13 23:28:56 - [TEST_STEP][PASSED] - Statement - counter = counter + 1: null

2018-12-13 23:28:56 - [TEST_STEP][PASSED] - Statement - PreSaveFile = new java.io.File(((pathPrefix + java.lang.Integer.toString(counter)) + .png)): null

2018-12-13 23:28:56 - [TEST_STEP][PASSED] - Statement - counter = counter + 1: null

2018-12-13 23:28:56 - [TEST_STEP][PASSED] - Statement - PreSaveFile = new java.io.File(((pathPrefix + java.lang.Integer.toString(counter)) + .png)): null

2018-12-13 23:28:56 - [TEST_STEP][PASSED] - Statement - counter = counter + 1: null

2018-12-13 23:28:56 - [TEST_STEP][PASSED] - Statement - PreSaveFile = new java.io.File(((pathPrefix + java.lang.Integer.toString(counter)) + .png)): null

2018-12-13 23:28:56 - [TEST_STEP][PASSED] - Statement - counter = counter + 1: null

2018-12-13 23:28:56 - [TEST_STEP][PASSED] - Statement - PreSaveFile = new java.io.File(((pathPrefix + java.lang.Integer.toString(counter)) + .png)): null

2018-12-13 23:28:56 - [TEST_STEP][PASSED] - Statement - counter = counter + 1: null

2018-12-13 23:28:56 - [TEST_STEP][PASSED] - Statement - PreSaveFile = new java.io.File(((pathPrefix + java.lang.Integer.toString(counter)) + .png)): null

2018-12-13 23:28:56 - [TEST_STEP][PASSED] - Statement - counter = counter + 1: null

2018-12-13 23:28:56 - [TEST_STEP][PASSED] - Statement - PreSaveFile = new java.io.File(((pathPrefix + java.lang.Integer.toString(counter)) + .png)): null

2018-12-13 23:28:56 - [TEST_STEP][PASSED] - Statement - counter = counter + 1: null

2018-12-13 23:28:56 - [TEST_STEP][PASSED] - Statement - PreSaveFile = new java.io.File(((pathPrefix + java.lang.Integer.toString(counter)) + .png)): null

2018-12-13 23:28:56 - [TEST_STEP][PASSED] - Statement - counter = counter + 1: null

2018-12-13 23:28:56 - [TEST_STEP][PASSED] - Statement - PreSaveFile = new java.io.File(((pathPrefix + java.lang.Integer.toString(counter)) + .png)): null

2018-12-13 23:28:56 - [TEST_STEP][PASSED] - Statement - counter = counter + 1: null

2018-12-13 23:28:56 - [TEST_STEP][PASSED] - Statement - PreSaveFile = new java.io.File(((pathPrefix + java.lang.Integer.toString(counter)) + .png)): null

2018-12-13 23:28:56 - [TEST_STEP][PASSED] - Statement - counter = counter + 1: null

2018-12-13 23:28:56 - [TEST_STEP][PASSED] - Statement - PreSaveFile = new java.io.File(((pathPrefix + java.lang.Integer.toString(counter)) + .png)): null

2018-12-13 23:28:56 - [TEST_STEP][PASSED] - Statement - counter = counter + 1: null

2018-12-13 23:28:56 - [TEST_STEP][PASSED] - Statement - PreSaveFile = new java.io.File(((pathPrefix + java.lang.Integer.toString(counter)) + .png)): null

2018-12-13 23:28:56 - [TEST_STEP][PASSED] - Statement - counter = counter + 1: null

2018-12-13 23:28:56 - [TEST_STEP][PASSED] - Statement - PreSaveFile = new java.io.File(((pathPrefix + java.lang.Integer.toString(counter)) + .png)): null

2018-12-13 23:28:56 - [TEST_STEP][PASSED] - Statement - counter = counter + 1: null

2018-12-13 23:28:56 - [TEST_STEP][PASSED] - Statement - PreSaveFile = new java.io.File(((pathPrefix + java.lang.Integer.toString(counter)) + .png)): null

2018-12-13 23:28:56 - [TEST_STEP][PASSED] - Statement - counter = counter + 1: null

2018-12-13 23:28:56 - [TEST_STEP][PASSED] - Statement - PreSaveFile = new java.io.File(((pathPrefix + java.lang.Integer.toString(counter)) + .png)): null

2018-12-13 23:28:56 - [TEST_STEP][PASSED] - Statement - counter = counter + 1: null

2018-12-13 23:28:56 - [TEST_STEP][PASSED] - Statement - PreSaveFile = new java.io.File(((pathPrefix + java.lang.Integer.toString(counter)) + .png)): null

2018-12-13 23:28:56 - [TEST_STEP][PASSED] - Statement - counter = counter + 1: null

2018-12-13 23:28:56 - [TEST_STEP][PASSED] - Statement - PreSaveFile = new java.io.File(((pathPrefix + java.lang.Integer.toString(counter)) + .png)): null

2018-12-13 23:28:56 - [TEST_STEP][PASSED] - Statement - counter = counter + 1: null

2018-12-13 23:28:56 - [TEST_STEP][PASSED] - Statement - PreSaveFile = new java.io.File(((pathPrefix + java.lang.Integer.toString(counter)) + .png)): null

2018-12-13 23:28:56 - [TEST_STEP][PASSED] - Statement - counter = counter + 1: null

2018-12-13 23:28:56 - [TEST_STEP][PASSED] - Statement - PreSaveFile = new java.io.File(((pathPrefix + java.lang.Integer.toString(counter)) + .png)): null

2018-12-13 23:28:56 - [TEST_STEP][PASSED] - Statement - counter = counter + 1: null

2018-12-13 23:28:56 - [TEST_STEP][PASSED] - Statement - PreSaveFile = new java.io.File(((pathPrefix + java.lang.Integer.toString(counter)) + .png)): null

2018-12-13 23:28:56 - [TEST_STEP][PASSED] - Statement - counter = counter + 1: null

2018-12-13 23:28:56 - [TEST_STEP][PASSED] - Statement - PreSaveFile = new java.io.File(((pathPrefix + java.lang.Integer.toString(counter)) + .png)): null

2018-12-13 23:28:56 - [TEST_STEP][PASSED] - Statement - counter = counter + 1: null

2018-12-13 23:28:56 - [TEST_STEP][PASSED] - Statement - PreSaveFile = new java.io.File(((pathPrefix + java.lang.Integer.toString(counter)) + .png)): null

2018-12-13 23:28:56 - [TEST_STEP][PASSED] - Statement - counter = counter + 1: null

2018-12-13 23:28:56 - [TEST_STEP][PASSED] - Statement - PreSaveFile = new java.io.File(((pathPrefix + java.lang.Integer.toString(counter)) + .png)): null

2018-12-13 23:28:56 - [TEST_STEP][PASSED] - Statement - counter = counter + 1: null

2018-12-13 23:28:56 - [TEST_STEP][PASSED] - Statement - PreSaveFile = new java.io.File(((pathPrefix + java.lang.Integer.toString(counter)) + .png)): null

2018-12-13 23:28:56 - [TEST_STEP][PASSED] - Statement - counter = counter + 1: null

2018-12-13 23:28:56 - [TEST_STEP][PASSED] - Statement - PreSaveFile = new java.io.File(((pathPrefix + java.lang.Integer.toString(counter)) + .png)): null

2018-12-13 23:28:56 - [TEST_STEP][PASSED] - Statement - counter = counter + 1: null

2018-12-13 23:28:56 - [TEST_STEP][PASSED] - Statement - PreSaveFile = new java.io.File(((pathPrefix + java.lang.Integer.toString(counter)) + .png)): null

2018-12-13 23:28:56 - [TEST_STEP][PASSED] - Statement - counter = counter + 1: null

2018-12-13 23:28:56 - [TEST_STEP][PASSED] - Statement - PreSaveFile = new java.io.File(((pathPrefix + java.lang.Integer.toString(counter)) + .png)): null

2018-12-13 23:28:56 - [TEST_STEP][PASSED] - Statement - counter = counter + 1: null

2018-12-13 23:28:56 - [TEST_STEP][PASSED] - Statement - PreSaveFile = new java.io.File(((pathPrefix + java.lang.Integer.toString(counter)) + .png)): null

2018-12-13 23:28:56 - [TEST_STEP][PASSED] - Statement - counter = counter + 1: null

2018-12-13 23:28:56 - [TEST_STEP][PASSED] - Statement - PreSaveFile = new java.io.File(((pathPrefix + java.lang.Integer.toString(counter)) + .png)): null

2018-12-13 23:28:56 - [TEST_STEP][PASSED] - Statement - counter = counter + 1: null

2018-12-13 23:28:56 - [TEST_STEP][PASSED] - Statement - PreSaveFile = new java.io.File(((pathPrefix + java.lang.Integer.toString(counter)) + .png)): null

2018-12-13 23:28:56 - [TEST_STEP][PASSED] - Statement - counter = counter + 1: null

2018-12-13 23:28:56 - [TEST_STEP][PASSED] - Statement - PreSaveFile = new java.io.File(((pathPrefix + java.lang.Integer.toString(counter)) + .png)): null

2018-12-13 23:28:56 - [TEST_STEP][PASSED] - Statement - counter = counter + 1: null

2018-12-13 23:28:56 - [TEST_STEP][PASSED] - Statement - PreSaveFile = new java.io.File(((pathPrefix + java.lang.Integer.toString(counter)) + .png)): null

2018-12-13 23:28:56 - [TEST_STEP][PASSED] - Statement - finalPath = pathPrefix + java.lang.Integer.toString(counter) + ".png": null

2018-12-13 23:28:56 - [TEST_STEP][PASSED] - Statement - SaveFile = new java.io.File(finalPath): null

2018-12-13 23:28:56 - [TEST_STEP][PASSED] - Statement - Try: null

2018-12-13 23:28:56 - [TEST_STEP][PASSED] - Statement - org.apache.commons.io.FileUtils.copyFile(scrFile, SaveFile): null

2018-12-13 23:28:56 - [TEST_STEP][PASSED] - Statement - out.println("file kept"): null

2018-12-13 23:28:56 - [TEST_STEP][PASSED] - delay: Delayed 10 second(s)

2018-12-13 23:29:06 - [MESSAGE][PASSED] - Delayed 10 second(s)

2018-12-13 23:29:06 - [MESSAGE][PASSED] - Call Test Case 'Test Cases/Final Aug 2018 - PKS Automation/Registration Module/New Registration/Submit and Screenshot/Submit Registration and Screenshot' successfully

2018-12-13 23:29:06 - [TEST_STEP][PASSED] - callTestCase: Call Test Case 'Test Cases/Final Aug 2018 - PKS Automation/Registration Module/Log Out/log out avoiding katalon tagging' successfully

2018-12-13 23:29:06 - [TEST_CASE][PASSED] - Test Cases/Final Aug 2018 - PKS Automation/Registration Module/Log Out/log out avoiding katalon tagging: Test Cases/Final Aug 2018 - PKS Automation/Registration Module/Log Out/log out avoiding katalon tagging

2018-12-13 23:29:06 - [TEST_STEP][PASSED] - navigateToUrl: Navigate to 'https://assist2-uat.perkeso.gov.my/c/portal/logout' successfully

2018-12-13 23:29:07 - [MESSAGE][PASSED] - Navigate to 'https://assist2-uat.perkeso.gov.my/c/portal/logout' successfully

2018-12-13 23:29:07 - [MESSAGE][PASSED] - Call Test Case 'Test Cases/Final Aug 2018 - PKS Automation/Registration Module/Log Out/log out avoiding katalon tagging' successfully

2018-12-13 23:29:07 - [TEST_STEP][PASSED] - callTestCase: Call Test Case 'Test Cases/Final Aug 2018 - PKS Automation/Common/Workflow Owner Finder' successfully

2018-12-13 23:29:07 - [TEST_CASE][PASSED] - Test Cases/Final Aug 2018 - PKS Automation/Common/Workflow Owner Finder: Test Cases/Final Aug 2018 - PKS Automation/Common/Workflow Owner Finder

2018-12-13 23:29:07 - [TEST_STEP][PASSED] - openBrowser: Browser is opened with url: ''

2018-12-13 23:29:07 - [MESSAGE][WARNING] - A browser is already opened. Closing browser and opening a new one

2018-12-13 23:29:11 - [MESSAGE][PASSED] - Browser is opened with url: ''

2018-12-13 23:29:11 - [TEST_STEP][PASSED] - navigateToUrl: Navigate to 'https://assist2-uat.perkeso.gov.my/login' successfully

2018-12-13 23:29:12 - [MESSAGE][PASSED] - Navigate to 'https://assist2-uat.perkeso.gov.my/login' successfully

2018-12-13 23:29:12 - [TEST_STEP][PASSED] - delay: Delayed 5 second(s)

2018-12-13 23:29:17 - [MESSAGE][PASSED] - Delayed 5 second(s)

2018-12-13 23:29:17 - [TEST_STEP][PASSED] - setText: Text 'test@liferay.com' is set on object 'Object Repository/Final Object Repo/Login Page/Internal User/Email Address'

2018-12-13 23:29:17 - [MESSAGE][PASSED] - Text 'test@liferay.com' is set on object 'Object Repository/Final Object Repo/Login Page/Internal User/Email Address'

2018-12-13 23:29:17 - [TEST_STEP][PASSED] - click: Object: 'Object Repository/Final Object Repo/Login Page/Internal User/Next Button' is clicked on

2018-12-13 23:29:18 - [MESSAGE][PASSED] - Object: 'Object Repository/Final Object Repo/Login Page/Internal User/Next Button' is clicked on

2018-12-13 23:29:18 - [TEST_STEP][PASSED] - delay: Delayed 2 second(s)

2018-12-13 23:29:20 - [MESSAGE][PASSED] - Delayed 2 second(s)

2018-12-13 23:29:20 - [TEST_STEP][PASSED] - setText: Text 'test' is set on object 'Object Repository/Final Object Repo/Login Page/Internal User/Password'

2018-12-13 23:29:20 - [MESSAGE][PASSED] - Text 'test' is set on object 'Object Repository/Final Object Repo/Login Page/Internal User/Password'

2018-12-13 23:29:20 - [TEST_STEP][PASSED] - delay: Delayed 2 second(s)

2018-12-13 23:29:22 - [MESSAGE][PASSED] - Delayed 2 second(s)

2018-12-13 23:29:22 - [TEST_STEP][PASSED] - click: Object: 'Object Repository/Final Object Repo/Login Page/Internal User/Login Button' is clicked on

2018-12-13 23:29:22 - [MESSAGE][PASSED] - Object: 'Object Repository/Final Object Repo/Login Page/Internal User/Login Button' is clicked on

2018-12-13 23:29:22 - [TEST_STEP][PASSED] - Statement - tester = com.kms.katalon.core.testobject.ObjectRepository.findTestObject(Final Object Repo/Landing Page/Select to English): Finding Test Object with id 'Object Repository/Final Object Repo/Landing Page/Select to English'

2018-12-13 23:29:22 - [TEST_STEP][PASSED] - Statement - Try: Delayed 2 second(s)

2018-12-13 23:29:22 - [TEST_STEP][PASSED] - Statement - Checker = com.kms.katalon.core.webui.keyword.WebUiBuiltInKeywords.verifyElementNotPresent(tester, 3): Web element with id: 'Object Repository/Final Object Repo/Landing Page/Select to English' located by 'By.xpath: //a[@class = 'taglib-language-list-text' and @lang = 'en-US' and (contains(text(), 'EN') or contains(., 'EN'))]' is not present after '3' second(s)

2018-12-13 23:29:24 - [MESSAGE][PASSED] - Web element with id: 'Object Repository/Final Object Repo/Landing Page/Select to English' located by 'By.xpath: //a[@class = 'taglib-language-list-text' and @lang = 'en-US' and (contains(text(), 'EN') or contains(., 'EN'))]' is not present after '3' second(s)

2018-12-13 23:29:24 - [TEST_STEP][PASSED] - Statement - If (Checker == false): null

2018-12-13 23:29:24 - [TEST_STEP][PASSED] - delay: Delayed 2 second(s)

2018-12-13 23:29:26 - [MESSAGE][PASSED] - Delayed 2 second(s)

2018-12-13 23:29:26 - [TEST_STEP][PASSED] - delay: Delayed 5 second(s)

2018-12-13 23:29:31 - [MESSAGE][PASSED] - Delayed 5 second(s)

2018-12-13 23:29:31 - [TEST_STEP][PASSED] - mouseOver: Object: 'Object Repository/Final Object Repo/Landing Page/WorkFlow Menu' is hovered

2018-12-13 23:29:31 - [MESSAGE][PASSED] - Object: 'Object Repository/Final Object Repo/Landing Page/WorkFlow Menu' is hovered

2018-12-13 23:29:31 - [TEST_STEP][PASSED] - delay: Delayed 2 second(s)

2018-12-13 23:29:33 - [MESSAGE][PASSED] - Delayed 2 second(s)

2018-12-13 23:29:33 - [TEST_STEP][PASSED] - click: Object: 'Object Repository/Final Object Repo/Landing Page/Select to Workflow Listing' is clicked on

2018-12-13 23:29:34 - [MESSAGE][PASSED] - Object: 'Object Repository/Final Object Repo/Landing Page/Select to Workflow Listing' is clicked on

2018-12-13 23:29:34 - [TEST_STEP][PASSED] - delay: Delayed 2 second(s)

2018-12-13 23:29:36 - [MESSAGE][PASSED] - Delayed 2 second(s)

2018-12-13 23:29:36 - [TEST_STEP][PASSED] - click: Object: 'Object Repository/Final Object Repo/WorkFlow Listing Page/Search Information - To Put Ref No' is clicked on

2018-12-13 23:29:36 - [MESSAGE][PASSED] - Object: 'Object Repository/Final Object Repo/WorkFlow Listing Page/Search Information - To Put Ref No' is clicked on

2018-12-13 23:29:36 - [TEST_STEP][PASSED] - delay: Delayed 2 second(s)

2018-12-13 23:29:38 - [MESSAGE][PASSED] - Delayed 2 second(s)

2018-12-13 23:29:38 - [TEST_STEP][PASSED] - callTestCase: Call Test Case 'Test Cases/Final Aug 2018 - PKS Automation/Common/Reference Number Getter' successfully

2018-12-13 23:29:38 - [TEST_CASE][PASSED] - Test Cases/Final Aug 2018 - PKS Automation/Common/Reference Number Getter: Test Cases/Final Aug 2018 - PKS Automation/Common/Reference Number Getter

2018-12-13 23:29:38 - [TEST_STEP][PASSED] - Statement - Try: null

2018-12-13 23:29:38 - [TEST_STEP][PASSED] - Statement - RefNo = new java.io.File(C://Users//Admin//Desktop//PKS//Automation Reference Point//KatalonReference.txt): null

2018-12-13 23:29:38 - [TEST_STEP][PASSED] - Statement - bufferread = new java.io.BufferedReader(new java.io.FileReader(RefNo)): null

2018-12-13 23:29:38 - [TEST_STEP][PASSED] - Statement - readedVal = bufferread.readLine(): null

2018-12-13 23:29:38 - [TEST_STEP][PASSED] - Statement - out.println(CaseReferenceNo): null

2018-12-13 23:29:38 - [TEST_STEP][PASSED] - Statement - out.println(readedVal): null

2018-12-13 23:29:38 - [TEST_STEP][PASSED] - Statement - CaseReferenceNo = "": null

2018-12-13 23:29:38 - [TEST_STEP][PASSED] - Statement - CaseReferenceNo = readedVal: null

2018-12-13 23:29:38 - [MESSAGE][PASSED] - Call Test Case 'Test Cases/Final Aug 2018 - PKS Automation/Common/Reference Number Getter' successfully

2018-12-13 23:29:38 - [TEST_STEP][PASSED] - setText: Text 'CRN12201800123317' is set on object 'Object Repository/Final Object Repo/WorkFlow Listing Page/Ref No Set Text'

2018-12-13 23:29:39 - [MESSAGE][PASSED] - Text 'CRN12201800123317' is set on object 'Object Repository/Final Object Repo/WorkFlow Listing Page/Ref No Set Text'

2018-12-13 23:29:39 - [TEST_STEP][PASSED] - delay: Delayed 2 second(s)

2018-12-13 23:29:41 - [MESSAGE][PASSED] - Delayed 2 second(s)

2018-12-13 23:29:41 - [TEST_STEP][PASSED] - click: Object: 'Object Repository/Final Object Repo/WorkFlow Listing Page/Search Ref No Search Button' is clicked on

2018-12-13 23:29:41 - [MESSAGE][PASSED] - Object: 'Object Repository/Final Object Repo/WorkFlow Listing Page/Search Ref No Search Button' is clicked on

2018-12-13 23:29:41 - [TEST_STEP][PASSED] - delay: Delayed 6 second(s)

2018-12-13 23:29:47 - [MESSAGE][PASSED] - Delayed 6 second(s)

2018-12-13 23:29:47 - [TEST_STEP][PASSED] - click: Object: 'Object Repository/Final Object Repo/WorkFlow Listing Page/Click Continue Tooltip' is clicked on

2018-12-13 23:29:48 - [MESSAGE][PASSED] - Object: 'Object Repository/Final Object Repo/WorkFlow Listing Page/Click Continue Tooltip' is clicked on

2018-12-13 23:29:48 - [TEST_STEP][PASSED] - delay: Delayed 5 second(s)

2018-12-13 23:29:53 - [MESSAGE][PASSED] - Delayed 5 second(s)

2018-12-13 23:29:53 - [TEST_STEP][PASSED] - doubleClick: Object: 'Object Repository/Final Object Repo/WorkFlow Listing Page/Workflow Found - Listing 1' is double clicked on

2018-12-13 23:29:53 - [MESSAGE][PASSED] - Object: 'Object Repository/Final Object Repo/WorkFlow Listing Page/Workflow Found - Listing 1' is double clicked on

2018-12-13 23:29:53 - [TEST_STEP][PASSED] - Statement - println(OwnerID): null

2018-12-13 23:29:53 - [TEST_STEP][PASSED] - Statement - OwnerID = com.kms.katalon.core.webui.keyword.WebUiBuiltInKeywords.getText(com.kms.katalon.core.testobject.ObjectRepository.findTestObject(Final Object Repo/WorkFlow Listing Page/Workflow Found - Listing 1), STOP_ON_FAILURE): Text of object 'Object Repository/Final Object Repo/WorkFlow Listing Page/Workflow Found - Listing 1' is: 'JOHORro3'

2018-12-13 23:29:53 - [MESSAGE][PASSED] - Text of object 'Object Repository/Final Object Repo/WorkFlow Listing Page/Workflow Found - Listing 1' is: 'JOHORro3'

2018-12-13 23:29:53 - [TEST_STEP][PASSED] - Statement - OwnerID = OwnerID.toLowerCase() + "@gmail.com": null

2018-12-13 23:29:53 - [TEST_STEP][PASSED] - Statement - println(OwnerID): null

2018-12-13 23:29:53 - [TEST_STEP][PASSED] - delay: Delayed 2 second(s)

2018-12-13 23:29:55 - [MESSAGE][PASSED] - Delayed 2 second(s)

2018-12-13 23:29:55 - [MESSAGE][PASSED] - Call Test Case 'Test Cases/Final Aug 2018 - PKS Automation/Common/Workflow Owner Finder' successfully

2018-12-13 23:29:55 - [TEST_STEP][PASSED] - callTestCase: Call Test Case 'Test Cases/Final Aug 2018 - PKS Automation/Registration Module/Log Out/log out avoiding katalon tagging' successfully

2018-12-13 23:29:55 - [TEST_CASE][PASSED] - Test Cases/Final Aug 2018 - PKS Automation/Registration Module/Log Out/log out avoiding katalon tagging: Test Cases/Final Aug 2018 - PKS Automation/Registration Module/Log Out/log out avoiding katalon tagging

2018-12-13 23:29:55 - [TEST_STEP][PASSED] - navigateToUrl: Navigate to 'https://assist2-uat.perkeso.gov.my/c/portal/logout' successfully

2018-12-13 23:29:56 - [MESSAGE][PASSED] - Navigate to 'https://assist2-uat.perkeso.gov.my/c/portal/logout' successfully

2018-12-13 23:29:56 - [MESSAGE][PASSED] - Call Test Case 'Test Cases/Final Aug 2018 - PKS Automation/Registration Module/Log Out/log out avoiding katalon tagging' successfully

2018-12-13 23:29:56 - [TEST_STEP][PASSED] - delay: Delayed 2 second(s)

2018-12-13 23:29:58 - [MESSAGE][PASSED] - Delayed 2 second(s)

2018-12-13 23:29:58 - [TEST_STEP][PASSED] - setText: Text 'johorro3@gmail.com' is set on object 'Object Repository/Final Object Repo/New Registration - Registration Module Pages/New Reg - OTC to RO/Special Case - All Related Objects/Email TextBox'

2018-12-13 23:29:58 - [MESSAGE][PASSED] - Text 'johorro3@gmail.com' is set on object 'Object Repository/Final Object Repo/New Registration - Registration Module Pages/New Reg - OTC to RO/Special Case - All Related Objects/Email TextBox'

2018-12-13 23:29:58 - [TEST_STEP][PASSED] - click: Object: 'Object Repository/Final Object Repo/New Registration - Registration Module Pages/New Reg - OTC to RO/Special Case - All Related Objects/Next Button' is clicked on

2018-12-13 23:29:59 - [MESSAGE][PASSED] - Object: 'Object Repository/Final Object Repo/New Registration - Registration Module Pages/New Reg - OTC to RO/Special Case - All Related Objects/Next Button' is clicked on

2018-12-13 23:29:59 - [TEST_STEP][PASSED] - delay: Delayed 2 second(s)

2018-12-13 23:30:01 - [MESSAGE][PASSED] - Delayed 2 second(s)

2018-12-13 23:30:01 - [TEST_STEP][PASSED] - setText: Text 'Test1@3456789' is set on object 'Object Repository/Final Object Repo/New Registration - Registration Module Pages/New Reg - OTC to RO/Special Case - All Related Objects/Password TextBox'

2018-12-13 23:30:01 - [MESSAGE][PASSED] - Text 'Test1@3456789' is set on object 'Object Repository/Final Object Repo/New Registration - Registration Module Pages/New Reg - OTC to RO/Special Case - All Related Objects/Password TextBox'

2018-12-13 23:30:01 - [TEST_STEP][PASSED] - delay: Delayed 2 second(s)

2018-12-13 23:30:03 - [MESSAGE][PASSED] - Delayed 2 second(s)

2018-12-13 23:30:03 - [TEST_STEP][PASSED] - click: Object: 'Object Repository/Final Object Repo/New Registration - Registration Module Pages/New Reg - OTC to RO/Special Case - All Related Objects/Login Button' is clicked on

2018-12-13 23:30:03 - [MESSAGE][PASSED] - Object: 'Object Repository/Final Object Repo/New Registration - Registration Module Pages/New Reg - OTC to RO/Special Case - All Related Objects/Login Button' is clicked on

2018-12-13 23:30:03 - [TEST_STEP][PASSED] - delay: Delayed 2 second(s)

2018-12-13 23:30:05 - [MESSAGE][PASSED] - Delayed 2 second(s)

2018-12-13 23:30:05 - [TEST_STEP][PASSED] - Statement - Try: null

2018-12-13 23:30:05 - [TEST_STEP][PASSED] - Statement - Checker = com.kms.katalon.core.webui.keyword.WebUiBuiltInKeywords.verifyElementNotPresent("Final Object Repo/Landing Page/Select to English", 3): null

2018-12-13 23:30:05 - [TEST_STEP][PASSED] - Statement - Catch (Exception e): null

2018-12-13 23:30:05 - [TEST_STEP][PASSED] - Statement - e.printStackTrace(): null

2018-12-13 23:30:05 - [TEST_STEP][PASSED] - click: Object: 'Object Repository/Final Object Repo/New Registration - Registration Module Pages/New Reg - OTC to RO/Special Case - All Related Objects/Expand to Search' is clicked on

2018-12-13 23:30:05 - [MESSAGE][PASSED] - Object: 'Object Repository/Final Object Repo/New Registration - Registration Module Pages/New Reg - OTC to RO/Special Case - All Related Objects/Expand to Search' is clicked on

2018-12-13 23:30:05 - [TEST_STEP][FAILED] - setText: Unable to set text 'CRN12201800123317' of object 'Object Repository/Final Object Repo/New Registration - Registration Module Pages/New Reg - OTC to RO/Special Case - All Related Objects/TextBox RefNo in Workbasket' (Root cause: org.openqa.selenium.ElementNotVisibleException: element not interactable
  (Session info: chrome=70.0.3538.110)
  (Driver info: chromedriver=2.43.600210 (68dcf5eebde37173d4027fa8635e332711d2874a),platform=Windows NT 6.1.7601 SP1 x86_64) (WARNING: The server did not provide any stacktrace information)
Command duration or timeout: 0 milliseconds
Build info: version: '3.7.1', revision: '8a0099a', time: '2017-11-06T21:07:36.161Z'
System info: host: 'WIN7TEST02', ip: '10.20.3.72', os.name: 'Windows 7', os.arch: 'amd64', os.version: '6.1', java.version: '1.8.0_181'
Driver info: com.kms.katalon.selenium.driver.CChromeDriver
Capabilities {acceptInsecureCerts: false, acceptSslCerts: false, applicationCacheEnabled: false, browserConnectionEnabled: false, browserName: chrome, chrome: {chromedriverVersion: 2.43.600210 (68dcf5eebde371..., userDataDir: C:\Users\Admin\AppData\Loca...}, cssSelectorsEnabled: true, databaseEnabled: false, goog:chromeOptions: {debuggerAddress: localhost:62012}, handlesAlerts: true, hasTouchScreen: false, javascriptEnabled: true, locationContextEnabled: true, mobileEmulationEnabled: false, nativeEvents: true, networkConnectionEnabled: false, pageLoadStrategy: normal, platform: XP, platformName: XP, rotatable: false, setWindowRect: true, takesHeapSnapshot: true, takesScreenshot: true, unexpectedAlertBehaviour: , unhandledPromptBehavior: , version: 70.0.3538.110, webStorageEnabled: true}
Session ID: 132b41638335f378a0a04f1e5c0b5e6d)

2018-12-13 23:30:06 - [MESSAGE][FAILED] - Unable to set text 'CRN12201800123317' of object 'Object Repository/Final Object Repo/New Registration - Registration Module Pages/New Reg - OTC to RO/Special Case - All Related Objects/TextBox RefNo in Workbasket' (Root cause: org.openqa.selenium.ElementNotVisibleException: element not interactable
  (Session info: chrome=70.0.3538.110)
  (Driver info: chromedriver=2.43.600210 (68dcf5eebde37173d4027fa8635e332711d2874a),platform=Windows NT 6.1.7601 SP1 x86_64) (WARNING: The server did not provide any stacktrace information)
Command duration or timeout: 0 milliseconds
Build info: version: '3.7.1', revision: '8a0099a', time: '2017-11-06T21:07:36.161Z'
System info: host: 'WIN7TEST02', ip: '10.20.3.72', os.name: 'Windows 7', os.arch: 'amd64', os.version: '6.1', java.version: '1.8.0_181'
Driver info: com.kms.katalon.selenium.driver.CChromeDriver
Capabilities {acceptInsecureCerts: false, acceptSslCerts: false, applicationCacheEnabled: false, browserConnectionEnabled: false, browserName: chrome, chrome: {chromedriverVersion: 2.43.600210 (68dcf5eebde371..., userDataDir: C:\Users\Admin\AppData\Loca...}, cssSelectorsEnabled: true, databaseEnabled: false, goog:chromeOptions: {debuggerAddress: localhost:62012}, handlesAlerts: true, hasTouchScreen: false, javascriptEnabled: true, locationContextEnabled: true, mobileEmulationEnabled: false, nativeEvents: true, networkConnectionEnabled: false, pageLoadStrategy: normal, platform: XP, platformName: XP, rotatable: false, setWindowRect: true, takesHeapSnapshot: true, takesScreenshot: true, unexpectedAlertBehaviour: , unhandledPromptBehavior: , version: 70.0.3538.110, webStorageEnabled: true}
Session ID: 132b41638335f378a0a04f1e5c0b5e6d)
[[ATTACHMENT|C:\\Users\\Admin\\Desktop\\PKS\\Perkeso Phase A\\Reports\\Workflow\\New Registration\\20181213_194711\\1544715005705.png]]

2018-12-13 23:30:06 - [TEST_STEP][PASSED] - delay: Delayed 2 second(s)

2018-12-13 23:30:08 - [MESSAGE][PASSED] - Delayed 2 second(s)

2018-12-13 23:30:08 - [TEST_STEP][PASSED] - click: Object: 'Object Repository/Final Object Repo/New Registration - Registration Module Pages/New Reg - OTC to RO/Special Case - All Related Objects/Click Search' is clicked on

2018-12-13 23:30:08 - [MESSAGE][PASSED] - Object: 'Object Repository/Final Object Repo/New Registration - Registration Module Pages/New Reg - OTC to RO/Special Case - All Related Objects/Click Search' is clicked on

2018-12-13 23:30:08 - [TEST_STEP][PASSED] - delay: Delayed 2 second(s)

2018-12-13 23:30:10 - [MESSAGE][PASSED] - Delayed 2 second(s)

2018-12-13 23:30:10 - [TEST_STEP][PASSED] - click: Object: 'Object Repository/Final Object Repo/New Registration - Registration Module Pages/New Reg - OTC to RO/Special Case - All Related Objects/Click to Continue Workflow' is clicked on

2018-12-13 23:30:13 - [MESSAGE][PASSED] - Object: 'Object Repository/Final Object Repo/New Registration - Registration Module Pages/New Reg - OTC to RO/Special Case - All Related Objects/Click to Continue Workflow' is clicked on

2018-12-13 23:30:13 - [TEST_STEP][PASSED] - delay: Delayed 2 second(s)

2018-12-13 23:30:15 - [MESSAGE][PASSED] - Delayed 2 second(s)

2018-12-13 23:30:15 - [TEST_STEP][PASSED] - click: Object: 'Object Repository/Final Object Repo/New Registration - Registration Module Pages/New Reg - OTC to RO/Special Case - All Related Objects/Continue Button in verifying case' is clicked on

2018-12-13 23:30:17 - [MESSAGE][PASSED] - Object: 'Object Repository/Final Object Repo/New Registration - Registration Module Pages/New Reg - OTC to RO/Special Case - All Related Objects/Continue Button in verifying case' is clicked on

2018-12-13 23:30:17 - [TEST_STEP][PASSED] - delay: Delayed 2 second(s)

2018-12-13 23:30:19 - [MESSAGE][PASSED] - Delayed 2 second(s)

2018-12-13 23:30:19 - [TEST_STEP][PASSED] - click: Object: 'Object Repository/Final Object Repo/New Registration - Registration Module Pages/Form 1/Registered As a Branch - Yes' is clicked on

2018-12-13 23:30:19 - [MESSAGE][PASSED] - Object: 'Object Repository/Final Object Repo/New Registration - Registration Module Pages/Form 1/Registered As a Branch - Yes' is clicked on

2018-12-13 23:30:19 - [TEST_STEP][PASSED] - delay: Delayed 2 second(s)

2018-12-13 23:30:21 - [MESSAGE][PASSED] - Delayed 2 second(s)

2018-12-13 23:30:21 - [TEST_STEP][PASSED] - click: Object: 'Object Repository/Final Object Repo/New Registration - Registration Module Pages/New Reg - OTC to RO/Special Case - All Related Objects/Form 1 Save n Continue' is clicked on

2018-12-13 23:30:21 - [MESSAGE][PASSED] - Object: 'Object Repository/Final Object Repo/New Registration - Registration Module Pages/New Reg - OTC to RO/Special Case - All Related Objects/Form 1 Save n Continue' is clicked on

2018-12-13 23:30:21 - [TEST_STEP][PASSED] - delay: Delayed 2 second(s)

2018-12-13 23:30:23 - [MESSAGE][PASSED] - Delayed 2 second(s)

2018-12-13 23:30:23 - [TEST_STEP][PASSED] - click: Object: 'Object Repository/Final Object Repo/New Registration - Registration Module Pages/New Reg - OTC to RO/Special Case - All Related Objects/Form 2 Save n Continue' is clicked on

2018-12-13 23:30:23 - [MESSAGE][PASSED] - Object: 'Object Repository/Final Object Repo/New Registration - Registration Module Pages/New Reg - OTC to RO/Special Case - All Related Objects/Form 2 Save n Continue' is clicked on

2018-12-13 23:30:23 - [TEST_STEP][PASSED] - delay: Delayed 2 second(s)

2018-12-13 23:30:25 - [MESSAGE][PASSED] - Delayed 2 second(s)

2018-12-13 23:30:25 - [TEST_STEP][PASSED] - click: Object: 'Object Repository/Final Object Repo/New Registration - Registration Module Pages/New Reg - OTC to RO/Special Case - All Related Objects/Third Screen Save n Continue' is clicked on

2018-12-13 23:30:30 - [MESSAGE][PASSED] - Object: 'Object Repository/Final Object Repo/New Registration - Registration Module Pages/New Reg - OTC to RO/Special Case - All Related Objects/Third Screen Save n Continue' is clicked on

2018-12-13 23:30:30 - [TEST_STEP][PASSED] - delay: Delayed 5 second(s)

2018-12-13 23:30:35 - [MESSAGE][PASSED] - Delayed 5 second(s)

2018-12-13 23:30:35 - [TEST_STEP][PASSED] - click: Object: 'Object Repository/Final Object Repo/New Registration - Registration Module Pages/New Reg - OTC to RO/Special Case - All Related Objects/Upload Doc Page Save n Continue' is clicked on

2018-12-13 23:30:36 - [MESSAGE][PASSED] - Object: 'Object Repository/Final Object Repo/New Registration - Registration Module Pages/New Reg - OTC to RO/Special Case - All Related Objects/Upload Doc Page Save n Continue' is clicked on

2018-12-13 23:30:36 - [TEST_STEP][PASSED] - callTestCase: Call Test Case 'Test Cases/Final Aug 2018 - PKS Automation/Registration Module/New Registration/Submit and Screenshot/Submit Registration and Screenshot' successfully

2018-12-13 23:30:36 - [TEST_CASE][PASSED] - Test Cases/Final Aug 2018 - PKS Automation/Registration Module/New Registration/Submit and Screenshot/Submit Registration and Screenshot: Test Cases/Final Aug 2018 - PKS Automation/Registration Module/New Registration/Submit and Screenshot/Submit Registration and Screenshot

2018-12-13 23:30:36 - [TEST_STEP][PASSED] - delay: Delayed 6 second(s)

2018-12-13 23:30:42 - [MESSAGE][PASSED] - Delayed 6 second(s)

2018-12-13 23:30:42 - [TEST_STEP][PASSED] - click: Object: 'Object Repository/Final Object Repo/New Registration - Registration Module Pages/Third Screen - Upload Supporting Doc- Preview/Preview Submit Button' is clicked on

2018-12-13 23:30:42 - [MESSAGE][PASSED] - Object: 'Object Repository/Final Object Repo/New Registration - Registration Module Pages/Third Screen - Upload Supporting Doc- Preview/Preview Submit Button' is clicked on

2018-12-13 23:30:42 - [TEST_STEP][PASSED] - delay: Delayed 2 second(s)

2018-12-13 23:30:44 - [MESSAGE][PASSED] - Delayed 2 second(s)

2018-12-13 23:30:44 - [TEST_STEP][PASSED] - click: Object: 'Object Repository/Final Object Repo/New Registration - Registration Module Pages/Third Screen - Upload Supporting Doc- Preview/Preview Submit - Confirm' is clicked on

2018-12-13 23:30:44 - [MESSAGE][PASSED] - Object: 'Object Repository/Final Object Repo/New Registration - Registration Module Pages/Third Screen - Upload Supporting Doc- Preview/Preview Submit - Confirm' is clicked on

2018-12-13 23:30:44 - [TEST_STEP][PASSED] - delay: Delayed 15 second(s)

2018-12-13 23:30:59 - [MESSAGE][PASSED] - Delayed 15 second(s)

2018-12-13 23:30:59 - [TEST_STEP][PASSED] - Statement - driver = com.kms.katalon.core.webui.driver.DriverFactory.getWebDriver(): null

2018-12-13 23:30:59 - [TEST_STEP][PASSED] - Statement - driver.manage().timeouts().implicitlyWait(10, SECONDS): null

2018-12-13 23:30:59 - [TEST_STEP][PASSED] - Statement - PresavePath = KatalonScreenshots: null

2018-12-13 23:30:59 - [TEST_STEP][PASSED] - Statement - pathPrefix = "C:\Users\Public\Pictures\Sample Pictures\Katalon Screenshots\Automate Ending Screen": null

2018-12-13 23:30:59 - [TEST_STEP][PASSED] - Statement - finalPath = <not implemented yet for class: org.codehaus.groovy.ast.expr.EmptyExpression>: null

2018-12-13 23:30:59 - [TEST_STEP][PASSED] - Statement - scrFile = driver.getScreenshotAs(FILE): null

2018-12-13 23:30:59 - [TEST_STEP][PASSED] - Statement - PreSaveFile = new java.io.File(PresavePath): null

2018-12-13 23:30:59 - [TEST_STEP][PASSED] - Statement - counter = 0: null

2018-12-13 23:30:59 - [TEST_STEP][PASSED] - Statement - If (PreSaveFile.exists()): null

2018-12-13 23:30:59 - [TEST_STEP][PASSED] - Statement - While (PreSaveFile.exists()): null

2018-12-13 23:30:59 - [TEST_STEP][PASSED] - Statement - counter = counter + 1: null

2018-12-13 23:30:59 - [TEST_STEP][PASSED] - Statement - PreSaveFile = new java.io.File(((pathPrefix + java.lang.Integer.toString(counter)) + .png)): null

2018-12-13 23:30:59 - [TEST_STEP][PASSED] - Statement - counter = counter + 1: null

2018-12-13 23:30:59 - [TEST_STEP][PASSED] - Statement - PreSaveFile = new java.io.File(((pathPrefix + java.lang.Integer.toString(counter)) + .png)): null

2018-12-13 23:30:59 - [TEST_STEP][PASSED] - Statement - counter = counter + 1: null

2018-12-13 23:30:59 - [TEST_STEP][PASSED] - Statement - PreSaveFile = new java.io.File(((pathPrefix + java.lang.Integer.toString(counter)) + .png)): null

2018-12-13 23:30:59 - [TEST_STEP][PASSED] - Statement - counter = counter + 1: null

2018-12-13 23:30:59 - [TEST_STEP][PASSED] - Statement - PreSaveFile = new java.io.File(((pathPrefix + java.lang.Integer.toString(counter)) + .png)): null

2018-12-13 23:30:59 - [TEST_STEP][PASSED] - Statement - counter = counter + 1: null

2018-12-13 23:30:59 - [TEST_STEP][PASSED] - Statement - PreSaveFile = new java.io.File(((pathPrefix + java.lang.Integer.toString(counter)) + .png)): null

2018-12-13 23:30:59 - [TEST_STEP][PASSED] - Statement - counter = counter + 1: null

2018-12-13 23:30:59 - [TEST_STEP][PASSED] - Statement - PreSaveFile = new java.io.File(((pathPrefix + java.lang.Integer.toString(counter)) + .png)): null

2018-12-13 23:30:59 - [TEST_STEP][PASSED] - Statement - counter = counter + 1: null

2018-12-13 23:30:59 - [TEST_STEP][PASSED] - Statement - PreSaveFile = new java.io.File(((pathPrefix + java.lang.Integer.toString(counter)) + .png)): null

2018-12-13 23:30:59 - [TEST_STEP][PASSED] - Statement - counter = counter + 1: null

2018-12-13 23:30:59 - [TEST_STEP][PASSED] - Statement - PreSaveFile = new java.io.File(((pathPrefix + java.lang.Integer.toString(counter)) + .png)): null

2018-12-13 23:30:59 - [TEST_STEP][PASSED] - Statement - counter = counter + 1: null

2018-12-13 23:30:59 - [TEST_STEP][PASSED] - Statement - PreSaveFile = new java.io.File(((pathPrefix + java.lang.Integer.toString(counter)) + .png)): null

2018-12-13 23:30:59 - [TEST_STEP][PASSED] - Statement - counter = counter + 1: null

2018-12-13 23:30:59 - [TEST_STEP][PASSED] - Statement - PreSaveFile = new java.io.File(((pathPrefix + java.lang.Integer.toString(counter)) + .png)): null

2018-12-13 23:30:59 - [TEST_STEP][PASSED] - Statement - counter = counter + 1: null

2018-12-13 23:30:59 - [TEST_STEP][PASSED] - Statement - PreSaveFile = new java.io.File(((pathPrefix + java.lang.Integer.toString(counter)) + .png)): null

2018-12-13 23:30:59 - [TEST_STEP][PASSED] - Statement - counter = counter + 1: null

2018-12-13 23:30:59 - [TEST_STEP][PASSED] - Statement - PreSaveFile = new java.io.File(((pathPrefix + java.lang.Integer.toString(counter)) + .png)): null

2018-12-13 23:30:59 - [TEST_STEP][PASSED] - Statement - counter = counter + 1: null

2018-12-13 23:30:59 - [TEST_STEP][PASSED] - Statement - PreSaveFile = new java.io.File(((pathPrefix + java.lang.Integer.toString(counter)) + .png)): null

2018-12-13 23:30:59 - [TEST_STEP][PASSED] - Statement - counter = counter + 1: null

2018-12-13 23:30:59 - [TEST_STEP][PASSED] - Statement - PreSaveFile = new java.io.File(((pathPrefix + java.lang.Integer.toString(counter)) + .png)): null

2018-12-13 23:30:59 - [TEST_STEP][PASSED] - Statement - counter = counter + 1: null

2018-12-13 23:30:59 - [TEST_STEP][PASSED] - Statement - PreSaveFile = new java.io.File(((pathPrefix + java.lang.Integer.toString(counter)) + .png)): null

2018-12-13 23:30:59 - [TEST_STEP][PASSED] - Statement - counter = counter + 1: null

2018-12-13 23:30:59 - [TEST_STEP][PASSED] - Statement - PreSaveFile = new java.io.File(((pathPrefix + java.lang.Integer.toString(counter)) + .png)): null

2018-12-13 23:30:59 - [TEST_STEP][PASSED] - Statement - counter = counter + 1: null

2018-12-13 23:30:59 - [TEST_STEP][PASSED] - Statement - PreSaveFile = new java.io.File(((pathPrefix + java.lang.Integer.toString(counter)) + .png)): null

2018-12-13 23:30:59 - [TEST_STEP][PASSED] - Statement - counter = counter + 1: null

2018-12-13 23:30:59 - [TEST_STEP][PASSED] - Statement - PreSaveFile = new java.io.File(((pathPrefix + java.lang.Integer.toString(counter)) + .png)): null

2018-12-13 23:30:59 - [TEST_STEP][PASSED] - Statement - counter = counter + 1: null

2018-12-13 23:30:59 - [TEST_STEP][PASSED] - Statement - PreSaveFile = new java.io.File(((pathPrefix + java.lang.Integer.toString(counter)) + .png)): null

2018-12-13 23:30:59 - [TEST_STEP][PASSED] - Statement - counter = counter + 1: null

2018-12-13 23:30:59 - [TEST_STEP][PASSED] - Statement - PreSaveFile = new java.io.File(((pathPrefix + java.lang.Integer.toString(counter)) + .png)): null

2018-12-13 23:30:59 - [TEST_STEP][PASSED] - Statement - counter = counter + 1: null

2018-12-13 23:30:59 - [TEST_STEP][PASSED] - Statement - PreSaveFile = new java.io.File(((pathPrefix + java.lang.Integer.toString(counter)) + .png)): null

2018-12-13 23:30:59 - [TEST_STEP][PASSED] - Statement - counter = counter + 1: null

2018-12-13 23:30:59 - [TEST_STEP][PASSED] - Statement - PreSaveFile = new java.io.File(((pathPrefix + java.lang.Integer.toString(counter)) + .png)): null

2018-12-13 23:30:59 - [TEST_STEP][PASSED] - Statement - counter = counter + 1: null

2018-12-13 23:30:59 - [TEST_STEP][PASSED] - Statement - PreSaveFile = new java.io.File(((pathPrefix + java.lang.Integer.toString(counter)) + .png)): null

2018-12-13 23:30:59 - [TEST_STEP][PASSED] - Statement - counter = counter + 1: null

2018-12-13 23:30:59 - [TEST_STEP][PASSED] - Statement - PreSaveFile = new java.io.File(((pathPrefix + java.lang.Integer.toString(counter)) + .png)): null

2018-12-13 23:30:59 - [TEST_STEP][PASSED] - Statement - counter = counter + 1: null

2018-12-13 23:30:59 - [TEST_STEP][PASSED] - Statement - PreSaveFile = new java.io.File(((pathPrefix + java.lang.Integer.toString(counter)) + .png)): null

2018-12-13 23:30:59 - [TEST_STEP][PASSED] - Statement - counter = counter + 1: null

2018-12-13 23:30:59 - [TEST_STEP][PASSED] - Statement - PreSaveFile = new java.io.File(((pathPrefix + java.lang.Integer.toString(counter)) + .png)): null

2018-12-13 23:30:59 - [TEST_STEP][PASSED] - Statement - counter = counter + 1: null

2018-12-13 23:30:59 - [TEST_STEP][PASSED] - Statement - PreSaveFile = new java.io.File(((pathPrefix + java.lang.Integer.toString(counter)) + .png)): null

2018-12-13 23:30:59 - [TEST_STEP][PASSED] - Statement - counter = counter + 1: null

2018-12-13 23:30:59 - [TEST_STEP][PASSED] - Statement - PreSaveFile = new java.io.File(((pathPrefix + java.lang.Integer.toString(counter)) + .png)): null

2018-12-13 23:30:59 - [TEST_STEP][PASSED] - Statement - counter = counter + 1: null

2018-12-13 23:30:59 - [TEST_STEP][PASSED] - Statement - PreSaveFile = new java.io.File(((pathPrefix + java.lang.Integer.toString(counter)) + .png)): null

2018-12-13 23:30:59 - [TEST_STEP][PASSED] - Statement - counter = counter + 1: null

2018-12-13 23:30:59 - [TEST_STEP][PASSED] - Statement - PreSaveFile = new java.io.File(((pathPrefix + java.lang.Integer.toString(counter)) + .png)): null

2018-12-13 23:30:59 - [TEST_STEP][PASSED] - Statement - counter = counter + 1: null

2018-12-13 23:30:59 - [TEST_STEP][PASSED] - Statement - PreSaveFile = new java.io.File(((pathPrefix + java.lang.Integer.toString(counter)) + .png)): null

2018-12-13 23:30:59 - [TEST_STEP][PASSED] - Statement - counter = counter + 1: null

2018-12-13 23:30:59 - [TEST_STEP][PASSED] - Statement - PreSaveFile = new java.io.File(((pathPrefix + java.lang.Integer.toString(counter)) + .png)): null

2018-12-13 23:30:59 - [TEST_STEP][PASSED] - Statement - counter = counter + 1: null

2018-12-13 23:30:59 - [TEST_STEP][PASSED] - Statement - PreSaveFile = new java.io.File(((pathPrefix + java.lang.Integer.toString(counter)) + .png)): null

2018-12-13 23:30:59 - [TEST_STEP][PASSED] - Statement - counter = counter + 1: null

2018-12-13 23:30:59 - [TEST_STEP][PASSED] - Statement - PreSaveFile = new java.io.File(((pathPrefix + java.lang.Integer.toString(counter)) + .png)): null

2018-12-13 23:30:59 - [TEST_STEP][PASSED] - Statement - counter = counter + 1: null

2018-12-13 23:30:59 - [TEST_STEP][PASSED] - Statement - PreSaveFile = new java.io.File(((pathPrefix + java.lang.Integer.toString(counter)) + .png)): null

2018-12-13 23:30:59 - [TEST_STEP][PASSED] - Statement - counter = counter + 1: null

2018-12-13 23:30:59 - [TEST_STEP][PASSED] - Statement - PreSaveFile = new java.io.File(((pathPrefix + java.lang.Integer.toString(counter)) + .png)): null

2018-12-13 23:30:59 - [TEST_STEP][PASSED] - Statement - counter = counter + 1: null

2018-12-13 23:30:59 - [TEST_STEP][PASSED] - Statement - PreSaveFile = new java.io.File(((pathPrefix + java.lang.Integer.toString(counter)) + .png)): null

2018-12-13 23:30:59 - [TEST_STEP][PASSED] - Statement - counter = counter + 1: null

2018-12-13 23:30:59 - [TEST_STEP][PASSED] - Statement - PreSaveFile = new java.io.File(((pathPrefix + java.lang.Integer.toString(counter)) + .png)): null

2018-12-13 23:30:59 - [TEST_STEP][PASSED] - Statement - counter = counter + 1: null

2018-12-13 23:30:59 - [TEST_STEP][PASSED] - Statement - PreSaveFile = new java.io.File(((pathPrefix + java.lang.Integer.toString(counter)) + .png)): null

2018-12-13 23:30:59 - [TEST_STEP][PASSED] - Statement - counter = counter + 1: null

2018-12-13 23:30:59 - [TEST_STEP][PASSED] - Statement - PreSaveFile = new java.io.File(((pathPrefix + java.lang.Integer.toString(counter)) + .png)): null

2018-12-13 23:30:59 - [TEST_STEP][PASSED] - Statement - counter = counter + 1: null

2018-12-13 23:30:59 - [TEST_STEP][PASSED] - Statement - PreSaveFile = new java.io.File(((pathPrefix + java.lang.Integer.toString(counter)) + .png)): null

2018-12-13 23:30:59 - [TEST_STEP][PASSED] - Statement - counter = counter + 1: null

2018-12-13 23:30:59 - [TEST_STEP][PASSED] - Statement - PreSaveFile = new java.io.File(((pathPrefix + java.lang.Integer.toString(counter)) + .png)): null

2018-12-13 23:30:59 - [TEST_STEP][PASSED] - Statement - counter = counter + 1: null

2018-12-13 23:30:59 - [TEST_STEP][PASSED] - Statement - PreSaveFile = new java.io.File(((pathPrefix + java.lang.Integer.toString(counter)) + .png)): null

2018-12-13 23:30:59 - [TEST_STEP][PASSED] - Statement - counter = counter + 1: null

2018-12-13 23:30:59 - [TEST_STEP][PASSED] - Statement - PreSaveFile = new java.io.File(((pathPrefix + java.lang.Integer.toString(counter)) + .png)): null

2018-12-13 23:30:59 - [TEST_STEP][PASSED] - Statement - counter = counter + 1: null

2018-12-13 23:30:59 - [TEST_STEP][PASSED] - Statement - PreSaveFile = new java.io.File(((pathPrefix + java.lang.Integer.toString(counter)) + .png)): null

2018-12-13 23:30:59 - [TEST_STEP][PASSED] - Statement - counter = counter + 1: null

2018-12-13 23:30:59 - [TEST_STEP][PASSED] - Statement - PreSaveFile = new java.io.File(((pathPrefix + java.lang.Integer.toString(counter)) + .png)): null

2018-12-13 23:30:59 - [TEST_STEP][PASSED] - Statement - counter = counter + 1: null

2018-12-13 23:30:59 - [TEST_STEP][PASSED] - Statement - PreSaveFile = new java.io.File(((pathPrefix + java.lang.Integer.toString(counter)) + .png)): null

2018-12-13 23:31:00 - [TEST_STEP][PASSED] - Statement - counter = counter + 1: null

2018-12-13 23:31:00 - [TEST_STEP][PASSED] - Statement - PreSaveFile = new java.io.File(((pathPrefix + java.lang.Integer.toString(counter)) + .png)): null

2018-12-13 23:31:00 - [TEST_STEP][PASSED] - Statement - counter = counter + 1: null

2018-12-13 23:31:00 - [TEST_STEP][PASSED] - Statement - PreSaveFile = new java.io.File(((pathPrefix + java.lang.Integer.toString(counter)) + .png)): null

2018-12-13 23:31:00 - [TEST_STEP][PASSED] - Statement - counter = counter + 1: null

2018-12-13 23:31:00 - [TEST_STEP][PASSED] - Statement - PreSaveFile = new java.io.File(((pathPrefix + java.lang.Integer.toString(counter)) + .png)): null

2018-12-13 23:31:00 - [TEST_STEP][PASSED] - Statement - counter = counter + 1: null

2018-12-13 23:31:00 - [TEST_STEP][PASSED] - Statement - PreSaveFile = new java.io.File(((pathPrefix + java.lang.Integer.toString(counter)) + .png)): null

2018-12-13 23:31:00 - [TEST_STEP][PASSED] - Statement - counter = counter + 1: null

2018-12-13 23:31:00 - [TEST_STEP][PASSED] - Statement - PreSaveFile = new java.io.File(((pathPrefix + java.lang.Integer.toString(counter)) + .png)): null

2018-12-13 23:31:00 - [TEST_STEP][PASSED] - Statement - counter = counter + 1: null

2018-12-13 23:31:00 - [TEST_STEP][PASSED] - Statement - PreSaveFile = new java.io.File(((pathPrefix + java.lang.Integer.toString(counter)) + .png)): null

2018-12-13 23:31:00 - [TEST_STEP][PASSED] - Statement - counter = counter + 1: null

2018-12-13 23:31:00 - [TEST_STEP][PASSED] - Statement - PreSaveFile = new java.io.File(((pathPrefix + java.lang.Integer.toString(counter)) + .png)): null

2018-12-13 23:31:00 - [TEST_STEP][PASSED] - Statement - counter = counter + 1: null

2018-12-13 23:31:00 - [TEST_STEP][PASSED] - Statement - PreSaveFile = new java.io.File(((pathPrefix + java.lang.Integer.toString(counter)) + .png)): null

2018-12-13 23:31:00 - [TEST_STEP][PASSED] - Statement - counter = counter + 1: null

2018-12-13 23:31:00 - [TEST_STEP][PASSED] - Statement - PreSaveFile = new java.io.File(((pathPrefix + java.lang.Integer.toString(counter)) + .png)): null

2018-12-13 23:31:00 - [TEST_STEP][PASSED] - Statement - counter = counter + 1: null

2018-12-13 23:31:00 - [TEST_STEP][PASSED] - Statement - PreSaveFile = new java.io.File(((pathPrefix + java.lang.Integer.toString(counter)) + .png)): null

2018-12-13 23:31:00 - [TEST_STEP][PASSED] - Statement - counter = counter + 1: null

2018-12-13 23:31:00 - [TEST_STEP][PASSED] - Statement - PreSaveFile = new java.io.File(((pathPrefix + java.lang.Integer.toString(counter)) + .png)): null

2018-12-13 23:31:00 - [TEST_STEP][PASSED] - Statement - counter = counter + 1: null

2018-12-13 23:31:00 - [TEST_STEP][PASSED] - Statement - PreSaveFile = new java.io.File(((pathPrefix + java.lang.Integer.toString(counter)) + .png)): null

2018-12-13 23:31:00 - [TEST_STEP][PASSED] - Statement - counter = counter + 1: null

2018-12-13 23:31:00 - [TEST_STEP][PASSED] - Statement - PreSaveFile = new java.io.File(((pathPrefix + java.lang.Integer.toString(counter)) + .png)): null

2018-12-13 23:31:00 - [TEST_STEP][PASSED] - Statement - counter = counter + 1: null

2018-12-13 23:31:00 - [TEST_STEP][PASSED] - Statement - PreSaveFile = new java.io.File(((pathPrefix + java.lang.Integer.toString(counter)) + .png)): null

2018-12-13 23:31:00 - [TEST_STEP][PASSED] - Statement - counter = counter + 1: null

2018-12-13 23:31:00 - [TEST_STEP][PASSED] - Statement - PreSaveFile = new java.io.File(((pathPrefix + java.lang.Integer.toString(counter)) + .png)): null

2018-12-13 23:31:00 - [TEST_STEP][PASSED] - Statement - counter = counter + 1: null

2018-12-13 23:31:00 - [TEST_STEP][PASSED] - Statement - PreSaveFile = new java.io.File(((pathPrefix + java.lang.Integer.toString(counter)) + .png)): null

2018-12-13 23:31:00 - [TEST_STEP][PASSED] - Statement - counter = counter + 1: null

2018-12-13 23:31:00 - [TEST_STEP][PASSED] - Statement - PreSaveFile = new java.io.File(((pathPrefix + java.lang.Integer.toString(counter)) + .png)): null

2018-12-13 23:31:00 - [TEST_STEP][PASSED] - Statement - counter = counter + 1: null

2018-12-13 23:31:00 - [TEST_STEP][PASSED] - Statement - PreSaveFile = new java.io.File(((pathPrefix + java.lang.Integer.toString(counter)) + .png)): null

2018-12-13 23:31:00 - [TEST_STEP][PASSED] - Statement - counter = counter + 1: null

2018-12-13 23:31:00 - [TEST_STEP][PASSED] - Statement - PreSaveFile = new java.io.File(((pathPrefix + java.lang.Integer.toString(counter)) + .png)): null

2018-12-13 23:31:00 - [TEST_STEP][PASSED] - Statement - counter = counter + 1: null

2018-12-13 23:31:00 - [TEST_STEP][PASSED] - Statement - PreSaveFile = new java.io.File(((pathPrefix + java.lang.Integer.toString(counter)) + .png)): null

2018-12-13 23:31:00 - [TEST_STEP][PASSED] - Statement - counter = counter + 1: null

2018-12-13 23:31:00 - [TEST_STEP][PASSED] - Statement - PreSaveFile = new java.io.File(((pathPrefix + java.lang.Integer.toString(counter)) + .png)): null

2018-12-13 23:31:00 - [TEST_STEP][PASSED] - Statement - counter = counter + 1: null

2018-12-13 23:31:00 - [TEST_STEP][PASSED] - Statement - PreSaveFile = new java.io.File(((pathPrefix + java.lang.Integer.toString(counter)) + .png)): null

2018-12-13 23:31:00 - [TEST_STEP][PASSED] - Statement - counter = counter + 1: null

2018-12-13 23:31:00 - [TEST_STEP][PASSED] - Statement - PreSaveFile = new java.io.File(((pathPrefix + java.lang.Integer.toString(counter)) + .png)): null

2018-12-13 23:31:00 - [TEST_STEP][PASSED] - Statement - counter = counter + 1: null

2018-12-13 23:31:00 - [TEST_STEP][PASSED] - Statement - PreSaveFile = new java.io.File(((pathPrefix + java.lang.Integer.toString(counter)) + .png)): null

2018-12-13 23:31:00 - [TEST_STEP][PASSED] - Statement - counter = counter + 1: null

2018-12-13 23:31:00 - [TEST_STEP][PASSED] - Statement - PreSaveFile = new java.io.File(((pathPrefix + java.lang.Integer.toString(counter)) + .png)): null

2018-12-13 23:31:00 - [TEST_STEP][PASSED] - Statement - counter = counter + 1: null

2018-12-13 23:31:00 - [TEST_STEP][PASSED] - Statement - PreSaveFile = new java.io.File(((pathPrefix + java.lang.Integer.toString(counter)) + .png)): null

2018-12-13 23:31:00 - [TEST_STEP][PASSED] - Statement - counter = counter + 1: null

2018-12-13 23:31:00 - [TEST_STEP][PASSED] - Statement - PreSaveFile = new java.io.File(((pathPrefix + java.lang.Integer.toString(counter)) + .png)): null

2018-12-13 23:31:00 - [TEST_STEP][PASSED] - Statement - counter = counter + 1: null

2018-12-13 23:31:00 - [TEST_STEP][PASSED] - Statement - PreSaveFile = new java.io.File(((pathPrefix + java.lang.Integer.toString(counter)) + .png)): null

2018-12-13 23:31:00 - [TEST_STEP][PASSED] - Statement - counter = counter + 1: null

2018-12-13 23:31:00 - [TEST_STEP][PASSED] - Statement - PreSaveFile = new java.io.File(((pathPrefix + java.lang.Integer.toString(counter)) + .png)): null

2018-12-13 23:31:00 - [TEST_STEP][PASSED] - Statement - counter = counter + 1: null

2018-12-13 23:31:00 - [TEST_STEP][PASSED] - Statement - PreSaveFile = new java.io.File(((pathPrefix + java.lang.Integer.toString(counter)) + .png)): null

2018-12-13 23:31:00 - [TEST_STEP][PASSED] - Statement - counter = counter + 1: null

2018-12-13 23:31:00 - [TEST_STEP][PASSED] - Statement - PreSaveFile = new java.io.File(((pathPrefix + java.lang.Integer.toString(counter)) + .png)): null

2018-12-13 23:31:00 - [TEST_STEP][PASSED] - Statement - counter = counter + 1: null

2018-12-13 23:31:00 - [TEST_STEP][PASSED] - Statement - PreSaveFile = new java.io.File(((pathPrefix + java.lang.Integer.toString(counter)) + .png)): null

2018-12-13 23:31:00 - [TEST_STEP][PASSED] - Statement - counter = counter + 1: null

2018-12-13 23:31:00 - [TEST_STEP][PASSED] - Statement - PreSaveFile = new java.io.File(((pathPrefix + java.lang.Integer.toString(counter)) + .png)): null

2018-12-13 23:31:00 - [TEST_STEP][PASSED] - Statement - counter = counter + 1: null

2018-12-13 23:31:00 - [TEST_STEP][PASSED] - Statement - PreSaveFile = new java.io.File(((pathPrefix + java.lang.Integer.toString(counter)) + .png)): null

2018-12-13 23:31:00 - [TEST_STEP][PASSED] - Statement - counter = counter + 1: null

2018-12-13 23:31:00 - [TEST_STEP][PASSED] - Statement - PreSaveFile = new java.io.File(((pathPrefix + java.lang.Integer.toString(counter)) + .png)): null

2018-12-13 23:31:00 - [TEST_STEP][PASSED] - Statement - counter = counter + 1: null

2018-12-13 23:31:00 - [TEST_STEP][PASSED] - Statement - PreSaveFile = new java.io.File(((pathPrefix + java.lang.Integer.toString(counter)) + .png)): null

2018-12-13 23:31:00 - [TEST_STEP][PASSED] - Statement - counter = counter + 1: null

2018-12-13 23:31:00 - [TEST_STEP][PASSED] - Statement - PreSaveFile = new java.io.File(((pathPrefix + java.lang.Integer.toString(counter)) + .png)): null

2018-12-13 23:31:00 - [TEST_STEP][PASSED] - Statement - counter = counter + 1: null

2018-12-13 23:31:00 - [TEST_STEP][PASSED] - Statement - PreSaveFile = new java.io.File(((pathPrefix + java.lang.Integer.toString(counter)) + .png)): null

2018-12-13 23:31:00 - [TEST_STEP][PASSED] - Statement - counter = counter + 1: null

2018-12-13 23:31:00 - [TEST_STEP][PASSED] - Statement - PreSaveFile = new java.io.File(((pathPrefix + java.lang.Integer.toString(counter)) + .png)): null

2018-12-13 23:31:00 - [TEST_STEP][PASSED] - Statement - counter = counter + 1: null

2018-12-13 23:31:00 - [TEST_STEP][PASSED] - Statement - PreSaveFile = new java.io.File(((pathPrefix + java.lang.Integer.toString(counter)) + .png)): null

2018-12-13 23:31:00 - [TEST_STEP][PASSED] - Statement - counter = counter + 1: null

2018-12-13 23:31:00 - [TEST_STEP][PASSED] - Statement - PreSaveFile = new java.io.File(((pathPrefix + java.lang.Integer.toString(counter)) + .png)): null

2018-12-13 23:31:00 - [TEST_STEP][PASSED] - Statement - counter = counter + 1: null

2018-12-13 23:31:00 - [TEST_STEP][PASSED] - Statement - PreSaveFile = new java.io.File(((pathPrefix + java.lang.Integer.toString(counter)) + .png)): null

2018-12-13 23:31:00 - [TEST_STEP][PASSED] - Statement - counter = counter + 1: null

2018-12-13 23:31:00 - [TEST_STEP][PASSED] - Statement - PreSaveFile = new java.io.File(((pathPrefix + java.lang.Integer.toString(counter)) + .png)): null

2018-12-13 23:31:00 - [TEST_STEP][PASSED] - Statement - counter = counter + 1: null

2018-12-13 23:31:00 - [TEST_STEP][PASSED] - Statement - PreSaveFile = new java.io.File(((pathPrefix + java.lang.Integer.toString(counter)) + .png)): null

2018-12-13 23:31:00 - [TEST_STEP][PASSED] - Statement - counter = counter + 1: null

2018-12-13 23:31:00 - [TEST_STEP][PASSED] - Statement - PreSaveFile = new java.io.File(((pathPrefix + java.lang.Integer.toString(counter)) + .png)): null

2018-12-13 23:31:00 - [TEST_STEP][PASSED] - Statement - counter = counter + 1: null

2018-12-13 23:31:00 - [TEST_STEP][PASSED] - Statement - PreSaveFile = new java.io.File(((pathPrefix + java.lang.Integer.toString(counter)) + .png)): null

2018-12-13 23:31:00 - [TEST_STEP][PASSED] - Statement - counter = counter + 1: null

2018-12-13 23:31:00 - [TEST_STEP][PASSED] - Statement - PreSaveFile = new java.io.File(((pathPrefix + java.lang.Integer.toString(counter)) + .png)): null

2018-12-13 23:31:00 - [TEST_STEP][PASSED] - Statement - counter = counter + 1: null

2018-12-13 23:31:00 - [TEST_STEP][PASSED] - Statement - PreSaveFile = new java.io.File(((pathPrefix + java.lang.Integer.toString(counter)) + .png)): null

2018-12-13 23:31:00 - [TEST_STEP][PASSED] - Statement - counter = counter + 1: null

2018-12-13 23:31:00 - [TEST_STEP][PASSED] - Statement - PreSaveFile = new java.io.File(((pathPrefix + java.lang.Integer.toString(counter)) + .png)): null

2018-12-13 23:31:00 - [TEST_STEP][PASSED] - Statement - counter = counter + 1: null

2018-12-13 23:31:00 - [TEST_STEP][PASSED] - Statement - PreSaveFile = new java.io.File(((pathPrefix + java.lang.Integer.toString(counter)) + .png)): null

2018-12-13 23:31:00 - [TEST_STEP][PASSED] - Statement - counter = counter + 1: null

2018-12-13 23:31:00 - [TEST_STEP][PASSED] - Statement - PreSaveFile = new java.io.File(((pathPrefix + java.lang.Integer.toString(counter)) + .png)): null

2018-12-13 23:31:00 - [TEST_STEP][PASSED] - Statement - counter = counter + 1: null

2018-12-13 23:31:00 - [TEST_STEP][PASSED] - Statement - PreSaveFile = new java.io.File(((pathPrefix + java.lang.Integer.toString(counter)) + .png)): null

2018-12-13 23:31:00 - [TEST_STEP][PASSED] - Statement - counter = counter + 1: null

2018-12-13 23:31:00 - [TEST_STEP][PASSED] - Statement - PreSaveFile = new java.io.File(((pathPrefix + java.lang.Integer.toString(counter)) + .png)): null

2018-12-13 23:31:00 - [TEST_STEP][PASSED] - Statement - counter = counter + 1: null

2018-12-13 23:31:00 - [TEST_STEP][PASSED] - Statement - PreSaveFile = new java.io.File(((pathPrefix + java.lang.Integer.toString(counter)) + .png)): null

2018-12-13 23:31:00 - [TEST_STEP][PASSED] - Statement - counter = counter + 1: null

2018-12-13 23:31:00 - [TEST_STEP][PASSED] - Statement - PreSaveFile = new java.io.File(((pathPrefix + java.lang.Integer.toString(counter)) + .png)): null

2018-12-13 23:31:00 - [TEST_STEP][PASSED] - Statement - counter = counter + 1: null

2018-12-13 23:31:00 - [TEST_STEP][PASSED] - Statement - PreSaveFile = new java.io.File(((pathPrefix + java.lang.Integer.toString(counter)) + .png)): null

2018-12-13 23:31:00 - [TEST_STEP][PASSED] - Statement - counter = counter + 1: null

2018-12-13 23:31:00 - [TEST_STEP][PASSED] - Statement - PreSaveFile = new java.io.File(((pathPrefix + java.lang.Integer.toString(counter)) + .png)): null

2018-12-13 23:31:00 - [TEST_STEP][PASSED] - Statement - counter = counter + 1: null

2018-12-13 23:31:00 - [TEST_STEP][PASSED] - Statement - PreSaveFile = new java.io.File(((pathPrefix + java.lang.Integer.toString(counter)) + .png)): null

2018-12-13 23:31:00 - [TEST_STEP][PASSED] - Statement - counter = counter + 1: null

2018-12-13 23:31:00 - [TEST_STEP][PASSED] - Statement - PreSaveFile = new java.io.File(((pathPrefix + java.lang.Integer.toString(counter)) + .png)): null

2018-12-13 23:31:00 - [TEST_STEP][PASSED] - Statement - counter = counter + 1: null

2018-12-13 23:31:00 - [TEST_STEP][PASSED] - Statement - PreSaveFile = new java.io.File(((pathPrefix + java.lang.Integer.toString(counter)) + .png)): null

2018-12-13 23:31:00 - [TEST_STEP][PASSED] - Statement - counter = counter + 1: null

2018-12-13 23:31:00 - [TEST_STEP][PASSED] - Statement - PreSaveFile = new java.io.File(((pathPrefix + java.lang.Integer.toString(counter)) + .png)): null

2018-12-13 23:31:00 - [TEST_STEP][PASSED] - Statement - counter = counter + 1: null

2018-12-13 23:31:00 - [TEST_STEP][PASSED] - Statement - PreSaveFile = new java.io.File(((pathPrefix + java.lang.Integer.toString(counter)) + .png)): null

2018-12-13 23:31:00 - [TEST_STEP][PASSED] - Statement - counter = counter + 1: null

2018-12-13 23:31:00 - [TEST_STEP][PASSED] - Statement - PreSaveFile = new java.io.File(((pathPrefix + java.lang.Integer.toString(counter)) + .png)): null

2018-12-13 23:31:00 - [TEST_STEP][PASSED] - Statement - counter = counter + 1: null

2018-12-13 23:31:00 - [TEST_STEP][PASSED] - Statement - PreSaveFile = new java.io.File(((pathPrefix + java.lang.Integer.toString(counter)) + .png)): null

2018-12-13 23:31:00 - [TEST_STEP][PASSED] - Statement - counter = counter + 1: null

2018-12-13 23:31:00 - [TEST_STEP][PASSED] - Statement - PreSaveFile = new java.io.File(((pathPrefix + java.lang.Integer.toString(counter)) + .png)): null

2018-12-13 23:31:00 - [TEST_STEP][PASSED] - Statement - counter = counter + 1: null

2018-12-13 23:31:00 - [TEST_STEP][PASSED] - Statement - PreSaveFile = new java.io.File(((pathPrefix + java.lang.Integer.toString(counter)) + .png)): null

2018-12-13 23:31:00 - [TEST_STEP][PASSED] - Statement - counter = counter + 1: null

2018-12-13 23:31:00 - [TEST_STEP][PASSED] - Statement - PreSaveFile = new java.io.File(((pathPrefix + java.lang.Integer.toString(counter)) + .png)): null

2018-12-13 23:31:00 - [TEST_STEP][PASSED] - Statement - counter = counter + 1: null

2018-12-13 23:31:00 - [TEST_STEP][PASSED] - Statement - PreSaveFile = new java.io.File(((pathPrefix + java.lang.Integer.toString(counter)) + .png)): null

2018-12-13 23:31:00 - [TEST_STEP][PASSED] - Statement - counter = counter + 1: null

2018-12-13 23:31:00 - [TEST_STEP][PASSED] - Statement - PreSaveFile = new java.io.File(((pathPrefix + java.lang.Integer.toString(counter)) + .png)): null

2018-12-13 23:31:00 - [TEST_STEP][PASSED] - Statement - counter = counter + 1: null

2018-12-13 23:31:00 - [TEST_STEP][PASSED] - Statement - PreSaveFile = new java.io.File(((pathPrefix + java.lang.Integer.toString(counter)) + .png)): null

2018-12-13 23:31:00 - [TEST_STEP][PASSED] - Statement - counter = counter + 1: null

2018-12-13 23:31:00 - [TEST_STEP][PASSED] - Statement - PreSaveFile = new java.io.File(((pathPrefix + java.lang.Integer.toString(counter)) + .png)): null

2018-12-13 23:31:00 - [TEST_STEP][PASSED] - Statement - counter = counter + 1: null

2018-12-13 23:31:00 - [TEST_STEP][PASSED] - Statement - PreSaveFile = new java.io.File(((pathPrefix + java.lang.Integer.toString(counter)) + .png)): null

2018-12-13 23:31:00 - [TEST_STEP][PASSED] - Statement - counter = counter + 1: null

2018-12-13 23:31:00 - [TEST_STEP][PASSED] - Statement - PreSaveFile = new java.io.File(((pathPrefix + java.lang.Integer.toString(counter)) + .png)): null

2018-12-13 23:31:00 - [TEST_STEP][PASSED] - Statement - counter = counter + 1: null

2018-12-13 23:31:00 - [TEST_STEP][PASSED] - Statement - PreSaveFile = new java.io.File(((pathPrefix + java.lang.Integer.toString(counter)) + .png)): null

2018-12-13 23:31:00 - [TEST_STEP][PASSED] - Statement - counter = counter + 1: null

2018-12-13 23:31:00 - [TEST_STEP][PASSED] - Statement - PreSaveFile = new java.io.File(((pathPrefix + java.lang.Integer.toString(counter)) + .png)): null

2018-12-13 23:31:00 - [TEST_STEP][PASSED] - Statement - counter = counter + 1: null

2018-12-13 23:31:00 - [TEST_STEP][PASSED] - Statement - PreSaveFile = new java.io.File(((pathPrefix + java.lang.Integer.toString(counter)) + .png)): null

2018-12-13 23:31:00 - [TEST_STEP][PASSED] - Statement - counter = counter + 1: null

2018-12-13 23:31:00 - [TEST_STEP][PASSED] - Statement - PreSaveFile = new java.io.File(((pathPrefix + java.lang.Integer.toString(counter)) + .png)): null

2018-12-13 23:31:00 - [TEST_STEP][PASSED] - Statement - counter = counter + 1: null

2018-12-13 23:31:00 - [TEST_STEP][PASSED] - Statement - PreSaveFile = new java.io.File(((pathPrefix + java.lang.Integer.toString(counter)) + .png)): null

2018-12-13 23:31:00 - [TEST_STEP][PASSED] - Statement - counter = counter + 1: null

2018-12-13 23:31:00 - [TEST_STEP][PASSED] - Statement - PreSaveFile = new java.io.File(((pathPrefix + java.lang.Integer.toString(counter)) + .png)): null

2018-12-13 23:31:00 - [TEST_STEP][PASSED] - Statement - counter = counter + 1: null

2018-12-13 23:31:00 - [TEST_STEP][PASSED] - Statement - PreSaveFile = new java.io.File(((pathPrefix + java.lang.Integer.toString(counter)) + .png)): null

2018-12-13 23:31:00 - [TEST_STEP][PASSED] - Statement - counter = counter + 1: null

2018-12-13 23:31:00 - [TEST_STEP][PASSED] - Statement - PreSaveFile = new java.io.File(((pathPrefix + java.lang.Integer.toString(counter)) + .png)): null

2018-12-13 23:31:00 - [TEST_STEP][PASSED] - Statement - counter = counter + 1: null

2018-12-13 23:31:00 - [TEST_STEP][PASSED] - Statement - PreSaveFile = new java.io.File(((pathPrefix + java.lang.Integer.toString(counter)) + .png)): null

2018-12-13 23:31:00 - [TEST_STEP][PASSED] - Statement - counter = counter + 1: null

2018-12-13 23:31:00 - [TEST_STEP][PASSED] - Statement - PreSaveFile = new java.io.File(((pathPrefix + java.lang.Integer.toString(counter)) + .png)): null

2018-12-13 23:31:00 - [TEST_STEP][PASSED] - Statement - counter = counter + 1: null

2018-12-13 23:31:00 - [TEST_STEP][PASSED] - Statement - PreSaveFile = new java.io.File(((pathPrefix + java.lang.Integer.toString(counter)) + .png)): null

2018-12-13 23:31:00 - [TEST_STEP][PASSED] - Statement - counter = counter + 1: null

2018-12-13 23:31:00 - [TEST_STEP][PASSED] - Statement - PreSaveFile = new java.io.File(((pathPrefix + java.lang.Integer.toString(counter)) + .png)): null

2018-12-13 23:31:00 - [TEST_STEP][PASSED] - Statement - counter = counter + 1: null

2018-12-13 23:31:00 - [TEST_STEP][PASSED] - Statement - PreSaveFile = new java.io.File(((pathPrefix + java.lang.Integer.toString(counter)) + .png)): null

2018-12-13 23:31:00 - [TEST_STEP][PASSED] - Statement - counter = counter + 1: null

2018-12-13 23:31:00 - [TEST_STEP][PASSED] - Statement - PreSaveFile = new java.io.File(((pathPrefix + java.lang.Integer.toString(counter)) + .png)): null

2018-12-13 23:31:00 - [TEST_STEP][PASSED] - Statement - counter = counter + 1: null

2018-12-13 23:31:00 - [TEST_STEP][PASSED] - Statement - PreSaveFile = new java.io.File(((pathPrefix + java.lang.Integer.toString(counter)) + .png)): null

2018-12-13 23:31:00 - [TEST_STEP][PASSED] - Statement - counter = counter + 1: null

2018-12-13 23:31:00 - [TEST_STEP][PASSED] - Statement - PreSaveFile = new java.io.File(((pathPrefix + java.lang.Integer.toString(counter)) + .png)): null

2018-12-13 23:31:00 - [TEST_STEP][PASSED] - Statement - counter = counter + 1: null

2018-12-13 23:31:00 - [TEST_STEP][PASSED] - Statement - PreSaveFile = new java.io.File(((pathPrefix + java.lang.Integer.toString(counter)) + .png)): null

2018-12-13 23:31:00 - [TEST_STEP][PASSED] - Statement - counter = counter + 1: null

2018-12-13 23:31:00 - [TEST_STEP][PASSED] - Statement - PreSaveFile = new java.io.File(((pathPrefix + java.lang.Integer.toString(counter)) + .png)): null

2018-12-13 23:31:00 - [TEST_STEP][PASSED] - Statement - counter = counter + 1: null

2018-12-13 23:31:00 - [TEST_STEP][PASSED] - Statement - PreSaveFile = new java.io.File(((pathPrefix + java.lang.Integer.toString(counter)) + .png)): null

2018-12-13 23:31:00 - [TEST_STEP][PASSED] - Statement - counter = counter + 1: null

2018-12-13 23:31:00 - [TEST_STEP][PASSED] - Statement - PreSaveFile = new java.io.File(((pathPrefix + java.lang.Integer.toString(counter)) + .png)): null

2018-12-13 23:31:00 - [TEST_STEP][PASSED] - Statement - counter = counter + 1: null

2018-12-13 23:31:00 - [TEST_STEP][PASSED] - Statement - PreSaveFile = new java.io.File(((pathPrefix + java.lang.Integer.toString(counter)) + .png)): null

2018-12-13 23:31:00 - [TEST_STEP][PASSED] - Statement - counter = counter + 1: null

2018-12-13 23:31:00 - [TEST_STEP][PASSED] - Statement - PreSaveFile = new java.io.File(((pathPrefix + java.lang.Integer.toString(counter)) + .png)): null

2018-12-13 23:31:00 - [TEST_STEP][PASSED] - Statement - counter = counter + 1: null

2018-12-13 23:31:00 - [TEST_STEP][PASSED] - Statement - PreSaveFile = new java.io.File(((pathPrefix + java.lang.Integer.toString(counter)) + .png)): null

2018-12-13 23:31:00 - [TEST_STEP][PASSED] - Statement - counter = counter + 1: null

2018-12-13 23:31:00 - [TEST_STEP][PASSED] - Statement - PreSaveFile = new java.io.File(((pathPrefix + java.lang.Integer.toString(counter)) + .png)): null

2018-12-13 23:31:00 - [TEST_STEP][PASSED] - Statement - counter = counter + 1: null

2018-12-13 23:31:00 - [TEST_STEP][PASSED] - Statement - PreSaveFile = new java.io.File(((pathPrefix + java.lang.Integer.toString(counter)) + .png)): null

2018-12-13 23:31:00 - [TEST_STEP][PASSED] - Statement - counter = counter + 1: null

2018-12-13 23:31:00 - [TEST_STEP][PASSED] - Statement - PreSaveFile = new java.io.File(((pathPrefix + java.lang.Integer.toString(counter)) + .png)): null

2018-12-13 23:31:00 - [TEST_STEP][PASSED] - Statement - counter = counter + 1: null

2018-12-13 23:31:00 - [TEST_STEP][PASSED] - Statement - PreSaveFile = new java.io.File(((pathPrefix + java.lang.Integer.toString(counter)) + .png)): null

2018-12-13 23:31:00 - [TEST_STEP][PASSED] - Statement - counter = counter + 1: null

2018-12-13 23:31:00 - [TEST_STEP][PASSED] - Statement - PreSaveFile = new java.io.File(((pathPrefix + java.lang.Integer.toString(counter)) + .png)): null

2018-12-13 23:31:00 - [TEST_STEP][PASSED] - Statement - counter = counter + 1: null

2018-12-13 23:31:00 - [TEST_STEP][PASSED] - Statement - PreSaveFile = new java.io.File(((pathPrefix + java.lang.Integer.toString(counter)) + .png)): null

2018-12-13 23:31:00 - [TEST_STEP][PASSED] - Statement - counter = counter + 1: null

2018-12-13 23:31:00 - [TEST_STEP][PASSED] - Statement - PreSaveFile = new java.io.File(((pathPrefix + java.lang.Integer.toString(counter)) + .png)): null

2018-12-13 23:31:00 - [TEST_STEP][PASSED] - Statement - counter = counter + 1: null

2018-12-13 23:31:00 - [TEST_STEP][PASSED] - Statement - PreSaveFile = new java.io.File(((pathPrefix + java.lang.Integer.toString(counter)) + .png)): null

2018-12-13 23:31:00 - [TEST_STEP][PASSED] - Statement - counter = counter + 1: null

2018-12-13 23:31:00 - [TEST_STEP][PASSED] - Statement - PreSaveFile = new java.io.File(((pathPrefix + java.lang.Integer.toString(counter)) + .png)): null

2018-12-13 23:31:00 - [TEST_STEP][PASSED] - Statement - counter = counter + 1: null

2018-12-13 23:31:00 - [TEST_STEP][PASSED] - Statement - PreSaveFile = new java.io.File(((pathPrefix + java.lang.Integer.toString(counter)) + .png)): null

2018-12-13 23:31:00 - [TEST_STEP][PASSED] - Statement - counter = counter + 1: null

2018-12-13 23:31:00 - [TEST_STEP][PASSED] - Statement - PreSaveFile = new java.io.File(((pathPrefix + java.lang.Integer.toString(counter)) + .png)): null

2018-12-13 23:31:00 - [TEST_STEP][PASSED] - Statement - counter = counter + 1: null

2018-12-13 23:31:00 - [TEST_STEP][PASSED] - Statement - PreSaveFile = new java.io.File(((pathPrefix + java.lang.Integer.toString(counter)) + .png)): null

2018-12-13 23:31:00 - [TEST_STEP][PASSED] - Statement - counter = counter + 1: null

2018-12-13 23:31:00 - [TEST_STEP][PASSED] - Statement - PreSaveFile = new java.io.File(((pathPrefix + java.lang.Integer.toString(counter)) + .png)): null

2018-12-13 23:31:00 - [TEST_STEP][PASSED] - Statement - counter = counter + 1: null

2018-12-13 23:31:00 - [TEST_STEP][PASSED] - Statement - PreSaveFile = new java.io.File(((pathPrefix + java.lang.Integer.toString(counter)) + .png)): null

2018-12-13 23:31:00 - [TEST_STEP][PASSED] - Statement - counter = counter + 1: null

2018-12-13 23:31:00 - [TEST_STEP][PASSED] - Statement - PreSaveFile = new java.io.File(((pathPrefix + java.lang.Integer.toString(counter)) + .png)): null

2018-12-13 23:31:00 - [TEST_STEP][PASSED] - Statement - counter = counter + 1: null

2018-12-13 23:31:00 - [TEST_STEP][PASSED] - Statement - PreSaveFile = new java.io.File(((pathPrefix + java.lang.Integer.toString(counter)) + .png)): null

2018-12-13 23:31:00 - [TEST_STEP][PASSED] - Statement - counter = counter + 1: null

2018-12-13 23:31:00 - [TEST_STEP][PASSED] - Statement - PreSaveFile = new java.io.File(((pathPrefix + java.lang.Integer.toString(counter)) + .png)): null

2018-12-13 23:31:00 - [TEST_STEP][PASSED] - Statement - counter = counter + 1: null

2018-12-13 23:31:00 - [TEST_STEP][PASSED] - Statement - PreSaveFile = new java.io.File(((pathPrefix + java.lang.Integer.toString(counter)) + .png)): null

2018-12-13 23:31:00 - [TEST_STEP][PASSED] - Statement - counter = counter + 1: null

2018-12-13 23:31:00 - [TEST_STEP][PASSED] - Statement - PreSaveFile = new java.io.File(((pathPrefix + java.lang.Integer.toString(counter)) + .png)): null

2018-12-13 23:31:00 - [TEST_STEP][PASSED] - Statement - counter = counter + 1: null

2018-12-13 23:31:00 - [TEST_STEP][PASSED] - Statement - PreSaveFile = new java.io.File(((pathPrefix + java.lang.Integer.toString(counter)) + .png)): null

2018-12-13 23:31:00 - [TEST_STEP][PASSED] - Statement - counter = counter + 1: null

2018-12-13 23:31:00 - [TEST_STEP][PASSED] - Statement - PreSaveFile = new java.io.File(((pathPrefix + java.lang.Integer.toString(counter)) + .png)): null

2018-12-13 23:31:00 - [TEST_STEP][PASSED] - Statement - counter = counter + 1: null

2018-12-13 23:31:00 - [TEST_STEP][PASSED] - Statement - PreSaveFile = new java.io.File(((pathPrefix + java.lang.Integer.toString(counter)) + .png)): null

2018-12-13 23:31:00 - [TEST_STEP][PASSED] - Statement - counter = counter + 1: null

2018-12-13 23:31:00 - [TEST_STEP][PASSED] - Statement - PreSaveFile = new java.io.File(((pathPrefix + java.lang.Integer.toString(counter)) + .png)): null

2018-12-13 23:31:00 - [TEST_STEP][PASSED] - Statement - counter = counter + 1: null

2018-12-13 23:31:00 - [TEST_STEP][PASSED] - Statement - PreSaveFile = new java.io.File(((pathPrefix + java.lang.Integer.toString(counter)) + .png)): null

2018-12-13 23:31:00 - [TEST_STEP][PASSED] - Statement - counter = counter + 1: null

2018-12-13 23:31:00 - [TEST_STEP][PASSED] - Statement - PreSaveFile = new java.io.File(((pathPrefix + java.lang.Integer.toString(counter)) + .png)): null

2018-12-13 23:31:00 - [TEST_STEP][PASSED] - Statement - counter = counter + 1: null

2018-12-13 23:31:00 - [TEST_STEP][PASSED] - Statement - PreSaveFile = new java.io.File(((pathPrefix + java.lang.Integer.toString(counter)) + .png)): null

2018-12-13 23:31:00 - [TEST_STEP][PASSED] - Statement - counter = counter + 1: null

2018-12-13 23:31:00 - [TEST_STEP][PASSED] - Statement - PreSaveFile = new java.io.File(((pathPrefix + java.lang.Integer.toString(counter)) + .png)): null

2018-12-13 23:31:00 - [TEST_STEP][PASSED] - Statement - counter = counter + 1: null

2018-12-13 23:31:00 - [TEST_STEP][PASSED] - Statement - PreSaveFile = new java.io.File(((pathPrefix + java.lang.Integer.toString(counter)) + .png)): null

2018-12-13 23:31:00 - [TEST_STEP][PASSED] - Statement - counter = counter + 1: null

2018-12-13 23:31:00 - [TEST_STEP][PASSED] - Statement - PreSaveFile = new java.io.File(((pathPrefix + java.lang.Integer.toString(counter)) + .png)): null

2018-12-13 23:31:00 - [TEST_STEP][PASSED] - Statement - counter = counter + 1: null

2018-12-13 23:31:00 - [TEST_STEP][PASSED] - Statement - PreSaveFile = new java.io.File(((pathPrefix + java.lang.Integer.toString(counter)) + .png)): null

2018-12-13 23:31:00 - [TEST_STEP][PASSED] - Statement - counter = counter + 1: null

2018-12-13 23:31:00 - [TEST_STEP][PASSED] - Statement - PreSaveFile = new java.io.File(((pathPrefix + java.lang.Integer.toString(counter)) + .png)): null

2018-12-13 23:31:00 - [TEST_STEP][PASSED] - Statement - counter = counter + 1: null

2018-12-13 23:31:00 - [TEST_STEP][PASSED] - Statement - PreSaveFile = new java.io.File(((pathPrefix + java.lang.Integer.toString(counter)) + .png)): null

2018-12-13 23:31:00 - [TEST_STEP][PASSED] - Statement - counter = counter + 1: null

2018-12-13 23:31:00 - [TEST_STEP][PASSED] - Statement - PreSaveFile = new java.io.File(((pathPrefix + java.lang.Integer.toString(counter)) + .png)): null

2018-12-13 23:31:00 - [TEST_STEP][PASSED] - Statement - counter = counter + 1: null

2018-12-13 23:31:00 - [TEST_STEP][PASSED] - Statement - PreSaveFile = new java.io.File(((pathPrefix + java.lang.Integer.toString(counter)) + .png)): null

2018-12-13 23:31:00 - [TEST_STEP][PASSED] - Statement - counter = counter + 1: null

2018-12-13 23:31:00 - [TEST_STEP][PASSED] - Statement - PreSaveFile = new java.io.File(((pathPrefix + java.lang.Integer.toString(counter)) + .png)): null

2018-12-13 23:31:00 - [TEST_STEP][PASSED] - Statement - counter = counter + 1: null

2018-12-13 23:31:00 - [TEST_STEP][PASSED] - Statement - PreSaveFile = new java.io.File(((pathPrefix + java.lang.Integer.toString(counter)) + .png)): null

2018-12-13 23:31:00 - [TEST_STEP][PASSED] - Statement - counter = counter + 1: null

2018-12-13 23:31:00 - [TEST_STEP][PASSED] - Statement - PreSaveFile = new java.io.File(((pathPrefix + java.lang.Integer.toString(counter)) + .png)): null

2018-12-13 23:31:00 - [TEST_STEP][PASSED] - Statement - counter = counter + 1: null

2018-12-13 23:31:00 - [TEST_STEP][PASSED] - Statement - PreSaveFile = new java.io.File(((pathPrefix + java.lang.Integer.toString(counter)) + .png)): null

2018-12-13 23:31:00 - [TEST_STEP][PASSED] - Statement - counter = counter + 1: null

2018-12-13 23:31:00 - [TEST_STEP][PASSED] - Statement - PreSaveFile = new java.io.File(((pathPrefix + java.lang.Integer.toString(counter)) + .png)): null

2018-12-13 23:31:00 - [TEST_STEP][PASSED] - Statement - counter = counter + 1: null

2018-12-13 23:31:00 - [TEST_STEP][PASSED] - Statement - PreSaveFile = new java.io.File(((pathPrefix + java.lang.Integer.toString(counter)) + .png)): null

2018-12-13 23:31:00 - [TEST_STEP][PASSED] - Statement - counter = counter + 1: null

2018-12-13 23:31:00 - [TEST_STEP][PASSED] - Statement - PreSaveFile = new java.io.File(((pathPrefix + java.lang.Integer.toString(counter)) + .png)): null

2018-12-13 23:31:00 - [TEST_STEP][PASSED] - Statement - counter = counter + 1: null

2018-12-13 23:31:00 - [TEST_STEP][PASSED] - Statement - PreSaveFile = new java.io.File(((pathPrefix + java.lang.Integer.toString(counter)) + .png)): null

2018-12-13 23:31:00 - [TEST_STEP][PASSED] - Statement - counter = counter + 1: null

2018-12-13 23:31:00 - [TEST_STEP][PASSED] - Statement - PreSaveFile = new java.io.File(((pathPrefix + java.lang.Integer.toString(counter)) + .png)): null

2018-12-13 23:31:00 - [TEST_STEP][PASSED] - Statement - counter = counter + 1: null

2018-12-13 23:31:00 - [TEST_STEP][PASSED] - Statement - PreSaveFile = new java.io.File(((pathPrefix + java.lang.Integer.toString(counter)) + .png)): null

2018-12-13 23:31:00 - [TEST_STEP][PASSED] - Statement - counter = counter + 1: null

2018-12-13 23:31:00 - [TEST_STEP][PASSED] - Statement - PreSaveFile = new java.io.File(((pathPrefix + java.lang.Integer.toString(counter)) + .png)): null

2018-12-13 23:31:00 - [TEST_STEP][PASSED] - Statement - counter = counter + 1: null

2018-12-13 23:31:00 - [TEST_STEP][PASSED] - Statement - PreSaveFile = new java.io.File(((pathPrefix + java.lang.Integer.toString(counter)) + .png)): null

2018-12-13 23:31:00 - [TEST_STEP][PASSED] - Statement - counter = counter + 1: null

2018-12-13 23:31:00 - [TEST_STEP][PASSED] - Statement - PreSaveFile = new java.io.File(((pathPrefix + java.lang.Integer.toString(counter)) + .png)): null

2018-12-13 23:31:00 - [TEST_STEP][PASSED] - Statement - counter = counter + 1: null

2018-12-13 23:31:00 - [TEST_STEP][PASSED] - Statement - PreSaveFile = new java.io.File(((pathPrefix + java.lang.Integer.toString(counter)) + .png)): null

2018-12-13 23:31:00 - [TEST_STEP][PASSED] - Statement - counter = counter + 1: null

2018-12-13 23:31:00 - [TEST_STEP][PASSED] - Statement - PreSaveFile = new java.io.File(((pathPrefix + java.lang.Integer.toString(counter)) + .png)): null

2018-12-13 23:31:00 - [TEST_STEP][PASSED] - Statement - counter = counter + 1: null

2018-12-13 23:31:00 - [TEST_STEP][PASSED] - Statement - PreSaveFile = new java.io.File(((pathPrefix + java.lang.Integer.toString(counter)) + .png)): null

2018-12-13 23:31:00 - [TEST_STEP][PASSED] - Statement - counter = counter + 1: null

2018-12-13 23:31:00 - [TEST_STEP][PASSED] - Statement - PreSaveFile = new java.io.File(((pathPrefix + java.lang.Integer.toString(counter)) + .png)): null

2018-12-13 23:31:00 - [TEST_STEP][PASSED] - Statement - counter = counter + 1: null

2018-12-13 23:31:00 - [TEST_STEP][PASSED] - Statement - PreSaveFile = new java.io.File(((pathPrefix + java.lang.Integer.toString(counter)) + .png)): null

2018-12-13 23:31:00 - [TEST_STEP][PASSED] - Statement - counter = counter + 1: null

2018-12-13 23:31:00 - [TEST_STEP][PASSED] - Statement - PreSaveFile = new java.io.File(((pathPrefix + java.lang.Integer.toString(counter)) + .png)): null

2018-12-13 23:31:00 - [TEST_STEP][PASSED] - Statement - counter = counter + 1: null

2018-12-13 23:31:00 - [TEST_STEP][PASSED] - Statement - PreSaveFile = new java.io.File(((pathPrefix + java.lang.Integer.toString(counter)) + .png)): null

2018-12-13 23:31:00 - [TEST_STEP][PASSED] - Statement - counter = counter + 1: null

2018-12-13 23:31:00 - [TEST_STEP][PASSED] - Statement - PreSaveFile = new java.io.File(((pathPrefix + java.lang.Integer.toString(counter)) + .png)): null

2018-12-13 23:31:00 - [TEST_STEP][PASSED] - Statement - counter = counter + 1: null

2018-12-13 23:31:00 - [TEST_STEP][PASSED] - Statement - PreSaveFile = new java.io.File(((pathPrefix + java.lang.Integer.toString(counter)) + .png)): null

2018-12-13 23:31:00 - [TEST_STEP][PASSED] - Statement - counter = counter + 1: null

2018-12-13 23:31:00 - [TEST_STEP][PASSED] - Statement - PreSaveFile = new java.io.File(((pathPrefix + java.lang.Integer.toString(counter)) + .png)): null

2018-12-13 23:31:00 - [TEST_STEP][PASSED] - Statement - counter = counter + 1: null

2018-12-13 23:31:00 - [TEST_STEP][PASSED] - Statement - PreSaveFile = new java.io.File(((pathPrefix + java.lang.Integer.toString(counter)) + .png)): null

2018-12-13 23:31:00 - [TEST_STEP][PASSED] - Statement - counter = counter + 1: null

2018-12-13 23:31:00 - [TEST_STEP][PASSED] - Statement - PreSaveFile = new java.io.File(((pathPrefix + java.lang.Integer.toString(counter)) + .png)): null

2018-12-13 23:31:00 - [TEST_STEP][PASSED] - Statement - counter = counter + 1: null

2018-12-13 23:31:00 - [TEST_STEP][PASSED] - Statement - PreSaveFile = new java.io.File(((pathPrefix + java.lang.Integer.toString(counter)) + .png)): null

2018-12-13 23:31:00 - [TEST_STEP][PASSED] - Statement - counter = counter + 1: null

2018-12-13 23:31:00 - [TEST_STEP][PASSED] - Statement - PreSaveFile = new java.io.File(((pathPrefix + java.lang.Integer.toString(counter)) + .png)): null

2018-12-13 23:31:00 - [TEST_STEP][PASSED] - Statement - counter = counter + 1: null

2018-12-13 23:31:00 - [TEST_STEP][PASSED] - Statement - PreSaveFile = new java.io.File(((pathPrefix + java.lang.Integer.toString(counter)) + .png)): null

2018-12-13 23:31:00 - [TEST_STEP][PASSED] - Statement - counter = counter + 1: null

2018-12-13 23:31:00 - [TEST_STEP][PASSED] - Statement - PreSaveFile = new java.io.File(((pathPrefix + java.lang.Integer.toString(counter)) + .png)): null

2018-12-13 23:31:00 - [TEST_STEP][PASSED] - Statement - counter = counter + 1: null

2018-12-13 23:31:00 - [TEST_STEP][PASSED] - Statement - PreSaveFile = new java.io.File(((pathPrefix + java.lang.Integer.toString(counter)) + .png)): null

2018-12-13 23:31:00 - [TEST_STEP][PASSED] - Statement - counter = counter + 1: null

2018-12-13 23:31:00 - [TEST_STEP][PASSED] - Statement - PreSaveFile = new java.io.File(((pathPrefix + java.lang.Integer.toString(counter)) + .png)): null

2018-12-13 23:31:00 - [TEST_STEP][PASSED] - Statement - counter = counter + 1: null

2018-12-13 23:31:00 - [TEST_STEP][PASSED] - Statement - PreSaveFile = new java.io.File(((pathPrefix + java.lang.Integer.toString(counter)) + .png)): null

2018-12-13 23:31:00 - [TEST_STEP][PASSED] - Statement - counter = counter + 1: null

2018-12-13 23:31:00 - [TEST_STEP][PASSED] - Statement - PreSaveFile = new java.io.File(((pathPrefix + java.lang.Integer.toString(counter)) + .png)): null

2018-12-13 23:31:00 - [TEST_STEP][PASSED] - Statement - counter = counter + 1: null

2018-12-13 23:31:00 - [TEST_STEP][PASSED] - Statement - PreSaveFile = new java.io.File(((pathPrefix + java.lang.Integer.toString(counter)) + .png)): null

2018-12-13 23:31:00 - [TEST_STEP][PASSED] - Statement - counter = counter + 1: null

2018-12-13 23:31:00 - [TEST_STEP][PASSED] - Statement - PreSaveFile = new java.io.File(((pathPrefix + java.lang.Integer.toString(counter)) + .png)): null

2018-12-13 23:31:00 - [TEST_STEP][PASSED] - Statement - counter = counter + 1: null

2018-12-13 23:31:00 - [TEST_STEP][PASSED] - Statement - PreSaveFile = new java.io.File(((pathPrefix + java.lang.Integer.toString(counter)) + .png)): null

2018-12-13 23:31:00 - [TEST_STEP][PASSED] - Statement - counter = counter + 1: null

2018-12-13 23:31:00 - [TEST_STEP][PASSED] - Statement - PreSaveFile = new java.io.File(((pathPrefix + java.lang.Integer.toString(counter)) + .png)): null

2018-12-13 23:31:00 - [TEST_STEP][PASSED] - Statement - counter = counter + 1: null

2018-12-13 23:31:00 - [TEST_STEP][PASSED] - Statement - PreSaveFile = new java.io.File(((pathPrefix + java.lang.Integer.toString(counter)) + .png)): null

2018-12-13 23:31:00 - [TEST_STEP][PASSED] - Statement - counter = counter + 1: null

2018-12-13 23:31:00 - [TEST_STEP][PASSED] - Statement - PreSaveFile = new java.io.File(((pathPrefix + java.lang.Integer.toString(counter)) + .png)): null

2018-12-13 23:31:00 - [TEST_STEP][PASSED] - Statement - counter = counter + 1: null

2018-12-13 23:31:00 - [TEST_STEP][PASSED] - Statement - PreSaveFile = new java.io.File(((pathPrefix + java.lang.Integer.toString(counter)) + .png)): null

2018-12-13 23:31:00 - [TEST_STEP][PASSED] - Statement - counter = counter + 1: null

2018-12-13 23:31:00 - [TEST_STEP][PASSED] - Statement - PreSaveFile = new java.io.File(((pathPrefix + java.lang.Integer.toString(counter)) + .png)): null

2018-12-13 23:31:00 - [TEST_STEP][PASSED] - Statement - counter = counter + 1: null

2018-12-13 23:31:00 - [TEST_STEP][PASSED] - Statement - PreSaveFile = new java.io.File(((pathPrefix + java.lang.Integer.toString(counter)) + .png)): null

2018-12-13 23:31:00 - [TEST_STEP][PASSED] - Statement - counter = counter + 1: null

2018-12-13 23:31:00 - [TEST_STEP][PASSED] - Statement - PreSaveFile = new java.io.File(((pathPrefix + java.lang.Integer.toString(counter)) + .png)): null

2018-12-13 23:31:00 - [TEST_STEP][PASSED] - Statement - counter = counter + 1: null

2018-12-13 23:31:00 - [TEST_STEP][PASSED] - Statement - PreSaveFile = new java.io.File(((pathPrefix + java.lang.Integer.toString(counter)) + .png)): null

2018-12-13 23:31:00 - [TEST_STEP][PASSED] - Statement - counter = counter + 1: null

2018-12-13 23:31:00 - [TEST_STEP][PASSED] - Statement - PreSaveFile = new java.io.File(((pathPrefix + java.lang.Integer.toString(counter)) + .png)): null

2018-12-13 23:31:00 - [TEST_STEP][PASSED] - Statement - counter = counter + 1: null

2018-12-13 23:31:00 - [TEST_STEP][PASSED] - Statement - PreSaveFile = new java.io.File(((pathPrefix + java.lang.Integer.toString(counter)) + .png)): null

2018-12-13 23:31:00 - [TEST_STEP][PASSED] - Statement - counter = counter + 1: null

2018-12-13 23:31:00 - [TEST_STEP][PASSED] - Statement - PreSaveFile = new java.io.File(((pathPrefix + java.lang.Integer.toString(counter)) + .png)): null

2018-12-13 23:31:00 - [TEST_STEP][PASSED] - Statement - counter = counter + 1: null

2018-12-13 23:31:00 - [TEST_STEP][PASSED] - Statement - PreSaveFile = new java.io.File(((pathPrefix + java.lang.Integer.toString(counter)) + .png)): null

2018-12-13 23:31:00 - [TEST_STEP][PASSED] - Statement - counter = counter + 1: null

2018-12-13 23:31:00 - [TEST_STEP][PASSED] - Statement - PreSaveFile = new java.io.File(((pathPrefix + java.lang.Integer.toString(counter)) + .png)): null

2018-12-13 23:31:00 - [TEST_STEP][PASSED] - Statement - counter = counter + 1: null

2018-12-13 23:31:00 - [TEST_STEP][PASSED] - Statement - PreSaveFile = new java.io.File(((pathPrefix + java.lang.Integer.toString(counter)) + .png)): null

2018-12-13 23:31:00 - [TEST_STEP][PASSED] - Statement - counter = counter + 1: null

2018-12-13 23:31:00 - [TEST_STEP][PASSED] - Statement - PreSaveFile = new java.io.File(((pathPrefix + java.lang.Integer.toString(counter)) + .png)): null

2018-12-13 23:31:00 - [TEST_STEP][PASSED] - Statement - counter = counter + 1: null

2018-12-13 23:31:00 - [TEST_STEP][PASSED] - Statement - PreSaveFile = new java.io.File(((pathPrefix + java.lang.Integer.toString(counter)) + .png)): null

2018-12-13 23:31:00 - [TEST_STEP][PASSED] - Statement - counter = counter + 1: null

2018-12-13 23:31:00 - [TEST_STEP][PASSED] - Statement - PreSaveFile = new java.io.File(((pathPrefix + java.lang.Integer.toString(counter)) + .png)): null

2018-12-13 23:31:00 - [TEST_STEP][PASSED] - Statement - counter = counter + 1: null

2018-12-13 23:31:00 - [TEST_STEP][PASSED] - Statement - PreSaveFile = new java.io.File(((pathPrefix + java.lang.Integer.toString(counter)) + .png)): null

2018-12-13 23:31:00 - [TEST_STEP][PASSED] - Statement - counter = counter + 1: null

2018-12-13 23:31:00 - [TEST_STEP][PASSED] - Statement - PreSaveFile = new java.io.File(((pathPrefix + java.lang.Integer.toString(counter)) + .png)): null

2018-12-13 23:31:00 - [TEST_STEP][PASSED] - Statement - counter = counter + 1: null

2018-12-13 23:31:00 - [TEST_STEP][PASSED] - Statement - PreSaveFile = new java.io.File(((pathPrefix + java.lang.Integer.toString(counter)) + .png)): null

2018-12-13 23:31:00 - [TEST_STEP][PASSED] - Statement - counter = counter + 1: null

2018-12-13 23:31:00 - [TEST_STEP][PASSED] - Statement - PreSaveFile = new java.io.File(((pathPrefix + java.lang.Integer.toString(counter)) + .png)): null

2018-12-13 23:31:00 - [TEST_STEP][PASSED] - Statement - counter = counter + 1: null

2018-12-13 23:31:00 - [TEST_STEP][PASSED] - Statement - PreSaveFile = new java.io.File(((pathPrefix + java.lang.Integer.toString(counter)) + .png)): null

2018-12-13 23:31:00 - [TEST_STEP][PASSED] - Statement - counter = counter + 1: null

2018-12-13 23:31:00 - [TEST_STEP][PASSED] - Statement - PreSaveFile = new java.io.File(((pathPrefix + java.lang.Integer.toString(counter)) + .png)): null

2018-12-13 23:31:00 - [TEST_STEP][PASSED] - Statement - counter = counter + 1: null

2018-12-13 23:31:00 - [TEST_STEP][PASSED] - Statement - PreSaveFile = new java.io.File(((pathPrefix + java.lang.Integer.toString(counter)) + .png)): null

2018-12-13 23:31:00 - [TEST_STEP][PASSED] - Statement - counter = counter + 1: null

2018-12-13 23:31:00 - [TEST_STEP][PASSED] - Statement - PreSaveFile = new java.io.File(((pathPrefix + java.lang.Integer.toString(counter)) + .png)): null

2018-12-13 23:31:00 - [TEST_STEP][PASSED] - Statement - counter = counter + 1: null

2018-12-13 23:31:00 - [TEST_STEP][PASSED] - Statement - PreSaveFile = new java.io.File(((pathPrefix + java.lang.Integer.toString(counter)) + .png)): null

2018-12-13 23:31:00 - [TEST_STEP][PASSED] - Statement - counter = counter + 1: null

2018-12-13 23:31:00 - [TEST_STEP][PASSED] - Statement - PreSaveFile = new java.io.File(((pathPrefix + java.lang.Integer.toString(counter)) + .png)): null

2018-12-13 23:31:00 - [TEST_STEP][PASSED] - Statement - counter = counter + 1: null

2018-12-13 23:31:00 - [TEST_STEP][PASSED] - Statement - PreSaveFile = new java.io.File(((pathPrefix + java.lang.Integer.toString(counter)) + .png)): null

2018-12-13 23:31:00 - [TEST_STEP][PASSED] - Statement - counter = counter + 1: null

2018-12-13 23:31:00 - [TEST_STEP][PASSED] - Statement - PreSaveFile = new java.io.File(((pathPrefix + java.lang.Integer.toString(counter)) + .png)): null

2018-12-13 23:31:00 - [TEST_STEP][PASSED] - Statement - counter = counter + 1: null

2018-12-13 23:31:00 - [TEST_STEP][PASSED] - Statement - PreSaveFile = new java.io.File(((pathPrefix + java.lang.Integer.toString(counter)) + .png)): null

2018-12-13 23:31:00 - [TEST_STEP][PASSED] - Statement - counter = counter + 1: null

2018-12-13 23:31:00 - [TEST_STEP][PASSED] - Statement - PreSaveFile = new java.io.File(((pathPrefix + java.lang.Integer.toString(counter)) + .png)): null

2018-12-13 23:31:00 - [TEST_STEP][PASSED] - Statement - counter = counter + 1: null

2018-12-13 23:31:00 - [TEST_STEP][PASSED] - Statement - PreSaveFile = new java.io.File(((pathPrefix + java.lang.Integer.toString(counter)) + .png)): null

2018-12-13 23:31:00 - [TEST_STEP][PASSED] - Statement - counter = counter + 1: null

2018-12-13 23:31:00 - [TEST_STEP][PASSED] - Statement - PreSaveFile = new java.io.File(((pathPrefix + java.lang.Integer.toString(counter)) + .png)): null

2018-12-13 23:31:00 - [TEST_STEP][PASSED] - Statement - counter = counter + 1: null

2018-12-13 23:31:00 - [TEST_STEP][PASSED] - Statement - PreSaveFile = new java.io.File(((pathPrefix + java.lang.Integer.toString(counter)) + .png)): null

2018-12-13 23:31:00 - [TEST_STEP][PASSED] - Statement - counter = counter + 1: null

2018-12-13 23:31:00 - [TEST_STEP][PASSED] - Statement - PreSaveFile = new java.io.File(((pathPrefix + java.lang.Integer.toString(counter)) + .png)): null

2018-12-13 23:31:00 - [TEST_STEP][PASSED] - Statement - counter = counter + 1: null

2018-12-13 23:31:00 - [TEST_STEP][PASSED] - Statement - PreSaveFile = new java.io.File(((pathPrefix + java.lang.Integer.toString(counter)) + .png)): null

2018-12-13 23:31:00 - [TEST_STEP][PASSED] - Statement - counter = counter + 1: null

2018-12-13 23:31:00 - [TEST_STEP][PASSED] - Statement - PreSaveFile = new java.io.File(((pathPrefix + java.lang.Integer.toString(counter)) + .png)): null

2018-12-13 23:31:00 - [TEST_STEP][PASSED] - Statement - counter = counter + 1: null

2018-12-13 23:31:00 - [TEST_STEP][PASSED] - Statement - PreSaveFile = new java.io.File(((pathPrefix + java.lang.Integer.toString(counter)) + .png)): null

2018-12-13 23:31:00 - [TEST_STEP][PASSED] - Statement - counter = counter + 1: null

2018-12-13 23:31:00 - [TEST_STEP][PASSED] - Statement - PreSaveFile = new java.io.File(((pathPrefix + java.lang.Integer.toString(counter)) + .png)): null

2018-12-13 23:31:00 - [TEST_STEP][PASSED] - Statement - counter = counter + 1: null

2018-12-13 23:31:00 - [TEST_STEP][PASSED] - Statement - PreSaveFile = new java.io.File(((pathPrefix + java.lang.Integer.toString(counter)) + .png)): null

2018-12-13 23:31:00 - [TEST_STEP][PASSED] - Statement - counter = counter + 1: null

2018-12-13 23:31:00 - [TEST_STEP][PASSED] - Statement - PreSaveFile = new java.io.File(((pathPrefix + java.lang.Integer.toString(counter)) + .png)): null

2018-12-13 23:31:00 - [TEST_STEP][PASSED] - Statement - counter = counter + 1: null

2018-12-13 23:31:00 - [TEST_STEP][PASSED] - Statement - PreSaveFile = new java.io.File(((pathPrefix + java.lang.Integer.toString(counter)) + .png)): null

2018-12-13 23:31:00 - [TEST_STEP][PASSED] - Statement - counter = counter + 1: null

2018-12-13 23:31:00 - [TEST_STEP][PASSED] - Statement - PreSaveFile = new java.io.File(((pathPrefix + java.lang.Integer.toString(counter)) + .png)): null

2018-12-13 23:31:00 - [TEST_STEP][PASSED] - Statement - counter = counter + 1: null

2018-12-13 23:31:00 - [TEST_STEP][PASSED] - Statement - PreSaveFile = new java.io.File(((pathPrefix + java.lang.Integer.toString(counter)) + .png)): null

2018-12-13 23:31:00 - [TEST_STEP][PASSED] - Statement - counter = counter + 1: null

2018-12-13 23:31:00 - [TEST_STEP][PASSED] - Statement - PreSaveFile = new java.io.File(((pathPrefix + java.lang.Integer.toString(counter)) + .png)): null

2018-12-13 23:31:00 - [TEST_STEP][PASSED] - Statement - counter = counter + 1: null

2018-12-13 23:31:00 - [TEST_STEP][PASSED] - Statement - PreSaveFile = new java.io.File(((pathPrefix + java.lang.Integer.toString(counter)) + .png)): null

2018-12-13 23:31:00 - [TEST_STEP][PASSED] - Statement - counter = counter + 1: null

2018-12-13 23:31:00 - [TEST_STEP][PASSED] - Statement - PreSaveFile = new java.io.File(((pathPrefix + java.lang.Integer.toString(counter)) + .png)): null

2018-12-13 23:31:00 - [TEST_STEP][PASSED] - Statement - counter = counter + 1: null

2018-12-13 23:31:00 - [TEST_STEP][PASSED] - Statement - PreSaveFile = new java.io.File(((pathPrefix + java.lang.Integer.toString(counter)) + .png)): null

2018-12-13 23:31:00 - [TEST_STEP][PASSED] - Statement - counter = counter + 1: null

2018-12-13 23:31:00 - [TEST_STEP][PASSED] - Statement - PreSaveFile = new java.io.File(((pathPrefix + java.lang.Integer.toString(counter)) + .png)): null

2018-12-13 23:31:00 - [TEST_STEP][PASSED] - Statement - counter = counter + 1: null

2018-12-13 23:31:00 - [TEST_STEP][PASSED] - Statement - PreSaveFile = new java.io.File(((pathPrefix + java.lang.Integer.toString(counter)) + .png)): null

2018-12-13 23:31:00 - [TEST_STEP][PASSED] - Statement - counter = counter + 1: null

2018-12-13 23:31:00 - [TEST_STEP][PASSED] - Statement - PreSaveFile = new java.io.File(((pathPrefix + java.lang.Integer.toString(counter)) + .png)): null

2018-12-13 23:31:00 - [TEST_STEP][PASSED] - Statement - counter = counter + 1: null

2018-12-13 23:31:00 - [TEST_STEP][PASSED] - Statement - PreSaveFile = new java.io.File(((pathPrefix + java.lang.Integer.toString(counter)) + .png)): null

2018-12-13 23:31:00 - [TEST_STEP][PASSED] - Statement - counter = counter + 1: null

2018-12-13 23:31:00 - [TEST_STEP][PASSED] - Statement - PreSaveFile = new java.io.File(((pathPrefix + java.lang.Integer.toString(counter)) + .png)): null

2018-12-13 23:31:00 - [TEST_STEP][PASSED] - Statement - counter = counter + 1: null

2018-12-13 23:31:00 - [TEST_STEP][PASSED] - Statement - PreSaveFile = new java.io.File(((pathPrefix + java.lang.Integer.toString(counter)) + .png)): null

2018-12-13 23:31:00 - [TEST_STEP][PASSED] - Statement - counter = counter + 1: null

2018-12-13 23:31:00 - [TEST_STEP][PASSED] - Statement - PreSaveFile = new java.io.File(((pathPrefix + java.lang.Integer.toString(counter)) + .png)): null

2018-12-13 23:31:00 - [TEST_STEP][PASSED] - Statement - counter = counter + 1: null

2018-12-13 23:31:00 - [TEST_STEP][PASSED] - Statement - PreSaveFile = new java.io.File(((pathPrefix + java.lang.Integer.toString(counter)) + .png)): null

2018-12-13 23:31:00 - [TEST_STEP][PASSED] - Statement - counter = counter + 1: null

2018-12-13 23:31:00 - [TEST_STEP][PASSED] - Statement - PreSaveFile = new java.io.File(((pathPrefix + java.lang.Integer.toString(counter)) + .png)): null

2018-12-13 23:31:00 - [TEST_STEP][PASSED] - Statement - counter = counter + 1: null

2018-12-13 23:31:00 - [TEST_STEP][PASSED] - Statement - PreSaveFile = new java.io.File(((pathPrefix + java.lang.Integer.toString(counter)) + .png)): null

2018-12-13 23:31:00 - [TEST_STEP][PASSED] - Statement - counter = counter + 1: null

2018-12-13 23:31:00 - [TEST_STEP][PASSED] - Statement - PreSaveFile = new java.io.File(((pathPrefix + java.lang.Integer.toString(counter)) + .png)): null

2018-12-13 23:31:00 - [TEST_STEP][PASSED] - Statement - counter = counter + 1: null

2018-12-13 23:31:00 - [TEST_STEP][PASSED] - Statement - PreSaveFile = new java.io.File(((pathPrefix + java.lang.Integer.toString(counter)) + .png)): null

2018-12-13 23:31:00 - [TEST_STEP][PASSED] - Statement - counter = counter + 1: null

2018-12-13 23:31:00 - [TEST_STEP][PASSED] - Statement - PreSaveFile = new java.io.File(((pathPrefix + java.lang.Integer.toString(counter)) + .png)): null

2018-12-13 23:31:00 - [TEST_STEP][PASSED] - Statement - counter = counter + 1: null

2018-12-13 23:31:00 - [TEST_STEP][PASSED] - Statement - PreSaveFile = new java.io.File(((pathPrefix + java.lang.Integer.toString(counter)) + .png)): null

2018-12-13 23:31:00 - [TEST_STEP][PASSED] - Statement - counter = counter + 1: null

2018-12-13 23:31:00 - [TEST_STEP][PASSED] - Statement - PreSaveFile = new java.io.File(((pathPrefix + java.lang.Integer.toString(counter)) + .png)): null

2018-12-13 23:31:00 - [TEST_STEP][PASSED] - Statement - counter = counter + 1: null

2018-12-13 23:31:00 - [TEST_STEP][PASSED] - Statement - PreSaveFile = new java.io.File(((pathPrefix + java.lang.Integer.toString(counter)) + .png)): null

2018-12-13 23:31:00 - [TEST_STEP][PASSED] - Statement - counter = counter + 1: null

2018-12-13 23:31:00 - [TEST_STEP][PASSED] - Statement - PreSaveFile = new java.io.File(((pathPrefix + java.lang.Integer.toString(counter)) + .png)): null

2018-12-13 23:31:00 - [TEST_STEP][PASSED] - Statement - counter = counter + 1: null

2018-12-13 23:31:00 - [TEST_STEP][PASSED] - Statement - PreSaveFile = new java.io.File(((pathPrefix + java.lang.Integer.toString(counter)) + .png)): null

2018-12-13 23:31:00 - [TEST_STEP][PASSED] - Statement - counter = counter + 1: null

2018-12-13 23:31:00 - [TEST_STEP][PASSED] - Statement - PreSaveFile = new java.io.File(((pathPrefix + java.lang.Integer.toString(counter)) + .png)): null

2018-12-13 23:31:00 - [TEST_STEP][PASSED] - Statement - counter = counter + 1: null

2018-12-13 23:31:00 - [TEST_STEP][PASSED] - Statement - PreSaveFile = new java.io.File(((pathPrefix + java.lang.Integer.toString(counter)) + .png)): null

2018-12-13 23:31:00 - [TEST_STEP][PASSED] - Statement - counter = counter + 1: null

2018-12-13 23:31:00 - [TEST_STEP][PASSED] - Statement - PreSaveFile = new java.io.File(((pathPrefix + java.lang.Integer.toString(counter)) + .png)): null

2018-12-13 23:31:00 - [TEST_STEP][PASSED] - Statement - counter = counter + 1: null

2018-12-13 23:31:00 - [TEST_STEP][PASSED] - Statement - PreSaveFile = new java.io.File(((pathPrefix + java.lang.Integer.toString(counter)) + .png)): null

2018-12-13 23:31:00 - [TEST_STEP][PASSED] - Statement - counter = counter + 1: null

2018-12-13 23:31:00 - [TEST_STEP][PASSED] - Statement - PreSaveFile = new java.io.File(((pathPrefix + java.lang.Integer.toString(counter)) + .png)): null

2018-12-13 23:31:00 - [TEST_STEP][PASSED] - Statement - counter = counter + 1: null

2018-12-13 23:31:00 - [TEST_STEP][PASSED] - Statement - PreSaveFile = new java.io.File(((pathPrefix + java.lang.Integer.toString(counter)) + .png)): null

2018-12-13 23:31:00 - [TEST_STEP][PASSED] - Statement - counter = counter + 1: null

2018-12-13 23:31:00 - [TEST_STEP][PASSED] - Statement - PreSaveFile = new java.io.File(((pathPrefix + java.lang.Integer.toString(counter)) + .png)): null

2018-12-13 23:31:00 - [TEST_STEP][PASSED] - Statement - counter = counter + 1: null

2018-12-13 23:31:00 - [TEST_STEP][PASSED] - Statement - PreSaveFile = new java.io.File(((pathPrefix + java.lang.Integer.toString(counter)) + .png)): null

2018-12-13 23:31:00 - [TEST_STEP][PASSED] - Statement - counter = counter + 1: null

2018-12-13 23:31:00 - [TEST_STEP][PASSED] - Statement - PreSaveFile = new java.io.File(((pathPrefix + java.lang.Integer.toString(counter)) + .png)): null

2018-12-13 23:31:00 - [TEST_STEP][PASSED] - Statement - counter = counter + 1: null

2018-12-13 23:31:00 - [TEST_STEP][PASSED] - Statement - PreSaveFile = new java.io.File(((pathPrefix + java.lang.Integer.toString(counter)) + .png)): null

2018-12-13 23:31:00 - [TEST_STEP][PASSED] - Statement - counter = counter + 1: null

2018-12-13 23:31:00 - [TEST_STEP][PASSED] - Statement - PreSaveFile = new java.io.File(((pathPrefix + java.lang.Integer.toString(counter)) + .png)): null

2018-12-13 23:31:00 - [TEST_STEP][PASSED] - Statement - counter = counter + 1: null

2018-12-13 23:31:00 - [TEST_STEP][PASSED] - Statement - PreSaveFile = new java.io.File(((pathPrefix + java.lang.Integer.toString(counter)) + .png)): null

2018-12-13 23:31:00 - [TEST_STEP][PASSED] - Statement - counter = counter + 1: null

2018-12-13 23:31:00 - [TEST_STEP][PASSED] - Statement - PreSaveFile = new java.io.File(((pathPrefix + java.lang.Integer.toString(counter)) + .png)): null

2018-12-13 23:31:01 - [TEST_STEP][PASSED] - Statement - counter = counter + 1: null

2018-12-13 23:31:01 - [TEST_STEP][PASSED] - Statement - PreSaveFile = new java.io.File(((pathPrefix + java.lang.Integer.toString(counter)) + .png)): null

2018-12-13 23:31:01 - [TEST_STEP][PASSED] - Statement - counter = counter + 1: null

2018-12-13 23:31:01 - [TEST_STEP][PASSED] - Statement - PreSaveFile = new java.io.File(((pathPrefix + java.lang.Integer.toString(counter)) + .png)): null

2018-12-13 23:31:01 - [TEST_STEP][PASSED] - Statement - counter = counter + 1: null

2018-12-13 23:31:01 - [TEST_STEP][PASSED] - Statement - PreSaveFile = new java.io.File(((pathPrefix + java.lang.Integer.toString(counter)) + .png)): null

2018-12-13 23:31:01 - [TEST_STEP][PASSED] - Statement - counter = counter + 1: null

2018-12-13 23:31:01 - [TEST_STEP][PASSED] - Statement - PreSaveFile = new java.io.File(((pathPrefix + java.lang.Integer.toString(counter)) + .png)): null

2018-12-13 23:31:01 - [TEST_STEP][PASSED] - Statement - counter = counter + 1: null

2018-12-13 23:31:01 - [TEST_STEP][PASSED] - Statement - PreSaveFile = new java.io.File(((pathPrefix + java.lang.Integer.toString(counter)) + .png)): null

2018-12-13 23:31:01 - [TEST_STEP][PASSED] - Statement - counter = counter + 1: null

2018-12-13 23:31:01 - [TEST_STEP][PASSED] - Statement - PreSaveFile = new java.io.File(((pathPrefix + java.lang.Integer.toString(counter)) + .png)): null

2018-12-13 23:31:01 - [TEST_STEP][PASSED] - Statement - counter = counter + 1: null

2018-12-13 23:31:01 - [TEST_STEP][PASSED] - Statement - PreSaveFile = new java.io.File(((pathPrefix + java.lang.Integer.toString(counter)) + .png)): null

2018-12-13 23:31:01 - [TEST_STEP][PASSED] - Statement - counter = counter + 1: null

2018-12-13 23:31:01 - [TEST_STEP][PASSED] - Statement - PreSaveFile = new java.io.File(((pathPrefix + java.lang.Integer.toString(counter)) + .png)): null

2018-12-13 23:31:01 - [TEST_STEP][PASSED] - Statement - counter = counter + 1: null

2018-12-13 23:31:01 - [TEST_STEP][PASSED] - Statement - PreSaveFile = new java.io.File(((pathPrefix + java.lang.Integer.toString(counter)) + .png)): null

2018-12-13 23:31:01 - [TEST_STEP][PASSED] - Statement - counter = counter + 1: null

2018-12-13 23:31:01 - [TEST_STEP][PASSED] - Statement - PreSaveFile = new java.io.File(((pathPrefix + java.lang.Integer.toString(counter)) + .png)): null

2018-12-13 23:31:01 - [TEST_STEP][PASSED] - Statement - counter = counter + 1: null

2018-12-13 23:31:01 - [TEST_STEP][PASSED] - Statement - PreSaveFile = new java.io.File(((pathPrefix + java.lang.Integer.toString(counter)) + .png)): null

2018-12-13 23:31:01 - [TEST_STEP][PASSED] - Statement - counter = counter + 1: null

2018-12-13 23:31:01 - [TEST_STEP][PASSED] - Statement - PreSaveFile = new java.io.File(((pathPrefix + java.lang.Integer.toString(counter)) + .png)): null

2018-12-13 23:31:01 - [TEST_STEP][PASSED] - Statement - counter = counter + 1: null

2018-12-13 23:31:01 - [TEST_STEP][PASSED] - Statement - PreSaveFile = new java.io.File(((pathPrefix + java.lang.Integer.toString(counter)) + .png)): null

2018-12-13 23:31:01 - [TEST_STEP][PASSED] - Statement - counter = counter + 1: null

2018-12-13 23:31:01 - [TEST_STEP][PASSED] - Statement - PreSaveFile = new java.io.File(((pathPrefix + java.lang.Integer.toString(counter)) + .png)): null

2018-12-13 23:31:01 - [TEST_STEP][PASSED] - Statement - counter = counter + 1: null

2018-12-13 23:31:01 - [TEST_STEP][PASSED] - Statement - PreSaveFile = new java.io.File(((pathPrefix + java.lang.Integer.toString(counter)) + .png)): null

2018-12-13 23:31:01 - [TEST_STEP][PASSED] - Statement - counter = counter + 1: null

2018-12-13 23:31:01 - [TEST_STEP][PASSED] - Statement - PreSaveFile = new java.io.File(((pathPrefix + java.lang.Integer.toString(counter)) + .png)): null

2018-12-13 23:31:01 - [TEST_STEP][PASSED] - Statement - counter = counter + 1: null

2018-12-13 23:31:01 - [TEST_STEP][PASSED] - Statement - PreSaveFile = new java.io.File(((pathPrefix + java.lang.Integer.toString(counter)) + .png)): null

2018-12-13 23:31:01 - [TEST_STEP][PASSED] - Statement - counter = counter + 1: null

2018-12-13 23:31:01 - [TEST_STEP][PASSED] - Statement - PreSaveFile = new java.io.File(((pathPrefix + java.lang.Integer.toString(counter)) + .png)): null

2018-12-13 23:31:01 - [TEST_STEP][PASSED] - Statement - counter = counter + 1: null

2018-12-13 23:31:01 - [TEST_STEP][PASSED] - Statement - PreSaveFile = new java.io.File(((pathPrefix + java.lang.Integer.toString(counter)) + .png)): null

2018-12-13 23:31:01 - [TEST_STEP][PASSED] - Statement - counter = counter + 1: null

2018-12-13 23:31:01 - [TEST_STEP][PASSED] - Statement - PreSaveFile = new java.io.File(((pathPrefix + java.lang.Integer.toString(counter)) + .png)): null

2018-12-13 23:31:01 - [TEST_STEP][PASSED] - Statement - counter = counter + 1: null

2018-12-13 23:31:01 - [TEST_STEP][PASSED] - Statement - PreSaveFile = new java.io.File(((pathPrefix + java.lang.Integer.toString(counter)) + .png)): null

2018-12-13 23:31:01 - [TEST_STEP][PASSED] - Statement - counter = counter + 1: null

2018-12-13 23:31:01 - [TEST_STEP][PASSED] - Statement - PreSaveFile = new java.io.File(((pathPrefix + java.lang.Integer.toString(counter)) + .png)): null

2018-12-13 23:31:01 - [TEST_STEP][PASSED] - Statement - counter = counter + 1: null

2018-12-13 23:31:01 - [TEST_STEP][PASSED] - Statement - PreSaveFile = new java.io.File(((pathPrefix + java.lang.Integer.toString(counter)) + .png)): null

2018-12-13 23:31:01 - [TEST_STEP][PASSED] - Statement - counter = counter + 1: null

2018-12-13 23:31:01 - [TEST_STEP][PASSED] - Statement - PreSaveFile = new java.io.File(((pathPrefix + java.lang.Integer.toString(counter)) + .png)): null

2018-12-13 23:31:01 - [TEST_STEP][PASSED] - Statement - counter = counter + 1: null

2018-12-13 23:31:01 - [TEST_STEP][PASSED] - Statement - PreSaveFile = new java.io.File(((pathPrefix + java.lang.Integer.toString(counter)) + .png)): null

2018-12-13 23:31:01 - [TEST_STEP][PASSED] - Statement - counter = counter + 1: null

2018-12-13 23:31:01 - [TEST_STEP][PASSED] - Statement - PreSaveFile = new java.io.File(((pathPrefix + java.lang.Integer.toString(counter)) + .png)): null

2018-12-13 23:31:01 - [TEST_STEP][PASSED] - Statement - counter = counter + 1: null

2018-12-13 23:31:01 - [TEST_STEP][PASSED] - Statement - PreSaveFile = new java.io.File(((pathPrefix + java.lang.Integer.toString(counter)) + .png)): null

2018-12-13 23:31:01 - [TEST_STEP][PASSED] - Statement - counter = counter + 1: null

2018-12-13 23:31:01 - [TEST_STEP][PASSED] - Statement - PreSaveFile = new java.io.File(((pathPrefix + java.lang.Integer.toString(counter)) + .png)): null

2018-12-13 23:31:01 - [TEST_STEP][PASSED] - Statement - counter = counter + 1: null

2018-12-13 23:31:01 - [TEST_STEP][PASSED] - Statement - PreSaveFile = new java.io.File(((pathPrefix + java.lang.Integer.toString(counter)) + .png)): null

2018-12-13 23:31:01 - [TEST_STEP][PASSED] - Statement - counter = counter + 1: null

2018-12-13 23:31:01 - [TEST_STEP][PASSED] - Statement - PreSaveFile = new java.io.File(((pathPrefix + java.lang.Integer.toString(counter)) + .png)): null

2018-12-13 23:31:01 - [TEST_STEP][PASSED] - Statement - counter = counter + 1: null

2018-12-13 23:31:01 - [TEST_STEP][PASSED] - Statement - PreSaveFile = new java.io.File(((pathPrefix + java.lang.Integer.toString(counter)) + .png)): null

2018-12-13 23:31:01 - [TEST_STEP][PASSED] - Statement - counter = counter + 1: null

2018-12-13 23:31:01 - [TEST_STEP][PASSED] - Statement - PreSaveFile = new java.io.File(((pathPrefix + java.lang.Integer.toString(counter)) + .png)): null

2018-12-13 23:31:01 - [TEST_STEP][PASSED] - Statement - counter = counter + 1: null

2018-12-13 23:31:01 - [TEST_STEP][PASSED] - Statement - PreSaveFile = new java.io.File(((pathPrefix + java.lang.Integer.toString(counter)) + .png)): null

2018-12-13 23:31:01 - [TEST_STEP][PASSED] - Statement - counter = counter + 1: null

2018-12-13 23:31:01 - [TEST_STEP][PASSED] - Statement - PreSaveFile = new java.io.File(((pathPrefix + java.lang.Integer.toString(counter)) + .png)): null

2018-12-13 23:31:01 - [TEST_STEP][PASSED] - Statement - counter = counter + 1: null

2018-12-13 23:31:01 - [TEST_STEP][PASSED] - Statement - PreSaveFile = new java.io.File(((pathPrefix + java.lang.Integer.toString(counter)) + .png)): null

2018-12-13 23:31:01 - [TEST_STEP][PASSED] - Statement - counter = counter + 1: null

2018-12-13 23:31:01 - [TEST_STEP][PASSED] - Statement - PreSaveFile = new java.io.File(((pathPrefix + java.lang.Integer.toString(counter)) + .png)): null

2018-12-13 23:31:01 - [TEST_STEP][PASSED] - Statement - counter = counter + 1: null

2018-12-13 23:31:01 - [TEST_STEP][PASSED] - Statement - PreSaveFile = new java.io.File(((pathPrefix + java.lang.Integer.toString(counter)) + .png)): null

2018-12-13 23:31:01 - [TEST_STEP][PASSED] - Statement - counter = counter + 1: null

2018-12-13 23:31:01 - [TEST_STEP][PASSED] - Statement - PreSaveFile = new java.io.File(((pathPrefix + java.lang.Integer.toString(counter)) + .png)): null

2018-12-13 23:31:01 - [TEST_STEP][PASSED] - Statement - counter = counter + 1: null

2018-12-13 23:31:01 - [TEST_STEP][PASSED] - Statement - PreSaveFile = new java.io.File(((pathPrefix + java.lang.Integer.toString(counter)) + .png)): null

2018-12-13 23:31:01 - [TEST_STEP][PASSED] - Statement - counter = counter + 1: null

2018-12-13 23:31:01 - [TEST_STEP][PASSED] - Statement - PreSaveFile = new java.io.File(((pathPrefix + java.lang.Integer.toString(counter)) + .png)): null

2018-12-13 23:31:01 - [TEST_STEP][PASSED] - Statement - counter = counter + 1: null

2018-12-13 23:31:01 - [TEST_STEP][PASSED] - Statement - PreSaveFile = new java.io.File(((pathPrefix + java.lang.Integer.toString(counter)) + .png)): null

2018-12-13 23:31:01 - [TEST_STEP][PASSED] - Statement - counter = counter + 1: null

2018-12-13 23:31:01 - [TEST_STEP][PASSED] - Statement - PreSaveFile = new java.io.File(((pathPrefix + java.lang.Integer.toString(counter)) + .png)): null

2018-12-13 23:31:01 - [TEST_STEP][PASSED] - Statement - counter = counter + 1: null

2018-12-13 23:31:01 - [TEST_STEP][PASSED] - Statement - PreSaveFile = new java.io.File(((pathPrefix + java.lang.Integer.toString(counter)) + .png)): null

2018-12-13 23:31:01 - [TEST_STEP][PASSED] - Statement - counter = counter + 1: null

2018-12-13 23:31:01 - [TEST_STEP][PASSED] - Statement - PreSaveFile = new java.io.File(((pathPrefix + java.lang.Integer.toString(counter)) + .png)): null

2018-12-13 23:31:01 - [TEST_STEP][PASSED] - Statement - counter = counter + 1: null

2018-12-13 23:31:01 - [TEST_STEP][PASSED] - Statement - PreSaveFile = new java.io.File(((pathPrefix + java.lang.Integer.toString(counter)) + .png)): null

2018-12-13 23:31:01 - [TEST_STEP][PASSED] - Statement - counter = counter + 1: null

2018-12-13 23:31:01 - [TEST_STEP][PASSED] - Statement - PreSaveFile = new java.io.File(((pathPrefix + java.lang.Integer.toString(counter)) + .png)): null

2018-12-13 23:31:01 - [TEST_STEP][PASSED] - Statement - counter = counter + 1: null

2018-12-13 23:31:01 - [TEST_STEP][PASSED] - Statement - PreSaveFile = new java.io.File(((pathPrefix + java.lang.Integer.toString(counter)) + .png)): null

2018-12-13 23:31:01 - [TEST_STEP][PASSED] - Statement - counter = counter + 1: null

2018-12-13 23:31:01 - [TEST_STEP][PASSED] - Statement - PreSaveFile = new java.io.File(((pathPrefix + java.lang.Integer.toString(counter)) + .png)): null

2018-12-13 23:31:01 - [TEST_STEP][PASSED] - Statement - counter = counter + 1: null

2018-12-13 23:31:01 - [TEST_STEP][PASSED] - Statement - PreSaveFile = new java.io.File(((pathPrefix + java.lang.Integer.toString(counter)) + .png)): null

2018-12-13 23:31:01 - [TEST_STEP][PASSED] - Statement - counter = counter + 1: null

2018-12-13 23:31:01 - [TEST_STEP][PASSED] - Statement - PreSaveFile = new java.io.File(((pathPrefix + java.lang.Integer.toString(counter)) + .png)): null

2018-12-13 23:31:01 - [TEST_STEP][PASSED] - Statement - counter = counter + 1: null

2018-12-13 23:31:01 - [TEST_STEP][PASSED] - Statement - PreSaveFile = new java.io.File(((pathPrefix + java.lang.Integer.toString(counter)) + .png)): null

2018-12-13 23:31:01 - [TEST_STEP][PASSED] - Statement - counter = counter + 1: null

2018-12-13 23:31:01 - [TEST_STEP][PASSED] - Statement - PreSaveFile = new java.io.File(((pathPrefix + java.lang.Integer.toString(counter)) + .png)): null

2018-12-13 23:31:01 - [TEST_STEP][PASSED] - Statement - counter = counter + 1: null

2018-12-13 23:31:01 - [TEST_STEP][PASSED] - Statement - PreSaveFile = new java.io.File(((pathPrefix + java.lang.Integer.toString(counter)) + .png)): null

2018-12-13 23:31:01 - [TEST_STEP][PASSED] - Statement - counter = counter + 1: null

2018-12-13 23:31:01 - [TEST_STEP][PASSED] - Statement - PreSaveFile = new java.io.File(((pathPrefix + java.lang.Integer.toString(counter)) + .png)): null

2018-12-13 23:31:01 - [TEST_STEP][PASSED] - Statement - counter = counter + 1: null

2018-12-13 23:31:01 - [TEST_STEP][PASSED] - Statement - PreSaveFile = new java.io.File(((pathPrefix + java.lang.Integer.toString(counter)) + .png)): null

2018-12-13 23:31:01 - [TEST_STEP][PASSED] - Statement - counter = counter + 1: null

2018-12-13 23:31:01 - [TEST_STEP][PASSED] - Statement - PreSaveFile = new java.io.File(((pathPrefix + java.lang.Integer.toString(counter)) + .png)): null

2018-12-13 23:31:01 - [TEST_STEP][PASSED] - Statement - counter = counter + 1: null

2018-12-13 23:31:01 - [TEST_STEP][PASSED] - Statement - PreSaveFile = new java.io.File(((pathPrefix + java.lang.Integer.toString(counter)) + .png)): null

2018-12-13 23:31:01 - [TEST_STEP][PASSED] - Statement - counter = counter + 1: null

2018-12-13 23:31:01 - [TEST_STEP][PASSED] - Statement - PreSaveFile = new java.io.File(((pathPrefix + java.lang.Integer.toString(counter)) + .png)): null

2018-12-13 23:31:01 - [TEST_STEP][PASSED] - Statement - counter = counter + 1: null

2018-12-13 23:31:01 - [TEST_STEP][PASSED] - Statement - PreSaveFile = new java.io.File(((pathPrefix + java.lang.Integer.toString(counter)) + .png)): null

2018-12-13 23:31:01 - [TEST_STEP][PASSED] - Statement - counter = counter + 1: null

2018-12-13 23:31:01 - [TEST_STEP][PASSED] - Statement - PreSaveFile = new java.io.File(((pathPrefix + java.lang.Integer.toString(counter)) + .png)): null

2018-12-13 23:31:01 - [TEST_STEP][PASSED] - Statement - counter = counter + 1: null

2018-12-13 23:31:01 - [TEST_STEP][PASSED] - Statement - PreSaveFile = new java.io.File(((pathPrefix + java.lang.Integer.toString(counter)) + .png)): null

2018-12-13 23:31:01 - [TEST_STEP][PASSED] - Statement - counter = counter + 1: null

2018-12-13 23:31:01 - [TEST_STEP][PASSED] - Statement - PreSaveFile = new java.io.File(((pathPrefix + java.lang.Integer.toString(counter)) + .png)): null

2018-12-13 23:31:01 - [TEST_STEP][PASSED] - Statement - counter = counter + 1: null

2018-12-13 23:31:01 - [TEST_STEP][PASSED] - Statement - PreSaveFile = new java.io.File(((pathPrefix + java.lang.Integer.toString(counter)) + .png)): null

2018-12-13 23:31:01 - [TEST_STEP][PASSED] - Statement - counter = counter + 1: null

2018-12-13 23:31:01 - [TEST_STEP][PASSED] - Statement - PreSaveFile = new java.io.File(((pathPrefix + java.lang.Integer.toString(counter)) + .png)): null

2018-12-13 23:31:01 - [TEST_STEP][PASSED] - Statement - counter = counter + 1: null

2018-12-13 23:31:01 - [TEST_STEP][PASSED] - Statement - PreSaveFile = new java.io.File(((pathPrefix + java.lang.Integer.toString(counter)) + .png)): null

2018-12-13 23:31:01 - [TEST_STEP][PASSED] - Statement - counter = counter + 1: null

2018-12-13 23:31:01 - [TEST_STEP][PASSED] - Statement - PreSaveFile = new java.io.File(((pathPrefix + java.lang.Integer.toString(counter)) + .png)): null

2018-12-13 23:31:01 - [TEST_STEP][PASSED] - Statement - counter = counter + 1: null

2018-12-13 23:31:01 - [TEST_STEP][PASSED] - Statement - PreSaveFile = new java.io.File(((pathPrefix + java.lang.Integer.toString(counter)) + .png)): null

2018-12-13 23:31:01 - [TEST_STEP][PASSED] - Statement - counter = counter + 1: null

2018-12-13 23:31:01 - [TEST_STEP][PASSED] - Statement - PreSaveFile = new java.io.File(((pathPrefix + java.lang.Integer.toString(counter)) + .png)): null

2018-12-13 23:31:01 - [TEST_STEP][PASSED] - Statement - counter = counter + 1: null

2018-12-13 23:31:01 - [TEST_STEP][PASSED] - Statement - PreSaveFile = new java.io.File(((pathPrefix + java.lang.Integer.toString(counter)) + .png)): null

2018-12-13 23:31:01 - [TEST_STEP][PASSED] - Statement - counter = counter + 1: null

2018-12-13 23:31:01 - [TEST_STEP][PASSED] - Statement - PreSaveFile = new java.io.File(((pathPrefix + java.lang.Integer.toString(counter)) + .png)): null

2018-12-13 23:31:01 - [TEST_STEP][PASSED] - Statement - counter = counter + 1: null

2018-12-13 23:31:01 - [TEST_STEP][PASSED] - Statement - PreSaveFile = new java.io.File(((pathPrefix + java.lang.Integer.toString(counter)) + .png)): null

2018-12-13 23:31:01 - [TEST_STEP][PASSED] - Statement - counter = counter + 1: null

2018-12-13 23:31:01 - [TEST_STEP][PASSED] - Statement - PreSaveFile = new java.io.File(((pathPrefix + java.lang.Integer.toString(counter)) + .png)): null

2018-12-13 23:31:01 - [TEST_STEP][PASSED] - Statement - counter = counter + 1: null

2018-12-13 23:31:01 - [TEST_STEP][PASSED] - Statement - PreSaveFile = new java.io.File(((pathPrefix + java.lang.Integer.toString(counter)) + .png)): null

2018-12-13 23:31:01 - [TEST_STEP][PASSED] - Statement - counter = counter + 1: null

2018-12-13 23:31:01 - [TEST_STEP][PASSED] - Statement - PreSaveFile = new java.io.File(((pathPrefix + java.lang.Integer.toString(counter)) + .png)): null

2018-12-13 23:31:01 - [TEST_STEP][PASSED] - Statement - counter = counter + 1: null

2018-12-13 23:31:01 - [TEST_STEP][PASSED] - Statement - PreSaveFile = new java.io.File(((pathPrefix + java.lang.Integer.toString(counter)) + .png)): null

2018-12-13 23:31:01 - [TEST_STEP][PASSED] - Statement - counter = counter + 1: null

2018-12-13 23:31:01 - [TEST_STEP][PASSED] - Statement - PreSaveFile = new java.io.File(((pathPrefix + java.lang.Integer.toString(counter)) + .png)): null

2018-12-13 23:31:01 - [TEST_STEP][PASSED] - Statement - counter = counter + 1: null

2018-12-13 23:31:01 - [TEST_STEP][PASSED] - Statement - PreSaveFile = new java.io.File(((pathPrefix + java.lang.Integer.toString(counter)) + .png)): null

2018-12-13 23:31:01 - [TEST_STEP][PASSED] - Statement - counter = counter + 1: null

2018-12-13 23:31:01 - [TEST_STEP][PASSED] - Statement - PreSaveFile = new java.io.File(((pathPrefix + java.lang.Integer.toString(counter)) + .png)): null

2018-12-13 23:31:01 - [TEST_STEP][PASSED] - Statement - counter = counter + 1: null

2018-12-13 23:31:01 - [TEST_STEP][PASSED] - Statement - PreSaveFile = new java.io.File(((pathPrefix + java.lang.Integer.toString(counter)) + .png)): null

2018-12-13 23:31:01 - [TEST_STEP][PASSED] - Statement - counter = counter + 1: null

2018-12-13 23:31:01 - [TEST_STEP][PASSED] - Statement - PreSaveFile = new java.io.File(((pathPrefix + java.lang.Integer.toString(counter)) + .png)): null

2018-12-13 23:31:01 - [TEST_STEP][PASSED] - Statement - counter = counter + 1: null

2018-12-13 23:31:01 - [TEST_STEP][PASSED] - Statement - PreSaveFile = new java.io.File(((pathPrefix + java.lang.Integer.toString(counter)) + .png)): null

2018-12-13 23:31:01 - [TEST_STEP][PASSED] - Statement - counter = counter + 1: null

2018-12-13 23:31:01 - [TEST_STEP][PASSED] - Statement - PreSaveFile = new java.io.File(((pathPrefix + java.lang.Integer.toString(counter)) + .png)): null

2018-12-13 23:31:01 - [TEST_STEP][PASSED] - Statement - counter = counter + 1: null

2018-12-13 23:31:01 - [TEST_STEP][PASSED] - Statement - PreSaveFile = new java.io.File(((pathPrefix + java.lang.Integer.toString(counter)) + .png)): null

2018-12-13 23:31:01 - [TEST_STEP][PASSED] - Statement - counter = counter + 1: null

2018-12-13 23:31:01 - [TEST_STEP][PASSED] - Statement - PreSaveFile = new java.io.File(((pathPrefix + java.lang.Integer.toString(counter)) + .png)): null

2018-12-13 23:31:01 - [TEST_STEP][PASSED] - Statement - counter = counter + 1: null

2018-12-13 23:31:01 - [TEST_STEP][PASSED] - Statement - PreSaveFile = new java.io.File(((pathPrefix + java.lang.Integer.toString(counter)) + .png)): null

2018-12-13 23:31:01 - [TEST_STEP][PASSED] - Statement - counter = counter + 1: null

2018-12-13 23:31:01 - [TEST_STEP][PASSED] - Statement - PreSaveFile = new java.io.File(((pathPrefix + java.lang.Integer.toString(counter)) + .png)): null

2018-12-13 23:31:01 - [TEST_STEP][PASSED] - Statement - counter = counter + 1: null

2018-12-13 23:31:01 - [TEST_STEP][PASSED] - Statement - PreSaveFile = new java.io.File(((pathPrefix + java.lang.Integer.toString(counter)) + .png)): null

2018-12-13 23:31:01 - [TEST_STEP][PASSED] - Statement - counter = counter + 1: null

2018-12-13 23:31:01 - [TEST_STEP][PASSED] - Statement - PreSaveFile = new java.io.File(((pathPrefix + java.lang.Integer.toString(counter)) + .png)): null

2018-12-13 23:31:01 - [TEST_STEP][PASSED] - Statement - counter = counter + 1: null

2018-12-13 23:31:01 - [TEST_STEP][PASSED] - Statement - PreSaveFile = new java.io.File(((pathPrefix + java.lang.Integer.toString(counter)) + .png)): null

2018-12-13 23:31:01 - [TEST_STEP][PASSED] - Statement - counter = counter + 1: null

2018-12-13 23:31:01 - [TEST_STEP][PASSED] - Statement - PreSaveFile = new java.io.File(((pathPrefix + java.lang.Integer.toString(counter)) + .png)): null

2018-12-13 23:31:01 - [TEST_STEP][PASSED] - Statement - counter = counter + 1: null

2018-12-13 23:31:01 - [TEST_STEP][PASSED] - Statement - PreSaveFile = new java.io.File(((pathPrefix + java.lang.Integer.toString(counter)) + .png)): null

2018-12-13 23:31:01 - [TEST_STEP][PASSED] - Statement - counter = counter + 1: null

2018-12-13 23:31:01 - [TEST_STEP][PASSED] - Statement - PreSaveFile = new java.io.File(((pathPrefix + java.lang.Integer.toString(counter)) + .png)): null

2018-12-13 23:31:01 - [TEST_STEP][PASSED] - Statement - counter = counter + 1: null

2018-12-13 23:31:01 - [TEST_STEP][PASSED] - Statement - PreSaveFile = new java.io.File(((pathPrefix + java.lang.Integer.toString(counter)) + .png)): null

2018-12-13 23:31:01 - [TEST_STEP][PASSED] - Statement - counter = counter + 1: null

2018-12-13 23:31:01 - [TEST_STEP][PASSED] - Statement - PreSaveFile = new java.io.File(((pathPrefix + java.lang.Integer.toString(counter)) + .png)): null

2018-12-13 23:31:01 - [TEST_STEP][PASSED] - Statement - counter = counter + 1: null

2018-12-13 23:31:01 - [TEST_STEP][PASSED] - Statement - PreSaveFile = new java.io.File(((pathPrefix + java.lang.Integer.toString(counter)) + .png)): null

2018-12-13 23:31:01 - [TEST_STEP][PASSED] - Statement - counter = counter + 1: null

2018-12-13 23:31:01 - [TEST_STEP][PASSED] - Statement - PreSaveFile = new java.io.File(((pathPrefix + java.lang.Integer.toString(counter)) + .png)): null

2018-12-13 23:31:01 - [TEST_STEP][PASSED] - Statement - counter = counter + 1: null

2018-12-13 23:31:01 - [TEST_STEP][PASSED] - Statement - PreSaveFile = new java.io.File(((pathPrefix + java.lang.Integer.toString(counter)) + .png)): null

2018-12-13 23:31:01 - [TEST_STEP][PASSED] - Statement - counter = counter + 1: null

2018-12-13 23:31:01 - [TEST_STEP][PASSED] - Statement - PreSaveFile = new java.io.File(((pathPrefix + java.lang.Integer.toString(counter)) + .png)): null

2018-12-13 23:31:01 - [TEST_STEP][PASSED] - Statement - counter = counter + 1: null

2018-12-13 23:31:01 - [TEST_STEP][PASSED] - Statement - PreSaveFile = new java.io.File(((pathPrefix + java.lang.Integer.toString(counter)) + .png)): null

2018-12-13 23:31:01 - [TEST_STEP][PASSED] - Statement - counter = counter + 1: null

2018-12-13 23:31:01 - [TEST_STEP][PASSED] - Statement - PreSaveFile = new java.io.File(((pathPrefix + java.lang.Integer.toString(counter)) + .png)): null

2018-12-13 23:31:01 - [TEST_STEP][PASSED] - Statement - counter = counter + 1: null

2018-12-13 23:31:01 - [TEST_STEP][PASSED] - Statement - PreSaveFile = new java.io.File(((pathPrefix + java.lang.Integer.toString(counter)) + .png)): null

2018-12-13 23:31:01 - [TEST_STEP][PASSED] - Statement - counter = counter + 1: null

2018-12-13 23:31:01 - [TEST_STEP][PASSED] - Statement - PreSaveFile = new java.io.File(((pathPrefix + java.lang.Integer.toString(counter)) + .png)): null

2018-12-13 23:31:01 - [TEST_STEP][PASSED] - Statement - counter = counter + 1: null

2018-12-13 23:31:01 - [TEST_STEP][PASSED] - Statement - PreSaveFile = new java.io.File(((pathPrefix + java.lang.Integer.toString(counter)) + .png)): null

2018-12-13 23:31:01 - [TEST_STEP][PASSED] - Statement - counter = counter + 1: null

2018-12-13 23:31:01 - [TEST_STEP][PASSED] - Statement - PreSaveFile = new java.io.File(((pathPrefix + java.lang.Integer.toString(counter)) + .png)): null

2018-12-13 23:31:01 - [TEST_STEP][PASSED] - Statement - counter = counter + 1: null

2018-12-13 23:31:01 - [TEST_STEP][PASSED] - Statement - PreSaveFile = new java.io.File(((pathPrefix + java.lang.Integer.toString(counter)) + .png)): null

2018-12-13 23:31:01 - [TEST_STEP][PASSED] - Statement - counter = counter + 1: null

2018-12-13 23:31:01 - [TEST_STEP][PASSED] - Statement - PreSaveFile = new java.io.File(((pathPrefix + java.lang.Integer.toString(counter)) + .png)): null

2018-12-13 23:31:01 - [TEST_STEP][PASSED] - Statement - counter = counter + 1: null

2018-12-13 23:31:01 - [TEST_STEP][PASSED] - Statement - PreSaveFile = new java.io.File(((pathPrefix + java.lang.Integer.toString(counter)) + .png)): null

2018-12-13 23:31:01 - [TEST_STEP][PASSED] - Statement - counter = counter + 1: null

2018-12-13 23:31:01 - [TEST_STEP][PASSED] - Statement - PreSaveFile = new java.io.File(((pathPrefix + java.lang.Integer.toString(counter)) + .png)): null

2018-12-13 23:31:01 - [TEST_STEP][PASSED] - Statement - counter = counter + 1: null

2018-12-13 23:31:01 - [TEST_STEP][PASSED] - Statement - PreSaveFile = new java.io.File(((pathPrefix + java.lang.Integer.toString(counter)) + .png)): null

2018-12-13 23:31:01 - [TEST_STEP][PASSED] - Statement - counter = counter + 1: null

2018-12-13 23:31:01 - [TEST_STEP][PASSED] - Statement - PreSaveFile = new java.io.File(((pathPrefix + java.lang.Integer.toString(counter)) + .png)): null

2018-12-13 23:31:01 - [TEST_STEP][PASSED] - Statement - counter = counter + 1: null

2018-12-13 23:31:01 - [TEST_STEP][PASSED] - Statement - PreSaveFile = new java.io.File(((pathPrefix + java.lang.Integer.toString(counter)) + .png)): null

2018-12-13 23:31:01 - [TEST_STEP][PASSED] - Statement - counter = counter + 1: null

2018-12-13 23:31:01 - [TEST_STEP][PASSED] - Statement - PreSaveFile = new java.io.File(((pathPrefix + java.lang.Integer.toString(counter)) + .png)): null

2018-12-13 23:31:01 - [TEST_STEP][PASSED] - Statement - counter = counter + 1: null

2018-12-13 23:31:01 - [TEST_STEP][PASSED] - Statement - PreSaveFile = new java.io.File(((pathPrefix + java.lang.Integer.toString(counter)) + .png)): null

2018-12-13 23:31:01 - [TEST_STEP][PASSED] - Statement - counter = counter + 1: null

2018-12-13 23:31:01 - [TEST_STEP][PASSED] - Statement - PreSaveFile = new java.io.File(((pathPrefix + java.lang.Integer.toString(counter)) + .png)): null

2018-12-13 23:31:01 - [TEST_STEP][PASSED] - Statement - counter = counter + 1: null

2018-12-13 23:31:01 - [TEST_STEP][PASSED] - Statement - PreSaveFile = new java.io.File(((pathPrefix + java.lang.Integer.toString(counter)) + .png)): null

2018-12-13 23:31:01 - [TEST_STEP][PASSED] - Statement - counter = counter + 1: null

2018-12-13 23:31:01 - [TEST_STEP][PASSED] - Statement - PreSaveFile = new java.io.File(((pathPrefix + java.lang.Integer.toString(counter)) + .png)): null

2018-12-13 23:31:01 - [TEST_STEP][PASSED] - Statement - counter = counter + 1: null

2018-12-13 23:31:01 - [TEST_STEP][PASSED] - Statement - PreSaveFile = new java.io.File(((pathPrefix + java.lang.Integer.toString(counter)) + .png)): null

2018-12-13 23:31:01 - [TEST_STEP][PASSED] - Statement - finalPath = pathPrefix + java.lang.Integer.toString(counter) + ".png": null

2018-12-13 23:31:01 - [TEST_STEP][PASSED] - Statement - SaveFile = new java.io.File(finalPath): null

2018-12-13 23:31:01 - [TEST_STEP][PASSED] - Statement - Try: null

2018-12-13 23:31:01 - [TEST_STEP][PASSED] - Statement - org.apache.commons.io.FileUtils.copyFile(scrFile, SaveFile): null

2018-12-13 23:31:01 - [TEST_STEP][PASSED] - Statement - out.println("file kept"): null

2018-12-13 23:31:01 - [TEST_STEP][PASSED] - delay: Delayed 10 second(s)

2018-12-13 23:31:11 - [MESSAGE][PASSED] - Delayed 10 second(s)

2018-12-13 23:31:11 - [MESSAGE][PASSED] - Call Test Case 'Test Cases/Final Aug 2018 - PKS Automation/Registration Module/New Registration/Submit and Screenshot/Submit Registration and Screenshot' successfully]]></system-out>
         <system-err><![CDATA[2018-12-13 23:24:09 - [TEST_CASE][FAILED] - Test Cases/Final Aug 2018 - PKS Automation/Registration Module/Workflow/New Registration/Case OTC to RO - RO Submit: Test Cases/Final Aug 2018 - PKS Automation/Registration Module/Workflow/New Registration/Case OTC to RO - RO Submit FAILED because (of) (Stack trace: com.kms.katalon.core.exception.StepFailedException: Unable to set text 'CRN12201800123317' of object 'Object Repository/Final Object Repo/New Registration - Registration Module Pages/New Reg - OTC to RO/Special Case - All Related Objects/TextBox RefNo in Workbasket' (Root cause: org.openqa.selenium.ElementNotVisibleException: element not interactable
  (Session info: chrome=70.0.3538.110)
  (Driver info: chromedriver=2.43.600210 (68dcf5eebde37173d4027fa8635e332711d2874a),platform=Windows NT 6.1.7601 SP1 x86_64) (WARNING: The server did not provide any stacktrace information)
Command duration or timeout: 0 milliseconds
Build info: version: '3.7.1', revision: '8a0099a', time: '2017-11-06T21:07:36.161Z'
System info: host: 'WIN7TEST02', ip: '10.20.3.72', os.name: 'Windows 7', os.arch: 'amd64', os.version: '6.1', java.version: '1.8.0_181'
Driver info: com.kms.katalon.selenium.driver.CChromeDriver
Capabilities {acceptInsecureCerts: false, acceptSslCerts: false, applicationCacheEnabled: false, browserConnectionEnabled: false, browserName: chrome, chrome: {chromedriverVersion: 2.43.600210 (68dcf5eebde371..., userDataDir: C:\Users\Admin\AppData\Loca...}, cssSelectorsEnabled: true, databaseEnabled: false, goog:chromeOptions: {debuggerAddress: localhost:62012}, handlesAlerts: true, hasTouchScreen: false, javascriptEnabled: true, locationContextEnabled: true, mobileEmulationEnabled: false, nativeEvents: true, networkConnectionEnabled: false, pageLoadStrategy: normal, platform: XP, platformName: XP, rotatable: false, setWindowRect: true, takesHeapSnapshot: true, takesScreenshot: true, unexpectedAlertBehaviour: , unhandledPromptBehavior: , version: 70.0.3538.110, webStorageEnabled: true}
Session ID: 132b41638335f378a0a04f1e5c0b5e6d)
	at com.kms.katalon.core.keyword.internal.KeywordMain.stepFailed(KeywordMain.groovy:32)
	at com.kms.katalon.core.webui.keyword.internal.WebUIKeywordMain.stepFailed(WebUIKeywordMain.groovy:65)
	at com.kms.katalon.core.webui.keyword.internal.WebUIKeywordMain.runKeyword(WebUIKeywordMain.groovy:27)
	at com.kms.katalon.core.webui.keyword.builtin.SetTextKeyword.setText(SetTextKeyword.groovy:65)
	at com.kms.katalon.core.webui.keyword.builtin.SetTextKeyword.execute(SetTextKeyword.groovy:37)
	at com.kms.katalon.core.keyword.internal.KeywordExecutor.executeKeywordForPlatform(KeywordExecutor.groovy:53)
	at com.kms.katalon.core.webui.keyword.WebUiBuiltInKeywords.setText(WebUiBuiltInKeywords.groovy:950)
	at com.kms.katalon.core.webui.keyword.WebUiBuiltInKeywords$setText$1.call(Unknown Source)
	at org.codehaus.groovy.runtime.callsite.CallSiteArray.defaultCall(CallSiteArray.java:48)
	at org.codehaus.groovy.runtime.callsite.AbstractCallSite.call(AbstractCallSite.java:113)
	at org.codehaus.groovy.runtime.callsite.AbstractCallSite.call(AbstractCallSite.java:133)
	at Script1535599379320.run(Script1535599379320.groovy:73)
	at com.kms.katalon.core.main.ScriptEngine.run(ScriptEngine.java:183)
	at com.kms.katalon.core.main.ScriptEngine.runScriptAsRawText(ScriptEngine.java:108)
	at com.kms.katalon.core.main.TestCaseExecutor.runScript(TestCaseExecutor.java:294)
	at com.kms.katalon.core.main.TestCaseExecutor.doExecute(TestCaseExecutor.java:285)
	at com.kms.katalon.core.main.TestCaseExecutor.processExecutionPhase(TestCaseExecutor.java:264)
	at com.kms.katalon.core.main.TestCaseExecutor.accessMainPhase(TestCaseExecutor.java:256)
	at com.kms.katalon.core.main.TestCaseExecutor.execute(TestCaseExecutor.java:200)
	at com.kms.katalon.core.main.TestSuiteExecutor.accessTestCaseMainPhase(TestSuiteExecutor.java:129)
	at com.kms.katalon.core.main.TestSuiteExecutor.accessTestSuiteMainPhase(TestSuiteExecutor.java:112)
	at com.kms.katalon.core.main.TestSuiteExecutor.execute(TestSuiteExecutor.java:81)
	at com.kms.katalon.core.main.TestCaseMain.startTestSuite(TestCaseMain.java:142)
	at com.kms.katalon.core.main.TestCaseMain$startTestSuite$0.call(Unknown Source)
	at org.codehaus.groovy.runtime.callsite.CallSiteArray.defaultCall(CallSiteArray.java:48)
	at org.codehaus.groovy.runtime.callsite.AbstractCallSite.call(AbstractCallSite.java:113)
	at org.codehaus.groovy.runtime.callsite.AbstractCallSite.call(AbstractCallSite.java:141)
	at TempTestSuite1544701631622.run(TempTestSuite1544701631622.groovy:36)
	at groovy.lang.GroovyShell.runScriptOrMainOrTestOrRunnable(GroovyShell.java:263)
	at groovy.lang.GroovyShell.run(GroovyShell.java:518)
	at groovy.lang.GroovyShell.run(GroovyShell.java:507)
	at groovy.ui.GroovyMain.processOnce(GroovyMain.java:653)
	at groovy.ui.GroovyMain.run(GroovyMain.java:384)
	at groovy.ui.GroovyMain.process(GroovyMain.java:370)
	at groovy.ui.GroovyMain.processArgs(GroovyMain.java:129)
	at groovy.ui.GroovyMain.main(GroovyMain.java:109)
	at sun.reflect.NativeMethodAccessorImpl.invoke0(Native Method)
	at sun.reflect.NativeMethodAccessorImpl.invoke(NativeMethodAccessorImpl.java:62)
	at sun.reflect.DelegatingMethodAccessorImpl.invoke(DelegatingMethodAccessorImpl.java:43)
	at java.lang.reflect.Method.invoke(Method.java:498)
	at org.codehaus.groovy.tools.GroovyStarter.rootLoader(GroovyStarter.java:109)
	at org.codehaus.groovy.tools.GroovyStarter.main(GroovyStarter.java:131)
)]]></system-err>
      </testcase>
      <testcase name="Test Cases/Final Aug 2018 - PKS Automation/Registration Module/Workflow/New Registration/Case PKR BO to RO - Query - Submit" classname="Test Cases/Final Aug 2018 - PKS Automation/Registration Module/Workflow/New Registration/Case PKR BO to RO - Query - Submit" status="FAILED">
         <failure type="FAILED" message="(Stack trace: com.kms.katalon.core.exception.StepFailedException: Unable to set text 'CRN12201800123318' of object 'Object Repository/Final Object Repo/New Registration - Registration Module Pages/New Reg - OTC to RO/Special Case - All Related Objects/TextBox RefNo in Workbasket' (Root cause: org.openqa.selenium.ElementNotVisibleException: element not interactable
  (Session info: chrome=70.0.3538.110)
  (Driver info: chromedriver=2.43.600210 (68dcf5eebde37173d4027fa8635e332711d2874a),platform=Windows NT 6.1.7601 SP1 x86_64) (WARNING: The server did not provide any stacktrace information)
Command duration or timeout: 0 milliseconds
Build info: version: '3.7.1', revision: '8a0099a', time: '2017-11-06T21:07:36.161Z'
System info: host: 'WIN7TEST02', ip: '10.20.3.72', os.name: 'Windows 7', os.arch: 'amd64', os.version: '6.1', java.version: '1.8.0_181'
Driver info: com.kms.katalon.selenium.driver.CChromeDriver
Capabilities {acceptInsecureCerts: false, acceptSslCerts: false, applicationCacheEnabled: false, browserConnectionEnabled: false, browserName: chrome, chrome: {chromedriverVersion: 2.43.600210 (68dcf5eebde371..., userDataDir: C:\Users\Admin\AppData\Loca...}, cssSelectorsEnabled: true, databaseEnabled: false, goog:chromeOptions: {debuggerAddress: localhost:62110}, handlesAlerts: true, hasTouchScreen: false, javascriptEnabled: true, locationContextEnabled: true, mobileEmulationEnabled: false, nativeEvents: true, networkConnectionEnabled: false, pageLoadStrategy: normal, platform: XP, platformName: XP, rotatable: false, setWindowRect: true, takesHeapSnapshot: true, takesScreenshot: true, unexpectedAlertBehaviour: , unhandledPromptBehavior: , version: 70.0.3538.110, webStorageEnabled: true}
Session ID: 25a3e655fd0dbc0b01edcd3c08c1500c)
	at com.kms.katalon.core.keyword.internal.KeywordMain.stepFailed(KeywordMain.groovy:32)
	at com.kms.katalon.core.webui.keyword.internal.WebUIKeywordMain.stepFailed(WebUIKeywordMain.groovy:65)
	at com.kms.katalon.core.webui.keyword.internal.WebUIKeywordMain.runKeyword(WebUIKeywordMain.groovy:27)
	at com.kms.katalon.core.webui.keyword.builtin.SetTextKeyword.setText(SetTextKeyword.groovy:65)
	at com.kms.katalon.core.webui.keyword.builtin.SetTextKeyword.execute(SetTextKeyword.groovy:37)
	at com.kms.katalon.core.keyword.internal.KeywordExecutor.executeKeywordForPlatform(KeywordExecutor.groovy:53)
	at com.kms.katalon.core.webui.keyword.WebUiBuiltInKeywords.setText(WebUiBuiltInKeywords.groovy:950)
	at com.kms.katalon.core.webui.keyword.WebUiBuiltInKeywords$setText$1.call(Unknown Source)
	at org.codehaus.groovy.runtime.callsite.CallSiteArray.defaultCall(CallSiteArray.java:48)
	at org.codehaus.groovy.runtime.callsite.AbstractCallSite.call(AbstractCallSite.java:113)
	at org.codehaus.groovy.runtime.callsite.AbstractCallSite.call(AbstractCallSite.java:133)
	at Script1535619019036.run(Script1535619019036.groovy:73)
	at com.kms.katalon.core.main.ScriptEngine.run(ScriptEngine.java:183)
	at com.kms.katalon.core.main.ScriptEngine.runScriptAsRawText(ScriptEngine.java:108)
	at com.kms.katalon.core.main.TestCaseExecutor.runScript(TestCaseExecutor.java:294)
	at com.kms.katalon.core.main.TestCaseExecutor.doExecute(TestCaseExecutor.java:285)
	at com.kms.katalon.core.main.TestCaseExecutor.processExecutionPhase(TestCaseExecutor.java:264)
	at com.kms.katalon.core.main.TestCaseExecutor.accessMainPhase(TestCaseExecutor.java:256)
	at com.kms.katalon.core.main.TestCaseExecutor.execute(TestCaseExecutor.java:200)
	at com.kms.katalon.core.main.TestSuiteExecutor.accessTestCaseMainPhase(TestSuiteExecutor.java:129)
	at com.kms.katalon.core.main.TestSuiteExecutor.accessTestSuiteMainPhase(TestSuiteExecutor.java:112)
	at com.kms.katalon.core.main.TestSuiteExecutor.execute(TestSuiteExecutor.java:81)
	at com.kms.katalon.core.main.TestCaseMain.startTestSuite(TestCaseMain.java:142)
	at com.kms.katalon.core.main.TestCaseMain$startTestSuite$0.call(Unknown Source)
	at org.codehaus.groovy.runtime.callsite.CallSiteArray.defaultCall(CallSiteArray.java:48)
	at org.codehaus.groovy.runtime.callsite.AbstractCallSite.call(AbstractCallSite.java:113)
	at org.codehaus.groovy.runtime.callsite.AbstractCallSite.call(AbstractCallSite.java:141)
	at TempTestSuite1544701631622.run(TempTestSuite1544701631622.groovy:36)
	at groovy.lang.GroovyShell.runScriptOrMainOrTestOrRunnable(GroovyShell.java:263)
	at groovy.lang.GroovyShell.run(GroovyShell.java:518)
	at groovy.lang.GroovyShell.run(GroovyShell.java:507)
	at groovy.ui.GroovyMain.processOnce(GroovyMain.java:653)
	at groovy.ui.GroovyMain.run(GroovyMain.java:384)
	at groovy.ui.GroovyMain.process(GroovyMain.java:370)
	at groovy.ui.GroovyMain.processArgs(GroovyMain.java:129)
	at groovy.ui.GroovyMain.main(GroovyMain.java:109)
	at sun.reflect.NativeMethodAccessorImpl.invoke0(Native Method)
	at sun.reflect.NativeMethodAccessorImpl.invoke(NativeMethodAccessorImpl.java:62)
	at sun.reflect.DelegatingMethodAccessorImpl.invoke(DelegatingMethodAccessorImpl.java:43)
	at java.lang.reflect.Method.invoke(Method.java:498)
	at org.codehaus.groovy.tools.GroovyStarter.rootLoader(GroovyStarter.java:109)
	at org.codehaus.groovy.tools.GroovyStarter.main(GroovyStarter.java:131)
)"/>
         <system-out><![CDATA[2018-12-13 23:31:11 - [TEST_CASE][FAILED] - Test Cases/Final Aug 2018 - PKS Automation/Registration Module/Workflow/New Registration/Case PKR BO to RO - Query - Submit: Test Cases/Final Aug 2018 - PKS Automation/Registration Module/Workflow/New Registration/Case PKR BO to RO - Query - Submit FAILED because (of) (Stack trace: com.kms.katalon.core.exception.StepFailedException: Unable to set text 'CRN12201800123318' of object 'Object Repository/Final Object Repo/New Registration - Registration Module Pages/New Reg - OTC to RO/Special Case - All Related Objects/TextBox RefNo in Workbasket' (Root cause: org.openqa.selenium.ElementNotVisibleException: element not interactable
  (Session info: chrome=70.0.3538.110)
  (Driver info: chromedriver=2.43.600210 (68dcf5eebde37173d4027fa8635e332711d2874a),platform=Windows NT 6.1.7601 SP1 x86_64) (WARNING: The server did not provide any stacktrace information)
Command duration or timeout: 0 milliseconds
Build info: version: '3.7.1', revision: '8a0099a', time: '2017-11-06T21:07:36.161Z'
System info: host: 'WIN7TEST02', ip: '10.20.3.72', os.name: 'Windows 7', os.arch: 'amd64', os.version: '6.1', java.version: '1.8.0_181'
Driver info: com.kms.katalon.selenium.driver.CChromeDriver
Capabilities {acceptInsecureCerts: false, acceptSslCerts: false, applicationCacheEnabled: false, browserConnectionEnabled: false, browserName: chrome, chrome: {chromedriverVersion: 2.43.600210 (68dcf5eebde371..., userDataDir: C:\Users\Admin\AppData\Loca...}, cssSelectorsEnabled: true, databaseEnabled: false, goog:chromeOptions: {debuggerAddress: localhost:62110}, handlesAlerts: true, hasTouchScreen: false, javascriptEnabled: true, locationContextEnabled: true, mobileEmulationEnabled: false, nativeEvents: true, networkConnectionEnabled: false, pageLoadStrategy: normal, platform: XP, platformName: XP, rotatable: false, setWindowRect: true, takesHeapSnapshot: true, takesScreenshot: true, unexpectedAlertBehaviour: , unhandledPromptBehavior: , version: 70.0.3538.110, webStorageEnabled: true}
Session ID: 25a3e655fd0dbc0b01edcd3c08c1500c)
	at com.kms.katalon.core.keyword.internal.KeywordMain.stepFailed(KeywordMain.groovy:32)
	at com.kms.katalon.core.webui.keyword.internal.WebUIKeywordMain.stepFailed(WebUIKeywordMain.groovy:65)
	at com.kms.katalon.core.webui.keyword.internal.WebUIKeywordMain.runKeyword(WebUIKeywordMain.groovy:27)
	at com.kms.katalon.core.webui.keyword.builtin.SetTextKeyword.setText(SetTextKeyword.groovy:65)
	at com.kms.katalon.core.webui.keyword.builtin.SetTextKeyword.execute(SetTextKeyword.groovy:37)
	at com.kms.katalon.core.keyword.internal.KeywordExecutor.executeKeywordForPlatform(KeywordExecutor.groovy:53)
	at com.kms.katalon.core.webui.keyword.WebUiBuiltInKeywords.setText(WebUiBuiltInKeywords.groovy:950)
	at com.kms.katalon.core.webui.keyword.WebUiBuiltInKeywords$setText$1.call(Unknown Source)
	at org.codehaus.groovy.runtime.callsite.CallSiteArray.defaultCall(CallSiteArray.java:48)
	at org.codehaus.groovy.runtime.callsite.AbstractCallSite.call(AbstractCallSite.java:113)
	at org.codehaus.groovy.runtime.callsite.AbstractCallSite.call(AbstractCallSite.java:133)
	at Script1535619019036.run(Script1535619019036.groovy:73)
	at com.kms.katalon.core.main.ScriptEngine.run(ScriptEngine.java:183)
	at com.kms.katalon.core.main.ScriptEngine.runScriptAsRawText(ScriptEngine.java:108)
	at com.kms.katalon.core.main.TestCaseExecutor.runScript(TestCaseExecutor.java:294)
	at com.kms.katalon.core.main.TestCaseExecutor.doExecute(TestCaseExecutor.java:285)
	at com.kms.katalon.core.main.TestCaseExecutor.processExecutionPhase(TestCaseExecutor.java:264)
	at com.kms.katalon.core.main.TestCaseExecutor.accessMainPhase(TestCaseExecutor.java:256)
	at com.kms.katalon.core.main.TestCaseExecutor.execute(TestCaseExecutor.java:200)
	at com.kms.katalon.core.main.TestSuiteExecutor.accessTestCaseMainPhase(TestSuiteExecutor.java:129)
	at com.kms.katalon.core.main.TestSuiteExecutor.accessTestSuiteMainPhase(TestSuiteExecutor.java:112)
	at com.kms.katalon.core.main.TestSuiteExecutor.execute(TestSuiteExecutor.java:81)
	at com.kms.katalon.core.main.TestCaseMain.startTestSuite(TestCaseMain.java:142)
	at com.kms.katalon.core.main.TestCaseMain$startTestSuite$0.call(Unknown Source)
	at org.codehaus.groovy.runtime.callsite.CallSiteArray.defaultCall(CallSiteArray.java:48)
	at org.codehaus.groovy.runtime.callsite.AbstractCallSite.call(AbstractCallSite.java:113)
	at org.codehaus.groovy.runtime.callsite.AbstractCallSite.call(AbstractCallSite.java:141)
	at TempTestSuite1544701631622.run(TempTestSuite1544701631622.groovy:36)
	at groovy.lang.GroovyShell.runScriptOrMainOrTestOrRunnable(GroovyShell.java:263)
	at groovy.lang.GroovyShell.run(GroovyShell.java:518)
	at groovy.lang.GroovyShell.run(GroovyShell.java:507)
	at groovy.ui.GroovyMain.processOnce(GroovyMain.java:653)
	at groovy.ui.GroovyMain.run(GroovyMain.java:384)
	at groovy.ui.GroovyMain.process(GroovyMain.java:370)
	at groovy.ui.GroovyMain.processArgs(GroovyMain.java:129)
	at groovy.ui.GroovyMain.main(GroovyMain.java:109)
	at sun.reflect.NativeMethodAccessorImpl.invoke0(Native Method)
	at sun.reflect.NativeMethodAccessorImpl.invoke(NativeMethodAccessorImpl.java:62)
	at sun.reflect.DelegatingMethodAccessorImpl.invoke(DelegatingMethodAccessorImpl.java:43)
	at java.lang.reflect.Method.invoke(Method.java:498)
	at org.codehaus.groovy.tools.GroovyStarter.rootLoader(GroovyStarter.java:109)
	at org.codehaus.groovy.tools.GroovyStarter.main(GroovyStarter.java:131)
)

2018-12-13 23:31:11 - [TEST_STEP][PASSED] - callTestCase: Call Test Case 'Test Cases/Final Aug 2018 - PKS Automation/Registration Module/Workflow/New Registration/Template/Special Case - PKR BO - Form 1' successfully

2018-12-13 23:31:11 - [TEST_CASE][PASSED] - Test Cases/Final Aug 2018 - PKS Automation/Registration Module/Workflow/New Registration/Template/Special Case - PKR BO - Form 1: Test Cases/Final Aug 2018 - PKS Automation/Registration Module/Workflow/New Registration/Template/Special Case - PKR BO - Form 1

2018-12-13 23:31:12 - [TEST_STEP][PASSED] - openBrowser: Browser is opened with url: ''

2018-12-13 23:31:12 - [MESSAGE][WARNING] - A browser is already opened. Closing browser and opening a new one

2018-12-13 23:31:16 - [MESSAGE][PASSED] - Browser is opened with url: ''

2018-12-13 23:31:16 - [TEST_STEP][PASSED] - navigateToUrl: Navigate to 'https://assist2-uat.perkeso.gov.my/login' successfully

2018-12-13 23:31:17 - [MESSAGE][PASSED] - Navigate to 'https://assist2-uat.perkeso.gov.my/login' successfully

2018-12-13 23:31:17 - [TEST_STEP][PASSED] - delay: Delayed 2 second(s)

2018-12-13 23:31:19 - [MESSAGE][PASSED] - Delayed 2 second(s)

2018-12-13 23:31:19 - [TEST_STEP][PASSED] - setText: Text 'klpkrbo2@gmail.com' is set on object 'Object Repository/Final Object Repo/Login Page/Internal User/Email Address'

2018-12-13 23:31:19 - [MESSAGE][PASSED] - Text 'klpkrbo2@gmail.com' is set on object 'Object Repository/Final Object Repo/Login Page/Internal User/Email Address'

2018-12-13 23:31:19 - [TEST_STEP][PASSED] - click: Object: 'Object Repository/Final Object Repo/Login Page/Internal User/Next Button' is clicked on

2018-12-13 23:31:19 - [MESSAGE][PASSED] - Object: 'Object Repository/Final Object Repo/Login Page/Internal User/Next Button' is clicked on

2018-12-13 23:31:19 - [TEST_STEP][PASSED] - delay: Delayed 2 second(s)

2018-12-13 23:31:21 - [MESSAGE][PASSED] - Delayed 2 second(s)

2018-12-13 23:31:21 - [TEST_STEP][PASSED] - setText: Text 'Test1@3456789' is set on object 'Object Repository/Final Object Repo/Login Page/Internal User/Password'

2018-12-13 23:31:22 - [MESSAGE][PASSED] - Text 'Test1@3456789' is set on object 'Object Repository/Final Object Repo/Login Page/Internal User/Password'

2018-12-13 23:31:22 - [TEST_STEP][PASSED] - delay: Delayed 2 second(s)

2018-12-13 23:31:24 - [MESSAGE][PASSED] - Delayed 2 second(s)

2018-12-13 23:31:24 - [TEST_STEP][PASSED] - click: Object: 'Object Repository/Final Object Repo/Login Page/Internal User/Login Button' is clicked on

2018-12-13 23:31:24 - [MESSAGE][PASSED] - Object: 'Object Repository/Final Object Repo/Login Page/Internal User/Login Button' is clicked on

2018-12-13 23:31:24 - [TEST_STEP][PASSED] - Statement - Try: null

2018-12-13 23:31:24 - [TEST_STEP][PASSED] - Statement - Checker = com.kms.katalon.core.webui.keyword.WebUiBuiltInKeywords.verifyElementNotPresent("Final Object Repo/Landing Page/Select to English", 3): null

2018-12-13 23:31:24 - [TEST_STEP][PASSED] - Statement - Catch (Exception e): null

2018-12-13 23:31:24 - [TEST_STEP][PASSED] - Statement - e.printStackTrace(): null

2018-12-13 23:31:24 - [TEST_STEP][PASSED] - delay: Delayed 5 second(s)

2018-12-13 23:31:29 - [MESSAGE][PASSED] - Delayed 5 second(s)

2018-12-13 23:31:29 - [TEST_STEP][PASSED] - click: Object: 'Object Repository/Final Object Repo/Landing Page/My Sites Drop Down' is clicked on

2018-12-13 23:31:29 - [MESSAGE][PASSED] - Object: 'Object Repository/Final Object Repo/Landing Page/My Sites Drop Down' is clicked on

2018-12-13 23:31:29 - [TEST_STEP][PASSED] - click: Object: 'Object Repository/Final Object Repo/Landing Page/Select to Registration Module' is clicked on

2018-12-13 23:31:30 - [MESSAGE][PASSED] - Object: 'Object Repository/Final Object Repo/Landing Page/Select to Registration Module' is clicked on

2018-12-13 23:31:30 - [TEST_STEP][PASSED] - click: Object: 'Object Repository/Final Object Repo/Landing Page/Registration Button' is clicked on

2018-12-13 23:31:31 - [MESSAGE][PASSED] - Object: 'Object Repository/Final Object Repo/Landing Page/Registration Button' is clicked on

2018-12-13 23:31:31 - [TEST_STEP][PASSED] - delay: Delayed 2 second(s)

2018-12-13 23:31:33 - [MESSAGE][PASSED] - Delayed 2 second(s)

2018-12-13 23:31:33 - [TEST_STEP][PASSED] - click: Object: 'Object Repository/Final Object Repo/New Registration - Registration Module Pages/New Reg - OTC to RO/Special Case - OTC - Form 1/AEC NO' is clicked on

2018-12-13 23:31:33 - [MESSAGE][PASSED] - Object: 'Object Repository/Final Object Repo/New Registration - Registration Module Pages/New Reg - OTC to RO/Special Case - OTC - Form 1/AEC NO' is clicked on

2018-12-13 23:31:33 - [TEST_STEP][PASSED] - click: Object: 'Object Repository/Final Object Repo/New Registration - Registration Module Pages/New Reg - OTC to RO/Special Case - OTC - Form 1/Business Entity - Please Select' is clicked on

2018-12-13 23:31:34 - [MESSAGE][PASSED] - Object: 'Object Repository/Final Object Repo/New Registration - Registration Module Pages/New Reg - OTC to RO/Special Case - OTC - Form 1/Business Entity - Please Select' is clicked on

2018-12-13 23:31:34 - [TEST_STEP][PASSED] - click: Object: 'Object Repository/Final Object Repo/New Registration - Registration Module Pages/New Reg - OTC to RO/Special Case - OTC - Form 1/Selected - Corporation' is clicked on

2018-12-13 23:31:34 - [MESSAGE][PASSED] - Object: 'Object Repository/Final Object Repo/New Registration - Registration Module Pages/New Reg - OTC to RO/Special Case - OTC - Form 1/Selected - Corporation' is clicked on

2018-12-13 23:31:34 - [TEST_STEP][PASSED] - delay: Delayed 2 second(s)

2018-12-13 23:31:36 - [MESSAGE][PASSED] - Delayed 2 second(s)

2018-12-13 23:31:36 - [TEST_STEP][PASSED] - click: Object: 'Object Repository/Final Object Repo/New Registration - Registration Module Pages/New Reg - OTC to RO/Special Case - OTC - Form 1/Sub Business Entity - Please Select' is clicked on

2018-12-13 23:31:36 - [MESSAGE][PASSED] - Object: 'Object Repository/Final Object Repo/New Registration - Registration Module Pages/New Reg - OTC to RO/Special Case - OTC - Form 1/Sub Business Entity - Please Select' is clicked on

2018-12-13 23:31:36 - [TEST_STEP][PASSED] - delay: Delayed 2 second(s)

2018-12-13 23:31:38 - [MESSAGE][PASSED] - Delayed 2 second(s)

2018-12-13 23:31:38 - [TEST_STEP][PASSED] - click: Object: 'Object Repository/Final Object Repo/New Registration - Registration Module Pages/New Reg - OTC to RO/Special Case - OTC - Form 1/Selected - Sendirian Berhad' is clicked on

2018-12-13 23:31:38 - [MESSAGE][PASSED] - Object: 'Object Repository/Final Object Repo/New Registration - Registration Module Pages/New Reg - OTC to RO/Special Case - OTC - Form 1/Selected - Sendirian Berhad' is clicked on

2018-12-13 23:31:38 - [TEST_STEP][PASSED] - setText: Text 'AUTOMATE001' is set on object 'Object Repository/Final Object Repo/New Registration - Registration Module Pages/New Reg - OTC to RO/Special Case - OTC - Form 1/Input BRN Number'

2018-12-13 23:31:39 - [MESSAGE][PASSED] - Text 'AUTOMATE001' is set on object 'Object Repository/Final Object Repo/New Registration - Registration Module Pages/New Reg - OTC to RO/Special Case - OTC - Form 1/Input BRN Number'

2018-12-13 23:31:39 - [TEST_STEP][PASSED] - delay: Delayed 2 second(s)

2018-12-13 23:31:41 - [MESSAGE][PASSED] - Delayed 2 second(s)

2018-12-13 23:31:41 - [TEST_STEP][PASSED] - click: Object: 'Object Repository/Final Object Repo/New Registration - Registration Module Pages/New Reg - OTC to RO/Special Case - OTC - Form 1/BRN Search' is clicked on

2018-12-13 23:31:41 - [MESSAGE][PASSED] - Object: 'Object Repository/Final Object Repo/New Registration - Registration Module Pages/New Reg - OTC to RO/Special Case - OTC - Form 1/BRN Search' is clicked on

2018-12-13 23:31:41 - [TEST_STEP][PASSED] - delay: Delayed 4 second(s)

2018-12-13 23:31:45 - [MESSAGE][PASSED] - Delayed 4 second(s)

2018-12-13 23:31:45 - [TEST_STEP][PASSED] - click: Object: 'Object Repository/Final Object Repo/New Registration - Registration Module Pages/New Reg - OTC to RO/Special Case - OTC - Form 1/Registered with SSM - After Feb 2017' is clicked on

2018-12-13 23:31:45 - [MESSAGE][PASSED] - Object: 'Object Repository/Final Object Repo/New Registration - Registration Module Pages/New Reg - OTC to RO/Special Case - OTC - Form 1/Registered with SSM - After Feb 2017' is clicked on

2018-12-13 23:31:45 - [TEST_STEP][PASSED] - delay: Delayed 2 second(s)

2018-12-13 23:31:47 - [MESSAGE][PASSED] - Delayed 2 second(s)

2018-12-13 23:31:47 - [TEST_STEP][PASSED] - click: Object: 'Object Repository/Final Object Repo/New Registration - Registration Module Pages/New Reg - OTC to RO/Special Case - OTC - Form 1/Registering As A Branch - No' is clicked on

2018-12-13 23:31:47 - [MESSAGE][PASSED] - Object: 'Object Repository/Final Object Repo/New Registration - Registration Module Pages/New Reg - OTC to RO/Special Case - OTC - Form 1/Registering As A Branch - No' is clicked on

2018-12-13 23:31:47 - [TEST_STEP][PASSED] - click: Object: 'Object Repository/Final Object Repo/New Registration - Registration Module Pages/New Reg - OTC to RO/Special Case - OTC - Form 1/Acknowledgement Ticked' is clicked on

2018-12-13 23:31:47 - [MESSAGE][PASSED] - Object: 'Object Repository/Final Object Repo/New Registration - Registration Module Pages/New Reg - OTC to RO/Special Case - OTC - Form 1/Acknowledgement Ticked' is clicked on

2018-12-13 23:31:47 - [TEST_STEP][PASSED] - click: Object: 'Object Repository/Final Object Repo/New Registration - Registration Module Pages/New Reg - OTC to RO/Special Case - OTC - Form 1/Submit Button' is clicked on

2018-12-13 23:31:47 - [MESSAGE][PASSED] - Object: 'Object Repository/Final Object Repo/New Registration - Registration Module Pages/New Reg - OTC to RO/Special Case - OTC - Form 1/Submit Button' is clicked on

2018-12-13 23:31:47 - [TEST_STEP][PASSED] - delay: Delayed 2 second(s)

2018-12-13 23:31:49 - [MESSAGE][PASSED] - Delayed 2 second(s)

2018-12-13 23:31:49 - [TEST_STEP][PASSED] - click: Object: 'Object Repository/Final Object Repo/New Registration - Registration Module Pages/New Reg - OTC to RO/Special Case - OTC - Form 1/Confirm No Flagging as Branch' is clicked on

2018-12-13 23:31:50 - [MESSAGE][PASSED] - Object: 'Object Repository/Final Object Repo/New Registration - Registration Module Pages/New Reg - OTC to RO/Special Case - OTC - Form 1/Confirm No Flagging as Branch' is clicked on

2018-12-13 23:31:50 - [MESSAGE][PASSED] - Call Test Case 'Test Cases/Final Aug 2018 - PKS Automation/Registration Module/Workflow/New Registration/Template/Special Case - PKR BO - Form 1' successfully

2018-12-13 23:31:50 - [TEST_STEP][PASSED] - callTestCase: Call Test Case 'Test Cases/Final Aug 2018 - PKS Automation/Registration Module/New Registration/Form 2/Add 1 Eligible' successfully

2018-12-13 23:31:50 - [TEST_CASE][PASSED] - Test Cases/Final Aug 2018 - PKS Automation/Registration Module/New Registration/Form 2/Add 1 Eligible: Test Cases/Final Aug 2018 - PKS Automation/Registration Module/New Registration/Form 2/Add 1 Eligible

2018-12-13 23:31:50 - [TEST_STEP][PASSED] - delay: Delayed 2 second(s)

2018-12-13 23:31:52 - [MESSAGE][PASSED] - Delayed 2 second(s)

2018-12-13 23:31:52 - [TEST_STEP][PASSED] - callTestCase: Call Test Case 'Test Cases/Final Aug 2018 - PKS Automation/Registration Module/New Registration/Form 2/Date Updater' successfully

2018-12-13 23:31:52 - [TEST_CASE][PASSED] - Test Cases/Final Aug 2018 - PKS Automation/Registration Module/New Registration/Form 2/Date Updater: Test Cases/Final Aug 2018 - PKS Automation/Registration Module/New Registration/Form 2/Date Updater

2018-12-13 23:31:52 - [TEST_STEP][PASSED] - Statement - TodayDate = new java.util.Date(): null

2018-12-13 23:31:52 - [TEST_STEP][PASSED] - Statement - CurrentDateNoFilter = new java.text.SimpleDateFormat(): null

2018-12-13 23:31:52 - [TEST_STEP][PASSED] - Statement - CurrentDateNoFilter.applyPattern("MM"): null

2018-12-13 23:31:52 - [TEST_STEP][PASSED] - Statement - monthContainerMatcher = java.lang.Integer.parseInt(CurrentDateNoFilter.format(TodayDate)): null

2018-12-13 23:31:52 - [TEST_STEP][PASSED] - Statement - monthContainerMatcher = monthContainerMatcher - 1: null

2018-12-13 23:31:52 - [TEST_STEP][PASSED] - Statement - CurrentMonth = monthContainerMatcher.toString(): null

2018-12-13 23:31:52 - [TEST_STEP][PASSED] - Statement - CurrentMonth = CurrentMonth: null

2018-12-13 23:31:52 - [TEST_STEP][PASSED] - Statement - CurrentDateNoFilter.applyPattern("yyyy"): null

2018-12-13 23:31:52 - [TEST_STEP][PASSED] - Statement - CurrentYear = CurrentDateNoFilter.format(TodayDate): null

2018-12-13 23:31:52 - [TEST_STEP][PASSED] - Statement - CurrentYear = CurrentYear: null

2018-12-13 23:31:52 - [TEST_STEP][PASSED] - Statement - intCurrentYear = java.lang.Integer.parseInt(CurrentDateNoFilter.format(TodayDate)): null

2018-12-13 23:31:52 - [TEST_STEP][PASSED] - Statement - eighteenYrsAgo = intCurrentYear - 18: null

2018-12-13 23:31:52 - [TEST_STEP][PASSED] - Statement - eighteenYrsBeforeThisYr = eighteenYrsAgo.toString(): null

2018-12-13 23:31:52 - [TEST_STEP][PASSED] - Statement - EighteenYrsBefore = eighteenYrsBeforeThisYr: null

2018-12-13 23:31:52 - [TEST_STEP][PASSED] - Statement - fiftysevenYrsAgo = intCurrentYear - 57: null

2018-12-13 23:31:52 - [TEST_STEP][PASSED] - Statement - fiftysevenYrsBeforeThisYr = fiftysevenYrsAgo.toString(): null

2018-12-13 23:31:52 - [TEST_STEP][PASSED] - Statement - FiftysevenYrsBefore = fiftysevenYrsBeforeThisYr: null

2018-12-13 23:31:52 - [TEST_STEP][PASSED] - Statement - leapYear = false: null

2018-12-13 23:31:52 - [TEST_STEP][PASSED] - Statement - leapYear = intCurrentYear % 4 == 0: null

2018-12-13 23:31:52 - [TEST_STEP][PASSED] - Statement - CurrentDateNoFilter.applyPattern("dd"): null

2018-12-13 23:31:52 - [TEST_STEP][PASSED] - Statement - CurrentDate = CurrentDateNoFilter.format(TodayDate): null

2018-12-13 23:31:52 - [TEST_STEP][PASSED] - Statement - CurrentDate = java.lang.Integer.parseInt(CurrentDate): null

2018-12-13 23:31:52 - [TEST_STEP][PASSED] - Statement - CurrentDate = CurrentDate: null

2018-12-13 23:31:52 - [TEST_STEP][PASSED] - Statement - CurrentDay = java.lang.Integer.parseInt(CurrentDate): null

2018-12-13 23:31:52 - [TEST_STEP][PASSED] - Statement - ConfAdder = <not implemented yet for class: org.codehaus.groovy.ast.expr.EmptyExpression>: null

2018-12-13 23:31:52 - [TEST_STEP][PASSED] - Statement - out.println(CurrentMonth): null

2018-12-13 23:31:52 - [TEST_STEP][PASSED] - Statement - out.println(CurrentDate): null

2018-12-13 23:31:52 - [TEST_STEP][PASSED] - Statement - switch (CurrentDate): null

2018-12-13 23:31:52 - [TEST_STEP][PASSED] - Statement - Default: null

2018-12-13 23:31:52 - [TEST_STEP][PASSED] - Statement - ConfAdder = true: null

2018-12-13 23:31:52 - [TEST_STEP][PASSED] - Statement - Break: null

2018-12-13 23:31:52 - [TEST_STEP][PASSED] - Statement - aDayBefore = <not implemented yet for class: org.codehaus.groovy.ast.expr.EmptyExpression>: null

2018-12-13 23:31:52 - [TEST_STEP][PASSED] - Statement - out.println(ConfAdder): null

2018-12-13 23:31:52 - [TEST_STEP][PASSED] - Statement - If (ConfAdder == true): null

2018-12-13 23:31:52 - [TEST_STEP][PASSED] - Statement - aDayBefore = CurrentDay + 1: null

2018-12-13 23:31:52 - [TEST_STEP][PASSED] - Statement - out.println(aDayBefore): null

2018-12-13 23:31:52 - [TEST_STEP][PASSED] - Statement - If (aDayBefore == 1 && CurrentMonth == 11): null

2018-12-13 23:31:52 - [TEST_STEP][PASSED] - Statement - DayBefore = aDayBefore.toString(): null

2018-12-13 23:31:52 - [TEST_STEP][PASSED] - Statement - OneDayBefore = DayBefore: null

2018-12-13 23:31:52 - [MESSAGE][PASSED] - Call Test Case 'Test Cases/Final Aug 2018 - PKS Automation/Registration Module/New Registration/Form 2/Date Updater' successfully

2018-12-13 23:31:52 - [TEST_STEP][PASSED] - delay: Delayed 1 second(s)

2018-12-13 23:31:53 - [MESSAGE][PASSED] - Delayed 1 second(s)

2018-12-13 23:31:53 - [TEST_STEP][PASSED] - Statement - CaseReferenceNo = com.kms.katalon.core.webui.keyword.WebUiBuiltInKeywords.getText(com.kms.katalon.core.testobject.ObjectRepository.findTestObject(Final Object Repo/New Registration - Registration Module Pages/Form 2/RefNo Acquiring)): Text of object 'Object Repository/Final Object Repo/New Registration - Registration Module Pages/Form 2/RefNo Acquiring' is: 'CRN12201800123318'

2018-12-13 23:31:53 - [MESSAGE][PASSED] - Text of object 'Object Repository/Final Object Repo/New Registration - Registration Module Pages/Form 2/RefNo Acquiring' is: 'CRN12201800123318'

2018-12-13 23:31:53 - [TEST_STEP][PASSED] - delay: Delayed 1 second(s)

2018-12-13 23:31:54 - [MESSAGE][PASSED] - Delayed 1 second(s)

2018-12-13 23:31:54 - [TEST_STEP][PASSED] - click: Object: 'Object Repository/Final Object Repo/New Registration - Registration Module Pages/Form 2/Add Employee Button' is clicked on

2018-12-13 23:31:54 - [MESSAGE][PASSED] - Object: 'Object Repository/Final Object Repo/New Registration - Registration Module Pages/Form 2/Add Employee Button' is clicked on

2018-12-13 23:31:54 - [TEST_STEP][PASSED] - delay: Delayed 1 second(s)

2018-12-13 23:31:55 - [MESSAGE][PASSED] - Delayed 1 second(s)

2018-12-13 23:31:55 - [TEST_STEP][PASSED] - setText: Text '010903091963' is set on object 'Object Repository/Final Object Repo/New Registration - Registration Module Pages/Form 2/NRIC Input'

2018-12-13 23:31:55 - [MESSAGE][PASSED] - Text '010903091963' is set on object 'Object Repository/Final Object Repo/New Registration - Registration Module Pages/Form 2/NRIC Input'

2018-12-13 23:31:55 - [TEST_STEP][PASSED] - click: Object: 'Object Repository/Final Object Repo/New Registration - Registration Module Pages/Form 2/button for search for IC' is clicked on

2018-12-13 23:31:56 - [MESSAGE][PASSED] - Object: 'Object Repository/Final Object Repo/New Registration - Registration Module Pages/Form 2/button for search for IC' is clicked on

2018-12-13 23:31:56 - [TEST_STEP][PASSED] - delay: Delayed 2 second(s)

2018-12-13 23:31:58 - [MESSAGE][PASSED] - Delayed 2 second(s)

2018-12-13 23:31:58 - [TEST_STEP][PASSED] - setText: Text 'Automate001 eligible 1' is set on object 'Object Repository/Final Object Repo/New Registration - Registration Module Pages/Form 2/Employee Name Input'

2018-12-13 23:31:58 - [MESSAGE][PASSED] - Text 'Automate001 eligible 1' is set on object 'Object Repository/Final Object Repo/New Registration - Registration Module Pages/Form 2/Employee Name Input'

2018-12-13 23:31:58 - [TEST_STEP][PASSED] - delay: Delayed 2 second(s)

2018-12-13 23:32:00 - [MESSAGE][PASSED] - Delayed 2 second(s)

2018-12-13 23:32:00 - [TEST_STEP][PASSED] - click: Object: 'Object Repository/Final Object Repo/New Registration - Registration Module Pages/Form 2/DatePicker Pop Up' is clicked on

2018-12-13 23:32:00 - [MESSAGE][PASSED] - Object: 'Object Repository/Final Object Repo/New Registration - Registration Module Pages/Form 2/DatePicker Pop Up' is clicked on

2018-12-13 23:32:00 - [TEST_STEP][PASSED] - click: Object: 'Object Repository/Final Object Repo/New Registration - Registration Module Pages/Form 2/DOB Month' is clicked on

2018-12-13 23:32:01 - [MESSAGE][PASSED] - Object: 'Object Repository/Final Object Repo/New Registration - Registration Module Pages/Form 2/DOB Month' is clicked on

2018-12-13 23:32:01 - [TEST_STEP][PASSED] - Statement - CurrentMonth = CurrentMonth: null

2018-12-13 23:32:01 - [TEST_STEP][PASSED] - Statement - selectMonth = new com.kms.katalon.core.testobject.TestObject(): null

2018-12-13 23:32:01 - [TEST_STEP][PASSED] - Statement - selectMonth.addProperty("xpath", EQUALS, "//body/div/div/div/select/option[@value='" + CurrentMonth + "']", true): null

2018-12-13 23:32:01 - [TEST_STEP][PASSED] - click: Object: '' is clicked on

2018-12-13 23:32:01 - [MESSAGE][PASSED] - Object: '' is clicked on

2018-12-13 23:32:01 - [TEST_STEP][PASSED] - click: Object: 'Object Repository/Final Object Repo/New Registration - Registration Module Pages/Form 2/DOB Year' is clicked on

2018-12-13 23:32:01 - [MESSAGE][PASSED] - Object: 'Object Repository/Final Object Repo/New Registration - Registration Module Pages/Form 2/DOB Year' is clicked on

2018-12-13 23:32:01 - [TEST_STEP][PASSED] - Statement - Eyearsbf = EighteenYrsBefore: null

2018-12-13 23:32:01 - [TEST_STEP][PASSED] - Statement - selectYear = new com.kms.katalon.core.testobject.TestObject(): null

2018-12-13 23:32:01 - [TEST_STEP][PASSED] - Statement - selectYear.addProperty("xpath", EQUALS, "//div/div/div/select/option[@value='" + Eyearsbf + "']", true): null

2018-12-13 23:32:01 - [TEST_STEP][PASSED] - click: Object: '' is clicked on

2018-12-13 23:32:01 - [MESSAGE][PASSED] - Object: '' is clicked on

2018-12-13 23:32:01 - [TEST_STEP][PASSED] - Statement - UpdatedSelectDate = com.kms.katalon.core.webui.keyword.WebUiBuiltInKeywords.modifyObjectProperty(com.kms.katalon.core.testobject.ObjectRepository.findTestObject(Final Object Repo/New Registration - Registration Module Pages/Form 2/DOB Date), "xpath", "equals", "//body/div/table/tbody/tr/td/a[text()="" + CurrentDate + ""]", true): Modify property of object successfully

2018-12-13 23:32:01 - [MESSAGE][PASSED] - Modify property of object successfully

2018-12-13 23:32:01 - [TEST_STEP][PASSED] - delay: Delayed 3 second(s)

2018-12-13 23:32:04 - [MESSAGE][PASSED] - Delayed 3 second(s)

2018-12-13 23:32:04 - [TEST_STEP][PASSED] - click: Object: 'Object Repository/Final Object Repo/New Registration - Registration Module Pages/Form 2/DOB Date' is clicked on

2018-12-13 23:32:04 - [MESSAGE][PASSED] - Object: 'Object Repository/Final Object Repo/New Registration - Registration Module Pages/Form 2/DOB Date' is clicked on

2018-12-13 23:32:04 - [TEST_STEP][PASSED] - delay: Delayed 2 second(s)

2018-12-13 23:32:06 - [MESSAGE][PASSED] - Delayed 2 second(s)

2018-12-13 23:32:06 - [TEST_STEP][PASSED] - click: Object: 'Object Repository/Final Object Repo/New Registration - Registration Module Pages/Form 2/EmploymentStartDate Pop Up' is clicked on

2018-12-13 23:32:06 - [MESSAGE][PASSED] - Object: 'Object Repository/Final Object Repo/New Registration - Registration Module Pages/Form 2/EmploymentStartDate Pop Up' is clicked on

2018-12-13 23:32:06 - [TEST_STEP][PASSED] - delay: Delayed 2 second(s)

2018-12-13 23:32:08 - [MESSAGE][PASSED] - Delayed 2 second(s)

2018-12-13 23:32:08 - [TEST_STEP][PASSED] - click: Object: 'Object Repository/Final Object Repo/New Registration - Registration Module Pages/Form 2/Socso Employment StartDate Month' is clicked on

2018-12-13 23:32:08 - [MESSAGE][PASSED] - Object: 'Object Repository/Final Object Repo/New Registration - Registration Module Pages/Form 2/Socso Employment StartDate Month' is clicked on

2018-12-13 23:32:08 - [TEST_STEP][PASSED] - delay: Delayed 1 second(s)

2018-12-13 23:32:09 - [MESSAGE][PASSED] - Delayed 1 second(s)

2018-12-13 23:32:09 - [TEST_STEP][PASSED] - click: Object: 'Object Repository/Final Object Repo/New Registration - Registration Module Pages/Form 2/Select Socso Employement Startdate Month' is clicked on

2018-12-13 23:32:10 - [MESSAGE][PASSED] - Object: 'Object Repository/Final Object Repo/New Registration - Registration Module Pages/Form 2/Select Socso Employement Startdate Month' is clicked on

2018-12-13 23:32:10 - [TEST_STEP][PASSED] - delay: Delayed 2 second(s)

2018-12-13 23:32:12 - [MESSAGE][PASSED] - Delayed 2 second(s)

2018-12-13 23:32:12 - [TEST_STEP][PASSED] - click: Object: 'Object Repository/Final Object Repo/New Registration - Registration Module Pages/Form 2/Socso Employment StartDate Year' is clicked on

2018-12-13 23:32:12 - [MESSAGE][PASSED] - Object: 'Object Repository/Final Object Repo/New Registration - Registration Module Pages/Form 2/Socso Employment StartDate Year' is clicked on

2018-12-13 23:32:12 - [TEST_STEP][PASSED] - delay: Delayed 1 second(s)

2018-12-13 23:32:13 - [MESSAGE][PASSED] - Delayed 1 second(s)

2018-12-13 23:32:13 - [TEST_STEP][PASSED] - click: Object: 'Object Repository/Final Object Repo/New Registration - Registration Module Pages/Form 2/Select Socso Employment Startdate Year' is clicked on

2018-12-13 23:32:13 - [MESSAGE][PASSED] - Object: 'Object Repository/Final Object Repo/New Registration - Registration Module Pages/Form 2/Select Socso Employment Startdate Year' is clicked on

2018-12-13 23:32:13 - [TEST_STEP][PASSED] - delay: Delayed 2 second(s)

2018-12-13 23:32:15 - [MESSAGE][PASSED] - Delayed 2 second(s)

2018-12-13 23:32:15 - [TEST_STEP][PASSED] - click: Object: 'Object Repository/Final Object Repo/New Registration - Registration Module Pages/Form 2/Socso Employment Start Date Day' is clicked on

2018-12-13 23:32:15 - [MESSAGE][PASSED] - Object: 'Object Repository/Final Object Repo/New Registration - Registration Module Pages/Form 2/Socso Employment Start Date Day' is clicked on

2018-12-13 23:32:15 - [TEST_STEP][PASSED] - delay: Delayed 2 second(s)

2018-12-13 23:32:17 - [MESSAGE][PASSED] - Delayed 2 second(s)

2018-12-13 23:32:17 - [TEST_STEP][PASSED] - click: Object: 'Object Repository/Final Object Repo/New Registration - Registration Module Pages/Form 2/Save Button for Add Employee' is clicked on

2018-12-13 23:32:17 - [MESSAGE][PASSED] - Object: 'Object Repository/Final Object Repo/New Registration - Registration Module Pages/Form 2/Save Button for Add Employee' is clicked on

2018-12-13 23:32:17 - [TEST_STEP][PASSED] - delay: Delayed 6 second(s)

2018-12-13 23:32:23 - [MESSAGE][PASSED] - Delayed 6 second(s)

2018-12-13 23:32:23 - [TEST_STEP][PASSED] - click: Object: 'Object Repository/Final Object Repo/New Registration - Registration Module Pages/Form 2/Save and Continue Form 2' is clicked on

2018-12-13 23:32:23 - [MESSAGE][PASSED] - Object: 'Object Repository/Final Object Repo/New Registration - Registration Module Pages/Form 2/Save and Continue Form 2' is clicked on

2018-12-13 23:32:23 - [MESSAGE][PASSED] - Call Test Case 'Test Cases/Final Aug 2018 - PKS Automation/Registration Module/New Registration/Form 2/Add 1 Eligible' successfully

2018-12-13 23:32:23 - [TEST_STEP][PASSED] - callTestCase: Call Test Case 'Test Cases/Final Aug 2018 - PKS Automation/Registration Module/New Registration/Flow of New Registration/Third Screen - Upload Supporting Doc - Preview' successfully

2018-12-13 23:32:24 - [TEST_CASE][PASSED] - Test Cases/Final Aug 2018 - PKS Automation/Registration Module/New Registration/Flow of New Registration/Third Screen - Upload Supporting Doc - Preview: Test Cases/Final Aug 2018 - PKS Automation/Registration Module/New Registration/Flow of New Registration/Third Screen - Upload Supporting Doc - Preview

2018-12-13 23:32:24 - [TEST_STEP][PASSED] - waitForPageLoad: Wait for page load successfully

2018-12-13 23:32:24 - [MESSAGE][PASSED] - Wait for page load successfully

2018-12-13 23:32:24 - [TEST_STEP][PASSED] - Statement - CaseReferenceNo = com.kms.katalon.core.webui.keyword.WebUiBuiltInKeywords.getText(com.kms.katalon.core.testobject.ObjectRepository.findTestObject(Final Object Repo/New Registration - Registration Module Pages/Third Screen - Upload Supporting Doc- Preview/RefNo Acquiring)): Text of object 'Object Repository/Final Object Repo/New Registration - Registration Module Pages/Third Screen - Upload Supporting Doc- Preview/RefNo Acquiring' is: 'CRN12201800123318'

2018-12-13 23:32:24 - [MESSAGE][PASSED] - Text of object 'Object Repository/Final Object Repo/New Registration - Registration Module Pages/Third Screen - Upload Supporting Doc- Preview/RefNo Acquiring' is: 'CRN12201800123318'

2018-12-13 23:32:24 - [TEST_STEP][PASSED] - delay: Delayed 2 second(s)

2018-12-13 23:32:26 - [MESSAGE][PASSED] - Delayed 2 second(s)

2018-12-13 23:32:26 - [TEST_STEP][PASSED] - callTestCase: Call Test Case 'Test Cases/Final Aug 2018 - PKS Automation/Common/Reference Number Setter' successfully

2018-12-13 23:32:26 - [TEST_CASE][PASSED] - Test Cases/Final Aug 2018 - PKS Automation/Common/Reference Number Setter: Test Cases/Final Aug 2018 - PKS Automation/Common/Reference Number Setter

2018-12-13 23:32:26 - [TEST_STEP][PASSED] - Statement - RefNoOldFile = new java.io.File(C://Users//Admin//Desktop//PKS//Automation Reference Point//KatalonReference.txt): null

2018-12-13 23:32:26 - [TEST_STEP][PASSED] - Statement - RefNoOldFile.delete(): null

2018-12-13 23:32:26 - [TEST_STEP][PASSED] - delay: Delayed 5 second(s)

2018-12-13 23:32:31 - [MESSAGE][PASSED] - Delayed 5 second(s)

2018-12-13 23:32:31 - [TEST_STEP][PASSED] - Statement - RefNo = new java.io.File(C://Users//Admin//Desktop//PKS//Automation Reference Point//KatalonReference.txt): null

2018-12-13 23:32:31 - [TEST_STEP][PASSED] - Statement - f2 = new java.io.FileWriter(RefNo, false): null

2018-12-13 23:32:31 - [TEST_STEP][PASSED] - Statement - f2.write(CaseReferenceNo): null

2018-12-13 23:32:31 - [TEST_STEP][PASSED] - Statement - f2.close(): null

2018-12-13 23:32:31 - [TEST_STEP][PASSED] - Statement - out.println("


" + CaseReferenceNo + "


"): null

2018-12-13 23:32:31 - [MESSAGE][PASSED] - Call Test Case 'Test Cases/Final Aug 2018 - PKS Automation/Common/Reference Number Setter' successfully

2018-12-13 23:32:31 - [TEST_STEP][PASSED] - waitForElementClickable: Object 'Object Repository/Final Object Repo/New Registration - Registration Module Pages/Third Screen - Upload Supporting Doc- Preview/Save n Continue in SIP Employee Listing Page' is clickable

2018-12-13 23:32:31 - [MESSAGE][PASSED] - Object 'Object Repository/Final Object Repo/New Registration - Registration Module Pages/Third Screen - Upload Supporting Doc- Preview/Save n Continue in SIP Employee Listing Page' is clickable

2018-12-13 23:32:31 - [TEST_STEP][PASSED] - click: Object: 'Object Repository/Final Object Repo/New Registration - Registration Module Pages/Third Screen - Upload Supporting Doc- Preview/Save n Continue in SIP Employee Listing Page' is clicked on

2018-12-13 23:32:37 - [MESSAGE][PASSED] - Object: 'Object Repository/Final Object Repo/New Registration - Registration Module Pages/Third Screen - Upload Supporting Doc- Preview/Save n Continue in SIP Employee Listing Page' is clicked on

2018-12-13 23:32:37 - [TEST_STEP][PASSED] - delay: Delayed 7 second(s)

2018-12-13 23:32:44 - [MESSAGE][PASSED] - Delayed 7 second(s)

2018-12-13 23:32:44 - [TEST_STEP][PASSED] - click: Object: 'Object Repository/Final Object Repo/New Registration - Registration Module Pages/Third Screen - Upload Supporting Doc- Preview/Add Document Button' is clicked on

2018-12-13 23:32:44 - [MESSAGE][PASSED] - Object: 'Object Repository/Final Object Repo/New Registration - Registration Module Pages/Third Screen - Upload Supporting Doc- Preview/Add Document Button' is clicked on

2018-12-13 23:32:44 - [TEST_STEP][PASSED] - delay: Delayed 30 second(s)

2018-12-13 23:33:14 - [MESSAGE][PASSED] - Delayed 30 second(s)

2018-12-13 23:33:14 - [TEST_STEP][PASSED] - click: Object: 'Object Repository/Final Object Repo/New Registration - Registration Module Pages/Third Screen - Upload Supporting Doc- Preview/Supporting Doc Please Select Drop Down' is clicked on

2018-12-13 23:33:14 - [MESSAGE][PASSED] - Object: 'Object Repository/Final Object Repo/New Registration - Registration Module Pages/Third Screen - Upload Supporting Doc- Preview/Supporting Doc Please Select Drop Down' is clicked on

2018-12-13 23:33:14 - [TEST_STEP][PASSED] - delay: Delayed 2 second(s)

2018-12-13 23:33:16 - [MESSAGE][PASSED] - Delayed 2 second(s)

2018-12-13 23:33:16 - [TEST_STEP][PASSED] - click: Object: 'Object Repository/Final Object Repo/New Registration - Registration Module Pages/Third Screen - Upload Supporting Doc- Preview/Select to Upload Form 1' is clicked on

2018-12-13 23:33:16 - [MESSAGE][PASSED] - Object: 'Object Repository/Final Object Repo/New Registration - Registration Module Pages/Third Screen - Upload Supporting Doc- Preview/Select to Upload Form 1' is clicked on

2018-12-13 23:33:16 - [TEST_STEP][PASSED] - delay: Delayed 2 second(s)

2018-12-13 23:33:18 - [MESSAGE][PASSED] - Delayed 2 second(s)

2018-12-13 23:33:18 - [TEST_STEP][PASSED] - uploadFile: File 'C:\Users\Public\Pictures\Sample Pictures\Koala.jpg' sent to object: 'Object Repository/Final Object Repo/New Registration - Registration Module Pages/Third Screen - Upload Supporting Doc- Preview/Upload File Adding'

2018-12-13 23:33:18 - [MESSAGE][PASSED] - File 'C:\Users\Public\Pictures\Sample Pictures\Koala.jpg' sent to object: 'Object Repository/Final Object Repo/New Registration - Registration Module Pages/Third Screen - Upload Supporting Doc- Preview/Upload File Adding'

2018-12-13 23:33:18 - [TEST_STEP][PASSED] - delay: Delayed 5 second(s)

2018-12-13 23:33:23 - [MESSAGE][PASSED] - Delayed 5 second(s)

2018-12-13 23:33:23 - [TEST_STEP][PASSED] - click: Object: 'Object Repository/Final Object Repo/New Registration - Registration Module Pages/Third Screen - Upload Supporting Doc- Preview/Inner Form Add Document Button' is clicked on

2018-12-13 23:33:24 - [MESSAGE][PASSED] - Object: 'Object Repository/Final Object Repo/New Registration - Registration Module Pages/Third Screen - Upload Supporting Doc- Preview/Inner Form Add Document Button' is clicked on

2018-12-13 23:33:24 - [TEST_STEP][PASSED] - delay: Delayed 3 second(s)

2018-12-13 23:33:27 - [MESSAGE][PASSED] - Delayed 3 second(s)

2018-12-13 23:33:27 - [TEST_STEP][PASSED] - click: Object: 'Object Repository/Final Object Repo/New Registration - Registration Module Pages/Third Screen - Upload Supporting Doc- Preview/Add Document Button' is clicked on

2018-12-13 23:33:28 - [MESSAGE][PASSED] - Object: 'Object Repository/Final Object Repo/New Registration - Registration Module Pages/Third Screen - Upload Supporting Doc- Preview/Add Document Button' is clicked on

2018-12-13 23:33:28 - [TEST_STEP][PASSED] - delay: Delayed 30 second(s)

2018-12-13 23:33:58 - [MESSAGE][PASSED] - Delayed 30 second(s)

2018-12-13 23:33:58 - [TEST_STEP][PASSED] - click: Object: 'Object Repository/Final Object Repo/New Registration - Registration Module Pages/Third Screen - Upload Supporting Doc- Preview/Supporting Doc Please Select Drop Down' is clicked on

2018-12-13 23:33:58 - [MESSAGE][PASSED] - Object: 'Object Repository/Final Object Repo/New Registration - Registration Module Pages/Third Screen - Upload Supporting Doc- Preview/Supporting Doc Please Select Drop Down' is clicked on

2018-12-13 23:33:58 - [TEST_STEP][PASSED] - delay: Delayed 4 second(s)

2018-12-13 23:34:02 - [MESSAGE][PASSED] - Delayed 4 second(s)

2018-12-13 23:34:02 - [TEST_STEP][PASSED] - click: Object: 'Object Repository/Final Object Repo/New Registration - Registration Module Pages/Third Screen - Upload Supporting Doc- Preview/Select to Upload Form 2' is clicked on

2018-12-13 23:34:02 - [MESSAGE][PASSED] - Object: 'Object Repository/Final Object Repo/New Registration - Registration Module Pages/Third Screen - Upload Supporting Doc- Preview/Select to Upload Form 2' is clicked on

2018-12-13 23:34:02 - [TEST_STEP][PASSED] - delay: Delayed 2 second(s)

2018-12-13 23:34:04 - [MESSAGE][PASSED] - Delayed 2 second(s)

2018-12-13 23:34:04 - [TEST_STEP][PASSED] - uploadFile: File 'C:\Users\Public\Pictures\Sample Pictures\Koala.jpg' sent to object: 'Object Repository/Final Object Repo/New Registration - Registration Module Pages/Third Screen - Upload Supporting Doc- Preview/Upload File Adding'

2018-12-13 23:34:04 - [MESSAGE][PASSED] - File 'C:\Users\Public\Pictures\Sample Pictures\Koala.jpg' sent to object: 'Object Repository/Final Object Repo/New Registration - Registration Module Pages/Third Screen - Upload Supporting Doc- Preview/Upload File Adding'

2018-12-13 23:34:04 - [TEST_STEP][PASSED] - click: Object: 'Object Repository/Final Object Repo/New Registration - Registration Module Pages/Third Screen - Upload Supporting Doc- Preview/Inner Form Add Document Button' is clicked on

2018-12-13 23:34:05 - [MESSAGE][PASSED] - Object: 'Object Repository/Final Object Repo/New Registration - Registration Module Pages/Third Screen - Upload Supporting Doc- Preview/Inner Form Add Document Button' is clicked on

2018-12-13 23:34:05 - [TEST_STEP][PASSED] - delay: Delayed 5 second(s)

2018-12-13 23:34:10 - [MESSAGE][PASSED] - Delayed 5 second(s)

2018-12-13 23:34:10 - [TEST_STEP][PASSED] - click: Object: 'Object Repository/Final Object Repo/New Registration - Registration Module Pages/Third Screen - Upload Supporting Doc- Preview/Add Document Button' is clicked on

2018-12-13 23:34:10 - [MESSAGE][PASSED] - Object: 'Object Repository/Final Object Repo/New Registration - Registration Module Pages/Third Screen - Upload Supporting Doc- Preview/Add Document Button' is clicked on

2018-12-13 23:34:10 - [TEST_STEP][PASSED] - delay: Delayed 30 second(s)

2018-12-13 23:34:40 - [MESSAGE][PASSED] - Delayed 30 second(s)

2018-12-13 23:34:40 - [TEST_STEP][PASSED] - click: Object: 'Object Repository/Final Object Repo/New Registration - Registration Module Pages/Third Screen - Upload Supporting Doc- Preview/Supporting Doc Please Select Drop Down' is clicked on

2018-12-13 23:34:40 - [MESSAGE][PASSED] - Object: 'Object Repository/Final Object Repo/New Registration - Registration Module Pages/Third Screen - Upload Supporting Doc- Preview/Supporting Doc Please Select Drop Down' is clicked on

2018-12-13 23:34:40 - [TEST_STEP][PASSED] - click: Object: 'Object Repository/Final Object Repo/New Registration - Registration Module Pages/Third Screen - Upload Supporting Doc- Preview/Select to Upload Borang SIP 1' is clicked on

2018-12-13 23:34:40 - [MESSAGE][PASSED] - Object: 'Object Repository/Final Object Repo/New Registration - Registration Module Pages/Third Screen - Upload Supporting Doc- Preview/Select to Upload Borang SIP 1' is clicked on

2018-12-13 23:34:40 - [TEST_STEP][PASSED] - delay: Delayed 2 second(s)

2018-12-13 23:34:42 - [MESSAGE][PASSED] - Delayed 2 second(s)

2018-12-13 23:34:42 - [TEST_STEP][PASSED] - uploadFile: File 'C:\Users\Public\Pictures\Sample Pictures\Koala.jpg' sent to object: 'Object Repository/Final Object Repo/New Registration - Registration Module Pages/Third Screen - Upload Supporting Doc- Preview/Upload File Adding'

2018-12-13 23:34:42 - [MESSAGE][PASSED] - File 'C:\Users\Public\Pictures\Sample Pictures\Koala.jpg' sent to object: 'Object Repository/Final Object Repo/New Registration - Registration Module Pages/Third Screen - Upload Supporting Doc- Preview/Upload File Adding'

2018-12-13 23:34:42 - [TEST_STEP][PASSED] - click: Object: 'Object Repository/Final Object Repo/New Registration - Registration Module Pages/Third Screen - Upload Supporting Doc- Preview/Inner Form Add Document Button' is clicked on

2018-12-13 23:34:42 - [MESSAGE][PASSED] - Object: 'Object Repository/Final Object Repo/New Registration - Registration Module Pages/Third Screen - Upload Supporting Doc- Preview/Inner Form Add Document Button' is clicked on

2018-12-13 23:34:42 - [TEST_STEP][PASSED] - delay: Delayed 5 second(s)

2018-12-13 23:34:47 - [MESSAGE][PASSED] - Delayed 5 second(s)

2018-12-13 23:34:47 - [TEST_STEP][PASSED] - click: Object: 'Object Repository/Final Object Repo/New Registration - Registration Module Pages/Third Screen - Upload Supporting Doc- Preview/Add Document Button' is clicked on

2018-12-13 23:34:48 - [MESSAGE][PASSED] - Object: 'Object Repository/Final Object Repo/New Registration - Registration Module Pages/Third Screen - Upload Supporting Doc- Preview/Add Document Button' is clicked on

2018-12-13 23:34:48 - [TEST_STEP][PASSED] - delay: Delayed 30 second(s)

2018-12-13 23:35:18 - [MESSAGE][PASSED] - Delayed 30 second(s)

2018-12-13 23:35:18 - [TEST_STEP][PASSED] - click: Object: 'Object Repository/Final Object Repo/New Registration - Registration Module Pages/Third Screen - Upload Supporting Doc- Preview/Supporting Doc Please Select Drop Down' is clicked on

2018-12-13 23:35:18 - [MESSAGE][PASSED] - Object: 'Object Repository/Final Object Repo/New Registration - Registration Module Pages/Third Screen - Upload Supporting Doc- Preview/Supporting Doc Please Select Drop Down' is clicked on

2018-12-13 23:35:18 - [TEST_STEP][PASSED] - delay: Delayed 3 second(s)

2018-12-13 23:35:21 - [MESSAGE][PASSED] - Delayed 3 second(s)

2018-12-13 23:35:21 - [TEST_STEP][PASSED] - click: Object: 'Object Repository/Final Object Repo/New Registration - Registration Module Pages/Third Screen - Upload Supporting Doc- Preview/Select to Upload Borang SIP 2' is clicked on

2018-12-13 23:35:21 - [MESSAGE][PASSED] - Object: 'Object Repository/Final Object Repo/New Registration - Registration Module Pages/Third Screen - Upload Supporting Doc- Preview/Select to Upload Borang SIP 2' is clicked on

2018-12-13 23:35:21 - [TEST_STEP][PASSED] - delay: Delayed 2 second(s)

2018-12-13 23:35:23 - [MESSAGE][PASSED] - Delayed 2 second(s)

2018-12-13 23:35:23 - [TEST_STEP][PASSED] - uploadFile: File 'C:\Users\Public\Pictures\Sample Pictures\Koala.jpg' sent to object: 'Object Repository/Final Object Repo/New Registration - Registration Module Pages/Third Screen - Upload Supporting Doc- Preview/Upload File Adding'

2018-12-13 23:35:23 - [MESSAGE][PASSED] - File 'C:\Users\Public\Pictures\Sample Pictures\Koala.jpg' sent to object: 'Object Repository/Final Object Repo/New Registration - Registration Module Pages/Third Screen - Upload Supporting Doc- Preview/Upload File Adding'

2018-12-13 23:35:23 - [TEST_STEP][PASSED] - delay: Delayed 5 second(s)

2018-12-13 23:35:28 - [MESSAGE][PASSED] - Delayed 5 second(s)

2018-12-13 23:35:28 - [TEST_STEP][PASSED] - click: Object: 'Object Repository/Final Object Repo/New Registration - Registration Module Pages/Third Screen - Upload Supporting Doc- Preview/Inner Form Add Document Button' is clicked on

2018-12-13 23:35:28 - [MESSAGE][PASSED] - Object: 'Object Repository/Final Object Repo/New Registration - Registration Module Pages/Third Screen - Upload Supporting Doc- Preview/Inner Form Add Document Button' is clicked on

2018-12-13 23:35:28 - [TEST_STEP][PASSED] - delay: Delayed 3 second(s)

2018-12-13 23:35:31 - [MESSAGE][PASSED] - Delayed 3 second(s)

2018-12-13 23:35:31 - [TEST_STEP][PASSED] - waitForElementClickable: Object 'Object Repository/Final Object Repo/New Registration - Registration Module Pages/Third Screen - Upload Supporting Doc- Preview/Save n Continue in Uploading Supporting Doc Page' is clickable

2018-12-13 23:35:32 - [MESSAGE][PASSED] - Object 'Object Repository/Final Object Repo/New Registration - Registration Module Pages/Third Screen - Upload Supporting Doc- Preview/Save n Continue in Uploading Supporting Doc Page' is clickable

2018-12-13 23:35:32 - [TEST_STEP][PASSED] - click: Object: 'Object Repository/Final Object Repo/New Registration - Registration Module Pages/Third Screen - Upload Supporting Doc- Preview/Save n Continue in Uploading Supporting Doc Page' is clicked on

2018-12-13 23:35:33 - [MESSAGE][PASSED] - Object: 'Object Repository/Final Object Repo/New Registration - Registration Module Pages/Third Screen - Upload Supporting Doc- Preview/Save n Continue in Uploading Supporting Doc Page' is clicked on

2018-12-13 23:35:33 - [MESSAGE][PASSED] - Call Test Case 'Test Cases/Final Aug 2018 - PKS Automation/Registration Module/New Registration/Flow of New Registration/Third Screen - Upload Supporting Doc - Preview' successfully

2018-12-13 23:35:33 - [TEST_STEP][PASSED] - callTestCase: Call Test Case 'Test Cases/Final Aug 2018 - PKS Automation/Registration Module/New Registration/Submit and Screenshot/Submit Registration and Screenshot' successfully

2018-12-13 23:35:33 - [TEST_CASE][PASSED] - Test Cases/Final Aug 2018 - PKS Automation/Registration Module/New Registration/Submit and Screenshot/Submit Registration and Screenshot: Test Cases/Final Aug 2018 - PKS Automation/Registration Module/New Registration/Submit and Screenshot/Submit Registration and Screenshot

2018-12-13 23:35:33 - [TEST_STEP][PASSED] - delay: Delayed 6 second(s)

2018-12-13 23:35:39 - [MESSAGE][PASSED] - Delayed 6 second(s)

2018-12-13 23:35:39 - [TEST_STEP][PASSED] - click: Object: 'Object Repository/Final Object Repo/New Registration - Registration Module Pages/Third Screen - Upload Supporting Doc- Preview/Preview Submit Button' is clicked on

2018-12-13 23:35:39 - [MESSAGE][PASSED] - Object: 'Object Repository/Final Object Repo/New Registration - Registration Module Pages/Third Screen - Upload Supporting Doc- Preview/Preview Submit Button' is clicked on

2018-12-13 23:35:39 - [TEST_STEP][PASSED] - delay: Delayed 2 second(s)

2018-12-13 23:35:41 - [MESSAGE][PASSED] - Delayed 2 second(s)

2018-12-13 23:35:41 - [TEST_STEP][PASSED] - click: Object: 'Object Repository/Final Object Repo/New Registration - Registration Module Pages/Third Screen - Upload Supporting Doc- Preview/Preview Submit - Confirm' is clicked on

2018-12-13 23:35:41 - [MESSAGE][PASSED] - Object: 'Object Repository/Final Object Repo/New Registration - Registration Module Pages/Third Screen - Upload Supporting Doc- Preview/Preview Submit - Confirm' is clicked on

2018-12-13 23:35:41 - [TEST_STEP][PASSED] - delay: Delayed 15 second(s)

2018-12-13 23:35:56 - [MESSAGE][PASSED] - Delayed 15 second(s)

2018-12-13 23:35:56 - [TEST_STEP][PASSED] - Statement - driver = com.kms.katalon.core.webui.driver.DriverFactory.getWebDriver(): null

2018-12-13 23:35:56 - [TEST_STEP][PASSED] - Statement - driver.manage().timeouts().implicitlyWait(10, SECONDS): null

2018-12-13 23:35:56 - [TEST_STEP][PASSED] - Statement - PresavePath = KatalonScreenshots: null

2018-12-13 23:35:56 - [TEST_STEP][PASSED] - Statement - pathPrefix = "C:\Users\Public\Pictures\Sample Pictures\Katalon Screenshots\Automate Ending Screen": null

2018-12-13 23:35:56 - [TEST_STEP][PASSED] - Statement - finalPath = <not implemented yet for class: org.codehaus.groovy.ast.expr.EmptyExpression>: null

2018-12-13 23:35:56 - [TEST_STEP][PASSED] - Statement - scrFile = driver.getScreenshotAs(FILE): null

2018-12-13 23:35:56 - [TEST_STEP][PASSED] - Statement - PreSaveFile = new java.io.File(PresavePath): null

2018-12-13 23:35:56 - [TEST_STEP][PASSED] - Statement - counter = 0: null

2018-12-13 23:35:56 - [TEST_STEP][PASSED] - Statement - If (PreSaveFile.exists()): null

2018-12-13 23:35:56 - [TEST_STEP][PASSED] - Statement - While (PreSaveFile.exists()): null

2018-12-13 23:35:56 - [TEST_STEP][PASSED] - Statement - counter = counter + 1: null

2018-12-13 23:35:56 - [TEST_STEP][PASSED] - Statement - PreSaveFile = new java.io.File(((pathPrefix + java.lang.Integer.toString(counter)) + .png)): null

2018-12-13 23:35:56 - [TEST_STEP][PASSED] - Statement - counter = counter + 1: null

2018-12-13 23:35:56 - [TEST_STEP][PASSED] - Statement - PreSaveFile = new java.io.File(((pathPrefix + java.lang.Integer.toString(counter)) + .png)): null

2018-12-13 23:35:56 - [TEST_STEP][PASSED] - Statement - counter = counter + 1: null

2018-12-13 23:35:56 - [TEST_STEP][PASSED] - Statement - PreSaveFile = new java.io.File(((pathPrefix + java.lang.Integer.toString(counter)) + .png)): null

2018-12-13 23:35:56 - [TEST_STEP][PASSED] - Statement - counter = counter + 1: null

2018-12-13 23:35:56 - [TEST_STEP][PASSED] - Statement - PreSaveFile = new java.io.File(((pathPrefix + java.lang.Integer.toString(counter)) + .png)): null

2018-12-13 23:35:56 - [TEST_STEP][PASSED] - Statement - counter = counter + 1: null

2018-12-13 23:35:56 - [TEST_STEP][PASSED] - Statement - PreSaveFile = new java.io.File(((pathPrefix + java.lang.Integer.toString(counter)) + .png)): null

2018-12-13 23:35:56 - [TEST_STEP][PASSED] - Statement - counter = counter + 1: null

2018-12-13 23:35:56 - [TEST_STEP][PASSED] - Statement - PreSaveFile = new java.io.File(((pathPrefix + java.lang.Integer.toString(counter)) + .png)): null

2018-12-13 23:35:56 - [TEST_STEP][PASSED] - Statement - counter = counter + 1: null

2018-12-13 23:35:56 - [TEST_STEP][PASSED] - Statement - PreSaveFile = new java.io.File(((pathPrefix + java.lang.Integer.toString(counter)) + .png)): null

2018-12-13 23:35:56 - [TEST_STEP][PASSED] - Statement - counter = counter + 1: null

2018-12-13 23:35:56 - [TEST_STEP][PASSED] - Statement - PreSaveFile = new java.io.File(((pathPrefix + java.lang.Integer.toString(counter)) + .png)): null

2018-12-13 23:35:56 - [TEST_STEP][PASSED] - Statement - counter = counter + 1: null

2018-12-13 23:35:56 - [TEST_STEP][PASSED] - Statement - PreSaveFile = new java.io.File(((pathPrefix + java.lang.Integer.toString(counter)) + .png)): null

2018-12-13 23:35:56 - [TEST_STEP][PASSED] - Statement - counter = counter + 1: null

2018-12-13 23:35:56 - [TEST_STEP][PASSED] - Statement - PreSaveFile = new java.io.File(((pathPrefix + java.lang.Integer.toString(counter)) + .png)): null

2018-12-13 23:35:56 - [TEST_STEP][PASSED] - Statement - counter = counter + 1: null

2018-12-13 23:35:56 - [TEST_STEP][PASSED] - Statement - PreSaveFile = new java.io.File(((pathPrefix + java.lang.Integer.toString(counter)) + .png)): null

2018-12-13 23:35:56 - [TEST_STEP][PASSED] - Statement - counter = counter + 1: null

2018-12-13 23:35:56 - [TEST_STEP][PASSED] - Statement - PreSaveFile = new java.io.File(((pathPrefix + java.lang.Integer.toString(counter)) + .png)): null

2018-12-13 23:35:56 - [TEST_STEP][PASSED] - Statement - counter = counter + 1: null

2018-12-13 23:35:56 - [TEST_STEP][PASSED] - Statement - PreSaveFile = new java.io.File(((pathPrefix + java.lang.Integer.toString(counter)) + .png)): null

2018-12-13 23:35:56 - [TEST_STEP][PASSED] - Statement - counter = counter + 1: null

2018-12-13 23:35:56 - [TEST_STEP][PASSED] - Statement - PreSaveFile = new java.io.File(((pathPrefix + java.lang.Integer.toString(counter)) + .png)): null

2018-12-13 23:35:56 - [TEST_STEP][PASSED] - Statement - counter = counter + 1: null

2018-12-13 23:35:56 - [TEST_STEP][PASSED] - Statement - PreSaveFile = new java.io.File(((pathPrefix + java.lang.Integer.toString(counter)) + .png)): null

2018-12-13 23:35:56 - [TEST_STEP][PASSED] - Statement - counter = counter + 1: null

2018-12-13 23:35:56 - [TEST_STEP][PASSED] - Statement - PreSaveFile = new java.io.File(((pathPrefix + java.lang.Integer.toString(counter)) + .png)): null

2018-12-13 23:35:56 - [TEST_STEP][PASSED] - Statement - counter = counter + 1: null

2018-12-13 23:35:56 - [TEST_STEP][PASSED] - Statement - PreSaveFile = new java.io.File(((pathPrefix + java.lang.Integer.toString(counter)) + .png)): null

2018-12-13 23:35:56 - [TEST_STEP][PASSED] - Statement - counter = counter + 1: null

2018-12-13 23:35:56 - [TEST_STEP][PASSED] - Statement - PreSaveFile = new java.io.File(((pathPrefix + java.lang.Integer.toString(counter)) + .png)): null

2018-12-13 23:35:56 - [TEST_STEP][PASSED] - Statement - counter = counter + 1: null

2018-12-13 23:35:56 - [TEST_STEP][PASSED] - Statement - PreSaveFile = new java.io.File(((pathPrefix + java.lang.Integer.toString(counter)) + .png)): null

2018-12-13 23:35:56 - [TEST_STEP][PASSED] - Statement - counter = counter + 1: null

2018-12-13 23:35:56 - [TEST_STEP][PASSED] - Statement - PreSaveFile = new java.io.File(((pathPrefix + java.lang.Integer.toString(counter)) + .png)): null

2018-12-13 23:35:56 - [TEST_STEP][PASSED] - Statement - counter = counter + 1: null

2018-12-13 23:35:56 - [TEST_STEP][PASSED] - Statement - PreSaveFile = new java.io.File(((pathPrefix + java.lang.Integer.toString(counter)) + .png)): null

2018-12-13 23:35:56 - [TEST_STEP][PASSED] - Statement - counter = counter + 1: null

2018-12-13 23:35:56 - [TEST_STEP][PASSED] - Statement - PreSaveFile = new java.io.File(((pathPrefix + java.lang.Integer.toString(counter)) + .png)): null

2018-12-13 23:35:56 - [TEST_STEP][PASSED] - Statement - counter = counter + 1: null

2018-12-13 23:35:56 - [TEST_STEP][PASSED] - Statement - PreSaveFile = new java.io.File(((pathPrefix + java.lang.Integer.toString(counter)) + .png)): null

2018-12-13 23:35:56 - [TEST_STEP][PASSED] - Statement - counter = counter + 1: null

2018-12-13 23:35:56 - [TEST_STEP][PASSED] - Statement - PreSaveFile = new java.io.File(((pathPrefix + java.lang.Integer.toString(counter)) + .png)): null

2018-12-13 23:35:56 - [TEST_STEP][PASSED] - Statement - counter = counter + 1: null

2018-12-13 23:35:56 - [TEST_STEP][PASSED] - Statement - PreSaveFile = new java.io.File(((pathPrefix + java.lang.Integer.toString(counter)) + .png)): null

2018-12-13 23:35:56 - [TEST_STEP][PASSED] - Statement - counter = counter + 1: null

2018-12-13 23:35:56 - [TEST_STEP][PASSED] - Statement - PreSaveFile = new java.io.File(((pathPrefix + java.lang.Integer.toString(counter)) + .png)): null

2018-12-13 23:35:56 - [TEST_STEP][PASSED] - Statement - counter = counter + 1: null

2018-12-13 23:35:56 - [TEST_STEP][PASSED] - Statement - PreSaveFile = new java.io.File(((pathPrefix + java.lang.Integer.toString(counter)) + .png)): null

2018-12-13 23:35:56 - [TEST_STEP][PASSED] - Statement - counter = counter + 1: null

2018-12-13 23:35:56 - [TEST_STEP][PASSED] - Statement - PreSaveFile = new java.io.File(((pathPrefix + java.lang.Integer.toString(counter)) + .png)): null

2018-12-13 23:35:56 - [TEST_STEP][PASSED] - Statement - counter = counter + 1: null

2018-12-13 23:35:56 - [TEST_STEP][PASSED] - Statement - PreSaveFile = new java.io.File(((pathPrefix + java.lang.Integer.toString(counter)) + .png)): null

2018-12-13 23:35:56 - [TEST_STEP][PASSED] - Statement - counter = counter + 1: null

2018-12-13 23:35:56 - [TEST_STEP][PASSED] - Statement - PreSaveFile = new java.io.File(((pathPrefix + java.lang.Integer.toString(counter)) + .png)): null

2018-12-13 23:35:56 - [TEST_STEP][PASSED] - Statement - counter = counter + 1: null

2018-12-13 23:35:56 - [TEST_STEP][PASSED] - Statement - PreSaveFile = new java.io.File(((pathPrefix + java.lang.Integer.toString(counter)) + .png)): null

2018-12-13 23:35:56 - [TEST_STEP][PASSED] - Statement - counter = counter + 1: null

2018-12-13 23:35:56 - [TEST_STEP][PASSED] - Statement - PreSaveFile = new java.io.File(((pathPrefix + java.lang.Integer.toString(counter)) + .png)): null

2018-12-13 23:35:56 - [TEST_STEP][PASSED] - Statement - counter = counter + 1: null

2018-12-13 23:35:56 - [TEST_STEP][PASSED] - Statement - PreSaveFile = new java.io.File(((pathPrefix + java.lang.Integer.toString(counter)) + .png)): null

2018-12-13 23:35:56 - [TEST_STEP][PASSED] - Statement - counter = counter + 1: null

2018-12-13 23:35:56 - [TEST_STEP][PASSED] - Statement - PreSaveFile = new java.io.File(((pathPrefix + java.lang.Integer.toString(counter)) + .png)): null

2018-12-13 23:35:56 - [TEST_STEP][PASSED] - Statement - counter = counter + 1: null

2018-12-13 23:35:56 - [TEST_STEP][PASSED] - Statement - PreSaveFile = new java.io.File(((pathPrefix + java.lang.Integer.toString(counter)) + .png)): null

2018-12-13 23:35:56 - [TEST_STEP][PASSED] - Statement - counter = counter + 1: null

2018-12-13 23:35:56 - [TEST_STEP][PASSED] - Statement - PreSaveFile = new java.io.File(((pathPrefix + java.lang.Integer.toString(counter)) + .png)): null

2018-12-13 23:35:56 - [TEST_STEP][PASSED] - Statement - counter = counter + 1: null

2018-12-13 23:35:56 - [TEST_STEP][PASSED] - Statement - PreSaveFile = new java.io.File(((pathPrefix + java.lang.Integer.toString(counter)) + .png)): null

2018-12-13 23:35:56 - [TEST_STEP][PASSED] - Statement - counter = counter + 1: null

2018-12-13 23:35:56 - [TEST_STEP][PASSED] - Statement - PreSaveFile = new java.io.File(((pathPrefix + java.lang.Integer.toString(counter)) + .png)): null

2018-12-13 23:35:56 - [TEST_STEP][PASSED] - Statement - counter = counter + 1: null

2018-12-13 23:35:56 - [TEST_STEP][PASSED] - Statement - PreSaveFile = new java.io.File(((pathPrefix + java.lang.Integer.toString(counter)) + .png)): null

2018-12-13 23:35:56 - [TEST_STEP][PASSED] - Statement - counter = counter + 1: null

2018-12-13 23:35:56 - [TEST_STEP][PASSED] - Statement - PreSaveFile = new java.io.File(((pathPrefix + java.lang.Integer.toString(counter)) + .png)): null

2018-12-13 23:35:56 - [TEST_STEP][PASSED] - Statement - counter = counter + 1: null

2018-12-13 23:35:56 - [TEST_STEP][PASSED] - Statement - PreSaveFile = new java.io.File(((pathPrefix + java.lang.Integer.toString(counter)) + .png)): null

2018-12-13 23:35:56 - [TEST_STEP][PASSED] - Statement - counter = counter + 1: null

2018-12-13 23:35:56 - [TEST_STEP][PASSED] - Statement - PreSaveFile = new java.io.File(((pathPrefix + java.lang.Integer.toString(counter)) + .png)): null

2018-12-13 23:35:56 - [TEST_STEP][PASSED] - Statement - counter = counter + 1: null

2018-12-13 23:35:56 - [TEST_STEP][PASSED] - Statement - PreSaveFile = new java.io.File(((pathPrefix + java.lang.Integer.toString(counter)) + .png)): null

2018-12-13 23:35:56 - [TEST_STEP][PASSED] - Statement - counter = counter + 1: null

2018-12-13 23:35:56 - [TEST_STEP][PASSED] - Statement - PreSaveFile = new java.io.File(((pathPrefix + java.lang.Integer.toString(counter)) + .png)): null

2018-12-13 23:35:56 - [TEST_STEP][PASSED] - Statement - counter = counter + 1: null

2018-12-13 23:35:56 - [TEST_STEP][PASSED] - Statement - PreSaveFile = new java.io.File(((pathPrefix + java.lang.Integer.toString(counter)) + .png)): null

2018-12-13 23:35:56 - [TEST_STEP][PASSED] - Statement - counter = counter + 1: null

2018-12-13 23:35:56 - [TEST_STEP][PASSED] - Statement - PreSaveFile = new java.io.File(((pathPrefix + java.lang.Integer.toString(counter)) + .png)): null

2018-12-13 23:35:56 - [TEST_STEP][PASSED] - Statement - counter = counter + 1: null

2018-12-13 23:35:56 - [TEST_STEP][PASSED] - Statement - PreSaveFile = new java.io.File(((pathPrefix + java.lang.Integer.toString(counter)) + .png)): null

2018-12-13 23:35:56 - [TEST_STEP][PASSED] - Statement - counter = counter + 1: null

2018-12-13 23:35:56 - [TEST_STEP][PASSED] - Statement - PreSaveFile = new java.io.File(((pathPrefix + java.lang.Integer.toString(counter)) + .png)): null

2018-12-13 23:35:56 - [TEST_STEP][PASSED] - Statement - counter = counter + 1: null

2018-12-13 23:35:56 - [TEST_STEP][PASSED] - Statement - PreSaveFile = new java.io.File(((pathPrefix + java.lang.Integer.toString(counter)) + .png)): null

2018-12-13 23:35:56 - [TEST_STEP][PASSED] - Statement - counter = counter + 1: null

2018-12-13 23:35:56 - [TEST_STEP][PASSED] - Statement - PreSaveFile = new java.io.File(((pathPrefix + java.lang.Integer.toString(counter)) + .png)): null

2018-12-13 23:35:56 - [TEST_STEP][PASSED] - Statement - counter = counter + 1: null

2018-12-13 23:35:56 - [TEST_STEP][PASSED] - Statement - PreSaveFile = new java.io.File(((pathPrefix + java.lang.Integer.toString(counter)) + .png)): null

2018-12-13 23:35:56 - [TEST_STEP][PASSED] - Statement - counter = counter + 1: null

2018-12-13 23:35:57 - [TEST_STEP][PASSED] - Statement - PreSaveFile = new java.io.File(((pathPrefix + java.lang.Integer.toString(counter)) + .png)): null

2018-12-13 23:35:57 - [TEST_STEP][PASSED] - Statement - counter = counter + 1: null

2018-12-13 23:35:57 - [TEST_STEP][PASSED] - Statement - PreSaveFile = new java.io.File(((pathPrefix + java.lang.Integer.toString(counter)) + .png)): null

2018-12-13 23:35:57 - [TEST_STEP][PASSED] - Statement - counter = counter + 1: null

2018-12-13 23:35:57 - [TEST_STEP][PASSED] - Statement - PreSaveFile = new java.io.File(((pathPrefix + java.lang.Integer.toString(counter)) + .png)): null

2018-12-13 23:35:57 - [TEST_STEP][PASSED] - Statement - counter = counter + 1: null

2018-12-13 23:35:57 - [TEST_STEP][PASSED] - Statement - PreSaveFile = new java.io.File(((pathPrefix + java.lang.Integer.toString(counter)) + .png)): null

2018-12-13 23:35:57 - [TEST_STEP][PASSED] - Statement - counter = counter + 1: null

2018-12-13 23:35:57 - [TEST_STEP][PASSED] - Statement - PreSaveFile = new java.io.File(((pathPrefix + java.lang.Integer.toString(counter)) + .png)): null

2018-12-13 23:35:57 - [TEST_STEP][PASSED] - Statement - counter = counter + 1: null

2018-12-13 23:35:57 - [TEST_STEP][PASSED] - Statement - PreSaveFile = new java.io.File(((pathPrefix + java.lang.Integer.toString(counter)) + .png)): null

2018-12-13 23:35:57 - [TEST_STEP][PASSED] - Statement - counter = counter + 1: null

2018-12-13 23:35:57 - [TEST_STEP][PASSED] - Statement - PreSaveFile = new java.io.File(((pathPrefix + java.lang.Integer.toString(counter)) + .png)): null

2018-12-13 23:35:57 - [TEST_STEP][PASSED] - Statement - counter = counter + 1: null

2018-12-13 23:35:57 - [TEST_STEP][PASSED] - Statement - PreSaveFile = new java.io.File(((pathPrefix + java.lang.Integer.toString(counter)) + .png)): null

2018-12-13 23:35:57 - [TEST_STEP][PASSED] - Statement - counter = counter + 1: null

2018-12-13 23:35:57 - [TEST_STEP][PASSED] - Statement - PreSaveFile = new java.io.File(((pathPrefix + java.lang.Integer.toString(counter)) + .png)): null

2018-12-13 23:35:57 - [TEST_STEP][PASSED] - Statement - counter = counter + 1: null

2018-12-13 23:35:57 - [TEST_STEP][PASSED] - Statement - PreSaveFile = new java.io.File(((pathPrefix + java.lang.Integer.toString(counter)) + .png)): null

2018-12-13 23:35:57 - [TEST_STEP][PASSED] - Statement - counter = counter + 1: null

2018-12-13 23:35:57 - [TEST_STEP][PASSED] - Statement - PreSaveFile = new java.io.File(((pathPrefix + java.lang.Integer.toString(counter)) + .png)): null

2018-12-13 23:35:57 - [TEST_STEP][PASSED] - Statement - counter = counter + 1: null

2018-12-13 23:35:57 - [TEST_STEP][PASSED] - Statement - PreSaveFile = new java.io.File(((pathPrefix + java.lang.Integer.toString(counter)) + .png)): null

2018-12-13 23:35:57 - [TEST_STEP][PASSED] - Statement - counter = counter + 1: null

2018-12-13 23:35:57 - [TEST_STEP][PASSED] - Statement - PreSaveFile = new java.io.File(((pathPrefix + java.lang.Integer.toString(counter)) + .png)): null

2018-12-13 23:35:57 - [TEST_STEP][PASSED] - Statement - counter = counter + 1: null

2018-12-13 23:35:57 - [TEST_STEP][PASSED] - Statement - PreSaveFile = new java.io.File(((pathPrefix + java.lang.Integer.toString(counter)) + .png)): null

2018-12-13 23:35:57 - [TEST_STEP][PASSED] - Statement - counter = counter + 1: null

2018-12-13 23:35:57 - [TEST_STEP][PASSED] - Statement - PreSaveFile = new java.io.File(((pathPrefix + java.lang.Integer.toString(counter)) + .png)): null

2018-12-13 23:35:57 - [TEST_STEP][PASSED] - Statement - counter = counter + 1: null

2018-12-13 23:35:57 - [TEST_STEP][PASSED] - Statement - PreSaveFile = new java.io.File(((pathPrefix + java.lang.Integer.toString(counter)) + .png)): null

2018-12-13 23:35:57 - [TEST_STEP][PASSED] - Statement - counter = counter + 1: null

2018-12-13 23:35:57 - [TEST_STEP][PASSED] - Statement - PreSaveFile = new java.io.File(((pathPrefix + java.lang.Integer.toString(counter)) + .png)): null

2018-12-13 23:35:57 - [TEST_STEP][PASSED] - Statement - counter = counter + 1: null

2018-12-13 23:35:57 - [TEST_STEP][PASSED] - Statement - PreSaveFile = new java.io.File(((pathPrefix + java.lang.Integer.toString(counter)) + .png)): null

2018-12-13 23:35:57 - [TEST_STEP][PASSED] - Statement - counter = counter + 1: null

2018-12-13 23:35:57 - [TEST_STEP][PASSED] - Statement - PreSaveFile = new java.io.File(((pathPrefix + java.lang.Integer.toString(counter)) + .png)): null

2018-12-13 23:35:57 - [TEST_STEP][PASSED] - Statement - counter = counter + 1: null

2018-12-13 23:35:57 - [TEST_STEP][PASSED] - Statement - PreSaveFile = new java.io.File(((pathPrefix + java.lang.Integer.toString(counter)) + .png)): null

2018-12-13 23:35:57 - [TEST_STEP][PASSED] - Statement - counter = counter + 1: null

2018-12-13 23:35:57 - [TEST_STEP][PASSED] - Statement - PreSaveFile = new java.io.File(((pathPrefix + java.lang.Integer.toString(counter)) + .png)): null

2018-12-13 23:35:57 - [TEST_STEP][PASSED] - Statement - counter = counter + 1: null

2018-12-13 23:35:57 - [TEST_STEP][PASSED] - Statement - PreSaveFile = new java.io.File(((pathPrefix + java.lang.Integer.toString(counter)) + .png)): null

2018-12-13 23:35:57 - [TEST_STEP][PASSED] - Statement - counter = counter + 1: null

2018-12-13 23:35:57 - [TEST_STEP][PASSED] - Statement - PreSaveFile = new java.io.File(((pathPrefix + java.lang.Integer.toString(counter)) + .png)): null

2018-12-13 23:35:57 - [TEST_STEP][PASSED] - Statement - counter = counter + 1: null

2018-12-13 23:35:57 - [TEST_STEP][PASSED] - Statement - PreSaveFile = new java.io.File(((pathPrefix + java.lang.Integer.toString(counter)) + .png)): null

2018-12-13 23:35:57 - [TEST_STEP][PASSED] - Statement - counter = counter + 1: null

2018-12-13 23:35:57 - [TEST_STEP][PASSED] - Statement - PreSaveFile = new java.io.File(((pathPrefix + java.lang.Integer.toString(counter)) + .png)): null

2018-12-13 23:35:57 - [TEST_STEP][PASSED] - Statement - counter = counter + 1: null

2018-12-13 23:35:57 - [TEST_STEP][PASSED] - Statement - PreSaveFile = new java.io.File(((pathPrefix + java.lang.Integer.toString(counter)) + .png)): null

2018-12-13 23:35:57 - [TEST_STEP][PASSED] - Statement - counter = counter + 1: null

2018-12-13 23:35:57 - [TEST_STEP][PASSED] - Statement - PreSaveFile = new java.io.File(((pathPrefix + java.lang.Integer.toString(counter)) + .png)): null

2018-12-13 23:35:57 - [TEST_STEP][PASSED] - Statement - counter = counter + 1: null

2018-12-13 23:35:57 - [TEST_STEP][PASSED] - Statement - PreSaveFile = new java.io.File(((pathPrefix + java.lang.Integer.toString(counter)) + .png)): null

2018-12-13 23:35:57 - [TEST_STEP][PASSED] - Statement - counter = counter + 1: null

2018-12-13 23:35:57 - [TEST_STEP][PASSED] - Statement - PreSaveFile = new java.io.File(((pathPrefix + java.lang.Integer.toString(counter)) + .png)): null

2018-12-13 23:35:57 - [TEST_STEP][PASSED] - Statement - counter = counter + 1: null

2018-12-13 23:35:57 - [TEST_STEP][PASSED] - Statement - PreSaveFile = new java.io.File(((pathPrefix + java.lang.Integer.toString(counter)) + .png)): null

2018-12-13 23:35:57 - [TEST_STEP][PASSED] - Statement - counter = counter + 1: null

2018-12-13 23:35:57 - [TEST_STEP][PASSED] - Statement - PreSaveFile = new java.io.File(((pathPrefix + java.lang.Integer.toString(counter)) + .png)): null

2018-12-13 23:35:57 - [TEST_STEP][PASSED] - Statement - counter = counter + 1: null

2018-12-13 23:35:57 - [TEST_STEP][PASSED] - Statement - PreSaveFile = new java.io.File(((pathPrefix + java.lang.Integer.toString(counter)) + .png)): null

2018-12-13 23:35:57 - [TEST_STEP][PASSED] - Statement - counter = counter + 1: null

2018-12-13 23:35:57 - [TEST_STEP][PASSED] - Statement - PreSaveFile = new java.io.File(((pathPrefix + java.lang.Integer.toString(counter)) + .png)): null

2018-12-13 23:35:57 - [TEST_STEP][PASSED] - Statement - counter = counter + 1: null

2018-12-13 23:35:57 - [TEST_STEP][PASSED] - Statement - PreSaveFile = new java.io.File(((pathPrefix + java.lang.Integer.toString(counter)) + .png)): null

2018-12-13 23:35:57 - [TEST_STEP][PASSED] - Statement - counter = counter + 1: null

2018-12-13 23:35:57 - [TEST_STEP][PASSED] - Statement - PreSaveFile = new java.io.File(((pathPrefix + java.lang.Integer.toString(counter)) + .png)): null

2018-12-13 23:35:57 - [TEST_STEP][PASSED] - Statement - counter = counter + 1: null

2018-12-13 23:35:57 - [TEST_STEP][PASSED] - Statement - PreSaveFile = new java.io.File(((pathPrefix + java.lang.Integer.toString(counter)) + .png)): null

2018-12-13 23:35:57 - [TEST_STEP][PASSED] - Statement - counter = counter + 1: null

2018-12-13 23:35:57 - [TEST_STEP][PASSED] - Statement - PreSaveFile = new java.io.File(((pathPrefix + java.lang.Integer.toString(counter)) + .png)): null

2018-12-13 23:35:57 - [TEST_STEP][PASSED] - Statement - counter = counter + 1: null

2018-12-13 23:35:57 - [TEST_STEP][PASSED] - Statement - PreSaveFile = new java.io.File(((pathPrefix + java.lang.Integer.toString(counter)) + .png)): null

2018-12-13 23:35:57 - [TEST_STEP][PASSED] - Statement - counter = counter + 1: null

2018-12-13 23:35:57 - [TEST_STEP][PASSED] - Statement - PreSaveFile = new java.io.File(((pathPrefix + java.lang.Integer.toString(counter)) + .png)): null

2018-12-13 23:35:57 - [TEST_STEP][PASSED] - Statement - counter = counter + 1: null

2018-12-13 23:35:57 - [TEST_STEP][PASSED] - Statement - PreSaveFile = new java.io.File(((pathPrefix + java.lang.Integer.toString(counter)) + .png)): null

2018-12-13 23:35:57 - [TEST_STEP][PASSED] - Statement - counter = counter + 1: null

2018-12-13 23:35:57 - [TEST_STEP][PASSED] - Statement - PreSaveFile = new java.io.File(((pathPrefix + java.lang.Integer.toString(counter)) + .png)): null

2018-12-13 23:35:57 - [TEST_STEP][PASSED] - Statement - counter = counter + 1: null

2018-12-13 23:35:57 - [TEST_STEP][PASSED] - Statement - PreSaveFile = new java.io.File(((pathPrefix + java.lang.Integer.toString(counter)) + .png)): null

2018-12-13 23:35:57 - [TEST_STEP][PASSED] - Statement - counter = counter + 1: null

2018-12-13 23:35:57 - [TEST_STEP][PASSED] - Statement - PreSaveFile = new java.io.File(((pathPrefix + java.lang.Integer.toString(counter)) + .png)): null

2018-12-13 23:35:57 - [TEST_STEP][PASSED] - Statement - counter = counter + 1: null

2018-12-13 23:35:57 - [TEST_STEP][PASSED] - Statement - PreSaveFile = new java.io.File(((pathPrefix + java.lang.Integer.toString(counter)) + .png)): null

2018-12-13 23:35:57 - [TEST_STEP][PASSED] - Statement - counter = counter + 1: null

2018-12-13 23:35:57 - [TEST_STEP][PASSED] - Statement - PreSaveFile = new java.io.File(((pathPrefix + java.lang.Integer.toString(counter)) + .png)): null

2018-12-13 23:35:57 - [TEST_STEP][PASSED] - Statement - counter = counter + 1: null

2018-12-13 23:35:57 - [TEST_STEP][PASSED] - Statement - PreSaveFile = new java.io.File(((pathPrefix + java.lang.Integer.toString(counter)) + .png)): null

2018-12-13 23:35:57 - [TEST_STEP][PASSED] - Statement - counter = counter + 1: null

2018-12-13 23:35:57 - [TEST_STEP][PASSED] - Statement - PreSaveFile = new java.io.File(((pathPrefix + java.lang.Integer.toString(counter)) + .png)): null

2018-12-13 23:35:57 - [TEST_STEP][PASSED] - Statement - counter = counter + 1: null

2018-12-13 23:35:57 - [TEST_STEP][PASSED] - Statement - PreSaveFile = new java.io.File(((pathPrefix + java.lang.Integer.toString(counter)) + .png)): null

2018-12-13 23:35:57 - [TEST_STEP][PASSED] - Statement - counter = counter + 1: null

2018-12-13 23:35:57 - [TEST_STEP][PASSED] - Statement - PreSaveFile = new java.io.File(((pathPrefix + java.lang.Integer.toString(counter)) + .png)): null

2018-12-13 23:35:57 - [TEST_STEP][PASSED] - Statement - counter = counter + 1: null

2018-12-13 23:35:57 - [TEST_STEP][PASSED] - Statement - PreSaveFile = new java.io.File(((pathPrefix + java.lang.Integer.toString(counter)) + .png)): null

2018-12-13 23:35:57 - [TEST_STEP][PASSED] - Statement - counter = counter + 1: null

2018-12-13 23:35:57 - [TEST_STEP][PASSED] - Statement - PreSaveFile = new java.io.File(((pathPrefix + java.lang.Integer.toString(counter)) + .png)): null

2018-12-13 23:35:57 - [TEST_STEP][PASSED] - Statement - counter = counter + 1: null

2018-12-13 23:35:57 - [TEST_STEP][PASSED] - Statement - PreSaveFile = new java.io.File(((pathPrefix + java.lang.Integer.toString(counter)) + .png)): null

2018-12-13 23:35:57 - [TEST_STEP][PASSED] - Statement - counter = counter + 1: null

2018-12-13 23:35:57 - [TEST_STEP][PASSED] - Statement - PreSaveFile = new java.io.File(((pathPrefix + java.lang.Integer.toString(counter)) + .png)): null

2018-12-13 23:35:57 - [TEST_STEP][PASSED] - Statement - counter = counter + 1: null

2018-12-13 23:35:57 - [TEST_STEP][PASSED] - Statement - PreSaveFile = new java.io.File(((pathPrefix + java.lang.Integer.toString(counter)) + .png)): null

2018-12-13 23:35:57 - [TEST_STEP][PASSED] - Statement - counter = counter + 1: null

2018-12-13 23:35:57 - [TEST_STEP][PASSED] - Statement - PreSaveFile = new java.io.File(((pathPrefix + java.lang.Integer.toString(counter)) + .png)): null

2018-12-13 23:35:57 - [TEST_STEP][PASSED] - Statement - counter = counter + 1: null

2018-12-13 23:35:57 - [TEST_STEP][PASSED] - Statement - PreSaveFile = new java.io.File(((pathPrefix + java.lang.Integer.toString(counter)) + .png)): null

2018-12-13 23:35:57 - [TEST_STEP][PASSED] - Statement - counter = counter + 1: null

2018-12-13 23:35:57 - [TEST_STEP][PASSED] - Statement - PreSaveFile = new java.io.File(((pathPrefix + java.lang.Integer.toString(counter)) + .png)): null

2018-12-13 23:35:57 - [TEST_STEP][PASSED] - Statement - counter = counter + 1: null

2018-12-13 23:35:57 - [TEST_STEP][PASSED] - Statement - PreSaveFile = new java.io.File(((pathPrefix + java.lang.Integer.toString(counter)) + .png)): null

2018-12-13 23:35:57 - [TEST_STEP][PASSED] - Statement - counter = counter + 1: null

2018-12-13 23:35:57 - [TEST_STEP][PASSED] - Statement - PreSaveFile = new java.io.File(((pathPrefix + java.lang.Integer.toString(counter)) + .png)): null

2018-12-13 23:35:57 - [TEST_STEP][PASSED] - Statement - counter = counter + 1: null

2018-12-13 23:35:57 - [TEST_STEP][PASSED] - Statement - PreSaveFile = new java.io.File(((pathPrefix + java.lang.Integer.toString(counter)) + .png)): null

2018-12-13 23:35:57 - [TEST_STEP][PASSED] - Statement - counter = counter + 1: null

2018-12-13 23:35:57 - [TEST_STEP][PASSED] - Statement - PreSaveFile = new java.io.File(((pathPrefix + java.lang.Integer.toString(counter)) + .png)): null

2018-12-13 23:35:57 - [TEST_STEP][PASSED] - Statement - counter = counter + 1: null

2018-12-13 23:35:57 - [TEST_STEP][PASSED] - Statement - PreSaveFile = new java.io.File(((pathPrefix + java.lang.Integer.toString(counter)) + .png)): null

2018-12-13 23:35:57 - [TEST_STEP][PASSED] - Statement - counter = counter + 1: null

2018-12-13 23:35:57 - [TEST_STEP][PASSED] - Statement - PreSaveFile = new java.io.File(((pathPrefix + java.lang.Integer.toString(counter)) + .png)): null

2018-12-13 23:35:57 - [TEST_STEP][PASSED] - Statement - counter = counter + 1: null

2018-12-13 23:35:57 - [TEST_STEP][PASSED] - Statement - PreSaveFile = new java.io.File(((pathPrefix + java.lang.Integer.toString(counter)) + .png)): null

2018-12-13 23:35:57 - [TEST_STEP][PASSED] - Statement - counter = counter + 1: null

2018-12-13 23:35:57 - [TEST_STEP][PASSED] - Statement - PreSaveFile = new java.io.File(((pathPrefix + java.lang.Integer.toString(counter)) + .png)): null

2018-12-13 23:35:57 - [TEST_STEP][PASSED] - Statement - counter = counter + 1: null

2018-12-13 23:35:57 - [TEST_STEP][PASSED] - Statement - PreSaveFile = new java.io.File(((pathPrefix + java.lang.Integer.toString(counter)) + .png)): null

2018-12-13 23:35:57 - [TEST_STEP][PASSED] - Statement - counter = counter + 1: null

2018-12-13 23:35:57 - [TEST_STEP][PASSED] - Statement - PreSaveFile = new java.io.File(((pathPrefix + java.lang.Integer.toString(counter)) + .png)): null

2018-12-13 23:35:57 - [TEST_STEP][PASSED] - Statement - counter = counter + 1: null

2018-12-13 23:35:57 - [TEST_STEP][PASSED] - Statement - PreSaveFile = new java.io.File(((pathPrefix + java.lang.Integer.toString(counter)) + .png)): null

2018-12-13 23:35:57 - [TEST_STEP][PASSED] - Statement - counter = counter + 1: null

2018-12-13 23:35:57 - [TEST_STEP][PASSED] - Statement - PreSaveFile = new java.io.File(((pathPrefix + java.lang.Integer.toString(counter)) + .png)): null

2018-12-13 23:35:57 - [TEST_STEP][PASSED] - Statement - counter = counter + 1: null

2018-12-13 23:35:57 - [TEST_STEP][PASSED] - Statement - PreSaveFile = new java.io.File(((pathPrefix + java.lang.Integer.toString(counter)) + .png)): null

2018-12-13 23:35:57 - [TEST_STEP][PASSED] - Statement - counter = counter + 1: null

2018-12-13 23:35:57 - [TEST_STEP][PASSED] - Statement - PreSaveFile = new java.io.File(((pathPrefix + java.lang.Integer.toString(counter)) + .png)): null

2018-12-13 23:35:57 - [TEST_STEP][PASSED] - Statement - counter = counter + 1: null

2018-12-13 23:35:57 - [TEST_STEP][PASSED] - Statement - PreSaveFile = new java.io.File(((pathPrefix + java.lang.Integer.toString(counter)) + .png)): null

2018-12-13 23:35:57 - [TEST_STEP][PASSED] - Statement - counter = counter + 1: null

2018-12-13 23:35:57 - [TEST_STEP][PASSED] - Statement - PreSaveFile = new java.io.File(((pathPrefix + java.lang.Integer.toString(counter)) + .png)): null

2018-12-13 23:35:57 - [TEST_STEP][PASSED] - Statement - counter = counter + 1: null

2018-12-13 23:35:57 - [TEST_STEP][PASSED] - Statement - PreSaveFile = new java.io.File(((pathPrefix + java.lang.Integer.toString(counter)) + .png)): null

2018-12-13 23:35:57 - [TEST_STEP][PASSED] - Statement - counter = counter + 1: null

2018-12-13 23:35:57 - [TEST_STEP][PASSED] - Statement - PreSaveFile = new java.io.File(((pathPrefix + java.lang.Integer.toString(counter)) + .png)): null

2018-12-13 23:35:57 - [TEST_STEP][PASSED] - Statement - counter = counter + 1: null

2018-12-13 23:35:57 - [TEST_STEP][PASSED] - Statement - PreSaveFile = new java.io.File(((pathPrefix + java.lang.Integer.toString(counter)) + .png)): null

2018-12-13 23:35:57 - [TEST_STEP][PASSED] - Statement - counter = counter + 1: null

2018-12-13 23:35:57 - [TEST_STEP][PASSED] - Statement - PreSaveFile = new java.io.File(((pathPrefix + java.lang.Integer.toString(counter)) + .png)): null

2018-12-13 23:35:57 - [TEST_STEP][PASSED] - Statement - counter = counter + 1: null

2018-12-13 23:35:57 - [TEST_STEP][PASSED] - Statement - PreSaveFile = new java.io.File(((pathPrefix + java.lang.Integer.toString(counter)) + .png)): null

2018-12-13 23:35:57 - [TEST_STEP][PASSED] - Statement - counter = counter + 1: null

2018-12-13 23:35:57 - [TEST_STEP][PASSED] - Statement - PreSaveFile = new java.io.File(((pathPrefix + java.lang.Integer.toString(counter)) + .png)): null

2018-12-13 23:35:57 - [TEST_STEP][PASSED] - Statement - counter = counter + 1: null

2018-12-13 23:35:57 - [TEST_STEP][PASSED] - Statement - PreSaveFile = new java.io.File(((pathPrefix + java.lang.Integer.toString(counter)) + .png)): null

2018-12-13 23:35:57 - [TEST_STEP][PASSED] - Statement - counter = counter + 1: null

2018-12-13 23:35:57 - [TEST_STEP][PASSED] - Statement - PreSaveFile = new java.io.File(((pathPrefix + java.lang.Integer.toString(counter)) + .png)): null

2018-12-13 23:35:57 - [TEST_STEP][PASSED] - Statement - counter = counter + 1: null

2018-12-13 23:35:57 - [TEST_STEP][PASSED] - Statement - PreSaveFile = new java.io.File(((pathPrefix + java.lang.Integer.toString(counter)) + .png)): null

2018-12-13 23:35:57 - [TEST_STEP][PASSED] - Statement - counter = counter + 1: null

2018-12-13 23:35:57 - [TEST_STEP][PASSED] - Statement - PreSaveFile = new java.io.File(((pathPrefix + java.lang.Integer.toString(counter)) + .png)): null

2018-12-13 23:35:57 - [TEST_STEP][PASSED] - Statement - counter = counter + 1: null

2018-12-13 23:35:57 - [TEST_STEP][PASSED] - Statement - PreSaveFile = new java.io.File(((pathPrefix + java.lang.Integer.toString(counter)) + .png)): null

2018-12-13 23:35:57 - [TEST_STEP][PASSED] - Statement - counter = counter + 1: null

2018-12-13 23:35:57 - [TEST_STEP][PASSED] - Statement - PreSaveFile = new java.io.File(((pathPrefix + java.lang.Integer.toString(counter)) + .png)): null

2018-12-13 23:35:57 - [TEST_STEP][PASSED] - Statement - counter = counter + 1: null

2018-12-13 23:35:57 - [TEST_STEP][PASSED] - Statement - PreSaveFile = new java.io.File(((pathPrefix + java.lang.Integer.toString(counter)) + .png)): null

2018-12-13 23:35:57 - [TEST_STEP][PASSED] - Statement - counter = counter + 1: null

2018-12-13 23:35:57 - [TEST_STEP][PASSED] - Statement - PreSaveFile = new java.io.File(((pathPrefix + java.lang.Integer.toString(counter)) + .png)): null

2018-12-13 23:35:57 - [TEST_STEP][PASSED] - Statement - counter = counter + 1: null

2018-12-13 23:35:57 - [TEST_STEP][PASSED] - Statement - PreSaveFile = new java.io.File(((pathPrefix + java.lang.Integer.toString(counter)) + .png)): null

2018-12-13 23:35:57 - [TEST_STEP][PASSED] - Statement - counter = counter + 1: null

2018-12-13 23:35:57 - [TEST_STEP][PASSED] - Statement - PreSaveFile = new java.io.File(((pathPrefix + java.lang.Integer.toString(counter)) + .png)): null

2018-12-13 23:35:57 - [TEST_STEP][PASSED] - Statement - counter = counter + 1: null

2018-12-13 23:35:57 - [TEST_STEP][PASSED] - Statement - PreSaveFile = new java.io.File(((pathPrefix + java.lang.Integer.toString(counter)) + .png)): null

2018-12-13 23:35:57 - [TEST_STEP][PASSED] - Statement - counter = counter + 1: null

2018-12-13 23:35:57 - [TEST_STEP][PASSED] - Statement - PreSaveFile = new java.io.File(((pathPrefix + java.lang.Integer.toString(counter)) + .png)): null

2018-12-13 23:35:57 - [TEST_STEP][PASSED] - Statement - counter = counter + 1: null

2018-12-13 23:35:57 - [TEST_STEP][PASSED] - Statement - PreSaveFile = new java.io.File(((pathPrefix + java.lang.Integer.toString(counter)) + .png)): null

2018-12-13 23:35:57 - [TEST_STEP][PASSED] - Statement - counter = counter + 1: null

2018-12-13 23:35:57 - [TEST_STEP][PASSED] - Statement - PreSaveFile = new java.io.File(((pathPrefix + java.lang.Integer.toString(counter)) + .png)): null

2018-12-13 23:35:57 - [TEST_STEP][PASSED] - Statement - counter = counter + 1: null

2018-12-13 23:35:57 - [TEST_STEP][PASSED] - Statement - PreSaveFile = new java.io.File(((pathPrefix + java.lang.Integer.toString(counter)) + .png)): null

2018-12-13 23:35:57 - [TEST_STEP][PASSED] - Statement - counter = counter + 1: null

2018-12-13 23:35:57 - [TEST_STEP][PASSED] - Statement - PreSaveFile = new java.io.File(((pathPrefix + java.lang.Integer.toString(counter)) + .png)): null

2018-12-13 23:35:57 - [TEST_STEP][PASSED] - Statement - counter = counter + 1: null

2018-12-13 23:35:57 - [TEST_STEP][PASSED] - Statement - PreSaveFile = new java.io.File(((pathPrefix + java.lang.Integer.toString(counter)) + .png)): null

2018-12-13 23:35:57 - [TEST_STEP][PASSED] - Statement - counter = counter + 1: null

2018-12-13 23:35:57 - [TEST_STEP][PASSED] - Statement - PreSaveFile = new java.io.File(((pathPrefix + java.lang.Integer.toString(counter)) + .png)): null

2018-12-13 23:35:57 - [TEST_STEP][PASSED] - Statement - counter = counter + 1: null

2018-12-13 23:35:57 - [TEST_STEP][PASSED] - Statement - PreSaveFile = new java.io.File(((pathPrefix + java.lang.Integer.toString(counter)) + .png)): null

2018-12-13 23:35:57 - [TEST_STEP][PASSED] - Statement - counter = counter + 1: null

2018-12-13 23:35:57 - [TEST_STEP][PASSED] - Statement - PreSaveFile = new java.io.File(((pathPrefix + java.lang.Integer.toString(counter)) + .png)): null

2018-12-13 23:35:57 - [TEST_STEP][PASSED] - Statement - counter = counter + 1: null

2018-12-13 23:35:57 - [TEST_STEP][PASSED] - Statement - PreSaveFile = new java.io.File(((pathPrefix + java.lang.Integer.toString(counter)) + .png)): null

2018-12-13 23:35:57 - [TEST_STEP][PASSED] - Statement - counter = counter + 1: null

2018-12-13 23:35:57 - [TEST_STEP][PASSED] - Statement - PreSaveFile = new java.io.File(((pathPrefix + java.lang.Integer.toString(counter)) + .png)): null

2018-12-13 23:35:57 - [TEST_STEP][PASSED] - Statement - counter = counter + 1: null

2018-12-13 23:35:57 - [TEST_STEP][PASSED] - Statement - PreSaveFile = new java.io.File(((pathPrefix + java.lang.Integer.toString(counter)) + .png)): null

2018-12-13 23:35:57 - [TEST_STEP][PASSED] - Statement - counter = counter + 1: null

2018-12-13 23:35:57 - [TEST_STEP][PASSED] - Statement - PreSaveFile = new java.io.File(((pathPrefix + java.lang.Integer.toString(counter)) + .png)): null

2018-12-13 23:35:57 - [TEST_STEP][PASSED] - Statement - counter = counter + 1: null

2018-12-13 23:35:57 - [TEST_STEP][PASSED] - Statement - PreSaveFile = new java.io.File(((pathPrefix + java.lang.Integer.toString(counter)) + .png)): null

2018-12-13 23:35:57 - [TEST_STEP][PASSED] - Statement - counter = counter + 1: null

2018-12-13 23:35:57 - [TEST_STEP][PASSED] - Statement - PreSaveFile = new java.io.File(((pathPrefix + java.lang.Integer.toString(counter)) + .png)): null

2018-12-13 23:35:57 - [TEST_STEP][PASSED] - Statement - counter = counter + 1: null

2018-12-13 23:35:57 - [TEST_STEP][PASSED] - Statement - PreSaveFile = new java.io.File(((pathPrefix + java.lang.Integer.toString(counter)) + .png)): null

2018-12-13 23:35:57 - [TEST_STEP][PASSED] - Statement - counter = counter + 1: null

2018-12-13 23:35:57 - [TEST_STEP][PASSED] - Statement - PreSaveFile = new java.io.File(((pathPrefix + java.lang.Integer.toString(counter)) + .png)): null

2018-12-13 23:35:57 - [TEST_STEP][PASSED] - Statement - counter = counter + 1: null

2018-12-13 23:35:57 - [TEST_STEP][PASSED] - Statement - PreSaveFile = new java.io.File(((pathPrefix + java.lang.Integer.toString(counter)) + .png)): null

2018-12-13 23:35:57 - [TEST_STEP][PASSED] - Statement - counter = counter + 1: null

2018-12-13 23:35:57 - [TEST_STEP][PASSED] - Statement - PreSaveFile = new java.io.File(((pathPrefix + java.lang.Integer.toString(counter)) + .png)): null

2018-12-13 23:35:57 - [TEST_STEP][PASSED] - Statement - counter = counter + 1: null

2018-12-13 23:35:57 - [TEST_STEP][PASSED] - Statement - PreSaveFile = new java.io.File(((pathPrefix + java.lang.Integer.toString(counter)) + .png)): null

2018-12-13 23:35:57 - [TEST_STEP][PASSED] - Statement - counter = counter + 1: null

2018-12-13 23:35:57 - [TEST_STEP][PASSED] - Statement - PreSaveFile = new java.io.File(((pathPrefix + java.lang.Integer.toString(counter)) + .png)): null

2018-12-13 23:35:57 - [TEST_STEP][PASSED] - Statement - counter = counter + 1: null

2018-12-13 23:35:57 - [TEST_STEP][PASSED] - Statement - PreSaveFile = new java.io.File(((pathPrefix + java.lang.Integer.toString(counter)) + .png)): null

2018-12-13 23:35:57 - [TEST_STEP][PASSED] - Statement - counter = counter + 1: null

2018-12-13 23:35:57 - [TEST_STEP][PASSED] - Statement - PreSaveFile = new java.io.File(((pathPrefix + java.lang.Integer.toString(counter)) + .png)): null

2018-12-13 23:35:57 - [TEST_STEP][PASSED] - Statement - counter = counter + 1: null

2018-12-13 23:35:57 - [TEST_STEP][PASSED] - Statement - PreSaveFile = new java.io.File(((pathPrefix + java.lang.Integer.toString(counter)) + .png)): null

2018-12-13 23:35:57 - [TEST_STEP][PASSED] - Statement - counter = counter + 1: null

2018-12-13 23:35:57 - [TEST_STEP][PASSED] - Statement - PreSaveFile = new java.io.File(((pathPrefix + java.lang.Integer.toString(counter)) + .png)): null

2018-12-13 23:35:57 - [TEST_STEP][PASSED] - Statement - counter = counter + 1: null

2018-12-13 23:35:57 - [TEST_STEP][PASSED] - Statement - PreSaveFile = new java.io.File(((pathPrefix + java.lang.Integer.toString(counter)) + .png)): null

2018-12-13 23:35:57 - [TEST_STEP][PASSED] - Statement - counter = counter + 1: null

2018-12-13 23:35:57 - [TEST_STEP][PASSED] - Statement - PreSaveFile = new java.io.File(((pathPrefix + java.lang.Integer.toString(counter)) + .png)): null

2018-12-13 23:35:57 - [TEST_STEP][PASSED] - Statement - counter = counter + 1: null

2018-12-13 23:35:57 - [TEST_STEP][PASSED] - Statement - PreSaveFile = new java.io.File(((pathPrefix + java.lang.Integer.toString(counter)) + .png)): null

2018-12-13 23:35:57 - [TEST_STEP][PASSED] - Statement - counter = counter + 1: null

2018-12-13 23:35:57 - [TEST_STEP][PASSED] - Statement - PreSaveFile = new java.io.File(((pathPrefix + java.lang.Integer.toString(counter)) + .png)): null

2018-12-13 23:35:57 - [TEST_STEP][PASSED] - Statement - counter = counter + 1: null

2018-12-13 23:35:57 - [TEST_STEP][PASSED] - Statement - PreSaveFile = new java.io.File(((pathPrefix + java.lang.Integer.toString(counter)) + .png)): null

2018-12-13 23:35:57 - [TEST_STEP][PASSED] - Statement - counter = counter + 1: null

2018-12-13 23:35:57 - [TEST_STEP][PASSED] - Statement - PreSaveFile = new java.io.File(((pathPrefix + java.lang.Integer.toString(counter)) + .png)): null

2018-12-13 23:35:57 - [TEST_STEP][PASSED] - Statement - counter = counter + 1: null

2018-12-13 23:35:57 - [TEST_STEP][PASSED] - Statement - PreSaveFile = new java.io.File(((pathPrefix + java.lang.Integer.toString(counter)) + .png)): null

2018-12-13 23:35:57 - [TEST_STEP][PASSED] - Statement - counter = counter + 1: null

2018-12-13 23:35:57 - [TEST_STEP][PASSED] - Statement - PreSaveFile = new java.io.File(((pathPrefix + java.lang.Integer.toString(counter)) + .png)): null

2018-12-13 23:35:57 - [TEST_STEP][PASSED] - Statement - counter = counter + 1: null

2018-12-13 23:35:57 - [TEST_STEP][PASSED] - Statement - PreSaveFile = new java.io.File(((pathPrefix + java.lang.Integer.toString(counter)) + .png)): null

2018-12-13 23:35:57 - [TEST_STEP][PASSED] - Statement - counter = counter + 1: null

2018-12-13 23:35:57 - [TEST_STEP][PASSED] - Statement - PreSaveFile = new java.io.File(((pathPrefix + java.lang.Integer.toString(counter)) + .png)): null

2018-12-13 23:35:57 - [TEST_STEP][PASSED] - Statement - counter = counter + 1: null

2018-12-13 23:35:57 - [TEST_STEP][PASSED] - Statement - PreSaveFile = new java.io.File(((pathPrefix + java.lang.Integer.toString(counter)) + .png)): null

2018-12-13 23:35:57 - [TEST_STEP][PASSED] - Statement - counter = counter + 1: null

2018-12-13 23:35:57 - [TEST_STEP][PASSED] - Statement - PreSaveFile = new java.io.File(((pathPrefix + java.lang.Integer.toString(counter)) + .png)): null

2018-12-13 23:35:57 - [TEST_STEP][PASSED] - Statement - counter = counter + 1: null

2018-12-13 23:35:57 - [TEST_STEP][PASSED] - Statement - PreSaveFile = new java.io.File(((pathPrefix + java.lang.Integer.toString(counter)) + .png)): null

2018-12-13 23:35:57 - [TEST_STEP][PASSED] - Statement - counter = counter + 1: null

2018-12-13 23:35:57 - [TEST_STEP][PASSED] - Statement - PreSaveFile = new java.io.File(((pathPrefix + java.lang.Integer.toString(counter)) + .png)): null

2018-12-13 23:35:57 - [TEST_STEP][PASSED] - Statement - counter = counter + 1: null

2018-12-13 23:35:57 - [TEST_STEP][PASSED] - Statement - PreSaveFile = new java.io.File(((pathPrefix + java.lang.Integer.toString(counter)) + .png)): null

2018-12-13 23:35:57 - [TEST_STEP][PASSED] - Statement - counter = counter + 1: null

2018-12-13 23:35:57 - [TEST_STEP][PASSED] - Statement - PreSaveFile = new java.io.File(((pathPrefix + java.lang.Integer.toString(counter)) + .png)): null

2018-12-13 23:35:57 - [TEST_STEP][PASSED] - Statement - counter = counter + 1: null

2018-12-13 23:35:57 - [TEST_STEP][PASSED] - Statement - PreSaveFile = new java.io.File(((pathPrefix + java.lang.Integer.toString(counter)) + .png)): null

2018-12-13 23:35:57 - [TEST_STEP][PASSED] - Statement - counter = counter + 1: null

2018-12-13 23:35:57 - [TEST_STEP][PASSED] - Statement - PreSaveFile = new java.io.File(((pathPrefix + java.lang.Integer.toString(counter)) + .png)): null

2018-12-13 23:35:57 - [TEST_STEP][PASSED] - Statement - counter = counter + 1: null

2018-12-13 23:35:57 - [TEST_STEP][PASSED] - Statement - PreSaveFile = new java.io.File(((pathPrefix + java.lang.Integer.toString(counter)) + .png)): null

2018-12-13 23:35:57 - [TEST_STEP][PASSED] - Statement - counter = counter + 1: null

2018-12-13 23:35:57 - [TEST_STEP][PASSED] - Statement - PreSaveFile = new java.io.File(((pathPrefix + java.lang.Integer.toString(counter)) + .png)): null

2018-12-13 23:35:57 - [TEST_STEP][PASSED] - Statement - counter = counter + 1: null

2018-12-13 23:35:57 - [TEST_STEP][PASSED] - Statement - PreSaveFile = new java.io.File(((pathPrefix + java.lang.Integer.toString(counter)) + .png)): null

2018-12-13 23:35:57 - [TEST_STEP][PASSED] - Statement - counter = counter + 1: null

2018-12-13 23:35:57 - [TEST_STEP][PASSED] - Statement - PreSaveFile = new java.io.File(((pathPrefix + java.lang.Integer.toString(counter)) + .png)): null

2018-12-13 23:35:57 - [TEST_STEP][PASSED] - Statement - counter = counter + 1: null

2018-12-13 23:35:57 - [TEST_STEP][PASSED] - Statement - PreSaveFile = new java.io.File(((pathPrefix + java.lang.Integer.toString(counter)) + .png)): null

2018-12-13 23:35:57 - [TEST_STEP][PASSED] - Statement - counter = counter + 1: null

2018-12-13 23:35:57 - [TEST_STEP][PASSED] - Statement - PreSaveFile = new java.io.File(((pathPrefix + java.lang.Integer.toString(counter)) + .png)): null

2018-12-13 23:35:57 - [TEST_STEP][PASSED] - Statement - counter = counter + 1: null

2018-12-13 23:35:57 - [TEST_STEP][PASSED] - Statement - PreSaveFile = new java.io.File(((pathPrefix + java.lang.Integer.toString(counter)) + .png)): null

2018-12-13 23:35:57 - [TEST_STEP][PASSED] - Statement - counter = counter + 1: null

2018-12-13 23:35:57 - [TEST_STEP][PASSED] - Statement - PreSaveFile = new java.io.File(((pathPrefix + java.lang.Integer.toString(counter)) + .png)): null

2018-12-13 23:35:57 - [TEST_STEP][PASSED] - Statement - counter = counter + 1: null

2018-12-13 23:35:57 - [TEST_STEP][PASSED] - Statement - PreSaveFile = new java.io.File(((pathPrefix + java.lang.Integer.toString(counter)) + .png)): null

2018-12-13 23:35:57 - [TEST_STEP][PASSED] - Statement - counter = counter + 1: null

2018-12-13 23:35:57 - [TEST_STEP][PASSED] - Statement - PreSaveFile = new java.io.File(((pathPrefix + java.lang.Integer.toString(counter)) + .png)): null

2018-12-13 23:35:57 - [TEST_STEP][PASSED] - Statement - counter = counter + 1: null

2018-12-13 23:35:57 - [TEST_STEP][PASSED] - Statement - PreSaveFile = new java.io.File(((pathPrefix + java.lang.Integer.toString(counter)) + .png)): null

2018-12-13 23:35:57 - [TEST_STEP][PASSED] - Statement - counter = counter + 1: null

2018-12-13 23:35:57 - [TEST_STEP][PASSED] - Statement - PreSaveFile = new java.io.File(((pathPrefix + java.lang.Integer.toString(counter)) + .png)): null

2018-12-13 23:35:57 - [TEST_STEP][PASSED] - Statement - counter = counter + 1: null

2018-12-13 23:35:57 - [TEST_STEP][PASSED] - Statement - PreSaveFile = new java.io.File(((pathPrefix + java.lang.Integer.toString(counter)) + .png)): null

2018-12-13 23:35:57 - [TEST_STEP][PASSED] - Statement - counter = counter + 1: null

2018-12-13 23:35:57 - [TEST_STEP][PASSED] - Statement - PreSaveFile = new java.io.File(((pathPrefix + java.lang.Integer.toString(counter)) + .png)): null

2018-12-13 23:35:57 - [TEST_STEP][PASSED] - Statement - counter = counter + 1: null

2018-12-13 23:35:57 - [TEST_STEP][PASSED] - Statement - PreSaveFile = new java.io.File(((pathPrefix + java.lang.Integer.toString(counter)) + .png)): null

2018-12-13 23:35:57 - [TEST_STEP][PASSED] - Statement - counter = counter + 1: null

2018-12-13 23:35:57 - [TEST_STEP][PASSED] - Statement - PreSaveFile = new java.io.File(((pathPrefix + java.lang.Integer.toString(counter)) + .png)): null

2018-12-13 23:35:57 - [TEST_STEP][PASSED] - Statement - counter = counter + 1: null

2018-12-13 23:35:57 - [TEST_STEP][PASSED] - Statement - PreSaveFile = new java.io.File(((pathPrefix + java.lang.Integer.toString(counter)) + .png)): null

2018-12-13 23:35:57 - [TEST_STEP][PASSED] - Statement - counter = counter + 1: null

2018-12-13 23:35:57 - [TEST_STEP][PASSED] - Statement - PreSaveFile = new java.io.File(((pathPrefix + java.lang.Integer.toString(counter)) + .png)): null

2018-12-13 23:35:57 - [TEST_STEP][PASSED] - Statement - counter = counter + 1: null

2018-12-13 23:35:57 - [TEST_STEP][PASSED] - Statement - PreSaveFile = new java.io.File(((pathPrefix + java.lang.Integer.toString(counter)) + .png)): null

2018-12-13 23:35:57 - [TEST_STEP][PASSED] - Statement - counter = counter + 1: null

2018-12-13 23:35:57 - [TEST_STEP][PASSED] - Statement - PreSaveFile = new java.io.File(((pathPrefix + java.lang.Integer.toString(counter)) + .png)): null

2018-12-13 23:35:57 - [TEST_STEP][PASSED] - Statement - counter = counter + 1: null

2018-12-13 23:35:57 - [TEST_STEP][PASSED] - Statement - PreSaveFile = new java.io.File(((pathPrefix + java.lang.Integer.toString(counter)) + .png)): null

2018-12-13 23:35:57 - [TEST_STEP][PASSED] - Statement - counter = counter + 1: null

2018-12-13 23:35:57 - [TEST_STEP][PASSED] - Statement - PreSaveFile = new java.io.File(((pathPrefix + java.lang.Integer.toString(counter)) + .png)): null

2018-12-13 23:35:57 - [TEST_STEP][PASSED] - Statement - counter = counter + 1: null

2018-12-13 23:35:57 - [TEST_STEP][PASSED] - Statement - PreSaveFile = new java.io.File(((pathPrefix + java.lang.Integer.toString(counter)) + .png)): null

2018-12-13 23:35:57 - [TEST_STEP][PASSED] - Statement - counter = counter + 1: null

2018-12-13 23:35:57 - [TEST_STEP][PASSED] - Statement - PreSaveFile = new java.io.File(((pathPrefix + java.lang.Integer.toString(counter)) + .png)): null

2018-12-13 23:35:57 - [TEST_STEP][PASSED] - Statement - counter = counter + 1: null

2018-12-13 23:35:57 - [TEST_STEP][PASSED] - Statement - PreSaveFile = new java.io.File(((pathPrefix + java.lang.Integer.toString(counter)) + .png)): null

2018-12-13 23:35:57 - [TEST_STEP][PASSED] - Statement - counter = counter + 1: null

2018-12-13 23:35:57 - [TEST_STEP][PASSED] - Statement - PreSaveFile = new java.io.File(((pathPrefix + java.lang.Integer.toString(counter)) + .png)): null

2018-12-13 23:35:57 - [TEST_STEP][PASSED] - Statement - counter = counter + 1: null

2018-12-13 23:35:57 - [TEST_STEP][PASSED] - Statement - PreSaveFile = new java.io.File(((pathPrefix + java.lang.Integer.toString(counter)) + .png)): null

2018-12-13 23:35:57 - [TEST_STEP][PASSED] - Statement - counter = counter + 1: null

2018-12-13 23:35:57 - [TEST_STEP][PASSED] - Statement - PreSaveFile = new java.io.File(((pathPrefix + java.lang.Integer.toString(counter)) + .png)): null

2018-12-13 23:35:57 - [TEST_STEP][PASSED] - Statement - counter = counter + 1: null

2018-12-13 23:35:57 - [TEST_STEP][PASSED] - Statement - PreSaveFile = new java.io.File(((pathPrefix + java.lang.Integer.toString(counter)) + .png)): null

2018-12-13 23:35:57 - [TEST_STEP][PASSED] - Statement - counter = counter + 1: null

2018-12-13 23:35:57 - [TEST_STEP][PASSED] - Statement - PreSaveFile = new java.io.File(((pathPrefix + java.lang.Integer.toString(counter)) + .png)): null

2018-12-13 23:35:57 - [TEST_STEP][PASSED] - Statement - counter = counter + 1: null

2018-12-13 23:35:57 - [TEST_STEP][PASSED] - Statement - PreSaveFile = new java.io.File(((pathPrefix + java.lang.Integer.toString(counter)) + .png)): null

2018-12-13 23:35:57 - [TEST_STEP][PASSED] - Statement - counter = counter + 1: null

2018-12-13 23:35:57 - [TEST_STEP][PASSED] - Statement - PreSaveFile = new java.io.File(((pathPrefix + java.lang.Integer.toString(counter)) + .png)): null

2018-12-13 23:35:57 - [TEST_STEP][PASSED] - Statement - counter = counter + 1: null

2018-12-13 23:35:57 - [TEST_STEP][PASSED] - Statement - PreSaveFile = new java.io.File(((pathPrefix + java.lang.Integer.toString(counter)) + .png)): null

2018-12-13 23:35:57 - [TEST_STEP][PASSED] - Statement - counter = counter + 1: null

2018-12-13 23:35:57 - [TEST_STEP][PASSED] - Statement - PreSaveFile = new java.io.File(((pathPrefix + java.lang.Integer.toString(counter)) + .png)): null

2018-12-13 23:35:57 - [TEST_STEP][PASSED] - Statement - counter = counter + 1: null

2018-12-13 23:35:57 - [TEST_STEP][PASSED] - Statement - PreSaveFile = new java.io.File(((pathPrefix + java.lang.Integer.toString(counter)) + .png)): null

2018-12-13 23:35:57 - [TEST_STEP][PASSED] - Statement - counter = counter + 1: null

2018-12-13 23:35:57 - [TEST_STEP][PASSED] - Statement - PreSaveFile = new java.io.File(((pathPrefix + java.lang.Integer.toString(counter)) + .png)): null

2018-12-13 23:35:57 - [TEST_STEP][PASSED] - Statement - counter = counter + 1: null

2018-12-13 23:35:57 - [TEST_STEP][PASSED] - Statement - PreSaveFile = new java.io.File(((pathPrefix + java.lang.Integer.toString(counter)) + .png)): null

2018-12-13 23:35:57 - [TEST_STEP][PASSED] - Statement - counter = counter + 1: null

2018-12-13 23:35:57 - [TEST_STEP][PASSED] - Statement - PreSaveFile = new java.io.File(((pathPrefix + java.lang.Integer.toString(counter)) + .png)): null

2018-12-13 23:35:57 - [TEST_STEP][PASSED] - Statement - counter = counter + 1: null

2018-12-13 23:35:57 - [TEST_STEP][PASSED] - Statement - PreSaveFile = new java.io.File(((pathPrefix + java.lang.Integer.toString(counter)) + .png)): null

2018-12-13 23:35:57 - [TEST_STEP][PASSED] - Statement - counter = counter + 1: null

2018-12-13 23:35:57 - [TEST_STEP][PASSED] - Statement - PreSaveFile = new java.io.File(((pathPrefix + java.lang.Integer.toString(counter)) + .png)): null

2018-12-13 23:35:57 - [TEST_STEP][PASSED] - Statement - counter = counter + 1: null

2018-12-13 23:35:57 - [TEST_STEP][PASSED] - Statement - PreSaveFile = new java.io.File(((pathPrefix + java.lang.Integer.toString(counter)) + .png)): null

2018-12-13 23:35:57 - [TEST_STEP][PASSED] - Statement - counter = counter + 1: null

2018-12-13 23:35:57 - [TEST_STEP][PASSED] - Statement - PreSaveFile = new java.io.File(((pathPrefix + java.lang.Integer.toString(counter)) + .png)): null

2018-12-13 23:35:57 - [TEST_STEP][PASSED] - Statement - counter = counter + 1: null

2018-12-13 23:35:57 - [TEST_STEP][PASSED] - Statement - PreSaveFile = new java.io.File(((pathPrefix + java.lang.Integer.toString(counter)) + .png)): null

2018-12-13 23:35:57 - [TEST_STEP][PASSED] - Statement - counter = counter + 1: null

2018-12-13 23:35:57 - [TEST_STEP][PASSED] - Statement - PreSaveFile = new java.io.File(((pathPrefix + java.lang.Integer.toString(counter)) + .png)): null

2018-12-13 23:35:57 - [TEST_STEP][PASSED] - Statement - counter = counter + 1: null

2018-12-13 23:35:57 - [TEST_STEP][PASSED] - Statement - PreSaveFile = new java.io.File(((pathPrefix + java.lang.Integer.toString(counter)) + .png)): null

2018-12-13 23:35:57 - [TEST_STEP][PASSED] - Statement - counter = counter + 1: null

2018-12-13 23:35:57 - [TEST_STEP][PASSED] - Statement - PreSaveFile = new java.io.File(((pathPrefix + java.lang.Integer.toString(counter)) + .png)): null

2018-12-13 23:35:57 - [TEST_STEP][PASSED] - Statement - counter = counter + 1: null

2018-12-13 23:35:57 - [TEST_STEP][PASSED] - Statement - PreSaveFile = new java.io.File(((pathPrefix + java.lang.Integer.toString(counter)) + .png)): null

2018-12-13 23:35:57 - [TEST_STEP][PASSED] - Statement - counter = counter + 1: null

2018-12-13 23:35:57 - [TEST_STEP][PASSED] - Statement - PreSaveFile = new java.io.File(((pathPrefix + java.lang.Integer.toString(counter)) + .png)): null

2018-12-13 23:35:57 - [TEST_STEP][PASSED] - Statement - counter = counter + 1: null

2018-12-13 23:35:57 - [TEST_STEP][PASSED] - Statement - PreSaveFile = new java.io.File(((pathPrefix + java.lang.Integer.toString(counter)) + .png)): null

2018-12-13 23:35:57 - [TEST_STEP][PASSED] - Statement - counter = counter + 1: null

2018-12-13 23:35:57 - [TEST_STEP][PASSED] - Statement - PreSaveFile = new java.io.File(((pathPrefix + java.lang.Integer.toString(counter)) + .png)): null

2018-12-13 23:35:57 - [TEST_STEP][PASSED] - Statement - counter = counter + 1: null

2018-12-13 23:35:57 - [TEST_STEP][PASSED] - Statement - PreSaveFile = new java.io.File(((pathPrefix + java.lang.Integer.toString(counter)) + .png)): null

2018-12-13 23:35:57 - [TEST_STEP][PASSED] - Statement - counter = counter + 1: null

2018-12-13 23:35:57 - [TEST_STEP][PASSED] - Statement - PreSaveFile = new java.io.File(((pathPrefix + java.lang.Integer.toString(counter)) + .png)): null

2018-12-13 23:35:57 - [TEST_STEP][PASSED] - Statement - counter = counter + 1: null

2018-12-13 23:35:57 - [TEST_STEP][PASSED] - Statement - PreSaveFile = new java.io.File(((pathPrefix + java.lang.Integer.toString(counter)) + .png)): null

2018-12-13 23:35:57 - [TEST_STEP][PASSED] - Statement - counter = counter + 1: null

2018-12-13 23:35:57 - [TEST_STEP][PASSED] - Statement - PreSaveFile = new java.io.File(((pathPrefix + java.lang.Integer.toString(counter)) + .png)): null

2018-12-13 23:35:57 - [TEST_STEP][PASSED] - Statement - counter = counter + 1: null

2018-12-13 23:35:57 - [TEST_STEP][PASSED] - Statement - PreSaveFile = new java.io.File(((pathPrefix + java.lang.Integer.toString(counter)) + .png)): null

2018-12-13 23:35:57 - [TEST_STEP][PASSED] - Statement - counter = counter + 1: null

2018-12-13 23:35:57 - [TEST_STEP][PASSED] - Statement - PreSaveFile = new java.io.File(((pathPrefix + java.lang.Integer.toString(counter)) + .png)): null

2018-12-13 23:35:57 - [TEST_STEP][PASSED] - Statement - counter = counter + 1: null

2018-12-13 23:35:57 - [TEST_STEP][PASSED] - Statement - PreSaveFile = new java.io.File(((pathPrefix + java.lang.Integer.toString(counter)) + .png)): null

2018-12-13 23:35:57 - [TEST_STEP][PASSED] - Statement - counter = counter + 1: null

2018-12-13 23:35:57 - [TEST_STEP][PASSED] - Statement - PreSaveFile = new java.io.File(((pathPrefix + java.lang.Integer.toString(counter)) + .png)): null

2018-12-13 23:35:57 - [TEST_STEP][PASSED] - Statement - counter = counter + 1: null

2018-12-13 23:35:57 - [TEST_STEP][PASSED] - Statement - PreSaveFile = new java.io.File(((pathPrefix + java.lang.Integer.toString(counter)) + .png)): null

2018-12-13 23:35:57 - [TEST_STEP][PASSED] - Statement - counter = counter + 1: null

2018-12-13 23:35:57 - [TEST_STEP][PASSED] - Statement - PreSaveFile = new java.io.File(((pathPrefix + java.lang.Integer.toString(counter)) + .png)): null

2018-12-13 23:35:57 - [TEST_STEP][PASSED] - Statement - counter = counter + 1: null

2018-12-13 23:35:57 - [TEST_STEP][PASSED] - Statement - PreSaveFile = new java.io.File(((pathPrefix + java.lang.Integer.toString(counter)) + .png)): null

2018-12-13 23:35:57 - [TEST_STEP][PASSED] - Statement - counter = counter + 1: null

2018-12-13 23:35:57 - [TEST_STEP][PASSED] - Statement - PreSaveFile = new java.io.File(((pathPrefix + java.lang.Integer.toString(counter)) + .png)): null

2018-12-13 23:35:57 - [TEST_STEP][PASSED] - Statement - counter = counter + 1: null

2018-12-13 23:35:57 - [TEST_STEP][PASSED] - Statement - PreSaveFile = new java.io.File(((pathPrefix + java.lang.Integer.toString(counter)) + .png)): null

2018-12-13 23:35:57 - [TEST_STEP][PASSED] - Statement - counter = counter + 1: null

2018-12-13 23:35:57 - [TEST_STEP][PASSED] - Statement - PreSaveFile = new java.io.File(((pathPrefix + java.lang.Integer.toString(counter)) + .png)): null

2018-12-13 23:35:57 - [TEST_STEP][PASSED] - Statement - counter = counter + 1: null

2018-12-13 23:35:57 - [TEST_STEP][PASSED] - Statement - PreSaveFile = new java.io.File(((pathPrefix + java.lang.Integer.toString(counter)) + .png)): null

2018-12-13 23:35:57 - [TEST_STEP][PASSED] - Statement - counter = counter + 1: null

2018-12-13 23:35:57 - [TEST_STEP][PASSED] - Statement - PreSaveFile = new java.io.File(((pathPrefix + java.lang.Integer.toString(counter)) + .png)): null

2018-12-13 23:35:57 - [TEST_STEP][PASSED] - Statement - counter = counter + 1: null

2018-12-13 23:35:57 - [TEST_STEP][PASSED] - Statement - PreSaveFile = new java.io.File(((pathPrefix + java.lang.Integer.toString(counter)) + .png)): null

2018-12-13 23:35:57 - [TEST_STEP][PASSED] - Statement - counter = counter + 1: null

2018-12-13 23:35:57 - [TEST_STEP][PASSED] - Statement - PreSaveFile = new java.io.File(((pathPrefix + java.lang.Integer.toString(counter)) + .png)): null

2018-12-13 23:35:57 - [TEST_STEP][PASSED] - Statement - counter = counter + 1: null

2018-12-13 23:35:57 - [TEST_STEP][PASSED] - Statement - PreSaveFile = new java.io.File(((pathPrefix + java.lang.Integer.toString(counter)) + .png)): null

2018-12-13 23:35:57 - [TEST_STEP][PASSED] - Statement - counter = counter + 1: null

2018-12-13 23:35:57 - [TEST_STEP][PASSED] - Statement - PreSaveFile = new java.io.File(((pathPrefix + java.lang.Integer.toString(counter)) + .png)): null

2018-12-13 23:35:57 - [TEST_STEP][PASSED] - Statement - counter = counter + 1: null

2018-12-13 23:35:57 - [TEST_STEP][PASSED] - Statement - PreSaveFile = new java.io.File(((pathPrefix + java.lang.Integer.toString(counter)) + .png)): null

2018-12-13 23:35:57 - [TEST_STEP][PASSED] - Statement - counter = counter + 1: null

2018-12-13 23:35:57 - [TEST_STEP][PASSED] - Statement - PreSaveFile = new java.io.File(((pathPrefix + java.lang.Integer.toString(counter)) + .png)): null

2018-12-13 23:35:57 - [TEST_STEP][PASSED] - Statement - counter = counter + 1: null

2018-12-13 23:35:57 - [TEST_STEP][PASSED] - Statement - PreSaveFile = new java.io.File(((pathPrefix + java.lang.Integer.toString(counter)) + .png)): null

2018-12-13 23:35:57 - [TEST_STEP][PASSED] - Statement - counter = counter + 1: null

2018-12-13 23:35:57 - [TEST_STEP][PASSED] - Statement - PreSaveFile = new java.io.File(((pathPrefix + java.lang.Integer.toString(counter)) + .png)): null

2018-12-13 23:35:57 - [TEST_STEP][PASSED] - Statement - counter = counter + 1: null

2018-12-13 23:35:57 - [TEST_STEP][PASSED] - Statement - PreSaveFile = new java.io.File(((pathPrefix + java.lang.Integer.toString(counter)) + .png)): null

2018-12-13 23:35:57 - [TEST_STEP][PASSED] - Statement - counter = counter + 1: null

2018-12-13 23:35:57 - [TEST_STEP][PASSED] - Statement - PreSaveFile = new java.io.File(((pathPrefix + java.lang.Integer.toString(counter)) + .png)): null

2018-12-13 23:35:57 - [TEST_STEP][PASSED] - Statement - counter = counter + 1: null

2018-12-13 23:35:57 - [TEST_STEP][PASSED] - Statement - PreSaveFile = new java.io.File(((pathPrefix + java.lang.Integer.toString(counter)) + .png)): null

2018-12-13 23:35:57 - [TEST_STEP][PASSED] - Statement - counter = counter + 1: null

2018-12-13 23:35:57 - [TEST_STEP][PASSED] - Statement - PreSaveFile = new java.io.File(((pathPrefix + java.lang.Integer.toString(counter)) + .png)): null

2018-12-13 23:35:57 - [TEST_STEP][PASSED] - Statement - counter = counter + 1: null

2018-12-13 23:35:57 - [TEST_STEP][PASSED] - Statement - PreSaveFile = new java.io.File(((pathPrefix + java.lang.Integer.toString(counter)) + .png)): null

2018-12-13 23:35:57 - [TEST_STEP][PASSED] - Statement - counter = counter + 1: null

2018-12-13 23:35:57 - [TEST_STEP][PASSED] - Statement - PreSaveFile = new java.io.File(((pathPrefix + java.lang.Integer.toString(counter)) + .png)): null

2018-12-13 23:35:57 - [TEST_STEP][PASSED] - Statement - counter = counter + 1: null

2018-12-13 23:35:57 - [TEST_STEP][PASSED] - Statement - PreSaveFile = new java.io.File(((pathPrefix + java.lang.Integer.toString(counter)) + .png)): null

2018-12-13 23:35:57 - [TEST_STEP][PASSED] - Statement - counter = counter + 1: null

2018-12-13 23:35:57 - [TEST_STEP][PASSED] - Statement - PreSaveFile = new java.io.File(((pathPrefix + java.lang.Integer.toString(counter)) + .png)): null

2018-12-13 23:35:57 - [TEST_STEP][PASSED] - Statement - counter = counter + 1: null

2018-12-13 23:35:57 - [TEST_STEP][PASSED] - Statement - PreSaveFile = new java.io.File(((pathPrefix + java.lang.Integer.toString(counter)) + .png)): null

2018-12-13 23:35:57 - [TEST_STEP][PASSED] - Statement - counter = counter + 1: null

2018-12-13 23:35:57 - [TEST_STEP][PASSED] - Statement - PreSaveFile = new java.io.File(((pathPrefix + java.lang.Integer.toString(counter)) + .png)): null

2018-12-13 23:35:57 - [TEST_STEP][PASSED] - Statement - counter = counter + 1: null

2018-12-13 23:35:57 - [TEST_STEP][PASSED] - Statement - PreSaveFile = new java.io.File(((pathPrefix + java.lang.Integer.toString(counter)) + .png)): null

2018-12-13 23:35:57 - [TEST_STEP][PASSED] - Statement - counter = counter + 1: null

2018-12-13 23:35:57 - [TEST_STEP][PASSED] - Statement - PreSaveFile = new java.io.File(((pathPrefix + java.lang.Integer.toString(counter)) + .png)): null

2018-12-13 23:35:57 - [TEST_STEP][PASSED] - Statement - counter = counter + 1: null

2018-12-13 23:35:57 - [TEST_STEP][PASSED] - Statement - PreSaveFile = new java.io.File(((pathPrefix + java.lang.Integer.toString(counter)) + .png)): null

2018-12-13 23:35:57 - [TEST_STEP][PASSED] - Statement - counter = counter + 1: null

2018-12-13 23:35:57 - [TEST_STEP][PASSED] - Statement - PreSaveFile = new java.io.File(((pathPrefix + java.lang.Integer.toString(counter)) + .png)): null

2018-12-13 23:35:57 - [TEST_STEP][PASSED] - Statement - counter = counter + 1: null

2018-12-13 23:35:57 - [TEST_STEP][PASSED] - Statement - PreSaveFile = new java.io.File(((pathPrefix + java.lang.Integer.toString(counter)) + .png)): null

2018-12-13 23:35:57 - [TEST_STEP][PASSED] - Statement - counter = counter + 1: null

2018-12-13 23:35:57 - [TEST_STEP][PASSED] - Statement - PreSaveFile = new java.io.File(((pathPrefix + java.lang.Integer.toString(counter)) + .png)): null

2018-12-13 23:35:57 - [TEST_STEP][PASSED] - Statement - counter = counter + 1: null

2018-12-13 23:35:57 - [TEST_STEP][PASSED] - Statement - PreSaveFile = new java.io.File(((pathPrefix + java.lang.Integer.toString(counter)) + .png)): null

2018-12-13 23:35:57 - [TEST_STEP][PASSED] - Statement - counter = counter + 1: null

2018-12-13 23:35:57 - [TEST_STEP][PASSED] - Statement - PreSaveFile = new java.io.File(((pathPrefix + java.lang.Integer.toString(counter)) + .png)): null

2018-12-13 23:35:57 - [TEST_STEP][PASSED] - Statement - counter = counter + 1: null

2018-12-13 23:35:57 - [TEST_STEP][PASSED] - Statement - PreSaveFile = new java.io.File(((pathPrefix + java.lang.Integer.toString(counter)) + .png)): null

2018-12-13 23:35:57 - [TEST_STEP][PASSED] - Statement - counter = counter + 1: null

2018-12-13 23:35:57 - [TEST_STEP][PASSED] - Statement - PreSaveFile = new java.io.File(((pathPrefix + java.lang.Integer.toString(counter)) + .png)): null

2018-12-13 23:35:57 - [TEST_STEP][PASSED] - Statement - counter = counter + 1: null

2018-12-13 23:35:57 - [TEST_STEP][PASSED] - Statement - PreSaveFile = new java.io.File(((pathPrefix + java.lang.Integer.toString(counter)) + .png)): null

2018-12-13 23:35:57 - [TEST_STEP][PASSED] - Statement - counter = counter + 1: null

2018-12-13 23:35:57 - [TEST_STEP][PASSED] - Statement - PreSaveFile = new java.io.File(((pathPrefix + java.lang.Integer.toString(counter)) + .png)): null

2018-12-13 23:35:57 - [TEST_STEP][PASSED] - Statement - counter = counter + 1: null

2018-12-13 23:35:57 - [TEST_STEP][PASSED] - Statement - PreSaveFile = new java.io.File(((pathPrefix + java.lang.Integer.toString(counter)) + .png)): null

2018-12-13 23:35:57 - [TEST_STEP][PASSED] - Statement - counter = counter + 1: null

2018-12-13 23:35:57 - [TEST_STEP][PASSED] - Statement - PreSaveFile = new java.io.File(((pathPrefix + java.lang.Integer.toString(counter)) + .png)): null

2018-12-13 23:35:57 - [TEST_STEP][PASSED] - Statement - counter = counter + 1: null

2018-12-13 23:35:57 - [TEST_STEP][PASSED] - Statement - PreSaveFile = new java.io.File(((pathPrefix + java.lang.Integer.toString(counter)) + .png)): null

2018-12-13 23:35:57 - [TEST_STEP][PASSED] - Statement - counter = counter + 1: null

2018-12-13 23:35:57 - [TEST_STEP][PASSED] - Statement - PreSaveFile = new java.io.File(((pathPrefix + java.lang.Integer.toString(counter)) + .png)): null

2018-12-13 23:35:57 - [TEST_STEP][PASSED] - Statement - counter = counter + 1: null

2018-12-13 23:35:57 - [TEST_STEP][PASSED] - Statement - PreSaveFile = new java.io.File(((pathPrefix + java.lang.Integer.toString(counter)) + .png)): null

2018-12-13 23:35:57 - [TEST_STEP][PASSED] - Statement - counter = counter + 1: null

2018-12-13 23:35:57 - [TEST_STEP][PASSED] - Statement - PreSaveFile = new java.io.File(((pathPrefix + java.lang.Integer.toString(counter)) + .png)): null

2018-12-13 23:35:57 - [TEST_STEP][PASSED] - Statement - counter = counter + 1: null

2018-12-13 23:35:57 - [TEST_STEP][PASSED] - Statement - PreSaveFile = new java.io.File(((pathPrefix + java.lang.Integer.toString(counter)) + .png)): null

2018-12-13 23:35:57 - [TEST_STEP][PASSED] - Statement - counter = counter + 1: null

2018-12-13 23:35:57 - [TEST_STEP][PASSED] - Statement - PreSaveFile = new java.io.File(((pathPrefix + java.lang.Integer.toString(counter)) + .png)): null

2018-12-13 23:35:57 - [TEST_STEP][PASSED] - Statement - counter = counter + 1: null

2018-12-13 23:35:57 - [TEST_STEP][PASSED] - Statement - PreSaveFile = new java.io.File(((pathPrefix + java.lang.Integer.toString(counter)) + .png)): null

2018-12-13 23:35:57 - [TEST_STEP][PASSED] - Statement - counter = counter + 1: null

2018-12-13 23:35:57 - [TEST_STEP][PASSED] - Statement - PreSaveFile = new java.io.File(((pathPrefix + java.lang.Integer.toString(counter)) + .png)): null

2018-12-13 23:35:57 - [TEST_STEP][PASSED] - Statement - counter = counter + 1: null

2018-12-13 23:35:57 - [TEST_STEP][PASSED] - Statement - PreSaveFile = new java.io.File(((pathPrefix + java.lang.Integer.toString(counter)) + .png)): null

2018-12-13 23:35:57 - [TEST_STEP][PASSED] - Statement - counter = counter + 1: null

2018-12-13 23:35:57 - [TEST_STEP][PASSED] - Statement - PreSaveFile = new java.io.File(((pathPrefix + java.lang.Integer.toString(counter)) + .png)): null

2018-12-13 23:35:57 - [TEST_STEP][PASSED] - Statement - counter = counter + 1: null

2018-12-13 23:35:57 - [TEST_STEP][PASSED] - Statement - PreSaveFile = new java.io.File(((pathPrefix + java.lang.Integer.toString(counter)) + .png)): null

2018-12-13 23:35:57 - [TEST_STEP][PASSED] - Statement - counter = counter + 1: null

2018-12-13 23:35:57 - [TEST_STEP][PASSED] - Statement - PreSaveFile = new java.io.File(((pathPrefix + java.lang.Integer.toString(counter)) + .png)): null

2018-12-13 23:35:57 - [TEST_STEP][PASSED] - Statement - counter = counter + 1: null

2018-12-13 23:35:57 - [TEST_STEP][PASSED] - Statement - PreSaveFile = new java.io.File(((pathPrefix + java.lang.Integer.toString(counter)) + .png)): null

2018-12-13 23:35:57 - [TEST_STEP][PASSED] - Statement - counter = counter + 1: null

2018-12-13 23:35:57 - [TEST_STEP][PASSED] - Statement - PreSaveFile = new java.io.File(((pathPrefix + java.lang.Integer.toString(counter)) + .png)): null

2018-12-13 23:35:57 - [TEST_STEP][PASSED] - Statement - counter = counter + 1: null

2018-12-13 23:35:57 - [TEST_STEP][PASSED] - Statement - PreSaveFile = new java.io.File(((pathPrefix + java.lang.Integer.toString(counter)) + .png)): null

2018-12-13 23:35:57 - [TEST_STEP][PASSED] - Statement - counter = counter + 1: null

2018-12-13 23:35:57 - [TEST_STEP][PASSED] - Statement - PreSaveFile = new java.io.File(((pathPrefix + java.lang.Integer.toString(counter)) + .png)): null

2018-12-13 23:35:57 - [TEST_STEP][PASSED] - Statement - counter = counter + 1: null

2018-12-13 23:35:57 - [TEST_STEP][PASSED] - Statement - PreSaveFile = new java.io.File(((pathPrefix + java.lang.Integer.toString(counter)) + .png)): null

2018-12-13 23:35:57 - [TEST_STEP][PASSED] - Statement - counter = counter + 1: null

2018-12-13 23:35:57 - [TEST_STEP][PASSED] - Statement - PreSaveFile = new java.io.File(((pathPrefix + java.lang.Integer.toString(counter)) + .png)): null

2018-12-13 23:35:57 - [TEST_STEP][PASSED] - Statement - counter = counter + 1: null

2018-12-13 23:35:58 - [TEST_STEP][PASSED] - Statement - PreSaveFile = new java.io.File(((pathPrefix + java.lang.Integer.toString(counter)) + .png)): null

2018-12-13 23:35:58 - [TEST_STEP][PASSED] - Statement - counter = counter + 1: null

2018-12-13 23:35:58 - [TEST_STEP][PASSED] - Statement - PreSaveFile = new java.io.File(((pathPrefix + java.lang.Integer.toString(counter)) + .png)): null

2018-12-13 23:35:58 - [TEST_STEP][PASSED] - Statement - counter = counter + 1: null

2018-12-13 23:35:58 - [TEST_STEP][PASSED] - Statement - PreSaveFile = new java.io.File(((pathPrefix + java.lang.Integer.toString(counter)) + .png)): null

2018-12-13 23:35:58 - [TEST_STEP][PASSED] - Statement - counter = counter + 1: null

2018-12-13 23:35:58 - [TEST_STEP][PASSED] - Statement - PreSaveFile = new java.io.File(((pathPrefix + java.lang.Integer.toString(counter)) + .png)): null

2018-12-13 23:35:58 - [TEST_STEP][PASSED] - Statement - counter = counter + 1: null

2018-12-13 23:35:58 - [TEST_STEP][PASSED] - Statement - PreSaveFile = new java.io.File(((pathPrefix + java.lang.Integer.toString(counter)) + .png)): null

2018-12-13 23:35:58 - [TEST_STEP][PASSED] - Statement - counter = counter + 1: null

2018-12-13 23:35:58 - [TEST_STEP][PASSED] - Statement - PreSaveFile = new java.io.File(((pathPrefix + java.lang.Integer.toString(counter)) + .png)): null

2018-12-13 23:35:58 - [TEST_STEP][PASSED] - Statement - counter = counter + 1: null

2018-12-13 23:35:58 - [TEST_STEP][PASSED] - Statement - PreSaveFile = new java.io.File(((pathPrefix + java.lang.Integer.toString(counter)) + .png)): null

2018-12-13 23:35:58 - [TEST_STEP][PASSED] - Statement - counter = counter + 1: null

2018-12-13 23:35:58 - [TEST_STEP][PASSED] - Statement - PreSaveFile = new java.io.File(((pathPrefix + java.lang.Integer.toString(counter)) + .png)): null

2018-12-13 23:35:58 - [TEST_STEP][PASSED] - Statement - counter = counter + 1: null

2018-12-13 23:35:58 - [TEST_STEP][PASSED] - Statement - PreSaveFile = new java.io.File(((pathPrefix + java.lang.Integer.toString(counter)) + .png)): null

2018-12-13 23:35:58 - [TEST_STEP][PASSED] - Statement - counter = counter + 1: null

2018-12-13 23:35:58 - [TEST_STEP][PASSED] - Statement - PreSaveFile = new java.io.File(((pathPrefix + java.lang.Integer.toString(counter)) + .png)): null

2018-12-13 23:35:58 - [TEST_STEP][PASSED] - Statement - counter = counter + 1: null

2018-12-13 23:35:58 - [TEST_STEP][PASSED] - Statement - PreSaveFile = new java.io.File(((pathPrefix + java.lang.Integer.toString(counter)) + .png)): null

2018-12-13 23:35:58 - [TEST_STEP][PASSED] - Statement - counter = counter + 1: null

2018-12-13 23:35:58 - [TEST_STEP][PASSED] - Statement - PreSaveFile = new java.io.File(((pathPrefix + java.lang.Integer.toString(counter)) + .png)): null

2018-12-13 23:35:58 - [TEST_STEP][PASSED] - Statement - counter = counter + 1: null

2018-12-13 23:35:58 - [TEST_STEP][PASSED] - Statement - PreSaveFile = new java.io.File(((pathPrefix + java.lang.Integer.toString(counter)) + .png)): null

2018-12-13 23:35:58 - [TEST_STEP][PASSED] - Statement - counter = counter + 1: null

2018-12-13 23:35:58 - [TEST_STEP][PASSED] - Statement - PreSaveFile = new java.io.File(((pathPrefix + java.lang.Integer.toString(counter)) + .png)): null

2018-12-13 23:35:58 - [TEST_STEP][PASSED] - Statement - counter = counter + 1: null

2018-12-13 23:35:58 - [TEST_STEP][PASSED] - Statement - PreSaveFile = new java.io.File(((pathPrefix + java.lang.Integer.toString(counter)) + .png)): null

2018-12-13 23:35:58 - [TEST_STEP][PASSED] - Statement - counter = counter + 1: null

2018-12-13 23:35:58 - [TEST_STEP][PASSED] - Statement - PreSaveFile = new java.io.File(((pathPrefix + java.lang.Integer.toString(counter)) + .png)): null

2018-12-13 23:35:58 - [TEST_STEP][PASSED] - Statement - counter = counter + 1: null

2018-12-13 23:35:58 - [TEST_STEP][PASSED] - Statement - PreSaveFile = new java.io.File(((pathPrefix + java.lang.Integer.toString(counter)) + .png)): null

2018-12-13 23:35:58 - [TEST_STEP][PASSED] - Statement - counter = counter + 1: null

2018-12-13 23:35:58 - [TEST_STEP][PASSED] - Statement - PreSaveFile = new java.io.File(((pathPrefix + java.lang.Integer.toString(counter)) + .png)): null

2018-12-13 23:35:58 - [TEST_STEP][PASSED] - Statement - counter = counter + 1: null

2018-12-13 23:35:58 - [TEST_STEP][PASSED] - Statement - PreSaveFile = new java.io.File(((pathPrefix + java.lang.Integer.toString(counter)) + .png)): null

2018-12-13 23:35:58 - [TEST_STEP][PASSED] - Statement - counter = counter + 1: null

2018-12-13 23:35:58 - [TEST_STEP][PASSED] - Statement - PreSaveFile = new java.io.File(((pathPrefix + java.lang.Integer.toString(counter)) + .png)): null

2018-12-13 23:35:58 - [TEST_STEP][PASSED] - Statement - counter = counter + 1: null

2018-12-13 23:35:58 - [TEST_STEP][PASSED] - Statement - PreSaveFile = new java.io.File(((pathPrefix + java.lang.Integer.toString(counter)) + .png)): null

2018-12-13 23:35:58 - [TEST_STEP][PASSED] - Statement - counter = counter + 1: null

2018-12-13 23:35:58 - [TEST_STEP][PASSED] - Statement - PreSaveFile = new java.io.File(((pathPrefix + java.lang.Integer.toString(counter)) + .png)): null

2018-12-13 23:35:58 - [TEST_STEP][PASSED] - Statement - counter = counter + 1: null

2018-12-13 23:35:58 - [TEST_STEP][PASSED] - Statement - PreSaveFile = new java.io.File(((pathPrefix + java.lang.Integer.toString(counter)) + .png)): null

2018-12-13 23:35:58 - [TEST_STEP][PASSED] - Statement - counter = counter + 1: null

2018-12-13 23:35:58 - [TEST_STEP][PASSED] - Statement - PreSaveFile = new java.io.File(((pathPrefix + java.lang.Integer.toString(counter)) + .png)): null

2018-12-13 23:35:58 - [TEST_STEP][PASSED] - Statement - counter = counter + 1: null

2018-12-13 23:35:58 - [TEST_STEP][PASSED] - Statement - PreSaveFile = new java.io.File(((pathPrefix + java.lang.Integer.toString(counter)) + .png)): null

2018-12-13 23:35:58 - [TEST_STEP][PASSED] - Statement - counter = counter + 1: null

2018-12-13 23:35:58 - [TEST_STEP][PASSED] - Statement - PreSaveFile = new java.io.File(((pathPrefix + java.lang.Integer.toString(counter)) + .png)): null

2018-12-13 23:35:58 - [TEST_STEP][PASSED] - Statement - counter = counter + 1: null

2018-12-13 23:35:58 - [TEST_STEP][PASSED] - Statement - PreSaveFile = new java.io.File(((pathPrefix + java.lang.Integer.toString(counter)) + .png)): null

2018-12-13 23:35:58 - [TEST_STEP][PASSED] - Statement - counter = counter + 1: null

2018-12-13 23:35:58 - [TEST_STEP][PASSED] - Statement - PreSaveFile = new java.io.File(((pathPrefix + java.lang.Integer.toString(counter)) + .png)): null

2018-12-13 23:35:58 - [TEST_STEP][PASSED] - Statement - counter = counter + 1: null

2018-12-13 23:35:58 - [TEST_STEP][PASSED] - Statement - PreSaveFile = new java.io.File(((pathPrefix + java.lang.Integer.toString(counter)) + .png)): null

2018-12-13 23:35:58 - [TEST_STEP][PASSED] - Statement - counter = counter + 1: null

2018-12-13 23:35:58 - [TEST_STEP][PASSED] - Statement - PreSaveFile = new java.io.File(((pathPrefix + java.lang.Integer.toString(counter)) + .png)): null

2018-12-13 23:35:58 - [TEST_STEP][PASSED] - Statement - counter = counter + 1: null

2018-12-13 23:35:58 - [TEST_STEP][PASSED] - Statement - PreSaveFile = new java.io.File(((pathPrefix + java.lang.Integer.toString(counter)) + .png)): null

2018-12-13 23:35:58 - [TEST_STEP][PASSED] - Statement - counter = counter + 1: null

2018-12-13 23:35:58 - [TEST_STEP][PASSED] - Statement - PreSaveFile = new java.io.File(((pathPrefix + java.lang.Integer.toString(counter)) + .png)): null

2018-12-13 23:35:58 - [TEST_STEP][PASSED] - Statement - counter = counter + 1: null

2018-12-13 23:35:58 - [TEST_STEP][PASSED] - Statement - PreSaveFile = new java.io.File(((pathPrefix + java.lang.Integer.toString(counter)) + .png)): null

2018-12-13 23:35:58 - [TEST_STEP][PASSED] - Statement - counter = counter + 1: null

2018-12-13 23:35:58 - [TEST_STEP][PASSED] - Statement - PreSaveFile = new java.io.File(((pathPrefix + java.lang.Integer.toString(counter)) + .png)): null

2018-12-13 23:35:58 - [TEST_STEP][PASSED] - Statement - counter = counter + 1: null

2018-12-13 23:35:58 - [TEST_STEP][PASSED] - Statement - PreSaveFile = new java.io.File(((pathPrefix + java.lang.Integer.toString(counter)) + .png)): null

2018-12-13 23:35:58 - [TEST_STEP][PASSED] - Statement - counter = counter + 1: null

2018-12-13 23:35:58 - [TEST_STEP][PASSED] - Statement - PreSaveFile = new java.io.File(((pathPrefix + java.lang.Integer.toString(counter)) + .png)): null

2018-12-13 23:35:58 - [TEST_STEP][PASSED] - Statement - counter = counter + 1: null

2018-12-13 23:35:58 - [TEST_STEP][PASSED] - Statement - PreSaveFile = new java.io.File(((pathPrefix + java.lang.Integer.toString(counter)) + .png)): null

2018-12-13 23:35:58 - [TEST_STEP][PASSED] - Statement - counter = counter + 1: null

2018-12-13 23:35:58 - [TEST_STEP][PASSED] - Statement - PreSaveFile = new java.io.File(((pathPrefix + java.lang.Integer.toString(counter)) + .png)): null

2018-12-13 23:35:58 - [TEST_STEP][PASSED] - Statement - counter = counter + 1: null

2018-12-13 23:35:58 - [TEST_STEP][PASSED] - Statement - PreSaveFile = new java.io.File(((pathPrefix + java.lang.Integer.toString(counter)) + .png)): null

2018-12-13 23:35:58 - [TEST_STEP][PASSED] - Statement - counter = counter + 1: null

2018-12-13 23:35:58 - [TEST_STEP][PASSED] - Statement - PreSaveFile = new java.io.File(((pathPrefix + java.lang.Integer.toString(counter)) + .png)): null

2018-12-13 23:35:58 - [TEST_STEP][PASSED] - Statement - counter = counter + 1: null

2018-12-13 23:35:58 - [TEST_STEP][PASSED] - Statement - PreSaveFile = new java.io.File(((pathPrefix + java.lang.Integer.toString(counter)) + .png)): null

2018-12-13 23:35:58 - [TEST_STEP][PASSED] - Statement - counter = counter + 1: null

2018-12-13 23:35:58 - [TEST_STEP][PASSED] - Statement - PreSaveFile = new java.io.File(((pathPrefix + java.lang.Integer.toString(counter)) + .png)): null

2018-12-13 23:35:58 - [TEST_STEP][PASSED] - Statement - counter = counter + 1: null

2018-12-13 23:35:58 - [TEST_STEP][PASSED] - Statement - PreSaveFile = new java.io.File(((pathPrefix + java.lang.Integer.toString(counter)) + .png)): null

2018-12-13 23:35:58 - [TEST_STEP][PASSED] - Statement - counter = counter + 1: null

2018-12-13 23:35:58 - [TEST_STEP][PASSED] - Statement - PreSaveFile = new java.io.File(((pathPrefix + java.lang.Integer.toString(counter)) + .png)): null

2018-12-13 23:35:58 - [TEST_STEP][PASSED] - Statement - counter = counter + 1: null

2018-12-13 23:35:58 - [TEST_STEP][PASSED] - Statement - PreSaveFile = new java.io.File(((pathPrefix + java.lang.Integer.toString(counter)) + .png)): null

2018-12-13 23:35:58 - [TEST_STEP][PASSED] - Statement - counter = counter + 1: null

2018-12-13 23:35:58 - [TEST_STEP][PASSED] - Statement - PreSaveFile = new java.io.File(((pathPrefix + java.lang.Integer.toString(counter)) + .png)): null

2018-12-13 23:35:58 - [TEST_STEP][PASSED] - Statement - counter = counter + 1: null

2018-12-13 23:35:58 - [TEST_STEP][PASSED] - Statement - PreSaveFile = new java.io.File(((pathPrefix + java.lang.Integer.toString(counter)) + .png)): null

2018-12-13 23:35:58 - [TEST_STEP][PASSED] - Statement - counter = counter + 1: null

2018-12-13 23:35:58 - [TEST_STEP][PASSED] - Statement - PreSaveFile = new java.io.File(((pathPrefix + java.lang.Integer.toString(counter)) + .png)): null

2018-12-13 23:35:58 - [TEST_STEP][PASSED] - Statement - counter = counter + 1: null

2018-12-13 23:35:58 - [TEST_STEP][PASSED] - Statement - PreSaveFile = new java.io.File(((pathPrefix + java.lang.Integer.toString(counter)) + .png)): null

2018-12-13 23:35:58 - [TEST_STEP][PASSED] - Statement - counter = counter + 1: null

2018-12-13 23:35:58 - [TEST_STEP][PASSED] - Statement - PreSaveFile = new java.io.File(((pathPrefix + java.lang.Integer.toString(counter)) + .png)): null

2018-12-13 23:35:58 - [TEST_STEP][PASSED] - Statement - counter = counter + 1: null

2018-12-13 23:35:58 - [TEST_STEP][PASSED] - Statement - PreSaveFile = new java.io.File(((pathPrefix + java.lang.Integer.toString(counter)) + .png)): null

2018-12-13 23:35:58 - [TEST_STEP][PASSED] - Statement - counter = counter + 1: null

2018-12-13 23:35:58 - [TEST_STEP][PASSED] - Statement - PreSaveFile = new java.io.File(((pathPrefix + java.lang.Integer.toString(counter)) + .png)): null

2018-12-13 23:35:58 - [TEST_STEP][PASSED] - Statement - counter = counter + 1: null

2018-12-13 23:35:58 - [TEST_STEP][PASSED] - Statement - PreSaveFile = new java.io.File(((pathPrefix + java.lang.Integer.toString(counter)) + .png)): null

2018-12-13 23:35:58 - [TEST_STEP][PASSED] - Statement - counter = counter + 1: null

2018-12-13 23:35:58 - [TEST_STEP][PASSED] - Statement - PreSaveFile = new java.io.File(((pathPrefix + java.lang.Integer.toString(counter)) + .png)): null

2018-12-13 23:35:58 - [TEST_STEP][PASSED] - Statement - counter = counter + 1: null

2018-12-13 23:35:58 - [TEST_STEP][PASSED] - Statement - PreSaveFile = new java.io.File(((pathPrefix + java.lang.Integer.toString(counter)) + .png)): null

2018-12-13 23:35:58 - [TEST_STEP][PASSED] - Statement - counter = counter + 1: null

2018-12-13 23:35:58 - [TEST_STEP][PASSED] - Statement - PreSaveFile = new java.io.File(((pathPrefix + java.lang.Integer.toString(counter)) + .png)): null

2018-12-13 23:35:58 - [TEST_STEP][PASSED] - Statement - counter = counter + 1: null

2018-12-13 23:35:58 - [TEST_STEP][PASSED] - Statement - PreSaveFile = new java.io.File(((pathPrefix + java.lang.Integer.toString(counter)) + .png)): null

2018-12-13 23:35:58 - [TEST_STEP][PASSED] - Statement - counter = counter + 1: null

2018-12-13 23:35:58 - [TEST_STEP][PASSED] - Statement - PreSaveFile = new java.io.File(((pathPrefix + java.lang.Integer.toString(counter)) + .png)): null

2018-12-13 23:35:58 - [TEST_STEP][PASSED] - Statement - counter = counter + 1: null

2018-12-13 23:35:58 - [TEST_STEP][PASSED] - Statement - PreSaveFile = new java.io.File(((pathPrefix + java.lang.Integer.toString(counter)) + .png)): null

2018-12-13 23:35:58 - [TEST_STEP][PASSED] - Statement - counter = counter + 1: null

2018-12-13 23:35:58 - [TEST_STEP][PASSED] - Statement - PreSaveFile = new java.io.File(((pathPrefix + java.lang.Integer.toString(counter)) + .png)): null

2018-12-13 23:35:58 - [TEST_STEP][PASSED] - Statement - counter = counter + 1: null

2018-12-13 23:35:58 - [TEST_STEP][PASSED] - Statement - PreSaveFile = new java.io.File(((pathPrefix + java.lang.Integer.toString(counter)) + .png)): null

2018-12-13 23:35:58 - [TEST_STEP][PASSED] - Statement - counter = counter + 1: null

2018-12-13 23:35:58 - [TEST_STEP][PASSED] - Statement - PreSaveFile = new java.io.File(((pathPrefix + java.lang.Integer.toString(counter)) + .png)): null

2018-12-13 23:35:58 - [TEST_STEP][PASSED] - Statement - counter = counter + 1: null

2018-12-13 23:35:58 - [TEST_STEP][PASSED] - Statement - PreSaveFile = new java.io.File(((pathPrefix + java.lang.Integer.toString(counter)) + .png)): null

2018-12-13 23:35:58 - [TEST_STEP][PASSED] - Statement - counter = counter + 1: null

2018-12-13 23:35:58 - [TEST_STEP][PASSED] - Statement - PreSaveFile = new java.io.File(((pathPrefix + java.lang.Integer.toString(counter)) + .png)): null

2018-12-13 23:35:58 - [TEST_STEP][PASSED] - Statement - counter = counter + 1: null

2018-12-13 23:35:58 - [TEST_STEP][PASSED] - Statement - PreSaveFile = new java.io.File(((pathPrefix + java.lang.Integer.toString(counter)) + .png)): null

2018-12-13 23:35:58 - [TEST_STEP][PASSED] - Statement - counter = counter + 1: null

2018-12-13 23:35:58 - [TEST_STEP][PASSED] - Statement - PreSaveFile = new java.io.File(((pathPrefix + java.lang.Integer.toString(counter)) + .png)): null

2018-12-13 23:35:58 - [TEST_STEP][PASSED] - Statement - counter = counter + 1: null

2018-12-13 23:35:58 - [TEST_STEP][PASSED] - Statement - PreSaveFile = new java.io.File(((pathPrefix + java.lang.Integer.toString(counter)) + .png)): null

2018-12-13 23:35:58 - [TEST_STEP][PASSED] - Statement - counter = counter + 1: null

2018-12-13 23:35:58 - [TEST_STEP][PASSED] - Statement - PreSaveFile = new java.io.File(((pathPrefix + java.lang.Integer.toString(counter)) + .png)): null

2018-12-13 23:35:58 - [TEST_STEP][PASSED] - Statement - counter = counter + 1: null

2018-12-13 23:35:58 - [TEST_STEP][PASSED] - Statement - PreSaveFile = new java.io.File(((pathPrefix + java.lang.Integer.toString(counter)) + .png)): null

2018-12-13 23:35:58 - [TEST_STEP][PASSED] - Statement - counter = counter + 1: null

2018-12-13 23:35:58 - [TEST_STEP][PASSED] - Statement - PreSaveFile = new java.io.File(((pathPrefix + java.lang.Integer.toString(counter)) + .png)): null

2018-12-13 23:35:58 - [TEST_STEP][PASSED] - Statement - counter = counter + 1: null

2018-12-13 23:35:58 - [TEST_STEP][PASSED] - Statement - PreSaveFile = new java.io.File(((pathPrefix + java.lang.Integer.toString(counter)) + .png)): null

2018-12-13 23:35:58 - [TEST_STEP][PASSED] - Statement - counter = counter + 1: null

2018-12-13 23:35:58 - [TEST_STEP][PASSED] - Statement - PreSaveFile = new java.io.File(((pathPrefix + java.lang.Integer.toString(counter)) + .png)): null

2018-12-13 23:35:58 - [TEST_STEP][PASSED] - Statement - counter = counter + 1: null

2018-12-13 23:35:58 - [TEST_STEP][PASSED] - Statement - PreSaveFile = new java.io.File(((pathPrefix + java.lang.Integer.toString(counter)) + .png)): null

2018-12-13 23:35:58 - [TEST_STEP][PASSED] - Statement - counter = counter + 1: null

2018-12-13 23:35:58 - [TEST_STEP][PASSED] - Statement - PreSaveFile = new java.io.File(((pathPrefix + java.lang.Integer.toString(counter)) + .png)): null

2018-12-13 23:35:58 - [TEST_STEP][PASSED] - Statement - counter = counter + 1: null

2018-12-13 23:35:58 - [TEST_STEP][PASSED] - Statement - PreSaveFile = new java.io.File(((pathPrefix + java.lang.Integer.toString(counter)) + .png)): null

2018-12-13 23:35:58 - [TEST_STEP][PASSED] - Statement - counter = counter + 1: null

2018-12-13 23:35:58 - [TEST_STEP][PASSED] - Statement - PreSaveFile = new java.io.File(((pathPrefix + java.lang.Integer.toString(counter)) + .png)): null

2018-12-13 23:35:58 - [TEST_STEP][PASSED] - Statement - counter = counter + 1: null

2018-12-13 23:35:58 - [TEST_STEP][PASSED] - Statement - PreSaveFile = new java.io.File(((pathPrefix + java.lang.Integer.toString(counter)) + .png)): null

2018-12-13 23:35:58 - [TEST_STEP][PASSED] - Statement - counter = counter + 1: null

2018-12-13 23:35:58 - [TEST_STEP][PASSED] - Statement - PreSaveFile = new java.io.File(((pathPrefix + java.lang.Integer.toString(counter)) + .png)): null

2018-12-13 23:35:58 - [TEST_STEP][PASSED] - Statement - counter = counter + 1: null

2018-12-13 23:35:58 - [TEST_STEP][PASSED] - Statement - PreSaveFile = new java.io.File(((pathPrefix + java.lang.Integer.toString(counter)) + .png)): null

2018-12-13 23:35:58 - [TEST_STEP][PASSED] - Statement - counter = counter + 1: null

2018-12-13 23:35:58 - [TEST_STEP][PASSED] - Statement - PreSaveFile = new java.io.File(((pathPrefix + java.lang.Integer.toString(counter)) + .png)): null

2018-12-13 23:35:58 - [TEST_STEP][PASSED] - Statement - counter = counter + 1: null

2018-12-13 23:35:58 - [TEST_STEP][PASSED] - Statement - PreSaveFile = new java.io.File(((pathPrefix + java.lang.Integer.toString(counter)) + .png)): null

2018-12-13 23:35:58 - [TEST_STEP][PASSED] - Statement - counter = counter + 1: null

2018-12-13 23:35:58 - [TEST_STEP][PASSED] - Statement - PreSaveFile = new java.io.File(((pathPrefix + java.lang.Integer.toString(counter)) + .png)): null

2018-12-13 23:35:58 - [TEST_STEP][PASSED] - Statement - counter = counter + 1: null

2018-12-13 23:35:58 - [TEST_STEP][PASSED] - Statement - PreSaveFile = new java.io.File(((pathPrefix + java.lang.Integer.toString(counter)) + .png)): null

2018-12-13 23:35:58 - [TEST_STEP][PASSED] - Statement - counter = counter + 1: null

2018-12-13 23:35:58 - [TEST_STEP][PASSED] - Statement - PreSaveFile = new java.io.File(((pathPrefix + java.lang.Integer.toString(counter)) + .png)): null

2018-12-13 23:35:58 - [TEST_STEP][PASSED] - Statement - counter = counter + 1: null

2018-12-13 23:35:58 - [TEST_STEP][PASSED] - Statement - PreSaveFile = new java.io.File(((pathPrefix + java.lang.Integer.toString(counter)) + .png)): null

2018-12-13 23:35:58 - [TEST_STEP][PASSED] - Statement - counter = counter + 1: null

2018-12-13 23:35:58 - [TEST_STEP][PASSED] - Statement - PreSaveFile = new java.io.File(((pathPrefix + java.lang.Integer.toString(counter)) + .png)): null

2018-12-13 23:35:58 - [TEST_STEP][PASSED] - Statement - counter = counter + 1: null

2018-12-13 23:35:58 - [TEST_STEP][PASSED] - Statement - PreSaveFile = new java.io.File(((pathPrefix + java.lang.Integer.toString(counter)) + .png)): null

2018-12-13 23:35:58 - [TEST_STEP][PASSED] - Statement - counter = counter + 1: null

2018-12-13 23:35:58 - [TEST_STEP][PASSED] - Statement - PreSaveFile = new java.io.File(((pathPrefix + java.lang.Integer.toString(counter)) + .png)): null

2018-12-13 23:35:58 - [TEST_STEP][PASSED] - Statement - counter = counter + 1: null

2018-12-13 23:35:58 - [TEST_STEP][PASSED] - Statement - PreSaveFile = new java.io.File(((pathPrefix + java.lang.Integer.toString(counter)) + .png)): null

2018-12-13 23:35:58 - [TEST_STEP][PASSED] - Statement - counter = counter + 1: null

2018-12-13 23:35:58 - [TEST_STEP][PASSED] - Statement - PreSaveFile = new java.io.File(((pathPrefix + java.lang.Integer.toString(counter)) + .png)): null

2018-12-13 23:35:58 - [TEST_STEP][PASSED] - Statement - counter = counter + 1: null

2018-12-13 23:35:58 - [TEST_STEP][PASSED] - Statement - PreSaveFile = new java.io.File(((pathPrefix + java.lang.Integer.toString(counter)) + .png)): null

2018-12-13 23:35:58 - [TEST_STEP][PASSED] - Statement - counter = counter + 1: null

2018-12-13 23:35:58 - [TEST_STEP][PASSED] - Statement - PreSaveFile = new java.io.File(((pathPrefix + java.lang.Integer.toString(counter)) + .png)): null

2018-12-13 23:35:58 - [TEST_STEP][PASSED] - Statement - counter = counter + 1: null

2018-12-13 23:35:58 - [TEST_STEP][PASSED] - Statement - PreSaveFile = new java.io.File(((pathPrefix + java.lang.Integer.toString(counter)) + .png)): null

2018-12-13 23:35:58 - [TEST_STEP][PASSED] - Statement - counter = counter + 1: null

2018-12-13 23:35:58 - [TEST_STEP][PASSED] - Statement - PreSaveFile = new java.io.File(((pathPrefix + java.lang.Integer.toString(counter)) + .png)): null

2018-12-13 23:35:58 - [TEST_STEP][PASSED] - Statement - counter = counter + 1: null

2018-12-13 23:35:58 - [TEST_STEP][PASSED] - Statement - PreSaveFile = new java.io.File(((pathPrefix + java.lang.Integer.toString(counter)) + .png)): null

2018-12-13 23:35:58 - [TEST_STEP][PASSED] - Statement - counter = counter + 1: null

2018-12-13 23:35:58 - [TEST_STEP][PASSED] - Statement - PreSaveFile = new java.io.File(((pathPrefix + java.lang.Integer.toString(counter)) + .png)): null

2018-12-13 23:35:58 - [TEST_STEP][PASSED] - Statement - counter = counter + 1: null

2018-12-13 23:35:58 - [TEST_STEP][PASSED] - Statement - PreSaveFile = new java.io.File(((pathPrefix + java.lang.Integer.toString(counter)) + .png)): null

2018-12-13 23:35:58 - [TEST_STEP][PASSED] - Statement - counter = counter + 1: null

2018-12-13 23:35:58 - [TEST_STEP][PASSED] - Statement - PreSaveFile = new java.io.File(((pathPrefix + java.lang.Integer.toString(counter)) + .png)): null

2018-12-13 23:35:58 - [TEST_STEP][PASSED] - Statement - counter = counter + 1: null

2018-12-13 23:35:58 - [TEST_STEP][PASSED] - Statement - PreSaveFile = new java.io.File(((pathPrefix + java.lang.Integer.toString(counter)) + .png)): null

2018-12-13 23:35:58 - [TEST_STEP][PASSED] - Statement - counter = counter + 1: null

2018-12-13 23:35:58 - [TEST_STEP][PASSED] - Statement - PreSaveFile = new java.io.File(((pathPrefix + java.lang.Integer.toString(counter)) + .png)): null

2018-12-13 23:35:58 - [TEST_STEP][PASSED] - Statement - counter = counter + 1: null

2018-12-13 23:35:58 - [TEST_STEP][PASSED] - Statement - PreSaveFile = new java.io.File(((pathPrefix + java.lang.Integer.toString(counter)) + .png)): null

2018-12-13 23:35:58 - [TEST_STEP][PASSED] - Statement - counter = counter + 1: null

2018-12-13 23:35:58 - [TEST_STEP][PASSED] - Statement - PreSaveFile = new java.io.File(((pathPrefix + java.lang.Integer.toString(counter)) + .png)): null

2018-12-13 23:35:58 - [TEST_STEP][PASSED] - Statement - counter = counter + 1: null

2018-12-13 23:35:58 - [TEST_STEP][PASSED] - Statement - PreSaveFile = new java.io.File(((pathPrefix + java.lang.Integer.toString(counter)) + .png)): null

2018-12-13 23:35:58 - [TEST_STEP][PASSED] - Statement - counter = counter + 1: null

2018-12-13 23:35:58 - [TEST_STEP][PASSED] - Statement - PreSaveFile = new java.io.File(((pathPrefix + java.lang.Integer.toString(counter)) + .png)): null

2018-12-13 23:35:58 - [TEST_STEP][PASSED] - Statement - counter = counter + 1: null

2018-12-13 23:35:58 - [TEST_STEP][PASSED] - Statement - PreSaveFile = new java.io.File(((pathPrefix + java.lang.Integer.toString(counter)) + .png)): null

2018-12-13 23:35:58 - [TEST_STEP][PASSED] - Statement - counter = counter + 1: null

2018-12-13 23:35:58 - [TEST_STEP][PASSED] - Statement - PreSaveFile = new java.io.File(((pathPrefix + java.lang.Integer.toString(counter)) + .png)): null

2018-12-13 23:35:58 - [TEST_STEP][PASSED] - Statement - counter = counter + 1: null

2018-12-13 23:35:58 - [TEST_STEP][PASSED] - Statement - PreSaveFile = new java.io.File(((pathPrefix + java.lang.Integer.toString(counter)) + .png)): null

2018-12-13 23:35:58 - [TEST_STEP][PASSED] - Statement - counter = counter + 1: null

2018-12-13 23:35:58 - [TEST_STEP][PASSED] - Statement - PreSaveFile = new java.io.File(((pathPrefix + java.lang.Integer.toString(counter)) + .png)): null

2018-12-13 23:35:58 - [TEST_STEP][PASSED] - Statement - counter = counter + 1: null

2018-12-13 23:35:58 - [TEST_STEP][PASSED] - Statement - PreSaveFile = new java.io.File(((pathPrefix + java.lang.Integer.toString(counter)) + .png)): null

2018-12-13 23:35:58 - [TEST_STEP][PASSED] - Statement - counter = counter + 1: null

2018-12-13 23:35:58 - [TEST_STEP][PASSED] - Statement - PreSaveFile = new java.io.File(((pathPrefix + java.lang.Integer.toString(counter)) + .png)): null

2018-12-13 23:35:58 - [TEST_STEP][PASSED] - Statement - finalPath = pathPrefix + java.lang.Integer.toString(counter) + ".png": null

2018-12-13 23:35:58 - [TEST_STEP][PASSED] - Statement - SaveFile = new java.io.File(finalPath): null

2018-12-13 23:35:58 - [TEST_STEP][PASSED] - Statement - Try: null

2018-12-13 23:35:58 - [TEST_STEP][PASSED] - Statement - org.apache.commons.io.FileUtils.copyFile(scrFile, SaveFile): null

2018-12-13 23:35:58 - [TEST_STEP][PASSED] - Statement - out.println("file kept"): null

2018-12-13 23:35:58 - [TEST_STEP][PASSED] - delay: Delayed 10 second(s)

2018-12-13 23:36:08 - [MESSAGE][PASSED] - Delayed 10 second(s)

2018-12-13 23:36:08 - [MESSAGE][PASSED] - Call Test Case 'Test Cases/Final Aug 2018 - PKS Automation/Registration Module/New Registration/Submit and Screenshot/Submit Registration and Screenshot' successfully

2018-12-13 23:36:08 - [TEST_STEP][PASSED] - callTestCase: Call Test Case 'Test Cases/Final Aug 2018 - PKS Automation/Registration Module/Log Out/log out avoiding katalon tagging' successfully

2018-12-13 23:36:08 - [TEST_CASE][PASSED] - Test Cases/Final Aug 2018 - PKS Automation/Registration Module/Log Out/log out avoiding katalon tagging: Test Cases/Final Aug 2018 - PKS Automation/Registration Module/Log Out/log out avoiding katalon tagging

2018-12-13 23:36:08 - [TEST_STEP][PASSED] - navigateToUrl: Navigate to 'https://assist2-uat.perkeso.gov.my/c/portal/logout' successfully

2018-12-13 23:36:09 - [MESSAGE][PASSED] - Navigate to 'https://assist2-uat.perkeso.gov.my/c/portal/logout' successfully

2018-12-13 23:36:09 - [MESSAGE][PASSED] - Call Test Case 'Test Cases/Final Aug 2018 - PKS Automation/Registration Module/Log Out/log out avoiding katalon tagging' successfully

2018-12-13 23:36:09 - [TEST_STEP][PASSED] - callTestCase: Call Test Case 'Test Cases/Final Aug 2018 - PKS Automation/Common/Workflow Owner Finder' successfully

2018-12-13 23:36:09 - [TEST_CASE][PASSED] - Test Cases/Final Aug 2018 - PKS Automation/Common/Workflow Owner Finder: Test Cases/Final Aug 2018 - PKS Automation/Common/Workflow Owner Finder

2018-12-13 23:36:09 - [TEST_STEP][PASSED] - openBrowser: Browser is opened with url: ''

2018-12-13 23:36:09 - [MESSAGE][WARNING] - A browser is already opened. Closing browser and opening a new one

2018-12-13 23:36:13 - [MESSAGE][PASSED] - Browser is opened with url: ''

2018-12-13 23:36:13 - [TEST_STEP][PASSED] - navigateToUrl: Navigate to 'https://assist2-uat.perkeso.gov.my/login' successfully

2018-12-13 23:36:14 - [MESSAGE][PASSED] - Navigate to 'https://assist2-uat.perkeso.gov.my/login' successfully

2018-12-13 23:36:14 - [TEST_STEP][PASSED] - delay: Delayed 5 second(s)

2018-12-13 23:36:19 - [MESSAGE][PASSED] - Delayed 5 second(s)

2018-12-13 23:36:19 - [TEST_STEP][PASSED] - setText: Text 'test@liferay.com' is set on object 'Object Repository/Final Object Repo/Login Page/Internal User/Email Address'

2018-12-13 23:36:19 - [MESSAGE][PASSED] - Text 'test@liferay.com' is set on object 'Object Repository/Final Object Repo/Login Page/Internal User/Email Address'

2018-12-13 23:36:19 - [TEST_STEP][PASSED] - click: Object: 'Object Repository/Final Object Repo/Login Page/Internal User/Next Button' is clicked on

2018-12-13 23:36:19 - [MESSAGE][PASSED] - Object: 'Object Repository/Final Object Repo/Login Page/Internal User/Next Button' is clicked on

2018-12-13 23:36:19 - [TEST_STEP][PASSED] - delay: Delayed 2 second(s)

2018-12-13 23:36:21 - [MESSAGE][PASSED] - Delayed 2 second(s)

2018-12-13 23:36:21 - [TEST_STEP][PASSED] - setText: Text 'test' is set on object 'Object Repository/Final Object Repo/Login Page/Internal User/Password'

2018-12-13 23:36:22 - [MESSAGE][PASSED] - Text 'test' is set on object 'Object Repository/Final Object Repo/Login Page/Internal User/Password'

2018-12-13 23:36:22 - [TEST_STEP][PASSED] - delay: Delayed 2 second(s)

2018-12-13 23:36:24 - [MESSAGE][PASSED] - Delayed 2 second(s)

2018-12-13 23:36:24 - [TEST_STEP][PASSED] - click: Object: 'Object Repository/Final Object Repo/Login Page/Internal User/Login Button' is clicked on

2018-12-13 23:36:24 - [MESSAGE][PASSED] - Object: 'Object Repository/Final Object Repo/Login Page/Internal User/Login Button' is clicked on

2018-12-13 23:36:24 - [TEST_STEP][PASSED] - Statement - tester = com.kms.katalon.core.testobject.ObjectRepository.findTestObject(Final Object Repo/Landing Page/Select to English): Finding Test Object with id 'Object Repository/Final Object Repo/Landing Page/Select to English'

2018-12-13 23:36:24 - [TEST_STEP][PASSED] - Statement - Try: Delayed 2 second(s)

2018-12-13 23:36:24 - [TEST_STEP][PASSED] - Statement - Checker = com.kms.katalon.core.webui.keyword.WebUiBuiltInKeywords.verifyElementNotPresent(tester, 3): Web element with id: 'Object Repository/Final Object Repo/Landing Page/Select to English' located by 'By.xpath: //a[@class = 'taglib-language-list-text' and @lang = 'en-US' and (contains(text(), 'EN') or contains(., 'EN'))]' is not present after '3' second(s)

2018-12-13 23:36:26 - [MESSAGE][PASSED] - Web element with id: 'Object Repository/Final Object Repo/Landing Page/Select to English' located by 'By.xpath: //a[@class = 'taglib-language-list-text' and @lang = 'en-US' and (contains(text(), 'EN') or contains(., 'EN'))]' is not present after '3' second(s)

2018-12-13 23:36:26 - [TEST_STEP][PASSED] - Statement - If (Checker == false): null

2018-12-13 23:36:26 - [TEST_STEP][PASSED] - delay: Delayed 2 second(s)

2018-12-13 23:36:28 - [MESSAGE][PASSED] - Delayed 2 second(s)

2018-12-13 23:36:28 - [TEST_STEP][PASSED] - delay: Delayed 5 second(s)

2018-12-13 23:36:33 - [MESSAGE][PASSED] - Delayed 5 second(s)

2018-12-13 23:36:33 - [TEST_STEP][PASSED] - mouseOver: Object: 'Object Repository/Final Object Repo/Landing Page/WorkFlow Menu' is hovered

2018-12-13 23:36:33 - [MESSAGE][PASSED] - Object: 'Object Repository/Final Object Repo/Landing Page/WorkFlow Menu' is hovered

2018-12-13 23:36:33 - [TEST_STEP][PASSED] - delay: Delayed 2 second(s)

2018-12-13 23:36:35 - [MESSAGE][PASSED] - Delayed 2 second(s)

2018-12-13 23:36:35 - [TEST_STEP][PASSED] - click: Object: 'Object Repository/Final Object Repo/Landing Page/Select to Workflow Listing' is clicked on

2018-12-13 23:36:36 - [MESSAGE][PASSED] - Object: 'Object Repository/Final Object Repo/Landing Page/Select to Workflow Listing' is clicked on

2018-12-13 23:36:36 - [TEST_STEP][PASSED] - delay: Delayed 2 second(s)

2018-12-13 23:36:38 - [MESSAGE][PASSED] - Delayed 2 second(s)

2018-12-13 23:36:38 - [TEST_STEP][PASSED] - click: Object: 'Object Repository/Final Object Repo/WorkFlow Listing Page/Search Information - To Put Ref No' is clicked on

2018-12-13 23:36:38 - [MESSAGE][PASSED] - Object: 'Object Repository/Final Object Repo/WorkFlow Listing Page/Search Information - To Put Ref No' is clicked on

2018-12-13 23:36:38 - [TEST_STEP][PASSED] - delay: Delayed 2 second(s)

2018-12-13 23:36:40 - [MESSAGE][PASSED] - Delayed 2 second(s)

2018-12-13 23:36:40 - [TEST_STEP][PASSED] - callTestCase: Call Test Case 'Test Cases/Final Aug 2018 - PKS Automation/Common/Reference Number Getter' successfully

2018-12-13 23:36:40 - [TEST_CASE][PASSED] - Test Cases/Final Aug 2018 - PKS Automation/Common/Reference Number Getter: Test Cases/Final Aug 2018 - PKS Automation/Common/Reference Number Getter

2018-12-13 23:36:40 - [TEST_STEP][PASSED] - Statement - Try: null

2018-12-13 23:36:40 - [TEST_STEP][PASSED] - Statement - RefNo = new java.io.File(C://Users//Admin//Desktop//PKS//Automation Reference Point//KatalonReference.txt): null

2018-12-13 23:36:40 - [TEST_STEP][PASSED] - Statement - bufferread = new java.io.BufferedReader(new java.io.FileReader(RefNo)): null

2018-12-13 23:36:40 - [TEST_STEP][PASSED] - Statement - readedVal = bufferread.readLine(): null

2018-12-13 23:36:40 - [TEST_STEP][PASSED] - Statement - out.println(CaseReferenceNo): null

2018-12-13 23:36:40 - [TEST_STEP][PASSED] - Statement - out.println(readedVal): null

2018-12-13 23:36:40 - [TEST_STEP][PASSED] - Statement - CaseReferenceNo = "": null

2018-12-13 23:36:40 - [TEST_STEP][PASSED] - Statement - CaseReferenceNo = readedVal: null

2018-12-13 23:36:40 - [MESSAGE][PASSED] - Call Test Case 'Test Cases/Final Aug 2018 - PKS Automation/Common/Reference Number Getter' successfully

2018-12-13 23:36:40 - [TEST_STEP][PASSED] - setText: Text 'CRN12201800123318' is set on object 'Object Repository/Final Object Repo/WorkFlow Listing Page/Ref No Set Text'

2018-12-13 23:36:40 - [MESSAGE][PASSED] - Text 'CRN12201800123318' is set on object 'Object Repository/Final Object Repo/WorkFlow Listing Page/Ref No Set Text'

2018-12-13 23:36:40 - [TEST_STEP][PASSED] - delay: Delayed 2 second(s)

2018-12-13 23:36:42 - [MESSAGE][PASSED] - Delayed 2 second(s)

2018-12-13 23:36:42 - [TEST_STEP][PASSED] - click: Object: 'Object Repository/Final Object Repo/WorkFlow Listing Page/Search Ref No Search Button' is clicked on

2018-12-13 23:36:42 - [MESSAGE][PASSED] - Object: 'Object Repository/Final Object Repo/WorkFlow Listing Page/Search Ref No Search Button' is clicked on

2018-12-13 23:36:42 - [TEST_STEP][PASSED] - delay: Delayed 6 second(s)

2018-12-13 23:36:48 - [MESSAGE][PASSED] - Delayed 6 second(s)

2018-12-13 23:36:48 - [TEST_STEP][PASSED] - click: Object: 'Object Repository/Final Object Repo/WorkFlow Listing Page/Click Continue Tooltip' is clicked on

2018-12-13 23:36:49 - [MESSAGE][PASSED] - Object: 'Object Repository/Final Object Repo/WorkFlow Listing Page/Click Continue Tooltip' is clicked on

2018-12-13 23:36:49 - [TEST_STEP][PASSED] - delay: Delayed 5 second(s)

2018-12-13 23:36:54 - [MESSAGE][PASSED] - Delayed 5 second(s)

2018-12-13 23:36:54 - [TEST_STEP][PASSED] - doubleClick: Object: 'Object Repository/Final Object Repo/WorkFlow Listing Page/Workflow Found - Listing 1' is double clicked on

2018-12-13 23:36:55 - [MESSAGE][PASSED] - Object: 'Object Repository/Final Object Repo/WorkFlow Listing Page/Workflow Found - Listing 1' is double clicked on

2018-12-13 23:36:55 - [TEST_STEP][PASSED] - Statement - println(OwnerID): null

2018-12-13 23:36:55 - [TEST_STEP][PASSED] - Statement - OwnerID = com.kms.katalon.core.webui.keyword.WebUiBuiltInKeywords.getText(com.kms.katalon.core.testobject.ObjectRepository.findTestObject(Final Object Repo/WorkFlow Listing Page/Workflow Found - Listing 1), STOP_ON_FAILURE): Text of object 'Object Repository/Final Object Repo/WorkFlow Listing Page/Workflow Found - Listing 1' is: 'JOHORro1'

2018-12-13 23:36:55 - [MESSAGE][PASSED] - Text of object 'Object Repository/Final Object Repo/WorkFlow Listing Page/Workflow Found - Listing 1' is: 'JOHORro1'

2018-12-13 23:36:55 - [TEST_STEP][PASSED] - Statement - OwnerID = OwnerID.toLowerCase() + "@gmail.com": null

2018-12-13 23:36:55 - [TEST_STEP][PASSED] - Statement - println(OwnerID): null

2018-12-13 23:36:55 - [TEST_STEP][PASSED] - delay: Delayed 2 second(s)

2018-12-13 23:36:57 - [MESSAGE][PASSED] - Delayed 2 second(s)

2018-12-13 23:36:57 - [MESSAGE][PASSED] - Call Test Case 'Test Cases/Final Aug 2018 - PKS Automation/Common/Workflow Owner Finder' successfully

2018-12-13 23:36:57 - [TEST_STEP][PASSED] - callTestCase: Call Test Case 'Test Cases/Final Aug 2018 - PKS Automation/Registration Module/Log Out/log out avoiding katalon tagging' successfully

2018-12-13 23:36:57 - [TEST_CASE][PASSED] - Test Cases/Final Aug 2018 - PKS Automation/Registration Module/Log Out/log out avoiding katalon tagging: Test Cases/Final Aug 2018 - PKS Automation/Registration Module/Log Out/log out avoiding katalon tagging

2018-12-13 23:36:57 - [TEST_STEP][PASSED] - navigateToUrl: Navigate to 'https://assist2-uat.perkeso.gov.my/c/portal/logout' successfully

2018-12-13 23:36:57 - [MESSAGE][PASSED] - Navigate to 'https://assist2-uat.perkeso.gov.my/c/portal/logout' successfully

2018-12-13 23:36:57 - [MESSAGE][PASSED] - Call Test Case 'Test Cases/Final Aug 2018 - PKS Automation/Registration Module/Log Out/log out avoiding katalon tagging' successfully

2018-12-13 23:36:57 - [TEST_STEP][PASSED] - delay: Delayed 2 second(s)

2018-12-13 23:36:59 - [MESSAGE][PASSED] - Delayed 2 second(s)

2018-12-13 23:36:59 - [TEST_STEP][PASSED] - setText: Text 'johorro1@gmail.com' is set on object 'Object Repository/Final Object Repo/New Registration - Registration Module Pages/New Reg - OTC to RO/Special Case - All Related Objects/Email TextBox'

2018-12-13 23:37:00 - [MESSAGE][PASSED] - Text 'johorro1@gmail.com' is set on object 'Object Repository/Final Object Repo/New Registration - Registration Module Pages/New Reg - OTC to RO/Special Case - All Related Objects/Email TextBox'

2018-12-13 23:37:00 - [TEST_STEP][PASSED] - click: Object: 'Object Repository/Final Object Repo/New Registration - Registration Module Pages/New Reg - OTC to RO/Special Case - All Related Objects/Next Button' is clicked on

2018-12-13 23:37:00 - [MESSAGE][PASSED] - Object: 'Object Repository/Final Object Repo/New Registration - Registration Module Pages/New Reg - OTC to RO/Special Case - All Related Objects/Next Button' is clicked on

2018-12-13 23:37:00 - [TEST_STEP][PASSED] - delay: Delayed 2 second(s)

2018-12-13 23:37:02 - [MESSAGE][PASSED] - Delayed 2 second(s)

2018-12-13 23:37:02 - [TEST_STEP][PASSED] - setText: Text 'Test1@3456789' is set on object 'Object Repository/Final Object Repo/New Registration - Registration Module Pages/New Reg - OTC to RO/Special Case - All Related Objects/Password TextBox'

2018-12-13 23:37:02 - [MESSAGE][PASSED] - Text 'Test1@3456789' is set on object 'Object Repository/Final Object Repo/New Registration - Registration Module Pages/New Reg - OTC to RO/Special Case - All Related Objects/Password TextBox'

2018-12-13 23:37:02 - [TEST_STEP][PASSED] - delay: Delayed 2 second(s)

2018-12-13 23:37:04 - [MESSAGE][PASSED] - Delayed 2 second(s)

2018-12-13 23:37:04 - [TEST_STEP][PASSED] - click: Object: 'Object Repository/Final Object Repo/New Registration - Registration Module Pages/New Reg - OTC to RO/Special Case - All Related Objects/Login Button' is clicked on

2018-12-13 23:37:04 - [MESSAGE][PASSED] - Object: 'Object Repository/Final Object Repo/New Registration - Registration Module Pages/New Reg - OTC to RO/Special Case - All Related Objects/Login Button' is clicked on

2018-12-13 23:37:04 - [TEST_STEP][PASSED] - delay: Delayed 2 second(s)

2018-12-13 23:37:06 - [MESSAGE][PASSED] - Delayed 2 second(s)

2018-12-13 23:37:06 - [TEST_STEP][PASSED] - Statement - Try: null

2018-12-13 23:37:06 - [TEST_STEP][PASSED] - Statement - Checker = com.kms.katalon.core.webui.keyword.WebUiBuiltInKeywords.verifyElementNotPresent("Final Object Repo/Landing Page/Select to English", 3): null

2018-12-13 23:37:06 - [TEST_STEP][PASSED] - Statement - Catch (Exception e): null

2018-12-13 23:37:06 - [TEST_STEP][PASSED] - Statement - e.printStackTrace(): null

2018-12-13 23:37:06 - [TEST_STEP][PASSED] - click: Object: 'Object Repository/Final Object Repo/New Registration - Registration Module Pages/New Reg - OTC to RO/Special Case - All Related Objects/Expand to Search' is clicked on

2018-12-13 23:37:07 - [MESSAGE][PASSED] - Object: 'Object Repository/Final Object Repo/New Registration - Registration Module Pages/New Reg - OTC to RO/Special Case - All Related Objects/Expand to Search' is clicked on

2018-12-13 23:37:07 - [TEST_STEP][FAILED] - setText: Unable to set text 'CRN12201800123318' of object 'Object Repository/Final Object Repo/New Registration - Registration Module Pages/New Reg - OTC to RO/Special Case - All Related Objects/TextBox RefNo in Workbasket' (Root cause: org.openqa.selenium.ElementNotVisibleException: element not interactable
  (Session info: chrome=70.0.3538.110)
  (Driver info: chromedriver=2.43.600210 (68dcf5eebde37173d4027fa8635e332711d2874a),platform=Windows NT 6.1.7601 SP1 x86_64) (WARNING: The server did not provide any stacktrace information)
Command duration or timeout: 0 milliseconds
Build info: version: '3.7.1', revision: '8a0099a', time: '2017-11-06T21:07:36.161Z'
System info: host: 'WIN7TEST02', ip: '10.20.3.72', os.name: 'Windows 7', os.arch: 'amd64', os.version: '6.1', java.version: '1.8.0_181'
Driver info: com.kms.katalon.selenium.driver.CChromeDriver
Capabilities {acceptInsecureCerts: false, acceptSslCerts: false, applicationCacheEnabled: false, browserConnectionEnabled: false, browserName: chrome, chrome: {chromedriverVersion: 2.43.600210 (68dcf5eebde371..., userDataDir: C:\Users\Admin\AppData\Loca...}, cssSelectorsEnabled: true, databaseEnabled: false, goog:chromeOptions: {debuggerAddress: localhost:62110}, handlesAlerts: true, hasTouchScreen: false, javascriptEnabled: true, locationContextEnabled: true, mobileEmulationEnabled: false, nativeEvents: true, networkConnectionEnabled: false, pageLoadStrategy: normal, platform: XP, platformName: XP, rotatable: false, setWindowRect: true, takesHeapSnapshot: true, takesScreenshot: true, unexpectedAlertBehaviour: , unhandledPromptBehavior: , version: 70.0.3538.110, webStorageEnabled: true}
Session ID: 25a3e655fd0dbc0b01edcd3c08c1500c)

2018-12-13 23:37:07 - [MESSAGE][FAILED] - Unable to set text 'CRN12201800123318' of object 'Object Repository/Final Object Repo/New Registration - Registration Module Pages/New Reg - OTC to RO/Special Case - All Related Objects/TextBox RefNo in Workbasket' (Root cause: org.openqa.selenium.ElementNotVisibleException: element not interactable
  (Session info: chrome=70.0.3538.110)
  (Driver info: chromedriver=2.43.600210 (68dcf5eebde37173d4027fa8635e332711d2874a),platform=Windows NT 6.1.7601 SP1 x86_64) (WARNING: The server did not provide any stacktrace information)
Command duration or timeout: 0 milliseconds
Build info: version: '3.7.1', revision: '8a0099a', time: '2017-11-06T21:07:36.161Z'
System info: host: 'WIN7TEST02', ip: '10.20.3.72', os.name: 'Windows 7', os.arch: 'amd64', os.version: '6.1', java.version: '1.8.0_181'
Driver info: com.kms.katalon.selenium.driver.CChromeDriver
Capabilities {acceptInsecureCerts: false, acceptSslCerts: false, applicationCacheEnabled: false, browserConnectionEnabled: false, browserName: chrome, chrome: {chromedriverVersion: 2.43.600210 (68dcf5eebde371..., userDataDir: C:\Users\Admin\AppData\Loca...}, cssSelectorsEnabled: true, databaseEnabled: false, goog:chromeOptions: {debuggerAddress: localhost:62110}, handlesAlerts: true, hasTouchScreen: false, javascriptEnabled: true, locationContextEnabled: true, mobileEmulationEnabled: false, nativeEvents: true, networkConnectionEnabled: false, pageLoadStrategy: normal, platform: XP, platformName: XP, rotatable: false, setWindowRect: true, takesHeapSnapshot: true, takesScreenshot: true, unexpectedAlertBehaviour: , unhandledPromptBehavior: , version: 70.0.3538.110, webStorageEnabled: true}
Session ID: 25a3e655fd0dbc0b01edcd3c08c1500c)
[[ATTACHMENT|C:\\Users\\Admin\\Desktop\\PKS\\Perkeso Phase A\\Reports\\Workflow\\New Registration\\20181213_194711\\1544715427095.png]]

2018-12-13 23:37:07 - [TEST_STEP][PASSED] - delay: Delayed 2 second(s)

2018-12-13 23:37:09 - [MESSAGE][PASSED] - Delayed 2 second(s)

2018-12-13 23:37:09 - [TEST_STEP][PASSED] - click: Object: 'Object Repository/Final Object Repo/New Registration - Registration Module Pages/New Reg - OTC to RO/Special Case - All Related Objects/Click Search' is clicked on

2018-12-13 23:37:09 - [MESSAGE][PASSED] - Object: 'Object Repository/Final Object Repo/New Registration - Registration Module Pages/New Reg - OTC to RO/Special Case - All Related Objects/Click Search' is clicked on

2018-12-13 23:37:09 - [TEST_STEP][PASSED] - delay: Delayed 2 second(s)

2018-12-13 23:37:11 - [MESSAGE][PASSED] - Delayed 2 second(s)

2018-12-13 23:37:11 - [TEST_STEP][PASSED] - click: Object: 'Object Repository/Final Object Repo/New Registration - Registration Module Pages/New Reg - OTC to RO/Special Case - All Related Objects/Click to Continue Workflow' is clicked on

2018-12-13 23:37:14 - [MESSAGE][PASSED] - Object: 'Object Repository/Final Object Repo/New Registration - Registration Module Pages/New Reg - OTC to RO/Special Case - All Related Objects/Click to Continue Workflow' is clicked on

2018-12-13 23:37:14 - [TEST_STEP][PASSED] - delay: Delayed 2 second(s)

2018-12-13 23:37:16 - [MESSAGE][PASSED] - Delayed 2 second(s)

2018-12-13 23:37:16 - [TEST_STEP][PASSED] - click: Object: 'Object Repository/Final Object Repo/New Registration - Registration Module Pages/New Reg - OTC to RO/Special Case - All Related Objects/Continue Button in verifying case' is clicked on

2018-12-13 23:37:18 - [MESSAGE][PASSED] - Object: 'Object Repository/Final Object Repo/New Registration - Registration Module Pages/New Reg - OTC to RO/Special Case - All Related Objects/Continue Button in verifying case' is clicked on

2018-12-13 23:37:18 - [TEST_STEP][PASSED] - delay: Delayed 2 second(s)

2018-12-13 23:37:20 - [MESSAGE][PASSED] - Delayed 2 second(s)

2018-12-13 23:37:20 - [TEST_STEP][PASSED] - click: Object: 'Object Repository/Final Object Repo/New Registration - Registration Module Pages/Form 1/Registered As a Branch - Yes' is clicked on

2018-12-13 23:37:20 - [MESSAGE][PASSED] - Object: 'Object Repository/Final Object Repo/New Registration - Registration Module Pages/Form 1/Registered As a Branch - Yes' is clicked on

2018-12-13 23:37:20 - [TEST_STEP][PASSED] - delay: Delayed 2 second(s)

2018-12-13 23:37:22 - [MESSAGE][PASSED] - Delayed 2 second(s)

2018-12-13 23:37:22 - [TEST_STEP][PASSED] - click: Object: 'Object Repository/Final Object Repo/New Registration - Registration Module Pages/New Reg - OTC to RO/Special Case - All Related Objects/Form 1 Save n Continue' is clicked on

2018-12-13 23:37:23 - [MESSAGE][PASSED] - Object: 'Object Repository/Final Object Repo/New Registration - Registration Module Pages/New Reg - OTC to RO/Special Case - All Related Objects/Form 1 Save n Continue' is clicked on

2018-12-13 23:37:23 - [TEST_STEP][PASSED] - delay: Delayed 2 second(s)

2018-12-13 23:37:25 - [MESSAGE][PASSED] - Delayed 2 second(s)

2018-12-13 23:37:25 - [TEST_STEP][PASSED] - click: Object: 'Object Repository/Final Object Repo/New Registration - Registration Module Pages/New Reg - OTC to RO/Special Case - All Related Objects/Form 2 Save n Continue' is clicked on

2018-12-13 23:37:25 - [MESSAGE][PASSED] - Object: 'Object Repository/Final Object Repo/New Registration - Registration Module Pages/New Reg - OTC to RO/Special Case - All Related Objects/Form 2 Save n Continue' is clicked on

2018-12-13 23:37:25 - [TEST_STEP][PASSED] - delay: Delayed 2 second(s)

2018-12-13 23:37:27 - [MESSAGE][PASSED] - Delayed 2 second(s)

2018-12-13 23:37:27 - [TEST_STEP][PASSED] - click: Object: 'Object Repository/Final Object Repo/New Registration - Registration Module Pages/New Reg - OTC to RO/Special Case - All Related Objects/Third Screen Save n Continue' is clicked on

2018-12-13 23:37:32 - [MESSAGE][PASSED] - Object: 'Object Repository/Final Object Repo/New Registration - Registration Module Pages/New Reg - OTC to RO/Special Case - All Related Objects/Third Screen Save n Continue' is clicked on

2018-12-13 23:37:32 - [TEST_STEP][PASSED] - delay: Delayed 5 second(s)

2018-12-13 23:37:37 - [MESSAGE][PASSED] - Delayed 5 second(s)

2018-12-13 23:37:37 - [TEST_STEP][PASSED] - setText: Text 'Query case' is set on object 'Object Repository/Final Object Repo/New Registration - Registration Module Pages/New Reg - OTC to RO/Special Case - All Related Objects/Query Text Input'

2018-12-13 23:37:37 - [MESSAGE][PASSED] - Text 'Query case' is set on object 'Object Repository/Final Object Repo/New Registration - Registration Module Pages/New Reg - OTC to RO/Special Case - All Related Objects/Query Text Input'

2018-12-13 23:37:37 - [TEST_STEP][PASSED] - delay: Delayed 5 second(s)

2018-12-13 23:37:42 - [MESSAGE][PASSED] - Delayed 5 second(s)

2018-12-13 23:37:42 - [TEST_STEP][PASSED] - click: Object: 'Object Repository/Final Object Repo/New Registration - Registration Module Pages/New Reg - OTC to RO/Special Case - All Related Objects/Upload Doc Page Save n Continue' is clicked on

2018-12-13 23:37:42 - [MESSAGE][PASSED] - Object: 'Object Repository/Final Object Repo/New Registration - Registration Module Pages/New Reg - OTC to RO/Special Case - All Related Objects/Upload Doc Page Save n Continue' is clicked on

2018-12-13 23:37:42 - [TEST_STEP][PASSED] - click: Object: 'Object Repository/Final Object Repo/New Registration - Registration Module Pages/New Reg - OTC to RO/Special Case - All Related Objects/Query Button' is clicked on

2018-12-13 23:37:47 - [MESSAGE][PASSED] - Object: 'Object Repository/Final Object Repo/New Registration - Registration Module Pages/New Reg - OTC to RO/Special Case - All Related Objects/Query Button' is clicked on

2018-12-13 23:37:47 - [TEST_STEP][FAILED] - click: Unable to click on object 'Object Repository/Final Object Repo/New Registration - Registration Module Pages/New Reg - OTC to RO/Special Case - All Related Objects/Confirm to Query' (Root cause: org.openqa.selenium.ElementNotVisibleException: element not interactable
  (Session info: chrome=70.0.3538.110)
  (Driver info: chromedriver=2.43.600210 (68dcf5eebde37173d4027fa8635e332711d2874a),platform=Windows NT 6.1.7601 SP1 x86_64) (WARNING: The server did not provide any stacktrace information)
Command duration or timeout: 0 milliseconds
Build info: version: '3.7.1', revision: '8a0099a', time: '2017-11-06T21:07:36.161Z'
System info: host: 'WIN7TEST02', ip: '10.20.3.72', os.name: 'Windows 7', os.arch: 'amd64', os.version: '6.1', java.version: '1.8.0_181'
Driver info: com.kms.katalon.selenium.driver.CChromeDriver
Capabilities {acceptInsecureCerts: false, acceptSslCerts: false, applicationCacheEnabled: false, browserConnectionEnabled: false, browserName: chrome, chrome: {chromedriverVersion: 2.43.600210 (68dcf5eebde371..., userDataDir: C:\Users\Admin\AppData\Loca...}, cssSelectorsEnabled: true, databaseEnabled: false, goog:chromeOptions: {debuggerAddress: localhost:62110}, handlesAlerts: true, hasTouchScreen: false, javascriptEnabled: true, locationContextEnabled: true, mobileEmulationEnabled: false, nativeEvents: true, networkConnectionEnabled: false, pageLoadStrategy: normal, platform: XP, platformName: XP, rotatable: false, setWindowRect: true, takesHeapSnapshot: true, takesScreenshot: true, unexpectedAlertBehaviour: , unhandledPromptBehavior: , version: 70.0.3538.110, webStorageEnabled: true}
Session ID: 25a3e655fd0dbc0b01edcd3c08c1500c)

2018-12-13 23:37:47 - [MESSAGE][FAILED] - Unable to click on object 'Object Repository/Final Object Repo/New Registration - Registration Module Pages/New Reg - OTC to RO/Special Case - All Related Objects/Confirm to Query' (Root cause: org.openqa.selenium.ElementNotVisibleException: element not interactable
  (Session info: chrome=70.0.3538.110)
  (Driver info: chromedriver=2.43.600210 (68dcf5eebde37173d4027fa8635e332711d2874a),platform=Windows NT 6.1.7601 SP1 x86_64) (WARNING: The server did not provide any stacktrace information)
Command duration or timeout: 0 milliseconds
Build info: version: '3.7.1', revision: '8a0099a', time: '2017-11-06T21:07:36.161Z'
System info: host: 'WIN7TEST02', ip: '10.20.3.72', os.name: 'Windows 7', os.arch: 'amd64', os.version: '6.1', java.version: '1.8.0_181'
Driver info: com.kms.katalon.selenium.driver.CChromeDriver
Capabilities {acceptInsecureCerts: false, acceptSslCerts: false, applicationCacheEnabled: false, browserConnectionEnabled: false, browserName: chrome, chrome: {chromedriverVersion: 2.43.600210 (68dcf5eebde371..., userDataDir: C:\Users\Admin\AppData\Loca...}, cssSelectorsEnabled: true, databaseEnabled: false, goog:chromeOptions: {debuggerAddress: localhost:62110}, handlesAlerts: true, hasTouchScreen: false, javascriptEnabled: true, locationContextEnabled: true, mobileEmulationEnabled: false, nativeEvents: true, networkConnectionEnabled: false, pageLoadStrategy: normal, platform: XP, platformName: XP, rotatable: false, setWindowRect: true, takesHeapSnapshot: true, takesScreenshot: true, unexpectedAlertBehaviour: , unhandledPromptBehavior: , version: 70.0.3538.110, webStorageEnabled: true}
Session ID: 25a3e655fd0dbc0b01edcd3c08c1500c)
[[ATTACHMENT|C:\\Users\\Admin\\Desktop\\PKS\\Perkeso Phase A\\Reports\\Workflow\\New Registration\\20181213_194711\\1544715467279.png]]

2018-12-13 23:37:47 - [TEST_STEP][PASSED] - callTestCase: Call Test Case 'Test Cases/Final Aug 2018 - PKS Automation/Registration Module/Log Out/log out avoiding katalon tagging' successfully

2018-12-13 23:37:47 - [TEST_CASE][PASSED] - Test Cases/Final Aug 2018 - PKS Automation/Registration Module/Log Out/log out avoiding katalon tagging: Test Cases/Final Aug 2018 - PKS Automation/Registration Module/Log Out/log out avoiding katalon tagging

2018-12-13 23:37:47 - [TEST_STEP][PASSED] - navigateToUrl: Navigate to 'https://assist2-uat.perkeso.gov.my/c/portal/logout' successfully

2018-12-13 23:37:48 - [MESSAGE][PASSED] - Navigate to 'https://assist2-uat.perkeso.gov.my/c/portal/logout' successfully

2018-12-13 23:37:48 - [MESSAGE][PASSED] - Call Test Case 'Test Cases/Final Aug 2018 - PKS Automation/Registration Module/Log Out/log out avoiding katalon tagging' successfully

2018-12-13 23:37:48 - [TEST_STEP][PASSED] - delay: Delayed 2 second(s)

2018-12-13 23:37:50 - [MESSAGE][PASSED] - Delayed 2 second(s)

2018-12-13 23:37:50 - [TEST_STEP][PASSED] - setText: Text 'klotc2@gmail.com' is set on object 'Object Repository/Final Object Repo/Login Page/Internal User/Email Address'

2018-12-13 23:37:50 - [MESSAGE][PASSED] - Text 'klotc2@gmail.com' is set on object 'Object Repository/Final Object Repo/Login Page/Internal User/Email Address'

2018-12-13 23:37:50 - [TEST_STEP][PASSED] - click: Object: 'Object Repository/Final Object Repo/Login Page/Internal User/Next Button' is clicked on

2018-12-13 23:37:50 - [MESSAGE][PASSED] - Object: 'Object Repository/Final Object Repo/Login Page/Internal User/Next Button' is clicked on

2018-12-13 23:37:50 - [TEST_STEP][PASSED] - delay: Delayed 2 second(s)

2018-12-13 23:37:52 - [MESSAGE][PASSED] - Delayed 2 second(s)

2018-12-13 23:37:52 - [TEST_STEP][PASSED] - setText: Text 'Test1@3456789' is set on object 'Object Repository/Final Object Repo/Login Page/Internal User/Password'

2018-12-13 23:37:53 - [MESSAGE][PASSED] - Text 'Test1@3456789' is set on object 'Object Repository/Final Object Repo/Login Page/Internal User/Password'

2018-12-13 23:37:53 - [TEST_STEP][PASSED] - delay: Delayed 2 second(s)

2018-12-13 23:37:55 - [MESSAGE][PASSED] - Delayed 2 second(s)

2018-12-13 23:37:55 - [TEST_STEP][PASSED] - click: Object: 'Object Repository/Final Object Repo/Login Page/Internal User/Login Button' is clicked on

2018-12-13 23:37:55 - [MESSAGE][PASSED] - Object: 'Object Repository/Final Object Repo/Login Page/Internal User/Login Button' is clicked on

2018-12-13 23:37:55 - [TEST_STEP][PASSED] - delay: Delayed 2 second(s)

2018-12-13 23:37:57 - [MESSAGE][PASSED] - Delayed 2 second(s)

2018-12-13 23:37:57 - [TEST_STEP][PASSED] - Statement - Try: null

2018-12-13 23:37:57 - [TEST_STEP][PASSED] - Statement - Checker = com.kms.katalon.core.webui.keyword.WebUiBuiltInKeywords.verifyElementNotPresent("PKS_SIP_Updated_RegModule/Attempt/Page_MyASSIST - ASSIST/Select to English", 3): null

2018-12-13 23:37:57 - [TEST_STEP][PASSED] - Statement - Catch (Exception e): null

2018-12-13 23:37:57 - [TEST_STEP][PASSED] - Statement - e.printStackTrace(): null

2018-12-13 23:37:57 - [TEST_STEP][PASSED] - delay: Delayed 4 second(s)

2018-12-13 23:38:01 - [MESSAGE][PASSED] - Delayed 4 second(s)

2018-12-13 23:38:01 - [TEST_STEP][PASSED] - click: Object: 'Object Repository/Final Object Repo/Landing Page/My Sites Drop Down' is clicked on

2018-12-13 23:38:01 - [MESSAGE][PASSED] - Object: 'Object Repository/Final Object Repo/Landing Page/My Sites Drop Down' is clicked on

2018-12-13 23:38:01 - [TEST_STEP][PASSED] - click: Object: 'Object Repository/Final Object Repo/Landing Page/Select to Registration Module' is clicked on

2018-12-13 23:38:02 - [MESSAGE][PASSED] - Object: 'Object Repository/Final Object Repo/Landing Page/Select to Registration Module' is clicked on

2018-12-13 23:38:02 - [TEST_STEP][PASSED] - delay: Delayed 2 second(s)

2018-12-13 23:38:04 - [MESSAGE][PASSED] - Delayed 2 second(s)

2018-12-13 23:38:04 - [TEST_STEP][PASSED] - mouseOver: Object: 'Object Repository/Final Object Repo/New Registration - Registration Module Pages/New Reg - OTC to RO/Special Case - All Related Objects/Hover Over Search Drop Down' is hovered

2018-12-13 23:38:04 - [MESSAGE][PASSED] - Object: 'Object Repository/Final Object Repo/New Registration - Registration Module Pages/New Reg - OTC to RO/Special Case - All Related Objects/Hover Over Search Drop Down' is hovered

2018-12-13 23:38:04 - [TEST_STEP][PASSED] - click: Object: 'Object Repository/Final Object Repo/New Registration - Registration Module Pages/New Reg - OTC to RO/Special Case - All Related Objects/Select Search Pending Case' is clicked on

2018-12-13 23:38:04 - [MESSAGE][PASSED] - Object: 'Object Repository/Final Object Repo/New Registration - Registration Module Pages/New Reg - OTC to RO/Special Case - All Related Objects/Select Search Pending Case' is clicked on

2018-12-13 23:38:04 - [TEST_STEP][PASSED] - click: Object: 'Object Repository/Final Object Repo/New Registration - Registration Module Pages/New Reg - OTC to RO/Special Case - All Related Objects/Select Searching Method (Employer Code)' is clicked on

2018-12-13 23:38:05 - [MESSAGE][PASSED] - Object: 'Object Repository/Final Object Repo/New Registration - Registration Module Pages/New Reg - OTC to RO/Special Case - All Related Objects/Select Searching Method (Employer Code)' is clicked on

2018-12-13 23:38:05 - [TEST_STEP][PASSED] - click: Object: 'Object Repository/Final Object Repo/New Registration - Registration Module Pages/New Reg - OTC to RO/Special Case - All Related Objects/Select Searching Method to Reference ID' is clicked on

2018-12-13 23:38:05 - [MESSAGE][PASSED] - Object: 'Object Repository/Final Object Repo/New Registration - Registration Module Pages/New Reg - OTC to RO/Special Case - All Related Objects/Select Searching Method to Reference ID' is clicked on

2018-12-13 23:38:05 - [TEST_STEP][PASSED] - setText: Text 'CRN12201800123318' is set on object 'Object Repository/Final Object Repo/New Registration - Registration Module Pages/New Reg - OTC to RO/Special Case - All Related Objects/Pending Case Ref NO'

2018-12-13 23:38:05 - [MESSAGE][PASSED] - Text 'CRN12201800123318' is set on object 'Object Repository/Final Object Repo/New Registration - Registration Module Pages/New Reg - OTC to RO/Special Case - All Related Objects/Pending Case Ref NO'

2018-12-13 23:38:05 - [TEST_STEP][PASSED] - click: Object: 'Object Repository/Final Object Repo/New Registration - Registration Module Pages/New Reg - OTC to RO/Special Case - All Related Objects/Search Pending Case Based on Ref No' is clicked on

2018-12-13 23:38:05 - [MESSAGE][PASSED] - Object: 'Object Repository/Final Object Repo/New Registration - Registration Module Pages/New Reg - OTC to RO/Special Case - All Related Objects/Search Pending Case Based on Ref No' is clicked on

2018-12-13 23:38:05 - [TEST_STEP][FAILED] - click: Unable to click on object 'Object Repository/Final Object Repo/New Registration - Registration Module Pages/New Reg - OTC to RO/Special Case - All Related Objects/Action Button after found case' (Root cause: org.openqa.selenium.InvalidSelectorException: invalid selector: Unable to locate an element with the xpath expression  because of the following error:
SyntaxError: Failed to execute 'evaluate' on 'Document': The string '' is not a valid XPath expression.
  (Session info: chrome=70.0.3538.110)
  (Driver info: chromedriver=2.43.600210 (68dcf5eebde37173d4027fa8635e332711d2874a),platform=Windows NT 6.1.7601 SP1 x86_64) (WARNING: The server did not provide any stacktrace information)
Command duration or timeout: 0 milliseconds
For documentation on this error, please visit: http://seleniumhq.org/exceptions/invalid_selector_exception.html
Build info: version: '3.7.1', revision: '8a0099a', time: '2017-11-06T21:07:36.161Z'
System info: host: 'WIN7TEST02', ip: '10.20.3.72', os.name: 'Windows 7', os.arch: 'amd64', os.version: '6.1', java.version: '1.8.0_181'
Driver info: com.kms.katalon.selenium.driver.CChromeDriver
Capabilities {acceptInsecureCerts: false, acceptSslCerts: false, applicationCacheEnabled: false, browserConnectionEnabled: false, browserName: chrome, chrome: {chromedriverVersion: 2.43.600210 (68dcf5eebde371..., userDataDir: C:\Users\Admin\AppData\Loca...}, cssSelectorsEnabled: true, databaseEnabled: false, goog:chromeOptions: {debuggerAddress: localhost:62110}, handlesAlerts: true, hasTouchScreen: false, javascriptEnabled: true, locationContextEnabled: true, mobileEmulationEnabled: false, nativeEvents: true, networkConnectionEnabled: false, pageLoadStrategy: normal, platform: XP, platformName: XP, rotatable: false, setWindowRect: true, takesHeapSnapshot: true, takesScreenshot: true, unexpectedAlertBehaviour: , unhandledPromptBehavior: , version: 70.0.3538.110, webStorageEnabled: true}
Session ID: 25a3e655fd0dbc0b01edcd3c08c1500c
*** Element info: {Using=xpath, value=})

2018-12-13 23:38:38 - [MESSAGE][FAILED] - Unable to click on object 'Object Repository/Final Object Repo/New Registration - Registration Module Pages/New Reg - OTC to RO/Special Case - All Related Objects/Action Button after found case' (Root cause: org.openqa.selenium.InvalidSelectorException: invalid selector: Unable to locate an element with the xpath expression  because of the following error:
SyntaxError: Failed to execute 'evaluate' on 'Document': The string '' is not a valid XPath expression.
  (Session info: chrome=70.0.3538.110)
  (Driver info: chromedriver=2.43.600210 (68dcf5eebde37173d4027fa8635e332711d2874a),platform=Windows NT 6.1.7601 SP1 x86_64) (WARNING: The server did not provide any stacktrace information)
Command duration or timeout: 0 milliseconds
For documentation on this error, please visit: http://seleniumhq.org/exceptions/invalid_selector_exception.html
Build info: version: '3.7.1', revision: '8a0099a', time: '2017-11-06T21:07:36.161Z'
System info: host: 'WIN7TEST02', ip: '10.20.3.72', os.name: 'Windows 7', os.arch: 'amd64', os.version: '6.1', java.version: '1.8.0_181'
Driver info: com.kms.katalon.selenium.driver.CChromeDriver
Capabilities {acceptInsecureCerts: false, acceptSslCerts: false, applicationCacheEnabled: false, browserConnectionEnabled: false, browserName: chrome, chrome: {chromedriverVersion: 2.43.600210 (68dcf5eebde371..., userDataDir: C:\Users\Admin\AppData\Loca...}, cssSelectorsEnabled: true, databaseEnabled: false, goog:chromeOptions: {debuggerAddress: localhost:62110}, handlesAlerts: true, hasTouchScreen: false, javascriptEnabled: true, locationContextEnabled: true, mobileEmulationEnabled: false, nativeEvents: true, networkConnectionEnabled: false, pageLoadStrategy: normal, platform: XP, platformName: XP, rotatable: false, setWindowRect: true, takesHeapSnapshot: true, takesScreenshot: true, unexpectedAlertBehaviour: , unhandledPromptBehavior: , version: 70.0.3538.110, webStorageEnabled: true}
Session ID: 25a3e655fd0dbc0b01edcd3c08c1500c
*** Element info: {Using=xpath, value=})
[[ATTACHMENT|C:\\Users\\Admin\\Desktop\\PKS\\Perkeso Phase A\\Reports\\Workflow\\New Registration\\20181213_194711\\1544715518121.png]]

2018-12-13 23:38:38 - [TEST_STEP][FAILED] - click: Unable to click on object 'Object Repository/Final Object Repo/New Registration - Registration Module Pages/New Reg - OTC to RO/Special Case - All Related Objects/Next Button in Pending Case Form 1' (Root cause: com.kms.katalon.core.webui.exception.WebElementNotFoundException: Web element with id: 'Object Repository/Final Object Repo/New Registration - Registration Module Pages/New Reg - OTC to RO/Special Case - All Related Objects/Next Button in Pending Case Form 1' located by 'By.xpath: //a[@class = 'btn btn-lg blueBtn col-md-2 pull-right browserIdBtn' and (text() = ' NEXT
						' or . = ' NEXT
						')]' not found)

2018-12-13 23:39:11 - [MESSAGE][FAILED] - Unable to click on object 'Object Repository/Final Object Repo/New Registration - Registration Module Pages/New Reg - OTC to RO/Special Case - All Related Objects/Next Button in Pending Case Form 1' (Root cause: com.kms.katalon.core.webui.exception.WebElementNotFoundException: Web element with id: 'Object Repository/Final Object Repo/New Registration - Registration Module Pages/New Reg - OTC to RO/Special Case - All Related Objects/Next Button in Pending Case Form 1' located by 'By.xpath: //a[@class = 'btn btn-lg blueBtn col-md-2 pull-right browserIdBtn' and (text() = ' NEXT
						' or . = ' NEXT
						')]' not found)
[[ATTACHMENT|C:\\Users\\Admin\\Desktop\\PKS\\Perkeso Phase A\\Reports\\Workflow\\New Registration\\20181213_194711\\1544715551420.png]]

2018-12-13 23:39:11 - [TEST_STEP][FAILED] - click: Unable to click on object 'Object Repository/Final Object Repo/New Registration - Registration Module Pages/New Reg - OTC to RO/Special Case - All Related Objects/Next Button in Pending Case Form 2' (Root cause: com.kms.katalon.core.webui.exception.WebElementNotFoundException: Web element with id: 'Object Repository/Final Object Repo/New Registration - Registration Module Pages/New Reg - OTC to RO/Special Case - All Related Objects/Next Button in Pending Case Form 2' located by 'By.xpath: //a[@class = 'btn btn-lg blueBtn col-md-2 pull-right browserIdBtn' and (text() = ' NEXT
				' or . = ' NEXT
				')]' not found)

2018-12-13 23:39:44 - [MESSAGE][FAILED] - Unable to click on object 'Object Repository/Final Object Repo/New Registration - Registration Module Pages/New Reg - OTC to RO/Special Case - All Related Objects/Next Button in Pending Case Form 2' (Root cause: com.kms.katalon.core.webui.exception.WebElementNotFoundException: Web element with id: 'Object Repository/Final Object Repo/New Registration - Registration Module Pages/New Reg - OTC to RO/Special Case - All Related Objects/Next Button in Pending Case Form 2' located by 'By.xpath: //a[@class = 'btn btn-lg blueBtn col-md-2 pull-right browserIdBtn' and (text() = ' NEXT
				' or . = ' NEXT
				')]' not found)
[[ATTACHMENT|C:\\Users\\Admin\\Desktop\\PKS\\Perkeso Phase A\\Reports\\Workflow\\New Registration\\20181213_194711\\1544715584160.png]]

2018-12-13 23:39:44 - [TEST_STEP][FAILED] - click: Unable to click on object 'Object Repository/Final Object Repo/New Registration - Registration Module Pages/New Reg - OTC to RO/Special Case - All Related Objects/Next Button in Third Screen' (Root cause: com.kms.katalon.core.webui.exception.WebElementNotFoundException: Web element with id: 'Object Repository/Final Object Repo/New Registration - Registration Module Pages/New Reg - OTC to RO/Special Case - All Related Objects/Next Button in Third Screen' located by 'By.xpath: //a[@class = 'btn btn-lg blueBtn col-md-2 pull-right browserIdBtn' and (text() = ' NEXT
				' or . = ' NEXT
				')]' not found)

2018-12-13 23:40:17 - [MESSAGE][FAILED] - Unable to click on object 'Object Repository/Final Object Repo/New Registration - Registration Module Pages/New Reg - OTC to RO/Special Case - All Related Objects/Next Button in Third Screen' (Root cause: com.kms.katalon.core.webui.exception.WebElementNotFoundException: Web element with id: 'Object Repository/Final Object Repo/New Registration - Registration Module Pages/New Reg - OTC to RO/Special Case - All Related Objects/Next Button in Third Screen' located by 'By.xpath: //a[@class = 'btn btn-lg blueBtn col-md-2 pull-right browserIdBtn' and (text() = ' NEXT
				' or . = ' NEXT
				')]' not found)
[[ATTACHMENT|C:\\Users\\Admin\\Desktop\\PKS\\Perkeso Phase A\\Reports\\Workflow\\New Registration\\20181213_194711\\1544715617500.png]]

2018-12-13 23:40:17 - [TEST_STEP][FAILED] - click: Unable to click on object 'Object Repository/Final Object Repo/New Registration - Registration Module Pages/New Reg - OTC to RO/Special Case - All Related Objects/Add Document for Pending Case' (Root cause: com.kms.katalon.core.webui.exception.WebElementNotFoundException: Web element with id: 'Object Repository/Final Object Repo/New Registration - Registration Module Pages/New Reg - OTC to RO/Special Case - All Related Objects/Add Document for Pending Case' located by 'By.xpath: //a[@id = '_newreg_WAR_registrationportlet_dialogBtn' and (text() = '
					ADD DOCUMENT
	             ' or . = '
					ADD DOCUMENT
	             ')]' not found)

2018-12-13 23:40:51 - [MESSAGE][FAILED] - Unable to click on object 'Object Repository/Final Object Repo/New Registration - Registration Module Pages/New Reg - OTC to RO/Special Case - All Related Objects/Add Document for Pending Case' (Root cause: com.kms.katalon.core.webui.exception.WebElementNotFoundException: Web element with id: 'Object Repository/Final Object Repo/New Registration - Registration Module Pages/New Reg - OTC to RO/Special Case - All Related Objects/Add Document for Pending Case' located by 'By.xpath: //a[@id = '_newreg_WAR_registrationportlet_dialogBtn' and (text() = '
					ADD DOCUMENT
	             ' or . = '
					ADD DOCUMENT
	             ')]' not found)
[[ATTACHMENT|C:\\Users\\Admin\\Desktop\\PKS\\Perkeso Phase A\\Reports\\Workflow\\New Registration\\20181213_194711\\1544715650771.png]]

2018-12-13 23:40:51 - [TEST_STEP][PASSED] - delay: Delayed 2 second(s)

2018-12-13 23:40:53 - [MESSAGE][PASSED] - Delayed 2 second(s)

2018-12-13 23:40:53 - [TEST_STEP][FAILED] - click: Unable to click on object 'Object Repository/Final Object Repo/New Registration - Registration Module Pages/New Reg - OTC to RO/Special Case - All Related Objects/Upload Pending Doc - Please Select' (Root cause: com.kms.katalon.core.webui.exception.WebElementNotFoundException: Web element with id: 'Object Repository/Final Object Repo/New Registration - Registration Module Pages/New Reg - OTC to RO/Special Case - All Related Objects/Upload Pending Doc - Please Select' located by 'By.xpath: //span[@class = 'select2-selection__rendered' and @id = 'select2-_newreg_WAR_registrationportlet_objdocTypeId-container']' not found)

2018-12-13 23:41:26 - [MESSAGE][FAILED] - Unable to click on object 'Object Repository/Final Object Repo/New Registration - Registration Module Pages/New Reg - OTC to RO/Special Case - All Related Objects/Upload Pending Doc - Please Select' (Root cause: com.kms.katalon.core.webui.exception.WebElementNotFoundException: Web element with id: 'Object Repository/Final Object Repo/New Registration - Registration Module Pages/New Reg - OTC to RO/Special Case - All Related Objects/Upload Pending Doc - Please Select' located by 'By.xpath: //span[@class = 'select2-selection__rendered' and @id = 'select2-_newreg_WAR_registrationportlet_objdocTypeId-container']' not found)
[[ATTACHMENT|C:\\Users\\Admin\\Desktop\\PKS\\Perkeso Phase A\\Reports\\Workflow\\New Registration\\20181213_194711\\1544715685887.png]]

2018-12-13 23:41:26 - [TEST_STEP][FAILED] - click: Unable to click on object 'Object Repository/Final Object Repo/New Registration - Registration Module Pages/New Reg - OTC to RO/Special Case - All Related Objects/Select to Others to Upload' (Root cause: com.kms.katalon.core.webui.exception.WebElementNotFoundException: Web element with id: 'Object Repository/Final Object Repo/New Registration - Registration Module Pages/New Reg - OTC to RO/Special Case - All Related Objects/Select to Others to Upload' located by 'By.xpath: //span/ul/li/span[contains(text(),"Others")]' not found)

2018-12-13 23:41:57 - [MESSAGE][FAILED] - Unable to click on object 'Object Repository/Final Object Repo/New Registration - Registration Module Pages/New Reg - OTC to RO/Special Case - All Related Objects/Select to Others to Upload' (Root cause: com.kms.katalon.core.webui.exception.WebElementNotFoundException: Web element with id: 'Object Repository/Final Object Repo/New Registration - Registration Module Pages/New Reg - OTC to RO/Special Case - All Related Objects/Select to Others to Upload' located by 'By.xpath: //span/ul/li/span[contains(text(),"Others")]' not found)
[[ATTACHMENT|C:\\Users\\Admin\\Desktop\\PKS\\Perkeso Phase A\\Reports\\Workflow\\New Registration\\20181213_194711\\1544715717232.png]]

2018-12-13 23:41:57 - [TEST_STEP][PASSED] - delay: Delayed 2 second(s)

2018-12-13 23:41:59 - [MESSAGE][PASSED] - Delayed 2 second(s)

2018-12-13 23:41:59 - [TEST_STEP][FAILED] - uploadFile: Unable to upload file 'C:\Users\Public\Pictures\Sample Pictures\Koala.jpg' to object 'Object Repository/Final Object Repo/New Registration - Registration Module Pages/New Reg - OTC to RO/Special Case - All Related Objects/Uploading Pending Case Action' (Root cause: com.kms.katalon.core.webui.exception.WebElementNotFoundException: Web element with id: 'Object Repository/Final Object Repo/New Registration - Registration Module Pages/New Reg - OTC to RO/Special Case - All Related Objects/Uploading Pending Case Action' located by 'By.xpath: //input[@id = '_newreg_WAR_registrationportlet_uploadFile' and @name = '_newreg_WAR_registrationportlet_uploadFile' and @type = 'file']' not found)

2018-12-13 23:42:31 - [MESSAGE][FAILED] - Unable to upload file 'C:\Users\Public\Pictures\Sample Pictures\Koala.jpg' to object 'Object Repository/Final Object Repo/New Registration - Registration Module Pages/New Reg - OTC to RO/Special Case - All Related Objects/Uploading Pending Case Action' (Root cause: com.kms.katalon.core.webui.exception.WebElementNotFoundException: Web element with id: 'Object Repository/Final Object Repo/New Registration - Registration Module Pages/New Reg - OTC to RO/Special Case - All Related Objects/Uploading Pending Case Action' located by 'By.xpath: //input[@id = '_newreg_WAR_registrationportlet_uploadFile' and @name = '_newreg_WAR_registrationportlet_uploadFile' and @type = 'file']' not found)
[[ATTACHMENT|C:\\Users\\Admin\\Desktop\\PKS\\Perkeso Phase A\\Reports\\Workflow\\New Registration\\20181213_194711\\1544715750866.png]]

2018-12-13 23:42:31 - [TEST_STEP][FAILED] - click: Unable to click on object 'Object Repository/Final Object Repo/New Registration - Registration Module Pages/New Reg - OTC to RO/Special Case - All Related Objects/Inner form Add Document Button Pending Case' (Root cause: com.kms.katalon.core.webui.exception.WebElementNotFoundException: Web element with id: 'Object Repository/Final Object Repo/New Registration - Registration Module Pages/New Reg - OTC to RO/Special Case - All Related Objects/Inner form Add Document Button Pending Case' located by 'By.xpath: //a[@class = 'btn btn-lg blueBtn col-md-2 pull-right' and @targets = 'baseMsgDivId' and (text() = '
										ADD DOCUMENT
								     ' or . = '
										ADD DOCUMENT
								     ')]' not found)

2018-12-13 23:43:05 - [MESSAGE][FAILED] - Unable to click on object 'Object Repository/Final Object Repo/New Registration - Registration Module Pages/New Reg - OTC to RO/Special Case - All Related Objects/Inner form Add Document Button Pending Case' (Root cause: com.kms.katalon.core.webui.exception.WebElementNotFoundException: Web element with id: 'Object Repository/Final Object Repo/New Registration - Registration Module Pages/New Reg - OTC to RO/Special Case - All Related Objects/Inner form Add Document Button Pending Case' located by 'By.xpath: //a[@class = 'btn btn-lg blueBtn col-md-2 pull-right' and @targets = 'baseMsgDivId' and (text() = '
										ADD DOCUMENT
								     ' or . = '
										ADD DOCUMENT
								     ')]' not found)
[[ATTACHMENT|C:\\Users\\Admin\\Desktop\\PKS\\Perkeso Phase A\\Reports\\Workflow\\New Registration\\20181213_194711\\1544715785170.png]]

2018-12-13 23:43:05 - [TEST_STEP][FAILED] - click: Unable to click on object 'Object Repository/Final Object Repo/New Registration - Registration Module Pages/New Reg - OTC to RO/Special Case - All Related Objects/Pending Case Exit' (Root cause: com.kms.katalon.core.webui.exception.WebElementNotFoundException: Web element with id: 'Object Repository/Final Object Repo/New Registration - Registration Module Pages/New Reg - OTC to RO/Special Case - All Related Objects/Pending Case Exit' located by 'By.xpath: //a[@id = '_newreg_WAR_registrationportlet_exitBtnId' and @class = 'btn btn-lg blueBtn col-md-2 pull-right' and (text() = '
									EXIT
				                ' or . = '
									EXIT
				                ')]' not found)

2018-12-13 23:43:38 - [MESSAGE][FAILED] - Unable to click on object 'Object Repository/Final Object Repo/New Registration - Registration Module Pages/New Reg - OTC to RO/Special Case - All Related Objects/Pending Case Exit' (Root cause: com.kms.katalon.core.webui.exception.WebElementNotFoundException: Web element with id: 'Object Repository/Final Object Repo/New Registration - Registration Module Pages/New Reg - OTC to RO/Special Case - All Related Objects/Pending Case Exit' located by 'By.xpath: //a[@id = '_newreg_WAR_registrationportlet_exitBtnId' and @class = 'btn btn-lg blueBtn col-md-2 pull-right' and (text() = '
									EXIT
				                ' or . = '
									EXIT
				                ')]' not found)
[[ATTACHMENT|C:\\Users\\Admin\\Desktop\\PKS\\Perkeso Phase A\\Reports\\Workflow\\New Registration\\20181213_194711\\1544715817959.png]]

2018-12-13 23:43:38 - [TEST_STEP][PASSED] - callTestCase: Call Test Case 'Test Cases/Final Aug 2018 - PKS Automation/Registration Module/Log Out/log out avoiding katalon tagging' successfully

2018-12-13 23:43:38 - [TEST_CASE][PASSED] - Test Cases/Final Aug 2018 - PKS Automation/Registration Module/Log Out/log out avoiding katalon tagging: Test Cases/Final Aug 2018 - PKS Automation/Registration Module/Log Out/log out avoiding katalon tagging

2018-12-13 23:43:38 - [TEST_STEP][PASSED] - navigateToUrl: Navigate to 'https://assist2-uat.perkeso.gov.my/c/portal/logout' successfully

2018-12-13 23:43:39 - [MESSAGE][PASSED] - Navigate to 'https://assist2-uat.perkeso.gov.my/c/portal/logout' successfully

2018-12-13 23:43:39 - [MESSAGE][PASSED] - Call Test Case 'Test Cases/Final Aug 2018 - PKS Automation/Registration Module/Log Out/log out avoiding katalon tagging' successfully

2018-12-13 23:43:39 - [TEST_STEP][PASSED] - delay: Delayed 2 second(s)

2018-12-13 23:43:41 - [MESSAGE][PASSED] - Delayed 2 second(s)

2018-12-13 23:43:41 - [TEST_STEP][PASSED] - callTestCase: Call Test Case 'Test Cases/Final Aug 2018 - PKS Automation/Common/Workflow Owner Finder' successfully

2018-12-13 23:43:41 - [TEST_CASE][PASSED] - Test Cases/Final Aug 2018 - PKS Automation/Common/Workflow Owner Finder: Test Cases/Final Aug 2018 - PKS Automation/Common/Workflow Owner Finder

2018-12-13 23:43:41 - [TEST_STEP][PASSED] - openBrowser: Browser is opened with url: ''

2018-12-13 23:43:41 - [MESSAGE][WARNING] - A browser is already opened. Closing browser and opening a new one

2018-12-13 23:43:45 - [MESSAGE][PASSED] - Browser is opened with url: ''

2018-12-13 23:43:45 - [TEST_STEP][PASSED] - navigateToUrl: Navigate to 'https://assist2-uat.perkeso.gov.my/login' successfully

2018-12-13 23:43:46 - [MESSAGE][PASSED] - Navigate to 'https://assist2-uat.perkeso.gov.my/login' successfully

2018-12-13 23:43:46 - [TEST_STEP][PASSED] - delay: Delayed 5 second(s)

2018-12-13 23:43:51 - [MESSAGE][PASSED] - Delayed 5 second(s)

2018-12-13 23:43:51 - [TEST_STEP][PASSED] - setText: Text 'test@liferay.com' is set on object 'Object Repository/Final Object Repo/Login Page/Internal User/Email Address'

2018-12-13 23:43:51 - [MESSAGE][PASSED] - Text 'test@liferay.com' is set on object 'Object Repository/Final Object Repo/Login Page/Internal User/Email Address'

2018-12-13 23:43:51 - [TEST_STEP][PASSED] - click: Object: 'Object Repository/Final Object Repo/Login Page/Internal User/Next Button' is clicked on

2018-12-13 23:43:51 - [MESSAGE][PASSED] - Object: 'Object Repository/Final Object Repo/Login Page/Internal User/Next Button' is clicked on

2018-12-13 23:43:51 - [TEST_STEP][PASSED] - delay: Delayed 2 second(s)

2018-12-13 23:43:53 - [MESSAGE][PASSED] - Delayed 2 second(s)

2018-12-13 23:43:53 - [TEST_STEP][PASSED] - setText: Text 'test' is set on object 'Object Repository/Final Object Repo/Login Page/Internal User/Password'

2018-12-13 23:43:53 - [MESSAGE][PASSED] - Text 'test' is set on object 'Object Repository/Final Object Repo/Login Page/Internal User/Password'

2018-12-13 23:43:53 - [TEST_STEP][PASSED] - delay: Delayed 2 second(s)

2018-12-13 23:43:55 - [MESSAGE][PASSED] - Delayed 2 second(s)

2018-12-13 23:43:55 - [TEST_STEP][PASSED] - click: Object: 'Object Repository/Final Object Repo/Login Page/Internal User/Login Button' is clicked on

2018-12-13 23:43:56 - [MESSAGE][PASSED] - Object: 'Object Repository/Final Object Repo/Login Page/Internal User/Login Button' is clicked on

2018-12-13 23:43:56 - [TEST_STEP][PASSED] - Statement - tester = com.kms.katalon.core.testobject.ObjectRepository.findTestObject(Final Object Repo/Landing Page/Select to English): Finding Test Object with id 'Object Repository/Final Object Repo/Landing Page/Select to English'

2018-12-13 23:43:56 - [TEST_STEP][PASSED] - Statement - Try: Delayed 2 second(s)

2018-12-13 23:43:56 - [TEST_STEP][PASSED] - Statement - Checker = com.kms.katalon.core.webui.keyword.WebUiBuiltInKeywords.verifyElementNotPresent(tester, 3): Web element with id: 'Object Repository/Final Object Repo/Landing Page/Select to English' located by 'By.xpath: //a[@class = 'taglib-language-list-text' and @lang = 'en-US' and (contains(text(), 'EN') or contains(., 'EN'))]' is not present after '3' second(s)

2018-12-13 23:43:58 - [MESSAGE][PASSED] - Web element with id: 'Object Repository/Final Object Repo/Landing Page/Select to English' located by 'By.xpath: //a[@class = 'taglib-language-list-text' and @lang = 'en-US' and (contains(text(), 'EN') or contains(., 'EN'))]' is not present after '3' second(s)

2018-12-13 23:43:58 - [TEST_STEP][PASSED] - Statement - If (Checker == false): null

2018-12-13 23:43:58 - [TEST_STEP][PASSED] - delay: Delayed 2 second(s)

2018-12-13 23:44:00 - [MESSAGE][PASSED] - Delayed 2 second(s)

2018-12-13 23:44:00 - [TEST_STEP][PASSED] - delay: Delayed 5 second(s)

2018-12-13 23:44:05 - [MESSAGE][PASSED] - Delayed 5 second(s)

2018-12-13 23:44:05 - [TEST_STEP][PASSED] - mouseOver: Object: 'Object Repository/Final Object Repo/Landing Page/WorkFlow Menu' is hovered

2018-12-13 23:44:05 - [MESSAGE][PASSED] - Object: 'Object Repository/Final Object Repo/Landing Page/WorkFlow Menu' is hovered

2018-12-13 23:44:05 - [TEST_STEP][PASSED] - delay: Delayed 2 second(s)

2018-12-13 23:44:07 - [MESSAGE][PASSED] - Delayed 2 second(s)

2018-12-13 23:44:07 - [TEST_STEP][PASSED] - click: Object: 'Object Repository/Final Object Repo/Landing Page/Select to Workflow Listing' is clicked on

2018-12-13 23:44:08 - [MESSAGE][PASSED] - Object: 'Object Repository/Final Object Repo/Landing Page/Select to Workflow Listing' is clicked on

2018-12-13 23:44:08 - [TEST_STEP][PASSED] - delay: Delayed 2 second(s)

2018-12-13 23:44:10 - [MESSAGE][PASSED] - Delayed 2 second(s)

2018-12-13 23:44:10 - [TEST_STEP][PASSED] - click: Object: 'Object Repository/Final Object Repo/WorkFlow Listing Page/Search Information - To Put Ref No' is clicked on

2018-12-13 23:44:10 - [MESSAGE][PASSED] - Object: 'Object Repository/Final Object Repo/WorkFlow Listing Page/Search Information - To Put Ref No' is clicked on

2018-12-13 23:44:10 - [TEST_STEP][PASSED] - delay: Delayed 2 second(s)

2018-12-13 23:44:12 - [MESSAGE][PASSED] - Delayed 2 second(s)

2018-12-13 23:44:12 - [TEST_STEP][PASSED] - callTestCase: Call Test Case 'Test Cases/Final Aug 2018 - PKS Automation/Common/Reference Number Getter' successfully

2018-12-13 23:44:12 - [TEST_CASE][PASSED] - Test Cases/Final Aug 2018 - PKS Automation/Common/Reference Number Getter: Test Cases/Final Aug 2018 - PKS Automation/Common/Reference Number Getter

2018-12-13 23:44:12 - [TEST_STEP][PASSED] - Statement - Try: null

2018-12-13 23:44:12 - [TEST_STEP][PASSED] - Statement - RefNo = new java.io.File(C://Users//Admin//Desktop//PKS//Automation Reference Point//KatalonReference.txt): null

2018-12-13 23:44:12 - [TEST_STEP][PASSED] - Statement - bufferread = new java.io.BufferedReader(new java.io.FileReader(RefNo)): null

2018-12-13 23:44:12 - [TEST_STEP][PASSED] - Statement - readedVal = bufferread.readLine(): null

2018-12-13 23:44:12 - [TEST_STEP][PASSED] - Statement - out.println(CaseReferenceNo): null

2018-12-13 23:44:12 - [TEST_STEP][PASSED] - Statement - out.println(readedVal): null

2018-12-13 23:44:12 - [TEST_STEP][PASSED] - Statement - CaseReferenceNo = "": null

2018-12-13 23:44:12 - [TEST_STEP][PASSED] - Statement - CaseReferenceNo = readedVal: null

2018-12-13 23:44:12 - [MESSAGE][PASSED] - Call Test Case 'Test Cases/Final Aug 2018 - PKS Automation/Common/Reference Number Getter' successfully

2018-12-13 23:44:12 - [TEST_STEP][PASSED] - setText: Text 'CRN12201800123318' is set on object 'Object Repository/Final Object Repo/WorkFlow Listing Page/Ref No Set Text'

2018-12-13 23:44:12 - [MESSAGE][PASSED] - Text 'CRN12201800123318' is set on object 'Object Repository/Final Object Repo/WorkFlow Listing Page/Ref No Set Text'

2018-12-13 23:44:12 - [TEST_STEP][PASSED] - delay: Delayed 2 second(s)

2018-12-13 23:44:14 - [MESSAGE][PASSED] - Delayed 2 second(s)

2018-12-13 23:44:14 - [TEST_STEP][PASSED] - click: Object: 'Object Repository/Final Object Repo/WorkFlow Listing Page/Search Ref No Search Button' is clicked on

2018-12-13 23:44:15 - [MESSAGE][PASSED] - Object: 'Object Repository/Final Object Repo/WorkFlow Listing Page/Search Ref No Search Button' is clicked on

2018-12-13 23:44:15 - [TEST_STEP][PASSED] - delay: Delayed 6 second(s)

2018-12-13 23:44:21 - [MESSAGE][PASSED] - Delayed 6 second(s)

2018-12-13 23:44:21 - [TEST_STEP][PASSED] - click: Object: 'Object Repository/Final Object Repo/WorkFlow Listing Page/Click Continue Tooltip' is clicked on

2018-12-13 23:44:22 - [MESSAGE][PASSED] - Object: 'Object Repository/Final Object Repo/WorkFlow Listing Page/Click Continue Tooltip' is clicked on

2018-12-13 23:44:22 - [TEST_STEP][PASSED] - delay: Delayed 5 second(s)

2018-12-13 23:44:27 - [MESSAGE][PASSED] - Delayed 5 second(s)

2018-12-13 23:44:27 - [TEST_STEP][PASSED] - doubleClick: Object: 'Object Repository/Final Object Repo/WorkFlow Listing Page/Workflow Found - Listing 1' is double clicked on

2018-12-13 23:44:27 - [MESSAGE][PASSED] - Object: 'Object Repository/Final Object Repo/WorkFlow Listing Page/Workflow Found - Listing 1' is double clicked on

2018-12-13 23:44:27 - [TEST_STEP][PASSED] - Statement - println(OwnerID): null

2018-12-13 23:44:27 - [TEST_STEP][PASSED] - Statement - OwnerID = com.kms.katalon.core.webui.keyword.WebUiBuiltInKeywords.getText(com.kms.katalon.core.testobject.ObjectRepository.findTestObject(Final Object Repo/WorkFlow Listing Page/Workflow Found - Listing 1), STOP_ON_FAILURE): Text of object 'Object Repository/Final Object Repo/WorkFlow Listing Page/Workflow Found - Listing 1' is: 'JOHORro1'

2018-12-13 23:44:27 - [MESSAGE][PASSED] - Text of object 'Object Repository/Final Object Repo/WorkFlow Listing Page/Workflow Found - Listing 1' is: 'JOHORro1'

2018-12-13 23:44:27 - [TEST_STEP][PASSED] - Statement - OwnerID = OwnerID.toLowerCase() + "@gmail.com": null

2018-12-13 23:44:27 - [TEST_STEP][PASSED] - Statement - println(OwnerID): null

2018-12-13 23:44:27 - [TEST_STEP][PASSED] - delay: Delayed 2 second(s)

2018-12-13 23:44:29 - [MESSAGE][PASSED] - Delayed 2 second(s)

2018-12-13 23:44:29 - [MESSAGE][PASSED] - Call Test Case 'Test Cases/Final Aug 2018 - PKS Automation/Common/Workflow Owner Finder' successfully

2018-12-13 23:44:29 - [TEST_STEP][PASSED] - callTestCase: Call Test Case 'Test Cases/Final Aug 2018 - PKS Automation/Registration Module/Log Out/log out avoiding katalon tagging' successfully

2018-12-13 23:44:29 - [TEST_CASE][PASSED] - Test Cases/Final Aug 2018 - PKS Automation/Registration Module/Log Out/log out avoiding katalon tagging: Test Cases/Final Aug 2018 - PKS Automation/Registration Module/Log Out/log out avoiding katalon tagging

2018-12-13 23:44:29 - [TEST_STEP][PASSED] - navigateToUrl: Navigate to 'https://assist2-uat.perkeso.gov.my/c/portal/logout' successfully

2018-12-13 23:44:30 - [MESSAGE][PASSED] - Navigate to 'https://assist2-uat.perkeso.gov.my/c/portal/logout' successfully

2018-12-13 23:44:30 - [MESSAGE][PASSED] - Call Test Case 'Test Cases/Final Aug 2018 - PKS Automation/Registration Module/Log Out/log out avoiding katalon tagging' successfully

2018-12-13 23:44:30 - [TEST_STEP][PASSED] - delay: Delayed 2 second(s)

2018-12-13 23:44:32 - [MESSAGE][PASSED] - Delayed 2 second(s)

2018-12-13 23:44:32 - [TEST_STEP][PASSED] - setText: Text 'johorro1@gmail.com' is set on object 'Object Repository/Final Object Repo/Login Page/Internal User/Email Address'

2018-12-13 23:44:32 - [MESSAGE][PASSED] - Text 'johorro1@gmail.com' is set on object 'Object Repository/Final Object Repo/Login Page/Internal User/Email Address'

2018-12-13 23:44:32 - [TEST_STEP][PASSED] - click: Object: 'Object Repository/Final Object Repo/Login Page/Internal User/Next Button' is clicked on

2018-12-13 23:44:32 - [MESSAGE][PASSED] - Object: 'Object Repository/Final Object Repo/Login Page/Internal User/Next Button' is clicked on

2018-12-13 23:44:32 - [TEST_STEP][PASSED] - delay: Delayed 2 second(s)

2018-12-13 23:44:34 - [MESSAGE][PASSED] - Delayed 2 second(s)

2018-12-13 23:44:34 - [TEST_STEP][PASSED] - setText: Text 'Test1@3456789' is set on object 'Object Repository/Final Object Repo/Login Page/Internal User/Password'

2018-12-13 23:44:35 - [MESSAGE][PASSED] - Text 'Test1@3456789' is set on object 'Object Repository/Final Object Repo/Login Page/Internal User/Password'

2018-12-13 23:44:35 - [TEST_STEP][PASSED] - delay: Delayed 2 second(s)

2018-12-13 23:44:37 - [MESSAGE][PASSED] - Delayed 2 second(s)

2018-12-13 23:44:37 - [TEST_STEP][PASSED] - click: Object: 'Object Repository/Final Object Repo/Login Page/Internal User/Login Button' is clicked on

2018-12-13 23:44:37 - [MESSAGE][PASSED] - Object: 'Object Repository/Final Object Repo/Login Page/Internal User/Login Button' is clicked on

2018-12-13 23:44:37 - [TEST_STEP][PASSED] - delay: Delayed 2 second(s)

2018-12-13 23:44:39 - [MESSAGE][PASSED] - Delayed 2 second(s)

2018-12-13 23:44:39 - [TEST_STEP][PASSED] - Statement - Try: null

2018-12-13 23:44:39 - [TEST_STEP][PASSED] - Statement - Checker = com.kms.katalon.core.webui.keyword.WebUiBuiltInKeywords.verifyElementNotPresent("Final Object Repo/Landing Page/Select to English", 3): null

2018-12-13 23:44:39 - [TEST_STEP][PASSED] - Statement - Catch (Exception e): null

2018-12-13 23:44:39 - [TEST_STEP][PASSED] - Statement - e.printStackTrace(): null

2018-12-13 23:44:39 - [TEST_STEP][PASSED] - click: Object: 'Object Repository/Final Object Repo/New Registration - Registration Module Pages/New Reg - OTC to RO/Special Case - All Related Objects/Expand to Search' is clicked on

2018-12-13 23:44:39 - [MESSAGE][PASSED] - Object: 'Object Repository/Final Object Repo/New Registration - Registration Module Pages/New Reg - OTC to RO/Special Case - All Related Objects/Expand to Search' is clicked on

2018-12-13 23:44:39 - [TEST_STEP][PASSED] - callTestCase: Call Test Case 'Test Cases/Final Aug 2018 - PKS Automation/Common/Reference Number Getter' successfully

2018-12-13 23:44:39 - [TEST_CASE][PASSED] - Test Cases/Final Aug 2018 - PKS Automation/Common/Reference Number Getter: Test Cases/Final Aug 2018 - PKS Automation/Common/Reference Number Getter

2018-12-13 23:44:39 - [TEST_STEP][PASSED] - Statement - Try: null

2018-12-13 23:44:39 - [TEST_STEP][PASSED] - Statement - RefNo = new java.io.File(C://Users//Admin//Desktop//PKS//Automation Reference Point//KatalonReference.txt): null

2018-12-13 23:44:39 - [TEST_STEP][PASSED] - Statement - bufferread = new java.io.BufferedReader(new java.io.FileReader(RefNo)): null

2018-12-13 23:44:39 - [TEST_STEP][PASSED] - Statement - readedVal = bufferread.readLine(): null

2018-12-13 23:44:39 - [TEST_STEP][PASSED] - Statement - out.println(CaseReferenceNo): null

2018-12-13 23:44:39 - [TEST_STEP][PASSED] - Statement - out.println(readedVal): null

2018-12-13 23:44:39 - [TEST_STEP][PASSED] - Statement - CaseReferenceNo = "": null

2018-12-13 23:44:39 - [TEST_STEP][PASSED] - Statement - CaseReferenceNo = readedVal: null

2018-12-13 23:44:39 - [MESSAGE][PASSED] - Call Test Case 'Test Cases/Final Aug 2018 - PKS Automation/Common/Reference Number Getter' successfully

2018-12-13 23:44:39 - [TEST_STEP][PASSED] - setText: Text 'CRN12201800123318' is set on object 'Object Repository/Final Object Repo/New Registration - Registration Module Pages/New Reg - OTC to RO/Special Case - All Related Objects/TextBox RefNo in Workbasket'

2018-12-13 23:44:39 - [MESSAGE][PASSED] - Text 'CRN12201800123318' is set on object 'Object Repository/Final Object Repo/New Registration - Registration Module Pages/New Reg - OTC to RO/Special Case - All Related Objects/TextBox RefNo in Workbasket'

2018-12-13 23:44:39 - [TEST_STEP][PASSED] - delay: Delayed 2 second(s)

2018-12-13 23:44:41 - [MESSAGE][PASSED] - Delayed 2 second(s)

2018-12-13 23:44:41 - [TEST_STEP][PASSED] - click: Object: 'Object Repository/Final Object Repo/New Registration - Registration Module Pages/New Reg - OTC to RO/Special Case - All Related Objects/Click Search' is clicked on

2018-12-13 23:44:42 - [MESSAGE][PASSED] - Object: 'Object Repository/Final Object Repo/New Registration - Registration Module Pages/New Reg - OTC to RO/Special Case - All Related Objects/Click Search' is clicked on

2018-12-13 23:44:42 - [TEST_STEP][PASSED] - delay: Delayed 2 second(s)

2018-12-13 23:44:44 - [MESSAGE][PASSED] - Delayed 2 second(s)

2018-12-13 23:44:44 - [TEST_STEP][PASSED] - click: Object: 'Object Repository/Final Object Repo/New Registration - Registration Module Pages/New Reg - OTC to RO/Special Case - All Related Objects/Click to Continue Workflow' is clicked on

2018-12-13 23:44:47 - [MESSAGE][PASSED] - Object: 'Object Repository/Final Object Repo/New Registration - Registration Module Pages/New Reg - OTC to RO/Special Case - All Related Objects/Click to Continue Workflow' is clicked on

2018-12-13 23:44:47 - [TEST_STEP][PASSED] - delay: Delayed 2 second(s)

2018-12-13 23:44:49 - [MESSAGE][PASSED] - Delayed 2 second(s)

2018-12-13 23:44:49 - [TEST_STEP][PASSED] - click: Object: 'Object Repository/Final Object Repo/New Registration - Registration Module Pages/New Reg - OTC to RO/Special Case - All Related Objects/Continue Button in verifying case' is clicked on

2018-12-13 23:44:51 - [MESSAGE][PASSED] - Object: 'Object Repository/Final Object Repo/New Registration - Registration Module Pages/New Reg - OTC to RO/Special Case - All Related Objects/Continue Button in verifying case' is clicked on

2018-12-13 23:44:51 - [TEST_STEP][PASSED] - delay: Delayed 2 second(s)

2018-12-13 23:44:53 - [MESSAGE][PASSED] - Delayed 2 second(s)

2018-12-13 23:44:53 - [TEST_STEP][PASSED] - click: Object: 'Object Repository/Final Object Repo/New Registration - Registration Module Pages/New Reg - OTC to RO/Special Case - All Related Objects/Form 1 Save n Continue' is clicked on

2018-12-13 23:44:53 - [MESSAGE][PASSED] - Object: 'Object Repository/Final Object Repo/New Registration - Registration Module Pages/New Reg - OTC to RO/Special Case - All Related Objects/Form 1 Save n Continue' is clicked on

2018-12-13 23:44:53 - [TEST_STEP][PASSED] - delay: Delayed 2 second(s)

2018-12-13 23:44:55 - [MESSAGE][PASSED] - Delayed 2 second(s)

2018-12-13 23:44:55 - [TEST_STEP][PASSED] - click: Object: 'Object Repository/Final Object Repo/New Registration - Registration Module Pages/New Reg - OTC to RO/Special Case - All Related Objects/Form 2 Save n Continue' is clicked on

2018-12-13 23:44:55 - [MESSAGE][PASSED] - Object: 'Object Repository/Final Object Repo/New Registration - Registration Module Pages/New Reg - OTC to RO/Special Case - All Related Objects/Form 2 Save n Continue' is clicked on

2018-12-13 23:44:55 - [TEST_STEP][PASSED] - delay: Delayed 2 second(s)

2018-12-13 23:44:57 - [MESSAGE][PASSED] - Delayed 2 second(s)

2018-12-13 23:44:57 - [TEST_STEP][PASSED] - click: Object: 'Object Repository/Final Object Repo/New Registration - Registration Module Pages/New Reg - OTC to RO/Special Case - All Related Objects/Third Screen Save n Continue' is clicked on

2018-12-13 23:45:03 - [MESSAGE][PASSED] - Object: 'Object Repository/Final Object Repo/New Registration - Registration Module Pages/New Reg - OTC to RO/Special Case - All Related Objects/Third Screen Save n Continue' is clicked on

2018-12-13 23:45:03 - [TEST_STEP][PASSED] - delay: Delayed 5 second(s)

2018-12-13 23:45:08 - [MESSAGE][PASSED] - Delayed 5 second(s)

2018-12-13 23:45:08 - [TEST_STEP][PASSED] - click: Object: 'Object Repository/Final Object Repo/New Registration - Registration Module Pages/New Reg - OTC to RO/Special Case - All Related Objects/Upload Doc Page Save n Continue' is clicked on

2018-12-13 23:45:08 - [MESSAGE][PASSED] - Object: 'Object Repository/Final Object Repo/New Registration - Registration Module Pages/New Reg - OTC to RO/Special Case - All Related Objects/Upload Doc Page Save n Continue' is clicked on

2018-12-13 23:45:08 - [TEST_STEP][PASSED] - delay: Delayed 5 second(s)

2018-12-13 23:45:13 - [MESSAGE][PASSED] - Delayed 5 second(s)

2018-12-13 23:45:13 - [TEST_STEP][FAILED] - callTestCase: Unable to call Test Case with id 'Test Cases/Final Aug 2018 - PKS Automation/Registration Module/New Registration/Submit and Screenshot/Submit Registration and Screenshot' (Root cause: Call Test Case 'Test Cases/Final Aug 2018 - PKS Automation/Registration Module/New Registration/Submit and Screenshot/Submit Registration and Screenshot' failed)

2018-12-13 23:45:13 - [TEST_CASE][FAILED] - Test Cases/Final Aug 2018 - PKS Automation/Registration Module/New Registration/Submit and Screenshot/Submit Registration and Screenshot: Test Cases/Final Aug 2018 - PKS Automation/Registration Module/New Registration/Submit and Screenshot/Submit Registration and Screenshot FAILED because (of) (Stack trace: com.kms.katalon.core.exception.StepFailedException: Unable to click on object 'Object Repository/Final Object Repo/New Registration - Registration Module Pages/Third Screen - Upload Supporting Doc- Preview/Preview Submit Button' (Root cause: com.kms.katalon.core.webui.exception.WebElementNotFoundException: Web element with id: 'Object Repository/Final Object Repo/New Registration - Registration Module Pages/Third Screen - Upload Supporting Doc- Preview/Preview Submit Button' located by 'By.xpath: //a[@popupvalidatesubmit = 'true' and @class = 'btn btn-lg blueBtn col-md-2 pull-right browserIdBtn' and (text() = ' SUBMIT
					' or . = ' SUBMIT
					')]' not found)
	at com.kms.katalon.core.keyword.internal.KeywordMain.stepFailed(KeywordMain.groovy:32)
	at com.kms.katalon.core.webui.keyword.internal.WebUIKeywordMain.stepFailed(WebUIKeywordMain.groovy:65)
	at com.kms.katalon.core.webui.keyword.internal.WebUIKeywordMain.runKeyword(WebUIKeywordMain.groovy:27)
	at com.kms.katalon.core.webui.keyword.builtin.ClickKeyword.click(ClickKeyword.groovy:86)
	at com.kms.katalon.core.webui.keyword.builtin.ClickKeyword.execute(ClickKeyword.groovy:67)
	at com.kms.katalon.core.keyword.internal.KeywordExecutor.executeKeywordForPlatform(KeywordExecutor.groovy:53)
	at com.kms.katalon.core.webui.keyword.WebUiBuiltInKeywords.click(WebUiBuiltInKeywords.groovy:616)
	at com.kms.katalon.core.webui.keyword.WebUiBuiltInKeywords$click$2.call(Unknown Source)
	at Script1534476274484.run(Script1534476274484.groovy:32)
	at com.kms.katalon.core.main.ScriptEngine.run(ScriptEngine.java:183)
	at com.kms.katalon.core.main.ScriptEngine.runScriptAsRawText(ScriptEngine.java:108)
	at com.kms.katalon.core.main.TestCaseExecutor.runScript(TestCaseExecutor.java:294)
	at com.kms.katalon.core.main.TestCaseExecutor.doExecute(TestCaseExecutor.java:285)
	at com.kms.katalon.core.main.TestCaseExecutor.processExecutionPhase(TestCaseExecutor.java:264)
	at com.kms.katalon.core.main.TestCaseExecutor.accessMainPhase(TestCaseExecutor.java:256)
	at com.kms.katalon.core.main.TestCaseExecutor.execute(TestCaseExecutor.java:200)
	at com.kms.katalon.core.main.TestCaseMain.runTestCase(TestCaseMain.java:99)
	at com.kms.katalon.core.keyword.builtin.CallTestCaseKeyword$_callTestCase_closure1.doCall(CallTestCaseKeyword.groovy:60)
	at com.kms.katalon.core.keyword.builtin.CallTestCaseKeyword$_callTestCase_closure1.call(CallTestCaseKeyword.groovy)
	at com.kms.katalon.core.keyword.internal.KeywordMain.runKeyword(KeywordMain.groovy:54)
	at com.kms.katalon.core.keyword.builtin.CallTestCaseKeyword.callTestCase(CallTestCaseKeyword.groovy:81)
	at com.kms.katalon.core.keyword.builtin.CallTestCaseKeyword.execute(CallTestCaseKeyword.groovy:45)
	at com.kms.katalon.core.keyword.internal.KeywordExecutor.executeKeywordForPlatform(KeywordExecutor.groovy:53)
	at com.kms.katalon.core.keyword.BuiltinKeywords.callTestCase(BuiltinKeywords.groovy:334)
	at sun.reflect.GeneratedMethodAccessor13.invoke(Unknown Source)
	at sun.reflect.DelegatingMethodAccessorImpl.invoke(DelegatingMethodAccessorImpl.java:43)
	at java.lang.reflect.Method.invoke(Method.java:498)
	at org.codehaus.groovy.reflection.CachedMethod.invoke(CachedMethod.java:93)
	at groovy.lang.MetaMethod.doMethodInvoke(MetaMethod.java:325)
	at groovy.lang.MetaClassImpl.invokeStaticMethod(MetaClassImpl.java:1469)
	at org.codehaus.groovy.runtime.callsite.StaticMetaClassSite.call(StaticMetaClassSite.java:53)
	at org.codehaus.groovy.runtime.callsite.CallSiteArray.defaultCall(CallSiteArray.java:48)
	at org.codehaus.groovy.runtime.callsite.AbstractCallSite.call(AbstractCallSite.java:113)
	at org.codehaus.groovy.runtime.callsite.AbstractCallSite.call(AbstractCallSite.java:141)
	at Script1535619019036.run(Script1535619019036.groovy:268)
	at com.kms.katalon.core.main.ScriptEngine.run(ScriptEngine.java:183)
	at com.kms.katalon.core.main.ScriptEngine.runScriptAsRawText(ScriptEngine.java:108)
	at com.kms.katalon.core.main.TestCaseExecutor.runScript(TestCaseExecutor.java:294)
	at com.kms.katalon.core.main.TestCaseExecutor.doExecute(TestCaseExecutor.java:285)
	at com.kms.katalon.core.main.TestCaseExecutor.processExecutionPhase(TestCaseExecutor.java:264)
	at com.kms.katalon.core.main.TestCaseExecutor.accessMainPhase(TestCaseExecutor.java:256)
	at com.kms.katalon.core.main.TestCaseExecutor.execute(TestCaseExecutor.java:200)
	at com.kms.katalon.core.main.TestSuiteExecutor.accessTestCaseMainPhase(TestSuiteExecutor.java:129)
	at com.kms.katalon.core.main.TestSuiteExecutor.accessTestSuiteMainPhase(TestSuiteExecutor.java:112)
	at com.kms.katalon.core.main.TestSuiteExecutor.execute(TestSuiteExecutor.java:81)
	at com.kms.katalon.core.main.TestCaseMain.startTestSuite(TestCaseMain.java:142)
	at com.kms.katalon.core.main.TestCaseMain$startTestSuite$0.call(Unknown Source)
	at org.codehaus.groovy.runtime.callsite.CallSiteArray.defaultCall(CallSiteArray.java:48)
	at org.codehaus.groovy.runtime.callsite.AbstractCallSite.call(AbstractCallSite.java:113)
	at org.codehaus.groovy.runtime.callsite.AbstractCallSite.call(AbstractCallSite.java:141)
	at TempTestSuite1544701631622.run(TempTestSuite1544701631622.groovy:36)
	at groovy.lang.GroovyShell.runScriptOrMainOrTestOrRunnable(GroovyShell.java:263)
	at groovy.lang.GroovyShell.run(GroovyShell.java:518)
	at groovy.lang.GroovyShell.run(GroovyShell.java:507)
	at groovy.ui.GroovyMain.processOnce(GroovyMain.java:653)
	at groovy.ui.GroovyMain.run(GroovyMain.java:384)
	at groovy.ui.GroovyMain.process(GroovyMain.java:370)
	at groovy.ui.GroovyMain.processArgs(GroovyMain.java:129)
	at groovy.ui.GroovyMain.main(GroovyMain.java:109)
	at sun.reflect.NativeMethodAccessorImpl.invoke0(Native Method)
	at sun.reflect.NativeMethodAccessorImpl.invoke(NativeMethodAccessorImpl.java:62)
	at sun.reflect.DelegatingMethodAccessorImpl.invoke(DelegatingMethodAccessorImpl.java:43)
	at java.lang.reflect.Method.invoke(Method.java:498)
	at org.codehaus.groovy.tools.GroovyStarter.rootLoader(GroovyStarter.java:109)
	at org.codehaus.groovy.tools.GroovyStarter.main(GroovyStarter.java:131)
)

2018-12-13 23:45:13 - [TEST_STEP][PASSED] - delay: Delayed 6 second(s)

2018-12-13 23:45:19 - [MESSAGE][PASSED] - Delayed 6 second(s)

2018-12-13 23:45:19 - [TEST_STEP][FAILED] - click: Unable to click on object 'Object Repository/Final Object Repo/New Registration - Registration Module Pages/Third Screen - Upload Supporting Doc- Preview/Preview Submit Button' (Root cause: com.kms.katalon.core.webui.exception.WebElementNotFoundException: Web element with id: 'Object Repository/Final Object Repo/New Registration - Registration Module Pages/Third Screen - Upload Supporting Doc- Preview/Preview Submit Button' located by 'By.xpath: //a[@popupvalidatesubmit = 'true' and @class = 'btn btn-lg blueBtn col-md-2 pull-right browserIdBtn' and (text() = ' SUBMIT
					' or . = ' SUBMIT
					')]' not found)

2018-12-13 23:45:55 - [MESSAGE][FAILED] - Unable to click on object 'Object Repository/Final Object Repo/New Registration - Registration Module Pages/Third Screen - Upload Supporting Doc- Preview/Preview Submit Button' (Root cause: com.kms.katalon.core.webui.exception.WebElementNotFoundException: Web element with id: 'Object Repository/Final Object Repo/New Registration - Registration Module Pages/Third Screen - Upload Supporting Doc- Preview/Preview Submit Button' located by 'By.xpath: //a[@popupvalidatesubmit = 'true' and @class = 'btn btn-lg blueBtn col-md-2 pull-right browserIdBtn' and (text() = ' SUBMIT
					' or . = ' SUBMIT
					')]' not found)
[[ATTACHMENT|C:\\Users\\Admin\\Desktop\\PKS\\Perkeso Phase A\\Reports\\Workflow\\New Registration\\20181213_194711\\1544715954884.png]]

2018-12-13 23:45:55 - [TEST_STEP][PASSED] - delay: Delayed 2 second(s)

2018-12-13 23:45:57 - [MESSAGE][PASSED] - Delayed 2 second(s)

2018-12-13 23:45:57 - [TEST_STEP][FAILED] - click: Unable to click on object 'Object Repository/Final Object Repo/New Registration - Registration Module Pages/Third Screen - Upload Supporting Doc- Preview/Preview Submit - Confirm' (Root cause: com.kms.katalon.core.webui.exception.WebElementNotFoundException: Web element with id: 'Object Repository/Final Object Repo/New Registration - Registration Module Pages/Third Screen - Upload Supporting Doc- Preview/Preview Submit - Confirm' located by 'By.xpath: //span[@id = 'confirmword' and (text() = 'CONFIRM' or . = 'CONFIRM')]' not found)

2018-12-13 23:46:29 - [MESSAGE][FAILED] - Unable to click on object 'Object Repository/Final Object Repo/New Registration - Registration Module Pages/Third Screen - Upload Supporting Doc- Preview/Preview Submit - Confirm' (Root cause: com.kms.katalon.core.webui.exception.WebElementNotFoundException: Web element with id: 'Object Repository/Final Object Repo/New Registration - Registration Module Pages/Third Screen - Upload Supporting Doc- Preview/Preview Submit - Confirm' located by 'By.xpath: //span[@id = 'confirmword' and (text() = 'CONFIRM' or . = 'CONFIRM')]' not found)
[[ATTACHMENT|C:\\Users\\Admin\\Desktop\\PKS\\Perkeso Phase A\\Reports\\Workflow\\New Registration\\20181213_194711\\1544715989146.png]]

2018-12-13 23:46:29 - [TEST_STEP][PASSED] - delay: Delayed 15 second(s)

2018-12-13 23:46:44 - [MESSAGE][PASSED] - Delayed 15 second(s)

2018-12-13 23:46:44 - [TEST_STEP][PASSED] - Statement - driver = com.kms.katalon.core.webui.driver.DriverFactory.getWebDriver(): null

2018-12-13 23:46:44 - [TEST_STEP][PASSED] - Statement - driver.manage().timeouts().implicitlyWait(10, SECONDS): null

2018-12-13 23:46:44 - [TEST_STEP][PASSED] - Statement - PresavePath = KatalonScreenshots: null

2018-12-13 23:46:44 - [TEST_STEP][PASSED] - Statement - pathPrefix = "C:\Users\Public\Pictures\Sample Pictures\Katalon Screenshots\Automate Ending Screen": null

2018-12-13 23:46:44 - [TEST_STEP][PASSED] - Statement - finalPath = <not implemented yet for class: org.codehaus.groovy.ast.expr.EmptyExpression>: null

2018-12-13 23:46:44 - [TEST_STEP][PASSED] - Statement - scrFile = driver.getScreenshotAs(FILE): null

2018-12-13 23:46:44 - [TEST_STEP][PASSED] - Statement - PreSaveFile = new java.io.File(PresavePath): null

2018-12-13 23:46:44 - [TEST_STEP][PASSED] - Statement - counter = 0: null

2018-12-13 23:46:44 - [TEST_STEP][PASSED] - Statement - If (PreSaveFile.exists()): null

2018-12-13 23:46:44 - [TEST_STEP][PASSED] - Statement - While (PreSaveFile.exists()): null

2018-12-13 23:46:44 - [TEST_STEP][PASSED] - Statement - counter = counter + 1: null

2018-12-13 23:46:44 - [TEST_STEP][PASSED] - Statement - PreSaveFile = new java.io.File(((pathPrefix + java.lang.Integer.toString(counter)) + .png)): null

2018-12-13 23:46:44 - [TEST_STEP][PASSED] - Statement - counter = counter + 1: null

2018-12-13 23:46:44 - [TEST_STEP][PASSED] - Statement - PreSaveFile = new java.io.File(((pathPrefix + java.lang.Integer.toString(counter)) + .png)): null

2018-12-13 23:46:44 - [TEST_STEP][PASSED] - Statement - counter = counter + 1: null

2018-12-13 23:46:44 - [TEST_STEP][PASSED] - Statement - PreSaveFile = new java.io.File(((pathPrefix + java.lang.Integer.toString(counter)) + .png)): null

2018-12-13 23:46:44 - [TEST_STEP][PASSED] - Statement - counter = counter + 1: null

2018-12-13 23:46:44 - [TEST_STEP][PASSED] - Statement - PreSaveFile = new java.io.File(((pathPrefix + java.lang.Integer.toString(counter)) + .png)): null

2018-12-13 23:46:44 - [TEST_STEP][PASSED] - Statement - counter = counter + 1: null

2018-12-13 23:46:44 - [TEST_STEP][PASSED] - Statement - PreSaveFile = new java.io.File(((pathPrefix + java.lang.Integer.toString(counter)) + .png)): null

2018-12-13 23:46:44 - [TEST_STEP][PASSED] - Statement - counter = counter + 1: null

2018-12-13 23:46:44 - [TEST_STEP][PASSED] - Statement - PreSaveFile = new java.io.File(((pathPrefix + java.lang.Integer.toString(counter)) + .png)): null

2018-12-13 23:46:44 - [TEST_STEP][PASSED] - Statement - counter = counter + 1: null

2018-12-13 23:46:44 - [TEST_STEP][PASSED] - Statement - PreSaveFile = new java.io.File(((pathPrefix + java.lang.Integer.toString(counter)) + .png)): null

2018-12-13 23:46:44 - [TEST_STEP][PASSED] - Statement - counter = counter + 1: null

2018-12-13 23:46:44 - [TEST_STEP][PASSED] - Statement - PreSaveFile = new java.io.File(((pathPrefix + java.lang.Integer.toString(counter)) + .png)): null

2018-12-13 23:46:44 - [TEST_STEP][PASSED] - Statement - counter = counter + 1: null

2018-12-13 23:46:44 - [TEST_STEP][PASSED] - Statement - PreSaveFile = new java.io.File(((pathPrefix + java.lang.Integer.toString(counter)) + .png)): null

2018-12-13 23:46:44 - [TEST_STEP][PASSED] - Statement - counter = counter + 1: null

2018-12-13 23:46:44 - [TEST_STEP][PASSED] - Statement - PreSaveFile = new java.io.File(((pathPrefix + java.lang.Integer.toString(counter)) + .png)): null

2018-12-13 23:46:44 - [TEST_STEP][PASSED] - Statement - counter = counter + 1: null

2018-12-13 23:46:44 - [TEST_STEP][PASSED] - Statement - PreSaveFile = new java.io.File(((pathPrefix + java.lang.Integer.toString(counter)) + .png)): null

2018-12-13 23:46:44 - [TEST_STEP][PASSED] - Statement - counter = counter + 1: null

2018-12-13 23:46:44 - [TEST_STEP][PASSED] - Statement - PreSaveFile = new java.io.File(((pathPrefix + java.lang.Integer.toString(counter)) + .png)): null

2018-12-13 23:46:44 - [TEST_STEP][PASSED] - Statement - counter = counter + 1: null

2018-12-13 23:46:44 - [TEST_STEP][PASSED] - Statement - PreSaveFile = new java.io.File(((pathPrefix + java.lang.Integer.toString(counter)) + .png)): null

2018-12-13 23:46:44 - [TEST_STEP][PASSED] - Statement - counter = counter + 1: null

2018-12-13 23:46:44 - [TEST_STEP][PASSED] - Statement - PreSaveFile = new java.io.File(((pathPrefix + java.lang.Integer.toString(counter)) + .png)): null

2018-12-13 23:46:44 - [TEST_STEP][PASSED] - Statement - counter = counter + 1: null

2018-12-13 23:46:44 - [TEST_STEP][PASSED] - Statement - PreSaveFile = new java.io.File(((pathPrefix + java.lang.Integer.toString(counter)) + .png)): null

2018-12-13 23:46:44 - [TEST_STEP][PASSED] - Statement - counter = counter + 1: null

2018-12-13 23:46:44 - [TEST_STEP][PASSED] - Statement - PreSaveFile = new java.io.File(((pathPrefix + java.lang.Integer.toString(counter)) + .png)): null

2018-12-13 23:46:44 - [TEST_STEP][PASSED] - Statement - counter = counter + 1: null

2018-12-13 23:46:44 - [TEST_STEP][PASSED] - Statement - PreSaveFile = new java.io.File(((pathPrefix + java.lang.Integer.toString(counter)) + .png)): null

2018-12-13 23:46:44 - [TEST_STEP][PASSED] - Statement - counter = counter + 1: null

2018-12-13 23:46:44 - [TEST_STEP][PASSED] - Statement - PreSaveFile = new java.io.File(((pathPrefix + java.lang.Integer.toString(counter)) + .png)): null

2018-12-13 23:46:44 - [TEST_STEP][PASSED] - Statement - counter = counter + 1: null

2018-12-13 23:46:44 - [TEST_STEP][PASSED] - Statement - PreSaveFile = new java.io.File(((pathPrefix + java.lang.Integer.toString(counter)) + .png)): null

2018-12-13 23:46:44 - [TEST_STEP][PASSED] - Statement - counter = counter + 1: null

2018-12-13 23:46:44 - [TEST_STEP][PASSED] - Statement - PreSaveFile = new java.io.File(((pathPrefix + java.lang.Integer.toString(counter)) + .png)): null

2018-12-13 23:46:44 - [TEST_STEP][PASSED] - Statement - counter = counter + 1: null

2018-12-13 23:46:44 - [TEST_STEP][PASSED] - Statement - PreSaveFile = new java.io.File(((pathPrefix + java.lang.Integer.toString(counter)) + .png)): null

2018-12-13 23:46:44 - [TEST_STEP][PASSED] - Statement - counter = counter + 1: null

2018-12-13 23:46:44 - [TEST_STEP][PASSED] - Statement - PreSaveFile = new java.io.File(((pathPrefix + java.lang.Integer.toString(counter)) + .png)): null

2018-12-13 23:46:44 - [TEST_STEP][PASSED] - Statement - counter = counter + 1: null

2018-12-13 23:46:44 - [TEST_STEP][PASSED] - Statement - PreSaveFile = new java.io.File(((pathPrefix + java.lang.Integer.toString(counter)) + .png)): null

2018-12-13 23:46:44 - [TEST_STEP][PASSED] - Statement - counter = counter + 1: null

2018-12-13 23:46:44 - [TEST_STEP][PASSED] - Statement - PreSaveFile = new java.io.File(((pathPrefix + java.lang.Integer.toString(counter)) + .png)): null

2018-12-13 23:46:44 - [TEST_STEP][PASSED] - Statement - counter = counter + 1: null

2018-12-13 23:46:44 - [TEST_STEP][PASSED] - Statement - PreSaveFile = new java.io.File(((pathPrefix + java.lang.Integer.toString(counter)) + .png)): null

2018-12-13 23:46:44 - [TEST_STEP][PASSED] - Statement - counter = counter + 1: null

2018-12-13 23:46:44 - [TEST_STEP][PASSED] - Statement - PreSaveFile = new java.io.File(((pathPrefix + java.lang.Integer.toString(counter)) + .png)): null

2018-12-13 23:46:44 - [TEST_STEP][PASSED] - Statement - counter = counter + 1: null

2018-12-13 23:46:44 - [TEST_STEP][PASSED] - Statement - PreSaveFile = new java.io.File(((pathPrefix + java.lang.Integer.toString(counter)) + .png)): null

2018-12-13 23:46:44 - [TEST_STEP][PASSED] - Statement - counter = counter + 1: null

2018-12-13 23:46:44 - [TEST_STEP][PASSED] - Statement - PreSaveFile = new java.io.File(((pathPrefix + java.lang.Integer.toString(counter)) + .png)): null

2018-12-13 23:46:44 - [TEST_STEP][PASSED] - Statement - counter = counter + 1: null

2018-12-13 23:46:44 - [TEST_STEP][PASSED] - Statement - PreSaveFile = new java.io.File(((pathPrefix + java.lang.Integer.toString(counter)) + .png)): null

2018-12-13 23:46:44 - [TEST_STEP][PASSED] - Statement - counter = counter + 1: null

2018-12-13 23:46:44 - [TEST_STEP][PASSED] - Statement - PreSaveFile = new java.io.File(((pathPrefix + java.lang.Integer.toString(counter)) + .png)): null

2018-12-13 23:46:44 - [TEST_STEP][PASSED] - Statement - counter = counter + 1: null

2018-12-13 23:46:44 - [TEST_STEP][PASSED] - Statement - PreSaveFile = new java.io.File(((pathPrefix + java.lang.Integer.toString(counter)) + .png)): null

2018-12-13 23:46:44 - [TEST_STEP][PASSED] - Statement - counter = counter + 1: null

2018-12-13 23:46:44 - [TEST_STEP][PASSED] - Statement - PreSaveFile = new java.io.File(((pathPrefix + java.lang.Integer.toString(counter)) + .png)): null

2018-12-13 23:46:44 - [TEST_STEP][PASSED] - Statement - counter = counter + 1: null

2018-12-13 23:46:44 - [TEST_STEP][PASSED] - Statement - PreSaveFile = new java.io.File(((pathPrefix + java.lang.Integer.toString(counter)) + .png)): null

2018-12-13 23:46:44 - [TEST_STEP][PASSED] - Statement - counter = counter + 1: null

2018-12-13 23:46:44 - [TEST_STEP][PASSED] - Statement - PreSaveFile = new java.io.File(((pathPrefix + java.lang.Integer.toString(counter)) + .png)): null

2018-12-13 23:46:44 - [TEST_STEP][PASSED] - Statement - counter = counter + 1: null

2018-12-13 23:46:44 - [TEST_STEP][PASSED] - Statement - PreSaveFile = new java.io.File(((pathPrefix + java.lang.Integer.toString(counter)) + .png)): null

2018-12-13 23:46:44 - [TEST_STEP][PASSED] - Statement - counter = counter + 1: null

2018-12-13 23:46:44 - [TEST_STEP][PASSED] - Statement - PreSaveFile = new java.io.File(((pathPrefix + java.lang.Integer.toString(counter)) + .png)): null

2018-12-13 23:46:44 - [TEST_STEP][PASSED] - Statement - counter = counter + 1: null

2018-12-13 23:46:44 - [TEST_STEP][PASSED] - Statement - PreSaveFile = new java.io.File(((pathPrefix + java.lang.Integer.toString(counter)) + .png)): null

2018-12-13 23:46:44 - [TEST_STEP][PASSED] - Statement - counter = counter + 1: null

2018-12-13 23:46:44 - [TEST_STEP][PASSED] - Statement - PreSaveFile = new java.io.File(((pathPrefix + java.lang.Integer.toString(counter)) + .png)): null

2018-12-13 23:46:44 - [TEST_STEP][PASSED] - Statement - counter = counter + 1: null

2018-12-13 23:46:44 - [TEST_STEP][PASSED] - Statement - PreSaveFile = new java.io.File(((pathPrefix + java.lang.Integer.toString(counter)) + .png)): null

2018-12-13 23:46:44 - [TEST_STEP][PASSED] - Statement - counter = counter + 1: null

2018-12-13 23:46:44 - [TEST_STEP][PASSED] - Statement - PreSaveFile = new java.io.File(((pathPrefix + java.lang.Integer.toString(counter)) + .png)): null

2018-12-13 23:46:44 - [TEST_STEP][PASSED] - Statement - counter = counter + 1: null

2018-12-13 23:46:44 - [TEST_STEP][PASSED] - Statement - PreSaveFile = new java.io.File(((pathPrefix + java.lang.Integer.toString(counter)) + .png)): null

2018-12-13 23:46:44 - [TEST_STEP][PASSED] - Statement - counter = counter + 1: null

2018-12-13 23:46:44 - [TEST_STEP][PASSED] - Statement - PreSaveFile = new java.io.File(((pathPrefix + java.lang.Integer.toString(counter)) + .png)): null

2018-12-13 23:46:44 - [TEST_STEP][PASSED] - Statement - counter = counter + 1: null

2018-12-13 23:46:44 - [TEST_STEP][PASSED] - Statement - PreSaveFile = new java.io.File(((pathPrefix + java.lang.Integer.toString(counter)) + .png)): null

2018-12-13 23:46:44 - [TEST_STEP][PASSED] - Statement - counter = counter + 1: null

2018-12-13 23:46:44 - [TEST_STEP][PASSED] - Statement - PreSaveFile = new java.io.File(((pathPrefix + java.lang.Integer.toString(counter)) + .png)): null

2018-12-13 23:46:44 - [TEST_STEP][PASSED] - Statement - counter = counter + 1: null

2018-12-13 23:46:44 - [TEST_STEP][PASSED] - Statement - PreSaveFile = new java.io.File(((pathPrefix + java.lang.Integer.toString(counter)) + .png)): null

2018-12-13 23:46:44 - [TEST_STEP][PASSED] - Statement - counter = counter + 1: null

2018-12-13 23:46:44 - [TEST_STEP][PASSED] - Statement - PreSaveFile = new java.io.File(((pathPrefix + java.lang.Integer.toString(counter)) + .png)): null

2018-12-13 23:46:44 - [TEST_STEP][PASSED] - Statement - counter = counter + 1: null

2018-12-13 23:46:44 - [TEST_STEP][PASSED] - Statement - PreSaveFile = new java.io.File(((pathPrefix + java.lang.Integer.toString(counter)) + .png)): null

2018-12-13 23:46:44 - [TEST_STEP][PASSED] - Statement - counter = counter + 1: null

2018-12-13 23:46:44 - [TEST_STEP][PASSED] - Statement - PreSaveFile = new java.io.File(((pathPrefix + java.lang.Integer.toString(counter)) + .png)): null

2018-12-13 23:46:44 - [TEST_STEP][PASSED] - Statement - counter = counter + 1: null

2018-12-13 23:46:44 - [TEST_STEP][PASSED] - Statement - PreSaveFile = new java.io.File(((pathPrefix + java.lang.Integer.toString(counter)) + .png)): null

2018-12-13 23:46:44 - [TEST_STEP][PASSED] - Statement - counter = counter + 1: null

2018-12-13 23:46:44 - [TEST_STEP][PASSED] - Statement - PreSaveFile = new java.io.File(((pathPrefix + java.lang.Integer.toString(counter)) + .png)): null

2018-12-13 23:46:44 - [TEST_STEP][PASSED] - Statement - counter = counter + 1: null

2018-12-13 23:46:44 - [TEST_STEP][PASSED] - Statement - PreSaveFile = new java.io.File(((pathPrefix + java.lang.Integer.toString(counter)) + .png)): null

2018-12-13 23:46:44 - [TEST_STEP][PASSED] - Statement - counter = counter + 1: null

2018-12-13 23:46:44 - [TEST_STEP][PASSED] - Statement - PreSaveFile = new java.io.File(((pathPrefix + java.lang.Integer.toString(counter)) + .png)): null

2018-12-13 23:46:44 - [TEST_STEP][PASSED] - Statement - counter = counter + 1: null

2018-12-13 23:46:44 - [TEST_STEP][PASSED] - Statement - PreSaveFile = new java.io.File(((pathPrefix + java.lang.Integer.toString(counter)) + .png)): null

2018-12-13 23:46:44 - [TEST_STEP][PASSED] - Statement - counter = counter + 1: null

2018-12-13 23:46:44 - [TEST_STEP][PASSED] - Statement - PreSaveFile = new java.io.File(((pathPrefix + java.lang.Integer.toString(counter)) + .png)): null

2018-12-13 23:46:44 - [TEST_STEP][PASSED] - Statement - counter = counter + 1: null

2018-12-13 23:46:44 - [TEST_STEP][PASSED] - Statement - PreSaveFile = new java.io.File(((pathPrefix + java.lang.Integer.toString(counter)) + .png)): null

2018-12-13 23:46:44 - [TEST_STEP][PASSED] - Statement - counter = counter + 1: null

2018-12-13 23:46:44 - [TEST_STEP][PASSED] - Statement - PreSaveFile = new java.io.File(((pathPrefix + java.lang.Integer.toString(counter)) + .png)): null

2018-12-13 23:46:45 - [TEST_STEP][PASSED] - Statement - counter = counter + 1: null

2018-12-13 23:46:45 - [TEST_STEP][PASSED] - Statement - PreSaveFile = new java.io.File(((pathPrefix + java.lang.Integer.toString(counter)) + .png)): null

2018-12-13 23:46:45 - [TEST_STEP][PASSED] - Statement - counter = counter + 1: null

2018-12-13 23:46:45 - [TEST_STEP][PASSED] - Statement - PreSaveFile = new java.io.File(((pathPrefix + java.lang.Integer.toString(counter)) + .png)): null

2018-12-13 23:46:45 - [TEST_STEP][PASSED] - Statement - counter = counter + 1: null

2018-12-13 23:46:45 - [TEST_STEP][PASSED] - Statement - PreSaveFile = new java.io.File(((pathPrefix + java.lang.Integer.toString(counter)) + .png)): null

2018-12-13 23:46:45 - [TEST_STEP][PASSED] - Statement - counter = counter + 1: null

2018-12-13 23:46:45 - [TEST_STEP][PASSED] - Statement - PreSaveFile = new java.io.File(((pathPrefix + java.lang.Integer.toString(counter)) + .png)): null

2018-12-13 23:46:45 - [TEST_STEP][PASSED] - Statement - counter = counter + 1: null

2018-12-13 23:46:45 - [TEST_STEP][PASSED] - Statement - PreSaveFile = new java.io.File(((pathPrefix + java.lang.Integer.toString(counter)) + .png)): null

2018-12-13 23:46:45 - [TEST_STEP][PASSED] - Statement - counter = counter + 1: null

2018-12-13 23:46:45 - [TEST_STEP][PASSED] - Statement - PreSaveFile = new java.io.File(((pathPrefix + java.lang.Integer.toString(counter)) + .png)): null

2018-12-13 23:46:45 - [TEST_STEP][PASSED] - Statement - counter = counter + 1: null

2018-12-13 23:46:45 - [TEST_STEP][PASSED] - Statement - PreSaveFile = new java.io.File(((pathPrefix + java.lang.Integer.toString(counter)) + .png)): null

2018-12-13 23:46:45 - [TEST_STEP][PASSED] - Statement - counter = counter + 1: null

2018-12-13 23:46:45 - [TEST_STEP][PASSED] - Statement - PreSaveFile = new java.io.File(((pathPrefix + java.lang.Integer.toString(counter)) + .png)): null

2018-12-13 23:46:45 - [TEST_STEP][PASSED] - Statement - counter = counter + 1: null

2018-12-13 23:46:45 - [TEST_STEP][PASSED] - Statement - PreSaveFile = new java.io.File(((pathPrefix + java.lang.Integer.toString(counter)) + .png)): null

2018-12-13 23:46:45 - [TEST_STEP][PASSED] - Statement - counter = counter + 1: null

2018-12-13 23:46:45 - [TEST_STEP][PASSED] - Statement - PreSaveFile = new java.io.File(((pathPrefix + java.lang.Integer.toString(counter)) + .png)): null

2018-12-13 23:46:45 - [TEST_STEP][PASSED] - Statement - counter = counter + 1: null

2018-12-13 23:46:45 - [TEST_STEP][PASSED] - Statement - PreSaveFile = new java.io.File(((pathPrefix + java.lang.Integer.toString(counter)) + .png)): null

2018-12-13 23:46:45 - [TEST_STEP][PASSED] - Statement - counter = counter + 1: null

2018-12-13 23:46:45 - [TEST_STEP][PASSED] - Statement - PreSaveFile = new java.io.File(((pathPrefix + java.lang.Integer.toString(counter)) + .png)): null

2018-12-13 23:46:45 - [TEST_STEP][PASSED] - Statement - counter = counter + 1: null

2018-12-13 23:46:45 - [TEST_STEP][PASSED] - Statement - PreSaveFile = new java.io.File(((pathPrefix + java.lang.Integer.toString(counter)) + .png)): null

2018-12-13 23:46:45 - [TEST_STEP][PASSED] - Statement - counter = counter + 1: null

2018-12-13 23:46:45 - [TEST_STEP][PASSED] - Statement - PreSaveFile = new java.io.File(((pathPrefix + java.lang.Integer.toString(counter)) + .png)): null

2018-12-13 23:46:45 - [TEST_STEP][PASSED] - Statement - counter = counter + 1: null

2018-12-13 23:46:45 - [TEST_STEP][PASSED] - Statement - PreSaveFile = new java.io.File(((pathPrefix + java.lang.Integer.toString(counter)) + .png)): null

2018-12-13 23:46:45 - [TEST_STEP][PASSED] - Statement - counter = counter + 1: null

2018-12-13 23:46:45 - [TEST_STEP][PASSED] - Statement - PreSaveFile = new java.io.File(((pathPrefix + java.lang.Integer.toString(counter)) + .png)): null

2018-12-13 23:46:45 - [TEST_STEP][PASSED] - Statement - counter = counter + 1: null

2018-12-13 23:46:45 - [TEST_STEP][PASSED] - Statement - PreSaveFile = new java.io.File(((pathPrefix + java.lang.Integer.toString(counter)) + .png)): null

2018-12-13 23:46:45 - [TEST_STEP][PASSED] - Statement - counter = counter + 1: null

2018-12-13 23:46:45 - [TEST_STEP][PASSED] - Statement - PreSaveFile = new java.io.File(((pathPrefix + java.lang.Integer.toString(counter)) + .png)): null

2018-12-13 23:46:45 - [TEST_STEP][PASSED] - Statement - counter = counter + 1: null

2018-12-13 23:46:45 - [TEST_STEP][PASSED] - Statement - PreSaveFile = new java.io.File(((pathPrefix + java.lang.Integer.toString(counter)) + .png)): null

2018-12-13 23:46:45 - [TEST_STEP][PASSED] - Statement - counter = counter + 1: null

2018-12-13 23:46:45 - [TEST_STEP][PASSED] - Statement - PreSaveFile = new java.io.File(((pathPrefix + java.lang.Integer.toString(counter)) + .png)): null

2018-12-13 23:46:45 - [TEST_STEP][PASSED] - Statement - counter = counter + 1: null

2018-12-13 23:46:45 - [TEST_STEP][PASSED] - Statement - PreSaveFile = new java.io.File(((pathPrefix + java.lang.Integer.toString(counter)) + .png)): null

2018-12-13 23:46:45 - [TEST_STEP][PASSED] - Statement - counter = counter + 1: null

2018-12-13 23:46:45 - [TEST_STEP][PASSED] - Statement - PreSaveFile = new java.io.File(((pathPrefix + java.lang.Integer.toString(counter)) + .png)): null

2018-12-13 23:46:45 - [TEST_STEP][PASSED] - Statement - counter = counter + 1: null

2018-12-13 23:46:45 - [TEST_STEP][PASSED] - Statement - PreSaveFile = new java.io.File(((pathPrefix + java.lang.Integer.toString(counter)) + .png)): null

2018-12-13 23:46:45 - [TEST_STEP][PASSED] - Statement - counter = counter + 1: null

2018-12-13 23:46:45 - [TEST_STEP][PASSED] - Statement - PreSaveFile = new java.io.File(((pathPrefix + java.lang.Integer.toString(counter)) + .png)): null

2018-12-13 23:46:45 - [TEST_STEP][PASSED] - Statement - counter = counter + 1: null

2018-12-13 23:46:45 - [TEST_STEP][PASSED] - Statement - PreSaveFile = new java.io.File(((pathPrefix + java.lang.Integer.toString(counter)) + .png)): null

2018-12-13 23:46:45 - [TEST_STEP][PASSED] - Statement - counter = counter + 1: null

2018-12-13 23:46:45 - [TEST_STEP][PASSED] - Statement - PreSaveFile = new java.io.File(((pathPrefix + java.lang.Integer.toString(counter)) + .png)): null

2018-12-13 23:46:45 - [TEST_STEP][PASSED] - Statement - counter = counter + 1: null

2018-12-13 23:46:45 - [TEST_STEP][PASSED] - Statement - PreSaveFile = new java.io.File(((pathPrefix + java.lang.Integer.toString(counter)) + .png)): null

2018-12-13 23:46:45 - [TEST_STEP][PASSED] - Statement - counter = counter + 1: null

2018-12-13 23:46:45 - [TEST_STEP][PASSED] - Statement - PreSaveFile = new java.io.File(((pathPrefix + java.lang.Integer.toString(counter)) + .png)): null

2018-12-13 23:46:45 - [TEST_STEP][PASSED] - Statement - counter = counter + 1: null

2018-12-13 23:46:45 - [TEST_STEP][PASSED] - Statement - PreSaveFile = new java.io.File(((pathPrefix + java.lang.Integer.toString(counter)) + .png)): null

2018-12-13 23:46:45 - [TEST_STEP][PASSED] - Statement - counter = counter + 1: null

2018-12-13 23:46:45 - [TEST_STEP][PASSED] - Statement - PreSaveFile = new java.io.File(((pathPrefix + java.lang.Integer.toString(counter)) + .png)): null

2018-12-13 23:46:45 - [TEST_STEP][PASSED] - Statement - counter = counter + 1: null

2018-12-13 23:46:45 - [TEST_STEP][PASSED] - Statement - PreSaveFile = new java.io.File(((pathPrefix + java.lang.Integer.toString(counter)) + .png)): null

2018-12-13 23:46:45 - [TEST_STEP][PASSED] - Statement - counter = counter + 1: null

2018-12-13 23:46:45 - [TEST_STEP][PASSED] - Statement - PreSaveFile = new java.io.File(((pathPrefix + java.lang.Integer.toString(counter)) + .png)): null

2018-12-13 23:46:45 - [TEST_STEP][PASSED] - Statement - counter = counter + 1: null

2018-12-13 23:46:45 - [TEST_STEP][PASSED] - Statement - PreSaveFile = new java.io.File(((pathPrefix + java.lang.Integer.toString(counter)) + .png)): null

2018-12-13 23:46:45 - [TEST_STEP][PASSED] - Statement - counter = counter + 1: null

2018-12-13 23:46:45 - [TEST_STEP][PASSED] - Statement - PreSaveFile = new java.io.File(((pathPrefix + java.lang.Integer.toString(counter)) + .png)): null

2018-12-13 23:46:45 - [TEST_STEP][PASSED] - Statement - counter = counter + 1: null

2018-12-13 23:46:45 - [TEST_STEP][PASSED] - Statement - PreSaveFile = new java.io.File(((pathPrefix + java.lang.Integer.toString(counter)) + .png)): null

2018-12-13 23:46:45 - [TEST_STEP][PASSED] - Statement - counter = counter + 1: null

2018-12-13 23:46:45 - [TEST_STEP][PASSED] - Statement - PreSaveFile = new java.io.File(((pathPrefix + java.lang.Integer.toString(counter)) + .png)): null

2018-12-13 23:46:45 - [TEST_STEP][PASSED] - Statement - counter = counter + 1: null

2018-12-13 23:46:45 - [TEST_STEP][PASSED] - Statement - PreSaveFile = new java.io.File(((pathPrefix + java.lang.Integer.toString(counter)) + .png)): null

2018-12-13 23:46:45 - [TEST_STEP][PASSED] - Statement - counter = counter + 1: null

2018-12-13 23:46:45 - [TEST_STEP][PASSED] - Statement - PreSaveFile = new java.io.File(((pathPrefix + java.lang.Integer.toString(counter)) + .png)): null

2018-12-13 23:46:45 - [TEST_STEP][PASSED] - Statement - counter = counter + 1: null

2018-12-13 23:46:45 - [TEST_STEP][PASSED] - Statement - PreSaveFile = new java.io.File(((pathPrefix + java.lang.Integer.toString(counter)) + .png)): null

2018-12-13 23:46:45 - [TEST_STEP][PASSED] - Statement - counter = counter + 1: null

2018-12-13 23:46:45 - [TEST_STEP][PASSED] - Statement - PreSaveFile = new java.io.File(((pathPrefix + java.lang.Integer.toString(counter)) + .png)): null

2018-12-13 23:46:45 - [TEST_STEP][PASSED] - Statement - counter = counter + 1: null

2018-12-13 23:46:45 - [TEST_STEP][PASSED] - Statement - PreSaveFile = new java.io.File(((pathPrefix + java.lang.Integer.toString(counter)) + .png)): null

2018-12-13 23:46:45 - [TEST_STEP][PASSED] - Statement - counter = counter + 1: null

2018-12-13 23:46:45 - [TEST_STEP][PASSED] - Statement - PreSaveFile = new java.io.File(((pathPrefix + java.lang.Integer.toString(counter)) + .png)): null

2018-12-13 23:46:45 - [TEST_STEP][PASSED] - Statement - counter = counter + 1: null

2018-12-13 23:46:45 - [TEST_STEP][PASSED] - Statement - PreSaveFile = new java.io.File(((pathPrefix + java.lang.Integer.toString(counter)) + .png)): null

2018-12-13 23:46:45 - [TEST_STEP][PASSED] - Statement - counter = counter + 1: null

2018-12-13 23:46:45 - [TEST_STEP][PASSED] - Statement - PreSaveFile = new java.io.File(((pathPrefix + java.lang.Integer.toString(counter)) + .png)): null

2018-12-13 23:46:45 - [TEST_STEP][PASSED] - Statement - counter = counter + 1: null

2018-12-13 23:46:45 - [TEST_STEP][PASSED] - Statement - PreSaveFile = new java.io.File(((pathPrefix + java.lang.Integer.toString(counter)) + .png)): null

2018-12-13 23:46:45 - [TEST_STEP][PASSED] - Statement - counter = counter + 1: null

2018-12-13 23:46:45 - [TEST_STEP][PASSED] - Statement - PreSaveFile = new java.io.File(((pathPrefix + java.lang.Integer.toString(counter)) + .png)): null

2018-12-13 23:46:45 - [TEST_STEP][PASSED] - Statement - counter = counter + 1: null

2018-12-13 23:46:45 - [TEST_STEP][PASSED] - Statement - PreSaveFile = new java.io.File(((pathPrefix + java.lang.Integer.toString(counter)) + .png)): null

2018-12-13 23:46:45 - [TEST_STEP][PASSED] - Statement - counter = counter + 1: null

2018-12-13 23:46:45 - [TEST_STEP][PASSED] - Statement - PreSaveFile = new java.io.File(((pathPrefix + java.lang.Integer.toString(counter)) + .png)): null

2018-12-13 23:46:45 - [TEST_STEP][PASSED] - Statement - counter = counter + 1: null

2018-12-13 23:46:45 - [TEST_STEP][PASSED] - Statement - PreSaveFile = new java.io.File(((pathPrefix + java.lang.Integer.toString(counter)) + .png)): null

2018-12-13 23:46:45 - [TEST_STEP][PASSED] - Statement - counter = counter + 1: null

2018-12-13 23:46:45 - [TEST_STEP][PASSED] - Statement - PreSaveFile = new java.io.File(((pathPrefix + java.lang.Integer.toString(counter)) + .png)): null

2018-12-13 23:46:45 - [TEST_STEP][PASSED] - Statement - counter = counter + 1: null

2018-12-13 23:46:45 - [TEST_STEP][PASSED] - Statement - PreSaveFile = new java.io.File(((pathPrefix + java.lang.Integer.toString(counter)) + .png)): null

2018-12-13 23:46:45 - [TEST_STEP][PASSED] - Statement - counter = counter + 1: null

2018-12-13 23:46:45 - [TEST_STEP][PASSED] - Statement - PreSaveFile = new java.io.File(((pathPrefix + java.lang.Integer.toString(counter)) + .png)): null

2018-12-13 23:46:45 - [TEST_STEP][PASSED] - Statement - counter = counter + 1: null

2018-12-13 23:46:45 - [TEST_STEP][PASSED] - Statement - PreSaveFile = new java.io.File(((pathPrefix + java.lang.Integer.toString(counter)) + .png)): null

2018-12-13 23:46:45 - [TEST_STEP][PASSED] - Statement - counter = counter + 1: null

2018-12-13 23:46:45 - [TEST_STEP][PASSED] - Statement - PreSaveFile = new java.io.File(((pathPrefix + java.lang.Integer.toString(counter)) + .png)): null

2018-12-13 23:46:45 - [TEST_STEP][PASSED] - Statement - counter = counter + 1: null

2018-12-13 23:46:45 - [TEST_STEP][PASSED] - Statement - PreSaveFile = new java.io.File(((pathPrefix + java.lang.Integer.toString(counter)) + .png)): null

2018-12-13 23:46:45 - [TEST_STEP][PASSED] - Statement - counter = counter + 1: null

2018-12-13 23:46:45 - [TEST_STEP][PASSED] - Statement - PreSaveFile = new java.io.File(((pathPrefix + java.lang.Integer.toString(counter)) + .png)): null

2018-12-13 23:46:45 - [TEST_STEP][PASSED] - Statement - counter = counter + 1: null

2018-12-13 23:46:45 - [TEST_STEP][PASSED] - Statement - PreSaveFile = new java.io.File(((pathPrefix + java.lang.Integer.toString(counter)) + .png)): null

2018-12-13 23:46:45 - [TEST_STEP][PASSED] - Statement - counter = counter + 1: null

2018-12-13 23:46:45 - [TEST_STEP][PASSED] - Statement - PreSaveFile = new java.io.File(((pathPrefix + java.lang.Integer.toString(counter)) + .png)): null

2018-12-13 23:46:45 - [TEST_STEP][PASSED] - Statement - counter = counter + 1: null

2018-12-13 23:46:45 - [TEST_STEP][PASSED] - Statement - PreSaveFile = new java.io.File(((pathPrefix + java.lang.Integer.toString(counter)) + .png)): null

2018-12-13 23:46:45 - [TEST_STEP][PASSED] - Statement - counter = counter + 1: null

2018-12-13 23:46:45 - [TEST_STEP][PASSED] - Statement - PreSaveFile = new java.io.File(((pathPrefix + java.lang.Integer.toString(counter)) + .png)): null

2018-12-13 23:46:45 - [TEST_STEP][PASSED] - Statement - counter = counter + 1: null

2018-12-13 23:46:45 - [TEST_STEP][PASSED] - Statement - PreSaveFile = new java.io.File(((pathPrefix + java.lang.Integer.toString(counter)) + .png)): null

2018-12-13 23:46:45 - [TEST_STEP][PASSED] - Statement - counter = counter + 1: null

2018-12-13 23:46:45 - [TEST_STEP][PASSED] - Statement - PreSaveFile = new java.io.File(((pathPrefix + java.lang.Integer.toString(counter)) + .png)): null

2018-12-13 23:46:45 - [TEST_STEP][PASSED] - Statement - counter = counter + 1: null

2018-12-13 23:46:45 - [TEST_STEP][PASSED] - Statement - PreSaveFile = new java.io.File(((pathPrefix + java.lang.Integer.toString(counter)) + .png)): null

2018-12-13 23:46:45 - [TEST_STEP][PASSED] - Statement - counter = counter + 1: null

2018-12-13 23:46:45 - [TEST_STEP][PASSED] - Statement - PreSaveFile = new java.io.File(((pathPrefix + java.lang.Integer.toString(counter)) + .png)): null

2018-12-13 23:46:45 - [TEST_STEP][PASSED] - Statement - counter = counter + 1: null

2018-12-13 23:46:45 - [TEST_STEP][PASSED] - Statement - PreSaveFile = new java.io.File(((pathPrefix + java.lang.Integer.toString(counter)) + .png)): null

2018-12-13 23:46:45 - [TEST_STEP][PASSED] - Statement - counter = counter + 1: null

2018-12-13 23:46:45 - [TEST_STEP][PASSED] - Statement - PreSaveFile = new java.io.File(((pathPrefix + java.lang.Integer.toString(counter)) + .png)): null

2018-12-13 23:46:45 - [TEST_STEP][PASSED] - Statement - counter = counter + 1: null

2018-12-13 23:46:45 - [TEST_STEP][PASSED] - Statement - PreSaveFile = new java.io.File(((pathPrefix + java.lang.Integer.toString(counter)) + .png)): null

2018-12-13 23:46:45 - [TEST_STEP][PASSED] - Statement - counter = counter + 1: null

2018-12-13 23:46:45 - [TEST_STEP][PASSED] - Statement - PreSaveFile = new java.io.File(((pathPrefix + java.lang.Integer.toString(counter)) + .png)): null

2018-12-13 23:46:45 - [TEST_STEP][PASSED] - Statement - counter = counter + 1: null

2018-12-13 23:46:45 - [TEST_STEP][PASSED] - Statement - PreSaveFile = new java.io.File(((pathPrefix + java.lang.Integer.toString(counter)) + .png)): null

2018-12-13 23:46:45 - [TEST_STEP][PASSED] - Statement - counter = counter + 1: null

2018-12-13 23:46:45 - [TEST_STEP][PASSED] - Statement - PreSaveFile = new java.io.File(((pathPrefix + java.lang.Integer.toString(counter)) + .png)): null

2018-12-13 23:46:45 - [TEST_STEP][PASSED] - Statement - counter = counter + 1: null

2018-12-13 23:46:45 - [TEST_STEP][PASSED] - Statement - PreSaveFile = new java.io.File(((pathPrefix + java.lang.Integer.toString(counter)) + .png)): null

2018-12-13 23:46:45 - [TEST_STEP][PASSED] - Statement - counter = counter + 1: null

2018-12-13 23:46:45 - [TEST_STEP][PASSED] - Statement - PreSaveFile = new java.io.File(((pathPrefix + java.lang.Integer.toString(counter)) + .png)): null

2018-12-13 23:46:45 - [TEST_STEP][PASSED] - Statement - counter = counter + 1: null

2018-12-13 23:46:45 - [TEST_STEP][PASSED] - Statement - PreSaveFile = new java.io.File(((pathPrefix + java.lang.Integer.toString(counter)) + .png)): null

2018-12-13 23:46:45 - [TEST_STEP][PASSED] - Statement - counter = counter + 1: null

2018-12-13 23:46:45 - [TEST_STEP][PASSED] - Statement - PreSaveFile = new java.io.File(((pathPrefix + java.lang.Integer.toString(counter)) + .png)): null

2018-12-13 23:46:45 - [TEST_STEP][PASSED] - Statement - counter = counter + 1: null

2018-12-13 23:46:45 - [TEST_STEP][PASSED] - Statement - PreSaveFile = new java.io.File(((pathPrefix + java.lang.Integer.toString(counter)) + .png)): null

2018-12-13 23:46:45 - [TEST_STEP][PASSED] - Statement - counter = counter + 1: null

2018-12-13 23:46:45 - [TEST_STEP][PASSED] - Statement - PreSaveFile = new java.io.File(((pathPrefix + java.lang.Integer.toString(counter)) + .png)): null

2018-12-13 23:46:45 - [TEST_STEP][PASSED] - Statement - counter = counter + 1: null

2018-12-13 23:46:45 - [TEST_STEP][PASSED] - Statement - PreSaveFile = new java.io.File(((pathPrefix + java.lang.Integer.toString(counter)) + .png)): null

2018-12-13 23:46:45 - [TEST_STEP][PASSED] - Statement - counter = counter + 1: null

2018-12-13 23:46:45 - [TEST_STEP][PASSED] - Statement - PreSaveFile = new java.io.File(((pathPrefix + java.lang.Integer.toString(counter)) + .png)): null

2018-12-13 23:46:45 - [TEST_STEP][PASSED] - Statement - counter = counter + 1: null

2018-12-13 23:46:45 - [TEST_STEP][PASSED] - Statement - PreSaveFile = new java.io.File(((pathPrefix + java.lang.Integer.toString(counter)) + .png)): null

2018-12-13 23:46:45 - [TEST_STEP][PASSED] - Statement - counter = counter + 1: null

2018-12-13 23:46:45 - [TEST_STEP][PASSED] - Statement - PreSaveFile = new java.io.File(((pathPrefix + java.lang.Integer.toString(counter)) + .png)): null

2018-12-13 23:46:45 - [TEST_STEP][PASSED] - Statement - counter = counter + 1: null

2018-12-13 23:46:45 - [TEST_STEP][PASSED] - Statement - PreSaveFile = new java.io.File(((pathPrefix + java.lang.Integer.toString(counter)) + .png)): null

2018-12-13 23:46:45 - [TEST_STEP][PASSED] - Statement - counter = counter + 1: null

2018-12-13 23:46:45 - [TEST_STEP][PASSED] - Statement - PreSaveFile = new java.io.File(((pathPrefix + java.lang.Integer.toString(counter)) + .png)): null

2018-12-13 23:46:45 - [TEST_STEP][PASSED] - Statement - counter = counter + 1: null

2018-12-13 23:46:45 - [TEST_STEP][PASSED] - Statement - PreSaveFile = new java.io.File(((pathPrefix + java.lang.Integer.toString(counter)) + .png)): null

2018-12-13 23:46:45 - [TEST_STEP][PASSED] - Statement - counter = counter + 1: null

2018-12-13 23:46:45 - [TEST_STEP][PASSED] - Statement - PreSaveFile = new java.io.File(((pathPrefix + java.lang.Integer.toString(counter)) + .png)): null

2018-12-13 23:46:45 - [TEST_STEP][PASSED] - Statement - counter = counter + 1: null

2018-12-13 23:46:45 - [TEST_STEP][PASSED] - Statement - PreSaveFile = new java.io.File(((pathPrefix + java.lang.Integer.toString(counter)) + .png)): null

2018-12-13 23:46:45 - [TEST_STEP][PASSED] - Statement - counter = counter + 1: null

2018-12-13 23:46:45 - [TEST_STEP][PASSED] - Statement - PreSaveFile = new java.io.File(((pathPrefix + java.lang.Integer.toString(counter)) + .png)): null

2018-12-13 23:46:45 - [TEST_STEP][PASSED] - Statement - counter = counter + 1: null

2018-12-13 23:46:45 - [TEST_STEP][PASSED] - Statement - PreSaveFile = new java.io.File(((pathPrefix + java.lang.Integer.toString(counter)) + .png)): null

2018-12-13 23:46:45 - [TEST_STEP][PASSED] - Statement - counter = counter + 1: null

2018-12-13 23:46:45 - [TEST_STEP][PASSED] - Statement - PreSaveFile = new java.io.File(((pathPrefix + java.lang.Integer.toString(counter)) + .png)): null

2018-12-13 23:46:45 - [TEST_STEP][PASSED] - Statement - counter = counter + 1: null

2018-12-13 23:46:45 - [TEST_STEP][PASSED] - Statement - PreSaveFile = new java.io.File(((pathPrefix + java.lang.Integer.toString(counter)) + .png)): null

2018-12-13 23:46:45 - [TEST_STEP][PASSED] - Statement - counter = counter + 1: null

2018-12-13 23:46:45 - [TEST_STEP][PASSED] - Statement - PreSaveFile = new java.io.File(((pathPrefix + java.lang.Integer.toString(counter)) + .png)): null

2018-12-13 23:46:45 - [TEST_STEP][PASSED] - Statement - counter = counter + 1: null

2018-12-13 23:46:45 - [TEST_STEP][PASSED] - Statement - PreSaveFile = new java.io.File(((pathPrefix + java.lang.Integer.toString(counter)) + .png)): null

2018-12-13 23:46:45 - [TEST_STEP][PASSED] - Statement - counter = counter + 1: null

2018-12-13 23:46:45 - [TEST_STEP][PASSED] - Statement - PreSaveFile = new java.io.File(((pathPrefix + java.lang.Integer.toString(counter)) + .png)): null

2018-12-13 23:46:45 - [TEST_STEP][PASSED] - Statement - counter = counter + 1: null

2018-12-13 23:46:45 - [TEST_STEP][PASSED] - Statement - PreSaveFile = new java.io.File(((pathPrefix + java.lang.Integer.toString(counter)) + .png)): null

2018-12-13 23:46:45 - [TEST_STEP][PASSED] - Statement - counter = counter + 1: null

2018-12-13 23:46:45 - [TEST_STEP][PASSED] - Statement - PreSaveFile = new java.io.File(((pathPrefix + java.lang.Integer.toString(counter)) + .png)): null

2018-12-13 23:46:45 - [TEST_STEP][PASSED] - Statement - counter = counter + 1: null

2018-12-13 23:46:45 - [TEST_STEP][PASSED] - Statement - PreSaveFile = new java.io.File(((pathPrefix + java.lang.Integer.toString(counter)) + .png)): null

2018-12-13 23:46:45 - [TEST_STEP][PASSED] - Statement - counter = counter + 1: null

2018-12-13 23:46:45 - [TEST_STEP][PASSED] - Statement - PreSaveFile = new java.io.File(((pathPrefix + java.lang.Integer.toString(counter)) + .png)): null

2018-12-13 23:46:45 - [TEST_STEP][PASSED] - Statement - counter = counter + 1: null

2018-12-13 23:46:45 - [TEST_STEP][PASSED] - Statement - PreSaveFile = new java.io.File(((pathPrefix + java.lang.Integer.toString(counter)) + .png)): null

2018-12-13 23:46:45 - [TEST_STEP][PASSED] - Statement - counter = counter + 1: null

2018-12-13 23:46:45 - [TEST_STEP][PASSED] - Statement - PreSaveFile = new java.io.File(((pathPrefix + java.lang.Integer.toString(counter)) + .png)): null

2018-12-13 23:46:45 - [TEST_STEP][PASSED] - Statement - counter = counter + 1: null

2018-12-13 23:46:45 - [TEST_STEP][PASSED] - Statement - PreSaveFile = new java.io.File(((pathPrefix + java.lang.Integer.toString(counter)) + .png)): null

2018-12-13 23:46:45 - [TEST_STEP][PASSED] - Statement - counter = counter + 1: null

2018-12-13 23:46:45 - [TEST_STEP][PASSED] - Statement - PreSaveFile = new java.io.File(((pathPrefix + java.lang.Integer.toString(counter)) + .png)): null

2018-12-13 23:46:45 - [TEST_STEP][PASSED] - Statement - counter = counter + 1: null

2018-12-13 23:46:45 - [TEST_STEP][PASSED] - Statement - PreSaveFile = new java.io.File(((pathPrefix + java.lang.Integer.toString(counter)) + .png)): null

2018-12-13 23:46:45 - [TEST_STEP][PASSED] - Statement - counter = counter + 1: null

2018-12-13 23:46:45 - [TEST_STEP][PASSED] - Statement - PreSaveFile = new java.io.File(((pathPrefix + java.lang.Integer.toString(counter)) + .png)): null

2018-12-13 23:46:45 - [TEST_STEP][PASSED] - Statement - counter = counter + 1: null

2018-12-13 23:46:45 - [TEST_STEP][PASSED] - Statement - PreSaveFile = new java.io.File(((pathPrefix + java.lang.Integer.toString(counter)) + .png)): null

2018-12-13 23:46:45 - [TEST_STEP][PASSED] - Statement - counter = counter + 1: null

2018-12-13 23:46:45 - [TEST_STEP][PASSED] - Statement - PreSaveFile = new java.io.File(((pathPrefix + java.lang.Integer.toString(counter)) + .png)): null

2018-12-13 23:46:45 - [TEST_STEP][PASSED] - Statement - counter = counter + 1: null

2018-12-13 23:46:45 - [TEST_STEP][PASSED] - Statement - PreSaveFile = new java.io.File(((pathPrefix + java.lang.Integer.toString(counter)) + .png)): null

2018-12-13 23:46:45 - [TEST_STEP][PASSED] - Statement - counter = counter + 1: null

2018-12-13 23:46:45 - [TEST_STEP][PASSED] - Statement - PreSaveFile = new java.io.File(((pathPrefix + java.lang.Integer.toString(counter)) + .png)): null

2018-12-13 23:46:45 - [TEST_STEP][PASSED] - Statement - counter = counter + 1: null

2018-12-13 23:46:45 - [TEST_STEP][PASSED] - Statement - PreSaveFile = new java.io.File(((pathPrefix + java.lang.Integer.toString(counter)) + .png)): null

2018-12-13 23:46:45 - [TEST_STEP][PASSED] - Statement - counter = counter + 1: null

2018-12-13 23:46:45 - [TEST_STEP][PASSED] - Statement - PreSaveFile = new java.io.File(((pathPrefix + java.lang.Integer.toString(counter)) + .png)): null

2018-12-13 23:46:45 - [TEST_STEP][PASSED] - Statement - counter = counter + 1: null

2018-12-13 23:46:45 - [TEST_STEP][PASSED] - Statement - PreSaveFile = new java.io.File(((pathPrefix + java.lang.Integer.toString(counter)) + .png)): null

2018-12-13 23:46:45 - [TEST_STEP][PASSED] - Statement - counter = counter + 1: null

2018-12-13 23:46:45 - [TEST_STEP][PASSED] - Statement - PreSaveFile = new java.io.File(((pathPrefix + java.lang.Integer.toString(counter)) + .png)): null

2018-12-13 23:46:45 - [TEST_STEP][PASSED] - Statement - counter = counter + 1: null

2018-12-13 23:46:45 - [TEST_STEP][PASSED] - Statement - PreSaveFile = new java.io.File(((pathPrefix + java.lang.Integer.toString(counter)) + .png)): null

2018-12-13 23:46:45 - [TEST_STEP][PASSED] - Statement - counter = counter + 1: null

2018-12-13 23:46:45 - [TEST_STEP][PASSED] - Statement - PreSaveFile = new java.io.File(((pathPrefix + java.lang.Integer.toString(counter)) + .png)): null

2018-12-13 23:46:45 - [TEST_STEP][PASSED] - Statement - counter = counter + 1: null

2018-12-13 23:46:45 - [TEST_STEP][PASSED] - Statement - PreSaveFile = new java.io.File(((pathPrefix + java.lang.Integer.toString(counter)) + .png)): null

2018-12-13 23:46:45 - [TEST_STEP][PASSED] - Statement - counter = counter + 1: null

2018-12-13 23:46:45 - [TEST_STEP][PASSED] - Statement - PreSaveFile = new java.io.File(((pathPrefix + java.lang.Integer.toString(counter)) + .png)): null

2018-12-13 23:46:45 - [TEST_STEP][PASSED] - Statement - counter = counter + 1: null

2018-12-13 23:46:45 - [TEST_STEP][PASSED] - Statement - PreSaveFile = new java.io.File(((pathPrefix + java.lang.Integer.toString(counter)) + .png)): null

2018-12-13 23:46:45 - [TEST_STEP][PASSED] - Statement - counter = counter + 1: null

2018-12-13 23:46:45 - [TEST_STEP][PASSED] - Statement - PreSaveFile = new java.io.File(((pathPrefix + java.lang.Integer.toString(counter)) + .png)): null

2018-12-13 23:46:45 - [TEST_STEP][PASSED] - Statement - counter = counter + 1: null

2018-12-13 23:46:45 - [TEST_STEP][PASSED] - Statement - PreSaveFile = new java.io.File(((pathPrefix + java.lang.Integer.toString(counter)) + .png)): null

2018-12-13 23:46:45 - [TEST_STEP][PASSED] - Statement - counter = counter + 1: null

2018-12-13 23:46:45 - [TEST_STEP][PASSED] - Statement - PreSaveFile = new java.io.File(((pathPrefix + java.lang.Integer.toString(counter)) + .png)): null

2018-12-13 23:46:45 - [TEST_STEP][PASSED] - Statement - counter = counter + 1: null

2018-12-13 23:46:45 - [TEST_STEP][PASSED] - Statement - PreSaveFile = new java.io.File(((pathPrefix + java.lang.Integer.toString(counter)) + .png)): null

2018-12-13 23:46:45 - [TEST_STEP][PASSED] - Statement - counter = counter + 1: null

2018-12-13 23:46:45 - [TEST_STEP][PASSED] - Statement - PreSaveFile = new java.io.File(((pathPrefix + java.lang.Integer.toString(counter)) + .png)): null

2018-12-13 23:46:45 - [TEST_STEP][PASSED] - Statement - counter = counter + 1: null

2018-12-13 23:46:45 - [TEST_STEP][PASSED] - Statement - PreSaveFile = new java.io.File(((pathPrefix + java.lang.Integer.toString(counter)) + .png)): null

2018-12-13 23:46:45 - [TEST_STEP][PASSED] - Statement - counter = counter + 1: null

2018-12-13 23:46:45 - [TEST_STEP][PASSED] - Statement - PreSaveFile = new java.io.File(((pathPrefix + java.lang.Integer.toString(counter)) + .png)): null

2018-12-13 23:46:45 - [TEST_STEP][PASSED] - Statement - counter = counter + 1: null

2018-12-13 23:46:45 - [TEST_STEP][PASSED] - Statement - PreSaveFile = new java.io.File(((pathPrefix + java.lang.Integer.toString(counter)) + .png)): null

2018-12-13 23:46:45 - [TEST_STEP][PASSED] - Statement - counter = counter + 1: null

2018-12-13 23:46:45 - [TEST_STEP][PASSED] - Statement - PreSaveFile = new java.io.File(((pathPrefix + java.lang.Integer.toString(counter)) + .png)): null

2018-12-13 23:46:45 - [TEST_STEP][PASSED] - Statement - counter = counter + 1: null

2018-12-13 23:46:45 - [TEST_STEP][PASSED] - Statement - PreSaveFile = new java.io.File(((pathPrefix + java.lang.Integer.toString(counter)) + .png)): null

2018-12-13 23:46:45 - [TEST_STEP][PASSED] - Statement - counter = counter + 1: null

2018-12-13 23:46:45 - [TEST_STEP][PASSED] - Statement - PreSaveFile = new java.io.File(((pathPrefix + java.lang.Integer.toString(counter)) + .png)): null

2018-12-13 23:46:45 - [TEST_STEP][PASSED] - Statement - counter = counter + 1: null

2018-12-13 23:46:45 - [TEST_STEP][PASSED] - Statement - PreSaveFile = new java.io.File(((pathPrefix + java.lang.Integer.toString(counter)) + .png)): null

2018-12-13 23:46:45 - [TEST_STEP][PASSED] - Statement - counter = counter + 1: null

2018-12-13 23:46:45 - [TEST_STEP][PASSED] - Statement - PreSaveFile = new java.io.File(((pathPrefix + java.lang.Integer.toString(counter)) + .png)): null

2018-12-13 23:46:45 - [TEST_STEP][PASSED] - Statement - counter = counter + 1: null

2018-12-13 23:46:45 - [TEST_STEP][PASSED] - Statement - PreSaveFile = new java.io.File(((pathPrefix + java.lang.Integer.toString(counter)) + .png)): null

2018-12-13 23:46:45 - [TEST_STEP][PASSED] - Statement - counter = counter + 1: null

2018-12-13 23:46:45 - [TEST_STEP][PASSED] - Statement - PreSaveFile = new java.io.File(((pathPrefix + java.lang.Integer.toString(counter)) + .png)): null

2018-12-13 23:46:45 - [TEST_STEP][PASSED] - Statement - counter = counter + 1: null

2018-12-13 23:46:45 - [TEST_STEP][PASSED] - Statement - PreSaveFile = new java.io.File(((pathPrefix + java.lang.Integer.toString(counter)) + .png)): null

2018-12-13 23:46:45 - [TEST_STEP][PASSED] - Statement - counter = counter + 1: null

2018-12-13 23:46:45 - [TEST_STEP][PASSED] - Statement - PreSaveFile = new java.io.File(((pathPrefix + java.lang.Integer.toString(counter)) + .png)): null

2018-12-13 23:46:45 - [TEST_STEP][PASSED] - Statement - counter = counter + 1: null

2018-12-13 23:46:45 - [TEST_STEP][PASSED] - Statement - PreSaveFile = new java.io.File(((pathPrefix + java.lang.Integer.toString(counter)) + .png)): null

2018-12-13 23:46:45 - [TEST_STEP][PASSED] - Statement - counter = counter + 1: null

2018-12-13 23:46:45 - [TEST_STEP][PASSED] - Statement - PreSaveFile = new java.io.File(((pathPrefix + java.lang.Integer.toString(counter)) + .png)): null

2018-12-13 23:46:45 - [TEST_STEP][PASSED] - Statement - counter = counter + 1: null

2018-12-13 23:46:45 - [TEST_STEP][PASSED] - Statement - PreSaveFile = new java.io.File(((pathPrefix + java.lang.Integer.toString(counter)) + .png)): null

2018-12-13 23:46:45 - [TEST_STEP][PASSED] - Statement - counter = counter + 1: null

2018-12-13 23:46:45 - [TEST_STEP][PASSED] - Statement - PreSaveFile = new java.io.File(((pathPrefix + java.lang.Integer.toString(counter)) + .png)): null

2018-12-13 23:46:45 - [TEST_STEP][PASSED] - Statement - counter = counter + 1: null

2018-12-13 23:46:45 - [TEST_STEP][PASSED] - Statement - PreSaveFile = new java.io.File(((pathPrefix + java.lang.Integer.toString(counter)) + .png)): null

2018-12-13 23:46:45 - [TEST_STEP][PASSED] - Statement - counter = counter + 1: null

2018-12-13 23:46:45 - [TEST_STEP][PASSED] - Statement - PreSaveFile = new java.io.File(((pathPrefix + java.lang.Integer.toString(counter)) + .png)): null

2018-12-13 23:46:45 - [TEST_STEP][PASSED] - Statement - counter = counter + 1: null

2018-12-13 23:46:45 - [TEST_STEP][PASSED] - Statement - PreSaveFile = new java.io.File(((pathPrefix + java.lang.Integer.toString(counter)) + .png)): null

2018-12-13 23:46:45 - [TEST_STEP][PASSED] - Statement - counter = counter + 1: null

2018-12-13 23:46:45 - [TEST_STEP][PASSED] - Statement - PreSaveFile = new java.io.File(((pathPrefix + java.lang.Integer.toString(counter)) + .png)): null

2018-12-13 23:46:45 - [TEST_STEP][PASSED] - Statement - counter = counter + 1: null

2018-12-13 23:46:45 - [TEST_STEP][PASSED] - Statement - PreSaveFile = new java.io.File(((pathPrefix + java.lang.Integer.toString(counter)) + .png)): null

2018-12-13 23:46:45 - [TEST_STEP][PASSED] - Statement - counter = counter + 1: null

2018-12-13 23:46:45 - [TEST_STEP][PASSED] - Statement - PreSaveFile = new java.io.File(((pathPrefix + java.lang.Integer.toString(counter)) + .png)): null

2018-12-13 23:46:45 - [TEST_STEP][PASSED] - Statement - counter = counter + 1: null

2018-12-13 23:46:45 - [TEST_STEP][PASSED] - Statement - PreSaveFile = new java.io.File(((pathPrefix + java.lang.Integer.toString(counter)) + .png)): null

2018-12-13 23:46:45 - [TEST_STEP][PASSED] - Statement - counter = counter + 1: null

2018-12-13 23:46:45 - [TEST_STEP][PASSED] - Statement - PreSaveFile = new java.io.File(((pathPrefix + java.lang.Integer.toString(counter)) + .png)): null

2018-12-13 23:46:45 - [TEST_STEP][PASSED] - Statement - counter = counter + 1: null

2018-12-13 23:46:45 - [TEST_STEP][PASSED] - Statement - PreSaveFile = new java.io.File(((pathPrefix + java.lang.Integer.toString(counter)) + .png)): null

2018-12-13 23:46:45 - [TEST_STEP][PASSED] - Statement - counter = counter + 1: null

2018-12-13 23:46:45 - [TEST_STEP][PASSED] - Statement - PreSaveFile = new java.io.File(((pathPrefix + java.lang.Integer.toString(counter)) + .png)): null

2018-12-13 23:46:45 - [TEST_STEP][PASSED] - Statement - counter = counter + 1: null

2018-12-13 23:46:45 - [TEST_STEP][PASSED] - Statement - PreSaveFile = new java.io.File(((pathPrefix + java.lang.Integer.toString(counter)) + .png)): null

2018-12-13 23:46:45 - [TEST_STEP][PASSED] - Statement - counter = counter + 1: null

2018-12-13 23:46:45 - [TEST_STEP][PASSED] - Statement - PreSaveFile = new java.io.File(((pathPrefix + java.lang.Integer.toString(counter)) + .png)): null

2018-12-13 23:46:45 - [TEST_STEP][PASSED] - Statement - counter = counter + 1: null

2018-12-13 23:46:45 - [TEST_STEP][PASSED] - Statement - PreSaveFile = new java.io.File(((pathPrefix + java.lang.Integer.toString(counter)) + .png)): null

2018-12-13 23:46:45 - [TEST_STEP][PASSED] - Statement - counter = counter + 1: null

2018-12-13 23:46:45 - [TEST_STEP][PASSED] - Statement - PreSaveFile = new java.io.File(((pathPrefix + java.lang.Integer.toString(counter)) + .png)): null

2018-12-13 23:46:45 - [TEST_STEP][PASSED] - Statement - counter = counter + 1: null

2018-12-13 23:46:45 - [TEST_STEP][PASSED] - Statement - PreSaveFile = new java.io.File(((pathPrefix + java.lang.Integer.toString(counter)) + .png)): null

2018-12-13 23:46:45 - [TEST_STEP][PASSED] - Statement - counter = counter + 1: null

2018-12-13 23:46:45 - [TEST_STEP][PASSED] - Statement - PreSaveFile = new java.io.File(((pathPrefix + java.lang.Integer.toString(counter)) + .png)): null

2018-12-13 23:46:45 - [TEST_STEP][PASSED] - Statement - counter = counter + 1: null

2018-12-13 23:46:45 - [TEST_STEP][PASSED] - Statement - PreSaveFile = new java.io.File(((pathPrefix + java.lang.Integer.toString(counter)) + .png)): null

2018-12-13 23:46:45 - [TEST_STEP][PASSED] - Statement - counter = counter + 1: null

2018-12-13 23:46:45 - [TEST_STEP][PASSED] - Statement - PreSaveFile = new java.io.File(((pathPrefix + java.lang.Integer.toString(counter)) + .png)): null

2018-12-13 23:46:45 - [TEST_STEP][PASSED] - Statement - counter = counter + 1: null

2018-12-13 23:46:45 - [TEST_STEP][PASSED] - Statement - PreSaveFile = new java.io.File(((pathPrefix + java.lang.Integer.toString(counter)) + .png)): null

2018-12-13 23:46:45 - [TEST_STEP][PASSED] - Statement - counter = counter + 1: null

2018-12-13 23:46:45 - [TEST_STEP][PASSED] - Statement - PreSaveFile = new java.io.File(((pathPrefix + java.lang.Integer.toString(counter)) + .png)): null

2018-12-13 23:46:45 - [TEST_STEP][PASSED] - Statement - counter = counter + 1: null

2018-12-13 23:46:45 - [TEST_STEP][PASSED] - Statement - PreSaveFile = new java.io.File(((pathPrefix + java.lang.Integer.toString(counter)) + .png)): null

2018-12-13 23:46:45 - [TEST_STEP][PASSED] - Statement - counter = counter + 1: null

2018-12-13 23:46:45 - [TEST_STEP][PASSED] - Statement - PreSaveFile = new java.io.File(((pathPrefix + java.lang.Integer.toString(counter)) + .png)): null

2018-12-13 23:46:45 - [TEST_STEP][PASSED] - Statement - counter = counter + 1: null

2018-12-13 23:46:45 - [TEST_STEP][PASSED] - Statement - PreSaveFile = new java.io.File(((pathPrefix + java.lang.Integer.toString(counter)) + .png)): null

2018-12-13 23:46:45 - [TEST_STEP][PASSED] - Statement - counter = counter + 1: null

2018-12-13 23:46:45 - [TEST_STEP][PASSED] - Statement - PreSaveFile = new java.io.File(((pathPrefix + java.lang.Integer.toString(counter)) + .png)): null

2018-12-13 23:46:45 - [TEST_STEP][PASSED] - Statement - counter = counter + 1: null

2018-12-13 23:46:45 - [TEST_STEP][PASSED] - Statement - PreSaveFile = new java.io.File(((pathPrefix + java.lang.Integer.toString(counter)) + .png)): null

2018-12-13 23:46:45 - [TEST_STEP][PASSED] - Statement - counter = counter + 1: null

2018-12-13 23:46:45 - [TEST_STEP][PASSED] - Statement - PreSaveFile = new java.io.File(((pathPrefix + java.lang.Integer.toString(counter)) + .png)): null

2018-12-13 23:46:45 - [TEST_STEP][PASSED] - Statement - counter = counter + 1: null

2018-12-13 23:46:45 - [TEST_STEP][PASSED] - Statement - PreSaveFile = new java.io.File(((pathPrefix + java.lang.Integer.toString(counter)) + .png)): null

2018-12-13 23:46:45 - [TEST_STEP][PASSED] - Statement - counter = counter + 1: null

2018-12-13 23:46:45 - [TEST_STEP][PASSED] - Statement - PreSaveFile = new java.io.File(((pathPrefix + java.lang.Integer.toString(counter)) + .png)): null

2018-12-13 23:46:45 - [TEST_STEP][PASSED] - Statement - counter = counter + 1: null

2018-12-13 23:46:45 - [TEST_STEP][PASSED] - Statement - PreSaveFile = new java.io.File(((pathPrefix + java.lang.Integer.toString(counter)) + .png)): null

2018-12-13 23:46:45 - [TEST_STEP][PASSED] - Statement - counter = counter + 1: null

2018-12-13 23:46:45 - [TEST_STEP][PASSED] - Statement - PreSaveFile = new java.io.File(((pathPrefix + java.lang.Integer.toString(counter)) + .png)): null

2018-12-13 23:46:45 - [TEST_STEP][PASSED] - Statement - counter = counter + 1: null

2018-12-13 23:46:45 - [TEST_STEP][PASSED] - Statement - PreSaveFile = new java.io.File(((pathPrefix + java.lang.Integer.toString(counter)) + .png)): null

2018-12-13 23:46:45 - [TEST_STEP][PASSED] - Statement - counter = counter + 1: null

2018-12-13 23:46:45 - [TEST_STEP][PASSED] - Statement - PreSaveFile = new java.io.File(((pathPrefix + java.lang.Integer.toString(counter)) + .png)): null

2018-12-13 23:46:45 - [TEST_STEP][PASSED] - Statement - counter = counter + 1: null

2018-12-13 23:46:45 - [TEST_STEP][PASSED] - Statement - PreSaveFile = new java.io.File(((pathPrefix + java.lang.Integer.toString(counter)) + .png)): null

2018-12-13 23:46:45 - [TEST_STEP][PASSED] - Statement - counter = counter + 1: null

2018-12-13 23:46:45 - [TEST_STEP][PASSED] - Statement - PreSaveFile = new java.io.File(((pathPrefix + java.lang.Integer.toString(counter)) + .png)): null

2018-12-13 23:46:45 - [TEST_STEP][PASSED] - Statement - counter = counter + 1: null

2018-12-13 23:46:45 - [TEST_STEP][PASSED] - Statement - PreSaveFile = new java.io.File(((pathPrefix + java.lang.Integer.toString(counter)) + .png)): null

2018-12-13 23:46:45 - [TEST_STEP][PASSED] - Statement - counter = counter + 1: null

2018-12-13 23:46:45 - [TEST_STEP][PASSED] - Statement - PreSaveFile = new java.io.File(((pathPrefix + java.lang.Integer.toString(counter)) + .png)): null

2018-12-13 23:46:45 - [TEST_STEP][PASSED] - Statement - counter = counter + 1: null

2018-12-13 23:46:45 - [TEST_STEP][PASSED] - Statement - PreSaveFile = new java.io.File(((pathPrefix + java.lang.Integer.toString(counter)) + .png)): null

2018-12-13 23:46:45 - [TEST_STEP][PASSED] - Statement - counter = counter + 1: null

2018-12-13 23:46:45 - [TEST_STEP][PASSED] - Statement - PreSaveFile = new java.io.File(((pathPrefix + java.lang.Integer.toString(counter)) + .png)): null

2018-12-13 23:46:45 - [TEST_STEP][PASSED] - Statement - counter = counter + 1: null

2018-12-13 23:46:45 - [TEST_STEP][PASSED] - Statement - PreSaveFile = new java.io.File(((pathPrefix + java.lang.Integer.toString(counter)) + .png)): null

2018-12-13 23:46:45 - [TEST_STEP][PASSED] - Statement - counter = counter + 1: null

2018-12-13 23:46:45 - [TEST_STEP][PASSED] - Statement - PreSaveFile = new java.io.File(((pathPrefix + java.lang.Integer.toString(counter)) + .png)): null

2018-12-13 23:46:45 - [TEST_STEP][PASSED] - Statement - counter = counter + 1: null

2018-12-13 23:46:45 - [TEST_STEP][PASSED] - Statement - PreSaveFile = new java.io.File(((pathPrefix + java.lang.Integer.toString(counter)) + .png)): null

2018-12-13 23:46:45 - [TEST_STEP][PASSED] - Statement - counter = counter + 1: null

2018-12-13 23:46:45 - [TEST_STEP][PASSED] - Statement - PreSaveFile = new java.io.File(((pathPrefix + java.lang.Integer.toString(counter)) + .png)): null

2018-12-13 23:46:45 - [TEST_STEP][PASSED] - Statement - counter = counter + 1: null

2018-12-13 23:46:45 - [TEST_STEP][PASSED] - Statement - PreSaveFile = new java.io.File(((pathPrefix + java.lang.Integer.toString(counter)) + .png)): null

2018-12-13 23:46:45 - [TEST_STEP][PASSED] - Statement - counter = counter + 1: null

2018-12-13 23:46:45 - [TEST_STEP][PASSED] - Statement - PreSaveFile = new java.io.File(((pathPrefix + java.lang.Integer.toString(counter)) + .png)): null

2018-12-13 23:46:45 - [TEST_STEP][PASSED] - Statement - counter = counter + 1: null

2018-12-13 23:46:45 - [TEST_STEP][PASSED] - Statement - PreSaveFile = new java.io.File(((pathPrefix + java.lang.Integer.toString(counter)) + .png)): null

2018-12-13 23:46:45 - [TEST_STEP][PASSED] - Statement - counter = counter + 1: null

2018-12-13 23:46:45 - [TEST_STEP][PASSED] - Statement - PreSaveFile = new java.io.File(((pathPrefix + java.lang.Integer.toString(counter)) + .png)): null

2018-12-13 23:46:45 - [TEST_STEP][PASSED] - Statement - counter = counter + 1: null

2018-12-13 23:46:45 - [TEST_STEP][PASSED] - Statement - PreSaveFile = new java.io.File(((pathPrefix + java.lang.Integer.toString(counter)) + .png)): null

2018-12-13 23:46:45 - [TEST_STEP][PASSED] - Statement - counter = counter + 1: null

2018-12-13 23:46:45 - [TEST_STEP][PASSED] - Statement - PreSaveFile = new java.io.File(((pathPrefix + java.lang.Integer.toString(counter)) + .png)): null

2018-12-13 23:46:45 - [TEST_STEP][PASSED] - Statement - counter = counter + 1: null

2018-12-13 23:46:45 - [TEST_STEP][PASSED] - Statement - PreSaveFile = new java.io.File(((pathPrefix + java.lang.Integer.toString(counter)) + .png)): null

2018-12-13 23:46:45 - [TEST_STEP][PASSED] - Statement - counter = counter + 1: null

2018-12-13 23:46:45 - [TEST_STEP][PASSED] - Statement - PreSaveFile = new java.io.File(((pathPrefix + java.lang.Integer.toString(counter)) + .png)): null

2018-12-13 23:46:45 - [TEST_STEP][PASSED] - Statement - counter = counter + 1: null

2018-12-13 23:46:45 - [TEST_STEP][PASSED] - Statement - PreSaveFile = new java.io.File(((pathPrefix + java.lang.Integer.toString(counter)) + .png)): null

2018-12-13 23:46:45 - [TEST_STEP][PASSED] - Statement - counter = counter + 1: null

2018-12-13 23:46:45 - [TEST_STEP][PASSED] - Statement - PreSaveFile = new java.io.File(((pathPrefix + java.lang.Integer.toString(counter)) + .png)): null

2018-12-13 23:46:45 - [TEST_STEP][PASSED] - Statement - counter = counter + 1: null

2018-12-13 23:46:45 - [TEST_STEP][PASSED] - Statement - PreSaveFile = new java.io.File(((pathPrefix + java.lang.Integer.toString(counter)) + .png)): null

2018-12-13 23:46:45 - [TEST_STEP][PASSED] - Statement - counter = counter + 1: null

2018-12-13 23:46:45 - [TEST_STEP][PASSED] - Statement - PreSaveFile = new java.io.File(((pathPrefix + java.lang.Integer.toString(counter)) + .png)): null

2018-12-13 23:46:45 - [TEST_STEP][PASSED] - Statement - counter = counter + 1: null

2018-12-13 23:46:45 - [TEST_STEP][PASSED] - Statement - PreSaveFile = new java.io.File(((pathPrefix + java.lang.Integer.toString(counter)) + .png)): null

2018-12-13 23:46:45 - [TEST_STEP][PASSED] - Statement - counter = counter + 1: null

2018-12-13 23:46:45 - [TEST_STEP][PASSED] - Statement - PreSaveFile = new java.io.File(((pathPrefix + java.lang.Integer.toString(counter)) + .png)): null

2018-12-13 23:46:45 - [TEST_STEP][PASSED] - Statement - counter = counter + 1: null

2018-12-13 23:46:45 - [TEST_STEP][PASSED] - Statement - PreSaveFile = new java.io.File(((pathPrefix + java.lang.Integer.toString(counter)) + .png)): null

2018-12-13 23:46:45 - [TEST_STEP][PASSED] - Statement - counter = counter + 1: null

2018-12-13 23:46:45 - [TEST_STEP][PASSED] - Statement - PreSaveFile = new java.io.File(((pathPrefix + java.lang.Integer.toString(counter)) + .png)): null

2018-12-13 23:46:45 - [TEST_STEP][PASSED] - Statement - counter = counter + 1: null

2018-12-13 23:46:45 - [TEST_STEP][PASSED] - Statement - PreSaveFile = new java.io.File(((pathPrefix + java.lang.Integer.toString(counter)) + .png)): null

2018-12-13 23:46:45 - [TEST_STEP][PASSED] - Statement - counter = counter + 1: null

2018-12-13 23:46:45 - [TEST_STEP][PASSED] - Statement - PreSaveFile = new java.io.File(((pathPrefix + java.lang.Integer.toString(counter)) + .png)): null

2018-12-13 23:46:45 - [TEST_STEP][PASSED] - Statement - counter = counter + 1: null

2018-12-13 23:46:45 - [TEST_STEP][PASSED] - Statement - PreSaveFile = new java.io.File(((pathPrefix + java.lang.Integer.toString(counter)) + .png)): null

2018-12-13 23:46:45 - [TEST_STEP][PASSED] - Statement - counter = counter + 1: null

2018-12-13 23:46:45 - [TEST_STEP][PASSED] - Statement - PreSaveFile = new java.io.File(((pathPrefix + java.lang.Integer.toString(counter)) + .png)): null

2018-12-13 23:46:45 - [TEST_STEP][PASSED] - Statement - counter = counter + 1: null

2018-12-13 23:46:45 - [TEST_STEP][PASSED] - Statement - PreSaveFile = new java.io.File(((pathPrefix + java.lang.Integer.toString(counter)) + .png)): null

2018-12-13 23:46:45 - [TEST_STEP][PASSED] - Statement - counter = counter + 1: null

2018-12-13 23:46:45 - [TEST_STEP][PASSED] - Statement - PreSaveFile = new java.io.File(((pathPrefix + java.lang.Integer.toString(counter)) + .png)): null

2018-12-13 23:46:45 - [TEST_STEP][PASSED] - Statement - counter = counter + 1: null

2018-12-13 23:46:45 - [TEST_STEP][PASSED] - Statement - PreSaveFile = new java.io.File(((pathPrefix + java.lang.Integer.toString(counter)) + .png)): null

2018-12-13 23:46:45 - [TEST_STEP][PASSED] - Statement - counter = counter + 1: null

2018-12-13 23:46:45 - [TEST_STEP][PASSED] - Statement - PreSaveFile = new java.io.File(((pathPrefix + java.lang.Integer.toString(counter)) + .png)): null

2018-12-13 23:46:45 - [TEST_STEP][PASSED] - Statement - counter = counter + 1: null

2018-12-13 23:46:45 - [TEST_STEP][PASSED] - Statement - PreSaveFile = new java.io.File(((pathPrefix + java.lang.Integer.toString(counter)) + .png)): null

2018-12-13 23:46:45 - [TEST_STEP][PASSED] - Statement - counter = counter + 1: null

2018-12-13 23:46:45 - [TEST_STEP][PASSED] - Statement - PreSaveFile = new java.io.File(((pathPrefix + java.lang.Integer.toString(counter)) + .png)): null

2018-12-13 23:46:45 - [TEST_STEP][PASSED] - Statement - counter = counter + 1: null

2018-12-13 23:46:45 - [TEST_STEP][PASSED] - Statement - PreSaveFile = new java.io.File(((pathPrefix + java.lang.Integer.toString(counter)) + .png)): null

2018-12-13 23:46:45 - [TEST_STEP][PASSED] - Statement - counter = counter + 1: null

2018-12-13 23:46:45 - [TEST_STEP][PASSED] - Statement - PreSaveFile = new java.io.File(((pathPrefix + java.lang.Integer.toString(counter)) + .png)): null

2018-12-13 23:46:45 - [TEST_STEP][PASSED] - Statement - counter = counter + 1: null

2018-12-13 23:46:45 - [TEST_STEP][PASSED] - Statement - PreSaveFile = new java.io.File(((pathPrefix + java.lang.Integer.toString(counter)) + .png)): null

2018-12-13 23:46:45 - [TEST_STEP][PASSED] - Statement - counter = counter + 1: null

2018-12-13 23:46:45 - [TEST_STEP][PASSED] - Statement - PreSaveFile = new java.io.File(((pathPrefix + java.lang.Integer.toString(counter)) + .png)): null

2018-12-13 23:46:45 - [TEST_STEP][PASSED] - Statement - counter = counter + 1: null

2018-12-13 23:46:45 - [TEST_STEP][PASSED] - Statement - PreSaveFile = new java.io.File(((pathPrefix + java.lang.Integer.toString(counter)) + .png)): null

2018-12-13 23:46:45 - [TEST_STEP][PASSED] - Statement - counter = counter + 1: null

2018-12-13 23:46:45 - [TEST_STEP][PASSED] - Statement - PreSaveFile = new java.io.File(((pathPrefix + java.lang.Integer.toString(counter)) + .png)): null

2018-12-13 23:46:45 - [TEST_STEP][PASSED] - Statement - counter = counter + 1: null

2018-12-13 23:46:45 - [TEST_STEP][PASSED] - Statement - PreSaveFile = new java.io.File(((pathPrefix + java.lang.Integer.toString(counter)) + .png)): null

2018-12-13 23:46:45 - [TEST_STEP][PASSED] - Statement - counter = counter + 1: null

2018-12-13 23:46:45 - [TEST_STEP][PASSED] - Statement - PreSaveFile = new java.io.File(((pathPrefix + java.lang.Integer.toString(counter)) + .png)): null

2018-12-13 23:46:45 - [TEST_STEP][PASSED] - Statement - counter = counter + 1: null

2018-12-13 23:46:45 - [TEST_STEP][PASSED] - Statement - PreSaveFile = new java.io.File(((pathPrefix + java.lang.Integer.toString(counter)) + .png)): null

2018-12-13 23:46:45 - [TEST_STEP][PASSED] - Statement - counter = counter + 1: null

2018-12-13 23:46:45 - [TEST_STEP][PASSED] - Statement - PreSaveFile = new java.io.File(((pathPrefix + java.lang.Integer.toString(counter)) + .png)): null

2018-12-13 23:46:45 - [TEST_STEP][PASSED] - Statement - counter = counter + 1: null

2018-12-13 23:46:45 - [TEST_STEP][PASSED] - Statement - PreSaveFile = new java.io.File(((pathPrefix + java.lang.Integer.toString(counter)) + .png)): null

2018-12-13 23:46:45 - [TEST_STEP][PASSED] - Statement - counter = counter + 1: null

2018-12-13 23:46:45 - [TEST_STEP][PASSED] - Statement - PreSaveFile = new java.io.File(((pathPrefix + java.lang.Integer.toString(counter)) + .png)): null

2018-12-13 23:46:45 - [TEST_STEP][PASSED] - Statement - counter = counter + 1: null

2018-12-13 23:46:45 - [TEST_STEP][PASSED] - Statement - PreSaveFile = new java.io.File(((pathPrefix + java.lang.Integer.toString(counter)) + .png)): null

2018-12-13 23:46:45 - [TEST_STEP][PASSED] - Statement - counter = counter + 1: null

2018-12-13 23:46:45 - [TEST_STEP][PASSED] - Statement - PreSaveFile = new java.io.File(((pathPrefix + java.lang.Integer.toString(counter)) + .png)): null

2018-12-13 23:46:45 - [TEST_STEP][PASSED] - Statement - counter = counter + 1: null

2018-12-13 23:46:45 - [TEST_STEP][PASSED] - Statement - PreSaveFile = new java.io.File(((pathPrefix + java.lang.Integer.toString(counter)) + .png)): null

2018-12-13 23:46:45 - [TEST_STEP][PASSED] - Statement - counter = counter + 1: null

2018-12-13 23:46:45 - [TEST_STEP][PASSED] - Statement - PreSaveFile = new java.io.File(((pathPrefix + java.lang.Integer.toString(counter)) + .png)): null

2018-12-13 23:46:45 - [TEST_STEP][PASSED] - Statement - counter = counter + 1: null

2018-12-13 23:46:45 - [TEST_STEP][PASSED] - Statement - PreSaveFile = new java.io.File(((pathPrefix + java.lang.Integer.toString(counter)) + .png)): null

2018-12-13 23:46:45 - [TEST_STEP][PASSED] - Statement - counter = counter + 1: null

2018-12-13 23:46:45 - [TEST_STEP][PASSED] - Statement - PreSaveFile = new java.io.File(((pathPrefix + java.lang.Integer.toString(counter)) + .png)): null

2018-12-13 23:46:45 - [TEST_STEP][PASSED] - Statement - counter = counter + 1: null

2018-12-13 23:46:45 - [TEST_STEP][PASSED] - Statement - PreSaveFile = new java.io.File(((pathPrefix + java.lang.Integer.toString(counter)) + .png)): null

2018-12-13 23:46:45 - [TEST_STEP][PASSED] - Statement - counter = counter + 1: null

2018-12-13 23:46:45 - [TEST_STEP][PASSED] - Statement - PreSaveFile = new java.io.File(((pathPrefix + java.lang.Integer.toString(counter)) + .png)): null

2018-12-13 23:46:45 - [TEST_STEP][PASSED] - Statement - counter = counter + 1: null

2018-12-13 23:46:45 - [TEST_STEP][PASSED] - Statement - PreSaveFile = new java.io.File(((pathPrefix + java.lang.Integer.toString(counter)) + .png)): null

2018-12-13 23:46:45 - [TEST_STEP][PASSED] - Statement - counter = counter + 1: null

2018-12-13 23:46:45 - [TEST_STEP][PASSED] - Statement - PreSaveFile = new java.io.File(((pathPrefix + java.lang.Integer.toString(counter)) + .png)): null

2018-12-13 23:46:45 - [TEST_STEP][PASSED] - Statement - counter = counter + 1: null

2018-12-13 23:46:45 - [TEST_STEP][PASSED] - Statement - PreSaveFile = new java.io.File(((pathPrefix + java.lang.Integer.toString(counter)) + .png)): null

2018-12-13 23:46:45 - [TEST_STEP][PASSED] - Statement - counter = counter + 1: null

2018-12-13 23:46:45 - [TEST_STEP][PASSED] - Statement - PreSaveFile = new java.io.File(((pathPrefix + java.lang.Integer.toString(counter)) + .png)): null

2018-12-13 23:46:45 - [TEST_STEP][PASSED] - Statement - counter = counter + 1: null

2018-12-13 23:46:45 - [TEST_STEP][PASSED] - Statement - PreSaveFile = new java.io.File(((pathPrefix + java.lang.Integer.toString(counter)) + .png)): null

2018-12-13 23:46:45 - [TEST_STEP][PASSED] - Statement - counter = counter + 1: null

2018-12-13 23:46:45 - [TEST_STEP][PASSED] - Statement - PreSaveFile = new java.io.File(((pathPrefix + java.lang.Integer.toString(counter)) + .png)): null

2018-12-13 23:46:45 - [TEST_STEP][PASSED] - Statement - counter = counter + 1: null

2018-12-13 23:46:45 - [TEST_STEP][PASSED] - Statement - PreSaveFile = new java.io.File(((pathPrefix + java.lang.Integer.toString(counter)) + .png)): null

2018-12-13 23:46:45 - [TEST_STEP][PASSED] - Statement - counter = counter + 1: null

2018-12-13 23:46:45 - [TEST_STEP][PASSED] - Statement - PreSaveFile = new java.io.File(((pathPrefix + java.lang.Integer.toString(counter)) + .png)): null

2018-12-13 23:46:45 - [TEST_STEP][PASSED] - Statement - counter = counter + 1: null

2018-12-13 23:46:45 - [TEST_STEP][PASSED] - Statement - PreSaveFile = new java.io.File(((pathPrefix + java.lang.Integer.toString(counter)) + .png)): null

2018-12-13 23:46:45 - [TEST_STEP][PASSED] - Statement - counter = counter + 1: null

2018-12-13 23:46:45 - [TEST_STEP][PASSED] - Statement - PreSaveFile = new java.io.File(((pathPrefix + java.lang.Integer.toString(counter)) + .png)): null

2018-12-13 23:46:45 - [TEST_STEP][PASSED] - Statement - counter = counter + 1: null

2018-12-13 23:46:45 - [TEST_STEP][PASSED] - Statement - PreSaveFile = new java.io.File(((pathPrefix + java.lang.Integer.toString(counter)) + .png)): null

2018-12-13 23:46:46 - [TEST_STEP][PASSED] - Statement - counter = counter + 1: null

2018-12-13 23:46:46 - [TEST_STEP][PASSED] - Statement - PreSaveFile = new java.io.File(((pathPrefix + java.lang.Integer.toString(counter)) + .png)): null

2018-12-13 23:46:46 - [TEST_STEP][PASSED] - Statement - counter = counter + 1: null

2018-12-13 23:46:46 - [TEST_STEP][PASSED] - Statement - PreSaveFile = new java.io.File(((pathPrefix + java.lang.Integer.toString(counter)) + .png)): null

2018-12-13 23:46:46 - [TEST_STEP][PASSED] - Statement - counter = counter + 1: null

2018-12-13 23:46:46 - [TEST_STEP][PASSED] - Statement - PreSaveFile = new java.io.File(((pathPrefix + java.lang.Integer.toString(counter)) + .png)): null

2018-12-13 23:46:46 - [TEST_STEP][PASSED] - Statement - counter = counter + 1: null

2018-12-13 23:46:46 - [TEST_STEP][PASSED] - Statement - PreSaveFile = new java.io.File(((pathPrefix + java.lang.Integer.toString(counter)) + .png)): null

2018-12-13 23:46:46 - [TEST_STEP][PASSED] - Statement - counter = counter + 1: null

2018-12-13 23:46:46 - [TEST_STEP][PASSED] - Statement - PreSaveFile = new java.io.File(((pathPrefix + java.lang.Integer.toString(counter)) + .png)): null

2018-12-13 23:46:46 - [TEST_STEP][PASSED] - Statement - counter = counter + 1: null

2018-12-13 23:46:46 - [TEST_STEP][PASSED] - Statement - PreSaveFile = new java.io.File(((pathPrefix + java.lang.Integer.toString(counter)) + .png)): null

2018-12-13 23:46:46 - [TEST_STEP][PASSED] - Statement - counter = counter + 1: null

2018-12-13 23:46:46 - [TEST_STEP][PASSED] - Statement - PreSaveFile = new java.io.File(((pathPrefix + java.lang.Integer.toString(counter)) + .png)): null

2018-12-13 23:46:46 - [TEST_STEP][PASSED] - Statement - counter = counter + 1: null

2018-12-13 23:46:46 - [TEST_STEP][PASSED] - Statement - PreSaveFile = new java.io.File(((pathPrefix + java.lang.Integer.toString(counter)) + .png)): null

2018-12-13 23:46:46 - [TEST_STEP][PASSED] - Statement - counter = counter + 1: null

2018-12-13 23:46:46 - [TEST_STEP][PASSED] - Statement - PreSaveFile = new java.io.File(((pathPrefix + java.lang.Integer.toString(counter)) + .png)): null

2018-12-13 23:46:46 - [TEST_STEP][PASSED] - Statement - counter = counter + 1: null

2018-12-13 23:46:46 - [TEST_STEP][PASSED] - Statement - PreSaveFile = new java.io.File(((pathPrefix + java.lang.Integer.toString(counter)) + .png)): null

2018-12-13 23:46:46 - [TEST_STEP][PASSED] - Statement - counter = counter + 1: null

2018-12-13 23:46:46 - [TEST_STEP][PASSED] - Statement - PreSaveFile = new java.io.File(((pathPrefix + java.lang.Integer.toString(counter)) + .png)): null

2018-12-13 23:46:46 - [TEST_STEP][PASSED] - Statement - counter = counter + 1: null

2018-12-13 23:46:46 - [TEST_STEP][PASSED] - Statement - PreSaveFile = new java.io.File(((pathPrefix + java.lang.Integer.toString(counter)) + .png)): null

2018-12-13 23:46:46 - [TEST_STEP][PASSED] - Statement - counter = counter + 1: null

2018-12-13 23:46:46 - [TEST_STEP][PASSED] - Statement - PreSaveFile = new java.io.File(((pathPrefix + java.lang.Integer.toString(counter)) + .png)): null

2018-12-13 23:46:46 - [TEST_STEP][PASSED] - Statement - counter = counter + 1: null

2018-12-13 23:46:46 - [TEST_STEP][PASSED] - Statement - PreSaveFile = new java.io.File(((pathPrefix + java.lang.Integer.toString(counter)) + .png)): null

2018-12-13 23:46:46 - [TEST_STEP][PASSED] - Statement - counter = counter + 1: null

2018-12-13 23:46:46 - [TEST_STEP][PASSED] - Statement - PreSaveFile = new java.io.File(((pathPrefix + java.lang.Integer.toString(counter)) + .png)): null

2018-12-13 23:46:46 - [TEST_STEP][PASSED] - Statement - counter = counter + 1: null

2018-12-13 23:46:46 - [TEST_STEP][PASSED] - Statement - PreSaveFile = new java.io.File(((pathPrefix + java.lang.Integer.toString(counter)) + .png)): null

2018-12-13 23:46:46 - [TEST_STEP][PASSED] - Statement - counter = counter + 1: null

2018-12-13 23:46:46 - [TEST_STEP][PASSED] - Statement - PreSaveFile = new java.io.File(((pathPrefix + java.lang.Integer.toString(counter)) + .png)): null

2018-12-13 23:46:46 - [TEST_STEP][PASSED] - Statement - counter = counter + 1: null

2018-12-13 23:46:46 - [TEST_STEP][PASSED] - Statement - PreSaveFile = new java.io.File(((pathPrefix + java.lang.Integer.toString(counter)) + .png)): null

2018-12-13 23:46:46 - [TEST_STEP][PASSED] - Statement - counter = counter + 1: null

2018-12-13 23:46:46 - [TEST_STEP][PASSED] - Statement - PreSaveFile = new java.io.File(((pathPrefix + java.lang.Integer.toString(counter)) + .png)): null

2018-12-13 23:46:46 - [TEST_STEP][PASSED] - Statement - counter = counter + 1: null

2018-12-13 23:46:46 - [TEST_STEP][PASSED] - Statement - PreSaveFile = new java.io.File(((pathPrefix + java.lang.Integer.toString(counter)) + .png)): null

2018-12-13 23:46:46 - [TEST_STEP][PASSED] - Statement - counter = counter + 1: null

2018-12-13 23:46:46 - [TEST_STEP][PASSED] - Statement - PreSaveFile = new java.io.File(((pathPrefix + java.lang.Integer.toString(counter)) + .png)): null

2018-12-13 23:46:46 - [TEST_STEP][PASSED] - Statement - counter = counter + 1: null

2018-12-13 23:46:46 - [TEST_STEP][PASSED] - Statement - PreSaveFile = new java.io.File(((pathPrefix + java.lang.Integer.toString(counter)) + .png)): null

2018-12-13 23:46:46 - [TEST_STEP][PASSED] - Statement - counter = counter + 1: null

2018-12-13 23:46:46 - [TEST_STEP][PASSED] - Statement - PreSaveFile = new java.io.File(((pathPrefix + java.lang.Integer.toString(counter)) + .png)): null

2018-12-13 23:46:46 - [TEST_STEP][PASSED] - Statement - counter = counter + 1: null

2018-12-13 23:46:46 - [TEST_STEP][PASSED] - Statement - PreSaveFile = new java.io.File(((pathPrefix + java.lang.Integer.toString(counter)) + .png)): null

2018-12-13 23:46:46 - [TEST_STEP][PASSED] - Statement - counter = counter + 1: null

2018-12-13 23:46:46 - [TEST_STEP][PASSED] - Statement - PreSaveFile = new java.io.File(((pathPrefix + java.lang.Integer.toString(counter)) + .png)): null

2018-12-13 23:46:46 - [TEST_STEP][PASSED] - Statement - counter = counter + 1: null

2018-12-13 23:46:46 - [TEST_STEP][PASSED] - Statement - PreSaveFile = new java.io.File(((pathPrefix + java.lang.Integer.toString(counter)) + .png)): null

2018-12-13 23:46:46 - [TEST_STEP][PASSED] - Statement - counter = counter + 1: null

2018-12-13 23:46:46 - [TEST_STEP][PASSED] - Statement - PreSaveFile = new java.io.File(((pathPrefix + java.lang.Integer.toString(counter)) + .png)): null

2018-12-13 23:46:46 - [TEST_STEP][PASSED] - Statement - counter = counter + 1: null

2018-12-13 23:46:46 - [TEST_STEP][PASSED] - Statement - PreSaveFile = new java.io.File(((pathPrefix + java.lang.Integer.toString(counter)) + .png)): null

2018-12-13 23:46:46 - [TEST_STEP][PASSED] - Statement - counter = counter + 1: null

2018-12-13 23:46:46 - [TEST_STEP][PASSED] - Statement - PreSaveFile = new java.io.File(((pathPrefix + java.lang.Integer.toString(counter)) + .png)): null

2018-12-13 23:46:46 - [TEST_STEP][PASSED] - Statement - counter = counter + 1: null

2018-12-13 23:46:46 - [TEST_STEP][PASSED] - Statement - PreSaveFile = new java.io.File(((pathPrefix + java.lang.Integer.toString(counter)) + .png)): null

2018-12-13 23:46:46 - [TEST_STEP][PASSED] - Statement - counter = counter + 1: null

2018-12-13 23:46:46 - [TEST_STEP][PASSED] - Statement - PreSaveFile = new java.io.File(((pathPrefix + java.lang.Integer.toString(counter)) + .png)): null

2018-12-13 23:46:46 - [TEST_STEP][PASSED] - Statement - counter = counter + 1: null

2018-12-13 23:46:46 - [TEST_STEP][PASSED] - Statement - PreSaveFile = new java.io.File(((pathPrefix + java.lang.Integer.toString(counter)) + .png)): null

2018-12-13 23:46:46 - [TEST_STEP][PASSED] - Statement - counter = counter + 1: null

2018-12-13 23:46:46 - [TEST_STEP][PASSED] - Statement - PreSaveFile = new java.io.File(((pathPrefix + java.lang.Integer.toString(counter)) + .png)): null

2018-12-13 23:46:46 - [TEST_STEP][PASSED] - Statement - counter = counter + 1: null

2018-12-13 23:46:46 - [TEST_STEP][PASSED] - Statement - PreSaveFile = new java.io.File(((pathPrefix + java.lang.Integer.toString(counter)) + .png)): null

2018-12-13 23:46:46 - [TEST_STEP][PASSED] - Statement - counter = counter + 1: null

2018-12-13 23:46:46 - [TEST_STEP][PASSED] - Statement - PreSaveFile = new java.io.File(((pathPrefix + java.lang.Integer.toString(counter)) + .png)): null

2018-12-13 23:46:46 - [TEST_STEP][PASSED] - Statement - counter = counter + 1: null

2018-12-13 23:46:46 - [TEST_STEP][PASSED] - Statement - PreSaveFile = new java.io.File(((pathPrefix + java.lang.Integer.toString(counter)) + .png)): null

2018-12-13 23:46:46 - [TEST_STEP][PASSED] - Statement - counter = counter + 1: null

2018-12-13 23:46:46 - [TEST_STEP][PASSED] - Statement - PreSaveFile = new java.io.File(((pathPrefix + java.lang.Integer.toString(counter)) + .png)): null

2018-12-13 23:46:46 - [TEST_STEP][PASSED] - Statement - counter = counter + 1: null

2018-12-13 23:46:46 - [TEST_STEP][PASSED] - Statement - PreSaveFile = new java.io.File(((pathPrefix + java.lang.Integer.toString(counter)) + .png)): null

2018-12-13 23:46:46 - [TEST_STEP][PASSED] - Statement - counter = counter + 1: null

2018-12-13 23:46:46 - [TEST_STEP][PASSED] - Statement - PreSaveFile = new java.io.File(((pathPrefix + java.lang.Integer.toString(counter)) + .png)): null

2018-12-13 23:46:46 - [TEST_STEP][PASSED] - Statement - counter = counter + 1: null

2018-12-13 23:46:46 - [TEST_STEP][PASSED] - Statement - PreSaveFile = new java.io.File(((pathPrefix + java.lang.Integer.toString(counter)) + .png)): null

2018-12-13 23:46:46 - [TEST_STEP][PASSED] - Statement - counter = counter + 1: null

2018-12-13 23:46:46 - [TEST_STEP][PASSED] - Statement - PreSaveFile = new java.io.File(((pathPrefix + java.lang.Integer.toString(counter)) + .png)): null

2018-12-13 23:46:46 - [TEST_STEP][PASSED] - Statement - counter = counter + 1: null

2018-12-13 23:46:46 - [TEST_STEP][PASSED] - Statement - PreSaveFile = new java.io.File(((pathPrefix + java.lang.Integer.toString(counter)) + .png)): null

2018-12-13 23:46:46 - [TEST_STEP][PASSED] - Statement - counter = counter + 1: null

2018-12-13 23:46:46 - [TEST_STEP][PASSED] - Statement - PreSaveFile = new java.io.File(((pathPrefix + java.lang.Integer.toString(counter)) + .png)): null

2018-12-13 23:46:46 - [TEST_STEP][PASSED] - Statement - counter = counter + 1: null

2018-12-13 23:46:46 - [TEST_STEP][PASSED] - Statement - PreSaveFile = new java.io.File(((pathPrefix + java.lang.Integer.toString(counter)) + .png)): null

2018-12-13 23:46:46 - [TEST_STEP][PASSED] - Statement - counter = counter + 1: null

2018-12-13 23:46:46 - [TEST_STEP][PASSED] - Statement - PreSaveFile = new java.io.File(((pathPrefix + java.lang.Integer.toString(counter)) + .png)): null

2018-12-13 23:46:46 - [TEST_STEP][PASSED] - Statement - counter = counter + 1: null

2018-12-13 23:46:46 - [TEST_STEP][PASSED] - Statement - PreSaveFile = new java.io.File(((pathPrefix + java.lang.Integer.toString(counter)) + .png)): null

2018-12-13 23:46:46 - [TEST_STEP][PASSED] - Statement - counter = counter + 1: null

2018-12-13 23:46:46 - [TEST_STEP][PASSED] - Statement - PreSaveFile = new java.io.File(((pathPrefix + java.lang.Integer.toString(counter)) + .png)): null

2018-12-13 23:46:46 - [TEST_STEP][PASSED] - Statement - counter = counter + 1: null

2018-12-13 23:46:46 - [TEST_STEP][PASSED] - Statement - PreSaveFile = new java.io.File(((pathPrefix + java.lang.Integer.toString(counter)) + .png)): null

2018-12-13 23:46:46 - [TEST_STEP][PASSED] - Statement - counter = counter + 1: null

2018-12-13 23:46:46 - [TEST_STEP][PASSED] - Statement - PreSaveFile = new java.io.File(((pathPrefix + java.lang.Integer.toString(counter)) + .png)): null

2018-12-13 23:46:46 - [TEST_STEP][PASSED] - Statement - counter = counter + 1: null

2018-12-13 23:46:46 - [TEST_STEP][PASSED] - Statement - PreSaveFile = new java.io.File(((pathPrefix + java.lang.Integer.toString(counter)) + .png)): null

2018-12-13 23:46:46 - [TEST_STEP][PASSED] - Statement - counter = counter + 1: null

2018-12-13 23:46:46 - [TEST_STEP][PASSED] - Statement - PreSaveFile = new java.io.File(((pathPrefix + java.lang.Integer.toString(counter)) + .png)): null

2018-12-13 23:46:46 - [TEST_STEP][PASSED] - Statement - counter = counter + 1: null

2018-12-13 23:46:46 - [TEST_STEP][PASSED] - Statement - PreSaveFile = new java.io.File(((pathPrefix + java.lang.Integer.toString(counter)) + .png)): null

2018-12-13 23:46:46 - [TEST_STEP][PASSED] - Statement - counter = counter + 1: null

2018-12-13 23:46:46 - [TEST_STEP][PASSED] - Statement - PreSaveFile = new java.io.File(((pathPrefix + java.lang.Integer.toString(counter)) + .png)): null

2018-12-13 23:46:46 - [TEST_STEP][PASSED] - Statement - counter = counter + 1: null

2018-12-13 23:46:46 - [TEST_STEP][PASSED] - Statement - PreSaveFile = new java.io.File(((pathPrefix + java.lang.Integer.toString(counter)) + .png)): null

2018-12-13 23:46:46 - [TEST_STEP][PASSED] - Statement - counter = counter + 1: null

2018-12-13 23:46:46 - [TEST_STEP][PASSED] - Statement - PreSaveFile = new java.io.File(((pathPrefix + java.lang.Integer.toString(counter)) + .png)): null

2018-12-13 23:46:46 - [TEST_STEP][PASSED] - Statement - counter = counter + 1: null

2018-12-13 23:46:46 - [TEST_STEP][PASSED] - Statement - PreSaveFile = new java.io.File(((pathPrefix + java.lang.Integer.toString(counter)) + .png)): null

2018-12-13 23:46:46 - [TEST_STEP][PASSED] - Statement - counter = counter + 1: null

2018-12-13 23:46:46 - [TEST_STEP][PASSED] - Statement - PreSaveFile = new java.io.File(((pathPrefix + java.lang.Integer.toString(counter)) + .png)): null

2018-12-13 23:46:46 - [TEST_STEP][PASSED] - Statement - counter = counter + 1: null

2018-12-13 23:46:46 - [TEST_STEP][PASSED] - Statement - PreSaveFile = new java.io.File(((pathPrefix + java.lang.Integer.toString(counter)) + .png)): null

2018-12-13 23:46:46 - [TEST_STEP][PASSED] - Statement - counter = counter + 1: null

2018-12-13 23:46:46 - [TEST_STEP][PASSED] - Statement - PreSaveFile = new java.io.File(((pathPrefix + java.lang.Integer.toString(counter)) + .png)): null

2018-12-13 23:46:46 - [TEST_STEP][PASSED] - Statement - counter = counter + 1: null

2018-12-13 23:46:46 - [TEST_STEP][PASSED] - Statement - PreSaveFile = new java.io.File(((pathPrefix + java.lang.Integer.toString(counter)) + .png)): null

2018-12-13 23:46:46 - [TEST_STEP][PASSED] - Statement - counter = counter + 1: null

2018-12-13 23:46:46 - [TEST_STEP][PASSED] - Statement - PreSaveFile = new java.io.File(((pathPrefix + java.lang.Integer.toString(counter)) + .png)): null

2018-12-13 23:46:46 - [TEST_STEP][PASSED] - Statement - counter = counter + 1: null

2018-12-13 23:46:46 - [TEST_STEP][PASSED] - Statement - PreSaveFile = new java.io.File(((pathPrefix + java.lang.Integer.toString(counter)) + .png)): null

2018-12-13 23:46:46 - [TEST_STEP][PASSED] - Statement - counter = counter + 1: null

2018-12-13 23:46:46 - [TEST_STEP][PASSED] - Statement - PreSaveFile = new java.io.File(((pathPrefix + java.lang.Integer.toString(counter)) + .png)): null

2018-12-13 23:46:46 - [TEST_STEP][PASSED] - Statement - counter = counter + 1: null

2018-12-13 23:46:46 - [TEST_STEP][PASSED] - Statement - PreSaveFile = new java.io.File(((pathPrefix + java.lang.Integer.toString(counter)) + .png)): null

2018-12-13 23:46:46 - [TEST_STEP][PASSED] - Statement - counter = counter + 1: null

2018-12-13 23:46:46 - [TEST_STEP][PASSED] - Statement - PreSaveFile = new java.io.File(((pathPrefix + java.lang.Integer.toString(counter)) + .png)): null

2018-12-13 23:46:46 - [TEST_STEP][PASSED] - Statement - counter = counter + 1: null

2018-12-13 23:46:46 - [TEST_STEP][PASSED] - Statement - PreSaveFile = new java.io.File(((pathPrefix + java.lang.Integer.toString(counter)) + .png)): null

2018-12-13 23:46:46 - [TEST_STEP][PASSED] - Statement - counter = counter + 1: null

2018-12-13 23:46:46 - [TEST_STEP][PASSED] - Statement - PreSaveFile = new java.io.File(((pathPrefix + java.lang.Integer.toString(counter)) + .png)): null

2018-12-13 23:46:46 - [TEST_STEP][PASSED] - Statement - counter = counter + 1: null

2018-12-13 23:46:46 - [TEST_STEP][PASSED] - Statement - PreSaveFile = new java.io.File(((pathPrefix + java.lang.Integer.toString(counter)) + .png)): null

2018-12-13 23:46:46 - [TEST_STEP][PASSED] - Statement - counter = counter + 1: null

2018-12-13 23:46:46 - [TEST_STEP][PASSED] - Statement - PreSaveFile = new java.io.File(((pathPrefix + java.lang.Integer.toString(counter)) + .png)): null

2018-12-13 23:46:46 - [TEST_STEP][PASSED] - Statement - counter = counter + 1: null

2018-12-13 23:46:46 - [TEST_STEP][PASSED] - Statement - PreSaveFile = new java.io.File(((pathPrefix + java.lang.Integer.toString(counter)) + .png)): null

2018-12-13 23:46:46 - [TEST_STEP][PASSED] - Statement - counter = counter + 1: null

2018-12-13 23:46:46 - [TEST_STEP][PASSED] - Statement - PreSaveFile = new java.io.File(((pathPrefix + java.lang.Integer.toString(counter)) + .png)): null

2018-12-13 23:46:46 - [TEST_STEP][PASSED] - Statement - counter = counter + 1: null

2018-12-13 23:46:46 - [TEST_STEP][PASSED] - Statement - PreSaveFile = new java.io.File(((pathPrefix + java.lang.Integer.toString(counter)) + .png)): null

2018-12-13 23:46:46 - [TEST_STEP][PASSED] - Statement - counter = counter + 1: null

2018-12-13 23:46:46 - [TEST_STEP][PASSED] - Statement - PreSaveFile = new java.io.File(((pathPrefix + java.lang.Integer.toString(counter)) + .png)): null

2018-12-13 23:46:46 - [TEST_STEP][PASSED] - Statement - counter = counter + 1: null

2018-12-13 23:46:46 - [TEST_STEP][PASSED] - Statement - PreSaveFile = new java.io.File(((pathPrefix + java.lang.Integer.toString(counter)) + .png)): null

2018-12-13 23:46:46 - [TEST_STEP][PASSED] - Statement - counter = counter + 1: null

2018-12-13 23:46:46 - [TEST_STEP][PASSED] - Statement - PreSaveFile = new java.io.File(((pathPrefix + java.lang.Integer.toString(counter)) + .png)): null

2018-12-13 23:46:46 - [TEST_STEP][PASSED] - Statement - counter = counter + 1: null

2018-12-13 23:46:46 - [TEST_STEP][PASSED] - Statement - PreSaveFile = new java.io.File(((pathPrefix + java.lang.Integer.toString(counter)) + .png)): null

2018-12-13 23:46:46 - [TEST_STEP][PASSED] - Statement - counter = counter + 1: null

2018-12-13 23:46:46 - [TEST_STEP][PASSED] - Statement - PreSaveFile = new java.io.File(((pathPrefix + java.lang.Integer.toString(counter)) + .png)): null

2018-12-13 23:46:46 - [TEST_STEP][PASSED] - Statement - counter = counter + 1: null

2018-12-13 23:46:46 - [TEST_STEP][PASSED] - Statement - PreSaveFile = new java.io.File(((pathPrefix + java.lang.Integer.toString(counter)) + .png)): null

2018-12-13 23:46:46 - [TEST_STEP][PASSED] - Statement - counter = counter + 1: null

2018-12-13 23:46:46 - [TEST_STEP][PASSED] - Statement - PreSaveFile = new java.io.File(((pathPrefix + java.lang.Integer.toString(counter)) + .png)): null

2018-12-13 23:46:46 - [TEST_STEP][PASSED] - Statement - counter = counter + 1: null

2018-12-13 23:46:46 - [TEST_STEP][PASSED] - Statement - PreSaveFile = new java.io.File(((pathPrefix + java.lang.Integer.toString(counter)) + .png)): null

2018-12-13 23:46:46 - [TEST_STEP][PASSED] - Statement - counter = counter + 1: null

2018-12-13 23:46:46 - [TEST_STEP][PASSED] - Statement - PreSaveFile = new java.io.File(((pathPrefix + java.lang.Integer.toString(counter)) + .png)): null

2018-12-13 23:46:46 - [TEST_STEP][PASSED] - Statement - counter = counter + 1: null

2018-12-13 23:46:46 - [TEST_STEP][PASSED] - Statement - PreSaveFile = new java.io.File(((pathPrefix + java.lang.Integer.toString(counter)) + .png)): null

2018-12-13 23:46:46 - [TEST_STEP][PASSED] - Statement - counter = counter + 1: null

2018-12-13 23:46:46 - [TEST_STEP][PASSED] - Statement - PreSaveFile = new java.io.File(((pathPrefix + java.lang.Integer.toString(counter)) + .png)): null

2018-12-13 23:46:46 - [TEST_STEP][PASSED] - Statement - counter = counter + 1: null

2018-12-13 23:46:46 - [TEST_STEP][PASSED] - Statement - PreSaveFile = new java.io.File(((pathPrefix + java.lang.Integer.toString(counter)) + .png)): null

2018-12-13 23:46:46 - [TEST_STEP][PASSED] - Statement - counter = counter + 1: null

2018-12-13 23:46:46 - [TEST_STEP][PASSED] - Statement - PreSaveFile = new java.io.File(((pathPrefix + java.lang.Integer.toString(counter)) + .png)): null

2018-12-13 23:46:46 - [TEST_STEP][PASSED] - Statement - counter = counter + 1: null

2018-12-13 23:46:46 - [TEST_STEP][PASSED] - Statement - PreSaveFile = new java.io.File(((pathPrefix + java.lang.Integer.toString(counter)) + .png)): null

2018-12-13 23:46:46 - [TEST_STEP][PASSED] - Statement - counter = counter + 1: null

2018-12-13 23:46:46 - [TEST_STEP][PASSED] - Statement - PreSaveFile = new java.io.File(((pathPrefix + java.lang.Integer.toString(counter)) + .png)): null

2018-12-13 23:46:46 - [TEST_STEP][PASSED] - Statement - counter = counter + 1: null

2018-12-13 23:46:46 - [TEST_STEP][PASSED] - Statement - PreSaveFile = new java.io.File(((pathPrefix + java.lang.Integer.toString(counter)) + .png)): null

2018-12-13 23:46:46 - [TEST_STEP][PASSED] - Statement - counter = counter + 1: null

2018-12-13 23:46:46 - [TEST_STEP][PASSED] - Statement - PreSaveFile = new java.io.File(((pathPrefix + java.lang.Integer.toString(counter)) + .png)): null

2018-12-13 23:46:46 - [TEST_STEP][PASSED] - Statement - counter = counter + 1: null

2018-12-13 23:46:46 - [TEST_STEP][PASSED] - Statement - PreSaveFile = new java.io.File(((pathPrefix + java.lang.Integer.toString(counter)) + .png)): null

2018-12-13 23:46:46 - [TEST_STEP][PASSED] - Statement - counter = counter + 1: null

2018-12-13 23:46:46 - [TEST_STEP][PASSED] - Statement - PreSaveFile = new java.io.File(((pathPrefix + java.lang.Integer.toString(counter)) + .png)): null

2018-12-13 23:46:46 - [TEST_STEP][PASSED] - Statement - counter = counter + 1: null

2018-12-13 23:46:46 - [TEST_STEP][PASSED] - Statement - PreSaveFile = new java.io.File(((pathPrefix + java.lang.Integer.toString(counter)) + .png)): null

2018-12-13 23:46:46 - [TEST_STEP][PASSED] - Statement - counter = counter + 1: null

2018-12-13 23:46:46 - [TEST_STEP][PASSED] - Statement - PreSaveFile = new java.io.File(((pathPrefix + java.lang.Integer.toString(counter)) + .png)): null

2018-12-13 23:46:46 - [TEST_STEP][PASSED] - Statement - counter = counter + 1: null

2018-12-13 23:46:46 - [TEST_STEP][PASSED] - Statement - PreSaveFile = new java.io.File(((pathPrefix + java.lang.Integer.toString(counter)) + .png)): null

2018-12-13 23:46:46 - [TEST_STEP][PASSED] - Statement - counter = counter + 1: null

2018-12-13 23:46:46 - [TEST_STEP][PASSED] - Statement - PreSaveFile = new java.io.File(((pathPrefix + java.lang.Integer.toString(counter)) + .png)): null

2018-12-13 23:46:46 - [TEST_STEP][PASSED] - Statement - counter = counter + 1: null

2018-12-13 23:46:46 - [TEST_STEP][PASSED] - Statement - PreSaveFile = new java.io.File(((pathPrefix + java.lang.Integer.toString(counter)) + .png)): null

2018-12-13 23:46:46 - [TEST_STEP][PASSED] - Statement - counter = counter + 1: null

2018-12-13 23:46:46 - [TEST_STEP][PASSED] - Statement - PreSaveFile = new java.io.File(((pathPrefix + java.lang.Integer.toString(counter)) + .png)): null

2018-12-13 23:46:46 - [TEST_STEP][PASSED] - Statement - counter = counter + 1: null

2018-12-13 23:46:46 - [TEST_STEP][PASSED] - Statement - PreSaveFile = new java.io.File(((pathPrefix + java.lang.Integer.toString(counter)) + .png)): null

2018-12-13 23:46:46 - [TEST_STEP][PASSED] - Statement - counter = counter + 1: null

2018-12-13 23:46:46 - [TEST_STEP][PASSED] - Statement - PreSaveFile = new java.io.File(((pathPrefix + java.lang.Integer.toString(counter)) + .png)): null

2018-12-13 23:46:46 - [TEST_STEP][PASSED] - Statement - counter = counter + 1: null

2018-12-13 23:46:46 - [TEST_STEP][PASSED] - Statement - PreSaveFile = new java.io.File(((pathPrefix + java.lang.Integer.toString(counter)) + .png)): null

2018-12-13 23:46:46 - [TEST_STEP][PASSED] - Statement - counter = counter + 1: null

2018-12-13 23:46:46 - [TEST_STEP][PASSED] - Statement - PreSaveFile = new java.io.File(((pathPrefix + java.lang.Integer.toString(counter)) + .png)): null

2018-12-13 23:46:46 - [TEST_STEP][PASSED] - Statement - counter = counter + 1: null

2018-12-13 23:46:46 - [TEST_STEP][PASSED] - Statement - PreSaveFile = new java.io.File(((pathPrefix + java.lang.Integer.toString(counter)) + .png)): null

2018-12-13 23:46:46 - [TEST_STEP][PASSED] - Statement - counter = counter + 1: null

2018-12-13 23:46:46 - [TEST_STEP][PASSED] - Statement - PreSaveFile = new java.io.File(((pathPrefix + java.lang.Integer.toString(counter)) + .png)): null

2018-12-13 23:46:46 - [TEST_STEP][PASSED] - Statement - counter = counter + 1: null

2018-12-13 23:46:46 - [TEST_STEP][PASSED] - Statement - PreSaveFile = new java.io.File(((pathPrefix + java.lang.Integer.toString(counter)) + .png)): null

2018-12-13 23:46:46 - [TEST_STEP][PASSED] - Statement - counter = counter + 1: null

2018-12-13 23:46:46 - [TEST_STEP][PASSED] - Statement - PreSaveFile = new java.io.File(((pathPrefix + java.lang.Integer.toString(counter)) + .png)): null

2018-12-13 23:46:46 - [TEST_STEP][PASSED] - Statement - counter = counter + 1: null

2018-12-13 23:46:46 - [TEST_STEP][PASSED] - Statement - PreSaveFile = new java.io.File(((pathPrefix + java.lang.Integer.toString(counter)) + .png)): null

2018-12-13 23:46:46 - [TEST_STEP][PASSED] - Statement - counter = counter + 1: null

2018-12-13 23:46:46 - [TEST_STEP][PASSED] - Statement - PreSaveFile = new java.io.File(((pathPrefix + java.lang.Integer.toString(counter)) + .png)): null

2018-12-13 23:46:46 - [TEST_STEP][PASSED] - Statement - counter = counter + 1: null

2018-12-13 23:46:46 - [TEST_STEP][PASSED] - Statement - PreSaveFile = new java.io.File(((pathPrefix + java.lang.Integer.toString(counter)) + .png)): null

2018-12-13 23:46:46 - [TEST_STEP][PASSED] - Statement - counter = counter + 1: null

2018-12-13 23:46:46 - [TEST_STEP][PASSED] - Statement - PreSaveFile = new java.io.File(((pathPrefix + java.lang.Integer.toString(counter)) + .png)): null

2018-12-13 23:46:46 - [TEST_STEP][PASSED] - Statement - counter = counter + 1: null

2018-12-13 23:46:46 - [TEST_STEP][PASSED] - Statement - PreSaveFile = new java.io.File(((pathPrefix + java.lang.Integer.toString(counter)) + .png)): null

2018-12-13 23:46:46 - [TEST_STEP][PASSED] - Statement - counter = counter + 1: null

2018-12-13 23:46:46 - [TEST_STEP][PASSED] - Statement - PreSaveFile = new java.io.File(((pathPrefix + java.lang.Integer.toString(counter)) + .png)): null

2018-12-13 23:46:46 - [TEST_STEP][PASSED] - Statement - counter = counter + 1: null

2018-12-13 23:46:46 - [TEST_STEP][PASSED] - Statement - PreSaveFile = new java.io.File(((pathPrefix + java.lang.Integer.toString(counter)) + .png)): null

2018-12-13 23:46:46 - [TEST_STEP][PASSED] - Statement - counter = counter + 1: null

2018-12-13 23:46:46 - [TEST_STEP][PASSED] - Statement - PreSaveFile = new java.io.File(((pathPrefix + java.lang.Integer.toString(counter)) + .png)): null

2018-12-13 23:46:46 - [TEST_STEP][PASSED] - Statement - counter = counter + 1: null

2018-12-13 23:46:46 - [TEST_STEP][PASSED] - Statement - PreSaveFile = new java.io.File(((pathPrefix + java.lang.Integer.toString(counter)) + .png)): null

2018-12-13 23:46:46 - [TEST_STEP][PASSED] - Statement - counter = counter + 1: null

2018-12-13 23:46:46 - [TEST_STEP][PASSED] - Statement - PreSaveFile = new java.io.File(((pathPrefix + java.lang.Integer.toString(counter)) + .png)): null

2018-12-13 23:46:46 - [TEST_STEP][PASSED] - Statement - counter = counter + 1: null

2018-12-13 23:46:46 - [TEST_STEP][PASSED] - Statement - PreSaveFile = new java.io.File(((pathPrefix + java.lang.Integer.toString(counter)) + .png)): null

2018-12-13 23:46:46 - [TEST_STEP][PASSED] - Statement - counter = counter + 1: null

2018-12-13 23:46:46 - [TEST_STEP][PASSED] - Statement - PreSaveFile = new java.io.File(((pathPrefix + java.lang.Integer.toString(counter)) + .png)): null

2018-12-13 23:46:46 - [TEST_STEP][PASSED] - Statement - counter = counter + 1: null

2018-12-13 23:46:46 - [TEST_STEP][PASSED] - Statement - PreSaveFile = new java.io.File(((pathPrefix + java.lang.Integer.toString(counter)) + .png)): null

2018-12-13 23:46:46 - [TEST_STEP][PASSED] - Statement - counter = counter + 1: null

2018-12-13 23:46:46 - [TEST_STEP][PASSED] - Statement - PreSaveFile = new java.io.File(((pathPrefix + java.lang.Integer.toString(counter)) + .png)): null

2018-12-13 23:46:46 - [TEST_STEP][PASSED] - Statement - counter = counter + 1: null

2018-12-13 23:46:46 - [TEST_STEP][PASSED] - Statement - PreSaveFile = new java.io.File(((pathPrefix + java.lang.Integer.toString(counter)) + .png)): null

2018-12-13 23:46:46 - [TEST_STEP][PASSED] - Statement - finalPath = pathPrefix + java.lang.Integer.toString(counter) + ".png": null

2018-12-13 23:46:46 - [TEST_STEP][PASSED] - Statement - SaveFile = new java.io.File(finalPath): null

2018-12-13 23:46:46 - [TEST_STEP][PASSED] - Statement - Try: null

2018-12-13 23:46:46 - [TEST_STEP][PASSED] - Statement - org.apache.commons.io.FileUtils.copyFile(scrFile, SaveFile): null

2018-12-13 23:46:46 - [TEST_STEP][PASSED] - Statement - out.println("file kept"): null

2018-12-13 23:46:46 - [TEST_STEP][PASSED] - delay: Delayed 10 second(s)

2018-12-13 23:46:56 - [MESSAGE][PASSED] - Delayed 10 second(s)

2018-12-13 23:46:56 - [MESSAGE][FAILED] - Unable to call Test Case with id 'Test Cases/Final Aug 2018 - PKS Automation/Registration Module/New Registration/Submit and Screenshot/Submit Registration and Screenshot' (Root cause: Call Test Case 'Test Cases/Final Aug 2018 - PKS Automation/Registration Module/New Registration/Submit and Screenshot/Submit Registration and Screenshot' failed)]]></system-out>
         <system-err><![CDATA[2018-12-13 23:31:11 - [TEST_CASE][FAILED] - Test Cases/Final Aug 2018 - PKS Automation/Registration Module/Workflow/New Registration/Case PKR BO to RO - Query - Submit: Test Cases/Final Aug 2018 - PKS Automation/Registration Module/Workflow/New Registration/Case PKR BO to RO - Query - Submit FAILED because (of) (Stack trace: com.kms.katalon.core.exception.StepFailedException: Unable to set text 'CRN12201800123318' of object 'Object Repository/Final Object Repo/New Registration - Registration Module Pages/New Reg - OTC to RO/Special Case - All Related Objects/TextBox RefNo in Workbasket' (Root cause: org.openqa.selenium.ElementNotVisibleException: element not interactable
  (Session info: chrome=70.0.3538.110)
  (Driver info: chromedriver=2.43.600210 (68dcf5eebde37173d4027fa8635e332711d2874a),platform=Windows NT 6.1.7601 SP1 x86_64) (WARNING: The server did not provide any stacktrace information)
Command duration or timeout: 0 milliseconds
Build info: version: '3.7.1', revision: '8a0099a', time: '2017-11-06T21:07:36.161Z'
System info: host: 'WIN7TEST02', ip: '10.20.3.72', os.name: 'Windows 7', os.arch: 'amd64', os.version: '6.1', java.version: '1.8.0_181'
Driver info: com.kms.katalon.selenium.driver.CChromeDriver
Capabilities {acceptInsecureCerts: false, acceptSslCerts: false, applicationCacheEnabled: false, browserConnectionEnabled: false, browserName: chrome, chrome: {chromedriverVersion: 2.43.600210 (68dcf5eebde371..., userDataDir: C:\Users\Admin\AppData\Loca...}, cssSelectorsEnabled: true, databaseEnabled: false, goog:chromeOptions: {debuggerAddress: localhost:62110}, handlesAlerts: true, hasTouchScreen: false, javascriptEnabled: true, locationContextEnabled: true, mobileEmulationEnabled: false, nativeEvents: true, networkConnectionEnabled: false, pageLoadStrategy: normal, platform: XP, platformName: XP, rotatable: false, setWindowRect: true, takesHeapSnapshot: true, takesScreenshot: true, unexpectedAlertBehaviour: , unhandledPromptBehavior: , version: 70.0.3538.110, webStorageEnabled: true}
Session ID: 25a3e655fd0dbc0b01edcd3c08c1500c)
	at com.kms.katalon.core.keyword.internal.KeywordMain.stepFailed(KeywordMain.groovy:32)
	at com.kms.katalon.core.webui.keyword.internal.WebUIKeywordMain.stepFailed(WebUIKeywordMain.groovy:65)
	at com.kms.katalon.core.webui.keyword.internal.WebUIKeywordMain.runKeyword(WebUIKeywordMain.groovy:27)
	at com.kms.katalon.core.webui.keyword.builtin.SetTextKeyword.setText(SetTextKeyword.groovy:65)
	at com.kms.katalon.core.webui.keyword.builtin.SetTextKeyword.execute(SetTextKeyword.groovy:37)
	at com.kms.katalon.core.keyword.internal.KeywordExecutor.executeKeywordForPlatform(KeywordExecutor.groovy:53)
	at com.kms.katalon.core.webui.keyword.WebUiBuiltInKeywords.setText(WebUiBuiltInKeywords.groovy:950)
	at com.kms.katalon.core.webui.keyword.WebUiBuiltInKeywords$setText$1.call(Unknown Source)
	at org.codehaus.groovy.runtime.callsite.CallSiteArray.defaultCall(CallSiteArray.java:48)
	at org.codehaus.groovy.runtime.callsite.AbstractCallSite.call(AbstractCallSite.java:113)
	at org.codehaus.groovy.runtime.callsite.AbstractCallSite.call(AbstractCallSite.java:133)
	at Script1535619019036.run(Script1535619019036.groovy:73)
	at com.kms.katalon.core.main.ScriptEngine.run(ScriptEngine.java:183)
	at com.kms.katalon.core.main.ScriptEngine.runScriptAsRawText(ScriptEngine.java:108)
	at com.kms.katalon.core.main.TestCaseExecutor.runScript(TestCaseExecutor.java:294)
	at com.kms.katalon.core.main.TestCaseExecutor.doExecute(TestCaseExecutor.java:285)
	at com.kms.katalon.core.main.TestCaseExecutor.processExecutionPhase(TestCaseExecutor.java:264)
	at com.kms.katalon.core.main.TestCaseExecutor.accessMainPhase(TestCaseExecutor.java:256)
	at com.kms.katalon.core.main.TestCaseExecutor.execute(TestCaseExecutor.java:200)
	at com.kms.katalon.core.main.TestSuiteExecutor.accessTestCaseMainPhase(TestSuiteExecutor.java:129)
	at com.kms.katalon.core.main.TestSuiteExecutor.accessTestSuiteMainPhase(TestSuiteExecutor.java:112)
	at com.kms.katalon.core.main.TestSuiteExecutor.execute(TestSuiteExecutor.java:81)
	at com.kms.katalon.core.main.TestCaseMain.startTestSuite(TestCaseMain.java:142)
	at com.kms.katalon.core.main.TestCaseMain$startTestSuite$0.call(Unknown Source)
	at org.codehaus.groovy.runtime.callsite.CallSiteArray.defaultCall(CallSiteArray.java:48)
	at org.codehaus.groovy.runtime.callsite.AbstractCallSite.call(AbstractCallSite.java:113)
	at org.codehaus.groovy.runtime.callsite.AbstractCallSite.call(AbstractCallSite.java:141)
	at TempTestSuite1544701631622.run(TempTestSuite1544701631622.groovy:36)
	at groovy.lang.GroovyShell.runScriptOrMainOrTestOrRunnable(GroovyShell.java:263)
	at groovy.lang.GroovyShell.run(GroovyShell.java:518)
	at groovy.lang.GroovyShell.run(GroovyShell.java:507)
	at groovy.ui.GroovyMain.processOnce(GroovyMain.java:653)
	at groovy.ui.GroovyMain.run(GroovyMain.java:384)
	at groovy.ui.GroovyMain.process(GroovyMain.java:370)
	at groovy.ui.GroovyMain.processArgs(GroovyMain.java:129)
	at groovy.ui.GroovyMain.main(GroovyMain.java:109)
	at sun.reflect.NativeMethodAccessorImpl.invoke0(Native Method)
	at sun.reflect.NativeMethodAccessorImpl.invoke(NativeMethodAccessorImpl.java:62)
	at sun.reflect.DelegatingMethodAccessorImpl.invoke(DelegatingMethodAccessorImpl.java:43)
	at java.lang.reflect.Method.invoke(Method.java:498)
	at org.codehaus.groovy.tools.GroovyStarter.rootLoader(GroovyStarter.java:109)
	at org.codehaus.groovy.tools.GroovyStarter.main(GroovyStarter.java:131)
)]]></system-err>
      </testcase>
      <testcase name="Test Cases/Final Aug 2018 - PKS Automation/Registration Module/Workflow/New Registration/Case PKR BO to RO - RO Submit" classname="Test Cases/Final Aug 2018 - PKS Automation/Registration Module/Workflow/New Registration/Case PKR BO to RO - RO Submit" status="FAILED">
         <failure type="FAILED" message="(Stack trace: com.kms.katalon.core.exception.StepFailedException: Unable to set text 'CRN12201800123319' of object 'Object Repository/Final Object Repo/New Registration - Registration Module Pages/New Reg - OTC to RO/Special Case - All Related Objects/TextBox RefNo in Workbasket' (Root cause: org.openqa.selenium.ElementNotVisibleException: element not interactable
  (Session info: chrome=70.0.3538.110)
  (Driver info: chromedriver=2.43.600210 (68dcf5eebde37173d4027fa8635e332711d2874a),platform=Windows NT 6.1.7601 SP1 x86_64) (WARNING: The server did not provide any stacktrace information)
Command duration or timeout: 0 milliseconds
Build info: version: '3.7.1', revision: '8a0099a', time: '2017-11-06T21:07:36.161Z'
System info: host: 'WIN7TEST02', ip: '10.20.3.72', os.name: 'Windows 7', os.arch: 'amd64', os.version: '6.1', java.version: '1.8.0_181'
Driver info: com.kms.katalon.selenium.driver.CChromeDriver
Capabilities {acceptInsecureCerts: false, acceptSslCerts: false, applicationCacheEnabled: false, browserConnectionEnabled: false, browserName: chrome, chrome: {chromedriverVersion: 2.43.600210 (68dcf5eebde371..., userDataDir: C:\Users\Admin\AppData\Loca...}, cssSelectorsEnabled: true, databaseEnabled: false, goog:chromeOptions: {debuggerAddress: localhost:62252}, handlesAlerts: true, hasTouchScreen: false, javascriptEnabled: true, locationContextEnabled: true, mobileEmulationEnabled: false, nativeEvents: true, networkConnectionEnabled: false, pageLoadStrategy: normal, platform: XP, platformName: XP, rotatable: false, setWindowRect: true, takesHeapSnapshot: true, takesScreenshot: true, unexpectedAlertBehaviour: , unhandledPromptBehavior: , version: 70.0.3538.110, webStorageEnabled: true}
Session ID: 1e2f0380f9d7bcdc4cf9ce0425194079)
	at com.kms.katalon.core.keyword.internal.KeywordMain.stepFailed(KeywordMain.groovy:32)
	at com.kms.katalon.core.webui.keyword.internal.WebUIKeywordMain.stepFailed(WebUIKeywordMain.groovy:65)
	at com.kms.katalon.core.webui.keyword.internal.WebUIKeywordMain.runKeyword(WebUIKeywordMain.groovy:27)
	at com.kms.katalon.core.webui.keyword.builtin.SetTextKeyword.setText(SetTextKeyword.groovy:65)
	at com.kms.katalon.core.webui.keyword.builtin.SetTextKeyword.execute(SetTextKeyword.groovy:37)
	at com.kms.katalon.core.keyword.internal.KeywordExecutor.executeKeywordForPlatform(KeywordExecutor.groovy:53)
	at com.kms.katalon.core.webui.keyword.WebUiBuiltInKeywords.setText(WebUiBuiltInKeywords.groovy:950)
	at com.kms.katalon.core.webui.keyword.WebUiBuiltInKeywords$setText$1.call(Unknown Source)
	at org.codehaus.groovy.runtime.callsite.CallSiteArray.defaultCall(CallSiteArray.java:48)
	at org.codehaus.groovy.runtime.callsite.AbstractCallSite.call(AbstractCallSite.java:113)
	at org.codehaus.groovy.runtime.callsite.AbstractCallSite.call(AbstractCallSite.java:133)
	at Script1535945708168.run(Script1535945708168.groovy:73)
	at com.kms.katalon.core.main.ScriptEngine.run(ScriptEngine.java:183)
	at com.kms.katalon.core.main.ScriptEngine.runScriptAsRawText(ScriptEngine.java:108)
	at com.kms.katalon.core.main.TestCaseExecutor.runScript(TestCaseExecutor.java:294)
	at com.kms.katalon.core.main.TestCaseExecutor.doExecute(TestCaseExecutor.java:285)
	at com.kms.katalon.core.main.TestCaseExecutor.processExecutionPhase(TestCaseExecutor.java:264)
	at com.kms.katalon.core.main.TestCaseExecutor.accessMainPhase(TestCaseExecutor.java:256)
	at com.kms.katalon.core.main.TestCaseExecutor.execute(TestCaseExecutor.java:200)
	at com.kms.katalon.core.main.TestSuiteExecutor.accessTestCaseMainPhase(TestSuiteExecutor.java:129)
	at com.kms.katalon.core.main.TestSuiteExecutor.accessTestSuiteMainPhase(TestSuiteExecutor.java:112)
	at com.kms.katalon.core.main.TestSuiteExecutor.execute(TestSuiteExecutor.java:81)
	at com.kms.katalon.core.main.TestCaseMain.startTestSuite(TestCaseMain.java:142)
	at com.kms.katalon.core.main.TestCaseMain$startTestSuite$0.call(Unknown Source)
	at org.codehaus.groovy.runtime.callsite.CallSiteArray.defaultCall(CallSiteArray.java:48)
	at org.codehaus.groovy.runtime.callsite.AbstractCallSite.call(AbstractCallSite.java:113)
	at org.codehaus.groovy.runtime.callsite.AbstractCallSite.call(AbstractCallSite.java:141)
	at TempTestSuite1544701631622.run(TempTestSuite1544701631622.groovy:36)
	at groovy.lang.GroovyShell.runScriptOrMainOrTestOrRunnable(GroovyShell.java:263)
	at groovy.lang.GroovyShell.run(GroovyShell.java:518)
	at groovy.lang.GroovyShell.run(GroovyShell.java:507)
	at groovy.ui.GroovyMain.processOnce(GroovyMain.java:653)
	at groovy.ui.GroovyMain.run(GroovyMain.java:384)
	at groovy.ui.GroovyMain.process(GroovyMain.java:370)
	at groovy.ui.GroovyMain.processArgs(GroovyMain.java:129)
	at groovy.ui.GroovyMain.main(GroovyMain.java:109)
	at sun.reflect.NativeMethodAccessorImpl.invoke0(Native Method)
	at sun.reflect.NativeMethodAccessorImpl.invoke(NativeMethodAccessorImpl.java:62)
	at sun.reflect.DelegatingMethodAccessorImpl.invoke(DelegatingMethodAccessorImpl.java:43)
	at java.lang.reflect.Method.invoke(Method.java:498)
	at org.codehaus.groovy.tools.GroovyStarter.rootLoader(GroovyStarter.java:109)
	at org.codehaus.groovy.tools.GroovyStarter.main(GroovyStarter.java:131)
)"/>
         <system-out><![CDATA[2018-12-13 23:46:56 - [TEST_CASE][FAILED] - Test Cases/Final Aug 2018 - PKS Automation/Registration Module/Workflow/New Registration/Case PKR BO to RO - RO Submit: Test Cases/Final Aug 2018 - PKS Automation/Registration Module/Workflow/New Registration/Case PKR BO to RO - RO Submit FAILED because (of) (Stack trace: com.kms.katalon.core.exception.StepFailedException: Unable to set text 'CRN12201800123319' of object 'Object Repository/Final Object Repo/New Registration - Registration Module Pages/New Reg - OTC to RO/Special Case - All Related Objects/TextBox RefNo in Workbasket' (Root cause: org.openqa.selenium.ElementNotVisibleException: element not interactable
  (Session info: chrome=70.0.3538.110)
  (Driver info: chromedriver=2.43.600210 (68dcf5eebde37173d4027fa8635e332711d2874a),platform=Windows NT 6.1.7601 SP1 x86_64) (WARNING: The server did not provide any stacktrace information)
Command duration or timeout: 0 milliseconds
Build info: version: '3.7.1', revision: '8a0099a', time: '2017-11-06T21:07:36.161Z'
System info: host: 'WIN7TEST02', ip: '10.20.3.72', os.name: 'Windows 7', os.arch: 'amd64', os.version: '6.1', java.version: '1.8.0_181'
Driver info: com.kms.katalon.selenium.driver.CChromeDriver
Capabilities {acceptInsecureCerts: false, acceptSslCerts: false, applicationCacheEnabled: false, browserConnectionEnabled: false, browserName: chrome, chrome: {chromedriverVersion: 2.43.600210 (68dcf5eebde371..., userDataDir: C:\Users\Admin\AppData\Loca...}, cssSelectorsEnabled: true, databaseEnabled: false, goog:chromeOptions: {debuggerAddress: localhost:62252}, handlesAlerts: true, hasTouchScreen: false, javascriptEnabled: true, locationContextEnabled: true, mobileEmulationEnabled: false, nativeEvents: true, networkConnectionEnabled: false, pageLoadStrategy: normal, platform: XP, platformName: XP, rotatable: false, setWindowRect: true, takesHeapSnapshot: true, takesScreenshot: true, unexpectedAlertBehaviour: , unhandledPromptBehavior: , version: 70.0.3538.110, webStorageEnabled: true}
Session ID: 1e2f0380f9d7bcdc4cf9ce0425194079)
	at com.kms.katalon.core.keyword.internal.KeywordMain.stepFailed(KeywordMain.groovy:32)
	at com.kms.katalon.core.webui.keyword.internal.WebUIKeywordMain.stepFailed(WebUIKeywordMain.groovy:65)
	at com.kms.katalon.core.webui.keyword.internal.WebUIKeywordMain.runKeyword(WebUIKeywordMain.groovy:27)
	at com.kms.katalon.core.webui.keyword.builtin.SetTextKeyword.setText(SetTextKeyword.groovy:65)
	at com.kms.katalon.core.webui.keyword.builtin.SetTextKeyword.execute(SetTextKeyword.groovy:37)
	at com.kms.katalon.core.keyword.internal.KeywordExecutor.executeKeywordForPlatform(KeywordExecutor.groovy:53)
	at com.kms.katalon.core.webui.keyword.WebUiBuiltInKeywords.setText(WebUiBuiltInKeywords.groovy:950)
	at com.kms.katalon.core.webui.keyword.WebUiBuiltInKeywords$setText$1.call(Unknown Source)
	at org.codehaus.groovy.runtime.callsite.CallSiteArray.defaultCall(CallSiteArray.java:48)
	at org.codehaus.groovy.runtime.callsite.AbstractCallSite.call(AbstractCallSite.java:113)
	at org.codehaus.groovy.runtime.callsite.AbstractCallSite.call(AbstractCallSite.java:133)
	at Script1535945708168.run(Script1535945708168.groovy:73)
	at com.kms.katalon.core.main.ScriptEngine.run(ScriptEngine.java:183)
	at com.kms.katalon.core.main.ScriptEngine.runScriptAsRawText(ScriptEngine.java:108)
	at com.kms.katalon.core.main.TestCaseExecutor.runScript(TestCaseExecutor.java:294)
	at com.kms.katalon.core.main.TestCaseExecutor.doExecute(TestCaseExecutor.java:285)
	at com.kms.katalon.core.main.TestCaseExecutor.processExecutionPhase(TestCaseExecutor.java:264)
	at com.kms.katalon.core.main.TestCaseExecutor.accessMainPhase(TestCaseExecutor.java:256)
	at com.kms.katalon.core.main.TestCaseExecutor.execute(TestCaseExecutor.java:200)
	at com.kms.katalon.core.main.TestSuiteExecutor.accessTestCaseMainPhase(TestSuiteExecutor.java:129)
	at com.kms.katalon.core.main.TestSuiteExecutor.accessTestSuiteMainPhase(TestSuiteExecutor.java:112)
	at com.kms.katalon.core.main.TestSuiteExecutor.execute(TestSuiteExecutor.java:81)
	at com.kms.katalon.core.main.TestCaseMain.startTestSuite(TestCaseMain.java:142)
	at com.kms.katalon.core.main.TestCaseMain$startTestSuite$0.call(Unknown Source)
	at org.codehaus.groovy.runtime.callsite.CallSiteArray.defaultCall(CallSiteArray.java:48)
	at org.codehaus.groovy.runtime.callsite.AbstractCallSite.call(AbstractCallSite.java:113)
	at org.codehaus.groovy.runtime.callsite.AbstractCallSite.call(AbstractCallSite.java:141)
	at TempTestSuite1544701631622.run(TempTestSuite1544701631622.groovy:36)
	at groovy.lang.GroovyShell.runScriptOrMainOrTestOrRunnable(GroovyShell.java:263)
	at groovy.lang.GroovyShell.run(GroovyShell.java:518)
	at groovy.lang.GroovyShell.run(GroovyShell.java:507)
	at groovy.ui.GroovyMain.processOnce(GroovyMain.java:653)
	at groovy.ui.GroovyMain.run(GroovyMain.java:384)
	at groovy.ui.GroovyMain.process(GroovyMain.java:370)
	at groovy.ui.GroovyMain.processArgs(GroovyMain.java:129)
	at groovy.ui.GroovyMain.main(GroovyMain.java:109)
	at sun.reflect.NativeMethodAccessorImpl.invoke0(Native Method)
	at sun.reflect.NativeMethodAccessorImpl.invoke(NativeMethodAccessorImpl.java:62)
	at sun.reflect.DelegatingMethodAccessorImpl.invoke(DelegatingMethodAccessorImpl.java:43)
	at java.lang.reflect.Method.invoke(Method.java:498)
	at org.codehaus.groovy.tools.GroovyStarter.rootLoader(GroovyStarter.java:109)
	at org.codehaus.groovy.tools.GroovyStarter.main(GroovyStarter.java:131)
)

2018-12-13 23:46:56 - [TEST_STEP][PASSED] - callTestCase: Call Test Case 'Test Cases/Final Aug 2018 - PKS Automation/Registration Module/Workflow/New Registration/Template/Special Case - PKR BO - Form 1' successfully

2018-12-13 23:46:56 - [TEST_CASE][PASSED] - Test Cases/Final Aug 2018 - PKS Automation/Registration Module/Workflow/New Registration/Template/Special Case - PKR BO - Form 1: Test Cases/Final Aug 2018 - PKS Automation/Registration Module/Workflow/New Registration/Template/Special Case - PKR BO - Form 1

2018-12-13 23:46:56 - [TEST_STEP][PASSED] - openBrowser: Browser is opened with url: ''

2018-12-13 23:46:56 - [MESSAGE][WARNING] - A browser is already opened. Closing browser and opening a new one

2018-12-13 23:47:00 - [MESSAGE][PASSED] - Browser is opened with url: ''

2018-12-13 23:47:00 - [TEST_STEP][PASSED] - navigateToUrl: Navigate to 'https://assist2-uat.perkeso.gov.my/login' successfully

2018-12-13 23:47:01 - [MESSAGE][PASSED] - Navigate to 'https://assist2-uat.perkeso.gov.my/login' successfully

2018-12-13 23:47:01 - [TEST_STEP][PASSED] - delay: Delayed 2 second(s)

2018-12-13 23:47:03 - [MESSAGE][PASSED] - Delayed 2 second(s)

2018-12-13 23:47:03 - [TEST_STEP][PASSED] - setText: Text 'klpkrbo2@gmail.com' is set on object 'Object Repository/Final Object Repo/Login Page/Internal User/Email Address'

2018-12-13 23:47:04 - [MESSAGE][PASSED] - Text 'klpkrbo2@gmail.com' is set on object 'Object Repository/Final Object Repo/Login Page/Internal User/Email Address'

2018-12-13 23:47:04 - [TEST_STEP][PASSED] - click: Object: 'Object Repository/Final Object Repo/Login Page/Internal User/Next Button' is clicked on

2018-12-13 23:47:04 - [MESSAGE][PASSED] - Object: 'Object Repository/Final Object Repo/Login Page/Internal User/Next Button' is clicked on

2018-12-13 23:47:04 - [TEST_STEP][PASSED] - delay: Delayed 2 second(s)

2018-12-13 23:47:06 - [MESSAGE][PASSED] - Delayed 2 second(s)

2018-12-13 23:47:06 - [TEST_STEP][PASSED] - setText: Text 'Test1@3456789' is set on object 'Object Repository/Final Object Repo/Login Page/Internal User/Password'

2018-12-13 23:47:06 - [MESSAGE][PASSED] - Text 'Test1@3456789' is set on object 'Object Repository/Final Object Repo/Login Page/Internal User/Password'

2018-12-13 23:47:06 - [TEST_STEP][PASSED] - delay: Delayed 2 second(s)

2018-12-13 23:47:08 - [MESSAGE][PASSED] - Delayed 2 second(s)

2018-12-13 23:47:08 - [TEST_STEP][PASSED] - click: Object: 'Object Repository/Final Object Repo/Login Page/Internal User/Login Button' is clicked on

2018-12-13 23:47:08 - [MESSAGE][PASSED] - Object: 'Object Repository/Final Object Repo/Login Page/Internal User/Login Button' is clicked on

2018-12-13 23:47:08 - [TEST_STEP][PASSED] - Statement - Try: null

2018-12-13 23:47:08 - [TEST_STEP][PASSED] - Statement - Checker = com.kms.katalon.core.webui.keyword.WebUiBuiltInKeywords.verifyElementNotPresent("Final Object Repo/Landing Page/Select to English", 3): null

2018-12-13 23:47:08 - [TEST_STEP][PASSED] - Statement - Catch (Exception e): null

2018-12-13 23:47:08 - [TEST_STEP][PASSED] - Statement - e.printStackTrace(): null

2018-12-13 23:47:08 - [TEST_STEP][PASSED] - delay: Delayed 5 second(s)

2018-12-13 23:47:13 - [MESSAGE][PASSED] - Delayed 5 second(s)

2018-12-13 23:47:13 - [TEST_STEP][PASSED] - click: Object: 'Object Repository/Final Object Repo/Landing Page/My Sites Drop Down' is clicked on

2018-12-13 23:47:13 - [MESSAGE][PASSED] - Object: 'Object Repository/Final Object Repo/Landing Page/My Sites Drop Down' is clicked on

2018-12-13 23:47:13 - [TEST_STEP][PASSED] - click: Object: 'Object Repository/Final Object Repo/Landing Page/Select to Registration Module' is clicked on

2018-12-13 23:47:14 - [MESSAGE][PASSED] - Object: 'Object Repository/Final Object Repo/Landing Page/Select to Registration Module' is clicked on

2018-12-13 23:47:14 - [TEST_STEP][PASSED] - click: Object: 'Object Repository/Final Object Repo/Landing Page/Registration Button' is clicked on

2018-12-13 23:47:16 - [MESSAGE][PASSED] - Object: 'Object Repository/Final Object Repo/Landing Page/Registration Button' is clicked on

2018-12-13 23:47:16 - [TEST_STEP][PASSED] - delay: Delayed 2 second(s)

2018-12-13 23:47:18 - [MESSAGE][PASSED] - Delayed 2 second(s)

2018-12-13 23:47:18 - [TEST_STEP][PASSED] - click: Object: 'Object Repository/Final Object Repo/New Registration - Registration Module Pages/New Reg - OTC to RO/Special Case - OTC - Form 1/AEC NO' is clicked on

2018-12-13 23:47:18 - [MESSAGE][PASSED] - Object: 'Object Repository/Final Object Repo/New Registration - Registration Module Pages/New Reg - OTC to RO/Special Case - OTC - Form 1/AEC NO' is clicked on

2018-12-13 23:47:18 - [TEST_STEP][PASSED] - click: Object: 'Object Repository/Final Object Repo/New Registration - Registration Module Pages/New Reg - OTC to RO/Special Case - OTC - Form 1/Business Entity - Please Select' is clicked on

2018-12-13 23:47:18 - [MESSAGE][PASSED] - Object: 'Object Repository/Final Object Repo/New Registration - Registration Module Pages/New Reg - OTC to RO/Special Case - OTC - Form 1/Business Entity - Please Select' is clicked on

2018-12-13 23:47:18 - [TEST_STEP][PASSED] - click: Object: 'Object Repository/Final Object Repo/New Registration - Registration Module Pages/New Reg - OTC to RO/Special Case - OTC - Form 1/Selected - Corporation' is clicked on

2018-12-13 23:47:18 - [MESSAGE][PASSED] - Object: 'Object Repository/Final Object Repo/New Registration - Registration Module Pages/New Reg - OTC to RO/Special Case - OTC - Form 1/Selected - Corporation' is clicked on

2018-12-13 23:47:18 - [TEST_STEP][PASSED] - delay: Delayed 2 second(s)

2018-12-13 23:47:20 - [MESSAGE][PASSED] - Delayed 2 second(s)

2018-12-13 23:47:20 - [TEST_STEP][PASSED] - click: Object: 'Object Repository/Final Object Repo/New Registration - Registration Module Pages/New Reg - OTC to RO/Special Case - OTC - Form 1/Sub Business Entity - Please Select' is clicked on

2018-12-13 23:47:21 - [MESSAGE][PASSED] - Object: 'Object Repository/Final Object Repo/New Registration - Registration Module Pages/New Reg - OTC to RO/Special Case - OTC - Form 1/Sub Business Entity - Please Select' is clicked on

2018-12-13 23:47:21 - [TEST_STEP][PASSED] - delay: Delayed 2 second(s)

2018-12-13 23:47:23 - [MESSAGE][PASSED] - Delayed 2 second(s)

2018-12-13 23:47:23 - [TEST_STEP][PASSED] - click: Object: 'Object Repository/Final Object Repo/New Registration - Registration Module Pages/New Reg - OTC to RO/Special Case - OTC - Form 1/Selected - Sendirian Berhad' is clicked on

2018-12-13 23:47:23 - [MESSAGE][PASSED] - Object: 'Object Repository/Final Object Repo/New Registration - Registration Module Pages/New Reg - OTC to RO/Special Case - OTC - Form 1/Selected - Sendirian Berhad' is clicked on

2018-12-13 23:47:23 - [TEST_STEP][PASSED] - setText: Text 'AUTOMATE001' is set on object 'Object Repository/Final Object Repo/New Registration - Registration Module Pages/New Reg - OTC to RO/Special Case - OTC - Form 1/Input BRN Number'

2018-12-13 23:47:23 - [MESSAGE][PASSED] - Text 'AUTOMATE001' is set on object 'Object Repository/Final Object Repo/New Registration - Registration Module Pages/New Reg - OTC to RO/Special Case - OTC - Form 1/Input BRN Number'

2018-12-13 23:47:23 - [TEST_STEP][PASSED] - delay: Delayed 2 second(s)

2018-12-13 23:47:25 - [MESSAGE][PASSED] - Delayed 2 second(s)

2018-12-13 23:47:25 - [TEST_STEP][PASSED] - click: Object: 'Object Repository/Final Object Repo/New Registration - Registration Module Pages/New Reg - OTC to RO/Special Case - OTC - Form 1/BRN Search' is clicked on

2018-12-13 23:47:25 - [MESSAGE][PASSED] - Object: 'Object Repository/Final Object Repo/New Registration - Registration Module Pages/New Reg - OTC to RO/Special Case - OTC - Form 1/BRN Search' is clicked on

2018-12-13 23:47:25 - [TEST_STEP][PASSED] - delay: Delayed 4 second(s)

2018-12-13 23:47:29 - [MESSAGE][PASSED] - Delayed 4 second(s)

2018-12-13 23:47:29 - [TEST_STEP][PASSED] - click: Object: 'Object Repository/Final Object Repo/New Registration - Registration Module Pages/New Reg - OTC to RO/Special Case - OTC - Form 1/Registered with SSM - After Feb 2017' is clicked on

2018-12-13 23:47:30 - [MESSAGE][PASSED] - Object: 'Object Repository/Final Object Repo/New Registration - Registration Module Pages/New Reg - OTC to RO/Special Case - OTC - Form 1/Registered with SSM - After Feb 2017' is clicked on

2018-12-13 23:47:30 - [TEST_STEP][PASSED] - delay: Delayed 2 second(s)

2018-12-13 23:47:32 - [MESSAGE][PASSED] - Delayed 2 second(s)

2018-12-13 23:47:32 - [TEST_STEP][PASSED] - click: Object: 'Object Repository/Final Object Repo/New Registration - Registration Module Pages/New Reg - OTC to RO/Special Case - OTC - Form 1/Registering As A Branch - No' is clicked on

2018-12-13 23:47:32 - [MESSAGE][PASSED] - Object: 'Object Repository/Final Object Repo/New Registration - Registration Module Pages/New Reg - OTC to RO/Special Case - OTC - Form 1/Registering As A Branch - No' is clicked on

2018-12-13 23:47:32 - [TEST_STEP][PASSED] - click: Object: 'Object Repository/Final Object Repo/New Registration - Registration Module Pages/New Reg - OTC to RO/Special Case - OTC - Form 1/Acknowledgement Ticked' is clicked on

2018-12-13 23:47:32 - [MESSAGE][PASSED] - Object: 'Object Repository/Final Object Repo/New Registration - Registration Module Pages/New Reg - OTC to RO/Special Case - OTC - Form 1/Acknowledgement Ticked' is clicked on

2018-12-13 23:47:32 - [TEST_STEP][PASSED] - click: Object: 'Object Repository/Final Object Repo/New Registration - Registration Module Pages/New Reg - OTC to RO/Special Case - OTC - Form 1/Submit Button' is clicked on

2018-12-13 23:47:32 - [MESSAGE][PASSED] - Object: 'Object Repository/Final Object Repo/New Registration - Registration Module Pages/New Reg - OTC to RO/Special Case - OTC - Form 1/Submit Button' is clicked on

2018-12-13 23:47:32 - [TEST_STEP][PASSED] - delay: Delayed 2 second(s)

2018-12-13 23:47:34 - [MESSAGE][PASSED] - Delayed 2 second(s)

2018-12-13 23:47:34 - [TEST_STEP][PASSED] - click: Object: 'Object Repository/Final Object Repo/New Registration - Registration Module Pages/New Reg - OTC to RO/Special Case - OTC - Form 1/Confirm No Flagging as Branch' is clicked on

2018-12-13 23:47:34 - [MESSAGE][PASSED] - Object: 'Object Repository/Final Object Repo/New Registration - Registration Module Pages/New Reg - OTC to RO/Special Case - OTC - Form 1/Confirm No Flagging as Branch' is clicked on

2018-12-13 23:47:34 - [MESSAGE][PASSED] - Call Test Case 'Test Cases/Final Aug 2018 - PKS Automation/Registration Module/Workflow/New Registration/Template/Special Case - PKR BO - Form 1' successfully

2018-12-13 23:47:34 - [TEST_STEP][PASSED] - callTestCase: Call Test Case 'Test Cases/Final Aug 2018 - PKS Automation/Registration Module/New Registration/Form 2/Add 1 Eligible' successfully

2018-12-13 23:47:34 - [TEST_CASE][PASSED] - Test Cases/Final Aug 2018 - PKS Automation/Registration Module/New Registration/Form 2/Add 1 Eligible: Test Cases/Final Aug 2018 - PKS Automation/Registration Module/New Registration/Form 2/Add 1 Eligible

2018-12-13 23:47:34 - [TEST_STEP][PASSED] - delay: Delayed 2 second(s)

2018-12-13 23:47:36 - [MESSAGE][PASSED] - Delayed 2 second(s)

2018-12-13 23:47:36 - [TEST_STEP][PASSED] - callTestCase: Call Test Case 'Test Cases/Final Aug 2018 - PKS Automation/Registration Module/New Registration/Form 2/Date Updater' successfully

2018-12-13 23:47:36 - [TEST_CASE][PASSED] - Test Cases/Final Aug 2018 - PKS Automation/Registration Module/New Registration/Form 2/Date Updater: Test Cases/Final Aug 2018 - PKS Automation/Registration Module/New Registration/Form 2/Date Updater

2018-12-13 23:47:36 - [TEST_STEP][PASSED] - Statement - TodayDate = new java.util.Date(): null

2018-12-13 23:47:36 - [TEST_STEP][PASSED] - Statement - CurrentDateNoFilter = new java.text.SimpleDateFormat(): null

2018-12-13 23:47:36 - [TEST_STEP][PASSED] - Statement - CurrentDateNoFilter.applyPattern("MM"): null

2018-12-13 23:47:36 - [TEST_STEP][PASSED] - Statement - monthContainerMatcher = java.lang.Integer.parseInt(CurrentDateNoFilter.format(TodayDate)): null

2018-12-13 23:47:36 - [TEST_STEP][PASSED] - Statement - monthContainerMatcher = monthContainerMatcher - 1: null

2018-12-13 23:47:36 - [TEST_STEP][PASSED] - Statement - CurrentMonth = monthContainerMatcher.toString(): null

2018-12-13 23:47:36 - [TEST_STEP][PASSED] - Statement - CurrentMonth = CurrentMonth: null

2018-12-13 23:47:36 - [TEST_STEP][PASSED] - Statement - CurrentDateNoFilter.applyPattern("yyyy"): null

2018-12-13 23:47:36 - [TEST_STEP][PASSED] - Statement - CurrentYear = CurrentDateNoFilter.format(TodayDate): null

2018-12-13 23:47:36 - [TEST_STEP][PASSED] - Statement - CurrentYear = CurrentYear: null

2018-12-13 23:47:36 - [TEST_STEP][PASSED] - Statement - intCurrentYear = java.lang.Integer.parseInt(CurrentDateNoFilter.format(TodayDate)): null

2018-12-13 23:47:36 - [TEST_STEP][PASSED] - Statement - eighteenYrsAgo = intCurrentYear - 18: null

2018-12-13 23:47:36 - [TEST_STEP][PASSED] - Statement - eighteenYrsBeforeThisYr = eighteenYrsAgo.toString(): null

2018-12-13 23:47:36 - [TEST_STEP][PASSED] - Statement - EighteenYrsBefore = eighteenYrsBeforeThisYr: null

2018-12-13 23:47:36 - [TEST_STEP][PASSED] - Statement - fiftysevenYrsAgo = intCurrentYear - 57: null

2018-12-13 23:47:36 - [TEST_STEP][PASSED] - Statement - fiftysevenYrsBeforeThisYr = fiftysevenYrsAgo.toString(): null

2018-12-13 23:47:36 - [TEST_STEP][PASSED] - Statement - FiftysevenYrsBefore = fiftysevenYrsBeforeThisYr: null

2018-12-13 23:47:36 - [TEST_STEP][PASSED] - Statement - leapYear = false: null

2018-12-13 23:47:36 - [TEST_STEP][PASSED] - Statement - leapYear = intCurrentYear % 4 == 0: null

2018-12-13 23:47:36 - [TEST_STEP][PASSED] - Statement - CurrentDateNoFilter.applyPattern("dd"): null

2018-12-13 23:47:36 - [TEST_STEP][PASSED] - Statement - CurrentDate = CurrentDateNoFilter.format(TodayDate): null

2018-12-13 23:47:36 - [TEST_STEP][PASSED] - Statement - CurrentDate = java.lang.Integer.parseInt(CurrentDate): null

2018-12-13 23:47:36 - [TEST_STEP][PASSED] - Statement - CurrentDate = CurrentDate: null

2018-12-13 23:47:36 - [TEST_STEP][PASSED] - Statement - CurrentDay = java.lang.Integer.parseInt(CurrentDate): null

2018-12-13 23:47:36 - [TEST_STEP][PASSED] - Statement - ConfAdder = <not implemented yet for class: org.codehaus.groovy.ast.expr.EmptyExpression>: null

2018-12-13 23:47:36 - [TEST_STEP][PASSED] - Statement - out.println(CurrentMonth): null

2018-12-13 23:47:36 - [TEST_STEP][PASSED] - Statement - out.println(CurrentDate): null

2018-12-13 23:47:36 - [TEST_STEP][PASSED] - Statement - switch (CurrentDate): null

2018-12-13 23:47:36 - [TEST_STEP][PASSED] - Statement - Default: null

2018-12-13 23:47:36 - [TEST_STEP][PASSED] - Statement - ConfAdder = true: null

2018-12-13 23:47:36 - [TEST_STEP][PASSED] - Statement - Break: null

2018-12-13 23:47:36 - [TEST_STEP][PASSED] - Statement - aDayBefore = <not implemented yet for class: org.codehaus.groovy.ast.expr.EmptyExpression>: null

2018-12-13 23:47:36 - [TEST_STEP][PASSED] - Statement - out.println(ConfAdder): null

2018-12-13 23:47:36 - [TEST_STEP][PASSED] - Statement - If (ConfAdder == true): null

2018-12-13 23:47:36 - [TEST_STEP][PASSED] - Statement - aDayBefore = CurrentDay + 1: null

2018-12-13 23:47:36 - [TEST_STEP][PASSED] - Statement - out.println(aDayBefore): null

2018-12-13 23:47:36 - [TEST_STEP][PASSED] - Statement - If (aDayBefore == 1 && CurrentMonth == 11): null

2018-12-13 23:47:36 - [TEST_STEP][PASSED] - Statement - DayBefore = aDayBefore.toString(): null

2018-12-13 23:47:36 - [TEST_STEP][PASSED] - Statement - OneDayBefore = DayBefore: null

2018-12-13 23:47:36 - [MESSAGE][PASSED] - Call Test Case 'Test Cases/Final Aug 2018 - PKS Automation/Registration Module/New Registration/Form 2/Date Updater' successfully

2018-12-13 23:47:36 - [TEST_STEP][PASSED] - delay: Delayed 1 second(s)

2018-12-13 23:47:37 - [MESSAGE][PASSED] - Delayed 1 second(s)

2018-12-13 23:47:37 - [TEST_STEP][PASSED] - Statement - CaseReferenceNo = com.kms.katalon.core.webui.keyword.WebUiBuiltInKeywords.getText(com.kms.katalon.core.testobject.ObjectRepository.findTestObject(Final Object Repo/New Registration - Registration Module Pages/Form 2/RefNo Acquiring)): Text of object 'Object Repository/Final Object Repo/New Registration - Registration Module Pages/Form 2/RefNo Acquiring' is: 'CRN12201800123319'

2018-12-13 23:47:38 - [MESSAGE][PASSED] - Text of object 'Object Repository/Final Object Repo/New Registration - Registration Module Pages/Form 2/RefNo Acquiring' is: 'CRN12201800123319'

2018-12-13 23:47:38 - [TEST_STEP][PASSED] - delay: Delayed 1 second(s)

2018-12-13 23:47:39 - [MESSAGE][PASSED] - Delayed 1 second(s)

2018-12-13 23:47:39 - [TEST_STEP][PASSED] - click: Object: 'Object Repository/Final Object Repo/New Registration - Registration Module Pages/Form 2/Add Employee Button' is clicked on

2018-12-13 23:47:39 - [MESSAGE][PASSED] - Object: 'Object Repository/Final Object Repo/New Registration - Registration Module Pages/Form 2/Add Employee Button' is clicked on

2018-12-13 23:47:39 - [TEST_STEP][PASSED] - delay: Delayed 1 second(s)

2018-12-13 23:47:40 - [MESSAGE][PASSED] - Delayed 1 second(s)

2018-12-13 23:47:40 - [TEST_STEP][PASSED] - setText: Text '010903091963' is set on object 'Object Repository/Final Object Repo/New Registration - Registration Module Pages/Form 2/NRIC Input'

2018-12-13 23:47:40 - [MESSAGE][PASSED] - Text '010903091963' is set on object 'Object Repository/Final Object Repo/New Registration - Registration Module Pages/Form 2/NRIC Input'

2018-12-13 23:47:40 - [TEST_STEP][PASSED] - click: Object: 'Object Repository/Final Object Repo/New Registration - Registration Module Pages/Form 2/button for search for IC' is clicked on

2018-12-13 23:47:40 - [MESSAGE][PASSED] - Object: 'Object Repository/Final Object Repo/New Registration - Registration Module Pages/Form 2/button for search for IC' is clicked on

2018-12-13 23:47:40 - [TEST_STEP][PASSED] - delay: Delayed 2 second(s)

2018-12-13 23:47:42 - [MESSAGE][PASSED] - Delayed 2 second(s)

2018-12-13 23:47:42 - [TEST_STEP][PASSED] - setText: Text 'Automate001 eligible 1' is set on object 'Object Repository/Final Object Repo/New Registration - Registration Module Pages/Form 2/Employee Name Input'

2018-12-13 23:47:43 - [MESSAGE][PASSED] - Text 'Automate001 eligible 1' is set on object 'Object Repository/Final Object Repo/New Registration - Registration Module Pages/Form 2/Employee Name Input'

2018-12-13 23:47:43 - [TEST_STEP][PASSED] - delay: Delayed 2 second(s)

2018-12-13 23:47:45 - [MESSAGE][PASSED] - Delayed 2 second(s)

2018-12-13 23:47:45 - [TEST_STEP][PASSED] - click: Object: 'Object Repository/Final Object Repo/New Registration - Registration Module Pages/Form 2/DatePicker Pop Up' is clicked on

2018-12-13 23:47:45 - [MESSAGE][PASSED] - Object: 'Object Repository/Final Object Repo/New Registration - Registration Module Pages/Form 2/DatePicker Pop Up' is clicked on

2018-12-13 23:47:45 - [TEST_STEP][PASSED] - click: Object: 'Object Repository/Final Object Repo/New Registration - Registration Module Pages/Form 2/DOB Month' is clicked on

2018-12-13 23:47:45 - [MESSAGE][PASSED] - Object: 'Object Repository/Final Object Repo/New Registration - Registration Module Pages/Form 2/DOB Month' is clicked on

2018-12-13 23:47:45 - [TEST_STEP][PASSED] - Statement - CurrentMonth = CurrentMonth: null

2018-12-13 23:47:45 - [TEST_STEP][PASSED] - Statement - selectMonth = new com.kms.katalon.core.testobject.TestObject(): null

2018-12-13 23:47:45 - [TEST_STEP][PASSED] - Statement - selectMonth.addProperty("xpath", EQUALS, "//body/div/div/div/select/option[@value='" + CurrentMonth + "']", true): null

2018-12-13 23:47:45 - [TEST_STEP][PASSED] - click: Object: '' is clicked on

2018-12-13 23:47:45 - [MESSAGE][PASSED] - Object: '' is clicked on

2018-12-13 23:47:45 - [TEST_STEP][PASSED] - click: Object: 'Object Repository/Final Object Repo/New Registration - Registration Module Pages/Form 2/DOB Year' is clicked on

2018-12-13 23:47:45 - [MESSAGE][PASSED] - Object: 'Object Repository/Final Object Repo/New Registration - Registration Module Pages/Form 2/DOB Year' is clicked on

2018-12-13 23:47:45 - [TEST_STEP][PASSED] - Statement - Eyearsbf = EighteenYrsBefore: null

2018-12-13 23:47:45 - [TEST_STEP][PASSED] - Statement - selectYear = new com.kms.katalon.core.testobject.TestObject(): null

2018-12-13 23:47:45 - [TEST_STEP][PASSED] - Statement - selectYear.addProperty("xpath", EQUALS, "//div/div/div/select/option[@value='" + Eyearsbf + "']", true): null

2018-12-13 23:47:45 - [TEST_STEP][PASSED] - click: Object: '' is clicked on

2018-12-13 23:47:46 - [MESSAGE][PASSED] - Object: '' is clicked on

2018-12-13 23:47:46 - [TEST_STEP][PASSED] - Statement - UpdatedSelectDate = com.kms.katalon.core.webui.keyword.WebUiBuiltInKeywords.modifyObjectProperty(com.kms.katalon.core.testobject.ObjectRepository.findTestObject(Final Object Repo/New Registration - Registration Module Pages/Form 2/DOB Date), "xpath", "equals", "//body/div/table/tbody/tr/td/a[text()="" + CurrentDate + ""]", true): Modify property of object successfully

2018-12-13 23:47:46 - [MESSAGE][PASSED] - Modify property of object successfully

2018-12-13 23:47:46 - [TEST_STEP][PASSED] - delay: Delayed 3 second(s)

2018-12-13 23:47:49 - [MESSAGE][PASSED] - Delayed 3 second(s)

2018-12-13 23:47:49 - [TEST_STEP][PASSED] - click: Object: 'Object Repository/Final Object Repo/New Registration - Registration Module Pages/Form 2/DOB Date' is clicked on

2018-12-13 23:47:49 - [MESSAGE][PASSED] - Object: 'Object Repository/Final Object Repo/New Registration - Registration Module Pages/Form 2/DOB Date' is clicked on

2018-12-13 23:47:49 - [TEST_STEP][PASSED] - delay: Delayed 2 second(s)

2018-12-13 23:47:51 - [MESSAGE][PASSED] - Delayed 2 second(s)

2018-12-13 23:47:51 - [TEST_STEP][PASSED] - click: Object: 'Object Repository/Final Object Repo/New Registration - Registration Module Pages/Form 2/EmploymentStartDate Pop Up' is clicked on

2018-12-13 23:47:51 - [MESSAGE][PASSED] - Object: 'Object Repository/Final Object Repo/New Registration - Registration Module Pages/Form 2/EmploymentStartDate Pop Up' is clicked on

2018-12-13 23:47:51 - [TEST_STEP][PASSED] - delay: Delayed 2 second(s)

2018-12-13 23:47:53 - [MESSAGE][PASSED] - Delayed 2 second(s)

2018-12-13 23:47:53 - [TEST_STEP][PASSED] - click: Object: 'Object Repository/Final Object Repo/New Registration - Registration Module Pages/Form 2/Socso Employment StartDate Month' is clicked on

2018-12-13 23:47:53 - [MESSAGE][PASSED] - Object: 'Object Repository/Final Object Repo/New Registration - Registration Module Pages/Form 2/Socso Employment StartDate Month' is clicked on

2018-12-13 23:47:53 - [TEST_STEP][PASSED] - delay: Delayed 1 second(s)

2018-12-13 23:47:54 - [MESSAGE][PASSED] - Delayed 1 second(s)

2018-12-13 23:47:54 - [TEST_STEP][PASSED] - click: Object: 'Object Repository/Final Object Repo/New Registration - Registration Module Pages/Form 2/Select Socso Employement Startdate Month' is clicked on

2018-12-13 23:47:54 - [MESSAGE][PASSED] - Object: 'Object Repository/Final Object Repo/New Registration - Registration Module Pages/Form 2/Select Socso Employement Startdate Month' is clicked on

2018-12-13 23:47:54 - [TEST_STEP][PASSED] - delay: Delayed 2 second(s)

2018-12-13 23:47:56 - [MESSAGE][PASSED] - Delayed 2 second(s)

2018-12-13 23:47:56 - [TEST_STEP][PASSED] - click: Object: 'Object Repository/Final Object Repo/New Registration - Registration Module Pages/Form 2/Socso Employment StartDate Year' is clicked on

2018-12-13 23:47:56 - [MESSAGE][PASSED] - Object: 'Object Repository/Final Object Repo/New Registration - Registration Module Pages/Form 2/Socso Employment StartDate Year' is clicked on

2018-12-13 23:47:56 - [TEST_STEP][PASSED] - delay: Delayed 1 second(s)

2018-12-13 23:47:57 - [MESSAGE][PASSED] - Delayed 1 second(s)

2018-12-13 23:47:57 - [TEST_STEP][PASSED] - click: Object: 'Object Repository/Final Object Repo/New Registration - Registration Module Pages/Form 2/Select Socso Employment Startdate Year' is clicked on

2018-12-13 23:47:58 - [MESSAGE][PASSED] - Object: 'Object Repository/Final Object Repo/New Registration - Registration Module Pages/Form 2/Select Socso Employment Startdate Year' is clicked on

2018-12-13 23:47:58 - [TEST_STEP][PASSED] - delay: Delayed 2 second(s)

2018-12-13 23:48:00 - [MESSAGE][PASSED] - Delayed 2 second(s)

2018-12-13 23:48:00 - [TEST_STEP][PASSED] - click: Object: 'Object Repository/Final Object Repo/New Registration - Registration Module Pages/Form 2/Socso Employment Start Date Day' is clicked on

2018-12-13 23:48:00 - [MESSAGE][PASSED] - Object: 'Object Repository/Final Object Repo/New Registration - Registration Module Pages/Form 2/Socso Employment Start Date Day' is clicked on

2018-12-13 23:48:00 - [TEST_STEP][PASSED] - delay: Delayed 2 second(s)

2018-12-13 23:48:02 - [MESSAGE][PASSED] - Delayed 2 second(s)

2018-12-13 23:48:02 - [TEST_STEP][PASSED] - click: Object: 'Object Repository/Final Object Repo/New Registration - Registration Module Pages/Form 2/Save Button for Add Employee' is clicked on

2018-12-13 23:48:02 - [MESSAGE][PASSED] - Object: 'Object Repository/Final Object Repo/New Registration - Registration Module Pages/Form 2/Save Button for Add Employee' is clicked on

2018-12-13 23:48:02 - [TEST_STEP][PASSED] - delay: Delayed 6 second(s)

2018-12-13 23:48:08 - [MESSAGE][PASSED] - Delayed 6 second(s)

2018-12-13 23:48:08 - [TEST_STEP][PASSED] - click: Object: 'Object Repository/Final Object Repo/New Registration - Registration Module Pages/Form 2/Save and Continue Form 2' is clicked on

2018-12-13 23:48:08 - [MESSAGE][PASSED] - Object: 'Object Repository/Final Object Repo/New Registration - Registration Module Pages/Form 2/Save and Continue Form 2' is clicked on

2018-12-13 23:48:08 - [MESSAGE][PASSED] - Call Test Case 'Test Cases/Final Aug 2018 - PKS Automation/Registration Module/New Registration/Form 2/Add 1 Eligible' successfully

2018-12-13 23:48:08 - [TEST_STEP][PASSED] - callTestCase: Call Test Case 'Test Cases/Final Aug 2018 - PKS Automation/Registration Module/New Registration/Flow of New Registration/Third Screen - Upload Supporting Doc - Preview' successfully

2018-12-13 23:48:08 - [TEST_CASE][PASSED] - Test Cases/Final Aug 2018 - PKS Automation/Registration Module/New Registration/Flow of New Registration/Third Screen - Upload Supporting Doc - Preview: Test Cases/Final Aug 2018 - PKS Automation/Registration Module/New Registration/Flow of New Registration/Third Screen - Upload Supporting Doc - Preview

2018-12-13 23:48:08 - [TEST_STEP][PASSED] - waitForPageLoad: Wait for page load successfully

2018-12-13 23:48:09 - [MESSAGE][PASSED] - Wait for page load successfully

2018-12-13 23:48:09 - [TEST_STEP][PASSED] - Statement - CaseReferenceNo = com.kms.katalon.core.webui.keyword.WebUiBuiltInKeywords.getText(com.kms.katalon.core.testobject.ObjectRepository.findTestObject(Final Object Repo/New Registration - Registration Module Pages/Third Screen - Upload Supporting Doc- Preview/RefNo Acquiring)): Text of object 'Object Repository/Final Object Repo/New Registration - Registration Module Pages/Third Screen - Upload Supporting Doc- Preview/RefNo Acquiring' is: 'CRN12201800123319'

2018-12-13 23:48:09 - [MESSAGE][PASSED] - Text of object 'Object Repository/Final Object Repo/New Registration - Registration Module Pages/Third Screen - Upload Supporting Doc- Preview/RefNo Acquiring' is: 'CRN12201800123319'

2018-12-13 23:48:09 - [TEST_STEP][PASSED] - delay: Delayed 2 second(s)

2018-12-13 23:48:11 - [MESSAGE][PASSED] - Delayed 2 second(s)

2018-12-13 23:48:11 - [TEST_STEP][PASSED] - callTestCase: Call Test Case 'Test Cases/Final Aug 2018 - PKS Automation/Common/Reference Number Setter' successfully

2018-12-13 23:48:11 - [TEST_CASE][PASSED] - Test Cases/Final Aug 2018 - PKS Automation/Common/Reference Number Setter: Test Cases/Final Aug 2018 - PKS Automation/Common/Reference Number Setter

2018-12-13 23:48:11 - [TEST_STEP][PASSED] - Statement - RefNoOldFile = new java.io.File(C://Users//Admin//Desktop//PKS//Automation Reference Point//KatalonReference.txt): null

2018-12-13 23:48:11 - [TEST_STEP][PASSED] - Statement - RefNoOldFile.delete(): null

2018-12-13 23:48:11 - [TEST_STEP][PASSED] - delay: Delayed 5 second(s)

2018-12-13 23:48:16 - [MESSAGE][PASSED] - Delayed 5 second(s)

2018-12-13 23:48:16 - [TEST_STEP][PASSED] - Statement - RefNo = new java.io.File(C://Users//Admin//Desktop//PKS//Automation Reference Point//KatalonReference.txt): null

2018-12-13 23:48:16 - [TEST_STEP][PASSED] - Statement - f2 = new java.io.FileWriter(RefNo, false): null

2018-12-13 23:48:16 - [TEST_STEP][PASSED] - Statement - f2.write(CaseReferenceNo): null

2018-12-13 23:48:16 - [TEST_STEP][PASSED] - Statement - f2.close(): null

2018-12-13 23:48:16 - [TEST_STEP][PASSED] - Statement - out.println("


" + CaseReferenceNo + "


"): null

2018-12-13 23:48:16 - [MESSAGE][PASSED] - Call Test Case 'Test Cases/Final Aug 2018 - PKS Automation/Common/Reference Number Setter' successfully

2018-12-13 23:48:16 - [TEST_STEP][PASSED] - waitForElementClickable: Object 'Object Repository/Final Object Repo/New Registration - Registration Module Pages/Third Screen - Upload Supporting Doc- Preview/Save n Continue in SIP Employee Listing Page' is clickable

2018-12-13 23:48:16 - [MESSAGE][PASSED] - Object 'Object Repository/Final Object Repo/New Registration - Registration Module Pages/Third Screen - Upload Supporting Doc- Preview/Save n Continue in SIP Employee Listing Page' is clickable

2018-12-13 23:48:16 - [TEST_STEP][PASSED] - click: Object: 'Object Repository/Final Object Repo/New Registration - Registration Module Pages/Third Screen - Upload Supporting Doc- Preview/Save n Continue in SIP Employee Listing Page' is clicked on

2018-12-13 23:48:22 - [MESSAGE][PASSED] - Object: 'Object Repository/Final Object Repo/New Registration - Registration Module Pages/Third Screen - Upload Supporting Doc- Preview/Save n Continue in SIP Employee Listing Page' is clicked on

2018-12-13 23:48:22 - [TEST_STEP][PASSED] - delay: Delayed 7 second(s)

2018-12-13 23:48:29 - [MESSAGE][PASSED] - Delayed 7 second(s)

2018-12-13 23:48:29 - [TEST_STEP][PASSED] - click: Object: 'Object Repository/Final Object Repo/New Registration - Registration Module Pages/Third Screen - Upload Supporting Doc- Preview/Add Document Button' is clicked on

2018-12-13 23:48:29 - [MESSAGE][PASSED] - Object: 'Object Repository/Final Object Repo/New Registration - Registration Module Pages/Third Screen - Upload Supporting Doc- Preview/Add Document Button' is clicked on

2018-12-13 23:48:29 - [TEST_STEP][PASSED] - delay: Delayed 30 second(s)

2018-12-13 23:48:59 - [MESSAGE][PASSED] - Delayed 30 second(s)

2018-12-13 23:48:59 - [TEST_STEP][PASSED] - click: Object: 'Object Repository/Final Object Repo/New Registration - Registration Module Pages/Third Screen - Upload Supporting Doc- Preview/Supporting Doc Please Select Drop Down' is clicked on

2018-12-13 23:48:59 - [MESSAGE][PASSED] - Object: 'Object Repository/Final Object Repo/New Registration - Registration Module Pages/Third Screen - Upload Supporting Doc- Preview/Supporting Doc Please Select Drop Down' is clicked on

2018-12-13 23:48:59 - [TEST_STEP][PASSED] - delay: Delayed 2 second(s)

2018-12-13 23:49:01 - [MESSAGE][PASSED] - Delayed 2 second(s)

2018-12-13 23:49:01 - [TEST_STEP][PASSED] - click: Object: 'Object Repository/Final Object Repo/New Registration - Registration Module Pages/Third Screen - Upload Supporting Doc- Preview/Select to Upload Form 1' is clicked on

2018-12-13 23:49:01 - [MESSAGE][PASSED] - Object: 'Object Repository/Final Object Repo/New Registration - Registration Module Pages/Third Screen - Upload Supporting Doc- Preview/Select to Upload Form 1' is clicked on

2018-12-13 23:49:01 - [TEST_STEP][PASSED] - delay: Delayed 2 second(s)

2018-12-13 23:49:03 - [MESSAGE][PASSED] - Delayed 2 second(s)

2018-12-13 23:49:03 - [TEST_STEP][PASSED] - uploadFile: File 'C:\Users\Public\Pictures\Sample Pictures\Koala.jpg' sent to object: 'Object Repository/Final Object Repo/New Registration - Registration Module Pages/Third Screen - Upload Supporting Doc- Preview/Upload File Adding'

2018-12-13 23:49:03 - [MESSAGE][PASSED] - File 'C:\Users\Public\Pictures\Sample Pictures\Koala.jpg' sent to object: 'Object Repository/Final Object Repo/New Registration - Registration Module Pages/Third Screen - Upload Supporting Doc- Preview/Upload File Adding'

2018-12-13 23:49:03 - [TEST_STEP][PASSED] - delay: Delayed 5 second(s)

2018-12-13 23:49:08 - [MESSAGE][PASSED] - Delayed 5 second(s)

2018-12-13 23:49:08 - [TEST_STEP][PASSED] - click: Object: 'Object Repository/Final Object Repo/New Registration - Registration Module Pages/Third Screen - Upload Supporting Doc- Preview/Inner Form Add Document Button' is clicked on

2018-12-13 23:49:08 - [MESSAGE][PASSED] - Object: 'Object Repository/Final Object Repo/New Registration - Registration Module Pages/Third Screen - Upload Supporting Doc- Preview/Inner Form Add Document Button' is clicked on

2018-12-13 23:49:08 - [TEST_STEP][PASSED] - delay: Delayed 3 second(s)

2018-12-13 23:49:11 - [MESSAGE][PASSED] - Delayed 3 second(s)

2018-12-13 23:49:11 - [TEST_STEP][PASSED] - click: Object: 'Object Repository/Final Object Repo/New Registration - Registration Module Pages/Third Screen - Upload Supporting Doc- Preview/Add Document Button' is clicked on

2018-12-13 23:49:13 - [MESSAGE][PASSED] - Object: 'Object Repository/Final Object Repo/New Registration - Registration Module Pages/Third Screen - Upload Supporting Doc- Preview/Add Document Button' is clicked on

2018-12-13 23:49:13 - [TEST_STEP][PASSED] - delay: Delayed 30 second(s)

2018-12-13 23:49:43 - [MESSAGE][PASSED] - Delayed 30 second(s)

2018-12-13 23:49:43 - [TEST_STEP][PASSED] - click: Object: 'Object Repository/Final Object Repo/New Registration - Registration Module Pages/Third Screen - Upload Supporting Doc- Preview/Supporting Doc Please Select Drop Down' is clicked on

2018-12-13 23:49:43 - [MESSAGE][PASSED] - Object: 'Object Repository/Final Object Repo/New Registration - Registration Module Pages/Third Screen - Upload Supporting Doc- Preview/Supporting Doc Please Select Drop Down' is clicked on

2018-12-13 23:49:43 - [TEST_STEP][PASSED] - delay: Delayed 4 second(s)

2018-12-13 23:49:47 - [MESSAGE][PASSED] - Delayed 4 second(s)

2018-12-13 23:49:47 - [TEST_STEP][PASSED] - click: Object: 'Object Repository/Final Object Repo/New Registration - Registration Module Pages/Third Screen - Upload Supporting Doc- Preview/Select to Upload Form 2' is clicked on

2018-12-13 23:49:47 - [MESSAGE][PASSED] - Object: 'Object Repository/Final Object Repo/New Registration - Registration Module Pages/Third Screen - Upload Supporting Doc- Preview/Select to Upload Form 2' is clicked on

2018-12-13 23:49:47 - [TEST_STEP][PASSED] - delay: Delayed 2 second(s)

2018-12-13 23:49:49 - [MESSAGE][PASSED] - Delayed 2 second(s)

2018-12-13 23:49:49 - [TEST_STEP][PASSED] - uploadFile: File 'C:\Users\Public\Pictures\Sample Pictures\Koala.jpg' sent to object: 'Object Repository/Final Object Repo/New Registration - Registration Module Pages/Third Screen - Upload Supporting Doc- Preview/Upload File Adding'

2018-12-13 23:49:49 - [MESSAGE][PASSED] - File 'C:\Users\Public\Pictures\Sample Pictures\Koala.jpg' sent to object: 'Object Repository/Final Object Repo/New Registration - Registration Module Pages/Third Screen - Upload Supporting Doc- Preview/Upload File Adding'

2018-12-13 23:49:49 - [TEST_STEP][PASSED] - click: Object: 'Object Repository/Final Object Repo/New Registration - Registration Module Pages/Third Screen - Upload Supporting Doc- Preview/Inner Form Add Document Button' is clicked on

2018-12-13 23:49:49 - [MESSAGE][PASSED] - Object: 'Object Repository/Final Object Repo/New Registration - Registration Module Pages/Third Screen - Upload Supporting Doc- Preview/Inner Form Add Document Button' is clicked on

2018-12-13 23:49:49 - [TEST_STEP][PASSED] - delay: Delayed 5 second(s)

2018-12-13 23:49:54 - [MESSAGE][PASSED] - Delayed 5 second(s)

2018-12-13 23:49:54 - [TEST_STEP][PASSED] - click: Object: 'Object Repository/Final Object Repo/New Registration - Registration Module Pages/Third Screen - Upload Supporting Doc- Preview/Add Document Button' is clicked on

2018-12-13 23:49:55 - [MESSAGE][PASSED] - Object: 'Object Repository/Final Object Repo/New Registration - Registration Module Pages/Third Screen - Upload Supporting Doc- Preview/Add Document Button' is clicked on

2018-12-13 23:49:55 - [TEST_STEP][PASSED] - delay: Delayed 30 second(s)

2018-12-13 23:50:25 - [MESSAGE][PASSED] - Delayed 30 second(s)

2018-12-13 23:50:25 - [TEST_STEP][PASSED] - click: Object: 'Object Repository/Final Object Repo/New Registration - Registration Module Pages/Third Screen - Upload Supporting Doc- Preview/Supporting Doc Please Select Drop Down' is clicked on

2018-12-13 23:50:25 - [MESSAGE][PASSED] - Object: 'Object Repository/Final Object Repo/New Registration - Registration Module Pages/Third Screen - Upload Supporting Doc- Preview/Supporting Doc Please Select Drop Down' is clicked on

2018-12-13 23:50:25 - [TEST_STEP][PASSED] - click: Object: 'Object Repository/Final Object Repo/New Registration - Registration Module Pages/Third Screen - Upload Supporting Doc- Preview/Select to Upload Borang SIP 1' is clicked on

2018-12-13 23:50:25 - [MESSAGE][PASSED] - Object: 'Object Repository/Final Object Repo/New Registration - Registration Module Pages/Third Screen - Upload Supporting Doc- Preview/Select to Upload Borang SIP 1' is clicked on

2018-12-13 23:50:25 - [TEST_STEP][PASSED] - delay: Delayed 2 second(s)

2018-12-13 23:50:27 - [MESSAGE][PASSED] - Delayed 2 second(s)

2018-12-13 23:50:27 - [TEST_STEP][PASSED] - uploadFile: File 'C:\Users\Public\Pictures\Sample Pictures\Koala.jpg' sent to object: 'Object Repository/Final Object Repo/New Registration - Registration Module Pages/Third Screen - Upload Supporting Doc- Preview/Upload File Adding'

2018-12-13 23:50:27 - [MESSAGE][PASSED] - File 'C:\Users\Public\Pictures\Sample Pictures\Koala.jpg' sent to object: 'Object Repository/Final Object Repo/New Registration - Registration Module Pages/Third Screen - Upload Supporting Doc- Preview/Upload File Adding'

2018-12-13 23:50:27 - [TEST_STEP][PASSED] - click: Object: 'Object Repository/Final Object Repo/New Registration - Registration Module Pages/Third Screen - Upload Supporting Doc- Preview/Inner Form Add Document Button' is clicked on

2018-12-13 23:50:27 - [MESSAGE][PASSED] - Object: 'Object Repository/Final Object Repo/New Registration - Registration Module Pages/Third Screen - Upload Supporting Doc- Preview/Inner Form Add Document Button' is clicked on

2018-12-13 23:50:27 - [TEST_STEP][PASSED] - delay: Delayed 5 second(s)

2018-12-13 23:50:32 - [MESSAGE][PASSED] - Delayed 5 second(s)

2018-12-13 23:50:32 - [TEST_STEP][PASSED] - click: Object: 'Object Repository/Final Object Repo/New Registration - Registration Module Pages/Third Screen - Upload Supporting Doc- Preview/Add Document Button' is clicked on

2018-12-13 23:50:32 - [MESSAGE][PASSED] - Object: 'Object Repository/Final Object Repo/New Registration - Registration Module Pages/Third Screen - Upload Supporting Doc- Preview/Add Document Button' is clicked on

2018-12-13 23:50:32 - [TEST_STEP][PASSED] - delay: Delayed 30 second(s)

2018-12-13 23:51:02 - [MESSAGE][PASSED] - Delayed 30 second(s)

2018-12-13 23:51:02 - [TEST_STEP][PASSED] - click: Object: 'Object Repository/Final Object Repo/New Registration - Registration Module Pages/Third Screen - Upload Supporting Doc- Preview/Supporting Doc Please Select Drop Down' is clicked on

2018-12-13 23:51:03 - [MESSAGE][PASSED] - Object: 'Object Repository/Final Object Repo/New Registration - Registration Module Pages/Third Screen - Upload Supporting Doc- Preview/Supporting Doc Please Select Drop Down' is clicked on

2018-12-13 23:51:03 - [TEST_STEP][PASSED] - delay: Delayed 3 second(s)

2018-12-13 23:51:06 - [MESSAGE][PASSED] - Delayed 3 second(s)

2018-12-13 23:51:06 - [TEST_STEP][PASSED] - click: Object: 'Object Repository/Final Object Repo/New Registration - Registration Module Pages/Third Screen - Upload Supporting Doc- Preview/Select to Upload Borang SIP 2' is clicked on

2018-12-13 23:51:06 - [MESSAGE][PASSED] - Object: 'Object Repository/Final Object Repo/New Registration - Registration Module Pages/Third Screen - Upload Supporting Doc- Preview/Select to Upload Borang SIP 2' is clicked on

2018-12-13 23:51:06 - [TEST_STEP][PASSED] - delay: Delayed 2 second(s)

2018-12-13 23:51:08 - [MESSAGE][PASSED] - Delayed 2 second(s)

2018-12-13 23:51:08 - [TEST_STEP][PASSED] - uploadFile: File 'C:\Users\Public\Pictures\Sample Pictures\Koala.jpg' sent to object: 'Object Repository/Final Object Repo/New Registration - Registration Module Pages/Third Screen - Upload Supporting Doc- Preview/Upload File Adding'

2018-12-13 23:51:08 - [MESSAGE][PASSED] - File 'C:\Users\Public\Pictures\Sample Pictures\Koala.jpg' sent to object: 'Object Repository/Final Object Repo/New Registration - Registration Module Pages/Third Screen - Upload Supporting Doc- Preview/Upload File Adding'

2018-12-13 23:51:08 - [TEST_STEP][PASSED] - delay: Delayed 5 second(s)

2018-12-13 23:51:13 - [MESSAGE][PASSED] - Delayed 5 second(s)

2018-12-13 23:51:13 - [TEST_STEP][PASSED] - click: Object: 'Object Repository/Final Object Repo/New Registration - Registration Module Pages/Third Screen - Upload Supporting Doc- Preview/Inner Form Add Document Button' is clicked on

2018-12-13 23:51:13 - [MESSAGE][PASSED] - Object: 'Object Repository/Final Object Repo/New Registration - Registration Module Pages/Third Screen - Upload Supporting Doc- Preview/Inner Form Add Document Button' is clicked on

2018-12-13 23:51:13 - [TEST_STEP][PASSED] - delay: Delayed 3 second(s)

2018-12-13 23:51:16 - [MESSAGE][PASSED] - Delayed 3 second(s)

2018-12-13 23:51:16 - [TEST_STEP][PASSED] - waitForElementClickable: Object 'Object Repository/Final Object Repo/New Registration - Registration Module Pages/Third Screen - Upload Supporting Doc- Preview/Save n Continue in Uploading Supporting Doc Page' is clickable

2018-12-13 23:51:18 - [MESSAGE][PASSED] - Object 'Object Repository/Final Object Repo/New Registration - Registration Module Pages/Third Screen - Upload Supporting Doc- Preview/Save n Continue in Uploading Supporting Doc Page' is clickable

2018-12-13 23:51:18 - [TEST_STEP][PASSED] - click: Object: 'Object Repository/Final Object Repo/New Registration - Registration Module Pages/Third Screen - Upload Supporting Doc- Preview/Save n Continue in Uploading Supporting Doc Page' is clicked on

2018-12-13 23:51:18 - [MESSAGE][PASSED] - Object: 'Object Repository/Final Object Repo/New Registration - Registration Module Pages/Third Screen - Upload Supporting Doc- Preview/Save n Continue in Uploading Supporting Doc Page' is clicked on

2018-12-13 23:51:18 - [MESSAGE][PASSED] - Call Test Case 'Test Cases/Final Aug 2018 - PKS Automation/Registration Module/New Registration/Flow of New Registration/Third Screen - Upload Supporting Doc - Preview' successfully

2018-12-13 23:51:18 - [TEST_STEP][PASSED] - callTestCase: Call Test Case 'Test Cases/Final Aug 2018 - PKS Automation/Registration Module/New Registration/Submit and Screenshot/Submit Registration and Screenshot' successfully

2018-12-13 23:51:18 - [TEST_CASE][PASSED] - Test Cases/Final Aug 2018 - PKS Automation/Registration Module/New Registration/Submit and Screenshot/Submit Registration and Screenshot: Test Cases/Final Aug 2018 - PKS Automation/Registration Module/New Registration/Submit and Screenshot/Submit Registration and Screenshot

2018-12-13 23:51:18 - [TEST_STEP][PASSED] - delay: Delayed 6 second(s)

2018-12-13 23:51:24 - [MESSAGE][PASSED] - Delayed 6 second(s)

2018-12-13 23:51:24 - [TEST_STEP][PASSED] - click: Object: 'Object Repository/Final Object Repo/New Registration - Registration Module Pages/Third Screen - Upload Supporting Doc- Preview/Preview Submit Button' is clicked on

2018-12-13 23:51:24 - [MESSAGE][PASSED] - Object: 'Object Repository/Final Object Repo/New Registration - Registration Module Pages/Third Screen - Upload Supporting Doc- Preview/Preview Submit Button' is clicked on

2018-12-13 23:51:24 - [TEST_STEP][PASSED] - delay: Delayed 2 second(s)

2018-12-13 23:51:26 - [MESSAGE][PASSED] - Delayed 2 second(s)

2018-12-13 23:51:26 - [TEST_STEP][PASSED] - click: Object: 'Object Repository/Final Object Repo/New Registration - Registration Module Pages/Third Screen - Upload Supporting Doc- Preview/Preview Submit - Confirm' is clicked on

2018-12-13 23:51:26 - [MESSAGE][PASSED] - Object: 'Object Repository/Final Object Repo/New Registration - Registration Module Pages/Third Screen - Upload Supporting Doc- Preview/Preview Submit - Confirm' is clicked on

2018-12-13 23:51:26 - [TEST_STEP][PASSED] - delay: Delayed 15 second(s)

2018-12-13 23:51:41 - [MESSAGE][PASSED] - Delayed 15 second(s)

2018-12-13 23:51:41 - [TEST_STEP][PASSED] - Statement - driver = com.kms.katalon.core.webui.driver.DriverFactory.getWebDriver(): null

2018-12-13 23:51:41 - [TEST_STEP][PASSED] - Statement - driver.manage().timeouts().implicitlyWait(10, SECONDS): null

2018-12-13 23:51:41 - [TEST_STEP][PASSED] - Statement - PresavePath = KatalonScreenshots: null

2018-12-13 23:51:41 - [TEST_STEP][PASSED] - Statement - pathPrefix = "C:\Users\Public\Pictures\Sample Pictures\Katalon Screenshots\Automate Ending Screen": null

2018-12-13 23:51:41 - [TEST_STEP][PASSED] - Statement - finalPath = <not implemented yet for class: org.codehaus.groovy.ast.expr.EmptyExpression>: null

2018-12-13 23:51:41 - [TEST_STEP][PASSED] - Statement - scrFile = driver.getScreenshotAs(FILE): null

2018-12-13 23:51:41 - [TEST_STEP][PASSED] - Statement - PreSaveFile = new java.io.File(PresavePath): null

2018-12-13 23:51:41 - [TEST_STEP][PASSED] - Statement - counter = 0: null

2018-12-13 23:51:41 - [TEST_STEP][PASSED] - Statement - If (PreSaveFile.exists()): null

2018-12-13 23:51:41 - [TEST_STEP][PASSED] - Statement - While (PreSaveFile.exists()): null

2018-12-13 23:51:41 - [TEST_STEP][PASSED] - Statement - counter = counter + 1: null

2018-12-13 23:51:41 - [TEST_STEP][PASSED] - Statement - PreSaveFile = new java.io.File(((pathPrefix + java.lang.Integer.toString(counter)) + .png)): null

2018-12-13 23:51:41 - [TEST_STEP][PASSED] - Statement - counter = counter + 1: null

2018-12-13 23:51:41 - [TEST_STEP][PASSED] - Statement - PreSaveFile = new java.io.File(((pathPrefix + java.lang.Integer.toString(counter)) + .png)): null

2018-12-13 23:51:41 - [TEST_STEP][PASSED] - Statement - counter = counter + 1: null

2018-12-13 23:51:41 - [TEST_STEP][PASSED] - Statement - PreSaveFile = new java.io.File(((pathPrefix + java.lang.Integer.toString(counter)) + .png)): null

2018-12-13 23:51:41 - [TEST_STEP][PASSED] - Statement - counter = counter + 1: null

2018-12-13 23:51:41 - [TEST_STEP][PASSED] - Statement - PreSaveFile = new java.io.File(((pathPrefix + java.lang.Integer.toString(counter)) + .png)): null

2018-12-13 23:51:41 - [TEST_STEP][PASSED] - Statement - counter = counter + 1: null

2018-12-13 23:51:41 - [TEST_STEP][PASSED] - Statement - PreSaveFile = new java.io.File(((pathPrefix + java.lang.Integer.toString(counter)) + .png)): null

2018-12-13 23:51:41 - [TEST_STEP][PASSED] - Statement - counter = counter + 1: null

2018-12-13 23:51:41 - [TEST_STEP][PASSED] - Statement - PreSaveFile = new java.io.File(((pathPrefix + java.lang.Integer.toString(counter)) + .png)): null

2018-12-13 23:51:41 - [TEST_STEP][PASSED] - Statement - counter = counter + 1: null

2018-12-13 23:51:41 - [TEST_STEP][PASSED] - Statement - PreSaveFile = new java.io.File(((pathPrefix + java.lang.Integer.toString(counter)) + .png)): null

2018-12-13 23:51:41 - [TEST_STEP][PASSED] - Statement - counter = counter + 1: null

2018-12-13 23:51:41 - [TEST_STEP][PASSED] - Statement - PreSaveFile = new java.io.File(((pathPrefix + java.lang.Integer.toString(counter)) + .png)): null

2018-12-13 23:51:41 - [TEST_STEP][PASSED] - Statement - counter = counter + 1: null

2018-12-13 23:51:41 - [TEST_STEP][PASSED] - Statement - PreSaveFile = new java.io.File(((pathPrefix + java.lang.Integer.toString(counter)) + .png)): null

2018-12-13 23:51:41 - [TEST_STEP][PASSED] - Statement - counter = counter + 1: null

2018-12-13 23:51:41 - [TEST_STEP][PASSED] - Statement - PreSaveFile = new java.io.File(((pathPrefix + java.lang.Integer.toString(counter)) + .png)): null

2018-12-13 23:51:41 - [TEST_STEP][PASSED] - Statement - counter = counter + 1: null

2018-12-13 23:51:41 - [TEST_STEP][PASSED] - Statement - PreSaveFile = new java.io.File(((pathPrefix + java.lang.Integer.toString(counter)) + .png)): null

2018-12-13 23:51:41 - [TEST_STEP][PASSED] - Statement - counter = counter + 1: null

2018-12-13 23:51:41 - [TEST_STEP][PASSED] - Statement - PreSaveFile = new java.io.File(((pathPrefix + java.lang.Integer.toString(counter)) + .png)): null

2018-12-13 23:51:41 - [TEST_STEP][PASSED] - Statement - counter = counter + 1: null

2018-12-13 23:51:41 - [TEST_STEP][PASSED] - Statement - PreSaveFile = new java.io.File(((pathPrefix + java.lang.Integer.toString(counter)) + .png)): null

2018-12-13 23:51:41 - [TEST_STEP][PASSED] - Statement - counter = counter + 1: null

2018-12-13 23:51:41 - [TEST_STEP][PASSED] - Statement - PreSaveFile = new java.io.File(((pathPrefix + java.lang.Integer.toString(counter)) + .png)): null

2018-12-13 23:51:41 - [TEST_STEP][PASSED] - Statement - counter = counter + 1: null

2018-12-13 23:51:41 - [TEST_STEP][PASSED] - Statement - PreSaveFile = new java.io.File(((pathPrefix + java.lang.Integer.toString(counter)) + .png)): null

2018-12-13 23:51:41 - [TEST_STEP][PASSED] - Statement - counter = counter + 1: null

2018-12-13 23:51:41 - [TEST_STEP][PASSED] - Statement - PreSaveFile = new java.io.File(((pathPrefix + java.lang.Integer.toString(counter)) + .png)): null

2018-12-13 23:51:42 - [TEST_STEP][PASSED] - Statement - counter = counter + 1: null

2018-12-13 23:51:42 - [TEST_STEP][PASSED] - Statement - PreSaveFile = new java.io.File(((pathPrefix + java.lang.Integer.toString(counter)) + .png)): null

2018-12-13 23:51:42 - [TEST_STEP][PASSED] - Statement - counter = counter + 1: null

2018-12-13 23:51:42 - [TEST_STEP][PASSED] - Statement - PreSaveFile = new java.io.File(((pathPrefix + java.lang.Integer.toString(counter)) + .png)): null

2018-12-13 23:51:42 - [TEST_STEP][PASSED] - Statement - counter = counter + 1: null

2018-12-13 23:51:42 - [TEST_STEP][PASSED] - Statement - PreSaveFile = new java.io.File(((pathPrefix + java.lang.Integer.toString(counter)) + .png)): null

2018-12-13 23:51:42 - [TEST_STEP][PASSED] - Statement - counter = counter + 1: null

2018-12-13 23:51:42 - [TEST_STEP][PASSED] - Statement - PreSaveFile = new java.io.File(((pathPrefix + java.lang.Integer.toString(counter)) + .png)): null

2018-12-13 23:51:42 - [TEST_STEP][PASSED] - Statement - counter = counter + 1: null

2018-12-13 23:51:42 - [TEST_STEP][PASSED] - Statement - PreSaveFile = new java.io.File(((pathPrefix + java.lang.Integer.toString(counter)) + .png)): null

2018-12-13 23:51:42 - [TEST_STEP][PASSED] - Statement - counter = counter + 1: null

2018-12-13 23:51:42 - [TEST_STEP][PASSED] - Statement - PreSaveFile = new java.io.File(((pathPrefix + java.lang.Integer.toString(counter)) + .png)): null

2018-12-13 23:51:42 - [TEST_STEP][PASSED] - Statement - counter = counter + 1: null

2018-12-13 23:51:42 - [TEST_STEP][PASSED] - Statement - PreSaveFile = new java.io.File(((pathPrefix + java.lang.Integer.toString(counter)) + .png)): null

2018-12-13 23:51:42 - [TEST_STEP][PASSED] - Statement - counter = counter + 1: null

2018-12-13 23:51:42 - [TEST_STEP][PASSED] - Statement - PreSaveFile = new java.io.File(((pathPrefix + java.lang.Integer.toString(counter)) + .png)): null

2018-12-13 23:51:42 - [TEST_STEP][PASSED] - Statement - counter = counter + 1: null

2018-12-13 23:51:42 - [TEST_STEP][PASSED] - Statement - PreSaveFile = new java.io.File(((pathPrefix + java.lang.Integer.toString(counter)) + .png)): null

2018-12-13 23:51:42 - [TEST_STEP][PASSED] - Statement - counter = counter + 1: null

2018-12-13 23:51:42 - [TEST_STEP][PASSED] - Statement - PreSaveFile = new java.io.File(((pathPrefix + java.lang.Integer.toString(counter)) + .png)): null

2018-12-13 23:51:42 - [TEST_STEP][PASSED] - Statement - counter = counter + 1: null

2018-12-13 23:51:42 - [TEST_STEP][PASSED] - Statement - PreSaveFile = new java.io.File(((pathPrefix + java.lang.Integer.toString(counter)) + .png)): null

2018-12-13 23:51:42 - [TEST_STEP][PASSED] - Statement - counter = counter + 1: null

2018-12-13 23:51:42 - [TEST_STEP][PASSED] - Statement - PreSaveFile = new java.io.File(((pathPrefix + java.lang.Integer.toString(counter)) + .png)): null

2018-12-13 23:51:42 - [TEST_STEP][PASSED] - Statement - counter = counter + 1: null

2018-12-13 23:51:42 - [TEST_STEP][PASSED] - Statement - PreSaveFile = new java.io.File(((pathPrefix + java.lang.Integer.toString(counter)) + .png)): null

2018-12-13 23:51:42 - [TEST_STEP][PASSED] - Statement - counter = counter + 1: null

2018-12-13 23:51:42 - [TEST_STEP][PASSED] - Statement - PreSaveFile = new java.io.File(((pathPrefix + java.lang.Integer.toString(counter)) + .png)): null

2018-12-13 23:51:42 - [TEST_STEP][PASSED] - Statement - counter = counter + 1: null

2018-12-13 23:51:42 - [TEST_STEP][PASSED] - Statement - PreSaveFile = new java.io.File(((pathPrefix + java.lang.Integer.toString(counter)) + .png)): null

2018-12-13 23:51:42 - [TEST_STEP][PASSED] - Statement - counter = counter + 1: null

2018-12-13 23:51:42 - [TEST_STEP][PASSED] - Statement - PreSaveFile = new java.io.File(((pathPrefix + java.lang.Integer.toString(counter)) + .png)): null

2018-12-13 23:51:42 - [TEST_STEP][PASSED] - Statement - counter = counter + 1: null

2018-12-13 23:51:42 - [TEST_STEP][PASSED] - Statement - PreSaveFile = new java.io.File(((pathPrefix + java.lang.Integer.toString(counter)) + .png)): null

2018-12-13 23:51:42 - [TEST_STEP][PASSED] - Statement - counter = counter + 1: null

2018-12-13 23:51:42 - [TEST_STEP][PASSED] - Statement - PreSaveFile = new java.io.File(((pathPrefix + java.lang.Integer.toString(counter)) + .png)): null

2018-12-13 23:51:42 - [TEST_STEP][PASSED] - Statement - counter = counter + 1: null

2018-12-13 23:51:42 - [TEST_STEP][PASSED] - Statement - PreSaveFile = new java.io.File(((pathPrefix + java.lang.Integer.toString(counter)) + .png)): null

2018-12-13 23:51:42 - [TEST_STEP][PASSED] - Statement - counter = counter + 1: null

2018-12-13 23:51:42 - [TEST_STEP][PASSED] - Statement - PreSaveFile = new java.io.File(((pathPrefix + java.lang.Integer.toString(counter)) + .png)): null

2018-12-13 23:51:42 - [TEST_STEP][PASSED] - Statement - counter = counter + 1: null

2018-12-13 23:51:42 - [TEST_STEP][PASSED] - Statement - PreSaveFile = new java.io.File(((pathPrefix + java.lang.Integer.toString(counter)) + .png)): null

2018-12-13 23:51:42 - [TEST_STEP][PASSED] - Statement - counter = counter + 1: null

2018-12-13 23:51:42 - [TEST_STEP][PASSED] - Statement - PreSaveFile = new java.io.File(((pathPrefix + java.lang.Integer.toString(counter)) + .png)): null

2018-12-13 23:51:42 - [TEST_STEP][PASSED] - Statement - counter = counter + 1: null

2018-12-13 23:51:42 - [TEST_STEP][PASSED] - Statement - PreSaveFile = new java.io.File(((pathPrefix + java.lang.Integer.toString(counter)) + .png)): null

2018-12-13 23:51:42 - [TEST_STEP][PASSED] - Statement - counter = counter + 1: null

2018-12-13 23:51:42 - [TEST_STEP][PASSED] - Statement - PreSaveFile = new java.io.File(((pathPrefix + java.lang.Integer.toString(counter)) + .png)): null

2018-12-13 23:51:42 - [TEST_STEP][PASSED] - Statement - counter = counter + 1: null

2018-12-13 23:51:42 - [TEST_STEP][PASSED] - Statement - PreSaveFile = new java.io.File(((pathPrefix + java.lang.Integer.toString(counter)) + .png)): null

2018-12-13 23:51:42 - [TEST_STEP][PASSED] - Statement - counter = counter + 1: null

2018-12-13 23:51:42 - [TEST_STEP][PASSED] - Statement - PreSaveFile = new java.io.File(((pathPrefix + java.lang.Integer.toString(counter)) + .png)): null

2018-12-13 23:51:42 - [TEST_STEP][PASSED] - Statement - counter = counter + 1: null

2018-12-13 23:51:42 - [TEST_STEP][PASSED] - Statement - PreSaveFile = new java.io.File(((pathPrefix + java.lang.Integer.toString(counter)) + .png)): null

2018-12-13 23:51:42 - [TEST_STEP][PASSED] - Statement - counter = counter + 1: null

2018-12-13 23:51:42 - [TEST_STEP][PASSED] - Statement - PreSaveFile = new java.io.File(((pathPrefix + java.lang.Integer.toString(counter)) + .png)): null

2018-12-13 23:51:42 - [TEST_STEP][PASSED] - Statement - counter = counter + 1: null

2018-12-13 23:51:42 - [TEST_STEP][PASSED] - Statement - PreSaveFile = new java.io.File(((pathPrefix + java.lang.Integer.toString(counter)) + .png)): null

2018-12-13 23:51:42 - [TEST_STEP][PASSED] - Statement - counter = counter + 1: null

2018-12-13 23:51:42 - [TEST_STEP][PASSED] - Statement - PreSaveFile = new java.io.File(((pathPrefix + java.lang.Integer.toString(counter)) + .png)): null

2018-12-13 23:51:42 - [TEST_STEP][PASSED] - Statement - counter = counter + 1: null

2018-12-13 23:51:42 - [TEST_STEP][PASSED] - Statement - PreSaveFile = new java.io.File(((pathPrefix + java.lang.Integer.toString(counter)) + .png)): null

2018-12-13 23:51:42 - [TEST_STEP][PASSED] - Statement - counter = counter + 1: null

2018-12-13 23:51:42 - [TEST_STEP][PASSED] - Statement - PreSaveFile = new java.io.File(((pathPrefix + java.lang.Integer.toString(counter)) + .png)): null

2018-12-13 23:51:42 - [TEST_STEP][PASSED] - Statement - counter = counter + 1: null

2018-12-13 23:51:42 - [TEST_STEP][PASSED] - Statement - PreSaveFile = new java.io.File(((pathPrefix + java.lang.Integer.toString(counter)) + .png)): null

2018-12-13 23:51:42 - [TEST_STEP][PASSED] - Statement - counter = counter + 1: null

2018-12-13 23:51:42 - [TEST_STEP][PASSED] - Statement - PreSaveFile = new java.io.File(((pathPrefix + java.lang.Integer.toString(counter)) + .png)): null

2018-12-13 23:51:42 - [TEST_STEP][PASSED] - Statement - counter = counter + 1: null

2018-12-13 23:51:42 - [TEST_STEP][PASSED] - Statement - PreSaveFile = new java.io.File(((pathPrefix + java.lang.Integer.toString(counter)) + .png)): null

2018-12-13 23:51:42 - [TEST_STEP][PASSED] - Statement - counter = counter + 1: null

2018-12-13 23:51:42 - [TEST_STEP][PASSED] - Statement - PreSaveFile = new java.io.File(((pathPrefix + java.lang.Integer.toString(counter)) + .png)): null

2018-12-13 23:51:42 - [TEST_STEP][PASSED] - Statement - counter = counter + 1: null

2018-12-13 23:51:42 - [TEST_STEP][PASSED] - Statement - PreSaveFile = new java.io.File(((pathPrefix + java.lang.Integer.toString(counter)) + .png)): null

2018-12-13 23:51:42 - [TEST_STEP][PASSED] - Statement - counter = counter + 1: null

2018-12-13 23:51:42 - [TEST_STEP][PASSED] - Statement - PreSaveFile = new java.io.File(((pathPrefix + java.lang.Integer.toString(counter)) + .png)): null

2018-12-13 23:51:42 - [TEST_STEP][PASSED] - Statement - counter = counter + 1: null

2018-12-13 23:51:42 - [TEST_STEP][PASSED] - Statement - PreSaveFile = new java.io.File(((pathPrefix + java.lang.Integer.toString(counter)) + .png)): null

2018-12-13 23:51:42 - [TEST_STEP][PASSED] - Statement - counter = counter + 1: null

2018-12-13 23:51:42 - [TEST_STEP][PASSED] - Statement - PreSaveFile = new java.io.File(((pathPrefix + java.lang.Integer.toString(counter)) + .png)): null

2018-12-13 23:51:42 - [TEST_STEP][PASSED] - Statement - counter = counter + 1: null

2018-12-13 23:51:42 - [TEST_STEP][PASSED] - Statement - PreSaveFile = new java.io.File(((pathPrefix + java.lang.Integer.toString(counter)) + .png)): null

2018-12-13 23:51:42 - [TEST_STEP][PASSED] - Statement - counter = counter + 1: null

2018-12-13 23:51:42 - [TEST_STEP][PASSED] - Statement - PreSaveFile = new java.io.File(((pathPrefix + java.lang.Integer.toString(counter)) + .png)): null

2018-12-13 23:51:42 - [TEST_STEP][PASSED] - Statement - counter = counter + 1: null

2018-12-13 23:51:42 - [TEST_STEP][PASSED] - Statement - PreSaveFile = new java.io.File(((pathPrefix + java.lang.Integer.toString(counter)) + .png)): null

2018-12-13 23:51:42 - [TEST_STEP][PASSED] - Statement - counter = counter + 1: null

2018-12-13 23:51:42 - [TEST_STEP][PASSED] - Statement - PreSaveFile = new java.io.File(((pathPrefix + java.lang.Integer.toString(counter)) + .png)): null

2018-12-13 23:51:42 - [TEST_STEP][PASSED] - Statement - counter = counter + 1: null

2018-12-13 23:51:42 - [TEST_STEP][PASSED] - Statement - PreSaveFile = new java.io.File(((pathPrefix + java.lang.Integer.toString(counter)) + .png)): null

2018-12-13 23:51:42 - [TEST_STEP][PASSED] - Statement - counter = counter + 1: null

2018-12-13 23:51:42 - [TEST_STEP][PASSED] - Statement - PreSaveFile = new java.io.File(((pathPrefix + java.lang.Integer.toString(counter)) + .png)): null

2018-12-13 23:51:42 - [TEST_STEP][PASSED] - Statement - counter = counter + 1: null

2018-12-13 23:51:42 - [TEST_STEP][PASSED] - Statement - PreSaveFile = new java.io.File(((pathPrefix + java.lang.Integer.toString(counter)) + .png)): null

2018-12-13 23:51:42 - [TEST_STEP][PASSED] - Statement - counter = counter + 1: null

2018-12-13 23:51:42 - [TEST_STEP][PASSED] - Statement - PreSaveFile = new java.io.File(((pathPrefix + java.lang.Integer.toString(counter)) + .png)): null

2018-12-13 23:51:42 - [TEST_STEP][PASSED] - Statement - counter = counter + 1: null

2018-12-13 23:51:42 - [TEST_STEP][PASSED] - Statement - PreSaveFile = new java.io.File(((pathPrefix + java.lang.Integer.toString(counter)) + .png)): null

2018-12-13 23:51:42 - [TEST_STEP][PASSED] - Statement - counter = counter + 1: null

2018-12-13 23:51:42 - [TEST_STEP][PASSED] - Statement - PreSaveFile = new java.io.File(((pathPrefix + java.lang.Integer.toString(counter)) + .png)): null

2018-12-13 23:51:42 - [TEST_STEP][PASSED] - Statement - counter = counter + 1: null

2018-12-13 23:51:42 - [TEST_STEP][PASSED] - Statement - PreSaveFile = new java.io.File(((pathPrefix + java.lang.Integer.toString(counter)) + .png)): null

2018-12-13 23:51:42 - [TEST_STEP][PASSED] - Statement - counter = counter + 1: null

2018-12-13 23:51:42 - [TEST_STEP][PASSED] - Statement - PreSaveFile = new java.io.File(((pathPrefix + java.lang.Integer.toString(counter)) + .png)): null

2018-12-13 23:51:42 - [TEST_STEP][PASSED] - Statement - counter = counter + 1: null

2018-12-13 23:51:42 - [TEST_STEP][PASSED] - Statement - PreSaveFile = new java.io.File(((pathPrefix + java.lang.Integer.toString(counter)) + .png)): null

2018-12-13 23:51:42 - [TEST_STEP][PASSED] - Statement - counter = counter + 1: null

2018-12-13 23:51:42 - [TEST_STEP][PASSED] - Statement - PreSaveFile = new java.io.File(((pathPrefix + java.lang.Integer.toString(counter)) + .png)): null

2018-12-13 23:51:42 - [TEST_STEP][PASSED] - Statement - counter = counter + 1: null

2018-12-13 23:51:42 - [TEST_STEP][PASSED] - Statement - PreSaveFile = new java.io.File(((pathPrefix + java.lang.Integer.toString(counter)) + .png)): null

2018-12-13 23:51:42 - [TEST_STEP][PASSED] - Statement - counter = counter + 1: null

2018-12-13 23:51:42 - [TEST_STEP][PASSED] - Statement - PreSaveFile = new java.io.File(((pathPrefix + java.lang.Integer.toString(counter)) + .png)): null

2018-12-13 23:51:42 - [TEST_STEP][PASSED] - Statement - counter = counter + 1: null

2018-12-13 23:51:42 - [TEST_STEP][PASSED] - Statement - PreSaveFile = new java.io.File(((pathPrefix + java.lang.Integer.toString(counter)) + .png)): null

2018-12-13 23:51:42 - [TEST_STEP][PASSED] - Statement - counter = counter + 1: null

2018-12-13 23:51:42 - [TEST_STEP][PASSED] - Statement - PreSaveFile = new java.io.File(((pathPrefix + java.lang.Integer.toString(counter)) + .png)): null

2018-12-13 23:51:42 - [TEST_STEP][PASSED] - Statement - counter = counter + 1: null

2018-12-13 23:51:42 - [TEST_STEP][PASSED] - Statement - PreSaveFile = new java.io.File(((pathPrefix + java.lang.Integer.toString(counter)) + .png)): null

2018-12-13 23:51:42 - [TEST_STEP][PASSED] - Statement - counter = counter + 1: null

2018-12-13 23:51:42 - [TEST_STEP][PASSED] - Statement - PreSaveFile = new java.io.File(((pathPrefix + java.lang.Integer.toString(counter)) + .png)): null

2018-12-13 23:51:42 - [TEST_STEP][PASSED] - Statement - counter = counter + 1: null

2018-12-13 23:51:42 - [TEST_STEP][PASSED] - Statement - PreSaveFile = new java.io.File(((pathPrefix + java.lang.Integer.toString(counter)) + .png)): null

2018-12-13 23:51:42 - [TEST_STEP][PASSED] - Statement - counter = counter + 1: null

2018-12-13 23:51:42 - [TEST_STEP][PASSED] - Statement - PreSaveFile = new java.io.File(((pathPrefix + java.lang.Integer.toString(counter)) + .png)): null

2018-12-13 23:51:42 - [TEST_STEP][PASSED] - Statement - counter = counter + 1: null

2018-12-13 23:51:42 - [TEST_STEP][PASSED] - Statement - PreSaveFile = new java.io.File(((pathPrefix + java.lang.Integer.toString(counter)) + .png)): null

2018-12-13 23:51:42 - [TEST_STEP][PASSED] - Statement - counter = counter + 1: null

2018-12-13 23:51:42 - [TEST_STEP][PASSED] - Statement - PreSaveFile = new java.io.File(((pathPrefix + java.lang.Integer.toString(counter)) + .png)): null

2018-12-13 23:51:42 - [TEST_STEP][PASSED] - Statement - counter = counter + 1: null

2018-12-13 23:51:42 - [TEST_STEP][PASSED] - Statement - PreSaveFile = new java.io.File(((pathPrefix + java.lang.Integer.toString(counter)) + .png)): null

2018-12-13 23:51:42 - [TEST_STEP][PASSED] - Statement - counter = counter + 1: null

2018-12-13 23:51:42 - [TEST_STEP][PASSED] - Statement - PreSaveFile = new java.io.File(((pathPrefix + java.lang.Integer.toString(counter)) + .png)): null

2018-12-13 23:51:42 - [TEST_STEP][PASSED] - Statement - counter = counter + 1: null

2018-12-13 23:51:42 - [TEST_STEP][PASSED] - Statement - PreSaveFile = new java.io.File(((pathPrefix + java.lang.Integer.toString(counter)) + .png)): null

2018-12-13 23:51:42 - [TEST_STEP][PASSED] - Statement - counter = counter + 1: null

2018-12-13 23:51:42 - [TEST_STEP][PASSED] - Statement - PreSaveFile = new java.io.File(((pathPrefix + java.lang.Integer.toString(counter)) + .png)): null

2018-12-13 23:51:42 - [TEST_STEP][PASSED] - Statement - counter = counter + 1: null

2018-12-13 23:51:42 - [TEST_STEP][PASSED] - Statement - PreSaveFile = new java.io.File(((pathPrefix + java.lang.Integer.toString(counter)) + .png)): null

2018-12-13 23:51:42 - [TEST_STEP][PASSED] - Statement - counter = counter + 1: null

2018-12-13 23:51:42 - [TEST_STEP][PASSED] - Statement - PreSaveFile = new java.io.File(((pathPrefix + java.lang.Integer.toString(counter)) + .png)): null

2018-12-13 23:51:42 - [TEST_STEP][PASSED] - Statement - counter = counter + 1: null

2018-12-13 23:51:42 - [TEST_STEP][PASSED] - Statement - PreSaveFile = new java.io.File(((pathPrefix + java.lang.Integer.toString(counter)) + .png)): null

2018-12-13 23:51:42 - [TEST_STEP][PASSED] - Statement - counter = counter + 1: null

2018-12-13 23:51:42 - [TEST_STEP][PASSED] - Statement - PreSaveFile = new java.io.File(((pathPrefix + java.lang.Integer.toString(counter)) + .png)): null

2018-12-13 23:51:42 - [TEST_STEP][PASSED] - Statement - counter = counter + 1: null

2018-12-13 23:51:42 - [TEST_STEP][PASSED] - Statement - PreSaveFile = new java.io.File(((pathPrefix + java.lang.Integer.toString(counter)) + .png)): null

2018-12-13 23:51:42 - [TEST_STEP][PASSED] - Statement - counter = counter + 1: null

2018-12-13 23:51:42 - [TEST_STEP][PASSED] - Statement - PreSaveFile = new java.io.File(((pathPrefix + java.lang.Integer.toString(counter)) + .png)): null

2018-12-13 23:51:42 - [TEST_STEP][PASSED] - Statement - counter = counter + 1: null

2018-12-13 23:51:42 - [TEST_STEP][PASSED] - Statement - PreSaveFile = new java.io.File(((pathPrefix + java.lang.Integer.toString(counter)) + .png)): null

2018-12-13 23:51:42 - [TEST_STEP][PASSED] - Statement - counter = counter + 1: null

2018-12-13 23:51:42 - [TEST_STEP][PASSED] - Statement - PreSaveFile = new java.io.File(((pathPrefix + java.lang.Integer.toString(counter)) + .png)): null

2018-12-13 23:51:42 - [TEST_STEP][PASSED] - Statement - counter = counter + 1: null

2018-12-13 23:51:42 - [TEST_STEP][PASSED] - Statement - PreSaveFile = new java.io.File(((pathPrefix + java.lang.Integer.toString(counter)) + .png)): null

2018-12-13 23:51:42 - [TEST_STEP][PASSED] - Statement - counter = counter + 1: null

2018-12-13 23:51:42 - [TEST_STEP][PASSED] - Statement - PreSaveFile = new java.io.File(((pathPrefix + java.lang.Integer.toString(counter)) + .png)): null

2018-12-13 23:51:42 - [TEST_STEP][PASSED] - Statement - counter = counter + 1: null

2018-12-13 23:51:42 - [TEST_STEP][PASSED] - Statement - PreSaveFile = new java.io.File(((pathPrefix + java.lang.Integer.toString(counter)) + .png)): null

2018-12-13 23:51:42 - [TEST_STEP][PASSED] - Statement - counter = counter + 1: null

2018-12-13 23:51:42 - [TEST_STEP][PASSED] - Statement - PreSaveFile = new java.io.File(((pathPrefix + java.lang.Integer.toString(counter)) + .png)): null

2018-12-13 23:51:42 - [TEST_STEP][PASSED] - Statement - counter = counter + 1: null

2018-12-13 23:51:42 - [TEST_STEP][PASSED] - Statement - PreSaveFile = new java.io.File(((pathPrefix + java.lang.Integer.toString(counter)) + .png)): null

2018-12-13 23:51:42 - [TEST_STEP][PASSED] - Statement - counter = counter + 1: null

2018-12-13 23:51:42 - [TEST_STEP][PASSED] - Statement - PreSaveFile = new java.io.File(((pathPrefix + java.lang.Integer.toString(counter)) + .png)): null

2018-12-13 23:51:42 - [TEST_STEP][PASSED] - Statement - counter = counter + 1: null

2018-12-13 23:51:42 - [TEST_STEP][PASSED] - Statement - PreSaveFile = new java.io.File(((pathPrefix + java.lang.Integer.toString(counter)) + .png)): null

2018-12-13 23:51:42 - [TEST_STEP][PASSED] - Statement - counter = counter + 1: null

2018-12-13 23:51:42 - [TEST_STEP][PASSED] - Statement - PreSaveFile = new java.io.File(((pathPrefix + java.lang.Integer.toString(counter)) + .png)): null

2018-12-13 23:51:42 - [TEST_STEP][PASSED] - Statement - counter = counter + 1: null

2018-12-13 23:51:42 - [TEST_STEP][PASSED] - Statement - PreSaveFile = new java.io.File(((pathPrefix + java.lang.Integer.toString(counter)) + .png)): null

2018-12-13 23:51:42 - [TEST_STEP][PASSED] - Statement - counter = counter + 1: null

2018-12-13 23:51:42 - [TEST_STEP][PASSED] - Statement - PreSaveFile = new java.io.File(((pathPrefix + java.lang.Integer.toString(counter)) + .png)): null

2018-12-13 23:51:42 - [TEST_STEP][PASSED] - Statement - counter = counter + 1: null

2018-12-13 23:51:42 - [TEST_STEP][PASSED] - Statement - PreSaveFile = new java.io.File(((pathPrefix + java.lang.Integer.toString(counter)) + .png)): null

2018-12-13 23:51:42 - [TEST_STEP][PASSED] - Statement - counter = counter + 1: null

2018-12-13 23:51:42 - [TEST_STEP][PASSED] - Statement - PreSaveFile = new java.io.File(((pathPrefix + java.lang.Integer.toString(counter)) + .png)): null

2018-12-13 23:51:42 - [TEST_STEP][PASSED] - Statement - counter = counter + 1: null

2018-12-13 23:51:42 - [TEST_STEP][PASSED] - Statement - PreSaveFile = new java.io.File(((pathPrefix + java.lang.Integer.toString(counter)) + .png)): null

2018-12-13 23:51:42 - [TEST_STEP][PASSED] - Statement - counter = counter + 1: null

2018-12-13 23:51:42 - [TEST_STEP][PASSED] - Statement - PreSaveFile = new java.io.File(((pathPrefix + java.lang.Integer.toString(counter)) + .png)): null

2018-12-13 23:51:42 - [TEST_STEP][PASSED] - Statement - counter = counter + 1: null

2018-12-13 23:51:42 - [TEST_STEP][PASSED] - Statement - PreSaveFile = new java.io.File(((pathPrefix + java.lang.Integer.toString(counter)) + .png)): null

2018-12-13 23:51:42 - [TEST_STEP][PASSED] - Statement - counter = counter + 1: null

2018-12-13 23:51:42 - [TEST_STEP][PASSED] - Statement - PreSaveFile = new java.io.File(((pathPrefix + java.lang.Integer.toString(counter)) + .png)): null

2018-12-13 23:51:42 - [TEST_STEP][PASSED] - Statement - counter = counter + 1: null

2018-12-13 23:51:42 - [TEST_STEP][PASSED] - Statement - PreSaveFile = new java.io.File(((pathPrefix + java.lang.Integer.toString(counter)) + .png)): null

2018-12-13 23:51:42 - [TEST_STEP][PASSED] - Statement - counter = counter + 1: null

2018-12-13 23:51:42 - [TEST_STEP][PASSED] - Statement - PreSaveFile = new java.io.File(((pathPrefix + java.lang.Integer.toString(counter)) + .png)): null

2018-12-13 23:51:42 - [TEST_STEP][PASSED] - Statement - counter = counter + 1: null

2018-12-13 23:51:42 - [TEST_STEP][PASSED] - Statement - PreSaveFile = new java.io.File(((pathPrefix + java.lang.Integer.toString(counter)) + .png)): null

2018-12-13 23:51:42 - [TEST_STEP][PASSED] - Statement - counter = counter + 1: null

2018-12-13 23:51:42 - [TEST_STEP][PASSED] - Statement - PreSaveFile = new java.io.File(((pathPrefix + java.lang.Integer.toString(counter)) + .png)): null

2018-12-13 23:51:42 - [TEST_STEP][PASSED] - Statement - counter = counter + 1: null

2018-12-13 23:51:42 - [TEST_STEP][PASSED] - Statement - PreSaveFile = new java.io.File(((pathPrefix + java.lang.Integer.toString(counter)) + .png)): null

2018-12-13 23:51:42 - [TEST_STEP][PASSED] - Statement - counter = counter + 1: null

2018-12-13 23:51:42 - [TEST_STEP][PASSED] - Statement - PreSaveFile = new java.io.File(((pathPrefix + java.lang.Integer.toString(counter)) + .png)): null

2018-12-13 23:51:42 - [TEST_STEP][PASSED] - Statement - counter = counter + 1: null

2018-12-13 23:51:42 - [TEST_STEP][PASSED] - Statement - PreSaveFile = new java.io.File(((pathPrefix + java.lang.Integer.toString(counter)) + .png)): null

2018-12-13 23:51:42 - [TEST_STEP][PASSED] - Statement - counter = counter + 1: null

2018-12-13 23:51:42 - [TEST_STEP][PASSED] - Statement - PreSaveFile = new java.io.File(((pathPrefix + java.lang.Integer.toString(counter)) + .png)): null

2018-12-13 23:51:42 - [TEST_STEP][PASSED] - Statement - counter = counter + 1: null

2018-12-13 23:51:42 - [TEST_STEP][PASSED] - Statement - PreSaveFile = new java.io.File(((pathPrefix + java.lang.Integer.toString(counter)) + .png)): null

2018-12-13 23:51:42 - [TEST_STEP][PASSED] - Statement - counter = counter + 1: null

2018-12-13 23:51:42 - [TEST_STEP][PASSED] - Statement - PreSaveFile = new java.io.File(((pathPrefix + java.lang.Integer.toString(counter)) + .png)): null

2018-12-13 23:51:42 - [TEST_STEP][PASSED] - Statement - counter = counter + 1: null

2018-12-13 23:51:42 - [TEST_STEP][PASSED] - Statement - PreSaveFile = new java.io.File(((pathPrefix + java.lang.Integer.toString(counter)) + .png)): null

2018-12-13 23:51:42 - [TEST_STEP][PASSED] - Statement - counter = counter + 1: null

2018-12-13 23:51:42 - [TEST_STEP][PASSED] - Statement - PreSaveFile = new java.io.File(((pathPrefix + java.lang.Integer.toString(counter)) + .png)): null

2018-12-13 23:51:42 - [TEST_STEP][PASSED] - Statement - counter = counter + 1: null

2018-12-13 23:51:42 - [TEST_STEP][PASSED] - Statement - PreSaveFile = new java.io.File(((pathPrefix + java.lang.Integer.toString(counter)) + .png)): null

2018-12-13 23:51:42 - [TEST_STEP][PASSED] - Statement - counter = counter + 1: null

2018-12-13 23:51:42 - [TEST_STEP][PASSED] - Statement - PreSaveFile = new java.io.File(((pathPrefix + java.lang.Integer.toString(counter)) + .png)): null

2018-12-13 23:51:42 - [TEST_STEP][PASSED] - Statement - counter = counter + 1: null

2018-12-13 23:51:42 - [TEST_STEP][PASSED] - Statement - PreSaveFile = new java.io.File(((pathPrefix + java.lang.Integer.toString(counter)) + .png)): null

2018-12-13 23:51:42 - [TEST_STEP][PASSED] - Statement - counter = counter + 1: null

2018-12-13 23:51:42 - [TEST_STEP][PASSED] - Statement - PreSaveFile = new java.io.File(((pathPrefix + java.lang.Integer.toString(counter)) + .png)): null

2018-12-13 23:51:42 - [TEST_STEP][PASSED] - Statement - counter = counter + 1: null

2018-12-13 23:51:42 - [TEST_STEP][PASSED] - Statement - PreSaveFile = new java.io.File(((pathPrefix + java.lang.Integer.toString(counter)) + .png)): null

2018-12-13 23:51:42 - [TEST_STEP][PASSED] - Statement - counter = counter + 1: null

2018-12-13 23:51:42 - [TEST_STEP][PASSED] - Statement - PreSaveFile = new java.io.File(((pathPrefix + java.lang.Integer.toString(counter)) + .png)): null

2018-12-13 23:51:42 - [TEST_STEP][PASSED] - Statement - counter = counter + 1: null

2018-12-13 23:51:42 - [TEST_STEP][PASSED] - Statement - PreSaveFile = new java.io.File(((pathPrefix + java.lang.Integer.toString(counter)) + .png)): null

2018-12-13 23:51:42 - [TEST_STEP][PASSED] - Statement - counter = counter + 1: null

2018-12-13 23:51:42 - [TEST_STEP][PASSED] - Statement - PreSaveFile = new java.io.File(((pathPrefix + java.lang.Integer.toString(counter)) + .png)): null

2018-12-13 23:51:42 - [TEST_STEP][PASSED] - Statement - counter = counter + 1: null

2018-12-13 23:51:42 - [TEST_STEP][PASSED] - Statement - PreSaveFile = new java.io.File(((pathPrefix + java.lang.Integer.toString(counter)) + .png)): null

2018-12-13 23:51:42 - [TEST_STEP][PASSED] - Statement - counter = counter + 1: null

2018-12-13 23:51:42 - [TEST_STEP][PASSED] - Statement - PreSaveFile = new java.io.File(((pathPrefix + java.lang.Integer.toString(counter)) + .png)): null

2018-12-13 23:51:42 - [TEST_STEP][PASSED] - Statement - counter = counter + 1: null

2018-12-13 23:51:42 - [TEST_STEP][PASSED] - Statement - PreSaveFile = new java.io.File(((pathPrefix + java.lang.Integer.toString(counter)) + .png)): null

2018-12-13 23:51:42 - [TEST_STEP][PASSED] - Statement - counter = counter + 1: null

2018-12-13 23:51:42 - [TEST_STEP][PASSED] - Statement - PreSaveFile = new java.io.File(((pathPrefix + java.lang.Integer.toString(counter)) + .png)): null

2018-12-13 23:51:42 - [TEST_STEP][PASSED] - Statement - counter = counter + 1: null

2018-12-13 23:51:42 - [TEST_STEP][PASSED] - Statement - PreSaveFile = new java.io.File(((pathPrefix + java.lang.Integer.toString(counter)) + .png)): null

2018-12-13 23:51:42 - [TEST_STEP][PASSED] - Statement - counter = counter + 1: null

2018-12-13 23:51:42 - [TEST_STEP][PASSED] - Statement - PreSaveFile = new java.io.File(((pathPrefix + java.lang.Integer.toString(counter)) + .png)): null

2018-12-13 23:51:42 - [TEST_STEP][PASSED] - Statement - counter = counter + 1: null

2018-12-13 23:51:42 - [TEST_STEP][PASSED] - Statement - PreSaveFile = new java.io.File(((pathPrefix + java.lang.Integer.toString(counter)) + .png)): null

2018-12-13 23:51:42 - [TEST_STEP][PASSED] - Statement - counter = counter + 1: null

2018-12-13 23:51:42 - [TEST_STEP][PASSED] - Statement - PreSaveFile = new java.io.File(((pathPrefix + java.lang.Integer.toString(counter)) + .png)): null

2018-12-13 23:51:42 - [TEST_STEP][PASSED] - Statement - counter = counter + 1: null

2018-12-13 23:51:42 - [TEST_STEP][PASSED] - Statement - PreSaveFile = new java.io.File(((pathPrefix + java.lang.Integer.toString(counter)) + .png)): null

2018-12-13 23:51:42 - [TEST_STEP][PASSED] - Statement - counter = counter + 1: null

2018-12-13 23:51:42 - [TEST_STEP][PASSED] - Statement - PreSaveFile = new java.io.File(((pathPrefix + java.lang.Integer.toString(counter)) + .png)): null

2018-12-13 23:51:42 - [TEST_STEP][PASSED] - Statement - counter = counter + 1: null

2018-12-13 23:51:42 - [TEST_STEP][PASSED] - Statement - PreSaveFile = new java.io.File(((pathPrefix + java.lang.Integer.toString(counter)) + .png)): null

2018-12-13 23:51:42 - [TEST_STEP][PASSED] - Statement - counter = counter + 1: null

2018-12-13 23:51:42 - [TEST_STEP][PASSED] - Statement - PreSaveFile = new java.io.File(((pathPrefix + java.lang.Integer.toString(counter)) + .png)): null

2018-12-13 23:51:42 - [TEST_STEP][PASSED] - Statement - counter = counter + 1: null

2018-12-13 23:51:42 - [TEST_STEP][PASSED] - Statement - PreSaveFile = new java.io.File(((pathPrefix + java.lang.Integer.toString(counter)) + .png)): null

2018-12-13 23:51:42 - [TEST_STEP][PASSED] - Statement - counter = counter + 1: null

2018-12-13 23:51:42 - [TEST_STEP][PASSED] - Statement - PreSaveFile = new java.io.File(((pathPrefix + java.lang.Integer.toString(counter)) + .png)): null

2018-12-13 23:51:42 - [TEST_STEP][PASSED] - Statement - counter = counter + 1: null

2018-12-13 23:51:42 - [TEST_STEP][PASSED] - Statement - PreSaveFile = new java.io.File(((pathPrefix + java.lang.Integer.toString(counter)) + .png)): null

2018-12-13 23:51:42 - [TEST_STEP][PASSED] - Statement - counter = counter + 1: null

2018-12-13 23:51:42 - [TEST_STEP][PASSED] - Statement - PreSaveFile = new java.io.File(((pathPrefix + java.lang.Integer.toString(counter)) + .png)): null

2018-12-13 23:51:42 - [TEST_STEP][PASSED] - Statement - counter = counter + 1: null

2018-12-13 23:51:42 - [TEST_STEP][PASSED] - Statement - PreSaveFile = new java.io.File(((pathPrefix + java.lang.Integer.toString(counter)) + .png)): null

2018-12-13 23:51:42 - [TEST_STEP][PASSED] - Statement - counter = counter + 1: null

2018-12-13 23:51:42 - [TEST_STEP][PASSED] - Statement - PreSaveFile = new java.io.File(((pathPrefix + java.lang.Integer.toString(counter)) + .png)): null

2018-12-13 23:51:42 - [TEST_STEP][PASSED] - Statement - counter = counter + 1: null

2018-12-13 23:51:42 - [TEST_STEP][PASSED] - Statement - PreSaveFile = new java.io.File(((pathPrefix + java.lang.Integer.toString(counter)) + .png)): null

2018-12-13 23:51:42 - [TEST_STEP][PASSED] - Statement - counter = counter + 1: null

2018-12-13 23:51:42 - [TEST_STEP][PASSED] - Statement - PreSaveFile = new java.io.File(((pathPrefix + java.lang.Integer.toString(counter)) + .png)): null

2018-12-13 23:51:42 - [TEST_STEP][PASSED] - Statement - counter = counter + 1: null

2018-12-13 23:51:42 - [TEST_STEP][PASSED] - Statement - PreSaveFile = new java.io.File(((pathPrefix + java.lang.Integer.toString(counter)) + .png)): null

2018-12-13 23:51:42 - [TEST_STEP][PASSED] - Statement - counter = counter + 1: null

2018-12-13 23:51:42 - [TEST_STEP][PASSED] - Statement - PreSaveFile = new java.io.File(((pathPrefix + java.lang.Integer.toString(counter)) + .png)): null

2018-12-13 23:51:42 - [TEST_STEP][PASSED] - Statement - counter = counter + 1: null

2018-12-13 23:51:42 - [TEST_STEP][PASSED] - Statement - PreSaveFile = new java.io.File(((pathPrefix + java.lang.Integer.toString(counter)) + .png)): null

2018-12-13 23:51:42 - [TEST_STEP][PASSED] - Statement - counter = counter + 1: null

2018-12-13 23:51:42 - [TEST_STEP][PASSED] - Statement - PreSaveFile = new java.io.File(((pathPrefix + java.lang.Integer.toString(counter)) + .png)): null

2018-12-13 23:51:42 - [TEST_STEP][PASSED] - Statement - counter = counter + 1: null

2018-12-13 23:51:42 - [TEST_STEP][PASSED] - Statement - PreSaveFile = new java.io.File(((pathPrefix + java.lang.Integer.toString(counter)) + .png)): null

2018-12-13 23:51:42 - [TEST_STEP][PASSED] - Statement - counter = counter + 1: null

2018-12-13 23:51:42 - [TEST_STEP][PASSED] - Statement - PreSaveFile = new java.io.File(((pathPrefix + java.lang.Integer.toString(counter)) + .png)): null

2018-12-13 23:51:42 - [TEST_STEP][PASSED] - Statement - counter = counter + 1: null

2018-12-13 23:51:42 - [TEST_STEP][PASSED] - Statement - PreSaveFile = new java.io.File(((pathPrefix + java.lang.Integer.toString(counter)) + .png)): null

2018-12-13 23:51:42 - [TEST_STEP][PASSED] - Statement - counter = counter + 1: null

2018-12-13 23:51:42 - [TEST_STEP][PASSED] - Statement - PreSaveFile = new java.io.File(((pathPrefix + java.lang.Integer.toString(counter)) + .png)): null

2018-12-13 23:51:42 - [TEST_STEP][PASSED] - Statement - counter = counter + 1: null

2018-12-13 23:51:42 - [TEST_STEP][PASSED] - Statement - PreSaveFile = new java.io.File(((pathPrefix + java.lang.Integer.toString(counter)) + .png)): null

2018-12-13 23:51:42 - [TEST_STEP][PASSED] - Statement - counter = counter + 1: null

2018-12-13 23:51:42 - [TEST_STEP][PASSED] - Statement - PreSaveFile = new java.io.File(((pathPrefix + java.lang.Integer.toString(counter)) + .png)): null

2018-12-13 23:51:42 - [TEST_STEP][PASSED] - Statement - counter = counter + 1: null

2018-12-13 23:51:42 - [TEST_STEP][PASSED] - Statement - PreSaveFile = new java.io.File(((pathPrefix + java.lang.Integer.toString(counter)) + .png)): null

2018-12-13 23:51:42 - [TEST_STEP][PASSED] - Statement - counter = counter + 1: null

2018-12-13 23:51:42 - [TEST_STEP][PASSED] - Statement - PreSaveFile = new java.io.File(((pathPrefix + java.lang.Integer.toString(counter)) + .png)): null

2018-12-13 23:51:42 - [TEST_STEP][PASSED] - Statement - counter = counter + 1: null

2018-12-13 23:51:42 - [TEST_STEP][PASSED] - Statement - PreSaveFile = new java.io.File(((pathPrefix + java.lang.Integer.toString(counter)) + .png)): null

2018-12-13 23:51:42 - [TEST_STEP][PASSED] - Statement - counter = counter + 1: null

2018-12-13 23:51:42 - [TEST_STEP][PASSED] - Statement - PreSaveFile = new java.io.File(((pathPrefix + java.lang.Integer.toString(counter)) + .png)): null

2018-12-13 23:51:42 - [TEST_STEP][PASSED] - Statement - counter = counter + 1: null

2018-12-13 23:51:42 - [TEST_STEP][PASSED] - Statement - PreSaveFile = new java.io.File(((pathPrefix + java.lang.Integer.toString(counter)) + .png)): null

2018-12-13 23:51:42 - [TEST_STEP][PASSED] - Statement - counter = counter + 1: null

2018-12-13 23:51:42 - [TEST_STEP][PASSED] - Statement - PreSaveFile = new java.io.File(((pathPrefix + java.lang.Integer.toString(counter)) + .png)): null

2018-12-13 23:51:42 - [TEST_STEP][PASSED] - Statement - counter = counter + 1: null

2018-12-13 23:51:42 - [TEST_STEP][PASSED] - Statement - PreSaveFile = new java.io.File(((pathPrefix + java.lang.Integer.toString(counter)) + .png)): null

2018-12-13 23:51:42 - [TEST_STEP][PASSED] - Statement - counter = counter + 1: null

2018-12-13 23:51:42 - [TEST_STEP][PASSED] - Statement - PreSaveFile = new java.io.File(((pathPrefix + java.lang.Integer.toString(counter)) + .png)): null

2018-12-13 23:51:42 - [TEST_STEP][PASSED] - Statement - counter = counter + 1: null

2018-12-13 23:51:42 - [TEST_STEP][PASSED] - Statement - PreSaveFile = new java.io.File(((pathPrefix + java.lang.Integer.toString(counter)) + .png)): null

2018-12-13 23:51:42 - [TEST_STEP][PASSED] - Statement - counter = counter + 1: null

2018-12-13 23:51:42 - [TEST_STEP][PASSED] - Statement - PreSaveFile = new java.io.File(((pathPrefix + java.lang.Integer.toString(counter)) + .png)): null

2018-12-13 23:51:42 - [TEST_STEP][PASSED] - Statement - counter = counter + 1: null

2018-12-13 23:51:42 - [TEST_STEP][PASSED] - Statement - PreSaveFile = new java.io.File(((pathPrefix + java.lang.Integer.toString(counter)) + .png)): null

2018-12-13 23:51:42 - [TEST_STEP][PASSED] - Statement - counter = counter + 1: null

2018-12-13 23:51:42 - [TEST_STEP][PASSED] - Statement - PreSaveFile = new java.io.File(((pathPrefix + java.lang.Integer.toString(counter)) + .png)): null

2018-12-13 23:51:42 - [TEST_STEP][PASSED] - Statement - counter = counter + 1: null

2018-12-13 23:51:42 - [TEST_STEP][PASSED] - Statement - PreSaveFile = new java.io.File(((pathPrefix + java.lang.Integer.toString(counter)) + .png)): null

2018-12-13 23:51:42 - [TEST_STEP][PASSED] - Statement - counter = counter + 1: null

2018-12-13 23:51:42 - [TEST_STEP][PASSED] - Statement - PreSaveFile = new java.io.File(((pathPrefix + java.lang.Integer.toString(counter)) + .png)): null

2018-12-13 23:51:42 - [TEST_STEP][PASSED] - Statement - counter = counter + 1: null

2018-12-13 23:51:42 - [TEST_STEP][PASSED] - Statement - PreSaveFile = new java.io.File(((pathPrefix + java.lang.Integer.toString(counter)) + .png)): null

2018-12-13 23:51:42 - [TEST_STEP][PASSED] - Statement - counter = counter + 1: null

2018-12-13 23:51:42 - [TEST_STEP][PASSED] - Statement - PreSaveFile = new java.io.File(((pathPrefix + java.lang.Integer.toString(counter)) + .png)): null

2018-12-13 23:51:42 - [TEST_STEP][PASSED] - Statement - counter = counter + 1: null

2018-12-13 23:51:42 - [TEST_STEP][PASSED] - Statement - PreSaveFile = new java.io.File(((pathPrefix + java.lang.Integer.toString(counter)) + .png)): null

2018-12-13 23:51:42 - [TEST_STEP][PASSED] - Statement - counter = counter + 1: null

2018-12-13 23:51:42 - [TEST_STEP][PASSED] - Statement - PreSaveFile = new java.io.File(((pathPrefix + java.lang.Integer.toString(counter)) + .png)): null

2018-12-13 23:51:42 - [TEST_STEP][PASSED] - Statement - counter = counter + 1: null

2018-12-13 23:51:42 - [TEST_STEP][PASSED] - Statement - PreSaveFile = new java.io.File(((pathPrefix + java.lang.Integer.toString(counter)) + .png)): null

2018-12-13 23:51:42 - [TEST_STEP][PASSED] - Statement - counter = counter + 1: null

2018-12-13 23:51:42 - [TEST_STEP][PASSED] - Statement - PreSaveFile = new java.io.File(((pathPrefix + java.lang.Integer.toString(counter)) + .png)): null

2018-12-13 23:51:42 - [TEST_STEP][PASSED] - Statement - counter = counter + 1: null

2018-12-13 23:51:42 - [TEST_STEP][PASSED] - Statement - PreSaveFile = new java.io.File(((pathPrefix + java.lang.Integer.toString(counter)) + .png)): null

2018-12-13 23:51:42 - [TEST_STEP][PASSED] - Statement - counter = counter + 1: null

2018-12-13 23:51:42 - [TEST_STEP][PASSED] - Statement - PreSaveFile = new java.io.File(((pathPrefix + java.lang.Integer.toString(counter)) + .png)): null

2018-12-13 23:51:42 - [TEST_STEP][PASSED] - Statement - counter = counter + 1: null

2018-12-13 23:51:42 - [TEST_STEP][PASSED] - Statement - PreSaveFile = new java.io.File(((pathPrefix + java.lang.Integer.toString(counter)) + .png)): null

2018-12-13 23:51:42 - [TEST_STEP][PASSED] - Statement - counter = counter + 1: null

2018-12-13 23:51:42 - [TEST_STEP][PASSED] - Statement - PreSaveFile = new java.io.File(((pathPrefix + java.lang.Integer.toString(counter)) + .png)): null

2018-12-13 23:51:42 - [TEST_STEP][PASSED] - Statement - counter = counter + 1: null

2018-12-13 23:51:42 - [TEST_STEP][PASSED] - Statement - PreSaveFile = new java.io.File(((pathPrefix + java.lang.Integer.toString(counter)) + .png)): null

2018-12-13 23:51:42 - [TEST_STEP][PASSED] - Statement - counter = counter + 1: null

2018-12-13 23:51:42 - [TEST_STEP][PASSED] - Statement - PreSaveFile = new java.io.File(((pathPrefix + java.lang.Integer.toString(counter)) + .png)): null

2018-12-13 23:51:42 - [TEST_STEP][PASSED] - Statement - counter = counter + 1: null

2018-12-13 23:51:42 - [TEST_STEP][PASSED] - Statement - PreSaveFile = new java.io.File(((pathPrefix + java.lang.Integer.toString(counter)) + .png)): null

2018-12-13 23:51:42 - [TEST_STEP][PASSED] - Statement - counter = counter + 1: null

2018-12-13 23:51:42 - [TEST_STEP][PASSED] - Statement - PreSaveFile = new java.io.File(((pathPrefix + java.lang.Integer.toString(counter)) + .png)): null

2018-12-13 23:51:42 - [TEST_STEP][PASSED] - Statement - counter = counter + 1: null

2018-12-13 23:51:42 - [TEST_STEP][PASSED] - Statement - PreSaveFile = new java.io.File(((pathPrefix + java.lang.Integer.toString(counter)) + .png)): null

2018-12-13 23:51:42 - [TEST_STEP][PASSED] - Statement - counter = counter + 1: null

2018-12-13 23:51:42 - [TEST_STEP][PASSED] - Statement - PreSaveFile = new java.io.File(((pathPrefix + java.lang.Integer.toString(counter)) + .png)): null

2018-12-13 23:51:42 - [TEST_STEP][PASSED] - Statement - counter = counter + 1: null

2018-12-13 23:51:42 - [TEST_STEP][PASSED] - Statement - PreSaveFile = new java.io.File(((pathPrefix + java.lang.Integer.toString(counter)) + .png)): null

2018-12-13 23:51:42 - [TEST_STEP][PASSED] - Statement - counter = counter + 1: null

2018-12-13 23:51:42 - [TEST_STEP][PASSED] - Statement - PreSaveFile = new java.io.File(((pathPrefix + java.lang.Integer.toString(counter)) + .png)): null

2018-12-13 23:51:42 - [TEST_STEP][PASSED] - Statement - counter = counter + 1: null

2018-12-13 23:51:42 - [TEST_STEP][PASSED] - Statement - PreSaveFile = new java.io.File(((pathPrefix + java.lang.Integer.toString(counter)) + .png)): null

2018-12-13 23:51:42 - [TEST_STEP][PASSED] - Statement - counter = counter + 1: null

2018-12-13 23:51:42 - [TEST_STEP][PASSED] - Statement - PreSaveFile = new java.io.File(((pathPrefix + java.lang.Integer.toString(counter)) + .png)): null

2018-12-13 23:51:42 - [TEST_STEP][PASSED] - Statement - counter = counter + 1: null

2018-12-13 23:51:42 - [TEST_STEP][PASSED] - Statement - PreSaveFile = new java.io.File(((pathPrefix + java.lang.Integer.toString(counter)) + .png)): null

2018-12-13 23:51:42 - [TEST_STEP][PASSED] - Statement - counter = counter + 1: null

2018-12-13 23:51:42 - [TEST_STEP][PASSED] - Statement - PreSaveFile = new java.io.File(((pathPrefix + java.lang.Integer.toString(counter)) + .png)): null

2018-12-13 23:51:42 - [TEST_STEP][PASSED] - Statement - counter = counter + 1: null

2018-12-13 23:51:42 - [TEST_STEP][PASSED] - Statement - PreSaveFile = new java.io.File(((pathPrefix + java.lang.Integer.toString(counter)) + .png)): null

2018-12-13 23:51:42 - [TEST_STEP][PASSED] - Statement - counter = counter + 1: null

2018-12-13 23:51:42 - [TEST_STEP][PASSED] - Statement - PreSaveFile = new java.io.File(((pathPrefix + java.lang.Integer.toString(counter)) + .png)): null

2018-12-13 23:51:42 - [TEST_STEP][PASSED] - Statement - counter = counter + 1: null

2018-12-13 23:51:42 - [TEST_STEP][PASSED] - Statement - PreSaveFile = new java.io.File(((pathPrefix + java.lang.Integer.toString(counter)) + .png)): null

2018-12-13 23:51:42 - [TEST_STEP][PASSED] - Statement - counter = counter + 1: null

2018-12-13 23:51:42 - [TEST_STEP][PASSED] - Statement - PreSaveFile = new java.io.File(((pathPrefix + java.lang.Integer.toString(counter)) + .png)): null

2018-12-13 23:51:42 - [TEST_STEP][PASSED] - Statement - counter = counter + 1: null

2018-12-13 23:51:42 - [TEST_STEP][PASSED] - Statement - PreSaveFile = new java.io.File(((pathPrefix + java.lang.Integer.toString(counter)) + .png)): null

2018-12-13 23:51:42 - [TEST_STEP][PASSED] - Statement - counter = counter + 1: null

2018-12-13 23:51:42 - [TEST_STEP][PASSED] - Statement - PreSaveFile = new java.io.File(((pathPrefix + java.lang.Integer.toString(counter)) + .png)): null

2018-12-13 23:51:42 - [TEST_STEP][PASSED] - Statement - counter = counter + 1: null

2018-12-13 23:51:42 - [TEST_STEP][PASSED] - Statement - PreSaveFile = new java.io.File(((pathPrefix + java.lang.Integer.toString(counter)) + .png)): null

2018-12-13 23:51:42 - [TEST_STEP][PASSED] - Statement - counter = counter + 1: null

2018-12-13 23:51:42 - [TEST_STEP][PASSED] - Statement - PreSaveFile = new java.io.File(((pathPrefix + java.lang.Integer.toString(counter)) + .png)): null

2018-12-13 23:51:42 - [TEST_STEP][PASSED] - Statement - counter = counter + 1: null

2018-12-13 23:51:42 - [TEST_STEP][PASSED] - Statement - PreSaveFile = new java.io.File(((pathPrefix + java.lang.Integer.toString(counter)) + .png)): null

2018-12-13 23:51:42 - [TEST_STEP][PASSED] - Statement - counter = counter + 1: null

2018-12-13 23:51:42 - [TEST_STEP][PASSED] - Statement - PreSaveFile = new java.io.File(((pathPrefix + java.lang.Integer.toString(counter)) + .png)): null

2018-12-13 23:51:42 - [TEST_STEP][PASSED] - Statement - counter = counter + 1: null

2018-12-13 23:51:42 - [TEST_STEP][PASSED] - Statement - PreSaveFile = new java.io.File(((pathPrefix + java.lang.Integer.toString(counter)) + .png)): null

2018-12-13 23:51:42 - [TEST_STEP][PASSED] - Statement - counter = counter + 1: null

2018-12-13 23:51:42 - [TEST_STEP][PASSED] - Statement - PreSaveFile = new java.io.File(((pathPrefix + java.lang.Integer.toString(counter)) + .png)): null

2018-12-13 23:51:42 - [TEST_STEP][PASSED] - Statement - counter = counter + 1: null

2018-12-13 23:51:42 - [TEST_STEP][PASSED] - Statement - PreSaveFile = new java.io.File(((pathPrefix + java.lang.Integer.toString(counter)) + .png)): null

2018-12-13 23:51:42 - [TEST_STEP][PASSED] - Statement - counter = counter + 1: null

2018-12-13 23:51:42 - [TEST_STEP][PASSED] - Statement - PreSaveFile = new java.io.File(((pathPrefix + java.lang.Integer.toString(counter)) + .png)): null

2018-12-13 23:51:42 - [TEST_STEP][PASSED] - Statement - counter = counter + 1: null

2018-12-13 23:51:42 - [TEST_STEP][PASSED] - Statement - PreSaveFile = new java.io.File(((pathPrefix + java.lang.Integer.toString(counter)) + .png)): null

2018-12-13 23:51:42 - [TEST_STEP][PASSED] - Statement - counter = counter + 1: null

2018-12-13 23:51:42 - [TEST_STEP][PASSED] - Statement - PreSaveFile = new java.io.File(((pathPrefix + java.lang.Integer.toString(counter)) + .png)): null

2018-12-13 23:51:42 - [TEST_STEP][PASSED] - Statement - counter = counter + 1: null

2018-12-13 23:51:42 - [TEST_STEP][PASSED] - Statement - PreSaveFile = new java.io.File(((pathPrefix + java.lang.Integer.toString(counter)) + .png)): null

2018-12-13 23:51:42 - [TEST_STEP][PASSED] - Statement - counter = counter + 1: null

2018-12-13 23:51:42 - [TEST_STEP][PASSED] - Statement - PreSaveFile = new java.io.File(((pathPrefix + java.lang.Integer.toString(counter)) + .png)): null

2018-12-13 23:51:42 - [TEST_STEP][PASSED] - Statement - counter = counter + 1: null

2018-12-13 23:51:42 - [TEST_STEP][PASSED] - Statement - PreSaveFile = new java.io.File(((pathPrefix + java.lang.Integer.toString(counter)) + .png)): null

2018-12-13 23:51:42 - [TEST_STEP][PASSED] - Statement - counter = counter + 1: null

2018-12-13 23:51:42 - [TEST_STEP][PASSED] - Statement - PreSaveFile = new java.io.File(((pathPrefix + java.lang.Integer.toString(counter)) + .png)): null

2018-12-13 23:51:42 - [TEST_STEP][PASSED] - Statement - counter = counter + 1: null

2018-12-13 23:51:42 - [TEST_STEP][PASSED] - Statement - PreSaveFile = new java.io.File(((pathPrefix + java.lang.Integer.toString(counter)) + .png)): null

2018-12-13 23:51:42 - [TEST_STEP][PASSED] - Statement - counter = counter + 1: null

2018-12-13 23:51:42 - [TEST_STEP][PASSED] - Statement - PreSaveFile = new java.io.File(((pathPrefix + java.lang.Integer.toString(counter)) + .png)): null

2018-12-13 23:51:42 - [TEST_STEP][PASSED] - Statement - counter = counter + 1: null

2018-12-13 23:51:42 - [TEST_STEP][PASSED] - Statement - PreSaveFile = new java.io.File(((pathPrefix + java.lang.Integer.toString(counter)) + .png)): null

2018-12-13 23:51:42 - [TEST_STEP][PASSED] - Statement - counter = counter + 1: null

2018-12-13 23:51:42 - [TEST_STEP][PASSED] - Statement - PreSaveFile = new java.io.File(((pathPrefix + java.lang.Integer.toString(counter)) + .png)): null

2018-12-13 23:51:42 - [TEST_STEP][PASSED] - Statement - counter = counter + 1: null

2018-12-13 23:51:42 - [TEST_STEP][PASSED] - Statement - PreSaveFile = new java.io.File(((pathPrefix + java.lang.Integer.toString(counter)) + .png)): null

2018-12-13 23:51:42 - [TEST_STEP][PASSED] - Statement - counter = counter + 1: null

2018-12-13 23:51:42 - [TEST_STEP][PASSED] - Statement - PreSaveFile = new java.io.File(((pathPrefix + java.lang.Integer.toString(counter)) + .png)): null

2018-12-13 23:51:42 - [TEST_STEP][PASSED] - Statement - counter = counter + 1: null

2018-12-13 23:51:42 - [TEST_STEP][PASSED] - Statement - PreSaveFile = new java.io.File(((pathPrefix + java.lang.Integer.toString(counter)) + .png)): null

2018-12-13 23:51:42 - [TEST_STEP][PASSED] - Statement - counter = counter + 1: null

2018-12-13 23:51:42 - [TEST_STEP][PASSED] - Statement - PreSaveFile = new java.io.File(((pathPrefix + java.lang.Integer.toString(counter)) + .png)): null

2018-12-13 23:51:42 - [TEST_STEP][PASSED] - Statement - counter = counter + 1: null

2018-12-13 23:51:42 - [TEST_STEP][PASSED] - Statement - PreSaveFile = new java.io.File(((pathPrefix + java.lang.Integer.toString(counter)) + .png)): null

2018-12-13 23:51:42 - [TEST_STEP][PASSED] - Statement - counter = counter + 1: null

2018-12-13 23:51:42 - [TEST_STEP][PASSED] - Statement - PreSaveFile = new java.io.File(((pathPrefix + java.lang.Integer.toString(counter)) + .png)): null

2018-12-13 23:51:42 - [TEST_STEP][PASSED] - Statement - counter = counter + 1: null

2018-12-13 23:51:42 - [TEST_STEP][PASSED] - Statement - PreSaveFile = new java.io.File(((pathPrefix + java.lang.Integer.toString(counter)) + .png)): null

2018-12-13 23:51:42 - [TEST_STEP][PASSED] - Statement - counter = counter + 1: null

2018-12-13 23:51:42 - [TEST_STEP][PASSED] - Statement - PreSaveFile = new java.io.File(((pathPrefix + java.lang.Integer.toString(counter)) + .png)): null

2018-12-13 23:51:42 - [TEST_STEP][PASSED] - Statement - counter = counter + 1: null

2018-12-13 23:51:42 - [TEST_STEP][PASSED] - Statement - PreSaveFile = new java.io.File(((pathPrefix + java.lang.Integer.toString(counter)) + .png)): null

2018-12-13 23:51:42 - [TEST_STEP][PASSED] - Statement - counter = counter + 1: null

2018-12-13 23:51:42 - [TEST_STEP][PASSED] - Statement - PreSaveFile = new java.io.File(((pathPrefix + java.lang.Integer.toString(counter)) + .png)): null

2018-12-13 23:51:42 - [TEST_STEP][PASSED] - Statement - counter = counter + 1: null

2018-12-13 23:51:42 - [TEST_STEP][PASSED] - Statement - PreSaveFile = new java.io.File(((pathPrefix + java.lang.Integer.toString(counter)) + .png)): null

2018-12-13 23:51:42 - [TEST_STEP][PASSED] - Statement - counter = counter + 1: null

2018-12-13 23:51:42 - [TEST_STEP][PASSED] - Statement - PreSaveFile = new java.io.File(((pathPrefix + java.lang.Integer.toString(counter)) + .png)): null

2018-12-13 23:51:42 - [TEST_STEP][PASSED] - Statement - counter = counter + 1: null

2018-12-13 23:51:42 - [TEST_STEP][PASSED] - Statement - PreSaveFile = new java.io.File(((pathPrefix + java.lang.Integer.toString(counter)) + .png)): null

2018-12-13 23:51:42 - [TEST_STEP][PASSED] - Statement - counter = counter + 1: null

2018-12-13 23:51:42 - [TEST_STEP][PASSED] - Statement - PreSaveFile = new java.io.File(((pathPrefix + java.lang.Integer.toString(counter)) + .png)): null

2018-12-13 23:51:42 - [TEST_STEP][PASSED] - Statement - counter = counter + 1: null

2018-12-13 23:51:42 - [TEST_STEP][PASSED] - Statement - PreSaveFile = new java.io.File(((pathPrefix + java.lang.Integer.toString(counter)) + .png)): null

2018-12-13 23:51:42 - [TEST_STEP][PASSED] - Statement - counter = counter + 1: null

2018-12-13 23:51:42 - [TEST_STEP][PASSED] - Statement - PreSaveFile = new java.io.File(((pathPrefix + java.lang.Integer.toString(counter)) + .png)): null

2018-12-13 23:51:42 - [TEST_STEP][PASSED] - Statement - counter = counter + 1: null

2018-12-13 23:51:42 - [TEST_STEP][PASSED] - Statement - PreSaveFile = new java.io.File(((pathPrefix + java.lang.Integer.toString(counter)) + .png)): null

2018-12-13 23:51:42 - [TEST_STEP][PASSED] - Statement - counter = counter + 1: null

2018-12-13 23:51:42 - [TEST_STEP][PASSED] - Statement - PreSaveFile = new java.io.File(((pathPrefix + java.lang.Integer.toString(counter)) + .png)): null

2018-12-13 23:51:42 - [TEST_STEP][PASSED] - Statement - counter = counter + 1: null

2018-12-13 23:51:42 - [TEST_STEP][PASSED] - Statement - PreSaveFile = new java.io.File(((pathPrefix + java.lang.Integer.toString(counter)) + .png)): null

2018-12-13 23:51:42 - [TEST_STEP][PASSED] - Statement - counter = counter + 1: null

2018-12-13 23:51:42 - [TEST_STEP][PASSED] - Statement - PreSaveFile = new java.io.File(((pathPrefix + java.lang.Integer.toString(counter)) + .png)): null

2018-12-13 23:51:42 - [TEST_STEP][PASSED] - Statement - counter = counter + 1: null

2018-12-13 23:51:42 - [TEST_STEP][PASSED] - Statement - PreSaveFile = new java.io.File(((pathPrefix + java.lang.Integer.toString(counter)) + .png)): null

2018-12-13 23:51:42 - [TEST_STEP][PASSED] - Statement - counter = counter + 1: null

2018-12-13 23:51:42 - [TEST_STEP][PASSED] - Statement - PreSaveFile = new java.io.File(((pathPrefix + java.lang.Integer.toString(counter)) + .png)): null

2018-12-13 23:51:42 - [TEST_STEP][PASSED] - Statement - counter = counter + 1: null

2018-12-13 23:51:42 - [TEST_STEP][PASSED] - Statement - PreSaveFile = new java.io.File(((pathPrefix + java.lang.Integer.toString(counter)) + .png)): null

2018-12-13 23:51:42 - [TEST_STEP][PASSED] - Statement - counter = counter + 1: null

2018-12-13 23:51:42 - [TEST_STEP][PASSED] - Statement - PreSaveFile = new java.io.File(((pathPrefix + java.lang.Integer.toString(counter)) + .png)): null

2018-12-13 23:51:42 - [TEST_STEP][PASSED] - Statement - counter = counter + 1: null

2018-12-13 23:51:42 - [TEST_STEP][PASSED] - Statement - PreSaveFile = new java.io.File(((pathPrefix + java.lang.Integer.toString(counter)) + .png)): null

2018-12-13 23:51:42 - [TEST_STEP][PASSED] - Statement - counter = counter + 1: null

2018-12-13 23:51:42 - [TEST_STEP][PASSED] - Statement - PreSaveFile = new java.io.File(((pathPrefix + java.lang.Integer.toString(counter)) + .png)): null

2018-12-13 23:51:42 - [TEST_STEP][PASSED] - Statement - counter = counter + 1: null

2018-12-13 23:51:42 - [TEST_STEP][PASSED] - Statement - PreSaveFile = new java.io.File(((pathPrefix + java.lang.Integer.toString(counter)) + .png)): null

2018-12-13 23:51:42 - [TEST_STEP][PASSED] - Statement - counter = counter + 1: null

2018-12-13 23:51:42 - [TEST_STEP][PASSED] - Statement - PreSaveFile = new java.io.File(((pathPrefix + java.lang.Integer.toString(counter)) + .png)): null

2018-12-13 23:51:42 - [TEST_STEP][PASSED] - Statement - counter = counter + 1: null

2018-12-13 23:51:42 - [TEST_STEP][PASSED] - Statement - PreSaveFile = new java.io.File(((pathPrefix + java.lang.Integer.toString(counter)) + .png)): null

2018-12-13 23:51:42 - [TEST_STEP][PASSED] - Statement - counter = counter + 1: null

2018-12-13 23:51:42 - [TEST_STEP][PASSED] - Statement - PreSaveFile = new java.io.File(((pathPrefix + java.lang.Integer.toString(counter)) + .png)): null

2018-12-13 23:51:42 - [TEST_STEP][PASSED] - Statement - counter = counter + 1: null

2018-12-13 23:51:42 - [TEST_STEP][PASSED] - Statement - PreSaveFile = new java.io.File(((pathPrefix + java.lang.Integer.toString(counter)) + .png)): null

2018-12-13 23:51:42 - [TEST_STEP][PASSED] - Statement - counter = counter + 1: null

2018-12-13 23:51:42 - [TEST_STEP][PASSED] - Statement - PreSaveFile = new java.io.File(((pathPrefix + java.lang.Integer.toString(counter)) + .png)): null

2018-12-13 23:51:42 - [TEST_STEP][PASSED] - Statement - counter = counter + 1: null

2018-12-13 23:51:42 - [TEST_STEP][PASSED] - Statement - PreSaveFile = new java.io.File(((pathPrefix + java.lang.Integer.toString(counter)) + .png)): null

2018-12-13 23:51:42 - [TEST_STEP][PASSED] - Statement - counter = counter + 1: null

2018-12-13 23:51:42 - [TEST_STEP][PASSED] - Statement - PreSaveFile = new java.io.File(((pathPrefix + java.lang.Integer.toString(counter)) + .png)): null

2018-12-13 23:51:42 - [TEST_STEP][PASSED] - Statement - counter = counter + 1: null

2018-12-13 23:51:42 - [TEST_STEP][PASSED] - Statement - PreSaveFile = new java.io.File(((pathPrefix + java.lang.Integer.toString(counter)) + .png)): null

2018-12-13 23:51:42 - [TEST_STEP][PASSED] - Statement - counter = counter + 1: null

2018-12-13 23:51:42 - [TEST_STEP][PASSED] - Statement - PreSaveFile = new java.io.File(((pathPrefix + java.lang.Integer.toString(counter)) + .png)): null

2018-12-13 23:51:42 - [TEST_STEP][PASSED] - Statement - counter = counter + 1: null

2018-12-13 23:51:42 - [TEST_STEP][PASSED] - Statement - PreSaveFile = new java.io.File(((pathPrefix + java.lang.Integer.toString(counter)) + .png)): null

2018-12-13 23:51:42 - [TEST_STEP][PASSED] - Statement - counter = counter + 1: null

2018-12-13 23:51:42 - [TEST_STEP][PASSED] - Statement - PreSaveFile = new java.io.File(((pathPrefix + java.lang.Integer.toString(counter)) + .png)): null

2018-12-13 23:51:42 - [TEST_STEP][PASSED] - Statement - counter = counter + 1: null

2018-12-13 23:51:42 - [TEST_STEP][PASSED] - Statement - PreSaveFile = new java.io.File(((pathPrefix + java.lang.Integer.toString(counter)) + .png)): null

2018-12-13 23:51:42 - [TEST_STEP][PASSED] - Statement - counter = counter + 1: null

2018-12-13 23:51:42 - [TEST_STEP][PASSED] - Statement - PreSaveFile = new java.io.File(((pathPrefix + java.lang.Integer.toString(counter)) + .png)): null

2018-12-13 23:51:42 - [TEST_STEP][PASSED] - Statement - counter = counter + 1: null

2018-12-13 23:51:42 - [TEST_STEP][PASSED] - Statement - PreSaveFile = new java.io.File(((pathPrefix + java.lang.Integer.toString(counter)) + .png)): null

2018-12-13 23:51:42 - [TEST_STEP][PASSED] - Statement - counter = counter + 1: null

2018-12-13 23:51:42 - [TEST_STEP][PASSED] - Statement - PreSaveFile = new java.io.File(((pathPrefix + java.lang.Integer.toString(counter)) + .png)): null

2018-12-13 23:51:43 - [TEST_STEP][PASSED] - Statement - counter = counter + 1: null

2018-12-13 23:51:43 - [TEST_STEP][PASSED] - Statement - PreSaveFile = new java.io.File(((pathPrefix + java.lang.Integer.toString(counter)) + .png)): null

2018-12-13 23:51:43 - [TEST_STEP][PASSED] - Statement - counter = counter + 1: null

2018-12-13 23:51:43 - [TEST_STEP][PASSED] - Statement - PreSaveFile = new java.io.File(((pathPrefix + java.lang.Integer.toString(counter)) + .png)): null

2018-12-13 23:51:43 - [TEST_STEP][PASSED] - Statement - counter = counter + 1: null

2018-12-13 23:51:43 - [TEST_STEP][PASSED] - Statement - PreSaveFile = new java.io.File(((pathPrefix + java.lang.Integer.toString(counter)) + .png)): null

2018-12-13 23:51:43 - [TEST_STEP][PASSED] - Statement - counter = counter + 1: null

2018-12-13 23:51:43 - [TEST_STEP][PASSED] - Statement - PreSaveFile = new java.io.File(((pathPrefix + java.lang.Integer.toString(counter)) + .png)): null

2018-12-13 23:51:43 - [TEST_STEP][PASSED] - Statement - counter = counter + 1: null

2018-12-13 23:51:43 - [TEST_STEP][PASSED] - Statement - PreSaveFile = new java.io.File(((pathPrefix + java.lang.Integer.toString(counter)) + .png)): null

2018-12-13 23:51:43 - [TEST_STEP][PASSED] - Statement - counter = counter + 1: null

2018-12-13 23:51:43 - [TEST_STEP][PASSED] - Statement - PreSaveFile = new java.io.File(((pathPrefix + java.lang.Integer.toString(counter)) + .png)): null

2018-12-13 23:51:43 - [TEST_STEP][PASSED] - Statement - counter = counter + 1: null

2018-12-13 23:51:43 - [TEST_STEP][PASSED] - Statement - PreSaveFile = new java.io.File(((pathPrefix + java.lang.Integer.toString(counter)) + .png)): null

2018-12-13 23:51:43 - [TEST_STEP][PASSED] - Statement - counter = counter + 1: null

2018-12-13 23:51:43 - [TEST_STEP][PASSED] - Statement - PreSaveFile = new java.io.File(((pathPrefix + java.lang.Integer.toString(counter)) + .png)): null

2018-12-13 23:51:43 - [TEST_STEP][PASSED] - Statement - counter = counter + 1: null

2018-12-13 23:51:43 - [TEST_STEP][PASSED] - Statement - PreSaveFile = new java.io.File(((pathPrefix + java.lang.Integer.toString(counter)) + .png)): null

2018-12-13 23:51:43 - [TEST_STEP][PASSED] - Statement - counter = counter + 1: null

2018-12-13 23:51:43 - [TEST_STEP][PASSED] - Statement - PreSaveFile = new java.io.File(((pathPrefix + java.lang.Integer.toString(counter)) + .png)): null

2018-12-13 23:51:43 - [TEST_STEP][PASSED] - Statement - counter = counter + 1: null

2018-12-13 23:51:43 - [TEST_STEP][PASSED] - Statement - PreSaveFile = new java.io.File(((pathPrefix + java.lang.Integer.toString(counter)) + .png)): null

2018-12-13 23:51:43 - [TEST_STEP][PASSED] - Statement - counter = counter + 1: null

2018-12-13 23:51:43 - [TEST_STEP][PASSED] - Statement - PreSaveFile = new java.io.File(((pathPrefix + java.lang.Integer.toString(counter)) + .png)): null

2018-12-13 23:51:43 - [TEST_STEP][PASSED] - Statement - counter = counter + 1: null

2018-12-13 23:51:43 - [TEST_STEP][PASSED] - Statement - PreSaveFile = new java.io.File(((pathPrefix + java.lang.Integer.toString(counter)) + .png)): null

2018-12-13 23:51:43 - [TEST_STEP][PASSED] - Statement - counter = counter + 1: null

2018-12-13 23:51:43 - [TEST_STEP][PASSED] - Statement - PreSaveFile = new java.io.File(((pathPrefix + java.lang.Integer.toString(counter)) + .png)): null

2018-12-13 23:51:43 - [TEST_STEP][PASSED] - Statement - counter = counter + 1: null

2018-12-13 23:51:43 - [TEST_STEP][PASSED] - Statement - PreSaveFile = new java.io.File(((pathPrefix + java.lang.Integer.toString(counter)) + .png)): null

2018-12-13 23:51:43 - [TEST_STEP][PASSED] - Statement - counter = counter + 1: null

2018-12-13 23:51:43 - [TEST_STEP][PASSED] - Statement - PreSaveFile = new java.io.File(((pathPrefix + java.lang.Integer.toString(counter)) + .png)): null

2018-12-13 23:51:43 - [TEST_STEP][PASSED] - Statement - counter = counter + 1: null

2018-12-13 23:51:43 - [TEST_STEP][PASSED] - Statement - PreSaveFile = new java.io.File(((pathPrefix + java.lang.Integer.toString(counter)) + .png)): null

2018-12-13 23:51:43 - [TEST_STEP][PASSED] - Statement - counter = counter + 1: null

2018-12-13 23:51:43 - [TEST_STEP][PASSED] - Statement - PreSaveFile = new java.io.File(((pathPrefix + java.lang.Integer.toString(counter)) + .png)): null

2018-12-13 23:51:43 - [TEST_STEP][PASSED] - Statement - counter = counter + 1: null

2018-12-13 23:51:43 - [TEST_STEP][PASSED] - Statement - PreSaveFile = new java.io.File(((pathPrefix + java.lang.Integer.toString(counter)) + .png)): null

2018-12-13 23:51:43 - [TEST_STEP][PASSED] - Statement - counter = counter + 1: null

2018-12-13 23:51:43 - [TEST_STEP][PASSED] - Statement - PreSaveFile = new java.io.File(((pathPrefix + java.lang.Integer.toString(counter)) + .png)): null

2018-12-13 23:51:43 - [TEST_STEP][PASSED] - Statement - counter = counter + 1: null

2018-12-13 23:51:43 - [TEST_STEP][PASSED] - Statement - PreSaveFile = new java.io.File(((pathPrefix + java.lang.Integer.toString(counter)) + .png)): null

2018-12-13 23:51:43 - [TEST_STEP][PASSED] - Statement - counter = counter + 1: null

2018-12-13 23:51:43 - [TEST_STEP][PASSED] - Statement - PreSaveFile = new java.io.File(((pathPrefix + java.lang.Integer.toString(counter)) + .png)): null

2018-12-13 23:51:43 - [TEST_STEP][PASSED] - Statement - counter = counter + 1: null

2018-12-13 23:51:43 - [TEST_STEP][PASSED] - Statement - PreSaveFile = new java.io.File(((pathPrefix + java.lang.Integer.toString(counter)) + .png)): null

2018-12-13 23:51:43 - [TEST_STEP][PASSED] - Statement - counter = counter + 1: null

2018-12-13 23:51:43 - [TEST_STEP][PASSED] - Statement - PreSaveFile = new java.io.File(((pathPrefix + java.lang.Integer.toString(counter)) + .png)): null

2018-12-13 23:51:43 - [TEST_STEP][PASSED] - Statement - counter = counter + 1: null

2018-12-13 23:51:43 - [TEST_STEP][PASSED] - Statement - PreSaveFile = new java.io.File(((pathPrefix + java.lang.Integer.toString(counter)) + .png)): null

2018-12-13 23:51:43 - [TEST_STEP][PASSED] - Statement - counter = counter + 1: null

2018-12-13 23:51:43 - [TEST_STEP][PASSED] - Statement - PreSaveFile = new java.io.File(((pathPrefix + java.lang.Integer.toString(counter)) + .png)): null

2018-12-13 23:51:43 - [TEST_STEP][PASSED] - Statement - counter = counter + 1: null

2018-12-13 23:51:43 - [TEST_STEP][PASSED] - Statement - PreSaveFile = new java.io.File(((pathPrefix + java.lang.Integer.toString(counter)) + .png)): null

2018-12-13 23:51:43 - [TEST_STEP][PASSED] - Statement - counter = counter + 1: null

2018-12-13 23:51:43 - [TEST_STEP][PASSED] - Statement - PreSaveFile = new java.io.File(((pathPrefix + java.lang.Integer.toString(counter)) + .png)): null

2018-12-13 23:51:43 - [TEST_STEP][PASSED] - Statement - counter = counter + 1: null

2018-12-13 23:51:43 - [TEST_STEP][PASSED] - Statement - PreSaveFile = new java.io.File(((pathPrefix + java.lang.Integer.toString(counter)) + .png)): null

2018-12-13 23:51:43 - [TEST_STEP][PASSED] - Statement - counter = counter + 1: null

2018-12-13 23:51:43 - [TEST_STEP][PASSED] - Statement - PreSaveFile = new java.io.File(((pathPrefix + java.lang.Integer.toString(counter)) + .png)): null

2018-12-13 23:51:43 - [TEST_STEP][PASSED] - Statement - counter = counter + 1: null

2018-12-13 23:51:43 - [TEST_STEP][PASSED] - Statement - PreSaveFile = new java.io.File(((pathPrefix + java.lang.Integer.toString(counter)) + .png)): null

2018-12-13 23:51:43 - [TEST_STEP][PASSED] - Statement - counter = counter + 1: null

2018-12-13 23:51:43 - [TEST_STEP][PASSED] - Statement - PreSaveFile = new java.io.File(((pathPrefix + java.lang.Integer.toString(counter)) + .png)): null

2018-12-13 23:51:43 - [TEST_STEP][PASSED] - Statement - counter = counter + 1: null

2018-12-13 23:51:43 - [TEST_STEP][PASSED] - Statement - PreSaveFile = new java.io.File(((pathPrefix + java.lang.Integer.toString(counter)) + .png)): null

2018-12-13 23:51:43 - [TEST_STEP][PASSED] - Statement - counter = counter + 1: null

2018-12-13 23:51:43 - [TEST_STEP][PASSED] - Statement - PreSaveFile = new java.io.File(((pathPrefix + java.lang.Integer.toString(counter)) + .png)): null

2018-12-13 23:51:43 - [TEST_STEP][PASSED] - Statement - counter = counter + 1: null

2018-12-13 23:51:43 - [TEST_STEP][PASSED] - Statement - PreSaveFile = new java.io.File(((pathPrefix + java.lang.Integer.toString(counter)) + .png)): null

2018-12-13 23:51:43 - [TEST_STEP][PASSED] - Statement - counter = counter + 1: null

2018-12-13 23:51:43 - [TEST_STEP][PASSED] - Statement - PreSaveFile = new java.io.File(((pathPrefix + java.lang.Integer.toString(counter)) + .png)): null

2018-12-13 23:51:43 - [TEST_STEP][PASSED] - Statement - counter = counter + 1: null

2018-12-13 23:51:43 - [TEST_STEP][PASSED] - Statement - PreSaveFile = new java.io.File(((pathPrefix + java.lang.Integer.toString(counter)) + .png)): null

2018-12-13 23:51:43 - [TEST_STEP][PASSED] - Statement - counter = counter + 1: null

2018-12-13 23:51:43 - [TEST_STEP][PASSED] - Statement - PreSaveFile = new java.io.File(((pathPrefix + java.lang.Integer.toString(counter)) + .png)): null

2018-12-13 23:51:43 - [TEST_STEP][PASSED] - Statement - counter = counter + 1: null

2018-12-13 23:51:43 - [TEST_STEP][PASSED] - Statement - PreSaveFile = new java.io.File(((pathPrefix + java.lang.Integer.toString(counter)) + .png)): null

2018-12-13 23:51:43 - [TEST_STEP][PASSED] - Statement - counter = counter + 1: null

2018-12-13 23:51:43 - [TEST_STEP][PASSED] - Statement - PreSaveFile = new java.io.File(((pathPrefix + java.lang.Integer.toString(counter)) + .png)): null

2018-12-13 23:51:43 - [TEST_STEP][PASSED] - Statement - counter = counter + 1: null

2018-12-13 23:51:43 - [TEST_STEP][PASSED] - Statement - PreSaveFile = new java.io.File(((pathPrefix + java.lang.Integer.toString(counter)) + .png)): null

2018-12-13 23:51:43 - [TEST_STEP][PASSED] - Statement - counter = counter + 1: null

2018-12-13 23:51:43 - [TEST_STEP][PASSED] - Statement - PreSaveFile = new java.io.File(((pathPrefix + java.lang.Integer.toString(counter)) + .png)): null

2018-12-13 23:51:43 - [TEST_STEP][PASSED] - Statement - counter = counter + 1: null

2018-12-13 23:51:43 - [TEST_STEP][PASSED] - Statement - PreSaveFile = new java.io.File(((pathPrefix + java.lang.Integer.toString(counter)) + .png)): null

2018-12-13 23:51:43 - [TEST_STEP][PASSED] - Statement - counter = counter + 1: null

2018-12-13 23:51:43 - [TEST_STEP][PASSED] - Statement - PreSaveFile = new java.io.File(((pathPrefix + java.lang.Integer.toString(counter)) + .png)): null

2018-12-13 23:51:43 - [TEST_STEP][PASSED] - Statement - counter = counter + 1: null

2018-12-13 23:51:43 - [TEST_STEP][PASSED] - Statement - PreSaveFile = new java.io.File(((pathPrefix + java.lang.Integer.toString(counter)) + .png)): null

2018-12-13 23:51:43 - [TEST_STEP][PASSED] - Statement - counter = counter + 1: null

2018-12-13 23:51:43 - [TEST_STEP][PASSED] - Statement - PreSaveFile = new java.io.File(((pathPrefix + java.lang.Integer.toString(counter)) + .png)): null

2018-12-13 23:51:43 - [TEST_STEP][PASSED] - Statement - counter = counter + 1: null

2018-12-13 23:51:43 - [TEST_STEP][PASSED] - Statement - PreSaveFile = new java.io.File(((pathPrefix + java.lang.Integer.toString(counter)) + .png)): null

2018-12-13 23:51:43 - [TEST_STEP][PASSED] - Statement - counter = counter + 1: null

2018-12-13 23:51:43 - [TEST_STEP][PASSED] - Statement - PreSaveFile = new java.io.File(((pathPrefix + java.lang.Integer.toString(counter)) + .png)): null

2018-12-13 23:51:43 - [TEST_STEP][PASSED] - Statement - counter = counter + 1: null

2018-12-13 23:51:43 - [TEST_STEP][PASSED] - Statement - PreSaveFile = new java.io.File(((pathPrefix + java.lang.Integer.toString(counter)) + .png)): null

2018-12-13 23:51:43 - [TEST_STEP][PASSED] - Statement - counter = counter + 1: null

2018-12-13 23:51:43 - [TEST_STEP][PASSED] - Statement - PreSaveFile = new java.io.File(((pathPrefix + java.lang.Integer.toString(counter)) + .png)): null

2018-12-13 23:51:43 - [TEST_STEP][PASSED] - Statement - counter = counter + 1: null

2018-12-13 23:51:43 - [TEST_STEP][PASSED] - Statement - PreSaveFile = new java.io.File(((pathPrefix + java.lang.Integer.toString(counter)) + .png)): null

2018-12-13 23:51:43 - [TEST_STEP][PASSED] - Statement - counter = counter + 1: null

2018-12-13 23:51:43 - [TEST_STEP][PASSED] - Statement - PreSaveFile = new java.io.File(((pathPrefix + java.lang.Integer.toString(counter)) + .png)): null

2018-12-13 23:51:43 - [TEST_STEP][PASSED] - Statement - counter = counter + 1: null

2018-12-13 23:51:43 - [TEST_STEP][PASSED] - Statement - PreSaveFile = new java.io.File(((pathPrefix + java.lang.Integer.toString(counter)) + .png)): null

2018-12-13 23:51:43 - [TEST_STEP][PASSED] - Statement - counter = counter + 1: null

2018-12-13 23:51:43 - [TEST_STEP][PASSED] - Statement - PreSaveFile = new java.io.File(((pathPrefix + java.lang.Integer.toString(counter)) + .png)): null

2018-12-13 23:51:43 - [TEST_STEP][PASSED] - Statement - counter = counter + 1: null

2018-12-13 23:51:43 - [TEST_STEP][PASSED] - Statement - PreSaveFile = new java.io.File(((pathPrefix + java.lang.Integer.toString(counter)) + .png)): null

2018-12-13 23:51:43 - [TEST_STEP][PASSED] - Statement - counter = counter + 1: null

2018-12-13 23:51:43 - [TEST_STEP][PASSED] - Statement - PreSaveFile = new java.io.File(((pathPrefix + java.lang.Integer.toString(counter)) + .png)): null

2018-12-13 23:51:43 - [TEST_STEP][PASSED] - Statement - counter = counter + 1: null

2018-12-13 23:51:43 - [TEST_STEP][PASSED] - Statement - PreSaveFile = new java.io.File(((pathPrefix + java.lang.Integer.toString(counter)) + .png)): null

2018-12-13 23:51:43 - [TEST_STEP][PASSED] - Statement - counter = counter + 1: null

2018-12-13 23:51:43 - [TEST_STEP][PASSED] - Statement - PreSaveFile = new java.io.File(((pathPrefix + java.lang.Integer.toString(counter)) + .png)): null

2018-12-13 23:51:43 - [TEST_STEP][PASSED] - Statement - counter = counter + 1: null

2018-12-13 23:51:43 - [TEST_STEP][PASSED] - Statement - PreSaveFile = new java.io.File(((pathPrefix + java.lang.Integer.toString(counter)) + .png)): null

2018-12-13 23:51:43 - [TEST_STEP][PASSED] - Statement - counter = counter + 1: null

2018-12-13 23:51:43 - [TEST_STEP][PASSED] - Statement - PreSaveFile = new java.io.File(((pathPrefix + java.lang.Integer.toString(counter)) + .png)): null

2018-12-13 23:51:43 - [TEST_STEP][PASSED] - Statement - counter = counter + 1: null

2018-12-13 23:51:43 - [TEST_STEP][PASSED] - Statement - PreSaveFile = new java.io.File(((pathPrefix + java.lang.Integer.toString(counter)) + .png)): null

2018-12-13 23:51:43 - [TEST_STEP][PASSED] - Statement - counter = counter + 1: null

2018-12-13 23:51:43 - [TEST_STEP][PASSED] - Statement - PreSaveFile = new java.io.File(((pathPrefix + java.lang.Integer.toString(counter)) + .png)): null

2018-12-13 23:51:43 - [TEST_STEP][PASSED] - Statement - counter = counter + 1: null

2018-12-13 23:51:43 - [TEST_STEP][PASSED] - Statement - PreSaveFile = new java.io.File(((pathPrefix + java.lang.Integer.toString(counter)) + .png)): null

2018-12-13 23:51:43 - [TEST_STEP][PASSED] - Statement - counter = counter + 1: null

2018-12-13 23:51:43 - [TEST_STEP][PASSED] - Statement - PreSaveFile = new java.io.File(((pathPrefix + java.lang.Integer.toString(counter)) + .png)): null

2018-12-13 23:51:43 - [TEST_STEP][PASSED] - Statement - counter = counter + 1: null

2018-12-13 23:51:43 - [TEST_STEP][PASSED] - Statement - PreSaveFile = new java.io.File(((pathPrefix + java.lang.Integer.toString(counter)) + .png)): null

2018-12-13 23:51:43 - [TEST_STEP][PASSED] - Statement - counter = counter + 1: null

2018-12-13 23:51:43 - [TEST_STEP][PASSED] - Statement - PreSaveFile = new java.io.File(((pathPrefix + java.lang.Integer.toString(counter)) + .png)): null

2018-12-13 23:51:43 - [TEST_STEP][PASSED] - Statement - counter = counter + 1: null

2018-12-13 23:51:43 - [TEST_STEP][PASSED] - Statement - PreSaveFile = new java.io.File(((pathPrefix + java.lang.Integer.toString(counter)) + .png)): null

2018-12-13 23:51:43 - [TEST_STEP][PASSED] - Statement - counter = counter + 1: null

2018-12-13 23:51:43 - [TEST_STEP][PASSED] - Statement - PreSaveFile = new java.io.File(((pathPrefix + java.lang.Integer.toString(counter)) + .png)): null

2018-12-13 23:51:43 - [TEST_STEP][PASSED] - Statement - counter = counter + 1: null

2018-12-13 23:51:43 - [TEST_STEP][PASSED] - Statement - PreSaveFile = new java.io.File(((pathPrefix + java.lang.Integer.toString(counter)) + .png)): null

2018-12-13 23:51:43 - [TEST_STEP][PASSED] - Statement - counter = counter + 1: null

2018-12-13 23:51:43 - [TEST_STEP][PASSED] - Statement - PreSaveFile = new java.io.File(((pathPrefix + java.lang.Integer.toString(counter)) + .png)): null

2018-12-13 23:51:43 - [TEST_STEP][PASSED] - Statement - counter = counter + 1: null

2018-12-13 23:51:43 - [TEST_STEP][PASSED] - Statement - PreSaveFile = new java.io.File(((pathPrefix + java.lang.Integer.toString(counter)) + .png)): null

2018-12-13 23:51:43 - [TEST_STEP][PASSED] - Statement - counter = counter + 1: null

2018-12-13 23:51:43 - [TEST_STEP][PASSED] - Statement - PreSaveFile = new java.io.File(((pathPrefix + java.lang.Integer.toString(counter)) + .png)): null

2018-12-13 23:51:43 - [TEST_STEP][PASSED] - Statement - counter = counter + 1: null

2018-12-13 23:51:43 - [TEST_STEP][PASSED] - Statement - PreSaveFile = new java.io.File(((pathPrefix + java.lang.Integer.toString(counter)) + .png)): null

2018-12-13 23:51:43 - [TEST_STEP][PASSED] - Statement - counter = counter + 1: null

2018-12-13 23:51:43 - [TEST_STEP][PASSED] - Statement - PreSaveFile = new java.io.File(((pathPrefix + java.lang.Integer.toString(counter)) + .png)): null

2018-12-13 23:51:43 - [TEST_STEP][PASSED] - Statement - counter = counter + 1: null

2018-12-13 23:51:43 - [TEST_STEP][PASSED] - Statement - PreSaveFile = new java.io.File(((pathPrefix + java.lang.Integer.toString(counter)) + .png)): null

2018-12-13 23:51:43 - [TEST_STEP][PASSED] - Statement - counter = counter + 1: null

2018-12-13 23:51:43 - [TEST_STEP][PASSED] - Statement - PreSaveFile = new java.io.File(((pathPrefix + java.lang.Integer.toString(counter)) + .png)): null

2018-12-13 23:51:43 - [TEST_STEP][PASSED] - Statement - counter = counter + 1: null

2018-12-13 23:51:43 - [TEST_STEP][PASSED] - Statement - PreSaveFile = new java.io.File(((pathPrefix + java.lang.Integer.toString(counter)) + .png)): null

2018-12-13 23:51:43 - [TEST_STEP][PASSED] - Statement - counter = counter + 1: null

2018-12-13 23:51:43 - [TEST_STEP][PASSED] - Statement - PreSaveFile = new java.io.File(((pathPrefix + java.lang.Integer.toString(counter)) + .png)): null

2018-12-13 23:51:43 - [TEST_STEP][PASSED] - Statement - counter = counter + 1: null

2018-12-13 23:51:43 - [TEST_STEP][PASSED] - Statement - PreSaveFile = new java.io.File(((pathPrefix + java.lang.Integer.toString(counter)) + .png)): null

2018-12-13 23:51:43 - [TEST_STEP][PASSED] - Statement - counter = counter + 1: null

2018-12-13 23:51:43 - [TEST_STEP][PASSED] - Statement - PreSaveFile = new java.io.File(((pathPrefix + java.lang.Integer.toString(counter)) + .png)): null

2018-12-13 23:51:43 - [TEST_STEP][PASSED] - Statement - counter = counter + 1: null

2018-12-13 23:51:43 - [TEST_STEP][PASSED] - Statement - PreSaveFile = new java.io.File(((pathPrefix + java.lang.Integer.toString(counter)) + .png)): null

2018-12-13 23:51:43 - [TEST_STEP][PASSED] - Statement - counter = counter + 1: null

2018-12-13 23:51:43 - [TEST_STEP][PASSED] - Statement - PreSaveFile = new java.io.File(((pathPrefix + java.lang.Integer.toString(counter)) + .png)): null

2018-12-13 23:51:43 - [TEST_STEP][PASSED] - Statement - counter = counter + 1: null

2018-12-13 23:51:43 - [TEST_STEP][PASSED] - Statement - PreSaveFile = new java.io.File(((pathPrefix + java.lang.Integer.toString(counter)) + .png)): null

2018-12-13 23:51:43 - [TEST_STEP][PASSED] - Statement - counter = counter + 1: null

2018-12-13 23:51:43 - [TEST_STEP][PASSED] - Statement - PreSaveFile = new java.io.File(((pathPrefix + java.lang.Integer.toString(counter)) + .png)): null

2018-12-13 23:51:43 - [TEST_STEP][PASSED] - Statement - counter = counter + 1: null

2018-12-13 23:51:43 - [TEST_STEP][PASSED] - Statement - PreSaveFile = new java.io.File(((pathPrefix + java.lang.Integer.toString(counter)) + .png)): null

2018-12-13 23:51:43 - [TEST_STEP][PASSED] - Statement - counter = counter + 1: null

2018-12-13 23:51:43 - [TEST_STEP][PASSED] - Statement - PreSaveFile = new java.io.File(((pathPrefix + java.lang.Integer.toString(counter)) + .png)): null

2018-12-13 23:51:43 - [TEST_STEP][PASSED] - Statement - counter = counter + 1: null

2018-12-13 23:51:43 - [TEST_STEP][PASSED] - Statement - PreSaveFile = new java.io.File(((pathPrefix + java.lang.Integer.toString(counter)) + .png)): null

2018-12-13 23:51:43 - [TEST_STEP][PASSED] - Statement - counter = counter + 1: null

2018-12-13 23:51:43 - [TEST_STEP][PASSED] - Statement - PreSaveFile = new java.io.File(((pathPrefix + java.lang.Integer.toString(counter)) + .png)): null

2018-12-13 23:51:43 - [TEST_STEP][PASSED] - Statement - counter = counter + 1: null

2018-12-13 23:51:43 - [TEST_STEP][PASSED] - Statement - PreSaveFile = new java.io.File(((pathPrefix + java.lang.Integer.toString(counter)) + .png)): null

2018-12-13 23:51:43 - [TEST_STEP][PASSED] - Statement - counter = counter + 1: null

2018-12-13 23:51:43 - [TEST_STEP][PASSED] - Statement - PreSaveFile = new java.io.File(((pathPrefix + java.lang.Integer.toString(counter)) + .png)): null

2018-12-13 23:51:43 - [TEST_STEP][PASSED] - Statement - counter = counter + 1: null

2018-12-13 23:51:43 - [TEST_STEP][PASSED] - Statement - PreSaveFile = new java.io.File(((pathPrefix + java.lang.Integer.toString(counter)) + .png)): null

2018-12-13 23:51:43 - [TEST_STEP][PASSED] - Statement - counter = counter + 1: null

2018-12-13 23:51:43 - [TEST_STEP][PASSED] - Statement - PreSaveFile = new java.io.File(((pathPrefix + java.lang.Integer.toString(counter)) + .png)): null

2018-12-13 23:51:43 - [TEST_STEP][PASSED] - Statement - counter = counter + 1: null

2018-12-13 23:51:43 - [TEST_STEP][PASSED] - Statement - PreSaveFile = new java.io.File(((pathPrefix + java.lang.Integer.toString(counter)) + .png)): null

2018-12-13 23:51:43 - [TEST_STEP][PASSED] - Statement - counter = counter + 1: null

2018-12-13 23:51:43 - [TEST_STEP][PASSED] - Statement - PreSaveFile = new java.io.File(((pathPrefix + java.lang.Integer.toString(counter)) + .png)): null

2018-12-13 23:51:43 - [TEST_STEP][PASSED] - Statement - counter = counter + 1: null

2018-12-13 23:51:43 - [TEST_STEP][PASSED] - Statement - PreSaveFile = new java.io.File(((pathPrefix + java.lang.Integer.toString(counter)) + .png)): null

2018-12-13 23:51:43 - [TEST_STEP][PASSED] - Statement - counter = counter + 1: null

2018-12-13 23:51:43 - [TEST_STEP][PASSED] - Statement - PreSaveFile = new java.io.File(((pathPrefix + java.lang.Integer.toString(counter)) + .png)): null

2018-12-13 23:51:43 - [TEST_STEP][PASSED] - Statement - counter = counter + 1: null

2018-12-13 23:51:43 - [TEST_STEP][PASSED] - Statement - PreSaveFile = new java.io.File(((pathPrefix + java.lang.Integer.toString(counter)) + .png)): null

2018-12-13 23:51:43 - [TEST_STEP][PASSED] - Statement - counter = counter + 1: null

2018-12-13 23:51:43 - [TEST_STEP][PASSED] - Statement - PreSaveFile = new java.io.File(((pathPrefix + java.lang.Integer.toString(counter)) + .png)): null

2018-12-13 23:51:43 - [TEST_STEP][PASSED] - Statement - counter = counter + 1: null

2018-12-13 23:51:43 - [TEST_STEP][PASSED] - Statement - PreSaveFile = new java.io.File(((pathPrefix + java.lang.Integer.toString(counter)) + .png)): null

2018-12-13 23:51:43 - [TEST_STEP][PASSED] - Statement - counter = counter + 1: null

2018-12-13 23:51:43 - [TEST_STEP][PASSED] - Statement - PreSaveFile = new java.io.File(((pathPrefix + java.lang.Integer.toString(counter)) + .png)): null

2018-12-13 23:51:43 - [TEST_STEP][PASSED] - Statement - counter = counter + 1: null

2018-12-13 23:51:43 - [TEST_STEP][PASSED] - Statement - PreSaveFile = new java.io.File(((pathPrefix + java.lang.Integer.toString(counter)) + .png)): null

2018-12-13 23:51:43 - [TEST_STEP][PASSED] - Statement - counter = counter + 1: null

2018-12-13 23:51:43 - [TEST_STEP][PASSED] - Statement - PreSaveFile = new java.io.File(((pathPrefix + java.lang.Integer.toString(counter)) + .png)): null

2018-12-13 23:51:43 - [TEST_STEP][PASSED] - Statement - counter = counter + 1: null

2018-12-13 23:51:43 - [TEST_STEP][PASSED] - Statement - PreSaveFile = new java.io.File(((pathPrefix + java.lang.Integer.toString(counter)) + .png)): null

2018-12-13 23:51:43 - [TEST_STEP][PASSED] - Statement - counter = counter + 1: null

2018-12-13 23:51:43 - [TEST_STEP][PASSED] - Statement - PreSaveFile = new java.io.File(((pathPrefix + java.lang.Integer.toString(counter)) + .png)): null

2018-12-13 23:51:43 - [TEST_STEP][PASSED] - Statement - counter = counter + 1: null

2018-12-13 23:51:43 - [TEST_STEP][PASSED] - Statement - PreSaveFile = new java.io.File(((pathPrefix + java.lang.Integer.toString(counter)) + .png)): null

2018-12-13 23:51:43 - [TEST_STEP][PASSED] - Statement - counter = counter + 1: null

2018-12-13 23:51:43 - [TEST_STEP][PASSED] - Statement - PreSaveFile = new java.io.File(((pathPrefix + java.lang.Integer.toString(counter)) + .png)): null

2018-12-13 23:51:43 - [TEST_STEP][PASSED] - Statement - counter = counter + 1: null

2018-12-13 23:51:43 - [TEST_STEP][PASSED] - Statement - PreSaveFile = new java.io.File(((pathPrefix + java.lang.Integer.toString(counter)) + .png)): null

2018-12-13 23:51:43 - [TEST_STEP][PASSED] - Statement - counter = counter + 1: null

2018-12-13 23:51:43 - [TEST_STEP][PASSED] - Statement - PreSaveFile = new java.io.File(((pathPrefix + java.lang.Integer.toString(counter)) + .png)): null

2018-12-13 23:51:43 - [TEST_STEP][PASSED] - Statement - counter = counter + 1: null

2018-12-13 23:51:43 - [TEST_STEP][PASSED] - Statement - PreSaveFile = new java.io.File(((pathPrefix + java.lang.Integer.toString(counter)) + .png)): null

2018-12-13 23:51:43 - [TEST_STEP][PASSED] - Statement - counter = counter + 1: null

2018-12-13 23:51:43 - [TEST_STEP][PASSED] - Statement - PreSaveFile = new java.io.File(((pathPrefix + java.lang.Integer.toString(counter)) + .png)): null

2018-12-13 23:51:43 - [TEST_STEP][PASSED] - Statement - counter = counter + 1: null

2018-12-13 23:51:43 - [TEST_STEP][PASSED] - Statement - PreSaveFile = new java.io.File(((pathPrefix + java.lang.Integer.toString(counter)) + .png)): null

2018-12-13 23:51:43 - [TEST_STEP][PASSED] - Statement - counter = counter + 1: null

2018-12-13 23:51:43 - [TEST_STEP][PASSED] - Statement - PreSaveFile = new java.io.File(((pathPrefix + java.lang.Integer.toString(counter)) + .png)): null

2018-12-13 23:51:43 - [TEST_STEP][PASSED] - Statement - counter = counter + 1: null

2018-12-13 23:51:43 - [TEST_STEP][PASSED] - Statement - PreSaveFile = new java.io.File(((pathPrefix + java.lang.Integer.toString(counter)) + .png)): null

2018-12-13 23:51:43 - [TEST_STEP][PASSED] - Statement - counter = counter + 1: null

2018-12-13 23:51:43 - [TEST_STEP][PASSED] - Statement - PreSaveFile = new java.io.File(((pathPrefix + java.lang.Integer.toString(counter)) + .png)): null

2018-12-13 23:51:43 - [TEST_STEP][PASSED] - Statement - counter = counter + 1: null

2018-12-13 23:51:43 - [TEST_STEP][PASSED] - Statement - PreSaveFile = new java.io.File(((pathPrefix + java.lang.Integer.toString(counter)) + .png)): null

2018-12-13 23:51:43 - [TEST_STEP][PASSED] - Statement - counter = counter + 1: null

2018-12-13 23:51:43 - [TEST_STEP][PASSED] - Statement - PreSaveFile = new java.io.File(((pathPrefix + java.lang.Integer.toString(counter)) + .png)): null

2018-12-13 23:51:43 - [TEST_STEP][PASSED] - Statement - counter = counter + 1: null

2018-12-13 23:51:43 - [TEST_STEP][PASSED] - Statement - PreSaveFile = new java.io.File(((pathPrefix + java.lang.Integer.toString(counter)) + .png)): null

2018-12-13 23:51:43 - [TEST_STEP][PASSED] - Statement - counter = counter + 1: null

2018-12-13 23:51:43 - [TEST_STEP][PASSED] - Statement - PreSaveFile = new java.io.File(((pathPrefix + java.lang.Integer.toString(counter)) + .png)): null

2018-12-13 23:51:43 - [TEST_STEP][PASSED] - Statement - counter = counter + 1: null

2018-12-13 23:51:43 - [TEST_STEP][PASSED] - Statement - PreSaveFile = new java.io.File(((pathPrefix + java.lang.Integer.toString(counter)) + .png)): null

2018-12-13 23:51:43 - [TEST_STEP][PASSED] - Statement - counter = counter + 1: null

2018-12-13 23:51:43 - [TEST_STEP][PASSED] - Statement - PreSaveFile = new java.io.File(((pathPrefix + java.lang.Integer.toString(counter)) + .png)): null

2018-12-13 23:51:43 - [TEST_STEP][PASSED] - Statement - counter = counter + 1: null

2018-12-13 23:51:43 - [TEST_STEP][PASSED] - Statement - PreSaveFile = new java.io.File(((pathPrefix + java.lang.Integer.toString(counter)) + .png)): null

2018-12-13 23:51:43 - [TEST_STEP][PASSED] - Statement - counter = counter + 1: null

2018-12-13 23:51:43 - [TEST_STEP][PASSED] - Statement - PreSaveFile = new java.io.File(((pathPrefix + java.lang.Integer.toString(counter)) + .png)): null

2018-12-13 23:51:43 - [TEST_STEP][PASSED] - Statement - counter = counter + 1: null

2018-12-13 23:51:43 - [TEST_STEP][PASSED] - Statement - PreSaveFile = new java.io.File(((pathPrefix + java.lang.Integer.toString(counter)) + .png)): null

2018-12-13 23:51:43 - [TEST_STEP][PASSED] - Statement - counter = counter + 1: null

2018-12-13 23:51:43 - [TEST_STEP][PASSED] - Statement - PreSaveFile = new java.io.File(((pathPrefix + java.lang.Integer.toString(counter)) + .png)): null

2018-12-13 23:51:43 - [TEST_STEP][PASSED] - Statement - counter = counter + 1: null

2018-12-13 23:51:43 - [TEST_STEP][PASSED] - Statement - PreSaveFile = new java.io.File(((pathPrefix + java.lang.Integer.toString(counter)) + .png)): null

2018-12-13 23:51:43 - [TEST_STEP][PASSED] - Statement - counter = counter + 1: null

2018-12-13 23:51:43 - [TEST_STEP][PASSED] - Statement - PreSaveFile = new java.io.File(((pathPrefix + java.lang.Integer.toString(counter)) + .png)): null

2018-12-13 23:51:43 - [TEST_STEP][PASSED] - Statement - counter = counter + 1: null

2018-12-13 23:51:43 - [TEST_STEP][PASSED] - Statement - PreSaveFile = new java.io.File(((pathPrefix + java.lang.Integer.toString(counter)) + .png)): null

2018-12-13 23:51:43 - [TEST_STEP][PASSED] - Statement - counter = counter + 1: null

2018-12-13 23:51:43 - [TEST_STEP][PASSED] - Statement - PreSaveFile = new java.io.File(((pathPrefix + java.lang.Integer.toString(counter)) + .png)): null

2018-12-13 23:51:43 - [TEST_STEP][PASSED] - Statement - counter = counter + 1: null

2018-12-13 23:51:43 - [TEST_STEP][PASSED] - Statement - PreSaveFile = new java.io.File(((pathPrefix + java.lang.Integer.toString(counter)) + .png)): null

2018-12-13 23:51:43 - [TEST_STEP][PASSED] - Statement - counter = counter + 1: null

2018-12-13 23:51:43 - [TEST_STEP][PASSED] - Statement - PreSaveFile = new java.io.File(((pathPrefix + java.lang.Integer.toString(counter)) + .png)): null

2018-12-13 23:51:43 - [TEST_STEP][PASSED] - Statement - counter = counter + 1: null

2018-12-13 23:51:43 - [TEST_STEP][PASSED] - Statement - PreSaveFile = new java.io.File(((pathPrefix + java.lang.Integer.toString(counter)) + .png)): null

2018-12-13 23:51:43 - [TEST_STEP][PASSED] - Statement - counter = counter + 1: null

2018-12-13 23:51:43 - [TEST_STEP][PASSED] - Statement - PreSaveFile = new java.io.File(((pathPrefix + java.lang.Integer.toString(counter)) + .png)): null

2018-12-13 23:51:43 - [TEST_STEP][PASSED] - Statement - counter = counter + 1: null

2018-12-13 23:51:43 - [TEST_STEP][PASSED] - Statement - PreSaveFile = new java.io.File(((pathPrefix + java.lang.Integer.toString(counter)) + .png)): null

2018-12-13 23:51:43 - [TEST_STEP][PASSED] - Statement - counter = counter + 1: null

2018-12-13 23:51:43 - [TEST_STEP][PASSED] - Statement - PreSaveFile = new java.io.File(((pathPrefix + java.lang.Integer.toString(counter)) + .png)): null

2018-12-13 23:51:43 - [TEST_STEP][PASSED] - Statement - counter = counter + 1: null

2018-12-13 23:51:43 - [TEST_STEP][PASSED] - Statement - PreSaveFile = new java.io.File(((pathPrefix + java.lang.Integer.toString(counter)) + .png)): null

2018-12-13 23:51:43 - [TEST_STEP][PASSED] - Statement - counter = counter + 1: null

2018-12-13 23:51:43 - [TEST_STEP][PASSED] - Statement - PreSaveFile = new java.io.File(((pathPrefix + java.lang.Integer.toString(counter)) + .png)): null

2018-12-13 23:51:43 - [TEST_STEP][PASSED] - Statement - counter = counter + 1: null

2018-12-13 23:51:43 - [TEST_STEP][PASSED] - Statement - PreSaveFile = new java.io.File(((pathPrefix + java.lang.Integer.toString(counter)) + .png)): null

2018-12-13 23:51:43 - [TEST_STEP][PASSED] - Statement - counter = counter + 1: null

2018-12-13 23:51:43 - [TEST_STEP][PASSED] - Statement - PreSaveFile = new java.io.File(((pathPrefix + java.lang.Integer.toString(counter)) + .png)): null

2018-12-13 23:51:43 - [TEST_STEP][PASSED] - Statement - counter = counter + 1: null

2018-12-13 23:51:43 - [TEST_STEP][PASSED] - Statement - PreSaveFile = new java.io.File(((pathPrefix + java.lang.Integer.toString(counter)) + .png)): null

2018-12-13 23:51:43 - [TEST_STEP][PASSED] - Statement - counter = counter + 1: null

2018-12-13 23:51:43 - [TEST_STEP][PASSED] - Statement - PreSaveFile = new java.io.File(((pathPrefix + java.lang.Integer.toString(counter)) + .png)): null

2018-12-13 23:51:43 - [TEST_STEP][PASSED] - Statement - counter = counter + 1: null

2018-12-13 23:51:43 - [TEST_STEP][PASSED] - Statement - PreSaveFile = new java.io.File(((pathPrefix + java.lang.Integer.toString(counter)) + .png)): null

2018-12-13 23:51:43 - [TEST_STEP][PASSED] - Statement - counter = counter + 1: null

2018-12-13 23:51:43 - [TEST_STEP][PASSED] - Statement - PreSaveFile = new java.io.File(((pathPrefix + java.lang.Integer.toString(counter)) + .png)): null

2018-12-13 23:51:43 - [TEST_STEP][PASSED] - Statement - counter = counter + 1: null

2018-12-13 23:51:43 - [TEST_STEP][PASSED] - Statement - PreSaveFile = new java.io.File(((pathPrefix + java.lang.Integer.toString(counter)) + .png)): null

2018-12-13 23:51:43 - [TEST_STEP][PASSED] - Statement - counter = counter + 1: null

2018-12-13 23:51:43 - [TEST_STEP][PASSED] - Statement - PreSaveFile = new java.io.File(((pathPrefix + java.lang.Integer.toString(counter)) + .png)): null

2018-12-13 23:51:43 - [TEST_STEP][PASSED] - Statement - counter = counter + 1: null

2018-12-13 23:51:43 - [TEST_STEP][PASSED] - Statement - PreSaveFile = new java.io.File(((pathPrefix + java.lang.Integer.toString(counter)) + .png)): null

2018-12-13 23:51:43 - [TEST_STEP][PASSED] - Statement - counter = counter + 1: null

2018-12-13 23:51:43 - [TEST_STEP][PASSED] - Statement - PreSaveFile = new java.io.File(((pathPrefix + java.lang.Integer.toString(counter)) + .png)): null

2018-12-13 23:51:43 - [TEST_STEP][PASSED] - Statement - counter = counter + 1: null

2018-12-13 23:51:43 - [TEST_STEP][PASSED] - Statement - PreSaveFile = new java.io.File(((pathPrefix + java.lang.Integer.toString(counter)) + .png)): null

2018-12-13 23:51:43 - [TEST_STEP][PASSED] - Statement - counter = counter + 1: null

2018-12-13 23:51:43 - [TEST_STEP][PASSED] - Statement - PreSaveFile = new java.io.File(((pathPrefix + java.lang.Integer.toString(counter)) + .png)): null

2018-12-13 23:51:43 - [TEST_STEP][PASSED] - Statement - counter = counter + 1: null

2018-12-13 23:51:43 - [TEST_STEP][PASSED] - Statement - PreSaveFile = new java.io.File(((pathPrefix + java.lang.Integer.toString(counter)) + .png)): null

2018-12-13 23:51:43 - [TEST_STEP][PASSED] - Statement - counter = counter + 1: null

2018-12-13 23:51:43 - [TEST_STEP][PASSED] - Statement - PreSaveFile = new java.io.File(((pathPrefix + java.lang.Integer.toString(counter)) + .png)): null

2018-12-13 23:51:43 - [TEST_STEP][PASSED] - Statement - counter = counter + 1: null

2018-12-13 23:51:43 - [TEST_STEP][PASSED] - Statement - PreSaveFile = new java.io.File(((pathPrefix + java.lang.Integer.toString(counter)) + .png)): null

2018-12-13 23:51:43 - [TEST_STEP][PASSED] - Statement - counter = counter + 1: null

2018-12-13 23:51:43 - [TEST_STEP][PASSED] - Statement - PreSaveFile = new java.io.File(((pathPrefix + java.lang.Integer.toString(counter)) + .png)): null

2018-12-13 23:51:43 - [TEST_STEP][PASSED] - Statement - finalPath = pathPrefix + java.lang.Integer.toString(counter) + ".png": null

2018-12-13 23:51:43 - [TEST_STEP][PASSED] - Statement - SaveFile = new java.io.File(finalPath): null

2018-12-13 23:51:43 - [TEST_STEP][PASSED] - Statement - Try: null

2018-12-13 23:51:43 - [TEST_STEP][PASSED] - Statement - org.apache.commons.io.FileUtils.copyFile(scrFile, SaveFile): null

2018-12-13 23:51:43 - [TEST_STEP][PASSED] - Statement - out.println("file kept"): null

2018-12-13 23:51:43 - [TEST_STEP][PASSED] - delay: Delayed 10 second(s)

2018-12-13 23:51:53 - [MESSAGE][PASSED] - Delayed 10 second(s)

2018-12-13 23:51:53 - [MESSAGE][PASSED] - Call Test Case 'Test Cases/Final Aug 2018 - PKS Automation/Registration Module/New Registration/Submit and Screenshot/Submit Registration and Screenshot' successfully

2018-12-13 23:51:53 - [TEST_STEP][PASSED] - callTestCase: Call Test Case 'Test Cases/Final Aug 2018 - PKS Automation/Registration Module/Log Out/log out avoiding katalon tagging' successfully

2018-12-13 23:51:53 - [TEST_CASE][PASSED] - Test Cases/Final Aug 2018 - PKS Automation/Registration Module/Log Out/log out avoiding katalon tagging: Test Cases/Final Aug 2018 - PKS Automation/Registration Module/Log Out/log out avoiding katalon tagging

2018-12-13 23:51:53 - [TEST_STEP][PASSED] - navigateToUrl: Navigate to 'https://assist2-uat.perkeso.gov.my/c/portal/logout' successfully

2018-12-13 23:51:54 - [MESSAGE][PASSED] - Navigate to 'https://assist2-uat.perkeso.gov.my/c/portal/logout' successfully

2018-12-13 23:51:54 - [MESSAGE][PASSED] - Call Test Case 'Test Cases/Final Aug 2018 - PKS Automation/Registration Module/Log Out/log out avoiding katalon tagging' successfully

2018-12-13 23:51:54 - [TEST_STEP][PASSED] - callTestCase: Call Test Case 'Test Cases/Final Aug 2018 - PKS Automation/Common/Workflow Owner Finder' successfully

2018-12-13 23:51:54 - [TEST_CASE][PASSED] - Test Cases/Final Aug 2018 - PKS Automation/Common/Workflow Owner Finder: Test Cases/Final Aug 2018 - PKS Automation/Common/Workflow Owner Finder

2018-12-13 23:51:54 - [TEST_STEP][PASSED] - openBrowser: Browser is opened with url: ''

2018-12-13 23:51:54 - [MESSAGE][WARNING] - A browser is already opened. Closing browser and opening a new one

2018-12-13 23:51:58 - [MESSAGE][PASSED] - Browser is opened with url: ''

2018-12-13 23:51:58 - [TEST_STEP][PASSED] - navigateToUrl: Navigate to 'https://assist2-uat.perkeso.gov.my/login' successfully

2018-12-13 23:51:59 - [MESSAGE][PASSED] - Navigate to 'https://assist2-uat.perkeso.gov.my/login' successfully

2018-12-13 23:51:59 - [TEST_STEP][PASSED] - delay: Delayed 5 second(s)

2018-12-13 23:52:04 - [MESSAGE][PASSED] - Delayed 5 second(s)

2018-12-13 23:52:04 - [TEST_STEP][PASSED] - setText: Text 'test@liferay.com' is set on object 'Object Repository/Final Object Repo/Login Page/Internal User/Email Address'

2018-12-13 23:52:04 - [MESSAGE][PASSED] - Text 'test@liferay.com' is set on object 'Object Repository/Final Object Repo/Login Page/Internal User/Email Address'

2018-12-13 23:52:04 - [TEST_STEP][PASSED] - click: Object: 'Object Repository/Final Object Repo/Login Page/Internal User/Next Button' is clicked on

2018-12-13 23:52:05 - [MESSAGE][PASSED] - Object: 'Object Repository/Final Object Repo/Login Page/Internal User/Next Button' is clicked on

2018-12-13 23:52:05 - [TEST_STEP][PASSED] - delay: Delayed 2 second(s)

2018-12-13 23:52:07 - [MESSAGE][PASSED] - Delayed 2 second(s)

2018-12-13 23:52:07 - [TEST_STEP][PASSED] - setText: Text 'test' is set on object 'Object Repository/Final Object Repo/Login Page/Internal User/Password'

2018-12-13 23:52:07 - [MESSAGE][PASSED] - Text 'test' is set on object 'Object Repository/Final Object Repo/Login Page/Internal User/Password'

2018-12-13 23:52:07 - [TEST_STEP][PASSED] - delay: Delayed 2 second(s)

2018-12-13 23:52:09 - [MESSAGE][PASSED] - Delayed 2 second(s)

2018-12-13 23:52:09 - [TEST_STEP][PASSED] - click: Object: 'Object Repository/Final Object Repo/Login Page/Internal User/Login Button' is clicked on

2018-12-13 23:52:09 - [MESSAGE][PASSED] - Object: 'Object Repository/Final Object Repo/Login Page/Internal User/Login Button' is clicked on

2018-12-13 23:52:09 - [TEST_STEP][PASSED] - Statement - tester = com.kms.katalon.core.testobject.ObjectRepository.findTestObject(Final Object Repo/Landing Page/Select to English): Finding Test Object with id 'Object Repository/Final Object Repo/Landing Page/Select to English'

2018-12-13 23:52:09 - [TEST_STEP][PASSED] - Statement - Try: Delayed 2 second(s)

2018-12-13 23:52:09 - [TEST_STEP][PASSED] - Statement - Checker = com.kms.katalon.core.webui.keyword.WebUiBuiltInKeywords.verifyElementNotPresent(tester, 3): Web element with id: 'Object Repository/Final Object Repo/Landing Page/Select to English' located by 'By.xpath: //a[@class = 'taglib-language-list-text' and @lang = 'en-US' and (contains(text(), 'EN') or contains(., 'EN'))]' is not present after '3' second(s)

2018-12-13 23:52:11 - [MESSAGE][PASSED] - Web element with id: 'Object Repository/Final Object Repo/Landing Page/Select to English' located by 'By.xpath: //a[@class = 'taglib-language-list-text' and @lang = 'en-US' and (contains(text(), 'EN') or contains(., 'EN'))]' is not present after '3' second(s)

2018-12-13 23:52:11 - [TEST_STEP][PASSED] - Statement - If (Checker == false): null

2018-12-13 23:52:11 - [TEST_STEP][PASSED] - delay: Delayed 2 second(s)

2018-12-13 23:52:13 - [MESSAGE][PASSED] - Delayed 2 second(s)

2018-12-13 23:52:13 - [TEST_STEP][PASSED] - delay: Delayed 5 second(s)

2018-12-13 23:52:18 - [MESSAGE][PASSED] - Delayed 5 second(s)

2018-12-13 23:52:18 - [TEST_STEP][PASSED] - mouseOver: Object: 'Object Repository/Final Object Repo/Landing Page/WorkFlow Menu' is hovered

2018-12-13 23:52:18 - [MESSAGE][PASSED] - Object: 'Object Repository/Final Object Repo/Landing Page/WorkFlow Menu' is hovered

2018-12-13 23:52:18 - [TEST_STEP][PASSED] - delay: Delayed 2 second(s)

2018-12-13 23:52:20 - [MESSAGE][PASSED] - Delayed 2 second(s)

2018-12-13 23:52:20 - [TEST_STEP][PASSED] - click: Object: 'Object Repository/Final Object Repo/Landing Page/Select to Workflow Listing' is clicked on

2018-12-13 23:52:21 - [MESSAGE][PASSED] - Object: 'Object Repository/Final Object Repo/Landing Page/Select to Workflow Listing' is clicked on

2018-12-13 23:52:21 - [TEST_STEP][PASSED] - delay: Delayed 2 second(s)

2018-12-13 23:52:23 - [MESSAGE][PASSED] - Delayed 2 second(s)

2018-12-13 23:52:23 - [TEST_STEP][PASSED] - click: Object: 'Object Repository/Final Object Repo/WorkFlow Listing Page/Search Information - To Put Ref No' is clicked on

2018-12-13 23:52:23 - [MESSAGE][PASSED] - Object: 'Object Repository/Final Object Repo/WorkFlow Listing Page/Search Information - To Put Ref No' is clicked on

2018-12-13 23:52:23 - [TEST_STEP][PASSED] - delay: Delayed 2 second(s)

2018-12-13 23:52:25 - [MESSAGE][PASSED] - Delayed 2 second(s)

2018-12-13 23:52:25 - [TEST_STEP][PASSED] - callTestCase: Call Test Case 'Test Cases/Final Aug 2018 - PKS Automation/Common/Reference Number Getter' successfully

2018-12-13 23:52:25 - [TEST_CASE][PASSED] - Test Cases/Final Aug 2018 - PKS Automation/Common/Reference Number Getter: Test Cases/Final Aug 2018 - PKS Automation/Common/Reference Number Getter

2018-12-13 23:52:25 - [TEST_STEP][PASSED] - Statement - Try: null

2018-12-13 23:52:25 - [TEST_STEP][PASSED] - Statement - RefNo = new java.io.File(C://Users//Admin//Desktop//PKS//Automation Reference Point//KatalonReference.txt): null

2018-12-13 23:52:25 - [TEST_STEP][PASSED] - Statement - bufferread = new java.io.BufferedReader(new java.io.FileReader(RefNo)): null

2018-12-13 23:52:25 - [TEST_STEP][PASSED] - Statement - readedVal = bufferread.readLine(): null

2018-12-13 23:52:25 - [TEST_STEP][PASSED] - Statement - out.println(CaseReferenceNo): null

2018-12-13 23:52:25 - [TEST_STEP][PASSED] - Statement - out.println(readedVal): null

2018-12-13 23:52:25 - [TEST_STEP][PASSED] - Statement - CaseReferenceNo = "": null

2018-12-13 23:52:25 - [TEST_STEP][PASSED] - Statement - CaseReferenceNo = readedVal: null

2018-12-13 23:52:25 - [MESSAGE][PASSED] - Call Test Case 'Test Cases/Final Aug 2018 - PKS Automation/Common/Reference Number Getter' successfully

2018-12-13 23:52:25 - [TEST_STEP][PASSED] - setText: Text 'CRN12201800123319' is set on object 'Object Repository/Final Object Repo/WorkFlow Listing Page/Ref No Set Text'

2018-12-13 23:52:25 - [MESSAGE][PASSED] - Text 'CRN12201800123319' is set on object 'Object Repository/Final Object Repo/WorkFlow Listing Page/Ref No Set Text'

2018-12-13 23:52:25 - [TEST_STEP][PASSED] - delay: Delayed 2 second(s)

2018-12-13 23:52:27 - [MESSAGE][PASSED] - Delayed 2 second(s)

2018-12-13 23:52:27 - [TEST_STEP][PASSED] - click: Object: 'Object Repository/Final Object Repo/WorkFlow Listing Page/Search Ref No Search Button' is clicked on

2018-12-13 23:52:28 - [MESSAGE][PASSED] - Object: 'Object Repository/Final Object Repo/WorkFlow Listing Page/Search Ref No Search Button' is clicked on

2018-12-13 23:52:28 - [TEST_STEP][PASSED] - delay: Delayed 6 second(s)

2018-12-13 23:52:34 - [MESSAGE][PASSED] - Delayed 6 second(s)

2018-12-13 23:52:34 - [TEST_STEP][PASSED] - click: Object: 'Object Repository/Final Object Repo/WorkFlow Listing Page/Click Continue Tooltip' is clicked on

2018-12-13 23:52:34 - [MESSAGE][PASSED] - Object: 'Object Repository/Final Object Repo/WorkFlow Listing Page/Click Continue Tooltip' is clicked on

2018-12-13 23:52:34 - [TEST_STEP][PASSED] - delay: Delayed 5 second(s)

2018-12-13 23:52:39 - [MESSAGE][PASSED] - Delayed 5 second(s)

2018-12-13 23:52:39 - [TEST_STEP][PASSED] - doubleClick: Object: 'Object Repository/Final Object Repo/WorkFlow Listing Page/Workflow Found - Listing 1' is double clicked on

2018-12-13 23:52:40 - [MESSAGE][PASSED] - Object: 'Object Repository/Final Object Repo/WorkFlow Listing Page/Workflow Found - Listing 1' is double clicked on

2018-12-13 23:52:40 - [TEST_STEP][PASSED] - Statement - println(OwnerID): null

2018-12-13 23:52:40 - [TEST_STEP][PASSED] - Statement - OwnerID = com.kms.katalon.core.webui.keyword.WebUiBuiltInKeywords.getText(com.kms.katalon.core.testobject.ObjectRepository.findTestObject(Final Object Repo/WorkFlow Listing Page/Workflow Found - Listing 1), STOP_ON_FAILURE): Text of object 'Object Repository/Final Object Repo/WorkFlow Listing Page/Workflow Found - Listing 1' is: 'JOHORro2'

2018-12-13 23:52:40 - [MESSAGE][PASSED] - Text of object 'Object Repository/Final Object Repo/WorkFlow Listing Page/Workflow Found - Listing 1' is: 'JOHORro2'

2018-12-13 23:52:40 - [TEST_STEP][PASSED] - Statement - OwnerID = OwnerID.toLowerCase() + "@gmail.com": null

2018-12-13 23:52:40 - [TEST_STEP][PASSED] - Statement - println(OwnerID): null

2018-12-13 23:52:40 - [TEST_STEP][PASSED] - delay: Delayed 2 second(s)

2018-12-13 23:52:42 - [MESSAGE][PASSED] - Delayed 2 second(s)

2018-12-13 23:52:42 - [MESSAGE][PASSED] - Call Test Case 'Test Cases/Final Aug 2018 - PKS Automation/Common/Workflow Owner Finder' successfully

2018-12-13 23:52:42 - [TEST_STEP][PASSED] - callTestCase: Call Test Case 'Test Cases/Final Aug 2018 - PKS Automation/Registration Module/Log Out/log out avoiding katalon tagging' successfully

2018-12-13 23:52:42 - [TEST_CASE][PASSED] - Test Cases/Final Aug 2018 - PKS Automation/Registration Module/Log Out/log out avoiding katalon tagging: Test Cases/Final Aug 2018 - PKS Automation/Registration Module/Log Out/log out avoiding katalon tagging

2018-12-13 23:52:42 - [TEST_STEP][PASSED] - navigateToUrl: Navigate to 'https://assist2-uat.perkeso.gov.my/c/portal/logout' successfully

2018-12-13 23:52:42 - [MESSAGE][PASSED] - Navigate to 'https://assist2-uat.perkeso.gov.my/c/portal/logout' successfully

2018-12-13 23:52:42 - [MESSAGE][PASSED] - Call Test Case 'Test Cases/Final Aug 2018 - PKS Automation/Registration Module/Log Out/log out avoiding katalon tagging' successfully

2018-12-13 23:52:42 - [TEST_STEP][PASSED] - delay: Delayed 2 second(s)

2018-12-13 23:52:44 - [MESSAGE][PASSED] - Delayed 2 second(s)

2018-12-13 23:52:44 - [TEST_STEP][PASSED] - setText: Text 'johorro2@gmail.com' is set on object 'Object Repository/Final Object Repo/New Registration - Registration Module Pages/New Reg - OTC to RO/Special Case - All Related Objects/Email TextBox'

2018-12-13 23:52:45 - [MESSAGE][PASSED] - Text 'johorro2@gmail.com' is set on object 'Object Repository/Final Object Repo/New Registration - Registration Module Pages/New Reg - OTC to RO/Special Case - All Related Objects/Email TextBox'

2018-12-13 23:52:45 - [TEST_STEP][PASSED] - click: Object: 'Object Repository/Final Object Repo/New Registration - Registration Module Pages/New Reg - OTC to RO/Special Case - All Related Objects/Next Button' is clicked on

2018-12-13 23:52:45 - [MESSAGE][PASSED] - Object: 'Object Repository/Final Object Repo/New Registration - Registration Module Pages/New Reg - OTC to RO/Special Case - All Related Objects/Next Button' is clicked on

2018-12-13 23:52:45 - [TEST_STEP][PASSED] - delay: Delayed 2 second(s)

2018-12-13 23:52:47 - [MESSAGE][PASSED] - Delayed 2 second(s)

2018-12-13 23:52:47 - [TEST_STEP][PASSED] - setText: Text 'Test1@3456789' is set on object 'Object Repository/Final Object Repo/New Registration - Registration Module Pages/New Reg - OTC to RO/Special Case - All Related Objects/Password TextBox'

2018-12-13 23:52:47 - [MESSAGE][PASSED] - Text 'Test1@3456789' is set on object 'Object Repository/Final Object Repo/New Registration - Registration Module Pages/New Reg - OTC to RO/Special Case - All Related Objects/Password TextBox'

2018-12-13 23:52:47 - [TEST_STEP][PASSED] - delay: Delayed 2 second(s)

2018-12-13 23:52:49 - [MESSAGE][PASSED] - Delayed 2 second(s)

2018-12-13 23:52:49 - [TEST_STEP][PASSED] - click: Object: 'Object Repository/Final Object Repo/New Registration - Registration Module Pages/New Reg - OTC to RO/Special Case - All Related Objects/Login Button' is clicked on

2018-12-13 23:52:49 - [MESSAGE][PASSED] - Object: 'Object Repository/Final Object Repo/New Registration - Registration Module Pages/New Reg - OTC to RO/Special Case - All Related Objects/Login Button' is clicked on

2018-12-13 23:52:49 - [TEST_STEP][PASSED] - delay: Delayed 2 second(s)

2018-12-13 23:52:51 - [MESSAGE][PASSED] - Delayed 2 second(s)

2018-12-13 23:52:51 - [TEST_STEP][PASSED] - Statement - Try: null

2018-12-13 23:52:51 - [TEST_STEP][PASSED] - Statement - Checker = com.kms.katalon.core.webui.keyword.WebUiBuiltInKeywords.verifyElementNotPresent("Final Object Repo/Landing Page/Select to English", 3): null

2018-12-13 23:52:51 - [TEST_STEP][PASSED] - Statement - Catch (Exception e): null

2018-12-13 23:52:51 - [TEST_STEP][PASSED] - Statement - e.printStackTrace(): null

2018-12-13 23:52:51 - [TEST_STEP][PASSED] - click: Object: 'Object Repository/Final Object Repo/New Registration - Registration Module Pages/New Reg - OTC to RO/Special Case - All Related Objects/Expand to Search' is clicked on

2018-12-13 23:52:52 - [MESSAGE][PASSED] - Object: 'Object Repository/Final Object Repo/New Registration - Registration Module Pages/New Reg - OTC to RO/Special Case - All Related Objects/Expand to Search' is clicked on

2018-12-13 23:52:52 - [TEST_STEP][FAILED] - setText: Unable to set text 'CRN12201800123319' of object 'Object Repository/Final Object Repo/New Registration - Registration Module Pages/New Reg - OTC to RO/Special Case - All Related Objects/TextBox RefNo in Workbasket' (Root cause: org.openqa.selenium.ElementNotVisibleException: element not interactable
  (Session info: chrome=70.0.3538.110)
  (Driver info: chromedriver=2.43.600210 (68dcf5eebde37173d4027fa8635e332711d2874a),platform=Windows NT 6.1.7601 SP1 x86_64) (WARNING: The server did not provide any stacktrace information)
Command duration or timeout: 0 milliseconds
Build info: version: '3.7.1', revision: '8a0099a', time: '2017-11-06T21:07:36.161Z'
System info: host: 'WIN7TEST02', ip: '10.20.3.72', os.name: 'Windows 7', os.arch: 'amd64', os.version: '6.1', java.version: '1.8.0_181'
Driver info: com.kms.katalon.selenium.driver.CChromeDriver
Capabilities {acceptInsecureCerts: false, acceptSslCerts: false, applicationCacheEnabled: false, browserConnectionEnabled: false, browserName: chrome, chrome: {chromedriverVersion: 2.43.600210 (68dcf5eebde371..., userDataDir: C:\Users\Admin\AppData\Loca...}, cssSelectorsEnabled: true, databaseEnabled: false, goog:chromeOptions: {debuggerAddress: localhost:62252}, handlesAlerts: true, hasTouchScreen: false, javascriptEnabled: true, locationContextEnabled: true, mobileEmulationEnabled: false, nativeEvents: true, networkConnectionEnabled: false, pageLoadStrategy: normal, platform: XP, platformName: XP, rotatable: false, setWindowRect: true, takesHeapSnapshot: true, takesScreenshot: true, unexpectedAlertBehaviour: , unhandledPromptBehavior: , version: 70.0.3538.110, webStorageEnabled: true}
Session ID: 1e2f0380f9d7bcdc4cf9ce0425194079)

2018-12-13 23:52:52 - [MESSAGE][FAILED] - Unable to set text 'CRN12201800123319' of object 'Object Repository/Final Object Repo/New Registration - Registration Module Pages/New Reg - OTC to RO/Special Case - All Related Objects/TextBox RefNo in Workbasket' (Root cause: org.openqa.selenium.ElementNotVisibleException: element not interactable
  (Session info: chrome=70.0.3538.110)
  (Driver info: chromedriver=2.43.600210 (68dcf5eebde37173d4027fa8635e332711d2874a),platform=Windows NT 6.1.7601 SP1 x86_64) (WARNING: The server did not provide any stacktrace information)
Command duration or timeout: 0 milliseconds
Build info: version: '3.7.1', revision: '8a0099a', time: '2017-11-06T21:07:36.161Z'
System info: host: 'WIN7TEST02', ip: '10.20.3.72', os.name: 'Windows 7', os.arch: 'amd64', os.version: '6.1', java.version: '1.8.0_181'
Driver info: com.kms.katalon.selenium.driver.CChromeDriver
Capabilities {acceptInsecureCerts: false, acceptSslCerts: false, applicationCacheEnabled: false, browserConnectionEnabled: false, browserName: chrome, chrome: {chromedriverVersion: 2.43.600210 (68dcf5eebde371..., userDataDir: C:\Users\Admin\AppData\Loca...}, cssSelectorsEnabled: true, databaseEnabled: false, goog:chromeOptions: {debuggerAddress: localhost:62252}, handlesAlerts: true, hasTouchScreen: false, javascriptEnabled: true, locationContextEnabled: true, mobileEmulationEnabled: false, nativeEvents: true, networkConnectionEnabled: false, pageLoadStrategy: normal, platform: XP, platformName: XP, rotatable: false, setWindowRect: true, takesHeapSnapshot: true, takesScreenshot: true, unexpectedAlertBehaviour: , unhandledPromptBehavior: , version: 70.0.3538.110, webStorageEnabled: true}
Session ID: 1e2f0380f9d7bcdc4cf9ce0425194079)
[[ATTACHMENT|C:\\Users\\Admin\\Desktop\\PKS\\Perkeso Phase A\\Reports\\Workflow\\New Registration\\20181213_194711\\1544716372152.png]]

2018-12-13 23:52:52 - [TEST_STEP][PASSED] - delay: Delayed 2 second(s)

2018-12-13 23:52:54 - [MESSAGE][PASSED] - Delayed 2 second(s)

2018-12-13 23:52:54 - [TEST_STEP][PASSED] - click: Object: 'Object Repository/Final Object Repo/New Registration - Registration Module Pages/New Reg - OTC to RO/Special Case - All Related Objects/Click Search' is clicked on

2018-12-13 23:52:54 - [MESSAGE][PASSED] - Object: 'Object Repository/Final Object Repo/New Registration - Registration Module Pages/New Reg - OTC to RO/Special Case - All Related Objects/Click Search' is clicked on

2018-12-13 23:52:54 - [TEST_STEP][PASSED] - delay: Delayed 2 second(s)

2018-12-13 23:52:56 - [MESSAGE][PASSED] - Delayed 2 second(s)

2018-12-13 23:52:56 - [TEST_STEP][PASSED] - click: Object: 'Object Repository/Final Object Repo/New Registration - Registration Module Pages/New Reg - OTC to RO/Special Case - All Related Objects/Click to Continue Workflow' is clicked on

2018-12-13 23:52:59 - [MESSAGE][PASSED] - Object: 'Object Repository/Final Object Repo/New Registration - Registration Module Pages/New Reg - OTC to RO/Special Case - All Related Objects/Click to Continue Workflow' is clicked on

2018-12-13 23:52:59 - [TEST_STEP][PASSED] - delay: Delayed 2 second(s)

2018-12-13 23:53:01 - [MESSAGE][PASSED] - Delayed 2 second(s)

2018-12-13 23:53:01 - [TEST_STEP][PASSED] - click: Object: 'Object Repository/Final Object Repo/New Registration - Registration Module Pages/New Reg - OTC to RO/Special Case - All Related Objects/Continue Button in verifying case' is clicked on

2018-12-13 23:53:03 - [MESSAGE][PASSED] - Object: 'Object Repository/Final Object Repo/New Registration - Registration Module Pages/New Reg - OTC to RO/Special Case - All Related Objects/Continue Button in verifying case' is clicked on

2018-12-13 23:53:03 - [TEST_STEP][PASSED] - delay: Delayed 2 second(s)

2018-12-13 23:53:05 - [MESSAGE][PASSED] - Delayed 2 second(s)

2018-12-13 23:53:05 - [TEST_STEP][PASSED] - click: Object: 'Object Repository/Final Object Repo/New Registration - Registration Module Pages/Form 1/Registered As a Branch - Yes' is clicked on

2018-12-13 23:53:05 - [MESSAGE][PASSED] - Object: 'Object Repository/Final Object Repo/New Registration - Registration Module Pages/Form 1/Registered As a Branch - Yes' is clicked on

2018-12-13 23:53:05 - [TEST_STEP][PASSED] - delay: Delayed 2 second(s)

2018-12-13 23:53:07 - [MESSAGE][PASSED] - Delayed 2 second(s)

2018-12-13 23:53:07 - [TEST_STEP][PASSED] - click: Object: 'Object Repository/Final Object Repo/New Registration - Registration Module Pages/New Reg - OTC to RO/Special Case - All Related Objects/Form 1 Save n Continue' is clicked on

2018-12-13 23:53:07 - [MESSAGE][PASSED] - Object: 'Object Repository/Final Object Repo/New Registration - Registration Module Pages/New Reg - OTC to RO/Special Case - All Related Objects/Form 1 Save n Continue' is clicked on

2018-12-13 23:53:07 - [TEST_STEP][PASSED] - delay: Delayed 2 second(s)

2018-12-13 23:53:09 - [MESSAGE][PASSED] - Delayed 2 second(s)

2018-12-13 23:53:09 - [TEST_STEP][PASSED] - click: Object: 'Object Repository/Final Object Repo/New Registration - Registration Module Pages/New Reg - OTC to RO/Special Case - All Related Objects/Form 2 Save n Continue' is clicked on

2018-12-13 23:53:10 - [MESSAGE][PASSED] - Object: 'Object Repository/Final Object Repo/New Registration - Registration Module Pages/New Reg - OTC to RO/Special Case - All Related Objects/Form 2 Save n Continue' is clicked on

2018-12-13 23:53:10 - [TEST_STEP][PASSED] - delay: Delayed 2 second(s)

2018-12-13 23:53:12 - [MESSAGE][PASSED] - Delayed 2 second(s)

2018-12-13 23:53:12 - [TEST_STEP][PASSED] - click: Object: 'Object Repository/Final Object Repo/New Registration - Registration Module Pages/New Reg - OTC to RO/Special Case - All Related Objects/Third Screen Save n Continue' is clicked on

2018-12-13 23:53:17 - [MESSAGE][PASSED] - Object: 'Object Repository/Final Object Repo/New Registration - Registration Module Pages/New Reg - OTC to RO/Special Case - All Related Objects/Third Screen Save n Continue' is clicked on

2018-12-13 23:53:17 - [TEST_STEP][PASSED] - delay: Delayed 5 second(s)

2018-12-13 23:53:22 - [MESSAGE][PASSED] - Delayed 5 second(s)

2018-12-13 23:53:22 - [TEST_STEP][PASSED] - click: Object: 'Object Repository/Final Object Repo/New Registration - Registration Module Pages/New Reg - OTC to RO/Special Case - All Related Objects/Upload Doc Page Save n Continue' is clicked on

2018-12-13 23:53:22 - [MESSAGE][PASSED] - Object: 'Object Repository/Final Object Repo/New Registration - Registration Module Pages/New Reg - OTC to RO/Special Case - All Related Objects/Upload Doc Page Save n Continue' is clicked on

2018-12-13 23:53:22 - [TEST_STEP][PASSED] - callTestCase: Call Test Case 'Test Cases/Final Aug 2018 - PKS Automation/Registration Module/New Registration/Submit and Screenshot/Submit Registration and Screenshot' successfully

2018-12-13 23:53:22 - [TEST_CASE][PASSED] - Test Cases/Final Aug 2018 - PKS Automation/Registration Module/New Registration/Submit and Screenshot/Submit Registration and Screenshot: Test Cases/Final Aug 2018 - PKS Automation/Registration Module/New Registration/Submit and Screenshot/Submit Registration and Screenshot

2018-12-13 23:53:22 - [TEST_STEP][PASSED] - delay: Delayed 6 second(s)

2018-12-13 23:53:28 - [MESSAGE][PASSED] - Delayed 6 second(s)

2018-12-13 23:53:28 - [TEST_STEP][PASSED] - click: Object: 'Object Repository/Final Object Repo/New Registration - Registration Module Pages/Third Screen - Upload Supporting Doc- Preview/Preview Submit Button' is clicked on

2018-12-13 23:53:28 - [MESSAGE][PASSED] - Object: 'Object Repository/Final Object Repo/New Registration - Registration Module Pages/Third Screen - Upload Supporting Doc- Preview/Preview Submit Button' is clicked on

2018-12-13 23:53:28 - [TEST_STEP][PASSED] - delay: Delayed 2 second(s)

2018-12-13 23:53:30 - [MESSAGE][PASSED] - Delayed 2 second(s)

2018-12-13 23:53:30 - [TEST_STEP][PASSED] - click: Object: 'Object Repository/Final Object Repo/New Registration - Registration Module Pages/Third Screen - Upload Supporting Doc- Preview/Preview Submit - Confirm' is clicked on

2018-12-13 23:53:30 - [MESSAGE][PASSED] - Object: 'Object Repository/Final Object Repo/New Registration - Registration Module Pages/Third Screen - Upload Supporting Doc- Preview/Preview Submit - Confirm' is clicked on

2018-12-13 23:53:30 - [TEST_STEP][PASSED] - delay: Delayed 15 second(s)

2018-12-13 23:53:45 - [MESSAGE][PASSED] - Delayed 15 second(s)

2018-12-13 23:53:45 - [TEST_STEP][PASSED] - Statement - driver = com.kms.katalon.core.webui.driver.DriverFactory.getWebDriver(): null

2018-12-13 23:53:45 - [TEST_STEP][PASSED] - Statement - driver.manage().timeouts().implicitlyWait(10, SECONDS): null

2018-12-13 23:53:45 - [TEST_STEP][PASSED] - Statement - PresavePath = KatalonScreenshots: null

2018-12-13 23:53:45 - [TEST_STEP][PASSED] - Statement - pathPrefix = "C:\Users\Public\Pictures\Sample Pictures\Katalon Screenshots\Automate Ending Screen": null

2018-12-13 23:53:45 - [TEST_STEP][PASSED] - Statement - finalPath = <not implemented yet for class: org.codehaus.groovy.ast.expr.EmptyExpression>: null

2018-12-13 23:53:45 - [TEST_STEP][PASSED] - Statement - scrFile = driver.getScreenshotAs(FILE): null

2018-12-13 23:53:45 - [TEST_STEP][PASSED] - Statement - PreSaveFile = new java.io.File(PresavePath): null

2018-12-13 23:53:45 - [TEST_STEP][PASSED] - Statement - counter = 0: null

2018-12-13 23:53:45 - [TEST_STEP][PASSED] - Statement - If (PreSaveFile.exists()): null

2018-12-13 23:53:45 - [TEST_STEP][PASSED] - Statement - While (PreSaveFile.exists()): null

2018-12-13 23:53:45 - [TEST_STEP][PASSED] - Statement - counter = counter + 1: null

2018-12-13 23:53:45 - [TEST_STEP][PASSED] - Statement - PreSaveFile = new java.io.File(((pathPrefix + java.lang.Integer.toString(counter)) + .png)): null

2018-12-13 23:53:45 - [TEST_STEP][PASSED] - Statement - counter = counter + 1: null

2018-12-13 23:53:45 - [TEST_STEP][PASSED] - Statement - PreSaveFile = new java.io.File(((pathPrefix + java.lang.Integer.toString(counter)) + .png)): null

2018-12-13 23:53:45 - [TEST_STEP][PASSED] - Statement - counter = counter + 1: null

2018-12-13 23:53:45 - [TEST_STEP][PASSED] - Statement - PreSaveFile = new java.io.File(((pathPrefix + java.lang.Integer.toString(counter)) + .png)): null

2018-12-13 23:53:45 - [TEST_STEP][PASSED] - Statement - counter = counter + 1: null

2018-12-13 23:53:45 - [TEST_STEP][PASSED] - Statement - PreSaveFile = new java.io.File(((pathPrefix + java.lang.Integer.toString(counter)) + .png)): null

2018-12-13 23:53:45 - [TEST_STEP][PASSED] - Statement - counter = counter + 1: null

2018-12-13 23:53:45 - [TEST_STEP][PASSED] - Statement - PreSaveFile = new java.io.File(((pathPrefix + java.lang.Integer.toString(counter)) + .png)): null

2018-12-13 23:53:45 - [TEST_STEP][PASSED] - Statement - counter = counter + 1: null

2018-12-13 23:53:45 - [TEST_STEP][PASSED] - Statement - PreSaveFile = new java.io.File(((pathPrefix + java.lang.Integer.toString(counter)) + .png)): null

2018-12-13 23:53:45 - [TEST_STEP][PASSED] - Statement - counter = counter + 1: null

2018-12-13 23:53:45 - [TEST_STEP][PASSED] - Statement - PreSaveFile = new java.io.File(((pathPrefix + java.lang.Integer.toString(counter)) + .png)): null

2018-12-13 23:53:45 - [TEST_STEP][PASSED] - Statement - counter = counter + 1: null

2018-12-13 23:53:45 - [TEST_STEP][PASSED] - Statement - PreSaveFile = new java.io.File(((pathPrefix + java.lang.Integer.toString(counter)) + .png)): null

2018-12-13 23:53:45 - [TEST_STEP][PASSED] - Statement - counter = counter + 1: null

2018-12-13 23:53:45 - [TEST_STEP][PASSED] - Statement - PreSaveFile = new java.io.File(((pathPrefix + java.lang.Integer.toString(counter)) + .png)): null

2018-12-13 23:53:45 - [TEST_STEP][PASSED] - Statement - counter = counter + 1: null

2018-12-13 23:53:45 - [TEST_STEP][PASSED] - Statement - PreSaveFile = new java.io.File(((pathPrefix + java.lang.Integer.toString(counter)) + .png)): null

2018-12-13 23:53:45 - [TEST_STEP][PASSED] - Statement - counter = counter + 1: null

2018-12-13 23:53:45 - [TEST_STEP][PASSED] - Statement - PreSaveFile = new java.io.File(((pathPrefix + java.lang.Integer.toString(counter)) + .png)): null

2018-12-13 23:53:45 - [TEST_STEP][PASSED] - Statement - counter = counter + 1: null

2018-12-13 23:53:45 - [TEST_STEP][PASSED] - Statement - PreSaveFile = new java.io.File(((pathPrefix + java.lang.Integer.toString(counter)) + .png)): null

2018-12-13 23:53:45 - [TEST_STEP][PASSED] - Statement - counter = counter + 1: null

2018-12-13 23:53:45 - [TEST_STEP][PASSED] - Statement - PreSaveFile = new java.io.File(((pathPrefix + java.lang.Integer.toString(counter)) + .png)): null

2018-12-13 23:53:45 - [TEST_STEP][PASSED] - Statement - counter = counter + 1: null

2018-12-13 23:53:45 - [TEST_STEP][PASSED] - Statement - PreSaveFile = new java.io.File(((pathPrefix + java.lang.Integer.toString(counter)) + .png)): null

2018-12-13 23:53:45 - [TEST_STEP][PASSED] - Statement - counter = counter + 1: null

2018-12-13 23:53:45 - [TEST_STEP][PASSED] - Statement - PreSaveFile = new java.io.File(((pathPrefix + java.lang.Integer.toString(counter)) + .png)): null

2018-12-13 23:53:45 - [TEST_STEP][PASSED] - Statement - counter = counter + 1: null

2018-12-13 23:53:45 - [TEST_STEP][PASSED] - Statement - PreSaveFile = new java.io.File(((pathPrefix + java.lang.Integer.toString(counter)) + .png)): null

2018-12-13 23:53:46 - [TEST_STEP][PASSED] - Statement - counter = counter + 1: null

2018-12-13 23:53:46 - [TEST_STEP][PASSED] - Statement - PreSaveFile = new java.io.File(((pathPrefix + java.lang.Integer.toString(counter)) + .png)): null

2018-12-13 23:53:46 - [TEST_STEP][PASSED] - Statement - counter = counter + 1: null

2018-12-13 23:53:46 - [TEST_STEP][PASSED] - Statement - PreSaveFile = new java.io.File(((pathPrefix + java.lang.Integer.toString(counter)) + .png)): null

2018-12-13 23:53:46 - [TEST_STEP][PASSED] - Statement - counter = counter + 1: null

2018-12-13 23:53:46 - [TEST_STEP][PASSED] - Statement - PreSaveFile = new java.io.File(((pathPrefix + java.lang.Integer.toString(counter)) + .png)): null

2018-12-13 23:53:46 - [TEST_STEP][PASSED] - Statement - counter = counter + 1: null

2018-12-13 23:53:46 - [TEST_STEP][PASSED] - Statement - PreSaveFile = new java.io.File(((pathPrefix + java.lang.Integer.toString(counter)) + .png)): null

2018-12-13 23:53:46 - [TEST_STEP][PASSED] - Statement - counter = counter + 1: null

2018-12-13 23:53:46 - [TEST_STEP][PASSED] - Statement - PreSaveFile = new java.io.File(((pathPrefix + java.lang.Integer.toString(counter)) + .png)): null

2018-12-13 23:53:46 - [TEST_STEP][PASSED] - Statement - counter = counter + 1: null

2018-12-13 23:53:46 - [TEST_STEP][PASSED] - Statement - PreSaveFile = new java.io.File(((pathPrefix + java.lang.Integer.toString(counter)) + .png)): null

2018-12-13 23:53:46 - [TEST_STEP][PASSED] - Statement - counter = counter + 1: null

2018-12-13 23:53:46 - [TEST_STEP][PASSED] - Statement - PreSaveFile = new java.io.File(((pathPrefix + java.lang.Integer.toString(counter)) + .png)): null

2018-12-13 23:53:46 - [TEST_STEP][PASSED] - Statement - counter = counter + 1: null

2018-12-13 23:53:46 - [TEST_STEP][PASSED] - Statement - PreSaveFile = new java.io.File(((pathPrefix + java.lang.Integer.toString(counter)) + .png)): null

2018-12-13 23:53:46 - [TEST_STEP][PASSED] - Statement - counter = counter + 1: null

2018-12-13 23:53:46 - [TEST_STEP][PASSED] - Statement - PreSaveFile = new java.io.File(((pathPrefix + java.lang.Integer.toString(counter)) + .png)): null

2018-12-13 23:53:46 - [TEST_STEP][PASSED] - Statement - counter = counter + 1: null

2018-12-13 23:53:46 - [TEST_STEP][PASSED] - Statement - PreSaveFile = new java.io.File(((pathPrefix + java.lang.Integer.toString(counter)) + .png)): null

2018-12-13 23:53:46 - [TEST_STEP][PASSED] - Statement - counter = counter + 1: null

2018-12-13 23:53:46 - [TEST_STEP][PASSED] - Statement - PreSaveFile = new java.io.File(((pathPrefix + java.lang.Integer.toString(counter)) + .png)): null

2018-12-13 23:53:46 - [TEST_STEP][PASSED] - Statement - counter = counter + 1: null

2018-12-13 23:53:46 - [TEST_STEP][PASSED] - Statement - PreSaveFile = new java.io.File(((pathPrefix + java.lang.Integer.toString(counter)) + .png)): null

2018-12-13 23:53:46 - [TEST_STEP][PASSED] - Statement - counter = counter + 1: null

2018-12-13 23:53:46 - [TEST_STEP][PASSED] - Statement - PreSaveFile = new java.io.File(((pathPrefix + java.lang.Integer.toString(counter)) + .png)): null

2018-12-13 23:53:46 - [TEST_STEP][PASSED] - Statement - counter = counter + 1: null

2018-12-13 23:53:46 - [TEST_STEP][PASSED] - Statement - PreSaveFile = new java.io.File(((pathPrefix + java.lang.Integer.toString(counter)) + .png)): null

2018-12-13 23:53:46 - [TEST_STEP][PASSED] - Statement - counter = counter + 1: null

2018-12-13 23:53:46 - [TEST_STEP][PASSED] - Statement - PreSaveFile = new java.io.File(((pathPrefix + java.lang.Integer.toString(counter)) + .png)): null

2018-12-13 23:53:46 - [TEST_STEP][PASSED] - Statement - counter = counter + 1: null

2018-12-13 23:53:46 - [TEST_STEP][PASSED] - Statement - PreSaveFile = new java.io.File(((pathPrefix + java.lang.Integer.toString(counter)) + .png)): null

2018-12-13 23:53:46 - [TEST_STEP][PASSED] - Statement - counter = counter + 1: null

2018-12-13 23:53:46 - [TEST_STEP][PASSED] - Statement - PreSaveFile = new java.io.File(((pathPrefix + java.lang.Integer.toString(counter)) + .png)): null

2018-12-13 23:53:46 - [TEST_STEP][PASSED] - Statement - counter = counter + 1: null

2018-12-13 23:53:46 - [TEST_STEP][PASSED] - Statement - PreSaveFile = new java.io.File(((pathPrefix + java.lang.Integer.toString(counter)) + .png)): null

2018-12-13 23:53:46 - [TEST_STEP][PASSED] - Statement - counter = counter + 1: null

2018-12-13 23:53:46 - [TEST_STEP][PASSED] - Statement - PreSaveFile = new java.io.File(((pathPrefix + java.lang.Integer.toString(counter)) + .png)): null

2018-12-13 23:53:46 - [TEST_STEP][PASSED] - Statement - counter = counter + 1: null

2018-12-13 23:53:46 - [TEST_STEP][PASSED] - Statement - PreSaveFile = new java.io.File(((pathPrefix + java.lang.Integer.toString(counter)) + .png)): null

2018-12-13 23:53:46 - [TEST_STEP][PASSED] - Statement - counter = counter + 1: null

2018-12-13 23:53:46 - [TEST_STEP][PASSED] - Statement - PreSaveFile = new java.io.File(((pathPrefix + java.lang.Integer.toString(counter)) + .png)): null

2018-12-13 23:53:46 - [TEST_STEP][PASSED] - Statement - counter = counter + 1: null

2018-12-13 23:53:46 - [TEST_STEP][PASSED] - Statement - PreSaveFile = new java.io.File(((pathPrefix + java.lang.Integer.toString(counter)) + .png)): null

2018-12-13 23:53:46 - [TEST_STEP][PASSED] - Statement - counter = counter + 1: null

2018-12-13 23:53:46 - [TEST_STEP][PASSED] - Statement - PreSaveFile = new java.io.File(((pathPrefix + java.lang.Integer.toString(counter)) + .png)): null

2018-12-13 23:53:46 - [TEST_STEP][PASSED] - Statement - counter = counter + 1: null

2018-12-13 23:53:46 - [TEST_STEP][PASSED] - Statement - PreSaveFile = new java.io.File(((pathPrefix + java.lang.Integer.toString(counter)) + .png)): null

2018-12-13 23:53:46 - [TEST_STEP][PASSED] - Statement - counter = counter + 1: null

2018-12-13 23:53:46 - [TEST_STEP][PASSED] - Statement - PreSaveFile = new java.io.File(((pathPrefix + java.lang.Integer.toString(counter)) + .png)): null

2018-12-13 23:53:46 - [TEST_STEP][PASSED] - Statement - counter = counter + 1: null

2018-12-13 23:53:46 - [TEST_STEP][PASSED] - Statement - PreSaveFile = new java.io.File(((pathPrefix + java.lang.Integer.toString(counter)) + .png)): null

2018-12-13 23:53:46 - [TEST_STEP][PASSED] - Statement - counter = counter + 1: null

2018-12-13 23:53:46 - [TEST_STEP][PASSED] - Statement - PreSaveFile = new java.io.File(((pathPrefix + java.lang.Integer.toString(counter)) + .png)): null

2018-12-13 23:53:46 - [TEST_STEP][PASSED] - Statement - counter = counter + 1: null

2018-12-13 23:53:46 - [TEST_STEP][PASSED] - Statement - PreSaveFile = new java.io.File(((pathPrefix + java.lang.Integer.toString(counter)) + .png)): null

2018-12-13 23:53:46 - [TEST_STEP][PASSED] - Statement - counter = counter + 1: null

2018-12-13 23:53:46 - [TEST_STEP][PASSED] - Statement - PreSaveFile = new java.io.File(((pathPrefix + java.lang.Integer.toString(counter)) + .png)): null

2018-12-13 23:53:46 - [TEST_STEP][PASSED] - Statement - counter = counter + 1: null

2018-12-13 23:53:46 - [TEST_STEP][PASSED] - Statement - PreSaveFile = new java.io.File(((pathPrefix + java.lang.Integer.toString(counter)) + .png)): null

2018-12-13 23:53:46 - [TEST_STEP][PASSED] - Statement - counter = counter + 1: null

2018-12-13 23:53:46 - [TEST_STEP][PASSED] - Statement - PreSaveFile = new java.io.File(((pathPrefix + java.lang.Integer.toString(counter)) + .png)): null

2018-12-13 23:53:46 - [TEST_STEP][PASSED] - Statement - counter = counter + 1: null

2018-12-13 23:53:46 - [TEST_STEP][PASSED] - Statement - PreSaveFile = new java.io.File(((pathPrefix + java.lang.Integer.toString(counter)) + .png)): null

2018-12-13 23:53:46 - [TEST_STEP][PASSED] - Statement - counter = counter + 1: null

2018-12-13 23:53:46 - [TEST_STEP][PASSED] - Statement - PreSaveFile = new java.io.File(((pathPrefix + java.lang.Integer.toString(counter)) + .png)): null

2018-12-13 23:53:46 - [TEST_STEP][PASSED] - Statement - counter = counter + 1: null

2018-12-13 23:53:46 - [TEST_STEP][PASSED] - Statement - PreSaveFile = new java.io.File(((pathPrefix + java.lang.Integer.toString(counter)) + .png)): null

2018-12-13 23:53:46 - [TEST_STEP][PASSED] - Statement - counter = counter + 1: null

2018-12-13 23:53:46 - [TEST_STEP][PASSED] - Statement - PreSaveFile = new java.io.File(((pathPrefix + java.lang.Integer.toString(counter)) + .png)): null

2018-12-13 23:53:46 - [TEST_STEP][PASSED] - Statement - counter = counter + 1: null

2018-12-13 23:53:46 - [TEST_STEP][PASSED] - Statement - PreSaveFile = new java.io.File(((pathPrefix + java.lang.Integer.toString(counter)) + .png)): null

2018-12-13 23:53:46 - [TEST_STEP][PASSED] - Statement - counter = counter + 1: null

2018-12-13 23:53:46 - [TEST_STEP][PASSED] - Statement - PreSaveFile = new java.io.File(((pathPrefix + java.lang.Integer.toString(counter)) + .png)): null

2018-12-13 23:53:46 - [TEST_STEP][PASSED] - Statement - counter = counter + 1: null

2018-12-13 23:53:46 - [TEST_STEP][PASSED] - Statement - PreSaveFile = new java.io.File(((pathPrefix + java.lang.Integer.toString(counter)) + .png)): null

2018-12-13 23:53:46 - [TEST_STEP][PASSED] - Statement - counter = counter + 1: null

2018-12-13 23:53:46 - [TEST_STEP][PASSED] - Statement - PreSaveFile = new java.io.File(((pathPrefix + java.lang.Integer.toString(counter)) + .png)): null

2018-12-13 23:53:46 - [TEST_STEP][PASSED] - Statement - counter = counter + 1: null

2018-12-13 23:53:46 - [TEST_STEP][PASSED] - Statement - PreSaveFile = new java.io.File(((pathPrefix + java.lang.Integer.toString(counter)) + .png)): null

2018-12-13 23:53:46 - [TEST_STEP][PASSED] - Statement - counter = counter + 1: null

2018-12-13 23:53:46 - [TEST_STEP][PASSED] - Statement - PreSaveFile = new java.io.File(((pathPrefix + java.lang.Integer.toString(counter)) + .png)): null

2018-12-13 23:53:46 - [TEST_STEP][PASSED] - Statement - counter = counter + 1: null

2018-12-13 23:53:46 - [TEST_STEP][PASSED] - Statement - PreSaveFile = new java.io.File(((pathPrefix + java.lang.Integer.toString(counter)) + .png)): null

2018-12-13 23:53:46 - [TEST_STEP][PASSED] - Statement - counter = counter + 1: null

2018-12-13 23:53:46 - [TEST_STEP][PASSED] - Statement - PreSaveFile = new java.io.File(((pathPrefix + java.lang.Integer.toString(counter)) + .png)): null

2018-12-13 23:53:46 - [TEST_STEP][PASSED] - Statement - counter = counter + 1: null

2018-12-13 23:53:46 - [TEST_STEP][PASSED] - Statement - PreSaveFile = new java.io.File(((pathPrefix + java.lang.Integer.toString(counter)) + .png)): null

2018-12-13 23:53:46 - [TEST_STEP][PASSED] - Statement - counter = counter + 1: null

2018-12-13 23:53:46 - [TEST_STEP][PASSED] - Statement - PreSaveFile = new java.io.File(((pathPrefix + java.lang.Integer.toString(counter)) + .png)): null

2018-12-13 23:53:46 - [TEST_STEP][PASSED] - Statement - counter = counter + 1: null

2018-12-13 23:53:46 - [TEST_STEP][PASSED] - Statement - PreSaveFile = new java.io.File(((pathPrefix + java.lang.Integer.toString(counter)) + .png)): null

2018-12-13 23:53:46 - [TEST_STEP][PASSED] - Statement - counter = counter + 1: null

2018-12-13 23:53:46 - [TEST_STEP][PASSED] - Statement - PreSaveFile = new java.io.File(((pathPrefix + java.lang.Integer.toString(counter)) + .png)): null

2018-12-13 23:53:46 - [TEST_STEP][PASSED] - Statement - counter = counter + 1: null

2018-12-13 23:53:46 - [TEST_STEP][PASSED] - Statement - PreSaveFile = new java.io.File(((pathPrefix + java.lang.Integer.toString(counter)) + .png)): null

2018-12-13 23:53:46 - [TEST_STEP][PASSED] - Statement - counter = counter + 1: null

2018-12-13 23:53:46 - [TEST_STEP][PASSED] - Statement - PreSaveFile = new java.io.File(((pathPrefix + java.lang.Integer.toString(counter)) + .png)): null

2018-12-13 23:53:46 - [TEST_STEP][PASSED] - Statement - counter = counter + 1: null

2018-12-13 23:53:46 - [TEST_STEP][PASSED] - Statement - PreSaveFile = new java.io.File(((pathPrefix + java.lang.Integer.toString(counter)) + .png)): null

2018-12-13 23:53:46 - [TEST_STEP][PASSED] - Statement - counter = counter + 1: null

2018-12-13 23:53:46 - [TEST_STEP][PASSED] - Statement - PreSaveFile = new java.io.File(((pathPrefix + java.lang.Integer.toString(counter)) + .png)): null

2018-12-13 23:53:46 - [TEST_STEP][PASSED] - Statement - counter = counter + 1: null

2018-12-13 23:53:46 - [TEST_STEP][PASSED] - Statement - PreSaveFile = new java.io.File(((pathPrefix + java.lang.Integer.toString(counter)) + .png)): null

2018-12-13 23:53:46 - [TEST_STEP][PASSED] - Statement - counter = counter + 1: null

2018-12-13 23:53:46 - [TEST_STEP][PASSED] - Statement - PreSaveFile = new java.io.File(((pathPrefix + java.lang.Integer.toString(counter)) + .png)): null

2018-12-13 23:53:46 - [TEST_STEP][PASSED] - Statement - counter = counter + 1: null

2018-12-13 23:53:46 - [TEST_STEP][PASSED] - Statement - PreSaveFile = new java.io.File(((pathPrefix + java.lang.Integer.toString(counter)) + .png)): null

2018-12-13 23:53:46 - [TEST_STEP][PASSED] - Statement - counter = counter + 1: null

2018-12-13 23:53:46 - [TEST_STEP][PASSED] - Statement - PreSaveFile = new java.io.File(((pathPrefix + java.lang.Integer.toString(counter)) + .png)): null

2018-12-13 23:53:46 - [TEST_STEP][PASSED] - Statement - counter = counter + 1: null

2018-12-13 23:53:46 - [TEST_STEP][PASSED] - Statement - PreSaveFile = new java.io.File(((pathPrefix + java.lang.Integer.toString(counter)) + .png)): null

2018-12-13 23:53:46 - [TEST_STEP][PASSED] - Statement - counter = counter + 1: null

2018-12-13 23:53:46 - [TEST_STEP][PASSED] - Statement - PreSaveFile = new java.io.File(((pathPrefix + java.lang.Integer.toString(counter)) + .png)): null

2018-12-13 23:53:46 - [TEST_STEP][PASSED] - Statement - counter = counter + 1: null

2018-12-13 23:53:46 - [TEST_STEP][PASSED] - Statement - PreSaveFile = new java.io.File(((pathPrefix + java.lang.Integer.toString(counter)) + .png)): null

2018-12-13 23:53:46 - [TEST_STEP][PASSED] - Statement - counter = counter + 1: null

2018-12-13 23:53:46 - [TEST_STEP][PASSED] - Statement - PreSaveFile = new java.io.File(((pathPrefix + java.lang.Integer.toString(counter)) + .png)): null

2018-12-13 23:53:46 - [TEST_STEP][PASSED] - Statement - counter = counter + 1: null

2018-12-13 23:53:46 - [TEST_STEP][PASSED] - Statement - PreSaveFile = new java.io.File(((pathPrefix + java.lang.Integer.toString(counter)) + .png)): null

2018-12-13 23:53:46 - [TEST_STEP][PASSED] - Statement - counter = counter + 1: null

2018-12-13 23:53:46 - [TEST_STEP][PASSED] - Statement - PreSaveFile = new java.io.File(((pathPrefix + java.lang.Integer.toString(counter)) + .png)): null

2018-12-13 23:53:46 - [TEST_STEP][PASSED] - Statement - counter = counter + 1: null

2018-12-13 23:53:46 - [TEST_STEP][PASSED] - Statement - PreSaveFile = new java.io.File(((pathPrefix + java.lang.Integer.toString(counter)) + .png)): null

2018-12-13 23:53:46 - [TEST_STEP][PASSED] - Statement - counter = counter + 1: null

2018-12-13 23:53:46 - [TEST_STEP][PASSED] - Statement - PreSaveFile = new java.io.File(((pathPrefix + java.lang.Integer.toString(counter)) + .png)): null

2018-12-13 23:53:46 - [TEST_STEP][PASSED] - Statement - counter = counter + 1: null

2018-12-13 23:53:46 - [TEST_STEP][PASSED] - Statement - PreSaveFile = new java.io.File(((pathPrefix + java.lang.Integer.toString(counter)) + .png)): null

2018-12-13 23:53:46 - [TEST_STEP][PASSED] - Statement - counter = counter + 1: null

2018-12-13 23:53:46 - [TEST_STEP][PASSED] - Statement - PreSaveFile = new java.io.File(((pathPrefix + java.lang.Integer.toString(counter)) + .png)): null

2018-12-13 23:53:46 - [TEST_STEP][PASSED] - Statement - counter = counter + 1: null

2018-12-13 23:53:46 - [TEST_STEP][PASSED] - Statement - PreSaveFile = new java.io.File(((pathPrefix + java.lang.Integer.toString(counter)) + .png)): null

2018-12-13 23:53:46 - [TEST_STEP][PASSED] - Statement - counter = counter + 1: null

2018-12-13 23:53:46 - [TEST_STEP][PASSED] - Statement - PreSaveFile = new java.io.File(((pathPrefix + java.lang.Integer.toString(counter)) + .png)): null

2018-12-13 23:53:46 - [TEST_STEP][PASSED] - Statement - counter = counter + 1: null

2018-12-13 23:53:46 - [TEST_STEP][PASSED] - Statement - PreSaveFile = new java.io.File(((pathPrefix + java.lang.Integer.toString(counter)) + .png)): null

2018-12-13 23:53:46 - [TEST_STEP][PASSED] - Statement - counter = counter + 1: null

2018-12-13 23:53:46 - [TEST_STEP][PASSED] - Statement - PreSaveFile = new java.io.File(((pathPrefix + java.lang.Integer.toString(counter)) + .png)): null

2018-12-13 23:53:46 - [TEST_STEP][PASSED] - Statement - counter = counter + 1: null

2018-12-13 23:53:46 - [TEST_STEP][PASSED] - Statement - PreSaveFile = new java.io.File(((pathPrefix + java.lang.Integer.toString(counter)) + .png)): null

2018-12-13 23:53:46 - [TEST_STEP][PASSED] - Statement - counter = counter + 1: null

2018-12-13 23:53:46 - [TEST_STEP][PASSED] - Statement - PreSaveFile = new java.io.File(((pathPrefix + java.lang.Integer.toString(counter)) + .png)): null

2018-12-13 23:53:46 - [TEST_STEP][PASSED] - Statement - counter = counter + 1: null

2018-12-13 23:53:46 - [TEST_STEP][PASSED] - Statement - PreSaveFile = new java.io.File(((pathPrefix + java.lang.Integer.toString(counter)) + .png)): null

2018-12-13 23:53:46 - [TEST_STEP][PASSED] - Statement - counter = counter + 1: null

2018-12-13 23:53:46 - [TEST_STEP][PASSED] - Statement - PreSaveFile = new java.io.File(((pathPrefix + java.lang.Integer.toString(counter)) + .png)): null

2018-12-13 23:53:46 - [TEST_STEP][PASSED] - Statement - counter = counter + 1: null

2018-12-13 23:53:46 - [TEST_STEP][PASSED] - Statement - PreSaveFile = new java.io.File(((pathPrefix + java.lang.Integer.toString(counter)) + .png)): null

2018-12-13 23:53:46 - [TEST_STEP][PASSED] - Statement - counter = counter + 1: null

2018-12-13 23:53:46 - [TEST_STEP][PASSED] - Statement - PreSaveFile = new java.io.File(((pathPrefix + java.lang.Integer.toString(counter)) + .png)): null

2018-12-13 23:53:46 - [TEST_STEP][PASSED] - Statement - counter = counter + 1: null

2018-12-13 23:53:46 - [TEST_STEP][PASSED] - Statement - PreSaveFile = new java.io.File(((pathPrefix + java.lang.Integer.toString(counter)) + .png)): null

2018-12-13 23:53:46 - [TEST_STEP][PASSED] - Statement - counter = counter + 1: null

2018-12-13 23:53:46 - [TEST_STEP][PASSED] - Statement - PreSaveFile = new java.io.File(((pathPrefix + java.lang.Integer.toString(counter)) + .png)): null

2018-12-13 23:53:46 - [TEST_STEP][PASSED] - Statement - counter = counter + 1: null

2018-12-13 23:53:46 - [TEST_STEP][PASSED] - Statement - PreSaveFile = new java.io.File(((pathPrefix + java.lang.Integer.toString(counter)) + .png)): null

2018-12-13 23:53:46 - [TEST_STEP][PASSED] - Statement - counter = counter + 1: null

2018-12-13 23:53:46 - [TEST_STEP][PASSED] - Statement - PreSaveFile = new java.io.File(((pathPrefix + java.lang.Integer.toString(counter)) + .png)): null

2018-12-13 23:53:46 - [TEST_STEP][PASSED] - Statement - counter = counter + 1: null

2018-12-13 23:53:46 - [TEST_STEP][PASSED] - Statement - PreSaveFile = new java.io.File(((pathPrefix + java.lang.Integer.toString(counter)) + .png)): null

2018-12-13 23:53:46 - [TEST_STEP][PASSED] - Statement - counter = counter + 1: null

2018-12-13 23:53:46 - [TEST_STEP][PASSED] - Statement - PreSaveFile = new java.io.File(((pathPrefix + java.lang.Integer.toString(counter)) + .png)): null

2018-12-13 23:53:46 - [TEST_STEP][PASSED] - Statement - counter = counter + 1: null

2018-12-13 23:53:46 - [TEST_STEP][PASSED] - Statement - PreSaveFile = new java.io.File(((pathPrefix + java.lang.Integer.toString(counter)) + .png)): null

2018-12-13 23:53:46 - [TEST_STEP][PASSED] - Statement - counter = counter + 1: null

2018-12-13 23:53:46 - [TEST_STEP][PASSED] - Statement - PreSaveFile = new java.io.File(((pathPrefix + java.lang.Integer.toString(counter)) + .png)): null

2018-12-13 23:53:46 - [TEST_STEP][PASSED] - Statement - counter = counter + 1: null

2018-12-13 23:53:46 - [TEST_STEP][PASSED] - Statement - PreSaveFile = new java.io.File(((pathPrefix + java.lang.Integer.toString(counter)) + .png)): null

2018-12-13 23:53:46 - [TEST_STEP][PASSED] - Statement - counter = counter + 1: null

2018-12-13 23:53:46 - [TEST_STEP][PASSED] - Statement - PreSaveFile = new java.io.File(((pathPrefix + java.lang.Integer.toString(counter)) + .png)): null

2018-12-13 23:53:46 - [TEST_STEP][PASSED] - Statement - counter = counter + 1: null

2018-12-13 23:53:46 - [TEST_STEP][PASSED] - Statement - PreSaveFile = new java.io.File(((pathPrefix + java.lang.Integer.toString(counter)) + .png)): null

2018-12-13 23:53:46 - [TEST_STEP][PASSED] - Statement - counter = counter + 1: null

2018-12-13 23:53:46 - [TEST_STEP][PASSED] - Statement - PreSaveFile = new java.io.File(((pathPrefix + java.lang.Integer.toString(counter)) + .png)): null

2018-12-13 23:53:46 - [TEST_STEP][PASSED] - Statement - counter = counter + 1: null

2018-12-13 23:53:46 - [TEST_STEP][PASSED] - Statement - PreSaveFile = new java.io.File(((pathPrefix + java.lang.Integer.toString(counter)) + .png)): null

2018-12-13 23:53:46 - [TEST_STEP][PASSED] - Statement - counter = counter + 1: null

2018-12-13 23:53:46 - [TEST_STEP][PASSED] - Statement - PreSaveFile = new java.io.File(((pathPrefix + java.lang.Integer.toString(counter)) + .png)): null

2018-12-13 23:53:46 - [TEST_STEP][PASSED] - Statement - counter = counter + 1: null

2018-12-13 23:53:46 - [TEST_STEP][PASSED] - Statement - PreSaveFile = new java.io.File(((pathPrefix + java.lang.Integer.toString(counter)) + .png)): null

2018-12-13 23:53:46 - [TEST_STEP][PASSED] - Statement - counter = counter + 1: null

2018-12-13 23:53:46 - [TEST_STEP][PASSED] - Statement - PreSaveFile = new java.io.File(((pathPrefix + java.lang.Integer.toString(counter)) + .png)): null

2018-12-13 23:53:46 - [TEST_STEP][PASSED] - Statement - counter = counter + 1: null

2018-12-13 23:53:46 - [TEST_STEP][PASSED] - Statement - PreSaveFile = new java.io.File(((pathPrefix + java.lang.Integer.toString(counter)) + .png)): null

2018-12-13 23:53:46 - [TEST_STEP][PASSED] - Statement - counter = counter + 1: null

2018-12-13 23:53:46 - [TEST_STEP][PASSED] - Statement - PreSaveFile = new java.io.File(((pathPrefix + java.lang.Integer.toString(counter)) + .png)): null

2018-12-13 23:53:46 - [TEST_STEP][PASSED] - Statement - counter = counter + 1: null

2018-12-13 23:53:46 - [TEST_STEP][PASSED] - Statement - PreSaveFile = new java.io.File(((pathPrefix + java.lang.Integer.toString(counter)) + .png)): null

2018-12-13 23:53:46 - [TEST_STEP][PASSED] - Statement - counter = counter + 1: null

2018-12-13 23:53:46 - [TEST_STEP][PASSED] - Statement - PreSaveFile = new java.io.File(((pathPrefix + java.lang.Integer.toString(counter)) + .png)): null

2018-12-13 23:53:46 - [TEST_STEP][PASSED] - Statement - counter = counter + 1: null

2018-12-13 23:53:46 - [TEST_STEP][PASSED] - Statement - PreSaveFile = new java.io.File(((pathPrefix + java.lang.Integer.toString(counter)) + .png)): null

2018-12-13 23:53:46 - [TEST_STEP][PASSED] - Statement - counter = counter + 1: null

2018-12-13 23:53:46 - [TEST_STEP][PASSED] - Statement - PreSaveFile = new java.io.File(((pathPrefix + java.lang.Integer.toString(counter)) + .png)): null

2018-12-13 23:53:46 - [TEST_STEP][PASSED] - Statement - counter = counter + 1: null

2018-12-13 23:53:46 - [TEST_STEP][PASSED] - Statement - PreSaveFile = new java.io.File(((pathPrefix + java.lang.Integer.toString(counter)) + .png)): null

2018-12-13 23:53:46 - [TEST_STEP][PASSED] - Statement - counter = counter + 1: null

2018-12-13 23:53:46 - [TEST_STEP][PASSED] - Statement - PreSaveFile = new java.io.File(((pathPrefix + java.lang.Integer.toString(counter)) + .png)): null

2018-12-13 23:53:46 - [TEST_STEP][PASSED] - Statement - counter = counter + 1: null

2018-12-13 23:53:46 - [TEST_STEP][PASSED] - Statement - PreSaveFile = new java.io.File(((pathPrefix + java.lang.Integer.toString(counter)) + .png)): null

2018-12-13 23:53:46 - [TEST_STEP][PASSED] - Statement - counter = counter + 1: null

2018-12-13 23:53:46 - [TEST_STEP][PASSED] - Statement - PreSaveFile = new java.io.File(((pathPrefix + java.lang.Integer.toString(counter)) + .png)): null

2018-12-13 23:53:46 - [TEST_STEP][PASSED] - Statement - counter = counter + 1: null

2018-12-13 23:53:46 - [TEST_STEP][PASSED] - Statement - PreSaveFile = new java.io.File(((pathPrefix + java.lang.Integer.toString(counter)) + .png)): null

2018-12-13 23:53:46 - [TEST_STEP][PASSED] - Statement - counter = counter + 1: null

2018-12-13 23:53:46 - [TEST_STEP][PASSED] - Statement - PreSaveFile = new java.io.File(((pathPrefix + java.lang.Integer.toString(counter)) + .png)): null

2018-12-13 23:53:46 - [TEST_STEP][PASSED] - Statement - counter = counter + 1: null

2018-12-13 23:53:46 - [TEST_STEP][PASSED] - Statement - PreSaveFile = new java.io.File(((pathPrefix + java.lang.Integer.toString(counter)) + .png)): null

2018-12-13 23:53:46 - [TEST_STEP][PASSED] - Statement - counter = counter + 1: null

2018-12-13 23:53:46 - [TEST_STEP][PASSED] - Statement - PreSaveFile = new java.io.File(((pathPrefix + java.lang.Integer.toString(counter)) + .png)): null

2018-12-13 23:53:46 - [TEST_STEP][PASSED] - Statement - counter = counter + 1: null

2018-12-13 23:53:46 - [TEST_STEP][PASSED] - Statement - PreSaveFile = new java.io.File(((pathPrefix + java.lang.Integer.toString(counter)) + .png)): null

2018-12-13 23:53:46 - [TEST_STEP][PASSED] - Statement - counter = counter + 1: null

2018-12-13 23:53:46 - [TEST_STEP][PASSED] - Statement - PreSaveFile = new java.io.File(((pathPrefix + java.lang.Integer.toString(counter)) + .png)): null

2018-12-13 23:53:46 - [TEST_STEP][PASSED] - Statement - counter = counter + 1: null

2018-12-13 23:53:46 - [TEST_STEP][PASSED] - Statement - PreSaveFile = new java.io.File(((pathPrefix + java.lang.Integer.toString(counter)) + .png)): null

2018-12-13 23:53:46 - [TEST_STEP][PASSED] - Statement - counter = counter + 1: null

2018-12-13 23:53:46 - [TEST_STEP][PASSED] - Statement - PreSaveFile = new java.io.File(((pathPrefix + java.lang.Integer.toString(counter)) + .png)): null

2018-12-13 23:53:46 - [TEST_STEP][PASSED] - Statement - counter = counter + 1: null

2018-12-13 23:53:46 - [TEST_STEP][PASSED] - Statement - PreSaveFile = new java.io.File(((pathPrefix + java.lang.Integer.toString(counter)) + .png)): null

2018-12-13 23:53:46 - [TEST_STEP][PASSED] - Statement - counter = counter + 1: null

2018-12-13 23:53:46 - [TEST_STEP][PASSED] - Statement - PreSaveFile = new java.io.File(((pathPrefix + java.lang.Integer.toString(counter)) + .png)): null

2018-12-13 23:53:46 - [TEST_STEP][PASSED] - Statement - counter = counter + 1: null

2018-12-13 23:53:46 - [TEST_STEP][PASSED] - Statement - PreSaveFile = new java.io.File(((pathPrefix + java.lang.Integer.toString(counter)) + .png)): null

2018-12-13 23:53:46 - [TEST_STEP][PASSED] - Statement - counter = counter + 1: null

2018-12-13 23:53:46 - [TEST_STEP][PASSED] - Statement - PreSaveFile = new java.io.File(((pathPrefix + java.lang.Integer.toString(counter)) + .png)): null

2018-12-13 23:53:46 - [TEST_STEP][PASSED] - Statement - counter = counter + 1: null

2018-12-13 23:53:46 - [TEST_STEP][PASSED] - Statement - PreSaveFile = new java.io.File(((pathPrefix + java.lang.Integer.toString(counter)) + .png)): null

2018-12-13 23:53:46 - [TEST_STEP][PASSED] - Statement - counter = counter + 1: null

2018-12-13 23:53:46 - [TEST_STEP][PASSED] - Statement - PreSaveFile = new java.io.File(((pathPrefix + java.lang.Integer.toString(counter)) + .png)): null

2018-12-13 23:53:46 - [TEST_STEP][PASSED] - Statement - counter = counter + 1: null

2018-12-13 23:53:46 - [TEST_STEP][PASSED] - Statement - PreSaveFile = new java.io.File(((pathPrefix + java.lang.Integer.toString(counter)) + .png)): null

2018-12-13 23:53:46 - [TEST_STEP][PASSED] - Statement - counter = counter + 1: null

2018-12-13 23:53:46 - [TEST_STEP][PASSED] - Statement - PreSaveFile = new java.io.File(((pathPrefix + java.lang.Integer.toString(counter)) + .png)): null

2018-12-13 23:53:46 - [TEST_STEP][PASSED] - Statement - counter = counter + 1: null

2018-12-13 23:53:46 - [TEST_STEP][PASSED] - Statement - PreSaveFile = new java.io.File(((pathPrefix + java.lang.Integer.toString(counter)) + .png)): null

2018-12-13 23:53:46 - [TEST_STEP][PASSED] - Statement - counter = counter + 1: null

2018-12-13 23:53:46 - [TEST_STEP][PASSED] - Statement - PreSaveFile = new java.io.File(((pathPrefix + java.lang.Integer.toString(counter)) + .png)): null

2018-12-13 23:53:46 - [TEST_STEP][PASSED] - Statement - counter = counter + 1: null

2018-12-13 23:53:46 - [TEST_STEP][PASSED] - Statement - PreSaveFile = new java.io.File(((pathPrefix + java.lang.Integer.toString(counter)) + .png)): null

2018-12-13 23:53:46 - [TEST_STEP][PASSED] - Statement - counter = counter + 1: null

2018-12-13 23:53:46 - [TEST_STEP][PASSED] - Statement - PreSaveFile = new java.io.File(((pathPrefix + java.lang.Integer.toString(counter)) + .png)): null

2018-12-13 23:53:46 - [TEST_STEP][PASSED] - Statement - counter = counter + 1: null

2018-12-13 23:53:46 - [TEST_STEP][PASSED] - Statement - PreSaveFile = new java.io.File(((pathPrefix + java.lang.Integer.toString(counter)) + .png)): null

2018-12-13 23:53:46 - [TEST_STEP][PASSED] - Statement - counter = counter + 1: null

2018-12-13 23:53:46 - [TEST_STEP][PASSED] - Statement - PreSaveFile = new java.io.File(((pathPrefix + java.lang.Integer.toString(counter)) + .png)): null

2018-12-13 23:53:46 - [TEST_STEP][PASSED] - Statement - counter = counter + 1: null

2018-12-13 23:53:46 - [TEST_STEP][PASSED] - Statement - PreSaveFile = new java.io.File(((pathPrefix + java.lang.Integer.toString(counter)) + .png)): null

2018-12-13 23:53:46 - [TEST_STEP][PASSED] - Statement - counter = counter + 1: null

2018-12-13 23:53:46 - [TEST_STEP][PASSED] - Statement - PreSaveFile = new java.io.File(((pathPrefix + java.lang.Integer.toString(counter)) + .png)): null

2018-12-13 23:53:46 - [TEST_STEP][PASSED] - Statement - counter = counter + 1: null

2018-12-13 23:53:46 - [TEST_STEP][PASSED] - Statement - PreSaveFile = new java.io.File(((pathPrefix + java.lang.Integer.toString(counter)) + .png)): null

2018-12-13 23:53:46 - [TEST_STEP][PASSED] - Statement - counter = counter + 1: null

2018-12-13 23:53:46 - [TEST_STEP][PASSED] - Statement - PreSaveFile = new java.io.File(((pathPrefix + java.lang.Integer.toString(counter)) + .png)): null

2018-12-13 23:53:46 - [TEST_STEP][PASSED] - Statement - counter = counter + 1: null

2018-12-13 23:53:46 - [TEST_STEP][PASSED] - Statement - PreSaveFile = new java.io.File(((pathPrefix + java.lang.Integer.toString(counter)) + .png)): null

2018-12-13 23:53:46 - [TEST_STEP][PASSED] - Statement - counter = counter + 1: null

2018-12-13 23:53:46 - [TEST_STEP][PASSED] - Statement - PreSaveFile = new java.io.File(((pathPrefix + java.lang.Integer.toString(counter)) + .png)): null

2018-12-13 23:53:46 - [TEST_STEP][PASSED] - Statement - counter = counter + 1: null

2018-12-13 23:53:46 - [TEST_STEP][PASSED] - Statement - PreSaveFile = new java.io.File(((pathPrefix + java.lang.Integer.toString(counter)) + .png)): null

2018-12-13 23:53:46 - [TEST_STEP][PASSED] - Statement - counter = counter + 1: null

2018-12-13 23:53:46 - [TEST_STEP][PASSED] - Statement - PreSaveFile = new java.io.File(((pathPrefix + java.lang.Integer.toString(counter)) + .png)): null

2018-12-13 23:53:46 - [TEST_STEP][PASSED] - Statement - counter = counter + 1: null

2018-12-13 23:53:46 - [TEST_STEP][PASSED] - Statement - PreSaveFile = new java.io.File(((pathPrefix + java.lang.Integer.toString(counter)) + .png)): null

2018-12-13 23:53:46 - [TEST_STEP][PASSED] - Statement - counter = counter + 1: null

2018-12-13 23:53:46 - [TEST_STEP][PASSED] - Statement - PreSaveFile = new java.io.File(((pathPrefix + java.lang.Integer.toString(counter)) + .png)): null

2018-12-13 23:53:46 - [TEST_STEP][PASSED] - Statement - counter = counter + 1: null

2018-12-13 23:53:46 - [TEST_STEP][PASSED] - Statement - PreSaveFile = new java.io.File(((pathPrefix + java.lang.Integer.toString(counter)) + .png)): null

2018-12-13 23:53:46 - [TEST_STEP][PASSED] - Statement - counter = counter + 1: null

2018-12-13 23:53:46 - [TEST_STEP][PASSED] - Statement - PreSaveFile = new java.io.File(((pathPrefix + java.lang.Integer.toString(counter)) + .png)): null

2018-12-13 23:53:46 - [TEST_STEP][PASSED] - Statement - counter = counter + 1: null

2018-12-13 23:53:46 - [TEST_STEP][PASSED] - Statement - PreSaveFile = new java.io.File(((pathPrefix + java.lang.Integer.toString(counter)) + .png)): null

2018-12-13 23:53:46 - [TEST_STEP][PASSED] - Statement - counter = counter + 1: null

2018-12-13 23:53:46 - [TEST_STEP][PASSED] - Statement - PreSaveFile = new java.io.File(((pathPrefix + java.lang.Integer.toString(counter)) + .png)): null

2018-12-13 23:53:46 - [TEST_STEP][PASSED] - Statement - counter = counter + 1: null

2018-12-13 23:53:46 - [TEST_STEP][PASSED] - Statement - PreSaveFile = new java.io.File(((pathPrefix + java.lang.Integer.toString(counter)) + .png)): null

2018-12-13 23:53:46 - [TEST_STEP][PASSED] - Statement - counter = counter + 1: null

2018-12-13 23:53:46 - [TEST_STEP][PASSED] - Statement - PreSaveFile = new java.io.File(((pathPrefix + java.lang.Integer.toString(counter)) + .png)): null

2018-12-13 23:53:46 - [TEST_STEP][PASSED] - Statement - counter = counter + 1: null

2018-12-13 23:53:46 - [TEST_STEP][PASSED] - Statement - PreSaveFile = new java.io.File(((pathPrefix + java.lang.Integer.toString(counter)) + .png)): null

2018-12-13 23:53:46 - [TEST_STEP][PASSED] - Statement - counter = counter + 1: null

2018-12-13 23:53:46 - [TEST_STEP][PASSED] - Statement - PreSaveFile = new java.io.File(((pathPrefix + java.lang.Integer.toString(counter)) + .png)): null

2018-12-13 23:53:46 - [TEST_STEP][PASSED] - Statement - counter = counter + 1: null

2018-12-13 23:53:46 - [TEST_STEP][PASSED] - Statement - PreSaveFile = new java.io.File(((pathPrefix + java.lang.Integer.toString(counter)) + .png)): null

2018-12-13 23:53:46 - [TEST_STEP][PASSED] - Statement - counter = counter + 1: null

2018-12-13 23:53:46 - [TEST_STEP][PASSED] - Statement - PreSaveFile = new java.io.File(((pathPrefix + java.lang.Integer.toString(counter)) + .png)): null

2018-12-13 23:53:46 - [TEST_STEP][PASSED] - Statement - counter = counter + 1: null

2018-12-13 23:53:46 - [TEST_STEP][PASSED] - Statement - PreSaveFile = new java.io.File(((pathPrefix + java.lang.Integer.toString(counter)) + .png)): null

2018-12-13 23:53:46 - [TEST_STEP][PASSED] - Statement - counter = counter + 1: null

2018-12-13 23:53:46 - [TEST_STEP][PASSED] - Statement - PreSaveFile = new java.io.File(((pathPrefix + java.lang.Integer.toString(counter)) + .png)): null

2018-12-13 23:53:46 - [TEST_STEP][PASSED] - Statement - counter = counter + 1: null

2018-12-13 23:53:46 - [TEST_STEP][PASSED] - Statement - PreSaveFile = new java.io.File(((pathPrefix + java.lang.Integer.toString(counter)) + .png)): null

2018-12-13 23:53:46 - [TEST_STEP][PASSED] - Statement - counter = counter + 1: null

2018-12-13 23:53:46 - [TEST_STEP][PASSED] - Statement - PreSaveFile = new java.io.File(((pathPrefix + java.lang.Integer.toString(counter)) + .png)): null

2018-12-13 23:53:46 - [TEST_STEP][PASSED] - Statement - counter = counter + 1: null

2018-12-13 23:53:46 - [TEST_STEP][PASSED] - Statement - PreSaveFile = new java.io.File(((pathPrefix + java.lang.Integer.toString(counter)) + .png)): null

2018-12-13 23:53:46 - [TEST_STEP][PASSED] - Statement - counter = counter + 1: null

2018-12-13 23:53:46 - [TEST_STEP][PASSED] - Statement - PreSaveFile = new java.io.File(((pathPrefix + java.lang.Integer.toString(counter)) + .png)): null

2018-12-13 23:53:46 - [TEST_STEP][PASSED] - Statement - counter = counter + 1: null

2018-12-13 23:53:46 - [TEST_STEP][PASSED] - Statement - PreSaveFile = new java.io.File(((pathPrefix + java.lang.Integer.toString(counter)) + .png)): null

2018-12-13 23:53:46 - [TEST_STEP][PASSED] - Statement - counter = counter + 1: null

2018-12-13 23:53:46 - [TEST_STEP][PASSED] - Statement - PreSaveFile = new java.io.File(((pathPrefix + java.lang.Integer.toString(counter)) + .png)): null

2018-12-13 23:53:46 - [TEST_STEP][PASSED] - Statement - counter = counter + 1: null

2018-12-13 23:53:46 - [TEST_STEP][PASSED] - Statement - PreSaveFile = new java.io.File(((pathPrefix + java.lang.Integer.toString(counter)) + .png)): null

2018-12-13 23:53:46 - [TEST_STEP][PASSED] - Statement - counter = counter + 1: null

2018-12-13 23:53:46 - [TEST_STEP][PASSED] - Statement - PreSaveFile = new java.io.File(((pathPrefix + java.lang.Integer.toString(counter)) + .png)): null

2018-12-13 23:53:46 - [TEST_STEP][PASSED] - Statement - counter = counter + 1: null

2018-12-13 23:53:46 - [TEST_STEP][PASSED] - Statement - PreSaveFile = new java.io.File(((pathPrefix + java.lang.Integer.toString(counter)) + .png)): null

2018-12-13 23:53:46 - [TEST_STEP][PASSED] - Statement - counter = counter + 1: null

2018-12-13 23:53:46 - [TEST_STEP][PASSED] - Statement - PreSaveFile = new java.io.File(((pathPrefix + java.lang.Integer.toString(counter)) + .png)): null

2018-12-13 23:53:46 - [TEST_STEP][PASSED] - Statement - counter = counter + 1: null

2018-12-13 23:53:46 - [TEST_STEP][PASSED] - Statement - PreSaveFile = new java.io.File(((pathPrefix + java.lang.Integer.toString(counter)) + .png)): null

2018-12-13 23:53:46 - [TEST_STEP][PASSED] - Statement - counter = counter + 1: null

2018-12-13 23:53:46 - [TEST_STEP][PASSED] - Statement - PreSaveFile = new java.io.File(((pathPrefix + java.lang.Integer.toString(counter)) + .png)): null

2018-12-13 23:53:46 - [TEST_STEP][PASSED] - Statement - counter = counter + 1: null

2018-12-13 23:53:46 - [TEST_STEP][PASSED] - Statement - PreSaveFile = new java.io.File(((pathPrefix + java.lang.Integer.toString(counter)) + .png)): null

2018-12-13 23:53:46 - [TEST_STEP][PASSED] - Statement - counter = counter + 1: null

2018-12-13 23:53:46 - [TEST_STEP][PASSED] - Statement - PreSaveFile = new java.io.File(((pathPrefix + java.lang.Integer.toString(counter)) + .png)): null

2018-12-13 23:53:46 - [TEST_STEP][PASSED] - Statement - counter = counter + 1: null

2018-12-13 23:53:46 - [TEST_STEP][PASSED] - Statement - PreSaveFile = new java.io.File(((pathPrefix + java.lang.Integer.toString(counter)) + .png)): null

2018-12-13 23:53:46 - [TEST_STEP][PASSED] - Statement - counter = counter + 1: null

2018-12-13 23:53:46 - [TEST_STEP][PASSED] - Statement - PreSaveFile = new java.io.File(((pathPrefix + java.lang.Integer.toString(counter)) + .png)): null

2018-12-13 23:53:46 - [TEST_STEP][PASSED] - Statement - counter = counter + 1: null

2018-12-13 23:53:46 - [TEST_STEP][PASSED] - Statement - PreSaveFile = new java.io.File(((pathPrefix + java.lang.Integer.toString(counter)) + .png)): null

2018-12-13 23:53:46 - [TEST_STEP][PASSED] - Statement - counter = counter + 1: null

2018-12-13 23:53:46 - [TEST_STEP][PASSED] - Statement - PreSaveFile = new java.io.File(((pathPrefix + java.lang.Integer.toString(counter)) + .png)): null

2018-12-13 23:53:46 - [TEST_STEP][PASSED] - Statement - counter = counter + 1: null

2018-12-13 23:53:46 - [TEST_STEP][PASSED] - Statement - PreSaveFile = new java.io.File(((pathPrefix + java.lang.Integer.toString(counter)) + .png)): null

2018-12-13 23:53:46 - [TEST_STEP][PASSED] - Statement - counter = counter + 1: null

2018-12-13 23:53:46 - [TEST_STEP][PASSED] - Statement - PreSaveFile = new java.io.File(((pathPrefix + java.lang.Integer.toString(counter)) + .png)): null

2018-12-13 23:53:46 - [TEST_STEP][PASSED] - Statement - counter = counter + 1: null

2018-12-13 23:53:46 - [TEST_STEP][PASSED] - Statement - PreSaveFile = new java.io.File(((pathPrefix + java.lang.Integer.toString(counter)) + .png)): null

2018-12-13 23:53:46 - [TEST_STEP][PASSED] - Statement - counter = counter + 1: null

2018-12-13 23:53:46 - [TEST_STEP][PASSED] - Statement - PreSaveFile = new java.io.File(((pathPrefix + java.lang.Integer.toString(counter)) + .png)): null

2018-12-13 23:53:46 - [TEST_STEP][PASSED] - Statement - counter = counter + 1: null

2018-12-13 23:53:46 - [TEST_STEP][PASSED] - Statement - PreSaveFile = new java.io.File(((pathPrefix + java.lang.Integer.toString(counter)) + .png)): null

2018-12-13 23:53:46 - [TEST_STEP][PASSED] - Statement - counter = counter + 1: null

2018-12-13 23:53:46 - [TEST_STEP][PASSED] - Statement - PreSaveFile = new java.io.File(((pathPrefix + java.lang.Integer.toString(counter)) + .png)): null

2018-12-13 23:53:46 - [TEST_STEP][PASSED] - Statement - counter = counter + 1: null

2018-12-13 23:53:46 - [TEST_STEP][PASSED] - Statement - PreSaveFile = new java.io.File(((pathPrefix + java.lang.Integer.toString(counter)) + .png)): null

2018-12-13 23:53:46 - [TEST_STEP][PASSED] - Statement - counter = counter + 1: null

2018-12-13 23:53:46 - [TEST_STEP][PASSED] - Statement - PreSaveFile = new java.io.File(((pathPrefix + java.lang.Integer.toString(counter)) + .png)): null

2018-12-13 23:53:46 - [TEST_STEP][PASSED] - Statement - counter = counter + 1: null

2018-12-13 23:53:46 - [TEST_STEP][PASSED] - Statement - PreSaveFile = new java.io.File(((pathPrefix + java.lang.Integer.toString(counter)) + .png)): null

2018-12-13 23:53:46 - [TEST_STEP][PASSED] - Statement - counter = counter + 1: null

2018-12-13 23:53:46 - [TEST_STEP][PASSED] - Statement - PreSaveFile = new java.io.File(((pathPrefix + java.lang.Integer.toString(counter)) + .png)): null

2018-12-13 23:53:46 - [TEST_STEP][PASSED] - Statement - counter = counter + 1: null

2018-12-13 23:53:46 - [TEST_STEP][PASSED] - Statement - PreSaveFile = new java.io.File(((pathPrefix + java.lang.Integer.toString(counter)) + .png)): null

2018-12-13 23:53:46 - [TEST_STEP][PASSED] - Statement - counter = counter + 1: null

2018-12-13 23:53:46 - [TEST_STEP][PASSED] - Statement - PreSaveFile = new java.io.File(((pathPrefix + java.lang.Integer.toString(counter)) + .png)): null

2018-12-13 23:53:46 - [TEST_STEP][PASSED] - Statement - counter = counter + 1: null

2018-12-13 23:53:46 - [TEST_STEP][PASSED] - Statement - PreSaveFile = new java.io.File(((pathPrefix + java.lang.Integer.toString(counter)) + .png)): null

2018-12-13 23:53:46 - [TEST_STEP][PASSED] - Statement - counter = counter + 1: null

2018-12-13 23:53:46 - [TEST_STEP][PASSED] - Statement - PreSaveFile = new java.io.File(((pathPrefix + java.lang.Integer.toString(counter)) + .png)): null

2018-12-13 23:53:46 - [TEST_STEP][PASSED] - Statement - counter = counter + 1: null

2018-12-13 23:53:46 - [TEST_STEP][PASSED] - Statement - PreSaveFile = new java.io.File(((pathPrefix + java.lang.Integer.toString(counter)) + .png)): null

2018-12-13 23:53:46 - [TEST_STEP][PASSED] - Statement - counter = counter + 1: null

2018-12-13 23:53:46 - [TEST_STEP][PASSED] - Statement - PreSaveFile = new java.io.File(((pathPrefix + java.lang.Integer.toString(counter)) + .png)): null

2018-12-13 23:53:46 - [TEST_STEP][PASSED] - Statement - counter = counter + 1: null

2018-12-13 23:53:46 - [TEST_STEP][PASSED] - Statement - PreSaveFile = new java.io.File(((pathPrefix + java.lang.Integer.toString(counter)) + .png)): null

2018-12-13 23:53:46 - [TEST_STEP][PASSED] - Statement - counter = counter + 1: null

2018-12-13 23:53:46 - [TEST_STEP][PASSED] - Statement - PreSaveFile = new java.io.File(((pathPrefix + java.lang.Integer.toString(counter)) + .png)): null

2018-12-13 23:53:46 - [TEST_STEP][PASSED] - Statement - counter = counter + 1: null

2018-12-13 23:53:46 - [TEST_STEP][PASSED] - Statement - PreSaveFile = new java.io.File(((pathPrefix + java.lang.Integer.toString(counter)) + .png)): null

2018-12-13 23:53:46 - [TEST_STEP][PASSED] - Statement - counter = counter + 1: null

2018-12-13 23:53:46 - [TEST_STEP][PASSED] - Statement - PreSaveFile = new java.io.File(((pathPrefix + java.lang.Integer.toString(counter)) + .png)): null

2018-12-13 23:53:46 - [TEST_STEP][PASSED] - Statement - counter = counter + 1: null

2018-12-13 23:53:46 - [TEST_STEP][PASSED] - Statement - PreSaveFile = new java.io.File(((pathPrefix + java.lang.Integer.toString(counter)) + .png)): null

2018-12-13 23:53:46 - [TEST_STEP][PASSED] - Statement - counter = counter + 1: null

2018-12-13 23:53:46 - [TEST_STEP][PASSED] - Statement - PreSaveFile = new java.io.File(((pathPrefix + java.lang.Integer.toString(counter)) + .png)): null

2018-12-13 23:53:46 - [TEST_STEP][PASSED] - Statement - counter = counter + 1: null

2018-12-13 23:53:46 - [TEST_STEP][PASSED] - Statement - PreSaveFile = new java.io.File(((pathPrefix + java.lang.Integer.toString(counter)) + .png)): null

2018-12-13 23:53:46 - [TEST_STEP][PASSED] - Statement - counter = counter + 1: null

2018-12-13 23:53:46 - [TEST_STEP][PASSED] - Statement - PreSaveFile = new java.io.File(((pathPrefix + java.lang.Integer.toString(counter)) + .png)): null

2018-12-13 23:53:46 - [TEST_STEP][PASSED] - Statement - counter = counter + 1: null

2018-12-13 23:53:46 - [TEST_STEP][PASSED] - Statement - PreSaveFile = new java.io.File(((pathPrefix + java.lang.Integer.toString(counter)) + .png)): null

2018-12-13 23:53:46 - [TEST_STEP][PASSED] - Statement - counter = counter + 1: null

2018-12-13 23:53:46 - [TEST_STEP][PASSED] - Statement - PreSaveFile = new java.io.File(((pathPrefix + java.lang.Integer.toString(counter)) + .png)): null

2018-12-13 23:53:46 - [TEST_STEP][PASSED] - Statement - counter = counter + 1: null

2018-12-13 23:53:46 - [TEST_STEP][PASSED] - Statement - PreSaveFile = new java.io.File(((pathPrefix + java.lang.Integer.toString(counter)) + .png)): null

2018-12-13 23:53:46 - [TEST_STEP][PASSED] - Statement - counter = counter + 1: null

2018-12-13 23:53:46 - [TEST_STEP][PASSED] - Statement - PreSaveFile = new java.io.File(((pathPrefix + java.lang.Integer.toString(counter)) + .png)): null

2018-12-13 23:53:46 - [TEST_STEP][PASSED] - Statement - counter = counter + 1: null

2018-12-13 23:53:46 - [TEST_STEP][PASSED] - Statement - PreSaveFile = new java.io.File(((pathPrefix + java.lang.Integer.toString(counter)) + .png)): null

2018-12-13 23:53:46 - [TEST_STEP][PASSED] - Statement - counter = counter + 1: null

2018-12-13 23:53:46 - [TEST_STEP][PASSED] - Statement - PreSaveFile = new java.io.File(((pathPrefix + java.lang.Integer.toString(counter)) + .png)): null

2018-12-13 23:53:46 - [TEST_STEP][PASSED] - Statement - counter = counter + 1: null

2018-12-13 23:53:46 - [TEST_STEP][PASSED] - Statement - PreSaveFile = new java.io.File(((pathPrefix + java.lang.Integer.toString(counter)) + .png)): null

2018-12-13 23:53:46 - [TEST_STEP][PASSED] - Statement - counter = counter + 1: null

2018-12-13 23:53:46 - [TEST_STEP][PASSED] - Statement - PreSaveFile = new java.io.File(((pathPrefix + java.lang.Integer.toString(counter)) + .png)): null

2018-12-13 23:53:46 - [TEST_STEP][PASSED] - Statement - counter = counter + 1: null

2018-12-13 23:53:46 - [TEST_STEP][PASSED] - Statement - PreSaveFile = new java.io.File(((pathPrefix + java.lang.Integer.toString(counter)) + .png)): null

2018-12-13 23:53:46 - [TEST_STEP][PASSED] - Statement - counter = counter + 1: null

2018-12-13 23:53:46 - [TEST_STEP][PASSED] - Statement - PreSaveFile = new java.io.File(((pathPrefix + java.lang.Integer.toString(counter)) + .png)): null

2018-12-13 23:53:46 - [TEST_STEP][PASSED] - Statement - counter = counter + 1: null

2018-12-13 23:53:46 - [TEST_STEP][PASSED] - Statement - PreSaveFile = new java.io.File(((pathPrefix + java.lang.Integer.toString(counter)) + .png)): null

2018-12-13 23:53:46 - [TEST_STEP][PASSED] - Statement - counter = counter + 1: null

2018-12-13 23:53:46 - [TEST_STEP][PASSED] - Statement - PreSaveFile = new java.io.File(((pathPrefix + java.lang.Integer.toString(counter)) + .png)): null

2018-12-13 23:53:46 - [TEST_STEP][PASSED] - Statement - counter = counter + 1: null

2018-12-13 23:53:46 - [TEST_STEP][PASSED] - Statement - PreSaveFile = new java.io.File(((pathPrefix + java.lang.Integer.toString(counter)) + .png)): null

2018-12-13 23:53:46 - [TEST_STEP][PASSED] - Statement - counter = counter + 1: null

2018-12-13 23:53:46 - [TEST_STEP][PASSED] - Statement - PreSaveFile = new java.io.File(((pathPrefix + java.lang.Integer.toString(counter)) + .png)): null

2018-12-13 23:53:46 - [TEST_STEP][PASSED] - Statement - counter = counter + 1: null

2018-12-13 23:53:46 - [TEST_STEP][PASSED] - Statement - PreSaveFile = new java.io.File(((pathPrefix + java.lang.Integer.toString(counter)) + .png)): null

2018-12-13 23:53:46 - [TEST_STEP][PASSED] - Statement - counter = counter + 1: null

2018-12-13 23:53:46 - [TEST_STEP][PASSED] - Statement - PreSaveFile = new java.io.File(((pathPrefix + java.lang.Integer.toString(counter)) + .png)): null

2018-12-13 23:53:46 - [TEST_STEP][PASSED] - Statement - counter = counter + 1: null

2018-12-13 23:53:46 - [TEST_STEP][PASSED] - Statement - PreSaveFile = new java.io.File(((pathPrefix + java.lang.Integer.toString(counter)) + .png)): null

2018-12-13 23:53:46 - [TEST_STEP][PASSED] - Statement - counter = counter + 1: null

2018-12-13 23:53:46 - [TEST_STEP][PASSED] - Statement - PreSaveFile = new java.io.File(((pathPrefix + java.lang.Integer.toString(counter)) + .png)): null

2018-12-13 23:53:46 - [TEST_STEP][PASSED] - Statement - counter = counter + 1: null

2018-12-13 23:53:46 - [TEST_STEP][PASSED] - Statement - PreSaveFile = new java.io.File(((pathPrefix + java.lang.Integer.toString(counter)) + .png)): null

2018-12-13 23:53:46 - [TEST_STEP][PASSED] - Statement - counter = counter + 1: null

2018-12-13 23:53:46 - [TEST_STEP][PASSED] - Statement - PreSaveFile = new java.io.File(((pathPrefix + java.lang.Integer.toString(counter)) + .png)): null

2018-12-13 23:53:46 - [TEST_STEP][PASSED] - Statement - counter = counter + 1: null

2018-12-13 23:53:46 - [TEST_STEP][PASSED] - Statement - PreSaveFile = new java.io.File(((pathPrefix + java.lang.Integer.toString(counter)) + .png)): null

2018-12-13 23:53:46 - [TEST_STEP][PASSED] - Statement - counter = counter + 1: null

2018-12-13 23:53:46 - [TEST_STEP][PASSED] - Statement - PreSaveFile = new java.io.File(((pathPrefix + java.lang.Integer.toString(counter)) + .png)): null

2018-12-13 23:53:46 - [TEST_STEP][PASSED] - Statement - counter = counter + 1: null

2018-12-13 23:53:46 - [TEST_STEP][PASSED] - Statement - PreSaveFile = new java.io.File(((pathPrefix + java.lang.Integer.toString(counter)) + .png)): null

2018-12-13 23:53:46 - [TEST_STEP][PASSED] - Statement - counter = counter + 1: null

2018-12-13 23:53:46 - [TEST_STEP][PASSED] - Statement - PreSaveFile = new java.io.File(((pathPrefix + java.lang.Integer.toString(counter)) + .png)): null

2018-12-13 23:53:46 - [TEST_STEP][PASSED] - Statement - counter = counter + 1: null

2018-12-13 23:53:46 - [TEST_STEP][PASSED] - Statement - PreSaveFile = new java.io.File(((pathPrefix + java.lang.Integer.toString(counter)) + .png)): null

2018-12-13 23:53:46 - [TEST_STEP][PASSED] - Statement - counter = counter + 1: null

2018-12-13 23:53:46 - [TEST_STEP][PASSED] - Statement - PreSaveFile = new java.io.File(((pathPrefix + java.lang.Integer.toString(counter)) + .png)): null

2018-12-13 23:53:46 - [TEST_STEP][PASSED] - Statement - counter = counter + 1: null

2018-12-13 23:53:46 - [TEST_STEP][PASSED] - Statement - PreSaveFile = new java.io.File(((pathPrefix + java.lang.Integer.toString(counter)) + .png)): null

2018-12-13 23:53:46 - [TEST_STEP][PASSED] - Statement - counter = counter + 1: null

2018-12-13 23:53:46 - [TEST_STEP][PASSED] - Statement - PreSaveFile = new java.io.File(((pathPrefix + java.lang.Integer.toString(counter)) + .png)): null

2018-12-13 23:53:46 - [TEST_STEP][PASSED] - Statement - counter = counter + 1: null

2018-12-13 23:53:46 - [TEST_STEP][PASSED] - Statement - PreSaveFile = new java.io.File(((pathPrefix + java.lang.Integer.toString(counter)) + .png)): null

2018-12-13 23:53:46 - [TEST_STEP][PASSED] - Statement - counter = counter + 1: null

2018-12-13 23:53:46 - [TEST_STEP][PASSED] - Statement - PreSaveFile = new java.io.File(((pathPrefix + java.lang.Integer.toString(counter)) + .png)): null

2018-12-13 23:53:46 - [TEST_STEP][PASSED] - Statement - counter = counter + 1: null

2018-12-13 23:53:46 - [TEST_STEP][PASSED] - Statement - PreSaveFile = new java.io.File(((pathPrefix + java.lang.Integer.toString(counter)) + .png)): null

2018-12-13 23:53:46 - [TEST_STEP][PASSED] - Statement - counter = counter + 1: null

2018-12-13 23:53:46 - [TEST_STEP][PASSED] - Statement - PreSaveFile = new java.io.File(((pathPrefix + java.lang.Integer.toString(counter)) + .png)): null

2018-12-13 23:53:46 - [TEST_STEP][PASSED] - Statement - counter = counter + 1: null

2018-12-13 23:53:46 - [TEST_STEP][PASSED] - Statement - PreSaveFile = new java.io.File(((pathPrefix + java.lang.Integer.toString(counter)) + .png)): null

2018-12-13 23:53:46 - [TEST_STEP][PASSED] - Statement - counter = counter + 1: null

2018-12-13 23:53:46 - [TEST_STEP][PASSED] - Statement - PreSaveFile = new java.io.File(((pathPrefix + java.lang.Integer.toString(counter)) + .png)): null

2018-12-13 23:53:46 - [TEST_STEP][PASSED] - Statement - counter = counter + 1: null

2018-12-13 23:53:46 - [TEST_STEP][PASSED] - Statement - PreSaveFile = new java.io.File(((pathPrefix + java.lang.Integer.toString(counter)) + .png)): null

2018-12-13 23:53:46 - [TEST_STEP][PASSED] - Statement - counter = counter + 1: null

2018-12-13 23:53:46 - [TEST_STEP][PASSED] - Statement - PreSaveFile = new java.io.File(((pathPrefix + java.lang.Integer.toString(counter)) + .png)): null

2018-12-13 23:53:46 - [TEST_STEP][PASSED] - Statement - counter = counter + 1: null

2018-12-13 23:53:46 - [TEST_STEP][PASSED] - Statement - PreSaveFile = new java.io.File(((pathPrefix + java.lang.Integer.toString(counter)) + .png)): null

2018-12-13 23:53:46 - [TEST_STEP][PASSED] - Statement - counter = counter + 1: null

2018-12-13 23:53:46 - [TEST_STEP][PASSED] - Statement - PreSaveFile = new java.io.File(((pathPrefix + java.lang.Integer.toString(counter)) + .png)): null

2018-12-13 23:53:46 - [TEST_STEP][PASSED] - Statement - counter = counter + 1: null

2018-12-13 23:53:46 - [TEST_STEP][PASSED] - Statement - PreSaveFile = new java.io.File(((pathPrefix + java.lang.Integer.toString(counter)) + .png)): null

2018-12-13 23:53:46 - [TEST_STEP][PASSED] - Statement - counter = counter + 1: null

2018-12-13 23:53:46 - [TEST_STEP][PASSED] - Statement - PreSaveFile = new java.io.File(((pathPrefix + java.lang.Integer.toString(counter)) + .png)): null

2018-12-13 23:53:46 - [TEST_STEP][PASSED] - Statement - counter = counter + 1: null

2018-12-13 23:53:46 - [TEST_STEP][PASSED] - Statement - PreSaveFile = new java.io.File(((pathPrefix + java.lang.Integer.toString(counter)) + .png)): null

2018-12-13 23:53:46 - [TEST_STEP][PASSED] - Statement - counter = counter + 1: null

2018-12-13 23:53:46 - [TEST_STEP][PASSED] - Statement - PreSaveFile = new java.io.File(((pathPrefix + java.lang.Integer.toString(counter)) + .png)): null

2018-12-13 23:53:46 - [TEST_STEP][PASSED] - Statement - counter = counter + 1: null

2018-12-13 23:53:46 - [TEST_STEP][PASSED] - Statement - PreSaveFile = new java.io.File(((pathPrefix + java.lang.Integer.toString(counter)) + .png)): null

2018-12-13 23:53:46 - [TEST_STEP][PASSED] - Statement - counter = counter + 1: null

2018-12-13 23:53:46 - [TEST_STEP][PASSED] - Statement - PreSaveFile = new java.io.File(((pathPrefix + java.lang.Integer.toString(counter)) + .png)): null

2018-12-13 23:53:46 - [TEST_STEP][PASSED] - Statement - counter = counter + 1: null

2018-12-13 23:53:46 - [TEST_STEP][PASSED] - Statement - PreSaveFile = new java.io.File(((pathPrefix + java.lang.Integer.toString(counter)) + .png)): null

2018-12-13 23:53:46 - [TEST_STEP][PASSED] - Statement - counter = counter + 1: null

2018-12-13 23:53:46 - [TEST_STEP][PASSED] - Statement - PreSaveFile = new java.io.File(((pathPrefix + java.lang.Integer.toString(counter)) + .png)): null

2018-12-13 23:53:46 - [TEST_STEP][PASSED] - Statement - counter = counter + 1: null

2018-12-13 23:53:46 - [TEST_STEP][PASSED] - Statement - PreSaveFile = new java.io.File(((pathPrefix + java.lang.Integer.toString(counter)) + .png)): null

2018-12-13 23:53:46 - [TEST_STEP][PASSED] - Statement - counter = counter + 1: null

2018-12-13 23:53:46 - [TEST_STEP][PASSED] - Statement - PreSaveFile = new java.io.File(((pathPrefix + java.lang.Integer.toString(counter)) + .png)): null

2018-12-13 23:53:46 - [TEST_STEP][PASSED] - Statement - counter = counter + 1: null

2018-12-13 23:53:46 - [TEST_STEP][PASSED] - Statement - PreSaveFile = new java.io.File(((pathPrefix + java.lang.Integer.toString(counter)) + .png)): null

2018-12-13 23:53:46 - [TEST_STEP][PASSED] - Statement - counter = counter + 1: null

2018-12-13 23:53:46 - [TEST_STEP][PASSED] - Statement - PreSaveFile = new java.io.File(((pathPrefix + java.lang.Integer.toString(counter)) + .png)): null

2018-12-13 23:53:46 - [TEST_STEP][PASSED] - Statement - counter = counter + 1: null

2018-12-13 23:53:46 - [TEST_STEP][PASSED] - Statement - PreSaveFile = new java.io.File(((pathPrefix + java.lang.Integer.toString(counter)) + .png)): null

2018-12-13 23:53:46 - [TEST_STEP][PASSED] - Statement - counter = counter + 1: null

2018-12-13 23:53:46 - [TEST_STEP][PASSED] - Statement - PreSaveFile = new java.io.File(((pathPrefix + java.lang.Integer.toString(counter)) + .png)): null

2018-12-13 23:53:46 - [TEST_STEP][PASSED] - Statement - counter = counter + 1: null

2018-12-13 23:53:46 - [TEST_STEP][PASSED] - Statement - PreSaveFile = new java.io.File(((pathPrefix + java.lang.Integer.toString(counter)) + .png)): null

2018-12-13 23:53:46 - [TEST_STEP][PASSED] - Statement - counter = counter + 1: null

2018-12-13 23:53:46 - [TEST_STEP][PASSED] - Statement - PreSaveFile = new java.io.File(((pathPrefix + java.lang.Integer.toString(counter)) + .png)): null

2018-12-13 23:53:46 - [TEST_STEP][PASSED] - Statement - counter = counter + 1: null

2018-12-13 23:53:46 - [TEST_STEP][PASSED] - Statement - PreSaveFile = new java.io.File(((pathPrefix + java.lang.Integer.toString(counter)) + .png)): null

2018-12-13 23:53:46 - [TEST_STEP][PASSED] - Statement - counter = counter + 1: null

2018-12-13 23:53:46 - [TEST_STEP][PASSED] - Statement - PreSaveFile = new java.io.File(((pathPrefix + java.lang.Integer.toString(counter)) + .png)): null

2018-12-13 23:53:46 - [TEST_STEP][PASSED] - Statement - counter = counter + 1: null

2018-12-13 23:53:46 - [TEST_STEP][PASSED] - Statement - PreSaveFile = new java.io.File(((pathPrefix + java.lang.Integer.toString(counter)) + .png)): null

2018-12-13 23:53:46 - [TEST_STEP][PASSED] - Statement - counter = counter + 1: null

2018-12-13 23:53:46 - [TEST_STEP][PASSED] - Statement - PreSaveFile = new java.io.File(((pathPrefix + java.lang.Integer.toString(counter)) + .png)): null

2018-12-13 23:53:46 - [TEST_STEP][PASSED] - Statement - counter = counter + 1: null

2018-12-13 23:53:46 - [TEST_STEP][PASSED] - Statement - PreSaveFile = new java.io.File(((pathPrefix + java.lang.Integer.toString(counter)) + .png)): null

2018-12-13 23:53:46 - [TEST_STEP][PASSED] - Statement - counter = counter + 1: null

2018-12-13 23:53:47 - [TEST_STEP][PASSED] - Statement - PreSaveFile = new java.io.File(((pathPrefix + java.lang.Integer.toString(counter)) + .png)): null

2018-12-13 23:53:47 - [TEST_STEP][PASSED] - Statement - counter = counter + 1: null

2018-12-13 23:53:47 - [TEST_STEP][PASSED] - Statement - PreSaveFile = new java.io.File(((pathPrefix + java.lang.Integer.toString(counter)) + .png)): null

2018-12-13 23:53:47 - [TEST_STEP][PASSED] - Statement - counter = counter + 1: null

2018-12-13 23:53:47 - [TEST_STEP][PASSED] - Statement - PreSaveFile = new java.io.File(((pathPrefix + java.lang.Integer.toString(counter)) + .png)): null

2018-12-13 23:53:47 - [TEST_STEP][PASSED] - Statement - counter = counter + 1: null

2018-12-13 23:53:47 - [TEST_STEP][PASSED] - Statement - PreSaveFile = new java.io.File(((pathPrefix + java.lang.Integer.toString(counter)) + .png)): null

2018-12-13 23:53:47 - [TEST_STEP][PASSED] - Statement - counter = counter + 1: null

2018-12-13 23:53:47 - [TEST_STEP][PASSED] - Statement - PreSaveFile = new java.io.File(((pathPrefix + java.lang.Integer.toString(counter)) + .png)): null

2018-12-13 23:53:47 - [TEST_STEP][PASSED] - Statement - counter = counter + 1: null

2018-12-13 23:53:47 - [TEST_STEP][PASSED] - Statement - PreSaveFile = new java.io.File(((pathPrefix + java.lang.Integer.toString(counter)) + .png)): null

2018-12-13 23:53:47 - [TEST_STEP][PASSED] - Statement - counter = counter + 1: null

2018-12-13 23:53:47 - [TEST_STEP][PASSED] - Statement - PreSaveFile = new java.io.File(((pathPrefix + java.lang.Integer.toString(counter)) + .png)): null

2018-12-13 23:53:47 - [TEST_STEP][PASSED] - Statement - counter = counter + 1: null

2018-12-13 23:53:47 - [TEST_STEP][PASSED] - Statement - PreSaveFile = new java.io.File(((pathPrefix + java.lang.Integer.toString(counter)) + .png)): null

2018-12-13 23:53:47 - [TEST_STEP][PASSED] - Statement - counter = counter + 1: null

2018-12-13 23:53:47 - [TEST_STEP][PASSED] - Statement - PreSaveFile = new java.io.File(((pathPrefix + java.lang.Integer.toString(counter)) + .png)): null

2018-12-13 23:53:47 - [TEST_STEP][PASSED] - Statement - counter = counter + 1: null

2018-12-13 23:53:47 - [TEST_STEP][PASSED] - Statement - PreSaveFile = new java.io.File(((pathPrefix + java.lang.Integer.toString(counter)) + .png)): null

2018-12-13 23:53:47 - [TEST_STEP][PASSED] - Statement - counter = counter + 1: null

2018-12-13 23:53:47 - [TEST_STEP][PASSED] - Statement - PreSaveFile = new java.io.File(((pathPrefix + java.lang.Integer.toString(counter)) + .png)): null

2018-12-13 23:53:47 - [TEST_STEP][PASSED] - Statement - counter = counter + 1: null

2018-12-13 23:53:47 - [TEST_STEP][PASSED] - Statement - PreSaveFile = new java.io.File(((pathPrefix + java.lang.Integer.toString(counter)) + .png)): null

2018-12-13 23:53:47 - [TEST_STEP][PASSED] - Statement - counter = counter + 1: null

2018-12-13 23:53:47 - [TEST_STEP][PASSED] - Statement - PreSaveFile = new java.io.File(((pathPrefix + java.lang.Integer.toString(counter)) + .png)): null

2018-12-13 23:53:47 - [TEST_STEP][PASSED] - Statement - counter = counter + 1: null

2018-12-13 23:53:47 - [TEST_STEP][PASSED] - Statement - PreSaveFile = new java.io.File(((pathPrefix + java.lang.Integer.toString(counter)) + .png)): null

2018-12-13 23:53:47 - [TEST_STEP][PASSED] - Statement - counter = counter + 1: null

2018-12-13 23:53:47 - [TEST_STEP][PASSED] - Statement - PreSaveFile = new java.io.File(((pathPrefix + java.lang.Integer.toString(counter)) + .png)): null

2018-12-13 23:53:47 - [TEST_STEP][PASSED] - Statement - counter = counter + 1: null

2018-12-13 23:53:47 - [TEST_STEP][PASSED] - Statement - PreSaveFile = new java.io.File(((pathPrefix + java.lang.Integer.toString(counter)) + .png)): null

2018-12-13 23:53:47 - [TEST_STEP][PASSED] - Statement - counter = counter + 1: null

2018-12-13 23:53:47 - [TEST_STEP][PASSED] - Statement - PreSaveFile = new java.io.File(((pathPrefix + java.lang.Integer.toString(counter)) + .png)): null

2018-12-13 23:53:47 - [TEST_STEP][PASSED] - Statement - counter = counter + 1: null

2018-12-13 23:53:47 - [TEST_STEP][PASSED] - Statement - PreSaveFile = new java.io.File(((pathPrefix + java.lang.Integer.toString(counter)) + .png)): null

2018-12-13 23:53:47 - [TEST_STEP][PASSED] - Statement - counter = counter + 1: null

2018-12-13 23:53:47 - [TEST_STEP][PASSED] - Statement - PreSaveFile = new java.io.File(((pathPrefix + java.lang.Integer.toString(counter)) + .png)): null

2018-12-13 23:53:47 - [TEST_STEP][PASSED] - Statement - counter = counter + 1: null

2018-12-13 23:53:47 - [TEST_STEP][PASSED] - Statement - PreSaveFile = new java.io.File(((pathPrefix + java.lang.Integer.toString(counter)) + .png)): null

2018-12-13 23:53:47 - [TEST_STEP][PASSED] - Statement - counter = counter + 1: null

2018-12-13 23:53:47 - [TEST_STEP][PASSED] - Statement - PreSaveFile = new java.io.File(((pathPrefix + java.lang.Integer.toString(counter)) + .png)): null

2018-12-13 23:53:47 - [TEST_STEP][PASSED] - Statement - counter = counter + 1: null

2018-12-13 23:53:47 - [TEST_STEP][PASSED] - Statement - PreSaveFile = new java.io.File(((pathPrefix + java.lang.Integer.toString(counter)) + .png)): null

2018-12-13 23:53:47 - [TEST_STEP][PASSED] - Statement - counter = counter + 1: null

2018-12-13 23:53:47 - [TEST_STEP][PASSED] - Statement - PreSaveFile = new java.io.File(((pathPrefix + java.lang.Integer.toString(counter)) + .png)): null

2018-12-13 23:53:47 - [TEST_STEP][PASSED] - Statement - counter = counter + 1: null

2018-12-13 23:53:47 - [TEST_STEP][PASSED] - Statement - PreSaveFile = new java.io.File(((pathPrefix + java.lang.Integer.toString(counter)) + .png)): null

2018-12-13 23:53:47 - [TEST_STEP][PASSED] - Statement - counter = counter + 1: null

2018-12-13 23:53:47 - [TEST_STEP][PASSED] - Statement - PreSaveFile = new java.io.File(((pathPrefix + java.lang.Integer.toString(counter)) + .png)): null

2018-12-13 23:53:47 - [TEST_STEP][PASSED] - Statement - counter = counter + 1: null

2018-12-13 23:53:47 - [TEST_STEP][PASSED] - Statement - PreSaveFile = new java.io.File(((pathPrefix + java.lang.Integer.toString(counter)) + .png)): null

2018-12-13 23:53:47 - [TEST_STEP][PASSED] - Statement - counter = counter + 1: null

2018-12-13 23:53:47 - [TEST_STEP][PASSED] - Statement - PreSaveFile = new java.io.File(((pathPrefix + java.lang.Integer.toString(counter)) + .png)): null

2018-12-13 23:53:47 - [TEST_STEP][PASSED] - Statement - counter = counter + 1: null

2018-12-13 23:53:47 - [TEST_STEP][PASSED] - Statement - PreSaveFile = new java.io.File(((pathPrefix + java.lang.Integer.toString(counter)) + .png)): null

2018-12-13 23:53:47 - [TEST_STEP][PASSED] - Statement - counter = counter + 1: null

2018-12-13 23:53:47 - [TEST_STEP][PASSED] - Statement - PreSaveFile = new java.io.File(((pathPrefix + java.lang.Integer.toString(counter)) + .png)): null

2018-12-13 23:53:47 - [TEST_STEP][PASSED] - Statement - counter = counter + 1: null

2018-12-13 23:53:47 - [TEST_STEP][PASSED] - Statement - PreSaveFile = new java.io.File(((pathPrefix + java.lang.Integer.toString(counter)) + .png)): null

2018-12-13 23:53:47 - [TEST_STEP][PASSED] - Statement - counter = counter + 1: null

2018-12-13 23:53:47 - [TEST_STEP][PASSED] - Statement - PreSaveFile = new java.io.File(((pathPrefix + java.lang.Integer.toString(counter)) + .png)): null

2018-12-13 23:53:47 - [TEST_STEP][PASSED] - Statement - counter = counter + 1: null

2018-12-13 23:53:47 - [TEST_STEP][PASSED] - Statement - PreSaveFile = new java.io.File(((pathPrefix + java.lang.Integer.toString(counter)) + .png)): null

2018-12-13 23:53:47 - [TEST_STEP][PASSED] - Statement - counter = counter + 1: null

2018-12-13 23:53:47 - [TEST_STEP][PASSED] - Statement - PreSaveFile = new java.io.File(((pathPrefix + java.lang.Integer.toString(counter)) + .png)): null

2018-12-13 23:53:47 - [TEST_STEP][PASSED] - Statement - counter = counter + 1: null

2018-12-13 23:53:47 - [TEST_STEP][PASSED] - Statement - PreSaveFile = new java.io.File(((pathPrefix + java.lang.Integer.toString(counter)) + .png)): null

2018-12-13 23:53:47 - [TEST_STEP][PASSED] - Statement - counter = counter + 1: null

2018-12-13 23:53:47 - [TEST_STEP][PASSED] - Statement - PreSaveFile = new java.io.File(((pathPrefix + java.lang.Integer.toString(counter)) + .png)): null

2018-12-13 23:53:47 - [TEST_STEP][PASSED] - Statement - counter = counter + 1: null

2018-12-13 23:53:47 - [TEST_STEP][PASSED] - Statement - PreSaveFile = new java.io.File(((pathPrefix + java.lang.Integer.toString(counter)) + .png)): null

2018-12-13 23:53:47 - [TEST_STEP][PASSED] - Statement - counter = counter + 1: null

2018-12-13 23:53:47 - [TEST_STEP][PASSED] - Statement - PreSaveFile = new java.io.File(((pathPrefix + java.lang.Integer.toString(counter)) + .png)): null

2018-12-13 23:53:47 - [TEST_STEP][PASSED] - Statement - counter = counter + 1: null

2018-12-13 23:53:47 - [TEST_STEP][PASSED] - Statement - PreSaveFile = new java.io.File(((pathPrefix + java.lang.Integer.toString(counter)) + .png)): null

2018-12-13 23:53:47 - [TEST_STEP][PASSED] - Statement - counter = counter + 1: null

2018-12-13 23:53:47 - [TEST_STEP][PASSED] - Statement - PreSaveFile = new java.io.File(((pathPrefix + java.lang.Integer.toString(counter)) + .png)): null

2018-12-13 23:53:47 - [TEST_STEP][PASSED] - Statement - counter = counter + 1: null

2018-12-13 23:53:47 - [TEST_STEP][PASSED] - Statement - PreSaveFile = new java.io.File(((pathPrefix + java.lang.Integer.toString(counter)) + .png)): null

2018-12-13 23:53:47 - [TEST_STEP][PASSED] - Statement - counter = counter + 1: null

2018-12-13 23:53:47 - [TEST_STEP][PASSED] - Statement - PreSaveFile = new java.io.File(((pathPrefix + java.lang.Integer.toString(counter)) + .png)): null

2018-12-13 23:53:47 - [TEST_STEP][PASSED] - Statement - counter = counter + 1: null

2018-12-13 23:53:47 - [TEST_STEP][PASSED] - Statement - PreSaveFile = new java.io.File(((pathPrefix + java.lang.Integer.toString(counter)) + .png)): null

2018-12-13 23:53:47 - [TEST_STEP][PASSED] - Statement - counter = counter + 1: null

2018-12-13 23:53:47 - [TEST_STEP][PASSED] - Statement - PreSaveFile = new java.io.File(((pathPrefix + java.lang.Integer.toString(counter)) + .png)): null

2018-12-13 23:53:47 - [TEST_STEP][PASSED] - Statement - counter = counter + 1: null

2018-12-13 23:53:47 - [TEST_STEP][PASSED] - Statement - PreSaveFile = new java.io.File(((pathPrefix + java.lang.Integer.toString(counter)) + .png)): null

2018-12-13 23:53:47 - [TEST_STEP][PASSED] - Statement - counter = counter + 1: null

2018-12-13 23:53:47 - [TEST_STEP][PASSED] - Statement - PreSaveFile = new java.io.File(((pathPrefix + java.lang.Integer.toString(counter)) + .png)): null

2018-12-13 23:53:47 - [TEST_STEP][PASSED] - Statement - counter = counter + 1: null

2018-12-13 23:53:47 - [TEST_STEP][PASSED] - Statement - PreSaveFile = new java.io.File(((pathPrefix + java.lang.Integer.toString(counter)) + .png)): null

2018-12-13 23:53:47 - [TEST_STEP][PASSED] - Statement - counter = counter + 1: null

2018-12-13 23:53:47 - [TEST_STEP][PASSED] - Statement - PreSaveFile = new java.io.File(((pathPrefix + java.lang.Integer.toString(counter)) + .png)): null

2018-12-13 23:53:47 - [TEST_STEP][PASSED] - Statement - counter = counter + 1: null

2018-12-13 23:53:47 - [TEST_STEP][PASSED] - Statement - PreSaveFile = new java.io.File(((pathPrefix + java.lang.Integer.toString(counter)) + .png)): null

2018-12-13 23:53:47 - [TEST_STEP][PASSED] - Statement - counter = counter + 1: null

2018-12-13 23:53:47 - [TEST_STEP][PASSED] - Statement - PreSaveFile = new java.io.File(((pathPrefix + java.lang.Integer.toString(counter)) + .png)): null

2018-12-13 23:53:47 - [TEST_STEP][PASSED] - Statement - counter = counter + 1: null

2018-12-13 23:53:47 - [TEST_STEP][PASSED] - Statement - PreSaveFile = new java.io.File(((pathPrefix + java.lang.Integer.toString(counter)) + .png)): null

2018-12-13 23:53:47 - [TEST_STEP][PASSED] - Statement - counter = counter + 1: null

2018-12-13 23:53:47 - [TEST_STEP][PASSED] - Statement - PreSaveFile = new java.io.File(((pathPrefix + java.lang.Integer.toString(counter)) + .png)): null

2018-12-13 23:53:47 - [TEST_STEP][PASSED] - Statement - counter = counter + 1: null

2018-12-13 23:53:47 - [TEST_STEP][PASSED] - Statement - PreSaveFile = new java.io.File(((pathPrefix + java.lang.Integer.toString(counter)) + .png)): null

2018-12-13 23:53:47 - [TEST_STEP][PASSED] - Statement - counter = counter + 1: null

2018-12-13 23:53:47 - [TEST_STEP][PASSED] - Statement - PreSaveFile = new java.io.File(((pathPrefix + java.lang.Integer.toString(counter)) + .png)): null

2018-12-13 23:53:47 - [TEST_STEP][PASSED] - Statement - counter = counter + 1: null

2018-12-13 23:53:47 - [TEST_STEP][PASSED] - Statement - PreSaveFile = new java.io.File(((pathPrefix + java.lang.Integer.toString(counter)) + .png)): null

2018-12-13 23:53:47 - [TEST_STEP][PASSED] - Statement - counter = counter + 1: null

2018-12-13 23:53:47 - [TEST_STEP][PASSED] - Statement - PreSaveFile = new java.io.File(((pathPrefix + java.lang.Integer.toString(counter)) + .png)): null

2018-12-13 23:53:47 - [TEST_STEP][PASSED] - Statement - counter = counter + 1: null

2018-12-13 23:53:47 - [TEST_STEP][PASSED] - Statement - PreSaveFile = new java.io.File(((pathPrefix + java.lang.Integer.toString(counter)) + .png)): null

2018-12-13 23:53:47 - [TEST_STEP][PASSED] - Statement - counter = counter + 1: null

2018-12-13 23:53:47 - [TEST_STEP][PASSED] - Statement - PreSaveFile = new java.io.File(((pathPrefix + java.lang.Integer.toString(counter)) + .png)): null

2018-12-13 23:53:47 - [TEST_STEP][PASSED] - Statement - counter = counter + 1: null

2018-12-13 23:53:47 - [TEST_STEP][PASSED] - Statement - PreSaveFile = new java.io.File(((pathPrefix + java.lang.Integer.toString(counter)) + .png)): null

2018-12-13 23:53:47 - [TEST_STEP][PASSED] - Statement - counter = counter + 1: null

2018-12-13 23:53:47 - [TEST_STEP][PASSED] - Statement - PreSaveFile = new java.io.File(((pathPrefix + java.lang.Integer.toString(counter)) + .png)): null

2018-12-13 23:53:47 - [TEST_STEP][PASSED] - Statement - counter = counter + 1: null

2018-12-13 23:53:47 - [TEST_STEP][PASSED] - Statement - PreSaveFile = new java.io.File(((pathPrefix + java.lang.Integer.toString(counter)) + .png)): null

2018-12-13 23:53:47 - [TEST_STEP][PASSED] - Statement - counter = counter + 1: null

2018-12-13 23:53:47 - [TEST_STEP][PASSED] - Statement - PreSaveFile = new java.io.File(((pathPrefix + java.lang.Integer.toString(counter)) + .png)): null

2018-12-13 23:53:47 - [TEST_STEP][PASSED] - Statement - counter = counter + 1: null

2018-12-13 23:53:47 - [TEST_STEP][PASSED] - Statement - PreSaveFile = new java.io.File(((pathPrefix + java.lang.Integer.toString(counter)) + .png)): null

2018-12-13 23:53:47 - [TEST_STEP][PASSED] - Statement - counter = counter + 1: null

2018-12-13 23:53:47 - [TEST_STEP][PASSED] - Statement - PreSaveFile = new java.io.File(((pathPrefix + java.lang.Integer.toString(counter)) + .png)): null

2018-12-13 23:53:47 - [TEST_STEP][PASSED] - Statement - counter = counter + 1: null

2018-12-13 23:53:47 - [TEST_STEP][PASSED] - Statement - PreSaveFile = new java.io.File(((pathPrefix + java.lang.Integer.toString(counter)) + .png)): null

2018-12-13 23:53:47 - [TEST_STEP][PASSED] - Statement - counter = counter + 1: null

2018-12-13 23:53:47 - [TEST_STEP][PASSED] - Statement - PreSaveFile = new java.io.File(((pathPrefix + java.lang.Integer.toString(counter)) + .png)): null

2018-12-13 23:53:47 - [TEST_STEP][PASSED] - Statement - counter = counter + 1: null

2018-12-13 23:53:47 - [TEST_STEP][PASSED] - Statement - PreSaveFile = new java.io.File(((pathPrefix + java.lang.Integer.toString(counter)) + .png)): null

2018-12-13 23:53:47 - [TEST_STEP][PASSED] - Statement - counter = counter + 1: null

2018-12-13 23:53:47 - [TEST_STEP][PASSED] - Statement - PreSaveFile = new java.io.File(((pathPrefix + java.lang.Integer.toString(counter)) + .png)): null

2018-12-13 23:53:47 - [TEST_STEP][PASSED] - Statement - counter = counter + 1: null

2018-12-13 23:53:47 - [TEST_STEP][PASSED] - Statement - PreSaveFile = new java.io.File(((pathPrefix + java.lang.Integer.toString(counter)) + .png)): null

2018-12-13 23:53:47 - [TEST_STEP][PASSED] - Statement - counter = counter + 1: null

2018-12-13 23:53:47 - [TEST_STEP][PASSED] - Statement - PreSaveFile = new java.io.File(((pathPrefix + java.lang.Integer.toString(counter)) + .png)): null

2018-12-13 23:53:47 - [TEST_STEP][PASSED] - Statement - counter = counter + 1: null

2018-12-13 23:53:47 - [TEST_STEP][PASSED] - Statement - PreSaveFile = new java.io.File(((pathPrefix + java.lang.Integer.toString(counter)) + .png)): null

2018-12-13 23:53:47 - [TEST_STEP][PASSED] - Statement - counter = counter + 1: null

2018-12-13 23:53:47 - [TEST_STEP][PASSED] - Statement - PreSaveFile = new java.io.File(((pathPrefix + java.lang.Integer.toString(counter)) + .png)): null

2018-12-13 23:53:47 - [TEST_STEP][PASSED] - Statement - counter = counter + 1: null

2018-12-13 23:53:47 - [TEST_STEP][PASSED] - Statement - PreSaveFile = new java.io.File(((pathPrefix + java.lang.Integer.toString(counter)) + .png)): null

2018-12-13 23:53:47 - [TEST_STEP][PASSED] - Statement - counter = counter + 1: null

2018-12-13 23:53:47 - [TEST_STEP][PASSED] - Statement - PreSaveFile = new java.io.File(((pathPrefix + java.lang.Integer.toString(counter)) + .png)): null

2018-12-13 23:53:47 - [TEST_STEP][PASSED] - Statement - counter = counter + 1: null

2018-12-13 23:53:47 - [TEST_STEP][PASSED] - Statement - PreSaveFile = new java.io.File(((pathPrefix + java.lang.Integer.toString(counter)) + .png)): null

2018-12-13 23:53:47 - [TEST_STEP][PASSED] - Statement - counter = counter + 1: null

2018-12-13 23:53:47 - [TEST_STEP][PASSED] - Statement - PreSaveFile = new java.io.File(((pathPrefix + java.lang.Integer.toString(counter)) + .png)): null

2018-12-13 23:53:47 - [TEST_STEP][PASSED] - Statement - counter = counter + 1: null

2018-12-13 23:53:47 - [TEST_STEP][PASSED] - Statement - PreSaveFile = new java.io.File(((pathPrefix + java.lang.Integer.toString(counter)) + .png)): null

2018-12-13 23:53:47 - [TEST_STEP][PASSED] - Statement - counter = counter + 1: null

2018-12-13 23:53:47 - [TEST_STEP][PASSED] - Statement - PreSaveFile = new java.io.File(((pathPrefix + java.lang.Integer.toString(counter)) + .png)): null

2018-12-13 23:53:47 - [TEST_STEP][PASSED] - Statement - counter = counter + 1: null

2018-12-13 23:53:47 - [TEST_STEP][PASSED] - Statement - PreSaveFile = new java.io.File(((pathPrefix + java.lang.Integer.toString(counter)) + .png)): null

2018-12-13 23:53:47 - [TEST_STEP][PASSED] - Statement - counter = counter + 1: null

2018-12-13 23:53:47 - [TEST_STEP][PASSED] - Statement - PreSaveFile = new java.io.File(((pathPrefix + java.lang.Integer.toString(counter)) + .png)): null

2018-12-13 23:53:47 - [TEST_STEP][PASSED] - Statement - counter = counter + 1: null

2018-12-13 23:53:47 - [TEST_STEP][PASSED] - Statement - PreSaveFile = new java.io.File(((pathPrefix + java.lang.Integer.toString(counter)) + .png)): null

2018-12-13 23:53:47 - [TEST_STEP][PASSED] - Statement - counter = counter + 1: null

2018-12-13 23:53:47 - [TEST_STEP][PASSED] - Statement - PreSaveFile = new java.io.File(((pathPrefix + java.lang.Integer.toString(counter)) + .png)): null

2018-12-13 23:53:47 - [TEST_STEP][PASSED] - Statement - counter = counter + 1: null

2018-12-13 23:53:47 - [TEST_STEP][PASSED] - Statement - PreSaveFile = new java.io.File(((pathPrefix + java.lang.Integer.toString(counter)) + .png)): null

2018-12-13 23:53:47 - [TEST_STEP][PASSED] - Statement - counter = counter + 1: null

2018-12-13 23:53:47 - [TEST_STEP][PASSED] - Statement - PreSaveFile = new java.io.File(((pathPrefix + java.lang.Integer.toString(counter)) + .png)): null

2018-12-13 23:53:47 - [TEST_STEP][PASSED] - Statement - counter = counter + 1: null

2018-12-13 23:53:47 - [TEST_STEP][PASSED] - Statement - PreSaveFile = new java.io.File(((pathPrefix + java.lang.Integer.toString(counter)) + .png)): null

2018-12-13 23:53:47 - [TEST_STEP][PASSED] - Statement - counter = counter + 1: null

2018-12-13 23:53:47 - [TEST_STEP][PASSED] - Statement - PreSaveFile = new java.io.File(((pathPrefix + java.lang.Integer.toString(counter)) + .png)): null

2018-12-13 23:53:47 - [TEST_STEP][PASSED] - Statement - counter = counter + 1: null

2018-12-13 23:53:47 - [TEST_STEP][PASSED] - Statement - PreSaveFile = new java.io.File(((pathPrefix + java.lang.Integer.toString(counter)) + .png)): null

2018-12-13 23:53:47 - [TEST_STEP][PASSED] - Statement - counter = counter + 1: null

2018-12-13 23:53:47 - [TEST_STEP][PASSED] - Statement - PreSaveFile = new java.io.File(((pathPrefix + java.lang.Integer.toString(counter)) + .png)): null

2018-12-13 23:53:47 - [TEST_STEP][PASSED] - Statement - counter = counter + 1: null

2018-12-13 23:53:47 - [TEST_STEP][PASSED] - Statement - PreSaveFile = new java.io.File(((pathPrefix + java.lang.Integer.toString(counter)) + .png)): null

2018-12-13 23:53:47 - [TEST_STEP][PASSED] - Statement - counter = counter + 1: null

2018-12-13 23:53:47 - [TEST_STEP][PASSED] - Statement - PreSaveFile = new java.io.File(((pathPrefix + java.lang.Integer.toString(counter)) + .png)): null

2018-12-13 23:53:47 - [TEST_STEP][PASSED] - Statement - counter = counter + 1: null

2018-12-13 23:53:47 - [TEST_STEP][PASSED] - Statement - PreSaveFile = new java.io.File(((pathPrefix + java.lang.Integer.toString(counter)) + .png)): null

2018-12-13 23:53:47 - [TEST_STEP][PASSED] - Statement - counter = counter + 1: null

2018-12-13 23:53:47 - [TEST_STEP][PASSED] - Statement - PreSaveFile = new java.io.File(((pathPrefix + java.lang.Integer.toString(counter)) + .png)): null

2018-12-13 23:53:47 - [TEST_STEP][PASSED] - Statement - counter = counter + 1: null

2018-12-13 23:53:47 - [TEST_STEP][PASSED] - Statement - PreSaveFile = new java.io.File(((pathPrefix + java.lang.Integer.toString(counter)) + .png)): null

2018-12-13 23:53:47 - [TEST_STEP][PASSED] - Statement - counter = counter + 1: null

2018-12-13 23:53:47 - [TEST_STEP][PASSED] - Statement - PreSaveFile = new java.io.File(((pathPrefix + java.lang.Integer.toString(counter)) + .png)): null

2018-12-13 23:53:47 - [TEST_STEP][PASSED] - Statement - counter = counter + 1: null

2018-12-13 23:53:47 - [TEST_STEP][PASSED] - Statement - PreSaveFile = new java.io.File(((pathPrefix + java.lang.Integer.toString(counter)) + .png)): null

2018-12-13 23:53:47 - [TEST_STEP][PASSED] - Statement - counter = counter + 1: null

2018-12-13 23:53:47 - [TEST_STEP][PASSED] - Statement - PreSaveFile = new java.io.File(((pathPrefix + java.lang.Integer.toString(counter)) + .png)): null

2018-12-13 23:53:47 - [TEST_STEP][PASSED] - Statement - counter = counter + 1: null

2018-12-13 23:53:47 - [TEST_STEP][PASSED] - Statement - PreSaveFile = new java.io.File(((pathPrefix + java.lang.Integer.toString(counter)) + .png)): null

2018-12-13 23:53:47 - [TEST_STEP][PASSED] - Statement - counter = counter + 1: null

2018-12-13 23:53:47 - [TEST_STEP][PASSED] - Statement - PreSaveFile = new java.io.File(((pathPrefix + java.lang.Integer.toString(counter)) + .png)): null

2018-12-13 23:53:47 - [TEST_STEP][PASSED] - Statement - counter = counter + 1: null

2018-12-13 23:53:47 - [TEST_STEP][PASSED] - Statement - PreSaveFile = new java.io.File(((pathPrefix + java.lang.Integer.toString(counter)) + .png)): null

2018-12-13 23:53:47 - [TEST_STEP][PASSED] - Statement - counter = counter + 1: null

2018-12-13 23:53:47 - [TEST_STEP][PASSED] - Statement - PreSaveFile = new java.io.File(((pathPrefix + java.lang.Integer.toString(counter)) + .png)): null

2018-12-13 23:53:47 - [TEST_STEP][PASSED] - Statement - counter = counter + 1: null

2018-12-13 23:53:47 - [TEST_STEP][PASSED] - Statement - PreSaveFile = new java.io.File(((pathPrefix + java.lang.Integer.toString(counter)) + .png)): null

2018-12-13 23:53:47 - [TEST_STEP][PASSED] - Statement - counter = counter + 1: null

2018-12-13 23:53:47 - [TEST_STEP][PASSED] - Statement - PreSaveFile = new java.io.File(((pathPrefix + java.lang.Integer.toString(counter)) + .png)): null

2018-12-13 23:53:47 - [TEST_STEP][PASSED] - Statement - counter = counter + 1: null

2018-12-13 23:53:47 - [TEST_STEP][PASSED] - Statement - PreSaveFile = new java.io.File(((pathPrefix + java.lang.Integer.toString(counter)) + .png)): null

2018-12-13 23:53:47 - [TEST_STEP][PASSED] - Statement - counter = counter + 1: null

2018-12-13 23:53:47 - [TEST_STEP][PASSED] - Statement - PreSaveFile = new java.io.File(((pathPrefix + java.lang.Integer.toString(counter)) + .png)): null

2018-12-13 23:53:47 - [TEST_STEP][PASSED] - Statement - counter = counter + 1: null

2018-12-13 23:53:47 - [TEST_STEP][PASSED] - Statement - PreSaveFile = new java.io.File(((pathPrefix + java.lang.Integer.toString(counter)) + .png)): null

2018-12-13 23:53:47 - [TEST_STEP][PASSED] - Statement - counter = counter + 1: null

2018-12-13 23:53:47 - [TEST_STEP][PASSED] - Statement - PreSaveFile = new java.io.File(((pathPrefix + java.lang.Integer.toString(counter)) + .png)): null

2018-12-13 23:53:47 - [TEST_STEP][PASSED] - Statement - counter = counter + 1: null

2018-12-13 23:53:47 - [TEST_STEP][PASSED] - Statement - PreSaveFile = new java.io.File(((pathPrefix + java.lang.Integer.toString(counter)) + .png)): null

2018-12-13 23:53:47 - [TEST_STEP][PASSED] - Statement - counter = counter + 1: null

2018-12-13 23:53:47 - [TEST_STEP][PASSED] - Statement - PreSaveFile = new java.io.File(((pathPrefix + java.lang.Integer.toString(counter)) + .png)): null

2018-12-13 23:53:47 - [TEST_STEP][PASSED] - Statement - counter = counter + 1: null

2018-12-13 23:53:47 - [TEST_STEP][PASSED] - Statement - PreSaveFile = new java.io.File(((pathPrefix + java.lang.Integer.toString(counter)) + .png)): null

2018-12-13 23:53:47 - [TEST_STEP][PASSED] - Statement - counter = counter + 1: null

2018-12-13 23:53:47 - [TEST_STEP][PASSED] - Statement - PreSaveFile = new java.io.File(((pathPrefix + java.lang.Integer.toString(counter)) + .png)): null

2018-12-13 23:53:47 - [TEST_STEP][PASSED] - Statement - counter = counter + 1: null

2018-12-13 23:53:47 - [TEST_STEP][PASSED] - Statement - PreSaveFile = new java.io.File(((pathPrefix + java.lang.Integer.toString(counter)) + .png)): null

2018-12-13 23:53:47 - [TEST_STEP][PASSED] - Statement - counter = counter + 1: null

2018-12-13 23:53:47 - [TEST_STEP][PASSED] - Statement - PreSaveFile = new java.io.File(((pathPrefix + java.lang.Integer.toString(counter)) + .png)): null

2018-12-13 23:53:47 - [TEST_STEP][PASSED] - Statement - counter = counter + 1: null

2018-12-13 23:53:47 - [TEST_STEP][PASSED] - Statement - PreSaveFile = new java.io.File(((pathPrefix + java.lang.Integer.toString(counter)) + .png)): null

2018-12-13 23:53:47 - [TEST_STEP][PASSED] - Statement - counter = counter + 1: null

2018-12-13 23:53:47 - [TEST_STEP][PASSED] - Statement - PreSaveFile = new java.io.File(((pathPrefix + java.lang.Integer.toString(counter)) + .png)): null

2018-12-13 23:53:47 - [TEST_STEP][PASSED] - Statement - counter = counter + 1: null

2018-12-13 23:53:47 - [TEST_STEP][PASSED] - Statement - PreSaveFile = new java.io.File(((pathPrefix + java.lang.Integer.toString(counter)) + .png)): null

2018-12-13 23:53:47 - [TEST_STEP][PASSED] - Statement - counter = counter + 1: null

2018-12-13 23:53:47 - [TEST_STEP][PASSED] - Statement - PreSaveFile = new java.io.File(((pathPrefix + java.lang.Integer.toString(counter)) + .png)): null

2018-12-13 23:53:47 - [TEST_STEP][PASSED] - Statement - counter = counter + 1: null

2018-12-13 23:53:47 - [TEST_STEP][PASSED] - Statement - PreSaveFile = new java.io.File(((pathPrefix + java.lang.Integer.toString(counter)) + .png)): null

2018-12-13 23:53:47 - [TEST_STEP][PASSED] - Statement - counter = counter + 1: null

2018-12-13 23:53:47 - [TEST_STEP][PASSED] - Statement - PreSaveFile = new java.io.File(((pathPrefix + java.lang.Integer.toString(counter)) + .png)): null

2018-12-13 23:53:47 - [TEST_STEP][PASSED] - Statement - counter = counter + 1: null

2018-12-13 23:53:47 - [TEST_STEP][PASSED] - Statement - PreSaveFile = new java.io.File(((pathPrefix + java.lang.Integer.toString(counter)) + .png)): null

2018-12-13 23:53:47 - [TEST_STEP][PASSED] - Statement - counter = counter + 1: null

2018-12-13 23:53:47 - [TEST_STEP][PASSED] - Statement - PreSaveFile = new java.io.File(((pathPrefix + java.lang.Integer.toString(counter)) + .png)): null

2018-12-13 23:53:47 - [TEST_STEP][PASSED] - Statement - counter = counter + 1: null

2018-12-13 23:53:47 - [TEST_STEP][PASSED] - Statement - PreSaveFile = new java.io.File(((pathPrefix + java.lang.Integer.toString(counter)) + .png)): null

2018-12-13 23:53:47 - [TEST_STEP][PASSED] - Statement - counter = counter + 1: null

2018-12-13 23:53:47 - [TEST_STEP][PASSED] - Statement - PreSaveFile = new java.io.File(((pathPrefix + java.lang.Integer.toString(counter)) + .png)): null

2018-12-13 23:53:47 - [TEST_STEP][PASSED] - Statement - counter = counter + 1: null

2018-12-13 23:53:47 - [TEST_STEP][PASSED] - Statement - PreSaveFile = new java.io.File(((pathPrefix + java.lang.Integer.toString(counter)) + .png)): null

2018-12-13 23:53:47 - [TEST_STEP][PASSED] - Statement - counter = counter + 1: null

2018-12-13 23:53:47 - [TEST_STEP][PASSED] - Statement - PreSaveFile = new java.io.File(((pathPrefix + java.lang.Integer.toString(counter)) + .png)): null

2018-12-13 23:53:47 - [TEST_STEP][PASSED] - Statement - counter = counter + 1: null

2018-12-13 23:53:47 - [TEST_STEP][PASSED] - Statement - PreSaveFile = new java.io.File(((pathPrefix + java.lang.Integer.toString(counter)) + .png)): null

2018-12-13 23:53:47 - [TEST_STEP][PASSED] - Statement - counter = counter + 1: null

2018-12-13 23:53:47 - [TEST_STEP][PASSED] - Statement - PreSaveFile = new java.io.File(((pathPrefix + java.lang.Integer.toString(counter)) + .png)): null

2018-12-13 23:53:47 - [TEST_STEP][PASSED] - Statement - counter = counter + 1: null

2018-12-13 23:53:47 - [TEST_STEP][PASSED] - Statement - PreSaveFile = new java.io.File(((pathPrefix + java.lang.Integer.toString(counter)) + .png)): null

2018-12-13 23:53:47 - [TEST_STEP][PASSED] - Statement - counter = counter + 1: null

2018-12-13 23:53:47 - [TEST_STEP][PASSED] - Statement - PreSaveFile = new java.io.File(((pathPrefix + java.lang.Integer.toString(counter)) + .png)): null

2018-12-13 23:53:47 - [TEST_STEP][PASSED] - Statement - counter = counter + 1: null

2018-12-13 23:53:47 - [TEST_STEP][PASSED] - Statement - PreSaveFile = new java.io.File(((pathPrefix + java.lang.Integer.toString(counter)) + .png)): null

2018-12-13 23:53:47 - [TEST_STEP][PASSED] - Statement - counter = counter + 1: null

2018-12-13 23:53:47 - [TEST_STEP][PASSED] - Statement - PreSaveFile = new java.io.File(((pathPrefix + java.lang.Integer.toString(counter)) + .png)): null

2018-12-13 23:53:47 - [TEST_STEP][PASSED] - Statement - counter = counter + 1: null

2018-12-13 23:53:47 - [TEST_STEP][PASSED] - Statement - PreSaveFile = new java.io.File(((pathPrefix + java.lang.Integer.toString(counter)) + .png)): null

2018-12-13 23:53:47 - [TEST_STEP][PASSED] - Statement - counter = counter + 1: null

2018-12-13 23:53:47 - [TEST_STEP][PASSED] - Statement - PreSaveFile = new java.io.File(((pathPrefix + java.lang.Integer.toString(counter)) + .png)): null

2018-12-13 23:53:47 - [TEST_STEP][PASSED] - Statement - counter = counter + 1: null

2018-12-13 23:53:47 - [TEST_STEP][PASSED] - Statement - PreSaveFile = new java.io.File(((pathPrefix + java.lang.Integer.toString(counter)) + .png)): null

2018-12-13 23:53:47 - [TEST_STEP][PASSED] - Statement - counter = counter + 1: null

2018-12-13 23:53:47 - [TEST_STEP][PASSED] - Statement - PreSaveFile = new java.io.File(((pathPrefix + java.lang.Integer.toString(counter)) + .png)): null

2018-12-13 23:53:47 - [TEST_STEP][PASSED] - Statement - counter = counter + 1: null

2018-12-13 23:53:47 - [TEST_STEP][PASSED] - Statement - PreSaveFile = new java.io.File(((pathPrefix + java.lang.Integer.toString(counter)) + .png)): null

2018-12-13 23:53:47 - [TEST_STEP][PASSED] - Statement - counter = counter + 1: null

2018-12-13 23:53:47 - [TEST_STEP][PASSED] - Statement - PreSaveFile = new java.io.File(((pathPrefix + java.lang.Integer.toString(counter)) + .png)): null

2018-12-13 23:53:47 - [TEST_STEP][PASSED] - Statement - counter = counter + 1: null

2018-12-13 23:53:47 - [TEST_STEP][PASSED] - Statement - PreSaveFile = new java.io.File(((pathPrefix + java.lang.Integer.toString(counter)) + .png)): null

2018-12-13 23:53:47 - [TEST_STEP][PASSED] - Statement - counter = counter + 1: null

2018-12-13 23:53:47 - [TEST_STEP][PASSED] - Statement - PreSaveFile = new java.io.File(((pathPrefix + java.lang.Integer.toString(counter)) + .png)): null

2018-12-13 23:53:47 - [TEST_STEP][PASSED] - Statement - counter = counter + 1: null

2018-12-13 23:53:47 - [TEST_STEP][PASSED] - Statement - PreSaveFile = new java.io.File(((pathPrefix + java.lang.Integer.toString(counter)) + .png)): null

2018-12-13 23:53:47 - [TEST_STEP][PASSED] - Statement - counter = counter + 1: null

2018-12-13 23:53:47 - [TEST_STEP][PASSED] - Statement - PreSaveFile = new java.io.File(((pathPrefix + java.lang.Integer.toString(counter)) + .png)): null

2018-12-13 23:53:47 - [TEST_STEP][PASSED] - Statement - counter = counter + 1: null

2018-12-13 23:53:47 - [TEST_STEP][PASSED] - Statement - PreSaveFile = new java.io.File(((pathPrefix + java.lang.Integer.toString(counter)) + .png)): null

2018-12-13 23:53:47 - [TEST_STEP][PASSED] - Statement - counter = counter + 1: null

2018-12-13 23:53:47 - [TEST_STEP][PASSED] - Statement - PreSaveFile = new java.io.File(((pathPrefix + java.lang.Integer.toString(counter)) + .png)): null

2018-12-13 23:53:47 - [TEST_STEP][PASSED] - Statement - counter = counter + 1: null

2018-12-13 23:53:47 - [TEST_STEP][PASSED] - Statement - PreSaveFile = new java.io.File(((pathPrefix + java.lang.Integer.toString(counter)) + .png)): null

2018-12-13 23:53:47 - [TEST_STEP][PASSED] - Statement - counter = counter + 1: null

2018-12-13 23:53:47 - [TEST_STEP][PASSED] - Statement - PreSaveFile = new java.io.File(((pathPrefix + java.lang.Integer.toString(counter)) + .png)): null

2018-12-13 23:53:47 - [TEST_STEP][PASSED] - Statement - counter = counter + 1: null

2018-12-13 23:53:47 - [TEST_STEP][PASSED] - Statement - PreSaveFile = new java.io.File(((pathPrefix + java.lang.Integer.toString(counter)) + .png)): null

2018-12-13 23:53:47 - [TEST_STEP][PASSED] - Statement - counter = counter + 1: null

2018-12-13 23:53:47 - [TEST_STEP][PASSED] - Statement - PreSaveFile = new java.io.File(((pathPrefix + java.lang.Integer.toString(counter)) + .png)): null

2018-12-13 23:53:47 - [TEST_STEP][PASSED] - Statement - counter = counter + 1: null

2018-12-13 23:53:47 - [TEST_STEP][PASSED] - Statement - PreSaveFile = new java.io.File(((pathPrefix + java.lang.Integer.toString(counter)) + .png)): null

2018-12-13 23:53:47 - [TEST_STEP][PASSED] - Statement - counter = counter + 1: null

2018-12-13 23:53:47 - [TEST_STEP][PASSED] - Statement - PreSaveFile = new java.io.File(((pathPrefix + java.lang.Integer.toString(counter)) + .png)): null

2018-12-13 23:53:47 - [TEST_STEP][PASSED] - Statement - counter = counter + 1: null

2018-12-13 23:53:47 - [TEST_STEP][PASSED] - Statement - PreSaveFile = new java.io.File(((pathPrefix + java.lang.Integer.toString(counter)) + .png)): null

2018-12-13 23:53:47 - [TEST_STEP][PASSED] - Statement - counter = counter + 1: null

2018-12-13 23:53:47 - [TEST_STEP][PASSED] - Statement - PreSaveFile = new java.io.File(((pathPrefix + java.lang.Integer.toString(counter)) + .png)): null

2018-12-13 23:53:47 - [TEST_STEP][PASSED] - Statement - counter = counter + 1: null

2018-12-13 23:53:47 - [TEST_STEP][PASSED] - Statement - PreSaveFile = new java.io.File(((pathPrefix + java.lang.Integer.toString(counter)) + .png)): null

2018-12-13 23:53:47 - [TEST_STEP][PASSED] - Statement - counter = counter + 1: null

2018-12-13 23:53:47 - [TEST_STEP][PASSED] - Statement - PreSaveFile = new java.io.File(((pathPrefix + java.lang.Integer.toString(counter)) + .png)): null

2018-12-13 23:53:47 - [TEST_STEP][PASSED] - Statement - finalPath = pathPrefix + java.lang.Integer.toString(counter) + ".png": null

2018-12-13 23:53:47 - [TEST_STEP][PASSED] - Statement - SaveFile = new java.io.File(finalPath): null

2018-12-13 23:53:47 - [TEST_STEP][PASSED] - Statement - Try: null

2018-12-13 23:53:47 - [TEST_STEP][PASSED] - Statement - org.apache.commons.io.FileUtils.copyFile(scrFile, SaveFile): null

2018-12-13 23:53:47 - [TEST_STEP][PASSED] - Statement - out.println("file kept"): null

2018-12-13 23:53:47 - [TEST_STEP][PASSED] - delay: Delayed 10 second(s)

2018-12-13 23:53:57 - [MESSAGE][PASSED] - Delayed 10 second(s)

2018-12-13 23:53:57 - [MESSAGE][PASSED] - Call Test Case 'Test Cases/Final Aug 2018 - PKS Automation/Registration Module/New Registration/Submit and Screenshot/Submit Registration and Screenshot' successfully]]></system-out>
         <system-err><![CDATA[2018-12-13 23:46:56 - [TEST_CASE][FAILED] - Test Cases/Final Aug 2018 - PKS Automation/Registration Module/Workflow/New Registration/Case PKR BO to RO - RO Submit: Test Cases/Final Aug 2018 - PKS Automation/Registration Module/Workflow/New Registration/Case PKR BO to RO - RO Submit FAILED because (of) (Stack trace: com.kms.katalon.core.exception.StepFailedException: Unable to set text 'CRN12201800123319' of object 'Object Repository/Final Object Repo/New Registration - Registration Module Pages/New Reg - OTC to RO/Special Case - All Related Objects/TextBox RefNo in Workbasket' (Root cause: org.openqa.selenium.ElementNotVisibleException: element not interactable
  (Session info: chrome=70.0.3538.110)
  (Driver info: chromedriver=2.43.600210 (68dcf5eebde37173d4027fa8635e332711d2874a),platform=Windows NT 6.1.7601 SP1 x86_64) (WARNING: The server did not provide any stacktrace information)
Command duration or timeout: 0 milliseconds
Build info: version: '3.7.1', revision: '8a0099a', time: '2017-11-06T21:07:36.161Z'
System info: host: 'WIN7TEST02', ip: '10.20.3.72', os.name: 'Windows 7', os.arch: 'amd64', os.version: '6.1', java.version: '1.8.0_181'
Driver info: com.kms.katalon.selenium.driver.CChromeDriver
Capabilities {acceptInsecureCerts: false, acceptSslCerts: false, applicationCacheEnabled: false, browserConnectionEnabled: false, browserName: chrome, chrome: {chromedriverVersion: 2.43.600210 (68dcf5eebde371..., userDataDir: C:\Users\Admin\AppData\Loca...}, cssSelectorsEnabled: true, databaseEnabled: false, goog:chromeOptions: {debuggerAddress: localhost:62252}, handlesAlerts: true, hasTouchScreen: false, javascriptEnabled: true, locationContextEnabled: true, mobileEmulationEnabled: false, nativeEvents: true, networkConnectionEnabled: false, pageLoadStrategy: normal, platform: XP, platformName: XP, rotatable: false, setWindowRect: true, takesHeapSnapshot: true, takesScreenshot: true, unexpectedAlertBehaviour: , unhandledPromptBehavior: , version: 70.0.3538.110, webStorageEnabled: true}
Session ID: 1e2f0380f9d7bcdc4cf9ce0425194079)
	at com.kms.katalon.core.keyword.internal.KeywordMain.stepFailed(KeywordMain.groovy:32)
	at com.kms.katalon.core.webui.keyword.internal.WebUIKeywordMain.stepFailed(WebUIKeywordMain.groovy:65)
	at com.kms.katalon.core.webui.keyword.internal.WebUIKeywordMain.runKeyword(WebUIKeywordMain.groovy:27)
	at com.kms.katalon.core.webui.keyword.builtin.SetTextKeyword.setText(SetTextKeyword.groovy:65)
	at com.kms.katalon.core.webui.keyword.builtin.SetTextKeyword.execute(SetTextKeyword.groovy:37)
	at com.kms.katalon.core.keyword.internal.KeywordExecutor.executeKeywordForPlatform(KeywordExecutor.groovy:53)
	at com.kms.katalon.core.webui.keyword.WebUiBuiltInKeywords.setText(WebUiBuiltInKeywords.groovy:950)
	at com.kms.katalon.core.webui.keyword.WebUiBuiltInKeywords$setText$1.call(Unknown Source)
	at org.codehaus.groovy.runtime.callsite.CallSiteArray.defaultCall(CallSiteArray.java:48)
	at org.codehaus.groovy.runtime.callsite.AbstractCallSite.call(AbstractCallSite.java:113)
	at org.codehaus.groovy.runtime.callsite.AbstractCallSite.call(AbstractCallSite.java:133)
	at Script1535945708168.run(Script1535945708168.groovy:73)
	at com.kms.katalon.core.main.ScriptEngine.run(ScriptEngine.java:183)
	at com.kms.katalon.core.main.ScriptEngine.runScriptAsRawText(ScriptEngine.java:108)
	at com.kms.katalon.core.main.TestCaseExecutor.runScript(TestCaseExecutor.java:294)
	at com.kms.katalon.core.main.TestCaseExecutor.doExecute(TestCaseExecutor.java:285)
	at com.kms.katalon.core.main.TestCaseExecutor.processExecutionPhase(TestCaseExecutor.java:264)
	at com.kms.katalon.core.main.TestCaseExecutor.accessMainPhase(TestCaseExecutor.java:256)
	at com.kms.katalon.core.main.TestCaseExecutor.execute(TestCaseExecutor.java:200)
	at com.kms.katalon.core.main.TestSuiteExecutor.accessTestCaseMainPhase(TestSuiteExecutor.java:129)
	at com.kms.katalon.core.main.TestSuiteExecutor.accessTestSuiteMainPhase(TestSuiteExecutor.java:112)
	at com.kms.katalon.core.main.TestSuiteExecutor.execute(TestSuiteExecutor.java:81)
	at com.kms.katalon.core.main.TestCaseMain.startTestSuite(TestCaseMain.java:142)
	at com.kms.katalon.core.main.TestCaseMain$startTestSuite$0.call(Unknown Source)
	at org.codehaus.groovy.runtime.callsite.CallSiteArray.defaultCall(CallSiteArray.java:48)
	at org.codehaus.groovy.runtime.callsite.AbstractCallSite.call(AbstractCallSite.java:113)
	at org.codehaus.groovy.runtime.callsite.AbstractCallSite.call(AbstractCallSite.java:141)
	at TempTestSuite1544701631622.run(TempTestSuite1544701631622.groovy:36)
	at groovy.lang.GroovyShell.runScriptOrMainOrTestOrRunnable(GroovyShell.java:263)
	at groovy.lang.GroovyShell.run(GroovyShell.java:518)
	at groovy.lang.GroovyShell.run(GroovyShell.java:507)
	at groovy.ui.GroovyMain.processOnce(GroovyMain.java:653)
	at groovy.ui.GroovyMain.run(GroovyMain.java:384)
	at groovy.ui.GroovyMain.process(GroovyMain.java:370)
	at groovy.ui.GroovyMain.processArgs(GroovyMain.java:129)
	at groovy.ui.GroovyMain.main(GroovyMain.java:109)
	at sun.reflect.NativeMethodAccessorImpl.invoke0(Native Method)
	at sun.reflect.NativeMethodAccessorImpl.invoke(NativeMethodAccessorImpl.java:62)
	at sun.reflect.DelegatingMethodAccessorImpl.invoke(DelegatingMethodAccessorImpl.java:43)
	at java.lang.reflect.Method.invoke(Method.java:498)
	at org.codehaus.groovy.tools.GroovyStarter.rootLoader(GroovyStarter.java:109)
	at org.codehaus.groovy.tools.GroovyStarter.main(GroovyStarter.java:131)
)]]></system-err>
      </testcase>
      <testcase name="Test Cases/Final Aug 2018 - PKS Automation/Registration Module/Workflow/New Registration/Employer to RO - Query - Submit" classname="Test Cases/Final Aug 2018 - PKS Automation/Registration Module/Workflow/New Registration/Employer to RO - Query - Submit" status="FAILED">
         <failure type="FAILED" message="(Stack trace: com.kms.katalon.core.exception.StepFailedException: Unable to set text 'CRN12201800123320' of object 'Object Repository/Final Object Repo/New Registration - Registration Module Pages/New Reg - OTC to RO/Special Case - All Related Objects/TextBox RefNo in Workbasket' (Root cause: org.openqa.selenium.ElementNotVisibleException: element not interactable
  (Session info: chrome=70.0.3538.110)
  (Driver info: chromedriver=2.43.600210 (68dcf5eebde37173d4027fa8635e332711d2874a),platform=Windows NT 6.1.7601 SP1 x86_64) (WARNING: The server did not provide any stacktrace information)
Command duration or timeout: 0 milliseconds
Build info: version: '3.7.1', revision: '8a0099a', time: '2017-11-06T21:07:36.161Z'
System info: host: 'WIN7TEST02', ip: '10.20.3.72', os.name: 'Windows 7', os.arch: 'amd64', os.version: '6.1', java.version: '1.8.0_181'
Driver info: com.kms.katalon.selenium.driver.CChromeDriver
Capabilities {acceptInsecureCerts: false, acceptSslCerts: false, applicationCacheEnabled: false, browserConnectionEnabled: false, browserName: chrome, chrome: {chromedriverVersion: 2.43.600210 (68dcf5eebde371..., userDataDir: C:\Users\Admin\AppData\Loca...}, cssSelectorsEnabled: true, databaseEnabled: false, goog:chromeOptions: {debuggerAddress: localhost:62446}, handlesAlerts: true, hasTouchScreen: false, javascriptEnabled: true, locationContextEnabled: true, mobileEmulationEnabled: false, nativeEvents: true, networkConnectionEnabled: false, pageLoadStrategy: normal, platform: XP, platformName: XP, rotatable: false, setWindowRect: true, takesHeapSnapshot: true, takesScreenshot: true, unexpectedAlertBehaviour: , unhandledPromptBehavior: , version: 70.0.3538.110, webStorageEnabled: true}
Session ID: d677c9e2d626e307db6045f24a44205e)
	at com.kms.katalon.core.keyword.internal.KeywordMain.stepFailed(KeywordMain.groovy:32)
	at com.kms.katalon.core.webui.keyword.internal.WebUIKeywordMain.stepFailed(WebUIKeywordMain.groovy:65)
	at com.kms.katalon.core.webui.keyword.internal.WebUIKeywordMain.runKeyword(WebUIKeywordMain.groovy:27)
	at com.kms.katalon.core.webui.keyword.builtin.SetTextKeyword.setText(SetTextKeyword.groovy:65)
	at com.kms.katalon.core.webui.keyword.builtin.SetTextKeyword.execute(SetTextKeyword.groovy:37)
	at com.kms.katalon.core.keyword.internal.KeywordExecutor.executeKeywordForPlatform(KeywordExecutor.groovy:53)
	at com.kms.katalon.core.webui.keyword.WebUiBuiltInKeywords.setText(WebUiBuiltInKeywords.groovy:950)
	at com.kms.katalon.core.webui.keyword.WebUiBuiltInKeywords$setText$1.call(Unknown Source)
	at org.codehaus.groovy.runtime.callsite.CallSiteArray.defaultCall(CallSiteArray.java:48)
	at org.codehaus.groovy.runtime.callsite.AbstractCallSite.call(AbstractCallSite.java:113)
	at org.codehaus.groovy.runtime.callsite.AbstractCallSite.call(AbstractCallSite.java:133)
	at Script1537248112379.run(Script1537248112379.groovy:87)
	at com.kms.katalon.core.main.ScriptEngine.run(ScriptEngine.java:183)
	at com.kms.katalon.core.main.ScriptEngine.runScriptAsRawText(ScriptEngine.java:108)
	at com.kms.katalon.core.main.TestCaseExecutor.runScript(TestCaseExecutor.java:294)
	at com.kms.katalon.core.main.TestCaseExecutor.doExecute(TestCaseExecutor.java:285)
	at com.kms.katalon.core.main.TestCaseExecutor.processExecutionPhase(TestCaseExecutor.java:264)
	at com.kms.katalon.core.main.TestCaseExecutor.accessMainPhase(TestCaseExecutor.java:256)
	at com.kms.katalon.core.main.TestCaseExecutor.execute(TestCaseExecutor.java:200)
	at com.kms.katalon.core.main.TestSuiteExecutor.accessTestCaseMainPhase(TestSuiteExecutor.java:129)
	at com.kms.katalon.core.main.TestSuiteExecutor.accessTestSuiteMainPhase(TestSuiteExecutor.java:112)
	at com.kms.katalon.core.main.TestSuiteExecutor.execute(TestSuiteExecutor.java:81)
	at com.kms.katalon.core.main.TestCaseMain.startTestSuite(TestCaseMain.java:142)
	at com.kms.katalon.core.main.TestCaseMain$startTestSuite$0.call(Unknown Source)
	at org.codehaus.groovy.runtime.callsite.CallSiteArray.defaultCall(CallSiteArray.java:48)
	at org.codehaus.groovy.runtime.callsite.AbstractCallSite.call(AbstractCallSite.java:113)
	at org.codehaus.groovy.runtime.callsite.AbstractCallSite.call(AbstractCallSite.java:141)
	at TempTestSuite1544701631622.run(TempTestSuite1544701631622.groovy:36)
	at groovy.lang.GroovyShell.runScriptOrMainOrTestOrRunnable(GroovyShell.java:263)
	at groovy.lang.GroovyShell.run(GroovyShell.java:518)
	at groovy.lang.GroovyShell.run(GroovyShell.java:507)
	at groovy.ui.GroovyMain.processOnce(GroovyMain.java:653)
	at groovy.ui.GroovyMain.run(GroovyMain.java:384)
	at groovy.ui.GroovyMain.process(GroovyMain.java:370)
	at groovy.ui.GroovyMain.processArgs(GroovyMain.java:129)
	at groovy.ui.GroovyMain.main(GroovyMain.java:109)
	at sun.reflect.NativeMethodAccessorImpl.invoke0(Native Method)
	at sun.reflect.NativeMethodAccessorImpl.invoke(NativeMethodAccessorImpl.java:62)
	at sun.reflect.DelegatingMethodAccessorImpl.invoke(DelegatingMethodAccessorImpl.java:43)
	at java.lang.reflect.Method.invoke(Method.java:498)
	at org.codehaus.groovy.tools.GroovyStarter.rootLoader(GroovyStarter.java:109)
	at org.codehaus.groovy.tools.GroovyStarter.main(GroovyStarter.java:131)
)"/>
         <system-out><![CDATA[2018-12-13 23:53:57 - [TEST_CASE][FAILED] - Test Cases/Final Aug 2018 - PKS Automation/Registration Module/Workflow/New Registration/Employer to RO - Query - Submit: Test Cases/Final Aug 2018 - PKS Automation/Registration Module/Workflow/New Registration/Employer to RO - Query - Submit FAILED because (of) (Stack trace: com.kms.katalon.core.exception.StepFailedException: Unable to set text 'CRN12201800123320' of object 'Object Repository/Final Object Repo/New Registration - Registration Module Pages/New Reg - OTC to RO/Special Case - All Related Objects/TextBox RefNo in Workbasket' (Root cause: org.openqa.selenium.ElementNotVisibleException: element not interactable
  (Session info: chrome=70.0.3538.110)
  (Driver info: chromedriver=2.43.600210 (68dcf5eebde37173d4027fa8635e332711d2874a),platform=Windows NT 6.1.7601 SP1 x86_64) (WARNING: The server did not provide any stacktrace information)
Command duration or timeout: 0 milliseconds
Build info: version: '3.7.1', revision: '8a0099a', time: '2017-11-06T21:07:36.161Z'
System info: host: 'WIN7TEST02', ip: '10.20.3.72', os.name: 'Windows 7', os.arch: 'amd64', os.version: '6.1', java.version: '1.8.0_181'
Driver info: com.kms.katalon.selenium.driver.CChromeDriver
Capabilities {acceptInsecureCerts: false, acceptSslCerts: false, applicationCacheEnabled: false, browserConnectionEnabled: false, browserName: chrome, chrome: {chromedriverVersion: 2.43.600210 (68dcf5eebde371..., userDataDir: C:\Users\Admin\AppData\Loca...}, cssSelectorsEnabled: true, databaseEnabled: false, goog:chromeOptions: {debuggerAddress: localhost:62446}, handlesAlerts: true, hasTouchScreen: false, javascriptEnabled: true, locationContextEnabled: true, mobileEmulationEnabled: false, nativeEvents: true, networkConnectionEnabled: false, pageLoadStrategy: normal, platform: XP, platformName: XP, rotatable: false, setWindowRect: true, takesHeapSnapshot: true, takesScreenshot: true, unexpectedAlertBehaviour: , unhandledPromptBehavior: , version: 70.0.3538.110, webStorageEnabled: true}
Session ID: d677c9e2d626e307db6045f24a44205e)
	at com.kms.katalon.core.keyword.internal.KeywordMain.stepFailed(KeywordMain.groovy:32)
	at com.kms.katalon.core.webui.keyword.internal.WebUIKeywordMain.stepFailed(WebUIKeywordMain.groovy:65)
	at com.kms.katalon.core.webui.keyword.internal.WebUIKeywordMain.runKeyword(WebUIKeywordMain.groovy:27)
	at com.kms.katalon.core.webui.keyword.builtin.SetTextKeyword.setText(SetTextKeyword.groovy:65)
	at com.kms.katalon.core.webui.keyword.builtin.SetTextKeyword.execute(SetTextKeyword.groovy:37)
	at com.kms.katalon.core.keyword.internal.KeywordExecutor.executeKeywordForPlatform(KeywordExecutor.groovy:53)
	at com.kms.katalon.core.webui.keyword.WebUiBuiltInKeywords.setText(WebUiBuiltInKeywords.groovy:950)
	at com.kms.katalon.core.webui.keyword.WebUiBuiltInKeywords$setText$1.call(Unknown Source)
	at org.codehaus.groovy.runtime.callsite.CallSiteArray.defaultCall(CallSiteArray.java:48)
	at org.codehaus.groovy.runtime.callsite.AbstractCallSite.call(AbstractCallSite.java:113)
	at org.codehaus.groovy.runtime.callsite.AbstractCallSite.call(AbstractCallSite.java:133)
	at Script1537248112379.run(Script1537248112379.groovy:87)
	at com.kms.katalon.core.main.ScriptEngine.run(ScriptEngine.java:183)
	at com.kms.katalon.core.main.ScriptEngine.runScriptAsRawText(ScriptEngine.java:108)
	at com.kms.katalon.core.main.TestCaseExecutor.runScript(TestCaseExecutor.java:294)
	at com.kms.katalon.core.main.TestCaseExecutor.doExecute(TestCaseExecutor.java:285)
	at com.kms.katalon.core.main.TestCaseExecutor.processExecutionPhase(TestCaseExecutor.java:264)
	at com.kms.katalon.core.main.TestCaseExecutor.accessMainPhase(TestCaseExecutor.java:256)
	at com.kms.katalon.core.main.TestCaseExecutor.execute(TestCaseExecutor.java:200)
	at com.kms.katalon.core.main.TestSuiteExecutor.accessTestCaseMainPhase(TestSuiteExecutor.java:129)
	at com.kms.katalon.core.main.TestSuiteExecutor.accessTestSuiteMainPhase(TestSuiteExecutor.java:112)
	at com.kms.katalon.core.main.TestSuiteExecutor.execute(TestSuiteExecutor.java:81)
	at com.kms.katalon.core.main.TestCaseMain.startTestSuite(TestCaseMain.java:142)
	at com.kms.katalon.core.main.TestCaseMain$startTestSuite$0.call(Unknown Source)
	at org.codehaus.groovy.runtime.callsite.CallSiteArray.defaultCall(CallSiteArray.java:48)
	at org.codehaus.groovy.runtime.callsite.AbstractCallSite.call(AbstractCallSite.java:113)
	at org.codehaus.groovy.runtime.callsite.AbstractCallSite.call(AbstractCallSite.java:141)
	at TempTestSuite1544701631622.run(TempTestSuite1544701631622.groovy:36)
	at groovy.lang.GroovyShell.runScriptOrMainOrTestOrRunnable(GroovyShell.java:263)
	at groovy.lang.GroovyShell.run(GroovyShell.java:518)
	at groovy.lang.GroovyShell.run(GroovyShell.java:507)
	at groovy.ui.GroovyMain.processOnce(GroovyMain.java:653)
	at groovy.ui.GroovyMain.run(GroovyMain.java:384)
	at groovy.ui.GroovyMain.process(GroovyMain.java:370)
	at groovy.ui.GroovyMain.processArgs(GroovyMain.java:129)
	at groovy.ui.GroovyMain.main(GroovyMain.java:109)
	at sun.reflect.NativeMethodAccessorImpl.invoke0(Native Method)
	at sun.reflect.NativeMethodAccessorImpl.invoke(NativeMethodAccessorImpl.java:62)
	at sun.reflect.DelegatingMethodAccessorImpl.invoke(DelegatingMethodAccessorImpl.java:43)
	at java.lang.reflect.Method.invoke(Method.java:498)
	at org.codehaus.groovy.tools.GroovyStarter.rootLoader(GroovyStarter.java:109)
	at org.codehaus.groovy.tools.GroovyStarter.main(GroovyStarter.java:131)
)

2018-12-13 23:53:58 - [TEST_STEP][PASSED] - callTestCase: Call Test Case 'Test Cases/Final Aug 2018 - PKS Automation/Registration Module/Workflow/New Registration/Template/Special Case - Employer - Form 1' successfully

2018-12-13 23:53:58 - [TEST_CASE][PASSED] - Test Cases/Final Aug 2018 - PKS Automation/Registration Module/Workflow/New Registration/Template/Special Case - Employer - Form 1: Test Cases/Final Aug 2018 - PKS Automation/Registration Module/Workflow/New Registration/Template/Special Case - Employer - Form 1

2018-12-13 23:53:58 - [TEST_STEP][PASSED] - callTestCase: Call Test Case 'Test Cases/Final Aug 2018 - PKS Automation/Create Employer Acc/Create Employer Account' successfully

2018-12-13 23:53:58 - [TEST_CASE][PASSED] - Test Cases/Final Aug 2018 - PKS Automation/Create Employer Acc/Create Employer Account: Test Cases/Final Aug 2018 - PKS Automation/Create Employer Acc/Create Employer Account

2018-12-13 23:53:58 - [TEST_STEP][PASSED] - callTestCase: Call Test Case 'Test Cases/Final Aug 2018 - PKS Automation/Create Employer Acc/Template/Register Employer' successfully

2018-12-13 23:53:58 - [TEST_CASE][PASSED] - Test Cases/Final Aug 2018 - PKS Automation/Create Employer Acc/Template/Register Employer: Test Cases/Final Aug 2018 - PKS Automation/Create Employer Acc/Template/Register Employer

2018-12-13 23:53:59 - [TEST_STEP][PASSED] - openBrowser: Browser is opened with url: ''

2018-12-13 23:53:59 - [MESSAGE][WARNING] - A browser is already opened. Closing browser and opening a new one

2018-12-13 23:54:03 - [MESSAGE][PASSED] - Browser is opened with url: ''

2018-12-13 23:54:03 - [TEST_STEP][PASSED] - navigateToUrl: Navigate to 'https://assist2-uat.perkeso.gov.my/login' successfully

2018-12-13 23:54:04 - [MESSAGE][PASSED] - Navigate to 'https://assist2-uat.perkeso.gov.my/login' successfully

2018-12-13 23:54:04 - [TEST_STEP][PASSED] - setText: Text 'johorotc1@gmail.com' is set on object 'Object Repository/Final Object Repo/Login Page/Internal User/Email Address'

2018-12-13 23:54:04 - [MESSAGE][PASSED] - Text 'johorotc1@gmail.com' is set on object 'Object Repository/Final Object Repo/Login Page/Internal User/Email Address'

2018-12-13 23:54:04 - [TEST_STEP][PASSED] - click: Object: 'Object Repository/Final Object Repo/Login Page/Internal User/Next Button' is clicked on

2018-12-13 23:54:04 - [MESSAGE][PASSED] - Object: 'Object Repository/Final Object Repo/Login Page/Internal User/Next Button' is clicked on

2018-12-13 23:54:04 - [TEST_STEP][PASSED] - delay: Delayed 1 second(s)

2018-12-13 23:54:05 - [MESSAGE][PASSED] - Delayed 1 second(s)

2018-12-13 23:54:05 - [TEST_STEP][PASSED] - setEncryptedText: Text ****** has been set on object 'Object Repository/Final Object Repo/Login Page/Internal User/Password'

2018-12-13 23:54:06 - [MESSAGE][PASSED] - Text ****** has been set on object 'Object Repository/Final Object Repo/Login Page/Internal User/Password'

2018-12-13 23:54:06 - [TEST_STEP][PASSED] - click: Object: 'Object Repository/Final Object Repo/Login Page/Internal User/Login Button' is clicked on

2018-12-13 23:54:06 - [MESSAGE][PASSED] - Object: 'Object Repository/Final Object Repo/Login Page/Internal User/Login Button' is clicked on

2018-12-13 23:54:06 - [TEST_STEP][PASSED] - delay: Delayed 1 second(s)

2018-12-13 23:54:07 - [MESSAGE][PASSED] - Delayed 1 second(s)

2018-12-13 23:54:07 - [TEST_STEP][PASSED] - navigateToUrl: Navigate to 'https://assist2-uat.perkeso.gov.my/web/base/portal-id/registration' successfully

2018-12-13 23:54:09 - [MESSAGE][PASSED] - Navigate to 'https://assist2-uat.perkeso.gov.my/web/base/portal-id/registration' successfully

2018-12-13 23:54:09 - [TEST_STEP][PASSED] - setText: Text 'AUTOMATION EMPLOYER' is set on object 'Object Repository/Final Object Repo/Creating Employer Account/Page_Registration - ASSIST (Base)/Employer Name'

2018-12-13 23:54:09 - [MESSAGE][PASSED] - Text 'AUTOMATION EMPLOYER' is set on object 'Object Repository/Final Object Repo/Creating Employer Account/Page_Registration - ASSIST (Base)/Employer Name'

2018-12-13 23:54:09 - [TEST_STEP][PASSED] - delay: Delayed 2 second(s)

2018-12-13 23:54:11 - [MESSAGE][PASSED] - Delayed 2 second(s)

2018-12-13 23:54:11 - [TEST_STEP][PASSED] - click: Object: 'Object Repository/Final Object Repo/Creating Employer Account/Page_Registration - ASSIST (Base)/Registration Type' is clicked on

2018-12-13 23:54:11 - [MESSAGE][PASSED] - Object: 'Object Repository/Final Object Repo/Creating Employer Account/Page_Registration - ASSIST (Base)/Registration Type' is clicked on

2018-12-13 23:54:11 - [TEST_STEP][PASSED] - delay: Delayed 2 second(s)

2018-12-13 23:54:13 - [MESSAGE][PASSED] - Delayed 2 second(s)

2018-12-13 23:54:13 - [TEST_STEP][PASSED] - click: Object: 'Object Repository/Final Object Repo/Creating Employer Account/Page_Registration - ASSIST (Base)/Registration Type - Registration No' is clicked on

2018-12-13 23:54:13 - [MESSAGE][PASSED] - Object: 'Object Repository/Final Object Repo/Creating Employer Account/Page_Registration - ASSIST (Base)/Registration Type - Registration No' is clicked on

2018-12-13 23:54:13 - [TEST_STEP][PASSED] - delay: Delayed 2 second(s)

2018-12-13 23:54:15 - [MESSAGE][PASSED] - Delayed 2 second(s)

2018-12-13 23:54:15 - [TEST_STEP][PASSED] - setText: Text 'AUTOMATE001' is set on object 'Object Repository/Final Object Repo/Creating Employer Account/Page_Registration - ASSIST (Base)/Registration Number'

2018-12-13 23:54:16 - [MESSAGE][PASSED] - Text 'AUTOMATE001' is set on object 'Object Repository/Final Object Repo/Creating Employer Account/Page_Registration - ASSIST (Base)/Registration Number'

2018-12-13 23:54:16 - [TEST_STEP][PASSED] - delay: Delayed 2 second(s)

2018-12-13 23:54:18 - [MESSAGE][PASSED] - Delayed 2 second(s)

2018-12-13 23:54:18 - [TEST_STEP][PASSED] - setText: Text 'ADDRESS 1' is set on object 'Object Repository/Final Object Repo/Creating Employer Account/Page_Registration - ASSIST (Base)/Postal Address 1'

2018-12-13 23:54:18 - [MESSAGE][PASSED] - Text 'ADDRESS 1' is set on object 'Object Repository/Final Object Repo/Creating Employer Account/Page_Registration - ASSIST (Base)/Postal Address 1'

2018-12-13 23:54:18 - [TEST_STEP][PASSED] - setText: Text 'ADDRESS 2' is set on object 'Object Repository/Final Object Repo/Creating Employer Account/Page_Registration - ASSIST (Base)/Postal Address 2'

2018-12-13 23:54:18 - [MESSAGE][PASSED] - Text 'ADDRESS 2' is set on object 'Object Repository/Final Object Repo/Creating Employer Account/Page_Registration - ASSIST (Base)/Postal Address 2'

2018-12-13 23:54:18 - [TEST_STEP][PASSED] - click: Object: 'Object Repository/Final Object Repo/Creating Employer Account/Page_Registration - ASSIST (Base)/State' is clicked on

2018-12-13 23:54:18 - [MESSAGE][PASSED] - Object: 'Object Repository/Final Object Repo/Creating Employer Account/Page_Registration - ASSIST (Base)/State' is clicked on

2018-12-13 23:54:18 - [TEST_STEP][PASSED] - delay: Delayed 2 second(s)

2018-12-13 23:54:20 - [MESSAGE][PASSED] - Delayed 2 second(s)

2018-12-13 23:54:20 - [TEST_STEP][PASSED] - click: Object: 'Object Repository/Final Object Repo/Creating Employer Account/Page_Registration - ASSIST (Base)/State - Johor' is clicked on

2018-12-13 23:54:21 - [MESSAGE][PASSED] - Object: 'Object Repository/Final Object Repo/Creating Employer Account/Page_Registration - ASSIST (Base)/State - Johor' is clicked on

2018-12-13 23:54:21 - [TEST_STEP][PASSED] - delay: Delayed 2 second(s)

2018-12-13 23:54:23 - [MESSAGE][PASSED] - Delayed 2 second(s)

2018-12-13 23:54:23 - [TEST_STEP][PASSED] - click: Object: 'Object Repository/Final Object Repo/Creating Employer Account/Page_Registration - ASSIST (Base)/City' is clicked on

2018-12-13 23:54:23 - [MESSAGE][PASSED] - Object: 'Object Repository/Final Object Repo/Creating Employer Account/Page_Registration - ASSIST (Base)/City' is clicked on

2018-12-13 23:54:23 - [TEST_STEP][PASSED] - delay: Delayed 2 second(s)

2018-12-13 23:54:25 - [MESSAGE][PASSED] - Delayed 2 second(s)

2018-12-13 23:54:25 - [TEST_STEP][PASSED] - setText: Text 'joh' is set on object 'Object Repository/Final Object Repo/Creating Employer Account/Page_Registration - ASSIST (Base)/City - joh'

2018-12-13 23:54:25 - [MESSAGE][PASSED] - Text 'joh' is set on object 'Object Repository/Final Object Repo/Creating Employer Account/Page_Registration - ASSIST (Base)/City - joh'

2018-12-13 23:54:25 - [TEST_STEP][PASSED] - delay: Delayed 2 second(s)

2018-12-13 23:54:27 - [MESSAGE][PASSED] - Delayed 2 second(s)

2018-12-13 23:54:27 - [TEST_STEP][PASSED] - click: Object: 'Object Repository/Final Object Repo/Creating Employer Account/Page_Registration - ASSIST (Base)/City - Johor Bharu' is clicked on

2018-12-13 23:54:27 - [MESSAGE][PASSED] - Object: 'Object Repository/Final Object Repo/Creating Employer Account/Page_Registration - ASSIST (Base)/City - Johor Bharu' is clicked on

2018-12-13 23:54:27 - [TEST_STEP][PASSED] - delay: Delayed 2 second(s)

2018-12-13 23:54:29 - [MESSAGE][PASSED] - Delayed 2 second(s)

2018-12-13 23:54:29 - [TEST_STEP][PASSED] - click: Object: 'Object Repository/Final Object Repo/Creating Employer Account/Page_Registration - ASSIST (Base)/Post Code' is clicked on

2018-12-13 23:54:29 - [MESSAGE][PASSED] - Object: 'Object Repository/Final Object Repo/Creating Employer Account/Page_Registration - ASSIST (Base)/Post Code' is clicked on

2018-12-13 23:54:29 - [TEST_STEP][PASSED] - delay: Delayed 2 second(s)

2018-12-13 23:54:31 - [MESSAGE][PASSED] - Delayed 2 second(s)

2018-12-13 23:54:31 - [TEST_STEP][PASSED] - setText: Text '810' is set on object 'Object Repository/Final Object Repo/Creating Employer Account/Page_Registration - ASSIST (Base)/Post Code - 810'

2018-12-13 23:54:32 - [MESSAGE][PASSED] - Text '810' is set on object 'Object Repository/Final Object Repo/Creating Employer Account/Page_Registration - ASSIST (Base)/Post Code - 810'

2018-12-13 23:54:32 - [TEST_STEP][PASSED] - delay: Delayed 2 second(s)

2018-12-13 23:54:34 - [MESSAGE][PASSED] - Delayed 2 second(s)

2018-12-13 23:54:34 - [TEST_STEP][PASSED] - click: Object: 'Object Repository/Final Object Repo/Creating Employer Account/Page_Registration - ASSIST (Base)/Post Code - 81000' is clicked on

2018-12-13 23:54:34 - [MESSAGE][PASSED] - Object: 'Object Repository/Final Object Repo/Creating Employer Account/Page_Registration - ASSIST (Base)/Post Code - 81000' is clicked on

2018-12-13 23:54:34 - [TEST_STEP][PASSED] - delay: Delayed 2 second(s)

2018-12-13 23:54:36 - [MESSAGE][PASSED] - Delayed 2 second(s)

2018-12-13 23:54:36 - [TEST_STEP][PASSED] - setText: Text 'PERKESO' is set on object 'Object Repository/Final Object Repo/Creating Employer Account/Page_Registration - ASSIST (Base)/Full Name'

2018-12-13 23:54:36 - [MESSAGE][PASSED] - Text 'PERKESO' is set on object 'Object Repository/Final Object Repo/Creating Employer Account/Page_Registration - ASSIST (Base)/Full Name'

2018-12-13 23:54:36 - [TEST_STEP][PASSED] - Statement - rnd = new java.util.Random(): null

2018-12-13 23:54:36 - [TEST_STEP][PASSED] - Statement - snum = rnd.nextInt(899999 + 1) + 100000: null

2018-12-13 23:54:36 - [TEST_STEP][PASSED] - Statement - tnum = rnd.nextInt(899999 + 1) + 100000: null

2018-12-13 23:54:36 - [TEST_STEP][PASSED] - Statement - IC = java.lang.Integer.toString(snum) + java.lang.Integer.toString(tnum): null

2018-12-13 23:54:36 - [TEST_STEP][PASSED] - Statement - out.println(IC): null

2018-12-13 23:54:36 - [TEST_STEP][PASSED] - setText: Text '136669992583' is set on object 'Object Repository/Final Object Repo/Creating Employer Account/Page_Registration - ASSIST (Base)/Identification Number'

2018-12-13 23:54:36 - [MESSAGE][PASSED] - Text '136669992583' is set on object 'Object Repository/Final Object Repo/Creating Employer Account/Page_Registration - ASSIST (Base)/Identification Number'

2018-12-13 23:54:36 - [TEST_STEP][PASSED] - delay: Delayed 2 second(s)

2018-12-13 23:54:38 - [MESSAGE][PASSED] - Delayed 2 second(s)

2018-12-13 23:54:38 - [TEST_STEP][PASSED] - setText: Text '123456789012' is set on object 'Object Repository/Final Object Repo/Creating Employer Account/Page_Registration - ASSIST (Base)/Contact Number'

2018-12-13 23:54:39 - [MESSAGE][PASSED] - Text '123456789012' is set on object 'Object Repository/Final Object Repo/Creating Employer Account/Page_Registration - ASSIST (Base)/Contact Number'

2018-12-13 23:54:39 - [TEST_STEP][PASSED] - Statement - Email = "perkeso" + IC + "@gmail.com": null

2018-12-13 23:54:39 - [TEST_STEP][PASSED] - delay: Delayed 2 second(s)

2018-12-13 23:54:41 - [MESSAGE][PASSED] - Delayed 2 second(s)

2018-12-13 23:54:41 - [TEST_STEP][PASSED] - callTestCase: Call Test Case 'Test Cases/Final Aug 2018 - PKS Automation/Create Employer Acc/Template/Employer Email Settler' successfully

2018-12-13 23:54:41 - [TEST_CASE][PASSED] - Test Cases/Final Aug 2018 - PKS Automation/Create Employer Acc/Template/Employer Email Settler: Test Cases/Final Aug 2018 - PKS Automation/Create Employer Acc/Template/Employer Email Settler

2018-12-13 23:54:41 - [TEST_STEP][PASSED] - Statement - EmpEmailOld = new java.io.File(C://Users//Admin//Desktop//PKS//Automation Reference Point//EmpEmail.txt): null

2018-12-13 23:54:41 - [TEST_STEP][PASSED] - Statement - EmpEmailOld.delete(): null

2018-12-13 23:54:41 - [TEST_STEP][PASSED] - delay: Delayed 5 second(s)

2018-12-13 23:54:46 - [MESSAGE][PASSED] - Delayed 5 second(s)

2018-12-13 23:54:46 - [TEST_STEP][PASSED] - Statement - EmpEmail = new java.io.File(C://Users//Admin//Desktop//PKS//Automation Reference Point//EmpEmail.txt): null

2018-12-13 23:54:46 - [TEST_STEP][PASSED] - Statement - f2 = new java.io.FileWriter(EmpEmail, false): null

2018-12-13 23:54:46 - [TEST_STEP][PASSED] - Statement - f2.write(Email): null

2018-12-13 23:54:46 - [TEST_STEP][PASSED] - Statement - f2.close(): null

2018-12-13 23:54:46 - [TEST_STEP][PASSED] - Statement - out.println(Email): null

2018-12-13 23:54:46 - [MESSAGE][PASSED] - Call Test Case 'Test Cases/Final Aug 2018 - PKS Automation/Create Employer Acc/Template/Employer Email Settler' successfully

2018-12-13 23:54:46 - [TEST_STEP][PASSED] - delay: Delayed 2 second(s)

2018-12-13 23:54:48 - [MESSAGE][PASSED] - Delayed 2 second(s)

2018-12-13 23:54:48 - [TEST_STEP][PASSED] - setText: Text 'perkeso136669992583@gmail.com' is set on object 'Object Repository/Final Object Repo/Creating Employer Account/Page_Registration - ASSIST (Base)/Email'

2018-12-13 23:54:49 - [MESSAGE][PASSED] - Text 'perkeso136669992583@gmail.com' is set on object 'Object Repository/Final Object Repo/Creating Employer Account/Page_Registration - ASSIST (Base)/Email'

2018-12-13 23:54:49 - [TEST_STEP][PASSED] - setText: Text '123' is set on object 'Object Repository/Final Object Repo/Creating Employer Account/Page_Registration - ASSIST (Base)/Security Phase'

2018-12-13 23:54:49 - [MESSAGE][PASSED] - Text '123' is set on object 'Object Repository/Final Object Repo/Creating Employer Account/Page_Registration - ASSIST (Base)/Security Phase'

2018-12-13 23:54:49 - [TEST_STEP][PASSED] - click: Object: 'Object Repository/Final Object Repo/Creating Employer Account/Page_Registration - ASSIST (Base)/Save  Continue' is clicked on

2018-12-13 23:54:49 - [MESSAGE][PASSED] - Object: 'Object Repository/Final Object Repo/Creating Employer Account/Page_Registration - ASSIST (Base)/Save  Continue' is clicked on

2018-12-13 23:54:49 - [TEST_STEP][PASSED] - delay: Delayed 2 second(s)

2018-12-13 23:54:51 - [MESSAGE][PASSED] - Delayed 2 second(s)

2018-12-13 23:54:51 - [TEST_STEP][PASSED] - click: Object: 'Object Repository/Final Object Repo/Creating Employer Account/Page_Registration - ASSIST (Base)/Add Document' is clicked on

2018-12-13 23:54:51 - [MESSAGE][PASSED] - Object: 'Object Repository/Final Object Repo/Creating Employer Account/Page_Registration - ASSIST (Base)/Add Document' is clicked on

2018-12-13 23:54:51 - [TEST_STEP][PASSED] - delay: Delayed 2 second(s)

2018-12-13 23:54:53 - [MESSAGE][PASSED] - Delayed 2 second(s)

2018-12-13 23:54:53 - [TEST_STEP][PASSED] - click: Object: 'Object Repository/Final Object Repo/Creating Employer Account/Page_Registration - ASSIST (Base)/Document Type' is clicked on

2018-12-13 23:54:53 - [MESSAGE][PASSED] - Object: 'Object Repository/Final Object Repo/Creating Employer Account/Page_Registration - ASSIST (Base)/Document Type' is clicked on

2018-12-13 23:54:53 - [TEST_STEP][PASSED] - delay: Delayed 2 second(s)

2018-12-13 23:54:55 - [MESSAGE][PASSED] - Delayed 2 second(s)

2018-12-13 23:54:55 - [TEST_STEP][PASSED] - click: Object: 'Object Repository/Final Object Repo/Creating Employer Account/Page_Registration - ASSIST (Base)/Document Type - Letter of Authorization' is clicked on

2018-12-13 23:54:56 - [MESSAGE][PASSED] - Object: 'Object Repository/Final Object Repo/Creating Employer Account/Page_Registration - ASSIST (Base)/Document Type - Letter of Authorization' is clicked on

2018-12-13 23:54:56 - [TEST_STEP][PASSED] - delay: Delayed 2 second(s)

2018-12-13 23:54:58 - [MESSAGE][PASSED] - Delayed 2 second(s)

2018-12-13 23:54:58 - [TEST_STEP][PASSED] - sendKeys: Keys 'C:\Users\Public\Pictures\Sample Pictures\Koala.jpg' sent to object: 'Object Repository/Final Object Repo/Creating Employer Account/Page_Registration - ASSIST (Base)/Uploading File'

2018-12-13 23:54:58 - [MESSAGE][PASSED] - Keys 'C:\Users\Public\Pictures\Sample Pictures\Koala.jpg' sent to object: 'Object Repository/Final Object Repo/Creating Employer Account/Page_Registration - ASSIST (Base)/Uploading File'

2018-12-13 23:54:58 - [TEST_STEP][PASSED] - delay: Delayed 2 second(s)

2018-12-13 23:55:00 - [MESSAGE][PASSED] - Delayed 2 second(s)

2018-12-13 23:55:00 - [TEST_STEP][PASSED] - click: Object: 'Object Repository/Final Object Repo/Creating Employer Account/Page_Registration - ASSIST (Base)/Add Document in Uploading File' is clicked on

2018-12-13 23:55:00 - [MESSAGE][PASSED] - Object: 'Object Repository/Final Object Repo/Creating Employer Account/Page_Registration - ASSIST (Base)/Add Document in Uploading File' is clicked on

2018-12-13 23:55:00 - [TEST_STEP][PASSED] - delay: Delayed 2 second(s)

2018-12-13 23:55:02 - [MESSAGE][PASSED] - Delayed 2 second(s)

2018-12-13 23:55:02 - [TEST_STEP][PASSED] - click: Object: 'Object Repository/Final Object Repo/Creating Employer Account/Page_Registration - ASSIST (Base)/Save' is clicked on

2018-12-13 23:55:02 - [MESSAGE][PASSED] - Object: 'Object Repository/Final Object Repo/Creating Employer Account/Page_Registration - ASSIST (Base)/Save' is clicked on

2018-12-13 23:55:02 - [TEST_STEP][PASSED] - delay: Delayed 2 second(s)

2018-12-13 23:55:04 - [MESSAGE][PASSED] - Delayed 2 second(s)

2018-12-13 23:55:04 - [TEST_STEP][PASSED] - click: Object: 'Object Repository/Final Object Repo/Creating Employer Account/Page_Registration - ASSIST (Base)/Submit' is clicked on

2018-12-13 23:55:04 - [MESSAGE][PASSED] - Object: 'Object Repository/Final Object Repo/Creating Employer Account/Page_Registration - ASSIST (Base)/Submit' is clicked on

2018-12-13 23:55:04 - [TEST_STEP][PASSED] - delay: Delayed 2 second(s)

2018-12-13 23:55:06 - [MESSAGE][PASSED] - Delayed 2 second(s)

2018-12-13 23:55:06 - [TEST_STEP][PASSED] - click: Object: 'Object Repository/Final Object Repo/Creating Employer Account/Page_Registration - ASSIST (Base)/Confirm' is clicked on

2018-12-13 23:55:06 - [MESSAGE][PASSED] - Object: 'Object Repository/Final Object Repo/Creating Employer Account/Page_Registration - ASSIST (Base)/Confirm' is clicked on

2018-12-13 23:55:06 - [MESSAGE][PASSED] - Call Test Case 'Test Cases/Final Aug 2018 - PKS Automation/Create Employer Acc/Template/Register Employer' successfully

2018-12-13 23:55:06 - [TEST_STEP][PASSED] - delay: Delayed 1 second(s)

2018-12-13 23:55:07 - [MESSAGE][PASSED] - Delayed 1 second(s)

2018-12-13 23:55:07 - [TEST_STEP][PASSED] - navigateToUrl: Navigate to 'https://assist2-uat.perkeso.gov.my/c/portal/logout' successfully

2018-12-13 23:55:09 - [MESSAGE][PASSED] - Navigate to 'https://assist2-uat.perkeso.gov.my/c/portal/logout' successfully

2018-12-13 23:55:09 - [TEST_STEP][PASSED] - delay: Delayed 1 second(s)

2018-12-13 23:55:10 - [MESSAGE][PASSED] - Delayed 1 second(s)

2018-12-13 23:55:10 - [TEST_STEP][PASSED] - callTestCase: Call Test Case 'Test Cases/Final Aug 2018 - PKS Automation/Create Employer Acc/Template/Change Password of Employer' successfully

2018-12-13 23:55:10 - [TEST_CASE][PASSED] - Test Cases/Final Aug 2018 - PKS Automation/Create Employer Acc/Template/Change Password of Employer: Test Cases/Final Aug 2018 - PKS Automation/Create Employer Acc/Template/Change Password of Employer

2018-12-13 23:55:10 - [TEST_STEP][PASSED] - openBrowser: Browser is opened with url: ''

2018-12-13 23:55:10 - [MESSAGE][WARNING] - A browser is already opened. Closing browser and opening a new one

2018-12-13 23:55:14 - [MESSAGE][PASSED] - Browser is opened with url: ''

2018-12-13 23:55:14 - [TEST_STEP][PASSED] - navigateToUrl: Navigate to 'https://assist2-uat.perkeso.gov.my/login' successfully

2018-12-13 23:55:15 - [MESSAGE][PASSED] - Navigate to 'https://assist2-uat.perkeso.gov.my/login' successfully

2018-12-13 23:55:15 - [TEST_STEP][PASSED] - delay: Delayed 5 second(s)

2018-12-13 23:55:20 - [MESSAGE][PASSED] - Delayed 5 second(s)

2018-12-13 23:55:20 - [TEST_STEP][PASSED] - setText: Text 'test@liferay.com' is set on object 'Object Repository/Final Object Repo/Login Page/Internal User/Email Address'

2018-12-13 23:55:20 - [MESSAGE][PASSED] - Text 'test@liferay.com' is set on object 'Object Repository/Final Object Repo/Login Page/Internal User/Email Address'

2018-12-13 23:55:20 - [TEST_STEP][PASSED] - click: Object: 'Object Repository/Final Object Repo/Login Page/Internal User/Next Button' is clicked on

2018-12-13 23:55:21 - [MESSAGE][PASSED] - Object: 'Object Repository/Final Object Repo/Login Page/Internal User/Next Button' is clicked on

2018-12-13 23:55:21 - [TEST_STEP][PASSED] - delay: Delayed 2 second(s)

2018-12-13 23:55:23 - [MESSAGE][PASSED] - Delayed 2 second(s)

2018-12-13 23:55:23 - [TEST_STEP][PASSED] - setText: Text 'test' is set on object 'Object Repository/Final Object Repo/Login Page/Internal User/Password'

2018-12-13 23:55:23 - [MESSAGE][PASSED] - Text 'test' is set on object 'Object Repository/Final Object Repo/Login Page/Internal User/Password'

2018-12-13 23:55:23 - [TEST_STEP][PASSED] - delay: Delayed 2 second(s)

2018-12-13 23:55:25 - [MESSAGE][PASSED] - Delayed 2 second(s)

2018-12-13 23:55:25 - [TEST_STEP][PASSED] - click: Object: 'Object Repository/Final Object Repo/Login Page/Internal User/Login Button' is clicked on

2018-12-13 23:55:25 - [MESSAGE][PASSED] - Object: 'Object Repository/Final Object Repo/Login Page/Internal User/Login Button' is clicked on

2018-12-13 23:55:25 - [TEST_STEP][PASSED] - delay: Delayed 3 second(s)

2018-12-13 23:55:28 - [MESSAGE][PASSED] - Delayed 3 second(s)

2018-12-13 23:55:28 - [TEST_STEP][PASSED] - navigateToUrl: Navigate to 'https://assist2-uat.perkeso.gov.my/group/control_panel/manage?p_p_id=125&p_p_lifecycle=0&p_p_state=maximized&p_p_mode=view&refererPlid=20455&_125_usersListView=flat-users&_125_toolbarItem=view-all-users&_125_saveUsersListView=true&_125_struts_action=%2Fusers_admin%2Fview' successfully

2018-12-13 23:55:29 - [MESSAGE][PASSED] - Navigate to 'https://assist2-uat.perkeso.gov.my/group/control_panel/manage?p_p_id=125&p_p_lifecycle=0&p_p_state=maximized&p_p_mode=view&refererPlid=20455&_125_usersListView=flat-users&_125_toolbarItem=view-all-users&_125_saveUsersListView=true&_125_struts_action=%2Fusers_admin%2Fview' successfully

2018-12-13 23:55:29 - [TEST_STEP][PASSED] - delay: Delayed 3 second(s)

2018-12-13 23:55:32 - [MESSAGE][PASSED] - Delayed 3 second(s)

2018-12-13 23:55:32 - [TEST_STEP][PASSED] - setText: Text 'perkeso136669992583@gmail.com' is set on object 'Object Repository/Final Object Repo/Creating Employer Account/Page_Users and Organizations - ASSIST/Employer name'

2018-12-13 23:55:33 - [MESSAGE][PASSED] - Text 'perkeso136669992583@gmail.com' is set on object 'Object Repository/Final Object Repo/Creating Employer Account/Page_Users and Organizations - ASSIST/Employer name'

2018-12-13 23:55:33 - [TEST_STEP][PASSED] - delay: Delayed 3 second(s)

2018-12-13 23:55:36 - [MESSAGE][PASSED] - Delayed 3 second(s)

2018-12-13 23:55:36 - [TEST_STEP][PASSED] - click: Object: 'Object Repository/Final Object Repo/Creating Employer Account/Page_Users and Organizations - ASSIST/Search' is clicked on

2018-12-13 23:55:36 - [MESSAGE][PASSED] - Object: 'Object Repository/Final Object Repo/Creating Employer Account/Page_Users and Organizations - ASSIST/Search' is clicked on

2018-12-13 23:55:36 - [TEST_STEP][PASSED] - delay: Delayed 3 second(s)

2018-12-13 23:55:39 - [MESSAGE][PASSED] - Delayed 3 second(s)

2018-12-13 23:55:39 - [TEST_STEP][PASSED] - click: Object: 'Object Repository/Final Object Repo/Creating Employer Account/Page_Users and Organizations - ASSIST/Action' is clicked on

2018-12-13 23:55:40 - [MESSAGE][PASSED] - Object: 'Object Repository/Final Object Repo/Creating Employer Account/Page_Users and Organizations - ASSIST/Action' is clicked on

2018-12-13 23:55:40 - [TEST_STEP][PASSED] - delay: Delayed 3 second(s)

2018-12-13 23:55:43 - [MESSAGE][PASSED] - Delayed 3 second(s)

2018-12-13 23:55:43 - [TEST_STEP][PASSED] - click: Object: 'Object Repository/Final Object Repo/Creating Employer Account/Page_Users and Organizations - ASSIST/Edit' is clicked on

2018-12-13 23:55:44 - [MESSAGE][PASSED] - Object: 'Object Repository/Final Object Repo/Creating Employer Account/Page_Users and Organizations - ASSIST/Edit' is clicked on

2018-12-13 23:55:44 - [TEST_STEP][PASSED] - delay: Delayed 3 second(s)

2018-12-13 23:55:47 - [MESSAGE][PASSED] - Delayed 3 second(s)

2018-12-13 23:55:47 - [TEST_STEP][PASSED] - click: Object: 'Object Repository/Final Object Repo/Creating Employer Account/Page_PERKESO - Users and Organizati/a_Password (Modified)' is clicked on

2018-12-13 23:55:47 - [MESSAGE][PASSED] - Object: 'Object Repository/Final Object Repo/Creating Employer Account/Page_PERKESO - Users and Organizati/a_Password (Modified)' is clicked on

2018-12-13 23:55:47 - [TEST_STEP][PASSED] - delay: Delayed 3 second(s)

2018-12-13 23:55:50 - [MESSAGE][PASSED] - Delayed 3 second(s)

2018-12-13 23:55:50 - [TEST_STEP][PASSED] - setEncryptedText: Text ****** has been set on object 'Object Repository/Final Object Repo/Creating Employer Account/Page_PERKESO - Users and Organizati/input__125_password1'

2018-12-13 23:55:50 - [MESSAGE][PASSED] - Text ****** has been set on object 'Object Repository/Final Object Repo/Creating Employer Account/Page_PERKESO - Users and Organizati/input__125_password1'

2018-12-13 23:55:50 - [TEST_STEP][PASSED] - delay: Delayed 3 second(s)

2018-12-13 23:55:53 - [MESSAGE][PASSED] - Delayed 3 second(s)

2018-12-13 23:55:53 - [TEST_STEP][PASSED] - setEncryptedText: Text ****** has been set on object 'Object Repository/Final Object Repo/Creating Employer Account/Page_PERKESO - Users and Organizati/input__125_password2'

2018-12-13 23:55:54 - [MESSAGE][PASSED] - Text ****** has been set on object 'Object Repository/Final Object Repo/Creating Employer Account/Page_PERKESO - Users and Organizati/input__125_password2'

2018-12-13 23:55:54 - [TEST_STEP][PASSED] - delay: Delayed 3 second(s)

2018-12-13 23:55:57 - [MESSAGE][PASSED] - Delayed 3 second(s)

2018-12-13 23:55:57 - [TEST_STEP][PASSED] - click: Object: 'Object Repository/Final Object Repo/Creating Employer Account/Page_PERKESO - Users and Organizati/Save' is clicked on

2018-12-13 23:55:58 - [MESSAGE][PASSED] - Object: 'Object Repository/Final Object Repo/Creating Employer Account/Page_PERKESO - Users and Organizati/Save' is clicked on

2018-12-13 23:55:58 - [MESSAGE][PASSED] - Call Test Case 'Test Cases/Final Aug 2018 - PKS Automation/Create Employer Acc/Template/Change Password of Employer' successfully

2018-12-13 23:55:58 - [TEST_STEP][PASSED] - delay: Delayed 1 second(s)

2018-12-13 23:55:59 - [MESSAGE][PASSED] - Delayed 1 second(s)

2018-12-13 23:55:59 - [TEST_STEP][PASSED] - navigateToUrl: Navigate to 'https://assist2-uat.perkeso.gov.my/c/portal/logout' successfully

2018-12-13 23:56:00 - [MESSAGE][PASSED] - Navigate to 'https://assist2-uat.perkeso.gov.my/c/portal/logout' successfully

2018-12-13 23:56:00 - [TEST_STEP][PASSED] - delay: Delayed 1 second(s)

2018-12-13 23:56:01 - [MESSAGE][PASSED] - Delayed 1 second(s)

2018-12-13 23:56:01 - [TEST_STEP][PASSED] - callTestCase: Call Test Case 'Test Cases/Final Aug 2018 - PKS Automation/Create Employer Acc/Template/Login to Employer Account (First Time)' successfully

2018-12-13 23:56:01 - [TEST_CASE][PASSED] - Test Cases/Final Aug 2018 - PKS Automation/Create Employer Acc/Template/Login to Employer Account (First Time): Test Cases/Final Aug 2018 - PKS Automation/Create Employer Acc/Template/Login to Employer Account (First Time)

2018-12-13 23:56:01 - [TEST_STEP][PASSED] - openBrowser: Browser is opened with url: ''

2018-12-13 23:56:01 - [MESSAGE][WARNING] - A browser is already opened. Closing browser and opening a new one

2018-12-13 23:56:05 - [MESSAGE][PASSED] - Browser is opened with url: ''

2018-12-13 23:56:05 - [TEST_STEP][PASSED] - navigateToUrl: Navigate to 'https://assist2-uat.perkeso.gov.my/employer/login' successfully

2018-12-13 23:56:07 - [MESSAGE][PASSED] - Navigate to 'https://assist2-uat.perkeso.gov.my/employer/login' successfully

2018-12-13 23:56:07 - [TEST_STEP][PASSED] - delay: Delayed 3 second(s)

2018-12-13 23:56:10 - [MESSAGE][PASSED] - Delayed 3 second(s)

2018-12-13 23:56:10 - [TEST_STEP][PASSED] - callTestCase: Call Test Case 'Test Cases/Final Aug 2018 - PKS Automation/Create Employer Acc/Template/Employer Email Getter' successfully

2018-12-13 23:56:10 - [TEST_CASE][PASSED] - Test Cases/Final Aug 2018 - PKS Automation/Create Employer Acc/Template/Employer Email Getter: Test Cases/Final Aug 2018 - PKS Automation/Create Employer Acc/Template/Employer Email Getter

2018-12-13 23:56:10 - [TEST_STEP][PASSED] - Statement - Try: null

2018-12-13 23:56:10 - [TEST_STEP][PASSED] - Statement - EmpEmail = new java.io.File(C://Users//Admin//Desktop//PKS//Automation Reference Point//EmpEmail.txt): null

2018-12-13 23:56:10 - [TEST_STEP][PASSED] - Statement - bufferread = new java.io.BufferedReader(new java.io.FileReader(EmpEmail)): null

2018-12-13 23:56:10 - [TEST_STEP][PASSED] - Statement - readedVal = bufferread.readLine(): null

2018-12-13 23:56:10 - [TEST_STEP][PASSED] - Statement - out.println(readedVal): null

2018-12-13 23:56:10 - [TEST_STEP][PASSED] - Statement - Email = readedVal: null

2018-12-13 23:56:10 - [MESSAGE][PASSED] - Call Test Case 'Test Cases/Final Aug 2018 - PKS Automation/Create Employer Acc/Template/Employer Email Getter' successfully

2018-12-13 23:56:10 - [TEST_STEP][PASSED] - setText: Text 'perkeso136669992583@gmail.com' is set on object 'Object Repository/Final Object Repo/Login Page/External Login Page/Email'

2018-12-13 23:56:10 - [MESSAGE][PASSED] - Text 'perkeso136669992583@gmail.com' is set on object 'Object Repository/Final Object Repo/Login Page/External Login Page/Email'

2018-12-13 23:56:10 - [TEST_STEP][PASSED] - click: Object: 'Object Repository/Final Object Repo/Login Page/External Login Page/Next' is clicked on

2018-12-13 23:56:11 - [MESSAGE][PASSED] - Object: 'Object Repository/Final Object Repo/Login Page/External Login Page/Next' is clicked on

2018-12-13 23:56:11 - [TEST_STEP][PASSED] - delay: Delayed 3 second(s)

2018-12-13 23:56:14 - [MESSAGE][PASSED] - Delayed 3 second(s)

2018-12-13 23:56:14 - [TEST_STEP][PASSED] - setEncryptedText: Text ****** has been set on object 'Object Repository/Final Object Repo/Login Page/External Login Page/Password'

2018-12-13 23:56:14 - [MESSAGE][PASSED] - Text ****** has been set on object 'Object Repository/Final Object Repo/Login Page/External Login Page/Password'

2018-12-13 23:56:14 - [TEST_STEP][PASSED] - click: Object: 'Object Repository/Final Object Repo/Login Page/External Login Page/Login' is clicked on

2018-12-13 23:56:14 - [MESSAGE][PASSED] - Object: 'Object Repository/Final Object Repo/Login Page/External Login Page/Login' is clicked on

2018-12-13 23:56:14 - [TEST_STEP][PASSED] - delay: Delayed 3 second(s)

2018-12-13 23:56:17 - [MESSAGE][PASSED] - Delayed 3 second(s)

2018-12-13 23:56:17 - [TEST_STEP][PASSED] - click: Object: 'Object Repository/Final Object Repo/Creating Employer Account/Page_Terms of Use - ASSIST/button_I Agree' is clicked on

2018-12-13 23:56:17 - [MESSAGE][PASSED] - Object: 'Object Repository/Final Object Repo/Creating Employer Account/Page_Terms of Use - ASSIST/button_I Agree' is clicked on

2018-12-13 23:56:17 - [TEST_STEP][PASSED] - delay: Delayed 2 second(s)

2018-12-13 23:56:19 - [MESSAGE][PASSED] - Delayed 2 second(s)

2018-12-13 23:56:19 - [TEST_STEP][PASSED] - setEncryptedText: Text ****** has been set on object 'Object Repository/Final Object Repo/Creating Employer Account/Page_New Password - ASSIST/input_password1'

2018-12-13 23:56:19 - [MESSAGE][PASSED] - Text ****** has been set on object 'Object Repository/Final Object Repo/Creating Employer Account/Page_New Password - ASSIST/input_password1'

2018-12-13 23:56:19 - [TEST_STEP][PASSED] - setEncryptedText: Text ****** has been set on object 'Object Repository/Final Object Repo/Creating Employer Account/Page_New Password - ASSIST/input_password2'

2018-12-13 23:56:20 - [MESSAGE][PASSED] - Text ****** has been set on object 'Object Repository/Final Object Repo/Creating Employer Account/Page_New Password - ASSIST/input_password2'

2018-12-13 23:56:20 - [TEST_STEP][PASSED] - delay: Delayed 2 second(s)

2018-12-13 23:56:22 - [MESSAGE][PASSED] - Delayed 2 second(s)

2018-12-13 23:56:22 - [TEST_STEP][PASSED] - click: Object: 'Object Repository/Final Object Repo/Creating Employer Account/Page_New Password - ASSIST/Save' is clicked on

2018-12-13 23:56:22 - [MESSAGE][PASSED] - Object: 'Object Repository/Final Object Repo/Creating Employer Account/Page_New Password - ASSIST/Save' is clicked on

2018-12-13 23:56:22 - [TEST_STEP][PASSED] - delay: Delayed 2 second(s)

2018-12-13 23:56:24 - [MESSAGE][PASSED] - Delayed 2 second(s)

2018-12-13 23:56:24 - [TEST_STEP][PASSED] - setText: Text 'test' is set on object 'Object Repository/Final Object Repo/Creating Employer Account/Page_Password Reminder - ASSIST/Reminder Query Answer'

2018-12-13 23:56:24 - [MESSAGE][PASSED] - Text 'test' is set on object 'Object Repository/Final Object Repo/Creating Employer Account/Page_Password Reminder - ASSIST/Reminder Query Answer'

2018-12-13 23:56:24 - [TEST_STEP][PASSED] - delay: Delayed 2 second(s)

2018-12-13 23:56:26 - [MESSAGE][PASSED] - Delayed 2 second(s)

2018-12-13 23:56:26 - [TEST_STEP][PASSED] - doubleClick: Object: 'Object Repository/Final Object Repo/Creating Employer Account/Page_Password Reminder - ASSIST/Save' is double clicked on

2018-12-13 23:56:29 - [MESSAGE][PASSED] - Object: 'Object Repository/Final Object Repo/Creating Employer Account/Page_Password Reminder - ASSIST/Save' is double clicked on

2018-12-13 23:56:29 - [MESSAGE][PASSED] - Call Test Case 'Test Cases/Final Aug 2018 - PKS Automation/Create Employer Acc/Template/Login to Employer Account (First Time)' successfully

2018-12-13 23:56:29 - [MESSAGE][PASSED] - Call Test Case 'Test Cases/Final Aug 2018 - PKS Automation/Create Employer Acc/Create Employer Account' successfully

2018-12-13 23:56:29 - [TEST_STEP][PASSED] - callTestCase: Call Test Case 'Test Cases/Final Aug 2018 - PKS Automation/Registration Module/Log Out/log out avoiding katalon tagging' successfully

2018-12-13 23:56:29 - [TEST_CASE][PASSED] - Test Cases/Final Aug 2018 - PKS Automation/Registration Module/Log Out/log out avoiding katalon tagging: Test Cases/Final Aug 2018 - PKS Automation/Registration Module/Log Out/log out avoiding katalon tagging

2018-12-13 23:56:29 - [TEST_STEP][PASSED] - navigateToUrl: Navigate to 'https://assist2-uat.perkeso.gov.my/c/portal/logout' successfully

2018-12-13 23:56:30 - [MESSAGE][PASSED] - Navigate to 'https://assist2-uat.perkeso.gov.my/c/portal/logout' successfully

2018-12-13 23:56:30 - [MESSAGE][PASSED] - Call Test Case 'Test Cases/Final Aug 2018 - PKS Automation/Registration Module/Log Out/log out avoiding katalon tagging' successfully

2018-12-13 23:56:30 - [TEST_STEP][PASSED] - callTestCase: Call Test Case 'Test Cases/Final Aug 2018 - PKS Automation/Create Employer Acc/Login to Employer Account (Second time)' successfully

2018-12-13 23:56:30 - [TEST_CASE][PASSED] - Test Cases/Final Aug 2018 - PKS Automation/Create Employer Acc/Login to Employer Account (Second time): Test Cases/Final Aug 2018 - PKS Automation/Create Employer Acc/Login to Employer Account (Second time)

2018-12-13 23:56:30 - [TEST_STEP][PASSED] - openBrowser: Browser is opened with url: ''

2018-12-13 23:56:30 - [MESSAGE][WARNING] - A browser is already opened. Closing browser and opening a new one

2018-12-13 23:56:34 - [MESSAGE][PASSED] - Browser is opened with url: ''

2018-12-13 23:56:34 - [TEST_STEP][PASSED] - navigateToUrl: Navigate to 'https://assist2-uat.perkeso.gov.my/employer/login' successfully

2018-12-13 23:56:35 - [MESSAGE][PASSED] - Navigate to 'https://assist2-uat.perkeso.gov.my/employer/login' successfully

2018-12-13 23:56:35 - [TEST_STEP][PASSED] - delay: Delayed 3 second(s)

2018-12-13 23:56:38 - [MESSAGE][PASSED] - Delayed 3 second(s)

2018-12-13 23:56:38 - [TEST_STEP][PASSED] - callTestCase: Call Test Case 'Test Cases/Final Aug 2018 - PKS Automation/Create Employer Acc/Template/Employer Email Getter' successfully

2018-12-13 23:56:38 - [TEST_CASE][PASSED] - Test Cases/Final Aug 2018 - PKS Automation/Create Employer Acc/Template/Employer Email Getter: Test Cases/Final Aug 2018 - PKS Automation/Create Employer Acc/Template/Employer Email Getter

2018-12-13 23:56:38 - [TEST_STEP][PASSED] - Statement - Try: null

2018-12-13 23:56:38 - [TEST_STEP][PASSED] - Statement - EmpEmail = new java.io.File(C://Users//Admin//Desktop//PKS//Automation Reference Point//EmpEmail.txt): null

2018-12-13 23:56:38 - [TEST_STEP][PASSED] - Statement - bufferread = new java.io.BufferedReader(new java.io.FileReader(EmpEmail)): null

2018-12-13 23:56:38 - [TEST_STEP][PASSED] - Statement - readedVal = bufferread.readLine(): null

2018-12-13 23:56:38 - [TEST_STEP][PASSED] - Statement - out.println(readedVal): null

2018-12-13 23:56:38 - [TEST_STEP][PASSED] - Statement - Email = readedVal: null

2018-12-13 23:56:38 - [MESSAGE][PASSED] - Call Test Case 'Test Cases/Final Aug 2018 - PKS Automation/Create Employer Acc/Template/Employer Email Getter' successfully

2018-12-13 23:56:38 - [TEST_STEP][PASSED] - setText: Text 'perkeso136669992583@gmail.com' is set on object 'Object Repository/Final Object Repo/Login Page/External Login Page/Email'

2018-12-13 23:56:38 - [MESSAGE][PASSED] - Text 'perkeso136669992583@gmail.com' is set on object 'Object Repository/Final Object Repo/Login Page/External Login Page/Email'

2018-12-13 23:56:38 - [TEST_STEP][PASSED] - click: Object: 'Object Repository/Final Object Repo/Login Page/External Login Page/Next' is clicked on

2018-12-13 23:56:39 - [MESSAGE][PASSED] - Object: 'Object Repository/Final Object Repo/Login Page/External Login Page/Next' is clicked on

2018-12-13 23:56:39 - [TEST_STEP][PASSED] - delay: Delayed 3 second(s)

2018-12-13 23:56:42 - [MESSAGE][PASSED] - Delayed 3 second(s)

2018-12-13 23:56:42 - [TEST_STEP][PASSED] - setEncryptedText: Text ****** has been set on object 'Object Repository/Final Object Repo/Login Page/External Login Page/Password'

2018-12-13 23:56:42 - [MESSAGE][PASSED] - Text ****** has been set on object 'Object Repository/Final Object Repo/Login Page/External Login Page/Password'

2018-12-13 23:56:42 - [TEST_STEP][PASSED] - click: Object: 'Object Repository/Final Object Repo/Login Page/External Login Page/Login' is clicked on

2018-12-13 23:56:42 - [MESSAGE][PASSED] - Object: 'Object Repository/Final Object Repo/Login Page/External Login Page/Login' is clicked on

2018-12-13 23:56:42 - [TEST_STEP][PASSED] - delay: Delayed 5 second(s)

2018-12-13 23:56:47 - [MESSAGE][PASSED] - Delayed 5 second(s)

2018-12-13 23:56:47 - [MESSAGE][PASSED] - Call Test Case 'Test Cases/Final Aug 2018 - PKS Automation/Create Employer Acc/Login to Employer Account (Second time)' successfully

2018-12-13 23:56:47 - [TEST_STEP][PASSED] - Statement - Try: null

2018-12-13 23:56:47 - [TEST_STEP][PASSED] - Statement - Checker = com.kms.katalon.core.webui.keyword.WebUiBuiltInKeywords.verifyElementNotPresent("Final Object Repo/Landing Page/Select to English", 3): null

2018-12-13 23:56:47 - [TEST_STEP][PASSED] - Statement - Catch (Exception e): null

2018-12-13 23:56:47 - [TEST_STEP][PASSED] - Statement - e.printStackTrace(): null

2018-12-13 23:56:47 - [TEST_STEP][PASSED] - delay: Delayed 5 second(s)

2018-12-13 23:56:52 - [MESSAGE][PASSED] - Delayed 5 second(s)

2018-12-13 23:56:52 - [TEST_STEP][PASSED] - click: Object: 'Object Repository/Final Object Repo/Landing Page/My Sites Drop Down' is clicked on

2018-12-13 23:56:52 - [MESSAGE][PASSED] - Object: 'Object Repository/Final Object Repo/Landing Page/My Sites Drop Down' is clicked on

2018-12-13 23:56:52 - [TEST_STEP][PASSED] - click: Object: 'Object Repository/Final Object Repo/Landing Page/Select to Registration Module' is clicked on

2018-12-13 23:56:55 - [MESSAGE][PASSED] - Object: 'Object Repository/Final Object Repo/Landing Page/Select to Registration Module' is clicked on

2018-12-13 23:56:55 - [TEST_STEP][PASSED] - click: Object: 'Object Repository/Final Object Repo/Landing Page/Registration Button' is clicked on

2018-12-13 23:56:56 - [MESSAGE][PASSED] - Object: 'Object Repository/Final Object Repo/Landing Page/Registration Button' is clicked on

2018-12-13 23:56:56 - [TEST_STEP][PASSED] - delay: Delayed 2 second(s)

2018-12-13 23:56:58 - [MESSAGE][PASSED] - Delayed 2 second(s)

2018-12-13 23:56:58 - [TEST_STEP][PASSED] - click: Object: 'Object Repository/Final Object Repo/New Registration - Registration Module Pages/New Reg - OTC to RO/Special Case - OTC - Form 1/AEC NO' is clicked on

2018-12-13 23:56:58 - [MESSAGE][PASSED] - Object: 'Object Repository/Final Object Repo/New Registration - Registration Module Pages/New Reg - OTC to RO/Special Case - OTC - Form 1/AEC NO' is clicked on

2018-12-13 23:56:58 - [TEST_STEP][PASSED] - click: Object: 'Object Repository/Final Object Repo/New Registration - Registration Module Pages/New Reg - OTC to RO/Special Case - OTC - Form 1/Business Entity - Please Select' is clicked on

2018-12-13 23:56:58 - [MESSAGE][PASSED] - Object: 'Object Repository/Final Object Repo/New Registration - Registration Module Pages/New Reg - OTC to RO/Special Case - OTC - Form 1/Business Entity - Please Select' is clicked on

2018-12-13 23:56:58 - [TEST_STEP][PASSED] - click: Object: 'Object Repository/Final Object Repo/New Registration - Registration Module Pages/New Reg - OTC to RO/Special Case - OTC - Form 1/Selected - Corporation' is clicked on

2018-12-13 23:56:59 - [MESSAGE][PASSED] - Object: 'Object Repository/Final Object Repo/New Registration - Registration Module Pages/New Reg - OTC to RO/Special Case - OTC - Form 1/Selected - Corporation' is clicked on

2018-12-13 23:56:59 - [TEST_STEP][PASSED] - delay: Delayed 2 second(s)

2018-12-13 23:57:01 - [MESSAGE][PASSED] - Delayed 2 second(s)

2018-12-13 23:57:01 - [TEST_STEP][PASSED] - click: Object: 'Object Repository/Final Object Repo/New Registration - Registration Module Pages/New Reg - OTC to RO/Special Case - OTC - Form 1/Sub Business Entity - Please Select' is clicked on

2018-12-13 23:57:01 - [MESSAGE][PASSED] - Object: 'Object Repository/Final Object Repo/New Registration - Registration Module Pages/New Reg - OTC to RO/Special Case - OTC - Form 1/Sub Business Entity - Please Select' is clicked on

2018-12-13 23:57:01 - [TEST_STEP][PASSED] - delay: Delayed 2 second(s)

2018-12-13 23:57:03 - [MESSAGE][PASSED] - Delayed 2 second(s)

2018-12-13 23:57:03 - [TEST_STEP][PASSED] - click: Object: 'Object Repository/Final Object Repo/New Registration - Registration Module Pages/New Reg - OTC to RO/Special Case - OTC - Form 1/Selected - Sendirian Berhad' is clicked on

2018-12-13 23:57:03 - [MESSAGE][PASSED] - Object: 'Object Repository/Final Object Repo/New Registration - Registration Module Pages/New Reg - OTC to RO/Special Case - OTC - Form 1/Selected - Sendirian Berhad' is clicked on

2018-12-13 23:57:03 - [TEST_STEP][PASSED] - setText: Text 'AUTOMATE001' is set on object 'Object Repository/Final Object Repo/New Registration - Registration Module Pages/New Reg - OTC to RO/Special Case - OTC - Form 1/Input BRN Number'

2018-12-13 23:57:04 - [MESSAGE][PASSED] - Text 'AUTOMATE001' is set on object 'Object Repository/Final Object Repo/New Registration - Registration Module Pages/New Reg - OTC to RO/Special Case - OTC - Form 1/Input BRN Number'

2018-12-13 23:57:04 - [TEST_STEP][PASSED] - delay: Delayed 2 second(s)

2018-12-13 23:57:06 - [MESSAGE][PASSED] - Delayed 2 second(s)

2018-12-13 23:57:06 - [TEST_STEP][PASSED] - click: Object: 'Object Repository/Final Object Repo/New Registration - Registration Module Pages/New Reg - OTC to RO/Special Case - OTC - Form 1/BRN Search' is clicked on

2018-12-13 23:57:06 - [MESSAGE][PASSED] - Object: 'Object Repository/Final Object Repo/New Registration - Registration Module Pages/New Reg - OTC to RO/Special Case - OTC - Form 1/BRN Search' is clicked on

2018-12-13 23:57:06 - [TEST_STEP][PASSED] - delay: Delayed 4 second(s)

2018-12-13 23:57:10 - [MESSAGE][PASSED] - Delayed 4 second(s)

2018-12-13 23:57:10 - [TEST_STEP][PASSED] - click: Object: 'Object Repository/Final Object Repo/New Registration - Registration Module Pages/New Reg - OTC to RO/Special Case - OTC - Form 1/Registered with SSM - After Feb 2017' is clicked on

2018-12-13 23:57:10 - [MESSAGE][PASSED] - Object: 'Object Repository/Final Object Repo/New Registration - Registration Module Pages/New Reg - OTC to RO/Special Case - OTC - Form 1/Registered with SSM - After Feb 2017' is clicked on

2018-12-13 23:57:10 - [TEST_STEP][PASSED] - delay: Delayed 2 second(s)

2018-12-13 23:57:12 - [MESSAGE][PASSED] - Delayed 2 second(s)

2018-12-13 23:57:12 - [TEST_STEP][PASSED] - click: Object: 'Object Repository/Final Object Repo/New Registration - Registration Module Pages/New Reg - OTC to RO/Special Case - OTC - Form 1/Registering As A Branch - No' is clicked on

2018-12-13 23:57:12 - [MESSAGE][PASSED] - Object: 'Object Repository/Final Object Repo/New Registration - Registration Module Pages/New Reg - OTC to RO/Special Case - OTC - Form 1/Registering As A Branch - No' is clicked on

2018-12-13 23:57:12 - [TEST_STEP][PASSED] - click: Object: 'Object Repository/Final Object Repo/New Registration - Registration Module Pages/New Reg - OTC to RO/Special Case - OTC - Form 1/Acknowledgement Ticked' is clicked on

2018-12-13 23:57:12 - [MESSAGE][PASSED] - Object: 'Object Repository/Final Object Repo/New Registration - Registration Module Pages/New Reg - OTC to RO/Special Case - OTC - Form 1/Acknowledgement Ticked' is clicked on

2018-12-13 23:57:12 - [TEST_STEP][PASSED] - delay: Delayed 2 second(s)

2018-12-13 23:57:14 - [MESSAGE][PASSED] - Delayed 2 second(s)

2018-12-13 23:57:14 - [TEST_STEP][PASSED] - callTestCase: Call Test Case 'Test Cases/Final Aug 2018 - PKS Automation/Create Employer Acc/Template/Employer Email Getter' successfully

2018-12-13 23:57:14 - [TEST_CASE][PASSED] - Test Cases/Final Aug 2018 - PKS Automation/Create Employer Acc/Template/Employer Email Getter: Test Cases/Final Aug 2018 - PKS Automation/Create Employer Acc/Template/Employer Email Getter

2018-12-13 23:57:14 - [TEST_STEP][PASSED] - Statement - Try: null

2018-12-13 23:57:14 - [TEST_STEP][PASSED] - Statement - EmpEmail = new java.io.File(C://Users//Admin//Desktop//PKS//Automation Reference Point//EmpEmail.txt): null

2018-12-13 23:57:14 - [TEST_STEP][PASSED] - Statement - bufferread = new java.io.BufferedReader(new java.io.FileReader(EmpEmail)): null

2018-12-13 23:57:14 - [TEST_STEP][PASSED] - Statement - readedVal = bufferread.readLine(): null

2018-12-13 23:57:14 - [TEST_STEP][PASSED] - Statement - out.println(readedVal): null

2018-12-13 23:57:14 - [TEST_STEP][PASSED] - Statement - Email = readedVal: null

2018-12-13 23:57:14 - [MESSAGE][PASSED] - Call Test Case 'Test Cases/Final Aug 2018 - PKS Automation/Create Employer Acc/Template/Employer Email Getter' successfully

2018-12-13 23:57:14 - [TEST_STEP][PASSED] - setText: Text 'perkeso136669992583@gmail.com' is set on object 'Object Repository/Final Object Repo/Creating Employer Account/Email'

2018-12-13 23:57:15 - [MESSAGE][PASSED] - Text 'perkeso136669992583@gmail.com' is set on object 'Object Repository/Final Object Repo/Creating Employer Account/Email'

2018-12-13 23:57:15 - [TEST_STEP][PASSED] - delay: Delayed 2 second(s)

2018-12-13 23:57:17 - [MESSAGE][PASSED] - Delayed 2 second(s)

2018-12-13 23:57:17 - [TEST_STEP][PASSED] - click: Object: 'Object Repository/Final Object Repo/New Registration - Registration Module Pages/New Reg - OTC to RO/Special Case - OTC - Form 1/Submit Button' is clicked on

2018-12-13 23:57:17 - [MESSAGE][PASSED] - Object: 'Object Repository/Final Object Repo/New Registration - Registration Module Pages/New Reg - OTC to RO/Special Case - OTC - Form 1/Submit Button' is clicked on

2018-12-13 23:57:17 - [TEST_STEP][PASSED] - delay: Delayed 2 second(s)

2018-12-13 23:57:19 - [MESSAGE][PASSED] - Delayed 2 second(s)

2018-12-13 23:57:19 - [TEST_STEP][PASSED] - click: Object: 'Object Repository/Final Object Repo/New Registration - Registration Module Pages/New Reg - OTC to RO/Special Case - OTC - Form 1/Confirm No Flagging as Branch' is clicked on

2018-12-13 23:57:19 - [MESSAGE][PASSED] - Object: 'Object Repository/Final Object Repo/New Registration - Registration Module Pages/New Reg - OTC to RO/Special Case - OTC - Form 1/Confirm No Flagging as Branch' is clicked on

2018-12-13 23:57:19 - [MESSAGE][PASSED] - Call Test Case 'Test Cases/Final Aug 2018 - PKS Automation/Registration Module/Workflow/New Registration/Template/Special Case - Employer - Form 1' successfully

2018-12-13 23:57:19 - [TEST_STEP][PASSED] - callTestCase: Call Test Case 'Test Cases/Final Aug 2018 - PKS Automation/Registration Module/New Registration/Form 2/Add 1 Eligible - Employer Account Use' successfully

2018-12-13 23:57:19 - [TEST_CASE][PASSED] - Test Cases/Final Aug 2018 - PKS Automation/Registration Module/New Registration/Form 2/Add 1 Eligible - Employer Account Use: Test Cases/Final Aug 2018 - PKS Automation/Registration Module/New Registration/Form 2/Add 1 Eligible - Employer Account Use

2018-12-13 23:57:20 - [TEST_STEP][PASSED] - delay: Delayed 2 second(s)

2018-12-13 23:57:22 - [MESSAGE][PASSED] - Delayed 2 second(s)

2018-12-13 23:57:22 - [TEST_STEP][PASSED] - callTestCase: Call Test Case 'Test Cases/Final Aug 2018 - PKS Automation/Registration Module/New Registration/Form 2/Date Updater' successfully

2018-12-13 23:57:22 - [TEST_CASE][PASSED] - Test Cases/Final Aug 2018 - PKS Automation/Registration Module/New Registration/Form 2/Date Updater: Test Cases/Final Aug 2018 - PKS Automation/Registration Module/New Registration/Form 2/Date Updater

2018-12-13 23:57:22 - [TEST_STEP][PASSED] - Statement - TodayDate = new java.util.Date(): null

2018-12-13 23:57:22 - [TEST_STEP][PASSED] - Statement - CurrentDateNoFilter = new java.text.SimpleDateFormat(): null

2018-12-13 23:57:22 - [TEST_STEP][PASSED] - Statement - CurrentDateNoFilter.applyPattern("MM"): null

2018-12-13 23:57:22 - [TEST_STEP][PASSED] - Statement - monthContainerMatcher = java.lang.Integer.parseInt(CurrentDateNoFilter.format(TodayDate)): null

2018-12-13 23:57:22 - [TEST_STEP][PASSED] - Statement - monthContainerMatcher = monthContainerMatcher - 1: null

2018-12-13 23:57:22 - [TEST_STEP][PASSED] - Statement - CurrentMonth = monthContainerMatcher.toString(): null

2018-12-13 23:57:22 - [TEST_STEP][PASSED] - Statement - CurrentMonth = CurrentMonth: null

2018-12-13 23:57:22 - [TEST_STEP][PASSED] - Statement - CurrentDateNoFilter.applyPattern("yyyy"): null

2018-12-13 23:57:22 - [TEST_STEP][PASSED] - Statement - CurrentYear = CurrentDateNoFilter.format(TodayDate): null

2018-12-13 23:57:22 - [TEST_STEP][PASSED] - Statement - CurrentYear = CurrentYear: null

2018-12-13 23:57:22 - [TEST_STEP][PASSED] - Statement - intCurrentYear = java.lang.Integer.parseInt(CurrentDateNoFilter.format(TodayDate)): null

2018-12-13 23:57:22 - [TEST_STEP][PASSED] - Statement - eighteenYrsAgo = intCurrentYear - 18: null

2018-12-13 23:57:22 - [TEST_STEP][PASSED] - Statement - eighteenYrsBeforeThisYr = eighteenYrsAgo.toString(): null

2018-12-13 23:57:22 - [TEST_STEP][PASSED] - Statement - EighteenYrsBefore = eighteenYrsBeforeThisYr: null

2018-12-13 23:57:22 - [TEST_STEP][PASSED] - Statement - fiftysevenYrsAgo = intCurrentYear - 57: null

2018-12-13 23:57:22 - [TEST_STEP][PASSED] - Statement - fiftysevenYrsBeforeThisYr = fiftysevenYrsAgo.toString(): null

2018-12-13 23:57:22 - [TEST_STEP][PASSED] - Statement - FiftysevenYrsBefore = fiftysevenYrsBeforeThisYr: null

2018-12-13 23:57:22 - [TEST_STEP][PASSED] - Statement - leapYear = false: null

2018-12-13 23:57:22 - [TEST_STEP][PASSED] - Statement - leapYear = intCurrentYear % 4 == 0: null

2018-12-13 23:57:22 - [TEST_STEP][PASSED] - Statement - CurrentDateNoFilter.applyPattern("dd"): null

2018-12-13 23:57:22 - [TEST_STEP][PASSED] - Statement - CurrentDate = CurrentDateNoFilter.format(TodayDate): null

2018-12-13 23:57:22 - [TEST_STEP][PASSED] - Statement - CurrentDate = java.lang.Integer.parseInt(CurrentDate): null

2018-12-13 23:57:22 - [TEST_STEP][PASSED] - Statement - CurrentDate = CurrentDate: null

2018-12-13 23:57:22 - [TEST_STEP][PASSED] - Statement - CurrentDay = java.lang.Integer.parseInt(CurrentDate): null

2018-12-13 23:57:22 - [TEST_STEP][PASSED] - Statement - ConfAdder = <not implemented yet for class: org.codehaus.groovy.ast.expr.EmptyExpression>: null

2018-12-13 23:57:22 - [TEST_STEP][PASSED] - Statement - out.println(CurrentMonth): null

2018-12-13 23:57:22 - [TEST_STEP][PASSED] - Statement - out.println(CurrentDate): null

2018-12-13 23:57:22 - [TEST_STEP][PASSED] - Statement - switch (CurrentDate): null

2018-12-13 23:57:22 - [TEST_STEP][PASSED] - Statement - Default: null

2018-12-13 23:57:22 - [TEST_STEP][PASSED] - Statement - ConfAdder = true: null

2018-12-13 23:57:22 - [TEST_STEP][PASSED] - Statement - Break: null

2018-12-13 23:57:22 - [TEST_STEP][PASSED] - Statement - aDayBefore = <not implemented yet for class: org.codehaus.groovy.ast.expr.EmptyExpression>: null

2018-12-13 23:57:22 - [TEST_STEP][PASSED] - Statement - out.println(ConfAdder): null

2018-12-13 23:57:22 - [TEST_STEP][PASSED] - Statement - If (ConfAdder == true): null

2018-12-13 23:57:22 - [TEST_STEP][PASSED] - Statement - aDayBefore = CurrentDay + 1: null

2018-12-13 23:57:22 - [TEST_STEP][PASSED] - Statement - out.println(aDayBefore): null

2018-12-13 23:57:22 - [TEST_STEP][PASSED] - Statement - If (aDayBefore == 1 && CurrentMonth == 11): null

2018-12-13 23:57:22 - [TEST_STEP][PASSED] - Statement - DayBefore = aDayBefore.toString(): null

2018-12-13 23:57:22 - [TEST_STEP][PASSED] - Statement - OneDayBefore = DayBefore: null

2018-12-13 23:57:22 - [MESSAGE][PASSED] - Call Test Case 'Test Cases/Final Aug 2018 - PKS Automation/Registration Module/New Registration/Form 2/Date Updater' successfully

2018-12-13 23:57:22 - [TEST_STEP][PASSED] - delay: Delayed 1 second(s)

2018-12-13 23:57:23 - [MESSAGE][PASSED] - Delayed 1 second(s)

2018-12-13 23:57:23 - [TEST_STEP][PASSED] - Statement - CaseReferenceNo = com.kms.katalon.core.webui.keyword.WebUiBuiltInKeywords.getText(com.kms.katalon.core.testobject.ObjectRepository.findTestObject(Final Object Repo/New Registration - Registration Module Pages/Form 2/RefNo Acquiring)): Text of object 'Object Repository/Final Object Repo/New Registration - Registration Module Pages/Form 2/RefNo Acquiring' is: 'CRN12201800123320'

2018-12-13 23:57:23 - [MESSAGE][PASSED] - Text of object 'Object Repository/Final Object Repo/New Registration - Registration Module Pages/Form 2/RefNo Acquiring' is: 'CRN12201800123320'

2018-12-13 23:57:23 - [TEST_STEP][PASSED] - delay: Delayed 1 second(s)

2018-12-13 23:57:24 - [MESSAGE][PASSED] - Delayed 1 second(s)

2018-12-13 23:57:24 - [TEST_STEP][PASSED] - click: Object: 'Object Repository/Final Object Repo/New Registration - Registration Module Pages/Form 2/Add Employee Button' is clicked on

2018-12-13 23:57:24 - [MESSAGE][PASSED] - Object: 'Object Repository/Final Object Repo/New Registration - Registration Module Pages/Form 2/Add Employee Button' is clicked on

2018-12-13 23:57:24 - [TEST_STEP][PASSED] - delay: Delayed 1 second(s)

2018-12-13 23:57:25 - [MESSAGE][PASSED] - Delayed 1 second(s)

2018-12-13 23:57:25 - [TEST_STEP][PASSED] - setText: Text '010903091948' is set on object 'Object Repository/Final Object Repo/New Registration - Registration Module Pages/Form 2/NRIC Input'

2018-12-13 23:57:25 - [MESSAGE][PASSED] - Text '010903091948' is set on object 'Object Repository/Final Object Repo/New Registration - Registration Module Pages/Form 2/NRIC Input'

2018-12-13 23:57:25 - [TEST_STEP][PASSED] - delay: Delayed 2 second(s)

2018-12-13 23:57:27 - [MESSAGE][PASSED] - Delayed 2 second(s)

2018-12-13 23:57:27 - [TEST_STEP][PASSED] - setText: Text 'Automate001 eligible 1' is set on object 'Object Repository/Final Object Repo/New Registration - Registration Module Pages/Form 2/Employee Name Input'

2018-12-13 23:57:28 - [MESSAGE][PASSED] - Text 'Automate001 eligible 1' is set on object 'Object Repository/Final Object Repo/New Registration - Registration Module Pages/Form 2/Employee Name Input'

2018-12-13 23:57:28 - [TEST_STEP][PASSED] - delay: Delayed 2 second(s)

2018-12-13 23:57:30 - [MESSAGE][PASSED] - Delayed 2 second(s)

2018-12-13 23:57:30 - [TEST_STEP][PASSED] - click: Object: 'Object Repository/Final Object Repo/New Registration - Registration Module Pages/Form 2/DatePicker Pop Up' is clicked on

2018-12-13 23:57:30 - [MESSAGE][PASSED] - Object: 'Object Repository/Final Object Repo/New Registration - Registration Module Pages/Form 2/DatePicker Pop Up' is clicked on

2018-12-13 23:57:30 - [TEST_STEP][PASSED] - click: Object: 'Object Repository/Final Object Repo/New Registration - Registration Module Pages/Form 2/DOB Month' is clicked on

2018-12-13 23:57:30 - [MESSAGE][PASSED] - Object: 'Object Repository/Final Object Repo/New Registration - Registration Module Pages/Form 2/DOB Month' is clicked on

2018-12-13 23:57:30 - [TEST_STEP][PASSED] - Statement - CurrentMonth = CurrentMonth: null

2018-12-13 23:57:30 - [TEST_STEP][PASSED] - Statement - selectMonth = new com.kms.katalon.core.testobject.TestObject(): null

2018-12-13 23:57:30 - [TEST_STEP][PASSED] - Statement - selectMonth.addProperty("xpath", EQUALS, "//body/div/div/div/select/option[@value='" + CurrentMonth + "']", true): null

2018-12-13 23:57:30 - [TEST_STEP][PASSED] - click: Object: '' is clicked on

2018-12-13 23:57:30 - [MESSAGE][PASSED] - Object: '' is clicked on

2018-12-13 23:57:30 - [TEST_STEP][PASSED] - click: Object: 'Object Repository/Final Object Repo/New Registration - Registration Module Pages/Form 2/DOB Year' is clicked on

2018-12-13 23:57:31 - [MESSAGE][PASSED] - Object: 'Object Repository/Final Object Repo/New Registration - Registration Module Pages/Form 2/DOB Year' is clicked on

2018-12-13 23:57:31 - [TEST_STEP][PASSED] - Statement - Eyearsbf = EighteenYrsBefore: null

2018-12-13 23:57:31 - [TEST_STEP][PASSED] - Statement - selectYear = new com.kms.katalon.core.testobject.TestObject(): null

2018-12-13 23:57:31 - [TEST_STEP][PASSED] - Statement - selectYear.addProperty("xpath", EQUALS, "//div/div/div/select/option[@value='" + Eyearsbf + "']", true): null

2018-12-13 23:57:31 - [TEST_STEP][PASSED] - click: Object: '' is clicked on

2018-12-13 23:57:31 - [MESSAGE][PASSED] - Object: '' is clicked on

2018-12-13 23:57:31 - [TEST_STEP][PASSED] - Statement - UpdatedSelectDate = com.kms.katalon.core.webui.keyword.WebUiBuiltInKeywords.modifyObjectProperty(com.kms.katalon.core.testobject.ObjectRepository.findTestObject(Final Object Repo/New Registration - Registration Module Pages/Form 2/DOB Date), "xpath", "equals", "//body/div/table/tbody/tr/td/a[text()="" + CurrentDate + ""]", true): Modify property of object successfully

2018-12-13 23:57:31 - [MESSAGE][PASSED] - Modify property of object successfully

2018-12-13 23:57:31 - [TEST_STEP][PASSED] - delay: Delayed 3 second(s)

2018-12-13 23:57:34 - [MESSAGE][PASSED] - Delayed 3 second(s)

2018-12-13 23:57:34 - [TEST_STEP][PASSED] - click: Object: 'Object Repository/Final Object Repo/New Registration - Registration Module Pages/Form 2/DOB Date' is clicked on

2018-12-13 23:57:34 - [MESSAGE][PASSED] - Object: 'Object Repository/Final Object Repo/New Registration - Registration Module Pages/Form 2/DOB Date' is clicked on

2018-12-13 23:57:34 - [TEST_STEP][PASSED] - delay: Delayed 2 second(s)

2018-12-13 23:57:36 - [MESSAGE][PASSED] - Delayed 2 second(s)

2018-12-13 23:57:36 - [TEST_STEP][PASSED] - click: Object: 'Object Repository/Final Object Repo/New Registration - Registration Module Pages/Form 2/EmploymentStartDate Pop Up' is clicked on

2018-12-13 23:57:36 - [MESSAGE][PASSED] - Object: 'Object Repository/Final Object Repo/New Registration - Registration Module Pages/Form 2/EmploymentStartDate Pop Up' is clicked on

2018-12-13 23:57:36 - [TEST_STEP][PASSED] - delay: Delayed 2 second(s)

2018-12-13 23:57:38 - [MESSAGE][PASSED] - Delayed 2 second(s)

2018-12-13 23:57:38 - [TEST_STEP][PASSED] - click: Object: 'Object Repository/Final Object Repo/New Registration - Registration Module Pages/Form 2/Socso Employment StartDate Month' is clicked on

2018-12-13 23:57:38 - [MESSAGE][PASSED] - Object: 'Object Repository/Final Object Repo/New Registration - Registration Module Pages/Form 2/Socso Employment StartDate Month' is clicked on

2018-12-13 23:57:38 - [TEST_STEP][PASSED] - delay: Delayed 1 second(s)

2018-12-13 23:57:39 - [MESSAGE][PASSED] - Delayed 1 second(s)

2018-12-13 23:57:39 - [TEST_STEP][PASSED] - click: Object: 'Object Repository/Final Object Repo/New Registration - Registration Module Pages/Form 2/Select Socso Employement Startdate Month' is clicked on

2018-12-13 23:57:39 - [MESSAGE][PASSED] - Object: 'Object Repository/Final Object Repo/New Registration - Registration Module Pages/Form 2/Select Socso Employement Startdate Month' is clicked on

2018-12-13 23:57:39 - [TEST_STEP][PASSED] - delay: Delayed 2 second(s)

2018-12-13 23:57:41 - [MESSAGE][PASSED] - Delayed 2 second(s)

2018-12-13 23:57:41 - [TEST_STEP][PASSED] - click: Object: 'Object Repository/Final Object Repo/New Registration - Registration Module Pages/Form 2/Socso Employment StartDate Year' is clicked on

2018-12-13 23:57:42 - [MESSAGE][PASSED] - Object: 'Object Repository/Final Object Repo/New Registration - Registration Module Pages/Form 2/Socso Employment StartDate Year' is clicked on

2018-12-13 23:57:42 - [TEST_STEP][PASSED] - delay: Delayed 1 second(s)

2018-12-13 23:57:43 - [MESSAGE][PASSED] - Delayed 1 second(s)

2018-12-13 23:57:43 - [TEST_STEP][PASSED] - click: Object: 'Object Repository/Final Object Repo/New Registration - Registration Module Pages/Form 2/Select Socso Employment Startdate Year' is clicked on

2018-12-13 23:57:43 - [MESSAGE][PASSED] - Object: 'Object Repository/Final Object Repo/New Registration - Registration Module Pages/Form 2/Select Socso Employment Startdate Year' is clicked on

2018-12-13 23:57:43 - [TEST_STEP][PASSED] - delay: Delayed 2 second(s)

2018-12-13 23:57:45 - [MESSAGE][PASSED] - Delayed 2 second(s)

2018-12-13 23:57:45 - [TEST_STEP][PASSED] - click: Object: 'Object Repository/Final Object Repo/New Registration - Registration Module Pages/Form 2/Socso Employment Start Date Day' is clicked on

2018-12-13 23:57:45 - [MESSAGE][PASSED] - Object: 'Object Repository/Final Object Repo/New Registration - Registration Module Pages/Form 2/Socso Employment Start Date Day' is clicked on

2018-12-13 23:57:45 - [TEST_STEP][PASSED] - delay: Delayed 2 second(s)

2018-12-13 23:57:47 - [MESSAGE][PASSED] - Delayed 2 second(s)

2018-12-13 23:57:47 - [TEST_STEP][PASSED] - click: Object: 'Object Repository/Final Object Repo/New Registration - Registration Module Pages/Form 2/Save Button for Add Employee' is clicked on

2018-12-13 23:57:47 - [MESSAGE][PASSED] - Object: 'Object Repository/Final Object Repo/New Registration - Registration Module Pages/Form 2/Save Button for Add Employee' is clicked on

2018-12-13 23:57:47 - [TEST_STEP][PASSED] - delay: Delayed 6 second(s)

2018-12-13 23:57:53 - [MESSAGE][PASSED] - Delayed 6 second(s)

2018-12-13 23:57:53 - [TEST_STEP][PASSED] - click: Object: 'Object Repository/Final Object Repo/New Registration - Registration Module Pages/Form 2/Save and Continue Form 2' is clicked on

2018-12-13 23:57:53 - [MESSAGE][PASSED] - Object: 'Object Repository/Final Object Repo/New Registration - Registration Module Pages/Form 2/Save and Continue Form 2' is clicked on

2018-12-13 23:57:53 - [MESSAGE][PASSED] - Call Test Case 'Test Cases/Final Aug 2018 - PKS Automation/Registration Module/New Registration/Form 2/Add 1 Eligible - Employer Account Use' successfully

2018-12-13 23:57:53 - [TEST_STEP][PASSED] - callTestCase: Call Test Case 'Test Cases/Final Aug 2018 - PKS Automation/Registration Module/New Registration/Flow of New Registration/Third Screen - Upload Supporting Doc - Preview' successfully

2018-12-13 23:57:53 - [TEST_CASE][PASSED] - Test Cases/Final Aug 2018 - PKS Automation/Registration Module/New Registration/Flow of New Registration/Third Screen - Upload Supporting Doc - Preview: Test Cases/Final Aug 2018 - PKS Automation/Registration Module/New Registration/Flow of New Registration/Third Screen - Upload Supporting Doc - Preview

2018-12-13 23:57:53 - [TEST_STEP][PASSED] - waitForPageLoad: Wait for page load successfully

2018-12-13 23:57:54 - [MESSAGE][PASSED] - Wait for page load successfully

2018-12-13 23:57:54 - [TEST_STEP][PASSED] - Statement - CaseReferenceNo = com.kms.katalon.core.webui.keyword.WebUiBuiltInKeywords.getText(com.kms.katalon.core.testobject.ObjectRepository.findTestObject(Final Object Repo/New Registration - Registration Module Pages/Third Screen - Upload Supporting Doc- Preview/RefNo Acquiring)): Text of object 'Object Repository/Final Object Repo/New Registration - Registration Module Pages/Third Screen - Upload Supporting Doc- Preview/RefNo Acquiring' is: 'CRN12201800123320'

2018-12-13 23:57:54 - [MESSAGE][PASSED] - Text of object 'Object Repository/Final Object Repo/New Registration - Registration Module Pages/Third Screen - Upload Supporting Doc- Preview/RefNo Acquiring' is: 'CRN12201800123320'

2018-12-13 23:57:54 - [TEST_STEP][PASSED] - delay: Delayed 2 second(s)

2018-12-13 23:57:56 - [MESSAGE][PASSED] - Delayed 2 second(s)

2018-12-13 23:57:56 - [TEST_STEP][PASSED] - callTestCase: Call Test Case 'Test Cases/Final Aug 2018 - PKS Automation/Common/Reference Number Setter' successfully

2018-12-13 23:57:56 - [TEST_CASE][PASSED] - Test Cases/Final Aug 2018 - PKS Automation/Common/Reference Number Setter: Test Cases/Final Aug 2018 - PKS Automation/Common/Reference Number Setter

2018-12-13 23:57:56 - [TEST_STEP][PASSED] - Statement - RefNoOldFile = new java.io.File(C://Users//Admin//Desktop//PKS//Automation Reference Point//KatalonReference.txt): null

2018-12-13 23:57:56 - [TEST_STEP][PASSED] - Statement - RefNoOldFile.delete(): null

2018-12-13 23:57:56 - [TEST_STEP][PASSED] - delay: Delayed 5 second(s)

2018-12-13 23:58:01 - [MESSAGE][PASSED] - Delayed 5 second(s)

2018-12-13 23:58:01 - [TEST_STEP][PASSED] - Statement - RefNo = new java.io.File(C://Users//Admin//Desktop//PKS//Automation Reference Point//KatalonReference.txt): null

2018-12-13 23:58:01 - [TEST_STEP][PASSED] - Statement - f2 = new java.io.FileWriter(RefNo, false): null

2018-12-13 23:58:01 - [TEST_STEP][PASSED] - Statement - f2.write(CaseReferenceNo): null

2018-12-13 23:58:01 - [TEST_STEP][PASSED] - Statement - f2.close(): null

2018-12-13 23:58:01 - [TEST_STEP][PASSED] - Statement - out.println("


" + CaseReferenceNo + "


"): null

2018-12-13 23:58:01 - [MESSAGE][PASSED] - Call Test Case 'Test Cases/Final Aug 2018 - PKS Automation/Common/Reference Number Setter' successfully

2018-12-13 23:58:01 - [TEST_STEP][PASSED] - waitForElementClickable: Object 'Object Repository/Final Object Repo/New Registration - Registration Module Pages/Third Screen - Upload Supporting Doc- Preview/Save n Continue in SIP Employee Listing Page' is clickable

2018-12-13 23:58:01 - [MESSAGE][PASSED] - Object 'Object Repository/Final Object Repo/New Registration - Registration Module Pages/Third Screen - Upload Supporting Doc- Preview/Save n Continue in SIP Employee Listing Page' is clickable

2018-12-13 23:58:01 - [TEST_STEP][PASSED] - click: Object: 'Object Repository/Final Object Repo/New Registration - Registration Module Pages/Third Screen - Upload Supporting Doc- Preview/Save n Continue in SIP Employee Listing Page' is clicked on

2018-12-13 23:58:07 - [MESSAGE][PASSED] - Object: 'Object Repository/Final Object Repo/New Registration - Registration Module Pages/Third Screen - Upload Supporting Doc- Preview/Save n Continue in SIP Employee Listing Page' is clicked on

2018-12-13 23:58:07 - [TEST_STEP][PASSED] - delay: Delayed 7 second(s)

2018-12-13 23:58:14 - [MESSAGE][PASSED] - Delayed 7 second(s)

2018-12-13 23:58:14 - [TEST_STEP][PASSED] - click: Object: 'Object Repository/Final Object Repo/New Registration - Registration Module Pages/Third Screen - Upload Supporting Doc- Preview/Add Document Button' is clicked on

2018-12-13 23:58:14 - [MESSAGE][PASSED] - Object: 'Object Repository/Final Object Repo/New Registration - Registration Module Pages/Third Screen - Upload Supporting Doc- Preview/Add Document Button' is clicked on

2018-12-13 23:58:14 - [TEST_STEP][PASSED] - delay: Delayed 30 second(s)

2018-12-13 23:58:44 - [MESSAGE][PASSED] - Delayed 30 second(s)

2018-12-13 23:58:44 - [TEST_STEP][PASSED] - click: Object: 'Object Repository/Final Object Repo/New Registration - Registration Module Pages/Third Screen - Upload Supporting Doc- Preview/Supporting Doc Please Select Drop Down' is clicked on

2018-12-13 23:58:44 - [MESSAGE][PASSED] - Object: 'Object Repository/Final Object Repo/New Registration - Registration Module Pages/Third Screen - Upload Supporting Doc- Preview/Supporting Doc Please Select Drop Down' is clicked on

2018-12-13 23:58:44 - [TEST_STEP][PASSED] - delay: Delayed 2 second(s)

2018-12-13 23:58:46 - [MESSAGE][PASSED] - Delayed 2 second(s)

2018-12-13 23:58:46 - [TEST_STEP][PASSED] - click: Object: 'Object Repository/Final Object Repo/New Registration - Registration Module Pages/Third Screen - Upload Supporting Doc- Preview/Select to Upload Form 1' is clicked on

2018-12-13 23:58:46 - [MESSAGE][PASSED] - Object: 'Object Repository/Final Object Repo/New Registration - Registration Module Pages/Third Screen - Upload Supporting Doc- Preview/Select to Upload Form 1' is clicked on

2018-12-13 23:58:46 - [TEST_STEP][PASSED] - delay: Delayed 2 second(s)

2018-12-13 23:58:48 - [MESSAGE][PASSED] - Delayed 2 second(s)

2018-12-13 23:58:48 - [TEST_STEP][PASSED] - uploadFile: File 'C:\Users\Public\Pictures\Sample Pictures\Koala.jpg' sent to object: 'Object Repository/Final Object Repo/New Registration - Registration Module Pages/Third Screen - Upload Supporting Doc- Preview/Upload File Adding'

2018-12-13 23:58:48 - [MESSAGE][PASSED] - File 'C:\Users\Public\Pictures\Sample Pictures\Koala.jpg' sent to object: 'Object Repository/Final Object Repo/New Registration - Registration Module Pages/Third Screen - Upload Supporting Doc- Preview/Upload File Adding'

2018-12-13 23:58:48 - [TEST_STEP][PASSED] - delay: Delayed 5 second(s)

2018-12-13 23:58:53 - [MESSAGE][PASSED] - Delayed 5 second(s)

2018-12-13 23:58:53 - [TEST_STEP][PASSED] - click: Object: 'Object Repository/Final Object Repo/New Registration - Registration Module Pages/Third Screen - Upload Supporting Doc- Preview/Inner Form Add Document Button' is clicked on

2018-12-13 23:58:53 - [MESSAGE][PASSED] - Object: 'Object Repository/Final Object Repo/New Registration - Registration Module Pages/Third Screen - Upload Supporting Doc- Preview/Inner Form Add Document Button' is clicked on

2018-12-13 23:58:53 - [TEST_STEP][PASSED] - delay: Delayed 3 second(s)

2018-12-13 23:58:56 - [MESSAGE][PASSED] - Delayed 3 second(s)

2018-12-13 23:58:56 - [TEST_STEP][PASSED] - click: Object: 'Object Repository/Final Object Repo/New Registration - Registration Module Pages/Third Screen - Upload Supporting Doc- Preview/Add Document Button' is clicked on

2018-12-13 23:58:58 - [MESSAGE][PASSED] - Object: 'Object Repository/Final Object Repo/New Registration - Registration Module Pages/Third Screen - Upload Supporting Doc- Preview/Add Document Button' is clicked on

2018-12-13 23:58:58 - [TEST_STEP][PASSED] - delay: Delayed 30 second(s)

2018-12-13 23:59:28 - [MESSAGE][PASSED] - Delayed 30 second(s)

2018-12-13 23:59:28 - [TEST_STEP][PASSED] - click: Object: 'Object Repository/Final Object Repo/New Registration - Registration Module Pages/Third Screen - Upload Supporting Doc- Preview/Supporting Doc Please Select Drop Down' is clicked on

2018-12-13 23:59:28 - [MESSAGE][PASSED] - Object: 'Object Repository/Final Object Repo/New Registration - Registration Module Pages/Third Screen - Upload Supporting Doc- Preview/Supporting Doc Please Select Drop Down' is clicked on

2018-12-13 23:59:28 - [TEST_STEP][PASSED] - delay: Delayed 4 second(s)

2018-12-13 23:59:32 - [MESSAGE][PASSED] - Delayed 4 second(s)

2018-12-13 23:59:32 - [TEST_STEP][PASSED] - click: Object: 'Object Repository/Final Object Repo/New Registration - Registration Module Pages/Third Screen - Upload Supporting Doc- Preview/Select to Upload Form 2' is clicked on

2018-12-13 23:59:32 - [MESSAGE][PASSED] - Object: 'Object Repository/Final Object Repo/New Registration - Registration Module Pages/Third Screen - Upload Supporting Doc- Preview/Select to Upload Form 2' is clicked on

2018-12-13 23:59:32 - [TEST_STEP][PASSED] - delay: Delayed 2 second(s)

2018-12-13 23:59:34 - [MESSAGE][PASSED] - Delayed 2 second(s)

2018-12-13 23:59:34 - [TEST_STEP][PASSED] - uploadFile: File 'C:\Users\Public\Pictures\Sample Pictures\Koala.jpg' sent to object: 'Object Repository/Final Object Repo/New Registration - Registration Module Pages/Third Screen - Upload Supporting Doc- Preview/Upload File Adding'

2018-12-13 23:59:34 - [MESSAGE][PASSED] - File 'C:\Users\Public\Pictures\Sample Pictures\Koala.jpg' sent to object: 'Object Repository/Final Object Repo/New Registration - Registration Module Pages/Third Screen - Upload Supporting Doc- Preview/Upload File Adding'

2018-12-13 23:59:34 - [TEST_STEP][PASSED] - click: Object: 'Object Repository/Final Object Repo/New Registration - Registration Module Pages/Third Screen - Upload Supporting Doc- Preview/Inner Form Add Document Button' is clicked on

2018-12-13 23:59:34 - [MESSAGE][PASSED] - Object: 'Object Repository/Final Object Repo/New Registration - Registration Module Pages/Third Screen - Upload Supporting Doc- Preview/Inner Form Add Document Button' is clicked on

2018-12-13 23:59:34 - [TEST_STEP][PASSED] - delay: Delayed 5 second(s)

2018-12-13 23:59:39 - [MESSAGE][PASSED] - Delayed 5 second(s)

2018-12-13 23:59:39 - [TEST_STEP][PASSED] - click: Object: 'Object Repository/Final Object Repo/New Registration - Registration Module Pages/Third Screen - Upload Supporting Doc- Preview/Add Document Button' is clicked on

2018-12-13 23:59:40 - [MESSAGE][PASSED] - Object: 'Object Repository/Final Object Repo/New Registration - Registration Module Pages/Third Screen - Upload Supporting Doc- Preview/Add Document Button' is clicked on

2018-12-13 23:59:40 - [TEST_STEP][PASSED] - delay: Delayed 30 second(s)

2018-12-14 00:00:10 - [MESSAGE][PASSED] - Delayed 30 second(s)

2018-12-14 00:00:10 - [TEST_STEP][PASSED] - click: Object: 'Object Repository/Final Object Repo/New Registration - Registration Module Pages/Third Screen - Upload Supporting Doc- Preview/Supporting Doc Please Select Drop Down' is clicked on

2018-12-14 00:00:10 - [MESSAGE][PASSED] - Object: 'Object Repository/Final Object Repo/New Registration - Registration Module Pages/Third Screen - Upload Supporting Doc- Preview/Supporting Doc Please Select Drop Down' is clicked on

2018-12-14 00:00:10 - [TEST_STEP][PASSED] - click: Object: 'Object Repository/Final Object Repo/New Registration - Registration Module Pages/Third Screen - Upload Supporting Doc- Preview/Select to Upload Borang SIP 1' is clicked on

2018-12-14 00:00:10 - [MESSAGE][PASSED] - Object: 'Object Repository/Final Object Repo/New Registration - Registration Module Pages/Third Screen - Upload Supporting Doc- Preview/Select to Upload Borang SIP 1' is clicked on

2018-12-14 00:00:10 - [TEST_STEP][PASSED] - delay: Delayed 2 second(s)

2018-12-14 00:00:12 - [MESSAGE][PASSED] - Delayed 2 second(s)

2018-12-14 00:00:12 - [TEST_STEP][PASSED] - uploadFile: File 'C:\Users\Public\Pictures\Sample Pictures\Koala.jpg' sent to object: 'Object Repository/Final Object Repo/New Registration - Registration Module Pages/Third Screen - Upload Supporting Doc- Preview/Upload File Adding'

2018-12-14 00:00:12 - [MESSAGE][PASSED] - File 'C:\Users\Public\Pictures\Sample Pictures\Koala.jpg' sent to object: 'Object Repository/Final Object Repo/New Registration - Registration Module Pages/Third Screen - Upload Supporting Doc- Preview/Upload File Adding'

2018-12-14 00:00:12 - [TEST_STEP][PASSED] - click: Object: 'Object Repository/Final Object Repo/New Registration - Registration Module Pages/Third Screen - Upload Supporting Doc- Preview/Inner Form Add Document Button' is clicked on

2018-12-14 00:00:12 - [MESSAGE][PASSED] - Object: 'Object Repository/Final Object Repo/New Registration - Registration Module Pages/Third Screen - Upload Supporting Doc- Preview/Inner Form Add Document Button' is clicked on

2018-12-14 00:00:12 - [TEST_STEP][PASSED] - delay: Delayed 5 second(s)

2018-12-14 00:00:17 - [MESSAGE][PASSED] - Delayed 5 second(s)

2018-12-14 00:00:17 - [TEST_STEP][PASSED] - click: Object: 'Object Repository/Final Object Repo/New Registration - Registration Module Pages/Third Screen - Upload Supporting Doc- Preview/Add Document Button' is clicked on

2018-12-14 00:00:17 - [MESSAGE][PASSED] - Object: 'Object Repository/Final Object Repo/New Registration - Registration Module Pages/Third Screen - Upload Supporting Doc- Preview/Add Document Button' is clicked on

2018-12-14 00:00:17 - [TEST_STEP][PASSED] - delay: Delayed 30 second(s)

2018-12-14 00:00:48 - [MESSAGE][PASSED] - Delayed 30 second(s)

2018-12-14 00:00:48 - [TEST_STEP][PASSED] - click: Object: 'Object Repository/Final Object Repo/New Registration - Registration Module Pages/Third Screen - Upload Supporting Doc- Preview/Supporting Doc Please Select Drop Down' is clicked on

2018-12-14 00:00:48 - [MESSAGE][PASSED] - Object: 'Object Repository/Final Object Repo/New Registration - Registration Module Pages/Third Screen - Upload Supporting Doc- Preview/Supporting Doc Please Select Drop Down' is clicked on

2018-12-14 00:00:48 - [TEST_STEP][PASSED] - delay: Delayed 3 second(s)

2018-12-14 00:00:51 - [MESSAGE][PASSED] - Delayed 3 second(s)

2018-12-14 00:00:51 - [TEST_STEP][PASSED] - click: Object: 'Object Repository/Final Object Repo/New Registration - Registration Module Pages/Third Screen - Upload Supporting Doc- Preview/Select to Upload Borang SIP 2' is clicked on

2018-12-14 00:00:51 - [MESSAGE][PASSED] - Object: 'Object Repository/Final Object Repo/New Registration - Registration Module Pages/Third Screen - Upload Supporting Doc- Preview/Select to Upload Borang SIP 2' is clicked on

2018-12-14 00:00:51 - [TEST_STEP][PASSED] - delay: Delayed 2 second(s)

2018-12-14 00:00:53 - [MESSAGE][PASSED] - Delayed 2 second(s)

2018-12-14 00:00:53 - [TEST_STEP][PASSED] - uploadFile: File 'C:\Users\Public\Pictures\Sample Pictures\Koala.jpg' sent to object: 'Object Repository/Final Object Repo/New Registration - Registration Module Pages/Third Screen - Upload Supporting Doc- Preview/Upload File Adding'

2018-12-14 00:00:53 - [MESSAGE][PASSED] - File 'C:\Users\Public\Pictures\Sample Pictures\Koala.jpg' sent to object: 'Object Repository/Final Object Repo/New Registration - Registration Module Pages/Third Screen - Upload Supporting Doc- Preview/Upload File Adding'

2018-12-14 00:00:53 - [TEST_STEP][PASSED] - delay: Delayed 5 second(s)

2018-12-14 00:00:58 - [MESSAGE][PASSED] - Delayed 5 second(s)

2018-12-14 00:00:58 - [TEST_STEP][PASSED] - click: Object: 'Object Repository/Final Object Repo/New Registration - Registration Module Pages/Third Screen - Upload Supporting Doc- Preview/Inner Form Add Document Button' is clicked on

2018-12-14 00:00:58 - [MESSAGE][PASSED] - Object: 'Object Repository/Final Object Repo/New Registration - Registration Module Pages/Third Screen - Upload Supporting Doc- Preview/Inner Form Add Document Button' is clicked on

2018-12-14 00:00:58 - [TEST_STEP][PASSED] - delay: Delayed 3 second(s)

2018-12-14 00:01:01 - [MESSAGE][PASSED] - Delayed 3 second(s)

2018-12-14 00:01:01 - [TEST_STEP][PASSED] - waitForElementClickable: Object 'Object Repository/Final Object Repo/New Registration - Registration Module Pages/Third Screen - Upload Supporting Doc- Preview/Save n Continue in Uploading Supporting Doc Page' is clickable

2018-12-14 00:01:03 - [MESSAGE][PASSED] - Object 'Object Repository/Final Object Repo/New Registration - Registration Module Pages/Third Screen - Upload Supporting Doc- Preview/Save n Continue in Uploading Supporting Doc Page' is clickable

2018-12-14 00:01:03 - [TEST_STEP][PASSED] - click: Object: 'Object Repository/Final Object Repo/New Registration - Registration Module Pages/Third Screen - Upload Supporting Doc- Preview/Save n Continue in Uploading Supporting Doc Page' is clicked on

2018-12-14 00:01:03 - [MESSAGE][PASSED] - Object: 'Object Repository/Final Object Repo/New Registration - Registration Module Pages/Third Screen - Upload Supporting Doc- Preview/Save n Continue in Uploading Supporting Doc Page' is clicked on

2018-12-14 00:01:03 - [MESSAGE][PASSED] - Call Test Case 'Test Cases/Final Aug 2018 - PKS Automation/Registration Module/New Registration/Flow of New Registration/Third Screen - Upload Supporting Doc - Preview' successfully

2018-12-14 00:01:03 - [TEST_STEP][PASSED] - setText: Text 'Tester' is set on object 'Object Repository/Final Object Repo/New Registration - Registration Module Pages/New Reg - OTC to RO/Special Case - All Related Objects/Employer Preview Name'

2018-12-14 00:01:07 - [MESSAGE][PASSED] - Text 'Tester' is set on object 'Object Repository/Final Object Repo/New Registration - Registration Module Pages/New Reg - OTC to RO/Special Case - All Related Objects/Employer Preview Name'

2018-12-14 00:01:07 - [TEST_STEP][PASSED] - click: Object: 'Object Repository/Final Object Repo/New Registration - Registration Module Pages/New Reg - OTC to RO/Special Case - All Related Objects/IC Type Drop Down' is clicked on

2018-12-14 00:01:08 - [MESSAGE][PASSED] - Object: 'Object Repository/Final Object Repo/New Registration - Registration Module Pages/New Reg - OTC to RO/Special Case - All Related Objects/IC Type Drop Down' is clicked on

2018-12-14 00:01:08 - [TEST_STEP][PASSED] - click: Object: 'Object Repository/Final Object Repo/New Registration - Registration Module Pages/New Reg - OTC to RO/Special Case - All Related Objects/Select to NRIC' is clicked on

2018-12-14 00:01:08 - [MESSAGE][PASSED] - Object: 'Object Repository/Final Object Repo/New Registration - Registration Module Pages/New Reg - OTC to RO/Special Case - All Related Objects/Select to NRIC' is clicked on

2018-12-14 00:01:08 - [TEST_STEP][PASSED] - setText: Text '133245561223' is set on object 'Object Repository/Final Object Repo/New Registration - Registration Module Pages/New Reg - OTC to RO/Special Case - All Related Objects/IC Value'

2018-12-14 00:01:08 - [MESSAGE][PASSED] - Text '133245561223' is set on object 'Object Repository/Final Object Repo/New Registration - Registration Module Pages/New Reg - OTC to RO/Special Case - All Related Objects/IC Value'

2018-12-14 00:01:08 - [TEST_STEP][PASSED] - setText: Text 'Auto' is set on object 'Object Repository/Final Object Repo/New Registration - Registration Module Pages/New Reg - OTC to RO/Special Case - All Related Objects/Designation'

2018-12-14 00:01:08 - [MESSAGE][PASSED] - Text 'Auto' is set on object 'Object Repository/Final Object Repo/New Registration - Registration Module Pages/New Reg - OTC to RO/Special Case - All Related Objects/Designation'

2018-12-14 00:01:08 - [TEST_STEP][PASSED] - callTestCase: Call Test Case 'Test Cases/Final Aug 2018 - PKS Automation/Registration Module/New Registration/Submit and Screenshot/Submit Registration and Screenshot' successfully

2018-12-14 00:01:08 - [TEST_CASE][PASSED] - Test Cases/Final Aug 2018 - PKS Automation/Registration Module/New Registration/Submit and Screenshot/Submit Registration and Screenshot: Test Cases/Final Aug 2018 - PKS Automation/Registration Module/New Registration/Submit and Screenshot/Submit Registration and Screenshot

2018-12-14 00:01:08 - [TEST_STEP][PASSED] - delay: Delayed 6 second(s)

2018-12-14 00:01:14 - [MESSAGE][PASSED] - Delayed 6 second(s)

2018-12-14 00:01:14 - [TEST_STEP][PASSED] - click: Object: 'Object Repository/Final Object Repo/New Registration - Registration Module Pages/Third Screen - Upload Supporting Doc- Preview/Preview Submit Button' is clicked on

2018-12-14 00:01:14 - [MESSAGE][PASSED] - Object: 'Object Repository/Final Object Repo/New Registration - Registration Module Pages/Third Screen - Upload Supporting Doc- Preview/Preview Submit Button' is clicked on

2018-12-14 00:01:14 - [TEST_STEP][PASSED] - delay: Delayed 2 second(s)

2018-12-14 00:01:16 - [MESSAGE][PASSED] - Delayed 2 second(s)

2018-12-14 00:01:16 - [TEST_STEP][PASSED] - click: Object: 'Object Repository/Final Object Repo/New Registration - Registration Module Pages/Third Screen - Upload Supporting Doc- Preview/Preview Submit - Confirm' is clicked on

2018-12-14 00:01:17 - [MESSAGE][PASSED] - Object: 'Object Repository/Final Object Repo/New Registration - Registration Module Pages/Third Screen - Upload Supporting Doc- Preview/Preview Submit - Confirm' is clicked on

2018-12-14 00:01:17 - [TEST_STEP][PASSED] - delay: Delayed 15 second(s)

2018-12-14 00:01:32 - [MESSAGE][PASSED] - Delayed 15 second(s)

2018-12-14 00:01:32 - [TEST_STEP][PASSED] - Statement - driver = com.kms.katalon.core.webui.driver.DriverFactory.getWebDriver(): null

2018-12-14 00:01:32 - [TEST_STEP][PASSED] - Statement - driver.manage().timeouts().implicitlyWait(10, SECONDS): null

2018-12-14 00:01:32 - [TEST_STEP][PASSED] - Statement - PresavePath = KatalonScreenshots: null

2018-12-14 00:01:32 - [TEST_STEP][PASSED] - Statement - pathPrefix = "C:\Users\Public\Pictures\Sample Pictures\Katalon Screenshots\Automate Ending Screen": null

2018-12-14 00:01:32 - [TEST_STEP][PASSED] - Statement - finalPath = <not implemented yet for class: org.codehaus.groovy.ast.expr.EmptyExpression>: null

2018-12-14 00:01:32 - [TEST_STEP][PASSED] - Statement - scrFile = driver.getScreenshotAs(FILE): null

2018-12-14 00:01:32 - [TEST_STEP][PASSED] - Statement - PreSaveFile = new java.io.File(PresavePath): null

2018-12-14 00:01:32 - [TEST_STEP][PASSED] - Statement - counter = 0: null

2018-12-14 00:01:32 - [TEST_STEP][PASSED] - Statement - If (PreSaveFile.exists()): null

2018-12-14 00:01:32 - [TEST_STEP][PASSED] - Statement - While (PreSaveFile.exists()): null

2018-12-14 00:01:32 - [TEST_STEP][PASSED] - Statement - counter = counter + 1: null

2018-12-14 00:01:32 - [TEST_STEP][PASSED] - Statement - PreSaveFile = new java.io.File(((pathPrefix + java.lang.Integer.toString(counter)) + .png)): null

2018-12-14 00:01:32 - [TEST_STEP][PASSED] - Statement - counter = counter + 1: null

2018-12-14 00:01:32 - [TEST_STEP][PASSED] - Statement - PreSaveFile = new java.io.File(((pathPrefix + java.lang.Integer.toString(counter)) + .png)): null

2018-12-14 00:01:32 - [TEST_STEP][PASSED] - Statement - counter = counter + 1: null

2018-12-14 00:01:32 - [TEST_STEP][PASSED] - Statement - PreSaveFile = new java.io.File(((pathPrefix + java.lang.Integer.toString(counter)) + .png)): null

2018-12-14 00:01:32 - [TEST_STEP][PASSED] - Statement - counter = counter + 1: null

2018-12-14 00:01:32 - [TEST_STEP][PASSED] - Statement - PreSaveFile = new java.io.File(((pathPrefix + java.lang.Integer.toString(counter)) + .png)): null

2018-12-14 00:01:32 - [TEST_STEP][PASSED] - Statement - counter = counter + 1: null

2018-12-14 00:01:32 - [TEST_STEP][PASSED] - Statement - PreSaveFile = new java.io.File(((pathPrefix + java.lang.Integer.toString(counter)) + .png)): null

2018-12-14 00:01:32 - [TEST_STEP][PASSED] - Statement - counter = counter + 1: null

2018-12-14 00:01:32 - [TEST_STEP][PASSED] - Statement - PreSaveFile = new java.io.File(((pathPrefix + java.lang.Integer.toString(counter)) + .png)): null

2018-12-14 00:01:32 - [TEST_STEP][PASSED] - Statement - counter = counter + 1: null

2018-12-14 00:01:32 - [TEST_STEP][PASSED] - Statement - PreSaveFile = new java.io.File(((pathPrefix + java.lang.Integer.toString(counter)) + .png)): null

2018-12-14 00:01:32 - [TEST_STEP][PASSED] - Statement - counter = counter + 1: null

2018-12-14 00:01:32 - [TEST_STEP][PASSED] - Statement - PreSaveFile = new java.io.File(((pathPrefix + java.lang.Integer.toString(counter)) + .png)): null

2018-12-14 00:01:32 - [TEST_STEP][PASSED] - Statement - counter = counter + 1: null

2018-12-14 00:01:32 - [TEST_STEP][PASSED] - Statement - PreSaveFile = new java.io.File(((pathPrefix + java.lang.Integer.toString(counter)) + .png)): null

2018-12-14 00:01:32 - [TEST_STEP][PASSED] - Statement - counter = counter + 1: null

2018-12-14 00:01:32 - [TEST_STEP][PASSED] - Statement - PreSaveFile = new java.io.File(((pathPrefix + java.lang.Integer.toString(counter)) + .png)): null

2018-12-14 00:01:32 - [TEST_STEP][PASSED] - Statement - counter = counter + 1: null

2018-12-14 00:01:32 - [TEST_STEP][PASSED] - Statement - PreSaveFile = new java.io.File(((pathPrefix + java.lang.Integer.toString(counter)) + .png)): null

2018-12-14 00:01:32 - [TEST_STEP][PASSED] - Statement - counter = counter + 1: null

2018-12-14 00:01:32 - [TEST_STEP][PASSED] - Statement - PreSaveFile = new java.io.File(((pathPrefix + java.lang.Integer.toString(counter)) + .png)): null

2018-12-14 00:01:32 - [TEST_STEP][PASSED] - Statement - counter = counter + 1: null

2018-12-14 00:01:32 - [TEST_STEP][PASSED] - Statement - PreSaveFile = new java.io.File(((pathPrefix + java.lang.Integer.toString(counter)) + .png)): null

2018-12-14 00:01:32 - [TEST_STEP][PASSED] - Statement - counter = counter + 1: null

2018-12-14 00:01:32 - [TEST_STEP][PASSED] - Statement - PreSaveFile = new java.io.File(((pathPrefix + java.lang.Integer.toString(counter)) + .png)): null

2018-12-14 00:01:32 - [TEST_STEP][PASSED] - Statement - counter = counter + 1: null

2018-12-14 00:01:32 - [TEST_STEP][PASSED] - Statement - PreSaveFile = new java.io.File(((pathPrefix + java.lang.Integer.toString(counter)) + .png)): null

2018-12-14 00:01:32 - [TEST_STEP][PASSED] - Statement - counter = counter + 1: null

2018-12-14 00:01:32 - [TEST_STEP][PASSED] - Statement - PreSaveFile = new java.io.File(((pathPrefix + java.lang.Integer.toString(counter)) + .png)): null

2018-12-14 00:01:32 - [TEST_STEP][PASSED] - Statement - counter = counter + 1: null

2018-12-14 00:01:32 - [TEST_STEP][PASSED] - Statement - PreSaveFile = new java.io.File(((pathPrefix + java.lang.Integer.toString(counter)) + .png)): null

2018-12-14 00:01:32 - [TEST_STEP][PASSED] - Statement - counter = counter + 1: null

2018-12-14 00:01:32 - [TEST_STEP][PASSED] - Statement - PreSaveFile = new java.io.File(((pathPrefix + java.lang.Integer.toString(counter)) + .png)): null

2018-12-14 00:01:32 - [TEST_STEP][PASSED] - Statement - counter = counter + 1: null

2018-12-14 00:01:32 - [TEST_STEP][PASSED] - Statement - PreSaveFile = new java.io.File(((pathPrefix + java.lang.Integer.toString(counter)) + .png)): null

2018-12-14 00:01:32 - [TEST_STEP][PASSED] - Statement - counter = counter + 1: null

2018-12-14 00:01:32 - [TEST_STEP][PASSED] - Statement - PreSaveFile = new java.io.File(((pathPrefix + java.lang.Integer.toString(counter)) + .png)): null

2018-12-14 00:01:32 - [TEST_STEP][PASSED] - Statement - counter = counter + 1: null

2018-12-14 00:01:32 - [TEST_STEP][PASSED] - Statement - PreSaveFile = new java.io.File(((pathPrefix + java.lang.Integer.toString(counter)) + .png)): null

2018-12-14 00:01:32 - [TEST_STEP][PASSED] - Statement - counter = counter + 1: null

2018-12-14 00:01:32 - [TEST_STEP][PASSED] - Statement - PreSaveFile = new java.io.File(((pathPrefix + java.lang.Integer.toString(counter)) + .png)): null

2018-12-14 00:01:32 - [TEST_STEP][PASSED] - Statement - counter = counter + 1: null

2018-12-14 00:01:32 - [TEST_STEP][PASSED] - Statement - PreSaveFile = new java.io.File(((pathPrefix + java.lang.Integer.toString(counter)) + .png)): null

2018-12-14 00:01:32 - [TEST_STEP][PASSED] - Statement - counter = counter + 1: null

2018-12-14 00:01:32 - [TEST_STEP][PASSED] - Statement - PreSaveFile = new java.io.File(((pathPrefix + java.lang.Integer.toString(counter)) + .png)): null

2018-12-14 00:01:32 - [TEST_STEP][PASSED] - Statement - counter = counter + 1: null

2018-12-14 00:01:32 - [TEST_STEP][PASSED] - Statement - PreSaveFile = new java.io.File(((pathPrefix + java.lang.Integer.toString(counter)) + .png)): null

2018-12-14 00:01:32 - [TEST_STEP][PASSED] - Statement - counter = counter + 1: null

2018-12-14 00:01:32 - [TEST_STEP][PASSED] - Statement - PreSaveFile = new java.io.File(((pathPrefix + java.lang.Integer.toString(counter)) + .png)): null

2018-12-14 00:01:32 - [TEST_STEP][PASSED] - Statement - counter = counter + 1: null

2018-12-14 00:01:32 - [TEST_STEP][PASSED] - Statement - PreSaveFile = new java.io.File(((pathPrefix + java.lang.Integer.toString(counter)) + .png)): null

2018-12-14 00:01:32 - [TEST_STEP][PASSED] - Statement - counter = counter + 1: null

2018-12-14 00:01:32 - [TEST_STEP][PASSED] - Statement - PreSaveFile = new java.io.File(((pathPrefix + java.lang.Integer.toString(counter)) + .png)): null

2018-12-14 00:01:32 - [TEST_STEP][PASSED] - Statement - counter = counter + 1: null

2018-12-14 00:01:32 - [TEST_STEP][PASSED] - Statement - PreSaveFile = new java.io.File(((pathPrefix + java.lang.Integer.toString(counter)) + .png)): null

2018-12-14 00:01:32 - [TEST_STEP][PASSED] - Statement - counter = counter + 1: null

2018-12-14 00:01:32 - [TEST_STEP][PASSED] - Statement - PreSaveFile = new java.io.File(((pathPrefix + java.lang.Integer.toString(counter)) + .png)): null

2018-12-14 00:01:32 - [TEST_STEP][PASSED] - Statement - counter = counter + 1: null

2018-12-14 00:01:32 - [TEST_STEP][PASSED] - Statement - PreSaveFile = new java.io.File(((pathPrefix + java.lang.Integer.toString(counter)) + .png)): null

2018-12-14 00:01:32 - [TEST_STEP][PASSED] - Statement - counter = counter + 1: null

2018-12-14 00:01:32 - [TEST_STEP][PASSED] - Statement - PreSaveFile = new java.io.File(((pathPrefix + java.lang.Integer.toString(counter)) + .png)): null

2018-12-14 00:01:32 - [TEST_STEP][PASSED] - Statement - counter = counter + 1: null

2018-12-14 00:01:32 - [TEST_STEP][PASSED] - Statement - PreSaveFile = new java.io.File(((pathPrefix + java.lang.Integer.toString(counter)) + .png)): null

2018-12-14 00:01:32 - [TEST_STEP][PASSED] - Statement - counter = counter + 1: null

2018-12-14 00:01:32 - [TEST_STEP][PASSED] - Statement - PreSaveFile = new java.io.File(((pathPrefix + java.lang.Integer.toString(counter)) + .png)): null

2018-12-14 00:01:32 - [TEST_STEP][PASSED] - Statement - counter = counter + 1: null

2018-12-14 00:01:32 - [TEST_STEP][PASSED] - Statement - PreSaveFile = new java.io.File(((pathPrefix + java.lang.Integer.toString(counter)) + .png)): null

2018-12-14 00:01:32 - [TEST_STEP][PASSED] - Statement - counter = counter + 1: null

2018-12-14 00:01:32 - [TEST_STEP][PASSED] - Statement - PreSaveFile = new java.io.File(((pathPrefix + java.lang.Integer.toString(counter)) + .png)): null

2018-12-14 00:01:32 - [TEST_STEP][PASSED] - Statement - counter = counter + 1: null

2018-12-14 00:01:32 - [TEST_STEP][PASSED] - Statement - PreSaveFile = new java.io.File(((pathPrefix + java.lang.Integer.toString(counter)) + .png)): null

2018-12-14 00:01:32 - [TEST_STEP][PASSED] - Statement - counter = counter + 1: null

2018-12-14 00:01:32 - [TEST_STEP][PASSED] - Statement - PreSaveFile = new java.io.File(((pathPrefix + java.lang.Integer.toString(counter)) + .png)): null

2018-12-14 00:01:32 - [TEST_STEP][PASSED] - Statement - counter = counter + 1: null

2018-12-14 00:01:32 - [TEST_STEP][PASSED] - Statement - PreSaveFile = new java.io.File(((pathPrefix + java.lang.Integer.toString(counter)) + .png)): null

2018-12-14 00:01:32 - [TEST_STEP][PASSED] - Statement - counter = counter + 1: null

2018-12-14 00:01:32 - [TEST_STEP][PASSED] - Statement - PreSaveFile = new java.io.File(((pathPrefix + java.lang.Integer.toString(counter)) + .png)): null

2018-12-14 00:01:32 - [TEST_STEP][PASSED] - Statement - counter = counter + 1: null

2018-12-14 00:01:32 - [TEST_STEP][PASSED] - Statement - PreSaveFile = new java.io.File(((pathPrefix + java.lang.Integer.toString(counter)) + .png)): null

2018-12-14 00:01:32 - [TEST_STEP][PASSED] - Statement - counter = counter + 1: null

2018-12-14 00:01:32 - [TEST_STEP][PASSED] - Statement - PreSaveFile = new java.io.File(((pathPrefix + java.lang.Integer.toString(counter)) + .png)): null

2018-12-14 00:01:32 - [TEST_STEP][PASSED] - Statement - counter = counter + 1: null

2018-12-14 00:01:32 - [TEST_STEP][PASSED] - Statement - PreSaveFile = new java.io.File(((pathPrefix + java.lang.Integer.toString(counter)) + .png)): null

2018-12-14 00:01:32 - [TEST_STEP][PASSED] - Statement - counter = counter + 1: null

2018-12-14 00:01:32 - [TEST_STEP][PASSED] - Statement - PreSaveFile = new java.io.File(((pathPrefix + java.lang.Integer.toString(counter)) + .png)): null

2018-12-14 00:01:32 - [TEST_STEP][PASSED] - Statement - counter = counter + 1: null

2018-12-14 00:01:32 - [TEST_STEP][PASSED] - Statement - PreSaveFile = new java.io.File(((pathPrefix + java.lang.Integer.toString(counter)) + .png)): null

2018-12-14 00:01:32 - [TEST_STEP][PASSED] - Statement - counter = counter + 1: null

2018-12-14 00:01:32 - [TEST_STEP][PASSED] - Statement - PreSaveFile = new java.io.File(((pathPrefix + java.lang.Integer.toString(counter)) + .png)): null

2018-12-14 00:01:32 - [TEST_STEP][PASSED] - Statement - counter = counter + 1: null

2018-12-14 00:01:32 - [TEST_STEP][PASSED] - Statement - PreSaveFile = new java.io.File(((pathPrefix + java.lang.Integer.toString(counter)) + .png)): null

2018-12-14 00:01:32 - [TEST_STEP][PASSED] - Statement - counter = counter + 1: null

2018-12-14 00:01:32 - [TEST_STEP][PASSED] - Statement - PreSaveFile = new java.io.File(((pathPrefix + java.lang.Integer.toString(counter)) + .png)): null

2018-12-14 00:01:32 - [TEST_STEP][PASSED] - Statement - counter = counter + 1: null

2018-12-14 00:01:32 - [TEST_STEP][PASSED] - Statement - PreSaveFile = new java.io.File(((pathPrefix + java.lang.Integer.toString(counter)) + .png)): null

2018-12-14 00:01:32 - [TEST_STEP][PASSED] - Statement - counter = counter + 1: null

2018-12-14 00:01:32 - [TEST_STEP][PASSED] - Statement - PreSaveFile = new java.io.File(((pathPrefix + java.lang.Integer.toString(counter)) + .png)): null

2018-12-14 00:01:32 - [TEST_STEP][PASSED] - Statement - counter = counter + 1: null

2018-12-14 00:01:32 - [TEST_STEP][PASSED] - Statement - PreSaveFile = new java.io.File(((pathPrefix + java.lang.Integer.toString(counter)) + .png)): null

2018-12-14 00:01:32 - [TEST_STEP][PASSED] - Statement - counter = counter + 1: null

2018-12-14 00:01:32 - [TEST_STEP][PASSED] - Statement - PreSaveFile = new java.io.File(((pathPrefix + java.lang.Integer.toString(counter)) + .png)): null

2018-12-14 00:01:32 - [TEST_STEP][PASSED] - Statement - counter = counter + 1: null

2018-12-14 00:01:32 - [TEST_STEP][PASSED] - Statement - PreSaveFile = new java.io.File(((pathPrefix + java.lang.Integer.toString(counter)) + .png)): null

2018-12-14 00:01:32 - [TEST_STEP][PASSED] - Statement - counter = counter + 1: null

2018-12-14 00:01:32 - [TEST_STEP][PASSED] - Statement - PreSaveFile = new java.io.File(((pathPrefix + java.lang.Integer.toString(counter)) + .png)): null

2018-12-14 00:01:32 - [TEST_STEP][PASSED] - Statement - counter = counter + 1: null

2018-12-14 00:01:32 - [TEST_STEP][PASSED] - Statement - PreSaveFile = new java.io.File(((pathPrefix + java.lang.Integer.toString(counter)) + .png)): null

2018-12-14 00:01:32 - [TEST_STEP][PASSED] - Statement - counter = counter + 1: null

2018-12-14 00:01:32 - [TEST_STEP][PASSED] - Statement - PreSaveFile = new java.io.File(((pathPrefix + java.lang.Integer.toString(counter)) + .png)): null

2018-12-14 00:01:32 - [TEST_STEP][PASSED] - Statement - counter = counter + 1: null

2018-12-14 00:01:32 - [TEST_STEP][PASSED] - Statement - PreSaveFile = new java.io.File(((pathPrefix + java.lang.Integer.toString(counter)) + .png)): null

2018-12-14 00:01:32 - [TEST_STEP][PASSED] - Statement - counter = counter + 1: null

2018-12-14 00:01:32 - [TEST_STEP][PASSED] - Statement - PreSaveFile = new java.io.File(((pathPrefix + java.lang.Integer.toString(counter)) + .png)): null

2018-12-14 00:01:32 - [TEST_STEP][PASSED] - Statement - counter = counter + 1: null

2018-12-14 00:01:32 - [TEST_STEP][PASSED] - Statement - PreSaveFile = new java.io.File(((pathPrefix + java.lang.Integer.toString(counter)) + .png)): null

2018-12-14 00:01:32 - [TEST_STEP][PASSED] - Statement - counter = counter + 1: null

2018-12-14 00:01:32 - [TEST_STEP][PASSED] - Statement - PreSaveFile = new java.io.File(((pathPrefix + java.lang.Integer.toString(counter)) + .png)): null

2018-12-14 00:01:32 - [TEST_STEP][PASSED] - Statement - counter = counter + 1: null

2018-12-14 00:01:32 - [TEST_STEP][PASSED] - Statement - PreSaveFile = new java.io.File(((pathPrefix + java.lang.Integer.toString(counter)) + .png)): null

2018-12-14 00:01:32 - [TEST_STEP][PASSED] - Statement - counter = counter + 1: null

2018-12-14 00:01:32 - [TEST_STEP][PASSED] - Statement - PreSaveFile = new java.io.File(((pathPrefix + java.lang.Integer.toString(counter)) + .png)): null

2018-12-14 00:01:32 - [TEST_STEP][PASSED] - Statement - counter = counter + 1: null

2018-12-14 00:01:32 - [TEST_STEP][PASSED] - Statement - PreSaveFile = new java.io.File(((pathPrefix + java.lang.Integer.toString(counter)) + .png)): null

2018-12-14 00:01:32 - [TEST_STEP][PASSED] - Statement - counter = counter + 1: null

2018-12-14 00:01:32 - [TEST_STEP][PASSED] - Statement - PreSaveFile = new java.io.File(((pathPrefix + java.lang.Integer.toString(counter)) + .png)): null

2018-12-14 00:01:32 - [TEST_STEP][PASSED] - Statement - counter = counter + 1: null

2018-12-14 00:01:32 - [TEST_STEP][PASSED] - Statement - PreSaveFile = new java.io.File(((pathPrefix + java.lang.Integer.toString(counter)) + .png)): null

2018-12-14 00:01:32 - [TEST_STEP][PASSED] - Statement - counter = counter + 1: null

2018-12-14 00:01:32 - [TEST_STEP][PASSED] - Statement - PreSaveFile = new java.io.File(((pathPrefix + java.lang.Integer.toString(counter)) + .png)): null

2018-12-14 00:01:32 - [TEST_STEP][PASSED] - Statement - counter = counter + 1: null

2018-12-14 00:01:32 - [TEST_STEP][PASSED] - Statement - PreSaveFile = new java.io.File(((pathPrefix + java.lang.Integer.toString(counter)) + .png)): null

2018-12-14 00:01:32 - [TEST_STEP][PASSED] - Statement - counter = counter + 1: null

2018-12-14 00:01:32 - [TEST_STEP][PASSED] - Statement - PreSaveFile = new java.io.File(((pathPrefix + java.lang.Integer.toString(counter)) + .png)): null

2018-12-14 00:01:32 - [TEST_STEP][PASSED] - Statement - counter = counter + 1: null

2018-12-14 00:01:32 - [TEST_STEP][PASSED] - Statement - PreSaveFile = new java.io.File(((pathPrefix + java.lang.Integer.toString(counter)) + .png)): null

2018-12-14 00:01:32 - [TEST_STEP][PASSED] - Statement - counter = counter + 1: null

2018-12-14 00:01:32 - [TEST_STEP][PASSED] - Statement - PreSaveFile = new java.io.File(((pathPrefix + java.lang.Integer.toString(counter)) + .png)): null

2018-12-14 00:01:32 - [TEST_STEP][PASSED] - Statement - counter = counter + 1: null

2018-12-14 00:01:32 - [TEST_STEP][PASSED] - Statement - PreSaveFile = new java.io.File(((pathPrefix + java.lang.Integer.toString(counter)) + .png)): null

2018-12-14 00:01:32 - [TEST_STEP][PASSED] - Statement - counter = counter + 1: null

2018-12-14 00:01:32 - [TEST_STEP][PASSED] - Statement - PreSaveFile = new java.io.File(((pathPrefix + java.lang.Integer.toString(counter)) + .png)): null

2018-12-14 00:01:32 - [TEST_STEP][PASSED] - Statement - counter = counter + 1: null

2018-12-14 00:01:32 - [TEST_STEP][PASSED] - Statement - PreSaveFile = new java.io.File(((pathPrefix + java.lang.Integer.toString(counter)) + .png)): null

2018-12-14 00:01:32 - [TEST_STEP][PASSED] - Statement - counter = counter + 1: null

2018-12-14 00:01:32 - [TEST_STEP][PASSED] - Statement - PreSaveFile = new java.io.File(((pathPrefix + java.lang.Integer.toString(counter)) + .png)): null

2018-12-14 00:01:32 - [TEST_STEP][PASSED] - Statement - counter = counter + 1: null

2018-12-14 00:01:32 - [TEST_STEP][PASSED] - Statement - PreSaveFile = new java.io.File(((pathPrefix + java.lang.Integer.toString(counter)) + .png)): null

2018-12-14 00:01:32 - [TEST_STEP][PASSED] - Statement - counter = counter + 1: null

2018-12-14 00:01:32 - [TEST_STEP][PASSED] - Statement - PreSaveFile = new java.io.File(((pathPrefix + java.lang.Integer.toString(counter)) + .png)): null

2018-12-14 00:01:32 - [TEST_STEP][PASSED] - Statement - counter = counter + 1: null

2018-12-14 00:01:32 - [TEST_STEP][PASSED] - Statement - PreSaveFile = new java.io.File(((pathPrefix + java.lang.Integer.toString(counter)) + .png)): null

2018-12-14 00:01:32 - [TEST_STEP][PASSED] - Statement - counter = counter + 1: null

2018-12-14 00:01:32 - [TEST_STEP][PASSED] - Statement - PreSaveFile = new java.io.File(((pathPrefix + java.lang.Integer.toString(counter)) + .png)): null

2018-12-14 00:01:32 - [TEST_STEP][PASSED] - Statement - counter = counter + 1: null

2018-12-14 00:01:32 - [TEST_STEP][PASSED] - Statement - PreSaveFile = new java.io.File(((pathPrefix + java.lang.Integer.toString(counter)) + .png)): null

2018-12-14 00:01:32 - [TEST_STEP][PASSED] - Statement - counter = counter + 1: null

2018-12-14 00:01:32 - [TEST_STEP][PASSED] - Statement - PreSaveFile = new java.io.File(((pathPrefix + java.lang.Integer.toString(counter)) + .png)): null

2018-12-14 00:01:32 - [TEST_STEP][PASSED] - Statement - counter = counter + 1: null

2018-12-14 00:01:32 - [TEST_STEP][PASSED] - Statement - PreSaveFile = new java.io.File(((pathPrefix + java.lang.Integer.toString(counter)) + .png)): null

2018-12-14 00:01:32 - [TEST_STEP][PASSED] - Statement - counter = counter + 1: null

2018-12-14 00:01:32 - [TEST_STEP][PASSED] - Statement - PreSaveFile = new java.io.File(((pathPrefix + java.lang.Integer.toString(counter)) + .png)): null

2018-12-14 00:01:32 - [TEST_STEP][PASSED] - Statement - counter = counter + 1: null

2018-12-14 00:01:32 - [TEST_STEP][PASSED] - Statement - PreSaveFile = new java.io.File(((pathPrefix + java.lang.Integer.toString(counter)) + .png)): null

2018-12-14 00:01:32 - [TEST_STEP][PASSED] - Statement - counter = counter + 1: null

2018-12-14 00:01:32 - [TEST_STEP][PASSED] - Statement - PreSaveFile = new java.io.File(((pathPrefix + java.lang.Integer.toString(counter)) + .png)): null

2018-12-14 00:01:32 - [TEST_STEP][PASSED] - Statement - counter = counter + 1: null

2018-12-14 00:01:32 - [TEST_STEP][PASSED] - Statement - PreSaveFile = new java.io.File(((pathPrefix + java.lang.Integer.toString(counter)) + .png)): null

2018-12-14 00:01:32 - [TEST_STEP][PASSED] - Statement - counter = counter + 1: null

2018-12-14 00:01:32 - [TEST_STEP][PASSED] - Statement - PreSaveFile = new java.io.File(((pathPrefix + java.lang.Integer.toString(counter)) + .png)): null

2018-12-14 00:01:32 - [TEST_STEP][PASSED] - Statement - counter = counter + 1: null

2018-12-14 00:01:32 - [TEST_STEP][PASSED] - Statement - PreSaveFile = new java.io.File(((pathPrefix + java.lang.Integer.toString(counter)) + .png)): null

2018-12-14 00:01:32 - [TEST_STEP][PASSED] - Statement - counter = counter + 1: null

2018-12-14 00:01:32 - [TEST_STEP][PASSED] - Statement - PreSaveFile = new java.io.File(((pathPrefix + java.lang.Integer.toString(counter)) + .png)): null

2018-12-14 00:01:32 - [TEST_STEP][PASSED] - Statement - counter = counter + 1: null

2018-12-14 00:01:32 - [TEST_STEP][PASSED] - Statement - PreSaveFile = new java.io.File(((pathPrefix + java.lang.Integer.toString(counter)) + .png)): null

2018-12-14 00:01:32 - [TEST_STEP][PASSED] - Statement - counter = counter + 1: null

2018-12-14 00:01:32 - [TEST_STEP][PASSED] - Statement - PreSaveFile = new java.io.File(((pathPrefix + java.lang.Integer.toString(counter)) + .png)): null

2018-12-14 00:01:32 - [TEST_STEP][PASSED] - Statement - counter = counter + 1: null

2018-12-14 00:01:32 - [TEST_STEP][PASSED] - Statement - PreSaveFile = new java.io.File(((pathPrefix + java.lang.Integer.toString(counter)) + .png)): null

2018-12-14 00:01:32 - [TEST_STEP][PASSED] - Statement - counter = counter + 1: null

2018-12-14 00:01:32 - [TEST_STEP][PASSED] - Statement - PreSaveFile = new java.io.File(((pathPrefix + java.lang.Integer.toString(counter)) + .png)): null

2018-12-14 00:01:32 - [TEST_STEP][PASSED] - Statement - counter = counter + 1: null

2018-12-14 00:01:32 - [TEST_STEP][PASSED] - Statement - PreSaveFile = new java.io.File(((pathPrefix + java.lang.Integer.toString(counter)) + .png)): null

2018-12-14 00:01:32 - [TEST_STEP][PASSED] - Statement - counter = counter + 1: null

2018-12-14 00:01:32 - [TEST_STEP][PASSED] - Statement - PreSaveFile = new java.io.File(((pathPrefix + java.lang.Integer.toString(counter)) + .png)): null

2018-12-14 00:01:32 - [TEST_STEP][PASSED] - Statement - counter = counter + 1: null

2018-12-14 00:01:32 - [TEST_STEP][PASSED] - Statement - PreSaveFile = new java.io.File(((pathPrefix + java.lang.Integer.toString(counter)) + .png)): null

2018-12-14 00:01:32 - [TEST_STEP][PASSED] - Statement - counter = counter + 1: null

2018-12-14 00:01:32 - [TEST_STEP][PASSED] - Statement - PreSaveFile = new java.io.File(((pathPrefix + java.lang.Integer.toString(counter)) + .png)): null

2018-12-14 00:01:32 - [TEST_STEP][PASSED] - Statement - counter = counter + 1: null

2018-12-14 00:01:32 - [TEST_STEP][PASSED] - Statement - PreSaveFile = new java.io.File(((pathPrefix + java.lang.Integer.toString(counter)) + .png)): null

2018-12-14 00:01:32 - [TEST_STEP][PASSED] - Statement - counter = counter + 1: null

2018-12-14 00:01:32 - [TEST_STEP][PASSED] - Statement - PreSaveFile = new java.io.File(((pathPrefix + java.lang.Integer.toString(counter)) + .png)): null

2018-12-14 00:01:32 - [TEST_STEP][PASSED] - Statement - counter = counter + 1: null

2018-12-14 00:01:32 - [TEST_STEP][PASSED] - Statement - PreSaveFile = new java.io.File(((pathPrefix + java.lang.Integer.toString(counter)) + .png)): null

2018-12-14 00:01:32 - [TEST_STEP][PASSED] - Statement - counter = counter + 1: null

2018-12-14 00:01:32 - [TEST_STEP][PASSED] - Statement - PreSaveFile = new java.io.File(((pathPrefix + java.lang.Integer.toString(counter)) + .png)): null

2018-12-14 00:01:32 - [TEST_STEP][PASSED] - Statement - counter = counter + 1: null

2018-12-14 00:01:32 - [TEST_STEP][PASSED] - Statement - PreSaveFile = new java.io.File(((pathPrefix + java.lang.Integer.toString(counter)) + .png)): null

2018-12-14 00:01:32 - [TEST_STEP][PASSED] - Statement - counter = counter + 1: null

2018-12-14 00:01:32 - [TEST_STEP][PASSED] - Statement - PreSaveFile = new java.io.File(((pathPrefix + java.lang.Integer.toString(counter)) + .png)): null

2018-12-14 00:01:32 - [TEST_STEP][PASSED] - Statement - counter = counter + 1: null

2018-12-14 00:01:32 - [TEST_STEP][PASSED] - Statement - PreSaveFile = new java.io.File(((pathPrefix + java.lang.Integer.toString(counter)) + .png)): null

2018-12-14 00:01:32 - [TEST_STEP][PASSED] - Statement - counter = counter + 1: null

2018-12-14 00:01:32 - [TEST_STEP][PASSED] - Statement - PreSaveFile = new java.io.File(((pathPrefix + java.lang.Integer.toString(counter)) + .png)): null

2018-12-14 00:01:32 - [TEST_STEP][PASSED] - Statement - counter = counter + 1: null

2018-12-14 00:01:32 - [TEST_STEP][PASSED] - Statement - PreSaveFile = new java.io.File(((pathPrefix + java.lang.Integer.toString(counter)) + .png)): null

2018-12-14 00:01:32 - [TEST_STEP][PASSED] - Statement - counter = counter + 1: null

2018-12-14 00:01:32 - [TEST_STEP][PASSED] - Statement - PreSaveFile = new java.io.File(((pathPrefix + java.lang.Integer.toString(counter)) + .png)): null

2018-12-14 00:01:32 - [TEST_STEP][PASSED] - Statement - counter = counter + 1: null

2018-12-14 00:01:32 - [TEST_STEP][PASSED] - Statement - PreSaveFile = new java.io.File(((pathPrefix + java.lang.Integer.toString(counter)) + .png)): null

2018-12-14 00:01:32 - [TEST_STEP][PASSED] - Statement - counter = counter + 1: null

2018-12-14 00:01:32 - [TEST_STEP][PASSED] - Statement - PreSaveFile = new java.io.File(((pathPrefix + java.lang.Integer.toString(counter)) + .png)): null

2018-12-14 00:01:32 - [TEST_STEP][PASSED] - Statement - counter = counter + 1: null

2018-12-14 00:01:32 - [TEST_STEP][PASSED] - Statement - PreSaveFile = new java.io.File(((pathPrefix + java.lang.Integer.toString(counter)) + .png)): null

2018-12-14 00:01:32 - [TEST_STEP][PASSED] - Statement - counter = counter + 1: null

2018-12-14 00:01:32 - [TEST_STEP][PASSED] - Statement - PreSaveFile = new java.io.File(((pathPrefix + java.lang.Integer.toString(counter)) + .png)): null

2018-12-14 00:01:32 - [TEST_STEP][PASSED] - Statement - counter = counter + 1: null

2018-12-14 00:01:32 - [TEST_STEP][PASSED] - Statement - PreSaveFile = new java.io.File(((pathPrefix + java.lang.Integer.toString(counter)) + .png)): null

2018-12-14 00:01:32 - [TEST_STEP][PASSED] - Statement - counter = counter + 1: null

2018-12-14 00:01:32 - [TEST_STEP][PASSED] - Statement - PreSaveFile = new java.io.File(((pathPrefix + java.lang.Integer.toString(counter)) + .png)): null

2018-12-14 00:01:32 - [TEST_STEP][PASSED] - Statement - counter = counter + 1: null

2018-12-14 00:01:32 - [TEST_STEP][PASSED] - Statement - PreSaveFile = new java.io.File(((pathPrefix + java.lang.Integer.toString(counter)) + .png)): null

2018-12-14 00:01:32 - [TEST_STEP][PASSED] - Statement - counter = counter + 1: null

2018-12-14 00:01:32 - [TEST_STEP][PASSED] - Statement - PreSaveFile = new java.io.File(((pathPrefix + java.lang.Integer.toString(counter)) + .png)): null

2018-12-14 00:01:32 - [TEST_STEP][PASSED] - Statement - counter = counter + 1: null

2018-12-14 00:01:32 - [TEST_STEP][PASSED] - Statement - PreSaveFile = new java.io.File(((pathPrefix + java.lang.Integer.toString(counter)) + .png)): null

2018-12-14 00:01:32 - [TEST_STEP][PASSED] - Statement - counter = counter + 1: null

2018-12-14 00:01:32 - [TEST_STEP][PASSED] - Statement - PreSaveFile = new java.io.File(((pathPrefix + java.lang.Integer.toString(counter)) + .png)): null

2018-12-14 00:01:32 - [TEST_STEP][PASSED] - Statement - counter = counter + 1: null

2018-12-14 00:01:32 - [TEST_STEP][PASSED] - Statement - PreSaveFile = new java.io.File(((pathPrefix + java.lang.Integer.toString(counter)) + .png)): null

2018-12-14 00:01:32 - [TEST_STEP][PASSED] - Statement - counter = counter + 1: null

2018-12-14 00:01:32 - [TEST_STEP][PASSED] - Statement - PreSaveFile = new java.io.File(((pathPrefix + java.lang.Integer.toString(counter)) + .png)): null

2018-12-14 00:01:32 - [TEST_STEP][PASSED] - Statement - counter = counter + 1: null

2018-12-14 00:01:32 - [TEST_STEP][PASSED] - Statement - PreSaveFile = new java.io.File(((pathPrefix + java.lang.Integer.toString(counter)) + .png)): null

2018-12-14 00:01:32 - [TEST_STEP][PASSED] - Statement - counter = counter + 1: null

2018-12-14 00:01:32 - [TEST_STEP][PASSED] - Statement - PreSaveFile = new java.io.File(((pathPrefix + java.lang.Integer.toString(counter)) + .png)): null

2018-12-14 00:01:32 - [TEST_STEP][PASSED] - Statement - counter = counter + 1: null

2018-12-14 00:01:32 - [TEST_STEP][PASSED] - Statement - PreSaveFile = new java.io.File(((pathPrefix + java.lang.Integer.toString(counter)) + .png)): null

2018-12-14 00:01:32 - [TEST_STEP][PASSED] - Statement - counter = counter + 1: null

2018-12-14 00:01:32 - [TEST_STEP][PASSED] - Statement - PreSaveFile = new java.io.File(((pathPrefix + java.lang.Integer.toString(counter)) + .png)): null

2018-12-14 00:01:32 - [TEST_STEP][PASSED] - Statement - counter = counter + 1: null

2018-12-14 00:01:32 - [TEST_STEP][PASSED] - Statement - PreSaveFile = new java.io.File(((pathPrefix + java.lang.Integer.toString(counter)) + .png)): null

2018-12-14 00:01:32 - [TEST_STEP][PASSED] - Statement - counter = counter + 1: null

2018-12-14 00:01:32 - [TEST_STEP][PASSED] - Statement - PreSaveFile = new java.io.File(((pathPrefix + java.lang.Integer.toString(counter)) + .png)): null

2018-12-14 00:01:32 - [TEST_STEP][PASSED] - Statement - counter = counter + 1: null

2018-12-14 00:01:32 - [TEST_STEP][PASSED] - Statement - PreSaveFile = new java.io.File(((pathPrefix + java.lang.Integer.toString(counter)) + .png)): null

2018-12-14 00:01:32 - [TEST_STEP][PASSED] - Statement - counter = counter + 1: null

2018-12-14 00:01:32 - [TEST_STEP][PASSED] - Statement - PreSaveFile = new java.io.File(((pathPrefix + java.lang.Integer.toString(counter)) + .png)): null

2018-12-14 00:01:33 - [TEST_STEP][PASSED] - Statement - counter = counter + 1: null

2018-12-14 00:01:33 - [TEST_STEP][PASSED] - Statement - PreSaveFile = new java.io.File(((pathPrefix + java.lang.Integer.toString(counter)) + .png)): null

2018-12-14 00:01:33 - [TEST_STEP][PASSED] - Statement - counter = counter + 1: null

2018-12-14 00:01:33 - [TEST_STEP][PASSED] - Statement - PreSaveFile = new java.io.File(((pathPrefix + java.lang.Integer.toString(counter)) + .png)): null

2018-12-14 00:01:33 - [TEST_STEP][PASSED] - Statement - counter = counter + 1: null

2018-12-14 00:01:33 - [TEST_STEP][PASSED] - Statement - PreSaveFile = new java.io.File(((pathPrefix + java.lang.Integer.toString(counter)) + .png)): null

2018-12-14 00:01:33 - [TEST_STEP][PASSED] - Statement - counter = counter + 1: null

2018-12-14 00:01:33 - [TEST_STEP][PASSED] - Statement - PreSaveFile = new java.io.File(((pathPrefix + java.lang.Integer.toString(counter)) + .png)): null

2018-12-14 00:01:33 - [TEST_STEP][PASSED] - Statement - counter = counter + 1: null

2018-12-14 00:01:33 - [TEST_STEP][PASSED] - Statement - PreSaveFile = new java.io.File(((pathPrefix + java.lang.Integer.toString(counter)) + .png)): null

2018-12-14 00:01:33 - [TEST_STEP][PASSED] - Statement - counter = counter + 1: null

2018-12-14 00:01:33 - [TEST_STEP][PASSED] - Statement - PreSaveFile = new java.io.File(((pathPrefix + java.lang.Integer.toString(counter)) + .png)): null

2018-12-14 00:01:33 - [TEST_STEP][PASSED] - Statement - counter = counter + 1: null

2018-12-14 00:01:33 - [TEST_STEP][PASSED] - Statement - PreSaveFile = new java.io.File(((pathPrefix + java.lang.Integer.toString(counter)) + .png)): null

2018-12-14 00:01:33 - [TEST_STEP][PASSED] - Statement - counter = counter + 1: null

2018-12-14 00:01:33 - [TEST_STEP][PASSED] - Statement - PreSaveFile = new java.io.File(((pathPrefix + java.lang.Integer.toString(counter)) + .png)): null

2018-12-14 00:01:33 - [TEST_STEP][PASSED] - Statement - counter = counter + 1: null

2018-12-14 00:01:33 - [TEST_STEP][PASSED] - Statement - PreSaveFile = new java.io.File(((pathPrefix + java.lang.Integer.toString(counter)) + .png)): null

2018-12-14 00:01:33 - [TEST_STEP][PASSED] - Statement - counter = counter + 1: null

2018-12-14 00:01:33 - [TEST_STEP][PASSED] - Statement - PreSaveFile = new java.io.File(((pathPrefix + java.lang.Integer.toString(counter)) + .png)): null

2018-12-14 00:01:33 - [TEST_STEP][PASSED] - Statement - counter = counter + 1: null

2018-12-14 00:01:33 - [TEST_STEP][PASSED] - Statement - PreSaveFile = new java.io.File(((pathPrefix + java.lang.Integer.toString(counter)) + .png)): null

2018-12-14 00:01:33 - [TEST_STEP][PASSED] - Statement - counter = counter + 1: null

2018-12-14 00:01:33 - [TEST_STEP][PASSED] - Statement - PreSaveFile = new java.io.File(((pathPrefix + java.lang.Integer.toString(counter)) + .png)): null

2018-12-14 00:01:33 - [TEST_STEP][PASSED] - Statement - counter = counter + 1: null

2018-12-14 00:01:33 - [TEST_STEP][PASSED] - Statement - PreSaveFile = new java.io.File(((pathPrefix + java.lang.Integer.toString(counter)) + .png)): null

2018-12-14 00:01:33 - [TEST_STEP][PASSED] - Statement - counter = counter + 1: null

2018-12-14 00:01:33 - [TEST_STEP][PASSED] - Statement - PreSaveFile = new java.io.File(((pathPrefix + java.lang.Integer.toString(counter)) + .png)): null

2018-12-14 00:01:33 - [TEST_STEP][PASSED] - Statement - counter = counter + 1: null

2018-12-14 00:01:33 - [TEST_STEP][PASSED] - Statement - PreSaveFile = new java.io.File(((pathPrefix + java.lang.Integer.toString(counter)) + .png)): null

2018-12-14 00:01:33 - [TEST_STEP][PASSED] - Statement - counter = counter + 1: null

2018-12-14 00:01:33 - [TEST_STEP][PASSED] - Statement - PreSaveFile = new java.io.File(((pathPrefix + java.lang.Integer.toString(counter)) + .png)): null

2018-12-14 00:01:33 - [TEST_STEP][PASSED] - Statement - counter = counter + 1: null

2018-12-14 00:01:33 - [TEST_STEP][PASSED] - Statement - PreSaveFile = new java.io.File(((pathPrefix + java.lang.Integer.toString(counter)) + .png)): null

2018-12-14 00:01:33 - [TEST_STEP][PASSED] - Statement - counter = counter + 1: null

2018-12-14 00:01:33 - [TEST_STEP][PASSED] - Statement - PreSaveFile = new java.io.File(((pathPrefix + java.lang.Integer.toString(counter)) + .png)): null

2018-12-14 00:01:33 - [TEST_STEP][PASSED] - Statement - counter = counter + 1: null

2018-12-14 00:01:33 - [TEST_STEP][PASSED] - Statement - PreSaveFile = new java.io.File(((pathPrefix + java.lang.Integer.toString(counter)) + .png)): null

2018-12-14 00:01:33 - [TEST_STEP][PASSED] - Statement - counter = counter + 1: null

2018-12-14 00:01:33 - [TEST_STEP][PASSED] - Statement - PreSaveFile = new java.io.File(((pathPrefix + java.lang.Integer.toString(counter)) + .png)): null

2018-12-14 00:01:33 - [TEST_STEP][PASSED] - Statement - counter = counter + 1: null

2018-12-14 00:01:33 - [TEST_STEP][PASSED] - Statement - PreSaveFile = new java.io.File(((pathPrefix + java.lang.Integer.toString(counter)) + .png)): null

2018-12-14 00:01:33 - [TEST_STEP][PASSED] - Statement - counter = counter + 1: null

2018-12-14 00:01:33 - [TEST_STEP][PASSED] - Statement - PreSaveFile = new java.io.File(((pathPrefix + java.lang.Integer.toString(counter)) + .png)): null

2018-12-14 00:01:33 - [TEST_STEP][PASSED] - Statement - counter = counter + 1: null

2018-12-14 00:01:33 - [TEST_STEP][PASSED] - Statement - PreSaveFile = new java.io.File(((pathPrefix + java.lang.Integer.toString(counter)) + .png)): null

2018-12-14 00:01:33 - [TEST_STEP][PASSED] - Statement - counter = counter + 1: null

2018-12-14 00:01:33 - [TEST_STEP][PASSED] - Statement - PreSaveFile = new java.io.File(((pathPrefix + java.lang.Integer.toString(counter)) + .png)): null

2018-12-14 00:01:33 - [TEST_STEP][PASSED] - Statement - counter = counter + 1: null

2018-12-14 00:01:33 - [TEST_STEP][PASSED] - Statement - PreSaveFile = new java.io.File(((pathPrefix + java.lang.Integer.toString(counter)) + .png)): null

2018-12-14 00:01:33 - [TEST_STEP][PASSED] - Statement - counter = counter + 1: null

2018-12-14 00:01:33 - [TEST_STEP][PASSED] - Statement - PreSaveFile = new java.io.File(((pathPrefix + java.lang.Integer.toString(counter)) + .png)): null

2018-12-14 00:01:33 - [TEST_STEP][PASSED] - Statement - counter = counter + 1: null

2018-12-14 00:01:33 - [TEST_STEP][PASSED] - Statement - PreSaveFile = new java.io.File(((pathPrefix + java.lang.Integer.toString(counter)) + .png)): null

2018-12-14 00:01:33 - [TEST_STEP][PASSED] - Statement - counter = counter + 1: null

2018-12-14 00:01:33 - [TEST_STEP][PASSED] - Statement - PreSaveFile = new java.io.File(((pathPrefix + java.lang.Integer.toString(counter)) + .png)): null

2018-12-14 00:01:33 - [TEST_STEP][PASSED] - Statement - counter = counter + 1: null

2018-12-14 00:01:33 - [TEST_STEP][PASSED] - Statement - PreSaveFile = new java.io.File(((pathPrefix + java.lang.Integer.toString(counter)) + .png)): null

2018-12-14 00:01:33 - [TEST_STEP][PASSED] - Statement - counter = counter + 1: null

2018-12-14 00:01:33 - [TEST_STEP][PASSED] - Statement - PreSaveFile = new java.io.File(((pathPrefix + java.lang.Integer.toString(counter)) + .png)): null

2018-12-14 00:01:33 - [TEST_STEP][PASSED] - Statement - counter = counter + 1: null

2018-12-14 00:01:33 - [TEST_STEP][PASSED] - Statement - PreSaveFile = new java.io.File(((pathPrefix + java.lang.Integer.toString(counter)) + .png)): null

2018-12-14 00:01:33 - [TEST_STEP][PASSED] - Statement - counter = counter + 1: null

2018-12-14 00:01:33 - [TEST_STEP][PASSED] - Statement - PreSaveFile = new java.io.File(((pathPrefix + java.lang.Integer.toString(counter)) + .png)): null

2018-12-14 00:01:33 - [TEST_STEP][PASSED] - Statement - counter = counter + 1: null

2018-12-14 00:01:33 - [TEST_STEP][PASSED] - Statement - PreSaveFile = new java.io.File(((pathPrefix + java.lang.Integer.toString(counter)) + .png)): null

2018-12-14 00:01:33 - [TEST_STEP][PASSED] - Statement - counter = counter + 1: null

2018-12-14 00:01:33 - [TEST_STEP][PASSED] - Statement - PreSaveFile = new java.io.File(((pathPrefix + java.lang.Integer.toString(counter)) + .png)): null

2018-12-14 00:01:33 - [TEST_STEP][PASSED] - Statement - counter = counter + 1: null

2018-12-14 00:01:33 - [TEST_STEP][PASSED] - Statement - PreSaveFile = new java.io.File(((pathPrefix + java.lang.Integer.toString(counter)) + .png)): null

2018-12-14 00:01:33 - [TEST_STEP][PASSED] - Statement - counter = counter + 1: null

2018-12-14 00:01:33 - [TEST_STEP][PASSED] - Statement - PreSaveFile = new java.io.File(((pathPrefix + java.lang.Integer.toString(counter)) + .png)): null

2018-12-14 00:01:33 - [TEST_STEP][PASSED] - Statement - counter = counter + 1: null

2018-12-14 00:01:33 - [TEST_STEP][PASSED] - Statement - PreSaveFile = new java.io.File(((pathPrefix + java.lang.Integer.toString(counter)) + .png)): null

2018-12-14 00:01:33 - [TEST_STEP][PASSED] - Statement - counter = counter + 1: null

2018-12-14 00:01:33 - [TEST_STEP][PASSED] - Statement - PreSaveFile = new java.io.File(((pathPrefix + java.lang.Integer.toString(counter)) + .png)): null

2018-12-14 00:01:33 - [TEST_STEP][PASSED] - Statement - counter = counter + 1: null

2018-12-14 00:01:33 - [TEST_STEP][PASSED] - Statement - PreSaveFile = new java.io.File(((pathPrefix + java.lang.Integer.toString(counter)) + .png)): null

2018-12-14 00:01:33 - [TEST_STEP][PASSED] - Statement - counter = counter + 1: null

2018-12-14 00:01:33 - [TEST_STEP][PASSED] - Statement - PreSaveFile = new java.io.File(((pathPrefix + java.lang.Integer.toString(counter)) + .png)): null

2018-12-14 00:01:33 - [TEST_STEP][PASSED] - Statement - counter = counter + 1: null

2018-12-14 00:01:33 - [TEST_STEP][PASSED] - Statement - PreSaveFile = new java.io.File(((pathPrefix + java.lang.Integer.toString(counter)) + .png)): null

2018-12-14 00:01:33 - [TEST_STEP][PASSED] - Statement - counter = counter + 1: null

2018-12-14 00:01:33 - [TEST_STEP][PASSED] - Statement - PreSaveFile = new java.io.File(((pathPrefix + java.lang.Integer.toString(counter)) + .png)): null

2018-12-14 00:01:33 - [TEST_STEP][PASSED] - Statement - counter = counter + 1: null

2018-12-14 00:01:33 - [TEST_STEP][PASSED] - Statement - PreSaveFile = new java.io.File(((pathPrefix + java.lang.Integer.toString(counter)) + .png)): null

2018-12-14 00:01:33 - [TEST_STEP][PASSED] - Statement - counter = counter + 1: null

2018-12-14 00:01:33 - [TEST_STEP][PASSED] - Statement - PreSaveFile = new java.io.File(((pathPrefix + java.lang.Integer.toString(counter)) + .png)): null

2018-12-14 00:01:33 - [TEST_STEP][PASSED] - Statement - counter = counter + 1: null

2018-12-14 00:01:33 - [TEST_STEP][PASSED] - Statement - PreSaveFile = new java.io.File(((pathPrefix + java.lang.Integer.toString(counter)) + .png)): null

2018-12-14 00:01:33 - [TEST_STEP][PASSED] - Statement - counter = counter + 1: null

2018-12-14 00:01:33 - [TEST_STEP][PASSED] - Statement - PreSaveFile = new java.io.File(((pathPrefix + java.lang.Integer.toString(counter)) + .png)): null

2018-12-14 00:01:33 - [TEST_STEP][PASSED] - Statement - counter = counter + 1: null

2018-12-14 00:01:33 - [TEST_STEP][PASSED] - Statement - PreSaveFile = new java.io.File(((pathPrefix + java.lang.Integer.toString(counter)) + .png)): null

2018-12-14 00:01:33 - [TEST_STEP][PASSED] - Statement - counter = counter + 1: null

2018-12-14 00:01:33 - [TEST_STEP][PASSED] - Statement - PreSaveFile = new java.io.File(((pathPrefix + java.lang.Integer.toString(counter)) + .png)): null

2018-12-14 00:01:33 - [TEST_STEP][PASSED] - Statement - counter = counter + 1: null

2018-12-14 00:01:33 - [TEST_STEP][PASSED] - Statement - PreSaveFile = new java.io.File(((pathPrefix + java.lang.Integer.toString(counter)) + .png)): null

2018-12-14 00:01:33 - [TEST_STEP][PASSED] - Statement - counter = counter + 1: null

2018-12-14 00:01:33 - [TEST_STEP][PASSED] - Statement - PreSaveFile = new java.io.File(((pathPrefix + java.lang.Integer.toString(counter)) + .png)): null

2018-12-14 00:01:33 - [TEST_STEP][PASSED] - Statement - counter = counter + 1: null

2018-12-14 00:01:33 - [TEST_STEP][PASSED] - Statement - PreSaveFile = new java.io.File(((pathPrefix + java.lang.Integer.toString(counter)) + .png)): null

2018-12-14 00:01:33 - [TEST_STEP][PASSED] - Statement - counter = counter + 1: null

2018-12-14 00:01:33 - [TEST_STEP][PASSED] - Statement - PreSaveFile = new java.io.File(((pathPrefix + java.lang.Integer.toString(counter)) + .png)): null

2018-12-14 00:01:33 - [TEST_STEP][PASSED] - Statement - counter = counter + 1: null

2018-12-14 00:01:33 - [TEST_STEP][PASSED] - Statement - PreSaveFile = new java.io.File(((pathPrefix + java.lang.Integer.toString(counter)) + .png)): null

2018-12-14 00:01:33 - [TEST_STEP][PASSED] - Statement - counter = counter + 1: null

2018-12-14 00:01:33 - [TEST_STEP][PASSED] - Statement - PreSaveFile = new java.io.File(((pathPrefix + java.lang.Integer.toString(counter)) + .png)): null

2018-12-14 00:01:33 - [TEST_STEP][PASSED] - Statement - counter = counter + 1: null

2018-12-14 00:01:33 - [TEST_STEP][PASSED] - Statement - PreSaveFile = new java.io.File(((pathPrefix + java.lang.Integer.toString(counter)) + .png)): null

2018-12-14 00:01:33 - [TEST_STEP][PASSED] - Statement - counter = counter + 1: null

2018-12-14 00:01:33 - [TEST_STEP][PASSED] - Statement - PreSaveFile = new java.io.File(((pathPrefix + java.lang.Integer.toString(counter)) + .png)): null

2018-12-14 00:01:33 - [TEST_STEP][PASSED] - Statement - counter = counter + 1: null

2018-12-14 00:01:33 - [TEST_STEP][PASSED] - Statement - PreSaveFile = new java.io.File(((pathPrefix + java.lang.Integer.toString(counter)) + .png)): null

2018-12-14 00:01:33 - [TEST_STEP][PASSED] - Statement - counter = counter + 1: null

2018-12-14 00:01:33 - [TEST_STEP][PASSED] - Statement - PreSaveFile = new java.io.File(((pathPrefix + java.lang.Integer.toString(counter)) + .png)): null

2018-12-14 00:01:33 - [TEST_STEP][PASSED] - Statement - counter = counter + 1: null

2018-12-14 00:01:33 - [TEST_STEP][PASSED] - Statement - PreSaveFile = new java.io.File(((pathPrefix + java.lang.Integer.toString(counter)) + .png)): null

2018-12-14 00:01:33 - [TEST_STEP][PASSED] - Statement - counter = counter + 1: null

2018-12-14 00:01:33 - [TEST_STEP][PASSED] - Statement - PreSaveFile = new java.io.File(((pathPrefix + java.lang.Integer.toString(counter)) + .png)): null

2018-12-14 00:01:33 - [TEST_STEP][PASSED] - Statement - counter = counter + 1: null

2018-12-14 00:01:33 - [TEST_STEP][PASSED] - Statement - PreSaveFile = new java.io.File(((pathPrefix + java.lang.Integer.toString(counter)) + .png)): null

2018-12-14 00:01:33 - [TEST_STEP][PASSED] - Statement - counter = counter + 1: null

2018-12-14 00:01:33 - [TEST_STEP][PASSED] - Statement - PreSaveFile = new java.io.File(((pathPrefix + java.lang.Integer.toString(counter)) + .png)): null

2018-12-14 00:01:33 - [TEST_STEP][PASSED] - Statement - counter = counter + 1: null

2018-12-14 00:01:33 - [TEST_STEP][PASSED] - Statement - PreSaveFile = new java.io.File(((pathPrefix + java.lang.Integer.toString(counter)) + .png)): null

2018-12-14 00:01:33 - [TEST_STEP][PASSED] - Statement - counter = counter + 1: null

2018-12-14 00:01:33 - [TEST_STEP][PASSED] - Statement - PreSaveFile = new java.io.File(((pathPrefix + java.lang.Integer.toString(counter)) + .png)): null

2018-12-14 00:01:33 - [TEST_STEP][PASSED] - Statement - counter = counter + 1: null

2018-12-14 00:01:33 - [TEST_STEP][PASSED] - Statement - PreSaveFile = new java.io.File(((pathPrefix + java.lang.Integer.toString(counter)) + .png)): null

2018-12-14 00:01:33 - [TEST_STEP][PASSED] - Statement - counter = counter + 1: null

2018-12-14 00:01:33 - [TEST_STEP][PASSED] - Statement - PreSaveFile = new java.io.File(((pathPrefix + java.lang.Integer.toString(counter)) + .png)): null

2018-12-14 00:01:33 - [TEST_STEP][PASSED] - Statement - counter = counter + 1: null

2018-12-14 00:01:33 - [TEST_STEP][PASSED] - Statement - PreSaveFile = new java.io.File(((pathPrefix + java.lang.Integer.toString(counter)) + .png)): null

2018-12-14 00:01:33 - [TEST_STEP][PASSED] - Statement - counter = counter + 1: null

2018-12-14 00:01:33 - [TEST_STEP][PASSED] - Statement - PreSaveFile = new java.io.File(((pathPrefix + java.lang.Integer.toString(counter)) + .png)): null

2018-12-14 00:01:33 - [TEST_STEP][PASSED] - Statement - counter = counter + 1: null

2018-12-14 00:01:33 - [TEST_STEP][PASSED] - Statement - PreSaveFile = new java.io.File(((pathPrefix + java.lang.Integer.toString(counter)) + .png)): null

2018-12-14 00:01:33 - [TEST_STEP][PASSED] - Statement - counter = counter + 1: null

2018-12-14 00:01:33 - [TEST_STEP][PASSED] - Statement - PreSaveFile = new java.io.File(((pathPrefix + java.lang.Integer.toString(counter)) + .png)): null

2018-12-14 00:01:33 - [TEST_STEP][PASSED] - Statement - counter = counter + 1: null

2018-12-14 00:01:33 - [TEST_STEP][PASSED] - Statement - PreSaveFile = new java.io.File(((pathPrefix + java.lang.Integer.toString(counter)) + .png)): null

2018-12-14 00:01:33 - [TEST_STEP][PASSED] - Statement - counter = counter + 1: null

2018-12-14 00:01:33 - [TEST_STEP][PASSED] - Statement - PreSaveFile = new java.io.File(((pathPrefix + java.lang.Integer.toString(counter)) + .png)): null

2018-12-14 00:01:33 - [TEST_STEP][PASSED] - Statement - counter = counter + 1: null

2018-12-14 00:01:33 - [TEST_STEP][PASSED] - Statement - PreSaveFile = new java.io.File(((pathPrefix + java.lang.Integer.toString(counter)) + .png)): null

2018-12-14 00:01:33 - [TEST_STEP][PASSED] - Statement - counter = counter + 1: null

2018-12-14 00:01:33 - [TEST_STEP][PASSED] - Statement - PreSaveFile = new java.io.File(((pathPrefix + java.lang.Integer.toString(counter)) + .png)): null

2018-12-14 00:01:33 - [TEST_STEP][PASSED] - Statement - counter = counter + 1: null

2018-12-14 00:01:33 - [TEST_STEP][PASSED] - Statement - PreSaveFile = new java.io.File(((pathPrefix + java.lang.Integer.toString(counter)) + .png)): null

2018-12-14 00:01:33 - [TEST_STEP][PASSED] - Statement - counter = counter + 1: null

2018-12-14 00:01:33 - [TEST_STEP][PASSED] - Statement - PreSaveFile = new java.io.File(((pathPrefix + java.lang.Integer.toString(counter)) + .png)): null

2018-12-14 00:01:33 - [TEST_STEP][PASSED] - Statement - counter = counter + 1: null

2018-12-14 00:01:33 - [TEST_STEP][PASSED] - Statement - PreSaveFile = new java.io.File(((pathPrefix + java.lang.Integer.toString(counter)) + .png)): null

2018-12-14 00:01:33 - [TEST_STEP][PASSED] - Statement - counter = counter + 1: null

2018-12-14 00:01:33 - [TEST_STEP][PASSED] - Statement - PreSaveFile = new java.io.File(((pathPrefix + java.lang.Integer.toString(counter)) + .png)): null

2018-12-14 00:01:33 - [TEST_STEP][PASSED] - Statement - counter = counter + 1: null

2018-12-14 00:01:33 - [TEST_STEP][PASSED] - Statement - PreSaveFile = new java.io.File(((pathPrefix + java.lang.Integer.toString(counter)) + .png)): null

2018-12-14 00:01:33 - [TEST_STEP][PASSED] - Statement - counter = counter + 1: null

2018-12-14 00:01:33 - [TEST_STEP][PASSED] - Statement - PreSaveFile = new java.io.File(((pathPrefix + java.lang.Integer.toString(counter)) + .png)): null

2018-12-14 00:01:33 - [TEST_STEP][PASSED] - Statement - counter = counter + 1: null

2018-12-14 00:01:33 - [TEST_STEP][PASSED] - Statement - PreSaveFile = new java.io.File(((pathPrefix + java.lang.Integer.toString(counter)) + .png)): null

2018-12-14 00:01:33 - [TEST_STEP][PASSED] - Statement - counter = counter + 1: null

2018-12-14 00:01:33 - [TEST_STEP][PASSED] - Statement - PreSaveFile = new java.io.File(((pathPrefix + java.lang.Integer.toString(counter)) + .png)): null

2018-12-14 00:01:33 - [TEST_STEP][PASSED] - Statement - counter = counter + 1: null

2018-12-14 00:01:33 - [TEST_STEP][PASSED] - Statement - PreSaveFile = new java.io.File(((pathPrefix + java.lang.Integer.toString(counter)) + .png)): null

2018-12-14 00:01:33 - [TEST_STEP][PASSED] - Statement - counter = counter + 1: null

2018-12-14 00:01:33 - [TEST_STEP][PASSED] - Statement - PreSaveFile = new java.io.File(((pathPrefix + java.lang.Integer.toString(counter)) + .png)): null

2018-12-14 00:01:33 - [TEST_STEP][PASSED] - Statement - counter = counter + 1: null

2018-12-14 00:01:33 - [TEST_STEP][PASSED] - Statement - PreSaveFile = new java.io.File(((pathPrefix + java.lang.Integer.toString(counter)) + .png)): null

2018-12-14 00:01:33 - [TEST_STEP][PASSED] - Statement - counter = counter + 1: null

2018-12-14 00:01:33 - [TEST_STEP][PASSED] - Statement - PreSaveFile = new java.io.File(((pathPrefix + java.lang.Integer.toString(counter)) + .png)): null

2018-12-14 00:01:33 - [TEST_STEP][PASSED] - Statement - counter = counter + 1: null

2018-12-14 00:01:33 - [TEST_STEP][PASSED] - Statement - PreSaveFile = new java.io.File(((pathPrefix + java.lang.Integer.toString(counter)) + .png)): null

2018-12-14 00:01:33 - [TEST_STEP][PASSED] - Statement - counter = counter + 1: null

2018-12-14 00:01:33 - [TEST_STEP][PASSED] - Statement - PreSaveFile = new java.io.File(((pathPrefix + java.lang.Integer.toString(counter)) + .png)): null

2018-12-14 00:01:33 - [TEST_STEP][PASSED] - Statement - counter = counter + 1: null

2018-12-14 00:01:33 - [TEST_STEP][PASSED] - Statement - PreSaveFile = new java.io.File(((pathPrefix + java.lang.Integer.toString(counter)) + .png)): null

2018-12-14 00:01:33 - [TEST_STEP][PASSED] - Statement - counter = counter + 1: null

2018-12-14 00:01:33 - [TEST_STEP][PASSED] - Statement - PreSaveFile = new java.io.File(((pathPrefix + java.lang.Integer.toString(counter)) + .png)): null

2018-12-14 00:01:33 - [TEST_STEP][PASSED] - Statement - counter = counter + 1: null

2018-12-14 00:01:33 - [TEST_STEP][PASSED] - Statement - PreSaveFile = new java.io.File(((pathPrefix + java.lang.Integer.toString(counter)) + .png)): null

2018-12-14 00:01:33 - [TEST_STEP][PASSED] - Statement - counter = counter + 1: null

2018-12-14 00:01:33 - [TEST_STEP][PASSED] - Statement - PreSaveFile = new java.io.File(((pathPrefix + java.lang.Integer.toString(counter)) + .png)): null

2018-12-14 00:01:33 - [TEST_STEP][PASSED] - Statement - counter = counter + 1: null

2018-12-14 00:01:33 - [TEST_STEP][PASSED] - Statement - PreSaveFile = new java.io.File(((pathPrefix + java.lang.Integer.toString(counter)) + .png)): null

2018-12-14 00:01:33 - [TEST_STEP][PASSED] - Statement - counter = counter + 1: null

2018-12-14 00:01:33 - [TEST_STEP][PASSED] - Statement - PreSaveFile = new java.io.File(((pathPrefix + java.lang.Integer.toString(counter)) + .png)): null

2018-12-14 00:01:33 - [TEST_STEP][PASSED] - Statement - counter = counter + 1: null

2018-12-14 00:01:33 - [TEST_STEP][PASSED] - Statement - PreSaveFile = new java.io.File(((pathPrefix + java.lang.Integer.toString(counter)) + .png)): null

2018-12-14 00:01:33 - [TEST_STEP][PASSED] - Statement - counter = counter + 1: null

2018-12-14 00:01:33 - [TEST_STEP][PASSED] - Statement - PreSaveFile = new java.io.File(((pathPrefix + java.lang.Integer.toString(counter)) + .png)): null

2018-12-14 00:01:33 - [TEST_STEP][PASSED] - Statement - counter = counter + 1: null

2018-12-14 00:01:33 - [TEST_STEP][PASSED] - Statement - PreSaveFile = new java.io.File(((pathPrefix + java.lang.Integer.toString(counter)) + .png)): null

2018-12-14 00:01:33 - [TEST_STEP][PASSED] - Statement - counter = counter + 1: null

2018-12-14 00:01:33 - [TEST_STEP][PASSED] - Statement - PreSaveFile = new java.io.File(((pathPrefix + java.lang.Integer.toString(counter)) + .png)): null

2018-12-14 00:01:33 - [TEST_STEP][PASSED] - Statement - counter = counter + 1: null

2018-12-14 00:01:33 - [TEST_STEP][PASSED] - Statement - PreSaveFile = new java.io.File(((pathPrefix + java.lang.Integer.toString(counter)) + .png)): null

2018-12-14 00:01:33 - [TEST_STEP][PASSED] - Statement - counter = counter + 1: null

2018-12-14 00:01:33 - [TEST_STEP][PASSED] - Statement - PreSaveFile = new java.io.File(((pathPrefix + java.lang.Integer.toString(counter)) + .png)): null

2018-12-14 00:01:33 - [TEST_STEP][PASSED] - Statement - counter = counter + 1: null

2018-12-14 00:01:33 - [TEST_STEP][PASSED] - Statement - PreSaveFile = new java.io.File(((pathPrefix + java.lang.Integer.toString(counter)) + .png)): null

2018-12-14 00:01:33 - [TEST_STEP][PASSED] - Statement - counter = counter + 1: null

2018-12-14 00:01:33 - [TEST_STEP][PASSED] - Statement - PreSaveFile = new java.io.File(((pathPrefix + java.lang.Integer.toString(counter)) + .png)): null

2018-12-14 00:01:33 - [TEST_STEP][PASSED] - Statement - counter = counter + 1: null

2018-12-14 00:01:33 - [TEST_STEP][PASSED] - Statement - PreSaveFile = new java.io.File(((pathPrefix + java.lang.Integer.toString(counter)) + .png)): null

2018-12-14 00:01:33 - [TEST_STEP][PASSED] - Statement - counter = counter + 1: null

2018-12-14 00:01:33 - [TEST_STEP][PASSED] - Statement - PreSaveFile = new java.io.File(((pathPrefix + java.lang.Integer.toString(counter)) + .png)): null

2018-12-14 00:01:33 - [TEST_STEP][PASSED] - Statement - counter = counter + 1: null

2018-12-14 00:01:33 - [TEST_STEP][PASSED] - Statement - PreSaveFile = new java.io.File(((pathPrefix + java.lang.Integer.toString(counter)) + .png)): null

2018-12-14 00:01:33 - [TEST_STEP][PASSED] - Statement - counter = counter + 1: null

2018-12-14 00:01:33 - [TEST_STEP][PASSED] - Statement - PreSaveFile = new java.io.File(((pathPrefix + java.lang.Integer.toString(counter)) + .png)): null

2018-12-14 00:01:33 - [TEST_STEP][PASSED] - Statement - counter = counter + 1: null

2018-12-14 00:01:33 - [TEST_STEP][PASSED] - Statement - PreSaveFile = new java.io.File(((pathPrefix + java.lang.Integer.toString(counter)) + .png)): null

2018-12-14 00:01:33 - [TEST_STEP][PASSED] - Statement - counter = counter + 1: null

2018-12-14 00:01:33 - [TEST_STEP][PASSED] - Statement - PreSaveFile = new java.io.File(((pathPrefix + java.lang.Integer.toString(counter)) + .png)): null

2018-12-14 00:01:33 - [TEST_STEP][PASSED] - Statement - counter = counter + 1: null

2018-12-14 00:01:33 - [TEST_STEP][PASSED] - Statement - PreSaveFile = new java.io.File(((pathPrefix + java.lang.Integer.toString(counter)) + .png)): null

2018-12-14 00:01:33 - [TEST_STEP][PASSED] - Statement - counter = counter + 1: null

2018-12-14 00:01:33 - [TEST_STEP][PASSED] - Statement - PreSaveFile = new java.io.File(((pathPrefix + java.lang.Integer.toString(counter)) + .png)): null

2018-12-14 00:01:33 - [TEST_STEP][PASSED] - Statement - counter = counter + 1: null

2018-12-14 00:01:33 - [TEST_STEP][PASSED] - Statement - PreSaveFile = new java.io.File(((pathPrefix + java.lang.Integer.toString(counter)) + .png)): null

2018-12-14 00:01:33 - [TEST_STEP][PASSED] - Statement - counter = counter + 1: null

2018-12-14 00:01:33 - [TEST_STEP][PASSED] - Statement - PreSaveFile = new java.io.File(((pathPrefix + java.lang.Integer.toString(counter)) + .png)): null

2018-12-14 00:01:33 - [TEST_STEP][PASSED] - Statement - counter = counter + 1: null

2018-12-14 00:01:33 - [TEST_STEP][PASSED] - Statement - PreSaveFile = new java.io.File(((pathPrefix + java.lang.Integer.toString(counter)) + .png)): null

2018-12-14 00:01:33 - [TEST_STEP][PASSED] - Statement - counter = counter + 1: null

2018-12-14 00:01:33 - [TEST_STEP][PASSED] - Statement - PreSaveFile = new java.io.File(((pathPrefix + java.lang.Integer.toString(counter)) + .png)): null

2018-12-14 00:01:33 - [TEST_STEP][PASSED] - Statement - counter = counter + 1: null

2018-12-14 00:01:33 - [TEST_STEP][PASSED] - Statement - PreSaveFile = new java.io.File(((pathPrefix + java.lang.Integer.toString(counter)) + .png)): null

2018-12-14 00:01:33 - [TEST_STEP][PASSED] - Statement - counter = counter + 1: null

2018-12-14 00:01:33 - [TEST_STEP][PASSED] - Statement - PreSaveFile = new java.io.File(((pathPrefix + java.lang.Integer.toString(counter)) + .png)): null

2018-12-14 00:01:33 - [TEST_STEP][PASSED] - Statement - counter = counter + 1: null

2018-12-14 00:01:33 - [TEST_STEP][PASSED] - Statement - PreSaveFile = new java.io.File(((pathPrefix + java.lang.Integer.toString(counter)) + .png)): null

2018-12-14 00:01:33 - [TEST_STEP][PASSED] - Statement - counter = counter + 1: null

2018-12-14 00:01:33 - [TEST_STEP][PASSED] - Statement - PreSaveFile = new java.io.File(((pathPrefix + java.lang.Integer.toString(counter)) + .png)): null

2018-12-14 00:01:33 - [TEST_STEP][PASSED] - Statement - counter = counter + 1: null

2018-12-14 00:01:33 - [TEST_STEP][PASSED] - Statement - PreSaveFile = new java.io.File(((pathPrefix + java.lang.Integer.toString(counter)) + .png)): null

2018-12-14 00:01:33 - [TEST_STEP][PASSED] - Statement - counter = counter + 1: null

2018-12-14 00:01:33 - [TEST_STEP][PASSED] - Statement - PreSaveFile = new java.io.File(((pathPrefix + java.lang.Integer.toString(counter)) + .png)): null

2018-12-14 00:01:33 - [TEST_STEP][PASSED] - Statement - counter = counter + 1: null

2018-12-14 00:01:33 - [TEST_STEP][PASSED] - Statement - PreSaveFile = new java.io.File(((pathPrefix + java.lang.Integer.toString(counter)) + .png)): null

2018-12-14 00:01:33 - [TEST_STEP][PASSED] - Statement - counter = counter + 1: null

2018-12-14 00:01:33 - [TEST_STEP][PASSED] - Statement - PreSaveFile = new java.io.File(((pathPrefix + java.lang.Integer.toString(counter)) + .png)): null

2018-12-14 00:01:33 - [TEST_STEP][PASSED] - Statement - counter = counter + 1: null

2018-12-14 00:01:33 - [TEST_STEP][PASSED] - Statement - PreSaveFile = new java.io.File(((pathPrefix + java.lang.Integer.toString(counter)) + .png)): null

2018-12-14 00:01:33 - [TEST_STEP][PASSED] - Statement - counter = counter + 1: null

2018-12-14 00:01:33 - [TEST_STEP][PASSED] - Statement - PreSaveFile = new java.io.File(((pathPrefix + java.lang.Integer.toString(counter)) + .png)): null

2018-12-14 00:01:33 - [TEST_STEP][PASSED] - Statement - counter = counter + 1: null

2018-12-14 00:01:33 - [TEST_STEP][PASSED] - Statement - PreSaveFile = new java.io.File(((pathPrefix + java.lang.Integer.toString(counter)) + .png)): null

2018-12-14 00:01:33 - [TEST_STEP][PASSED] - Statement - counter = counter + 1: null

2018-12-14 00:01:33 - [TEST_STEP][PASSED] - Statement - PreSaveFile = new java.io.File(((pathPrefix + java.lang.Integer.toString(counter)) + .png)): null

2018-12-14 00:01:33 - [TEST_STEP][PASSED] - Statement - counter = counter + 1: null

2018-12-14 00:01:33 - [TEST_STEP][PASSED] - Statement - PreSaveFile = new java.io.File(((pathPrefix + java.lang.Integer.toString(counter)) + .png)): null

2018-12-14 00:01:33 - [TEST_STEP][PASSED] - Statement - counter = counter + 1: null

2018-12-14 00:01:33 - [TEST_STEP][PASSED] - Statement - PreSaveFile = new java.io.File(((pathPrefix + java.lang.Integer.toString(counter)) + .png)): null

2018-12-14 00:01:33 - [TEST_STEP][PASSED] - Statement - counter = counter + 1: null

2018-12-14 00:01:33 - [TEST_STEP][PASSED] - Statement - PreSaveFile = new java.io.File(((pathPrefix + java.lang.Integer.toString(counter)) + .png)): null

2018-12-14 00:01:33 - [TEST_STEP][PASSED] - Statement - counter = counter + 1: null

2018-12-14 00:01:33 - [TEST_STEP][PASSED] - Statement - PreSaveFile = new java.io.File(((pathPrefix + java.lang.Integer.toString(counter)) + .png)): null

2018-12-14 00:01:33 - [TEST_STEP][PASSED] - Statement - counter = counter + 1: null

2018-12-14 00:01:33 - [TEST_STEP][PASSED] - Statement - PreSaveFile = new java.io.File(((pathPrefix + java.lang.Integer.toString(counter)) + .png)): null

2018-12-14 00:01:33 - [TEST_STEP][PASSED] - Statement - counter = counter + 1: null

2018-12-14 00:01:33 - [TEST_STEP][PASSED] - Statement - PreSaveFile = new java.io.File(((pathPrefix + java.lang.Integer.toString(counter)) + .png)): null

2018-12-14 00:01:33 - [TEST_STEP][PASSED] - Statement - counter = counter + 1: null

2018-12-14 00:01:33 - [TEST_STEP][PASSED] - Statement - PreSaveFile = new java.io.File(((pathPrefix + java.lang.Integer.toString(counter)) + .png)): null

2018-12-14 00:01:33 - [TEST_STEP][PASSED] - Statement - counter = counter + 1: null

2018-12-14 00:01:33 - [TEST_STEP][PASSED] - Statement - PreSaveFile = new java.io.File(((pathPrefix + java.lang.Integer.toString(counter)) + .png)): null

2018-12-14 00:01:33 - [TEST_STEP][PASSED] - Statement - counter = counter + 1: null

2018-12-14 00:01:33 - [TEST_STEP][PASSED] - Statement - PreSaveFile = new java.io.File(((pathPrefix + java.lang.Integer.toString(counter)) + .png)): null

2018-12-14 00:01:33 - [TEST_STEP][PASSED] - Statement - counter = counter + 1: null

2018-12-14 00:01:33 - [TEST_STEP][PASSED] - Statement - PreSaveFile = new java.io.File(((pathPrefix + java.lang.Integer.toString(counter)) + .png)): null

2018-12-14 00:01:33 - [TEST_STEP][PASSED] - Statement - counter = counter + 1: null

2018-12-14 00:01:33 - [TEST_STEP][PASSED] - Statement - PreSaveFile = new java.io.File(((pathPrefix + java.lang.Integer.toString(counter)) + .png)): null

2018-12-14 00:01:33 - [TEST_STEP][PASSED] - Statement - counter = counter + 1: null

2018-12-14 00:01:33 - [TEST_STEP][PASSED] - Statement - PreSaveFile = new java.io.File(((pathPrefix + java.lang.Integer.toString(counter)) + .png)): null

2018-12-14 00:01:33 - [TEST_STEP][PASSED] - Statement - counter = counter + 1: null

2018-12-14 00:01:33 - [TEST_STEP][PASSED] - Statement - PreSaveFile = new java.io.File(((pathPrefix + java.lang.Integer.toString(counter)) + .png)): null

2018-12-14 00:01:33 - [TEST_STEP][PASSED] - Statement - counter = counter + 1: null

2018-12-14 00:01:33 - [TEST_STEP][PASSED] - Statement - PreSaveFile = new java.io.File(((pathPrefix + java.lang.Integer.toString(counter)) + .png)): null

2018-12-14 00:01:33 - [TEST_STEP][PASSED] - Statement - counter = counter + 1: null

2018-12-14 00:01:33 - [TEST_STEP][PASSED] - Statement - PreSaveFile = new java.io.File(((pathPrefix + java.lang.Integer.toString(counter)) + .png)): null

2018-12-14 00:01:33 - [TEST_STEP][PASSED] - Statement - counter = counter + 1: null

2018-12-14 00:01:33 - [TEST_STEP][PASSED] - Statement - PreSaveFile = new java.io.File(((pathPrefix + java.lang.Integer.toString(counter)) + .png)): null

2018-12-14 00:01:33 - [TEST_STEP][PASSED] - Statement - counter = counter + 1: null

2018-12-14 00:01:33 - [TEST_STEP][PASSED] - Statement - PreSaveFile = new java.io.File(((pathPrefix + java.lang.Integer.toString(counter)) + .png)): null

2018-12-14 00:01:33 - [TEST_STEP][PASSED] - Statement - counter = counter + 1: null

2018-12-14 00:01:33 - [TEST_STEP][PASSED] - Statement - PreSaveFile = new java.io.File(((pathPrefix + java.lang.Integer.toString(counter)) + .png)): null

2018-12-14 00:01:33 - [TEST_STEP][PASSED] - Statement - counter = counter + 1: null

2018-12-14 00:01:33 - [TEST_STEP][PASSED] - Statement - PreSaveFile = new java.io.File(((pathPrefix + java.lang.Integer.toString(counter)) + .png)): null

2018-12-14 00:01:33 - [TEST_STEP][PASSED] - Statement - counter = counter + 1: null

2018-12-14 00:01:33 - [TEST_STEP][PASSED] - Statement - PreSaveFile = new java.io.File(((pathPrefix + java.lang.Integer.toString(counter)) + .png)): null

2018-12-14 00:01:33 - [TEST_STEP][PASSED] - Statement - counter = counter + 1: null

2018-12-14 00:01:33 - [TEST_STEP][PASSED] - Statement - PreSaveFile = new java.io.File(((pathPrefix + java.lang.Integer.toString(counter)) + .png)): null

2018-12-14 00:01:33 - [TEST_STEP][PASSED] - Statement - counter = counter + 1: null

2018-12-14 00:01:33 - [TEST_STEP][PASSED] - Statement - PreSaveFile = new java.io.File(((pathPrefix + java.lang.Integer.toString(counter)) + .png)): null

2018-12-14 00:01:33 - [TEST_STEP][PASSED] - Statement - counter = counter + 1: null

2018-12-14 00:01:33 - [TEST_STEP][PASSED] - Statement - PreSaveFile = new java.io.File(((pathPrefix + java.lang.Integer.toString(counter)) + .png)): null

2018-12-14 00:01:33 - [TEST_STEP][PASSED] - Statement - counter = counter + 1: null

2018-12-14 00:01:33 - [TEST_STEP][PASSED] - Statement - PreSaveFile = new java.io.File(((pathPrefix + java.lang.Integer.toString(counter)) + .png)): null

2018-12-14 00:01:33 - [TEST_STEP][PASSED] - Statement - counter = counter + 1: null

2018-12-14 00:01:33 - [TEST_STEP][PASSED] - Statement - PreSaveFile = new java.io.File(((pathPrefix + java.lang.Integer.toString(counter)) + .png)): null

2018-12-14 00:01:33 - [TEST_STEP][PASSED] - Statement - counter = counter + 1: null

2018-12-14 00:01:33 - [TEST_STEP][PASSED] - Statement - PreSaveFile = new java.io.File(((pathPrefix + java.lang.Integer.toString(counter)) + .png)): null

2018-12-14 00:01:33 - [TEST_STEP][PASSED] - Statement - counter = counter + 1: null

2018-12-14 00:01:33 - [TEST_STEP][PASSED] - Statement - PreSaveFile = new java.io.File(((pathPrefix + java.lang.Integer.toString(counter)) + .png)): null

2018-12-14 00:01:33 - [TEST_STEP][PASSED] - Statement - counter = counter + 1: null

2018-12-14 00:01:33 - [TEST_STEP][PASSED] - Statement - PreSaveFile = new java.io.File(((pathPrefix + java.lang.Integer.toString(counter)) + .png)): null

2018-12-14 00:01:33 - [TEST_STEP][PASSED] - Statement - counter = counter + 1: null

2018-12-14 00:01:33 - [TEST_STEP][PASSED] - Statement - PreSaveFile = new java.io.File(((pathPrefix + java.lang.Integer.toString(counter)) + .png)): null

2018-12-14 00:01:33 - [TEST_STEP][PASSED] - Statement - counter = counter + 1: null

2018-12-14 00:01:33 - [TEST_STEP][PASSED] - Statement - PreSaveFile = new java.io.File(((pathPrefix + java.lang.Integer.toString(counter)) + .png)): null

2018-12-14 00:01:33 - [TEST_STEP][PASSED] - Statement - counter = counter + 1: null

2018-12-14 00:01:33 - [TEST_STEP][PASSED] - Statement - PreSaveFile = new java.io.File(((pathPrefix + java.lang.Integer.toString(counter)) + .png)): null

2018-12-14 00:01:33 - [TEST_STEP][PASSED] - Statement - counter = counter + 1: null

2018-12-14 00:01:33 - [TEST_STEP][PASSED] - Statement - PreSaveFile = new java.io.File(((pathPrefix + java.lang.Integer.toString(counter)) + .png)): null

2018-12-14 00:01:33 - [TEST_STEP][PASSED] - Statement - counter = counter + 1: null

2018-12-14 00:01:33 - [TEST_STEP][PASSED] - Statement - PreSaveFile = new java.io.File(((pathPrefix + java.lang.Integer.toString(counter)) + .png)): null

2018-12-14 00:01:33 - [TEST_STEP][PASSED] - Statement - counter = counter + 1: null

2018-12-14 00:01:33 - [TEST_STEP][PASSED] - Statement - PreSaveFile = new java.io.File(((pathPrefix + java.lang.Integer.toString(counter)) + .png)): null

2018-12-14 00:01:33 - [TEST_STEP][PASSED] - Statement - counter = counter + 1: null

2018-12-14 00:01:33 - [TEST_STEP][PASSED] - Statement - PreSaveFile = new java.io.File(((pathPrefix + java.lang.Integer.toString(counter)) + .png)): null

2018-12-14 00:01:33 - [TEST_STEP][PASSED] - Statement - counter = counter + 1: null

2018-12-14 00:01:33 - [TEST_STEP][PASSED] - Statement - PreSaveFile = new java.io.File(((pathPrefix + java.lang.Integer.toString(counter)) + .png)): null

2018-12-14 00:01:33 - [TEST_STEP][PASSED] - Statement - counter = counter + 1: null

2018-12-14 00:01:33 - [TEST_STEP][PASSED] - Statement - PreSaveFile = new java.io.File(((pathPrefix + java.lang.Integer.toString(counter)) + .png)): null

2018-12-14 00:01:33 - [TEST_STEP][PASSED] - Statement - counter = counter + 1: null

2018-12-14 00:01:33 - [TEST_STEP][PASSED] - Statement - PreSaveFile = new java.io.File(((pathPrefix + java.lang.Integer.toString(counter)) + .png)): null

2018-12-14 00:01:33 - [TEST_STEP][PASSED] - Statement - counter = counter + 1: null

2018-12-14 00:01:33 - [TEST_STEP][PASSED] - Statement - PreSaveFile = new java.io.File(((pathPrefix + java.lang.Integer.toString(counter)) + .png)): null

2018-12-14 00:01:33 - [TEST_STEP][PASSED] - Statement - counter = counter + 1: null

2018-12-14 00:01:33 - [TEST_STEP][PASSED] - Statement - PreSaveFile = new java.io.File(((pathPrefix + java.lang.Integer.toString(counter)) + .png)): null

2018-12-14 00:01:33 - [TEST_STEP][PASSED] - Statement - counter = counter + 1: null

2018-12-14 00:01:33 - [TEST_STEP][PASSED] - Statement - PreSaveFile = new java.io.File(((pathPrefix + java.lang.Integer.toString(counter)) + .png)): null

2018-12-14 00:01:33 - [TEST_STEP][PASSED] - Statement - counter = counter + 1: null

2018-12-14 00:01:33 - [TEST_STEP][PASSED] - Statement - PreSaveFile = new java.io.File(((pathPrefix + java.lang.Integer.toString(counter)) + .png)): null

2018-12-14 00:01:33 - [TEST_STEP][PASSED] - Statement - counter = counter + 1: null

2018-12-14 00:01:33 - [TEST_STEP][PASSED] - Statement - PreSaveFile = new java.io.File(((pathPrefix + java.lang.Integer.toString(counter)) + .png)): null

2018-12-14 00:01:33 - [TEST_STEP][PASSED] - Statement - counter = counter + 1: null

2018-12-14 00:01:33 - [TEST_STEP][PASSED] - Statement - PreSaveFile = new java.io.File(((pathPrefix + java.lang.Integer.toString(counter)) + .png)): null

2018-12-14 00:01:33 - [TEST_STEP][PASSED] - Statement - counter = counter + 1: null

2018-12-14 00:01:33 - [TEST_STEP][PASSED] - Statement - PreSaveFile = new java.io.File(((pathPrefix + java.lang.Integer.toString(counter)) + .png)): null

2018-12-14 00:01:33 - [TEST_STEP][PASSED] - Statement - counter = counter + 1: null

2018-12-14 00:01:33 - [TEST_STEP][PASSED] - Statement - PreSaveFile = new java.io.File(((pathPrefix + java.lang.Integer.toString(counter)) + .png)): null

2018-12-14 00:01:33 - [TEST_STEP][PASSED] - Statement - counter = counter + 1: null

2018-12-14 00:01:33 - [TEST_STEP][PASSED] - Statement - PreSaveFile = new java.io.File(((pathPrefix + java.lang.Integer.toString(counter)) + .png)): null

2018-12-14 00:01:33 - [TEST_STEP][PASSED] - Statement - counter = counter + 1: null

2018-12-14 00:01:33 - [TEST_STEP][PASSED] - Statement - PreSaveFile = new java.io.File(((pathPrefix + java.lang.Integer.toString(counter)) + .png)): null

2018-12-14 00:01:33 - [TEST_STEP][PASSED] - Statement - counter = counter + 1: null

2018-12-14 00:01:33 - [TEST_STEP][PASSED] - Statement - PreSaveFile = new java.io.File(((pathPrefix + java.lang.Integer.toString(counter)) + .png)): null

2018-12-14 00:01:33 - [TEST_STEP][PASSED] - Statement - counter = counter + 1: null

2018-12-14 00:01:33 - [TEST_STEP][PASSED] - Statement - PreSaveFile = new java.io.File(((pathPrefix + java.lang.Integer.toString(counter)) + .png)): null

2018-12-14 00:01:33 - [TEST_STEP][PASSED] - Statement - counter = counter + 1: null

2018-12-14 00:01:33 - [TEST_STEP][PASSED] - Statement - PreSaveFile = new java.io.File(((pathPrefix + java.lang.Integer.toString(counter)) + .png)): null

2018-12-14 00:01:33 - [TEST_STEP][PASSED] - Statement - counter = counter + 1: null

2018-12-14 00:01:33 - [TEST_STEP][PASSED] - Statement - PreSaveFile = new java.io.File(((pathPrefix + java.lang.Integer.toString(counter)) + .png)): null

2018-12-14 00:01:33 - [TEST_STEP][PASSED] - Statement - counter = counter + 1: null

2018-12-14 00:01:33 - [TEST_STEP][PASSED] - Statement - PreSaveFile = new java.io.File(((pathPrefix + java.lang.Integer.toString(counter)) + .png)): null

2018-12-14 00:01:33 - [TEST_STEP][PASSED] - Statement - counter = counter + 1: null

2018-12-14 00:01:33 - [TEST_STEP][PASSED] - Statement - PreSaveFile = new java.io.File(((pathPrefix + java.lang.Integer.toString(counter)) + .png)): null

2018-12-14 00:01:33 - [TEST_STEP][PASSED] - Statement - counter = counter + 1: null

2018-12-14 00:01:33 - [TEST_STEP][PASSED] - Statement - PreSaveFile = new java.io.File(((pathPrefix + java.lang.Integer.toString(counter)) + .png)): null

2018-12-14 00:01:33 - [TEST_STEP][PASSED] - Statement - counter = counter + 1: null

2018-12-14 00:01:33 - [TEST_STEP][PASSED] - Statement - PreSaveFile = new java.io.File(((pathPrefix + java.lang.Integer.toString(counter)) + .png)): null

2018-12-14 00:01:33 - [TEST_STEP][PASSED] - Statement - counter = counter + 1: null

2018-12-14 00:01:33 - [TEST_STEP][PASSED] - Statement - PreSaveFile = new java.io.File(((pathPrefix + java.lang.Integer.toString(counter)) + .png)): null

2018-12-14 00:01:33 - [TEST_STEP][PASSED] - Statement - counter = counter + 1: null

2018-12-14 00:01:33 - [TEST_STEP][PASSED] - Statement - PreSaveFile = new java.io.File(((pathPrefix + java.lang.Integer.toString(counter)) + .png)): null

2018-12-14 00:01:33 - [TEST_STEP][PASSED] - Statement - counter = counter + 1: null

2018-12-14 00:01:33 - [TEST_STEP][PASSED] - Statement - PreSaveFile = new java.io.File(((pathPrefix + java.lang.Integer.toString(counter)) + .png)): null

2018-12-14 00:01:33 - [TEST_STEP][PASSED] - Statement - counter = counter + 1: null

2018-12-14 00:01:33 - [TEST_STEP][PASSED] - Statement - PreSaveFile = new java.io.File(((pathPrefix + java.lang.Integer.toString(counter)) + .png)): null

2018-12-14 00:01:33 - [TEST_STEP][PASSED] - Statement - counter = counter + 1: null

2018-12-14 00:01:33 - [TEST_STEP][PASSED] - Statement - PreSaveFile = new java.io.File(((pathPrefix + java.lang.Integer.toString(counter)) + .png)): null

2018-12-14 00:01:33 - [TEST_STEP][PASSED] - Statement - counter = counter + 1: null

2018-12-14 00:01:33 - [TEST_STEP][PASSED] - Statement - PreSaveFile = new java.io.File(((pathPrefix + java.lang.Integer.toString(counter)) + .png)): null

2018-12-14 00:01:33 - [TEST_STEP][PASSED] - Statement - counter = counter + 1: null

2018-12-14 00:01:33 - [TEST_STEP][PASSED] - Statement - PreSaveFile = new java.io.File(((pathPrefix + java.lang.Integer.toString(counter)) + .png)): null

2018-12-14 00:01:33 - [TEST_STEP][PASSED] - Statement - counter = counter + 1: null

2018-12-14 00:01:33 - [TEST_STEP][PASSED] - Statement - PreSaveFile = new java.io.File(((pathPrefix + java.lang.Integer.toString(counter)) + .png)): null

2018-12-14 00:01:33 - [TEST_STEP][PASSED] - Statement - counter = counter + 1: null

2018-12-14 00:01:33 - [TEST_STEP][PASSED] - Statement - PreSaveFile = new java.io.File(((pathPrefix + java.lang.Integer.toString(counter)) + .png)): null

2018-12-14 00:01:33 - [TEST_STEP][PASSED] - Statement - counter = counter + 1: null

2018-12-14 00:01:33 - [TEST_STEP][PASSED] - Statement - PreSaveFile = new java.io.File(((pathPrefix + java.lang.Integer.toString(counter)) + .png)): null

2018-12-14 00:01:33 - [TEST_STEP][PASSED] - Statement - counter = counter + 1: null

2018-12-14 00:01:33 - [TEST_STEP][PASSED] - Statement - PreSaveFile = new java.io.File(((pathPrefix + java.lang.Integer.toString(counter)) + .png)): null

2018-12-14 00:01:33 - [TEST_STEP][PASSED] - Statement - counter = counter + 1: null

2018-12-14 00:01:33 - [TEST_STEP][PASSED] - Statement - PreSaveFile = new java.io.File(((pathPrefix + java.lang.Integer.toString(counter)) + .png)): null

2018-12-14 00:01:33 - [TEST_STEP][PASSED] - Statement - counter = counter + 1: null

2018-12-14 00:01:33 - [TEST_STEP][PASSED] - Statement - PreSaveFile = new java.io.File(((pathPrefix + java.lang.Integer.toString(counter)) + .png)): null

2018-12-14 00:01:33 - [TEST_STEP][PASSED] - Statement - counter = counter + 1: null

2018-12-14 00:01:33 - [TEST_STEP][PASSED] - Statement - PreSaveFile = new java.io.File(((pathPrefix + java.lang.Integer.toString(counter)) + .png)): null

2018-12-14 00:01:33 - [TEST_STEP][PASSED] - Statement - counter = counter + 1: null

2018-12-14 00:01:33 - [TEST_STEP][PASSED] - Statement - PreSaveFile = new java.io.File(((pathPrefix + java.lang.Integer.toString(counter)) + .png)): null

2018-12-14 00:01:33 - [TEST_STEP][PASSED] - Statement - counter = counter + 1: null

2018-12-14 00:01:33 - [TEST_STEP][PASSED] - Statement - PreSaveFile = new java.io.File(((pathPrefix + java.lang.Integer.toString(counter)) + .png)): null

2018-12-14 00:01:33 - [TEST_STEP][PASSED] - Statement - counter = counter + 1: null

2018-12-14 00:01:33 - [TEST_STEP][PASSED] - Statement - PreSaveFile = new java.io.File(((pathPrefix + java.lang.Integer.toString(counter)) + .png)): null

2018-12-14 00:01:33 - [TEST_STEP][PASSED] - Statement - counter = counter + 1: null

2018-12-14 00:01:33 - [TEST_STEP][PASSED] - Statement - PreSaveFile = new java.io.File(((pathPrefix + java.lang.Integer.toString(counter)) + .png)): null

2018-12-14 00:01:33 - [TEST_STEP][PASSED] - Statement - counter = counter + 1: null

2018-12-14 00:01:33 - [TEST_STEP][PASSED] - Statement - PreSaveFile = new java.io.File(((pathPrefix + java.lang.Integer.toString(counter)) + .png)): null

2018-12-14 00:01:33 - [TEST_STEP][PASSED] - Statement - counter = counter + 1: null

2018-12-14 00:01:33 - [TEST_STEP][PASSED] - Statement - PreSaveFile = new java.io.File(((pathPrefix + java.lang.Integer.toString(counter)) + .png)): null

2018-12-14 00:01:33 - [TEST_STEP][PASSED] - Statement - counter = counter + 1: null

2018-12-14 00:01:33 - [TEST_STEP][PASSED] - Statement - PreSaveFile = new java.io.File(((pathPrefix + java.lang.Integer.toString(counter)) + .png)): null

2018-12-14 00:01:33 - [TEST_STEP][PASSED] - Statement - counter = counter + 1: null

2018-12-14 00:01:33 - [TEST_STEP][PASSED] - Statement - PreSaveFile = new java.io.File(((pathPrefix + java.lang.Integer.toString(counter)) + .png)): null

2018-12-14 00:01:33 - [TEST_STEP][PASSED] - Statement - counter = counter + 1: null

2018-12-14 00:01:33 - [TEST_STEP][PASSED] - Statement - PreSaveFile = new java.io.File(((pathPrefix + java.lang.Integer.toString(counter)) + .png)): null

2018-12-14 00:01:33 - [TEST_STEP][PASSED] - Statement - counter = counter + 1: null

2018-12-14 00:01:33 - [TEST_STEP][PASSED] - Statement - PreSaveFile = new java.io.File(((pathPrefix + java.lang.Integer.toString(counter)) + .png)): null

2018-12-14 00:01:33 - [TEST_STEP][PASSED] - Statement - counter = counter + 1: null

2018-12-14 00:01:33 - [TEST_STEP][PASSED] - Statement - PreSaveFile = new java.io.File(((pathPrefix + java.lang.Integer.toString(counter)) + .png)): null

2018-12-14 00:01:33 - [TEST_STEP][PASSED] - Statement - counter = counter + 1: null

2018-12-14 00:01:33 - [TEST_STEP][PASSED] - Statement - PreSaveFile = new java.io.File(((pathPrefix + java.lang.Integer.toString(counter)) + .png)): null

2018-12-14 00:01:33 - [TEST_STEP][PASSED] - Statement - counter = counter + 1: null

2018-12-14 00:01:33 - [TEST_STEP][PASSED] - Statement - PreSaveFile = new java.io.File(((pathPrefix + java.lang.Integer.toString(counter)) + .png)): null

2018-12-14 00:01:33 - [TEST_STEP][PASSED] - Statement - counter = counter + 1: null

2018-12-14 00:01:33 - [TEST_STEP][PASSED] - Statement - PreSaveFile = new java.io.File(((pathPrefix + java.lang.Integer.toString(counter)) + .png)): null

2018-12-14 00:01:33 - [TEST_STEP][PASSED] - Statement - counter = counter + 1: null

2018-12-14 00:01:33 - [TEST_STEP][PASSED] - Statement - PreSaveFile = new java.io.File(((pathPrefix + java.lang.Integer.toString(counter)) + .png)): null

2018-12-14 00:01:33 - [TEST_STEP][PASSED] - Statement - counter = counter + 1: null

2018-12-14 00:01:33 - [TEST_STEP][PASSED] - Statement - PreSaveFile = new java.io.File(((pathPrefix + java.lang.Integer.toString(counter)) + .png)): null

2018-12-14 00:01:33 - [TEST_STEP][PASSED] - Statement - counter = counter + 1: null

2018-12-14 00:01:33 - [TEST_STEP][PASSED] - Statement - PreSaveFile = new java.io.File(((pathPrefix + java.lang.Integer.toString(counter)) + .png)): null

2018-12-14 00:01:33 - [TEST_STEP][PASSED] - Statement - counter = counter + 1: null

2018-12-14 00:01:33 - [TEST_STEP][PASSED] - Statement - PreSaveFile = new java.io.File(((pathPrefix + java.lang.Integer.toString(counter)) + .png)): null

2018-12-14 00:01:33 - [TEST_STEP][PASSED] - Statement - counter = counter + 1: null

2018-12-14 00:01:33 - [TEST_STEP][PASSED] - Statement - PreSaveFile = new java.io.File(((pathPrefix + java.lang.Integer.toString(counter)) + .png)): null

2018-12-14 00:01:33 - [TEST_STEP][PASSED] - Statement - counter = counter + 1: null

2018-12-14 00:01:33 - [TEST_STEP][PASSED] - Statement - PreSaveFile = new java.io.File(((pathPrefix + java.lang.Integer.toString(counter)) + .png)): null

2018-12-14 00:01:33 - [TEST_STEP][PASSED] - Statement - counter = counter + 1: null

2018-12-14 00:01:33 - [TEST_STEP][PASSED] - Statement - PreSaveFile = new java.io.File(((pathPrefix + java.lang.Integer.toString(counter)) + .png)): null

2018-12-14 00:01:33 - [TEST_STEP][PASSED] - Statement - counter = counter + 1: null

2018-12-14 00:01:33 - [TEST_STEP][PASSED] - Statement - PreSaveFile = new java.io.File(((pathPrefix + java.lang.Integer.toString(counter)) + .png)): null

2018-12-14 00:01:33 - [TEST_STEP][PASSED] - Statement - counter = counter + 1: null

2018-12-14 00:01:33 - [TEST_STEP][PASSED] - Statement - PreSaveFile = new java.io.File(((pathPrefix + java.lang.Integer.toString(counter)) + .png)): null

2018-12-14 00:01:33 - [TEST_STEP][PASSED] - Statement - counter = counter + 1: null

2018-12-14 00:01:33 - [TEST_STEP][PASSED] - Statement - PreSaveFile = new java.io.File(((pathPrefix + java.lang.Integer.toString(counter)) + .png)): null

2018-12-14 00:01:33 - [TEST_STEP][PASSED] - Statement - counter = counter + 1: null

2018-12-14 00:01:33 - [TEST_STEP][PASSED] - Statement - PreSaveFile = new java.io.File(((pathPrefix + java.lang.Integer.toString(counter)) + .png)): null

2018-12-14 00:01:33 - [TEST_STEP][PASSED] - Statement - counter = counter + 1: null

2018-12-14 00:01:33 - [TEST_STEP][PASSED] - Statement - PreSaveFile = new java.io.File(((pathPrefix + java.lang.Integer.toString(counter)) + .png)): null

2018-12-14 00:01:33 - [TEST_STEP][PASSED] - Statement - counter = counter + 1: null

2018-12-14 00:01:33 - [TEST_STEP][PASSED] - Statement - PreSaveFile = new java.io.File(((pathPrefix + java.lang.Integer.toString(counter)) + .png)): null

2018-12-14 00:01:33 - [TEST_STEP][PASSED] - Statement - counter = counter + 1: null

2018-12-14 00:01:33 - [TEST_STEP][PASSED] - Statement - PreSaveFile = new java.io.File(((pathPrefix + java.lang.Integer.toString(counter)) + .png)): null

2018-12-14 00:01:33 - [TEST_STEP][PASSED] - Statement - counter = counter + 1: null

2018-12-14 00:01:33 - [TEST_STEP][PASSED] - Statement - PreSaveFile = new java.io.File(((pathPrefix + java.lang.Integer.toString(counter)) + .png)): null

2018-12-14 00:01:33 - [TEST_STEP][PASSED] - Statement - counter = counter + 1: null

2018-12-14 00:01:33 - [TEST_STEP][PASSED] - Statement - PreSaveFile = new java.io.File(((pathPrefix + java.lang.Integer.toString(counter)) + .png)): null

2018-12-14 00:01:33 - [TEST_STEP][PASSED] - Statement - counter = counter + 1: null

2018-12-14 00:01:33 - [TEST_STEP][PASSED] - Statement - PreSaveFile = new java.io.File(((pathPrefix + java.lang.Integer.toString(counter)) + .png)): null

2018-12-14 00:01:33 - [TEST_STEP][PASSED] - Statement - counter = counter + 1: null

2018-12-14 00:01:33 - [TEST_STEP][PASSED] - Statement - PreSaveFile = new java.io.File(((pathPrefix + java.lang.Integer.toString(counter)) + .png)): null

2018-12-14 00:01:33 - [TEST_STEP][PASSED] - Statement - counter = counter + 1: null

2018-12-14 00:01:33 - [TEST_STEP][PASSED] - Statement - PreSaveFile = new java.io.File(((pathPrefix + java.lang.Integer.toString(counter)) + .png)): null

2018-12-14 00:01:33 - [TEST_STEP][PASSED] - Statement - counter = counter + 1: null

2018-12-14 00:01:33 - [TEST_STEP][PASSED] - Statement - PreSaveFile = new java.io.File(((pathPrefix + java.lang.Integer.toString(counter)) + .png)): null

2018-12-14 00:01:33 - [TEST_STEP][PASSED] - Statement - counter = counter + 1: null

2018-12-14 00:01:33 - [TEST_STEP][PASSED] - Statement - PreSaveFile = new java.io.File(((pathPrefix + java.lang.Integer.toString(counter)) + .png)): null

2018-12-14 00:01:33 - [TEST_STEP][PASSED] - Statement - counter = counter + 1: null

2018-12-14 00:01:33 - [TEST_STEP][PASSED] - Statement - PreSaveFile = new java.io.File(((pathPrefix + java.lang.Integer.toString(counter)) + .png)): null

2018-12-14 00:01:33 - [TEST_STEP][PASSED] - Statement - counter = counter + 1: null

2018-12-14 00:01:33 - [TEST_STEP][PASSED] - Statement - PreSaveFile = new java.io.File(((pathPrefix + java.lang.Integer.toString(counter)) + .png)): null

2018-12-14 00:01:33 - [TEST_STEP][PASSED] - Statement - counter = counter + 1: null

2018-12-14 00:01:33 - [TEST_STEP][PASSED] - Statement - PreSaveFile = new java.io.File(((pathPrefix + java.lang.Integer.toString(counter)) + .png)): null

2018-12-14 00:01:33 - [TEST_STEP][PASSED] - Statement - counter = counter + 1: null

2018-12-14 00:01:33 - [TEST_STEP][PASSED] - Statement - PreSaveFile = new java.io.File(((pathPrefix + java.lang.Integer.toString(counter)) + .png)): null

2018-12-14 00:01:33 - [TEST_STEP][PASSED] - Statement - counter = counter + 1: null

2018-12-14 00:01:33 - [TEST_STEP][PASSED] - Statement - PreSaveFile = new java.io.File(((pathPrefix + java.lang.Integer.toString(counter)) + .png)): null

2018-12-14 00:01:33 - [TEST_STEP][PASSED] - Statement - counter = counter + 1: null

2018-12-14 00:01:33 - [TEST_STEP][PASSED] - Statement - PreSaveFile = new java.io.File(((pathPrefix + java.lang.Integer.toString(counter)) + .png)): null

2018-12-14 00:01:33 - [TEST_STEP][PASSED] - Statement - counter = counter + 1: null

2018-12-14 00:01:33 - [TEST_STEP][PASSED] - Statement - PreSaveFile = new java.io.File(((pathPrefix + java.lang.Integer.toString(counter)) + .png)): null

2018-12-14 00:01:33 - [TEST_STEP][PASSED] - Statement - counter = counter + 1: null

2018-12-14 00:01:33 - [TEST_STEP][PASSED] - Statement - PreSaveFile = new java.io.File(((pathPrefix + java.lang.Integer.toString(counter)) + .png)): null

2018-12-14 00:01:33 - [TEST_STEP][PASSED] - Statement - counter = counter + 1: null

2018-12-14 00:01:33 - [TEST_STEP][PASSED] - Statement - PreSaveFile = new java.io.File(((pathPrefix + java.lang.Integer.toString(counter)) + .png)): null

2018-12-14 00:01:33 - [TEST_STEP][PASSED] - Statement - counter = counter + 1: null

2018-12-14 00:01:33 - [TEST_STEP][PASSED] - Statement - PreSaveFile = new java.io.File(((pathPrefix + java.lang.Integer.toString(counter)) + .png)): null

2018-12-14 00:01:33 - [TEST_STEP][PASSED] - Statement - counter = counter + 1: null

2018-12-14 00:01:33 - [TEST_STEP][PASSED] - Statement - PreSaveFile = new java.io.File(((pathPrefix + java.lang.Integer.toString(counter)) + .png)): null

2018-12-14 00:01:33 - [TEST_STEP][PASSED] - Statement - counter = counter + 1: null

2018-12-14 00:01:33 - [TEST_STEP][PASSED] - Statement - PreSaveFile = new java.io.File(((pathPrefix + java.lang.Integer.toString(counter)) + .png)): null

2018-12-14 00:01:33 - [TEST_STEP][PASSED] - Statement - counter = counter + 1: null

2018-12-14 00:01:33 - [TEST_STEP][PASSED] - Statement - PreSaveFile = new java.io.File(((pathPrefix + java.lang.Integer.toString(counter)) + .png)): null

2018-12-14 00:01:33 - [TEST_STEP][PASSED] - Statement - counter = counter + 1: null

2018-12-14 00:01:33 - [TEST_STEP][PASSED] - Statement - PreSaveFile = new java.io.File(((pathPrefix + java.lang.Integer.toString(counter)) + .png)): null

2018-12-14 00:01:33 - [TEST_STEP][PASSED] - Statement - counter = counter + 1: null

2018-12-14 00:01:33 - [TEST_STEP][PASSED] - Statement - PreSaveFile = new java.io.File(((pathPrefix + java.lang.Integer.toString(counter)) + .png)): null

2018-12-14 00:01:33 - [TEST_STEP][PASSED] - Statement - counter = counter + 1: null

2018-12-14 00:01:33 - [TEST_STEP][PASSED] - Statement - PreSaveFile = new java.io.File(((pathPrefix + java.lang.Integer.toString(counter)) + .png)): null

2018-12-14 00:01:33 - [TEST_STEP][PASSED] - Statement - counter = counter + 1: null

2018-12-14 00:01:33 - [TEST_STEP][PASSED] - Statement - PreSaveFile = new java.io.File(((pathPrefix + java.lang.Integer.toString(counter)) + .png)): null

2018-12-14 00:01:33 - [TEST_STEP][PASSED] - Statement - counter = counter + 1: null

2018-12-14 00:01:33 - [TEST_STEP][PASSED] - Statement - PreSaveFile = new java.io.File(((pathPrefix + java.lang.Integer.toString(counter)) + .png)): null

2018-12-14 00:01:33 - [TEST_STEP][PASSED] - Statement - counter = counter + 1: null

2018-12-14 00:01:33 - [TEST_STEP][PASSED] - Statement - PreSaveFile = new java.io.File(((pathPrefix + java.lang.Integer.toString(counter)) + .png)): null

2018-12-14 00:01:33 - [TEST_STEP][PASSED] - Statement - counter = counter + 1: null

2018-12-14 00:01:33 - [TEST_STEP][PASSED] - Statement - PreSaveFile = new java.io.File(((pathPrefix + java.lang.Integer.toString(counter)) + .png)): null

2018-12-14 00:01:33 - [TEST_STEP][PASSED] - Statement - counter = counter + 1: null

2018-12-14 00:01:34 - [TEST_STEP][PASSED] - Statement - PreSaveFile = new java.io.File(((pathPrefix + java.lang.Integer.toString(counter)) + .png)): null

2018-12-14 00:01:34 - [TEST_STEP][PASSED] - Statement - counter = counter + 1: null

2018-12-14 00:01:34 - [TEST_STEP][PASSED] - Statement - PreSaveFile = new java.io.File(((pathPrefix + java.lang.Integer.toString(counter)) + .png)): null

2018-12-14 00:01:34 - [TEST_STEP][PASSED] - Statement - counter = counter + 1: null

2018-12-14 00:01:34 - [TEST_STEP][PASSED] - Statement - PreSaveFile = new java.io.File(((pathPrefix + java.lang.Integer.toString(counter)) + .png)): null

2018-12-14 00:01:34 - [TEST_STEP][PASSED] - Statement - counter = counter + 1: null

2018-12-14 00:01:34 - [TEST_STEP][PASSED] - Statement - PreSaveFile = new java.io.File(((pathPrefix + java.lang.Integer.toString(counter)) + .png)): null

2018-12-14 00:01:34 - [TEST_STEP][PASSED] - Statement - counter = counter + 1: null

2018-12-14 00:01:34 - [TEST_STEP][PASSED] - Statement - PreSaveFile = new java.io.File(((pathPrefix + java.lang.Integer.toString(counter)) + .png)): null

2018-12-14 00:01:34 - [TEST_STEP][PASSED] - Statement - counter = counter + 1: null

2018-12-14 00:01:34 - [TEST_STEP][PASSED] - Statement - PreSaveFile = new java.io.File(((pathPrefix + java.lang.Integer.toString(counter)) + .png)): null

2018-12-14 00:01:34 - [TEST_STEP][PASSED] - Statement - counter = counter + 1: null

2018-12-14 00:01:34 - [TEST_STEP][PASSED] - Statement - PreSaveFile = new java.io.File(((pathPrefix + java.lang.Integer.toString(counter)) + .png)): null

2018-12-14 00:01:34 - [TEST_STEP][PASSED] - Statement - counter = counter + 1: null

2018-12-14 00:01:34 - [TEST_STEP][PASSED] - Statement - PreSaveFile = new java.io.File(((pathPrefix + java.lang.Integer.toString(counter)) + .png)): null

2018-12-14 00:01:34 - [TEST_STEP][PASSED] - Statement - counter = counter + 1: null

2018-12-14 00:01:34 - [TEST_STEP][PASSED] - Statement - PreSaveFile = new java.io.File(((pathPrefix + java.lang.Integer.toString(counter)) + .png)): null

2018-12-14 00:01:34 - [TEST_STEP][PASSED] - Statement - counter = counter + 1: null

2018-12-14 00:01:34 - [TEST_STEP][PASSED] - Statement - PreSaveFile = new java.io.File(((pathPrefix + java.lang.Integer.toString(counter)) + .png)): null

2018-12-14 00:01:34 - [TEST_STEP][PASSED] - Statement - counter = counter + 1: null

2018-12-14 00:01:34 - [TEST_STEP][PASSED] - Statement - PreSaveFile = new java.io.File(((pathPrefix + java.lang.Integer.toString(counter)) + .png)): null

2018-12-14 00:01:34 - [TEST_STEP][PASSED] - Statement - counter = counter + 1: null

2018-12-14 00:01:34 - [TEST_STEP][PASSED] - Statement - PreSaveFile = new java.io.File(((pathPrefix + java.lang.Integer.toString(counter)) + .png)): null

2018-12-14 00:01:34 - [TEST_STEP][PASSED] - Statement - counter = counter + 1: null

2018-12-14 00:01:34 - [TEST_STEP][PASSED] - Statement - PreSaveFile = new java.io.File(((pathPrefix + java.lang.Integer.toString(counter)) + .png)): null

2018-12-14 00:01:34 - [TEST_STEP][PASSED] - Statement - counter = counter + 1: null

2018-12-14 00:01:34 - [TEST_STEP][PASSED] - Statement - PreSaveFile = new java.io.File(((pathPrefix + java.lang.Integer.toString(counter)) + .png)): null

2018-12-14 00:01:34 - [TEST_STEP][PASSED] - Statement - counter = counter + 1: null

2018-12-14 00:01:34 - [TEST_STEP][PASSED] - Statement - PreSaveFile = new java.io.File(((pathPrefix + java.lang.Integer.toString(counter)) + .png)): null

2018-12-14 00:01:34 - [TEST_STEP][PASSED] - Statement - counter = counter + 1: null

2018-12-14 00:01:34 - [TEST_STEP][PASSED] - Statement - PreSaveFile = new java.io.File(((pathPrefix + java.lang.Integer.toString(counter)) + .png)): null

2018-12-14 00:01:34 - [TEST_STEP][PASSED] - Statement - counter = counter + 1: null

2018-12-14 00:01:34 - [TEST_STEP][PASSED] - Statement - PreSaveFile = new java.io.File(((pathPrefix + java.lang.Integer.toString(counter)) + .png)): null

2018-12-14 00:01:34 - [TEST_STEP][PASSED] - Statement - counter = counter + 1: null

2018-12-14 00:01:34 - [TEST_STEP][PASSED] - Statement - PreSaveFile = new java.io.File(((pathPrefix + java.lang.Integer.toString(counter)) + .png)): null

2018-12-14 00:01:34 - [TEST_STEP][PASSED] - Statement - counter = counter + 1: null

2018-12-14 00:01:34 - [TEST_STEP][PASSED] - Statement - PreSaveFile = new java.io.File(((pathPrefix + java.lang.Integer.toString(counter)) + .png)): null

2018-12-14 00:01:34 - [TEST_STEP][PASSED] - Statement - counter = counter + 1: null

2018-12-14 00:01:34 - [TEST_STEP][PASSED] - Statement - PreSaveFile = new java.io.File(((pathPrefix + java.lang.Integer.toString(counter)) + .png)): null

2018-12-14 00:01:34 - [TEST_STEP][PASSED] - Statement - counter = counter + 1: null

2018-12-14 00:01:34 - [TEST_STEP][PASSED] - Statement - PreSaveFile = new java.io.File(((pathPrefix + java.lang.Integer.toString(counter)) + .png)): null

2018-12-14 00:01:34 - [TEST_STEP][PASSED] - Statement - counter = counter + 1: null

2018-12-14 00:01:34 - [TEST_STEP][PASSED] - Statement - PreSaveFile = new java.io.File(((pathPrefix + java.lang.Integer.toString(counter)) + .png)): null

2018-12-14 00:01:34 - [TEST_STEP][PASSED] - Statement - counter = counter + 1: null

2018-12-14 00:01:34 - [TEST_STEP][PASSED] - Statement - PreSaveFile = new java.io.File(((pathPrefix + java.lang.Integer.toString(counter)) + .png)): null

2018-12-14 00:01:34 - [TEST_STEP][PASSED] - Statement - counter = counter + 1: null

2018-12-14 00:01:34 - [TEST_STEP][PASSED] - Statement - PreSaveFile = new java.io.File(((pathPrefix + java.lang.Integer.toString(counter)) + .png)): null

2018-12-14 00:01:34 - [TEST_STEP][PASSED] - Statement - counter = counter + 1: null

2018-12-14 00:01:34 - [TEST_STEP][PASSED] - Statement - PreSaveFile = new java.io.File(((pathPrefix + java.lang.Integer.toString(counter)) + .png)): null

2018-12-14 00:01:34 - [TEST_STEP][PASSED] - Statement - counter = counter + 1: null

2018-12-14 00:01:34 - [TEST_STEP][PASSED] - Statement - PreSaveFile = new java.io.File(((pathPrefix + java.lang.Integer.toString(counter)) + .png)): null

2018-12-14 00:01:34 - [TEST_STEP][PASSED] - Statement - counter = counter + 1: null

2018-12-14 00:01:34 - [TEST_STEP][PASSED] - Statement - PreSaveFile = new java.io.File(((pathPrefix + java.lang.Integer.toString(counter)) + .png)): null

2018-12-14 00:01:34 - [TEST_STEP][PASSED] - Statement - counter = counter + 1: null

2018-12-14 00:01:34 - [TEST_STEP][PASSED] - Statement - PreSaveFile = new java.io.File(((pathPrefix + java.lang.Integer.toString(counter)) + .png)): null

2018-12-14 00:01:34 - [TEST_STEP][PASSED] - Statement - counter = counter + 1: null

2018-12-14 00:01:34 - [TEST_STEP][PASSED] - Statement - PreSaveFile = new java.io.File(((pathPrefix + java.lang.Integer.toString(counter)) + .png)): null

2018-12-14 00:01:34 - [TEST_STEP][PASSED] - Statement - counter = counter + 1: null

2018-12-14 00:01:34 - [TEST_STEP][PASSED] - Statement - PreSaveFile = new java.io.File(((pathPrefix + java.lang.Integer.toString(counter)) + .png)): null

2018-12-14 00:01:34 - [TEST_STEP][PASSED] - Statement - counter = counter + 1: null

2018-12-14 00:01:34 - [TEST_STEP][PASSED] - Statement - PreSaveFile = new java.io.File(((pathPrefix + java.lang.Integer.toString(counter)) + .png)): null

2018-12-14 00:01:34 - [TEST_STEP][PASSED] - Statement - counter = counter + 1: null

2018-12-14 00:01:34 - [TEST_STEP][PASSED] - Statement - PreSaveFile = new java.io.File(((pathPrefix + java.lang.Integer.toString(counter)) + .png)): null

2018-12-14 00:01:34 - [TEST_STEP][PASSED] - Statement - counter = counter + 1: null

2018-12-14 00:01:34 - [TEST_STEP][PASSED] - Statement - PreSaveFile = new java.io.File(((pathPrefix + java.lang.Integer.toString(counter)) + .png)): null

2018-12-14 00:01:34 - [TEST_STEP][PASSED] - Statement - counter = counter + 1: null

2018-12-14 00:01:34 - [TEST_STEP][PASSED] - Statement - PreSaveFile = new java.io.File(((pathPrefix + java.lang.Integer.toString(counter)) + .png)): null

2018-12-14 00:01:34 - [TEST_STEP][PASSED] - Statement - counter = counter + 1: null

2018-12-14 00:01:34 - [TEST_STEP][PASSED] - Statement - PreSaveFile = new java.io.File(((pathPrefix + java.lang.Integer.toString(counter)) + .png)): null

2018-12-14 00:01:34 - [TEST_STEP][PASSED] - Statement - counter = counter + 1: null

2018-12-14 00:01:34 - [TEST_STEP][PASSED] - Statement - PreSaveFile = new java.io.File(((pathPrefix + java.lang.Integer.toString(counter)) + .png)): null

2018-12-14 00:01:34 - [TEST_STEP][PASSED] - Statement - counter = counter + 1: null

2018-12-14 00:01:34 - [TEST_STEP][PASSED] - Statement - PreSaveFile = new java.io.File(((pathPrefix + java.lang.Integer.toString(counter)) + .png)): null

2018-12-14 00:01:34 - [TEST_STEP][PASSED] - Statement - finalPath = pathPrefix + java.lang.Integer.toString(counter) + ".png": null

2018-12-14 00:01:34 - [TEST_STEP][PASSED] - Statement - SaveFile = new java.io.File(finalPath): null

2018-12-14 00:01:34 - [TEST_STEP][PASSED] - Statement - Try: null

2018-12-14 00:01:34 - [TEST_STEP][PASSED] - Statement - org.apache.commons.io.FileUtils.copyFile(scrFile, SaveFile): null

2018-12-14 00:01:34 - [TEST_STEP][PASSED] - Statement - out.println("file kept"): null

2018-12-14 00:01:34 - [TEST_STEP][PASSED] - delay: Delayed 10 second(s)

2018-12-14 00:01:44 - [MESSAGE][PASSED] - Delayed 10 second(s)

2018-12-14 00:01:44 - [MESSAGE][PASSED] - Call Test Case 'Test Cases/Final Aug 2018 - PKS Automation/Registration Module/New Registration/Submit and Screenshot/Submit Registration and Screenshot' successfully

2018-12-14 00:01:44 - [TEST_STEP][PASSED] - callTestCase: Call Test Case 'Test Cases/Final Aug 2018 - PKS Automation/Registration Module/Log Out/log out avoiding katalon tagging' successfully

2018-12-14 00:01:44 - [TEST_CASE][PASSED] - Test Cases/Final Aug 2018 - PKS Automation/Registration Module/Log Out/log out avoiding katalon tagging: Test Cases/Final Aug 2018 - PKS Automation/Registration Module/Log Out/log out avoiding katalon tagging

2018-12-14 00:01:44 - [TEST_STEP][PASSED] - navigateToUrl: Navigate to 'https://assist2-uat.perkeso.gov.my/c/portal/logout' successfully

2018-12-14 00:01:45 - [MESSAGE][PASSED] - Navigate to 'https://assist2-uat.perkeso.gov.my/c/portal/logout' successfully

2018-12-14 00:01:45 - [MESSAGE][PASSED] - Call Test Case 'Test Cases/Final Aug 2018 - PKS Automation/Registration Module/Log Out/log out avoiding katalon tagging' successfully

2018-12-14 00:01:45 - [TEST_STEP][PASSED] - callTestCase: Call Test Case 'Test Cases/Final Aug 2018 - PKS Automation/Common/Workflow Owner Finder' successfully

2018-12-14 00:01:45 - [TEST_CASE][PASSED] - Test Cases/Final Aug 2018 - PKS Automation/Common/Workflow Owner Finder: Test Cases/Final Aug 2018 - PKS Automation/Common/Workflow Owner Finder

2018-12-14 00:01:45 - [TEST_STEP][PASSED] - openBrowser: Browser is opened with url: ''

2018-12-14 00:01:45 - [MESSAGE][WARNING] - A browser is already opened. Closing browser and opening a new one

2018-12-14 00:01:48 - [MESSAGE][PASSED] - Browser is opened with url: ''

2018-12-14 00:01:48 - [TEST_STEP][PASSED] - navigateToUrl: Navigate to 'https://assist2-uat.perkeso.gov.my/login' successfully

2018-12-14 00:01:49 - [MESSAGE][PASSED] - Navigate to 'https://assist2-uat.perkeso.gov.my/login' successfully

2018-12-14 00:01:49 - [TEST_STEP][PASSED] - delay: Delayed 5 second(s)

2018-12-14 00:01:54 - [MESSAGE][PASSED] - Delayed 5 second(s)

2018-12-14 00:01:54 - [TEST_STEP][PASSED] - setText: Text 'test@liferay.com' is set on object 'Object Repository/Final Object Repo/Login Page/Internal User/Email Address'

2018-12-14 00:01:55 - [MESSAGE][PASSED] - Text 'test@liferay.com' is set on object 'Object Repository/Final Object Repo/Login Page/Internal User/Email Address'

2018-12-14 00:01:55 - [TEST_STEP][PASSED] - click: Object: 'Object Repository/Final Object Repo/Login Page/Internal User/Next Button' is clicked on

2018-12-14 00:01:55 - [MESSAGE][PASSED] - Object: 'Object Repository/Final Object Repo/Login Page/Internal User/Next Button' is clicked on

2018-12-14 00:01:55 - [TEST_STEP][PASSED] - delay: Delayed 2 second(s)

2018-12-14 00:01:57 - [MESSAGE][PASSED] - Delayed 2 second(s)

2018-12-14 00:01:57 - [TEST_STEP][PASSED] - setText: Text 'test' is set on object 'Object Repository/Final Object Repo/Login Page/Internal User/Password'

2018-12-14 00:01:57 - [MESSAGE][PASSED] - Text 'test' is set on object 'Object Repository/Final Object Repo/Login Page/Internal User/Password'

2018-12-14 00:01:57 - [TEST_STEP][PASSED] - delay: Delayed 2 second(s)

2018-12-14 00:01:59 - [MESSAGE][PASSED] - Delayed 2 second(s)

2018-12-14 00:01:59 - [TEST_STEP][PASSED] - click: Object: 'Object Repository/Final Object Repo/Login Page/Internal User/Login Button' is clicked on

2018-12-14 00:01:59 - [MESSAGE][PASSED] - Object: 'Object Repository/Final Object Repo/Login Page/Internal User/Login Button' is clicked on

2018-12-14 00:01:59 - [TEST_STEP][PASSED] - Statement - tester = com.kms.katalon.core.testobject.ObjectRepository.findTestObject(Final Object Repo/Landing Page/Select to English): Finding Test Object with id 'Object Repository/Final Object Repo/Landing Page/Select to English'

2018-12-14 00:01:59 - [TEST_STEP][PASSED] - Statement - Try: Delayed 2 second(s)

2018-12-14 00:01:59 - [TEST_STEP][PASSED] - Statement - Checker = com.kms.katalon.core.webui.keyword.WebUiBuiltInKeywords.verifyElementNotPresent(tester, 3): Web element with id: 'Object Repository/Final Object Repo/Landing Page/Select to English' located by 'By.xpath: //a[@class = 'taglib-language-list-text' and @lang = 'en-US' and (contains(text(), 'EN') or contains(., 'EN'))]' is not present after '3' second(s)

2018-12-14 00:02:01 - [MESSAGE][PASSED] - Web element with id: 'Object Repository/Final Object Repo/Landing Page/Select to English' located by 'By.xpath: //a[@class = 'taglib-language-list-text' and @lang = 'en-US' and (contains(text(), 'EN') or contains(., 'EN'))]' is not present after '3' second(s)

2018-12-14 00:02:01 - [TEST_STEP][PASSED] - Statement - If (Checker == false): null

2018-12-14 00:02:01 - [TEST_STEP][PASSED] - delay: Delayed 2 second(s)

2018-12-14 00:02:03 - [MESSAGE][PASSED] - Delayed 2 second(s)

2018-12-14 00:02:03 - [TEST_STEP][PASSED] - delay: Delayed 5 second(s)

2018-12-14 00:02:08 - [MESSAGE][PASSED] - Delayed 5 second(s)

2018-12-14 00:02:08 - [TEST_STEP][PASSED] - mouseOver: Object: 'Object Repository/Final Object Repo/Landing Page/WorkFlow Menu' is hovered

2018-12-14 00:02:08 - [MESSAGE][PASSED] - Object: 'Object Repository/Final Object Repo/Landing Page/WorkFlow Menu' is hovered

2018-12-14 00:02:08 - [TEST_STEP][PASSED] - delay: Delayed 2 second(s)

2018-12-14 00:02:10 - [MESSAGE][PASSED] - Delayed 2 second(s)

2018-12-14 00:02:10 - [TEST_STEP][PASSED] - click: Object: 'Object Repository/Final Object Repo/Landing Page/Select to Workflow Listing' is clicked on

2018-12-14 00:02:11 - [MESSAGE][PASSED] - Object: 'Object Repository/Final Object Repo/Landing Page/Select to Workflow Listing' is clicked on

2018-12-14 00:02:11 - [TEST_STEP][PASSED] - delay: Delayed 2 second(s)

2018-12-14 00:02:13 - [MESSAGE][PASSED] - Delayed 2 second(s)

2018-12-14 00:02:13 - [TEST_STEP][PASSED] - click: Object: 'Object Repository/Final Object Repo/WorkFlow Listing Page/Search Information - To Put Ref No' is clicked on

2018-12-14 00:02:14 - [MESSAGE][PASSED] - Object: 'Object Repository/Final Object Repo/WorkFlow Listing Page/Search Information - To Put Ref No' is clicked on

2018-12-14 00:02:14 - [TEST_STEP][PASSED] - delay: Delayed 2 second(s)

2018-12-14 00:02:16 - [MESSAGE][PASSED] - Delayed 2 second(s)

2018-12-14 00:02:16 - [TEST_STEP][PASSED] - callTestCase: Call Test Case 'Test Cases/Final Aug 2018 - PKS Automation/Common/Reference Number Getter' successfully

2018-12-14 00:02:16 - [TEST_CASE][PASSED] - Test Cases/Final Aug 2018 - PKS Automation/Common/Reference Number Getter: Test Cases/Final Aug 2018 - PKS Automation/Common/Reference Number Getter

2018-12-14 00:02:16 - [TEST_STEP][PASSED] - Statement - Try: null

2018-12-14 00:02:16 - [TEST_STEP][PASSED] - Statement - RefNo = new java.io.File(C://Users//Admin//Desktop//PKS//Automation Reference Point//KatalonReference.txt): null

2018-12-14 00:02:16 - [TEST_STEP][PASSED] - Statement - bufferread = new java.io.BufferedReader(new java.io.FileReader(RefNo)): null

2018-12-14 00:02:16 - [TEST_STEP][PASSED] - Statement - readedVal = bufferread.readLine(): null

2018-12-14 00:02:16 - [TEST_STEP][PASSED] - Statement - out.println(CaseReferenceNo): null

2018-12-14 00:02:16 - [TEST_STEP][PASSED] - Statement - out.println(readedVal): null

2018-12-14 00:02:16 - [TEST_STEP][PASSED] - Statement - CaseReferenceNo = "": null

2018-12-14 00:02:16 - [TEST_STEP][PASSED] - Statement - CaseReferenceNo = readedVal: null

2018-12-14 00:02:16 - [MESSAGE][PASSED] - Call Test Case 'Test Cases/Final Aug 2018 - PKS Automation/Common/Reference Number Getter' successfully

2018-12-14 00:02:16 - [TEST_STEP][PASSED] - setText: Text 'CRN12201800123320' is set on object 'Object Repository/Final Object Repo/WorkFlow Listing Page/Ref No Set Text'

2018-12-14 00:02:16 - [MESSAGE][PASSED] - Text 'CRN12201800123320' is set on object 'Object Repository/Final Object Repo/WorkFlow Listing Page/Ref No Set Text'

2018-12-14 00:02:16 - [TEST_STEP][PASSED] - delay: Delayed 2 second(s)

2018-12-14 00:02:18 - [MESSAGE][PASSED] - Delayed 2 second(s)

2018-12-14 00:02:18 - [TEST_STEP][PASSED] - click: Object: 'Object Repository/Final Object Repo/WorkFlow Listing Page/Search Ref No Search Button' is clicked on

2018-12-14 00:02:18 - [MESSAGE][PASSED] - Object: 'Object Repository/Final Object Repo/WorkFlow Listing Page/Search Ref No Search Button' is clicked on

2018-12-14 00:02:18 - [TEST_STEP][PASSED] - delay: Delayed 6 second(s)

2018-12-14 00:02:24 - [MESSAGE][PASSED] - Delayed 6 second(s)

2018-12-14 00:02:24 - [TEST_STEP][PASSED] - click: Object: 'Object Repository/Final Object Repo/WorkFlow Listing Page/Click Continue Tooltip' is clicked on

2018-12-14 00:02:25 - [MESSAGE][PASSED] - Object: 'Object Repository/Final Object Repo/WorkFlow Listing Page/Click Continue Tooltip' is clicked on

2018-12-14 00:02:25 - [TEST_STEP][PASSED] - delay: Delayed 5 second(s)

2018-12-14 00:02:30 - [MESSAGE][PASSED] - Delayed 5 second(s)

2018-12-14 00:02:30 - [TEST_STEP][PASSED] - doubleClick: Object: 'Object Repository/Final Object Repo/WorkFlow Listing Page/Workflow Found - Listing 1' is double clicked on

2018-12-14 00:02:30 - [MESSAGE][PASSED] - Object: 'Object Repository/Final Object Repo/WorkFlow Listing Page/Workflow Found - Listing 1' is double clicked on

2018-12-14 00:02:30 - [TEST_STEP][PASSED] - Statement - println(OwnerID): null

2018-12-14 00:02:30 - [TEST_STEP][PASSED] - Statement - OwnerID = com.kms.katalon.core.webui.keyword.WebUiBuiltInKeywords.getText(com.kms.katalon.core.testobject.ObjectRepository.findTestObject(Final Object Repo/WorkFlow Listing Page/Workflow Found - Listing 1), STOP_ON_FAILURE): Text of object 'Object Repository/Final Object Repo/WorkFlow Listing Page/Workflow Found - Listing 1' is: 'JOHORro3'

2018-12-14 00:02:30 - [MESSAGE][PASSED] - Text of object 'Object Repository/Final Object Repo/WorkFlow Listing Page/Workflow Found - Listing 1' is: 'JOHORro3'

2018-12-14 00:02:30 - [TEST_STEP][PASSED] - Statement - OwnerID = OwnerID.toLowerCase() + "@gmail.com": null

2018-12-14 00:02:30 - [TEST_STEP][PASSED] - Statement - println(OwnerID): null

2018-12-14 00:02:30 - [TEST_STEP][PASSED] - delay: Delayed 2 second(s)

2018-12-14 00:02:32 - [MESSAGE][PASSED] - Delayed 2 second(s)

2018-12-14 00:02:32 - [MESSAGE][PASSED] - Call Test Case 'Test Cases/Final Aug 2018 - PKS Automation/Common/Workflow Owner Finder' successfully

2018-12-14 00:02:32 - [TEST_STEP][PASSED] - callTestCase: Call Test Case 'Test Cases/Final Aug 2018 - PKS Automation/Registration Module/Log Out/log out avoiding katalon tagging' successfully

2018-12-14 00:02:32 - [TEST_CASE][PASSED] - Test Cases/Final Aug 2018 - PKS Automation/Registration Module/Log Out/log out avoiding katalon tagging: Test Cases/Final Aug 2018 - PKS Automation/Registration Module/Log Out/log out avoiding katalon tagging

2018-12-14 00:02:32 - [TEST_STEP][PASSED] - navigateToUrl: Navigate to 'https://assist2-uat.perkeso.gov.my/c/portal/logout' successfully

2018-12-14 00:02:33 - [MESSAGE][PASSED] - Navigate to 'https://assist2-uat.perkeso.gov.my/c/portal/logout' successfully

2018-12-14 00:02:33 - [MESSAGE][PASSED] - Call Test Case 'Test Cases/Final Aug 2018 - PKS Automation/Registration Module/Log Out/log out avoiding katalon tagging' successfully

2018-12-14 00:02:33 - [TEST_STEP][PASSED] - delay: Delayed 2 second(s)

2018-12-14 00:02:35 - [MESSAGE][PASSED] - Delayed 2 second(s)

2018-12-14 00:02:35 - [TEST_STEP][PASSED] - setText: Text 'johorro3@gmail.com' is set on object 'Object Repository/Final Object Repo/New Registration - Registration Module Pages/New Reg - OTC to RO/Special Case - All Related Objects/Email TextBox'

2018-12-14 00:02:36 - [MESSAGE][PASSED] - Text 'johorro3@gmail.com' is set on object 'Object Repository/Final Object Repo/New Registration - Registration Module Pages/New Reg - OTC to RO/Special Case - All Related Objects/Email TextBox'

2018-12-14 00:02:36 - [TEST_STEP][PASSED] - click: Object: 'Object Repository/Final Object Repo/New Registration - Registration Module Pages/New Reg - OTC to RO/Special Case - All Related Objects/Next Button' is clicked on

2018-12-14 00:02:36 - [MESSAGE][PASSED] - Object: 'Object Repository/Final Object Repo/New Registration - Registration Module Pages/New Reg - OTC to RO/Special Case - All Related Objects/Next Button' is clicked on

2018-12-14 00:02:36 - [TEST_STEP][PASSED] - delay: Delayed 2 second(s)

2018-12-14 00:02:38 - [MESSAGE][PASSED] - Delayed 2 second(s)

2018-12-14 00:02:38 - [TEST_STEP][PASSED] - setText: Text 'Test1@3456789' is set on object 'Object Repository/Final Object Repo/New Registration - Registration Module Pages/New Reg - OTC to RO/Special Case - All Related Objects/Password TextBox'

2018-12-14 00:02:38 - [MESSAGE][PASSED] - Text 'Test1@3456789' is set on object 'Object Repository/Final Object Repo/New Registration - Registration Module Pages/New Reg - OTC to RO/Special Case - All Related Objects/Password TextBox'

2018-12-14 00:02:38 - [TEST_STEP][PASSED] - delay: Delayed 2 second(s)

2018-12-14 00:02:40 - [MESSAGE][PASSED] - Delayed 2 second(s)

2018-12-14 00:02:40 - [TEST_STEP][PASSED] - click: Object: 'Object Repository/Final Object Repo/New Registration - Registration Module Pages/New Reg - OTC to RO/Special Case - All Related Objects/Login Button' is clicked on

2018-12-14 00:02:40 - [MESSAGE][PASSED] - Object: 'Object Repository/Final Object Repo/New Registration - Registration Module Pages/New Reg - OTC to RO/Special Case - All Related Objects/Login Button' is clicked on

2018-12-14 00:02:40 - [TEST_STEP][PASSED] - delay: Delayed 2 second(s)

2018-12-14 00:02:42 - [MESSAGE][PASSED] - Delayed 2 second(s)

2018-12-14 00:02:42 - [TEST_STEP][PASSED] - Statement - Try: null

2018-12-14 00:02:42 - [TEST_STEP][PASSED] - Statement - Checker = com.kms.katalon.core.webui.keyword.WebUiBuiltInKeywords.verifyElementNotPresent("Final Object Repo/Landing Page/Select to English", 3): null

2018-12-14 00:02:42 - [TEST_STEP][PASSED] - Statement - Catch (Exception e): null

2018-12-14 00:02:42 - [TEST_STEP][PASSED] - Statement - e.printStackTrace(): null

2018-12-14 00:02:42 - [TEST_STEP][PASSED] - click: Object: 'Object Repository/Final Object Repo/New Registration - Registration Module Pages/New Reg - OTC to RO/Special Case - All Related Objects/Expand to Search' is clicked on

2018-12-14 00:02:42 - [MESSAGE][PASSED] - Object: 'Object Repository/Final Object Repo/New Registration - Registration Module Pages/New Reg - OTC to RO/Special Case - All Related Objects/Expand to Search' is clicked on

2018-12-14 00:02:42 - [TEST_STEP][FAILED] - setText: Unable to set text 'CRN12201800123320' of object 'Object Repository/Final Object Repo/New Registration - Registration Module Pages/New Reg - OTC to RO/Special Case - All Related Objects/TextBox RefNo in Workbasket' (Root cause: org.openqa.selenium.ElementNotVisibleException: element not interactable
  (Session info: chrome=70.0.3538.110)
  (Driver info: chromedriver=2.43.600210 (68dcf5eebde37173d4027fa8635e332711d2874a),platform=Windows NT 6.1.7601 SP1 x86_64) (WARNING: The server did not provide any stacktrace information)
Command duration or timeout: 0 milliseconds
Build info: version: '3.7.1', revision: '8a0099a', time: '2017-11-06T21:07:36.161Z'
System info: host: 'WIN7TEST02', ip: '10.20.3.72', os.name: 'Windows 7', os.arch: 'amd64', os.version: '6.1', java.version: '1.8.0_181'
Driver info: com.kms.katalon.selenium.driver.CChromeDriver
Capabilities {acceptInsecureCerts: false, acceptSslCerts: false, applicationCacheEnabled: false, browserConnectionEnabled: false, browserName: chrome, chrome: {chromedriverVersion: 2.43.600210 (68dcf5eebde371..., userDataDir: C:\Users\Admin\AppData\Loca...}, cssSelectorsEnabled: true, databaseEnabled: false, goog:chromeOptions: {debuggerAddress: localhost:62446}, handlesAlerts: true, hasTouchScreen: false, javascriptEnabled: true, locationContextEnabled: true, mobileEmulationEnabled: false, nativeEvents: true, networkConnectionEnabled: false, pageLoadStrategy: normal, platform: XP, platformName: XP, rotatable: false, setWindowRect: true, takesHeapSnapshot: true, takesScreenshot: true, unexpectedAlertBehaviour: , unhandledPromptBehavior: , version: 70.0.3538.110, webStorageEnabled: true}
Session ID: d677c9e2d626e307db6045f24a44205e)

2018-12-14 00:02:43 - [MESSAGE][FAILED] - Unable to set text 'CRN12201800123320' of object 'Object Repository/Final Object Repo/New Registration - Registration Module Pages/New Reg - OTC to RO/Special Case - All Related Objects/TextBox RefNo in Workbasket' (Root cause: org.openqa.selenium.ElementNotVisibleException: element not interactable
  (Session info: chrome=70.0.3538.110)
  (Driver info: chromedriver=2.43.600210 (68dcf5eebde37173d4027fa8635e332711d2874a),platform=Windows NT 6.1.7601 SP1 x86_64) (WARNING: The server did not provide any stacktrace information)
Command duration or timeout: 0 milliseconds
Build info: version: '3.7.1', revision: '8a0099a', time: '2017-11-06T21:07:36.161Z'
System info: host: 'WIN7TEST02', ip: '10.20.3.72', os.name: 'Windows 7', os.arch: 'amd64', os.version: '6.1', java.version: '1.8.0_181'
Driver info: com.kms.katalon.selenium.driver.CChromeDriver
Capabilities {acceptInsecureCerts: false, acceptSslCerts: false, applicationCacheEnabled: false, browserConnectionEnabled: false, browserName: chrome, chrome: {chromedriverVersion: 2.43.600210 (68dcf5eebde371..., userDataDir: C:\Users\Admin\AppData\Loca...}, cssSelectorsEnabled: true, databaseEnabled: false, goog:chromeOptions: {debuggerAddress: localhost:62446}, handlesAlerts: true, hasTouchScreen: false, javascriptEnabled: true, locationContextEnabled: true, mobileEmulationEnabled: false, nativeEvents: true, networkConnectionEnabled: false, pageLoadStrategy: normal, platform: XP, platformName: XP, rotatable: false, setWindowRect: true, takesHeapSnapshot: true, takesScreenshot: true, unexpectedAlertBehaviour: , unhandledPromptBehavior: , version: 70.0.3538.110, webStorageEnabled: true}
Session ID: d677c9e2d626e307db6045f24a44205e)
[[ATTACHMENT|C:\\Users\\Admin\\Desktop\\PKS\\Perkeso Phase A\\Reports\\Workflow\\New Registration\\20181213_194711\\1544716962959.png]]

2018-12-14 00:02:43 - [TEST_STEP][PASSED] - delay: Delayed 2 second(s)

2018-12-14 00:02:45 - [MESSAGE][PASSED] - Delayed 2 second(s)

2018-12-14 00:02:45 - [TEST_STEP][PASSED] - click: Object: 'Object Repository/Final Object Repo/New Registration - Registration Module Pages/New Reg - OTC to RO/Special Case - All Related Objects/Click Search' is clicked on

2018-12-14 00:02:45 - [MESSAGE][PASSED] - Object: 'Object Repository/Final Object Repo/New Registration - Registration Module Pages/New Reg - OTC to RO/Special Case - All Related Objects/Click Search' is clicked on

2018-12-14 00:02:45 - [TEST_STEP][PASSED] - delay: Delayed 2 second(s)

2018-12-14 00:02:47 - [MESSAGE][PASSED] - Delayed 2 second(s)

2018-12-14 00:02:47 - [TEST_STEP][PASSED] - click: Object: 'Object Repository/Final Object Repo/New Registration - Registration Module Pages/New Reg - OTC to RO/Special Case - All Related Objects/Click to Continue Workflow' is clicked on

2018-12-14 00:02:50 - [MESSAGE][PASSED] - Object: 'Object Repository/Final Object Repo/New Registration - Registration Module Pages/New Reg - OTC to RO/Special Case - All Related Objects/Click to Continue Workflow' is clicked on

2018-12-14 00:02:50 - [TEST_STEP][PASSED] - delay: Delayed 2 second(s)

2018-12-14 00:02:52 - [MESSAGE][PASSED] - Delayed 2 second(s)

2018-12-14 00:02:52 - [TEST_STEP][PASSED] - click: Object: 'Object Repository/Final Object Repo/New Registration - Registration Module Pages/New Reg - OTC to RO/Special Case - All Related Objects/Continue Button in verifying case' is clicked on

2018-12-14 00:02:54 - [MESSAGE][PASSED] - Object: 'Object Repository/Final Object Repo/New Registration - Registration Module Pages/New Reg - OTC to RO/Special Case - All Related Objects/Continue Button in verifying case' is clicked on

2018-12-14 00:02:54 - [TEST_STEP][PASSED] - delay: Delayed 2 second(s)

2018-12-14 00:02:56 - [MESSAGE][PASSED] - Delayed 2 second(s)

2018-12-14 00:02:56 - [TEST_STEP][PASSED] - click: Object: 'Object Repository/Final Object Repo/New Registration - Registration Module Pages/Form 1/Registered As a Branch - Yes' is clicked on

2018-12-14 00:02:56 - [MESSAGE][PASSED] - Object: 'Object Repository/Final Object Repo/New Registration - Registration Module Pages/Form 1/Registered As a Branch - Yes' is clicked on

2018-12-14 00:02:56 - [TEST_STEP][PASSED] - delay: Delayed 2 second(s)

2018-12-14 00:02:58 - [MESSAGE][PASSED] - Delayed 2 second(s)

2018-12-14 00:02:58 - [TEST_STEP][PASSED] - click: Object: 'Object Repository/Final Object Repo/New Registration - Registration Module Pages/New Reg - OTC to RO/Special Case - All Related Objects/Form 1 Save n Continue' is clicked on

2018-12-14 00:02:58 - [MESSAGE][PASSED] - Object: 'Object Repository/Final Object Repo/New Registration - Registration Module Pages/New Reg - OTC to RO/Special Case - All Related Objects/Form 1 Save n Continue' is clicked on

2018-12-14 00:02:58 - [TEST_STEP][PASSED] - delay: Delayed 2 second(s)

2018-12-14 00:03:00 - [MESSAGE][PASSED] - Delayed 2 second(s)

2018-12-14 00:03:00 - [TEST_STEP][PASSED] - click: Object: 'Object Repository/Final Object Repo/New Registration - Registration Module Pages/New Reg - OTC to RO/Special Case - All Related Objects/Form 2 Save n Continue' is clicked on

2018-12-14 00:03:01 - [MESSAGE][PASSED] - Object: 'Object Repository/Final Object Repo/New Registration - Registration Module Pages/New Reg - OTC to RO/Special Case - All Related Objects/Form 2 Save n Continue' is clicked on

2018-12-14 00:03:01 - [TEST_STEP][PASSED] - delay: Delayed 2 second(s)

2018-12-14 00:03:03 - [MESSAGE][PASSED] - Delayed 2 second(s)

2018-12-14 00:03:03 - [TEST_STEP][PASSED] - click: Object: 'Object Repository/Final Object Repo/New Registration - Registration Module Pages/New Reg - OTC to RO/Special Case - All Related Objects/Third Screen Save n Continue' is clicked on

2018-12-14 00:03:08 - [MESSAGE][PASSED] - Object: 'Object Repository/Final Object Repo/New Registration - Registration Module Pages/New Reg - OTC to RO/Special Case - All Related Objects/Third Screen Save n Continue' is clicked on

2018-12-14 00:03:08 - [TEST_STEP][PASSED] - delay: Delayed 5 second(s)

2018-12-14 00:03:13 - [MESSAGE][PASSED] - Delayed 5 second(s)

2018-12-14 00:03:13 - [TEST_STEP][PASSED] - setText: Text 'Query case' is set on object 'Object Repository/Final Object Repo/New Registration - Registration Module Pages/New Reg - OTC to RO/Special Case - All Related Objects/Query Text Input'

2018-12-14 00:03:13 - [MESSAGE][PASSED] - Text 'Query case' is set on object 'Object Repository/Final Object Repo/New Registration - Registration Module Pages/New Reg - OTC to RO/Special Case - All Related Objects/Query Text Input'

2018-12-14 00:03:13 - [TEST_STEP][PASSED] - delay: Delayed 5 second(s)

2018-12-14 00:03:18 - [MESSAGE][PASSED] - Delayed 5 second(s)

2018-12-14 00:03:18 - [TEST_STEP][PASSED] - click: Object: 'Object Repository/Final Object Repo/New Registration - Registration Module Pages/New Reg - OTC to RO/Special Case - All Related Objects/Upload Doc Page Save n Continue' is clicked on

2018-12-14 00:03:19 - [MESSAGE][PASSED] - Object: 'Object Repository/Final Object Repo/New Registration - Registration Module Pages/New Reg - OTC to RO/Special Case - All Related Objects/Upload Doc Page Save n Continue' is clicked on

2018-12-14 00:03:19 - [TEST_STEP][PASSED] - click: Object: 'Object Repository/Final Object Repo/New Registration - Registration Module Pages/New Reg - OTC to RO/Special Case - All Related Objects/Query Button' is clicked on

2018-12-14 00:03:23 - [MESSAGE][PASSED] - Object: 'Object Repository/Final Object Repo/New Registration - Registration Module Pages/New Reg - OTC to RO/Special Case - All Related Objects/Query Button' is clicked on

2018-12-14 00:03:23 - [TEST_STEP][FAILED] - click: Unable to click on object 'Object Repository/Final Object Repo/New Registration - Registration Module Pages/New Reg - OTC to RO/Special Case - All Related Objects/Confirm to Query' (Root cause: org.openqa.selenium.ElementNotVisibleException: element not interactable
  (Session info: chrome=70.0.3538.110)
  (Driver info: chromedriver=2.43.600210 (68dcf5eebde37173d4027fa8635e332711d2874a),platform=Windows NT 6.1.7601 SP1 x86_64) (WARNING: The server did not provide any stacktrace information)
Command duration or timeout: 0 milliseconds
Build info: version: '3.7.1', revision: '8a0099a', time: '2017-11-06T21:07:36.161Z'
System info: host: 'WIN7TEST02', ip: '10.20.3.72', os.name: 'Windows 7', os.arch: 'amd64', os.version: '6.1', java.version: '1.8.0_181'
Driver info: com.kms.katalon.selenium.driver.CChromeDriver
Capabilities {acceptInsecureCerts: false, acceptSslCerts: false, applicationCacheEnabled: false, browserConnectionEnabled: false, browserName: chrome, chrome: {chromedriverVersion: 2.43.600210 (68dcf5eebde371..., userDataDir: C:\Users\Admin\AppData\Loca...}, cssSelectorsEnabled: true, databaseEnabled: false, goog:chromeOptions: {debuggerAddress: localhost:62446}, handlesAlerts: true, hasTouchScreen: false, javascriptEnabled: true, locationContextEnabled: true, mobileEmulationEnabled: false, nativeEvents: true, networkConnectionEnabled: false, pageLoadStrategy: normal, platform: XP, platformName: XP, rotatable: false, setWindowRect: true, takesHeapSnapshot: true, takesScreenshot: true, unexpectedAlertBehaviour: , unhandledPromptBehavior: , version: 70.0.3538.110, webStorageEnabled: true}
Session ID: d677c9e2d626e307db6045f24a44205e)

2018-12-14 00:03:23 - [MESSAGE][FAILED] - Unable to click on object 'Object Repository/Final Object Repo/New Registration - Registration Module Pages/New Reg - OTC to RO/Special Case - All Related Objects/Confirm to Query' (Root cause: org.openqa.selenium.ElementNotVisibleException: element not interactable
  (Session info: chrome=70.0.3538.110)
  (Driver info: chromedriver=2.43.600210 (68dcf5eebde37173d4027fa8635e332711d2874a),platform=Windows NT 6.1.7601 SP1 x86_64) (WARNING: The server did not provide any stacktrace information)
Command duration or timeout: 0 milliseconds
Build info: version: '3.7.1', revision: '8a0099a', time: '2017-11-06T21:07:36.161Z'
System info: host: 'WIN7TEST02', ip: '10.20.3.72', os.name: 'Windows 7', os.arch: 'amd64', os.version: '6.1', java.version: '1.8.0_181'
Driver info: com.kms.katalon.selenium.driver.CChromeDriver
Capabilities {acceptInsecureCerts: false, acceptSslCerts: false, applicationCacheEnabled: false, browserConnectionEnabled: false, browserName: chrome, chrome: {chromedriverVersion: 2.43.600210 (68dcf5eebde371..., userDataDir: C:\Users\Admin\AppData\Loca...}, cssSelectorsEnabled: true, databaseEnabled: false, goog:chromeOptions: {debuggerAddress: localhost:62446}, handlesAlerts: true, hasTouchScreen: false, javascriptEnabled: true, locationContextEnabled: true, mobileEmulationEnabled: false, nativeEvents: true, networkConnectionEnabled: false, pageLoadStrategy: normal, platform: XP, platformName: XP, rotatable: false, setWindowRect: true, takesHeapSnapshot: true, takesScreenshot: true, unexpectedAlertBehaviour: , unhandledPromptBehavior: , version: 70.0.3538.110, webStorageEnabled: true}
Session ID: d677c9e2d626e307db6045f24a44205e)
[[ATTACHMENT|C:\\Users\\Admin\\Desktop\\PKS\\Perkeso Phase A\\Reports\\Workflow\\New Registration\\20181213_194711\\1544717003525.png]]

2018-12-14 00:03:23 - [TEST_STEP][PASSED] - callTestCase: Call Test Case 'Test Cases/Final Aug 2018 - PKS Automation/Registration Module/Log Out/log out avoiding katalon tagging' successfully

2018-12-14 00:03:23 - [TEST_CASE][PASSED] - Test Cases/Final Aug 2018 - PKS Automation/Registration Module/Log Out/log out avoiding katalon tagging: Test Cases/Final Aug 2018 - PKS Automation/Registration Module/Log Out/log out avoiding katalon tagging

2018-12-14 00:03:23 - [TEST_STEP][PASSED] - navigateToUrl: Navigate to 'https://assist2-uat.perkeso.gov.my/c/portal/logout' successfully

2018-12-14 00:03:24 - [MESSAGE][PASSED] - Navigate to 'https://assist2-uat.perkeso.gov.my/c/portal/logout' successfully

2018-12-14 00:03:24 - [MESSAGE][PASSED] - Call Test Case 'Test Cases/Final Aug 2018 - PKS Automation/Registration Module/Log Out/log out avoiding katalon tagging' successfully

2018-12-14 00:03:24 - [TEST_STEP][PASSED] - delay: Delayed 2 second(s)

2018-12-14 00:03:26 - [MESSAGE][PASSED] - Delayed 2 second(s)

2018-12-14 00:03:26 - [TEST_STEP][PASSED] - setText: Text 'klotc2@gmail.com' is set on object 'Object Repository/Final Object Repo/Login Page/Internal User/Email Address'

2018-12-14 00:03:26 - [MESSAGE][PASSED] - Text 'klotc2@gmail.com' is set on object 'Object Repository/Final Object Repo/Login Page/Internal User/Email Address'

2018-12-14 00:03:26 - [TEST_STEP][PASSED] - click: Object: 'Object Repository/Final Object Repo/Login Page/Internal User/Next Button' is clicked on

2018-12-14 00:03:27 - [MESSAGE][PASSED] - Object: 'Object Repository/Final Object Repo/Login Page/Internal User/Next Button' is clicked on

2018-12-14 00:03:27 - [TEST_STEP][PASSED] - delay: Delayed 2 second(s)

2018-12-14 00:03:29 - [MESSAGE][PASSED] - Delayed 2 second(s)

2018-12-14 00:03:29 - [TEST_STEP][PASSED] - setText: Text 'Test1@3456789' is set on object 'Object Repository/Final Object Repo/Login Page/Internal User/Password'

2018-12-14 00:03:29 - [MESSAGE][PASSED] - Text 'Test1@3456789' is set on object 'Object Repository/Final Object Repo/Login Page/Internal User/Password'

2018-12-14 00:03:29 - [TEST_STEP][PASSED] - delay: Delayed 2 second(s)

2018-12-14 00:03:31 - [MESSAGE][PASSED] - Delayed 2 second(s)

2018-12-14 00:03:31 - [TEST_STEP][PASSED] - click: Object: 'Object Repository/Final Object Repo/Login Page/Internal User/Login Button' is clicked on

2018-12-14 00:03:31 - [MESSAGE][PASSED] - Object: 'Object Repository/Final Object Repo/Login Page/Internal User/Login Button' is clicked on

2018-12-14 00:03:31 - [TEST_STEP][PASSED] - delay: Delayed 2 second(s)

2018-12-14 00:03:33 - [MESSAGE][PASSED] - Delayed 2 second(s)

2018-12-14 00:03:33 - [TEST_STEP][PASSED] - Statement - Try: null

2018-12-14 00:03:33 - [TEST_STEP][PASSED] - Statement - Checker = com.kms.katalon.core.webui.keyword.WebUiBuiltInKeywords.verifyElementNotPresent("PKS_SIP_Updated_RegModule/Attempt/Page_MyASSIST - ASSIST/Select to English", 3): null

2018-12-14 00:03:33 - [TEST_STEP][PASSED] - Statement - Catch (Exception e): null

2018-12-14 00:03:33 - [TEST_STEP][PASSED] - Statement - e.printStackTrace(): null

2018-12-14 00:03:33 - [TEST_STEP][PASSED] - delay: Delayed 4 second(s)

2018-12-14 00:03:37 - [MESSAGE][PASSED] - Delayed 4 second(s)

2018-12-14 00:03:37 - [TEST_STEP][PASSED] - click: Object: 'Object Repository/Final Object Repo/Landing Page/My Sites Drop Down' is clicked on

2018-12-14 00:03:37 - [MESSAGE][PASSED] - Object: 'Object Repository/Final Object Repo/Landing Page/My Sites Drop Down' is clicked on

2018-12-14 00:03:37 - [TEST_STEP][PASSED] - click: Object: 'Object Repository/Final Object Repo/Landing Page/Select to Registration Module' is clicked on

2018-12-14 00:03:38 - [MESSAGE][PASSED] - Object: 'Object Repository/Final Object Repo/Landing Page/Select to Registration Module' is clicked on

2018-12-14 00:03:38 - [TEST_STEP][PASSED] - delay: Delayed 2 second(s)

2018-12-14 00:03:40 - [MESSAGE][PASSED] - Delayed 2 second(s)

2018-12-14 00:03:40 - [TEST_STEP][PASSED] - mouseOver: Object: 'Object Repository/Final Object Repo/New Registration - Registration Module Pages/New Reg - OTC to RO/Special Case - All Related Objects/Hover Over Search Drop Down' is hovered

2018-12-14 00:03:40 - [MESSAGE][PASSED] - Object: 'Object Repository/Final Object Repo/New Registration - Registration Module Pages/New Reg - OTC to RO/Special Case - All Related Objects/Hover Over Search Drop Down' is hovered

2018-12-14 00:03:40 - [TEST_STEP][PASSED] - click: Object: 'Object Repository/Final Object Repo/New Registration - Registration Module Pages/New Reg - OTC to RO/Special Case - All Related Objects/Select Search Pending Case' is clicked on

2018-12-14 00:03:41 - [MESSAGE][PASSED] - Object: 'Object Repository/Final Object Repo/New Registration - Registration Module Pages/New Reg - OTC to RO/Special Case - All Related Objects/Select Search Pending Case' is clicked on

2018-12-14 00:03:41 - [TEST_STEP][PASSED] - click: Object: 'Object Repository/Final Object Repo/New Registration - Registration Module Pages/New Reg - OTC to RO/Special Case - All Related Objects/Select Searching Method (Employer Code)' is clicked on

2018-12-14 00:03:41 - [MESSAGE][PASSED] - Object: 'Object Repository/Final Object Repo/New Registration - Registration Module Pages/New Reg - OTC to RO/Special Case - All Related Objects/Select Searching Method (Employer Code)' is clicked on

2018-12-14 00:03:41 - [TEST_STEP][PASSED] - click: Object: 'Object Repository/Final Object Repo/New Registration - Registration Module Pages/New Reg - OTC to RO/Special Case - All Related Objects/Select Searching Method to Reference ID' is clicked on

2018-12-14 00:03:41 - [MESSAGE][PASSED] - Object: 'Object Repository/Final Object Repo/New Registration - Registration Module Pages/New Reg - OTC to RO/Special Case - All Related Objects/Select Searching Method to Reference ID' is clicked on

2018-12-14 00:03:41 - [TEST_STEP][PASSED] - setText: Text 'CRN12201800123320' is set on object 'Object Repository/Final Object Repo/New Registration - Registration Module Pages/New Reg - OTC to RO/Special Case - All Related Objects/Pending Case Ref NO'

2018-12-14 00:03:42 - [MESSAGE][PASSED] - Text 'CRN12201800123320' is set on object 'Object Repository/Final Object Repo/New Registration - Registration Module Pages/New Reg - OTC to RO/Special Case - All Related Objects/Pending Case Ref NO'

2018-12-14 00:03:42 - [TEST_STEP][PASSED] - click: Object: 'Object Repository/Final Object Repo/New Registration - Registration Module Pages/New Reg - OTC to RO/Special Case - All Related Objects/Search Pending Case Based on Ref No' is clicked on

2018-12-14 00:03:42 - [MESSAGE][PASSED] - Object: 'Object Repository/Final Object Repo/New Registration - Registration Module Pages/New Reg - OTC to RO/Special Case - All Related Objects/Search Pending Case Based on Ref No' is clicked on

2018-12-14 00:03:42 - [TEST_STEP][FAILED] - click: Unable to click on object 'Object Repository/Final Object Repo/New Registration - Registration Module Pages/New Reg - OTC to RO/Special Case - All Related Objects/Action Button after found case' (Root cause: org.openqa.selenium.InvalidSelectorException: invalid selector: Unable to locate an element with the xpath expression  because of the following error:
SyntaxError: Failed to execute 'evaluate' on 'Document': The string '' is not a valid XPath expression.
  (Session info: chrome=70.0.3538.110)
  (Driver info: chromedriver=2.43.600210 (68dcf5eebde37173d4027fa8635e332711d2874a),platform=Windows NT 6.1.7601 SP1 x86_64) (WARNING: The server did not provide any stacktrace information)
Command duration or timeout: 0 milliseconds
For documentation on this error, please visit: http://seleniumhq.org/exceptions/invalid_selector_exception.html
Build info: version: '3.7.1', revision: '8a0099a', time: '2017-11-06T21:07:36.161Z'
System info: host: 'WIN7TEST02', ip: '10.20.3.72', os.name: 'Windows 7', os.arch: 'amd64', os.version: '6.1', java.version: '1.8.0_181'
Driver info: com.kms.katalon.selenium.driver.CChromeDriver
Capabilities {acceptInsecureCerts: false, acceptSslCerts: false, applicationCacheEnabled: false, browserConnectionEnabled: false, browserName: chrome, chrome: {chromedriverVersion: 2.43.600210 (68dcf5eebde371..., userDataDir: C:\Users\Admin\AppData\Loca...}, cssSelectorsEnabled: true, databaseEnabled: false, goog:chromeOptions: {debuggerAddress: localhost:62446}, handlesAlerts: true, hasTouchScreen: false, javascriptEnabled: true, locationContextEnabled: true, mobileEmulationEnabled: false, nativeEvents: true, networkConnectionEnabled: false, pageLoadStrategy: normal, platform: XP, platformName: XP, rotatable: false, setWindowRect: true, takesHeapSnapshot: true, takesScreenshot: true, unexpectedAlertBehaviour: , unhandledPromptBehavior: , version: 70.0.3538.110, webStorageEnabled: true}
Session ID: d677c9e2d626e307db6045f24a44205e
*** Element info: {Using=xpath, value=})

2018-12-14 00:04:15 - [MESSAGE][FAILED] - Unable to click on object 'Object Repository/Final Object Repo/New Registration - Registration Module Pages/New Reg - OTC to RO/Special Case - All Related Objects/Action Button after found case' (Root cause: org.openqa.selenium.InvalidSelectorException: invalid selector: Unable to locate an element with the xpath expression  because of the following error:
SyntaxError: Failed to execute 'evaluate' on 'Document': The string '' is not a valid XPath expression.
  (Session info: chrome=70.0.3538.110)
  (Driver info: chromedriver=2.43.600210 (68dcf5eebde37173d4027fa8635e332711d2874a),platform=Windows NT 6.1.7601 SP1 x86_64) (WARNING: The server did not provide any stacktrace information)
Command duration or timeout: 0 milliseconds
For documentation on this error, please visit: http://seleniumhq.org/exceptions/invalid_selector_exception.html
Build info: version: '3.7.1', revision: '8a0099a', time: '2017-11-06T21:07:36.161Z'
System info: host: 'WIN7TEST02', ip: '10.20.3.72', os.name: 'Windows 7', os.arch: 'amd64', os.version: '6.1', java.version: '1.8.0_181'
Driver info: com.kms.katalon.selenium.driver.CChromeDriver
Capabilities {acceptInsecureCerts: false, acceptSslCerts: false, applicationCacheEnabled: false, browserConnectionEnabled: false, browserName: chrome, chrome: {chromedriverVersion: 2.43.600210 (68dcf5eebde371..., userDataDir: C:\Users\Admin\AppData\Loca...}, cssSelectorsEnabled: true, databaseEnabled: false, goog:chromeOptions: {debuggerAddress: localhost:62446}, handlesAlerts: true, hasTouchScreen: false, javascriptEnabled: true, locationContextEnabled: true, mobileEmulationEnabled: false, nativeEvents: true, networkConnectionEnabled: false, pageLoadStrategy: normal, platform: XP, platformName: XP, rotatable: false, setWindowRect: true, takesHeapSnapshot: true, takesScreenshot: true, unexpectedAlertBehaviour: , unhandledPromptBehavior: , version: 70.0.3538.110, webStorageEnabled: true}
Session ID: d677c9e2d626e307db6045f24a44205e
*** Element info: {Using=xpath, value=})
[[ATTACHMENT|C:\\Users\\Admin\\Desktop\\PKS\\Perkeso Phase A\\Reports\\Workflow\\New Registration\\20181213_194711\\1544717054765.png]]

2018-12-14 00:04:15 - [TEST_STEP][FAILED] - click: Unable to click on object 'Object Repository/Final Object Repo/New Registration - Registration Module Pages/New Reg - OTC to RO/Special Case - All Related Objects/Next Button in Pending Case Form 1' (Root cause: com.kms.katalon.core.webui.exception.WebElementNotFoundException: Web element with id: 'Object Repository/Final Object Repo/New Registration - Registration Module Pages/New Reg - OTC to RO/Special Case - All Related Objects/Next Button in Pending Case Form 1' located by 'By.xpath: //a[@class = 'btn btn-lg blueBtn col-md-2 pull-right browserIdBtn' and (text() = ' NEXT
						' or . = ' NEXT
						')]' not found)

2018-12-14 00:04:48 - [MESSAGE][FAILED] - Unable to click on object 'Object Repository/Final Object Repo/New Registration - Registration Module Pages/New Reg - OTC to RO/Special Case - All Related Objects/Next Button in Pending Case Form 1' (Root cause: com.kms.katalon.core.webui.exception.WebElementNotFoundException: Web element with id: 'Object Repository/Final Object Repo/New Registration - Registration Module Pages/New Reg - OTC to RO/Special Case - All Related Objects/Next Button in Pending Case Form 1' located by 'By.xpath: //a[@class = 'btn btn-lg blueBtn col-md-2 pull-right browserIdBtn' and (text() = ' NEXT
						' or . = ' NEXT
						')]' not found)
[[ATTACHMENT|C:\\Users\\Admin\\Desktop\\PKS\\Perkeso Phase A\\Reports\\Workflow\\New Registration\\20181213_194711\\1544717088050.png]]

2018-12-14 00:04:48 - [TEST_STEP][FAILED] - click: Unable to click on object 'Object Repository/Final Object Repo/New Registration - Registration Module Pages/New Reg - OTC to RO/Special Case - All Related Objects/Next Button in Pending Case Form 2' (Root cause: com.kms.katalon.core.webui.exception.WebElementNotFoundException: Web element with id: 'Object Repository/Final Object Repo/New Registration - Registration Module Pages/New Reg - OTC to RO/Special Case - All Related Objects/Next Button in Pending Case Form 2' located by 'By.xpath: //a[@class = 'btn btn-lg blueBtn col-md-2 pull-right browserIdBtn' and (text() = ' NEXT
				' or . = ' NEXT
				')]' not found)

2018-12-14 00:05:21 - [MESSAGE][FAILED] - Unable to click on object 'Object Repository/Final Object Repo/New Registration - Registration Module Pages/New Reg - OTC to RO/Special Case - All Related Objects/Next Button in Pending Case Form 2' (Root cause: com.kms.katalon.core.webui.exception.WebElementNotFoundException: Web element with id: 'Object Repository/Final Object Repo/New Registration - Registration Module Pages/New Reg - OTC to RO/Special Case - All Related Objects/Next Button in Pending Case Form 2' located by 'By.xpath: //a[@class = 'btn btn-lg blueBtn col-md-2 pull-right browserIdBtn' and (text() = ' NEXT
				' or . = ' NEXT
				')]' not found)
[[ATTACHMENT|C:\\Users\\Admin\\Desktop\\PKS\\Perkeso Phase A\\Reports\\Workflow\\New Registration\\20181213_194711\\1544717120792.png]]

2018-12-14 00:05:21 - [TEST_STEP][FAILED] - click: Unable to click on object 'Object Repository/Final Object Repo/New Registration - Registration Module Pages/New Reg - OTC to RO/Special Case - All Related Objects/Next Button in Third Screen' (Root cause: com.kms.katalon.core.webui.exception.WebElementNotFoundException: Web element with id: 'Object Repository/Final Object Repo/New Registration - Registration Module Pages/New Reg - OTC to RO/Special Case - All Related Objects/Next Button in Third Screen' located by 'By.xpath: //a[@class = 'btn btn-lg blueBtn col-md-2 pull-right browserIdBtn' and (text() = ' NEXT
				' or . = ' NEXT
				')]' not found)

2018-12-14 00:05:54 - [MESSAGE][FAILED] - Unable to click on object 'Object Repository/Final Object Repo/New Registration - Registration Module Pages/New Reg - OTC to RO/Special Case - All Related Objects/Next Button in Third Screen' (Root cause: com.kms.katalon.core.webui.exception.WebElementNotFoundException: Web element with id: 'Object Repository/Final Object Repo/New Registration - Registration Module Pages/New Reg - OTC to RO/Special Case - All Related Objects/Next Button in Third Screen' located by 'By.xpath: //a[@class = 'btn btn-lg blueBtn col-md-2 pull-right browserIdBtn' and (text() = ' NEXT
				' or . = ' NEXT
				')]' not found)
[[ATTACHMENT|C:\\Users\\Admin\\Desktop\\PKS\\Perkeso Phase A\\Reports\\Workflow\\New Registration\\20181213_194711\\1544717154084.png]]

2018-12-14 00:05:54 - [TEST_STEP][FAILED] - click: Unable to click on object 'Object Repository/Final Object Repo/New Registration - Registration Module Pages/New Reg - OTC to RO/Special Case - All Related Objects/Add Document for Pending Case' (Root cause: com.kms.katalon.core.webui.exception.WebElementNotFoundException: Web element with id: 'Object Repository/Final Object Repo/New Registration - Registration Module Pages/New Reg - OTC to RO/Special Case - All Related Objects/Add Document for Pending Case' located by 'By.xpath: //a[@id = '_newreg_WAR_registrationportlet_dialogBtn' and (text() = '
					ADD DOCUMENT
	             ' or . = '
					ADD DOCUMENT
	             ')]' not found)

2018-12-14 00:06:27 - [MESSAGE][FAILED] - Unable to click on object 'Object Repository/Final Object Repo/New Registration - Registration Module Pages/New Reg - OTC to RO/Special Case - All Related Objects/Add Document for Pending Case' (Root cause: com.kms.katalon.core.webui.exception.WebElementNotFoundException: Web element with id: 'Object Repository/Final Object Repo/New Registration - Registration Module Pages/New Reg - OTC to RO/Special Case - All Related Objects/Add Document for Pending Case' located by 'By.xpath: //a[@id = '_newreg_WAR_registrationportlet_dialogBtn' and (text() = '
					ADD DOCUMENT
	             ' or . = '
					ADD DOCUMENT
	             ')]' not found)
[[ATTACHMENT|C:\\Users\\Admin\\Desktop\\PKS\\Perkeso Phase A\\Reports\\Workflow\\New Registration\\20181213_194711\\1544717187295.png]]

2018-12-14 00:06:27 - [TEST_STEP][FAILED] - click: Unable to click on object 'Object Repository/Final Object Repo/New Registration - Registration Module Pages/New Reg - OTC to RO/Special Case - All Related Objects/Upload Pending Doc - Please Select' (Root cause: com.kms.katalon.core.webui.exception.WebElementNotFoundException: Web element with id: 'Object Repository/Final Object Repo/New Registration - Registration Module Pages/New Reg - OTC to RO/Special Case - All Related Objects/Upload Pending Doc - Please Select' located by 'By.xpath: //span[@class = 'select2-selection__rendered' and @id = 'select2-_newreg_WAR_registrationportlet_objdocTypeId-container']' not found)

2018-12-14 00:07:00 - [MESSAGE][FAILED] - Unable to click on object 'Object Repository/Final Object Repo/New Registration - Registration Module Pages/New Reg - OTC to RO/Special Case - All Related Objects/Upload Pending Doc - Please Select' (Root cause: com.kms.katalon.core.webui.exception.WebElementNotFoundException: Web element with id: 'Object Repository/Final Object Repo/New Registration - Registration Module Pages/New Reg - OTC to RO/Special Case - All Related Objects/Upload Pending Doc - Please Select' located by 'By.xpath: //span[@class = 'select2-selection__rendered' and @id = 'select2-_newreg_WAR_registrationportlet_objdocTypeId-container']' not found)
[[ATTACHMENT|C:\\Users\\Admin\\Desktop\\PKS\\Perkeso Phase A\\Reports\\Workflow\\New Registration\\20181213_194711\\1544717220336.png]]

2018-12-14 00:07:00 - [TEST_STEP][FAILED] - click: Unable to click on object 'Object Repository/Final Object Repo/New Registration - Registration Module Pages/New Reg - OTC to RO/Special Case - All Related Objects/Select to Others to Upload' (Root cause: com.kms.katalon.core.webui.exception.WebElementNotFoundException: Web element with id: 'Object Repository/Final Object Repo/New Registration - Registration Module Pages/New Reg - OTC to RO/Special Case - All Related Objects/Select to Others to Upload' located by 'By.xpath: //span/ul/li/span[contains(text(),"Others")]' not found)

2018-12-14 00:07:32 - [MESSAGE][FAILED] - Unable to click on object 'Object Repository/Final Object Repo/New Registration - Registration Module Pages/New Reg - OTC to RO/Special Case - All Related Objects/Select to Others to Upload' (Root cause: com.kms.katalon.core.webui.exception.WebElementNotFoundException: Web element with id: 'Object Repository/Final Object Repo/New Registration - Registration Module Pages/New Reg - OTC to RO/Special Case - All Related Objects/Select to Others to Upload' located by 'By.xpath: //span/ul/li/span[contains(text(),"Others")]' not found)
[[ATTACHMENT|C:\\Users\\Admin\\Desktop\\PKS\\Perkeso Phase A\\Reports\\Workflow\\New Registration\\20181213_194711\\1544717251650.png]]

2018-12-14 00:07:32 - [TEST_STEP][FAILED] - uploadFile: Unable to upload file 'C:\Users\Public\Pictures\Sample Pictures\Koala.jpg' to object 'Object Repository/Final Object Repo/New Registration - Registration Module Pages/New Reg - OTC to RO/Special Case - All Related Objects/Uploading Pending Case Action' (Root cause: com.kms.katalon.core.webui.exception.WebElementNotFoundException: Web element with id: 'Object Repository/Final Object Repo/New Registration - Registration Module Pages/New Reg - OTC to RO/Special Case - All Related Objects/Uploading Pending Case Action' located by 'By.xpath: //input[@id = '_newreg_WAR_registrationportlet_uploadFile' and @name = '_newreg_WAR_registrationportlet_uploadFile' and @type = 'file']' not found)

2018-12-14 00:08:03 - [MESSAGE][FAILED] - Unable to upload file 'C:\Users\Public\Pictures\Sample Pictures\Koala.jpg' to object 'Object Repository/Final Object Repo/New Registration - Registration Module Pages/New Reg - OTC to RO/Special Case - All Related Objects/Uploading Pending Case Action' (Root cause: com.kms.katalon.core.webui.exception.WebElementNotFoundException: Web element with id: 'Object Repository/Final Object Repo/New Registration - Registration Module Pages/New Reg - OTC to RO/Special Case - All Related Objects/Uploading Pending Case Action' located by 'By.xpath: //input[@id = '_newreg_WAR_registrationportlet_uploadFile' and @name = '_newreg_WAR_registrationportlet_uploadFile' and @type = 'file']' not found)
[[ATTACHMENT|C:\\Users\\Admin\\Desktop\\PKS\\Perkeso Phase A\\Reports\\Workflow\\New Registration\\20181213_194711\\1544717283256.png]]

2018-12-14 00:08:03 - [TEST_STEP][FAILED] - click: Unable to click on object 'Object Repository/Final Object Repo/New Registration - Registration Module Pages/New Reg - OTC to RO/Special Case - All Related Objects/Inner form Add Document Button Pending Case' (Root cause: com.kms.katalon.core.webui.exception.WebElementNotFoundException: Web element with id: 'Object Repository/Final Object Repo/New Registration - Registration Module Pages/New Reg - OTC to RO/Special Case - All Related Objects/Inner form Add Document Button Pending Case' located by 'By.xpath: //a[@class = 'btn btn-lg blueBtn col-md-2 pull-right' and @targets = 'baseMsgDivId' and (text() = '
										ADD DOCUMENT
								     ' or . = '
										ADD DOCUMENT
								     ')]' not found)

2018-12-14 00:08:37 - [MESSAGE][FAILED] - Unable to click on object 'Object Repository/Final Object Repo/New Registration - Registration Module Pages/New Reg - OTC to RO/Special Case - All Related Objects/Inner form Add Document Button Pending Case' (Root cause: com.kms.katalon.core.webui.exception.WebElementNotFoundException: Web element with id: 'Object Repository/Final Object Repo/New Registration - Registration Module Pages/New Reg - OTC to RO/Special Case - All Related Objects/Inner form Add Document Button Pending Case' located by 'By.xpath: //a[@class = 'btn btn-lg blueBtn col-md-2 pull-right' and @targets = 'baseMsgDivId' and (text() = '
										ADD DOCUMENT
								     ' or . = '
										ADD DOCUMENT
								     ')]' not found)
[[ATTACHMENT|C:\\Users\\Admin\\Desktop\\PKS\\Perkeso Phase A\\Reports\\Workflow\\New Registration\\20181213_194711\\1544717317649.png]]

2018-12-14 00:08:37 - [TEST_STEP][FAILED] - click: Unable to click on object 'Object Repository/Final Object Repo/New Registration - Registration Module Pages/New Reg - OTC to RO/Special Case - All Related Objects/Pending Case Exit' (Root cause: com.kms.katalon.core.webui.exception.WebElementNotFoundException: Web element with id: 'Object Repository/Final Object Repo/New Registration - Registration Module Pages/New Reg - OTC to RO/Special Case - All Related Objects/Pending Case Exit' located by 'By.xpath: //a[@id = '_newreg_WAR_registrationportlet_exitBtnId' and @class = 'btn btn-lg blueBtn col-md-2 pull-right' and (text() = '
									EXIT
				                ' or . = '
									EXIT
				                ')]' not found)

2018-12-14 00:09:10 - [MESSAGE][FAILED] - Unable to click on object 'Object Repository/Final Object Repo/New Registration - Registration Module Pages/New Reg - OTC to RO/Special Case - All Related Objects/Pending Case Exit' (Root cause: com.kms.katalon.core.webui.exception.WebElementNotFoundException: Web element with id: 'Object Repository/Final Object Repo/New Registration - Registration Module Pages/New Reg - OTC to RO/Special Case - All Related Objects/Pending Case Exit' located by 'By.xpath: //a[@id = '_newreg_WAR_registrationportlet_exitBtnId' and @class = 'btn btn-lg blueBtn col-md-2 pull-right' and (text() = '
									EXIT
				                ' or . = '
									EXIT
				                ')]' not found)
[[ATTACHMENT|C:\\Users\\Admin\\Desktop\\PKS\\Perkeso Phase A\\Reports\\Workflow\\New Registration\\20181213_194711\\1544717350450.png]]

2018-12-14 00:09:10 - [TEST_STEP][PASSED] - callTestCase: Call Test Case 'Test Cases/Final Aug 2018 - PKS Automation/Registration Module/Log Out/log out avoiding katalon tagging' successfully

2018-12-14 00:09:10 - [TEST_CASE][PASSED] - Test Cases/Final Aug 2018 - PKS Automation/Registration Module/Log Out/log out avoiding katalon tagging: Test Cases/Final Aug 2018 - PKS Automation/Registration Module/Log Out/log out avoiding katalon tagging

2018-12-14 00:09:10 - [TEST_STEP][PASSED] - navigateToUrl: Navigate to 'https://assist2-uat.perkeso.gov.my/c/portal/logout' successfully

2018-12-14 00:09:11 - [MESSAGE][PASSED] - Navigate to 'https://assist2-uat.perkeso.gov.my/c/portal/logout' successfully

2018-12-14 00:09:11 - [MESSAGE][PASSED] - Call Test Case 'Test Cases/Final Aug 2018 - PKS Automation/Registration Module/Log Out/log out avoiding katalon tagging' successfully

2018-12-14 00:09:11 - [TEST_STEP][PASSED] - callTestCase: Call Test Case 'Test Cases/Final Aug 2018 - PKS Automation/Common/Workflow Owner Finder' successfully

2018-12-14 00:09:11 - [TEST_CASE][PASSED] - Test Cases/Final Aug 2018 - PKS Automation/Common/Workflow Owner Finder: Test Cases/Final Aug 2018 - PKS Automation/Common/Workflow Owner Finder

2018-12-14 00:09:11 - [TEST_STEP][PASSED] - openBrowser: Browser is opened with url: ''

2018-12-14 00:09:11 - [MESSAGE][WARNING] - A browser is already opened. Closing browser and opening a new one

2018-12-14 00:09:15 - [MESSAGE][PASSED] - Browser is opened with url: ''

2018-12-14 00:09:15 - [TEST_STEP][PASSED] - navigateToUrl: Navigate to 'https://assist2-uat.perkeso.gov.my/login' successfully

2018-12-14 00:09:16 - [MESSAGE][PASSED] - Navigate to 'https://assist2-uat.perkeso.gov.my/login' successfully

2018-12-14 00:09:16 - [TEST_STEP][PASSED] - delay: Delayed 5 second(s)

2018-12-14 00:09:21 - [MESSAGE][PASSED] - Delayed 5 second(s)

2018-12-14 00:09:21 - [TEST_STEP][PASSED] - setText: Text 'test@liferay.com' is set on object 'Object Repository/Final Object Repo/Login Page/Internal User/Email Address'

2018-12-14 00:09:21 - [MESSAGE][PASSED] - Text 'test@liferay.com' is set on object 'Object Repository/Final Object Repo/Login Page/Internal User/Email Address'

2018-12-14 00:09:21 - [TEST_STEP][PASSED] - click: Object: 'Object Repository/Final Object Repo/Login Page/Internal User/Next Button' is clicked on

2018-12-14 00:09:22 - [MESSAGE][PASSED] - Object: 'Object Repository/Final Object Repo/Login Page/Internal User/Next Button' is clicked on

2018-12-14 00:09:22 - [TEST_STEP][PASSED] - delay: Delayed 2 second(s)

2018-12-14 00:09:24 - [MESSAGE][PASSED] - Delayed 2 second(s)

2018-12-14 00:09:24 - [TEST_STEP][PASSED] - setText: Text 'test' is set on object 'Object Repository/Final Object Repo/Login Page/Internal User/Password'

2018-12-14 00:09:24 - [MESSAGE][PASSED] - Text 'test' is set on object 'Object Repository/Final Object Repo/Login Page/Internal User/Password'

2018-12-14 00:09:24 - [TEST_STEP][PASSED] - delay: Delayed 2 second(s)

2018-12-14 00:09:26 - [MESSAGE][PASSED] - Delayed 2 second(s)

2018-12-14 00:09:26 - [TEST_STEP][PASSED] - click: Object: 'Object Repository/Final Object Repo/Login Page/Internal User/Login Button' is clicked on

2018-12-14 00:09:26 - [MESSAGE][PASSED] - Object: 'Object Repository/Final Object Repo/Login Page/Internal User/Login Button' is clicked on

2018-12-14 00:09:26 - [TEST_STEP][PASSED] - Statement - tester = com.kms.katalon.core.testobject.ObjectRepository.findTestObject(Final Object Repo/Landing Page/Select to English): Finding Test Object with id 'Object Repository/Final Object Repo/Landing Page/Select to English'

2018-12-14 00:09:26 - [TEST_STEP][PASSED] - Statement - Try: Delayed 2 second(s)

2018-12-14 00:09:26 - [TEST_STEP][PASSED] - Statement - Checker = com.kms.katalon.core.webui.keyword.WebUiBuiltInKeywords.verifyElementNotPresent(tester, 3): Web element with id: 'Object Repository/Final Object Repo/Landing Page/Select to English' located by 'By.xpath: //a[@class = 'taglib-language-list-text' and @lang = 'en-US' and (contains(text(), 'EN') or contains(., 'EN'))]' is not present after '3' second(s)

2018-12-14 00:09:28 - [MESSAGE][PASSED] - Web element with id: 'Object Repository/Final Object Repo/Landing Page/Select to English' located by 'By.xpath: //a[@class = 'taglib-language-list-text' and @lang = 'en-US' and (contains(text(), 'EN') or contains(., 'EN'))]' is not present after '3' second(s)

2018-12-14 00:09:28 - [TEST_STEP][PASSED] - Statement - If (Checker == false): null

2018-12-14 00:09:28 - [TEST_STEP][PASSED] - delay: Delayed 2 second(s)

2018-12-14 00:09:30 - [MESSAGE][PASSED] - Delayed 2 second(s)

2018-12-14 00:09:30 - [TEST_STEP][PASSED] - delay: Delayed 5 second(s)

2018-12-14 00:09:35 - [MESSAGE][PASSED] - Delayed 5 second(s)

2018-12-14 00:09:35 - [TEST_STEP][PASSED] - mouseOver: Object: 'Object Repository/Final Object Repo/Landing Page/WorkFlow Menu' is hovered

2018-12-14 00:09:35 - [MESSAGE][PASSED] - Object: 'Object Repository/Final Object Repo/Landing Page/WorkFlow Menu' is hovered

2018-12-14 00:09:35 - [TEST_STEP][PASSED] - delay: Delayed 2 second(s)

2018-12-14 00:09:37 - [MESSAGE][PASSED] - Delayed 2 second(s)

2018-12-14 00:09:37 - [TEST_STEP][PASSED] - click: Object: 'Object Repository/Final Object Repo/Landing Page/Select to Workflow Listing' is clicked on

2018-12-14 00:09:38 - [MESSAGE][PASSED] - Object: 'Object Repository/Final Object Repo/Landing Page/Select to Workflow Listing' is clicked on

2018-12-14 00:09:38 - [TEST_STEP][PASSED] - delay: Delayed 2 second(s)

2018-12-14 00:09:40 - [MESSAGE][PASSED] - Delayed 2 second(s)

2018-12-14 00:09:40 - [TEST_STEP][PASSED] - click: Object: 'Object Repository/Final Object Repo/WorkFlow Listing Page/Search Information - To Put Ref No' is clicked on

2018-12-14 00:09:40 - [MESSAGE][PASSED] - Object: 'Object Repository/Final Object Repo/WorkFlow Listing Page/Search Information - To Put Ref No' is clicked on

2018-12-14 00:09:40 - [TEST_STEP][PASSED] - delay: Delayed 2 second(s)

2018-12-14 00:09:42 - [MESSAGE][PASSED] - Delayed 2 second(s)

2018-12-14 00:09:42 - [TEST_STEP][PASSED] - callTestCase: Call Test Case 'Test Cases/Final Aug 2018 - PKS Automation/Common/Reference Number Getter' successfully

2018-12-14 00:09:42 - [TEST_CASE][PASSED] - Test Cases/Final Aug 2018 - PKS Automation/Common/Reference Number Getter: Test Cases/Final Aug 2018 - PKS Automation/Common/Reference Number Getter

2018-12-14 00:09:42 - [TEST_STEP][PASSED] - Statement - Try: null

2018-12-14 00:09:42 - [TEST_STEP][PASSED] - Statement - RefNo = new java.io.File(C://Users//Admin//Desktop//PKS//Automation Reference Point//KatalonReference.txt): null

2018-12-14 00:09:42 - [TEST_STEP][PASSED] - Statement - bufferread = new java.io.BufferedReader(new java.io.FileReader(RefNo)): null

2018-12-14 00:09:42 - [TEST_STEP][PASSED] - Statement - readedVal = bufferread.readLine(): null

2018-12-14 00:09:42 - [TEST_STEP][PASSED] - Statement - out.println(CaseReferenceNo): null

2018-12-14 00:09:42 - [TEST_STEP][PASSED] - Statement - out.println(readedVal): null

2018-12-14 00:09:42 - [TEST_STEP][PASSED] - Statement - CaseReferenceNo = "": null

2018-12-14 00:09:42 - [TEST_STEP][PASSED] - Statement - CaseReferenceNo = readedVal: null

2018-12-14 00:09:42 - [MESSAGE][PASSED] - Call Test Case 'Test Cases/Final Aug 2018 - PKS Automation/Common/Reference Number Getter' successfully

2018-12-14 00:09:42 - [TEST_STEP][PASSED] - setText: Text 'CRN12201800123320' is set on object 'Object Repository/Final Object Repo/WorkFlow Listing Page/Ref No Set Text'

2018-12-14 00:09:43 - [MESSAGE][PASSED] - Text 'CRN12201800123320' is set on object 'Object Repository/Final Object Repo/WorkFlow Listing Page/Ref No Set Text'

2018-12-14 00:09:43 - [TEST_STEP][PASSED] - delay: Delayed 2 second(s)

2018-12-14 00:09:45 - [MESSAGE][PASSED] - Delayed 2 second(s)

2018-12-14 00:09:45 - [TEST_STEP][PASSED] - click: Object: 'Object Repository/Final Object Repo/WorkFlow Listing Page/Search Ref No Search Button' is clicked on

2018-12-14 00:09:45 - [MESSAGE][PASSED] - Object: 'Object Repository/Final Object Repo/WorkFlow Listing Page/Search Ref No Search Button' is clicked on

2018-12-14 00:09:45 - [TEST_STEP][PASSED] - delay: Delayed 6 second(s)

2018-12-14 00:09:51 - [MESSAGE][PASSED] - Delayed 6 second(s)

2018-12-14 00:09:51 - [TEST_STEP][PASSED] - click: Object: 'Object Repository/Final Object Repo/WorkFlow Listing Page/Click Continue Tooltip' is clicked on

2018-12-14 00:09:52 - [MESSAGE][PASSED] - Object: 'Object Repository/Final Object Repo/WorkFlow Listing Page/Click Continue Tooltip' is clicked on

2018-12-14 00:09:52 - [TEST_STEP][PASSED] - delay: Delayed 5 second(s)

2018-12-14 00:09:57 - [MESSAGE][PASSED] - Delayed 5 second(s)

2018-12-14 00:09:57 - [TEST_STEP][PASSED] - doubleClick: Object: 'Object Repository/Final Object Repo/WorkFlow Listing Page/Workflow Found - Listing 1' is double clicked on

2018-12-14 00:09:57 - [MESSAGE][PASSED] - Object: 'Object Repository/Final Object Repo/WorkFlow Listing Page/Workflow Found - Listing 1' is double clicked on

2018-12-14 00:09:57 - [TEST_STEP][PASSED] - Statement - println(OwnerID): null

2018-12-14 00:09:57 - [TEST_STEP][PASSED] - Statement - OwnerID = com.kms.katalon.core.webui.keyword.WebUiBuiltInKeywords.getText(com.kms.katalon.core.testobject.ObjectRepository.findTestObject(Final Object Repo/WorkFlow Listing Page/Workflow Found - Listing 1), STOP_ON_FAILURE): Text of object 'Object Repository/Final Object Repo/WorkFlow Listing Page/Workflow Found - Listing 1' is: 'JOHORro3'

2018-12-14 00:09:57 - [MESSAGE][PASSED] - Text of object 'Object Repository/Final Object Repo/WorkFlow Listing Page/Workflow Found - Listing 1' is: 'JOHORro3'

2018-12-14 00:09:57 - [TEST_STEP][PASSED] - Statement - OwnerID = OwnerID.toLowerCase() + "@gmail.com": null

2018-12-14 00:09:57 - [TEST_STEP][PASSED] - Statement - println(OwnerID): null

2018-12-14 00:09:57 - [TEST_STEP][PASSED] - delay: Delayed 2 second(s)

2018-12-14 00:09:59 - [MESSAGE][PASSED] - Delayed 2 second(s)

2018-12-14 00:09:59 - [MESSAGE][PASSED] - Call Test Case 'Test Cases/Final Aug 2018 - PKS Automation/Common/Workflow Owner Finder' successfully

2018-12-14 00:09:59 - [TEST_STEP][PASSED] - callTestCase: Call Test Case 'Test Cases/Final Aug 2018 - PKS Automation/Registration Module/Log Out/log out avoiding katalon tagging' successfully

2018-12-14 00:09:59 - [TEST_CASE][PASSED] - Test Cases/Final Aug 2018 - PKS Automation/Registration Module/Log Out/log out avoiding katalon tagging: Test Cases/Final Aug 2018 - PKS Automation/Registration Module/Log Out/log out avoiding katalon tagging

2018-12-14 00:09:59 - [TEST_STEP][PASSED] - navigateToUrl: Navigate to 'https://assist2-uat.perkeso.gov.my/c/portal/logout' successfully

2018-12-14 00:10:00 - [MESSAGE][PASSED] - Navigate to 'https://assist2-uat.perkeso.gov.my/c/portal/logout' successfully

2018-12-14 00:10:00 - [MESSAGE][PASSED] - Call Test Case 'Test Cases/Final Aug 2018 - PKS Automation/Registration Module/Log Out/log out avoiding katalon tagging' successfully

2018-12-14 00:10:00 - [TEST_STEP][PASSED] - delay: Delayed 2 second(s)

2018-12-14 00:10:02 - [MESSAGE][PASSED] - Delayed 2 second(s)

2018-12-14 00:10:02 - [TEST_STEP][PASSED] - setText: Text 'johorro3@gmail.com' is set on object 'Object Repository/Final Object Repo/Login Page/Internal User/Email Address'

2018-12-14 00:10:02 - [MESSAGE][PASSED] - Text 'johorro3@gmail.com' is set on object 'Object Repository/Final Object Repo/Login Page/Internal User/Email Address'

2018-12-14 00:10:02 - [TEST_STEP][PASSED] - click: Object: 'Object Repository/Final Object Repo/Login Page/Internal User/Next Button' is clicked on

2018-12-14 00:10:02 - [MESSAGE][PASSED] - Object: 'Object Repository/Final Object Repo/Login Page/Internal User/Next Button' is clicked on

2018-12-14 00:10:02 - [TEST_STEP][PASSED] - delay: Delayed 2 second(s)

2018-12-14 00:10:04 - [MESSAGE][PASSED] - Delayed 2 second(s)

2018-12-14 00:10:04 - [TEST_STEP][PASSED] - setText: Text 'Test1@3456789' is set on object 'Object Repository/Final Object Repo/Login Page/Internal User/Password'

2018-12-14 00:10:05 - [MESSAGE][PASSED] - Text 'Test1@3456789' is set on object 'Object Repository/Final Object Repo/Login Page/Internal User/Password'

2018-12-14 00:10:05 - [TEST_STEP][PASSED] - delay: Delayed 2 second(s)

2018-12-14 00:10:07 - [MESSAGE][PASSED] - Delayed 2 second(s)

2018-12-14 00:10:07 - [TEST_STEP][PASSED] - click: Object: 'Object Repository/Final Object Repo/Login Page/Internal User/Login Button' is clicked on

2018-12-14 00:10:07 - [MESSAGE][PASSED] - Object: 'Object Repository/Final Object Repo/Login Page/Internal User/Login Button' is clicked on

2018-12-14 00:10:07 - [TEST_STEP][PASSED] - delay: Delayed 2 second(s)

2018-12-14 00:10:09 - [MESSAGE][PASSED] - Delayed 2 second(s)

2018-12-14 00:10:09 - [TEST_STEP][PASSED] - Statement - Try: null

2018-12-14 00:10:09 - [TEST_STEP][PASSED] - Statement - Checker = com.kms.katalon.core.webui.keyword.WebUiBuiltInKeywords.verifyElementNotPresent("Final Object Repo/Landing Page/Select to English", 3): null

2018-12-14 00:10:09 - [TEST_STEP][PASSED] - Statement - Catch (Exception e): null

2018-12-14 00:10:09 - [TEST_STEP][PASSED] - Statement - e.printStackTrace(): null

2018-12-14 00:10:09 - [TEST_STEP][PASSED] - click: Object: 'Object Repository/Final Object Repo/New Registration - Registration Module Pages/New Reg - OTC to RO/Special Case - All Related Objects/Expand to Search' is clicked on

2018-12-14 00:10:09 - [MESSAGE][PASSED] - Object: 'Object Repository/Final Object Repo/New Registration - Registration Module Pages/New Reg - OTC to RO/Special Case - All Related Objects/Expand to Search' is clicked on

2018-12-14 00:10:09 - [TEST_STEP][PASSED] - callTestCase: Call Test Case 'Test Cases/Final Aug 2018 - PKS Automation/Common/Reference Number Getter' successfully

2018-12-14 00:10:09 - [TEST_CASE][PASSED] - Test Cases/Final Aug 2018 - PKS Automation/Common/Reference Number Getter: Test Cases/Final Aug 2018 - PKS Automation/Common/Reference Number Getter

2018-12-14 00:10:09 - [TEST_STEP][PASSED] - Statement - Try: null

2018-12-14 00:10:09 - [TEST_STEP][PASSED] - Statement - RefNo = new java.io.File(C://Users//Admin//Desktop//PKS//Automation Reference Point//KatalonReference.txt): null

2018-12-14 00:10:09 - [TEST_STEP][PASSED] - Statement - bufferread = new java.io.BufferedReader(new java.io.FileReader(RefNo)): null

2018-12-14 00:10:09 - [TEST_STEP][PASSED] - Statement - readedVal = bufferread.readLine(): null

2018-12-14 00:10:09 - [TEST_STEP][PASSED] - Statement - out.println(CaseReferenceNo): null

2018-12-14 00:10:09 - [TEST_STEP][PASSED] - Statement - out.println(readedVal): null

2018-12-14 00:10:09 - [TEST_STEP][PASSED] - Statement - CaseReferenceNo = "": null

2018-12-14 00:10:09 - [TEST_STEP][PASSED] - Statement - CaseReferenceNo = readedVal: null

2018-12-14 00:10:09 - [MESSAGE][PASSED] - Call Test Case 'Test Cases/Final Aug 2018 - PKS Automation/Common/Reference Number Getter' successfully

2018-12-14 00:10:09 - [TEST_STEP][PASSED] - setText: Text 'CRN12201800123320' is set on object 'Object Repository/Final Object Repo/New Registration - Registration Module Pages/New Reg - OTC to RO/Special Case - All Related Objects/TextBox RefNo in Workbasket'

2018-12-14 00:10:09 - [MESSAGE][PASSED] - Text 'CRN12201800123320' is set on object 'Object Repository/Final Object Repo/New Registration - Registration Module Pages/New Reg - OTC to RO/Special Case - All Related Objects/TextBox RefNo in Workbasket'

2018-12-14 00:10:09 - [TEST_STEP][PASSED] - delay: Delayed 2 second(s)

2018-12-14 00:10:11 - [MESSAGE][PASSED] - Delayed 2 second(s)

2018-12-14 00:10:11 - [TEST_STEP][PASSED] - click: Object: 'Object Repository/Final Object Repo/New Registration - Registration Module Pages/New Reg - OTC to RO/Special Case - All Related Objects/Click Search' is clicked on

2018-12-14 00:10:12 - [MESSAGE][PASSED] - Object: 'Object Repository/Final Object Repo/New Registration - Registration Module Pages/New Reg - OTC to RO/Special Case - All Related Objects/Click Search' is clicked on

2018-12-14 00:10:12 - [TEST_STEP][PASSED] - delay: Delayed 2 second(s)

2018-12-14 00:10:14 - [MESSAGE][PASSED] - Delayed 2 second(s)

2018-12-14 00:10:14 - [TEST_STEP][PASSED] - click: Object: 'Object Repository/Final Object Repo/New Registration - Registration Module Pages/New Reg - OTC to RO/Special Case - All Related Objects/Click to Continue Workflow' is clicked on

2018-12-14 00:10:17 - [MESSAGE][PASSED] - Object: 'Object Repository/Final Object Repo/New Registration - Registration Module Pages/New Reg - OTC to RO/Special Case - All Related Objects/Click to Continue Workflow' is clicked on

2018-12-14 00:10:17 - [TEST_STEP][PASSED] - delay: Delayed 2 second(s)

2018-12-14 00:10:19 - [MESSAGE][PASSED] - Delayed 2 second(s)

2018-12-14 00:10:19 - [TEST_STEP][PASSED] - click: Object: 'Object Repository/Final Object Repo/New Registration - Registration Module Pages/New Reg - OTC to RO/Special Case - All Related Objects/Continue Button in verifying case' is clicked on

2018-12-14 00:10:21 - [MESSAGE][PASSED] - Object: 'Object Repository/Final Object Repo/New Registration - Registration Module Pages/New Reg - OTC to RO/Special Case - All Related Objects/Continue Button in verifying case' is clicked on

2018-12-14 00:10:21 - [TEST_STEP][PASSED] - delay: Delayed 2 second(s)

2018-12-14 00:10:23 - [MESSAGE][PASSED] - Delayed 2 second(s)

2018-12-14 00:10:23 - [TEST_STEP][PASSED] - click: Object: 'Object Repository/Final Object Repo/New Registration - Registration Module Pages/New Reg - OTC to RO/Special Case - All Related Objects/Form 1 Save n Continue' is clicked on

2018-12-14 00:10:23 - [MESSAGE][PASSED] - Object: 'Object Repository/Final Object Repo/New Registration - Registration Module Pages/New Reg - OTC to RO/Special Case - All Related Objects/Form 1 Save n Continue' is clicked on

2018-12-14 00:10:23 - [TEST_STEP][PASSED] - delay: Delayed 2 second(s)

2018-12-14 00:10:25 - [MESSAGE][PASSED] - Delayed 2 second(s)

2018-12-14 00:10:25 - [TEST_STEP][PASSED] - click: Object: 'Object Repository/Final Object Repo/New Registration - Registration Module Pages/New Reg - OTC to RO/Special Case - All Related Objects/Form 2 Save n Continue' is clicked on

2018-12-14 00:10:25 - [MESSAGE][PASSED] - Object: 'Object Repository/Final Object Repo/New Registration - Registration Module Pages/New Reg - OTC to RO/Special Case - All Related Objects/Form 2 Save n Continue' is clicked on

2018-12-14 00:10:25 - [TEST_STEP][PASSED] - delay: Delayed 2 second(s)

2018-12-14 00:10:27 - [MESSAGE][PASSED] - Delayed 2 second(s)

2018-12-14 00:10:27 - [TEST_STEP][PASSED] - click: Object: 'Object Repository/Final Object Repo/New Registration - Registration Module Pages/New Reg - OTC to RO/Special Case - All Related Objects/Third Screen Save n Continue' is clicked on

2018-12-14 00:10:32 - [MESSAGE][PASSED] - Object: 'Object Repository/Final Object Repo/New Registration - Registration Module Pages/New Reg - OTC to RO/Special Case - All Related Objects/Third Screen Save n Continue' is clicked on

2018-12-14 00:10:32 - [TEST_STEP][PASSED] - delay: Delayed 5 second(s)

2018-12-14 00:10:37 - [MESSAGE][PASSED] - Delayed 5 second(s)

2018-12-14 00:10:37 - [TEST_STEP][PASSED] - click: Object: 'Object Repository/Final Object Repo/New Registration - Registration Module Pages/New Reg - OTC to RO/Special Case - All Related Objects/Upload Doc Page Save n Continue' is clicked on

2018-12-14 00:10:38 - [MESSAGE][PASSED] - Object: 'Object Repository/Final Object Repo/New Registration - Registration Module Pages/New Reg - OTC to RO/Special Case - All Related Objects/Upload Doc Page Save n Continue' is clicked on

2018-12-14 00:10:38 - [TEST_STEP][PASSED] - delay: Delayed 5 second(s)

2018-12-14 00:10:43 - [MESSAGE][PASSED] - Delayed 5 second(s)

2018-12-14 00:10:43 - [TEST_STEP][FAILED] - callTestCase: Unable to call Test Case with id 'Test Cases/Final Aug 2018 - PKS Automation/Registration Module/New Registration/Submit and Screenshot/Submit Registration and Screenshot' (Root cause: Call Test Case 'Test Cases/Final Aug 2018 - PKS Automation/Registration Module/New Registration/Submit and Screenshot/Submit Registration and Screenshot' failed)

2018-12-14 00:10:43 - [TEST_CASE][FAILED] - Test Cases/Final Aug 2018 - PKS Automation/Registration Module/New Registration/Submit and Screenshot/Submit Registration and Screenshot: Test Cases/Final Aug 2018 - PKS Automation/Registration Module/New Registration/Submit and Screenshot/Submit Registration and Screenshot FAILED because (of) (Stack trace: com.kms.katalon.core.exception.StepFailedException: Unable to click on object 'Object Repository/Final Object Repo/New Registration - Registration Module Pages/Third Screen - Upload Supporting Doc- Preview/Preview Submit Button' (Root cause: com.kms.katalon.core.webui.exception.WebElementNotFoundException: Web element with id: 'Object Repository/Final Object Repo/New Registration - Registration Module Pages/Third Screen - Upload Supporting Doc- Preview/Preview Submit Button' located by 'By.xpath: //a[@popupvalidatesubmit = 'true' and @class = 'btn btn-lg blueBtn col-md-2 pull-right browserIdBtn' and (text() = ' SUBMIT
					' or . = ' SUBMIT
					')]' not found)
	at com.kms.katalon.core.keyword.internal.KeywordMain.stepFailed(KeywordMain.groovy:32)
	at com.kms.katalon.core.webui.keyword.internal.WebUIKeywordMain.stepFailed(WebUIKeywordMain.groovy:65)
	at com.kms.katalon.core.webui.keyword.internal.WebUIKeywordMain.runKeyword(WebUIKeywordMain.groovy:27)
	at com.kms.katalon.core.webui.keyword.builtin.ClickKeyword.click(ClickKeyword.groovy:86)
	at com.kms.katalon.core.webui.keyword.builtin.ClickKeyword.execute(ClickKeyword.groovy:67)
	at com.kms.katalon.core.keyword.internal.KeywordExecutor.executeKeywordForPlatform(KeywordExecutor.groovy:53)
	at com.kms.katalon.core.webui.keyword.WebUiBuiltInKeywords.click(WebUiBuiltInKeywords.groovy:616)
	at com.kms.katalon.core.webui.keyword.WebUiBuiltInKeywords$click$2.call(Unknown Source)
	at Script1534476274484.run(Script1534476274484.groovy:32)
	at com.kms.katalon.core.main.ScriptEngine.run(ScriptEngine.java:183)
	at com.kms.katalon.core.main.ScriptEngine.runScriptAsRawText(ScriptEngine.java:108)
	at com.kms.katalon.core.main.TestCaseExecutor.runScript(TestCaseExecutor.java:294)
	at com.kms.katalon.core.main.TestCaseExecutor.doExecute(TestCaseExecutor.java:285)
	at com.kms.katalon.core.main.TestCaseExecutor.processExecutionPhase(TestCaseExecutor.java:264)
	at com.kms.katalon.core.main.TestCaseExecutor.accessMainPhase(TestCaseExecutor.java:256)
	at com.kms.katalon.core.main.TestCaseExecutor.execute(TestCaseExecutor.java:200)
	at com.kms.katalon.core.main.TestCaseMain.runTestCase(TestCaseMain.java:99)
	at com.kms.katalon.core.keyword.builtin.CallTestCaseKeyword$_callTestCase_closure1.doCall(CallTestCaseKeyword.groovy:60)
	at com.kms.katalon.core.keyword.builtin.CallTestCaseKeyword$_callTestCase_closure1.call(CallTestCaseKeyword.groovy)
	at com.kms.katalon.core.keyword.internal.KeywordMain.runKeyword(KeywordMain.groovy:54)
	at com.kms.katalon.core.keyword.builtin.CallTestCaseKeyword.callTestCase(CallTestCaseKeyword.groovy:81)
	at com.kms.katalon.core.keyword.builtin.CallTestCaseKeyword.execute(CallTestCaseKeyword.groovy:45)
	at com.kms.katalon.core.keyword.internal.KeywordExecutor.executeKeywordForPlatform(KeywordExecutor.groovy:53)
	at com.kms.katalon.core.keyword.BuiltinKeywords.callTestCase(BuiltinKeywords.groovy:334)
	at sun.reflect.GeneratedMethodAccessor13.invoke(Unknown Source)
	at sun.reflect.DelegatingMethodAccessorImpl.invoke(DelegatingMethodAccessorImpl.java:43)
	at java.lang.reflect.Method.invoke(Method.java:498)
	at org.codehaus.groovy.reflection.CachedMethod.invoke(CachedMethod.java:93)
	at groovy.lang.MetaMethod.doMethodInvoke(MetaMethod.java:325)
	at groovy.lang.MetaClassImpl.invokeStaticMethod(MetaClassImpl.java:1469)
	at org.codehaus.groovy.runtime.callsite.StaticMetaClassSite.call(StaticMetaClassSite.java:53)
	at org.codehaus.groovy.runtime.callsite.CallSiteArray.defaultCall(CallSiteArray.java:48)
	at org.codehaus.groovy.runtime.callsite.AbstractCallSite.call(AbstractCallSite.java:113)
	at org.codehaus.groovy.runtime.callsite.AbstractCallSite.call(AbstractCallSite.java:141)
	at Script1537248112379.run(Script1537248112379.groovy:276)
	at com.kms.katalon.core.main.ScriptEngine.run(ScriptEngine.java:183)
	at com.kms.katalon.core.main.ScriptEngine.runScriptAsRawText(ScriptEngine.java:108)
	at com.kms.katalon.core.main.TestCaseExecutor.runScript(TestCaseExecutor.java:294)
	at com.kms.katalon.core.main.TestCaseExecutor.doExecute(TestCaseExecutor.java:285)
	at com.kms.katalon.core.main.TestCaseExecutor.processExecutionPhase(TestCaseExecutor.java:264)
	at com.kms.katalon.core.main.TestCaseExecutor.accessMainPhase(TestCaseExecutor.java:256)
	at com.kms.katalon.core.main.TestCaseExecutor.execute(TestCaseExecutor.java:200)
	at com.kms.katalon.core.main.TestSuiteExecutor.accessTestCaseMainPhase(TestSuiteExecutor.java:129)
	at com.kms.katalon.core.main.TestSuiteExecutor.accessTestSuiteMainPhase(TestSuiteExecutor.java:112)
	at com.kms.katalon.core.main.TestSuiteExecutor.execute(TestSuiteExecutor.java:81)
	at com.kms.katalon.core.main.TestCaseMain.startTestSuite(TestCaseMain.java:142)
	at com.kms.katalon.core.main.TestCaseMain$startTestSuite$0.call(Unknown Source)
	at org.codehaus.groovy.runtime.callsite.CallSiteArray.defaultCall(CallSiteArray.java:48)
	at org.codehaus.groovy.runtime.callsite.AbstractCallSite.call(AbstractCallSite.java:113)
	at org.codehaus.groovy.runtime.callsite.AbstractCallSite.call(AbstractCallSite.java:141)
	at TempTestSuite1544701631622.run(TempTestSuite1544701631622.groovy:36)
	at groovy.lang.GroovyShell.runScriptOrMainOrTestOrRunnable(GroovyShell.java:263)
	at groovy.lang.GroovyShell.run(GroovyShell.java:518)
	at groovy.lang.GroovyShell.run(GroovyShell.java:507)
	at groovy.ui.GroovyMain.processOnce(GroovyMain.java:653)
	at groovy.ui.GroovyMain.run(GroovyMain.java:384)
	at groovy.ui.GroovyMain.process(GroovyMain.java:370)
	at groovy.ui.GroovyMain.processArgs(GroovyMain.java:129)
	at groovy.ui.GroovyMain.main(GroovyMain.java:109)
	at sun.reflect.NativeMethodAccessorImpl.invoke0(Native Method)
	at sun.reflect.NativeMethodAccessorImpl.invoke(NativeMethodAccessorImpl.java:62)
	at sun.reflect.DelegatingMethodAccessorImpl.invoke(DelegatingMethodAccessorImpl.java:43)
	at java.lang.reflect.Method.invoke(Method.java:498)
	at org.codehaus.groovy.tools.GroovyStarter.rootLoader(GroovyStarter.java:109)
	at org.codehaus.groovy.tools.GroovyStarter.main(GroovyStarter.java:131)
)

2018-12-14 00:10:43 - [TEST_STEP][PASSED] - delay: Delayed 6 second(s)

2018-12-14 00:10:49 - [MESSAGE][PASSED] - Delayed 6 second(s)

2018-12-14 00:10:49 - [TEST_STEP][FAILED] - click: Unable to click on object 'Object Repository/Final Object Repo/New Registration - Registration Module Pages/Third Screen - Upload Supporting Doc- Preview/Preview Submit Button' (Root cause: com.kms.katalon.core.webui.exception.WebElementNotFoundException: Web element with id: 'Object Repository/Final Object Repo/New Registration - Registration Module Pages/Third Screen - Upload Supporting Doc- Preview/Preview Submit Button' located by 'By.xpath: //a[@popupvalidatesubmit = 'true' and @class = 'btn btn-lg blueBtn col-md-2 pull-right browserIdBtn' and (text() = ' SUBMIT
					' or . = ' SUBMIT
					')]' not found)

2018-12-14 00:11:25 - [MESSAGE][FAILED] - Unable to click on object 'Object Repository/Final Object Repo/New Registration - Registration Module Pages/Third Screen - Upload Supporting Doc- Preview/Preview Submit Button' (Root cause: com.kms.katalon.core.webui.exception.WebElementNotFoundException: Web element with id: 'Object Repository/Final Object Repo/New Registration - Registration Module Pages/Third Screen - Upload Supporting Doc- Preview/Preview Submit Button' located by 'By.xpath: //a[@popupvalidatesubmit = 'true' and @class = 'btn btn-lg blueBtn col-md-2 pull-right browserIdBtn' and (text() = ' SUBMIT
					' or . = ' SUBMIT
					')]' not found)
[[ATTACHMENT|C:\\Users\\Admin\\Desktop\\PKS\\Perkeso Phase A\\Reports\\Workflow\\New Registration\\20181213_194711\\1544717484774.png]]

2018-12-14 00:11:25 - [TEST_STEP][PASSED] - delay: Delayed 2 second(s)

2018-12-14 00:11:27 - [MESSAGE][PASSED] - Delayed 2 second(s)

2018-12-14 00:11:27 - [TEST_STEP][FAILED] - click: Unable to click on object 'Object Repository/Final Object Repo/New Registration - Registration Module Pages/Third Screen - Upload Supporting Doc- Preview/Preview Submit - Confirm' (Root cause: com.kms.katalon.core.webui.exception.WebElementNotFoundException: Web element with id: 'Object Repository/Final Object Repo/New Registration - Registration Module Pages/Third Screen - Upload Supporting Doc- Preview/Preview Submit - Confirm' located by 'By.xpath: //span[@id = 'confirmword' and (text() = 'CONFIRM' or . = 'CONFIRM')]' not found)

2018-12-14 00:11:59 - [MESSAGE][FAILED] - Unable to click on object 'Object Repository/Final Object Repo/New Registration - Registration Module Pages/Third Screen - Upload Supporting Doc- Preview/Preview Submit - Confirm' (Root cause: com.kms.katalon.core.webui.exception.WebElementNotFoundException: Web element with id: 'Object Repository/Final Object Repo/New Registration - Registration Module Pages/Third Screen - Upload Supporting Doc- Preview/Preview Submit - Confirm' located by 'By.xpath: //span[@id = 'confirmword' and (text() = 'CONFIRM' or . = 'CONFIRM')]' not found)
[[ATTACHMENT|C:\\Users\\Admin\\Desktop\\PKS\\Perkeso Phase A\\Reports\\Workflow\\New Registration\\20181213_194711\\1544717518997.png]]

2018-12-14 00:11:59 - [TEST_STEP][PASSED] - delay: Delayed 15 second(s)

2018-12-14 00:12:14 - [MESSAGE][PASSED] - Delayed 15 second(s)

2018-12-14 00:12:14 - [TEST_STEP][PASSED] - Statement - driver = com.kms.katalon.core.webui.driver.DriverFactory.getWebDriver(): null

2018-12-14 00:12:14 - [TEST_STEP][PASSED] - Statement - driver.manage().timeouts().implicitlyWait(10, SECONDS): null

2018-12-14 00:12:14 - [TEST_STEP][PASSED] - Statement - PresavePath = KatalonScreenshots: null

2018-12-14 00:12:14 - [TEST_STEP][PASSED] - Statement - pathPrefix = "C:\Users\Public\Pictures\Sample Pictures\Katalon Screenshots\Automate Ending Screen": null

2018-12-14 00:12:14 - [TEST_STEP][PASSED] - Statement - finalPath = <not implemented yet for class: org.codehaus.groovy.ast.expr.EmptyExpression>: null

2018-12-14 00:12:14 - [TEST_STEP][PASSED] - Statement - scrFile = driver.getScreenshotAs(FILE): null

2018-12-14 00:12:14 - [TEST_STEP][PASSED] - Statement - PreSaveFile = new java.io.File(PresavePath): null

2018-12-14 00:12:14 - [TEST_STEP][PASSED] - Statement - counter = 0: null

2018-12-14 00:12:14 - [TEST_STEP][PASSED] - Statement - If (PreSaveFile.exists()): null

2018-12-14 00:12:14 - [TEST_STEP][PASSED] - Statement - While (PreSaveFile.exists()): null

2018-12-14 00:12:14 - [TEST_STEP][PASSED] - Statement - counter = counter + 1: null

2018-12-14 00:12:14 - [TEST_STEP][PASSED] - Statement - PreSaveFile = new java.io.File(((pathPrefix + java.lang.Integer.toString(counter)) + .png)): null

2018-12-14 00:12:14 - [TEST_STEP][PASSED] - Statement - counter = counter + 1: null

2018-12-14 00:12:14 - [TEST_STEP][PASSED] - Statement - PreSaveFile = new java.io.File(((pathPrefix + java.lang.Integer.toString(counter)) + .png)): null

2018-12-14 00:12:14 - [TEST_STEP][PASSED] - Statement - counter = counter + 1: null

2018-12-14 00:12:14 - [TEST_STEP][PASSED] - Statement - PreSaveFile = new java.io.File(((pathPrefix + java.lang.Integer.toString(counter)) + .png)): null

2018-12-14 00:12:14 - [TEST_STEP][PASSED] - Statement - counter = counter + 1: null

2018-12-14 00:12:14 - [TEST_STEP][PASSED] - Statement - PreSaveFile = new java.io.File(((pathPrefix + java.lang.Integer.toString(counter)) + .png)): null

2018-12-14 00:12:14 - [TEST_STEP][PASSED] - Statement - counter = counter + 1: null

2018-12-14 00:12:14 - [TEST_STEP][PASSED] - Statement - PreSaveFile = new java.io.File(((pathPrefix + java.lang.Integer.toString(counter)) + .png)): null

2018-12-14 00:12:14 - [TEST_STEP][PASSED] - Statement - counter = counter + 1: null

2018-12-14 00:12:14 - [TEST_STEP][PASSED] - Statement - PreSaveFile = new java.io.File(((pathPrefix + java.lang.Integer.toString(counter)) + .png)): null

2018-12-14 00:12:14 - [TEST_STEP][PASSED] - Statement - counter = counter + 1: null

2018-12-14 00:12:14 - [TEST_STEP][PASSED] - Statement - PreSaveFile = new java.io.File(((pathPrefix + java.lang.Integer.toString(counter)) + .png)): null

2018-12-14 00:12:14 - [TEST_STEP][PASSED] - Statement - counter = counter + 1: null

2018-12-14 00:12:14 - [TEST_STEP][PASSED] - Statement - PreSaveFile = new java.io.File(((pathPrefix + java.lang.Integer.toString(counter)) + .png)): null

2018-12-14 00:12:14 - [TEST_STEP][PASSED] - Statement - counter = counter + 1: null

2018-12-14 00:12:14 - [TEST_STEP][PASSED] - Statement - PreSaveFile = new java.io.File(((pathPrefix + java.lang.Integer.toString(counter)) + .png)): null

2018-12-14 00:12:14 - [TEST_STEP][PASSED] - Statement - counter = counter + 1: null

2018-12-14 00:12:14 - [TEST_STEP][PASSED] - Statement - PreSaveFile = new java.io.File(((pathPrefix + java.lang.Integer.toString(counter)) + .png)): null

2018-12-14 00:12:14 - [TEST_STEP][PASSED] - Statement - counter = counter + 1: null

2018-12-14 00:12:14 - [TEST_STEP][PASSED] - Statement - PreSaveFile = new java.io.File(((pathPrefix + java.lang.Integer.toString(counter)) + .png)): null

2018-12-14 00:12:14 - [TEST_STEP][PASSED] - Statement - counter = counter + 1: null

2018-12-14 00:12:14 - [TEST_STEP][PASSED] - Statement - PreSaveFile = new java.io.File(((pathPrefix + java.lang.Integer.toString(counter)) + .png)): null

2018-12-14 00:12:14 - [TEST_STEP][PASSED] - Statement - counter = counter + 1: null

2018-12-14 00:12:14 - [TEST_STEP][PASSED] - Statement - PreSaveFile = new java.io.File(((pathPrefix + java.lang.Integer.toString(counter)) + .png)): null

2018-12-14 00:12:14 - [TEST_STEP][PASSED] - Statement - counter = counter + 1: null

2018-12-14 00:12:14 - [TEST_STEP][PASSED] - Statement - PreSaveFile = new java.io.File(((pathPrefix + java.lang.Integer.toString(counter)) + .png)): null

2018-12-14 00:12:14 - [TEST_STEP][PASSED] - Statement - counter = counter + 1: null

2018-12-14 00:12:14 - [TEST_STEP][PASSED] - Statement - PreSaveFile = new java.io.File(((pathPrefix + java.lang.Integer.toString(counter)) + .png)): null

2018-12-14 00:12:14 - [TEST_STEP][PASSED] - Statement - counter = counter + 1: null

2018-12-14 00:12:14 - [TEST_STEP][PASSED] - Statement - PreSaveFile = new java.io.File(((pathPrefix + java.lang.Integer.toString(counter)) + .png)): null

2018-12-14 00:12:14 - [TEST_STEP][PASSED] - Statement - counter = counter + 1: null

2018-12-14 00:12:14 - [TEST_STEP][PASSED] - Statement - PreSaveFile = new java.io.File(((pathPrefix + java.lang.Integer.toString(counter)) + .png)): null

2018-12-14 00:12:14 - [TEST_STEP][PASSED] - Statement - counter = counter + 1: null

2018-12-14 00:12:14 - [TEST_STEP][PASSED] - Statement - PreSaveFile = new java.io.File(((pathPrefix + java.lang.Integer.toString(counter)) + .png)): null

2018-12-14 00:12:14 - [TEST_STEP][PASSED] - Statement - counter = counter + 1: null

2018-12-14 00:12:14 - [TEST_STEP][PASSED] - Statement - PreSaveFile = new java.io.File(((pathPrefix + java.lang.Integer.toString(counter)) + .png)): null

2018-12-14 00:12:14 - [TEST_STEP][PASSED] - Statement - counter = counter + 1: null

2018-12-14 00:12:14 - [TEST_STEP][PASSED] - Statement - PreSaveFile = new java.io.File(((pathPrefix + java.lang.Integer.toString(counter)) + .png)): null

2018-12-14 00:12:14 - [TEST_STEP][PASSED] - Statement - counter = counter + 1: null

2018-12-14 00:12:14 - [TEST_STEP][PASSED] - Statement - PreSaveFile = new java.io.File(((pathPrefix + java.lang.Integer.toString(counter)) + .png)): null

2018-12-14 00:12:14 - [TEST_STEP][PASSED] - Statement - counter = counter + 1: null

2018-12-14 00:12:14 - [TEST_STEP][PASSED] - Statement - PreSaveFile = new java.io.File(((pathPrefix + java.lang.Integer.toString(counter)) + .png)): null

2018-12-14 00:12:14 - [TEST_STEP][PASSED] - Statement - counter = counter + 1: null

2018-12-14 00:12:14 - [TEST_STEP][PASSED] - Statement - PreSaveFile = new java.io.File(((pathPrefix + java.lang.Integer.toString(counter)) + .png)): null

2018-12-14 00:12:14 - [TEST_STEP][PASSED] - Statement - counter = counter + 1: null

2018-12-14 00:12:14 - [TEST_STEP][PASSED] - Statement - PreSaveFile = new java.io.File(((pathPrefix + java.lang.Integer.toString(counter)) + .png)): null

2018-12-14 00:12:14 - [TEST_STEP][PASSED] - Statement - counter = counter + 1: null

2018-12-14 00:12:14 - [TEST_STEP][PASSED] - Statement - PreSaveFile = new java.io.File(((pathPrefix + java.lang.Integer.toString(counter)) + .png)): null

2018-12-14 00:12:14 - [TEST_STEP][PASSED] - Statement - counter = counter + 1: null

2018-12-14 00:12:14 - [TEST_STEP][PASSED] - Statement - PreSaveFile = new java.io.File(((pathPrefix + java.lang.Integer.toString(counter)) + .png)): null

2018-12-14 00:12:14 - [TEST_STEP][PASSED] - Statement - counter = counter + 1: null

2018-12-14 00:12:14 - [TEST_STEP][PASSED] - Statement - PreSaveFile = new java.io.File(((pathPrefix + java.lang.Integer.toString(counter)) + .png)): null

2018-12-14 00:12:14 - [TEST_STEP][PASSED] - Statement - counter = counter + 1: null

2018-12-14 00:12:14 - [TEST_STEP][PASSED] - Statement - PreSaveFile = new java.io.File(((pathPrefix + java.lang.Integer.toString(counter)) + .png)): null

2018-12-14 00:12:14 - [TEST_STEP][PASSED] - Statement - counter = counter + 1: null

2018-12-14 00:12:14 - [TEST_STEP][PASSED] - Statement - PreSaveFile = new java.io.File(((pathPrefix + java.lang.Integer.toString(counter)) + .png)): null

2018-12-14 00:12:14 - [TEST_STEP][PASSED] - Statement - counter = counter + 1: null

2018-12-14 00:12:14 - [TEST_STEP][PASSED] - Statement - PreSaveFile = new java.io.File(((pathPrefix + java.lang.Integer.toString(counter)) + .png)): null

2018-12-14 00:12:14 - [TEST_STEP][PASSED] - Statement - counter = counter + 1: null

2018-12-14 00:12:14 - [TEST_STEP][PASSED] - Statement - PreSaveFile = new java.io.File(((pathPrefix + java.lang.Integer.toString(counter)) + .png)): null

2018-12-14 00:12:14 - [TEST_STEP][PASSED] - Statement - counter = counter + 1: null

2018-12-14 00:12:14 - [TEST_STEP][PASSED] - Statement - PreSaveFile = new java.io.File(((pathPrefix + java.lang.Integer.toString(counter)) + .png)): null

2018-12-14 00:12:14 - [TEST_STEP][PASSED] - Statement - counter = counter + 1: null

2018-12-14 00:12:14 - [TEST_STEP][PASSED] - Statement - PreSaveFile = new java.io.File(((pathPrefix + java.lang.Integer.toString(counter)) + .png)): null

2018-12-14 00:12:14 - [TEST_STEP][PASSED] - Statement - counter = counter + 1: null

2018-12-14 00:12:14 - [TEST_STEP][PASSED] - Statement - PreSaveFile = new java.io.File(((pathPrefix + java.lang.Integer.toString(counter)) + .png)): null

2018-12-14 00:12:14 - [TEST_STEP][PASSED] - Statement - counter = counter + 1: null

2018-12-14 00:12:14 - [TEST_STEP][PASSED] - Statement - PreSaveFile = new java.io.File(((pathPrefix + java.lang.Integer.toString(counter)) + .png)): null

2018-12-14 00:12:14 - [TEST_STEP][PASSED] - Statement - counter = counter + 1: null

2018-12-14 00:12:14 - [TEST_STEP][PASSED] - Statement - PreSaveFile = new java.io.File(((pathPrefix + java.lang.Integer.toString(counter)) + .png)): null

2018-12-14 00:12:14 - [TEST_STEP][PASSED] - Statement - counter = counter + 1: null

2018-12-14 00:12:14 - [TEST_STEP][PASSED] - Statement - PreSaveFile = new java.io.File(((pathPrefix + java.lang.Integer.toString(counter)) + .png)): null

2018-12-14 00:12:14 - [TEST_STEP][PASSED] - Statement - counter = counter + 1: null

2018-12-14 00:12:14 - [TEST_STEP][PASSED] - Statement - PreSaveFile = new java.io.File(((pathPrefix + java.lang.Integer.toString(counter)) + .png)): null

2018-12-14 00:12:14 - [TEST_STEP][PASSED] - Statement - counter = counter + 1: null

2018-12-14 00:12:14 - [TEST_STEP][PASSED] - Statement - PreSaveFile = new java.io.File(((pathPrefix + java.lang.Integer.toString(counter)) + .png)): null

2018-12-14 00:12:14 - [TEST_STEP][PASSED] - Statement - counter = counter + 1: null

2018-12-14 00:12:14 - [TEST_STEP][PASSED] - Statement - PreSaveFile = new java.io.File(((pathPrefix + java.lang.Integer.toString(counter)) + .png)): null

2018-12-14 00:12:14 - [TEST_STEP][PASSED] - Statement - counter = counter + 1: null

2018-12-14 00:12:14 - [TEST_STEP][PASSED] - Statement - PreSaveFile = new java.io.File(((pathPrefix + java.lang.Integer.toString(counter)) + .png)): null

2018-12-14 00:12:14 - [TEST_STEP][PASSED] - Statement - counter = counter + 1: null

2018-12-14 00:12:14 - [TEST_STEP][PASSED] - Statement - PreSaveFile = new java.io.File(((pathPrefix + java.lang.Integer.toString(counter)) + .png)): null

2018-12-14 00:12:14 - [TEST_STEP][PASSED] - Statement - counter = counter + 1: null

2018-12-14 00:12:14 - [TEST_STEP][PASSED] - Statement - PreSaveFile = new java.io.File(((pathPrefix + java.lang.Integer.toString(counter)) + .png)): null

2018-12-14 00:12:14 - [TEST_STEP][PASSED] - Statement - counter = counter + 1: null

2018-12-14 00:12:14 - [TEST_STEP][PASSED] - Statement - PreSaveFile = new java.io.File(((pathPrefix + java.lang.Integer.toString(counter)) + .png)): null

2018-12-14 00:12:14 - [TEST_STEP][PASSED] - Statement - counter = counter + 1: null

2018-12-14 00:12:14 - [TEST_STEP][PASSED] - Statement - PreSaveFile = new java.io.File(((pathPrefix + java.lang.Integer.toString(counter)) + .png)): null

2018-12-14 00:12:14 - [TEST_STEP][PASSED] - Statement - counter = counter + 1: null

2018-12-14 00:12:14 - [TEST_STEP][PASSED] - Statement - PreSaveFile = new java.io.File(((pathPrefix + java.lang.Integer.toString(counter)) + .png)): null

2018-12-14 00:12:14 - [TEST_STEP][PASSED] - Statement - counter = counter + 1: null

2018-12-14 00:12:14 - [TEST_STEP][PASSED] - Statement - PreSaveFile = new java.io.File(((pathPrefix + java.lang.Integer.toString(counter)) + .png)): null

2018-12-14 00:12:14 - [TEST_STEP][PASSED] - Statement - counter = counter + 1: null

2018-12-14 00:12:14 - [TEST_STEP][PASSED] - Statement - PreSaveFile = new java.io.File(((pathPrefix + java.lang.Integer.toString(counter)) + .png)): null

2018-12-14 00:12:14 - [TEST_STEP][PASSED] - Statement - counter = counter + 1: null

2018-12-14 00:12:14 - [TEST_STEP][PASSED] - Statement - PreSaveFile = new java.io.File(((pathPrefix + java.lang.Integer.toString(counter)) + .png)): null

2018-12-14 00:12:14 - [TEST_STEP][PASSED] - Statement - counter = counter + 1: null

2018-12-14 00:12:14 - [TEST_STEP][PASSED] - Statement - PreSaveFile = new java.io.File(((pathPrefix + java.lang.Integer.toString(counter)) + .png)): null

2018-12-14 00:12:14 - [TEST_STEP][PASSED] - Statement - counter = counter + 1: null

2018-12-14 00:12:14 - [TEST_STEP][PASSED] - Statement - PreSaveFile = new java.io.File(((pathPrefix + java.lang.Integer.toString(counter)) + .png)): null

2018-12-14 00:12:14 - [TEST_STEP][PASSED] - Statement - counter = counter + 1: null

2018-12-14 00:12:14 - [TEST_STEP][PASSED] - Statement - PreSaveFile = new java.io.File(((pathPrefix + java.lang.Integer.toString(counter)) + .png)): null

2018-12-14 00:12:14 - [TEST_STEP][PASSED] - Statement - counter = counter + 1: null

2018-12-14 00:12:14 - [TEST_STEP][PASSED] - Statement - PreSaveFile = new java.io.File(((pathPrefix + java.lang.Integer.toString(counter)) + .png)): null

2018-12-14 00:12:14 - [TEST_STEP][PASSED] - Statement - counter = counter + 1: null

2018-12-14 00:12:14 - [TEST_STEP][PASSED] - Statement - PreSaveFile = new java.io.File(((pathPrefix + java.lang.Integer.toString(counter)) + .png)): null

2018-12-14 00:12:14 - [TEST_STEP][PASSED] - Statement - counter = counter + 1: null

2018-12-14 00:12:14 - [TEST_STEP][PASSED] - Statement - PreSaveFile = new java.io.File(((pathPrefix + java.lang.Integer.toString(counter)) + .png)): null

2018-12-14 00:12:14 - [TEST_STEP][PASSED] - Statement - counter = counter + 1: null

2018-12-14 00:12:14 - [TEST_STEP][PASSED] - Statement - PreSaveFile = new java.io.File(((pathPrefix + java.lang.Integer.toString(counter)) + .png)): null

2018-12-14 00:12:14 - [TEST_STEP][PASSED] - Statement - counter = counter + 1: null

2018-12-14 00:12:14 - [TEST_STEP][PASSED] - Statement - PreSaveFile = new java.io.File(((pathPrefix + java.lang.Integer.toString(counter)) + .png)): null

2018-12-14 00:12:14 - [TEST_STEP][PASSED] - Statement - counter = counter + 1: null

2018-12-14 00:12:14 - [TEST_STEP][PASSED] - Statement - PreSaveFile = new java.io.File(((pathPrefix + java.lang.Integer.toString(counter)) + .png)): null

2018-12-14 00:12:14 - [TEST_STEP][PASSED] - Statement - counter = counter + 1: null

2018-12-14 00:12:14 - [TEST_STEP][PASSED] - Statement - PreSaveFile = new java.io.File(((pathPrefix + java.lang.Integer.toString(counter)) + .png)): null

2018-12-14 00:12:14 - [TEST_STEP][PASSED] - Statement - counter = counter + 1: null

2018-12-14 00:12:14 - [TEST_STEP][PASSED] - Statement - PreSaveFile = new java.io.File(((pathPrefix + java.lang.Integer.toString(counter)) + .png)): null

2018-12-14 00:12:14 - [TEST_STEP][PASSED] - Statement - counter = counter + 1: null

2018-12-14 00:12:14 - [TEST_STEP][PASSED] - Statement - PreSaveFile = new java.io.File(((pathPrefix + java.lang.Integer.toString(counter)) + .png)): null

2018-12-14 00:12:14 - [TEST_STEP][PASSED] - Statement - counter = counter + 1: null

2018-12-14 00:12:14 - [TEST_STEP][PASSED] - Statement - PreSaveFile = new java.io.File(((pathPrefix + java.lang.Integer.toString(counter)) + .png)): null

2018-12-14 00:12:14 - [TEST_STEP][PASSED] - Statement - counter = counter + 1: null

2018-12-14 00:12:14 - [TEST_STEP][PASSED] - Statement - PreSaveFile = new java.io.File(((pathPrefix + java.lang.Integer.toString(counter)) + .png)): null

2018-12-14 00:12:14 - [TEST_STEP][PASSED] - Statement - counter = counter + 1: null

2018-12-14 00:12:14 - [TEST_STEP][PASSED] - Statement - PreSaveFile = new java.io.File(((pathPrefix + java.lang.Integer.toString(counter)) + .png)): null

2018-12-14 00:12:14 - [TEST_STEP][PASSED] - Statement - counter = counter + 1: null

2018-12-14 00:12:14 - [TEST_STEP][PASSED] - Statement - PreSaveFile = new java.io.File(((pathPrefix + java.lang.Integer.toString(counter)) + .png)): null

2018-12-14 00:12:14 - [TEST_STEP][PASSED] - Statement - counter = counter + 1: null

2018-12-14 00:12:14 - [TEST_STEP][PASSED] - Statement - PreSaveFile = new java.io.File(((pathPrefix + java.lang.Integer.toString(counter)) + .png)): null

2018-12-14 00:12:14 - [TEST_STEP][PASSED] - Statement - counter = counter + 1: null

2018-12-14 00:12:14 - [TEST_STEP][PASSED] - Statement - PreSaveFile = new java.io.File(((pathPrefix + java.lang.Integer.toString(counter)) + .png)): null

2018-12-14 00:12:14 - [TEST_STEP][PASSED] - Statement - counter = counter + 1: null

2018-12-14 00:12:14 - [TEST_STEP][PASSED] - Statement - PreSaveFile = new java.io.File(((pathPrefix + java.lang.Integer.toString(counter)) + .png)): null

2018-12-14 00:12:14 - [TEST_STEP][PASSED] - Statement - counter = counter + 1: null

2018-12-14 00:12:14 - [TEST_STEP][PASSED] - Statement - PreSaveFile = new java.io.File(((pathPrefix + java.lang.Integer.toString(counter)) + .png)): null

2018-12-14 00:12:14 - [TEST_STEP][PASSED] - Statement - counter = counter + 1: null

2018-12-14 00:12:14 - [TEST_STEP][PASSED] - Statement - PreSaveFile = new java.io.File(((pathPrefix + java.lang.Integer.toString(counter)) + .png)): null

2018-12-14 00:12:14 - [TEST_STEP][PASSED] - Statement - counter = counter + 1: null

2018-12-14 00:12:14 - [TEST_STEP][PASSED] - Statement - PreSaveFile = new java.io.File(((pathPrefix + java.lang.Integer.toString(counter)) + .png)): null

2018-12-14 00:12:14 - [TEST_STEP][PASSED] - Statement - counter = counter + 1: null

2018-12-14 00:12:14 - [TEST_STEP][PASSED] - Statement - PreSaveFile = new java.io.File(((pathPrefix + java.lang.Integer.toString(counter)) + .png)): null

2018-12-14 00:12:14 - [TEST_STEP][PASSED] - Statement - counter = counter + 1: null

2018-12-14 00:12:14 - [TEST_STEP][PASSED] - Statement - PreSaveFile = new java.io.File(((pathPrefix + java.lang.Integer.toString(counter)) + .png)): null

2018-12-14 00:12:14 - [TEST_STEP][PASSED] - Statement - counter = counter + 1: null

2018-12-14 00:12:14 - [TEST_STEP][PASSED] - Statement - PreSaveFile = new java.io.File(((pathPrefix + java.lang.Integer.toString(counter)) + .png)): null

2018-12-14 00:12:14 - [TEST_STEP][PASSED] - Statement - counter = counter + 1: null

2018-12-14 00:12:14 - [TEST_STEP][PASSED] - Statement - PreSaveFile = new java.io.File(((pathPrefix + java.lang.Integer.toString(counter)) + .png)): null

2018-12-14 00:12:14 - [TEST_STEP][PASSED] - Statement - counter = counter + 1: null

2018-12-14 00:12:14 - [TEST_STEP][PASSED] - Statement - PreSaveFile = new java.io.File(((pathPrefix + java.lang.Integer.toString(counter)) + .png)): null

2018-12-14 00:12:14 - [TEST_STEP][PASSED] - Statement - counter = counter + 1: null

2018-12-14 00:12:14 - [TEST_STEP][PASSED] - Statement - PreSaveFile = new java.io.File(((pathPrefix + java.lang.Integer.toString(counter)) + .png)): null

2018-12-14 00:12:14 - [TEST_STEP][PASSED] - Statement - counter = counter + 1: null

2018-12-14 00:12:14 - [TEST_STEP][PASSED] - Statement - PreSaveFile = new java.io.File(((pathPrefix + java.lang.Integer.toString(counter)) + .png)): null

2018-12-14 00:12:14 - [TEST_STEP][PASSED] - Statement - counter = counter + 1: null

2018-12-14 00:12:14 - [TEST_STEP][PASSED] - Statement - PreSaveFile = new java.io.File(((pathPrefix + java.lang.Integer.toString(counter)) + .png)): null

2018-12-14 00:12:14 - [TEST_STEP][PASSED] - Statement - counter = counter + 1: null

2018-12-14 00:12:14 - [TEST_STEP][PASSED] - Statement - PreSaveFile = new java.io.File(((pathPrefix + java.lang.Integer.toString(counter)) + .png)): null

2018-12-14 00:12:14 - [TEST_STEP][PASSED] - Statement - counter = counter + 1: null

2018-12-14 00:12:14 - [TEST_STEP][PASSED] - Statement - PreSaveFile = new java.io.File(((pathPrefix + java.lang.Integer.toString(counter)) + .png)): null

2018-12-14 00:12:14 - [TEST_STEP][PASSED] - Statement - counter = counter + 1: null

2018-12-14 00:12:14 - [TEST_STEP][PASSED] - Statement - PreSaveFile = new java.io.File(((pathPrefix + java.lang.Integer.toString(counter)) + .png)): null

2018-12-14 00:12:14 - [TEST_STEP][PASSED] - Statement - counter = counter + 1: null

2018-12-14 00:12:14 - [TEST_STEP][PASSED] - Statement - PreSaveFile = new java.io.File(((pathPrefix + java.lang.Integer.toString(counter)) + .png)): null

2018-12-14 00:12:14 - [TEST_STEP][PASSED] - Statement - counter = counter + 1: null

2018-12-14 00:12:14 - [TEST_STEP][PASSED] - Statement - PreSaveFile = new java.io.File(((pathPrefix + java.lang.Integer.toString(counter)) + .png)): null

2018-12-14 00:12:14 - [TEST_STEP][PASSED] - Statement - counter = counter + 1: null

2018-12-14 00:12:14 - [TEST_STEP][PASSED] - Statement - PreSaveFile = new java.io.File(((pathPrefix + java.lang.Integer.toString(counter)) + .png)): null

2018-12-14 00:12:14 - [TEST_STEP][PASSED] - Statement - counter = counter + 1: null

2018-12-14 00:12:14 - [TEST_STEP][PASSED] - Statement - PreSaveFile = new java.io.File(((pathPrefix + java.lang.Integer.toString(counter)) + .png)): null

2018-12-14 00:12:14 - [TEST_STEP][PASSED] - Statement - counter = counter + 1: null

2018-12-14 00:12:14 - [TEST_STEP][PASSED] - Statement - PreSaveFile = new java.io.File(((pathPrefix + java.lang.Integer.toString(counter)) + .png)): null

2018-12-14 00:12:14 - [TEST_STEP][PASSED] - Statement - counter = counter + 1: null

2018-12-14 00:12:14 - [TEST_STEP][PASSED] - Statement - PreSaveFile = new java.io.File(((pathPrefix + java.lang.Integer.toString(counter)) + .png)): null

2018-12-14 00:12:14 - [TEST_STEP][PASSED] - Statement - counter = counter + 1: null

2018-12-14 00:12:14 - [TEST_STEP][PASSED] - Statement - PreSaveFile = new java.io.File(((pathPrefix + java.lang.Integer.toString(counter)) + .png)): null

2018-12-14 00:12:14 - [TEST_STEP][PASSED] - Statement - counter = counter + 1: null

2018-12-14 00:12:15 - [TEST_STEP][PASSED] - Statement - PreSaveFile = new java.io.File(((pathPrefix + java.lang.Integer.toString(counter)) + .png)): null

2018-12-14 00:12:15 - [TEST_STEP][PASSED] - Statement - counter = counter + 1: null

2018-12-14 00:12:15 - [TEST_STEP][PASSED] - Statement - PreSaveFile = new java.io.File(((pathPrefix + java.lang.Integer.toString(counter)) + .png)): null

2018-12-14 00:12:15 - [TEST_STEP][PASSED] - Statement - counter = counter + 1: null

2018-12-14 00:12:15 - [TEST_STEP][PASSED] - Statement - PreSaveFile = new java.io.File(((pathPrefix + java.lang.Integer.toString(counter)) + .png)): null

2018-12-14 00:12:15 - [TEST_STEP][PASSED] - Statement - counter = counter + 1: null

2018-12-14 00:12:15 - [TEST_STEP][PASSED] - Statement - PreSaveFile = new java.io.File(((pathPrefix + java.lang.Integer.toString(counter)) + .png)): null

2018-12-14 00:12:15 - [TEST_STEP][PASSED] - Statement - counter = counter + 1: null

2018-12-14 00:12:15 - [TEST_STEP][PASSED] - Statement - PreSaveFile = new java.io.File(((pathPrefix + java.lang.Integer.toString(counter)) + .png)): null

2018-12-14 00:12:15 - [TEST_STEP][PASSED] - Statement - counter = counter + 1: null

2018-12-14 00:12:15 - [TEST_STEP][PASSED] - Statement - PreSaveFile = new java.io.File(((pathPrefix + java.lang.Integer.toString(counter)) + .png)): null

2018-12-14 00:12:15 - [TEST_STEP][PASSED] - Statement - counter = counter + 1: null

2018-12-14 00:12:15 - [TEST_STEP][PASSED] - Statement - PreSaveFile = new java.io.File(((pathPrefix + java.lang.Integer.toString(counter)) + .png)): null

2018-12-14 00:12:15 - [TEST_STEP][PASSED] - Statement - counter = counter + 1: null

2018-12-14 00:12:15 - [TEST_STEP][PASSED] - Statement - PreSaveFile = new java.io.File(((pathPrefix + java.lang.Integer.toString(counter)) + .png)): null

2018-12-14 00:12:15 - [TEST_STEP][PASSED] - Statement - counter = counter + 1: null

2018-12-14 00:12:15 - [TEST_STEP][PASSED] - Statement - PreSaveFile = new java.io.File(((pathPrefix + java.lang.Integer.toString(counter)) + .png)): null

2018-12-14 00:12:15 - [TEST_STEP][PASSED] - Statement - counter = counter + 1: null

2018-12-14 00:12:15 - [TEST_STEP][PASSED] - Statement - PreSaveFile = new java.io.File(((pathPrefix + java.lang.Integer.toString(counter)) + .png)): null

2018-12-14 00:12:15 - [TEST_STEP][PASSED] - Statement - counter = counter + 1: null

2018-12-14 00:12:15 - [TEST_STEP][PASSED] - Statement - PreSaveFile = new java.io.File(((pathPrefix + java.lang.Integer.toString(counter)) + .png)): null

2018-12-14 00:12:15 - [TEST_STEP][PASSED] - Statement - counter = counter + 1: null

2018-12-14 00:12:15 - [TEST_STEP][PASSED] - Statement - PreSaveFile = new java.io.File(((pathPrefix + java.lang.Integer.toString(counter)) + .png)): null

2018-12-14 00:12:15 - [TEST_STEP][PASSED] - Statement - counter = counter + 1: null

2018-12-14 00:12:15 - [TEST_STEP][PASSED] - Statement - PreSaveFile = new java.io.File(((pathPrefix + java.lang.Integer.toString(counter)) + .png)): null

2018-12-14 00:12:15 - [TEST_STEP][PASSED] - Statement - counter = counter + 1: null

2018-12-14 00:12:15 - [TEST_STEP][PASSED] - Statement - PreSaveFile = new java.io.File(((pathPrefix + java.lang.Integer.toString(counter)) + .png)): null

2018-12-14 00:12:15 - [TEST_STEP][PASSED] - Statement - counter = counter + 1: null

2018-12-14 00:12:15 - [TEST_STEP][PASSED] - Statement - PreSaveFile = new java.io.File(((pathPrefix + java.lang.Integer.toString(counter)) + .png)): null

2018-12-14 00:12:15 - [TEST_STEP][PASSED] - Statement - counter = counter + 1: null

2018-12-14 00:12:15 - [TEST_STEP][PASSED] - Statement - PreSaveFile = new java.io.File(((pathPrefix + java.lang.Integer.toString(counter)) + .png)): null

2018-12-14 00:12:15 - [TEST_STEP][PASSED] - Statement - counter = counter + 1: null

2018-12-14 00:12:15 - [TEST_STEP][PASSED] - Statement - PreSaveFile = new java.io.File(((pathPrefix + java.lang.Integer.toString(counter)) + .png)): null

2018-12-14 00:12:15 - [TEST_STEP][PASSED] - Statement - counter = counter + 1: null

2018-12-14 00:12:15 - [TEST_STEP][PASSED] - Statement - PreSaveFile = new java.io.File(((pathPrefix + java.lang.Integer.toString(counter)) + .png)): null

2018-12-14 00:12:15 - [TEST_STEP][PASSED] - Statement - counter = counter + 1: null

2018-12-14 00:12:15 - [TEST_STEP][PASSED] - Statement - PreSaveFile = new java.io.File(((pathPrefix + java.lang.Integer.toString(counter)) + .png)): null

2018-12-14 00:12:15 - [TEST_STEP][PASSED] - Statement - counter = counter + 1: null

2018-12-14 00:12:15 - [TEST_STEP][PASSED] - Statement - PreSaveFile = new java.io.File(((pathPrefix + java.lang.Integer.toString(counter)) + .png)): null

2018-12-14 00:12:15 - [TEST_STEP][PASSED] - Statement - counter = counter + 1: null

2018-12-14 00:12:15 - [TEST_STEP][PASSED] - Statement - PreSaveFile = new java.io.File(((pathPrefix + java.lang.Integer.toString(counter)) + .png)): null

2018-12-14 00:12:15 - [TEST_STEP][PASSED] - Statement - counter = counter + 1: null

2018-12-14 00:12:15 - [TEST_STEP][PASSED] - Statement - PreSaveFile = new java.io.File(((pathPrefix + java.lang.Integer.toString(counter)) + .png)): null

2018-12-14 00:12:15 - [TEST_STEP][PASSED] - Statement - counter = counter + 1: null

2018-12-14 00:12:15 - [TEST_STEP][PASSED] - Statement - PreSaveFile = new java.io.File(((pathPrefix + java.lang.Integer.toString(counter)) + .png)): null

2018-12-14 00:12:15 - [TEST_STEP][PASSED] - Statement - counter = counter + 1: null

2018-12-14 00:12:15 - [TEST_STEP][PASSED] - Statement - PreSaveFile = new java.io.File(((pathPrefix + java.lang.Integer.toString(counter)) + .png)): null

2018-12-14 00:12:15 - [TEST_STEP][PASSED] - Statement - counter = counter + 1: null

2018-12-14 00:12:15 - [TEST_STEP][PASSED] - Statement - PreSaveFile = new java.io.File(((pathPrefix + java.lang.Integer.toString(counter)) + .png)): null

2018-12-14 00:12:15 - [TEST_STEP][PASSED] - Statement - counter = counter + 1: null

2018-12-14 00:12:15 - [TEST_STEP][PASSED] - Statement - PreSaveFile = new java.io.File(((pathPrefix + java.lang.Integer.toString(counter)) + .png)): null

2018-12-14 00:12:15 - [TEST_STEP][PASSED] - Statement - counter = counter + 1: null

2018-12-14 00:12:15 - [TEST_STEP][PASSED] - Statement - PreSaveFile = new java.io.File(((pathPrefix + java.lang.Integer.toString(counter)) + .png)): null

2018-12-14 00:12:15 - [TEST_STEP][PASSED] - Statement - counter = counter + 1: null

2018-12-14 00:12:15 - [TEST_STEP][PASSED] - Statement - PreSaveFile = new java.io.File(((pathPrefix + java.lang.Integer.toString(counter)) + .png)): null

2018-12-14 00:12:15 - [TEST_STEP][PASSED] - Statement - counter = counter + 1: null

2018-12-14 00:12:15 - [TEST_STEP][PASSED] - Statement - PreSaveFile = new java.io.File(((pathPrefix + java.lang.Integer.toString(counter)) + .png)): null

2018-12-14 00:12:15 - [TEST_STEP][PASSED] - Statement - counter = counter + 1: null

2018-12-14 00:12:15 - [TEST_STEP][PASSED] - Statement - PreSaveFile = new java.io.File(((pathPrefix + java.lang.Integer.toString(counter)) + .png)): null

2018-12-14 00:12:15 - [TEST_STEP][PASSED] - Statement - counter = counter + 1: null

2018-12-14 00:12:15 - [TEST_STEP][PASSED] - Statement - PreSaveFile = new java.io.File(((pathPrefix + java.lang.Integer.toString(counter)) + .png)): null

2018-12-14 00:12:15 - [TEST_STEP][PASSED] - Statement - counter = counter + 1: null

2018-12-14 00:12:15 - [TEST_STEP][PASSED] - Statement - PreSaveFile = new java.io.File(((pathPrefix + java.lang.Integer.toString(counter)) + .png)): null

2018-12-14 00:12:15 - [TEST_STEP][PASSED] - Statement - counter = counter + 1: null

2018-12-14 00:12:15 - [TEST_STEP][PASSED] - Statement - PreSaveFile = new java.io.File(((pathPrefix + java.lang.Integer.toString(counter)) + .png)): null

2018-12-14 00:12:15 - [TEST_STEP][PASSED] - Statement - counter = counter + 1: null

2018-12-14 00:12:15 - [TEST_STEP][PASSED] - Statement - PreSaveFile = new java.io.File(((pathPrefix + java.lang.Integer.toString(counter)) + .png)): null

2018-12-14 00:12:15 - [TEST_STEP][PASSED] - Statement - counter = counter + 1: null

2018-12-14 00:12:15 - [TEST_STEP][PASSED] - Statement - PreSaveFile = new java.io.File(((pathPrefix + java.lang.Integer.toString(counter)) + .png)): null

2018-12-14 00:12:15 - [TEST_STEP][PASSED] - Statement - counter = counter + 1: null

2018-12-14 00:12:15 - [TEST_STEP][PASSED] - Statement - PreSaveFile = new java.io.File(((pathPrefix + java.lang.Integer.toString(counter)) + .png)): null

2018-12-14 00:12:15 - [TEST_STEP][PASSED] - Statement - counter = counter + 1: null

2018-12-14 00:12:15 - [TEST_STEP][PASSED] - Statement - PreSaveFile = new java.io.File(((pathPrefix + java.lang.Integer.toString(counter)) + .png)): null

2018-12-14 00:12:15 - [TEST_STEP][PASSED] - Statement - counter = counter + 1: null

2018-12-14 00:12:15 - [TEST_STEP][PASSED] - Statement - PreSaveFile = new java.io.File(((pathPrefix + java.lang.Integer.toString(counter)) + .png)): null

2018-12-14 00:12:15 - [TEST_STEP][PASSED] - Statement - counter = counter + 1: null

2018-12-14 00:12:15 - [TEST_STEP][PASSED] - Statement - PreSaveFile = new java.io.File(((pathPrefix + java.lang.Integer.toString(counter)) + .png)): null

2018-12-14 00:12:15 - [TEST_STEP][PASSED] - Statement - counter = counter + 1: null

2018-12-14 00:12:15 - [TEST_STEP][PASSED] - Statement - PreSaveFile = new java.io.File(((pathPrefix + java.lang.Integer.toString(counter)) + .png)): null

2018-12-14 00:12:15 - [TEST_STEP][PASSED] - Statement - counter = counter + 1: null

2018-12-14 00:12:15 - [TEST_STEP][PASSED] - Statement - PreSaveFile = new java.io.File(((pathPrefix + java.lang.Integer.toString(counter)) + .png)): null

2018-12-14 00:12:15 - [TEST_STEP][PASSED] - Statement - counter = counter + 1: null

2018-12-14 00:12:15 - [TEST_STEP][PASSED] - Statement - PreSaveFile = new java.io.File(((pathPrefix + java.lang.Integer.toString(counter)) + .png)): null

2018-12-14 00:12:15 - [TEST_STEP][PASSED] - Statement - counter = counter + 1: null

2018-12-14 00:12:15 - [TEST_STEP][PASSED] - Statement - PreSaveFile = new java.io.File(((pathPrefix + java.lang.Integer.toString(counter)) + .png)): null

2018-12-14 00:12:15 - [TEST_STEP][PASSED] - Statement - counter = counter + 1: null

2018-12-14 00:12:15 - [TEST_STEP][PASSED] - Statement - PreSaveFile = new java.io.File(((pathPrefix + java.lang.Integer.toString(counter)) + .png)): null

2018-12-14 00:12:15 - [TEST_STEP][PASSED] - Statement - counter = counter + 1: null

2018-12-14 00:12:15 - [TEST_STEP][PASSED] - Statement - PreSaveFile = new java.io.File(((pathPrefix + java.lang.Integer.toString(counter)) + .png)): null

2018-12-14 00:12:15 - [TEST_STEP][PASSED] - Statement - counter = counter + 1: null

2018-12-14 00:12:15 - [TEST_STEP][PASSED] - Statement - PreSaveFile = new java.io.File(((pathPrefix + java.lang.Integer.toString(counter)) + .png)): null

2018-12-14 00:12:15 - [TEST_STEP][PASSED] - Statement - counter = counter + 1: null

2018-12-14 00:12:15 - [TEST_STEP][PASSED] - Statement - PreSaveFile = new java.io.File(((pathPrefix + java.lang.Integer.toString(counter)) + .png)): null

2018-12-14 00:12:15 - [TEST_STEP][PASSED] - Statement - counter = counter + 1: null

2018-12-14 00:12:15 - [TEST_STEP][PASSED] - Statement - PreSaveFile = new java.io.File(((pathPrefix + java.lang.Integer.toString(counter)) + .png)): null

2018-12-14 00:12:15 - [TEST_STEP][PASSED] - Statement - counter = counter + 1: null

2018-12-14 00:12:15 - [TEST_STEP][PASSED] - Statement - PreSaveFile = new java.io.File(((pathPrefix + java.lang.Integer.toString(counter)) + .png)): null

2018-12-14 00:12:15 - [TEST_STEP][PASSED] - Statement - counter = counter + 1: null

2018-12-14 00:12:15 - [TEST_STEP][PASSED] - Statement - PreSaveFile = new java.io.File(((pathPrefix + java.lang.Integer.toString(counter)) + .png)): null

2018-12-14 00:12:15 - [TEST_STEP][PASSED] - Statement - counter = counter + 1: null

2018-12-14 00:12:15 - [TEST_STEP][PASSED] - Statement - PreSaveFile = new java.io.File(((pathPrefix + java.lang.Integer.toString(counter)) + .png)): null

2018-12-14 00:12:15 - [TEST_STEP][PASSED] - Statement - counter = counter + 1: null

2018-12-14 00:12:15 - [TEST_STEP][PASSED] - Statement - PreSaveFile = new java.io.File(((pathPrefix + java.lang.Integer.toString(counter)) + .png)): null

2018-12-14 00:12:15 - [TEST_STEP][PASSED] - Statement - counter = counter + 1: null

2018-12-14 00:12:15 - [TEST_STEP][PASSED] - Statement - PreSaveFile = new java.io.File(((pathPrefix + java.lang.Integer.toString(counter)) + .png)): null

2018-12-14 00:12:15 - [TEST_STEP][PASSED] - Statement - counter = counter + 1: null

2018-12-14 00:12:15 - [TEST_STEP][PASSED] - Statement - PreSaveFile = new java.io.File(((pathPrefix + java.lang.Integer.toString(counter)) + .png)): null

2018-12-14 00:12:15 - [TEST_STEP][PASSED] - Statement - counter = counter + 1: null

2018-12-14 00:12:15 - [TEST_STEP][PASSED] - Statement - PreSaveFile = new java.io.File(((pathPrefix + java.lang.Integer.toString(counter)) + .png)): null

2018-12-14 00:12:15 - [TEST_STEP][PASSED] - Statement - counter = counter + 1: null

2018-12-14 00:12:15 - [TEST_STEP][PASSED] - Statement - PreSaveFile = new java.io.File(((pathPrefix + java.lang.Integer.toString(counter)) + .png)): null

2018-12-14 00:12:15 - [TEST_STEP][PASSED] - Statement - counter = counter + 1: null

2018-12-14 00:12:15 - [TEST_STEP][PASSED] - Statement - PreSaveFile = new java.io.File(((pathPrefix + java.lang.Integer.toString(counter)) + .png)): null

2018-12-14 00:12:15 - [TEST_STEP][PASSED] - Statement - counter = counter + 1: null

2018-12-14 00:12:15 - [TEST_STEP][PASSED] - Statement - PreSaveFile = new java.io.File(((pathPrefix + java.lang.Integer.toString(counter)) + .png)): null

2018-12-14 00:12:15 - [TEST_STEP][PASSED] - Statement - counter = counter + 1: null

2018-12-14 00:12:15 - [TEST_STEP][PASSED] - Statement - PreSaveFile = new java.io.File(((pathPrefix + java.lang.Integer.toString(counter)) + .png)): null

2018-12-14 00:12:15 - [TEST_STEP][PASSED] - Statement - counter = counter + 1: null

2018-12-14 00:12:15 - [TEST_STEP][PASSED] - Statement - PreSaveFile = new java.io.File(((pathPrefix + java.lang.Integer.toString(counter)) + .png)): null

2018-12-14 00:12:15 - [TEST_STEP][PASSED] - Statement - counter = counter + 1: null

2018-12-14 00:12:15 - [TEST_STEP][PASSED] - Statement - PreSaveFile = new java.io.File(((pathPrefix + java.lang.Integer.toString(counter)) + .png)): null

2018-12-14 00:12:15 - [TEST_STEP][PASSED] - Statement - counter = counter + 1: null

2018-12-14 00:12:15 - [TEST_STEP][PASSED] - Statement - PreSaveFile = new java.io.File(((pathPrefix + java.lang.Integer.toString(counter)) + .png)): null

2018-12-14 00:12:15 - [TEST_STEP][PASSED] - Statement - counter = counter + 1: null

2018-12-14 00:12:15 - [TEST_STEP][PASSED] - Statement - PreSaveFile = new java.io.File(((pathPrefix + java.lang.Integer.toString(counter)) + .png)): null

2018-12-14 00:12:15 - [TEST_STEP][PASSED] - Statement - counter = counter + 1: null

2018-12-14 00:12:15 - [TEST_STEP][PASSED] - Statement - PreSaveFile = new java.io.File(((pathPrefix + java.lang.Integer.toString(counter)) + .png)): null

2018-12-14 00:12:15 - [TEST_STEP][PASSED] - Statement - counter = counter + 1: null

2018-12-14 00:12:15 - [TEST_STEP][PASSED] - Statement - PreSaveFile = new java.io.File(((pathPrefix + java.lang.Integer.toString(counter)) + .png)): null

2018-12-14 00:12:15 - [TEST_STEP][PASSED] - Statement - counter = counter + 1: null

2018-12-14 00:12:15 - [TEST_STEP][PASSED] - Statement - PreSaveFile = new java.io.File(((pathPrefix + java.lang.Integer.toString(counter)) + .png)): null

2018-12-14 00:12:15 - [TEST_STEP][PASSED] - Statement - counter = counter + 1: null

2018-12-14 00:12:15 - [TEST_STEP][PASSED] - Statement - PreSaveFile = new java.io.File(((pathPrefix + java.lang.Integer.toString(counter)) + .png)): null

2018-12-14 00:12:15 - [TEST_STEP][PASSED] - Statement - counter = counter + 1: null

2018-12-14 00:12:15 - [TEST_STEP][PASSED] - Statement - PreSaveFile = new java.io.File(((pathPrefix + java.lang.Integer.toString(counter)) + .png)): null

2018-12-14 00:12:15 - [TEST_STEP][PASSED] - Statement - counter = counter + 1: null

2018-12-14 00:12:15 - [TEST_STEP][PASSED] - Statement - PreSaveFile = new java.io.File(((pathPrefix + java.lang.Integer.toString(counter)) + .png)): null

2018-12-14 00:12:15 - [TEST_STEP][PASSED] - Statement - counter = counter + 1: null

2018-12-14 00:12:15 - [TEST_STEP][PASSED] - Statement - PreSaveFile = new java.io.File(((pathPrefix + java.lang.Integer.toString(counter)) + .png)): null

2018-12-14 00:12:15 - [TEST_STEP][PASSED] - Statement - counter = counter + 1: null

2018-12-14 00:12:15 - [TEST_STEP][PASSED] - Statement - PreSaveFile = new java.io.File(((pathPrefix + java.lang.Integer.toString(counter)) + .png)): null

2018-12-14 00:12:15 - [TEST_STEP][PASSED] - Statement - counter = counter + 1: null

2018-12-14 00:12:15 - [TEST_STEP][PASSED] - Statement - PreSaveFile = new java.io.File(((pathPrefix + java.lang.Integer.toString(counter)) + .png)): null

2018-12-14 00:12:15 - [TEST_STEP][PASSED] - Statement - counter = counter + 1: null

2018-12-14 00:12:15 - [TEST_STEP][PASSED] - Statement - PreSaveFile = new java.io.File(((pathPrefix + java.lang.Integer.toString(counter)) + .png)): null

2018-12-14 00:12:15 - [TEST_STEP][PASSED] - Statement - counter = counter + 1: null

2018-12-14 00:12:15 - [TEST_STEP][PASSED] - Statement - PreSaveFile = new java.io.File(((pathPrefix + java.lang.Integer.toString(counter)) + .png)): null

2018-12-14 00:12:15 - [TEST_STEP][PASSED] - Statement - counter = counter + 1: null

2018-12-14 00:12:15 - [TEST_STEP][PASSED] - Statement - PreSaveFile = new java.io.File(((pathPrefix + java.lang.Integer.toString(counter)) + .png)): null

2018-12-14 00:12:15 - [TEST_STEP][PASSED] - Statement - counter = counter + 1: null

2018-12-14 00:12:15 - [TEST_STEP][PASSED] - Statement - PreSaveFile = new java.io.File(((pathPrefix + java.lang.Integer.toString(counter)) + .png)): null

2018-12-14 00:12:15 - [TEST_STEP][PASSED] - Statement - counter = counter + 1: null

2018-12-14 00:12:15 - [TEST_STEP][PASSED] - Statement - PreSaveFile = new java.io.File(((pathPrefix + java.lang.Integer.toString(counter)) + .png)): null

2018-12-14 00:12:15 - [TEST_STEP][PASSED] - Statement - counter = counter + 1: null

2018-12-14 00:12:15 - [TEST_STEP][PASSED] - Statement - PreSaveFile = new java.io.File(((pathPrefix + java.lang.Integer.toString(counter)) + .png)): null

2018-12-14 00:12:15 - [TEST_STEP][PASSED] - Statement - counter = counter + 1: null

2018-12-14 00:12:15 - [TEST_STEP][PASSED] - Statement - PreSaveFile = new java.io.File(((pathPrefix + java.lang.Integer.toString(counter)) + .png)): null

2018-12-14 00:12:15 - [TEST_STEP][PASSED] - Statement - counter = counter + 1: null

2018-12-14 00:12:15 - [TEST_STEP][PASSED] - Statement - PreSaveFile = new java.io.File(((pathPrefix + java.lang.Integer.toString(counter)) + .png)): null

2018-12-14 00:12:15 - [TEST_STEP][PASSED] - Statement - counter = counter + 1: null

2018-12-14 00:12:15 - [TEST_STEP][PASSED] - Statement - PreSaveFile = new java.io.File(((pathPrefix + java.lang.Integer.toString(counter)) + .png)): null

2018-12-14 00:12:15 - [TEST_STEP][PASSED] - Statement - counter = counter + 1: null

2018-12-14 00:12:15 - [TEST_STEP][PASSED] - Statement - PreSaveFile = new java.io.File(((pathPrefix + java.lang.Integer.toString(counter)) + .png)): null

2018-12-14 00:12:15 - [TEST_STEP][PASSED] - Statement - counter = counter + 1: null

2018-12-14 00:12:15 - [TEST_STEP][PASSED] - Statement - PreSaveFile = new java.io.File(((pathPrefix + java.lang.Integer.toString(counter)) + .png)): null

2018-12-14 00:12:15 - [TEST_STEP][PASSED] - Statement - counter = counter + 1: null

2018-12-14 00:12:15 - [TEST_STEP][PASSED] - Statement - PreSaveFile = new java.io.File(((pathPrefix + java.lang.Integer.toString(counter)) + .png)): null

2018-12-14 00:12:15 - [TEST_STEP][PASSED] - Statement - counter = counter + 1: null

2018-12-14 00:12:15 - [TEST_STEP][PASSED] - Statement - PreSaveFile = new java.io.File(((pathPrefix + java.lang.Integer.toString(counter)) + .png)): null

2018-12-14 00:12:15 - [TEST_STEP][PASSED] - Statement - counter = counter + 1: null

2018-12-14 00:12:15 - [TEST_STEP][PASSED] - Statement - PreSaveFile = new java.io.File(((pathPrefix + java.lang.Integer.toString(counter)) + .png)): null

2018-12-14 00:12:15 - [TEST_STEP][PASSED] - Statement - counter = counter + 1: null

2018-12-14 00:12:15 - [TEST_STEP][PASSED] - Statement - PreSaveFile = new java.io.File(((pathPrefix + java.lang.Integer.toString(counter)) + .png)): null

2018-12-14 00:12:15 - [TEST_STEP][PASSED] - Statement - counter = counter + 1: null

2018-12-14 00:12:15 - [TEST_STEP][PASSED] - Statement - PreSaveFile = new java.io.File(((pathPrefix + java.lang.Integer.toString(counter)) + .png)): null

2018-12-14 00:12:15 - [TEST_STEP][PASSED] - Statement - counter = counter + 1: null

2018-12-14 00:12:15 - [TEST_STEP][PASSED] - Statement - PreSaveFile = new java.io.File(((pathPrefix + java.lang.Integer.toString(counter)) + .png)): null

2018-12-14 00:12:15 - [TEST_STEP][PASSED] - Statement - counter = counter + 1: null

2018-12-14 00:12:15 - [TEST_STEP][PASSED] - Statement - PreSaveFile = new java.io.File(((pathPrefix + java.lang.Integer.toString(counter)) + .png)): null

2018-12-14 00:12:15 - [TEST_STEP][PASSED] - Statement - counter = counter + 1: null

2018-12-14 00:12:15 - [TEST_STEP][PASSED] - Statement - PreSaveFile = new java.io.File(((pathPrefix + java.lang.Integer.toString(counter)) + .png)): null

2018-12-14 00:12:15 - [TEST_STEP][PASSED] - Statement - counter = counter + 1: null

2018-12-14 00:12:15 - [TEST_STEP][PASSED] - Statement - PreSaveFile = new java.io.File(((pathPrefix + java.lang.Integer.toString(counter)) + .png)): null

2018-12-14 00:12:15 - [TEST_STEP][PASSED] - Statement - counter = counter + 1: null

2018-12-14 00:12:15 - [TEST_STEP][PASSED] - Statement - PreSaveFile = new java.io.File(((pathPrefix + java.lang.Integer.toString(counter)) + .png)): null

2018-12-14 00:12:15 - [TEST_STEP][PASSED] - Statement - counter = counter + 1: null

2018-12-14 00:12:15 - [TEST_STEP][PASSED] - Statement - PreSaveFile = new java.io.File(((pathPrefix + java.lang.Integer.toString(counter)) + .png)): null

2018-12-14 00:12:15 - [TEST_STEP][PASSED] - Statement - counter = counter + 1: null

2018-12-14 00:12:15 - [TEST_STEP][PASSED] - Statement - PreSaveFile = new java.io.File(((pathPrefix + java.lang.Integer.toString(counter)) + .png)): null

2018-12-14 00:12:15 - [TEST_STEP][PASSED] - Statement - counter = counter + 1: null

2018-12-14 00:12:15 - [TEST_STEP][PASSED] - Statement - PreSaveFile = new java.io.File(((pathPrefix + java.lang.Integer.toString(counter)) + .png)): null

2018-12-14 00:12:15 - [TEST_STEP][PASSED] - Statement - counter = counter + 1: null

2018-12-14 00:12:15 - [TEST_STEP][PASSED] - Statement - PreSaveFile = new java.io.File(((pathPrefix + java.lang.Integer.toString(counter)) + .png)): null

2018-12-14 00:12:15 - [TEST_STEP][PASSED] - Statement - counter = counter + 1: null

2018-12-14 00:12:15 - [TEST_STEP][PASSED] - Statement - PreSaveFile = new java.io.File(((pathPrefix + java.lang.Integer.toString(counter)) + .png)): null

2018-12-14 00:12:15 - [TEST_STEP][PASSED] - Statement - counter = counter + 1: null

2018-12-14 00:12:15 - [TEST_STEP][PASSED] - Statement - PreSaveFile = new java.io.File(((pathPrefix + java.lang.Integer.toString(counter)) + .png)): null

2018-12-14 00:12:15 - [TEST_STEP][PASSED] - Statement - counter = counter + 1: null

2018-12-14 00:12:15 - [TEST_STEP][PASSED] - Statement - PreSaveFile = new java.io.File(((pathPrefix + java.lang.Integer.toString(counter)) + .png)): null

2018-12-14 00:12:15 - [TEST_STEP][PASSED] - Statement - counter = counter + 1: null

2018-12-14 00:12:15 - [TEST_STEP][PASSED] - Statement - PreSaveFile = new java.io.File(((pathPrefix + java.lang.Integer.toString(counter)) + .png)): null

2018-12-14 00:12:15 - [TEST_STEP][PASSED] - Statement - counter = counter + 1: null

2018-12-14 00:12:15 - [TEST_STEP][PASSED] - Statement - PreSaveFile = new java.io.File(((pathPrefix + java.lang.Integer.toString(counter)) + .png)): null

2018-12-14 00:12:15 - [TEST_STEP][PASSED] - Statement - counter = counter + 1: null

2018-12-14 00:12:15 - [TEST_STEP][PASSED] - Statement - PreSaveFile = new java.io.File(((pathPrefix + java.lang.Integer.toString(counter)) + .png)): null

2018-12-14 00:12:15 - [TEST_STEP][PASSED] - Statement - counter = counter + 1: null

2018-12-14 00:12:15 - [TEST_STEP][PASSED] - Statement - PreSaveFile = new java.io.File(((pathPrefix + java.lang.Integer.toString(counter)) + .png)): null

2018-12-14 00:12:15 - [TEST_STEP][PASSED] - Statement - counter = counter + 1: null

2018-12-14 00:12:15 - [TEST_STEP][PASSED] - Statement - PreSaveFile = new java.io.File(((pathPrefix + java.lang.Integer.toString(counter)) + .png)): null

2018-12-14 00:12:15 - [TEST_STEP][PASSED] - Statement - counter = counter + 1: null

2018-12-14 00:12:15 - [TEST_STEP][PASSED] - Statement - PreSaveFile = new java.io.File(((pathPrefix + java.lang.Integer.toString(counter)) + .png)): null

2018-12-14 00:12:15 - [TEST_STEP][PASSED] - Statement - counter = counter + 1: null

2018-12-14 00:12:15 - [TEST_STEP][PASSED] - Statement - PreSaveFile = new java.io.File(((pathPrefix + java.lang.Integer.toString(counter)) + .png)): null

2018-12-14 00:12:15 - [TEST_STEP][PASSED] - Statement - counter = counter + 1: null

2018-12-14 00:12:15 - [TEST_STEP][PASSED] - Statement - PreSaveFile = new java.io.File(((pathPrefix + java.lang.Integer.toString(counter)) + .png)): null

2018-12-14 00:12:15 - [TEST_STEP][PASSED] - Statement - counter = counter + 1: null

2018-12-14 00:12:15 - [TEST_STEP][PASSED] - Statement - PreSaveFile = new java.io.File(((pathPrefix + java.lang.Integer.toString(counter)) + .png)): null

2018-12-14 00:12:15 - [TEST_STEP][PASSED] - Statement - counter = counter + 1: null

2018-12-14 00:12:15 - [TEST_STEP][PASSED] - Statement - PreSaveFile = new java.io.File(((pathPrefix + java.lang.Integer.toString(counter)) + .png)): null

2018-12-14 00:12:15 - [TEST_STEP][PASSED] - Statement - counter = counter + 1: null

2018-12-14 00:12:15 - [TEST_STEP][PASSED] - Statement - PreSaveFile = new java.io.File(((pathPrefix + java.lang.Integer.toString(counter)) + .png)): null

2018-12-14 00:12:15 - [TEST_STEP][PASSED] - Statement - counter = counter + 1: null

2018-12-14 00:12:15 - [TEST_STEP][PASSED] - Statement - PreSaveFile = new java.io.File(((pathPrefix + java.lang.Integer.toString(counter)) + .png)): null

2018-12-14 00:12:15 - [TEST_STEP][PASSED] - Statement - counter = counter + 1: null

2018-12-14 00:12:15 - [TEST_STEP][PASSED] - Statement - PreSaveFile = new java.io.File(((pathPrefix + java.lang.Integer.toString(counter)) + .png)): null

2018-12-14 00:12:15 - [TEST_STEP][PASSED] - Statement - counter = counter + 1: null

2018-12-14 00:12:15 - [TEST_STEP][PASSED] - Statement - PreSaveFile = new java.io.File(((pathPrefix + java.lang.Integer.toString(counter)) + .png)): null

2018-12-14 00:12:15 - [TEST_STEP][PASSED] - Statement - counter = counter + 1: null

2018-12-14 00:12:15 - [TEST_STEP][PASSED] - Statement - PreSaveFile = new java.io.File(((pathPrefix + java.lang.Integer.toString(counter)) + .png)): null

2018-12-14 00:12:15 - [TEST_STEP][PASSED] - Statement - counter = counter + 1: null

2018-12-14 00:12:15 - [TEST_STEP][PASSED] - Statement - PreSaveFile = new java.io.File(((pathPrefix + java.lang.Integer.toString(counter)) + .png)): null

2018-12-14 00:12:15 - [TEST_STEP][PASSED] - Statement - counter = counter + 1: null

2018-12-14 00:12:15 - [TEST_STEP][PASSED] - Statement - PreSaveFile = new java.io.File(((pathPrefix + java.lang.Integer.toString(counter)) + .png)): null

2018-12-14 00:12:15 - [TEST_STEP][PASSED] - Statement - counter = counter + 1: null

2018-12-14 00:12:15 - [TEST_STEP][PASSED] - Statement - PreSaveFile = new java.io.File(((pathPrefix + java.lang.Integer.toString(counter)) + .png)): null

2018-12-14 00:12:15 - [TEST_STEP][PASSED] - Statement - counter = counter + 1: null

2018-12-14 00:12:15 - [TEST_STEP][PASSED] - Statement - PreSaveFile = new java.io.File(((pathPrefix + java.lang.Integer.toString(counter)) + .png)): null

2018-12-14 00:12:15 - [TEST_STEP][PASSED] - Statement - counter = counter + 1: null

2018-12-14 00:12:15 - [TEST_STEP][PASSED] - Statement - PreSaveFile = new java.io.File(((pathPrefix + java.lang.Integer.toString(counter)) + .png)): null

2018-12-14 00:12:15 - [TEST_STEP][PASSED] - Statement - counter = counter + 1: null

2018-12-14 00:12:15 - [TEST_STEP][PASSED] - Statement - PreSaveFile = new java.io.File(((pathPrefix + java.lang.Integer.toString(counter)) + .png)): null

2018-12-14 00:12:15 - [TEST_STEP][PASSED] - Statement - counter = counter + 1: null

2018-12-14 00:12:15 - [TEST_STEP][PASSED] - Statement - PreSaveFile = new java.io.File(((pathPrefix + java.lang.Integer.toString(counter)) + .png)): null

2018-12-14 00:12:15 - [TEST_STEP][PASSED] - Statement - counter = counter + 1: null

2018-12-14 00:12:15 - [TEST_STEP][PASSED] - Statement - PreSaveFile = new java.io.File(((pathPrefix + java.lang.Integer.toString(counter)) + .png)): null

2018-12-14 00:12:15 - [TEST_STEP][PASSED] - Statement - counter = counter + 1: null

2018-12-14 00:12:15 - [TEST_STEP][PASSED] - Statement - PreSaveFile = new java.io.File(((pathPrefix + java.lang.Integer.toString(counter)) + .png)): null

2018-12-14 00:12:15 - [TEST_STEP][PASSED] - Statement - counter = counter + 1: null

2018-12-14 00:12:15 - [TEST_STEP][PASSED] - Statement - PreSaveFile = new java.io.File(((pathPrefix + java.lang.Integer.toString(counter)) + .png)): null

2018-12-14 00:12:15 - [TEST_STEP][PASSED] - Statement - counter = counter + 1: null

2018-12-14 00:12:15 - [TEST_STEP][PASSED] - Statement - PreSaveFile = new java.io.File(((pathPrefix + java.lang.Integer.toString(counter)) + .png)): null

2018-12-14 00:12:15 - [TEST_STEP][PASSED] - Statement - counter = counter + 1: null

2018-12-14 00:12:15 - [TEST_STEP][PASSED] - Statement - PreSaveFile = new java.io.File(((pathPrefix + java.lang.Integer.toString(counter)) + .png)): null

2018-12-14 00:12:15 - [TEST_STEP][PASSED] - Statement - counter = counter + 1: null

2018-12-14 00:12:15 - [TEST_STEP][PASSED] - Statement - PreSaveFile = new java.io.File(((pathPrefix + java.lang.Integer.toString(counter)) + .png)): null

2018-12-14 00:12:15 - [TEST_STEP][PASSED] - Statement - counter = counter + 1: null

2018-12-14 00:12:15 - [TEST_STEP][PASSED] - Statement - PreSaveFile = new java.io.File(((pathPrefix + java.lang.Integer.toString(counter)) + .png)): null

2018-12-14 00:12:15 - [TEST_STEP][PASSED] - Statement - counter = counter + 1: null

2018-12-14 00:12:15 - [TEST_STEP][PASSED] - Statement - PreSaveFile = new java.io.File(((pathPrefix + java.lang.Integer.toString(counter)) + .png)): null

2018-12-14 00:12:15 - [TEST_STEP][PASSED] - Statement - counter = counter + 1: null

2018-12-14 00:12:15 - [TEST_STEP][PASSED] - Statement - PreSaveFile = new java.io.File(((pathPrefix + java.lang.Integer.toString(counter)) + .png)): null

2018-12-14 00:12:15 - [TEST_STEP][PASSED] - Statement - counter = counter + 1: null

2018-12-14 00:12:15 - [TEST_STEP][PASSED] - Statement - PreSaveFile = new java.io.File(((pathPrefix + java.lang.Integer.toString(counter)) + .png)): null

2018-12-14 00:12:15 - [TEST_STEP][PASSED] - Statement - counter = counter + 1: null

2018-12-14 00:12:15 - [TEST_STEP][PASSED] - Statement - PreSaveFile = new java.io.File(((pathPrefix + java.lang.Integer.toString(counter)) + .png)): null

2018-12-14 00:12:15 - [TEST_STEP][PASSED] - Statement - counter = counter + 1: null

2018-12-14 00:12:15 - [TEST_STEP][PASSED] - Statement - PreSaveFile = new java.io.File(((pathPrefix + java.lang.Integer.toString(counter)) + .png)): null

2018-12-14 00:12:15 - [TEST_STEP][PASSED] - Statement - counter = counter + 1: null

2018-12-14 00:12:15 - [TEST_STEP][PASSED] - Statement - PreSaveFile = new java.io.File(((pathPrefix + java.lang.Integer.toString(counter)) + .png)): null

2018-12-14 00:12:15 - [TEST_STEP][PASSED] - Statement - counter = counter + 1: null

2018-12-14 00:12:15 - [TEST_STEP][PASSED] - Statement - PreSaveFile = new java.io.File(((pathPrefix + java.lang.Integer.toString(counter)) + .png)): null

2018-12-14 00:12:15 - [TEST_STEP][PASSED] - Statement - counter = counter + 1: null

2018-12-14 00:12:15 - [TEST_STEP][PASSED] - Statement - PreSaveFile = new java.io.File(((pathPrefix + java.lang.Integer.toString(counter)) + .png)): null

2018-12-14 00:12:15 - [TEST_STEP][PASSED] - Statement - counter = counter + 1: null

2018-12-14 00:12:15 - [TEST_STEP][PASSED] - Statement - PreSaveFile = new java.io.File(((pathPrefix + java.lang.Integer.toString(counter)) + .png)): null

2018-12-14 00:12:15 - [TEST_STEP][PASSED] - Statement - counter = counter + 1: null

2018-12-14 00:12:15 - [TEST_STEP][PASSED] - Statement - PreSaveFile = new java.io.File(((pathPrefix + java.lang.Integer.toString(counter)) + .png)): null

2018-12-14 00:12:15 - [TEST_STEP][PASSED] - Statement - counter = counter + 1: null

2018-12-14 00:12:15 - [TEST_STEP][PASSED] - Statement - PreSaveFile = new java.io.File(((pathPrefix + java.lang.Integer.toString(counter)) + .png)): null

2018-12-14 00:12:15 - [TEST_STEP][PASSED] - Statement - counter = counter + 1: null

2018-12-14 00:12:15 - [TEST_STEP][PASSED] - Statement - PreSaveFile = new java.io.File(((pathPrefix + java.lang.Integer.toString(counter)) + .png)): null

2018-12-14 00:12:15 - [TEST_STEP][PASSED] - Statement - counter = counter + 1: null

2018-12-14 00:12:15 - [TEST_STEP][PASSED] - Statement - PreSaveFile = new java.io.File(((pathPrefix + java.lang.Integer.toString(counter)) + .png)): null

2018-12-14 00:12:15 - [TEST_STEP][PASSED] - Statement - counter = counter + 1: null

2018-12-14 00:12:15 - [TEST_STEP][PASSED] - Statement - PreSaveFile = new java.io.File(((pathPrefix + java.lang.Integer.toString(counter)) + .png)): null

2018-12-14 00:12:15 - [TEST_STEP][PASSED] - Statement - counter = counter + 1: null

2018-12-14 00:12:15 - [TEST_STEP][PASSED] - Statement - PreSaveFile = new java.io.File(((pathPrefix + java.lang.Integer.toString(counter)) + .png)): null

2018-12-14 00:12:15 - [TEST_STEP][PASSED] - Statement - counter = counter + 1: null

2018-12-14 00:12:15 - [TEST_STEP][PASSED] - Statement - PreSaveFile = new java.io.File(((pathPrefix + java.lang.Integer.toString(counter)) + .png)): null

2018-12-14 00:12:15 - [TEST_STEP][PASSED] - Statement - counter = counter + 1: null

2018-12-14 00:12:15 - [TEST_STEP][PASSED] - Statement - PreSaveFile = new java.io.File(((pathPrefix + java.lang.Integer.toString(counter)) + .png)): null

2018-12-14 00:12:15 - [TEST_STEP][PASSED] - Statement - counter = counter + 1: null

2018-12-14 00:12:15 - [TEST_STEP][PASSED] - Statement - PreSaveFile = new java.io.File(((pathPrefix + java.lang.Integer.toString(counter)) + .png)): null

2018-12-14 00:12:15 - [TEST_STEP][PASSED] - Statement - counter = counter + 1: null

2018-12-14 00:12:15 - [TEST_STEP][PASSED] - Statement - PreSaveFile = new java.io.File(((pathPrefix + java.lang.Integer.toString(counter)) + .png)): null

2018-12-14 00:12:15 - [TEST_STEP][PASSED] - Statement - counter = counter + 1: null

2018-12-14 00:12:15 - [TEST_STEP][PASSED] - Statement - PreSaveFile = new java.io.File(((pathPrefix + java.lang.Integer.toString(counter)) + .png)): null

2018-12-14 00:12:15 - [TEST_STEP][PASSED] - Statement - counter = counter + 1: null

2018-12-14 00:12:15 - [TEST_STEP][PASSED] - Statement - PreSaveFile = new java.io.File(((pathPrefix + java.lang.Integer.toString(counter)) + .png)): null

2018-12-14 00:12:15 - [TEST_STEP][PASSED] - Statement - counter = counter + 1: null

2018-12-14 00:12:15 - [TEST_STEP][PASSED] - Statement - PreSaveFile = new java.io.File(((pathPrefix + java.lang.Integer.toString(counter)) + .png)): null

2018-12-14 00:12:15 - [TEST_STEP][PASSED] - Statement - counter = counter + 1: null

2018-12-14 00:12:15 - [TEST_STEP][PASSED] - Statement - PreSaveFile = new java.io.File(((pathPrefix + java.lang.Integer.toString(counter)) + .png)): null

2018-12-14 00:12:15 - [TEST_STEP][PASSED] - Statement - counter = counter + 1: null

2018-12-14 00:12:15 - [TEST_STEP][PASSED] - Statement - PreSaveFile = new java.io.File(((pathPrefix + java.lang.Integer.toString(counter)) + .png)): null

2018-12-14 00:12:15 - [TEST_STEP][PASSED] - Statement - counter = counter + 1: null

2018-12-14 00:12:15 - [TEST_STEP][PASSED] - Statement - PreSaveFile = new java.io.File(((pathPrefix + java.lang.Integer.toString(counter)) + .png)): null

2018-12-14 00:12:15 - [TEST_STEP][PASSED] - Statement - counter = counter + 1: null

2018-12-14 00:12:15 - [TEST_STEP][PASSED] - Statement - PreSaveFile = new java.io.File(((pathPrefix + java.lang.Integer.toString(counter)) + .png)): null

2018-12-14 00:12:15 - [TEST_STEP][PASSED] - Statement - counter = counter + 1: null

2018-12-14 00:12:15 - [TEST_STEP][PASSED] - Statement - PreSaveFile = new java.io.File(((pathPrefix + java.lang.Integer.toString(counter)) + .png)): null

2018-12-14 00:12:15 - [TEST_STEP][PASSED] - Statement - counter = counter + 1: null

2018-12-14 00:12:15 - [TEST_STEP][PASSED] - Statement - PreSaveFile = new java.io.File(((pathPrefix + java.lang.Integer.toString(counter)) + .png)): null

2018-12-14 00:12:15 - [TEST_STEP][PASSED] - Statement - counter = counter + 1: null

2018-12-14 00:12:15 - [TEST_STEP][PASSED] - Statement - PreSaveFile = new java.io.File(((pathPrefix + java.lang.Integer.toString(counter)) + .png)): null

2018-12-14 00:12:15 - [TEST_STEP][PASSED] - Statement - counter = counter + 1: null

2018-12-14 00:12:15 - [TEST_STEP][PASSED] - Statement - PreSaveFile = new java.io.File(((pathPrefix + java.lang.Integer.toString(counter)) + .png)): null

2018-12-14 00:12:15 - [TEST_STEP][PASSED] - Statement - counter = counter + 1: null

2018-12-14 00:12:15 - [TEST_STEP][PASSED] - Statement - PreSaveFile = new java.io.File(((pathPrefix + java.lang.Integer.toString(counter)) + .png)): null

2018-12-14 00:12:15 - [TEST_STEP][PASSED] - Statement - counter = counter + 1: null

2018-12-14 00:12:15 - [TEST_STEP][PASSED] - Statement - PreSaveFile = new java.io.File(((pathPrefix + java.lang.Integer.toString(counter)) + .png)): null

2018-12-14 00:12:15 - [TEST_STEP][PASSED] - Statement - counter = counter + 1: null

2018-12-14 00:12:15 - [TEST_STEP][PASSED] - Statement - PreSaveFile = new java.io.File(((pathPrefix + java.lang.Integer.toString(counter)) + .png)): null

2018-12-14 00:12:15 - [TEST_STEP][PASSED] - Statement - counter = counter + 1: null

2018-12-14 00:12:15 - [TEST_STEP][PASSED] - Statement - PreSaveFile = new java.io.File(((pathPrefix + java.lang.Integer.toString(counter)) + .png)): null

2018-12-14 00:12:15 - [TEST_STEP][PASSED] - Statement - counter = counter + 1: null

2018-12-14 00:12:15 - [TEST_STEP][PASSED] - Statement - PreSaveFile = new java.io.File(((pathPrefix + java.lang.Integer.toString(counter)) + .png)): null

2018-12-14 00:12:15 - [TEST_STEP][PASSED] - Statement - counter = counter + 1: null

2018-12-14 00:12:15 - [TEST_STEP][PASSED] - Statement - PreSaveFile = new java.io.File(((pathPrefix + java.lang.Integer.toString(counter)) + .png)): null

2018-12-14 00:12:15 - [TEST_STEP][PASSED] - Statement - counter = counter + 1: null

2018-12-14 00:12:15 - [TEST_STEP][PASSED] - Statement - PreSaveFile = new java.io.File(((pathPrefix + java.lang.Integer.toString(counter)) + .png)): null

2018-12-14 00:12:15 - [TEST_STEP][PASSED] - Statement - counter = counter + 1: null

2018-12-14 00:12:15 - [TEST_STEP][PASSED] - Statement - PreSaveFile = new java.io.File(((pathPrefix + java.lang.Integer.toString(counter)) + .png)): null

2018-12-14 00:12:15 - [TEST_STEP][PASSED] - Statement - counter = counter + 1: null

2018-12-14 00:12:15 - [TEST_STEP][PASSED] - Statement - PreSaveFile = new java.io.File(((pathPrefix + java.lang.Integer.toString(counter)) + .png)): null

2018-12-14 00:12:15 - [TEST_STEP][PASSED] - Statement - counter = counter + 1: null

2018-12-14 00:12:15 - [TEST_STEP][PASSED] - Statement - PreSaveFile = new java.io.File(((pathPrefix + java.lang.Integer.toString(counter)) + .png)): null

2018-12-14 00:12:15 - [TEST_STEP][PASSED] - Statement - counter = counter + 1: null

2018-12-14 00:12:15 - [TEST_STEP][PASSED] - Statement - PreSaveFile = new java.io.File(((pathPrefix + java.lang.Integer.toString(counter)) + .png)): null

2018-12-14 00:12:15 - [TEST_STEP][PASSED] - Statement - counter = counter + 1: null

2018-12-14 00:12:15 - [TEST_STEP][PASSED] - Statement - PreSaveFile = new java.io.File(((pathPrefix + java.lang.Integer.toString(counter)) + .png)): null

2018-12-14 00:12:15 - [TEST_STEP][PASSED] - Statement - counter = counter + 1: null

2018-12-14 00:12:15 - [TEST_STEP][PASSED] - Statement - PreSaveFile = new java.io.File(((pathPrefix + java.lang.Integer.toString(counter)) + .png)): null

2018-12-14 00:12:15 - [TEST_STEP][PASSED] - Statement - counter = counter + 1: null

2018-12-14 00:12:15 - [TEST_STEP][PASSED] - Statement - PreSaveFile = new java.io.File(((pathPrefix + java.lang.Integer.toString(counter)) + .png)): null

2018-12-14 00:12:15 - [TEST_STEP][PASSED] - Statement - counter = counter + 1: null

2018-12-14 00:12:15 - [TEST_STEP][PASSED] - Statement - PreSaveFile = new java.io.File(((pathPrefix + java.lang.Integer.toString(counter)) + .png)): null

2018-12-14 00:12:15 - [TEST_STEP][PASSED] - Statement - counter = counter + 1: null

2018-12-14 00:12:15 - [TEST_STEP][PASSED] - Statement - PreSaveFile = new java.io.File(((pathPrefix + java.lang.Integer.toString(counter)) + .png)): null

2018-12-14 00:12:15 - [TEST_STEP][PASSED] - Statement - counter = counter + 1: null

2018-12-14 00:12:15 - [TEST_STEP][PASSED] - Statement - PreSaveFile = new java.io.File(((pathPrefix + java.lang.Integer.toString(counter)) + .png)): null

2018-12-14 00:12:15 - [TEST_STEP][PASSED] - Statement - counter = counter + 1: null

2018-12-14 00:12:15 - [TEST_STEP][PASSED] - Statement - PreSaveFile = new java.io.File(((pathPrefix + java.lang.Integer.toString(counter)) + .png)): null

2018-12-14 00:12:15 - [TEST_STEP][PASSED] - Statement - counter = counter + 1: null

2018-12-14 00:12:15 - [TEST_STEP][PASSED] - Statement - PreSaveFile = new java.io.File(((pathPrefix + java.lang.Integer.toString(counter)) + .png)): null

2018-12-14 00:12:15 - [TEST_STEP][PASSED] - Statement - counter = counter + 1: null

2018-12-14 00:12:15 - [TEST_STEP][PASSED] - Statement - PreSaveFile = new java.io.File(((pathPrefix + java.lang.Integer.toString(counter)) + .png)): null

2018-12-14 00:12:15 - [TEST_STEP][PASSED] - Statement - counter = counter + 1: null

2018-12-14 00:12:15 - [TEST_STEP][PASSED] - Statement - PreSaveFile = new java.io.File(((pathPrefix + java.lang.Integer.toString(counter)) + .png)): null

2018-12-14 00:12:15 - [TEST_STEP][PASSED] - Statement - counter = counter + 1: null

2018-12-14 00:12:15 - [TEST_STEP][PASSED] - Statement - PreSaveFile = new java.io.File(((pathPrefix + java.lang.Integer.toString(counter)) + .png)): null

2018-12-14 00:12:15 - [TEST_STEP][PASSED] - Statement - counter = counter + 1: null

2018-12-14 00:12:15 - [TEST_STEP][PASSED] - Statement - PreSaveFile = new java.io.File(((pathPrefix + java.lang.Integer.toString(counter)) + .png)): null

2018-12-14 00:12:15 - [TEST_STEP][PASSED] - Statement - counter = counter + 1: null

2018-12-14 00:12:15 - [TEST_STEP][PASSED] - Statement - PreSaveFile = new java.io.File(((pathPrefix + java.lang.Integer.toString(counter)) + .png)): null

2018-12-14 00:12:15 - [TEST_STEP][PASSED] - Statement - counter = counter + 1: null

2018-12-14 00:12:15 - [TEST_STEP][PASSED] - Statement - PreSaveFile = new java.io.File(((pathPrefix + java.lang.Integer.toString(counter)) + .png)): null

2018-12-14 00:12:15 - [TEST_STEP][PASSED] - Statement - counter = counter + 1: null

2018-12-14 00:12:15 - [TEST_STEP][PASSED] - Statement - PreSaveFile = new java.io.File(((pathPrefix + java.lang.Integer.toString(counter)) + .png)): null

2018-12-14 00:12:15 - [TEST_STEP][PASSED] - Statement - counter = counter + 1: null

2018-12-14 00:12:15 - [TEST_STEP][PASSED] - Statement - PreSaveFile = new java.io.File(((pathPrefix + java.lang.Integer.toString(counter)) + .png)): null

2018-12-14 00:12:15 - [TEST_STEP][PASSED] - Statement - counter = counter + 1: null

2018-12-14 00:12:15 - [TEST_STEP][PASSED] - Statement - PreSaveFile = new java.io.File(((pathPrefix + java.lang.Integer.toString(counter)) + .png)): null

2018-12-14 00:12:15 - [TEST_STEP][PASSED] - Statement - counter = counter + 1: null

2018-12-14 00:12:15 - [TEST_STEP][PASSED] - Statement - PreSaveFile = new java.io.File(((pathPrefix + java.lang.Integer.toString(counter)) + .png)): null

2018-12-14 00:12:15 - [TEST_STEP][PASSED] - Statement - counter = counter + 1: null

2018-12-14 00:12:15 - [TEST_STEP][PASSED] - Statement - PreSaveFile = new java.io.File(((pathPrefix + java.lang.Integer.toString(counter)) + .png)): null

2018-12-14 00:12:15 - [TEST_STEP][PASSED] - Statement - counter = counter + 1: null

2018-12-14 00:12:15 - [TEST_STEP][PASSED] - Statement - PreSaveFile = new java.io.File(((pathPrefix + java.lang.Integer.toString(counter)) + .png)): null

2018-12-14 00:12:15 - [TEST_STEP][PASSED] - Statement - counter = counter + 1: null

2018-12-14 00:12:15 - [TEST_STEP][PASSED] - Statement - PreSaveFile = new java.io.File(((pathPrefix + java.lang.Integer.toString(counter)) + .png)): null

2018-12-14 00:12:15 - [TEST_STEP][PASSED] - Statement - counter = counter + 1: null

2018-12-14 00:12:15 - [TEST_STEP][PASSED] - Statement - PreSaveFile = new java.io.File(((pathPrefix + java.lang.Integer.toString(counter)) + .png)): null

2018-12-14 00:12:15 - [TEST_STEP][PASSED] - Statement - counter = counter + 1: null

2018-12-14 00:12:15 - [TEST_STEP][PASSED] - Statement - PreSaveFile = new java.io.File(((pathPrefix + java.lang.Integer.toString(counter)) + .png)): null

2018-12-14 00:12:15 - [TEST_STEP][PASSED] - Statement - counter = counter + 1: null

2018-12-14 00:12:15 - [TEST_STEP][PASSED] - Statement - PreSaveFile = new java.io.File(((pathPrefix + java.lang.Integer.toString(counter)) + .png)): null

2018-12-14 00:12:15 - [TEST_STEP][PASSED] - Statement - counter = counter + 1: null

2018-12-14 00:12:15 - [TEST_STEP][PASSED] - Statement - PreSaveFile = new java.io.File(((pathPrefix + java.lang.Integer.toString(counter)) + .png)): null

2018-12-14 00:12:15 - [TEST_STEP][PASSED] - Statement - counter = counter + 1: null

2018-12-14 00:12:15 - [TEST_STEP][PASSED] - Statement - PreSaveFile = new java.io.File(((pathPrefix + java.lang.Integer.toString(counter)) + .png)): null

2018-12-14 00:12:15 - [TEST_STEP][PASSED] - Statement - counter = counter + 1: null

2018-12-14 00:12:15 - [TEST_STEP][PASSED] - Statement - PreSaveFile = new java.io.File(((pathPrefix + java.lang.Integer.toString(counter)) + .png)): null

2018-12-14 00:12:15 - [TEST_STEP][PASSED] - Statement - counter = counter + 1: null

2018-12-14 00:12:15 - [TEST_STEP][PASSED] - Statement - PreSaveFile = new java.io.File(((pathPrefix + java.lang.Integer.toString(counter)) + .png)): null

2018-12-14 00:12:15 - [TEST_STEP][PASSED] - Statement - counter = counter + 1: null

2018-12-14 00:12:15 - [TEST_STEP][PASSED] - Statement - PreSaveFile = new java.io.File(((pathPrefix + java.lang.Integer.toString(counter)) + .png)): null

2018-12-14 00:12:15 - [TEST_STEP][PASSED] - Statement - counter = counter + 1: null

2018-12-14 00:12:15 - [TEST_STEP][PASSED] - Statement - PreSaveFile = new java.io.File(((pathPrefix + java.lang.Integer.toString(counter)) + .png)): null

2018-12-14 00:12:15 - [TEST_STEP][PASSED] - Statement - counter = counter + 1: null

2018-12-14 00:12:15 - [TEST_STEP][PASSED] - Statement - PreSaveFile = new java.io.File(((pathPrefix + java.lang.Integer.toString(counter)) + .png)): null

2018-12-14 00:12:15 - [TEST_STEP][PASSED] - Statement - counter = counter + 1: null

2018-12-14 00:12:15 - [TEST_STEP][PASSED] - Statement - PreSaveFile = new java.io.File(((pathPrefix + java.lang.Integer.toString(counter)) + .png)): null

2018-12-14 00:12:15 - [TEST_STEP][PASSED] - Statement - counter = counter + 1: null

2018-12-14 00:12:15 - [TEST_STEP][PASSED] - Statement - PreSaveFile = new java.io.File(((pathPrefix + java.lang.Integer.toString(counter)) + .png)): null

2018-12-14 00:12:15 - [TEST_STEP][PASSED] - Statement - counter = counter + 1: null

2018-12-14 00:12:15 - [TEST_STEP][PASSED] - Statement - PreSaveFile = new java.io.File(((pathPrefix + java.lang.Integer.toString(counter)) + .png)): null

2018-12-14 00:12:15 - [TEST_STEP][PASSED] - Statement - counter = counter + 1: null

2018-12-14 00:12:15 - [TEST_STEP][PASSED] - Statement - PreSaveFile = new java.io.File(((pathPrefix + java.lang.Integer.toString(counter)) + .png)): null

2018-12-14 00:12:15 - [TEST_STEP][PASSED] - Statement - counter = counter + 1: null

2018-12-14 00:12:15 - [TEST_STEP][PASSED] - Statement - PreSaveFile = new java.io.File(((pathPrefix + java.lang.Integer.toString(counter)) + .png)): null

2018-12-14 00:12:15 - [TEST_STEP][PASSED] - Statement - counter = counter + 1: null

2018-12-14 00:12:15 - [TEST_STEP][PASSED] - Statement - PreSaveFile = new java.io.File(((pathPrefix + java.lang.Integer.toString(counter)) + .png)): null

2018-12-14 00:12:15 - [TEST_STEP][PASSED] - Statement - counter = counter + 1: null

2018-12-14 00:12:15 - [TEST_STEP][PASSED] - Statement - PreSaveFile = new java.io.File(((pathPrefix + java.lang.Integer.toString(counter)) + .png)): null

2018-12-14 00:12:15 - [TEST_STEP][PASSED] - Statement - counter = counter + 1: null

2018-12-14 00:12:15 - [TEST_STEP][PASSED] - Statement - PreSaveFile = new java.io.File(((pathPrefix + java.lang.Integer.toString(counter)) + .png)): null

2018-12-14 00:12:15 - [TEST_STEP][PASSED] - Statement - counter = counter + 1: null

2018-12-14 00:12:15 - [TEST_STEP][PASSED] - Statement - PreSaveFile = new java.io.File(((pathPrefix + java.lang.Integer.toString(counter)) + .png)): null

2018-12-14 00:12:15 - [TEST_STEP][PASSED] - Statement - counter = counter + 1: null

2018-12-14 00:12:15 - [TEST_STEP][PASSED] - Statement - PreSaveFile = new java.io.File(((pathPrefix + java.lang.Integer.toString(counter)) + .png)): null

2018-12-14 00:12:15 - [TEST_STEP][PASSED] - Statement - counter = counter + 1: null

2018-12-14 00:12:15 - [TEST_STEP][PASSED] - Statement - PreSaveFile = new java.io.File(((pathPrefix + java.lang.Integer.toString(counter)) + .png)): null

2018-12-14 00:12:15 - [TEST_STEP][PASSED] - Statement - counter = counter + 1: null

2018-12-14 00:12:15 - [TEST_STEP][PASSED] - Statement - PreSaveFile = new java.io.File(((pathPrefix + java.lang.Integer.toString(counter)) + .png)): null

2018-12-14 00:12:15 - [TEST_STEP][PASSED] - Statement - counter = counter + 1: null

2018-12-14 00:12:15 - [TEST_STEP][PASSED] - Statement - PreSaveFile = new java.io.File(((pathPrefix + java.lang.Integer.toString(counter)) + .png)): null

2018-12-14 00:12:15 - [TEST_STEP][PASSED] - Statement - counter = counter + 1: null

2018-12-14 00:12:15 - [TEST_STEP][PASSED] - Statement - PreSaveFile = new java.io.File(((pathPrefix + java.lang.Integer.toString(counter)) + .png)): null

2018-12-14 00:12:15 - [TEST_STEP][PASSED] - Statement - counter = counter + 1: null

2018-12-14 00:12:15 - [TEST_STEP][PASSED] - Statement - PreSaveFile = new java.io.File(((pathPrefix + java.lang.Integer.toString(counter)) + .png)): null

2018-12-14 00:12:15 - [TEST_STEP][PASSED] - Statement - counter = counter + 1: null

2018-12-14 00:12:15 - [TEST_STEP][PASSED] - Statement - PreSaveFile = new java.io.File(((pathPrefix + java.lang.Integer.toString(counter)) + .png)): null

2018-12-14 00:12:15 - [TEST_STEP][PASSED] - Statement - counter = counter + 1: null

2018-12-14 00:12:15 - [TEST_STEP][PASSED] - Statement - PreSaveFile = new java.io.File(((pathPrefix + java.lang.Integer.toString(counter)) + .png)): null

2018-12-14 00:12:15 - [TEST_STEP][PASSED] - Statement - counter = counter + 1: null

2018-12-14 00:12:15 - [TEST_STEP][PASSED] - Statement - PreSaveFile = new java.io.File(((pathPrefix + java.lang.Integer.toString(counter)) + .png)): null

2018-12-14 00:12:15 - [TEST_STEP][PASSED] - Statement - counter = counter + 1: null

2018-12-14 00:12:15 - [TEST_STEP][PASSED] - Statement - PreSaveFile = new java.io.File(((pathPrefix + java.lang.Integer.toString(counter)) + .png)): null

2018-12-14 00:12:15 - [TEST_STEP][PASSED] - Statement - counter = counter + 1: null

2018-12-14 00:12:15 - [TEST_STEP][PASSED] - Statement - PreSaveFile = new java.io.File(((pathPrefix + java.lang.Integer.toString(counter)) + .png)): null

2018-12-14 00:12:15 - [TEST_STEP][PASSED] - Statement - counter = counter + 1: null

2018-12-14 00:12:15 - [TEST_STEP][PASSED] - Statement - PreSaveFile = new java.io.File(((pathPrefix + java.lang.Integer.toString(counter)) + .png)): null

2018-12-14 00:12:15 - [TEST_STEP][PASSED] - Statement - counter = counter + 1: null

2018-12-14 00:12:15 - [TEST_STEP][PASSED] - Statement - PreSaveFile = new java.io.File(((pathPrefix + java.lang.Integer.toString(counter)) + .png)): null

2018-12-14 00:12:15 - [TEST_STEP][PASSED] - Statement - counter = counter + 1: null

2018-12-14 00:12:15 - [TEST_STEP][PASSED] - Statement - PreSaveFile = new java.io.File(((pathPrefix + java.lang.Integer.toString(counter)) + .png)): null

2018-12-14 00:12:15 - [TEST_STEP][PASSED] - Statement - counter = counter + 1: null

2018-12-14 00:12:15 - [TEST_STEP][PASSED] - Statement - PreSaveFile = new java.io.File(((pathPrefix + java.lang.Integer.toString(counter)) + .png)): null

2018-12-14 00:12:15 - [TEST_STEP][PASSED] - Statement - counter = counter + 1: null

2018-12-14 00:12:15 - [TEST_STEP][PASSED] - Statement - PreSaveFile = new java.io.File(((pathPrefix + java.lang.Integer.toString(counter)) + .png)): null

2018-12-14 00:12:15 - [TEST_STEP][PASSED] - Statement - counter = counter + 1: null

2018-12-14 00:12:15 - [TEST_STEP][PASSED] - Statement - PreSaveFile = new java.io.File(((pathPrefix + java.lang.Integer.toString(counter)) + .png)): null

2018-12-14 00:12:15 - [TEST_STEP][PASSED] - Statement - counter = counter + 1: null

2018-12-14 00:12:15 - [TEST_STEP][PASSED] - Statement - PreSaveFile = new java.io.File(((pathPrefix + java.lang.Integer.toString(counter)) + .png)): null

2018-12-14 00:12:15 - [TEST_STEP][PASSED] - Statement - counter = counter + 1: null

2018-12-14 00:12:15 - [TEST_STEP][PASSED] - Statement - PreSaveFile = new java.io.File(((pathPrefix + java.lang.Integer.toString(counter)) + .png)): null

2018-12-14 00:12:15 - [TEST_STEP][PASSED] - Statement - counter = counter + 1: null

2018-12-14 00:12:15 - [TEST_STEP][PASSED] - Statement - PreSaveFile = new java.io.File(((pathPrefix + java.lang.Integer.toString(counter)) + .png)): null

2018-12-14 00:12:15 - [TEST_STEP][PASSED] - Statement - counter = counter + 1: null

2018-12-14 00:12:15 - [TEST_STEP][PASSED] - Statement - PreSaveFile = new java.io.File(((pathPrefix + java.lang.Integer.toString(counter)) + .png)): null

2018-12-14 00:12:15 - [TEST_STEP][PASSED] - Statement - counter = counter + 1: null

2018-12-14 00:12:15 - [TEST_STEP][PASSED] - Statement - PreSaveFile = new java.io.File(((pathPrefix + java.lang.Integer.toString(counter)) + .png)): null

2018-12-14 00:12:15 - [TEST_STEP][PASSED] - Statement - counter = counter + 1: null

2018-12-14 00:12:15 - [TEST_STEP][PASSED] - Statement - PreSaveFile = new java.io.File(((pathPrefix + java.lang.Integer.toString(counter)) + .png)): null

2018-12-14 00:12:15 - [TEST_STEP][PASSED] - Statement - counter = counter + 1: null

2018-12-14 00:12:15 - [TEST_STEP][PASSED] - Statement - PreSaveFile = new java.io.File(((pathPrefix + java.lang.Integer.toString(counter)) + .png)): null

2018-12-14 00:12:15 - [TEST_STEP][PASSED] - Statement - counter = counter + 1: null

2018-12-14 00:12:15 - [TEST_STEP][PASSED] - Statement - PreSaveFile = new java.io.File(((pathPrefix + java.lang.Integer.toString(counter)) + .png)): null

2018-12-14 00:12:15 - [TEST_STEP][PASSED] - Statement - counter = counter + 1: null

2018-12-14 00:12:15 - [TEST_STEP][PASSED] - Statement - PreSaveFile = new java.io.File(((pathPrefix + java.lang.Integer.toString(counter)) + .png)): null

2018-12-14 00:12:15 - [TEST_STEP][PASSED] - Statement - counter = counter + 1: null

2018-12-14 00:12:15 - [TEST_STEP][PASSED] - Statement - PreSaveFile = new java.io.File(((pathPrefix + java.lang.Integer.toString(counter)) + .png)): null

2018-12-14 00:12:15 - [TEST_STEP][PASSED] - Statement - counter = counter + 1: null

2018-12-14 00:12:15 - [TEST_STEP][PASSED] - Statement - PreSaveFile = new java.io.File(((pathPrefix + java.lang.Integer.toString(counter)) + .png)): null

2018-12-14 00:12:15 - [TEST_STEP][PASSED] - Statement - counter = counter + 1: null

2018-12-14 00:12:15 - [TEST_STEP][PASSED] - Statement - PreSaveFile = new java.io.File(((pathPrefix + java.lang.Integer.toString(counter)) + .png)): null

2018-12-14 00:12:15 - [TEST_STEP][PASSED] - Statement - counter = counter + 1: null

2018-12-14 00:12:15 - [TEST_STEP][PASSED] - Statement - PreSaveFile = new java.io.File(((pathPrefix + java.lang.Integer.toString(counter)) + .png)): null

2018-12-14 00:12:15 - [TEST_STEP][PASSED] - Statement - counter = counter + 1: null

2018-12-14 00:12:15 - [TEST_STEP][PASSED] - Statement - PreSaveFile = new java.io.File(((pathPrefix + java.lang.Integer.toString(counter)) + .png)): null

2018-12-14 00:12:15 - [TEST_STEP][PASSED] - Statement - counter = counter + 1: null

2018-12-14 00:12:15 - [TEST_STEP][PASSED] - Statement - PreSaveFile = new java.io.File(((pathPrefix + java.lang.Integer.toString(counter)) + .png)): null

2018-12-14 00:12:15 - [TEST_STEP][PASSED] - Statement - counter = counter + 1: null

2018-12-14 00:12:15 - [TEST_STEP][PASSED] - Statement - PreSaveFile = new java.io.File(((pathPrefix + java.lang.Integer.toString(counter)) + .png)): null

2018-12-14 00:12:15 - [TEST_STEP][PASSED] - Statement - counter = counter + 1: null

2018-12-14 00:12:15 - [TEST_STEP][PASSED] - Statement - PreSaveFile = new java.io.File(((pathPrefix + java.lang.Integer.toString(counter)) + .png)): null

2018-12-14 00:12:15 - [TEST_STEP][PASSED] - Statement - counter = counter + 1: null

2018-12-14 00:12:15 - [TEST_STEP][PASSED] - Statement - PreSaveFile = new java.io.File(((pathPrefix + java.lang.Integer.toString(counter)) + .png)): null

2018-12-14 00:12:15 - [TEST_STEP][PASSED] - Statement - counter = counter + 1: null

2018-12-14 00:12:16 - [TEST_STEP][PASSED] - Statement - PreSaveFile = new java.io.File(((pathPrefix + java.lang.Integer.toString(counter)) + .png)): null

2018-12-14 00:12:16 - [TEST_STEP][PASSED] - Statement - counter = counter + 1: null

2018-12-14 00:12:16 - [TEST_STEP][PASSED] - Statement - PreSaveFile = new java.io.File(((pathPrefix + java.lang.Integer.toString(counter)) + .png)): null

2018-12-14 00:12:16 - [TEST_STEP][PASSED] - Statement - counter = counter + 1: null

2018-12-14 00:12:16 - [TEST_STEP][PASSED] - Statement - PreSaveFile = new java.io.File(((pathPrefix + java.lang.Integer.toString(counter)) + .png)): null

2018-12-14 00:12:16 - [TEST_STEP][PASSED] - Statement - counter = counter + 1: null

2018-12-14 00:12:16 - [TEST_STEP][PASSED] - Statement - PreSaveFile = new java.io.File(((pathPrefix + java.lang.Integer.toString(counter)) + .png)): null

2018-12-14 00:12:16 - [TEST_STEP][PASSED] - Statement - counter = counter + 1: null

2018-12-14 00:12:16 - [TEST_STEP][PASSED] - Statement - PreSaveFile = new java.io.File(((pathPrefix + java.lang.Integer.toString(counter)) + .png)): null

2018-12-14 00:12:16 - [TEST_STEP][PASSED] - Statement - counter = counter + 1: null

2018-12-14 00:12:16 - [TEST_STEP][PASSED] - Statement - PreSaveFile = new java.io.File(((pathPrefix + java.lang.Integer.toString(counter)) + .png)): null

2018-12-14 00:12:16 - [TEST_STEP][PASSED] - Statement - counter = counter + 1: null

2018-12-14 00:12:16 - [TEST_STEP][PASSED] - Statement - PreSaveFile = new java.io.File(((pathPrefix + java.lang.Integer.toString(counter)) + .png)): null

2018-12-14 00:12:16 - [TEST_STEP][PASSED] - Statement - counter = counter + 1: null

2018-12-14 00:12:16 - [TEST_STEP][PASSED] - Statement - PreSaveFile = new java.io.File(((pathPrefix + java.lang.Integer.toString(counter)) + .png)): null

2018-12-14 00:12:16 - [TEST_STEP][PASSED] - Statement - counter = counter + 1: null

2018-12-14 00:12:16 - [TEST_STEP][PASSED] - Statement - PreSaveFile = new java.io.File(((pathPrefix + java.lang.Integer.toString(counter)) + .png)): null

2018-12-14 00:12:16 - [TEST_STEP][PASSED] - Statement - counter = counter + 1: null

2018-12-14 00:12:16 - [TEST_STEP][PASSED] - Statement - PreSaveFile = new java.io.File(((pathPrefix + java.lang.Integer.toString(counter)) + .png)): null

2018-12-14 00:12:16 - [TEST_STEP][PASSED] - Statement - counter = counter + 1: null

2018-12-14 00:12:16 - [TEST_STEP][PASSED] - Statement - PreSaveFile = new java.io.File(((pathPrefix + java.lang.Integer.toString(counter)) + .png)): null

2018-12-14 00:12:16 - [TEST_STEP][PASSED] - Statement - counter = counter + 1: null

2018-12-14 00:12:16 - [TEST_STEP][PASSED] - Statement - PreSaveFile = new java.io.File(((pathPrefix + java.lang.Integer.toString(counter)) + .png)): null

2018-12-14 00:12:16 - [TEST_STEP][PASSED] - Statement - counter = counter + 1: null

2018-12-14 00:12:16 - [TEST_STEP][PASSED] - Statement - PreSaveFile = new java.io.File(((pathPrefix + java.lang.Integer.toString(counter)) + .png)): null

2018-12-14 00:12:16 - [TEST_STEP][PASSED] - Statement - counter = counter + 1: null

2018-12-14 00:12:16 - [TEST_STEP][PASSED] - Statement - PreSaveFile = new java.io.File(((pathPrefix + java.lang.Integer.toString(counter)) + .png)): null

2018-12-14 00:12:16 - [TEST_STEP][PASSED] - Statement - counter = counter + 1: null

2018-12-14 00:12:16 - [TEST_STEP][PASSED] - Statement - PreSaveFile = new java.io.File(((pathPrefix + java.lang.Integer.toString(counter)) + .png)): null

2018-12-14 00:12:16 - [TEST_STEP][PASSED] - Statement - counter = counter + 1: null

2018-12-14 00:12:16 - [TEST_STEP][PASSED] - Statement - PreSaveFile = new java.io.File(((pathPrefix + java.lang.Integer.toString(counter)) + .png)): null

2018-12-14 00:12:16 - [TEST_STEP][PASSED] - Statement - counter = counter + 1: null

2018-12-14 00:12:16 - [TEST_STEP][PASSED] - Statement - PreSaveFile = new java.io.File(((pathPrefix + java.lang.Integer.toString(counter)) + .png)): null

2018-12-14 00:12:16 - [TEST_STEP][PASSED] - Statement - counter = counter + 1: null

2018-12-14 00:12:16 - [TEST_STEP][PASSED] - Statement - PreSaveFile = new java.io.File(((pathPrefix + java.lang.Integer.toString(counter)) + .png)): null

2018-12-14 00:12:16 - [TEST_STEP][PASSED] - Statement - counter = counter + 1: null

2018-12-14 00:12:16 - [TEST_STEP][PASSED] - Statement - PreSaveFile = new java.io.File(((pathPrefix + java.lang.Integer.toString(counter)) + .png)): null

2018-12-14 00:12:16 - [TEST_STEP][PASSED] - Statement - counter = counter + 1: null

2018-12-14 00:12:16 - [TEST_STEP][PASSED] - Statement - PreSaveFile = new java.io.File(((pathPrefix + java.lang.Integer.toString(counter)) + .png)): null

2018-12-14 00:12:16 - [TEST_STEP][PASSED] - Statement - counter = counter + 1: null

2018-12-14 00:12:16 - [TEST_STEP][PASSED] - Statement - PreSaveFile = new java.io.File(((pathPrefix + java.lang.Integer.toString(counter)) + .png)): null

2018-12-14 00:12:16 - [TEST_STEP][PASSED] - Statement - counter = counter + 1: null

2018-12-14 00:12:16 - [TEST_STEP][PASSED] - Statement - PreSaveFile = new java.io.File(((pathPrefix + java.lang.Integer.toString(counter)) + .png)): null

2018-12-14 00:12:16 - [TEST_STEP][PASSED] - Statement - counter = counter + 1: null

2018-12-14 00:12:16 - [TEST_STEP][PASSED] - Statement - PreSaveFile = new java.io.File(((pathPrefix + java.lang.Integer.toString(counter)) + .png)): null

2018-12-14 00:12:16 - [TEST_STEP][PASSED] - Statement - counter = counter + 1: null

2018-12-14 00:12:16 - [TEST_STEP][PASSED] - Statement - PreSaveFile = new java.io.File(((pathPrefix + java.lang.Integer.toString(counter)) + .png)): null

2018-12-14 00:12:16 - [TEST_STEP][PASSED] - Statement - counter = counter + 1: null

2018-12-14 00:12:16 - [TEST_STEP][PASSED] - Statement - PreSaveFile = new java.io.File(((pathPrefix + java.lang.Integer.toString(counter)) + .png)): null

2018-12-14 00:12:16 - [TEST_STEP][PASSED] - Statement - counter = counter + 1: null

2018-12-14 00:12:16 - [TEST_STEP][PASSED] - Statement - PreSaveFile = new java.io.File(((pathPrefix + java.lang.Integer.toString(counter)) + .png)): null

2018-12-14 00:12:16 - [TEST_STEP][PASSED] - Statement - counter = counter + 1: null

2018-12-14 00:12:16 - [TEST_STEP][PASSED] - Statement - PreSaveFile = new java.io.File(((pathPrefix + java.lang.Integer.toString(counter)) + .png)): null

2018-12-14 00:12:16 - [TEST_STEP][PASSED] - Statement - counter = counter + 1: null

2018-12-14 00:12:16 - [TEST_STEP][PASSED] - Statement - PreSaveFile = new java.io.File(((pathPrefix + java.lang.Integer.toString(counter)) + .png)): null

2018-12-14 00:12:16 - [TEST_STEP][PASSED] - Statement - counter = counter + 1: null

2018-12-14 00:12:16 - [TEST_STEP][PASSED] - Statement - PreSaveFile = new java.io.File(((pathPrefix + java.lang.Integer.toString(counter)) + .png)): null

2018-12-14 00:12:16 - [TEST_STEP][PASSED] - Statement - counter = counter + 1: null

2018-12-14 00:12:16 - [TEST_STEP][PASSED] - Statement - PreSaveFile = new java.io.File(((pathPrefix + java.lang.Integer.toString(counter)) + .png)): null

2018-12-14 00:12:16 - [TEST_STEP][PASSED] - Statement - counter = counter + 1: null

2018-12-14 00:12:16 - [TEST_STEP][PASSED] - Statement - PreSaveFile = new java.io.File(((pathPrefix + java.lang.Integer.toString(counter)) + .png)): null

2018-12-14 00:12:16 - [TEST_STEP][PASSED] - Statement - counter = counter + 1: null

2018-12-14 00:12:16 - [TEST_STEP][PASSED] - Statement - PreSaveFile = new java.io.File(((pathPrefix + java.lang.Integer.toString(counter)) + .png)): null

2018-12-14 00:12:16 - [TEST_STEP][PASSED] - Statement - counter = counter + 1: null

2018-12-14 00:12:16 - [TEST_STEP][PASSED] - Statement - PreSaveFile = new java.io.File(((pathPrefix + java.lang.Integer.toString(counter)) + .png)): null

2018-12-14 00:12:16 - [TEST_STEP][PASSED] - Statement - counter = counter + 1: null

2018-12-14 00:12:16 - [TEST_STEP][PASSED] - Statement - PreSaveFile = new java.io.File(((pathPrefix + java.lang.Integer.toString(counter)) + .png)): null

2018-12-14 00:12:16 - [TEST_STEP][PASSED] - Statement - counter = counter + 1: null

2018-12-14 00:12:16 - [TEST_STEP][PASSED] - Statement - PreSaveFile = new java.io.File(((pathPrefix + java.lang.Integer.toString(counter)) + .png)): null

2018-12-14 00:12:16 - [TEST_STEP][PASSED] - Statement - counter = counter + 1: null

2018-12-14 00:12:16 - [TEST_STEP][PASSED] - Statement - PreSaveFile = new java.io.File(((pathPrefix + java.lang.Integer.toString(counter)) + .png)): null

2018-12-14 00:12:16 - [TEST_STEP][PASSED] - Statement - counter = counter + 1: null

2018-12-14 00:12:16 - [TEST_STEP][PASSED] - Statement - PreSaveFile = new java.io.File(((pathPrefix + java.lang.Integer.toString(counter)) + .png)): null

2018-12-14 00:12:16 - [TEST_STEP][PASSED] - Statement - counter = counter + 1: null

2018-12-14 00:12:16 - [TEST_STEP][PASSED] - Statement - PreSaveFile = new java.io.File(((pathPrefix + java.lang.Integer.toString(counter)) + .png)): null

2018-12-14 00:12:16 - [TEST_STEP][PASSED] - Statement - counter = counter + 1: null

2018-12-14 00:12:16 - [TEST_STEP][PASSED] - Statement - PreSaveFile = new java.io.File(((pathPrefix + java.lang.Integer.toString(counter)) + .png)): null

2018-12-14 00:12:16 - [TEST_STEP][PASSED] - Statement - counter = counter + 1: null

2018-12-14 00:12:16 - [TEST_STEP][PASSED] - Statement - PreSaveFile = new java.io.File(((pathPrefix + java.lang.Integer.toString(counter)) + .png)): null

2018-12-14 00:12:16 - [TEST_STEP][PASSED] - Statement - counter = counter + 1: null

2018-12-14 00:12:16 - [TEST_STEP][PASSED] - Statement - PreSaveFile = new java.io.File(((pathPrefix + java.lang.Integer.toString(counter)) + .png)): null

2018-12-14 00:12:16 - [TEST_STEP][PASSED] - Statement - counter = counter + 1: null

2018-12-14 00:12:16 - [TEST_STEP][PASSED] - Statement - PreSaveFile = new java.io.File(((pathPrefix + java.lang.Integer.toString(counter)) + .png)): null

2018-12-14 00:12:16 - [TEST_STEP][PASSED] - Statement - counter = counter + 1: null

2018-12-14 00:12:16 - [TEST_STEP][PASSED] - Statement - PreSaveFile = new java.io.File(((pathPrefix + java.lang.Integer.toString(counter)) + .png)): null

2018-12-14 00:12:16 - [TEST_STEP][PASSED] - Statement - counter = counter + 1: null

2018-12-14 00:12:16 - [TEST_STEP][PASSED] - Statement - PreSaveFile = new java.io.File(((pathPrefix + java.lang.Integer.toString(counter)) + .png)): null

2018-12-14 00:12:16 - [TEST_STEP][PASSED] - Statement - counter = counter + 1: null

2018-12-14 00:12:16 - [TEST_STEP][PASSED] - Statement - PreSaveFile = new java.io.File(((pathPrefix + java.lang.Integer.toString(counter)) + .png)): null

2018-12-14 00:12:16 - [TEST_STEP][PASSED] - Statement - counter = counter + 1: null

2018-12-14 00:12:16 - [TEST_STEP][PASSED] - Statement - PreSaveFile = new java.io.File(((pathPrefix + java.lang.Integer.toString(counter)) + .png)): null

2018-12-14 00:12:16 - [TEST_STEP][PASSED] - Statement - counter = counter + 1: null

2018-12-14 00:12:16 - [TEST_STEP][PASSED] - Statement - PreSaveFile = new java.io.File(((pathPrefix + java.lang.Integer.toString(counter)) + .png)): null

2018-12-14 00:12:16 - [TEST_STEP][PASSED] - Statement - counter = counter + 1: null

2018-12-14 00:12:16 - [TEST_STEP][PASSED] - Statement - PreSaveFile = new java.io.File(((pathPrefix + java.lang.Integer.toString(counter)) + .png)): null

2018-12-14 00:12:16 - [TEST_STEP][PASSED] - Statement - counter = counter + 1: null

2018-12-14 00:12:16 - [TEST_STEP][PASSED] - Statement - PreSaveFile = new java.io.File(((pathPrefix + java.lang.Integer.toString(counter)) + .png)): null

2018-12-14 00:12:16 - [TEST_STEP][PASSED] - Statement - counter = counter + 1: null

2018-12-14 00:12:16 - [TEST_STEP][PASSED] - Statement - PreSaveFile = new java.io.File(((pathPrefix + java.lang.Integer.toString(counter)) + .png)): null

2018-12-14 00:12:16 - [TEST_STEP][PASSED] - Statement - counter = counter + 1: null

2018-12-14 00:12:16 - [TEST_STEP][PASSED] - Statement - PreSaveFile = new java.io.File(((pathPrefix + java.lang.Integer.toString(counter)) + .png)): null

2018-12-14 00:12:16 - [TEST_STEP][PASSED] - Statement - counter = counter + 1: null

2018-12-14 00:12:16 - [TEST_STEP][PASSED] - Statement - PreSaveFile = new java.io.File(((pathPrefix + java.lang.Integer.toString(counter)) + .png)): null

2018-12-14 00:12:16 - [TEST_STEP][PASSED] - Statement - counter = counter + 1: null

2018-12-14 00:12:16 - [TEST_STEP][PASSED] - Statement - PreSaveFile = new java.io.File(((pathPrefix + java.lang.Integer.toString(counter)) + .png)): null

2018-12-14 00:12:16 - [TEST_STEP][PASSED] - Statement - counter = counter + 1: null

2018-12-14 00:12:16 - [TEST_STEP][PASSED] - Statement - PreSaveFile = new java.io.File(((pathPrefix + java.lang.Integer.toString(counter)) + .png)): null

2018-12-14 00:12:16 - [TEST_STEP][PASSED] - Statement - counter = counter + 1: null

2018-12-14 00:12:16 - [TEST_STEP][PASSED] - Statement - PreSaveFile = new java.io.File(((pathPrefix + java.lang.Integer.toString(counter)) + .png)): null

2018-12-14 00:12:16 - [TEST_STEP][PASSED] - Statement - counter = counter + 1: null

2018-12-14 00:12:16 - [TEST_STEP][PASSED] - Statement - PreSaveFile = new java.io.File(((pathPrefix + java.lang.Integer.toString(counter)) + .png)): null

2018-12-14 00:12:16 - [TEST_STEP][PASSED] - Statement - counter = counter + 1: null

2018-12-14 00:12:16 - [TEST_STEP][PASSED] - Statement - PreSaveFile = new java.io.File(((pathPrefix + java.lang.Integer.toString(counter)) + .png)): null

2018-12-14 00:12:16 - [TEST_STEP][PASSED] - Statement - counter = counter + 1: null

2018-12-14 00:12:16 - [TEST_STEP][PASSED] - Statement - PreSaveFile = new java.io.File(((pathPrefix + java.lang.Integer.toString(counter)) + .png)): null

2018-12-14 00:12:16 - [TEST_STEP][PASSED] - Statement - counter = counter + 1: null

2018-12-14 00:12:16 - [TEST_STEP][PASSED] - Statement - PreSaveFile = new java.io.File(((pathPrefix + java.lang.Integer.toString(counter)) + .png)): null

2018-12-14 00:12:16 - [TEST_STEP][PASSED] - Statement - counter = counter + 1: null

2018-12-14 00:12:16 - [TEST_STEP][PASSED] - Statement - PreSaveFile = new java.io.File(((pathPrefix + java.lang.Integer.toString(counter)) + .png)): null

2018-12-14 00:12:16 - [TEST_STEP][PASSED] - Statement - counter = counter + 1: null

2018-12-14 00:12:16 - [TEST_STEP][PASSED] - Statement - PreSaveFile = new java.io.File(((pathPrefix + java.lang.Integer.toString(counter)) + .png)): null

2018-12-14 00:12:16 - [TEST_STEP][PASSED] - Statement - counter = counter + 1: null

2018-12-14 00:12:16 - [TEST_STEP][PASSED] - Statement - PreSaveFile = new java.io.File(((pathPrefix + java.lang.Integer.toString(counter)) + .png)): null

2018-12-14 00:12:16 - [TEST_STEP][PASSED] - Statement - counter = counter + 1: null

2018-12-14 00:12:16 - [TEST_STEP][PASSED] - Statement - PreSaveFile = new java.io.File(((pathPrefix + java.lang.Integer.toString(counter)) + .png)): null

2018-12-14 00:12:16 - [TEST_STEP][PASSED] - Statement - counter = counter + 1: null

2018-12-14 00:12:16 - [TEST_STEP][PASSED] - Statement - PreSaveFile = new java.io.File(((pathPrefix + java.lang.Integer.toString(counter)) + .png)): null

2018-12-14 00:12:16 - [TEST_STEP][PASSED] - Statement - counter = counter + 1: null

2018-12-14 00:12:16 - [TEST_STEP][PASSED] - Statement - PreSaveFile = new java.io.File(((pathPrefix + java.lang.Integer.toString(counter)) + .png)): null

2018-12-14 00:12:16 - [TEST_STEP][PASSED] - Statement - counter = counter + 1: null

2018-12-14 00:12:16 - [TEST_STEP][PASSED] - Statement - PreSaveFile = new java.io.File(((pathPrefix + java.lang.Integer.toString(counter)) + .png)): null

2018-12-14 00:12:16 - [TEST_STEP][PASSED] - Statement - counter = counter + 1: null

2018-12-14 00:12:16 - [TEST_STEP][PASSED] - Statement - PreSaveFile = new java.io.File(((pathPrefix + java.lang.Integer.toString(counter)) + .png)): null

2018-12-14 00:12:16 - [TEST_STEP][PASSED] - Statement - counter = counter + 1: null

2018-12-14 00:12:16 - [TEST_STEP][PASSED] - Statement - PreSaveFile = new java.io.File(((pathPrefix + java.lang.Integer.toString(counter)) + .png)): null

2018-12-14 00:12:16 - [TEST_STEP][PASSED] - Statement - counter = counter + 1: null

2018-12-14 00:12:16 - [TEST_STEP][PASSED] - Statement - PreSaveFile = new java.io.File(((pathPrefix + java.lang.Integer.toString(counter)) + .png)): null

2018-12-14 00:12:16 - [TEST_STEP][PASSED] - Statement - counter = counter + 1: null

2018-12-14 00:12:16 - [TEST_STEP][PASSED] - Statement - PreSaveFile = new java.io.File(((pathPrefix + java.lang.Integer.toString(counter)) + .png)): null

2018-12-14 00:12:16 - [TEST_STEP][PASSED] - Statement - counter = counter + 1: null

2018-12-14 00:12:16 - [TEST_STEP][PASSED] - Statement - PreSaveFile = new java.io.File(((pathPrefix + java.lang.Integer.toString(counter)) + .png)): null

2018-12-14 00:12:16 - [TEST_STEP][PASSED] - Statement - counter = counter + 1: null

2018-12-14 00:12:16 - [TEST_STEP][PASSED] - Statement - PreSaveFile = new java.io.File(((pathPrefix + java.lang.Integer.toString(counter)) + .png)): null

2018-12-14 00:12:16 - [TEST_STEP][PASSED] - Statement - counter = counter + 1: null

2018-12-14 00:12:16 - [TEST_STEP][PASSED] - Statement - PreSaveFile = new java.io.File(((pathPrefix + java.lang.Integer.toString(counter)) + .png)): null

2018-12-14 00:12:16 - [TEST_STEP][PASSED] - Statement - counter = counter + 1: null

2018-12-14 00:12:16 - [TEST_STEP][PASSED] - Statement - PreSaveFile = new java.io.File(((pathPrefix + java.lang.Integer.toString(counter)) + .png)): null

2018-12-14 00:12:16 - [TEST_STEP][PASSED] - Statement - counter = counter + 1: null

2018-12-14 00:12:16 - [TEST_STEP][PASSED] - Statement - PreSaveFile = new java.io.File(((pathPrefix + java.lang.Integer.toString(counter)) + .png)): null

2018-12-14 00:12:16 - [TEST_STEP][PASSED] - Statement - counter = counter + 1: null

2018-12-14 00:12:16 - [TEST_STEP][PASSED] - Statement - PreSaveFile = new java.io.File(((pathPrefix + java.lang.Integer.toString(counter)) + .png)): null

2018-12-14 00:12:16 - [TEST_STEP][PASSED] - Statement - counter = counter + 1: null

2018-12-14 00:12:16 - [TEST_STEP][PASSED] - Statement - PreSaveFile = new java.io.File(((pathPrefix + java.lang.Integer.toString(counter)) + .png)): null

2018-12-14 00:12:16 - [TEST_STEP][PASSED] - Statement - counter = counter + 1: null

2018-12-14 00:12:16 - [TEST_STEP][PASSED] - Statement - PreSaveFile = new java.io.File(((pathPrefix + java.lang.Integer.toString(counter)) + .png)): null

2018-12-14 00:12:16 - [TEST_STEP][PASSED] - Statement - counter = counter + 1: null

2018-12-14 00:12:16 - [TEST_STEP][PASSED] - Statement - PreSaveFile = new java.io.File(((pathPrefix + java.lang.Integer.toString(counter)) + .png)): null

2018-12-14 00:12:16 - [TEST_STEP][PASSED] - Statement - counter = counter + 1: null

2018-12-14 00:12:16 - [TEST_STEP][PASSED] - Statement - PreSaveFile = new java.io.File(((pathPrefix + java.lang.Integer.toString(counter)) + .png)): null

2018-12-14 00:12:16 - [TEST_STEP][PASSED] - Statement - counter = counter + 1: null

2018-12-14 00:12:16 - [TEST_STEP][PASSED] - Statement - PreSaveFile = new java.io.File(((pathPrefix + java.lang.Integer.toString(counter)) + .png)): null

2018-12-14 00:12:16 - [TEST_STEP][PASSED] - Statement - finalPath = pathPrefix + java.lang.Integer.toString(counter) + ".png": null

2018-12-14 00:12:16 - [TEST_STEP][PASSED] - Statement - SaveFile = new java.io.File(finalPath): null

2018-12-14 00:12:16 - [TEST_STEP][PASSED] - Statement - Try: null

2018-12-14 00:12:16 - [TEST_STEP][PASSED] - Statement - org.apache.commons.io.FileUtils.copyFile(scrFile, SaveFile): null

2018-12-14 00:12:16 - [TEST_STEP][PASSED] - Statement - out.println("file kept"): null

2018-12-14 00:12:16 - [TEST_STEP][PASSED] - delay: Delayed 10 second(s)

2018-12-14 00:12:26 - [MESSAGE][PASSED] - Delayed 10 second(s)

2018-12-14 00:12:26 - [MESSAGE][FAILED] - Unable to call Test Case with id 'Test Cases/Final Aug 2018 - PKS Automation/Registration Module/New Registration/Submit and Screenshot/Submit Registration and Screenshot' (Root cause: Call Test Case 'Test Cases/Final Aug 2018 - PKS Automation/Registration Module/New Registration/Submit and Screenshot/Submit Registration and Screenshot' failed)]]></system-out>
         <system-err><![CDATA[2018-12-13 23:53:57 - [TEST_CASE][FAILED] - Test Cases/Final Aug 2018 - PKS Automation/Registration Module/Workflow/New Registration/Employer to RO - Query - Submit: Test Cases/Final Aug 2018 - PKS Automation/Registration Module/Workflow/New Registration/Employer to RO - Query - Submit FAILED because (of) (Stack trace: com.kms.katalon.core.exception.StepFailedException: Unable to set text 'CRN12201800123320' of object 'Object Repository/Final Object Repo/New Registration - Registration Module Pages/New Reg - OTC to RO/Special Case - All Related Objects/TextBox RefNo in Workbasket' (Root cause: org.openqa.selenium.ElementNotVisibleException: element not interactable
  (Session info: chrome=70.0.3538.110)
  (Driver info: chromedriver=2.43.600210 (68dcf5eebde37173d4027fa8635e332711d2874a),platform=Windows NT 6.1.7601 SP1 x86_64) (WARNING: The server did not provide any stacktrace information)
Command duration or timeout: 0 milliseconds
Build info: version: '3.7.1', revision: '8a0099a', time: '2017-11-06T21:07:36.161Z'
System info: host: 'WIN7TEST02', ip: '10.20.3.72', os.name: 'Windows 7', os.arch: 'amd64', os.version: '6.1', java.version: '1.8.0_181'
Driver info: com.kms.katalon.selenium.driver.CChromeDriver
Capabilities {acceptInsecureCerts: false, acceptSslCerts: false, applicationCacheEnabled: false, browserConnectionEnabled: false, browserName: chrome, chrome: {chromedriverVersion: 2.43.600210 (68dcf5eebde371..., userDataDir: C:\Users\Admin\AppData\Loca...}, cssSelectorsEnabled: true, databaseEnabled: false, goog:chromeOptions: {debuggerAddress: localhost:62446}, handlesAlerts: true, hasTouchScreen: false, javascriptEnabled: true, locationContextEnabled: true, mobileEmulationEnabled: false, nativeEvents: true, networkConnectionEnabled: false, pageLoadStrategy: normal, platform: XP, platformName: XP, rotatable: false, setWindowRect: true, takesHeapSnapshot: true, takesScreenshot: true, unexpectedAlertBehaviour: , unhandledPromptBehavior: , version: 70.0.3538.110, webStorageEnabled: true}
Session ID: d677c9e2d626e307db6045f24a44205e)
	at com.kms.katalon.core.keyword.internal.KeywordMain.stepFailed(KeywordMain.groovy:32)
	at com.kms.katalon.core.webui.keyword.internal.WebUIKeywordMain.stepFailed(WebUIKeywordMain.groovy:65)
	at com.kms.katalon.core.webui.keyword.internal.WebUIKeywordMain.runKeyword(WebUIKeywordMain.groovy:27)
	at com.kms.katalon.core.webui.keyword.builtin.SetTextKeyword.setText(SetTextKeyword.groovy:65)
	at com.kms.katalon.core.webui.keyword.builtin.SetTextKeyword.execute(SetTextKeyword.groovy:37)
	at com.kms.katalon.core.keyword.internal.KeywordExecutor.executeKeywordForPlatform(KeywordExecutor.groovy:53)
	at com.kms.katalon.core.webui.keyword.WebUiBuiltInKeywords.setText(WebUiBuiltInKeywords.groovy:950)
	at com.kms.katalon.core.webui.keyword.WebUiBuiltInKeywords$setText$1.call(Unknown Source)
	at org.codehaus.groovy.runtime.callsite.CallSiteArray.defaultCall(CallSiteArray.java:48)
	at org.codehaus.groovy.runtime.callsite.AbstractCallSite.call(AbstractCallSite.java:113)
	at org.codehaus.groovy.runtime.callsite.AbstractCallSite.call(AbstractCallSite.java:133)
	at Script1537248112379.run(Script1537248112379.groovy:87)
	at com.kms.katalon.core.main.ScriptEngine.run(ScriptEngine.java:183)
	at com.kms.katalon.core.main.ScriptEngine.runScriptAsRawText(ScriptEngine.java:108)
	at com.kms.katalon.core.main.TestCaseExecutor.runScript(TestCaseExecutor.java:294)
	at com.kms.katalon.core.main.TestCaseExecutor.doExecute(TestCaseExecutor.java:285)
	at com.kms.katalon.core.main.TestCaseExecutor.processExecutionPhase(TestCaseExecutor.java:264)
	at com.kms.katalon.core.main.TestCaseExecutor.accessMainPhase(TestCaseExecutor.java:256)
	at com.kms.katalon.core.main.TestCaseExecutor.execute(TestCaseExecutor.java:200)
	at com.kms.katalon.core.main.TestSuiteExecutor.accessTestCaseMainPhase(TestSuiteExecutor.java:129)
	at com.kms.katalon.core.main.TestSuiteExecutor.accessTestSuiteMainPhase(TestSuiteExecutor.java:112)
	at com.kms.katalon.core.main.TestSuiteExecutor.execute(TestSuiteExecutor.java:81)
	at com.kms.katalon.core.main.TestCaseMain.startTestSuite(TestCaseMain.java:142)
	at com.kms.katalon.core.main.TestCaseMain$startTestSuite$0.call(Unknown Source)
	at org.codehaus.groovy.runtime.callsite.CallSiteArray.defaultCall(CallSiteArray.java:48)
	at org.codehaus.groovy.runtime.callsite.AbstractCallSite.call(AbstractCallSite.java:113)
	at org.codehaus.groovy.runtime.callsite.AbstractCallSite.call(AbstractCallSite.java:141)
	at TempTestSuite1544701631622.run(TempTestSuite1544701631622.groovy:36)
	at groovy.lang.GroovyShell.runScriptOrMainOrTestOrRunnable(GroovyShell.java:263)
	at groovy.lang.GroovyShell.run(GroovyShell.java:518)
	at groovy.lang.GroovyShell.run(GroovyShell.java:507)
	at groovy.ui.GroovyMain.processOnce(GroovyMain.java:653)
	at groovy.ui.GroovyMain.run(GroovyMain.java:384)
	at groovy.ui.GroovyMain.process(GroovyMain.java:370)
	at groovy.ui.GroovyMain.processArgs(GroovyMain.java:129)
	at groovy.ui.GroovyMain.main(GroovyMain.java:109)
	at sun.reflect.NativeMethodAccessorImpl.invoke0(Native Method)
	at sun.reflect.NativeMethodAccessorImpl.invoke(NativeMethodAccessorImpl.java:62)
	at sun.reflect.DelegatingMethodAccessorImpl.invoke(DelegatingMethodAccessorImpl.java:43)
	at java.lang.reflect.Method.invoke(Method.java:498)
	at org.codehaus.groovy.tools.GroovyStarter.rootLoader(GroovyStarter.java:109)
	at org.codehaus.groovy.tools.GroovyStarter.main(GroovyStarter.java:131)
)]]></system-err>
      </testcase>
      <testcase name="Test Cases/Final Aug 2018 - PKS Automation/Registration Module/Workflow/New Registration/Employer to RO - RO Submit" classname="Test Cases/Final Aug 2018 - PKS Automation/Registration Module/Workflow/New Registration/Employer to RO - RO Submit" status="FAILED">
         <failure type="FAILED" message="(Stack trace: com.kms.katalon.core.exception.StepFailedException: Unable to set text 'CRN12201800123321' of object 'Object Repository/Final Object Repo/New Registration - Registration Module Pages/New Reg - OTC to RO/Special Case - All Related Objects/TextBox RefNo in Workbasket' (Root cause: org.openqa.selenium.ElementNotVisibleException: element not interactable
  (Session info: chrome=70.0.3538.110)
  (Driver info: chromedriver=2.43.600210 (68dcf5eebde37173d4027fa8635e332711d2874a),platform=Windows NT 6.1.7601 SP1 x86_64) (WARNING: The server did not provide any stacktrace information)
Command duration or timeout: 0 milliseconds
Build info: version: '3.7.1', revision: '8a0099a', time: '2017-11-06T21:07:36.161Z'
System info: host: 'WIN7TEST02', ip: '10.20.3.72', os.name: 'Windows 7', os.arch: 'amd64', os.version: '6.1', java.version: '1.8.0_181'
Driver info: com.kms.katalon.selenium.driver.CChromeDriver
Capabilities {acceptInsecureCerts: false, acceptSslCerts: false, applicationCacheEnabled: false, browserConnectionEnabled: false, browserName: chrome, chrome: {chromedriverVersion: 2.43.600210 (68dcf5eebde371..., userDataDir: C:\Users\Admin\AppData\Loca...}, cssSelectorsEnabled: true, databaseEnabled: false, goog:chromeOptions: {debuggerAddress: localhost:62686}, handlesAlerts: true, hasTouchScreen: false, javascriptEnabled: true, locationContextEnabled: true, mobileEmulationEnabled: false, nativeEvents: true, networkConnectionEnabled: false, pageLoadStrategy: normal, platform: XP, platformName: XP, rotatable: false, setWindowRect: true, takesHeapSnapshot: true, takesScreenshot: true, unexpectedAlertBehaviour: , unhandledPromptBehavior: , version: 70.0.3538.110, webStorageEnabled: true}
Session ID: eb2eee937e93abf6b5e5294e46814dab)
	at com.kms.katalon.core.keyword.internal.KeywordMain.stepFailed(KeywordMain.groovy:32)
	at com.kms.katalon.core.webui.keyword.internal.WebUIKeywordMain.stepFailed(WebUIKeywordMain.groovy:65)
	at com.kms.katalon.core.webui.keyword.internal.WebUIKeywordMain.runKeyword(WebUIKeywordMain.groovy:27)
	at com.kms.katalon.core.webui.keyword.builtin.SetTextKeyword.setText(SetTextKeyword.groovy:65)
	at com.kms.katalon.core.webui.keyword.builtin.SetTextKeyword.execute(SetTextKeyword.groovy:37)
	at com.kms.katalon.core.keyword.internal.KeywordExecutor.executeKeywordForPlatform(KeywordExecutor.groovy:53)
	at com.kms.katalon.core.webui.keyword.WebUiBuiltInKeywords.setText(WebUiBuiltInKeywords.groovy:950)
	at com.kms.katalon.core.webui.keyword.WebUiBuiltInKeywords$setText$1.call(Unknown Source)
	at org.codehaus.groovy.runtime.callsite.CallSiteArray.defaultCall(CallSiteArray.java:48)
	at org.codehaus.groovy.runtime.callsite.AbstractCallSite.call(AbstractCallSite.java:113)
	at org.codehaus.groovy.runtime.callsite.AbstractCallSite.call(AbstractCallSite.java:133)
	at Script1537248141682.run(Script1537248141682.groovy:80)
	at com.kms.katalon.core.main.ScriptEngine.run(ScriptEngine.java:183)
	at com.kms.katalon.core.main.ScriptEngine.runScriptAsRawText(ScriptEngine.java:108)
	at com.kms.katalon.core.main.TestCaseExecutor.runScript(TestCaseExecutor.java:294)
	at com.kms.katalon.core.main.TestCaseExecutor.doExecute(TestCaseExecutor.java:285)
	at com.kms.katalon.core.main.TestCaseExecutor.processExecutionPhase(TestCaseExecutor.java:264)
	at com.kms.katalon.core.main.TestCaseExecutor.accessMainPhase(TestCaseExecutor.java:256)
	at com.kms.katalon.core.main.TestCaseExecutor.execute(TestCaseExecutor.java:200)
	at com.kms.katalon.core.main.TestSuiteExecutor.accessTestCaseMainPhase(TestSuiteExecutor.java:129)
	at com.kms.katalon.core.main.TestSuiteExecutor.accessTestSuiteMainPhase(TestSuiteExecutor.java:112)
	at com.kms.katalon.core.main.TestSuiteExecutor.execute(TestSuiteExecutor.java:81)
	at com.kms.katalon.core.main.TestCaseMain.startTestSuite(TestCaseMain.java:142)
	at com.kms.katalon.core.main.TestCaseMain$startTestSuite$0.call(Unknown Source)
	at org.codehaus.groovy.runtime.callsite.CallSiteArray.defaultCall(CallSiteArray.java:48)
	at org.codehaus.groovy.runtime.callsite.AbstractCallSite.call(AbstractCallSite.java:113)
	at org.codehaus.groovy.runtime.callsite.AbstractCallSite.call(AbstractCallSite.java:141)
	at TempTestSuite1544701631622.run(TempTestSuite1544701631622.groovy:36)
	at groovy.lang.GroovyShell.runScriptOrMainOrTestOrRunnable(GroovyShell.java:263)
	at groovy.lang.GroovyShell.run(GroovyShell.java:518)
	at groovy.lang.GroovyShell.run(GroovyShell.java:507)
	at groovy.ui.GroovyMain.processOnce(GroovyMain.java:653)
	at groovy.ui.GroovyMain.run(GroovyMain.java:384)
	at groovy.ui.GroovyMain.process(GroovyMain.java:370)
	at groovy.ui.GroovyMain.processArgs(GroovyMain.java:129)
	at groovy.ui.GroovyMain.main(GroovyMain.java:109)
	at sun.reflect.NativeMethodAccessorImpl.invoke0(Native Method)
	at sun.reflect.NativeMethodAccessorImpl.invoke(NativeMethodAccessorImpl.java:62)
	at sun.reflect.DelegatingMethodAccessorImpl.invoke(DelegatingMethodAccessorImpl.java:43)
	at java.lang.reflect.Method.invoke(Method.java:498)
	at org.codehaus.groovy.tools.GroovyStarter.rootLoader(GroovyStarter.java:109)
	at org.codehaus.groovy.tools.GroovyStarter.main(GroovyStarter.java:131)
)"/>
         <system-out><![CDATA[2018-12-14 00:12:26 - [TEST_CASE][FAILED] - Test Cases/Final Aug 2018 - PKS Automation/Registration Module/Workflow/New Registration/Employer to RO - RO Submit: Test Cases/Final Aug 2018 - PKS Automation/Registration Module/Workflow/New Registration/Employer to RO - RO Submit FAILED because (of) (Stack trace: com.kms.katalon.core.exception.StepFailedException: Unable to set text 'CRN12201800123321' of object 'Object Repository/Final Object Repo/New Registration - Registration Module Pages/New Reg - OTC to RO/Special Case - All Related Objects/TextBox RefNo in Workbasket' (Root cause: org.openqa.selenium.ElementNotVisibleException: element not interactable
  (Session info: chrome=70.0.3538.110)
  (Driver info: chromedriver=2.43.600210 (68dcf5eebde37173d4027fa8635e332711d2874a),platform=Windows NT 6.1.7601 SP1 x86_64) (WARNING: The server did not provide any stacktrace information)
Command duration or timeout: 0 milliseconds
Build info: version: '3.7.1', revision: '8a0099a', time: '2017-11-06T21:07:36.161Z'
System info: host: 'WIN7TEST02', ip: '10.20.3.72', os.name: 'Windows 7', os.arch: 'amd64', os.version: '6.1', java.version: '1.8.0_181'
Driver info: com.kms.katalon.selenium.driver.CChromeDriver
Capabilities {acceptInsecureCerts: false, acceptSslCerts: false, applicationCacheEnabled: false, browserConnectionEnabled: false, browserName: chrome, chrome: {chromedriverVersion: 2.43.600210 (68dcf5eebde371..., userDataDir: C:\Users\Admin\AppData\Loca...}, cssSelectorsEnabled: true, databaseEnabled: false, goog:chromeOptions: {debuggerAddress: localhost:62686}, handlesAlerts: true, hasTouchScreen: false, javascriptEnabled: true, locationContextEnabled: true, mobileEmulationEnabled: false, nativeEvents: true, networkConnectionEnabled: false, pageLoadStrategy: normal, platform: XP, platformName: XP, rotatable: false, setWindowRect: true, takesHeapSnapshot: true, takesScreenshot: true, unexpectedAlertBehaviour: , unhandledPromptBehavior: , version: 70.0.3538.110, webStorageEnabled: true}
Session ID: eb2eee937e93abf6b5e5294e46814dab)
	at com.kms.katalon.core.keyword.internal.KeywordMain.stepFailed(KeywordMain.groovy:32)
	at com.kms.katalon.core.webui.keyword.internal.WebUIKeywordMain.stepFailed(WebUIKeywordMain.groovy:65)
	at com.kms.katalon.core.webui.keyword.internal.WebUIKeywordMain.runKeyword(WebUIKeywordMain.groovy:27)
	at com.kms.katalon.core.webui.keyword.builtin.SetTextKeyword.setText(SetTextKeyword.groovy:65)
	at com.kms.katalon.core.webui.keyword.builtin.SetTextKeyword.execute(SetTextKeyword.groovy:37)
	at com.kms.katalon.core.keyword.internal.KeywordExecutor.executeKeywordForPlatform(KeywordExecutor.groovy:53)
	at com.kms.katalon.core.webui.keyword.WebUiBuiltInKeywords.setText(WebUiBuiltInKeywords.groovy:950)
	at com.kms.katalon.core.webui.keyword.WebUiBuiltInKeywords$setText$1.call(Unknown Source)
	at org.codehaus.groovy.runtime.callsite.CallSiteArray.defaultCall(CallSiteArray.java:48)
	at org.codehaus.groovy.runtime.callsite.AbstractCallSite.call(AbstractCallSite.java:113)
	at org.codehaus.groovy.runtime.callsite.AbstractCallSite.call(AbstractCallSite.java:133)
	at Script1537248141682.run(Script1537248141682.groovy:80)
	at com.kms.katalon.core.main.ScriptEngine.run(ScriptEngine.java:183)
	at com.kms.katalon.core.main.ScriptEngine.runScriptAsRawText(ScriptEngine.java:108)
	at com.kms.katalon.core.main.TestCaseExecutor.runScript(TestCaseExecutor.java:294)
	at com.kms.katalon.core.main.TestCaseExecutor.doExecute(TestCaseExecutor.java:285)
	at com.kms.katalon.core.main.TestCaseExecutor.processExecutionPhase(TestCaseExecutor.java:264)
	at com.kms.katalon.core.main.TestCaseExecutor.accessMainPhase(TestCaseExecutor.java:256)
	at com.kms.katalon.core.main.TestCaseExecutor.execute(TestCaseExecutor.java:200)
	at com.kms.katalon.core.main.TestSuiteExecutor.accessTestCaseMainPhase(TestSuiteExecutor.java:129)
	at com.kms.katalon.core.main.TestSuiteExecutor.accessTestSuiteMainPhase(TestSuiteExecutor.java:112)
	at com.kms.katalon.core.main.TestSuiteExecutor.execute(TestSuiteExecutor.java:81)
	at com.kms.katalon.core.main.TestCaseMain.startTestSuite(TestCaseMain.java:142)
	at com.kms.katalon.core.main.TestCaseMain$startTestSuite$0.call(Unknown Source)
	at org.codehaus.groovy.runtime.callsite.CallSiteArray.defaultCall(CallSiteArray.java:48)
	at org.codehaus.groovy.runtime.callsite.AbstractCallSite.call(AbstractCallSite.java:113)
	at org.codehaus.groovy.runtime.callsite.AbstractCallSite.call(AbstractCallSite.java:141)
	at TempTestSuite1544701631622.run(TempTestSuite1544701631622.groovy:36)
	at groovy.lang.GroovyShell.runScriptOrMainOrTestOrRunnable(GroovyShell.java:263)
	at groovy.lang.GroovyShell.run(GroovyShell.java:518)
	at groovy.lang.GroovyShell.run(GroovyShell.java:507)
	at groovy.ui.GroovyMain.processOnce(GroovyMain.java:653)
	at groovy.ui.GroovyMain.run(GroovyMain.java:384)
	at groovy.ui.GroovyMain.process(GroovyMain.java:370)
	at groovy.ui.GroovyMain.processArgs(GroovyMain.java:129)
	at groovy.ui.GroovyMain.main(GroovyMain.java:109)
	at sun.reflect.NativeMethodAccessorImpl.invoke0(Native Method)
	at sun.reflect.NativeMethodAccessorImpl.invoke(NativeMethodAccessorImpl.java:62)
	at sun.reflect.DelegatingMethodAccessorImpl.invoke(DelegatingMethodAccessorImpl.java:43)
	at java.lang.reflect.Method.invoke(Method.java:498)
	at org.codehaus.groovy.tools.GroovyStarter.rootLoader(GroovyStarter.java:109)
	at org.codehaus.groovy.tools.GroovyStarter.main(GroovyStarter.java:131)
)

2018-12-14 00:12:26 - [TEST_STEP][PASSED] - callTestCase: Call Test Case 'Test Cases/Final Aug 2018 - PKS Automation/Registration Module/Workflow/New Registration/Template/Special Case - Employer - Form 1' successfully

2018-12-14 00:12:26 - [TEST_CASE][PASSED] - Test Cases/Final Aug 2018 - PKS Automation/Registration Module/Workflow/New Registration/Template/Special Case - Employer - Form 1: Test Cases/Final Aug 2018 - PKS Automation/Registration Module/Workflow/New Registration/Template/Special Case - Employer - Form 1

2018-12-14 00:12:26 - [TEST_STEP][PASSED] - callTestCase: Call Test Case 'Test Cases/Final Aug 2018 - PKS Automation/Create Employer Acc/Create Employer Account' successfully

2018-12-14 00:12:26 - [TEST_CASE][PASSED] - Test Cases/Final Aug 2018 - PKS Automation/Create Employer Acc/Create Employer Account: Test Cases/Final Aug 2018 - PKS Automation/Create Employer Acc/Create Employer Account

2018-12-14 00:12:26 - [TEST_STEP][PASSED] - callTestCase: Call Test Case 'Test Cases/Final Aug 2018 - PKS Automation/Create Employer Acc/Template/Register Employer' successfully

2018-12-14 00:12:26 - [TEST_CASE][PASSED] - Test Cases/Final Aug 2018 - PKS Automation/Create Employer Acc/Template/Register Employer: Test Cases/Final Aug 2018 - PKS Automation/Create Employer Acc/Template/Register Employer

2018-12-14 00:12:26 - [TEST_STEP][PASSED] - openBrowser: Browser is opened with url: ''

2018-12-14 00:12:26 - [MESSAGE][WARNING] - A browser is already opened. Closing browser and opening a new one

2018-12-14 00:12:30 - [MESSAGE][PASSED] - Browser is opened with url: ''

2018-12-14 00:12:30 - [TEST_STEP][PASSED] - navigateToUrl: Navigate to 'https://assist2-uat.perkeso.gov.my/login' successfully

2018-12-14 00:12:31 - [MESSAGE][PASSED] - Navigate to 'https://assist2-uat.perkeso.gov.my/login' successfully

2018-12-14 00:12:31 - [TEST_STEP][PASSED] - setText: Text 'johorotc1@gmail.com' is set on object 'Object Repository/Final Object Repo/Login Page/Internal User/Email Address'

2018-12-14 00:12:32 - [MESSAGE][PASSED] - Text 'johorotc1@gmail.com' is set on object 'Object Repository/Final Object Repo/Login Page/Internal User/Email Address'

2018-12-14 00:12:32 - [TEST_STEP][PASSED] - click: Object: 'Object Repository/Final Object Repo/Login Page/Internal User/Next Button' is clicked on

2018-12-14 00:12:32 - [MESSAGE][PASSED] - Object: 'Object Repository/Final Object Repo/Login Page/Internal User/Next Button' is clicked on

2018-12-14 00:12:32 - [TEST_STEP][PASSED] - delay: Delayed 1 second(s)

2018-12-14 00:12:33 - [MESSAGE][PASSED] - Delayed 1 second(s)

2018-12-14 00:12:33 - [TEST_STEP][PASSED] - setEncryptedText: Text ****** has been set on object 'Object Repository/Final Object Repo/Login Page/Internal User/Password'

2018-12-14 00:12:33 - [MESSAGE][PASSED] - Text ****** has been set on object 'Object Repository/Final Object Repo/Login Page/Internal User/Password'

2018-12-14 00:12:33 - [TEST_STEP][PASSED] - click: Object: 'Object Repository/Final Object Repo/Login Page/Internal User/Login Button' is clicked on

2018-12-14 00:12:33 - [MESSAGE][PASSED] - Object: 'Object Repository/Final Object Repo/Login Page/Internal User/Login Button' is clicked on

2018-12-14 00:12:33 - [TEST_STEP][PASSED] - delay: Delayed 1 second(s)

2018-12-14 00:12:34 - [MESSAGE][PASSED] - Delayed 1 second(s)

2018-12-14 00:12:34 - [TEST_STEP][PASSED] - navigateToUrl: Navigate to 'https://assist2-uat.perkeso.gov.my/web/base/portal-id/registration' successfully

2018-12-14 00:12:36 - [MESSAGE][PASSED] - Navigate to 'https://assist2-uat.perkeso.gov.my/web/base/portal-id/registration' successfully

2018-12-14 00:12:36 - [TEST_STEP][PASSED] - setText: Text 'AUTOMATION EMPLOYER' is set on object 'Object Repository/Final Object Repo/Creating Employer Account/Page_Registration - ASSIST (Base)/Employer Name'

2018-12-14 00:12:37 - [MESSAGE][PASSED] - Text 'AUTOMATION EMPLOYER' is set on object 'Object Repository/Final Object Repo/Creating Employer Account/Page_Registration - ASSIST (Base)/Employer Name'

2018-12-14 00:12:37 - [TEST_STEP][PASSED] - delay: Delayed 2 second(s)

2018-12-14 00:12:39 - [MESSAGE][PASSED] - Delayed 2 second(s)

2018-12-14 00:12:39 - [TEST_STEP][PASSED] - click: Object: 'Object Repository/Final Object Repo/Creating Employer Account/Page_Registration - ASSIST (Base)/Registration Type' is clicked on

2018-12-14 00:12:39 - [MESSAGE][PASSED] - Object: 'Object Repository/Final Object Repo/Creating Employer Account/Page_Registration - ASSIST (Base)/Registration Type' is clicked on

2018-12-14 00:12:39 - [TEST_STEP][PASSED] - delay: Delayed 2 second(s)

2018-12-14 00:12:41 - [MESSAGE][PASSED] - Delayed 2 second(s)

2018-12-14 00:12:41 - [TEST_STEP][PASSED] - click: Object: 'Object Repository/Final Object Repo/Creating Employer Account/Page_Registration - ASSIST (Base)/Registration Type - Registration No' is clicked on

2018-12-14 00:12:41 - [MESSAGE][PASSED] - Object: 'Object Repository/Final Object Repo/Creating Employer Account/Page_Registration - ASSIST (Base)/Registration Type - Registration No' is clicked on

2018-12-14 00:12:41 - [TEST_STEP][PASSED] - delay: Delayed 2 second(s)

2018-12-14 00:12:43 - [MESSAGE][PASSED] - Delayed 2 second(s)

2018-12-14 00:12:43 - [TEST_STEP][PASSED] - setText: Text 'AUTOMATE001' is set on object 'Object Repository/Final Object Repo/Creating Employer Account/Page_Registration - ASSIST (Base)/Registration Number'

2018-12-14 00:12:43 - [MESSAGE][PASSED] - Text 'AUTOMATE001' is set on object 'Object Repository/Final Object Repo/Creating Employer Account/Page_Registration - ASSIST (Base)/Registration Number'

2018-12-14 00:12:43 - [TEST_STEP][PASSED] - delay: Delayed 2 second(s)

2018-12-14 00:12:45 - [MESSAGE][PASSED] - Delayed 2 second(s)

2018-12-14 00:12:45 - [TEST_STEP][PASSED] - setText: Text 'ADDRESS 1' is set on object 'Object Repository/Final Object Repo/Creating Employer Account/Page_Registration - ASSIST (Base)/Postal Address 1'

2018-12-14 00:12:46 - [MESSAGE][PASSED] - Text 'ADDRESS 1' is set on object 'Object Repository/Final Object Repo/Creating Employer Account/Page_Registration - ASSIST (Base)/Postal Address 1'

2018-12-14 00:12:46 - [TEST_STEP][PASSED] - setText: Text 'ADDRESS 2' is set on object 'Object Repository/Final Object Repo/Creating Employer Account/Page_Registration - ASSIST (Base)/Postal Address 2'

2018-12-14 00:12:46 - [MESSAGE][PASSED] - Text 'ADDRESS 2' is set on object 'Object Repository/Final Object Repo/Creating Employer Account/Page_Registration - ASSIST (Base)/Postal Address 2'

2018-12-14 00:12:46 - [TEST_STEP][PASSED] - click: Object: 'Object Repository/Final Object Repo/Creating Employer Account/Page_Registration - ASSIST (Base)/State' is clicked on

2018-12-14 00:12:46 - [MESSAGE][PASSED] - Object: 'Object Repository/Final Object Repo/Creating Employer Account/Page_Registration - ASSIST (Base)/State' is clicked on

2018-12-14 00:12:46 - [TEST_STEP][PASSED] - delay: Delayed 2 second(s)

2018-12-14 00:12:48 - [MESSAGE][PASSED] - Delayed 2 second(s)

2018-12-14 00:12:48 - [TEST_STEP][PASSED] - click: Object: 'Object Repository/Final Object Repo/Creating Employer Account/Page_Registration - ASSIST (Base)/State - Johor' is clicked on

2018-12-14 00:12:48 - [MESSAGE][PASSED] - Object: 'Object Repository/Final Object Repo/Creating Employer Account/Page_Registration - ASSIST (Base)/State - Johor' is clicked on

2018-12-14 00:12:48 - [TEST_STEP][PASSED] - delay: Delayed 2 second(s)

2018-12-14 00:12:50 - [MESSAGE][PASSED] - Delayed 2 second(s)

2018-12-14 00:12:50 - [TEST_STEP][PASSED] - click: Object: 'Object Repository/Final Object Repo/Creating Employer Account/Page_Registration - ASSIST (Base)/City' is clicked on

2018-12-14 00:12:50 - [MESSAGE][PASSED] - Object: 'Object Repository/Final Object Repo/Creating Employer Account/Page_Registration - ASSIST (Base)/City' is clicked on

2018-12-14 00:12:50 - [TEST_STEP][PASSED] - delay: Delayed 2 second(s)

2018-12-14 00:12:52 - [MESSAGE][PASSED] - Delayed 2 second(s)

2018-12-14 00:12:52 - [TEST_STEP][PASSED] - setText: Text 'joh' is set on object 'Object Repository/Final Object Repo/Creating Employer Account/Page_Registration - ASSIST (Base)/City - joh'

2018-12-14 00:12:53 - [MESSAGE][PASSED] - Text 'joh' is set on object 'Object Repository/Final Object Repo/Creating Employer Account/Page_Registration - ASSIST (Base)/City - joh'

2018-12-14 00:12:53 - [TEST_STEP][PASSED] - delay: Delayed 2 second(s)

2018-12-14 00:12:55 - [MESSAGE][PASSED] - Delayed 2 second(s)

2018-12-14 00:12:55 - [TEST_STEP][PASSED] - click: Object: 'Object Repository/Final Object Repo/Creating Employer Account/Page_Registration - ASSIST (Base)/City - Johor Bharu' is clicked on

2018-12-14 00:12:55 - [MESSAGE][PASSED] - Object: 'Object Repository/Final Object Repo/Creating Employer Account/Page_Registration - ASSIST (Base)/City - Johor Bharu' is clicked on

2018-12-14 00:12:55 - [TEST_STEP][PASSED] - delay: Delayed 2 second(s)

2018-12-14 00:12:57 - [MESSAGE][PASSED] - Delayed 2 second(s)

2018-12-14 00:12:57 - [TEST_STEP][PASSED] - click: Object: 'Object Repository/Final Object Repo/Creating Employer Account/Page_Registration - ASSIST (Base)/Post Code' is clicked on

2018-12-14 00:12:57 - [MESSAGE][PASSED] - Object: 'Object Repository/Final Object Repo/Creating Employer Account/Page_Registration - ASSIST (Base)/Post Code' is clicked on

2018-12-14 00:12:57 - [TEST_STEP][PASSED] - delay: Delayed 2 second(s)

2018-12-14 00:12:59 - [MESSAGE][PASSED] - Delayed 2 second(s)

2018-12-14 00:12:59 - [TEST_STEP][PASSED] - setText: Text '810' is set on object 'Object Repository/Final Object Repo/Creating Employer Account/Page_Registration - ASSIST (Base)/Post Code - 810'

2018-12-14 00:12:59 - [MESSAGE][PASSED] - Text '810' is set on object 'Object Repository/Final Object Repo/Creating Employer Account/Page_Registration - ASSIST (Base)/Post Code - 810'

2018-12-14 00:12:59 - [TEST_STEP][PASSED] - delay: Delayed 2 second(s)

2018-12-14 00:13:01 - [MESSAGE][PASSED] - Delayed 2 second(s)

2018-12-14 00:13:01 - [TEST_STEP][PASSED] - click: Object: 'Object Repository/Final Object Repo/Creating Employer Account/Page_Registration - ASSIST (Base)/Post Code - 81000' is clicked on

2018-12-14 00:13:01 - [MESSAGE][PASSED] - Object: 'Object Repository/Final Object Repo/Creating Employer Account/Page_Registration - ASSIST (Base)/Post Code - 81000' is clicked on

2018-12-14 00:13:01 - [TEST_STEP][PASSED] - delay: Delayed 2 second(s)

2018-12-14 00:13:03 - [MESSAGE][PASSED] - Delayed 2 second(s)

2018-12-14 00:13:03 - [TEST_STEP][PASSED] - setText: Text 'PERKESO' is set on object 'Object Repository/Final Object Repo/Creating Employer Account/Page_Registration - ASSIST (Base)/Full Name'

2018-12-14 00:13:04 - [MESSAGE][PASSED] - Text 'PERKESO' is set on object 'Object Repository/Final Object Repo/Creating Employer Account/Page_Registration - ASSIST (Base)/Full Name'

2018-12-14 00:13:04 - [TEST_STEP][PASSED] - Statement - rnd = new java.util.Random(): null

2018-12-14 00:13:04 - [TEST_STEP][PASSED] - Statement - snum = rnd.nextInt(899999 + 1) + 100000: null

2018-12-14 00:13:04 - [TEST_STEP][PASSED] - Statement - tnum = rnd.nextInt(899999 + 1) + 100000: null

2018-12-14 00:13:04 - [TEST_STEP][PASSED] - Statement - IC = java.lang.Integer.toString(snum) + java.lang.Integer.toString(tnum): null

2018-12-14 00:13:04 - [TEST_STEP][PASSED] - Statement - out.println(IC): null

2018-12-14 00:13:04 - [TEST_STEP][PASSED] - setText: Text '396844990519' is set on object 'Object Repository/Final Object Repo/Creating Employer Account/Page_Registration - ASSIST (Base)/Identification Number'

2018-12-14 00:13:04 - [MESSAGE][PASSED] - Text '396844990519' is set on object 'Object Repository/Final Object Repo/Creating Employer Account/Page_Registration - ASSIST (Base)/Identification Number'

2018-12-14 00:13:04 - [TEST_STEP][PASSED] - delay: Delayed 2 second(s)

2018-12-14 00:13:06 - [MESSAGE][PASSED] - Delayed 2 second(s)

2018-12-14 00:13:06 - [TEST_STEP][PASSED] - setText: Text '123456789012' is set on object 'Object Repository/Final Object Repo/Creating Employer Account/Page_Registration - ASSIST (Base)/Contact Number'

2018-12-14 00:13:06 - [MESSAGE][PASSED] - Text '123456789012' is set on object 'Object Repository/Final Object Repo/Creating Employer Account/Page_Registration - ASSIST (Base)/Contact Number'

2018-12-14 00:13:06 - [TEST_STEP][PASSED] - Statement - Email = "perkeso" + IC + "@gmail.com": null

2018-12-14 00:13:06 - [TEST_STEP][PASSED] - delay: Delayed 2 second(s)

2018-12-14 00:13:08 - [MESSAGE][PASSED] - Delayed 2 second(s)

2018-12-14 00:13:08 - [TEST_STEP][PASSED] - callTestCase: Call Test Case 'Test Cases/Final Aug 2018 - PKS Automation/Create Employer Acc/Template/Employer Email Settler' successfully

2018-12-14 00:13:08 - [TEST_CASE][PASSED] - Test Cases/Final Aug 2018 - PKS Automation/Create Employer Acc/Template/Employer Email Settler: Test Cases/Final Aug 2018 - PKS Automation/Create Employer Acc/Template/Employer Email Settler

2018-12-14 00:13:08 - [TEST_STEP][PASSED] - Statement - EmpEmailOld = new java.io.File(C://Users//Admin//Desktop//PKS//Automation Reference Point//EmpEmail.txt): null

2018-12-14 00:13:08 - [TEST_STEP][PASSED] - Statement - EmpEmailOld.delete(): null

2018-12-14 00:13:08 - [TEST_STEP][PASSED] - delay: Delayed 5 second(s)

2018-12-14 00:13:13 - [MESSAGE][PASSED] - Delayed 5 second(s)

2018-12-14 00:13:13 - [TEST_STEP][PASSED] - Statement - EmpEmail = new java.io.File(C://Users//Admin//Desktop//PKS//Automation Reference Point//EmpEmail.txt): null

2018-12-14 00:13:13 - [TEST_STEP][PASSED] - Statement - f2 = new java.io.FileWriter(EmpEmail, false): null

2018-12-14 00:13:13 - [TEST_STEP][PASSED] - Statement - f2.write(Email): null

2018-12-14 00:13:13 - [TEST_STEP][PASSED] - Statement - f2.close(): null

2018-12-14 00:13:13 - [TEST_STEP][PASSED] - Statement - out.println(Email): null

2018-12-14 00:13:13 - [MESSAGE][PASSED] - Call Test Case 'Test Cases/Final Aug 2018 - PKS Automation/Create Employer Acc/Template/Employer Email Settler' successfully

2018-12-14 00:13:13 - [TEST_STEP][PASSED] - delay: Delayed 2 second(s)

2018-12-14 00:13:15 - [MESSAGE][PASSED] - Delayed 2 second(s)

2018-12-14 00:13:15 - [TEST_STEP][PASSED] - setText: Text 'perkeso396844990519@gmail.com' is set on object 'Object Repository/Final Object Repo/Creating Employer Account/Page_Registration - ASSIST (Base)/Email'

2018-12-14 00:13:16 - [MESSAGE][PASSED] - Text 'perkeso396844990519@gmail.com' is set on object 'Object Repository/Final Object Repo/Creating Employer Account/Page_Registration - ASSIST (Base)/Email'

2018-12-14 00:13:16 - [TEST_STEP][PASSED] - setText: Text '123' is set on object 'Object Repository/Final Object Repo/Creating Employer Account/Page_Registration - ASSIST (Base)/Security Phase'

2018-12-14 00:13:16 - [MESSAGE][PASSED] - Text '123' is set on object 'Object Repository/Final Object Repo/Creating Employer Account/Page_Registration - ASSIST (Base)/Security Phase'

2018-12-14 00:13:16 - [TEST_STEP][PASSED] - click: Object: 'Object Repository/Final Object Repo/Creating Employer Account/Page_Registration - ASSIST (Base)/Save  Continue' is clicked on

2018-12-14 00:13:16 - [MESSAGE][PASSED] - Object: 'Object Repository/Final Object Repo/Creating Employer Account/Page_Registration - ASSIST (Base)/Save  Continue' is clicked on

2018-12-14 00:13:16 - [TEST_STEP][PASSED] - delay: Delayed 2 second(s)

2018-12-14 00:13:18 - [MESSAGE][PASSED] - Delayed 2 second(s)

2018-12-14 00:13:18 - [TEST_STEP][PASSED] - click: Object: 'Object Repository/Final Object Repo/Creating Employer Account/Page_Registration - ASSIST (Base)/Add Document' is clicked on

2018-12-14 00:13:18 - [MESSAGE][PASSED] - Object: 'Object Repository/Final Object Repo/Creating Employer Account/Page_Registration - ASSIST (Base)/Add Document' is clicked on

2018-12-14 00:13:18 - [TEST_STEP][PASSED] - delay: Delayed 2 second(s)

2018-12-14 00:13:20 - [MESSAGE][PASSED] - Delayed 2 second(s)

2018-12-14 00:13:20 - [TEST_STEP][PASSED] - click: Object: 'Object Repository/Final Object Repo/Creating Employer Account/Page_Registration - ASSIST (Base)/Document Type' is clicked on

2018-12-14 00:13:21 - [MESSAGE][PASSED] - Object: 'Object Repository/Final Object Repo/Creating Employer Account/Page_Registration - ASSIST (Base)/Document Type' is clicked on

2018-12-14 00:13:21 - [TEST_STEP][PASSED] - delay: Delayed 2 second(s)

2018-12-14 00:13:23 - [MESSAGE][PASSED] - Delayed 2 second(s)

2018-12-14 00:13:23 - [TEST_STEP][PASSED] - click: Object: 'Object Repository/Final Object Repo/Creating Employer Account/Page_Registration - ASSIST (Base)/Document Type - Letter of Authorization' is clicked on

2018-12-14 00:13:23 - [MESSAGE][PASSED] - Object: 'Object Repository/Final Object Repo/Creating Employer Account/Page_Registration - ASSIST (Base)/Document Type - Letter of Authorization' is clicked on

2018-12-14 00:13:23 - [TEST_STEP][PASSED] - delay: Delayed 2 second(s)

2018-12-14 00:13:25 - [MESSAGE][PASSED] - Delayed 2 second(s)

2018-12-14 00:13:25 - [TEST_STEP][PASSED] - sendKeys: Keys 'C:\Users\Public\Pictures\Sample Pictures\Koala.jpg' sent to object: 'Object Repository/Final Object Repo/Creating Employer Account/Page_Registration - ASSIST (Base)/Uploading File'

2018-12-14 00:13:25 - [MESSAGE][PASSED] - Keys 'C:\Users\Public\Pictures\Sample Pictures\Koala.jpg' sent to object: 'Object Repository/Final Object Repo/Creating Employer Account/Page_Registration - ASSIST (Base)/Uploading File'

2018-12-14 00:13:25 - [TEST_STEP][PASSED] - delay: Delayed 2 second(s)

2018-12-14 00:13:27 - [MESSAGE][PASSED] - Delayed 2 second(s)

2018-12-14 00:13:27 - [TEST_STEP][PASSED] - click: Object: 'Object Repository/Final Object Repo/Creating Employer Account/Page_Registration - ASSIST (Base)/Add Document in Uploading File' is clicked on

2018-12-14 00:13:27 - [MESSAGE][PASSED] - Object: 'Object Repository/Final Object Repo/Creating Employer Account/Page_Registration - ASSIST (Base)/Add Document in Uploading File' is clicked on

2018-12-14 00:13:27 - [TEST_STEP][PASSED] - delay: Delayed 2 second(s)

2018-12-14 00:13:29 - [MESSAGE][PASSED] - Delayed 2 second(s)

2018-12-14 00:13:29 - [TEST_STEP][PASSED] - click: Object: 'Object Repository/Final Object Repo/Creating Employer Account/Page_Registration - ASSIST (Base)/Save' is clicked on

2018-12-14 00:13:29 - [MESSAGE][PASSED] - Object: 'Object Repository/Final Object Repo/Creating Employer Account/Page_Registration - ASSIST (Base)/Save' is clicked on

2018-12-14 00:13:29 - [TEST_STEP][PASSED] - delay: Delayed 2 second(s)

2018-12-14 00:13:31 - [MESSAGE][PASSED] - Delayed 2 second(s)

2018-12-14 00:13:31 - [TEST_STEP][PASSED] - click: Object: 'Object Repository/Final Object Repo/Creating Employer Account/Page_Registration - ASSIST (Base)/Submit' is clicked on

2018-12-14 00:13:31 - [MESSAGE][PASSED] - Object: 'Object Repository/Final Object Repo/Creating Employer Account/Page_Registration - ASSIST (Base)/Submit' is clicked on

2018-12-14 00:13:31 - [TEST_STEP][PASSED] - delay: Delayed 2 second(s)

2018-12-14 00:13:33 - [MESSAGE][PASSED] - Delayed 2 second(s)

2018-12-14 00:13:33 - [TEST_STEP][PASSED] - click: Object: 'Object Repository/Final Object Repo/Creating Employer Account/Page_Registration - ASSIST (Base)/Confirm' is clicked on

2018-12-14 00:13:34 - [MESSAGE][PASSED] - Object: 'Object Repository/Final Object Repo/Creating Employer Account/Page_Registration - ASSIST (Base)/Confirm' is clicked on

2018-12-14 00:13:34 - [MESSAGE][PASSED] - Call Test Case 'Test Cases/Final Aug 2018 - PKS Automation/Create Employer Acc/Template/Register Employer' successfully

2018-12-14 00:13:34 - [TEST_STEP][PASSED] - delay: Delayed 1 second(s)

2018-12-14 00:13:35 - [MESSAGE][PASSED] - Delayed 1 second(s)

2018-12-14 00:13:35 - [TEST_STEP][PASSED] - navigateToUrl: Navigate to 'https://assist2-uat.perkeso.gov.my/c/portal/logout' successfully

2018-12-14 00:13:36 - [MESSAGE][PASSED] - Navigate to 'https://assist2-uat.perkeso.gov.my/c/portal/logout' successfully

2018-12-14 00:13:36 - [TEST_STEP][PASSED] - delay: Delayed 1 second(s)

2018-12-14 00:13:37 - [MESSAGE][PASSED] - Delayed 1 second(s)

2018-12-14 00:13:37 - [TEST_STEP][PASSED] - callTestCase: Call Test Case 'Test Cases/Final Aug 2018 - PKS Automation/Create Employer Acc/Template/Change Password of Employer' successfully

2018-12-14 00:13:37 - [TEST_CASE][PASSED] - Test Cases/Final Aug 2018 - PKS Automation/Create Employer Acc/Template/Change Password of Employer: Test Cases/Final Aug 2018 - PKS Automation/Create Employer Acc/Template/Change Password of Employer

2018-12-14 00:13:37 - [TEST_STEP][PASSED] - openBrowser: Browser is opened with url: ''

2018-12-14 00:13:37 - [MESSAGE][WARNING] - A browser is already opened. Closing browser and opening a new one

2018-12-14 00:13:41 - [MESSAGE][PASSED] - Browser is opened with url: ''

2018-12-14 00:13:41 - [TEST_STEP][PASSED] - navigateToUrl: Navigate to 'https://assist2-uat.perkeso.gov.my/login' successfully

2018-12-14 00:13:42 - [MESSAGE][PASSED] - Navigate to 'https://assist2-uat.perkeso.gov.my/login' successfully

2018-12-14 00:13:42 - [TEST_STEP][PASSED] - delay: Delayed 5 second(s)

2018-12-14 00:13:47 - [MESSAGE][PASSED] - Delayed 5 second(s)

2018-12-14 00:13:47 - [TEST_STEP][PASSED] - setText: Text 'test@liferay.com' is set on object 'Object Repository/Final Object Repo/Login Page/Internal User/Email Address'

2018-12-14 00:13:47 - [MESSAGE][PASSED] - Text 'test@liferay.com' is set on object 'Object Repository/Final Object Repo/Login Page/Internal User/Email Address'

2018-12-14 00:13:48 - [TEST_STEP][PASSED] - click: Object: 'Object Repository/Final Object Repo/Login Page/Internal User/Next Button' is clicked on

2018-12-14 00:13:48 - [MESSAGE][PASSED] - Object: 'Object Repository/Final Object Repo/Login Page/Internal User/Next Button' is clicked on

2018-12-14 00:13:48 - [TEST_STEP][PASSED] - delay: Delayed 2 second(s)

2018-12-14 00:13:50 - [MESSAGE][PASSED] - Delayed 2 second(s)

2018-12-14 00:13:50 - [TEST_STEP][PASSED] - setText: Text 'test' is set on object 'Object Repository/Final Object Repo/Login Page/Internal User/Password'

2018-12-14 00:13:50 - [MESSAGE][PASSED] - Text 'test' is set on object 'Object Repository/Final Object Repo/Login Page/Internal User/Password'

2018-12-14 00:13:50 - [TEST_STEP][PASSED] - delay: Delayed 2 second(s)

2018-12-14 00:13:52 - [MESSAGE][PASSED] - Delayed 2 second(s)

2018-12-14 00:13:52 - [TEST_STEP][PASSED] - click: Object: 'Object Repository/Final Object Repo/Login Page/Internal User/Login Button' is clicked on

2018-12-14 00:13:52 - [MESSAGE][PASSED] - Object: 'Object Repository/Final Object Repo/Login Page/Internal User/Login Button' is clicked on

2018-12-14 00:13:52 - [TEST_STEP][PASSED] - delay: Delayed 3 second(s)

2018-12-14 00:13:55 - [MESSAGE][PASSED] - Delayed 3 second(s)

2018-12-14 00:13:55 - [TEST_STEP][PASSED] - navigateToUrl: Navigate to 'https://assist2-uat.perkeso.gov.my/group/control_panel/manage?p_p_id=125&p_p_lifecycle=0&p_p_state=maximized&p_p_mode=view&refererPlid=20455&_125_usersListView=flat-users&_125_toolbarItem=view-all-users&_125_saveUsersListView=true&_125_struts_action=%2Fusers_admin%2Fview' successfully

2018-12-14 00:13:56 - [MESSAGE][PASSED] - Navigate to 'https://assist2-uat.perkeso.gov.my/group/control_panel/manage?p_p_id=125&p_p_lifecycle=0&p_p_state=maximized&p_p_mode=view&refererPlid=20455&_125_usersListView=flat-users&_125_toolbarItem=view-all-users&_125_saveUsersListView=true&_125_struts_action=%2Fusers_admin%2Fview' successfully

2018-12-14 00:13:56 - [TEST_STEP][PASSED] - delay: Delayed 3 second(s)

2018-12-14 00:13:59 - [MESSAGE][PASSED] - Delayed 3 second(s)

2018-12-14 00:13:59 - [TEST_STEP][PASSED] - setText: Text 'perkeso396844990519@gmail.com' is set on object 'Object Repository/Final Object Repo/Creating Employer Account/Page_Users and Organizations - ASSIST/Employer name'

2018-12-14 00:14:00 - [MESSAGE][PASSED] - Text 'perkeso396844990519@gmail.com' is set on object 'Object Repository/Final Object Repo/Creating Employer Account/Page_Users and Organizations - ASSIST/Employer name'

2018-12-14 00:14:00 - [TEST_STEP][PASSED] - delay: Delayed 3 second(s)

2018-12-14 00:14:03 - [MESSAGE][PASSED] - Delayed 3 second(s)

2018-12-14 00:14:03 - [TEST_STEP][PASSED] - click: Object: 'Object Repository/Final Object Repo/Creating Employer Account/Page_Users and Organizations - ASSIST/Search' is clicked on

2018-12-14 00:14:03 - [MESSAGE][PASSED] - Object: 'Object Repository/Final Object Repo/Creating Employer Account/Page_Users and Organizations - ASSIST/Search' is clicked on

2018-12-14 00:14:03 - [TEST_STEP][PASSED] - delay: Delayed 3 second(s)

2018-12-14 00:14:06 - [MESSAGE][PASSED] - Delayed 3 second(s)

2018-12-14 00:14:06 - [TEST_STEP][PASSED] - click: Object: 'Object Repository/Final Object Repo/Creating Employer Account/Page_Users and Organizations - ASSIST/Action' is clicked on

2018-12-14 00:14:07 - [MESSAGE][PASSED] - Object: 'Object Repository/Final Object Repo/Creating Employer Account/Page_Users and Organizations - ASSIST/Action' is clicked on

2018-12-14 00:14:07 - [TEST_STEP][PASSED] - delay: Delayed 3 second(s)

2018-12-14 00:14:10 - [MESSAGE][PASSED] - Delayed 3 second(s)

2018-12-14 00:14:10 - [TEST_STEP][PASSED] - click: Object: 'Object Repository/Final Object Repo/Creating Employer Account/Page_Users and Organizations - ASSIST/Edit' is clicked on

2018-12-14 00:14:11 - [MESSAGE][PASSED] - Object: 'Object Repository/Final Object Repo/Creating Employer Account/Page_Users and Organizations - ASSIST/Edit' is clicked on

2018-12-14 00:14:11 - [TEST_STEP][PASSED] - delay: Delayed 3 second(s)

2018-12-14 00:14:14 - [MESSAGE][PASSED] - Delayed 3 second(s)

2018-12-14 00:14:14 - [TEST_STEP][PASSED] - click: Object: 'Object Repository/Final Object Repo/Creating Employer Account/Page_PERKESO - Users and Organizati/a_Password (Modified)' is clicked on

2018-12-14 00:14:14 - [MESSAGE][PASSED] - Object: 'Object Repository/Final Object Repo/Creating Employer Account/Page_PERKESO - Users and Organizati/a_Password (Modified)' is clicked on

2018-12-14 00:14:14 - [TEST_STEP][PASSED] - delay: Delayed 3 second(s)

2018-12-14 00:14:17 - [MESSAGE][PASSED] - Delayed 3 second(s)

2018-12-14 00:14:17 - [TEST_STEP][PASSED] - setEncryptedText: Text ****** has been set on object 'Object Repository/Final Object Repo/Creating Employer Account/Page_PERKESO - Users and Organizati/input__125_password1'

2018-12-14 00:14:17 - [MESSAGE][PASSED] - Text ****** has been set on object 'Object Repository/Final Object Repo/Creating Employer Account/Page_PERKESO - Users and Organizati/input__125_password1'

2018-12-14 00:14:17 - [TEST_STEP][PASSED] - delay: Delayed 3 second(s)

2018-12-14 00:14:20 - [MESSAGE][PASSED] - Delayed 3 second(s)

2018-12-14 00:14:20 - [TEST_STEP][PASSED] - setEncryptedText: Text ****** has been set on object 'Object Repository/Final Object Repo/Creating Employer Account/Page_PERKESO - Users and Organizati/input__125_password2'

2018-12-14 00:14:20 - [MESSAGE][PASSED] - Text ****** has been set on object 'Object Repository/Final Object Repo/Creating Employer Account/Page_PERKESO - Users and Organizati/input__125_password2'

2018-12-14 00:14:20 - [TEST_STEP][PASSED] - delay: Delayed 3 second(s)

2018-12-14 00:14:23 - [MESSAGE][PASSED] - Delayed 3 second(s)

2018-12-14 00:14:23 - [TEST_STEP][PASSED] - click: Object: 'Object Repository/Final Object Repo/Creating Employer Account/Page_PERKESO - Users and Organizati/Save' is clicked on

2018-12-14 00:14:25 - [MESSAGE][PASSED] - Object: 'Object Repository/Final Object Repo/Creating Employer Account/Page_PERKESO - Users and Organizati/Save' is clicked on

2018-12-14 00:14:25 - [MESSAGE][PASSED] - Call Test Case 'Test Cases/Final Aug 2018 - PKS Automation/Create Employer Acc/Template/Change Password of Employer' successfully

2018-12-14 00:14:25 - [TEST_STEP][PASSED] - delay: Delayed 1 second(s)

2018-12-14 00:14:26 - [MESSAGE][PASSED] - Delayed 1 second(s)

2018-12-14 00:14:26 - [TEST_STEP][PASSED] - navigateToUrl: Navigate to 'https://assist2-uat.perkeso.gov.my/c/portal/logout' successfully

2018-12-14 00:14:27 - [MESSAGE][PASSED] - Navigate to 'https://assist2-uat.perkeso.gov.my/c/portal/logout' successfully

2018-12-14 00:14:27 - [TEST_STEP][PASSED] - delay: Delayed 1 second(s)

2018-12-14 00:14:28 - [MESSAGE][PASSED] - Delayed 1 second(s)

2018-12-14 00:14:28 - [TEST_STEP][PASSED] - callTestCase: Call Test Case 'Test Cases/Final Aug 2018 - PKS Automation/Create Employer Acc/Template/Login to Employer Account (First Time)' successfully

2018-12-14 00:14:28 - [TEST_CASE][PASSED] - Test Cases/Final Aug 2018 - PKS Automation/Create Employer Acc/Template/Login to Employer Account (First Time): Test Cases/Final Aug 2018 - PKS Automation/Create Employer Acc/Template/Login to Employer Account (First Time)

2018-12-14 00:14:28 - [TEST_STEP][PASSED] - openBrowser: Browser is opened with url: ''

2018-12-14 00:14:28 - [MESSAGE][WARNING] - A browser is already opened. Closing browser and opening a new one

2018-12-14 00:14:32 - [MESSAGE][PASSED] - Browser is opened with url: ''

2018-12-14 00:14:32 - [TEST_STEP][PASSED] - navigateToUrl: Navigate to 'https://assist2-uat.perkeso.gov.my/employer/login' successfully

2018-12-14 00:14:33 - [MESSAGE][PASSED] - Navigate to 'https://assist2-uat.perkeso.gov.my/employer/login' successfully

2018-12-14 00:14:33 - [TEST_STEP][PASSED] - delay: Delayed 3 second(s)

2018-12-14 00:14:36 - [MESSAGE][PASSED] - Delayed 3 second(s)

2018-12-14 00:14:36 - [TEST_STEP][PASSED] - callTestCase: Call Test Case 'Test Cases/Final Aug 2018 - PKS Automation/Create Employer Acc/Template/Employer Email Getter' successfully

2018-12-14 00:14:36 - [TEST_CASE][PASSED] - Test Cases/Final Aug 2018 - PKS Automation/Create Employer Acc/Template/Employer Email Getter: Test Cases/Final Aug 2018 - PKS Automation/Create Employer Acc/Template/Employer Email Getter

2018-12-14 00:14:36 - [TEST_STEP][PASSED] - Statement - Try: null

2018-12-14 00:14:36 - [TEST_STEP][PASSED] - Statement - EmpEmail = new java.io.File(C://Users//Admin//Desktop//PKS//Automation Reference Point//EmpEmail.txt): null

2018-12-14 00:14:36 - [TEST_STEP][PASSED] - Statement - bufferread = new java.io.BufferedReader(new java.io.FileReader(EmpEmail)): null

2018-12-14 00:14:36 - [TEST_STEP][PASSED] - Statement - readedVal = bufferread.readLine(): null

2018-12-14 00:14:36 - [TEST_STEP][PASSED] - Statement - out.println(readedVal): null

2018-12-14 00:14:36 - [TEST_STEP][PASSED] - Statement - Email = readedVal: null

2018-12-14 00:14:36 - [MESSAGE][PASSED] - Call Test Case 'Test Cases/Final Aug 2018 - PKS Automation/Create Employer Acc/Template/Employer Email Getter' successfully

2018-12-14 00:14:36 - [TEST_STEP][PASSED] - setText: Text 'perkeso396844990519@gmail.com' is set on object 'Object Repository/Final Object Repo/Login Page/External Login Page/Email'

2018-12-14 00:14:36 - [MESSAGE][PASSED] - Text 'perkeso396844990519@gmail.com' is set on object 'Object Repository/Final Object Repo/Login Page/External Login Page/Email'

2018-12-14 00:14:36 - [TEST_STEP][PASSED] - click: Object: 'Object Repository/Final Object Repo/Login Page/External Login Page/Next' is clicked on

2018-12-14 00:14:37 - [MESSAGE][PASSED] - Object: 'Object Repository/Final Object Repo/Login Page/External Login Page/Next' is clicked on

2018-12-14 00:14:37 - [TEST_STEP][PASSED] - delay: Delayed 3 second(s)

2018-12-14 00:14:40 - [MESSAGE][PASSED] - Delayed 3 second(s)

2018-12-14 00:14:40 - [TEST_STEP][PASSED] - setEncryptedText: Text ****** has been set on object 'Object Repository/Final Object Repo/Login Page/External Login Page/Password'

2018-12-14 00:14:40 - [MESSAGE][PASSED] - Text ****** has been set on object 'Object Repository/Final Object Repo/Login Page/External Login Page/Password'

2018-12-14 00:14:40 - [TEST_STEP][PASSED] - click: Object: 'Object Repository/Final Object Repo/Login Page/External Login Page/Login' is clicked on

2018-12-14 00:14:40 - [MESSAGE][PASSED] - Object: 'Object Repository/Final Object Repo/Login Page/External Login Page/Login' is clicked on

2018-12-14 00:14:40 - [TEST_STEP][PASSED] - delay: Delayed 3 second(s)

2018-12-14 00:14:43 - [MESSAGE][PASSED] - Delayed 3 second(s)

2018-12-14 00:14:43 - [TEST_STEP][PASSED] - click: Object: 'Object Repository/Final Object Repo/Creating Employer Account/Page_Terms of Use - ASSIST/button_I Agree' is clicked on

2018-12-14 00:14:44 - [MESSAGE][PASSED] - Object: 'Object Repository/Final Object Repo/Creating Employer Account/Page_Terms of Use - ASSIST/button_I Agree' is clicked on

2018-12-14 00:14:44 - [TEST_STEP][PASSED] - delay: Delayed 2 second(s)

2018-12-14 00:14:46 - [MESSAGE][PASSED] - Delayed 2 second(s)

2018-12-14 00:14:46 - [TEST_STEP][PASSED] - setEncryptedText: Text ****** has been set on object 'Object Repository/Final Object Repo/Creating Employer Account/Page_New Password - ASSIST/input_password1'

2018-12-14 00:14:46 - [MESSAGE][PASSED] - Text ****** has been set on object 'Object Repository/Final Object Repo/Creating Employer Account/Page_New Password - ASSIST/input_password1'

2018-12-14 00:14:46 - [TEST_STEP][PASSED] - setEncryptedText: Text ****** has been set on object 'Object Repository/Final Object Repo/Creating Employer Account/Page_New Password - ASSIST/input_password2'

2018-12-14 00:14:46 - [MESSAGE][PASSED] - Text ****** has been set on object 'Object Repository/Final Object Repo/Creating Employer Account/Page_New Password - ASSIST/input_password2'

2018-12-14 00:14:46 - [TEST_STEP][PASSED] - delay: Delayed 2 second(s)

2018-12-14 00:14:48 - [MESSAGE][PASSED] - Delayed 2 second(s)

2018-12-14 00:14:48 - [TEST_STEP][PASSED] - click: Object: 'Object Repository/Final Object Repo/Creating Employer Account/Page_New Password - ASSIST/Save' is clicked on

2018-12-14 00:14:49 - [MESSAGE][PASSED] - Object: 'Object Repository/Final Object Repo/Creating Employer Account/Page_New Password - ASSIST/Save' is clicked on

2018-12-14 00:14:49 - [TEST_STEP][PASSED] - delay: Delayed 2 second(s)

2018-12-14 00:14:51 - [MESSAGE][PASSED] - Delayed 2 second(s)

2018-12-14 00:14:51 - [TEST_STEP][PASSED] - setText: Text 'test' is set on object 'Object Repository/Final Object Repo/Creating Employer Account/Page_Password Reminder - ASSIST/Reminder Query Answer'

2018-12-14 00:14:51 - [MESSAGE][PASSED] - Text 'test' is set on object 'Object Repository/Final Object Repo/Creating Employer Account/Page_Password Reminder - ASSIST/Reminder Query Answer'

2018-12-14 00:14:51 - [TEST_STEP][PASSED] - delay: Delayed 2 second(s)

2018-12-14 00:14:53 - [MESSAGE][PASSED] - Delayed 2 second(s)

2018-12-14 00:14:53 - [TEST_STEP][PASSED] - doubleClick: Object: 'Object Repository/Final Object Repo/Creating Employer Account/Page_Password Reminder - ASSIST/Save' is double clicked on

2018-12-14 00:14:53 - [MESSAGE][PASSED] - Object: 'Object Repository/Final Object Repo/Creating Employer Account/Page_Password Reminder - ASSIST/Save' is double clicked on

2018-12-14 00:14:53 - [MESSAGE][PASSED] - Call Test Case 'Test Cases/Final Aug 2018 - PKS Automation/Create Employer Acc/Template/Login to Employer Account (First Time)' successfully

2018-12-14 00:14:53 - [MESSAGE][PASSED] - Call Test Case 'Test Cases/Final Aug 2018 - PKS Automation/Create Employer Acc/Create Employer Account' successfully

2018-12-14 00:14:53 - [TEST_STEP][PASSED] - callTestCase: Call Test Case 'Test Cases/Final Aug 2018 - PKS Automation/Registration Module/Log Out/log out avoiding katalon tagging' successfully

2018-12-14 00:14:53 - [TEST_CASE][PASSED] - Test Cases/Final Aug 2018 - PKS Automation/Registration Module/Log Out/log out avoiding katalon tagging: Test Cases/Final Aug 2018 - PKS Automation/Registration Module/Log Out/log out avoiding katalon tagging

2018-12-14 00:14:53 - [TEST_STEP][PASSED] - navigateToUrl: Navigate to 'https://assist2-uat.perkeso.gov.my/c/portal/logout' successfully

2018-12-14 00:14:56 - [MESSAGE][PASSED] - Navigate to 'https://assist2-uat.perkeso.gov.my/c/portal/logout' successfully

2018-12-14 00:14:56 - [MESSAGE][PASSED] - Call Test Case 'Test Cases/Final Aug 2018 - PKS Automation/Registration Module/Log Out/log out avoiding katalon tagging' successfully

2018-12-14 00:14:56 - [TEST_STEP][PASSED] - callTestCase: Call Test Case 'Test Cases/Final Aug 2018 - PKS Automation/Create Employer Acc/Login to Employer Account (Second time)' successfully

2018-12-14 00:14:56 - [TEST_CASE][PASSED] - Test Cases/Final Aug 2018 - PKS Automation/Create Employer Acc/Login to Employer Account (Second time): Test Cases/Final Aug 2018 - PKS Automation/Create Employer Acc/Login to Employer Account (Second time)

2018-12-14 00:14:56 - [TEST_STEP][PASSED] - openBrowser: Browser is opened with url: ''

2018-12-14 00:14:56 - [MESSAGE][WARNING] - A browser is already opened. Closing browser and opening a new one

2018-12-14 00:15:00 - [MESSAGE][PASSED] - Browser is opened with url: ''

2018-12-14 00:15:00 - [TEST_STEP][PASSED] - navigateToUrl: Navigate to 'https://assist2-uat.perkeso.gov.my/employer/login' successfully

2018-12-14 00:15:01 - [MESSAGE][PASSED] - Navigate to 'https://assist2-uat.perkeso.gov.my/employer/login' successfully

2018-12-14 00:15:01 - [TEST_STEP][PASSED] - delay: Delayed 3 second(s)

2018-12-14 00:15:04 - [MESSAGE][PASSED] - Delayed 3 second(s)

2018-12-14 00:15:04 - [TEST_STEP][PASSED] - callTestCase: Call Test Case 'Test Cases/Final Aug 2018 - PKS Automation/Create Employer Acc/Template/Employer Email Getter' successfully

2018-12-14 00:15:04 - [TEST_CASE][PASSED] - Test Cases/Final Aug 2018 - PKS Automation/Create Employer Acc/Template/Employer Email Getter: Test Cases/Final Aug 2018 - PKS Automation/Create Employer Acc/Template/Employer Email Getter

2018-12-14 00:15:04 - [TEST_STEP][PASSED] - Statement - Try: null

2018-12-14 00:15:04 - [TEST_STEP][PASSED] - Statement - EmpEmail = new java.io.File(C://Users//Admin//Desktop//PKS//Automation Reference Point//EmpEmail.txt): null

2018-12-14 00:15:04 - [TEST_STEP][PASSED] - Statement - bufferread = new java.io.BufferedReader(new java.io.FileReader(EmpEmail)): null

2018-12-14 00:15:04 - [TEST_STEP][PASSED] - Statement - readedVal = bufferread.readLine(): null

2018-12-14 00:15:04 - [TEST_STEP][PASSED] - Statement - out.println(readedVal): null

2018-12-14 00:15:04 - [TEST_STEP][PASSED] - Statement - Email = readedVal: null

2018-12-14 00:15:04 - [MESSAGE][PASSED] - Call Test Case 'Test Cases/Final Aug 2018 - PKS Automation/Create Employer Acc/Template/Employer Email Getter' successfully

2018-12-14 00:15:04 - [TEST_STEP][PASSED] - setText: Text 'perkeso396844990519@gmail.com' is set on object 'Object Repository/Final Object Repo/Login Page/External Login Page/Email'

2018-12-14 00:15:05 - [MESSAGE][PASSED] - Text 'perkeso396844990519@gmail.com' is set on object 'Object Repository/Final Object Repo/Login Page/External Login Page/Email'

2018-12-14 00:15:05 - [TEST_STEP][PASSED] - click: Object: 'Object Repository/Final Object Repo/Login Page/External Login Page/Next' is clicked on

2018-12-14 00:15:05 - [MESSAGE][PASSED] - Object: 'Object Repository/Final Object Repo/Login Page/External Login Page/Next' is clicked on

2018-12-14 00:15:05 - [TEST_STEP][PASSED] - delay: Delayed 3 second(s)

2018-12-14 00:15:08 - [MESSAGE][PASSED] - Delayed 3 second(s)

2018-12-14 00:15:08 - [TEST_STEP][PASSED] - setEncryptedText: Text ****** has been set on object 'Object Repository/Final Object Repo/Login Page/External Login Page/Password'

2018-12-14 00:15:08 - [MESSAGE][PASSED] - Text ****** has been set on object 'Object Repository/Final Object Repo/Login Page/External Login Page/Password'

2018-12-14 00:15:08 - [TEST_STEP][PASSED] - click: Object: 'Object Repository/Final Object Repo/Login Page/External Login Page/Login' is clicked on

2018-12-14 00:15:08 - [MESSAGE][PASSED] - Object: 'Object Repository/Final Object Repo/Login Page/External Login Page/Login' is clicked on

2018-12-14 00:15:08 - [TEST_STEP][PASSED] - delay: Delayed 5 second(s)

2018-12-14 00:15:13 - [MESSAGE][PASSED] - Delayed 5 second(s)

2018-12-14 00:15:13 - [MESSAGE][PASSED] - Call Test Case 'Test Cases/Final Aug 2018 - PKS Automation/Create Employer Acc/Login to Employer Account (Second time)' successfully

2018-12-14 00:15:13 - [TEST_STEP][PASSED] - Statement - Try: null

2018-12-14 00:15:13 - [TEST_STEP][PASSED] - Statement - Checker = com.kms.katalon.core.webui.keyword.WebUiBuiltInKeywords.verifyElementNotPresent("Final Object Repo/Landing Page/Select to English", 3): null

2018-12-14 00:15:13 - [TEST_STEP][PASSED] - Statement - Catch (Exception e): null

2018-12-14 00:15:13 - [TEST_STEP][PASSED] - Statement - e.printStackTrace(): null

2018-12-14 00:15:13 - [TEST_STEP][PASSED] - delay: Delayed 5 second(s)

2018-12-14 00:15:18 - [MESSAGE][PASSED] - Delayed 5 second(s)

2018-12-14 00:15:18 - [TEST_STEP][PASSED] - click: Object: 'Object Repository/Final Object Repo/Landing Page/My Sites Drop Down' is clicked on

2018-12-14 00:15:18 - [MESSAGE][PASSED] - Object: 'Object Repository/Final Object Repo/Landing Page/My Sites Drop Down' is clicked on

2018-12-14 00:15:18 - [TEST_STEP][PASSED] - click: Object: 'Object Repository/Final Object Repo/Landing Page/Select to Registration Module' is clicked on

2018-12-14 00:15:21 - [MESSAGE][PASSED] - Object: 'Object Repository/Final Object Repo/Landing Page/Select to Registration Module' is clicked on

2018-12-14 00:15:21 - [TEST_STEP][PASSED] - click: Object: 'Object Repository/Final Object Repo/Landing Page/Registration Button' is clicked on

2018-12-14 00:15:22 - [MESSAGE][PASSED] - Object: 'Object Repository/Final Object Repo/Landing Page/Registration Button' is clicked on

2018-12-14 00:15:22 - [TEST_STEP][PASSED] - delay: Delayed 2 second(s)

2018-12-14 00:15:24 - [MESSAGE][PASSED] - Delayed 2 second(s)

2018-12-14 00:15:24 - [TEST_STEP][PASSED] - click: Object: 'Object Repository/Final Object Repo/New Registration - Registration Module Pages/New Reg - OTC to RO/Special Case - OTC - Form 1/AEC NO' is clicked on

2018-12-14 00:15:24 - [MESSAGE][PASSED] - Object: 'Object Repository/Final Object Repo/New Registration - Registration Module Pages/New Reg - OTC to RO/Special Case - OTC - Form 1/AEC NO' is clicked on

2018-12-14 00:15:24 - [TEST_STEP][PASSED] - click: Object: 'Object Repository/Final Object Repo/New Registration - Registration Module Pages/New Reg - OTC to RO/Special Case - OTC - Form 1/Business Entity - Please Select' is clicked on

2018-12-14 00:15:24 - [MESSAGE][PASSED] - Object: 'Object Repository/Final Object Repo/New Registration - Registration Module Pages/New Reg - OTC to RO/Special Case - OTC - Form 1/Business Entity - Please Select' is clicked on

2018-12-14 00:15:24 - [TEST_STEP][PASSED] - click: Object: 'Object Repository/Final Object Repo/New Registration - Registration Module Pages/New Reg - OTC to RO/Special Case - OTC - Form 1/Selected - Corporation' is clicked on

2018-12-14 00:15:24 - [MESSAGE][PASSED] - Object: 'Object Repository/Final Object Repo/New Registration - Registration Module Pages/New Reg - OTC to RO/Special Case - OTC - Form 1/Selected - Corporation' is clicked on

2018-12-14 00:15:24 - [TEST_STEP][PASSED] - delay: Delayed 2 second(s)

2018-12-14 00:15:26 - [MESSAGE][PASSED] - Delayed 2 second(s)

2018-12-14 00:15:26 - [TEST_STEP][PASSED] - click: Object: 'Object Repository/Final Object Repo/New Registration - Registration Module Pages/New Reg - OTC to RO/Special Case - OTC - Form 1/Sub Business Entity - Please Select' is clicked on

2018-12-14 00:15:27 - [MESSAGE][PASSED] - Object: 'Object Repository/Final Object Repo/New Registration - Registration Module Pages/New Reg - OTC to RO/Special Case - OTC - Form 1/Sub Business Entity - Please Select' is clicked on

2018-12-14 00:15:27 - [TEST_STEP][PASSED] - delay: Delayed 2 second(s)

2018-12-14 00:15:29 - [MESSAGE][PASSED] - Delayed 2 second(s)

2018-12-14 00:15:29 - [TEST_STEP][PASSED] - click: Object: 'Object Repository/Final Object Repo/New Registration - Registration Module Pages/New Reg - OTC to RO/Special Case - OTC - Form 1/Selected - Sendirian Berhad' is clicked on

2018-12-14 00:15:29 - [MESSAGE][PASSED] - Object: 'Object Repository/Final Object Repo/New Registration - Registration Module Pages/New Reg - OTC to RO/Special Case - OTC - Form 1/Selected - Sendirian Berhad' is clicked on

2018-12-14 00:15:29 - [TEST_STEP][PASSED] - setText: Text 'AUTOMATE001' is set on object 'Object Repository/Final Object Repo/New Registration - Registration Module Pages/New Reg - OTC to RO/Special Case - OTC - Form 1/Input BRN Number'

2018-12-14 00:15:29 - [MESSAGE][PASSED] - Text 'AUTOMATE001' is set on object 'Object Repository/Final Object Repo/New Registration - Registration Module Pages/New Reg - OTC to RO/Special Case - OTC - Form 1/Input BRN Number'

2018-12-14 00:15:29 - [TEST_STEP][PASSED] - delay: Delayed 2 second(s)

2018-12-14 00:15:31 - [MESSAGE][PASSED] - Delayed 2 second(s)

2018-12-14 00:15:31 - [TEST_STEP][PASSED] - click: Object: 'Object Repository/Final Object Repo/New Registration - Registration Module Pages/New Reg - OTC to RO/Special Case - OTC - Form 1/BRN Search' is clicked on

2018-12-14 00:15:32 - [MESSAGE][PASSED] - Object: 'Object Repository/Final Object Repo/New Registration - Registration Module Pages/New Reg - OTC to RO/Special Case - OTC - Form 1/BRN Search' is clicked on

2018-12-14 00:15:32 - [TEST_STEP][PASSED] - delay: Delayed 4 second(s)

2018-12-14 00:15:36 - [MESSAGE][PASSED] - Delayed 4 second(s)

2018-12-14 00:15:36 - [TEST_STEP][PASSED] - click: Object: 'Object Repository/Final Object Repo/New Registration - Registration Module Pages/New Reg - OTC to RO/Special Case - OTC - Form 1/Registered with SSM - After Feb 2017' is clicked on

2018-12-14 00:15:36 - [MESSAGE][PASSED] - Object: 'Object Repository/Final Object Repo/New Registration - Registration Module Pages/New Reg - OTC to RO/Special Case - OTC - Form 1/Registered with SSM - After Feb 2017' is clicked on

2018-12-14 00:15:36 - [TEST_STEP][PASSED] - delay: Delayed 2 second(s)

2018-12-14 00:15:38 - [MESSAGE][PASSED] - Delayed 2 second(s)

2018-12-14 00:15:38 - [TEST_STEP][PASSED] - click: Object: 'Object Repository/Final Object Repo/New Registration - Registration Module Pages/New Reg - OTC to RO/Special Case - OTC - Form 1/Registering As A Branch - No' is clicked on

2018-12-14 00:15:38 - [MESSAGE][PASSED] - Object: 'Object Repository/Final Object Repo/New Registration - Registration Module Pages/New Reg - OTC to RO/Special Case - OTC - Form 1/Registering As A Branch - No' is clicked on

2018-12-14 00:15:38 - [TEST_STEP][PASSED] - click: Object: 'Object Repository/Final Object Repo/New Registration - Registration Module Pages/New Reg - OTC to RO/Special Case - OTC - Form 1/Acknowledgement Ticked' is clicked on

2018-12-14 00:15:38 - [MESSAGE][PASSED] - Object: 'Object Repository/Final Object Repo/New Registration - Registration Module Pages/New Reg - OTC to RO/Special Case - OTC - Form 1/Acknowledgement Ticked' is clicked on

2018-12-14 00:15:38 - [TEST_STEP][PASSED] - delay: Delayed 2 second(s)

2018-12-14 00:15:40 - [MESSAGE][PASSED] - Delayed 2 second(s)

2018-12-14 00:15:40 - [TEST_STEP][PASSED] - callTestCase: Call Test Case 'Test Cases/Final Aug 2018 - PKS Automation/Create Employer Acc/Template/Employer Email Getter' successfully

2018-12-14 00:15:40 - [TEST_CASE][PASSED] - Test Cases/Final Aug 2018 - PKS Automation/Create Employer Acc/Template/Employer Email Getter: Test Cases/Final Aug 2018 - PKS Automation/Create Employer Acc/Template/Employer Email Getter

2018-12-14 00:15:40 - [TEST_STEP][PASSED] - Statement - Try: null

2018-12-14 00:15:40 - [TEST_STEP][PASSED] - Statement - EmpEmail = new java.io.File(C://Users//Admin//Desktop//PKS//Automation Reference Point//EmpEmail.txt): null

2018-12-14 00:15:40 - [TEST_STEP][PASSED] - Statement - bufferread = new java.io.BufferedReader(new java.io.FileReader(EmpEmail)): null

2018-12-14 00:15:40 - [TEST_STEP][PASSED] - Statement - readedVal = bufferread.readLine(): null

2018-12-14 00:15:40 - [TEST_STEP][PASSED] - Statement - out.println(readedVal): null

2018-12-14 00:15:40 - [TEST_STEP][PASSED] - Statement - Email = readedVal: null

2018-12-14 00:15:40 - [MESSAGE][PASSED] - Call Test Case 'Test Cases/Final Aug 2018 - PKS Automation/Create Employer Acc/Template/Employer Email Getter' successfully

2018-12-14 00:15:40 - [TEST_STEP][PASSED] - setText: Text 'perkeso396844990519@gmail.com' is set on object 'Object Repository/Final Object Repo/Creating Employer Account/Email'

2018-12-14 00:15:41 - [MESSAGE][PASSED] - Text 'perkeso396844990519@gmail.com' is set on object 'Object Repository/Final Object Repo/Creating Employer Account/Email'

2018-12-14 00:15:41 - [TEST_STEP][PASSED] - delay: Delayed 2 second(s)

2018-12-14 00:15:43 - [MESSAGE][PASSED] - Delayed 2 second(s)

2018-12-14 00:15:43 - [TEST_STEP][PASSED] - click: Object: 'Object Repository/Final Object Repo/New Registration - Registration Module Pages/New Reg - OTC to RO/Special Case - OTC - Form 1/Submit Button' is clicked on

2018-12-14 00:15:43 - [MESSAGE][PASSED] - Object: 'Object Repository/Final Object Repo/New Registration - Registration Module Pages/New Reg - OTC to RO/Special Case - OTC - Form 1/Submit Button' is clicked on

2018-12-14 00:15:43 - [TEST_STEP][PASSED] - delay: Delayed 2 second(s)

2018-12-14 00:15:45 - [MESSAGE][PASSED] - Delayed 2 second(s)

2018-12-14 00:15:45 - [TEST_STEP][PASSED] - click: Object: 'Object Repository/Final Object Repo/New Registration - Registration Module Pages/New Reg - OTC to RO/Special Case - OTC - Form 1/Confirm No Flagging as Branch' is clicked on

2018-12-14 00:15:45 - [MESSAGE][PASSED] - Object: 'Object Repository/Final Object Repo/New Registration - Registration Module Pages/New Reg - OTC to RO/Special Case - OTC - Form 1/Confirm No Flagging as Branch' is clicked on

2018-12-14 00:15:45 - [MESSAGE][PASSED] - Call Test Case 'Test Cases/Final Aug 2018 - PKS Automation/Registration Module/Workflow/New Registration/Template/Special Case - Employer - Form 1' successfully

2018-12-14 00:15:45 - [TEST_STEP][PASSED] - callTestCase: Call Test Case 'Test Cases/Final Aug 2018 - PKS Automation/Registration Module/New Registration/Form 2/Add 1 Eligible - Employer Account Use' successfully

2018-12-14 00:15:45 - [TEST_CASE][PASSED] - Test Cases/Final Aug 2018 - PKS Automation/Registration Module/New Registration/Form 2/Add 1 Eligible - Employer Account Use: Test Cases/Final Aug 2018 - PKS Automation/Registration Module/New Registration/Form 2/Add 1 Eligible - Employer Account Use

2018-12-14 00:15:45 - [TEST_STEP][PASSED] - delay: Delayed 2 second(s)

2018-12-14 00:15:47 - [MESSAGE][PASSED] - Delayed 2 second(s)

2018-12-14 00:15:47 - [TEST_STEP][PASSED] - callTestCase: Call Test Case 'Test Cases/Final Aug 2018 - PKS Automation/Registration Module/New Registration/Form 2/Date Updater' successfully

2018-12-14 00:15:47 - [TEST_CASE][PASSED] - Test Cases/Final Aug 2018 - PKS Automation/Registration Module/New Registration/Form 2/Date Updater: Test Cases/Final Aug 2018 - PKS Automation/Registration Module/New Registration/Form 2/Date Updater

2018-12-14 00:15:47 - [TEST_STEP][PASSED] - Statement - TodayDate = new java.util.Date(): null

2018-12-14 00:15:47 - [TEST_STEP][PASSED] - Statement - CurrentDateNoFilter = new java.text.SimpleDateFormat(): null

2018-12-14 00:15:47 - [TEST_STEP][PASSED] - Statement - CurrentDateNoFilter.applyPattern("MM"): null

2018-12-14 00:15:47 - [TEST_STEP][PASSED] - Statement - monthContainerMatcher = java.lang.Integer.parseInt(CurrentDateNoFilter.format(TodayDate)): null

2018-12-14 00:15:47 - [TEST_STEP][PASSED] - Statement - monthContainerMatcher = monthContainerMatcher - 1: null

2018-12-14 00:15:47 - [TEST_STEP][PASSED] - Statement - CurrentMonth = monthContainerMatcher.toString(): null

2018-12-14 00:15:47 - [TEST_STEP][PASSED] - Statement - CurrentMonth = CurrentMonth: null

2018-12-14 00:15:47 - [TEST_STEP][PASSED] - Statement - CurrentDateNoFilter.applyPattern("yyyy"): null

2018-12-14 00:15:47 - [TEST_STEP][PASSED] - Statement - CurrentYear = CurrentDateNoFilter.format(TodayDate): null

2018-12-14 00:15:47 - [TEST_STEP][PASSED] - Statement - CurrentYear = CurrentYear: null

2018-12-14 00:15:47 - [TEST_STEP][PASSED] - Statement - intCurrentYear = java.lang.Integer.parseInt(CurrentDateNoFilter.format(TodayDate)): null

2018-12-14 00:15:47 - [TEST_STEP][PASSED] - Statement - eighteenYrsAgo = intCurrentYear - 18: null

2018-12-14 00:15:47 - [TEST_STEP][PASSED] - Statement - eighteenYrsBeforeThisYr = eighteenYrsAgo.toString(): null

2018-12-14 00:15:47 - [TEST_STEP][PASSED] - Statement - EighteenYrsBefore = eighteenYrsBeforeThisYr: null

2018-12-14 00:15:47 - [TEST_STEP][PASSED] - Statement - fiftysevenYrsAgo = intCurrentYear - 57: null

2018-12-14 00:15:47 - [TEST_STEP][PASSED] - Statement - fiftysevenYrsBeforeThisYr = fiftysevenYrsAgo.toString(): null

2018-12-14 00:15:47 - [TEST_STEP][PASSED] - Statement - FiftysevenYrsBefore = fiftysevenYrsBeforeThisYr: null

2018-12-14 00:15:47 - [TEST_STEP][PASSED] - Statement - leapYear = false: null

2018-12-14 00:15:47 - [TEST_STEP][PASSED] - Statement - leapYear = intCurrentYear % 4 == 0: null

2018-12-14 00:15:47 - [TEST_STEP][PASSED] - Statement - CurrentDateNoFilter.applyPattern("dd"): null

2018-12-14 00:15:47 - [TEST_STEP][PASSED] - Statement - CurrentDate = CurrentDateNoFilter.format(TodayDate): null

2018-12-14 00:15:47 - [TEST_STEP][PASSED] - Statement - CurrentDate = java.lang.Integer.parseInt(CurrentDate): null

2018-12-14 00:15:47 - [TEST_STEP][PASSED] - Statement - CurrentDate = CurrentDate: null

2018-12-14 00:15:47 - [TEST_STEP][PASSED] - Statement - CurrentDay = java.lang.Integer.parseInt(CurrentDate): null

2018-12-14 00:15:47 - [TEST_STEP][PASSED] - Statement - ConfAdder = <not implemented yet for class: org.codehaus.groovy.ast.expr.EmptyExpression>: null

2018-12-14 00:15:47 - [TEST_STEP][PASSED] - Statement - out.println(CurrentMonth): null

2018-12-14 00:15:47 - [TEST_STEP][PASSED] - Statement - out.println(CurrentDate): null

2018-12-14 00:15:47 - [TEST_STEP][PASSED] - Statement - switch (CurrentDate): null

2018-12-14 00:15:47 - [TEST_STEP][PASSED] - Statement - Default: null

2018-12-14 00:15:47 - [TEST_STEP][PASSED] - Statement - ConfAdder = true: null

2018-12-14 00:15:47 - [TEST_STEP][PASSED] - Statement - Break: null

2018-12-14 00:15:47 - [TEST_STEP][PASSED] - Statement - aDayBefore = <not implemented yet for class: org.codehaus.groovy.ast.expr.EmptyExpression>: null

2018-12-14 00:15:47 - [TEST_STEP][PASSED] - Statement - out.println(ConfAdder): null

2018-12-14 00:15:47 - [TEST_STEP][PASSED] - Statement - If (ConfAdder == true): null

2018-12-14 00:15:47 - [TEST_STEP][PASSED] - Statement - aDayBefore = CurrentDay + 1: null

2018-12-14 00:15:47 - [TEST_STEP][PASSED] - Statement - out.println(aDayBefore): null

2018-12-14 00:15:47 - [TEST_STEP][PASSED] - Statement - If (aDayBefore == 1 && CurrentMonth == 11): null

2018-12-14 00:15:47 - [TEST_STEP][PASSED] - Statement - DayBefore = aDayBefore.toString(): null

2018-12-14 00:15:47 - [TEST_STEP][PASSED] - Statement - OneDayBefore = DayBefore: null

2018-12-14 00:15:47 - [MESSAGE][PASSED] - Call Test Case 'Test Cases/Final Aug 2018 - PKS Automation/Registration Module/New Registration/Form 2/Date Updater' successfully

2018-12-14 00:15:47 - [TEST_STEP][PASSED] - delay: Delayed 1 second(s)

2018-12-14 00:15:48 - [MESSAGE][PASSED] - Delayed 1 second(s)

2018-12-14 00:15:48 - [TEST_STEP][PASSED] - Statement - CaseReferenceNo = com.kms.katalon.core.webui.keyword.WebUiBuiltInKeywords.getText(com.kms.katalon.core.testobject.ObjectRepository.findTestObject(Final Object Repo/New Registration - Registration Module Pages/Form 2/RefNo Acquiring)): Text of object 'Object Repository/Final Object Repo/New Registration - Registration Module Pages/Form 2/RefNo Acquiring' is: 'CRN12201800123321'

2018-12-14 00:15:48 - [MESSAGE][PASSED] - Text of object 'Object Repository/Final Object Repo/New Registration - Registration Module Pages/Form 2/RefNo Acquiring' is: 'CRN12201800123321'

2018-12-14 00:15:48 - [TEST_STEP][PASSED] - delay: Delayed 1 second(s)

2018-12-14 00:15:49 - [MESSAGE][PASSED] - Delayed 1 second(s)

2018-12-14 00:15:49 - [TEST_STEP][PASSED] - click: Object: 'Object Repository/Final Object Repo/New Registration - Registration Module Pages/Form 2/Add Employee Button' is clicked on

2018-12-14 00:15:50 - [MESSAGE][PASSED] - Object: 'Object Repository/Final Object Repo/New Registration - Registration Module Pages/Form 2/Add Employee Button' is clicked on

2018-12-14 00:15:50 - [TEST_STEP][PASSED] - delay: Delayed 1 second(s)

2018-12-14 00:15:51 - [MESSAGE][PASSED] - Delayed 1 second(s)

2018-12-14 00:15:51 - [TEST_STEP][PASSED] - setText: Text '010903091948' is set on object 'Object Repository/Final Object Repo/New Registration - Registration Module Pages/Form 2/NRIC Input'

2018-12-14 00:15:51 - [MESSAGE][PASSED] - Text '010903091948' is set on object 'Object Repository/Final Object Repo/New Registration - Registration Module Pages/Form 2/NRIC Input'

2018-12-14 00:15:51 - [TEST_STEP][PASSED] - delay: Delayed 2 second(s)

2018-12-14 00:15:53 - [MESSAGE][PASSED] - Delayed 2 second(s)

2018-12-14 00:15:53 - [TEST_STEP][PASSED] - setText: Text 'Automate001 eligible 1' is set on object 'Object Repository/Final Object Repo/New Registration - Registration Module Pages/Form 2/Employee Name Input'

2018-12-14 00:15:53 - [MESSAGE][PASSED] - Text 'Automate001 eligible 1' is set on object 'Object Repository/Final Object Repo/New Registration - Registration Module Pages/Form 2/Employee Name Input'

2018-12-14 00:15:53 - [TEST_STEP][PASSED] - delay: Delayed 2 second(s)

2018-12-14 00:15:55 - [MESSAGE][PASSED] - Delayed 2 second(s)

2018-12-14 00:15:55 - [TEST_STEP][PASSED] - click: Object: 'Object Repository/Final Object Repo/New Registration - Registration Module Pages/Form 2/DatePicker Pop Up' is clicked on

2018-12-14 00:15:56 - [MESSAGE][PASSED] - Object: 'Object Repository/Final Object Repo/New Registration - Registration Module Pages/Form 2/DatePicker Pop Up' is clicked on

2018-12-14 00:15:56 - [TEST_STEP][PASSED] - click: Object: 'Object Repository/Final Object Repo/New Registration - Registration Module Pages/Form 2/DOB Month' is clicked on

2018-12-14 00:15:56 - [MESSAGE][PASSED] - Object: 'Object Repository/Final Object Repo/New Registration - Registration Module Pages/Form 2/DOB Month' is clicked on

2018-12-14 00:15:56 - [TEST_STEP][PASSED] - Statement - CurrentMonth = CurrentMonth: null

2018-12-14 00:15:56 - [TEST_STEP][PASSED] - Statement - selectMonth = new com.kms.katalon.core.testobject.TestObject(): null

2018-12-14 00:15:56 - [TEST_STEP][PASSED] - Statement - selectMonth.addProperty("xpath", EQUALS, "//body/div/div/div/select/option[@value='" + CurrentMonth + "']", true): null

2018-12-14 00:15:56 - [TEST_STEP][PASSED] - click: Object: '' is clicked on

2018-12-14 00:15:56 - [MESSAGE][PASSED] - Object: '' is clicked on

2018-12-14 00:15:56 - [TEST_STEP][PASSED] - click: Object: 'Object Repository/Final Object Repo/New Registration - Registration Module Pages/Form 2/DOB Year' is clicked on

2018-12-14 00:15:56 - [MESSAGE][PASSED] - Object: 'Object Repository/Final Object Repo/New Registration - Registration Module Pages/Form 2/DOB Year' is clicked on

2018-12-14 00:15:56 - [TEST_STEP][PASSED] - Statement - Eyearsbf = EighteenYrsBefore: null

2018-12-14 00:15:56 - [TEST_STEP][PASSED] - Statement - selectYear = new com.kms.katalon.core.testobject.TestObject(): null

2018-12-14 00:15:56 - [TEST_STEP][PASSED] - Statement - selectYear.addProperty("xpath", EQUALS, "//div/div/div/select/option[@value='" + Eyearsbf + "']", true): null

2018-12-14 00:15:56 - [TEST_STEP][PASSED] - click: Object: '' is clicked on

2018-12-14 00:15:56 - [MESSAGE][PASSED] - Object: '' is clicked on

2018-12-14 00:15:56 - [TEST_STEP][PASSED] - Statement - UpdatedSelectDate = com.kms.katalon.core.webui.keyword.WebUiBuiltInKeywords.modifyObjectProperty(com.kms.katalon.core.testobject.ObjectRepository.findTestObject(Final Object Repo/New Registration - Registration Module Pages/Form 2/DOB Date), "xpath", "equals", "//body/div/table/tbody/tr/td/a[text()="" + CurrentDate + ""]", true): Modify property of object successfully

2018-12-14 00:15:56 - [MESSAGE][PASSED] - Modify property of object successfully

2018-12-14 00:15:56 - [TEST_STEP][PASSED] - delay: Delayed 3 second(s)

2018-12-14 00:15:59 - [MESSAGE][PASSED] - Delayed 3 second(s)

2018-12-14 00:15:59 - [TEST_STEP][PASSED] - click: Object: 'Object Repository/Final Object Repo/New Registration - Registration Module Pages/Form 2/DOB Date' is clicked on

2018-12-14 00:15:59 - [MESSAGE][PASSED] - Object: 'Object Repository/Final Object Repo/New Registration - Registration Module Pages/Form 2/DOB Date' is clicked on

2018-12-14 00:15:59 - [TEST_STEP][PASSED] - delay: Delayed 2 second(s)

2018-12-14 00:16:01 - [MESSAGE][PASSED] - Delayed 2 second(s)

2018-12-14 00:16:01 - [TEST_STEP][PASSED] - click: Object: 'Object Repository/Final Object Repo/New Registration - Registration Module Pages/Form 2/EmploymentStartDate Pop Up' is clicked on

2018-12-14 00:16:02 - [MESSAGE][PASSED] - Object: 'Object Repository/Final Object Repo/New Registration - Registration Module Pages/Form 2/EmploymentStartDate Pop Up' is clicked on

2018-12-14 00:16:02 - [TEST_STEP][PASSED] - delay: Delayed 2 second(s)

2018-12-14 00:16:04 - [MESSAGE][PASSED] - Delayed 2 second(s)

2018-12-14 00:16:04 - [TEST_STEP][PASSED] - click: Object: 'Object Repository/Final Object Repo/New Registration - Registration Module Pages/Form 2/Socso Employment StartDate Month' is clicked on

2018-12-14 00:16:04 - [MESSAGE][PASSED] - Object: 'Object Repository/Final Object Repo/New Registration - Registration Module Pages/Form 2/Socso Employment StartDate Month' is clicked on

2018-12-14 00:16:04 - [TEST_STEP][PASSED] - delay: Delayed 1 second(s)

2018-12-14 00:16:05 - [MESSAGE][PASSED] - Delayed 1 second(s)

2018-12-14 00:16:05 - [TEST_STEP][PASSED] - click: Object: 'Object Repository/Final Object Repo/New Registration - Registration Module Pages/Form 2/Select Socso Employement Startdate Month' is clicked on

2018-12-14 00:16:05 - [MESSAGE][PASSED] - Object: 'Object Repository/Final Object Repo/New Registration - Registration Module Pages/Form 2/Select Socso Employement Startdate Month' is clicked on

2018-12-14 00:16:05 - [TEST_STEP][PASSED] - delay: Delayed 2 second(s)

2018-12-14 00:16:07 - [MESSAGE][PASSED] - Delayed 2 second(s)

2018-12-14 00:16:07 - [TEST_STEP][PASSED] - click: Object: 'Object Repository/Final Object Repo/New Registration - Registration Module Pages/Form 2/Socso Employment StartDate Year' is clicked on

2018-12-14 00:16:07 - [MESSAGE][PASSED] - Object: 'Object Repository/Final Object Repo/New Registration - Registration Module Pages/Form 2/Socso Employment StartDate Year' is clicked on

2018-12-14 00:16:07 - [TEST_STEP][PASSED] - delay: Delayed 1 second(s)

2018-12-14 00:16:08 - [MESSAGE][PASSED] - Delayed 1 second(s)

2018-12-14 00:16:08 - [TEST_STEP][PASSED] - click: Object: 'Object Repository/Final Object Repo/New Registration - Registration Module Pages/Form 2/Select Socso Employment Startdate Year' is clicked on

2018-12-14 00:16:08 - [MESSAGE][PASSED] - Object: 'Object Repository/Final Object Repo/New Registration - Registration Module Pages/Form 2/Select Socso Employment Startdate Year' is clicked on

2018-12-14 00:16:08 - [TEST_STEP][PASSED] - delay: Delayed 2 second(s)

2018-12-14 00:16:10 - [MESSAGE][PASSED] - Delayed 2 second(s)

2018-12-14 00:16:10 - [TEST_STEP][PASSED] - click: Object: 'Object Repository/Final Object Repo/New Registration - Registration Module Pages/Form 2/Socso Employment Start Date Day' is clicked on

2018-12-14 00:16:10 - [MESSAGE][PASSED] - Object: 'Object Repository/Final Object Repo/New Registration - Registration Module Pages/Form 2/Socso Employment Start Date Day' is clicked on

2018-12-14 00:16:10 - [TEST_STEP][PASSED] - delay: Delayed 2 second(s)

2018-12-14 00:16:12 - [MESSAGE][PASSED] - Delayed 2 second(s)

2018-12-14 00:16:12 - [TEST_STEP][PASSED] - click: Object: 'Object Repository/Final Object Repo/New Registration - Registration Module Pages/Form 2/Save Button for Add Employee' is clicked on

2018-12-14 00:16:13 - [MESSAGE][PASSED] - Object: 'Object Repository/Final Object Repo/New Registration - Registration Module Pages/Form 2/Save Button for Add Employee' is clicked on

2018-12-14 00:16:13 - [TEST_STEP][PASSED] - delay: Delayed 6 second(s)

2018-12-14 00:16:19 - [MESSAGE][PASSED] - Delayed 6 second(s)

2018-12-14 00:16:19 - [TEST_STEP][PASSED] - click: Object: 'Object Repository/Final Object Repo/New Registration - Registration Module Pages/Form 2/Save and Continue Form 2' is clicked on

2018-12-14 00:16:19 - [MESSAGE][PASSED] - Object: 'Object Repository/Final Object Repo/New Registration - Registration Module Pages/Form 2/Save and Continue Form 2' is clicked on

2018-12-14 00:16:19 - [MESSAGE][PASSED] - Call Test Case 'Test Cases/Final Aug 2018 - PKS Automation/Registration Module/New Registration/Form 2/Add 1 Eligible - Employer Account Use' successfully

2018-12-14 00:16:19 - [TEST_STEP][PASSED] - callTestCase: Call Test Case 'Test Cases/Final Aug 2018 - PKS Automation/Registration Module/New Registration/Flow of New Registration/Third Screen - Upload Supporting Doc - Preview' successfully

2018-12-14 00:16:19 - [TEST_CASE][PASSED] - Test Cases/Final Aug 2018 - PKS Automation/Registration Module/New Registration/Flow of New Registration/Third Screen - Upload Supporting Doc - Preview: Test Cases/Final Aug 2018 - PKS Automation/Registration Module/New Registration/Flow of New Registration/Third Screen - Upload Supporting Doc - Preview

2018-12-14 00:16:19 - [TEST_STEP][PASSED] - waitForPageLoad: Wait for page load successfully

2018-12-14 00:16:20 - [MESSAGE][PASSED] - Wait for page load successfully

2018-12-14 00:16:20 - [TEST_STEP][PASSED] - Statement - CaseReferenceNo = com.kms.katalon.core.webui.keyword.WebUiBuiltInKeywords.getText(com.kms.katalon.core.testobject.ObjectRepository.findTestObject(Final Object Repo/New Registration - Registration Module Pages/Third Screen - Upload Supporting Doc- Preview/RefNo Acquiring)): Text of object 'Object Repository/Final Object Repo/New Registration - Registration Module Pages/Third Screen - Upload Supporting Doc- Preview/RefNo Acquiring' is: 'CRN12201800123321'

2018-12-14 00:16:20 - [MESSAGE][PASSED] - Text of object 'Object Repository/Final Object Repo/New Registration - Registration Module Pages/Third Screen - Upload Supporting Doc- Preview/RefNo Acquiring' is: 'CRN12201800123321'

2018-12-14 00:16:20 - [TEST_STEP][PASSED] - delay: Delayed 2 second(s)

2018-12-14 00:16:22 - [MESSAGE][PASSED] - Delayed 2 second(s)

2018-12-14 00:16:22 - [TEST_STEP][PASSED] - callTestCase: Call Test Case 'Test Cases/Final Aug 2018 - PKS Automation/Common/Reference Number Setter' successfully

2018-12-14 00:16:22 - [TEST_CASE][PASSED] - Test Cases/Final Aug 2018 - PKS Automation/Common/Reference Number Setter: Test Cases/Final Aug 2018 - PKS Automation/Common/Reference Number Setter

2018-12-14 00:16:22 - [TEST_STEP][PASSED] - Statement - RefNoOldFile = new java.io.File(C://Users//Admin//Desktop//PKS//Automation Reference Point//KatalonReference.txt): null

2018-12-14 00:16:22 - [TEST_STEP][PASSED] - Statement - RefNoOldFile.delete(): null

2018-12-14 00:16:22 - [TEST_STEP][PASSED] - delay: Delayed 5 second(s)

2018-12-14 00:16:27 - [MESSAGE][PASSED] - Delayed 5 second(s)

2018-12-14 00:16:27 - [TEST_STEP][PASSED] - Statement - RefNo = new java.io.File(C://Users//Admin//Desktop//PKS//Automation Reference Point//KatalonReference.txt): null

2018-12-14 00:16:27 - [TEST_STEP][PASSED] - Statement - f2 = new java.io.FileWriter(RefNo, false): null

2018-12-14 00:16:27 - [TEST_STEP][PASSED] - Statement - f2.write(CaseReferenceNo): null

2018-12-14 00:16:27 - [TEST_STEP][PASSED] - Statement - f2.close(): null

2018-12-14 00:16:27 - [TEST_STEP][PASSED] - Statement - out.println("


" + CaseReferenceNo + "


"): null

2018-12-14 00:16:27 - [MESSAGE][PASSED] - Call Test Case 'Test Cases/Final Aug 2018 - PKS Automation/Common/Reference Number Setter' successfully

2018-12-14 00:16:27 - [TEST_STEP][PASSED] - waitForElementClickable: Object 'Object Repository/Final Object Repo/New Registration - Registration Module Pages/Third Screen - Upload Supporting Doc- Preview/Save n Continue in SIP Employee Listing Page' is clickable

2018-12-14 00:16:27 - [MESSAGE][PASSED] - Object 'Object Repository/Final Object Repo/New Registration - Registration Module Pages/Third Screen - Upload Supporting Doc- Preview/Save n Continue in SIP Employee Listing Page' is clickable

2018-12-14 00:16:27 - [TEST_STEP][PASSED] - click: Object: 'Object Repository/Final Object Repo/New Registration - Registration Module Pages/Third Screen - Upload Supporting Doc- Preview/Save n Continue in SIP Employee Listing Page' is clicked on

2018-12-14 00:16:32 - [MESSAGE][PASSED] - Object: 'Object Repository/Final Object Repo/New Registration - Registration Module Pages/Third Screen - Upload Supporting Doc- Preview/Save n Continue in SIP Employee Listing Page' is clicked on

2018-12-14 00:16:32 - [TEST_STEP][PASSED] - delay: Delayed 7 second(s)

2018-12-14 00:16:39 - [MESSAGE][PASSED] - Delayed 7 second(s)

2018-12-14 00:16:39 - [TEST_STEP][PASSED] - click: Object: 'Object Repository/Final Object Repo/New Registration - Registration Module Pages/Third Screen - Upload Supporting Doc- Preview/Add Document Button' is clicked on

2018-12-14 00:16:39 - [MESSAGE][PASSED] - Object: 'Object Repository/Final Object Repo/New Registration - Registration Module Pages/Third Screen - Upload Supporting Doc- Preview/Add Document Button' is clicked on

2018-12-14 00:16:39 - [TEST_STEP][PASSED] - delay: Delayed 30 second(s)

2018-12-14 00:17:09 - [MESSAGE][PASSED] - Delayed 30 second(s)

2018-12-14 00:17:09 - [TEST_STEP][PASSED] - click: Object: 'Object Repository/Final Object Repo/New Registration - Registration Module Pages/Third Screen - Upload Supporting Doc- Preview/Supporting Doc Please Select Drop Down' is clicked on

2018-12-14 00:17:10 - [MESSAGE][PASSED] - Object: 'Object Repository/Final Object Repo/New Registration - Registration Module Pages/Third Screen - Upload Supporting Doc- Preview/Supporting Doc Please Select Drop Down' is clicked on

2018-12-14 00:17:10 - [TEST_STEP][PASSED] - delay: Delayed 2 second(s)

2018-12-14 00:17:12 - [MESSAGE][PASSED] - Delayed 2 second(s)

2018-12-14 00:17:12 - [TEST_STEP][PASSED] - click: Object: 'Object Repository/Final Object Repo/New Registration - Registration Module Pages/Third Screen - Upload Supporting Doc- Preview/Select to Upload Form 1' is clicked on

2018-12-14 00:17:12 - [MESSAGE][PASSED] - Object: 'Object Repository/Final Object Repo/New Registration - Registration Module Pages/Third Screen - Upload Supporting Doc- Preview/Select to Upload Form 1' is clicked on

2018-12-14 00:17:12 - [TEST_STEP][PASSED] - delay: Delayed 2 second(s)

2018-12-14 00:17:14 - [MESSAGE][PASSED] - Delayed 2 second(s)

2018-12-14 00:17:14 - [TEST_STEP][PASSED] - uploadFile: File 'C:\Users\Public\Pictures\Sample Pictures\Koala.jpg' sent to object: 'Object Repository/Final Object Repo/New Registration - Registration Module Pages/Third Screen - Upload Supporting Doc- Preview/Upload File Adding'

2018-12-14 00:17:14 - [MESSAGE][PASSED] - File 'C:\Users\Public\Pictures\Sample Pictures\Koala.jpg' sent to object: 'Object Repository/Final Object Repo/New Registration - Registration Module Pages/Third Screen - Upload Supporting Doc- Preview/Upload File Adding'

2018-12-14 00:17:14 - [TEST_STEP][PASSED] - delay: Delayed 5 second(s)

2018-12-14 00:17:19 - [MESSAGE][PASSED] - Delayed 5 second(s)

2018-12-14 00:17:19 - [TEST_STEP][PASSED] - click: Object: 'Object Repository/Final Object Repo/New Registration - Registration Module Pages/Third Screen - Upload Supporting Doc- Preview/Inner Form Add Document Button' is clicked on

2018-12-14 00:17:19 - [MESSAGE][PASSED] - Object: 'Object Repository/Final Object Repo/New Registration - Registration Module Pages/Third Screen - Upload Supporting Doc- Preview/Inner Form Add Document Button' is clicked on

2018-12-14 00:17:19 - [TEST_STEP][PASSED] - delay: Delayed 3 second(s)

2018-12-14 00:17:22 - [MESSAGE][PASSED] - Delayed 3 second(s)

2018-12-14 00:17:22 - [TEST_STEP][PASSED] - click: Object: 'Object Repository/Final Object Repo/New Registration - Registration Module Pages/Third Screen - Upload Supporting Doc- Preview/Add Document Button' is clicked on

2018-12-14 00:17:23 - [MESSAGE][PASSED] - Object: 'Object Repository/Final Object Repo/New Registration - Registration Module Pages/Third Screen - Upload Supporting Doc- Preview/Add Document Button' is clicked on

2018-12-14 00:17:23 - [TEST_STEP][PASSED] - delay: Delayed 30 second(s)

2018-12-14 00:17:53 - [MESSAGE][PASSED] - Delayed 30 second(s)

2018-12-14 00:17:53 - [TEST_STEP][PASSED] - click: Object: 'Object Repository/Final Object Repo/New Registration - Registration Module Pages/Third Screen - Upload Supporting Doc- Preview/Supporting Doc Please Select Drop Down' is clicked on

2018-12-14 00:17:54 - [MESSAGE][PASSED] - Object: 'Object Repository/Final Object Repo/New Registration - Registration Module Pages/Third Screen - Upload Supporting Doc- Preview/Supporting Doc Please Select Drop Down' is clicked on

2018-12-14 00:17:54 - [TEST_STEP][PASSED] - delay: Delayed 4 second(s)

2018-12-14 00:17:58 - [MESSAGE][PASSED] - Delayed 4 second(s)

2018-12-14 00:17:58 - [TEST_STEP][PASSED] - click: Object: 'Object Repository/Final Object Repo/New Registration - Registration Module Pages/Third Screen - Upload Supporting Doc- Preview/Select to Upload Form 2' is clicked on

2018-12-14 00:17:58 - [MESSAGE][PASSED] - Object: 'Object Repository/Final Object Repo/New Registration - Registration Module Pages/Third Screen - Upload Supporting Doc- Preview/Select to Upload Form 2' is clicked on

2018-12-14 00:17:58 - [TEST_STEP][PASSED] - delay: Delayed 2 second(s)

2018-12-14 00:18:00 - [MESSAGE][PASSED] - Delayed 2 second(s)

2018-12-14 00:18:00 - [TEST_STEP][PASSED] - uploadFile: File 'C:\Users\Public\Pictures\Sample Pictures\Koala.jpg' sent to object: 'Object Repository/Final Object Repo/New Registration - Registration Module Pages/Third Screen - Upload Supporting Doc- Preview/Upload File Adding'

2018-12-14 00:18:00 - [MESSAGE][PASSED] - File 'C:\Users\Public\Pictures\Sample Pictures\Koala.jpg' sent to object: 'Object Repository/Final Object Repo/New Registration - Registration Module Pages/Third Screen - Upload Supporting Doc- Preview/Upload File Adding'

2018-12-14 00:18:00 - [TEST_STEP][PASSED] - click: Object: 'Object Repository/Final Object Repo/New Registration - Registration Module Pages/Third Screen - Upload Supporting Doc- Preview/Inner Form Add Document Button' is clicked on

2018-12-14 00:18:00 - [MESSAGE][PASSED] - Object: 'Object Repository/Final Object Repo/New Registration - Registration Module Pages/Third Screen - Upload Supporting Doc- Preview/Inner Form Add Document Button' is clicked on

2018-12-14 00:18:00 - [TEST_STEP][PASSED] - delay: Delayed 5 second(s)

2018-12-14 00:18:05 - [MESSAGE][PASSED] - Delayed 5 second(s)

2018-12-14 00:18:05 - [TEST_STEP][PASSED] - click: Object: 'Object Repository/Final Object Repo/New Registration - Registration Module Pages/Third Screen - Upload Supporting Doc- Preview/Add Document Button' is clicked on

2018-12-14 00:18:05 - [MESSAGE][PASSED] - Object: 'Object Repository/Final Object Repo/New Registration - Registration Module Pages/Third Screen - Upload Supporting Doc- Preview/Add Document Button' is clicked on

2018-12-14 00:18:05 - [TEST_STEP][PASSED] - delay: Delayed 30 second(s)

2018-12-14 00:18:35 - [MESSAGE][PASSED] - Delayed 30 second(s)

2018-12-14 00:18:35 - [TEST_STEP][PASSED] - click: Object: 'Object Repository/Final Object Repo/New Registration - Registration Module Pages/Third Screen - Upload Supporting Doc- Preview/Supporting Doc Please Select Drop Down' is clicked on

2018-12-14 00:18:35 - [MESSAGE][PASSED] - Object: 'Object Repository/Final Object Repo/New Registration - Registration Module Pages/Third Screen - Upload Supporting Doc- Preview/Supporting Doc Please Select Drop Down' is clicked on

2018-12-14 00:18:35 - [TEST_STEP][PASSED] - click: Object: 'Object Repository/Final Object Repo/New Registration - Registration Module Pages/Third Screen - Upload Supporting Doc- Preview/Select to Upload Borang SIP 1' is clicked on

2018-12-14 00:18:36 - [MESSAGE][PASSED] - Object: 'Object Repository/Final Object Repo/New Registration - Registration Module Pages/Third Screen - Upload Supporting Doc- Preview/Select to Upload Borang SIP 1' is clicked on

2018-12-14 00:18:36 - [TEST_STEP][PASSED] - delay: Delayed 2 second(s)

2018-12-14 00:18:38 - [MESSAGE][PASSED] - Delayed 2 second(s)

2018-12-14 00:18:38 - [TEST_STEP][PASSED] - uploadFile: File 'C:\Users\Public\Pictures\Sample Pictures\Koala.jpg' sent to object: 'Object Repository/Final Object Repo/New Registration - Registration Module Pages/Third Screen - Upload Supporting Doc- Preview/Upload File Adding'

2018-12-14 00:18:38 - [MESSAGE][PASSED] - File 'C:\Users\Public\Pictures\Sample Pictures\Koala.jpg' sent to object: 'Object Repository/Final Object Repo/New Registration - Registration Module Pages/Third Screen - Upload Supporting Doc- Preview/Upload File Adding'

2018-12-14 00:18:38 - [TEST_STEP][PASSED] - click: Object: 'Object Repository/Final Object Repo/New Registration - Registration Module Pages/Third Screen - Upload Supporting Doc- Preview/Inner Form Add Document Button' is clicked on

2018-12-14 00:18:38 - [MESSAGE][PASSED] - Object: 'Object Repository/Final Object Repo/New Registration - Registration Module Pages/Third Screen - Upload Supporting Doc- Preview/Inner Form Add Document Button' is clicked on

2018-12-14 00:18:38 - [TEST_STEP][PASSED] - delay: Delayed 5 second(s)

2018-12-14 00:18:43 - [MESSAGE][PASSED] - Delayed 5 second(s)

2018-12-14 00:18:43 - [TEST_STEP][PASSED] - click: Object: 'Object Repository/Final Object Repo/New Registration - Registration Module Pages/Third Screen - Upload Supporting Doc- Preview/Add Document Button' is clicked on

2018-12-14 00:18:43 - [MESSAGE][PASSED] - Object: 'Object Repository/Final Object Repo/New Registration - Registration Module Pages/Third Screen - Upload Supporting Doc- Preview/Add Document Button' is clicked on

2018-12-14 00:18:43 - [TEST_STEP][PASSED] - delay: Delayed 30 second(s)

2018-12-14 00:19:13 - [MESSAGE][PASSED] - Delayed 30 second(s)

2018-12-14 00:19:13 - [TEST_STEP][PASSED] - click: Object: 'Object Repository/Final Object Repo/New Registration - Registration Module Pages/Third Screen - Upload Supporting Doc- Preview/Supporting Doc Please Select Drop Down' is clicked on

2018-12-14 00:19:13 - [MESSAGE][PASSED] - Object: 'Object Repository/Final Object Repo/New Registration - Registration Module Pages/Third Screen - Upload Supporting Doc- Preview/Supporting Doc Please Select Drop Down' is clicked on

2018-12-14 00:19:13 - [TEST_STEP][PASSED] - delay: Delayed 3 second(s)

2018-12-14 00:19:16 - [MESSAGE][PASSED] - Delayed 3 second(s)

2018-12-14 00:19:16 - [TEST_STEP][PASSED] - click: Object: 'Object Repository/Final Object Repo/New Registration - Registration Module Pages/Third Screen - Upload Supporting Doc- Preview/Select to Upload Borang SIP 2' is clicked on

2018-12-14 00:19:16 - [MESSAGE][PASSED] - Object: 'Object Repository/Final Object Repo/New Registration - Registration Module Pages/Third Screen - Upload Supporting Doc- Preview/Select to Upload Borang SIP 2' is clicked on

2018-12-14 00:19:16 - [TEST_STEP][PASSED] - delay: Delayed 2 second(s)

2018-12-14 00:19:18 - [MESSAGE][PASSED] - Delayed 2 second(s)

2018-12-14 00:19:18 - [TEST_STEP][PASSED] - uploadFile: File 'C:\Users\Public\Pictures\Sample Pictures\Koala.jpg' sent to object: 'Object Repository/Final Object Repo/New Registration - Registration Module Pages/Third Screen - Upload Supporting Doc- Preview/Upload File Adding'

2018-12-14 00:19:19 - [MESSAGE][PASSED] - File 'C:\Users\Public\Pictures\Sample Pictures\Koala.jpg' sent to object: 'Object Repository/Final Object Repo/New Registration - Registration Module Pages/Third Screen - Upload Supporting Doc- Preview/Upload File Adding'

2018-12-14 00:19:19 - [TEST_STEP][PASSED] - delay: Delayed 5 second(s)

2018-12-14 00:19:24 - [MESSAGE][PASSED] - Delayed 5 second(s)

2018-12-14 00:19:24 - [TEST_STEP][PASSED] - click: Object: 'Object Repository/Final Object Repo/New Registration - Registration Module Pages/Third Screen - Upload Supporting Doc- Preview/Inner Form Add Document Button' is clicked on

2018-12-14 00:19:24 - [MESSAGE][PASSED] - Object: 'Object Repository/Final Object Repo/New Registration - Registration Module Pages/Third Screen - Upload Supporting Doc- Preview/Inner Form Add Document Button' is clicked on

2018-12-14 00:19:24 - [TEST_STEP][PASSED] - delay: Delayed 3 second(s)

2018-12-14 00:19:27 - [MESSAGE][PASSED] - Delayed 3 second(s)

2018-12-14 00:19:27 - [TEST_STEP][PASSED] - waitForElementClickable: Object 'Object Repository/Final Object Repo/New Registration - Registration Module Pages/Third Screen - Upload Supporting Doc- Preview/Save n Continue in Uploading Supporting Doc Page' is clickable

2018-12-14 00:19:28 - [MESSAGE][PASSED] - Object 'Object Repository/Final Object Repo/New Registration - Registration Module Pages/Third Screen - Upload Supporting Doc- Preview/Save n Continue in Uploading Supporting Doc Page' is clickable

2018-12-14 00:19:28 - [TEST_STEP][PASSED] - click: Object: 'Object Repository/Final Object Repo/New Registration - Registration Module Pages/Third Screen - Upload Supporting Doc- Preview/Save n Continue in Uploading Supporting Doc Page' is clicked on

2018-12-14 00:19:28 - [MESSAGE][PASSED] - Object: 'Object Repository/Final Object Repo/New Registration - Registration Module Pages/Third Screen - Upload Supporting Doc- Preview/Save n Continue in Uploading Supporting Doc Page' is clicked on

2018-12-14 00:19:28 - [MESSAGE][PASSED] - Call Test Case 'Test Cases/Final Aug 2018 - PKS Automation/Registration Module/New Registration/Flow of New Registration/Third Screen - Upload Supporting Doc - Preview' successfully

2018-12-14 00:19:28 - [TEST_STEP][PASSED] - setText: Text 'Tester' is set on object 'Object Repository/Final Object Repo/New Registration - Registration Module Pages/New Reg - OTC to RO/Special Case - All Related Objects/Employer Preview Name'

2018-12-14 00:19:33 - [MESSAGE][PASSED] - Text 'Tester' is set on object 'Object Repository/Final Object Repo/New Registration - Registration Module Pages/New Reg - OTC to RO/Special Case - All Related Objects/Employer Preview Name'

2018-12-14 00:19:33 - [TEST_STEP][PASSED] - click: Object: 'Object Repository/Final Object Repo/New Registration - Registration Module Pages/New Reg - OTC to RO/Special Case - All Related Objects/IC Type Drop Down' is clicked on

2018-12-14 00:19:33 - [MESSAGE][PASSED] - Object: 'Object Repository/Final Object Repo/New Registration - Registration Module Pages/New Reg - OTC to RO/Special Case - All Related Objects/IC Type Drop Down' is clicked on

2018-12-14 00:19:33 - [TEST_STEP][PASSED] - click: Object: 'Object Repository/Final Object Repo/New Registration - Registration Module Pages/New Reg - OTC to RO/Special Case - All Related Objects/Select to NRIC' is clicked on

2018-12-14 00:19:33 - [MESSAGE][PASSED] - Object: 'Object Repository/Final Object Repo/New Registration - Registration Module Pages/New Reg - OTC to RO/Special Case - All Related Objects/Select to NRIC' is clicked on

2018-12-14 00:19:33 - [TEST_STEP][PASSED] - setText: Text '133245561223' is set on object 'Object Repository/Final Object Repo/New Registration - Registration Module Pages/New Reg - OTC to RO/Special Case - All Related Objects/IC Value'

2018-12-14 00:19:33 - [MESSAGE][PASSED] - Text '133245561223' is set on object 'Object Repository/Final Object Repo/New Registration - Registration Module Pages/New Reg - OTC to RO/Special Case - All Related Objects/IC Value'

2018-12-14 00:19:33 - [TEST_STEP][PASSED] - setText: Text 'Auto' is set on object 'Object Repository/Final Object Repo/New Registration - Registration Module Pages/New Reg - OTC to RO/Special Case - All Related Objects/Designation'

2018-12-14 00:19:34 - [MESSAGE][PASSED] - Text 'Auto' is set on object 'Object Repository/Final Object Repo/New Registration - Registration Module Pages/New Reg - OTC to RO/Special Case - All Related Objects/Designation'

2018-12-14 00:19:34 - [TEST_STEP][PASSED] - callTestCase: Call Test Case 'Test Cases/Final Aug 2018 - PKS Automation/Registration Module/New Registration/Submit and Screenshot/Submit Registration and Screenshot' successfully

2018-12-14 00:19:34 - [TEST_CASE][PASSED] - Test Cases/Final Aug 2018 - PKS Automation/Registration Module/New Registration/Submit and Screenshot/Submit Registration and Screenshot: Test Cases/Final Aug 2018 - PKS Automation/Registration Module/New Registration/Submit and Screenshot/Submit Registration and Screenshot

2018-12-14 00:19:34 - [TEST_STEP][PASSED] - delay: Delayed 6 second(s)

2018-12-14 00:19:40 - [MESSAGE][PASSED] - Delayed 6 second(s)

2018-12-14 00:19:40 - [TEST_STEP][PASSED] - click: Object: 'Object Repository/Final Object Repo/New Registration - Registration Module Pages/Third Screen - Upload Supporting Doc- Preview/Preview Submit Button' is clicked on

2018-12-14 00:19:40 - [MESSAGE][PASSED] - Object: 'Object Repository/Final Object Repo/New Registration - Registration Module Pages/Third Screen - Upload Supporting Doc- Preview/Preview Submit Button' is clicked on

2018-12-14 00:19:40 - [TEST_STEP][PASSED] - delay: Delayed 2 second(s)

2018-12-14 00:19:42 - [MESSAGE][PASSED] - Delayed 2 second(s)

2018-12-14 00:19:42 - [TEST_STEP][PASSED] - click: Object: 'Object Repository/Final Object Repo/New Registration - Registration Module Pages/Third Screen - Upload Supporting Doc- Preview/Preview Submit - Confirm' is clicked on

2018-12-14 00:19:42 - [MESSAGE][PASSED] - Object: 'Object Repository/Final Object Repo/New Registration - Registration Module Pages/Third Screen - Upload Supporting Doc- Preview/Preview Submit - Confirm' is clicked on

2018-12-14 00:19:42 - [TEST_STEP][PASSED] - delay: Delayed 15 second(s)

2018-12-14 00:19:57 - [MESSAGE][PASSED] - Delayed 15 second(s)

2018-12-14 00:19:57 - [TEST_STEP][PASSED] - Statement - driver = com.kms.katalon.core.webui.driver.DriverFactory.getWebDriver(): null

2018-12-14 00:19:57 - [TEST_STEP][PASSED] - Statement - driver.manage().timeouts().implicitlyWait(10, SECONDS): null

2018-12-14 00:19:57 - [TEST_STEP][PASSED] - Statement - PresavePath = KatalonScreenshots: null

2018-12-14 00:19:57 - [TEST_STEP][PASSED] - Statement - pathPrefix = "C:\Users\Public\Pictures\Sample Pictures\Katalon Screenshots\Automate Ending Screen": null

2018-12-14 00:19:57 - [TEST_STEP][PASSED] - Statement - finalPath = <not implemented yet for class: org.codehaus.groovy.ast.expr.EmptyExpression>: null

2018-12-14 00:19:57 - [TEST_STEP][PASSED] - Statement - scrFile = driver.getScreenshotAs(FILE): null

2018-12-14 00:19:57 - [TEST_STEP][PASSED] - Statement - PreSaveFile = new java.io.File(PresavePath): null

2018-12-14 00:19:57 - [TEST_STEP][PASSED] - Statement - counter = 0: null

2018-12-14 00:19:57 - [TEST_STEP][PASSED] - Statement - If (PreSaveFile.exists()): null

2018-12-14 00:19:57 - [TEST_STEP][PASSED] - Statement - While (PreSaveFile.exists()): null

2018-12-14 00:19:57 - [TEST_STEP][PASSED] - Statement - counter = counter + 1: null

2018-12-14 00:19:57 - [TEST_STEP][PASSED] - Statement - PreSaveFile = new java.io.File(((pathPrefix + java.lang.Integer.toString(counter)) + .png)): null

2018-12-14 00:19:57 - [TEST_STEP][PASSED] - Statement - counter = counter + 1: null

2018-12-14 00:19:57 - [TEST_STEP][PASSED] - Statement - PreSaveFile = new java.io.File(((pathPrefix + java.lang.Integer.toString(counter)) + .png)): null

2018-12-14 00:19:57 - [TEST_STEP][PASSED] - Statement - counter = counter + 1: null

2018-12-14 00:19:57 - [TEST_STEP][PASSED] - Statement - PreSaveFile = new java.io.File(((pathPrefix + java.lang.Integer.toString(counter)) + .png)): null

2018-12-14 00:19:57 - [TEST_STEP][PASSED] - Statement - counter = counter + 1: null

2018-12-14 00:19:57 - [TEST_STEP][PASSED] - Statement - PreSaveFile = new java.io.File(((pathPrefix + java.lang.Integer.toString(counter)) + .png)): null

2018-12-14 00:19:57 - [TEST_STEP][PASSED] - Statement - counter = counter + 1: null

2018-12-14 00:19:57 - [TEST_STEP][PASSED] - Statement - PreSaveFile = new java.io.File(((pathPrefix + java.lang.Integer.toString(counter)) + .png)): null

2018-12-14 00:19:57 - [TEST_STEP][PASSED] - Statement - counter = counter + 1: null

2018-12-14 00:19:57 - [TEST_STEP][PASSED] - Statement - PreSaveFile = new java.io.File(((pathPrefix + java.lang.Integer.toString(counter)) + .png)): null

2018-12-14 00:19:57 - [TEST_STEP][PASSED] - Statement - counter = counter + 1: null

2018-12-14 00:19:57 - [TEST_STEP][PASSED] - Statement - PreSaveFile = new java.io.File(((pathPrefix + java.lang.Integer.toString(counter)) + .png)): null

2018-12-14 00:19:57 - [TEST_STEP][PASSED] - Statement - counter = counter + 1: null

2018-12-14 00:19:57 - [TEST_STEP][PASSED] - Statement - PreSaveFile = new java.io.File(((pathPrefix + java.lang.Integer.toString(counter)) + .png)): null

2018-12-14 00:19:57 - [TEST_STEP][PASSED] - Statement - counter = counter + 1: null

2018-12-14 00:19:57 - [TEST_STEP][PASSED] - Statement - PreSaveFile = new java.io.File(((pathPrefix + java.lang.Integer.toString(counter)) + .png)): null

2018-12-14 00:19:57 - [TEST_STEP][PASSED] - Statement - counter = counter + 1: null

2018-12-14 00:19:57 - [TEST_STEP][PASSED] - Statement - PreSaveFile = new java.io.File(((pathPrefix + java.lang.Integer.toString(counter)) + .png)): null

2018-12-14 00:19:57 - [TEST_STEP][PASSED] - Statement - counter = counter + 1: null

2018-12-14 00:19:57 - [TEST_STEP][PASSED] - Statement - PreSaveFile = new java.io.File(((pathPrefix + java.lang.Integer.toString(counter)) + .png)): null

2018-12-14 00:19:57 - [TEST_STEP][PASSED] - Statement - counter = counter + 1: null

2018-12-14 00:19:57 - [TEST_STEP][PASSED] - Statement - PreSaveFile = new java.io.File(((pathPrefix + java.lang.Integer.toString(counter)) + .png)): null

2018-12-14 00:19:57 - [TEST_STEP][PASSED] - Statement - counter = counter + 1: null

2018-12-14 00:19:57 - [TEST_STEP][PASSED] - Statement - PreSaveFile = new java.io.File(((pathPrefix + java.lang.Integer.toString(counter)) + .png)): null

2018-12-14 00:19:57 - [TEST_STEP][PASSED] - Statement - counter = counter + 1: null

2018-12-14 00:19:57 - [TEST_STEP][PASSED] - Statement - PreSaveFile = new java.io.File(((pathPrefix + java.lang.Integer.toString(counter)) + .png)): null

2018-12-14 00:19:57 - [TEST_STEP][PASSED] - Statement - counter = counter + 1: null

2018-12-14 00:19:57 - [TEST_STEP][PASSED] - Statement - PreSaveFile = new java.io.File(((pathPrefix + java.lang.Integer.toString(counter)) + .png)): null

2018-12-14 00:19:57 - [TEST_STEP][PASSED] - Statement - counter = counter + 1: null

2018-12-14 00:19:57 - [TEST_STEP][PASSED] - Statement - PreSaveFile = new java.io.File(((pathPrefix + java.lang.Integer.toString(counter)) + .png)): null

2018-12-14 00:19:57 - [TEST_STEP][PASSED] - Statement - counter = counter + 1: null

2018-12-14 00:19:57 - [TEST_STEP][PASSED] - Statement - PreSaveFile = new java.io.File(((pathPrefix + java.lang.Integer.toString(counter)) + .png)): null

2018-12-14 00:19:57 - [TEST_STEP][PASSED] - Statement - counter = counter + 1: null

2018-12-14 00:19:57 - [TEST_STEP][PASSED] - Statement - PreSaveFile = new java.io.File(((pathPrefix + java.lang.Integer.toString(counter)) + .png)): null

2018-12-14 00:19:57 - [TEST_STEP][PASSED] - Statement - counter = counter + 1: null

2018-12-14 00:19:57 - [TEST_STEP][PASSED] - Statement - PreSaveFile = new java.io.File(((pathPrefix + java.lang.Integer.toString(counter)) + .png)): null

2018-12-14 00:19:57 - [TEST_STEP][PASSED] - Statement - counter = counter + 1: null

2018-12-14 00:19:57 - [TEST_STEP][PASSED] - Statement - PreSaveFile = new java.io.File(((pathPrefix + java.lang.Integer.toString(counter)) + .png)): null

2018-12-14 00:19:57 - [TEST_STEP][PASSED] - Statement - counter = counter + 1: null

2018-12-14 00:19:57 - [TEST_STEP][PASSED] - Statement - PreSaveFile = new java.io.File(((pathPrefix + java.lang.Integer.toString(counter)) + .png)): null

2018-12-14 00:19:57 - [TEST_STEP][PASSED] - Statement - counter = counter + 1: null

2018-12-14 00:19:57 - [TEST_STEP][PASSED] - Statement - PreSaveFile = new java.io.File(((pathPrefix + java.lang.Integer.toString(counter)) + .png)): null

2018-12-14 00:19:57 - [TEST_STEP][PASSED] - Statement - counter = counter + 1: null

2018-12-14 00:19:57 - [TEST_STEP][PASSED] - Statement - PreSaveFile = new java.io.File(((pathPrefix + java.lang.Integer.toString(counter)) + .png)): null

2018-12-14 00:19:57 - [TEST_STEP][PASSED] - Statement - counter = counter + 1: null

2018-12-14 00:19:57 - [TEST_STEP][PASSED] - Statement - PreSaveFile = new java.io.File(((pathPrefix + java.lang.Integer.toString(counter)) + .png)): null

2018-12-14 00:19:57 - [TEST_STEP][PASSED] - Statement - counter = counter + 1: null

2018-12-14 00:19:57 - [TEST_STEP][PASSED] - Statement - PreSaveFile = new java.io.File(((pathPrefix + java.lang.Integer.toString(counter)) + .png)): null

2018-12-14 00:19:57 - [TEST_STEP][PASSED] - Statement - counter = counter + 1: null

2018-12-14 00:19:57 - [TEST_STEP][PASSED] - Statement - PreSaveFile = new java.io.File(((pathPrefix + java.lang.Integer.toString(counter)) + .png)): null

2018-12-14 00:19:57 - [TEST_STEP][PASSED] - Statement - counter = counter + 1: null

2018-12-14 00:19:57 - [TEST_STEP][PASSED] - Statement - PreSaveFile = new java.io.File(((pathPrefix + java.lang.Integer.toString(counter)) + .png)): null

2018-12-14 00:19:57 - [TEST_STEP][PASSED] - Statement - counter = counter + 1: null

2018-12-14 00:19:57 - [TEST_STEP][PASSED] - Statement - PreSaveFile = new java.io.File(((pathPrefix + java.lang.Integer.toString(counter)) + .png)): null

2018-12-14 00:19:57 - [TEST_STEP][PASSED] - Statement - counter = counter + 1: null

2018-12-14 00:19:57 - [TEST_STEP][PASSED] - Statement - PreSaveFile = new java.io.File(((pathPrefix + java.lang.Integer.toString(counter)) + .png)): null

2018-12-14 00:19:57 - [TEST_STEP][PASSED] - Statement - counter = counter + 1: null

2018-12-14 00:19:57 - [TEST_STEP][PASSED] - Statement - PreSaveFile = new java.io.File(((pathPrefix + java.lang.Integer.toString(counter)) + .png)): null

2018-12-14 00:19:57 - [TEST_STEP][PASSED] - Statement - counter = counter + 1: null

2018-12-14 00:19:57 - [TEST_STEP][PASSED] - Statement - PreSaveFile = new java.io.File(((pathPrefix + java.lang.Integer.toString(counter)) + .png)): null

2018-12-14 00:19:57 - [TEST_STEP][PASSED] - Statement - counter = counter + 1: null

2018-12-14 00:19:57 - [TEST_STEP][PASSED] - Statement - PreSaveFile = new java.io.File(((pathPrefix + java.lang.Integer.toString(counter)) + .png)): null

2018-12-14 00:19:57 - [TEST_STEP][PASSED] - Statement - counter = counter + 1: null

2018-12-14 00:19:57 - [TEST_STEP][PASSED] - Statement - PreSaveFile = new java.io.File(((pathPrefix + java.lang.Integer.toString(counter)) + .png)): null

2018-12-14 00:19:57 - [TEST_STEP][PASSED] - Statement - counter = counter + 1: null

2018-12-14 00:19:57 - [TEST_STEP][PASSED] - Statement - PreSaveFile = new java.io.File(((pathPrefix + java.lang.Integer.toString(counter)) + .png)): null

2018-12-14 00:19:57 - [TEST_STEP][PASSED] - Statement - counter = counter + 1: null

2018-12-14 00:19:57 - [TEST_STEP][PASSED] - Statement - PreSaveFile = new java.io.File(((pathPrefix + java.lang.Integer.toString(counter)) + .png)): null

2018-12-14 00:19:57 - [TEST_STEP][PASSED] - Statement - counter = counter + 1: null

2018-12-14 00:19:57 - [TEST_STEP][PASSED] - Statement - PreSaveFile = new java.io.File(((pathPrefix + java.lang.Integer.toString(counter)) + .png)): null

2018-12-14 00:19:57 - [TEST_STEP][PASSED] - Statement - counter = counter + 1: null

2018-12-14 00:19:57 - [TEST_STEP][PASSED] - Statement - PreSaveFile = new java.io.File(((pathPrefix + java.lang.Integer.toString(counter)) + .png)): null

2018-12-14 00:19:57 - [TEST_STEP][PASSED] - Statement - counter = counter + 1: null

2018-12-14 00:19:57 - [TEST_STEP][PASSED] - Statement - PreSaveFile = new java.io.File(((pathPrefix + java.lang.Integer.toString(counter)) + .png)): null

2018-12-14 00:19:57 - [TEST_STEP][PASSED] - Statement - counter = counter + 1: null

2018-12-14 00:19:57 - [TEST_STEP][PASSED] - Statement - PreSaveFile = new java.io.File(((pathPrefix + java.lang.Integer.toString(counter)) + .png)): null

2018-12-14 00:19:57 - [TEST_STEP][PASSED] - Statement - counter = counter + 1: null

2018-12-14 00:19:57 - [TEST_STEP][PASSED] - Statement - PreSaveFile = new java.io.File(((pathPrefix + java.lang.Integer.toString(counter)) + .png)): null

2018-12-14 00:19:57 - [TEST_STEP][PASSED] - Statement - counter = counter + 1: null

2018-12-14 00:19:57 - [TEST_STEP][PASSED] - Statement - PreSaveFile = new java.io.File(((pathPrefix + java.lang.Integer.toString(counter)) + .png)): null

2018-12-14 00:19:57 - [TEST_STEP][PASSED] - Statement - counter = counter + 1: null

2018-12-14 00:19:57 - [TEST_STEP][PASSED] - Statement - PreSaveFile = new java.io.File(((pathPrefix + java.lang.Integer.toString(counter)) + .png)): null

2018-12-14 00:19:57 - [TEST_STEP][PASSED] - Statement - counter = counter + 1: null

2018-12-14 00:19:57 - [TEST_STEP][PASSED] - Statement - PreSaveFile = new java.io.File(((pathPrefix + java.lang.Integer.toString(counter)) + .png)): null

2018-12-14 00:19:57 - [TEST_STEP][PASSED] - Statement - counter = counter + 1: null

2018-12-14 00:19:57 - [TEST_STEP][PASSED] - Statement - PreSaveFile = new java.io.File(((pathPrefix + java.lang.Integer.toString(counter)) + .png)): null

2018-12-14 00:19:57 - [TEST_STEP][PASSED] - Statement - counter = counter + 1: null

2018-12-14 00:19:57 - [TEST_STEP][PASSED] - Statement - PreSaveFile = new java.io.File(((pathPrefix + java.lang.Integer.toString(counter)) + .png)): null

2018-12-14 00:19:57 - [TEST_STEP][PASSED] - Statement - counter = counter + 1: null

2018-12-14 00:19:57 - [TEST_STEP][PASSED] - Statement - PreSaveFile = new java.io.File(((pathPrefix + java.lang.Integer.toString(counter)) + .png)): null

2018-12-14 00:19:57 - [TEST_STEP][PASSED] - Statement - counter = counter + 1: null

2018-12-14 00:19:57 - [TEST_STEP][PASSED] - Statement - PreSaveFile = new java.io.File(((pathPrefix + java.lang.Integer.toString(counter)) + .png)): null

2018-12-14 00:19:57 - [TEST_STEP][PASSED] - Statement - counter = counter + 1: null

2018-12-14 00:19:57 - [TEST_STEP][PASSED] - Statement - PreSaveFile = new java.io.File(((pathPrefix + java.lang.Integer.toString(counter)) + .png)): null

2018-12-14 00:19:57 - [TEST_STEP][PASSED] - Statement - counter = counter + 1: null

2018-12-14 00:19:57 - [TEST_STEP][PASSED] - Statement - PreSaveFile = new java.io.File(((pathPrefix + java.lang.Integer.toString(counter)) + .png)): null

2018-12-14 00:19:57 - [TEST_STEP][PASSED] - Statement - counter = counter + 1: null

2018-12-14 00:19:57 - [TEST_STEP][PASSED] - Statement - PreSaveFile = new java.io.File(((pathPrefix + java.lang.Integer.toString(counter)) + .png)): null

2018-12-14 00:19:57 - [TEST_STEP][PASSED] - Statement - counter = counter + 1: null

2018-12-14 00:19:57 - [TEST_STEP][PASSED] - Statement - PreSaveFile = new java.io.File(((pathPrefix + java.lang.Integer.toString(counter)) + .png)): null

2018-12-14 00:19:57 - [TEST_STEP][PASSED] - Statement - counter = counter + 1: null

2018-12-14 00:19:57 - [TEST_STEP][PASSED] - Statement - PreSaveFile = new java.io.File(((pathPrefix + java.lang.Integer.toString(counter)) + .png)): null

2018-12-14 00:19:57 - [TEST_STEP][PASSED] - Statement - counter = counter + 1: null

2018-12-14 00:19:57 - [TEST_STEP][PASSED] - Statement - PreSaveFile = new java.io.File(((pathPrefix + java.lang.Integer.toString(counter)) + .png)): null

2018-12-14 00:19:57 - [TEST_STEP][PASSED] - Statement - counter = counter + 1: null

2018-12-14 00:19:57 - [TEST_STEP][PASSED] - Statement - PreSaveFile = new java.io.File(((pathPrefix + java.lang.Integer.toString(counter)) + .png)): null

2018-12-14 00:19:57 - [TEST_STEP][PASSED] - Statement - counter = counter + 1: null

2018-12-14 00:19:57 - [TEST_STEP][PASSED] - Statement - PreSaveFile = new java.io.File(((pathPrefix + java.lang.Integer.toString(counter)) + .png)): null

2018-12-14 00:19:57 - [TEST_STEP][PASSED] - Statement - counter = counter + 1: null

2018-12-14 00:19:57 - [TEST_STEP][PASSED] - Statement - PreSaveFile = new java.io.File(((pathPrefix + java.lang.Integer.toString(counter)) + .png)): null

2018-12-14 00:19:57 - [TEST_STEP][PASSED] - Statement - counter = counter + 1: null

2018-12-14 00:19:57 - [TEST_STEP][PASSED] - Statement - PreSaveFile = new java.io.File(((pathPrefix + java.lang.Integer.toString(counter)) + .png)): null

2018-12-14 00:19:57 - [TEST_STEP][PASSED] - Statement - counter = counter + 1: null

2018-12-14 00:19:57 - [TEST_STEP][PASSED] - Statement - PreSaveFile = new java.io.File(((pathPrefix + java.lang.Integer.toString(counter)) + .png)): null

2018-12-14 00:19:57 - [TEST_STEP][PASSED] - Statement - counter = counter + 1: null

2018-12-14 00:19:57 - [TEST_STEP][PASSED] - Statement - PreSaveFile = new java.io.File(((pathPrefix + java.lang.Integer.toString(counter)) + .png)): null

2018-12-14 00:19:57 - [TEST_STEP][PASSED] - Statement - counter = counter + 1: null

2018-12-14 00:19:57 - [TEST_STEP][PASSED] - Statement - PreSaveFile = new java.io.File(((pathPrefix + java.lang.Integer.toString(counter)) + .png)): null

2018-12-14 00:19:57 - [TEST_STEP][PASSED] - Statement - counter = counter + 1: null

2018-12-14 00:19:57 - [TEST_STEP][PASSED] - Statement - PreSaveFile = new java.io.File(((pathPrefix + java.lang.Integer.toString(counter)) + .png)): null

2018-12-14 00:19:57 - [TEST_STEP][PASSED] - Statement - counter = counter + 1: null

2018-12-14 00:19:57 - [TEST_STEP][PASSED] - Statement - PreSaveFile = new java.io.File(((pathPrefix + java.lang.Integer.toString(counter)) + .png)): null

2018-12-14 00:19:57 - [TEST_STEP][PASSED] - Statement - counter = counter + 1: null

2018-12-14 00:19:57 - [TEST_STEP][PASSED] - Statement - PreSaveFile = new java.io.File(((pathPrefix + java.lang.Integer.toString(counter)) + .png)): null

2018-12-14 00:19:57 - [TEST_STEP][PASSED] - Statement - counter = counter + 1: null

2018-12-14 00:19:57 - [TEST_STEP][PASSED] - Statement - PreSaveFile = new java.io.File(((pathPrefix + java.lang.Integer.toString(counter)) + .png)): null

2018-12-14 00:19:58 - [TEST_STEP][PASSED] - Statement - counter = counter + 1: null

2018-12-14 00:19:58 - [TEST_STEP][PASSED] - Statement - PreSaveFile = new java.io.File(((pathPrefix + java.lang.Integer.toString(counter)) + .png)): null

2018-12-14 00:19:58 - [TEST_STEP][PASSED] - Statement - counter = counter + 1: null

2018-12-14 00:19:58 - [TEST_STEP][PASSED] - Statement - PreSaveFile = new java.io.File(((pathPrefix + java.lang.Integer.toString(counter)) + .png)): null

2018-12-14 00:19:58 - [TEST_STEP][PASSED] - Statement - counter = counter + 1: null

2018-12-14 00:19:58 - [TEST_STEP][PASSED] - Statement - PreSaveFile = new java.io.File(((pathPrefix + java.lang.Integer.toString(counter)) + .png)): null

2018-12-14 00:19:58 - [TEST_STEP][PASSED] - Statement - counter = counter + 1: null

2018-12-14 00:19:58 - [TEST_STEP][PASSED] - Statement - PreSaveFile = new java.io.File(((pathPrefix + java.lang.Integer.toString(counter)) + .png)): null

2018-12-14 00:19:58 - [TEST_STEP][PASSED] - Statement - counter = counter + 1: null

2018-12-14 00:19:58 - [TEST_STEP][PASSED] - Statement - PreSaveFile = new java.io.File(((pathPrefix + java.lang.Integer.toString(counter)) + .png)): null

2018-12-14 00:19:58 - [TEST_STEP][PASSED] - Statement - counter = counter + 1: null

2018-12-14 00:19:58 - [TEST_STEP][PASSED] - Statement - PreSaveFile = new java.io.File(((pathPrefix + java.lang.Integer.toString(counter)) + .png)): null

2018-12-14 00:19:58 - [TEST_STEP][PASSED] - Statement - counter = counter + 1: null

2018-12-14 00:19:58 - [TEST_STEP][PASSED] - Statement - PreSaveFile = new java.io.File(((pathPrefix + java.lang.Integer.toString(counter)) + .png)): null

2018-12-14 00:19:58 - [TEST_STEP][PASSED] - Statement - counter = counter + 1: null

2018-12-14 00:19:58 - [TEST_STEP][PASSED] - Statement - PreSaveFile = new java.io.File(((pathPrefix + java.lang.Integer.toString(counter)) + .png)): null

2018-12-14 00:19:58 - [TEST_STEP][PASSED] - Statement - counter = counter + 1: null

2018-12-14 00:19:58 - [TEST_STEP][PASSED] - Statement - PreSaveFile = new java.io.File(((pathPrefix + java.lang.Integer.toString(counter)) + .png)): null

2018-12-14 00:19:58 - [TEST_STEP][PASSED] - Statement - counter = counter + 1: null

2018-12-14 00:19:58 - [TEST_STEP][PASSED] - Statement - PreSaveFile = new java.io.File(((pathPrefix + java.lang.Integer.toString(counter)) + .png)): null

2018-12-14 00:19:58 - [TEST_STEP][PASSED] - Statement - counter = counter + 1: null

2018-12-14 00:19:58 - [TEST_STEP][PASSED] - Statement - PreSaveFile = new java.io.File(((pathPrefix + java.lang.Integer.toString(counter)) + .png)): null

2018-12-14 00:19:58 - [TEST_STEP][PASSED] - Statement - counter = counter + 1: null

2018-12-14 00:19:58 - [TEST_STEP][PASSED] - Statement - PreSaveFile = new java.io.File(((pathPrefix + java.lang.Integer.toString(counter)) + .png)): null

2018-12-14 00:19:58 - [TEST_STEP][PASSED] - Statement - counter = counter + 1: null

2018-12-14 00:19:58 - [TEST_STEP][PASSED] - Statement - PreSaveFile = new java.io.File(((pathPrefix + java.lang.Integer.toString(counter)) + .png)): null

2018-12-14 00:19:58 - [TEST_STEP][PASSED] - Statement - counter = counter + 1: null

2018-12-14 00:19:58 - [TEST_STEP][PASSED] - Statement - PreSaveFile = new java.io.File(((pathPrefix + java.lang.Integer.toString(counter)) + .png)): null

2018-12-14 00:19:58 - [TEST_STEP][PASSED] - Statement - counter = counter + 1: null

2018-12-14 00:19:58 - [TEST_STEP][PASSED] - Statement - PreSaveFile = new java.io.File(((pathPrefix + java.lang.Integer.toString(counter)) + .png)): null

2018-12-14 00:19:58 - [TEST_STEP][PASSED] - Statement - counter = counter + 1: null

2018-12-14 00:19:58 - [TEST_STEP][PASSED] - Statement - PreSaveFile = new java.io.File(((pathPrefix + java.lang.Integer.toString(counter)) + .png)): null

2018-12-14 00:19:58 - [TEST_STEP][PASSED] - Statement - counter = counter + 1: null

2018-12-14 00:19:58 - [TEST_STEP][PASSED] - Statement - PreSaveFile = new java.io.File(((pathPrefix + java.lang.Integer.toString(counter)) + .png)): null

2018-12-14 00:19:58 - [TEST_STEP][PASSED] - Statement - counter = counter + 1: null

2018-12-14 00:19:58 - [TEST_STEP][PASSED] - Statement - PreSaveFile = new java.io.File(((pathPrefix + java.lang.Integer.toString(counter)) + .png)): null

2018-12-14 00:19:58 - [TEST_STEP][PASSED] - Statement - counter = counter + 1: null

2018-12-14 00:19:58 - [TEST_STEP][PASSED] - Statement - PreSaveFile = new java.io.File(((pathPrefix + java.lang.Integer.toString(counter)) + .png)): null

2018-12-14 00:19:58 - [TEST_STEP][PASSED] - Statement - counter = counter + 1: null

2018-12-14 00:19:58 - [TEST_STEP][PASSED] - Statement - PreSaveFile = new java.io.File(((pathPrefix + java.lang.Integer.toString(counter)) + .png)): null

2018-12-14 00:19:58 - [TEST_STEP][PASSED] - Statement - counter = counter + 1: null

2018-12-14 00:19:58 - [TEST_STEP][PASSED] - Statement - PreSaveFile = new java.io.File(((pathPrefix + java.lang.Integer.toString(counter)) + .png)): null

2018-12-14 00:19:58 - [TEST_STEP][PASSED] - Statement - counter = counter + 1: null

2018-12-14 00:19:58 - [TEST_STEP][PASSED] - Statement - PreSaveFile = new java.io.File(((pathPrefix + java.lang.Integer.toString(counter)) + .png)): null

2018-12-14 00:19:58 - [TEST_STEP][PASSED] - Statement - counter = counter + 1: null

2018-12-14 00:19:58 - [TEST_STEP][PASSED] - Statement - PreSaveFile = new java.io.File(((pathPrefix + java.lang.Integer.toString(counter)) + .png)): null

2018-12-14 00:19:58 - [TEST_STEP][PASSED] - Statement - counter = counter + 1: null

2018-12-14 00:19:58 - [TEST_STEP][PASSED] - Statement - PreSaveFile = new java.io.File(((pathPrefix + java.lang.Integer.toString(counter)) + .png)): null

2018-12-14 00:19:58 - [TEST_STEP][PASSED] - Statement - counter = counter + 1: null

2018-12-14 00:19:58 - [TEST_STEP][PASSED] - Statement - PreSaveFile = new java.io.File(((pathPrefix + java.lang.Integer.toString(counter)) + .png)): null

2018-12-14 00:19:58 - [TEST_STEP][PASSED] - Statement - counter = counter + 1: null

2018-12-14 00:19:58 - [TEST_STEP][PASSED] - Statement - PreSaveFile = new java.io.File(((pathPrefix + java.lang.Integer.toString(counter)) + .png)): null

2018-12-14 00:19:58 - [TEST_STEP][PASSED] - Statement - counter = counter + 1: null

2018-12-14 00:19:58 - [TEST_STEP][PASSED] - Statement - PreSaveFile = new java.io.File(((pathPrefix + java.lang.Integer.toString(counter)) + .png)): null

2018-12-14 00:19:58 - [TEST_STEP][PASSED] - Statement - counter = counter + 1: null

2018-12-14 00:19:58 - [TEST_STEP][PASSED] - Statement - PreSaveFile = new java.io.File(((pathPrefix + java.lang.Integer.toString(counter)) + .png)): null

2018-12-14 00:19:58 - [TEST_STEP][PASSED] - Statement - counter = counter + 1: null

2018-12-14 00:19:58 - [TEST_STEP][PASSED] - Statement - PreSaveFile = new java.io.File(((pathPrefix + java.lang.Integer.toString(counter)) + .png)): null

2018-12-14 00:19:58 - [TEST_STEP][PASSED] - Statement - counter = counter + 1: null

2018-12-14 00:19:58 - [TEST_STEP][PASSED] - Statement - PreSaveFile = new java.io.File(((pathPrefix + java.lang.Integer.toString(counter)) + .png)): null

2018-12-14 00:19:58 - [TEST_STEP][PASSED] - Statement - counter = counter + 1: null

2018-12-14 00:19:58 - [TEST_STEP][PASSED] - Statement - PreSaveFile = new java.io.File(((pathPrefix + java.lang.Integer.toString(counter)) + .png)): null

2018-12-14 00:19:58 - [TEST_STEP][PASSED] - Statement - counter = counter + 1: null

2018-12-14 00:19:58 - [TEST_STEP][PASSED] - Statement - PreSaveFile = new java.io.File(((pathPrefix + java.lang.Integer.toString(counter)) + .png)): null

2018-12-14 00:19:58 - [TEST_STEP][PASSED] - Statement - counter = counter + 1: null

2018-12-14 00:19:58 - [TEST_STEP][PASSED] - Statement - PreSaveFile = new java.io.File(((pathPrefix + java.lang.Integer.toString(counter)) + .png)): null

2018-12-14 00:19:58 - [TEST_STEP][PASSED] - Statement - counter = counter + 1: null

2018-12-14 00:19:58 - [TEST_STEP][PASSED] - Statement - PreSaveFile = new java.io.File(((pathPrefix + java.lang.Integer.toString(counter)) + .png)): null

2018-12-14 00:19:58 - [TEST_STEP][PASSED] - Statement - counter = counter + 1: null

2018-12-14 00:19:58 - [TEST_STEP][PASSED] - Statement - PreSaveFile = new java.io.File(((pathPrefix + java.lang.Integer.toString(counter)) + .png)): null

2018-12-14 00:19:58 - [TEST_STEP][PASSED] - Statement - counter = counter + 1: null

2018-12-14 00:19:58 - [TEST_STEP][PASSED] - Statement - PreSaveFile = new java.io.File(((pathPrefix + java.lang.Integer.toString(counter)) + .png)): null

2018-12-14 00:19:58 - [TEST_STEP][PASSED] - Statement - counter = counter + 1: null

2018-12-14 00:19:58 - [TEST_STEP][PASSED] - Statement - PreSaveFile = new java.io.File(((pathPrefix + java.lang.Integer.toString(counter)) + .png)): null

2018-12-14 00:19:58 - [TEST_STEP][PASSED] - Statement - counter = counter + 1: null

2018-12-14 00:19:58 - [TEST_STEP][PASSED] - Statement - PreSaveFile = new java.io.File(((pathPrefix + java.lang.Integer.toString(counter)) + .png)): null

2018-12-14 00:19:58 - [TEST_STEP][PASSED] - Statement - counter = counter + 1: null

2018-12-14 00:19:58 - [TEST_STEP][PASSED] - Statement - PreSaveFile = new java.io.File(((pathPrefix + java.lang.Integer.toString(counter)) + .png)): null

2018-12-14 00:19:58 - [TEST_STEP][PASSED] - Statement - counter = counter + 1: null

2018-12-14 00:19:58 - [TEST_STEP][PASSED] - Statement - PreSaveFile = new java.io.File(((pathPrefix + java.lang.Integer.toString(counter)) + .png)): null

2018-12-14 00:19:58 - [TEST_STEP][PASSED] - Statement - counter = counter + 1: null

2018-12-14 00:19:58 - [TEST_STEP][PASSED] - Statement - PreSaveFile = new java.io.File(((pathPrefix + java.lang.Integer.toString(counter)) + .png)): null

2018-12-14 00:19:58 - [TEST_STEP][PASSED] - Statement - counter = counter + 1: null

2018-12-14 00:19:58 - [TEST_STEP][PASSED] - Statement - PreSaveFile = new java.io.File(((pathPrefix + java.lang.Integer.toString(counter)) + .png)): null

2018-12-14 00:19:58 - [TEST_STEP][PASSED] - Statement - counter = counter + 1: null

2018-12-14 00:19:58 - [TEST_STEP][PASSED] - Statement - PreSaveFile = new java.io.File(((pathPrefix + java.lang.Integer.toString(counter)) + .png)): null

2018-12-14 00:19:58 - [TEST_STEP][PASSED] - Statement - counter = counter + 1: null

2018-12-14 00:19:58 - [TEST_STEP][PASSED] - Statement - PreSaveFile = new java.io.File(((pathPrefix + java.lang.Integer.toString(counter)) + .png)): null

2018-12-14 00:19:58 - [TEST_STEP][PASSED] - Statement - counter = counter + 1: null

2018-12-14 00:19:58 - [TEST_STEP][PASSED] - Statement - PreSaveFile = new java.io.File(((pathPrefix + java.lang.Integer.toString(counter)) + .png)): null

2018-12-14 00:19:58 - [TEST_STEP][PASSED] - Statement - counter = counter + 1: null

2018-12-14 00:19:58 - [TEST_STEP][PASSED] - Statement - PreSaveFile = new java.io.File(((pathPrefix + java.lang.Integer.toString(counter)) + .png)): null

2018-12-14 00:19:58 - [TEST_STEP][PASSED] - Statement - counter = counter + 1: null

2018-12-14 00:19:58 - [TEST_STEP][PASSED] - Statement - PreSaveFile = new java.io.File(((pathPrefix + java.lang.Integer.toString(counter)) + .png)): null

2018-12-14 00:19:58 - [TEST_STEP][PASSED] - Statement - counter = counter + 1: null

2018-12-14 00:19:58 - [TEST_STEP][PASSED] - Statement - PreSaveFile = new java.io.File(((pathPrefix + java.lang.Integer.toString(counter)) + .png)): null

2018-12-14 00:19:58 - [TEST_STEP][PASSED] - Statement - counter = counter + 1: null

2018-12-14 00:19:58 - [TEST_STEP][PASSED] - Statement - PreSaveFile = new java.io.File(((pathPrefix + java.lang.Integer.toString(counter)) + .png)): null

2018-12-14 00:19:58 - [TEST_STEP][PASSED] - Statement - counter = counter + 1: null

2018-12-14 00:19:58 - [TEST_STEP][PASSED] - Statement - PreSaveFile = new java.io.File(((pathPrefix + java.lang.Integer.toString(counter)) + .png)): null

2018-12-14 00:19:58 - [TEST_STEP][PASSED] - Statement - counter = counter + 1: null

2018-12-14 00:19:58 - [TEST_STEP][PASSED] - Statement - PreSaveFile = new java.io.File(((pathPrefix + java.lang.Integer.toString(counter)) + .png)): null

2018-12-14 00:19:58 - [TEST_STEP][PASSED] - Statement - counter = counter + 1: null

2018-12-14 00:19:58 - [TEST_STEP][PASSED] - Statement - PreSaveFile = new java.io.File(((pathPrefix + java.lang.Integer.toString(counter)) + .png)): null

2018-12-14 00:19:58 - [TEST_STEP][PASSED] - Statement - counter = counter + 1: null

2018-12-14 00:19:58 - [TEST_STEP][PASSED] - Statement - PreSaveFile = new java.io.File(((pathPrefix + java.lang.Integer.toString(counter)) + .png)): null

2018-12-14 00:19:58 - [TEST_STEP][PASSED] - Statement - counter = counter + 1: null

2018-12-14 00:19:58 - [TEST_STEP][PASSED] - Statement - PreSaveFile = new java.io.File(((pathPrefix + java.lang.Integer.toString(counter)) + .png)): null

2018-12-14 00:19:58 - [TEST_STEP][PASSED] - Statement - counter = counter + 1: null

2018-12-14 00:19:58 - [TEST_STEP][PASSED] - Statement - PreSaveFile = new java.io.File(((pathPrefix + java.lang.Integer.toString(counter)) + .png)): null

2018-12-14 00:19:58 - [TEST_STEP][PASSED] - Statement - counter = counter + 1: null

2018-12-14 00:19:58 - [TEST_STEP][PASSED] - Statement - PreSaveFile = new java.io.File(((pathPrefix + java.lang.Integer.toString(counter)) + .png)): null

2018-12-14 00:19:58 - [TEST_STEP][PASSED] - Statement - counter = counter + 1: null

2018-12-14 00:19:58 - [TEST_STEP][PASSED] - Statement - PreSaveFile = new java.io.File(((pathPrefix + java.lang.Integer.toString(counter)) + .png)): null

2018-12-14 00:19:58 - [TEST_STEP][PASSED] - Statement - counter = counter + 1: null

2018-12-14 00:19:58 - [TEST_STEP][PASSED] - Statement - PreSaveFile = new java.io.File(((pathPrefix + java.lang.Integer.toString(counter)) + .png)): null

2018-12-14 00:19:58 - [TEST_STEP][PASSED] - Statement - counter = counter + 1: null

2018-12-14 00:19:58 - [TEST_STEP][PASSED] - Statement - PreSaveFile = new java.io.File(((pathPrefix + java.lang.Integer.toString(counter)) + .png)): null

2018-12-14 00:19:58 - [TEST_STEP][PASSED] - Statement - counter = counter + 1: null

2018-12-14 00:19:58 - [TEST_STEP][PASSED] - Statement - PreSaveFile = new java.io.File(((pathPrefix + java.lang.Integer.toString(counter)) + .png)): null

2018-12-14 00:19:58 - [TEST_STEP][PASSED] - Statement - counter = counter + 1: null

2018-12-14 00:19:58 - [TEST_STEP][PASSED] - Statement - PreSaveFile = new java.io.File(((pathPrefix + java.lang.Integer.toString(counter)) + .png)): null

2018-12-14 00:19:58 - [TEST_STEP][PASSED] - Statement - counter = counter + 1: null

2018-12-14 00:19:58 - [TEST_STEP][PASSED] - Statement - PreSaveFile = new java.io.File(((pathPrefix + java.lang.Integer.toString(counter)) + .png)): null

2018-12-14 00:19:58 - [TEST_STEP][PASSED] - Statement - counter = counter + 1: null

2018-12-14 00:19:58 - [TEST_STEP][PASSED] - Statement - PreSaveFile = new java.io.File(((pathPrefix + java.lang.Integer.toString(counter)) + .png)): null

2018-12-14 00:19:58 - [TEST_STEP][PASSED] - Statement - counter = counter + 1: null

2018-12-14 00:19:58 - [TEST_STEP][PASSED] - Statement - PreSaveFile = new java.io.File(((pathPrefix + java.lang.Integer.toString(counter)) + .png)): null

2018-12-14 00:19:58 - [TEST_STEP][PASSED] - Statement - counter = counter + 1: null

2018-12-14 00:19:58 - [TEST_STEP][PASSED] - Statement - PreSaveFile = new java.io.File(((pathPrefix + java.lang.Integer.toString(counter)) + .png)): null

2018-12-14 00:19:58 - [TEST_STEP][PASSED] - Statement - counter = counter + 1: null

2018-12-14 00:19:58 - [TEST_STEP][PASSED] - Statement - PreSaveFile = new java.io.File(((pathPrefix + java.lang.Integer.toString(counter)) + .png)): null

2018-12-14 00:19:58 - [TEST_STEP][PASSED] - Statement - counter = counter + 1: null

2018-12-14 00:19:58 - [TEST_STEP][PASSED] - Statement - PreSaveFile = new java.io.File(((pathPrefix + java.lang.Integer.toString(counter)) + .png)): null

2018-12-14 00:19:58 - [TEST_STEP][PASSED] - Statement - counter = counter + 1: null

2018-12-14 00:19:58 - [TEST_STEP][PASSED] - Statement - PreSaveFile = new java.io.File(((pathPrefix + java.lang.Integer.toString(counter)) + .png)): null

2018-12-14 00:19:58 - [TEST_STEP][PASSED] - Statement - counter = counter + 1: null

2018-12-14 00:19:58 - [TEST_STEP][PASSED] - Statement - PreSaveFile = new java.io.File(((pathPrefix + java.lang.Integer.toString(counter)) + .png)): null

2018-12-14 00:19:58 - [TEST_STEP][PASSED] - Statement - counter = counter + 1: null

2018-12-14 00:19:58 - [TEST_STEP][PASSED] - Statement - PreSaveFile = new java.io.File(((pathPrefix + java.lang.Integer.toString(counter)) + .png)): null

2018-12-14 00:19:58 - [TEST_STEP][PASSED] - Statement - counter = counter + 1: null

2018-12-14 00:19:58 - [TEST_STEP][PASSED] - Statement - PreSaveFile = new java.io.File(((pathPrefix + java.lang.Integer.toString(counter)) + .png)): null

2018-12-14 00:19:58 - [TEST_STEP][PASSED] - Statement - counter = counter + 1: null

2018-12-14 00:19:58 - [TEST_STEP][PASSED] - Statement - PreSaveFile = new java.io.File(((pathPrefix + java.lang.Integer.toString(counter)) + .png)): null

2018-12-14 00:19:58 - [TEST_STEP][PASSED] - Statement - counter = counter + 1: null

2018-12-14 00:19:58 - [TEST_STEP][PASSED] - Statement - PreSaveFile = new java.io.File(((pathPrefix + java.lang.Integer.toString(counter)) + .png)): null

2018-12-14 00:19:58 - [TEST_STEP][PASSED] - Statement - counter = counter + 1: null

2018-12-14 00:19:58 - [TEST_STEP][PASSED] - Statement - PreSaveFile = new java.io.File(((pathPrefix + java.lang.Integer.toString(counter)) + .png)): null

2018-12-14 00:19:58 - [TEST_STEP][PASSED] - Statement - counter = counter + 1: null

2018-12-14 00:19:58 - [TEST_STEP][PASSED] - Statement - PreSaveFile = new java.io.File(((pathPrefix + java.lang.Integer.toString(counter)) + .png)): null

2018-12-14 00:19:58 - [TEST_STEP][PASSED] - Statement - counter = counter + 1: null

2018-12-14 00:19:58 - [TEST_STEP][PASSED] - Statement - PreSaveFile = new java.io.File(((pathPrefix + java.lang.Integer.toString(counter)) + .png)): null

2018-12-14 00:19:58 - [TEST_STEP][PASSED] - Statement - counter = counter + 1: null

2018-12-14 00:19:58 - [TEST_STEP][PASSED] - Statement - PreSaveFile = new java.io.File(((pathPrefix + java.lang.Integer.toString(counter)) + .png)): null

2018-12-14 00:19:58 - [TEST_STEP][PASSED] - Statement - counter = counter + 1: null

2018-12-14 00:19:58 - [TEST_STEP][PASSED] - Statement - PreSaveFile = new java.io.File(((pathPrefix + java.lang.Integer.toString(counter)) + .png)): null

2018-12-14 00:19:58 - [TEST_STEP][PASSED] - Statement - counter = counter + 1: null

2018-12-14 00:19:58 - [TEST_STEP][PASSED] - Statement - PreSaveFile = new java.io.File(((pathPrefix + java.lang.Integer.toString(counter)) + .png)): null

2018-12-14 00:19:58 - [TEST_STEP][PASSED] - Statement - counter = counter + 1: null

2018-12-14 00:19:58 - [TEST_STEP][PASSED] - Statement - PreSaveFile = new java.io.File(((pathPrefix + java.lang.Integer.toString(counter)) + .png)): null

2018-12-14 00:19:58 - [TEST_STEP][PASSED] - Statement - counter = counter + 1: null

2018-12-14 00:19:58 - [TEST_STEP][PASSED] - Statement - PreSaveFile = new java.io.File(((pathPrefix + java.lang.Integer.toString(counter)) + .png)): null

2018-12-14 00:19:58 - [TEST_STEP][PASSED] - Statement - counter = counter + 1: null

2018-12-14 00:19:58 - [TEST_STEP][PASSED] - Statement - PreSaveFile = new java.io.File(((pathPrefix + java.lang.Integer.toString(counter)) + .png)): null

2018-12-14 00:19:58 - [TEST_STEP][PASSED] - Statement - counter = counter + 1: null

2018-12-14 00:19:58 - [TEST_STEP][PASSED] - Statement - PreSaveFile = new java.io.File(((pathPrefix + java.lang.Integer.toString(counter)) + .png)): null

2018-12-14 00:19:58 - [TEST_STEP][PASSED] - Statement - counter = counter + 1: null

2018-12-14 00:19:58 - [TEST_STEP][PASSED] - Statement - PreSaveFile = new java.io.File(((pathPrefix + java.lang.Integer.toString(counter)) + .png)): null

2018-12-14 00:19:58 - [TEST_STEP][PASSED] - Statement - counter = counter + 1: null

2018-12-14 00:19:58 - [TEST_STEP][PASSED] - Statement - PreSaveFile = new java.io.File(((pathPrefix + java.lang.Integer.toString(counter)) + .png)): null

2018-12-14 00:19:58 - [TEST_STEP][PASSED] - Statement - counter = counter + 1: null

2018-12-14 00:19:58 - [TEST_STEP][PASSED] - Statement - PreSaveFile = new java.io.File(((pathPrefix + java.lang.Integer.toString(counter)) + .png)): null

2018-12-14 00:19:58 - [TEST_STEP][PASSED] - Statement - counter = counter + 1: null

2018-12-14 00:19:58 - [TEST_STEP][PASSED] - Statement - PreSaveFile = new java.io.File(((pathPrefix + java.lang.Integer.toString(counter)) + .png)): null

2018-12-14 00:19:58 - [TEST_STEP][PASSED] - Statement - counter = counter + 1: null

2018-12-14 00:19:58 - [TEST_STEP][PASSED] - Statement - PreSaveFile = new java.io.File(((pathPrefix + java.lang.Integer.toString(counter)) + .png)): null

2018-12-14 00:19:58 - [TEST_STEP][PASSED] - Statement - counter = counter + 1: null

2018-12-14 00:19:58 - [TEST_STEP][PASSED] - Statement - PreSaveFile = new java.io.File(((pathPrefix + java.lang.Integer.toString(counter)) + .png)): null

2018-12-14 00:19:58 - [TEST_STEP][PASSED] - Statement - counter = counter + 1: null

2018-12-14 00:19:58 - [TEST_STEP][PASSED] - Statement - PreSaveFile = new java.io.File(((pathPrefix + java.lang.Integer.toString(counter)) + .png)): null

2018-12-14 00:19:58 - [TEST_STEP][PASSED] - Statement - counter = counter + 1: null

2018-12-14 00:19:58 - [TEST_STEP][PASSED] - Statement - PreSaveFile = new java.io.File(((pathPrefix + java.lang.Integer.toString(counter)) + .png)): null

2018-12-14 00:19:58 - [TEST_STEP][PASSED] - Statement - counter = counter + 1: null

2018-12-14 00:19:58 - [TEST_STEP][PASSED] - Statement - PreSaveFile = new java.io.File(((pathPrefix + java.lang.Integer.toString(counter)) + .png)): null

2018-12-14 00:19:58 - [TEST_STEP][PASSED] - Statement - counter = counter + 1: null

2018-12-14 00:19:58 - [TEST_STEP][PASSED] - Statement - PreSaveFile = new java.io.File(((pathPrefix + java.lang.Integer.toString(counter)) + .png)): null

2018-12-14 00:19:58 - [TEST_STEP][PASSED] - Statement - counter = counter + 1: null

2018-12-14 00:19:58 - [TEST_STEP][PASSED] - Statement - PreSaveFile = new java.io.File(((pathPrefix + java.lang.Integer.toString(counter)) + .png)): null

2018-12-14 00:19:58 - [TEST_STEP][PASSED] - Statement - counter = counter + 1: null

2018-12-14 00:19:58 - [TEST_STEP][PASSED] - Statement - PreSaveFile = new java.io.File(((pathPrefix + java.lang.Integer.toString(counter)) + .png)): null

2018-12-14 00:19:58 - [TEST_STEP][PASSED] - Statement - counter = counter + 1: null

2018-12-14 00:19:58 - [TEST_STEP][PASSED] - Statement - PreSaveFile = new java.io.File(((pathPrefix + java.lang.Integer.toString(counter)) + .png)): null

2018-12-14 00:19:58 - [TEST_STEP][PASSED] - Statement - counter = counter + 1: null

2018-12-14 00:19:58 - [TEST_STEP][PASSED] - Statement - PreSaveFile = new java.io.File(((pathPrefix + java.lang.Integer.toString(counter)) + .png)): null

2018-12-14 00:19:58 - [TEST_STEP][PASSED] - Statement - counter = counter + 1: null

2018-12-14 00:19:58 - [TEST_STEP][PASSED] - Statement - PreSaveFile = new java.io.File(((pathPrefix + java.lang.Integer.toString(counter)) + .png)): null

2018-12-14 00:19:58 - [TEST_STEP][PASSED] - Statement - counter = counter + 1: null

2018-12-14 00:19:58 - [TEST_STEP][PASSED] - Statement - PreSaveFile = new java.io.File(((pathPrefix + java.lang.Integer.toString(counter)) + .png)): null

2018-12-14 00:19:58 - [TEST_STEP][PASSED] - Statement - counter = counter + 1: null

2018-12-14 00:19:58 - [TEST_STEP][PASSED] - Statement - PreSaveFile = new java.io.File(((pathPrefix + java.lang.Integer.toString(counter)) + .png)): null

2018-12-14 00:19:58 - [TEST_STEP][PASSED] - Statement - counter = counter + 1: null

2018-12-14 00:19:58 - [TEST_STEP][PASSED] - Statement - PreSaveFile = new java.io.File(((pathPrefix + java.lang.Integer.toString(counter)) + .png)): null

2018-12-14 00:19:58 - [TEST_STEP][PASSED] - Statement - counter = counter + 1: null

2018-12-14 00:19:58 - [TEST_STEP][PASSED] - Statement - PreSaveFile = new java.io.File(((pathPrefix + java.lang.Integer.toString(counter)) + .png)): null

2018-12-14 00:19:58 - [TEST_STEP][PASSED] - Statement - counter = counter + 1: null

2018-12-14 00:19:58 - [TEST_STEP][PASSED] - Statement - PreSaveFile = new java.io.File(((pathPrefix + java.lang.Integer.toString(counter)) + .png)): null

2018-12-14 00:19:58 - [TEST_STEP][PASSED] - Statement - counter = counter + 1: null

2018-12-14 00:19:58 - [TEST_STEP][PASSED] - Statement - PreSaveFile = new java.io.File(((pathPrefix + java.lang.Integer.toString(counter)) + .png)): null

2018-12-14 00:19:58 - [TEST_STEP][PASSED] - Statement - counter = counter + 1: null

2018-12-14 00:19:58 - [TEST_STEP][PASSED] - Statement - PreSaveFile = new java.io.File(((pathPrefix + java.lang.Integer.toString(counter)) + .png)): null

2018-12-14 00:19:58 - [TEST_STEP][PASSED] - Statement - counter = counter + 1: null

2018-12-14 00:19:58 - [TEST_STEP][PASSED] - Statement - PreSaveFile = new java.io.File(((pathPrefix + java.lang.Integer.toString(counter)) + .png)): null

2018-12-14 00:19:58 - [TEST_STEP][PASSED] - Statement - counter = counter + 1: null

2018-12-14 00:19:58 - [TEST_STEP][PASSED] - Statement - PreSaveFile = new java.io.File(((pathPrefix + java.lang.Integer.toString(counter)) + .png)): null

2018-12-14 00:19:58 - [TEST_STEP][PASSED] - Statement - counter = counter + 1: null

2018-12-14 00:19:58 - [TEST_STEP][PASSED] - Statement - PreSaveFile = new java.io.File(((pathPrefix + java.lang.Integer.toString(counter)) + .png)): null

2018-12-14 00:19:58 - [TEST_STEP][PASSED] - Statement - counter = counter + 1: null

2018-12-14 00:19:58 - [TEST_STEP][PASSED] - Statement - PreSaveFile = new java.io.File(((pathPrefix + java.lang.Integer.toString(counter)) + .png)): null

2018-12-14 00:19:58 - [TEST_STEP][PASSED] - Statement - counter = counter + 1: null

2018-12-14 00:19:58 - [TEST_STEP][PASSED] - Statement - PreSaveFile = new java.io.File(((pathPrefix + java.lang.Integer.toString(counter)) + .png)): null

2018-12-14 00:19:58 - [TEST_STEP][PASSED] - Statement - counter = counter + 1: null

2018-12-14 00:19:58 - [TEST_STEP][PASSED] - Statement - PreSaveFile = new java.io.File(((pathPrefix + java.lang.Integer.toString(counter)) + .png)): null

2018-12-14 00:19:58 - [TEST_STEP][PASSED] - Statement - counter = counter + 1: null

2018-12-14 00:19:58 - [TEST_STEP][PASSED] - Statement - PreSaveFile = new java.io.File(((pathPrefix + java.lang.Integer.toString(counter)) + .png)): null

2018-12-14 00:19:58 - [TEST_STEP][PASSED] - Statement - counter = counter + 1: null

2018-12-14 00:19:58 - [TEST_STEP][PASSED] - Statement - PreSaveFile = new java.io.File(((pathPrefix + java.lang.Integer.toString(counter)) + .png)): null

2018-12-14 00:19:58 - [TEST_STEP][PASSED] - Statement - counter = counter + 1: null

2018-12-14 00:19:58 - [TEST_STEP][PASSED] - Statement - PreSaveFile = new java.io.File(((pathPrefix + java.lang.Integer.toString(counter)) + .png)): null

2018-12-14 00:19:58 - [TEST_STEP][PASSED] - Statement - counter = counter + 1: null

2018-12-14 00:19:58 - [TEST_STEP][PASSED] - Statement - PreSaveFile = new java.io.File(((pathPrefix + java.lang.Integer.toString(counter)) + .png)): null

2018-12-14 00:19:58 - [TEST_STEP][PASSED] - Statement - counter = counter + 1: null

2018-12-14 00:19:58 - [TEST_STEP][PASSED] - Statement - PreSaveFile = new java.io.File(((pathPrefix + java.lang.Integer.toString(counter)) + .png)): null

2018-12-14 00:19:58 - [TEST_STEP][PASSED] - Statement - counter = counter + 1: null

2018-12-14 00:19:58 - [TEST_STEP][PASSED] - Statement - PreSaveFile = new java.io.File(((pathPrefix + java.lang.Integer.toString(counter)) + .png)): null

2018-12-14 00:19:58 - [TEST_STEP][PASSED] - Statement - counter = counter + 1: null

2018-12-14 00:19:58 - [TEST_STEP][PASSED] - Statement - PreSaveFile = new java.io.File(((pathPrefix + java.lang.Integer.toString(counter)) + .png)): null

2018-12-14 00:19:58 - [TEST_STEP][PASSED] - Statement - counter = counter + 1: null

2018-12-14 00:19:58 - [TEST_STEP][PASSED] - Statement - PreSaveFile = new java.io.File(((pathPrefix + java.lang.Integer.toString(counter)) + .png)): null

2018-12-14 00:19:58 - [TEST_STEP][PASSED] - Statement - counter = counter + 1: null

2018-12-14 00:19:58 - [TEST_STEP][PASSED] - Statement - PreSaveFile = new java.io.File(((pathPrefix + java.lang.Integer.toString(counter)) + .png)): null

2018-12-14 00:19:58 - [TEST_STEP][PASSED] - Statement - counter = counter + 1: null

2018-12-14 00:19:58 - [TEST_STEP][PASSED] - Statement - PreSaveFile = new java.io.File(((pathPrefix + java.lang.Integer.toString(counter)) + .png)): null

2018-12-14 00:19:58 - [TEST_STEP][PASSED] - Statement - counter = counter + 1: null

2018-12-14 00:19:58 - [TEST_STEP][PASSED] - Statement - PreSaveFile = new java.io.File(((pathPrefix + java.lang.Integer.toString(counter)) + .png)): null

2018-12-14 00:19:58 - [TEST_STEP][PASSED] - Statement - counter = counter + 1: null

2018-12-14 00:19:58 - [TEST_STEP][PASSED] - Statement - PreSaveFile = new java.io.File(((pathPrefix + java.lang.Integer.toString(counter)) + .png)): null

2018-12-14 00:19:58 - [TEST_STEP][PASSED] - Statement - counter = counter + 1: null

2018-12-14 00:19:58 - [TEST_STEP][PASSED] - Statement - PreSaveFile = new java.io.File(((pathPrefix + java.lang.Integer.toString(counter)) + .png)): null

2018-12-14 00:19:58 - [TEST_STEP][PASSED] - Statement - counter = counter + 1: null

2018-12-14 00:19:58 - [TEST_STEP][PASSED] - Statement - PreSaveFile = new java.io.File(((pathPrefix + java.lang.Integer.toString(counter)) + .png)): null

2018-12-14 00:19:58 - [TEST_STEP][PASSED] - Statement - counter = counter + 1: null

2018-12-14 00:19:58 - [TEST_STEP][PASSED] - Statement - PreSaveFile = new java.io.File(((pathPrefix + java.lang.Integer.toString(counter)) + .png)): null

2018-12-14 00:19:58 - [TEST_STEP][PASSED] - Statement - counter = counter + 1: null

2018-12-14 00:19:58 - [TEST_STEP][PASSED] - Statement - PreSaveFile = new java.io.File(((pathPrefix + java.lang.Integer.toString(counter)) + .png)): null

2018-12-14 00:19:58 - [TEST_STEP][PASSED] - Statement - counter = counter + 1: null

2018-12-14 00:19:58 - [TEST_STEP][PASSED] - Statement - PreSaveFile = new java.io.File(((pathPrefix + java.lang.Integer.toString(counter)) + .png)): null

2018-12-14 00:19:58 - [TEST_STEP][PASSED] - Statement - counter = counter + 1: null

2018-12-14 00:19:58 - [TEST_STEP][PASSED] - Statement - PreSaveFile = new java.io.File(((pathPrefix + java.lang.Integer.toString(counter)) + .png)): null

2018-12-14 00:19:58 - [TEST_STEP][PASSED] - Statement - counter = counter + 1: null

2018-12-14 00:19:58 - [TEST_STEP][PASSED] - Statement - PreSaveFile = new java.io.File(((pathPrefix + java.lang.Integer.toString(counter)) + .png)): null

2018-12-14 00:19:58 - [TEST_STEP][PASSED] - Statement - counter = counter + 1: null

2018-12-14 00:19:58 - [TEST_STEP][PASSED] - Statement - PreSaveFile = new java.io.File(((pathPrefix + java.lang.Integer.toString(counter)) + .png)): null

2018-12-14 00:19:58 - [TEST_STEP][PASSED] - Statement - counter = counter + 1: null

2018-12-14 00:19:58 - [TEST_STEP][PASSED] - Statement - PreSaveFile = new java.io.File(((pathPrefix + java.lang.Integer.toString(counter)) + .png)): null

2018-12-14 00:19:58 - [TEST_STEP][PASSED] - Statement - counter = counter + 1: null

2018-12-14 00:19:58 - [TEST_STEP][PASSED] - Statement - PreSaveFile = new java.io.File(((pathPrefix + java.lang.Integer.toString(counter)) + .png)): null

2018-12-14 00:19:58 - [TEST_STEP][PASSED] - Statement - counter = counter + 1: null

2018-12-14 00:19:58 - [TEST_STEP][PASSED] - Statement - PreSaveFile = new java.io.File(((pathPrefix + java.lang.Integer.toString(counter)) + .png)): null

2018-12-14 00:19:58 - [TEST_STEP][PASSED] - Statement - counter = counter + 1: null

2018-12-14 00:19:58 - [TEST_STEP][PASSED] - Statement - PreSaveFile = new java.io.File(((pathPrefix + java.lang.Integer.toString(counter)) + .png)): null

2018-12-14 00:19:58 - [TEST_STEP][PASSED] - Statement - counter = counter + 1: null

2018-12-14 00:19:58 - [TEST_STEP][PASSED] - Statement - PreSaveFile = new java.io.File(((pathPrefix + java.lang.Integer.toString(counter)) + .png)): null

2018-12-14 00:19:58 - [TEST_STEP][PASSED] - Statement - counter = counter + 1: null

2018-12-14 00:19:58 - [TEST_STEP][PASSED] - Statement - PreSaveFile = new java.io.File(((pathPrefix + java.lang.Integer.toString(counter)) + .png)): null

2018-12-14 00:19:58 - [TEST_STEP][PASSED] - Statement - counter = counter + 1: null

2018-12-14 00:19:58 - [TEST_STEP][PASSED] - Statement - PreSaveFile = new java.io.File(((pathPrefix + java.lang.Integer.toString(counter)) + .png)): null

2018-12-14 00:19:58 - [TEST_STEP][PASSED] - Statement - counter = counter + 1: null

2018-12-14 00:19:58 - [TEST_STEP][PASSED] - Statement - PreSaveFile = new java.io.File(((pathPrefix + java.lang.Integer.toString(counter)) + .png)): null

2018-12-14 00:19:58 - [TEST_STEP][PASSED] - Statement - counter = counter + 1: null

2018-12-14 00:19:58 - [TEST_STEP][PASSED] - Statement - PreSaveFile = new java.io.File(((pathPrefix + java.lang.Integer.toString(counter)) + .png)): null

2018-12-14 00:19:58 - [TEST_STEP][PASSED] - Statement - counter = counter + 1: null

2018-12-14 00:19:58 - [TEST_STEP][PASSED] - Statement - PreSaveFile = new java.io.File(((pathPrefix + java.lang.Integer.toString(counter)) + .png)): null

2018-12-14 00:19:58 - [TEST_STEP][PASSED] - Statement - counter = counter + 1: null

2018-12-14 00:19:58 - [TEST_STEP][PASSED] - Statement - PreSaveFile = new java.io.File(((pathPrefix + java.lang.Integer.toString(counter)) + .png)): null

2018-12-14 00:19:58 - [TEST_STEP][PASSED] - Statement - counter = counter + 1: null

2018-12-14 00:19:58 - [TEST_STEP][PASSED] - Statement - PreSaveFile = new java.io.File(((pathPrefix + java.lang.Integer.toString(counter)) + .png)): null

2018-12-14 00:19:58 - [TEST_STEP][PASSED] - Statement - counter = counter + 1: null

2018-12-14 00:19:58 - [TEST_STEP][PASSED] - Statement - PreSaveFile = new java.io.File(((pathPrefix + java.lang.Integer.toString(counter)) + .png)): null

2018-12-14 00:19:58 - [TEST_STEP][PASSED] - Statement - counter = counter + 1: null

2018-12-14 00:19:58 - [TEST_STEP][PASSED] - Statement - PreSaveFile = new java.io.File(((pathPrefix + java.lang.Integer.toString(counter)) + .png)): null

2018-12-14 00:19:58 - [TEST_STEP][PASSED] - Statement - counter = counter + 1: null

2018-12-14 00:19:58 - [TEST_STEP][PASSED] - Statement - PreSaveFile = new java.io.File(((pathPrefix + java.lang.Integer.toString(counter)) + .png)): null

2018-12-14 00:19:58 - [TEST_STEP][PASSED] - Statement - counter = counter + 1: null

2018-12-14 00:19:58 - [TEST_STEP][PASSED] - Statement - PreSaveFile = new java.io.File(((pathPrefix + java.lang.Integer.toString(counter)) + .png)): null

2018-12-14 00:19:58 - [TEST_STEP][PASSED] - Statement - counter = counter + 1: null

2018-12-14 00:19:58 - [TEST_STEP][PASSED] - Statement - PreSaveFile = new java.io.File(((pathPrefix + java.lang.Integer.toString(counter)) + .png)): null

2018-12-14 00:19:58 - [TEST_STEP][PASSED] - Statement - counter = counter + 1: null

2018-12-14 00:19:58 - [TEST_STEP][PASSED] - Statement - PreSaveFile = new java.io.File(((pathPrefix + java.lang.Integer.toString(counter)) + .png)): null

2018-12-14 00:19:58 - [TEST_STEP][PASSED] - Statement - counter = counter + 1: null

2018-12-14 00:19:58 - [TEST_STEP][PASSED] - Statement - PreSaveFile = new java.io.File(((pathPrefix + java.lang.Integer.toString(counter)) + .png)): null

2018-12-14 00:19:58 - [TEST_STEP][PASSED] - Statement - counter = counter + 1: null

2018-12-14 00:19:58 - [TEST_STEP][PASSED] - Statement - PreSaveFile = new java.io.File(((pathPrefix + java.lang.Integer.toString(counter)) + .png)): null

2018-12-14 00:19:58 - [TEST_STEP][PASSED] - Statement - counter = counter + 1: null

2018-12-14 00:19:58 - [TEST_STEP][PASSED] - Statement - PreSaveFile = new java.io.File(((pathPrefix + java.lang.Integer.toString(counter)) + .png)): null

2018-12-14 00:19:58 - [TEST_STEP][PASSED] - Statement - counter = counter + 1: null

2018-12-14 00:19:58 - [TEST_STEP][PASSED] - Statement - PreSaveFile = new java.io.File(((pathPrefix + java.lang.Integer.toString(counter)) + .png)): null

2018-12-14 00:19:58 - [TEST_STEP][PASSED] - Statement - counter = counter + 1: null

2018-12-14 00:19:58 - [TEST_STEP][PASSED] - Statement - PreSaveFile = new java.io.File(((pathPrefix + java.lang.Integer.toString(counter)) + .png)): null

2018-12-14 00:19:58 - [TEST_STEP][PASSED] - Statement - counter = counter + 1: null

2018-12-14 00:19:58 - [TEST_STEP][PASSED] - Statement - PreSaveFile = new java.io.File(((pathPrefix + java.lang.Integer.toString(counter)) + .png)): null

2018-12-14 00:19:58 - [TEST_STEP][PASSED] - Statement - counter = counter + 1: null

2018-12-14 00:19:58 - [TEST_STEP][PASSED] - Statement - PreSaveFile = new java.io.File(((pathPrefix + java.lang.Integer.toString(counter)) + .png)): null

2018-12-14 00:19:58 - [TEST_STEP][PASSED] - Statement - counter = counter + 1: null

2018-12-14 00:19:58 - [TEST_STEP][PASSED] - Statement - PreSaveFile = new java.io.File(((pathPrefix + java.lang.Integer.toString(counter)) + .png)): null

2018-12-14 00:19:58 - [TEST_STEP][PASSED] - Statement - counter = counter + 1: null

2018-12-14 00:19:58 - [TEST_STEP][PASSED] - Statement - PreSaveFile = new java.io.File(((pathPrefix + java.lang.Integer.toString(counter)) + .png)): null

2018-12-14 00:19:58 - [TEST_STEP][PASSED] - Statement - counter = counter + 1: null

2018-12-14 00:19:58 - [TEST_STEP][PASSED] - Statement - PreSaveFile = new java.io.File(((pathPrefix + java.lang.Integer.toString(counter)) + .png)): null

2018-12-14 00:19:58 - [TEST_STEP][PASSED] - Statement - counter = counter + 1: null

2018-12-14 00:19:58 - [TEST_STEP][PASSED] - Statement - PreSaveFile = new java.io.File(((pathPrefix + java.lang.Integer.toString(counter)) + .png)): null

2018-12-14 00:19:58 - [TEST_STEP][PASSED] - Statement - counter = counter + 1: null

2018-12-14 00:19:58 - [TEST_STEP][PASSED] - Statement - PreSaveFile = new java.io.File(((pathPrefix + java.lang.Integer.toString(counter)) + .png)): null

2018-12-14 00:19:58 - [TEST_STEP][PASSED] - Statement - counter = counter + 1: null

2018-12-14 00:19:58 - [TEST_STEP][PASSED] - Statement - PreSaveFile = new java.io.File(((pathPrefix + java.lang.Integer.toString(counter)) + .png)): null

2018-12-14 00:19:58 - [TEST_STEP][PASSED] - Statement - counter = counter + 1: null

2018-12-14 00:19:58 - [TEST_STEP][PASSED] - Statement - PreSaveFile = new java.io.File(((pathPrefix + java.lang.Integer.toString(counter)) + .png)): null

2018-12-14 00:19:58 - [TEST_STEP][PASSED] - Statement - counter = counter + 1: null

2018-12-14 00:19:58 - [TEST_STEP][PASSED] - Statement - PreSaveFile = new java.io.File(((pathPrefix + java.lang.Integer.toString(counter)) + .png)): null

2018-12-14 00:19:58 - [TEST_STEP][PASSED] - Statement - counter = counter + 1: null

2018-12-14 00:19:58 - [TEST_STEP][PASSED] - Statement - PreSaveFile = new java.io.File(((pathPrefix + java.lang.Integer.toString(counter)) + .png)): null

2018-12-14 00:19:58 - [TEST_STEP][PASSED] - Statement - counter = counter + 1: null

2018-12-14 00:19:58 - [TEST_STEP][PASSED] - Statement - PreSaveFile = new java.io.File(((pathPrefix + java.lang.Integer.toString(counter)) + .png)): null

2018-12-14 00:19:58 - [TEST_STEP][PASSED] - Statement - counter = counter + 1: null

2018-12-14 00:19:58 - [TEST_STEP][PASSED] - Statement - PreSaveFile = new java.io.File(((pathPrefix + java.lang.Integer.toString(counter)) + .png)): null

2018-12-14 00:19:58 - [TEST_STEP][PASSED] - Statement - counter = counter + 1: null

2018-12-14 00:19:58 - [TEST_STEP][PASSED] - Statement - PreSaveFile = new java.io.File(((pathPrefix + java.lang.Integer.toString(counter)) + .png)): null

2018-12-14 00:19:58 - [TEST_STEP][PASSED] - Statement - counter = counter + 1: null

2018-12-14 00:19:58 - [TEST_STEP][PASSED] - Statement - PreSaveFile = new java.io.File(((pathPrefix + java.lang.Integer.toString(counter)) + .png)): null

2018-12-14 00:19:58 - [TEST_STEP][PASSED] - Statement - counter = counter + 1: null

2018-12-14 00:19:58 - [TEST_STEP][PASSED] - Statement - PreSaveFile = new java.io.File(((pathPrefix + java.lang.Integer.toString(counter)) + .png)): null

2018-12-14 00:19:58 - [TEST_STEP][PASSED] - Statement - counter = counter + 1: null

2018-12-14 00:19:58 - [TEST_STEP][PASSED] - Statement - PreSaveFile = new java.io.File(((pathPrefix + java.lang.Integer.toString(counter)) + .png)): null

2018-12-14 00:19:58 - [TEST_STEP][PASSED] - Statement - counter = counter + 1: null

2018-12-14 00:19:58 - [TEST_STEP][PASSED] - Statement - PreSaveFile = new java.io.File(((pathPrefix + java.lang.Integer.toString(counter)) + .png)): null

2018-12-14 00:19:58 - [TEST_STEP][PASSED] - Statement - counter = counter + 1: null

2018-12-14 00:19:58 - [TEST_STEP][PASSED] - Statement - PreSaveFile = new java.io.File(((pathPrefix + java.lang.Integer.toString(counter)) + .png)): null

2018-12-14 00:19:58 - [TEST_STEP][PASSED] - Statement - counter = counter + 1: null

2018-12-14 00:19:58 - [TEST_STEP][PASSED] - Statement - PreSaveFile = new java.io.File(((pathPrefix + java.lang.Integer.toString(counter)) + .png)): null

2018-12-14 00:19:58 - [TEST_STEP][PASSED] - Statement - counter = counter + 1: null

2018-12-14 00:19:58 - [TEST_STEP][PASSED] - Statement - PreSaveFile = new java.io.File(((pathPrefix + java.lang.Integer.toString(counter)) + .png)): null

2018-12-14 00:19:58 - [TEST_STEP][PASSED] - Statement - counter = counter + 1: null

2018-12-14 00:19:58 - [TEST_STEP][PASSED] - Statement - PreSaveFile = new java.io.File(((pathPrefix + java.lang.Integer.toString(counter)) + .png)): null

2018-12-14 00:19:58 - [TEST_STEP][PASSED] - Statement - counter = counter + 1: null

2018-12-14 00:19:58 - [TEST_STEP][PASSED] - Statement - PreSaveFile = new java.io.File(((pathPrefix + java.lang.Integer.toString(counter)) + .png)): null

2018-12-14 00:19:58 - [TEST_STEP][PASSED] - Statement - counter = counter + 1: null

2018-12-14 00:19:58 - [TEST_STEP][PASSED] - Statement - PreSaveFile = new java.io.File(((pathPrefix + java.lang.Integer.toString(counter)) + .png)): null

2018-12-14 00:19:58 - [TEST_STEP][PASSED] - Statement - counter = counter + 1: null

2018-12-14 00:19:58 - [TEST_STEP][PASSED] - Statement - PreSaveFile = new java.io.File(((pathPrefix + java.lang.Integer.toString(counter)) + .png)): null

2018-12-14 00:19:58 - [TEST_STEP][PASSED] - Statement - counter = counter + 1: null

2018-12-14 00:19:58 - [TEST_STEP][PASSED] - Statement - PreSaveFile = new java.io.File(((pathPrefix + java.lang.Integer.toString(counter)) + .png)): null

2018-12-14 00:19:58 - [TEST_STEP][PASSED] - Statement - counter = counter + 1: null

2018-12-14 00:19:58 - [TEST_STEP][PASSED] - Statement - PreSaveFile = new java.io.File(((pathPrefix + java.lang.Integer.toString(counter)) + .png)): null

2018-12-14 00:19:58 - [TEST_STEP][PASSED] - Statement - counter = counter + 1: null

2018-12-14 00:19:58 - [TEST_STEP][PASSED] - Statement - PreSaveFile = new java.io.File(((pathPrefix + java.lang.Integer.toString(counter)) + .png)): null

2018-12-14 00:19:58 - [TEST_STEP][PASSED] - Statement - counter = counter + 1: null

2018-12-14 00:19:58 - [TEST_STEP][PASSED] - Statement - PreSaveFile = new java.io.File(((pathPrefix + java.lang.Integer.toString(counter)) + .png)): null

2018-12-14 00:19:58 - [TEST_STEP][PASSED] - Statement - counter = counter + 1: null

2018-12-14 00:19:58 - [TEST_STEP][PASSED] - Statement - PreSaveFile = new java.io.File(((pathPrefix + java.lang.Integer.toString(counter)) + .png)): null

2018-12-14 00:19:58 - [TEST_STEP][PASSED] - Statement - counter = counter + 1: null

2018-12-14 00:19:58 - [TEST_STEP][PASSED] - Statement - PreSaveFile = new java.io.File(((pathPrefix + java.lang.Integer.toString(counter)) + .png)): null

2018-12-14 00:19:58 - [TEST_STEP][PASSED] - Statement - counter = counter + 1: null

2018-12-14 00:19:58 - [TEST_STEP][PASSED] - Statement - PreSaveFile = new java.io.File(((pathPrefix + java.lang.Integer.toString(counter)) + .png)): null

2018-12-14 00:19:58 - [TEST_STEP][PASSED] - Statement - counter = counter + 1: null

2018-12-14 00:19:58 - [TEST_STEP][PASSED] - Statement - PreSaveFile = new java.io.File(((pathPrefix + java.lang.Integer.toString(counter)) + .png)): null

2018-12-14 00:19:58 - [TEST_STEP][PASSED] - Statement - counter = counter + 1: null

2018-12-14 00:19:58 - [TEST_STEP][PASSED] - Statement - PreSaveFile = new java.io.File(((pathPrefix + java.lang.Integer.toString(counter)) + .png)): null

2018-12-14 00:19:58 - [TEST_STEP][PASSED] - Statement - counter = counter + 1: null

2018-12-14 00:19:58 - [TEST_STEP][PASSED] - Statement - PreSaveFile = new java.io.File(((pathPrefix + java.lang.Integer.toString(counter)) + .png)): null

2018-12-14 00:19:58 - [TEST_STEP][PASSED] - Statement - counter = counter + 1: null

2018-12-14 00:19:58 - [TEST_STEP][PASSED] - Statement - PreSaveFile = new java.io.File(((pathPrefix + java.lang.Integer.toString(counter)) + .png)): null

2018-12-14 00:19:58 - [TEST_STEP][PASSED] - Statement - counter = counter + 1: null

2018-12-14 00:19:58 - [TEST_STEP][PASSED] - Statement - PreSaveFile = new java.io.File(((pathPrefix + java.lang.Integer.toString(counter)) + .png)): null

2018-12-14 00:19:58 - [TEST_STEP][PASSED] - Statement - counter = counter + 1: null

2018-12-14 00:19:58 - [TEST_STEP][PASSED] - Statement - PreSaveFile = new java.io.File(((pathPrefix + java.lang.Integer.toString(counter)) + .png)): null

2018-12-14 00:19:58 - [TEST_STEP][PASSED] - Statement - counter = counter + 1: null

2018-12-14 00:19:58 - [TEST_STEP][PASSED] - Statement - PreSaveFile = new java.io.File(((pathPrefix + java.lang.Integer.toString(counter)) + .png)): null

2018-12-14 00:19:58 - [TEST_STEP][PASSED] - Statement - counter = counter + 1: null

2018-12-14 00:19:58 - [TEST_STEP][PASSED] - Statement - PreSaveFile = new java.io.File(((pathPrefix + java.lang.Integer.toString(counter)) + .png)): null

2018-12-14 00:19:58 - [TEST_STEP][PASSED] - Statement - counter = counter + 1: null

2018-12-14 00:19:58 - [TEST_STEP][PASSED] - Statement - PreSaveFile = new java.io.File(((pathPrefix + java.lang.Integer.toString(counter)) + .png)): null

2018-12-14 00:19:58 - [TEST_STEP][PASSED] - Statement - counter = counter + 1: null

2018-12-14 00:19:58 - [TEST_STEP][PASSED] - Statement - PreSaveFile = new java.io.File(((pathPrefix + java.lang.Integer.toString(counter)) + .png)): null

2018-12-14 00:19:58 - [TEST_STEP][PASSED] - Statement - counter = counter + 1: null

2018-12-14 00:19:58 - [TEST_STEP][PASSED] - Statement - PreSaveFile = new java.io.File(((pathPrefix + java.lang.Integer.toString(counter)) + .png)): null

2018-12-14 00:19:58 - [TEST_STEP][PASSED] - Statement - counter = counter + 1: null

2018-12-14 00:19:58 - [TEST_STEP][PASSED] - Statement - PreSaveFile = new java.io.File(((pathPrefix + java.lang.Integer.toString(counter)) + .png)): null

2018-12-14 00:19:58 - [TEST_STEP][PASSED] - Statement - counter = counter + 1: null

2018-12-14 00:19:58 - [TEST_STEP][PASSED] - Statement - PreSaveFile = new java.io.File(((pathPrefix + java.lang.Integer.toString(counter)) + .png)): null

2018-12-14 00:19:58 - [TEST_STEP][PASSED] - Statement - counter = counter + 1: null

2018-12-14 00:19:58 - [TEST_STEP][PASSED] - Statement - PreSaveFile = new java.io.File(((pathPrefix + java.lang.Integer.toString(counter)) + .png)): null

2018-12-14 00:19:58 - [TEST_STEP][PASSED] - Statement - counter = counter + 1: null

2018-12-14 00:19:58 - [TEST_STEP][PASSED] - Statement - PreSaveFile = new java.io.File(((pathPrefix + java.lang.Integer.toString(counter)) + .png)): null

2018-12-14 00:19:58 - [TEST_STEP][PASSED] - Statement - counter = counter + 1: null

2018-12-14 00:19:58 - [TEST_STEP][PASSED] - Statement - PreSaveFile = new java.io.File(((pathPrefix + java.lang.Integer.toString(counter)) + .png)): null

2018-12-14 00:19:58 - [TEST_STEP][PASSED] - Statement - counter = counter + 1: null

2018-12-14 00:19:58 - [TEST_STEP][PASSED] - Statement - PreSaveFile = new java.io.File(((pathPrefix + java.lang.Integer.toString(counter)) + .png)): null

2018-12-14 00:19:58 - [TEST_STEP][PASSED] - Statement - counter = counter + 1: null

2018-12-14 00:19:58 - [TEST_STEP][PASSED] - Statement - PreSaveFile = new java.io.File(((pathPrefix + java.lang.Integer.toString(counter)) + .png)): null

2018-12-14 00:19:58 - [TEST_STEP][PASSED] - Statement - counter = counter + 1: null

2018-12-14 00:19:58 - [TEST_STEP][PASSED] - Statement - PreSaveFile = new java.io.File(((pathPrefix + java.lang.Integer.toString(counter)) + .png)): null

2018-12-14 00:19:58 - [TEST_STEP][PASSED] - Statement - counter = counter + 1: null

2018-12-14 00:19:58 - [TEST_STEP][PASSED] - Statement - PreSaveFile = new java.io.File(((pathPrefix + java.lang.Integer.toString(counter)) + .png)): null

2018-12-14 00:19:58 - [TEST_STEP][PASSED] - Statement - counter = counter + 1: null

2018-12-14 00:19:58 - [TEST_STEP][PASSED] - Statement - PreSaveFile = new java.io.File(((pathPrefix + java.lang.Integer.toString(counter)) + .png)): null

2018-12-14 00:19:58 - [TEST_STEP][PASSED] - Statement - counter = counter + 1: null

2018-12-14 00:19:58 - [TEST_STEP][PASSED] - Statement - PreSaveFile = new java.io.File(((pathPrefix + java.lang.Integer.toString(counter)) + .png)): null

2018-12-14 00:19:58 - [TEST_STEP][PASSED] - Statement - counter = counter + 1: null

2018-12-14 00:19:58 - [TEST_STEP][PASSED] - Statement - PreSaveFile = new java.io.File(((pathPrefix + java.lang.Integer.toString(counter)) + .png)): null

2018-12-14 00:19:58 - [TEST_STEP][PASSED] - Statement - counter = counter + 1: null

2018-12-14 00:19:58 - [TEST_STEP][PASSED] - Statement - PreSaveFile = new java.io.File(((pathPrefix + java.lang.Integer.toString(counter)) + .png)): null

2018-12-14 00:19:58 - [TEST_STEP][PASSED] - Statement - counter = counter + 1: null

2018-12-14 00:19:58 - [TEST_STEP][PASSED] - Statement - PreSaveFile = new java.io.File(((pathPrefix + java.lang.Integer.toString(counter)) + .png)): null

2018-12-14 00:19:58 - [TEST_STEP][PASSED] - Statement - counter = counter + 1: null

2018-12-14 00:19:58 - [TEST_STEP][PASSED] - Statement - PreSaveFile = new java.io.File(((pathPrefix + java.lang.Integer.toString(counter)) + .png)): null

2018-12-14 00:19:58 - [TEST_STEP][PASSED] - Statement - counter = counter + 1: null

2018-12-14 00:19:58 - [TEST_STEP][PASSED] - Statement - PreSaveFile = new java.io.File(((pathPrefix + java.lang.Integer.toString(counter)) + .png)): null

2018-12-14 00:19:58 - [TEST_STEP][PASSED] - Statement - counter = counter + 1: null

2018-12-14 00:19:58 - [TEST_STEP][PASSED] - Statement - PreSaveFile = new java.io.File(((pathPrefix + java.lang.Integer.toString(counter)) + .png)): null

2018-12-14 00:19:58 - [TEST_STEP][PASSED] - Statement - counter = counter + 1: null

2018-12-14 00:19:58 - [TEST_STEP][PASSED] - Statement - PreSaveFile = new java.io.File(((pathPrefix + java.lang.Integer.toString(counter)) + .png)): null

2018-12-14 00:19:58 - [TEST_STEP][PASSED] - Statement - counter = counter + 1: null

2018-12-14 00:19:58 - [TEST_STEP][PASSED] - Statement - PreSaveFile = new java.io.File(((pathPrefix + java.lang.Integer.toString(counter)) + .png)): null

2018-12-14 00:19:58 - [TEST_STEP][PASSED] - Statement - counter = counter + 1: null

2018-12-14 00:19:58 - [TEST_STEP][PASSED] - Statement - PreSaveFile = new java.io.File(((pathPrefix + java.lang.Integer.toString(counter)) + .png)): null

2018-12-14 00:19:58 - [TEST_STEP][PASSED] - Statement - counter = counter + 1: null

2018-12-14 00:19:58 - [TEST_STEP][PASSED] - Statement - PreSaveFile = new java.io.File(((pathPrefix + java.lang.Integer.toString(counter)) + .png)): null

2018-12-14 00:19:58 - [TEST_STEP][PASSED] - Statement - counter = counter + 1: null

2018-12-14 00:19:58 - [TEST_STEP][PASSED] - Statement - PreSaveFile = new java.io.File(((pathPrefix + java.lang.Integer.toString(counter)) + .png)): null

2018-12-14 00:19:58 - [TEST_STEP][PASSED] - Statement - counter = counter + 1: null

2018-12-14 00:19:58 - [TEST_STEP][PASSED] - Statement - PreSaveFile = new java.io.File(((pathPrefix + java.lang.Integer.toString(counter)) + .png)): null

2018-12-14 00:19:58 - [TEST_STEP][PASSED] - Statement - counter = counter + 1: null

2018-12-14 00:19:58 - [TEST_STEP][PASSED] - Statement - PreSaveFile = new java.io.File(((pathPrefix + java.lang.Integer.toString(counter)) + .png)): null

2018-12-14 00:19:58 - [TEST_STEP][PASSED] - Statement - counter = counter + 1: null

2018-12-14 00:19:58 - [TEST_STEP][PASSED] - Statement - PreSaveFile = new java.io.File(((pathPrefix + java.lang.Integer.toString(counter)) + .png)): null

2018-12-14 00:19:58 - [TEST_STEP][PASSED] - Statement - counter = counter + 1: null

2018-12-14 00:19:58 - [TEST_STEP][PASSED] - Statement - PreSaveFile = new java.io.File(((pathPrefix + java.lang.Integer.toString(counter)) + .png)): null

2018-12-14 00:19:58 - [TEST_STEP][PASSED] - Statement - counter = counter + 1: null

2018-12-14 00:19:58 - [TEST_STEP][PASSED] - Statement - PreSaveFile = new java.io.File(((pathPrefix + java.lang.Integer.toString(counter)) + .png)): null

2018-12-14 00:19:58 - [TEST_STEP][PASSED] - Statement - counter = counter + 1: null

2018-12-14 00:19:58 - [TEST_STEP][PASSED] - Statement - PreSaveFile = new java.io.File(((pathPrefix + java.lang.Integer.toString(counter)) + .png)): null

2018-12-14 00:19:58 - [TEST_STEP][PASSED] - Statement - counter = counter + 1: null

2018-12-14 00:19:58 - [TEST_STEP][PASSED] - Statement - PreSaveFile = new java.io.File(((pathPrefix + java.lang.Integer.toString(counter)) + .png)): null

2018-12-14 00:19:58 - [TEST_STEP][PASSED] - Statement - counter = counter + 1: null

2018-12-14 00:19:58 - [TEST_STEP][PASSED] - Statement - PreSaveFile = new java.io.File(((pathPrefix + java.lang.Integer.toString(counter)) + .png)): null

2018-12-14 00:19:58 - [TEST_STEP][PASSED] - Statement - counter = counter + 1: null

2018-12-14 00:19:58 - [TEST_STEP][PASSED] - Statement - PreSaveFile = new java.io.File(((pathPrefix + java.lang.Integer.toString(counter)) + .png)): null

2018-12-14 00:19:58 - [TEST_STEP][PASSED] - Statement - counter = counter + 1: null

2018-12-14 00:19:58 - [TEST_STEP][PASSED] - Statement - PreSaveFile = new java.io.File(((pathPrefix + java.lang.Integer.toString(counter)) + .png)): null

2018-12-14 00:19:58 - [TEST_STEP][PASSED] - Statement - counter = counter + 1: null

2018-12-14 00:19:58 - [TEST_STEP][PASSED] - Statement - PreSaveFile = new java.io.File(((pathPrefix + java.lang.Integer.toString(counter)) + .png)): null

2018-12-14 00:19:58 - [TEST_STEP][PASSED] - Statement - counter = counter + 1: null

2018-12-14 00:19:58 - [TEST_STEP][PASSED] - Statement - PreSaveFile = new java.io.File(((pathPrefix + java.lang.Integer.toString(counter)) + .png)): null

2018-12-14 00:19:58 - [TEST_STEP][PASSED] - Statement - counter = counter + 1: null

2018-12-14 00:19:58 - [TEST_STEP][PASSED] - Statement - PreSaveFile = new java.io.File(((pathPrefix + java.lang.Integer.toString(counter)) + .png)): null

2018-12-14 00:19:58 - [TEST_STEP][PASSED] - Statement - counter = counter + 1: null

2018-12-14 00:19:58 - [TEST_STEP][PASSED] - Statement - PreSaveFile = new java.io.File(((pathPrefix + java.lang.Integer.toString(counter)) + .png)): null

2018-12-14 00:19:58 - [TEST_STEP][PASSED] - Statement - counter = counter + 1: null

2018-12-14 00:19:58 - [TEST_STEP][PASSED] - Statement - PreSaveFile = new java.io.File(((pathPrefix + java.lang.Integer.toString(counter)) + .png)): null

2018-12-14 00:19:58 - [TEST_STEP][PASSED] - Statement - counter = counter + 1: null

2018-12-14 00:19:58 - [TEST_STEP][PASSED] - Statement - PreSaveFile = new java.io.File(((pathPrefix + java.lang.Integer.toString(counter)) + .png)): null

2018-12-14 00:19:58 - [TEST_STEP][PASSED] - Statement - counter = counter + 1: null

2018-12-14 00:19:58 - [TEST_STEP][PASSED] - Statement - PreSaveFile = new java.io.File(((pathPrefix + java.lang.Integer.toString(counter)) + .png)): null

2018-12-14 00:19:58 - [TEST_STEP][PASSED] - Statement - counter = counter + 1: null

2018-12-14 00:19:58 - [TEST_STEP][PASSED] - Statement - PreSaveFile = new java.io.File(((pathPrefix + java.lang.Integer.toString(counter)) + .png)): null

2018-12-14 00:19:58 - [TEST_STEP][PASSED] - Statement - counter = counter + 1: null

2018-12-14 00:19:58 - [TEST_STEP][PASSED] - Statement - PreSaveFile = new java.io.File(((pathPrefix + java.lang.Integer.toString(counter)) + .png)): null

2018-12-14 00:19:58 - [TEST_STEP][PASSED] - Statement - counter = counter + 1: null

2018-12-14 00:19:58 - [TEST_STEP][PASSED] - Statement - PreSaveFile = new java.io.File(((pathPrefix + java.lang.Integer.toString(counter)) + .png)): null

2018-12-14 00:19:58 - [TEST_STEP][PASSED] - Statement - counter = counter + 1: null

2018-12-14 00:19:58 - [TEST_STEP][PASSED] - Statement - PreSaveFile = new java.io.File(((pathPrefix + java.lang.Integer.toString(counter)) + .png)): null

2018-12-14 00:19:58 - [TEST_STEP][PASSED] - Statement - counter = counter + 1: null

2018-12-14 00:19:58 - [TEST_STEP][PASSED] - Statement - PreSaveFile = new java.io.File(((pathPrefix + java.lang.Integer.toString(counter)) + .png)): null

2018-12-14 00:19:58 - [TEST_STEP][PASSED] - Statement - counter = counter + 1: null

2018-12-14 00:19:58 - [TEST_STEP][PASSED] - Statement - PreSaveFile = new java.io.File(((pathPrefix + java.lang.Integer.toString(counter)) + .png)): null

2018-12-14 00:19:58 - [TEST_STEP][PASSED] - Statement - counter = counter + 1: null

2018-12-14 00:19:58 - [TEST_STEP][PASSED] - Statement - PreSaveFile = new java.io.File(((pathPrefix + java.lang.Integer.toString(counter)) + .png)): null

2018-12-14 00:19:58 - [TEST_STEP][PASSED] - Statement - counter = counter + 1: null

2018-12-14 00:19:58 - [TEST_STEP][PASSED] - Statement - PreSaveFile = new java.io.File(((pathPrefix + java.lang.Integer.toString(counter)) + .png)): null

2018-12-14 00:19:58 - [TEST_STEP][PASSED] - Statement - counter = counter + 1: null

2018-12-14 00:19:58 - [TEST_STEP][PASSED] - Statement - PreSaveFile = new java.io.File(((pathPrefix + java.lang.Integer.toString(counter)) + .png)): null

2018-12-14 00:19:58 - [TEST_STEP][PASSED] - Statement - counter = counter + 1: null

2018-12-14 00:19:58 - [TEST_STEP][PASSED] - Statement - PreSaveFile = new java.io.File(((pathPrefix + java.lang.Integer.toString(counter)) + .png)): null

2018-12-14 00:19:58 - [TEST_STEP][PASSED] - Statement - counter = counter + 1: null

2018-12-14 00:19:58 - [TEST_STEP][PASSED] - Statement - PreSaveFile = new java.io.File(((pathPrefix + java.lang.Integer.toString(counter)) + .png)): null

2018-12-14 00:19:58 - [TEST_STEP][PASSED] - Statement - counter = counter + 1: null

2018-12-14 00:19:58 - [TEST_STEP][PASSED] - Statement - PreSaveFile = new java.io.File(((pathPrefix + java.lang.Integer.toString(counter)) + .png)): null

2018-12-14 00:19:58 - [TEST_STEP][PASSED] - Statement - counter = counter + 1: null

2018-12-14 00:19:58 - [TEST_STEP][PASSED] - Statement - PreSaveFile = new java.io.File(((pathPrefix + java.lang.Integer.toString(counter)) + .png)): null

2018-12-14 00:19:58 - [TEST_STEP][PASSED] - Statement - counter = counter + 1: null

2018-12-14 00:19:59 - [TEST_STEP][PASSED] - Statement - PreSaveFile = new java.io.File(((pathPrefix + java.lang.Integer.toString(counter)) + .png)): null

2018-12-14 00:19:59 - [TEST_STEP][PASSED] - Statement - counter = counter + 1: null

2018-12-14 00:19:59 - [TEST_STEP][PASSED] - Statement - PreSaveFile = new java.io.File(((pathPrefix + java.lang.Integer.toString(counter)) + .png)): null

2018-12-14 00:19:59 - [TEST_STEP][PASSED] - Statement - counter = counter + 1: null

2018-12-14 00:19:59 - [TEST_STEP][PASSED] - Statement - PreSaveFile = new java.io.File(((pathPrefix + java.lang.Integer.toString(counter)) + .png)): null

2018-12-14 00:19:59 - [TEST_STEP][PASSED] - Statement - counter = counter + 1: null

2018-12-14 00:19:59 - [TEST_STEP][PASSED] - Statement - PreSaveFile = new java.io.File(((pathPrefix + java.lang.Integer.toString(counter)) + .png)): null

2018-12-14 00:19:59 - [TEST_STEP][PASSED] - Statement - counter = counter + 1: null

2018-12-14 00:19:59 - [TEST_STEP][PASSED] - Statement - PreSaveFile = new java.io.File(((pathPrefix + java.lang.Integer.toString(counter)) + .png)): null

2018-12-14 00:19:59 - [TEST_STEP][PASSED] - Statement - counter = counter + 1: null

2018-12-14 00:19:59 - [TEST_STEP][PASSED] - Statement - PreSaveFile = new java.io.File(((pathPrefix + java.lang.Integer.toString(counter)) + .png)): null

2018-12-14 00:19:59 - [TEST_STEP][PASSED] - Statement - counter = counter + 1: null

2018-12-14 00:19:59 - [TEST_STEP][PASSED] - Statement - PreSaveFile = new java.io.File(((pathPrefix + java.lang.Integer.toString(counter)) + .png)): null

2018-12-14 00:19:59 - [TEST_STEP][PASSED] - Statement - counter = counter + 1: null

2018-12-14 00:19:59 - [TEST_STEP][PASSED] - Statement - PreSaveFile = new java.io.File(((pathPrefix + java.lang.Integer.toString(counter)) + .png)): null

2018-12-14 00:19:59 - [TEST_STEP][PASSED] - Statement - counter = counter + 1: null

2018-12-14 00:19:59 - [TEST_STEP][PASSED] - Statement - PreSaveFile = new java.io.File(((pathPrefix + java.lang.Integer.toString(counter)) + .png)): null

2018-12-14 00:19:59 - [TEST_STEP][PASSED] - Statement - counter = counter + 1: null

2018-12-14 00:19:59 - [TEST_STEP][PASSED] - Statement - PreSaveFile = new java.io.File(((pathPrefix + java.lang.Integer.toString(counter)) + .png)): null

2018-12-14 00:19:59 - [TEST_STEP][PASSED] - Statement - counter = counter + 1: null

2018-12-14 00:19:59 - [TEST_STEP][PASSED] - Statement - PreSaveFile = new java.io.File(((pathPrefix + java.lang.Integer.toString(counter)) + .png)): null

2018-12-14 00:19:59 - [TEST_STEP][PASSED] - Statement - counter = counter + 1: null

2018-12-14 00:19:59 - [TEST_STEP][PASSED] - Statement - PreSaveFile = new java.io.File(((pathPrefix + java.lang.Integer.toString(counter)) + .png)): null

2018-12-14 00:19:59 - [TEST_STEP][PASSED] - Statement - counter = counter + 1: null

2018-12-14 00:19:59 - [TEST_STEP][PASSED] - Statement - PreSaveFile = new java.io.File(((pathPrefix + java.lang.Integer.toString(counter)) + .png)): null

2018-12-14 00:19:59 - [TEST_STEP][PASSED] - Statement - counter = counter + 1: null

2018-12-14 00:19:59 - [TEST_STEP][PASSED] - Statement - PreSaveFile = new java.io.File(((pathPrefix + java.lang.Integer.toString(counter)) + .png)): null

2018-12-14 00:19:59 - [TEST_STEP][PASSED] - Statement - counter = counter + 1: null

2018-12-14 00:19:59 - [TEST_STEP][PASSED] - Statement - PreSaveFile = new java.io.File(((pathPrefix + java.lang.Integer.toString(counter)) + .png)): null

2018-12-14 00:19:59 - [TEST_STEP][PASSED] - Statement - counter = counter + 1: null

2018-12-14 00:19:59 - [TEST_STEP][PASSED] - Statement - PreSaveFile = new java.io.File(((pathPrefix + java.lang.Integer.toString(counter)) + .png)): null

2018-12-14 00:19:59 - [TEST_STEP][PASSED] - Statement - counter = counter + 1: null

2018-12-14 00:19:59 - [TEST_STEP][PASSED] - Statement - PreSaveFile = new java.io.File(((pathPrefix + java.lang.Integer.toString(counter)) + .png)): null

2018-12-14 00:19:59 - [TEST_STEP][PASSED] - Statement - counter = counter + 1: null

2018-12-14 00:19:59 - [TEST_STEP][PASSED] - Statement - PreSaveFile = new java.io.File(((pathPrefix + java.lang.Integer.toString(counter)) + .png)): null

2018-12-14 00:19:59 - [TEST_STEP][PASSED] - Statement - counter = counter + 1: null

2018-12-14 00:19:59 - [TEST_STEP][PASSED] - Statement - PreSaveFile = new java.io.File(((pathPrefix + java.lang.Integer.toString(counter)) + .png)): null

2018-12-14 00:19:59 - [TEST_STEP][PASSED] - Statement - counter = counter + 1: null

2018-12-14 00:19:59 - [TEST_STEP][PASSED] - Statement - PreSaveFile = new java.io.File(((pathPrefix + java.lang.Integer.toString(counter)) + .png)): null

2018-12-14 00:19:59 - [TEST_STEP][PASSED] - Statement - counter = counter + 1: null

2018-12-14 00:19:59 - [TEST_STEP][PASSED] - Statement - PreSaveFile = new java.io.File(((pathPrefix + java.lang.Integer.toString(counter)) + .png)): null

2018-12-14 00:19:59 - [TEST_STEP][PASSED] - Statement - counter = counter + 1: null

2018-12-14 00:19:59 - [TEST_STEP][PASSED] - Statement - PreSaveFile = new java.io.File(((pathPrefix + java.lang.Integer.toString(counter)) + .png)): null

2018-12-14 00:19:59 - [TEST_STEP][PASSED] - Statement - counter = counter + 1: null

2018-12-14 00:19:59 - [TEST_STEP][PASSED] - Statement - PreSaveFile = new java.io.File(((pathPrefix + java.lang.Integer.toString(counter)) + .png)): null

2018-12-14 00:19:59 - [TEST_STEP][PASSED] - Statement - counter = counter + 1: null

2018-12-14 00:19:59 - [TEST_STEP][PASSED] - Statement - PreSaveFile = new java.io.File(((pathPrefix + java.lang.Integer.toString(counter)) + .png)): null

2018-12-14 00:19:59 - [TEST_STEP][PASSED] - Statement - counter = counter + 1: null

2018-12-14 00:19:59 - [TEST_STEP][PASSED] - Statement - PreSaveFile = new java.io.File(((pathPrefix + java.lang.Integer.toString(counter)) + .png)): null

2018-12-14 00:19:59 - [TEST_STEP][PASSED] - Statement - counter = counter + 1: null

2018-12-14 00:19:59 - [TEST_STEP][PASSED] - Statement - PreSaveFile = new java.io.File(((pathPrefix + java.lang.Integer.toString(counter)) + .png)): null

2018-12-14 00:19:59 - [TEST_STEP][PASSED] - Statement - counter = counter + 1: null

2018-12-14 00:19:59 - [TEST_STEP][PASSED] - Statement - PreSaveFile = new java.io.File(((pathPrefix + java.lang.Integer.toString(counter)) + .png)): null

2018-12-14 00:19:59 - [TEST_STEP][PASSED] - Statement - counter = counter + 1: null

2018-12-14 00:19:59 - [TEST_STEP][PASSED] - Statement - PreSaveFile = new java.io.File(((pathPrefix + java.lang.Integer.toString(counter)) + .png)): null

2018-12-14 00:19:59 - [TEST_STEP][PASSED] - Statement - counter = counter + 1: null

2018-12-14 00:19:59 - [TEST_STEP][PASSED] - Statement - PreSaveFile = new java.io.File(((pathPrefix + java.lang.Integer.toString(counter)) + .png)): null

2018-12-14 00:19:59 - [TEST_STEP][PASSED] - Statement - counter = counter + 1: null

2018-12-14 00:19:59 - [TEST_STEP][PASSED] - Statement - PreSaveFile = new java.io.File(((pathPrefix + java.lang.Integer.toString(counter)) + .png)): null

2018-12-14 00:19:59 - [TEST_STEP][PASSED] - Statement - counter = counter + 1: null

2018-12-14 00:19:59 - [TEST_STEP][PASSED] - Statement - PreSaveFile = new java.io.File(((pathPrefix + java.lang.Integer.toString(counter)) + .png)): null

2018-12-14 00:19:59 - [TEST_STEP][PASSED] - Statement - counter = counter + 1: null

2018-12-14 00:19:59 - [TEST_STEP][PASSED] - Statement - PreSaveFile = new java.io.File(((pathPrefix + java.lang.Integer.toString(counter)) + .png)): null

2018-12-14 00:19:59 - [TEST_STEP][PASSED] - Statement - counter = counter + 1: null

2018-12-14 00:19:59 - [TEST_STEP][PASSED] - Statement - PreSaveFile = new java.io.File(((pathPrefix + java.lang.Integer.toString(counter)) + .png)): null

2018-12-14 00:19:59 - [TEST_STEP][PASSED] - Statement - counter = counter + 1: null

2018-12-14 00:19:59 - [TEST_STEP][PASSED] - Statement - PreSaveFile = new java.io.File(((pathPrefix + java.lang.Integer.toString(counter)) + .png)): null

2018-12-14 00:19:59 - [TEST_STEP][PASSED] - Statement - counter = counter + 1: null

2018-12-14 00:19:59 - [TEST_STEP][PASSED] - Statement - PreSaveFile = new java.io.File(((pathPrefix + java.lang.Integer.toString(counter)) + .png)): null

2018-12-14 00:19:59 - [TEST_STEP][PASSED] - Statement - counter = counter + 1: null

2018-12-14 00:19:59 - [TEST_STEP][PASSED] - Statement - PreSaveFile = new java.io.File(((pathPrefix + java.lang.Integer.toString(counter)) + .png)): null

2018-12-14 00:19:59 - [TEST_STEP][PASSED] - Statement - counter = counter + 1: null

2018-12-14 00:19:59 - [TEST_STEP][PASSED] - Statement - PreSaveFile = new java.io.File(((pathPrefix + java.lang.Integer.toString(counter)) + .png)): null

2018-12-14 00:19:59 - [TEST_STEP][PASSED] - Statement - counter = counter + 1: null

2018-12-14 00:19:59 - [TEST_STEP][PASSED] - Statement - PreSaveFile = new java.io.File(((pathPrefix + java.lang.Integer.toString(counter)) + .png)): null

2018-12-14 00:19:59 - [TEST_STEP][PASSED] - Statement - counter = counter + 1: null

2018-12-14 00:19:59 - [TEST_STEP][PASSED] - Statement - PreSaveFile = new java.io.File(((pathPrefix + java.lang.Integer.toString(counter)) + .png)): null

2018-12-14 00:19:59 - [TEST_STEP][PASSED] - Statement - counter = counter + 1: null

2018-12-14 00:19:59 - [TEST_STEP][PASSED] - Statement - PreSaveFile = new java.io.File(((pathPrefix + java.lang.Integer.toString(counter)) + .png)): null

2018-12-14 00:19:59 - [TEST_STEP][PASSED] - Statement - counter = counter + 1: null

2018-12-14 00:19:59 - [TEST_STEP][PASSED] - Statement - PreSaveFile = new java.io.File(((pathPrefix + java.lang.Integer.toString(counter)) + .png)): null

2018-12-14 00:19:59 - [TEST_STEP][PASSED] - Statement - counter = counter + 1: null

2018-12-14 00:19:59 - [TEST_STEP][PASSED] - Statement - PreSaveFile = new java.io.File(((pathPrefix + java.lang.Integer.toString(counter)) + .png)): null

2018-12-14 00:19:59 - [TEST_STEP][PASSED] - Statement - counter = counter + 1: null

2018-12-14 00:19:59 - [TEST_STEP][PASSED] - Statement - PreSaveFile = new java.io.File(((pathPrefix + java.lang.Integer.toString(counter)) + .png)): null

2018-12-14 00:19:59 - [TEST_STEP][PASSED] - Statement - counter = counter + 1: null

2018-12-14 00:19:59 - [TEST_STEP][PASSED] - Statement - PreSaveFile = new java.io.File(((pathPrefix + java.lang.Integer.toString(counter)) + .png)): null

2018-12-14 00:19:59 - [TEST_STEP][PASSED] - Statement - counter = counter + 1: null

2018-12-14 00:19:59 - [TEST_STEP][PASSED] - Statement - PreSaveFile = new java.io.File(((pathPrefix + java.lang.Integer.toString(counter)) + .png)): null

2018-12-14 00:19:59 - [TEST_STEP][PASSED] - Statement - counter = counter + 1: null

2018-12-14 00:19:59 - [TEST_STEP][PASSED] - Statement - PreSaveFile = new java.io.File(((pathPrefix + java.lang.Integer.toString(counter)) + .png)): null

2018-12-14 00:19:59 - [TEST_STEP][PASSED] - Statement - counter = counter + 1: null

2018-12-14 00:19:59 - [TEST_STEP][PASSED] - Statement - PreSaveFile = new java.io.File(((pathPrefix + java.lang.Integer.toString(counter)) + .png)): null

2018-12-14 00:19:59 - [TEST_STEP][PASSED] - Statement - counter = counter + 1: null

2018-12-14 00:19:59 - [TEST_STEP][PASSED] - Statement - PreSaveFile = new java.io.File(((pathPrefix + java.lang.Integer.toString(counter)) + .png)): null

2018-12-14 00:19:59 - [TEST_STEP][PASSED] - Statement - counter = counter + 1: null

2018-12-14 00:19:59 - [TEST_STEP][PASSED] - Statement - PreSaveFile = new java.io.File(((pathPrefix + java.lang.Integer.toString(counter)) + .png)): null

2018-12-14 00:19:59 - [TEST_STEP][PASSED] - Statement - counter = counter + 1: null

2018-12-14 00:19:59 - [TEST_STEP][PASSED] - Statement - PreSaveFile = new java.io.File(((pathPrefix + java.lang.Integer.toString(counter)) + .png)): null

2018-12-14 00:19:59 - [TEST_STEP][PASSED] - Statement - counter = counter + 1: null

2018-12-14 00:19:59 - [TEST_STEP][PASSED] - Statement - PreSaveFile = new java.io.File(((pathPrefix + java.lang.Integer.toString(counter)) + .png)): null

2018-12-14 00:19:59 - [TEST_STEP][PASSED] - Statement - counter = counter + 1: null

2018-12-14 00:19:59 - [TEST_STEP][PASSED] - Statement - PreSaveFile = new java.io.File(((pathPrefix + java.lang.Integer.toString(counter)) + .png)): null

2018-12-14 00:19:59 - [TEST_STEP][PASSED] - Statement - counter = counter + 1: null

2018-12-14 00:19:59 - [TEST_STEP][PASSED] - Statement - PreSaveFile = new java.io.File(((pathPrefix + java.lang.Integer.toString(counter)) + .png)): null

2018-12-14 00:19:59 - [TEST_STEP][PASSED] - Statement - counter = counter + 1: null

2018-12-14 00:19:59 - [TEST_STEP][PASSED] - Statement - PreSaveFile = new java.io.File(((pathPrefix + java.lang.Integer.toString(counter)) + .png)): null

2018-12-14 00:19:59 - [TEST_STEP][PASSED] - Statement - counter = counter + 1: null

2018-12-14 00:19:59 - [TEST_STEP][PASSED] - Statement - PreSaveFile = new java.io.File(((pathPrefix + java.lang.Integer.toString(counter)) + .png)): null

2018-12-14 00:19:59 - [TEST_STEP][PASSED] - Statement - counter = counter + 1: null

2018-12-14 00:19:59 - [TEST_STEP][PASSED] - Statement - PreSaveFile = new java.io.File(((pathPrefix + java.lang.Integer.toString(counter)) + .png)): null

2018-12-14 00:19:59 - [TEST_STEP][PASSED] - Statement - counter = counter + 1: null

2018-12-14 00:19:59 - [TEST_STEP][PASSED] - Statement - PreSaveFile = new java.io.File(((pathPrefix + java.lang.Integer.toString(counter)) + .png)): null

2018-12-14 00:19:59 - [TEST_STEP][PASSED] - Statement - counter = counter + 1: null

2018-12-14 00:19:59 - [TEST_STEP][PASSED] - Statement - PreSaveFile = new java.io.File(((pathPrefix + java.lang.Integer.toString(counter)) + .png)): null

2018-12-14 00:19:59 - [TEST_STEP][PASSED] - Statement - counter = counter + 1: null

2018-12-14 00:19:59 - [TEST_STEP][PASSED] - Statement - PreSaveFile = new java.io.File(((pathPrefix + java.lang.Integer.toString(counter)) + .png)): null

2018-12-14 00:19:59 - [TEST_STEP][PASSED] - Statement - counter = counter + 1: null

2018-12-14 00:19:59 - [TEST_STEP][PASSED] - Statement - PreSaveFile = new java.io.File(((pathPrefix + java.lang.Integer.toString(counter)) + .png)): null

2018-12-14 00:19:59 - [TEST_STEP][PASSED] - Statement - counter = counter + 1: null

2018-12-14 00:19:59 - [TEST_STEP][PASSED] - Statement - PreSaveFile = new java.io.File(((pathPrefix + java.lang.Integer.toString(counter)) + .png)): null

2018-12-14 00:19:59 - [TEST_STEP][PASSED] - Statement - counter = counter + 1: null

2018-12-14 00:19:59 - [TEST_STEP][PASSED] - Statement - PreSaveFile = new java.io.File(((pathPrefix + java.lang.Integer.toString(counter)) + .png)): null

2018-12-14 00:19:59 - [TEST_STEP][PASSED] - Statement - counter = counter + 1: null

2018-12-14 00:19:59 - [TEST_STEP][PASSED] - Statement - PreSaveFile = new java.io.File(((pathPrefix + java.lang.Integer.toString(counter)) + .png)): null

2018-12-14 00:19:59 - [TEST_STEP][PASSED] - Statement - counter = counter + 1: null

2018-12-14 00:19:59 - [TEST_STEP][PASSED] - Statement - PreSaveFile = new java.io.File(((pathPrefix + java.lang.Integer.toString(counter)) + .png)): null

2018-12-14 00:19:59 - [TEST_STEP][PASSED] - Statement - counter = counter + 1: null

2018-12-14 00:19:59 - [TEST_STEP][PASSED] - Statement - PreSaveFile = new java.io.File(((pathPrefix + java.lang.Integer.toString(counter)) + .png)): null

2018-12-14 00:19:59 - [TEST_STEP][PASSED] - Statement - counter = counter + 1: null

2018-12-14 00:19:59 - [TEST_STEP][PASSED] - Statement - PreSaveFile = new java.io.File(((pathPrefix + java.lang.Integer.toString(counter)) + .png)): null

2018-12-14 00:19:59 - [TEST_STEP][PASSED] - Statement - counter = counter + 1: null

2018-12-14 00:19:59 - [TEST_STEP][PASSED] - Statement - PreSaveFile = new java.io.File(((pathPrefix + java.lang.Integer.toString(counter)) + .png)): null

2018-12-14 00:19:59 - [TEST_STEP][PASSED] - Statement - counter = counter + 1: null

2018-12-14 00:19:59 - [TEST_STEP][PASSED] - Statement - PreSaveFile = new java.io.File(((pathPrefix + java.lang.Integer.toString(counter)) + .png)): null

2018-12-14 00:19:59 - [TEST_STEP][PASSED] - Statement - counter = counter + 1: null

2018-12-14 00:19:59 - [TEST_STEP][PASSED] - Statement - PreSaveFile = new java.io.File(((pathPrefix + java.lang.Integer.toString(counter)) + .png)): null

2018-12-14 00:19:59 - [TEST_STEP][PASSED] - Statement - counter = counter + 1: null

2018-12-14 00:19:59 - [TEST_STEP][PASSED] - Statement - PreSaveFile = new java.io.File(((pathPrefix + java.lang.Integer.toString(counter)) + .png)): null

2018-12-14 00:19:59 - [TEST_STEP][PASSED] - Statement - counter = counter + 1: null

2018-12-14 00:19:59 - [TEST_STEP][PASSED] - Statement - PreSaveFile = new java.io.File(((pathPrefix + java.lang.Integer.toString(counter)) + .png)): null

2018-12-14 00:19:59 - [TEST_STEP][PASSED] - Statement - counter = counter + 1: null

2018-12-14 00:19:59 - [TEST_STEP][PASSED] - Statement - PreSaveFile = new java.io.File(((pathPrefix + java.lang.Integer.toString(counter)) + .png)): null

2018-12-14 00:19:59 - [TEST_STEP][PASSED] - Statement - counter = counter + 1: null

2018-12-14 00:19:59 - [TEST_STEP][PASSED] - Statement - PreSaveFile = new java.io.File(((pathPrefix + java.lang.Integer.toString(counter)) + .png)): null

2018-12-14 00:19:59 - [TEST_STEP][PASSED] - Statement - counter = counter + 1: null

2018-12-14 00:19:59 - [TEST_STEP][PASSED] - Statement - PreSaveFile = new java.io.File(((pathPrefix + java.lang.Integer.toString(counter)) + .png)): null

2018-12-14 00:19:59 - [TEST_STEP][PASSED] - Statement - counter = counter + 1: null

2018-12-14 00:19:59 - [TEST_STEP][PASSED] - Statement - PreSaveFile = new java.io.File(((pathPrefix + java.lang.Integer.toString(counter)) + .png)): null

2018-12-14 00:19:59 - [TEST_STEP][PASSED] - Statement - counter = counter + 1: null

2018-12-14 00:19:59 - [TEST_STEP][PASSED] - Statement - PreSaveFile = new java.io.File(((pathPrefix + java.lang.Integer.toString(counter)) + .png)): null

2018-12-14 00:19:59 - [TEST_STEP][PASSED] - Statement - counter = counter + 1: null

2018-12-14 00:19:59 - [TEST_STEP][PASSED] - Statement - PreSaveFile = new java.io.File(((pathPrefix + java.lang.Integer.toString(counter)) + .png)): null

2018-12-14 00:19:59 - [TEST_STEP][PASSED] - Statement - counter = counter + 1: null

2018-12-14 00:19:59 - [TEST_STEP][PASSED] - Statement - PreSaveFile = new java.io.File(((pathPrefix + java.lang.Integer.toString(counter)) + .png)): null

2018-12-14 00:19:59 - [TEST_STEP][PASSED] - Statement - counter = counter + 1: null

2018-12-14 00:19:59 - [TEST_STEP][PASSED] - Statement - PreSaveFile = new java.io.File(((pathPrefix + java.lang.Integer.toString(counter)) + .png)): null

2018-12-14 00:19:59 - [TEST_STEP][PASSED] - Statement - counter = counter + 1: null

2018-12-14 00:19:59 - [TEST_STEP][PASSED] - Statement - PreSaveFile = new java.io.File(((pathPrefix + java.lang.Integer.toString(counter)) + .png)): null

2018-12-14 00:19:59 - [TEST_STEP][PASSED] - Statement - counter = counter + 1: null

2018-12-14 00:19:59 - [TEST_STEP][PASSED] - Statement - PreSaveFile = new java.io.File(((pathPrefix + java.lang.Integer.toString(counter)) + .png)): null

2018-12-14 00:19:59 - [TEST_STEP][PASSED] - Statement - counter = counter + 1: null

2018-12-14 00:19:59 - [TEST_STEP][PASSED] - Statement - PreSaveFile = new java.io.File(((pathPrefix + java.lang.Integer.toString(counter)) + .png)): null

2018-12-14 00:19:59 - [TEST_STEP][PASSED] - Statement - counter = counter + 1: null

2018-12-14 00:19:59 - [TEST_STEP][PASSED] - Statement - PreSaveFile = new java.io.File(((pathPrefix + java.lang.Integer.toString(counter)) + .png)): null

2018-12-14 00:19:59 - [TEST_STEP][PASSED] - Statement - counter = counter + 1: null

2018-12-14 00:19:59 - [TEST_STEP][PASSED] - Statement - PreSaveFile = new java.io.File(((pathPrefix + java.lang.Integer.toString(counter)) + .png)): null

2018-12-14 00:19:59 - [TEST_STEP][PASSED] - Statement - counter = counter + 1: null

2018-12-14 00:19:59 - [TEST_STEP][PASSED] - Statement - PreSaveFile = new java.io.File(((pathPrefix + java.lang.Integer.toString(counter)) + .png)): null

2018-12-14 00:19:59 - [TEST_STEP][PASSED] - Statement - counter = counter + 1: null

2018-12-14 00:19:59 - [TEST_STEP][PASSED] - Statement - PreSaveFile = new java.io.File(((pathPrefix + java.lang.Integer.toString(counter)) + .png)): null

2018-12-14 00:19:59 - [TEST_STEP][PASSED] - Statement - counter = counter + 1: null

2018-12-14 00:19:59 - [TEST_STEP][PASSED] - Statement - PreSaveFile = new java.io.File(((pathPrefix + java.lang.Integer.toString(counter)) + .png)): null

2018-12-14 00:19:59 - [TEST_STEP][PASSED] - Statement - counter = counter + 1: null

2018-12-14 00:19:59 - [TEST_STEP][PASSED] - Statement - PreSaveFile = new java.io.File(((pathPrefix + java.lang.Integer.toString(counter)) + .png)): null

2018-12-14 00:19:59 - [TEST_STEP][PASSED] - Statement - counter = counter + 1: null

2018-12-14 00:19:59 - [TEST_STEP][PASSED] - Statement - PreSaveFile = new java.io.File(((pathPrefix + java.lang.Integer.toString(counter)) + .png)): null

2018-12-14 00:19:59 - [TEST_STEP][PASSED] - Statement - counter = counter + 1: null

2018-12-14 00:19:59 - [TEST_STEP][PASSED] - Statement - PreSaveFile = new java.io.File(((pathPrefix + java.lang.Integer.toString(counter)) + .png)): null

2018-12-14 00:19:59 - [TEST_STEP][PASSED] - Statement - counter = counter + 1: null

2018-12-14 00:19:59 - [TEST_STEP][PASSED] - Statement - PreSaveFile = new java.io.File(((pathPrefix + java.lang.Integer.toString(counter)) + .png)): null

2018-12-14 00:19:59 - [TEST_STEP][PASSED] - Statement - counter = counter + 1: null

2018-12-14 00:19:59 - [TEST_STEP][PASSED] - Statement - PreSaveFile = new java.io.File(((pathPrefix + java.lang.Integer.toString(counter)) + .png)): null

2018-12-14 00:19:59 - [TEST_STEP][PASSED] - Statement - counter = counter + 1: null

2018-12-14 00:19:59 - [TEST_STEP][PASSED] - Statement - PreSaveFile = new java.io.File(((pathPrefix + java.lang.Integer.toString(counter)) + .png)): null

2018-12-14 00:19:59 - [TEST_STEP][PASSED] - Statement - counter = counter + 1: null

2018-12-14 00:19:59 - [TEST_STEP][PASSED] - Statement - PreSaveFile = new java.io.File(((pathPrefix + java.lang.Integer.toString(counter)) + .png)): null

2018-12-14 00:19:59 - [TEST_STEP][PASSED] - Statement - counter = counter + 1: null

2018-12-14 00:19:59 - [TEST_STEP][PASSED] - Statement - PreSaveFile = new java.io.File(((pathPrefix + java.lang.Integer.toString(counter)) + .png)): null

2018-12-14 00:19:59 - [TEST_STEP][PASSED] - Statement - counter = counter + 1: null

2018-12-14 00:19:59 - [TEST_STEP][PASSED] - Statement - PreSaveFile = new java.io.File(((pathPrefix + java.lang.Integer.toString(counter)) + .png)): null

2018-12-14 00:19:59 - [TEST_STEP][PASSED] - Statement - counter = counter + 1: null

2018-12-14 00:19:59 - [TEST_STEP][PASSED] - Statement - PreSaveFile = new java.io.File(((pathPrefix + java.lang.Integer.toString(counter)) + .png)): null

2018-12-14 00:19:59 - [TEST_STEP][PASSED] - Statement - counter = counter + 1: null

2018-12-14 00:19:59 - [TEST_STEP][PASSED] - Statement - PreSaveFile = new java.io.File(((pathPrefix + java.lang.Integer.toString(counter)) + .png)): null

2018-12-14 00:19:59 - [TEST_STEP][PASSED] - Statement - counter = counter + 1: null

2018-12-14 00:19:59 - [TEST_STEP][PASSED] - Statement - PreSaveFile = new java.io.File(((pathPrefix + java.lang.Integer.toString(counter)) + .png)): null

2018-12-14 00:19:59 - [TEST_STEP][PASSED] - Statement - counter = counter + 1: null

2018-12-14 00:19:59 - [TEST_STEP][PASSED] - Statement - PreSaveFile = new java.io.File(((pathPrefix + java.lang.Integer.toString(counter)) + .png)): null

2018-12-14 00:19:59 - [TEST_STEP][PASSED] - Statement - counter = counter + 1: null

2018-12-14 00:19:59 - [TEST_STEP][PASSED] - Statement - PreSaveFile = new java.io.File(((pathPrefix + java.lang.Integer.toString(counter)) + .png)): null

2018-12-14 00:19:59 - [TEST_STEP][PASSED] - Statement - counter = counter + 1: null

2018-12-14 00:19:59 - [TEST_STEP][PASSED] - Statement - PreSaveFile = new java.io.File(((pathPrefix + java.lang.Integer.toString(counter)) + .png)): null

2018-12-14 00:19:59 - [TEST_STEP][PASSED] - Statement - counter = counter + 1: null

2018-12-14 00:19:59 - [TEST_STEP][PASSED] - Statement - PreSaveFile = new java.io.File(((pathPrefix + java.lang.Integer.toString(counter)) + .png)): null

2018-12-14 00:19:59 - [TEST_STEP][PASSED] - Statement - finalPath = pathPrefix + java.lang.Integer.toString(counter) + ".png": null

2018-12-14 00:19:59 - [TEST_STEP][PASSED] - Statement - SaveFile = new java.io.File(finalPath): null

2018-12-14 00:19:59 - [TEST_STEP][PASSED] - Statement - Try: null

2018-12-14 00:19:59 - [TEST_STEP][PASSED] - Statement - org.apache.commons.io.FileUtils.copyFile(scrFile, SaveFile): null

2018-12-14 00:19:59 - [TEST_STEP][PASSED] - Statement - out.println("file kept"): null

2018-12-14 00:19:59 - [TEST_STEP][PASSED] - delay: Delayed 10 second(s)

2018-12-14 00:20:09 - [MESSAGE][PASSED] - Delayed 10 second(s)

2018-12-14 00:20:09 - [MESSAGE][PASSED] - Call Test Case 'Test Cases/Final Aug 2018 - PKS Automation/Registration Module/New Registration/Submit and Screenshot/Submit Registration and Screenshot' successfully

2018-12-14 00:20:09 - [TEST_STEP][PASSED] - callTestCase: Call Test Case 'Test Cases/Final Aug 2018 - PKS Automation/Registration Module/Log Out/log out avoiding katalon tagging' successfully

2018-12-14 00:20:09 - [TEST_CASE][PASSED] - Test Cases/Final Aug 2018 - PKS Automation/Registration Module/Log Out/log out avoiding katalon tagging: Test Cases/Final Aug 2018 - PKS Automation/Registration Module/Log Out/log out avoiding katalon tagging

2018-12-14 00:20:09 - [TEST_STEP][PASSED] - navigateToUrl: Navigate to 'https://assist2-uat.perkeso.gov.my/c/portal/logout' successfully

2018-12-14 00:20:10 - [MESSAGE][PASSED] - Navigate to 'https://assist2-uat.perkeso.gov.my/c/portal/logout' successfully

2018-12-14 00:20:10 - [MESSAGE][PASSED] - Call Test Case 'Test Cases/Final Aug 2018 - PKS Automation/Registration Module/Log Out/log out avoiding katalon tagging' successfully

2018-12-14 00:20:10 - [TEST_STEP][PASSED] - callTestCase: Call Test Case 'Test Cases/Final Aug 2018 - PKS Automation/Common/Workflow Owner Finder' successfully

2018-12-14 00:20:10 - [TEST_CASE][PASSED] - Test Cases/Final Aug 2018 - PKS Automation/Common/Workflow Owner Finder: Test Cases/Final Aug 2018 - PKS Automation/Common/Workflow Owner Finder

2018-12-14 00:20:10 - [TEST_STEP][PASSED] - openBrowser: Browser is opened with url: ''

2018-12-14 00:20:10 - [MESSAGE][WARNING] - A browser is already opened. Closing browser and opening a new one

2018-12-14 00:20:14 - [MESSAGE][PASSED] - Browser is opened with url: ''

2018-12-14 00:20:14 - [TEST_STEP][PASSED] - navigateToUrl: Navigate to 'https://assist2-uat.perkeso.gov.my/login' successfully

2018-12-14 00:20:15 - [MESSAGE][PASSED] - Navigate to 'https://assist2-uat.perkeso.gov.my/login' successfully

2018-12-14 00:20:15 - [TEST_STEP][PASSED] - delay: Delayed 5 second(s)

2018-12-14 00:20:20 - [MESSAGE][PASSED] - Delayed 5 second(s)

2018-12-14 00:20:20 - [TEST_STEP][PASSED] - setText: Text 'test@liferay.com' is set on object 'Object Repository/Final Object Repo/Login Page/Internal User/Email Address'

2018-12-14 00:20:20 - [MESSAGE][PASSED] - Text 'test@liferay.com' is set on object 'Object Repository/Final Object Repo/Login Page/Internal User/Email Address'

2018-12-14 00:20:20 - [TEST_STEP][PASSED] - click: Object: 'Object Repository/Final Object Repo/Login Page/Internal User/Next Button' is clicked on

2018-12-14 00:20:21 - [MESSAGE][PASSED] - Object: 'Object Repository/Final Object Repo/Login Page/Internal User/Next Button' is clicked on

2018-12-14 00:20:21 - [TEST_STEP][PASSED] - delay: Delayed 2 second(s)

2018-12-14 00:20:23 - [MESSAGE][PASSED] - Delayed 2 second(s)

2018-12-14 00:20:23 - [TEST_STEP][PASSED] - setText: Text 'test' is set on object 'Object Repository/Final Object Repo/Login Page/Internal User/Password'

2018-12-14 00:20:23 - [MESSAGE][PASSED] - Text 'test' is set on object 'Object Repository/Final Object Repo/Login Page/Internal User/Password'

2018-12-14 00:20:23 - [TEST_STEP][PASSED] - delay: Delayed 2 second(s)

2018-12-14 00:20:25 - [MESSAGE][PASSED] - Delayed 2 second(s)

2018-12-14 00:20:25 - [TEST_STEP][PASSED] - click: Object: 'Object Repository/Final Object Repo/Login Page/Internal User/Login Button' is clicked on

2018-12-14 00:20:25 - [MESSAGE][PASSED] - Object: 'Object Repository/Final Object Repo/Login Page/Internal User/Login Button' is clicked on

2018-12-14 00:20:25 - [TEST_STEP][PASSED] - Statement - tester = com.kms.katalon.core.testobject.ObjectRepository.findTestObject(Final Object Repo/Landing Page/Select to English): Finding Test Object with id 'Object Repository/Final Object Repo/Landing Page/Select to English'

2018-12-14 00:20:25 - [TEST_STEP][PASSED] - Statement - Try: Delayed 2 second(s)

2018-12-14 00:20:25 - [TEST_STEP][PASSED] - Statement - Checker = com.kms.katalon.core.webui.keyword.WebUiBuiltInKeywords.verifyElementNotPresent(tester, 3): Web element with id: 'Object Repository/Final Object Repo/Landing Page/Select to English' located by 'By.xpath: //a[@class = 'taglib-language-list-text' and @lang = 'en-US' and (contains(text(), 'EN') or contains(., 'EN'))]' is not present after '3' second(s)

2018-12-14 00:20:27 - [MESSAGE][PASSED] - Web element with id: 'Object Repository/Final Object Repo/Landing Page/Select to English' located by 'By.xpath: //a[@class = 'taglib-language-list-text' and @lang = 'en-US' and (contains(text(), 'EN') or contains(., 'EN'))]' is not present after '3' second(s)

2018-12-14 00:20:27 - [TEST_STEP][PASSED] - Statement - If (Checker == false): null

2018-12-14 00:20:27 - [TEST_STEP][PASSED] - delay: Delayed 2 second(s)

2018-12-14 00:20:29 - [MESSAGE][PASSED] - Delayed 2 second(s)

2018-12-14 00:20:29 - [TEST_STEP][PASSED] - delay: Delayed 5 second(s)

2018-12-14 00:20:34 - [MESSAGE][PASSED] - Delayed 5 second(s)

2018-12-14 00:20:34 - [TEST_STEP][PASSED] - mouseOver: Object: 'Object Repository/Final Object Repo/Landing Page/WorkFlow Menu' is hovered

2018-12-14 00:20:34 - [MESSAGE][PASSED] - Object: 'Object Repository/Final Object Repo/Landing Page/WorkFlow Menu' is hovered

2018-12-14 00:20:34 - [TEST_STEP][PASSED] - delay: Delayed 2 second(s)

2018-12-14 00:20:36 - [MESSAGE][PASSED] - Delayed 2 second(s)

2018-12-14 00:20:36 - [TEST_STEP][PASSED] - click: Object: 'Object Repository/Final Object Repo/Landing Page/Select to Workflow Listing' is clicked on

2018-12-14 00:20:37 - [MESSAGE][PASSED] - Object: 'Object Repository/Final Object Repo/Landing Page/Select to Workflow Listing' is clicked on

2018-12-14 00:20:37 - [TEST_STEP][PASSED] - delay: Delayed 2 second(s)

2018-12-14 00:20:39 - [MESSAGE][PASSED] - Delayed 2 second(s)

2018-12-14 00:20:39 - [TEST_STEP][PASSED] - click: Object: 'Object Repository/Final Object Repo/WorkFlow Listing Page/Search Information - To Put Ref No' is clicked on

2018-12-14 00:20:39 - [MESSAGE][PASSED] - Object: 'Object Repository/Final Object Repo/WorkFlow Listing Page/Search Information - To Put Ref No' is clicked on

2018-12-14 00:20:39 - [TEST_STEP][PASSED] - delay: Delayed 2 second(s)

2018-12-14 00:20:41 - [MESSAGE][PASSED] - Delayed 2 second(s)

2018-12-14 00:20:41 - [TEST_STEP][PASSED] - callTestCase: Call Test Case 'Test Cases/Final Aug 2018 - PKS Automation/Common/Reference Number Getter' successfully

2018-12-14 00:20:41 - [TEST_CASE][PASSED] - Test Cases/Final Aug 2018 - PKS Automation/Common/Reference Number Getter: Test Cases/Final Aug 2018 - PKS Automation/Common/Reference Number Getter

2018-12-14 00:20:41 - [TEST_STEP][PASSED] - Statement - Try: null

2018-12-14 00:20:41 - [TEST_STEP][PASSED] - Statement - RefNo = new java.io.File(C://Users//Admin//Desktop//PKS//Automation Reference Point//KatalonReference.txt): null

2018-12-14 00:20:41 - [TEST_STEP][PASSED] - Statement - bufferread = new java.io.BufferedReader(new java.io.FileReader(RefNo)): null

2018-12-14 00:20:41 - [TEST_STEP][PASSED] - Statement - readedVal = bufferread.readLine(): null

2018-12-14 00:20:41 - [TEST_STEP][PASSED] - Statement - out.println(CaseReferenceNo): null

2018-12-14 00:20:41 - [TEST_STEP][PASSED] - Statement - out.println(readedVal): null

2018-12-14 00:20:41 - [TEST_STEP][PASSED] - Statement - CaseReferenceNo = "": null

2018-12-14 00:20:41 - [TEST_STEP][PASSED] - Statement - CaseReferenceNo = readedVal: null

2018-12-14 00:20:41 - [MESSAGE][PASSED] - Call Test Case 'Test Cases/Final Aug 2018 - PKS Automation/Common/Reference Number Getter' successfully

2018-12-14 00:20:41 - [TEST_STEP][PASSED] - setText: Text 'CRN12201800123321' is set on object 'Object Repository/Final Object Repo/WorkFlow Listing Page/Ref No Set Text'

2018-12-14 00:20:42 - [MESSAGE][PASSED] - Text 'CRN12201800123321' is set on object 'Object Repository/Final Object Repo/WorkFlow Listing Page/Ref No Set Text'

2018-12-14 00:20:42 - [TEST_STEP][PASSED] - delay: Delayed 2 second(s)

2018-12-14 00:20:44 - [MESSAGE][PASSED] - Delayed 2 second(s)

2018-12-14 00:20:44 - [TEST_STEP][PASSED] - click: Object: 'Object Repository/Final Object Repo/WorkFlow Listing Page/Search Ref No Search Button' is clicked on

2018-12-14 00:20:44 - [MESSAGE][PASSED] - Object: 'Object Repository/Final Object Repo/WorkFlow Listing Page/Search Ref No Search Button' is clicked on

2018-12-14 00:20:44 - [TEST_STEP][PASSED] - delay: Delayed 6 second(s)

2018-12-14 00:20:50 - [MESSAGE][PASSED] - Delayed 6 second(s)

2018-12-14 00:20:50 - [TEST_STEP][PASSED] - click: Object: 'Object Repository/Final Object Repo/WorkFlow Listing Page/Click Continue Tooltip' is clicked on

2018-12-14 00:20:51 - [MESSAGE][PASSED] - Object: 'Object Repository/Final Object Repo/WorkFlow Listing Page/Click Continue Tooltip' is clicked on

2018-12-14 00:20:51 - [TEST_STEP][PASSED] - delay: Delayed 5 second(s)

2018-12-14 00:20:56 - [MESSAGE][PASSED] - Delayed 5 second(s)

2018-12-14 00:20:56 - [TEST_STEP][PASSED] - doubleClick: Object: 'Object Repository/Final Object Repo/WorkFlow Listing Page/Workflow Found - Listing 1' is double clicked on

2018-12-14 00:20:56 - [MESSAGE][PASSED] - Object: 'Object Repository/Final Object Repo/WorkFlow Listing Page/Workflow Found - Listing 1' is double clicked on

2018-12-14 00:20:56 - [TEST_STEP][PASSED] - Statement - println(OwnerID): null

2018-12-14 00:20:56 - [TEST_STEP][PASSED] - Statement - OwnerID = com.kms.katalon.core.webui.keyword.WebUiBuiltInKeywords.getText(com.kms.katalon.core.testobject.ObjectRepository.findTestObject(Final Object Repo/WorkFlow Listing Page/Workflow Found - Listing 1), STOP_ON_FAILURE): Text of object 'Object Repository/Final Object Repo/WorkFlow Listing Page/Workflow Found - Listing 1' is: 'JOHORro1'

2018-12-14 00:20:56 - [MESSAGE][PASSED] - Text of object 'Object Repository/Final Object Repo/WorkFlow Listing Page/Workflow Found - Listing 1' is: 'JOHORro1'

2018-12-14 00:20:56 - [TEST_STEP][PASSED] - Statement - OwnerID = OwnerID.toLowerCase() + "@gmail.com": null

2018-12-14 00:20:56 - [TEST_STEP][PASSED] - Statement - println(OwnerID): null

2018-12-14 00:20:56 - [TEST_STEP][PASSED] - delay: Delayed 2 second(s)

2018-12-14 00:20:58 - [MESSAGE][PASSED] - Delayed 2 second(s)

2018-12-14 00:20:58 - [MESSAGE][PASSED] - Call Test Case 'Test Cases/Final Aug 2018 - PKS Automation/Common/Workflow Owner Finder' successfully

2018-12-14 00:20:58 - [TEST_STEP][PASSED] - callTestCase: Call Test Case 'Test Cases/Final Aug 2018 - PKS Automation/Registration Module/Log Out/log out avoiding katalon tagging' successfully

2018-12-14 00:20:58 - [TEST_CASE][PASSED] - Test Cases/Final Aug 2018 - PKS Automation/Registration Module/Log Out/log out avoiding katalon tagging: Test Cases/Final Aug 2018 - PKS Automation/Registration Module/Log Out/log out avoiding katalon tagging

2018-12-14 00:20:58 - [TEST_STEP][PASSED] - navigateToUrl: Navigate to 'https://assist2-uat.perkeso.gov.my/c/portal/logout' successfully

2018-12-14 00:20:59 - [MESSAGE][PASSED] - Navigate to 'https://assist2-uat.perkeso.gov.my/c/portal/logout' successfully

2018-12-14 00:20:59 - [MESSAGE][PASSED] - Call Test Case 'Test Cases/Final Aug 2018 - PKS Automation/Registration Module/Log Out/log out avoiding katalon tagging' successfully

2018-12-14 00:20:59 - [TEST_STEP][PASSED] - delay: Delayed 2 second(s)

2018-12-14 00:21:01 - [MESSAGE][PASSED] - Delayed 2 second(s)

2018-12-14 00:21:01 - [TEST_STEP][PASSED] - setText: Text 'johorro1@gmail.com' is set on object 'Object Repository/Final Object Repo/New Registration - Registration Module Pages/New Reg - OTC to RO/Special Case - All Related Objects/Email TextBox'

2018-12-14 00:21:01 - [MESSAGE][PASSED] - Text 'johorro1@gmail.com' is set on object 'Object Repository/Final Object Repo/New Registration - Registration Module Pages/New Reg - OTC to RO/Special Case - All Related Objects/Email TextBox'

2018-12-14 00:21:01 - [TEST_STEP][PASSED] - click: Object: 'Object Repository/Final Object Repo/New Registration - Registration Module Pages/New Reg - OTC to RO/Special Case - All Related Objects/Next Button' is clicked on

2018-12-14 00:21:02 - [MESSAGE][PASSED] - Object: 'Object Repository/Final Object Repo/New Registration - Registration Module Pages/New Reg - OTC to RO/Special Case - All Related Objects/Next Button' is clicked on

2018-12-14 00:21:02 - [TEST_STEP][PASSED] - delay: Delayed 2 second(s)

2018-12-14 00:21:04 - [MESSAGE][PASSED] - Delayed 2 second(s)

2018-12-14 00:21:04 - [TEST_STEP][PASSED] - setText: Text 'Test1@3456789' is set on object 'Object Repository/Final Object Repo/New Registration - Registration Module Pages/New Reg - OTC to RO/Special Case - All Related Objects/Password TextBox'

2018-12-14 00:21:04 - [MESSAGE][PASSED] - Text 'Test1@3456789' is set on object 'Object Repository/Final Object Repo/New Registration - Registration Module Pages/New Reg - OTC to RO/Special Case - All Related Objects/Password TextBox'

2018-12-14 00:21:04 - [TEST_STEP][PASSED] - delay: Delayed 2 second(s)

2018-12-14 00:21:06 - [MESSAGE][PASSED] - Delayed 2 second(s)

2018-12-14 00:21:06 - [TEST_STEP][PASSED] - click: Object: 'Object Repository/Final Object Repo/New Registration - Registration Module Pages/New Reg - OTC to RO/Special Case - All Related Objects/Login Button' is clicked on

2018-12-14 00:21:06 - [MESSAGE][PASSED] - Object: 'Object Repository/Final Object Repo/New Registration - Registration Module Pages/New Reg - OTC to RO/Special Case - All Related Objects/Login Button' is clicked on

2018-12-14 00:21:06 - [TEST_STEP][PASSED] - delay: Delayed 2 second(s)

2018-12-14 00:21:08 - [MESSAGE][PASSED] - Delayed 2 second(s)

2018-12-14 00:21:08 - [TEST_STEP][PASSED] - Statement - Try: null

2018-12-14 00:21:08 - [TEST_STEP][PASSED] - Statement - Checker = com.kms.katalon.core.webui.keyword.WebUiBuiltInKeywords.verifyElementNotPresent("Final Object Repo/Landing Page/Select to English", 3): null

2018-12-14 00:21:08 - [TEST_STEP][PASSED] - Statement - Catch (Exception e): null

2018-12-14 00:21:08 - [TEST_STEP][PASSED] - Statement - e.printStackTrace(): null

2018-12-14 00:21:08 - [TEST_STEP][PASSED] - click: Object: 'Object Repository/Final Object Repo/New Registration - Registration Module Pages/New Reg - OTC to RO/Special Case - All Related Objects/Expand to Search' is clicked on

2018-12-14 00:21:08 - [MESSAGE][PASSED] - Object: 'Object Repository/Final Object Repo/New Registration - Registration Module Pages/New Reg - OTC to RO/Special Case - All Related Objects/Expand to Search' is clicked on

2018-12-14 00:21:08 - [TEST_STEP][FAILED] - setText: Unable to set text 'CRN12201800123321' of object 'Object Repository/Final Object Repo/New Registration - Registration Module Pages/New Reg - OTC to RO/Special Case - All Related Objects/TextBox RefNo in Workbasket' (Root cause: org.openqa.selenium.ElementNotVisibleException: element not interactable
  (Session info: chrome=70.0.3538.110)
  (Driver info: chromedriver=2.43.600210 (68dcf5eebde37173d4027fa8635e332711d2874a),platform=Windows NT 6.1.7601 SP1 x86_64) (WARNING: The server did not provide any stacktrace information)
Command duration or timeout: 0 milliseconds
Build info: version: '3.7.1', revision: '8a0099a', time: '2017-11-06T21:07:36.161Z'
System info: host: 'WIN7TEST02', ip: '10.20.3.72', os.name: 'Windows 7', os.arch: 'amd64', os.version: '6.1', java.version: '1.8.0_181'
Driver info: com.kms.katalon.selenium.driver.CChromeDriver
Capabilities {acceptInsecureCerts: false, acceptSslCerts: false, applicationCacheEnabled: false, browserConnectionEnabled: false, browserName: chrome, chrome: {chromedriverVersion: 2.43.600210 (68dcf5eebde371..., userDataDir: C:\Users\Admin\AppData\Loca...}, cssSelectorsEnabled: true, databaseEnabled: false, goog:chromeOptions: {debuggerAddress: localhost:62686}, handlesAlerts: true, hasTouchScreen: false, javascriptEnabled: true, locationContextEnabled: true, mobileEmulationEnabled: false, nativeEvents: true, networkConnectionEnabled: false, pageLoadStrategy: normal, platform: XP, platformName: XP, rotatable: false, setWindowRect: true, takesHeapSnapshot: true, takesScreenshot: true, unexpectedAlertBehaviour: , unhandledPromptBehavior: , version: 70.0.3538.110, webStorageEnabled: true}
Session ID: eb2eee937e93abf6b5e5294e46814dab)

2018-12-14 00:21:09 - [MESSAGE][FAILED] - Unable to set text 'CRN12201800123321' of object 'Object Repository/Final Object Repo/New Registration - Registration Module Pages/New Reg - OTC to RO/Special Case - All Related Objects/TextBox RefNo in Workbasket' (Root cause: org.openqa.selenium.ElementNotVisibleException: element not interactable
  (Session info: chrome=70.0.3538.110)
  (Driver info: chromedriver=2.43.600210 (68dcf5eebde37173d4027fa8635e332711d2874a),platform=Windows NT 6.1.7601 SP1 x86_64) (WARNING: The server did not provide any stacktrace information)
Command duration or timeout: 0 milliseconds
Build info: version: '3.7.1', revision: '8a0099a', time: '2017-11-06T21:07:36.161Z'
System info: host: 'WIN7TEST02', ip: '10.20.3.72', os.name: 'Windows 7', os.arch: 'amd64', os.version: '6.1', java.version: '1.8.0_181'
Driver info: com.kms.katalon.selenium.driver.CChromeDriver
Capabilities {acceptInsecureCerts: false, acceptSslCerts: false, applicationCacheEnabled: false, browserConnectionEnabled: false, browserName: chrome, chrome: {chromedriverVersion: 2.43.600210 (68dcf5eebde371..., userDataDir: C:\Users\Admin\AppData\Loca...}, cssSelectorsEnabled: true, databaseEnabled: false, goog:chromeOptions: {debuggerAddress: localhost:62686}, handlesAlerts: true, hasTouchScreen: false, javascriptEnabled: true, locationContextEnabled: true, mobileEmulationEnabled: false, nativeEvents: true, networkConnectionEnabled: false, pageLoadStrategy: normal, platform: XP, platformName: XP, rotatable: false, setWindowRect: true, takesHeapSnapshot: true, takesScreenshot: true, unexpectedAlertBehaviour: , unhandledPromptBehavior: , version: 70.0.3538.110, webStorageEnabled: true}
Session ID: eb2eee937e93abf6b5e5294e46814dab)
[[ATTACHMENT|C:\\Users\\Admin\\Desktop\\PKS\\Perkeso Phase A\\Reports\\Workflow\\New Registration\\20181213_194711\\1544718068807.png]]

2018-12-14 00:21:09 - [TEST_STEP][PASSED] - delay: Delayed 2 second(s)

2018-12-14 00:21:11 - [MESSAGE][PASSED] - Delayed 2 second(s)

2018-12-14 00:21:11 - [TEST_STEP][PASSED] - click: Object: 'Object Repository/Final Object Repo/New Registration - Registration Module Pages/New Reg - OTC to RO/Special Case - All Related Objects/Click Search' is clicked on

2018-12-14 00:21:11 - [MESSAGE][PASSED] - Object: 'Object Repository/Final Object Repo/New Registration - Registration Module Pages/New Reg - OTC to RO/Special Case - All Related Objects/Click Search' is clicked on

2018-12-14 00:21:11 - [TEST_STEP][PASSED] - delay: Delayed 2 second(s)

2018-12-14 00:21:13 - [MESSAGE][PASSED] - Delayed 2 second(s)

2018-12-14 00:21:13 - [TEST_STEP][PASSED] - click: Object: 'Object Repository/Final Object Repo/New Registration - Registration Module Pages/New Reg - OTC to RO/Special Case - All Related Objects/Click to Continue Workflow' is clicked on

2018-12-14 00:21:16 - [MESSAGE][PASSED] - Object: 'Object Repository/Final Object Repo/New Registration - Registration Module Pages/New Reg - OTC to RO/Special Case - All Related Objects/Click to Continue Workflow' is clicked on

2018-12-14 00:21:16 - [TEST_STEP][PASSED] - delay: Delayed 2 second(s)

2018-12-14 00:21:18 - [MESSAGE][PASSED] - Delayed 2 second(s)

2018-12-14 00:21:18 - [TEST_STEP][PASSED] - click: Object: 'Object Repository/Final Object Repo/New Registration - Registration Module Pages/New Reg - OTC to RO/Special Case - All Related Objects/Continue Button in verifying case' is clicked on

2018-12-14 00:21:20 - [MESSAGE][PASSED] - Object: 'Object Repository/Final Object Repo/New Registration - Registration Module Pages/New Reg - OTC to RO/Special Case - All Related Objects/Continue Button in verifying case' is clicked on

2018-12-14 00:21:20 - [TEST_STEP][PASSED] - delay: Delayed 2 second(s)

2018-12-14 00:21:22 - [MESSAGE][PASSED] - Delayed 2 second(s)

2018-12-14 00:21:22 - [TEST_STEP][PASSED] - click: Object: 'Object Repository/Final Object Repo/New Registration - Registration Module Pages/Form 1/Registered As a Branch - Yes' is clicked on

2018-12-14 00:21:22 - [MESSAGE][PASSED] - Object: 'Object Repository/Final Object Repo/New Registration - Registration Module Pages/Form 1/Registered As a Branch - Yes' is clicked on

2018-12-14 00:21:22 - [TEST_STEP][PASSED] - delay: Delayed 2 second(s)

2018-12-14 00:21:24 - [MESSAGE][PASSED] - Delayed 2 second(s)

2018-12-14 00:21:24 - [TEST_STEP][PASSED] - click: Object: 'Object Repository/Final Object Repo/New Registration - Registration Module Pages/New Reg - OTC to RO/Special Case - All Related Objects/Form 1 Save n Continue' is clicked on

2018-12-14 00:21:24 - [MESSAGE][PASSED] - Object: 'Object Repository/Final Object Repo/New Registration - Registration Module Pages/New Reg - OTC to RO/Special Case - All Related Objects/Form 1 Save n Continue' is clicked on

2018-12-14 00:21:24 - [TEST_STEP][PASSED] - delay: Delayed 2 second(s)

2018-12-14 00:21:26 - [MESSAGE][PASSED] - Delayed 2 second(s)

2018-12-14 00:21:26 - [TEST_STEP][PASSED] - click: Object: 'Object Repository/Final Object Repo/New Registration - Registration Module Pages/New Reg - OTC to RO/Special Case - All Related Objects/Form 2 Save n Continue' is clicked on

2018-12-14 00:21:27 - [MESSAGE][PASSED] - Object: 'Object Repository/Final Object Repo/New Registration - Registration Module Pages/New Reg - OTC to RO/Special Case - All Related Objects/Form 2 Save n Continue' is clicked on

2018-12-14 00:21:27 - [TEST_STEP][PASSED] - delay: Delayed 2 second(s)

2018-12-14 00:21:29 - [MESSAGE][PASSED] - Delayed 2 second(s)

2018-12-14 00:21:29 - [TEST_STEP][PASSED] - click: Object: 'Object Repository/Final Object Repo/New Registration - Registration Module Pages/New Reg - OTC to RO/Special Case - All Related Objects/Third Screen Save n Continue' is clicked on

2018-12-14 00:21:34 - [MESSAGE][PASSED] - Object: 'Object Repository/Final Object Repo/New Registration - Registration Module Pages/New Reg - OTC to RO/Special Case - All Related Objects/Third Screen Save n Continue' is clicked on

2018-12-14 00:21:34 - [TEST_STEP][PASSED] - delay: Delayed 5 second(s)

2018-12-14 00:21:39 - [MESSAGE][PASSED] - Delayed 5 second(s)

2018-12-14 00:21:39 - [TEST_STEP][PASSED] - click: Object: 'Object Repository/Final Object Repo/New Registration - Registration Module Pages/New Reg - OTC to RO/Special Case - All Related Objects/Upload Doc Page Save n Continue' is clicked on

2018-12-14 00:21:39 - [MESSAGE][PASSED] - Object: 'Object Repository/Final Object Repo/New Registration - Registration Module Pages/New Reg - OTC to RO/Special Case - All Related Objects/Upload Doc Page Save n Continue' is clicked on

2018-12-14 00:21:39 - [TEST_STEP][PASSED] - callTestCase: Call Test Case 'Test Cases/Final Aug 2018 - PKS Automation/Registration Module/New Registration/Submit and Screenshot/Submit Registration and Screenshot' successfully

2018-12-14 00:21:39 - [TEST_CASE][PASSED] - Test Cases/Final Aug 2018 - PKS Automation/Registration Module/New Registration/Submit and Screenshot/Submit Registration and Screenshot: Test Cases/Final Aug 2018 - PKS Automation/Registration Module/New Registration/Submit and Screenshot/Submit Registration and Screenshot

2018-12-14 00:21:39 - [TEST_STEP][PASSED] - delay: Delayed 6 second(s)

2018-12-14 00:21:45 - [MESSAGE][PASSED] - Delayed 6 second(s)

2018-12-14 00:21:45 - [TEST_STEP][PASSED] - click: Object: 'Object Repository/Final Object Repo/New Registration - Registration Module Pages/Third Screen - Upload Supporting Doc- Preview/Preview Submit Button' is clicked on

2018-12-14 00:21:45 - [MESSAGE][PASSED] - Object: 'Object Repository/Final Object Repo/New Registration - Registration Module Pages/Third Screen - Upload Supporting Doc- Preview/Preview Submit Button' is clicked on

2018-12-14 00:21:45 - [TEST_STEP][PASSED] - delay: Delayed 2 second(s)

2018-12-14 00:21:47 - [MESSAGE][PASSED] - Delayed 2 second(s)

2018-12-14 00:21:47 - [TEST_STEP][PASSED] - click: Object: 'Object Repository/Final Object Repo/New Registration - Registration Module Pages/Third Screen - Upload Supporting Doc- Preview/Preview Submit - Confirm' is clicked on

2018-12-14 00:21:47 - [MESSAGE][PASSED] - Object: 'Object Repository/Final Object Repo/New Registration - Registration Module Pages/Third Screen - Upload Supporting Doc- Preview/Preview Submit - Confirm' is clicked on

2018-12-14 00:21:47 - [TEST_STEP][PASSED] - delay: Delayed 15 second(s)

2018-12-14 00:22:02 - [MESSAGE][PASSED] - Delayed 15 second(s)

2018-12-14 00:22:02 - [TEST_STEP][PASSED] - Statement - driver = com.kms.katalon.core.webui.driver.DriverFactory.getWebDriver(): null

2018-12-14 00:22:02 - [TEST_STEP][PASSED] - Statement - driver.manage().timeouts().implicitlyWait(10, SECONDS): null

2018-12-14 00:22:02 - [TEST_STEP][PASSED] - Statement - PresavePath = KatalonScreenshots: null

2018-12-14 00:22:02 - [TEST_STEP][PASSED] - Statement - pathPrefix = "C:\Users\Public\Pictures\Sample Pictures\Katalon Screenshots\Automate Ending Screen": null

2018-12-14 00:22:02 - [TEST_STEP][PASSED] - Statement - finalPath = <not implemented yet for class: org.codehaus.groovy.ast.expr.EmptyExpression>: null

2018-12-14 00:22:02 - [TEST_STEP][PASSED] - Statement - scrFile = driver.getScreenshotAs(FILE): null

2018-12-14 00:22:03 - [TEST_STEP][PASSED] - Statement - PreSaveFile = new java.io.File(PresavePath): null

2018-12-14 00:22:03 - [TEST_STEP][PASSED] - Statement - counter = 0: null

2018-12-14 00:22:03 - [TEST_STEP][PASSED] - Statement - If (PreSaveFile.exists()): null

2018-12-14 00:22:03 - [TEST_STEP][PASSED] - Statement - While (PreSaveFile.exists()): null

2018-12-14 00:22:03 - [TEST_STEP][PASSED] - Statement - counter = counter + 1: null

2018-12-14 00:22:03 - [TEST_STEP][PASSED] - Statement - PreSaveFile = new java.io.File(((pathPrefix + java.lang.Integer.toString(counter)) + .png)): null

2018-12-14 00:22:03 - [TEST_STEP][PASSED] - Statement - counter = counter + 1: null

2018-12-14 00:22:03 - [TEST_STEP][PASSED] - Statement - PreSaveFile = new java.io.File(((pathPrefix + java.lang.Integer.toString(counter)) + .png)): null

2018-12-14 00:22:03 - [TEST_STEP][PASSED] - Statement - counter = counter + 1: null

2018-12-14 00:22:03 - [TEST_STEP][PASSED] - Statement - PreSaveFile = new java.io.File(((pathPrefix + java.lang.Integer.toString(counter)) + .png)): null

2018-12-14 00:22:03 - [TEST_STEP][PASSED] - Statement - counter = counter + 1: null

2018-12-14 00:22:03 - [TEST_STEP][PASSED] - Statement - PreSaveFile = new java.io.File(((pathPrefix + java.lang.Integer.toString(counter)) + .png)): null

2018-12-14 00:22:03 - [TEST_STEP][PASSED] - Statement - counter = counter + 1: null

2018-12-14 00:22:03 - [TEST_STEP][PASSED] - Statement - PreSaveFile = new java.io.File(((pathPrefix + java.lang.Integer.toString(counter)) + .png)): null

2018-12-14 00:22:03 - [TEST_STEP][PASSED] - Statement - counter = counter + 1: null

2018-12-14 00:22:03 - [TEST_STEP][PASSED] - Statement - PreSaveFile = new java.io.File(((pathPrefix + java.lang.Integer.toString(counter)) + .png)): null

2018-12-14 00:22:03 - [TEST_STEP][PASSED] - Statement - counter = counter + 1: null

2018-12-14 00:22:03 - [TEST_STEP][PASSED] - Statement - PreSaveFile = new java.io.File(((pathPrefix + java.lang.Integer.toString(counter)) + .png)): null

2018-12-14 00:22:03 - [TEST_STEP][PASSED] - Statement - counter = counter + 1: null

2018-12-14 00:22:03 - [TEST_STEP][PASSED] - Statement - PreSaveFile = new java.io.File(((pathPrefix + java.lang.Integer.toString(counter)) + .png)): null

2018-12-14 00:22:03 - [TEST_STEP][PASSED] - Statement - counter = counter + 1: null

2018-12-14 00:22:03 - [TEST_STEP][PASSED] - Statement - PreSaveFile = new java.io.File(((pathPrefix + java.lang.Integer.toString(counter)) + .png)): null

2018-12-14 00:22:03 - [TEST_STEP][PASSED] - Statement - counter = counter + 1: null

2018-12-14 00:22:03 - [TEST_STEP][PASSED] - Statement - PreSaveFile = new java.io.File(((pathPrefix + java.lang.Integer.toString(counter)) + .png)): null

2018-12-14 00:22:03 - [TEST_STEP][PASSED] - Statement - counter = counter + 1: null

2018-12-14 00:22:03 - [TEST_STEP][PASSED] - Statement - PreSaveFile = new java.io.File(((pathPrefix + java.lang.Integer.toString(counter)) + .png)): null

2018-12-14 00:22:03 - [TEST_STEP][PASSED] - Statement - counter = counter + 1: null

2018-12-14 00:22:03 - [TEST_STEP][PASSED] - Statement - PreSaveFile = new java.io.File(((pathPrefix + java.lang.Integer.toString(counter)) + .png)): null

2018-12-14 00:22:03 - [TEST_STEP][PASSED] - Statement - counter = counter + 1: null

2018-12-14 00:22:03 - [TEST_STEP][PASSED] - Statement - PreSaveFile = new java.io.File(((pathPrefix + java.lang.Integer.toString(counter)) + .png)): null

2018-12-14 00:22:03 - [TEST_STEP][PASSED] - Statement - counter = counter + 1: null

2018-12-14 00:22:03 - [TEST_STEP][PASSED] - Statement - PreSaveFile = new java.io.File(((pathPrefix + java.lang.Integer.toString(counter)) + .png)): null

2018-12-14 00:22:03 - [TEST_STEP][PASSED] - Statement - counter = counter + 1: null

2018-12-14 00:22:03 - [TEST_STEP][PASSED] - Statement - PreSaveFile = new java.io.File(((pathPrefix + java.lang.Integer.toString(counter)) + .png)): null

2018-12-14 00:22:03 - [TEST_STEP][PASSED] - Statement - counter = counter + 1: null

2018-12-14 00:22:03 - [TEST_STEP][PASSED] - Statement - PreSaveFile = new java.io.File(((pathPrefix + java.lang.Integer.toString(counter)) + .png)): null

2018-12-14 00:22:03 - [TEST_STEP][PASSED] - Statement - counter = counter + 1: null

2018-12-14 00:22:03 - [TEST_STEP][PASSED] - Statement - PreSaveFile = new java.io.File(((pathPrefix + java.lang.Integer.toString(counter)) + .png)): null

2018-12-14 00:22:03 - [TEST_STEP][PASSED] - Statement - counter = counter + 1: null

2018-12-14 00:22:03 - [TEST_STEP][PASSED] - Statement - PreSaveFile = new java.io.File(((pathPrefix + java.lang.Integer.toString(counter)) + .png)): null

2018-12-14 00:22:03 - [TEST_STEP][PASSED] - Statement - counter = counter + 1: null

2018-12-14 00:22:03 - [TEST_STEP][PASSED] - Statement - PreSaveFile = new java.io.File(((pathPrefix + java.lang.Integer.toString(counter)) + .png)): null

2018-12-14 00:22:03 - [TEST_STEP][PASSED] - Statement - counter = counter + 1: null

2018-12-14 00:22:03 - [TEST_STEP][PASSED] - Statement - PreSaveFile = new java.io.File(((pathPrefix + java.lang.Integer.toString(counter)) + .png)): null

2018-12-14 00:22:03 - [TEST_STEP][PASSED] - Statement - counter = counter + 1: null

2018-12-14 00:22:03 - [TEST_STEP][PASSED] - Statement - PreSaveFile = new java.io.File(((pathPrefix + java.lang.Integer.toString(counter)) + .png)): null

2018-12-14 00:22:03 - [TEST_STEP][PASSED] - Statement - counter = counter + 1: null

2018-12-14 00:22:03 - [TEST_STEP][PASSED] - Statement - PreSaveFile = new java.io.File(((pathPrefix + java.lang.Integer.toString(counter)) + .png)): null

2018-12-14 00:22:03 - [TEST_STEP][PASSED] - Statement - counter = counter + 1: null

2018-12-14 00:22:03 - [TEST_STEP][PASSED] - Statement - PreSaveFile = new java.io.File(((pathPrefix + java.lang.Integer.toString(counter)) + .png)): null

2018-12-14 00:22:03 - [TEST_STEP][PASSED] - Statement - counter = counter + 1: null

2018-12-14 00:22:03 - [TEST_STEP][PASSED] - Statement - PreSaveFile = new java.io.File(((pathPrefix + java.lang.Integer.toString(counter)) + .png)): null

2018-12-14 00:22:03 - [TEST_STEP][PASSED] - Statement - counter = counter + 1: null

2018-12-14 00:22:03 - [TEST_STEP][PASSED] - Statement - PreSaveFile = new java.io.File(((pathPrefix + java.lang.Integer.toString(counter)) + .png)): null

2018-12-14 00:22:03 - [TEST_STEP][PASSED] - Statement - counter = counter + 1: null

2018-12-14 00:22:03 - [TEST_STEP][PASSED] - Statement - PreSaveFile = new java.io.File(((pathPrefix + java.lang.Integer.toString(counter)) + .png)): null

2018-12-14 00:22:03 - [TEST_STEP][PASSED] - Statement - counter = counter + 1: null

2018-12-14 00:22:03 - [TEST_STEP][PASSED] - Statement - PreSaveFile = new java.io.File(((pathPrefix + java.lang.Integer.toString(counter)) + .png)): null

2018-12-14 00:22:03 - [TEST_STEP][PASSED] - Statement - counter = counter + 1: null

2018-12-14 00:22:03 - [TEST_STEP][PASSED] - Statement - PreSaveFile = new java.io.File(((pathPrefix + java.lang.Integer.toString(counter)) + .png)): null

2018-12-14 00:22:03 - [TEST_STEP][PASSED] - Statement - counter = counter + 1: null

2018-12-14 00:22:03 - [TEST_STEP][PASSED] - Statement - PreSaveFile = new java.io.File(((pathPrefix + java.lang.Integer.toString(counter)) + .png)): null

2018-12-14 00:22:03 - [TEST_STEP][PASSED] - Statement - counter = counter + 1: null

2018-12-14 00:22:03 - [TEST_STEP][PASSED] - Statement - PreSaveFile = new java.io.File(((pathPrefix + java.lang.Integer.toString(counter)) + .png)): null

2018-12-14 00:22:03 - [TEST_STEP][PASSED] - Statement - counter = counter + 1: null

2018-12-14 00:22:03 - [TEST_STEP][PASSED] - Statement - PreSaveFile = new java.io.File(((pathPrefix + java.lang.Integer.toString(counter)) + .png)): null

2018-12-14 00:22:03 - [TEST_STEP][PASSED] - Statement - counter = counter + 1: null

2018-12-14 00:22:03 - [TEST_STEP][PASSED] - Statement - PreSaveFile = new java.io.File(((pathPrefix + java.lang.Integer.toString(counter)) + .png)): null

2018-12-14 00:22:03 - [TEST_STEP][PASSED] - Statement - counter = counter + 1: null

2018-12-14 00:22:03 - [TEST_STEP][PASSED] - Statement - PreSaveFile = new java.io.File(((pathPrefix + java.lang.Integer.toString(counter)) + .png)): null

2018-12-14 00:22:03 - [TEST_STEP][PASSED] - Statement - counter = counter + 1: null

2018-12-14 00:22:03 - [TEST_STEP][PASSED] - Statement - PreSaveFile = new java.io.File(((pathPrefix + java.lang.Integer.toString(counter)) + .png)): null

2018-12-14 00:22:03 - [TEST_STEP][PASSED] - Statement - counter = counter + 1: null

2018-12-14 00:22:03 - [TEST_STEP][PASSED] - Statement - PreSaveFile = new java.io.File(((pathPrefix + java.lang.Integer.toString(counter)) + .png)): null

2018-12-14 00:22:03 - [TEST_STEP][PASSED] - Statement - counter = counter + 1: null

2018-12-14 00:22:03 - [TEST_STEP][PASSED] - Statement - PreSaveFile = new java.io.File(((pathPrefix + java.lang.Integer.toString(counter)) + .png)): null

2018-12-14 00:22:03 - [TEST_STEP][PASSED] - Statement - counter = counter + 1: null

2018-12-14 00:22:03 - [TEST_STEP][PASSED] - Statement - PreSaveFile = new java.io.File(((pathPrefix + java.lang.Integer.toString(counter)) + .png)): null

2018-12-14 00:22:03 - [TEST_STEP][PASSED] - Statement - counter = counter + 1: null

2018-12-14 00:22:03 - [TEST_STEP][PASSED] - Statement - PreSaveFile = new java.io.File(((pathPrefix + java.lang.Integer.toString(counter)) + .png)): null

2018-12-14 00:22:03 - [TEST_STEP][PASSED] - Statement - counter = counter + 1: null

2018-12-14 00:22:03 - [TEST_STEP][PASSED] - Statement - PreSaveFile = new java.io.File(((pathPrefix + java.lang.Integer.toString(counter)) + .png)): null

2018-12-14 00:22:03 - [TEST_STEP][PASSED] - Statement - counter = counter + 1: null

2018-12-14 00:22:03 - [TEST_STEP][PASSED] - Statement - PreSaveFile = new java.io.File(((pathPrefix + java.lang.Integer.toString(counter)) + .png)): null

2018-12-14 00:22:03 - [TEST_STEP][PASSED] - Statement - counter = counter + 1: null

2018-12-14 00:22:03 - [TEST_STEP][PASSED] - Statement - PreSaveFile = new java.io.File(((pathPrefix + java.lang.Integer.toString(counter)) + .png)): null

2018-12-14 00:22:03 - [TEST_STEP][PASSED] - Statement - counter = counter + 1: null

2018-12-14 00:22:03 - [TEST_STEP][PASSED] - Statement - PreSaveFile = new java.io.File(((pathPrefix + java.lang.Integer.toString(counter)) + .png)): null

2018-12-14 00:22:03 - [TEST_STEP][PASSED] - Statement - counter = counter + 1: null

2018-12-14 00:22:03 - [TEST_STEP][PASSED] - Statement - PreSaveFile = new java.io.File(((pathPrefix + java.lang.Integer.toString(counter)) + .png)): null

2018-12-14 00:22:03 - [TEST_STEP][PASSED] - Statement - counter = counter + 1: null

2018-12-14 00:22:03 - [TEST_STEP][PASSED] - Statement - PreSaveFile = new java.io.File(((pathPrefix + java.lang.Integer.toString(counter)) + .png)): null

2018-12-14 00:22:03 - [TEST_STEP][PASSED] - Statement - counter = counter + 1: null

2018-12-14 00:22:03 - [TEST_STEP][PASSED] - Statement - PreSaveFile = new java.io.File(((pathPrefix + java.lang.Integer.toString(counter)) + .png)): null

2018-12-14 00:22:03 - [TEST_STEP][PASSED] - Statement - counter = counter + 1: null

2018-12-14 00:22:03 - [TEST_STEP][PASSED] - Statement - PreSaveFile = new java.io.File(((pathPrefix + java.lang.Integer.toString(counter)) + .png)): null

2018-12-14 00:22:03 - [TEST_STEP][PASSED] - Statement - counter = counter + 1: null

2018-12-14 00:22:03 - [TEST_STEP][PASSED] - Statement - PreSaveFile = new java.io.File(((pathPrefix + java.lang.Integer.toString(counter)) + .png)): null

2018-12-14 00:22:03 - [TEST_STEP][PASSED] - Statement - counter = counter + 1: null

2018-12-14 00:22:03 - [TEST_STEP][PASSED] - Statement - PreSaveFile = new java.io.File(((pathPrefix + java.lang.Integer.toString(counter)) + .png)): null

2018-12-14 00:22:03 - [TEST_STEP][PASSED] - Statement - counter = counter + 1: null

2018-12-14 00:22:03 - [TEST_STEP][PASSED] - Statement - PreSaveFile = new java.io.File(((pathPrefix + java.lang.Integer.toString(counter)) + .png)): null

2018-12-14 00:22:03 - [TEST_STEP][PASSED] - Statement - counter = counter + 1: null

2018-12-14 00:22:03 - [TEST_STEP][PASSED] - Statement - PreSaveFile = new java.io.File(((pathPrefix + java.lang.Integer.toString(counter)) + .png)): null

2018-12-14 00:22:03 - [TEST_STEP][PASSED] - Statement - counter = counter + 1: null

2018-12-14 00:22:03 - [TEST_STEP][PASSED] - Statement - PreSaveFile = new java.io.File(((pathPrefix + java.lang.Integer.toString(counter)) + .png)): null

2018-12-14 00:22:03 - [TEST_STEP][PASSED] - Statement - counter = counter + 1: null

2018-12-14 00:22:03 - [TEST_STEP][PASSED] - Statement - PreSaveFile = new java.io.File(((pathPrefix + java.lang.Integer.toString(counter)) + .png)): null

2018-12-14 00:22:03 - [TEST_STEP][PASSED] - Statement - counter = counter + 1: null

2018-12-14 00:22:03 - [TEST_STEP][PASSED] - Statement - PreSaveFile = new java.io.File(((pathPrefix + java.lang.Integer.toString(counter)) + .png)): null

2018-12-14 00:22:03 - [TEST_STEP][PASSED] - Statement - counter = counter + 1: null

2018-12-14 00:22:03 - [TEST_STEP][PASSED] - Statement - PreSaveFile = new java.io.File(((pathPrefix + java.lang.Integer.toString(counter)) + .png)): null

2018-12-14 00:22:03 - [TEST_STEP][PASSED] - Statement - counter = counter + 1: null

2018-12-14 00:22:03 - [TEST_STEP][PASSED] - Statement - PreSaveFile = new java.io.File(((pathPrefix + java.lang.Integer.toString(counter)) + .png)): null

2018-12-14 00:22:03 - [TEST_STEP][PASSED] - Statement - counter = counter + 1: null

2018-12-14 00:22:03 - [TEST_STEP][PASSED] - Statement - PreSaveFile = new java.io.File(((pathPrefix + java.lang.Integer.toString(counter)) + .png)): null

2018-12-14 00:22:03 - [TEST_STEP][PASSED] - Statement - counter = counter + 1: null

2018-12-14 00:22:03 - [TEST_STEP][PASSED] - Statement - PreSaveFile = new java.io.File(((pathPrefix + java.lang.Integer.toString(counter)) + .png)): null

2018-12-14 00:22:03 - [TEST_STEP][PASSED] - Statement - counter = counter + 1: null

2018-12-14 00:22:03 - [TEST_STEP][PASSED] - Statement - PreSaveFile = new java.io.File(((pathPrefix + java.lang.Integer.toString(counter)) + .png)): null

2018-12-14 00:22:03 - [TEST_STEP][PASSED] - Statement - counter = counter + 1: null

2018-12-14 00:22:03 - [TEST_STEP][PASSED] - Statement - PreSaveFile = new java.io.File(((pathPrefix + java.lang.Integer.toString(counter)) + .png)): null

2018-12-14 00:22:03 - [TEST_STEP][PASSED] - Statement - counter = counter + 1: null

2018-12-14 00:22:03 - [TEST_STEP][PASSED] - Statement - PreSaveFile = new java.io.File(((pathPrefix + java.lang.Integer.toString(counter)) + .png)): null

2018-12-14 00:22:03 - [TEST_STEP][PASSED] - Statement - counter = counter + 1: null

2018-12-14 00:22:03 - [TEST_STEP][PASSED] - Statement - PreSaveFile = new java.io.File(((pathPrefix + java.lang.Integer.toString(counter)) + .png)): null

2018-12-14 00:22:03 - [TEST_STEP][PASSED] - Statement - counter = counter + 1: null

2018-12-14 00:22:03 - [TEST_STEP][PASSED] - Statement - PreSaveFile = new java.io.File(((pathPrefix + java.lang.Integer.toString(counter)) + .png)): null

2018-12-14 00:22:03 - [TEST_STEP][PASSED] - Statement - counter = counter + 1: null

2018-12-14 00:22:03 - [TEST_STEP][PASSED] - Statement - PreSaveFile = new java.io.File(((pathPrefix + java.lang.Integer.toString(counter)) + .png)): null

2018-12-14 00:22:03 - [TEST_STEP][PASSED] - Statement - counter = counter + 1: null

2018-12-14 00:22:03 - [TEST_STEP][PASSED] - Statement - PreSaveFile = new java.io.File(((pathPrefix + java.lang.Integer.toString(counter)) + .png)): null

2018-12-14 00:22:03 - [TEST_STEP][PASSED] - Statement - counter = counter + 1: null

2018-12-14 00:22:03 - [TEST_STEP][PASSED] - Statement - PreSaveFile = new java.io.File(((pathPrefix + java.lang.Integer.toString(counter)) + .png)): null

2018-12-14 00:22:03 - [TEST_STEP][PASSED] - Statement - counter = counter + 1: null

2018-12-14 00:22:03 - [TEST_STEP][PASSED] - Statement - PreSaveFile = new java.io.File(((pathPrefix + java.lang.Integer.toString(counter)) + .png)): null

2018-12-14 00:22:03 - [TEST_STEP][PASSED] - Statement - counter = counter + 1: null

2018-12-14 00:22:03 - [TEST_STEP][PASSED] - Statement - PreSaveFile = new java.io.File(((pathPrefix + java.lang.Integer.toString(counter)) + .png)): null

2018-12-14 00:22:03 - [TEST_STEP][PASSED] - Statement - counter = counter + 1: null

2018-12-14 00:22:03 - [TEST_STEP][PASSED] - Statement - PreSaveFile = new java.io.File(((pathPrefix + java.lang.Integer.toString(counter)) + .png)): null

2018-12-14 00:22:03 - [TEST_STEP][PASSED] - Statement - counter = counter + 1: null

2018-12-14 00:22:03 - [TEST_STEP][PASSED] - Statement - PreSaveFile = new java.io.File(((pathPrefix + java.lang.Integer.toString(counter)) + .png)): null

2018-12-14 00:22:03 - [TEST_STEP][PASSED] - Statement - counter = counter + 1: null

2018-12-14 00:22:03 - [TEST_STEP][PASSED] - Statement - PreSaveFile = new java.io.File(((pathPrefix + java.lang.Integer.toString(counter)) + .png)): null

2018-12-14 00:22:03 - [TEST_STEP][PASSED] - Statement - counter = counter + 1: null

2018-12-14 00:22:03 - [TEST_STEP][PASSED] - Statement - PreSaveFile = new java.io.File(((pathPrefix + java.lang.Integer.toString(counter)) + .png)): null

2018-12-14 00:22:03 - [TEST_STEP][PASSED] - Statement - counter = counter + 1: null

2018-12-14 00:22:03 - [TEST_STEP][PASSED] - Statement - PreSaveFile = new java.io.File(((pathPrefix + java.lang.Integer.toString(counter)) + .png)): null

2018-12-14 00:22:03 - [TEST_STEP][PASSED] - Statement - counter = counter + 1: null

2018-12-14 00:22:03 - [TEST_STEP][PASSED] - Statement - PreSaveFile = new java.io.File(((pathPrefix + java.lang.Integer.toString(counter)) + .png)): null

2018-12-14 00:22:03 - [TEST_STEP][PASSED] - Statement - counter = counter + 1: null

2018-12-14 00:22:03 - [TEST_STEP][PASSED] - Statement - PreSaveFile = new java.io.File(((pathPrefix + java.lang.Integer.toString(counter)) + .png)): null

2018-12-14 00:22:03 - [TEST_STEP][PASSED] - Statement - counter = counter + 1: null

2018-12-14 00:22:03 - [TEST_STEP][PASSED] - Statement - PreSaveFile = new java.io.File(((pathPrefix + java.lang.Integer.toString(counter)) + .png)): null

2018-12-14 00:22:03 - [TEST_STEP][PASSED] - Statement - counter = counter + 1: null

2018-12-14 00:22:03 - [TEST_STEP][PASSED] - Statement - PreSaveFile = new java.io.File(((pathPrefix + java.lang.Integer.toString(counter)) + .png)): null

2018-12-14 00:22:03 - [TEST_STEP][PASSED] - Statement - counter = counter + 1: null

2018-12-14 00:22:03 - [TEST_STEP][PASSED] - Statement - PreSaveFile = new java.io.File(((pathPrefix + java.lang.Integer.toString(counter)) + .png)): null

2018-12-14 00:22:03 - [TEST_STEP][PASSED] - Statement - counter = counter + 1: null

2018-12-14 00:22:03 - [TEST_STEP][PASSED] - Statement - PreSaveFile = new java.io.File(((pathPrefix + java.lang.Integer.toString(counter)) + .png)): null

2018-12-14 00:22:03 - [TEST_STEP][PASSED] - Statement - counter = counter + 1: null

2018-12-14 00:22:03 - [TEST_STEP][PASSED] - Statement - PreSaveFile = new java.io.File(((pathPrefix + java.lang.Integer.toString(counter)) + .png)): null

2018-12-14 00:22:03 - [TEST_STEP][PASSED] - Statement - counter = counter + 1: null

2018-12-14 00:22:03 - [TEST_STEP][PASSED] - Statement - PreSaveFile = new java.io.File(((pathPrefix + java.lang.Integer.toString(counter)) + .png)): null

2018-12-14 00:22:03 - [TEST_STEP][PASSED] - Statement - counter = counter + 1: null

2018-12-14 00:22:03 - [TEST_STEP][PASSED] - Statement - PreSaveFile = new java.io.File(((pathPrefix + java.lang.Integer.toString(counter)) + .png)): null

2018-12-14 00:22:03 - [TEST_STEP][PASSED] - Statement - counter = counter + 1: null

2018-12-14 00:22:03 - [TEST_STEP][PASSED] - Statement - PreSaveFile = new java.io.File(((pathPrefix + java.lang.Integer.toString(counter)) + .png)): null

2018-12-14 00:22:03 - [TEST_STEP][PASSED] - Statement - counter = counter + 1: null

2018-12-14 00:22:03 - [TEST_STEP][PASSED] - Statement - PreSaveFile = new java.io.File(((pathPrefix + java.lang.Integer.toString(counter)) + .png)): null

2018-12-14 00:22:03 - [TEST_STEP][PASSED] - Statement - counter = counter + 1: null

2018-12-14 00:22:03 - [TEST_STEP][PASSED] - Statement - PreSaveFile = new java.io.File(((pathPrefix + java.lang.Integer.toString(counter)) + .png)): null

2018-12-14 00:22:03 - [TEST_STEP][PASSED] - Statement - counter = counter + 1: null

2018-12-14 00:22:03 - [TEST_STEP][PASSED] - Statement - PreSaveFile = new java.io.File(((pathPrefix + java.lang.Integer.toString(counter)) + .png)): null

2018-12-14 00:22:03 - [TEST_STEP][PASSED] - Statement - counter = counter + 1: null

2018-12-14 00:22:03 - [TEST_STEP][PASSED] - Statement - PreSaveFile = new java.io.File(((pathPrefix + java.lang.Integer.toString(counter)) + .png)): null

2018-12-14 00:22:03 - [TEST_STEP][PASSED] - Statement - counter = counter + 1: null

2018-12-14 00:22:03 - [TEST_STEP][PASSED] - Statement - PreSaveFile = new java.io.File(((pathPrefix + java.lang.Integer.toString(counter)) + .png)): null

2018-12-14 00:22:03 - [TEST_STEP][PASSED] - Statement - counter = counter + 1: null

2018-12-14 00:22:03 - [TEST_STEP][PASSED] - Statement - PreSaveFile = new java.io.File(((pathPrefix + java.lang.Integer.toString(counter)) + .png)): null

2018-12-14 00:22:03 - [TEST_STEP][PASSED] - Statement - counter = counter + 1: null

2018-12-14 00:22:03 - [TEST_STEP][PASSED] - Statement - PreSaveFile = new java.io.File(((pathPrefix + java.lang.Integer.toString(counter)) + .png)): null

2018-12-14 00:22:03 - [TEST_STEP][PASSED] - Statement - counter = counter + 1: null

2018-12-14 00:22:03 - [TEST_STEP][PASSED] - Statement - PreSaveFile = new java.io.File(((pathPrefix + java.lang.Integer.toString(counter)) + .png)): null

2018-12-14 00:22:03 - [TEST_STEP][PASSED] - Statement - counter = counter + 1: null

2018-12-14 00:22:03 - [TEST_STEP][PASSED] - Statement - PreSaveFile = new java.io.File(((pathPrefix + java.lang.Integer.toString(counter)) + .png)): null

2018-12-14 00:22:03 - [TEST_STEP][PASSED] - Statement - counter = counter + 1: null

2018-12-14 00:22:03 - [TEST_STEP][PASSED] - Statement - PreSaveFile = new java.io.File(((pathPrefix + java.lang.Integer.toString(counter)) + .png)): null

2018-12-14 00:22:03 - [TEST_STEP][PASSED] - Statement - counter = counter + 1: null

2018-12-14 00:22:03 - [TEST_STEP][PASSED] - Statement - PreSaveFile = new java.io.File(((pathPrefix + java.lang.Integer.toString(counter)) + .png)): null

2018-12-14 00:22:03 - [TEST_STEP][PASSED] - Statement - counter = counter + 1: null

2018-12-14 00:22:03 - [TEST_STEP][PASSED] - Statement - PreSaveFile = new java.io.File(((pathPrefix + java.lang.Integer.toString(counter)) + .png)): null

2018-12-14 00:22:03 - [TEST_STEP][PASSED] - Statement - counter = counter + 1: null

2018-12-14 00:22:03 - [TEST_STEP][PASSED] - Statement - PreSaveFile = new java.io.File(((pathPrefix + java.lang.Integer.toString(counter)) + .png)): null

2018-12-14 00:22:03 - [TEST_STEP][PASSED] - Statement - counter = counter + 1: null

2018-12-14 00:22:03 - [TEST_STEP][PASSED] - Statement - PreSaveFile = new java.io.File(((pathPrefix + java.lang.Integer.toString(counter)) + .png)): null

2018-12-14 00:22:03 - [TEST_STEP][PASSED] - Statement - counter = counter + 1: null

2018-12-14 00:22:03 - [TEST_STEP][PASSED] - Statement - PreSaveFile = new java.io.File(((pathPrefix + java.lang.Integer.toString(counter)) + .png)): null

2018-12-14 00:22:03 - [TEST_STEP][PASSED] - Statement - counter = counter + 1: null

2018-12-14 00:22:03 - [TEST_STEP][PASSED] - Statement - PreSaveFile = new java.io.File(((pathPrefix + java.lang.Integer.toString(counter)) + .png)): null

2018-12-14 00:22:03 - [TEST_STEP][PASSED] - Statement - counter = counter + 1: null

2018-12-14 00:22:03 - [TEST_STEP][PASSED] - Statement - PreSaveFile = new java.io.File(((pathPrefix + java.lang.Integer.toString(counter)) + .png)): null

2018-12-14 00:22:03 - [TEST_STEP][PASSED] - Statement - counter = counter + 1: null

2018-12-14 00:22:03 - [TEST_STEP][PASSED] - Statement - PreSaveFile = new java.io.File(((pathPrefix + java.lang.Integer.toString(counter)) + .png)): null

2018-12-14 00:22:03 - [TEST_STEP][PASSED] - Statement - counter = counter + 1: null

2018-12-14 00:22:03 - [TEST_STEP][PASSED] - Statement - PreSaveFile = new java.io.File(((pathPrefix + java.lang.Integer.toString(counter)) + .png)): null

2018-12-14 00:22:03 - [TEST_STEP][PASSED] - Statement - counter = counter + 1: null

2018-12-14 00:22:03 - [TEST_STEP][PASSED] - Statement - PreSaveFile = new java.io.File(((pathPrefix + java.lang.Integer.toString(counter)) + .png)): null

2018-12-14 00:22:03 - [TEST_STEP][PASSED] - Statement - counter = counter + 1: null

2018-12-14 00:22:03 - [TEST_STEP][PASSED] - Statement - PreSaveFile = new java.io.File(((pathPrefix + java.lang.Integer.toString(counter)) + .png)): null

2018-12-14 00:22:03 - [TEST_STEP][PASSED] - Statement - counter = counter + 1: null

2018-12-14 00:22:03 - [TEST_STEP][PASSED] - Statement - PreSaveFile = new java.io.File(((pathPrefix + java.lang.Integer.toString(counter)) + .png)): null

2018-12-14 00:22:03 - [TEST_STEP][PASSED] - Statement - counter = counter + 1: null

2018-12-14 00:22:03 - [TEST_STEP][PASSED] - Statement - PreSaveFile = new java.io.File(((pathPrefix + java.lang.Integer.toString(counter)) + .png)): null

2018-12-14 00:22:03 - [TEST_STEP][PASSED] - Statement - counter = counter + 1: null

2018-12-14 00:22:03 - [TEST_STEP][PASSED] - Statement - PreSaveFile = new java.io.File(((pathPrefix + java.lang.Integer.toString(counter)) + .png)): null

2018-12-14 00:22:03 - [TEST_STEP][PASSED] - Statement - counter = counter + 1: null

2018-12-14 00:22:03 - [TEST_STEP][PASSED] - Statement - PreSaveFile = new java.io.File(((pathPrefix + java.lang.Integer.toString(counter)) + .png)): null

2018-12-14 00:22:03 - [TEST_STEP][PASSED] - Statement - counter = counter + 1: null

2018-12-14 00:22:03 - [TEST_STEP][PASSED] - Statement - PreSaveFile = new java.io.File(((pathPrefix + java.lang.Integer.toString(counter)) + .png)): null

2018-12-14 00:22:03 - [TEST_STEP][PASSED] - Statement - counter = counter + 1: null

2018-12-14 00:22:03 - [TEST_STEP][PASSED] - Statement - PreSaveFile = new java.io.File(((pathPrefix + java.lang.Integer.toString(counter)) + .png)): null

2018-12-14 00:22:03 - [TEST_STEP][PASSED] - Statement - counter = counter + 1: null

2018-12-14 00:22:03 - [TEST_STEP][PASSED] - Statement - PreSaveFile = new java.io.File(((pathPrefix + java.lang.Integer.toString(counter)) + .png)): null

2018-12-14 00:22:03 - [TEST_STEP][PASSED] - Statement - counter = counter + 1: null

2018-12-14 00:22:03 - [TEST_STEP][PASSED] - Statement - PreSaveFile = new java.io.File(((pathPrefix + java.lang.Integer.toString(counter)) + .png)): null

2018-12-14 00:22:03 - [TEST_STEP][PASSED] - Statement - counter = counter + 1: null

2018-12-14 00:22:03 - [TEST_STEP][PASSED] - Statement - PreSaveFile = new java.io.File(((pathPrefix + java.lang.Integer.toString(counter)) + .png)): null

2018-12-14 00:22:03 - [TEST_STEP][PASSED] - Statement - counter = counter + 1: null

2018-12-14 00:22:03 - [TEST_STEP][PASSED] - Statement - PreSaveFile = new java.io.File(((pathPrefix + java.lang.Integer.toString(counter)) + .png)): null

2018-12-14 00:22:03 - [TEST_STEP][PASSED] - Statement - counter = counter + 1: null

2018-12-14 00:22:03 - [TEST_STEP][PASSED] - Statement - PreSaveFile = new java.io.File(((pathPrefix + java.lang.Integer.toString(counter)) + .png)): null

2018-12-14 00:22:03 - [TEST_STEP][PASSED] - Statement - counter = counter + 1: null

2018-12-14 00:22:03 - [TEST_STEP][PASSED] - Statement - PreSaveFile = new java.io.File(((pathPrefix + java.lang.Integer.toString(counter)) + .png)): null

2018-12-14 00:22:03 - [TEST_STEP][PASSED] - Statement - counter = counter + 1: null

2018-12-14 00:22:03 - [TEST_STEP][PASSED] - Statement - PreSaveFile = new java.io.File(((pathPrefix + java.lang.Integer.toString(counter)) + .png)): null

2018-12-14 00:22:03 - [TEST_STEP][PASSED] - Statement - counter = counter + 1: null

2018-12-14 00:22:03 - [TEST_STEP][PASSED] - Statement - PreSaveFile = new java.io.File(((pathPrefix + java.lang.Integer.toString(counter)) + .png)): null

2018-12-14 00:22:03 - [TEST_STEP][PASSED] - Statement - counter = counter + 1: null

2018-12-14 00:22:03 - [TEST_STEP][PASSED] - Statement - PreSaveFile = new java.io.File(((pathPrefix + java.lang.Integer.toString(counter)) + .png)): null

2018-12-14 00:22:03 - [TEST_STEP][PASSED] - Statement - counter = counter + 1: null

2018-12-14 00:22:03 - [TEST_STEP][PASSED] - Statement - PreSaveFile = new java.io.File(((pathPrefix + java.lang.Integer.toString(counter)) + .png)): null

2018-12-14 00:22:03 - [TEST_STEP][PASSED] - Statement - counter = counter + 1: null

2018-12-14 00:22:03 - [TEST_STEP][PASSED] - Statement - PreSaveFile = new java.io.File(((pathPrefix + java.lang.Integer.toString(counter)) + .png)): null

2018-12-14 00:22:03 - [TEST_STEP][PASSED] - Statement - counter = counter + 1: null

2018-12-14 00:22:03 - [TEST_STEP][PASSED] - Statement - PreSaveFile = new java.io.File(((pathPrefix + java.lang.Integer.toString(counter)) + .png)): null

2018-12-14 00:22:03 - [TEST_STEP][PASSED] - Statement - counter = counter + 1: null

2018-12-14 00:22:03 - [TEST_STEP][PASSED] - Statement - PreSaveFile = new java.io.File(((pathPrefix + java.lang.Integer.toString(counter)) + .png)): null

2018-12-14 00:22:03 - [TEST_STEP][PASSED] - Statement - counter = counter + 1: null

2018-12-14 00:22:03 - [TEST_STEP][PASSED] - Statement - PreSaveFile = new java.io.File(((pathPrefix + java.lang.Integer.toString(counter)) + .png)): null

2018-12-14 00:22:03 - [TEST_STEP][PASSED] - Statement - counter = counter + 1: null

2018-12-14 00:22:03 - [TEST_STEP][PASSED] - Statement - PreSaveFile = new java.io.File(((pathPrefix + java.lang.Integer.toString(counter)) + .png)): null

2018-12-14 00:22:03 - [TEST_STEP][PASSED] - Statement - counter = counter + 1: null

2018-12-14 00:22:03 - [TEST_STEP][PASSED] - Statement - PreSaveFile = new java.io.File(((pathPrefix + java.lang.Integer.toString(counter)) + .png)): null

2018-12-14 00:22:03 - [TEST_STEP][PASSED] - Statement - counter = counter + 1: null

2018-12-14 00:22:03 - [TEST_STEP][PASSED] - Statement - PreSaveFile = new java.io.File(((pathPrefix + java.lang.Integer.toString(counter)) + .png)): null

2018-12-14 00:22:03 - [TEST_STEP][PASSED] - Statement - counter = counter + 1: null

2018-12-14 00:22:03 - [TEST_STEP][PASSED] - Statement - PreSaveFile = new java.io.File(((pathPrefix + java.lang.Integer.toString(counter)) + .png)): null

2018-12-14 00:22:03 - [TEST_STEP][PASSED] - Statement - counter = counter + 1: null

2018-12-14 00:22:03 - [TEST_STEP][PASSED] - Statement - PreSaveFile = new java.io.File(((pathPrefix + java.lang.Integer.toString(counter)) + .png)): null

2018-12-14 00:22:03 - [TEST_STEP][PASSED] - Statement - counter = counter + 1: null

2018-12-14 00:22:03 - [TEST_STEP][PASSED] - Statement - PreSaveFile = new java.io.File(((pathPrefix + java.lang.Integer.toString(counter)) + .png)): null

2018-12-14 00:22:03 - [TEST_STEP][PASSED] - Statement - counter = counter + 1: null

2018-12-14 00:22:03 - [TEST_STEP][PASSED] - Statement - PreSaveFile = new java.io.File(((pathPrefix + java.lang.Integer.toString(counter)) + .png)): null

2018-12-14 00:22:03 - [TEST_STEP][PASSED] - Statement - counter = counter + 1: null

2018-12-14 00:22:03 - [TEST_STEP][PASSED] - Statement - PreSaveFile = new java.io.File(((pathPrefix + java.lang.Integer.toString(counter)) + .png)): null

2018-12-14 00:22:03 - [TEST_STEP][PASSED] - Statement - counter = counter + 1: null

2018-12-14 00:22:03 - [TEST_STEP][PASSED] - Statement - PreSaveFile = new java.io.File(((pathPrefix + java.lang.Integer.toString(counter)) + .png)): null

2018-12-14 00:22:03 - [TEST_STEP][PASSED] - Statement - counter = counter + 1: null

2018-12-14 00:22:03 - [TEST_STEP][PASSED] - Statement - PreSaveFile = new java.io.File(((pathPrefix + java.lang.Integer.toString(counter)) + .png)): null

2018-12-14 00:22:03 - [TEST_STEP][PASSED] - Statement - counter = counter + 1: null

2018-12-14 00:22:03 - [TEST_STEP][PASSED] - Statement - PreSaveFile = new java.io.File(((pathPrefix + java.lang.Integer.toString(counter)) + .png)): null

2018-12-14 00:22:03 - [TEST_STEP][PASSED] - Statement - counter = counter + 1: null

2018-12-14 00:22:03 - [TEST_STEP][PASSED] - Statement - PreSaveFile = new java.io.File(((pathPrefix + java.lang.Integer.toString(counter)) + .png)): null

2018-12-14 00:22:03 - [TEST_STEP][PASSED] - Statement - counter = counter + 1: null

2018-12-14 00:22:03 - [TEST_STEP][PASSED] - Statement - PreSaveFile = new java.io.File(((pathPrefix + java.lang.Integer.toString(counter)) + .png)): null

2018-12-14 00:22:03 - [TEST_STEP][PASSED] - Statement - counter = counter + 1: null

2018-12-14 00:22:03 - [TEST_STEP][PASSED] - Statement - PreSaveFile = new java.io.File(((pathPrefix + java.lang.Integer.toString(counter)) + .png)): null

2018-12-14 00:22:03 - [TEST_STEP][PASSED] - Statement - counter = counter + 1: null

2018-12-14 00:22:03 - [TEST_STEP][PASSED] - Statement - PreSaveFile = new java.io.File(((pathPrefix + java.lang.Integer.toString(counter)) + .png)): null

2018-12-14 00:22:03 - [TEST_STEP][PASSED] - Statement - counter = counter + 1: null

2018-12-14 00:22:03 - [TEST_STEP][PASSED] - Statement - PreSaveFile = new java.io.File(((pathPrefix + java.lang.Integer.toString(counter)) + .png)): null

2018-12-14 00:22:03 - [TEST_STEP][PASSED] - Statement - counter = counter + 1: null

2018-12-14 00:22:03 - [TEST_STEP][PASSED] - Statement - PreSaveFile = new java.io.File(((pathPrefix + java.lang.Integer.toString(counter)) + .png)): null

2018-12-14 00:22:03 - [TEST_STEP][PASSED] - Statement - counter = counter + 1: null

2018-12-14 00:22:03 - [TEST_STEP][PASSED] - Statement - PreSaveFile = new java.io.File(((pathPrefix + java.lang.Integer.toString(counter)) + .png)): null

2018-12-14 00:22:03 - [TEST_STEP][PASSED] - Statement - counter = counter + 1: null

2018-12-14 00:22:03 - [TEST_STEP][PASSED] - Statement - PreSaveFile = new java.io.File(((pathPrefix + java.lang.Integer.toString(counter)) + .png)): null

2018-12-14 00:22:03 - [TEST_STEP][PASSED] - Statement - counter = counter + 1: null

2018-12-14 00:22:03 - [TEST_STEP][PASSED] - Statement - PreSaveFile = new java.io.File(((pathPrefix + java.lang.Integer.toString(counter)) + .png)): null

2018-12-14 00:22:03 - [TEST_STEP][PASSED] - Statement - counter = counter + 1: null

2018-12-14 00:22:03 - [TEST_STEP][PASSED] - Statement - PreSaveFile = new java.io.File(((pathPrefix + java.lang.Integer.toString(counter)) + .png)): null

2018-12-14 00:22:03 - [TEST_STEP][PASSED] - Statement - counter = counter + 1: null

2018-12-14 00:22:03 - [TEST_STEP][PASSED] - Statement - PreSaveFile = new java.io.File(((pathPrefix + java.lang.Integer.toString(counter)) + .png)): null

2018-12-14 00:22:03 - [TEST_STEP][PASSED] - Statement - counter = counter + 1: null

2018-12-14 00:22:03 - [TEST_STEP][PASSED] - Statement - PreSaveFile = new java.io.File(((pathPrefix + java.lang.Integer.toString(counter)) + .png)): null

2018-12-14 00:22:03 - [TEST_STEP][PASSED] - Statement - counter = counter + 1: null

2018-12-14 00:22:03 - [TEST_STEP][PASSED] - Statement - PreSaveFile = new java.io.File(((pathPrefix + java.lang.Integer.toString(counter)) + .png)): null

2018-12-14 00:22:03 - [TEST_STEP][PASSED] - Statement - counter = counter + 1: null

2018-12-14 00:22:03 - [TEST_STEP][PASSED] - Statement - PreSaveFile = new java.io.File(((pathPrefix + java.lang.Integer.toString(counter)) + .png)): null

2018-12-14 00:22:03 - [TEST_STEP][PASSED] - Statement - counter = counter + 1: null

2018-12-14 00:22:03 - [TEST_STEP][PASSED] - Statement - PreSaveFile = new java.io.File(((pathPrefix + java.lang.Integer.toString(counter)) + .png)): null

2018-12-14 00:22:03 - [TEST_STEP][PASSED] - Statement - counter = counter + 1: null

2018-12-14 00:22:03 - [TEST_STEP][PASSED] - Statement - PreSaveFile = new java.io.File(((pathPrefix + java.lang.Integer.toString(counter)) + .png)): null

2018-12-14 00:22:03 - [TEST_STEP][PASSED] - Statement - counter = counter + 1: null

2018-12-14 00:22:03 - [TEST_STEP][PASSED] - Statement - PreSaveFile = new java.io.File(((pathPrefix + java.lang.Integer.toString(counter)) + .png)): null

2018-12-14 00:22:03 - [TEST_STEP][PASSED] - Statement - counter = counter + 1: null

2018-12-14 00:22:03 - [TEST_STEP][PASSED] - Statement - PreSaveFile = new java.io.File(((pathPrefix + java.lang.Integer.toString(counter)) + .png)): null

2018-12-14 00:22:03 - [TEST_STEP][PASSED] - Statement - counter = counter + 1: null

2018-12-14 00:22:03 - [TEST_STEP][PASSED] - Statement - PreSaveFile = new java.io.File(((pathPrefix + java.lang.Integer.toString(counter)) + .png)): null

2018-12-14 00:22:03 - [TEST_STEP][PASSED] - Statement - counter = counter + 1: null

2018-12-14 00:22:03 - [TEST_STEP][PASSED] - Statement - PreSaveFile = new java.io.File(((pathPrefix + java.lang.Integer.toString(counter)) + .png)): null

2018-12-14 00:22:03 - [TEST_STEP][PASSED] - Statement - counter = counter + 1: null

2018-12-14 00:22:03 - [TEST_STEP][PASSED] - Statement - PreSaveFile = new java.io.File(((pathPrefix + java.lang.Integer.toString(counter)) + .png)): null

2018-12-14 00:22:03 - [TEST_STEP][PASSED] - Statement - counter = counter + 1: null

2018-12-14 00:22:03 - [TEST_STEP][PASSED] - Statement - PreSaveFile = new java.io.File(((pathPrefix + java.lang.Integer.toString(counter)) + .png)): null

2018-12-14 00:22:03 - [TEST_STEP][PASSED] - Statement - counter = counter + 1: null

2018-12-14 00:22:03 - [TEST_STEP][PASSED] - Statement - PreSaveFile = new java.io.File(((pathPrefix + java.lang.Integer.toString(counter)) + .png)): null

2018-12-14 00:22:03 - [TEST_STEP][PASSED] - Statement - counter = counter + 1: null

2018-12-14 00:22:03 - [TEST_STEP][PASSED] - Statement - PreSaveFile = new java.io.File(((pathPrefix + java.lang.Integer.toString(counter)) + .png)): null

2018-12-14 00:22:03 - [TEST_STEP][PASSED] - Statement - counter = counter + 1: null

2018-12-14 00:22:03 - [TEST_STEP][PASSED] - Statement - PreSaveFile = new java.io.File(((pathPrefix + java.lang.Integer.toString(counter)) + .png)): null

2018-12-14 00:22:03 - [TEST_STEP][PASSED] - Statement - counter = counter + 1: null

2018-12-14 00:22:03 - [TEST_STEP][PASSED] - Statement - PreSaveFile = new java.io.File(((pathPrefix + java.lang.Integer.toString(counter)) + .png)): null

2018-12-14 00:22:03 - [TEST_STEP][PASSED] - Statement - counter = counter + 1: null

2018-12-14 00:22:03 - [TEST_STEP][PASSED] - Statement - PreSaveFile = new java.io.File(((pathPrefix + java.lang.Integer.toString(counter)) + .png)): null

2018-12-14 00:22:03 - [TEST_STEP][PASSED] - Statement - counter = counter + 1: null

2018-12-14 00:22:03 - [TEST_STEP][PASSED] - Statement - PreSaveFile = new java.io.File(((pathPrefix + java.lang.Integer.toString(counter)) + .png)): null

2018-12-14 00:22:03 - [TEST_STEP][PASSED] - Statement - counter = counter + 1: null

2018-12-14 00:22:03 - [TEST_STEP][PASSED] - Statement - PreSaveFile = new java.io.File(((pathPrefix + java.lang.Integer.toString(counter)) + .png)): null

2018-12-14 00:22:03 - [TEST_STEP][PASSED] - Statement - counter = counter + 1: null

2018-12-14 00:22:03 - [TEST_STEP][PASSED] - Statement - PreSaveFile = new java.io.File(((pathPrefix + java.lang.Integer.toString(counter)) + .png)): null

2018-12-14 00:22:03 - [TEST_STEP][PASSED] - Statement - counter = counter + 1: null

2018-12-14 00:22:03 - [TEST_STEP][PASSED] - Statement - PreSaveFile = new java.io.File(((pathPrefix + java.lang.Integer.toString(counter)) + .png)): null

2018-12-14 00:22:03 - [TEST_STEP][PASSED] - Statement - counter = counter + 1: null

2018-12-14 00:22:03 - [TEST_STEP][PASSED] - Statement - PreSaveFile = new java.io.File(((pathPrefix + java.lang.Integer.toString(counter)) + .png)): null

2018-12-14 00:22:03 - [TEST_STEP][PASSED] - Statement - counter = counter + 1: null

2018-12-14 00:22:03 - [TEST_STEP][PASSED] - Statement - PreSaveFile = new java.io.File(((pathPrefix + java.lang.Integer.toString(counter)) + .png)): null

2018-12-14 00:22:03 - [TEST_STEP][PASSED] - Statement - counter = counter + 1: null

2018-12-14 00:22:03 - [TEST_STEP][PASSED] - Statement - PreSaveFile = new java.io.File(((pathPrefix + java.lang.Integer.toString(counter)) + .png)): null

2018-12-14 00:22:03 - [TEST_STEP][PASSED] - Statement - counter = counter + 1: null

2018-12-14 00:22:03 - [TEST_STEP][PASSED] - Statement - PreSaveFile = new java.io.File(((pathPrefix + java.lang.Integer.toString(counter)) + .png)): null

2018-12-14 00:22:03 - [TEST_STEP][PASSED] - Statement - counter = counter + 1: null

2018-12-14 00:22:03 - [TEST_STEP][PASSED] - Statement - PreSaveFile = new java.io.File(((pathPrefix + java.lang.Integer.toString(counter)) + .png)): null

2018-12-14 00:22:03 - [TEST_STEP][PASSED] - Statement - counter = counter + 1: null

2018-12-14 00:22:03 - [TEST_STEP][PASSED] - Statement - PreSaveFile = new java.io.File(((pathPrefix + java.lang.Integer.toString(counter)) + .png)): null

2018-12-14 00:22:03 - [TEST_STEP][PASSED] - Statement - counter = counter + 1: null

2018-12-14 00:22:03 - [TEST_STEP][PASSED] - Statement - PreSaveFile = new java.io.File(((pathPrefix + java.lang.Integer.toString(counter)) + .png)): null

2018-12-14 00:22:03 - [TEST_STEP][PASSED] - Statement - counter = counter + 1: null

2018-12-14 00:22:03 - [TEST_STEP][PASSED] - Statement - PreSaveFile = new java.io.File(((pathPrefix + java.lang.Integer.toString(counter)) + .png)): null

2018-12-14 00:22:03 - [TEST_STEP][PASSED] - Statement - counter = counter + 1: null

2018-12-14 00:22:03 - [TEST_STEP][PASSED] - Statement - PreSaveFile = new java.io.File(((pathPrefix + java.lang.Integer.toString(counter)) + .png)): null

2018-12-14 00:22:03 - [TEST_STEP][PASSED] - Statement - counter = counter + 1: null

2018-12-14 00:22:03 - [TEST_STEP][PASSED] - Statement - PreSaveFile = new java.io.File(((pathPrefix + java.lang.Integer.toString(counter)) + .png)): null

2018-12-14 00:22:03 - [TEST_STEP][PASSED] - Statement - counter = counter + 1: null

2018-12-14 00:22:03 - [TEST_STEP][PASSED] - Statement - PreSaveFile = new java.io.File(((pathPrefix + java.lang.Integer.toString(counter)) + .png)): null

2018-12-14 00:22:03 - [TEST_STEP][PASSED] - Statement - counter = counter + 1: null

2018-12-14 00:22:03 - [TEST_STEP][PASSED] - Statement - PreSaveFile = new java.io.File(((pathPrefix + java.lang.Integer.toString(counter)) + .png)): null

2018-12-14 00:22:03 - [TEST_STEP][PASSED] - Statement - counter = counter + 1: null

2018-12-14 00:22:03 - [TEST_STEP][PASSED] - Statement - PreSaveFile = new java.io.File(((pathPrefix + java.lang.Integer.toString(counter)) + .png)): null

2018-12-14 00:22:03 - [TEST_STEP][PASSED] - Statement - counter = counter + 1: null

2018-12-14 00:22:03 - [TEST_STEP][PASSED] - Statement - PreSaveFile = new java.io.File(((pathPrefix + java.lang.Integer.toString(counter)) + .png)): null

2018-12-14 00:22:03 - [TEST_STEP][PASSED] - Statement - counter = counter + 1: null

2018-12-14 00:22:03 - [TEST_STEP][PASSED] - Statement - PreSaveFile = new java.io.File(((pathPrefix + java.lang.Integer.toString(counter)) + .png)): null

2018-12-14 00:22:03 - [TEST_STEP][PASSED] - Statement - counter = counter + 1: null

2018-12-14 00:22:03 - [TEST_STEP][PASSED] - Statement - PreSaveFile = new java.io.File(((pathPrefix + java.lang.Integer.toString(counter)) + .png)): null

2018-12-14 00:22:03 - [TEST_STEP][PASSED] - Statement - counter = counter + 1: null

2018-12-14 00:22:03 - [TEST_STEP][PASSED] - Statement - PreSaveFile = new java.io.File(((pathPrefix + java.lang.Integer.toString(counter)) + .png)): null

2018-12-14 00:22:03 - [TEST_STEP][PASSED] - Statement - counter = counter + 1: null

2018-12-14 00:22:03 - [TEST_STEP][PASSED] - Statement - PreSaveFile = new java.io.File(((pathPrefix + java.lang.Integer.toString(counter)) + .png)): null

2018-12-14 00:22:03 - [TEST_STEP][PASSED] - Statement - counter = counter + 1: null

2018-12-14 00:22:03 - [TEST_STEP][PASSED] - Statement - PreSaveFile = new java.io.File(((pathPrefix + java.lang.Integer.toString(counter)) + .png)): null

2018-12-14 00:22:03 - [TEST_STEP][PASSED] - Statement - counter = counter + 1: null

2018-12-14 00:22:03 - [TEST_STEP][PASSED] - Statement - PreSaveFile = new java.io.File(((pathPrefix + java.lang.Integer.toString(counter)) + .png)): null

2018-12-14 00:22:03 - [TEST_STEP][PASSED] - Statement - counter = counter + 1: null

2018-12-14 00:22:03 - [TEST_STEP][PASSED] - Statement - PreSaveFile = new java.io.File(((pathPrefix + java.lang.Integer.toString(counter)) + .png)): null

2018-12-14 00:22:03 - [TEST_STEP][PASSED] - Statement - counter = counter + 1: null

2018-12-14 00:22:03 - [TEST_STEP][PASSED] - Statement - PreSaveFile = new java.io.File(((pathPrefix + java.lang.Integer.toString(counter)) + .png)): null

2018-12-14 00:22:03 - [TEST_STEP][PASSED] - Statement - counter = counter + 1: null

2018-12-14 00:22:03 - [TEST_STEP][PASSED] - Statement - PreSaveFile = new java.io.File(((pathPrefix + java.lang.Integer.toString(counter)) + .png)): null

2018-12-14 00:22:03 - [TEST_STEP][PASSED] - Statement - counter = counter + 1: null

2018-12-14 00:22:03 - [TEST_STEP][PASSED] - Statement - PreSaveFile = new java.io.File(((pathPrefix + java.lang.Integer.toString(counter)) + .png)): null

2018-12-14 00:22:03 - [TEST_STEP][PASSED] - Statement - counter = counter + 1: null

2018-12-14 00:22:03 - [TEST_STEP][PASSED] - Statement - PreSaveFile = new java.io.File(((pathPrefix + java.lang.Integer.toString(counter)) + .png)): null

2018-12-14 00:22:03 - [TEST_STEP][PASSED] - Statement - counter = counter + 1: null

2018-12-14 00:22:03 - [TEST_STEP][PASSED] - Statement - PreSaveFile = new java.io.File(((pathPrefix + java.lang.Integer.toString(counter)) + .png)): null

2018-12-14 00:22:03 - [TEST_STEP][PASSED] - Statement - counter = counter + 1: null

2018-12-14 00:22:03 - [TEST_STEP][PASSED] - Statement - PreSaveFile = new java.io.File(((pathPrefix + java.lang.Integer.toString(counter)) + .png)): null

2018-12-14 00:22:03 - [TEST_STEP][PASSED] - Statement - counter = counter + 1: null

2018-12-14 00:22:03 - [TEST_STEP][PASSED] - Statement - PreSaveFile = new java.io.File(((pathPrefix + java.lang.Integer.toString(counter)) + .png)): null

2018-12-14 00:22:03 - [TEST_STEP][PASSED] - Statement - counter = counter + 1: null

2018-12-14 00:22:03 - [TEST_STEP][PASSED] - Statement - PreSaveFile = new java.io.File(((pathPrefix + java.lang.Integer.toString(counter)) + .png)): null

2018-12-14 00:22:03 - [TEST_STEP][PASSED] - Statement - counter = counter + 1: null

2018-12-14 00:22:03 - [TEST_STEP][PASSED] - Statement - PreSaveFile = new java.io.File(((pathPrefix + java.lang.Integer.toString(counter)) + .png)): null

2018-12-14 00:22:03 - [TEST_STEP][PASSED] - Statement - counter = counter + 1: null

2018-12-14 00:22:03 - [TEST_STEP][PASSED] - Statement - PreSaveFile = new java.io.File(((pathPrefix + java.lang.Integer.toString(counter)) + .png)): null

2018-12-14 00:22:03 - [TEST_STEP][PASSED] - Statement - counter = counter + 1: null

2018-12-14 00:22:03 - [TEST_STEP][PASSED] - Statement - PreSaveFile = new java.io.File(((pathPrefix + java.lang.Integer.toString(counter)) + .png)): null

2018-12-14 00:22:03 - [TEST_STEP][PASSED] - Statement - counter = counter + 1: null

2018-12-14 00:22:03 - [TEST_STEP][PASSED] - Statement - PreSaveFile = new java.io.File(((pathPrefix + java.lang.Integer.toString(counter)) + .png)): null

2018-12-14 00:22:03 - [TEST_STEP][PASSED] - Statement - counter = counter + 1: null

2018-12-14 00:22:03 - [TEST_STEP][PASSED] - Statement - PreSaveFile = new java.io.File(((pathPrefix + java.lang.Integer.toString(counter)) + .png)): null

2018-12-14 00:22:03 - [TEST_STEP][PASSED] - Statement - counter = counter + 1: null

2018-12-14 00:22:03 - [TEST_STEP][PASSED] - Statement - PreSaveFile = new java.io.File(((pathPrefix + java.lang.Integer.toString(counter)) + .png)): null

2018-12-14 00:22:03 - [TEST_STEP][PASSED] - Statement - counter = counter + 1: null

2018-12-14 00:22:03 - [TEST_STEP][PASSED] - Statement - PreSaveFile = new java.io.File(((pathPrefix + java.lang.Integer.toString(counter)) + .png)): null

2018-12-14 00:22:03 - [TEST_STEP][PASSED] - Statement - counter = counter + 1: null

2018-12-14 00:22:03 - [TEST_STEP][PASSED] - Statement - PreSaveFile = new java.io.File(((pathPrefix + java.lang.Integer.toString(counter)) + .png)): null

2018-12-14 00:22:03 - [TEST_STEP][PASSED] - Statement - counter = counter + 1: null

2018-12-14 00:22:03 - [TEST_STEP][PASSED] - Statement - PreSaveFile = new java.io.File(((pathPrefix + java.lang.Integer.toString(counter)) + .png)): null

2018-12-14 00:22:03 - [TEST_STEP][PASSED] - Statement - counter = counter + 1: null

2018-12-14 00:22:03 - [TEST_STEP][PASSED] - Statement - PreSaveFile = new java.io.File(((pathPrefix + java.lang.Integer.toString(counter)) + .png)): null

2018-12-14 00:22:03 - [TEST_STEP][PASSED] - Statement - counter = counter + 1: null

2018-12-14 00:22:03 - [TEST_STEP][PASSED] - Statement - PreSaveFile = new java.io.File(((pathPrefix + java.lang.Integer.toString(counter)) + .png)): null

2018-12-14 00:22:03 - [TEST_STEP][PASSED] - Statement - counter = counter + 1: null

2018-12-14 00:22:03 - [TEST_STEP][PASSED] - Statement - PreSaveFile = new java.io.File(((pathPrefix + java.lang.Integer.toString(counter)) + .png)): null

2018-12-14 00:22:03 - [TEST_STEP][PASSED] - Statement - counter = counter + 1: null

2018-12-14 00:22:03 - [TEST_STEP][PASSED] - Statement - PreSaveFile = new java.io.File(((pathPrefix + java.lang.Integer.toString(counter)) + .png)): null

2018-12-14 00:22:03 - [TEST_STEP][PASSED] - Statement - counter = counter + 1: null

2018-12-14 00:22:03 - [TEST_STEP][PASSED] - Statement - PreSaveFile = new java.io.File(((pathPrefix + java.lang.Integer.toString(counter)) + .png)): null

2018-12-14 00:22:03 - [TEST_STEP][PASSED] - Statement - counter = counter + 1: null

2018-12-14 00:22:03 - [TEST_STEP][PASSED] - Statement - PreSaveFile = new java.io.File(((pathPrefix + java.lang.Integer.toString(counter)) + .png)): null

2018-12-14 00:22:03 - [TEST_STEP][PASSED] - Statement - counter = counter + 1: null

2018-12-14 00:22:03 - [TEST_STEP][PASSED] - Statement - PreSaveFile = new java.io.File(((pathPrefix + java.lang.Integer.toString(counter)) + .png)): null

2018-12-14 00:22:03 - [TEST_STEP][PASSED] - Statement - counter = counter + 1: null

2018-12-14 00:22:03 - [TEST_STEP][PASSED] - Statement - PreSaveFile = new java.io.File(((pathPrefix + java.lang.Integer.toString(counter)) + .png)): null

2018-12-14 00:22:03 - [TEST_STEP][PASSED] - Statement - counter = counter + 1: null

2018-12-14 00:22:03 - [TEST_STEP][PASSED] - Statement - PreSaveFile = new java.io.File(((pathPrefix + java.lang.Integer.toString(counter)) + .png)): null

2018-12-14 00:22:03 - [TEST_STEP][PASSED] - Statement - counter = counter + 1: null

2018-12-14 00:22:03 - [TEST_STEP][PASSED] - Statement - PreSaveFile = new java.io.File(((pathPrefix + java.lang.Integer.toString(counter)) + .png)): null

2018-12-14 00:22:03 - [TEST_STEP][PASSED] - Statement - counter = counter + 1: null

2018-12-14 00:22:03 - [TEST_STEP][PASSED] - Statement - PreSaveFile = new java.io.File(((pathPrefix + java.lang.Integer.toString(counter)) + .png)): null

2018-12-14 00:22:03 - [TEST_STEP][PASSED] - Statement - counter = counter + 1: null

2018-12-14 00:22:03 - [TEST_STEP][PASSED] - Statement - PreSaveFile = new java.io.File(((pathPrefix + java.lang.Integer.toString(counter)) + .png)): null

2018-12-14 00:22:03 - [TEST_STEP][PASSED] - Statement - counter = counter + 1: null

2018-12-14 00:22:03 - [TEST_STEP][PASSED] - Statement - PreSaveFile = new java.io.File(((pathPrefix + java.lang.Integer.toString(counter)) + .png)): null

2018-12-14 00:22:03 - [TEST_STEP][PASSED] - Statement - counter = counter + 1: null

2018-12-14 00:22:03 - [TEST_STEP][PASSED] - Statement - PreSaveFile = new java.io.File(((pathPrefix + java.lang.Integer.toString(counter)) + .png)): null

2018-12-14 00:22:03 - [TEST_STEP][PASSED] - Statement - counter = counter + 1: null

2018-12-14 00:22:03 - [TEST_STEP][PASSED] - Statement - PreSaveFile = new java.io.File(((pathPrefix + java.lang.Integer.toString(counter)) + .png)): null

2018-12-14 00:22:03 - [TEST_STEP][PASSED] - Statement - counter = counter + 1: null

2018-12-14 00:22:03 - [TEST_STEP][PASSED] - Statement - PreSaveFile = new java.io.File(((pathPrefix + java.lang.Integer.toString(counter)) + .png)): null

2018-12-14 00:22:03 - [TEST_STEP][PASSED] - Statement - counter = counter + 1: null

2018-12-14 00:22:03 - [TEST_STEP][PASSED] - Statement - PreSaveFile = new java.io.File(((pathPrefix + java.lang.Integer.toString(counter)) + .png)): null

2018-12-14 00:22:03 - [TEST_STEP][PASSED] - Statement - counter = counter + 1: null

2018-12-14 00:22:03 - [TEST_STEP][PASSED] - Statement - PreSaveFile = new java.io.File(((pathPrefix + java.lang.Integer.toString(counter)) + .png)): null

2018-12-14 00:22:03 - [TEST_STEP][PASSED] - Statement - counter = counter + 1: null

2018-12-14 00:22:03 - [TEST_STEP][PASSED] - Statement - PreSaveFile = new java.io.File(((pathPrefix + java.lang.Integer.toString(counter)) + .png)): null

2018-12-14 00:22:03 - [TEST_STEP][PASSED] - Statement - counter = counter + 1: null

2018-12-14 00:22:03 - [TEST_STEP][PASSED] - Statement - PreSaveFile = new java.io.File(((pathPrefix + java.lang.Integer.toString(counter)) + .png)): null

2018-12-14 00:22:03 - [TEST_STEP][PASSED] - Statement - counter = counter + 1: null

2018-12-14 00:22:03 - [TEST_STEP][PASSED] - Statement - PreSaveFile = new java.io.File(((pathPrefix + java.lang.Integer.toString(counter)) + .png)): null

2018-12-14 00:22:03 - [TEST_STEP][PASSED] - Statement - counter = counter + 1: null

2018-12-14 00:22:03 - [TEST_STEP][PASSED] - Statement - PreSaveFile = new java.io.File(((pathPrefix + java.lang.Integer.toString(counter)) + .png)): null

2018-12-14 00:22:03 - [TEST_STEP][PASSED] - Statement - counter = counter + 1: null

2018-12-14 00:22:03 - [TEST_STEP][PASSED] - Statement - PreSaveFile = new java.io.File(((pathPrefix + java.lang.Integer.toString(counter)) + .png)): null

2018-12-14 00:22:03 - [TEST_STEP][PASSED] - Statement - counter = counter + 1: null

2018-12-14 00:22:03 - [TEST_STEP][PASSED] - Statement - PreSaveFile = new java.io.File(((pathPrefix + java.lang.Integer.toString(counter)) + .png)): null

2018-12-14 00:22:03 - [TEST_STEP][PASSED] - Statement - counter = counter + 1: null

2018-12-14 00:22:03 - [TEST_STEP][PASSED] - Statement - PreSaveFile = new java.io.File(((pathPrefix + java.lang.Integer.toString(counter)) + .png)): null

2018-12-14 00:22:03 - [TEST_STEP][PASSED] - Statement - counter = counter + 1: null

2018-12-14 00:22:03 - [TEST_STEP][PASSED] - Statement - PreSaveFile = new java.io.File(((pathPrefix + java.lang.Integer.toString(counter)) + .png)): null

2018-12-14 00:22:03 - [TEST_STEP][PASSED] - Statement - counter = counter + 1: null

2018-12-14 00:22:03 - [TEST_STEP][PASSED] - Statement - PreSaveFile = new java.io.File(((pathPrefix + java.lang.Integer.toString(counter)) + .png)): null

2018-12-14 00:22:03 - [TEST_STEP][PASSED] - Statement - counter = counter + 1: null

2018-12-14 00:22:03 - [TEST_STEP][PASSED] - Statement - PreSaveFile = new java.io.File(((pathPrefix + java.lang.Integer.toString(counter)) + .png)): null

2018-12-14 00:22:03 - [TEST_STEP][PASSED] - Statement - counter = counter + 1: null

2018-12-14 00:22:03 - [TEST_STEP][PASSED] - Statement - PreSaveFile = new java.io.File(((pathPrefix + java.lang.Integer.toString(counter)) + .png)): null

2018-12-14 00:22:03 - [TEST_STEP][PASSED] - Statement - counter = counter + 1: null

2018-12-14 00:22:03 - [TEST_STEP][PASSED] - Statement - PreSaveFile = new java.io.File(((pathPrefix + java.lang.Integer.toString(counter)) + .png)): null

2018-12-14 00:22:03 - [TEST_STEP][PASSED] - Statement - counter = counter + 1: null

2018-12-14 00:22:03 - [TEST_STEP][PASSED] - Statement - PreSaveFile = new java.io.File(((pathPrefix + java.lang.Integer.toString(counter)) + .png)): null

2018-12-14 00:22:03 - [TEST_STEP][PASSED] - Statement - counter = counter + 1: null

2018-12-14 00:22:03 - [TEST_STEP][PASSED] - Statement - PreSaveFile = new java.io.File(((pathPrefix + java.lang.Integer.toString(counter)) + .png)): null

2018-12-14 00:22:03 - [TEST_STEP][PASSED] - Statement - counter = counter + 1: null

2018-12-14 00:22:03 - [TEST_STEP][PASSED] - Statement - PreSaveFile = new java.io.File(((pathPrefix + java.lang.Integer.toString(counter)) + .png)): null

2018-12-14 00:22:03 - [TEST_STEP][PASSED] - Statement - counter = counter + 1: null

2018-12-14 00:22:03 - [TEST_STEP][PASSED] - Statement - PreSaveFile = new java.io.File(((pathPrefix + java.lang.Integer.toString(counter)) + .png)): null

2018-12-14 00:22:03 - [TEST_STEP][PASSED] - Statement - counter = counter + 1: null

2018-12-14 00:22:03 - [TEST_STEP][PASSED] - Statement - PreSaveFile = new java.io.File(((pathPrefix + java.lang.Integer.toString(counter)) + .png)): null

2018-12-14 00:22:03 - [TEST_STEP][PASSED] - Statement - counter = counter + 1: null

2018-12-14 00:22:03 - [TEST_STEP][PASSED] - Statement - PreSaveFile = new java.io.File(((pathPrefix + java.lang.Integer.toString(counter)) + .png)): null

2018-12-14 00:22:03 - [TEST_STEP][PASSED] - Statement - counter = counter + 1: null

2018-12-14 00:22:03 - [TEST_STEP][PASSED] - Statement - PreSaveFile = new java.io.File(((pathPrefix + java.lang.Integer.toString(counter)) + .png)): null

2018-12-14 00:22:04 - [TEST_STEP][PASSED] - Statement - counter = counter + 1: null

2018-12-14 00:22:04 - [TEST_STEP][PASSED] - Statement - PreSaveFile = new java.io.File(((pathPrefix + java.lang.Integer.toString(counter)) + .png)): null

2018-12-14 00:22:04 - [TEST_STEP][PASSED] - Statement - counter = counter + 1: null

2018-12-14 00:22:04 - [TEST_STEP][PASSED] - Statement - PreSaveFile = new java.io.File(((pathPrefix + java.lang.Integer.toString(counter)) + .png)): null

2018-12-14 00:22:04 - [TEST_STEP][PASSED] - Statement - counter = counter + 1: null

2018-12-14 00:22:04 - [TEST_STEP][PASSED] - Statement - PreSaveFile = new java.io.File(((pathPrefix + java.lang.Integer.toString(counter)) + .png)): null

2018-12-14 00:22:04 - [TEST_STEP][PASSED] - Statement - counter = counter + 1: null

2018-12-14 00:22:04 - [TEST_STEP][PASSED] - Statement - PreSaveFile = new java.io.File(((pathPrefix + java.lang.Integer.toString(counter)) + .png)): null

2018-12-14 00:22:04 - [TEST_STEP][PASSED] - Statement - counter = counter + 1: null

2018-12-14 00:22:04 - [TEST_STEP][PASSED] - Statement - PreSaveFile = new java.io.File(((pathPrefix + java.lang.Integer.toString(counter)) + .png)): null

2018-12-14 00:22:04 - [TEST_STEP][PASSED] - Statement - counter = counter + 1: null

2018-12-14 00:22:04 - [TEST_STEP][PASSED] - Statement - PreSaveFile = new java.io.File(((pathPrefix + java.lang.Integer.toString(counter)) + .png)): null

2018-12-14 00:22:04 - [TEST_STEP][PASSED] - Statement - counter = counter + 1: null

2018-12-14 00:22:04 - [TEST_STEP][PASSED] - Statement - PreSaveFile = new java.io.File(((pathPrefix + java.lang.Integer.toString(counter)) + .png)): null

2018-12-14 00:22:04 - [TEST_STEP][PASSED] - Statement - counter = counter + 1: null

2018-12-14 00:22:04 - [TEST_STEP][PASSED] - Statement - PreSaveFile = new java.io.File(((pathPrefix + java.lang.Integer.toString(counter)) + .png)): null

2018-12-14 00:22:04 - [TEST_STEP][PASSED] - Statement - counter = counter + 1: null

2018-12-14 00:22:04 - [TEST_STEP][PASSED] - Statement - PreSaveFile = new java.io.File(((pathPrefix + java.lang.Integer.toString(counter)) + .png)): null

2018-12-14 00:22:04 - [TEST_STEP][PASSED] - Statement - counter = counter + 1: null

2018-12-14 00:22:04 - [TEST_STEP][PASSED] - Statement - PreSaveFile = new java.io.File(((pathPrefix + java.lang.Integer.toString(counter)) + .png)): null

2018-12-14 00:22:04 - [TEST_STEP][PASSED] - Statement - counter = counter + 1: null

2018-12-14 00:22:04 - [TEST_STEP][PASSED] - Statement - PreSaveFile = new java.io.File(((pathPrefix + java.lang.Integer.toString(counter)) + .png)): null

2018-12-14 00:22:04 - [TEST_STEP][PASSED] - Statement - counter = counter + 1: null

2018-12-14 00:22:04 - [TEST_STEP][PASSED] - Statement - PreSaveFile = new java.io.File(((pathPrefix + java.lang.Integer.toString(counter)) + .png)): null

2018-12-14 00:22:04 - [TEST_STEP][PASSED] - Statement - counter = counter + 1: null

2018-12-14 00:22:04 - [TEST_STEP][PASSED] - Statement - PreSaveFile = new java.io.File(((pathPrefix + java.lang.Integer.toString(counter)) + .png)): null

2018-12-14 00:22:04 - [TEST_STEP][PASSED] - Statement - counter = counter + 1: null

2018-12-14 00:22:04 - [TEST_STEP][PASSED] - Statement - PreSaveFile = new java.io.File(((pathPrefix + java.lang.Integer.toString(counter)) + .png)): null

2018-12-14 00:22:04 - [TEST_STEP][PASSED] - Statement - counter = counter + 1: null

2018-12-14 00:22:04 - [TEST_STEP][PASSED] - Statement - PreSaveFile = new java.io.File(((pathPrefix + java.lang.Integer.toString(counter)) + .png)): null

2018-12-14 00:22:04 - [TEST_STEP][PASSED] - Statement - counter = counter + 1: null

2018-12-14 00:22:04 - [TEST_STEP][PASSED] - Statement - PreSaveFile = new java.io.File(((pathPrefix + java.lang.Integer.toString(counter)) + .png)): null

2018-12-14 00:22:04 - [TEST_STEP][PASSED] - Statement - counter = counter + 1: null

2018-12-14 00:22:04 - [TEST_STEP][PASSED] - Statement - PreSaveFile = new java.io.File(((pathPrefix + java.lang.Integer.toString(counter)) + .png)): null

2018-12-14 00:22:04 - [TEST_STEP][PASSED] - Statement - counter = counter + 1: null

2018-12-14 00:22:04 - [TEST_STEP][PASSED] - Statement - PreSaveFile = new java.io.File(((pathPrefix + java.lang.Integer.toString(counter)) + .png)): null

2018-12-14 00:22:04 - [TEST_STEP][PASSED] - Statement - counter = counter + 1: null

2018-12-14 00:22:04 - [TEST_STEP][PASSED] - Statement - PreSaveFile = new java.io.File(((pathPrefix + java.lang.Integer.toString(counter)) + .png)): null

2018-12-14 00:22:04 - [TEST_STEP][PASSED] - Statement - counter = counter + 1: null

2018-12-14 00:22:04 - [TEST_STEP][PASSED] - Statement - PreSaveFile = new java.io.File(((pathPrefix + java.lang.Integer.toString(counter)) + .png)): null

2018-12-14 00:22:04 - [TEST_STEP][PASSED] - Statement - counter = counter + 1: null

2018-12-14 00:22:04 - [TEST_STEP][PASSED] - Statement - PreSaveFile = new java.io.File(((pathPrefix + java.lang.Integer.toString(counter)) + .png)): null

2018-12-14 00:22:04 - [TEST_STEP][PASSED] - Statement - counter = counter + 1: null

2018-12-14 00:22:04 - [TEST_STEP][PASSED] - Statement - PreSaveFile = new java.io.File(((pathPrefix + java.lang.Integer.toString(counter)) + .png)): null

2018-12-14 00:22:04 - [TEST_STEP][PASSED] - Statement - counter = counter + 1: null

2018-12-14 00:22:04 - [TEST_STEP][PASSED] - Statement - PreSaveFile = new java.io.File(((pathPrefix + java.lang.Integer.toString(counter)) + .png)): null

2018-12-14 00:22:04 - [TEST_STEP][PASSED] - Statement - counter = counter + 1: null

2018-12-14 00:22:04 - [TEST_STEP][PASSED] - Statement - PreSaveFile = new java.io.File(((pathPrefix + java.lang.Integer.toString(counter)) + .png)): null

2018-12-14 00:22:04 - [TEST_STEP][PASSED] - Statement - counter = counter + 1: null

2018-12-14 00:22:04 - [TEST_STEP][PASSED] - Statement - PreSaveFile = new java.io.File(((pathPrefix + java.lang.Integer.toString(counter)) + .png)): null

2018-12-14 00:22:04 - [TEST_STEP][PASSED] - Statement - counter = counter + 1: null

2018-12-14 00:22:04 - [TEST_STEP][PASSED] - Statement - PreSaveFile = new java.io.File(((pathPrefix + java.lang.Integer.toString(counter)) + .png)): null

2018-12-14 00:22:04 - [TEST_STEP][PASSED] - Statement - counter = counter + 1: null

2018-12-14 00:22:04 - [TEST_STEP][PASSED] - Statement - PreSaveFile = new java.io.File(((pathPrefix + java.lang.Integer.toString(counter)) + .png)): null

2018-12-14 00:22:04 - [TEST_STEP][PASSED] - Statement - counter = counter + 1: null

2018-12-14 00:22:04 - [TEST_STEP][PASSED] - Statement - PreSaveFile = new java.io.File(((pathPrefix + java.lang.Integer.toString(counter)) + .png)): null

2018-12-14 00:22:04 - [TEST_STEP][PASSED] - Statement - counter = counter + 1: null

2018-12-14 00:22:04 - [TEST_STEP][PASSED] - Statement - PreSaveFile = new java.io.File(((pathPrefix + java.lang.Integer.toString(counter)) + .png)): null

2018-12-14 00:22:04 - [TEST_STEP][PASSED] - Statement - counter = counter + 1: null

2018-12-14 00:22:04 - [TEST_STEP][PASSED] - Statement - PreSaveFile = new java.io.File(((pathPrefix + java.lang.Integer.toString(counter)) + .png)): null

2018-12-14 00:22:04 - [TEST_STEP][PASSED] - Statement - counter = counter + 1: null

2018-12-14 00:22:04 - [TEST_STEP][PASSED] - Statement - PreSaveFile = new java.io.File(((pathPrefix + java.lang.Integer.toString(counter)) + .png)): null

2018-12-14 00:22:04 - [TEST_STEP][PASSED] - Statement - counter = counter + 1: null

2018-12-14 00:22:04 - [TEST_STEP][PASSED] - Statement - PreSaveFile = new java.io.File(((pathPrefix + java.lang.Integer.toString(counter)) + .png)): null

2018-12-14 00:22:04 - [TEST_STEP][PASSED] - Statement - counter = counter + 1: null

2018-12-14 00:22:04 - [TEST_STEP][PASSED] - Statement - PreSaveFile = new java.io.File(((pathPrefix + java.lang.Integer.toString(counter)) + .png)): null

2018-12-14 00:22:04 - [TEST_STEP][PASSED] - Statement - counter = counter + 1: null

2018-12-14 00:22:04 - [TEST_STEP][PASSED] - Statement - PreSaveFile = new java.io.File(((pathPrefix + java.lang.Integer.toString(counter)) + .png)): null

2018-12-14 00:22:04 - [TEST_STEP][PASSED] - Statement - counter = counter + 1: null

2018-12-14 00:22:04 - [TEST_STEP][PASSED] - Statement - PreSaveFile = new java.io.File(((pathPrefix + java.lang.Integer.toString(counter)) + .png)): null

2018-12-14 00:22:04 - [TEST_STEP][PASSED] - Statement - counter = counter + 1: null

2018-12-14 00:22:04 - [TEST_STEP][PASSED] - Statement - PreSaveFile = new java.io.File(((pathPrefix + java.lang.Integer.toString(counter)) + .png)): null

2018-12-14 00:22:04 - [TEST_STEP][PASSED] - Statement - counter = counter + 1: null

2018-12-14 00:22:04 - [TEST_STEP][PASSED] - Statement - PreSaveFile = new java.io.File(((pathPrefix + java.lang.Integer.toString(counter)) + .png)): null

2018-12-14 00:22:04 - [TEST_STEP][PASSED] - Statement - counter = counter + 1: null

2018-12-14 00:22:04 - [TEST_STEP][PASSED] - Statement - PreSaveFile = new java.io.File(((pathPrefix + java.lang.Integer.toString(counter)) + .png)): null

2018-12-14 00:22:04 - [TEST_STEP][PASSED] - Statement - counter = counter + 1: null

2018-12-14 00:22:04 - [TEST_STEP][PASSED] - Statement - PreSaveFile = new java.io.File(((pathPrefix + java.lang.Integer.toString(counter)) + .png)): null

2018-12-14 00:22:04 - [TEST_STEP][PASSED] - Statement - counter = counter + 1: null

2018-12-14 00:22:04 - [TEST_STEP][PASSED] - Statement - PreSaveFile = new java.io.File(((pathPrefix + java.lang.Integer.toString(counter)) + .png)): null

2018-12-14 00:22:04 - [TEST_STEP][PASSED] - Statement - counter = counter + 1: null

2018-12-14 00:22:04 - [TEST_STEP][PASSED] - Statement - PreSaveFile = new java.io.File(((pathPrefix + java.lang.Integer.toString(counter)) + .png)): null

2018-12-14 00:22:04 - [TEST_STEP][PASSED] - Statement - counter = counter + 1: null

2018-12-14 00:22:04 - [TEST_STEP][PASSED] - Statement - PreSaveFile = new java.io.File(((pathPrefix + java.lang.Integer.toString(counter)) + .png)): null

2018-12-14 00:22:04 - [TEST_STEP][PASSED] - Statement - counter = counter + 1: null

2018-12-14 00:22:04 - [TEST_STEP][PASSED] - Statement - PreSaveFile = new java.io.File(((pathPrefix + java.lang.Integer.toString(counter)) + .png)): null

2018-12-14 00:22:04 - [TEST_STEP][PASSED] - Statement - counter = counter + 1: null

2018-12-14 00:22:04 - [TEST_STEP][PASSED] - Statement - PreSaveFile = new java.io.File(((pathPrefix + java.lang.Integer.toString(counter)) + .png)): null

2018-12-14 00:22:04 - [TEST_STEP][PASSED] - Statement - counter = counter + 1: null

2018-12-14 00:22:04 - [TEST_STEP][PASSED] - Statement - PreSaveFile = new java.io.File(((pathPrefix + java.lang.Integer.toString(counter)) + .png)): null

2018-12-14 00:22:04 - [TEST_STEP][PASSED] - Statement - counter = counter + 1: null

2018-12-14 00:22:04 - [TEST_STEP][PASSED] - Statement - PreSaveFile = new java.io.File(((pathPrefix + java.lang.Integer.toString(counter)) + .png)): null

2018-12-14 00:22:04 - [TEST_STEP][PASSED] - Statement - counter = counter + 1: null

2018-12-14 00:22:04 - [TEST_STEP][PASSED] - Statement - PreSaveFile = new java.io.File(((pathPrefix + java.lang.Integer.toString(counter)) + .png)): null

2018-12-14 00:22:04 - [TEST_STEP][PASSED] - Statement - counter = counter + 1: null

2018-12-14 00:22:04 - [TEST_STEP][PASSED] - Statement - PreSaveFile = new java.io.File(((pathPrefix + java.lang.Integer.toString(counter)) + .png)): null

2018-12-14 00:22:04 - [TEST_STEP][PASSED] - Statement - counter = counter + 1: null

2018-12-14 00:22:04 - [TEST_STEP][PASSED] - Statement - PreSaveFile = new java.io.File(((pathPrefix + java.lang.Integer.toString(counter)) + .png)): null

2018-12-14 00:22:04 - [TEST_STEP][PASSED] - Statement - counter = counter + 1: null

2018-12-14 00:22:04 - [TEST_STEP][PASSED] - Statement - PreSaveFile = new java.io.File(((pathPrefix + java.lang.Integer.toString(counter)) + .png)): null

2018-12-14 00:22:04 - [TEST_STEP][PASSED] - Statement - counter = counter + 1: null

2018-12-14 00:22:04 - [TEST_STEP][PASSED] - Statement - PreSaveFile = new java.io.File(((pathPrefix + java.lang.Integer.toString(counter)) + .png)): null

2018-12-14 00:22:04 - [TEST_STEP][PASSED] - Statement - counter = counter + 1: null

2018-12-14 00:22:04 - [TEST_STEP][PASSED] - Statement - PreSaveFile = new java.io.File(((pathPrefix + java.lang.Integer.toString(counter)) + .png)): null

2018-12-14 00:22:04 - [TEST_STEP][PASSED] - Statement - counter = counter + 1: null

2018-12-14 00:22:04 - [TEST_STEP][PASSED] - Statement - PreSaveFile = new java.io.File(((pathPrefix + java.lang.Integer.toString(counter)) + .png)): null

2018-12-14 00:22:04 - [TEST_STEP][PASSED] - Statement - counter = counter + 1: null

2018-12-14 00:22:04 - [TEST_STEP][PASSED] - Statement - PreSaveFile = new java.io.File(((pathPrefix + java.lang.Integer.toString(counter)) + .png)): null

2018-12-14 00:22:04 - [TEST_STEP][PASSED] - Statement - counter = counter + 1: null

2018-12-14 00:22:04 - [TEST_STEP][PASSED] - Statement - PreSaveFile = new java.io.File(((pathPrefix + java.lang.Integer.toString(counter)) + .png)): null

2018-12-14 00:22:04 - [TEST_STEP][PASSED] - Statement - counter = counter + 1: null

2018-12-14 00:22:04 - [TEST_STEP][PASSED] - Statement - PreSaveFile = new java.io.File(((pathPrefix + java.lang.Integer.toString(counter)) + .png)): null

2018-12-14 00:22:04 - [TEST_STEP][PASSED] - Statement - counter = counter + 1: null

2018-12-14 00:22:04 - [TEST_STEP][PASSED] - Statement - PreSaveFile = new java.io.File(((pathPrefix + java.lang.Integer.toString(counter)) + .png)): null

2018-12-14 00:22:04 - [TEST_STEP][PASSED] - Statement - counter = counter + 1: null

2018-12-14 00:22:04 - [TEST_STEP][PASSED] - Statement - PreSaveFile = new java.io.File(((pathPrefix + java.lang.Integer.toString(counter)) + .png)): null

2018-12-14 00:22:04 - [TEST_STEP][PASSED] - Statement - counter = counter + 1: null

2018-12-14 00:22:04 - [TEST_STEP][PASSED] - Statement - PreSaveFile = new java.io.File(((pathPrefix + java.lang.Integer.toString(counter)) + .png)): null

2018-12-14 00:22:04 - [TEST_STEP][PASSED] - Statement - counter = counter + 1: null

2018-12-14 00:22:04 - [TEST_STEP][PASSED] - Statement - PreSaveFile = new java.io.File(((pathPrefix + java.lang.Integer.toString(counter)) + .png)): null

2018-12-14 00:22:04 - [TEST_STEP][PASSED] - Statement - counter = counter + 1: null

2018-12-14 00:22:04 - [TEST_STEP][PASSED] - Statement - PreSaveFile = new java.io.File(((pathPrefix + java.lang.Integer.toString(counter)) + .png)): null

2018-12-14 00:22:04 - [TEST_STEP][PASSED] - Statement - counter = counter + 1: null

2018-12-14 00:22:04 - [TEST_STEP][PASSED] - Statement - PreSaveFile = new java.io.File(((pathPrefix + java.lang.Integer.toString(counter)) + .png)): null

2018-12-14 00:22:04 - [TEST_STEP][PASSED] - Statement - counter = counter + 1: null

2018-12-14 00:22:04 - [TEST_STEP][PASSED] - Statement - PreSaveFile = new java.io.File(((pathPrefix + java.lang.Integer.toString(counter)) + .png)): null

2018-12-14 00:22:04 - [TEST_STEP][PASSED] - Statement - counter = counter + 1: null

2018-12-14 00:22:04 - [TEST_STEP][PASSED] - Statement - PreSaveFile = new java.io.File(((pathPrefix + java.lang.Integer.toString(counter)) + .png)): null

2018-12-14 00:22:04 - [TEST_STEP][PASSED] - Statement - counter = counter + 1: null

2018-12-14 00:22:04 - [TEST_STEP][PASSED] - Statement - PreSaveFile = new java.io.File(((pathPrefix + java.lang.Integer.toString(counter)) + .png)): null

2018-12-14 00:22:04 - [TEST_STEP][PASSED] - Statement - counter = counter + 1: null

2018-12-14 00:22:04 - [TEST_STEP][PASSED] - Statement - PreSaveFile = new java.io.File(((pathPrefix + java.lang.Integer.toString(counter)) + .png)): null

2018-12-14 00:22:04 - [TEST_STEP][PASSED] - Statement - counter = counter + 1: null

2018-12-14 00:22:04 - [TEST_STEP][PASSED] - Statement - PreSaveFile = new java.io.File(((pathPrefix + java.lang.Integer.toString(counter)) + .png)): null

2018-12-14 00:22:04 - [TEST_STEP][PASSED] - Statement - counter = counter + 1: null

2018-12-14 00:22:04 - [TEST_STEP][PASSED] - Statement - PreSaveFile = new java.io.File(((pathPrefix + java.lang.Integer.toString(counter)) + .png)): null

2018-12-14 00:22:04 - [TEST_STEP][PASSED] - Statement - counter = counter + 1: null

2018-12-14 00:22:04 - [TEST_STEP][PASSED] - Statement - PreSaveFile = new java.io.File(((pathPrefix + java.lang.Integer.toString(counter)) + .png)): null

2018-12-14 00:22:04 - [TEST_STEP][PASSED] - Statement - counter = counter + 1: null

2018-12-14 00:22:04 - [TEST_STEP][PASSED] - Statement - PreSaveFile = new java.io.File(((pathPrefix + java.lang.Integer.toString(counter)) + .png)): null

2018-12-14 00:22:04 - [TEST_STEP][PASSED] - Statement - counter = counter + 1: null

2018-12-14 00:22:04 - [TEST_STEP][PASSED] - Statement - PreSaveFile = new java.io.File(((pathPrefix + java.lang.Integer.toString(counter)) + .png)): null

2018-12-14 00:22:04 - [TEST_STEP][PASSED] - Statement - counter = counter + 1: null

2018-12-14 00:22:04 - [TEST_STEP][PASSED] - Statement - PreSaveFile = new java.io.File(((pathPrefix + java.lang.Integer.toString(counter)) + .png)): null

2018-12-14 00:22:04 - [TEST_STEP][PASSED] - Statement - counter = counter + 1: null

2018-12-14 00:22:04 - [TEST_STEP][PASSED] - Statement - PreSaveFile = new java.io.File(((pathPrefix + java.lang.Integer.toString(counter)) + .png)): null

2018-12-14 00:22:04 - [TEST_STEP][PASSED] - Statement - counter = counter + 1: null

2018-12-14 00:22:04 - [TEST_STEP][PASSED] - Statement - PreSaveFile = new java.io.File(((pathPrefix + java.lang.Integer.toString(counter)) + .png)): null

2018-12-14 00:22:04 - [TEST_STEP][PASSED] - Statement - counter = counter + 1: null

2018-12-14 00:22:04 - [TEST_STEP][PASSED] - Statement - PreSaveFile = new java.io.File(((pathPrefix + java.lang.Integer.toString(counter)) + .png)): null

2018-12-14 00:22:04 - [TEST_STEP][PASSED] - Statement - counter = counter + 1: null

2018-12-14 00:22:04 - [TEST_STEP][PASSED] - Statement - PreSaveFile = new java.io.File(((pathPrefix + java.lang.Integer.toString(counter)) + .png)): null

2018-12-14 00:22:04 - [TEST_STEP][PASSED] - Statement - counter = counter + 1: null

2018-12-14 00:22:04 - [TEST_STEP][PASSED] - Statement - PreSaveFile = new java.io.File(((pathPrefix + java.lang.Integer.toString(counter)) + .png)): null

2018-12-14 00:22:04 - [TEST_STEP][PASSED] - Statement - counter = counter + 1: null

2018-12-14 00:22:04 - [TEST_STEP][PASSED] - Statement - PreSaveFile = new java.io.File(((pathPrefix + java.lang.Integer.toString(counter)) + .png)): null

2018-12-14 00:22:04 - [TEST_STEP][PASSED] - Statement - counter = counter + 1: null

2018-12-14 00:22:04 - [TEST_STEP][PASSED] - Statement - PreSaveFile = new java.io.File(((pathPrefix + java.lang.Integer.toString(counter)) + .png)): null

2018-12-14 00:22:04 - [TEST_STEP][PASSED] - Statement - counter = counter + 1: null

2018-12-14 00:22:04 - [TEST_STEP][PASSED] - Statement - PreSaveFile = new java.io.File(((pathPrefix + java.lang.Integer.toString(counter)) + .png)): null

2018-12-14 00:22:04 - [TEST_STEP][PASSED] - Statement - counter = counter + 1: null

2018-12-14 00:22:04 - [TEST_STEP][PASSED] - Statement - PreSaveFile = new java.io.File(((pathPrefix + java.lang.Integer.toString(counter)) + .png)): null

2018-12-14 00:22:04 - [TEST_STEP][PASSED] - Statement - counter = counter + 1: null

2018-12-14 00:22:04 - [TEST_STEP][PASSED] - Statement - PreSaveFile = new java.io.File(((pathPrefix + java.lang.Integer.toString(counter)) + .png)): null

2018-12-14 00:22:04 - [TEST_STEP][PASSED] - Statement - counter = counter + 1: null

2018-12-14 00:22:04 - [TEST_STEP][PASSED] - Statement - PreSaveFile = new java.io.File(((pathPrefix + java.lang.Integer.toString(counter)) + .png)): null

2018-12-14 00:22:04 - [TEST_STEP][PASSED] - Statement - counter = counter + 1: null

2018-12-14 00:22:04 - [TEST_STEP][PASSED] - Statement - PreSaveFile = new java.io.File(((pathPrefix + java.lang.Integer.toString(counter)) + .png)): null

2018-12-14 00:22:04 - [TEST_STEP][PASSED] - Statement - counter = counter + 1: null

2018-12-14 00:22:04 - [TEST_STEP][PASSED] - Statement - PreSaveFile = new java.io.File(((pathPrefix + java.lang.Integer.toString(counter)) + .png)): null

2018-12-14 00:22:04 - [TEST_STEP][PASSED] - Statement - counter = counter + 1: null

2018-12-14 00:22:04 - [TEST_STEP][PASSED] - Statement - PreSaveFile = new java.io.File(((pathPrefix + java.lang.Integer.toString(counter)) + .png)): null

2018-12-14 00:22:04 - [TEST_STEP][PASSED] - Statement - counter = counter + 1: null

2018-12-14 00:22:04 - [TEST_STEP][PASSED] - Statement - PreSaveFile = new java.io.File(((pathPrefix + java.lang.Integer.toString(counter)) + .png)): null

2018-12-14 00:22:04 - [TEST_STEP][PASSED] - Statement - counter = counter + 1: null

2018-12-14 00:22:04 - [TEST_STEP][PASSED] - Statement - PreSaveFile = new java.io.File(((pathPrefix + java.lang.Integer.toString(counter)) + .png)): null

2018-12-14 00:22:04 - [TEST_STEP][PASSED] - Statement - counter = counter + 1: null

2018-12-14 00:22:04 - [TEST_STEP][PASSED] - Statement - PreSaveFile = new java.io.File(((pathPrefix + java.lang.Integer.toString(counter)) + .png)): null

2018-12-14 00:22:04 - [TEST_STEP][PASSED] - Statement - counter = counter + 1: null

2018-12-14 00:22:04 - [TEST_STEP][PASSED] - Statement - PreSaveFile = new java.io.File(((pathPrefix + java.lang.Integer.toString(counter)) + .png)): null

2018-12-14 00:22:04 - [TEST_STEP][PASSED] - Statement - counter = counter + 1: null

2018-12-14 00:22:04 - [TEST_STEP][PASSED] - Statement - PreSaveFile = new java.io.File(((pathPrefix + java.lang.Integer.toString(counter)) + .png)): null

2018-12-14 00:22:04 - [TEST_STEP][PASSED] - Statement - counter = counter + 1: null

2018-12-14 00:22:04 - [TEST_STEP][PASSED] - Statement - PreSaveFile = new java.io.File(((pathPrefix + java.lang.Integer.toString(counter)) + .png)): null

2018-12-14 00:22:04 - [TEST_STEP][PASSED] - Statement - counter = counter + 1: null

2018-12-14 00:22:04 - [TEST_STEP][PASSED] - Statement - PreSaveFile = new java.io.File(((pathPrefix + java.lang.Integer.toString(counter)) + .png)): null

2018-12-14 00:22:04 - [TEST_STEP][PASSED] - Statement - counter = counter + 1: null

2018-12-14 00:22:04 - [TEST_STEP][PASSED] - Statement - PreSaveFile = new java.io.File(((pathPrefix + java.lang.Integer.toString(counter)) + .png)): null

2018-12-14 00:22:04 - [TEST_STEP][PASSED] - Statement - counter = counter + 1: null

2018-12-14 00:22:04 - [TEST_STEP][PASSED] - Statement - PreSaveFile = new java.io.File(((pathPrefix + java.lang.Integer.toString(counter)) + .png)): null

2018-12-14 00:22:04 - [TEST_STEP][PASSED] - Statement - counter = counter + 1: null

2018-12-14 00:22:04 - [TEST_STEP][PASSED] - Statement - PreSaveFile = new java.io.File(((pathPrefix + java.lang.Integer.toString(counter)) + .png)): null

2018-12-14 00:22:04 - [TEST_STEP][PASSED] - Statement - counter = counter + 1: null

2018-12-14 00:22:04 - [TEST_STEP][PASSED] - Statement - PreSaveFile = new java.io.File(((pathPrefix + java.lang.Integer.toString(counter)) + .png)): null

2018-12-14 00:22:04 - [TEST_STEP][PASSED] - Statement - counter = counter + 1: null

2018-12-14 00:22:04 - [TEST_STEP][PASSED] - Statement - PreSaveFile = new java.io.File(((pathPrefix + java.lang.Integer.toString(counter)) + .png)): null

2018-12-14 00:22:04 - [TEST_STEP][PASSED] - Statement - counter = counter + 1: null

2018-12-14 00:22:04 - [TEST_STEP][PASSED] - Statement - PreSaveFile = new java.io.File(((pathPrefix + java.lang.Integer.toString(counter)) + .png)): null

2018-12-14 00:22:04 - [TEST_STEP][PASSED] - Statement - counter = counter + 1: null

2018-12-14 00:22:04 - [TEST_STEP][PASSED] - Statement - PreSaveFile = new java.io.File(((pathPrefix + java.lang.Integer.toString(counter)) + .png)): null

2018-12-14 00:22:04 - [TEST_STEP][PASSED] - Statement - counter = counter + 1: null

2018-12-14 00:22:04 - [TEST_STEP][PASSED] - Statement - PreSaveFile = new java.io.File(((pathPrefix + java.lang.Integer.toString(counter)) + .png)): null

2018-12-14 00:22:04 - [TEST_STEP][PASSED] - Statement - counter = counter + 1: null

2018-12-14 00:22:04 - [TEST_STEP][PASSED] - Statement - PreSaveFile = new java.io.File(((pathPrefix + java.lang.Integer.toString(counter)) + .png)): null

2018-12-14 00:22:04 - [TEST_STEP][PASSED] - Statement - counter = counter + 1: null

2018-12-14 00:22:04 - [TEST_STEP][PASSED] - Statement - PreSaveFile = new java.io.File(((pathPrefix + java.lang.Integer.toString(counter)) + .png)): null

2018-12-14 00:22:04 - [TEST_STEP][PASSED] - Statement - counter = counter + 1: null

2018-12-14 00:22:04 - [TEST_STEP][PASSED] - Statement - PreSaveFile = new java.io.File(((pathPrefix + java.lang.Integer.toString(counter)) + .png)): null

2018-12-14 00:22:04 - [TEST_STEP][PASSED] - Statement - counter = counter + 1: null

2018-12-14 00:22:04 - [TEST_STEP][PASSED] - Statement - PreSaveFile = new java.io.File(((pathPrefix + java.lang.Integer.toString(counter)) + .png)): null

2018-12-14 00:22:04 - [TEST_STEP][PASSED] - Statement - counter = counter + 1: null

2018-12-14 00:22:04 - [TEST_STEP][PASSED] - Statement - PreSaveFile = new java.io.File(((pathPrefix + java.lang.Integer.toString(counter)) + .png)): null

2018-12-14 00:22:04 - [TEST_STEP][PASSED] - Statement - counter = counter + 1: null

2018-12-14 00:22:04 - [TEST_STEP][PASSED] - Statement - PreSaveFile = new java.io.File(((pathPrefix + java.lang.Integer.toString(counter)) + .png)): null

2018-12-14 00:22:04 - [TEST_STEP][PASSED] - Statement - counter = counter + 1: null

2018-12-14 00:22:04 - [TEST_STEP][PASSED] - Statement - PreSaveFile = new java.io.File(((pathPrefix + java.lang.Integer.toString(counter)) + .png)): null

2018-12-14 00:22:04 - [TEST_STEP][PASSED] - Statement - counter = counter + 1: null

2018-12-14 00:22:04 - [TEST_STEP][PASSED] - Statement - PreSaveFile = new java.io.File(((pathPrefix + java.lang.Integer.toString(counter)) + .png)): null

2018-12-14 00:22:04 - [TEST_STEP][PASSED] - Statement - counter = counter + 1: null

2018-12-14 00:22:04 - [TEST_STEP][PASSED] - Statement - PreSaveFile = new java.io.File(((pathPrefix + java.lang.Integer.toString(counter)) + .png)): null

2018-12-14 00:22:04 - [TEST_STEP][PASSED] - Statement - counter = counter + 1: null

2018-12-14 00:22:04 - [TEST_STEP][PASSED] - Statement - PreSaveFile = new java.io.File(((pathPrefix + java.lang.Integer.toString(counter)) + .png)): null

2018-12-14 00:22:04 - [TEST_STEP][PASSED] - Statement - counter = counter + 1: null

2018-12-14 00:22:04 - [TEST_STEP][PASSED] - Statement - PreSaveFile = new java.io.File(((pathPrefix + java.lang.Integer.toString(counter)) + .png)): null

2018-12-14 00:22:04 - [TEST_STEP][PASSED] - Statement - counter = counter + 1: null

2018-12-14 00:22:04 - [TEST_STEP][PASSED] - Statement - PreSaveFile = new java.io.File(((pathPrefix + java.lang.Integer.toString(counter)) + .png)): null

2018-12-14 00:22:04 - [TEST_STEP][PASSED] - Statement - counter = counter + 1: null

2018-12-14 00:22:04 - [TEST_STEP][PASSED] - Statement - PreSaveFile = new java.io.File(((pathPrefix + java.lang.Integer.toString(counter)) + .png)): null

2018-12-14 00:22:04 - [TEST_STEP][PASSED] - Statement - counter = counter + 1: null

2018-12-14 00:22:04 - [TEST_STEP][PASSED] - Statement - PreSaveFile = new java.io.File(((pathPrefix + java.lang.Integer.toString(counter)) + .png)): null

2018-12-14 00:22:04 - [TEST_STEP][PASSED] - Statement - counter = counter + 1: null

2018-12-14 00:22:04 - [TEST_STEP][PASSED] - Statement - PreSaveFile = new java.io.File(((pathPrefix + java.lang.Integer.toString(counter)) + .png)): null

2018-12-14 00:22:04 - [TEST_STEP][PASSED] - Statement - counter = counter + 1: null

2018-12-14 00:22:04 - [TEST_STEP][PASSED] - Statement - PreSaveFile = new java.io.File(((pathPrefix + java.lang.Integer.toString(counter)) + .png)): null

2018-12-14 00:22:04 - [TEST_STEP][PASSED] - Statement - counter = counter + 1: null

2018-12-14 00:22:04 - [TEST_STEP][PASSED] - Statement - PreSaveFile = new java.io.File(((pathPrefix + java.lang.Integer.toString(counter)) + .png)): null

2018-12-14 00:22:04 - [TEST_STEP][PASSED] - Statement - counter = counter + 1: null

2018-12-14 00:22:04 - [TEST_STEP][PASSED] - Statement - PreSaveFile = new java.io.File(((pathPrefix + java.lang.Integer.toString(counter)) + .png)): null

2018-12-14 00:22:04 - [TEST_STEP][PASSED] - Statement - counter = counter + 1: null

2018-12-14 00:22:04 - [TEST_STEP][PASSED] - Statement - PreSaveFile = new java.io.File(((pathPrefix + java.lang.Integer.toString(counter)) + .png)): null

2018-12-14 00:22:04 - [TEST_STEP][PASSED] - Statement - counter = counter + 1: null

2018-12-14 00:22:04 - [TEST_STEP][PASSED] - Statement - PreSaveFile = new java.io.File(((pathPrefix + java.lang.Integer.toString(counter)) + .png)): null

2018-12-14 00:22:04 - [TEST_STEP][PASSED] - Statement - counter = counter + 1: null

2018-12-14 00:22:04 - [TEST_STEP][PASSED] - Statement - PreSaveFile = new java.io.File(((pathPrefix + java.lang.Integer.toString(counter)) + .png)): null

2018-12-14 00:22:04 - [TEST_STEP][PASSED] - Statement - counter = counter + 1: null

2018-12-14 00:22:04 - [TEST_STEP][PASSED] - Statement - PreSaveFile = new java.io.File(((pathPrefix + java.lang.Integer.toString(counter)) + .png)): null

2018-12-14 00:22:04 - [TEST_STEP][PASSED] - Statement - counter = counter + 1: null

2018-12-14 00:22:04 - [TEST_STEP][PASSED] - Statement - PreSaveFile = new java.io.File(((pathPrefix + java.lang.Integer.toString(counter)) + .png)): null

2018-12-14 00:22:04 - [TEST_STEP][PASSED] - Statement - counter = counter + 1: null

2018-12-14 00:22:04 - [TEST_STEP][PASSED] - Statement - PreSaveFile = new java.io.File(((pathPrefix + java.lang.Integer.toString(counter)) + .png)): null

2018-12-14 00:22:04 - [TEST_STEP][PASSED] - Statement - counter = counter + 1: null

2018-12-14 00:22:04 - [TEST_STEP][PASSED] - Statement - PreSaveFile = new java.io.File(((pathPrefix + java.lang.Integer.toString(counter)) + .png)): null

2018-12-14 00:22:04 - [TEST_STEP][PASSED] - Statement - counter = counter + 1: null

2018-12-14 00:22:04 - [TEST_STEP][PASSED] - Statement - PreSaveFile = new java.io.File(((pathPrefix + java.lang.Integer.toString(counter)) + .png)): null

2018-12-14 00:22:04 - [TEST_STEP][PASSED] - Statement - counter = counter + 1: null

2018-12-14 00:22:04 - [TEST_STEP][PASSED] - Statement - PreSaveFile = new java.io.File(((pathPrefix + java.lang.Integer.toString(counter)) + .png)): null

2018-12-14 00:22:04 - [TEST_STEP][PASSED] - Statement - counter = counter + 1: null

2018-12-14 00:22:04 - [TEST_STEP][PASSED] - Statement - PreSaveFile = new java.io.File(((pathPrefix + java.lang.Integer.toString(counter)) + .png)): null

2018-12-14 00:22:04 - [TEST_STEP][PASSED] - Statement - counter = counter + 1: null

2018-12-14 00:22:04 - [TEST_STEP][PASSED] - Statement - PreSaveFile = new java.io.File(((pathPrefix + java.lang.Integer.toString(counter)) + .png)): null

2018-12-14 00:22:04 - [TEST_STEP][PASSED] - Statement - counter = counter + 1: null

2018-12-14 00:22:04 - [TEST_STEP][PASSED] - Statement - PreSaveFile = new java.io.File(((pathPrefix + java.lang.Integer.toString(counter)) + .png)): null

2018-12-14 00:22:04 - [TEST_STEP][PASSED] - Statement - counter = counter + 1: null

2018-12-14 00:22:04 - [TEST_STEP][PASSED] - Statement - PreSaveFile = new java.io.File(((pathPrefix + java.lang.Integer.toString(counter)) + .png)): null

2018-12-14 00:22:04 - [TEST_STEP][PASSED] - Statement - counter = counter + 1: null

2018-12-14 00:22:04 - [TEST_STEP][PASSED] - Statement - PreSaveFile = new java.io.File(((pathPrefix + java.lang.Integer.toString(counter)) + .png)): null

2018-12-14 00:22:04 - [TEST_STEP][PASSED] - Statement - counter = counter + 1: null

2018-12-14 00:22:04 - [TEST_STEP][PASSED] - Statement - PreSaveFile = new java.io.File(((pathPrefix + java.lang.Integer.toString(counter)) + .png)): null

2018-12-14 00:22:04 - [TEST_STEP][PASSED] - Statement - counter = counter + 1: null

2018-12-14 00:22:04 - [TEST_STEP][PASSED] - Statement - PreSaveFile = new java.io.File(((pathPrefix + java.lang.Integer.toString(counter)) + .png)): null

2018-12-14 00:22:04 - [TEST_STEP][PASSED] - Statement - counter = counter + 1: null

2018-12-14 00:22:04 - [TEST_STEP][PASSED] - Statement - PreSaveFile = new java.io.File(((pathPrefix + java.lang.Integer.toString(counter)) + .png)): null

2018-12-14 00:22:04 - [TEST_STEP][PASSED] - Statement - counter = counter + 1: null

2018-12-14 00:22:04 - [TEST_STEP][PASSED] - Statement - PreSaveFile = new java.io.File(((pathPrefix + java.lang.Integer.toString(counter)) + .png)): null

2018-12-14 00:22:04 - [TEST_STEP][PASSED] - Statement - counter = counter + 1: null

2018-12-14 00:22:04 - [TEST_STEP][PASSED] - Statement - PreSaveFile = new java.io.File(((pathPrefix + java.lang.Integer.toString(counter)) + .png)): null

2018-12-14 00:22:04 - [TEST_STEP][PASSED] - Statement - counter = counter + 1: null

2018-12-14 00:22:04 - [TEST_STEP][PASSED] - Statement - PreSaveFile = new java.io.File(((pathPrefix + java.lang.Integer.toString(counter)) + .png)): null

2018-12-14 00:22:04 - [TEST_STEP][PASSED] - Statement - counter = counter + 1: null

2018-12-14 00:22:04 - [TEST_STEP][PASSED] - Statement - PreSaveFile = new java.io.File(((pathPrefix + java.lang.Integer.toString(counter)) + .png)): null

2018-12-14 00:22:04 - [TEST_STEP][PASSED] - Statement - counter = counter + 1: null

2018-12-14 00:22:04 - [TEST_STEP][PASSED] - Statement - PreSaveFile = new java.io.File(((pathPrefix + java.lang.Integer.toString(counter)) + .png)): null

2018-12-14 00:22:04 - [TEST_STEP][PASSED] - Statement - counter = counter + 1: null

2018-12-14 00:22:04 - [TEST_STEP][PASSED] - Statement - PreSaveFile = new java.io.File(((pathPrefix + java.lang.Integer.toString(counter)) + .png)): null

2018-12-14 00:22:04 - [TEST_STEP][PASSED] - Statement - counter = counter + 1: null

2018-12-14 00:22:04 - [TEST_STEP][PASSED] - Statement - PreSaveFile = new java.io.File(((pathPrefix + java.lang.Integer.toString(counter)) + .png)): null

2018-12-14 00:22:04 - [TEST_STEP][PASSED] - Statement - counter = counter + 1: null

2018-12-14 00:22:04 - [TEST_STEP][PASSED] - Statement - PreSaveFile = new java.io.File(((pathPrefix + java.lang.Integer.toString(counter)) + .png)): null

2018-12-14 00:22:04 - [TEST_STEP][PASSED] - Statement - counter = counter + 1: null

2018-12-14 00:22:04 - [TEST_STEP][PASSED] - Statement - PreSaveFile = new java.io.File(((pathPrefix + java.lang.Integer.toString(counter)) + .png)): null

2018-12-14 00:22:04 - [TEST_STEP][PASSED] - Statement - counter = counter + 1: null

2018-12-14 00:22:04 - [TEST_STEP][PASSED] - Statement - PreSaveFile = new java.io.File(((pathPrefix + java.lang.Integer.toString(counter)) + .png)): null

2018-12-14 00:22:04 - [TEST_STEP][PASSED] - Statement - counter = counter + 1: null

2018-12-14 00:22:04 - [TEST_STEP][PASSED] - Statement - PreSaveFile = new java.io.File(((pathPrefix + java.lang.Integer.toString(counter)) + .png)): null

2018-12-14 00:22:04 - [TEST_STEP][PASSED] - Statement - counter = counter + 1: null

2018-12-14 00:22:04 - [TEST_STEP][PASSED] - Statement - PreSaveFile = new java.io.File(((pathPrefix + java.lang.Integer.toString(counter)) + .png)): null

2018-12-14 00:22:04 - [TEST_STEP][PASSED] - Statement - counter = counter + 1: null

2018-12-14 00:22:04 - [TEST_STEP][PASSED] - Statement - PreSaveFile = new java.io.File(((pathPrefix + java.lang.Integer.toString(counter)) + .png)): null

2018-12-14 00:22:04 - [TEST_STEP][PASSED] - Statement - counter = counter + 1: null

2018-12-14 00:22:04 - [TEST_STEP][PASSED] - Statement - PreSaveFile = new java.io.File(((pathPrefix + java.lang.Integer.toString(counter)) + .png)): null

2018-12-14 00:22:04 - [TEST_STEP][PASSED] - Statement - counter = counter + 1: null

2018-12-14 00:22:04 - [TEST_STEP][PASSED] - Statement - PreSaveFile = new java.io.File(((pathPrefix + java.lang.Integer.toString(counter)) + .png)): null

2018-12-14 00:22:04 - [TEST_STEP][PASSED] - Statement - counter = counter + 1: null

2018-12-14 00:22:04 - [TEST_STEP][PASSED] - Statement - PreSaveFile = new java.io.File(((pathPrefix + java.lang.Integer.toString(counter)) + .png)): null

2018-12-14 00:22:04 - [TEST_STEP][PASSED] - Statement - counter = counter + 1: null

2018-12-14 00:22:04 - [TEST_STEP][PASSED] - Statement - PreSaveFile = new java.io.File(((pathPrefix + java.lang.Integer.toString(counter)) + .png)): null

2018-12-14 00:22:04 - [TEST_STEP][PASSED] - Statement - counter = counter + 1: null

2018-12-14 00:22:04 - [TEST_STEP][PASSED] - Statement - PreSaveFile = new java.io.File(((pathPrefix + java.lang.Integer.toString(counter)) + .png)): null

2018-12-14 00:22:04 - [TEST_STEP][PASSED] - Statement - counter = counter + 1: null

2018-12-14 00:22:04 - [TEST_STEP][PASSED] - Statement - PreSaveFile = new java.io.File(((pathPrefix + java.lang.Integer.toString(counter)) + .png)): null

2018-12-14 00:22:04 - [TEST_STEP][PASSED] - Statement - counter = counter + 1: null

2018-12-14 00:22:04 - [TEST_STEP][PASSED] - Statement - PreSaveFile = new java.io.File(((pathPrefix + java.lang.Integer.toString(counter)) + .png)): null

2018-12-14 00:22:04 - [TEST_STEP][PASSED] - Statement - counter = counter + 1: null

2018-12-14 00:22:04 - [TEST_STEP][PASSED] - Statement - PreSaveFile = new java.io.File(((pathPrefix + java.lang.Integer.toString(counter)) + .png)): null

2018-12-14 00:22:04 - [TEST_STEP][PASSED] - Statement - counter = counter + 1: null

2018-12-14 00:22:04 - [TEST_STEP][PASSED] - Statement - PreSaveFile = new java.io.File(((pathPrefix + java.lang.Integer.toString(counter)) + .png)): null

2018-12-14 00:22:04 - [TEST_STEP][PASSED] - Statement - counter = counter + 1: null

2018-12-14 00:22:04 - [TEST_STEP][PASSED] - Statement - PreSaveFile = new java.io.File(((pathPrefix + java.lang.Integer.toString(counter)) + .png)): null

2018-12-14 00:22:04 - [TEST_STEP][PASSED] - Statement - counter = counter + 1: null

2018-12-14 00:22:04 - [TEST_STEP][PASSED] - Statement - PreSaveFile = new java.io.File(((pathPrefix + java.lang.Integer.toString(counter)) + .png)): null

2018-12-14 00:22:04 - [TEST_STEP][PASSED] - Statement - counter = counter + 1: null

2018-12-14 00:22:04 - [TEST_STEP][PASSED] - Statement - PreSaveFile = new java.io.File(((pathPrefix + java.lang.Integer.toString(counter)) + .png)): null

2018-12-14 00:22:04 - [TEST_STEP][PASSED] - Statement - counter = counter + 1: null

2018-12-14 00:22:04 - [TEST_STEP][PASSED] - Statement - PreSaveFile = new java.io.File(((pathPrefix + java.lang.Integer.toString(counter)) + .png)): null

2018-12-14 00:22:04 - [TEST_STEP][PASSED] - Statement - counter = counter + 1: null

2018-12-14 00:22:04 - [TEST_STEP][PASSED] - Statement - PreSaveFile = new java.io.File(((pathPrefix + java.lang.Integer.toString(counter)) + .png)): null

2018-12-14 00:22:04 - [TEST_STEP][PASSED] - Statement - counter = counter + 1: null

2018-12-14 00:22:04 - [TEST_STEP][PASSED] - Statement - PreSaveFile = new java.io.File(((pathPrefix + java.lang.Integer.toString(counter)) + .png)): null

2018-12-14 00:22:04 - [TEST_STEP][PASSED] - Statement - counter = counter + 1: null

2018-12-14 00:22:04 - [TEST_STEP][PASSED] - Statement - PreSaveFile = new java.io.File(((pathPrefix + java.lang.Integer.toString(counter)) + .png)): null

2018-12-14 00:22:04 - [TEST_STEP][PASSED] - Statement - counter = counter + 1: null

2018-12-14 00:22:04 - [TEST_STEP][PASSED] - Statement - PreSaveFile = new java.io.File(((pathPrefix + java.lang.Integer.toString(counter)) + .png)): null

2018-12-14 00:22:04 - [TEST_STEP][PASSED] - Statement - counter = counter + 1: null

2018-12-14 00:22:04 - [TEST_STEP][PASSED] - Statement - PreSaveFile = new java.io.File(((pathPrefix + java.lang.Integer.toString(counter)) + .png)): null

2018-12-14 00:22:04 - [TEST_STEP][PASSED] - Statement - counter = counter + 1: null

2018-12-14 00:22:04 - [TEST_STEP][PASSED] - Statement - PreSaveFile = new java.io.File(((pathPrefix + java.lang.Integer.toString(counter)) + .png)): null

2018-12-14 00:22:04 - [TEST_STEP][PASSED] - Statement - counter = counter + 1: null

2018-12-14 00:22:04 - [TEST_STEP][PASSED] - Statement - PreSaveFile = new java.io.File(((pathPrefix + java.lang.Integer.toString(counter)) + .png)): null

2018-12-14 00:22:04 - [TEST_STEP][PASSED] - Statement - counter = counter + 1: null

2018-12-14 00:22:04 - [TEST_STEP][PASSED] - Statement - PreSaveFile = new java.io.File(((pathPrefix + java.lang.Integer.toString(counter)) + .png)): null

2018-12-14 00:22:04 - [TEST_STEP][PASSED] - Statement - counter = counter + 1: null

2018-12-14 00:22:04 - [TEST_STEP][PASSED] - Statement - PreSaveFile = new java.io.File(((pathPrefix + java.lang.Integer.toString(counter)) + .png)): null

2018-12-14 00:22:04 - [TEST_STEP][PASSED] - Statement - counter = counter + 1: null

2018-12-14 00:22:04 - [TEST_STEP][PASSED] - Statement - PreSaveFile = new java.io.File(((pathPrefix + java.lang.Integer.toString(counter)) + .png)): null

2018-12-14 00:22:04 - [TEST_STEP][PASSED] - Statement - counter = counter + 1: null

2018-12-14 00:22:04 - [TEST_STEP][PASSED] - Statement - PreSaveFile = new java.io.File(((pathPrefix + java.lang.Integer.toString(counter)) + .png)): null

2018-12-14 00:22:04 - [TEST_STEP][PASSED] - Statement - counter = counter + 1: null

2018-12-14 00:22:04 - [TEST_STEP][PASSED] - Statement - PreSaveFile = new java.io.File(((pathPrefix + java.lang.Integer.toString(counter)) + .png)): null

2018-12-14 00:22:04 - [TEST_STEP][PASSED] - Statement - counter = counter + 1: null

2018-12-14 00:22:04 - [TEST_STEP][PASSED] - Statement - PreSaveFile = new java.io.File(((pathPrefix + java.lang.Integer.toString(counter)) + .png)): null

2018-12-14 00:22:04 - [TEST_STEP][PASSED] - Statement - counter = counter + 1: null

2018-12-14 00:22:04 - [TEST_STEP][PASSED] - Statement - PreSaveFile = new java.io.File(((pathPrefix + java.lang.Integer.toString(counter)) + .png)): null

2018-12-14 00:22:04 - [TEST_STEP][PASSED] - Statement - counter = counter + 1: null

2018-12-14 00:22:04 - [TEST_STEP][PASSED] - Statement - PreSaveFile = new java.io.File(((pathPrefix + java.lang.Integer.toString(counter)) + .png)): null

2018-12-14 00:22:04 - [TEST_STEP][PASSED] - Statement - finalPath = pathPrefix + java.lang.Integer.toString(counter) + ".png": null

2018-12-14 00:22:04 - [TEST_STEP][PASSED] - Statement - SaveFile = new java.io.File(finalPath): null

2018-12-14 00:22:04 - [TEST_STEP][PASSED] - Statement - Try: null

2018-12-14 00:22:04 - [TEST_STEP][PASSED] - Statement - org.apache.commons.io.FileUtils.copyFile(scrFile, SaveFile): null

2018-12-14 00:22:04 - [TEST_STEP][PASSED] - Statement - out.println("file kept"): null

2018-12-14 00:22:04 - [TEST_STEP][PASSED] - delay: Delayed 10 second(s)

2018-12-14 00:22:14 - [MESSAGE][PASSED] - Delayed 10 second(s)

2018-12-14 00:22:14 - [MESSAGE][PASSED] - Call Test Case 'Test Cases/Final Aug 2018 - PKS Automation/Registration Module/New Registration/Submit and Screenshot/Submit Registration and Screenshot' successfully]]></system-out>
         <system-err><![CDATA[2018-12-14 00:12:26 - [TEST_CASE][FAILED] - Test Cases/Final Aug 2018 - PKS Automation/Registration Module/Workflow/New Registration/Employer to RO - RO Submit: Test Cases/Final Aug 2018 - PKS Automation/Registration Module/Workflow/New Registration/Employer to RO - RO Submit FAILED because (of) (Stack trace: com.kms.katalon.core.exception.StepFailedException: Unable to set text 'CRN12201800123321' of object 'Object Repository/Final Object Repo/New Registration - Registration Module Pages/New Reg - OTC to RO/Special Case - All Related Objects/TextBox RefNo in Workbasket' (Root cause: org.openqa.selenium.ElementNotVisibleException: element not interactable
  (Session info: chrome=70.0.3538.110)
  (Driver info: chromedriver=2.43.600210 (68dcf5eebde37173d4027fa8635e332711d2874a),platform=Windows NT 6.1.7601 SP1 x86_64) (WARNING: The server did not provide any stacktrace information)
Command duration or timeout: 0 milliseconds
Build info: version: '3.7.1', revision: '8a0099a', time: '2017-11-06T21:07:36.161Z'
System info: host: 'WIN7TEST02', ip: '10.20.3.72', os.name: 'Windows 7', os.arch: 'amd64', os.version: '6.1', java.version: '1.8.0_181'
Driver info: com.kms.katalon.selenium.driver.CChromeDriver
Capabilities {acceptInsecureCerts: false, acceptSslCerts: false, applicationCacheEnabled: false, browserConnectionEnabled: false, browserName: chrome, chrome: {chromedriverVersion: 2.43.600210 (68dcf5eebde371..., userDataDir: C:\Users\Admin\AppData\Loca...}, cssSelectorsEnabled: true, databaseEnabled: false, goog:chromeOptions: {debuggerAddress: localhost:62686}, handlesAlerts: true, hasTouchScreen: false, javascriptEnabled: true, locationContextEnabled: true, mobileEmulationEnabled: false, nativeEvents: true, networkConnectionEnabled: false, pageLoadStrategy: normal, platform: XP, platformName: XP, rotatable: false, setWindowRect: true, takesHeapSnapshot: true, takesScreenshot: true, unexpectedAlertBehaviour: , unhandledPromptBehavior: , version: 70.0.3538.110, webStorageEnabled: true}
Session ID: eb2eee937e93abf6b5e5294e46814dab)
	at com.kms.katalon.core.keyword.internal.KeywordMain.stepFailed(KeywordMain.groovy:32)
	at com.kms.katalon.core.webui.keyword.internal.WebUIKeywordMain.stepFailed(WebUIKeywordMain.groovy:65)
	at com.kms.katalon.core.webui.keyword.internal.WebUIKeywordMain.runKeyword(WebUIKeywordMain.groovy:27)
	at com.kms.katalon.core.webui.keyword.builtin.SetTextKeyword.setText(SetTextKeyword.groovy:65)
	at com.kms.katalon.core.webui.keyword.builtin.SetTextKeyword.execute(SetTextKeyword.groovy:37)
	at com.kms.katalon.core.keyword.internal.KeywordExecutor.executeKeywordForPlatform(KeywordExecutor.groovy:53)
	at com.kms.katalon.core.webui.keyword.WebUiBuiltInKeywords.setText(WebUiBuiltInKeywords.groovy:950)
	at com.kms.katalon.core.webui.keyword.WebUiBuiltInKeywords$setText$1.call(Unknown Source)
	at org.codehaus.groovy.runtime.callsite.CallSiteArray.defaultCall(CallSiteArray.java:48)
	at org.codehaus.groovy.runtime.callsite.AbstractCallSite.call(AbstractCallSite.java:113)
	at org.codehaus.groovy.runtime.callsite.AbstractCallSite.call(AbstractCallSite.java:133)
	at Script1537248141682.run(Script1537248141682.groovy:80)
	at com.kms.katalon.core.main.ScriptEngine.run(ScriptEngine.java:183)
	at com.kms.katalon.core.main.ScriptEngine.runScriptAsRawText(ScriptEngine.java:108)
	at com.kms.katalon.core.main.TestCaseExecutor.runScript(TestCaseExecutor.java:294)
	at com.kms.katalon.core.main.TestCaseExecutor.doExecute(TestCaseExecutor.java:285)
	at com.kms.katalon.core.main.TestCaseExecutor.processExecutionPhase(TestCaseExecutor.java:264)
	at com.kms.katalon.core.main.TestCaseExecutor.accessMainPhase(TestCaseExecutor.java:256)
	at com.kms.katalon.core.main.TestCaseExecutor.execute(TestCaseExecutor.java:200)
	at com.kms.katalon.core.main.TestSuiteExecutor.accessTestCaseMainPhase(TestSuiteExecutor.java:129)
	at com.kms.katalon.core.main.TestSuiteExecutor.accessTestSuiteMainPhase(TestSuiteExecutor.java:112)
	at com.kms.katalon.core.main.TestSuiteExecutor.execute(TestSuiteExecutor.java:81)
	at com.kms.katalon.core.main.TestCaseMain.startTestSuite(TestCaseMain.java:142)
	at com.kms.katalon.core.main.TestCaseMain$startTestSuite$0.call(Unknown Source)
	at org.codehaus.groovy.runtime.callsite.CallSiteArray.defaultCall(CallSiteArray.java:48)
	at org.codehaus.groovy.runtime.callsite.AbstractCallSite.call(AbstractCallSite.java:113)
	at org.codehaus.groovy.runtime.callsite.AbstractCallSite.call(AbstractCallSite.java:141)
	at TempTestSuite1544701631622.run(TempTestSuite1544701631622.groovy:36)
	at groovy.lang.GroovyShell.runScriptOrMainOrTestOrRunnable(GroovyShell.java:263)
	at groovy.lang.GroovyShell.run(GroovyShell.java:518)
	at groovy.lang.GroovyShell.run(GroovyShell.java:507)
	at groovy.ui.GroovyMain.processOnce(GroovyMain.java:653)
	at groovy.ui.GroovyMain.run(GroovyMain.java:384)
	at groovy.ui.GroovyMain.process(GroovyMain.java:370)
	at groovy.ui.GroovyMain.processArgs(GroovyMain.java:129)
	at groovy.ui.GroovyMain.main(GroovyMain.java:109)
	at sun.reflect.NativeMethodAccessorImpl.invoke0(Native Method)
	at sun.reflect.NativeMethodAccessorImpl.invoke(NativeMethodAccessorImpl.java:62)
	at sun.reflect.DelegatingMethodAccessorImpl.invoke(DelegatingMethodAccessorImpl.java:43)
	at java.lang.reflect.Method.invoke(Method.java:498)
	at org.codehaus.groovy.tools.GroovyStarter.rootLoader(GroovyStarter.java:109)
	at org.codehaus.groovy.tools.GroovyStarter.main(GroovyStarter.java:131)
)]]></system-err>
      </testcase>
      <testcase name="Test Cases/Final Aug 2018 - PKS Automation/Registration Module/Workflow/New Registration/Employer to RO - RO Under Enforcement" classname="Test Cases/Final Aug 2018 - PKS Automation/Registration Module/Workflow/New Registration/Employer to RO - RO Under Enforcement" status="FAILED">
         <failure type="FAILED" message="(Stack trace: com.kms.katalon.core.exception.StepFailedException: Unable to set text 'CRN12201800123322' of object 'Object Repository/Final Object Repo/New Registration - Registration Module Pages/New Reg - OTC to RO/Special Case - All Related Objects/TextBox RefNo in Workbasket' (Root cause: org.openqa.selenium.ElementNotVisibleException: element not interactable
  (Session info: chrome=70.0.3538.110)
  (Driver info: chromedriver=2.43.600210 (68dcf5eebde37173d4027fa8635e332711d2874a),platform=Windows NT 6.1.7601 SP1 x86_64) (WARNING: The server did not provide any stacktrace information)
Command duration or timeout: 0 milliseconds
Build info: version: '3.7.1', revision: '8a0099a', time: '2017-11-06T21:07:36.161Z'
System info: host: 'WIN7TEST02', ip: '10.20.3.72', os.name: 'Windows 7', os.arch: 'amd64', os.version: '6.1', java.version: '1.8.0_181'
Driver info: com.kms.katalon.selenium.driver.CChromeDriver
Capabilities {acceptInsecureCerts: false, acceptSslCerts: false, applicationCacheEnabled: false, browserConnectionEnabled: false, browserName: chrome, chrome: {chromedriverVersion: 2.43.600210 (68dcf5eebde371..., userDataDir: C:\Users\Admin\AppData\Loca...}, cssSelectorsEnabled: true, databaseEnabled: false, goog:chromeOptions: {debuggerAddress: localhost:62882}, handlesAlerts: true, hasTouchScreen: false, javascriptEnabled: true, locationContextEnabled: true, mobileEmulationEnabled: false, nativeEvents: true, networkConnectionEnabled: false, pageLoadStrategy: normal, platform: XP, platformName: XP, rotatable: false, setWindowRect: true, takesHeapSnapshot: true, takesScreenshot: true, unexpectedAlertBehaviour: , unhandledPromptBehavior: , version: 70.0.3538.110, webStorageEnabled: true}
Session ID: 7a6afe0fb2c936e110cf0c26858b0abe)
	at com.kms.katalon.core.keyword.internal.KeywordMain.stepFailed(KeywordMain.groovy:32)
	at com.kms.katalon.core.webui.keyword.internal.WebUIKeywordMain.stepFailed(WebUIKeywordMain.groovy:65)
	at com.kms.katalon.core.webui.keyword.internal.WebUIKeywordMain.runKeyword(WebUIKeywordMain.groovy:27)
	at com.kms.katalon.core.webui.keyword.builtin.SetTextKeyword.setText(SetTextKeyword.groovy:65)
	at com.kms.katalon.core.webui.keyword.builtin.SetTextKeyword.execute(SetTextKeyword.groovy:37)
	at com.kms.katalon.core.keyword.internal.KeywordExecutor.executeKeywordForPlatform(KeywordExecutor.groovy:53)
	at com.kms.katalon.core.webui.keyword.WebUiBuiltInKeywords.setText(WebUiBuiltInKeywords.groovy:950)
	at com.kms.katalon.core.webui.keyword.WebUiBuiltInKeywords$setText$1.call(Unknown Source)
	at org.codehaus.groovy.runtime.callsite.CallSiteArray.defaultCall(CallSiteArray.java:48)
	at org.codehaus.groovy.runtime.callsite.AbstractCallSite.call(AbstractCallSite.java:113)
	at org.codehaus.groovy.runtime.callsite.AbstractCallSite.call(AbstractCallSite.java:133)
	at Script1537253675085.run(Script1537253675085.groovy:87)
	at com.kms.katalon.core.main.ScriptEngine.run(ScriptEngine.java:183)
	at com.kms.katalon.core.main.ScriptEngine.runScriptAsRawText(ScriptEngine.java:108)
	at com.kms.katalon.core.main.TestCaseExecutor.runScript(TestCaseExecutor.java:294)
	at com.kms.katalon.core.main.TestCaseExecutor.doExecute(TestCaseExecutor.java:285)
	at com.kms.katalon.core.main.TestCaseExecutor.processExecutionPhase(TestCaseExecutor.java:264)
	at com.kms.katalon.core.main.TestCaseExecutor.accessMainPhase(TestCaseExecutor.java:256)
	at com.kms.katalon.core.main.TestCaseExecutor.execute(TestCaseExecutor.java:200)
	at com.kms.katalon.core.main.TestSuiteExecutor.accessTestCaseMainPhase(TestSuiteExecutor.java:129)
	at com.kms.katalon.core.main.TestSuiteExecutor.accessTestSuiteMainPhase(TestSuiteExecutor.java:112)
	at com.kms.katalon.core.main.TestSuiteExecutor.execute(TestSuiteExecutor.java:81)
	at com.kms.katalon.core.main.TestCaseMain.startTestSuite(TestCaseMain.java:142)
	at com.kms.katalon.core.main.TestCaseMain$startTestSuite$0.call(Unknown Source)
	at org.codehaus.groovy.runtime.callsite.CallSiteArray.defaultCall(CallSiteArray.java:48)
	at org.codehaus.groovy.runtime.callsite.AbstractCallSite.call(AbstractCallSite.java:113)
	at org.codehaus.groovy.runtime.callsite.AbstractCallSite.call(AbstractCallSite.java:141)
	at TempTestSuite1544701631622.run(TempTestSuite1544701631622.groovy:36)
	at groovy.lang.GroovyShell.runScriptOrMainOrTestOrRunnable(GroovyShell.java:263)
	at groovy.lang.GroovyShell.run(GroovyShell.java:518)
	at groovy.lang.GroovyShell.run(GroovyShell.java:507)
	at groovy.ui.GroovyMain.processOnce(GroovyMain.java:653)
	at groovy.ui.GroovyMain.run(GroovyMain.java:384)
	at groovy.ui.GroovyMain.process(GroovyMain.java:370)
	at groovy.ui.GroovyMain.processArgs(GroovyMain.java:129)
	at groovy.ui.GroovyMain.main(GroovyMain.java:109)
	at sun.reflect.NativeMethodAccessorImpl.invoke0(Native Method)
	at sun.reflect.NativeMethodAccessorImpl.invoke(NativeMethodAccessorImpl.java:62)
	at sun.reflect.DelegatingMethodAccessorImpl.invoke(DelegatingMethodAccessorImpl.java:43)
	at java.lang.reflect.Method.invoke(Method.java:498)
	at org.codehaus.groovy.tools.GroovyStarter.rootLoader(GroovyStarter.java:109)
	at org.codehaus.groovy.tools.GroovyStarter.main(GroovyStarter.java:131)
)"/>
         <system-out><![CDATA[2018-12-14 00:22:14 - [TEST_CASE][FAILED] - Test Cases/Final Aug 2018 - PKS Automation/Registration Module/Workflow/New Registration/Employer to RO - RO Under Enforcement: Test Cases/Final Aug 2018 - PKS Automation/Registration Module/Workflow/New Registration/Employer to RO - RO Under Enforcement FAILED because (of) (Stack trace: com.kms.katalon.core.exception.StepFailedException: Unable to set text 'CRN12201800123322' of object 'Object Repository/Final Object Repo/New Registration - Registration Module Pages/New Reg - OTC to RO/Special Case - All Related Objects/TextBox RefNo in Workbasket' (Root cause: org.openqa.selenium.ElementNotVisibleException: element not interactable
  (Session info: chrome=70.0.3538.110)
  (Driver info: chromedriver=2.43.600210 (68dcf5eebde37173d4027fa8635e332711d2874a),platform=Windows NT 6.1.7601 SP1 x86_64) (WARNING: The server did not provide any stacktrace information)
Command duration or timeout: 0 milliseconds
Build info: version: '3.7.1', revision: '8a0099a', time: '2017-11-06T21:07:36.161Z'
System info: host: 'WIN7TEST02', ip: '10.20.3.72', os.name: 'Windows 7', os.arch: 'amd64', os.version: '6.1', java.version: '1.8.0_181'
Driver info: com.kms.katalon.selenium.driver.CChromeDriver
Capabilities {acceptInsecureCerts: false, acceptSslCerts: false, applicationCacheEnabled: false, browserConnectionEnabled: false, browserName: chrome, chrome: {chromedriverVersion: 2.43.600210 (68dcf5eebde371..., userDataDir: C:\Users\Admin\AppData\Loca...}, cssSelectorsEnabled: true, databaseEnabled: false, goog:chromeOptions: {debuggerAddress: localhost:62882}, handlesAlerts: true, hasTouchScreen: false, javascriptEnabled: true, locationContextEnabled: true, mobileEmulationEnabled: false, nativeEvents: true, networkConnectionEnabled: false, pageLoadStrategy: normal, platform: XP, platformName: XP, rotatable: false, setWindowRect: true, takesHeapSnapshot: true, takesScreenshot: true, unexpectedAlertBehaviour: , unhandledPromptBehavior: , version: 70.0.3538.110, webStorageEnabled: true}
Session ID: 7a6afe0fb2c936e110cf0c26858b0abe)
	at com.kms.katalon.core.keyword.internal.KeywordMain.stepFailed(KeywordMain.groovy:32)
	at com.kms.katalon.core.webui.keyword.internal.WebUIKeywordMain.stepFailed(WebUIKeywordMain.groovy:65)
	at com.kms.katalon.core.webui.keyword.internal.WebUIKeywordMain.runKeyword(WebUIKeywordMain.groovy:27)
	at com.kms.katalon.core.webui.keyword.builtin.SetTextKeyword.setText(SetTextKeyword.groovy:65)
	at com.kms.katalon.core.webui.keyword.builtin.SetTextKeyword.execute(SetTextKeyword.groovy:37)
	at com.kms.katalon.core.keyword.internal.KeywordExecutor.executeKeywordForPlatform(KeywordExecutor.groovy:53)
	at com.kms.katalon.core.webui.keyword.WebUiBuiltInKeywords.setText(WebUiBuiltInKeywords.groovy:950)
	at com.kms.katalon.core.webui.keyword.WebUiBuiltInKeywords$setText$1.call(Unknown Source)
	at org.codehaus.groovy.runtime.callsite.CallSiteArray.defaultCall(CallSiteArray.java:48)
	at org.codehaus.groovy.runtime.callsite.AbstractCallSite.call(AbstractCallSite.java:113)
	at org.codehaus.groovy.runtime.callsite.AbstractCallSite.call(AbstractCallSite.java:133)
	at Script1537253675085.run(Script1537253675085.groovy:87)
	at com.kms.katalon.core.main.ScriptEngine.run(ScriptEngine.java:183)
	at com.kms.katalon.core.main.ScriptEngine.runScriptAsRawText(ScriptEngine.java:108)
	at com.kms.katalon.core.main.TestCaseExecutor.runScript(TestCaseExecutor.java:294)
	at com.kms.katalon.core.main.TestCaseExecutor.doExecute(TestCaseExecutor.java:285)
	at com.kms.katalon.core.main.TestCaseExecutor.processExecutionPhase(TestCaseExecutor.java:264)
	at com.kms.katalon.core.main.TestCaseExecutor.accessMainPhase(TestCaseExecutor.java:256)
	at com.kms.katalon.core.main.TestCaseExecutor.execute(TestCaseExecutor.java:200)
	at com.kms.katalon.core.main.TestSuiteExecutor.accessTestCaseMainPhase(TestSuiteExecutor.java:129)
	at com.kms.katalon.core.main.TestSuiteExecutor.accessTestSuiteMainPhase(TestSuiteExecutor.java:112)
	at com.kms.katalon.core.main.TestSuiteExecutor.execute(TestSuiteExecutor.java:81)
	at com.kms.katalon.core.main.TestCaseMain.startTestSuite(TestCaseMain.java:142)
	at com.kms.katalon.core.main.TestCaseMain$startTestSuite$0.call(Unknown Source)
	at org.codehaus.groovy.runtime.callsite.CallSiteArray.defaultCall(CallSiteArray.java:48)
	at org.codehaus.groovy.runtime.callsite.AbstractCallSite.call(AbstractCallSite.java:113)
	at org.codehaus.groovy.runtime.callsite.AbstractCallSite.call(AbstractCallSite.java:141)
	at TempTestSuite1544701631622.run(TempTestSuite1544701631622.groovy:36)
	at groovy.lang.GroovyShell.runScriptOrMainOrTestOrRunnable(GroovyShell.java:263)
	at groovy.lang.GroovyShell.run(GroovyShell.java:518)
	at groovy.lang.GroovyShell.run(GroovyShell.java:507)
	at groovy.ui.GroovyMain.processOnce(GroovyMain.java:653)
	at groovy.ui.GroovyMain.run(GroovyMain.java:384)
	at groovy.ui.GroovyMain.process(GroovyMain.java:370)
	at groovy.ui.GroovyMain.processArgs(GroovyMain.java:129)
	at groovy.ui.GroovyMain.main(GroovyMain.java:109)
	at sun.reflect.NativeMethodAccessorImpl.invoke0(Native Method)
	at sun.reflect.NativeMethodAccessorImpl.invoke(NativeMethodAccessorImpl.java:62)
	at sun.reflect.DelegatingMethodAccessorImpl.invoke(DelegatingMethodAccessorImpl.java:43)
	at java.lang.reflect.Method.invoke(Method.java:498)
	at org.codehaus.groovy.tools.GroovyStarter.rootLoader(GroovyStarter.java:109)
	at org.codehaus.groovy.tools.GroovyStarter.main(GroovyStarter.java:131)
)

2018-12-14 00:22:15 - [TEST_STEP][PASSED] - callTestCase: Call Test Case 'Test Cases/Final Aug 2018 - PKS Automation/Registration Module/Workflow/New Registration/Template/Special Case - Employer - Form 1' successfully

2018-12-14 00:22:15 - [TEST_CASE][PASSED] - Test Cases/Final Aug 2018 - PKS Automation/Registration Module/Workflow/New Registration/Template/Special Case - Employer - Form 1: Test Cases/Final Aug 2018 - PKS Automation/Registration Module/Workflow/New Registration/Template/Special Case - Employer - Form 1

2018-12-14 00:22:15 - [TEST_STEP][PASSED] - callTestCase: Call Test Case 'Test Cases/Final Aug 2018 - PKS Automation/Create Employer Acc/Create Employer Account' successfully

2018-12-14 00:22:15 - [TEST_CASE][PASSED] - Test Cases/Final Aug 2018 - PKS Automation/Create Employer Acc/Create Employer Account: Test Cases/Final Aug 2018 - PKS Automation/Create Employer Acc/Create Employer Account

2018-12-14 00:22:15 - [TEST_STEP][PASSED] - callTestCase: Call Test Case 'Test Cases/Final Aug 2018 - PKS Automation/Create Employer Acc/Template/Register Employer' successfully

2018-12-14 00:22:15 - [TEST_CASE][PASSED] - Test Cases/Final Aug 2018 - PKS Automation/Create Employer Acc/Template/Register Employer: Test Cases/Final Aug 2018 - PKS Automation/Create Employer Acc/Template/Register Employer

2018-12-14 00:22:15 - [TEST_STEP][PASSED] - openBrowser: Browser is opened with url: ''

2018-12-14 00:22:15 - [MESSAGE][WARNING] - A browser is already opened. Closing browser and opening a new one

2018-12-14 00:22:19 - [MESSAGE][PASSED] - Browser is opened with url: ''

2018-12-14 00:22:19 - [TEST_STEP][PASSED] - navigateToUrl: Navigate to 'https://assist2-uat.perkeso.gov.my/login' successfully

2018-12-14 00:22:20 - [MESSAGE][PASSED] - Navigate to 'https://assist2-uat.perkeso.gov.my/login' successfully

2018-12-14 00:22:20 - [TEST_STEP][PASSED] - setText: Text 'johorotc1@gmail.com' is set on object 'Object Repository/Final Object Repo/Login Page/Internal User/Email Address'

2018-12-14 00:22:20 - [MESSAGE][PASSED] - Text 'johorotc1@gmail.com' is set on object 'Object Repository/Final Object Repo/Login Page/Internal User/Email Address'

2018-12-14 00:22:20 - [TEST_STEP][PASSED] - click: Object: 'Object Repository/Final Object Repo/Login Page/Internal User/Next Button' is clicked on

2018-12-14 00:22:20 - [MESSAGE][PASSED] - Object: 'Object Repository/Final Object Repo/Login Page/Internal User/Next Button' is clicked on

2018-12-14 00:22:20 - [TEST_STEP][PASSED] - delay: Delayed 1 second(s)

2018-12-14 00:22:21 - [MESSAGE][PASSED] - Delayed 1 second(s)

2018-12-14 00:22:21 - [TEST_STEP][PASSED] - setEncryptedText: Text ****** has been set on object 'Object Repository/Final Object Repo/Login Page/Internal User/Password'

2018-12-14 00:22:22 - [MESSAGE][PASSED] - Text ****** has been set on object 'Object Repository/Final Object Repo/Login Page/Internal User/Password'

2018-12-14 00:22:22 - [TEST_STEP][PASSED] - click: Object: 'Object Repository/Final Object Repo/Login Page/Internal User/Login Button' is clicked on

2018-12-14 00:22:22 - [MESSAGE][PASSED] - Object: 'Object Repository/Final Object Repo/Login Page/Internal User/Login Button' is clicked on

2018-12-14 00:22:22 - [TEST_STEP][PASSED] - delay: Delayed 1 second(s)

2018-12-14 00:22:23 - [MESSAGE][PASSED] - Delayed 1 second(s)

2018-12-14 00:22:23 - [TEST_STEP][PASSED] - navigateToUrl: Navigate to 'https://assist2-uat.perkeso.gov.my/web/base/portal-id/registration' successfully

2018-12-14 00:22:24 - [MESSAGE][PASSED] - Navigate to 'https://assist2-uat.perkeso.gov.my/web/base/portal-id/registration' successfully

2018-12-14 00:22:24 - [TEST_STEP][PASSED] - setText: Text 'AUTOMATION EMPLOYER' is set on object 'Object Repository/Final Object Repo/Creating Employer Account/Page_Registration - ASSIST (Base)/Employer Name'

2018-12-14 00:22:25 - [MESSAGE][PASSED] - Text 'AUTOMATION EMPLOYER' is set on object 'Object Repository/Final Object Repo/Creating Employer Account/Page_Registration - ASSIST (Base)/Employer Name'

2018-12-14 00:22:25 - [TEST_STEP][PASSED] - delay: Delayed 2 second(s)

2018-12-14 00:22:27 - [MESSAGE][PASSED] - Delayed 2 second(s)

2018-12-14 00:22:27 - [TEST_STEP][PASSED] - click: Object: 'Object Repository/Final Object Repo/Creating Employer Account/Page_Registration - ASSIST (Base)/Registration Type' is clicked on

2018-12-14 00:22:27 - [MESSAGE][PASSED] - Object: 'Object Repository/Final Object Repo/Creating Employer Account/Page_Registration - ASSIST (Base)/Registration Type' is clicked on

2018-12-14 00:22:27 - [TEST_STEP][PASSED] - delay: Delayed 2 second(s)

2018-12-14 00:22:29 - [MESSAGE][PASSED] - Delayed 2 second(s)

2018-12-14 00:22:29 - [TEST_STEP][PASSED] - click: Object: 'Object Repository/Final Object Repo/Creating Employer Account/Page_Registration - ASSIST (Base)/Registration Type - Registration No' is clicked on

2018-12-14 00:22:29 - [MESSAGE][PASSED] - Object: 'Object Repository/Final Object Repo/Creating Employer Account/Page_Registration - ASSIST (Base)/Registration Type - Registration No' is clicked on

2018-12-14 00:22:29 - [TEST_STEP][PASSED] - delay: Delayed 2 second(s)

2018-12-14 00:22:31 - [MESSAGE][PASSED] - Delayed 2 second(s)

2018-12-14 00:22:31 - [TEST_STEP][PASSED] - setText: Text 'AUTOMATE001' is set on object 'Object Repository/Final Object Repo/Creating Employer Account/Page_Registration - ASSIST (Base)/Registration Number'

2018-12-14 00:22:31 - [MESSAGE][PASSED] - Text 'AUTOMATE001' is set on object 'Object Repository/Final Object Repo/Creating Employer Account/Page_Registration - ASSIST (Base)/Registration Number'

2018-12-14 00:22:31 - [TEST_STEP][PASSED] - delay: Delayed 2 second(s)

2018-12-14 00:22:33 - [MESSAGE][PASSED] - Delayed 2 second(s)

2018-12-14 00:22:33 - [TEST_STEP][PASSED] - setText: Text 'ADDRESS 1' is set on object 'Object Repository/Final Object Repo/Creating Employer Account/Page_Registration - ASSIST (Base)/Postal Address 1'

2018-12-14 00:22:34 - [MESSAGE][PASSED] - Text 'ADDRESS 1' is set on object 'Object Repository/Final Object Repo/Creating Employer Account/Page_Registration - ASSIST (Base)/Postal Address 1'

2018-12-14 00:22:34 - [TEST_STEP][PASSED] - setText: Text 'ADDRESS 2' is set on object 'Object Repository/Final Object Repo/Creating Employer Account/Page_Registration - ASSIST (Base)/Postal Address 2'

2018-12-14 00:22:34 - [MESSAGE][PASSED] - Text 'ADDRESS 2' is set on object 'Object Repository/Final Object Repo/Creating Employer Account/Page_Registration - ASSIST (Base)/Postal Address 2'

2018-12-14 00:22:34 - [TEST_STEP][PASSED] - click: Object: 'Object Repository/Final Object Repo/Creating Employer Account/Page_Registration - ASSIST (Base)/State' is clicked on

2018-12-14 00:22:34 - [MESSAGE][PASSED] - Object: 'Object Repository/Final Object Repo/Creating Employer Account/Page_Registration - ASSIST (Base)/State' is clicked on

2018-12-14 00:22:34 - [TEST_STEP][PASSED] - delay: Delayed 2 second(s)

2018-12-14 00:22:36 - [MESSAGE][PASSED] - Delayed 2 second(s)

2018-12-14 00:22:36 - [TEST_STEP][PASSED] - click: Object: 'Object Repository/Final Object Repo/Creating Employer Account/Page_Registration - ASSIST (Base)/State - Johor' is clicked on

2018-12-14 00:22:36 - [MESSAGE][PASSED] - Object: 'Object Repository/Final Object Repo/Creating Employer Account/Page_Registration - ASSIST (Base)/State - Johor' is clicked on

2018-12-14 00:22:36 - [TEST_STEP][PASSED] - delay: Delayed 2 second(s)

2018-12-14 00:22:38 - [MESSAGE][PASSED] - Delayed 2 second(s)

2018-12-14 00:22:38 - [TEST_STEP][PASSED] - click: Object: 'Object Repository/Final Object Repo/Creating Employer Account/Page_Registration - ASSIST (Base)/City' is clicked on

2018-12-14 00:22:39 - [MESSAGE][PASSED] - Object: 'Object Repository/Final Object Repo/Creating Employer Account/Page_Registration - ASSIST (Base)/City' is clicked on

2018-12-14 00:22:39 - [TEST_STEP][PASSED] - delay: Delayed 2 second(s)

2018-12-14 00:22:41 - [MESSAGE][PASSED] - Delayed 2 second(s)

2018-12-14 00:22:41 - [TEST_STEP][PASSED] - setText: Text 'joh' is set on object 'Object Repository/Final Object Repo/Creating Employer Account/Page_Registration - ASSIST (Base)/City - joh'

2018-12-14 00:22:41 - [MESSAGE][PASSED] - Text 'joh' is set on object 'Object Repository/Final Object Repo/Creating Employer Account/Page_Registration - ASSIST (Base)/City - joh'

2018-12-14 00:22:41 - [TEST_STEP][PASSED] - delay: Delayed 2 second(s)

2018-12-14 00:22:43 - [MESSAGE][PASSED] - Delayed 2 second(s)

2018-12-14 00:22:43 - [TEST_STEP][PASSED] - click: Object: 'Object Repository/Final Object Repo/Creating Employer Account/Page_Registration - ASSIST (Base)/City - Johor Bharu' is clicked on

2018-12-14 00:22:43 - [MESSAGE][PASSED] - Object: 'Object Repository/Final Object Repo/Creating Employer Account/Page_Registration - ASSIST (Base)/City - Johor Bharu' is clicked on

2018-12-14 00:22:43 - [TEST_STEP][PASSED] - delay: Delayed 2 second(s)

2018-12-14 00:22:45 - [MESSAGE][PASSED] - Delayed 2 second(s)

2018-12-14 00:22:45 - [TEST_STEP][PASSED] - click: Object: 'Object Repository/Final Object Repo/Creating Employer Account/Page_Registration - ASSIST (Base)/Post Code' is clicked on

2018-12-14 00:22:45 - [MESSAGE][PASSED] - Object: 'Object Repository/Final Object Repo/Creating Employer Account/Page_Registration - ASSIST (Base)/Post Code' is clicked on

2018-12-14 00:22:45 - [TEST_STEP][PASSED] - delay: Delayed 2 second(s)

2018-12-14 00:22:47 - [MESSAGE][PASSED] - Delayed 2 second(s)

2018-12-14 00:22:47 - [TEST_STEP][PASSED] - setText: Text '810' is set on object 'Object Repository/Final Object Repo/Creating Employer Account/Page_Registration - ASSIST (Base)/Post Code - 810'

2018-12-14 00:22:47 - [MESSAGE][PASSED] - Text '810' is set on object 'Object Repository/Final Object Repo/Creating Employer Account/Page_Registration - ASSIST (Base)/Post Code - 810'

2018-12-14 00:22:47 - [TEST_STEP][PASSED] - delay: Delayed 2 second(s)

2018-12-14 00:22:49 - [MESSAGE][PASSED] - Delayed 2 second(s)

2018-12-14 00:22:49 - [TEST_STEP][PASSED] - click: Object: 'Object Repository/Final Object Repo/Creating Employer Account/Page_Registration - ASSIST (Base)/Post Code - 81000' is clicked on

2018-12-14 00:22:50 - [MESSAGE][PASSED] - Object: 'Object Repository/Final Object Repo/Creating Employer Account/Page_Registration - ASSIST (Base)/Post Code - 81000' is clicked on

2018-12-14 00:22:50 - [TEST_STEP][PASSED] - delay: Delayed 2 second(s)

2018-12-14 00:22:52 - [MESSAGE][PASSED] - Delayed 2 second(s)

2018-12-14 00:22:52 - [TEST_STEP][PASSED] - setText: Text 'PERKESO' is set on object 'Object Repository/Final Object Repo/Creating Employer Account/Page_Registration - ASSIST (Base)/Full Name'

2018-12-14 00:22:52 - [MESSAGE][PASSED] - Text 'PERKESO' is set on object 'Object Repository/Final Object Repo/Creating Employer Account/Page_Registration - ASSIST (Base)/Full Name'

2018-12-14 00:22:52 - [TEST_STEP][PASSED] - Statement - rnd = new java.util.Random(): null

2018-12-14 00:22:52 - [TEST_STEP][PASSED] - Statement - snum = rnd.nextInt(899999 + 1) + 100000: null

2018-12-14 00:22:52 - [TEST_STEP][PASSED] - Statement - tnum = rnd.nextInt(899999 + 1) + 100000: null

2018-12-14 00:22:52 - [TEST_STEP][PASSED] - Statement - IC = java.lang.Integer.toString(snum) + java.lang.Integer.toString(tnum): null

2018-12-14 00:22:52 - [TEST_STEP][PASSED] - Statement - out.println(IC): null

2018-12-14 00:22:52 - [TEST_STEP][PASSED] - setText: Text '396476634153' is set on object 'Object Repository/Final Object Repo/Creating Employer Account/Page_Registration - ASSIST (Base)/Identification Number'

2018-12-14 00:22:52 - [MESSAGE][PASSED] - Text '396476634153' is set on object 'Object Repository/Final Object Repo/Creating Employer Account/Page_Registration - ASSIST (Base)/Identification Number'

2018-12-14 00:22:52 - [TEST_STEP][PASSED] - delay: Delayed 2 second(s)

2018-12-14 00:22:54 - [MESSAGE][PASSED] - Delayed 2 second(s)

2018-12-14 00:22:54 - [TEST_STEP][PASSED] - setText: Text '123456789012' is set on object 'Object Repository/Final Object Repo/Creating Employer Account/Page_Registration - ASSIST (Base)/Contact Number'

2018-12-14 00:22:55 - [MESSAGE][PASSED] - Text '123456789012' is set on object 'Object Repository/Final Object Repo/Creating Employer Account/Page_Registration - ASSIST (Base)/Contact Number'

2018-12-14 00:22:55 - [TEST_STEP][PASSED] - Statement - Email = "perkeso" + IC + "@gmail.com": null

2018-12-14 00:22:55 - [TEST_STEP][PASSED] - delay: Delayed 2 second(s)

2018-12-14 00:22:57 - [MESSAGE][PASSED] - Delayed 2 second(s)

2018-12-14 00:22:57 - [TEST_STEP][PASSED] - callTestCase: Call Test Case 'Test Cases/Final Aug 2018 - PKS Automation/Create Employer Acc/Template/Employer Email Settler' successfully

2018-12-14 00:22:57 - [TEST_CASE][PASSED] - Test Cases/Final Aug 2018 - PKS Automation/Create Employer Acc/Template/Employer Email Settler: Test Cases/Final Aug 2018 - PKS Automation/Create Employer Acc/Template/Employer Email Settler

2018-12-14 00:22:57 - [TEST_STEP][PASSED] - Statement - EmpEmailOld = new java.io.File(C://Users//Admin//Desktop//PKS//Automation Reference Point//EmpEmail.txt): null

2018-12-14 00:22:57 - [TEST_STEP][PASSED] - Statement - EmpEmailOld.delete(): null

2018-12-14 00:22:57 - [TEST_STEP][PASSED] - delay: Delayed 5 second(s)

2018-12-14 00:23:02 - [MESSAGE][PASSED] - Delayed 5 second(s)

2018-12-14 00:23:02 - [TEST_STEP][PASSED] - Statement - EmpEmail = new java.io.File(C://Users//Admin//Desktop//PKS//Automation Reference Point//EmpEmail.txt): null

2018-12-14 00:23:02 - [TEST_STEP][PASSED] - Statement - f2 = new java.io.FileWriter(EmpEmail, false): null

2018-12-14 00:23:02 - [TEST_STEP][PASSED] - Statement - f2.write(Email): null

2018-12-14 00:23:02 - [TEST_STEP][PASSED] - Statement - f2.close(): null

2018-12-14 00:23:02 - [TEST_STEP][PASSED] - Statement - out.println(Email): null

2018-12-14 00:23:02 - [MESSAGE][PASSED] - Call Test Case 'Test Cases/Final Aug 2018 - PKS Automation/Create Employer Acc/Template/Employer Email Settler' successfully

2018-12-14 00:23:02 - [TEST_STEP][PASSED] - delay: Delayed 2 second(s)

2018-12-14 00:23:04 - [MESSAGE][PASSED] - Delayed 2 second(s)

2018-12-14 00:23:04 - [TEST_STEP][PASSED] - setText: Text 'perkeso396476634153@gmail.com' is set on object 'Object Repository/Final Object Repo/Creating Employer Account/Page_Registration - ASSIST (Base)/Email'

2018-12-14 00:23:04 - [MESSAGE][PASSED] - Text 'perkeso396476634153@gmail.com' is set on object 'Object Repository/Final Object Repo/Creating Employer Account/Page_Registration - ASSIST (Base)/Email'

2018-12-14 00:23:04 - [TEST_STEP][PASSED] - setText: Text '123' is set on object 'Object Repository/Final Object Repo/Creating Employer Account/Page_Registration - ASSIST (Base)/Security Phase'

2018-12-14 00:23:04 - [MESSAGE][PASSED] - Text '123' is set on object 'Object Repository/Final Object Repo/Creating Employer Account/Page_Registration - ASSIST (Base)/Security Phase'

2018-12-14 00:23:04 - [TEST_STEP][PASSED] - click: Object: 'Object Repository/Final Object Repo/Creating Employer Account/Page_Registration - ASSIST (Base)/Save  Continue' is clicked on

2018-12-14 00:23:04 - [MESSAGE][PASSED] - Object: 'Object Repository/Final Object Repo/Creating Employer Account/Page_Registration - ASSIST (Base)/Save  Continue' is clicked on

2018-12-14 00:23:04 - [TEST_STEP][PASSED] - delay: Delayed 2 second(s)

2018-12-14 00:23:06 - [MESSAGE][PASSED] - Delayed 2 second(s)

2018-12-14 00:23:06 - [TEST_STEP][PASSED] - click: Object: 'Object Repository/Final Object Repo/Creating Employer Account/Page_Registration - ASSIST (Base)/Add Document' is clicked on

2018-12-14 00:23:07 - [MESSAGE][PASSED] - Object: 'Object Repository/Final Object Repo/Creating Employer Account/Page_Registration - ASSIST (Base)/Add Document' is clicked on

2018-12-14 00:23:07 - [TEST_STEP][PASSED] - delay: Delayed 2 second(s)

2018-12-14 00:23:09 - [MESSAGE][PASSED] - Delayed 2 second(s)

2018-12-14 00:23:09 - [TEST_STEP][PASSED] - click: Object: 'Object Repository/Final Object Repo/Creating Employer Account/Page_Registration - ASSIST (Base)/Document Type' is clicked on

2018-12-14 00:23:09 - [MESSAGE][PASSED] - Object: 'Object Repository/Final Object Repo/Creating Employer Account/Page_Registration - ASSIST (Base)/Document Type' is clicked on

2018-12-14 00:23:09 - [TEST_STEP][PASSED] - delay: Delayed 2 second(s)

2018-12-14 00:23:11 - [MESSAGE][PASSED] - Delayed 2 second(s)

2018-12-14 00:23:11 - [TEST_STEP][PASSED] - click: Object: 'Object Repository/Final Object Repo/Creating Employer Account/Page_Registration - ASSIST (Base)/Document Type - Letter of Authorization' is clicked on

2018-12-14 00:23:11 - [MESSAGE][PASSED] - Object: 'Object Repository/Final Object Repo/Creating Employer Account/Page_Registration - ASSIST (Base)/Document Type - Letter of Authorization' is clicked on

2018-12-14 00:23:11 - [TEST_STEP][PASSED] - delay: Delayed 2 second(s)

2018-12-14 00:23:13 - [MESSAGE][PASSED] - Delayed 2 second(s)

2018-12-14 00:23:13 - [TEST_STEP][PASSED] - sendKeys: Keys 'C:\Users\Public\Pictures\Sample Pictures\Koala.jpg' sent to object: 'Object Repository/Final Object Repo/Creating Employer Account/Page_Registration - ASSIST (Base)/Uploading File'

2018-12-14 00:23:13 - [MESSAGE][PASSED] - Keys 'C:\Users\Public\Pictures\Sample Pictures\Koala.jpg' sent to object: 'Object Repository/Final Object Repo/Creating Employer Account/Page_Registration - ASSIST (Base)/Uploading File'

2018-12-14 00:23:13 - [TEST_STEP][PASSED] - delay: Delayed 2 second(s)

2018-12-14 00:23:15 - [MESSAGE][PASSED] - Delayed 2 second(s)

2018-12-14 00:23:15 - [TEST_STEP][PASSED] - click: Object: 'Object Repository/Final Object Repo/Creating Employer Account/Page_Registration - ASSIST (Base)/Add Document in Uploading File' is clicked on

2018-12-14 00:23:15 - [MESSAGE][PASSED] - Object: 'Object Repository/Final Object Repo/Creating Employer Account/Page_Registration - ASSIST (Base)/Add Document in Uploading File' is clicked on

2018-12-14 00:23:15 - [TEST_STEP][PASSED] - delay: Delayed 2 second(s)

2018-12-14 00:23:17 - [MESSAGE][PASSED] - Delayed 2 second(s)

2018-12-14 00:23:17 - [TEST_STEP][PASSED] - click: Object: 'Object Repository/Final Object Repo/Creating Employer Account/Page_Registration - ASSIST (Base)/Save' is clicked on

2018-12-14 00:23:17 - [MESSAGE][PASSED] - Object: 'Object Repository/Final Object Repo/Creating Employer Account/Page_Registration - ASSIST (Base)/Save' is clicked on

2018-12-14 00:23:17 - [TEST_STEP][PASSED] - delay: Delayed 2 second(s)

2018-12-14 00:23:19 - [MESSAGE][PASSED] - Delayed 2 second(s)

2018-12-14 00:23:19 - [TEST_STEP][PASSED] - click: Object: 'Object Repository/Final Object Repo/Creating Employer Account/Page_Registration - ASSIST (Base)/Submit' is clicked on

2018-12-14 00:23:20 - [MESSAGE][PASSED] - Object: 'Object Repository/Final Object Repo/Creating Employer Account/Page_Registration - ASSIST (Base)/Submit' is clicked on

2018-12-14 00:23:20 - [TEST_STEP][PASSED] - delay: Delayed 2 second(s)

2018-12-14 00:23:22 - [MESSAGE][PASSED] - Delayed 2 second(s)

2018-12-14 00:23:22 - [TEST_STEP][PASSED] - click: Object: 'Object Repository/Final Object Repo/Creating Employer Account/Page_Registration - ASSIST (Base)/Confirm' is clicked on

2018-12-14 00:23:22 - [MESSAGE][PASSED] - Object: 'Object Repository/Final Object Repo/Creating Employer Account/Page_Registration - ASSIST (Base)/Confirm' is clicked on

2018-12-14 00:23:22 - [MESSAGE][PASSED] - Call Test Case 'Test Cases/Final Aug 2018 - PKS Automation/Create Employer Acc/Template/Register Employer' successfully

2018-12-14 00:23:22 - [TEST_STEP][PASSED] - delay: Delayed 1 second(s)

2018-12-14 00:23:23 - [MESSAGE][PASSED] - Delayed 1 second(s)

2018-12-14 00:23:23 - [TEST_STEP][PASSED] - navigateToUrl: Navigate to 'https://assist2-uat.perkeso.gov.my/c/portal/logout' successfully

2018-12-14 00:23:24 - [MESSAGE][PASSED] - Navigate to 'https://assist2-uat.perkeso.gov.my/c/portal/logout' successfully

2018-12-14 00:23:24 - [TEST_STEP][PASSED] - delay: Delayed 1 second(s)

2018-12-14 00:23:25 - [MESSAGE][PASSED] - Delayed 1 second(s)

2018-12-14 00:23:25 - [TEST_STEP][PASSED] - callTestCase: Call Test Case 'Test Cases/Final Aug 2018 - PKS Automation/Create Employer Acc/Template/Change Password of Employer' successfully

2018-12-14 00:23:25 - [TEST_CASE][PASSED] - Test Cases/Final Aug 2018 - PKS Automation/Create Employer Acc/Template/Change Password of Employer: Test Cases/Final Aug 2018 - PKS Automation/Create Employer Acc/Template/Change Password of Employer

2018-12-14 00:23:25 - [TEST_STEP][PASSED] - openBrowser: Browser is opened with url: ''

2018-12-14 00:23:25 - [MESSAGE][WARNING] - A browser is already opened. Closing browser and opening a new one

2018-12-14 00:23:29 - [MESSAGE][PASSED] - Browser is opened with url: ''

2018-12-14 00:23:29 - [TEST_STEP][PASSED] - navigateToUrl: Navigate to 'https://assist2-uat.perkeso.gov.my/login' successfully

2018-12-14 00:23:30 - [MESSAGE][PASSED] - Navigate to 'https://assist2-uat.perkeso.gov.my/login' successfully

2018-12-14 00:23:30 - [TEST_STEP][PASSED] - delay: Delayed 5 second(s)

2018-12-14 00:23:35 - [MESSAGE][PASSED] - Delayed 5 second(s)

2018-12-14 00:23:35 - [TEST_STEP][PASSED] - setText: Text 'test@liferay.com' is set on object 'Object Repository/Final Object Repo/Login Page/Internal User/Email Address'

2018-12-14 00:23:36 - [MESSAGE][PASSED] - Text 'test@liferay.com' is set on object 'Object Repository/Final Object Repo/Login Page/Internal User/Email Address'

2018-12-14 00:23:36 - [TEST_STEP][PASSED] - click: Object: 'Object Repository/Final Object Repo/Login Page/Internal User/Next Button' is clicked on

2018-12-14 00:23:36 - [MESSAGE][PASSED] - Object: 'Object Repository/Final Object Repo/Login Page/Internal User/Next Button' is clicked on

2018-12-14 00:23:36 - [TEST_STEP][PASSED] - delay: Delayed 2 second(s)

2018-12-14 00:23:38 - [MESSAGE][PASSED] - Delayed 2 second(s)

2018-12-14 00:23:38 - [TEST_STEP][PASSED] - setText: Text 'test' is set on object 'Object Repository/Final Object Repo/Login Page/Internal User/Password'

2018-12-14 00:23:38 - [MESSAGE][PASSED] - Text 'test' is set on object 'Object Repository/Final Object Repo/Login Page/Internal User/Password'

2018-12-14 00:23:38 - [TEST_STEP][PASSED] - delay: Delayed 2 second(s)

2018-12-14 00:23:40 - [MESSAGE][PASSED] - Delayed 2 second(s)

2018-12-14 00:23:40 - [TEST_STEP][PASSED] - click: Object: 'Object Repository/Final Object Repo/Login Page/Internal User/Login Button' is clicked on

2018-12-14 00:23:40 - [MESSAGE][PASSED] - Object: 'Object Repository/Final Object Repo/Login Page/Internal User/Login Button' is clicked on

2018-12-14 00:23:40 - [TEST_STEP][PASSED] - delay: Delayed 3 second(s)

2018-12-14 00:23:43 - [MESSAGE][PASSED] - Delayed 3 second(s)

2018-12-14 00:23:43 - [TEST_STEP][PASSED] - navigateToUrl: Navigate to 'https://assist2-uat.perkeso.gov.my/group/control_panel/manage?p_p_id=125&p_p_lifecycle=0&p_p_state=maximized&p_p_mode=view&refererPlid=20455&_125_usersListView=flat-users&_125_toolbarItem=view-all-users&_125_saveUsersListView=true&_125_struts_action=%2Fusers_admin%2Fview' successfully

2018-12-14 00:23:44 - [MESSAGE][PASSED] - Navigate to 'https://assist2-uat.perkeso.gov.my/group/control_panel/manage?p_p_id=125&p_p_lifecycle=0&p_p_state=maximized&p_p_mode=view&refererPlid=20455&_125_usersListView=flat-users&_125_toolbarItem=view-all-users&_125_saveUsersListView=true&_125_struts_action=%2Fusers_admin%2Fview' successfully

2018-12-14 00:23:44 - [TEST_STEP][PASSED] - delay: Delayed 3 second(s)

2018-12-14 00:23:47 - [MESSAGE][PASSED] - Delayed 3 second(s)

2018-12-14 00:23:47 - [TEST_STEP][PASSED] - setText: Text 'perkeso396476634153@gmail.com' is set on object 'Object Repository/Final Object Repo/Creating Employer Account/Page_Users and Organizations - ASSIST/Employer name'

2018-12-14 00:23:48 - [MESSAGE][PASSED] - Text 'perkeso396476634153@gmail.com' is set on object 'Object Repository/Final Object Repo/Creating Employer Account/Page_Users and Organizations - ASSIST/Employer name'

2018-12-14 00:23:48 - [TEST_STEP][PASSED] - delay: Delayed 3 second(s)

2018-12-14 00:23:51 - [MESSAGE][PASSED] - Delayed 3 second(s)

2018-12-14 00:23:51 - [TEST_STEP][PASSED] - click: Object: 'Object Repository/Final Object Repo/Creating Employer Account/Page_Users and Organizations - ASSIST/Search' is clicked on

2018-12-14 00:23:51 - [MESSAGE][PASSED] - Object: 'Object Repository/Final Object Repo/Creating Employer Account/Page_Users and Organizations - ASSIST/Search' is clicked on

2018-12-14 00:23:51 - [TEST_STEP][PASSED] - delay: Delayed 3 second(s)

2018-12-14 00:23:54 - [MESSAGE][PASSED] - Delayed 3 second(s)

2018-12-14 00:23:54 - [TEST_STEP][PASSED] - click: Object: 'Object Repository/Final Object Repo/Creating Employer Account/Page_Users and Organizations - ASSIST/Action' is clicked on

2018-12-14 00:23:55 - [MESSAGE][PASSED] - Object: 'Object Repository/Final Object Repo/Creating Employer Account/Page_Users and Organizations - ASSIST/Action' is clicked on

2018-12-14 00:23:55 - [TEST_STEP][PASSED] - delay: Delayed 3 second(s)

2018-12-14 00:23:58 - [MESSAGE][PASSED] - Delayed 3 second(s)

2018-12-14 00:23:58 - [TEST_STEP][PASSED] - click: Object: 'Object Repository/Final Object Repo/Creating Employer Account/Page_Users and Organizations - ASSIST/Edit' is clicked on

2018-12-14 00:23:59 - [MESSAGE][PASSED] - Object: 'Object Repository/Final Object Repo/Creating Employer Account/Page_Users and Organizations - ASSIST/Edit' is clicked on

2018-12-14 00:23:59 - [TEST_STEP][PASSED] - delay: Delayed 3 second(s)

2018-12-14 00:24:02 - [MESSAGE][PASSED] - Delayed 3 second(s)

2018-12-14 00:24:02 - [TEST_STEP][PASSED] - click: Object: 'Object Repository/Final Object Repo/Creating Employer Account/Page_PERKESO - Users and Organizati/a_Password (Modified)' is clicked on

2018-12-14 00:24:02 - [MESSAGE][PASSED] - Object: 'Object Repository/Final Object Repo/Creating Employer Account/Page_PERKESO - Users and Organizati/a_Password (Modified)' is clicked on

2018-12-14 00:24:02 - [TEST_STEP][PASSED] - delay: Delayed 3 second(s)

2018-12-14 00:24:05 - [MESSAGE][PASSED] - Delayed 3 second(s)

2018-12-14 00:24:05 - [TEST_STEP][PASSED] - setEncryptedText: Text ****** has been set on object 'Object Repository/Final Object Repo/Creating Employer Account/Page_PERKESO - Users and Organizati/input__125_password1'

2018-12-14 00:24:05 - [MESSAGE][PASSED] - Text ****** has been set on object 'Object Repository/Final Object Repo/Creating Employer Account/Page_PERKESO - Users and Organizati/input__125_password1'

2018-12-14 00:24:05 - [TEST_STEP][PASSED] - delay: Delayed 3 second(s)

2018-12-14 00:24:08 - [MESSAGE][PASSED] - Delayed 3 second(s)

2018-12-14 00:24:08 - [TEST_STEP][PASSED] - setEncryptedText: Text ****** has been set on object 'Object Repository/Final Object Repo/Creating Employer Account/Page_PERKESO - Users and Organizati/input__125_password2'

2018-12-14 00:24:08 - [MESSAGE][PASSED] - Text ****** has been set on object 'Object Repository/Final Object Repo/Creating Employer Account/Page_PERKESO - Users and Organizati/input__125_password2'

2018-12-14 00:24:08 - [TEST_STEP][PASSED] - delay: Delayed 3 second(s)

2018-12-14 00:24:11 - [MESSAGE][PASSED] - Delayed 3 second(s)

2018-12-14 00:24:11 - [TEST_STEP][PASSED] - click: Object: 'Object Repository/Final Object Repo/Creating Employer Account/Page_PERKESO - Users and Organizati/Save' is clicked on

2018-12-14 00:24:13 - [MESSAGE][PASSED] - Object: 'Object Repository/Final Object Repo/Creating Employer Account/Page_PERKESO - Users and Organizati/Save' is clicked on

2018-12-14 00:24:13 - [MESSAGE][PASSED] - Call Test Case 'Test Cases/Final Aug 2018 - PKS Automation/Create Employer Acc/Template/Change Password of Employer' successfully

2018-12-14 00:24:13 - [TEST_STEP][PASSED] - delay: Delayed 1 second(s)

2018-12-14 00:24:14 - [MESSAGE][PASSED] - Delayed 1 second(s)

2018-12-14 00:24:14 - [TEST_STEP][PASSED] - navigateToUrl: Navigate to 'https://assist2-uat.perkeso.gov.my/c/portal/logout' successfully

2018-12-14 00:24:15 - [MESSAGE][PASSED] - Navigate to 'https://assist2-uat.perkeso.gov.my/c/portal/logout' successfully

2018-12-14 00:24:15 - [TEST_STEP][PASSED] - delay: Delayed 1 second(s)

2018-12-14 00:24:16 - [MESSAGE][PASSED] - Delayed 1 second(s)

2018-12-14 00:24:16 - [TEST_STEP][PASSED] - callTestCase: Call Test Case 'Test Cases/Final Aug 2018 - PKS Automation/Create Employer Acc/Template/Login to Employer Account (First Time)' successfully

2018-12-14 00:24:16 - [TEST_CASE][PASSED] - Test Cases/Final Aug 2018 - PKS Automation/Create Employer Acc/Template/Login to Employer Account (First Time): Test Cases/Final Aug 2018 - PKS Automation/Create Employer Acc/Template/Login to Employer Account (First Time)

2018-12-14 00:24:16 - [TEST_STEP][PASSED] - openBrowser: Browser is opened with url: ''

2018-12-14 00:24:16 - [MESSAGE][WARNING] - A browser is already opened. Closing browser and opening a new one

2018-12-14 00:24:20 - [MESSAGE][PASSED] - Browser is opened with url: ''

2018-12-14 00:24:20 - [TEST_STEP][PASSED] - navigateToUrl: Navigate to 'https://assist2-uat.perkeso.gov.my/employer/login' successfully

2018-12-14 00:24:21 - [MESSAGE][PASSED] - Navigate to 'https://assist2-uat.perkeso.gov.my/employer/login' successfully

2018-12-14 00:24:21 - [TEST_STEP][PASSED] - delay: Delayed 3 second(s)

2018-12-14 00:24:24 - [MESSAGE][PASSED] - Delayed 3 second(s)

2018-12-14 00:24:24 - [TEST_STEP][PASSED] - callTestCase: Call Test Case 'Test Cases/Final Aug 2018 - PKS Automation/Create Employer Acc/Template/Employer Email Getter' successfully

2018-12-14 00:24:24 - [TEST_CASE][PASSED] - Test Cases/Final Aug 2018 - PKS Automation/Create Employer Acc/Template/Employer Email Getter: Test Cases/Final Aug 2018 - PKS Automation/Create Employer Acc/Template/Employer Email Getter

2018-12-14 00:24:24 - [TEST_STEP][PASSED] - Statement - Try: null

2018-12-14 00:24:24 - [TEST_STEP][PASSED] - Statement - EmpEmail = new java.io.File(C://Users//Admin//Desktop//PKS//Automation Reference Point//EmpEmail.txt): null

2018-12-14 00:24:24 - [TEST_STEP][PASSED] - Statement - bufferread = new java.io.BufferedReader(new java.io.FileReader(EmpEmail)): null

2018-12-14 00:24:24 - [TEST_STEP][PASSED] - Statement - readedVal = bufferread.readLine(): null

2018-12-14 00:24:24 - [TEST_STEP][PASSED] - Statement - out.println(readedVal): null

2018-12-14 00:24:24 - [TEST_STEP][PASSED] - Statement - Email = readedVal: null

2018-12-14 00:24:24 - [MESSAGE][PASSED] - Call Test Case 'Test Cases/Final Aug 2018 - PKS Automation/Create Employer Acc/Template/Employer Email Getter' successfully

2018-12-14 00:24:24 - [TEST_STEP][PASSED] - setText: Text 'perkeso396476634153@gmail.com' is set on object 'Object Repository/Final Object Repo/Login Page/External Login Page/Email'

2018-12-14 00:24:24 - [MESSAGE][PASSED] - Text 'perkeso396476634153@gmail.com' is set on object 'Object Repository/Final Object Repo/Login Page/External Login Page/Email'

2018-12-14 00:24:24 - [TEST_STEP][PASSED] - click: Object: 'Object Repository/Final Object Repo/Login Page/External Login Page/Next' is clicked on

2018-12-14 00:24:25 - [MESSAGE][PASSED] - Object: 'Object Repository/Final Object Repo/Login Page/External Login Page/Next' is clicked on

2018-12-14 00:24:25 - [TEST_STEP][PASSED] - delay: Delayed 3 second(s)

2018-12-14 00:24:28 - [MESSAGE][PASSED] - Delayed 3 second(s)

2018-12-14 00:24:28 - [TEST_STEP][PASSED] - setEncryptedText: Text ****** has been set on object 'Object Repository/Final Object Repo/Login Page/External Login Page/Password'

2018-12-14 00:24:28 - [MESSAGE][PASSED] - Text ****** has been set on object 'Object Repository/Final Object Repo/Login Page/External Login Page/Password'

2018-12-14 00:24:28 - [TEST_STEP][PASSED] - click: Object: 'Object Repository/Final Object Repo/Login Page/External Login Page/Login' is clicked on

2018-12-14 00:24:28 - [MESSAGE][PASSED] - Object: 'Object Repository/Final Object Repo/Login Page/External Login Page/Login' is clicked on

2018-12-14 00:24:28 - [TEST_STEP][PASSED] - delay: Delayed 3 second(s)

2018-12-14 00:24:31 - [MESSAGE][PASSED] - Delayed 3 second(s)

2018-12-14 00:24:31 - [TEST_STEP][PASSED] - click: Object: 'Object Repository/Final Object Repo/Creating Employer Account/Page_Terms of Use - ASSIST/button_I Agree' is clicked on

2018-12-14 00:24:32 - [MESSAGE][PASSED] - Object: 'Object Repository/Final Object Repo/Creating Employer Account/Page_Terms of Use - ASSIST/button_I Agree' is clicked on

2018-12-14 00:24:32 - [TEST_STEP][PASSED] - delay: Delayed 2 second(s)

2018-12-14 00:24:34 - [MESSAGE][PASSED] - Delayed 2 second(s)

2018-12-14 00:24:34 - [TEST_STEP][PASSED] - setEncryptedText: Text ****** has been set on object 'Object Repository/Final Object Repo/Creating Employer Account/Page_New Password - ASSIST/input_password1'

2018-12-14 00:24:34 - [MESSAGE][PASSED] - Text ****** has been set on object 'Object Repository/Final Object Repo/Creating Employer Account/Page_New Password - ASSIST/input_password1'

2018-12-14 00:24:34 - [TEST_STEP][PASSED] - setEncryptedText: Text ****** has been set on object 'Object Repository/Final Object Repo/Creating Employer Account/Page_New Password - ASSIST/input_password2'

2018-12-14 00:24:34 - [MESSAGE][PASSED] - Text ****** has been set on object 'Object Repository/Final Object Repo/Creating Employer Account/Page_New Password - ASSIST/input_password2'

2018-12-14 00:24:34 - [TEST_STEP][PASSED] - delay: Delayed 2 second(s)

2018-12-14 00:24:36 - [MESSAGE][PASSED] - Delayed 2 second(s)

2018-12-14 00:24:36 - [TEST_STEP][PASSED] - click: Object: 'Object Repository/Final Object Repo/Creating Employer Account/Page_New Password - ASSIST/Save' is clicked on

2018-12-14 00:24:36 - [MESSAGE][PASSED] - Object: 'Object Repository/Final Object Repo/Creating Employer Account/Page_New Password - ASSIST/Save' is clicked on

2018-12-14 00:24:36 - [TEST_STEP][PASSED] - delay: Delayed 2 second(s)

2018-12-14 00:24:38 - [MESSAGE][PASSED] - Delayed 2 second(s)

2018-12-14 00:24:38 - [TEST_STEP][PASSED] - setText: Text 'test' is set on object 'Object Repository/Final Object Repo/Creating Employer Account/Page_Password Reminder - ASSIST/Reminder Query Answer'

2018-12-14 00:24:39 - [MESSAGE][PASSED] - Text 'test' is set on object 'Object Repository/Final Object Repo/Creating Employer Account/Page_Password Reminder - ASSIST/Reminder Query Answer'

2018-12-14 00:24:39 - [TEST_STEP][PASSED] - delay: Delayed 2 second(s)

2018-12-14 00:24:41 - [MESSAGE][PASSED] - Delayed 2 second(s)

2018-12-14 00:24:41 - [TEST_STEP][PASSED] - doubleClick: Object: 'Object Repository/Final Object Repo/Creating Employer Account/Page_Password Reminder - ASSIST/Save' is double clicked on

2018-12-14 00:24:41 - [MESSAGE][PASSED] - Object: 'Object Repository/Final Object Repo/Creating Employer Account/Page_Password Reminder - ASSIST/Save' is double clicked on

2018-12-14 00:24:41 - [MESSAGE][PASSED] - Call Test Case 'Test Cases/Final Aug 2018 - PKS Automation/Create Employer Acc/Template/Login to Employer Account (First Time)' successfully

2018-12-14 00:24:41 - [MESSAGE][PASSED] - Call Test Case 'Test Cases/Final Aug 2018 - PKS Automation/Create Employer Acc/Create Employer Account' successfully

2018-12-14 00:24:41 - [TEST_STEP][PASSED] - callTestCase: Call Test Case 'Test Cases/Final Aug 2018 - PKS Automation/Registration Module/Log Out/log out avoiding katalon tagging' successfully

2018-12-14 00:24:41 - [TEST_CASE][PASSED] - Test Cases/Final Aug 2018 - PKS Automation/Registration Module/Log Out/log out avoiding katalon tagging: Test Cases/Final Aug 2018 - PKS Automation/Registration Module/Log Out/log out avoiding katalon tagging

2018-12-14 00:24:41 - [TEST_STEP][PASSED] - navigateToUrl: Navigate to 'https://assist2-uat.perkeso.gov.my/c/portal/logout' successfully

2018-12-14 00:24:44 - [MESSAGE][PASSED] - Navigate to 'https://assist2-uat.perkeso.gov.my/c/portal/logout' successfully

2018-12-14 00:24:44 - [MESSAGE][PASSED] - Call Test Case 'Test Cases/Final Aug 2018 - PKS Automation/Registration Module/Log Out/log out avoiding katalon tagging' successfully

2018-12-14 00:24:44 - [TEST_STEP][PASSED] - callTestCase: Call Test Case 'Test Cases/Final Aug 2018 - PKS Automation/Create Employer Acc/Login to Employer Account (Second time)' successfully

2018-12-14 00:24:44 - [TEST_CASE][PASSED] - Test Cases/Final Aug 2018 - PKS Automation/Create Employer Acc/Login to Employer Account (Second time): Test Cases/Final Aug 2018 - PKS Automation/Create Employer Acc/Login to Employer Account (Second time)

2018-12-14 00:24:44 - [TEST_STEP][PASSED] - openBrowser: Browser is opened with url: ''

2018-12-14 00:24:44 - [MESSAGE][WARNING] - A browser is already opened. Closing browser and opening a new one

2018-12-14 00:24:48 - [MESSAGE][PASSED] - Browser is opened with url: ''

2018-12-14 00:24:48 - [TEST_STEP][PASSED] - navigateToUrl: Navigate to 'https://assist2-uat.perkeso.gov.my/employer/login' successfully

2018-12-14 00:24:49 - [MESSAGE][PASSED] - Navigate to 'https://assist2-uat.perkeso.gov.my/employer/login' successfully

2018-12-14 00:24:49 - [TEST_STEP][PASSED] - delay: Delayed 3 second(s)

2018-12-14 00:24:52 - [MESSAGE][PASSED] - Delayed 3 second(s)

2018-12-14 00:24:52 - [TEST_STEP][PASSED] - callTestCase: Call Test Case 'Test Cases/Final Aug 2018 - PKS Automation/Create Employer Acc/Template/Employer Email Getter' successfully

2018-12-14 00:24:52 - [TEST_CASE][PASSED] - Test Cases/Final Aug 2018 - PKS Automation/Create Employer Acc/Template/Employer Email Getter: Test Cases/Final Aug 2018 - PKS Automation/Create Employer Acc/Template/Employer Email Getter

2018-12-14 00:24:52 - [TEST_STEP][PASSED] - Statement - Try: null

2018-12-14 00:24:52 - [TEST_STEP][PASSED] - Statement - EmpEmail = new java.io.File(C://Users//Admin//Desktop//PKS//Automation Reference Point//EmpEmail.txt): null

2018-12-14 00:24:52 - [TEST_STEP][PASSED] - Statement - bufferread = new java.io.BufferedReader(new java.io.FileReader(EmpEmail)): null

2018-12-14 00:24:52 - [TEST_STEP][PASSED] - Statement - readedVal = bufferread.readLine(): null

2018-12-14 00:24:52 - [TEST_STEP][PASSED] - Statement - out.println(readedVal): null

2018-12-14 00:24:52 - [TEST_STEP][PASSED] - Statement - Email = readedVal: null

2018-12-14 00:24:52 - [MESSAGE][PASSED] - Call Test Case 'Test Cases/Final Aug 2018 - PKS Automation/Create Employer Acc/Template/Employer Email Getter' successfully

2018-12-14 00:24:52 - [TEST_STEP][PASSED] - setText: Text 'perkeso396476634153@gmail.com' is set on object 'Object Repository/Final Object Repo/Login Page/External Login Page/Email'

2018-12-14 00:24:53 - [MESSAGE][PASSED] - Text 'perkeso396476634153@gmail.com' is set on object 'Object Repository/Final Object Repo/Login Page/External Login Page/Email'

2018-12-14 00:24:53 - [TEST_STEP][PASSED] - click: Object: 'Object Repository/Final Object Repo/Login Page/External Login Page/Next' is clicked on

2018-12-14 00:24:53 - [MESSAGE][PASSED] - Object: 'Object Repository/Final Object Repo/Login Page/External Login Page/Next' is clicked on

2018-12-14 00:24:53 - [TEST_STEP][PASSED] - delay: Delayed 3 second(s)

2018-12-14 00:24:56 - [MESSAGE][PASSED] - Delayed 3 second(s)

2018-12-14 00:24:56 - [TEST_STEP][PASSED] - setEncryptedText: Text ****** has been set on object 'Object Repository/Final Object Repo/Login Page/External Login Page/Password'

2018-12-14 00:24:56 - [MESSAGE][PASSED] - Text ****** has been set on object 'Object Repository/Final Object Repo/Login Page/External Login Page/Password'

2018-12-14 00:24:56 - [TEST_STEP][PASSED] - click: Object: 'Object Repository/Final Object Repo/Login Page/External Login Page/Login' is clicked on

2018-12-14 00:24:56 - [MESSAGE][PASSED] - Object: 'Object Repository/Final Object Repo/Login Page/External Login Page/Login' is clicked on

2018-12-14 00:24:56 - [TEST_STEP][PASSED] - delay: Delayed 5 second(s)

2018-12-14 00:25:01 - [MESSAGE][PASSED] - Delayed 5 second(s)

2018-12-14 00:25:01 - [MESSAGE][PASSED] - Call Test Case 'Test Cases/Final Aug 2018 - PKS Automation/Create Employer Acc/Login to Employer Account (Second time)' successfully

2018-12-14 00:25:01 - [TEST_STEP][PASSED] - Statement - Try: null

2018-12-14 00:25:01 - [TEST_STEP][PASSED] - Statement - Checker = com.kms.katalon.core.webui.keyword.WebUiBuiltInKeywords.verifyElementNotPresent("Final Object Repo/Landing Page/Select to English", 3): null

2018-12-14 00:25:01 - [TEST_STEP][PASSED] - Statement - Catch (Exception e): null

2018-12-14 00:25:01 - [TEST_STEP][PASSED] - Statement - e.printStackTrace(): null

2018-12-14 00:25:01 - [TEST_STEP][PASSED] - delay: Delayed 5 second(s)

2018-12-14 00:25:06 - [MESSAGE][PASSED] - Delayed 5 second(s)

2018-12-14 00:25:06 - [TEST_STEP][PASSED] - click: Object: 'Object Repository/Final Object Repo/Landing Page/My Sites Drop Down' is clicked on

2018-12-14 00:25:06 - [MESSAGE][PASSED] - Object: 'Object Repository/Final Object Repo/Landing Page/My Sites Drop Down' is clicked on

2018-12-14 00:25:06 - [TEST_STEP][PASSED] - click: Object: 'Object Repository/Final Object Repo/Landing Page/Select to Registration Module' is clicked on

2018-12-14 00:25:09 - [MESSAGE][PASSED] - Object: 'Object Repository/Final Object Repo/Landing Page/Select to Registration Module' is clicked on

2018-12-14 00:25:09 - [TEST_STEP][PASSED] - click: Object: 'Object Repository/Final Object Repo/Landing Page/Registration Button' is clicked on

2018-12-14 00:25:10 - [MESSAGE][PASSED] - Object: 'Object Repository/Final Object Repo/Landing Page/Registration Button' is clicked on

2018-12-14 00:25:10 - [TEST_STEP][PASSED] - delay: Delayed 2 second(s)

2018-12-14 00:25:12 - [MESSAGE][PASSED] - Delayed 2 second(s)

2018-12-14 00:25:12 - [TEST_STEP][PASSED] - click: Object: 'Object Repository/Final Object Repo/New Registration - Registration Module Pages/New Reg - OTC to RO/Special Case - OTC - Form 1/AEC NO' is clicked on

2018-12-14 00:25:12 - [MESSAGE][PASSED] - Object: 'Object Repository/Final Object Repo/New Registration - Registration Module Pages/New Reg - OTC to RO/Special Case - OTC - Form 1/AEC NO' is clicked on

2018-12-14 00:25:12 - [TEST_STEP][PASSED] - click: Object: 'Object Repository/Final Object Repo/New Registration - Registration Module Pages/New Reg - OTC to RO/Special Case - OTC - Form 1/Business Entity - Please Select' is clicked on

2018-12-14 00:25:12 - [MESSAGE][PASSED] - Object: 'Object Repository/Final Object Repo/New Registration - Registration Module Pages/New Reg - OTC to RO/Special Case - OTC - Form 1/Business Entity - Please Select' is clicked on

2018-12-14 00:25:12 - [TEST_STEP][PASSED] - click: Object: 'Object Repository/Final Object Repo/New Registration - Registration Module Pages/New Reg - OTC to RO/Special Case - OTC - Form 1/Selected - Corporation' is clicked on

2018-12-14 00:25:13 - [MESSAGE][PASSED] - Object: 'Object Repository/Final Object Repo/New Registration - Registration Module Pages/New Reg - OTC to RO/Special Case - OTC - Form 1/Selected - Corporation' is clicked on

2018-12-14 00:25:13 - [TEST_STEP][PASSED] - delay: Delayed 2 second(s)

2018-12-14 00:25:15 - [MESSAGE][PASSED] - Delayed 2 second(s)

2018-12-14 00:25:15 - [TEST_STEP][PASSED] - click: Object: 'Object Repository/Final Object Repo/New Registration - Registration Module Pages/New Reg - OTC to RO/Special Case - OTC - Form 1/Sub Business Entity - Please Select' is clicked on

2018-12-14 00:25:15 - [MESSAGE][PASSED] - Object: 'Object Repository/Final Object Repo/New Registration - Registration Module Pages/New Reg - OTC to RO/Special Case - OTC - Form 1/Sub Business Entity - Please Select' is clicked on

2018-12-14 00:25:15 - [TEST_STEP][PASSED] - delay: Delayed 2 second(s)

2018-12-14 00:25:17 - [MESSAGE][PASSED] - Delayed 2 second(s)

2018-12-14 00:25:17 - [TEST_STEP][PASSED] - click: Object: 'Object Repository/Final Object Repo/New Registration - Registration Module Pages/New Reg - OTC to RO/Special Case - OTC - Form 1/Selected - Sendirian Berhad' is clicked on

2018-12-14 00:25:17 - [MESSAGE][PASSED] - Object: 'Object Repository/Final Object Repo/New Registration - Registration Module Pages/New Reg - OTC to RO/Special Case - OTC - Form 1/Selected - Sendirian Berhad' is clicked on

2018-12-14 00:25:17 - [TEST_STEP][PASSED] - setText: Text 'AUTOMATE001' is set on object 'Object Repository/Final Object Repo/New Registration - Registration Module Pages/New Reg - OTC to RO/Special Case - OTC - Form 1/Input BRN Number'

2018-12-14 00:25:18 - [MESSAGE][PASSED] - Text 'AUTOMATE001' is set on object 'Object Repository/Final Object Repo/New Registration - Registration Module Pages/New Reg - OTC to RO/Special Case - OTC - Form 1/Input BRN Number'

2018-12-14 00:25:18 - [TEST_STEP][PASSED] - delay: Delayed 2 second(s)

2018-12-14 00:25:20 - [MESSAGE][PASSED] - Delayed 2 second(s)

2018-12-14 00:25:20 - [TEST_STEP][PASSED] - click: Object: 'Object Repository/Final Object Repo/New Registration - Registration Module Pages/New Reg - OTC to RO/Special Case - OTC - Form 1/BRN Search' is clicked on

2018-12-14 00:25:20 - [MESSAGE][PASSED] - Object: 'Object Repository/Final Object Repo/New Registration - Registration Module Pages/New Reg - OTC to RO/Special Case - OTC - Form 1/BRN Search' is clicked on

2018-12-14 00:25:20 - [TEST_STEP][PASSED] - delay: Delayed 4 second(s)

2018-12-14 00:25:24 - [MESSAGE][PASSED] - Delayed 4 second(s)

2018-12-14 00:25:24 - [TEST_STEP][PASSED] - click: Object: 'Object Repository/Final Object Repo/New Registration - Registration Module Pages/New Reg - OTC to RO/Special Case - OTC - Form 1/Registered with SSM - After Feb 2017' is clicked on

2018-12-14 00:25:24 - [MESSAGE][PASSED] - Object: 'Object Repository/Final Object Repo/New Registration - Registration Module Pages/New Reg - OTC to RO/Special Case - OTC - Form 1/Registered with SSM - After Feb 2017' is clicked on

2018-12-14 00:25:24 - [TEST_STEP][PASSED] - delay: Delayed 2 second(s)

2018-12-14 00:25:26 - [MESSAGE][PASSED] - Delayed 2 second(s)

2018-12-14 00:25:26 - [TEST_STEP][PASSED] - click: Object: 'Object Repository/Final Object Repo/New Registration - Registration Module Pages/New Reg - OTC to RO/Special Case - OTC - Form 1/Registering As A Branch - No' is clicked on

2018-12-14 00:25:26 - [MESSAGE][PASSED] - Object: 'Object Repository/Final Object Repo/New Registration - Registration Module Pages/New Reg - OTC to RO/Special Case - OTC - Form 1/Registering As A Branch - No' is clicked on

2018-12-14 00:25:26 - [TEST_STEP][PASSED] - click: Object: 'Object Repository/Final Object Repo/New Registration - Registration Module Pages/New Reg - OTC to RO/Special Case - OTC - Form 1/Acknowledgement Ticked' is clicked on

2018-12-14 00:25:26 - [MESSAGE][PASSED] - Object: 'Object Repository/Final Object Repo/New Registration - Registration Module Pages/New Reg - OTC to RO/Special Case - OTC - Form 1/Acknowledgement Ticked' is clicked on

2018-12-14 00:25:26 - [TEST_STEP][PASSED] - delay: Delayed 2 second(s)

2018-12-14 00:25:28 - [MESSAGE][PASSED] - Delayed 2 second(s)

2018-12-14 00:25:28 - [TEST_STEP][PASSED] - callTestCase: Call Test Case 'Test Cases/Final Aug 2018 - PKS Automation/Create Employer Acc/Template/Employer Email Getter' successfully

2018-12-14 00:25:28 - [TEST_CASE][PASSED] - Test Cases/Final Aug 2018 - PKS Automation/Create Employer Acc/Template/Employer Email Getter: Test Cases/Final Aug 2018 - PKS Automation/Create Employer Acc/Template/Employer Email Getter

2018-12-14 00:25:28 - [TEST_STEP][PASSED] - Statement - Try: null

2018-12-14 00:25:28 - [TEST_STEP][PASSED] - Statement - EmpEmail = new java.io.File(C://Users//Admin//Desktop//PKS//Automation Reference Point//EmpEmail.txt): null

2018-12-14 00:25:28 - [TEST_STEP][PASSED] - Statement - bufferread = new java.io.BufferedReader(new java.io.FileReader(EmpEmail)): null

2018-12-14 00:25:28 - [TEST_STEP][PASSED] - Statement - readedVal = bufferread.readLine(): null

2018-12-14 00:25:28 - [TEST_STEP][PASSED] - Statement - out.println(readedVal): null

2018-12-14 00:25:28 - [TEST_STEP][PASSED] - Statement - Email = readedVal: null

2018-12-14 00:25:28 - [MESSAGE][PASSED] - Call Test Case 'Test Cases/Final Aug 2018 - PKS Automation/Create Employer Acc/Template/Employer Email Getter' successfully

2018-12-14 00:25:28 - [TEST_STEP][PASSED] - setText: Text 'perkeso396476634153@gmail.com' is set on object 'Object Repository/Final Object Repo/Creating Employer Account/Email'

2018-12-14 00:25:29 - [MESSAGE][PASSED] - Text 'perkeso396476634153@gmail.com' is set on object 'Object Repository/Final Object Repo/Creating Employer Account/Email'

2018-12-14 00:25:29 - [TEST_STEP][PASSED] - delay: Delayed 2 second(s)

2018-12-14 00:25:31 - [MESSAGE][PASSED] - Delayed 2 second(s)

2018-12-14 00:25:31 - [TEST_STEP][PASSED] - click: Object: 'Object Repository/Final Object Repo/New Registration - Registration Module Pages/New Reg - OTC to RO/Special Case - OTC - Form 1/Submit Button' is clicked on

2018-12-14 00:25:31 - [MESSAGE][PASSED] - Object: 'Object Repository/Final Object Repo/New Registration - Registration Module Pages/New Reg - OTC to RO/Special Case - OTC - Form 1/Submit Button' is clicked on

2018-12-14 00:25:31 - [TEST_STEP][PASSED] - delay: Delayed 2 second(s)

2018-12-14 00:25:33 - [MESSAGE][PASSED] - Delayed 2 second(s)

2018-12-14 00:25:33 - [TEST_STEP][PASSED] - click: Object: 'Object Repository/Final Object Repo/New Registration - Registration Module Pages/New Reg - OTC to RO/Special Case - OTC - Form 1/Confirm No Flagging as Branch' is clicked on

2018-12-14 00:25:33 - [MESSAGE][PASSED] - Object: 'Object Repository/Final Object Repo/New Registration - Registration Module Pages/New Reg - OTC to RO/Special Case - OTC - Form 1/Confirm No Flagging as Branch' is clicked on

2018-12-14 00:25:33 - [MESSAGE][PASSED] - Call Test Case 'Test Cases/Final Aug 2018 - PKS Automation/Registration Module/Workflow/New Registration/Template/Special Case - Employer - Form 1' successfully

2018-12-14 00:25:33 - [TEST_STEP][PASSED] - callTestCase: Call Test Case 'Test Cases/Final Aug 2018 - PKS Automation/Registration Module/New Registration/Form 2/Add 1 Eligible - Employer Account Use' successfully

2018-12-14 00:25:33 - [TEST_CASE][PASSED] - Test Cases/Final Aug 2018 - PKS Automation/Registration Module/New Registration/Form 2/Add 1 Eligible - Employer Account Use: Test Cases/Final Aug 2018 - PKS Automation/Registration Module/New Registration/Form 2/Add 1 Eligible - Employer Account Use

2018-12-14 00:25:33 - [TEST_STEP][PASSED] - delay: Delayed 2 second(s)

2018-12-14 00:25:35 - [MESSAGE][PASSED] - Delayed 2 second(s)

2018-12-14 00:25:35 - [TEST_STEP][PASSED] - callTestCase: Call Test Case 'Test Cases/Final Aug 2018 - PKS Automation/Registration Module/New Registration/Form 2/Date Updater' successfully

2018-12-14 00:25:35 - [TEST_CASE][PASSED] - Test Cases/Final Aug 2018 - PKS Automation/Registration Module/New Registration/Form 2/Date Updater: Test Cases/Final Aug 2018 - PKS Automation/Registration Module/New Registration/Form 2/Date Updater

2018-12-14 00:25:35 - [TEST_STEP][PASSED] - Statement - TodayDate = new java.util.Date(): null

2018-12-14 00:25:35 - [TEST_STEP][PASSED] - Statement - CurrentDateNoFilter = new java.text.SimpleDateFormat(): null

2018-12-14 00:25:35 - [TEST_STEP][PASSED] - Statement - CurrentDateNoFilter.applyPattern("MM"): null

2018-12-14 00:25:35 - [TEST_STEP][PASSED] - Statement - monthContainerMatcher = java.lang.Integer.parseInt(CurrentDateNoFilter.format(TodayDate)): null

2018-12-14 00:25:35 - [TEST_STEP][PASSED] - Statement - monthContainerMatcher = monthContainerMatcher - 1: null

2018-12-14 00:25:35 - [TEST_STEP][PASSED] - Statement - CurrentMonth = monthContainerMatcher.toString(): null

2018-12-14 00:25:35 - [TEST_STEP][PASSED] - Statement - CurrentMonth = CurrentMonth: null

2018-12-14 00:25:35 - [TEST_STEP][PASSED] - Statement - CurrentDateNoFilter.applyPattern("yyyy"): null

2018-12-14 00:25:35 - [TEST_STEP][PASSED] - Statement - CurrentYear = CurrentDateNoFilter.format(TodayDate): null

2018-12-14 00:25:35 - [TEST_STEP][PASSED] - Statement - CurrentYear = CurrentYear: null

2018-12-14 00:25:35 - [TEST_STEP][PASSED] - Statement - intCurrentYear = java.lang.Integer.parseInt(CurrentDateNoFilter.format(TodayDate)): null

2018-12-14 00:25:35 - [TEST_STEP][PASSED] - Statement - eighteenYrsAgo = intCurrentYear - 18: null

2018-12-14 00:25:35 - [TEST_STEP][PASSED] - Statement - eighteenYrsBeforeThisYr = eighteenYrsAgo.toString(): null

2018-12-14 00:25:35 - [TEST_STEP][PASSED] - Statement - EighteenYrsBefore = eighteenYrsBeforeThisYr: null

2018-12-14 00:25:35 - [TEST_STEP][PASSED] - Statement - fiftysevenYrsAgo = intCurrentYear - 57: null

2018-12-14 00:25:35 - [TEST_STEP][PASSED] - Statement - fiftysevenYrsBeforeThisYr = fiftysevenYrsAgo.toString(): null

2018-12-14 00:25:35 - [TEST_STEP][PASSED] - Statement - FiftysevenYrsBefore = fiftysevenYrsBeforeThisYr: null

2018-12-14 00:25:35 - [TEST_STEP][PASSED] - Statement - leapYear = false: null

2018-12-14 00:25:35 - [TEST_STEP][PASSED] - Statement - leapYear = intCurrentYear % 4 == 0: null

2018-12-14 00:25:35 - [TEST_STEP][PASSED] - Statement - CurrentDateNoFilter.applyPattern("dd"): null

2018-12-14 00:25:35 - [TEST_STEP][PASSED] - Statement - CurrentDate = CurrentDateNoFilter.format(TodayDate): null

2018-12-14 00:25:35 - [TEST_STEP][PASSED] - Statement - CurrentDate = java.lang.Integer.parseInt(CurrentDate): null

2018-12-14 00:25:35 - [TEST_STEP][PASSED] - Statement - CurrentDate = CurrentDate: null

2018-12-14 00:25:35 - [TEST_STEP][PASSED] - Statement - CurrentDay = java.lang.Integer.parseInt(CurrentDate): null

2018-12-14 00:25:36 - [TEST_STEP][PASSED] - Statement - ConfAdder = <not implemented yet for class: org.codehaus.groovy.ast.expr.EmptyExpression>: null

2018-12-14 00:25:36 - [TEST_STEP][PASSED] - Statement - out.println(CurrentMonth): null

2018-12-14 00:25:36 - [TEST_STEP][PASSED] - Statement - out.println(CurrentDate): null

2018-12-14 00:25:36 - [TEST_STEP][PASSED] - Statement - switch (CurrentDate): null

2018-12-14 00:25:36 - [TEST_STEP][PASSED] - Statement - Default: null

2018-12-14 00:25:36 - [TEST_STEP][PASSED] - Statement - ConfAdder = true: null

2018-12-14 00:25:36 - [TEST_STEP][PASSED] - Statement - Break: null

2018-12-14 00:25:36 - [TEST_STEP][PASSED] - Statement - aDayBefore = <not implemented yet for class: org.codehaus.groovy.ast.expr.EmptyExpression>: null

2018-12-14 00:25:36 - [TEST_STEP][PASSED] - Statement - out.println(ConfAdder): null

2018-12-14 00:25:36 - [TEST_STEP][PASSED] - Statement - If (ConfAdder == true): null

2018-12-14 00:25:36 - [TEST_STEP][PASSED] - Statement - aDayBefore = CurrentDay + 1: null

2018-12-14 00:25:36 - [TEST_STEP][PASSED] - Statement - out.println(aDayBefore): null

2018-12-14 00:25:36 - [TEST_STEP][PASSED] - Statement - If (aDayBefore == 1 && CurrentMonth == 11): null

2018-12-14 00:25:36 - [TEST_STEP][PASSED] - Statement - DayBefore = aDayBefore.toString(): null

2018-12-14 00:25:36 - [TEST_STEP][PASSED] - Statement - OneDayBefore = DayBefore: null

2018-12-14 00:25:36 - [MESSAGE][PASSED] - Call Test Case 'Test Cases/Final Aug 2018 - PKS Automation/Registration Module/New Registration/Form 2/Date Updater' successfully

2018-12-14 00:25:36 - [TEST_STEP][PASSED] - delay: Delayed 1 second(s)

2018-12-14 00:25:37 - [MESSAGE][PASSED] - Delayed 1 second(s)

2018-12-14 00:25:37 - [TEST_STEP][PASSED] - Statement - CaseReferenceNo = com.kms.katalon.core.webui.keyword.WebUiBuiltInKeywords.getText(com.kms.katalon.core.testobject.ObjectRepository.findTestObject(Final Object Repo/New Registration - Registration Module Pages/Form 2/RefNo Acquiring)): Text of object 'Object Repository/Final Object Repo/New Registration - Registration Module Pages/Form 2/RefNo Acquiring' is: 'CRN12201800123322'

2018-12-14 00:25:37 - [MESSAGE][PASSED] - Text of object 'Object Repository/Final Object Repo/New Registration - Registration Module Pages/Form 2/RefNo Acquiring' is: 'CRN12201800123322'

2018-12-14 00:25:37 - [TEST_STEP][PASSED] - delay: Delayed 1 second(s)

2018-12-14 00:25:38 - [MESSAGE][PASSED] - Delayed 1 second(s)

2018-12-14 00:25:38 - [TEST_STEP][PASSED] - click: Object: 'Object Repository/Final Object Repo/New Registration - Registration Module Pages/Form 2/Add Employee Button' is clicked on

2018-12-14 00:25:38 - [MESSAGE][PASSED] - Object: 'Object Repository/Final Object Repo/New Registration - Registration Module Pages/Form 2/Add Employee Button' is clicked on

2018-12-14 00:25:38 - [TEST_STEP][PASSED] - delay: Delayed 1 second(s)

2018-12-14 00:25:39 - [MESSAGE][PASSED] - Delayed 1 second(s)

2018-12-14 00:25:39 - [TEST_STEP][PASSED] - setText: Text '010903091948' is set on object 'Object Repository/Final Object Repo/New Registration - Registration Module Pages/Form 2/NRIC Input'

2018-12-14 00:25:39 - [MESSAGE][PASSED] - Text '010903091948' is set on object 'Object Repository/Final Object Repo/New Registration - Registration Module Pages/Form 2/NRIC Input'

2018-12-14 00:25:39 - [TEST_STEP][PASSED] - delay: Delayed 2 second(s)

2018-12-14 00:25:41 - [MESSAGE][PASSED] - Delayed 2 second(s)

2018-12-14 00:25:41 - [TEST_STEP][PASSED] - setText: Text 'Automate001 eligible 1' is set on object 'Object Repository/Final Object Repo/New Registration - Registration Module Pages/Form 2/Employee Name Input'

2018-12-14 00:25:42 - [MESSAGE][PASSED] - Text 'Automate001 eligible 1' is set on object 'Object Repository/Final Object Repo/New Registration - Registration Module Pages/Form 2/Employee Name Input'

2018-12-14 00:25:42 - [TEST_STEP][PASSED] - delay: Delayed 2 second(s)

2018-12-14 00:25:44 - [MESSAGE][PASSED] - Delayed 2 second(s)

2018-12-14 00:25:44 - [TEST_STEP][PASSED] - click: Object: 'Object Repository/Final Object Repo/New Registration - Registration Module Pages/Form 2/DatePicker Pop Up' is clicked on

2018-12-14 00:25:44 - [MESSAGE][PASSED] - Object: 'Object Repository/Final Object Repo/New Registration - Registration Module Pages/Form 2/DatePicker Pop Up' is clicked on

2018-12-14 00:25:44 - [TEST_STEP][PASSED] - click: Object: 'Object Repository/Final Object Repo/New Registration - Registration Module Pages/Form 2/DOB Month' is clicked on

2018-12-14 00:25:44 - [MESSAGE][PASSED] - Object: 'Object Repository/Final Object Repo/New Registration - Registration Module Pages/Form 2/DOB Month' is clicked on

2018-12-14 00:25:44 - [TEST_STEP][PASSED] - Statement - CurrentMonth = CurrentMonth: null

2018-12-14 00:25:44 - [TEST_STEP][PASSED] - Statement - selectMonth = new com.kms.katalon.core.testobject.TestObject(): null

2018-12-14 00:25:44 - [TEST_STEP][PASSED] - Statement - selectMonth.addProperty("xpath", EQUALS, "//body/div/div/div/select/option[@value='" + CurrentMonth + "']", true): null

2018-12-14 00:25:44 - [TEST_STEP][PASSED] - click: Object: '' is clicked on

2018-12-14 00:25:44 - [MESSAGE][PASSED] - Object: '' is clicked on

2018-12-14 00:25:44 - [TEST_STEP][PASSED] - click: Object: 'Object Repository/Final Object Repo/New Registration - Registration Module Pages/Form 2/DOB Year' is clicked on

2018-12-14 00:25:44 - [MESSAGE][PASSED] - Object: 'Object Repository/Final Object Repo/New Registration - Registration Module Pages/Form 2/DOB Year' is clicked on

2018-12-14 00:25:44 - [TEST_STEP][PASSED] - Statement - Eyearsbf = EighteenYrsBefore: null

2018-12-14 00:25:44 - [TEST_STEP][PASSED] - Statement - selectYear = new com.kms.katalon.core.testobject.TestObject(): null

2018-12-14 00:25:44 - [TEST_STEP][PASSED] - Statement - selectYear.addProperty("xpath", EQUALS, "//div/div/div/select/option[@value='" + Eyearsbf + "']", true): null

2018-12-14 00:25:44 - [TEST_STEP][PASSED] - click: Object: '' is clicked on

2018-12-14 00:25:44 - [MESSAGE][PASSED] - Object: '' is clicked on

2018-12-14 00:25:44 - [TEST_STEP][PASSED] - Statement - UpdatedSelectDate = com.kms.katalon.core.webui.keyword.WebUiBuiltInKeywords.modifyObjectProperty(com.kms.katalon.core.testobject.ObjectRepository.findTestObject(Final Object Repo/New Registration - Registration Module Pages/Form 2/DOB Date), "xpath", "equals", "//body/div/table/tbody/tr/td/a[text()="" + CurrentDate + ""]", true): Modify property of object successfully

2018-12-14 00:25:44 - [MESSAGE][PASSED] - Modify property of object successfully

2018-12-14 00:25:44 - [TEST_STEP][PASSED] - delay: Delayed 3 second(s)

2018-12-14 00:25:47 - [MESSAGE][PASSED] - Delayed 3 second(s)

2018-12-14 00:25:47 - [TEST_STEP][PASSED] - click: Object: 'Object Repository/Final Object Repo/New Registration - Registration Module Pages/Form 2/DOB Date' is clicked on

2018-12-14 00:25:48 - [MESSAGE][PASSED] - Object: 'Object Repository/Final Object Repo/New Registration - Registration Module Pages/Form 2/DOB Date' is clicked on

2018-12-14 00:25:48 - [TEST_STEP][PASSED] - delay: Delayed 2 second(s)

2018-12-14 00:25:50 - [MESSAGE][PASSED] - Delayed 2 second(s)

2018-12-14 00:25:50 - [TEST_STEP][PASSED] - click: Object: 'Object Repository/Final Object Repo/New Registration - Registration Module Pages/Form 2/EmploymentStartDate Pop Up' is clicked on

2018-12-14 00:25:50 - [MESSAGE][PASSED] - Object: 'Object Repository/Final Object Repo/New Registration - Registration Module Pages/Form 2/EmploymentStartDate Pop Up' is clicked on

2018-12-14 00:25:50 - [TEST_STEP][PASSED] - delay: Delayed 2 second(s)

2018-12-14 00:25:52 - [MESSAGE][PASSED] - Delayed 2 second(s)

2018-12-14 00:25:52 - [TEST_STEP][PASSED] - click: Object: 'Object Repository/Final Object Repo/New Registration - Registration Module Pages/Form 2/Socso Employment StartDate Month' is clicked on

2018-12-14 00:25:52 - [MESSAGE][PASSED] - Object: 'Object Repository/Final Object Repo/New Registration - Registration Module Pages/Form 2/Socso Employment StartDate Month' is clicked on

2018-12-14 00:25:52 - [TEST_STEP][PASSED] - delay: Delayed 1 second(s)

2018-12-14 00:25:53 - [MESSAGE][PASSED] - Delayed 1 second(s)

2018-12-14 00:25:53 - [TEST_STEP][PASSED] - click: Object: 'Object Repository/Final Object Repo/New Registration - Registration Module Pages/Form 2/Select Socso Employement Startdate Month' is clicked on

2018-12-14 00:25:53 - [MESSAGE][PASSED] - Object: 'Object Repository/Final Object Repo/New Registration - Registration Module Pages/Form 2/Select Socso Employement Startdate Month' is clicked on

2018-12-14 00:25:53 - [TEST_STEP][PASSED] - delay: Delayed 2 second(s)

2018-12-14 00:25:55 - [MESSAGE][PASSED] - Delayed 2 second(s)

2018-12-14 00:25:55 - [TEST_STEP][PASSED] - click: Object: 'Object Repository/Final Object Repo/New Registration - Registration Module Pages/Form 2/Socso Employment StartDate Year' is clicked on

2018-12-14 00:25:55 - [MESSAGE][PASSED] - Object: 'Object Repository/Final Object Repo/New Registration - Registration Module Pages/Form 2/Socso Employment StartDate Year' is clicked on

2018-12-14 00:25:55 - [TEST_STEP][PASSED] - delay: Delayed 1 second(s)

2018-12-14 00:25:56 - [MESSAGE][PASSED] - Delayed 1 second(s)

2018-12-14 00:25:56 - [TEST_STEP][PASSED] - click: Object: 'Object Repository/Final Object Repo/New Registration - Registration Module Pages/Form 2/Select Socso Employment Startdate Year' is clicked on

2018-12-14 00:25:56 - [MESSAGE][PASSED] - Object: 'Object Repository/Final Object Repo/New Registration - Registration Module Pages/Form 2/Select Socso Employment Startdate Year' is clicked on

2018-12-14 00:25:56 - [TEST_STEP][PASSED] - delay: Delayed 2 second(s)

2018-12-14 00:25:58 - [MESSAGE][PASSED] - Delayed 2 second(s)

2018-12-14 00:25:58 - [TEST_STEP][PASSED] - click: Object: 'Object Repository/Final Object Repo/New Registration - Registration Module Pages/Form 2/Socso Employment Start Date Day' is clicked on

2018-12-14 00:25:59 - [MESSAGE][PASSED] - Object: 'Object Repository/Final Object Repo/New Registration - Registration Module Pages/Form 2/Socso Employment Start Date Day' is clicked on

2018-12-14 00:25:59 - [TEST_STEP][PASSED] - delay: Delayed 2 second(s)

2018-12-14 00:26:01 - [MESSAGE][PASSED] - Delayed 2 second(s)

2018-12-14 00:26:01 - [TEST_STEP][PASSED] - click: Object: 'Object Repository/Final Object Repo/New Registration - Registration Module Pages/Form 2/Save Button for Add Employee' is clicked on

2018-12-14 00:26:01 - [MESSAGE][PASSED] - Object: 'Object Repository/Final Object Repo/New Registration - Registration Module Pages/Form 2/Save Button for Add Employee' is clicked on

2018-12-14 00:26:01 - [TEST_STEP][PASSED] - delay: Delayed 6 second(s)

2018-12-14 00:26:07 - [MESSAGE][PASSED] - Delayed 6 second(s)

2018-12-14 00:26:07 - [TEST_STEP][PASSED] - click: Object: 'Object Repository/Final Object Repo/New Registration - Registration Module Pages/Form 2/Save and Continue Form 2' is clicked on

2018-12-14 00:26:07 - [MESSAGE][PASSED] - Object: 'Object Repository/Final Object Repo/New Registration - Registration Module Pages/Form 2/Save and Continue Form 2' is clicked on

2018-12-14 00:26:07 - [MESSAGE][PASSED] - Call Test Case 'Test Cases/Final Aug 2018 - PKS Automation/Registration Module/New Registration/Form 2/Add 1 Eligible - Employer Account Use' successfully

2018-12-14 00:26:07 - [TEST_STEP][PASSED] - callTestCase: Call Test Case 'Test Cases/Final Aug 2018 - PKS Automation/Registration Module/New Registration/Flow of New Registration/Third Screen - Upload Supporting Doc - Preview' successfully

2018-12-14 00:26:07 - [TEST_CASE][PASSED] - Test Cases/Final Aug 2018 - PKS Automation/Registration Module/New Registration/Flow of New Registration/Third Screen - Upload Supporting Doc - Preview: Test Cases/Final Aug 2018 - PKS Automation/Registration Module/New Registration/Flow of New Registration/Third Screen - Upload Supporting Doc - Preview

2018-12-14 00:26:07 - [TEST_STEP][PASSED] - waitForPageLoad: Wait for page load successfully

2018-12-14 00:26:08 - [MESSAGE][PASSED] - Wait for page load successfully

2018-12-14 00:26:08 - [TEST_STEP][PASSED] - Statement - CaseReferenceNo = com.kms.katalon.core.webui.keyword.WebUiBuiltInKeywords.getText(com.kms.katalon.core.testobject.ObjectRepository.findTestObject(Final Object Repo/New Registration - Registration Module Pages/Third Screen - Upload Supporting Doc- Preview/RefNo Acquiring)): Text of object 'Object Repository/Final Object Repo/New Registration - Registration Module Pages/Third Screen - Upload Supporting Doc- Preview/RefNo Acquiring' is: 'CRN12201800123322'

2018-12-14 00:26:08 - [MESSAGE][PASSED] - Text of object 'Object Repository/Final Object Repo/New Registration - Registration Module Pages/Third Screen - Upload Supporting Doc- Preview/RefNo Acquiring' is: 'CRN12201800123322'

2018-12-14 00:26:08 - [TEST_STEP][PASSED] - delay: Delayed 2 second(s)

2018-12-14 00:26:10 - [MESSAGE][PASSED] - Delayed 2 second(s)

2018-12-14 00:26:10 - [TEST_STEP][PASSED] - callTestCase: Call Test Case 'Test Cases/Final Aug 2018 - PKS Automation/Common/Reference Number Setter' successfully

2018-12-14 00:26:10 - [TEST_CASE][PASSED] - Test Cases/Final Aug 2018 - PKS Automation/Common/Reference Number Setter: Test Cases/Final Aug 2018 - PKS Automation/Common/Reference Number Setter

2018-12-14 00:26:10 - [TEST_STEP][PASSED] - Statement - RefNoOldFile = new java.io.File(C://Users//Admin//Desktop//PKS//Automation Reference Point//KatalonReference.txt): null

2018-12-14 00:26:10 - [TEST_STEP][PASSED] - Statement - RefNoOldFile.delete(): null

2018-12-14 00:26:10 - [TEST_STEP][PASSED] - delay: Delayed 5 second(s)

2018-12-14 00:26:15 - [MESSAGE][PASSED] - Delayed 5 second(s)

2018-12-14 00:26:15 - [TEST_STEP][PASSED] - Statement - RefNo = new java.io.File(C://Users//Admin//Desktop//PKS//Automation Reference Point//KatalonReference.txt): null

2018-12-14 00:26:15 - [TEST_STEP][PASSED] - Statement - f2 = new java.io.FileWriter(RefNo, false): null

2018-12-14 00:26:15 - [TEST_STEP][PASSED] - Statement - f2.write(CaseReferenceNo): null

2018-12-14 00:26:15 - [TEST_STEP][PASSED] - Statement - f2.close(): null

2018-12-14 00:26:15 - [TEST_STEP][PASSED] - Statement - out.println("


" + CaseReferenceNo + "


"): null

2018-12-14 00:26:15 - [MESSAGE][PASSED] - Call Test Case 'Test Cases/Final Aug 2018 - PKS Automation/Common/Reference Number Setter' successfully

2018-12-14 00:26:15 - [TEST_STEP][PASSED] - waitForElementClickable: Object 'Object Repository/Final Object Repo/New Registration - Registration Module Pages/Third Screen - Upload Supporting Doc- Preview/Save n Continue in SIP Employee Listing Page' is clickable

2018-12-14 00:26:15 - [MESSAGE][PASSED] - Object 'Object Repository/Final Object Repo/New Registration - Registration Module Pages/Third Screen - Upload Supporting Doc- Preview/Save n Continue in SIP Employee Listing Page' is clickable

2018-12-14 00:26:15 - [TEST_STEP][PASSED] - click: Object: 'Object Repository/Final Object Repo/New Registration - Registration Module Pages/Third Screen - Upload Supporting Doc- Preview/Save n Continue in SIP Employee Listing Page' is clicked on

2018-12-14 00:26:20 - [MESSAGE][PASSED] - Object: 'Object Repository/Final Object Repo/New Registration - Registration Module Pages/Third Screen - Upload Supporting Doc- Preview/Save n Continue in SIP Employee Listing Page' is clicked on

2018-12-14 00:26:20 - [TEST_STEP][PASSED] - delay: Delayed 7 second(s)

2018-12-14 00:26:27 - [MESSAGE][PASSED] - Delayed 7 second(s)

2018-12-14 00:26:27 - [TEST_STEP][PASSED] - click: Object: 'Object Repository/Final Object Repo/New Registration - Registration Module Pages/Third Screen - Upload Supporting Doc- Preview/Add Document Button' is clicked on

2018-12-14 00:26:28 - [MESSAGE][PASSED] - Object: 'Object Repository/Final Object Repo/New Registration - Registration Module Pages/Third Screen - Upload Supporting Doc- Preview/Add Document Button' is clicked on

2018-12-14 00:26:28 - [TEST_STEP][PASSED] - delay: Delayed 30 second(s)

2018-12-14 00:26:58 - [MESSAGE][PASSED] - Delayed 30 second(s)

2018-12-14 00:26:58 - [TEST_STEP][PASSED] - click: Object: 'Object Repository/Final Object Repo/New Registration - Registration Module Pages/Third Screen - Upload Supporting Doc- Preview/Supporting Doc Please Select Drop Down' is clicked on

2018-12-14 00:26:58 - [MESSAGE][PASSED] - Object: 'Object Repository/Final Object Repo/New Registration - Registration Module Pages/Third Screen - Upload Supporting Doc- Preview/Supporting Doc Please Select Drop Down' is clicked on

2018-12-14 00:26:58 - [TEST_STEP][PASSED] - delay: Delayed 2 second(s)

2018-12-14 00:27:00 - [MESSAGE][PASSED] - Delayed 2 second(s)

2018-12-14 00:27:00 - [TEST_STEP][PASSED] - click: Object: 'Object Repository/Final Object Repo/New Registration - Registration Module Pages/Third Screen - Upload Supporting Doc- Preview/Select to Upload Form 1' is clicked on

2018-12-14 00:27:00 - [MESSAGE][PASSED] - Object: 'Object Repository/Final Object Repo/New Registration - Registration Module Pages/Third Screen - Upload Supporting Doc- Preview/Select to Upload Form 1' is clicked on

2018-12-14 00:27:00 - [TEST_STEP][PASSED] - delay: Delayed 2 second(s)

2018-12-14 00:27:02 - [MESSAGE][PASSED] - Delayed 2 second(s)

2018-12-14 00:27:02 - [TEST_STEP][PASSED] - uploadFile: File 'C:\Users\Public\Pictures\Sample Pictures\Koala.jpg' sent to object: 'Object Repository/Final Object Repo/New Registration - Registration Module Pages/Third Screen - Upload Supporting Doc- Preview/Upload File Adding'

2018-12-14 00:27:02 - [MESSAGE][PASSED] - File 'C:\Users\Public\Pictures\Sample Pictures\Koala.jpg' sent to object: 'Object Repository/Final Object Repo/New Registration - Registration Module Pages/Third Screen - Upload Supporting Doc- Preview/Upload File Adding'

2018-12-14 00:27:02 - [TEST_STEP][PASSED] - delay: Delayed 5 second(s)

2018-12-14 00:27:07 - [MESSAGE][PASSED] - Delayed 5 second(s)

2018-12-14 00:27:07 - [TEST_STEP][PASSED] - click: Object: 'Object Repository/Final Object Repo/New Registration - Registration Module Pages/Third Screen - Upload Supporting Doc- Preview/Inner Form Add Document Button' is clicked on

2018-12-14 00:27:07 - [MESSAGE][PASSED] - Object: 'Object Repository/Final Object Repo/New Registration - Registration Module Pages/Third Screen - Upload Supporting Doc- Preview/Inner Form Add Document Button' is clicked on

2018-12-14 00:27:07 - [TEST_STEP][PASSED] - delay: Delayed 3 second(s)

2018-12-14 00:27:10 - [MESSAGE][PASSED] - Delayed 3 second(s)

2018-12-14 00:27:10 - [TEST_STEP][PASSED] - click: Object: 'Object Repository/Final Object Repo/New Registration - Registration Module Pages/Third Screen - Upload Supporting Doc- Preview/Add Document Button' is clicked on

2018-12-14 00:27:12 - [MESSAGE][PASSED] - Object: 'Object Repository/Final Object Repo/New Registration - Registration Module Pages/Third Screen - Upload Supporting Doc- Preview/Add Document Button' is clicked on

2018-12-14 00:27:12 - [TEST_STEP][PASSED] - delay: Delayed 30 second(s)

2018-12-14 00:27:42 - [MESSAGE][PASSED] - Delayed 30 second(s)

2018-12-14 00:27:42 - [TEST_STEP][PASSED] - click: Object: 'Object Repository/Final Object Repo/New Registration - Registration Module Pages/Third Screen - Upload Supporting Doc- Preview/Supporting Doc Please Select Drop Down' is clicked on

2018-12-14 00:27:42 - [MESSAGE][PASSED] - Object: 'Object Repository/Final Object Repo/New Registration - Registration Module Pages/Third Screen - Upload Supporting Doc- Preview/Supporting Doc Please Select Drop Down' is clicked on

2018-12-14 00:27:42 - [TEST_STEP][PASSED] - delay: Delayed 4 second(s)

2018-12-14 00:27:46 - [MESSAGE][PASSED] - Delayed 4 second(s)

2018-12-14 00:27:46 - [TEST_STEP][PASSED] - click: Object: 'Object Repository/Final Object Repo/New Registration - Registration Module Pages/Third Screen - Upload Supporting Doc- Preview/Select to Upload Form 2' is clicked on

2018-12-14 00:27:46 - [MESSAGE][PASSED] - Object: 'Object Repository/Final Object Repo/New Registration - Registration Module Pages/Third Screen - Upload Supporting Doc- Preview/Select to Upload Form 2' is clicked on

2018-12-14 00:27:46 - [TEST_STEP][PASSED] - delay: Delayed 2 second(s)

2018-12-14 00:27:48 - [MESSAGE][PASSED] - Delayed 2 second(s)

2018-12-14 00:27:48 - [TEST_STEP][PASSED] - uploadFile: File 'C:\Users\Public\Pictures\Sample Pictures\Koala.jpg' sent to object: 'Object Repository/Final Object Repo/New Registration - Registration Module Pages/Third Screen - Upload Supporting Doc- Preview/Upload File Adding'

2018-12-14 00:27:48 - [MESSAGE][PASSED] - File 'C:\Users\Public\Pictures\Sample Pictures\Koala.jpg' sent to object: 'Object Repository/Final Object Repo/New Registration - Registration Module Pages/Third Screen - Upload Supporting Doc- Preview/Upload File Adding'

2018-12-14 00:27:48 - [TEST_STEP][PASSED] - click: Object: 'Object Repository/Final Object Repo/New Registration - Registration Module Pages/Third Screen - Upload Supporting Doc- Preview/Inner Form Add Document Button' is clicked on

2018-12-14 00:27:48 - [MESSAGE][PASSED] - Object: 'Object Repository/Final Object Repo/New Registration - Registration Module Pages/Third Screen - Upload Supporting Doc- Preview/Inner Form Add Document Button' is clicked on

2018-12-14 00:27:48 - [TEST_STEP][PASSED] - delay: Delayed 5 second(s)

2018-12-14 00:27:53 - [MESSAGE][PASSED] - Delayed 5 second(s)

2018-12-14 00:27:53 - [TEST_STEP][PASSED] - click: Object: 'Object Repository/Final Object Repo/New Registration - Registration Module Pages/Third Screen - Upload Supporting Doc- Preview/Add Document Button' is clicked on

2018-12-14 00:27:54 - [MESSAGE][PASSED] - Object: 'Object Repository/Final Object Repo/New Registration - Registration Module Pages/Third Screen - Upload Supporting Doc- Preview/Add Document Button' is clicked on

2018-12-14 00:27:54 - [TEST_STEP][PASSED] - delay: Delayed 30 second(s)

2018-12-14 00:28:24 - [MESSAGE][PASSED] - Delayed 30 second(s)

2018-12-14 00:28:24 - [TEST_STEP][PASSED] - click: Object: 'Object Repository/Final Object Repo/New Registration - Registration Module Pages/Third Screen - Upload Supporting Doc- Preview/Supporting Doc Please Select Drop Down' is clicked on

2018-12-14 00:28:24 - [MESSAGE][PASSED] - Object: 'Object Repository/Final Object Repo/New Registration - Registration Module Pages/Third Screen - Upload Supporting Doc- Preview/Supporting Doc Please Select Drop Down' is clicked on

2018-12-14 00:28:24 - [TEST_STEP][PASSED] - click: Object: 'Object Repository/Final Object Repo/New Registration - Registration Module Pages/Third Screen - Upload Supporting Doc- Preview/Select to Upload Borang SIP 1' is clicked on

2018-12-14 00:28:24 - [MESSAGE][PASSED] - Object: 'Object Repository/Final Object Repo/New Registration - Registration Module Pages/Third Screen - Upload Supporting Doc- Preview/Select to Upload Borang SIP 1' is clicked on

2018-12-14 00:28:24 - [TEST_STEP][PASSED] - delay: Delayed 2 second(s)

2018-12-14 00:28:26 - [MESSAGE][PASSED] - Delayed 2 second(s)

2018-12-14 00:28:26 - [TEST_STEP][PASSED] - uploadFile: File 'C:\Users\Public\Pictures\Sample Pictures\Koala.jpg' sent to object: 'Object Repository/Final Object Repo/New Registration - Registration Module Pages/Third Screen - Upload Supporting Doc- Preview/Upload File Adding'

2018-12-14 00:28:26 - [MESSAGE][PASSED] - File 'C:\Users\Public\Pictures\Sample Pictures\Koala.jpg' sent to object: 'Object Repository/Final Object Repo/New Registration - Registration Module Pages/Third Screen - Upload Supporting Doc- Preview/Upload File Adding'

2018-12-14 00:28:26 - [TEST_STEP][PASSED] - click: Object: 'Object Repository/Final Object Repo/New Registration - Registration Module Pages/Third Screen - Upload Supporting Doc- Preview/Inner Form Add Document Button' is clicked on

2018-12-14 00:28:26 - [MESSAGE][PASSED] - Object: 'Object Repository/Final Object Repo/New Registration - Registration Module Pages/Third Screen - Upload Supporting Doc- Preview/Inner Form Add Document Button' is clicked on

2018-12-14 00:28:26 - [TEST_STEP][PASSED] - delay: Delayed 5 second(s)

2018-12-14 00:28:31 - [MESSAGE][PASSED] - Delayed 5 second(s)

2018-12-14 00:28:31 - [TEST_STEP][PASSED] - click: Object: 'Object Repository/Final Object Repo/New Registration - Registration Module Pages/Third Screen - Upload Supporting Doc- Preview/Add Document Button' is clicked on

2018-12-14 00:28:31 - [MESSAGE][PASSED] - Object: 'Object Repository/Final Object Repo/New Registration - Registration Module Pages/Third Screen - Upload Supporting Doc- Preview/Add Document Button' is clicked on

2018-12-14 00:28:31 - [TEST_STEP][PASSED] - delay: Delayed 30 second(s)

2018-12-14 00:29:01 - [MESSAGE][PASSED] - Delayed 30 second(s)

2018-12-14 00:29:01 - [TEST_STEP][PASSED] - click: Object: 'Object Repository/Final Object Repo/New Registration - Registration Module Pages/Third Screen - Upload Supporting Doc- Preview/Supporting Doc Please Select Drop Down' is clicked on

2018-12-14 00:29:02 - [MESSAGE][PASSED] - Object: 'Object Repository/Final Object Repo/New Registration - Registration Module Pages/Third Screen - Upload Supporting Doc- Preview/Supporting Doc Please Select Drop Down' is clicked on

2018-12-14 00:29:02 - [TEST_STEP][PASSED] - delay: Delayed 3 second(s)

2018-12-14 00:29:05 - [MESSAGE][PASSED] - Delayed 3 second(s)

2018-12-14 00:29:05 - [TEST_STEP][PASSED] - click: Object: 'Object Repository/Final Object Repo/New Registration - Registration Module Pages/Third Screen - Upload Supporting Doc- Preview/Select to Upload Borang SIP 2' is clicked on

2018-12-14 00:29:05 - [MESSAGE][PASSED] - Object: 'Object Repository/Final Object Repo/New Registration - Registration Module Pages/Third Screen - Upload Supporting Doc- Preview/Select to Upload Borang SIP 2' is clicked on

2018-12-14 00:29:05 - [TEST_STEP][PASSED] - delay: Delayed 2 second(s)

2018-12-14 00:29:07 - [MESSAGE][PASSED] - Delayed 2 second(s)

2018-12-14 00:29:07 - [TEST_STEP][PASSED] - uploadFile: File 'C:\Users\Public\Pictures\Sample Pictures\Koala.jpg' sent to object: 'Object Repository/Final Object Repo/New Registration - Registration Module Pages/Third Screen - Upload Supporting Doc- Preview/Upload File Adding'

2018-12-14 00:29:07 - [MESSAGE][PASSED] - File 'C:\Users\Public\Pictures\Sample Pictures\Koala.jpg' sent to object: 'Object Repository/Final Object Repo/New Registration - Registration Module Pages/Third Screen - Upload Supporting Doc- Preview/Upload File Adding'

2018-12-14 00:29:07 - [TEST_STEP][PASSED] - delay: Delayed 5 second(s)

2018-12-14 00:29:12 - [MESSAGE][PASSED] - Delayed 5 second(s)

2018-12-14 00:29:12 - [TEST_STEP][PASSED] - click: Object: 'Object Repository/Final Object Repo/New Registration - Registration Module Pages/Third Screen - Upload Supporting Doc- Preview/Inner Form Add Document Button' is clicked on

2018-12-14 00:29:12 - [MESSAGE][PASSED] - Object: 'Object Repository/Final Object Repo/New Registration - Registration Module Pages/Third Screen - Upload Supporting Doc- Preview/Inner Form Add Document Button' is clicked on

2018-12-14 00:29:12 - [TEST_STEP][PASSED] - delay: Delayed 3 second(s)

2018-12-14 00:29:15 - [MESSAGE][PASSED] - Delayed 3 second(s)

2018-12-14 00:29:15 - [TEST_STEP][PASSED] - waitForElementClickable: Object 'Object Repository/Final Object Repo/New Registration - Registration Module Pages/Third Screen - Upload Supporting Doc- Preview/Save n Continue in Uploading Supporting Doc Page' is clickable

2018-12-14 00:29:16 - [MESSAGE][PASSED] - Object 'Object Repository/Final Object Repo/New Registration - Registration Module Pages/Third Screen - Upload Supporting Doc- Preview/Save n Continue in Uploading Supporting Doc Page' is clickable

2018-12-14 00:29:16 - [TEST_STEP][PASSED] - click: Object: 'Object Repository/Final Object Repo/New Registration - Registration Module Pages/Third Screen - Upload Supporting Doc- Preview/Save n Continue in Uploading Supporting Doc Page' is clicked on

2018-12-14 00:29:16 - [MESSAGE][PASSED] - Object: 'Object Repository/Final Object Repo/New Registration - Registration Module Pages/Third Screen - Upload Supporting Doc- Preview/Save n Continue in Uploading Supporting Doc Page' is clicked on

2018-12-14 00:29:16 - [MESSAGE][PASSED] - Call Test Case 'Test Cases/Final Aug 2018 - PKS Automation/Registration Module/New Registration/Flow of New Registration/Third Screen - Upload Supporting Doc - Preview' successfully

2018-12-14 00:29:16 - [TEST_STEP][PASSED] - setText: Text 'Tester' is set on object 'Object Repository/Final Object Repo/New Registration - Registration Module Pages/New Reg - OTC to RO/Special Case - All Related Objects/Employer Preview Name'

2018-12-14 00:29:21 - [MESSAGE][PASSED] - Text 'Tester' is set on object 'Object Repository/Final Object Repo/New Registration - Registration Module Pages/New Reg - OTC to RO/Special Case - All Related Objects/Employer Preview Name'

2018-12-14 00:29:21 - [TEST_STEP][PASSED] - click: Object: 'Object Repository/Final Object Repo/New Registration - Registration Module Pages/New Reg - OTC to RO/Special Case - All Related Objects/IC Type Drop Down' is clicked on

2018-12-14 00:29:21 - [MESSAGE][PASSED] - Object: 'Object Repository/Final Object Repo/New Registration - Registration Module Pages/New Reg - OTC to RO/Special Case - All Related Objects/IC Type Drop Down' is clicked on

2018-12-14 00:29:21 - [TEST_STEP][PASSED] - click: Object: 'Object Repository/Final Object Repo/New Registration - Registration Module Pages/New Reg - OTC to RO/Special Case - All Related Objects/Select to NRIC' is clicked on

2018-12-14 00:29:21 - [MESSAGE][PASSED] - Object: 'Object Repository/Final Object Repo/New Registration - Registration Module Pages/New Reg - OTC to RO/Special Case - All Related Objects/Select to NRIC' is clicked on

2018-12-14 00:29:21 - [TEST_STEP][PASSED] - setText: Text '133245561223' is set on object 'Object Repository/Final Object Repo/New Registration - Registration Module Pages/New Reg - OTC to RO/Special Case - All Related Objects/IC Value'

2018-12-14 00:29:21 - [MESSAGE][PASSED] - Text '133245561223' is set on object 'Object Repository/Final Object Repo/New Registration - Registration Module Pages/New Reg - OTC to RO/Special Case - All Related Objects/IC Value'

2018-12-14 00:29:21 - [TEST_STEP][PASSED] - setText: Text 'Auto' is set on object 'Object Repository/Final Object Repo/New Registration - Registration Module Pages/New Reg - OTC to RO/Special Case - All Related Objects/Designation'

2018-12-14 00:29:21 - [MESSAGE][PASSED] - Text 'Auto' is set on object 'Object Repository/Final Object Repo/New Registration - Registration Module Pages/New Reg - OTC to RO/Special Case - All Related Objects/Designation'

2018-12-14 00:29:21 - [TEST_STEP][PASSED] - callTestCase: Call Test Case 'Test Cases/Final Aug 2018 - PKS Automation/Registration Module/New Registration/Submit and Screenshot/Submit Registration and Screenshot' successfully

2018-12-14 00:29:21 - [TEST_CASE][PASSED] - Test Cases/Final Aug 2018 - PKS Automation/Registration Module/New Registration/Submit and Screenshot/Submit Registration and Screenshot: Test Cases/Final Aug 2018 - PKS Automation/Registration Module/New Registration/Submit and Screenshot/Submit Registration and Screenshot

2018-12-14 00:29:21 - [TEST_STEP][PASSED] - delay: Delayed 6 second(s)

2018-12-14 00:29:27 - [MESSAGE][PASSED] - Delayed 6 second(s)

2018-12-14 00:29:27 - [TEST_STEP][PASSED] - click: Object: 'Object Repository/Final Object Repo/New Registration - Registration Module Pages/Third Screen - Upload Supporting Doc- Preview/Preview Submit Button' is clicked on

2018-12-14 00:29:28 - [MESSAGE][PASSED] - Object: 'Object Repository/Final Object Repo/New Registration - Registration Module Pages/Third Screen - Upload Supporting Doc- Preview/Preview Submit Button' is clicked on

2018-12-14 00:29:28 - [TEST_STEP][PASSED] - delay: Delayed 2 second(s)

2018-12-14 00:29:30 - [MESSAGE][PASSED] - Delayed 2 second(s)

2018-12-14 00:29:30 - [TEST_STEP][PASSED] - click: Object: 'Object Repository/Final Object Repo/New Registration - Registration Module Pages/Third Screen - Upload Supporting Doc- Preview/Preview Submit - Confirm' is clicked on

2018-12-14 00:29:30 - [MESSAGE][PASSED] - Object: 'Object Repository/Final Object Repo/New Registration - Registration Module Pages/Third Screen - Upload Supporting Doc- Preview/Preview Submit - Confirm' is clicked on

2018-12-14 00:29:30 - [TEST_STEP][PASSED] - delay: Delayed 15 second(s)

2018-12-14 00:29:45 - [MESSAGE][PASSED] - Delayed 15 second(s)

2018-12-14 00:29:45 - [TEST_STEP][PASSED] - Statement - driver = com.kms.katalon.core.webui.driver.DriverFactory.getWebDriver(): null

2018-12-14 00:29:45 - [TEST_STEP][PASSED] - Statement - driver.manage().timeouts().implicitlyWait(10, SECONDS): null

2018-12-14 00:29:45 - [TEST_STEP][PASSED] - Statement - PresavePath = KatalonScreenshots: null

2018-12-14 00:29:45 - [TEST_STEP][PASSED] - Statement - pathPrefix = "C:\Users\Public\Pictures\Sample Pictures\Katalon Screenshots\Automate Ending Screen": null

2018-12-14 00:29:45 - [TEST_STEP][PASSED] - Statement - finalPath = <not implemented yet for class: org.codehaus.groovy.ast.expr.EmptyExpression>: null

2018-12-14 00:29:45 - [TEST_STEP][PASSED] - Statement - scrFile = driver.getScreenshotAs(FILE): null

2018-12-14 00:29:45 - [TEST_STEP][PASSED] - Statement - PreSaveFile = new java.io.File(PresavePath): null

2018-12-14 00:29:45 - [TEST_STEP][PASSED] - Statement - counter = 0: null

2018-12-14 00:29:45 - [TEST_STEP][PASSED] - Statement - If (PreSaveFile.exists()): null

2018-12-14 00:29:45 - [TEST_STEP][PASSED] - Statement - While (PreSaveFile.exists()): null

2018-12-14 00:29:45 - [TEST_STEP][PASSED] - Statement - counter = counter + 1: null

2018-12-14 00:29:45 - [TEST_STEP][PASSED] - Statement - PreSaveFile = new java.io.File(((pathPrefix + java.lang.Integer.toString(counter)) + .png)): null

2018-12-14 00:29:45 - [TEST_STEP][PASSED] - Statement - counter = counter + 1: null

2018-12-14 00:29:45 - [TEST_STEP][PASSED] - Statement - PreSaveFile = new java.io.File(((pathPrefix + java.lang.Integer.toString(counter)) + .png)): null

2018-12-14 00:29:45 - [TEST_STEP][PASSED] - Statement - counter = counter + 1: null

2018-12-14 00:29:45 - [TEST_STEP][PASSED] - Statement - PreSaveFile = new java.io.File(((pathPrefix + java.lang.Integer.toString(counter)) + .png)): null

2018-12-14 00:29:45 - [TEST_STEP][PASSED] - Statement - counter = counter + 1: null

2018-12-14 00:29:45 - [TEST_STEP][PASSED] - Statement - PreSaveFile = new java.io.File(((pathPrefix + java.lang.Integer.toString(counter)) + .png)): null

2018-12-14 00:29:45 - [TEST_STEP][PASSED] - Statement - counter = counter + 1: null

2018-12-14 00:29:45 - [TEST_STEP][PASSED] - Statement - PreSaveFile = new java.io.File(((pathPrefix + java.lang.Integer.toString(counter)) + .png)): null

2018-12-14 00:29:45 - [TEST_STEP][PASSED] - Statement - counter = counter + 1: null

2018-12-14 00:29:45 - [TEST_STEP][PASSED] - Statement - PreSaveFile = new java.io.File(((pathPrefix + java.lang.Integer.toString(counter)) + .png)): null

2018-12-14 00:29:45 - [TEST_STEP][PASSED] - Statement - counter = counter + 1: null

2018-12-14 00:29:45 - [TEST_STEP][PASSED] - Statement - PreSaveFile = new java.io.File(((pathPrefix + java.lang.Integer.toString(counter)) + .png)): null

2018-12-14 00:29:45 - [TEST_STEP][PASSED] - Statement - counter = counter + 1: null

2018-12-14 00:29:45 - [TEST_STEP][PASSED] - Statement - PreSaveFile = new java.io.File(((pathPrefix + java.lang.Integer.toString(counter)) + .png)): null

2018-12-14 00:29:45 - [TEST_STEP][PASSED] - Statement - counter = counter + 1: null

2018-12-14 00:29:45 - [TEST_STEP][PASSED] - Statement - PreSaveFile = new java.io.File(((pathPrefix + java.lang.Integer.toString(counter)) + .png)): null

2018-12-14 00:29:45 - [TEST_STEP][PASSED] - Statement - counter = counter + 1: null

2018-12-14 00:29:45 - [TEST_STEP][PASSED] - Statement - PreSaveFile = new java.io.File(((pathPrefix + java.lang.Integer.toString(counter)) + .png)): null

2018-12-14 00:29:45 - [TEST_STEP][PASSED] - Statement - counter = counter + 1: null

2018-12-14 00:29:45 - [TEST_STEP][PASSED] - Statement - PreSaveFile = new java.io.File(((pathPrefix + java.lang.Integer.toString(counter)) + .png)): null

2018-12-14 00:29:45 - [TEST_STEP][PASSED] - Statement - counter = counter + 1: null

2018-12-14 00:29:45 - [TEST_STEP][PASSED] - Statement - PreSaveFile = new java.io.File(((pathPrefix + java.lang.Integer.toString(counter)) + .png)): null

2018-12-14 00:29:45 - [TEST_STEP][PASSED] - Statement - counter = counter + 1: null

2018-12-14 00:29:45 - [TEST_STEP][PASSED] - Statement - PreSaveFile = new java.io.File(((pathPrefix + java.lang.Integer.toString(counter)) + .png)): null

2018-12-14 00:29:45 - [TEST_STEP][PASSED] - Statement - counter = counter + 1: null

2018-12-14 00:29:45 - [TEST_STEP][PASSED] - Statement - PreSaveFile = new java.io.File(((pathPrefix + java.lang.Integer.toString(counter)) + .png)): null

2018-12-14 00:29:45 - [TEST_STEP][PASSED] - Statement - counter = counter + 1: null

2018-12-14 00:29:45 - [TEST_STEP][PASSED] - Statement - PreSaveFile = new java.io.File(((pathPrefix + java.lang.Integer.toString(counter)) + .png)): null

2018-12-14 00:29:45 - [TEST_STEP][PASSED] - Statement - counter = counter + 1: null

2018-12-14 00:29:45 - [TEST_STEP][PASSED] - Statement - PreSaveFile = new java.io.File(((pathPrefix + java.lang.Integer.toString(counter)) + .png)): null

2018-12-14 00:29:45 - [TEST_STEP][PASSED] - Statement - counter = counter + 1: null

2018-12-14 00:29:45 - [TEST_STEP][PASSED] - Statement - PreSaveFile = new java.io.File(((pathPrefix + java.lang.Integer.toString(counter)) + .png)): null

2018-12-14 00:29:45 - [TEST_STEP][PASSED] - Statement - counter = counter + 1: null

2018-12-14 00:29:45 - [TEST_STEP][PASSED] - Statement - PreSaveFile = new java.io.File(((pathPrefix + java.lang.Integer.toString(counter)) + .png)): null

2018-12-14 00:29:45 - [TEST_STEP][PASSED] - Statement - counter = counter + 1: null

2018-12-14 00:29:45 - [TEST_STEP][PASSED] - Statement - PreSaveFile = new java.io.File(((pathPrefix + java.lang.Integer.toString(counter)) + .png)): null

2018-12-14 00:29:45 - [TEST_STEP][PASSED] - Statement - counter = counter + 1: null

2018-12-14 00:29:45 - [TEST_STEP][PASSED] - Statement - PreSaveFile = new java.io.File(((pathPrefix + java.lang.Integer.toString(counter)) + .png)): null

2018-12-14 00:29:45 - [TEST_STEP][PASSED] - Statement - counter = counter + 1: null

2018-12-14 00:29:45 - [TEST_STEP][PASSED] - Statement - PreSaveFile = new java.io.File(((pathPrefix + java.lang.Integer.toString(counter)) + .png)): null

2018-12-14 00:29:45 - [TEST_STEP][PASSED] - Statement - counter = counter + 1: null

2018-12-14 00:29:45 - [TEST_STEP][PASSED] - Statement - PreSaveFile = new java.io.File(((pathPrefix + java.lang.Integer.toString(counter)) + .png)): null

2018-12-14 00:29:45 - [TEST_STEP][PASSED] - Statement - counter = counter + 1: null

2018-12-14 00:29:45 - [TEST_STEP][PASSED] - Statement - PreSaveFile = new java.io.File(((pathPrefix + java.lang.Integer.toString(counter)) + .png)): null

2018-12-14 00:29:45 - [TEST_STEP][PASSED] - Statement - counter = counter + 1: null

2018-12-14 00:29:45 - [TEST_STEP][PASSED] - Statement - PreSaveFile = new java.io.File(((pathPrefix + java.lang.Integer.toString(counter)) + .png)): null

2018-12-14 00:29:45 - [TEST_STEP][PASSED] - Statement - counter = counter + 1: null

2018-12-14 00:29:45 - [TEST_STEP][PASSED] - Statement - PreSaveFile = new java.io.File(((pathPrefix + java.lang.Integer.toString(counter)) + .png)): null

2018-12-14 00:29:45 - [TEST_STEP][PASSED] - Statement - counter = counter + 1: null

2018-12-14 00:29:45 - [TEST_STEP][PASSED] - Statement - PreSaveFile = new java.io.File(((pathPrefix + java.lang.Integer.toString(counter)) + .png)): null

2018-12-14 00:29:45 - [TEST_STEP][PASSED] - Statement - counter = counter + 1: null

2018-12-14 00:29:45 - [TEST_STEP][PASSED] - Statement - PreSaveFile = new java.io.File(((pathPrefix + java.lang.Integer.toString(counter)) + .png)): null

2018-12-14 00:29:45 - [TEST_STEP][PASSED] - Statement - counter = counter + 1: null

2018-12-14 00:29:45 - [TEST_STEP][PASSED] - Statement - PreSaveFile = new java.io.File(((pathPrefix + java.lang.Integer.toString(counter)) + .png)): null

2018-12-14 00:29:45 - [TEST_STEP][PASSED] - Statement - counter = counter + 1: null

2018-12-14 00:29:45 - [TEST_STEP][PASSED] - Statement - PreSaveFile = new java.io.File(((pathPrefix + java.lang.Integer.toString(counter)) + .png)): null

2018-12-14 00:29:45 - [TEST_STEP][PASSED] - Statement - counter = counter + 1: null

2018-12-14 00:29:45 - [TEST_STEP][PASSED] - Statement - PreSaveFile = new java.io.File(((pathPrefix + java.lang.Integer.toString(counter)) + .png)): null

2018-12-14 00:29:45 - [TEST_STEP][PASSED] - Statement - counter = counter + 1: null

2018-12-14 00:29:45 - [TEST_STEP][PASSED] - Statement - PreSaveFile = new java.io.File(((pathPrefix + java.lang.Integer.toString(counter)) + .png)): null

2018-12-14 00:29:45 - [TEST_STEP][PASSED] - Statement - counter = counter + 1: null

2018-12-14 00:29:45 - [TEST_STEP][PASSED] - Statement - PreSaveFile = new java.io.File(((pathPrefix + java.lang.Integer.toString(counter)) + .png)): null

2018-12-14 00:29:45 - [TEST_STEP][PASSED] - Statement - counter = counter + 1: null

2018-12-14 00:29:45 - [TEST_STEP][PASSED] - Statement - PreSaveFile = new java.io.File(((pathPrefix + java.lang.Integer.toString(counter)) + .png)): null

2018-12-14 00:29:45 - [TEST_STEP][PASSED] - Statement - counter = counter + 1: null

2018-12-14 00:29:45 - [TEST_STEP][PASSED] - Statement - PreSaveFile = new java.io.File(((pathPrefix + java.lang.Integer.toString(counter)) + .png)): null

2018-12-14 00:29:45 - [TEST_STEP][PASSED] - Statement - counter = counter + 1: null

2018-12-14 00:29:45 - [TEST_STEP][PASSED] - Statement - PreSaveFile = new java.io.File(((pathPrefix + java.lang.Integer.toString(counter)) + .png)): null

2018-12-14 00:29:45 - [TEST_STEP][PASSED] - Statement - counter = counter + 1: null

2018-12-14 00:29:45 - [TEST_STEP][PASSED] - Statement - PreSaveFile = new java.io.File(((pathPrefix + java.lang.Integer.toString(counter)) + .png)): null

2018-12-14 00:29:45 - [TEST_STEP][PASSED] - Statement - counter = counter + 1: null

2018-12-14 00:29:45 - [TEST_STEP][PASSED] - Statement - PreSaveFile = new java.io.File(((pathPrefix + java.lang.Integer.toString(counter)) + .png)): null

2018-12-14 00:29:45 - [TEST_STEP][PASSED] - Statement - counter = counter + 1: null

2018-12-14 00:29:45 - [TEST_STEP][PASSED] - Statement - PreSaveFile = new java.io.File(((pathPrefix + java.lang.Integer.toString(counter)) + .png)): null

2018-12-14 00:29:45 - [TEST_STEP][PASSED] - Statement - counter = counter + 1: null

2018-12-14 00:29:45 - [TEST_STEP][PASSED] - Statement - PreSaveFile = new java.io.File(((pathPrefix + java.lang.Integer.toString(counter)) + .png)): null

2018-12-14 00:29:45 - [TEST_STEP][PASSED] - Statement - counter = counter + 1: null

2018-12-14 00:29:45 - [TEST_STEP][PASSED] - Statement - PreSaveFile = new java.io.File(((pathPrefix + java.lang.Integer.toString(counter)) + .png)): null

2018-12-14 00:29:45 - [TEST_STEP][PASSED] - Statement - counter = counter + 1: null

2018-12-14 00:29:45 - [TEST_STEP][PASSED] - Statement - PreSaveFile = new java.io.File(((pathPrefix + java.lang.Integer.toString(counter)) + .png)): null

2018-12-14 00:29:45 - [TEST_STEP][PASSED] - Statement - counter = counter + 1: null

2018-12-14 00:29:45 - [TEST_STEP][PASSED] - Statement - PreSaveFile = new java.io.File(((pathPrefix + java.lang.Integer.toString(counter)) + .png)): null

2018-12-14 00:29:45 - [TEST_STEP][PASSED] - Statement - counter = counter + 1: null

2018-12-14 00:29:45 - [TEST_STEP][PASSED] - Statement - PreSaveFile = new java.io.File(((pathPrefix + java.lang.Integer.toString(counter)) + .png)): null

2018-12-14 00:29:45 - [TEST_STEP][PASSED] - Statement - counter = counter + 1: null

2018-12-14 00:29:45 - [TEST_STEP][PASSED] - Statement - PreSaveFile = new java.io.File(((pathPrefix + java.lang.Integer.toString(counter)) + .png)): null

2018-12-14 00:29:45 - [TEST_STEP][PASSED] - Statement - counter = counter + 1: null

2018-12-14 00:29:45 - [TEST_STEP][PASSED] - Statement - PreSaveFile = new java.io.File(((pathPrefix + java.lang.Integer.toString(counter)) + .png)): null

2018-12-14 00:29:45 - [TEST_STEP][PASSED] - Statement - counter = counter + 1: null

2018-12-14 00:29:45 - [TEST_STEP][PASSED] - Statement - PreSaveFile = new java.io.File(((pathPrefix + java.lang.Integer.toString(counter)) + .png)): null

2018-12-14 00:29:45 - [TEST_STEP][PASSED] - Statement - counter = counter + 1: null

2018-12-14 00:29:45 - [TEST_STEP][PASSED] - Statement - PreSaveFile = new java.io.File(((pathPrefix + java.lang.Integer.toString(counter)) + .png)): null

2018-12-14 00:29:45 - [TEST_STEP][PASSED] - Statement - counter = counter + 1: null

2018-12-14 00:29:45 - [TEST_STEP][PASSED] - Statement - PreSaveFile = new java.io.File(((pathPrefix + java.lang.Integer.toString(counter)) + .png)): null

2018-12-14 00:29:45 - [TEST_STEP][PASSED] - Statement - counter = counter + 1: null

2018-12-14 00:29:45 - [TEST_STEP][PASSED] - Statement - PreSaveFile = new java.io.File(((pathPrefix + java.lang.Integer.toString(counter)) + .png)): null

2018-12-14 00:29:45 - [TEST_STEP][PASSED] - Statement - counter = counter + 1: null

2018-12-14 00:29:45 - [TEST_STEP][PASSED] - Statement - PreSaveFile = new java.io.File(((pathPrefix + java.lang.Integer.toString(counter)) + .png)): null

2018-12-14 00:29:45 - [TEST_STEP][PASSED] - Statement - counter = counter + 1: null

2018-12-14 00:29:45 - [TEST_STEP][PASSED] - Statement - PreSaveFile = new java.io.File(((pathPrefix + java.lang.Integer.toString(counter)) + .png)): null

2018-12-14 00:29:45 - [TEST_STEP][PASSED] - Statement - counter = counter + 1: null

2018-12-14 00:29:45 - [TEST_STEP][PASSED] - Statement - PreSaveFile = new java.io.File(((pathPrefix + java.lang.Integer.toString(counter)) + .png)): null

2018-12-14 00:29:45 - [TEST_STEP][PASSED] - Statement - counter = counter + 1: null

2018-12-14 00:29:45 - [TEST_STEP][PASSED] - Statement - PreSaveFile = new java.io.File(((pathPrefix + java.lang.Integer.toString(counter)) + .png)): null

2018-12-14 00:29:45 - [TEST_STEP][PASSED] - Statement - counter = counter + 1: null

2018-12-14 00:29:45 - [TEST_STEP][PASSED] - Statement - PreSaveFile = new java.io.File(((pathPrefix + java.lang.Integer.toString(counter)) + .png)): null

2018-12-14 00:29:45 - [TEST_STEP][PASSED] - Statement - counter = counter + 1: null

2018-12-14 00:29:45 - [TEST_STEP][PASSED] - Statement - PreSaveFile = new java.io.File(((pathPrefix + java.lang.Integer.toString(counter)) + .png)): null

2018-12-14 00:29:45 - [TEST_STEP][PASSED] - Statement - counter = counter + 1: null

2018-12-14 00:29:45 - [TEST_STEP][PASSED] - Statement - PreSaveFile = new java.io.File(((pathPrefix + java.lang.Integer.toString(counter)) + .png)): null

2018-12-14 00:29:45 - [TEST_STEP][PASSED] - Statement - counter = counter + 1: null

2018-12-14 00:29:45 - [TEST_STEP][PASSED] - Statement - PreSaveFile = new java.io.File(((pathPrefix + java.lang.Integer.toString(counter)) + .png)): null

2018-12-14 00:29:45 - [TEST_STEP][PASSED] - Statement - counter = counter + 1: null

2018-12-14 00:29:45 - [TEST_STEP][PASSED] - Statement - PreSaveFile = new java.io.File(((pathPrefix + java.lang.Integer.toString(counter)) + .png)): null

2018-12-14 00:29:45 - [TEST_STEP][PASSED] - Statement - counter = counter + 1: null

2018-12-14 00:29:45 - [TEST_STEP][PASSED] - Statement - PreSaveFile = new java.io.File(((pathPrefix + java.lang.Integer.toString(counter)) + .png)): null

2018-12-14 00:29:45 - [TEST_STEP][PASSED] - Statement - counter = counter + 1: null

2018-12-14 00:29:45 - [TEST_STEP][PASSED] - Statement - PreSaveFile = new java.io.File(((pathPrefix + java.lang.Integer.toString(counter)) + .png)): null

2018-12-14 00:29:45 - [TEST_STEP][PASSED] - Statement - counter = counter + 1: null

2018-12-14 00:29:45 - [TEST_STEP][PASSED] - Statement - PreSaveFile = new java.io.File(((pathPrefix + java.lang.Integer.toString(counter)) + .png)): null

2018-12-14 00:29:45 - [TEST_STEP][PASSED] - Statement - counter = counter + 1: null

2018-12-14 00:29:45 - [TEST_STEP][PASSED] - Statement - PreSaveFile = new java.io.File(((pathPrefix + java.lang.Integer.toString(counter)) + .png)): null

2018-12-14 00:29:45 - [TEST_STEP][PASSED] - Statement - counter = counter + 1: null

2018-12-14 00:29:45 - [TEST_STEP][PASSED] - Statement - PreSaveFile = new java.io.File(((pathPrefix + java.lang.Integer.toString(counter)) + .png)): null

2018-12-14 00:29:45 - [TEST_STEP][PASSED] - Statement - counter = counter + 1: null

2018-12-14 00:29:45 - [TEST_STEP][PASSED] - Statement - PreSaveFile = new java.io.File(((pathPrefix + java.lang.Integer.toString(counter)) + .png)): null

2018-12-14 00:29:45 - [TEST_STEP][PASSED] - Statement - counter = counter + 1: null

2018-12-14 00:29:45 - [TEST_STEP][PASSED] - Statement - PreSaveFile = new java.io.File(((pathPrefix + java.lang.Integer.toString(counter)) + .png)): null

2018-12-14 00:29:45 - [TEST_STEP][PASSED] - Statement - counter = counter + 1: null

2018-12-14 00:29:45 - [TEST_STEP][PASSED] - Statement - PreSaveFile = new java.io.File(((pathPrefix + java.lang.Integer.toString(counter)) + .png)): null

2018-12-14 00:29:45 - [TEST_STEP][PASSED] - Statement - counter = counter + 1: null

2018-12-14 00:29:45 - [TEST_STEP][PASSED] - Statement - PreSaveFile = new java.io.File(((pathPrefix + java.lang.Integer.toString(counter)) + .png)): null

2018-12-14 00:29:45 - [TEST_STEP][PASSED] - Statement - counter = counter + 1: null

2018-12-14 00:29:45 - [TEST_STEP][PASSED] - Statement - PreSaveFile = new java.io.File(((pathPrefix + java.lang.Integer.toString(counter)) + .png)): null

2018-12-14 00:29:45 - [TEST_STEP][PASSED] - Statement - counter = counter + 1: null

2018-12-14 00:29:45 - [TEST_STEP][PASSED] - Statement - PreSaveFile = new java.io.File(((pathPrefix + java.lang.Integer.toString(counter)) + .png)): null

2018-12-14 00:29:45 - [TEST_STEP][PASSED] - Statement - counter = counter + 1: null

2018-12-14 00:29:45 - [TEST_STEP][PASSED] - Statement - PreSaveFile = new java.io.File(((pathPrefix + java.lang.Integer.toString(counter)) + .png)): null

2018-12-14 00:29:45 - [TEST_STEP][PASSED] - Statement - counter = counter + 1: null

2018-12-14 00:29:45 - [TEST_STEP][PASSED] - Statement - PreSaveFile = new java.io.File(((pathPrefix + java.lang.Integer.toString(counter)) + .png)): null

2018-12-14 00:29:45 - [TEST_STEP][PASSED] - Statement - counter = counter + 1: null

2018-12-14 00:29:45 - [TEST_STEP][PASSED] - Statement - PreSaveFile = new java.io.File(((pathPrefix + java.lang.Integer.toString(counter)) + .png)): null

2018-12-14 00:29:45 - [TEST_STEP][PASSED] - Statement - counter = counter + 1: null

2018-12-14 00:29:45 - [TEST_STEP][PASSED] - Statement - PreSaveFile = new java.io.File(((pathPrefix + java.lang.Integer.toString(counter)) + .png)): null

2018-12-14 00:29:45 - [TEST_STEP][PASSED] - Statement - counter = counter + 1: null

2018-12-14 00:29:45 - [TEST_STEP][PASSED] - Statement - PreSaveFile = new java.io.File(((pathPrefix + java.lang.Integer.toString(counter)) + .png)): null

2018-12-14 00:29:45 - [TEST_STEP][PASSED] - Statement - counter = counter + 1: null

2018-12-14 00:29:45 - [TEST_STEP][PASSED] - Statement - PreSaveFile = new java.io.File(((pathPrefix + java.lang.Integer.toString(counter)) + .png)): null

2018-12-14 00:29:45 - [TEST_STEP][PASSED] - Statement - counter = counter + 1: null

2018-12-14 00:29:45 - [TEST_STEP][PASSED] - Statement - PreSaveFile = new java.io.File(((pathPrefix + java.lang.Integer.toString(counter)) + .png)): null

2018-12-14 00:29:45 - [TEST_STEP][PASSED] - Statement - counter = counter + 1: null

2018-12-14 00:29:45 - [TEST_STEP][PASSED] - Statement - PreSaveFile = new java.io.File(((pathPrefix + java.lang.Integer.toString(counter)) + .png)): null

2018-12-14 00:29:45 - [TEST_STEP][PASSED] - Statement - counter = counter + 1: null

2018-12-14 00:29:45 - [TEST_STEP][PASSED] - Statement - PreSaveFile = new java.io.File(((pathPrefix + java.lang.Integer.toString(counter)) + .png)): null

2018-12-14 00:29:45 - [TEST_STEP][PASSED] - Statement - counter = counter + 1: null

2018-12-14 00:29:45 - [TEST_STEP][PASSED] - Statement - PreSaveFile = new java.io.File(((pathPrefix + java.lang.Integer.toString(counter)) + .png)): null

2018-12-14 00:29:45 - [TEST_STEP][PASSED] - Statement - counter = counter + 1: null

2018-12-14 00:29:45 - [TEST_STEP][PASSED] - Statement - PreSaveFile = new java.io.File(((pathPrefix + java.lang.Integer.toString(counter)) + .png)): null

2018-12-14 00:29:45 - [TEST_STEP][PASSED] - Statement - counter = counter + 1: null

2018-12-14 00:29:45 - [TEST_STEP][PASSED] - Statement - PreSaveFile = new java.io.File(((pathPrefix + java.lang.Integer.toString(counter)) + .png)): null

2018-12-14 00:29:45 - [TEST_STEP][PASSED] - Statement - counter = counter + 1: null

2018-12-14 00:29:45 - [TEST_STEP][PASSED] - Statement - PreSaveFile = new java.io.File(((pathPrefix + java.lang.Integer.toString(counter)) + .png)): null

2018-12-14 00:29:45 - [TEST_STEP][PASSED] - Statement - counter = counter + 1: null

2018-12-14 00:29:45 - [TEST_STEP][PASSED] - Statement - PreSaveFile = new java.io.File(((pathPrefix + java.lang.Integer.toString(counter)) + .png)): null

2018-12-14 00:29:45 - [TEST_STEP][PASSED] - Statement - counter = counter + 1: null

2018-12-14 00:29:45 - [TEST_STEP][PASSED] - Statement - PreSaveFile = new java.io.File(((pathPrefix + java.lang.Integer.toString(counter)) + .png)): null

2018-12-14 00:29:45 - [TEST_STEP][PASSED] - Statement - counter = counter + 1: null

2018-12-14 00:29:45 - [TEST_STEP][PASSED] - Statement - PreSaveFile = new java.io.File(((pathPrefix + java.lang.Integer.toString(counter)) + .png)): null

2018-12-14 00:29:46 - [TEST_STEP][PASSED] - Statement - counter = counter + 1: null

2018-12-14 00:29:46 - [TEST_STEP][PASSED] - Statement - PreSaveFile = new java.io.File(((pathPrefix + java.lang.Integer.toString(counter)) + .png)): null

2018-12-14 00:29:46 - [TEST_STEP][PASSED] - Statement - counter = counter + 1: null

2018-12-14 00:29:46 - [TEST_STEP][PASSED] - Statement - PreSaveFile = new java.io.File(((pathPrefix + java.lang.Integer.toString(counter)) + .png)): null

2018-12-14 00:29:46 - [TEST_STEP][PASSED] - Statement - counter = counter + 1: null

2018-12-14 00:29:46 - [TEST_STEP][PASSED] - Statement - PreSaveFile = new java.io.File(((pathPrefix + java.lang.Integer.toString(counter)) + .png)): null

2018-12-14 00:29:46 - [TEST_STEP][PASSED] - Statement - counter = counter + 1: null

2018-12-14 00:29:46 - [TEST_STEP][PASSED] - Statement - PreSaveFile = new java.io.File(((pathPrefix + java.lang.Integer.toString(counter)) + .png)): null

2018-12-14 00:29:46 - [TEST_STEP][PASSED] - Statement - counter = counter + 1: null

2018-12-14 00:29:46 - [TEST_STEP][PASSED] - Statement - PreSaveFile = new java.io.File(((pathPrefix + java.lang.Integer.toString(counter)) + .png)): null

2018-12-14 00:29:46 - [TEST_STEP][PASSED] - Statement - counter = counter + 1: null

2018-12-14 00:29:46 - [TEST_STEP][PASSED] - Statement - PreSaveFile = new java.io.File(((pathPrefix + java.lang.Integer.toString(counter)) + .png)): null

2018-12-14 00:29:46 - [TEST_STEP][PASSED] - Statement - counter = counter + 1: null

2018-12-14 00:29:46 - [TEST_STEP][PASSED] - Statement - PreSaveFile = new java.io.File(((pathPrefix + java.lang.Integer.toString(counter)) + .png)): null

2018-12-14 00:29:46 - [TEST_STEP][PASSED] - Statement - counter = counter + 1: null

2018-12-14 00:29:46 - [TEST_STEP][PASSED] - Statement - PreSaveFile = new java.io.File(((pathPrefix + java.lang.Integer.toString(counter)) + .png)): null

2018-12-14 00:29:46 - [TEST_STEP][PASSED] - Statement - counter = counter + 1: null

2018-12-14 00:29:46 - [TEST_STEP][PASSED] - Statement - PreSaveFile = new java.io.File(((pathPrefix + java.lang.Integer.toString(counter)) + .png)): null

2018-12-14 00:29:46 - [TEST_STEP][PASSED] - Statement - counter = counter + 1: null

2018-12-14 00:29:46 - [TEST_STEP][PASSED] - Statement - PreSaveFile = new java.io.File(((pathPrefix + java.lang.Integer.toString(counter)) + .png)): null

2018-12-14 00:29:46 - [TEST_STEP][PASSED] - Statement - counter = counter + 1: null

2018-12-14 00:29:46 - [TEST_STEP][PASSED] - Statement - PreSaveFile = new java.io.File(((pathPrefix + java.lang.Integer.toString(counter)) + .png)): null

2018-12-14 00:29:46 - [TEST_STEP][PASSED] - Statement - counter = counter + 1: null

2018-12-14 00:29:46 - [TEST_STEP][PASSED] - Statement - PreSaveFile = new java.io.File(((pathPrefix + java.lang.Integer.toString(counter)) + .png)): null

2018-12-14 00:29:46 - [TEST_STEP][PASSED] - Statement - counter = counter + 1: null

2018-12-14 00:29:46 - [TEST_STEP][PASSED] - Statement - PreSaveFile = new java.io.File(((pathPrefix + java.lang.Integer.toString(counter)) + .png)): null

2018-12-14 00:29:46 - [TEST_STEP][PASSED] - Statement - counter = counter + 1: null

2018-12-14 00:29:46 - [TEST_STEP][PASSED] - Statement - PreSaveFile = new java.io.File(((pathPrefix + java.lang.Integer.toString(counter)) + .png)): null

2018-12-14 00:29:46 - [TEST_STEP][PASSED] - Statement - counter = counter + 1: null

2018-12-14 00:29:46 - [TEST_STEP][PASSED] - Statement - PreSaveFile = new java.io.File(((pathPrefix + java.lang.Integer.toString(counter)) + .png)): null

2018-12-14 00:29:46 - [TEST_STEP][PASSED] - Statement - counter = counter + 1: null

2018-12-14 00:29:46 - [TEST_STEP][PASSED] - Statement - PreSaveFile = new java.io.File(((pathPrefix + java.lang.Integer.toString(counter)) + .png)): null

2018-12-14 00:29:46 - [TEST_STEP][PASSED] - Statement - counter = counter + 1: null

2018-12-14 00:29:46 - [TEST_STEP][PASSED] - Statement - PreSaveFile = new java.io.File(((pathPrefix + java.lang.Integer.toString(counter)) + .png)): null

2018-12-14 00:29:46 - [TEST_STEP][PASSED] - Statement - counter = counter + 1: null

2018-12-14 00:29:46 - [TEST_STEP][PASSED] - Statement - PreSaveFile = new java.io.File(((pathPrefix + java.lang.Integer.toString(counter)) + .png)): null

2018-12-14 00:29:46 - [TEST_STEP][PASSED] - Statement - counter = counter + 1: null

2018-12-14 00:29:46 - [TEST_STEP][PASSED] - Statement - PreSaveFile = new java.io.File(((pathPrefix + java.lang.Integer.toString(counter)) + .png)): null

2018-12-14 00:29:46 - [TEST_STEP][PASSED] - Statement - counter = counter + 1: null

2018-12-14 00:29:46 - [TEST_STEP][PASSED] - Statement - PreSaveFile = new java.io.File(((pathPrefix + java.lang.Integer.toString(counter)) + .png)): null

2018-12-14 00:29:46 - [TEST_STEP][PASSED] - Statement - counter = counter + 1: null

2018-12-14 00:29:46 - [TEST_STEP][PASSED] - Statement - PreSaveFile = new java.io.File(((pathPrefix + java.lang.Integer.toString(counter)) + .png)): null

2018-12-14 00:29:46 - [TEST_STEP][PASSED] - Statement - counter = counter + 1: null

2018-12-14 00:29:46 - [TEST_STEP][PASSED] - Statement - PreSaveFile = new java.io.File(((pathPrefix + java.lang.Integer.toString(counter)) + .png)): null

2018-12-14 00:29:46 - [TEST_STEP][PASSED] - Statement - counter = counter + 1: null

2018-12-14 00:29:46 - [TEST_STEP][PASSED] - Statement - PreSaveFile = new java.io.File(((pathPrefix + java.lang.Integer.toString(counter)) + .png)): null

2018-12-14 00:29:46 - [TEST_STEP][PASSED] - Statement - counter = counter + 1: null

2018-12-14 00:29:46 - [TEST_STEP][PASSED] - Statement - PreSaveFile = new java.io.File(((pathPrefix + java.lang.Integer.toString(counter)) + .png)): null

2018-12-14 00:29:46 - [TEST_STEP][PASSED] - Statement - counter = counter + 1: null

2018-12-14 00:29:46 - [TEST_STEP][PASSED] - Statement - PreSaveFile = new java.io.File(((pathPrefix + java.lang.Integer.toString(counter)) + .png)): null

2018-12-14 00:29:46 - [TEST_STEP][PASSED] - Statement - counter = counter + 1: null

2018-12-14 00:29:46 - [TEST_STEP][PASSED] - Statement - PreSaveFile = new java.io.File(((pathPrefix + java.lang.Integer.toString(counter)) + .png)): null

2018-12-14 00:29:46 - [TEST_STEP][PASSED] - Statement - counter = counter + 1: null

2018-12-14 00:29:46 - [TEST_STEP][PASSED] - Statement - PreSaveFile = new java.io.File(((pathPrefix + java.lang.Integer.toString(counter)) + .png)): null

2018-12-14 00:29:46 - [TEST_STEP][PASSED] - Statement - counter = counter + 1: null

2018-12-14 00:29:46 - [TEST_STEP][PASSED] - Statement - PreSaveFile = new java.io.File(((pathPrefix + java.lang.Integer.toString(counter)) + .png)): null

2018-12-14 00:29:46 - [TEST_STEP][PASSED] - Statement - counter = counter + 1: null

2018-12-14 00:29:46 - [TEST_STEP][PASSED] - Statement - PreSaveFile = new java.io.File(((pathPrefix + java.lang.Integer.toString(counter)) + .png)): null

2018-12-14 00:29:46 - [TEST_STEP][PASSED] - Statement - counter = counter + 1: null

2018-12-14 00:29:46 - [TEST_STEP][PASSED] - Statement - PreSaveFile = new java.io.File(((pathPrefix + java.lang.Integer.toString(counter)) + .png)): null

2018-12-14 00:29:46 - [TEST_STEP][PASSED] - Statement - counter = counter + 1: null

2018-12-14 00:29:46 - [TEST_STEP][PASSED] - Statement - PreSaveFile = new java.io.File(((pathPrefix + java.lang.Integer.toString(counter)) + .png)): null

2018-12-14 00:29:46 - [TEST_STEP][PASSED] - Statement - counter = counter + 1: null

2018-12-14 00:29:46 - [TEST_STEP][PASSED] - Statement - PreSaveFile = new java.io.File(((pathPrefix + java.lang.Integer.toString(counter)) + .png)): null

2018-12-14 00:29:46 - [TEST_STEP][PASSED] - Statement - counter = counter + 1: null

2018-12-14 00:29:46 - [TEST_STEP][PASSED] - Statement - PreSaveFile = new java.io.File(((pathPrefix + java.lang.Integer.toString(counter)) + .png)): null

2018-12-14 00:29:46 - [TEST_STEP][PASSED] - Statement - counter = counter + 1: null

2018-12-14 00:29:46 - [TEST_STEP][PASSED] - Statement - PreSaveFile = new java.io.File(((pathPrefix + java.lang.Integer.toString(counter)) + .png)): null

2018-12-14 00:29:46 - [TEST_STEP][PASSED] - Statement - counter = counter + 1: null

2018-12-14 00:29:46 - [TEST_STEP][PASSED] - Statement - PreSaveFile = new java.io.File(((pathPrefix + java.lang.Integer.toString(counter)) + .png)): null

2018-12-14 00:29:46 - [TEST_STEP][PASSED] - Statement - counter = counter + 1: null

2018-12-14 00:29:46 - [TEST_STEP][PASSED] - Statement - PreSaveFile = new java.io.File(((pathPrefix + java.lang.Integer.toString(counter)) + .png)): null

2018-12-14 00:29:46 - [TEST_STEP][PASSED] - Statement - counter = counter + 1: null

2018-12-14 00:29:46 - [TEST_STEP][PASSED] - Statement - PreSaveFile = new java.io.File(((pathPrefix + java.lang.Integer.toString(counter)) + .png)): null

2018-12-14 00:29:46 - [TEST_STEP][PASSED] - Statement - counter = counter + 1: null

2018-12-14 00:29:46 - [TEST_STEP][PASSED] - Statement - PreSaveFile = new java.io.File(((pathPrefix + java.lang.Integer.toString(counter)) + .png)): null

2018-12-14 00:29:46 - [TEST_STEP][PASSED] - Statement - counter = counter + 1: null

2018-12-14 00:29:46 - [TEST_STEP][PASSED] - Statement - PreSaveFile = new java.io.File(((pathPrefix + java.lang.Integer.toString(counter)) + .png)): null

2018-12-14 00:29:46 - [TEST_STEP][PASSED] - Statement - counter = counter + 1: null

2018-12-14 00:29:46 - [TEST_STEP][PASSED] - Statement - PreSaveFile = new java.io.File(((pathPrefix + java.lang.Integer.toString(counter)) + .png)): null

2018-12-14 00:29:46 - [TEST_STEP][PASSED] - Statement - counter = counter + 1: null

2018-12-14 00:29:46 - [TEST_STEP][PASSED] - Statement - PreSaveFile = new java.io.File(((pathPrefix + java.lang.Integer.toString(counter)) + .png)): null

2018-12-14 00:29:46 - [TEST_STEP][PASSED] - Statement - counter = counter + 1: null

2018-12-14 00:29:46 - [TEST_STEP][PASSED] - Statement - PreSaveFile = new java.io.File(((pathPrefix + java.lang.Integer.toString(counter)) + .png)): null

2018-12-14 00:29:46 - [TEST_STEP][PASSED] - Statement - counter = counter + 1: null

2018-12-14 00:29:46 - [TEST_STEP][PASSED] - Statement - PreSaveFile = new java.io.File(((pathPrefix + java.lang.Integer.toString(counter)) + .png)): null

2018-12-14 00:29:46 - [TEST_STEP][PASSED] - Statement - counter = counter + 1: null

2018-12-14 00:29:46 - [TEST_STEP][PASSED] - Statement - PreSaveFile = new java.io.File(((pathPrefix + java.lang.Integer.toString(counter)) + .png)): null

2018-12-14 00:29:46 - [TEST_STEP][PASSED] - Statement - counter = counter + 1: null

2018-12-14 00:29:46 - [TEST_STEP][PASSED] - Statement - PreSaveFile = new java.io.File(((pathPrefix + java.lang.Integer.toString(counter)) + .png)): null

2018-12-14 00:29:46 - [TEST_STEP][PASSED] - Statement - counter = counter + 1: null

2018-12-14 00:29:46 - [TEST_STEP][PASSED] - Statement - PreSaveFile = new java.io.File(((pathPrefix + java.lang.Integer.toString(counter)) + .png)): null

2018-12-14 00:29:46 - [TEST_STEP][PASSED] - Statement - counter = counter + 1: null

2018-12-14 00:29:46 - [TEST_STEP][PASSED] - Statement - PreSaveFile = new java.io.File(((pathPrefix + java.lang.Integer.toString(counter)) + .png)): null

2018-12-14 00:29:46 - [TEST_STEP][PASSED] - Statement - counter = counter + 1: null

2018-12-14 00:29:46 - [TEST_STEP][PASSED] - Statement - PreSaveFile = new java.io.File(((pathPrefix + java.lang.Integer.toString(counter)) + .png)): null

2018-12-14 00:29:46 - [TEST_STEP][PASSED] - Statement - counter = counter + 1: null

2018-12-14 00:29:46 - [TEST_STEP][PASSED] - Statement - PreSaveFile = new java.io.File(((pathPrefix + java.lang.Integer.toString(counter)) + .png)): null

2018-12-14 00:29:46 - [TEST_STEP][PASSED] - Statement - counter = counter + 1: null

2018-12-14 00:29:46 - [TEST_STEP][PASSED] - Statement - PreSaveFile = new java.io.File(((pathPrefix + java.lang.Integer.toString(counter)) + .png)): null

2018-12-14 00:29:46 - [TEST_STEP][PASSED] - Statement - counter = counter + 1: null

2018-12-14 00:29:46 - [TEST_STEP][PASSED] - Statement - PreSaveFile = new java.io.File(((pathPrefix + java.lang.Integer.toString(counter)) + .png)): null

2018-12-14 00:29:46 - [TEST_STEP][PASSED] - Statement - counter = counter + 1: null

2018-12-14 00:29:46 - [TEST_STEP][PASSED] - Statement - PreSaveFile = new java.io.File(((pathPrefix + java.lang.Integer.toString(counter)) + .png)): null

2018-12-14 00:29:46 - [TEST_STEP][PASSED] - Statement - counter = counter + 1: null

2018-12-14 00:29:46 - [TEST_STEP][PASSED] - Statement - PreSaveFile = new java.io.File(((pathPrefix + java.lang.Integer.toString(counter)) + .png)): null

2018-12-14 00:29:46 - [TEST_STEP][PASSED] - Statement - counter = counter + 1: null

2018-12-14 00:29:46 - [TEST_STEP][PASSED] - Statement - PreSaveFile = new java.io.File(((pathPrefix + java.lang.Integer.toString(counter)) + .png)): null

2018-12-14 00:29:46 - [TEST_STEP][PASSED] - Statement - counter = counter + 1: null

2018-12-14 00:29:46 - [TEST_STEP][PASSED] - Statement - PreSaveFile = new java.io.File(((pathPrefix + java.lang.Integer.toString(counter)) + .png)): null

2018-12-14 00:29:46 - [TEST_STEP][PASSED] - Statement - counter = counter + 1: null

2018-12-14 00:29:46 - [TEST_STEP][PASSED] - Statement - PreSaveFile = new java.io.File(((pathPrefix + java.lang.Integer.toString(counter)) + .png)): null

2018-12-14 00:29:46 - [TEST_STEP][PASSED] - Statement - counter = counter + 1: null

2018-12-14 00:29:46 - [TEST_STEP][PASSED] - Statement - PreSaveFile = new java.io.File(((pathPrefix + java.lang.Integer.toString(counter)) + .png)): null

2018-12-14 00:29:46 - [TEST_STEP][PASSED] - Statement - counter = counter + 1: null

2018-12-14 00:29:46 - [TEST_STEP][PASSED] - Statement - PreSaveFile = new java.io.File(((pathPrefix + java.lang.Integer.toString(counter)) + .png)): null

2018-12-14 00:29:46 - [TEST_STEP][PASSED] - Statement - counter = counter + 1: null

2018-12-14 00:29:46 - [TEST_STEP][PASSED] - Statement - PreSaveFile = new java.io.File(((pathPrefix + java.lang.Integer.toString(counter)) + .png)): null

2018-12-14 00:29:46 - [TEST_STEP][PASSED] - Statement - counter = counter + 1: null

2018-12-14 00:29:46 - [TEST_STEP][PASSED] - Statement - PreSaveFile = new java.io.File(((pathPrefix + java.lang.Integer.toString(counter)) + .png)): null

2018-12-14 00:29:46 - [TEST_STEP][PASSED] - Statement - counter = counter + 1: null

2018-12-14 00:29:46 - [TEST_STEP][PASSED] - Statement - PreSaveFile = new java.io.File(((pathPrefix + java.lang.Integer.toString(counter)) + .png)): null

2018-12-14 00:29:46 - [TEST_STEP][PASSED] - Statement - counter = counter + 1: null

2018-12-14 00:29:46 - [TEST_STEP][PASSED] - Statement - PreSaveFile = new java.io.File(((pathPrefix + java.lang.Integer.toString(counter)) + .png)): null

2018-12-14 00:29:46 - [TEST_STEP][PASSED] - Statement - counter = counter + 1: null

2018-12-14 00:29:46 - [TEST_STEP][PASSED] - Statement - PreSaveFile = new java.io.File(((pathPrefix + java.lang.Integer.toString(counter)) + .png)): null

2018-12-14 00:29:46 - [TEST_STEP][PASSED] - Statement - counter = counter + 1: null

2018-12-14 00:29:46 - [TEST_STEP][PASSED] - Statement - PreSaveFile = new java.io.File(((pathPrefix + java.lang.Integer.toString(counter)) + .png)): null

2018-12-14 00:29:46 - [TEST_STEP][PASSED] - Statement - counter = counter + 1: null

2018-12-14 00:29:46 - [TEST_STEP][PASSED] - Statement - PreSaveFile = new java.io.File(((pathPrefix + java.lang.Integer.toString(counter)) + .png)): null

2018-12-14 00:29:46 - [TEST_STEP][PASSED] - Statement - counter = counter + 1: null

2018-12-14 00:29:46 - [TEST_STEP][PASSED] - Statement - PreSaveFile = new java.io.File(((pathPrefix + java.lang.Integer.toString(counter)) + .png)): null

2018-12-14 00:29:46 - [TEST_STEP][PASSED] - Statement - counter = counter + 1: null

2018-12-14 00:29:46 - [TEST_STEP][PASSED] - Statement - PreSaveFile = new java.io.File(((pathPrefix + java.lang.Integer.toString(counter)) + .png)): null

2018-12-14 00:29:46 - [TEST_STEP][PASSED] - Statement - counter = counter + 1: null

2018-12-14 00:29:46 - [TEST_STEP][PASSED] - Statement - PreSaveFile = new java.io.File(((pathPrefix + java.lang.Integer.toString(counter)) + .png)): null

2018-12-14 00:29:46 - [TEST_STEP][PASSED] - Statement - counter = counter + 1: null

2018-12-14 00:29:46 - [TEST_STEP][PASSED] - Statement - PreSaveFile = new java.io.File(((pathPrefix + java.lang.Integer.toString(counter)) + .png)): null

2018-12-14 00:29:46 - [TEST_STEP][PASSED] - Statement - counter = counter + 1: null

2018-12-14 00:29:46 - [TEST_STEP][PASSED] - Statement - PreSaveFile = new java.io.File(((pathPrefix + java.lang.Integer.toString(counter)) + .png)): null

2018-12-14 00:29:46 - [TEST_STEP][PASSED] - Statement - counter = counter + 1: null

2018-12-14 00:29:46 - [TEST_STEP][PASSED] - Statement - PreSaveFile = new java.io.File(((pathPrefix + java.lang.Integer.toString(counter)) + .png)): null

2018-12-14 00:29:46 - [TEST_STEP][PASSED] - Statement - counter = counter + 1: null

2018-12-14 00:29:46 - [TEST_STEP][PASSED] - Statement - PreSaveFile = new java.io.File(((pathPrefix + java.lang.Integer.toString(counter)) + .png)): null

2018-12-14 00:29:46 - [TEST_STEP][PASSED] - Statement - counter = counter + 1: null

2018-12-14 00:29:46 - [TEST_STEP][PASSED] - Statement - PreSaveFile = new java.io.File(((pathPrefix + java.lang.Integer.toString(counter)) + .png)): null

2018-12-14 00:29:46 - [TEST_STEP][PASSED] - Statement - counter = counter + 1: null

2018-12-14 00:29:46 - [TEST_STEP][PASSED] - Statement - PreSaveFile = new java.io.File(((pathPrefix + java.lang.Integer.toString(counter)) + .png)): null

2018-12-14 00:29:46 - [TEST_STEP][PASSED] - Statement - counter = counter + 1: null

2018-12-14 00:29:46 - [TEST_STEP][PASSED] - Statement - PreSaveFile = new java.io.File(((pathPrefix + java.lang.Integer.toString(counter)) + .png)): null

2018-12-14 00:29:46 - [TEST_STEP][PASSED] - Statement - counter = counter + 1: null

2018-12-14 00:29:46 - [TEST_STEP][PASSED] - Statement - PreSaveFile = new java.io.File(((pathPrefix + java.lang.Integer.toString(counter)) + .png)): null

2018-12-14 00:29:46 - [TEST_STEP][PASSED] - Statement - counter = counter + 1: null

2018-12-14 00:29:46 - [TEST_STEP][PASSED] - Statement - PreSaveFile = new java.io.File(((pathPrefix + java.lang.Integer.toString(counter)) + .png)): null

2018-12-14 00:29:46 - [TEST_STEP][PASSED] - Statement - counter = counter + 1: null

2018-12-14 00:29:46 - [TEST_STEP][PASSED] - Statement - PreSaveFile = new java.io.File(((pathPrefix + java.lang.Integer.toString(counter)) + .png)): null

2018-12-14 00:29:46 - [TEST_STEP][PASSED] - Statement - counter = counter + 1: null

2018-12-14 00:29:46 - [TEST_STEP][PASSED] - Statement - PreSaveFile = new java.io.File(((pathPrefix + java.lang.Integer.toString(counter)) + .png)): null

2018-12-14 00:29:46 - [TEST_STEP][PASSED] - Statement - counter = counter + 1: null

2018-12-14 00:29:46 - [TEST_STEP][PASSED] - Statement - PreSaveFile = new java.io.File(((pathPrefix + java.lang.Integer.toString(counter)) + .png)): null

2018-12-14 00:29:46 - [TEST_STEP][PASSED] - Statement - counter = counter + 1: null

2018-12-14 00:29:46 - [TEST_STEP][PASSED] - Statement - PreSaveFile = new java.io.File(((pathPrefix + java.lang.Integer.toString(counter)) + .png)): null

2018-12-14 00:29:46 - [TEST_STEP][PASSED] - Statement - counter = counter + 1: null

2018-12-14 00:29:46 - [TEST_STEP][PASSED] - Statement - PreSaveFile = new java.io.File(((pathPrefix + java.lang.Integer.toString(counter)) + .png)): null

2018-12-14 00:29:46 - [TEST_STEP][PASSED] - Statement - counter = counter + 1: null

2018-12-14 00:29:46 - [TEST_STEP][PASSED] - Statement - PreSaveFile = new java.io.File(((pathPrefix + java.lang.Integer.toString(counter)) + .png)): null

2018-12-14 00:29:46 - [TEST_STEP][PASSED] - Statement - counter = counter + 1: null

2018-12-14 00:29:46 - [TEST_STEP][PASSED] - Statement - PreSaveFile = new java.io.File(((pathPrefix + java.lang.Integer.toString(counter)) + .png)): null

2018-12-14 00:29:46 - [TEST_STEP][PASSED] - Statement - counter = counter + 1: null

2018-12-14 00:29:46 - [TEST_STEP][PASSED] - Statement - PreSaveFile = new java.io.File(((pathPrefix + java.lang.Integer.toString(counter)) + .png)): null

2018-12-14 00:29:46 - [TEST_STEP][PASSED] - Statement - counter = counter + 1: null

2018-12-14 00:29:46 - [TEST_STEP][PASSED] - Statement - PreSaveFile = new java.io.File(((pathPrefix + java.lang.Integer.toString(counter)) + .png)): null

2018-12-14 00:29:46 - [TEST_STEP][PASSED] - Statement - counter = counter + 1: null

2018-12-14 00:29:46 - [TEST_STEP][PASSED] - Statement - PreSaveFile = new java.io.File(((pathPrefix + java.lang.Integer.toString(counter)) + .png)): null

2018-12-14 00:29:46 - [TEST_STEP][PASSED] - Statement - counter = counter + 1: null

2018-12-14 00:29:46 - [TEST_STEP][PASSED] - Statement - PreSaveFile = new java.io.File(((pathPrefix + java.lang.Integer.toString(counter)) + .png)): null

2018-12-14 00:29:46 - [TEST_STEP][PASSED] - Statement - counter = counter + 1: null

2018-12-14 00:29:46 - [TEST_STEP][PASSED] - Statement - PreSaveFile = new java.io.File(((pathPrefix + java.lang.Integer.toString(counter)) + .png)): null

2018-12-14 00:29:46 - [TEST_STEP][PASSED] - Statement - counter = counter + 1: null

2018-12-14 00:29:46 - [TEST_STEP][PASSED] - Statement - PreSaveFile = new java.io.File(((pathPrefix + java.lang.Integer.toString(counter)) + .png)): null

2018-12-14 00:29:46 - [TEST_STEP][PASSED] - Statement - counter = counter + 1: null

2018-12-14 00:29:46 - [TEST_STEP][PASSED] - Statement - PreSaveFile = new java.io.File(((pathPrefix + java.lang.Integer.toString(counter)) + .png)): null

2018-12-14 00:29:46 - [TEST_STEP][PASSED] - Statement - counter = counter + 1: null

2018-12-14 00:29:46 - [TEST_STEP][PASSED] - Statement - PreSaveFile = new java.io.File(((pathPrefix + java.lang.Integer.toString(counter)) + .png)): null

2018-12-14 00:29:46 - [TEST_STEP][PASSED] - Statement - counter = counter + 1: null

2018-12-14 00:29:46 - [TEST_STEP][PASSED] - Statement - PreSaveFile = new java.io.File(((pathPrefix + java.lang.Integer.toString(counter)) + .png)): null

2018-12-14 00:29:46 - [TEST_STEP][PASSED] - Statement - counter = counter + 1: null

2018-12-14 00:29:46 - [TEST_STEP][PASSED] - Statement - PreSaveFile = new java.io.File(((pathPrefix + java.lang.Integer.toString(counter)) + .png)): null

2018-12-14 00:29:46 - [TEST_STEP][PASSED] - Statement - counter = counter + 1: null

2018-12-14 00:29:46 - [TEST_STEP][PASSED] - Statement - PreSaveFile = new java.io.File(((pathPrefix + java.lang.Integer.toString(counter)) + .png)): null

2018-12-14 00:29:46 - [TEST_STEP][PASSED] - Statement - counter = counter + 1: null

2018-12-14 00:29:46 - [TEST_STEP][PASSED] - Statement - PreSaveFile = new java.io.File(((pathPrefix + java.lang.Integer.toString(counter)) + .png)): null

2018-12-14 00:29:46 - [TEST_STEP][PASSED] - Statement - counter = counter + 1: null

2018-12-14 00:29:46 - [TEST_STEP][PASSED] - Statement - PreSaveFile = new java.io.File(((pathPrefix + java.lang.Integer.toString(counter)) + .png)): null

2018-12-14 00:29:46 - [TEST_STEP][PASSED] - Statement - counter = counter + 1: null

2018-12-14 00:29:46 - [TEST_STEP][PASSED] - Statement - PreSaveFile = new java.io.File(((pathPrefix + java.lang.Integer.toString(counter)) + .png)): null

2018-12-14 00:29:46 - [TEST_STEP][PASSED] - Statement - counter = counter + 1: null

2018-12-14 00:29:46 - [TEST_STEP][PASSED] - Statement - PreSaveFile = new java.io.File(((pathPrefix + java.lang.Integer.toString(counter)) + .png)): null

2018-12-14 00:29:46 - [TEST_STEP][PASSED] - Statement - counter = counter + 1: null

2018-12-14 00:29:46 - [TEST_STEP][PASSED] - Statement - PreSaveFile = new java.io.File(((pathPrefix + java.lang.Integer.toString(counter)) + .png)): null

2018-12-14 00:29:46 - [TEST_STEP][PASSED] - Statement - counter = counter + 1: null

2018-12-14 00:29:46 - [TEST_STEP][PASSED] - Statement - PreSaveFile = new java.io.File(((pathPrefix + java.lang.Integer.toString(counter)) + .png)): null

2018-12-14 00:29:46 - [TEST_STEP][PASSED] - Statement - counter = counter + 1: null

2018-12-14 00:29:46 - [TEST_STEP][PASSED] - Statement - PreSaveFile = new java.io.File(((pathPrefix + java.lang.Integer.toString(counter)) + .png)): null

2018-12-14 00:29:46 - [TEST_STEP][PASSED] - Statement - counter = counter + 1: null

2018-12-14 00:29:46 - [TEST_STEP][PASSED] - Statement - PreSaveFile = new java.io.File(((pathPrefix + java.lang.Integer.toString(counter)) + .png)): null

2018-12-14 00:29:46 - [TEST_STEP][PASSED] - Statement - counter = counter + 1: null

2018-12-14 00:29:46 - [TEST_STEP][PASSED] - Statement - PreSaveFile = new java.io.File(((pathPrefix + java.lang.Integer.toString(counter)) + .png)): null

2018-12-14 00:29:46 - [TEST_STEP][PASSED] - Statement - counter = counter + 1: null

2018-12-14 00:29:46 - [TEST_STEP][PASSED] - Statement - PreSaveFile = new java.io.File(((pathPrefix + java.lang.Integer.toString(counter)) + .png)): null

2018-12-14 00:29:46 - [TEST_STEP][PASSED] - Statement - counter = counter + 1: null

2018-12-14 00:29:46 - [TEST_STEP][PASSED] - Statement - PreSaveFile = new java.io.File(((pathPrefix + java.lang.Integer.toString(counter)) + .png)): null

2018-12-14 00:29:46 - [TEST_STEP][PASSED] - Statement - counter = counter + 1: null

2018-12-14 00:29:46 - [TEST_STEP][PASSED] - Statement - PreSaveFile = new java.io.File(((pathPrefix + java.lang.Integer.toString(counter)) + .png)): null

2018-12-14 00:29:46 - [TEST_STEP][PASSED] - Statement - counter = counter + 1: null

2018-12-14 00:29:46 - [TEST_STEP][PASSED] - Statement - PreSaveFile = new java.io.File(((pathPrefix + java.lang.Integer.toString(counter)) + .png)): null

2018-12-14 00:29:46 - [TEST_STEP][PASSED] - Statement - counter = counter + 1: null

2018-12-14 00:29:46 - [TEST_STEP][PASSED] - Statement - PreSaveFile = new java.io.File(((pathPrefix + java.lang.Integer.toString(counter)) + .png)): null

2018-12-14 00:29:46 - [TEST_STEP][PASSED] - Statement - counter = counter + 1: null

2018-12-14 00:29:46 - [TEST_STEP][PASSED] - Statement - PreSaveFile = new java.io.File(((pathPrefix + java.lang.Integer.toString(counter)) + .png)): null

2018-12-14 00:29:46 - [TEST_STEP][PASSED] - Statement - counter = counter + 1: null

2018-12-14 00:29:46 - [TEST_STEP][PASSED] - Statement - PreSaveFile = new java.io.File(((pathPrefix + java.lang.Integer.toString(counter)) + .png)): null

2018-12-14 00:29:46 - [TEST_STEP][PASSED] - Statement - counter = counter + 1: null

2018-12-14 00:29:46 - [TEST_STEP][PASSED] - Statement - PreSaveFile = new java.io.File(((pathPrefix + java.lang.Integer.toString(counter)) + .png)): null

2018-12-14 00:29:46 - [TEST_STEP][PASSED] - Statement - counter = counter + 1: null

2018-12-14 00:29:46 - [TEST_STEP][PASSED] - Statement - PreSaveFile = new java.io.File(((pathPrefix + java.lang.Integer.toString(counter)) + .png)): null

2018-12-14 00:29:46 - [TEST_STEP][PASSED] - Statement - counter = counter + 1: null

2018-12-14 00:29:46 - [TEST_STEP][PASSED] - Statement - PreSaveFile = new java.io.File(((pathPrefix + java.lang.Integer.toString(counter)) + .png)): null

2018-12-14 00:29:46 - [TEST_STEP][PASSED] - Statement - counter = counter + 1: null

2018-12-14 00:29:46 - [TEST_STEP][PASSED] - Statement - PreSaveFile = new java.io.File(((pathPrefix + java.lang.Integer.toString(counter)) + .png)): null

2018-12-14 00:29:46 - [TEST_STEP][PASSED] - Statement - counter = counter + 1: null

2018-12-14 00:29:46 - [TEST_STEP][PASSED] - Statement - PreSaveFile = new java.io.File(((pathPrefix + java.lang.Integer.toString(counter)) + .png)): null

2018-12-14 00:29:46 - [TEST_STEP][PASSED] - Statement - counter = counter + 1: null

2018-12-14 00:29:46 - [TEST_STEP][PASSED] - Statement - PreSaveFile = new java.io.File(((pathPrefix + java.lang.Integer.toString(counter)) + .png)): null

2018-12-14 00:29:46 - [TEST_STEP][PASSED] - Statement - counter = counter + 1: null

2018-12-14 00:29:46 - [TEST_STEP][PASSED] - Statement - PreSaveFile = new java.io.File(((pathPrefix + java.lang.Integer.toString(counter)) + .png)): null

2018-12-14 00:29:46 - [TEST_STEP][PASSED] - Statement - counter = counter + 1: null

2018-12-14 00:29:46 - [TEST_STEP][PASSED] - Statement - PreSaveFile = new java.io.File(((pathPrefix + java.lang.Integer.toString(counter)) + .png)): null

2018-12-14 00:29:46 - [TEST_STEP][PASSED] - Statement - counter = counter + 1: null

2018-12-14 00:29:46 - [TEST_STEP][PASSED] - Statement - PreSaveFile = new java.io.File(((pathPrefix + java.lang.Integer.toString(counter)) + .png)): null

2018-12-14 00:29:46 - [TEST_STEP][PASSED] - Statement - counter = counter + 1: null

2018-12-14 00:29:46 - [TEST_STEP][PASSED] - Statement - PreSaveFile = new java.io.File(((pathPrefix + java.lang.Integer.toString(counter)) + .png)): null

2018-12-14 00:29:46 - [TEST_STEP][PASSED] - Statement - counter = counter + 1: null

2018-12-14 00:29:46 - [TEST_STEP][PASSED] - Statement - PreSaveFile = new java.io.File(((pathPrefix + java.lang.Integer.toString(counter)) + .png)): null

2018-12-14 00:29:46 - [TEST_STEP][PASSED] - Statement - counter = counter + 1: null

2018-12-14 00:29:46 - [TEST_STEP][PASSED] - Statement - PreSaveFile = new java.io.File(((pathPrefix + java.lang.Integer.toString(counter)) + .png)): null

2018-12-14 00:29:46 - [TEST_STEP][PASSED] - Statement - counter = counter + 1: null

2018-12-14 00:29:46 - [TEST_STEP][PASSED] - Statement - PreSaveFile = new java.io.File(((pathPrefix + java.lang.Integer.toString(counter)) + .png)): null

2018-12-14 00:29:46 - [TEST_STEP][PASSED] - Statement - counter = counter + 1: null

2018-12-14 00:29:46 - [TEST_STEP][PASSED] - Statement - PreSaveFile = new java.io.File(((pathPrefix + java.lang.Integer.toString(counter)) + .png)): null

2018-12-14 00:29:46 - [TEST_STEP][PASSED] - Statement - counter = counter + 1: null

2018-12-14 00:29:46 - [TEST_STEP][PASSED] - Statement - PreSaveFile = new java.io.File(((pathPrefix + java.lang.Integer.toString(counter)) + .png)): null

2018-12-14 00:29:46 - [TEST_STEP][PASSED] - Statement - counter = counter + 1: null

2018-12-14 00:29:46 - [TEST_STEP][PASSED] - Statement - PreSaveFile = new java.io.File(((pathPrefix + java.lang.Integer.toString(counter)) + .png)): null

2018-12-14 00:29:46 - [TEST_STEP][PASSED] - Statement - counter = counter + 1: null

2018-12-14 00:29:46 - [TEST_STEP][PASSED] - Statement - PreSaveFile = new java.io.File(((pathPrefix + java.lang.Integer.toString(counter)) + .png)): null

2018-12-14 00:29:46 - [TEST_STEP][PASSED] - Statement - counter = counter + 1: null

2018-12-14 00:29:46 - [TEST_STEP][PASSED] - Statement - PreSaveFile = new java.io.File(((pathPrefix + java.lang.Integer.toString(counter)) + .png)): null

2018-12-14 00:29:46 - [TEST_STEP][PASSED] - Statement - counter = counter + 1: null

2018-12-14 00:29:46 - [TEST_STEP][PASSED] - Statement - PreSaveFile = new java.io.File(((pathPrefix + java.lang.Integer.toString(counter)) + .png)): null

2018-12-14 00:29:46 - [TEST_STEP][PASSED] - Statement - counter = counter + 1: null

2018-12-14 00:29:46 - [TEST_STEP][PASSED] - Statement - PreSaveFile = new java.io.File(((pathPrefix + java.lang.Integer.toString(counter)) + .png)): null

2018-12-14 00:29:46 - [TEST_STEP][PASSED] - Statement - counter = counter + 1: null

2018-12-14 00:29:46 - [TEST_STEP][PASSED] - Statement - PreSaveFile = new java.io.File(((pathPrefix + java.lang.Integer.toString(counter)) + .png)): null

2018-12-14 00:29:46 - [TEST_STEP][PASSED] - Statement - counter = counter + 1: null

2018-12-14 00:29:46 - [TEST_STEP][PASSED] - Statement - PreSaveFile = new java.io.File(((pathPrefix + java.lang.Integer.toString(counter)) + .png)): null

2018-12-14 00:29:46 - [TEST_STEP][PASSED] - Statement - counter = counter + 1: null

2018-12-14 00:29:46 - [TEST_STEP][PASSED] - Statement - PreSaveFile = new java.io.File(((pathPrefix + java.lang.Integer.toString(counter)) + .png)): null

2018-12-14 00:29:46 - [TEST_STEP][PASSED] - Statement - counter = counter + 1: null

2018-12-14 00:29:46 - [TEST_STEP][PASSED] - Statement - PreSaveFile = new java.io.File(((pathPrefix + java.lang.Integer.toString(counter)) + .png)): null

2018-12-14 00:29:46 - [TEST_STEP][PASSED] - Statement - counter = counter + 1: null

2018-12-14 00:29:46 - [TEST_STEP][PASSED] - Statement - PreSaveFile = new java.io.File(((pathPrefix + java.lang.Integer.toString(counter)) + .png)): null

2018-12-14 00:29:46 - [TEST_STEP][PASSED] - Statement - counter = counter + 1: null

2018-12-14 00:29:46 - [TEST_STEP][PASSED] - Statement - PreSaveFile = new java.io.File(((pathPrefix + java.lang.Integer.toString(counter)) + .png)): null

2018-12-14 00:29:46 - [TEST_STEP][PASSED] - Statement - counter = counter + 1: null

2018-12-14 00:29:46 - [TEST_STEP][PASSED] - Statement - PreSaveFile = new java.io.File(((pathPrefix + java.lang.Integer.toString(counter)) + .png)): null

2018-12-14 00:29:46 - [TEST_STEP][PASSED] - Statement - counter = counter + 1: null

2018-12-14 00:29:46 - [TEST_STEP][PASSED] - Statement - PreSaveFile = new java.io.File(((pathPrefix + java.lang.Integer.toString(counter)) + .png)): null

2018-12-14 00:29:46 - [TEST_STEP][PASSED] - Statement - counter = counter + 1: null

2018-12-14 00:29:46 - [TEST_STEP][PASSED] - Statement - PreSaveFile = new java.io.File(((pathPrefix + java.lang.Integer.toString(counter)) + .png)): null

2018-12-14 00:29:46 - [TEST_STEP][PASSED] - Statement - counter = counter + 1: null

2018-12-14 00:29:46 - [TEST_STEP][PASSED] - Statement - PreSaveFile = new java.io.File(((pathPrefix + java.lang.Integer.toString(counter)) + .png)): null

2018-12-14 00:29:46 - [TEST_STEP][PASSED] - Statement - counter = counter + 1: null

2018-12-14 00:29:46 - [TEST_STEP][PASSED] - Statement - PreSaveFile = new java.io.File(((pathPrefix + java.lang.Integer.toString(counter)) + .png)): null

2018-12-14 00:29:46 - [TEST_STEP][PASSED] - Statement - counter = counter + 1: null

2018-12-14 00:29:46 - [TEST_STEP][PASSED] - Statement - PreSaveFile = new java.io.File(((pathPrefix + java.lang.Integer.toString(counter)) + .png)): null

2018-12-14 00:29:46 - [TEST_STEP][PASSED] - Statement - counter = counter + 1: null

2018-12-14 00:29:46 - [TEST_STEP][PASSED] - Statement - PreSaveFile = new java.io.File(((pathPrefix + java.lang.Integer.toString(counter)) + .png)): null

2018-12-14 00:29:46 - [TEST_STEP][PASSED] - Statement - counter = counter + 1: null

2018-12-14 00:29:46 - [TEST_STEP][PASSED] - Statement - PreSaveFile = new java.io.File(((pathPrefix + java.lang.Integer.toString(counter)) + .png)): null

2018-12-14 00:29:46 - [TEST_STEP][PASSED] - Statement - counter = counter + 1: null

2018-12-14 00:29:46 - [TEST_STEP][PASSED] - Statement - PreSaveFile = new java.io.File(((pathPrefix + java.lang.Integer.toString(counter)) + .png)): null

2018-12-14 00:29:46 - [TEST_STEP][PASSED] - Statement - counter = counter + 1: null

2018-12-14 00:29:46 - [TEST_STEP][PASSED] - Statement - PreSaveFile = new java.io.File(((pathPrefix + java.lang.Integer.toString(counter)) + .png)): null

2018-12-14 00:29:46 - [TEST_STEP][PASSED] - Statement - counter = counter + 1: null

2018-12-14 00:29:46 - [TEST_STEP][PASSED] - Statement - PreSaveFile = new java.io.File(((pathPrefix + java.lang.Integer.toString(counter)) + .png)): null

2018-12-14 00:29:46 - [TEST_STEP][PASSED] - Statement - counter = counter + 1: null

2018-12-14 00:29:46 - [TEST_STEP][PASSED] - Statement - PreSaveFile = new java.io.File(((pathPrefix + java.lang.Integer.toString(counter)) + .png)): null

2018-12-14 00:29:46 - [TEST_STEP][PASSED] - Statement - counter = counter + 1: null

2018-12-14 00:29:46 - [TEST_STEP][PASSED] - Statement - PreSaveFile = new java.io.File(((pathPrefix + java.lang.Integer.toString(counter)) + .png)): null

2018-12-14 00:29:46 - [TEST_STEP][PASSED] - Statement - counter = counter + 1: null

2018-12-14 00:29:46 - [TEST_STEP][PASSED] - Statement - PreSaveFile = new java.io.File(((pathPrefix + java.lang.Integer.toString(counter)) + .png)): null

2018-12-14 00:29:46 - [TEST_STEP][PASSED] - Statement - counter = counter + 1: null

2018-12-14 00:29:46 - [TEST_STEP][PASSED] - Statement - PreSaveFile = new java.io.File(((pathPrefix + java.lang.Integer.toString(counter)) + .png)): null

2018-12-14 00:29:46 - [TEST_STEP][PASSED] - Statement - counter = counter + 1: null

2018-12-14 00:29:46 - [TEST_STEP][PASSED] - Statement - PreSaveFile = new java.io.File(((pathPrefix + java.lang.Integer.toString(counter)) + .png)): null

2018-12-14 00:29:46 - [TEST_STEP][PASSED] - Statement - counter = counter + 1: null

2018-12-14 00:29:46 - [TEST_STEP][PASSED] - Statement - PreSaveFile = new java.io.File(((pathPrefix + java.lang.Integer.toString(counter)) + .png)): null

2018-12-14 00:29:46 - [TEST_STEP][PASSED] - Statement - counter = counter + 1: null

2018-12-14 00:29:46 - [TEST_STEP][PASSED] - Statement - PreSaveFile = new java.io.File(((pathPrefix + java.lang.Integer.toString(counter)) + .png)): null

2018-12-14 00:29:46 - [TEST_STEP][PASSED] - Statement - counter = counter + 1: null

2018-12-14 00:29:46 - [TEST_STEP][PASSED] - Statement - PreSaveFile = new java.io.File(((pathPrefix + java.lang.Integer.toString(counter)) + .png)): null

2018-12-14 00:29:46 - [TEST_STEP][PASSED] - Statement - counter = counter + 1: null

2018-12-14 00:29:46 - [TEST_STEP][PASSED] - Statement - PreSaveFile = new java.io.File(((pathPrefix + java.lang.Integer.toString(counter)) + .png)): null

2018-12-14 00:29:46 - [TEST_STEP][PASSED] - Statement - counter = counter + 1: null

2018-12-14 00:29:46 - [TEST_STEP][PASSED] - Statement - PreSaveFile = new java.io.File(((pathPrefix + java.lang.Integer.toString(counter)) + .png)): null

2018-12-14 00:29:46 - [TEST_STEP][PASSED] - Statement - counter = counter + 1: null

2018-12-14 00:29:46 - [TEST_STEP][PASSED] - Statement - PreSaveFile = new java.io.File(((pathPrefix + java.lang.Integer.toString(counter)) + .png)): null

2018-12-14 00:29:46 - [TEST_STEP][PASSED] - Statement - counter = counter + 1: null

2018-12-14 00:29:46 - [TEST_STEP][PASSED] - Statement - PreSaveFile = new java.io.File(((pathPrefix + java.lang.Integer.toString(counter)) + .png)): null

2018-12-14 00:29:46 - [TEST_STEP][PASSED] - Statement - counter = counter + 1: null

2018-12-14 00:29:46 - [TEST_STEP][PASSED] - Statement - PreSaveFile = new java.io.File(((pathPrefix + java.lang.Integer.toString(counter)) + .png)): null

2018-12-14 00:29:46 - [TEST_STEP][PASSED] - Statement - counter = counter + 1: null

2018-12-14 00:29:46 - [TEST_STEP][PASSED] - Statement - PreSaveFile = new java.io.File(((pathPrefix + java.lang.Integer.toString(counter)) + .png)): null

2018-12-14 00:29:46 - [TEST_STEP][PASSED] - Statement - counter = counter + 1: null

2018-12-14 00:29:46 - [TEST_STEP][PASSED] - Statement - PreSaveFile = new java.io.File(((pathPrefix + java.lang.Integer.toString(counter)) + .png)): null

2018-12-14 00:29:46 - [TEST_STEP][PASSED] - Statement - counter = counter + 1: null

2018-12-14 00:29:46 - [TEST_STEP][PASSED] - Statement - PreSaveFile = new java.io.File(((pathPrefix + java.lang.Integer.toString(counter)) + .png)): null

2018-12-14 00:29:46 - [TEST_STEP][PASSED] - Statement - counter = counter + 1: null

2018-12-14 00:29:46 - [TEST_STEP][PASSED] - Statement - PreSaveFile = new java.io.File(((pathPrefix + java.lang.Integer.toString(counter)) + .png)): null

2018-12-14 00:29:46 - [TEST_STEP][PASSED] - Statement - counter = counter + 1: null

2018-12-14 00:29:46 - [TEST_STEP][PASSED] - Statement - PreSaveFile = new java.io.File(((pathPrefix + java.lang.Integer.toString(counter)) + .png)): null

2018-12-14 00:29:46 - [TEST_STEP][PASSED] - Statement - counter = counter + 1: null

2018-12-14 00:29:46 - [TEST_STEP][PASSED] - Statement - PreSaveFile = new java.io.File(((pathPrefix + java.lang.Integer.toString(counter)) + .png)): null

2018-12-14 00:29:46 - [TEST_STEP][PASSED] - Statement - counter = counter + 1: null

2018-12-14 00:29:46 - [TEST_STEP][PASSED] - Statement - PreSaveFile = new java.io.File(((pathPrefix + java.lang.Integer.toString(counter)) + .png)): null

2018-12-14 00:29:46 - [TEST_STEP][PASSED] - Statement - counter = counter + 1: null

2018-12-14 00:29:46 - [TEST_STEP][PASSED] - Statement - PreSaveFile = new java.io.File(((pathPrefix + java.lang.Integer.toString(counter)) + .png)): null

2018-12-14 00:29:46 - [TEST_STEP][PASSED] - Statement - counter = counter + 1: null

2018-12-14 00:29:46 - [TEST_STEP][PASSED] - Statement - PreSaveFile = new java.io.File(((pathPrefix + java.lang.Integer.toString(counter)) + .png)): null

2018-12-14 00:29:46 - [TEST_STEP][PASSED] - Statement - counter = counter + 1: null

2018-12-14 00:29:46 - [TEST_STEP][PASSED] - Statement - PreSaveFile = new java.io.File(((pathPrefix + java.lang.Integer.toString(counter)) + .png)): null

2018-12-14 00:29:46 - [TEST_STEP][PASSED] - Statement - counter = counter + 1: null

2018-12-14 00:29:46 - [TEST_STEP][PASSED] - Statement - PreSaveFile = new java.io.File(((pathPrefix + java.lang.Integer.toString(counter)) + .png)): null

2018-12-14 00:29:46 - [TEST_STEP][PASSED] - Statement - counter = counter + 1: null

2018-12-14 00:29:46 - [TEST_STEP][PASSED] - Statement - PreSaveFile = new java.io.File(((pathPrefix + java.lang.Integer.toString(counter)) + .png)): null

2018-12-14 00:29:46 - [TEST_STEP][PASSED] - Statement - counter = counter + 1: null

2018-12-14 00:29:46 - [TEST_STEP][PASSED] - Statement - PreSaveFile = new java.io.File(((pathPrefix + java.lang.Integer.toString(counter)) + .png)): null

2018-12-14 00:29:46 - [TEST_STEP][PASSED] - Statement - counter = counter + 1: null

2018-12-14 00:29:46 - [TEST_STEP][PASSED] - Statement - PreSaveFile = new java.io.File(((pathPrefix + java.lang.Integer.toString(counter)) + .png)): null

2018-12-14 00:29:46 - [TEST_STEP][PASSED] - Statement - counter = counter + 1: null

2018-12-14 00:29:46 - [TEST_STEP][PASSED] - Statement - PreSaveFile = new java.io.File(((pathPrefix + java.lang.Integer.toString(counter)) + .png)): null

2018-12-14 00:29:46 - [TEST_STEP][PASSED] - Statement - counter = counter + 1: null

2018-12-14 00:29:46 - [TEST_STEP][PASSED] - Statement - PreSaveFile = new java.io.File(((pathPrefix + java.lang.Integer.toString(counter)) + .png)): null

2018-12-14 00:29:46 - [TEST_STEP][PASSED] - Statement - counter = counter + 1: null

2018-12-14 00:29:46 - [TEST_STEP][PASSED] - Statement - PreSaveFile = new java.io.File(((pathPrefix + java.lang.Integer.toString(counter)) + .png)): null

2018-12-14 00:29:46 - [TEST_STEP][PASSED] - Statement - counter = counter + 1: null

2018-12-14 00:29:46 - [TEST_STEP][PASSED] - Statement - PreSaveFile = new java.io.File(((pathPrefix + java.lang.Integer.toString(counter)) + .png)): null

2018-12-14 00:29:46 - [TEST_STEP][PASSED] - Statement - counter = counter + 1: null

2018-12-14 00:29:46 - [TEST_STEP][PASSED] - Statement - PreSaveFile = new java.io.File(((pathPrefix + java.lang.Integer.toString(counter)) + .png)): null

2018-12-14 00:29:46 - [TEST_STEP][PASSED] - Statement - counter = counter + 1: null

2018-12-14 00:29:46 - [TEST_STEP][PASSED] - Statement - PreSaveFile = new java.io.File(((pathPrefix + java.lang.Integer.toString(counter)) + .png)): null

2018-12-14 00:29:46 - [TEST_STEP][PASSED] - Statement - counter = counter + 1: null

2018-12-14 00:29:46 - [TEST_STEP][PASSED] - Statement - PreSaveFile = new java.io.File(((pathPrefix + java.lang.Integer.toString(counter)) + .png)): null

2018-12-14 00:29:46 - [TEST_STEP][PASSED] - Statement - counter = counter + 1: null

2018-12-14 00:29:46 - [TEST_STEP][PASSED] - Statement - PreSaveFile = new java.io.File(((pathPrefix + java.lang.Integer.toString(counter)) + .png)): null

2018-12-14 00:29:46 - [TEST_STEP][PASSED] - Statement - counter = counter + 1: null

2018-12-14 00:29:46 - [TEST_STEP][PASSED] - Statement - PreSaveFile = new java.io.File(((pathPrefix + java.lang.Integer.toString(counter)) + .png)): null

2018-12-14 00:29:46 - [TEST_STEP][PASSED] - Statement - counter = counter + 1: null

2018-12-14 00:29:46 - [TEST_STEP][PASSED] - Statement - PreSaveFile = new java.io.File(((pathPrefix + java.lang.Integer.toString(counter)) + .png)): null

2018-12-14 00:29:46 - [TEST_STEP][PASSED] - Statement - counter = counter + 1: null

2018-12-14 00:29:46 - [TEST_STEP][PASSED] - Statement - PreSaveFile = new java.io.File(((pathPrefix + java.lang.Integer.toString(counter)) + .png)): null

2018-12-14 00:29:46 - [TEST_STEP][PASSED] - Statement - counter = counter + 1: null

2018-12-14 00:29:46 - [TEST_STEP][PASSED] - Statement - PreSaveFile = new java.io.File(((pathPrefix + java.lang.Integer.toString(counter)) + .png)): null

2018-12-14 00:29:46 - [TEST_STEP][PASSED] - Statement - counter = counter + 1: null

2018-12-14 00:29:46 - [TEST_STEP][PASSED] - Statement - PreSaveFile = new java.io.File(((pathPrefix + java.lang.Integer.toString(counter)) + .png)): null

2018-12-14 00:29:46 - [TEST_STEP][PASSED] - Statement - counter = counter + 1: null

2018-12-14 00:29:46 - [TEST_STEP][PASSED] - Statement - PreSaveFile = new java.io.File(((pathPrefix + java.lang.Integer.toString(counter)) + .png)): null

2018-12-14 00:29:46 - [TEST_STEP][PASSED] - Statement - counter = counter + 1: null

2018-12-14 00:29:46 - [TEST_STEP][PASSED] - Statement - PreSaveFile = new java.io.File(((pathPrefix + java.lang.Integer.toString(counter)) + .png)): null

2018-12-14 00:29:46 - [TEST_STEP][PASSED] - Statement - counter = counter + 1: null

2018-12-14 00:29:46 - [TEST_STEP][PASSED] - Statement - PreSaveFile = new java.io.File(((pathPrefix + java.lang.Integer.toString(counter)) + .png)): null

2018-12-14 00:29:46 - [TEST_STEP][PASSED] - Statement - counter = counter + 1: null

2018-12-14 00:29:46 - [TEST_STEP][PASSED] - Statement - PreSaveFile = new java.io.File(((pathPrefix + java.lang.Integer.toString(counter)) + .png)): null

2018-12-14 00:29:46 - [TEST_STEP][PASSED] - Statement - counter = counter + 1: null

2018-12-14 00:29:46 - [TEST_STEP][PASSED] - Statement - PreSaveFile = new java.io.File(((pathPrefix + java.lang.Integer.toString(counter)) + .png)): null

2018-12-14 00:29:46 - [TEST_STEP][PASSED] - Statement - counter = counter + 1: null

2018-12-14 00:29:46 - [TEST_STEP][PASSED] - Statement - PreSaveFile = new java.io.File(((pathPrefix + java.lang.Integer.toString(counter)) + .png)): null

2018-12-14 00:29:46 - [TEST_STEP][PASSED] - Statement - counter = counter + 1: null

2018-12-14 00:29:46 - [TEST_STEP][PASSED] - Statement - PreSaveFile = new java.io.File(((pathPrefix + java.lang.Integer.toString(counter)) + .png)): null

2018-12-14 00:29:46 - [TEST_STEP][PASSED] - Statement - counter = counter + 1: null

2018-12-14 00:29:46 - [TEST_STEP][PASSED] - Statement - PreSaveFile = new java.io.File(((pathPrefix + java.lang.Integer.toString(counter)) + .png)): null

2018-12-14 00:29:46 - [TEST_STEP][PASSED] - Statement - counter = counter + 1: null

2018-12-14 00:29:46 - [TEST_STEP][PASSED] - Statement - PreSaveFile = new java.io.File(((pathPrefix + java.lang.Integer.toString(counter)) + .png)): null

2018-12-14 00:29:46 - [TEST_STEP][PASSED] - Statement - counter = counter + 1: null

2018-12-14 00:29:46 - [TEST_STEP][PASSED] - Statement - PreSaveFile = new java.io.File(((pathPrefix + java.lang.Integer.toString(counter)) + .png)): null

2018-12-14 00:29:46 - [TEST_STEP][PASSED] - Statement - counter = counter + 1: null

2018-12-14 00:29:46 - [TEST_STEP][PASSED] - Statement - PreSaveFile = new java.io.File(((pathPrefix + java.lang.Integer.toString(counter)) + .png)): null

2018-12-14 00:29:46 - [TEST_STEP][PASSED] - Statement - counter = counter + 1: null

2018-12-14 00:29:46 - [TEST_STEP][PASSED] - Statement - PreSaveFile = new java.io.File(((pathPrefix + java.lang.Integer.toString(counter)) + .png)): null

2018-12-14 00:29:46 - [TEST_STEP][PASSED] - Statement - counter = counter + 1: null

2018-12-14 00:29:46 - [TEST_STEP][PASSED] - Statement - PreSaveFile = new java.io.File(((pathPrefix + java.lang.Integer.toString(counter)) + .png)): null

2018-12-14 00:29:46 - [TEST_STEP][PASSED] - Statement - counter = counter + 1: null

2018-12-14 00:29:46 - [TEST_STEP][PASSED] - Statement - PreSaveFile = new java.io.File(((pathPrefix + java.lang.Integer.toString(counter)) + .png)): null

2018-12-14 00:29:46 - [TEST_STEP][PASSED] - Statement - counter = counter + 1: null

2018-12-14 00:29:46 - [TEST_STEP][PASSED] - Statement - PreSaveFile = new java.io.File(((pathPrefix + java.lang.Integer.toString(counter)) + .png)): null

2018-12-14 00:29:46 - [TEST_STEP][PASSED] - Statement - counter = counter + 1: null

2018-12-14 00:29:46 - [TEST_STEP][PASSED] - Statement - PreSaveFile = new java.io.File(((pathPrefix + java.lang.Integer.toString(counter)) + .png)): null

2018-12-14 00:29:46 - [TEST_STEP][PASSED] - Statement - counter = counter + 1: null

2018-12-14 00:29:46 - [TEST_STEP][PASSED] - Statement - PreSaveFile = new java.io.File(((pathPrefix + java.lang.Integer.toString(counter)) + .png)): null

2018-12-14 00:29:46 - [TEST_STEP][PASSED] - Statement - counter = counter + 1: null

2018-12-14 00:29:46 - [TEST_STEP][PASSED] - Statement - PreSaveFile = new java.io.File(((pathPrefix + java.lang.Integer.toString(counter)) + .png)): null

2018-12-14 00:29:46 - [TEST_STEP][PASSED] - Statement - counter = counter + 1: null

2018-12-14 00:29:46 - [TEST_STEP][PASSED] - Statement - PreSaveFile = new java.io.File(((pathPrefix + java.lang.Integer.toString(counter)) + .png)): null

2018-12-14 00:29:46 - [TEST_STEP][PASSED] - Statement - counter = counter + 1: null

2018-12-14 00:29:46 - [TEST_STEP][PASSED] - Statement - PreSaveFile = new java.io.File(((pathPrefix + java.lang.Integer.toString(counter)) + .png)): null

2018-12-14 00:29:46 - [TEST_STEP][PASSED] - Statement - counter = counter + 1: null

2018-12-14 00:29:46 - [TEST_STEP][PASSED] - Statement - PreSaveFile = new java.io.File(((pathPrefix + java.lang.Integer.toString(counter)) + .png)): null

2018-12-14 00:29:46 - [TEST_STEP][PASSED] - Statement - counter = counter + 1: null

2018-12-14 00:29:46 - [TEST_STEP][PASSED] - Statement - PreSaveFile = new java.io.File(((pathPrefix + java.lang.Integer.toString(counter)) + .png)): null

2018-12-14 00:29:46 - [TEST_STEP][PASSED] - Statement - counter = counter + 1: null

2018-12-14 00:29:46 - [TEST_STEP][PASSED] - Statement - PreSaveFile = new java.io.File(((pathPrefix + java.lang.Integer.toString(counter)) + .png)): null

2018-12-14 00:29:46 - [TEST_STEP][PASSED] - Statement - counter = counter + 1: null

2018-12-14 00:29:46 - [TEST_STEP][PASSED] - Statement - PreSaveFile = new java.io.File(((pathPrefix + java.lang.Integer.toString(counter)) + .png)): null

2018-12-14 00:29:46 - [TEST_STEP][PASSED] - Statement - counter = counter + 1: null

2018-12-14 00:29:46 - [TEST_STEP][PASSED] - Statement - PreSaveFile = new java.io.File(((pathPrefix + java.lang.Integer.toString(counter)) + .png)): null

2018-12-14 00:29:46 - [TEST_STEP][PASSED] - Statement - counter = counter + 1: null

2018-12-14 00:29:46 - [TEST_STEP][PASSED] - Statement - PreSaveFile = new java.io.File(((pathPrefix + java.lang.Integer.toString(counter)) + .png)): null

2018-12-14 00:29:46 - [TEST_STEP][PASSED] - Statement - counter = counter + 1: null

2018-12-14 00:29:46 - [TEST_STEP][PASSED] - Statement - PreSaveFile = new java.io.File(((pathPrefix + java.lang.Integer.toString(counter)) + .png)): null

2018-12-14 00:29:46 - [TEST_STEP][PASSED] - Statement - counter = counter + 1: null

2018-12-14 00:29:46 - [TEST_STEP][PASSED] - Statement - PreSaveFile = new java.io.File(((pathPrefix + java.lang.Integer.toString(counter)) + .png)): null

2018-12-14 00:29:46 - [TEST_STEP][PASSED] - Statement - counter = counter + 1: null

2018-12-14 00:29:46 - [TEST_STEP][PASSED] - Statement - PreSaveFile = new java.io.File(((pathPrefix + java.lang.Integer.toString(counter)) + .png)): null

2018-12-14 00:29:46 - [TEST_STEP][PASSED] - Statement - counter = counter + 1: null

2018-12-14 00:29:46 - [TEST_STEP][PASSED] - Statement - PreSaveFile = new java.io.File(((pathPrefix + java.lang.Integer.toString(counter)) + .png)): null

2018-12-14 00:29:46 - [TEST_STEP][PASSED] - Statement - counter = counter + 1: null

2018-12-14 00:29:46 - [TEST_STEP][PASSED] - Statement - PreSaveFile = new java.io.File(((pathPrefix + java.lang.Integer.toString(counter)) + .png)): null

2018-12-14 00:29:46 - [TEST_STEP][PASSED] - Statement - counter = counter + 1: null

2018-12-14 00:29:46 - [TEST_STEP][PASSED] - Statement - PreSaveFile = new java.io.File(((pathPrefix + java.lang.Integer.toString(counter)) + .png)): null

2018-12-14 00:29:46 - [TEST_STEP][PASSED] - Statement - counter = counter + 1: null

2018-12-14 00:29:46 - [TEST_STEP][PASSED] - Statement - PreSaveFile = new java.io.File(((pathPrefix + java.lang.Integer.toString(counter)) + .png)): null

2018-12-14 00:29:46 - [TEST_STEP][PASSED] - Statement - counter = counter + 1: null

2018-12-14 00:29:46 - [TEST_STEP][PASSED] - Statement - PreSaveFile = new java.io.File(((pathPrefix + java.lang.Integer.toString(counter)) + .png)): null

2018-12-14 00:29:46 - [TEST_STEP][PASSED] - Statement - counter = counter + 1: null

2018-12-14 00:29:46 - [TEST_STEP][PASSED] - Statement - PreSaveFile = new java.io.File(((pathPrefix + java.lang.Integer.toString(counter)) + .png)): null

2018-12-14 00:29:46 - [TEST_STEP][PASSED] - Statement - counter = counter + 1: null

2018-12-14 00:29:46 - [TEST_STEP][PASSED] - Statement - PreSaveFile = new java.io.File(((pathPrefix + java.lang.Integer.toString(counter)) + .png)): null

2018-12-14 00:29:46 - [TEST_STEP][PASSED] - Statement - counter = counter + 1: null

2018-12-14 00:29:46 - [TEST_STEP][PASSED] - Statement - PreSaveFile = new java.io.File(((pathPrefix + java.lang.Integer.toString(counter)) + .png)): null

2018-12-14 00:29:46 - [TEST_STEP][PASSED] - Statement - counter = counter + 1: null

2018-12-14 00:29:46 - [TEST_STEP][PASSED] - Statement - PreSaveFile = new java.io.File(((pathPrefix + java.lang.Integer.toString(counter)) + .png)): null

2018-12-14 00:29:46 - [TEST_STEP][PASSED] - Statement - counter = counter + 1: null

2018-12-14 00:29:46 - [TEST_STEP][PASSED] - Statement - PreSaveFile = new java.io.File(((pathPrefix + java.lang.Integer.toString(counter)) + .png)): null

2018-12-14 00:29:46 - [TEST_STEP][PASSED] - Statement - counter = counter + 1: null

2018-12-14 00:29:46 - [TEST_STEP][PASSED] - Statement - PreSaveFile = new java.io.File(((pathPrefix + java.lang.Integer.toString(counter)) + .png)): null

2018-12-14 00:29:46 - [TEST_STEP][PASSED] - Statement - counter = counter + 1: null

2018-12-14 00:29:46 - [TEST_STEP][PASSED] - Statement - PreSaveFile = new java.io.File(((pathPrefix + java.lang.Integer.toString(counter)) + .png)): null

2018-12-14 00:29:46 - [TEST_STEP][PASSED] - Statement - counter = counter + 1: null

2018-12-14 00:29:46 - [TEST_STEP][PASSED] - Statement - PreSaveFile = new java.io.File(((pathPrefix + java.lang.Integer.toString(counter)) + .png)): null

2018-12-14 00:29:46 - [TEST_STEP][PASSED] - Statement - counter = counter + 1: null

2018-12-14 00:29:46 - [TEST_STEP][PASSED] - Statement - PreSaveFile = new java.io.File(((pathPrefix + java.lang.Integer.toString(counter)) + .png)): null

2018-12-14 00:29:46 - [TEST_STEP][PASSED] - Statement - counter = counter + 1: null

2018-12-14 00:29:46 - [TEST_STEP][PASSED] - Statement - PreSaveFile = new java.io.File(((pathPrefix + java.lang.Integer.toString(counter)) + .png)): null

2018-12-14 00:29:46 - [TEST_STEP][PASSED] - Statement - counter = counter + 1: null

2018-12-14 00:29:46 - [TEST_STEP][PASSED] - Statement - PreSaveFile = new java.io.File(((pathPrefix + java.lang.Integer.toString(counter)) + .png)): null

2018-12-14 00:29:46 - [TEST_STEP][PASSED] - Statement - counter = counter + 1: null

2018-12-14 00:29:46 - [TEST_STEP][PASSED] - Statement - PreSaveFile = new java.io.File(((pathPrefix + java.lang.Integer.toString(counter)) + .png)): null

2018-12-14 00:29:46 - [TEST_STEP][PASSED] - Statement - counter = counter + 1: null

2018-12-14 00:29:46 - [TEST_STEP][PASSED] - Statement - PreSaveFile = new java.io.File(((pathPrefix + java.lang.Integer.toString(counter)) + .png)): null

2018-12-14 00:29:46 - [TEST_STEP][PASSED] - Statement - counter = counter + 1: null

2018-12-14 00:29:46 - [TEST_STEP][PASSED] - Statement - PreSaveFile = new java.io.File(((pathPrefix + java.lang.Integer.toString(counter)) + .png)): null

2018-12-14 00:29:46 - [TEST_STEP][PASSED] - Statement - counter = counter + 1: null

2018-12-14 00:29:46 - [TEST_STEP][PASSED] - Statement - PreSaveFile = new java.io.File(((pathPrefix + java.lang.Integer.toString(counter)) + .png)): null

2018-12-14 00:29:46 - [TEST_STEP][PASSED] - Statement - counter = counter + 1: null

2018-12-14 00:29:46 - [TEST_STEP][PASSED] - Statement - PreSaveFile = new java.io.File(((pathPrefix + java.lang.Integer.toString(counter)) + .png)): null

2018-12-14 00:29:46 - [TEST_STEP][PASSED] - Statement - counter = counter + 1: null

2018-12-14 00:29:46 - [TEST_STEP][PASSED] - Statement - PreSaveFile = new java.io.File(((pathPrefix + java.lang.Integer.toString(counter)) + .png)): null

2018-12-14 00:29:46 - [TEST_STEP][PASSED] - Statement - counter = counter + 1: null

2018-12-14 00:29:47 - [TEST_STEP][PASSED] - Statement - PreSaveFile = new java.io.File(((pathPrefix + java.lang.Integer.toString(counter)) + .png)): null

2018-12-14 00:29:47 - [TEST_STEP][PASSED] - Statement - counter = counter + 1: null

2018-12-14 00:29:47 - [TEST_STEP][PASSED] - Statement - PreSaveFile = new java.io.File(((pathPrefix + java.lang.Integer.toString(counter)) + .png)): null

2018-12-14 00:29:47 - [TEST_STEP][PASSED] - Statement - counter = counter + 1: null

2018-12-14 00:29:47 - [TEST_STEP][PASSED] - Statement - PreSaveFile = new java.io.File(((pathPrefix + java.lang.Integer.toString(counter)) + .png)): null

2018-12-14 00:29:47 - [TEST_STEP][PASSED] - Statement - counter = counter + 1: null

2018-12-14 00:29:47 - [TEST_STEP][PASSED] - Statement - PreSaveFile = new java.io.File(((pathPrefix + java.lang.Integer.toString(counter)) + .png)): null

2018-12-14 00:29:47 - [TEST_STEP][PASSED] - Statement - counter = counter + 1: null

2018-12-14 00:29:47 - [TEST_STEP][PASSED] - Statement - PreSaveFile = new java.io.File(((pathPrefix + java.lang.Integer.toString(counter)) + .png)): null

2018-12-14 00:29:47 - [TEST_STEP][PASSED] - Statement - counter = counter + 1: null

2018-12-14 00:29:47 - [TEST_STEP][PASSED] - Statement - PreSaveFile = new java.io.File(((pathPrefix + java.lang.Integer.toString(counter)) + .png)): null

2018-12-14 00:29:47 - [TEST_STEP][PASSED] - Statement - counter = counter + 1: null

2018-12-14 00:29:47 - [TEST_STEP][PASSED] - Statement - PreSaveFile = new java.io.File(((pathPrefix + java.lang.Integer.toString(counter)) + .png)): null

2018-12-14 00:29:47 - [TEST_STEP][PASSED] - Statement - counter = counter + 1: null

2018-12-14 00:29:47 - [TEST_STEP][PASSED] - Statement - PreSaveFile = new java.io.File(((pathPrefix + java.lang.Integer.toString(counter)) + .png)): null

2018-12-14 00:29:47 - [TEST_STEP][PASSED] - Statement - counter = counter + 1: null

2018-12-14 00:29:47 - [TEST_STEP][PASSED] - Statement - PreSaveFile = new java.io.File(((pathPrefix + java.lang.Integer.toString(counter)) + .png)): null

2018-12-14 00:29:47 - [TEST_STEP][PASSED] - Statement - counter = counter + 1: null

2018-12-14 00:29:47 - [TEST_STEP][PASSED] - Statement - PreSaveFile = new java.io.File(((pathPrefix + java.lang.Integer.toString(counter)) + .png)): null

2018-12-14 00:29:47 - [TEST_STEP][PASSED] - Statement - counter = counter + 1: null

2018-12-14 00:29:47 - [TEST_STEP][PASSED] - Statement - PreSaveFile = new java.io.File(((pathPrefix + java.lang.Integer.toString(counter)) + .png)): null

2018-12-14 00:29:47 - [TEST_STEP][PASSED] - Statement - counter = counter + 1: null

2018-12-14 00:29:47 - [TEST_STEP][PASSED] - Statement - PreSaveFile = new java.io.File(((pathPrefix + java.lang.Integer.toString(counter)) + .png)): null

2018-12-14 00:29:47 - [TEST_STEP][PASSED] - Statement - counter = counter + 1: null

2018-12-14 00:29:47 - [TEST_STEP][PASSED] - Statement - PreSaveFile = new java.io.File(((pathPrefix + java.lang.Integer.toString(counter)) + .png)): null

2018-12-14 00:29:47 - [TEST_STEP][PASSED] - Statement - counter = counter + 1: null

2018-12-14 00:29:47 - [TEST_STEP][PASSED] - Statement - PreSaveFile = new java.io.File(((pathPrefix + java.lang.Integer.toString(counter)) + .png)): null

2018-12-14 00:29:47 - [TEST_STEP][PASSED] - Statement - counter = counter + 1: null

2018-12-14 00:29:47 - [TEST_STEP][PASSED] - Statement - PreSaveFile = new java.io.File(((pathPrefix + java.lang.Integer.toString(counter)) + .png)): null

2018-12-14 00:29:47 - [TEST_STEP][PASSED] - Statement - counter = counter + 1: null

2018-12-14 00:29:47 - [TEST_STEP][PASSED] - Statement - PreSaveFile = new java.io.File(((pathPrefix + java.lang.Integer.toString(counter)) + .png)): null

2018-12-14 00:29:47 - [TEST_STEP][PASSED] - Statement - counter = counter + 1: null

2018-12-14 00:29:47 - [TEST_STEP][PASSED] - Statement - PreSaveFile = new java.io.File(((pathPrefix + java.lang.Integer.toString(counter)) + .png)): null

2018-12-14 00:29:47 - [TEST_STEP][PASSED] - Statement - counter = counter + 1: null

2018-12-14 00:29:47 - [TEST_STEP][PASSED] - Statement - PreSaveFile = new java.io.File(((pathPrefix + java.lang.Integer.toString(counter)) + .png)): null

2018-12-14 00:29:47 - [TEST_STEP][PASSED] - Statement - counter = counter + 1: null

2018-12-14 00:29:47 - [TEST_STEP][PASSED] - Statement - PreSaveFile = new java.io.File(((pathPrefix + java.lang.Integer.toString(counter)) + .png)): null

2018-12-14 00:29:47 - [TEST_STEP][PASSED] - Statement - counter = counter + 1: null

2018-12-14 00:29:47 - [TEST_STEP][PASSED] - Statement - PreSaveFile = new java.io.File(((pathPrefix + java.lang.Integer.toString(counter)) + .png)): null

2018-12-14 00:29:47 - [TEST_STEP][PASSED] - Statement - counter = counter + 1: null

2018-12-14 00:29:47 - [TEST_STEP][PASSED] - Statement - PreSaveFile = new java.io.File(((pathPrefix + java.lang.Integer.toString(counter)) + .png)): null

2018-12-14 00:29:47 - [TEST_STEP][PASSED] - Statement - counter = counter + 1: null

2018-12-14 00:29:47 - [TEST_STEP][PASSED] - Statement - PreSaveFile = new java.io.File(((pathPrefix + java.lang.Integer.toString(counter)) + .png)): null

2018-12-14 00:29:47 - [TEST_STEP][PASSED] - Statement - counter = counter + 1: null

2018-12-14 00:29:47 - [TEST_STEP][PASSED] - Statement - PreSaveFile = new java.io.File(((pathPrefix + java.lang.Integer.toString(counter)) + .png)): null

2018-12-14 00:29:47 - [TEST_STEP][PASSED] - Statement - counter = counter + 1: null

2018-12-14 00:29:47 - [TEST_STEP][PASSED] - Statement - PreSaveFile = new java.io.File(((pathPrefix + java.lang.Integer.toString(counter)) + .png)): null

2018-12-14 00:29:47 - [TEST_STEP][PASSED] - Statement - counter = counter + 1: null

2018-12-14 00:29:47 - [TEST_STEP][PASSED] - Statement - PreSaveFile = new java.io.File(((pathPrefix + java.lang.Integer.toString(counter)) + .png)): null

2018-12-14 00:29:47 - [TEST_STEP][PASSED] - Statement - counter = counter + 1: null

2018-12-14 00:29:47 - [TEST_STEP][PASSED] - Statement - PreSaveFile = new java.io.File(((pathPrefix + java.lang.Integer.toString(counter)) + .png)): null

2018-12-14 00:29:47 - [TEST_STEP][PASSED] - Statement - counter = counter + 1: null

2018-12-14 00:29:47 - [TEST_STEP][PASSED] - Statement - PreSaveFile = new java.io.File(((pathPrefix + java.lang.Integer.toString(counter)) + .png)): null

2018-12-14 00:29:47 - [TEST_STEP][PASSED] - Statement - counter = counter + 1: null

2018-12-14 00:29:47 - [TEST_STEP][PASSED] - Statement - PreSaveFile = new java.io.File(((pathPrefix + java.lang.Integer.toString(counter)) + .png)): null

2018-12-14 00:29:47 - [TEST_STEP][PASSED] - Statement - counter = counter + 1: null

2018-12-14 00:29:47 - [TEST_STEP][PASSED] - Statement - PreSaveFile = new java.io.File(((pathPrefix + java.lang.Integer.toString(counter)) + .png)): null

2018-12-14 00:29:47 - [TEST_STEP][PASSED] - Statement - counter = counter + 1: null

2018-12-14 00:29:47 - [TEST_STEP][PASSED] - Statement - PreSaveFile = new java.io.File(((pathPrefix + java.lang.Integer.toString(counter)) + .png)): null

2018-12-14 00:29:47 - [TEST_STEP][PASSED] - Statement - counter = counter + 1: null

2018-12-14 00:29:47 - [TEST_STEP][PASSED] - Statement - PreSaveFile = new java.io.File(((pathPrefix + java.lang.Integer.toString(counter)) + .png)): null

2018-12-14 00:29:47 - [TEST_STEP][PASSED] - Statement - counter = counter + 1: null

2018-12-14 00:29:47 - [TEST_STEP][PASSED] - Statement - PreSaveFile = new java.io.File(((pathPrefix + java.lang.Integer.toString(counter)) + .png)): null

2018-12-14 00:29:47 - [TEST_STEP][PASSED] - Statement - counter = counter + 1: null

2018-12-14 00:29:47 - [TEST_STEP][PASSED] - Statement - PreSaveFile = new java.io.File(((pathPrefix + java.lang.Integer.toString(counter)) + .png)): null

2018-12-14 00:29:47 - [TEST_STEP][PASSED] - Statement - counter = counter + 1: null

2018-12-14 00:29:47 - [TEST_STEP][PASSED] - Statement - PreSaveFile = new java.io.File(((pathPrefix + java.lang.Integer.toString(counter)) + .png)): null

2018-12-14 00:29:47 - [TEST_STEP][PASSED] - Statement - counter = counter + 1: null

2018-12-14 00:29:47 - [TEST_STEP][PASSED] - Statement - PreSaveFile = new java.io.File(((pathPrefix + java.lang.Integer.toString(counter)) + .png)): null

2018-12-14 00:29:47 - [TEST_STEP][PASSED] - Statement - counter = counter + 1: null

2018-12-14 00:29:47 - [TEST_STEP][PASSED] - Statement - PreSaveFile = new java.io.File(((pathPrefix + java.lang.Integer.toString(counter)) + .png)): null

2018-12-14 00:29:47 - [TEST_STEP][PASSED] - Statement - counter = counter + 1: null

2018-12-14 00:29:47 - [TEST_STEP][PASSED] - Statement - PreSaveFile = new java.io.File(((pathPrefix + java.lang.Integer.toString(counter)) + .png)): null

2018-12-14 00:29:47 - [TEST_STEP][PASSED] - Statement - counter = counter + 1: null

2018-12-14 00:29:47 - [TEST_STEP][PASSED] - Statement - PreSaveFile = new java.io.File(((pathPrefix + java.lang.Integer.toString(counter)) + .png)): null

2018-12-14 00:29:47 - [TEST_STEP][PASSED] - Statement - counter = counter + 1: null

2018-12-14 00:29:47 - [TEST_STEP][PASSED] - Statement - PreSaveFile = new java.io.File(((pathPrefix + java.lang.Integer.toString(counter)) + .png)): null

2018-12-14 00:29:47 - [TEST_STEP][PASSED] - Statement - counter = counter + 1: null

2018-12-14 00:29:47 - [TEST_STEP][PASSED] - Statement - PreSaveFile = new java.io.File(((pathPrefix + java.lang.Integer.toString(counter)) + .png)): null

2018-12-14 00:29:47 - [TEST_STEP][PASSED] - Statement - counter = counter + 1: null

2018-12-14 00:29:47 - [TEST_STEP][PASSED] - Statement - PreSaveFile = new java.io.File(((pathPrefix + java.lang.Integer.toString(counter)) + .png)): null

2018-12-14 00:29:47 - [TEST_STEP][PASSED] - Statement - counter = counter + 1: null

2018-12-14 00:29:47 - [TEST_STEP][PASSED] - Statement - PreSaveFile = new java.io.File(((pathPrefix + java.lang.Integer.toString(counter)) + .png)): null

2018-12-14 00:29:47 - [TEST_STEP][PASSED] - Statement - counter = counter + 1: null

2018-12-14 00:29:47 - [TEST_STEP][PASSED] - Statement - PreSaveFile = new java.io.File(((pathPrefix + java.lang.Integer.toString(counter)) + .png)): null

2018-12-14 00:29:47 - [TEST_STEP][PASSED] - Statement - counter = counter + 1: null

2018-12-14 00:29:47 - [TEST_STEP][PASSED] - Statement - PreSaveFile = new java.io.File(((pathPrefix + java.lang.Integer.toString(counter)) + .png)): null

2018-12-14 00:29:47 - [TEST_STEP][PASSED] - Statement - counter = counter + 1: null

2018-12-14 00:29:47 - [TEST_STEP][PASSED] - Statement - PreSaveFile = new java.io.File(((pathPrefix + java.lang.Integer.toString(counter)) + .png)): null

2018-12-14 00:29:47 - [TEST_STEP][PASSED] - Statement - counter = counter + 1: null

2018-12-14 00:29:47 - [TEST_STEP][PASSED] - Statement - PreSaveFile = new java.io.File(((pathPrefix + java.lang.Integer.toString(counter)) + .png)): null

2018-12-14 00:29:47 - [TEST_STEP][PASSED] - Statement - counter = counter + 1: null

2018-12-14 00:29:47 - [TEST_STEP][PASSED] - Statement - PreSaveFile = new java.io.File(((pathPrefix + java.lang.Integer.toString(counter)) + .png)): null

2018-12-14 00:29:47 - [TEST_STEP][PASSED] - Statement - counter = counter + 1: null

2018-12-14 00:29:47 - [TEST_STEP][PASSED] - Statement - PreSaveFile = new java.io.File(((pathPrefix + java.lang.Integer.toString(counter)) + .png)): null

2018-12-14 00:29:47 - [TEST_STEP][PASSED] - Statement - counter = counter + 1: null

2018-12-14 00:29:47 - [TEST_STEP][PASSED] - Statement - PreSaveFile = new java.io.File(((pathPrefix + java.lang.Integer.toString(counter)) + .png)): null

2018-12-14 00:29:47 - [TEST_STEP][PASSED] - Statement - counter = counter + 1: null

2018-12-14 00:29:47 - [TEST_STEP][PASSED] - Statement - PreSaveFile = new java.io.File(((pathPrefix + java.lang.Integer.toString(counter)) + .png)): null

2018-12-14 00:29:47 - [TEST_STEP][PASSED] - Statement - counter = counter + 1: null

2018-12-14 00:29:47 - [TEST_STEP][PASSED] - Statement - PreSaveFile = new java.io.File(((pathPrefix + java.lang.Integer.toString(counter)) + .png)): null

2018-12-14 00:29:47 - [TEST_STEP][PASSED] - Statement - counter = counter + 1: null

2018-12-14 00:29:47 - [TEST_STEP][PASSED] - Statement - PreSaveFile = new java.io.File(((pathPrefix + java.lang.Integer.toString(counter)) + .png)): null

2018-12-14 00:29:47 - [TEST_STEP][PASSED] - Statement - counter = counter + 1: null

2018-12-14 00:29:47 - [TEST_STEP][PASSED] - Statement - PreSaveFile = new java.io.File(((pathPrefix + java.lang.Integer.toString(counter)) + .png)): null

2018-12-14 00:29:47 - [TEST_STEP][PASSED] - Statement - counter = counter + 1: null

2018-12-14 00:29:47 - [TEST_STEP][PASSED] - Statement - PreSaveFile = new java.io.File(((pathPrefix + java.lang.Integer.toString(counter)) + .png)): null

2018-12-14 00:29:47 - [TEST_STEP][PASSED] - Statement - counter = counter + 1: null

2018-12-14 00:29:47 - [TEST_STEP][PASSED] - Statement - PreSaveFile = new java.io.File(((pathPrefix + java.lang.Integer.toString(counter)) + .png)): null

2018-12-14 00:29:47 - [TEST_STEP][PASSED] - Statement - counter = counter + 1: null

2018-12-14 00:29:47 - [TEST_STEP][PASSED] - Statement - PreSaveFile = new java.io.File(((pathPrefix + java.lang.Integer.toString(counter)) + .png)): null

2018-12-14 00:29:47 - [TEST_STEP][PASSED] - Statement - counter = counter + 1: null

2018-12-14 00:29:47 - [TEST_STEP][PASSED] - Statement - PreSaveFile = new java.io.File(((pathPrefix + java.lang.Integer.toString(counter)) + .png)): null

2018-12-14 00:29:47 - [TEST_STEP][PASSED] - Statement - counter = counter + 1: null

2018-12-14 00:29:47 - [TEST_STEP][PASSED] - Statement - PreSaveFile = new java.io.File(((pathPrefix + java.lang.Integer.toString(counter)) + .png)): null

2018-12-14 00:29:47 - [TEST_STEP][PASSED] - Statement - counter = counter + 1: null

2018-12-14 00:29:47 - [TEST_STEP][PASSED] - Statement - PreSaveFile = new java.io.File(((pathPrefix + java.lang.Integer.toString(counter)) + .png)): null

2018-12-14 00:29:47 - [TEST_STEP][PASSED] - Statement - counter = counter + 1: null

2018-12-14 00:29:47 - [TEST_STEP][PASSED] - Statement - PreSaveFile = new java.io.File(((pathPrefix + java.lang.Integer.toString(counter)) + .png)): null

2018-12-14 00:29:47 - [TEST_STEP][PASSED] - Statement - counter = counter + 1: null

2018-12-14 00:29:47 - [TEST_STEP][PASSED] - Statement - PreSaveFile = new java.io.File(((pathPrefix + java.lang.Integer.toString(counter)) + .png)): null

2018-12-14 00:29:47 - [TEST_STEP][PASSED] - Statement - counter = counter + 1: null

2018-12-14 00:29:47 - [TEST_STEP][PASSED] - Statement - PreSaveFile = new java.io.File(((pathPrefix + java.lang.Integer.toString(counter)) + .png)): null

2018-12-14 00:29:47 - [TEST_STEP][PASSED] - Statement - counter = counter + 1: null

2018-12-14 00:29:47 - [TEST_STEP][PASSED] - Statement - PreSaveFile = new java.io.File(((pathPrefix + java.lang.Integer.toString(counter)) + .png)): null

2018-12-14 00:29:47 - [TEST_STEP][PASSED] - Statement - counter = counter + 1: null

2018-12-14 00:29:47 - [TEST_STEP][PASSED] - Statement - PreSaveFile = new java.io.File(((pathPrefix + java.lang.Integer.toString(counter)) + .png)): null

2018-12-14 00:29:47 - [TEST_STEP][PASSED] - Statement - counter = counter + 1: null

2018-12-14 00:29:47 - [TEST_STEP][PASSED] - Statement - PreSaveFile = new java.io.File(((pathPrefix + java.lang.Integer.toString(counter)) + .png)): null

2018-12-14 00:29:47 - [TEST_STEP][PASSED] - Statement - counter = counter + 1: null

2018-12-14 00:29:47 - [TEST_STEP][PASSED] - Statement - PreSaveFile = new java.io.File(((pathPrefix + java.lang.Integer.toString(counter)) + .png)): null

2018-12-14 00:29:47 - [TEST_STEP][PASSED] - Statement - counter = counter + 1: null

2018-12-14 00:29:47 - [TEST_STEP][PASSED] - Statement - PreSaveFile = new java.io.File(((pathPrefix + java.lang.Integer.toString(counter)) + .png)): null

2018-12-14 00:29:47 - [TEST_STEP][PASSED] - Statement - counter = counter + 1: null

2018-12-14 00:29:47 - [TEST_STEP][PASSED] - Statement - PreSaveFile = new java.io.File(((pathPrefix + java.lang.Integer.toString(counter)) + .png)): null

2018-12-14 00:29:47 - [TEST_STEP][PASSED] - Statement - counter = counter + 1: null

2018-12-14 00:29:47 - [TEST_STEP][PASSED] - Statement - PreSaveFile = new java.io.File(((pathPrefix + java.lang.Integer.toString(counter)) + .png)): null

2018-12-14 00:29:47 - [TEST_STEP][PASSED] - Statement - counter = counter + 1: null

2018-12-14 00:29:47 - [TEST_STEP][PASSED] - Statement - PreSaveFile = new java.io.File(((pathPrefix + java.lang.Integer.toString(counter)) + .png)): null

2018-12-14 00:29:47 - [TEST_STEP][PASSED] - Statement - counter = counter + 1: null

2018-12-14 00:29:47 - [TEST_STEP][PASSED] - Statement - PreSaveFile = new java.io.File(((pathPrefix + java.lang.Integer.toString(counter)) + .png)): null

2018-12-14 00:29:47 - [TEST_STEP][PASSED] - Statement - counter = counter + 1: null

2018-12-14 00:29:47 - [TEST_STEP][PASSED] - Statement - PreSaveFile = new java.io.File(((pathPrefix + java.lang.Integer.toString(counter)) + .png)): null

2018-12-14 00:29:47 - [TEST_STEP][PASSED] - Statement - counter = counter + 1: null

2018-12-14 00:29:47 - [TEST_STEP][PASSED] - Statement - PreSaveFile = new java.io.File(((pathPrefix + java.lang.Integer.toString(counter)) + .png)): null

2018-12-14 00:29:47 - [TEST_STEP][PASSED] - Statement - counter = counter + 1: null

2018-12-14 00:29:47 - [TEST_STEP][PASSED] - Statement - PreSaveFile = new java.io.File(((pathPrefix + java.lang.Integer.toString(counter)) + .png)): null

2018-12-14 00:29:47 - [TEST_STEP][PASSED] - Statement - counter = counter + 1: null

2018-12-14 00:29:47 - [TEST_STEP][PASSED] - Statement - PreSaveFile = new java.io.File(((pathPrefix + java.lang.Integer.toString(counter)) + .png)): null

2018-12-14 00:29:47 - [TEST_STEP][PASSED] - Statement - counter = counter + 1: null

2018-12-14 00:29:47 - [TEST_STEP][PASSED] - Statement - PreSaveFile = new java.io.File(((pathPrefix + java.lang.Integer.toString(counter)) + .png)): null

2018-12-14 00:29:47 - [TEST_STEP][PASSED] - Statement - counter = counter + 1: null

2018-12-14 00:29:47 - [TEST_STEP][PASSED] - Statement - PreSaveFile = new java.io.File(((pathPrefix + java.lang.Integer.toString(counter)) + .png)): null

2018-12-14 00:29:47 - [TEST_STEP][PASSED] - Statement - counter = counter + 1: null

2018-12-14 00:29:47 - [TEST_STEP][PASSED] - Statement - PreSaveFile = new java.io.File(((pathPrefix + java.lang.Integer.toString(counter)) + .png)): null

2018-12-14 00:29:47 - [TEST_STEP][PASSED] - Statement - counter = counter + 1: null

2018-12-14 00:29:47 - [TEST_STEP][PASSED] - Statement - PreSaveFile = new java.io.File(((pathPrefix + java.lang.Integer.toString(counter)) + .png)): null

2018-12-14 00:29:47 - [TEST_STEP][PASSED] - Statement - counter = counter + 1: null

2018-12-14 00:29:47 - [TEST_STEP][PASSED] - Statement - PreSaveFile = new java.io.File(((pathPrefix + java.lang.Integer.toString(counter)) + .png)): null

2018-12-14 00:29:47 - [TEST_STEP][PASSED] - Statement - counter = counter + 1: null

2018-12-14 00:29:47 - [TEST_STEP][PASSED] - Statement - PreSaveFile = new java.io.File(((pathPrefix + java.lang.Integer.toString(counter)) + .png)): null

2018-12-14 00:29:47 - [TEST_STEP][PASSED] - Statement - counter = counter + 1: null

2018-12-14 00:29:47 - [TEST_STEP][PASSED] - Statement - PreSaveFile = new java.io.File(((pathPrefix + java.lang.Integer.toString(counter)) + .png)): null

2018-12-14 00:29:47 - [TEST_STEP][PASSED] - Statement - counter = counter + 1: null

2018-12-14 00:29:47 - [TEST_STEP][PASSED] - Statement - PreSaveFile = new java.io.File(((pathPrefix + java.lang.Integer.toString(counter)) + .png)): null

2018-12-14 00:29:47 - [TEST_STEP][PASSED] - Statement - counter = counter + 1: null

2018-12-14 00:29:47 - [TEST_STEP][PASSED] - Statement - PreSaveFile = new java.io.File(((pathPrefix + java.lang.Integer.toString(counter)) + .png)): null

2018-12-14 00:29:47 - [TEST_STEP][PASSED] - Statement - counter = counter + 1: null

2018-12-14 00:29:47 - [TEST_STEP][PASSED] - Statement - PreSaveFile = new java.io.File(((pathPrefix + java.lang.Integer.toString(counter)) + .png)): null

2018-12-14 00:29:47 - [TEST_STEP][PASSED] - Statement - counter = counter + 1: null

2018-12-14 00:29:47 - [TEST_STEP][PASSED] - Statement - PreSaveFile = new java.io.File(((pathPrefix + java.lang.Integer.toString(counter)) + .png)): null

2018-12-14 00:29:47 - [TEST_STEP][PASSED] - Statement - counter = counter + 1: null

2018-12-14 00:29:47 - [TEST_STEP][PASSED] - Statement - PreSaveFile = new java.io.File(((pathPrefix + java.lang.Integer.toString(counter)) + .png)): null

2018-12-14 00:29:47 - [TEST_STEP][PASSED] - Statement - counter = counter + 1: null

2018-12-14 00:29:47 - [TEST_STEP][PASSED] - Statement - PreSaveFile = new java.io.File(((pathPrefix + java.lang.Integer.toString(counter)) + .png)): null

2018-12-14 00:29:47 - [TEST_STEP][PASSED] - Statement - counter = counter + 1: null

2018-12-14 00:29:47 - [TEST_STEP][PASSED] - Statement - PreSaveFile = new java.io.File(((pathPrefix + java.lang.Integer.toString(counter)) + .png)): null

2018-12-14 00:29:47 - [TEST_STEP][PASSED] - Statement - counter = counter + 1: null

2018-12-14 00:29:47 - [TEST_STEP][PASSED] - Statement - PreSaveFile = new java.io.File(((pathPrefix + java.lang.Integer.toString(counter)) + .png)): null

2018-12-14 00:29:47 - [TEST_STEP][PASSED] - Statement - counter = counter + 1: null

2018-12-14 00:29:47 - [TEST_STEP][PASSED] - Statement - PreSaveFile = new java.io.File(((pathPrefix + java.lang.Integer.toString(counter)) + .png)): null

2018-12-14 00:29:47 - [TEST_STEP][PASSED] - Statement - counter = counter + 1: null

2018-12-14 00:29:47 - [TEST_STEP][PASSED] - Statement - PreSaveFile = new java.io.File(((pathPrefix + java.lang.Integer.toString(counter)) + .png)): null

2018-12-14 00:29:47 - [TEST_STEP][PASSED] - Statement - counter = counter + 1: null

2018-12-14 00:29:47 - [TEST_STEP][PASSED] - Statement - PreSaveFile = new java.io.File(((pathPrefix + java.lang.Integer.toString(counter)) + .png)): null

2018-12-14 00:29:47 - [TEST_STEP][PASSED] - Statement - counter = counter + 1: null

2018-12-14 00:29:47 - [TEST_STEP][PASSED] - Statement - PreSaveFile = new java.io.File(((pathPrefix + java.lang.Integer.toString(counter)) + .png)): null

2018-12-14 00:29:47 - [TEST_STEP][PASSED] - Statement - finalPath = pathPrefix + java.lang.Integer.toString(counter) + ".png": null

2018-12-14 00:29:47 - [TEST_STEP][PASSED] - Statement - SaveFile = new java.io.File(finalPath): null

2018-12-14 00:29:47 - [TEST_STEP][PASSED] - Statement - Try: null

2018-12-14 00:29:47 - [TEST_STEP][PASSED] - Statement - org.apache.commons.io.FileUtils.copyFile(scrFile, SaveFile): null

2018-12-14 00:29:47 - [TEST_STEP][PASSED] - Statement - out.println("file kept"): null

2018-12-14 00:29:47 - [TEST_STEP][PASSED] - delay: Delayed 10 second(s)

2018-12-14 00:29:57 - [MESSAGE][PASSED] - Delayed 10 second(s)

2018-12-14 00:29:57 - [MESSAGE][PASSED] - Call Test Case 'Test Cases/Final Aug 2018 - PKS Automation/Registration Module/New Registration/Submit and Screenshot/Submit Registration and Screenshot' successfully

2018-12-14 00:29:57 - [TEST_STEP][PASSED] - callTestCase: Call Test Case 'Test Cases/Final Aug 2018 - PKS Automation/Registration Module/Log Out/log out avoiding katalon tagging' successfully

2018-12-14 00:29:57 - [TEST_CASE][PASSED] - Test Cases/Final Aug 2018 - PKS Automation/Registration Module/Log Out/log out avoiding katalon tagging: Test Cases/Final Aug 2018 - PKS Automation/Registration Module/Log Out/log out avoiding katalon tagging

2018-12-14 00:29:57 - [TEST_STEP][PASSED] - navigateToUrl: Navigate to 'https://assist2-uat.perkeso.gov.my/c/portal/logout' successfully

2018-12-14 00:29:58 - [MESSAGE][PASSED] - Navigate to 'https://assist2-uat.perkeso.gov.my/c/portal/logout' successfully

2018-12-14 00:29:58 - [MESSAGE][PASSED] - Call Test Case 'Test Cases/Final Aug 2018 - PKS Automation/Registration Module/Log Out/log out avoiding katalon tagging' successfully

2018-12-14 00:29:58 - [TEST_STEP][PASSED] - callTestCase: Call Test Case 'Test Cases/Final Aug 2018 - PKS Automation/Common/Workflow Owner Finder' successfully

2018-12-14 00:29:58 - [TEST_CASE][PASSED] - Test Cases/Final Aug 2018 - PKS Automation/Common/Workflow Owner Finder: Test Cases/Final Aug 2018 - PKS Automation/Common/Workflow Owner Finder

2018-12-14 00:29:58 - [TEST_STEP][PASSED] - openBrowser: Browser is opened with url: ''

2018-12-14 00:29:58 - [MESSAGE][WARNING] - A browser is already opened. Closing browser and opening a new one

2018-12-14 00:30:02 - [MESSAGE][PASSED] - Browser is opened with url: ''

2018-12-14 00:30:02 - [TEST_STEP][PASSED] - navigateToUrl: Navigate to 'https://assist2-uat.perkeso.gov.my/login' successfully

2018-12-14 00:30:03 - [MESSAGE][PASSED] - Navigate to 'https://assist2-uat.perkeso.gov.my/login' successfully

2018-12-14 00:30:03 - [TEST_STEP][PASSED] - delay: Delayed 5 second(s)

2018-12-14 00:30:08 - [MESSAGE][PASSED] - Delayed 5 second(s)

2018-12-14 00:30:08 - [TEST_STEP][PASSED] - setText: Text 'test@liferay.com' is set on object 'Object Repository/Final Object Repo/Login Page/Internal User/Email Address'

2018-12-14 00:30:08 - [MESSAGE][PASSED] - Text 'test@liferay.com' is set on object 'Object Repository/Final Object Repo/Login Page/Internal User/Email Address'

2018-12-14 00:30:08 - [TEST_STEP][PASSED] - click: Object: 'Object Repository/Final Object Repo/Login Page/Internal User/Next Button' is clicked on

2018-12-14 00:30:09 - [MESSAGE][PASSED] - Object: 'Object Repository/Final Object Repo/Login Page/Internal User/Next Button' is clicked on

2018-12-14 00:30:09 - [TEST_STEP][PASSED] - delay: Delayed 2 second(s)

2018-12-14 00:30:11 - [MESSAGE][PASSED] - Delayed 2 second(s)

2018-12-14 00:30:11 - [TEST_STEP][PASSED] - setText: Text 'test' is set on object 'Object Repository/Final Object Repo/Login Page/Internal User/Password'

2018-12-14 00:30:11 - [MESSAGE][PASSED] - Text 'test' is set on object 'Object Repository/Final Object Repo/Login Page/Internal User/Password'

2018-12-14 00:30:11 - [TEST_STEP][PASSED] - delay: Delayed 2 second(s)

2018-12-14 00:30:13 - [MESSAGE][PASSED] - Delayed 2 second(s)

2018-12-14 00:30:13 - [TEST_STEP][PASSED] - click: Object: 'Object Repository/Final Object Repo/Login Page/Internal User/Login Button' is clicked on

2018-12-14 00:30:13 - [MESSAGE][PASSED] - Object: 'Object Repository/Final Object Repo/Login Page/Internal User/Login Button' is clicked on

2018-12-14 00:30:13 - [TEST_STEP][PASSED] - Statement - tester = com.kms.katalon.core.testobject.ObjectRepository.findTestObject(Final Object Repo/Landing Page/Select to English): Finding Test Object with id 'Object Repository/Final Object Repo/Landing Page/Select to English'

2018-12-14 00:30:13 - [TEST_STEP][PASSED] - Statement - Try: Delayed 2 second(s)

2018-12-14 00:30:13 - [TEST_STEP][PASSED] - Statement - Checker = com.kms.katalon.core.webui.keyword.WebUiBuiltInKeywords.verifyElementNotPresent(tester, 3): Web element with id: 'Object Repository/Final Object Repo/Landing Page/Select to English' located by 'By.xpath: //a[@class = 'taglib-language-list-text' and @lang = 'en-US' and (contains(text(), 'EN') or contains(., 'EN'))]' is not present after '3' second(s)

2018-12-14 00:30:15 - [MESSAGE][PASSED] - Web element with id: 'Object Repository/Final Object Repo/Landing Page/Select to English' located by 'By.xpath: //a[@class = 'taglib-language-list-text' and @lang = 'en-US' and (contains(text(), 'EN') or contains(., 'EN'))]' is not present after '3' second(s)

2018-12-14 00:30:15 - [TEST_STEP][PASSED] - Statement - If (Checker == false): null

2018-12-14 00:30:15 - [TEST_STEP][PASSED] - delay: Delayed 2 second(s)

2018-12-14 00:30:17 - [MESSAGE][PASSED] - Delayed 2 second(s)

2018-12-14 00:30:17 - [TEST_STEP][PASSED] - delay: Delayed 5 second(s)

2018-12-14 00:30:22 - [MESSAGE][PASSED] - Delayed 5 second(s)

2018-12-14 00:30:22 - [TEST_STEP][PASSED] - mouseOver: Object: 'Object Repository/Final Object Repo/Landing Page/WorkFlow Menu' is hovered

2018-12-14 00:30:22 - [MESSAGE][PASSED] - Object: 'Object Repository/Final Object Repo/Landing Page/WorkFlow Menu' is hovered

2018-12-14 00:30:22 - [TEST_STEP][PASSED] - delay: Delayed 2 second(s)

2018-12-14 00:30:24 - [MESSAGE][PASSED] - Delayed 2 second(s)

2018-12-14 00:30:24 - [TEST_STEP][PASSED] - click: Object: 'Object Repository/Final Object Repo/Landing Page/Select to Workflow Listing' is clicked on

2018-12-14 00:30:25 - [MESSAGE][PASSED] - Object: 'Object Repository/Final Object Repo/Landing Page/Select to Workflow Listing' is clicked on

2018-12-14 00:30:25 - [TEST_STEP][PASSED] - delay: Delayed 2 second(s)

2018-12-14 00:30:27 - [MESSAGE][PASSED] - Delayed 2 second(s)

2018-12-14 00:30:27 - [TEST_STEP][PASSED] - click: Object: 'Object Repository/Final Object Repo/WorkFlow Listing Page/Search Information - To Put Ref No' is clicked on

2018-12-14 00:30:27 - [MESSAGE][PASSED] - Object: 'Object Repository/Final Object Repo/WorkFlow Listing Page/Search Information - To Put Ref No' is clicked on

2018-12-14 00:30:27 - [TEST_STEP][PASSED] - delay: Delayed 2 second(s)

2018-12-14 00:30:29 - [MESSAGE][PASSED] - Delayed 2 second(s)

2018-12-14 00:30:29 - [TEST_STEP][PASSED] - callTestCase: Call Test Case 'Test Cases/Final Aug 2018 - PKS Automation/Common/Reference Number Getter' successfully

2018-12-14 00:30:29 - [TEST_CASE][PASSED] - Test Cases/Final Aug 2018 - PKS Automation/Common/Reference Number Getter: Test Cases/Final Aug 2018 - PKS Automation/Common/Reference Number Getter

2018-12-14 00:30:29 - [TEST_STEP][PASSED] - Statement - Try: null

2018-12-14 00:30:29 - [TEST_STEP][PASSED] - Statement - RefNo = new java.io.File(C://Users//Admin//Desktop//PKS//Automation Reference Point//KatalonReference.txt): null

2018-12-14 00:30:29 - [TEST_STEP][PASSED] - Statement - bufferread = new java.io.BufferedReader(new java.io.FileReader(RefNo)): null

2018-12-14 00:30:29 - [TEST_STEP][PASSED] - Statement - readedVal = bufferread.readLine(): null

2018-12-14 00:30:29 - [TEST_STEP][PASSED] - Statement - out.println(CaseReferenceNo): null

2018-12-14 00:30:29 - [TEST_STEP][PASSED] - Statement - out.println(readedVal): null

2018-12-14 00:30:29 - [TEST_STEP][PASSED] - Statement - CaseReferenceNo = "": null

2018-12-14 00:30:29 - [TEST_STEP][PASSED] - Statement - CaseReferenceNo = readedVal: null

2018-12-14 00:30:29 - [MESSAGE][PASSED] - Call Test Case 'Test Cases/Final Aug 2018 - PKS Automation/Common/Reference Number Getter' successfully

2018-12-14 00:30:29 - [TEST_STEP][PASSED] - setText: Text 'CRN12201800123322' is set on object 'Object Repository/Final Object Repo/WorkFlow Listing Page/Ref No Set Text'

2018-12-14 00:30:30 - [MESSAGE][PASSED] - Text 'CRN12201800123322' is set on object 'Object Repository/Final Object Repo/WorkFlow Listing Page/Ref No Set Text'

2018-12-14 00:30:30 - [TEST_STEP][PASSED] - delay: Delayed 2 second(s)

2018-12-14 00:30:32 - [MESSAGE][PASSED] - Delayed 2 second(s)

2018-12-14 00:30:32 - [TEST_STEP][PASSED] - click: Object: 'Object Repository/Final Object Repo/WorkFlow Listing Page/Search Ref No Search Button' is clicked on

2018-12-14 00:30:32 - [MESSAGE][PASSED] - Object: 'Object Repository/Final Object Repo/WorkFlow Listing Page/Search Ref No Search Button' is clicked on

2018-12-14 00:30:32 - [TEST_STEP][PASSED] - delay: Delayed 6 second(s)

2018-12-14 00:30:38 - [MESSAGE][PASSED] - Delayed 6 second(s)

2018-12-14 00:30:38 - [TEST_STEP][PASSED] - click: Object: 'Object Repository/Final Object Repo/WorkFlow Listing Page/Click Continue Tooltip' is clicked on

2018-12-14 00:30:39 - [MESSAGE][PASSED] - Object: 'Object Repository/Final Object Repo/WorkFlow Listing Page/Click Continue Tooltip' is clicked on

2018-12-14 00:30:39 - [TEST_STEP][PASSED] - delay: Delayed 5 second(s)

2018-12-14 00:30:44 - [MESSAGE][PASSED] - Delayed 5 second(s)

2018-12-14 00:30:44 - [TEST_STEP][PASSED] - doubleClick: Object: 'Object Repository/Final Object Repo/WorkFlow Listing Page/Workflow Found - Listing 1' is double clicked on

2018-12-14 00:30:44 - [MESSAGE][PASSED] - Object: 'Object Repository/Final Object Repo/WorkFlow Listing Page/Workflow Found - Listing 1' is double clicked on

2018-12-14 00:30:44 - [TEST_STEP][PASSED] - Statement - println(OwnerID): null

2018-12-14 00:30:44 - [TEST_STEP][PASSED] - Statement - OwnerID = com.kms.katalon.core.webui.keyword.WebUiBuiltInKeywords.getText(com.kms.katalon.core.testobject.ObjectRepository.findTestObject(Final Object Repo/WorkFlow Listing Page/Workflow Found - Listing 1), STOP_ON_FAILURE): Text of object 'Object Repository/Final Object Repo/WorkFlow Listing Page/Workflow Found - Listing 1' is: 'JOHORro2'

2018-12-14 00:30:44 - [MESSAGE][PASSED] - Text of object 'Object Repository/Final Object Repo/WorkFlow Listing Page/Workflow Found - Listing 1' is: 'JOHORro2'

2018-12-14 00:30:44 - [TEST_STEP][PASSED] - Statement - OwnerID = OwnerID.toLowerCase() + "@gmail.com": null

2018-12-14 00:30:44 - [TEST_STEP][PASSED] - Statement - println(OwnerID): null

2018-12-14 00:30:44 - [TEST_STEP][PASSED] - delay: Delayed 2 second(s)

2018-12-14 00:30:46 - [MESSAGE][PASSED] - Delayed 2 second(s)

2018-12-14 00:30:46 - [MESSAGE][PASSED] - Call Test Case 'Test Cases/Final Aug 2018 - PKS Automation/Common/Workflow Owner Finder' successfully

2018-12-14 00:30:46 - [TEST_STEP][PASSED] - callTestCase: Call Test Case 'Test Cases/Final Aug 2018 - PKS Automation/Registration Module/Log Out/log out avoiding katalon tagging' successfully

2018-12-14 00:30:46 - [TEST_CASE][PASSED] - Test Cases/Final Aug 2018 - PKS Automation/Registration Module/Log Out/log out avoiding katalon tagging: Test Cases/Final Aug 2018 - PKS Automation/Registration Module/Log Out/log out avoiding katalon tagging

2018-12-14 00:30:46 - [TEST_STEP][PASSED] - navigateToUrl: Navigate to 'https://assist2-uat.perkeso.gov.my/c/portal/logout' successfully

2018-12-14 00:30:47 - [MESSAGE][PASSED] - Navigate to 'https://assist2-uat.perkeso.gov.my/c/portal/logout' successfully

2018-12-14 00:30:47 - [MESSAGE][PASSED] - Call Test Case 'Test Cases/Final Aug 2018 - PKS Automation/Registration Module/Log Out/log out avoiding katalon tagging' successfully

2018-12-14 00:30:47 - [TEST_STEP][PASSED] - delay: Delayed 2 second(s)

2018-12-14 00:30:49 - [MESSAGE][PASSED] - Delayed 2 second(s)

2018-12-14 00:30:49 - [TEST_STEP][PASSED] - setText: Text 'johorro2@gmail.com' is set on object 'Object Repository/Final Object Repo/New Registration - Registration Module Pages/New Reg - OTC to RO/Special Case - All Related Objects/Email TextBox'

2018-12-14 00:30:49 - [MESSAGE][PASSED] - Text 'johorro2@gmail.com' is set on object 'Object Repository/Final Object Repo/New Registration - Registration Module Pages/New Reg - OTC to RO/Special Case - All Related Objects/Email TextBox'

2018-12-14 00:30:49 - [TEST_STEP][PASSED] - click: Object: 'Object Repository/Final Object Repo/New Registration - Registration Module Pages/New Reg - OTC to RO/Special Case - All Related Objects/Next Button' is clicked on

2018-12-14 00:30:50 - [MESSAGE][PASSED] - Object: 'Object Repository/Final Object Repo/New Registration - Registration Module Pages/New Reg - OTC to RO/Special Case - All Related Objects/Next Button' is clicked on

2018-12-14 00:30:50 - [TEST_STEP][PASSED] - delay: Delayed 2 second(s)

2018-12-14 00:30:52 - [MESSAGE][PASSED] - Delayed 2 second(s)

2018-12-14 00:30:52 - [TEST_STEP][PASSED] - setText: Text 'Test1@3456789' is set on object 'Object Repository/Final Object Repo/New Registration - Registration Module Pages/New Reg - OTC to RO/Special Case - All Related Objects/Password TextBox'

2018-12-14 00:30:52 - [MESSAGE][PASSED] - Text 'Test1@3456789' is set on object 'Object Repository/Final Object Repo/New Registration - Registration Module Pages/New Reg - OTC to RO/Special Case - All Related Objects/Password TextBox'

2018-12-14 00:30:52 - [TEST_STEP][PASSED] - delay: Delayed 2 second(s)

2018-12-14 00:30:54 - [MESSAGE][PASSED] - Delayed 2 second(s)

2018-12-14 00:30:54 - [TEST_STEP][PASSED] - click: Object: 'Object Repository/Final Object Repo/New Registration - Registration Module Pages/New Reg - OTC to RO/Special Case - All Related Objects/Login Button' is clicked on

2018-12-14 00:30:54 - [MESSAGE][PASSED] - Object: 'Object Repository/Final Object Repo/New Registration - Registration Module Pages/New Reg - OTC to RO/Special Case - All Related Objects/Login Button' is clicked on

2018-12-14 00:30:54 - [TEST_STEP][PASSED] - delay: Delayed 2 second(s)

2018-12-14 00:30:56 - [MESSAGE][PASSED] - Delayed 2 second(s)

2018-12-14 00:30:56 - [TEST_STEP][PASSED] - Statement - Try: null

2018-12-14 00:30:56 - [TEST_STEP][PASSED] - Statement - Checker = com.kms.katalon.core.webui.keyword.WebUiBuiltInKeywords.verifyElementNotPresent("Final Object Repo/Landing Page/Select to English", 3): null

2018-12-14 00:30:56 - [TEST_STEP][PASSED] - Statement - Catch (Exception e): null

2018-12-14 00:30:56 - [TEST_STEP][PASSED] - Statement - e.printStackTrace(): null

2018-12-14 00:30:56 - [TEST_STEP][PASSED] - click: Object: 'Object Repository/Final Object Repo/New Registration - Registration Module Pages/New Reg - OTC to RO/Special Case - All Related Objects/Expand to Search' is clicked on

2018-12-14 00:30:56 - [MESSAGE][PASSED] - Object: 'Object Repository/Final Object Repo/New Registration - Registration Module Pages/New Reg - OTC to RO/Special Case - All Related Objects/Expand to Search' is clicked on

2018-12-14 00:30:56 - [TEST_STEP][FAILED] - setText: Unable to set text 'CRN12201800123322' of object 'Object Repository/Final Object Repo/New Registration - Registration Module Pages/New Reg - OTC to RO/Special Case - All Related Objects/TextBox RefNo in Workbasket' (Root cause: org.openqa.selenium.ElementNotVisibleException: element not interactable
  (Session info: chrome=70.0.3538.110)
  (Driver info: chromedriver=2.43.600210 (68dcf5eebde37173d4027fa8635e332711d2874a),platform=Windows NT 6.1.7601 SP1 x86_64) (WARNING: The server did not provide any stacktrace information)
Command duration or timeout: 0 milliseconds
Build info: version: '3.7.1', revision: '8a0099a', time: '2017-11-06T21:07:36.161Z'
System info: host: 'WIN7TEST02', ip: '10.20.3.72', os.name: 'Windows 7', os.arch: 'amd64', os.version: '6.1', java.version: '1.8.0_181'
Driver info: com.kms.katalon.selenium.driver.CChromeDriver
Capabilities {acceptInsecureCerts: false, acceptSslCerts: false, applicationCacheEnabled: false, browserConnectionEnabled: false, browserName: chrome, chrome: {chromedriverVersion: 2.43.600210 (68dcf5eebde371..., userDataDir: C:\Users\Admin\AppData\Loca...}, cssSelectorsEnabled: true, databaseEnabled: false, goog:chromeOptions: {debuggerAddress: localhost:62882}, handlesAlerts: true, hasTouchScreen: false, javascriptEnabled: true, locationContextEnabled: true, mobileEmulationEnabled: false, nativeEvents: true, networkConnectionEnabled: false, pageLoadStrategy: normal, platform: XP, platformName: XP, rotatable: false, setWindowRect: true, takesHeapSnapshot: true, takesScreenshot: true, unexpectedAlertBehaviour: , unhandledPromptBehavior: , version: 70.0.3538.110, webStorageEnabled: true}
Session ID: 7a6afe0fb2c936e110cf0c26858b0abe)

2018-12-14 00:30:57 - [MESSAGE][FAILED] - Unable to set text 'CRN12201800123322' of object 'Object Repository/Final Object Repo/New Registration - Registration Module Pages/New Reg - OTC to RO/Special Case - All Related Objects/TextBox RefNo in Workbasket' (Root cause: org.openqa.selenium.ElementNotVisibleException: element not interactable
  (Session info: chrome=70.0.3538.110)
  (Driver info: chromedriver=2.43.600210 (68dcf5eebde37173d4027fa8635e332711d2874a),platform=Windows NT 6.1.7601 SP1 x86_64) (WARNING: The server did not provide any stacktrace information)
Command duration or timeout: 0 milliseconds
Build info: version: '3.7.1', revision: '8a0099a', time: '2017-11-06T21:07:36.161Z'
System info: host: 'WIN7TEST02', ip: '10.20.3.72', os.name: 'Windows 7', os.arch: 'amd64', os.version: '6.1', java.version: '1.8.0_181'
Driver info: com.kms.katalon.selenium.driver.CChromeDriver
Capabilities {acceptInsecureCerts: false, acceptSslCerts: false, applicationCacheEnabled: false, browserConnectionEnabled: false, browserName: chrome, chrome: {chromedriverVersion: 2.43.600210 (68dcf5eebde371..., userDataDir: C:\Users\Admin\AppData\Loca...}, cssSelectorsEnabled: true, databaseEnabled: false, goog:chromeOptions: {debuggerAddress: localhost:62882}, handlesAlerts: true, hasTouchScreen: false, javascriptEnabled: true, locationContextEnabled: true, mobileEmulationEnabled: false, nativeEvents: true, networkConnectionEnabled: false, pageLoadStrategy: normal, platform: XP, platformName: XP, rotatable: false, setWindowRect: true, takesHeapSnapshot: true, takesScreenshot: true, unexpectedAlertBehaviour: , unhandledPromptBehavior: , version: 70.0.3538.110, webStorageEnabled: true}
Session ID: 7a6afe0fb2c936e110cf0c26858b0abe)
[[ATTACHMENT|C:\\Users\\Admin\\Desktop\\PKS\\Perkeso Phase A\\Reports\\Workflow\\New Registration\\20181213_194711\\1544718656766.png]]

2018-12-14 00:30:57 - [TEST_STEP][PASSED] - delay: Delayed 2 second(s)

2018-12-14 00:30:59 - [MESSAGE][PASSED] - Delayed 2 second(s)

2018-12-14 00:30:59 - [TEST_STEP][PASSED] - click: Object: 'Object Repository/Final Object Repo/New Registration - Registration Module Pages/New Reg - OTC to RO/Special Case - All Related Objects/Click Search' is clicked on

2018-12-14 00:30:59 - [MESSAGE][PASSED] - Object: 'Object Repository/Final Object Repo/New Registration - Registration Module Pages/New Reg - OTC to RO/Special Case - All Related Objects/Click Search' is clicked on

2018-12-14 00:30:59 - [TEST_STEP][PASSED] - delay: Delayed 2 second(s)

2018-12-14 00:31:01 - [MESSAGE][PASSED] - Delayed 2 second(s)

2018-12-14 00:31:01 - [TEST_STEP][PASSED] - click: Object: 'Object Repository/Final Object Repo/New Registration - Registration Module Pages/New Reg - OTC to RO/Special Case - All Related Objects/Click to Continue Workflow' is clicked on

2018-12-14 00:31:04 - [MESSAGE][PASSED] - Object: 'Object Repository/Final Object Repo/New Registration - Registration Module Pages/New Reg - OTC to RO/Special Case - All Related Objects/Click to Continue Workflow' is clicked on

2018-12-14 00:31:04 - [TEST_STEP][PASSED] - delay: Delayed 2 second(s)

2018-12-14 00:31:06 - [MESSAGE][PASSED] - Delayed 2 second(s)

2018-12-14 00:31:06 - [TEST_STEP][PASSED] - click: Object: 'Object Repository/Final Object Repo/New Registration - Registration Module Pages/New Reg - OTC to RO/Special Case - All Related Objects/Continue Button in verifying case' is clicked on

2018-12-14 00:31:08 - [MESSAGE][PASSED] - Object: 'Object Repository/Final Object Repo/New Registration - Registration Module Pages/New Reg - OTC to RO/Special Case - All Related Objects/Continue Button in verifying case' is clicked on

2018-12-14 00:31:08 - [TEST_STEP][PASSED] - delay: Delayed 2 second(s)

2018-12-14 00:31:10 - [MESSAGE][PASSED] - Delayed 2 second(s)

2018-12-14 00:31:10 - [TEST_STEP][PASSED] - click: Object: 'Object Repository/Final Object Repo/New Registration - Registration Module Pages/Form 1/Registered As a Branch - Yes' is clicked on

2018-12-14 00:31:10 - [MESSAGE][PASSED] - Object: 'Object Repository/Final Object Repo/New Registration - Registration Module Pages/Form 1/Registered As a Branch - Yes' is clicked on

2018-12-14 00:31:10 - [TEST_STEP][PASSED] - delay: Delayed 2 second(s)

2018-12-14 00:31:12 - [MESSAGE][PASSED] - Delayed 2 second(s)

2018-12-14 00:31:12 - [TEST_STEP][PASSED] - click: Object: 'Object Repository/Final Object Repo/New Registration - Registration Module Pages/New Reg - OTC to RO/Special Case - All Related Objects/Form 1 Save n Continue' is clicked on

2018-12-14 00:31:13 - [MESSAGE][PASSED] - Object: 'Object Repository/Final Object Repo/New Registration - Registration Module Pages/New Reg - OTC to RO/Special Case - All Related Objects/Form 1 Save n Continue' is clicked on

2018-12-14 00:31:13 - [TEST_STEP][PASSED] - delay: Delayed 2 second(s)

2018-12-14 00:31:15 - [MESSAGE][PASSED] - Delayed 2 second(s)

2018-12-14 00:31:15 - [TEST_STEP][PASSED] - click: Object: 'Object Repository/Final Object Repo/New Registration - Registration Module Pages/New Reg - OTC to RO/Special Case - All Related Objects/Form 2 Save n Continue' is clicked on

2018-12-14 00:31:15 - [MESSAGE][PASSED] - Object: 'Object Repository/Final Object Repo/New Registration - Registration Module Pages/New Reg - OTC to RO/Special Case - All Related Objects/Form 2 Save n Continue' is clicked on

2018-12-14 00:31:15 - [TEST_STEP][PASSED] - delay: Delayed 2 second(s)

2018-12-14 00:31:17 - [MESSAGE][PASSED] - Delayed 2 second(s)

2018-12-14 00:31:17 - [TEST_STEP][PASSED] - click: Object: 'Object Repository/Final Object Repo/New Registration - Registration Module Pages/New Reg - OTC to RO/Special Case - All Related Objects/Third Screen Save n Continue' is clicked on

2018-12-14 00:31:22 - [MESSAGE][PASSED] - Object: 'Object Repository/Final Object Repo/New Registration - Registration Module Pages/New Reg - OTC to RO/Special Case - All Related Objects/Third Screen Save n Continue' is clicked on

2018-12-14 00:31:22 - [TEST_STEP][PASSED] - delay: Delayed 5 second(s)

2018-12-14 00:31:27 - [MESSAGE][PASSED] - Delayed 5 second(s)

2018-12-14 00:31:27 - [TEST_STEP][PASSED] - click: Object: 'Object Repository/Final Object Repo/New Registration - Registration Module Pages/New Reg - OTC to RO/Special Case - All Related Objects/Upload Doc Page Save n Continue' is clicked on

2018-12-14 00:31:27 - [MESSAGE][PASSED] - Object: 'Object Repository/Final Object Repo/New Registration - Registration Module Pages/New Reg - OTC to RO/Special Case - All Related Objects/Upload Doc Page Save n Continue' is clicked on

2018-12-14 00:31:27 - [TEST_STEP][PASSED] - delay: Delayed 5 second(s)

2018-12-14 00:31:32 - [MESSAGE][PASSED] - Delayed 5 second(s)

2018-12-14 00:31:32 - [TEST_STEP][PASSED] - click: Object: 'Object Repository/Final Object Repo/New Registration - Registration Module Pages/New Reg - OTC to RO/Special Case - All Related Objects/Under Enforcement Button at Preview Screen of RO' is clicked on

2018-12-14 00:31:32 - [MESSAGE][PASSED] - Object: 'Object Repository/Final Object Repo/New Registration - Registration Module Pages/New Reg - OTC to RO/Special Case - All Related Objects/Under Enforcement Button at Preview Screen of RO' is clicked on

2018-12-14 00:31:32 - [TEST_STEP][PASSED] - delay: Delayed 5 second(s)

2018-12-14 00:31:37 - [MESSAGE][PASSED] - Delayed 5 second(s)

2018-12-14 00:31:37 - [TEST_STEP][PASSED] - click: Object: 'Object Repository/Final Object Repo/New Registration - Registration Module Pages/New Reg - OTC to RO/Special Case - All Related Objects/Under Enforcement - inner form' is clicked on

2018-12-14 00:31:38 - [MESSAGE][PASSED] - Object: 'Object Repository/Final Object Repo/New Registration - Registration Module Pages/New Reg - OTC to RO/Special Case - All Related Objects/Under Enforcement - inner form' is clicked on

2018-12-14 00:31:38 - [TEST_STEP][PASSED] - callTestCase: Call Test Case 'Test Cases/Final Aug 2018 - PKS Automation/Common/Screenshoting tool' successfully

2018-12-14 00:31:38 - [TEST_CASE][PASSED] - Test Cases/Final Aug 2018 - PKS Automation/Common/Screenshoting tool: Test Cases/Final Aug 2018 - PKS Automation/Common/Screenshoting tool

2018-12-14 00:31:38 - [TEST_STEP][PASSED] - delay: Delayed 15 second(s)

2018-12-14 00:31:53 - [MESSAGE][PASSED] - Delayed 15 second(s)

2018-12-14 00:31:53 - [TEST_STEP][PASSED] - Statement - driver = com.kms.katalon.core.webui.driver.DriverFactory.getWebDriver(): null

2018-12-14 00:31:53 - [TEST_STEP][PASSED] - Statement - driver.manage().timeouts().implicitlyWait(10, SECONDS): null

2018-12-14 00:31:53 - [TEST_STEP][PASSED] - Statement - PresavePath = KatalonScreenshots: null

2018-12-14 00:31:53 - [TEST_STEP][PASSED] - Statement - pathPrefix = "C:\Users\Public\Pictures\Sample Pictures\Katalon Screenshots\Automate Ending Screen": null

2018-12-14 00:31:53 - [TEST_STEP][PASSED] - Statement - finalPath = <not implemented yet for class: org.codehaus.groovy.ast.expr.EmptyExpression>: null

2018-12-14 00:31:53 - [TEST_STEP][PASSED] - Statement - scrFile = driver.getScreenshotAs(FILE): null

2018-12-14 00:31:53 - [TEST_STEP][PASSED] - Statement - PreSaveFile = new java.io.File(PresavePath): null

2018-12-14 00:31:53 - [TEST_STEP][PASSED] - Statement - counter = 0: null

2018-12-14 00:31:53 - [TEST_STEP][PASSED] - Statement - If (PreSaveFile.exists()): null

2018-12-14 00:31:53 - [TEST_STEP][PASSED] - Statement - While (PreSaveFile.exists()): null

2018-12-14 00:31:53 - [TEST_STEP][PASSED] - Statement - counter = counter + 1: null

2018-12-14 00:31:53 - [TEST_STEP][PASSED] - Statement - PreSaveFile = new java.io.File(((pathPrefix + java.lang.Integer.toString(counter)) + .png)): null

2018-12-14 00:31:53 - [TEST_STEP][PASSED] - Statement - counter = counter + 1: null

2018-12-14 00:31:53 - [TEST_STEP][PASSED] - Statement - PreSaveFile = new java.io.File(((pathPrefix + java.lang.Integer.toString(counter)) + .png)): null

2018-12-14 00:31:53 - [TEST_STEP][PASSED] - Statement - counter = counter + 1: null

2018-12-14 00:31:53 - [TEST_STEP][PASSED] - Statement - PreSaveFile = new java.io.File(((pathPrefix + java.lang.Integer.toString(counter)) + .png)): null

2018-12-14 00:31:54 - [TEST_STEP][PASSED] - Statement - counter = counter + 1: null

2018-12-14 00:31:54 - [TEST_STEP][PASSED] - Statement - PreSaveFile = new java.io.File(((pathPrefix + java.lang.Integer.toString(counter)) + .png)): null

2018-12-14 00:31:54 - [TEST_STEP][PASSED] - Statement - counter = counter + 1: null

2018-12-14 00:31:54 - [TEST_STEP][PASSED] - Statement - PreSaveFile = new java.io.File(((pathPrefix + java.lang.Integer.toString(counter)) + .png)): null

2018-12-14 00:31:54 - [TEST_STEP][PASSED] - Statement - counter = counter + 1: null

2018-12-14 00:31:54 - [TEST_STEP][PASSED] - Statement - PreSaveFile = new java.io.File(((pathPrefix + java.lang.Integer.toString(counter)) + .png)): null

2018-12-14 00:31:54 - [TEST_STEP][PASSED] - Statement - counter = counter + 1: null

2018-12-14 00:31:54 - [TEST_STEP][PASSED] - Statement - PreSaveFile = new java.io.File(((pathPrefix + java.lang.Integer.toString(counter)) + .png)): null

2018-12-14 00:31:54 - [TEST_STEP][PASSED] - Statement - counter = counter + 1: null

2018-12-14 00:31:54 - [TEST_STEP][PASSED] - Statement - PreSaveFile = new java.io.File(((pathPrefix + java.lang.Integer.toString(counter)) + .png)): null

2018-12-14 00:31:54 - [TEST_STEP][PASSED] - Statement - counter = counter + 1: null

2018-12-14 00:31:54 - [TEST_STEP][PASSED] - Statement - PreSaveFile = new java.io.File(((pathPrefix + java.lang.Integer.toString(counter)) + .png)): null

2018-12-14 00:31:54 - [TEST_STEP][PASSED] - Statement - counter = counter + 1: null

2018-12-14 00:31:54 - [TEST_STEP][PASSED] - Statement - PreSaveFile = new java.io.File(((pathPrefix + java.lang.Integer.toString(counter)) + .png)): null

2018-12-14 00:31:54 - [TEST_STEP][PASSED] - Statement - counter = counter + 1: null

2018-12-14 00:31:54 - [TEST_STEP][PASSED] - Statement - PreSaveFile = new java.io.File(((pathPrefix + java.lang.Integer.toString(counter)) + .png)): null

2018-12-14 00:31:54 - [TEST_STEP][PASSED] - Statement - counter = counter + 1: null

2018-12-14 00:31:54 - [TEST_STEP][PASSED] - Statement - PreSaveFile = new java.io.File(((pathPrefix + java.lang.Integer.toString(counter)) + .png)): null

2018-12-14 00:31:54 - [TEST_STEP][PASSED] - Statement - counter = counter + 1: null

2018-12-14 00:31:54 - [TEST_STEP][PASSED] - Statement - PreSaveFile = new java.io.File(((pathPrefix + java.lang.Integer.toString(counter)) + .png)): null

2018-12-14 00:31:54 - [TEST_STEP][PASSED] - Statement - counter = counter + 1: null

2018-12-14 00:31:54 - [TEST_STEP][PASSED] - Statement - PreSaveFile = new java.io.File(((pathPrefix + java.lang.Integer.toString(counter)) + .png)): null

2018-12-14 00:31:54 - [TEST_STEP][PASSED] - Statement - counter = counter + 1: null

2018-12-14 00:31:54 - [TEST_STEP][PASSED] - Statement - PreSaveFile = new java.io.File(((pathPrefix + java.lang.Integer.toString(counter)) + .png)): null

2018-12-14 00:31:54 - [TEST_STEP][PASSED] - Statement - counter = counter + 1: null

2018-12-14 00:31:54 - [TEST_STEP][PASSED] - Statement - PreSaveFile = new java.io.File(((pathPrefix + java.lang.Integer.toString(counter)) + .png)): null

2018-12-14 00:31:54 - [TEST_STEP][PASSED] - Statement - counter = counter + 1: null

2018-12-14 00:31:54 - [TEST_STEP][PASSED] - Statement - PreSaveFile = new java.io.File(((pathPrefix + java.lang.Integer.toString(counter)) + .png)): null

2018-12-14 00:31:54 - [TEST_STEP][PASSED] - Statement - counter = counter + 1: null

2018-12-14 00:31:54 - [TEST_STEP][PASSED] - Statement - PreSaveFile = new java.io.File(((pathPrefix + java.lang.Integer.toString(counter)) + .png)): null

2018-12-14 00:31:54 - [TEST_STEP][PASSED] - Statement - counter = counter + 1: null

2018-12-14 00:31:54 - [TEST_STEP][PASSED] - Statement - PreSaveFile = new java.io.File(((pathPrefix + java.lang.Integer.toString(counter)) + .png)): null

2018-12-14 00:31:54 - [TEST_STEP][PASSED] - Statement - counter = counter + 1: null

2018-12-14 00:31:54 - [TEST_STEP][PASSED] - Statement - PreSaveFile = new java.io.File(((pathPrefix + java.lang.Integer.toString(counter)) + .png)): null

2018-12-14 00:31:54 - [TEST_STEP][PASSED] - Statement - counter = counter + 1: null

2018-12-14 00:31:54 - [TEST_STEP][PASSED] - Statement - PreSaveFile = new java.io.File(((pathPrefix + java.lang.Integer.toString(counter)) + .png)): null

2018-12-14 00:31:54 - [TEST_STEP][PASSED] - Statement - counter = counter + 1: null

2018-12-14 00:31:54 - [TEST_STEP][PASSED] - Statement - PreSaveFile = new java.io.File(((pathPrefix + java.lang.Integer.toString(counter)) + .png)): null

2018-12-14 00:31:54 - [TEST_STEP][PASSED] - Statement - counter = counter + 1: null

2018-12-14 00:31:54 - [TEST_STEP][PASSED] - Statement - PreSaveFile = new java.io.File(((pathPrefix + java.lang.Integer.toString(counter)) + .png)): null

2018-12-14 00:31:54 - [TEST_STEP][PASSED] - Statement - counter = counter + 1: null

2018-12-14 00:31:54 - [TEST_STEP][PASSED] - Statement - PreSaveFile = new java.io.File(((pathPrefix + java.lang.Integer.toString(counter)) + .png)): null

2018-12-14 00:31:54 - [TEST_STEP][PASSED] - Statement - counter = counter + 1: null

2018-12-14 00:31:54 - [TEST_STEP][PASSED] - Statement - PreSaveFile = new java.io.File(((pathPrefix + java.lang.Integer.toString(counter)) + .png)): null

2018-12-14 00:31:54 - [TEST_STEP][PASSED] - Statement - counter = counter + 1: null

2018-12-14 00:31:54 - [TEST_STEP][PASSED] - Statement - PreSaveFile = new java.io.File(((pathPrefix + java.lang.Integer.toString(counter)) + .png)): null

2018-12-14 00:31:54 - [TEST_STEP][PASSED] - Statement - counter = counter + 1: null

2018-12-14 00:31:54 - [TEST_STEP][PASSED] - Statement - PreSaveFile = new java.io.File(((pathPrefix + java.lang.Integer.toString(counter)) + .png)): null

2018-12-14 00:31:54 - [TEST_STEP][PASSED] - Statement - counter = counter + 1: null

2018-12-14 00:31:54 - [TEST_STEP][PASSED] - Statement - PreSaveFile = new java.io.File(((pathPrefix + java.lang.Integer.toString(counter)) + .png)): null

2018-12-14 00:31:54 - [TEST_STEP][PASSED] - Statement - counter = counter + 1: null

2018-12-14 00:31:54 - [TEST_STEP][PASSED] - Statement - PreSaveFile = new java.io.File(((pathPrefix + java.lang.Integer.toString(counter)) + .png)): null

2018-12-14 00:31:54 - [TEST_STEP][PASSED] - Statement - counter = counter + 1: null

2018-12-14 00:31:54 - [TEST_STEP][PASSED] - Statement - PreSaveFile = new java.io.File(((pathPrefix + java.lang.Integer.toString(counter)) + .png)): null

2018-12-14 00:31:54 - [TEST_STEP][PASSED] - Statement - counter = counter + 1: null

2018-12-14 00:31:54 - [TEST_STEP][PASSED] - Statement - PreSaveFile = new java.io.File(((pathPrefix + java.lang.Integer.toString(counter)) + .png)): null

2018-12-14 00:31:54 - [TEST_STEP][PASSED] - Statement - counter = counter + 1: null

2018-12-14 00:31:54 - [TEST_STEP][PASSED] - Statement - PreSaveFile = new java.io.File(((pathPrefix + java.lang.Integer.toString(counter)) + .png)): null

2018-12-14 00:31:54 - [TEST_STEP][PASSED] - Statement - counter = counter + 1: null

2018-12-14 00:31:54 - [TEST_STEP][PASSED] - Statement - PreSaveFile = new java.io.File(((pathPrefix + java.lang.Integer.toString(counter)) + .png)): null

2018-12-14 00:31:54 - [TEST_STEP][PASSED] - Statement - counter = counter + 1: null

2018-12-14 00:31:54 - [TEST_STEP][PASSED] - Statement - PreSaveFile = new java.io.File(((pathPrefix + java.lang.Integer.toString(counter)) + .png)): null

2018-12-14 00:31:54 - [TEST_STEP][PASSED] - Statement - counter = counter + 1: null

2018-12-14 00:31:54 - [TEST_STEP][PASSED] - Statement - PreSaveFile = new java.io.File(((pathPrefix + java.lang.Integer.toString(counter)) + .png)): null

2018-12-14 00:31:54 - [TEST_STEP][PASSED] - Statement - counter = counter + 1: null

2018-12-14 00:31:54 - [TEST_STEP][PASSED] - Statement - PreSaveFile = new java.io.File(((pathPrefix + java.lang.Integer.toString(counter)) + .png)): null

2018-12-14 00:31:54 - [TEST_STEP][PASSED] - Statement - counter = counter + 1: null

2018-12-14 00:31:54 - [TEST_STEP][PASSED] - Statement - PreSaveFile = new java.io.File(((pathPrefix + java.lang.Integer.toString(counter)) + .png)): null

2018-12-14 00:31:54 - [TEST_STEP][PASSED] - Statement - counter = counter + 1: null

2018-12-14 00:31:54 - [TEST_STEP][PASSED] - Statement - PreSaveFile = new java.io.File(((pathPrefix + java.lang.Integer.toString(counter)) + .png)): null

2018-12-14 00:31:54 - [TEST_STEP][PASSED] - Statement - counter = counter + 1: null

2018-12-14 00:31:54 - [TEST_STEP][PASSED] - Statement - PreSaveFile = new java.io.File(((pathPrefix + java.lang.Integer.toString(counter)) + .png)): null

2018-12-14 00:31:54 - [TEST_STEP][PASSED] - Statement - counter = counter + 1: null

2018-12-14 00:31:54 - [TEST_STEP][PASSED] - Statement - PreSaveFile = new java.io.File(((pathPrefix + java.lang.Integer.toString(counter)) + .png)): null

2018-12-14 00:31:54 - [TEST_STEP][PASSED] - Statement - counter = counter + 1: null

2018-12-14 00:31:54 - [TEST_STEP][PASSED] - Statement - PreSaveFile = new java.io.File(((pathPrefix + java.lang.Integer.toString(counter)) + .png)): null

2018-12-14 00:31:54 - [TEST_STEP][PASSED] - Statement - counter = counter + 1: null

2018-12-14 00:31:54 - [TEST_STEP][PASSED] - Statement - PreSaveFile = new java.io.File(((pathPrefix + java.lang.Integer.toString(counter)) + .png)): null

2018-12-14 00:31:54 - [TEST_STEP][PASSED] - Statement - counter = counter + 1: null

2018-12-14 00:31:54 - [TEST_STEP][PASSED] - Statement - PreSaveFile = new java.io.File(((pathPrefix + java.lang.Integer.toString(counter)) + .png)): null

2018-12-14 00:31:54 - [TEST_STEP][PASSED] - Statement - counter = counter + 1: null

2018-12-14 00:31:54 - [TEST_STEP][PASSED] - Statement - PreSaveFile = new java.io.File(((pathPrefix + java.lang.Integer.toString(counter)) + .png)): null

2018-12-14 00:31:54 - [TEST_STEP][PASSED] - Statement - counter = counter + 1: null

2018-12-14 00:31:54 - [TEST_STEP][PASSED] - Statement - PreSaveFile = new java.io.File(((pathPrefix + java.lang.Integer.toString(counter)) + .png)): null

2018-12-14 00:31:54 - [TEST_STEP][PASSED] - Statement - counter = counter + 1: null

2018-12-14 00:31:54 - [TEST_STEP][PASSED] - Statement - PreSaveFile = new java.io.File(((pathPrefix + java.lang.Integer.toString(counter)) + .png)): null

2018-12-14 00:31:54 - [TEST_STEP][PASSED] - Statement - counter = counter + 1: null

2018-12-14 00:31:54 - [TEST_STEP][PASSED] - Statement - PreSaveFile = new java.io.File(((pathPrefix + java.lang.Integer.toString(counter)) + .png)): null

2018-12-14 00:31:54 - [TEST_STEP][PASSED] - Statement - counter = counter + 1: null

2018-12-14 00:31:54 - [TEST_STEP][PASSED] - Statement - PreSaveFile = new java.io.File(((pathPrefix + java.lang.Integer.toString(counter)) + .png)): null

2018-12-14 00:31:54 - [TEST_STEP][PASSED] - Statement - counter = counter + 1: null

2018-12-14 00:31:54 - [TEST_STEP][PASSED] - Statement - PreSaveFile = new java.io.File(((pathPrefix + java.lang.Integer.toString(counter)) + .png)): null

2018-12-14 00:31:54 - [TEST_STEP][PASSED] - Statement - counter = counter + 1: null

2018-12-14 00:31:54 - [TEST_STEP][PASSED] - Statement - PreSaveFile = new java.io.File(((pathPrefix + java.lang.Integer.toString(counter)) + .png)): null

2018-12-14 00:31:54 - [TEST_STEP][PASSED] - Statement - counter = counter + 1: null

2018-12-14 00:31:54 - [TEST_STEP][PASSED] - Statement - PreSaveFile = new java.io.File(((pathPrefix + java.lang.Integer.toString(counter)) + .png)): null

2018-12-14 00:31:54 - [TEST_STEP][PASSED] - Statement - counter = counter + 1: null

2018-12-14 00:31:54 - [TEST_STEP][PASSED] - Statement - PreSaveFile = new java.io.File(((pathPrefix + java.lang.Integer.toString(counter)) + .png)): null

2018-12-14 00:31:54 - [TEST_STEP][PASSED] - Statement - counter = counter + 1: null

2018-12-14 00:31:54 - [TEST_STEP][PASSED] - Statement - PreSaveFile = new java.io.File(((pathPrefix + java.lang.Integer.toString(counter)) + .png)): null

2018-12-14 00:31:54 - [TEST_STEP][PASSED] - Statement - counter = counter + 1: null

2018-12-14 00:31:54 - [TEST_STEP][PASSED] - Statement - PreSaveFile = new java.io.File(((pathPrefix + java.lang.Integer.toString(counter)) + .png)): null

2018-12-14 00:31:54 - [TEST_STEP][PASSED] - Statement - counter = counter + 1: null

2018-12-14 00:31:54 - [TEST_STEP][PASSED] - Statement - PreSaveFile = new java.io.File(((pathPrefix + java.lang.Integer.toString(counter)) + .png)): null

2018-12-14 00:31:54 - [TEST_STEP][PASSED] - Statement - counter = counter + 1: null

2018-12-14 00:31:54 - [TEST_STEP][PASSED] - Statement - PreSaveFile = new java.io.File(((pathPrefix + java.lang.Integer.toString(counter)) + .png)): null

2018-12-14 00:31:54 - [TEST_STEP][PASSED] - Statement - counter = counter + 1: null

2018-12-14 00:31:54 - [TEST_STEP][PASSED] - Statement - PreSaveFile = new java.io.File(((pathPrefix + java.lang.Integer.toString(counter)) + .png)): null

2018-12-14 00:31:54 - [TEST_STEP][PASSED] - Statement - counter = counter + 1: null

2018-12-14 00:31:54 - [TEST_STEP][PASSED] - Statement - PreSaveFile = new java.io.File(((pathPrefix + java.lang.Integer.toString(counter)) + .png)): null

2018-12-14 00:31:54 - [TEST_STEP][PASSED] - Statement - counter = counter + 1: null

2018-12-14 00:31:54 - [TEST_STEP][PASSED] - Statement - PreSaveFile = new java.io.File(((pathPrefix + java.lang.Integer.toString(counter)) + .png)): null

2018-12-14 00:31:54 - [TEST_STEP][PASSED] - Statement - counter = counter + 1: null

2018-12-14 00:31:54 - [TEST_STEP][PASSED] - Statement - PreSaveFile = new java.io.File(((pathPrefix + java.lang.Integer.toString(counter)) + .png)): null

2018-12-14 00:31:54 - [TEST_STEP][PASSED] - Statement - counter = counter + 1: null

2018-12-14 00:31:54 - [TEST_STEP][PASSED] - Statement - PreSaveFile = new java.io.File(((pathPrefix + java.lang.Integer.toString(counter)) + .png)): null

2018-12-14 00:31:54 - [TEST_STEP][PASSED] - Statement - counter = counter + 1: null

2018-12-14 00:31:54 - [TEST_STEP][PASSED] - Statement - PreSaveFile = new java.io.File(((pathPrefix + java.lang.Integer.toString(counter)) + .png)): null

2018-12-14 00:31:54 - [TEST_STEP][PASSED] - Statement - counter = counter + 1: null

2018-12-14 00:31:54 - [TEST_STEP][PASSED] - Statement - PreSaveFile = new java.io.File(((pathPrefix + java.lang.Integer.toString(counter)) + .png)): null

2018-12-14 00:31:54 - [TEST_STEP][PASSED] - Statement - counter = counter + 1: null

2018-12-14 00:31:54 - [TEST_STEP][PASSED] - Statement - PreSaveFile = new java.io.File(((pathPrefix + java.lang.Integer.toString(counter)) + .png)): null

2018-12-14 00:31:54 - [TEST_STEP][PASSED] - Statement - counter = counter + 1: null

2018-12-14 00:31:54 - [TEST_STEP][PASSED] - Statement - PreSaveFile = new java.io.File(((pathPrefix + java.lang.Integer.toString(counter)) + .png)): null

2018-12-14 00:31:54 - [TEST_STEP][PASSED] - Statement - counter = counter + 1: null

2018-12-14 00:31:54 - [TEST_STEP][PASSED] - Statement - PreSaveFile = new java.io.File(((pathPrefix + java.lang.Integer.toString(counter)) + .png)): null

2018-12-14 00:31:54 - [TEST_STEP][PASSED] - Statement - counter = counter + 1: null

2018-12-14 00:31:54 - [TEST_STEP][PASSED] - Statement - PreSaveFile = new java.io.File(((pathPrefix + java.lang.Integer.toString(counter)) + .png)): null

2018-12-14 00:31:54 - [TEST_STEP][PASSED] - Statement - counter = counter + 1: null

2018-12-14 00:31:54 - [TEST_STEP][PASSED] - Statement - PreSaveFile = new java.io.File(((pathPrefix + java.lang.Integer.toString(counter)) + .png)): null

2018-12-14 00:31:54 - [TEST_STEP][PASSED] - Statement - counter = counter + 1: null

2018-12-14 00:31:54 - [TEST_STEP][PASSED] - Statement - PreSaveFile = new java.io.File(((pathPrefix + java.lang.Integer.toString(counter)) + .png)): null

2018-12-14 00:31:54 - [TEST_STEP][PASSED] - Statement - counter = counter + 1: null

2018-12-14 00:31:54 - [TEST_STEP][PASSED] - Statement - PreSaveFile = new java.io.File(((pathPrefix + java.lang.Integer.toString(counter)) + .png)): null

2018-12-14 00:31:54 - [TEST_STEP][PASSED] - Statement - counter = counter + 1: null

2018-12-14 00:31:54 - [TEST_STEP][PASSED] - Statement - PreSaveFile = new java.io.File(((pathPrefix + java.lang.Integer.toString(counter)) + .png)): null

2018-12-14 00:31:54 - [TEST_STEP][PASSED] - Statement - counter = counter + 1: null

2018-12-14 00:31:54 - [TEST_STEP][PASSED] - Statement - PreSaveFile = new java.io.File(((pathPrefix + java.lang.Integer.toString(counter)) + .png)): null

2018-12-14 00:31:54 - [TEST_STEP][PASSED] - Statement - counter = counter + 1: null

2018-12-14 00:31:54 - [TEST_STEP][PASSED] - Statement - PreSaveFile = new java.io.File(((pathPrefix + java.lang.Integer.toString(counter)) + .png)): null

2018-12-14 00:31:54 - [TEST_STEP][PASSED] - Statement - counter = counter + 1: null

2018-12-14 00:31:54 - [TEST_STEP][PASSED] - Statement - PreSaveFile = new java.io.File(((pathPrefix + java.lang.Integer.toString(counter)) + .png)): null

2018-12-14 00:31:54 - [TEST_STEP][PASSED] - Statement - counter = counter + 1: null

2018-12-14 00:31:54 - [TEST_STEP][PASSED] - Statement - PreSaveFile = new java.io.File(((pathPrefix + java.lang.Integer.toString(counter)) + .png)): null

2018-12-14 00:31:54 - [TEST_STEP][PASSED] - Statement - counter = counter + 1: null

2018-12-14 00:31:54 - [TEST_STEP][PASSED] - Statement - PreSaveFile = new java.io.File(((pathPrefix + java.lang.Integer.toString(counter)) + .png)): null

2018-12-14 00:31:54 - [TEST_STEP][PASSED] - Statement - counter = counter + 1: null

2018-12-14 00:31:54 - [TEST_STEP][PASSED] - Statement - PreSaveFile = new java.io.File(((pathPrefix + java.lang.Integer.toString(counter)) + .png)): null

2018-12-14 00:31:54 - [TEST_STEP][PASSED] - Statement - counter = counter + 1: null

2018-12-14 00:31:54 - [TEST_STEP][PASSED] - Statement - PreSaveFile = new java.io.File(((pathPrefix + java.lang.Integer.toString(counter)) + .png)): null

2018-12-14 00:31:54 - [TEST_STEP][PASSED] - Statement - counter = counter + 1: null

2018-12-14 00:31:54 - [TEST_STEP][PASSED] - Statement - PreSaveFile = new java.io.File(((pathPrefix + java.lang.Integer.toString(counter)) + .png)): null

2018-12-14 00:31:54 - [TEST_STEP][PASSED] - Statement - counter = counter + 1: null

2018-12-14 00:31:54 - [TEST_STEP][PASSED] - Statement - PreSaveFile = new java.io.File(((pathPrefix + java.lang.Integer.toString(counter)) + .png)): null

2018-12-14 00:31:54 - [TEST_STEP][PASSED] - Statement - counter = counter + 1: null

2018-12-14 00:31:54 - [TEST_STEP][PASSED] - Statement - PreSaveFile = new java.io.File(((pathPrefix + java.lang.Integer.toString(counter)) + .png)): null

2018-12-14 00:31:54 - [TEST_STEP][PASSED] - Statement - counter = counter + 1: null

2018-12-14 00:31:54 - [TEST_STEP][PASSED] - Statement - PreSaveFile = new java.io.File(((pathPrefix + java.lang.Integer.toString(counter)) + .png)): null

2018-12-14 00:31:54 - [TEST_STEP][PASSED] - Statement - counter = counter + 1: null

2018-12-14 00:31:54 - [TEST_STEP][PASSED] - Statement - PreSaveFile = new java.io.File(((pathPrefix + java.lang.Integer.toString(counter)) + .png)): null

2018-12-14 00:31:54 - [TEST_STEP][PASSED] - Statement - counter = counter + 1: null

2018-12-14 00:31:54 - [TEST_STEP][PASSED] - Statement - PreSaveFile = new java.io.File(((pathPrefix + java.lang.Integer.toString(counter)) + .png)): null

2018-12-14 00:31:54 - [TEST_STEP][PASSED] - Statement - counter = counter + 1: null

2018-12-14 00:31:54 - [TEST_STEP][PASSED] - Statement - PreSaveFile = new java.io.File(((pathPrefix + java.lang.Integer.toString(counter)) + .png)): null

2018-12-14 00:31:54 - [TEST_STEP][PASSED] - Statement - counter = counter + 1: null

2018-12-14 00:31:54 - [TEST_STEP][PASSED] - Statement - PreSaveFile = new java.io.File(((pathPrefix + java.lang.Integer.toString(counter)) + .png)): null

2018-12-14 00:31:54 - [TEST_STEP][PASSED] - Statement - counter = counter + 1: null

2018-12-14 00:31:54 - [TEST_STEP][PASSED] - Statement - PreSaveFile = new java.io.File(((pathPrefix + java.lang.Integer.toString(counter)) + .png)): null

2018-12-14 00:31:54 - [TEST_STEP][PASSED] - Statement - counter = counter + 1: null

2018-12-14 00:31:54 - [TEST_STEP][PASSED] - Statement - PreSaveFile = new java.io.File(((pathPrefix + java.lang.Integer.toString(counter)) + .png)): null

2018-12-14 00:31:54 - [TEST_STEP][PASSED] - Statement - counter = counter + 1: null

2018-12-14 00:31:54 - [TEST_STEP][PASSED] - Statement - PreSaveFile = new java.io.File(((pathPrefix + java.lang.Integer.toString(counter)) + .png)): null

2018-12-14 00:31:54 - [TEST_STEP][PASSED] - Statement - counter = counter + 1: null

2018-12-14 00:31:54 - [TEST_STEP][PASSED] - Statement - PreSaveFile = new java.io.File(((pathPrefix + java.lang.Integer.toString(counter)) + .png)): null

2018-12-14 00:31:54 - [TEST_STEP][PASSED] - Statement - counter = counter + 1: null

2018-12-14 00:31:54 - [TEST_STEP][PASSED] - Statement - PreSaveFile = new java.io.File(((pathPrefix + java.lang.Integer.toString(counter)) + .png)): null

2018-12-14 00:31:54 - [TEST_STEP][PASSED] - Statement - counter = counter + 1: null

2018-12-14 00:31:54 - [TEST_STEP][PASSED] - Statement - PreSaveFile = new java.io.File(((pathPrefix + java.lang.Integer.toString(counter)) + .png)): null

2018-12-14 00:31:54 - [TEST_STEP][PASSED] - Statement - counter = counter + 1: null

2018-12-14 00:31:54 - [TEST_STEP][PASSED] - Statement - PreSaveFile = new java.io.File(((pathPrefix + java.lang.Integer.toString(counter)) + .png)): null

2018-12-14 00:31:54 - [TEST_STEP][PASSED] - Statement - counter = counter + 1: null

2018-12-14 00:31:54 - [TEST_STEP][PASSED] - Statement - PreSaveFile = new java.io.File(((pathPrefix + java.lang.Integer.toString(counter)) + .png)): null

2018-12-14 00:31:54 - [TEST_STEP][PASSED] - Statement - counter = counter + 1: null

2018-12-14 00:31:54 - [TEST_STEP][PASSED] - Statement - PreSaveFile = new java.io.File(((pathPrefix + java.lang.Integer.toString(counter)) + .png)): null

2018-12-14 00:31:54 - [TEST_STEP][PASSED] - Statement - counter = counter + 1: null

2018-12-14 00:31:54 - [TEST_STEP][PASSED] - Statement - PreSaveFile = new java.io.File(((pathPrefix + java.lang.Integer.toString(counter)) + .png)): null

2018-12-14 00:31:54 - [TEST_STEP][PASSED] - Statement - counter = counter + 1: null

2018-12-14 00:31:54 - [TEST_STEP][PASSED] - Statement - PreSaveFile = new java.io.File(((pathPrefix + java.lang.Integer.toString(counter)) + .png)): null

2018-12-14 00:31:54 - [TEST_STEP][PASSED] - Statement - counter = counter + 1: null

2018-12-14 00:31:54 - [TEST_STEP][PASSED] - Statement - PreSaveFile = new java.io.File(((pathPrefix + java.lang.Integer.toString(counter)) + .png)): null

2018-12-14 00:31:54 - [TEST_STEP][PASSED] - Statement - counter = counter + 1: null

2018-12-14 00:31:54 - [TEST_STEP][PASSED] - Statement - PreSaveFile = new java.io.File(((pathPrefix + java.lang.Integer.toString(counter)) + .png)): null

2018-12-14 00:31:54 - [TEST_STEP][PASSED] - Statement - counter = counter + 1: null

2018-12-14 00:31:54 - [TEST_STEP][PASSED] - Statement - PreSaveFile = new java.io.File(((pathPrefix + java.lang.Integer.toString(counter)) + .png)): null

2018-12-14 00:31:54 - [TEST_STEP][PASSED] - Statement - counter = counter + 1: null

2018-12-14 00:31:54 - [TEST_STEP][PASSED] - Statement - PreSaveFile = new java.io.File(((pathPrefix + java.lang.Integer.toString(counter)) + .png)): null

2018-12-14 00:31:54 - [TEST_STEP][PASSED] - Statement - counter = counter + 1: null

2018-12-14 00:31:54 - [TEST_STEP][PASSED] - Statement - PreSaveFile = new java.io.File(((pathPrefix + java.lang.Integer.toString(counter)) + .png)): null

2018-12-14 00:31:54 - [TEST_STEP][PASSED] - Statement - counter = counter + 1: null

2018-12-14 00:31:54 - [TEST_STEP][PASSED] - Statement - PreSaveFile = new java.io.File(((pathPrefix + java.lang.Integer.toString(counter)) + .png)): null

2018-12-14 00:31:54 - [TEST_STEP][PASSED] - Statement - counter = counter + 1: null

2018-12-14 00:31:54 - [TEST_STEP][PASSED] - Statement - PreSaveFile = new java.io.File(((pathPrefix + java.lang.Integer.toString(counter)) + .png)): null

2018-12-14 00:31:54 - [TEST_STEP][PASSED] - Statement - counter = counter + 1: null

2018-12-14 00:31:54 - [TEST_STEP][PASSED] - Statement - PreSaveFile = new java.io.File(((pathPrefix + java.lang.Integer.toString(counter)) + .png)): null

2018-12-14 00:31:54 - [TEST_STEP][PASSED] - Statement - counter = counter + 1: null

2018-12-14 00:31:54 - [TEST_STEP][PASSED] - Statement - PreSaveFile = new java.io.File(((pathPrefix + java.lang.Integer.toString(counter)) + .png)): null

2018-12-14 00:31:54 - [TEST_STEP][PASSED] - Statement - counter = counter + 1: null

2018-12-14 00:31:54 - [TEST_STEP][PASSED] - Statement - PreSaveFile = new java.io.File(((pathPrefix + java.lang.Integer.toString(counter)) + .png)): null

2018-12-14 00:31:54 - [TEST_STEP][PASSED] - Statement - counter = counter + 1: null

2018-12-14 00:31:54 - [TEST_STEP][PASSED] - Statement - PreSaveFile = new java.io.File(((pathPrefix + java.lang.Integer.toString(counter)) + .png)): null

2018-12-14 00:31:54 - [TEST_STEP][PASSED] - Statement - counter = counter + 1: null

2018-12-14 00:31:54 - [TEST_STEP][PASSED] - Statement - PreSaveFile = new java.io.File(((pathPrefix + java.lang.Integer.toString(counter)) + .png)): null

2018-12-14 00:31:54 - [TEST_STEP][PASSED] - Statement - counter = counter + 1: null

2018-12-14 00:31:54 - [TEST_STEP][PASSED] - Statement - PreSaveFile = new java.io.File(((pathPrefix + java.lang.Integer.toString(counter)) + .png)): null

2018-12-14 00:31:54 - [TEST_STEP][PASSED] - Statement - counter = counter + 1: null

2018-12-14 00:31:54 - [TEST_STEP][PASSED] - Statement - PreSaveFile = new java.io.File(((pathPrefix + java.lang.Integer.toString(counter)) + .png)): null

2018-12-14 00:31:54 - [TEST_STEP][PASSED] - Statement - counter = counter + 1: null

2018-12-14 00:31:54 - [TEST_STEP][PASSED] - Statement - PreSaveFile = new java.io.File(((pathPrefix + java.lang.Integer.toString(counter)) + .png)): null

2018-12-14 00:31:54 - [TEST_STEP][PASSED] - Statement - counter = counter + 1: null

2018-12-14 00:31:54 - [TEST_STEP][PASSED] - Statement - PreSaveFile = new java.io.File(((pathPrefix + java.lang.Integer.toString(counter)) + .png)): null

2018-12-14 00:31:54 - [TEST_STEP][PASSED] - Statement - counter = counter + 1: null

2018-12-14 00:31:54 - [TEST_STEP][PASSED] - Statement - PreSaveFile = new java.io.File(((pathPrefix + java.lang.Integer.toString(counter)) + .png)): null

2018-12-14 00:31:54 - [TEST_STEP][PASSED] - Statement - counter = counter + 1: null

2018-12-14 00:31:54 - [TEST_STEP][PASSED] - Statement - PreSaveFile = new java.io.File(((pathPrefix + java.lang.Integer.toString(counter)) + .png)): null

2018-12-14 00:31:54 - [TEST_STEP][PASSED] - Statement - counter = counter + 1: null

2018-12-14 00:31:54 - [TEST_STEP][PASSED] - Statement - PreSaveFile = new java.io.File(((pathPrefix + java.lang.Integer.toString(counter)) + .png)): null

2018-12-14 00:31:54 - [TEST_STEP][PASSED] - Statement - counter = counter + 1: null

2018-12-14 00:31:54 - [TEST_STEP][PASSED] - Statement - PreSaveFile = new java.io.File(((pathPrefix + java.lang.Integer.toString(counter)) + .png)): null

2018-12-14 00:31:54 - [TEST_STEP][PASSED] - Statement - counter = counter + 1: null

2018-12-14 00:31:54 - [TEST_STEP][PASSED] - Statement - PreSaveFile = new java.io.File(((pathPrefix + java.lang.Integer.toString(counter)) + .png)): null

2018-12-14 00:31:54 - [TEST_STEP][PASSED] - Statement - counter = counter + 1: null

2018-12-14 00:31:54 - [TEST_STEP][PASSED] - Statement - PreSaveFile = new java.io.File(((pathPrefix + java.lang.Integer.toString(counter)) + .png)): null

2018-12-14 00:31:54 - [TEST_STEP][PASSED] - Statement - counter = counter + 1: null

2018-12-14 00:31:54 - [TEST_STEP][PASSED] - Statement - PreSaveFile = new java.io.File(((pathPrefix + java.lang.Integer.toString(counter)) + .png)): null

2018-12-14 00:31:54 - [TEST_STEP][PASSED] - Statement - counter = counter + 1: null

2018-12-14 00:31:54 - [TEST_STEP][PASSED] - Statement - PreSaveFile = new java.io.File(((pathPrefix + java.lang.Integer.toString(counter)) + .png)): null

2018-12-14 00:31:54 - [TEST_STEP][PASSED] - Statement - counter = counter + 1: null

2018-12-14 00:31:54 - [TEST_STEP][PASSED] - Statement - PreSaveFile = new java.io.File(((pathPrefix + java.lang.Integer.toString(counter)) + .png)): null

2018-12-14 00:31:54 - [TEST_STEP][PASSED] - Statement - counter = counter + 1: null

2018-12-14 00:31:54 - [TEST_STEP][PASSED] - Statement - PreSaveFile = new java.io.File(((pathPrefix + java.lang.Integer.toString(counter)) + .png)): null

2018-12-14 00:31:54 - [TEST_STEP][PASSED] - Statement - counter = counter + 1: null

2018-12-14 00:31:54 - [TEST_STEP][PASSED] - Statement - PreSaveFile = new java.io.File(((pathPrefix + java.lang.Integer.toString(counter)) + .png)): null

2018-12-14 00:31:54 - [TEST_STEP][PASSED] - Statement - counter = counter + 1: null

2018-12-14 00:31:54 - [TEST_STEP][PASSED] - Statement - PreSaveFile = new java.io.File(((pathPrefix + java.lang.Integer.toString(counter)) + .png)): null

2018-12-14 00:31:54 - [TEST_STEP][PASSED] - Statement - counter = counter + 1: null

2018-12-14 00:31:54 - [TEST_STEP][PASSED] - Statement - PreSaveFile = new java.io.File(((pathPrefix + java.lang.Integer.toString(counter)) + .png)): null

2018-12-14 00:31:54 - [TEST_STEP][PASSED] - Statement - counter = counter + 1: null

2018-12-14 00:31:54 - [TEST_STEP][PASSED] - Statement - PreSaveFile = new java.io.File(((pathPrefix + java.lang.Integer.toString(counter)) + .png)): null

2018-12-14 00:31:54 - [TEST_STEP][PASSED] - Statement - counter = counter + 1: null

2018-12-14 00:31:54 - [TEST_STEP][PASSED] - Statement - PreSaveFile = new java.io.File(((pathPrefix + java.lang.Integer.toString(counter)) + .png)): null

2018-12-14 00:31:54 - [TEST_STEP][PASSED] - Statement - counter = counter + 1: null

2018-12-14 00:31:54 - [TEST_STEP][PASSED] - Statement - PreSaveFile = new java.io.File(((pathPrefix + java.lang.Integer.toString(counter)) + .png)): null

2018-12-14 00:31:54 - [TEST_STEP][PASSED] - Statement - counter = counter + 1: null

2018-12-14 00:31:54 - [TEST_STEP][PASSED] - Statement - PreSaveFile = new java.io.File(((pathPrefix + java.lang.Integer.toString(counter)) + .png)): null

2018-12-14 00:31:54 - [TEST_STEP][PASSED] - Statement - counter = counter + 1: null

2018-12-14 00:31:54 - [TEST_STEP][PASSED] - Statement - PreSaveFile = new java.io.File(((pathPrefix + java.lang.Integer.toString(counter)) + .png)): null

2018-12-14 00:31:54 - [TEST_STEP][PASSED] - Statement - counter = counter + 1: null

2018-12-14 00:31:54 - [TEST_STEP][PASSED] - Statement - PreSaveFile = new java.io.File(((pathPrefix + java.lang.Integer.toString(counter)) + .png)): null

2018-12-14 00:31:54 - [TEST_STEP][PASSED] - Statement - counter = counter + 1: null

2018-12-14 00:31:54 - [TEST_STEP][PASSED] - Statement - PreSaveFile = new java.io.File(((pathPrefix + java.lang.Integer.toString(counter)) + .png)): null

2018-12-14 00:31:54 - [TEST_STEP][PASSED] - Statement - counter = counter + 1: null

2018-12-14 00:31:54 - [TEST_STEP][PASSED] - Statement - PreSaveFile = new java.io.File(((pathPrefix + java.lang.Integer.toString(counter)) + .png)): null

2018-12-14 00:31:54 - [TEST_STEP][PASSED] - Statement - counter = counter + 1: null

2018-12-14 00:31:54 - [TEST_STEP][PASSED] - Statement - PreSaveFile = new java.io.File(((pathPrefix + java.lang.Integer.toString(counter)) + .png)): null

2018-12-14 00:31:54 - [TEST_STEP][PASSED] - Statement - counter = counter + 1: null

2018-12-14 00:31:54 - [TEST_STEP][PASSED] - Statement - PreSaveFile = new java.io.File(((pathPrefix + java.lang.Integer.toString(counter)) + .png)): null

2018-12-14 00:31:54 - [TEST_STEP][PASSED] - Statement - counter = counter + 1: null

2018-12-14 00:31:54 - [TEST_STEP][PASSED] - Statement - PreSaveFile = new java.io.File(((pathPrefix + java.lang.Integer.toString(counter)) + .png)): null

2018-12-14 00:31:54 - [TEST_STEP][PASSED] - Statement - counter = counter + 1: null

2018-12-14 00:31:54 - [TEST_STEP][PASSED] - Statement - PreSaveFile = new java.io.File(((pathPrefix + java.lang.Integer.toString(counter)) + .png)): null

2018-12-14 00:31:54 - [TEST_STEP][PASSED] - Statement - counter = counter + 1: null

2018-12-14 00:31:54 - [TEST_STEP][PASSED] - Statement - PreSaveFile = new java.io.File(((pathPrefix + java.lang.Integer.toString(counter)) + .png)): null

2018-12-14 00:31:54 - [TEST_STEP][PASSED] - Statement - counter = counter + 1: null

2018-12-14 00:31:54 - [TEST_STEP][PASSED] - Statement - PreSaveFile = new java.io.File(((pathPrefix + java.lang.Integer.toString(counter)) + .png)): null

2018-12-14 00:31:54 - [TEST_STEP][PASSED] - Statement - counter = counter + 1: null

2018-12-14 00:31:54 - [TEST_STEP][PASSED] - Statement - PreSaveFile = new java.io.File(((pathPrefix + java.lang.Integer.toString(counter)) + .png)): null

2018-12-14 00:31:54 - [TEST_STEP][PASSED] - Statement - counter = counter + 1: null

2018-12-14 00:31:54 - [TEST_STEP][PASSED] - Statement - PreSaveFile = new java.io.File(((pathPrefix + java.lang.Integer.toString(counter)) + .png)): null

2018-12-14 00:31:54 - [TEST_STEP][PASSED] - Statement - counter = counter + 1: null

2018-12-14 00:31:54 - [TEST_STEP][PASSED] - Statement - PreSaveFile = new java.io.File(((pathPrefix + java.lang.Integer.toString(counter)) + .png)): null

2018-12-14 00:31:54 - [TEST_STEP][PASSED] - Statement - counter = counter + 1: null

2018-12-14 00:31:54 - [TEST_STEP][PASSED] - Statement - PreSaveFile = new java.io.File(((pathPrefix + java.lang.Integer.toString(counter)) + .png)): null

2018-12-14 00:31:54 - [TEST_STEP][PASSED] - Statement - counter = counter + 1: null

2018-12-14 00:31:54 - [TEST_STEP][PASSED] - Statement - PreSaveFile = new java.io.File(((pathPrefix + java.lang.Integer.toString(counter)) + .png)): null

2018-12-14 00:31:54 - [TEST_STEP][PASSED] - Statement - counter = counter + 1: null

2018-12-14 00:31:54 - [TEST_STEP][PASSED] - Statement - PreSaveFile = new java.io.File(((pathPrefix + java.lang.Integer.toString(counter)) + .png)): null

2018-12-14 00:31:54 - [TEST_STEP][PASSED] - Statement - counter = counter + 1: null

2018-12-14 00:31:54 - [TEST_STEP][PASSED] - Statement - PreSaveFile = new java.io.File(((pathPrefix + java.lang.Integer.toString(counter)) + .png)): null

2018-12-14 00:31:54 - [TEST_STEP][PASSED] - Statement - counter = counter + 1: null

2018-12-14 00:31:54 - [TEST_STEP][PASSED] - Statement - PreSaveFile = new java.io.File(((pathPrefix + java.lang.Integer.toString(counter)) + .png)): null

2018-12-14 00:31:54 - [TEST_STEP][PASSED] - Statement - counter = counter + 1: null

2018-12-14 00:31:54 - [TEST_STEP][PASSED] - Statement - PreSaveFile = new java.io.File(((pathPrefix + java.lang.Integer.toString(counter)) + .png)): null

2018-12-14 00:31:54 - [TEST_STEP][PASSED] - Statement - counter = counter + 1: null

2018-12-14 00:31:54 - [TEST_STEP][PASSED] - Statement - PreSaveFile = new java.io.File(((pathPrefix + java.lang.Integer.toString(counter)) + .png)): null

2018-12-14 00:31:54 - [TEST_STEP][PASSED] - Statement - counter = counter + 1: null

2018-12-14 00:31:54 - [TEST_STEP][PASSED] - Statement - PreSaveFile = new java.io.File(((pathPrefix + java.lang.Integer.toString(counter)) + .png)): null

2018-12-14 00:31:54 - [TEST_STEP][PASSED] - Statement - counter = counter + 1: null

2018-12-14 00:31:54 - [TEST_STEP][PASSED] - Statement - PreSaveFile = new java.io.File(((pathPrefix + java.lang.Integer.toString(counter)) + .png)): null

2018-12-14 00:31:54 - [TEST_STEP][PASSED] - Statement - counter = counter + 1: null

2018-12-14 00:31:54 - [TEST_STEP][PASSED] - Statement - PreSaveFile = new java.io.File(((pathPrefix + java.lang.Integer.toString(counter)) + .png)): null

2018-12-14 00:31:54 - [TEST_STEP][PASSED] - Statement - counter = counter + 1: null

2018-12-14 00:31:54 - [TEST_STEP][PASSED] - Statement - PreSaveFile = new java.io.File(((pathPrefix + java.lang.Integer.toString(counter)) + .png)): null

2018-12-14 00:31:54 - [TEST_STEP][PASSED] - Statement - counter = counter + 1: null

2018-12-14 00:31:54 - [TEST_STEP][PASSED] - Statement - PreSaveFile = new java.io.File(((pathPrefix + java.lang.Integer.toString(counter)) + .png)): null

2018-12-14 00:31:54 - [TEST_STEP][PASSED] - Statement - counter = counter + 1: null

2018-12-14 00:31:54 - [TEST_STEP][PASSED] - Statement - PreSaveFile = new java.io.File(((pathPrefix + java.lang.Integer.toString(counter)) + .png)): null

2018-12-14 00:31:54 - [TEST_STEP][PASSED] - Statement - counter = counter + 1: null

2018-12-14 00:31:54 - [TEST_STEP][PASSED] - Statement - PreSaveFile = new java.io.File(((pathPrefix + java.lang.Integer.toString(counter)) + .png)): null

2018-12-14 00:31:54 - [TEST_STEP][PASSED] - Statement - counter = counter + 1: null

2018-12-14 00:31:54 - [TEST_STEP][PASSED] - Statement - PreSaveFile = new java.io.File(((pathPrefix + java.lang.Integer.toString(counter)) + .png)): null

2018-12-14 00:31:54 - [TEST_STEP][PASSED] - Statement - counter = counter + 1: null

2018-12-14 00:31:54 - [TEST_STEP][PASSED] - Statement - PreSaveFile = new java.io.File(((pathPrefix + java.lang.Integer.toString(counter)) + .png)): null

2018-12-14 00:31:54 - [TEST_STEP][PASSED] - Statement - counter = counter + 1: null

2018-12-14 00:31:54 - [TEST_STEP][PASSED] - Statement - PreSaveFile = new java.io.File(((pathPrefix + java.lang.Integer.toString(counter)) + .png)): null

2018-12-14 00:31:54 - [TEST_STEP][PASSED] - Statement - counter = counter + 1: null

2018-12-14 00:31:54 - [TEST_STEP][PASSED] - Statement - PreSaveFile = new java.io.File(((pathPrefix + java.lang.Integer.toString(counter)) + .png)): null

2018-12-14 00:31:54 - [TEST_STEP][PASSED] - Statement - counter = counter + 1: null

2018-12-14 00:31:54 - [TEST_STEP][PASSED] - Statement - PreSaveFile = new java.io.File(((pathPrefix + java.lang.Integer.toString(counter)) + .png)): null

2018-12-14 00:31:54 - [TEST_STEP][PASSED] - Statement - counter = counter + 1: null

2018-12-14 00:31:54 - [TEST_STEP][PASSED] - Statement - PreSaveFile = new java.io.File(((pathPrefix + java.lang.Integer.toString(counter)) + .png)): null

2018-12-14 00:31:54 - [TEST_STEP][PASSED] - Statement - counter = counter + 1: null

2018-12-14 00:31:54 - [TEST_STEP][PASSED] - Statement - PreSaveFile = new java.io.File(((pathPrefix + java.lang.Integer.toString(counter)) + .png)): null

2018-12-14 00:31:54 - [TEST_STEP][PASSED] - Statement - counter = counter + 1: null

2018-12-14 00:31:54 - [TEST_STEP][PASSED] - Statement - PreSaveFile = new java.io.File(((pathPrefix + java.lang.Integer.toString(counter)) + .png)): null

2018-12-14 00:31:54 - [TEST_STEP][PASSED] - Statement - counter = counter + 1: null

2018-12-14 00:31:54 - [TEST_STEP][PASSED] - Statement - PreSaveFile = new java.io.File(((pathPrefix + java.lang.Integer.toString(counter)) + .png)): null

2018-12-14 00:31:54 - [TEST_STEP][PASSED] - Statement - counter = counter + 1: null

2018-12-14 00:31:54 - [TEST_STEP][PASSED] - Statement - PreSaveFile = new java.io.File(((pathPrefix + java.lang.Integer.toString(counter)) + .png)): null

2018-12-14 00:31:54 - [TEST_STEP][PASSED] - Statement - counter = counter + 1: null

2018-12-14 00:31:54 - [TEST_STEP][PASSED] - Statement - PreSaveFile = new java.io.File(((pathPrefix + java.lang.Integer.toString(counter)) + .png)): null

2018-12-14 00:31:54 - [TEST_STEP][PASSED] - Statement - counter = counter + 1: null

2018-12-14 00:31:54 - [TEST_STEP][PASSED] - Statement - PreSaveFile = new java.io.File(((pathPrefix + java.lang.Integer.toString(counter)) + .png)): null

2018-12-14 00:31:54 - [TEST_STEP][PASSED] - Statement - counter = counter + 1: null

2018-12-14 00:31:54 - [TEST_STEP][PASSED] - Statement - PreSaveFile = new java.io.File(((pathPrefix + java.lang.Integer.toString(counter)) + .png)): null

2018-12-14 00:31:54 - [TEST_STEP][PASSED] - Statement - counter = counter + 1: null

2018-12-14 00:31:54 - [TEST_STEP][PASSED] - Statement - PreSaveFile = new java.io.File(((pathPrefix + java.lang.Integer.toString(counter)) + .png)): null

2018-12-14 00:31:54 - [TEST_STEP][PASSED] - Statement - counter = counter + 1: null

2018-12-14 00:31:54 - [TEST_STEP][PASSED] - Statement - PreSaveFile = new java.io.File(((pathPrefix + java.lang.Integer.toString(counter)) + .png)): null

2018-12-14 00:31:54 - [TEST_STEP][PASSED] - Statement - counter = counter + 1: null

2018-12-14 00:31:54 - [TEST_STEP][PASSED] - Statement - PreSaveFile = new java.io.File(((pathPrefix + java.lang.Integer.toString(counter)) + .png)): null

2018-12-14 00:31:54 - [TEST_STEP][PASSED] - Statement - counter = counter + 1: null

2018-12-14 00:31:54 - [TEST_STEP][PASSED] - Statement - PreSaveFile = new java.io.File(((pathPrefix + java.lang.Integer.toString(counter)) + .png)): null

2018-12-14 00:31:54 - [TEST_STEP][PASSED] - Statement - counter = counter + 1: null

2018-12-14 00:31:54 - [TEST_STEP][PASSED] - Statement - PreSaveFile = new java.io.File(((pathPrefix + java.lang.Integer.toString(counter)) + .png)): null

2018-12-14 00:31:54 - [TEST_STEP][PASSED] - Statement - counter = counter + 1: null

2018-12-14 00:31:54 - [TEST_STEP][PASSED] - Statement - PreSaveFile = new java.io.File(((pathPrefix + java.lang.Integer.toString(counter)) + .png)): null

2018-12-14 00:31:54 - [TEST_STEP][PASSED] - Statement - counter = counter + 1: null

2018-12-14 00:31:54 - [TEST_STEP][PASSED] - Statement - PreSaveFile = new java.io.File(((pathPrefix + java.lang.Integer.toString(counter)) + .png)): null

2018-12-14 00:31:54 - [TEST_STEP][PASSED] - Statement - counter = counter + 1: null

2018-12-14 00:31:54 - [TEST_STEP][PASSED] - Statement - PreSaveFile = new java.io.File(((pathPrefix + java.lang.Integer.toString(counter)) + .png)): null

2018-12-14 00:31:54 - [TEST_STEP][PASSED] - Statement - counter = counter + 1: null

2018-12-14 00:31:54 - [TEST_STEP][PASSED] - Statement - PreSaveFile = new java.io.File(((pathPrefix + java.lang.Integer.toString(counter)) + .png)): null

2018-12-14 00:31:54 - [TEST_STEP][PASSED] - Statement - counter = counter + 1: null

2018-12-14 00:31:54 - [TEST_STEP][PASSED] - Statement - PreSaveFile = new java.io.File(((pathPrefix + java.lang.Integer.toString(counter)) + .png)): null

2018-12-14 00:31:54 - [TEST_STEP][PASSED] - Statement - counter = counter + 1: null

2018-12-14 00:31:54 - [TEST_STEP][PASSED] - Statement - PreSaveFile = new java.io.File(((pathPrefix + java.lang.Integer.toString(counter)) + .png)): null

2018-12-14 00:31:54 - [TEST_STEP][PASSED] - Statement - counter = counter + 1: null

2018-12-14 00:31:54 - [TEST_STEP][PASSED] - Statement - PreSaveFile = new java.io.File(((pathPrefix + java.lang.Integer.toString(counter)) + .png)): null

2018-12-14 00:31:54 - [TEST_STEP][PASSED] - Statement - counter = counter + 1: null

2018-12-14 00:31:54 - [TEST_STEP][PASSED] - Statement - PreSaveFile = new java.io.File(((pathPrefix + java.lang.Integer.toString(counter)) + .png)): null

2018-12-14 00:31:54 - [TEST_STEP][PASSED] - Statement - counter = counter + 1: null

2018-12-14 00:31:54 - [TEST_STEP][PASSED] - Statement - PreSaveFile = new java.io.File(((pathPrefix + java.lang.Integer.toString(counter)) + .png)): null

2018-12-14 00:31:54 - [TEST_STEP][PASSED] - Statement - counter = counter + 1: null

2018-12-14 00:31:54 - [TEST_STEP][PASSED] - Statement - PreSaveFile = new java.io.File(((pathPrefix + java.lang.Integer.toString(counter)) + .png)): null

2018-12-14 00:31:54 - [TEST_STEP][PASSED] - Statement - counter = counter + 1: null

2018-12-14 00:31:54 - [TEST_STEP][PASSED] - Statement - PreSaveFile = new java.io.File(((pathPrefix + java.lang.Integer.toString(counter)) + .png)): null

2018-12-14 00:31:54 - [TEST_STEP][PASSED] - Statement - counter = counter + 1: null

2018-12-14 00:31:54 - [TEST_STEP][PASSED] - Statement - PreSaveFile = new java.io.File(((pathPrefix + java.lang.Integer.toString(counter)) + .png)): null

2018-12-14 00:31:54 - [TEST_STEP][PASSED] - Statement - counter = counter + 1: null

2018-12-14 00:31:54 - [TEST_STEP][PASSED] - Statement - PreSaveFile = new java.io.File(((pathPrefix + java.lang.Integer.toString(counter)) + .png)): null

2018-12-14 00:31:54 - [TEST_STEP][PASSED] - Statement - counter = counter + 1: null

2018-12-14 00:31:54 - [TEST_STEP][PASSED] - Statement - PreSaveFile = new java.io.File(((pathPrefix + java.lang.Integer.toString(counter)) + .png)): null

2018-12-14 00:31:54 - [TEST_STEP][PASSED] - Statement - counter = counter + 1: null

2018-12-14 00:31:54 - [TEST_STEP][PASSED] - Statement - PreSaveFile = new java.io.File(((pathPrefix + java.lang.Integer.toString(counter)) + .png)): null

2018-12-14 00:31:54 - [TEST_STEP][PASSED] - Statement - counter = counter + 1: null

2018-12-14 00:31:54 - [TEST_STEP][PASSED] - Statement - PreSaveFile = new java.io.File(((pathPrefix + java.lang.Integer.toString(counter)) + .png)): null

2018-12-14 00:31:54 - [TEST_STEP][PASSED] - Statement - counter = counter + 1: null

2018-12-14 00:31:54 - [TEST_STEP][PASSED] - Statement - PreSaveFile = new java.io.File(((pathPrefix + java.lang.Integer.toString(counter)) + .png)): null

2018-12-14 00:31:54 - [TEST_STEP][PASSED] - Statement - counter = counter + 1: null

2018-12-14 00:31:54 - [TEST_STEP][PASSED] - Statement - PreSaveFile = new java.io.File(((pathPrefix + java.lang.Integer.toString(counter)) + .png)): null

2018-12-14 00:31:54 - [TEST_STEP][PASSED] - Statement - counter = counter + 1: null

2018-12-14 00:31:54 - [TEST_STEP][PASSED] - Statement - PreSaveFile = new java.io.File(((pathPrefix + java.lang.Integer.toString(counter)) + .png)): null

2018-12-14 00:31:54 - [TEST_STEP][PASSED] - Statement - counter = counter + 1: null

2018-12-14 00:31:54 - [TEST_STEP][PASSED] - Statement - PreSaveFile = new java.io.File(((pathPrefix + java.lang.Integer.toString(counter)) + .png)): null

2018-12-14 00:31:54 - [TEST_STEP][PASSED] - Statement - counter = counter + 1: null

2018-12-14 00:31:54 - [TEST_STEP][PASSED] - Statement - PreSaveFile = new java.io.File(((pathPrefix + java.lang.Integer.toString(counter)) + .png)): null

2018-12-14 00:31:54 - [TEST_STEP][PASSED] - Statement - counter = counter + 1: null

2018-12-14 00:31:54 - [TEST_STEP][PASSED] - Statement - PreSaveFile = new java.io.File(((pathPrefix + java.lang.Integer.toString(counter)) + .png)): null

2018-12-14 00:31:54 - [TEST_STEP][PASSED] - Statement - counter = counter + 1: null

2018-12-14 00:31:54 - [TEST_STEP][PASSED] - Statement - PreSaveFile = new java.io.File(((pathPrefix + java.lang.Integer.toString(counter)) + .png)): null

2018-12-14 00:31:54 - [TEST_STEP][PASSED] - Statement - counter = counter + 1: null

2018-12-14 00:31:54 - [TEST_STEP][PASSED] - Statement - PreSaveFile = new java.io.File(((pathPrefix + java.lang.Integer.toString(counter)) + .png)): null

2018-12-14 00:31:54 - [TEST_STEP][PASSED] - Statement - counter = counter + 1: null

2018-12-14 00:31:54 - [TEST_STEP][PASSED] - Statement - PreSaveFile = new java.io.File(((pathPrefix + java.lang.Integer.toString(counter)) + .png)): null

2018-12-14 00:31:54 - [TEST_STEP][PASSED] - Statement - counter = counter + 1: null

2018-12-14 00:31:54 - [TEST_STEP][PASSED] - Statement - PreSaveFile = new java.io.File(((pathPrefix + java.lang.Integer.toString(counter)) + .png)): null

2018-12-14 00:31:54 - [TEST_STEP][PASSED] - Statement - counter = counter + 1: null

2018-12-14 00:31:54 - [TEST_STEP][PASSED] - Statement - PreSaveFile = new java.io.File(((pathPrefix + java.lang.Integer.toString(counter)) + .png)): null

2018-12-14 00:31:54 - [TEST_STEP][PASSED] - Statement - counter = counter + 1: null

2018-12-14 00:31:54 - [TEST_STEP][PASSED] - Statement - PreSaveFile = new java.io.File(((pathPrefix + java.lang.Integer.toString(counter)) + .png)): null

2018-12-14 00:31:54 - [TEST_STEP][PASSED] - Statement - counter = counter + 1: null

2018-12-14 00:31:54 - [TEST_STEP][PASSED] - Statement - PreSaveFile = new java.io.File(((pathPrefix + java.lang.Integer.toString(counter)) + .png)): null

2018-12-14 00:31:54 - [TEST_STEP][PASSED] - Statement - counter = counter + 1: null

2018-12-14 00:31:54 - [TEST_STEP][PASSED] - Statement - PreSaveFile = new java.io.File(((pathPrefix + java.lang.Integer.toString(counter)) + .png)): null

2018-12-14 00:31:54 - [TEST_STEP][PASSED] - Statement - counter = counter + 1: null

2018-12-14 00:31:54 - [TEST_STEP][PASSED] - Statement - PreSaveFile = new java.io.File(((pathPrefix + java.lang.Integer.toString(counter)) + .png)): null

2018-12-14 00:31:54 - [TEST_STEP][PASSED] - Statement - counter = counter + 1: null

2018-12-14 00:31:54 - [TEST_STEP][PASSED] - Statement - PreSaveFile = new java.io.File(((pathPrefix + java.lang.Integer.toString(counter)) + .png)): null

2018-12-14 00:31:54 - [TEST_STEP][PASSED] - Statement - counter = counter + 1: null

2018-12-14 00:31:54 - [TEST_STEP][PASSED] - Statement - PreSaveFile = new java.io.File(((pathPrefix + java.lang.Integer.toString(counter)) + .png)): null

2018-12-14 00:31:54 - [TEST_STEP][PASSED] - Statement - counter = counter + 1: null

2018-12-14 00:31:54 - [TEST_STEP][PASSED] - Statement - PreSaveFile = new java.io.File(((pathPrefix + java.lang.Integer.toString(counter)) + .png)): null

2018-12-14 00:31:54 - [TEST_STEP][PASSED] - Statement - counter = counter + 1: null

2018-12-14 00:31:54 - [TEST_STEP][PASSED] - Statement - PreSaveFile = new java.io.File(((pathPrefix + java.lang.Integer.toString(counter)) + .png)): null

2018-12-14 00:31:54 - [TEST_STEP][PASSED] - Statement - counter = counter + 1: null

2018-12-14 00:31:54 - [TEST_STEP][PASSED] - Statement - PreSaveFile = new java.io.File(((pathPrefix + java.lang.Integer.toString(counter)) + .png)): null

2018-12-14 00:31:54 - [TEST_STEP][PASSED] - Statement - counter = counter + 1: null

2018-12-14 00:31:54 - [TEST_STEP][PASSED] - Statement - PreSaveFile = new java.io.File(((pathPrefix + java.lang.Integer.toString(counter)) + .png)): null

2018-12-14 00:31:54 - [TEST_STEP][PASSED] - Statement - counter = counter + 1: null

2018-12-14 00:31:54 - [TEST_STEP][PASSED] - Statement - PreSaveFile = new java.io.File(((pathPrefix + java.lang.Integer.toString(counter)) + .png)): null

2018-12-14 00:31:54 - [TEST_STEP][PASSED] - Statement - counter = counter + 1: null

2018-12-14 00:31:54 - [TEST_STEP][PASSED] - Statement - PreSaveFile = new java.io.File(((pathPrefix + java.lang.Integer.toString(counter)) + .png)): null

2018-12-14 00:31:54 - [TEST_STEP][PASSED] - Statement - counter = counter + 1: null

2018-12-14 00:31:54 - [TEST_STEP][PASSED] - Statement - PreSaveFile = new java.io.File(((pathPrefix + java.lang.Integer.toString(counter)) + .png)): null

2018-12-14 00:31:54 - [TEST_STEP][PASSED] - Statement - counter = counter + 1: null

2018-12-14 00:31:54 - [TEST_STEP][PASSED] - Statement - PreSaveFile = new java.io.File(((pathPrefix + java.lang.Integer.toString(counter)) + .png)): null

2018-12-14 00:31:54 - [TEST_STEP][PASSED] - Statement - counter = counter + 1: null

2018-12-14 00:31:54 - [TEST_STEP][PASSED] - Statement - PreSaveFile = new java.io.File(((pathPrefix + java.lang.Integer.toString(counter)) + .png)): null

2018-12-14 00:31:54 - [TEST_STEP][PASSED] - Statement - counter = counter + 1: null

2018-12-14 00:31:54 - [TEST_STEP][PASSED] - Statement - PreSaveFile = new java.io.File(((pathPrefix + java.lang.Integer.toString(counter)) + .png)): null

2018-12-14 00:31:54 - [TEST_STEP][PASSED] - Statement - counter = counter + 1: null

2018-12-14 00:31:54 - [TEST_STEP][PASSED] - Statement - PreSaveFile = new java.io.File(((pathPrefix + java.lang.Integer.toString(counter)) + .png)): null

2018-12-14 00:31:54 - [TEST_STEP][PASSED] - Statement - counter = counter + 1: null

2018-12-14 00:31:54 - [TEST_STEP][PASSED] - Statement - PreSaveFile = new java.io.File(((pathPrefix + java.lang.Integer.toString(counter)) + .png)): null

2018-12-14 00:31:54 - [TEST_STEP][PASSED] - Statement - counter = counter + 1: null

2018-12-14 00:31:54 - [TEST_STEP][PASSED] - Statement - PreSaveFile = new java.io.File(((pathPrefix + java.lang.Integer.toString(counter)) + .png)): null

2018-12-14 00:31:54 - [TEST_STEP][PASSED] - Statement - counter = counter + 1: null

2018-12-14 00:31:54 - [TEST_STEP][PASSED] - Statement - PreSaveFile = new java.io.File(((pathPrefix + java.lang.Integer.toString(counter)) + .png)): null

2018-12-14 00:31:54 - [TEST_STEP][PASSED] - Statement - counter = counter + 1: null

2018-12-14 00:31:54 - [TEST_STEP][PASSED] - Statement - PreSaveFile = new java.io.File(((pathPrefix + java.lang.Integer.toString(counter)) + .png)): null

2018-12-14 00:31:54 - [TEST_STEP][PASSED] - Statement - counter = counter + 1: null

2018-12-14 00:31:54 - [TEST_STEP][PASSED] - Statement - PreSaveFile = new java.io.File(((pathPrefix + java.lang.Integer.toString(counter)) + .png)): null

2018-12-14 00:31:54 - [TEST_STEP][PASSED] - Statement - counter = counter + 1: null

2018-12-14 00:31:54 - [TEST_STEP][PASSED] - Statement - PreSaveFile = new java.io.File(((pathPrefix + java.lang.Integer.toString(counter)) + .png)): null

2018-12-14 00:31:54 - [TEST_STEP][PASSED] - Statement - counter = counter + 1: null

2018-12-14 00:31:54 - [TEST_STEP][PASSED] - Statement - PreSaveFile = new java.io.File(((pathPrefix + java.lang.Integer.toString(counter)) + .png)): null

2018-12-14 00:31:54 - [TEST_STEP][PASSED] - Statement - counter = counter + 1: null

2018-12-14 00:31:54 - [TEST_STEP][PASSED] - Statement - PreSaveFile = new java.io.File(((pathPrefix + java.lang.Integer.toString(counter)) + .png)): null

2018-12-14 00:31:54 - [TEST_STEP][PASSED] - Statement - counter = counter + 1: null

2018-12-14 00:31:54 - [TEST_STEP][PASSED] - Statement - PreSaveFile = new java.io.File(((pathPrefix + java.lang.Integer.toString(counter)) + .png)): null

2018-12-14 00:31:54 - [TEST_STEP][PASSED] - Statement - counter = counter + 1: null

2018-12-14 00:31:54 - [TEST_STEP][PASSED] - Statement - PreSaveFile = new java.io.File(((pathPrefix + java.lang.Integer.toString(counter)) + .png)): null

2018-12-14 00:31:54 - [TEST_STEP][PASSED] - Statement - counter = counter + 1: null

2018-12-14 00:31:54 - [TEST_STEP][PASSED] - Statement - PreSaveFile = new java.io.File(((pathPrefix + java.lang.Integer.toString(counter)) + .png)): null

2018-12-14 00:31:54 - [TEST_STEP][PASSED] - Statement - counter = counter + 1: null

2018-12-14 00:31:54 - [TEST_STEP][PASSED] - Statement - PreSaveFile = new java.io.File(((pathPrefix + java.lang.Integer.toString(counter)) + .png)): null

2018-12-14 00:31:54 - [TEST_STEP][PASSED] - Statement - counter = counter + 1: null

2018-12-14 00:31:54 - [TEST_STEP][PASSED] - Statement - PreSaveFile = new java.io.File(((pathPrefix + java.lang.Integer.toString(counter)) + .png)): null

2018-12-14 00:31:54 - [TEST_STEP][PASSED] - Statement - counter = counter + 1: null

2018-12-14 00:31:54 - [TEST_STEP][PASSED] - Statement - PreSaveFile = new java.io.File(((pathPrefix + java.lang.Integer.toString(counter)) + .png)): null

2018-12-14 00:31:54 - [TEST_STEP][PASSED] - Statement - counter = counter + 1: null

2018-12-14 00:31:54 - [TEST_STEP][PASSED] - Statement - PreSaveFile = new java.io.File(((pathPrefix + java.lang.Integer.toString(counter)) + .png)): null

2018-12-14 00:31:54 - [TEST_STEP][PASSED] - Statement - counter = counter + 1: null

2018-12-14 00:31:54 - [TEST_STEP][PASSED] - Statement - PreSaveFile = new java.io.File(((pathPrefix + java.lang.Integer.toString(counter)) + .png)): null

2018-12-14 00:31:54 - [TEST_STEP][PASSED] - Statement - counter = counter + 1: null

2018-12-14 00:31:54 - [TEST_STEP][PASSED] - Statement - PreSaveFile = new java.io.File(((pathPrefix + java.lang.Integer.toString(counter)) + .png)): null

2018-12-14 00:31:54 - [TEST_STEP][PASSED] - Statement - counter = counter + 1: null

2018-12-14 00:31:54 - [TEST_STEP][PASSED] - Statement - PreSaveFile = new java.io.File(((pathPrefix + java.lang.Integer.toString(counter)) + .png)): null

2018-12-14 00:31:54 - [TEST_STEP][PASSED] - Statement - counter = counter + 1: null

2018-12-14 00:31:54 - [TEST_STEP][PASSED] - Statement - PreSaveFile = new java.io.File(((pathPrefix + java.lang.Integer.toString(counter)) + .png)): null

2018-12-14 00:31:54 - [TEST_STEP][PASSED] - Statement - counter = counter + 1: null

2018-12-14 00:31:54 - [TEST_STEP][PASSED] - Statement - PreSaveFile = new java.io.File(((pathPrefix + java.lang.Integer.toString(counter)) + .png)): null

2018-12-14 00:31:54 - [TEST_STEP][PASSED] - Statement - counter = counter + 1: null

2018-12-14 00:31:54 - [TEST_STEP][PASSED] - Statement - PreSaveFile = new java.io.File(((pathPrefix + java.lang.Integer.toString(counter)) + .png)): null

2018-12-14 00:31:54 - [TEST_STEP][PASSED] - Statement - counter = counter + 1: null

2018-12-14 00:31:54 - [TEST_STEP][PASSED] - Statement - PreSaveFile = new java.io.File(((pathPrefix + java.lang.Integer.toString(counter)) + .png)): null

2018-12-14 00:31:54 - [TEST_STEP][PASSED] - Statement - counter = counter + 1: null

2018-12-14 00:31:54 - [TEST_STEP][PASSED] - Statement - PreSaveFile = new java.io.File(((pathPrefix + java.lang.Integer.toString(counter)) + .png)): null

2018-12-14 00:31:54 - [TEST_STEP][PASSED] - Statement - counter = counter + 1: null

2018-12-14 00:31:54 - [TEST_STEP][PASSED] - Statement - PreSaveFile = new java.io.File(((pathPrefix + java.lang.Integer.toString(counter)) + .png)): null

2018-12-14 00:31:54 - [TEST_STEP][PASSED] - Statement - counter = counter + 1: null

2018-12-14 00:31:54 - [TEST_STEP][PASSED] - Statement - PreSaveFile = new java.io.File(((pathPrefix + java.lang.Integer.toString(counter)) + .png)): null

2018-12-14 00:31:54 - [TEST_STEP][PASSED] - Statement - counter = counter + 1: null

2018-12-14 00:31:54 - [TEST_STEP][PASSED] - Statement - PreSaveFile = new java.io.File(((pathPrefix + java.lang.Integer.toString(counter)) + .png)): null

2018-12-14 00:31:54 - [TEST_STEP][PASSED] - Statement - counter = counter + 1: null

2018-12-14 00:31:54 - [TEST_STEP][PASSED] - Statement - PreSaveFile = new java.io.File(((pathPrefix + java.lang.Integer.toString(counter)) + .png)): null

2018-12-14 00:31:54 - [TEST_STEP][PASSED] - Statement - counter = counter + 1: null

2018-12-14 00:31:54 - [TEST_STEP][PASSED] - Statement - PreSaveFile = new java.io.File(((pathPrefix + java.lang.Integer.toString(counter)) + .png)): null

2018-12-14 00:31:54 - [TEST_STEP][PASSED] - Statement - counter = counter + 1: null

2018-12-14 00:31:54 - [TEST_STEP][PASSED] - Statement - PreSaveFile = new java.io.File(((pathPrefix + java.lang.Integer.toString(counter)) + .png)): null

2018-12-14 00:31:54 - [TEST_STEP][PASSED] - Statement - counter = counter + 1: null

2018-12-14 00:31:54 - [TEST_STEP][PASSED] - Statement - PreSaveFile = new java.io.File(((pathPrefix + java.lang.Integer.toString(counter)) + .png)): null

2018-12-14 00:31:54 - [TEST_STEP][PASSED] - Statement - counter = counter + 1: null

2018-12-14 00:31:54 - [TEST_STEP][PASSED] - Statement - PreSaveFile = new java.io.File(((pathPrefix + java.lang.Integer.toString(counter)) + .png)): null

2018-12-14 00:31:54 - [TEST_STEP][PASSED] - Statement - counter = counter + 1: null

2018-12-14 00:31:54 - [TEST_STEP][PASSED] - Statement - PreSaveFile = new java.io.File(((pathPrefix + java.lang.Integer.toString(counter)) + .png)): null

2018-12-14 00:31:54 - [TEST_STEP][PASSED] - Statement - counter = counter + 1: null

2018-12-14 00:31:54 - [TEST_STEP][PASSED] - Statement - PreSaveFile = new java.io.File(((pathPrefix + java.lang.Integer.toString(counter)) + .png)): null

2018-12-14 00:31:54 - [TEST_STEP][PASSED] - Statement - counter = counter + 1: null

2018-12-14 00:31:54 - [TEST_STEP][PASSED] - Statement - PreSaveFile = new java.io.File(((pathPrefix + java.lang.Integer.toString(counter)) + .png)): null

2018-12-14 00:31:54 - [TEST_STEP][PASSED] - Statement - counter = counter + 1: null

2018-12-14 00:31:54 - [TEST_STEP][PASSED] - Statement - PreSaveFile = new java.io.File(((pathPrefix + java.lang.Integer.toString(counter)) + .png)): null

2018-12-14 00:31:54 - [TEST_STEP][PASSED] - Statement - counter = counter + 1: null

2018-12-14 00:31:54 - [TEST_STEP][PASSED] - Statement - PreSaveFile = new java.io.File(((pathPrefix + java.lang.Integer.toString(counter)) + .png)): null

2018-12-14 00:31:54 - [TEST_STEP][PASSED] - Statement - counter = counter + 1: null

2018-12-14 00:31:54 - [TEST_STEP][PASSED] - Statement - PreSaveFile = new java.io.File(((pathPrefix + java.lang.Integer.toString(counter)) + .png)): null

2018-12-14 00:31:54 - [TEST_STEP][PASSED] - Statement - counter = counter + 1: null

2018-12-14 00:31:54 - [TEST_STEP][PASSED] - Statement - PreSaveFile = new java.io.File(((pathPrefix + java.lang.Integer.toString(counter)) + .png)): null

2018-12-14 00:31:54 - [TEST_STEP][PASSED] - Statement - counter = counter + 1: null

2018-12-14 00:31:54 - [TEST_STEP][PASSED] - Statement - PreSaveFile = new java.io.File(((pathPrefix + java.lang.Integer.toString(counter)) + .png)): null

2018-12-14 00:31:54 - [TEST_STEP][PASSED] - Statement - counter = counter + 1: null

2018-12-14 00:31:54 - [TEST_STEP][PASSED] - Statement - PreSaveFile = new java.io.File(((pathPrefix + java.lang.Integer.toString(counter)) + .png)): null

2018-12-14 00:31:55 - [TEST_STEP][PASSED] - Statement - counter = counter + 1: null

2018-12-14 00:31:55 - [TEST_STEP][PASSED] - Statement - PreSaveFile = new java.io.File(((pathPrefix + java.lang.Integer.toString(counter)) + .png)): null

2018-12-14 00:31:55 - [TEST_STEP][PASSED] - Statement - counter = counter + 1: null

2018-12-14 00:31:55 - [TEST_STEP][PASSED] - Statement - PreSaveFile = new java.io.File(((pathPrefix + java.lang.Integer.toString(counter)) + .png)): null

2018-12-14 00:31:55 - [TEST_STEP][PASSED] - Statement - counter = counter + 1: null

2018-12-14 00:31:55 - [TEST_STEP][PASSED] - Statement - PreSaveFile = new java.io.File(((pathPrefix + java.lang.Integer.toString(counter)) + .png)): null

2018-12-14 00:31:55 - [TEST_STEP][PASSED] - Statement - counter = counter + 1: null

2018-12-14 00:31:55 - [TEST_STEP][PASSED] - Statement - PreSaveFile = new java.io.File(((pathPrefix + java.lang.Integer.toString(counter)) + .png)): null

2018-12-14 00:31:55 - [TEST_STEP][PASSED] - Statement - counter = counter + 1: null

2018-12-14 00:31:55 - [TEST_STEP][PASSED] - Statement - PreSaveFile = new java.io.File(((pathPrefix + java.lang.Integer.toString(counter)) + .png)): null

2018-12-14 00:31:55 - [TEST_STEP][PASSED] - Statement - counter = counter + 1: null

2018-12-14 00:31:55 - [TEST_STEP][PASSED] - Statement - PreSaveFile = new java.io.File(((pathPrefix + java.lang.Integer.toString(counter)) + .png)): null

2018-12-14 00:31:55 - [TEST_STEP][PASSED] - Statement - counter = counter + 1: null

2018-12-14 00:31:55 - [TEST_STEP][PASSED] - Statement - PreSaveFile = new java.io.File(((pathPrefix + java.lang.Integer.toString(counter)) + .png)): null

2018-12-14 00:31:55 - [TEST_STEP][PASSED] - Statement - counter = counter + 1: null

2018-12-14 00:31:55 - [TEST_STEP][PASSED] - Statement - PreSaveFile = new java.io.File(((pathPrefix + java.lang.Integer.toString(counter)) + .png)): null

2018-12-14 00:31:55 - [TEST_STEP][PASSED] - Statement - counter = counter + 1: null

2018-12-14 00:31:55 - [TEST_STEP][PASSED] - Statement - PreSaveFile = new java.io.File(((pathPrefix + java.lang.Integer.toString(counter)) + .png)): null

2018-12-14 00:31:55 - [TEST_STEP][PASSED] - Statement - counter = counter + 1: null

2018-12-14 00:31:55 - [TEST_STEP][PASSED] - Statement - PreSaveFile = new java.io.File(((pathPrefix + java.lang.Integer.toString(counter)) + .png)): null

2018-12-14 00:31:55 - [TEST_STEP][PASSED] - Statement - counter = counter + 1: null

2018-12-14 00:31:55 - [TEST_STEP][PASSED] - Statement - PreSaveFile = new java.io.File(((pathPrefix + java.lang.Integer.toString(counter)) + .png)): null

2018-12-14 00:31:55 - [TEST_STEP][PASSED] - Statement - counter = counter + 1: null

2018-12-14 00:31:55 - [TEST_STEP][PASSED] - Statement - PreSaveFile = new java.io.File(((pathPrefix + java.lang.Integer.toString(counter)) + .png)): null

2018-12-14 00:31:55 - [TEST_STEP][PASSED] - Statement - counter = counter + 1: null

2018-12-14 00:31:55 - [TEST_STEP][PASSED] - Statement - PreSaveFile = new java.io.File(((pathPrefix + java.lang.Integer.toString(counter)) + .png)): null

2018-12-14 00:31:55 - [TEST_STEP][PASSED] - Statement - counter = counter + 1: null

2018-12-14 00:31:55 - [TEST_STEP][PASSED] - Statement - PreSaveFile = new java.io.File(((pathPrefix + java.lang.Integer.toString(counter)) + .png)): null

2018-12-14 00:31:55 - [TEST_STEP][PASSED] - Statement - counter = counter + 1: null

2018-12-14 00:31:55 - [TEST_STEP][PASSED] - Statement - PreSaveFile = new java.io.File(((pathPrefix + java.lang.Integer.toString(counter)) + .png)): null

2018-12-14 00:31:55 - [TEST_STEP][PASSED] - Statement - counter = counter + 1: null

2018-12-14 00:31:55 - [TEST_STEP][PASSED] - Statement - PreSaveFile = new java.io.File(((pathPrefix + java.lang.Integer.toString(counter)) + .png)): null

2018-12-14 00:31:55 - [TEST_STEP][PASSED] - Statement - counter = counter + 1: null

2018-12-14 00:31:55 - [TEST_STEP][PASSED] - Statement - PreSaveFile = new java.io.File(((pathPrefix + java.lang.Integer.toString(counter)) + .png)): null

2018-12-14 00:31:55 - [TEST_STEP][PASSED] - Statement - counter = counter + 1: null

2018-12-14 00:31:55 - [TEST_STEP][PASSED] - Statement - PreSaveFile = new java.io.File(((pathPrefix + java.lang.Integer.toString(counter)) + .png)): null

2018-12-14 00:31:55 - [TEST_STEP][PASSED] - Statement - counter = counter + 1: null

2018-12-14 00:31:55 - [TEST_STEP][PASSED] - Statement - PreSaveFile = new java.io.File(((pathPrefix + java.lang.Integer.toString(counter)) + .png)): null

2018-12-14 00:31:55 - [TEST_STEP][PASSED] - Statement - counter = counter + 1: null

2018-12-14 00:31:55 - [TEST_STEP][PASSED] - Statement - PreSaveFile = new java.io.File(((pathPrefix + java.lang.Integer.toString(counter)) + .png)): null

2018-12-14 00:31:55 - [TEST_STEP][PASSED] - Statement - counter = counter + 1: null

2018-12-14 00:31:55 - [TEST_STEP][PASSED] - Statement - PreSaveFile = new java.io.File(((pathPrefix + java.lang.Integer.toString(counter)) + .png)): null

2018-12-14 00:31:55 - [TEST_STEP][PASSED] - Statement - counter = counter + 1: null

2018-12-14 00:31:55 - [TEST_STEP][PASSED] - Statement - PreSaveFile = new java.io.File(((pathPrefix + java.lang.Integer.toString(counter)) + .png)): null

2018-12-14 00:31:55 - [TEST_STEP][PASSED] - Statement - counter = counter + 1: null

2018-12-14 00:31:55 - [TEST_STEP][PASSED] - Statement - PreSaveFile = new java.io.File(((pathPrefix + java.lang.Integer.toString(counter)) + .png)): null

2018-12-14 00:31:55 - [TEST_STEP][PASSED] - Statement - counter = counter + 1: null

2018-12-14 00:31:55 - [TEST_STEP][PASSED] - Statement - PreSaveFile = new java.io.File(((pathPrefix + java.lang.Integer.toString(counter)) + .png)): null

2018-12-14 00:31:55 - [TEST_STEP][PASSED] - Statement - counter = counter + 1: null

2018-12-14 00:31:55 - [TEST_STEP][PASSED] - Statement - PreSaveFile = new java.io.File(((pathPrefix + java.lang.Integer.toString(counter)) + .png)): null

2018-12-14 00:31:55 - [TEST_STEP][PASSED] - Statement - counter = counter + 1: null

2018-12-14 00:31:55 - [TEST_STEP][PASSED] - Statement - PreSaveFile = new java.io.File(((pathPrefix + java.lang.Integer.toString(counter)) + .png)): null

2018-12-14 00:31:55 - [TEST_STEP][PASSED] - Statement - counter = counter + 1: null

2018-12-14 00:31:55 - [TEST_STEP][PASSED] - Statement - PreSaveFile = new java.io.File(((pathPrefix + java.lang.Integer.toString(counter)) + .png)): null

2018-12-14 00:31:55 - [TEST_STEP][PASSED] - Statement - counter = counter + 1: null

2018-12-14 00:31:55 - [TEST_STEP][PASSED] - Statement - PreSaveFile = new java.io.File(((pathPrefix + java.lang.Integer.toString(counter)) + .png)): null

2018-12-14 00:31:55 - [TEST_STEP][PASSED] - Statement - counter = counter + 1: null

2018-12-14 00:31:55 - [TEST_STEP][PASSED] - Statement - PreSaveFile = new java.io.File(((pathPrefix + java.lang.Integer.toString(counter)) + .png)): null

2018-12-14 00:31:55 - [TEST_STEP][PASSED] - Statement - counter = counter + 1: null

2018-12-14 00:31:55 - [TEST_STEP][PASSED] - Statement - PreSaveFile = new java.io.File(((pathPrefix + java.lang.Integer.toString(counter)) + .png)): null

2018-12-14 00:31:55 - [TEST_STEP][PASSED] - Statement - counter = counter + 1: null

2018-12-14 00:31:55 - [TEST_STEP][PASSED] - Statement - PreSaveFile = new java.io.File(((pathPrefix + java.lang.Integer.toString(counter)) + .png)): null

2018-12-14 00:31:55 - [TEST_STEP][PASSED] - Statement - counter = counter + 1: null

2018-12-14 00:31:55 - [TEST_STEP][PASSED] - Statement - PreSaveFile = new java.io.File(((pathPrefix + java.lang.Integer.toString(counter)) + .png)): null

2018-12-14 00:31:55 - [TEST_STEP][PASSED] - Statement - counter = counter + 1: null

2018-12-14 00:31:55 - [TEST_STEP][PASSED] - Statement - PreSaveFile = new java.io.File(((pathPrefix + java.lang.Integer.toString(counter)) + .png)): null

2018-12-14 00:31:55 - [TEST_STEP][PASSED] - Statement - counter = counter + 1: null

2018-12-14 00:31:55 - [TEST_STEP][PASSED] - Statement - PreSaveFile = new java.io.File(((pathPrefix + java.lang.Integer.toString(counter)) + .png)): null

2018-12-14 00:31:55 - [TEST_STEP][PASSED] - Statement - counter = counter + 1: null

2018-12-14 00:31:55 - [TEST_STEP][PASSED] - Statement - PreSaveFile = new java.io.File(((pathPrefix + java.lang.Integer.toString(counter)) + .png)): null

2018-12-14 00:31:55 - [TEST_STEP][PASSED] - Statement - counter = counter + 1: null

2018-12-14 00:31:55 - [TEST_STEP][PASSED] - Statement - PreSaveFile = new java.io.File(((pathPrefix + java.lang.Integer.toString(counter)) + .png)): null

2018-12-14 00:31:55 - [TEST_STEP][PASSED] - Statement - counter = counter + 1: null

2018-12-14 00:31:55 - [TEST_STEP][PASSED] - Statement - PreSaveFile = new java.io.File(((pathPrefix + java.lang.Integer.toString(counter)) + .png)): null

2018-12-14 00:31:55 - [TEST_STEP][PASSED] - Statement - counter = counter + 1: null

2018-12-14 00:31:55 - [TEST_STEP][PASSED] - Statement - PreSaveFile = new java.io.File(((pathPrefix + java.lang.Integer.toString(counter)) + .png)): null

2018-12-14 00:31:55 - [TEST_STEP][PASSED] - Statement - counter = counter + 1: null

2018-12-14 00:31:55 - [TEST_STEP][PASSED] - Statement - PreSaveFile = new java.io.File(((pathPrefix + java.lang.Integer.toString(counter)) + .png)): null

2018-12-14 00:31:55 - [TEST_STEP][PASSED] - Statement - counter = counter + 1: null

2018-12-14 00:31:55 - [TEST_STEP][PASSED] - Statement - PreSaveFile = new java.io.File(((pathPrefix + java.lang.Integer.toString(counter)) + .png)): null

2018-12-14 00:31:55 - [TEST_STEP][PASSED] - Statement - counter = counter + 1: null

2018-12-14 00:31:55 - [TEST_STEP][PASSED] - Statement - PreSaveFile = new java.io.File(((pathPrefix + java.lang.Integer.toString(counter)) + .png)): null

2018-12-14 00:31:55 - [TEST_STEP][PASSED] - Statement - counter = counter + 1: null

2018-12-14 00:31:55 - [TEST_STEP][PASSED] - Statement - PreSaveFile = new java.io.File(((pathPrefix + java.lang.Integer.toString(counter)) + .png)): null

2018-12-14 00:31:55 - [TEST_STEP][PASSED] - Statement - counter = counter + 1: null

2018-12-14 00:31:55 - [TEST_STEP][PASSED] - Statement - PreSaveFile = new java.io.File(((pathPrefix + java.lang.Integer.toString(counter)) + .png)): null

2018-12-14 00:31:55 - [TEST_STEP][PASSED] - Statement - counter = counter + 1: null

2018-12-14 00:31:55 - [TEST_STEP][PASSED] - Statement - PreSaveFile = new java.io.File(((pathPrefix + java.lang.Integer.toString(counter)) + .png)): null

2018-12-14 00:31:55 - [TEST_STEP][PASSED] - Statement - counter = counter + 1: null

2018-12-14 00:31:55 - [TEST_STEP][PASSED] - Statement - PreSaveFile = new java.io.File(((pathPrefix + java.lang.Integer.toString(counter)) + .png)): null

2018-12-14 00:31:55 - [TEST_STEP][PASSED] - Statement - counter = counter + 1: null

2018-12-14 00:31:55 - [TEST_STEP][PASSED] - Statement - PreSaveFile = new java.io.File(((pathPrefix + java.lang.Integer.toString(counter)) + .png)): null

2018-12-14 00:31:55 - [TEST_STEP][PASSED] - Statement - counter = counter + 1: null

2018-12-14 00:31:55 - [TEST_STEP][PASSED] - Statement - PreSaveFile = new java.io.File(((pathPrefix + java.lang.Integer.toString(counter)) + .png)): null

2018-12-14 00:31:55 - [TEST_STEP][PASSED] - Statement - counter = counter + 1: null

2018-12-14 00:31:55 - [TEST_STEP][PASSED] - Statement - PreSaveFile = new java.io.File(((pathPrefix + java.lang.Integer.toString(counter)) + .png)): null

2018-12-14 00:31:55 - [TEST_STEP][PASSED] - Statement - counter = counter + 1: null

2018-12-14 00:31:55 - [TEST_STEP][PASSED] - Statement - PreSaveFile = new java.io.File(((pathPrefix + java.lang.Integer.toString(counter)) + .png)): null

2018-12-14 00:31:55 - [TEST_STEP][PASSED] - Statement - counter = counter + 1: null

2018-12-14 00:31:55 - [TEST_STEP][PASSED] - Statement - PreSaveFile = new java.io.File(((pathPrefix + java.lang.Integer.toString(counter)) + .png)): null

2018-12-14 00:31:55 - [TEST_STEP][PASSED] - Statement - counter = counter + 1: null

2018-12-14 00:31:55 - [TEST_STEP][PASSED] - Statement - PreSaveFile = new java.io.File(((pathPrefix + java.lang.Integer.toString(counter)) + .png)): null

2018-12-14 00:31:55 - [TEST_STEP][PASSED] - Statement - counter = counter + 1: null

2018-12-14 00:31:55 - [TEST_STEP][PASSED] - Statement - PreSaveFile = new java.io.File(((pathPrefix + java.lang.Integer.toString(counter)) + .png)): null

2018-12-14 00:31:55 - [TEST_STEP][PASSED] - Statement - counter = counter + 1: null

2018-12-14 00:31:55 - [TEST_STEP][PASSED] - Statement - PreSaveFile = new java.io.File(((pathPrefix + java.lang.Integer.toString(counter)) + .png)): null

2018-12-14 00:31:55 - [TEST_STEP][PASSED] - Statement - counter = counter + 1: null

2018-12-14 00:31:55 - [TEST_STEP][PASSED] - Statement - PreSaveFile = new java.io.File(((pathPrefix + java.lang.Integer.toString(counter)) + .png)): null

2018-12-14 00:31:55 - [TEST_STEP][PASSED] - Statement - counter = counter + 1: null

2018-12-14 00:31:55 - [TEST_STEP][PASSED] - Statement - PreSaveFile = new java.io.File(((pathPrefix + java.lang.Integer.toString(counter)) + .png)): null

2018-12-14 00:31:55 - [TEST_STEP][PASSED] - Statement - counter = counter + 1: null

2018-12-14 00:31:55 - [TEST_STEP][PASSED] - Statement - PreSaveFile = new java.io.File(((pathPrefix + java.lang.Integer.toString(counter)) + .png)): null

2018-12-14 00:31:55 - [TEST_STEP][PASSED] - Statement - counter = counter + 1: null

2018-12-14 00:31:55 - [TEST_STEP][PASSED] - Statement - PreSaveFile = new java.io.File(((pathPrefix + java.lang.Integer.toString(counter)) + .png)): null

2018-12-14 00:31:55 - [TEST_STEP][PASSED] - Statement - counter = counter + 1: null

2018-12-14 00:31:55 - [TEST_STEP][PASSED] - Statement - PreSaveFile = new java.io.File(((pathPrefix + java.lang.Integer.toString(counter)) + .png)): null

2018-12-14 00:31:55 - [TEST_STEP][PASSED] - Statement - counter = counter + 1: null

2018-12-14 00:31:55 - [TEST_STEP][PASSED] - Statement - PreSaveFile = new java.io.File(((pathPrefix + java.lang.Integer.toString(counter)) + .png)): null

2018-12-14 00:31:55 - [TEST_STEP][PASSED] - Statement - counter = counter + 1: null

2018-12-14 00:31:55 - [TEST_STEP][PASSED] - Statement - PreSaveFile = new java.io.File(((pathPrefix + java.lang.Integer.toString(counter)) + .png)): null

2018-12-14 00:31:55 - [TEST_STEP][PASSED] - Statement - counter = counter + 1: null

2018-12-14 00:31:55 - [TEST_STEP][PASSED] - Statement - PreSaveFile = new java.io.File(((pathPrefix + java.lang.Integer.toString(counter)) + .png)): null

2018-12-14 00:31:55 - [TEST_STEP][PASSED] - Statement - counter = counter + 1: null

2018-12-14 00:31:55 - [TEST_STEP][PASSED] - Statement - PreSaveFile = new java.io.File(((pathPrefix + java.lang.Integer.toString(counter)) + .png)): null

2018-12-14 00:31:55 - [TEST_STEP][PASSED] - Statement - counter = counter + 1: null

2018-12-14 00:31:55 - [TEST_STEP][PASSED] - Statement - PreSaveFile = new java.io.File(((pathPrefix + java.lang.Integer.toString(counter)) + .png)): null

2018-12-14 00:31:55 - [TEST_STEP][PASSED] - Statement - counter = counter + 1: null

2018-12-14 00:31:55 - [TEST_STEP][PASSED] - Statement - PreSaveFile = new java.io.File(((pathPrefix + java.lang.Integer.toString(counter)) + .png)): null

2018-12-14 00:31:55 - [TEST_STEP][PASSED] - Statement - counter = counter + 1: null

2018-12-14 00:31:55 - [TEST_STEP][PASSED] - Statement - PreSaveFile = new java.io.File(((pathPrefix + java.lang.Integer.toString(counter)) + .png)): null

2018-12-14 00:31:55 - [TEST_STEP][PASSED] - Statement - counter = counter + 1: null

2018-12-14 00:31:55 - [TEST_STEP][PASSED] - Statement - PreSaveFile = new java.io.File(((pathPrefix + java.lang.Integer.toString(counter)) + .png)): null

2018-12-14 00:31:55 - [TEST_STEP][PASSED] - Statement - counter = counter + 1: null

2018-12-14 00:31:55 - [TEST_STEP][PASSED] - Statement - PreSaveFile = new java.io.File(((pathPrefix + java.lang.Integer.toString(counter)) + .png)): null

2018-12-14 00:31:55 - [TEST_STEP][PASSED] - Statement - counter = counter + 1: null

2018-12-14 00:31:55 - [TEST_STEP][PASSED] - Statement - PreSaveFile = new java.io.File(((pathPrefix + java.lang.Integer.toString(counter)) + .png)): null

2018-12-14 00:31:55 - [TEST_STEP][PASSED] - Statement - counter = counter + 1: null

2018-12-14 00:31:55 - [TEST_STEP][PASSED] - Statement - PreSaveFile = new java.io.File(((pathPrefix + java.lang.Integer.toString(counter)) + .png)): null

2018-12-14 00:31:55 - [TEST_STEP][PASSED] - Statement - counter = counter + 1: null

2018-12-14 00:31:55 - [TEST_STEP][PASSED] - Statement - PreSaveFile = new java.io.File(((pathPrefix + java.lang.Integer.toString(counter)) + .png)): null

2018-12-14 00:31:55 - [TEST_STEP][PASSED] - Statement - counter = counter + 1: null

2018-12-14 00:31:55 - [TEST_STEP][PASSED] - Statement - PreSaveFile = new java.io.File(((pathPrefix + java.lang.Integer.toString(counter)) + .png)): null

2018-12-14 00:31:55 - [TEST_STEP][PASSED] - Statement - counter = counter + 1: null

2018-12-14 00:31:55 - [TEST_STEP][PASSED] - Statement - PreSaveFile = new java.io.File(((pathPrefix + java.lang.Integer.toString(counter)) + .png)): null

2018-12-14 00:31:55 - [TEST_STEP][PASSED] - Statement - counter = counter + 1: null

2018-12-14 00:31:55 - [TEST_STEP][PASSED] - Statement - PreSaveFile = new java.io.File(((pathPrefix + java.lang.Integer.toString(counter)) + .png)): null

2018-12-14 00:31:55 - [TEST_STEP][PASSED] - Statement - counter = counter + 1: null

2018-12-14 00:31:55 - [TEST_STEP][PASSED] - Statement - PreSaveFile = new java.io.File(((pathPrefix + java.lang.Integer.toString(counter)) + .png)): null

2018-12-14 00:31:55 - [TEST_STEP][PASSED] - Statement - counter = counter + 1: null

2018-12-14 00:31:55 - [TEST_STEP][PASSED] - Statement - PreSaveFile = new java.io.File(((pathPrefix + java.lang.Integer.toString(counter)) + .png)): null

2018-12-14 00:31:55 - [TEST_STEP][PASSED] - Statement - counter = counter + 1: null

2018-12-14 00:31:55 - [TEST_STEP][PASSED] - Statement - PreSaveFile = new java.io.File(((pathPrefix + java.lang.Integer.toString(counter)) + .png)): null

2018-12-14 00:31:55 - [TEST_STEP][PASSED] - Statement - counter = counter + 1: null

2018-12-14 00:31:55 - [TEST_STEP][PASSED] - Statement - PreSaveFile = new java.io.File(((pathPrefix + java.lang.Integer.toString(counter)) + .png)): null

2018-12-14 00:31:55 - [TEST_STEP][PASSED] - Statement - counter = counter + 1: null

2018-12-14 00:31:55 - [TEST_STEP][PASSED] - Statement - PreSaveFile = new java.io.File(((pathPrefix + java.lang.Integer.toString(counter)) + .png)): null

2018-12-14 00:31:55 - [TEST_STEP][PASSED] - Statement - counter = counter + 1: null

2018-12-14 00:31:55 - [TEST_STEP][PASSED] - Statement - PreSaveFile = new java.io.File(((pathPrefix + java.lang.Integer.toString(counter)) + .png)): null

2018-12-14 00:31:55 - [TEST_STEP][PASSED] - Statement - counter = counter + 1: null

2018-12-14 00:31:55 - [TEST_STEP][PASSED] - Statement - PreSaveFile = new java.io.File(((pathPrefix + java.lang.Integer.toString(counter)) + .png)): null

2018-12-14 00:31:55 - [TEST_STEP][PASSED] - Statement - counter = counter + 1: null

2018-12-14 00:31:55 - [TEST_STEP][PASSED] - Statement - PreSaveFile = new java.io.File(((pathPrefix + java.lang.Integer.toString(counter)) + .png)): null

2018-12-14 00:31:55 - [TEST_STEP][PASSED] - Statement - counter = counter + 1: null

2018-12-14 00:31:55 - [TEST_STEP][PASSED] - Statement - PreSaveFile = new java.io.File(((pathPrefix + java.lang.Integer.toString(counter)) + .png)): null

2018-12-14 00:31:55 - [TEST_STEP][PASSED] - Statement - counter = counter + 1: null

2018-12-14 00:31:55 - [TEST_STEP][PASSED] - Statement - PreSaveFile = new java.io.File(((pathPrefix + java.lang.Integer.toString(counter)) + .png)): null

2018-12-14 00:31:55 - [TEST_STEP][PASSED] - Statement - counter = counter + 1: null

2018-12-14 00:31:55 - [TEST_STEP][PASSED] - Statement - PreSaveFile = new java.io.File(((pathPrefix + java.lang.Integer.toString(counter)) + .png)): null

2018-12-14 00:31:55 - [TEST_STEP][PASSED] - Statement - counter = counter + 1: null

2018-12-14 00:31:55 - [TEST_STEP][PASSED] - Statement - PreSaveFile = new java.io.File(((pathPrefix + java.lang.Integer.toString(counter)) + .png)): null

2018-12-14 00:31:55 - [TEST_STEP][PASSED] - Statement - counter = counter + 1: null

2018-12-14 00:31:55 - [TEST_STEP][PASSED] - Statement - PreSaveFile = new java.io.File(((pathPrefix + java.lang.Integer.toString(counter)) + .png)): null

2018-12-14 00:31:55 - [TEST_STEP][PASSED] - Statement - counter = counter + 1: null

2018-12-14 00:31:55 - [TEST_STEP][PASSED] - Statement - PreSaveFile = new java.io.File(((pathPrefix + java.lang.Integer.toString(counter)) + .png)): null

2018-12-14 00:31:55 - [TEST_STEP][PASSED] - Statement - counter = counter + 1: null

2018-12-14 00:31:55 - [TEST_STEP][PASSED] - Statement - PreSaveFile = new java.io.File(((pathPrefix + java.lang.Integer.toString(counter)) + .png)): null

2018-12-14 00:31:55 - [TEST_STEP][PASSED] - Statement - counter = counter + 1: null

2018-12-14 00:31:55 - [TEST_STEP][PASSED] - Statement - PreSaveFile = new java.io.File(((pathPrefix + java.lang.Integer.toString(counter)) + .png)): null

2018-12-14 00:31:55 - [TEST_STEP][PASSED] - Statement - counter = counter + 1: null

2018-12-14 00:31:55 - [TEST_STEP][PASSED] - Statement - PreSaveFile = new java.io.File(((pathPrefix + java.lang.Integer.toString(counter)) + .png)): null

2018-12-14 00:31:55 - [TEST_STEP][PASSED] - Statement - counter = counter + 1: null

2018-12-14 00:31:55 - [TEST_STEP][PASSED] - Statement - PreSaveFile = new java.io.File(((pathPrefix + java.lang.Integer.toString(counter)) + .png)): null

2018-12-14 00:31:55 - [TEST_STEP][PASSED] - Statement - counter = counter + 1: null

2018-12-14 00:31:55 - [TEST_STEP][PASSED] - Statement - PreSaveFile = new java.io.File(((pathPrefix + java.lang.Integer.toString(counter)) + .png)): null

2018-12-14 00:31:55 - [TEST_STEP][PASSED] - Statement - counter = counter + 1: null

2018-12-14 00:31:55 - [TEST_STEP][PASSED] - Statement - PreSaveFile = new java.io.File(((pathPrefix + java.lang.Integer.toString(counter)) + .png)): null

2018-12-14 00:31:55 - [TEST_STEP][PASSED] - Statement - counter = counter + 1: null

2018-12-14 00:31:55 - [TEST_STEP][PASSED] - Statement - PreSaveFile = new java.io.File(((pathPrefix + java.lang.Integer.toString(counter)) + .png)): null

2018-12-14 00:31:55 - [TEST_STEP][PASSED] - Statement - counter = counter + 1: null

2018-12-14 00:31:55 - [TEST_STEP][PASSED] - Statement - PreSaveFile = new java.io.File(((pathPrefix + java.lang.Integer.toString(counter)) + .png)): null

2018-12-14 00:31:55 - [TEST_STEP][PASSED] - Statement - counter = counter + 1: null

2018-12-14 00:31:55 - [TEST_STEP][PASSED] - Statement - PreSaveFile = new java.io.File(((pathPrefix + java.lang.Integer.toString(counter)) + .png)): null

2018-12-14 00:31:55 - [TEST_STEP][PASSED] - Statement - counter = counter + 1: null

2018-12-14 00:31:55 - [TEST_STEP][PASSED] - Statement - PreSaveFile = new java.io.File(((pathPrefix + java.lang.Integer.toString(counter)) + .png)): null

2018-12-14 00:31:55 - [TEST_STEP][PASSED] - Statement - counter = counter + 1: null

2018-12-14 00:31:55 - [TEST_STEP][PASSED] - Statement - PreSaveFile = new java.io.File(((pathPrefix + java.lang.Integer.toString(counter)) + .png)): null

2018-12-14 00:31:55 - [TEST_STEP][PASSED] - Statement - counter = counter + 1: null

2018-12-14 00:31:55 - [TEST_STEP][PASSED] - Statement - PreSaveFile = new java.io.File(((pathPrefix + java.lang.Integer.toString(counter)) + .png)): null

2018-12-14 00:31:55 - [TEST_STEP][PASSED] - Statement - counter = counter + 1: null

2018-12-14 00:31:55 - [TEST_STEP][PASSED] - Statement - PreSaveFile = new java.io.File(((pathPrefix + java.lang.Integer.toString(counter)) + .png)): null

2018-12-14 00:31:55 - [TEST_STEP][PASSED] - Statement - counter = counter + 1: null

2018-12-14 00:31:55 - [TEST_STEP][PASSED] - Statement - PreSaveFile = new java.io.File(((pathPrefix + java.lang.Integer.toString(counter)) + .png)): null

2018-12-14 00:31:55 - [TEST_STEP][PASSED] - Statement - counter = counter + 1: null

2018-12-14 00:31:55 - [TEST_STEP][PASSED] - Statement - PreSaveFile = new java.io.File(((pathPrefix + java.lang.Integer.toString(counter)) + .png)): null

2018-12-14 00:31:55 - [TEST_STEP][PASSED] - Statement - counter = counter + 1: null

2018-12-14 00:31:55 - [TEST_STEP][PASSED] - Statement - PreSaveFile = new java.io.File(((pathPrefix + java.lang.Integer.toString(counter)) + .png)): null

2018-12-14 00:31:55 - [TEST_STEP][PASSED] - Statement - counter = counter + 1: null

2018-12-14 00:31:55 - [TEST_STEP][PASSED] - Statement - PreSaveFile = new java.io.File(((pathPrefix + java.lang.Integer.toString(counter)) + .png)): null

2018-12-14 00:31:55 - [TEST_STEP][PASSED] - Statement - counter = counter + 1: null

2018-12-14 00:31:55 - [TEST_STEP][PASSED] - Statement - PreSaveFile = new java.io.File(((pathPrefix + java.lang.Integer.toString(counter)) + .png)): null

2018-12-14 00:31:55 - [TEST_STEP][PASSED] - Statement - counter = counter + 1: null

2018-12-14 00:31:55 - [TEST_STEP][PASSED] - Statement - PreSaveFile = new java.io.File(((pathPrefix + java.lang.Integer.toString(counter)) + .png)): null

2018-12-14 00:31:55 - [TEST_STEP][PASSED] - Statement - counter = counter + 1: null

2018-12-14 00:31:55 - [TEST_STEP][PASSED] - Statement - PreSaveFile = new java.io.File(((pathPrefix + java.lang.Integer.toString(counter)) + .png)): null

2018-12-14 00:31:55 - [TEST_STEP][PASSED] - Statement - counter = counter + 1: null

2018-12-14 00:31:55 - [TEST_STEP][PASSED] - Statement - PreSaveFile = new java.io.File(((pathPrefix + java.lang.Integer.toString(counter)) + .png)): null

2018-12-14 00:31:55 - [TEST_STEP][PASSED] - Statement - counter = counter + 1: null

2018-12-14 00:31:55 - [TEST_STEP][PASSED] - Statement - PreSaveFile = new java.io.File(((pathPrefix + java.lang.Integer.toString(counter)) + .png)): null

2018-12-14 00:31:55 - [TEST_STEP][PASSED] - Statement - counter = counter + 1: null

2018-12-14 00:31:55 - [TEST_STEP][PASSED] - Statement - PreSaveFile = new java.io.File(((pathPrefix + java.lang.Integer.toString(counter)) + .png)): null

2018-12-14 00:31:55 - [TEST_STEP][PASSED] - Statement - counter = counter + 1: null

2018-12-14 00:31:55 - [TEST_STEP][PASSED] - Statement - PreSaveFile = new java.io.File(((pathPrefix + java.lang.Integer.toString(counter)) + .png)): null

2018-12-14 00:31:55 - [TEST_STEP][PASSED] - Statement - counter = counter + 1: null

2018-12-14 00:31:55 - [TEST_STEP][PASSED] - Statement - PreSaveFile = new java.io.File(((pathPrefix + java.lang.Integer.toString(counter)) + .png)): null

2018-12-14 00:31:55 - [TEST_STEP][PASSED] - Statement - counter = counter + 1: null

2018-12-14 00:31:55 - [TEST_STEP][PASSED] - Statement - PreSaveFile = new java.io.File(((pathPrefix + java.lang.Integer.toString(counter)) + .png)): null

2018-12-14 00:31:55 - [TEST_STEP][PASSED] - Statement - counter = counter + 1: null

2018-12-14 00:31:55 - [TEST_STEP][PASSED] - Statement - PreSaveFile = new java.io.File(((pathPrefix + java.lang.Integer.toString(counter)) + .png)): null

2018-12-14 00:31:55 - [TEST_STEP][PASSED] - Statement - counter = counter + 1: null

2018-12-14 00:31:55 - [TEST_STEP][PASSED] - Statement - PreSaveFile = new java.io.File(((pathPrefix + java.lang.Integer.toString(counter)) + .png)): null

2018-12-14 00:31:55 - [TEST_STEP][PASSED] - Statement - counter = counter + 1: null

2018-12-14 00:31:55 - [TEST_STEP][PASSED] - Statement - PreSaveFile = new java.io.File(((pathPrefix + java.lang.Integer.toString(counter)) + .png)): null

2018-12-14 00:31:55 - [TEST_STEP][PASSED] - Statement - counter = counter + 1: null

2018-12-14 00:31:55 - [TEST_STEP][PASSED] - Statement - PreSaveFile = new java.io.File(((pathPrefix + java.lang.Integer.toString(counter)) + .png)): null

2018-12-14 00:31:55 - [TEST_STEP][PASSED] - Statement - counter = counter + 1: null

2018-12-14 00:31:55 - [TEST_STEP][PASSED] - Statement - PreSaveFile = new java.io.File(((pathPrefix + java.lang.Integer.toString(counter)) + .png)): null

2018-12-14 00:31:55 - [TEST_STEP][PASSED] - Statement - counter = counter + 1: null

2018-12-14 00:31:55 - [TEST_STEP][PASSED] - Statement - PreSaveFile = new java.io.File(((pathPrefix + java.lang.Integer.toString(counter)) + .png)): null

2018-12-14 00:31:55 - [TEST_STEP][PASSED] - Statement - counter = counter + 1: null

2018-12-14 00:31:55 - [TEST_STEP][PASSED] - Statement - PreSaveFile = new java.io.File(((pathPrefix + java.lang.Integer.toString(counter)) + .png)): null

2018-12-14 00:31:55 - [TEST_STEP][PASSED] - Statement - counter = counter + 1: null

2018-12-14 00:31:55 - [TEST_STEP][PASSED] - Statement - PreSaveFile = new java.io.File(((pathPrefix + java.lang.Integer.toString(counter)) + .png)): null

2018-12-14 00:31:55 - [TEST_STEP][PASSED] - Statement - counter = counter + 1: null

2018-12-14 00:31:55 - [TEST_STEP][PASSED] - Statement - PreSaveFile = new java.io.File(((pathPrefix + java.lang.Integer.toString(counter)) + .png)): null

2018-12-14 00:31:55 - [TEST_STEP][PASSED] - Statement - counter = counter + 1: null

2018-12-14 00:31:55 - [TEST_STEP][PASSED] - Statement - PreSaveFile = new java.io.File(((pathPrefix + java.lang.Integer.toString(counter)) + .png)): null

2018-12-14 00:31:55 - [TEST_STEP][PASSED] - Statement - counter = counter + 1: null

2018-12-14 00:31:55 - [TEST_STEP][PASSED] - Statement - PreSaveFile = new java.io.File(((pathPrefix + java.lang.Integer.toString(counter)) + .png)): null

2018-12-14 00:31:55 - [TEST_STEP][PASSED] - Statement - counter = counter + 1: null

2018-12-14 00:31:55 - [TEST_STEP][PASSED] - Statement - PreSaveFile = new java.io.File(((pathPrefix + java.lang.Integer.toString(counter)) + .png)): null

2018-12-14 00:31:55 - [TEST_STEP][PASSED] - Statement - counter = counter + 1: null

2018-12-14 00:31:55 - [TEST_STEP][PASSED] - Statement - PreSaveFile = new java.io.File(((pathPrefix + java.lang.Integer.toString(counter)) + .png)): null

2018-12-14 00:31:55 - [TEST_STEP][PASSED] - Statement - counter = counter + 1: null

2018-12-14 00:31:55 - [TEST_STEP][PASSED] - Statement - PreSaveFile = new java.io.File(((pathPrefix + java.lang.Integer.toString(counter)) + .png)): null

2018-12-14 00:31:55 - [TEST_STEP][PASSED] - Statement - counter = counter + 1: null

2018-12-14 00:31:55 - [TEST_STEP][PASSED] - Statement - PreSaveFile = new java.io.File(((pathPrefix + java.lang.Integer.toString(counter)) + .png)): null

2018-12-14 00:31:55 - [TEST_STEP][PASSED] - Statement - counter = counter + 1: null

2018-12-14 00:31:55 - [TEST_STEP][PASSED] - Statement - PreSaveFile = new java.io.File(((pathPrefix + java.lang.Integer.toString(counter)) + .png)): null

2018-12-14 00:31:55 - [TEST_STEP][PASSED] - Statement - counter = counter + 1: null

2018-12-14 00:31:55 - [TEST_STEP][PASSED] - Statement - PreSaveFile = new java.io.File(((pathPrefix + java.lang.Integer.toString(counter)) + .png)): null

2018-12-14 00:31:55 - [TEST_STEP][PASSED] - Statement - counter = counter + 1: null

2018-12-14 00:31:55 - [TEST_STEP][PASSED] - Statement - PreSaveFile = new java.io.File(((pathPrefix + java.lang.Integer.toString(counter)) + .png)): null

2018-12-14 00:31:55 - [TEST_STEP][PASSED] - Statement - counter = counter + 1: null

2018-12-14 00:31:55 - [TEST_STEP][PASSED] - Statement - PreSaveFile = new java.io.File(((pathPrefix + java.lang.Integer.toString(counter)) + .png)): null

2018-12-14 00:31:55 - [TEST_STEP][PASSED] - Statement - counter = counter + 1: null

2018-12-14 00:31:55 - [TEST_STEP][PASSED] - Statement - PreSaveFile = new java.io.File(((pathPrefix + java.lang.Integer.toString(counter)) + .png)): null

2018-12-14 00:31:55 - [TEST_STEP][PASSED] - Statement - counter = counter + 1: null

2018-12-14 00:31:55 - [TEST_STEP][PASSED] - Statement - PreSaveFile = new java.io.File(((pathPrefix + java.lang.Integer.toString(counter)) + .png)): null

2018-12-14 00:31:55 - [TEST_STEP][PASSED] - Statement - counter = counter + 1: null

2018-12-14 00:31:55 - [TEST_STEP][PASSED] - Statement - PreSaveFile = new java.io.File(((pathPrefix + java.lang.Integer.toString(counter)) + .png)): null

2018-12-14 00:31:55 - [TEST_STEP][PASSED] - Statement - counter = counter + 1: null

2018-12-14 00:31:55 - [TEST_STEP][PASSED] - Statement - PreSaveFile = new java.io.File(((pathPrefix + java.lang.Integer.toString(counter)) + .png)): null

2018-12-14 00:31:55 - [TEST_STEP][PASSED] - Statement - counter = counter + 1: null

2018-12-14 00:31:55 - [TEST_STEP][PASSED] - Statement - PreSaveFile = new java.io.File(((pathPrefix + java.lang.Integer.toString(counter)) + .png)): null

2018-12-14 00:31:55 - [TEST_STEP][PASSED] - Statement - counter = counter + 1: null

2018-12-14 00:31:55 - [TEST_STEP][PASSED] - Statement - PreSaveFile = new java.io.File(((pathPrefix + java.lang.Integer.toString(counter)) + .png)): null

2018-12-14 00:31:55 - [TEST_STEP][PASSED] - Statement - counter = counter + 1: null

2018-12-14 00:31:55 - [TEST_STEP][PASSED] - Statement - PreSaveFile = new java.io.File(((pathPrefix + java.lang.Integer.toString(counter)) + .png)): null

2018-12-14 00:31:55 - [TEST_STEP][PASSED] - Statement - counter = counter + 1: null

2018-12-14 00:31:55 - [TEST_STEP][PASSED] - Statement - PreSaveFile = new java.io.File(((pathPrefix + java.lang.Integer.toString(counter)) + .png)): null

2018-12-14 00:31:55 - [TEST_STEP][PASSED] - Statement - counter = counter + 1: null

2018-12-14 00:31:55 - [TEST_STEP][PASSED] - Statement - PreSaveFile = new java.io.File(((pathPrefix + java.lang.Integer.toString(counter)) + .png)): null

2018-12-14 00:31:55 - [TEST_STEP][PASSED] - Statement - counter = counter + 1: null

2018-12-14 00:31:55 - [TEST_STEP][PASSED] - Statement - PreSaveFile = new java.io.File(((pathPrefix + java.lang.Integer.toString(counter)) + .png)): null

2018-12-14 00:31:55 - [TEST_STEP][PASSED] - Statement - counter = counter + 1: null

2018-12-14 00:31:55 - [TEST_STEP][PASSED] - Statement - PreSaveFile = new java.io.File(((pathPrefix + java.lang.Integer.toString(counter)) + .png)): null

2018-12-14 00:31:55 - [TEST_STEP][PASSED] - Statement - counter = counter + 1: null

2018-12-14 00:31:55 - [TEST_STEP][PASSED] - Statement - PreSaveFile = new java.io.File(((pathPrefix + java.lang.Integer.toString(counter)) + .png)): null

2018-12-14 00:31:55 - [TEST_STEP][PASSED] - Statement - counter = counter + 1: null

2018-12-14 00:31:55 - [TEST_STEP][PASSED] - Statement - PreSaveFile = new java.io.File(((pathPrefix + java.lang.Integer.toString(counter)) + .png)): null

2018-12-14 00:31:55 - [TEST_STEP][PASSED] - Statement - counter = counter + 1: null

2018-12-14 00:31:55 - [TEST_STEP][PASSED] - Statement - PreSaveFile = new java.io.File(((pathPrefix + java.lang.Integer.toString(counter)) + .png)): null

2018-12-14 00:31:55 - [TEST_STEP][PASSED] - Statement - counter = counter + 1: null

2018-12-14 00:31:55 - [TEST_STEP][PASSED] - Statement - PreSaveFile = new java.io.File(((pathPrefix + java.lang.Integer.toString(counter)) + .png)): null

2018-12-14 00:31:55 - [TEST_STEP][PASSED] - Statement - counter = counter + 1: null

2018-12-14 00:31:55 - [TEST_STEP][PASSED] - Statement - PreSaveFile = new java.io.File(((pathPrefix + java.lang.Integer.toString(counter)) + .png)): null

2018-12-14 00:31:55 - [TEST_STEP][PASSED] - Statement - counter = counter + 1: null

2018-12-14 00:31:55 - [TEST_STEP][PASSED] - Statement - PreSaveFile = new java.io.File(((pathPrefix + java.lang.Integer.toString(counter)) + .png)): null

2018-12-14 00:31:55 - [TEST_STEP][PASSED] - Statement - counter = counter + 1: null

2018-12-14 00:31:55 - [TEST_STEP][PASSED] - Statement - PreSaveFile = new java.io.File(((pathPrefix + java.lang.Integer.toString(counter)) + .png)): null

2018-12-14 00:31:55 - [TEST_STEP][PASSED] - Statement - counter = counter + 1: null

2018-12-14 00:31:55 - [TEST_STEP][PASSED] - Statement - PreSaveFile = new java.io.File(((pathPrefix + java.lang.Integer.toString(counter)) + .png)): null

2018-12-14 00:31:55 - [TEST_STEP][PASSED] - Statement - counter = counter + 1: null

2018-12-14 00:31:55 - [TEST_STEP][PASSED] - Statement - PreSaveFile = new java.io.File(((pathPrefix + java.lang.Integer.toString(counter)) + .png)): null

2018-12-14 00:31:55 - [TEST_STEP][PASSED] - Statement - counter = counter + 1: null

2018-12-14 00:31:55 - [TEST_STEP][PASSED] - Statement - PreSaveFile = new java.io.File(((pathPrefix + java.lang.Integer.toString(counter)) + .png)): null

2018-12-14 00:31:55 - [TEST_STEP][PASSED] - Statement - counter = counter + 1: null

2018-12-14 00:31:55 - [TEST_STEP][PASSED] - Statement - PreSaveFile = new java.io.File(((pathPrefix + java.lang.Integer.toString(counter)) + .png)): null

2018-12-14 00:31:55 - [TEST_STEP][PASSED] - Statement - counter = counter + 1: null

2018-12-14 00:31:55 - [TEST_STEP][PASSED] - Statement - PreSaveFile = new java.io.File(((pathPrefix + java.lang.Integer.toString(counter)) + .png)): null

2018-12-14 00:31:55 - [TEST_STEP][PASSED] - Statement - counter = counter + 1: null

2018-12-14 00:31:55 - [TEST_STEP][PASSED] - Statement - PreSaveFile = new java.io.File(((pathPrefix + java.lang.Integer.toString(counter)) + .png)): null

2018-12-14 00:31:55 - [TEST_STEP][PASSED] - Statement - counter = counter + 1: null

2018-12-14 00:31:55 - [TEST_STEP][PASSED] - Statement - PreSaveFile = new java.io.File(((pathPrefix + java.lang.Integer.toString(counter)) + .png)): null

2018-12-14 00:31:55 - [TEST_STEP][PASSED] - Statement - counter = counter + 1: null

2018-12-14 00:31:55 - [TEST_STEP][PASSED] - Statement - PreSaveFile = new java.io.File(((pathPrefix + java.lang.Integer.toString(counter)) + .png)): null

2018-12-14 00:31:55 - [TEST_STEP][PASSED] - Statement - counter = counter + 1: null

2018-12-14 00:31:55 - [TEST_STEP][PASSED] - Statement - PreSaveFile = new java.io.File(((pathPrefix + java.lang.Integer.toString(counter)) + .png)): null

2018-12-14 00:31:55 - [TEST_STEP][PASSED] - Statement - counter = counter + 1: null

2018-12-14 00:31:55 - [TEST_STEP][PASSED] - Statement - PreSaveFile = new java.io.File(((pathPrefix + java.lang.Integer.toString(counter)) + .png)): null

2018-12-14 00:31:55 - [TEST_STEP][PASSED] - Statement - finalPath = pathPrefix + java.lang.Integer.toString(counter) + ".png": null

2018-12-14 00:31:55 - [TEST_STEP][PASSED] - Statement - SaveFile = new java.io.File(finalPath): null

2018-12-14 00:31:55 - [TEST_STEP][PASSED] - Statement - Try: null

2018-12-14 00:31:55 - [TEST_STEP][PASSED] - Statement - org.apache.commons.io.FileUtils.copyFile(scrFile, SaveFile): null

2018-12-14 00:31:55 - [TEST_STEP][PASSED] - Statement - out.println("file kept"): null

2018-12-14 00:31:55 - [TEST_STEP][PASSED] - delay: Delayed 10 second(s)

2018-12-14 00:32:05 - [MESSAGE][PASSED] - Delayed 10 second(s)

2018-12-14 00:32:05 - [MESSAGE][PASSED] - Call Test Case 'Test Cases/Final Aug 2018 - PKS Automation/Common/Screenshoting tool' successfully

2018-12-14 00:32:05 - [TEST_STEP][PASSED] - callTestCase: Call Test Case 'Test Cases/Final Aug 2018 - PKS Automation/Registration Module/Log Out/log out avoiding katalon tagging' successfully

2018-12-14 00:32:05 - [TEST_CASE][PASSED] - Test Cases/Final Aug 2018 - PKS Automation/Registration Module/Log Out/log out avoiding katalon tagging: Test Cases/Final Aug 2018 - PKS Automation/Registration Module/Log Out/log out avoiding katalon tagging

2018-12-14 00:32:05 - [TEST_STEP][PASSED] - navigateToUrl: Navigate to 'https://assist2-uat.perkeso.gov.my/c/portal/logout' successfully

2018-12-14 00:32:06 - [MESSAGE][PASSED] - Navigate to 'https://assist2-uat.perkeso.gov.my/c/portal/logout' successfully

2018-12-14 00:32:06 - [MESSAGE][PASSED] - Call Test Case 'Test Cases/Final Aug 2018 - PKS Automation/Registration Module/Log Out/log out avoiding katalon tagging' successfully

2018-12-14 00:32:06 - [TEST_STEP][PASSED] - delay: Delayed 2 second(s)

2018-12-14 00:32:08 - [MESSAGE][PASSED] - Delayed 2 second(s)

2018-12-14 00:32:08 - [TEST_STEP][PASSED] - setText: Text 'johorro2@gmail.com' is set on object 'Object Repository/Final Object Repo/New Registration - Registration Module Pages/New Reg - OTC to RO/Special Case - All Related Objects/Email TextBox'

2018-12-14 00:32:08 - [MESSAGE][PASSED] - Text 'johorro2@gmail.com' is set on object 'Object Repository/Final Object Repo/New Registration - Registration Module Pages/New Reg - OTC to RO/Special Case - All Related Objects/Email TextBox'

2018-12-14 00:32:08 - [TEST_STEP][PASSED] - click: Object: 'Object Repository/Final Object Repo/New Registration - Registration Module Pages/New Reg - OTC to RO/Special Case - All Related Objects/Next Button' is clicked on

2018-12-14 00:32:09 - [MESSAGE][PASSED] - Object: 'Object Repository/Final Object Repo/New Registration - Registration Module Pages/New Reg - OTC to RO/Special Case - All Related Objects/Next Button' is clicked on

2018-12-14 00:32:09 - [TEST_STEP][PASSED] - delay: Delayed 2 second(s)

2018-12-14 00:32:11 - [MESSAGE][PASSED] - Delayed 2 second(s)

2018-12-14 00:32:11 - [TEST_STEP][PASSED] - setText: Text 'Test1@3456789' is set on object 'Object Repository/Final Object Repo/New Registration - Registration Module Pages/New Reg - OTC to RO/Special Case - All Related Objects/Password TextBox'

2018-12-14 00:32:11 - [MESSAGE][PASSED] - Text 'Test1@3456789' is set on object 'Object Repository/Final Object Repo/New Registration - Registration Module Pages/New Reg - OTC to RO/Special Case - All Related Objects/Password TextBox'

2018-12-14 00:32:11 - [TEST_STEP][PASSED] - delay: Delayed 2 second(s)

2018-12-14 00:32:13 - [MESSAGE][PASSED] - Delayed 2 second(s)

2018-12-14 00:32:13 - [TEST_STEP][PASSED] - click: Object: 'Object Repository/Final Object Repo/New Registration - Registration Module Pages/New Reg - OTC to RO/Special Case - All Related Objects/Login Button' is clicked on

2018-12-14 00:32:13 - [MESSAGE][PASSED] - Object: 'Object Repository/Final Object Repo/New Registration - Registration Module Pages/New Reg - OTC to RO/Special Case - All Related Objects/Login Button' is clicked on

2018-12-14 00:32:13 - [TEST_STEP][PASSED] - delay: Delayed 2 second(s)

2018-12-14 00:32:15 - [MESSAGE][PASSED] - Delayed 2 second(s)

2018-12-14 00:32:15 - [TEST_STEP][PASSED] - Statement - Try: null

2018-12-14 00:32:15 - [TEST_STEP][PASSED] - Statement - Checker = com.kms.katalon.core.webui.keyword.WebUiBuiltInKeywords.verifyElementNotPresent("Final Object Repo/Landing Page/Select to English", 3): null

2018-12-14 00:32:15 - [TEST_STEP][PASSED] - Statement - Catch (Exception e): null

2018-12-14 00:32:15 - [TEST_STEP][PASSED] - Statement - e.printStackTrace(): null

2018-12-14 00:32:15 - [TEST_STEP][PASSED] - click: Object: 'Object Repository/Final Object Repo/New Registration - Registration Module Pages/New Reg - OTC to RO/Special Case - All Related Objects/Expand to Search' is clicked on

2018-12-14 00:32:15 - [MESSAGE][PASSED] - Object: 'Object Repository/Final Object Repo/New Registration - Registration Module Pages/New Reg - OTC to RO/Special Case - All Related Objects/Expand to Search' is clicked on

2018-12-14 00:32:15 - [TEST_STEP][PASSED] - setText: Text 'CRN12201800123322' is set on object 'Object Repository/Final Object Repo/New Registration - Registration Module Pages/New Reg - OTC to RO/Special Case - All Related Objects/TextBox RefNo in Workbasket'

2018-12-14 00:32:15 - [MESSAGE][PASSED] - Text 'CRN12201800123322' is set on object 'Object Repository/Final Object Repo/New Registration - Registration Module Pages/New Reg - OTC to RO/Special Case - All Related Objects/TextBox RefNo in Workbasket'

2018-12-14 00:32:15 - [TEST_STEP][PASSED] - delay: Delayed 2 second(s)

2018-12-14 00:32:17 - [MESSAGE][PASSED] - Delayed 2 second(s)

2018-12-14 00:32:17 - [TEST_STEP][PASSED] - click: Object: 'Object Repository/Final Object Repo/New Registration - Registration Module Pages/New Reg - OTC to RO/Special Case - All Related Objects/Click Search' is clicked on

2018-12-14 00:32:18 - [MESSAGE][PASSED] - Object: 'Object Repository/Final Object Repo/New Registration - Registration Module Pages/New Reg - OTC to RO/Special Case - All Related Objects/Click Search' is clicked on

2018-12-14 00:32:18 - [TEST_STEP][PASSED] - delay: Delayed 2 second(s)

2018-12-14 00:32:20 - [MESSAGE][PASSED] - Delayed 2 second(s)

2018-12-14 00:32:20 - [TEST_STEP][PASSED] - click: Object: 'Object Repository/Final Object Repo/New Registration - Registration Module Pages/New Reg - OTC to RO/Special Case - All Related Objects/Click to Continue Workflow' is clicked on

2018-12-14 00:32:23 - [MESSAGE][PASSED] - Object: 'Object Repository/Final Object Repo/New Registration - Registration Module Pages/New Reg - OTC to RO/Special Case - All Related Objects/Click to Continue Workflow' is clicked on

2018-12-14 00:32:23 - [TEST_STEP][PASSED] - delay: Delayed 2 second(s)

2018-12-14 00:32:25 - [MESSAGE][PASSED] - Delayed 2 second(s)

2018-12-14 00:32:25 - [TEST_STEP][PASSED] - click: Object: 'Object Repository/Final Object Repo/New Registration - Registration Module Pages/New Reg - OTC to RO/Special Case - All Related Objects/Continue Button in verifying case' is clicked on

2018-12-14 00:32:26 - [MESSAGE][PASSED] - Object: 'Object Repository/Final Object Repo/New Registration - Registration Module Pages/New Reg - OTC to RO/Special Case - All Related Objects/Continue Button in verifying case' is clicked on

2018-12-14 00:32:26 - [TEST_STEP][PASSED] - delay: Delayed 2 second(s)

2018-12-14 00:32:28 - [MESSAGE][PASSED] - Delayed 2 second(s)

2018-12-14 00:32:28 - [TEST_STEP][PASSED] - click: Object: 'Object Repository/Final Object Repo/New Registration - Registration Module Pages/Form 1/Registered As a Branch - Yes' is clicked on

2018-12-14 00:32:29 - [MESSAGE][PASSED] - Object: 'Object Repository/Final Object Repo/New Registration - Registration Module Pages/Form 1/Registered As a Branch - Yes' is clicked on

2018-12-14 00:32:29 - [TEST_STEP][PASSED] - delay: Delayed 2 second(s)

2018-12-14 00:32:31 - [MESSAGE][PASSED] - Delayed 2 second(s)

2018-12-14 00:32:31 - [TEST_STEP][PASSED] - click: Object: 'Object Repository/Final Object Repo/New Registration - Registration Module Pages/New Reg - OTC to RO/Special Case - All Related Objects/Form 1 Save n Continue' is clicked on

2018-12-14 00:32:31 - [MESSAGE][PASSED] - Object: 'Object Repository/Final Object Repo/New Registration - Registration Module Pages/New Reg - OTC to RO/Special Case - All Related Objects/Form 1 Save n Continue' is clicked on

2018-12-14 00:32:31 - [TEST_STEP][PASSED] - delay: Delayed 2 second(s)

2018-12-14 00:32:33 - [MESSAGE][PASSED] - Delayed 2 second(s)

2018-12-14 00:32:33 - [TEST_STEP][PASSED] - click: Object: 'Object Repository/Final Object Repo/New Registration - Registration Module Pages/New Reg - OTC to RO/Special Case - All Related Objects/Form 2 Save n Continue' is clicked on

2018-12-14 00:32:33 - [MESSAGE][PASSED] - Object: 'Object Repository/Final Object Repo/New Registration - Registration Module Pages/New Reg - OTC to RO/Special Case - All Related Objects/Form 2 Save n Continue' is clicked on

2018-12-14 00:32:33 - [TEST_STEP][PASSED] - delay: Delayed 2 second(s)

2018-12-14 00:32:35 - [MESSAGE][PASSED] - Delayed 2 second(s)

2018-12-14 00:32:35 - [TEST_STEP][PASSED] - click: Object: 'Object Repository/Final Object Repo/New Registration - Registration Module Pages/New Reg - OTC to RO/Special Case - All Related Objects/Third Screen Save n Continue' is clicked on

2018-12-14 00:32:40 - [MESSAGE][PASSED] - Object: 'Object Repository/Final Object Repo/New Registration - Registration Module Pages/New Reg - OTC to RO/Special Case - All Related Objects/Third Screen Save n Continue' is clicked on

2018-12-14 00:32:40 - [TEST_STEP][PASSED] - delay: Delayed 5 second(s)

2018-12-14 00:32:45 - [MESSAGE][PASSED] - Delayed 5 second(s)

2018-12-14 00:32:45 - [TEST_STEP][PASSED] - click: Object: 'Object Repository/Final Object Repo/New Registration - Registration Module Pages/New Reg - OTC to RO/Special Case - All Related Objects/Upload Doc Page Save n Continue' is clicked on

2018-12-14 00:32:46 - [MESSAGE][PASSED] - Object: 'Object Repository/Final Object Repo/New Registration - Registration Module Pages/New Reg - OTC to RO/Special Case - All Related Objects/Upload Doc Page Save n Continue' is clicked on

2018-12-14 00:32:46 - [TEST_STEP][PASSED] - delay: Delayed 5 second(s)

2018-12-14 00:32:51 - [MESSAGE][PASSED] - Delayed 5 second(s)

2018-12-14 00:32:51 - [TEST_STEP][PASSED] - callTestCase: Call Test Case 'Test Cases/Final Aug 2018 - PKS Automation/Registration Module/New Registration/Submit and Screenshot/Submit Registration and Screenshot' successfully

2018-12-14 00:32:51 - [TEST_CASE][PASSED] - Test Cases/Final Aug 2018 - PKS Automation/Registration Module/New Registration/Submit and Screenshot/Submit Registration and Screenshot: Test Cases/Final Aug 2018 - PKS Automation/Registration Module/New Registration/Submit and Screenshot/Submit Registration and Screenshot

2018-12-14 00:32:51 - [TEST_STEP][PASSED] - delay: Delayed 6 second(s)

2018-12-14 00:32:57 - [MESSAGE][PASSED] - Delayed 6 second(s)

2018-12-14 00:32:57 - [TEST_STEP][PASSED] - click: Object: 'Object Repository/Final Object Repo/New Registration - Registration Module Pages/Third Screen - Upload Supporting Doc- Preview/Preview Submit Button' is clicked on

2018-12-14 00:32:57 - [MESSAGE][PASSED] - Object: 'Object Repository/Final Object Repo/New Registration - Registration Module Pages/Third Screen - Upload Supporting Doc- Preview/Preview Submit Button' is clicked on

2018-12-14 00:32:57 - [TEST_STEP][PASSED] - delay: Delayed 2 second(s)

2018-12-14 00:32:59 - [MESSAGE][PASSED] - Delayed 2 second(s)

2018-12-14 00:32:59 - [TEST_STEP][PASSED] - click: Object: 'Object Repository/Final Object Repo/New Registration - Registration Module Pages/Third Screen - Upload Supporting Doc- Preview/Preview Submit - Confirm' is clicked on

2018-12-14 00:32:59 - [MESSAGE][PASSED] - Object: 'Object Repository/Final Object Repo/New Registration - Registration Module Pages/Third Screen - Upload Supporting Doc- Preview/Preview Submit - Confirm' is clicked on

2018-12-14 00:32:59 - [TEST_STEP][PASSED] - delay: Delayed 15 second(s)

2018-12-14 00:33:14 - [MESSAGE][PASSED] - Delayed 15 second(s)

2018-12-14 00:33:14 - [TEST_STEP][PASSED] - Statement - driver = com.kms.katalon.core.webui.driver.DriverFactory.getWebDriver(): null

2018-12-14 00:33:14 - [TEST_STEP][PASSED] - Statement - driver.manage().timeouts().implicitlyWait(10, SECONDS): null

2018-12-14 00:33:14 - [TEST_STEP][PASSED] - Statement - PresavePath = KatalonScreenshots: null

2018-12-14 00:33:14 - [TEST_STEP][PASSED] - Statement - pathPrefix = "C:\Users\Public\Pictures\Sample Pictures\Katalon Screenshots\Automate Ending Screen": null

2018-12-14 00:33:14 - [TEST_STEP][PASSED] - Statement - finalPath = <not implemented yet for class: org.codehaus.groovy.ast.expr.EmptyExpression>: null

2018-12-14 00:33:14 - [TEST_STEP][PASSED] - Statement - scrFile = driver.getScreenshotAs(FILE): null

2018-12-14 00:33:14 - [TEST_STEP][PASSED] - Statement - PreSaveFile = new java.io.File(PresavePath): null

2018-12-14 00:33:14 - [TEST_STEP][PASSED] - Statement - counter = 0: null

2018-12-14 00:33:14 - [TEST_STEP][PASSED] - Statement - If (PreSaveFile.exists()): null

2018-12-14 00:33:14 - [TEST_STEP][PASSED] - Statement - While (PreSaveFile.exists()): null

2018-12-14 00:33:14 - [TEST_STEP][PASSED] - Statement - counter = counter + 1: null

2018-12-14 00:33:14 - [TEST_STEP][PASSED] - Statement - PreSaveFile = new java.io.File(((pathPrefix + java.lang.Integer.toString(counter)) + .png)): null

2018-12-14 00:33:14 - [TEST_STEP][PASSED] - Statement - counter = counter + 1: null

2018-12-14 00:33:14 - [TEST_STEP][PASSED] - Statement - PreSaveFile = new java.io.File(((pathPrefix + java.lang.Integer.toString(counter)) + .png)): null

2018-12-14 00:33:14 - [TEST_STEP][PASSED] - Statement - counter = counter + 1: null

2018-12-14 00:33:14 - [TEST_STEP][PASSED] - Statement - PreSaveFile = new java.io.File(((pathPrefix + java.lang.Integer.toString(counter)) + .png)): null

2018-12-14 00:33:14 - [TEST_STEP][PASSED] - Statement - counter = counter + 1: null

2018-12-14 00:33:14 - [TEST_STEP][PASSED] - Statement - PreSaveFile = new java.io.File(((pathPrefix + java.lang.Integer.toString(counter)) + .png)): null

2018-12-14 00:33:14 - [TEST_STEP][PASSED] - Statement - counter = counter + 1: null

2018-12-14 00:33:14 - [TEST_STEP][PASSED] - Statement - PreSaveFile = new java.io.File(((pathPrefix + java.lang.Integer.toString(counter)) + .png)): null

2018-12-14 00:33:14 - [TEST_STEP][PASSED] - Statement - counter = counter + 1: null

2018-12-14 00:33:14 - [TEST_STEP][PASSED] - Statement - PreSaveFile = new java.io.File(((pathPrefix + java.lang.Integer.toString(counter)) + .png)): null

2018-12-14 00:33:14 - [TEST_STEP][PASSED] - Statement - counter = counter + 1: null

2018-12-14 00:33:14 - [TEST_STEP][PASSED] - Statement - PreSaveFile = new java.io.File(((pathPrefix + java.lang.Integer.toString(counter)) + .png)): null

2018-12-14 00:33:14 - [TEST_STEP][PASSED] - Statement - counter = counter + 1: null

2018-12-14 00:33:14 - [TEST_STEP][PASSED] - Statement - PreSaveFile = new java.io.File(((pathPrefix + java.lang.Integer.toString(counter)) + .png)): null

2018-12-14 00:33:14 - [TEST_STEP][PASSED] - Statement - counter = counter + 1: null

2018-12-14 00:33:14 - [TEST_STEP][PASSED] - Statement - PreSaveFile = new java.io.File(((pathPrefix + java.lang.Integer.toString(counter)) + .png)): null

2018-12-14 00:33:14 - [TEST_STEP][PASSED] - Statement - counter = counter + 1: null

2018-12-14 00:33:14 - [TEST_STEP][PASSED] - Statement - PreSaveFile = new java.io.File(((pathPrefix + java.lang.Integer.toString(counter)) + .png)): null

2018-12-14 00:33:14 - [TEST_STEP][PASSED] - Statement - counter = counter + 1: null

2018-12-14 00:33:14 - [TEST_STEP][PASSED] - Statement - PreSaveFile = new java.io.File(((pathPrefix + java.lang.Integer.toString(counter)) + .png)): null

2018-12-14 00:33:14 - [TEST_STEP][PASSED] - Statement - counter = counter + 1: null

2018-12-14 00:33:14 - [TEST_STEP][PASSED] - Statement - PreSaveFile = new java.io.File(((pathPrefix + java.lang.Integer.toString(counter)) + .png)): null

2018-12-14 00:33:14 - [TEST_STEP][PASSED] - Statement - counter = counter + 1: null

2018-12-14 00:33:14 - [TEST_STEP][PASSED] - Statement - PreSaveFile = new java.io.File(((pathPrefix + java.lang.Integer.toString(counter)) + .png)): null

2018-12-14 00:33:14 - [TEST_STEP][PASSED] - Statement - counter = counter + 1: null

2018-12-14 00:33:14 - [TEST_STEP][PASSED] - Statement - PreSaveFile = new java.io.File(((pathPrefix + java.lang.Integer.toString(counter)) + .png)): null

2018-12-14 00:33:14 - [TEST_STEP][PASSED] - Statement - counter = counter + 1: null

2018-12-14 00:33:14 - [TEST_STEP][PASSED] - Statement - PreSaveFile = new java.io.File(((pathPrefix + java.lang.Integer.toString(counter)) + .png)): null

2018-12-14 00:33:14 - [TEST_STEP][PASSED] - Statement - counter = counter + 1: null

2018-12-14 00:33:14 - [TEST_STEP][PASSED] - Statement - PreSaveFile = new java.io.File(((pathPrefix + java.lang.Integer.toString(counter)) + .png)): null

2018-12-14 00:33:14 - [TEST_STEP][PASSED] - Statement - counter = counter + 1: null

2018-12-14 00:33:14 - [TEST_STEP][PASSED] - Statement - PreSaveFile = new java.io.File(((pathPrefix + java.lang.Integer.toString(counter)) + .png)): null

2018-12-14 00:33:14 - [TEST_STEP][PASSED] - Statement - counter = counter + 1: null

2018-12-14 00:33:14 - [TEST_STEP][PASSED] - Statement - PreSaveFile = new java.io.File(((pathPrefix + java.lang.Integer.toString(counter)) + .png)): null

2018-12-14 00:33:14 - [TEST_STEP][PASSED] - Statement - counter = counter + 1: null

2018-12-14 00:33:14 - [TEST_STEP][PASSED] - Statement - PreSaveFile = new java.io.File(((pathPrefix + java.lang.Integer.toString(counter)) + .png)): null

2018-12-14 00:33:14 - [TEST_STEP][PASSED] - Statement - counter = counter + 1: null

2018-12-14 00:33:14 - [TEST_STEP][PASSED] - Statement - PreSaveFile = new java.io.File(((pathPrefix + java.lang.Integer.toString(counter)) + .png)): null

2018-12-14 00:33:14 - [TEST_STEP][PASSED] - Statement - counter = counter + 1: null

2018-12-14 00:33:14 - [TEST_STEP][PASSED] - Statement - PreSaveFile = new java.io.File(((pathPrefix + java.lang.Integer.toString(counter)) + .png)): null

2018-12-14 00:33:14 - [TEST_STEP][PASSED] - Statement - counter = counter + 1: null

2018-12-14 00:33:14 - [TEST_STEP][PASSED] - Statement - PreSaveFile = new java.io.File(((pathPrefix + java.lang.Integer.toString(counter)) + .png)): null

2018-12-14 00:33:14 - [TEST_STEP][PASSED] - Statement - counter = counter + 1: null

2018-12-14 00:33:14 - [TEST_STEP][PASSED] - Statement - PreSaveFile = new java.io.File(((pathPrefix + java.lang.Integer.toString(counter)) + .png)): null

2018-12-14 00:33:14 - [TEST_STEP][PASSED] - Statement - counter = counter + 1: null

2018-12-14 00:33:14 - [TEST_STEP][PASSED] - Statement - PreSaveFile = new java.io.File(((pathPrefix + java.lang.Integer.toString(counter)) + .png)): null

2018-12-14 00:33:14 - [TEST_STEP][PASSED] - Statement - counter = counter + 1: null

2018-12-14 00:33:14 - [TEST_STEP][PASSED] - Statement - PreSaveFile = new java.io.File(((pathPrefix + java.lang.Integer.toString(counter)) + .png)): null

2018-12-14 00:33:14 - [TEST_STEP][PASSED] - Statement - counter = counter + 1: null

2018-12-14 00:33:14 - [TEST_STEP][PASSED] - Statement - PreSaveFile = new java.io.File(((pathPrefix + java.lang.Integer.toString(counter)) + .png)): null

2018-12-14 00:33:14 - [TEST_STEP][PASSED] - Statement - counter = counter + 1: null

2018-12-14 00:33:14 - [TEST_STEP][PASSED] - Statement - PreSaveFile = new java.io.File(((pathPrefix + java.lang.Integer.toString(counter)) + .png)): null

2018-12-14 00:33:14 - [TEST_STEP][PASSED] - Statement - counter = counter + 1: null

2018-12-14 00:33:14 - [TEST_STEP][PASSED] - Statement - PreSaveFile = new java.io.File(((pathPrefix + java.lang.Integer.toString(counter)) + .png)): null

2018-12-14 00:33:14 - [TEST_STEP][PASSED] - Statement - counter = counter + 1: null

2018-12-14 00:33:14 - [TEST_STEP][PASSED] - Statement - PreSaveFile = new java.io.File(((pathPrefix + java.lang.Integer.toString(counter)) + .png)): null

2018-12-14 00:33:14 - [TEST_STEP][PASSED] - Statement - counter = counter + 1: null

2018-12-14 00:33:14 - [TEST_STEP][PASSED] - Statement - PreSaveFile = new java.io.File(((pathPrefix + java.lang.Integer.toString(counter)) + .png)): null

2018-12-14 00:33:14 - [TEST_STEP][PASSED] - Statement - counter = counter + 1: null

2018-12-14 00:33:14 - [TEST_STEP][PASSED] - Statement - PreSaveFile = new java.io.File(((pathPrefix + java.lang.Integer.toString(counter)) + .png)): null

2018-12-14 00:33:14 - [TEST_STEP][PASSED] - Statement - counter = counter + 1: null

2018-12-14 00:33:14 - [TEST_STEP][PASSED] - Statement - PreSaveFile = new java.io.File(((pathPrefix + java.lang.Integer.toString(counter)) + .png)): null

2018-12-14 00:33:14 - [TEST_STEP][PASSED] - Statement - counter = counter + 1: null

2018-12-14 00:33:14 - [TEST_STEP][PASSED] - Statement - PreSaveFile = new java.io.File(((pathPrefix + java.lang.Integer.toString(counter)) + .png)): null

2018-12-14 00:33:14 - [TEST_STEP][PASSED] - Statement - counter = counter + 1: null

2018-12-14 00:33:14 - [TEST_STEP][PASSED] - Statement - PreSaveFile = new java.io.File(((pathPrefix + java.lang.Integer.toString(counter)) + .png)): null

2018-12-14 00:33:14 - [TEST_STEP][PASSED] - Statement - counter = counter + 1: null

2018-12-14 00:33:14 - [TEST_STEP][PASSED] - Statement - PreSaveFile = new java.io.File(((pathPrefix + java.lang.Integer.toString(counter)) + .png)): null

2018-12-14 00:33:14 - [TEST_STEP][PASSED] - Statement - counter = counter + 1: null

2018-12-14 00:33:14 - [TEST_STEP][PASSED] - Statement - PreSaveFile = new java.io.File(((pathPrefix + java.lang.Integer.toString(counter)) + .png)): null

2018-12-14 00:33:14 - [TEST_STEP][PASSED] - Statement - counter = counter + 1: null

2018-12-14 00:33:14 - [TEST_STEP][PASSED] - Statement - PreSaveFile = new java.io.File(((pathPrefix + java.lang.Integer.toString(counter)) + .png)): null

2018-12-14 00:33:14 - [TEST_STEP][PASSED] - Statement - counter = counter + 1: null

2018-12-14 00:33:14 - [TEST_STEP][PASSED] - Statement - PreSaveFile = new java.io.File(((pathPrefix + java.lang.Integer.toString(counter)) + .png)): null

2018-12-14 00:33:14 - [TEST_STEP][PASSED] - Statement - counter = counter + 1: null

2018-12-14 00:33:14 - [TEST_STEP][PASSED] - Statement - PreSaveFile = new java.io.File(((pathPrefix + java.lang.Integer.toString(counter)) + .png)): null

2018-12-14 00:33:14 - [TEST_STEP][PASSED] - Statement - counter = counter + 1: null

2018-12-14 00:33:14 - [TEST_STEP][PASSED] - Statement - PreSaveFile = new java.io.File(((pathPrefix + java.lang.Integer.toString(counter)) + .png)): null

2018-12-14 00:33:14 - [TEST_STEP][PASSED] - Statement - counter = counter + 1: null

2018-12-14 00:33:14 - [TEST_STEP][PASSED] - Statement - PreSaveFile = new java.io.File(((pathPrefix + java.lang.Integer.toString(counter)) + .png)): null

2018-12-14 00:33:14 - [TEST_STEP][PASSED] - Statement - counter = counter + 1: null

2018-12-14 00:33:14 - [TEST_STEP][PASSED] - Statement - PreSaveFile = new java.io.File(((pathPrefix + java.lang.Integer.toString(counter)) + .png)): null

2018-12-14 00:33:14 - [TEST_STEP][PASSED] - Statement - counter = counter + 1: null

2018-12-14 00:33:14 - [TEST_STEP][PASSED] - Statement - PreSaveFile = new java.io.File(((pathPrefix + java.lang.Integer.toString(counter)) + .png)): null

2018-12-14 00:33:14 - [TEST_STEP][PASSED] - Statement - counter = counter + 1: null

2018-12-14 00:33:14 - [TEST_STEP][PASSED] - Statement - PreSaveFile = new java.io.File(((pathPrefix + java.lang.Integer.toString(counter)) + .png)): null

2018-12-14 00:33:14 - [TEST_STEP][PASSED] - Statement - counter = counter + 1: null

2018-12-14 00:33:14 - [TEST_STEP][PASSED] - Statement - PreSaveFile = new java.io.File(((pathPrefix + java.lang.Integer.toString(counter)) + .png)): null

2018-12-14 00:33:14 - [TEST_STEP][PASSED] - Statement - counter = counter + 1: null

2018-12-14 00:33:14 - [TEST_STEP][PASSED] - Statement - PreSaveFile = new java.io.File(((pathPrefix + java.lang.Integer.toString(counter)) + .png)): null

2018-12-14 00:33:14 - [TEST_STEP][PASSED] - Statement - counter = counter + 1: null

2018-12-14 00:33:14 - [TEST_STEP][PASSED] - Statement - PreSaveFile = new java.io.File(((pathPrefix + java.lang.Integer.toString(counter)) + .png)): null

2018-12-14 00:33:14 - [TEST_STEP][PASSED] - Statement - counter = counter + 1: null

2018-12-14 00:33:14 - [TEST_STEP][PASSED] - Statement - PreSaveFile = new java.io.File(((pathPrefix + java.lang.Integer.toString(counter)) + .png)): null

2018-12-14 00:33:14 - [TEST_STEP][PASSED] - Statement - counter = counter + 1: null

2018-12-14 00:33:14 - [TEST_STEP][PASSED] - Statement - PreSaveFile = new java.io.File(((pathPrefix + java.lang.Integer.toString(counter)) + .png)): null

2018-12-14 00:33:14 - [TEST_STEP][PASSED] - Statement - counter = counter + 1: null

2018-12-14 00:33:14 - [TEST_STEP][PASSED] - Statement - PreSaveFile = new java.io.File(((pathPrefix + java.lang.Integer.toString(counter)) + .png)): null

2018-12-14 00:33:14 - [TEST_STEP][PASSED] - Statement - counter = counter + 1: null

2018-12-14 00:33:14 - [TEST_STEP][PASSED] - Statement - PreSaveFile = new java.io.File(((pathPrefix + java.lang.Integer.toString(counter)) + .png)): null

2018-12-14 00:33:14 - [TEST_STEP][PASSED] - Statement - counter = counter + 1: null

2018-12-14 00:33:14 - [TEST_STEP][PASSED] - Statement - PreSaveFile = new java.io.File(((pathPrefix + java.lang.Integer.toString(counter)) + .png)): null

2018-12-14 00:33:14 - [TEST_STEP][PASSED] - Statement - counter = counter + 1: null

2018-12-14 00:33:14 - [TEST_STEP][PASSED] - Statement - PreSaveFile = new java.io.File(((pathPrefix + java.lang.Integer.toString(counter)) + .png)): null

2018-12-14 00:33:14 - [TEST_STEP][PASSED] - Statement - counter = counter + 1: null

2018-12-14 00:33:14 - [TEST_STEP][PASSED] - Statement - PreSaveFile = new java.io.File(((pathPrefix + java.lang.Integer.toString(counter)) + .png)): null

2018-12-14 00:33:14 - [TEST_STEP][PASSED] - Statement - counter = counter + 1: null

2018-12-14 00:33:14 - [TEST_STEP][PASSED] - Statement - PreSaveFile = new java.io.File(((pathPrefix + java.lang.Integer.toString(counter)) + .png)): null

2018-12-14 00:33:14 - [TEST_STEP][PASSED] - Statement - counter = counter + 1: null

2018-12-14 00:33:14 - [TEST_STEP][PASSED] - Statement - PreSaveFile = new java.io.File(((pathPrefix + java.lang.Integer.toString(counter)) + .png)): null

2018-12-14 00:33:14 - [TEST_STEP][PASSED] - Statement - counter = counter + 1: null

2018-12-14 00:33:14 - [TEST_STEP][PASSED] - Statement - PreSaveFile = new java.io.File(((pathPrefix + java.lang.Integer.toString(counter)) + .png)): null

2018-12-14 00:33:14 - [TEST_STEP][PASSED] - Statement - counter = counter + 1: null

2018-12-14 00:33:14 - [TEST_STEP][PASSED] - Statement - PreSaveFile = new java.io.File(((pathPrefix + java.lang.Integer.toString(counter)) + .png)): null

2018-12-14 00:33:14 - [TEST_STEP][PASSED] - Statement - counter = counter + 1: null

2018-12-14 00:33:14 - [TEST_STEP][PASSED] - Statement - PreSaveFile = new java.io.File(((pathPrefix + java.lang.Integer.toString(counter)) + .png)): null

2018-12-14 00:33:14 - [TEST_STEP][PASSED] - Statement - counter = counter + 1: null

2018-12-14 00:33:14 - [TEST_STEP][PASSED] - Statement - PreSaveFile = new java.io.File(((pathPrefix + java.lang.Integer.toString(counter)) + .png)): null

2018-12-14 00:33:14 - [TEST_STEP][PASSED] - Statement - counter = counter + 1: null

2018-12-14 00:33:14 - [TEST_STEP][PASSED] - Statement - PreSaveFile = new java.io.File(((pathPrefix + java.lang.Integer.toString(counter)) + .png)): null

2018-12-14 00:33:14 - [TEST_STEP][PASSED] - Statement - counter = counter + 1: null

2018-12-14 00:33:14 - [TEST_STEP][PASSED] - Statement - PreSaveFile = new java.io.File(((pathPrefix + java.lang.Integer.toString(counter)) + .png)): null

2018-12-14 00:33:14 - [TEST_STEP][PASSED] - Statement - counter = counter + 1: null

2018-12-14 00:33:14 - [TEST_STEP][PASSED] - Statement - PreSaveFile = new java.io.File(((pathPrefix + java.lang.Integer.toString(counter)) + .png)): null

2018-12-14 00:33:14 - [TEST_STEP][PASSED] - Statement - counter = counter + 1: null

2018-12-14 00:33:14 - [TEST_STEP][PASSED] - Statement - PreSaveFile = new java.io.File(((pathPrefix + java.lang.Integer.toString(counter)) + .png)): null

2018-12-14 00:33:14 - [TEST_STEP][PASSED] - Statement - counter = counter + 1: null

2018-12-14 00:33:14 - [TEST_STEP][PASSED] - Statement - PreSaveFile = new java.io.File(((pathPrefix + java.lang.Integer.toString(counter)) + .png)): null

2018-12-14 00:33:14 - [TEST_STEP][PASSED] - Statement - counter = counter + 1: null

2018-12-14 00:33:14 - [TEST_STEP][PASSED] - Statement - PreSaveFile = new java.io.File(((pathPrefix + java.lang.Integer.toString(counter)) + .png)): null

2018-12-14 00:33:14 - [TEST_STEP][PASSED] - Statement - counter = counter + 1: null

2018-12-14 00:33:14 - [TEST_STEP][PASSED] - Statement - PreSaveFile = new java.io.File(((pathPrefix + java.lang.Integer.toString(counter)) + .png)): null

2018-12-14 00:33:14 - [TEST_STEP][PASSED] - Statement - counter = counter + 1: null

2018-12-14 00:33:14 - [TEST_STEP][PASSED] - Statement - PreSaveFile = new java.io.File(((pathPrefix + java.lang.Integer.toString(counter)) + .png)): null

2018-12-14 00:33:14 - [TEST_STEP][PASSED] - Statement - counter = counter + 1: null

2018-12-14 00:33:14 - [TEST_STEP][PASSED] - Statement - PreSaveFile = new java.io.File(((pathPrefix + java.lang.Integer.toString(counter)) + .png)): null

2018-12-14 00:33:14 - [TEST_STEP][PASSED] - Statement - counter = counter + 1: null

2018-12-14 00:33:14 - [TEST_STEP][PASSED] - Statement - PreSaveFile = new java.io.File(((pathPrefix + java.lang.Integer.toString(counter)) + .png)): null

2018-12-14 00:33:14 - [TEST_STEP][PASSED] - Statement - counter = counter + 1: null

2018-12-14 00:33:15 - [TEST_STEP][PASSED] - Statement - PreSaveFile = new java.io.File(((pathPrefix + java.lang.Integer.toString(counter)) + .png)): null

2018-12-14 00:33:15 - [TEST_STEP][PASSED] - Statement - counter = counter + 1: null

2018-12-14 00:33:15 - [TEST_STEP][PASSED] - Statement - PreSaveFile = new java.io.File(((pathPrefix + java.lang.Integer.toString(counter)) + .png)): null

2018-12-14 00:33:15 - [TEST_STEP][PASSED] - Statement - counter = counter + 1: null

2018-12-14 00:33:15 - [TEST_STEP][PASSED] - Statement - PreSaveFile = new java.io.File(((pathPrefix + java.lang.Integer.toString(counter)) + .png)): null

2018-12-14 00:33:15 - [TEST_STEP][PASSED] - Statement - counter = counter + 1: null

2018-12-14 00:33:15 - [TEST_STEP][PASSED] - Statement - PreSaveFile = new java.io.File(((pathPrefix + java.lang.Integer.toString(counter)) + .png)): null

2018-12-14 00:33:15 - [TEST_STEP][PASSED] - Statement - counter = counter + 1: null

2018-12-14 00:33:15 - [TEST_STEP][PASSED] - Statement - PreSaveFile = new java.io.File(((pathPrefix + java.lang.Integer.toString(counter)) + .png)): null

2018-12-14 00:33:15 - [TEST_STEP][PASSED] - Statement - counter = counter + 1: null

2018-12-14 00:33:15 - [TEST_STEP][PASSED] - Statement - PreSaveFile = new java.io.File(((pathPrefix + java.lang.Integer.toString(counter)) + .png)): null

2018-12-14 00:33:15 - [TEST_STEP][PASSED] - Statement - counter = counter + 1: null

2018-12-14 00:33:15 - [TEST_STEP][PASSED] - Statement - PreSaveFile = new java.io.File(((pathPrefix + java.lang.Integer.toString(counter)) + .png)): null

2018-12-14 00:33:15 - [TEST_STEP][PASSED] - Statement - counter = counter + 1: null

2018-12-14 00:33:15 - [TEST_STEP][PASSED] - Statement - PreSaveFile = new java.io.File(((pathPrefix + java.lang.Integer.toString(counter)) + .png)): null

2018-12-14 00:33:15 - [TEST_STEP][PASSED] - Statement - counter = counter + 1: null

2018-12-14 00:33:15 - [TEST_STEP][PASSED] - Statement - PreSaveFile = new java.io.File(((pathPrefix + java.lang.Integer.toString(counter)) + .png)): null

2018-12-14 00:33:15 - [TEST_STEP][PASSED] - Statement - counter = counter + 1: null

2018-12-14 00:33:15 - [TEST_STEP][PASSED] - Statement - PreSaveFile = new java.io.File(((pathPrefix + java.lang.Integer.toString(counter)) + .png)): null

2018-12-14 00:33:15 - [TEST_STEP][PASSED] - Statement - counter = counter + 1: null

2018-12-14 00:33:15 - [TEST_STEP][PASSED] - Statement - PreSaveFile = new java.io.File(((pathPrefix + java.lang.Integer.toString(counter)) + .png)): null

2018-12-14 00:33:15 - [TEST_STEP][PASSED] - Statement - counter = counter + 1: null

2018-12-14 00:33:15 - [TEST_STEP][PASSED] - Statement - PreSaveFile = new java.io.File(((pathPrefix + java.lang.Integer.toString(counter)) + .png)): null

2018-12-14 00:33:15 - [TEST_STEP][PASSED] - Statement - counter = counter + 1: null

2018-12-14 00:33:15 - [TEST_STEP][PASSED] - Statement - PreSaveFile = new java.io.File(((pathPrefix + java.lang.Integer.toString(counter)) + .png)): null

2018-12-14 00:33:15 - [TEST_STEP][PASSED] - Statement - counter = counter + 1: null

2018-12-14 00:33:15 - [TEST_STEP][PASSED] - Statement - PreSaveFile = new java.io.File(((pathPrefix + java.lang.Integer.toString(counter)) + .png)): null

2018-12-14 00:33:15 - [TEST_STEP][PASSED] - Statement - counter = counter + 1: null

2018-12-14 00:33:15 - [TEST_STEP][PASSED] - Statement - PreSaveFile = new java.io.File(((pathPrefix + java.lang.Integer.toString(counter)) + .png)): null

2018-12-14 00:33:15 - [TEST_STEP][PASSED] - Statement - counter = counter + 1: null

2018-12-14 00:33:15 - [TEST_STEP][PASSED] - Statement - PreSaveFile = new java.io.File(((pathPrefix + java.lang.Integer.toString(counter)) + .png)): null

2018-12-14 00:33:15 - [TEST_STEP][PASSED] - Statement - counter = counter + 1: null

2018-12-14 00:33:15 - [TEST_STEP][PASSED] - Statement - PreSaveFile = new java.io.File(((pathPrefix + java.lang.Integer.toString(counter)) + .png)): null

2018-12-14 00:33:15 - [TEST_STEP][PASSED] - Statement - counter = counter + 1: null

2018-12-14 00:33:15 - [TEST_STEP][PASSED] - Statement - PreSaveFile = new java.io.File(((pathPrefix + java.lang.Integer.toString(counter)) + .png)): null

2018-12-14 00:33:15 - [TEST_STEP][PASSED] - Statement - counter = counter + 1: null

2018-12-14 00:33:15 - [TEST_STEP][PASSED] - Statement - PreSaveFile = new java.io.File(((pathPrefix + java.lang.Integer.toString(counter)) + .png)): null

2018-12-14 00:33:15 - [TEST_STEP][PASSED] - Statement - counter = counter + 1: null

2018-12-14 00:33:15 - [TEST_STEP][PASSED] - Statement - PreSaveFile = new java.io.File(((pathPrefix + java.lang.Integer.toString(counter)) + .png)): null

2018-12-14 00:33:15 - [TEST_STEP][PASSED] - Statement - counter = counter + 1: null

2018-12-14 00:33:15 - [TEST_STEP][PASSED] - Statement - PreSaveFile = new java.io.File(((pathPrefix + java.lang.Integer.toString(counter)) + .png)): null

2018-12-14 00:33:15 - [TEST_STEP][PASSED] - Statement - counter = counter + 1: null

2018-12-14 00:33:15 - [TEST_STEP][PASSED] - Statement - PreSaveFile = new java.io.File(((pathPrefix + java.lang.Integer.toString(counter)) + .png)): null

2018-12-14 00:33:15 - [TEST_STEP][PASSED] - Statement - counter = counter + 1: null

2018-12-14 00:33:15 - [TEST_STEP][PASSED] - Statement - PreSaveFile = new java.io.File(((pathPrefix + java.lang.Integer.toString(counter)) + .png)): null

2018-12-14 00:33:15 - [TEST_STEP][PASSED] - Statement - counter = counter + 1: null

2018-12-14 00:33:15 - [TEST_STEP][PASSED] - Statement - PreSaveFile = new java.io.File(((pathPrefix + java.lang.Integer.toString(counter)) + .png)): null

2018-12-14 00:33:15 - [TEST_STEP][PASSED] - Statement - counter = counter + 1: null

2018-12-14 00:33:15 - [TEST_STEP][PASSED] - Statement - PreSaveFile = new java.io.File(((pathPrefix + java.lang.Integer.toString(counter)) + .png)): null

2018-12-14 00:33:15 - [TEST_STEP][PASSED] - Statement - counter = counter + 1: null

2018-12-14 00:33:15 - [TEST_STEP][PASSED] - Statement - PreSaveFile = new java.io.File(((pathPrefix + java.lang.Integer.toString(counter)) + .png)): null

2018-12-14 00:33:15 - [TEST_STEP][PASSED] - Statement - counter = counter + 1: null

2018-12-14 00:33:15 - [TEST_STEP][PASSED] - Statement - PreSaveFile = new java.io.File(((pathPrefix + java.lang.Integer.toString(counter)) + .png)): null

2018-12-14 00:33:15 - [TEST_STEP][PASSED] - Statement - counter = counter + 1: null

2018-12-14 00:33:15 - [TEST_STEP][PASSED] - Statement - PreSaveFile = new java.io.File(((pathPrefix + java.lang.Integer.toString(counter)) + .png)): null

2018-12-14 00:33:15 - [TEST_STEP][PASSED] - Statement - counter = counter + 1: null

2018-12-14 00:33:15 - [TEST_STEP][PASSED] - Statement - PreSaveFile = new java.io.File(((pathPrefix + java.lang.Integer.toString(counter)) + .png)): null

2018-12-14 00:33:15 - [TEST_STEP][PASSED] - Statement - counter = counter + 1: null

2018-12-14 00:33:15 - [TEST_STEP][PASSED] - Statement - PreSaveFile = new java.io.File(((pathPrefix + java.lang.Integer.toString(counter)) + .png)): null

2018-12-14 00:33:15 - [TEST_STEP][PASSED] - Statement - counter = counter + 1: null

2018-12-14 00:33:15 - [TEST_STEP][PASSED] - Statement - PreSaveFile = new java.io.File(((pathPrefix + java.lang.Integer.toString(counter)) + .png)): null

2018-12-14 00:33:15 - [TEST_STEP][PASSED] - Statement - counter = counter + 1: null

2018-12-14 00:33:15 - [TEST_STEP][PASSED] - Statement - PreSaveFile = new java.io.File(((pathPrefix + java.lang.Integer.toString(counter)) + .png)): null

2018-12-14 00:33:15 - [TEST_STEP][PASSED] - Statement - counter = counter + 1: null

2018-12-14 00:33:15 - [TEST_STEP][PASSED] - Statement - PreSaveFile = new java.io.File(((pathPrefix + java.lang.Integer.toString(counter)) + .png)): null

2018-12-14 00:33:15 - [TEST_STEP][PASSED] - Statement - counter = counter + 1: null

2018-12-14 00:33:15 - [TEST_STEP][PASSED] - Statement - PreSaveFile = new java.io.File(((pathPrefix + java.lang.Integer.toString(counter)) + .png)): null

2018-12-14 00:33:15 - [TEST_STEP][PASSED] - Statement - counter = counter + 1: null

2018-12-14 00:33:15 - [TEST_STEP][PASSED] - Statement - PreSaveFile = new java.io.File(((pathPrefix + java.lang.Integer.toString(counter)) + .png)): null

2018-12-14 00:33:15 - [TEST_STEP][PASSED] - Statement - counter = counter + 1: null

2018-12-14 00:33:15 - [TEST_STEP][PASSED] - Statement - PreSaveFile = new java.io.File(((pathPrefix + java.lang.Integer.toString(counter)) + .png)): null

2018-12-14 00:33:15 - [TEST_STEP][PASSED] - Statement - counter = counter + 1: null

2018-12-14 00:33:15 - [TEST_STEP][PASSED] - Statement - PreSaveFile = new java.io.File(((pathPrefix + java.lang.Integer.toString(counter)) + .png)): null

2018-12-14 00:33:15 - [TEST_STEP][PASSED] - Statement - counter = counter + 1: null

2018-12-14 00:33:15 - [TEST_STEP][PASSED] - Statement - PreSaveFile = new java.io.File(((pathPrefix + java.lang.Integer.toString(counter)) + .png)): null

2018-12-14 00:33:15 - [TEST_STEP][PASSED] - Statement - counter = counter + 1: null

2018-12-14 00:33:15 - [TEST_STEP][PASSED] - Statement - PreSaveFile = new java.io.File(((pathPrefix + java.lang.Integer.toString(counter)) + .png)): null

2018-12-14 00:33:15 - [TEST_STEP][PASSED] - Statement - counter = counter + 1: null

2018-12-14 00:33:15 - [TEST_STEP][PASSED] - Statement - PreSaveFile = new java.io.File(((pathPrefix + java.lang.Integer.toString(counter)) + .png)): null

2018-12-14 00:33:15 - [TEST_STEP][PASSED] - Statement - counter = counter + 1: null

2018-12-14 00:33:15 - [TEST_STEP][PASSED] - Statement - PreSaveFile = new java.io.File(((pathPrefix + java.lang.Integer.toString(counter)) + .png)): null

2018-12-14 00:33:15 - [TEST_STEP][PASSED] - Statement - counter = counter + 1: null

2018-12-14 00:33:15 - [TEST_STEP][PASSED] - Statement - PreSaveFile = new java.io.File(((pathPrefix + java.lang.Integer.toString(counter)) + .png)): null

2018-12-14 00:33:15 - [TEST_STEP][PASSED] - Statement - counter = counter + 1: null

2018-12-14 00:33:15 - [TEST_STEP][PASSED] - Statement - PreSaveFile = new java.io.File(((pathPrefix + java.lang.Integer.toString(counter)) + .png)): null

2018-12-14 00:33:15 - [TEST_STEP][PASSED] - Statement - counter = counter + 1: null

2018-12-14 00:33:15 - [TEST_STEP][PASSED] - Statement - PreSaveFile = new java.io.File(((pathPrefix + java.lang.Integer.toString(counter)) + .png)): null

2018-12-14 00:33:15 - [TEST_STEP][PASSED] - Statement - counter = counter + 1: null

2018-12-14 00:33:15 - [TEST_STEP][PASSED] - Statement - PreSaveFile = new java.io.File(((pathPrefix + java.lang.Integer.toString(counter)) + .png)): null

2018-12-14 00:33:15 - [TEST_STEP][PASSED] - Statement - counter = counter + 1: null

2018-12-14 00:33:15 - [TEST_STEP][PASSED] - Statement - PreSaveFile = new java.io.File(((pathPrefix + java.lang.Integer.toString(counter)) + .png)): null

2018-12-14 00:33:15 - [TEST_STEP][PASSED] - Statement - counter = counter + 1: null

2018-12-14 00:33:15 - [TEST_STEP][PASSED] - Statement - PreSaveFile = new java.io.File(((pathPrefix + java.lang.Integer.toString(counter)) + .png)): null

2018-12-14 00:33:15 - [TEST_STEP][PASSED] - Statement - counter = counter + 1: null

2018-12-14 00:33:15 - [TEST_STEP][PASSED] - Statement - PreSaveFile = new java.io.File(((pathPrefix + java.lang.Integer.toString(counter)) + .png)): null

2018-12-14 00:33:15 - [TEST_STEP][PASSED] - Statement - counter = counter + 1: null

2018-12-14 00:33:15 - [TEST_STEP][PASSED] - Statement - PreSaveFile = new java.io.File(((pathPrefix + java.lang.Integer.toString(counter)) + .png)): null

2018-12-14 00:33:15 - [TEST_STEP][PASSED] - Statement - counter = counter + 1: null

2018-12-14 00:33:15 - [TEST_STEP][PASSED] - Statement - PreSaveFile = new java.io.File(((pathPrefix + java.lang.Integer.toString(counter)) + .png)): null

2018-12-14 00:33:15 - [TEST_STEP][PASSED] - Statement - counter = counter + 1: null

2018-12-14 00:33:15 - [TEST_STEP][PASSED] - Statement - PreSaveFile = new java.io.File(((pathPrefix + java.lang.Integer.toString(counter)) + .png)): null

2018-12-14 00:33:15 - [TEST_STEP][PASSED] - Statement - counter = counter + 1: null

2018-12-14 00:33:15 - [TEST_STEP][PASSED] - Statement - PreSaveFile = new java.io.File(((pathPrefix + java.lang.Integer.toString(counter)) + .png)): null

2018-12-14 00:33:15 - [TEST_STEP][PASSED] - Statement - counter = counter + 1: null

2018-12-14 00:33:15 - [TEST_STEP][PASSED] - Statement - PreSaveFile = new java.io.File(((pathPrefix + java.lang.Integer.toString(counter)) + .png)): null

2018-12-14 00:33:15 - [TEST_STEP][PASSED] - Statement - counter = counter + 1: null

2018-12-14 00:33:15 - [TEST_STEP][PASSED] - Statement - PreSaveFile = new java.io.File(((pathPrefix + java.lang.Integer.toString(counter)) + .png)): null

2018-12-14 00:33:15 - [TEST_STEP][PASSED] - Statement - counter = counter + 1: null

2018-12-14 00:33:15 - [TEST_STEP][PASSED] - Statement - PreSaveFile = new java.io.File(((pathPrefix + java.lang.Integer.toString(counter)) + .png)): null

2018-12-14 00:33:15 - [TEST_STEP][PASSED] - Statement - counter = counter + 1: null

2018-12-14 00:33:15 - [TEST_STEP][PASSED] - Statement - PreSaveFile = new java.io.File(((pathPrefix + java.lang.Integer.toString(counter)) + .png)): null

2018-12-14 00:33:15 - [TEST_STEP][PASSED] - Statement - counter = counter + 1: null

2018-12-14 00:33:15 - [TEST_STEP][PASSED] - Statement - PreSaveFile = new java.io.File(((pathPrefix + java.lang.Integer.toString(counter)) + .png)): null

2018-12-14 00:33:15 - [TEST_STEP][PASSED] - Statement - counter = counter + 1: null

2018-12-14 00:33:15 - [TEST_STEP][PASSED] - Statement - PreSaveFile = new java.io.File(((pathPrefix + java.lang.Integer.toString(counter)) + .png)): null

2018-12-14 00:33:15 - [TEST_STEP][PASSED] - Statement - counter = counter + 1: null

2018-12-14 00:33:15 - [TEST_STEP][PASSED] - Statement - PreSaveFile = new java.io.File(((pathPrefix + java.lang.Integer.toString(counter)) + .png)): null

2018-12-14 00:33:15 - [TEST_STEP][PASSED] - Statement - counter = counter + 1: null

2018-12-14 00:33:15 - [TEST_STEP][PASSED] - Statement - PreSaveFile = new java.io.File(((pathPrefix + java.lang.Integer.toString(counter)) + .png)): null

2018-12-14 00:33:15 - [TEST_STEP][PASSED] - Statement - counter = counter + 1: null

2018-12-14 00:33:15 - [TEST_STEP][PASSED] - Statement - PreSaveFile = new java.io.File(((pathPrefix + java.lang.Integer.toString(counter)) + .png)): null

2018-12-14 00:33:15 - [TEST_STEP][PASSED] - Statement - counter = counter + 1: null

2018-12-14 00:33:15 - [TEST_STEP][PASSED] - Statement - PreSaveFile = new java.io.File(((pathPrefix + java.lang.Integer.toString(counter)) + .png)): null

2018-12-14 00:33:15 - [TEST_STEP][PASSED] - Statement - counter = counter + 1: null

2018-12-14 00:33:15 - [TEST_STEP][PASSED] - Statement - PreSaveFile = new java.io.File(((pathPrefix + java.lang.Integer.toString(counter)) + .png)): null

2018-12-14 00:33:15 - [TEST_STEP][PASSED] - Statement - counter = counter + 1: null

2018-12-14 00:33:15 - [TEST_STEP][PASSED] - Statement - PreSaveFile = new java.io.File(((pathPrefix + java.lang.Integer.toString(counter)) + .png)): null

2018-12-14 00:33:15 - [TEST_STEP][PASSED] - Statement - counter = counter + 1: null

2018-12-14 00:33:15 - [TEST_STEP][PASSED] - Statement - PreSaveFile = new java.io.File(((pathPrefix + java.lang.Integer.toString(counter)) + .png)): null

2018-12-14 00:33:15 - [TEST_STEP][PASSED] - Statement - counter = counter + 1: null

2018-12-14 00:33:15 - [TEST_STEP][PASSED] - Statement - PreSaveFile = new java.io.File(((pathPrefix + java.lang.Integer.toString(counter)) + .png)): null

2018-12-14 00:33:15 - [TEST_STEP][PASSED] - Statement - counter = counter + 1: null

2018-12-14 00:33:15 - [TEST_STEP][PASSED] - Statement - PreSaveFile = new java.io.File(((pathPrefix + java.lang.Integer.toString(counter)) + .png)): null

2018-12-14 00:33:15 - [TEST_STEP][PASSED] - Statement - counter = counter + 1: null

2018-12-14 00:33:15 - [TEST_STEP][PASSED] - Statement - PreSaveFile = new java.io.File(((pathPrefix + java.lang.Integer.toString(counter)) + .png)): null

2018-12-14 00:33:15 - [TEST_STEP][PASSED] - Statement - counter = counter + 1: null

2018-12-14 00:33:15 - [TEST_STEP][PASSED] - Statement - PreSaveFile = new java.io.File(((pathPrefix + java.lang.Integer.toString(counter)) + .png)): null

2018-12-14 00:33:15 - [TEST_STEP][PASSED] - Statement - counter = counter + 1: null

2018-12-14 00:33:15 - [TEST_STEP][PASSED] - Statement - PreSaveFile = new java.io.File(((pathPrefix + java.lang.Integer.toString(counter)) + .png)): null

2018-12-14 00:33:15 - [TEST_STEP][PASSED] - Statement - counter = counter + 1: null

2018-12-14 00:33:15 - [TEST_STEP][PASSED] - Statement - PreSaveFile = new java.io.File(((pathPrefix + java.lang.Integer.toString(counter)) + .png)): null

2018-12-14 00:33:15 - [TEST_STEP][PASSED] - Statement - counter = counter + 1: null

2018-12-14 00:33:15 - [TEST_STEP][PASSED] - Statement - PreSaveFile = new java.io.File(((pathPrefix + java.lang.Integer.toString(counter)) + .png)): null

2018-12-14 00:33:15 - [TEST_STEP][PASSED] - Statement - counter = counter + 1: null

2018-12-14 00:33:15 - [TEST_STEP][PASSED] - Statement - PreSaveFile = new java.io.File(((pathPrefix + java.lang.Integer.toString(counter)) + .png)): null

2018-12-14 00:33:15 - [TEST_STEP][PASSED] - Statement - counter = counter + 1: null

2018-12-14 00:33:15 - [TEST_STEP][PASSED] - Statement - PreSaveFile = new java.io.File(((pathPrefix + java.lang.Integer.toString(counter)) + .png)): null

2018-12-14 00:33:15 - [TEST_STEP][PASSED] - Statement - counter = counter + 1: null

2018-12-14 00:33:15 - [TEST_STEP][PASSED] - Statement - PreSaveFile = new java.io.File(((pathPrefix + java.lang.Integer.toString(counter)) + .png)): null

2018-12-14 00:33:15 - [TEST_STEP][PASSED] - Statement - counter = counter + 1: null

2018-12-14 00:33:15 - [TEST_STEP][PASSED] - Statement - PreSaveFile = new java.io.File(((pathPrefix + java.lang.Integer.toString(counter)) + .png)): null

2018-12-14 00:33:15 - [TEST_STEP][PASSED] - Statement - counter = counter + 1: null

2018-12-14 00:33:15 - [TEST_STEP][PASSED] - Statement - PreSaveFile = new java.io.File(((pathPrefix + java.lang.Integer.toString(counter)) + .png)): null

2018-12-14 00:33:15 - [TEST_STEP][PASSED] - Statement - counter = counter + 1: null

2018-12-14 00:33:15 - [TEST_STEP][PASSED] - Statement - PreSaveFile = new java.io.File(((pathPrefix + java.lang.Integer.toString(counter)) + .png)): null

2018-12-14 00:33:15 - [TEST_STEP][PASSED] - Statement - counter = counter + 1: null

2018-12-14 00:33:15 - [TEST_STEP][PASSED] - Statement - PreSaveFile = new java.io.File(((pathPrefix + java.lang.Integer.toString(counter)) + .png)): null

2018-12-14 00:33:15 - [TEST_STEP][PASSED] - Statement - counter = counter + 1: null

2018-12-14 00:33:15 - [TEST_STEP][PASSED] - Statement - PreSaveFile = new java.io.File(((pathPrefix + java.lang.Integer.toString(counter)) + .png)): null

2018-12-14 00:33:15 - [TEST_STEP][PASSED] - Statement - counter = counter + 1: null

2018-12-14 00:33:15 - [TEST_STEP][PASSED] - Statement - PreSaveFile = new java.io.File(((pathPrefix + java.lang.Integer.toString(counter)) + .png)): null

2018-12-14 00:33:15 - [TEST_STEP][PASSED] - Statement - counter = counter + 1: null

2018-12-14 00:33:15 - [TEST_STEP][PASSED] - Statement - PreSaveFile = new java.io.File(((pathPrefix + java.lang.Integer.toString(counter)) + .png)): null

2018-12-14 00:33:15 - [TEST_STEP][PASSED] - Statement - counter = counter + 1: null

2018-12-14 00:33:15 - [TEST_STEP][PASSED] - Statement - PreSaveFile = new java.io.File(((pathPrefix + java.lang.Integer.toString(counter)) + .png)): null

2018-12-14 00:33:15 - [TEST_STEP][PASSED] - Statement - counter = counter + 1: null

2018-12-14 00:33:15 - [TEST_STEP][PASSED] - Statement - PreSaveFile = new java.io.File(((pathPrefix + java.lang.Integer.toString(counter)) + .png)): null

2018-12-14 00:33:15 - [TEST_STEP][PASSED] - Statement - counter = counter + 1: null

2018-12-14 00:33:15 - [TEST_STEP][PASSED] - Statement - PreSaveFile = new java.io.File(((pathPrefix + java.lang.Integer.toString(counter)) + .png)): null

2018-12-14 00:33:15 - [TEST_STEP][PASSED] - Statement - counter = counter + 1: null

2018-12-14 00:33:15 - [TEST_STEP][PASSED] - Statement - PreSaveFile = new java.io.File(((pathPrefix + java.lang.Integer.toString(counter)) + .png)): null

2018-12-14 00:33:15 - [TEST_STEP][PASSED] - Statement - counter = counter + 1: null

2018-12-14 00:33:15 - [TEST_STEP][PASSED] - Statement - PreSaveFile = new java.io.File(((pathPrefix + java.lang.Integer.toString(counter)) + .png)): null

2018-12-14 00:33:15 - [TEST_STEP][PASSED] - Statement - counter = counter + 1: null

2018-12-14 00:33:15 - [TEST_STEP][PASSED] - Statement - PreSaveFile = new java.io.File(((pathPrefix + java.lang.Integer.toString(counter)) + .png)): null

2018-12-14 00:33:15 - [TEST_STEP][PASSED] - Statement - counter = counter + 1: null

2018-12-14 00:33:15 - [TEST_STEP][PASSED] - Statement - PreSaveFile = new java.io.File(((pathPrefix + java.lang.Integer.toString(counter)) + .png)): null

2018-12-14 00:33:15 - [TEST_STEP][PASSED] - Statement - counter = counter + 1: null

2018-12-14 00:33:15 - [TEST_STEP][PASSED] - Statement - PreSaveFile = new java.io.File(((pathPrefix + java.lang.Integer.toString(counter)) + .png)): null

2018-12-14 00:33:15 - [TEST_STEP][PASSED] - Statement - counter = counter + 1: null

2018-12-14 00:33:15 - [TEST_STEP][PASSED] - Statement - PreSaveFile = new java.io.File(((pathPrefix + java.lang.Integer.toString(counter)) + .png)): null

2018-12-14 00:33:15 - [TEST_STEP][PASSED] - Statement - counter = counter + 1: null

2018-12-14 00:33:15 - [TEST_STEP][PASSED] - Statement - PreSaveFile = new java.io.File(((pathPrefix + java.lang.Integer.toString(counter)) + .png)): null

2018-12-14 00:33:15 - [TEST_STEP][PASSED] - Statement - counter = counter + 1: null

2018-12-14 00:33:15 - [TEST_STEP][PASSED] - Statement - PreSaveFile = new java.io.File(((pathPrefix + java.lang.Integer.toString(counter)) + .png)): null

2018-12-14 00:33:15 - [TEST_STEP][PASSED] - Statement - counter = counter + 1: null

2018-12-14 00:33:15 - [TEST_STEP][PASSED] - Statement - PreSaveFile = new java.io.File(((pathPrefix + java.lang.Integer.toString(counter)) + .png)): null

2018-12-14 00:33:15 - [TEST_STEP][PASSED] - Statement - counter = counter + 1: null

2018-12-14 00:33:15 - [TEST_STEP][PASSED] - Statement - PreSaveFile = new java.io.File(((pathPrefix + java.lang.Integer.toString(counter)) + .png)): null

2018-12-14 00:33:15 - [TEST_STEP][PASSED] - Statement - counter = counter + 1: null

2018-12-14 00:33:15 - [TEST_STEP][PASSED] - Statement - PreSaveFile = new java.io.File(((pathPrefix + java.lang.Integer.toString(counter)) + .png)): null

2018-12-14 00:33:15 - [TEST_STEP][PASSED] - Statement - counter = counter + 1: null

2018-12-14 00:33:15 - [TEST_STEP][PASSED] - Statement - PreSaveFile = new java.io.File(((pathPrefix + java.lang.Integer.toString(counter)) + .png)): null

2018-12-14 00:33:15 - [TEST_STEP][PASSED] - Statement - counter = counter + 1: null

2018-12-14 00:33:15 - [TEST_STEP][PASSED] - Statement - PreSaveFile = new java.io.File(((pathPrefix + java.lang.Integer.toString(counter)) + .png)): null

2018-12-14 00:33:15 - [TEST_STEP][PASSED] - Statement - counter = counter + 1: null

2018-12-14 00:33:15 - [TEST_STEP][PASSED] - Statement - PreSaveFile = new java.io.File(((pathPrefix + java.lang.Integer.toString(counter)) + .png)): null

2018-12-14 00:33:15 - [TEST_STEP][PASSED] - Statement - counter = counter + 1: null

2018-12-14 00:33:15 - [TEST_STEP][PASSED] - Statement - PreSaveFile = new java.io.File(((pathPrefix + java.lang.Integer.toString(counter)) + .png)): null

2018-12-14 00:33:15 - [TEST_STEP][PASSED] - Statement - counter = counter + 1: null

2018-12-14 00:33:15 - [TEST_STEP][PASSED] - Statement - PreSaveFile = new java.io.File(((pathPrefix + java.lang.Integer.toString(counter)) + .png)): null

2018-12-14 00:33:15 - [TEST_STEP][PASSED] - Statement - counter = counter + 1: null

2018-12-14 00:33:15 - [TEST_STEP][PASSED] - Statement - PreSaveFile = new java.io.File(((pathPrefix + java.lang.Integer.toString(counter)) + .png)): null

2018-12-14 00:33:15 - [TEST_STEP][PASSED] - Statement - counter = counter + 1: null

2018-12-14 00:33:15 - [TEST_STEP][PASSED] - Statement - PreSaveFile = new java.io.File(((pathPrefix + java.lang.Integer.toString(counter)) + .png)): null

2018-12-14 00:33:15 - [TEST_STEP][PASSED] - Statement - counter = counter + 1: null

2018-12-14 00:33:15 - [TEST_STEP][PASSED] - Statement - PreSaveFile = new java.io.File(((pathPrefix + java.lang.Integer.toString(counter)) + .png)): null

2018-12-14 00:33:15 - [TEST_STEP][PASSED] - Statement - counter = counter + 1: null

2018-12-14 00:33:15 - [TEST_STEP][PASSED] - Statement - PreSaveFile = new java.io.File(((pathPrefix + java.lang.Integer.toString(counter)) + .png)): null

2018-12-14 00:33:15 - [TEST_STEP][PASSED] - Statement - counter = counter + 1: null

2018-12-14 00:33:15 - [TEST_STEP][PASSED] - Statement - PreSaveFile = new java.io.File(((pathPrefix + java.lang.Integer.toString(counter)) + .png)): null

2018-12-14 00:33:15 - [TEST_STEP][PASSED] - Statement - counter = counter + 1: null

2018-12-14 00:33:15 - [TEST_STEP][PASSED] - Statement - PreSaveFile = new java.io.File(((pathPrefix + java.lang.Integer.toString(counter)) + .png)): null

2018-12-14 00:33:15 - [TEST_STEP][PASSED] - Statement - counter = counter + 1: null

2018-12-14 00:33:15 - [TEST_STEP][PASSED] - Statement - PreSaveFile = new java.io.File(((pathPrefix + java.lang.Integer.toString(counter)) + .png)): null

2018-12-14 00:33:15 - [TEST_STEP][PASSED] - Statement - counter = counter + 1: null

2018-12-14 00:33:15 - [TEST_STEP][PASSED] - Statement - PreSaveFile = new java.io.File(((pathPrefix + java.lang.Integer.toString(counter)) + .png)): null

2018-12-14 00:33:15 - [TEST_STEP][PASSED] - Statement - counter = counter + 1: null

2018-12-14 00:33:15 - [TEST_STEP][PASSED] - Statement - PreSaveFile = new java.io.File(((pathPrefix + java.lang.Integer.toString(counter)) + .png)): null

2018-12-14 00:33:15 - [TEST_STEP][PASSED] - Statement - counter = counter + 1: null

2018-12-14 00:33:15 - [TEST_STEP][PASSED] - Statement - PreSaveFile = new java.io.File(((pathPrefix + java.lang.Integer.toString(counter)) + .png)): null

2018-12-14 00:33:15 - [TEST_STEP][PASSED] - Statement - counter = counter + 1: null

2018-12-14 00:33:15 - [TEST_STEP][PASSED] - Statement - PreSaveFile = new java.io.File(((pathPrefix + java.lang.Integer.toString(counter)) + .png)): null

2018-12-14 00:33:15 - [TEST_STEP][PASSED] - Statement - counter = counter + 1: null

2018-12-14 00:33:15 - [TEST_STEP][PASSED] - Statement - PreSaveFile = new java.io.File(((pathPrefix + java.lang.Integer.toString(counter)) + .png)): null

2018-12-14 00:33:15 - [TEST_STEP][PASSED] - Statement - counter = counter + 1: null

2018-12-14 00:33:15 - [TEST_STEP][PASSED] - Statement - PreSaveFile = new java.io.File(((pathPrefix + java.lang.Integer.toString(counter)) + .png)): null

2018-12-14 00:33:15 - [TEST_STEP][PASSED] - Statement - counter = counter + 1: null

2018-12-14 00:33:15 - [TEST_STEP][PASSED] - Statement - PreSaveFile = new java.io.File(((pathPrefix + java.lang.Integer.toString(counter)) + .png)): null

2018-12-14 00:33:15 - [TEST_STEP][PASSED] - Statement - counter = counter + 1: null

2018-12-14 00:33:15 - [TEST_STEP][PASSED] - Statement - PreSaveFile = new java.io.File(((pathPrefix + java.lang.Integer.toString(counter)) + .png)): null

2018-12-14 00:33:15 - [TEST_STEP][PASSED] - Statement - counter = counter + 1: null

2018-12-14 00:33:15 - [TEST_STEP][PASSED] - Statement - PreSaveFile = new java.io.File(((pathPrefix + java.lang.Integer.toString(counter)) + .png)): null

2018-12-14 00:33:15 - [TEST_STEP][PASSED] - Statement - counter = counter + 1: null

2018-12-14 00:33:15 - [TEST_STEP][PASSED] - Statement - PreSaveFile = new java.io.File(((pathPrefix + java.lang.Integer.toString(counter)) + .png)): null

2018-12-14 00:33:15 - [TEST_STEP][PASSED] - Statement - counter = counter + 1: null

2018-12-14 00:33:15 - [TEST_STEP][PASSED] - Statement - PreSaveFile = new java.io.File(((pathPrefix + java.lang.Integer.toString(counter)) + .png)): null

2018-12-14 00:33:15 - [TEST_STEP][PASSED] - Statement - counter = counter + 1: null

2018-12-14 00:33:15 - [TEST_STEP][PASSED] - Statement - PreSaveFile = new java.io.File(((pathPrefix + java.lang.Integer.toString(counter)) + .png)): null

2018-12-14 00:33:15 - [TEST_STEP][PASSED] - Statement - counter = counter + 1: null

2018-12-14 00:33:15 - [TEST_STEP][PASSED] - Statement - PreSaveFile = new java.io.File(((pathPrefix + java.lang.Integer.toString(counter)) + .png)): null

2018-12-14 00:33:15 - [TEST_STEP][PASSED] - Statement - counter = counter + 1: null

2018-12-14 00:33:15 - [TEST_STEP][PASSED] - Statement - PreSaveFile = new java.io.File(((pathPrefix + java.lang.Integer.toString(counter)) + .png)): null

2018-12-14 00:33:15 - [TEST_STEP][PASSED] - Statement - counter = counter + 1: null

2018-12-14 00:33:15 - [TEST_STEP][PASSED] - Statement - PreSaveFile = new java.io.File(((pathPrefix + java.lang.Integer.toString(counter)) + .png)): null

2018-12-14 00:33:15 - [TEST_STEP][PASSED] - Statement - counter = counter + 1: null

2018-12-14 00:33:15 - [TEST_STEP][PASSED] - Statement - PreSaveFile = new java.io.File(((pathPrefix + java.lang.Integer.toString(counter)) + .png)): null

2018-12-14 00:33:15 - [TEST_STEP][PASSED] - Statement - counter = counter + 1: null

2018-12-14 00:33:15 - [TEST_STEP][PASSED] - Statement - PreSaveFile = new java.io.File(((pathPrefix + java.lang.Integer.toString(counter)) + .png)): null

2018-12-14 00:33:15 - [TEST_STEP][PASSED] - Statement - counter = counter + 1: null

2018-12-14 00:33:15 - [TEST_STEP][PASSED] - Statement - PreSaveFile = new java.io.File(((pathPrefix + java.lang.Integer.toString(counter)) + .png)): null

2018-12-14 00:33:15 - [TEST_STEP][PASSED] - Statement - counter = counter + 1: null

2018-12-14 00:33:15 - [TEST_STEP][PASSED] - Statement - PreSaveFile = new java.io.File(((pathPrefix + java.lang.Integer.toString(counter)) + .png)): null

2018-12-14 00:33:15 - [TEST_STEP][PASSED] - Statement - counter = counter + 1: null

2018-12-14 00:33:15 - [TEST_STEP][PASSED] - Statement - PreSaveFile = new java.io.File(((pathPrefix + java.lang.Integer.toString(counter)) + .png)): null

2018-12-14 00:33:15 - [TEST_STEP][PASSED] - Statement - counter = counter + 1: null

2018-12-14 00:33:15 - [TEST_STEP][PASSED] - Statement - PreSaveFile = new java.io.File(((pathPrefix + java.lang.Integer.toString(counter)) + .png)): null

2018-12-14 00:33:15 - [TEST_STEP][PASSED] - Statement - counter = counter + 1: null

2018-12-14 00:33:15 - [TEST_STEP][PASSED] - Statement - PreSaveFile = new java.io.File(((pathPrefix + java.lang.Integer.toString(counter)) + .png)): null

2018-12-14 00:33:15 - [TEST_STEP][PASSED] - Statement - counter = counter + 1: null

2018-12-14 00:33:15 - [TEST_STEP][PASSED] - Statement - PreSaveFile = new java.io.File(((pathPrefix + java.lang.Integer.toString(counter)) + .png)): null

2018-12-14 00:33:15 - [TEST_STEP][PASSED] - Statement - counter = counter + 1: null

2018-12-14 00:33:15 - [TEST_STEP][PASSED] - Statement - PreSaveFile = new java.io.File(((pathPrefix + java.lang.Integer.toString(counter)) + .png)): null

2018-12-14 00:33:15 - [TEST_STEP][PASSED] - Statement - counter = counter + 1: null

2018-12-14 00:33:15 - [TEST_STEP][PASSED] - Statement - PreSaveFile = new java.io.File(((pathPrefix + java.lang.Integer.toString(counter)) + .png)): null

2018-12-14 00:33:15 - [TEST_STEP][PASSED] - Statement - counter = counter + 1: null

2018-12-14 00:33:15 - [TEST_STEP][PASSED] - Statement - PreSaveFile = new java.io.File(((pathPrefix + java.lang.Integer.toString(counter)) + .png)): null

2018-12-14 00:33:15 - [TEST_STEP][PASSED] - Statement - counter = counter + 1: null

2018-12-14 00:33:15 - [TEST_STEP][PASSED] - Statement - PreSaveFile = new java.io.File(((pathPrefix + java.lang.Integer.toString(counter)) + .png)): null

2018-12-14 00:33:15 - [TEST_STEP][PASSED] - Statement - counter = counter + 1: null

2018-12-14 00:33:15 - [TEST_STEP][PASSED] - Statement - PreSaveFile = new java.io.File(((pathPrefix + java.lang.Integer.toString(counter)) + .png)): null

2018-12-14 00:33:15 - [TEST_STEP][PASSED] - Statement - counter = counter + 1: null

2018-12-14 00:33:15 - [TEST_STEP][PASSED] - Statement - PreSaveFile = new java.io.File(((pathPrefix + java.lang.Integer.toString(counter)) + .png)): null

2018-12-14 00:33:15 - [TEST_STEP][PASSED] - Statement - counter = counter + 1: null

2018-12-14 00:33:15 - [TEST_STEP][PASSED] - Statement - PreSaveFile = new java.io.File(((pathPrefix + java.lang.Integer.toString(counter)) + .png)): null

2018-12-14 00:33:15 - [TEST_STEP][PASSED] - Statement - counter = counter + 1: null

2018-12-14 00:33:15 - [TEST_STEP][PASSED] - Statement - PreSaveFile = new java.io.File(((pathPrefix + java.lang.Integer.toString(counter)) + .png)): null

2018-12-14 00:33:15 - [TEST_STEP][PASSED] - Statement - counter = counter + 1: null

2018-12-14 00:33:15 - [TEST_STEP][PASSED] - Statement - PreSaveFile = new java.io.File(((pathPrefix + java.lang.Integer.toString(counter)) + .png)): null

2018-12-14 00:33:15 - [TEST_STEP][PASSED] - Statement - counter = counter + 1: null

2018-12-14 00:33:15 - [TEST_STEP][PASSED] - Statement - PreSaveFile = new java.io.File(((pathPrefix + java.lang.Integer.toString(counter)) + .png)): null

2018-12-14 00:33:15 - [TEST_STEP][PASSED] - Statement - counter = counter + 1: null

2018-12-14 00:33:15 - [TEST_STEP][PASSED] - Statement - PreSaveFile = new java.io.File(((pathPrefix + java.lang.Integer.toString(counter)) + .png)): null

2018-12-14 00:33:15 - [TEST_STEP][PASSED] - Statement - counter = counter + 1: null

2018-12-14 00:33:15 - [TEST_STEP][PASSED] - Statement - PreSaveFile = new java.io.File(((pathPrefix + java.lang.Integer.toString(counter)) + .png)): null

2018-12-14 00:33:15 - [TEST_STEP][PASSED] - Statement - counter = counter + 1: null

2018-12-14 00:33:15 - [TEST_STEP][PASSED] - Statement - PreSaveFile = new java.io.File(((pathPrefix + java.lang.Integer.toString(counter)) + .png)): null

2018-12-14 00:33:15 - [TEST_STEP][PASSED] - Statement - counter = counter + 1: null

2018-12-14 00:33:15 - [TEST_STEP][PASSED] - Statement - PreSaveFile = new java.io.File(((pathPrefix + java.lang.Integer.toString(counter)) + .png)): null

2018-12-14 00:33:15 - [TEST_STEP][PASSED] - Statement - counter = counter + 1: null

2018-12-14 00:33:15 - [TEST_STEP][PASSED] - Statement - PreSaveFile = new java.io.File(((pathPrefix + java.lang.Integer.toString(counter)) + .png)): null

2018-12-14 00:33:15 - [TEST_STEP][PASSED] - Statement - counter = counter + 1: null

2018-12-14 00:33:15 - [TEST_STEP][PASSED] - Statement - PreSaveFile = new java.io.File(((pathPrefix + java.lang.Integer.toString(counter)) + .png)): null

2018-12-14 00:33:15 - [TEST_STEP][PASSED] - Statement - counter = counter + 1: null

2018-12-14 00:33:15 - [TEST_STEP][PASSED] - Statement - PreSaveFile = new java.io.File(((pathPrefix + java.lang.Integer.toString(counter)) + .png)): null

2018-12-14 00:33:15 - [TEST_STEP][PASSED] - Statement - counter = counter + 1: null

2018-12-14 00:33:15 - [TEST_STEP][PASSED] - Statement - PreSaveFile = new java.io.File(((pathPrefix + java.lang.Integer.toString(counter)) + .png)): null

2018-12-14 00:33:15 - [TEST_STEP][PASSED] - Statement - counter = counter + 1: null

2018-12-14 00:33:15 - [TEST_STEP][PASSED] - Statement - PreSaveFile = new java.io.File(((pathPrefix + java.lang.Integer.toString(counter)) + .png)): null

2018-12-14 00:33:15 - [TEST_STEP][PASSED] - Statement - counter = counter + 1: null

2018-12-14 00:33:15 - [TEST_STEP][PASSED] - Statement - PreSaveFile = new java.io.File(((pathPrefix + java.lang.Integer.toString(counter)) + .png)): null

2018-12-14 00:33:15 - [TEST_STEP][PASSED] - Statement - counter = counter + 1: null

2018-12-14 00:33:15 - [TEST_STEP][PASSED] - Statement - PreSaveFile = new java.io.File(((pathPrefix + java.lang.Integer.toString(counter)) + .png)): null

2018-12-14 00:33:15 - [TEST_STEP][PASSED] - Statement - counter = counter + 1: null

2018-12-14 00:33:15 - [TEST_STEP][PASSED] - Statement - PreSaveFile = new java.io.File(((pathPrefix + java.lang.Integer.toString(counter)) + .png)): null

2018-12-14 00:33:15 - [TEST_STEP][PASSED] - Statement - counter = counter + 1: null

2018-12-14 00:33:15 - [TEST_STEP][PASSED] - Statement - PreSaveFile = new java.io.File(((pathPrefix + java.lang.Integer.toString(counter)) + .png)): null

2018-12-14 00:33:15 - [TEST_STEP][PASSED] - Statement - counter = counter + 1: null

2018-12-14 00:33:15 - [TEST_STEP][PASSED] - Statement - PreSaveFile = new java.io.File(((pathPrefix + java.lang.Integer.toString(counter)) + .png)): null

2018-12-14 00:33:15 - [TEST_STEP][PASSED] - Statement - counter = counter + 1: null

2018-12-14 00:33:15 - [TEST_STEP][PASSED] - Statement - PreSaveFile = new java.io.File(((pathPrefix + java.lang.Integer.toString(counter)) + .png)): null

2018-12-14 00:33:15 - [TEST_STEP][PASSED] - Statement - counter = counter + 1: null

2018-12-14 00:33:15 - [TEST_STEP][PASSED] - Statement - PreSaveFile = new java.io.File(((pathPrefix + java.lang.Integer.toString(counter)) + .png)): null

2018-12-14 00:33:15 - [TEST_STEP][PASSED] - Statement - counter = counter + 1: null

2018-12-14 00:33:15 - [TEST_STEP][PASSED] - Statement - PreSaveFile = new java.io.File(((pathPrefix + java.lang.Integer.toString(counter)) + .png)): null

2018-12-14 00:33:15 - [TEST_STEP][PASSED] - Statement - counter = counter + 1: null

2018-12-14 00:33:15 - [TEST_STEP][PASSED] - Statement - PreSaveFile = new java.io.File(((pathPrefix + java.lang.Integer.toString(counter)) + .png)): null

2018-12-14 00:33:15 - [TEST_STEP][PASSED] - Statement - counter = counter + 1: null

2018-12-14 00:33:15 - [TEST_STEP][PASSED] - Statement - PreSaveFile = new java.io.File(((pathPrefix + java.lang.Integer.toString(counter)) + .png)): null

2018-12-14 00:33:15 - [TEST_STEP][PASSED] - Statement - counter = counter + 1: null

2018-12-14 00:33:15 - [TEST_STEP][PASSED] - Statement - PreSaveFile = new java.io.File(((pathPrefix + java.lang.Integer.toString(counter)) + .png)): null

2018-12-14 00:33:15 - [TEST_STEP][PASSED] - Statement - counter = counter + 1: null

2018-12-14 00:33:15 - [TEST_STEP][PASSED] - Statement - PreSaveFile = new java.io.File(((pathPrefix + java.lang.Integer.toString(counter)) + .png)): null

2018-12-14 00:33:15 - [TEST_STEP][PASSED] - Statement - counter = counter + 1: null

2018-12-14 00:33:15 - [TEST_STEP][PASSED] - Statement - PreSaveFile = new java.io.File(((pathPrefix + java.lang.Integer.toString(counter)) + .png)): null

2018-12-14 00:33:15 - [TEST_STEP][PASSED] - Statement - counter = counter + 1: null

2018-12-14 00:33:15 - [TEST_STEP][PASSED] - Statement - PreSaveFile = new java.io.File(((pathPrefix + java.lang.Integer.toString(counter)) + .png)): null

2018-12-14 00:33:15 - [TEST_STEP][PASSED] - Statement - counter = counter + 1: null

2018-12-14 00:33:15 - [TEST_STEP][PASSED] - Statement - PreSaveFile = new java.io.File(((pathPrefix + java.lang.Integer.toString(counter)) + .png)): null

2018-12-14 00:33:15 - [TEST_STEP][PASSED] - Statement - counter = counter + 1: null

2018-12-14 00:33:15 - [TEST_STEP][PASSED] - Statement - PreSaveFile = new java.io.File(((pathPrefix + java.lang.Integer.toString(counter)) + .png)): null

2018-12-14 00:33:15 - [TEST_STEP][PASSED] - Statement - counter = counter + 1: null

2018-12-14 00:33:15 - [TEST_STEP][PASSED] - Statement - PreSaveFile = new java.io.File(((pathPrefix + java.lang.Integer.toString(counter)) + .png)): null

2018-12-14 00:33:15 - [TEST_STEP][PASSED] - Statement - counter = counter + 1: null

2018-12-14 00:33:15 - [TEST_STEP][PASSED] - Statement - PreSaveFile = new java.io.File(((pathPrefix + java.lang.Integer.toString(counter)) + .png)): null

2018-12-14 00:33:15 - [TEST_STEP][PASSED] - Statement - counter = counter + 1: null

2018-12-14 00:33:15 - [TEST_STEP][PASSED] - Statement - PreSaveFile = new java.io.File(((pathPrefix + java.lang.Integer.toString(counter)) + .png)): null

2018-12-14 00:33:15 - [TEST_STEP][PASSED] - Statement - counter = counter + 1: null

2018-12-14 00:33:15 - [TEST_STEP][PASSED] - Statement - PreSaveFile = new java.io.File(((pathPrefix + java.lang.Integer.toString(counter)) + .png)): null

2018-12-14 00:33:15 - [TEST_STEP][PASSED] - Statement - counter = counter + 1: null

2018-12-14 00:33:15 - [TEST_STEP][PASSED] - Statement - PreSaveFile = new java.io.File(((pathPrefix + java.lang.Integer.toString(counter)) + .png)): null

2018-12-14 00:33:15 - [TEST_STEP][PASSED] - Statement - counter = counter + 1: null

2018-12-14 00:33:15 - [TEST_STEP][PASSED] - Statement - PreSaveFile = new java.io.File(((pathPrefix + java.lang.Integer.toString(counter)) + .png)): null

2018-12-14 00:33:15 - [TEST_STEP][PASSED] - Statement - counter = counter + 1: null

2018-12-14 00:33:15 - [TEST_STEP][PASSED] - Statement - PreSaveFile = new java.io.File(((pathPrefix + java.lang.Integer.toString(counter)) + .png)): null

2018-12-14 00:33:15 - [TEST_STEP][PASSED] - Statement - counter = counter + 1: null

2018-12-14 00:33:15 - [TEST_STEP][PASSED] - Statement - PreSaveFile = new java.io.File(((pathPrefix + java.lang.Integer.toString(counter)) + .png)): null

2018-12-14 00:33:15 - [TEST_STEP][PASSED] - Statement - counter = counter + 1: null

2018-12-14 00:33:15 - [TEST_STEP][PASSED] - Statement - PreSaveFile = new java.io.File(((pathPrefix + java.lang.Integer.toString(counter)) + .png)): null

2018-12-14 00:33:15 - [TEST_STEP][PASSED] - Statement - counter = counter + 1: null

2018-12-14 00:33:15 - [TEST_STEP][PASSED] - Statement - PreSaveFile = new java.io.File(((pathPrefix + java.lang.Integer.toString(counter)) + .png)): null

2018-12-14 00:33:15 - [TEST_STEP][PASSED] - Statement - counter = counter + 1: null

2018-12-14 00:33:15 - [TEST_STEP][PASSED] - Statement - PreSaveFile = new java.io.File(((pathPrefix + java.lang.Integer.toString(counter)) + .png)): null

2018-12-14 00:33:15 - [TEST_STEP][PASSED] - Statement - counter = counter + 1: null

2018-12-14 00:33:15 - [TEST_STEP][PASSED] - Statement - PreSaveFile = new java.io.File(((pathPrefix + java.lang.Integer.toString(counter)) + .png)): null

2018-12-14 00:33:15 - [TEST_STEP][PASSED] - Statement - counter = counter + 1: null

2018-12-14 00:33:15 - [TEST_STEP][PASSED] - Statement - PreSaveFile = new java.io.File(((pathPrefix + java.lang.Integer.toString(counter)) + .png)): null

2018-12-14 00:33:15 - [TEST_STEP][PASSED] - Statement - counter = counter + 1: null

2018-12-14 00:33:15 - [TEST_STEP][PASSED] - Statement - PreSaveFile = new java.io.File(((pathPrefix + java.lang.Integer.toString(counter)) + .png)): null

2018-12-14 00:33:15 - [TEST_STEP][PASSED] - Statement - counter = counter + 1: null

2018-12-14 00:33:15 - [TEST_STEP][PASSED] - Statement - PreSaveFile = new java.io.File(((pathPrefix + java.lang.Integer.toString(counter)) + .png)): null

2018-12-14 00:33:15 - [TEST_STEP][PASSED] - Statement - counter = counter + 1: null

2018-12-14 00:33:15 - [TEST_STEP][PASSED] - Statement - PreSaveFile = new java.io.File(((pathPrefix + java.lang.Integer.toString(counter)) + .png)): null

2018-12-14 00:33:15 - [TEST_STEP][PASSED] - Statement - counter = counter + 1: null

2018-12-14 00:33:15 - [TEST_STEP][PASSED] - Statement - PreSaveFile = new java.io.File(((pathPrefix + java.lang.Integer.toString(counter)) + .png)): null

2018-12-14 00:33:15 - [TEST_STEP][PASSED] - Statement - counter = counter + 1: null

2018-12-14 00:33:15 - [TEST_STEP][PASSED] - Statement - PreSaveFile = new java.io.File(((pathPrefix + java.lang.Integer.toString(counter)) + .png)): null

2018-12-14 00:33:15 - [TEST_STEP][PASSED] - Statement - counter = counter + 1: null

2018-12-14 00:33:15 - [TEST_STEP][PASSED] - Statement - PreSaveFile = new java.io.File(((pathPrefix + java.lang.Integer.toString(counter)) + .png)): null

2018-12-14 00:33:15 - [TEST_STEP][PASSED] - Statement - counter = counter + 1: null

2018-12-14 00:33:15 - [TEST_STEP][PASSED] - Statement - PreSaveFile = new java.io.File(((pathPrefix + java.lang.Integer.toString(counter)) + .png)): null

2018-12-14 00:33:15 - [TEST_STEP][PASSED] - Statement - counter = counter + 1: null

2018-12-14 00:33:15 - [TEST_STEP][PASSED] - Statement - PreSaveFile = new java.io.File(((pathPrefix + java.lang.Integer.toString(counter)) + .png)): null

2018-12-14 00:33:15 - [TEST_STEP][PASSED] - Statement - counter = counter + 1: null

2018-12-14 00:33:15 - [TEST_STEP][PASSED] - Statement - PreSaveFile = new java.io.File(((pathPrefix + java.lang.Integer.toString(counter)) + .png)): null

2018-12-14 00:33:15 - [TEST_STEP][PASSED] - Statement - counter = counter + 1: null

2018-12-14 00:33:15 - [TEST_STEP][PASSED] - Statement - PreSaveFile = new java.io.File(((pathPrefix + java.lang.Integer.toString(counter)) + .png)): null

2018-12-14 00:33:15 - [TEST_STEP][PASSED] - Statement - counter = counter + 1: null

2018-12-14 00:33:15 - [TEST_STEP][PASSED] - Statement - PreSaveFile = new java.io.File(((pathPrefix + java.lang.Integer.toString(counter)) + .png)): null

2018-12-14 00:33:15 - [TEST_STEP][PASSED] - Statement - counter = counter + 1: null

2018-12-14 00:33:15 - [TEST_STEP][PASSED] - Statement - PreSaveFile = new java.io.File(((pathPrefix + java.lang.Integer.toString(counter)) + .png)): null

2018-12-14 00:33:15 - [TEST_STEP][PASSED] - Statement - counter = counter + 1: null

2018-12-14 00:33:15 - [TEST_STEP][PASSED] - Statement - PreSaveFile = new java.io.File(((pathPrefix + java.lang.Integer.toString(counter)) + .png)): null

2018-12-14 00:33:15 - [TEST_STEP][PASSED] - Statement - counter = counter + 1: null

2018-12-14 00:33:15 - [TEST_STEP][PASSED] - Statement - PreSaveFile = new java.io.File(((pathPrefix + java.lang.Integer.toString(counter)) + .png)): null

2018-12-14 00:33:15 - [TEST_STEP][PASSED] - Statement - counter = counter + 1: null

2018-12-14 00:33:15 - [TEST_STEP][PASSED] - Statement - PreSaveFile = new java.io.File(((pathPrefix + java.lang.Integer.toString(counter)) + .png)): null

2018-12-14 00:33:15 - [TEST_STEP][PASSED] - Statement - counter = counter + 1: null

2018-12-14 00:33:15 - [TEST_STEP][PASSED] - Statement - PreSaveFile = new java.io.File(((pathPrefix + java.lang.Integer.toString(counter)) + .png)): null

2018-12-14 00:33:15 - [TEST_STEP][PASSED] - Statement - counter = counter + 1: null

2018-12-14 00:33:15 - [TEST_STEP][PASSED] - Statement - PreSaveFile = new java.io.File(((pathPrefix + java.lang.Integer.toString(counter)) + .png)): null

2018-12-14 00:33:15 - [TEST_STEP][PASSED] - Statement - counter = counter + 1: null

2018-12-14 00:33:15 - [TEST_STEP][PASSED] - Statement - PreSaveFile = new java.io.File(((pathPrefix + java.lang.Integer.toString(counter)) + .png)): null

2018-12-14 00:33:15 - [TEST_STEP][PASSED] - Statement - counter = counter + 1: null

2018-12-14 00:33:15 - [TEST_STEP][PASSED] - Statement - PreSaveFile = new java.io.File(((pathPrefix + java.lang.Integer.toString(counter)) + .png)): null

2018-12-14 00:33:15 - [TEST_STEP][PASSED] - Statement - counter = counter + 1: null

2018-12-14 00:33:15 - [TEST_STEP][PASSED] - Statement - PreSaveFile = new java.io.File(((pathPrefix + java.lang.Integer.toString(counter)) + .png)): null

2018-12-14 00:33:15 - [TEST_STEP][PASSED] - Statement - counter = counter + 1: null

2018-12-14 00:33:15 - [TEST_STEP][PASSED] - Statement - PreSaveFile = new java.io.File(((pathPrefix + java.lang.Integer.toString(counter)) + .png)): null

2018-12-14 00:33:15 - [TEST_STEP][PASSED] - Statement - counter = counter + 1: null

2018-12-14 00:33:15 - [TEST_STEP][PASSED] - Statement - PreSaveFile = new java.io.File(((pathPrefix + java.lang.Integer.toString(counter)) + .png)): null

2018-12-14 00:33:15 - [TEST_STEP][PASSED] - Statement - counter = counter + 1: null

2018-12-14 00:33:15 - [TEST_STEP][PASSED] - Statement - PreSaveFile = new java.io.File(((pathPrefix + java.lang.Integer.toString(counter)) + .png)): null

2018-12-14 00:33:15 - [TEST_STEP][PASSED] - Statement - counter = counter + 1: null

2018-12-14 00:33:15 - [TEST_STEP][PASSED] - Statement - PreSaveFile = new java.io.File(((pathPrefix + java.lang.Integer.toString(counter)) + .png)): null

2018-12-14 00:33:15 - [TEST_STEP][PASSED] - Statement - counter = counter + 1: null

2018-12-14 00:33:15 - [TEST_STEP][PASSED] - Statement - PreSaveFile = new java.io.File(((pathPrefix + java.lang.Integer.toString(counter)) + .png)): null

2018-12-14 00:33:15 - [TEST_STEP][PASSED] - Statement - counter = counter + 1: null

2018-12-14 00:33:15 - [TEST_STEP][PASSED] - Statement - PreSaveFile = new java.io.File(((pathPrefix + java.lang.Integer.toString(counter)) + .png)): null

2018-12-14 00:33:15 - [TEST_STEP][PASSED] - Statement - counter = counter + 1: null

2018-12-14 00:33:15 - [TEST_STEP][PASSED] - Statement - PreSaveFile = new java.io.File(((pathPrefix + java.lang.Integer.toString(counter)) + .png)): null

2018-12-14 00:33:15 - [TEST_STEP][PASSED] - Statement - counter = counter + 1: null

2018-12-14 00:33:15 - [TEST_STEP][PASSED] - Statement - PreSaveFile = new java.io.File(((pathPrefix + java.lang.Integer.toString(counter)) + .png)): null

2018-12-14 00:33:15 - [TEST_STEP][PASSED] - Statement - counter = counter + 1: null

2018-12-14 00:33:15 - [TEST_STEP][PASSED] - Statement - PreSaveFile = new java.io.File(((pathPrefix + java.lang.Integer.toString(counter)) + .png)): null

2018-12-14 00:33:15 - [TEST_STEP][PASSED] - Statement - counter = counter + 1: null

2018-12-14 00:33:15 - [TEST_STEP][PASSED] - Statement - PreSaveFile = new java.io.File(((pathPrefix + java.lang.Integer.toString(counter)) + .png)): null

2018-12-14 00:33:15 - [TEST_STEP][PASSED] - Statement - counter = counter + 1: null

2018-12-14 00:33:15 - [TEST_STEP][PASSED] - Statement - PreSaveFile = new java.io.File(((pathPrefix + java.lang.Integer.toString(counter)) + .png)): null

2018-12-14 00:33:15 - [TEST_STEP][PASSED] - Statement - counter = counter + 1: null

2018-12-14 00:33:15 - [TEST_STEP][PASSED] - Statement - PreSaveFile = new java.io.File(((pathPrefix + java.lang.Integer.toString(counter)) + .png)): null

2018-12-14 00:33:15 - [TEST_STEP][PASSED] - Statement - counter = counter + 1: null

2018-12-14 00:33:15 - [TEST_STEP][PASSED] - Statement - PreSaveFile = new java.io.File(((pathPrefix + java.lang.Integer.toString(counter)) + .png)): null

2018-12-14 00:33:15 - [TEST_STEP][PASSED] - Statement - counter = counter + 1: null

2018-12-14 00:33:15 - [TEST_STEP][PASSED] - Statement - PreSaveFile = new java.io.File(((pathPrefix + java.lang.Integer.toString(counter)) + .png)): null

2018-12-14 00:33:15 - [TEST_STEP][PASSED] - Statement - counter = counter + 1: null

2018-12-14 00:33:15 - [TEST_STEP][PASSED] - Statement - PreSaveFile = new java.io.File(((pathPrefix + java.lang.Integer.toString(counter)) + .png)): null

2018-12-14 00:33:15 - [TEST_STEP][PASSED] - Statement - counter = counter + 1: null

2018-12-14 00:33:15 - [TEST_STEP][PASSED] - Statement - PreSaveFile = new java.io.File(((pathPrefix + java.lang.Integer.toString(counter)) + .png)): null

2018-12-14 00:33:15 - [TEST_STEP][PASSED] - Statement - counter = counter + 1: null

2018-12-14 00:33:15 - [TEST_STEP][PASSED] - Statement - PreSaveFile = new java.io.File(((pathPrefix + java.lang.Integer.toString(counter)) + .png)): null

2018-12-14 00:33:15 - [TEST_STEP][PASSED] - Statement - counter = counter + 1: null

2018-12-14 00:33:15 - [TEST_STEP][PASSED] - Statement - PreSaveFile = new java.io.File(((pathPrefix + java.lang.Integer.toString(counter)) + .png)): null

2018-12-14 00:33:15 - [TEST_STEP][PASSED] - Statement - counter = counter + 1: null

2018-12-14 00:33:15 - [TEST_STEP][PASSED] - Statement - PreSaveFile = new java.io.File(((pathPrefix + java.lang.Integer.toString(counter)) + .png)): null

2018-12-14 00:33:15 - [TEST_STEP][PASSED] - Statement - counter = counter + 1: null

2018-12-14 00:33:15 - [TEST_STEP][PASSED] - Statement - PreSaveFile = new java.io.File(((pathPrefix + java.lang.Integer.toString(counter)) + .png)): null

2018-12-14 00:33:15 - [TEST_STEP][PASSED] - Statement - counter = counter + 1: null

2018-12-14 00:33:15 - [TEST_STEP][PASSED] - Statement - PreSaveFile = new java.io.File(((pathPrefix + java.lang.Integer.toString(counter)) + .png)): null

2018-12-14 00:33:15 - [TEST_STEP][PASSED] - Statement - counter = counter + 1: null

2018-12-14 00:33:15 - [TEST_STEP][PASSED] - Statement - PreSaveFile = new java.io.File(((pathPrefix + java.lang.Integer.toString(counter)) + .png)): null

2018-12-14 00:33:15 - [TEST_STEP][PASSED] - Statement - counter = counter + 1: null

2018-12-14 00:33:15 - [TEST_STEP][PASSED] - Statement - PreSaveFile = new java.io.File(((pathPrefix + java.lang.Integer.toString(counter)) + .png)): null

2018-12-14 00:33:15 - [TEST_STEP][PASSED] - Statement - counter = counter + 1: null

2018-12-14 00:33:15 - [TEST_STEP][PASSED] - Statement - PreSaveFile = new java.io.File(((pathPrefix + java.lang.Integer.toString(counter)) + .png)): null

2018-12-14 00:33:15 - [TEST_STEP][PASSED] - Statement - counter = counter + 1: null

2018-12-14 00:33:15 - [TEST_STEP][PASSED] - Statement - PreSaveFile = new java.io.File(((pathPrefix + java.lang.Integer.toString(counter)) + .png)): null

2018-12-14 00:33:15 - [TEST_STEP][PASSED] - Statement - counter = counter + 1: null

2018-12-14 00:33:15 - [TEST_STEP][PASSED] - Statement - PreSaveFile = new java.io.File(((pathPrefix + java.lang.Integer.toString(counter)) + .png)): null

2018-12-14 00:33:15 - [TEST_STEP][PASSED] - Statement - counter = counter + 1: null

2018-12-14 00:33:15 - [TEST_STEP][PASSED] - Statement - PreSaveFile = new java.io.File(((pathPrefix + java.lang.Integer.toString(counter)) + .png)): null

2018-12-14 00:33:15 - [TEST_STEP][PASSED] - Statement - counter = counter + 1: null

2018-12-14 00:33:15 - [TEST_STEP][PASSED] - Statement - PreSaveFile = new java.io.File(((pathPrefix + java.lang.Integer.toString(counter)) + .png)): null

2018-12-14 00:33:15 - [TEST_STEP][PASSED] - Statement - counter = counter + 1: null

2018-12-14 00:33:15 - [TEST_STEP][PASSED] - Statement - PreSaveFile = new java.io.File(((pathPrefix + java.lang.Integer.toString(counter)) + .png)): null

2018-12-14 00:33:15 - [TEST_STEP][PASSED] - Statement - counter = counter + 1: null

2018-12-14 00:33:15 - [TEST_STEP][PASSED] - Statement - PreSaveFile = new java.io.File(((pathPrefix + java.lang.Integer.toString(counter)) + .png)): null

2018-12-14 00:33:15 - [TEST_STEP][PASSED] - Statement - counter = counter + 1: null

2018-12-14 00:33:15 - [TEST_STEP][PASSED] - Statement - PreSaveFile = new java.io.File(((pathPrefix + java.lang.Integer.toString(counter)) + .png)): null

2018-12-14 00:33:15 - [TEST_STEP][PASSED] - Statement - counter = counter + 1: null

2018-12-14 00:33:15 - [TEST_STEP][PASSED] - Statement - PreSaveFile = new java.io.File(((pathPrefix + java.lang.Integer.toString(counter)) + .png)): null

2018-12-14 00:33:15 - [TEST_STEP][PASSED] - Statement - counter = counter + 1: null

2018-12-14 00:33:15 - [TEST_STEP][PASSED] - Statement - PreSaveFile = new java.io.File(((pathPrefix + java.lang.Integer.toString(counter)) + .png)): null

2018-12-14 00:33:15 - [TEST_STEP][PASSED] - Statement - counter = counter + 1: null

2018-12-14 00:33:15 - [TEST_STEP][PASSED] - Statement - PreSaveFile = new java.io.File(((pathPrefix + java.lang.Integer.toString(counter)) + .png)): null

2018-12-14 00:33:15 - [TEST_STEP][PASSED] - Statement - counter = counter + 1: null

2018-12-14 00:33:15 - [TEST_STEP][PASSED] - Statement - PreSaveFile = new java.io.File(((pathPrefix + java.lang.Integer.toString(counter)) + .png)): null

2018-12-14 00:33:15 - [TEST_STEP][PASSED] - Statement - counter = counter + 1: null

2018-12-14 00:33:15 - [TEST_STEP][PASSED] - Statement - PreSaveFile = new java.io.File(((pathPrefix + java.lang.Integer.toString(counter)) + .png)): null

2018-12-14 00:33:15 - [TEST_STEP][PASSED] - Statement - counter = counter + 1: null

2018-12-14 00:33:15 - [TEST_STEP][PASSED] - Statement - PreSaveFile = new java.io.File(((pathPrefix + java.lang.Integer.toString(counter)) + .png)): null

2018-12-14 00:33:15 - [TEST_STEP][PASSED] - Statement - counter = counter + 1: null

2018-12-14 00:33:15 - [TEST_STEP][PASSED] - Statement - PreSaveFile = new java.io.File(((pathPrefix + java.lang.Integer.toString(counter)) + .png)): null

2018-12-14 00:33:15 - [TEST_STEP][PASSED] - Statement - counter = counter + 1: null

2018-12-14 00:33:15 - [TEST_STEP][PASSED] - Statement - PreSaveFile = new java.io.File(((pathPrefix + java.lang.Integer.toString(counter)) + .png)): null

2018-12-14 00:33:15 - [TEST_STEP][PASSED] - Statement - counter = counter + 1: null

2018-12-14 00:33:15 - [TEST_STEP][PASSED] - Statement - PreSaveFile = new java.io.File(((pathPrefix + java.lang.Integer.toString(counter)) + .png)): null

2018-12-14 00:33:15 - [TEST_STEP][PASSED] - Statement - counter = counter + 1: null

2018-12-14 00:33:15 - [TEST_STEP][PASSED] - Statement - PreSaveFile = new java.io.File(((pathPrefix + java.lang.Integer.toString(counter)) + .png)): null

2018-12-14 00:33:15 - [TEST_STEP][PASSED] - Statement - counter = counter + 1: null

2018-12-14 00:33:15 - [TEST_STEP][PASSED] - Statement - PreSaveFile = new java.io.File(((pathPrefix + java.lang.Integer.toString(counter)) + .png)): null

2018-12-14 00:33:15 - [TEST_STEP][PASSED] - Statement - counter = counter + 1: null

2018-12-14 00:33:15 - [TEST_STEP][PASSED] - Statement - PreSaveFile = new java.io.File(((pathPrefix + java.lang.Integer.toString(counter)) + .png)): null

2018-12-14 00:33:15 - [TEST_STEP][PASSED] - Statement - counter = counter + 1: null

2018-12-14 00:33:15 - [TEST_STEP][PASSED] - Statement - PreSaveFile = new java.io.File(((pathPrefix + java.lang.Integer.toString(counter)) + .png)): null

2018-12-14 00:33:15 - [TEST_STEP][PASSED] - Statement - counter = counter + 1: null

2018-12-14 00:33:15 - [TEST_STEP][PASSED] - Statement - PreSaveFile = new java.io.File(((pathPrefix + java.lang.Integer.toString(counter)) + .png)): null

2018-12-14 00:33:15 - [TEST_STEP][PASSED] - Statement - counter = counter + 1: null

2018-12-14 00:33:15 - [TEST_STEP][PASSED] - Statement - PreSaveFile = new java.io.File(((pathPrefix + java.lang.Integer.toString(counter)) + .png)): null

2018-12-14 00:33:15 - [TEST_STEP][PASSED] - Statement - counter = counter + 1: null

2018-12-14 00:33:15 - [TEST_STEP][PASSED] - Statement - PreSaveFile = new java.io.File(((pathPrefix + java.lang.Integer.toString(counter)) + .png)): null

2018-12-14 00:33:15 - [TEST_STEP][PASSED] - Statement - counter = counter + 1: null

2018-12-14 00:33:15 - [TEST_STEP][PASSED] - Statement - PreSaveFile = new java.io.File(((pathPrefix + java.lang.Integer.toString(counter)) + .png)): null

2018-12-14 00:33:15 - [TEST_STEP][PASSED] - Statement - counter = counter + 1: null

2018-12-14 00:33:15 - [TEST_STEP][PASSED] - Statement - PreSaveFile = new java.io.File(((pathPrefix + java.lang.Integer.toString(counter)) + .png)): null

2018-12-14 00:33:15 - [TEST_STEP][PASSED] - Statement - counter = counter + 1: null

2018-12-14 00:33:15 - [TEST_STEP][PASSED] - Statement - PreSaveFile = new java.io.File(((pathPrefix + java.lang.Integer.toString(counter)) + .png)): null

2018-12-14 00:33:15 - [TEST_STEP][PASSED] - Statement - counter = counter + 1: null

2018-12-14 00:33:15 - [TEST_STEP][PASSED] - Statement - PreSaveFile = new java.io.File(((pathPrefix + java.lang.Integer.toString(counter)) + .png)): null

2018-12-14 00:33:15 - [TEST_STEP][PASSED] - Statement - counter = counter + 1: null

2018-12-14 00:33:15 - [TEST_STEP][PASSED] - Statement - PreSaveFile = new java.io.File(((pathPrefix + java.lang.Integer.toString(counter)) + .png)): null

2018-12-14 00:33:15 - [TEST_STEP][PASSED] - Statement - counter = counter + 1: null

2018-12-14 00:33:16 - [TEST_STEP][PASSED] - Statement - PreSaveFile = new java.io.File(((pathPrefix + java.lang.Integer.toString(counter)) + .png)): null

2018-12-14 00:33:16 - [TEST_STEP][PASSED] - Statement - counter = counter + 1: null

2018-12-14 00:33:16 - [TEST_STEP][PASSED] - Statement - PreSaveFile = new java.io.File(((pathPrefix + java.lang.Integer.toString(counter)) + .png)): null

2018-12-14 00:33:16 - [TEST_STEP][PASSED] - Statement - counter = counter + 1: null

2018-12-14 00:33:16 - [TEST_STEP][PASSED] - Statement - PreSaveFile = new java.io.File(((pathPrefix + java.lang.Integer.toString(counter)) + .png)): null

2018-12-14 00:33:16 - [TEST_STEP][PASSED] - Statement - counter = counter + 1: null

2018-12-14 00:33:16 - [TEST_STEP][PASSED] - Statement - PreSaveFile = new java.io.File(((pathPrefix + java.lang.Integer.toString(counter)) + .png)): null

2018-12-14 00:33:16 - [TEST_STEP][PASSED] - Statement - counter = counter + 1: null

2018-12-14 00:33:16 - [TEST_STEP][PASSED] - Statement - PreSaveFile = new java.io.File(((pathPrefix + java.lang.Integer.toString(counter)) + .png)): null

2018-12-14 00:33:16 - [TEST_STEP][PASSED] - Statement - counter = counter + 1: null

2018-12-14 00:33:16 - [TEST_STEP][PASSED] - Statement - PreSaveFile = new java.io.File(((pathPrefix + java.lang.Integer.toString(counter)) + .png)): null

2018-12-14 00:33:16 - [TEST_STEP][PASSED] - Statement - counter = counter + 1: null

2018-12-14 00:33:16 - [TEST_STEP][PASSED] - Statement - PreSaveFile = new java.io.File(((pathPrefix + java.lang.Integer.toString(counter)) + .png)): null

2018-12-14 00:33:16 - [TEST_STEP][PASSED] - Statement - counter = counter + 1: null

2018-12-14 00:33:16 - [TEST_STEP][PASSED] - Statement - PreSaveFile = new java.io.File(((pathPrefix + java.lang.Integer.toString(counter)) + .png)): null

2018-12-14 00:33:16 - [TEST_STEP][PASSED] - Statement - counter = counter + 1: null

2018-12-14 00:33:16 - [TEST_STEP][PASSED] - Statement - PreSaveFile = new java.io.File(((pathPrefix + java.lang.Integer.toString(counter)) + .png)): null

2018-12-14 00:33:16 - [TEST_STEP][PASSED] - Statement - counter = counter + 1: null

2018-12-14 00:33:16 - [TEST_STEP][PASSED] - Statement - PreSaveFile = new java.io.File(((pathPrefix + java.lang.Integer.toString(counter)) + .png)): null

2018-12-14 00:33:16 - [TEST_STEP][PASSED] - Statement - counter = counter + 1: null

2018-12-14 00:33:16 - [TEST_STEP][PASSED] - Statement - PreSaveFile = new java.io.File(((pathPrefix + java.lang.Integer.toString(counter)) + .png)): null

2018-12-14 00:33:16 - [TEST_STEP][PASSED] - Statement - counter = counter + 1: null

2018-12-14 00:33:16 - [TEST_STEP][PASSED] - Statement - PreSaveFile = new java.io.File(((pathPrefix + java.lang.Integer.toString(counter)) + .png)): null

2018-12-14 00:33:16 - [TEST_STEP][PASSED] - Statement - counter = counter + 1: null

2018-12-14 00:33:16 - [TEST_STEP][PASSED] - Statement - PreSaveFile = new java.io.File(((pathPrefix + java.lang.Integer.toString(counter)) + .png)): null

2018-12-14 00:33:16 - [TEST_STEP][PASSED] - Statement - counter = counter + 1: null

2018-12-14 00:33:16 - [TEST_STEP][PASSED] - Statement - PreSaveFile = new java.io.File(((pathPrefix + java.lang.Integer.toString(counter)) + .png)): null

2018-12-14 00:33:16 - [TEST_STEP][PASSED] - Statement - counter = counter + 1: null

2018-12-14 00:33:16 - [TEST_STEP][PASSED] - Statement - PreSaveFile = new java.io.File(((pathPrefix + java.lang.Integer.toString(counter)) + .png)): null

2018-12-14 00:33:16 - [TEST_STEP][PASSED] - Statement - counter = counter + 1: null

2018-12-14 00:33:16 - [TEST_STEP][PASSED] - Statement - PreSaveFile = new java.io.File(((pathPrefix + java.lang.Integer.toString(counter)) + .png)): null

2018-12-14 00:33:16 - [TEST_STEP][PASSED] - Statement - counter = counter + 1: null

2018-12-14 00:33:16 - [TEST_STEP][PASSED] - Statement - PreSaveFile = new java.io.File(((pathPrefix + java.lang.Integer.toString(counter)) + .png)): null

2018-12-14 00:33:16 - [TEST_STEP][PASSED] - Statement - counter = counter + 1: null

2018-12-14 00:33:16 - [TEST_STEP][PASSED] - Statement - PreSaveFile = new java.io.File(((pathPrefix + java.lang.Integer.toString(counter)) + .png)): null

2018-12-14 00:33:16 - [TEST_STEP][PASSED] - Statement - counter = counter + 1: null

2018-12-14 00:33:16 - [TEST_STEP][PASSED] - Statement - PreSaveFile = new java.io.File(((pathPrefix + java.lang.Integer.toString(counter)) + .png)): null

2018-12-14 00:33:16 - [TEST_STEP][PASSED] - Statement - counter = counter + 1: null

2018-12-14 00:33:16 - [TEST_STEP][PASSED] - Statement - PreSaveFile = new java.io.File(((pathPrefix + java.lang.Integer.toString(counter)) + .png)): null

2018-12-14 00:33:16 - [TEST_STEP][PASSED] - Statement - counter = counter + 1: null

2018-12-14 00:33:16 - [TEST_STEP][PASSED] - Statement - PreSaveFile = new java.io.File(((pathPrefix + java.lang.Integer.toString(counter)) + .png)): null

2018-12-14 00:33:16 - [TEST_STEP][PASSED] - Statement - counter = counter + 1: null

2018-12-14 00:33:16 - [TEST_STEP][PASSED] - Statement - PreSaveFile = new java.io.File(((pathPrefix + java.lang.Integer.toString(counter)) + .png)): null

2018-12-14 00:33:16 - [TEST_STEP][PASSED] - Statement - counter = counter + 1: null

2018-12-14 00:33:16 - [TEST_STEP][PASSED] - Statement - PreSaveFile = new java.io.File(((pathPrefix + java.lang.Integer.toString(counter)) + .png)): null

2018-12-14 00:33:16 - [TEST_STEP][PASSED] - Statement - counter = counter + 1: null

2018-12-14 00:33:16 - [TEST_STEP][PASSED] - Statement - PreSaveFile = new java.io.File(((pathPrefix + java.lang.Integer.toString(counter)) + .png)): null

2018-12-14 00:33:16 - [TEST_STEP][PASSED] - Statement - counter = counter + 1: null

2018-12-14 00:33:16 - [TEST_STEP][PASSED] - Statement - PreSaveFile = new java.io.File(((pathPrefix + java.lang.Integer.toString(counter)) + .png)): null

2018-12-14 00:33:16 - [TEST_STEP][PASSED] - Statement - counter = counter + 1: null

2018-12-14 00:33:16 - [TEST_STEP][PASSED] - Statement - PreSaveFile = new java.io.File(((pathPrefix + java.lang.Integer.toString(counter)) + .png)): null

2018-12-14 00:33:16 - [TEST_STEP][PASSED] - Statement - counter = counter + 1: null

2018-12-14 00:33:16 - [TEST_STEP][PASSED] - Statement - PreSaveFile = new java.io.File(((pathPrefix + java.lang.Integer.toString(counter)) + .png)): null

2018-12-14 00:33:16 - [TEST_STEP][PASSED] - Statement - counter = counter + 1: null

2018-12-14 00:33:16 - [TEST_STEP][PASSED] - Statement - PreSaveFile = new java.io.File(((pathPrefix + java.lang.Integer.toString(counter)) + .png)): null

2018-12-14 00:33:16 - [TEST_STEP][PASSED] - Statement - counter = counter + 1: null

2018-12-14 00:33:16 - [TEST_STEP][PASSED] - Statement - PreSaveFile = new java.io.File(((pathPrefix + java.lang.Integer.toString(counter)) + .png)): null

2018-12-14 00:33:16 - [TEST_STEP][PASSED] - Statement - counter = counter + 1: null

2018-12-14 00:33:16 - [TEST_STEP][PASSED] - Statement - PreSaveFile = new java.io.File(((pathPrefix + java.lang.Integer.toString(counter)) + .png)): null

2018-12-14 00:33:16 - [TEST_STEP][PASSED] - Statement - counter = counter + 1: null

2018-12-14 00:33:16 - [TEST_STEP][PASSED] - Statement - PreSaveFile = new java.io.File(((pathPrefix + java.lang.Integer.toString(counter)) + .png)): null

2018-12-14 00:33:16 - [TEST_STEP][PASSED] - Statement - counter = counter + 1: null

2018-12-14 00:33:16 - [TEST_STEP][PASSED] - Statement - PreSaveFile = new java.io.File(((pathPrefix + java.lang.Integer.toString(counter)) + .png)): null

2018-12-14 00:33:16 - [TEST_STEP][PASSED] - Statement - counter = counter + 1: null

2018-12-14 00:33:16 - [TEST_STEP][PASSED] - Statement - PreSaveFile = new java.io.File(((pathPrefix + java.lang.Integer.toString(counter)) + .png)): null

2018-12-14 00:33:16 - [TEST_STEP][PASSED] - Statement - counter = counter + 1: null

2018-12-14 00:33:16 - [TEST_STEP][PASSED] - Statement - PreSaveFile = new java.io.File(((pathPrefix + java.lang.Integer.toString(counter)) + .png)): null

2018-12-14 00:33:16 - [TEST_STEP][PASSED] - Statement - counter = counter + 1: null

2018-12-14 00:33:16 - [TEST_STEP][PASSED] - Statement - PreSaveFile = new java.io.File(((pathPrefix + java.lang.Integer.toString(counter)) + .png)): null

2018-12-14 00:33:16 - [TEST_STEP][PASSED] - Statement - counter = counter + 1: null

2018-12-14 00:33:16 - [TEST_STEP][PASSED] - Statement - PreSaveFile = new java.io.File(((pathPrefix + java.lang.Integer.toString(counter)) + .png)): null

2018-12-14 00:33:16 - [TEST_STEP][PASSED] - Statement - counter = counter + 1: null

2018-12-14 00:33:16 - [TEST_STEP][PASSED] - Statement - PreSaveFile = new java.io.File(((pathPrefix + java.lang.Integer.toString(counter)) + .png)): null

2018-12-14 00:33:16 - [TEST_STEP][PASSED] - Statement - counter = counter + 1: null

2018-12-14 00:33:16 - [TEST_STEP][PASSED] - Statement - PreSaveFile = new java.io.File(((pathPrefix + java.lang.Integer.toString(counter)) + .png)): null

2018-12-14 00:33:16 - [TEST_STEP][PASSED] - Statement - counter = counter + 1: null

2018-12-14 00:33:16 - [TEST_STEP][PASSED] - Statement - PreSaveFile = new java.io.File(((pathPrefix + java.lang.Integer.toString(counter)) + .png)): null

2018-12-14 00:33:16 - [TEST_STEP][PASSED] - Statement - counter = counter + 1: null

2018-12-14 00:33:16 - [TEST_STEP][PASSED] - Statement - PreSaveFile = new java.io.File(((pathPrefix + java.lang.Integer.toString(counter)) + .png)): null

2018-12-14 00:33:16 - [TEST_STEP][PASSED] - Statement - counter = counter + 1: null

2018-12-14 00:33:16 - [TEST_STEP][PASSED] - Statement - PreSaveFile = new java.io.File(((pathPrefix + java.lang.Integer.toString(counter)) + .png)): null

2018-12-14 00:33:16 - [TEST_STEP][PASSED] - Statement - counter = counter + 1: null

2018-12-14 00:33:16 - [TEST_STEP][PASSED] - Statement - PreSaveFile = new java.io.File(((pathPrefix + java.lang.Integer.toString(counter)) + .png)): null

2018-12-14 00:33:16 - [TEST_STEP][PASSED] - Statement - counter = counter + 1: null

2018-12-14 00:33:16 - [TEST_STEP][PASSED] - Statement - PreSaveFile = new java.io.File(((pathPrefix + java.lang.Integer.toString(counter)) + .png)): null

2018-12-14 00:33:16 - [TEST_STEP][PASSED] - Statement - counter = counter + 1: null

2018-12-14 00:33:16 - [TEST_STEP][PASSED] - Statement - PreSaveFile = new java.io.File(((pathPrefix + java.lang.Integer.toString(counter)) + .png)): null

2018-12-14 00:33:16 - [TEST_STEP][PASSED] - Statement - counter = counter + 1: null

2018-12-14 00:33:16 - [TEST_STEP][PASSED] - Statement - PreSaveFile = new java.io.File(((pathPrefix + java.lang.Integer.toString(counter)) + .png)): null

2018-12-14 00:33:16 - [TEST_STEP][PASSED] - Statement - counter = counter + 1: null

2018-12-14 00:33:16 - [TEST_STEP][PASSED] - Statement - PreSaveFile = new java.io.File(((pathPrefix + java.lang.Integer.toString(counter)) + .png)): null

2018-12-14 00:33:16 - [TEST_STEP][PASSED] - Statement - counter = counter + 1: null

2018-12-14 00:33:16 - [TEST_STEP][PASSED] - Statement - PreSaveFile = new java.io.File(((pathPrefix + java.lang.Integer.toString(counter)) + .png)): null

2018-12-14 00:33:16 - [TEST_STEP][PASSED] - Statement - counter = counter + 1: null

2018-12-14 00:33:16 - [TEST_STEP][PASSED] - Statement - PreSaveFile = new java.io.File(((pathPrefix + java.lang.Integer.toString(counter)) + .png)): null

2018-12-14 00:33:16 - [TEST_STEP][PASSED] - Statement - counter = counter + 1: null

2018-12-14 00:33:16 - [TEST_STEP][PASSED] - Statement - PreSaveFile = new java.io.File(((pathPrefix + java.lang.Integer.toString(counter)) + .png)): null

2018-12-14 00:33:16 - [TEST_STEP][PASSED] - Statement - counter = counter + 1: null

2018-12-14 00:33:16 - [TEST_STEP][PASSED] - Statement - PreSaveFile = new java.io.File(((pathPrefix + java.lang.Integer.toString(counter)) + .png)): null

2018-12-14 00:33:16 - [TEST_STEP][PASSED] - Statement - counter = counter + 1: null

2018-12-14 00:33:16 - [TEST_STEP][PASSED] - Statement - PreSaveFile = new java.io.File(((pathPrefix + java.lang.Integer.toString(counter)) + .png)): null

2018-12-14 00:33:16 - [TEST_STEP][PASSED] - Statement - counter = counter + 1: null

2018-12-14 00:33:16 - [TEST_STEP][PASSED] - Statement - PreSaveFile = new java.io.File(((pathPrefix + java.lang.Integer.toString(counter)) + .png)): null

2018-12-14 00:33:16 - [TEST_STEP][PASSED] - Statement - counter = counter + 1: null

2018-12-14 00:33:16 - [TEST_STEP][PASSED] - Statement - PreSaveFile = new java.io.File(((pathPrefix + java.lang.Integer.toString(counter)) + .png)): null

2018-12-14 00:33:16 - [TEST_STEP][PASSED] - Statement - counter = counter + 1: null

2018-12-14 00:33:16 - [TEST_STEP][PASSED] - Statement - PreSaveFile = new java.io.File(((pathPrefix + java.lang.Integer.toString(counter)) + .png)): null

2018-12-14 00:33:16 - [TEST_STEP][PASSED] - Statement - counter = counter + 1: null

2018-12-14 00:33:16 - [TEST_STEP][PASSED] - Statement - PreSaveFile = new java.io.File(((pathPrefix + java.lang.Integer.toString(counter)) + .png)): null

2018-12-14 00:33:16 - [TEST_STEP][PASSED] - Statement - counter = counter + 1: null

2018-12-14 00:33:16 - [TEST_STEP][PASSED] - Statement - PreSaveFile = new java.io.File(((pathPrefix + java.lang.Integer.toString(counter)) + .png)): null

2018-12-14 00:33:16 - [TEST_STEP][PASSED] - Statement - counter = counter + 1: null

2018-12-14 00:33:16 - [TEST_STEP][PASSED] - Statement - PreSaveFile = new java.io.File(((pathPrefix + java.lang.Integer.toString(counter)) + .png)): null

2018-12-14 00:33:16 - [TEST_STEP][PASSED] - Statement - counter = counter + 1: null

2018-12-14 00:33:16 - [TEST_STEP][PASSED] - Statement - PreSaveFile = new java.io.File(((pathPrefix + java.lang.Integer.toString(counter)) + .png)): null

2018-12-14 00:33:16 - [TEST_STEP][PASSED] - Statement - counter = counter + 1: null

2018-12-14 00:33:16 - [TEST_STEP][PASSED] - Statement - PreSaveFile = new java.io.File(((pathPrefix + java.lang.Integer.toString(counter)) + .png)): null

2018-12-14 00:33:16 - [TEST_STEP][PASSED] - Statement - counter = counter + 1: null

2018-12-14 00:33:16 - [TEST_STEP][PASSED] - Statement - PreSaveFile = new java.io.File(((pathPrefix + java.lang.Integer.toString(counter)) + .png)): null

2018-12-14 00:33:16 - [TEST_STEP][PASSED] - Statement - counter = counter + 1: null

2018-12-14 00:33:16 - [TEST_STEP][PASSED] - Statement - PreSaveFile = new java.io.File(((pathPrefix + java.lang.Integer.toString(counter)) + .png)): null

2018-12-14 00:33:16 - [TEST_STEP][PASSED] - Statement - counter = counter + 1: null

2018-12-14 00:33:16 - [TEST_STEP][PASSED] - Statement - PreSaveFile = new java.io.File(((pathPrefix + java.lang.Integer.toString(counter)) + .png)): null

2018-12-14 00:33:16 - [TEST_STEP][PASSED] - Statement - counter = counter + 1: null

2018-12-14 00:33:16 - [TEST_STEP][PASSED] - Statement - PreSaveFile = new java.io.File(((pathPrefix + java.lang.Integer.toString(counter)) + .png)): null

2018-12-14 00:33:16 - [TEST_STEP][PASSED] - Statement - counter = counter + 1: null

2018-12-14 00:33:16 - [TEST_STEP][PASSED] - Statement - PreSaveFile = new java.io.File(((pathPrefix + java.lang.Integer.toString(counter)) + .png)): null

2018-12-14 00:33:16 - [TEST_STEP][PASSED] - Statement - counter = counter + 1: null

2018-12-14 00:33:16 - [TEST_STEP][PASSED] - Statement - PreSaveFile = new java.io.File(((pathPrefix + java.lang.Integer.toString(counter)) + .png)): null

2018-12-14 00:33:16 - [TEST_STEP][PASSED] - Statement - counter = counter + 1: null

2018-12-14 00:33:16 - [TEST_STEP][PASSED] - Statement - PreSaveFile = new java.io.File(((pathPrefix + java.lang.Integer.toString(counter)) + .png)): null

2018-12-14 00:33:16 - [TEST_STEP][PASSED] - Statement - counter = counter + 1: null

2018-12-14 00:33:16 - [TEST_STEP][PASSED] - Statement - PreSaveFile = new java.io.File(((pathPrefix + java.lang.Integer.toString(counter)) + .png)): null

2018-12-14 00:33:16 - [TEST_STEP][PASSED] - Statement - counter = counter + 1: null

2018-12-14 00:33:16 - [TEST_STEP][PASSED] - Statement - PreSaveFile = new java.io.File(((pathPrefix + java.lang.Integer.toString(counter)) + .png)): null

2018-12-14 00:33:16 - [TEST_STEP][PASSED] - Statement - counter = counter + 1: null

2018-12-14 00:33:16 - [TEST_STEP][PASSED] - Statement - PreSaveFile = new java.io.File(((pathPrefix + java.lang.Integer.toString(counter)) + .png)): null

2018-12-14 00:33:16 - [TEST_STEP][PASSED] - Statement - counter = counter + 1: null

2018-12-14 00:33:16 - [TEST_STEP][PASSED] - Statement - PreSaveFile = new java.io.File(((pathPrefix + java.lang.Integer.toString(counter)) + .png)): null

2018-12-14 00:33:16 - [TEST_STEP][PASSED] - Statement - counter = counter + 1: null

2018-12-14 00:33:16 - [TEST_STEP][PASSED] - Statement - PreSaveFile = new java.io.File(((pathPrefix + java.lang.Integer.toString(counter)) + .png)): null

2018-12-14 00:33:16 - [TEST_STEP][PASSED] - Statement - counter = counter + 1: null

2018-12-14 00:33:16 - [TEST_STEP][PASSED] - Statement - PreSaveFile = new java.io.File(((pathPrefix + java.lang.Integer.toString(counter)) + .png)): null

2018-12-14 00:33:16 - [TEST_STEP][PASSED] - Statement - counter = counter + 1: null

2018-12-14 00:33:16 - [TEST_STEP][PASSED] - Statement - PreSaveFile = new java.io.File(((pathPrefix + java.lang.Integer.toString(counter)) + .png)): null

2018-12-14 00:33:16 - [TEST_STEP][PASSED] - Statement - counter = counter + 1: null

2018-12-14 00:33:16 - [TEST_STEP][PASSED] - Statement - PreSaveFile = new java.io.File(((pathPrefix + java.lang.Integer.toString(counter)) + .png)): null

2018-12-14 00:33:16 - [TEST_STEP][PASSED] - Statement - counter = counter + 1: null

2018-12-14 00:33:16 - [TEST_STEP][PASSED] - Statement - PreSaveFile = new java.io.File(((pathPrefix + java.lang.Integer.toString(counter)) + .png)): null

2018-12-14 00:33:16 - [TEST_STEP][PASSED] - Statement - counter = counter + 1: null

2018-12-14 00:33:16 - [TEST_STEP][PASSED] - Statement - PreSaveFile = new java.io.File(((pathPrefix + java.lang.Integer.toString(counter)) + .png)): null

2018-12-14 00:33:16 - [TEST_STEP][PASSED] - Statement - counter = counter + 1: null

2018-12-14 00:33:16 - [TEST_STEP][PASSED] - Statement - PreSaveFile = new java.io.File(((pathPrefix + java.lang.Integer.toString(counter)) + .png)): null

2018-12-14 00:33:16 - [TEST_STEP][PASSED] - Statement - counter = counter + 1: null

2018-12-14 00:33:16 - [TEST_STEP][PASSED] - Statement - PreSaveFile = new java.io.File(((pathPrefix + java.lang.Integer.toString(counter)) + .png)): null

2018-12-14 00:33:16 - [TEST_STEP][PASSED] - Statement - counter = counter + 1: null

2018-12-14 00:33:16 - [TEST_STEP][PASSED] - Statement - PreSaveFile = new java.io.File(((pathPrefix + java.lang.Integer.toString(counter)) + .png)): null

2018-12-14 00:33:16 - [TEST_STEP][PASSED] - Statement - counter = counter + 1: null

2018-12-14 00:33:16 - [TEST_STEP][PASSED] - Statement - PreSaveFile = new java.io.File(((pathPrefix + java.lang.Integer.toString(counter)) + .png)): null

2018-12-14 00:33:16 - [TEST_STEP][PASSED] - Statement - counter = counter + 1: null

2018-12-14 00:33:16 - [TEST_STEP][PASSED] - Statement - PreSaveFile = new java.io.File(((pathPrefix + java.lang.Integer.toString(counter)) + .png)): null

2018-12-14 00:33:16 - [TEST_STEP][PASSED] - Statement - counter = counter + 1: null

2018-12-14 00:33:16 - [TEST_STEP][PASSED] - Statement - PreSaveFile = new java.io.File(((pathPrefix + java.lang.Integer.toString(counter)) + .png)): null

2018-12-14 00:33:16 - [TEST_STEP][PASSED] - Statement - counter = counter + 1: null

2018-12-14 00:33:16 - [TEST_STEP][PASSED] - Statement - PreSaveFile = new java.io.File(((pathPrefix + java.lang.Integer.toString(counter)) + .png)): null

2018-12-14 00:33:16 - [TEST_STEP][PASSED] - Statement - counter = counter + 1: null

2018-12-14 00:33:16 - [TEST_STEP][PASSED] - Statement - PreSaveFile = new java.io.File(((pathPrefix + java.lang.Integer.toString(counter)) + .png)): null

2018-12-14 00:33:16 - [TEST_STEP][PASSED] - Statement - counter = counter + 1: null

2018-12-14 00:33:16 - [TEST_STEP][PASSED] - Statement - PreSaveFile = new java.io.File(((pathPrefix + java.lang.Integer.toString(counter)) + .png)): null

2018-12-14 00:33:16 - [TEST_STEP][PASSED] - Statement - counter = counter + 1: null

2018-12-14 00:33:16 - [TEST_STEP][PASSED] - Statement - PreSaveFile = new java.io.File(((pathPrefix + java.lang.Integer.toString(counter)) + .png)): null

2018-12-14 00:33:16 - [TEST_STEP][PASSED] - Statement - counter = counter + 1: null

2018-12-14 00:33:16 - [TEST_STEP][PASSED] - Statement - PreSaveFile = new java.io.File(((pathPrefix + java.lang.Integer.toString(counter)) + .png)): null

2018-12-14 00:33:16 - [TEST_STEP][PASSED] - Statement - counter = counter + 1: null

2018-12-14 00:33:16 - [TEST_STEP][PASSED] - Statement - PreSaveFile = new java.io.File(((pathPrefix + java.lang.Integer.toString(counter)) + .png)): null

2018-12-14 00:33:16 - [TEST_STEP][PASSED] - Statement - counter = counter + 1: null

2018-12-14 00:33:16 - [TEST_STEP][PASSED] - Statement - PreSaveFile = new java.io.File(((pathPrefix + java.lang.Integer.toString(counter)) + .png)): null

2018-12-14 00:33:16 - [TEST_STEP][PASSED] - Statement - counter = counter + 1: null

2018-12-14 00:33:16 - [TEST_STEP][PASSED] - Statement - PreSaveFile = new java.io.File(((pathPrefix + java.lang.Integer.toString(counter)) + .png)): null

2018-12-14 00:33:16 - [TEST_STEP][PASSED] - Statement - counter = counter + 1: null

2018-12-14 00:33:16 - [TEST_STEP][PASSED] - Statement - PreSaveFile = new java.io.File(((pathPrefix + java.lang.Integer.toString(counter)) + .png)): null

2018-12-14 00:33:16 - [TEST_STEP][PASSED] - Statement - counter = counter + 1: null

2018-12-14 00:33:16 - [TEST_STEP][PASSED] - Statement - PreSaveFile = new java.io.File(((pathPrefix + java.lang.Integer.toString(counter)) + .png)): null

2018-12-14 00:33:16 - [TEST_STEP][PASSED] - Statement - counter = counter + 1: null

2018-12-14 00:33:16 - [TEST_STEP][PASSED] - Statement - PreSaveFile = new java.io.File(((pathPrefix + java.lang.Integer.toString(counter)) + .png)): null

2018-12-14 00:33:16 - [TEST_STEP][PASSED] - Statement - counter = counter + 1: null

2018-12-14 00:33:16 - [TEST_STEP][PASSED] - Statement - PreSaveFile = new java.io.File(((pathPrefix + java.lang.Integer.toString(counter)) + .png)): null

2018-12-14 00:33:16 - [TEST_STEP][PASSED] - Statement - counter = counter + 1: null

2018-12-14 00:33:16 - [TEST_STEP][PASSED] - Statement - PreSaveFile = new java.io.File(((pathPrefix + java.lang.Integer.toString(counter)) + .png)): null

2018-12-14 00:33:16 - [TEST_STEP][PASSED] - Statement - counter = counter + 1: null

2018-12-14 00:33:16 - [TEST_STEP][PASSED] - Statement - PreSaveFile = new java.io.File(((pathPrefix + java.lang.Integer.toString(counter)) + .png)): null

2018-12-14 00:33:16 - [TEST_STEP][PASSED] - Statement - counter = counter + 1: null

2018-12-14 00:33:16 - [TEST_STEP][PASSED] - Statement - PreSaveFile = new java.io.File(((pathPrefix + java.lang.Integer.toString(counter)) + .png)): null

2018-12-14 00:33:16 - [TEST_STEP][PASSED] - Statement - counter = counter + 1: null

2018-12-14 00:33:16 - [TEST_STEP][PASSED] - Statement - PreSaveFile = new java.io.File(((pathPrefix + java.lang.Integer.toString(counter)) + .png)): null

2018-12-14 00:33:16 - [TEST_STEP][PASSED] - Statement - counter = counter + 1: null

2018-12-14 00:33:16 - [TEST_STEP][PASSED] - Statement - PreSaveFile = new java.io.File(((pathPrefix + java.lang.Integer.toString(counter)) + .png)): null

2018-12-14 00:33:16 - [TEST_STEP][PASSED] - Statement - finalPath = pathPrefix + java.lang.Integer.toString(counter) + ".png": null

2018-12-14 00:33:16 - [TEST_STEP][PASSED] - Statement - SaveFile = new java.io.File(finalPath): null

2018-12-14 00:33:16 - [TEST_STEP][PASSED] - Statement - Try: null

2018-12-14 00:33:16 - [TEST_STEP][PASSED] - Statement - org.apache.commons.io.FileUtils.copyFile(scrFile, SaveFile): null

2018-12-14 00:33:16 - [TEST_STEP][PASSED] - Statement - out.println("file kept"): null

2018-12-14 00:33:16 - [TEST_STEP][PASSED] - delay: Delayed 10 second(s)

2018-12-14 00:33:26 - [MESSAGE][PASSED] - Delayed 10 second(s)

2018-12-14 00:33:26 - [MESSAGE][PASSED] - Call Test Case 'Test Cases/Final Aug 2018 - PKS Automation/Registration Module/New Registration/Submit and Screenshot/Submit Registration and Screenshot' successfully

2018-12-14 00:33:26 - [TEST_STEP][PASSED] - callTestCase: Call Test Case 'Test Cases/Final Aug 2018 - PKS Automation/Registration Module/Log Out/log out avoiding katalon tagging' successfully

2018-12-14 00:33:26 - [TEST_CASE][PASSED] - Test Cases/Final Aug 2018 - PKS Automation/Registration Module/Log Out/log out avoiding katalon tagging: Test Cases/Final Aug 2018 - PKS Automation/Registration Module/Log Out/log out avoiding katalon tagging

2018-12-14 00:33:26 - [TEST_STEP][PASSED] - navigateToUrl: Navigate to 'https://assist2-uat.perkeso.gov.my/c/portal/logout' successfully

2018-12-14 00:33:27 - [MESSAGE][PASSED] - Navigate to 'https://assist2-uat.perkeso.gov.my/c/portal/logout' successfully

2018-12-14 00:33:27 - [MESSAGE][PASSED] - Call Test Case 'Test Cases/Final Aug 2018 - PKS Automation/Registration Module/Log Out/log out avoiding katalon tagging' successfully]]></system-out>
         <system-err><![CDATA[2018-12-14 00:22:14 - [TEST_CASE][FAILED] - Test Cases/Final Aug 2018 - PKS Automation/Registration Module/Workflow/New Registration/Employer to RO - RO Under Enforcement: Test Cases/Final Aug 2018 - PKS Automation/Registration Module/Workflow/New Registration/Employer to RO - RO Under Enforcement FAILED because (of) (Stack trace: com.kms.katalon.core.exception.StepFailedException: Unable to set text 'CRN12201800123322' of object 'Object Repository/Final Object Repo/New Registration - Registration Module Pages/New Reg - OTC to RO/Special Case - All Related Objects/TextBox RefNo in Workbasket' (Root cause: org.openqa.selenium.ElementNotVisibleException: element not interactable
  (Session info: chrome=70.0.3538.110)
  (Driver info: chromedriver=2.43.600210 (68dcf5eebde37173d4027fa8635e332711d2874a),platform=Windows NT 6.1.7601 SP1 x86_64) (WARNING: The server did not provide any stacktrace information)
Command duration or timeout: 0 milliseconds
Build info: version: '3.7.1', revision: '8a0099a', time: '2017-11-06T21:07:36.161Z'
System info: host: 'WIN7TEST02', ip: '10.20.3.72', os.name: 'Windows 7', os.arch: 'amd64', os.version: '6.1', java.version: '1.8.0_181'
Driver info: com.kms.katalon.selenium.driver.CChromeDriver
Capabilities {acceptInsecureCerts: false, acceptSslCerts: false, applicationCacheEnabled: false, browserConnectionEnabled: false, browserName: chrome, chrome: {chromedriverVersion: 2.43.600210 (68dcf5eebde371..., userDataDir: C:\Users\Admin\AppData\Loca...}, cssSelectorsEnabled: true, databaseEnabled: false, goog:chromeOptions: {debuggerAddress: localhost:62882}, handlesAlerts: true, hasTouchScreen: false, javascriptEnabled: true, locationContextEnabled: true, mobileEmulationEnabled: false, nativeEvents: true, networkConnectionEnabled: false, pageLoadStrategy: normal, platform: XP, platformName: XP, rotatable: false, setWindowRect: true, takesHeapSnapshot: true, takesScreenshot: true, unexpectedAlertBehaviour: , unhandledPromptBehavior: , version: 70.0.3538.110, webStorageEnabled: true}
Session ID: 7a6afe0fb2c936e110cf0c26858b0abe)
	at com.kms.katalon.core.keyword.internal.KeywordMain.stepFailed(KeywordMain.groovy:32)
	at com.kms.katalon.core.webui.keyword.internal.WebUIKeywordMain.stepFailed(WebUIKeywordMain.groovy:65)
	at com.kms.katalon.core.webui.keyword.internal.WebUIKeywordMain.runKeyword(WebUIKeywordMain.groovy:27)
	at com.kms.katalon.core.webui.keyword.builtin.SetTextKeyword.setText(SetTextKeyword.groovy:65)
	at com.kms.katalon.core.webui.keyword.builtin.SetTextKeyword.execute(SetTextKeyword.groovy:37)
	at com.kms.katalon.core.keyword.internal.KeywordExecutor.executeKeywordForPlatform(KeywordExecutor.groovy:53)
	at com.kms.katalon.core.webui.keyword.WebUiBuiltInKeywords.setText(WebUiBuiltInKeywords.groovy:950)
	at com.kms.katalon.core.webui.keyword.WebUiBuiltInKeywords$setText$1.call(Unknown Source)
	at org.codehaus.groovy.runtime.callsite.CallSiteArray.defaultCall(CallSiteArray.java:48)
	at org.codehaus.groovy.runtime.callsite.AbstractCallSite.call(AbstractCallSite.java:113)
	at org.codehaus.groovy.runtime.callsite.AbstractCallSite.call(AbstractCallSite.java:133)
	at Script1537253675085.run(Script1537253675085.groovy:87)
	at com.kms.katalon.core.main.ScriptEngine.run(ScriptEngine.java:183)
	at com.kms.katalon.core.main.ScriptEngine.runScriptAsRawText(ScriptEngine.java:108)
	at com.kms.katalon.core.main.TestCaseExecutor.runScript(TestCaseExecutor.java:294)
	at com.kms.katalon.core.main.TestCaseExecutor.doExecute(TestCaseExecutor.java:285)
	at com.kms.katalon.core.main.TestCaseExecutor.processExecutionPhase(TestCaseExecutor.java:264)
	at com.kms.katalon.core.main.TestCaseExecutor.accessMainPhase(TestCaseExecutor.java:256)
	at com.kms.katalon.core.main.TestCaseExecutor.execute(TestCaseExecutor.java:200)
	at com.kms.katalon.core.main.TestSuiteExecutor.accessTestCaseMainPhase(TestSuiteExecutor.java:129)
	at com.kms.katalon.core.main.TestSuiteExecutor.accessTestSuiteMainPhase(TestSuiteExecutor.java:112)
	at com.kms.katalon.core.main.TestSuiteExecutor.execute(TestSuiteExecutor.java:81)
	at com.kms.katalon.core.main.TestCaseMain.startTestSuite(TestCaseMain.java:142)
	at com.kms.katalon.core.main.TestCaseMain$startTestSuite$0.call(Unknown Source)
	at org.codehaus.groovy.runtime.callsite.CallSiteArray.defaultCall(CallSiteArray.java:48)
	at org.codehaus.groovy.runtime.callsite.AbstractCallSite.call(AbstractCallSite.java:113)
	at org.codehaus.groovy.runtime.callsite.AbstractCallSite.call(AbstractCallSite.java:141)
	at TempTestSuite1544701631622.run(TempTestSuite1544701631622.groovy:36)
	at groovy.lang.GroovyShell.runScriptOrMainOrTestOrRunnable(GroovyShell.java:263)
	at groovy.lang.GroovyShell.run(GroovyShell.java:518)
	at groovy.lang.GroovyShell.run(GroovyShell.java:507)
	at groovy.ui.GroovyMain.processOnce(GroovyMain.java:653)
	at groovy.ui.GroovyMain.run(GroovyMain.java:384)
	at groovy.ui.GroovyMain.process(GroovyMain.java:370)
	at groovy.ui.GroovyMain.processArgs(GroovyMain.java:129)
	at groovy.ui.GroovyMain.main(GroovyMain.java:109)
	at sun.reflect.NativeMethodAccessorImpl.invoke0(Native Method)
	at sun.reflect.NativeMethodAccessorImpl.invoke(NativeMethodAccessorImpl.java:62)
	at sun.reflect.DelegatingMethodAccessorImpl.invoke(DelegatingMethodAccessorImpl.java:43)
	at java.lang.reflect.Method.invoke(Method.java:498)
	at org.codehaus.groovy.tools.GroovyStarter.rootLoader(GroovyStarter.java:109)
	at org.codehaus.groovy.tools.GroovyStarter.main(GroovyStarter.java:131)
)]]></system-err>
      </testcase>
      <testcase name="Test Cases/Final Aug 2018 - PKS Automation/Registration Module/Workflow/New Registration/OTC - PKR BO - RO Query (Routed 2 Time)" classname="Test Cases/Final Aug 2018 - PKS Automation/Registration Module/Workflow/New Registration/OTC - PKR BO - RO Query (Routed 2 Time)" status="FAILED">
         <failure type="FAILED" message="(Stack trace: com.kms.katalon.core.exception.StepFailedException: Unable to click on object 'Object Repository/Final Object Repo/New Registration - Registration Module Pages/New Reg - OTC to RO/Special Case - All Related Objects/Confirm to Query' (Root cause: org.openqa.selenium.ElementNotVisibleException: element not interactable
  (Session info: chrome=70.0.3538.110)
  (Driver info: chromedriver=2.43.600210 (68dcf5eebde37173d4027fa8635e332711d2874a),platform=Windows NT 6.1.7601 SP1 x86_64) (WARNING: The server did not provide any stacktrace information)
Command duration or timeout: 0 milliseconds
Build info: version: '3.7.1', revision: '8a0099a', time: '2017-11-06T21:07:36.161Z'
System info: host: 'WIN7TEST02', ip: '10.20.3.72', os.name: 'Windows 7', os.arch: 'amd64', os.version: '6.1', java.version: '1.8.0_181'
Driver info: com.kms.katalon.selenium.driver.CChromeDriver
Capabilities {acceptInsecureCerts: false, acceptSslCerts: false, applicationCacheEnabled: false, browserConnectionEnabled: false, browserName: chrome, chrome: {chromedriverVersion: 2.43.600210 (68dcf5eebde371..., userDataDir: C:\Users\Admin\AppData\Loca...}, cssSelectorsEnabled: true, databaseEnabled: false, goog:chromeOptions: {debuggerAddress: localhost:63040}, handlesAlerts: true, hasTouchScreen: false, javascriptEnabled: true, locationContextEnabled: true, mobileEmulationEnabled: false, nativeEvents: true, networkConnectionEnabled: false, pageLoadStrategy: normal, platform: XP, platformName: XP, rotatable: false, setWindowRect: true, takesHeapSnapshot: true, takesScreenshot: true, unexpectedAlertBehaviour: , unhandledPromptBehavior: , version: 70.0.3538.110, webStorageEnabled: true}
Session ID: 7f5871f55fd28da2b03173d9c6f10f14)
	at com.kms.katalon.core.keyword.internal.KeywordMain.stepFailed(KeywordMain.groovy:32)
	at com.kms.katalon.core.webui.keyword.internal.WebUIKeywordMain.stepFailed(WebUIKeywordMain.groovy:65)
	at com.kms.katalon.core.webui.keyword.internal.WebUIKeywordMain.runKeyword(WebUIKeywordMain.groovy:27)
	at com.kms.katalon.core.webui.keyword.builtin.ClickKeyword.click(ClickKeyword.groovy:86)
	at com.kms.katalon.core.webui.keyword.builtin.ClickKeyword.execute(ClickKeyword.groovy:67)
	at com.kms.katalon.core.keyword.internal.KeywordExecutor.executeKeywordForPlatform(KeywordExecutor.groovy:53)
	at com.kms.katalon.core.webui.keyword.WebUiBuiltInKeywords.click(WebUiBuiltInKeywords.groovy:616)
	at com.kms.katalon.core.webui.keyword.WebUiBuiltInKeywords$click$2.call(Unknown Source)
	at org.codehaus.groovy.runtime.callsite.CallSiteArray.defaultCall(CallSiteArray.java:48)
	at org.codehaus.groovy.runtime.callsite.AbstractCallSite.call(AbstractCallSite.java:113)
	at org.codehaus.groovy.runtime.callsite.AbstractCallSite.call(AbstractCallSite.java:125)
	at Script1535599531593.run(Script1535599531593.groovy:194)
	at com.kms.katalon.core.main.ScriptEngine.run(ScriptEngine.java:183)
	at com.kms.katalon.core.main.ScriptEngine.runScriptAsRawText(ScriptEngine.java:108)
	at com.kms.katalon.core.main.TestCaseExecutor.runScript(TestCaseExecutor.java:294)
	at com.kms.katalon.core.main.TestCaseExecutor.doExecute(TestCaseExecutor.java:285)
	at com.kms.katalon.core.main.TestCaseExecutor.processExecutionPhase(TestCaseExecutor.java:264)
	at com.kms.katalon.core.main.TestCaseExecutor.accessMainPhase(TestCaseExecutor.java:256)
	at com.kms.katalon.core.main.TestCaseExecutor.execute(TestCaseExecutor.java:200)
	at com.kms.katalon.core.main.TestSuiteExecutor.accessTestCaseMainPhase(TestSuiteExecutor.java:129)
	at com.kms.katalon.core.main.TestSuiteExecutor.accessTestSuiteMainPhase(TestSuiteExecutor.java:112)
	at com.kms.katalon.core.main.TestSuiteExecutor.execute(TestSuiteExecutor.java:81)
	at com.kms.katalon.core.main.TestCaseMain.startTestSuite(TestCaseMain.java:142)
	at com.kms.katalon.core.main.TestCaseMain$startTestSuite$0.call(Unknown Source)
	at org.codehaus.groovy.runtime.callsite.CallSiteArray.defaultCall(CallSiteArray.java:48)
	at org.codehaus.groovy.runtime.callsite.AbstractCallSite.call(AbstractCallSite.java:113)
	at org.codehaus.groovy.runtime.callsite.AbstractCallSite.call(AbstractCallSite.java:141)
	at TempTestSuite1544701631622.run(TempTestSuite1544701631622.groovy:36)
	at groovy.lang.GroovyShell.runScriptOrMainOrTestOrRunnable(GroovyShell.java:263)
	at groovy.lang.GroovyShell.run(GroovyShell.java:518)
	at groovy.lang.GroovyShell.run(GroovyShell.java:507)
	at groovy.ui.GroovyMain.processOnce(GroovyMain.java:653)
	at groovy.ui.GroovyMain.run(GroovyMain.java:384)
	at groovy.ui.GroovyMain.process(GroovyMain.java:370)
	at groovy.ui.GroovyMain.processArgs(GroovyMain.java:129)
	at groovy.ui.GroovyMain.main(GroovyMain.java:109)
	at sun.reflect.NativeMethodAccessorImpl.invoke0(Native Method)
	at sun.reflect.NativeMethodAccessorImpl.invoke(NativeMethodAccessorImpl.java:62)
	at sun.reflect.DelegatingMethodAccessorImpl.invoke(DelegatingMethodAccessorImpl.java:43)
	at java.lang.reflect.Method.invoke(Method.java:498)
	at org.codehaus.groovy.tools.GroovyStarter.rootLoader(GroovyStarter.java:109)
	at org.codehaus.groovy.tools.GroovyStarter.main(GroovyStarter.java:131)
)"/>
         <system-out><![CDATA[2018-12-14 00:33:27 - [TEST_CASE][FAILED] - Test Cases/Final Aug 2018 - PKS Automation/Registration Module/Workflow/New Registration/OTC - PKR BO - RO Query (Routed 2 Time): Test Cases/Final Aug 2018 - PKS Automation/Registration Module/Workflow/New Registration/OTC - PKR BO - RO Query (Routed 2 Time) FAILED because (of) (Stack trace: com.kms.katalon.core.exception.StepFailedException: Unable to click on object 'Object Repository/Final Object Repo/New Registration - Registration Module Pages/New Reg - OTC to RO/Special Case - All Related Objects/Confirm to Query' (Root cause: org.openqa.selenium.ElementNotVisibleException: element not interactable
  (Session info: chrome=70.0.3538.110)
  (Driver info: chromedriver=2.43.600210 (68dcf5eebde37173d4027fa8635e332711d2874a),platform=Windows NT 6.1.7601 SP1 x86_64) (WARNING: The server did not provide any stacktrace information)
Command duration or timeout: 0 milliseconds
Build info: version: '3.7.1', revision: '8a0099a', time: '2017-11-06T21:07:36.161Z'
System info: host: 'WIN7TEST02', ip: '10.20.3.72', os.name: 'Windows 7', os.arch: 'amd64', os.version: '6.1', java.version: '1.8.0_181'
Driver info: com.kms.katalon.selenium.driver.CChromeDriver
Capabilities {acceptInsecureCerts: false, acceptSslCerts: false, applicationCacheEnabled: false, browserConnectionEnabled: false, browserName: chrome, chrome: {chromedriverVersion: 2.43.600210 (68dcf5eebde371..., userDataDir: C:\Users\Admin\AppData\Loca...}, cssSelectorsEnabled: true, databaseEnabled: false, goog:chromeOptions: {debuggerAddress: localhost:63040}, handlesAlerts: true, hasTouchScreen: false, javascriptEnabled: true, locationContextEnabled: true, mobileEmulationEnabled: false, nativeEvents: true, networkConnectionEnabled: false, pageLoadStrategy: normal, platform: XP, platformName: XP, rotatable: false, setWindowRect: true, takesHeapSnapshot: true, takesScreenshot: true, unexpectedAlertBehaviour: , unhandledPromptBehavior: , version: 70.0.3538.110, webStorageEnabled: true}
Session ID: 7f5871f55fd28da2b03173d9c6f10f14)
	at com.kms.katalon.core.keyword.internal.KeywordMain.stepFailed(KeywordMain.groovy:32)
	at com.kms.katalon.core.webui.keyword.internal.WebUIKeywordMain.stepFailed(WebUIKeywordMain.groovy:65)
	at com.kms.katalon.core.webui.keyword.internal.WebUIKeywordMain.runKeyword(WebUIKeywordMain.groovy:27)
	at com.kms.katalon.core.webui.keyword.builtin.ClickKeyword.click(ClickKeyword.groovy:86)
	at com.kms.katalon.core.webui.keyword.builtin.ClickKeyword.execute(ClickKeyword.groovy:67)
	at com.kms.katalon.core.keyword.internal.KeywordExecutor.executeKeywordForPlatform(KeywordExecutor.groovy:53)
	at com.kms.katalon.core.webui.keyword.WebUiBuiltInKeywords.click(WebUiBuiltInKeywords.groovy:616)
	at com.kms.katalon.core.webui.keyword.WebUiBuiltInKeywords$click$2.call(Unknown Source)
	at org.codehaus.groovy.runtime.callsite.CallSiteArray.defaultCall(CallSiteArray.java:48)
	at org.codehaus.groovy.runtime.callsite.AbstractCallSite.call(AbstractCallSite.java:113)
	at org.codehaus.groovy.runtime.callsite.AbstractCallSite.call(AbstractCallSite.java:125)
	at Script1535599531593.run(Script1535599531593.groovy:194)
	at com.kms.katalon.core.main.ScriptEngine.run(ScriptEngine.java:183)
	at com.kms.katalon.core.main.ScriptEngine.runScriptAsRawText(ScriptEngine.java:108)
	at com.kms.katalon.core.main.TestCaseExecutor.runScript(TestCaseExecutor.java:294)
	at com.kms.katalon.core.main.TestCaseExecutor.doExecute(TestCaseExecutor.java:285)
	at com.kms.katalon.core.main.TestCaseExecutor.processExecutionPhase(TestCaseExecutor.java:264)
	at com.kms.katalon.core.main.TestCaseExecutor.accessMainPhase(TestCaseExecutor.java:256)
	at com.kms.katalon.core.main.TestCaseExecutor.execute(TestCaseExecutor.java:200)
	at com.kms.katalon.core.main.TestSuiteExecutor.accessTestCaseMainPhase(TestSuiteExecutor.java:129)
	at com.kms.katalon.core.main.TestSuiteExecutor.accessTestSuiteMainPhase(TestSuiteExecutor.java:112)
	at com.kms.katalon.core.main.TestSuiteExecutor.execute(TestSuiteExecutor.java:81)
	at com.kms.katalon.core.main.TestCaseMain.startTestSuite(TestCaseMain.java:142)
	at com.kms.katalon.core.main.TestCaseMain$startTestSuite$0.call(Unknown Source)
	at org.codehaus.groovy.runtime.callsite.CallSiteArray.defaultCall(CallSiteArray.java:48)
	at org.codehaus.groovy.runtime.callsite.AbstractCallSite.call(AbstractCallSite.java:113)
	at org.codehaus.groovy.runtime.callsite.AbstractCallSite.call(AbstractCallSite.java:141)
	at TempTestSuite1544701631622.run(TempTestSuite1544701631622.groovy:36)
	at groovy.lang.GroovyShell.runScriptOrMainOrTestOrRunnable(GroovyShell.java:263)
	at groovy.lang.GroovyShell.run(GroovyShell.java:518)
	at groovy.lang.GroovyShell.run(GroovyShell.java:507)
	at groovy.ui.GroovyMain.processOnce(GroovyMain.java:653)
	at groovy.ui.GroovyMain.run(GroovyMain.java:384)
	at groovy.ui.GroovyMain.process(GroovyMain.java:370)
	at groovy.ui.GroovyMain.processArgs(GroovyMain.java:129)
	at groovy.ui.GroovyMain.main(GroovyMain.java:109)
	at sun.reflect.NativeMethodAccessorImpl.invoke0(Native Method)
	at sun.reflect.NativeMethodAccessorImpl.invoke(NativeMethodAccessorImpl.java:62)
	at sun.reflect.DelegatingMethodAccessorImpl.invoke(DelegatingMethodAccessorImpl.java:43)
	at java.lang.reflect.Method.invoke(Method.java:498)
	at org.codehaus.groovy.tools.GroovyStarter.rootLoader(GroovyStarter.java:109)
	at org.codehaus.groovy.tools.GroovyStarter.main(GroovyStarter.java:131)
)

2018-12-14 00:33:27 - [TEST_STEP][PASSED] - callTestCase: Call Test Case 'Test Cases/Final Aug 2018 - PKS Automation/Registration Module/Workflow/New Registration/Template/Special Case - OTC - Form 1' successfully

2018-12-14 00:33:27 - [TEST_CASE][PASSED] - Test Cases/Final Aug 2018 - PKS Automation/Registration Module/Workflow/New Registration/Template/Special Case - OTC - Form 1: Test Cases/Final Aug 2018 - PKS Automation/Registration Module/Workflow/New Registration/Template/Special Case - OTC - Form 1

2018-12-14 00:33:27 - [TEST_STEP][PASSED] - openBrowser: Browser is opened with url: ''

2018-12-14 00:33:27 - [MESSAGE][WARNING] - A browser is already opened. Closing browser and opening a new one

2018-12-14 00:33:32 - [MESSAGE][PASSED] - Browser is opened with url: ''

2018-12-14 00:33:32 - [TEST_STEP][PASSED] - navigateToUrl: Navigate to 'https://assist2-uat.perkeso.gov.my/login' successfully

2018-12-14 00:33:33 - [MESSAGE][PASSED] - Navigate to 'https://assist2-uat.perkeso.gov.my/login' successfully

2018-12-14 00:33:33 - [TEST_STEP][PASSED] - delay: Delayed 2 second(s)

2018-12-14 00:33:35 - [MESSAGE][PASSED] - Delayed 2 second(s)

2018-12-14 00:33:35 - [TEST_STEP][PASSED] - setText: Text 'klotc2@gmail.com' is set on object 'Object Repository/Final Object Repo/Login Page/Internal User/Email Address'

2018-12-14 00:33:35 - [MESSAGE][PASSED] - Text 'klotc2@gmail.com' is set on object 'Object Repository/Final Object Repo/Login Page/Internal User/Email Address'

2018-12-14 00:33:35 - [TEST_STEP][PASSED] - click: Object: 'Object Repository/Final Object Repo/Login Page/Internal User/Next Button' is clicked on

2018-12-14 00:33:35 - [MESSAGE][PASSED] - Object: 'Object Repository/Final Object Repo/Login Page/Internal User/Next Button' is clicked on

2018-12-14 00:33:35 - [TEST_STEP][PASSED] - delay: Delayed 2 second(s)

2018-12-14 00:33:37 - [MESSAGE][PASSED] - Delayed 2 second(s)

2018-12-14 00:33:37 - [TEST_STEP][PASSED] - setText: Text 'Test1@3456789' is set on object 'Object Repository/Final Object Repo/Login Page/Internal User/Password'

2018-12-14 00:33:37 - [MESSAGE][PASSED] - Text 'Test1@3456789' is set on object 'Object Repository/Final Object Repo/Login Page/Internal User/Password'

2018-12-14 00:33:37 - [TEST_STEP][PASSED] - delay: Delayed 2 second(s)

2018-12-14 00:33:39 - [MESSAGE][PASSED] - Delayed 2 second(s)

2018-12-14 00:33:39 - [TEST_STEP][PASSED] - click: Object: 'Object Repository/Final Object Repo/Login Page/Internal User/Login Button' is clicked on

2018-12-14 00:33:39 - [MESSAGE][PASSED] - Object: 'Object Repository/Final Object Repo/Login Page/Internal User/Login Button' is clicked on

2018-12-14 00:33:39 - [TEST_STEP][PASSED] - Statement - Try: null

2018-12-14 00:33:39 - [TEST_STEP][PASSED] - Statement - Checker = com.kms.katalon.core.webui.keyword.WebUiBuiltInKeywords.verifyElementNotPresent("Final Object Repo/Landing Page/Select to English", 3): null

2018-12-14 00:33:39 - [TEST_STEP][PASSED] - Statement - Catch (Exception e): null

2018-12-14 00:33:39 - [TEST_STEP][PASSED] - Statement - e.printStackTrace(): null

2018-12-14 00:33:39 - [TEST_STEP][PASSED] - delay: Delayed 5 second(s)

2018-12-14 00:33:44 - [MESSAGE][PASSED] - Delayed 5 second(s)

2018-12-14 00:33:44 - [TEST_STEP][PASSED] - click: Object: 'Object Repository/Final Object Repo/Landing Page/My Sites Drop Down' is clicked on

2018-12-14 00:33:45 - [MESSAGE][PASSED] - Object: 'Object Repository/Final Object Repo/Landing Page/My Sites Drop Down' is clicked on

2018-12-14 00:33:45 - [TEST_STEP][PASSED] - click: Object: 'Object Repository/Final Object Repo/Landing Page/Select to Registration Module' is clicked on

2018-12-14 00:33:45 - [MESSAGE][PASSED] - Object: 'Object Repository/Final Object Repo/Landing Page/Select to Registration Module' is clicked on

2018-12-14 00:33:45 - [TEST_STEP][PASSED] - click: Object: 'Object Repository/Final Object Repo/Landing Page/Registration Button' is clicked on

2018-12-14 00:33:47 - [MESSAGE][PASSED] - Object: 'Object Repository/Final Object Repo/Landing Page/Registration Button' is clicked on

2018-12-14 00:33:47 - [TEST_STEP][PASSED] - delay: Delayed 2 second(s)

2018-12-14 00:33:49 - [MESSAGE][PASSED] - Delayed 2 second(s)

2018-12-14 00:33:49 - [TEST_STEP][PASSED] - click: Object: 'Object Repository/Final Object Repo/New Registration - Registration Module Pages/New Reg - OTC to RO/Special Case - OTC - Form 1/AEC NO' is clicked on

2018-12-14 00:33:49 - [MESSAGE][PASSED] - Object: 'Object Repository/Final Object Repo/New Registration - Registration Module Pages/New Reg - OTC to RO/Special Case - OTC - Form 1/AEC NO' is clicked on

2018-12-14 00:33:49 - [TEST_STEP][PASSED] - click: Object: 'Object Repository/Final Object Repo/New Registration - Registration Module Pages/New Reg - OTC to RO/Special Case - OTC - Form 1/Business Entity - Please Select' is clicked on

2018-12-14 00:33:49 - [MESSAGE][PASSED] - Object: 'Object Repository/Final Object Repo/New Registration - Registration Module Pages/New Reg - OTC to RO/Special Case - OTC - Form 1/Business Entity - Please Select' is clicked on

2018-12-14 00:33:49 - [TEST_STEP][PASSED] - click: Object: 'Object Repository/Final Object Repo/New Registration - Registration Module Pages/New Reg - OTC to RO/Special Case - OTC - Form 1/Selected - Corporation' is clicked on

2018-12-14 00:33:50 - [MESSAGE][PASSED] - Object: 'Object Repository/Final Object Repo/New Registration - Registration Module Pages/New Reg - OTC to RO/Special Case - OTC - Form 1/Selected - Corporation' is clicked on

2018-12-14 00:33:50 - [TEST_STEP][PASSED] - delay: Delayed 2 second(s)

2018-12-14 00:33:52 - [MESSAGE][PASSED] - Delayed 2 second(s)

2018-12-14 00:33:52 - [TEST_STEP][PASSED] - click: Object: 'Object Repository/Final Object Repo/New Registration - Registration Module Pages/New Reg - OTC to RO/Special Case - OTC - Form 1/Sub Business Entity - Please Select' is clicked on

2018-12-14 00:33:52 - [MESSAGE][PASSED] - Object: 'Object Repository/Final Object Repo/New Registration - Registration Module Pages/New Reg - OTC to RO/Special Case - OTC - Form 1/Sub Business Entity - Please Select' is clicked on

2018-12-14 00:33:52 - [TEST_STEP][PASSED] - delay: Delayed 2 second(s)

2018-12-14 00:33:54 - [MESSAGE][PASSED] - Delayed 2 second(s)

2018-12-14 00:33:54 - [TEST_STEP][PASSED] - click: Object: 'Object Repository/Final Object Repo/New Registration - Registration Module Pages/New Reg - OTC to RO/Special Case - OTC - Form 1/Selected - Sendirian Berhad' is clicked on

2018-12-14 00:33:54 - [MESSAGE][PASSED] - Object: 'Object Repository/Final Object Repo/New Registration - Registration Module Pages/New Reg - OTC to RO/Special Case - OTC - Form 1/Selected - Sendirian Berhad' is clicked on

2018-12-14 00:33:54 - [TEST_STEP][PASSED] - setText: Text 'AUTOMATE001' is set on object 'Object Repository/Final Object Repo/New Registration - Registration Module Pages/New Reg - OTC to RO/Special Case - OTC - Form 1/Input BRN Number'

2018-12-14 00:33:54 - [MESSAGE][PASSED] - Text 'AUTOMATE001' is set on object 'Object Repository/Final Object Repo/New Registration - Registration Module Pages/New Reg - OTC to RO/Special Case - OTC - Form 1/Input BRN Number'

2018-12-14 00:33:54 - [TEST_STEP][PASSED] - delay: Delayed 2 second(s)

2018-12-14 00:33:56 - [MESSAGE][PASSED] - Delayed 2 second(s)

2018-12-14 00:33:56 - [TEST_STEP][PASSED] - click: Object: 'Object Repository/Final Object Repo/New Registration - Registration Module Pages/New Reg - OTC to RO/Special Case - OTC - Form 1/BRN Search' is clicked on

2018-12-14 00:33:57 - [MESSAGE][PASSED] - Object: 'Object Repository/Final Object Repo/New Registration - Registration Module Pages/New Reg - OTC to RO/Special Case - OTC - Form 1/BRN Search' is clicked on

2018-12-14 00:33:57 - [TEST_STEP][PASSED] - delay: Delayed 4 second(s)

2018-12-14 00:34:01 - [MESSAGE][PASSED] - Delayed 4 second(s)

2018-12-14 00:34:01 - [TEST_STEP][PASSED] - click: Object: 'Object Repository/Final Object Repo/New Registration - Registration Module Pages/New Reg - OTC to RO/Special Case - OTC - Form 1/Registered with SSM - After Feb 2017' is clicked on

2018-12-14 00:34:01 - [MESSAGE][PASSED] - Object: 'Object Repository/Final Object Repo/New Registration - Registration Module Pages/New Reg - OTC to RO/Special Case - OTC - Form 1/Registered with SSM - After Feb 2017' is clicked on

2018-12-14 00:34:01 - [TEST_STEP][PASSED] - delay: Delayed 2 second(s)

2018-12-14 00:34:03 - [MESSAGE][PASSED] - Delayed 2 second(s)

2018-12-14 00:34:03 - [TEST_STEP][PASSED] - click: Object: 'Object Repository/Final Object Repo/New Registration - Registration Module Pages/New Reg - OTC to RO/Special Case - OTC - Form 1/Registering As A Branch - No' is clicked on

2018-12-14 00:34:03 - [MESSAGE][PASSED] - Object: 'Object Repository/Final Object Repo/New Registration - Registration Module Pages/New Reg - OTC to RO/Special Case - OTC - Form 1/Registering As A Branch - No' is clicked on

2018-12-14 00:34:03 - [TEST_STEP][PASSED] - click: Object: 'Object Repository/Final Object Repo/New Registration - Registration Module Pages/New Reg - OTC to RO/Special Case - OTC - Form 1/Acknowledgement Ticked' is clicked on

2018-12-14 00:34:03 - [MESSAGE][PASSED] - Object: 'Object Repository/Final Object Repo/New Registration - Registration Module Pages/New Reg - OTC to RO/Special Case - OTC - Form 1/Acknowledgement Ticked' is clicked on

2018-12-14 00:34:03 - [TEST_STEP][PASSED] - click: Object: 'Object Repository/Final Object Repo/New Registration - Registration Module Pages/New Reg - OTC to RO/Special Case - OTC - Form 1/Submit Button' is clicked on

2018-12-14 00:34:03 - [MESSAGE][PASSED] - Object: 'Object Repository/Final Object Repo/New Registration - Registration Module Pages/New Reg - OTC to RO/Special Case - OTC - Form 1/Submit Button' is clicked on

2018-12-14 00:34:03 - [TEST_STEP][PASSED] - delay: Delayed 2 second(s)

2018-12-14 00:34:05 - [MESSAGE][PASSED] - Delayed 2 second(s)

2018-12-14 00:34:05 - [TEST_STEP][PASSED] - click: Object: 'Object Repository/Final Object Repo/New Registration - Registration Module Pages/New Reg - OTC to RO/Special Case - OTC - Form 1/Confirm No Flagging as Branch' is clicked on

2018-12-14 00:34:05 - [MESSAGE][PASSED] - Object: 'Object Repository/Final Object Repo/New Registration - Registration Module Pages/New Reg - OTC to RO/Special Case - OTC - Form 1/Confirm No Flagging as Branch' is clicked on

2018-12-14 00:34:05 - [MESSAGE][PASSED] - Call Test Case 'Test Cases/Final Aug 2018 - PKS Automation/Registration Module/Workflow/New Registration/Template/Special Case - OTC - Form 1' successfully

2018-12-14 00:34:05 - [TEST_STEP][PASSED] - callTestCase: Call Test Case 'Test Cases/Final Aug 2018 - PKS Automation/Registration Module/New Registration/Form 2/Add 1 Eligible - Incomplete' successfully

2018-12-14 00:34:05 - [TEST_CASE][PASSED] - Test Cases/Final Aug 2018 - PKS Automation/Registration Module/New Registration/Form 2/Add 1 Eligible - Incomplete: Test Cases/Final Aug 2018 - PKS Automation/Registration Module/New Registration/Form 2/Add 1 Eligible - Incomplete

2018-12-14 00:34:06 - [TEST_STEP][PASSED] - delay: Delayed 2 second(s)

2018-12-14 00:34:08 - [MESSAGE][PASSED] - Delayed 2 second(s)

2018-12-14 00:34:08 - [TEST_STEP][PASSED] - callTestCase: Call Test Case 'Test Cases/Final Aug 2018 - PKS Automation/Registration Module/New Registration/Form 2/Date Updater' successfully

2018-12-14 00:34:08 - [TEST_CASE][PASSED] - Test Cases/Final Aug 2018 - PKS Automation/Registration Module/New Registration/Form 2/Date Updater: Test Cases/Final Aug 2018 - PKS Automation/Registration Module/New Registration/Form 2/Date Updater

2018-12-14 00:34:08 - [TEST_STEP][PASSED] - Statement - TodayDate = new java.util.Date(): null

2018-12-14 00:34:08 - [TEST_STEP][PASSED] - Statement - CurrentDateNoFilter = new java.text.SimpleDateFormat(): null

2018-12-14 00:34:08 - [TEST_STEP][PASSED] - Statement - CurrentDateNoFilter.applyPattern("MM"): null

2018-12-14 00:34:08 - [TEST_STEP][PASSED] - Statement - monthContainerMatcher = java.lang.Integer.parseInt(CurrentDateNoFilter.format(TodayDate)): null

2018-12-14 00:34:08 - [TEST_STEP][PASSED] - Statement - monthContainerMatcher = monthContainerMatcher - 1: null

2018-12-14 00:34:08 - [TEST_STEP][PASSED] - Statement - CurrentMonth = monthContainerMatcher.toString(): null

2018-12-14 00:34:08 - [TEST_STEP][PASSED] - Statement - CurrentMonth = CurrentMonth: null

2018-12-14 00:34:08 - [TEST_STEP][PASSED] - Statement - CurrentDateNoFilter.applyPattern("yyyy"): null

2018-12-14 00:34:08 - [TEST_STEP][PASSED] - Statement - CurrentYear = CurrentDateNoFilter.format(TodayDate): null

2018-12-14 00:34:08 - [TEST_STEP][PASSED] - Statement - CurrentYear = CurrentYear: null

2018-12-14 00:34:08 - [TEST_STEP][PASSED] - Statement - intCurrentYear = java.lang.Integer.parseInt(CurrentDateNoFilter.format(TodayDate)): null

2018-12-14 00:34:08 - [TEST_STEP][PASSED] - Statement - eighteenYrsAgo = intCurrentYear - 18: null

2018-12-14 00:34:08 - [TEST_STEP][PASSED] - Statement - eighteenYrsBeforeThisYr = eighteenYrsAgo.toString(): null

2018-12-14 00:34:08 - [TEST_STEP][PASSED] - Statement - EighteenYrsBefore = eighteenYrsBeforeThisYr: null

2018-12-14 00:34:08 - [TEST_STEP][PASSED] - Statement - fiftysevenYrsAgo = intCurrentYear - 57: null

2018-12-14 00:34:08 - [TEST_STEP][PASSED] - Statement - fiftysevenYrsBeforeThisYr = fiftysevenYrsAgo.toString(): null

2018-12-14 00:34:08 - [TEST_STEP][PASSED] - Statement - FiftysevenYrsBefore = fiftysevenYrsBeforeThisYr: null

2018-12-14 00:34:08 - [TEST_STEP][PASSED] - Statement - leapYear = false: null

2018-12-14 00:34:08 - [TEST_STEP][PASSED] - Statement - leapYear = intCurrentYear % 4 == 0: null

2018-12-14 00:34:08 - [TEST_STEP][PASSED] - Statement - CurrentDateNoFilter.applyPattern("dd"): null

2018-12-14 00:34:08 - [TEST_STEP][PASSED] - Statement - CurrentDate = CurrentDateNoFilter.format(TodayDate): null

2018-12-14 00:34:08 - [TEST_STEP][PASSED] - Statement - CurrentDate = java.lang.Integer.parseInt(CurrentDate): null

2018-12-14 00:34:08 - [TEST_STEP][PASSED] - Statement - CurrentDate = CurrentDate: null

2018-12-14 00:34:08 - [TEST_STEP][PASSED] - Statement - CurrentDay = java.lang.Integer.parseInt(CurrentDate): null

2018-12-14 00:34:08 - [TEST_STEP][PASSED] - Statement - ConfAdder = <not implemented yet for class: org.codehaus.groovy.ast.expr.EmptyExpression>: null

2018-12-14 00:34:08 - [TEST_STEP][PASSED] - Statement - out.println(CurrentMonth): null

2018-12-14 00:34:08 - [TEST_STEP][PASSED] - Statement - out.println(CurrentDate): null

2018-12-14 00:34:08 - [TEST_STEP][PASSED] - Statement - switch (CurrentDate): null

2018-12-14 00:34:08 - [TEST_STEP][PASSED] - Statement - Default: null

2018-12-14 00:34:08 - [TEST_STEP][PASSED] - Statement - ConfAdder = true: null

2018-12-14 00:34:08 - [TEST_STEP][PASSED] - Statement - Break: null

2018-12-14 00:34:08 - [TEST_STEP][PASSED] - Statement - aDayBefore = <not implemented yet for class: org.codehaus.groovy.ast.expr.EmptyExpression>: null

2018-12-14 00:34:08 - [TEST_STEP][PASSED] - Statement - out.println(ConfAdder): null

2018-12-14 00:34:08 - [TEST_STEP][PASSED] - Statement - If (ConfAdder == true): null

2018-12-14 00:34:08 - [TEST_STEP][PASSED] - Statement - aDayBefore = CurrentDay + 1: null

2018-12-14 00:34:08 - [TEST_STEP][PASSED] - Statement - out.println(aDayBefore): null

2018-12-14 00:34:08 - [TEST_STEP][PASSED] - Statement - If (aDayBefore == 1 && CurrentMonth == 11): null

2018-12-14 00:34:08 - [TEST_STEP][PASSED] - Statement - DayBefore = aDayBefore.toString(): null

2018-12-14 00:34:08 - [TEST_STEP][PASSED] - Statement - OneDayBefore = DayBefore: null

2018-12-14 00:34:08 - [MESSAGE][PASSED] - Call Test Case 'Test Cases/Final Aug 2018 - PKS Automation/Registration Module/New Registration/Form 2/Date Updater' successfully

2018-12-14 00:34:08 - [TEST_STEP][PASSED] - Statement - CaseReferenceNo = com.kms.katalon.core.webui.keyword.WebUiBuiltInKeywords.getText(com.kms.katalon.core.testobject.ObjectRepository.findTestObject(Final Object Repo/New Registration - Registration Module Pages/Form 2/RefNo Acquiring)): Text of object 'Object Repository/Final Object Repo/New Registration - Registration Module Pages/Form 2/RefNo Acquiring' is: 'CRN12201800123323'

2018-12-14 00:34:08 - [MESSAGE][PASSED] - Text of object 'Object Repository/Final Object Repo/New Registration - Registration Module Pages/Form 2/RefNo Acquiring' is: 'CRN12201800123323'

2018-12-14 00:34:08 - [TEST_STEP][PASSED] - delay: Delayed 4 second(s)

2018-12-14 00:34:12 - [MESSAGE][PASSED] - Delayed 4 second(s)

2018-12-14 00:34:12 - [TEST_STEP][PASSED] - click: Object: 'Object Repository/Final Object Repo/New Registration - Registration Module Pages/Form 2/Add Employee Button' is clicked on

2018-12-14 00:34:12 - [MESSAGE][PASSED] - Object: 'Object Repository/Final Object Repo/New Registration - Registration Module Pages/Form 2/Add Employee Button' is clicked on

2018-12-14 00:34:12 - [TEST_STEP][PASSED] - delay: Delayed 1 second(s)

2018-12-14 00:34:13 - [MESSAGE][PASSED] - Delayed 1 second(s)

2018-12-14 00:34:13 - [TEST_STEP][PASSED] - setText: Text '010903091984' is set on object 'Object Repository/Final Object Repo/New Registration - Registration Module Pages/Form 2/NRIC Input'

2018-12-14 00:34:13 - [MESSAGE][PASSED] - Text '010903091984' is set on object 'Object Repository/Final Object Repo/New Registration - Registration Module Pages/Form 2/NRIC Input'

2018-12-14 00:34:13 - [TEST_STEP][PASSED] - click: Object: 'Object Repository/Final Object Repo/New Registration - Registration Module Pages/Form 2/button for search for IC' is clicked on

2018-12-14 00:34:14 - [MESSAGE][PASSED] - Object: 'Object Repository/Final Object Repo/New Registration - Registration Module Pages/Form 2/button for search for IC' is clicked on

2018-12-14 00:34:14 - [TEST_STEP][PASSED] - delay: Delayed 2 second(s)

2018-12-14 00:34:16 - [MESSAGE][PASSED] - Delayed 2 second(s)

2018-12-14 00:34:16 - [TEST_STEP][PASSED] - setText: Text 'Automate001 eligible 1' is set on object 'Object Repository/Final Object Repo/New Registration - Registration Module Pages/Form 2/Employee Name Input'

2018-12-14 00:34:16 - [MESSAGE][PASSED] - Text 'Automate001 eligible 1' is set on object 'Object Repository/Final Object Repo/New Registration - Registration Module Pages/Form 2/Employee Name Input'

2018-12-14 00:34:16 - [TEST_STEP][PASSED] - delay: Delayed 2 second(s)

2018-12-14 00:34:18 - [MESSAGE][PASSED] - Delayed 2 second(s)

2018-12-14 00:34:18 - [TEST_STEP][PASSED] - click: Object: 'Object Repository/Final Object Repo/New Registration - Registration Module Pages/Form 2/DatePicker Pop Up' is clicked on

2018-12-14 00:34:18 - [MESSAGE][PASSED] - Object: 'Object Repository/Final Object Repo/New Registration - Registration Module Pages/Form 2/DatePicker Pop Up' is clicked on

2018-12-14 00:34:18 - [TEST_STEP][PASSED] - click: Object: 'Object Repository/Final Object Repo/New Registration - Registration Module Pages/Form 2/DOB Month' is clicked on

2018-12-14 00:34:19 - [MESSAGE][PASSED] - Object: 'Object Repository/Final Object Repo/New Registration - Registration Module Pages/Form 2/DOB Month' is clicked on

2018-12-14 00:34:19 - [TEST_STEP][PASSED] - Statement - CurrentMonth = CurrentMonth: null

2018-12-14 00:34:19 - [TEST_STEP][PASSED] - Statement - selectMonth = new com.kms.katalon.core.testobject.TestObject(): null

2018-12-14 00:34:19 - [TEST_STEP][PASSED] - Statement - selectMonth.addProperty("xpath", EQUALS, "//body/div/div/div/select/option[@value='" + CurrentMonth + "']", true): null

2018-12-14 00:34:19 - [TEST_STEP][PASSED] - click: Object: '' is clicked on

2018-12-14 00:34:19 - [MESSAGE][PASSED] - Object: '' is clicked on

2018-12-14 00:34:19 - [TEST_STEP][PASSED] - click: Object: 'Object Repository/Final Object Repo/New Registration - Registration Module Pages/Form 2/DOB Year' is clicked on

2018-12-14 00:34:19 - [MESSAGE][PASSED] - Object: 'Object Repository/Final Object Repo/New Registration - Registration Module Pages/Form 2/DOB Year' is clicked on

2018-12-14 00:34:19 - [TEST_STEP][PASSED] - Statement - Eyearsbf = EighteenYrsBefore: null

2018-12-14 00:34:19 - [TEST_STEP][PASSED] - Statement - selectYear = new com.kms.katalon.core.testobject.TestObject(): null

2018-12-14 00:34:19 - [TEST_STEP][PASSED] - Statement - selectYear.addProperty("xpath", EQUALS, "//div/div/div/select/option[@value='" + Eyearsbf + "']", true): null

2018-12-14 00:34:19 - [TEST_STEP][PASSED] - click: Object: '' is clicked on

2018-12-14 00:34:19 - [MESSAGE][PASSED] - Object: '' is clicked on

2018-12-14 00:34:19 - [TEST_STEP][PASSED] - Statement - UpdatedSelectDate = com.kms.katalon.core.webui.keyword.WebUiBuiltInKeywords.modifyObjectProperty(com.kms.katalon.core.testobject.ObjectRepository.findTestObject(Final Object Repo/New Registration - Registration Module Pages/Form 2/DOB Date), "xpath", "equals", "//body/div/table/tbody/tr/td/a[text()="" + CurrentDate + ""]", true): Modify property of object successfully

2018-12-14 00:34:19 - [MESSAGE][PASSED] - Modify property of object successfully

2018-12-14 00:34:19 - [TEST_STEP][PASSED] - delay: Delayed 3 second(s)

2018-12-14 00:34:22 - [MESSAGE][PASSED] - Delayed 3 second(s)

2018-12-14 00:34:22 - [TEST_STEP][PASSED] - click: Object: 'Object Repository/Final Object Repo/New Registration - Registration Module Pages/Form 2/DOB Date' is clicked on

2018-12-14 00:34:22 - [MESSAGE][PASSED] - Object: 'Object Repository/Final Object Repo/New Registration - Registration Module Pages/Form 2/DOB Date' is clicked on

2018-12-14 00:34:22 - [TEST_STEP][PASSED] - delay: Delayed 2 second(s)

2018-12-14 00:34:24 - [MESSAGE][PASSED] - Delayed 2 second(s)

2018-12-14 00:34:24 - [TEST_STEP][PASSED] - click: Object: 'Object Repository/Final Object Repo/New Registration - Registration Module Pages/Form 2/EmploymentStartDate Pop Up' is clicked on

2018-12-14 00:34:24 - [MESSAGE][PASSED] - Object: 'Object Repository/Final Object Repo/New Registration - Registration Module Pages/Form 2/EmploymentStartDate Pop Up' is clicked on

2018-12-14 00:34:24 - [TEST_STEP][PASSED] - delay: Delayed 2 second(s)

2018-12-14 00:34:26 - [MESSAGE][PASSED] - Delayed 2 second(s)

2018-12-14 00:34:26 - [TEST_STEP][PASSED] - click: Object: 'Object Repository/Final Object Repo/New Registration - Registration Module Pages/Form 2/Socso Employment StartDate Month' is clicked on

2018-12-14 00:34:26 - [MESSAGE][PASSED] - Object: 'Object Repository/Final Object Repo/New Registration - Registration Module Pages/Form 2/Socso Employment StartDate Month' is clicked on

2018-12-14 00:34:26 - [TEST_STEP][PASSED] - delay: Delayed 1 second(s)

2018-12-14 00:34:27 - [MESSAGE][PASSED] - Delayed 1 second(s)

2018-12-14 00:34:27 - [TEST_STEP][PASSED] - click: Object: 'Object Repository/Final Object Repo/New Registration - Registration Module Pages/Form 2/Select Socso Employement Startdate Month' is clicked on

2018-12-14 00:34:28 - [MESSAGE][PASSED] - Object: 'Object Repository/Final Object Repo/New Registration - Registration Module Pages/Form 2/Select Socso Employement Startdate Month' is clicked on

2018-12-14 00:34:28 - [TEST_STEP][PASSED] - delay: Delayed 2 second(s)

2018-12-14 00:34:30 - [MESSAGE][PASSED] - Delayed 2 second(s)

2018-12-14 00:34:30 - [TEST_STEP][PASSED] - click: Object: 'Object Repository/Final Object Repo/New Registration - Registration Module Pages/Form 2/Socso Employment StartDate Year' is clicked on

2018-12-14 00:34:30 - [MESSAGE][PASSED] - Object: 'Object Repository/Final Object Repo/New Registration - Registration Module Pages/Form 2/Socso Employment StartDate Year' is clicked on

2018-12-14 00:34:30 - [TEST_STEP][PASSED] - delay: Delayed 1 second(s)

2018-12-14 00:34:31 - [MESSAGE][PASSED] - Delayed 1 second(s)

2018-12-14 00:34:31 - [TEST_STEP][PASSED] - click: Object: 'Object Repository/Final Object Repo/New Registration - Registration Module Pages/Form 2/Select Socso Employment Startdate Year' is clicked on

2018-12-14 00:34:31 - [MESSAGE][PASSED] - Object: 'Object Repository/Final Object Repo/New Registration - Registration Module Pages/Form 2/Select Socso Employment Startdate Year' is clicked on

2018-12-14 00:34:31 - [TEST_STEP][PASSED] - delay: Delayed 2 second(s)

2018-12-14 00:34:33 - [MESSAGE][PASSED] - Delayed 2 second(s)

2018-12-14 00:34:33 - [TEST_STEP][PASSED] - click: Object: 'Object Repository/Final Object Repo/New Registration - Registration Module Pages/Form 2/Socso Employment Start Date Day' is clicked on

2018-12-14 00:34:33 - [MESSAGE][PASSED] - Object: 'Object Repository/Final Object Repo/New Registration - Registration Module Pages/Form 2/Socso Employment Start Date Day' is clicked on

2018-12-14 00:34:33 - [TEST_STEP][PASSED] - delay: Delayed 2 second(s)

2018-12-14 00:34:35 - [MESSAGE][PASSED] - Delayed 2 second(s)

2018-12-14 00:34:35 - [TEST_STEP][PASSED] - click: Object: 'Object Repository/Final Object Repo/New Registration - Registration Module Pages/Form 2/Save Button for Add Employee' is clicked on

2018-12-14 00:34:35 - [MESSAGE][PASSED] - Object: 'Object Repository/Final Object Repo/New Registration - Registration Module Pages/Form 2/Save Button for Add Employee' is clicked on

2018-12-14 00:34:35 - [TEST_STEP][PASSED] - delay: Delayed 6 second(s)

2018-12-14 00:34:41 - [MESSAGE][PASSED] - Delayed 6 second(s)

2018-12-14 00:34:41 - [TEST_STEP][PASSED] - click: Object: 'Object Repository/Final Object Repo/New Registration - Registration Module Pages/Form 2/Incomplete Checkbox' is clicked on

2018-12-14 00:34:42 - [MESSAGE][PASSED] - Object: 'Object Repository/Final Object Repo/New Registration - Registration Module Pages/Form 2/Incomplete Checkbox' is clicked on

2018-12-14 00:34:42 - [TEST_STEP][PASSED] - delay: Delayed 2 second(s)

2018-12-14 00:34:44 - [MESSAGE][PASSED] - Delayed 2 second(s)

2018-12-14 00:34:44 - [TEST_STEP][PASSED] - click: Object: 'Object Repository/Final Object Repo/New Registration - Registration Module Pages/Form 2/Save and Continue Form 2' is clicked on

2018-12-14 00:34:44 - [MESSAGE][PASSED] - Object: 'Object Repository/Final Object Repo/New Registration - Registration Module Pages/Form 2/Save and Continue Form 2' is clicked on

2018-12-14 00:34:44 - [MESSAGE][PASSED] - Call Test Case 'Test Cases/Final Aug 2018 - PKS Automation/Registration Module/New Registration/Form 2/Add 1 Eligible - Incomplete' successfully

2018-12-14 00:34:44 - [TEST_STEP][PASSED] - delay: Delayed 4 second(s)

2018-12-14 00:34:48 - [MESSAGE][PASSED] - Delayed 4 second(s)

2018-12-14 00:34:48 - [TEST_STEP][PASSED] - callTestCase: Call Test Case 'Test Cases/Final Aug 2018 - PKS Automation/Registration Module/New Registration/Flow of New Registration/Third Screen - Upload Supporting Doc - Preview' successfully

2018-12-14 00:34:48 - [TEST_CASE][PASSED] - Test Cases/Final Aug 2018 - PKS Automation/Registration Module/New Registration/Flow of New Registration/Third Screen - Upload Supporting Doc - Preview: Test Cases/Final Aug 2018 - PKS Automation/Registration Module/New Registration/Flow of New Registration/Third Screen - Upload Supporting Doc - Preview

2018-12-14 00:34:48 - [TEST_STEP][PASSED] - waitForPageLoad: Wait for page load successfully

2018-12-14 00:34:48 - [MESSAGE][PASSED] - Wait for page load successfully

2018-12-14 00:34:48 - [TEST_STEP][PASSED] - Statement - CaseReferenceNo = com.kms.katalon.core.webui.keyword.WebUiBuiltInKeywords.getText(com.kms.katalon.core.testobject.ObjectRepository.findTestObject(Final Object Repo/New Registration - Registration Module Pages/Third Screen - Upload Supporting Doc- Preview/RefNo Acquiring)): Text of object 'Object Repository/Final Object Repo/New Registration - Registration Module Pages/Third Screen - Upload Supporting Doc- Preview/RefNo Acquiring' is: 'CRN12201800123323'

2018-12-14 00:34:48 - [MESSAGE][PASSED] - Text of object 'Object Repository/Final Object Repo/New Registration - Registration Module Pages/Third Screen - Upload Supporting Doc- Preview/RefNo Acquiring' is: 'CRN12201800123323'

2018-12-14 00:34:48 - [TEST_STEP][PASSED] - delay: Delayed 2 second(s)

2018-12-14 00:34:50 - [MESSAGE][PASSED] - Delayed 2 second(s)

2018-12-14 00:34:50 - [TEST_STEP][PASSED] - callTestCase: Call Test Case 'Test Cases/Final Aug 2018 - PKS Automation/Common/Reference Number Setter' successfully

2018-12-14 00:34:50 - [TEST_CASE][PASSED] - Test Cases/Final Aug 2018 - PKS Automation/Common/Reference Number Setter: Test Cases/Final Aug 2018 - PKS Automation/Common/Reference Number Setter

2018-12-14 00:34:50 - [TEST_STEP][PASSED] - Statement - RefNoOldFile = new java.io.File(C://Users//Admin//Desktop//PKS//Automation Reference Point//KatalonReference.txt): null

2018-12-14 00:34:50 - [TEST_STEP][PASSED] - Statement - RefNoOldFile.delete(): null

2018-12-14 00:34:50 - [TEST_STEP][PASSED] - delay: Delayed 5 second(s)

2018-12-14 00:34:55 - [MESSAGE][PASSED] - Delayed 5 second(s)

2018-12-14 00:34:55 - [TEST_STEP][PASSED] - Statement - RefNo = new java.io.File(C://Users//Admin//Desktop//PKS//Automation Reference Point//KatalonReference.txt): null

2018-12-14 00:34:55 - [TEST_STEP][PASSED] - Statement - f2 = new java.io.FileWriter(RefNo, false): null

2018-12-14 00:34:55 - [TEST_STEP][PASSED] - Statement - f2.write(CaseReferenceNo): null

2018-12-14 00:34:55 - [TEST_STEP][PASSED] - Statement - f2.close(): null

2018-12-14 00:34:55 - [TEST_STEP][PASSED] - Statement - out.println("


" + CaseReferenceNo + "


"): null

2018-12-14 00:34:55 - [MESSAGE][PASSED] - Call Test Case 'Test Cases/Final Aug 2018 - PKS Automation/Common/Reference Number Setter' successfully

2018-12-14 00:34:55 - [TEST_STEP][PASSED] - waitForElementClickable: Object 'Object Repository/Final Object Repo/New Registration - Registration Module Pages/Third Screen - Upload Supporting Doc- Preview/Save n Continue in SIP Employee Listing Page' is clickable

2018-12-14 00:34:55 - [MESSAGE][PASSED] - Object 'Object Repository/Final Object Repo/New Registration - Registration Module Pages/Third Screen - Upload Supporting Doc- Preview/Save n Continue in SIP Employee Listing Page' is clickable

2018-12-14 00:34:55 - [TEST_STEP][PASSED] - click: Object: 'Object Repository/Final Object Repo/New Registration - Registration Module Pages/Third Screen - Upload Supporting Doc- Preview/Save n Continue in SIP Employee Listing Page' is clicked on

2018-12-14 00:35:01 - [MESSAGE][PASSED] - Object: 'Object Repository/Final Object Repo/New Registration - Registration Module Pages/Third Screen - Upload Supporting Doc- Preview/Save n Continue in SIP Employee Listing Page' is clicked on

2018-12-14 00:35:01 - [TEST_STEP][PASSED] - delay: Delayed 7 second(s)

2018-12-14 00:35:08 - [MESSAGE][PASSED] - Delayed 7 second(s)

2018-12-14 00:35:08 - [TEST_STEP][PASSED] - click: Object: 'Object Repository/Final Object Repo/New Registration - Registration Module Pages/Third Screen - Upload Supporting Doc- Preview/Add Document Button' is clicked on

2018-12-14 00:35:08 - [MESSAGE][PASSED] - Object: 'Object Repository/Final Object Repo/New Registration - Registration Module Pages/Third Screen - Upload Supporting Doc- Preview/Add Document Button' is clicked on

2018-12-14 00:35:08 - [TEST_STEP][PASSED] - delay: Delayed 30 second(s)

2018-12-14 00:35:38 - [MESSAGE][PASSED] - Delayed 30 second(s)

2018-12-14 00:35:38 - [TEST_STEP][PASSED] - click: Object: 'Object Repository/Final Object Repo/New Registration - Registration Module Pages/Third Screen - Upload Supporting Doc- Preview/Supporting Doc Please Select Drop Down' is clicked on

2018-12-14 00:35:38 - [MESSAGE][PASSED] - Object: 'Object Repository/Final Object Repo/New Registration - Registration Module Pages/Third Screen - Upload Supporting Doc- Preview/Supporting Doc Please Select Drop Down' is clicked on

2018-12-14 00:35:38 - [TEST_STEP][PASSED] - delay: Delayed 2 second(s)

2018-12-14 00:35:40 - [MESSAGE][PASSED] - Delayed 2 second(s)

2018-12-14 00:35:40 - [TEST_STEP][PASSED] - click: Object: 'Object Repository/Final Object Repo/New Registration - Registration Module Pages/Third Screen - Upload Supporting Doc- Preview/Select to Upload Form 1' is clicked on

2018-12-14 00:35:40 - [MESSAGE][PASSED] - Object: 'Object Repository/Final Object Repo/New Registration - Registration Module Pages/Third Screen - Upload Supporting Doc- Preview/Select to Upload Form 1' is clicked on

2018-12-14 00:35:40 - [TEST_STEP][PASSED] - delay: Delayed 2 second(s)

2018-12-14 00:35:42 - [MESSAGE][PASSED] - Delayed 2 second(s)

2018-12-14 00:35:42 - [TEST_STEP][PASSED] - uploadFile: File 'C:\Users\Public\Pictures\Sample Pictures\Koala.jpg' sent to object: 'Object Repository/Final Object Repo/New Registration - Registration Module Pages/Third Screen - Upload Supporting Doc- Preview/Upload File Adding'

2018-12-14 00:35:42 - [MESSAGE][PASSED] - File 'C:\Users\Public\Pictures\Sample Pictures\Koala.jpg' sent to object: 'Object Repository/Final Object Repo/New Registration - Registration Module Pages/Third Screen - Upload Supporting Doc- Preview/Upload File Adding'

2018-12-14 00:35:42 - [TEST_STEP][PASSED] - delay: Delayed 5 second(s)

2018-12-14 00:35:47 - [MESSAGE][PASSED] - Delayed 5 second(s)

2018-12-14 00:35:47 - [TEST_STEP][PASSED] - click: Object: 'Object Repository/Final Object Repo/New Registration - Registration Module Pages/Third Screen - Upload Supporting Doc- Preview/Inner Form Add Document Button' is clicked on

2018-12-14 00:35:47 - [MESSAGE][PASSED] - Object: 'Object Repository/Final Object Repo/New Registration - Registration Module Pages/Third Screen - Upload Supporting Doc- Preview/Inner Form Add Document Button' is clicked on

2018-12-14 00:35:47 - [TEST_STEP][PASSED] - delay: Delayed 3 second(s)

2018-12-14 00:35:50 - [MESSAGE][PASSED] - Delayed 3 second(s)

2018-12-14 00:35:50 - [TEST_STEP][PASSED] - click: Object: 'Object Repository/Final Object Repo/New Registration - Registration Module Pages/Third Screen - Upload Supporting Doc- Preview/Add Document Button' is clicked on

2018-12-14 00:35:52 - [MESSAGE][PASSED] - Object: 'Object Repository/Final Object Repo/New Registration - Registration Module Pages/Third Screen - Upload Supporting Doc- Preview/Add Document Button' is clicked on

2018-12-14 00:35:52 - [TEST_STEP][PASSED] - delay: Delayed 30 second(s)

2018-12-14 00:36:22 - [MESSAGE][PASSED] - Delayed 30 second(s)

2018-12-14 00:36:22 - [TEST_STEP][PASSED] - click: Object: 'Object Repository/Final Object Repo/New Registration - Registration Module Pages/Third Screen - Upload Supporting Doc- Preview/Supporting Doc Please Select Drop Down' is clicked on

2018-12-14 00:36:22 - [MESSAGE][PASSED] - Object: 'Object Repository/Final Object Repo/New Registration - Registration Module Pages/Third Screen - Upload Supporting Doc- Preview/Supporting Doc Please Select Drop Down' is clicked on

2018-12-14 00:36:22 - [TEST_STEP][PASSED] - delay: Delayed 4 second(s)

2018-12-14 00:36:26 - [MESSAGE][PASSED] - Delayed 4 second(s)

2018-12-14 00:36:26 - [TEST_STEP][PASSED] - click: Object: 'Object Repository/Final Object Repo/New Registration - Registration Module Pages/Third Screen - Upload Supporting Doc- Preview/Select to Upload Form 2' is clicked on

2018-12-14 00:36:26 - [MESSAGE][PASSED] - Object: 'Object Repository/Final Object Repo/New Registration - Registration Module Pages/Third Screen - Upload Supporting Doc- Preview/Select to Upload Form 2' is clicked on

2018-12-14 00:36:26 - [TEST_STEP][PASSED] - delay: Delayed 2 second(s)

2018-12-14 00:36:28 - [MESSAGE][PASSED] - Delayed 2 second(s)

2018-12-14 00:36:28 - [TEST_STEP][PASSED] - uploadFile: File 'C:\Users\Public\Pictures\Sample Pictures\Koala.jpg' sent to object: 'Object Repository/Final Object Repo/New Registration - Registration Module Pages/Third Screen - Upload Supporting Doc- Preview/Upload File Adding'

2018-12-14 00:36:28 - [MESSAGE][PASSED] - File 'C:\Users\Public\Pictures\Sample Pictures\Koala.jpg' sent to object: 'Object Repository/Final Object Repo/New Registration - Registration Module Pages/Third Screen - Upload Supporting Doc- Preview/Upload File Adding'

2018-12-14 00:36:28 - [TEST_STEP][PASSED] - click: Object: 'Object Repository/Final Object Repo/New Registration - Registration Module Pages/Third Screen - Upload Supporting Doc- Preview/Inner Form Add Document Button' is clicked on

2018-12-14 00:36:28 - [MESSAGE][PASSED] - Object: 'Object Repository/Final Object Repo/New Registration - Registration Module Pages/Third Screen - Upload Supporting Doc- Preview/Inner Form Add Document Button' is clicked on

2018-12-14 00:36:28 - [TEST_STEP][PASSED] - delay: Delayed 5 second(s)

2018-12-14 00:36:33 - [MESSAGE][PASSED] - Delayed 5 second(s)

2018-12-14 00:36:33 - [TEST_STEP][PASSED] - click: Object: 'Object Repository/Final Object Repo/New Registration - Registration Module Pages/Third Screen - Upload Supporting Doc- Preview/Add Document Button' is clicked on

2018-12-14 00:36:33 - [MESSAGE][PASSED] - Object: 'Object Repository/Final Object Repo/New Registration - Registration Module Pages/Third Screen - Upload Supporting Doc- Preview/Add Document Button' is clicked on

2018-12-14 00:36:33 - [TEST_STEP][PASSED] - delay: Delayed 30 second(s)

2018-12-14 00:37:03 - [MESSAGE][PASSED] - Delayed 30 second(s)

2018-12-14 00:37:03 - [TEST_STEP][PASSED] - click: Object: 'Object Repository/Final Object Repo/New Registration - Registration Module Pages/Third Screen - Upload Supporting Doc- Preview/Supporting Doc Please Select Drop Down' is clicked on

2018-12-14 00:37:04 - [MESSAGE][PASSED] - Object: 'Object Repository/Final Object Repo/New Registration - Registration Module Pages/Third Screen - Upload Supporting Doc- Preview/Supporting Doc Please Select Drop Down' is clicked on

2018-12-14 00:37:04 - [TEST_STEP][PASSED] - click: Object: 'Object Repository/Final Object Repo/New Registration - Registration Module Pages/Third Screen - Upload Supporting Doc- Preview/Select to Upload Borang SIP 1' is clicked on

2018-12-14 00:37:04 - [MESSAGE][PASSED] - Object: 'Object Repository/Final Object Repo/New Registration - Registration Module Pages/Third Screen - Upload Supporting Doc- Preview/Select to Upload Borang SIP 1' is clicked on

2018-12-14 00:37:04 - [TEST_STEP][PASSED] - delay: Delayed 2 second(s)

2018-12-14 00:37:06 - [MESSAGE][PASSED] - Delayed 2 second(s)

2018-12-14 00:37:06 - [TEST_STEP][PASSED] - uploadFile: File 'C:\Users\Public\Pictures\Sample Pictures\Koala.jpg' sent to object: 'Object Repository/Final Object Repo/New Registration - Registration Module Pages/Third Screen - Upload Supporting Doc- Preview/Upload File Adding'

2018-12-14 00:37:06 - [MESSAGE][PASSED] - File 'C:\Users\Public\Pictures\Sample Pictures\Koala.jpg' sent to object: 'Object Repository/Final Object Repo/New Registration - Registration Module Pages/Third Screen - Upload Supporting Doc- Preview/Upload File Adding'

2018-12-14 00:37:06 - [TEST_STEP][PASSED] - click: Object: 'Object Repository/Final Object Repo/New Registration - Registration Module Pages/Third Screen - Upload Supporting Doc- Preview/Inner Form Add Document Button' is clicked on

2018-12-14 00:37:06 - [MESSAGE][PASSED] - Object: 'Object Repository/Final Object Repo/New Registration - Registration Module Pages/Third Screen - Upload Supporting Doc- Preview/Inner Form Add Document Button' is clicked on

2018-12-14 00:37:06 - [TEST_STEP][PASSED] - delay: Delayed 5 second(s)

2018-12-14 00:37:11 - [MESSAGE][PASSED] - Delayed 5 second(s)

2018-12-14 00:37:11 - [TEST_STEP][PASSED] - click: Object: 'Object Repository/Final Object Repo/New Registration - Registration Module Pages/Third Screen - Upload Supporting Doc- Preview/Add Document Button' is clicked on

2018-12-14 00:37:11 - [MESSAGE][PASSED] - Object: 'Object Repository/Final Object Repo/New Registration - Registration Module Pages/Third Screen - Upload Supporting Doc- Preview/Add Document Button' is clicked on

2018-12-14 00:37:11 - [TEST_STEP][PASSED] - delay: Delayed 30 second(s)

2018-12-14 00:37:41 - [MESSAGE][PASSED] - Delayed 30 second(s)

2018-12-14 00:37:41 - [TEST_STEP][PASSED] - click: Object: 'Object Repository/Final Object Repo/New Registration - Registration Module Pages/Third Screen - Upload Supporting Doc- Preview/Supporting Doc Please Select Drop Down' is clicked on

2018-12-14 00:37:42 - [MESSAGE][PASSED] - Object: 'Object Repository/Final Object Repo/New Registration - Registration Module Pages/Third Screen - Upload Supporting Doc- Preview/Supporting Doc Please Select Drop Down' is clicked on

2018-12-14 00:37:42 - [TEST_STEP][PASSED] - delay: Delayed 3 second(s)

2018-12-14 00:37:45 - [MESSAGE][PASSED] - Delayed 3 second(s)

2018-12-14 00:37:45 - [TEST_STEP][PASSED] - click: Object: 'Object Repository/Final Object Repo/New Registration - Registration Module Pages/Third Screen - Upload Supporting Doc- Preview/Select to Upload Borang SIP 2' is clicked on

2018-12-14 00:37:45 - [MESSAGE][PASSED] - Object: 'Object Repository/Final Object Repo/New Registration - Registration Module Pages/Third Screen - Upload Supporting Doc- Preview/Select to Upload Borang SIP 2' is clicked on

2018-12-14 00:37:45 - [TEST_STEP][PASSED] - delay: Delayed 2 second(s)

2018-12-14 00:37:47 - [MESSAGE][PASSED] - Delayed 2 second(s)

2018-12-14 00:37:47 - [TEST_STEP][PASSED] - uploadFile: File 'C:\Users\Public\Pictures\Sample Pictures\Koala.jpg' sent to object: 'Object Repository/Final Object Repo/New Registration - Registration Module Pages/Third Screen - Upload Supporting Doc- Preview/Upload File Adding'

2018-12-14 00:37:47 - [MESSAGE][PASSED] - File 'C:\Users\Public\Pictures\Sample Pictures\Koala.jpg' sent to object: 'Object Repository/Final Object Repo/New Registration - Registration Module Pages/Third Screen - Upload Supporting Doc- Preview/Upload File Adding'

2018-12-14 00:37:47 - [TEST_STEP][PASSED] - delay: Delayed 5 second(s)

2018-12-14 00:37:52 - [MESSAGE][PASSED] - Delayed 5 second(s)

2018-12-14 00:37:52 - [TEST_STEP][PASSED] - click: Object: 'Object Repository/Final Object Repo/New Registration - Registration Module Pages/Third Screen - Upload Supporting Doc- Preview/Inner Form Add Document Button' is clicked on

2018-12-14 00:37:52 - [MESSAGE][PASSED] - Object: 'Object Repository/Final Object Repo/New Registration - Registration Module Pages/Third Screen - Upload Supporting Doc- Preview/Inner Form Add Document Button' is clicked on

2018-12-14 00:37:52 - [TEST_STEP][PASSED] - delay: Delayed 3 second(s)

2018-12-14 00:37:55 - [MESSAGE][PASSED] - Delayed 3 second(s)

2018-12-14 00:37:55 - [TEST_STEP][PASSED] - waitForElementClickable: Object 'Object Repository/Final Object Repo/New Registration - Registration Module Pages/Third Screen - Upload Supporting Doc- Preview/Save n Continue in Uploading Supporting Doc Page' is clickable

2018-12-14 00:37:56 - [MESSAGE][PASSED] - Object 'Object Repository/Final Object Repo/New Registration - Registration Module Pages/Third Screen - Upload Supporting Doc- Preview/Save n Continue in Uploading Supporting Doc Page' is clickable

2018-12-14 00:37:56 - [TEST_STEP][PASSED] - click: Object: 'Object Repository/Final Object Repo/New Registration - Registration Module Pages/Third Screen - Upload Supporting Doc- Preview/Save n Continue in Uploading Supporting Doc Page' is clicked on

2018-12-14 00:37:56 - [MESSAGE][PASSED] - Object: 'Object Repository/Final Object Repo/New Registration - Registration Module Pages/Third Screen - Upload Supporting Doc- Preview/Save n Continue in Uploading Supporting Doc Page' is clicked on

2018-12-14 00:37:56 - [MESSAGE][PASSED] - Call Test Case 'Test Cases/Final Aug 2018 - PKS Automation/Registration Module/New Registration/Flow of New Registration/Third Screen - Upload Supporting Doc - Preview' successfully

2018-12-14 00:37:56 - [TEST_STEP][PASSED] - callTestCase: Call Test Case 'Test Cases/Final Aug 2018 - PKS Automation/Registration Module/New Registration/Submit and Screenshot/Submit Registration and Screenshot' successfully

2018-12-14 00:37:56 - [TEST_CASE][PASSED] - Test Cases/Final Aug 2018 - PKS Automation/Registration Module/New Registration/Submit and Screenshot/Submit Registration and Screenshot: Test Cases/Final Aug 2018 - PKS Automation/Registration Module/New Registration/Submit and Screenshot/Submit Registration and Screenshot

2018-12-14 00:37:56 - [TEST_STEP][PASSED] - delay: Delayed 6 second(s)

2018-12-14 00:38:02 - [MESSAGE][PASSED] - Delayed 6 second(s)

2018-12-14 00:38:02 - [TEST_STEP][PASSED] - click: Object: 'Object Repository/Final Object Repo/New Registration - Registration Module Pages/Third Screen - Upload Supporting Doc- Preview/Preview Submit Button' is clicked on

2018-12-14 00:38:02 - [MESSAGE][PASSED] - Object: 'Object Repository/Final Object Repo/New Registration - Registration Module Pages/Third Screen - Upload Supporting Doc- Preview/Preview Submit Button' is clicked on

2018-12-14 00:38:02 - [TEST_STEP][PASSED] - delay: Delayed 2 second(s)

2018-12-14 00:38:04 - [MESSAGE][PASSED] - Delayed 2 second(s)

2018-12-14 00:38:04 - [TEST_STEP][PASSED] - click: Object: 'Object Repository/Final Object Repo/New Registration - Registration Module Pages/Third Screen - Upload Supporting Doc- Preview/Preview Submit - Confirm' is clicked on

2018-12-14 00:38:05 - [MESSAGE][PASSED] - Object: 'Object Repository/Final Object Repo/New Registration - Registration Module Pages/Third Screen - Upload Supporting Doc- Preview/Preview Submit - Confirm' is clicked on

2018-12-14 00:38:05 - [TEST_STEP][PASSED] - delay: Delayed 15 second(s)

2018-12-14 00:38:20 - [MESSAGE][PASSED] - Delayed 15 second(s)

2018-12-14 00:38:20 - [TEST_STEP][PASSED] - Statement - driver = com.kms.katalon.core.webui.driver.DriverFactory.getWebDriver(): null

2018-12-14 00:38:20 - [TEST_STEP][PASSED] - Statement - driver.manage().timeouts().implicitlyWait(10, SECONDS): null

2018-12-14 00:38:20 - [TEST_STEP][PASSED] - Statement - PresavePath = KatalonScreenshots: null

2018-12-14 00:38:20 - [TEST_STEP][PASSED] - Statement - pathPrefix = "C:\Users\Public\Pictures\Sample Pictures\Katalon Screenshots\Automate Ending Screen": null

2018-12-14 00:38:20 - [TEST_STEP][PASSED] - Statement - finalPath = <not implemented yet for class: org.codehaus.groovy.ast.expr.EmptyExpression>: null

2018-12-14 00:38:20 - [TEST_STEP][PASSED] - Statement - scrFile = driver.getScreenshotAs(FILE): null

2018-12-14 00:38:20 - [TEST_STEP][PASSED] - Statement - PreSaveFile = new java.io.File(PresavePath): null

2018-12-14 00:38:20 - [TEST_STEP][PASSED] - Statement - counter = 0: null

2018-12-14 00:38:20 - [TEST_STEP][PASSED] - Statement - If (PreSaveFile.exists()): null

2018-12-14 00:38:20 - [TEST_STEP][PASSED] - Statement - While (PreSaveFile.exists()): null

2018-12-14 00:38:20 - [TEST_STEP][PASSED] - Statement - counter = counter + 1: null

2018-12-14 00:38:20 - [TEST_STEP][PASSED] - Statement - PreSaveFile = new java.io.File(((pathPrefix + java.lang.Integer.toString(counter)) + .png)): null

2018-12-14 00:38:20 - [TEST_STEP][PASSED] - Statement - counter = counter + 1: null

2018-12-14 00:38:20 - [TEST_STEP][PASSED] - Statement - PreSaveFile = new java.io.File(((pathPrefix + java.lang.Integer.toString(counter)) + .png)): null

2018-12-14 00:38:20 - [TEST_STEP][PASSED] - Statement - counter = counter + 1: null

2018-12-14 00:38:20 - [TEST_STEP][PASSED] - Statement - PreSaveFile = new java.io.File(((pathPrefix + java.lang.Integer.toString(counter)) + .png)): null

2018-12-14 00:38:20 - [TEST_STEP][PASSED] - Statement - counter = counter + 1: null

2018-12-14 00:38:20 - [TEST_STEP][PASSED] - Statement - PreSaveFile = new java.io.File(((pathPrefix + java.lang.Integer.toString(counter)) + .png)): null

2018-12-14 00:38:20 - [TEST_STEP][PASSED] - Statement - counter = counter + 1: null

2018-12-14 00:38:20 - [TEST_STEP][PASSED] - Statement - PreSaveFile = new java.io.File(((pathPrefix + java.lang.Integer.toString(counter)) + .png)): null

2018-12-14 00:38:20 - [TEST_STEP][PASSED] - Statement - counter = counter + 1: null

2018-12-14 00:38:20 - [TEST_STEP][PASSED] - Statement - PreSaveFile = new java.io.File(((pathPrefix + java.lang.Integer.toString(counter)) + .png)): null

2018-12-14 00:38:20 - [TEST_STEP][PASSED] - Statement - counter = counter + 1: null

2018-12-14 00:38:20 - [TEST_STEP][PASSED] - Statement - PreSaveFile = new java.io.File(((pathPrefix + java.lang.Integer.toString(counter)) + .png)): null

2018-12-14 00:38:20 - [TEST_STEP][PASSED] - Statement - counter = counter + 1: null

2018-12-14 00:38:20 - [TEST_STEP][PASSED] - Statement - PreSaveFile = new java.io.File(((pathPrefix + java.lang.Integer.toString(counter)) + .png)): null

2018-12-14 00:38:20 - [TEST_STEP][PASSED] - Statement - counter = counter + 1: null

2018-12-14 00:38:20 - [TEST_STEP][PASSED] - Statement - PreSaveFile = new java.io.File(((pathPrefix + java.lang.Integer.toString(counter)) + .png)): null

2018-12-14 00:38:20 - [TEST_STEP][PASSED] - Statement - counter = counter + 1: null

2018-12-14 00:38:20 - [TEST_STEP][PASSED] - Statement - PreSaveFile = new java.io.File(((pathPrefix + java.lang.Integer.toString(counter)) + .png)): null

2018-12-14 00:38:20 - [TEST_STEP][PASSED] - Statement - counter = counter + 1: null

2018-12-14 00:38:20 - [TEST_STEP][PASSED] - Statement - PreSaveFile = new java.io.File(((pathPrefix + java.lang.Integer.toString(counter)) + .png)): null

2018-12-14 00:38:20 - [TEST_STEP][PASSED] - Statement - counter = counter + 1: null

2018-12-14 00:38:20 - [TEST_STEP][PASSED] - Statement - PreSaveFile = new java.io.File(((pathPrefix + java.lang.Integer.toString(counter)) + .png)): null

2018-12-14 00:38:20 - [TEST_STEP][PASSED] - Statement - counter = counter + 1: null

2018-12-14 00:38:20 - [TEST_STEP][PASSED] - Statement - PreSaveFile = new java.io.File(((pathPrefix + java.lang.Integer.toString(counter)) + .png)): null

2018-12-14 00:38:20 - [TEST_STEP][PASSED] - Statement - counter = counter + 1: null

2018-12-14 00:38:20 - [TEST_STEP][PASSED] - Statement - PreSaveFile = new java.io.File(((pathPrefix + java.lang.Integer.toString(counter)) + .png)): null

2018-12-14 00:38:20 - [TEST_STEP][PASSED] - Statement - counter = counter + 1: null

2018-12-14 00:38:20 - [TEST_STEP][PASSED] - Statement - PreSaveFile = new java.io.File(((pathPrefix + java.lang.Integer.toString(counter)) + .png)): null

2018-12-14 00:38:20 - [TEST_STEP][PASSED] - Statement - counter = counter + 1: null

2018-12-14 00:38:20 - [TEST_STEP][PASSED] - Statement - PreSaveFile = new java.io.File(((pathPrefix + java.lang.Integer.toString(counter)) + .png)): null

2018-12-14 00:38:20 - [TEST_STEP][PASSED] - Statement - counter = counter + 1: null

2018-12-14 00:38:20 - [TEST_STEP][PASSED] - Statement - PreSaveFile = new java.io.File(((pathPrefix + java.lang.Integer.toString(counter)) + .png)): null

2018-12-14 00:38:20 - [TEST_STEP][PASSED] - Statement - counter = counter + 1: null

2018-12-14 00:38:20 - [TEST_STEP][PASSED] - Statement - PreSaveFile = new java.io.File(((pathPrefix + java.lang.Integer.toString(counter)) + .png)): null

2018-12-14 00:38:20 - [TEST_STEP][PASSED] - Statement - counter = counter + 1: null

2018-12-14 00:38:20 - [TEST_STEP][PASSED] - Statement - PreSaveFile = new java.io.File(((pathPrefix + java.lang.Integer.toString(counter)) + .png)): null

2018-12-14 00:38:20 - [TEST_STEP][PASSED] - Statement - counter = counter + 1: null

2018-12-14 00:38:20 - [TEST_STEP][PASSED] - Statement - PreSaveFile = new java.io.File(((pathPrefix + java.lang.Integer.toString(counter)) + .png)): null

2018-12-14 00:38:20 - [TEST_STEP][PASSED] - Statement - counter = counter + 1: null

2018-12-14 00:38:20 - [TEST_STEP][PASSED] - Statement - PreSaveFile = new java.io.File(((pathPrefix + java.lang.Integer.toString(counter)) + .png)): null

2018-12-14 00:38:20 - [TEST_STEP][PASSED] - Statement - counter = counter + 1: null

2018-12-14 00:38:20 - [TEST_STEP][PASSED] - Statement - PreSaveFile = new java.io.File(((pathPrefix + java.lang.Integer.toString(counter)) + .png)): null

2018-12-14 00:38:20 - [TEST_STEP][PASSED] - Statement - counter = counter + 1: null

2018-12-14 00:38:20 - [TEST_STEP][PASSED] - Statement - PreSaveFile = new java.io.File(((pathPrefix + java.lang.Integer.toString(counter)) + .png)): null

2018-12-14 00:38:20 - [TEST_STEP][PASSED] - Statement - counter = counter + 1: null

2018-12-14 00:38:20 - [TEST_STEP][PASSED] - Statement - PreSaveFile = new java.io.File(((pathPrefix + java.lang.Integer.toString(counter)) + .png)): null

2018-12-14 00:38:20 - [TEST_STEP][PASSED] - Statement - counter = counter + 1: null

2018-12-14 00:38:20 - [TEST_STEP][PASSED] - Statement - PreSaveFile = new java.io.File(((pathPrefix + java.lang.Integer.toString(counter)) + .png)): null

2018-12-14 00:38:20 - [TEST_STEP][PASSED] - Statement - counter = counter + 1: null

2018-12-14 00:38:20 - [TEST_STEP][PASSED] - Statement - PreSaveFile = new java.io.File(((pathPrefix + java.lang.Integer.toString(counter)) + .png)): null

2018-12-14 00:38:20 - [TEST_STEP][PASSED] - Statement - counter = counter + 1: null

2018-12-14 00:38:20 - [TEST_STEP][PASSED] - Statement - PreSaveFile = new java.io.File(((pathPrefix + java.lang.Integer.toString(counter)) + .png)): null

2018-12-14 00:38:20 - [TEST_STEP][PASSED] - Statement - counter = counter + 1: null

2018-12-14 00:38:20 - [TEST_STEP][PASSED] - Statement - PreSaveFile = new java.io.File(((pathPrefix + java.lang.Integer.toString(counter)) + .png)): null

2018-12-14 00:38:20 - [TEST_STEP][PASSED] - Statement - counter = counter + 1: null

2018-12-14 00:38:20 - [TEST_STEP][PASSED] - Statement - PreSaveFile = new java.io.File(((pathPrefix + java.lang.Integer.toString(counter)) + .png)): null

2018-12-14 00:38:20 - [TEST_STEP][PASSED] - Statement - counter = counter + 1: null

2018-12-14 00:38:20 - [TEST_STEP][PASSED] - Statement - PreSaveFile = new java.io.File(((pathPrefix + java.lang.Integer.toString(counter)) + .png)): null

2018-12-14 00:38:20 - [TEST_STEP][PASSED] - Statement - counter = counter + 1: null

2018-12-14 00:38:20 - [TEST_STEP][PASSED] - Statement - PreSaveFile = new java.io.File(((pathPrefix + java.lang.Integer.toString(counter)) + .png)): null

2018-12-14 00:38:20 - [TEST_STEP][PASSED] - Statement - counter = counter + 1: null

2018-12-14 00:38:20 - [TEST_STEP][PASSED] - Statement - PreSaveFile = new java.io.File(((pathPrefix + java.lang.Integer.toString(counter)) + .png)): null

2018-12-14 00:38:20 - [TEST_STEP][PASSED] - Statement - counter = counter + 1: null

2018-12-14 00:38:20 - [TEST_STEP][PASSED] - Statement - PreSaveFile = new java.io.File(((pathPrefix + java.lang.Integer.toString(counter)) + .png)): null

2018-12-14 00:38:20 - [TEST_STEP][PASSED] - Statement - counter = counter + 1: null

2018-12-14 00:38:20 - [TEST_STEP][PASSED] - Statement - PreSaveFile = new java.io.File(((pathPrefix + java.lang.Integer.toString(counter)) + .png)): null

2018-12-14 00:38:20 - [TEST_STEP][PASSED] - Statement - counter = counter + 1: null

2018-12-14 00:38:20 - [TEST_STEP][PASSED] - Statement - PreSaveFile = new java.io.File(((pathPrefix + java.lang.Integer.toString(counter)) + .png)): null

2018-12-14 00:38:20 - [TEST_STEP][PASSED] - Statement - counter = counter + 1: null

2018-12-14 00:38:20 - [TEST_STEP][PASSED] - Statement - PreSaveFile = new java.io.File(((pathPrefix + java.lang.Integer.toString(counter)) + .png)): null

2018-12-14 00:38:20 - [TEST_STEP][PASSED] - Statement - counter = counter + 1: null

2018-12-14 00:38:20 - [TEST_STEP][PASSED] - Statement - PreSaveFile = new java.io.File(((pathPrefix + java.lang.Integer.toString(counter)) + .png)): null

2018-12-14 00:38:20 - [TEST_STEP][PASSED] - Statement - counter = counter + 1: null

2018-12-14 00:38:20 - [TEST_STEP][PASSED] - Statement - PreSaveFile = new java.io.File(((pathPrefix + java.lang.Integer.toString(counter)) + .png)): null

2018-12-14 00:38:20 - [TEST_STEP][PASSED] - Statement - counter = counter + 1: null

2018-12-14 00:38:20 - [TEST_STEP][PASSED] - Statement - PreSaveFile = new java.io.File(((pathPrefix + java.lang.Integer.toString(counter)) + .png)): null

2018-12-14 00:38:20 - [TEST_STEP][PASSED] - Statement - counter = counter + 1: null

2018-12-14 00:38:20 - [TEST_STEP][PASSED] - Statement - PreSaveFile = new java.io.File(((pathPrefix + java.lang.Integer.toString(counter)) + .png)): null

2018-12-14 00:38:20 - [TEST_STEP][PASSED] - Statement - counter = counter + 1: null

2018-12-14 00:38:20 - [TEST_STEP][PASSED] - Statement - PreSaveFile = new java.io.File(((pathPrefix + java.lang.Integer.toString(counter)) + .png)): null

2018-12-14 00:38:20 - [TEST_STEP][PASSED] - Statement - counter = counter + 1: null

2018-12-14 00:38:20 - [TEST_STEP][PASSED] - Statement - PreSaveFile = new java.io.File(((pathPrefix + java.lang.Integer.toString(counter)) + .png)): null

2018-12-14 00:38:20 - [TEST_STEP][PASSED] - Statement - counter = counter + 1: null

2018-12-14 00:38:20 - [TEST_STEP][PASSED] - Statement - PreSaveFile = new java.io.File(((pathPrefix + java.lang.Integer.toString(counter)) + .png)): null

2018-12-14 00:38:20 - [TEST_STEP][PASSED] - Statement - counter = counter + 1: null

2018-12-14 00:38:20 - [TEST_STEP][PASSED] - Statement - PreSaveFile = new java.io.File(((pathPrefix + java.lang.Integer.toString(counter)) + .png)): null

2018-12-14 00:38:20 - [TEST_STEP][PASSED] - Statement - counter = counter + 1: null

2018-12-14 00:38:20 - [TEST_STEP][PASSED] - Statement - PreSaveFile = new java.io.File(((pathPrefix + java.lang.Integer.toString(counter)) + .png)): null

2018-12-14 00:38:20 - [TEST_STEP][PASSED] - Statement - counter = counter + 1: null

2018-12-14 00:38:20 - [TEST_STEP][PASSED] - Statement - PreSaveFile = new java.io.File(((pathPrefix + java.lang.Integer.toString(counter)) + .png)): null

2018-12-14 00:38:20 - [TEST_STEP][PASSED] - Statement - counter = counter + 1: null

2018-12-14 00:38:20 - [TEST_STEP][PASSED] - Statement - PreSaveFile = new java.io.File(((pathPrefix + java.lang.Integer.toString(counter)) + .png)): null

2018-12-14 00:38:20 - [TEST_STEP][PASSED] - Statement - counter = counter + 1: null

2018-12-14 00:38:20 - [TEST_STEP][PASSED] - Statement - PreSaveFile = new java.io.File(((pathPrefix + java.lang.Integer.toString(counter)) + .png)): null

2018-12-14 00:38:20 - [TEST_STEP][PASSED] - Statement - counter = counter + 1: null

2018-12-14 00:38:20 - [TEST_STEP][PASSED] - Statement - PreSaveFile = new java.io.File(((pathPrefix + java.lang.Integer.toString(counter)) + .png)): null

2018-12-14 00:38:20 - [TEST_STEP][PASSED] - Statement - counter = counter + 1: null

2018-12-14 00:38:20 - [TEST_STEP][PASSED] - Statement - PreSaveFile = new java.io.File(((pathPrefix + java.lang.Integer.toString(counter)) + .png)): null

2018-12-14 00:38:20 - [TEST_STEP][PASSED] - Statement - counter = counter + 1: null

2018-12-14 00:38:20 - [TEST_STEP][PASSED] - Statement - PreSaveFile = new java.io.File(((pathPrefix + java.lang.Integer.toString(counter)) + .png)): null

2018-12-14 00:38:20 - [TEST_STEP][PASSED] - Statement - counter = counter + 1: null

2018-12-14 00:38:20 - [TEST_STEP][PASSED] - Statement - PreSaveFile = new java.io.File(((pathPrefix + java.lang.Integer.toString(counter)) + .png)): null

2018-12-14 00:38:20 - [TEST_STEP][PASSED] - Statement - counter = counter + 1: null

2018-12-14 00:38:20 - [TEST_STEP][PASSED] - Statement - PreSaveFile = new java.io.File(((pathPrefix + java.lang.Integer.toString(counter)) + .png)): null

2018-12-14 00:38:20 - [TEST_STEP][PASSED] - Statement - counter = counter + 1: null

2018-12-14 00:38:20 - [TEST_STEP][PASSED] - Statement - PreSaveFile = new java.io.File(((pathPrefix + java.lang.Integer.toString(counter)) + .png)): null

2018-12-14 00:38:20 - [TEST_STEP][PASSED] - Statement - counter = counter + 1: null

2018-12-14 00:38:20 - [TEST_STEP][PASSED] - Statement - PreSaveFile = new java.io.File(((pathPrefix + java.lang.Integer.toString(counter)) + .png)): null

2018-12-14 00:38:20 - [TEST_STEP][PASSED] - Statement - counter = counter + 1: null

2018-12-14 00:38:20 - [TEST_STEP][PASSED] - Statement - PreSaveFile = new java.io.File(((pathPrefix + java.lang.Integer.toString(counter)) + .png)): null

2018-12-14 00:38:20 - [TEST_STEP][PASSED] - Statement - counter = counter + 1: null

2018-12-14 00:38:20 - [TEST_STEP][PASSED] - Statement - PreSaveFile = new java.io.File(((pathPrefix + java.lang.Integer.toString(counter)) + .png)): null

2018-12-14 00:38:20 - [TEST_STEP][PASSED] - Statement - counter = counter + 1: null

2018-12-14 00:38:20 - [TEST_STEP][PASSED] - Statement - PreSaveFile = new java.io.File(((pathPrefix + java.lang.Integer.toString(counter)) + .png)): null

2018-12-14 00:38:20 - [TEST_STEP][PASSED] - Statement - counter = counter + 1: null

2018-12-14 00:38:20 - [TEST_STEP][PASSED] - Statement - PreSaveFile = new java.io.File(((pathPrefix + java.lang.Integer.toString(counter)) + .png)): null

2018-12-14 00:38:20 - [TEST_STEP][PASSED] - Statement - counter = counter + 1: null

2018-12-14 00:38:20 - [TEST_STEP][PASSED] - Statement - PreSaveFile = new java.io.File(((pathPrefix + java.lang.Integer.toString(counter)) + .png)): null

2018-12-14 00:38:20 - [TEST_STEP][PASSED] - Statement - counter = counter + 1: null

2018-12-14 00:38:20 - [TEST_STEP][PASSED] - Statement - PreSaveFile = new java.io.File(((pathPrefix + java.lang.Integer.toString(counter)) + .png)): null

2018-12-14 00:38:20 - [TEST_STEP][PASSED] - Statement - counter = counter + 1: null

2018-12-14 00:38:20 - [TEST_STEP][PASSED] - Statement - PreSaveFile = new java.io.File(((pathPrefix + java.lang.Integer.toString(counter)) + .png)): null

2018-12-14 00:38:20 - [TEST_STEP][PASSED] - Statement - counter = counter + 1: null

2018-12-14 00:38:20 - [TEST_STEP][PASSED] - Statement - PreSaveFile = new java.io.File(((pathPrefix + java.lang.Integer.toString(counter)) + .png)): null

2018-12-14 00:38:20 - [TEST_STEP][PASSED] - Statement - counter = counter + 1: null

2018-12-14 00:38:20 - [TEST_STEP][PASSED] - Statement - PreSaveFile = new java.io.File(((pathPrefix + java.lang.Integer.toString(counter)) + .png)): null

2018-12-14 00:38:20 - [TEST_STEP][PASSED] - Statement - counter = counter + 1: null

2018-12-14 00:38:20 - [TEST_STEP][PASSED] - Statement - PreSaveFile = new java.io.File(((pathPrefix + java.lang.Integer.toString(counter)) + .png)): null

2018-12-14 00:38:20 - [TEST_STEP][PASSED] - Statement - counter = counter + 1: null

2018-12-14 00:38:20 - [TEST_STEP][PASSED] - Statement - PreSaveFile = new java.io.File(((pathPrefix + java.lang.Integer.toString(counter)) + .png)): null

2018-12-14 00:38:20 - [TEST_STEP][PASSED] - Statement - counter = counter + 1: null

2018-12-14 00:38:20 - [TEST_STEP][PASSED] - Statement - PreSaveFile = new java.io.File(((pathPrefix + java.lang.Integer.toString(counter)) + .png)): null

2018-12-14 00:38:20 - [TEST_STEP][PASSED] - Statement - counter = counter + 1: null

2018-12-14 00:38:20 - [TEST_STEP][PASSED] - Statement - PreSaveFile = new java.io.File(((pathPrefix + java.lang.Integer.toString(counter)) + .png)): null

2018-12-14 00:38:20 - [TEST_STEP][PASSED] - Statement - counter = counter + 1: null

2018-12-14 00:38:20 - [TEST_STEP][PASSED] - Statement - PreSaveFile = new java.io.File(((pathPrefix + java.lang.Integer.toString(counter)) + .png)): null

2018-12-14 00:38:20 - [TEST_STEP][PASSED] - Statement - counter = counter + 1: null

2018-12-14 00:38:20 - [TEST_STEP][PASSED] - Statement - PreSaveFile = new java.io.File(((pathPrefix + java.lang.Integer.toString(counter)) + .png)): null

2018-12-14 00:38:20 - [TEST_STEP][PASSED] - Statement - counter = counter + 1: null

2018-12-14 00:38:20 - [TEST_STEP][PASSED] - Statement - PreSaveFile = new java.io.File(((pathPrefix + java.lang.Integer.toString(counter)) + .png)): null

2018-12-14 00:38:20 - [TEST_STEP][PASSED] - Statement - counter = counter + 1: null

2018-12-14 00:38:20 - [TEST_STEP][PASSED] - Statement - PreSaveFile = new java.io.File(((pathPrefix + java.lang.Integer.toString(counter)) + .png)): null

2018-12-14 00:38:20 - [TEST_STEP][PASSED] - Statement - counter = counter + 1: null

2018-12-14 00:38:20 - [TEST_STEP][PASSED] - Statement - PreSaveFile = new java.io.File(((pathPrefix + java.lang.Integer.toString(counter)) + .png)): null

2018-12-14 00:38:20 - [TEST_STEP][PASSED] - Statement - counter = counter + 1: null

2018-12-14 00:38:20 - [TEST_STEP][PASSED] - Statement - PreSaveFile = new java.io.File(((pathPrefix + java.lang.Integer.toString(counter)) + .png)): null

2018-12-14 00:38:20 - [TEST_STEP][PASSED] - Statement - counter = counter + 1: null

2018-12-14 00:38:20 - [TEST_STEP][PASSED] - Statement - PreSaveFile = new java.io.File(((pathPrefix + java.lang.Integer.toString(counter)) + .png)): null

2018-12-14 00:38:20 - [TEST_STEP][PASSED] - Statement - counter = counter + 1: null

2018-12-14 00:38:20 - [TEST_STEP][PASSED] - Statement - PreSaveFile = new java.io.File(((pathPrefix + java.lang.Integer.toString(counter)) + .png)): null

2018-12-14 00:38:20 - [TEST_STEP][PASSED] - Statement - counter = counter + 1: null

2018-12-14 00:38:20 - [TEST_STEP][PASSED] - Statement - PreSaveFile = new java.io.File(((pathPrefix + java.lang.Integer.toString(counter)) + .png)): null

2018-12-14 00:38:20 - [TEST_STEP][PASSED] - Statement - counter = counter + 1: null

2018-12-14 00:38:20 - [TEST_STEP][PASSED] - Statement - PreSaveFile = new java.io.File(((pathPrefix + java.lang.Integer.toString(counter)) + .png)): null

2018-12-14 00:38:20 - [TEST_STEP][PASSED] - Statement - counter = counter + 1: null

2018-12-14 00:38:20 - [TEST_STEP][PASSED] - Statement - PreSaveFile = new java.io.File(((pathPrefix + java.lang.Integer.toString(counter)) + .png)): null

2018-12-14 00:38:20 - [TEST_STEP][PASSED] - Statement - counter = counter + 1: null

2018-12-14 00:38:20 - [TEST_STEP][PASSED] - Statement - PreSaveFile = new java.io.File(((pathPrefix + java.lang.Integer.toString(counter)) + .png)): null

2018-12-14 00:38:20 - [TEST_STEP][PASSED] - Statement - counter = counter + 1: null

2018-12-14 00:38:20 - [TEST_STEP][PASSED] - Statement - PreSaveFile = new java.io.File(((pathPrefix + java.lang.Integer.toString(counter)) + .png)): null

2018-12-14 00:38:20 - [TEST_STEP][PASSED] - Statement - counter = counter + 1: null

2018-12-14 00:38:20 - [TEST_STEP][PASSED] - Statement - PreSaveFile = new java.io.File(((pathPrefix + java.lang.Integer.toString(counter)) + .png)): null

2018-12-14 00:38:20 - [TEST_STEP][PASSED] - Statement - counter = counter + 1: null

2018-12-14 00:38:20 - [TEST_STEP][PASSED] - Statement - PreSaveFile = new java.io.File(((pathPrefix + java.lang.Integer.toString(counter)) + .png)): null

2018-12-14 00:38:20 - [TEST_STEP][PASSED] - Statement - counter = counter + 1: null

2018-12-14 00:38:20 - [TEST_STEP][PASSED] - Statement - PreSaveFile = new java.io.File(((pathPrefix + java.lang.Integer.toString(counter)) + .png)): null

2018-12-14 00:38:20 - [TEST_STEP][PASSED] - Statement - counter = counter + 1: null

2018-12-14 00:38:20 - [TEST_STEP][PASSED] - Statement - PreSaveFile = new java.io.File(((pathPrefix + java.lang.Integer.toString(counter)) + .png)): null

2018-12-14 00:38:20 - [TEST_STEP][PASSED] - Statement - counter = counter + 1: null

2018-12-14 00:38:20 - [TEST_STEP][PASSED] - Statement - PreSaveFile = new java.io.File(((pathPrefix + java.lang.Integer.toString(counter)) + .png)): null

2018-12-14 00:38:20 - [TEST_STEP][PASSED] - Statement - counter = counter + 1: null

2018-12-14 00:38:20 - [TEST_STEP][PASSED] - Statement - PreSaveFile = new java.io.File(((pathPrefix + java.lang.Integer.toString(counter)) + .png)): null

2018-12-14 00:38:20 - [TEST_STEP][PASSED] - Statement - counter = counter + 1: null

2018-12-14 00:38:20 - [TEST_STEP][PASSED] - Statement - PreSaveFile = new java.io.File(((pathPrefix + java.lang.Integer.toString(counter)) + .png)): null

2018-12-14 00:38:20 - [TEST_STEP][PASSED] - Statement - counter = counter + 1: null

2018-12-14 00:38:20 - [TEST_STEP][PASSED] - Statement - PreSaveFile = new java.io.File(((pathPrefix + java.lang.Integer.toString(counter)) + .png)): null

2018-12-14 00:38:20 - [TEST_STEP][PASSED] - Statement - counter = counter + 1: null

2018-12-14 00:38:20 - [TEST_STEP][PASSED] - Statement - PreSaveFile = new java.io.File(((pathPrefix + java.lang.Integer.toString(counter)) + .png)): null

2018-12-14 00:38:20 - [TEST_STEP][PASSED] - Statement - counter = counter + 1: null

2018-12-14 00:38:20 - [TEST_STEP][PASSED] - Statement - PreSaveFile = new java.io.File(((pathPrefix + java.lang.Integer.toString(counter)) + .png)): null

2018-12-14 00:38:20 - [TEST_STEP][PASSED] - Statement - counter = counter + 1: null

2018-12-14 00:38:20 - [TEST_STEP][PASSED] - Statement - PreSaveFile = new java.io.File(((pathPrefix + java.lang.Integer.toString(counter)) + .png)): null

2018-12-14 00:38:20 - [TEST_STEP][PASSED] - Statement - counter = counter + 1: null

2018-12-14 00:38:20 - [TEST_STEP][PASSED] - Statement - PreSaveFile = new java.io.File(((pathPrefix + java.lang.Integer.toString(counter)) + .png)): null

2018-12-14 00:38:20 - [TEST_STEP][PASSED] - Statement - counter = counter + 1: null

2018-12-14 00:38:20 - [TEST_STEP][PASSED] - Statement - PreSaveFile = new java.io.File(((pathPrefix + java.lang.Integer.toString(counter)) + .png)): null

2018-12-14 00:38:20 - [TEST_STEP][PASSED] - Statement - counter = counter + 1: null

2018-12-14 00:38:20 - [TEST_STEP][PASSED] - Statement - PreSaveFile = new java.io.File(((pathPrefix + java.lang.Integer.toString(counter)) + .png)): null

2018-12-14 00:38:20 - [TEST_STEP][PASSED] - Statement - counter = counter + 1: null

2018-12-14 00:38:20 - [TEST_STEP][PASSED] - Statement - PreSaveFile = new java.io.File(((pathPrefix + java.lang.Integer.toString(counter)) + .png)): null

2018-12-14 00:38:20 - [TEST_STEP][PASSED] - Statement - counter = counter + 1: null

2018-12-14 00:38:20 - [TEST_STEP][PASSED] - Statement - PreSaveFile = new java.io.File(((pathPrefix + java.lang.Integer.toString(counter)) + .png)): null

2018-12-14 00:38:20 - [TEST_STEP][PASSED] - Statement - counter = counter + 1: null

2018-12-14 00:38:20 - [TEST_STEP][PASSED] - Statement - PreSaveFile = new java.io.File(((pathPrefix + java.lang.Integer.toString(counter)) + .png)): null

2018-12-14 00:38:20 - [TEST_STEP][PASSED] - Statement - counter = counter + 1: null

2018-12-14 00:38:20 - [TEST_STEP][PASSED] - Statement - PreSaveFile = new java.io.File(((pathPrefix + java.lang.Integer.toString(counter)) + .png)): null

2018-12-14 00:38:20 - [TEST_STEP][PASSED] - Statement - counter = counter + 1: null

2018-12-14 00:38:20 - [TEST_STEP][PASSED] - Statement - PreSaveFile = new java.io.File(((pathPrefix + java.lang.Integer.toString(counter)) + .png)): null

2018-12-14 00:38:20 - [TEST_STEP][PASSED] - Statement - counter = counter + 1: null

2018-12-14 00:38:20 - [TEST_STEP][PASSED] - Statement - PreSaveFile = new java.io.File(((pathPrefix + java.lang.Integer.toString(counter)) + .png)): null

2018-12-14 00:38:20 - [TEST_STEP][PASSED] - Statement - counter = counter + 1: null

2018-12-14 00:38:20 - [TEST_STEP][PASSED] - Statement - PreSaveFile = new java.io.File(((pathPrefix + java.lang.Integer.toString(counter)) + .png)): null

2018-12-14 00:38:20 - [TEST_STEP][PASSED] - Statement - counter = counter + 1: null

2018-12-14 00:38:20 - [TEST_STEP][PASSED] - Statement - PreSaveFile = new java.io.File(((pathPrefix + java.lang.Integer.toString(counter)) + .png)): null

2018-12-14 00:38:20 - [TEST_STEP][PASSED] - Statement - counter = counter + 1: null

2018-12-14 00:38:20 - [TEST_STEP][PASSED] - Statement - PreSaveFile = new java.io.File(((pathPrefix + java.lang.Integer.toString(counter)) + .png)): null

2018-12-14 00:38:20 - [TEST_STEP][PASSED] - Statement - counter = counter + 1: null

2018-12-14 00:38:20 - [TEST_STEP][PASSED] - Statement - PreSaveFile = new java.io.File(((pathPrefix + java.lang.Integer.toString(counter)) + .png)): null

2018-12-14 00:38:20 - [TEST_STEP][PASSED] - Statement - counter = counter + 1: null

2018-12-14 00:38:20 - [TEST_STEP][PASSED] - Statement - PreSaveFile = new java.io.File(((pathPrefix + java.lang.Integer.toString(counter)) + .png)): null

2018-12-14 00:38:20 - [TEST_STEP][PASSED] - Statement - counter = counter + 1: null

2018-12-14 00:38:20 - [TEST_STEP][PASSED] - Statement - PreSaveFile = new java.io.File(((pathPrefix + java.lang.Integer.toString(counter)) + .png)): null

2018-12-14 00:38:20 - [TEST_STEP][PASSED] - Statement - counter = counter + 1: null

2018-12-14 00:38:20 - [TEST_STEP][PASSED] - Statement - PreSaveFile = new java.io.File(((pathPrefix + java.lang.Integer.toString(counter)) + .png)): null

2018-12-14 00:38:20 - [TEST_STEP][PASSED] - Statement - counter = counter + 1: null

2018-12-14 00:38:20 - [TEST_STEP][PASSED] - Statement - PreSaveFile = new java.io.File(((pathPrefix + java.lang.Integer.toString(counter)) + .png)): null

2018-12-14 00:38:20 - [TEST_STEP][PASSED] - Statement - counter = counter + 1: null

2018-12-14 00:38:20 - [TEST_STEP][PASSED] - Statement - PreSaveFile = new java.io.File(((pathPrefix + java.lang.Integer.toString(counter)) + .png)): null

2018-12-14 00:38:20 - [TEST_STEP][PASSED] - Statement - counter = counter + 1: null

2018-12-14 00:38:20 - [TEST_STEP][PASSED] - Statement - PreSaveFile = new java.io.File(((pathPrefix + java.lang.Integer.toString(counter)) + .png)): null

2018-12-14 00:38:20 - [TEST_STEP][PASSED] - Statement - counter = counter + 1: null

2018-12-14 00:38:20 - [TEST_STEP][PASSED] - Statement - PreSaveFile = new java.io.File(((pathPrefix + java.lang.Integer.toString(counter)) + .png)): null

2018-12-14 00:38:20 - [TEST_STEP][PASSED] - Statement - counter = counter + 1: null

2018-12-14 00:38:20 - [TEST_STEP][PASSED] - Statement - PreSaveFile = new java.io.File(((pathPrefix + java.lang.Integer.toString(counter)) + .png)): null

2018-12-14 00:38:20 - [TEST_STEP][PASSED] - Statement - counter = counter + 1: null

2018-12-14 00:38:20 - [TEST_STEP][PASSED] - Statement - PreSaveFile = new java.io.File(((pathPrefix + java.lang.Integer.toString(counter)) + .png)): null

2018-12-14 00:38:20 - [TEST_STEP][PASSED] - Statement - counter = counter + 1: null

2018-12-14 00:38:20 - [TEST_STEP][PASSED] - Statement - PreSaveFile = new java.io.File(((pathPrefix + java.lang.Integer.toString(counter)) + .png)): null

2018-12-14 00:38:20 - [TEST_STEP][PASSED] - Statement - counter = counter + 1: null

2018-12-14 00:38:20 - [TEST_STEP][PASSED] - Statement - PreSaveFile = new java.io.File(((pathPrefix + java.lang.Integer.toString(counter)) + .png)): null

2018-12-14 00:38:20 - [TEST_STEP][PASSED] - Statement - counter = counter + 1: null

2018-12-14 00:38:20 - [TEST_STEP][PASSED] - Statement - PreSaveFile = new java.io.File(((pathPrefix + java.lang.Integer.toString(counter)) + .png)): null

2018-12-14 00:38:20 - [TEST_STEP][PASSED] - Statement - counter = counter + 1: null

2018-12-14 00:38:20 - [TEST_STEP][PASSED] - Statement - PreSaveFile = new java.io.File(((pathPrefix + java.lang.Integer.toString(counter)) + .png)): null

2018-12-14 00:38:20 - [TEST_STEP][PASSED] - Statement - counter = counter + 1: null

2018-12-14 00:38:20 - [TEST_STEP][PASSED] - Statement - PreSaveFile = new java.io.File(((pathPrefix + java.lang.Integer.toString(counter)) + .png)): null

2018-12-14 00:38:20 - [TEST_STEP][PASSED] - Statement - counter = counter + 1: null

2018-12-14 00:38:20 - [TEST_STEP][PASSED] - Statement - PreSaveFile = new java.io.File(((pathPrefix + java.lang.Integer.toString(counter)) + .png)): null

2018-12-14 00:38:20 - [TEST_STEP][PASSED] - Statement - counter = counter + 1: null

2018-12-14 00:38:20 - [TEST_STEP][PASSED] - Statement - PreSaveFile = new java.io.File(((pathPrefix + java.lang.Integer.toString(counter)) + .png)): null

2018-12-14 00:38:20 - [TEST_STEP][PASSED] - Statement - counter = counter + 1: null

2018-12-14 00:38:20 - [TEST_STEP][PASSED] - Statement - PreSaveFile = new java.io.File(((pathPrefix + java.lang.Integer.toString(counter)) + .png)): null

2018-12-14 00:38:20 - [TEST_STEP][PASSED] - Statement - counter = counter + 1: null

2018-12-14 00:38:20 - [TEST_STEP][PASSED] - Statement - PreSaveFile = new java.io.File(((pathPrefix + java.lang.Integer.toString(counter)) + .png)): null

2018-12-14 00:38:20 - [TEST_STEP][PASSED] - Statement - counter = counter + 1: null

2018-12-14 00:38:20 - [TEST_STEP][PASSED] - Statement - PreSaveFile = new java.io.File(((pathPrefix + java.lang.Integer.toString(counter)) + .png)): null

2018-12-14 00:38:20 - [TEST_STEP][PASSED] - Statement - counter = counter + 1: null

2018-12-14 00:38:20 - [TEST_STEP][PASSED] - Statement - PreSaveFile = new java.io.File(((pathPrefix + java.lang.Integer.toString(counter)) + .png)): null

2018-12-14 00:38:20 - [TEST_STEP][PASSED] - Statement - counter = counter + 1: null

2018-12-14 00:38:20 - [TEST_STEP][PASSED] - Statement - PreSaveFile = new java.io.File(((pathPrefix + java.lang.Integer.toString(counter)) + .png)): null

2018-12-14 00:38:20 - [TEST_STEP][PASSED] - Statement - counter = counter + 1: null

2018-12-14 00:38:20 - [TEST_STEP][PASSED] - Statement - PreSaveFile = new java.io.File(((pathPrefix + java.lang.Integer.toString(counter)) + .png)): null

2018-12-14 00:38:20 - [TEST_STEP][PASSED] - Statement - counter = counter + 1: null

2018-12-14 00:38:20 - [TEST_STEP][PASSED] - Statement - PreSaveFile = new java.io.File(((pathPrefix + java.lang.Integer.toString(counter)) + .png)): null

2018-12-14 00:38:20 - [TEST_STEP][PASSED] - Statement - counter = counter + 1: null

2018-12-14 00:38:20 - [TEST_STEP][PASSED] - Statement - PreSaveFile = new java.io.File(((pathPrefix + java.lang.Integer.toString(counter)) + .png)): null

2018-12-14 00:38:20 - [TEST_STEP][PASSED] - Statement - counter = counter + 1: null

2018-12-14 00:38:20 - [TEST_STEP][PASSED] - Statement - PreSaveFile = new java.io.File(((pathPrefix + java.lang.Integer.toString(counter)) + .png)): null

2018-12-14 00:38:20 - [TEST_STEP][PASSED] - Statement - counter = counter + 1: null

2018-12-14 00:38:20 - [TEST_STEP][PASSED] - Statement - PreSaveFile = new java.io.File(((pathPrefix + java.lang.Integer.toString(counter)) + .png)): null

2018-12-14 00:38:20 - [TEST_STEP][PASSED] - Statement - counter = counter + 1: null

2018-12-14 00:38:20 - [TEST_STEP][PASSED] - Statement - PreSaveFile = new java.io.File(((pathPrefix + java.lang.Integer.toString(counter)) + .png)): null

2018-12-14 00:38:20 - [TEST_STEP][PASSED] - Statement - counter = counter + 1: null

2018-12-14 00:38:20 - [TEST_STEP][PASSED] - Statement - PreSaveFile = new java.io.File(((pathPrefix + java.lang.Integer.toString(counter)) + .png)): null

2018-12-14 00:38:20 - [TEST_STEP][PASSED] - Statement - counter = counter + 1: null

2018-12-14 00:38:20 - [TEST_STEP][PASSED] - Statement - PreSaveFile = new java.io.File(((pathPrefix + java.lang.Integer.toString(counter)) + .png)): null

2018-12-14 00:38:20 - [TEST_STEP][PASSED] - Statement - counter = counter + 1: null

2018-12-14 00:38:20 - [TEST_STEP][PASSED] - Statement - PreSaveFile = new java.io.File(((pathPrefix + java.lang.Integer.toString(counter)) + .png)): null

2018-12-14 00:38:20 - [TEST_STEP][PASSED] - Statement - counter = counter + 1: null

2018-12-14 00:38:20 - [TEST_STEP][PASSED] - Statement - PreSaveFile = new java.io.File(((pathPrefix + java.lang.Integer.toString(counter)) + .png)): null

2018-12-14 00:38:20 - [TEST_STEP][PASSED] - Statement - counter = counter + 1: null

2018-12-14 00:38:20 - [TEST_STEP][PASSED] - Statement - PreSaveFile = new java.io.File(((pathPrefix + java.lang.Integer.toString(counter)) + .png)): null

2018-12-14 00:38:20 - [TEST_STEP][PASSED] - Statement - counter = counter + 1: null

2018-12-14 00:38:20 - [TEST_STEP][PASSED] - Statement - PreSaveFile = new java.io.File(((pathPrefix + java.lang.Integer.toString(counter)) + .png)): null

2018-12-14 00:38:20 - [TEST_STEP][PASSED] - Statement - counter = counter + 1: null

2018-12-14 00:38:20 - [TEST_STEP][PASSED] - Statement - PreSaveFile = new java.io.File(((pathPrefix + java.lang.Integer.toString(counter)) + .png)): null

2018-12-14 00:38:20 - [TEST_STEP][PASSED] - Statement - counter = counter + 1: null

2018-12-14 00:38:20 - [TEST_STEP][PASSED] - Statement - PreSaveFile = new java.io.File(((pathPrefix + java.lang.Integer.toString(counter)) + .png)): null

2018-12-14 00:38:20 - [TEST_STEP][PASSED] - Statement - counter = counter + 1: null

2018-12-14 00:38:20 - [TEST_STEP][PASSED] - Statement - PreSaveFile = new java.io.File(((pathPrefix + java.lang.Integer.toString(counter)) + .png)): null

2018-12-14 00:38:20 - [TEST_STEP][PASSED] - Statement - counter = counter + 1: null

2018-12-14 00:38:20 - [TEST_STEP][PASSED] - Statement - PreSaveFile = new java.io.File(((pathPrefix + java.lang.Integer.toString(counter)) + .png)): null

2018-12-14 00:38:20 - [TEST_STEP][PASSED] - Statement - counter = counter + 1: null

2018-12-14 00:38:20 - [TEST_STEP][PASSED] - Statement - PreSaveFile = new java.io.File(((pathPrefix + java.lang.Integer.toString(counter)) + .png)): null

2018-12-14 00:38:20 - [TEST_STEP][PASSED] - Statement - counter = counter + 1: null

2018-12-14 00:38:20 - [TEST_STEP][PASSED] - Statement - PreSaveFile = new java.io.File(((pathPrefix + java.lang.Integer.toString(counter)) + .png)): null

2018-12-14 00:38:20 - [TEST_STEP][PASSED] - Statement - counter = counter + 1: null

2018-12-14 00:38:20 - [TEST_STEP][PASSED] - Statement - PreSaveFile = new java.io.File(((pathPrefix + java.lang.Integer.toString(counter)) + .png)): null

2018-12-14 00:38:20 - [TEST_STEP][PASSED] - Statement - counter = counter + 1: null

2018-12-14 00:38:20 - [TEST_STEP][PASSED] - Statement - PreSaveFile = new java.io.File(((pathPrefix + java.lang.Integer.toString(counter)) + .png)): null

2018-12-14 00:38:20 - [TEST_STEP][PASSED] - Statement - counter = counter + 1: null

2018-12-14 00:38:20 - [TEST_STEP][PASSED] - Statement - PreSaveFile = new java.io.File(((pathPrefix + java.lang.Integer.toString(counter)) + .png)): null

2018-12-14 00:38:20 - [TEST_STEP][PASSED] - Statement - counter = counter + 1: null

2018-12-14 00:38:21 - [TEST_STEP][PASSED] - Statement - PreSaveFile = new java.io.File(((pathPrefix + java.lang.Integer.toString(counter)) + .png)): null

2018-12-14 00:38:21 - [TEST_STEP][PASSED] - Statement - counter = counter + 1: null

2018-12-14 00:38:21 - [TEST_STEP][PASSED] - Statement - PreSaveFile = new java.io.File(((pathPrefix + java.lang.Integer.toString(counter)) + .png)): null

2018-12-14 00:38:21 - [TEST_STEP][PASSED] - Statement - counter = counter + 1: null

2018-12-14 00:38:21 - [TEST_STEP][PASSED] - Statement - PreSaveFile = new java.io.File(((pathPrefix + java.lang.Integer.toString(counter)) + .png)): null

2018-12-14 00:38:21 - [TEST_STEP][PASSED] - Statement - counter = counter + 1: null

2018-12-14 00:38:21 - [TEST_STEP][PASSED] - Statement - PreSaveFile = new java.io.File(((pathPrefix + java.lang.Integer.toString(counter)) + .png)): null

2018-12-14 00:38:21 - [TEST_STEP][PASSED] - Statement - counter = counter + 1: null

2018-12-14 00:38:21 - [TEST_STEP][PASSED] - Statement - PreSaveFile = new java.io.File(((pathPrefix + java.lang.Integer.toString(counter)) + .png)): null

2018-12-14 00:38:21 - [TEST_STEP][PASSED] - Statement - counter = counter + 1: null

2018-12-14 00:38:21 - [TEST_STEP][PASSED] - Statement - PreSaveFile = new java.io.File(((pathPrefix + java.lang.Integer.toString(counter)) + .png)): null

2018-12-14 00:38:21 - [TEST_STEP][PASSED] - Statement - counter = counter + 1: null

2018-12-14 00:38:21 - [TEST_STEP][PASSED] - Statement - PreSaveFile = new java.io.File(((pathPrefix + java.lang.Integer.toString(counter)) + .png)): null

2018-12-14 00:38:21 - [TEST_STEP][PASSED] - Statement - counter = counter + 1: null

2018-12-14 00:38:21 - [TEST_STEP][PASSED] - Statement - PreSaveFile = new java.io.File(((pathPrefix + java.lang.Integer.toString(counter)) + .png)): null

2018-12-14 00:38:21 - [TEST_STEP][PASSED] - Statement - counter = counter + 1: null

2018-12-14 00:38:21 - [TEST_STEP][PASSED] - Statement - PreSaveFile = new java.io.File(((pathPrefix + java.lang.Integer.toString(counter)) + .png)): null

2018-12-14 00:38:21 - [TEST_STEP][PASSED] - Statement - counter = counter + 1: null

2018-12-14 00:38:21 - [TEST_STEP][PASSED] - Statement - PreSaveFile = new java.io.File(((pathPrefix + java.lang.Integer.toString(counter)) + .png)): null

2018-12-14 00:38:21 - [TEST_STEP][PASSED] - Statement - counter = counter + 1: null

2018-12-14 00:38:21 - [TEST_STEP][PASSED] - Statement - PreSaveFile = new java.io.File(((pathPrefix + java.lang.Integer.toString(counter)) + .png)): null

2018-12-14 00:38:21 - [TEST_STEP][PASSED] - Statement - counter = counter + 1: null

2018-12-14 00:38:21 - [TEST_STEP][PASSED] - Statement - PreSaveFile = new java.io.File(((pathPrefix + java.lang.Integer.toString(counter)) + .png)): null

2018-12-14 00:38:21 - [TEST_STEP][PASSED] - Statement - counter = counter + 1: null

2018-12-14 00:38:21 - [TEST_STEP][PASSED] - Statement - PreSaveFile = new java.io.File(((pathPrefix + java.lang.Integer.toString(counter)) + .png)): null

2018-12-14 00:38:21 - [TEST_STEP][PASSED] - Statement - counter = counter + 1: null

2018-12-14 00:38:21 - [TEST_STEP][PASSED] - Statement - PreSaveFile = new java.io.File(((pathPrefix + java.lang.Integer.toString(counter)) + .png)): null

2018-12-14 00:38:21 - [TEST_STEP][PASSED] - Statement - counter = counter + 1: null

2018-12-14 00:38:21 - [TEST_STEP][PASSED] - Statement - PreSaveFile = new java.io.File(((pathPrefix + java.lang.Integer.toString(counter)) + .png)): null

2018-12-14 00:38:21 - [TEST_STEP][PASSED] - Statement - counter = counter + 1: null

2018-12-14 00:38:21 - [TEST_STEP][PASSED] - Statement - PreSaveFile = new java.io.File(((pathPrefix + java.lang.Integer.toString(counter)) + .png)): null

2018-12-14 00:38:21 - [TEST_STEP][PASSED] - Statement - counter = counter + 1: null

2018-12-14 00:38:21 - [TEST_STEP][PASSED] - Statement - PreSaveFile = new java.io.File(((pathPrefix + java.lang.Integer.toString(counter)) + .png)): null

2018-12-14 00:38:21 - [TEST_STEP][PASSED] - Statement - counter = counter + 1: null

2018-12-14 00:38:21 - [TEST_STEP][PASSED] - Statement - PreSaveFile = new java.io.File(((pathPrefix + java.lang.Integer.toString(counter)) + .png)): null

2018-12-14 00:38:21 - [TEST_STEP][PASSED] - Statement - counter = counter + 1: null

2018-12-14 00:38:21 - [TEST_STEP][PASSED] - Statement - PreSaveFile = new java.io.File(((pathPrefix + java.lang.Integer.toString(counter)) + .png)): null

2018-12-14 00:38:21 - [TEST_STEP][PASSED] - Statement - counter = counter + 1: null

2018-12-14 00:38:21 - [TEST_STEP][PASSED] - Statement - PreSaveFile = new java.io.File(((pathPrefix + java.lang.Integer.toString(counter)) + .png)): null

2018-12-14 00:38:21 - [TEST_STEP][PASSED] - Statement - counter = counter + 1: null

2018-12-14 00:38:21 - [TEST_STEP][PASSED] - Statement - PreSaveFile = new java.io.File(((pathPrefix + java.lang.Integer.toString(counter)) + .png)): null

2018-12-14 00:38:21 - [TEST_STEP][PASSED] - Statement - counter = counter + 1: null

2018-12-14 00:38:21 - [TEST_STEP][PASSED] - Statement - PreSaveFile = new java.io.File(((pathPrefix + java.lang.Integer.toString(counter)) + .png)): null

2018-12-14 00:38:21 - [TEST_STEP][PASSED] - Statement - counter = counter + 1: null

2018-12-14 00:38:21 - [TEST_STEP][PASSED] - Statement - PreSaveFile = new java.io.File(((pathPrefix + java.lang.Integer.toString(counter)) + .png)): null

2018-12-14 00:38:21 - [TEST_STEP][PASSED] - Statement - counter = counter + 1: null

2018-12-14 00:38:21 - [TEST_STEP][PASSED] - Statement - PreSaveFile = new java.io.File(((pathPrefix + java.lang.Integer.toString(counter)) + .png)): null

2018-12-14 00:38:21 - [TEST_STEP][PASSED] - Statement - counter = counter + 1: null

2018-12-14 00:38:21 - [TEST_STEP][PASSED] - Statement - PreSaveFile = new java.io.File(((pathPrefix + java.lang.Integer.toString(counter)) + .png)): null

2018-12-14 00:38:21 - [TEST_STEP][PASSED] - Statement - counter = counter + 1: null

2018-12-14 00:38:21 - [TEST_STEP][PASSED] - Statement - PreSaveFile = new java.io.File(((pathPrefix + java.lang.Integer.toString(counter)) + .png)): null

2018-12-14 00:38:21 - [TEST_STEP][PASSED] - Statement - counter = counter + 1: null

2018-12-14 00:38:21 - [TEST_STEP][PASSED] - Statement - PreSaveFile = new java.io.File(((pathPrefix + java.lang.Integer.toString(counter)) + .png)): null

2018-12-14 00:38:21 - [TEST_STEP][PASSED] - Statement - counter = counter + 1: null

2018-12-14 00:38:21 - [TEST_STEP][PASSED] - Statement - PreSaveFile = new java.io.File(((pathPrefix + java.lang.Integer.toString(counter)) + .png)): null

2018-12-14 00:38:21 - [TEST_STEP][PASSED] - Statement - counter = counter + 1: null

2018-12-14 00:38:21 - [TEST_STEP][PASSED] - Statement - PreSaveFile = new java.io.File(((pathPrefix + java.lang.Integer.toString(counter)) + .png)): null

2018-12-14 00:38:21 - [TEST_STEP][PASSED] - Statement - counter = counter + 1: null

2018-12-14 00:38:21 - [TEST_STEP][PASSED] - Statement - PreSaveFile = new java.io.File(((pathPrefix + java.lang.Integer.toString(counter)) + .png)): null

2018-12-14 00:38:21 - [TEST_STEP][PASSED] - Statement - counter = counter + 1: null

2018-12-14 00:38:21 - [TEST_STEP][PASSED] - Statement - PreSaveFile = new java.io.File(((pathPrefix + java.lang.Integer.toString(counter)) + .png)): null

2018-12-14 00:38:21 - [TEST_STEP][PASSED] - Statement - counter = counter + 1: null

2018-12-14 00:38:21 - [TEST_STEP][PASSED] - Statement - PreSaveFile = new java.io.File(((pathPrefix + java.lang.Integer.toString(counter)) + .png)): null

2018-12-14 00:38:21 - [TEST_STEP][PASSED] - Statement - counter = counter + 1: null

2018-12-14 00:38:21 - [TEST_STEP][PASSED] - Statement - PreSaveFile = new java.io.File(((pathPrefix + java.lang.Integer.toString(counter)) + .png)): null

2018-12-14 00:38:21 - [TEST_STEP][PASSED] - Statement - counter = counter + 1: null

2018-12-14 00:38:21 - [TEST_STEP][PASSED] - Statement - PreSaveFile = new java.io.File(((pathPrefix + java.lang.Integer.toString(counter)) + .png)): null

2018-12-14 00:38:21 - [TEST_STEP][PASSED] - Statement - counter = counter + 1: null

2018-12-14 00:38:21 - [TEST_STEP][PASSED] - Statement - PreSaveFile = new java.io.File(((pathPrefix + java.lang.Integer.toString(counter)) + .png)): null

2018-12-14 00:38:21 - [TEST_STEP][PASSED] - Statement - counter = counter + 1: null

2018-12-14 00:38:21 - [TEST_STEP][PASSED] - Statement - PreSaveFile = new java.io.File(((pathPrefix + java.lang.Integer.toString(counter)) + .png)): null

2018-12-14 00:38:21 - [TEST_STEP][PASSED] - Statement - counter = counter + 1: null

2018-12-14 00:38:21 - [TEST_STEP][PASSED] - Statement - PreSaveFile = new java.io.File(((pathPrefix + java.lang.Integer.toString(counter)) + .png)): null

2018-12-14 00:38:21 - [TEST_STEP][PASSED] - Statement - counter = counter + 1: null

2018-12-14 00:38:21 - [TEST_STEP][PASSED] - Statement - PreSaveFile = new java.io.File(((pathPrefix + java.lang.Integer.toString(counter)) + .png)): null

2018-12-14 00:38:21 - [TEST_STEP][PASSED] - Statement - counter = counter + 1: null

2018-12-14 00:38:21 - [TEST_STEP][PASSED] - Statement - PreSaveFile = new java.io.File(((pathPrefix + java.lang.Integer.toString(counter)) + .png)): null

2018-12-14 00:38:21 - [TEST_STEP][PASSED] - Statement - counter = counter + 1: null

2018-12-14 00:38:21 - [TEST_STEP][PASSED] - Statement - PreSaveFile = new java.io.File(((pathPrefix + java.lang.Integer.toString(counter)) + .png)): null

2018-12-14 00:38:21 - [TEST_STEP][PASSED] - Statement - counter = counter + 1: null

2018-12-14 00:38:21 - [TEST_STEP][PASSED] - Statement - PreSaveFile = new java.io.File(((pathPrefix + java.lang.Integer.toString(counter)) + .png)): null

2018-12-14 00:38:21 - [TEST_STEP][PASSED] - Statement - counter = counter + 1: null

2018-12-14 00:38:21 - [TEST_STEP][PASSED] - Statement - PreSaveFile = new java.io.File(((pathPrefix + java.lang.Integer.toString(counter)) + .png)): null

2018-12-14 00:38:21 - [TEST_STEP][PASSED] - Statement - counter = counter + 1: null

2018-12-14 00:38:21 - [TEST_STEP][PASSED] - Statement - PreSaveFile = new java.io.File(((pathPrefix + java.lang.Integer.toString(counter)) + .png)): null

2018-12-14 00:38:21 - [TEST_STEP][PASSED] - Statement - counter = counter + 1: null

2018-12-14 00:38:21 - [TEST_STEP][PASSED] - Statement - PreSaveFile = new java.io.File(((pathPrefix + java.lang.Integer.toString(counter)) + .png)): null

2018-12-14 00:38:21 - [TEST_STEP][PASSED] - Statement - counter = counter + 1: null

2018-12-14 00:38:21 - [TEST_STEP][PASSED] - Statement - PreSaveFile = new java.io.File(((pathPrefix + java.lang.Integer.toString(counter)) + .png)): null

2018-12-14 00:38:21 - [TEST_STEP][PASSED] - Statement - counter = counter + 1: null

2018-12-14 00:38:21 - [TEST_STEP][PASSED] - Statement - PreSaveFile = new java.io.File(((pathPrefix + java.lang.Integer.toString(counter)) + .png)): null

2018-12-14 00:38:21 - [TEST_STEP][PASSED] - Statement - counter = counter + 1: null

2018-12-14 00:38:21 - [TEST_STEP][PASSED] - Statement - PreSaveFile = new java.io.File(((pathPrefix + java.lang.Integer.toString(counter)) + .png)): null

2018-12-14 00:38:21 - [TEST_STEP][PASSED] - Statement - counter = counter + 1: null

2018-12-14 00:38:21 - [TEST_STEP][PASSED] - Statement - PreSaveFile = new java.io.File(((pathPrefix + java.lang.Integer.toString(counter)) + .png)): null

2018-12-14 00:38:21 - [TEST_STEP][PASSED] - Statement - counter = counter + 1: null

2018-12-14 00:38:21 - [TEST_STEP][PASSED] - Statement - PreSaveFile = new java.io.File(((pathPrefix + java.lang.Integer.toString(counter)) + .png)): null

2018-12-14 00:38:21 - [TEST_STEP][PASSED] - Statement - counter = counter + 1: null

2018-12-14 00:38:21 - [TEST_STEP][PASSED] - Statement - PreSaveFile = new java.io.File(((pathPrefix + java.lang.Integer.toString(counter)) + .png)): null

2018-12-14 00:38:21 - [TEST_STEP][PASSED] - Statement - counter = counter + 1: null

2018-12-14 00:38:21 - [TEST_STEP][PASSED] - Statement - PreSaveFile = new java.io.File(((pathPrefix + java.lang.Integer.toString(counter)) + .png)): null

2018-12-14 00:38:21 - [TEST_STEP][PASSED] - Statement - counter = counter + 1: null

2018-12-14 00:38:21 - [TEST_STEP][PASSED] - Statement - PreSaveFile = new java.io.File(((pathPrefix + java.lang.Integer.toString(counter)) + .png)): null

2018-12-14 00:38:21 - [TEST_STEP][PASSED] - Statement - counter = counter + 1: null

2018-12-14 00:38:21 - [TEST_STEP][PASSED] - Statement - PreSaveFile = new java.io.File(((pathPrefix + java.lang.Integer.toString(counter)) + .png)): null

2018-12-14 00:38:21 - [TEST_STEP][PASSED] - Statement - counter = counter + 1: null

2018-12-14 00:38:21 - [TEST_STEP][PASSED] - Statement - PreSaveFile = new java.io.File(((pathPrefix + java.lang.Integer.toString(counter)) + .png)): null

2018-12-14 00:38:21 - [TEST_STEP][PASSED] - Statement - counter = counter + 1: null

2018-12-14 00:38:21 - [TEST_STEP][PASSED] - Statement - PreSaveFile = new java.io.File(((pathPrefix + java.lang.Integer.toString(counter)) + .png)): null

2018-12-14 00:38:21 - [TEST_STEP][PASSED] - Statement - counter = counter + 1: null

2018-12-14 00:38:21 - [TEST_STEP][PASSED] - Statement - PreSaveFile = new java.io.File(((pathPrefix + java.lang.Integer.toString(counter)) + .png)): null

2018-12-14 00:38:21 - [TEST_STEP][PASSED] - Statement - counter = counter + 1: null

2018-12-14 00:38:21 - [TEST_STEP][PASSED] - Statement - PreSaveFile = new java.io.File(((pathPrefix + java.lang.Integer.toString(counter)) + .png)): null

2018-12-14 00:38:21 - [TEST_STEP][PASSED] - Statement - counter = counter + 1: null

2018-12-14 00:38:21 - [TEST_STEP][PASSED] - Statement - PreSaveFile = new java.io.File(((pathPrefix + java.lang.Integer.toString(counter)) + .png)): null

2018-12-14 00:38:21 - [TEST_STEP][PASSED] - Statement - counter = counter + 1: null

2018-12-14 00:38:21 - [TEST_STEP][PASSED] - Statement - PreSaveFile = new java.io.File(((pathPrefix + java.lang.Integer.toString(counter)) + .png)): null

2018-12-14 00:38:21 - [TEST_STEP][PASSED] - Statement - counter = counter + 1: null

2018-12-14 00:38:21 - [TEST_STEP][PASSED] - Statement - PreSaveFile = new java.io.File(((pathPrefix + java.lang.Integer.toString(counter)) + .png)): null

2018-12-14 00:38:21 - [TEST_STEP][PASSED] - Statement - counter = counter + 1: null

2018-12-14 00:38:21 - [TEST_STEP][PASSED] - Statement - PreSaveFile = new java.io.File(((pathPrefix + java.lang.Integer.toString(counter)) + .png)): null

2018-12-14 00:38:21 - [TEST_STEP][PASSED] - Statement - counter = counter + 1: null

2018-12-14 00:38:21 - [TEST_STEP][PASSED] - Statement - PreSaveFile = new java.io.File(((pathPrefix + java.lang.Integer.toString(counter)) + .png)): null

2018-12-14 00:38:21 - [TEST_STEP][PASSED] - Statement - counter = counter + 1: null

2018-12-14 00:38:21 - [TEST_STEP][PASSED] - Statement - PreSaveFile = new java.io.File(((pathPrefix + java.lang.Integer.toString(counter)) + .png)): null

2018-12-14 00:38:21 - [TEST_STEP][PASSED] - Statement - counter = counter + 1: null

2018-12-14 00:38:21 - [TEST_STEP][PASSED] - Statement - PreSaveFile = new java.io.File(((pathPrefix + java.lang.Integer.toString(counter)) + .png)): null

2018-12-14 00:38:21 - [TEST_STEP][PASSED] - Statement - counter = counter + 1: null

2018-12-14 00:38:21 - [TEST_STEP][PASSED] - Statement - PreSaveFile = new java.io.File(((pathPrefix + java.lang.Integer.toString(counter)) + .png)): null

2018-12-14 00:38:21 - [TEST_STEP][PASSED] - Statement - counter = counter + 1: null

2018-12-14 00:38:21 - [TEST_STEP][PASSED] - Statement - PreSaveFile = new java.io.File(((pathPrefix + java.lang.Integer.toString(counter)) + .png)): null

2018-12-14 00:38:21 - [TEST_STEP][PASSED] - Statement - counter = counter + 1: null

2018-12-14 00:38:21 - [TEST_STEP][PASSED] - Statement - PreSaveFile = new java.io.File(((pathPrefix + java.lang.Integer.toString(counter)) + .png)): null

2018-12-14 00:38:21 - [TEST_STEP][PASSED] - Statement - counter = counter + 1: null

2018-12-14 00:38:21 - [TEST_STEP][PASSED] - Statement - PreSaveFile = new java.io.File(((pathPrefix + java.lang.Integer.toString(counter)) + .png)): null

2018-12-14 00:38:21 - [TEST_STEP][PASSED] - Statement - counter = counter + 1: null

2018-12-14 00:38:21 - [TEST_STEP][PASSED] - Statement - PreSaveFile = new java.io.File(((pathPrefix + java.lang.Integer.toString(counter)) + .png)): null

2018-12-14 00:38:21 - [TEST_STEP][PASSED] - Statement - counter = counter + 1: null

2018-12-14 00:38:21 - [TEST_STEP][PASSED] - Statement - PreSaveFile = new java.io.File(((pathPrefix + java.lang.Integer.toString(counter)) + .png)): null

2018-12-14 00:38:21 - [TEST_STEP][PASSED] - Statement - counter = counter + 1: null

2018-12-14 00:38:21 - [TEST_STEP][PASSED] - Statement - PreSaveFile = new java.io.File(((pathPrefix + java.lang.Integer.toString(counter)) + .png)): null

2018-12-14 00:38:21 - [TEST_STEP][PASSED] - Statement - counter = counter + 1: null

2018-12-14 00:38:21 - [TEST_STEP][PASSED] - Statement - PreSaveFile = new java.io.File(((pathPrefix + java.lang.Integer.toString(counter)) + .png)): null

2018-12-14 00:38:21 - [TEST_STEP][PASSED] - Statement - counter = counter + 1: null

2018-12-14 00:38:21 - [TEST_STEP][PASSED] - Statement - PreSaveFile = new java.io.File(((pathPrefix + java.lang.Integer.toString(counter)) + .png)): null

2018-12-14 00:38:21 - [TEST_STEP][PASSED] - Statement - counter = counter + 1: null

2018-12-14 00:38:21 - [TEST_STEP][PASSED] - Statement - PreSaveFile = new java.io.File(((pathPrefix + java.lang.Integer.toString(counter)) + .png)): null

2018-12-14 00:38:21 - [TEST_STEP][PASSED] - Statement - counter = counter + 1: null

2018-12-14 00:38:21 - [TEST_STEP][PASSED] - Statement - PreSaveFile = new java.io.File(((pathPrefix + java.lang.Integer.toString(counter)) + .png)): null

2018-12-14 00:38:21 - [TEST_STEP][PASSED] - Statement - counter = counter + 1: null

2018-12-14 00:38:21 - [TEST_STEP][PASSED] - Statement - PreSaveFile = new java.io.File(((pathPrefix + java.lang.Integer.toString(counter)) + .png)): null

2018-12-14 00:38:21 - [TEST_STEP][PASSED] - Statement - counter = counter + 1: null

2018-12-14 00:38:21 - [TEST_STEP][PASSED] - Statement - PreSaveFile = new java.io.File(((pathPrefix + java.lang.Integer.toString(counter)) + .png)): null

2018-12-14 00:38:21 - [TEST_STEP][PASSED] - Statement - counter = counter + 1: null

2018-12-14 00:38:21 - [TEST_STEP][PASSED] - Statement - PreSaveFile = new java.io.File(((pathPrefix + java.lang.Integer.toString(counter)) + .png)): null

2018-12-14 00:38:21 - [TEST_STEP][PASSED] - Statement - counter = counter + 1: null

2018-12-14 00:38:21 - [TEST_STEP][PASSED] - Statement - PreSaveFile = new java.io.File(((pathPrefix + java.lang.Integer.toString(counter)) + .png)): null

2018-12-14 00:38:21 - [TEST_STEP][PASSED] - Statement - counter = counter + 1: null

2018-12-14 00:38:21 - [TEST_STEP][PASSED] - Statement - PreSaveFile = new java.io.File(((pathPrefix + java.lang.Integer.toString(counter)) + .png)): null

2018-12-14 00:38:21 - [TEST_STEP][PASSED] - Statement - counter = counter + 1: null

2018-12-14 00:38:21 - [TEST_STEP][PASSED] - Statement - PreSaveFile = new java.io.File(((pathPrefix + java.lang.Integer.toString(counter)) + .png)): null

2018-12-14 00:38:21 - [TEST_STEP][PASSED] - Statement - counter = counter + 1: null

2018-12-14 00:38:21 - [TEST_STEP][PASSED] - Statement - PreSaveFile = new java.io.File(((pathPrefix + java.lang.Integer.toString(counter)) + .png)): null

2018-12-14 00:38:21 - [TEST_STEP][PASSED] - Statement - counter = counter + 1: null

2018-12-14 00:38:21 - [TEST_STEP][PASSED] - Statement - PreSaveFile = new java.io.File(((pathPrefix + java.lang.Integer.toString(counter)) + .png)): null

2018-12-14 00:38:21 - [TEST_STEP][PASSED] - Statement - counter = counter + 1: null

2018-12-14 00:38:21 - [TEST_STEP][PASSED] - Statement - PreSaveFile = new java.io.File(((pathPrefix + java.lang.Integer.toString(counter)) + .png)): null

2018-12-14 00:38:21 - [TEST_STEP][PASSED] - Statement - counter = counter + 1: null

2018-12-14 00:38:21 - [TEST_STEP][PASSED] - Statement - PreSaveFile = new java.io.File(((pathPrefix + java.lang.Integer.toString(counter)) + .png)): null

2018-12-14 00:38:21 - [TEST_STEP][PASSED] - Statement - counter = counter + 1: null

2018-12-14 00:38:21 - [TEST_STEP][PASSED] - Statement - PreSaveFile = new java.io.File(((pathPrefix + java.lang.Integer.toString(counter)) + .png)): null

2018-12-14 00:38:21 - [TEST_STEP][PASSED] - Statement - counter = counter + 1: null

2018-12-14 00:38:21 - [TEST_STEP][PASSED] - Statement - PreSaveFile = new java.io.File(((pathPrefix + java.lang.Integer.toString(counter)) + .png)): null

2018-12-14 00:38:21 - [TEST_STEP][PASSED] - Statement - counter = counter + 1: null

2018-12-14 00:38:21 - [TEST_STEP][PASSED] - Statement - PreSaveFile = new java.io.File(((pathPrefix + java.lang.Integer.toString(counter)) + .png)): null

2018-12-14 00:38:21 - [TEST_STEP][PASSED] - Statement - counter = counter + 1: null

2018-12-14 00:38:21 - [TEST_STEP][PASSED] - Statement - PreSaveFile = new java.io.File(((pathPrefix + java.lang.Integer.toString(counter)) + .png)): null

2018-12-14 00:38:21 - [TEST_STEP][PASSED] - Statement - counter = counter + 1: null

2018-12-14 00:38:21 - [TEST_STEP][PASSED] - Statement - PreSaveFile = new java.io.File(((pathPrefix + java.lang.Integer.toString(counter)) + .png)): null

2018-12-14 00:38:21 - [TEST_STEP][PASSED] - Statement - counter = counter + 1: null

2018-12-14 00:38:21 - [TEST_STEP][PASSED] - Statement - PreSaveFile = new java.io.File(((pathPrefix + java.lang.Integer.toString(counter)) + .png)): null

2018-12-14 00:38:21 - [TEST_STEP][PASSED] - Statement - counter = counter + 1: null

2018-12-14 00:38:21 - [TEST_STEP][PASSED] - Statement - PreSaveFile = new java.io.File(((pathPrefix + java.lang.Integer.toString(counter)) + .png)): null

2018-12-14 00:38:21 - [TEST_STEP][PASSED] - Statement - counter = counter + 1: null

2018-12-14 00:38:21 - [TEST_STEP][PASSED] - Statement - PreSaveFile = new java.io.File(((pathPrefix + java.lang.Integer.toString(counter)) + .png)): null

2018-12-14 00:38:21 - [TEST_STEP][PASSED] - Statement - counter = counter + 1: null

2018-12-14 00:38:21 - [TEST_STEP][PASSED] - Statement - PreSaveFile = new java.io.File(((pathPrefix + java.lang.Integer.toString(counter)) + .png)): null

2018-12-14 00:38:21 - [TEST_STEP][PASSED] - Statement - counter = counter + 1: null

2018-12-14 00:38:21 - [TEST_STEP][PASSED] - Statement - PreSaveFile = new java.io.File(((pathPrefix + java.lang.Integer.toString(counter)) + .png)): null

2018-12-14 00:38:21 - [TEST_STEP][PASSED] - Statement - counter = counter + 1: null

2018-12-14 00:38:21 - [TEST_STEP][PASSED] - Statement - PreSaveFile = new java.io.File(((pathPrefix + java.lang.Integer.toString(counter)) + .png)): null

2018-12-14 00:38:21 - [TEST_STEP][PASSED] - Statement - counter = counter + 1: null

2018-12-14 00:38:21 - [TEST_STEP][PASSED] - Statement - PreSaveFile = new java.io.File(((pathPrefix + java.lang.Integer.toString(counter)) + .png)): null

2018-12-14 00:38:21 - [TEST_STEP][PASSED] - Statement - counter = counter + 1: null

2018-12-14 00:38:21 - [TEST_STEP][PASSED] - Statement - PreSaveFile = new java.io.File(((pathPrefix + java.lang.Integer.toString(counter)) + .png)): null

2018-12-14 00:38:21 - [TEST_STEP][PASSED] - Statement - counter = counter + 1: null

2018-12-14 00:38:21 - [TEST_STEP][PASSED] - Statement - PreSaveFile = new java.io.File(((pathPrefix + java.lang.Integer.toString(counter)) + .png)): null

2018-12-14 00:38:21 - [TEST_STEP][PASSED] - Statement - counter = counter + 1: null

2018-12-14 00:38:21 - [TEST_STEP][PASSED] - Statement - PreSaveFile = new java.io.File(((pathPrefix + java.lang.Integer.toString(counter)) + .png)): null

2018-12-14 00:38:21 - [TEST_STEP][PASSED] - Statement - counter = counter + 1: null

2018-12-14 00:38:21 - [TEST_STEP][PASSED] - Statement - PreSaveFile = new java.io.File(((pathPrefix + java.lang.Integer.toString(counter)) + .png)): null

2018-12-14 00:38:21 - [TEST_STEP][PASSED] - Statement - counter = counter + 1: null

2018-12-14 00:38:21 - [TEST_STEP][PASSED] - Statement - PreSaveFile = new java.io.File(((pathPrefix + java.lang.Integer.toString(counter)) + .png)): null

2018-12-14 00:38:21 - [TEST_STEP][PASSED] - Statement - counter = counter + 1: null

2018-12-14 00:38:21 - [TEST_STEP][PASSED] - Statement - PreSaveFile = new java.io.File(((pathPrefix + java.lang.Integer.toString(counter)) + .png)): null

2018-12-14 00:38:21 - [TEST_STEP][PASSED] - Statement - counter = counter + 1: null

2018-12-14 00:38:21 - [TEST_STEP][PASSED] - Statement - PreSaveFile = new java.io.File(((pathPrefix + java.lang.Integer.toString(counter)) + .png)): null

2018-12-14 00:38:21 - [TEST_STEP][PASSED] - Statement - counter = counter + 1: null

2018-12-14 00:38:21 - [TEST_STEP][PASSED] - Statement - PreSaveFile = new java.io.File(((pathPrefix + java.lang.Integer.toString(counter)) + .png)): null

2018-12-14 00:38:21 - [TEST_STEP][PASSED] - Statement - counter = counter + 1: null

2018-12-14 00:38:21 - [TEST_STEP][PASSED] - Statement - PreSaveFile = new java.io.File(((pathPrefix + java.lang.Integer.toString(counter)) + .png)): null

2018-12-14 00:38:21 - [TEST_STEP][PASSED] - Statement - counter = counter + 1: null

2018-12-14 00:38:21 - [TEST_STEP][PASSED] - Statement - PreSaveFile = new java.io.File(((pathPrefix + java.lang.Integer.toString(counter)) + .png)): null

2018-12-14 00:38:21 - [TEST_STEP][PASSED] - Statement - counter = counter + 1: null

2018-12-14 00:38:21 - [TEST_STEP][PASSED] - Statement - PreSaveFile = new java.io.File(((pathPrefix + java.lang.Integer.toString(counter)) + .png)): null

2018-12-14 00:38:21 - [TEST_STEP][PASSED] - Statement - counter = counter + 1: null

2018-12-14 00:38:21 - [TEST_STEP][PASSED] - Statement - PreSaveFile = new java.io.File(((pathPrefix + java.lang.Integer.toString(counter)) + .png)): null

2018-12-14 00:38:21 - [TEST_STEP][PASSED] - Statement - counter = counter + 1: null

2018-12-14 00:38:21 - [TEST_STEP][PASSED] - Statement - PreSaveFile = new java.io.File(((pathPrefix + java.lang.Integer.toString(counter)) + .png)): null

2018-12-14 00:38:21 - [TEST_STEP][PASSED] - Statement - counter = counter + 1: null

2018-12-14 00:38:21 - [TEST_STEP][PASSED] - Statement - PreSaveFile = new java.io.File(((pathPrefix + java.lang.Integer.toString(counter)) + .png)): null

2018-12-14 00:38:21 - [TEST_STEP][PASSED] - Statement - counter = counter + 1: null

2018-12-14 00:38:21 - [TEST_STEP][PASSED] - Statement - PreSaveFile = new java.io.File(((pathPrefix + java.lang.Integer.toString(counter)) + .png)): null

2018-12-14 00:38:21 - [TEST_STEP][PASSED] - Statement - counter = counter + 1: null

2018-12-14 00:38:21 - [TEST_STEP][PASSED] - Statement - PreSaveFile = new java.io.File(((pathPrefix + java.lang.Integer.toString(counter)) + .png)): null

2018-12-14 00:38:21 - [TEST_STEP][PASSED] - Statement - counter = counter + 1: null

2018-12-14 00:38:21 - [TEST_STEP][PASSED] - Statement - PreSaveFile = new java.io.File(((pathPrefix + java.lang.Integer.toString(counter)) + .png)): null

2018-12-14 00:38:21 - [TEST_STEP][PASSED] - Statement - counter = counter + 1: null

2018-12-14 00:38:21 - [TEST_STEP][PASSED] - Statement - PreSaveFile = new java.io.File(((pathPrefix + java.lang.Integer.toString(counter)) + .png)): null

2018-12-14 00:38:21 - [TEST_STEP][PASSED] - Statement - counter = counter + 1: null

2018-12-14 00:38:21 - [TEST_STEP][PASSED] - Statement - PreSaveFile = new java.io.File(((pathPrefix + java.lang.Integer.toString(counter)) + .png)): null

2018-12-14 00:38:21 - [TEST_STEP][PASSED] - Statement - counter = counter + 1: null

2018-12-14 00:38:21 - [TEST_STEP][PASSED] - Statement - PreSaveFile = new java.io.File(((pathPrefix + java.lang.Integer.toString(counter)) + .png)): null

2018-12-14 00:38:21 - [TEST_STEP][PASSED] - Statement - counter = counter + 1: null

2018-12-14 00:38:21 - [TEST_STEP][PASSED] - Statement - PreSaveFile = new java.io.File(((pathPrefix + java.lang.Integer.toString(counter)) + .png)): null

2018-12-14 00:38:21 - [TEST_STEP][PASSED] - Statement - counter = counter + 1: null

2018-12-14 00:38:21 - [TEST_STEP][PASSED] - Statement - PreSaveFile = new java.io.File(((pathPrefix + java.lang.Integer.toString(counter)) + .png)): null

2018-12-14 00:38:21 - [TEST_STEP][PASSED] - Statement - counter = counter + 1: null

2018-12-14 00:38:21 - [TEST_STEP][PASSED] - Statement - PreSaveFile = new java.io.File(((pathPrefix + java.lang.Integer.toString(counter)) + .png)): null

2018-12-14 00:38:21 - [TEST_STEP][PASSED] - Statement - counter = counter + 1: null

2018-12-14 00:38:21 - [TEST_STEP][PASSED] - Statement - PreSaveFile = new java.io.File(((pathPrefix + java.lang.Integer.toString(counter)) + .png)): null

2018-12-14 00:38:21 - [TEST_STEP][PASSED] - Statement - counter = counter + 1: null

2018-12-14 00:38:21 - [TEST_STEP][PASSED] - Statement - PreSaveFile = new java.io.File(((pathPrefix + java.lang.Integer.toString(counter)) + .png)): null

2018-12-14 00:38:21 - [TEST_STEP][PASSED] - Statement - counter = counter + 1: null

2018-12-14 00:38:21 - [TEST_STEP][PASSED] - Statement - PreSaveFile = new java.io.File(((pathPrefix + java.lang.Integer.toString(counter)) + .png)): null

2018-12-14 00:38:21 - [TEST_STEP][PASSED] - Statement - counter = counter + 1: null

2018-12-14 00:38:21 - [TEST_STEP][PASSED] - Statement - PreSaveFile = new java.io.File(((pathPrefix + java.lang.Integer.toString(counter)) + .png)): null

2018-12-14 00:38:21 - [TEST_STEP][PASSED] - Statement - counter = counter + 1: null

2018-12-14 00:38:21 - [TEST_STEP][PASSED] - Statement - PreSaveFile = new java.io.File(((pathPrefix + java.lang.Integer.toString(counter)) + .png)): null

2018-12-14 00:38:21 - [TEST_STEP][PASSED] - Statement - counter = counter + 1: null

2018-12-14 00:38:21 - [TEST_STEP][PASSED] - Statement - PreSaveFile = new java.io.File(((pathPrefix + java.lang.Integer.toString(counter)) + .png)): null

2018-12-14 00:38:21 - [TEST_STEP][PASSED] - Statement - counter = counter + 1: null

2018-12-14 00:38:21 - [TEST_STEP][PASSED] - Statement - PreSaveFile = new java.io.File(((pathPrefix + java.lang.Integer.toString(counter)) + .png)): null

2018-12-14 00:38:21 - [TEST_STEP][PASSED] - Statement - counter = counter + 1: null

2018-12-14 00:38:21 - [TEST_STEP][PASSED] - Statement - PreSaveFile = new java.io.File(((pathPrefix + java.lang.Integer.toString(counter)) + .png)): null

2018-12-14 00:38:21 - [TEST_STEP][PASSED] - Statement - counter = counter + 1: null

2018-12-14 00:38:21 - [TEST_STEP][PASSED] - Statement - PreSaveFile = new java.io.File(((pathPrefix + java.lang.Integer.toString(counter)) + .png)): null

2018-12-14 00:38:21 - [TEST_STEP][PASSED] - Statement - counter = counter + 1: null

2018-12-14 00:38:21 - [TEST_STEP][PASSED] - Statement - PreSaveFile = new java.io.File(((pathPrefix + java.lang.Integer.toString(counter)) + .png)): null

2018-12-14 00:38:21 - [TEST_STEP][PASSED] - Statement - counter = counter + 1: null

2018-12-14 00:38:21 - [TEST_STEP][PASSED] - Statement - PreSaveFile = new java.io.File(((pathPrefix + java.lang.Integer.toString(counter)) + .png)): null

2018-12-14 00:38:21 - [TEST_STEP][PASSED] - Statement - counter = counter + 1: null

2018-12-14 00:38:21 - [TEST_STEP][PASSED] - Statement - PreSaveFile = new java.io.File(((pathPrefix + java.lang.Integer.toString(counter)) + .png)): null

2018-12-14 00:38:21 - [TEST_STEP][PASSED] - Statement - counter = counter + 1: null

2018-12-14 00:38:21 - [TEST_STEP][PASSED] - Statement - PreSaveFile = new java.io.File(((pathPrefix + java.lang.Integer.toString(counter)) + .png)): null

2018-12-14 00:38:21 - [TEST_STEP][PASSED] - Statement - counter = counter + 1: null

2018-12-14 00:38:21 - [TEST_STEP][PASSED] - Statement - PreSaveFile = new java.io.File(((pathPrefix + java.lang.Integer.toString(counter)) + .png)): null

2018-12-14 00:38:21 - [TEST_STEP][PASSED] - Statement - counter = counter + 1: null

2018-12-14 00:38:21 - [TEST_STEP][PASSED] - Statement - PreSaveFile = new java.io.File(((pathPrefix + java.lang.Integer.toString(counter)) + .png)): null

2018-12-14 00:38:21 - [TEST_STEP][PASSED] - Statement - counter = counter + 1: null

2018-12-14 00:38:21 - [TEST_STEP][PASSED] - Statement - PreSaveFile = new java.io.File(((pathPrefix + java.lang.Integer.toString(counter)) + .png)): null

2018-12-14 00:38:21 - [TEST_STEP][PASSED] - Statement - counter = counter + 1: null

2018-12-14 00:38:21 - [TEST_STEP][PASSED] - Statement - PreSaveFile = new java.io.File(((pathPrefix + java.lang.Integer.toString(counter)) + .png)): null

2018-12-14 00:38:21 - [TEST_STEP][PASSED] - Statement - counter = counter + 1: null

2018-12-14 00:38:21 - [TEST_STEP][PASSED] - Statement - PreSaveFile = new java.io.File(((pathPrefix + java.lang.Integer.toString(counter)) + .png)): null

2018-12-14 00:38:21 - [TEST_STEP][PASSED] - Statement - counter = counter + 1: null

2018-12-14 00:38:21 - [TEST_STEP][PASSED] - Statement - PreSaveFile = new java.io.File(((pathPrefix + java.lang.Integer.toString(counter)) + .png)): null

2018-12-14 00:38:21 - [TEST_STEP][PASSED] - Statement - counter = counter + 1: null

2018-12-14 00:38:21 - [TEST_STEP][PASSED] - Statement - PreSaveFile = new java.io.File(((pathPrefix + java.lang.Integer.toString(counter)) + .png)): null

2018-12-14 00:38:21 - [TEST_STEP][PASSED] - Statement - counter = counter + 1: null

2018-12-14 00:38:21 - [TEST_STEP][PASSED] - Statement - PreSaveFile = new java.io.File(((pathPrefix + java.lang.Integer.toString(counter)) + .png)): null

2018-12-14 00:38:21 - [TEST_STEP][PASSED] - Statement - counter = counter + 1: null

2018-12-14 00:38:21 - [TEST_STEP][PASSED] - Statement - PreSaveFile = new java.io.File(((pathPrefix + java.lang.Integer.toString(counter)) + .png)): null

2018-12-14 00:38:21 - [TEST_STEP][PASSED] - Statement - counter = counter + 1: null

2018-12-14 00:38:21 - [TEST_STEP][PASSED] - Statement - PreSaveFile = new java.io.File(((pathPrefix + java.lang.Integer.toString(counter)) + .png)): null

2018-12-14 00:38:21 - [TEST_STEP][PASSED] - Statement - counter = counter + 1: null

2018-12-14 00:38:21 - [TEST_STEP][PASSED] - Statement - PreSaveFile = new java.io.File(((pathPrefix + java.lang.Integer.toString(counter)) + .png)): null

2018-12-14 00:38:21 - [TEST_STEP][PASSED] - Statement - counter = counter + 1: null

2018-12-14 00:38:21 - [TEST_STEP][PASSED] - Statement - PreSaveFile = new java.io.File(((pathPrefix + java.lang.Integer.toString(counter)) + .png)): null

2018-12-14 00:38:21 - [TEST_STEP][PASSED] - Statement - counter = counter + 1: null

2018-12-14 00:38:21 - [TEST_STEP][PASSED] - Statement - PreSaveFile = new java.io.File(((pathPrefix + java.lang.Integer.toString(counter)) + .png)): null

2018-12-14 00:38:21 - [TEST_STEP][PASSED] - Statement - counter = counter + 1: null

2018-12-14 00:38:21 - [TEST_STEP][PASSED] - Statement - PreSaveFile = new java.io.File(((pathPrefix + java.lang.Integer.toString(counter)) + .png)): null

2018-12-14 00:38:21 - [TEST_STEP][PASSED] - Statement - counter = counter + 1: null

2018-12-14 00:38:21 - [TEST_STEP][PASSED] - Statement - PreSaveFile = new java.io.File(((pathPrefix + java.lang.Integer.toString(counter)) + .png)): null

2018-12-14 00:38:21 - [TEST_STEP][PASSED] - Statement - counter = counter + 1: null

2018-12-14 00:38:21 - [TEST_STEP][PASSED] - Statement - PreSaveFile = new java.io.File(((pathPrefix + java.lang.Integer.toString(counter)) + .png)): null

2018-12-14 00:38:21 - [TEST_STEP][PASSED] - Statement - counter = counter + 1: null

2018-12-14 00:38:21 - [TEST_STEP][PASSED] - Statement - PreSaveFile = new java.io.File(((pathPrefix + java.lang.Integer.toString(counter)) + .png)): null

2018-12-14 00:38:21 - [TEST_STEP][PASSED] - Statement - counter = counter + 1: null

2018-12-14 00:38:21 - [TEST_STEP][PASSED] - Statement - PreSaveFile = new java.io.File(((pathPrefix + java.lang.Integer.toString(counter)) + .png)): null

2018-12-14 00:38:21 - [TEST_STEP][PASSED] - Statement - counter = counter + 1: null

2018-12-14 00:38:21 - [TEST_STEP][PASSED] - Statement - PreSaveFile = new java.io.File(((pathPrefix + java.lang.Integer.toString(counter)) + .png)): null

2018-12-14 00:38:21 - [TEST_STEP][PASSED] - Statement - counter = counter + 1: null

2018-12-14 00:38:21 - [TEST_STEP][PASSED] - Statement - PreSaveFile = new java.io.File(((pathPrefix + java.lang.Integer.toString(counter)) + .png)): null

2018-12-14 00:38:21 - [TEST_STEP][PASSED] - Statement - counter = counter + 1: null

2018-12-14 00:38:21 - [TEST_STEP][PASSED] - Statement - PreSaveFile = new java.io.File(((pathPrefix + java.lang.Integer.toString(counter)) + .png)): null

2018-12-14 00:38:21 - [TEST_STEP][PASSED] - Statement - counter = counter + 1: null

2018-12-14 00:38:21 - [TEST_STEP][PASSED] - Statement - PreSaveFile = new java.io.File(((pathPrefix + java.lang.Integer.toString(counter)) + .png)): null

2018-12-14 00:38:21 - [TEST_STEP][PASSED] - Statement - counter = counter + 1: null

2018-12-14 00:38:21 - [TEST_STEP][PASSED] - Statement - PreSaveFile = new java.io.File(((pathPrefix + java.lang.Integer.toString(counter)) + .png)): null

2018-12-14 00:38:21 - [TEST_STEP][PASSED] - Statement - counter = counter + 1: null

2018-12-14 00:38:21 - [TEST_STEP][PASSED] - Statement - PreSaveFile = new java.io.File(((pathPrefix + java.lang.Integer.toString(counter)) + .png)): null

2018-12-14 00:38:21 - [TEST_STEP][PASSED] - Statement - counter = counter + 1: null

2018-12-14 00:38:21 - [TEST_STEP][PASSED] - Statement - PreSaveFile = new java.io.File(((pathPrefix + java.lang.Integer.toString(counter)) + .png)): null

2018-12-14 00:38:21 - [TEST_STEP][PASSED] - Statement - counter = counter + 1: null

2018-12-14 00:38:21 - [TEST_STEP][PASSED] - Statement - PreSaveFile = new java.io.File(((pathPrefix + java.lang.Integer.toString(counter)) + .png)): null

2018-12-14 00:38:21 - [TEST_STEP][PASSED] - Statement - counter = counter + 1: null

2018-12-14 00:38:21 - [TEST_STEP][PASSED] - Statement - PreSaveFile = new java.io.File(((pathPrefix + java.lang.Integer.toString(counter)) + .png)): null

2018-12-14 00:38:21 - [TEST_STEP][PASSED] - Statement - counter = counter + 1: null

2018-12-14 00:38:21 - [TEST_STEP][PASSED] - Statement - PreSaveFile = new java.io.File(((pathPrefix + java.lang.Integer.toString(counter)) + .png)): null

2018-12-14 00:38:21 - [TEST_STEP][PASSED] - Statement - counter = counter + 1: null

2018-12-14 00:38:21 - [TEST_STEP][PASSED] - Statement - PreSaveFile = new java.io.File(((pathPrefix + java.lang.Integer.toString(counter)) + .png)): null

2018-12-14 00:38:21 - [TEST_STEP][PASSED] - Statement - counter = counter + 1: null

2018-12-14 00:38:21 - [TEST_STEP][PASSED] - Statement - PreSaveFile = new java.io.File(((pathPrefix + java.lang.Integer.toString(counter)) + .png)): null

2018-12-14 00:38:21 - [TEST_STEP][PASSED] - Statement - counter = counter + 1: null

2018-12-14 00:38:21 - [TEST_STEP][PASSED] - Statement - PreSaveFile = new java.io.File(((pathPrefix + java.lang.Integer.toString(counter)) + .png)): null

2018-12-14 00:38:21 - [TEST_STEP][PASSED] - Statement - counter = counter + 1: null

2018-12-14 00:38:21 - [TEST_STEP][PASSED] - Statement - PreSaveFile = new java.io.File(((pathPrefix + java.lang.Integer.toString(counter)) + .png)): null

2018-12-14 00:38:21 - [TEST_STEP][PASSED] - Statement - counter = counter + 1: null

2018-12-14 00:38:21 - [TEST_STEP][PASSED] - Statement - PreSaveFile = new java.io.File(((pathPrefix + java.lang.Integer.toString(counter)) + .png)): null

2018-12-14 00:38:21 - [TEST_STEP][PASSED] - Statement - counter = counter + 1: null

2018-12-14 00:38:21 - [TEST_STEP][PASSED] - Statement - PreSaveFile = new java.io.File(((pathPrefix + java.lang.Integer.toString(counter)) + .png)): null

2018-12-14 00:38:21 - [TEST_STEP][PASSED] - Statement - counter = counter + 1: null

2018-12-14 00:38:21 - [TEST_STEP][PASSED] - Statement - PreSaveFile = new java.io.File(((pathPrefix + java.lang.Integer.toString(counter)) + .png)): null

2018-12-14 00:38:21 - [TEST_STEP][PASSED] - Statement - counter = counter + 1: null

2018-12-14 00:38:21 - [TEST_STEP][PASSED] - Statement - PreSaveFile = new java.io.File(((pathPrefix + java.lang.Integer.toString(counter)) + .png)): null

2018-12-14 00:38:21 - [TEST_STEP][PASSED] - Statement - counter = counter + 1: null

2018-12-14 00:38:21 - [TEST_STEP][PASSED] - Statement - PreSaveFile = new java.io.File(((pathPrefix + java.lang.Integer.toString(counter)) + .png)): null

2018-12-14 00:38:21 - [TEST_STEP][PASSED] - Statement - counter = counter + 1: null

2018-12-14 00:38:21 - [TEST_STEP][PASSED] - Statement - PreSaveFile = new java.io.File(((pathPrefix + java.lang.Integer.toString(counter)) + .png)): null

2018-12-14 00:38:21 - [TEST_STEP][PASSED] - Statement - counter = counter + 1: null

2018-12-14 00:38:21 - [TEST_STEP][PASSED] - Statement - PreSaveFile = new java.io.File(((pathPrefix + java.lang.Integer.toString(counter)) + .png)): null

2018-12-14 00:38:21 - [TEST_STEP][PASSED] - Statement - counter = counter + 1: null

2018-12-14 00:38:21 - [TEST_STEP][PASSED] - Statement - PreSaveFile = new java.io.File(((pathPrefix + java.lang.Integer.toString(counter)) + .png)): null

2018-12-14 00:38:21 - [TEST_STEP][PASSED] - Statement - counter = counter + 1: null

2018-12-14 00:38:21 - [TEST_STEP][PASSED] - Statement - PreSaveFile = new java.io.File(((pathPrefix + java.lang.Integer.toString(counter)) + .png)): null

2018-12-14 00:38:21 - [TEST_STEP][PASSED] - Statement - counter = counter + 1: null

2018-12-14 00:38:21 - [TEST_STEP][PASSED] - Statement - PreSaveFile = new java.io.File(((pathPrefix + java.lang.Integer.toString(counter)) + .png)): null

2018-12-14 00:38:21 - [TEST_STEP][PASSED] - Statement - counter = counter + 1: null

2018-12-14 00:38:21 - [TEST_STEP][PASSED] - Statement - PreSaveFile = new java.io.File(((pathPrefix + java.lang.Integer.toString(counter)) + .png)): null

2018-12-14 00:38:21 - [TEST_STEP][PASSED] - Statement - counter = counter + 1: null

2018-12-14 00:38:21 - [TEST_STEP][PASSED] - Statement - PreSaveFile = new java.io.File(((pathPrefix + java.lang.Integer.toString(counter)) + .png)): null

2018-12-14 00:38:21 - [TEST_STEP][PASSED] - Statement - counter = counter + 1: null

2018-12-14 00:38:21 - [TEST_STEP][PASSED] - Statement - PreSaveFile = new java.io.File(((pathPrefix + java.lang.Integer.toString(counter)) + .png)): null

2018-12-14 00:38:21 - [TEST_STEP][PASSED] - Statement - counter = counter + 1: null

2018-12-14 00:38:21 - [TEST_STEP][PASSED] - Statement - PreSaveFile = new java.io.File(((pathPrefix + java.lang.Integer.toString(counter)) + .png)): null

2018-12-14 00:38:21 - [TEST_STEP][PASSED] - Statement - counter = counter + 1: null

2018-12-14 00:38:21 - [TEST_STEP][PASSED] - Statement - PreSaveFile = new java.io.File(((pathPrefix + java.lang.Integer.toString(counter)) + .png)): null

2018-12-14 00:38:21 - [TEST_STEP][PASSED] - Statement - counter = counter + 1: null

2018-12-14 00:38:21 - [TEST_STEP][PASSED] - Statement - PreSaveFile = new java.io.File(((pathPrefix + java.lang.Integer.toString(counter)) + .png)): null

2018-12-14 00:38:21 - [TEST_STEP][PASSED] - Statement - counter = counter + 1: null

2018-12-14 00:38:21 - [TEST_STEP][PASSED] - Statement - PreSaveFile = new java.io.File(((pathPrefix + java.lang.Integer.toString(counter)) + .png)): null

2018-12-14 00:38:21 - [TEST_STEP][PASSED] - Statement - counter = counter + 1: null

2018-12-14 00:38:21 - [TEST_STEP][PASSED] - Statement - PreSaveFile = new java.io.File(((pathPrefix + java.lang.Integer.toString(counter)) + .png)): null

2018-12-14 00:38:21 - [TEST_STEP][PASSED] - Statement - counter = counter + 1: null

2018-12-14 00:38:21 - [TEST_STEP][PASSED] - Statement - PreSaveFile = new java.io.File(((pathPrefix + java.lang.Integer.toString(counter)) + .png)): null

2018-12-14 00:38:21 - [TEST_STEP][PASSED] - Statement - counter = counter + 1: null

2018-12-14 00:38:21 - [TEST_STEP][PASSED] - Statement - PreSaveFile = new java.io.File(((pathPrefix + java.lang.Integer.toString(counter)) + .png)): null

2018-12-14 00:38:21 - [TEST_STEP][PASSED] - Statement - counter = counter + 1: null

2018-12-14 00:38:21 - [TEST_STEP][PASSED] - Statement - PreSaveFile = new java.io.File(((pathPrefix + java.lang.Integer.toString(counter)) + .png)): null

2018-12-14 00:38:21 - [TEST_STEP][PASSED] - Statement - counter = counter + 1: null

2018-12-14 00:38:21 - [TEST_STEP][PASSED] - Statement - PreSaveFile = new java.io.File(((pathPrefix + java.lang.Integer.toString(counter)) + .png)): null

2018-12-14 00:38:21 - [TEST_STEP][PASSED] - Statement - counter = counter + 1: null

2018-12-14 00:38:21 - [TEST_STEP][PASSED] - Statement - PreSaveFile = new java.io.File(((pathPrefix + java.lang.Integer.toString(counter)) + .png)): null

2018-12-14 00:38:21 - [TEST_STEP][PASSED] - Statement - counter = counter + 1: null

2018-12-14 00:38:21 - [TEST_STEP][PASSED] - Statement - PreSaveFile = new java.io.File(((pathPrefix + java.lang.Integer.toString(counter)) + .png)): null

2018-12-14 00:38:21 - [TEST_STEP][PASSED] - Statement - counter = counter + 1: null

2018-12-14 00:38:21 - [TEST_STEP][PASSED] - Statement - PreSaveFile = new java.io.File(((pathPrefix + java.lang.Integer.toString(counter)) + .png)): null

2018-12-14 00:38:21 - [TEST_STEP][PASSED] - Statement - counter = counter + 1: null

2018-12-14 00:38:21 - [TEST_STEP][PASSED] - Statement - PreSaveFile = new java.io.File(((pathPrefix + java.lang.Integer.toString(counter)) + .png)): null

2018-12-14 00:38:21 - [TEST_STEP][PASSED] - Statement - counter = counter + 1: null

2018-12-14 00:38:21 - [TEST_STEP][PASSED] - Statement - PreSaveFile = new java.io.File(((pathPrefix + java.lang.Integer.toString(counter)) + .png)): null

2018-12-14 00:38:21 - [TEST_STEP][PASSED] - Statement - counter = counter + 1: null

2018-12-14 00:38:21 - [TEST_STEP][PASSED] - Statement - PreSaveFile = new java.io.File(((pathPrefix + java.lang.Integer.toString(counter)) + .png)): null

2018-12-14 00:38:21 - [TEST_STEP][PASSED] - Statement - counter = counter + 1: null

2018-12-14 00:38:21 - [TEST_STEP][PASSED] - Statement - PreSaveFile = new java.io.File(((pathPrefix + java.lang.Integer.toString(counter)) + .png)): null

2018-12-14 00:38:21 - [TEST_STEP][PASSED] - Statement - counter = counter + 1: null

2018-12-14 00:38:21 - [TEST_STEP][PASSED] - Statement - PreSaveFile = new java.io.File(((pathPrefix + java.lang.Integer.toString(counter)) + .png)): null

2018-12-14 00:38:21 - [TEST_STEP][PASSED] - Statement - counter = counter + 1: null

2018-12-14 00:38:21 - [TEST_STEP][PASSED] - Statement - PreSaveFile = new java.io.File(((pathPrefix + java.lang.Integer.toString(counter)) + .png)): null

2018-12-14 00:38:21 - [TEST_STEP][PASSED] - Statement - counter = counter + 1: null

2018-12-14 00:38:21 - [TEST_STEP][PASSED] - Statement - PreSaveFile = new java.io.File(((pathPrefix + java.lang.Integer.toString(counter)) + .png)): null

2018-12-14 00:38:21 - [TEST_STEP][PASSED] - Statement - counter = counter + 1: null

2018-12-14 00:38:21 - [TEST_STEP][PASSED] - Statement - PreSaveFile = new java.io.File(((pathPrefix + java.lang.Integer.toString(counter)) + .png)): null

2018-12-14 00:38:21 - [TEST_STEP][PASSED] - Statement - counter = counter + 1: null

2018-12-14 00:38:21 - [TEST_STEP][PASSED] - Statement - PreSaveFile = new java.io.File(((pathPrefix + java.lang.Integer.toString(counter)) + .png)): null

2018-12-14 00:38:21 - [TEST_STEP][PASSED] - Statement - counter = counter + 1: null

2018-12-14 00:38:21 - [TEST_STEP][PASSED] - Statement - PreSaveFile = new java.io.File(((pathPrefix + java.lang.Integer.toString(counter)) + .png)): null

2018-12-14 00:38:21 - [TEST_STEP][PASSED] - Statement - counter = counter + 1: null

2018-12-14 00:38:21 - [TEST_STEP][PASSED] - Statement - PreSaveFile = new java.io.File(((pathPrefix + java.lang.Integer.toString(counter)) + .png)): null

2018-12-14 00:38:21 - [TEST_STEP][PASSED] - Statement - counter = counter + 1: null

2018-12-14 00:38:21 - [TEST_STEP][PASSED] - Statement - PreSaveFile = new java.io.File(((pathPrefix + java.lang.Integer.toString(counter)) + .png)): null

2018-12-14 00:38:21 - [TEST_STEP][PASSED] - Statement - counter = counter + 1: null

2018-12-14 00:38:21 - [TEST_STEP][PASSED] - Statement - PreSaveFile = new java.io.File(((pathPrefix + java.lang.Integer.toString(counter)) + .png)): null

2018-12-14 00:38:21 - [TEST_STEP][PASSED] - Statement - counter = counter + 1: null

2018-12-14 00:38:21 - [TEST_STEP][PASSED] - Statement - PreSaveFile = new java.io.File(((pathPrefix + java.lang.Integer.toString(counter)) + .png)): null

2018-12-14 00:38:21 - [TEST_STEP][PASSED] - Statement - counter = counter + 1: null

2018-12-14 00:38:21 - [TEST_STEP][PASSED] - Statement - PreSaveFile = new java.io.File(((pathPrefix + java.lang.Integer.toString(counter)) + .png)): null

2018-12-14 00:38:21 - [TEST_STEP][PASSED] - Statement - counter = counter + 1: null

2018-12-14 00:38:21 - [TEST_STEP][PASSED] - Statement - PreSaveFile = new java.io.File(((pathPrefix + java.lang.Integer.toString(counter)) + .png)): null

2018-12-14 00:38:21 - [TEST_STEP][PASSED] - Statement - counter = counter + 1: null

2018-12-14 00:38:21 - [TEST_STEP][PASSED] - Statement - PreSaveFile = new java.io.File(((pathPrefix + java.lang.Integer.toString(counter)) + .png)): null

2018-12-14 00:38:21 - [TEST_STEP][PASSED] - Statement - counter = counter + 1: null

2018-12-14 00:38:21 - [TEST_STEP][PASSED] - Statement - PreSaveFile = new java.io.File(((pathPrefix + java.lang.Integer.toString(counter)) + .png)): null

2018-12-14 00:38:21 - [TEST_STEP][PASSED] - Statement - counter = counter + 1: null

2018-12-14 00:38:21 - [TEST_STEP][PASSED] - Statement - PreSaveFile = new java.io.File(((pathPrefix + java.lang.Integer.toString(counter)) + .png)): null

2018-12-14 00:38:21 - [TEST_STEP][PASSED] - Statement - counter = counter + 1: null

2018-12-14 00:38:21 - [TEST_STEP][PASSED] - Statement - PreSaveFile = new java.io.File(((pathPrefix + java.lang.Integer.toString(counter)) + .png)): null

2018-12-14 00:38:21 - [TEST_STEP][PASSED] - Statement - counter = counter + 1: null

2018-12-14 00:38:21 - [TEST_STEP][PASSED] - Statement - PreSaveFile = new java.io.File(((pathPrefix + java.lang.Integer.toString(counter)) + .png)): null

2018-12-14 00:38:21 - [TEST_STEP][PASSED] - Statement - counter = counter + 1: null

2018-12-14 00:38:21 - [TEST_STEP][PASSED] - Statement - PreSaveFile = new java.io.File(((pathPrefix + java.lang.Integer.toString(counter)) + .png)): null

2018-12-14 00:38:21 - [TEST_STEP][PASSED] - Statement - counter = counter + 1: null

2018-12-14 00:38:21 - [TEST_STEP][PASSED] - Statement - PreSaveFile = new java.io.File(((pathPrefix + java.lang.Integer.toString(counter)) + .png)): null

2018-12-14 00:38:21 - [TEST_STEP][PASSED] - Statement - counter = counter + 1: null

2018-12-14 00:38:21 - [TEST_STEP][PASSED] - Statement - PreSaveFile = new java.io.File(((pathPrefix + java.lang.Integer.toString(counter)) + .png)): null

2018-12-14 00:38:21 - [TEST_STEP][PASSED] - Statement - counter = counter + 1: null

2018-12-14 00:38:21 - [TEST_STEP][PASSED] - Statement - PreSaveFile = new java.io.File(((pathPrefix + java.lang.Integer.toString(counter)) + .png)): null

2018-12-14 00:38:21 - [TEST_STEP][PASSED] - Statement - counter = counter + 1: null

2018-12-14 00:38:21 - [TEST_STEP][PASSED] - Statement - PreSaveFile = new java.io.File(((pathPrefix + java.lang.Integer.toString(counter)) + .png)): null

2018-12-14 00:38:21 - [TEST_STEP][PASSED] - Statement - counter = counter + 1: null

2018-12-14 00:38:21 - [TEST_STEP][PASSED] - Statement - PreSaveFile = new java.io.File(((pathPrefix + java.lang.Integer.toString(counter)) + .png)): null

2018-12-14 00:38:21 - [TEST_STEP][PASSED] - Statement - counter = counter + 1: null

2018-12-14 00:38:21 - [TEST_STEP][PASSED] - Statement - PreSaveFile = new java.io.File(((pathPrefix + java.lang.Integer.toString(counter)) + .png)): null

2018-12-14 00:38:21 - [TEST_STEP][PASSED] - Statement - counter = counter + 1: null

2018-12-14 00:38:21 - [TEST_STEP][PASSED] - Statement - PreSaveFile = new java.io.File(((pathPrefix + java.lang.Integer.toString(counter)) + .png)): null

2018-12-14 00:38:21 - [TEST_STEP][PASSED] - Statement - counter = counter + 1: null

2018-12-14 00:38:21 - [TEST_STEP][PASSED] - Statement - PreSaveFile = new java.io.File(((pathPrefix + java.lang.Integer.toString(counter)) + .png)): null

2018-12-14 00:38:21 - [TEST_STEP][PASSED] - Statement - counter = counter + 1: null

2018-12-14 00:38:21 - [TEST_STEP][PASSED] - Statement - PreSaveFile = new java.io.File(((pathPrefix + java.lang.Integer.toString(counter)) + .png)): null

2018-12-14 00:38:21 - [TEST_STEP][PASSED] - Statement - counter = counter + 1: null

2018-12-14 00:38:21 - [TEST_STEP][PASSED] - Statement - PreSaveFile = new java.io.File(((pathPrefix + java.lang.Integer.toString(counter)) + .png)): null

2018-12-14 00:38:21 - [TEST_STEP][PASSED] - Statement - counter = counter + 1: null

2018-12-14 00:38:21 - [TEST_STEP][PASSED] - Statement - PreSaveFile = new java.io.File(((pathPrefix + java.lang.Integer.toString(counter)) + .png)): null

2018-12-14 00:38:21 - [TEST_STEP][PASSED] - Statement - counter = counter + 1: null

2018-12-14 00:38:21 - [TEST_STEP][PASSED] - Statement - PreSaveFile = new java.io.File(((pathPrefix + java.lang.Integer.toString(counter)) + .png)): null

2018-12-14 00:38:21 - [TEST_STEP][PASSED] - Statement - counter = counter + 1: null

2018-12-14 00:38:21 - [TEST_STEP][PASSED] - Statement - PreSaveFile = new java.io.File(((pathPrefix + java.lang.Integer.toString(counter)) + .png)): null

2018-12-14 00:38:21 - [TEST_STEP][PASSED] - Statement - counter = counter + 1: null

2018-12-14 00:38:21 - [TEST_STEP][PASSED] - Statement - PreSaveFile = new java.io.File(((pathPrefix + java.lang.Integer.toString(counter)) + .png)): null

2018-12-14 00:38:21 - [TEST_STEP][PASSED] - Statement - counter = counter + 1: null

2018-12-14 00:38:21 - [TEST_STEP][PASSED] - Statement - PreSaveFile = new java.io.File(((pathPrefix + java.lang.Integer.toString(counter)) + .png)): null

2018-12-14 00:38:21 - [TEST_STEP][PASSED] - Statement - counter = counter + 1: null

2018-12-14 00:38:21 - [TEST_STEP][PASSED] - Statement - PreSaveFile = new java.io.File(((pathPrefix + java.lang.Integer.toString(counter)) + .png)): null

2018-12-14 00:38:21 - [TEST_STEP][PASSED] - Statement - counter = counter + 1: null

2018-12-14 00:38:21 - [TEST_STEP][PASSED] - Statement - PreSaveFile = new java.io.File(((pathPrefix + java.lang.Integer.toString(counter)) + .png)): null

2018-12-14 00:38:21 - [TEST_STEP][PASSED] - Statement - counter = counter + 1: null

2018-12-14 00:38:21 - [TEST_STEP][PASSED] - Statement - PreSaveFile = new java.io.File(((pathPrefix + java.lang.Integer.toString(counter)) + .png)): null

2018-12-14 00:38:21 - [TEST_STEP][PASSED] - Statement - counter = counter + 1: null

2018-12-14 00:38:21 - [TEST_STEP][PASSED] - Statement - PreSaveFile = new java.io.File(((pathPrefix + java.lang.Integer.toString(counter)) + .png)): null

2018-12-14 00:38:21 - [TEST_STEP][PASSED] - Statement - counter = counter + 1: null

2018-12-14 00:38:21 - [TEST_STEP][PASSED] - Statement - PreSaveFile = new java.io.File(((pathPrefix + java.lang.Integer.toString(counter)) + .png)): null

2018-12-14 00:38:21 - [TEST_STEP][PASSED] - Statement - counter = counter + 1: null

2018-12-14 00:38:21 - [TEST_STEP][PASSED] - Statement - PreSaveFile = new java.io.File(((pathPrefix + java.lang.Integer.toString(counter)) + .png)): null

2018-12-14 00:38:21 - [TEST_STEP][PASSED] - Statement - counter = counter + 1: null

2018-12-14 00:38:21 - [TEST_STEP][PASSED] - Statement - PreSaveFile = new java.io.File(((pathPrefix + java.lang.Integer.toString(counter)) + .png)): null

2018-12-14 00:38:21 - [TEST_STEP][PASSED] - Statement - counter = counter + 1: null

2018-12-14 00:38:21 - [TEST_STEP][PASSED] - Statement - PreSaveFile = new java.io.File(((pathPrefix + java.lang.Integer.toString(counter)) + .png)): null

2018-12-14 00:38:21 - [TEST_STEP][PASSED] - Statement - counter = counter + 1: null

2018-12-14 00:38:21 - [TEST_STEP][PASSED] - Statement - PreSaveFile = new java.io.File(((pathPrefix + java.lang.Integer.toString(counter)) + .png)): null

2018-12-14 00:38:21 - [TEST_STEP][PASSED] - Statement - counter = counter + 1: null

2018-12-14 00:38:21 - [TEST_STEP][PASSED] - Statement - PreSaveFile = new java.io.File(((pathPrefix + java.lang.Integer.toString(counter)) + .png)): null

2018-12-14 00:38:21 - [TEST_STEP][PASSED] - Statement - counter = counter + 1: null

2018-12-14 00:38:21 - [TEST_STEP][PASSED] - Statement - PreSaveFile = new java.io.File(((pathPrefix + java.lang.Integer.toString(counter)) + .png)): null

2018-12-14 00:38:21 - [TEST_STEP][PASSED] - Statement - counter = counter + 1: null

2018-12-14 00:38:21 - [TEST_STEP][PASSED] - Statement - PreSaveFile = new java.io.File(((pathPrefix + java.lang.Integer.toString(counter)) + .png)): null

2018-12-14 00:38:21 - [TEST_STEP][PASSED] - Statement - counter = counter + 1: null

2018-12-14 00:38:21 - [TEST_STEP][PASSED] - Statement - PreSaveFile = new java.io.File(((pathPrefix + java.lang.Integer.toString(counter)) + .png)): null

2018-12-14 00:38:21 - [TEST_STEP][PASSED] - Statement - counter = counter + 1: null

2018-12-14 00:38:21 - [TEST_STEP][PASSED] - Statement - PreSaveFile = new java.io.File(((pathPrefix + java.lang.Integer.toString(counter)) + .png)): null

2018-12-14 00:38:21 - [TEST_STEP][PASSED] - Statement - counter = counter + 1: null

2018-12-14 00:38:21 - [TEST_STEP][PASSED] - Statement - PreSaveFile = new java.io.File(((pathPrefix + java.lang.Integer.toString(counter)) + .png)): null

2018-12-14 00:38:21 - [TEST_STEP][PASSED] - Statement - counter = counter + 1: null

2018-12-14 00:38:21 - [TEST_STEP][PASSED] - Statement - PreSaveFile = new java.io.File(((pathPrefix + java.lang.Integer.toString(counter)) + .png)): null

2018-12-14 00:38:21 - [TEST_STEP][PASSED] - Statement - counter = counter + 1: null

2018-12-14 00:38:21 - [TEST_STEP][PASSED] - Statement - PreSaveFile = new java.io.File(((pathPrefix + java.lang.Integer.toString(counter)) + .png)): null

2018-12-14 00:38:21 - [TEST_STEP][PASSED] - Statement - counter = counter + 1: null

2018-12-14 00:38:21 - [TEST_STEP][PASSED] - Statement - PreSaveFile = new java.io.File(((pathPrefix + java.lang.Integer.toString(counter)) + .png)): null

2018-12-14 00:38:21 - [TEST_STEP][PASSED] - Statement - counter = counter + 1: null

2018-12-14 00:38:21 - [TEST_STEP][PASSED] - Statement - PreSaveFile = new java.io.File(((pathPrefix + java.lang.Integer.toString(counter)) + .png)): null

2018-12-14 00:38:21 - [TEST_STEP][PASSED] - Statement - counter = counter + 1: null

2018-12-14 00:38:21 - [TEST_STEP][PASSED] - Statement - PreSaveFile = new java.io.File(((pathPrefix + java.lang.Integer.toString(counter)) + .png)): null

2018-12-14 00:38:21 - [TEST_STEP][PASSED] - Statement - counter = counter + 1: null

2018-12-14 00:38:21 - [TEST_STEP][PASSED] - Statement - PreSaveFile = new java.io.File(((pathPrefix + java.lang.Integer.toString(counter)) + .png)): null

2018-12-14 00:38:21 - [TEST_STEP][PASSED] - Statement - counter = counter + 1: null

2018-12-14 00:38:21 - [TEST_STEP][PASSED] - Statement - PreSaveFile = new java.io.File(((pathPrefix + java.lang.Integer.toString(counter)) + .png)): null

2018-12-14 00:38:21 - [TEST_STEP][PASSED] - Statement - counter = counter + 1: null

2018-12-14 00:38:22 - [TEST_STEP][PASSED] - Statement - PreSaveFile = new java.io.File(((pathPrefix + java.lang.Integer.toString(counter)) + .png)): null

2018-12-14 00:38:22 - [TEST_STEP][PASSED] - Statement - counter = counter + 1: null

2018-12-14 00:38:22 - [TEST_STEP][PASSED] - Statement - PreSaveFile = new java.io.File(((pathPrefix + java.lang.Integer.toString(counter)) + .png)): null

2018-12-14 00:38:22 - [TEST_STEP][PASSED] - Statement - counter = counter + 1: null

2018-12-14 00:38:22 - [TEST_STEP][PASSED] - Statement - PreSaveFile = new java.io.File(((pathPrefix + java.lang.Integer.toString(counter)) + .png)): null

2018-12-14 00:38:22 - [TEST_STEP][PASSED] - Statement - counter = counter + 1: null

2018-12-14 00:38:22 - [TEST_STEP][PASSED] - Statement - PreSaveFile = new java.io.File(((pathPrefix + java.lang.Integer.toString(counter)) + .png)): null

2018-12-14 00:38:22 - [TEST_STEP][PASSED] - Statement - counter = counter + 1: null

2018-12-14 00:38:22 - [TEST_STEP][PASSED] - Statement - PreSaveFile = new java.io.File(((pathPrefix + java.lang.Integer.toString(counter)) + .png)): null

2018-12-14 00:38:22 - [TEST_STEP][PASSED] - Statement - counter = counter + 1: null

2018-12-14 00:38:22 - [TEST_STEP][PASSED] - Statement - PreSaveFile = new java.io.File(((pathPrefix + java.lang.Integer.toString(counter)) + .png)): null

2018-12-14 00:38:22 - [TEST_STEP][PASSED] - Statement - counter = counter + 1: null

2018-12-14 00:38:22 - [TEST_STEP][PASSED] - Statement - PreSaveFile = new java.io.File(((pathPrefix + java.lang.Integer.toString(counter)) + .png)): null

2018-12-14 00:38:22 - [TEST_STEP][PASSED] - Statement - counter = counter + 1: null

2018-12-14 00:38:22 - [TEST_STEP][PASSED] - Statement - PreSaveFile = new java.io.File(((pathPrefix + java.lang.Integer.toString(counter)) + .png)): null

2018-12-14 00:38:22 - [TEST_STEP][PASSED] - Statement - counter = counter + 1: null

2018-12-14 00:38:22 - [TEST_STEP][PASSED] - Statement - PreSaveFile = new java.io.File(((pathPrefix + java.lang.Integer.toString(counter)) + .png)): null

2018-12-14 00:38:22 - [TEST_STEP][PASSED] - Statement - counter = counter + 1: null

2018-12-14 00:38:22 - [TEST_STEP][PASSED] - Statement - PreSaveFile = new java.io.File(((pathPrefix + java.lang.Integer.toString(counter)) + .png)): null

2018-12-14 00:38:22 - [TEST_STEP][PASSED] - Statement - counter = counter + 1: null

2018-12-14 00:38:22 - [TEST_STEP][PASSED] - Statement - PreSaveFile = new java.io.File(((pathPrefix + java.lang.Integer.toString(counter)) + .png)): null

2018-12-14 00:38:22 - [TEST_STEP][PASSED] - Statement - counter = counter + 1: null

2018-12-14 00:38:22 - [TEST_STEP][PASSED] - Statement - PreSaveFile = new java.io.File(((pathPrefix + java.lang.Integer.toString(counter)) + .png)): null

2018-12-14 00:38:22 - [TEST_STEP][PASSED] - Statement - counter = counter + 1: null

2018-12-14 00:38:22 - [TEST_STEP][PASSED] - Statement - PreSaveFile = new java.io.File(((pathPrefix + java.lang.Integer.toString(counter)) + .png)): null

2018-12-14 00:38:22 - [TEST_STEP][PASSED] - Statement - counter = counter + 1: null

2018-12-14 00:38:22 - [TEST_STEP][PASSED] - Statement - PreSaveFile = new java.io.File(((pathPrefix + java.lang.Integer.toString(counter)) + .png)): null

2018-12-14 00:38:22 - [TEST_STEP][PASSED] - Statement - counter = counter + 1: null

2018-12-14 00:38:22 - [TEST_STEP][PASSED] - Statement - PreSaveFile = new java.io.File(((pathPrefix + java.lang.Integer.toString(counter)) + .png)): null

2018-12-14 00:38:22 - [TEST_STEP][PASSED] - Statement - counter = counter + 1: null

2018-12-14 00:38:22 - [TEST_STEP][PASSED] - Statement - PreSaveFile = new java.io.File(((pathPrefix + java.lang.Integer.toString(counter)) + .png)): null

2018-12-14 00:38:22 - [TEST_STEP][PASSED] - Statement - counter = counter + 1: null

2018-12-14 00:38:22 - [TEST_STEP][PASSED] - Statement - PreSaveFile = new java.io.File(((pathPrefix + java.lang.Integer.toString(counter)) + .png)): null

2018-12-14 00:38:22 - [TEST_STEP][PASSED] - Statement - counter = counter + 1: null

2018-12-14 00:38:22 - [TEST_STEP][PASSED] - Statement - PreSaveFile = new java.io.File(((pathPrefix + java.lang.Integer.toString(counter)) + .png)): null

2018-12-14 00:38:22 - [TEST_STEP][PASSED] - Statement - counter = counter + 1: null

2018-12-14 00:38:22 - [TEST_STEP][PASSED] - Statement - PreSaveFile = new java.io.File(((pathPrefix + java.lang.Integer.toString(counter)) + .png)): null

2018-12-14 00:38:22 - [TEST_STEP][PASSED] - Statement - counter = counter + 1: null

2018-12-14 00:38:22 - [TEST_STEP][PASSED] - Statement - PreSaveFile = new java.io.File(((pathPrefix + java.lang.Integer.toString(counter)) + .png)): null

2018-12-14 00:38:22 - [TEST_STEP][PASSED] - Statement - counter = counter + 1: null

2018-12-14 00:38:22 - [TEST_STEP][PASSED] - Statement - PreSaveFile = new java.io.File(((pathPrefix + java.lang.Integer.toString(counter)) + .png)): null

2018-12-14 00:38:22 - [TEST_STEP][PASSED] - Statement - counter = counter + 1: null

2018-12-14 00:38:22 - [TEST_STEP][PASSED] - Statement - PreSaveFile = new java.io.File(((pathPrefix + java.lang.Integer.toString(counter)) + .png)): null

2018-12-14 00:38:22 - [TEST_STEP][PASSED] - Statement - counter = counter + 1: null

2018-12-14 00:38:22 - [TEST_STEP][PASSED] - Statement - PreSaveFile = new java.io.File(((pathPrefix + java.lang.Integer.toString(counter)) + .png)): null

2018-12-14 00:38:22 - [TEST_STEP][PASSED] - Statement - counter = counter + 1: null

2018-12-14 00:38:22 - [TEST_STEP][PASSED] - Statement - PreSaveFile = new java.io.File(((pathPrefix + java.lang.Integer.toString(counter)) + .png)): null

2018-12-14 00:38:22 - [TEST_STEP][PASSED] - Statement - counter = counter + 1: null

2018-12-14 00:38:22 - [TEST_STEP][PASSED] - Statement - PreSaveFile = new java.io.File(((pathPrefix + java.lang.Integer.toString(counter)) + .png)): null

2018-12-14 00:38:22 - [TEST_STEP][PASSED] - Statement - finalPath = pathPrefix + java.lang.Integer.toString(counter) + ".png": null

2018-12-14 00:38:22 - [TEST_STEP][PASSED] - Statement - SaveFile = new java.io.File(finalPath): null

2018-12-14 00:38:22 - [TEST_STEP][PASSED] - Statement - Try: null

2018-12-14 00:38:22 - [TEST_STEP][PASSED] - Statement - org.apache.commons.io.FileUtils.copyFile(scrFile, SaveFile): null

2018-12-14 00:38:22 - [TEST_STEP][PASSED] - Statement - out.println("file kept"): null

2018-12-14 00:38:22 - [TEST_STEP][PASSED] - delay: Delayed 10 second(s)

2018-12-14 00:38:32 - [MESSAGE][PASSED] - Delayed 10 second(s)

2018-12-14 00:38:32 - [MESSAGE][PASSED] - Call Test Case 'Test Cases/Final Aug 2018 - PKS Automation/Registration Module/New Registration/Submit and Screenshot/Submit Registration and Screenshot' successfully

2018-12-14 00:38:32 - [TEST_STEP][PASSED] - callTestCase: Call Test Case 'Test Cases/Final Aug 2018 - PKS Automation/Registration Module/Log Out/log out avoiding katalon tagging' successfully

2018-12-14 00:38:32 - [TEST_CASE][PASSED] - Test Cases/Final Aug 2018 - PKS Automation/Registration Module/Log Out/log out avoiding katalon tagging: Test Cases/Final Aug 2018 - PKS Automation/Registration Module/Log Out/log out avoiding katalon tagging

2018-12-14 00:38:32 - [TEST_STEP][PASSED] - navigateToUrl: Navigate to 'https://assist2-uat.perkeso.gov.my/c/portal/logout' successfully

2018-12-14 00:38:33 - [MESSAGE][PASSED] - Navigate to 'https://assist2-uat.perkeso.gov.my/c/portal/logout' successfully

2018-12-14 00:38:33 - [MESSAGE][PASSED] - Call Test Case 'Test Cases/Final Aug 2018 - PKS Automation/Registration Module/Log Out/log out avoiding katalon tagging' successfully

2018-12-14 00:38:33 - [TEST_STEP][PASSED] - callTestCase: Call Test Case 'Test Cases/Final Aug 2018 - PKS Automation/Common/Workflow Owner Finder' successfully

2018-12-14 00:38:33 - [TEST_CASE][PASSED] - Test Cases/Final Aug 2018 - PKS Automation/Common/Workflow Owner Finder: Test Cases/Final Aug 2018 - PKS Automation/Common/Workflow Owner Finder

2018-12-14 00:38:33 - [TEST_STEP][PASSED] - openBrowser: Browser is opened with url: ''

2018-12-14 00:38:33 - [MESSAGE][WARNING] - A browser is already opened. Closing browser and opening a new one

2018-12-14 00:38:37 - [MESSAGE][PASSED] - Browser is opened with url: ''

2018-12-14 00:38:37 - [TEST_STEP][PASSED] - navigateToUrl: Navigate to 'https://assist2-uat.perkeso.gov.my/login' successfully

2018-12-14 00:38:38 - [MESSAGE][PASSED] - Navigate to 'https://assist2-uat.perkeso.gov.my/login' successfully

2018-12-14 00:38:38 - [TEST_STEP][PASSED] - delay: Delayed 5 second(s)

2018-12-14 00:38:43 - [MESSAGE][PASSED] - Delayed 5 second(s)

2018-12-14 00:38:43 - [TEST_STEP][PASSED] - setText: Text 'test@liferay.com' is set on object 'Object Repository/Final Object Repo/Login Page/Internal User/Email Address'

2018-12-14 00:38:43 - [MESSAGE][PASSED] - Text 'test@liferay.com' is set on object 'Object Repository/Final Object Repo/Login Page/Internal User/Email Address'

2018-12-14 00:38:43 - [TEST_STEP][PASSED] - click: Object: 'Object Repository/Final Object Repo/Login Page/Internal User/Next Button' is clicked on

2018-12-14 00:38:43 - [MESSAGE][PASSED] - Object: 'Object Repository/Final Object Repo/Login Page/Internal User/Next Button' is clicked on

2018-12-14 00:38:43 - [TEST_STEP][PASSED] - delay: Delayed 2 second(s)

2018-12-14 00:38:45 - [MESSAGE][PASSED] - Delayed 2 second(s)

2018-12-14 00:38:45 - [TEST_STEP][PASSED] - setText: Text 'test' is set on object 'Object Repository/Final Object Repo/Login Page/Internal User/Password'

2018-12-14 00:38:46 - [MESSAGE][PASSED] - Text 'test' is set on object 'Object Repository/Final Object Repo/Login Page/Internal User/Password'

2018-12-14 00:38:46 - [TEST_STEP][PASSED] - delay: Delayed 2 second(s)

2018-12-14 00:38:48 - [MESSAGE][PASSED] - Delayed 2 second(s)

2018-12-14 00:38:48 - [TEST_STEP][PASSED] - click: Object: 'Object Repository/Final Object Repo/Login Page/Internal User/Login Button' is clicked on

2018-12-14 00:38:48 - [MESSAGE][PASSED] - Object: 'Object Repository/Final Object Repo/Login Page/Internal User/Login Button' is clicked on

2018-12-14 00:38:48 - [TEST_STEP][PASSED] - Statement - tester = com.kms.katalon.core.testobject.ObjectRepository.findTestObject(Final Object Repo/Landing Page/Select to English): Finding Test Object with id 'Object Repository/Final Object Repo/Landing Page/Select to English'

2018-12-14 00:38:48 - [TEST_STEP][PASSED] - Statement - Try: Delayed 2 second(s)

2018-12-14 00:38:48 - [TEST_STEP][PASSED] - Statement - Checker = com.kms.katalon.core.webui.keyword.WebUiBuiltInKeywords.verifyElementNotPresent(tester, 3): Web element with id: 'Object Repository/Final Object Repo/Landing Page/Select to English' located by 'By.xpath: //a[@class = 'taglib-language-list-text' and @lang = 'en-US' and (contains(text(), 'EN') or contains(., 'EN'))]' is not present after '3' second(s)

2018-12-14 00:38:49 - [MESSAGE][PASSED] - Web element with id: 'Object Repository/Final Object Repo/Landing Page/Select to English' located by 'By.xpath: //a[@class = 'taglib-language-list-text' and @lang = 'en-US' and (contains(text(), 'EN') or contains(., 'EN'))]' is not present after '3' second(s)

2018-12-14 00:38:49 - [TEST_STEP][PASSED] - Statement - If (Checker == false): null

2018-12-14 00:38:49 - [TEST_STEP][PASSED] - delay: Delayed 2 second(s)

2018-12-14 00:38:51 - [MESSAGE][PASSED] - Delayed 2 second(s)

2018-12-14 00:38:51 - [TEST_STEP][PASSED] - delay: Delayed 5 second(s)

2018-12-14 00:38:56 - [MESSAGE][PASSED] - Delayed 5 second(s)

2018-12-14 00:38:56 - [TEST_STEP][PASSED] - mouseOver: Object: 'Object Repository/Final Object Repo/Landing Page/WorkFlow Menu' is hovered

2018-12-14 00:38:57 - [MESSAGE][PASSED] - Object: 'Object Repository/Final Object Repo/Landing Page/WorkFlow Menu' is hovered

2018-12-14 00:38:57 - [TEST_STEP][PASSED] - delay: Delayed 2 second(s)

2018-12-14 00:38:59 - [MESSAGE][PASSED] - Delayed 2 second(s)

2018-12-14 00:38:59 - [TEST_STEP][PASSED] - click: Object: 'Object Repository/Final Object Repo/Landing Page/Select to Workflow Listing' is clicked on

2018-12-14 00:39:00 - [MESSAGE][PASSED] - Object: 'Object Repository/Final Object Repo/Landing Page/Select to Workflow Listing' is clicked on

2018-12-14 00:39:00 - [TEST_STEP][PASSED] - delay: Delayed 2 second(s)

2018-12-14 00:39:02 - [MESSAGE][PASSED] - Delayed 2 second(s)

2018-12-14 00:39:02 - [TEST_STEP][PASSED] - click: Object: 'Object Repository/Final Object Repo/WorkFlow Listing Page/Search Information - To Put Ref No' is clicked on

2018-12-14 00:39:02 - [MESSAGE][PASSED] - Object: 'Object Repository/Final Object Repo/WorkFlow Listing Page/Search Information - To Put Ref No' is clicked on

2018-12-14 00:39:02 - [TEST_STEP][PASSED] - delay: Delayed 2 second(s)

2018-12-14 00:39:04 - [MESSAGE][PASSED] - Delayed 2 second(s)

2018-12-14 00:39:04 - [TEST_STEP][PASSED] - callTestCase: Call Test Case 'Test Cases/Final Aug 2018 - PKS Automation/Common/Reference Number Getter' successfully

2018-12-14 00:39:04 - [TEST_CASE][PASSED] - Test Cases/Final Aug 2018 - PKS Automation/Common/Reference Number Getter: Test Cases/Final Aug 2018 - PKS Automation/Common/Reference Number Getter

2018-12-14 00:39:04 - [TEST_STEP][PASSED] - Statement - Try: null

2018-12-14 00:39:04 - [TEST_STEP][PASSED] - Statement - RefNo = new java.io.File(C://Users//Admin//Desktop//PKS//Automation Reference Point//KatalonReference.txt): null

2018-12-14 00:39:04 - [TEST_STEP][PASSED] - Statement - bufferread = new java.io.BufferedReader(new java.io.FileReader(RefNo)): null

2018-12-14 00:39:04 - [TEST_STEP][PASSED] - Statement - readedVal = bufferread.readLine(): null

2018-12-14 00:39:04 - [TEST_STEP][PASSED] - Statement - out.println(CaseReferenceNo): null

2018-12-14 00:39:04 - [TEST_STEP][PASSED] - Statement - out.println(readedVal): null

2018-12-14 00:39:04 - [TEST_STEP][PASSED] - Statement - CaseReferenceNo = "": null

2018-12-14 00:39:04 - [TEST_STEP][PASSED] - Statement - CaseReferenceNo = readedVal: null

2018-12-14 00:39:04 - [MESSAGE][PASSED] - Call Test Case 'Test Cases/Final Aug 2018 - PKS Automation/Common/Reference Number Getter' successfully

2018-12-14 00:39:04 - [TEST_STEP][PASSED] - setText: Text 'CRN12201800123323' is set on object 'Object Repository/Final Object Repo/WorkFlow Listing Page/Ref No Set Text'

2018-12-14 00:39:04 - [MESSAGE][PASSED] - Text 'CRN12201800123323' is set on object 'Object Repository/Final Object Repo/WorkFlow Listing Page/Ref No Set Text'

2018-12-14 00:39:04 - [TEST_STEP][PASSED] - delay: Delayed 2 second(s)

2018-12-14 00:39:06 - [MESSAGE][PASSED] - Delayed 2 second(s)

2018-12-14 00:39:06 - [TEST_STEP][PASSED] - click: Object: 'Object Repository/Final Object Repo/WorkFlow Listing Page/Search Ref No Search Button' is clicked on

2018-12-14 00:39:06 - [MESSAGE][PASSED] - Object: 'Object Repository/Final Object Repo/WorkFlow Listing Page/Search Ref No Search Button' is clicked on

2018-12-14 00:39:06 - [TEST_STEP][PASSED] - delay: Delayed 6 second(s)

2018-12-14 00:39:12 - [MESSAGE][PASSED] - Delayed 6 second(s)

2018-12-14 00:39:12 - [TEST_STEP][PASSED] - click: Object: 'Object Repository/Final Object Repo/WorkFlow Listing Page/Click Continue Tooltip' is clicked on

2018-12-14 00:39:13 - [MESSAGE][PASSED] - Object: 'Object Repository/Final Object Repo/WorkFlow Listing Page/Click Continue Tooltip' is clicked on

2018-12-14 00:39:13 - [TEST_STEP][PASSED] - delay: Delayed 5 second(s)

2018-12-14 00:39:18 - [MESSAGE][PASSED] - Delayed 5 second(s)

2018-12-14 00:39:18 - [TEST_STEP][PASSED] - doubleClick: Object: 'Object Repository/Final Object Repo/WorkFlow Listing Page/Workflow Found - Listing 1' is double clicked on

2018-12-14 00:39:19 - [MESSAGE][PASSED] - Object: 'Object Repository/Final Object Repo/WorkFlow Listing Page/Workflow Found - Listing 1' is double clicked on

2018-12-14 00:39:19 - [TEST_STEP][PASSED] - Statement - println(OwnerID): null

2018-12-14 00:39:19 - [TEST_STEP][PASSED] - Statement - OwnerID = com.kms.katalon.core.webui.keyword.WebUiBuiltInKeywords.getText(com.kms.katalon.core.testobject.ObjectRepository.findTestObject(Final Object Repo/WorkFlow Listing Page/Workflow Found - Listing 1), STOP_ON_FAILURE): Text of object 'Object Repository/Final Object Repo/WorkFlow Listing Page/Workflow Found - Listing 1' is: 'KLpkrbo3'

2018-12-14 00:39:19 - [MESSAGE][PASSED] - Text of object 'Object Repository/Final Object Repo/WorkFlow Listing Page/Workflow Found - Listing 1' is: 'KLpkrbo3'

2018-12-14 00:39:19 - [TEST_STEP][PASSED] - Statement - OwnerID = OwnerID.toLowerCase() + "@gmail.com": null

2018-12-14 00:39:19 - [TEST_STEP][PASSED] - Statement - println(OwnerID): null

2018-12-14 00:39:19 - [TEST_STEP][PASSED] - delay: Delayed 2 second(s)

2018-12-14 00:39:21 - [MESSAGE][PASSED] - Delayed 2 second(s)

2018-12-14 00:39:21 - [MESSAGE][PASSED] - Call Test Case 'Test Cases/Final Aug 2018 - PKS Automation/Common/Workflow Owner Finder' successfully

2018-12-14 00:39:21 - [TEST_STEP][PASSED] - callTestCase: Call Test Case 'Test Cases/Final Aug 2018 - PKS Automation/Registration Module/Log Out/log out avoiding katalon tagging' successfully

2018-12-14 00:39:21 - [TEST_CASE][PASSED] - Test Cases/Final Aug 2018 - PKS Automation/Registration Module/Log Out/log out avoiding katalon tagging: Test Cases/Final Aug 2018 - PKS Automation/Registration Module/Log Out/log out avoiding katalon tagging

2018-12-14 00:39:21 - [TEST_STEP][PASSED] - navigateToUrl: Navigate to 'https://assist2-uat.perkeso.gov.my/c/portal/logout' successfully

2018-12-14 00:39:22 - [MESSAGE][PASSED] - Navigate to 'https://assist2-uat.perkeso.gov.my/c/portal/logout' successfully

2018-12-14 00:39:22 - [MESSAGE][PASSED] - Call Test Case 'Test Cases/Final Aug 2018 - PKS Automation/Registration Module/Log Out/log out avoiding katalon tagging' successfully

2018-12-14 00:39:22 - [TEST_STEP][PASSED] - delay: Delayed 2 second(s)

2018-12-14 00:39:24 - [MESSAGE][PASSED] - Delayed 2 second(s)

2018-12-14 00:39:24 - [TEST_STEP][PASSED] - setText: Text 'klpkrbo3@gmail.com' is set on object 'Object Repository/Final Object Repo/New Registration - Registration Module Pages/New Reg - OTC to RO/Special Case - All Related Objects/Email TextBox'

2018-12-14 00:39:24 - [MESSAGE][PASSED] - Text 'klpkrbo3@gmail.com' is set on object 'Object Repository/Final Object Repo/New Registration - Registration Module Pages/New Reg - OTC to RO/Special Case - All Related Objects/Email TextBox'

2018-12-14 00:39:24 - [TEST_STEP][PASSED] - click: Object: 'Object Repository/Final Object Repo/New Registration - Registration Module Pages/New Reg - OTC to RO/Special Case - All Related Objects/Next Button' is clicked on

2018-12-14 00:39:24 - [MESSAGE][PASSED] - Object: 'Object Repository/Final Object Repo/New Registration - Registration Module Pages/New Reg - OTC to RO/Special Case - All Related Objects/Next Button' is clicked on

2018-12-14 00:39:24 - [TEST_STEP][PASSED] - delay: Delayed 2 second(s)

2018-12-14 00:39:26 - [MESSAGE][PASSED] - Delayed 2 second(s)

2018-12-14 00:39:26 - [TEST_STEP][PASSED] - setText: Text 'Test1@3456789' is set on object 'Object Repository/Final Object Repo/New Registration - Registration Module Pages/New Reg - OTC to RO/Special Case - All Related Objects/Password TextBox'

2018-12-14 00:39:26 - [MESSAGE][PASSED] - Text 'Test1@3456789' is set on object 'Object Repository/Final Object Repo/New Registration - Registration Module Pages/New Reg - OTC to RO/Special Case - All Related Objects/Password TextBox'

2018-12-14 00:39:26 - [TEST_STEP][PASSED] - delay: Delayed 2 second(s)

2018-12-14 00:39:28 - [MESSAGE][PASSED] - Delayed 2 second(s)

2018-12-14 00:39:28 - [TEST_STEP][PASSED] - click: Object: 'Object Repository/Final Object Repo/New Registration - Registration Module Pages/New Reg - OTC to RO/Special Case - All Related Objects/Login Button' is clicked on

2018-12-14 00:39:29 - [MESSAGE][PASSED] - Object: 'Object Repository/Final Object Repo/New Registration - Registration Module Pages/New Reg - OTC to RO/Special Case - All Related Objects/Login Button' is clicked on

2018-12-14 00:39:29 - [TEST_STEP][PASSED] - delay: Delayed 2 second(s)

2018-12-14 00:39:31 - [MESSAGE][PASSED] - Delayed 2 second(s)

2018-12-14 00:39:31 - [TEST_STEP][PASSED] - Statement - Try: null

2018-12-14 00:39:31 - [TEST_STEP][PASSED] - Statement - Checker = com.kms.katalon.core.webui.keyword.WebUiBuiltInKeywords.verifyElementNotPresent("Final Object Repo/Landing Page/Select to English", 3): null

2018-12-14 00:39:31 - [TEST_STEP][PASSED] - Statement - Catch (Exception e): null

2018-12-14 00:39:31 - [TEST_STEP][PASSED] - Statement - e.printStackTrace(): null

2018-12-14 00:39:31 - [TEST_STEP][PASSED] - click: Object: 'Object Repository/Final Object Repo/New Registration - Registration Module Pages/New Reg - OTC to RO/Special Case - All Related Objects/Expand to Search' is clicked on

2018-12-14 00:39:31 - [MESSAGE][PASSED] - Object: 'Object Repository/Final Object Repo/New Registration - Registration Module Pages/New Reg - OTC to RO/Special Case - All Related Objects/Expand to Search' is clicked on

2018-12-14 00:39:31 - [TEST_STEP][PASSED] - delay: Delayed 2 second(s)

2018-12-14 00:39:33 - [MESSAGE][PASSED] - Delayed 2 second(s)

2018-12-14 00:39:33 - [TEST_STEP][PASSED] - setText: Text 'CRN12201800123323' is set on object 'Object Repository/Final Object Repo/New Registration - Registration Module Pages/New Reg - OTC to RO/Special Case - All Related Objects/TextBox RefNo in Workbasket'

2018-12-14 00:39:33 - [MESSAGE][PASSED] - Text 'CRN12201800123323' is set on object 'Object Repository/Final Object Repo/New Registration - Registration Module Pages/New Reg - OTC to RO/Special Case - All Related Objects/TextBox RefNo in Workbasket'

2018-12-14 00:39:33 - [TEST_STEP][PASSED] - delay: Delayed 2 second(s)

2018-12-14 00:39:35 - [MESSAGE][PASSED] - Delayed 2 second(s)

2018-12-14 00:39:35 - [TEST_STEP][PASSED] - click: Object: 'Object Repository/Final Object Repo/New Registration - Registration Module Pages/New Reg - OTC to RO/Special Case - All Related Objects/Click Search' is clicked on

2018-12-14 00:39:35 - [MESSAGE][PASSED] - Object: 'Object Repository/Final Object Repo/New Registration - Registration Module Pages/New Reg - OTC to RO/Special Case - All Related Objects/Click Search' is clicked on

2018-12-14 00:39:35 - [TEST_STEP][PASSED] - delay: Delayed 2 second(s)

2018-12-14 00:39:37 - [MESSAGE][PASSED] - Delayed 2 second(s)

2018-12-14 00:39:37 - [TEST_STEP][PASSED] - click: Object: 'Object Repository/Final Object Repo/New Registration - Registration Module Pages/New Reg - OTC to RO/Special Case - All Related Objects/Click to Continue Workflow' is clicked on

2018-12-14 00:39:39 - [MESSAGE][PASSED] - Object: 'Object Repository/Final Object Repo/New Registration - Registration Module Pages/New Reg - OTC to RO/Special Case - All Related Objects/Click to Continue Workflow' is clicked on

2018-12-14 00:39:39 - [TEST_STEP][PASSED] - delay: Delayed 2 second(s)

2018-12-14 00:39:41 - [MESSAGE][PASSED] - Delayed 2 second(s)

2018-12-14 00:39:41 - [TEST_STEP][PASSED] - click: Object: 'Object Repository/Final Object Repo/New Registration - Registration Module Pages/New Reg - OTC to RO/Special Case - All Related Objects/Form 1 Save n Continue' is clicked on

2018-12-14 00:39:42 - [MESSAGE][PASSED] - Object: 'Object Repository/Final Object Repo/New Registration - Registration Module Pages/New Reg - OTC to RO/Special Case - All Related Objects/Form 1 Save n Continue' is clicked on

2018-12-14 00:39:42 - [TEST_STEP][PASSED] - delay: Delayed 5 second(s)

2018-12-14 00:39:47 - [MESSAGE][PASSED] - Delayed 5 second(s)

2018-12-14 00:39:47 - [TEST_STEP][PASSED] - click: Object: 'Object Repository/Final Object Repo/New Registration - Registration Module Pages/New Reg - OTC to RO/Special Case - OTC - Form 1/Confirm No Flagging as Branch' is clicked on

2018-12-14 00:39:47 - [MESSAGE][PASSED] - Object: 'Object Repository/Final Object Repo/New Registration - Registration Module Pages/New Reg - OTC to RO/Special Case - OTC - Form 1/Confirm No Flagging as Branch' is clicked on

2018-12-14 00:39:47 - [TEST_STEP][PASSED] - delay: Delayed 2 second(s)

2018-12-14 00:39:49 - [MESSAGE][PASSED] - Delayed 2 second(s)

2018-12-14 00:39:49 - [TEST_STEP][PASSED] - click: Object: 'Object Repository/Final Object Repo/New Registration - Registration Module Pages/New Reg - OTC to RO/Special Case - All Related Objects/Form 2 Save n Continue' is clicked on

2018-12-14 00:39:49 - [MESSAGE][PASSED] - Object: 'Object Repository/Final Object Repo/New Registration - Registration Module Pages/New Reg - OTC to RO/Special Case - All Related Objects/Form 2 Save n Continue' is clicked on

2018-12-14 00:39:49 - [TEST_STEP][PASSED] - delay: Delayed 4 second(s)

2018-12-14 00:39:53 - [MESSAGE][PASSED] - Delayed 4 second(s)

2018-12-14 00:39:53 - [TEST_STEP][PASSED] - click: Object: 'Object Repository/Final Object Repo/New Registration - Registration Module Pages/New Reg - OTC to RO/Special Case - All Related Objects/Third Screen Save n Continue' is clicked on

2018-12-14 00:39:58 - [MESSAGE][PASSED] - Object: 'Object Repository/Final Object Repo/New Registration - Registration Module Pages/New Reg - OTC to RO/Special Case - All Related Objects/Third Screen Save n Continue' is clicked on

2018-12-14 00:39:58 - [TEST_STEP][PASSED] - delay: Delayed 5 second(s)

2018-12-14 00:40:03 - [MESSAGE][PASSED] - Delayed 5 second(s)

2018-12-14 00:40:03 - [TEST_STEP][PASSED] - click: Object: 'Object Repository/Final Object Repo/New Registration - Registration Module Pages/New Reg - OTC to RO/Special Case - All Related Objects/Upload Doc Page Save n Continue' is clicked on

2018-12-14 00:40:03 - [MESSAGE][PASSED] - Object: 'Object Repository/Final Object Repo/New Registration - Registration Module Pages/New Reg - OTC to RO/Special Case - All Related Objects/Upload Doc Page Save n Continue' is clicked on

2018-12-14 00:40:03 - [TEST_STEP][PASSED] - callTestCase: Call Test Case 'Test Cases/Final Aug 2018 - PKS Automation/Registration Module/New Registration/Submit and Screenshot/Submit Registration and Screenshot' successfully

2018-12-14 00:40:04 - [TEST_CASE][PASSED] - Test Cases/Final Aug 2018 - PKS Automation/Registration Module/New Registration/Submit and Screenshot/Submit Registration and Screenshot: Test Cases/Final Aug 2018 - PKS Automation/Registration Module/New Registration/Submit and Screenshot/Submit Registration and Screenshot

2018-12-14 00:40:04 - [TEST_STEP][PASSED] - delay: Delayed 6 second(s)

2018-12-14 00:40:10 - [MESSAGE][PASSED] - Delayed 6 second(s)

2018-12-14 00:40:10 - [TEST_STEP][PASSED] - click: Object: 'Object Repository/Final Object Repo/New Registration - Registration Module Pages/Third Screen - Upload Supporting Doc- Preview/Preview Submit Button' is clicked on

2018-12-14 00:40:10 - [MESSAGE][PASSED] - Object: 'Object Repository/Final Object Repo/New Registration - Registration Module Pages/Third Screen - Upload Supporting Doc- Preview/Preview Submit Button' is clicked on

2018-12-14 00:40:10 - [TEST_STEP][PASSED] - delay: Delayed 2 second(s)

2018-12-14 00:40:12 - [MESSAGE][PASSED] - Delayed 2 second(s)

2018-12-14 00:40:12 - [TEST_STEP][PASSED] - click: Object: 'Object Repository/Final Object Repo/New Registration - Registration Module Pages/Third Screen - Upload Supporting Doc- Preview/Preview Submit - Confirm' is clicked on

2018-12-14 00:40:12 - [MESSAGE][PASSED] - Object: 'Object Repository/Final Object Repo/New Registration - Registration Module Pages/Third Screen - Upload Supporting Doc- Preview/Preview Submit - Confirm' is clicked on

2018-12-14 00:40:12 - [TEST_STEP][PASSED] - delay: Delayed 15 second(s)

2018-12-14 00:40:27 - [MESSAGE][PASSED] - Delayed 15 second(s)

2018-12-14 00:40:27 - [TEST_STEP][PASSED] - Statement - driver = com.kms.katalon.core.webui.driver.DriverFactory.getWebDriver(): null

2018-12-14 00:40:27 - [TEST_STEP][PASSED] - Statement - driver.manage().timeouts().implicitlyWait(10, SECONDS): null

2018-12-14 00:40:27 - [TEST_STEP][PASSED] - Statement - PresavePath = KatalonScreenshots: null

2018-12-14 00:40:27 - [TEST_STEP][PASSED] - Statement - pathPrefix = "C:\Users\Public\Pictures\Sample Pictures\Katalon Screenshots\Automate Ending Screen": null

2018-12-14 00:40:27 - [TEST_STEP][PASSED] - Statement - finalPath = <not implemented yet for class: org.codehaus.groovy.ast.expr.EmptyExpression>: null

2018-12-14 00:40:27 - [TEST_STEP][PASSED] - Statement - scrFile = driver.getScreenshotAs(FILE): null

2018-12-14 00:40:27 - [TEST_STEP][PASSED] - Statement - PreSaveFile = new java.io.File(PresavePath): null

2018-12-14 00:40:27 - [TEST_STEP][PASSED] - Statement - counter = 0: null

2018-12-14 00:40:27 - [TEST_STEP][PASSED] - Statement - If (PreSaveFile.exists()): null

2018-12-14 00:40:27 - [TEST_STEP][PASSED] - Statement - While (PreSaveFile.exists()): null

2018-12-14 00:40:27 - [TEST_STEP][PASSED] - Statement - counter = counter + 1: null

2018-12-14 00:40:27 - [TEST_STEP][PASSED] - Statement - PreSaveFile = new java.io.File(((pathPrefix + java.lang.Integer.toString(counter)) + .png)): null

2018-12-14 00:40:27 - [TEST_STEP][PASSED] - Statement - counter = counter + 1: null

2018-12-14 00:40:27 - [TEST_STEP][PASSED] - Statement - PreSaveFile = new java.io.File(((pathPrefix + java.lang.Integer.toString(counter)) + .png)): null

2018-12-14 00:40:27 - [TEST_STEP][PASSED] - Statement - counter = counter + 1: null

2018-12-14 00:40:27 - [TEST_STEP][PASSED] - Statement - PreSaveFile = new java.io.File(((pathPrefix + java.lang.Integer.toString(counter)) + .png)): null

2018-12-14 00:40:27 - [TEST_STEP][PASSED] - Statement - counter = counter + 1: null

2018-12-14 00:40:27 - [TEST_STEP][PASSED] - Statement - PreSaveFile = new java.io.File(((pathPrefix + java.lang.Integer.toString(counter)) + .png)): null

2018-12-14 00:40:27 - [TEST_STEP][PASSED] - Statement - counter = counter + 1: null

2018-12-14 00:40:27 - [TEST_STEP][PASSED] - Statement - PreSaveFile = new java.io.File(((pathPrefix + java.lang.Integer.toString(counter)) + .png)): null

2018-12-14 00:40:27 - [TEST_STEP][PASSED] - Statement - counter = counter + 1: null

2018-12-14 00:40:27 - [TEST_STEP][PASSED] - Statement - PreSaveFile = new java.io.File(((pathPrefix + java.lang.Integer.toString(counter)) + .png)): null

2018-12-14 00:40:27 - [TEST_STEP][PASSED] - Statement - counter = counter + 1: null

2018-12-14 00:40:27 - [TEST_STEP][PASSED] - Statement - PreSaveFile = new java.io.File(((pathPrefix + java.lang.Integer.toString(counter)) + .png)): null

2018-12-14 00:40:27 - [TEST_STEP][PASSED] - Statement - counter = counter + 1: null

2018-12-14 00:40:27 - [TEST_STEP][PASSED] - Statement - PreSaveFile = new java.io.File(((pathPrefix + java.lang.Integer.toString(counter)) + .png)): null

2018-12-14 00:40:27 - [TEST_STEP][PASSED] - Statement - counter = counter + 1: null

2018-12-14 00:40:27 - [TEST_STEP][PASSED] - Statement - PreSaveFile = new java.io.File(((pathPrefix + java.lang.Integer.toString(counter)) + .png)): null

2018-12-14 00:40:27 - [TEST_STEP][PASSED] - Statement - counter = counter + 1: null

2018-12-14 00:40:27 - [TEST_STEP][PASSED] - Statement - PreSaveFile = new java.io.File(((pathPrefix + java.lang.Integer.toString(counter)) + .png)): null

2018-12-14 00:40:27 - [TEST_STEP][PASSED] - Statement - counter = counter + 1: null

2018-12-14 00:40:27 - [TEST_STEP][PASSED] - Statement - PreSaveFile = new java.io.File(((pathPrefix + java.lang.Integer.toString(counter)) + .png)): null

2018-12-14 00:40:27 - [TEST_STEP][PASSED] - Statement - counter = counter + 1: null

2018-12-14 00:40:27 - [TEST_STEP][PASSED] - Statement - PreSaveFile = new java.io.File(((pathPrefix + java.lang.Integer.toString(counter)) + .png)): null

2018-12-14 00:40:27 - [TEST_STEP][PASSED] - Statement - counter = counter + 1: null

2018-12-14 00:40:27 - [TEST_STEP][PASSED] - Statement - PreSaveFile = new java.io.File(((pathPrefix + java.lang.Integer.toString(counter)) + .png)): null

2018-12-14 00:40:27 - [TEST_STEP][PASSED] - Statement - counter = counter + 1: null

2018-12-14 00:40:27 - [TEST_STEP][PASSED] - Statement - PreSaveFile = new java.io.File(((pathPrefix + java.lang.Integer.toString(counter)) + .png)): null

2018-12-14 00:40:27 - [TEST_STEP][PASSED] - Statement - counter = counter + 1: null

2018-12-14 00:40:27 - [TEST_STEP][PASSED] - Statement - PreSaveFile = new java.io.File(((pathPrefix + java.lang.Integer.toString(counter)) + .png)): null

2018-12-14 00:40:27 - [TEST_STEP][PASSED] - Statement - counter = counter + 1: null

2018-12-14 00:40:27 - [TEST_STEP][PASSED] - Statement - PreSaveFile = new java.io.File(((pathPrefix + java.lang.Integer.toString(counter)) + .png)): null

2018-12-14 00:40:27 - [TEST_STEP][PASSED] - Statement - counter = counter + 1: null

2018-12-14 00:40:27 - [TEST_STEP][PASSED] - Statement - PreSaveFile = new java.io.File(((pathPrefix + java.lang.Integer.toString(counter)) + .png)): null

2018-12-14 00:40:27 - [TEST_STEP][PASSED] - Statement - counter = counter + 1: null

2018-12-14 00:40:27 - [TEST_STEP][PASSED] - Statement - PreSaveFile = new java.io.File(((pathPrefix + java.lang.Integer.toString(counter)) + .png)): null

2018-12-14 00:40:27 - [TEST_STEP][PASSED] - Statement - counter = counter + 1: null

2018-12-14 00:40:27 - [TEST_STEP][PASSED] - Statement - PreSaveFile = new java.io.File(((pathPrefix + java.lang.Integer.toString(counter)) + .png)): null

2018-12-14 00:40:27 - [TEST_STEP][PASSED] - Statement - counter = counter + 1: null

2018-12-14 00:40:27 - [TEST_STEP][PASSED] - Statement - PreSaveFile = new java.io.File(((pathPrefix + java.lang.Integer.toString(counter)) + .png)): null

2018-12-14 00:40:27 - [TEST_STEP][PASSED] - Statement - counter = counter + 1: null

2018-12-14 00:40:27 - [TEST_STEP][PASSED] - Statement - PreSaveFile = new java.io.File(((pathPrefix + java.lang.Integer.toString(counter)) + .png)): null

2018-12-14 00:40:27 - [TEST_STEP][PASSED] - Statement - counter = counter + 1: null

2018-12-14 00:40:27 - [TEST_STEP][PASSED] - Statement - PreSaveFile = new java.io.File(((pathPrefix + java.lang.Integer.toString(counter)) + .png)): null

2018-12-14 00:40:27 - [TEST_STEP][PASSED] - Statement - counter = counter + 1: null

2018-12-14 00:40:27 - [TEST_STEP][PASSED] - Statement - PreSaveFile = new java.io.File(((pathPrefix + java.lang.Integer.toString(counter)) + .png)): null

2018-12-14 00:40:27 - [TEST_STEP][PASSED] - Statement - counter = counter + 1: null

2018-12-14 00:40:27 - [TEST_STEP][PASSED] - Statement - PreSaveFile = new java.io.File(((pathPrefix + java.lang.Integer.toString(counter)) + .png)): null

2018-12-14 00:40:27 - [TEST_STEP][PASSED] - Statement - counter = counter + 1: null

2018-12-14 00:40:27 - [TEST_STEP][PASSED] - Statement - PreSaveFile = new java.io.File(((pathPrefix + java.lang.Integer.toString(counter)) + .png)): null

2018-12-14 00:40:27 - [TEST_STEP][PASSED] - Statement - counter = counter + 1: null

2018-12-14 00:40:27 - [TEST_STEP][PASSED] - Statement - PreSaveFile = new java.io.File(((pathPrefix + java.lang.Integer.toString(counter)) + .png)): null

2018-12-14 00:40:27 - [TEST_STEP][PASSED] - Statement - counter = counter + 1: null

2018-12-14 00:40:27 - [TEST_STEP][PASSED] - Statement - PreSaveFile = new java.io.File(((pathPrefix + java.lang.Integer.toString(counter)) + .png)): null

2018-12-14 00:40:27 - [TEST_STEP][PASSED] - Statement - counter = counter + 1: null

2018-12-14 00:40:27 - [TEST_STEP][PASSED] - Statement - PreSaveFile = new java.io.File(((pathPrefix + java.lang.Integer.toString(counter)) + .png)): null

2018-12-14 00:40:27 - [TEST_STEP][PASSED] - Statement - counter = counter + 1: null

2018-12-14 00:40:27 - [TEST_STEP][PASSED] - Statement - PreSaveFile = new java.io.File(((pathPrefix + java.lang.Integer.toString(counter)) + .png)): null

2018-12-14 00:40:27 - [TEST_STEP][PASSED] - Statement - counter = counter + 1: null

2018-12-14 00:40:27 - [TEST_STEP][PASSED] - Statement - PreSaveFile = new java.io.File(((pathPrefix + java.lang.Integer.toString(counter)) + .png)): null

2018-12-14 00:40:27 - [TEST_STEP][PASSED] - Statement - counter = counter + 1: null

2018-12-14 00:40:27 - [TEST_STEP][PASSED] - Statement - PreSaveFile = new java.io.File(((pathPrefix + java.lang.Integer.toString(counter)) + .png)): null

2018-12-14 00:40:27 - [TEST_STEP][PASSED] - Statement - counter = counter + 1: null

2018-12-14 00:40:27 - [TEST_STEP][PASSED] - Statement - PreSaveFile = new java.io.File(((pathPrefix + java.lang.Integer.toString(counter)) + .png)): null

2018-12-14 00:40:27 - [TEST_STEP][PASSED] - Statement - counter = counter + 1: null

2018-12-14 00:40:27 - [TEST_STEP][PASSED] - Statement - PreSaveFile = new java.io.File(((pathPrefix + java.lang.Integer.toString(counter)) + .png)): null

2018-12-14 00:40:27 - [TEST_STEP][PASSED] - Statement - counter = counter + 1: null

2018-12-14 00:40:27 - [TEST_STEP][PASSED] - Statement - PreSaveFile = new java.io.File(((pathPrefix + java.lang.Integer.toString(counter)) + .png)): null

2018-12-14 00:40:27 - [TEST_STEP][PASSED] - Statement - counter = counter + 1: null

2018-12-14 00:40:27 - [TEST_STEP][PASSED] - Statement - PreSaveFile = new java.io.File(((pathPrefix + java.lang.Integer.toString(counter)) + .png)): null

2018-12-14 00:40:27 - [TEST_STEP][PASSED] - Statement - counter = counter + 1: null

2018-12-14 00:40:27 - [TEST_STEP][PASSED] - Statement - PreSaveFile = new java.io.File(((pathPrefix + java.lang.Integer.toString(counter)) + .png)): null

2018-12-14 00:40:27 - [TEST_STEP][PASSED] - Statement - counter = counter + 1: null

2018-12-14 00:40:27 - [TEST_STEP][PASSED] - Statement - PreSaveFile = new java.io.File(((pathPrefix + java.lang.Integer.toString(counter)) + .png)): null

2018-12-14 00:40:27 - [TEST_STEP][PASSED] - Statement - counter = counter + 1: null

2018-12-14 00:40:27 - [TEST_STEP][PASSED] - Statement - PreSaveFile = new java.io.File(((pathPrefix + java.lang.Integer.toString(counter)) + .png)): null

2018-12-14 00:40:27 - [TEST_STEP][PASSED] - Statement - counter = counter + 1: null

2018-12-14 00:40:27 - [TEST_STEP][PASSED] - Statement - PreSaveFile = new java.io.File(((pathPrefix + java.lang.Integer.toString(counter)) + .png)): null

2018-12-14 00:40:27 - [TEST_STEP][PASSED] - Statement - counter = counter + 1: null

2018-12-14 00:40:27 - [TEST_STEP][PASSED] - Statement - PreSaveFile = new java.io.File(((pathPrefix + java.lang.Integer.toString(counter)) + .png)): null

2018-12-14 00:40:27 - [TEST_STEP][PASSED] - Statement - counter = counter + 1: null

2018-12-14 00:40:27 - [TEST_STEP][PASSED] - Statement - PreSaveFile = new java.io.File(((pathPrefix + java.lang.Integer.toString(counter)) + .png)): null

2018-12-14 00:40:27 - [TEST_STEP][PASSED] - Statement - counter = counter + 1: null

2018-12-14 00:40:27 - [TEST_STEP][PASSED] - Statement - PreSaveFile = new java.io.File(((pathPrefix + java.lang.Integer.toString(counter)) + .png)): null

2018-12-14 00:40:27 - [TEST_STEP][PASSED] - Statement - counter = counter + 1: null

2018-12-14 00:40:27 - [TEST_STEP][PASSED] - Statement - PreSaveFile = new java.io.File(((pathPrefix + java.lang.Integer.toString(counter)) + .png)): null

2018-12-14 00:40:27 - [TEST_STEP][PASSED] - Statement - counter = counter + 1: null

2018-12-14 00:40:27 - [TEST_STEP][PASSED] - Statement - PreSaveFile = new java.io.File(((pathPrefix + java.lang.Integer.toString(counter)) + .png)): null

2018-12-14 00:40:27 - [TEST_STEP][PASSED] - Statement - counter = counter + 1: null

2018-12-14 00:40:27 - [TEST_STEP][PASSED] - Statement - PreSaveFile = new java.io.File(((pathPrefix + java.lang.Integer.toString(counter)) + .png)): null

2018-12-14 00:40:27 - [TEST_STEP][PASSED] - Statement - counter = counter + 1: null

2018-12-14 00:40:27 - [TEST_STEP][PASSED] - Statement - PreSaveFile = new java.io.File(((pathPrefix + java.lang.Integer.toString(counter)) + .png)): null

2018-12-14 00:40:27 - [TEST_STEP][PASSED] - Statement - counter = counter + 1: null

2018-12-14 00:40:27 - [TEST_STEP][PASSED] - Statement - PreSaveFile = new java.io.File(((pathPrefix + java.lang.Integer.toString(counter)) + .png)): null

2018-12-14 00:40:27 - [TEST_STEP][PASSED] - Statement - counter = counter + 1: null

2018-12-14 00:40:27 - [TEST_STEP][PASSED] - Statement - PreSaveFile = new java.io.File(((pathPrefix + java.lang.Integer.toString(counter)) + .png)): null

2018-12-14 00:40:27 - [TEST_STEP][PASSED] - Statement - counter = counter + 1: null

2018-12-14 00:40:27 - [TEST_STEP][PASSED] - Statement - PreSaveFile = new java.io.File(((pathPrefix + java.lang.Integer.toString(counter)) + .png)): null

2018-12-14 00:40:27 - [TEST_STEP][PASSED] - Statement - counter = counter + 1: null

2018-12-14 00:40:27 - [TEST_STEP][PASSED] - Statement - PreSaveFile = new java.io.File(((pathPrefix + java.lang.Integer.toString(counter)) + .png)): null

2018-12-14 00:40:27 - [TEST_STEP][PASSED] - Statement - counter = counter + 1: null

2018-12-14 00:40:27 - [TEST_STEP][PASSED] - Statement - PreSaveFile = new java.io.File(((pathPrefix + java.lang.Integer.toString(counter)) + .png)): null

2018-12-14 00:40:27 - [TEST_STEP][PASSED] - Statement - counter = counter + 1: null

2018-12-14 00:40:27 - [TEST_STEP][PASSED] - Statement - PreSaveFile = new java.io.File(((pathPrefix + java.lang.Integer.toString(counter)) + .png)): null

2018-12-14 00:40:27 - [TEST_STEP][PASSED] - Statement - counter = counter + 1: null

2018-12-14 00:40:27 - [TEST_STEP][PASSED] - Statement - PreSaveFile = new java.io.File(((pathPrefix + java.lang.Integer.toString(counter)) + .png)): null

2018-12-14 00:40:27 - [TEST_STEP][PASSED] - Statement - counter = counter + 1: null

2018-12-14 00:40:27 - [TEST_STEP][PASSED] - Statement - PreSaveFile = new java.io.File(((pathPrefix + java.lang.Integer.toString(counter)) + .png)): null

2018-12-14 00:40:27 - [TEST_STEP][PASSED] - Statement - counter = counter + 1: null

2018-12-14 00:40:27 - [TEST_STEP][PASSED] - Statement - PreSaveFile = new java.io.File(((pathPrefix + java.lang.Integer.toString(counter)) + .png)): null

2018-12-14 00:40:27 - [TEST_STEP][PASSED] - Statement - counter = counter + 1: null

2018-12-14 00:40:27 - [TEST_STEP][PASSED] - Statement - PreSaveFile = new java.io.File(((pathPrefix + java.lang.Integer.toString(counter)) + .png)): null

2018-12-14 00:40:27 - [TEST_STEP][PASSED] - Statement - counter = counter + 1: null

2018-12-14 00:40:27 - [TEST_STEP][PASSED] - Statement - PreSaveFile = new java.io.File(((pathPrefix + java.lang.Integer.toString(counter)) + .png)): null

2018-12-14 00:40:27 - [TEST_STEP][PASSED] - Statement - counter = counter + 1: null

2018-12-14 00:40:27 - [TEST_STEP][PASSED] - Statement - PreSaveFile = new java.io.File(((pathPrefix + java.lang.Integer.toString(counter)) + .png)): null

2018-12-14 00:40:27 - [TEST_STEP][PASSED] - Statement - counter = counter + 1: null

2018-12-14 00:40:27 - [TEST_STEP][PASSED] - Statement - PreSaveFile = new java.io.File(((pathPrefix + java.lang.Integer.toString(counter)) + .png)): null

2018-12-14 00:40:27 - [TEST_STEP][PASSED] - Statement - counter = counter + 1: null

2018-12-14 00:40:27 - [TEST_STEP][PASSED] - Statement - PreSaveFile = new java.io.File(((pathPrefix + java.lang.Integer.toString(counter)) + .png)): null

2018-12-14 00:40:27 - [TEST_STEP][PASSED] - Statement - counter = counter + 1: null

2018-12-14 00:40:27 - [TEST_STEP][PASSED] - Statement - PreSaveFile = new java.io.File(((pathPrefix + java.lang.Integer.toString(counter)) + .png)): null

2018-12-14 00:40:27 - [TEST_STEP][PASSED] - Statement - counter = counter + 1: null

2018-12-14 00:40:27 - [TEST_STEP][PASSED] - Statement - PreSaveFile = new java.io.File(((pathPrefix + java.lang.Integer.toString(counter)) + .png)): null

2018-12-14 00:40:27 - [TEST_STEP][PASSED] - Statement - counter = counter + 1: null

2018-12-14 00:40:27 - [TEST_STEP][PASSED] - Statement - PreSaveFile = new java.io.File(((pathPrefix + java.lang.Integer.toString(counter)) + .png)): null

2018-12-14 00:40:27 - [TEST_STEP][PASSED] - Statement - counter = counter + 1: null

2018-12-14 00:40:27 - [TEST_STEP][PASSED] - Statement - PreSaveFile = new java.io.File(((pathPrefix + java.lang.Integer.toString(counter)) + .png)): null

2018-12-14 00:40:27 - [TEST_STEP][PASSED] - Statement - counter = counter + 1: null

2018-12-14 00:40:27 - [TEST_STEP][PASSED] - Statement - PreSaveFile = new java.io.File(((pathPrefix + java.lang.Integer.toString(counter)) + .png)): null

2018-12-14 00:40:27 - [TEST_STEP][PASSED] - Statement - counter = counter + 1: null

2018-12-14 00:40:27 - [TEST_STEP][PASSED] - Statement - PreSaveFile = new java.io.File(((pathPrefix + java.lang.Integer.toString(counter)) + .png)): null

2018-12-14 00:40:27 - [TEST_STEP][PASSED] - Statement - counter = counter + 1: null

2018-12-14 00:40:27 - [TEST_STEP][PASSED] - Statement - PreSaveFile = new java.io.File(((pathPrefix + java.lang.Integer.toString(counter)) + .png)): null

2018-12-14 00:40:27 - [TEST_STEP][PASSED] - Statement - counter = counter + 1: null

2018-12-14 00:40:27 - [TEST_STEP][PASSED] - Statement - PreSaveFile = new java.io.File(((pathPrefix + java.lang.Integer.toString(counter)) + .png)): null

2018-12-14 00:40:27 - [TEST_STEP][PASSED] - Statement - counter = counter + 1: null

2018-12-14 00:40:27 - [TEST_STEP][PASSED] - Statement - PreSaveFile = new java.io.File(((pathPrefix + java.lang.Integer.toString(counter)) + .png)): null

2018-12-14 00:40:27 - [TEST_STEP][PASSED] - Statement - counter = counter + 1: null

2018-12-14 00:40:27 - [TEST_STEP][PASSED] - Statement - PreSaveFile = new java.io.File(((pathPrefix + java.lang.Integer.toString(counter)) + .png)): null

2018-12-14 00:40:27 - [TEST_STEP][PASSED] - Statement - counter = counter + 1: null

2018-12-14 00:40:27 - [TEST_STEP][PASSED] - Statement - PreSaveFile = new java.io.File(((pathPrefix + java.lang.Integer.toString(counter)) + .png)): null

2018-12-14 00:40:27 - [TEST_STEP][PASSED] - Statement - counter = counter + 1: null

2018-12-14 00:40:27 - [TEST_STEP][PASSED] - Statement - PreSaveFile = new java.io.File(((pathPrefix + java.lang.Integer.toString(counter)) + .png)): null

2018-12-14 00:40:27 - [TEST_STEP][PASSED] - Statement - counter = counter + 1: null

2018-12-14 00:40:27 - [TEST_STEP][PASSED] - Statement - PreSaveFile = new java.io.File(((pathPrefix + java.lang.Integer.toString(counter)) + .png)): null

2018-12-14 00:40:27 - [TEST_STEP][PASSED] - Statement - counter = counter + 1: null

2018-12-14 00:40:27 - [TEST_STEP][PASSED] - Statement - PreSaveFile = new java.io.File(((pathPrefix + java.lang.Integer.toString(counter)) + .png)): null

2018-12-14 00:40:27 - [TEST_STEP][PASSED] - Statement - counter = counter + 1: null

2018-12-14 00:40:27 - [TEST_STEP][PASSED] - Statement - PreSaveFile = new java.io.File(((pathPrefix + java.lang.Integer.toString(counter)) + .png)): null

2018-12-14 00:40:27 - [TEST_STEP][PASSED] - Statement - counter = counter + 1: null

2018-12-14 00:40:28 - [TEST_STEP][PASSED] - Statement - PreSaveFile = new java.io.File(((pathPrefix + java.lang.Integer.toString(counter)) + .png)): null

2018-12-14 00:40:28 - [TEST_STEP][PASSED] - Statement - counter = counter + 1: null

2018-12-14 00:40:28 - [TEST_STEP][PASSED] - Statement - PreSaveFile = new java.io.File(((pathPrefix + java.lang.Integer.toString(counter)) + .png)): null

2018-12-14 00:40:28 - [TEST_STEP][PASSED] - Statement - counter = counter + 1: null

2018-12-14 00:40:28 - [TEST_STEP][PASSED] - Statement - PreSaveFile = new java.io.File(((pathPrefix + java.lang.Integer.toString(counter)) + .png)): null

2018-12-14 00:40:28 - [TEST_STEP][PASSED] - Statement - counter = counter + 1: null

2018-12-14 00:40:28 - [TEST_STEP][PASSED] - Statement - PreSaveFile = new java.io.File(((pathPrefix + java.lang.Integer.toString(counter)) + .png)): null

2018-12-14 00:40:28 - [TEST_STEP][PASSED] - Statement - counter = counter + 1: null

2018-12-14 00:40:28 - [TEST_STEP][PASSED] - Statement - PreSaveFile = new java.io.File(((pathPrefix + java.lang.Integer.toString(counter)) + .png)): null

2018-12-14 00:40:28 - [TEST_STEP][PASSED] - Statement - counter = counter + 1: null

2018-12-14 00:40:28 - [TEST_STEP][PASSED] - Statement - PreSaveFile = new java.io.File(((pathPrefix + java.lang.Integer.toString(counter)) + .png)): null

2018-12-14 00:40:28 - [TEST_STEP][PASSED] - Statement - counter = counter + 1: null

2018-12-14 00:40:28 - [TEST_STEP][PASSED] - Statement - PreSaveFile = new java.io.File(((pathPrefix + java.lang.Integer.toString(counter)) + .png)): null

2018-12-14 00:40:28 - [TEST_STEP][PASSED] - Statement - counter = counter + 1: null

2018-12-14 00:40:28 - [TEST_STEP][PASSED] - Statement - PreSaveFile = new java.io.File(((pathPrefix + java.lang.Integer.toString(counter)) + .png)): null

2018-12-14 00:40:28 - [TEST_STEP][PASSED] - Statement - counter = counter + 1: null

2018-12-14 00:40:28 - [TEST_STEP][PASSED] - Statement - PreSaveFile = new java.io.File(((pathPrefix + java.lang.Integer.toString(counter)) + .png)): null

2018-12-14 00:40:28 - [TEST_STEP][PASSED] - Statement - counter = counter + 1: null

2018-12-14 00:40:28 - [TEST_STEP][PASSED] - Statement - PreSaveFile = new java.io.File(((pathPrefix + java.lang.Integer.toString(counter)) + .png)): null

2018-12-14 00:40:28 - [TEST_STEP][PASSED] - Statement - counter = counter + 1: null

2018-12-14 00:40:28 - [TEST_STEP][PASSED] - Statement - PreSaveFile = new java.io.File(((pathPrefix + java.lang.Integer.toString(counter)) + .png)): null

2018-12-14 00:40:28 - [TEST_STEP][PASSED] - Statement - counter = counter + 1: null

2018-12-14 00:40:28 - [TEST_STEP][PASSED] - Statement - PreSaveFile = new java.io.File(((pathPrefix + java.lang.Integer.toString(counter)) + .png)): null

2018-12-14 00:40:28 - [TEST_STEP][PASSED] - Statement - counter = counter + 1: null

2018-12-14 00:40:28 - [TEST_STEP][PASSED] - Statement - PreSaveFile = new java.io.File(((pathPrefix + java.lang.Integer.toString(counter)) + .png)): null

2018-12-14 00:40:28 - [TEST_STEP][PASSED] - Statement - counter = counter + 1: null

2018-12-14 00:40:28 - [TEST_STEP][PASSED] - Statement - PreSaveFile = new java.io.File(((pathPrefix + java.lang.Integer.toString(counter)) + .png)): null

2018-12-14 00:40:28 - [TEST_STEP][PASSED] - Statement - counter = counter + 1: null

2018-12-14 00:40:28 - [TEST_STEP][PASSED] - Statement - PreSaveFile = new java.io.File(((pathPrefix + java.lang.Integer.toString(counter)) + .png)): null

2018-12-14 00:40:28 - [TEST_STEP][PASSED] - Statement - counter = counter + 1: null

2018-12-14 00:40:28 - [TEST_STEP][PASSED] - Statement - PreSaveFile = new java.io.File(((pathPrefix + java.lang.Integer.toString(counter)) + .png)): null

2018-12-14 00:40:28 - [TEST_STEP][PASSED] - Statement - counter = counter + 1: null

2018-12-14 00:40:28 - [TEST_STEP][PASSED] - Statement - PreSaveFile = new java.io.File(((pathPrefix + java.lang.Integer.toString(counter)) + .png)): null

2018-12-14 00:40:28 - [TEST_STEP][PASSED] - Statement - counter = counter + 1: null

2018-12-14 00:40:28 - [TEST_STEP][PASSED] - Statement - PreSaveFile = new java.io.File(((pathPrefix + java.lang.Integer.toString(counter)) + .png)): null

2018-12-14 00:40:28 - [TEST_STEP][PASSED] - Statement - counter = counter + 1: null

2018-12-14 00:40:28 - [TEST_STEP][PASSED] - Statement - PreSaveFile = new java.io.File(((pathPrefix + java.lang.Integer.toString(counter)) + .png)): null

2018-12-14 00:40:28 - [TEST_STEP][PASSED] - Statement - counter = counter + 1: null

2018-12-14 00:40:28 - [TEST_STEP][PASSED] - Statement - PreSaveFile = new java.io.File(((pathPrefix + java.lang.Integer.toString(counter)) + .png)): null

2018-12-14 00:40:28 - [TEST_STEP][PASSED] - Statement - counter = counter + 1: null

2018-12-14 00:40:28 - [TEST_STEP][PASSED] - Statement - PreSaveFile = new java.io.File(((pathPrefix + java.lang.Integer.toString(counter)) + .png)): null

2018-12-14 00:40:28 - [TEST_STEP][PASSED] - Statement - counter = counter + 1: null

2018-12-14 00:40:28 - [TEST_STEP][PASSED] - Statement - PreSaveFile = new java.io.File(((pathPrefix + java.lang.Integer.toString(counter)) + .png)): null

2018-12-14 00:40:28 - [TEST_STEP][PASSED] - Statement - counter = counter + 1: null

2018-12-14 00:40:28 - [TEST_STEP][PASSED] - Statement - PreSaveFile = new java.io.File(((pathPrefix + java.lang.Integer.toString(counter)) + .png)): null

2018-12-14 00:40:28 - [TEST_STEP][PASSED] - Statement - counter = counter + 1: null

2018-12-14 00:40:28 - [TEST_STEP][PASSED] - Statement - PreSaveFile = new java.io.File(((pathPrefix + java.lang.Integer.toString(counter)) + .png)): null

2018-12-14 00:40:28 - [TEST_STEP][PASSED] - Statement - counter = counter + 1: null

2018-12-14 00:40:28 - [TEST_STEP][PASSED] - Statement - PreSaveFile = new java.io.File(((pathPrefix + java.lang.Integer.toString(counter)) + .png)): null

2018-12-14 00:40:28 - [TEST_STEP][PASSED] - Statement - counter = counter + 1: null

2018-12-14 00:40:28 - [TEST_STEP][PASSED] - Statement - PreSaveFile = new java.io.File(((pathPrefix + java.lang.Integer.toString(counter)) + .png)): null

2018-12-14 00:40:28 - [TEST_STEP][PASSED] - Statement - counter = counter + 1: null

2018-12-14 00:40:28 - [TEST_STEP][PASSED] - Statement - PreSaveFile = new java.io.File(((pathPrefix + java.lang.Integer.toString(counter)) + .png)): null

2018-12-14 00:40:28 - [TEST_STEP][PASSED] - Statement - counter = counter + 1: null

2018-12-14 00:40:28 - [TEST_STEP][PASSED] - Statement - PreSaveFile = new java.io.File(((pathPrefix + java.lang.Integer.toString(counter)) + .png)): null

2018-12-14 00:40:28 - [TEST_STEP][PASSED] - Statement - counter = counter + 1: null

2018-12-14 00:40:28 - [TEST_STEP][PASSED] - Statement - PreSaveFile = new java.io.File(((pathPrefix + java.lang.Integer.toString(counter)) + .png)): null

2018-12-14 00:40:28 - [TEST_STEP][PASSED] - Statement - counter = counter + 1: null

2018-12-14 00:40:28 - [TEST_STEP][PASSED] - Statement - PreSaveFile = new java.io.File(((pathPrefix + java.lang.Integer.toString(counter)) + .png)): null

2018-12-14 00:40:28 - [TEST_STEP][PASSED] - Statement - counter = counter + 1: null

2018-12-14 00:40:28 - [TEST_STEP][PASSED] - Statement - PreSaveFile = new java.io.File(((pathPrefix + java.lang.Integer.toString(counter)) + .png)): null

2018-12-14 00:40:28 - [TEST_STEP][PASSED] - Statement - counter = counter + 1: null

2018-12-14 00:40:28 - [TEST_STEP][PASSED] - Statement - PreSaveFile = new java.io.File(((pathPrefix + java.lang.Integer.toString(counter)) + .png)): null

2018-12-14 00:40:28 - [TEST_STEP][PASSED] - Statement - counter = counter + 1: null

2018-12-14 00:40:28 - [TEST_STEP][PASSED] - Statement - PreSaveFile = new java.io.File(((pathPrefix + java.lang.Integer.toString(counter)) + .png)): null

2018-12-14 00:40:28 - [TEST_STEP][PASSED] - Statement - counter = counter + 1: null

2018-12-14 00:40:28 - [TEST_STEP][PASSED] - Statement - PreSaveFile = new java.io.File(((pathPrefix + java.lang.Integer.toString(counter)) + .png)): null

2018-12-14 00:40:28 - [TEST_STEP][PASSED] - Statement - counter = counter + 1: null

2018-12-14 00:40:28 - [TEST_STEP][PASSED] - Statement - PreSaveFile = new java.io.File(((pathPrefix + java.lang.Integer.toString(counter)) + .png)): null

2018-12-14 00:40:28 - [TEST_STEP][PASSED] - Statement - counter = counter + 1: null

2018-12-14 00:40:28 - [TEST_STEP][PASSED] - Statement - PreSaveFile = new java.io.File(((pathPrefix + java.lang.Integer.toString(counter)) + .png)): null

2018-12-14 00:40:28 - [TEST_STEP][PASSED] - Statement - counter = counter + 1: null

2018-12-14 00:40:28 - [TEST_STEP][PASSED] - Statement - PreSaveFile = new java.io.File(((pathPrefix + java.lang.Integer.toString(counter)) + .png)): null

2018-12-14 00:40:28 - [TEST_STEP][PASSED] - Statement - counter = counter + 1: null

2018-12-14 00:40:28 - [TEST_STEP][PASSED] - Statement - PreSaveFile = new java.io.File(((pathPrefix + java.lang.Integer.toString(counter)) + .png)): null

2018-12-14 00:40:28 - [TEST_STEP][PASSED] - Statement - counter = counter + 1: null

2018-12-14 00:40:28 - [TEST_STEP][PASSED] - Statement - PreSaveFile = new java.io.File(((pathPrefix + java.lang.Integer.toString(counter)) + .png)): null

2018-12-14 00:40:28 - [TEST_STEP][PASSED] - Statement - counter = counter + 1: null

2018-12-14 00:40:28 - [TEST_STEP][PASSED] - Statement - PreSaveFile = new java.io.File(((pathPrefix + java.lang.Integer.toString(counter)) + .png)): null

2018-12-14 00:40:28 - [TEST_STEP][PASSED] - Statement - counter = counter + 1: null

2018-12-14 00:40:28 - [TEST_STEP][PASSED] - Statement - PreSaveFile = new java.io.File(((pathPrefix + java.lang.Integer.toString(counter)) + .png)): null

2018-12-14 00:40:28 - [TEST_STEP][PASSED] - Statement - counter = counter + 1: null

2018-12-14 00:40:28 - [TEST_STEP][PASSED] - Statement - PreSaveFile = new java.io.File(((pathPrefix + java.lang.Integer.toString(counter)) + .png)): null

2018-12-14 00:40:28 - [TEST_STEP][PASSED] - Statement - counter = counter + 1: null

2018-12-14 00:40:28 - [TEST_STEP][PASSED] - Statement - PreSaveFile = new java.io.File(((pathPrefix + java.lang.Integer.toString(counter)) + .png)): null

2018-12-14 00:40:28 - [TEST_STEP][PASSED] - Statement - counter = counter + 1: null

2018-12-14 00:40:28 - [TEST_STEP][PASSED] - Statement - PreSaveFile = new java.io.File(((pathPrefix + java.lang.Integer.toString(counter)) + .png)): null

2018-12-14 00:40:28 - [TEST_STEP][PASSED] - Statement - counter = counter + 1: null

2018-12-14 00:40:28 - [TEST_STEP][PASSED] - Statement - PreSaveFile = new java.io.File(((pathPrefix + java.lang.Integer.toString(counter)) + .png)): null

2018-12-14 00:40:28 - [TEST_STEP][PASSED] - Statement - counter = counter + 1: null

2018-12-14 00:40:28 - [TEST_STEP][PASSED] - Statement - PreSaveFile = new java.io.File(((pathPrefix + java.lang.Integer.toString(counter)) + .png)): null

2018-12-14 00:40:28 - [TEST_STEP][PASSED] - Statement - counter = counter + 1: null

2018-12-14 00:40:28 - [TEST_STEP][PASSED] - Statement - PreSaveFile = new java.io.File(((pathPrefix + java.lang.Integer.toString(counter)) + .png)): null

2018-12-14 00:40:28 - [TEST_STEP][PASSED] - Statement - counter = counter + 1: null

2018-12-14 00:40:28 - [TEST_STEP][PASSED] - Statement - PreSaveFile = new java.io.File(((pathPrefix + java.lang.Integer.toString(counter)) + .png)): null

2018-12-14 00:40:28 - [TEST_STEP][PASSED] - Statement - counter = counter + 1: null

2018-12-14 00:40:28 - [TEST_STEP][PASSED] - Statement - PreSaveFile = new java.io.File(((pathPrefix + java.lang.Integer.toString(counter)) + .png)): null

2018-12-14 00:40:28 - [TEST_STEP][PASSED] - Statement - counter = counter + 1: null

2018-12-14 00:40:28 - [TEST_STEP][PASSED] - Statement - PreSaveFile = new java.io.File(((pathPrefix + java.lang.Integer.toString(counter)) + .png)): null

2018-12-14 00:40:28 - [TEST_STEP][PASSED] - Statement - counter = counter + 1: null

2018-12-14 00:40:28 - [TEST_STEP][PASSED] - Statement - PreSaveFile = new java.io.File(((pathPrefix + java.lang.Integer.toString(counter)) + .png)): null

2018-12-14 00:40:28 - [TEST_STEP][PASSED] - Statement - counter = counter + 1: null

2018-12-14 00:40:28 - [TEST_STEP][PASSED] - Statement - PreSaveFile = new java.io.File(((pathPrefix + java.lang.Integer.toString(counter)) + .png)): null

2018-12-14 00:40:28 - [TEST_STEP][PASSED] - Statement - counter = counter + 1: null

2018-12-14 00:40:28 - [TEST_STEP][PASSED] - Statement - PreSaveFile = new java.io.File(((pathPrefix + java.lang.Integer.toString(counter)) + .png)): null

2018-12-14 00:40:28 - [TEST_STEP][PASSED] - Statement - counter = counter + 1: null

2018-12-14 00:40:28 - [TEST_STEP][PASSED] - Statement - PreSaveFile = new java.io.File(((pathPrefix + java.lang.Integer.toString(counter)) + .png)): null

2018-12-14 00:40:28 - [TEST_STEP][PASSED] - Statement - counter = counter + 1: null

2018-12-14 00:40:28 - [TEST_STEP][PASSED] - Statement - PreSaveFile = new java.io.File(((pathPrefix + java.lang.Integer.toString(counter)) + .png)): null

2018-12-14 00:40:28 - [TEST_STEP][PASSED] - Statement - counter = counter + 1: null

2018-12-14 00:40:28 - [TEST_STEP][PASSED] - Statement - PreSaveFile = new java.io.File(((pathPrefix + java.lang.Integer.toString(counter)) + .png)): null

2018-12-14 00:40:28 - [TEST_STEP][PASSED] - Statement - counter = counter + 1: null

2018-12-14 00:40:28 - [TEST_STEP][PASSED] - Statement - PreSaveFile = new java.io.File(((pathPrefix + java.lang.Integer.toString(counter)) + .png)): null

2018-12-14 00:40:28 - [TEST_STEP][PASSED] - Statement - counter = counter + 1: null

2018-12-14 00:40:28 - [TEST_STEP][PASSED] - Statement - PreSaveFile = new java.io.File(((pathPrefix + java.lang.Integer.toString(counter)) + .png)): null

2018-12-14 00:40:28 - [TEST_STEP][PASSED] - Statement - counter = counter + 1: null

2018-12-14 00:40:28 - [TEST_STEP][PASSED] - Statement - PreSaveFile = new java.io.File(((pathPrefix + java.lang.Integer.toString(counter)) + .png)): null

2018-12-14 00:40:28 - [TEST_STEP][PASSED] - Statement - counter = counter + 1: null

2018-12-14 00:40:28 - [TEST_STEP][PASSED] - Statement - PreSaveFile = new java.io.File(((pathPrefix + java.lang.Integer.toString(counter)) + .png)): null

2018-12-14 00:40:28 - [TEST_STEP][PASSED] - Statement - counter = counter + 1: null

2018-12-14 00:40:28 - [TEST_STEP][PASSED] - Statement - PreSaveFile = new java.io.File(((pathPrefix + java.lang.Integer.toString(counter)) + .png)): null

2018-12-14 00:40:28 - [TEST_STEP][PASSED] - Statement - counter = counter + 1: null

2018-12-14 00:40:28 - [TEST_STEP][PASSED] - Statement - PreSaveFile = new java.io.File(((pathPrefix + java.lang.Integer.toString(counter)) + .png)): null

2018-12-14 00:40:28 - [TEST_STEP][PASSED] - Statement - counter = counter + 1: null

2018-12-14 00:40:28 - [TEST_STEP][PASSED] - Statement - PreSaveFile = new java.io.File(((pathPrefix + java.lang.Integer.toString(counter)) + .png)): null

2018-12-14 00:40:28 - [TEST_STEP][PASSED] - Statement - counter = counter + 1: null

2018-12-14 00:40:28 - [TEST_STEP][PASSED] - Statement - PreSaveFile = new java.io.File(((pathPrefix + java.lang.Integer.toString(counter)) + .png)): null

2018-12-14 00:40:28 - [TEST_STEP][PASSED] - Statement - counter = counter + 1: null

2018-12-14 00:40:28 - [TEST_STEP][PASSED] - Statement - PreSaveFile = new java.io.File(((pathPrefix + java.lang.Integer.toString(counter)) + .png)): null

2018-12-14 00:40:28 - [TEST_STEP][PASSED] - Statement - counter = counter + 1: null

2018-12-14 00:40:28 - [TEST_STEP][PASSED] - Statement - PreSaveFile = new java.io.File(((pathPrefix + java.lang.Integer.toString(counter)) + .png)): null

2018-12-14 00:40:28 - [TEST_STEP][PASSED] - Statement - counter = counter + 1: null

2018-12-14 00:40:28 - [TEST_STEP][PASSED] - Statement - PreSaveFile = new java.io.File(((pathPrefix + java.lang.Integer.toString(counter)) + .png)): null

2018-12-14 00:40:28 - [TEST_STEP][PASSED] - Statement - counter = counter + 1: null

2018-12-14 00:40:28 - [TEST_STEP][PASSED] - Statement - PreSaveFile = new java.io.File(((pathPrefix + java.lang.Integer.toString(counter)) + .png)): null

2018-12-14 00:40:28 - [TEST_STEP][PASSED] - Statement - counter = counter + 1: null

2018-12-14 00:40:28 - [TEST_STEP][PASSED] - Statement - PreSaveFile = new java.io.File(((pathPrefix + java.lang.Integer.toString(counter)) + .png)): null

2018-12-14 00:40:28 - [TEST_STEP][PASSED] - Statement - counter = counter + 1: null

2018-12-14 00:40:28 - [TEST_STEP][PASSED] - Statement - PreSaveFile = new java.io.File(((pathPrefix + java.lang.Integer.toString(counter)) + .png)): null

2018-12-14 00:40:28 - [TEST_STEP][PASSED] - Statement - counter = counter + 1: null

2018-12-14 00:40:28 - [TEST_STEP][PASSED] - Statement - PreSaveFile = new java.io.File(((pathPrefix + java.lang.Integer.toString(counter)) + .png)): null

2018-12-14 00:40:28 - [TEST_STEP][PASSED] - Statement - counter = counter + 1: null

2018-12-14 00:40:28 - [TEST_STEP][PASSED] - Statement - PreSaveFile = new java.io.File(((pathPrefix + java.lang.Integer.toString(counter)) + .png)): null

2018-12-14 00:40:28 - [TEST_STEP][PASSED] - Statement - counter = counter + 1: null

2018-12-14 00:40:28 - [TEST_STEP][PASSED] - Statement - PreSaveFile = new java.io.File(((pathPrefix + java.lang.Integer.toString(counter)) + .png)): null

2018-12-14 00:40:28 - [TEST_STEP][PASSED] - Statement - counter = counter + 1: null

2018-12-14 00:40:28 - [TEST_STEP][PASSED] - Statement - PreSaveFile = new java.io.File(((pathPrefix + java.lang.Integer.toString(counter)) + .png)): null

2018-12-14 00:40:28 - [TEST_STEP][PASSED] - Statement - counter = counter + 1: null

2018-12-14 00:40:28 - [TEST_STEP][PASSED] - Statement - PreSaveFile = new java.io.File(((pathPrefix + java.lang.Integer.toString(counter)) + .png)): null

2018-12-14 00:40:28 - [TEST_STEP][PASSED] - Statement - counter = counter + 1: null

2018-12-14 00:40:28 - [TEST_STEP][PASSED] - Statement - PreSaveFile = new java.io.File(((pathPrefix + java.lang.Integer.toString(counter)) + .png)): null

2018-12-14 00:40:28 - [TEST_STEP][PASSED] - Statement - counter = counter + 1: null

2018-12-14 00:40:28 - [TEST_STEP][PASSED] - Statement - PreSaveFile = new java.io.File(((pathPrefix + java.lang.Integer.toString(counter)) + .png)): null

2018-12-14 00:40:28 - [TEST_STEP][PASSED] - Statement - counter = counter + 1: null

2018-12-14 00:40:28 - [TEST_STEP][PASSED] - Statement - PreSaveFile = new java.io.File(((pathPrefix + java.lang.Integer.toString(counter)) + .png)): null

2018-12-14 00:40:28 - [TEST_STEP][PASSED] - Statement - counter = counter + 1: null

2018-12-14 00:40:28 - [TEST_STEP][PASSED] - Statement - PreSaveFile = new java.io.File(((pathPrefix + java.lang.Integer.toString(counter)) + .png)): null

2018-12-14 00:40:28 - [TEST_STEP][PASSED] - Statement - counter = counter + 1: null

2018-12-14 00:40:28 - [TEST_STEP][PASSED] - Statement - PreSaveFile = new java.io.File(((pathPrefix + java.lang.Integer.toString(counter)) + .png)): null

2018-12-14 00:40:28 - [TEST_STEP][PASSED] - Statement - counter = counter + 1: null

2018-12-14 00:40:28 - [TEST_STEP][PASSED] - Statement - PreSaveFile = new java.io.File(((pathPrefix + java.lang.Integer.toString(counter)) + .png)): null

2018-12-14 00:40:28 - [TEST_STEP][PASSED] - Statement - counter = counter + 1: null

2018-12-14 00:40:28 - [TEST_STEP][PASSED] - Statement - PreSaveFile = new java.io.File(((pathPrefix + java.lang.Integer.toString(counter)) + .png)): null

2018-12-14 00:40:28 - [TEST_STEP][PASSED] - Statement - counter = counter + 1: null

2018-12-14 00:40:28 - [TEST_STEP][PASSED] - Statement - PreSaveFile = new java.io.File(((pathPrefix + java.lang.Integer.toString(counter)) + .png)): null

2018-12-14 00:40:28 - [TEST_STEP][PASSED] - Statement - counter = counter + 1: null

2018-12-14 00:40:28 - [TEST_STEP][PASSED] - Statement - PreSaveFile = new java.io.File(((pathPrefix + java.lang.Integer.toString(counter)) + .png)): null

2018-12-14 00:40:28 - [TEST_STEP][PASSED] - Statement - counter = counter + 1: null

2018-12-14 00:40:28 - [TEST_STEP][PASSED] - Statement - PreSaveFile = new java.io.File(((pathPrefix + java.lang.Integer.toString(counter)) + .png)): null

2018-12-14 00:40:28 - [TEST_STEP][PASSED] - Statement - counter = counter + 1: null

2018-12-14 00:40:28 - [TEST_STEP][PASSED] - Statement - PreSaveFile = new java.io.File(((pathPrefix + java.lang.Integer.toString(counter)) + .png)): null

2018-12-14 00:40:28 - [TEST_STEP][PASSED] - Statement - counter = counter + 1: null

2018-12-14 00:40:28 - [TEST_STEP][PASSED] - Statement - PreSaveFile = new java.io.File(((pathPrefix + java.lang.Integer.toString(counter)) + .png)): null

2018-12-14 00:40:28 - [TEST_STEP][PASSED] - Statement - counter = counter + 1: null

2018-12-14 00:40:28 - [TEST_STEP][PASSED] - Statement - PreSaveFile = new java.io.File(((pathPrefix + java.lang.Integer.toString(counter)) + .png)): null

2018-12-14 00:40:28 - [TEST_STEP][PASSED] - Statement - counter = counter + 1: null

2018-12-14 00:40:28 - [TEST_STEP][PASSED] - Statement - PreSaveFile = new java.io.File(((pathPrefix + java.lang.Integer.toString(counter)) + .png)): null

2018-12-14 00:40:28 - [TEST_STEP][PASSED] - Statement - counter = counter + 1: null

2018-12-14 00:40:28 - [TEST_STEP][PASSED] - Statement - PreSaveFile = new java.io.File(((pathPrefix + java.lang.Integer.toString(counter)) + .png)): null

2018-12-14 00:40:28 - [TEST_STEP][PASSED] - Statement - counter = counter + 1: null

2018-12-14 00:40:28 - [TEST_STEP][PASSED] - Statement - PreSaveFile = new java.io.File(((pathPrefix + java.lang.Integer.toString(counter)) + .png)): null

2018-12-14 00:40:28 - [TEST_STEP][PASSED] - Statement - counter = counter + 1: null

2018-12-14 00:40:28 - [TEST_STEP][PASSED] - Statement - PreSaveFile = new java.io.File(((pathPrefix + java.lang.Integer.toString(counter)) + .png)): null

2018-12-14 00:40:28 - [TEST_STEP][PASSED] - Statement - counter = counter + 1: null

2018-12-14 00:40:28 - [TEST_STEP][PASSED] - Statement - PreSaveFile = new java.io.File(((pathPrefix + java.lang.Integer.toString(counter)) + .png)): null

2018-12-14 00:40:28 - [TEST_STEP][PASSED] - Statement - counter = counter + 1: null

2018-12-14 00:40:28 - [TEST_STEP][PASSED] - Statement - PreSaveFile = new java.io.File(((pathPrefix + java.lang.Integer.toString(counter)) + .png)): null

2018-12-14 00:40:28 - [TEST_STEP][PASSED] - Statement - counter = counter + 1: null

2018-12-14 00:40:28 - [TEST_STEP][PASSED] - Statement - PreSaveFile = new java.io.File(((pathPrefix + java.lang.Integer.toString(counter)) + .png)): null

2018-12-14 00:40:28 - [TEST_STEP][PASSED] - Statement - counter = counter + 1: null

2018-12-14 00:40:28 - [TEST_STEP][PASSED] - Statement - PreSaveFile = new java.io.File(((pathPrefix + java.lang.Integer.toString(counter)) + .png)): null

2018-12-14 00:40:28 - [TEST_STEP][PASSED] - Statement - counter = counter + 1: null

2018-12-14 00:40:28 - [TEST_STEP][PASSED] - Statement - PreSaveFile = new java.io.File(((pathPrefix + java.lang.Integer.toString(counter)) + .png)): null

2018-12-14 00:40:28 - [TEST_STEP][PASSED] - Statement - counter = counter + 1: null

2018-12-14 00:40:28 - [TEST_STEP][PASSED] - Statement - PreSaveFile = new java.io.File(((pathPrefix + java.lang.Integer.toString(counter)) + .png)): null

2018-12-14 00:40:28 - [TEST_STEP][PASSED] - Statement - counter = counter + 1: null

2018-12-14 00:40:28 - [TEST_STEP][PASSED] - Statement - PreSaveFile = new java.io.File(((pathPrefix + java.lang.Integer.toString(counter)) + .png)): null

2018-12-14 00:40:28 - [TEST_STEP][PASSED] - Statement - counter = counter + 1: null

2018-12-14 00:40:28 - [TEST_STEP][PASSED] - Statement - PreSaveFile = new java.io.File(((pathPrefix + java.lang.Integer.toString(counter)) + .png)): null

2018-12-14 00:40:28 - [TEST_STEP][PASSED] - Statement - counter = counter + 1: null

2018-12-14 00:40:28 - [TEST_STEP][PASSED] - Statement - PreSaveFile = new java.io.File(((pathPrefix + java.lang.Integer.toString(counter)) + .png)): null

2018-12-14 00:40:28 - [TEST_STEP][PASSED] - Statement - counter = counter + 1: null

2018-12-14 00:40:28 - [TEST_STEP][PASSED] - Statement - PreSaveFile = new java.io.File(((pathPrefix + java.lang.Integer.toString(counter)) + .png)): null

2018-12-14 00:40:28 - [TEST_STEP][PASSED] - Statement - counter = counter + 1: null

2018-12-14 00:40:28 - [TEST_STEP][PASSED] - Statement - PreSaveFile = new java.io.File(((pathPrefix + java.lang.Integer.toString(counter)) + .png)): null

2018-12-14 00:40:28 - [TEST_STEP][PASSED] - Statement - counter = counter + 1: null

2018-12-14 00:40:28 - [TEST_STEP][PASSED] - Statement - PreSaveFile = new java.io.File(((pathPrefix + java.lang.Integer.toString(counter)) + .png)): null

2018-12-14 00:40:28 - [TEST_STEP][PASSED] - Statement - counter = counter + 1: null

2018-12-14 00:40:28 - [TEST_STEP][PASSED] - Statement - PreSaveFile = new java.io.File(((pathPrefix + java.lang.Integer.toString(counter)) + .png)): null

2018-12-14 00:40:28 - [TEST_STEP][PASSED] - Statement - counter = counter + 1: null

2018-12-14 00:40:28 - [TEST_STEP][PASSED] - Statement - PreSaveFile = new java.io.File(((pathPrefix + java.lang.Integer.toString(counter)) + .png)): null

2018-12-14 00:40:28 - [TEST_STEP][PASSED] - Statement - counter = counter + 1: null

2018-12-14 00:40:28 - [TEST_STEP][PASSED] - Statement - PreSaveFile = new java.io.File(((pathPrefix + java.lang.Integer.toString(counter)) + .png)): null

2018-12-14 00:40:28 - [TEST_STEP][PASSED] - Statement - counter = counter + 1: null

2018-12-14 00:40:28 - [TEST_STEP][PASSED] - Statement - PreSaveFile = new java.io.File(((pathPrefix + java.lang.Integer.toString(counter)) + .png)): null

2018-12-14 00:40:28 - [TEST_STEP][PASSED] - Statement - counter = counter + 1: null

2018-12-14 00:40:28 - [TEST_STEP][PASSED] - Statement - PreSaveFile = new java.io.File(((pathPrefix + java.lang.Integer.toString(counter)) + .png)): null

2018-12-14 00:40:28 - [TEST_STEP][PASSED] - Statement - counter = counter + 1: null

2018-12-14 00:40:28 - [TEST_STEP][PASSED] - Statement - PreSaveFile = new java.io.File(((pathPrefix + java.lang.Integer.toString(counter)) + .png)): null

2018-12-14 00:40:28 - [TEST_STEP][PASSED] - Statement - counter = counter + 1: null

2018-12-14 00:40:28 - [TEST_STEP][PASSED] - Statement - PreSaveFile = new java.io.File(((pathPrefix + java.lang.Integer.toString(counter)) + .png)): null

2018-12-14 00:40:28 - [TEST_STEP][PASSED] - Statement - counter = counter + 1: null

2018-12-14 00:40:28 - [TEST_STEP][PASSED] - Statement - PreSaveFile = new java.io.File(((pathPrefix + java.lang.Integer.toString(counter)) + .png)): null

2018-12-14 00:40:28 - [TEST_STEP][PASSED] - Statement - counter = counter + 1: null

2018-12-14 00:40:28 - [TEST_STEP][PASSED] - Statement - PreSaveFile = new java.io.File(((pathPrefix + java.lang.Integer.toString(counter)) + .png)): null

2018-12-14 00:40:28 - [TEST_STEP][PASSED] - Statement - counter = counter + 1: null

2018-12-14 00:40:28 - [TEST_STEP][PASSED] - Statement - PreSaveFile = new java.io.File(((pathPrefix + java.lang.Integer.toString(counter)) + .png)): null

2018-12-14 00:40:28 - [TEST_STEP][PASSED] - Statement - counter = counter + 1: null

2018-12-14 00:40:28 - [TEST_STEP][PASSED] - Statement - PreSaveFile = new java.io.File(((pathPrefix + java.lang.Integer.toString(counter)) + .png)): null

2018-12-14 00:40:28 - [TEST_STEP][PASSED] - Statement - counter = counter + 1: null

2018-12-14 00:40:28 - [TEST_STEP][PASSED] - Statement - PreSaveFile = new java.io.File(((pathPrefix + java.lang.Integer.toString(counter)) + .png)): null

2018-12-14 00:40:28 - [TEST_STEP][PASSED] - Statement - counter = counter + 1: null

2018-12-14 00:40:28 - [TEST_STEP][PASSED] - Statement - PreSaveFile = new java.io.File(((pathPrefix + java.lang.Integer.toString(counter)) + .png)): null

2018-12-14 00:40:28 - [TEST_STEP][PASSED] - Statement - counter = counter + 1: null

2018-12-14 00:40:28 - [TEST_STEP][PASSED] - Statement - PreSaveFile = new java.io.File(((pathPrefix + java.lang.Integer.toString(counter)) + .png)): null

2018-12-14 00:40:28 - [TEST_STEP][PASSED] - Statement - counter = counter + 1: null

2018-12-14 00:40:28 - [TEST_STEP][PASSED] - Statement - PreSaveFile = new java.io.File(((pathPrefix + java.lang.Integer.toString(counter)) + .png)): null

2018-12-14 00:40:28 - [TEST_STEP][PASSED] - Statement - counter = counter + 1: null

2018-12-14 00:40:28 - [TEST_STEP][PASSED] - Statement - PreSaveFile = new java.io.File(((pathPrefix + java.lang.Integer.toString(counter)) + .png)): null

2018-12-14 00:40:28 - [TEST_STEP][PASSED] - Statement - counter = counter + 1: null

2018-12-14 00:40:28 - [TEST_STEP][PASSED] - Statement - PreSaveFile = new java.io.File(((pathPrefix + java.lang.Integer.toString(counter)) + .png)): null

2018-12-14 00:40:28 - [TEST_STEP][PASSED] - Statement - counter = counter + 1: null

2018-12-14 00:40:28 - [TEST_STEP][PASSED] - Statement - PreSaveFile = new java.io.File(((pathPrefix + java.lang.Integer.toString(counter)) + .png)): null

2018-12-14 00:40:28 - [TEST_STEP][PASSED] - Statement - counter = counter + 1: null

2018-12-14 00:40:28 - [TEST_STEP][PASSED] - Statement - PreSaveFile = new java.io.File(((pathPrefix + java.lang.Integer.toString(counter)) + .png)): null

2018-12-14 00:40:28 - [TEST_STEP][PASSED] - Statement - counter = counter + 1: null

2018-12-14 00:40:28 - [TEST_STEP][PASSED] - Statement - PreSaveFile = new java.io.File(((pathPrefix + java.lang.Integer.toString(counter)) + .png)): null

2018-12-14 00:40:28 - [TEST_STEP][PASSED] - Statement - counter = counter + 1: null

2018-12-14 00:40:28 - [TEST_STEP][PASSED] - Statement - PreSaveFile = new java.io.File(((pathPrefix + java.lang.Integer.toString(counter)) + .png)): null

2018-12-14 00:40:28 - [TEST_STEP][PASSED] - Statement - counter = counter + 1: null

2018-12-14 00:40:28 - [TEST_STEP][PASSED] - Statement - PreSaveFile = new java.io.File(((pathPrefix + java.lang.Integer.toString(counter)) + .png)): null

2018-12-14 00:40:28 - [TEST_STEP][PASSED] - Statement - counter = counter + 1: null

2018-12-14 00:40:28 - [TEST_STEP][PASSED] - Statement - PreSaveFile = new java.io.File(((pathPrefix + java.lang.Integer.toString(counter)) + .png)): null

2018-12-14 00:40:28 - [TEST_STEP][PASSED] - Statement - counter = counter + 1: null

2018-12-14 00:40:28 - [TEST_STEP][PASSED] - Statement - PreSaveFile = new java.io.File(((pathPrefix + java.lang.Integer.toString(counter)) + .png)): null

2018-12-14 00:40:28 - [TEST_STEP][PASSED] - Statement - counter = counter + 1: null

2018-12-14 00:40:28 - [TEST_STEP][PASSED] - Statement - PreSaveFile = new java.io.File(((pathPrefix + java.lang.Integer.toString(counter)) + .png)): null

2018-12-14 00:40:28 - [TEST_STEP][PASSED] - Statement - counter = counter + 1: null

2018-12-14 00:40:28 - [TEST_STEP][PASSED] - Statement - PreSaveFile = new java.io.File(((pathPrefix + java.lang.Integer.toString(counter)) + .png)): null

2018-12-14 00:40:28 - [TEST_STEP][PASSED] - Statement - counter = counter + 1: null

2018-12-14 00:40:28 - [TEST_STEP][PASSED] - Statement - PreSaveFile = new java.io.File(((pathPrefix + java.lang.Integer.toString(counter)) + .png)): null

2018-12-14 00:40:28 - [TEST_STEP][PASSED] - Statement - counter = counter + 1: null

2018-12-14 00:40:28 - [TEST_STEP][PASSED] - Statement - PreSaveFile = new java.io.File(((pathPrefix + java.lang.Integer.toString(counter)) + .png)): null

2018-12-14 00:40:28 - [TEST_STEP][PASSED] - Statement - counter = counter + 1: null

2018-12-14 00:40:28 - [TEST_STEP][PASSED] - Statement - PreSaveFile = new java.io.File(((pathPrefix + java.lang.Integer.toString(counter)) + .png)): null

2018-12-14 00:40:28 - [TEST_STEP][PASSED] - Statement - counter = counter + 1: null

2018-12-14 00:40:28 - [TEST_STEP][PASSED] - Statement - PreSaveFile = new java.io.File(((pathPrefix + java.lang.Integer.toString(counter)) + .png)): null

2018-12-14 00:40:28 - [TEST_STEP][PASSED] - Statement - counter = counter + 1: null

2018-12-14 00:40:28 - [TEST_STEP][PASSED] - Statement - PreSaveFile = new java.io.File(((pathPrefix + java.lang.Integer.toString(counter)) + .png)): null

2018-12-14 00:40:28 - [TEST_STEP][PASSED] - Statement - counter = counter + 1: null

2018-12-14 00:40:28 - [TEST_STEP][PASSED] - Statement - PreSaveFile = new java.io.File(((pathPrefix + java.lang.Integer.toString(counter)) + .png)): null

2018-12-14 00:40:28 - [TEST_STEP][PASSED] - Statement - counter = counter + 1: null

2018-12-14 00:40:28 - [TEST_STEP][PASSED] - Statement - PreSaveFile = new java.io.File(((pathPrefix + java.lang.Integer.toString(counter)) + .png)): null

2018-12-14 00:40:28 - [TEST_STEP][PASSED] - Statement - counter = counter + 1: null

2018-12-14 00:40:28 - [TEST_STEP][PASSED] - Statement - PreSaveFile = new java.io.File(((pathPrefix + java.lang.Integer.toString(counter)) + .png)): null

2018-12-14 00:40:28 - [TEST_STEP][PASSED] - Statement - counter = counter + 1: null

2018-12-14 00:40:28 - [TEST_STEP][PASSED] - Statement - PreSaveFile = new java.io.File(((pathPrefix + java.lang.Integer.toString(counter)) + .png)): null

2018-12-14 00:40:28 - [TEST_STEP][PASSED] - Statement - counter = counter + 1: null

2018-12-14 00:40:28 - [TEST_STEP][PASSED] - Statement - PreSaveFile = new java.io.File(((pathPrefix + java.lang.Integer.toString(counter)) + .png)): null

2018-12-14 00:40:28 - [TEST_STEP][PASSED] - Statement - counter = counter + 1: null

2018-12-14 00:40:28 - [TEST_STEP][PASSED] - Statement - PreSaveFile = new java.io.File(((pathPrefix + java.lang.Integer.toString(counter)) + .png)): null

2018-12-14 00:40:28 - [TEST_STEP][PASSED] - Statement - counter = counter + 1: null

2018-12-14 00:40:28 - [TEST_STEP][PASSED] - Statement - PreSaveFile = new java.io.File(((pathPrefix + java.lang.Integer.toString(counter)) + .png)): null

2018-12-14 00:40:28 - [TEST_STEP][PASSED] - Statement - counter = counter + 1: null

2018-12-14 00:40:28 - [TEST_STEP][PASSED] - Statement - PreSaveFile = new java.io.File(((pathPrefix + java.lang.Integer.toString(counter)) + .png)): null

2018-12-14 00:40:28 - [TEST_STEP][PASSED] - Statement - counter = counter + 1: null

2018-12-14 00:40:28 - [TEST_STEP][PASSED] - Statement - PreSaveFile = new java.io.File(((pathPrefix + java.lang.Integer.toString(counter)) + .png)): null

2018-12-14 00:40:28 - [TEST_STEP][PASSED] - Statement - counter = counter + 1: null

2018-12-14 00:40:28 - [TEST_STEP][PASSED] - Statement - PreSaveFile = new java.io.File(((pathPrefix + java.lang.Integer.toString(counter)) + .png)): null

2018-12-14 00:40:28 - [TEST_STEP][PASSED] - Statement - counter = counter + 1: null

2018-12-14 00:40:28 - [TEST_STEP][PASSED] - Statement - PreSaveFile = new java.io.File(((pathPrefix + java.lang.Integer.toString(counter)) + .png)): null

2018-12-14 00:40:28 - [TEST_STEP][PASSED] - Statement - counter = counter + 1: null

2018-12-14 00:40:28 - [TEST_STEP][PASSED] - Statement - PreSaveFile = new java.io.File(((pathPrefix + java.lang.Integer.toString(counter)) + .png)): null

2018-12-14 00:40:28 - [TEST_STEP][PASSED] - Statement - counter = counter + 1: null

2018-12-14 00:40:28 - [TEST_STEP][PASSED] - Statement - PreSaveFile = new java.io.File(((pathPrefix + java.lang.Integer.toString(counter)) + .png)): null

2018-12-14 00:40:28 - [TEST_STEP][PASSED] - Statement - counter = counter + 1: null

2018-12-14 00:40:28 - [TEST_STEP][PASSED] - Statement - PreSaveFile = new java.io.File(((pathPrefix + java.lang.Integer.toString(counter)) + .png)): null

2018-12-14 00:40:28 - [TEST_STEP][PASSED] - Statement - counter = counter + 1: null

2018-12-14 00:40:28 - [TEST_STEP][PASSED] - Statement - PreSaveFile = new java.io.File(((pathPrefix + java.lang.Integer.toString(counter)) + .png)): null

2018-12-14 00:40:28 - [TEST_STEP][PASSED] - Statement - counter = counter + 1: null

2018-12-14 00:40:28 - [TEST_STEP][PASSED] - Statement - PreSaveFile = new java.io.File(((pathPrefix + java.lang.Integer.toString(counter)) + .png)): null

2018-12-14 00:40:28 - [TEST_STEP][PASSED] - Statement - counter = counter + 1: null

2018-12-14 00:40:28 - [TEST_STEP][PASSED] - Statement - PreSaveFile = new java.io.File(((pathPrefix + java.lang.Integer.toString(counter)) + .png)): null

2018-12-14 00:40:28 - [TEST_STEP][PASSED] - Statement - counter = counter + 1: null

2018-12-14 00:40:28 - [TEST_STEP][PASSED] - Statement - PreSaveFile = new java.io.File(((pathPrefix + java.lang.Integer.toString(counter)) + .png)): null

2018-12-14 00:40:28 - [TEST_STEP][PASSED] - Statement - counter = counter + 1: null

2018-12-14 00:40:28 - [TEST_STEP][PASSED] - Statement - PreSaveFile = new java.io.File(((pathPrefix + java.lang.Integer.toString(counter)) + .png)): null

2018-12-14 00:40:28 - [TEST_STEP][PASSED] - Statement - counter = counter + 1: null

2018-12-14 00:40:28 - [TEST_STEP][PASSED] - Statement - PreSaveFile = new java.io.File(((pathPrefix + java.lang.Integer.toString(counter)) + .png)): null

2018-12-14 00:40:28 - [TEST_STEP][PASSED] - Statement - counter = counter + 1: null

2018-12-14 00:40:28 - [TEST_STEP][PASSED] - Statement - PreSaveFile = new java.io.File(((pathPrefix + java.lang.Integer.toString(counter)) + .png)): null

2018-12-14 00:40:28 - [TEST_STEP][PASSED] - Statement - counter = counter + 1: null

2018-12-14 00:40:28 - [TEST_STEP][PASSED] - Statement - PreSaveFile = new java.io.File(((pathPrefix + java.lang.Integer.toString(counter)) + .png)): null

2018-12-14 00:40:28 - [TEST_STEP][PASSED] - Statement - counter = counter + 1: null

2018-12-14 00:40:28 - [TEST_STEP][PASSED] - Statement - PreSaveFile = new java.io.File(((pathPrefix + java.lang.Integer.toString(counter)) + .png)): null

2018-12-14 00:40:28 - [TEST_STEP][PASSED] - Statement - counter = counter + 1: null

2018-12-14 00:40:28 - [TEST_STEP][PASSED] - Statement - PreSaveFile = new java.io.File(((pathPrefix + java.lang.Integer.toString(counter)) + .png)): null

2018-12-14 00:40:28 - [TEST_STEP][PASSED] - Statement - counter = counter + 1: null

2018-12-14 00:40:28 - [TEST_STEP][PASSED] - Statement - PreSaveFile = new java.io.File(((pathPrefix + java.lang.Integer.toString(counter)) + .png)): null

2018-12-14 00:40:28 - [TEST_STEP][PASSED] - Statement - counter = counter + 1: null

2018-12-14 00:40:28 - [TEST_STEP][PASSED] - Statement - PreSaveFile = new java.io.File(((pathPrefix + java.lang.Integer.toString(counter)) + .png)): null

2018-12-14 00:40:28 - [TEST_STEP][PASSED] - Statement - counter = counter + 1: null

2018-12-14 00:40:28 - [TEST_STEP][PASSED] - Statement - PreSaveFile = new java.io.File(((pathPrefix + java.lang.Integer.toString(counter)) + .png)): null

2018-12-14 00:40:28 - [TEST_STEP][PASSED] - Statement - counter = counter + 1: null

2018-12-14 00:40:28 - [TEST_STEP][PASSED] - Statement - PreSaveFile = new java.io.File(((pathPrefix + java.lang.Integer.toString(counter)) + .png)): null

2018-12-14 00:40:28 - [TEST_STEP][PASSED] - Statement - counter = counter + 1: null

2018-12-14 00:40:28 - [TEST_STEP][PASSED] - Statement - PreSaveFile = new java.io.File(((pathPrefix + java.lang.Integer.toString(counter)) + .png)): null

2018-12-14 00:40:28 - [TEST_STEP][PASSED] - Statement - counter = counter + 1: null

2018-12-14 00:40:28 - [TEST_STEP][PASSED] - Statement - PreSaveFile = new java.io.File(((pathPrefix + java.lang.Integer.toString(counter)) + .png)): null

2018-12-14 00:40:28 - [TEST_STEP][PASSED] - Statement - counter = counter + 1: null

2018-12-14 00:40:28 - [TEST_STEP][PASSED] - Statement - PreSaveFile = new java.io.File(((pathPrefix + java.lang.Integer.toString(counter)) + .png)): null

2018-12-14 00:40:28 - [TEST_STEP][PASSED] - Statement - counter = counter + 1: null

2018-12-14 00:40:28 - [TEST_STEP][PASSED] - Statement - PreSaveFile = new java.io.File(((pathPrefix + java.lang.Integer.toString(counter)) + .png)): null

2018-12-14 00:40:28 - [TEST_STEP][PASSED] - Statement - counter = counter + 1: null

2018-12-14 00:40:28 - [TEST_STEP][PASSED] - Statement - PreSaveFile = new java.io.File(((pathPrefix + java.lang.Integer.toString(counter)) + .png)): null

2018-12-14 00:40:28 - [TEST_STEP][PASSED] - Statement - counter = counter + 1: null

2018-12-14 00:40:28 - [TEST_STEP][PASSED] - Statement - PreSaveFile = new java.io.File(((pathPrefix + java.lang.Integer.toString(counter)) + .png)): null

2018-12-14 00:40:28 - [TEST_STEP][PASSED] - Statement - counter = counter + 1: null

2018-12-14 00:40:28 - [TEST_STEP][PASSED] - Statement - PreSaveFile = new java.io.File(((pathPrefix + java.lang.Integer.toString(counter)) + .png)): null

2018-12-14 00:40:28 - [TEST_STEP][PASSED] - Statement - counter = counter + 1: null

2018-12-14 00:40:28 - [TEST_STEP][PASSED] - Statement - PreSaveFile = new java.io.File(((pathPrefix + java.lang.Integer.toString(counter)) + .png)): null

2018-12-14 00:40:28 - [TEST_STEP][PASSED] - Statement - counter = counter + 1: null

2018-12-14 00:40:28 - [TEST_STEP][PASSED] - Statement - PreSaveFile = new java.io.File(((pathPrefix + java.lang.Integer.toString(counter)) + .png)): null

2018-12-14 00:40:28 - [TEST_STEP][PASSED] - Statement - counter = counter + 1: null

2018-12-14 00:40:28 - [TEST_STEP][PASSED] - Statement - PreSaveFile = new java.io.File(((pathPrefix + java.lang.Integer.toString(counter)) + .png)): null

2018-12-14 00:40:28 - [TEST_STEP][PASSED] - Statement - counter = counter + 1: null

2018-12-14 00:40:28 - [TEST_STEP][PASSED] - Statement - PreSaveFile = new java.io.File(((pathPrefix + java.lang.Integer.toString(counter)) + .png)): null

2018-12-14 00:40:28 - [TEST_STEP][PASSED] - Statement - counter = counter + 1: null

2018-12-14 00:40:28 - [TEST_STEP][PASSED] - Statement - PreSaveFile = new java.io.File(((pathPrefix + java.lang.Integer.toString(counter)) + .png)): null

2018-12-14 00:40:28 - [TEST_STEP][PASSED] - Statement - counter = counter + 1: null

2018-12-14 00:40:28 - [TEST_STEP][PASSED] - Statement - PreSaveFile = new java.io.File(((pathPrefix + java.lang.Integer.toString(counter)) + .png)): null

2018-12-14 00:40:28 - [TEST_STEP][PASSED] - Statement - counter = counter + 1: null

2018-12-14 00:40:28 - [TEST_STEP][PASSED] - Statement - PreSaveFile = new java.io.File(((pathPrefix + java.lang.Integer.toString(counter)) + .png)): null

2018-12-14 00:40:28 - [TEST_STEP][PASSED] - Statement - counter = counter + 1: null

2018-12-14 00:40:28 - [TEST_STEP][PASSED] - Statement - PreSaveFile = new java.io.File(((pathPrefix + java.lang.Integer.toString(counter)) + .png)): null

2018-12-14 00:40:28 - [TEST_STEP][PASSED] - Statement - counter = counter + 1: null

2018-12-14 00:40:28 - [TEST_STEP][PASSED] - Statement - PreSaveFile = new java.io.File(((pathPrefix + java.lang.Integer.toString(counter)) + .png)): null

2018-12-14 00:40:28 - [TEST_STEP][PASSED] - Statement - counter = counter + 1: null

2018-12-14 00:40:28 - [TEST_STEP][PASSED] - Statement - PreSaveFile = new java.io.File(((pathPrefix + java.lang.Integer.toString(counter)) + .png)): null

2018-12-14 00:40:28 - [TEST_STEP][PASSED] - Statement - counter = counter + 1: null

2018-12-14 00:40:28 - [TEST_STEP][PASSED] - Statement - PreSaveFile = new java.io.File(((pathPrefix + java.lang.Integer.toString(counter)) + .png)): null

2018-12-14 00:40:28 - [TEST_STEP][PASSED] - Statement - counter = counter + 1: null

2018-12-14 00:40:28 - [TEST_STEP][PASSED] - Statement - PreSaveFile = new java.io.File(((pathPrefix + java.lang.Integer.toString(counter)) + .png)): null

2018-12-14 00:40:28 - [TEST_STEP][PASSED] - Statement - counter = counter + 1: null

2018-12-14 00:40:28 - [TEST_STEP][PASSED] - Statement - PreSaveFile = new java.io.File(((pathPrefix + java.lang.Integer.toString(counter)) + .png)): null

2018-12-14 00:40:28 - [TEST_STEP][PASSED] - Statement - counter = counter + 1: null

2018-12-14 00:40:28 - [TEST_STEP][PASSED] - Statement - PreSaveFile = new java.io.File(((pathPrefix + java.lang.Integer.toString(counter)) + .png)): null

2018-12-14 00:40:28 - [TEST_STEP][PASSED] - Statement - counter = counter + 1: null

2018-12-14 00:40:28 - [TEST_STEP][PASSED] - Statement - PreSaveFile = new java.io.File(((pathPrefix + java.lang.Integer.toString(counter)) + .png)): null

2018-12-14 00:40:28 - [TEST_STEP][PASSED] - Statement - counter = counter + 1: null

2018-12-14 00:40:28 - [TEST_STEP][PASSED] - Statement - PreSaveFile = new java.io.File(((pathPrefix + java.lang.Integer.toString(counter)) + .png)): null

2018-12-14 00:40:28 - [TEST_STEP][PASSED] - Statement - counter = counter + 1: null

2018-12-14 00:40:28 - [TEST_STEP][PASSED] - Statement - PreSaveFile = new java.io.File(((pathPrefix + java.lang.Integer.toString(counter)) + .png)): null

2018-12-14 00:40:28 - [TEST_STEP][PASSED] - Statement - counter = counter + 1: null

2018-12-14 00:40:28 - [TEST_STEP][PASSED] - Statement - PreSaveFile = new java.io.File(((pathPrefix + java.lang.Integer.toString(counter)) + .png)): null

2018-12-14 00:40:28 - [TEST_STEP][PASSED] - Statement - counter = counter + 1: null

2018-12-14 00:40:28 - [TEST_STEP][PASSED] - Statement - PreSaveFile = new java.io.File(((pathPrefix + java.lang.Integer.toString(counter)) + .png)): null

2018-12-14 00:40:28 - [TEST_STEP][PASSED] - Statement - counter = counter + 1: null

2018-12-14 00:40:28 - [TEST_STEP][PASSED] - Statement - PreSaveFile = new java.io.File(((pathPrefix + java.lang.Integer.toString(counter)) + .png)): null

2018-12-14 00:40:28 - [TEST_STEP][PASSED] - Statement - counter = counter + 1: null

2018-12-14 00:40:28 - [TEST_STEP][PASSED] - Statement - PreSaveFile = new java.io.File(((pathPrefix + java.lang.Integer.toString(counter)) + .png)): null

2018-12-14 00:40:28 - [TEST_STEP][PASSED] - Statement - counter = counter + 1: null

2018-12-14 00:40:28 - [TEST_STEP][PASSED] - Statement - PreSaveFile = new java.io.File(((pathPrefix + java.lang.Integer.toString(counter)) + .png)): null

2018-12-14 00:40:28 - [TEST_STEP][PASSED] - Statement - counter = counter + 1: null

2018-12-14 00:40:28 - [TEST_STEP][PASSED] - Statement - PreSaveFile = new java.io.File(((pathPrefix + java.lang.Integer.toString(counter)) + .png)): null

2018-12-14 00:40:28 - [TEST_STEP][PASSED] - Statement - counter = counter + 1: null

2018-12-14 00:40:28 - [TEST_STEP][PASSED] - Statement - PreSaveFile = new java.io.File(((pathPrefix + java.lang.Integer.toString(counter)) + .png)): null

2018-12-14 00:40:28 - [TEST_STEP][PASSED] - Statement - counter = counter + 1: null

2018-12-14 00:40:28 - [TEST_STEP][PASSED] - Statement - PreSaveFile = new java.io.File(((pathPrefix + java.lang.Integer.toString(counter)) + .png)): null

2018-12-14 00:40:28 - [TEST_STEP][PASSED] - Statement - counter = counter + 1: null

2018-12-14 00:40:28 - [TEST_STEP][PASSED] - Statement - PreSaveFile = new java.io.File(((pathPrefix + java.lang.Integer.toString(counter)) + .png)): null

2018-12-14 00:40:28 - [TEST_STEP][PASSED] - Statement - counter = counter + 1: null

2018-12-14 00:40:28 - [TEST_STEP][PASSED] - Statement - PreSaveFile = new java.io.File(((pathPrefix + java.lang.Integer.toString(counter)) + .png)): null

2018-12-14 00:40:28 - [TEST_STEP][PASSED] - Statement - counter = counter + 1: null

2018-12-14 00:40:28 - [TEST_STEP][PASSED] - Statement - PreSaveFile = new java.io.File(((pathPrefix + java.lang.Integer.toString(counter)) + .png)): null

2018-12-14 00:40:28 - [TEST_STEP][PASSED] - Statement - counter = counter + 1: null

2018-12-14 00:40:28 - [TEST_STEP][PASSED] - Statement - PreSaveFile = new java.io.File(((pathPrefix + java.lang.Integer.toString(counter)) + .png)): null

2018-12-14 00:40:28 - [TEST_STEP][PASSED] - Statement - counter = counter + 1: null

2018-12-14 00:40:28 - [TEST_STEP][PASSED] - Statement - PreSaveFile = new java.io.File(((pathPrefix + java.lang.Integer.toString(counter)) + .png)): null

2018-12-14 00:40:28 - [TEST_STEP][PASSED] - Statement - counter = counter + 1: null

2018-12-14 00:40:28 - [TEST_STEP][PASSED] - Statement - PreSaveFile = new java.io.File(((pathPrefix + java.lang.Integer.toString(counter)) + .png)): null

2018-12-14 00:40:28 - [TEST_STEP][PASSED] - Statement - counter = counter + 1: null

2018-12-14 00:40:28 - [TEST_STEP][PASSED] - Statement - PreSaveFile = new java.io.File(((pathPrefix + java.lang.Integer.toString(counter)) + .png)): null

2018-12-14 00:40:28 - [TEST_STEP][PASSED] - Statement - counter = counter + 1: null

2018-12-14 00:40:28 - [TEST_STEP][PASSED] - Statement - PreSaveFile = new java.io.File(((pathPrefix + java.lang.Integer.toString(counter)) + .png)): null

2018-12-14 00:40:28 - [TEST_STEP][PASSED] - Statement - counter = counter + 1: null

2018-12-14 00:40:28 - [TEST_STEP][PASSED] - Statement - PreSaveFile = new java.io.File(((pathPrefix + java.lang.Integer.toString(counter)) + .png)): null

2018-12-14 00:40:28 - [TEST_STEP][PASSED] - Statement - counter = counter + 1: null

2018-12-14 00:40:28 - [TEST_STEP][PASSED] - Statement - PreSaveFile = new java.io.File(((pathPrefix + java.lang.Integer.toString(counter)) + .png)): null

2018-12-14 00:40:28 - [TEST_STEP][PASSED] - Statement - counter = counter + 1: null

2018-12-14 00:40:28 - [TEST_STEP][PASSED] - Statement - PreSaveFile = new java.io.File(((pathPrefix + java.lang.Integer.toString(counter)) + .png)): null

2018-12-14 00:40:28 - [TEST_STEP][PASSED] - Statement - counter = counter + 1: null

2018-12-14 00:40:28 - [TEST_STEP][PASSED] - Statement - PreSaveFile = new java.io.File(((pathPrefix + java.lang.Integer.toString(counter)) + .png)): null

2018-12-14 00:40:28 - [TEST_STEP][PASSED] - Statement - counter = counter + 1: null

2018-12-14 00:40:28 - [TEST_STEP][PASSED] - Statement - PreSaveFile = new java.io.File(((pathPrefix + java.lang.Integer.toString(counter)) + .png)): null

2018-12-14 00:40:28 - [TEST_STEP][PASSED] - Statement - counter = counter + 1: null

2018-12-14 00:40:28 - [TEST_STEP][PASSED] - Statement - PreSaveFile = new java.io.File(((pathPrefix + java.lang.Integer.toString(counter)) + .png)): null

2018-12-14 00:40:28 - [TEST_STEP][PASSED] - Statement - counter = counter + 1: null

2018-12-14 00:40:28 - [TEST_STEP][PASSED] - Statement - PreSaveFile = new java.io.File(((pathPrefix + java.lang.Integer.toString(counter)) + .png)): null

2018-12-14 00:40:28 - [TEST_STEP][PASSED] - Statement - counter = counter + 1: null

2018-12-14 00:40:28 - [TEST_STEP][PASSED] - Statement - PreSaveFile = new java.io.File(((pathPrefix + java.lang.Integer.toString(counter)) + .png)): null

2018-12-14 00:40:28 - [TEST_STEP][PASSED] - Statement - counter = counter + 1: null

2018-12-14 00:40:28 - [TEST_STEP][PASSED] - Statement - PreSaveFile = new java.io.File(((pathPrefix + java.lang.Integer.toString(counter)) + .png)): null

2018-12-14 00:40:28 - [TEST_STEP][PASSED] - Statement - counter = counter + 1: null

2018-12-14 00:40:28 - [TEST_STEP][PASSED] - Statement - PreSaveFile = new java.io.File(((pathPrefix + java.lang.Integer.toString(counter)) + .png)): null

2018-12-14 00:40:28 - [TEST_STEP][PASSED] - Statement - counter = counter + 1: null

2018-12-14 00:40:28 - [TEST_STEP][PASSED] - Statement - PreSaveFile = new java.io.File(((pathPrefix + java.lang.Integer.toString(counter)) + .png)): null

2018-12-14 00:40:28 - [TEST_STEP][PASSED] - Statement - counter = counter + 1: null

2018-12-14 00:40:28 - [TEST_STEP][PASSED] - Statement - PreSaveFile = new java.io.File(((pathPrefix + java.lang.Integer.toString(counter)) + .png)): null

2018-12-14 00:40:28 - [TEST_STEP][PASSED] - Statement - counter = counter + 1: null

2018-12-14 00:40:28 - [TEST_STEP][PASSED] - Statement - PreSaveFile = new java.io.File(((pathPrefix + java.lang.Integer.toString(counter)) + .png)): null

2018-12-14 00:40:28 - [TEST_STEP][PASSED] - Statement - counter = counter + 1: null

2018-12-14 00:40:28 - [TEST_STEP][PASSED] - Statement - PreSaveFile = new java.io.File(((pathPrefix + java.lang.Integer.toString(counter)) + .png)): null

2018-12-14 00:40:28 - [TEST_STEP][PASSED] - Statement - counter = counter + 1: null

2018-12-14 00:40:28 - [TEST_STEP][PASSED] - Statement - PreSaveFile = new java.io.File(((pathPrefix + java.lang.Integer.toString(counter)) + .png)): null

2018-12-14 00:40:28 - [TEST_STEP][PASSED] - Statement - counter = counter + 1: null

2018-12-14 00:40:28 - [TEST_STEP][PASSED] - Statement - PreSaveFile = new java.io.File(((pathPrefix + java.lang.Integer.toString(counter)) + .png)): null

2018-12-14 00:40:28 - [TEST_STEP][PASSED] - Statement - counter = counter + 1: null

2018-12-14 00:40:28 - [TEST_STEP][PASSED] - Statement - PreSaveFile = new java.io.File(((pathPrefix + java.lang.Integer.toString(counter)) + .png)): null

2018-12-14 00:40:28 - [TEST_STEP][PASSED] - Statement - counter = counter + 1: null

2018-12-14 00:40:28 - [TEST_STEP][PASSED] - Statement - PreSaveFile = new java.io.File(((pathPrefix + java.lang.Integer.toString(counter)) + .png)): null

2018-12-14 00:40:28 - [TEST_STEP][PASSED] - Statement - counter = counter + 1: null

2018-12-14 00:40:28 - [TEST_STEP][PASSED] - Statement - PreSaveFile = new java.io.File(((pathPrefix + java.lang.Integer.toString(counter)) + .png)): null

2018-12-14 00:40:28 - [TEST_STEP][PASSED] - Statement - counter = counter + 1: null

2018-12-14 00:40:28 - [TEST_STEP][PASSED] - Statement - PreSaveFile = new java.io.File(((pathPrefix + java.lang.Integer.toString(counter)) + .png)): null

2018-12-14 00:40:28 - [TEST_STEP][PASSED] - Statement - counter = counter + 1: null

2018-12-14 00:40:28 - [TEST_STEP][PASSED] - Statement - PreSaveFile = new java.io.File(((pathPrefix + java.lang.Integer.toString(counter)) + .png)): null

2018-12-14 00:40:28 - [TEST_STEP][PASSED] - Statement - counter = counter + 1: null

2018-12-14 00:40:28 - [TEST_STEP][PASSED] - Statement - PreSaveFile = new java.io.File(((pathPrefix + java.lang.Integer.toString(counter)) + .png)): null

2018-12-14 00:40:28 - [TEST_STEP][PASSED] - Statement - counter = counter + 1: null

2018-12-14 00:40:28 - [TEST_STEP][PASSED] - Statement - PreSaveFile = new java.io.File(((pathPrefix + java.lang.Integer.toString(counter)) + .png)): null

2018-12-14 00:40:28 - [TEST_STEP][PASSED] - Statement - counter = counter + 1: null

2018-12-14 00:40:28 - [TEST_STEP][PASSED] - Statement - PreSaveFile = new java.io.File(((pathPrefix + java.lang.Integer.toString(counter)) + .png)): null

2018-12-14 00:40:28 - [TEST_STEP][PASSED] - Statement - counter = counter + 1: null

2018-12-14 00:40:28 - [TEST_STEP][PASSED] - Statement - PreSaveFile = new java.io.File(((pathPrefix + java.lang.Integer.toString(counter)) + .png)): null

2018-12-14 00:40:28 - [TEST_STEP][PASSED] - Statement - counter = counter + 1: null

2018-12-14 00:40:28 - [TEST_STEP][PASSED] - Statement - PreSaveFile = new java.io.File(((pathPrefix + java.lang.Integer.toString(counter)) + .png)): null

2018-12-14 00:40:28 - [TEST_STEP][PASSED] - Statement - counter = counter + 1: null

2018-12-14 00:40:28 - [TEST_STEP][PASSED] - Statement - PreSaveFile = new java.io.File(((pathPrefix + java.lang.Integer.toString(counter)) + .png)): null

2018-12-14 00:40:28 - [TEST_STEP][PASSED] - Statement - counter = counter + 1: null

2018-12-14 00:40:28 - [TEST_STEP][PASSED] - Statement - PreSaveFile = new java.io.File(((pathPrefix + java.lang.Integer.toString(counter)) + .png)): null

2018-12-14 00:40:28 - [TEST_STEP][PASSED] - Statement - counter = counter + 1: null

2018-12-14 00:40:29 - [TEST_STEP][PASSED] - Statement - PreSaveFile = new java.io.File(((pathPrefix + java.lang.Integer.toString(counter)) + .png)): null

2018-12-14 00:40:29 - [TEST_STEP][PASSED] - Statement - counter = counter + 1: null

2018-12-14 00:40:29 - [TEST_STEP][PASSED] - Statement - PreSaveFile = new java.io.File(((pathPrefix + java.lang.Integer.toString(counter)) + .png)): null

2018-12-14 00:40:29 - [TEST_STEP][PASSED] - Statement - counter = counter + 1: null

2018-12-14 00:40:29 - [TEST_STEP][PASSED] - Statement - PreSaveFile = new java.io.File(((pathPrefix + java.lang.Integer.toString(counter)) + .png)): null

2018-12-14 00:40:29 - [TEST_STEP][PASSED] - Statement - counter = counter + 1: null

2018-12-14 00:40:29 - [TEST_STEP][PASSED] - Statement - PreSaveFile = new java.io.File(((pathPrefix + java.lang.Integer.toString(counter)) + .png)): null

2018-12-14 00:40:29 - [TEST_STEP][PASSED] - Statement - counter = counter + 1: null

2018-12-14 00:40:29 - [TEST_STEP][PASSED] - Statement - PreSaveFile = new java.io.File(((pathPrefix + java.lang.Integer.toString(counter)) + .png)): null

2018-12-14 00:40:29 - [TEST_STEP][PASSED] - Statement - counter = counter + 1: null

2018-12-14 00:40:29 - [TEST_STEP][PASSED] - Statement - PreSaveFile = new java.io.File(((pathPrefix + java.lang.Integer.toString(counter)) + .png)): null

2018-12-14 00:40:29 - [TEST_STEP][PASSED] - Statement - counter = counter + 1: null

2018-12-14 00:40:29 - [TEST_STEP][PASSED] - Statement - PreSaveFile = new java.io.File(((pathPrefix + java.lang.Integer.toString(counter)) + .png)): null

2018-12-14 00:40:29 - [TEST_STEP][PASSED] - Statement - counter = counter + 1: null

2018-12-14 00:40:29 - [TEST_STEP][PASSED] - Statement - PreSaveFile = new java.io.File(((pathPrefix + java.lang.Integer.toString(counter)) + .png)): null

2018-12-14 00:40:29 - [TEST_STEP][PASSED] - Statement - counter = counter + 1: null

2018-12-14 00:40:29 - [TEST_STEP][PASSED] - Statement - PreSaveFile = new java.io.File(((pathPrefix + java.lang.Integer.toString(counter)) + .png)): null

2018-12-14 00:40:29 - [TEST_STEP][PASSED] - Statement - counter = counter + 1: null

2018-12-14 00:40:29 - [TEST_STEP][PASSED] - Statement - PreSaveFile = new java.io.File(((pathPrefix + java.lang.Integer.toString(counter)) + .png)): null

2018-12-14 00:40:29 - [TEST_STEP][PASSED] - Statement - counter = counter + 1: null

2018-12-14 00:40:29 - [TEST_STEP][PASSED] - Statement - PreSaveFile = new java.io.File(((pathPrefix + java.lang.Integer.toString(counter)) + .png)): null

2018-12-14 00:40:29 - [TEST_STEP][PASSED] - Statement - counter = counter + 1: null

2018-12-14 00:40:29 - [TEST_STEP][PASSED] - Statement - PreSaveFile = new java.io.File(((pathPrefix + java.lang.Integer.toString(counter)) + .png)): null

2018-12-14 00:40:29 - [TEST_STEP][PASSED] - Statement - counter = counter + 1: null

2018-12-14 00:40:29 - [TEST_STEP][PASSED] - Statement - PreSaveFile = new java.io.File(((pathPrefix + java.lang.Integer.toString(counter)) + .png)): null

2018-12-14 00:40:29 - [TEST_STEP][PASSED] - Statement - counter = counter + 1: null

2018-12-14 00:40:29 - [TEST_STEP][PASSED] - Statement - PreSaveFile = new java.io.File(((pathPrefix + java.lang.Integer.toString(counter)) + .png)): null

2018-12-14 00:40:29 - [TEST_STEP][PASSED] - Statement - counter = counter + 1: null

2018-12-14 00:40:29 - [TEST_STEP][PASSED] - Statement - PreSaveFile = new java.io.File(((pathPrefix + java.lang.Integer.toString(counter)) + .png)): null

2018-12-14 00:40:29 - [TEST_STEP][PASSED] - Statement - counter = counter + 1: null

2018-12-14 00:40:29 - [TEST_STEP][PASSED] - Statement - PreSaveFile = new java.io.File(((pathPrefix + java.lang.Integer.toString(counter)) + .png)): null

2018-12-14 00:40:29 - [TEST_STEP][PASSED] - Statement - counter = counter + 1: null

2018-12-14 00:40:29 - [TEST_STEP][PASSED] - Statement - PreSaveFile = new java.io.File(((pathPrefix + java.lang.Integer.toString(counter)) + .png)): null

2018-12-14 00:40:29 - [TEST_STEP][PASSED] - Statement - counter = counter + 1: null

2018-12-14 00:40:29 - [TEST_STEP][PASSED] - Statement - PreSaveFile = new java.io.File(((pathPrefix + java.lang.Integer.toString(counter)) + .png)): null

2018-12-14 00:40:29 - [TEST_STEP][PASSED] - Statement - counter = counter + 1: null

2018-12-14 00:40:29 - [TEST_STEP][PASSED] - Statement - PreSaveFile = new java.io.File(((pathPrefix + java.lang.Integer.toString(counter)) + .png)): null

2018-12-14 00:40:29 - [TEST_STEP][PASSED] - Statement - counter = counter + 1: null

2018-12-14 00:40:29 - [TEST_STEP][PASSED] - Statement - PreSaveFile = new java.io.File(((pathPrefix + java.lang.Integer.toString(counter)) + .png)): null

2018-12-14 00:40:29 - [TEST_STEP][PASSED] - Statement - counter = counter + 1: null

2018-12-14 00:40:29 - [TEST_STEP][PASSED] - Statement - PreSaveFile = new java.io.File(((pathPrefix + java.lang.Integer.toString(counter)) + .png)): null

2018-12-14 00:40:29 - [TEST_STEP][PASSED] - Statement - counter = counter + 1: null

2018-12-14 00:40:29 - [TEST_STEP][PASSED] - Statement - PreSaveFile = new java.io.File(((pathPrefix + java.lang.Integer.toString(counter)) + .png)): null

2018-12-14 00:40:29 - [TEST_STEP][PASSED] - Statement - counter = counter + 1: null

2018-12-14 00:40:29 - [TEST_STEP][PASSED] - Statement - PreSaveFile = new java.io.File(((pathPrefix + java.lang.Integer.toString(counter)) + .png)): null

2018-12-14 00:40:29 - [TEST_STEP][PASSED] - Statement - counter = counter + 1: null

2018-12-14 00:40:29 - [TEST_STEP][PASSED] - Statement - PreSaveFile = new java.io.File(((pathPrefix + java.lang.Integer.toString(counter)) + .png)): null

2018-12-14 00:40:29 - [TEST_STEP][PASSED] - Statement - counter = counter + 1: null

2018-12-14 00:40:29 - [TEST_STEP][PASSED] - Statement - PreSaveFile = new java.io.File(((pathPrefix + java.lang.Integer.toString(counter)) + .png)): null

2018-12-14 00:40:29 - [TEST_STEP][PASSED] - Statement - counter = counter + 1: null

2018-12-14 00:40:29 - [TEST_STEP][PASSED] - Statement - PreSaveFile = new java.io.File(((pathPrefix + java.lang.Integer.toString(counter)) + .png)): null

2018-12-14 00:40:29 - [TEST_STEP][PASSED] - Statement - counter = counter + 1: null

2018-12-14 00:40:29 - [TEST_STEP][PASSED] - Statement - PreSaveFile = new java.io.File(((pathPrefix + java.lang.Integer.toString(counter)) + .png)): null

2018-12-14 00:40:29 - [TEST_STEP][PASSED] - Statement - counter = counter + 1: null

2018-12-14 00:40:29 - [TEST_STEP][PASSED] - Statement - PreSaveFile = new java.io.File(((pathPrefix + java.lang.Integer.toString(counter)) + .png)): null

2018-12-14 00:40:29 - [TEST_STEP][PASSED] - Statement - counter = counter + 1: null

2018-12-14 00:40:29 - [TEST_STEP][PASSED] - Statement - PreSaveFile = new java.io.File(((pathPrefix + java.lang.Integer.toString(counter)) + .png)): null

2018-12-14 00:40:29 - [TEST_STEP][PASSED] - Statement - counter = counter + 1: null

2018-12-14 00:40:29 - [TEST_STEP][PASSED] - Statement - PreSaveFile = new java.io.File(((pathPrefix + java.lang.Integer.toString(counter)) + .png)): null

2018-12-14 00:40:29 - [TEST_STEP][PASSED] - Statement - counter = counter + 1: null

2018-12-14 00:40:29 - [TEST_STEP][PASSED] - Statement - PreSaveFile = new java.io.File(((pathPrefix + java.lang.Integer.toString(counter)) + .png)): null

2018-12-14 00:40:29 - [TEST_STEP][PASSED] - Statement - counter = counter + 1: null

2018-12-14 00:40:29 - [TEST_STEP][PASSED] - Statement - PreSaveFile = new java.io.File(((pathPrefix + java.lang.Integer.toString(counter)) + .png)): null

2018-12-14 00:40:29 - [TEST_STEP][PASSED] - Statement - counter = counter + 1: null

2018-12-14 00:40:29 - [TEST_STEP][PASSED] - Statement - PreSaveFile = new java.io.File(((pathPrefix + java.lang.Integer.toString(counter)) + .png)): null

2018-12-14 00:40:29 - [TEST_STEP][PASSED] - Statement - counter = counter + 1: null

2018-12-14 00:40:29 - [TEST_STEP][PASSED] - Statement - PreSaveFile = new java.io.File(((pathPrefix + java.lang.Integer.toString(counter)) + .png)): null

2018-12-14 00:40:29 - [TEST_STEP][PASSED] - Statement - counter = counter + 1: null

2018-12-14 00:40:29 - [TEST_STEP][PASSED] - Statement - PreSaveFile = new java.io.File(((pathPrefix + java.lang.Integer.toString(counter)) + .png)): null

2018-12-14 00:40:29 - [TEST_STEP][PASSED] - Statement - counter = counter + 1: null

2018-12-14 00:40:29 - [TEST_STEP][PASSED] - Statement - PreSaveFile = new java.io.File(((pathPrefix + java.lang.Integer.toString(counter)) + .png)): null

2018-12-14 00:40:29 - [TEST_STEP][PASSED] - Statement - counter = counter + 1: null

2018-12-14 00:40:29 - [TEST_STEP][PASSED] - Statement - PreSaveFile = new java.io.File(((pathPrefix + java.lang.Integer.toString(counter)) + .png)): null

2018-12-14 00:40:29 - [TEST_STEP][PASSED] - Statement - counter = counter + 1: null

2018-12-14 00:40:29 - [TEST_STEP][PASSED] - Statement - PreSaveFile = new java.io.File(((pathPrefix + java.lang.Integer.toString(counter)) + .png)): null

2018-12-14 00:40:29 - [TEST_STEP][PASSED] - Statement - counter = counter + 1: null

2018-12-14 00:40:29 - [TEST_STEP][PASSED] - Statement - PreSaveFile = new java.io.File(((pathPrefix + java.lang.Integer.toString(counter)) + .png)): null

2018-12-14 00:40:29 - [TEST_STEP][PASSED] - Statement - counter = counter + 1: null

2018-12-14 00:40:29 - [TEST_STEP][PASSED] - Statement - PreSaveFile = new java.io.File(((pathPrefix + java.lang.Integer.toString(counter)) + .png)): null

2018-12-14 00:40:29 - [TEST_STEP][PASSED] - Statement - counter = counter + 1: null

2018-12-14 00:40:29 - [TEST_STEP][PASSED] - Statement - PreSaveFile = new java.io.File(((pathPrefix + java.lang.Integer.toString(counter)) + .png)): null

2018-12-14 00:40:29 - [TEST_STEP][PASSED] - Statement - counter = counter + 1: null

2018-12-14 00:40:29 - [TEST_STEP][PASSED] - Statement - PreSaveFile = new java.io.File(((pathPrefix + java.lang.Integer.toString(counter)) + .png)): null

2018-12-14 00:40:29 - [TEST_STEP][PASSED] - Statement - counter = counter + 1: null

2018-12-14 00:40:29 - [TEST_STEP][PASSED] - Statement - PreSaveFile = new java.io.File(((pathPrefix + java.lang.Integer.toString(counter)) + .png)): null

2018-12-14 00:40:29 - [TEST_STEP][PASSED] - Statement - counter = counter + 1: null

2018-12-14 00:40:29 - [TEST_STEP][PASSED] - Statement - PreSaveFile = new java.io.File(((pathPrefix + java.lang.Integer.toString(counter)) + .png)): null

2018-12-14 00:40:29 - [TEST_STEP][PASSED] - Statement - counter = counter + 1: null

2018-12-14 00:40:29 - [TEST_STEP][PASSED] - Statement - PreSaveFile = new java.io.File(((pathPrefix + java.lang.Integer.toString(counter)) + .png)): null

2018-12-14 00:40:29 - [TEST_STEP][PASSED] - Statement - counter = counter + 1: null

2018-12-14 00:40:29 - [TEST_STEP][PASSED] - Statement - PreSaveFile = new java.io.File(((pathPrefix + java.lang.Integer.toString(counter)) + .png)): null

2018-12-14 00:40:29 - [TEST_STEP][PASSED] - Statement - counter = counter + 1: null

2018-12-14 00:40:29 - [TEST_STEP][PASSED] - Statement - PreSaveFile = new java.io.File(((pathPrefix + java.lang.Integer.toString(counter)) + .png)): null

2018-12-14 00:40:29 - [TEST_STEP][PASSED] - Statement - counter = counter + 1: null

2018-12-14 00:40:29 - [TEST_STEP][PASSED] - Statement - PreSaveFile = new java.io.File(((pathPrefix + java.lang.Integer.toString(counter)) + .png)): null

2018-12-14 00:40:29 - [TEST_STEP][PASSED] - Statement - counter = counter + 1: null

2018-12-14 00:40:29 - [TEST_STEP][PASSED] - Statement - PreSaveFile = new java.io.File(((pathPrefix + java.lang.Integer.toString(counter)) + .png)): null

2018-12-14 00:40:29 - [TEST_STEP][PASSED] - Statement - counter = counter + 1: null

2018-12-14 00:40:29 - [TEST_STEP][PASSED] - Statement - PreSaveFile = new java.io.File(((pathPrefix + java.lang.Integer.toString(counter)) + .png)): null

2018-12-14 00:40:29 - [TEST_STEP][PASSED] - Statement - counter = counter + 1: null

2018-12-14 00:40:29 - [TEST_STEP][PASSED] - Statement - PreSaveFile = new java.io.File(((pathPrefix + java.lang.Integer.toString(counter)) + .png)): null

2018-12-14 00:40:29 - [TEST_STEP][PASSED] - Statement - counter = counter + 1: null

2018-12-14 00:40:29 - [TEST_STEP][PASSED] - Statement - PreSaveFile = new java.io.File(((pathPrefix + java.lang.Integer.toString(counter)) + .png)): null

2018-12-14 00:40:29 - [TEST_STEP][PASSED] - Statement - counter = counter + 1: null

2018-12-14 00:40:29 - [TEST_STEP][PASSED] - Statement - PreSaveFile = new java.io.File(((pathPrefix + java.lang.Integer.toString(counter)) + .png)): null

2018-12-14 00:40:29 - [TEST_STEP][PASSED] - Statement - counter = counter + 1: null

2018-12-14 00:40:29 - [TEST_STEP][PASSED] - Statement - PreSaveFile = new java.io.File(((pathPrefix + java.lang.Integer.toString(counter)) + .png)): null

2018-12-14 00:40:29 - [TEST_STEP][PASSED] - Statement - counter = counter + 1: null

2018-12-14 00:40:29 - [TEST_STEP][PASSED] - Statement - PreSaveFile = new java.io.File(((pathPrefix + java.lang.Integer.toString(counter)) + .png)): null

2018-12-14 00:40:29 - [TEST_STEP][PASSED] - Statement - counter = counter + 1: null

2018-12-14 00:40:29 - [TEST_STEP][PASSED] - Statement - PreSaveFile = new java.io.File(((pathPrefix + java.lang.Integer.toString(counter)) + .png)): null

2018-12-14 00:40:29 - [TEST_STEP][PASSED] - Statement - counter = counter + 1: null

2018-12-14 00:40:29 - [TEST_STEP][PASSED] - Statement - PreSaveFile = new java.io.File(((pathPrefix + java.lang.Integer.toString(counter)) + .png)): null

2018-12-14 00:40:29 - [TEST_STEP][PASSED] - Statement - counter = counter + 1: null

2018-12-14 00:40:29 - [TEST_STEP][PASSED] - Statement - PreSaveFile = new java.io.File(((pathPrefix + java.lang.Integer.toString(counter)) + .png)): null

2018-12-14 00:40:29 - [TEST_STEP][PASSED] - Statement - counter = counter + 1: null

2018-12-14 00:40:29 - [TEST_STEP][PASSED] - Statement - PreSaveFile = new java.io.File(((pathPrefix + java.lang.Integer.toString(counter)) + .png)): null

2018-12-14 00:40:29 - [TEST_STEP][PASSED] - Statement - counter = counter + 1: null

2018-12-14 00:40:29 - [TEST_STEP][PASSED] - Statement - PreSaveFile = new java.io.File(((pathPrefix + java.lang.Integer.toString(counter)) + .png)): null

2018-12-14 00:40:29 - [TEST_STEP][PASSED] - Statement - counter = counter + 1: null

2018-12-14 00:40:29 - [TEST_STEP][PASSED] - Statement - PreSaveFile = new java.io.File(((pathPrefix + java.lang.Integer.toString(counter)) + .png)): null

2018-12-14 00:40:29 - [TEST_STEP][PASSED] - Statement - counter = counter + 1: null

2018-12-14 00:40:29 - [TEST_STEP][PASSED] - Statement - PreSaveFile = new java.io.File(((pathPrefix + java.lang.Integer.toString(counter)) + .png)): null

2018-12-14 00:40:29 - [TEST_STEP][PASSED] - Statement - counter = counter + 1: null

2018-12-14 00:40:29 - [TEST_STEP][PASSED] - Statement - PreSaveFile = new java.io.File(((pathPrefix + java.lang.Integer.toString(counter)) + .png)): null

2018-12-14 00:40:29 - [TEST_STEP][PASSED] - Statement - counter = counter + 1: null

2018-12-14 00:40:29 - [TEST_STEP][PASSED] - Statement - PreSaveFile = new java.io.File(((pathPrefix + java.lang.Integer.toString(counter)) + .png)): null

2018-12-14 00:40:29 - [TEST_STEP][PASSED] - Statement - counter = counter + 1: null

2018-12-14 00:40:29 - [TEST_STEP][PASSED] - Statement - PreSaveFile = new java.io.File(((pathPrefix + java.lang.Integer.toString(counter)) + .png)): null

2018-12-14 00:40:29 - [TEST_STEP][PASSED] - Statement - counter = counter + 1: null

2018-12-14 00:40:29 - [TEST_STEP][PASSED] - Statement - PreSaveFile = new java.io.File(((pathPrefix + java.lang.Integer.toString(counter)) + .png)): null

2018-12-14 00:40:29 - [TEST_STEP][PASSED] - Statement - counter = counter + 1: null

2018-12-14 00:40:29 - [TEST_STEP][PASSED] - Statement - PreSaveFile = new java.io.File(((pathPrefix + java.lang.Integer.toString(counter)) + .png)): null

2018-12-14 00:40:29 - [TEST_STEP][PASSED] - Statement - counter = counter + 1: null

2018-12-14 00:40:29 - [TEST_STEP][PASSED] - Statement - PreSaveFile = new java.io.File(((pathPrefix + java.lang.Integer.toString(counter)) + .png)): null

2018-12-14 00:40:29 - [TEST_STEP][PASSED] - Statement - counter = counter + 1: null

2018-12-14 00:40:29 - [TEST_STEP][PASSED] - Statement - PreSaveFile = new java.io.File(((pathPrefix + java.lang.Integer.toString(counter)) + .png)): null

2018-12-14 00:40:29 - [TEST_STEP][PASSED] - Statement - counter = counter + 1: null

2018-12-14 00:40:29 - [TEST_STEP][PASSED] - Statement - PreSaveFile = new java.io.File(((pathPrefix + java.lang.Integer.toString(counter)) + .png)): null

2018-12-14 00:40:29 - [TEST_STEP][PASSED] - Statement - counter = counter + 1: null

2018-12-14 00:40:29 - [TEST_STEP][PASSED] - Statement - PreSaveFile = new java.io.File(((pathPrefix + java.lang.Integer.toString(counter)) + .png)): null

2018-12-14 00:40:29 - [TEST_STEP][PASSED] - Statement - counter = counter + 1: null

2018-12-14 00:40:29 - [TEST_STEP][PASSED] - Statement - PreSaveFile = new java.io.File(((pathPrefix + java.lang.Integer.toString(counter)) + .png)): null

2018-12-14 00:40:29 - [TEST_STEP][PASSED] - Statement - counter = counter + 1: null

2018-12-14 00:40:29 - [TEST_STEP][PASSED] - Statement - PreSaveFile = new java.io.File(((pathPrefix + java.lang.Integer.toString(counter)) + .png)): null

2018-12-14 00:40:29 - [TEST_STEP][PASSED] - Statement - counter = counter + 1: null

2018-12-14 00:40:29 - [TEST_STEP][PASSED] - Statement - PreSaveFile = new java.io.File(((pathPrefix + java.lang.Integer.toString(counter)) + .png)): null

2018-12-14 00:40:29 - [TEST_STEP][PASSED] - Statement - counter = counter + 1: null

2018-12-14 00:40:29 - [TEST_STEP][PASSED] - Statement - PreSaveFile = new java.io.File(((pathPrefix + java.lang.Integer.toString(counter)) + .png)): null

2018-12-14 00:40:29 - [TEST_STEP][PASSED] - Statement - counter = counter + 1: null

2018-12-14 00:40:29 - [TEST_STEP][PASSED] - Statement - PreSaveFile = new java.io.File(((pathPrefix + java.lang.Integer.toString(counter)) + .png)): null

2018-12-14 00:40:29 - [TEST_STEP][PASSED] - Statement - counter = counter + 1: null

2018-12-14 00:40:29 - [TEST_STEP][PASSED] - Statement - PreSaveFile = new java.io.File(((pathPrefix + java.lang.Integer.toString(counter)) + .png)): null

2018-12-14 00:40:29 - [TEST_STEP][PASSED] - Statement - counter = counter + 1: null

2018-12-14 00:40:29 - [TEST_STEP][PASSED] - Statement - PreSaveFile = new java.io.File(((pathPrefix + java.lang.Integer.toString(counter)) + .png)): null

2018-12-14 00:40:29 - [TEST_STEP][PASSED] - Statement - counter = counter + 1: null

2018-12-14 00:40:29 - [TEST_STEP][PASSED] - Statement - PreSaveFile = new java.io.File(((pathPrefix + java.lang.Integer.toString(counter)) + .png)): null

2018-12-14 00:40:29 - [TEST_STEP][PASSED] - Statement - counter = counter + 1: null

2018-12-14 00:40:29 - [TEST_STEP][PASSED] - Statement - PreSaveFile = new java.io.File(((pathPrefix + java.lang.Integer.toString(counter)) + .png)): null

2018-12-14 00:40:29 - [TEST_STEP][PASSED] - Statement - counter = counter + 1: null

2018-12-14 00:40:29 - [TEST_STEP][PASSED] - Statement - PreSaveFile = new java.io.File(((pathPrefix + java.lang.Integer.toString(counter)) + .png)): null

2018-12-14 00:40:29 - [TEST_STEP][PASSED] - Statement - counter = counter + 1: null

2018-12-14 00:40:29 - [TEST_STEP][PASSED] - Statement - PreSaveFile = new java.io.File(((pathPrefix + java.lang.Integer.toString(counter)) + .png)): null

2018-12-14 00:40:29 - [TEST_STEP][PASSED] - Statement - counter = counter + 1: null

2018-12-14 00:40:29 - [TEST_STEP][PASSED] - Statement - PreSaveFile = new java.io.File(((pathPrefix + java.lang.Integer.toString(counter)) + .png)): null

2018-12-14 00:40:29 - [TEST_STEP][PASSED] - Statement - counter = counter + 1: null

2018-12-14 00:40:29 - [TEST_STEP][PASSED] - Statement - PreSaveFile = new java.io.File(((pathPrefix + java.lang.Integer.toString(counter)) + .png)): null

2018-12-14 00:40:29 - [TEST_STEP][PASSED] - Statement - counter = counter + 1: null

2018-12-14 00:40:29 - [TEST_STEP][PASSED] - Statement - PreSaveFile = new java.io.File(((pathPrefix + java.lang.Integer.toString(counter)) + .png)): null

2018-12-14 00:40:29 - [TEST_STEP][PASSED] - Statement - counter = counter + 1: null

2018-12-14 00:40:29 - [TEST_STEP][PASSED] - Statement - PreSaveFile = new java.io.File(((pathPrefix + java.lang.Integer.toString(counter)) + .png)): null

2018-12-14 00:40:29 - [TEST_STEP][PASSED] - Statement - counter = counter + 1: null

2018-12-14 00:40:29 - [TEST_STEP][PASSED] - Statement - PreSaveFile = new java.io.File(((pathPrefix + java.lang.Integer.toString(counter)) + .png)): null

2018-12-14 00:40:29 - [TEST_STEP][PASSED] - Statement - counter = counter + 1: null

2018-12-14 00:40:29 - [TEST_STEP][PASSED] - Statement - PreSaveFile = new java.io.File(((pathPrefix + java.lang.Integer.toString(counter)) + .png)): null

2018-12-14 00:40:29 - [TEST_STEP][PASSED] - Statement - counter = counter + 1: null

2018-12-14 00:40:29 - [TEST_STEP][PASSED] - Statement - PreSaveFile = new java.io.File(((pathPrefix + java.lang.Integer.toString(counter)) + .png)): null

2018-12-14 00:40:29 - [TEST_STEP][PASSED] - Statement - counter = counter + 1: null

2018-12-14 00:40:29 - [TEST_STEP][PASSED] - Statement - PreSaveFile = new java.io.File(((pathPrefix + java.lang.Integer.toString(counter)) + .png)): null

2018-12-14 00:40:29 - [TEST_STEP][PASSED] - Statement - counter = counter + 1: null

2018-12-14 00:40:29 - [TEST_STEP][PASSED] - Statement - PreSaveFile = new java.io.File(((pathPrefix + java.lang.Integer.toString(counter)) + .png)): null

2018-12-14 00:40:29 - [TEST_STEP][PASSED] - Statement - counter = counter + 1: null

2018-12-14 00:40:29 - [TEST_STEP][PASSED] - Statement - PreSaveFile = new java.io.File(((pathPrefix + java.lang.Integer.toString(counter)) + .png)): null

2018-12-14 00:40:29 - [TEST_STEP][PASSED] - Statement - counter = counter + 1: null

2018-12-14 00:40:29 - [TEST_STEP][PASSED] - Statement - PreSaveFile = new java.io.File(((pathPrefix + java.lang.Integer.toString(counter)) + .png)): null

2018-12-14 00:40:29 - [TEST_STEP][PASSED] - Statement - counter = counter + 1: null

2018-12-14 00:40:29 - [TEST_STEP][PASSED] - Statement - PreSaveFile = new java.io.File(((pathPrefix + java.lang.Integer.toString(counter)) + .png)): null

2018-12-14 00:40:29 - [TEST_STEP][PASSED] - Statement - counter = counter + 1: null

2018-12-14 00:40:29 - [TEST_STEP][PASSED] - Statement - PreSaveFile = new java.io.File(((pathPrefix + java.lang.Integer.toString(counter)) + .png)): null

2018-12-14 00:40:29 - [TEST_STEP][PASSED] - Statement - counter = counter + 1: null

2018-12-14 00:40:29 - [TEST_STEP][PASSED] - Statement - PreSaveFile = new java.io.File(((pathPrefix + java.lang.Integer.toString(counter)) + .png)): null

2018-12-14 00:40:29 - [TEST_STEP][PASSED] - Statement - counter = counter + 1: null

2018-12-14 00:40:29 - [TEST_STEP][PASSED] - Statement - PreSaveFile = new java.io.File(((pathPrefix + java.lang.Integer.toString(counter)) + .png)): null

2018-12-14 00:40:29 - [TEST_STEP][PASSED] - Statement - counter = counter + 1: null

2018-12-14 00:40:29 - [TEST_STEP][PASSED] - Statement - PreSaveFile = new java.io.File(((pathPrefix + java.lang.Integer.toString(counter)) + .png)): null

2018-12-14 00:40:29 - [TEST_STEP][PASSED] - Statement - counter = counter + 1: null

2018-12-14 00:40:29 - [TEST_STEP][PASSED] - Statement - PreSaveFile = new java.io.File(((pathPrefix + java.lang.Integer.toString(counter)) + .png)): null

2018-12-14 00:40:29 - [TEST_STEP][PASSED] - Statement - counter = counter + 1: null

2018-12-14 00:40:29 - [TEST_STEP][PASSED] - Statement - PreSaveFile = new java.io.File(((pathPrefix + java.lang.Integer.toString(counter)) + .png)): null

2018-12-14 00:40:29 - [TEST_STEP][PASSED] - Statement - counter = counter + 1: null

2018-12-14 00:40:29 - [TEST_STEP][PASSED] - Statement - PreSaveFile = new java.io.File(((pathPrefix + java.lang.Integer.toString(counter)) + .png)): null

2018-12-14 00:40:29 - [TEST_STEP][PASSED] - Statement - counter = counter + 1: null

2018-12-14 00:40:29 - [TEST_STEP][PASSED] - Statement - PreSaveFile = new java.io.File(((pathPrefix + java.lang.Integer.toString(counter)) + .png)): null

2018-12-14 00:40:29 - [TEST_STEP][PASSED] - Statement - counter = counter + 1: null

2018-12-14 00:40:29 - [TEST_STEP][PASSED] - Statement - PreSaveFile = new java.io.File(((pathPrefix + java.lang.Integer.toString(counter)) + .png)): null

2018-12-14 00:40:29 - [TEST_STEP][PASSED] - Statement - counter = counter + 1: null

2018-12-14 00:40:29 - [TEST_STEP][PASSED] - Statement - PreSaveFile = new java.io.File(((pathPrefix + java.lang.Integer.toString(counter)) + .png)): null

2018-12-14 00:40:29 - [TEST_STEP][PASSED] - Statement - counter = counter + 1: null

2018-12-14 00:40:29 - [TEST_STEP][PASSED] - Statement - PreSaveFile = new java.io.File(((pathPrefix + java.lang.Integer.toString(counter)) + .png)): null

2018-12-14 00:40:29 - [TEST_STEP][PASSED] - Statement - counter = counter + 1: null

2018-12-14 00:40:29 - [TEST_STEP][PASSED] - Statement - PreSaveFile = new java.io.File(((pathPrefix + java.lang.Integer.toString(counter)) + .png)): null

2018-12-14 00:40:29 - [TEST_STEP][PASSED] - Statement - counter = counter + 1: null

2018-12-14 00:40:29 - [TEST_STEP][PASSED] - Statement - PreSaveFile = new java.io.File(((pathPrefix + java.lang.Integer.toString(counter)) + .png)): null

2018-12-14 00:40:29 - [TEST_STEP][PASSED] - Statement - counter = counter + 1: null

2018-12-14 00:40:29 - [TEST_STEP][PASSED] - Statement - PreSaveFile = new java.io.File(((pathPrefix + java.lang.Integer.toString(counter)) + .png)): null

2018-12-14 00:40:29 - [TEST_STEP][PASSED] - Statement - counter = counter + 1: null

2018-12-14 00:40:29 - [TEST_STEP][PASSED] - Statement - PreSaveFile = new java.io.File(((pathPrefix + java.lang.Integer.toString(counter)) + .png)): null

2018-12-14 00:40:29 - [TEST_STEP][PASSED] - Statement - counter = counter + 1: null

2018-12-14 00:40:29 - [TEST_STEP][PASSED] - Statement - PreSaveFile = new java.io.File(((pathPrefix + java.lang.Integer.toString(counter)) + .png)): null

2018-12-14 00:40:29 - [TEST_STEP][PASSED] - Statement - counter = counter + 1: null

2018-12-14 00:40:29 - [TEST_STEP][PASSED] - Statement - PreSaveFile = new java.io.File(((pathPrefix + java.lang.Integer.toString(counter)) + .png)): null

2018-12-14 00:40:29 - [TEST_STEP][PASSED] - Statement - counter = counter + 1: null

2018-12-14 00:40:29 - [TEST_STEP][PASSED] - Statement - PreSaveFile = new java.io.File(((pathPrefix + java.lang.Integer.toString(counter)) + .png)): null

2018-12-14 00:40:29 - [TEST_STEP][PASSED] - Statement - counter = counter + 1: null

2018-12-14 00:40:29 - [TEST_STEP][PASSED] - Statement - PreSaveFile = new java.io.File(((pathPrefix + java.lang.Integer.toString(counter)) + .png)): null

2018-12-14 00:40:29 - [TEST_STEP][PASSED] - Statement - counter = counter + 1: null

2018-12-14 00:40:29 - [TEST_STEP][PASSED] - Statement - PreSaveFile = new java.io.File(((pathPrefix + java.lang.Integer.toString(counter)) + .png)): null

2018-12-14 00:40:29 - [TEST_STEP][PASSED] - Statement - counter = counter + 1: null

2018-12-14 00:40:29 - [TEST_STEP][PASSED] - Statement - PreSaveFile = new java.io.File(((pathPrefix + java.lang.Integer.toString(counter)) + .png)): null

2018-12-14 00:40:29 - [TEST_STEP][PASSED] - Statement - counter = counter + 1: null

2018-12-14 00:40:29 - [TEST_STEP][PASSED] - Statement - PreSaveFile = new java.io.File(((pathPrefix + java.lang.Integer.toString(counter)) + .png)): null

2018-12-14 00:40:29 - [TEST_STEP][PASSED] - Statement - finalPath = pathPrefix + java.lang.Integer.toString(counter) + ".png": null

2018-12-14 00:40:29 - [TEST_STEP][PASSED] - Statement - SaveFile = new java.io.File(finalPath): null

2018-12-14 00:40:29 - [TEST_STEP][PASSED] - Statement - Try: null

2018-12-14 00:40:29 - [TEST_STEP][PASSED] - Statement - org.apache.commons.io.FileUtils.copyFile(scrFile, SaveFile): null

2018-12-14 00:40:29 - [TEST_STEP][PASSED] - Statement - out.println("file kept"): null

2018-12-14 00:40:29 - [TEST_STEP][PASSED] - delay: Delayed 10 second(s)

2018-12-14 00:40:39 - [MESSAGE][PASSED] - Delayed 10 second(s)

2018-12-14 00:40:39 - [MESSAGE][PASSED] - Call Test Case 'Test Cases/Final Aug 2018 - PKS Automation/Registration Module/New Registration/Submit and Screenshot/Submit Registration and Screenshot' successfully

2018-12-14 00:40:39 - [TEST_STEP][PASSED] - delay: Delayed 5 second(s)

2018-12-14 00:40:44 - [MESSAGE][PASSED] - Delayed 5 second(s)

2018-12-14 00:40:44 - [TEST_STEP][PASSED] - callTestCase: Call Test Case 'Test Cases/Final Aug 2018 - PKS Automation/Registration Module/Log Out/log out avoiding katalon tagging' successfully

2018-12-14 00:40:44 - [TEST_CASE][PASSED] - Test Cases/Final Aug 2018 - PKS Automation/Registration Module/Log Out/log out avoiding katalon tagging: Test Cases/Final Aug 2018 - PKS Automation/Registration Module/Log Out/log out avoiding katalon tagging

2018-12-14 00:40:44 - [TEST_STEP][PASSED] - navigateToUrl: Navigate to 'https://assist2-uat.perkeso.gov.my/c/portal/logout' successfully

2018-12-14 00:40:45 - [MESSAGE][PASSED] - Navigate to 'https://assist2-uat.perkeso.gov.my/c/portal/logout' successfully

2018-12-14 00:40:45 - [MESSAGE][PASSED] - Call Test Case 'Test Cases/Final Aug 2018 - PKS Automation/Registration Module/Log Out/log out avoiding katalon tagging' successfully

2018-12-14 00:40:45 - [TEST_STEP][PASSED] - callTestCase: Call Test Case 'Test Cases/Final Aug 2018 - PKS Automation/Common/Workflow Owner Finder' successfully

2018-12-14 00:40:45 - [TEST_CASE][PASSED] - Test Cases/Final Aug 2018 - PKS Automation/Common/Workflow Owner Finder: Test Cases/Final Aug 2018 - PKS Automation/Common/Workflow Owner Finder

2018-12-14 00:40:45 - [TEST_STEP][PASSED] - openBrowser: Browser is opened with url: ''

2018-12-14 00:40:45 - [MESSAGE][WARNING] - A browser is already opened. Closing browser and opening a new one

2018-12-14 00:40:49 - [MESSAGE][PASSED] - Browser is opened with url: ''

2018-12-14 00:40:49 - [TEST_STEP][PASSED] - navigateToUrl: Navigate to 'https://assist2-uat.perkeso.gov.my/login' successfully

2018-12-14 00:40:50 - [MESSAGE][PASSED] - Navigate to 'https://assist2-uat.perkeso.gov.my/login' successfully

2018-12-14 00:40:50 - [TEST_STEP][PASSED] - delay: Delayed 5 second(s)

2018-12-14 00:40:55 - [MESSAGE][PASSED] - Delayed 5 second(s)

2018-12-14 00:40:55 - [TEST_STEP][PASSED] - setText: Text 'test@liferay.com' is set on object 'Object Repository/Final Object Repo/Login Page/Internal User/Email Address'

2018-12-14 00:40:55 - [MESSAGE][PASSED] - Text 'test@liferay.com' is set on object 'Object Repository/Final Object Repo/Login Page/Internal User/Email Address'

2018-12-14 00:40:55 - [TEST_STEP][PASSED] - click: Object: 'Object Repository/Final Object Repo/Login Page/Internal User/Next Button' is clicked on

2018-12-14 00:40:55 - [MESSAGE][PASSED] - Object: 'Object Repository/Final Object Repo/Login Page/Internal User/Next Button' is clicked on

2018-12-14 00:40:55 - [TEST_STEP][PASSED] - delay: Delayed 2 second(s)

2018-12-14 00:40:57 - [MESSAGE][PASSED] - Delayed 2 second(s)

2018-12-14 00:40:57 - [TEST_STEP][PASSED] - setText: Text 'test' is set on object 'Object Repository/Final Object Repo/Login Page/Internal User/Password'

2018-12-14 00:40:58 - [MESSAGE][PASSED] - Text 'test' is set on object 'Object Repository/Final Object Repo/Login Page/Internal User/Password'

2018-12-14 00:40:58 - [TEST_STEP][PASSED] - delay: Delayed 2 second(s)

2018-12-14 00:41:00 - [MESSAGE][PASSED] - Delayed 2 second(s)

2018-12-14 00:41:00 - [TEST_STEP][PASSED] - click: Object: 'Object Repository/Final Object Repo/Login Page/Internal User/Login Button' is clicked on

2018-12-14 00:41:00 - [MESSAGE][PASSED] - Object: 'Object Repository/Final Object Repo/Login Page/Internal User/Login Button' is clicked on

2018-12-14 00:41:00 - [TEST_STEP][PASSED] - Statement - tester = com.kms.katalon.core.testobject.ObjectRepository.findTestObject(Final Object Repo/Landing Page/Select to English): Finding Test Object with id 'Object Repository/Final Object Repo/Landing Page/Select to English'

2018-12-14 00:41:00 - [TEST_STEP][PASSED] - Statement - Try: Delayed 2 second(s)

2018-12-14 00:41:00 - [TEST_STEP][PASSED] - Statement - Checker = com.kms.katalon.core.webui.keyword.WebUiBuiltInKeywords.verifyElementNotPresent(tester, 3): Web element with id: 'Object Repository/Final Object Repo/Landing Page/Select to English' located by 'By.xpath: //a[@class = 'taglib-language-list-text' and @lang = 'en-US' and (contains(text(), 'EN') or contains(., 'EN'))]' is not present after '3' second(s)

2018-12-14 00:41:02 - [MESSAGE][PASSED] - Web element with id: 'Object Repository/Final Object Repo/Landing Page/Select to English' located by 'By.xpath: //a[@class = 'taglib-language-list-text' and @lang = 'en-US' and (contains(text(), 'EN') or contains(., 'EN'))]' is not present after '3' second(s)

2018-12-14 00:41:02 - [TEST_STEP][PASSED] - Statement - If (Checker == false): null

2018-12-14 00:41:02 - [TEST_STEP][PASSED] - delay: Delayed 2 second(s)

2018-12-14 00:41:04 - [MESSAGE][PASSED] - Delayed 2 second(s)

2018-12-14 00:41:04 - [TEST_STEP][PASSED] - delay: Delayed 5 second(s)

2018-12-14 00:41:09 - [MESSAGE][PASSED] - Delayed 5 second(s)

2018-12-14 00:41:09 - [TEST_STEP][PASSED] - mouseOver: Object: 'Object Repository/Final Object Repo/Landing Page/WorkFlow Menu' is hovered

2018-12-14 00:41:09 - [MESSAGE][PASSED] - Object: 'Object Repository/Final Object Repo/Landing Page/WorkFlow Menu' is hovered

2018-12-14 00:41:09 - [TEST_STEP][PASSED] - delay: Delayed 2 second(s)

2018-12-14 00:41:11 - [MESSAGE][PASSED] - Delayed 2 second(s)

2018-12-14 00:41:11 - [TEST_STEP][PASSED] - click: Object: 'Object Repository/Final Object Repo/Landing Page/Select to Workflow Listing' is clicked on

2018-12-14 00:41:12 - [MESSAGE][PASSED] - Object: 'Object Repository/Final Object Repo/Landing Page/Select to Workflow Listing' is clicked on

2018-12-14 00:41:12 - [TEST_STEP][PASSED] - delay: Delayed 2 second(s)

2018-12-14 00:41:14 - [MESSAGE][PASSED] - Delayed 2 second(s)

2018-12-14 00:41:14 - [TEST_STEP][PASSED] - click: Object: 'Object Repository/Final Object Repo/WorkFlow Listing Page/Search Information - To Put Ref No' is clicked on

2018-12-14 00:41:14 - [MESSAGE][PASSED] - Object: 'Object Repository/Final Object Repo/WorkFlow Listing Page/Search Information - To Put Ref No' is clicked on

2018-12-14 00:41:14 - [TEST_STEP][PASSED] - delay: Delayed 2 second(s)

2018-12-14 00:41:16 - [MESSAGE][PASSED] - Delayed 2 second(s)

2018-12-14 00:41:16 - [TEST_STEP][PASSED] - callTestCase: Call Test Case 'Test Cases/Final Aug 2018 - PKS Automation/Common/Reference Number Getter' successfully

2018-12-14 00:41:16 - [TEST_CASE][PASSED] - Test Cases/Final Aug 2018 - PKS Automation/Common/Reference Number Getter: Test Cases/Final Aug 2018 - PKS Automation/Common/Reference Number Getter

2018-12-14 00:41:16 - [TEST_STEP][PASSED] - Statement - Try: null

2018-12-14 00:41:16 - [TEST_STEP][PASSED] - Statement - RefNo = new java.io.File(C://Users//Admin//Desktop//PKS//Automation Reference Point//KatalonReference.txt): null

2018-12-14 00:41:16 - [TEST_STEP][PASSED] - Statement - bufferread = new java.io.BufferedReader(new java.io.FileReader(RefNo)): null

2018-12-14 00:41:16 - [TEST_STEP][PASSED] - Statement - readedVal = bufferread.readLine(): null

2018-12-14 00:41:16 - [TEST_STEP][PASSED] - Statement - out.println(CaseReferenceNo): null

2018-12-14 00:41:16 - [TEST_STEP][PASSED] - Statement - out.println(readedVal): null

2018-12-14 00:41:16 - [TEST_STEP][PASSED] - Statement - CaseReferenceNo = "": null

2018-12-14 00:41:16 - [TEST_STEP][PASSED] - Statement - CaseReferenceNo = readedVal: null

2018-12-14 00:41:16 - [MESSAGE][PASSED] - Call Test Case 'Test Cases/Final Aug 2018 - PKS Automation/Common/Reference Number Getter' successfully

2018-12-14 00:41:16 - [TEST_STEP][PASSED] - setText: Text 'CRN12201800123323' is set on object 'Object Repository/Final Object Repo/WorkFlow Listing Page/Ref No Set Text'

2018-12-14 00:41:16 - [MESSAGE][PASSED] - Text 'CRN12201800123323' is set on object 'Object Repository/Final Object Repo/WorkFlow Listing Page/Ref No Set Text'

2018-12-14 00:41:16 - [TEST_STEP][PASSED] - delay: Delayed 2 second(s)

2018-12-14 00:41:18 - [MESSAGE][PASSED] - Delayed 2 second(s)

2018-12-14 00:41:18 - [TEST_STEP][PASSED] - click: Object: 'Object Repository/Final Object Repo/WorkFlow Listing Page/Search Ref No Search Button' is clicked on

2018-12-14 00:41:19 - [MESSAGE][PASSED] - Object: 'Object Repository/Final Object Repo/WorkFlow Listing Page/Search Ref No Search Button' is clicked on

2018-12-14 00:41:19 - [TEST_STEP][PASSED] - delay: Delayed 6 second(s)

2018-12-14 00:41:25 - [MESSAGE][PASSED] - Delayed 6 second(s)

2018-12-14 00:41:25 - [TEST_STEP][PASSED] - click: Object: 'Object Repository/Final Object Repo/WorkFlow Listing Page/Click Continue Tooltip' is clicked on

2018-12-14 00:41:26 - [MESSAGE][PASSED] - Object: 'Object Repository/Final Object Repo/WorkFlow Listing Page/Click Continue Tooltip' is clicked on

2018-12-14 00:41:26 - [TEST_STEP][PASSED] - delay: Delayed 5 second(s)

2018-12-14 00:41:31 - [MESSAGE][PASSED] - Delayed 5 second(s)

2018-12-14 00:41:31 - [TEST_STEP][PASSED] - doubleClick: Object: 'Object Repository/Final Object Repo/WorkFlow Listing Page/Workflow Found - Listing 1' is double clicked on

2018-12-14 00:41:31 - [MESSAGE][PASSED] - Object: 'Object Repository/Final Object Repo/WorkFlow Listing Page/Workflow Found - Listing 1' is double clicked on

2018-12-14 00:41:31 - [TEST_STEP][PASSED] - Statement - println(OwnerID): null

2018-12-14 00:41:31 - [TEST_STEP][PASSED] - Statement - OwnerID = com.kms.katalon.core.webui.keyword.WebUiBuiltInKeywords.getText(com.kms.katalon.core.testobject.ObjectRepository.findTestObject(Final Object Repo/WorkFlow Listing Page/Workflow Found - Listing 1), STOP_ON_FAILURE): Text of object 'Object Repository/Final Object Repo/WorkFlow Listing Page/Workflow Found - Listing 1' is: 'JOHORro3'

2018-12-14 00:41:31 - [MESSAGE][PASSED] - Text of object 'Object Repository/Final Object Repo/WorkFlow Listing Page/Workflow Found - Listing 1' is: 'JOHORro3'

2018-12-14 00:41:31 - [TEST_STEP][PASSED] - Statement - OwnerID = OwnerID.toLowerCase() + "@gmail.com": null

2018-12-14 00:41:31 - [TEST_STEP][PASSED] - Statement - println(OwnerID): null

2018-12-14 00:41:31 - [TEST_STEP][PASSED] - delay: Delayed 2 second(s)

2018-12-14 00:41:33 - [MESSAGE][PASSED] - Delayed 2 second(s)

2018-12-14 00:41:33 - [MESSAGE][PASSED] - Call Test Case 'Test Cases/Final Aug 2018 - PKS Automation/Common/Workflow Owner Finder' successfully

2018-12-14 00:41:33 - [TEST_STEP][PASSED] - callTestCase: Call Test Case 'Test Cases/Final Aug 2018 - PKS Automation/Registration Module/Log Out/log out avoiding katalon tagging' successfully

2018-12-14 00:41:33 - [TEST_CASE][PASSED] - Test Cases/Final Aug 2018 - PKS Automation/Registration Module/Log Out/log out avoiding katalon tagging: Test Cases/Final Aug 2018 - PKS Automation/Registration Module/Log Out/log out avoiding katalon tagging

2018-12-14 00:41:33 - [TEST_STEP][PASSED] - navigateToUrl: Navigate to 'https://assist2-uat.perkeso.gov.my/c/portal/logout' successfully

2018-12-14 00:41:34 - [MESSAGE][PASSED] - Navigate to 'https://assist2-uat.perkeso.gov.my/c/portal/logout' successfully

2018-12-14 00:41:34 - [MESSAGE][PASSED] - Call Test Case 'Test Cases/Final Aug 2018 - PKS Automation/Registration Module/Log Out/log out avoiding katalon tagging' successfully

2018-12-14 00:41:34 - [TEST_STEP][PASSED] - delay: Delayed 2 second(s)

2018-12-14 00:41:36 - [MESSAGE][PASSED] - Delayed 2 second(s)

2018-12-14 00:41:36 - [TEST_STEP][PASSED] - setText: Text 'johorro3@gmail.com' is set on object 'Object Repository/Final Object Repo/New Registration - Registration Module Pages/New Reg - OTC to RO/Special Case - All Related Objects/Email TextBox'

2018-12-14 00:41:36 - [MESSAGE][PASSED] - Text 'johorro3@gmail.com' is set on object 'Object Repository/Final Object Repo/New Registration - Registration Module Pages/New Reg - OTC to RO/Special Case - All Related Objects/Email TextBox'

2018-12-14 00:41:36 - [TEST_STEP][PASSED] - click: Object: 'Object Repository/Final Object Repo/New Registration - Registration Module Pages/New Reg - OTC to RO/Special Case - All Related Objects/Next Button' is clicked on

2018-12-14 00:41:36 - [MESSAGE][PASSED] - Object: 'Object Repository/Final Object Repo/New Registration - Registration Module Pages/New Reg - OTC to RO/Special Case - All Related Objects/Next Button' is clicked on

2018-12-14 00:41:36 - [TEST_STEP][PASSED] - delay: Delayed 2 second(s)

2018-12-14 00:41:38 - [MESSAGE][PASSED] - Delayed 2 second(s)

2018-12-14 00:41:38 - [TEST_STEP][PASSED] - setText: Text 'Test1@3456789' is set on object 'Object Repository/Final Object Repo/New Registration - Registration Module Pages/New Reg - OTC to RO/Special Case - All Related Objects/Password TextBox'

2018-12-14 00:41:38 - [MESSAGE][PASSED] - Text 'Test1@3456789' is set on object 'Object Repository/Final Object Repo/New Registration - Registration Module Pages/New Reg - OTC to RO/Special Case - All Related Objects/Password TextBox'

2018-12-14 00:41:38 - [TEST_STEP][PASSED] - delay: Delayed 2 second(s)

2018-12-14 00:41:40 - [MESSAGE][PASSED] - Delayed 2 second(s)

2018-12-14 00:41:40 - [TEST_STEP][PASSED] - click: Object: 'Object Repository/Final Object Repo/New Registration - Registration Module Pages/New Reg - OTC to RO/Special Case - All Related Objects/Login Button' is clicked on

2018-12-14 00:41:41 - [MESSAGE][PASSED] - Object: 'Object Repository/Final Object Repo/New Registration - Registration Module Pages/New Reg - OTC to RO/Special Case - All Related Objects/Login Button' is clicked on

2018-12-14 00:41:41 - [TEST_STEP][PASSED] - delay: Delayed 2 second(s)

2018-12-14 00:41:43 - [MESSAGE][PASSED] - Delayed 2 second(s)

2018-12-14 00:41:43 - [TEST_STEP][PASSED] - Statement - Try: null

2018-12-14 00:41:43 - [TEST_STEP][PASSED] - Statement - Checker = com.kms.katalon.core.webui.keyword.WebUiBuiltInKeywords.verifyElementNotPresent("Final Object Repo/Landing Page/Select to English", 3): null

2018-12-14 00:41:43 - [TEST_STEP][PASSED] - Statement - Catch (Exception e): null

2018-12-14 00:41:43 - [TEST_STEP][PASSED] - Statement - e.printStackTrace(): null

2018-12-14 00:41:43 - [TEST_STEP][PASSED] - click: Object: 'Object Repository/Final Object Repo/New Registration - Registration Module Pages/New Reg - OTC to RO/Special Case - All Related Objects/Expand to Search' is clicked on

2018-12-14 00:41:43 - [MESSAGE][PASSED] - Object: 'Object Repository/Final Object Repo/New Registration - Registration Module Pages/New Reg - OTC to RO/Special Case - All Related Objects/Expand to Search' is clicked on

2018-12-14 00:41:43 - [TEST_STEP][PASSED] - delay: Delayed 2 second(s)

2018-12-14 00:41:45 - [MESSAGE][PASSED] - Delayed 2 second(s)

2018-12-14 00:41:45 - [TEST_STEP][PASSED] - setText: Text 'CRN12201800123323' is set on object 'Object Repository/Final Object Repo/New Registration - Registration Module Pages/New Reg - OTC to RO/Special Case - All Related Objects/TextBox RefNo in Workbasket'

2018-12-14 00:41:45 - [MESSAGE][PASSED] - Text 'CRN12201800123323' is set on object 'Object Repository/Final Object Repo/New Registration - Registration Module Pages/New Reg - OTC to RO/Special Case - All Related Objects/TextBox RefNo in Workbasket'

2018-12-14 00:41:45 - [TEST_STEP][PASSED] - delay: Delayed 2 second(s)

2018-12-14 00:41:47 - [MESSAGE][PASSED] - Delayed 2 second(s)

2018-12-14 00:41:47 - [TEST_STEP][PASSED] - click: Object: 'Object Repository/Final Object Repo/New Registration - Registration Module Pages/New Reg - OTC to RO/Special Case - All Related Objects/Click Search' is clicked on

2018-12-14 00:41:47 - [MESSAGE][PASSED] - Object: 'Object Repository/Final Object Repo/New Registration - Registration Module Pages/New Reg - OTC to RO/Special Case - All Related Objects/Click Search' is clicked on

2018-12-14 00:41:47 - [TEST_STEP][PASSED] - delay: Delayed 2 second(s)

2018-12-14 00:41:49 - [MESSAGE][PASSED] - Delayed 2 second(s)

2018-12-14 00:41:49 - [TEST_STEP][PASSED] - click: Object: 'Object Repository/Final Object Repo/New Registration - Registration Module Pages/New Reg - OTC to RO/Special Case - All Related Objects/Click to Continue Workflow' is clicked on

2018-12-14 00:41:53 - [MESSAGE][PASSED] - Object: 'Object Repository/Final Object Repo/New Registration - Registration Module Pages/New Reg - OTC to RO/Special Case - All Related Objects/Click to Continue Workflow' is clicked on

2018-12-14 00:41:53 - [TEST_STEP][PASSED] - delay: Delayed 2 second(s)

2018-12-14 00:41:55 - [MESSAGE][PASSED] - Delayed 2 second(s)

2018-12-14 00:41:55 - [TEST_STEP][PASSED] - click: Object: 'Object Repository/Final Object Repo/New Registration - Registration Module Pages/New Reg - OTC to RO/Special Case - All Related Objects/Continue Button in verifying case' is clicked on

2018-12-14 00:41:57 - [MESSAGE][PASSED] - Object: 'Object Repository/Final Object Repo/New Registration - Registration Module Pages/New Reg - OTC to RO/Special Case - All Related Objects/Continue Button in verifying case' is clicked on

2018-12-14 00:41:57 - [TEST_STEP][PASSED] - delay: Delayed 2 second(s)

2018-12-14 00:41:59 - [MESSAGE][PASSED] - Delayed 2 second(s)

2018-12-14 00:41:59 - [TEST_STEP][PASSED] - click: Object: 'Object Repository/Final Object Repo/New Registration - Registration Module Pages/New Reg - OTC to RO/Special Case - All Related Objects/Form 1 Save n Continue' is clicked on

2018-12-14 00:41:59 - [MESSAGE][PASSED] - Object: 'Object Repository/Final Object Repo/New Registration - Registration Module Pages/New Reg - OTC to RO/Special Case - All Related Objects/Form 1 Save n Continue' is clicked on

2018-12-14 00:41:59 - [TEST_STEP][PASSED] - delay: Delayed 5 second(s)

2018-12-14 00:42:04 - [MESSAGE][PASSED] - Delayed 5 second(s)

2018-12-14 00:42:04 - [TEST_STEP][PASSED] - click: Object: 'Object Repository/Final Object Repo/New Registration - Registration Module Pages/New Reg - OTC to RO/Special Case - OTC - Form 1/Confirm No Flagging as Branch' is clicked on

2018-12-14 00:42:04 - [MESSAGE][PASSED] - Object: 'Object Repository/Final Object Repo/New Registration - Registration Module Pages/New Reg - OTC to RO/Special Case - OTC - Form 1/Confirm No Flagging as Branch' is clicked on

2018-12-14 00:42:04 - [TEST_STEP][PASSED] - delay: Delayed 2 second(s)

2018-12-14 00:42:06 - [MESSAGE][PASSED] - Delayed 2 second(s)

2018-12-14 00:42:06 - [TEST_STEP][PASSED] - click: Object: 'Object Repository/Final Object Repo/New Registration - Registration Module Pages/New Reg - OTC to RO/Special Case - All Related Objects/Form 2 Save n Continue' is clicked on

2018-12-14 00:42:06 - [MESSAGE][PASSED] - Object: 'Object Repository/Final Object Repo/New Registration - Registration Module Pages/New Reg - OTC to RO/Special Case - All Related Objects/Form 2 Save n Continue' is clicked on

2018-12-14 00:42:06 - [TEST_STEP][PASSED] - delay: Delayed 2 second(s)

2018-12-14 00:42:08 - [MESSAGE][PASSED] - Delayed 2 second(s)

2018-12-14 00:42:08 - [TEST_STEP][PASSED] - click: Object: 'Object Repository/Final Object Repo/New Registration - Registration Module Pages/New Reg - OTC to RO/Special Case - All Related Objects/Third Screen Save n Continue' is clicked on

2018-12-14 00:42:13 - [MESSAGE][PASSED] - Object: 'Object Repository/Final Object Repo/New Registration - Registration Module Pages/New Reg - OTC to RO/Special Case - All Related Objects/Third Screen Save n Continue' is clicked on

2018-12-14 00:42:13 - [TEST_STEP][PASSED] - setText: Text 'Query case' is set on object 'Object Repository/Final Object Repo/New Registration - Registration Module Pages/New Reg - OTC to RO/Special Case - All Related Objects/Query Text Input'

2018-12-14 00:42:13 - [MESSAGE][PASSED] - Text 'Query case' is set on object 'Object Repository/Final Object Repo/New Registration - Registration Module Pages/New Reg - OTC to RO/Special Case - All Related Objects/Query Text Input'

2018-12-14 00:42:13 - [TEST_STEP][PASSED] - delay: Delayed 5 second(s)

2018-12-14 00:42:18 - [MESSAGE][PASSED] - Delayed 5 second(s)

2018-12-14 00:42:18 - [TEST_STEP][PASSED] - click: Object: 'Object Repository/Final Object Repo/New Registration - Registration Module Pages/New Reg - OTC to RO/Special Case - All Related Objects/Upload Doc Page Save n Continue' is clicked on

2018-12-14 00:42:18 - [MESSAGE][PASSED] - Object: 'Object Repository/Final Object Repo/New Registration - Registration Module Pages/New Reg - OTC to RO/Special Case - All Related Objects/Upload Doc Page Save n Continue' is clicked on

2018-12-14 00:42:18 - [TEST_STEP][PASSED] - click: Object: 'Object Repository/Final Object Repo/New Registration - Registration Module Pages/New Reg - OTC to RO/Special Case - All Related Objects/Query Button' is clicked on

2018-12-14 00:42:23 - [MESSAGE][PASSED] - Object: 'Object Repository/Final Object Repo/New Registration - Registration Module Pages/New Reg - OTC to RO/Special Case - All Related Objects/Query Button' is clicked on

2018-12-14 00:42:23 - [TEST_STEP][FAILED] - click: Unable to click on object 'Object Repository/Final Object Repo/New Registration - Registration Module Pages/New Reg - OTC to RO/Special Case - All Related Objects/Confirm to Query' (Root cause: org.openqa.selenium.ElementNotVisibleException: element not interactable
  (Session info: chrome=70.0.3538.110)
  (Driver info: chromedriver=2.43.600210 (68dcf5eebde37173d4027fa8635e332711d2874a),platform=Windows NT 6.1.7601 SP1 x86_64) (WARNING: The server did not provide any stacktrace information)
Command duration or timeout: 0 milliseconds
Build info: version: '3.7.1', revision: '8a0099a', time: '2017-11-06T21:07:36.161Z'
System info: host: 'WIN7TEST02', ip: '10.20.3.72', os.name: 'Windows 7', os.arch: 'amd64', os.version: '6.1', java.version: '1.8.0_181'
Driver info: com.kms.katalon.selenium.driver.CChromeDriver
Capabilities {acceptInsecureCerts: false, acceptSslCerts: false, applicationCacheEnabled: false, browserConnectionEnabled: false, browserName: chrome, chrome: {chromedriverVersion: 2.43.600210 (68dcf5eebde371..., userDataDir: C:\Users\Admin\AppData\Loca...}, cssSelectorsEnabled: true, databaseEnabled: false, goog:chromeOptions: {debuggerAddress: localhost:63040}, handlesAlerts: true, hasTouchScreen: false, javascriptEnabled: true, locationContextEnabled: true, mobileEmulationEnabled: false, nativeEvents: true, networkConnectionEnabled: false, pageLoadStrategy: normal, platform: XP, platformName: XP, rotatable: false, setWindowRect: true, takesHeapSnapshot: true, takesScreenshot: true, unexpectedAlertBehaviour: , unhandledPromptBehavior: , version: 70.0.3538.110, webStorageEnabled: true}
Session ID: 7f5871f55fd28da2b03173d9c6f10f14)

2018-12-14 00:42:23 - [MESSAGE][FAILED] - Unable to click on object 'Object Repository/Final Object Repo/New Registration - Registration Module Pages/New Reg - OTC to RO/Special Case - All Related Objects/Confirm to Query' (Root cause: org.openqa.selenium.ElementNotVisibleException: element not interactable
  (Session info: chrome=70.0.3538.110)
  (Driver info: chromedriver=2.43.600210 (68dcf5eebde37173d4027fa8635e332711d2874a),platform=Windows NT 6.1.7601 SP1 x86_64) (WARNING: The server did not provide any stacktrace information)
Command duration or timeout: 0 milliseconds
Build info: version: '3.7.1', revision: '8a0099a', time: '2017-11-06T21:07:36.161Z'
System info: host: 'WIN7TEST02', ip: '10.20.3.72', os.name: 'Windows 7', os.arch: 'amd64', os.version: '6.1', java.version: '1.8.0_181'
Driver info: com.kms.katalon.selenium.driver.CChromeDriver
Capabilities {acceptInsecureCerts: false, acceptSslCerts: false, applicationCacheEnabled: false, browserConnectionEnabled: false, browserName: chrome, chrome: {chromedriverVersion: 2.43.600210 (68dcf5eebde371..., userDataDir: C:\Users\Admin\AppData\Loca...}, cssSelectorsEnabled: true, databaseEnabled: false, goog:chromeOptions: {debuggerAddress: localhost:63040}, handlesAlerts: true, hasTouchScreen: false, javascriptEnabled: true, locationContextEnabled: true, mobileEmulationEnabled: false, nativeEvents: true, networkConnectionEnabled: false, pageLoadStrategy: normal, platform: XP, platformName: XP, rotatable: false, setWindowRect: true, takesHeapSnapshot: true, takesScreenshot: true, unexpectedAlertBehaviour: , unhandledPromptBehavior: , version: 70.0.3538.110, webStorageEnabled: true}
Session ID: 7f5871f55fd28da2b03173d9c6f10f14)
[[ATTACHMENT|C:\\Users\\Admin\\Desktop\\PKS\\Perkeso Phase A\\Reports\\Workflow\\New Registration\\20181213_194711\\1544719343435.png]]

2018-12-14 00:42:23 - [TEST_STEP][PASSED] - delay: Delayed 5 second(s)

2018-12-14 00:42:28 - [MESSAGE][PASSED] - Delayed 5 second(s)

2018-12-14 00:42:28 - [TEST_STEP][PASSED] - callTestCase: Call Test Case 'Test Cases/Final Aug 2018 - PKS Automation/Registration Module/Log Out/log out avoiding katalon tagging' successfully

2018-12-14 00:42:28 - [TEST_CASE][PASSED] - Test Cases/Final Aug 2018 - PKS Automation/Registration Module/Log Out/log out avoiding katalon tagging: Test Cases/Final Aug 2018 - PKS Automation/Registration Module/Log Out/log out avoiding katalon tagging

2018-12-14 00:42:28 - [TEST_STEP][PASSED] - navigateToUrl: Navigate to 'https://assist2-uat.perkeso.gov.my/c/portal/logout' successfully

2018-12-14 00:42:29 - [MESSAGE][PASSED] - Navigate to 'https://assist2-uat.perkeso.gov.my/c/portal/logout' successfully

2018-12-14 00:42:29 - [MESSAGE][PASSED] - Call Test Case 'Test Cases/Final Aug 2018 - PKS Automation/Registration Module/Log Out/log out avoiding katalon tagging' successfully

2018-12-14 00:42:29 - [TEST_STEP][PASSED] - delay: Delayed 2 second(s)

2018-12-14 00:42:31 - [MESSAGE][PASSED] - Delayed 2 second(s)

2018-12-14 00:42:31 - [TEST_STEP][PASSED] - setText: Text 'klotc2@gmail.com' is set on object 'Object Repository/Final Object Repo/New Registration - Registration Module Pages/New Reg - OTC to RO/Special Case - All Related Objects/Email TextBox'

2018-12-14 00:42:31 - [MESSAGE][PASSED] - Text 'klotc2@gmail.com' is set on object 'Object Repository/Final Object Repo/New Registration - Registration Module Pages/New Reg - OTC to RO/Special Case - All Related Objects/Email TextBox'

2018-12-14 00:42:31 - [TEST_STEP][PASSED] - delay: Delayed 2 second(s)

2018-12-14 00:42:33 - [MESSAGE][PASSED] - Delayed 2 second(s)

2018-12-14 00:42:33 - [TEST_STEP][PASSED] - click: Object: 'Object Repository/Final Object Repo/Login Page/Internal User/Next Button' is clicked on

2018-12-14 00:42:34 - [MESSAGE][PASSED] - Object: 'Object Repository/Final Object Repo/Login Page/Internal User/Next Button' is clicked on

2018-12-14 00:42:34 - [TEST_STEP][PASSED] - delay: Delayed 2 second(s)

2018-12-14 00:42:36 - [MESSAGE][PASSED] - Delayed 2 second(s)

2018-12-14 00:42:36 - [TEST_STEP][PASSED] - setText: Text 'Test1@3456789' is set on object 'Object Repository/Final Object Repo/Login Page/Internal User/Password'

2018-12-14 00:42:36 - [MESSAGE][PASSED] - Text 'Test1@3456789' is set on object 'Object Repository/Final Object Repo/Login Page/Internal User/Password'

2018-12-14 00:42:36 - [TEST_STEP][PASSED] - delay: Delayed 2 second(s)

2018-12-14 00:42:38 - [MESSAGE][PASSED] - Delayed 2 second(s)

2018-12-14 00:42:38 - [TEST_STEP][PASSED] - click: Object: 'Object Repository/Final Object Repo/Login Page/Internal User/Login Button' is clicked on

2018-12-14 00:42:38 - [MESSAGE][PASSED] - Object: 'Object Repository/Final Object Repo/Login Page/Internal User/Login Button' is clicked on

2018-12-14 00:42:38 - [TEST_STEP][PASSED] - delay: Delayed 2 second(s)

2018-12-14 00:42:40 - [MESSAGE][PASSED] - Delayed 2 second(s)

2018-12-14 00:42:40 - [TEST_STEP][PASSED] - Statement - Try: null

2018-12-14 00:42:40 - [TEST_STEP][PASSED] - Statement - Checker = com.kms.katalon.core.webui.keyword.WebUiBuiltInKeywords.verifyElementNotPresent("PKS_SIP_Updated_RegModule/Attempt/Page_MyASSIST - ASSIST/Select to English", 3): null

2018-12-14 00:42:40 - [TEST_STEP][PASSED] - Statement - Catch (Exception e): null

2018-12-14 00:42:40 - [TEST_STEP][PASSED] - Statement - e.printStackTrace(): null

2018-12-14 00:42:40 - [TEST_STEP][PASSED] - delay: Delayed 4 second(s)

2018-12-14 00:42:44 - [MESSAGE][PASSED] - Delayed 4 second(s)

2018-12-14 00:42:44 - [TEST_STEP][PASSED] - click: Object: 'Object Repository/Final Object Repo/Landing Page/My Sites Drop Down' is clicked on

2018-12-14 00:42:44 - [MESSAGE][PASSED] - Object: 'Object Repository/Final Object Repo/Landing Page/My Sites Drop Down' is clicked on

2018-12-14 00:42:44 - [TEST_STEP][PASSED] - click: Object: 'Object Repository/Final Object Repo/Landing Page/Select to Registration Module' is clicked on

2018-12-14 00:42:45 - [MESSAGE][PASSED] - Object: 'Object Repository/Final Object Repo/Landing Page/Select to Registration Module' is clicked on

2018-12-14 00:42:45 - [TEST_STEP][PASSED] - delay: Delayed 2 second(s)

2018-12-14 00:42:47 - [MESSAGE][PASSED] - Delayed 2 second(s)

2018-12-14 00:42:47 - [TEST_STEP][PASSED] - mouseOver: Object: 'Object Repository/Final Object Repo/New Registration - Registration Module Pages/New Reg - OTC to RO/Special Case - All Related Objects/Hover Over Search Drop Down' is hovered

2018-12-14 00:42:47 - [MESSAGE][PASSED] - Object: 'Object Repository/Final Object Repo/New Registration - Registration Module Pages/New Reg - OTC to RO/Special Case - All Related Objects/Hover Over Search Drop Down' is hovered

2018-12-14 00:42:47 - [TEST_STEP][PASSED] - click: Object: 'Object Repository/Final Object Repo/New Registration - Registration Module Pages/New Reg - OTC to RO/Special Case - All Related Objects/Select Search Pending Case' is clicked on

2018-12-14 00:42:48 - [MESSAGE][PASSED] - Object: 'Object Repository/Final Object Repo/New Registration - Registration Module Pages/New Reg - OTC to RO/Special Case - All Related Objects/Select Search Pending Case' is clicked on

2018-12-14 00:42:48 - [TEST_STEP][PASSED] - click: Object: 'Object Repository/Final Object Repo/New Registration - Registration Module Pages/New Reg - OTC to RO/Special Case - All Related Objects/Select Searching Method (Employer Code)' is clicked on

2018-12-14 00:42:48 - [MESSAGE][PASSED] - Object: 'Object Repository/Final Object Repo/New Registration - Registration Module Pages/New Reg - OTC to RO/Special Case - All Related Objects/Select Searching Method (Employer Code)' is clicked on

2018-12-14 00:42:48 - [TEST_STEP][PASSED] - click: Object: 'Object Repository/Final Object Repo/New Registration - Registration Module Pages/New Reg - OTC to RO/Special Case - All Related Objects/Select Searching Method to Reference ID' is clicked on

2018-12-14 00:42:48 - [MESSAGE][PASSED] - Object: 'Object Repository/Final Object Repo/New Registration - Registration Module Pages/New Reg - OTC to RO/Special Case - All Related Objects/Select Searching Method to Reference ID' is clicked on

2018-12-14 00:42:48 - [TEST_STEP][PASSED] - setText: Text 'CRN12201800123323' is set on object 'Object Repository/Final Object Repo/New Registration - Registration Module Pages/New Reg - OTC to RO/Special Case - All Related Objects/Pending Case Ref NO'

2018-12-14 00:42:48 - [MESSAGE][PASSED] - Text 'CRN12201800123323' is set on object 'Object Repository/Final Object Repo/New Registration - Registration Module Pages/New Reg - OTC to RO/Special Case - All Related Objects/Pending Case Ref NO'

2018-12-14 00:42:48 - [TEST_STEP][PASSED] - click: Object: 'Object Repository/Final Object Repo/New Registration - Registration Module Pages/New Reg - OTC to RO/Special Case - All Related Objects/Search Pending Case Based on Ref No' is clicked on

2018-12-14 00:42:49 - [MESSAGE][PASSED] - Object: 'Object Repository/Final Object Repo/New Registration - Registration Module Pages/New Reg - OTC to RO/Special Case - All Related Objects/Search Pending Case Based on Ref No' is clicked on

2018-12-14 00:42:49 - [TEST_STEP][FAILED] - click: Unable to click on object 'Object Repository/Final Object Repo/New Registration - Registration Module Pages/New Reg - OTC to RO/Special Case - All Related Objects/Action Button after found case' (Root cause: org.openqa.selenium.InvalidSelectorException: invalid selector: Unable to locate an element with the xpath expression  because of the following error:
SyntaxError: Failed to execute 'evaluate' on 'Document': The string '' is not a valid XPath expression.
  (Session info: chrome=70.0.3538.110)
  (Driver info: chromedriver=2.43.600210 (68dcf5eebde37173d4027fa8635e332711d2874a),platform=Windows NT 6.1.7601 SP1 x86_64) (WARNING: The server did not provide any stacktrace information)
Command duration or timeout: 0 milliseconds
For documentation on this error, please visit: http://seleniumhq.org/exceptions/invalid_selector_exception.html
Build info: version: '3.7.1', revision: '8a0099a', time: '2017-11-06T21:07:36.161Z'
System info: host: 'WIN7TEST02', ip: '10.20.3.72', os.name: 'Windows 7', os.arch: 'amd64', os.version: '6.1', java.version: '1.8.0_181'
Driver info: com.kms.katalon.selenium.driver.CChromeDriver
Capabilities {acceptInsecureCerts: false, acceptSslCerts: false, applicationCacheEnabled: false, browserConnectionEnabled: false, browserName: chrome, chrome: {chromedriverVersion: 2.43.600210 (68dcf5eebde371..., userDataDir: C:\Users\Admin\AppData\Loca...}, cssSelectorsEnabled: true, databaseEnabled: false, goog:chromeOptions: {debuggerAddress: localhost:63040}, handlesAlerts: true, hasTouchScreen: false, javascriptEnabled: true, locationContextEnabled: true, mobileEmulationEnabled: false, nativeEvents: true, networkConnectionEnabled: false, pageLoadStrategy: normal, platform: XP, platformName: XP, rotatable: false, setWindowRect: true, takesHeapSnapshot: true, takesScreenshot: true, unexpectedAlertBehaviour: , unhandledPromptBehavior: , version: 70.0.3538.110, webStorageEnabled: true}
Session ID: 7f5871f55fd28da2b03173d9c6f10f14
*** Element info: {Using=xpath, value=})

2018-12-14 00:43:21 - [MESSAGE][FAILED] - Unable to click on object 'Object Repository/Final Object Repo/New Registration - Registration Module Pages/New Reg - OTC to RO/Special Case - All Related Objects/Action Button after found case' (Root cause: org.openqa.selenium.InvalidSelectorException: invalid selector: Unable to locate an element with the xpath expression  because of the following error:
SyntaxError: Failed to execute 'evaluate' on 'Document': The string '' is not a valid XPath expression.
  (Session info: chrome=70.0.3538.110)
  (Driver info: chromedriver=2.43.600210 (68dcf5eebde37173d4027fa8635e332711d2874a),platform=Windows NT 6.1.7601 SP1 x86_64) (WARNING: The server did not provide any stacktrace information)
Command duration or timeout: 0 milliseconds
For documentation on this error, please visit: http://seleniumhq.org/exceptions/invalid_selector_exception.html
Build info: version: '3.7.1', revision: '8a0099a', time: '2017-11-06T21:07:36.161Z'
System info: host: 'WIN7TEST02', ip: '10.20.3.72', os.name: 'Windows 7', os.arch: 'amd64', os.version: '6.1', java.version: '1.8.0_181'
Driver info: com.kms.katalon.selenium.driver.CChromeDriver
Capabilities {acceptInsecureCerts: false, acceptSslCerts: false, applicationCacheEnabled: false, browserConnectionEnabled: false, browserName: chrome, chrome: {chromedriverVersion: 2.43.600210 (68dcf5eebde371..., userDataDir: C:\Users\Admin\AppData\Loca...}, cssSelectorsEnabled: true, databaseEnabled: false, goog:chromeOptions: {debuggerAddress: localhost:63040}, handlesAlerts: true, hasTouchScreen: false, javascriptEnabled: true, locationContextEnabled: true, mobileEmulationEnabled: false, nativeEvents: true, networkConnectionEnabled: false, pageLoadStrategy: normal, platform: XP, platformName: XP, rotatable: false, setWindowRect: true, takesHeapSnapshot: true, takesScreenshot: true, unexpectedAlertBehaviour: , unhandledPromptBehavior: , version: 70.0.3538.110, webStorageEnabled: true}
Session ID: 7f5871f55fd28da2b03173d9c6f10f14
*** Element info: {Using=xpath, value=})
[[ATTACHMENT|C:\\Users\\Admin\\Desktop\\PKS\\Perkeso Phase A\\Reports\\Workflow\\New Registration\\20181213_194711\\1544719401594.png]]

2018-12-14 00:43:21 - [TEST_STEP][FAILED] - click: Unable to click on object 'Object Repository/Final Object Repo/New Registration - Registration Module Pages/New Reg - OTC to RO/Special Case - All Related Objects/Next Button in Pending Case Form 1' (Root cause: com.kms.katalon.core.webui.exception.WebElementNotFoundException: Web element with id: 'Object Repository/Final Object Repo/New Registration - Registration Module Pages/New Reg - OTC to RO/Special Case - All Related Objects/Next Button in Pending Case Form 1' located by 'By.xpath: //a[@class = 'btn btn-lg blueBtn col-md-2 pull-right browserIdBtn' and (text() = ' NEXT
						' or . = ' NEXT
						')]' not found)

2018-12-14 00:43:55 - [MESSAGE][FAILED] - Unable to click on object 'Object Repository/Final Object Repo/New Registration - Registration Module Pages/New Reg - OTC to RO/Special Case - All Related Objects/Next Button in Pending Case Form 1' (Root cause: com.kms.katalon.core.webui.exception.WebElementNotFoundException: Web element with id: 'Object Repository/Final Object Repo/New Registration - Registration Module Pages/New Reg - OTC to RO/Special Case - All Related Objects/Next Button in Pending Case Form 1' located by 'By.xpath: //a[@class = 'btn btn-lg blueBtn col-md-2 pull-right browserIdBtn' and (text() = ' NEXT
						' or . = ' NEXT
						')]' not found)
[[ATTACHMENT|C:\\Users\\Admin\\Desktop\\PKS\\Perkeso Phase A\\Reports\\Workflow\\New Registration\\20181213_194711\\1544719434924.png]]

2018-12-14 00:43:55 - [TEST_STEP][FAILED] - click: Unable to click on object 'Object Repository/Final Object Repo/New Registration - Registration Module Pages/New Reg - OTC to RO/Special Case - All Related Objects/Next Button in Pending Case Form 2' (Root cause: com.kms.katalon.core.webui.exception.WebElementNotFoundException: Web element with id: 'Object Repository/Final Object Repo/New Registration - Registration Module Pages/New Reg - OTC to RO/Special Case - All Related Objects/Next Button in Pending Case Form 2' located by 'By.xpath: //a[@class = 'btn btn-lg blueBtn col-md-2 pull-right browserIdBtn' and (text() = ' NEXT
				' or . = ' NEXT
				')]' not found)

2018-12-14 00:44:28 - [MESSAGE][FAILED] - Unable to click on object 'Object Repository/Final Object Repo/New Registration - Registration Module Pages/New Reg - OTC to RO/Special Case - All Related Objects/Next Button in Pending Case Form 2' (Root cause: com.kms.katalon.core.webui.exception.WebElementNotFoundException: Web element with id: 'Object Repository/Final Object Repo/New Registration - Registration Module Pages/New Reg - OTC to RO/Special Case - All Related Objects/Next Button in Pending Case Form 2' located by 'By.xpath: //a[@class = 'btn btn-lg blueBtn col-md-2 pull-right browserIdBtn' and (text() = ' NEXT
				' or . = ' NEXT
				')]' not found)
[[ATTACHMENT|C:\\Users\\Admin\\Desktop\\PKS\\Perkeso Phase A\\Reports\\Workflow\\New Registration\\20181213_194711\\1544719467657.png]]

2018-12-14 00:44:28 - [TEST_STEP][FAILED] - click: Unable to click on object 'Object Repository/Final Object Repo/New Registration - Registration Module Pages/New Reg - OTC to RO/Special Case - All Related Objects/Next Button in Third Screen' (Root cause: com.kms.katalon.core.webui.exception.WebElementNotFoundException: Web element with id: 'Object Repository/Final Object Repo/New Registration - Registration Module Pages/New Reg - OTC to RO/Special Case - All Related Objects/Next Button in Third Screen' located by 'By.xpath: //a[@class = 'btn btn-lg blueBtn col-md-2 pull-right browserIdBtn' and (text() = ' NEXT
				' or . = ' NEXT
				')]' not found)

2018-12-14 00:45:01 - [MESSAGE][FAILED] - Unable to click on object 'Object Repository/Final Object Repo/New Registration - Registration Module Pages/New Reg - OTC to RO/Special Case - All Related Objects/Next Button in Third Screen' (Root cause: com.kms.katalon.core.webui.exception.WebElementNotFoundException: Web element with id: 'Object Repository/Final Object Repo/New Registration - Registration Module Pages/New Reg - OTC to RO/Special Case - All Related Objects/Next Button in Third Screen' located by 'By.xpath: //a[@class = 'btn btn-lg blueBtn col-md-2 pull-right browserIdBtn' and (text() = ' NEXT
				' or . = ' NEXT
				')]' not found)
[[ATTACHMENT|C:\\Users\\Admin\\Desktop\\PKS\\Perkeso Phase A\\Reports\\Workflow\\New Registration\\20181213_194711\\1544719500903.png]]

2018-12-14 00:45:01 - [TEST_STEP][FAILED] - click: Unable to click on object 'Object Repository/Final Object Repo/New Registration - Registration Module Pages/New Reg - OTC to RO/Special Case - All Related Objects/Add Document for Pending Case' (Root cause: com.kms.katalon.core.webui.exception.WebElementNotFoundException: Web element with id: 'Object Repository/Final Object Repo/New Registration - Registration Module Pages/New Reg - OTC to RO/Special Case - All Related Objects/Add Document for Pending Case' located by 'By.xpath: //a[@id = '_newreg_WAR_registrationportlet_dialogBtn' and (text() = '
					ADD DOCUMENT
	             ' or . = '
					ADD DOCUMENT
	             ')]' not found)

2018-12-14 00:45:34 - [MESSAGE][FAILED] - Unable to click on object 'Object Repository/Final Object Repo/New Registration - Registration Module Pages/New Reg - OTC to RO/Special Case - All Related Objects/Add Document for Pending Case' (Root cause: com.kms.katalon.core.webui.exception.WebElementNotFoundException: Web element with id: 'Object Repository/Final Object Repo/New Registration - Registration Module Pages/New Reg - OTC to RO/Special Case - All Related Objects/Add Document for Pending Case' located by 'By.xpath: //a[@id = '_newreg_WAR_registrationportlet_dialogBtn' and (text() = '
					ADD DOCUMENT
	             ' or . = '
					ADD DOCUMENT
	             ')]' not found)
[[ATTACHMENT|C:\\Users\\Admin\\Desktop\\PKS\\Perkeso Phase A\\Reports\\Workflow\\New Registration\\20181213_194711\\1544719534122.png]]

2018-12-14 00:45:34 - [TEST_STEP][FAILED] - click: Unable to click on object 'Object Repository/Final Object Repo/New Registration - Registration Module Pages/New Reg - OTC to RO/Special Case - All Related Objects/Upload Pending Doc - Please Select' (Root cause: com.kms.katalon.core.webui.exception.WebElementNotFoundException: Web element with id: 'Object Repository/Final Object Repo/New Registration - Registration Module Pages/New Reg - OTC to RO/Special Case - All Related Objects/Upload Pending Doc - Please Select' located by 'By.xpath: //span[@class = 'select2-selection__rendered' and @id = 'select2-_newreg_WAR_registrationportlet_objdocTypeId-container']' not found)

2018-12-14 00:46:07 - [MESSAGE][FAILED] - Unable to click on object 'Object Repository/Final Object Repo/New Registration - Registration Module Pages/New Reg - OTC to RO/Special Case - All Related Objects/Upload Pending Doc - Please Select' (Root cause: com.kms.katalon.core.webui.exception.WebElementNotFoundException: Web element with id: 'Object Repository/Final Object Repo/New Registration - Registration Module Pages/New Reg - OTC to RO/Special Case - All Related Objects/Upload Pending Doc - Please Select' located by 'By.xpath: //span[@class = 'select2-selection__rendered' and @id = 'select2-_newreg_WAR_registrationportlet_objdocTypeId-container']' not found)
[[ATTACHMENT|C:\\Users\\Admin\\Desktop\\PKS\\Perkeso Phase A\\Reports\\Workflow\\New Registration\\20181213_194711\\1544719567202.png]]

2018-12-14 00:46:07 - [TEST_STEP][PASSED] - delay: Delayed 2 second(s)

2018-12-14 00:46:09 - [MESSAGE][PASSED] - Delayed 2 second(s)

2018-12-14 00:46:09 - [TEST_STEP][FAILED] - click: Unable to click on object 'Object Repository/Final Object Repo/New Registration - Registration Module Pages/New Reg - OTC to RO/Special Case - All Related Objects/Select to Others to Upload' (Root cause: com.kms.katalon.core.webui.exception.WebElementNotFoundException: Web element with id: 'Object Repository/Final Object Repo/New Registration - Registration Module Pages/New Reg - OTC to RO/Special Case - All Related Objects/Select to Others to Upload' located by 'By.xpath: //span/ul/li/span[contains(text(),"Others")]' not found)

2018-12-14 00:46:40 - [MESSAGE][FAILED] - Unable to click on object 'Object Repository/Final Object Repo/New Registration - Registration Module Pages/New Reg - OTC to RO/Special Case - All Related Objects/Select to Others to Upload' (Root cause: com.kms.katalon.core.webui.exception.WebElementNotFoundException: Web element with id: 'Object Repository/Final Object Repo/New Registration - Registration Module Pages/New Reg - OTC to RO/Special Case - All Related Objects/Select to Others to Upload' located by 'By.xpath: //span/ul/li/span[contains(text(),"Others")]' not found)
[[ATTACHMENT|C:\\Users\\Admin\\Desktop\\PKS\\Perkeso Phase A\\Reports\\Workflow\\New Registration\\20181213_194711\\1544719600559.png]]

2018-12-14 00:46:40 - [TEST_STEP][PASSED] - delay: Delayed 2 second(s)

2018-12-14 00:46:42 - [MESSAGE][PASSED] - Delayed 2 second(s)

2018-12-14 00:46:42 - [TEST_STEP][FAILED] - uploadFile: Unable to upload file 'C:\Users\Public\Pictures\Sample Pictures\Koala.jpg' to object 'Object Repository/Final Object Repo/New Registration - Registration Module Pages/New Reg - OTC to RO/Special Case - All Related Objects/Uploading Pending Case Action' (Root cause: com.kms.katalon.core.webui.exception.WebElementNotFoundException: Web element with id: 'Object Repository/Final Object Repo/New Registration - Registration Module Pages/New Reg - OTC to RO/Special Case - All Related Objects/Uploading Pending Case Action' located by 'By.xpath: //input[@id = '_newreg_WAR_registrationportlet_uploadFile' and @name = '_newreg_WAR_registrationportlet_uploadFile' and @type = 'file']' not found)

2018-12-14 00:47:14 - [MESSAGE][FAILED] - Unable to upload file 'C:\Users\Public\Pictures\Sample Pictures\Koala.jpg' to object 'Object Repository/Final Object Repo/New Registration - Registration Module Pages/New Reg - OTC to RO/Special Case - All Related Objects/Uploading Pending Case Action' (Root cause: com.kms.katalon.core.webui.exception.WebElementNotFoundException: Web element with id: 'Object Repository/Final Object Repo/New Registration - Registration Module Pages/New Reg - OTC to RO/Special Case - All Related Objects/Uploading Pending Case Action' located by 'By.xpath: //input[@id = '_newreg_WAR_registrationportlet_uploadFile' and @name = '_newreg_WAR_registrationportlet_uploadFile' and @type = 'file']' not found)
[[ATTACHMENT|C:\\Users\\Admin\\Desktop\\PKS\\Perkeso Phase A\\Reports\\Workflow\\New Registration\\20181213_194711\\1544719634250.png]]

2018-12-14 00:47:14 - [TEST_STEP][PASSED] - delay: Delayed 2 second(s)

2018-12-14 00:47:16 - [MESSAGE][PASSED] - Delayed 2 second(s)

2018-12-14 00:47:16 - [TEST_STEP][FAILED] - click: Unable to click on object 'Object Repository/Final Object Repo/New Registration - Registration Module Pages/New Reg - OTC to RO/Special Case - All Related Objects/Inner form Add Document Button Pending Case' (Root cause: com.kms.katalon.core.webui.exception.WebElementNotFoundException: Web element with id: 'Object Repository/Final Object Repo/New Registration - Registration Module Pages/New Reg - OTC to RO/Special Case - All Related Objects/Inner form Add Document Button Pending Case' located by 'By.xpath: //a[@class = 'btn btn-lg blueBtn col-md-2 pull-right' and @targets = 'baseMsgDivId' and (text() = '
										ADD DOCUMENT
								     ' or . = '
										ADD DOCUMENT
								     ')]' not found)

2018-12-14 00:47:50 - [MESSAGE][FAILED] - Unable to click on object 'Object Repository/Final Object Repo/New Registration - Registration Module Pages/New Reg - OTC to RO/Special Case - All Related Objects/Inner form Add Document Button Pending Case' (Root cause: com.kms.katalon.core.webui.exception.WebElementNotFoundException: Web element with id: 'Object Repository/Final Object Repo/New Registration - Registration Module Pages/New Reg - OTC to RO/Special Case - All Related Objects/Inner form Add Document Button Pending Case' located by 'By.xpath: //a[@class = 'btn btn-lg blueBtn col-md-2 pull-right' and @targets = 'baseMsgDivId' and (text() = '
										ADD DOCUMENT
								     ' or . = '
										ADD DOCUMENT
								     ')]' not found)
[[ATTACHMENT|C:\\Users\\Admin\\Desktop\\PKS\\Perkeso Phase A\\Reports\\Workflow\\New Registration\\20181213_194711\\1544719670569.png]]

2018-12-14 00:47:50 - [TEST_STEP][PASSED] - delay: Delayed 2 second(s)

2018-12-14 00:47:52 - [MESSAGE][PASSED] - Delayed 2 second(s)

2018-12-14 00:47:52 - [TEST_STEP][FAILED] - click: Unable to click on object 'Object Repository/Final Object Repo/New Registration - Registration Module Pages/New Reg - OTC to RO/Special Case - All Related Objects/Pending Case Exit' (Root cause: com.kms.katalon.core.webui.exception.WebElementNotFoundException: Web element with id: 'Object Repository/Final Object Repo/New Registration - Registration Module Pages/New Reg - OTC to RO/Special Case - All Related Objects/Pending Case Exit' located by 'By.xpath: //a[@id = '_newreg_WAR_registrationportlet_exitBtnId' and @class = 'btn btn-lg blueBtn col-md-2 pull-right' and (text() = '
									EXIT
				                ' or . = '
									EXIT
				                ')]' not found)

2018-12-14 00:48:25 - [MESSAGE][FAILED] - Unable to click on object 'Object Repository/Final Object Repo/New Registration - Registration Module Pages/New Reg - OTC to RO/Special Case - All Related Objects/Pending Case Exit' (Root cause: com.kms.katalon.core.webui.exception.WebElementNotFoundException: Web element with id: 'Object Repository/Final Object Repo/New Registration - Registration Module Pages/New Reg - OTC to RO/Special Case - All Related Objects/Pending Case Exit' located by 'By.xpath: //a[@id = '_newreg_WAR_registrationportlet_exitBtnId' and @class = 'btn btn-lg blueBtn col-md-2 pull-right' and (text() = '
									EXIT
				                ' or . = '
									EXIT
				                ')]' not found)
[[ATTACHMENT|C:\\Users\\Admin\\Desktop\\PKS\\Perkeso Phase A\\Reports\\Workflow\\New Registration\\20181213_194711\\1544719705416.png]]

2018-12-14 00:48:25 - [TEST_STEP][PASSED] - callTestCase: Call Test Case 'Test Cases/Final Aug 2018 - PKS Automation/Registration Module/Log Out/log out avoiding katalon tagging' successfully

2018-12-14 00:48:25 - [TEST_CASE][PASSED] - Test Cases/Final Aug 2018 - PKS Automation/Registration Module/Log Out/log out avoiding katalon tagging: Test Cases/Final Aug 2018 - PKS Automation/Registration Module/Log Out/log out avoiding katalon tagging

2018-12-14 00:48:25 - [TEST_STEP][PASSED] - navigateToUrl: Navigate to 'https://assist2-uat.perkeso.gov.my/c/portal/logout' successfully

2018-12-14 00:48:26 - [MESSAGE][PASSED] - Navigate to 'https://assist2-uat.perkeso.gov.my/c/portal/logout' successfully

2018-12-14 00:48:26 - [MESSAGE][PASSED] - Call Test Case 'Test Cases/Final Aug 2018 - PKS Automation/Registration Module/Log Out/log out avoiding katalon tagging' successfully

2018-12-14 00:48:26 - [TEST_STEP][PASSED] - callTestCase: Call Test Case 'Test Cases/Final Aug 2018 - PKS Automation/Common/Workflow Owner Finder' successfully

2018-12-14 00:48:26 - [TEST_CASE][PASSED] - Test Cases/Final Aug 2018 - PKS Automation/Common/Workflow Owner Finder: Test Cases/Final Aug 2018 - PKS Automation/Common/Workflow Owner Finder

2018-12-14 00:48:26 - [TEST_STEP][PASSED] - openBrowser: Browser is opened with url: ''

2018-12-14 00:48:26 - [MESSAGE][WARNING] - A browser is already opened. Closing browser and opening a new one

2018-12-14 00:48:30 - [MESSAGE][PASSED] - Browser is opened with url: ''

2018-12-14 00:48:30 - [TEST_STEP][PASSED] - navigateToUrl: Navigate to 'https://assist2-uat.perkeso.gov.my/login' successfully

2018-12-14 00:48:31 - [MESSAGE][PASSED] - Navigate to 'https://assist2-uat.perkeso.gov.my/login' successfully

2018-12-14 00:48:31 - [TEST_STEP][PASSED] - delay: Delayed 5 second(s)

2018-12-14 00:48:36 - [MESSAGE][PASSED] - Delayed 5 second(s)

2018-12-14 00:48:36 - [TEST_STEP][PASSED] - setText: Text 'test@liferay.com' is set on object 'Object Repository/Final Object Repo/Login Page/Internal User/Email Address'

2018-12-14 00:48:37 - [MESSAGE][PASSED] - Text 'test@liferay.com' is set on object 'Object Repository/Final Object Repo/Login Page/Internal User/Email Address'

2018-12-14 00:48:37 - [TEST_STEP][PASSED] - click: Object: 'Object Repository/Final Object Repo/Login Page/Internal User/Next Button' is clicked on

2018-12-14 00:48:37 - [MESSAGE][PASSED] - Object: 'Object Repository/Final Object Repo/Login Page/Internal User/Next Button' is clicked on

2018-12-14 00:48:37 - [TEST_STEP][PASSED] - delay: Delayed 2 second(s)

2018-12-14 00:48:39 - [MESSAGE][PASSED] - Delayed 2 second(s)

2018-12-14 00:48:39 - [TEST_STEP][PASSED] - setText: Text 'test' is set on object 'Object Repository/Final Object Repo/Login Page/Internal User/Password'

2018-12-14 00:48:39 - [MESSAGE][PASSED] - Text 'test' is set on object 'Object Repository/Final Object Repo/Login Page/Internal User/Password'

2018-12-14 00:48:39 - [TEST_STEP][PASSED] - delay: Delayed 2 second(s)

2018-12-14 00:48:41 - [MESSAGE][PASSED] - Delayed 2 second(s)

2018-12-14 00:48:41 - [TEST_STEP][PASSED] - click: Object: 'Object Repository/Final Object Repo/Login Page/Internal User/Login Button' is clicked on

2018-12-14 00:48:41 - [MESSAGE][PASSED] - Object: 'Object Repository/Final Object Repo/Login Page/Internal User/Login Button' is clicked on

2018-12-14 00:48:41 - [TEST_STEP][PASSED] - Statement - tester = com.kms.katalon.core.testobject.ObjectRepository.findTestObject(Final Object Repo/Landing Page/Select to English): Finding Test Object with id 'Object Repository/Final Object Repo/Landing Page/Select to English'

2018-12-14 00:48:41 - [TEST_STEP][PASSED] - Statement - Try: Delayed 2 second(s)

2018-12-14 00:48:41 - [TEST_STEP][PASSED] - Statement - Checker = com.kms.katalon.core.webui.keyword.WebUiBuiltInKeywords.verifyElementNotPresent(tester, 3): Web element with id: 'Object Repository/Final Object Repo/Landing Page/Select to English' located by 'By.xpath: //a[@class = 'taglib-language-list-text' and @lang = 'en-US' and (contains(text(), 'EN') or contains(., 'EN'))]' is not present after '3' second(s)

2018-12-14 00:48:43 - [MESSAGE][PASSED] - Web element with id: 'Object Repository/Final Object Repo/Landing Page/Select to English' located by 'By.xpath: //a[@class = 'taglib-language-list-text' and @lang = 'en-US' and (contains(text(), 'EN') or contains(., 'EN'))]' is not present after '3' second(s)

2018-12-14 00:48:43 - [TEST_STEP][PASSED] - Statement - If (Checker == false): null

2018-12-14 00:48:43 - [TEST_STEP][PASSED] - delay: Delayed 2 second(s)

2018-12-14 00:48:45 - [MESSAGE][PASSED] - Delayed 2 second(s)

2018-12-14 00:48:45 - [TEST_STEP][PASSED] - delay: Delayed 5 second(s)

2018-12-14 00:48:50 - [MESSAGE][PASSED] - Delayed 5 second(s)

2018-12-14 00:48:50 - [TEST_STEP][PASSED] - mouseOver: Object: 'Object Repository/Final Object Repo/Landing Page/WorkFlow Menu' is hovered

2018-12-14 00:48:50 - [MESSAGE][PASSED] - Object: 'Object Repository/Final Object Repo/Landing Page/WorkFlow Menu' is hovered

2018-12-14 00:48:50 - [TEST_STEP][PASSED] - delay: Delayed 2 second(s)

2018-12-14 00:48:52 - [MESSAGE][PASSED] - Delayed 2 second(s)

2018-12-14 00:48:52 - [TEST_STEP][PASSED] - click: Object: 'Object Repository/Final Object Repo/Landing Page/Select to Workflow Listing' is clicked on

2018-12-14 00:48:53 - [MESSAGE][PASSED] - Object: 'Object Repository/Final Object Repo/Landing Page/Select to Workflow Listing' is clicked on

2018-12-14 00:48:53 - [TEST_STEP][PASSED] - delay: Delayed 2 second(s)

2018-12-14 00:48:55 - [MESSAGE][PASSED] - Delayed 2 second(s)

2018-12-14 00:48:55 - [TEST_STEP][PASSED] - click: Object: 'Object Repository/Final Object Repo/WorkFlow Listing Page/Search Information - To Put Ref No' is clicked on

2018-12-14 00:48:55 - [MESSAGE][PASSED] - Object: 'Object Repository/Final Object Repo/WorkFlow Listing Page/Search Information - To Put Ref No' is clicked on

2018-12-14 00:48:55 - [TEST_STEP][PASSED] - delay: Delayed 2 second(s)

2018-12-14 00:48:57 - [MESSAGE][PASSED] - Delayed 2 second(s)

2018-12-14 00:48:57 - [TEST_STEP][PASSED] - callTestCase: Call Test Case 'Test Cases/Final Aug 2018 - PKS Automation/Common/Reference Number Getter' successfully

2018-12-14 00:48:58 - [TEST_CASE][PASSED] - Test Cases/Final Aug 2018 - PKS Automation/Common/Reference Number Getter: Test Cases/Final Aug 2018 - PKS Automation/Common/Reference Number Getter

2018-12-14 00:48:58 - [TEST_STEP][PASSED] - Statement - Try: null

2018-12-14 00:48:58 - [TEST_STEP][PASSED] - Statement - RefNo = new java.io.File(C://Users//Admin//Desktop//PKS//Automation Reference Point//KatalonReference.txt): null

2018-12-14 00:48:58 - [TEST_STEP][PASSED] - Statement - bufferread = new java.io.BufferedReader(new java.io.FileReader(RefNo)): null

2018-12-14 00:48:58 - [TEST_STEP][PASSED] - Statement - readedVal = bufferread.readLine(): null

2018-12-14 00:48:58 - [TEST_STEP][PASSED] - Statement - out.println(CaseReferenceNo): null

2018-12-14 00:48:58 - [TEST_STEP][PASSED] - Statement - out.println(readedVal): null

2018-12-14 00:48:58 - [TEST_STEP][PASSED] - Statement - CaseReferenceNo = "": null

2018-12-14 00:48:58 - [TEST_STEP][PASSED] - Statement - CaseReferenceNo = readedVal: null

2018-12-14 00:48:58 - [MESSAGE][PASSED] - Call Test Case 'Test Cases/Final Aug 2018 - PKS Automation/Common/Reference Number Getter' successfully

2018-12-14 00:48:58 - [TEST_STEP][PASSED] - setText: Text 'CRN12201800123323' is set on object 'Object Repository/Final Object Repo/WorkFlow Listing Page/Ref No Set Text'

2018-12-14 00:48:58 - [MESSAGE][PASSED] - Text 'CRN12201800123323' is set on object 'Object Repository/Final Object Repo/WorkFlow Listing Page/Ref No Set Text'

2018-12-14 00:48:58 - [TEST_STEP][PASSED] - delay: Delayed 2 second(s)

2018-12-14 00:49:00 - [MESSAGE][PASSED] - Delayed 2 second(s)

2018-12-14 00:49:00 - [TEST_STEP][PASSED] - click: Object: 'Object Repository/Final Object Repo/WorkFlow Listing Page/Search Ref No Search Button' is clicked on

2018-12-14 00:49:00 - [MESSAGE][PASSED] - Object: 'Object Repository/Final Object Repo/WorkFlow Listing Page/Search Ref No Search Button' is clicked on

2018-12-14 00:49:00 - [TEST_STEP][PASSED] - delay: Delayed 6 second(s)

2018-12-14 00:49:06 - [MESSAGE][PASSED] - Delayed 6 second(s)

2018-12-14 00:49:06 - [TEST_STEP][PASSED] - click: Object: 'Object Repository/Final Object Repo/WorkFlow Listing Page/Click Continue Tooltip' is clicked on

2018-12-14 00:49:07 - [MESSAGE][PASSED] - Object: 'Object Repository/Final Object Repo/WorkFlow Listing Page/Click Continue Tooltip' is clicked on

2018-12-14 00:49:07 - [TEST_STEP][PASSED] - delay: Delayed 5 second(s)

2018-12-14 00:49:12 - [MESSAGE][PASSED] - Delayed 5 second(s)

2018-12-14 00:49:12 - [TEST_STEP][PASSED] - doubleClick: Object: 'Object Repository/Final Object Repo/WorkFlow Listing Page/Workflow Found - Listing 1' is double clicked on

2018-12-14 00:49:12 - [MESSAGE][PASSED] - Object: 'Object Repository/Final Object Repo/WorkFlow Listing Page/Workflow Found - Listing 1' is double clicked on

2018-12-14 00:49:12 - [TEST_STEP][PASSED] - Statement - println(OwnerID): null

2018-12-14 00:49:12 - [TEST_STEP][PASSED] - Statement - OwnerID = com.kms.katalon.core.webui.keyword.WebUiBuiltInKeywords.getText(com.kms.katalon.core.testobject.ObjectRepository.findTestObject(Final Object Repo/WorkFlow Listing Page/Workflow Found - Listing 1), STOP_ON_FAILURE): Text of object 'Object Repository/Final Object Repo/WorkFlow Listing Page/Workflow Found - Listing 1' is: 'JOHORro3'

2018-12-14 00:49:12 - [MESSAGE][PASSED] - Text of object 'Object Repository/Final Object Repo/WorkFlow Listing Page/Workflow Found - Listing 1' is: 'JOHORro3'

2018-12-14 00:49:12 - [TEST_STEP][PASSED] - Statement - OwnerID = OwnerID.toLowerCase() + "@gmail.com": null

2018-12-14 00:49:12 - [TEST_STEP][PASSED] - Statement - println(OwnerID): null

2018-12-14 00:49:12 - [TEST_STEP][PASSED] - delay: Delayed 2 second(s)

2018-12-14 00:49:14 - [MESSAGE][PASSED] - Delayed 2 second(s)

2018-12-14 00:49:14 - [MESSAGE][PASSED] - Call Test Case 'Test Cases/Final Aug 2018 - PKS Automation/Common/Workflow Owner Finder' successfully

2018-12-14 00:49:14 - [TEST_STEP][PASSED] - callTestCase: Call Test Case 'Test Cases/Final Aug 2018 - PKS Automation/Registration Module/Log Out/log out avoiding katalon tagging' successfully

2018-12-14 00:49:14 - [TEST_CASE][PASSED] - Test Cases/Final Aug 2018 - PKS Automation/Registration Module/Log Out/log out avoiding katalon tagging: Test Cases/Final Aug 2018 - PKS Automation/Registration Module/Log Out/log out avoiding katalon tagging

2018-12-14 00:49:14 - [TEST_STEP][PASSED] - navigateToUrl: Navigate to 'https://assist2-uat.perkeso.gov.my/c/portal/logout' successfully

2018-12-14 00:49:15 - [MESSAGE][PASSED] - Navigate to 'https://assist2-uat.perkeso.gov.my/c/portal/logout' successfully

2018-12-14 00:49:15 - [MESSAGE][PASSED] - Call Test Case 'Test Cases/Final Aug 2018 - PKS Automation/Registration Module/Log Out/log out avoiding katalon tagging' successfully

2018-12-14 00:49:15 - [TEST_STEP][PASSED] - delay: Delayed 2 second(s)

2018-12-14 00:49:17 - [MESSAGE][PASSED] - Delayed 2 second(s)

2018-12-14 00:49:17 - [TEST_STEP][PASSED] - setText: Text 'johorro3@gmail.com' is set on object 'Object Repository/Final Object Repo/Login Page/Internal User/Email Address'

2018-12-14 00:49:17 - [MESSAGE][PASSED] - Text 'johorro3@gmail.com' is set on object 'Object Repository/Final Object Repo/Login Page/Internal User/Email Address'

2018-12-14 00:49:17 - [TEST_STEP][PASSED] - click: Object: 'Object Repository/Final Object Repo/Login Page/Internal User/Next Button' is clicked on

2018-12-14 00:49:18 - [MESSAGE][PASSED] - Object: 'Object Repository/Final Object Repo/Login Page/Internal User/Next Button' is clicked on

2018-12-14 00:49:18 - [TEST_STEP][PASSED] - delay: Delayed 2 second(s)

2018-12-14 00:49:20 - [MESSAGE][PASSED] - Delayed 2 second(s)

2018-12-14 00:49:20 - [TEST_STEP][PASSED] - setText: Text 'Test1@3456789' is set on object 'Object Repository/Final Object Repo/Login Page/Internal User/Password'

2018-12-14 00:49:20 - [MESSAGE][PASSED] - Text 'Test1@3456789' is set on object 'Object Repository/Final Object Repo/Login Page/Internal User/Password'

2018-12-14 00:49:20 - [TEST_STEP][PASSED] - delay: Delayed 2 second(s)

2018-12-14 00:49:22 - [MESSAGE][PASSED] - Delayed 2 second(s)

2018-12-14 00:49:22 - [TEST_STEP][PASSED] - click: Object: 'Object Repository/Final Object Repo/Login Page/Internal User/Login Button' is clicked on

2018-12-14 00:49:22 - [MESSAGE][PASSED] - Object: 'Object Repository/Final Object Repo/Login Page/Internal User/Login Button' is clicked on

2018-12-14 00:49:22 - [TEST_STEP][PASSED] - delay: Delayed 2 second(s)

2018-12-14 00:49:24 - [MESSAGE][PASSED] - Delayed 2 second(s)

2018-12-14 00:49:24 - [TEST_STEP][PASSED] - Statement - Try: null

2018-12-14 00:49:24 - [TEST_STEP][PASSED] - Statement - Checker = com.kms.katalon.core.webui.keyword.WebUiBuiltInKeywords.verifyElementNotPresent("Final Object Repo/Landing Page/Select to English", 3): null

2018-12-14 00:49:24 - [TEST_STEP][PASSED] - Statement - Catch (Exception e): null

2018-12-14 00:49:24 - [TEST_STEP][PASSED] - Statement - e.printStackTrace(): null

2018-12-14 00:49:24 - [TEST_STEP][PASSED] - click: Object: 'Object Repository/Final Object Repo/New Registration - Registration Module Pages/New Reg - OTC to RO/Special Case - All Related Objects/Expand to Search' is clicked on

2018-12-14 00:49:24 - [MESSAGE][PASSED] - Object: 'Object Repository/Final Object Repo/New Registration - Registration Module Pages/New Reg - OTC to RO/Special Case - All Related Objects/Expand to Search' is clicked on

2018-12-14 00:49:24 - [TEST_STEP][PASSED] - delay: Delayed 2 second(s)

2018-12-14 00:49:26 - [MESSAGE][PASSED] - Delayed 2 second(s)

2018-12-14 00:49:26 - [TEST_STEP][PASSED] - callTestCase: Call Test Case 'Test Cases/Final Aug 2018 - PKS Automation/Common/Reference Number Getter' successfully

2018-12-14 00:49:26 - [TEST_CASE][PASSED] - Test Cases/Final Aug 2018 - PKS Automation/Common/Reference Number Getter: Test Cases/Final Aug 2018 - PKS Automation/Common/Reference Number Getter

2018-12-14 00:49:26 - [TEST_STEP][PASSED] - Statement - Try: null

2018-12-14 00:49:26 - [TEST_STEP][PASSED] - Statement - RefNo = new java.io.File(C://Users//Admin//Desktop//PKS//Automation Reference Point//KatalonReference.txt): null

2018-12-14 00:49:26 - [TEST_STEP][PASSED] - Statement - bufferread = new java.io.BufferedReader(new java.io.FileReader(RefNo)): null

2018-12-14 00:49:26 - [TEST_STEP][PASSED] - Statement - readedVal = bufferread.readLine(): null

2018-12-14 00:49:26 - [TEST_STEP][PASSED] - Statement - out.println(CaseReferenceNo): null

2018-12-14 00:49:26 - [TEST_STEP][PASSED] - Statement - out.println(readedVal): null

2018-12-14 00:49:26 - [TEST_STEP][PASSED] - Statement - CaseReferenceNo = "": null

2018-12-14 00:49:26 - [TEST_STEP][PASSED] - Statement - CaseReferenceNo = readedVal: null

2018-12-14 00:49:26 - [MESSAGE][PASSED] - Call Test Case 'Test Cases/Final Aug 2018 - PKS Automation/Common/Reference Number Getter' successfully

2018-12-14 00:49:26 - [TEST_STEP][PASSED] - setText: Text 'CRN12201800123323' is set on object 'Object Repository/Final Object Repo/New Registration - Registration Module Pages/New Reg - OTC to RO/Special Case - All Related Objects/TextBox RefNo in Workbasket'

2018-12-14 00:49:26 - [MESSAGE][PASSED] - Text 'CRN12201800123323' is set on object 'Object Repository/Final Object Repo/New Registration - Registration Module Pages/New Reg - OTC to RO/Special Case - All Related Objects/TextBox RefNo in Workbasket'

2018-12-14 00:49:26 - [TEST_STEP][PASSED] - delay: Delayed 2 second(s)

2018-12-14 00:49:28 - [MESSAGE][PASSED] - Delayed 2 second(s)

2018-12-14 00:49:28 - [TEST_STEP][PASSED] - click: Object: 'Object Repository/Final Object Repo/New Registration - Registration Module Pages/New Reg - OTC to RO/Special Case - All Related Objects/Click Search' is clicked on

2018-12-14 00:49:29 - [MESSAGE][PASSED] - Object: 'Object Repository/Final Object Repo/New Registration - Registration Module Pages/New Reg - OTC to RO/Special Case - All Related Objects/Click Search' is clicked on

2018-12-14 00:49:29 - [TEST_STEP][PASSED] - delay: Delayed 2 second(s)

2018-12-14 00:49:31 - [MESSAGE][PASSED] - Delayed 2 second(s)

2018-12-14 00:49:31 - [TEST_STEP][PASSED] - click: Object: 'Object Repository/Final Object Repo/New Registration - Registration Module Pages/New Reg - OTC to RO/Special Case - All Related Objects/Click to Continue Workflow' is clicked on

2018-12-14 00:49:35 - [MESSAGE][PASSED] - Object: 'Object Repository/Final Object Repo/New Registration - Registration Module Pages/New Reg - OTC to RO/Special Case - All Related Objects/Click to Continue Workflow' is clicked on

2018-12-14 00:49:35 - [TEST_STEP][PASSED] - delay: Delayed 2 second(s)

2018-12-14 00:49:37 - [MESSAGE][PASSED] - Delayed 2 second(s)

2018-12-14 00:49:37 - [TEST_STEP][PASSED] - click: Object: 'Object Repository/Final Object Repo/New Registration - Registration Module Pages/New Reg - OTC to RO/Special Case - All Related Objects/Continue Button in verifying case' is clicked on

2018-12-14 00:49:38 - [MESSAGE][PASSED] - Object: 'Object Repository/Final Object Repo/New Registration - Registration Module Pages/New Reg - OTC to RO/Special Case - All Related Objects/Continue Button in verifying case' is clicked on

2018-12-14 00:49:38 - [TEST_STEP][PASSED] - delay: Delayed 2 second(s)

2018-12-14 00:49:40 - [MESSAGE][PASSED] - Delayed 2 second(s)

2018-12-14 00:49:40 - [TEST_STEP][PASSED] - click: Object: 'Object Repository/Final Object Repo/New Registration - Registration Module Pages/Form 1/Registered As a Branch - Yes' is clicked on

2018-12-14 00:49:41 - [MESSAGE][PASSED] - Object: 'Object Repository/Final Object Repo/New Registration - Registration Module Pages/Form 1/Registered As a Branch - Yes' is clicked on

2018-12-14 00:49:41 - [TEST_STEP][PASSED] - delay: Delayed 2 second(s)

2018-12-14 00:49:43 - [MESSAGE][PASSED] - Delayed 2 second(s)

2018-12-14 00:49:43 - [TEST_STEP][PASSED] - click: Object: 'Object Repository/Final Object Repo/New Registration - Registration Module Pages/New Reg - OTC to RO/Special Case - All Related Objects/Form 1 Save n Continue' is clicked on

2018-12-14 00:49:43 - [MESSAGE][PASSED] - Object: 'Object Repository/Final Object Repo/New Registration - Registration Module Pages/New Reg - OTC to RO/Special Case - All Related Objects/Form 1 Save n Continue' is clicked on

2018-12-14 00:49:43 - [TEST_STEP][PASSED] - delay: Delayed 2 second(s)

2018-12-14 00:49:45 - [MESSAGE][PASSED] - Delayed 2 second(s)

2018-12-14 00:49:45 - [TEST_STEP][PASSED] - click: Object: 'Object Repository/Final Object Repo/New Registration - Registration Module Pages/New Reg - OTC to RO/Special Case - All Related Objects/Form 2 Save n Continue' is clicked on

2018-12-14 00:49:45 - [MESSAGE][PASSED] - Object: 'Object Repository/Final Object Repo/New Registration - Registration Module Pages/New Reg - OTC to RO/Special Case - All Related Objects/Form 2 Save n Continue' is clicked on

2018-12-14 00:49:45 - [TEST_STEP][PASSED] - delay: Delayed 2 second(s)

2018-12-14 00:49:47 - [MESSAGE][PASSED] - Delayed 2 second(s)

2018-12-14 00:49:47 - [TEST_STEP][PASSED] - click: Object: 'Object Repository/Final Object Repo/New Registration - Registration Module Pages/New Reg - OTC to RO/Special Case - All Related Objects/Third Screen Save n Continue' is clicked on

2018-12-14 00:49:53 - [MESSAGE][PASSED] - Object: 'Object Repository/Final Object Repo/New Registration - Registration Module Pages/New Reg - OTC to RO/Special Case - All Related Objects/Third Screen Save n Continue' is clicked on

2018-12-14 00:49:53 - [TEST_STEP][PASSED] - delay: Delayed 5 second(s)

2018-12-14 00:49:58 - [MESSAGE][PASSED] - Delayed 5 second(s)

2018-12-14 00:49:58 - [TEST_STEP][PASSED] - click: Object: 'Object Repository/Final Object Repo/New Registration - Registration Module Pages/New Reg - OTC to RO/Special Case - All Related Objects/Upload Doc Page Save n Continue' is clicked on

2018-12-14 00:49:58 - [MESSAGE][PASSED] - Object: 'Object Repository/Final Object Repo/New Registration - Registration Module Pages/New Reg - OTC to RO/Special Case - All Related Objects/Upload Doc Page Save n Continue' is clicked on

2018-12-14 00:49:58 - [TEST_STEP][FAILED] - callTestCase: Unable to call Test Case with id 'Test Cases/Final Aug 2018 - PKS Automation/Registration Module/New Registration/Submit and Screenshot/Submit Registration and Screenshot' (Root cause: Call Test Case 'Test Cases/Final Aug 2018 - PKS Automation/Registration Module/New Registration/Submit and Screenshot/Submit Registration and Screenshot' failed)

2018-12-14 00:49:58 - [TEST_CASE][FAILED] - Test Cases/Final Aug 2018 - PKS Automation/Registration Module/New Registration/Submit and Screenshot/Submit Registration and Screenshot: Test Cases/Final Aug 2018 - PKS Automation/Registration Module/New Registration/Submit and Screenshot/Submit Registration and Screenshot FAILED because (of) (Stack trace: com.kms.katalon.core.exception.StepFailedException: Unable to click on object 'Object Repository/Final Object Repo/New Registration - Registration Module Pages/Third Screen - Upload Supporting Doc- Preview/Preview Submit Button' (Root cause: com.kms.katalon.core.webui.exception.WebElementNotFoundException: Web element with id: 'Object Repository/Final Object Repo/New Registration - Registration Module Pages/Third Screen - Upload Supporting Doc- Preview/Preview Submit Button' located by 'By.xpath: //a[@popupvalidatesubmit = 'true' and @class = 'btn btn-lg blueBtn col-md-2 pull-right browserIdBtn' and (text() = ' SUBMIT
					' or . = ' SUBMIT
					')]' not found)
	at com.kms.katalon.core.keyword.internal.KeywordMain.stepFailed(KeywordMain.groovy:32)
	at com.kms.katalon.core.webui.keyword.internal.WebUIKeywordMain.stepFailed(WebUIKeywordMain.groovy:65)
	at com.kms.katalon.core.webui.keyword.internal.WebUIKeywordMain.runKeyword(WebUIKeywordMain.groovy:27)
	at com.kms.katalon.core.webui.keyword.builtin.ClickKeyword.click(ClickKeyword.groovy:86)
	at com.kms.katalon.core.webui.keyword.builtin.ClickKeyword.execute(ClickKeyword.groovy:67)
	at com.kms.katalon.core.keyword.internal.KeywordExecutor.executeKeywordForPlatform(KeywordExecutor.groovy:53)
	at com.kms.katalon.core.webui.keyword.WebUiBuiltInKeywords.click(WebUiBuiltInKeywords.groovy:616)
	at com.kms.katalon.core.webui.keyword.WebUiBuiltInKeywords$click$2.call(Unknown Source)
	at Script1534476274484.run(Script1534476274484.groovy:32)
	at com.kms.katalon.core.main.ScriptEngine.run(ScriptEngine.java:183)
	at com.kms.katalon.core.main.ScriptEngine.runScriptAsRawText(ScriptEngine.java:108)
	at com.kms.katalon.core.main.TestCaseExecutor.runScript(TestCaseExecutor.java:294)
	at com.kms.katalon.core.main.TestCaseExecutor.doExecute(TestCaseExecutor.java:285)
	at com.kms.katalon.core.main.TestCaseExecutor.processExecutionPhase(TestCaseExecutor.java:264)
	at com.kms.katalon.core.main.TestCaseExecutor.accessMainPhase(TestCaseExecutor.java:256)
	at com.kms.katalon.core.main.TestCaseExecutor.execute(TestCaseExecutor.java:200)
	at com.kms.katalon.core.main.TestCaseMain.runTestCase(TestCaseMain.java:99)
	at com.kms.katalon.core.keyword.builtin.CallTestCaseKeyword$_callTestCase_closure1.doCall(CallTestCaseKeyword.groovy:60)
	at com.kms.katalon.core.keyword.builtin.CallTestCaseKeyword$_callTestCase_closure1.call(CallTestCaseKeyword.groovy)
	at com.kms.katalon.core.keyword.internal.KeywordMain.runKeyword(KeywordMain.groovy:54)
	at com.kms.katalon.core.keyword.builtin.CallTestCaseKeyword.callTestCase(CallTestCaseKeyword.groovy:81)
	at com.kms.katalon.core.keyword.builtin.CallTestCaseKeyword.execute(CallTestCaseKeyword.groovy:45)
	at com.kms.katalon.core.keyword.internal.KeywordExecutor.executeKeywordForPlatform(KeywordExecutor.groovy:53)
	at com.kms.katalon.core.keyword.BuiltinKeywords.callTestCase(BuiltinKeywords.groovy:334)
	at sun.reflect.GeneratedMethodAccessor13.invoke(Unknown Source)
	at sun.reflect.DelegatingMethodAccessorImpl.invoke(DelegatingMethodAccessorImpl.java:43)
	at java.lang.reflect.Method.invoke(Method.java:498)
	at org.codehaus.groovy.reflection.CachedMethod.invoke(CachedMethod.java:93)
	at groovy.lang.MetaMethod.doMethodInvoke(MetaMethod.java:325)
	at groovy.lang.MetaClassImpl.invokeStaticMethod(MetaClassImpl.java:1469)
	at org.codehaus.groovy.runtime.callsite.StaticMetaClassSite.call(StaticMetaClassSite.java:53)
	at org.codehaus.groovy.runtime.callsite.CallSiteArray.defaultCall(CallSiteArray.java:48)
	at org.codehaus.groovy.runtime.callsite.AbstractCallSite.call(AbstractCallSite.java:113)
	at org.codehaus.groovy.runtime.callsite.AbstractCallSite.call(AbstractCallSite.java:141)
	at Script1535599531593.run(Script1535599531593.groovy:358)
	at com.kms.katalon.core.main.ScriptEngine.run(ScriptEngine.java:183)
	at com.kms.katalon.core.main.ScriptEngine.runScriptAsRawText(ScriptEngine.java:108)
	at com.kms.katalon.core.main.TestCaseExecutor.runScript(TestCaseExecutor.java:294)
	at com.kms.katalon.core.main.TestCaseExecutor.doExecute(TestCaseExecutor.java:285)
	at com.kms.katalon.core.main.TestCaseExecutor.processExecutionPhase(TestCaseExecutor.java:264)
	at com.kms.katalon.core.main.TestCaseExecutor.accessMainPhase(TestCaseExecutor.java:256)
	at com.kms.katalon.core.main.TestCaseExecutor.execute(TestCaseExecutor.java:200)
	at com.kms.katalon.core.main.TestSuiteExecutor.accessTestCaseMainPhase(TestSuiteExecutor.java:129)
	at com.kms.katalon.core.main.TestSuiteExecutor.accessTestSuiteMainPhase(TestSuiteExecutor.java:112)
	at com.kms.katalon.core.main.TestSuiteExecutor.execute(TestSuiteExecutor.java:81)
	at com.kms.katalon.core.main.TestCaseMain.startTestSuite(TestCaseMain.java:142)
	at com.kms.katalon.core.main.TestCaseMain$startTestSuite$0.call(Unknown Source)
	at org.codehaus.groovy.runtime.callsite.CallSiteArray.defaultCall(CallSiteArray.java:48)
	at org.codehaus.groovy.runtime.callsite.AbstractCallSite.call(AbstractCallSite.java:113)
	at org.codehaus.groovy.runtime.callsite.AbstractCallSite.call(AbstractCallSite.java:141)
	at TempTestSuite1544701631622.run(TempTestSuite1544701631622.groovy:36)
	at groovy.lang.GroovyShell.runScriptOrMainOrTestOrRunnable(GroovyShell.java:263)
	at groovy.lang.GroovyShell.run(GroovyShell.java:518)
	at groovy.lang.GroovyShell.run(GroovyShell.java:507)
	at groovy.ui.GroovyMain.processOnce(GroovyMain.java:653)
	at groovy.ui.GroovyMain.run(GroovyMain.java:384)
	at groovy.ui.GroovyMain.process(GroovyMain.java:370)
	at groovy.ui.GroovyMain.processArgs(GroovyMain.java:129)
	at groovy.ui.GroovyMain.main(GroovyMain.java:109)
	at sun.reflect.NativeMethodAccessorImpl.invoke0(Native Method)
	at sun.reflect.NativeMethodAccessorImpl.invoke(NativeMethodAccessorImpl.java:62)
	at sun.reflect.DelegatingMethodAccessorImpl.invoke(DelegatingMethodAccessorImpl.java:43)
	at java.lang.reflect.Method.invoke(Method.java:498)
	at org.codehaus.groovy.tools.GroovyStarter.rootLoader(GroovyStarter.java:109)
	at org.codehaus.groovy.tools.GroovyStarter.main(GroovyStarter.java:131)
)

2018-12-14 00:49:58 - [TEST_STEP][PASSED] - delay: Delayed 6 second(s)

2018-12-14 00:50:04 - [MESSAGE][PASSED] - Delayed 6 second(s)

2018-12-14 00:50:04 - [TEST_STEP][FAILED] - click: Unable to click on object 'Object Repository/Final Object Repo/New Registration - Registration Module Pages/Third Screen - Upload Supporting Doc- Preview/Preview Submit Button' (Root cause: com.kms.katalon.core.webui.exception.WebElementNotFoundException: Web element with id: 'Object Repository/Final Object Repo/New Registration - Registration Module Pages/Third Screen - Upload Supporting Doc- Preview/Preview Submit Button' located by 'By.xpath: //a[@popupvalidatesubmit = 'true' and @class = 'btn btn-lg blueBtn col-md-2 pull-right browserIdBtn' and (text() = ' SUBMIT
					' or . = ' SUBMIT
					')]' not found)

2018-12-14 00:50:40 - [MESSAGE][FAILED] - Unable to click on object 'Object Repository/Final Object Repo/New Registration - Registration Module Pages/Third Screen - Upload Supporting Doc- Preview/Preview Submit Button' (Root cause: com.kms.katalon.core.webui.exception.WebElementNotFoundException: Web element with id: 'Object Repository/Final Object Repo/New Registration - Registration Module Pages/Third Screen - Upload Supporting Doc- Preview/Preview Submit Button' located by 'By.xpath: //a[@popupvalidatesubmit = 'true' and @class = 'btn btn-lg blueBtn col-md-2 pull-right browserIdBtn' and (text() = ' SUBMIT
					' or . = ' SUBMIT
					')]' not found)
[[ATTACHMENT|C:\\Users\\Admin\\Desktop\\PKS\\Perkeso Phase A\\Reports\\Workflow\\New Registration\\20181213_194711\\1544719839937.png]]

2018-12-14 00:50:40 - [TEST_STEP][PASSED] - delay: Delayed 2 second(s)

2018-12-14 00:50:42 - [MESSAGE][PASSED] - Delayed 2 second(s)

2018-12-14 00:50:42 - [TEST_STEP][FAILED] - click: Unable to click on object 'Object Repository/Final Object Repo/New Registration - Registration Module Pages/Third Screen - Upload Supporting Doc- Preview/Preview Submit - Confirm' (Root cause: com.kms.katalon.core.webui.exception.WebElementNotFoundException: Web element with id: 'Object Repository/Final Object Repo/New Registration - Registration Module Pages/Third Screen - Upload Supporting Doc- Preview/Preview Submit - Confirm' located by 'By.xpath: //span[@id = 'confirmword' and (text() = 'CONFIRM' or . = 'CONFIRM')]' not found)

2018-12-14 00:51:14 - [MESSAGE][FAILED] - Unable to click on object 'Object Repository/Final Object Repo/New Registration - Registration Module Pages/Third Screen - Upload Supporting Doc- Preview/Preview Submit - Confirm' (Root cause: com.kms.katalon.core.webui.exception.WebElementNotFoundException: Web element with id: 'Object Repository/Final Object Repo/New Registration - Registration Module Pages/Third Screen - Upload Supporting Doc- Preview/Preview Submit - Confirm' located by 'By.xpath: //span[@id = 'confirmword' and (text() = 'CONFIRM' or . = 'CONFIRM')]' not found)
[[ATTACHMENT|C:\\Users\\Admin\\Desktop\\PKS\\Perkeso Phase A\\Reports\\Workflow\\New Registration\\20181213_194711\\1544719874205.png]]

2018-12-14 00:51:14 - [TEST_STEP][PASSED] - delay: Delayed 15 second(s)

2018-12-14 00:51:29 - [MESSAGE][PASSED] - Delayed 15 second(s)

2018-12-14 00:51:29 - [TEST_STEP][PASSED] - Statement - driver = com.kms.katalon.core.webui.driver.DriverFactory.getWebDriver(): null

2018-12-14 00:51:29 - [TEST_STEP][PASSED] - Statement - driver.manage().timeouts().implicitlyWait(10, SECONDS): null

2018-12-14 00:51:29 - [TEST_STEP][PASSED] - Statement - PresavePath = KatalonScreenshots: null

2018-12-14 00:51:29 - [TEST_STEP][PASSED] - Statement - pathPrefix = "C:\Users\Public\Pictures\Sample Pictures\Katalon Screenshots\Automate Ending Screen": null

2018-12-14 00:51:29 - [TEST_STEP][PASSED] - Statement - finalPath = <not implemented yet for class: org.codehaus.groovy.ast.expr.EmptyExpression>: null

2018-12-14 00:51:29 - [TEST_STEP][PASSED] - Statement - scrFile = driver.getScreenshotAs(FILE): null

2018-12-14 00:51:29 - [TEST_STEP][PASSED] - Statement - PreSaveFile = new java.io.File(PresavePath): null

2018-12-14 00:51:29 - [TEST_STEP][PASSED] - Statement - counter = 0: null

2018-12-14 00:51:29 - [TEST_STEP][PASSED] - Statement - If (PreSaveFile.exists()): null

2018-12-14 00:51:29 - [TEST_STEP][PASSED] - Statement - While (PreSaveFile.exists()): null

2018-12-14 00:51:29 - [TEST_STEP][PASSED] - Statement - counter = counter + 1: null

2018-12-14 00:51:29 - [TEST_STEP][PASSED] - Statement - PreSaveFile = new java.io.File(((pathPrefix + java.lang.Integer.toString(counter)) + .png)): null

2018-12-14 00:51:29 - [TEST_STEP][PASSED] - Statement - counter = counter + 1: null

2018-12-14 00:51:29 - [TEST_STEP][PASSED] - Statement - PreSaveFile = new java.io.File(((pathPrefix + java.lang.Integer.toString(counter)) + .png)): null

2018-12-14 00:51:29 - [TEST_STEP][PASSED] - Statement - counter = counter + 1: null

2018-12-14 00:51:29 - [TEST_STEP][PASSED] - Statement - PreSaveFile = new java.io.File(((pathPrefix + java.lang.Integer.toString(counter)) + .png)): null

2018-12-14 00:51:29 - [TEST_STEP][PASSED] - Statement - counter = counter + 1: null

2018-12-14 00:51:29 - [TEST_STEP][PASSED] - Statement - PreSaveFile = new java.io.File(((pathPrefix + java.lang.Integer.toString(counter)) + .png)): null

2018-12-14 00:51:29 - [TEST_STEP][PASSED] - Statement - counter = counter + 1: null

2018-12-14 00:51:29 - [TEST_STEP][PASSED] - Statement - PreSaveFile = new java.io.File(((pathPrefix + java.lang.Integer.toString(counter)) + .png)): null

2018-12-14 00:51:29 - [TEST_STEP][PASSED] - Statement - counter = counter + 1: null

2018-12-14 00:51:29 - [TEST_STEP][PASSED] - Statement - PreSaveFile = new java.io.File(((pathPrefix + java.lang.Integer.toString(counter)) + .png)): null

2018-12-14 00:51:29 - [TEST_STEP][PASSED] - Statement - counter = counter + 1: null

2018-12-14 00:51:29 - [TEST_STEP][PASSED] - Statement - PreSaveFile = new java.io.File(((pathPrefix + java.lang.Integer.toString(counter)) + .png)): null

2018-12-14 00:51:29 - [TEST_STEP][PASSED] - Statement - counter = counter + 1: null

2018-12-14 00:51:29 - [TEST_STEP][PASSED] - Statement - PreSaveFile = new java.io.File(((pathPrefix + java.lang.Integer.toString(counter)) + .png)): null

2018-12-14 00:51:29 - [TEST_STEP][PASSED] - Statement - counter = counter + 1: null

2018-12-14 00:51:29 - [TEST_STEP][PASSED] - Statement - PreSaveFile = new java.io.File(((pathPrefix + java.lang.Integer.toString(counter)) + .png)): null

2018-12-14 00:51:29 - [TEST_STEP][PASSED] - Statement - counter = counter + 1: null

2018-12-14 00:51:29 - [TEST_STEP][PASSED] - Statement - PreSaveFile = new java.io.File(((pathPrefix + java.lang.Integer.toString(counter)) + .png)): null

2018-12-14 00:51:29 - [TEST_STEP][PASSED] - Statement - counter = counter + 1: null

2018-12-14 00:51:29 - [TEST_STEP][PASSED] - Statement - PreSaveFile = new java.io.File(((pathPrefix + java.lang.Integer.toString(counter)) + .png)): null

2018-12-14 00:51:29 - [TEST_STEP][PASSED] - Statement - counter = counter + 1: null

2018-12-14 00:51:29 - [TEST_STEP][PASSED] - Statement - PreSaveFile = new java.io.File(((pathPrefix + java.lang.Integer.toString(counter)) + .png)): null

2018-12-14 00:51:29 - [TEST_STEP][PASSED] - Statement - counter = counter + 1: null

2018-12-14 00:51:29 - [TEST_STEP][PASSED] - Statement - PreSaveFile = new java.io.File(((pathPrefix + java.lang.Integer.toString(counter)) + .png)): null

2018-12-14 00:51:29 - [TEST_STEP][PASSED] - Statement - counter = counter + 1: null

2018-12-14 00:51:29 - [TEST_STEP][PASSED] - Statement - PreSaveFile = new java.io.File(((pathPrefix + java.lang.Integer.toString(counter)) + .png)): null

2018-12-14 00:51:29 - [TEST_STEP][PASSED] - Statement - counter = counter + 1: null

2018-12-14 00:51:29 - [TEST_STEP][PASSED] - Statement - PreSaveFile = new java.io.File(((pathPrefix + java.lang.Integer.toString(counter)) + .png)): null

2018-12-14 00:51:29 - [TEST_STEP][PASSED] - Statement - counter = counter + 1: null

2018-12-14 00:51:29 - [TEST_STEP][PASSED] - Statement - PreSaveFile = new java.io.File(((pathPrefix + java.lang.Integer.toString(counter)) + .png)): null

2018-12-14 00:51:29 - [TEST_STEP][PASSED] - Statement - counter = counter + 1: null

2018-12-14 00:51:29 - [TEST_STEP][PASSED] - Statement - PreSaveFile = new java.io.File(((pathPrefix + java.lang.Integer.toString(counter)) + .png)): null

2018-12-14 00:51:29 - [TEST_STEP][PASSED] - Statement - counter = counter + 1: null

2018-12-14 00:51:29 - [TEST_STEP][PASSED] - Statement - PreSaveFile = new java.io.File(((pathPrefix + java.lang.Integer.toString(counter)) + .png)): null

2018-12-14 00:51:29 - [TEST_STEP][PASSED] - Statement - counter = counter + 1: null

2018-12-14 00:51:29 - [TEST_STEP][PASSED] - Statement - PreSaveFile = new java.io.File(((pathPrefix + java.lang.Integer.toString(counter)) + .png)): null

2018-12-14 00:51:29 - [TEST_STEP][PASSED] - Statement - counter = counter + 1: null

2018-12-14 00:51:29 - [TEST_STEP][PASSED] - Statement - PreSaveFile = new java.io.File(((pathPrefix + java.lang.Integer.toString(counter)) + .png)): null

2018-12-14 00:51:29 - [TEST_STEP][PASSED] - Statement - counter = counter + 1: null

2018-12-14 00:51:29 - [TEST_STEP][PASSED] - Statement - PreSaveFile = new java.io.File(((pathPrefix + java.lang.Integer.toString(counter)) + .png)): null

2018-12-14 00:51:29 - [TEST_STEP][PASSED] - Statement - counter = counter + 1: null

2018-12-14 00:51:29 - [TEST_STEP][PASSED] - Statement - PreSaveFile = new java.io.File(((pathPrefix + java.lang.Integer.toString(counter)) + .png)): null

2018-12-14 00:51:29 - [TEST_STEP][PASSED] - Statement - counter = counter + 1: null

2018-12-14 00:51:29 - [TEST_STEP][PASSED] - Statement - PreSaveFile = new java.io.File(((pathPrefix + java.lang.Integer.toString(counter)) + .png)): null

2018-12-14 00:51:29 - [TEST_STEP][PASSED] - Statement - counter = counter + 1: null

2018-12-14 00:51:29 - [TEST_STEP][PASSED] - Statement - PreSaveFile = new java.io.File(((pathPrefix + java.lang.Integer.toString(counter)) + .png)): null

2018-12-14 00:51:29 - [TEST_STEP][PASSED] - Statement - counter = counter + 1: null

2018-12-14 00:51:29 - [TEST_STEP][PASSED] - Statement - PreSaveFile = new java.io.File(((pathPrefix + java.lang.Integer.toString(counter)) + .png)): null

2018-12-14 00:51:29 - [TEST_STEP][PASSED] - Statement - counter = counter + 1: null

2018-12-14 00:51:29 - [TEST_STEP][PASSED] - Statement - PreSaveFile = new java.io.File(((pathPrefix + java.lang.Integer.toString(counter)) + .png)): null

2018-12-14 00:51:29 - [TEST_STEP][PASSED] - Statement - counter = counter + 1: null

2018-12-14 00:51:29 - [TEST_STEP][PASSED] - Statement - PreSaveFile = new java.io.File(((pathPrefix + java.lang.Integer.toString(counter)) + .png)): null

2018-12-14 00:51:29 - [TEST_STEP][PASSED] - Statement - counter = counter + 1: null

2018-12-14 00:51:29 - [TEST_STEP][PASSED] - Statement - PreSaveFile = new java.io.File(((pathPrefix + java.lang.Integer.toString(counter)) + .png)): null

2018-12-14 00:51:29 - [TEST_STEP][PASSED] - Statement - counter = counter + 1: null

2018-12-14 00:51:29 - [TEST_STEP][PASSED] - Statement - PreSaveFile = new java.io.File(((pathPrefix + java.lang.Integer.toString(counter)) + .png)): null

2018-12-14 00:51:29 - [TEST_STEP][PASSED] - Statement - counter = counter + 1: null

2018-12-14 00:51:29 - [TEST_STEP][PASSED] - Statement - PreSaveFile = new java.io.File(((pathPrefix + java.lang.Integer.toString(counter)) + .png)): null

2018-12-14 00:51:29 - [TEST_STEP][PASSED] - Statement - counter = counter + 1: null

2018-12-14 00:51:29 - [TEST_STEP][PASSED] - Statement - PreSaveFile = new java.io.File(((pathPrefix + java.lang.Integer.toString(counter)) + .png)): null

2018-12-14 00:51:29 - [TEST_STEP][PASSED] - Statement - counter = counter + 1: null

2018-12-14 00:51:29 - [TEST_STEP][PASSED] - Statement - PreSaveFile = new java.io.File(((pathPrefix + java.lang.Integer.toString(counter)) + .png)): null

2018-12-14 00:51:29 - [TEST_STEP][PASSED] - Statement - counter = counter + 1: null

2018-12-14 00:51:29 - [TEST_STEP][PASSED] - Statement - PreSaveFile = new java.io.File(((pathPrefix + java.lang.Integer.toString(counter)) + .png)): null

2018-12-14 00:51:29 - [TEST_STEP][PASSED] - Statement - counter = counter + 1: null

2018-12-14 00:51:29 - [TEST_STEP][PASSED] - Statement - PreSaveFile = new java.io.File(((pathPrefix + java.lang.Integer.toString(counter)) + .png)): null

2018-12-14 00:51:29 - [TEST_STEP][PASSED] - Statement - counter = counter + 1: null

2018-12-14 00:51:29 - [TEST_STEP][PASSED] - Statement - PreSaveFile = new java.io.File(((pathPrefix + java.lang.Integer.toString(counter)) + .png)): null

2018-12-14 00:51:29 - [TEST_STEP][PASSED] - Statement - counter = counter + 1: null

2018-12-14 00:51:29 - [TEST_STEP][PASSED] - Statement - PreSaveFile = new java.io.File(((pathPrefix + java.lang.Integer.toString(counter)) + .png)): null

2018-12-14 00:51:29 - [TEST_STEP][PASSED] - Statement - counter = counter + 1: null

2018-12-14 00:51:29 - [TEST_STEP][PASSED] - Statement - PreSaveFile = new java.io.File(((pathPrefix + java.lang.Integer.toString(counter)) + .png)): null

2018-12-14 00:51:29 - [TEST_STEP][PASSED] - Statement - counter = counter + 1: null

2018-12-14 00:51:30 - [TEST_STEP][PASSED] - Statement - PreSaveFile = new java.io.File(((pathPrefix + java.lang.Integer.toString(counter)) + .png)): null

2018-12-14 00:51:30 - [TEST_STEP][PASSED] - Statement - counter = counter + 1: null

2018-12-14 00:51:30 - [TEST_STEP][PASSED] - Statement - PreSaveFile = new java.io.File(((pathPrefix + java.lang.Integer.toString(counter)) + .png)): null

2018-12-14 00:51:30 - [TEST_STEP][PASSED] - Statement - counter = counter + 1: null

2018-12-14 00:51:30 - [TEST_STEP][PASSED] - Statement - PreSaveFile = new java.io.File(((pathPrefix + java.lang.Integer.toString(counter)) + .png)): null

2018-12-14 00:51:30 - [TEST_STEP][PASSED] - Statement - counter = counter + 1: null

2018-12-14 00:51:30 - [TEST_STEP][PASSED] - Statement - PreSaveFile = new java.io.File(((pathPrefix + java.lang.Integer.toString(counter)) + .png)): null

2018-12-14 00:51:30 - [TEST_STEP][PASSED] - Statement - counter = counter + 1: null

2018-12-14 00:51:30 - [TEST_STEP][PASSED] - Statement - PreSaveFile = new java.io.File(((pathPrefix + java.lang.Integer.toString(counter)) + .png)): null

2018-12-14 00:51:30 - [TEST_STEP][PASSED] - Statement - counter = counter + 1: null

2018-12-14 00:51:30 - [TEST_STEP][PASSED] - Statement - PreSaveFile = new java.io.File(((pathPrefix + java.lang.Integer.toString(counter)) + .png)): null

2018-12-14 00:51:30 - [TEST_STEP][PASSED] - Statement - counter = counter + 1: null

2018-12-14 00:51:30 - [TEST_STEP][PASSED] - Statement - PreSaveFile = new java.io.File(((pathPrefix + java.lang.Integer.toString(counter)) + .png)): null

2018-12-14 00:51:30 - [TEST_STEP][PASSED] - Statement - counter = counter + 1: null

2018-12-14 00:51:30 - [TEST_STEP][PASSED] - Statement - PreSaveFile = new java.io.File(((pathPrefix + java.lang.Integer.toString(counter)) + .png)): null

2018-12-14 00:51:30 - [TEST_STEP][PASSED] - Statement - counter = counter + 1: null

2018-12-14 00:51:30 - [TEST_STEP][PASSED] - Statement - PreSaveFile = new java.io.File(((pathPrefix + java.lang.Integer.toString(counter)) + .png)): null

2018-12-14 00:51:30 - [TEST_STEP][PASSED] - Statement - counter = counter + 1: null

2018-12-14 00:51:30 - [TEST_STEP][PASSED] - Statement - PreSaveFile = new java.io.File(((pathPrefix + java.lang.Integer.toString(counter)) + .png)): null

2018-12-14 00:51:30 - [TEST_STEP][PASSED] - Statement - counter = counter + 1: null

2018-12-14 00:51:30 - [TEST_STEP][PASSED] - Statement - PreSaveFile = new java.io.File(((pathPrefix + java.lang.Integer.toString(counter)) + .png)): null

2018-12-14 00:51:30 - [TEST_STEP][PASSED] - Statement - counter = counter + 1: null

2018-12-14 00:51:30 - [TEST_STEP][PASSED] - Statement - PreSaveFile = new java.io.File(((pathPrefix + java.lang.Integer.toString(counter)) + .png)): null

2018-12-14 00:51:30 - [TEST_STEP][PASSED] - Statement - counter = counter + 1: null

2018-12-14 00:51:30 - [TEST_STEP][PASSED] - Statement - PreSaveFile = new java.io.File(((pathPrefix + java.lang.Integer.toString(counter)) + .png)): null

2018-12-14 00:51:30 - [TEST_STEP][PASSED] - Statement - counter = counter + 1: null

2018-12-14 00:51:30 - [TEST_STEP][PASSED] - Statement - PreSaveFile = new java.io.File(((pathPrefix + java.lang.Integer.toString(counter)) + .png)): null

2018-12-14 00:51:30 - [TEST_STEP][PASSED] - Statement - counter = counter + 1: null

2018-12-14 00:51:30 - [TEST_STEP][PASSED] - Statement - PreSaveFile = new java.io.File(((pathPrefix + java.lang.Integer.toString(counter)) + .png)): null

2018-12-14 00:51:30 - [TEST_STEP][PASSED] - Statement - counter = counter + 1: null

2018-12-14 00:51:30 - [TEST_STEP][PASSED] - Statement - PreSaveFile = new java.io.File(((pathPrefix + java.lang.Integer.toString(counter)) + .png)): null

2018-12-14 00:51:30 - [TEST_STEP][PASSED] - Statement - counter = counter + 1: null

2018-12-14 00:51:30 - [TEST_STEP][PASSED] - Statement - PreSaveFile = new java.io.File(((pathPrefix + java.lang.Integer.toString(counter)) + .png)): null

2018-12-14 00:51:30 - [TEST_STEP][PASSED] - Statement - counter = counter + 1: null

2018-12-14 00:51:30 - [TEST_STEP][PASSED] - Statement - PreSaveFile = new java.io.File(((pathPrefix + java.lang.Integer.toString(counter)) + .png)): null

2018-12-14 00:51:30 - [TEST_STEP][PASSED] - Statement - counter = counter + 1: null

2018-12-14 00:51:30 - [TEST_STEP][PASSED] - Statement - PreSaveFile = new java.io.File(((pathPrefix + java.lang.Integer.toString(counter)) + .png)): null

2018-12-14 00:51:30 - [TEST_STEP][PASSED] - Statement - counter = counter + 1: null

2018-12-14 00:51:30 - [TEST_STEP][PASSED] - Statement - PreSaveFile = new java.io.File(((pathPrefix + java.lang.Integer.toString(counter)) + .png)): null

2018-12-14 00:51:30 - [TEST_STEP][PASSED] - Statement - counter = counter + 1: null

2018-12-14 00:51:30 - [TEST_STEP][PASSED] - Statement - PreSaveFile = new java.io.File(((pathPrefix + java.lang.Integer.toString(counter)) + .png)): null

2018-12-14 00:51:30 - [TEST_STEP][PASSED] - Statement - counter = counter + 1: null

2018-12-14 00:51:30 - [TEST_STEP][PASSED] - Statement - PreSaveFile = new java.io.File(((pathPrefix + java.lang.Integer.toString(counter)) + .png)): null

2018-12-14 00:51:30 - [TEST_STEP][PASSED] - Statement - counter = counter + 1: null

2018-12-14 00:51:30 - [TEST_STEP][PASSED] - Statement - PreSaveFile = new java.io.File(((pathPrefix + java.lang.Integer.toString(counter)) + .png)): null

2018-12-14 00:51:30 - [TEST_STEP][PASSED] - Statement - counter = counter + 1: null

2018-12-14 00:51:30 - [TEST_STEP][PASSED] - Statement - PreSaveFile = new java.io.File(((pathPrefix + java.lang.Integer.toString(counter)) + .png)): null

2018-12-14 00:51:30 - [TEST_STEP][PASSED] - Statement - counter = counter + 1: null

2018-12-14 00:51:30 - [TEST_STEP][PASSED] - Statement - PreSaveFile = new java.io.File(((pathPrefix + java.lang.Integer.toString(counter)) + .png)): null

2018-12-14 00:51:30 - [TEST_STEP][PASSED] - Statement - counter = counter + 1: null

2018-12-14 00:51:30 - [TEST_STEP][PASSED] - Statement - PreSaveFile = new java.io.File(((pathPrefix + java.lang.Integer.toString(counter)) + .png)): null

2018-12-14 00:51:30 - [TEST_STEP][PASSED] - Statement - counter = counter + 1: null

2018-12-14 00:51:30 - [TEST_STEP][PASSED] - Statement - PreSaveFile = new java.io.File(((pathPrefix + java.lang.Integer.toString(counter)) + .png)): null

2018-12-14 00:51:30 - [TEST_STEP][PASSED] - Statement - counter = counter + 1: null

2018-12-14 00:51:30 - [TEST_STEP][PASSED] - Statement - PreSaveFile = new java.io.File(((pathPrefix + java.lang.Integer.toString(counter)) + .png)): null

2018-12-14 00:51:30 - [TEST_STEP][PASSED] - Statement - counter = counter + 1: null

2018-12-14 00:51:30 - [TEST_STEP][PASSED] - Statement - PreSaveFile = new java.io.File(((pathPrefix + java.lang.Integer.toString(counter)) + .png)): null

2018-12-14 00:51:30 - [TEST_STEP][PASSED] - Statement - counter = counter + 1: null

2018-12-14 00:51:30 - [TEST_STEP][PASSED] - Statement - PreSaveFile = new java.io.File(((pathPrefix + java.lang.Integer.toString(counter)) + .png)): null

2018-12-14 00:51:30 - [TEST_STEP][PASSED] - Statement - counter = counter + 1: null

2018-12-14 00:51:30 - [TEST_STEP][PASSED] - Statement - PreSaveFile = new java.io.File(((pathPrefix + java.lang.Integer.toString(counter)) + .png)): null

2018-12-14 00:51:30 - [TEST_STEP][PASSED] - Statement - counter = counter + 1: null

2018-12-14 00:51:30 - [TEST_STEP][PASSED] - Statement - PreSaveFile = new java.io.File(((pathPrefix + java.lang.Integer.toString(counter)) + .png)): null

2018-12-14 00:51:30 - [TEST_STEP][PASSED] - Statement - counter = counter + 1: null

2018-12-14 00:51:30 - [TEST_STEP][PASSED] - Statement - PreSaveFile = new java.io.File(((pathPrefix + java.lang.Integer.toString(counter)) + .png)): null

2018-12-14 00:51:30 - [TEST_STEP][PASSED] - Statement - counter = counter + 1: null

2018-12-14 00:51:30 - [TEST_STEP][PASSED] - Statement - PreSaveFile = new java.io.File(((pathPrefix + java.lang.Integer.toString(counter)) + .png)): null

2018-12-14 00:51:30 - [TEST_STEP][PASSED] - Statement - counter = counter + 1: null

2018-12-14 00:51:30 - [TEST_STEP][PASSED] - Statement - PreSaveFile = new java.io.File(((pathPrefix + java.lang.Integer.toString(counter)) + .png)): null

2018-12-14 00:51:30 - [TEST_STEP][PASSED] - Statement - counter = counter + 1: null

2018-12-14 00:51:30 - [TEST_STEP][PASSED] - Statement - PreSaveFile = new java.io.File(((pathPrefix + java.lang.Integer.toString(counter)) + .png)): null

2018-12-14 00:51:30 - [TEST_STEP][PASSED] - Statement - counter = counter + 1: null

2018-12-14 00:51:30 - [TEST_STEP][PASSED] - Statement - PreSaveFile = new java.io.File(((pathPrefix + java.lang.Integer.toString(counter)) + .png)): null

2018-12-14 00:51:30 - [TEST_STEP][PASSED] - Statement - counter = counter + 1: null

2018-12-14 00:51:30 - [TEST_STEP][PASSED] - Statement - PreSaveFile = new java.io.File(((pathPrefix + java.lang.Integer.toString(counter)) + .png)): null

2018-12-14 00:51:30 - [TEST_STEP][PASSED] - Statement - counter = counter + 1: null

2018-12-14 00:51:30 - [TEST_STEP][PASSED] - Statement - PreSaveFile = new java.io.File(((pathPrefix + java.lang.Integer.toString(counter)) + .png)): null

2018-12-14 00:51:30 - [TEST_STEP][PASSED] - Statement - counter = counter + 1: null

2018-12-14 00:51:30 - [TEST_STEP][PASSED] - Statement - PreSaveFile = new java.io.File(((pathPrefix + java.lang.Integer.toString(counter)) + .png)): null

2018-12-14 00:51:30 - [TEST_STEP][PASSED] - Statement - counter = counter + 1: null

2018-12-14 00:51:30 - [TEST_STEP][PASSED] - Statement - PreSaveFile = new java.io.File(((pathPrefix + java.lang.Integer.toString(counter)) + .png)): null

2018-12-14 00:51:30 - [TEST_STEP][PASSED] - Statement - counter = counter + 1: null

2018-12-14 00:51:30 - [TEST_STEP][PASSED] - Statement - PreSaveFile = new java.io.File(((pathPrefix + java.lang.Integer.toString(counter)) + .png)): null

2018-12-14 00:51:30 - [TEST_STEP][PASSED] - Statement - counter = counter + 1: null

2018-12-14 00:51:30 - [TEST_STEP][PASSED] - Statement - PreSaveFile = new java.io.File(((pathPrefix + java.lang.Integer.toString(counter)) + .png)): null

2018-12-14 00:51:30 - [TEST_STEP][PASSED] - Statement - counter = counter + 1: null

2018-12-14 00:51:30 - [TEST_STEP][PASSED] - Statement - PreSaveFile = new java.io.File(((pathPrefix + java.lang.Integer.toString(counter)) + .png)): null

2018-12-14 00:51:30 - [TEST_STEP][PASSED] - Statement - counter = counter + 1: null

2018-12-14 00:51:30 - [TEST_STEP][PASSED] - Statement - PreSaveFile = new java.io.File(((pathPrefix + java.lang.Integer.toString(counter)) + .png)): null

2018-12-14 00:51:30 - [TEST_STEP][PASSED] - Statement - counter = counter + 1: null

2018-12-14 00:51:30 - [TEST_STEP][PASSED] - Statement - PreSaveFile = new java.io.File(((pathPrefix + java.lang.Integer.toString(counter)) + .png)): null

2018-12-14 00:51:30 - [TEST_STEP][PASSED] - Statement - counter = counter + 1: null

2018-12-14 00:51:30 - [TEST_STEP][PASSED] - Statement - PreSaveFile = new java.io.File(((pathPrefix + java.lang.Integer.toString(counter)) + .png)): null

2018-12-14 00:51:30 - [TEST_STEP][PASSED] - Statement - counter = counter + 1: null

2018-12-14 00:51:30 - [TEST_STEP][PASSED] - Statement - PreSaveFile = new java.io.File(((pathPrefix + java.lang.Integer.toString(counter)) + .png)): null

2018-12-14 00:51:30 - [TEST_STEP][PASSED] - Statement - counter = counter + 1: null

2018-12-14 00:51:30 - [TEST_STEP][PASSED] - Statement - PreSaveFile = new java.io.File(((pathPrefix + java.lang.Integer.toString(counter)) + .png)): null

2018-12-14 00:51:30 - [TEST_STEP][PASSED] - Statement - counter = counter + 1: null

2018-12-14 00:51:30 - [TEST_STEP][PASSED] - Statement - PreSaveFile = new java.io.File(((pathPrefix + java.lang.Integer.toString(counter)) + .png)): null

2018-12-14 00:51:30 - [TEST_STEP][PASSED] - Statement - counter = counter + 1: null

2018-12-14 00:51:30 - [TEST_STEP][PASSED] - Statement - PreSaveFile = new java.io.File(((pathPrefix + java.lang.Integer.toString(counter)) + .png)): null

2018-12-14 00:51:30 - [TEST_STEP][PASSED] - Statement - counter = counter + 1: null

2018-12-14 00:51:30 - [TEST_STEP][PASSED] - Statement - PreSaveFile = new java.io.File(((pathPrefix + java.lang.Integer.toString(counter)) + .png)): null

2018-12-14 00:51:30 - [TEST_STEP][PASSED] - Statement - counter = counter + 1: null

2018-12-14 00:51:30 - [TEST_STEP][PASSED] - Statement - PreSaveFile = new java.io.File(((pathPrefix + java.lang.Integer.toString(counter)) + .png)): null

2018-12-14 00:51:30 - [TEST_STEP][PASSED] - Statement - counter = counter + 1: null

2018-12-14 00:51:30 - [TEST_STEP][PASSED] - Statement - PreSaveFile = new java.io.File(((pathPrefix + java.lang.Integer.toString(counter)) + .png)): null

2018-12-14 00:51:30 - [TEST_STEP][PASSED] - Statement - counter = counter + 1: null

2018-12-14 00:51:30 - [TEST_STEP][PASSED] - Statement - PreSaveFile = new java.io.File(((pathPrefix + java.lang.Integer.toString(counter)) + .png)): null

2018-12-14 00:51:30 - [TEST_STEP][PASSED] - Statement - counter = counter + 1: null

2018-12-14 00:51:30 - [TEST_STEP][PASSED] - Statement - PreSaveFile = new java.io.File(((pathPrefix + java.lang.Integer.toString(counter)) + .png)): null

2018-12-14 00:51:30 - [TEST_STEP][PASSED] - Statement - counter = counter + 1: null

2018-12-14 00:51:30 - [TEST_STEP][PASSED] - Statement - PreSaveFile = new java.io.File(((pathPrefix + java.lang.Integer.toString(counter)) + .png)): null

2018-12-14 00:51:30 - [TEST_STEP][PASSED] - Statement - counter = counter + 1: null

2018-12-14 00:51:30 - [TEST_STEP][PASSED] - Statement - PreSaveFile = new java.io.File(((pathPrefix + java.lang.Integer.toString(counter)) + .png)): null

2018-12-14 00:51:30 - [TEST_STEP][PASSED] - Statement - counter = counter + 1: null

2018-12-14 00:51:30 - [TEST_STEP][PASSED] - Statement - PreSaveFile = new java.io.File(((pathPrefix + java.lang.Integer.toString(counter)) + .png)): null

2018-12-14 00:51:30 - [TEST_STEP][PASSED] - Statement - counter = counter + 1: null

2018-12-14 00:51:30 - [TEST_STEP][PASSED] - Statement - PreSaveFile = new java.io.File(((pathPrefix + java.lang.Integer.toString(counter)) + .png)): null

2018-12-14 00:51:30 - [TEST_STEP][PASSED] - Statement - counter = counter + 1: null

2018-12-14 00:51:30 - [TEST_STEP][PASSED] - Statement - PreSaveFile = new java.io.File(((pathPrefix + java.lang.Integer.toString(counter)) + .png)): null

2018-12-14 00:51:30 - [TEST_STEP][PASSED] - Statement - counter = counter + 1: null

2018-12-14 00:51:30 - [TEST_STEP][PASSED] - Statement - PreSaveFile = new java.io.File(((pathPrefix + java.lang.Integer.toString(counter)) + .png)): null

2018-12-14 00:51:30 - [TEST_STEP][PASSED] - Statement - counter = counter + 1: null

2018-12-14 00:51:30 - [TEST_STEP][PASSED] - Statement - PreSaveFile = new java.io.File(((pathPrefix + java.lang.Integer.toString(counter)) + .png)): null

2018-12-14 00:51:30 - [TEST_STEP][PASSED] - Statement - counter = counter + 1: null

2018-12-14 00:51:30 - [TEST_STEP][PASSED] - Statement - PreSaveFile = new java.io.File(((pathPrefix + java.lang.Integer.toString(counter)) + .png)): null

2018-12-14 00:51:30 - [TEST_STEP][PASSED] - Statement - counter = counter + 1: null

2018-12-14 00:51:30 - [TEST_STEP][PASSED] - Statement - PreSaveFile = new java.io.File(((pathPrefix + java.lang.Integer.toString(counter)) + .png)): null

2018-12-14 00:51:30 - [TEST_STEP][PASSED] - Statement - counter = counter + 1: null

2018-12-14 00:51:30 - [TEST_STEP][PASSED] - Statement - PreSaveFile = new java.io.File(((pathPrefix + java.lang.Integer.toString(counter)) + .png)): null

2018-12-14 00:51:30 - [TEST_STEP][PASSED] - Statement - counter = counter + 1: null

2018-12-14 00:51:30 - [TEST_STEP][PASSED] - Statement - PreSaveFile = new java.io.File(((pathPrefix + java.lang.Integer.toString(counter)) + .png)): null

2018-12-14 00:51:30 - [TEST_STEP][PASSED] - Statement - counter = counter + 1: null

2018-12-14 00:51:30 - [TEST_STEP][PASSED] - Statement - PreSaveFile = new java.io.File(((pathPrefix + java.lang.Integer.toString(counter)) + .png)): null

2018-12-14 00:51:30 - [TEST_STEP][PASSED] - Statement - counter = counter + 1: null

2018-12-14 00:51:30 - [TEST_STEP][PASSED] - Statement - PreSaveFile = new java.io.File(((pathPrefix + java.lang.Integer.toString(counter)) + .png)): null

2018-12-14 00:51:30 - [TEST_STEP][PASSED] - Statement - counter = counter + 1: null

2018-12-14 00:51:30 - [TEST_STEP][PASSED] - Statement - PreSaveFile = new java.io.File(((pathPrefix + java.lang.Integer.toString(counter)) + .png)): null

2018-12-14 00:51:30 - [TEST_STEP][PASSED] - Statement - counter = counter + 1: null

2018-12-14 00:51:30 - [TEST_STEP][PASSED] - Statement - PreSaveFile = new java.io.File(((pathPrefix + java.lang.Integer.toString(counter)) + .png)): null

2018-12-14 00:51:30 - [TEST_STEP][PASSED] - Statement - counter = counter + 1: null

2018-12-14 00:51:30 - [TEST_STEP][PASSED] - Statement - PreSaveFile = new java.io.File(((pathPrefix + java.lang.Integer.toString(counter)) + .png)): null

2018-12-14 00:51:30 - [TEST_STEP][PASSED] - Statement - counter = counter + 1: null

2018-12-14 00:51:30 - [TEST_STEP][PASSED] - Statement - PreSaveFile = new java.io.File(((pathPrefix + java.lang.Integer.toString(counter)) + .png)): null

2018-12-14 00:51:30 - [TEST_STEP][PASSED] - Statement - counter = counter + 1: null

2018-12-14 00:51:30 - [TEST_STEP][PASSED] - Statement - PreSaveFile = new java.io.File(((pathPrefix + java.lang.Integer.toString(counter)) + .png)): null

2018-12-14 00:51:30 - [TEST_STEP][PASSED] - Statement - counter = counter + 1: null

2018-12-14 00:51:30 - [TEST_STEP][PASSED] - Statement - PreSaveFile = new java.io.File(((pathPrefix + java.lang.Integer.toString(counter)) + .png)): null

2018-12-14 00:51:30 - [TEST_STEP][PASSED] - Statement - counter = counter + 1: null

2018-12-14 00:51:30 - [TEST_STEP][PASSED] - Statement - PreSaveFile = new java.io.File(((pathPrefix + java.lang.Integer.toString(counter)) + .png)): null

2018-12-14 00:51:30 - [TEST_STEP][PASSED] - Statement - counter = counter + 1: null

2018-12-14 00:51:30 - [TEST_STEP][PASSED] - Statement - PreSaveFile = new java.io.File(((pathPrefix + java.lang.Integer.toString(counter)) + .png)): null

2018-12-14 00:51:30 - [TEST_STEP][PASSED] - Statement - counter = counter + 1: null

2018-12-14 00:51:30 - [TEST_STEP][PASSED] - Statement - PreSaveFile = new java.io.File(((pathPrefix + java.lang.Integer.toString(counter)) + .png)): null

2018-12-14 00:51:30 - [TEST_STEP][PASSED] - Statement - counter = counter + 1: null

2018-12-14 00:51:30 - [TEST_STEP][PASSED] - Statement - PreSaveFile = new java.io.File(((pathPrefix + java.lang.Integer.toString(counter)) + .png)): null

2018-12-14 00:51:30 - [TEST_STEP][PASSED] - Statement - counter = counter + 1: null

2018-12-14 00:51:30 - [TEST_STEP][PASSED] - Statement - PreSaveFile = new java.io.File(((pathPrefix + java.lang.Integer.toString(counter)) + .png)): null

2018-12-14 00:51:30 - [TEST_STEP][PASSED] - Statement - counter = counter + 1: null

2018-12-14 00:51:30 - [TEST_STEP][PASSED] - Statement - PreSaveFile = new java.io.File(((pathPrefix + java.lang.Integer.toString(counter)) + .png)): null

2018-12-14 00:51:30 - [TEST_STEP][PASSED] - Statement - counter = counter + 1: null

2018-12-14 00:51:30 - [TEST_STEP][PASSED] - Statement - PreSaveFile = new java.io.File(((pathPrefix + java.lang.Integer.toString(counter)) + .png)): null

2018-12-14 00:51:30 - [TEST_STEP][PASSED] - Statement - counter = counter + 1: null

2018-12-14 00:51:30 - [TEST_STEP][PASSED] - Statement - PreSaveFile = new java.io.File(((pathPrefix + java.lang.Integer.toString(counter)) + .png)): null

2018-12-14 00:51:30 - [TEST_STEP][PASSED] - Statement - counter = counter + 1: null

2018-12-14 00:51:30 - [TEST_STEP][PASSED] - Statement - PreSaveFile = new java.io.File(((pathPrefix + java.lang.Integer.toString(counter)) + .png)): null

2018-12-14 00:51:30 - [TEST_STEP][PASSED] - Statement - counter = counter + 1: null

2018-12-14 00:51:30 - [TEST_STEP][PASSED] - Statement - PreSaveFile = new java.io.File(((pathPrefix + java.lang.Integer.toString(counter)) + .png)): null

2018-12-14 00:51:30 - [TEST_STEP][PASSED] - Statement - counter = counter + 1: null

2018-12-14 00:51:30 - [TEST_STEP][PASSED] - Statement - PreSaveFile = new java.io.File(((pathPrefix + java.lang.Integer.toString(counter)) + .png)): null

2018-12-14 00:51:30 - [TEST_STEP][PASSED] - Statement - counter = counter + 1: null

2018-12-14 00:51:30 - [TEST_STEP][PASSED] - Statement - PreSaveFile = new java.io.File(((pathPrefix + java.lang.Integer.toString(counter)) + .png)): null

2018-12-14 00:51:30 - [TEST_STEP][PASSED] - Statement - counter = counter + 1: null

2018-12-14 00:51:30 - [TEST_STEP][PASSED] - Statement - PreSaveFile = new java.io.File(((pathPrefix + java.lang.Integer.toString(counter)) + .png)): null

2018-12-14 00:51:30 - [TEST_STEP][PASSED] - Statement - counter = counter + 1: null

2018-12-14 00:51:30 - [TEST_STEP][PASSED] - Statement - PreSaveFile = new java.io.File(((pathPrefix + java.lang.Integer.toString(counter)) + .png)): null

2018-12-14 00:51:30 - [TEST_STEP][PASSED] - Statement - counter = counter + 1: null

2018-12-14 00:51:30 - [TEST_STEP][PASSED] - Statement - PreSaveFile = new java.io.File(((pathPrefix + java.lang.Integer.toString(counter)) + .png)): null

2018-12-14 00:51:30 - [TEST_STEP][PASSED] - Statement - counter = counter + 1: null

2018-12-14 00:51:30 - [TEST_STEP][PASSED] - Statement - PreSaveFile = new java.io.File(((pathPrefix + java.lang.Integer.toString(counter)) + .png)): null

2018-12-14 00:51:30 - [TEST_STEP][PASSED] - Statement - counter = counter + 1: null

2018-12-14 00:51:30 - [TEST_STEP][PASSED] - Statement - PreSaveFile = new java.io.File(((pathPrefix + java.lang.Integer.toString(counter)) + .png)): null

2018-12-14 00:51:30 - [TEST_STEP][PASSED] - Statement - counter = counter + 1: null

2018-12-14 00:51:30 - [TEST_STEP][PASSED] - Statement - PreSaveFile = new java.io.File(((pathPrefix + java.lang.Integer.toString(counter)) + .png)): null

2018-12-14 00:51:30 - [TEST_STEP][PASSED] - Statement - counter = counter + 1: null

2018-12-14 00:51:30 - [TEST_STEP][PASSED] - Statement - PreSaveFile = new java.io.File(((pathPrefix + java.lang.Integer.toString(counter)) + .png)): null

2018-12-14 00:51:30 - [TEST_STEP][PASSED] - Statement - counter = counter + 1: null

2018-12-14 00:51:30 - [TEST_STEP][PASSED] - Statement - PreSaveFile = new java.io.File(((pathPrefix + java.lang.Integer.toString(counter)) + .png)): null

2018-12-14 00:51:30 - [TEST_STEP][PASSED] - Statement - counter = counter + 1: null

2018-12-14 00:51:30 - [TEST_STEP][PASSED] - Statement - PreSaveFile = new java.io.File(((pathPrefix + java.lang.Integer.toString(counter)) + .png)): null

2018-12-14 00:51:30 - [TEST_STEP][PASSED] - Statement - counter = counter + 1: null

2018-12-14 00:51:30 - [TEST_STEP][PASSED] - Statement - PreSaveFile = new java.io.File(((pathPrefix + java.lang.Integer.toString(counter)) + .png)): null

2018-12-14 00:51:30 - [TEST_STEP][PASSED] - Statement - counter = counter + 1: null

2018-12-14 00:51:30 - [TEST_STEP][PASSED] - Statement - PreSaveFile = new java.io.File(((pathPrefix + java.lang.Integer.toString(counter)) + .png)): null

2018-12-14 00:51:30 - [TEST_STEP][PASSED] - Statement - counter = counter + 1: null

2018-12-14 00:51:30 - [TEST_STEP][PASSED] - Statement - PreSaveFile = new java.io.File(((pathPrefix + java.lang.Integer.toString(counter)) + .png)): null

2018-12-14 00:51:30 - [TEST_STEP][PASSED] - Statement - counter = counter + 1: null

2018-12-14 00:51:30 - [TEST_STEP][PASSED] - Statement - PreSaveFile = new java.io.File(((pathPrefix + java.lang.Integer.toString(counter)) + .png)): null

2018-12-14 00:51:30 - [TEST_STEP][PASSED] - Statement - counter = counter + 1: null

2018-12-14 00:51:30 - [TEST_STEP][PASSED] - Statement - PreSaveFile = new java.io.File(((pathPrefix + java.lang.Integer.toString(counter)) + .png)): null

2018-12-14 00:51:30 - [TEST_STEP][PASSED] - Statement - counter = counter + 1: null

2018-12-14 00:51:30 - [TEST_STEP][PASSED] - Statement - PreSaveFile = new java.io.File(((pathPrefix + java.lang.Integer.toString(counter)) + .png)): null

2018-12-14 00:51:30 - [TEST_STEP][PASSED] - Statement - counter = counter + 1: null

2018-12-14 00:51:30 - [TEST_STEP][PASSED] - Statement - PreSaveFile = new java.io.File(((pathPrefix + java.lang.Integer.toString(counter)) + .png)): null

2018-12-14 00:51:30 - [TEST_STEP][PASSED] - Statement - counter = counter + 1: null

2018-12-14 00:51:30 - [TEST_STEP][PASSED] - Statement - PreSaveFile = new java.io.File(((pathPrefix + java.lang.Integer.toString(counter)) + .png)): null

2018-12-14 00:51:30 - [TEST_STEP][PASSED] - Statement - counter = counter + 1: null

2018-12-14 00:51:30 - [TEST_STEP][PASSED] - Statement - PreSaveFile = new java.io.File(((pathPrefix + java.lang.Integer.toString(counter)) + .png)): null

2018-12-14 00:51:30 - [TEST_STEP][PASSED] - Statement - counter = counter + 1: null

2018-12-14 00:51:30 - [TEST_STEP][PASSED] - Statement - PreSaveFile = new java.io.File(((pathPrefix + java.lang.Integer.toString(counter)) + .png)): null

2018-12-14 00:51:30 - [TEST_STEP][PASSED] - Statement - counter = counter + 1: null

2018-12-14 00:51:30 - [TEST_STEP][PASSED] - Statement - PreSaveFile = new java.io.File(((pathPrefix + java.lang.Integer.toString(counter)) + .png)): null

2018-12-14 00:51:30 - [TEST_STEP][PASSED] - Statement - counter = counter + 1: null

2018-12-14 00:51:30 - [TEST_STEP][PASSED] - Statement - PreSaveFile = new java.io.File(((pathPrefix + java.lang.Integer.toString(counter)) + .png)): null

2018-12-14 00:51:30 - [TEST_STEP][PASSED] - Statement - counter = counter + 1: null

2018-12-14 00:51:30 - [TEST_STEP][PASSED] - Statement - PreSaveFile = new java.io.File(((pathPrefix + java.lang.Integer.toString(counter)) + .png)): null

2018-12-14 00:51:30 - [TEST_STEP][PASSED] - Statement - counter = counter + 1: null

2018-12-14 00:51:30 - [TEST_STEP][PASSED] - Statement - PreSaveFile = new java.io.File(((pathPrefix + java.lang.Integer.toString(counter)) + .png)): null

2018-12-14 00:51:30 - [TEST_STEP][PASSED] - Statement - counter = counter + 1: null

2018-12-14 00:51:30 - [TEST_STEP][PASSED] - Statement - PreSaveFile = new java.io.File(((pathPrefix + java.lang.Integer.toString(counter)) + .png)): null

2018-12-14 00:51:30 - [TEST_STEP][PASSED] - Statement - counter = counter + 1: null

2018-12-14 00:51:30 - [TEST_STEP][PASSED] - Statement - PreSaveFile = new java.io.File(((pathPrefix + java.lang.Integer.toString(counter)) + .png)): null

2018-12-14 00:51:30 - [TEST_STEP][PASSED] - Statement - counter = counter + 1: null

2018-12-14 00:51:30 - [TEST_STEP][PASSED] - Statement - PreSaveFile = new java.io.File(((pathPrefix + java.lang.Integer.toString(counter)) + .png)): null

2018-12-14 00:51:30 - [TEST_STEP][PASSED] - Statement - counter = counter + 1: null

2018-12-14 00:51:30 - [TEST_STEP][PASSED] - Statement - PreSaveFile = new java.io.File(((pathPrefix + java.lang.Integer.toString(counter)) + .png)): null

2018-12-14 00:51:30 - [TEST_STEP][PASSED] - Statement - counter = counter + 1: null

2018-12-14 00:51:30 - [TEST_STEP][PASSED] - Statement - PreSaveFile = new java.io.File(((pathPrefix + java.lang.Integer.toString(counter)) + .png)): null

2018-12-14 00:51:30 - [TEST_STEP][PASSED] - Statement - counter = counter + 1: null

2018-12-14 00:51:30 - [TEST_STEP][PASSED] - Statement - PreSaveFile = new java.io.File(((pathPrefix + java.lang.Integer.toString(counter)) + .png)): null

2018-12-14 00:51:30 - [TEST_STEP][PASSED] - Statement - counter = counter + 1: null

2018-12-14 00:51:30 - [TEST_STEP][PASSED] - Statement - PreSaveFile = new java.io.File(((pathPrefix + java.lang.Integer.toString(counter)) + .png)): null

2018-12-14 00:51:30 - [TEST_STEP][PASSED] - Statement - counter = counter + 1: null

2018-12-14 00:51:30 - [TEST_STEP][PASSED] - Statement - PreSaveFile = new java.io.File(((pathPrefix + java.lang.Integer.toString(counter)) + .png)): null

2018-12-14 00:51:30 - [TEST_STEP][PASSED] - Statement - counter = counter + 1: null

2018-12-14 00:51:30 - [TEST_STEP][PASSED] - Statement - PreSaveFile = new java.io.File(((pathPrefix + java.lang.Integer.toString(counter)) + .png)): null

2018-12-14 00:51:30 - [TEST_STEP][PASSED] - Statement - counter = counter + 1: null

2018-12-14 00:51:30 - [TEST_STEP][PASSED] - Statement - PreSaveFile = new java.io.File(((pathPrefix + java.lang.Integer.toString(counter)) + .png)): null

2018-12-14 00:51:30 - [TEST_STEP][PASSED] - Statement - counter = counter + 1: null

2018-12-14 00:51:30 - [TEST_STEP][PASSED] - Statement - PreSaveFile = new java.io.File(((pathPrefix + java.lang.Integer.toString(counter)) + .png)): null

2018-12-14 00:51:30 - [TEST_STEP][PASSED] - Statement - counter = counter + 1: null

2018-12-14 00:51:30 - [TEST_STEP][PASSED] - Statement - PreSaveFile = new java.io.File(((pathPrefix + java.lang.Integer.toString(counter)) + .png)): null

2018-12-14 00:51:30 - [TEST_STEP][PASSED] - Statement - counter = counter + 1: null

2018-12-14 00:51:30 - [TEST_STEP][PASSED] - Statement - PreSaveFile = new java.io.File(((pathPrefix + java.lang.Integer.toString(counter)) + .png)): null

2018-12-14 00:51:30 - [TEST_STEP][PASSED] - Statement - counter = counter + 1: null

2018-12-14 00:51:30 - [TEST_STEP][PASSED] - Statement - PreSaveFile = new java.io.File(((pathPrefix + java.lang.Integer.toString(counter)) + .png)): null

2018-12-14 00:51:30 - [TEST_STEP][PASSED] - Statement - counter = counter + 1: null

2018-12-14 00:51:30 - [TEST_STEP][PASSED] - Statement - PreSaveFile = new java.io.File(((pathPrefix + java.lang.Integer.toString(counter)) + .png)): null

2018-12-14 00:51:30 - [TEST_STEP][PASSED] - Statement - counter = counter + 1: null

2018-12-14 00:51:30 - [TEST_STEP][PASSED] - Statement - PreSaveFile = new java.io.File(((pathPrefix + java.lang.Integer.toString(counter)) + .png)): null

2018-12-14 00:51:30 - [TEST_STEP][PASSED] - Statement - counter = counter + 1: null

2018-12-14 00:51:30 - [TEST_STEP][PASSED] - Statement - PreSaveFile = new java.io.File(((pathPrefix + java.lang.Integer.toString(counter)) + .png)): null

2018-12-14 00:51:30 - [TEST_STEP][PASSED] - Statement - counter = counter + 1: null

2018-12-14 00:51:30 - [TEST_STEP][PASSED] - Statement - PreSaveFile = new java.io.File(((pathPrefix + java.lang.Integer.toString(counter)) + .png)): null

2018-12-14 00:51:30 - [TEST_STEP][PASSED] - Statement - counter = counter + 1: null

2018-12-14 00:51:30 - [TEST_STEP][PASSED] - Statement - PreSaveFile = new java.io.File(((pathPrefix + java.lang.Integer.toString(counter)) + .png)): null

2018-12-14 00:51:30 - [TEST_STEP][PASSED] - Statement - counter = counter + 1: null

2018-12-14 00:51:30 - [TEST_STEP][PASSED] - Statement - PreSaveFile = new java.io.File(((pathPrefix + java.lang.Integer.toString(counter)) + .png)): null

2018-12-14 00:51:30 - [TEST_STEP][PASSED] - Statement - counter = counter + 1: null

2018-12-14 00:51:30 - [TEST_STEP][PASSED] - Statement - PreSaveFile = new java.io.File(((pathPrefix + java.lang.Integer.toString(counter)) + .png)): null

2018-12-14 00:51:30 - [TEST_STEP][PASSED] - Statement - counter = counter + 1: null

2018-12-14 00:51:30 - [TEST_STEP][PASSED] - Statement - PreSaveFile = new java.io.File(((pathPrefix + java.lang.Integer.toString(counter)) + .png)): null

2018-12-14 00:51:30 - [TEST_STEP][PASSED] - Statement - counter = counter + 1: null

2018-12-14 00:51:30 - [TEST_STEP][PASSED] - Statement - PreSaveFile = new java.io.File(((pathPrefix + java.lang.Integer.toString(counter)) + .png)): null

2018-12-14 00:51:30 - [TEST_STEP][PASSED] - Statement - counter = counter + 1: null

2018-12-14 00:51:30 - [TEST_STEP][PASSED] - Statement - PreSaveFile = new java.io.File(((pathPrefix + java.lang.Integer.toString(counter)) + .png)): null

2018-12-14 00:51:30 - [TEST_STEP][PASSED] - Statement - counter = counter + 1: null

2018-12-14 00:51:30 - [TEST_STEP][PASSED] - Statement - PreSaveFile = new java.io.File(((pathPrefix + java.lang.Integer.toString(counter)) + .png)): null

2018-12-14 00:51:30 - [TEST_STEP][PASSED] - Statement - counter = counter + 1: null

2018-12-14 00:51:30 - [TEST_STEP][PASSED] - Statement - PreSaveFile = new java.io.File(((pathPrefix + java.lang.Integer.toString(counter)) + .png)): null

2018-12-14 00:51:30 - [TEST_STEP][PASSED] - Statement - counter = counter + 1: null

2018-12-14 00:51:30 - [TEST_STEP][PASSED] - Statement - PreSaveFile = new java.io.File(((pathPrefix + java.lang.Integer.toString(counter)) + .png)): null

2018-12-14 00:51:30 - [TEST_STEP][PASSED] - Statement - counter = counter + 1: null

2018-12-14 00:51:30 - [TEST_STEP][PASSED] - Statement - PreSaveFile = new java.io.File(((pathPrefix + java.lang.Integer.toString(counter)) + .png)): null

2018-12-14 00:51:30 - [TEST_STEP][PASSED] - Statement - counter = counter + 1: null

2018-12-14 00:51:30 - [TEST_STEP][PASSED] - Statement - PreSaveFile = new java.io.File(((pathPrefix + java.lang.Integer.toString(counter)) + .png)): null

2018-12-14 00:51:30 - [TEST_STEP][PASSED] - Statement - counter = counter + 1: null

2018-12-14 00:51:30 - [TEST_STEP][PASSED] - Statement - PreSaveFile = new java.io.File(((pathPrefix + java.lang.Integer.toString(counter)) + .png)): null

2018-12-14 00:51:30 - [TEST_STEP][PASSED] - Statement - counter = counter + 1: null

2018-12-14 00:51:30 - [TEST_STEP][PASSED] - Statement - PreSaveFile = new java.io.File(((pathPrefix + java.lang.Integer.toString(counter)) + .png)): null

2018-12-14 00:51:30 - [TEST_STEP][PASSED] - Statement - counter = counter + 1: null

2018-12-14 00:51:30 - [TEST_STEP][PASSED] - Statement - PreSaveFile = new java.io.File(((pathPrefix + java.lang.Integer.toString(counter)) + .png)): null

2018-12-14 00:51:30 - [TEST_STEP][PASSED] - Statement - counter = counter + 1: null

2018-12-14 00:51:30 - [TEST_STEP][PASSED] - Statement - PreSaveFile = new java.io.File(((pathPrefix + java.lang.Integer.toString(counter)) + .png)): null

2018-12-14 00:51:30 - [TEST_STEP][PASSED] - Statement - counter = counter + 1: null

2018-12-14 00:51:30 - [TEST_STEP][PASSED] - Statement - PreSaveFile = new java.io.File(((pathPrefix + java.lang.Integer.toString(counter)) + .png)): null

2018-12-14 00:51:30 - [TEST_STEP][PASSED] - Statement - counter = counter + 1: null

2018-12-14 00:51:30 - [TEST_STEP][PASSED] - Statement - PreSaveFile = new java.io.File(((pathPrefix + java.lang.Integer.toString(counter)) + .png)): null

2018-12-14 00:51:30 - [TEST_STEP][PASSED] - Statement - counter = counter + 1: null

2018-12-14 00:51:30 - [TEST_STEP][PASSED] - Statement - PreSaveFile = new java.io.File(((pathPrefix + java.lang.Integer.toString(counter)) + .png)): null

2018-12-14 00:51:30 - [TEST_STEP][PASSED] - Statement - counter = counter + 1: null

2018-12-14 00:51:30 - [TEST_STEP][PASSED] - Statement - PreSaveFile = new java.io.File(((pathPrefix + java.lang.Integer.toString(counter)) + .png)): null

2018-12-14 00:51:30 - [TEST_STEP][PASSED] - Statement - counter = counter + 1: null

2018-12-14 00:51:30 - [TEST_STEP][PASSED] - Statement - PreSaveFile = new java.io.File(((pathPrefix + java.lang.Integer.toString(counter)) + .png)): null

2018-12-14 00:51:30 - [TEST_STEP][PASSED] - Statement - counter = counter + 1: null

2018-12-14 00:51:30 - [TEST_STEP][PASSED] - Statement - PreSaveFile = new java.io.File(((pathPrefix + java.lang.Integer.toString(counter)) + .png)): null

2018-12-14 00:51:30 - [TEST_STEP][PASSED] - Statement - counter = counter + 1: null

2018-12-14 00:51:30 - [TEST_STEP][PASSED] - Statement - PreSaveFile = new java.io.File(((pathPrefix + java.lang.Integer.toString(counter)) + .png)): null

2018-12-14 00:51:30 - [TEST_STEP][PASSED] - Statement - counter = counter + 1: null

2018-12-14 00:51:30 - [TEST_STEP][PASSED] - Statement - PreSaveFile = new java.io.File(((pathPrefix + java.lang.Integer.toString(counter)) + .png)): null

2018-12-14 00:51:30 - [TEST_STEP][PASSED] - Statement - counter = counter + 1: null

2018-12-14 00:51:30 - [TEST_STEP][PASSED] - Statement - PreSaveFile = new java.io.File(((pathPrefix + java.lang.Integer.toString(counter)) + .png)): null

2018-12-14 00:51:30 - [TEST_STEP][PASSED] - Statement - counter = counter + 1: null

2018-12-14 00:51:30 - [TEST_STEP][PASSED] - Statement - PreSaveFile = new java.io.File(((pathPrefix + java.lang.Integer.toString(counter)) + .png)): null

2018-12-14 00:51:30 - [TEST_STEP][PASSED] - Statement - counter = counter + 1: null

2018-12-14 00:51:30 - [TEST_STEP][PASSED] - Statement - PreSaveFile = new java.io.File(((pathPrefix + java.lang.Integer.toString(counter)) + .png)): null

2018-12-14 00:51:30 - [TEST_STEP][PASSED] - Statement - counter = counter + 1: null

2018-12-14 00:51:30 - [TEST_STEP][PASSED] - Statement - PreSaveFile = new java.io.File(((pathPrefix + java.lang.Integer.toString(counter)) + .png)): null

2018-12-14 00:51:30 - [TEST_STEP][PASSED] - Statement - counter = counter + 1: null

2018-12-14 00:51:30 - [TEST_STEP][PASSED] - Statement - PreSaveFile = new java.io.File(((pathPrefix + java.lang.Integer.toString(counter)) + .png)): null

2018-12-14 00:51:30 - [TEST_STEP][PASSED] - Statement - counter = counter + 1: null

2018-12-14 00:51:30 - [TEST_STEP][PASSED] - Statement - PreSaveFile = new java.io.File(((pathPrefix + java.lang.Integer.toString(counter)) + .png)): null

2018-12-14 00:51:30 - [TEST_STEP][PASSED] - Statement - counter = counter + 1: null

2018-12-14 00:51:30 - [TEST_STEP][PASSED] - Statement - PreSaveFile = new java.io.File(((pathPrefix + java.lang.Integer.toString(counter)) + .png)): null

2018-12-14 00:51:30 - [TEST_STEP][PASSED] - Statement - counter = counter + 1: null

2018-12-14 00:51:30 - [TEST_STEP][PASSED] - Statement - PreSaveFile = new java.io.File(((pathPrefix + java.lang.Integer.toString(counter)) + .png)): null

2018-12-14 00:51:30 - [TEST_STEP][PASSED] - Statement - counter = counter + 1: null

2018-12-14 00:51:30 - [TEST_STEP][PASSED] - Statement - PreSaveFile = new java.io.File(((pathPrefix + java.lang.Integer.toString(counter)) + .png)): null

2018-12-14 00:51:30 - [TEST_STEP][PASSED] - Statement - counter = counter + 1: null

2018-12-14 00:51:30 - [TEST_STEP][PASSED] - Statement - PreSaveFile = new java.io.File(((pathPrefix + java.lang.Integer.toString(counter)) + .png)): null

2018-12-14 00:51:30 - [TEST_STEP][PASSED] - Statement - counter = counter + 1: null

2018-12-14 00:51:30 - [TEST_STEP][PASSED] - Statement - PreSaveFile = new java.io.File(((pathPrefix + java.lang.Integer.toString(counter)) + .png)): null

2018-12-14 00:51:30 - [TEST_STEP][PASSED] - Statement - counter = counter + 1: null

2018-12-14 00:51:30 - [TEST_STEP][PASSED] - Statement - PreSaveFile = new java.io.File(((pathPrefix + java.lang.Integer.toString(counter)) + .png)): null

2018-12-14 00:51:30 - [TEST_STEP][PASSED] - Statement - counter = counter + 1: null

2018-12-14 00:51:30 - [TEST_STEP][PASSED] - Statement - PreSaveFile = new java.io.File(((pathPrefix + java.lang.Integer.toString(counter)) + .png)): null

2018-12-14 00:51:30 - [TEST_STEP][PASSED] - Statement - counter = counter + 1: null

2018-12-14 00:51:30 - [TEST_STEP][PASSED] - Statement - PreSaveFile = new java.io.File(((pathPrefix + java.lang.Integer.toString(counter)) + .png)): null

2018-12-14 00:51:30 - [TEST_STEP][PASSED] - Statement - counter = counter + 1: null

2018-12-14 00:51:30 - [TEST_STEP][PASSED] - Statement - PreSaveFile = new java.io.File(((pathPrefix + java.lang.Integer.toString(counter)) + .png)): null

2018-12-14 00:51:30 - [TEST_STEP][PASSED] - Statement - counter = counter + 1: null

2018-12-14 00:51:30 - [TEST_STEP][PASSED] - Statement - PreSaveFile = new java.io.File(((pathPrefix + java.lang.Integer.toString(counter)) + .png)): null

2018-12-14 00:51:30 - [TEST_STEP][PASSED] - Statement - counter = counter + 1: null

2018-12-14 00:51:30 - [TEST_STEP][PASSED] - Statement - PreSaveFile = new java.io.File(((pathPrefix + java.lang.Integer.toString(counter)) + .png)): null

2018-12-14 00:51:30 - [TEST_STEP][PASSED] - Statement - counter = counter + 1: null

2018-12-14 00:51:30 - [TEST_STEP][PASSED] - Statement - PreSaveFile = new java.io.File(((pathPrefix + java.lang.Integer.toString(counter)) + .png)): null

2018-12-14 00:51:30 - [TEST_STEP][PASSED] - Statement - counter = counter + 1: null

2018-12-14 00:51:30 - [TEST_STEP][PASSED] - Statement - PreSaveFile = new java.io.File(((pathPrefix + java.lang.Integer.toString(counter)) + .png)): null

2018-12-14 00:51:30 - [TEST_STEP][PASSED] - Statement - counter = counter + 1: null

2018-12-14 00:51:30 - [TEST_STEP][PASSED] - Statement - PreSaveFile = new java.io.File(((pathPrefix + java.lang.Integer.toString(counter)) + .png)): null

2018-12-14 00:51:30 - [TEST_STEP][PASSED] - Statement - counter = counter + 1: null

2018-12-14 00:51:30 - [TEST_STEP][PASSED] - Statement - PreSaveFile = new java.io.File(((pathPrefix + java.lang.Integer.toString(counter)) + .png)): null

2018-12-14 00:51:30 - [TEST_STEP][PASSED] - Statement - counter = counter + 1: null

2018-12-14 00:51:30 - [TEST_STEP][PASSED] - Statement - PreSaveFile = new java.io.File(((pathPrefix + java.lang.Integer.toString(counter)) + .png)): null

2018-12-14 00:51:30 - [TEST_STEP][PASSED] - Statement - counter = counter + 1: null

2018-12-14 00:51:30 - [TEST_STEP][PASSED] - Statement - PreSaveFile = new java.io.File(((pathPrefix + java.lang.Integer.toString(counter)) + .png)): null

2018-12-14 00:51:30 - [TEST_STEP][PASSED] - Statement - counter = counter + 1: null

2018-12-14 00:51:30 - [TEST_STEP][PASSED] - Statement - PreSaveFile = new java.io.File(((pathPrefix + java.lang.Integer.toString(counter)) + .png)): null

2018-12-14 00:51:30 - [TEST_STEP][PASSED] - Statement - counter = counter + 1: null

2018-12-14 00:51:30 - [TEST_STEP][PASSED] - Statement - PreSaveFile = new java.io.File(((pathPrefix + java.lang.Integer.toString(counter)) + .png)): null

2018-12-14 00:51:30 - [TEST_STEP][PASSED] - Statement - counter = counter + 1: null

2018-12-14 00:51:30 - [TEST_STEP][PASSED] - Statement - PreSaveFile = new java.io.File(((pathPrefix + java.lang.Integer.toString(counter)) + .png)): null

2018-12-14 00:51:30 - [TEST_STEP][PASSED] - Statement - counter = counter + 1: null

2018-12-14 00:51:30 - [TEST_STEP][PASSED] - Statement - PreSaveFile = new java.io.File(((pathPrefix + java.lang.Integer.toString(counter)) + .png)): null

2018-12-14 00:51:30 - [TEST_STEP][PASSED] - Statement - counter = counter + 1: null

2018-12-14 00:51:30 - [TEST_STEP][PASSED] - Statement - PreSaveFile = new java.io.File(((pathPrefix + java.lang.Integer.toString(counter)) + .png)): null

2018-12-14 00:51:30 - [TEST_STEP][PASSED] - Statement - counter = counter + 1: null

2018-12-14 00:51:30 - [TEST_STEP][PASSED] - Statement - PreSaveFile = new java.io.File(((pathPrefix + java.lang.Integer.toString(counter)) + .png)): null

2018-12-14 00:51:30 - [TEST_STEP][PASSED] - Statement - counter = counter + 1: null

2018-12-14 00:51:30 - [TEST_STEP][PASSED] - Statement - PreSaveFile = new java.io.File(((pathPrefix + java.lang.Integer.toString(counter)) + .png)): null

2018-12-14 00:51:30 - [TEST_STEP][PASSED] - Statement - counter = counter + 1: null

2018-12-14 00:51:30 - [TEST_STEP][PASSED] - Statement - PreSaveFile = new java.io.File(((pathPrefix + java.lang.Integer.toString(counter)) + .png)): null

2018-12-14 00:51:30 - [TEST_STEP][PASSED] - Statement - counter = counter + 1: null

2018-12-14 00:51:30 - [TEST_STEP][PASSED] - Statement - PreSaveFile = new java.io.File(((pathPrefix + java.lang.Integer.toString(counter)) + .png)): null

2018-12-14 00:51:30 - [TEST_STEP][PASSED] - Statement - counter = counter + 1: null

2018-12-14 00:51:30 - [TEST_STEP][PASSED] - Statement - PreSaveFile = new java.io.File(((pathPrefix + java.lang.Integer.toString(counter)) + .png)): null

2018-12-14 00:51:30 - [TEST_STEP][PASSED] - Statement - counter = counter + 1: null

2018-12-14 00:51:30 - [TEST_STEP][PASSED] - Statement - PreSaveFile = new java.io.File(((pathPrefix + java.lang.Integer.toString(counter)) + .png)): null

2018-12-14 00:51:30 - [TEST_STEP][PASSED] - Statement - counter = counter + 1: null

2018-12-14 00:51:30 - [TEST_STEP][PASSED] - Statement - PreSaveFile = new java.io.File(((pathPrefix + java.lang.Integer.toString(counter)) + .png)): null

2018-12-14 00:51:30 - [TEST_STEP][PASSED] - Statement - counter = counter + 1: null

2018-12-14 00:51:30 - [TEST_STEP][PASSED] - Statement - PreSaveFile = new java.io.File(((pathPrefix + java.lang.Integer.toString(counter)) + .png)): null

2018-12-14 00:51:30 - [TEST_STEP][PASSED] - Statement - counter = counter + 1: null

2018-12-14 00:51:30 - [TEST_STEP][PASSED] - Statement - PreSaveFile = new java.io.File(((pathPrefix + java.lang.Integer.toString(counter)) + .png)): null

2018-12-14 00:51:30 - [TEST_STEP][PASSED] - Statement - counter = counter + 1: null

2018-12-14 00:51:30 - [TEST_STEP][PASSED] - Statement - PreSaveFile = new java.io.File(((pathPrefix + java.lang.Integer.toString(counter)) + .png)): null

2018-12-14 00:51:30 - [TEST_STEP][PASSED] - Statement - counter = counter + 1: null

2018-12-14 00:51:30 - [TEST_STEP][PASSED] - Statement - PreSaveFile = new java.io.File(((pathPrefix + java.lang.Integer.toString(counter)) + .png)): null

2018-12-14 00:51:30 - [TEST_STEP][PASSED] - Statement - counter = counter + 1: null

2018-12-14 00:51:30 - [TEST_STEP][PASSED] - Statement - PreSaveFile = new java.io.File(((pathPrefix + java.lang.Integer.toString(counter)) + .png)): null

2018-12-14 00:51:30 - [TEST_STEP][PASSED] - Statement - counter = counter + 1: null

2018-12-14 00:51:30 - [TEST_STEP][PASSED] - Statement - PreSaveFile = new java.io.File(((pathPrefix + java.lang.Integer.toString(counter)) + .png)): null

2018-12-14 00:51:30 - [TEST_STEP][PASSED] - Statement - counter = counter + 1: null

2018-12-14 00:51:30 - [TEST_STEP][PASSED] - Statement - PreSaveFile = new java.io.File(((pathPrefix + java.lang.Integer.toString(counter)) + .png)): null

2018-12-14 00:51:30 - [TEST_STEP][PASSED] - Statement - counter = counter + 1: null

2018-12-14 00:51:30 - [TEST_STEP][PASSED] - Statement - PreSaveFile = new java.io.File(((pathPrefix + java.lang.Integer.toString(counter)) + .png)): null

2018-12-14 00:51:30 - [TEST_STEP][PASSED] - Statement - counter = counter + 1: null

2018-12-14 00:51:30 - [TEST_STEP][PASSED] - Statement - PreSaveFile = new java.io.File(((pathPrefix + java.lang.Integer.toString(counter)) + .png)): null

2018-12-14 00:51:30 - [TEST_STEP][PASSED] - Statement - counter = counter + 1: null

2018-12-14 00:51:30 - [TEST_STEP][PASSED] - Statement - PreSaveFile = new java.io.File(((pathPrefix + java.lang.Integer.toString(counter)) + .png)): null

2018-12-14 00:51:30 - [TEST_STEP][PASSED] - Statement - counter = counter + 1: null

2018-12-14 00:51:30 - [TEST_STEP][PASSED] - Statement - PreSaveFile = new java.io.File(((pathPrefix + java.lang.Integer.toString(counter)) + .png)): null

2018-12-14 00:51:30 - [TEST_STEP][PASSED] - Statement - counter = counter + 1: null

2018-12-14 00:51:30 - [TEST_STEP][PASSED] - Statement - PreSaveFile = new java.io.File(((pathPrefix + java.lang.Integer.toString(counter)) + .png)): null

2018-12-14 00:51:30 - [TEST_STEP][PASSED] - Statement - counter = counter + 1: null

2018-12-14 00:51:30 - [TEST_STEP][PASSED] - Statement - PreSaveFile = new java.io.File(((pathPrefix + java.lang.Integer.toString(counter)) + .png)): null

2018-12-14 00:51:30 - [TEST_STEP][PASSED] - Statement - counter = counter + 1: null

2018-12-14 00:51:30 - [TEST_STEP][PASSED] - Statement - PreSaveFile = new java.io.File(((pathPrefix + java.lang.Integer.toString(counter)) + .png)): null

2018-12-14 00:51:30 - [TEST_STEP][PASSED] - Statement - counter = counter + 1: null

2018-12-14 00:51:30 - [TEST_STEP][PASSED] - Statement - PreSaveFile = new java.io.File(((pathPrefix + java.lang.Integer.toString(counter)) + .png)): null

2018-12-14 00:51:30 - [TEST_STEP][PASSED] - Statement - counter = counter + 1: null

2018-12-14 00:51:30 - [TEST_STEP][PASSED] - Statement - PreSaveFile = new java.io.File(((pathPrefix + java.lang.Integer.toString(counter)) + .png)): null

2018-12-14 00:51:30 - [TEST_STEP][PASSED] - Statement - counter = counter + 1: null

2018-12-14 00:51:30 - [TEST_STEP][PASSED] - Statement - PreSaveFile = new java.io.File(((pathPrefix + java.lang.Integer.toString(counter)) + .png)): null

2018-12-14 00:51:30 - [TEST_STEP][PASSED] - Statement - counter = counter + 1: null

2018-12-14 00:51:30 - [TEST_STEP][PASSED] - Statement - PreSaveFile = new java.io.File(((pathPrefix + java.lang.Integer.toString(counter)) + .png)): null

2018-12-14 00:51:30 - [TEST_STEP][PASSED] - Statement - counter = counter + 1: null

2018-12-14 00:51:30 - [TEST_STEP][PASSED] - Statement - PreSaveFile = new java.io.File(((pathPrefix + java.lang.Integer.toString(counter)) + .png)): null

2018-12-14 00:51:30 - [TEST_STEP][PASSED] - Statement - counter = counter + 1: null

2018-12-14 00:51:30 - [TEST_STEP][PASSED] - Statement - PreSaveFile = new java.io.File(((pathPrefix + java.lang.Integer.toString(counter)) + .png)): null

2018-12-14 00:51:30 - [TEST_STEP][PASSED] - Statement - counter = counter + 1: null

2018-12-14 00:51:30 - [TEST_STEP][PASSED] - Statement - PreSaveFile = new java.io.File(((pathPrefix + java.lang.Integer.toString(counter)) + .png)): null

2018-12-14 00:51:30 - [TEST_STEP][PASSED] - Statement - counter = counter + 1: null

2018-12-14 00:51:30 - [TEST_STEP][PASSED] - Statement - PreSaveFile = new java.io.File(((pathPrefix + java.lang.Integer.toString(counter)) + .png)): null

2018-12-14 00:51:30 - [TEST_STEP][PASSED] - Statement - counter = counter + 1: null

2018-12-14 00:51:30 - [TEST_STEP][PASSED] - Statement - PreSaveFile = new java.io.File(((pathPrefix + java.lang.Integer.toString(counter)) + .png)): null

2018-12-14 00:51:30 - [TEST_STEP][PASSED] - Statement - counter = counter + 1: null

2018-12-14 00:51:30 - [TEST_STEP][PASSED] - Statement - PreSaveFile = new java.io.File(((pathPrefix + java.lang.Integer.toString(counter)) + .png)): null

2018-12-14 00:51:30 - [TEST_STEP][PASSED] - Statement - counter = counter + 1: null

2018-12-14 00:51:30 - [TEST_STEP][PASSED] - Statement - PreSaveFile = new java.io.File(((pathPrefix + java.lang.Integer.toString(counter)) + .png)): null

2018-12-14 00:51:30 - [TEST_STEP][PASSED] - Statement - counter = counter + 1: null

2018-12-14 00:51:30 - [TEST_STEP][PASSED] - Statement - PreSaveFile = new java.io.File(((pathPrefix + java.lang.Integer.toString(counter)) + .png)): null

2018-12-14 00:51:30 - [TEST_STEP][PASSED] - Statement - counter = counter + 1: null

2018-12-14 00:51:30 - [TEST_STEP][PASSED] - Statement - PreSaveFile = new java.io.File(((pathPrefix + java.lang.Integer.toString(counter)) + .png)): null

2018-12-14 00:51:30 - [TEST_STEP][PASSED] - Statement - counter = counter + 1: null

2018-12-14 00:51:30 - [TEST_STEP][PASSED] - Statement - PreSaveFile = new java.io.File(((pathPrefix + java.lang.Integer.toString(counter)) + .png)): null

2018-12-14 00:51:30 - [TEST_STEP][PASSED] - Statement - counter = counter + 1: null

2018-12-14 00:51:30 - [TEST_STEP][PASSED] - Statement - PreSaveFile = new java.io.File(((pathPrefix + java.lang.Integer.toString(counter)) + .png)): null

2018-12-14 00:51:30 - [TEST_STEP][PASSED] - Statement - counter = counter + 1: null

2018-12-14 00:51:30 - [TEST_STEP][PASSED] - Statement - PreSaveFile = new java.io.File(((pathPrefix + java.lang.Integer.toString(counter)) + .png)): null

2018-12-14 00:51:30 - [TEST_STEP][PASSED] - Statement - counter = counter + 1: null

2018-12-14 00:51:30 - [TEST_STEP][PASSED] - Statement - PreSaveFile = new java.io.File(((pathPrefix + java.lang.Integer.toString(counter)) + .png)): null

2018-12-14 00:51:30 - [TEST_STEP][PASSED] - Statement - counter = counter + 1: null

2018-12-14 00:51:30 - [TEST_STEP][PASSED] - Statement - PreSaveFile = new java.io.File(((pathPrefix + java.lang.Integer.toString(counter)) + .png)): null

2018-12-14 00:51:30 - [TEST_STEP][PASSED] - Statement - counter = counter + 1: null

2018-12-14 00:51:30 - [TEST_STEP][PASSED] - Statement - PreSaveFile = new java.io.File(((pathPrefix + java.lang.Integer.toString(counter)) + .png)): null

2018-12-14 00:51:30 - [TEST_STEP][PASSED] - Statement - counter = counter + 1: null

2018-12-14 00:51:30 - [TEST_STEP][PASSED] - Statement - PreSaveFile = new java.io.File(((pathPrefix + java.lang.Integer.toString(counter)) + .png)): null

2018-12-14 00:51:30 - [TEST_STEP][PASSED] - Statement - counter = counter + 1: null

2018-12-14 00:51:30 - [TEST_STEP][PASSED] - Statement - PreSaveFile = new java.io.File(((pathPrefix + java.lang.Integer.toString(counter)) + .png)): null

2018-12-14 00:51:30 - [TEST_STEP][PASSED] - Statement - counter = counter + 1: null

2018-12-14 00:51:30 - [TEST_STEP][PASSED] - Statement - PreSaveFile = new java.io.File(((pathPrefix + java.lang.Integer.toString(counter)) + .png)): null

2018-12-14 00:51:30 - [TEST_STEP][PASSED] - Statement - counter = counter + 1: null

2018-12-14 00:51:30 - [TEST_STEP][PASSED] - Statement - PreSaveFile = new java.io.File(((pathPrefix + java.lang.Integer.toString(counter)) + .png)): null

2018-12-14 00:51:30 - [TEST_STEP][PASSED] - Statement - counter = counter + 1: null

2018-12-14 00:51:30 - [TEST_STEP][PASSED] - Statement - PreSaveFile = new java.io.File(((pathPrefix + java.lang.Integer.toString(counter)) + .png)): null

2018-12-14 00:51:30 - [TEST_STEP][PASSED] - Statement - counter = counter + 1: null

2018-12-14 00:51:30 - [TEST_STEP][PASSED] - Statement - PreSaveFile = new java.io.File(((pathPrefix + java.lang.Integer.toString(counter)) + .png)): null

2018-12-14 00:51:30 - [TEST_STEP][PASSED] - Statement - counter = counter + 1: null

2018-12-14 00:51:30 - [TEST_STEP][PASSED] - Statement - PreSaveFile = new java.io.File(((pathPrefix + java.lang.Integer.toString(counter)) + .png)): null

2018-12-14 00:51:30 - [TEST_STEP][PASSED] - Statement - counter = counter + 1: null

2018-12-14 00:51:30 - [TEST_STEP][PASSED] - Statement - PreSaveFile = new java.io.File(((pathPrefix + java.lang.Integer.toString(counter)) + .png)): null

2018-12-14 00:51:30 - [TEST_STEP][PASSED] - Statement - counter = counter + 1: null

2018-12-14 00:51:30 - [TEST_STEP][PASSED] - Statement - PreSaveFile = new java.io.File(((pathPrefix + java.lang.Integer.toString(counter)) + .png)): null

2018-12-14 00:51:30 - [TEST_STEP][PASSED] - Statement - counter = counter + 1: null

2018-12-14 00:51:30 - [TEST_STEP][PASSED] - Statement - PreSaveFile = new java.io.File(((pathPrefix + java.lang.Integer.toString(counter)) + .png)): null

2018-12-14 00:51:30 - [TEST_STEP][PASSED] - Statement - counter = counter + 1: null

2018-12-14 00:51:30 - [TEST_STEP][PASSED] - Statement - PreSaveFile = new java.io.File(((pathPrefix + java.lang.Integer.toString(counter)) + .png)): null

2018-12-14 00:51:30 - [TEST_STEP][PASSED] - Statement - counter = counter + 1: null

2018-12-14 00:51:30 - [TEST_STEP][PASSED] - Statement - PreSaveFile = new java.io.File(((pathPrefix + java.lang.Integer.toString(counter)) + .png)): null

2018-12-14 00:51:30 - [TEST_STEP][PASSED] - Statement - counter = counter + 1: null

2018-12-14 00:51:30 - [TEST_STEP][PASSED] - Statement - PreSaveFile = new java.io.File(((pathPrefix + java.lang.Integer.toString(counter)) + .png)): null

2018-12-14 00:51:30 - [TEST_STEP][PASSED] - Statement - counter = counter + 1: null

2018-12-14 00:51:30 - [TEST_STEP][PASSED] - Statement - PreSaveFile = new java.io.File(((pathPrefix + java.lang.Integer.toString(counter)) + .png)): null

2018-12-14 00:51:30 - [TEST_STEP][PASSED] - Statement - counter = counter + 1: null

2018-12-14 00:51:30 - [TEST_STEP][PASSED] - Statement - PreSaveFile = new java.io.File(((pathPrefix + java.lang.Integer.toString(counter)) + .png)): null

2018-12-14 00:51:30 - [TEST_STEP][PASSED] - Statement - counter = counter + 1: null

2018-12-14 00:51:30 - [TEST_STEP][PASSED] - Statement - PreSaveFile = new java.io.File(((pathPrefix + java.lang.Integer.toString(counter)) + .png)): null

2018-12-14 00:51:30 - [TEST_STEP][PASSED] - Statement - counter = counter + 1: null

2018-12-14 00:51:30 - [TEST_STEP][PASSED] - Statement - PreSaveFile = new java.io.File(((pathPrefix + java.lang.Integer.toString(counter)) + .png)): null

2018-12-14 00:51:30 - [TEST_STEP][PASSED] - Statement - counter = counter + 1: null

2018-12-14 00:51:30 - [TEST_STEP][PASSED] - Statement - PreSaveFile = new java.io.File(((pathPrefix + java.lang.Integer.toString(counter)) + .png)): null

2018-12-14 00:51:30 - [TEST_STEP][PASSED] - Statement - counter = counter + 1: null

2018-12-14 00:51:30 - [TEST_STEP][PASSED] - Statement - PreSaveFile = new java.io.File(((pathPrefix + java.lang.Integer.toString(counter)) + .png)): null

2018-12-14 00:51:30 - [TEST_STEP][PASSED] - Statement - counter = counter + 1: null

2018-12-14 00:51:30 - [TEST_STEP][PASSED] - Statement - PreSaveFile = new java.io.File(((pathPrefix + java.lang.Integer.toString(counter)) + .png)): null

2018-12-14 00:51:30 - [TEST_STEP][PASSED] - Statement - counter = counter + 1: null

2018-12-14 00:51:30 - [TEST_STEP][PASSED] - Statement - PreSaveFile = new java.io.File(((pathPrefix + java.lang.Integer.toString(counter)) + .png)): null

2018-12-14 00:51:30 - [TEST_STEP][PASSED] - Statement - counter = counter + 1: null

2018-12-14 00:51:30 - [TEST_STEP][PASSED] - Statement - PreSaveFile = new java.io.File(((pathPrefix + java.lang.Integer.toString(counter)) + .png)): null

2018-12-14 00:51:30 - [TEST_STEP][PASSED] - Statement - counter = counter + 1: null

2018-12-14 00:51:30 - [TEST_STEP][PASSED] - Statement - PreSaveFile = new java.io.File(((pathPrefix + java.lang.Integer.toString(counter)) + .png)): null

2018-12-14 00:51:30 - [TEST_STEP][PASSED] - Statement - counter = counter + 1: null

2018-12-14 00:51:30 - [TEST_STEP][PASSED] - Statement - PreSaveFile = new java.io.File(((pathPrefix + java.lang.Integer.toString(counter)) + .png)): null

2018-12-14 00:51:30 - [TEST_STEP][PASSED] - Statement - counter = counter + 1: null

2018-12-14 00:51:30 - [TEST_STEP][PASSED] - Statement - PreSaveFile = new java.io.File(((pathPrefix + java.lang.Integer.toString(counter)) + .png)): null

2018-12-14 00:51:30 - [TEST_STEP][PASSED] - Statement - counter = counter + 1: null

2018-12-14 00:51:30 - [TEST_STEP][PASSED] - Statement - PreSaveFile = new java.io.File(((pathPrefix + java.lang.Integer.toString(counter)) + .png)): null

2018-12-14 00:51:30 - [TEST_STEP][PASSED] - Statement - counter = counter + 1: null

2018-12-14 00:51:30 - [TEST_STEP][PASSED] - Statement - PreSaveFile = new java.io.File(((pathPrefix + java.lang.Integer.toString(counter)) + .png)): null

2018-12-14 00:51:30 - [TEST_STEP][PASSED] - Statement - counter = counter + 1: null

2018-12-14 00:51:30 - [TEST_STEP][PASSED] - Statement - PreSaveFile = new java.io.File(((pathPrefix + java.lang.Integer.toString(counter)) + .png)): null

2018-12-14 00:51:30 - [TEST_STEP][PASSED] - Statement - counter = counter + 1: null

2018-12-14 00:51:30 - [TEST_STEP][PASSED] - Statement - PreSaveFile = new java.io.File(((pathPrefix + java.lang.Integer.toString(counter)) + .png)): null

2018-12-14 00:51:30 - [TEST_STEP][PASSED] - Statement - counter = counter + 1: null

2018-12-14 00:51:30 - [TEST_STEP][PASSED] - Statement - PreSaveFile = new java.io.File(((pathPrefix + java.lang.Integer.toString(counter)) + .png)): null

2018-12-14 00:51:30 - [TEST_STEP][PASSED] - Statement - counter = counter + 1: null

2018-12-14 00:51:30 - [TEST_STEP][PASSED] - Statement - PreSaveFile = new java.io.File(((pathPrefix + java.lang.Integer.toString(counter)) + .png)): null

2018-12-14 00:51:30 - [TEST_STEP][PASSED] - Statement - counter = counter + 1: null

2018-12-14 00:51:30 - [TEST_STEP][PASSED] - Statement - PreSaveFile = new java.io.File(((pathPrefix + java.lang.Integer.toString(counter)) + .png)): null

2018-12-14 00:51:30 - [TEST_STEP][PASSED] - Statement - counter = counter + 1: null

2018-12-14 00:51:30 - [TEST_STEP][PASSED] - Statement - PreSaveFile = new java.io.File(((pathPrefix + java.lang.Integer.toString(counter)) + .png)): null

2018-12-14 00:51:30 - [TEST_STEP][PASSED] - Statement - counter = counter + 1: null

2018-12-14 00:51:30 - [TEST_STEP][PASSED] - Statement - PreSaveFile = new java.io.File(((pathPrefix + java.lang.Integer.toString(counter)) + .png)): null

2018-12-14 00:51:30 - [TEST_STEP][PASSED] - Statement - counter = counter + 1: null

2018-12-14 00:51:30 - [TEST_STEP][PASSED] - Statement - PreSaveFile = new java.io.File(((pathPrefix + java.lang.Integer.toString(counter)) + .png)): null

2018-12-14 00:51:31 - [TEST_STEP][PASSED] - Statement - counter = counter + 1: null

2018-12-14 00:51:31 - [TEST_STEP][PASSED] - Statement - PreSaveFile = new java.io.File(((pathPrefix + java.lang.Integer.toString(counter)) + .png)): null

2018-12-14 00:51:31 - [TEST_STEP][PASSED] - Statement - counter = counter + 1: null

2018-12-14 00:51:31 - [TEST_STEP][PASSED] - Statement - PreSaveFile = new java.io.File(((pathPrefix + java.lang.Integer.toString(counter)) + .png)): null

2018-12-14 00:51:31 - [TEST_STEP][PASSED] - Statement - counter = counter + 1: null

2018-12-14 00:51:31 - [TEST_STEP][PASSED] - Statement - PreSaveFile = new java.io.File(((pathPrefix + java.lang.Integer.toString(counter)) + .png)): null

2018-12-14 00:51:31 - [TEST_STEP][PASSED] - Statement - counter = counter + 1: null

2018-12-14 00:51:31 - [TEST_STEP][PASSED] - Statement - PreSaveFile = new java.io.File(((pathPrefix + java.lang.Integer.toString(counter)) + .png)): null

2018-12-14 00:51:31 - [TEST_STEP][PASSED] - Statement - counter = counter + 1: null

2018-12-14 00:51:31 - [TEST_STEP][PASSED] - Statement - PreSaveFile = new java.io.File(((pathPrefix + java.lang.Integer.toString(counter)) + .png)): null

2018-12-14 00:51:31 - [TEST_STEP][PASSED] - Statement - counter = counter + 1: null

2018-12-14 00:51:31 - [TEST_STEP][PASSED] - Statement - PreSaveFile = new java.io.File(((pathPrefix + java.lang.Integer.toString(counter)) + .png)): null

2018-12-14 00:51:31 - [TEST_STEP][PASSED] - Statement - counter = counter + 1: null

2018-12-14 00:51:31 - [TEST_STEP][PASSED] - Statement - PreSaveFile = new java.io.File(((pathPrefix + java.lang.Integer.toString(counter)) + .png)): null

2018-12-14 00:51:31 - [TEST_STEP][PASSED] - Statement - counter = counter + 1: null

2018-12-14 00:51:31 - [TEST_STEP][PASSED] - Statement - PreSaveFile = new java.io.File(((pathPrefix + java.lang.Integer.toString(counter)) + .png)): null

2018-12-14 00:51:31 - [TEST_STEP][PASSED] - Statement - counter = counter + 1: null

2018-12-14 00:51:31 - [TEST_STEP][PASSED] - Statement - PreSaveFile = new java.io.File(((pathPrefix + java.lang.Integer.toString(counter)) + .png)): null

2018-12-14 00:51:31 - [TEST_STEP][PASSED] - Statement - counter = counter + 1: null

2018-12-14 00:51:31 - [TEST_STEP][PASSED] - Statement - PreSaveFile = new java.io.File(((pathPrefix + java.lang.Integer.toString(counter)) + .png)): null

2018-12-14 00:51:31 - [TEST_STEP][PASSED] - Statement - counter = counter + 1: null

2018-12-14 00:51:31 - [TEST_STEP][PASSED] - Statement - PreSaveFile = new java.io.File(((pathPrefix + java.lang.Integer.toString(counter)) + .png)): null

2018-12-14 00:51:31 - [TEST_STEP][PASSED] - Statement - counter = counter + 1: null

2018-12-14 00:51:31 - [TEST_STEP][PASSED] - Statement - PreSaveFile = new java.io.File(((pathPrefix + java.lang.Integer.toString(counter)) + .png)): null

2018-12-14 00:51:31 - [TEST_STEP][PASSED] - Statement - counter = counter + 1: null

2018-12-14 00:51:31 - [TEST_STEP][PASSED] - Statement - PreSaveFile = new java.io.File(((pathPrefix + java.lang.Integer.toString(counter)) + .png)): null

2018-12-14 00:51:31 - [TEST_STEP][PASSED] - Statement - counter = counter + 1: null

2018-12-14 00:51:31 - [TEST_STEP][PASSED] - Statement - PreSaveFile = new java.io.File(((pathPrefix + java.lang.Integer.toString(counter)) + .png)): null

2018-12-14 00:51:31 - [TEST_STEP][PASSED] - Statement - counter = counter + 1: null

2018-12-14 00:51:31 - [TEST_STEP][PASSED] - Statement - PreSaveFile = new java.io.File(((pathPrefix + java.lang.Integer.toString(counter)) + .png)): null

2018-12-14 00:51:31 - [TEST_STEP][PASSED] - Statement - counter = counter + 1: null

2018-12-14 00:51:31 - [TEST_STEP][PASSED] - Statement - PreSaveFile = new java.io.File(((pathPrefix + java.lang.Integer.toString(counter)) + .png)): null

2018-12-14 00:51:31 - [TEST_STEP][PASSED] - Statement - counter = counter + 1: null

2018-12-14 00:51:31 - [TEST_STEP][PASSED] - Statement - PreSaveFile = new java.io.File(((pathPrefix + java.lang.Integer.toString(counter)) + .png)): null

2018-12-14 00:51:31 - [TEST_STEP][PASSED] - Statement - counter = counter + 1: null

2018-12-14 00:51:31 - [TEST_STEP][PASSED] - Statement - PreSaveFile = new java.io.File(((pathPrefix + java.lang.Integer.toString(counter)) + .png)): null

2018-12-14 00:51:31 - [TEST_STEP][PASSED] - Statement - counter = counter + 1: null

2018-12-14 00:51:31 - [TEST_STEP][PASSED] - Statement - PreSaveFile = new java.io.File(((pathPrefix + java.lang.Integer.toString(counter)) + .png)): null

2018-12-14 00:51:31 - [TEST_STEP][PASSED] - Statement - counter = counter + 1: null

2018-12-14 00:51:31 - [TEST_STEP][PASSED] - Statement - PreSaveFile = new java.io.File(((pathPrefix + java.lang.Integer.toString(counter)) + .png)): null

2018-12-14 00:51:31 - [TEST_STEP][PASSED] - Statement - counter = counter + 1: null

2018-12-14 00:51:31 - [TEST_STEP][PASSED] - Statement - PreSaveFile = new java.io.File(((pathPrefix + java.lang.Integer.toString(counter)) + .png)): null

2018-12-14 00:51:31 - [TEST_STEP][PASSED] - Statement - counter = counter + 1: null

2018-12-14 00:51:31 - [TEST_STEP][PASSED] - Statement - PreSaveFile = new java.io.File(((pathPrefix + java.lang.Integer.toString(counter)) + .png)): null

2018-12-14 00:51:31 - [TEST_STEP][PASSED] - Statement - counter = counter + 1: null

2018-12-14 00:51:31 - [TEST_STEP][PASSED] - Statement - PreSaveFile = new java.io.File(((pathPrefix + java.lang.Integer.toString(counter)) + .png)): null

2018-12-14 00:51:31 - [TEST_STEP][PASSED] - Statement - counter = counter + 1: null

2018-12-14 00:51:31 - [TEST_STEP][PASSED] - Statement - PreSaveFile = new java.io.File(((pathPrefix + java.lang.Integer.toString(counter)) + .png)): null

2018-12-14 00:51:31 - [TEST_STEP][PASSED] - Statement - counter = counter + 1: null

2018-12-14 00:51:31 - [TEST_STEP][PASSED] - Statement - PreSaveFile = new java.io.File(((pathPrefix + java.lang.Integer.toString(counter)) + .png)): null

2018-12-14 00:51:31 - [TEST_STEP][PASSED] - Statement - counter = counter + 1: null

2018-12-14 00:51:31 - [TEST_STEP][PASSED] - Statement - PreSaveFile = new java.io.File(((pathPrefix + java.lang.Integer.toString(counter)) + .png)): null

2018-12-14 00:51:31 - [TEST_STEP][PASSED] - Statement - counter = counter + 1: null

2018-12-14 00:51:31 - [TEST_STEP][PASSED] - Statement - PreSaveFile = new java.io.File(((pathPrefix + java.lang.Integer.toString(counter)) + .png)): null

2018-12-14 00:51:31 - [TEST_STEP][PASSED] - Statement - counter = counter + 1: null

2018-12-14 00:51:31 - [TEST_STEP][PASSED] - Statement - PreSaveFile = new java.io.File(((pathPrefix + java.lang.Integer.toString(counter)) + .png)): null

2018-12-14 00:51:31 - [TEST_STEP][PASSED] - Statement - counter = counter + 1: null

2018-12-14 00:51:31 - [TEST_STEP][PASSED] - Statement - PreSaveFile = new java.io.File(((pathPrefix + java.lang.Integer.toString(counter)) + .png)): null

2018-12-14 00:51:31 - [TEST_STEP][PASSED] - Statement - counter = counter + 1: null

2018-12-14 00:51:31 - [TEST_STEP][PASSED] - Statement - PreSaveFile = new java.io.File(((pathPrefix + java.lang.Integer.toString(counter)) + .png)): null

2018-12-14 00:51:31 - [TEST_STEP][PASSED] - Statement - counter = counter + 1: null

2018-12-14 00:51:31 - [TEST_STEP][PASSED] - Statement - PreSaveFile = new java.io.File(((pathPrefix + java.lang.Integer.toString(counter)) + .png)): null

2018-12-14 00:51:31 - [TEST_STEP][PASSED] - Statement - counter = counter + 1: null

2018-12-14 00:51:31 - [TEST_STEP][PASSED] - Statement - PreSaveFile = new java.io.File(((pathPrefix + java.lang.Integer.toString(counter)) + .png)): null

2018-12-14 00:51:31 - [TEST_STEP][PASSED] - Statement - counter = counter + 1: null

2018-12-14 00:51:31 - [TEST_STEP][PASSED] - Statement - PreSaveFile = new java.io.File(((pathPrefix + java.lang.Integer.toString(counter)) + .png)): null

2018-12-14 00:51:31 - [TEST_STEP][PASSED] - Statement - counter = counter + 1: null

2018-12-14 00:51:31 - [TEST_STEP][PASSED] - Statement - PreSaveFile = new java.io.File(((pathPrefix + java.lang.Integer.toString(counter)) + .png)): null

2018-12-14 00:51:31 - [TEST_STEP][PASSED] - Statement - counter = counter + 1: null

2018-12-14 00:51:31 - [TEST_STEP][PASSED] - Statement - PreSaveFile = new java.io.File(((pathPrefix + java.lang.Integer.toString(counter)) + .png)): null

2018-12-14 00:51:31 - [TEST_STEP][PASSED] - Statement - counter = counter + 1: null

2018-12-14 00:51:31 - [TEST_STEP][PASSED] - Statement - PreSaveFile = new java.io.File(((pathPrefix + java.lang.Integer.toString(counter)) + .png)): null

2018-12-14 00:51:31 - [TEST_STEP][PASSED] - Statement - counter = counter + 1: null

2018-12-14 00:51:31 - [TEST_STEP][PASSED] - Statement - PreSaveFile = new java.io.File(((pathPrefix + java.lang.Integer.toString(counter)) + .png)): null

2018-12-14 00:51:31 - [TEST_STEP][PASSED] - Statement - counter = counter + 1: null

2018-12-14 00:51:31 - [TEST_STEP][PASSED] - Statement - PreSaveFile = new java.io.File(((pathPrefix + java.lang.Integer.toString(counter)) + .png)): null

2018-12-14 00:51:31 - [TEST_STEP][PASSED] - Statement - counter = counter + 1: null

2018-12-14 00:51:31 - [TEST_STEP][PASSED] - Statement - PreSaveFile = new java.io.File(((pathPrefix + java.lang.Integer.toString(counter)) + .png)): null

2018-12-14 00:51:31 - [TEST_STEP][PASSED] - Statement - counter = counter + 1: null

2018-12-14 00:51:31 - [TEST_STEP][PASSED] - Statement - PreSaveFile = new java.io.File(((pathPrefix + java.lang.Integer.toString(counter)) + .png)): null

2018-12-14 00:51:31 - [TEST_STEP][PASSED] - Statement - counter = counter + 1: null

2018-12-14 00:51:31 - [TEST_STEP][PASSED] - Statement - PreSaveFile = new java.io.File(((pathPrefix + java.lang.Integer.toString(counter)) + .png)): null

2018-12-14 00:51:31 - [TEST_STEP][PASSED] - Statement - counter = counter + 1: null

2018-12-14 00:51:31 - [TEST_STEP][PASSED] - Statement - PreSaveFile = new java.io.File(((pathPrefix + java.lang.Integer.toString(counter)) + .png)): null

2018-12-14 00:51:31 - [TEST_STEP][PASSED] - Statement - counter = counter + 1: null

2018-12-14 00:51:31 - [TEST_STEP][PASSED] - Statement - PreSaveFile = new java.io.File(((pathPrefix + java.lang.Integer.toString(counter)) + .png)): null

2018-12-14 00:51:31 - [TEST_STEP][PASSED] - Statement - counter = counter + 1: null

2018-12-14 00:51:31 - [TEST_STEP][PASSED] - Statement - PreSaveFile = new java.io.File(((pathPrefix + java.lang.Integer.toString(counter)) + .png)): null

2018-12-14 00:51:31 - [TEST_STEP][PASSED] - Statement - counter = counter + 1: null

2018-12-14 00:51:31 - [TEST_STEP][PASSED] - Statement - PreSaveFile = new java.io.File(((pathPrefix + java.lang.Integer.toString(counter)) + .png)): null

2018-12-14 00:51:31 - [TEST_STEP][PASSED] - Statement - counter = counter + 1: null

2018-12-14 00:51:31 - [TEST_STEP][PASSED] - Statement - PreSaveFile = new java.io.File(((pathPrefix + java.lang.Integer.toString(counter)) + .png)): null

2018-12-14 00:51:31 - [TEST_STEP][PASSED] - Statement - counter = counter + 1: null

2018-12-14 00:51:31 - [TEST_STEP][PASSED] - Statement - PreSaveFile = new java.io.File(((pathPrefix + java.lang.Integer.toString(counter)) + .png)): null

2018-12-14 00:51:31 - [TEST_STEP][PASSED] - Statement - counter = counter + 1: null

2018-12-14 00:51:31 - [TEST_STEP][PASSED] - Statement - PreSaveFile = new java.io.File(((pathPrefix + java.lang.Integer.toString(counter)) + .png)): null

2018-12-14 00:51:31 - [TEST_STEP][PASSED] - Statement - counter = counter + 1: null

2018-12-14 00:51:31 - [TEST_STEP][PASSED] - Statement - PreSaveFile = new java.io.File(((pathPrefix + java.lang.Integer.toString(counter)) + .png)): null

2018-12-14 00:51:31 - [TEST_STEP][PASSED] - Statement - counter = counter + 1: null

2018-12-14 00:51:31 - [TEST_STEP][PASSED] - Statement - PreSaveFile = new java.io.File(((pathPrefix + java.lang.Integer.toString(counter)) + .png)): null

2018-12-14 00:51:31 - [TEST_STEP][PASSED] - Statement - counter = counter + 1: null

2018-12-14 00:51:31 - [TEST_STEP][PASSED] - Statement - PreSaveFile = new java.io.File(((pathPrefix + java.lang.Integer.toString(counter)) + .png)): null

2018-12-14 00:51:31 - [TEST_STEP][PASSED] - Statement - counter = counter + 1: null

2018-12-14 00:51:31 - [TEST_STEP][PASSED] - Statement - PreSaveFile = new java.io.File(((pathPrefix + java.lang.Integer.toString(counter)) + .png)): null

2018-12-14 00:51:31 - [TEST_STEP][PASSED] - Statement - counter = counter + 1: null

2018-12-14 00:51:31 - [TEST_STEP][PASSED] - Statement - PreSaveFile = new java.io.File(((pathPrefix + java.lang.Integer.toString(counter)) + .png)): null

2018-12-14 00:51:31 - [TEST_STEP][PASSED] - Statement - counter = counter + 1: null

2018-12-14 00:51:31 - [TEST_STEP][PASSED] - Statement - PreSaveFile = new java.io.File(((pathPrefix + java.lang.Integer.toString(counter)) + .png)): null

2018-12-14 00:51:31 - [TEST_STEP][PASSED] - Statement - counter = counter + 1: null

2018-12-14 00:51:31 - [TEST_STEP][PASSED] - Statement - PreSaveFile = new java.io.File(((pathPrefix + java.lang.Integer.toString(counter)) + .png)): null

2018-12-14 00:51:31 - [TEST_STEP][PASSED] - Statement - counter = counter + 1: null

2018-12-14 00:51:31 - [TEST_STEP][PASSED] - Statement - PreSaveFile = new java.io.File(((pathPrefix + java.lang.Integer.toString(counter)) + .png)): null

2018-12-14 00:51:31 - [TEST_STEP][PASSED] - Statement - counter = counter + 1: null

2018-12-14 00:51:31 - [TEST_STEP][PASSED] - Statement - PreSaveFile = new java.io.File(((pathPrefix + java.lang.Integer.toString(counter)) + .png)): null

2018-12-14 00:51:31 - [TEST_STEP][PASSED] - Statement - counter = counter + 1: null

2018-12-14 00:51:31 - [TEST_STEP][PASSED] - Statement - PreSaveFile = new java.io.File(((pathPrefix + java.lang.Integer.toString(counter)) + .png)): null

2018-12-14 00:51:31 - [TEST_STEP][PASSED] - Statement - counter = counter + 1: null

2018-12-14 00:51:31 - [TEST_STEP][PASSED] - Statement - PreSaveFile = new java.io.File(((pathPrefix + java.lang.Integer.toString(counter)) + .png)): null

2018-12-14 00:51:31 - [TEST_STEP][PASSED] - Statement - counter = counter + 1: null

2018-12-14 00:51:31 - [TEST_STEP][PASSED] - Statement - PreSaveFile = new java.io.File(((pathPrefix + java.lang.Integer.toString(counter)) + .png)): null

2018-12-14 00:51:31 - [TEST_STEP][PASSED] - Statement - counter = counter + 1: null

2018-12-14 00:51:31 - [TEST_STEP][PASSED] - Statement - PreSaveFile = new java.io.File(((pathPrefix + java.lang.Integer.toString(counter)) + .png)): null

2018-12-14 00:51:31 - [TEST_STEP][PASSED] - Statement - counter = counter + 1: null

2018-12-14 00:51:31 - [TEST_STEP][PASSED] - Statement - PreSaveFile = new java.io.File(((pathPrefix + java.lang.Integer.toString(counter)) + .png)): null

2018-12-14 00:51:31 - [TEST_STEP][PASSED] - Statement - counter = counter + 1: null

2018-12-14 00:51:31 - [TEST_STEP][PASSED] - Statement - PreSaveFile = new java.io.File(((pathPrefix + java.lang.Integer.toString(counter)) + .png)): null

2018-12-14 00:51:31 - [TEST_STEP][PASSED] - Statement - counter = counter + 1: null

2018-12-14 00:51:31 - [TEST_STEP][PASSED] - Statement - PreSaveFile = new java.io.File(((pathPrefix + java.lang.Integer.toString(counter)) + .png)): null

2018-12-14 00:51:31 - [TEST_STEP][PASSED] - Statement - counter = counter + 1: null

2018-12-14 00:51:31 - [TEST_STEP][PASSED] - Statement - PreSaveFile = new java.io.File(((pathPrefix + java.lang.Integer.toString(counter)) + .png)): null

2018-12-14 00:51:31 - [TEST_STEP][PASSED] - Statement - counter = counter + 1: null

2018-12-14 00:51:31 - [TEST_STEP][PASSED] - Statement - PreSaveFile = new java.io.File(((pathPrefix + java.lang.Integer.toString(counter)) + .png)): null

2018-12-14 00:51:31 - [TEST_STEP][PASSED] - Statement - counter = counter + 1: null

2018-12-14 00:51:31 - [TEST_STEP][PASSED] - Statement - PreSaveFile = new java.io.File(((pathPrefix + java.lang.Integer.toString(counter)) + .png)): null

2018-12-14 00:51:31 - [TEST_STEP][PASSED] - Statement - counter = counter + 1: null

2018-12-14 00:51:31 - [TEST_STEP][PASSED] - Statement - PreSaveFile = new java.io.File(((pathPrefix + java.lang.Integer.toString(counter)) + .png)): null

2018-12-14 00:51:31 - [TEST_STEP][PASSED] - Statement - counter = counter + 1: null

2018-12-14 00:51:31 - [TEST_STEP][PASSED] - Statement - PreSaveFile = new java.io.File(((pathPrefix + java.lang.Integer.toString(counter)) + .png)): null

2018-12-14 00:51:31 - [TEST_STEP][PASSED] - Statement - counter = counter + 1: null

2018-12-14 00:51:31 - [TEST_STEP][PASSED] - Statement - PreSaveFile = new java.io.File(((pathPrefix + java.lang.Integer.toString(counter)) + .png)): null

2018-12-14 00:51:31 - [TEST_STEP][PASSED] - Statement - counter = counter + 1: null

2018-12-14 00:51:31 - [TEST_STEP][PASSED] - Statement - PreSaveFile = new java.io.File(((pathPrefix + java.lang.Integer.toString(counter)) + .png)): null

2018-12-14 00:51:31 - [TEST_STEP][PASSED] - Statement - counter = counter + 1: null

2018-12-14 00:51:31 - [TEST_STEP][PASSED] - Statement - PreSaveFile = new java.io.File(((pathPrefix + java.lang.Integer.toString(counter)) + .png)): null

2018-12-14 00:51:31 - [TEST_STEP][PASSED] - Statement - counter = counter + 1: null

2018-12-14 00:51:31 - [TEST_STEP][PASSED] - Statement - PreSaveFile = new java.io.File(((pathPrefix + java.lang.Integer.toString(counter)) + .png)): null

2018-12-14 00:51:31 - [TEST_STEP][PASSED] - Statement - counter = counter + 1: null

2018-12-14 00:51:31 - [TEST_STEP][PASSED] - Statement - PreSaveFile = new java.io.File(((pathPrefix + java.lang.Integer.toString(counter)) + .png)): null

2018-12-14 00:51:31 - [TEST_STEP][PASSED] - Statement - counter = counter + 1: null

2018-12-14 00:51:31 - [TEST_STEP][PASSED] - Statement - PreSaveFile = new java.io.File(((pathPrefix + java.lang.Integer.toString(counter)) + .png)): null

2018-12-14 00:51:31 - [TEST_STEP][PASSED] - Statement - counter = counter + 1: null

2018-12-14 00:51:31 - [TEST_STEP][PASSED] - Statement - PreSaveFile = new java.io.File(((pathPrefix + java.lang.Integer.toString(counter)) + .png)): null

2018-12-14 00:51:31 - [TEST_STEP][PASSED] - Statement - counter = counter + 1: null

2018-12-14 00:51:31 - [TEST_STEP][PASSED] - Statement - PreSaveFile = new java.io.File(((pathPrefix + java.lang.Integer.toString(counter)) + .png)): null

2018-12-14 00:51:31 - [TEST_STEP][PASSED] - Statement - counter = counter + 1: null

2018-12-14 00:51:31 - [TEST_STEP][PASSED] - Statement - PreSaveFile = new java.io.File(((pathPrefix + java.lang.Integer.toString(counter)) + .png)): null

2018-12-14 00:51:31 - [TEST_STEP][PASSED] - Statement - counter = counter + 1: null

2018-12-14 00:51:31 - [TEST_STEP][PASSED] - Statement - PreSaveFile = new java.io.File(((pathPrefix + java.lang.Integer.toString(counter)) + .png)): null

2018-12-14 00:51:31 - [TEST_STEP][PASSED] - Statement - counter = counter + 1: null

2018-12-14 00:51:31 - [TEST_STEP][PASSED] - Statement - PreSaveFile = new java.io.File(((pathPrefix + java.lang.Integer.toString(counter)) + .png)): null

2018-12-14 00:51:31 - [TEST_STEP][PASSED] - Statement - counter = counter + 1: null

2018-12-14 00:51:31 - [TEST_STEP][PASSED] - Statement - PreSaveFile = new java.io.File(((pathPrefix + java.lang.Integer.toString(counter)) + .png)): null

2018-12-14 00:51:31 - [TEST_STEP][PASSED] - Statement - counter = counter + 1: null

2018-12-14 00:51:31 - [TEST_STEP][PASSED] - Statement - PreSaveFile = new java.io.File(((pathPrefix + java.lang.Integer.toString(counter)) + .png)): null

2018-12-14 00:51:31 - [TEST_STEP][PASSED] - Statement - counter = counter + 1: null

2018-12-14 00:51:31 - [TEST_STEP][PASSED] - Statement - PreSaveFile = new java.io.File(((pathPrefix + java.lang.Integer.toString(counter)) + .png)): null

2018-12-14 00:51:31 - [TEST_STEP][PASSED] - Statement - counter = counter + 1: null

2018-12-14 00:51:31 - [TEST_STEP][PASSED] - Statement - PreSaveFile = new java.io.File(((pathPrefix + java.lang.Integer.toString(counter)) + .png)): null

2018-12-14 00:51:31 - [TEST_STEP][PASSED] - Statement - counter = counter + 1: null

2018-12-14 00:51:31 - [TEST_STEP][PASSED] - Statement - PreSaveFile = new java.io.File(((pathPrefix + java.lang.Integer.toString(counter)) + .png)): null

2018-12-14 00:51:31 - [TEST_STEP][PASSED] - Statement - counter = counter + 1: null

2018-12-14 00:51:31 - [TEST_STEP][PASSED] - Statement - PreSaveFile = new java.io.File(((pathPrefix + java.lang.Integer.toString(counter)) + .png)): null

2018-12-14 00:51:31 - [TEST_STEP][PASSED] - Statement - counter = counter + 1: null

2018-12-14 00:51:31 - [TEST_STEP][PASSED] - Statement - PreSaveFile = new java.io.File(((pathPrefix + java.lang.Integer.toString(counter)) + .png)): null

2018-12-14 00:51:31 - [TEST_STEP][PASSED] - Statement - counter = counter + 1: null

2018-12-14 00:51:31 - [TEST_STEP][PASSED] - Statement - PreSaveFile = new java.io.File(((pathPrefix + java.lang.Integer.toString(counter)) + .png)): null

2018-12-14 00:51:31 - [TEST_STEP][PASSED] - Statement - counter = counter + 1: null

2018-12-14 00:51:31 - [TEST_STEP][PASSED] - Statement - PreSaveFile = new java.io.File(((pathPrefix + java.lang.Integer.toString(counter)) + .png)): null

2018-12-14 00:51:31 - [TEST_STEP][PASSED] - Statement - counter = counter + 1: null

2018-12-14 00:51:31 - [TEST_STEP][PASSED] - Statement - PreSaveFile = new java.io.File(((pathPrefix + java.lang.Integer.toString(counter)) + .png)): null

2018-12-14 00:51:31 - [TEST_STEP][PASSED] - Statement - counter = counter + 1: null

2018-12-14 00:51:31 - [TEST_STEP][PASSED] - Statement - PreSaveFile = new java.io.File(((pathPrefix + java.lang.Integer.toString(counter)) + .png)): null

2018-12-14 00:51:31 - [TEST_STEP][PASSED] - Statement - counter = counter + 1: null

2018-12-14 00:51:31 - [TEST_STEP][PASSED] - Statement - PreSaveFile = new java.io.File(((pathPrefix + java.lang.Integer.toString(counter)) + .png)): null

2018-12-14 00:51:31 - [TEST_STEP][PASSED] - Statement - counter = counter + 1: null

2018-12-14 00:51:31 - [TEST_STEP][PASSED] - Statement - PreSaveFile = new java.io.File(((pathPrefix + java.lang.Integer.toString(counter)) + .png)): null

2018-12-14 00:51:31 - [TEST_STEP][PASSED] - Statement - counter = counter + 1: null

2018-12-14 00:51:31 - [TEST_STEP][PASSED] - Statement - PreSaveFile = new java.io.File(((pathPrefix + java.lang.Integer.toString(counter)) + .png)): null

2018-12-14 00:51:31 - [TEST_STEP][PASSED] - Statement - counter = counter + 1: null

2018-12-14 00:51:31 - [TEST_STEP][PASSED] - Statement - PreSaveFile = new java.io.File(((pathPrefix + java.lang.Integer.toString(counter)) + .png)): null

2018-12-14 00:51:31 - [TEST_STEP][PASSED] - Statement - counter = counter + 1: null

2018-12-14 00:51:31 - [TEST_STEP][PASSED] - Statement - PreSaveFile = new java.io.File(((pathPrefix + java.lang.Integer.toString(counter)) + .png)): null

2018-12-14 00:51:31 - [TEST_STEP][PASSED] - Statement - counter = counter + 1: null

2018-12-14 00:51:31 - [TEST_STEP][PASSED] - Statement - PreSaveFile = new java.io.File(((pathPrefix + java.lang.Integer.toString(counter)) + .png)): null

2018-12-14 00:51:31 - [TEST_STEP][PASSED] - Statement - counter = counter + 1: null

2018-12-14 00:51:31 - [TEST_STEP][PASSED] - Statement - PreSaveFile = new java.io.File(((pathPrefix + java.lang.Integer.toString(counter)) + .png)): null

2018-12-14 00:51:31 - [TEST_STEP][PASSED] - Statement - counter = counter + 1: null

2018-12-14 00:51:31 - [TEST_STEP][PASSED] - Statement - PreSaveFile = new java.io.File(((pathPrefix + java.lang.Integer.toString(counter)) + .png)): null

2018-12-14 00:51:31 - [TEST_STEP][PASSED] - Statement - counter = counter + 1: null

2018-12-14 00:51:31 - [TEST_STEP][PASSED] - Statement - PreSaveFile = new java.io.File(((pathPrefix + java.lang.Integer.toString(counter)) + .png)): null

2018-12-14 00:51:31 - [TEST_STEP][PASSED] - Statement - counter = counter + 1: null

2018-12-14 00:51:31 - [TEST_STEP][PASSED] - Statement - PreSaveFile = new java.io.File(((pathPrefix + java.lang.Integer.toString(counter)) + .png)): null

2018-12-14 00:51:31 - [TEST_STEP][PASSED] - Statement - counter = counter + 1: null

2018-12-14 00:51:31 - [TEST_STEP][PASSED] - Statement - PreSaveFile = new java.io.File(((pathPrefix + java.lang.Integer.toString(counter)) + .png)): null

2018-12-14 00:51:31 - [TEST_STEP][PASSED] - Statement - counter = counter + 1: null

2018-12-14 00:51:31 - [TEST_STEP][PASSED] - Statement - PreSaveFile = new java.io.File(((pathPrefix + java.lang.Integer.toString(counter)) + .png)): null

2018-12-14 00:51:31 - [TEST_STEP][PASSED] - Statement - counter = counter + 1: null

2018-12-14 00:51:31 - [TEST_STEP][PASSED] - Statement - PreSaveFile = new java.io.File(((pathPrefix + java.lang.Integer.toString(counter)) + .png)): null

2018-12-14 00:51:31 - [TEST_STEP][PASSED] - Statement - counter = counter + 1: null

2018-12-14 00:51:31 - [TEST_STEP][PASSED] - Statement - PreSaveFile = new java.io.File(((pathPrefix + java.lang.Integer.toString(counter)) + .png)): null

2018-12-14 00:51:31 - [TEST_STEP][PASSED] - Statement - counter = counter + 1: null

2018-12-14 00:51:31 - [TEST_STEP][PASSED] - Statement - PreSaveFile = new java.io.File(((pathPrefix + java.lang.Integer.toString(counter)) + .png)): null

2018-12-14 00:51:31 - [TEST_STEP][PASSED] - Statement - counter = counter + 1: null

2018-12-14 00:51:31 - [TEST_STEP][PASSED] - Statement - PreSaveFile = new java.io.File(((pathPrefix + java.lang.Integer.toString(counter)) + .png)): null

2018-12-14 00:51:31 - [TEST_STEP][PASSED] - Statement - counter = counter + 1: null

2018-12-14 00:51:31 - [TEST_STEP][PASSED] - Statement - PreSaveFile = new java.io.File(((pathPrefix + java.lang.Integer.toString(counter)) + .png)): null

2018-12-14 00:51:31 - [TEST_STEP][PASSED] - Statement - counter = counter + 1: null

2018-12-14 00:51:31 - [TEST_STEP][PASSED] - Statement - PreSaveFile = new java.io.File(((pathPrefix + java.lang.Integer.toString(counter)) + .png)): null

2018-12-14 00:51:31 - [TEST_STEP][PASSED] - Statement - counter = counter + 1: null

2018-12-14 00:51:31 - [TEST_STEP][PASSED] - Statement - PreSaveFile = new java.io.File(((pathPrefix + java.lang.Integer.toString(counter)) + .png)): null

2018-12-14 00:51:31 - [TEST_STEP][PASSED] - Statement - counter = counter + 1: null

2018-12-14 00:51:31 - [TEST_STEP][PASSED] - Statement - PreSaveFile = new java.io.File(((pathPrefix + java.lang.Integer.toString(counter)) + .png)): null

2018-12-14 00:51:31 - [TEST_STEP][PASSED] - Statement - counter = counter + 1: null

2018-12-14 00:51:31 - [TEST_STEP][PASSED] - Statement - PreSaveFile = new java.io.File(((pathPrefix + java.lang.Integer.toString(counter)) + .png)): null

2018-12-14 00:51:31 - [TEST_STEP][PASSED] - Statement - counter = counter + 1: null

2018-12-14 00:51:31 - [TEST_STEP][PASSED] - Statement - PreSaveFile = new java.io.File(((pathPrefix + java.lang.Integer.toString(counter)) + .png)): null

2018-12-14 00:51:31 - [TEST_STEP][PASSED] - Statement - counter = counter + 1: null

2018-12-14 00:51:31 - [TEST_STEP][PASSED] - Statement - PreSaveFile = new java.io.File(((pathPrefix + java.lang.Integer.toString(counter)) + .png)): null

2018-12-14 00:51:31 - [TEST_STEP][PASSED] - Statement - counter = counter + 1: null

2018-12-14 00:51:31 - [TEST_STEP][PASSED] - Statement - PreSaveFile = new java.io.File(((pathPrefix + java.lang.Integer.toString(counter)) + .png)): null

2018-12-14 00:51:31 - [TEST_STEP][PASSED] - Statement - counter = counter + 1: null

2018-12-14 00:51:31 - [TEST_STEP][PASSED] - Statement - PreSaveFile = new java.io.File(((pathPrefix + java.lang.Integer.toString(counter)) + .png)): null

2018-12-14 00:51:31 - [TEST_STEP][PASSED] - Statement - counter = counter + 1: null

2018-12-14 00:51:31 - [TEST_STEP][PASSED] - Statement - PreSaveFile = new java.io.File(((pathPrefix + java.lang.Integer.toString(counter)) + .png)): null

2018-12-14 00:51:31 - [TEST_STEP][PASSED] - Statement - counter = counter + 1: null

2018-12-14 00:51:31 - [TEST_STEP][PASSED] - Statement - PreSaveFile = new java.io.File(((pathPrefix + java.lang.Integer.toString(counter)) + .png)): null

2018-12-14 00:51:31 - [TEST_STEP][PASSED] - Statement - counter = counter + 1: null

2018-12-14 00:51:31 - [TEST_STEP][PASSED] - Statement - PreSaveFile = new java.io.File(((pathPrefix + java.lang.Integer.toString(counter)) + .png)): null

2018-12-14 00:51:31 - [TEST_STEP][PASSED] - Statement - counter = counter + 1: null

2018-12-14 00:51:31 - [TEST_STEP][PASSED] - Statement - PreSaveFile = new java.io.File(((pathPrefix + java.lang.Integer.toString(counter)) + .png)): null

2018-12-14 00:51:31 - [TEST_STEP][PASSED] - Statement - counter = counter + 1: null

2018-12-14 00:51:31 - [TEST_STEP][PASSED] - Statement - PreSaveFile = new java.io.File(((pathPrefix + java.lang.Integer.toString(counter)) + .png)): null

2018-12-14 00:51:31 - [TEST_STEP][PASSED] - Statement - counter = counter + 1: null

2018-12-14 00:51:31 - [TEST_STEP][PASSED] - Statement - PreSaveFile = new java.io.File(((pathPrefix + java.lang.Integer.toString(counter)) + .png)): null

2018-12-14 00:51:31 - [TEST_STEP][PASSED] - Statement - counter = counter + 1: null

2018-12-14 00:51:31 - [TEST_STEP][PASSED] - Statement - PreSaveFile = new java.io.File(((pathPrefix + java.lang.Integer.toString(counter)) + .png)): null

2018-12-14 00:51:31 - [TEST_STEP][PASSED] - Statement - counter = counter + 1: null

2018-12-14 00:51:31 - [TEST_STEP][PASSED] - Statement - PreSaveFile = new java.io.File(((pathPrefix + java.lang.Integer.toString(counter)) + .png)): null

2018-12-14 00:51:31 - [TEST_STEP][PASSED] - Statement - counter = counter + 1: null

2018-12-14 00:51:31 - [TEST_STEP][PASSED] - Statement - PreSaveFile = new java.io.File(((pathPrefix + java.lang.Integer.toString(counter)) + .png)): null

2018-12-14 00:51:31 - [TEST_STEP][PASSED] - Statement - counter = counter + 1: null

2018-12-14 00:51:31 - [TEST_STEP][PASSED] - Statement - PreSaveFile = new java.io.File(((pathPrefix + java.lang.Integer.toString(counter)) + .png)): null

2018-12-14 00:51:31 - [TEST_STEP][PASSED] - Statement - counter = counter + 1: null

2018-12-14 00:51:31 - [TEST_STEP][PASSED] - Statement - PreSaveFile = new java.io.File(((pathPrefix + java.lang.Integer.toString(counter)) + .png)): null

2018-12-14 00:51:31 - [TEST_STEP][PASSED] - Statement - counter = counter + 1: null

2018-12-14 00:51:31 - [TEST_STEP][PASSED] - Statement - PreSaveFile = new java.io.File(((pathPrefix + java.lang.Integer.toString(counter)) + .png)): null

2018-12-14 00:51:31 - [TEST_STEP][PASSED] - Statement - counter = counter + 1: null

2018-12-14 00:51:31 - [TEST_STEP][PASSED] - Statement - PreSaveFile = new java.io.File(((pathPrefix + java.lang.Integer.toString(counter)) + .png)): null

2018-12-14 00:51:31 - [TEST_STEP][PASSED] - Statement - counter = counter + 1: null

2018-12-14 00:51:31 - [TEST_STEP][PASSED] - Statement - PreSaveFile = new java.io.File(((pathPrefix + java.lang.Integer.toString(counter)) + .png)): null

2018-12-14 00:51:31 - [TEST_STEP][PASSED] - Statement - counter = counter + 1: null

2018-12-14 00:51:31 - [TEST_STEP][PASSED] - Statement - PreSaveFile = new java.io.File(((pathPrefix + java.lang.Integer.toString(counter)) + .png)): null

2018-12-14 00:51:31 - [TEST_STEP][PASSED] - Statement - counter = counter + 1: null

2018-12-14 00:51:31 - [TEST_STEP][PASSED] - Statement - PreSaveFile = new java.io.File(((pathPrefix + java.lang.Integer.toString(counter)) + .png)): null

2018-12-14 00:51:31 - [TEST_STEP][PASSED] - Statement - finalPath = pathPrefix + java.lang.Integer.toString(counter) + ".png": null

2018-12-14 00:51:31 - [TEST_STEP][PASSED] - Statement - SaveFile = new java.io.File(finalPath): null

2018-12-14 00:51:31 - [TEST_STEP][PASSED] - Statement - Try: null

2018-12-14 00:51:31 - [TEST_STEP][PASSED] - Statement - org.apache.commons.io.FileUtils.copyFile(scrFile, SaveFile): null

2018-12-14 00:51:31 - [TEST_STEP][PASSED] - Statement - out.println("file kept"): null

2018-12-14 00:51:31 - [TEST_STEP][PASSED] - delay: Delayed 10 second(s)

2018-12-14 00:51:41 - [MESSAGE][PASSED] - Delayed 10 second(s)

2018-12-14 00:51:41 - [MESSAGE][FAILED] - Unable to call Test Case with id 'Test Cases/Final Aug 2018 - PKS Automation/Registration Module/New Registration/Submit and Screenshot/Submit Registration and Screenshot' (Root cause: Call Test Case 'Test Cases/Final Aug 2018 - PKS Automation/Registration Module/New Registration/Submit and Screenshot/Submit Registration and Screenshot' failed)]]></system-out>
         <system-err><![CDATA[2018-12-14 00:33:27 - [TEST_CASE][FAILED] - Test Cases/Final Aug 2018 - PKS Automation/Registration Module/Workflow/New Registration/OTC - PKR BO - RO Query (Routed 2 Time): Test Cases/Final Aug 2018 - PKS Automation/Registration Module/Workflow/New Registration/OTC - PKR BO - RO Query (Routed 2 Time) FAILED because (of) (Stack trace: com.kms.katalon.core.exception.StepFailedException: Unable to click on object 'Object Repository/Final Object Repo/New Registration - Registration Module Pages/New Reg - OTC to RO/Special Case - All Related Objects/Confirm to Query' (Root cause: org.openqa.selenium.ElementNotVisibleException: element not interactable
  (Session info: chrome=70.0.3538.110)
  (Driver info: chromedriver=2.43.600210 (68dcf5eebde37173d4027fa8635e332711d2874a),platform=Windows NT 6.1.7601 SP1 x86_64) (WARNING: The server did not provide any stacktrace information)
Command duration or timeout: 0 milliseconds
Build info: version: '3.7.1', revision: '8a0099a', time: '2017-11-06T21:07:36.161Z'
System info: host: 'WIN7TEST02', ip: '10.20.3.72', os.name: 'Windows 7', os.arch: 'amd64', os.version: '6.1', java.version: '1.8.0_181'
Driver info: com.kms.katalon.selenium.driver.CChromeDriver
Capabilities {acceptInsecureCerts: false, acceptSslCerts: false, applicationCacheEnabled: false, browserConnectionEnabled: false, browserName: chrome, chrome: {chromedriverVersion: 2.43.600210 (68dcf5eebde371..., userDataDir: C:\Users\Admin\AppData\Loca...}, cssSelectorsEnabled: true, databaseEnabled: false, goog:chromeOptions: {debuggerAddress: localhost:63040}, handlesAlerts: true, hasTouchScreen: false, javascriptEnabled: true, locationContextEnabled: true, mobileEmulationEnabled: false, nativeEvents: true, networkConnectionEnabled: false, pageLoadStrategy: normal, platform: XP, platformName: XP, rotatable: false, setWindowRect: true, takesHeapSnapshot: true, takesScreenshot: true, unexpectedAlertBehaviour: , unhandledPromptBehavior: , version: 70.0.3538.110, webStorageEnabled: true}
Session ID: 7f5871f55fd28da2b03173d9c6f10f14)
	at com.kms.katalon.core.keyword.internal.KeywordMain.stepFailed(KeywordMain.groovy:32)
	at com.kms.katalon.core.webui.keyword.internal.WebUIKeywordMain.stepFailed(WebUIKeywordMain.groovy:65)
	at com.kms.katalon.core.webui.keyword.internal.WebUIKeywordMain.runKeyword(WebUIKeywordMain.groovy:27)
	at com.kms.katalon.core.webui.keyword.builtin.ClickKeyword.click(ClickKeyword.groovy:86)
	at com.kms.katalon.core.webui.keyword.builtin.ClickKeyword.execute(ClickKeyword.groovy:67)
	at com.kms.katalon.core.keyword.internal.KeywordExecutor.executeKeywordForPlatform(KeywordExecutor.groovy:53)
	at com.kms.katalon.core.webui.keyword.WebUiBuiltInKeywords.click(WebUiBuiltInKeywords.groovy:616)
	at com.kms.katalon.core.webui.keyword.WebUiBuiltInKeywords$click$2.call(Unknown Source)
	at org.codehaus.groovy.runtime.callsite.CallSiteArray.defaultCall(CallSiteArray.java:48)
	at org.codehaus.groovy.runtime.callsite.AbstractCallSite.call(AbstractCallSite.java:113)
	at org.codehaus.groovy.runtime.callsite.AbstractCallSite.call(AbstractCallSite.java:125)
	at Script1535599531593.run(Script1535599531593.groovy:194)
	at com.kms.katalon.core.main.ScriptEngine.run(ScriptEngine.java:183)
	at com.kms.katalon.core.main.ScriptEngine.runScriptAsRawText(ScriptEngine.java:108)
	at com.kms.katalon.core.main.TestCaseExecutor.runScript(TestCaseExecutor.java:294)
	at com.kms.katalon.core.main.TestCaseExecutor.doExecute(TestCaseExecutor.java:285)
	at com.kms.katalon.core.main.TestCaseExecutor.processExecutionPhase(TestCaseExecutor.java:264)
	at com.kms.katalon.core.main.TestCaseExecutor.accessMainPhase(TestCaseExecutor.java:256)
	at com.kms.katalon.core.main.TestCaseExecutor.execute(TestCaseExecutor.java:200)
	at com.kms.katalon.core.main.TestSuiteExecutor.accessTestCaseMainPhase(TestSuiteExecutor.java:129)
	at com.kms.katalon.core.main.TestSuiteExecutor.accessTestSuiteMainPhase(TestSuiteExecutor.java:112)
	at com.kms.katalon.core.main.TestSuiteExecutor.execute(TestSuiteExecutor.java:81)
	at com.kms.katalon.core.main.TestCaseMain.startTestSuite(TestCaseMain.java:142)
	at com.kms.katalon.core.main.TestCaseMain$startTestSuite$0.call(Unknown Source)
	at org.codehaus.groovy.runtime.callsite.CallSiteArray.defaultCall(CallSiteArray.java:48)
	at org.codehaus.groovy.runtime.callsite.AbstractCallSite.call(AbstractCallSite.java:113)
	at org.codehaus.groovy.runtime.callsite.AbstractCallSite.call(AbstractCallSite.java:141)
	at TempTestSuite1544701631622.run(TempTestSuite1544701631622.groovy:36)
	at groovy.lang.GroovyShell.runScriptOrMainOrTestOrRunnable(GroovyShell.java:263)
	at groovy.lang.GroovyShell.run(GroovyShell.java:518)
	at groovy.lang.GroovyShell.run(GroovyShell.java:507)
	at groovy.ui.GroovyMain.processOnce(GroovyMain.java:653)
	at groovy.ui.GroovyMain.run(GroovyMain.java:384)
	at groovy.ui.GroovyMain.process(GroovyMain.java:370)
	at groovy.ui.GroovyMain.processArgs(GroovyMain.java:129)
	at groovy.ui.GroovyMain.main(GroovyMain.java:109)
	at sun.reflect.NativeMethodAccessorImpl.invoke0(Native Method)
	at sun.reflect.NativeMethodAccessorImpl.invoke(NativeMethodAccessorImpl.java:62)
	at sun.reflect.DelegatingMethodAccessorImpl.invoke(DelegatingMethodAccessorImpl.java:43)
	at java.lang.reflect.Method.invoke(Method.java:498)
	at org.codehaus.groovy.tools.GroovyStarter.rootLoader(GroovyStarter.java:109)
	at org.codehaus.groovy.tools.GroovyStarter.main(GroovyStarter.java:131)
)]]></system-err>
      </testcase>
      <system-out><![CDATA[2018-12-13 23:08:19 - [TEST_SUITE][FAILED] - New Registration: Test Cases/Final Aug 2018 - PKS Automation/Registration Module/Workflow/New Registration/Case OTC to RO - Query - Submit FAILED because (of) (Stack trace: com.kms.katalon.core.exception.StepFailedException: Unable to set text 'CRN12201800123316' of object 'Object Repository/Final Object Repo/New Registration - Registration Module Pages/New Reg - OTC to RO/Special Case - All Related Objects/TextBox RefNo in Workbasket' (Root cause: org.openqa.selenium.ElementNotVisibleException: element not interactable
  (Session info: chrome=70.0.3538.110)
  (Driver info: chromedriver=2.43.600210 (68dcf5eebde37173d4027fa8635e332711d2874a),platform=Windows NT 6.1.7601 SP1 x86_64) (WARNING: The server did not provide any stacktrace information)
Command duration or timeout: 0 milliseconds
Build info: version: '3.7.1', revision: '8a0099a', time: '2017-11-06T21:07:36.161Z'
System info: host: 'WIN7TEST02', ip: '10.20.3.72', os.name: 'Windows 7', os.arch: 'amd64', os.version: '6.1', java.version: '1.8.0_181'
Driver info: com.kms.katalon.selenium.driver.CChromeDriver
Capabilities {acceptInsecureCerts: false, acceptSslCerts: false, applicationCacheEnabled: false, browserConnectionEnabled: false, browserName: chrome, chrome: {chromedriverVersion: 2.43.600210 (68dcf5eebde371..., userDataDir: C:\Users\Admin\AppData\Loca...}, cssSelectorsEnabled: true, databaseEnabled: false, goog:chromeOptions: {debuggerAddress: localhost:61863}, handlesAlerts: true, hasTouchScreen: false, javascriptEnabled: true, locationContextEnabled: true, mobileEmulationEnabled: false, nativeEvents: true, networkConnectionEnabled: false, pageLoadStrategy: normal, platform: XP, platformName: XP, rotatable: false, setWindowRect: true, takesHeapSnapshot: true, takesScreenshot: true, unexpectedAlertBehaviour: , unhandledPromptBehavior: , version: 70.0.3538.110, webStorageEnabled: true}
Session ID: 84adae1666ee874704f0ed7e382c6854)
	at com.kms.katalon.core.keyword.internal.KeywordMain.stepFailed(KeywordMain.groovy:32)
	at com.kms.katalon.core.webui.keyword.internal.WebUIKeywordMain.stepFailed(WebUIKeywordMain.groovy:65)
	at com.kms.katalon.core.webui.keyword.internal.WebUIKeywordMain.runKeyword(WebUIKeywordMain.groovy:27)
	at com.kms.katalon.core.webui.keyword.builtin.SetTextKeyword.setText(SetTextKeyword.groovy:65)
	at com.kms.katalon.core.webui.keyword.builtin.SetTextKeyword.execute(SetTextKeyword.groovy:37)
	at com.kms.katalon.core.keyword.internal.KeywordExecutor.executeKeywordForPlatform(KeywordExecutor.groovy:53)
	at com.kms.katalon.core.webui.keyword.WebUiBuiltInKeywords.setText(WebUiBuiltInKeywords.groovy:950)
	at com.kms.katalon.core.webui.keyword.WebUiBuiltInKeywords$setText$1.call(Unknown Source)
	at org.codehaus.groovy.runtime.callsite.CallSiteArray.defaultCall(CallSiteArray.java:48)
	at org.codehaus.groovy.runtime.callsite.AbstractCallSite.call(AbstractCallSite.java:113)
	at org.codehaus.groovy.runtime.callsite.AbstractCallSite.call(AbstractCallSite.java:133)
	at Script1535599386194.run(Script1535599386194.groovy:73)
	at com.kms.katalon.core.main.ScriptEngine.run(ScriptEngine.java:183)
	at com.kms.katalon.core.main.ScriptEngine.runScriptAsRawText(ScriptEngine.java:108)
	at com.kms.katalon.core.main.TestCaseExecutor.runScript(TestCaseExecutor.java:294)
	at com.kms.katalon.core.main.TestCaseExecutor.doExecute(TestCaseExecutor.java:285)
	at com.kms.katalon.core.main.TestCaseExecutor.processExecutionPhase(TestCaseExecutor.java:264)
	at com.kms.katalon.core.main.TestCaseExecutor.accessMainPhase(TestCaseExecutor.java:256)
	at com.kms.katalon.core.main.TestCaseExecutor.execute(TestCaseExecutor.java:200)
	at com.kms.katalon.core.main.TestSuiteExecutor.accessTestCaseMainPhase(TestSuiteExecutor.java:129)
	at com.kms.katalon.core.main.TestSuiteExecutor.accessTestSuiteMainPhase(TestSuiteExecutor.java:112)
	at com.kms.katalon.core.main.TestSuiteExecutor.execute(TestSuiteExecutor.java:81)
	at com.kms.katalon.core.main.TestCaseMain.startTestSuite(TestCaseMain.java:142)
	at com.kms.katalon.core.main.TestCaseMain$startTestSuite$0.call(Unknown Source)
	at org.codehaus.groovy.runtime.callsite.CallSiteArray.defaultCall(CallSiteArray.java:48)
	at org.codehaus.groovy.runtime.callsite.AbstractCallSite.call(AbstractCallSite.java:113)
	at org.codehaus.groovy.runtime.callsite.AbstractCallSite.call(AbstractCallSite.java:141)
	at TempTestSuite1544701631622.run(TempTestSuite1544701631622.groovy:36)
	at groovy.lang.GroovyShell.runScriptOrMainOrTestOrRunnable(GroovyShell.java:263)
	at groovy.lang.GroovyShell.run(GroovyShell.java:518)
	at groovy.lang.GroovyShell.run(GroovyShell.java:507)
	at groovy.ui.GroovyMain.processOnce(GroovyMain.java:653)
	at groovy.ui.GroovyMain.run(GroovyMain.java:384)
	at groovy.ui.GroovyMain.process(GroovyMain.java:370)
	at groovy.ui.GroovyMain.processArgs(GroovyMain.java:129)
	at groovy.ui.GroovyMain.main(GroovyMain.java:109)
	at sun.reflect.NativeMethodAccessorImpl.invoke0(Native Method)
	at sun.reflect.NativeMethodAccessorImpl.invoke(NativeMethodAccessorImpl.java:62)
	at sun.reflect.DelegatingMethodAccessorImpl.invoke(DelegatingMethodAccessorImpl.java:43)
	at java.lang.reflect.Method.invoke(Method.java:498)
	at org.codehaus.groovy.tools.GroovyStarter.rootLoader(GroovyStarter.java:109)
	at org.codehaus.groovy.tools.GroovyStarter.main(GroovyStarter.java:131)
)]]></system-out>
      <system-err><![CDATA[2018-12-13 23:08:19 - [TEST_SUITE][FAILED] - New Registration: Test Cases/Final Aug 2018 - PKS Automation/Registration Module/Workflow/New Registration/Case OTC to RO - Query - Submit FAILED because (of) (Stack trace: com.kms.katalon.core.exception.StepFailedException: Unable to set text 'CRN12201800123316' of object 'Object Repository/Final Object Repo/New Registration - Registration Module Pages/New Reg - OTC to RO/Special Case - All Related Objects/TextBox RefNo in Workbasket' (Root cause: org.openqa.selenium.ElementNotVisibleException: element not interactable
  (Session info: chrome=70.0.3538.110)
  (Driver info: chromedriver=2.43.600210 (68dcf5eebde37173d4027fa8635e332711d2874a),platform=Windows NT 6.1.7601 SP1 x86_64) (WARNING: The server did not provide any stacktrace information)
Command duration or timeout: 0 milliseconds
Build info: version: '3.7.1', revision: '8a0099a', time: '2017-11-06T21:07:36.161Z'
System info: host: 'WIN7TEST02', ip: '10.20.3.72', os.name: 'Windows 7', os.arch: 'amd64', os.version: '6.1', java.version: '1.8.0_181'
Driver info: com.kms.katalon.selenium.driver.CChromeDriver
Capabilities {acceptInsecureCerts: false, acceptSslCerts: false, applicationCacheEnabled: false, browserConnectionEnabled: false, browserName: chrome, chrome: {chromedriverVersion: 2.43.600210 (68dcf5eebde371..., userDataDir: C:\Users\Admin\AppData\Loca...}, cssSelectorsEnabled: true, databaseEnabled: false, goog:chromeOptions: {debuggerAddress: localhost:61863}, handlesAlerts: true, hasTouchScreen: false, javascriptEnabled: true, locationContextEnabled: true, mobileEmulationEnabled: false, nativeEvents: true, networkConnectionEnabled: false, pageLoadStrategy: normal, platform: XP, platformName: XP, rotatable: false, setWindowRect: true, takesHeapSnapshot: true, takesScreenshot: true, unexpectedAlertBehaviour: , unhandledPromptBehavior: , version: 70.0.3538.110, webStorageEnabled: true}
Session ID: 84adae1666ee874704f0ed7e382c6854)
	at com.kms.katalon.core.keyword.internal.KeywordMain.stepFailed(KeywordMain.groovy:32)
	at com.kms.katalon.core.webui.keyword.internal.WebUIKeywordMain.stepFailed(WebUIKeywordMain.groovy:65)
	at com.kms.katalon.core.webui.keyword.internal.WebUIKeywordMain.runKeyword(WebUIKeywordMain.groovy:27)
	at com.kms.katalon.core.webui.keyword.builtin.SetTextKeyword.setText(SetTextKeyword.groovy:65)
	at com.kms.katalon.core.webui.keyword.builtin.SetTextKeyword.execute(SetTextKeyword.groovy:37)
	at com.kms.katalon.core.keyword.internal.KeywordExecutor.executeKeywordForPlatform(KeywordExecutor.groovy:53)
	at com.kms.katalon.core.webui.keyword.WebUiBuiltInKeywords.setText(WebUiBuiltInKeywords.groovy:950)
	at com.kms.katalon.core.webui.keyword.WebUiBuiltInKeywords$setText$1.call(Unknown Source)
	at org.codehaus.groovy.runtime.callsite.CallSiteArray.defaultCall(CallSiteArray.java:48)
	at org.codehaus.groovy.runtime.callsite.AbstractCallSite.call(AbstractCallSite.java:113)
	at org.codehaus.groovy.runtime.callsite.AbstractCallSite.call(AbstractCallSite.java:133)
	at Script1535599386194.run(Script1535599386194.groovy:73)
	at com.kms.katalon.core.main.ScriptEngine.run(ScriptEngine.java:183)
	at com.kms.katalon.core.main.ScriptEngine.runScriptAsRawText(ScriptEngine.java:108)
	at com.kms.katalon.core.main.TestCaseExecutor.runScript(TestCaseExecutor.java:294)
	at com.kms.katalon.core.main.TestCaseExecutor.doExecute(TestCaseExecutor.java:285)
	at com.kms.katalon.core.main.TestCaseExecutor.processExecutionPhase(TestCaseExecutor.java:264)
	at com.kms.katalon.core.main.TestCaseExecutor.accessMainPhase(TestCaseExecutor.java:256)
	at com.kms.katalon.core.main.TestCaseExecutor.execute(TestCaseExecutor.java:200)
	at com.kms.katalon.core.main.TestSuiteExecutor.accessTestCaseMainPhase(TestSuiteExecutor.java:129)
	at com.kms.katalon.core.main.TestSuiteExecutor.accessTestSuiteMainPhase(TestSuiteExecutor.java:112)
	at com.kms.katalon.core.main.TestSuiteExecutor.execute(TestSuiteExecutor.java:81)
	at com.kms.katalon.core.main.TestCaseMain.startTestSuite(TestCaseMain.java:142)
	at com.kms.katalon.core.main.TestCaseMain$startTestSuite$0.call(Unknown Source)
	at org.codehaus.groovy.runtime.callsite.CallSiteArray.defaultCall(CallSiteArray.java:48)
	at org.codehaus.groovy.runtime.callsite.AbstractCallSite.call(AbstractCallSite.java:113)
	at org.codehaus.groovy.runtime.callsite.AbstractCallSite.call(AbstractCallSite.java:141)
	at TempTestSuite1544701631622.run(TempTestSuite1544701631622.groovy:36)
	at groovy.lang.GroovyShell.runScriptOrMainOrTestOrRunnable(GroovyShell.java:263)
	at groovy.lang.GroovyShell.run(GroovyShell.java:518)
	at groovy.lang.GroovyShell.run(GroovyShell.java:507)
	at groovy.ui.GroovyMain.processOnce(GroovyMain.java:653)
	at groovy.ui.GroovyMain.run(GroovyMain.java:384)
	at groovy.ui.GroovyMain.process(GroovyMain.java:370)
	at groovy.ui.GroovyMain.processArgs(GroovyMain.java:129)
	at groovy.ui.GroovyMain.main(GroovyMain.java:109)
	at sun.reflect.NativeMethodAccessorImpl.invoke0(Native Method)
	at sun.reflect.NativeMethodAccessorImpl.invoke(NativeMethodAccessorImpl.java:62)
	at sun.reflect.DelegatingMethodAccessorImpl.invoke(DelegatingMethodAccessorImpl.java:43)
	at java.lang.reflect.Method.invoke(Method.java:498)
	at org.codehaus.groovy.tools.GroovyStarter.rootLoader(GroovyStarter.java:109)
	at org.codehaus.groovy.tools.GroovyStarter.main(GroovyStarter.java:131)
)]]></system-err>
   </testsuite>
</testsuites>
