<?xml version="1.0" encoding="UTF-8"?>
<testsuites name="Form 1A - Cessation as Employer" time="4250" tests="12" failures="0" errors="0">
   <testsuite name="Form 1A - Cessation as Employer" tests="12" failures="0" errors="0" time="4250" timestamp="2018-12-13 10:30:56" hostname="Admin - Win7Test02" id="Test Suites/Workflow/Form 1A - Cessation as Employer">
      <properties>
         <property name="deviceName" value=""/>
         <property name="devicePlatform" value=""/>
         <property name="logFolder" value="C:\\Users\\Admin\\Desktop\\PKS\\Perkeso Phase A\\Reports\\Workflow\\Form 1A - Cessation as Employer\\20181213_103052"/>
         <property name="logFiles" value="C:\\Users\\Admin\\Desktop\\PKS\\Perkeso Phase A\\Reports\\Workflow\\Form 1A - Cessation as Employer\\20181213_103052\\execution0.log, C:\\Users\\Admin\\Desktop\\PKS\\Perkeso Phase A\\Reports\\Workflow\\Form 1A - Cessation as Employer\\20181213_103052\\execution1.log"/>
         <property name="attachments" value=""/>
         <property name="hostName" value="Admin - Win7Test02"/>
         <property name="os" value="Windows 7 64bit"/>
         <property name="katalonVersion" value="5.8.6.1"/>
         <property name="browser" value="Chrome 70.0.3538.110"/>
         <property name="hostAddress" value="10.20.3.72"/>
         <property name="sessionId" value="6562b69ecdf94a2d705475219ff0c1e9"/>
         <property name="seleniumVersion" value="3.7.1"/>
         <property name="proxyInformation" value="ProxyInformation{proxyOption=NO_PROXY, proxyServerType=HTTP, password=, proxyServerAddress=, proxyServerPort=0}"/>
         <property name="platform" value="Windows 7"/>
      </properties>
      <testcase name="Test Cases/Final Aug 2018 - PKS Automation/Registration Module/Workflow/Form 1A - Cessation As Employer/Employer to UO (Approve)" classname="Test Cases/Final Aug 2018 - PKS Automation/Registration Module/Workflow/Form 1A - Cessation As Employer/Employer to UO (Approve)" status="PASSED">
         <system-out><![CDATA[2018-12-13 10:30:57 - [TEST_CASE][PASSED] - Test Cases/Final Aug 2018 - PKS Automation/Registration Module/Workflow/Form 1A - Cessation As Employer/Employer to UO (Approve): Test Cases/Final Aug 2018 - PKS Automation/Registration Module/Workflow/Form 1A - Cessation As Employer/Employer to UO (Approve)

2018-12-13 10:30:57 - [TEST_STEP][PASSED] - callTestCase: Call Test Case 'Test Cases/Final Aug 2018 - PKS Automation/Registration Module/Workflow/Form 1A - Cessation As Employer/Template/Form 1 A - Cessation As Employer (Employer)' successfully

2018-12-13 10:30:57 - [TEST_CASE][PASSED] - Test Cases/Final Aug 2018 - PKS Automation/Registration Module/Workflow/Form 1A - Cessation As Employer/Template/Form 1 A - Cessation As Employer (Employer): Test Cases/Final Aug 2018 - PKS Automation/Registration Module/Workflow/Form 1A - Cessation As Employer/Template/Form 1 A - Cessation As Employer (Employer)

2018-12-13 10:30:58 - [TEST_STEP][PASSED] - callTestCase: Call Test Case 'Test Cases/Final Aug 2018 - PKS Automation/Registration Module/Workflow/Update Add New Employee/Template/New Company for Update Add New - Employer' successfully

2018-12-13 10:30:58 - [TEST_CASE][PASSED] - Test Cases/Final Aug 2018 - PKS Automation/Registration Module/Workflow/Update Add New Employee/Template/New Company for Update Add New - Employer: Test Cases/Final Aug 2018 - PKS Automation/Registration Module/Workflow/Update Add New Employee/Template/New Company for Update Add New - Employer

2018-12-13 10:30:58 - [TEST_STEP][PASSED] - callTestCase: Call Test Case 'Test Cases/Final Aug 2018 - PKS Automation/Create Employer Acc/Create Employer Account' successfully

2018-12-13 10:30:58 - [TEST_CASE][PASSED] - Test Cases/Final Aug 2018 - PKS Automation/Create Employer Acc/Create Employer Account: Test Cases/Final Aug 2018 - PKS Automation/Create Employer Acc/Create Employer Account

2018-12-13 10:30:58 - [TEST_STEP][PASSED] - callTestCase: Call Test Case 'Test Cases/Final Aug 2018 - PKS Automation/Create Employer Acc/Template/Register Employer' successfully

2018-12-13 10:30:59 - [TEST_CASE][PASSED] - Test Cases/Final Aug 2018 - PKS Automation/Create Employer Acc/Template/Register Employer: Test Cases/Final Aug 2018 - PKS Automation/Create Employer Acc/Template/Register Employer

2018-12-13 10:30:59 - [TEST_STEP][PASSED] - openBrowser: Browser is opened with url: ''

2018-12-13 10:31:04 - [MESSAGE][PASSED] - Browser is opened with url: ''

2018-12-13 10:31:04 - [TEST_STEP][PASSED] - navigateToUrl: Navigate to 'https://assist2-uat.perkeso.gov.my/login' successfully

2018-12-13 10:31:05 - [MESSAGE][PASSED] - Navigate to 'https://assist2-uat.perkeso.gov.my/login' successfully

2018-12-13 10:31:05 - [TEST_STEP][PASSED] - setText: Text 'johorotc1@gmail.com' is set on object 'Object Repository/Final Object Repo/Login Page/Internal User/Email Address'

2018-12-13 10:31:06 - [MESSAGE][PASSED] - Text 'johorotc1@gmail.com' is set on object 'Object Repository/Final Object Repo/Login Page/Internal User/Email Address'

2018-12-13 10:31:06 - [TEST_STEP][PASSED] - click: Object: 'Object Repository/Final Object Repo/Login Page/Internal User/Next Button' is clicked on

2018-12-13 10:31:06 - [MESSAGE][PASSED] - Object: 'Object Repository/Final Object Repo/Login Page/Internal User/Next Button' is clicked on

2018-12-13 10:31:06 - [TEST_STEP][PASSED] - delay: Delayed 1 second(s)

2018-12-13 10:31:07 - [MESSAGE][PASSED] - Delayed 1 second(s)

2018-12-13 10:31:07 - [TEST_STEP][PASSED] - setEncryptedText: Text ****** has been set on object 'Object Repository/Final Object Repo/Login Page/Internal User/Password'

2018-12-13 10:31:08 - [MESSAGE][PASSED] - Text ****** has been set on object 'Object Repository/Final Object Repo/Login Page/Internal User/Password'

2018-12-13 10:31:08 - [TEST_STEP][PASSED] - click: Object: 'Object Repository/Final Object Repo/Login Page/Internal User/Login Button' is clicked on

2018-12-13 10:31:08 - [MESSAGE][PASSED] - Object: 'Object Repository/Final Object Repo/Login Page/Internal User/Login Button' is clicked on

2018-12-13 10:31:08 - [TEST_STEP][PASSED] - delay: Delayed 1 second(s)

2018-12-13 10:31:09 - [MESSAGE][PASSED] - Delayed 1 second(s)

2018-12-13 10:31:09 - [TEST_STEP][PASSED] - navigateToUrl: Navigate to 'https://assist2-uat.perkeso.gov.my/web/base/portal-id/registration' successfully

2018-12-13 10:31:12 - [MESSAGE][PASSED] - Navigate to 'https://assist2-uat.perkeso.gov.my/web/base/portal-id/registration' successfully

2018-12-13 10:31:12 - [TEST_STEP][PASSED] - setText: Text 'AUTOMATION EMPLOYER' is set on object 'Object Repository/Final Object Repo/Creating Employer Account/Page_Registration - ASSIST (Base)/Employer Name'

2018-12-13 10:31:13 - [MESSAGE][PASSED] - Text 'AUTOMATION EMPLOYER' is set on object 'Object Repository/Final Object Repo/Creating Employer Account/Page_Registration - ASSIST (Base)/Employer Name'

2018-12-13 10:31:13 - [TEST_STEP][PASSED] - delay: Delayed 2 second(s)

2018-12-13 10:31:15 - [MESSAGE][PASSED] - Delayed 2 second(s)

2018-12-13 10:31:15 - [TEST_STEP][PASSED] - click: Object: 'Object Repository/Final Object Repo/Creating Employer Account/Page_Registration - ASSIST (Base)/Registration Type' is clicked on

2018-12-13 10:31:15 - [MESSAGE][PASSED] - Object: 'Object Repository/Final Object Repo/Creating Employer Account/Page_Registration - ASSIST (Base)/Registration Type' is clicked on

2018-12-13 10:31:15 - [TEST_STEP][PASSED] - delay: Delayed 2 second(s)

2018-12-13 10:31:17 - [MESSAGE][PASSED] - Delayed 2 second(s)

2018-12-13 10:31:17 - [TEST_STEP][PASSED] - click: Object: 'Object Repository/Final Object Repo/Creating Employer Account/Page_Registration - ASSIST (Base)/Registration Type - Registration No' is clicked on

2018-12-13 10:31:17 - [MESSAGE][PASSED] - Object: 'Object Repository/Final Object Repo/Creating Employer Account/Page_Registration - ASSIST (Base)/Registration Type - Registration No' is clicked on

2018-12-13 10:31:17 - [TEST_STEP][PASSED] - delay: Delayed 2 second(s)

2018-12-13 10:31:19 - [MESSAGE][PASSED] - Delayed 2 second(s)

2018-12-13 10:31:19 - [TEST_STEP][PASSED] - setText: Text 'AUTOMATE001' is set on object 'Object Repository/Final Object Repo/Creating Employer Account/Page_Registration - ASSIST (Base)/Registration Number'

2018-12-13 10:31:20 - [MESSAGE][PASSED] - Text 'AUTOMATE001' is set on object 'Object Repository/Final Object Repo/Creating Employer Account/Page_Registration - ASSIST (Base)/Registration Number'

2018-12-13 10:31:20 - [TEST_STEP][PASSED] - delay: Delayed 2 second(s)

2018-12-13 10:31:22 - [MESSAGE][PASSED] - Delayed 2 second(s)

2018-12-13 10:31:22 - [TEST_STEP][PASSED] - setText: Text 'ADDRESS 1' is set on object 'Object Repository/Final Object Repo/Creating Employer Account/Page_Registration - ASSIST (Base)/Postal Address 1'

2018-12-13 10:31:22 - [MESSAGE][PASSED] - Text 'ADDRESS 1' is set on object 'Object Repository/Final Object Repo/Creating Employer Account/Page_Registration - ASSIST (Base)/Postal Address 1'

2018-12-13 10:31:22 - [TEST_STEP][PASSED] - setText: Text 'ADDRESS 2' is set on object 'Object Repository/Final Object Repo/Creating Employer Account/Page_Registration - ASSIST (Base)/Postal Address 2'

2018-12-13 10:31:22 - [MESSAGE][PASSED] - Text 'ADDRESS 2' is set on object 'Object Repository/Final Object Repo/Creating Employer Account/Page_Registration - ASSIST (Base)/Postal Address 2'

2018-12-13 10:31:22 - [TEST_STEP][PASSED] - click: Object: 'Object Repository/Final Object Repo/Creating Employer Account/Page_Registration - ASSIST (Base)/State' is clicked on

2018-12-13 10:31:23 - [MESSAGE][PASSED] - Object: 'Object Repository/Final Object Repo/Creating Employer Account/Page_Registration - ASSIST (Base)/State' is clicked on

2018-12-13 10:31:23 - [TEST_STEP][PASSED] - delay: Delayed 2 second(s)

2018-12-13 10:31:25 - [MESSAGE][PASSED] - Delayed 2 second(s)

2018-12-13 10:31:25 - [TEST_STEP][PASSED] - click: Object: 'Object Repository/Final Object Repo/Creating Employer Account/Page_Registration - ASSIST (Base)/State - Johor' is clicked on

2018-12-13 10:31:25 - [MESSAGE][PASSED] - Object: 'Object Repository/Final Object Repo/Creating Employer Account/Page_Registration - ASSIST (Base)/State - Johor' is clicked on

2018-12-13 10:31:25 - [TEST_STEP][PASSED] - delay: Delayed 2 second(s)

2018-12-13 10:31:27 - [MESSAGE][PASSED] - Delayed 2 second(s)

2018-12-13 10:31:27 - [TEST_STEP][PASSED] - click: Object: 'Object Repository/Final Object Repo/Creating Employer Account/Page_Registration - ASSIST (Base)/City' is clicked on

2018-12-13 10:31:27 - [MESSAGE][PASSED] - Object: 'Object Repository/Final Object Repo/Creating Employer Account/Page_Registration - ASSIST (Base)/City' is clicked on

2018-12-13 10:31:27 - [TEST_STEP][PASSED] - delay: Delayed 2 second(s)

2018-12-13 10:31:29 - [MESSAGE][PASSED] - Delayed 2 second(s)

2018-12-13 10:31:29 - [TEST_STEP][PASSED] - setText: Text 'joh' is set on object 'Object Repository/Final Object Repo/Creating Employer Account/Page_Registration - ASSIST (Base)/City - joh'

2018-12-13 10:31:29 - [MESSAGE][PASSED] - Text 'joh' is set on object 'Object Repository/Final Object Repo/Creating Employer Account/Page_Registration - ASSIST (Base)/City - joh'

2018-12-13 10:31:29 - [TEST_STEP][PASSED] - delay: Delayed 2 second(s)

2018-12-13 10:31:31 - [MESSAGE][PASSED] - Delayed 2 second(s)

2018-12-13 10:31:31 - [TEST_STEP][PASSED] - click: Object: 'Object Repository/Final Object Repo/Creating Employer Account/Page_Registration - ASSIST (Base)/City - Johor Bharu' is clicked on

2018-12-13 10:31:32 - [MESSAGE][PASSED] - Object: 'Object Repository/Final Object Repo/Creating Employer Account/Page_Registration - ASSIST (Base)/City - Johor Bharu' is clicked on

2018-12-13 10:31:32 - [TEST_STEP][PASSED] - delay: Delayed 2 second(s)

2018-12-13 10:31:34 - [MESSAGE][PASSED] - Delayed 2 second(s)

2018-12-13 10:31:34 - [TEST_STEP][PASSED] - click: Object: 'Object Repository/Final Object Repo/Creating Employer Account/Page_Registration - ASSIST (Base)/Post Code' is clicked on

2018-12-13 10:31:34 - [MESSAGE][PASSED] - Object: 'Object Repository/Final Object Repo/Creating Employer Account/Page_Registration - ASSIST (Base)/Post Code' is clicked on

2018-12-13 10:31:34 - [TEST_STEP][PASSED] - delay: Delayed 2 second(s)

2018-12-13 10:31:36 - [MESSAGE][PASSED] - Delayed 2 second(s)

2018-12-13 10:31:36 - [TEST_STEP][PASSED] - setText: Text '810' is set on object 'Object Repository/Final Object Repo/Creating Employer Account/Page_Registration - ASSIST (Base)/Post Code - 810'

2018-12-13 10:31:36 - [MESSAGE][PASSED] - Text '810' is set on object 'Object Repository/Final Object Repo/Creating Employer Account/Page_Registration - ASSIST (Base)/Post Code - 810'

2018-12-13 10:31:36 - [TEST_STEP][PASSED] - delay: Delayed 2 second(s)

2018-12-13 10:31:38 - [MESSAGE][PASSED] - Delayed 2 second(s)

2018-12-13 10:31:38 - [TEST_STEP][PASSED] - click: Object: 'Object Repository/Final Object Repo/Creating Employer Account/Page_Registration - ASSIST (Base)/Post Code - 81000' is clicked on

2018-12-13 10:31:38 - [MESSAGE][PASSED] - Object: 'Object Repository/Final Object Repo/Creating Employer Account/Page_Registration - ASSIST (Base)/Post Code - 81000' is clicked on

2018-12-13 10:31:38 - [TEST_STEP][PASSED] - delay: Delayed 2 second(s)

2018-12-13 10:31:40 - [MESSAGE][PASSED] - Delayed 2 second(s)

2018-12-13 10:31:40 - [TEST_STEP][PASSED] - setText: Text 'PERKESO' is set on object 'Object Repository/Final Object Repo/Creating Employer Account/Page_Registration - ASSIST (Base)/Full Name'

2018-12-13 10:31:40 - [MESSAGE][PASSED] - Text 'PERKESO' is set on object 'Object Repository/Final Object Repo/Creating Employer Account/Page_Registration - ASSIST (Base)/Full Name'

2018-12-13 10:31:40 - [TEST_STEP][PASSED] - Statement - rnd = new java.util.Random(): null

2018-12-13 10:31:40 - [TEST_STEP][PASSED] - Statement - snum = rnd.nextInt(899999 + 1) + 100000: null

2018-12-13 10:31:40 - [TEST_STEP][PASSED] - Statement - tnum = rnd.nextInt(899999 + 1) + 100000: null

2018-12-13 10:31:40 - [TEST_STEP][PASSED] - Statement - IC = java.lang.Integer.toString(snum) + java.lang.Integer.toString(tnum): null

2018-12-13 10:31:40 - [TEST_STEP][PASSED] - Statement - out.println(IC): null

2018-12-13 10:31:41 - [TEST_STEP][PASSED] - setText: Text '872063533867' is set on object 'Object Repository/Final Object Repo/Creating Employer Account/Page_Registration - ASSIST (Base)/Identification Number'

2018-12-13 10:31:41 - [MESSAGE][PASSED] - Text '872063533867' is set on object 'Object Repository/Final Object Repo/Creating Employer Account/Page_Registration - ASSIST (Base)/Identification Number'

2018-12-13 10:31:41 - [TEST_STEP][PASSED] - delay: Delayed 2 second(s)

2018-12-13 10:31:43 - [MESSAGE][PASSED] - Delayed 2 second(s)

2018-12-13 10:31:43 - [TEST_STEP][PASSED] - setText: Text '123456789012' is set on object 'Object Repository/Final Object Repo/Creating Employer Account/Page_Registration - ASSIST (Base)/Contact Number'

2018-12-13 10:31:43 - [MESSAGE][PASSED] - Text '123456789012' is set on object 'Object Repository/Final Object Repo/Creating Employer Account/Page_Registration - ASSIST (Base)/Contact Number'

2018-12-13 10:31:43 - [TEST_STEP][PASSED] - Statement - Email = "perkeso" + IC + "@gmail.com": null

2018-12-13 10:31:43 - [TEST_STEP][PASSED] - delay: Delayed 2 second(s)

2018-12-13 10:31:45 - [MESSAGE][PASSED] - Delayed 2 second(s)

2018-12-13 10:31:45 - [TEST_STEP][PASSED] - callTestCase: Call Test Case 'Test Cases/Final Aug 2018 - PKS Automation/Create Employer Acc/Template/Employer Email Settler' successfully

2018-12-13 10:31:45 - [TEST_CASE][PASSED] - Test Cases/Final Aug 2018 - PKS Automation/Create Employer Acc/Template/Employer Email Settler: Test Cases/Final Aug 2018 - PKS Automation/Create Employer Acc/Template/Employer Email Settler

2018-12-13 10:31:46 - [TEST_STEP][PASSED] - Statement - EmpEmailOld = new java.io.File(C://Users//Admin//Desktop//PKS//Automation Reference Point//EmpEmail.txt): null

2018-12-13 10:31:46 - [TEST_STEP][PASSED] - Statement - EmpEmailOld.delete(): null

2018-12-13 10:31:46 - [TEST_STEP][PASSED] - delay: Delayed 5 second(s)

2018-12-13 10:31:51 - [MESSAGE][PASSED] - Delayed 5 second(s)

2018-12-13 10:31:51 - [TEST_STEP][PASSED] - Statement - EmpEmail = new java.io.File(C://Users//Admin//Desktop//PKS//Automation Reference Point//EmpEmail.txt): null

2018-12-13 10:31:51 - [TEST_STEP][PASSED] - Statement - f2 = new java.io.FileWriter(EmpEmail, false): null

2018-12-13 10:31:51 - [TEST_STEP][PASSED] - Statement - f2.write(Email): null

2018-12-13 10:31:51 - [TEST_STEP][PASSED] - Statement - f2.close(): null

2018-12-13 10:31:51 - [TEST_STEP][PASSED] - Statement - out.println(Email): null

2018-12-13 10:31:51 - [MESSAGE][PASSED] - Call Test Case 'Test Cases/Final Aug 2018 - PKS Automation/Create Employer Acc/Template/Employer Email Settler' successfully

2018-12-13 10:31:51 - [TEST_STEP][PASSED] - delay: Delayed 2 second(s)

2018-12-13 10:31:53 - [MESSAGE][PASSED] - Delayed 2 second(s)

2018-12-13 10:31:53 - [TEST_STEP][PASSED] - setText: Text 'perkeso872063533867@gmail.com' is set on object 'Object Repository/Final Object Repo/Creating Employer Account/Page_Registration - ASSIST (Base)/Email'

2018-12-13 10:31:53 - [MESSAGE][PASSED] - Text 'perkeso872063533867@gmail.com' is set on object 'Object Repository/Final Object Repo/Creating Employer Account/Page_Registration - ASSIST (Base)/Email'

2018-12-13 10:31:53 - [TEST_STEP][PASSED] - setText: Text '123' is set on object 'Object Repository/Final Object Repo/Creating Employer Account/Page_Registration - ASSIST (Base)/Security Phase'

2018-12-13 10:31:54 - [MESSAGE][PASSED] - Text '123' is set on object 'Object Repository/Final Object Repo/Creating Employer Account/Page_Registration - ASSIST (Base)/Security Phase'

2018-12-13 10:31:54 - [TEST_STEP][PASSED] - click: Object: 'Object Repository/Final Object Repo/Creating Employer Account/Page_Registration - ASSIST (Base)/Save  Continue' is clicked on

2018-12-13 10:31:54 - [MESSAGE][PASSED] - Object: 'Object Repository/Final Object Repo/Creating Employer Account/Page_Registration - ASSIST (Base)/Save  Continue' is clicked on

2018-12-13 10:31:54 - [TEST_STEP][PASSED] - delay: Delayed 2 second(s)

2018-12-13 10:31:56 - [MESSAGE][PASSED] - Delayed 2 second(s)

2018-12-13 10:31:56 - [TEST_STEP][PASSED] - click: Object: 'Object Repository/Final Object Repo/Creating Employer Account/Page_Registration - ASSIST (Base)/Add Document' is clicked on

2018-12-13 10:31:56 - [MESSAGE][PASSED] - Object: 'Object Repository/Final Object Repo/Creating Employer Account/Page_Registration - ASSIST (Base)/Add Document' is clicked on

2018-12-13 10:31:56 - [TEST_STEP][PASSED] - delay: Delayed 2 second(s)

2018-12-13 10:31:58 - [MESSAGE][PASSED] - Delayed 2 second(s)

2018-12-13 10:31:58 - [TEST_STEP][PASSED] - click: Object: 'Object Repository/Final Object Repo/Creating Employer Account/Page_Registration - ASSIST (Base)/Document Type' is clicked on

2018-12-13 10:31:58 - [MESSAGE][PASSED] - Object: 'Object Repository/Final Object Repo/Creating Employer Account/Page_Registration - ASSIST (Base)/Document Type' is clicked on

2018-12-13 10:31:58 - [TEST_STEP][PASSED] - delay: Delayed 2 second(s)

2018-12-13 10:32:00 - [MESSAGE][PASSED] - Delayed 2 second(s)

2018-12-13 10:32:00 - [TEST_STEP][PASSED] - click: Object: 'Object Repository/Final Object Repo/Creating Employer Account/Page_Registration - ASSIST (Base)/Document Type - Letter of Authorization' is clicked on

2018-12-13 10:32:00 - [MESSAGE][PASSED] - Object: 'Object Repository/Final Object Repo/Creating Employer Account/Page_Registration - ASSIST (Base)/Document Type - Letter of Authorization' is clicked on

2018-12-13 10:32:00 - [TEST_STEP][PASSED] - delay: Delayed 2 second(s)

2018-12-13 10:32:02 - [MESSAGE][PASSED] - Delayed 2 second(s)

2018-12-13 10:32:02 - [TEST_STEP][PASSED] - sendKeys: Keys 'C:\Users\Public\Pictures\Sample Pictures\Koala.jpg' sent to object: 'Object Repository/Final Object Repo/Creating Employer Account/Page_Registration - ASSIST (Base)/Uploading File'

2018-12-13 10:32:02 - [MESSAGE][PASSED] - Keys 'C:\Users\Public\Pictures\Sample Pictures\Koala.jpg' sent to object: 'Object Repository/Final Object Repo/Creating Employer Account/Page_Registration - ASSIST (Base)/Uploading File'

2018-12-13 10:32:02 - [TEST_STEP][PASSED] - delay: Delayed 2 second(s)

2018-12-13 10:32:04 - [MESSAGE][PASSED] - Delayed 2 second(s)

2018-12-13 10:32:04 - [TEST_STEP][PASSED] - click: Object: 'Object Repository/Final Object Repo/Creating Employer Account/Page_Registration - ASSIST (Base)/Add Document in Uploading File' is clicked on

2018-12-13 10:32:05 - [MESSAGE][PASSED] - Object: 'Object Repository/Final Object Repo/Creating Employer Account/Page_Registration - ASSIST (Base)/Add Document in Uploading File' is clicked on

2018-12-13 10:32:05 - [TEST_STEP][PASSED] - delay: Delayed 2 second(s)

2018-12-13 10:32:07 - [MESSAGE][PASSED] - Delayed 2 second(s)

2018-12-13 10:32:07 - [TEST_STEP][PASSED] - click: Object: 'Object Repository/Final Object Repo/Creating Employer Account/Page_Registration - ASSIST (Base)/Save' is clicked on

2018-12-13 10:32:07 - [MESSAGE][PASSED] - Object: 'Object Repository/Final Object Repo/Creating Employer Account/Page_Registration - ASSIST (Base)/Save' is clicked on

2018-12-13 10:32:07 - [TEST_STEP][PASSED] - delay: Delayed 2 second(s)

2018-12-13 10:32:09 - [MESSAGE][PASSED] - Delayed 2 second(s)

2018-12-13 10:32:09 - [TEST_STEP][PASSED] - click: Object: 'Object Repository/Final Object Repo/Creating Employer Account/Page_Registration - ASSIST (Base)/Submit' is clicked on

2018-12-13 10:32:09 - [MESSAGE][PASSED] - Object: 'Object Repository/Final Object Repo/Creating Employer Account/Page_Registration - ASSIST (Base)/Submit' is clicked on

2018-12-13 10:32:09 - [TEST_STEP][PASSED] - delay: Delayed 2 second(s)

2018-12-13 10:32:11 - [MESSAGE][PASSED] - Delayed 2 second(s)

2018-12-13 10:32:11 - [TEST_STEP][PASSED] - click: Object: 'Object Repository/Final Object Repo/Creating Employer Account/Page_Registration - ASSIST (Base)/Confirm' is clicked on

2018-12-13 10:32:11 - [MESSAGE][PASSED] - Object: 'Object Repository/Final Object Repo/Creating Employer Account/Page_Registration - ASSIST (Base)/Confirm' is clicked on

2018-12-13 10:32:11 - [MESSAGE][PASSED] - Call Test Case 'Test Cases/Final Aug 2018 - PKS Automation/Create Employer Acc/Template/Register Employer' successfully

2018-12-13 10:32:11 - [TEST_STEP][PASSED] - delay: Delayed 1 second(s)

2018-12-13 10:32:12 - [MESSAGE][PASSED] - Delayed 1 second(s)

2018-12-13 10:32:12 - [TEST_STEP][PASSED] - navigateToUrl: Navigate to 'https://assist2-uat.perkeso.gov.my/c/portal/logout' successfully

2018-12-13 10:32:14 - [MESSAGE][PASSED] - Navigate to 'https://assist2-uat.perkeso.gov.my/c/portal/logout' successfully

2018-12-13 10:32:14 - [TEST_STEP][PASSED] - delay: Delayed 1 second(s)

2018-12-13 10:32:15 - [MESSAGE][PASSED] - Delayed 1 second(s)

2018-12-13 10:32:15 - [TEST_STEP][PASSED] - callTestCase: Call Test Case 'Test Cases/Final Aug 2018 - PKS Automation/Create Employer Acc/Template/Change Password of Employer' successfully

2018-12-13 10:32:15 - [TEST_CASE][PASSED] - Test Cases/Final Aug 2018 - PKS Automation/Create Employer Acc/Template/Change Password of Employer: Test Cases/Final Aug 2018 - PKS Automation/Create Employer Acc/Template/Change Password of Employer

2018-12-13 10:32:15 - [TEST_STEP][PASSED] - openBrowser: Browser is opened with url: ''

2018-12-13 10:32:15 - [MESSAGE][WARNING] - A browser is already opened. Closing browser and opening a new one

2018-12-13 10:32:18 - [MESSAGE][PASSED] - Browser is opened with url: ''

2018-12-13 10:32:18 - [TEST_STEP][PASSED] - navigateToUrl: Navigate to 'https://assist2-uat.perkeso.gov.my/login' successfully

2018-12-13 10:32:19 - [MESSAGE][PASSED] - Navigate to 'https://assist2-uat.perkeso.gov.my/login' successfully

2018-12-13 10:32:19 - [TEST_STEP][PASSED] - delay: Delayed 5 second(s)

2018-12-13 10:32:24 - [MESSAGE][PASSED] - Delayed 5 second(s)

2018-12-13 10:32:24 - [TEST_STEP][PASSED] - setText: Text 'test@liferay.com' is set on object 'Object Repository/Final Object Repo/Login Page/Internal User/Email Address'

2018-12-13 10:32:25 - [MESSAGE][PASSED] - Text 'test@liferay.com' is set on object 'Object Repository/Final Object Repo/Login Page/Internal User/Email Address'

2018-12-13 10:32:25 - [TEST_STEP][PASSED] - click: Object: 'Object Repository/Final Object Repo/Login Page/Internal User/Next Button' is clicked on

2018-12-13 10:32:25 - [MESSAGE][PASSED] - Object: 'Object Repository/Final Object Repo/Login Page/Internal User/Next Button' is clicked on

2018-12-13 10:32:25 - [TEST_STEP][PASSED] - delay: Delayed 2 second(s)

2018-12-13 10:32:27 - [MESSAGE][PASSED] - Delayed 2 second(s)

2018-12-13 10:32:27 - [TEST_STEP][PASSED] - setText: Text 'test' is set on object 'Object Repository/Final Object Repo/Login Page/Internal User/Password'

2018-12-13 10:32:27 - [MESSAGE][PASSED] - Text 'test' is set on object 'Object Repository/Final Object Repo/Login Page/Internal User/Password'

2018-12-13 10:32:27 - [TEST_STEP][PASSED] - delay: Delayed 2 second(s)

2018-12-13 10:32:29 - [MESSAGE][PASSED] - Delayed 2 second(s)

2018-12-13 10:32:29 - [TEST_STEP][PASSED] - click: Object: 'Object Repository/Final Object Repo/Login Page/Internal User/Login Button' is clicked on

2018-12-13 10:32:29 - [MESSAGE][PASSED] - Object: 'Object Repository/Final Object Repo/Login Page/Internal User/Login Button' is clicked on

2018-12-13 10:32:29 - [TEST_STEP][PASSED] - delay: Delayed 3 second(s)

2018-12-13 10:32:32 - [MESSAGE][PASSED] - Delayed 3 second(s)

2018-12-13 10:32:32 - [TEST_STEP][PASSED] - navigateToUrl: Navigate to 'https://assist2-uat.perkeso.gov.my/group/control_panel/manage?p_p_id=125&p_p_lifecycle=0&p_p_state=maximized&p_p_mode=view&refererPlid=20455&_125_usersListView=flat-users&_125_toolbarItem=view-all-users&_125_saveUsersListView=true&_125_struts_action=%2Fusers_admin%2Fview' successfully

2018-12-13 10:32:34 - [MESSAGE][PASSED] - Navigate to 'https://assist2-uat.perkeso.gov.my/group/control_panel/manage?p_p_id=125&p_p_lifecycle=0&p_p_state=maximized&p_p_mode=view&refererPlid=20455&_125_usersListView=flat-users&_125_toolbarItem=view-all-users&_125_saveUsersListView=true&_125_struts_action=%2Fusers_admin%2Fview' successfully

2018-12-13 10:32:34 - [TEST_STEP][PASSED] - delay: Delayed 3 second(s)

2018-12-13 10:32:37 - [MESSAGE][PASSED] - Delayed 3 second(s)

2018-12-13 10:32:37 - [TEST_STEP][PASSED] - setText: Text 'perkeso872063533867@gmail.com' is set on object 'Object Repository/Final Object Repo/Creating Employer Account/Page_Users and Organizations - ASSIST/Employer name'

2018-12-13 10:32:38 - [MESSAGE][PASSED] - Text 'perkeso872063533867@gmail.com' is set on object 'Object Repository/Final Object Repo/Creating Employer Account/Page_Users and Organizations - ASSIST/Employer name'

2018-12-13 10:32:38 - [TEST_STEP][PASSED] - delay: Delayed 3 second(s)

2018-12-13 10:32:41 - [MESSAGE][PASSED] - Delayed 3 second(s)

2018-12-13 10:32:41 - [TEST_STEP][PASSED] - click: Object: 'Object Repository/Final Object Repo/Creating Employer Account/Page_Users and Organizations - ASSIST/Search' is clicked on

2018-12-13 10:32:41 - [MESSAGE][PASSED] - Object: 'Object Repository/Final Object Repo/Creating Employer Account/Page_Users and Organizations - ASSIST/Search' is clicked on

2018-12-13 10:32:41 - [TEST_STEP][PASSED] - delay: Delayed 3 second(s)

2018-12-13 10:32:44 - [MESSAGE][PASSED] - Delayed 3 second(s)

2018-12-13 10:32:44 - [TEST_STEP][PASSED] - click: Object: 'Object Repository/Final Object Repo/Creating Employer Account/Page_Users and Organizations - ASSIST/Action' is clicked on

2018-12-13 10:32:44 - [MESSAGE][PASSED] - Object: 'Object Repository/Final Object Repo/Creating Employer Account/Page_Users and Organizations - ASSIST/Action' is clicked on

2018-12-13 10:32:44 - [TEST_STEP][PASSED] - delay: Delayed 3 second(s)

2018-12-13 10:32:47 - [MESSAGE][PASSED] - Delayed 3 second(s)

2018-12-13 10:32:47 - [TEST_STEP][PASSED] - click: Object: 'Object Repository/Final Object Repo/Creating Employer Account/Page_Users and Organizations - ASSIST/Edit' is clicked on

2018-12-13 10:32:49 - [MESSAGE][PASSED] - Object: 'Object Repository/Final Object Repo/Creating Employer Account/Page_Users and Organizations - ASSIST/Edit' is clicked on

2018-12-13 10:32:49 - [TEST_STEP][PASSED] - delay: Delayed 3 second(s)

2018-12-13 10:32:52 - [MESSAGE][PASSED] - Delayed 3 second(s)

2018-12-13 10:32:52 - [TEST_STEP][PASSED] - click: Object: 'Object Repository/Final Object Repo/Creating Employer Account/Page_PERKESO - Users and Organizati/a_Password (Modified)' is clicked on

2018-12-13 10:32:52 - [MESSAGE][PASSED] - Object: 'Object Repository/Final Object Repo/Creating Employer Account/Page_PERKESO - Users and Organizati/a_Password (Modified)' is clicked on

2018-12-13 10:32:52 - [TEST_STEP][PASSED] - delay: Delayed 3 second(s)

2018-12-13 10:32:55 - [MESSAGE][PASSED] - Delayed 3 second(s)

2018-12-13 10:32:55 - [TEST_STEP][PASSED] - setEncryptedText: Text ****** has been set on object 'Object Repository/Final Object Repo/Creating Employer Account/Page_PERKESO - Users and Organizati/input__125_password1'

2018-12-13 10:32:55 - [MESSAGE][PASSED] - Text ****** has been set on object 'Object Repository/Final Object Repo/Creating Employer Account/Page_PERKESO - Users and Organizati/input__125_password1'

2018-12-13 10:32:55 - [TEST_STEP][PASSED] - delay: Delayed 3 second(s)

2018-12-13 10:32:58 - [MESSAGE][PASSED] - Delayed 3 second(s)

2018-12-13 10:32:58 - [TEST_STEP][PASSED] - setEncryptedText: Text ****** has been set on object 'Object Repository/Final Object Repo/Creating Employer Account/Page_PERKESO - Users and Organizati/input__125_password2'

2018-12-13 10:32:59 - [MESSAGE][PASSED] - Text ****** has been set on object 'Object Repository/Final Object Repo/Creating Employer Account/Page_PERKESO - Users and Organizati/input__125_password2'

2018-12-13 10:32:59 - [TEST_STEP][PASSED] - delay: Delayed 3 second(s)

2018-12-13 10:33:02 - [MESSAGE][PASSED] - Delayed 3 second(s)

2018-12-13 10:33:02 - [TEST_STEP][PASSED] - click: Object: 'Object Repository/Final Object Repo/Creating Employer Account/Page_PERKESO - Users and Organizati/Save' is clicked on

2018-12-13 10:33:03 - [MESSAGE][PASSED] - Object: 'Object Repository/Final Object Repo/Creating Employer Account/Page_PERKESO - Users and Organizati/Save' is clicked on

2018-12-13 10:33:03 - [MESSAGE][PASSED] - Call Test Case 'Test Cases/Final Aug 2018 - PKS Automation/Create Employer Acc/Template/Change Password of Employer' successfully

2018-12-13 10:33:03 - [TEST_STEP][PASSED] - delay: Delayed 1 second(s)

2018-12-13 10:33:04 - [MESSAGE][PASSED] - Delayed 1 second(s)

2018-12-13 10:33:04 - [TEST_STEP][PASSED] - navigateToUrl: Navigate to 'https://assist2-uat.perkeso.gov.my/c/portal/logout' successfully

2018-12-13 10:33:05 - [MESSAGE][PASSED] - Navigate to 'https://assist2-uat.perkeso.gov.my/c/portal/logout' successfully

2018-12-13 10:33:05 - [TEST_STEP][PASSED] - delay: Delayed 1 second(s)

2018-12-13 10:33:06 - [MESSAGE][PASSED] - Delayed 1 second(s)

2018-12-13 10:33:06 - [TEST_STEP][PASSED] - callTestCase: Call Test Case 'Test Cases/Final Aug 2018 - PKS Automation/Create Employer Acc/Template/Login to Employer Account (First Time)' successfully

2018-12-13 10:33:06 - [TEST_CASE][PASSED] - Test Cases/Final Aug 2018 - PKS Automation/Create Employer Acc/Template/Login to Employer Account (First Time): Test Cases/Final Aug 2018 - PKS Automation/Create Employer Acc/Template/Login to Employer Account (First Time)

2018-12-13 10:33:07 - [TEST_STEP][PASSED] - openBrowser: Browser is opened with url: ''

2018-12-13 10:33:07 - [MESSAGE][WARNING] - A browser is already opened. Closing browser and opening a new one

2018-12-13 10:33:10 - [MESSAGE][PASSED] - Browser is opened with url: ''

2018-12-13 10:33:10 - [TEST_STEP][PASSED] - navigateToUrl: Navigate to 'https://assist2-uat.perkeso.gov.my/employer/login' successfully

2018-12-13 10:33:11 - [MESSAGE][PASSED] - Navigate to 'https://assist2-uat.perkeso.gov.my/employer/login' successfully

2018-12-13 10:33:11 - [TEST_STEP][PASSED] - delay: Delayed 3 second(s)

2018-12-13 10:33:14 - [MESSAGE][PASSED] - Delayed 3 second(s)

2018-12-13 10:33:14 - [TEST_STEP][PASSED] - callTestCase: Call Test Case 'Test Cases/Final Aug 2018 - PKS Automation/Create Employer Acc/Template/Employer Email Getter' successfully

2018-12-13 10:33:14 - [TEST_CASE][PASSED] - Test Cases/Final Aug 2018 - PKS Automation/Create Employer Acc/Template/Employer Email Getter: Test Cases/Final Aug 2018 - PKS Automation/Create Employer Acc/Template/Employer Email Getter

2018-12-13 10:33:14 - [TEST_STEP][PASSED] - Statement - Try: null

2018-12-13 10:33:14 - [TEST_STEP][PASSED] - Statement - EmpEmail = new java.io.File(C://Users//Admin//Desktop//PKS//Automation Reference Point//EmpEmail.txt): null

2018-12-13 10:33:14 - [TEST_STEP][PASSED] - Statement - bufferread = new java.io.BufferedReader(new java.io.FileReader(EmpEmail)): null

2018-12-13 10:33:14 - [TEST_STEP][PASSED] - Statement - readedVal = bufferread.readLine(): null

2018-12-13 10:33:14 - [TEST_STEP][PASSED] - Statement - out.println(readedVal): null

2018-12-13 10:33:14 - [TEST_STEP][PASSED] - Statement - Email = readedVal: null

2018-12-13 10:33:14 - [MESSAGE][PASSED] - Call Test Case 'Test Cases/Final Aug 2018 - PKS Automation/Create Employer Acc/Template/Employer Email Getter' successfully

2018-12-13 10:33:14 - [TEST_STEP][PASSED] - setText: Text 'perkeso872063533867@gmail.com' is set on object 'Object Repository/Final Object Repo/Login Page/External Login Page/Email'

2018-12-13 10:33:15 - [MESSAGE][PASSED] - Text 'perkeso872063533867@gmail.com' is set on object 'Object Repository/Final Object Repo/Login Page/External Login Page/Email'

2018-12-13 10:33:15 - [TEST_STEP][PASSED] - click: Object: 'Object Repository/Final Object Repo/Login Page/External Login Page/Next' is clicked on

2018-12-13 10:33:15 - [MESSAGE][PASSED] - Object: 'Object Repository/Final Object Repo/Login Page/External Login Page/Next' is clicked on

2018-12-13 10:33:15 - [TEST_STEP][PASSED] - delay: Delayed 3 second(s)

2018-12-13 10:33:18 - [MESSAGE][PASSED] - Delayed 3 second(s)

2018-12-13 10:33:18 - [TEST_STEP][PASSED] - setEncryptedText: Text ****** has been set on object 'Object Repository/Final Object Repo/Login Page/External Login Page/Password'

2018-12-13 10:33:18 - [MESSAGE][PASSED] - Text ****** has been set on object 'Object Repository/Final Object Repo/Login Page/External Login Page/Password'

2018-12-13 10:33:18 - [TEST_STEP][PASSED] - click: Object: 'Object Repository/Final Object Repo/Login Page/External Login Page/Login' is clicked on

2018-12-13 10:33:18 - [MESSAGE][PASSED] - Object: 'Object Repository/Final Object Repo/Login Page/External Login Page/Login' is clicked on

2018-12-13 10:33:18 - [TEST_STEP][PASSED] - delay: Delayed 3 second(s)

2018-12-13 10:33:21 - [MESSAGE][PASSED] - Delayed 3 second(s)

2018-12-13 10:33:21 - [TEST_STEP][PASSED] - click: Object: 'Object Repository/Final Object Repo/Creating Employer Account/Page_Terms of Use - ASSIST/button_I Agree' is clicked on

2018-12-13 10:33:22 - [MESSAGE][PASSED] - Object: 'Object Repository/Final Object Repo/Creating Employer Account/Page_Terms of Use - ASSIST/button_I Agree' is clicked on

2018-12-13 10:33:22 - [TEST_STEP][PASSED] - delay: Delayed 2 second(s)

2018-12-13 10:33:24 - [MESSAGE][PASSED] - Delayed 2 second(s)

2018-12-13 10:33:24 - [TEST_STEP][PASSED] - setEncryptedText: Text ****** has been set on object 'Object Repository/Final Object Repo/Creating Employer Account/Page_New Password - ASSIST/input_password1'

2018-12-13 10:33:25 - [MESSAGE][PASSED] - Text ****** has been set on object 'Object Repository/Final Object Repo/Creating Employer Account/Page_New Password - ASSIST/input_password1'

2018-12-13 10:33:25 - [TEST_STEP][PASSED] - setEncryptedText: Text ****** has been set on object 'Object Repository/Final Object Repo/Creating Employer Account/Page_New Password - ASSIST/input_password2'

2018-12-13 10:33:25 - [MESSAGE][PASSED] - Text ****** has been set on object 'Object Repository/Final Object Repo/Creating Employer Account/Page_New Password - ASSIST/input_password2'

2018-12-13 10:33:25 - [TEST_STEP][PASSED] - delay: Delayed 2 second(s)

2018-12-13 10:33:27 - [MESSAGE][PASSED] - Delayed 2 second(s)

2018-12-13 10:33:27 - [TEST_STEP][PASSED] - click: Object: 'Object Repository/Final Object Repo/Creating Employer Account/Page_New Password - ASSIST/Save' is clicked on

2018-12-13 10:33:27 - [MESSAGE][PASSED] - Object: 'Object Repository/Final Object Repo/Creating Employer Account/Page_New Password - ASSIST/Save' is clicked on

2018-12-13 10:33:27 - [TEST_STEP][PASSED] - delay: Delayed 2 second(s)

2018-12-13 10:33:29 - [MESSAGE][PASSED] - Delayed 2 second(s)

2018-12-13 10:33:29 - [TEST_STEP][PASSED] - setText: Text 'test' is set on object 'Object Repository/Final Object Repo/Creating Employer Account/Page_Password Reminder - ASSIST/Reminder Query Answer'

2018-12-13 10:33:29 - [MESSAGE][PASSED] - Text 'test' is set on object 'Object Repository/Final Object Repo/Creating Employer Account/Page_Password Reminder - ASSIST/Reminder Query Answer'

2018-12-13 10:33:29 - [TEST_STEP][PASSED] - delay: Delayed 2 second(s)

2018-12-13 10:33:31 - [MESSAGE][PASSED] - Delayed 2 second(s)

2018-12-13 10:33:31 - [TEST_STEP][PASSED] - doubleClick: Object: 'Object Repository/Final Object Repo/Creating Employer Account/Page_Password Reminder - ASSIST/Save' is double clicked on

2018-12-13 10:33:31 - [MESSAGE][PASSED] - Object: 'Object Repository/Final Object Repo/Creating Employer Account/Page_Password Reminder - ASSIST/Save' is double clicked on

2018-12-13 10:33:31 - [MESSAGE][PASSED] - Call Test Case 'Test Cases/Final Aug 2018 - PKS Automation/Create Employer Acc/Template/Login to Employer Account (First Time)' successfully

2018-12-13 10:33:31 - [MESSAGE][PASSED] - Call Test Case 'Test Cases/Final Aug 2018 - PKS Automation/Create Employer Acc/Create Employer Account' successfully

2018-12-13 10:33:31 - [TEST_STEP][PASSED] - callTestCase: Call Test Case 'Test Cases/Final Aug 2018 - PKS Automation/Registration Module/Log Out/log out avoiding katalon tagging' successfully

2018-12-13 10:33:31 - [TEST_CASE][PASSED] - Test Cases/Final Aug 2018 - PKS Automation/Registration Module/Log Out/log out avoiding katalon tagging: Test Cases/Final Aug 2018 - PKS Automation/Registration Module/Log Out/log out avoiding katalon tagging

2018-12-13 10:33:32 - [TEST_STEP][PASSED] - navigateToUrl: Navigate to 'https://assist2-uat.perkeso.gov.my/c/portal/logout' successfully

2018-12-13 10:33:35 - [MESSAGE][PASSED] - Navigate to 'https://assist2-uat.perkeso.gov.my/c/portal/logout' successfully

2018-12-13 10:33:35 - [MESSAGE][PASSED] - Call Test Case 'Test Cases/Final Aug 2018 - PKS Automation/Registration Module/Log Out/log out avoiding katalon tagging' successfully

2018-12-13 10:33:35 - [TEST_STEP][PASSED] - callTestCase: Call Test Case 'Test Cases/Final Aug 2018 - PKS Automation/Create Employer Acc/Login to Employer Account (Second time)' successfully

2018-12-13 10:33:35 - [TEST_CASE][PASSED] - Test Cases/Final Aug 2018 - PKS Automation/Create Employer Acc/Login to Employer Account (Second time): Test Cases/Final Aug 2018 - PKS Automation/Create Employer Acc/Login to Employer Account (Second time)

2018-12-13 10:33:35 - [TEST_STEP][PASSED] - openBrowser: Browser is opened with url: ''

2018-12-13 10:33:35 - [MESSAGE][WARNING] - A browser is already opened. Closing browser and opening a new one

2018-12-13 10:33:38 - [MESSAGE][PASSED] - Browser is opened with url: ''

2018-12-13 10:33:38 - [TEST_STEP][PASSED] - navigateToUrl: Navigate to 'https://assist2-uat.perkeso.gov.my/employer/login' successfully

2018-12-13 10:33:39 - [MESSAGE][PASSED] - Navigate to 'https://assist2-uat.perkeso.gov.my/employer/login' successfully

2018-12-13 10:33:39 - [TEST_STEP][PASSED] - delay: Delayed 3 second(s)

2018-12-13 10:33:42 - [MESSAGE][PASSED] - Delayed 3 second(s)

2018-12-13 10:33:42 - [TEST_STEP][PASSED] - callTestCase: Call Test Case 'Test Cases/Final Aug 2018 - PKS Automation/Create Employer Acc/Template/Employer Email Getter' successfully

2018-12-13 10:33:42 - [TEST_CASE][PASSED] - Test Cases/Final Aug 2018 - PKS Automation/Create Employer Acc/Template/Employer Email Getter: Test Cases/Final Aug 2018 - PKS Automation/Create Employer Acc/Template/Employer Email Getter

2018-12-13 10:33:42 - [TEST_STEP][PASSED] - Statement - Try: null

2018-12-13 10:33:42 - [TEST_STEP][PASSED] - Statement - EmpEmail = new java.io.File(C://Users//Admin//Desktop//PKS//Automation Reference Point//EmpEmail.txt): null

2018-12-13 10:33:42 - [TEST_STEP][PASSED] - Statement - bufferread = new java.io.BufferedReader(new java.io.FileReader(EmpEmail)): null

2018-12-13 10:33:42 - [TEST_STEP][PASSED] - Statement - readedVal = bufferread.readLine(): null

2018-12-13 10:33:42 - [TEST_STEP][PASSED] - Statement - out.println(readedVal): null

2018-12-13 10:33:42 - [TEST_STEP][PASSED] - Statement - Email = readedVal: null

2018-12-13 10:33:42 - [MESSAGE][PASSED] - Call Test Case 'Test Cases/Final Aug 2018 - PKS Automation/Create Employer Acc/Template/Employer Email Getter' successfully

2018-12-13 10:33:42 - [TEST_STEP][PASSED] - setText: Text 'perkeso872063533867@gmail.com' is set on object 'Object Repository/Final Object Repo/Login Page/External Login Page/Email'

2018-12-13 10:33:43 - [MESSAGE][PASSED] - Text 'perkeso872063533867@gmail.com' is set on object 'Object Repository/Final Object Repo/Login Page/External Login Page/Email'

2018-12-13 10:33:43 - [TEST_STEP][PASSED] - click: Object: 'Object Repository/Final Object Repo/Login Page/External Login Page/Next' is clicked on

2018-12-13 10:33:43 - [MESSAGE][PASSED] - Object: 'Object Repository/Final Object Repo/Login Page/External Login Page/Next' is clicked on

2018-12-13 10:33:43 - [TEST_STEP][PASSED] - delay: Delayed 3 second(s)

2018-12-13 10:33:46 - [MESSAGE][PASSED] - Delayed 3 second(s)

2018-12-13 10:33:46 - [TEST_STEP][PASSED] - setEncryptedText: Text ****** has been set on object 'Object Repository/Final Object Repo/Login Page/External Login Page/Password'

2018-12-13 10:33:46 - [MESSAGE][PASSED] - Text ****** has been set on object 'Object Repository/Final Object Repo/Login Page/External Login Page/Password'

2018-12-13 10:33:46 - [TEST_STEP][PASSED] - click: Object: 'Object Repository/Final Object Repo/Login Page/External Login Page/Login' is clicked on

2018-12-13 10:33:46 - [MESSAGE][PASSED] - Object: 'Object Repository/Final Object Repo/Login Page/External Login Page/Login' is clicked on

2018-12-13 10:33:46 - [TEST_STEP][PASSED] - delay: Delayed 5 second(s)

2018-12-13 10:33:51 - [MESSAGE][PASSED] - Delayed 5 second(s)

2018-12-13 10:33:51 - [MESSAGE][PASSED] - Call Test Case 'Test Cases/Final Aug 2018 - PKS Automation/Create Employer Acc/Login to Employer Account (Second time)' successfully

2018-12-13 10:33:51 - [TEST_STEP][PASSED] - delay: Delayed 4 second(s)

2018-12-13 10:33:55 - [MESSAGE][PASSED] - Delayed 4 second(s)

2018-12-13 10:33:55 - [TEST_STEP][PASSED] - Statement - Try: Delayed 2 second(s)

2018-12-13 10:33:55 - [TEST_STEP][PASSED] - Statement - Checker = false: null

2018-12-13 10:33:55 - [TEST_STEP][PASSED] - Statement - Checker = com.kms.katalon.core.webui.keyword.WebUiBuiltInKeywords.verifyElementHasAttribute(com.kms.katalon.core.testobject.ObjectRepository.findTestObject(Final Object Repo/Landing Page/BM Detecting), "href", 20, OPTIONAL): Object 'Object Repository/Final Object Repo/Landing Page/BM Detecting' has attribute 'href'

2018-12-13 10:33:55 - [MESSAGE][PASSED] - Object 'Object Repository/Final Object Repo/Landing Page/BM Detecting' has attribute 'href'

2018-12-13 10:33:55 - [TEST_STEP][PASSED] - Statement - out.println(Checker): null

2018-12-13 10:33:55 - [TEST_STEP][PASSED] - Statement - If (Checker == false): null

2018-12-13 10:33:55 - [TEST_STEP][PASSED] - Statement - Else: null

2018-12-13 10:33:55 - [TEST_STEP][PASSED] - delay: Delayed 2 second(s)

2018-12-13 10:33:57 - [MESSAGE][PASSED] - Delayed 2 second(s)

2018-12-13 10:33:57 - [TEST_STEP][PASSED] - delay: Delayed 4 second(s)

2018-12-13 10:34:01 - [MESSAGE][PASSED] - Delayed 4 second(s)

2018-12-13 10:34:01 - [TEST_STEP][PASSED] - click: Object: 'Object Repository/Final Object Repo/Landing Page/My Sites Drop Down' is clicked on

2018-12-13 10:34:02 - [MESSAGE][PASSED] - Object: 'Object Repository/Final Object Repo/Landing Page/My Sites Drop Down' is clicked on

2018-12-13 10:34:02 - [TEST_STEP][PASSED] - click: Object: 'Object Repository/Final Object Repo/Landing Page/Select to Registration Module' is clicked on

2018-12-13 10:34:04 - [MESSAGE][PASSED] - Object: 'Object Repository/Final Object Repo/Landing Page/Select to Registration Module' is clicked on

2018-12-13 10:34:04 - [TEST_STEP][PASSED] - click: Object: 'Object Repository/Final Object Repo/Landing Page/Registration Button' is clicked on

2018-12-13 10:34:06 - [MESSAGE][PASSED] - Object: 'Object Repository/Final Object Repo/Landing Page/Registration Button' is clicked on

2018-12-13 10:34:06 - [TEST_STEP][PASSED] - delay: Delayed 2 second(s)

2018-12-13 10:34:08 - [MESSAGE][PASSED] - Delayed 2 second(s)

2018-12-13 10:34:08 - [TEST_STEP][PASSED] - click: Object: 'Object Repository/Final Object Repo/New Registration - Registration Module Pages/New Reg - OTC to RO/Special Case - OTC - Form 1/AEC NO' is clicked on

2018-12-13 10:34:08 - [MESSAGE][PASSED] - Object: 'Object Repository/Final Object Repo/New Registration - Registration Module Pages/New Reg - OTC to RO/Special Case - OTC - Form 1/AEC NO' is clicked on

2018-12-13 10:34:08 - [TEST_STEP][PASSED] - click: Object: 'Object Repository/Final Object Repo/New Registration - Registration Module Pages/New Reg - OTC to RO/Special Case - OTC - Form 1/Business Entity - Please Select' is clicked on

2018-12-13 10:34:08 - [MESSAGE][PASSED] - Object: 'Object Repository/Final Object Repo/New Registration - Registration Module Pages/New Reg - OTC to RO/Special Case - OTC - Form 1/Business Entity - Please Select' is clicked on

2018-12-13 10:34:08 - [TEST_STEP][PASSED] - click: Object: 'Object Repository/Final Object Repo/New Registration - Registration Module Pages/New Reg - OTC to RO/Special Case - OTC - Form 1/Selected - Corporation' is clicked on

2018-12-13 10:34:08 - [MESSAGE][PASSED] - Object: 'Object Repository/Final Object Repo/New Registration - Registration Module Pages/New Reg - OTC to RO/Special Case - OTC - Form 1/Selected - Corporation' is clicked on

2018-12-13 10:34:08 - [TEST_STEP][PASSED] - delay: Delayed 2 second(s)

2018-12-13 10:34:10 - [MESSAGE][PASSED] - Delayed 2 second(s)

2018-12-13 10:34:10 - [TEST_STEP][PASSED] - click: Object: 'Object Repository/Final Object Repo/New Registration - Registration Module Pages/New Reg - OTC to RO/Special Case - OTC - Form 1/Sub Business Entity - Please Select' is clicked on

2018-12-13 10:34:10 - [MESSAGE][PASSED] - Object: 'Object Repository/Final Object Repo/New Registration - Registration Module Pages/New Reg - OTC to RO/Special Case - OTC - Form 1/Sub Business Entity - Please Select' is clicked on

2018-12-13 10:34:10 - [TEST_STEP][PASSED] - delay: Delayed 2 second(s)

2018-12-13 10:34:12 - [MESSAGE][PASSED] - Delayed 2 second(s)

2018-12-13 10:34:12 - [TEST_STEP][PASSED] - click: Object: 'Object Repository/Final Object Repo/New Registration - Registration Module Pages/New Reg - OTC to RO/Special Case - OTC - Form 1/Selected - Sendirian Berhad' is clicked on

2018-12-13 10:34:13 - [MESSAGE][PASSED] - Object: 'Object Repository/Final Object Repo/New Registration - Registration Module Pages/New Reg - OTC to RO/Special Case - OTC - Form 1/Selected - Sendirian Berhad' is clicked on

2018-12-13 10:34:13 - [TEST_STEP][PASSED] - setText: Text 'AUTOMATE001' is set on object 'Object Repository/Final Object Repo/New Registration - Registration Module Pages/New Reg - OTC to RO/Special Case - OTC - Form 1/Input BRN Number'

2018-12-13 10:34:13 - [MESSAGE][PASSED] - Text 'AUTOMATE001' is set on object 'Object Repository/Final Object Repo/New Registration - Registration Module Pages/New Reg - OTC to RO/Special Case - OTC - Form 1/Input BRN Number'

2018-12-13 10:34:13 - [TEST_STEP][PASSED] - delay: Delayed 2 second(s)

2018-12-13 10:34:15 - [MESSAGE][PASSED] - Delayed 2 second(s)

2018-12-13 10:34:15 - [TEST_STEP][PASSED] - click: Object: 'Object Repository/Final Object Repo/New Registration - Registration Module Pages/New Reg - OTC to RO/Special Case - OTC - Form 1/BRN Search' is clicked on

2018-12-13 10:34:15 - [MESSAGE][PASSED] - Object: 'Object Repository/Final Object Repo/New Registration - Registration Module Pages/New Reg - OTC to RO/Special Case - OTC - Form 1/BRN Search' is clicked on

2018-12-13 10:34:15 - [TEST_STEP][PASSED] - delay: Delayed 4 second(s)

2018-12-13 10:34:19 - [MESSAGE][PASSED] - Delayed 4 second(s)

2018-12-13 10:34:19 - [TEST_STEP][PASSED] - click: Object: 'Object Repository/Final Object Repo/New Registration - Registration Module Pages/New Reg - OTC to RO/Special Case - OTC - Form 1/Registered with SSM - After Feb 2017' is clicked on

2018-12-13 10:34:19 - [MESSAGE][PASSED] - Object: 'Object Repository/Final Object Repo/New Registration - Registration Module Pages/New Reg - OTC to RO/Special Case - OTC - Form 1/Registered with SSM - After Feb 2017' is clicked on

2018-12-13 10:34:19 - [TEST_STEP][PASSED] - delay: Delayed 2 second(s)

2018-12-13 10:34:21 - [MESSAGE][PASSED] - Delayed 2 second(s)

2018-12-13 10:34:21 - [TEST_STEP][PASSED] - click: Object: 'Object Repository/Final Object Repo/New Registration - Registration Module Pages/Form 1/Registered As a Branch - Yes' is clicked on

2018-12-13 10:34:22 - [MESSAGE][PASSED] - Object: 'Object Repository/Final Object Repo/New Registration - Registration Module Pages/Form 1/Registered As a Branch - Yes' is clicked on

2018-12-13 10:34:22 - [TEST_STEP][PASSED] - click: Object: 'Object Repository/Final Object Repo/New Registration - Registration Module Pages/New Reg - OTC to RO/Special Case - OTC - Form 1/Acknowledgement Ticked' is clicked on

2018-12-13 10:34:22 - [MESSAGE][PASSED] - Object: 'Object Repository/Final Object Repo/New Registration - Registration Module Pages/New Reg - OTC to RO/Special Case - OTC - Form 1/Acknowledgement Ticked' is clicked on

2018-12-13 10:34:22 - [TEST_STEP][PASSED] - setText: Text 'perkeso872063533867@gmail.com' is set on object 'Object Repository/Final Object Repo/New Registration - Registration Module Pages/Form 1/Email'

2018-12-13 10:34:23 - [MESSAGE][PASSED] - Text 'perkeso872063533867@gmail.com' is set on object 'Object Repository/Final Object Repo/New Registration - Registration Module Pages/Form 1/Email'

2018-12-13 10:34:23 - [TEST_STEP][PASSED] - click: Object: 'Object Repository/Final Object Repo/New Registration - Registration Module Pages/New Reg - OTC to RO/Special Case - OTC - Form 1/Submit Button' is clicked on

2018-12-13 10:34:23 - [MESSAGE][PASSED] - Object: 'Object Repository/Final Object Repo/New Registration - Registration Module Pages/New Reg - OTC to RO/Special Case - OTC - Form 1/Submit Button' is clicked on

2018-12-13 10:34:23 - [TEST_STEP][PASSED] - callTestCase: Call Test Case 'Test Cases/Final Aug 2018 - PKS Automation/Registration Module/New Registration/Form 2/Add 1 Eligible - Employer Account Use' successfully

2018-12-13 10:34:23 - [TEST_CASE][PASSED] - Test Cases/Final Aug 2018 - PKS Automation/Registration Module/New Registration/Form 2/Add 1 Eligible - Employer Account Use: Test Cases/Final Aug 2018 - PKS Automation/Registration Module/New Registration/Form 2/Add 1 Eligible - Employer Account Use

2018-12-13 10:34:23 - [TEST_STEP][PASSED] - delay: Delayed 2 second(s)

2018-12-13 10:34:25 - [MESSAGE][PASSED] - Delayed 2 second(s)

2018-12-13 10:34:25 - [TEST_STEP][PASSED] - callTestCase: Call Test Case 'Test Cases/Final Aug 2018 - PKS Automation/Registration Module/New Registration/Form 2/Date Updater' successfully

2018-12-13 10:34:25 - [TEST_CASE][PASSED] - Test Cases/Final Aug 2018 - PKS Automation/Registration Module/New Registration/Form 2/Date Updater: Test Cases/Final Aug 2018 - PKS Automation/Registration Module/New Registration/Form 2/Date Updater

2018-12-13 10:34:26 - [TEST_STEP][PASSED] - Statement - TodayDate = new java.util.Date(): null

2018-12-13 10:34:26 - [TEST_STEP][PASSED] - Statement - CurrentDateNoFilter = new java.text.SimpleDateFormat(): null

2018-12-13 10:34:26 - [TEST_STEP][PASSED] - Statement - CurrentDateNoFilter.applyPattern("MM"): null

2018-12-13 10:34:26 - [TEST_STEP][PASSED] - Statement - monthContainerMatcher = java.lang.Integer.parseInt(CurrentDateNoFilter.format(TodayDate)): null

2018-12-13 10:34:26 - [TEST_STEP][PASSED] - Statement - monthContainerMatcher = monthContainerMatcher - 1: null

2018-12-13 10:34:26 - [TEST_STEP][PASSED] - Statement - CurrentMonth = monthContainerMatcher.toString(): null

2018-12-13 10:34:26 - [TEST_STEP][PASSED] - Statement - CurrentMonth = CurrentMonth: null

2018-12-13 10:34:26 - [TEST_STEP][PASSED] - Statement - CurrentDateNoFilter.applyPattern("yyyy"): null

2018-12-13 10:34:26 - [TEST_STEP][PASSED] - Statement - CurrentYear = CurrentDateNoFilter.format(TodayDate): null

2018-12-13 10:34:26 - [TEST_STEP][PASSED] - Statement - CurrentYear = CurrentYear: null

2018-12-13 10:34:26 - [TEST_STEP][PASSED] - Statement - intCurrentYear = java.lang.Integer.parseInt(CurrentDateNoFilter.format(TodayDate)): null

2018-12-13 10:34:26 - [TEST_STEP][PASSED] - Statement - eighteenYrsAgo = intCurrentYear - 18: null

2018-12-13 10:34:26 - [TEST_STEP][PASSED] - Statement - eighteenYrsBeforeThisYr = eighteenYrsAgo.toString(): null

2018-12-13 10:34:26 - [TEST_STEP][PASSED] - Statement - EighteenYrsBefore = eighteenYrsBeforeThisYr: null

2018-12-13 10:34:26 - [TEST_STEP][PASSED] - Statement - fiftysevenYrsAgo = intCurrentYear - 57: null

2018-12-13 10:34:26 - [TEST_STEP][PASSED] - Statement - fiftysevenYrsBeforeThisYr = fiftysevenYrsAgo.toString(): null

2018-12-13 10:34:26 - [TEST_STEP][PASSED] - Statement - FiftysevenYrsBefore = fiftysevenYrsBeforeThisYr: null

2018-12-13 10:34:26 - [TEST_STEP][PASSED] - Statement - leapYear = false: null

2018-12-13 10:34:26 - [TEST_STEP][PASSED] - Statement - leapYear = intCurrentYear % 4 == 0: null

2018-12-13 10:34:26 - [TEST_STEP][PASSED] - Statement - CurrentDateNoFilter.applyPattern("dd"): null

2018-12-13 10:34:26 - [TEST_STEP][PASSED] - Statement - CurrentDate = CurrentDateNoFilter.format(TodayDate): null

2018-12-13 10:34:26 - [TEST_STEP][PASSED] - Statement - CurrentDate = java.lang.Integer.parseInt(CurrentDate): null

2018-12-13 10:34:26 - [TEST_STEP][PASSED] - Statement - CurrentDate = CurrentDate: null

2018-12-13 10:34:26 - [TEST_STEP][PASSED] - Statement - CurrentDay = java.lang.Integer.parseInt(CurrentDate): null

2018-12-13 10:34:26 - [TEST_STEP][PASSED] - Statement - ConfAdder = <not implemented yet for class: org.codehaus.groovy.ast.expr.EmptyExpression>: null

2018-12-13 10:34:26 - [TEST_STEP][PASSED] - Statement - out.println(CurrentMonth): null

2018-12-13 10:34:26 - [TEST_STEP][PASSED] - Statement - out.println(CurrentDate): null

2018-12-13 10:34:26 - [TEST_STEP][PASSED] - Statement - switch (CurrentDate): null

2018-12-13 10:34:26 - [TEST_STEP][PASSED] - Statement - Default: null

2018-12-13 10:34:26 - [TEST_STEP][PASSED] - Statement - ConfAdder = true: null

2018-12-13 10:34:26 - [TEST_STEP][PASSED] - Statement - Break: null

2018-12-13 10:34:26 - [TEST_STEP][PASSED] - Statement - aDayBefore = <not implemented yet for class: org.codehaus.groovy.ast.expr.EmptyExpression>: null

2018-12-13 10:34:26 - [TEST_STEP][PASSED] - Statement - out.println(ConfAdder): null

2018-12-13 10:34:26 - [TEST_STEP][PASSED] - Statement - If (ConfAdder == true): null

2018-12-13 10:34:26 - [TEST_STEP][PASSED] - Statement - aDayBefore = CurrentDay + 1: null

2018-12-13 10:34:26 - [TEST_STEP][PASSED] - Statement - out.println(aDayBefore): null

2018-12-13 10:34:26 - [TEST_STEP][PASSED] - Statement - If (aDayBefore == 1 && CurrentMonth == 11): null

2018-12-13 10:34:26 - [TEST_STEP][PASSED] - Statement - DayBefore = aDayBefore.toString(): null

2018-12-13 10:34:26 - [TEST_STEP][PASSED] - Statement - OneDayBefore = DayBefore: null

2018-12-13 10:34:26 - [MESSAGE][PASSED] - Call Test Case 'Test Cases/Final Aug 2018 - PKS Automation/Registration Module/New Registration/Form 2/Date Updater' successfully

2018-12-13 10:34:26 - [TEST_STEP][PASSED] - delay: Delayed 1 second(s)

2018-12-13 10:34:27 - [MESSAGE][PASSED] - Delayed 1 second(s)

2018-12-13 10:34:27 - [TEST_STEP][PASSED] - Statement - CaseReferenceNo = com.kms.katalon.core.webui.keyword.WebUiBuiltInKeywords.getText(com.kms.katalon.core.testobject.ObjectRepository.findTestObject(Final Object Repo/New Registration - Registration Module Pages/Form 2/RefNo Acquiring)): Text of object 'Object Repository/Final Object Repo/New Registration - Registration Module Pages/Form 2/RefNo Acquiring' is: 'CRN12201800123265'

2018-12-13 10:34:27 - [MESSAGE][PASSED] - Text of object 'Object Repository/Final Object Repo/New Registration - Registration Module Pages/Form 2/RefNo Acquiring' is: 'CRN12201800123265'

2018-12-13 10:34:27 - [TEST_STEP][PASSED] - delay: Delayed 1 second(s)

2018-12-13 10:34:28 - [MESSAGE][PASSED] - Delayed 1 second(s)

2018-12-13 10:34:28 - [TEST_STEP][PASSED] - click: Object: 'Object Repository/Final Object Repo/New Registration - Registration Module Pages/Form 2/Add Employee Button' is clicked on

2018-12-13 10:34:28 - [MESSAGE][PASSED] - Object: 'Object Repository/Final Object Repo/New Registration - Registration Module Pages/Form 2/Add Employee Button' is clicked on

2018-12-13 10:34:28 - [TEST_STEP][PASSED] - delay: Delayed 1 second(s)

2018-12-13 10:34:29 - [MESSAGE][PASSED] - Delayed 1 second(s)

2018-12-13 10:34:29 - [TEST_STEP][PASSED] - setText: Text '010903091948' is set on object 'Object Repository/Final Object Repo/New Registration - Registration Module Pages/Form 2/NRIC Input'

2018-12-13 10:34:30 - [MESSAGE][PASSED] - Text '010903091948' is set on object 'Object Repository/Final Object Repo/New Registration - Registration Module Pages/Form 2/NRIC Input'

2018-12-13 10:34:30 - [TEST_STEP][PASSED] - delay: Delayed 2 second(s)

2018-12-13 10:34:32 - [MESSAGE][PASSED] - Delayed 2 second(s)

2018-12-13 10:34:32 - [TEST_STEP][PASSED] - setText: Text 'Automate001 eligible 1' is set on object 'Object Repository/Final Object Repo/New Registration - Registration Module Pages/Form 2/Employee Name Input'

2018-12-13 10:34:32 - [MESSAGE][PASSED] - Text 'Automate001 eligible 1' is set on object 'Object Repository/Final Object Repo/New Registration - Registration Module Pages/Form 2/Employee Name Input'

2018-12-13 10:34:32 - [TEST_STEP][PASSED] - delay: Delayed 2 second(s)

2018-12-13 10:34:34 - [MESSAGE][PASSED] - Delayed 2 second(s)

2018-12-13 10:34:34 - [TEST_STEP][PASSED] - click: Object: 'Object Repository/Final Object Repo/New Registration - Registration Module Pages/Form 2/DatePicker Pop Up' is clicked on

2018-12-13 10:34:34 - [MESSAGE][PASSED] - Object: 'Object Repository/Final Object Repo/New Registration - Registration Module Pages/Form 2/DatePicker Pop Up' is clicked on

2018-12-13 10:34:34 - [TEST_STEP][PASSED] - click: Object: 'Object Repository/Final Object Repo/New Registration - Registration Module Pages/Form 2/DOB Month' is clicked on

2018-12-13 10:34:35 - [MESSAGE][PASSED] - Object: 'Object Repository/Final Object Repo/New Registration - Registration Module Pages/Form 2/DOB Month' is clicked on

2018-12-13 10:34:35 - [TEST_STEP][PASSED] - Statement - CurrentMonth = CurrentMonth: null

2018-12-13 10:34:35 - [TEST_STEP][PASSED] - Statement - selectMonth = new com.kms.katalon.core.testobject.TestObject(): null

2018-12-13 10:34:35 - [TEST_STEP][PASSED] - Statement - selectMonth.addProperty("xpath", EQUALS, "//body/div/div/div/select/option[@value='" + CurrentMonth + "']", true): null

2018-12-13 10:34:35 - [TEST_STEP][PASSED] - click: Object: '' is clicked on

2018-12-13 10:34:35 - [MESSAGE][PASSED] - Object: '' is clicked on

2018-12-13 10:34:35 - [TEST_STEP][PASSED] - click: Object: 'Object Repository/Final Object Repo/New Registration - Registration Module Pages/Form 2/DOB Year' is clicked on

2018-12-13 10:34:35 - [MESSAGE][PASSED] - Object: 'Object Repository/Final Object Repo/New Registration - Registration Module Pages/Form 2/DOB Year' is clicked on

2018-12-13 10:34:35 - [TEST_STEP][PASSED] - Statement - Eyearsbf = EighteenYrsBefore: null

2018-12-13 10:34:35 - [TEST_STEP][PASSED] - Statement - selectYear = new com.kms.katalon.core.testobject.TestObject(): null

2018-12-13 10:34:35 - [TEST_STEP][PASSED] - Statement - selectYear.addProperty("xpath", EQUALS, "//div/div/div/select/option[@value='" + Eyearsbf + "']", true): null

2018-12-13 10:34:35 - [TEST_STEP][PASSED] - click: Object: '' is clicked on

2018-12-13 10:34:35 - [MESSAGE][PASSED] - Object: '' is clicked on

2018-12-13 10:34:35 - [TEST_STEP][PASSED] - Statement - UpdatedSelectDate = com.kms.katalon.core.webui.keyword.WebUiBuiltInKeywords.modifyObjectProperty(com.kms.katalon.core.testobject.ObjectRepository.findTestObject(Final Object Repo/New Registration - Registration Module Pages/Form 2/DOB Date), "xpath", "equals", "//body/div/table/tbody/tr/td/a[text()="" + CurrentDate + ""]", true): Modify property of object successfully

2018-12-13 10:34:35 - [MESSAGE][PASSED] - Modify property of object successfully

2018-12-13 10:34:35 - [TEST_STEP][PASSED] - delay: Delayed 3 second(s)

2018-12-13 10:34:38 - [MESSAGE][PASSED] - Delayed 3 second(s)

2018-12-13 10:34:38 - [TEST_STEP][PASSED] - click: Object: 'Object Repository/Final Object Repo/New Registration - Registration Module Pages/Form 2/DOB Date' is clicked on

2018-12-13 10:34:38 - [MESSAGE][PASSED] - Object: 'Object Repository/Final Object Repo/New Registration - Registration Module Pages/Form 2/DOB Date' is clicked on

2018-12-13 10:34:38 - [TEST_STEP][PASSED] - delay: Delayed 2 second(s)

2018-12-13 10:34:40 - [MESSAGE][PASSED] - Delayed 2 second(s)

2018-12-13 10:34:40 - [TEST_STEP][PASSED] - click: Object: 'Object Repository/Final Object Repo/New Registration - Registration Module Pages/Form 2/EmploymentStartDate Pop Up' is clicked on

2018-12-13 10:34:41 - [MESSAGE][PASSED] - Object: 'Object Repository/Final Object Repo/New Registration - Registration Module Pages/Form 2/EmploymentStartDate Pop Up' is clicked on

2018-12-13 10:34:41 - [TEST_STEP][PASSED] - delay: Delayed 2 second(s)

2018-12-13 10:34:43 - [MESSAGE][PASSED] - Delayed 2 second(s)

2018-12-13 10:34:43 - [TEST_STEP][PASSED] - click: Object: 'Object Repository/Final Object Repo/New Registration - Registration Module Pages/Form 2/Socso Employment StartDate Month' is clicked on

2018-12-13 10:34:43 - [MESSAGE][PASSED] - Object: 'Object Repository/Final Object Repo/New Registration - Registration Module Pages/Form 2/Socso Employment StartDate Month' is clicked on

2018-12-13 10:34:43 - [TEST_STEP][PASSED] - delay: Delayed 1 second(s)

2018-12-13 10:34:44 - [MESSAGE][PASSED] - Delayed 1 second(s)

2018-12-13 10:34:44 - [TEST_STEP][PASSED] - click: Object: 'Object Repository/Final Object Repo/New Registration - Registration Module Pages/Form 2/Select Socso Employement Startdate Month' is clicked on

2018-12-13 10:34:44 - [MESSAGE][PASSED] - Object: 'Object Repository/Final Object Repo/New Registration - Registration Module Pages/Form 2/Select Socso Employement Startdate Month' is clicked on

2018-12-13 10:34:44 - [TEST_STEP][PASSED] - delay: Delayed 2 second(s)

2018-12-13 10:34:46 - [MESSAGE][PASSED] - Delayed 2 second(s)

2018-12-13 10:34:46 - [TEST_STEP][PASSED] - click: Object: 'Object Repository/Final Object Repo/New Registration - Registration Module Pages/Form 2/Socso Employment StartDate Year' is clicked on

2018-12-13 10:34:46 - [MESSAGE][PASSED] - Object: 'Object Repository/Final Object Repo/New Registration - Registration Module Pages/Form 2/Socso Employment StartDate Year' is clicked on

2018-12-13 10:34:46 - [TEST_STEP][PASSED] - delay: Delayed 1 second(s)

2018-12-13 10:34:47 - [MESSAGE][PASSED] - Delayed 1 second(s)

2018-12-13 10:34:47 - [TEST_STEP][PASSED] - click: Object: 'Object Repository/Final Object Repo/New Registration - Registration Module Pages/Form 2/Select Socso Employment Startdate Year' is clicked on

2018-12-13 10:34:47 - [MESSAGE][PASSED] - Object: 'Object Repository/Final Object Repo/New Registration - Registration Module Pages/Form 2/Select Socso Employment Startdate Year' is clicked on

2018-12-13 10:34:47 - [TEST_STEP][PASSED] - delay: Delayed 2 second(s)

2018-12-13 10:34:49 - [MESSAGE][PASSED] - Delayed 2 second(s)

2018-12-13 10:34:49 - [TEST_STEP][PASSED] - click: Object: 'Object Repository/Final Object Repo/New Registration - Registration Module Pages/Form 2/Socso Employment Start Date Day' is clicked on

2018-12-13 10:34:50 - [MESSAGE][PASSED] - Object: 'Object Repository/Final Object Repo/New Registration - Registration Module Pages/Form 2/Socso Employment Start Date Day' is clicked on

2018-12-13 10:34:50 - [TEST_STEP][PASSED] - delay: Delayed 2 second(s)

2018-12-13 10:34:52 - [MESSAGE][PASSED] - Delayed 2 second(s)

2018-12-13 10:34:52 - [TEST_STEP][PASSED] - click: Object: 'Object Repository/Final Object Repo/New Registration - Registration Module Pages/Form 2/Save Button for Add Employee' is clicked on

2018-12-13 10:34:52 - [MESSAGE][PASSED] - Object: 'Object Repository/Final Object Repo/New Registration - Registration Module Pages/Form 2/Save Button for Add Employee' is clicked on

2018-12-13 10:34:52 - [TEST_STEP][PASSED] - delay: Delayed 6 second(s)

2018-12-13 10:34:58 - [MESSAGE][PASSED] - Delayed 6 second(s)

2018-12-13 10:34:58 - [TEST_STEP][PASSED] - click: Object: 'Object Repository/Final Object Repo/New Registration - Registration Module Pages/Form 2/Save and Continue Form 2' is clicked on

2018-12-13 10:34:58 - [MESSAGE][PASSED] - Object: 'Object Repository/Final Object Repo/New Registration - Registration Module Pages/Form 2/Save and Continue Form 2' is clicked on

2018-12-13 10:34:58 - [MESSAGE][PASSED] - Call Test Case 'Test Cases/Final Aug 2018 - PKS Automation/Registration Module/New Registration/Form 2/Add 1 Eligible - Employer Account Use' successfully

2018-12-13 10:34:58 - [TEST_STEP][PASSED] - callTestCase: Call Test Case 'Test Cases/Final Aug 2018 - PKS Automation/Registration Module/New Registration/Flow of New Registration/Third Screen - Upload Supporting Doc - Preview' successfully

2018-12-13 10:34:58 - [TEST_CASE][PASSED] - Test Cases/Final Aug 2018 - PKS Automation/Registration Module/New Registration/Flow of New Registration/Third Screen - Upload Supporting Doc - Preview: Test Cases/Final Aug 2018 - PKS Automation/Registration Module/New Registration/Flow of New Registration/Third Screen - Upload Supporting Doc - Preview

2018-12-13 10:34:59 - [TEST_STEP][PASSED] - waitForPageLoad: Wait for page load successfully

2018-12-13 10:34:59 - [MESSAGE][PASSED] - Wait for page load successfully

2018-12-13 10:34:59 - [TEST_STEP][PASSED] - Statement - CaseReferenceNo = com.kms.katalon.core.webui.keyword.WebUiBuiltInKeywords.getText(com.kms.katalon.core.testobject.ObjectRepository.findTestObject(Final Object Repo/New Registration - Registration Module Pages/Third Screen - Upload Supporting Doc- Preview/RefNo Acquiring)): Text of object 'Object Repository/Final Object Repo/New Registration - Registration Module Pages/Third Screen - Upload Supporting Doc- Preview/RefNo Acquiring' is: 'CRN12201800123265'

2018-12-13 10:34:59 - [MESSAGE][PASSED] - Text of object 'Object Repository/Final Object Repo/New Registration - Registration Module Pages/Third Screen - Upload Supporting Doc- Preview/RefNo Acquiring' is: 'CRN12201800123265'

2018-12-13 10:34:59 - [TEST_STEP][PASSED] - delay: Delayed 2 second(s)

2018-12-13 10:35:01 - [MESSAGE][PASSED] - Delayed 2 second(s)

2018-12-13 10:35:01 - [TEST_STEP][PASSED] - callTestCase: Call Test Case 'Test Cases/Final Aug 2018 - PKS Automation/Common/Reference Number Setter' successfully

2018-12-13 10:35:01 - [TEST_CASE][PASSED] - Test Cases/Final Aug 2018 - PKS Automation/Common/Reference Number Setter: Test Cases/Final Aug 2018 - PKS Automation/Common/Reference Number Setter

2018-12-13 10:35:01 - [TEST_STEP][PASSED] - Statement - RefNoOldFile = new java.io.File(C://Users//Admin//Desktop//PKS//Automation Reference Point//KatalonReference.txt): null

2018-12-13 10:35:01 - [TEST_STEP][PASSED] - Statement - RefNoOldFile.delete(): null

2018-12-13 10:35:01 - [TEST_STEP][PASSED] - delay: Delayed 5 second(s)

2018-12-13 10:35:06 - [MESSAGE][PASSED] - Delayed 5 second(s)

2018-12-13 10:35:06 - [TEST_STEP][PASSED] - Statement - RefNo = new java.io.File(C://Users//Admin//Desktop//PKS//Automation Reference Point//KatalonReference.txt): null

2018-12-13 10:35:06 - [TEST_STEP][PASSED] - Statement - f2 = new java.io.FileWriter(RefNo, false): null

2018-12-13 10:35:06 - [TEST_STEP][PASSED] - Statement - f2.write(CaseReferenceNo): null

2018-12-13 10:35:06 - [TEST_STEP][PASSED] - Statement - f2.close(): null

2018-12-13 10:35:06 - [TEST_STEP][PASSED] - Statement - out.println("


" + CaseReferenceNo + "


"): null

2018-12-13 10:35:06 - [MESSAGE][PASSED] - Call Test Case 'Test Cases/Final Aug 2018 - PKS Automation/Common/Reference Number Setter' successfully

2018-12-13 10:35:06 - [TEST_STEP][PASSED] - waitForElementClickable: Object 'Object Repository/Final Object Repo/New Registration - Registration Module Pages/Third Screen - Upload Supporting Doc- Preview/Save n Continue in SIP Employee Listing Page' is clickable

2018-12-13 10:35:07 - [MESSAGE][PASSED] - Object 'Object Repository/Final Object Repo/New Registration - Registration Module Pages/Third Screen - Upload Supporting Doc- Preview/Save n Continue in SIP Employee Listing Page' is clickable

2018-12-13 10:35:07 - [TEST_STEP][PASSED] - click: Object: 'Object Repository/Final Object Repo/New Registration - Registration Module Pages/Third Screen - Upload Supporting Doc- Preview/Save n Continue in SIP Employee Listing Page' is clicked on

2018-12-13 10:35:12 - [MESSAGE][PASSED] - Object: 'Object Repository/Final Object Repo/New Registration - Registration Module Pages/Third Screen - Upload Supporting Doc- Preview/Save n Continue in SIP Employee Listing Page' is clicked on

2018-12-13 10:35:12 - [TEST_STEP][PASSED] - delay: Delayed 7 second(s)

2018-12-13 10:35:19 - [MESSAGE][PASSED] - Delayed 7 second(s)

2018-12-13 10:35:19 - [TEST_STEP][PASSED] - click: Object: 'Object Repository/Final Object Repo/New Registration - Registration Module Pages/Third Screen - Upload Supporting Doc- Preview/Add Document Button' is clicked on

2018-12-13 10:35:20 - [MESSAGE][PASSED] - Object: 'Object Repository/Final Object Repo/New Registration - Registration Module Pages/Third Screen - Upload Supporting Doc- Preview/Add Document Button' is clicked on

2018-12-13 10:35:20 - [TEST_STEP][PASSED] - delay: Delayed 30 second(s)

2018-12-13 10:35:50 - [MESSAGE][PASSED] - Delayed 30 second(s)

2018-12-13 10:35:50 - [TEST_STEP][PASSED] - click: Object: 'Object Repository/Final Object Repo/New Registration - Registration Module Pages/Third Screen - Upload Supporting Doc- Preview/Supporting Doc Please Select Drop Down' is clicked on

2018-12-13 10:35:50 - [MESSAGE][PASSED] - Object: 'Object Repository/Final Object Repo/New Registration - Registration Module Pages/Third Screen - Upload Supporting Doc- Preview/Supporting Doc Please Select Drop Down' is clicked on

2018-12-13 10:35:50 - [TEST_STEP][PASSED] - delay: Delayed 2 second(s)

2018-12-13 10:35:52 - [MESSAGE][PASSED] - Delayed 2 second(s)

2018-12-13 10:35:52 - [TEST_STEP][PASSED] - click: Object: 'Object Repository/Final Object Repo/New Registration - Registration Module Pages/Third Screen - Upload Supporting Doc- Preview/Select to Upload Form 1' is clicked on

2018-12-13 10:35:52 - [MESSAGE][PASSED] - Object: 'Object Repository/Final Object Repo/New Registration - Registration Module Pages/Third Screen - Upload Supporting Doc- Preview/Select to Upload Form 1' is clicked on

2018-12-13 10:35:52 - [TEST_STEP][PASSED] - delay: Delayed 2 second(s)

2018-12-13 10:35:54 - [MESSAGE][PASSED] - Delayed 2 second(s)

2018-12-13 10:35:54 - [TEST_STEP][PASSED] - uploadFile: File 'C:\Users\Public\Pictures\Sample Pictures\Koala.jpg' sent to object: 'Object Repository/Final Object Repo/New Registration - Registration Module Pages/Third Screen - Upload Supporting Doc- Preview/Upload File Adding'

2018-12-13 10:35:54 - [MESSAGE][PASSED] - File 'C:\Users\Public\Pictures\Sample Pictures\Koala.jpg' sent to object: 'Object Repository/Final Object Repo/New Registration - Registration Module Pages/Third Screen - Upload Supporting Doc- Preview/Upload File Adding'

2018-12-13 10:35:54 - [TEST_STEP][PASSED] - delay: Delayed 5 second(s)

2018-12-13 10:35:59 - [MESSAGE][PASSED] - Delayed 5 second(s)

2018-12-13 10:35:59 - [TEST_STEP][PASSED] - click: Object: 'Object Repository/Final Object Repo/New Registration - Registration Module Pages/Third Screen - Upload Supporting Doc- Preview/Inner Form Add Document Button' is clicked on

2018-12-13 10:35:59 - [MESSAGE][PASSED] - Object: 'Object Repository/Final Object Repo/New Registration - Registration Module Pages/Third Screen - Upload Supporting Doc- Preview/Inner Form Add Document Button' is clicked on

2018-12-13 10:35:59 - [TEST_STEP][PASSED] - delay: Delayed 3 second(s)

2018-12-13 10:36:02 - [MESSAGE][PASSED] - Delayed 3 second(s)

2018-12-13 10:36:02 - [TEST_STEP][PASSED] - click: Object: 'Object Repository/Final Object Repo/New Registration - Registration Module Pages/Third Screen - Upload Supporting Doc- Preview/Add Document Button' is clicked on

2018-12-13 10:36:05 - [MESSAGE][PASSED] - Object: 'Object Repository/Final Object Repo/New Registration - Registration Module Pages/Third Screen - Upload Supporting Doc- Preview/Add Document Button' is clicked on

2018-12-13 10:36:05 - [TEST_STEP][PASSED] - delay: Delayed 30 second(s)

2018-12-13 10:36:35 - [MESSAGE][PASSED] - Delayed 30 second(s)

2018-12-13 10:36:35 - [TEST_STEP][PASSED] - click: Object: 'Object Repository/Final Object Repo/New Registration - Registration Module Pages/Third Screen - Upload Supporting Doc- Preview/Supporting Doc Please Select Drop Down' is clicked on

2018-12-13 10:36:35 - [MESSAGE][PASSED] - Object: 'Object Repository/Final Object Repo/New Registration - Registration Module Pages/Third Screen - Upload Supporting Doc- Preview/Supporting Doc Please Select Drop Down' is clicked on

2018-12-13 10:36:35 - [TEST_STEP][PASSED] - delay: Delayed 4 second(s)

2018-12-13 10:36:39 - [MESSAGE][PASSED] - Delayed 4 second(s)

2018-12-13 10:36:39 - [TEST_STEP][PASSED] - click: Object: 'Object Repository/Final Object Repo/New Registration - Registration Module Pages/Third Screen - Upload Supporting Doc- Preview/Select to Upload Form 2' is clicked on

2018-12-13 10:36:54 - [MESSAGE][PASSED] - Object: 'Object Repository/Final Object Repo/New Registration - Registration Module Pages/Third Screen - Upload Supporting Doc- Preview/Select to Upload Form 2' is clicked on

2018-12-13 10:36:54 - [TEST_STEP][PASSED] - delay: Delayed 2 second(s)

2018-12-13 10:36:56 - [MESSAGE][PASSED] - Delayed 2 second(s)

2018-12-13 10:36:56 - [TEST_STEP][PASSED] - uploadFile: File 'C:\Users\Public\Pictures\Sample Pictures\Koala.jpg' sent to object: 'Object Repository/Final Object Repo/New Registration - Registration Module Pages/Third Screen - Upload Supporting Doc- Preview/Upload File Adding'

2018-12-13 10:36:56 - [MESSAGE][PASSED] - File 'C:\Users\Public\Pictures\Sample Pictures\Koala.jpg' sent to object: 'Object Repository/Final Object Repo/New Registration - Registration Module Pages/Third Screen - Upload Supporting Doc- Preview/Upload File Adding'

2018-12-13 10:36:56 - [TEST_STEP][PASSED] - click: Object: 'Object Repository/Final Object Repo/New Registration - Registration Module Pages/Third Screen - Upload Supporting Doc- Preview/Inner Form Add Document Button' is clicked on

2018-12-13 10:36:56 - [MESSAGE][PASSED] - Object: 'Object Repository/Final Object Repo/New Registration - Registration Module Pages/Third Screen - Upload Supporting Doc- Preview/Inner Form Add Document Button' is clicked on

2018-12-13 10:36:56 - [TEST_STEP][PASSED] - delay: Delayed 5 second(s)

2018-12-13 10:37:01 - [MESSAGE][PASSED] - Delayed 5 second(s)

2018-12-13 10:37:01 - [TEST_STEP][PASSED] - click: Object: 'Object Repository/Final Object Repo/New Registration - Registration Module Pages/Third Screen - Upload Supporting Doc- Preview/Add Document Button' is clicked on

2018-12-13 10:37:02 - [MESSAGE][PASSED] - Object: 'Object Repository/Final Object Repo/New Registration - Registration Module Pages/Third Screen - Upload Supporting Doc- Preview/Add Document Button' is clicked on

2018-12-13 10:37:02 - [TEST_STEP][PASSED] - delay: Delayed 30 second(s)

2018-12-13 10:37:32 - [MESSAGE][PASSED] - Delayed 30 second(s)

2018-12-13 10:37:32 - [TEST_STEP][PASSED] - click: Object: 'Object Repository/Final Object Repo/New Registration - Registration Module Pages/Third Screen - Upload Supporting Doc- Preview/Supporting Doc Please Select Drop Down' is clicked on

2018-12-13 10:37:32 - [MESSAGE][PASSED] - Object: 'Object Repository/Final Object Repo/New Registration - Registration Module Pages/Third Screen - Upload Supporting Doc- Preview/Supporting Doc Please Select Drop Down' is clicked on

2018-12-13 10:37:32 - [TEST_STEP][PASSED] - click: Object: 'Object Repository/Final Object Repo/New Registration - Registration Module Pages/Third Screen - Upload Supporting Doc- Preview/Select to Upload Borang SIP 1' is clicked on

2018-12-13 10:37:32 - [MESSAGE][PASSED] - Object: 'Object Repository/Final Object Repo/New Registration - Registration Module Pages/Third Screen - Upload Supporting Doc- Preview/Select to Upload Borang SIP 1' is clicked on

2018-12-13 10:37:32 - [TEST_STEP][PASSED] - delay: Delayed 2 second(s)

2018-12-13 10:37:34 - [MESSAGE][PASSED] - Delayed 2 second(s)

2018-12-13 10:37:34 - [TEST_STEP][PASSED] - uploadFile: File 'C:\Users\Public\Pictures\Sample Pictures\Koala.jpg' sent to object: 'Object Repository/Final Object Repo/New Registration - Registration Module Pages/Third Screen - Upload Supporting Doc- Preview/Upload File Adding'

2018-12-13 10:37:34 - [MESSAGE][PASSED] - File 'C:\Users\Public\Pictures\Sample Pictures\Koala.jpg' sent to object: 'Object Repository/Final Object Repo/New Registration - Registration Module Pages/Third Screen - Upload Supporting Doc- Preview/Upload File Adding'

2018-12-13 10:37:34 - [TEST_STEP][PASSED] - click: Object: 'Object Repository/Final Object Repo/New Registration - Registration Module Pages/Third Screen - Upload Supporting Doc- Preview/Inner Form Add Document Button' is clicked on

2018-12-13 10:37:34 - [MESSAGE][PASSED] - Object: 'Object Repository/Final Object Repo/New Registration - Registration Module Pages/Third Screen - Upload Supporting Doc- Preview/Inner Form Add Document Button' is clicked on

2018-12-13 10:37:34 - [TEST_STEP][PASSED] - delay: Delayed 5 second(s)

2018-12-13 10:37:39 - [MESSAGE][PASSED] - Delayed 5 second(s)

2018-12-13 10:37:39 - [TEST_STEP][PASSED] - click: Object: 'Object Repository/Final Object Repo/New Registration - Registration Module Pages/Third Screen - Upload Supporting Doc- Preview/Add Document Button' is clicked on

2018-12-13 10:37:39 - [MESSAGE][PASSED] - Object: 'Object Repository/Final Object Repo/New Registration - Registration Module Pages/Third Screen - Upload Supporting Doc- Preview/Add Document Button' is clicked on

2018-12-13 10:37:39 - [TEST_STEP][PASSED] - delay: Delayed 30 second(s)

2018-12-13 10:38:09 - [MESSAGE][PASSED] - Delayed 30 second(s)

2018-12-13 10:38:10 - [TEST_STEP][PASSED] - click: Object: 'Object Repository/Final Object Repo/New Registration - Registration Module Pages/Third Screen - Upload Supporting Doc- Preview/Supporting Doc Please Select Drop Down' is clicked on

2018-12-13 10:38:10 - [MESSAGE][PASSED] - Object: 'Object Repository/Final Object Repo/New Registration - Registration Module Pages/Third Screen - Upload Supporting Doc- Preview/Supporting Doc Please Select Drop Down' is clicked on

2018-12-13 10:38:10 - [TEST_STEP][PASSED] - delay: Delayed 3 second(s)

2018-12-13 10:38:13 - [MESSAGE][PASSED] - Delayed 3 second(s)

2018-12-13 10:38:13 - [TEST_STEP][PASSED] - click: Object: 'Object Repository/Final Object Repo/New Registration - Registration Module Pages/Third Screen - Upload Supporting Doc- Preview/Select to Upload Borang SIP 2' is clicked on

2018-12-13 10:38:13 - [MESSAGE][PASSED] - Object: 'Object Repository/Final Object Repo/New Registration - Registration Module Pages/Third Screen - Upload Supporting Doc- Preview/Select to Upload Borang SIP 2' is clicked on

2018-12-13 10:38:13 - [TEST_STEP][PASSED] - delay: Delayed 2 second(s)

2018-12-13 10:38:15 - [MESSAGE][PASSED] - Delayed 2 second(s)

2018-12-13 10:38:15 - [TEST_STEP][PASSED] - uploadFile: File 'C:\Users\Public\Pictures\Sample Pictures\Koala.jpg' sent to object: 'Object Repository/Final Object Repo/New Registration - Registration Module Pages/Third Screen - Upload Supporting Doc- Preview/Upload File Adding'

2018-12-13 10:38:15 - [MESSAGE][PASSED] - File 'C:\Users\Public\Pictures\Sample Pictures\Koala.jpg' sent to object: 'Object Repository/Final Object Repo/New Registration - Registration Module Pages/Third Screen - Upload Supporting Doc- Preview/Upload File Adding'

2018-12-13 10:38:15 - [TEST_STEP][PASSED] - delay: Delayed 5 second(s)

2018-12-13 10:38:20 - [MESSAGE][PASSED] - Delayed 5 second(s)

2018-12-13 10:38:20 - [TEST_STEP][PASSED] - click: Object: 'Object Repository/Final Object Repo/New Registration - Registration Module Pages/Third Screen - Upload Supporting Doc- Preview/Inner Form Add Document Button' is clicked on

2018-12-13 10:38:20 - [MESSAGE][PASSED] - Object: 'Object Repository/Final Object Repo/New Registration - Registration Module Pages/Third Screen - Upload Supporting Doc- Preview/Inner Form Add Document Button' is clicked on

2018-12-13 10:38:20 - [TEST_STEP][PASSED] - delay: Delayed 3 second(s)

2018-12-13 10:38:23 - [MESSAGE][PASSED] - Delayed 3 second(s)

2018-12-13 10:38:23 - [TEST_STEP][PASSED] - waitForElementClickable: Object 'Object Repository/Final Object Repo/New Registration - Registration Module Pages/Third Screen - Upload Supporting Doc- Preview/Save n Continue in Uploading Supporting Doc Page' is clickable

2018-12-13 10:38:24 - [MESSAGE][PASSED] - Object 'Object Repository/Final Object Repo/New Registration - Registration Module Pages/Third Screen - Upload Supporting Doc- Preview/Save n Continue in Uploading Supporting Doc Page' is clickable

2018-12-13 10:38:24 - [TEST_STEP][PASSED] - click: Object: 'Object Repository/Final Object Repo/New Registration - Registration Module Pages/Third Screen - Upload Supporting Doc- Preview/Save n Continue in Uploading Supporting Doc Page' is clicked on

2018-12-13 10:38:25 - [MESSAGE][PASSED] - Object: 'Object Repository/Final Object Repo/New Registration - Registration Module Pages/Third Screen - Upload Supporting Doc- Preview/Save n Continue in Uploading Supporting Doc Page' is clicked on

2018-12-13 10:38:25 - [MESSAGE][PASSED] - Call Test Case 'Test Cases/Final Aug 2018 - PKS Automation/Registration Module/New Registration/Flow of New Registration/Third Screen - Upload Supporting Doc - Preview' successfully

2018-12-13 10:38:25 - [TEST_STEP][PASSED] - setText: Text 'Tester' is set on object 'Object Repository/Final Object Repo/New Registration - Registration Module Pages/New Reg - OTC to RO/Special Case - All Related Objects/Employer Preview Name'

2018-12-13 10:38:29 - [MESSAGE][PASSED] - Text 'Tester' is set on object 'Object Repository/Final Object Repo/New Registration - Registration Module Pages/New Reg - OTC to RO/Special Case - All Related Objects/Employer Preview Name'

2018-12-13 10:38:29 - [TEST_STEP][PASSED] - click: Object: 'Object Repository/Final Object Repo/New Registration - Registration Module Pages/New Reg - OTC to RO/Special Case - All Related Objects/IC Type Drop Down' is clicked on

2018-12-13 10:38:29 - [MESSAGE][PASSED] - Object: 'Object Repository/Final Object Repo/New Registration - Registration Module Pages/New Reg - OTC to RO/Special Case - All Related Objects/IC Type Drop Down' is clicked on

2018-12-13 10:38:29 - [TEST_STEP][PASSED] - click: Object: 'Object Repository/Final Object Repo/New Registration - Registration Module Pages/New Reg - OTC to RO/Special Case - All Related Objects/Select to NRIC' is clicked on

2018-12-13 10:38:29 - [MESSAGE][PASSED] - Object: 'Object Repository/Final Object Repo/New Registration - Registration Module Pages/New Reg - OTC to RO/Special Case - All Related Objects/Select to NRIC' is clicked on

2018-12-13 10:38:29 - [TEST_STEP][PASSED] - setText: Text '133245561223' is set on object 'Object Repository/Final Object Repo/New Registration - Registration Module Pages/New Reg - OTC to RO/Special Case - All Related Objects/IC Value'

2018-12-13 10:38:30 - [MESSAGE][PASSED] - Text '133245561223' is set on object 'Object Repository/Final Object Repo/New Registration - Registration Module Pages/New Reg - OTC to RO/Special Case - All Related Objects/IC Value'

2018-12-13 10:38:30 - [TEST_STEP][PASSED] - setText: Text 'Auto' is set on object 'Object Repository/Final Object Repo/New Registration - Registration Module Pages/New Reg - OTC to RO/Special Case - All Related Objects/Designation'

2018-12-13 10:38:30 - [MESSAGE][PASSED] - Text 'Auto' is set on object 'Object Repository/Final Object Repo/New Registration - Registration Module Pages/New Reg - OTC to RO/Special Case - All Related Objects/Designation'

2018-12-13 10:38:30 - [TEST_STEP][PASSED] - callTestCase: Call Test Case 'Test Cases/Final Aug 2018 - PKS Automation/Registration Module/New Registration/Submit and Screenshot/Submit Registration and Screenshot - Copy' successfully

2018-12-13 10:38:30 - [TEST_CASE][PASSED] - Test Cases/Final Aug 2018 - PKS Automation/Registration Module/New Registration/Submit and Screenshot/Submit Registration and Screenshot - Copy: Test Cases/Final Aug 2018 - PKS Automation/Registration Module/New Registration/Submit and Screenshot/Submit Registration and Screenshot - Copy

2018-12-13 10:38:30 - [TEST_STEP][PASSED] - delay: Delayed 6 second(s)

2018-12-13 10:38:36 - [MESSAGE][PASSED] - Delayed 6 second(s)

2018-12-13 10:38:36 - [TEST_STEP][PASSED] - click: Object: 'Object Repository/Final Object Repo/New Registration - Registration Module Pages/Third Screen - Upload Supporting Doc- Preview/Preview Submit Button' is clicked on

2018-12-13 10:38:36 - [MESSAGE][PASSED] - Object: 'Object Repository/Final Object Repo/New Registration - Registration Module Pages/Third Screen - Upload Supporting Doc- Preview/Preview Submit Button' is clicked on

2018-12-13 10:38:36 - [TEST_STEP][PASSED] - delay: Delayed 2 second(s)

2018-12-13 10:38:38 - [MESSAGE][PASSED] - Delayed 2 second(s)

2018-12-13 10:38:38 - [TEST_STEP][PASSED] - click: Object: 'Object Repository/Final Object Repo/New Registration - Registration Module Pages/Third Screen - Upload Supporting Doc- Preview/Preview Submit - Confirm' is clicked on

2018-12-13 10:38:39 - [MESSAGE][PASSED] - Object: 'Object Repository/Final Object Repo/New Registration - Registration Module Pages/Third Screen - Upload Supporting Doc- Preview/Preview Submit - Confirm' is clicked on

2018-12-13 10:38:39 - [TEST_STEP][PASSED] - delay: Delayed 15 second(s)

2018-12-13 10:38:54 - [MESSAGE][PASSED] - Delayed 15 second(s)

2018-12-13 10:38:54 - [TEST_STEP][PASSED] - Statement - driver = com.kms.katalon.core.webui.driver.DriverFactory.getWebDriver(): null

2018-12-13 10:38:54 - [TEST_STEP][PASSED] - Statement - driver.manage().timeouts().implicitlyWait(10, SECONDS): null

2018-12-13 10:38:54 - [TEST_STEP][PASSED] - Statement - PresavePath = KatalonScreenshots: null

2018-12-13 10:38:54 - [TEST_STEP][PASSED] - Statement - pathPrefix = "C:\Users\Public\Pictures\Sample Pictures\Katalon Screenshots\Automate Ending Screen": null

2018-12-13 10:38:54 - [TEST_STEP][PASSED] - Statement - finalPath = <not implemented yet for class: org.codehaus.groovy.ast.expr.EmptyExpression>: null

2018-12-13 10:38:54 - [TEST_STEP][PASSED] - Statement - scrFile = driver.getScreenshotAs(FILE): null

2018-12-13 10:38:54 - [TEST_STEP][PASSED] - Statement - PreSaveFile = new java.io.File(PresavePath): null

2018-12-13 10:38:54 - [TEST_STEP][PASSED] - Statement - counter = 0: null

2018-12-13 10:38:54 - [TEST_STEP][PASSED] - Statement - If (PreSaveFile.exists()): null

2018-12-13 10:38:54 - [TEST_STEP][PASSED] - Statement - While (PreSaveFile.exists()): null

2018-12-13 10:38:54 - [TEST_STEP][PASSED] - Statement - counter = counter + 1: null

2018-12-13 10:38:54 - [TEST_STEP][PASSED] - Statement - PreSaveFile = new java.io.File(((pathPrefix + java.lang.Integer.toString(counter)) + .png)): null

2018-12-13 10:38:54 - [TEST_STEP][PASSED] - Statement - counter = counter + 1: null

2018-12-13 10:38:54 - [TEST_STEP][PASSED] - Statement - PreSaveFile = new java.io.File(((pathPrefix + java.lang.Integer.toString(counter)) + .png)): null

2018-12-13 10:38:54 - [TEST_STEP][PASSED] - Statement - counter = counter + 1: null

2018-12-13 10:38:54 - [TEST_STEP][PASSED] - Statement - PreSaveFile = new java.io.File(((pathPrefix + java.lang.Integer.toString(counter)) + .png)): null

2018-12-13 10:38:54 - [TEST_STEP][PASSED] - Statement - counter = counter + 1: null

2018-12-13 10:38:54 - [TEST_STEP][PASSED] - Statement - PreSaveFile = new java.io.File(((pathPrefix + java.lang.Integer.toString(counter)) + .png)): null

2018-12-13 10:38:54 - [TEST_STEP][PASSED] - Statement - counter = counter + 1: null

2018-12-13 10:38:54 - [TEST_STEP][PASSED] - Statement - PreSaveFile = new java.io.File(((pathPrefix + java.lang.Integer.toString(counter)) + .png)): null

2018-12-13 10:38:54 - [TEST_STEP][PASSED] - Statement - counter = counter + 1: null

2018-12-13 10:38:54 - [TEST_STEP][PASSED] - Statement - PreSaveFile = new java.io.File(((pathPrefix + java.lang.Integer.toString(counter)) + .png)): null

2018-12-13 10:38:54 - [TEST_STEP][PASSED] - Statement - counter = counter + 1: null

2018-12-13 10:38:54 - [TEST_STEP][PASSED] - Statement - PreSaveFile = new java.io.File(((pathPrefix + java.lang.Integer.toString(counter)) + .png)): null

2018-12-13 10:38:54 - [TEST_STEP][PASSED] - Statement - counter = counter + 1: null

2018-12-13 10:38:54 - [TEST_STEP][PASSED] - Statement - PreSaveFile = new java.io.File(((pathPrefix + java.lang.Integer.toString(counter)) + .png)): null

2018-12-13 10:38:54 - [TEST_STEP][PASSED] - Statement - counter = counter + 1: null

2018-12-13 10:38:54 - [TEST_STEP][PASSED] - Statement - PreSaveFile = new java.io.File(((pathPrefix + java.lang.Integer.toString(counter)) + .png)): null

2018-12-13 10:38:54 - [TEST_STEP][PASSED] - Statement - counter = counter + 1: null

2018-12-13 10:38:54 - [TEST_STEP][PASSED] - Statement - PreSaveFile = new java.io.File(((pathPrefix + java.lang.Integer.toString(counter)) + .png)): null

2018-12-13 10:38:54 - [TEST_STEP][PASSED] - Statement - counter = counter + 1: null

2018-12-13 10:38:54 - [TEST_STEP][PASSED] - Statement - PreSaveFile = new java.io.File(((pathPrefix + java.lang.Integer.toString(counter)) + .png)): null

2018-12-13 10:38:54 - [TEST_STEP][PASSED] - Statement - counter = counter + 1: null

2018-12-13 10:38:54 - [TEST_STEP][PASSED] - Statement - PreSaveFile = new java.io.File(((pathPrefix + java.lang.Integer.toString(counter)) + .png)): null

2018-12-13 10:38:54 - [TEST_STEP][PASSED] - Statement - counter = counter + 1: null

2018-12-13 10:38:54 - [TEST_STEP][PASSED] - Statement - PreSaveFile = new java.io.File(((pathPrefix + java.lang.Integer.toString(counter)) + .png)): null

2018-12-13 10:38:54 - [TEST_STEP][PASSED] - Statement - counter = counter + 1: null

2018-12-13 10:38:54 - [TEST_STEP][PASSED] - Statement - PreSaveFile = new java.io.File(((pathPrefix + java.lang.Integer.toString(counter)) + .png)): null

2018-12-13 10:38:54 - [TEST_STEP][PASSED] - Statement - counter = counter + 1: null

2018-12-13 10:38:54 - [TEST_STEP][PASSED] - Statement - PreSaveFile = new java.io.File(((pathPrefix + java.lang.Integer.toString(counter)) + .png)): null

2018-12-13 10:38:54 - [TEST_STEP][PASSED] - Statement - counter = counter + 1: null

2018-12-13 10:38:54 - [TEST_STEP][PASSED] - Statement - PreSaveFile = new java.io.File(((pathPrefix + java.lang.Integer.toString(counter)) + .png)): null

2018-12-13 10:38:54 - [TEST_STEP][PASSED] - Statement - counter = counter + 1: null

2018-12-13 10:38:54 - [TEST_STEP][PASSED] - Statement - PreSaveFile = new java.io.File(((pathPrefix + java.lang.Integer.toString(counter)) + .png)): null

2018-12-13 10:38:54 - [TEST_STEP][PASSED] - Statement - counter = counter + 1: null

2018-12-13 10:38:54 - [TEST_STEP][PASSED] - Statement - PreSaveFile = new java.io.File(((pathPrefix + java.lang.Integer.toString(counter)) + .png)): null

2018-12-13 10:38:54 - [TEST_STEP][PASSED] - Statement - counter = counter + 1: null

2018-12-13 10:38:54 - [TEST_STEP][PASSED] - Statement - PreSaveFile = new java.io.File(((pathPrefix + java.lang.Integer.toString(counter)) + .png)): null

2018-12-13 10:38:54 - [TEST_STEP][PASSED] - Statement - counter = counter + 1: null

2018-12-13 10:38:54 - [TEST_STEP][PASSED] - Statement - PreSaveFile = new java.io.File(((pathPrefix + java.lang.Integer.toString(counter)) + .png)): null

2018-12-13 10:38:54 - [TEST_STEP][PASSED] - Statement - counter = counter + 1: null

2018-12-13 10:38:54 - [TEST_STEP][PASSED] - Statement - PreSaveFile = new java.io.File(((pathPrefix + java.lang.Integer.toString(counter)) + .png)): null

2018-12-13 10:38:54 - [TEST_STEP][PASSED] - Statement - counter = counter + 1: null

2018-12-13 10:38:54 - [TEST_STEP][PASSED] - Statement - PreSaveFile = new java.io.File(((pathPrefix + java.lang.Integer.toString(counter)) + .png)): null

2018-12-13 10:38:54 - [TEST_STEP][PASSED] - Statement - counter = counter + 1: null

2018-12-13 10:38:54 - [TEST_STEP][PASSED] - Statement - PreSaveFile = new java.io.File(((pathPrefix + java.lang.Integer.toString(counter)) + .png)): null

2018-12-13 10:38:54 - [TEST_STEP][PASSED] - Statement - counter = counter + 1: null

2018-12-13 10:38:54 - [TEST_STEP][PASSED] - Statement - PreSaveFile = new java.io.File(((pathPrefix + java.lang.Integer.toString(counter)) + .png)): null

2018-12-13 10:38:54 - [TEST_STEP][PASSED] - Statement - counter = counter + 1: null

2018-12-13 10:38:54 - [TEST_STEP][PASSED] - Statement - PreSaveFile = new java.io.File(((pathPrefix + java.lang.Integer.toString(counter)) + .png)): null

2018-12-13 10:38:54 - [TEST_STEP][PASSED] - Statement - counter = counter + 1: null

2018-12-13 10:38:54 - [TEST_STEP][PASSED] - Statement - PreSaveFile = new java.io.File(((pathPrefix + java.lang.Integer.toString(counter)) + .png)): null

2018-12-13 10:38:54 - [TEST_STEP][PASSED] - Statement - counter = counter + 1: null

2018-12-13 10:38:54 - [TEST_STEP][PASSED] - Statement - PreSaveFile = new java.io.File(((pathPrefix + java.lang.Integer.toString(counter)) + .png)): null

2018-12-13 10:38:54 - [TEST_STEP][PASSED] - Statement - counter = counter + 1: null

2018-12-13 10:38:54 - [TEST_STEP][PASSED] - Statement - PreSaveFile = new java.io.File(((pathPrefix + java.lang.Integer.toString(counter)) + .png)): null

2018-12-13 10:38:54 - [TEST_STEP][PASSED] - Statement - counter = counter + 1: null

2018-12-13 10:38:54 - [TEST_STEP][PASSED] - Statement - PreSaveFile = new java.io.File(((pathPrefix + java.lang.Integer.toString(counter)) + .png)): null

2018-12-13 10:38:54 - [TEST_STEP][PASSED] - Statement - counter = counter + 1: null

2018-12-13 10:38:54 - [TEST_STEP][PASSED] - Statement - PreSaveFile = new java.io.File(((pathPrefix + java.lang.Integer.toString(counter)) + .png)): null

2018-12-13 10:38:54 - [TEST_STEP][PASSED] - Statement - counter = counter + 1: null

2018-12-13 10:38:54 - [TEST_STEP][PASSED] - Statement - PreSaveFile = new java.io.File(((pathPrefix + java.lang.Integer.toString(counter)) + .png)): null

2018-12-13 10:38:54 - [TEST_STEP][PASSED] - Statement - counter = counter + 1: null

2018-12-13 10:38:54 - [TEST_STEP][PASSED] - Statement - PreSaveFile = new java.io.File(((pathPrefix + java.lang.Integer.toString(counter)) + .png)): null

2018-12-13 10:38:54 - [TEST_STEP][PASSED] - Statement - counter = counter + 1: null

2018-12-13 10:38:54 - [TEST_STEP][PASSED] - Statement - PreSaveFile = new java.io.File(((pathPrefix + java.lang.Integer.toString(counter)) + .png)): null

2018-12-13 10:38:54 - [TEST_STEP][PASSED] - Statement - counter = counter + 1: null

2018-12-13 10:38:54 - [TEST_STEP][PASSED] - Statement - PreSaveFile = new java.io.File(((pathPrefix + java.lang.Integer.toString(counter)) + .png)): null

2018-12-13 10:38:54 - [TEST_STEP][PASSED] - Statement - counter = counter + 1: null

2018-12-13 10:38:54 - [TEST_STEP][PASSED] - Statement - PreSaveFile = new java.io.File(((pathPrefix + java.lang.Integer.toString(counter)) + .png)): null

2018-12-13 10:38:54 - [TEST_STEP][PASSED] - Statement - counter = counter + 1: null

2018-12-13 10:38:54 - [TEST_STEP][PASSED] - Statement - PreSaveFile = new java.io.File(((pathPrefix + java.lang.Integer.toString(counter)) + .png)): null

2018-12-13 10:38:54 - [TEST_STEP][PASSED] - Statement - counter = counter + 1: null

2018-12-13 10:38:54 - [TEST_STEP][PASSED] - Statement - PreSaveFile = new java.io.File(((pathPrefix + java.lang.Integer.toString(counter)) + .png)): null

2018-12-13 10:38:54 - [TEST_STEP][PASSED] - Statement - counter = counter + 1: null

2018-12-13 10:38:54 - [TEST_STEP][PASSED] - Statement - PreSaveFile = new java.io.File(((pathPrefix + java.lang.Integer.toString(counter)) + .png)): null

2018-12-13 10:38:54 - [TEST_STEP][PASSED] - Statement - counter = counter + 1: null

2018-12-13 10:38:54 - [TEST_STEP][PASSED] - Statement - PreSaveFile = new java.io.File(((pathPrefix + java.lang.Integer.toString(counter)) + .png)): null

2018-12-13 10:38:54 - [TEST_STEP][PASSED] - Statement - counter = counter + 1: null

2018-12-13 10:38:54 - [TEST_STEP][PASSED] - Statement - PreSaveFile = new java.io.File(((pathPrefix + java.lang.Integer.toString(counter)) + .png)): null

2018-12-13 10:38:54 - [TEST_STEP][PASSED] - Statement - counter = counter + 1: null

2018-12-13 10:38:54 - [TEST_STEP][PASSED] - Statement - PreSaveFile = new java.io.File(((pathPrefix + java.lang.Integer.toString(counter)) + .png)): null

2018-12-13 10:38:54 - [TEST_STEP][PASSED] - Statement - counter = counter + 1: null

2018-12-13 10:38:54 - [TEST_STEP][PASSED] - Statement - PreSaveFile = new java.io.File(((pathPrefix + java.lang.Integer.toString(counter)) + .png)): null

2018-12-13 10:38:54 - [TEST_STEP][PASSED] - Statement - counter = counter + 1: null

2018-12-13 10:38:54 - [TEST_STEP][PASSED] - Statement - PreSaveFile = new java.io.File(((pathPrefix + java.lang.Integer.toString(counter)) + .png)): null

2018-12-13 10:38:54 - [TEST_STEP][PASSED] - Statement - counter = counter + 1: null

2018-12-13 10:38:54 - [TEST_STEP][PASSED] - Statement - PreSaveFile = new java.io.File(((pathPrefix + java.lang.Integer.toString(counter)) + .png)): null

2018-12-13 10:38:54 - [TEST_STEP][PASSED] - Statement - counter = counter + 1: null

2018-12-13 10:38:54 - [TEST_STEP][PASSED] - Statement - PreSaveFile = new java.io.File(((pathPrefix + java.lang.Integer.toString(counter)) + .png)): null

2018-12-13 10:38:54 - [TEST_STEP][PASSED] - Statement - counter = counter + 1: null

2018-12-13 10:38:54 - [TEST_STEP][PASSED] - Statement - PreSaveFile = new java.io.File(((pathPrefix + java.lang.Integer.toString(counter)) + .png)): null

2018-12-13 10:38:54 - [TEST_STEP][PASSED] - Statement - counter = counter + 1: null

2018-12-13 10:38:54 - [TEST_STEP][PASSED] - Statement - PreSaveFile = new java.io.File(((pathPrefix + java.lang.Integer.toString(counter)) + .png)): null

2018-12-13 10:38:54 - [TEST_STEP][PASSED] - Statement - counter = counter + 1: null

2018-12-13 10:38:54 - [TEST_STEP][PASSED] - Statement - PreSaveFile = new java.io.File(((pathPrefix + java.lang.Integer.toString(counter)) + .png)): null

2018-12-13 10:38:54 - [TEST_STEP][PASSED] - Statement - counter = counter + 1: null

2018-12-13 10:38:54 - [TEST_STEP][PASSED] - Statement - PreSaveFile = new java.io.File(((pathPrefix + java.lang.Integer.toString(counter)) + .png)): null

2018-12-13 10:38:54 - [TEST_STEP][PASSED] - Statement - counter = counter + 1: null

2018-12-13 10:38:54 - [TEST_STEP][PASSED] - Statement - PreSaveFile = new java.io.File(((pathPrefix + java.lang.Integer.toString(counter)) + .png)): null

2018-12-13 10:38:54 - [TEST_STEP][PASSED] - Statement - counter = counter + 1: null

2018-12-13 10:38:54 - [TEST_STEP][PASSED] - Statement - PreSaveFile = new java.io.File(((pathPrefix + java.lang.Integer.toString(counter)) + .png)): null

2018-12-13 10:38:54 - [TEST_STEP][PASSED] - Statement - counter = counter + 1: null

2018-12-13 10:38:54 - [TEST_STEP][PASSED] - Statement - PreSaveFile = new java.io.File(((pathPrefix + java.lang.Integer.toString(counter)) + .png)): null

2018-12-13 10:38:54 - [TEST_STEP][PASSED] - Statement - counter = counter + 1: null

2018-12-13 10:38:54 - [TEST_STEP][PASSED] - Statement - PreSaveFile = new java.io.File(((pathPrefix + java.lang.Integer.toString(counter)) + .png)): null

2018-12-13 10:38:54 - [TEST_STEP][PASSED] - Statement - counter = counter + 1: null

2018-12-13 10:38:54 - [TEST_STEP][PASSED] - Statement - PreSaveFile = new java.io.File(((pathPrefix + java.lang.Integer.toString(counter)) + .png)): null

2018-12-13 10:38:54 - [TEST_STEP][PASSED] - Statement - counter = counter + 1: null

2018-12-13 10:38:54 - [TEST_STEP][PASSED] - Statement - PreSaveFile = new java.io.File(((pathPrefix + java.lang.Integer.toString(counter)) + .png)): null

2018-12-13 10:38:54 - [TEST_STEP][PASSED] - Statement - counter = counter + 1: null

2018-12-13 10:38:54 - [TEST_STEP][PASSED] - Statement - PreSaveFile = new java.io.File(((pathPrefix + java.lang.Integer.toString(counter)) + .png)): null

2018-12-13 10:38:54 - [TEST_STEP][PASSED] - Statement - counter = counter + 1: null

2018-12-13 10:38:54 - [TEST_STEP][PASSED] - Statement - PreSaveFile = new java.io.File(((pathPrefix + java.lang.Integer.toString(counter)) + .png)): null

2018-12-13 10:38:54 - [TEST_STEP][PASSED] - Statement - counter = counter + 1: null

2018-12-13 10:38:54 - [TEST_STEP][PASSED] - Statement - PreSaveFile = new java.io.File(((pathPrefix + java.lang.Integer.toString(counter)) + .png)): null

2018-12-13 10:38:54 - [TEST_STEP][PASSED] - Statement - counter = counter + 1: null

2018-12-13 10:38:54 - [TEST_STEP][PASSED] - Statement - PreSaveFile = new java.io.File(((pathPrefix + java.lang.Integer.toString(counter)) + .png)): null

2018-12-13 10:38:54 - [TEST_STEP][PASSED] - Statement - counter = counter + 1: null

2018-12-13 10:38:54 - [TEST_STEP][PASSED] - Statement - PreSaveFile = new java.io.File(((pathPrefix + java.lang.Integer.toString(counter)) + .png)): null

2018-12-13 10:38:54 - [TEST_STEP][PASSED] - Statement - counter = counter + 1: null

2018-12-13 10:38:54 - [TEST_STEP][PASSED] - Statement - PreSaveFile = new java.io.File(((pathPrefix + java.lang.Integer.toString(counter)) + .png)): null

2018-12-13 10:38:54 - [TEST_STEP][PASSED] - Statement - counter = counter + 1: null

2018-12-13 10:38:54 - [TEST_STEP][PASSED] - Statement - PreSaveFile = new java.io.File(((pathPrefix + java.lang.Integer.toString(counter)) + .png)): null

2018-12-13 10:38:54 - [TEST_STEP][PASSED] - Statement - counter = counter + 1: null

2018-12-13 10:38:54 - [TEST_STEP][PASSED] - Statement - PreSaveFile = new java.io.File(((pathPrefix + java.lang.Integer.toString(counter)) + .png)): null

2018-12-13 10:38:54 - [TEST_STEP][PASSED] - Statement - counter = counter + 1: null

2018-12-13 10:38:54 - [TEST_STEP][PASSED] - Statement - PreSaveFile = new java.io.File(((pathPrefix + java.lang.Integer.toString(counter)) + .png)): null

2018-12-13 10:38:54 - [TEST_STEP][PASSED] - Statement - counter = counter + 1: null

2018-12-13 10:38:54 - [TEST_STEP][PASSED] - Statement - PreSaveFile = new java.io.File(((pathPrefix + java.lang.Integer.toString(counter)) + .png)): null

2018-12-13 10:38:54 - [TEST_STEP][PASSED] - Statement - counter = counter + 1: null

2018-12-13 10:38:54 - [TEST_STEP][PASSED] - Statement - PreSaveFile = new java.io.File(((pathPrefix + java.lang.Integer.toString(counter)) + .png)): null

2018-12-13 10:38:54 - [TEST_STEP][PASSED] - Statement - counter = counter + 1: null

2018-12-13 10:38:54 - [TEST_STEP][PASSED] - Statement - PreSaveFile = new java.io.File(((pathPrefix + java.lang.Integer.toString(counter)) + .png)): null

2018-12-13 10:38:54 - [TEST_STEP][PASSED] - Statement - counter = counter + 1: null

2018-12-13 10:38:54 - [TEST_STEP][PASSED] - Statement - PreSaveFile = new java.io.File(((pathPrefix + java.lang.Integer.toString(counter)) + .png)): null

2018-12-13 10:38:54 - [TEST_STEP][PASSED] - Statement - counter = counter + 1: null

2018-12-13 10:38:54 - [TEST_STEP][PASSED] - Statement - PreSaveFile = new java.io.File(((pathPrefix + java.lang.Integer.toString(counter)) + .png)): null

2018-12-13 10:38:54 - [TEST_STEP][PASSED] - Statement - counter = counter + 1: null

2018-12-13 10:38:54 - [TEST_STEP][PASSED] - Statement - PreSaveFile = new java.io.File(((pathPrefix + java.lang.Integer.toString(counter)) + .png)): null

2018-12-13 10:38:55 - [TEST_STEP][PASSED] - Statement - counter = counter + 1: null

2018-12-13 10:38:55 - [TEST_STEP][PASSED] - Statement - PreSaveFile = new java.io.File(((pathPrefix + java.lang.Integer.toString(counter)) + .png)): null

2018-12-13 10:38:55 - [TEST_STEP][PASSED] - Statement - counter = counter + 1: null

2018-12-13 10:38:55 - [TEST_STEP][PASSED] - Statement - PreSaveFile = new java.io.File(((pathPrefix + java.lang.Integer.toString(counter)) + .png)): null

2018-12-13 10:38:55 - [TEST_STEP][PASSED] - Statement - counter = counter + 1: null

2018-12-13 10:38:55 - [TEST_STEP][PASSED] - Statement - PreSaveFile = new java.io.File(((pathPrefix + java.lang.Integer.toString(counter)) + .png)): null

2018-12-13 10:38:55 - [TEST_STEP][PASSED] - Statement - counter = counter + 1: null

2018-12-13 10:38:55 - [TEST_STEP][PASSED] - Statement - PreSaveFile = new java.io.File(((pathPrefix + java.lang.Integer.toString(counter)) + .png)): null

2018-12-13 10:38:55 - [TEST_STEP][PASSED] - Statement - counter = counter + 1: null

2018-12-13 10:38:55 - [TEST_STEP][PASSED] - Statement - PreSaveFile = new java.io.File(((pathPrefix + java.lang.Integer.toString(counter)) + .png)): null

2018-12-13 10:38:55 - [TEST_STEP][PASSED] - Statement - counter = counter + 1: null

2018-12-13 10:38:55 - [TEST_STEP][PASSED] - Statement - PreSaveFile = new java.io.File(((pathPrefix + java.lang.Integer.toString(counter)) + .png)): null

2018-12-13 10:38:55 - [TEST_STEP][PASSED] - Statement - counter = counter + 1: null

2018-12-13 10:38:55 - [TEST_STEP][PASSED] - Statement - PreSaveFile = new java.io.File(((pathPrefix + java.lang.Integer.toString(counter)) + .png)): null

2018-12-13 10:38:55 - [TEST_STEP][PASSED] - Statement - counter = counter + 1: null

2018-12-13 10:38:55 - [TEST_STEP][PASSED] - Statement - PreSaveFile = new java.io.File(((pathPrefix + java.lang.Integer.toString(counter)) + .png)): null

2018-12-13 10:38:55 - [TEST_STEP][PASSED] - Statement - counter = counter + 1: null

2018-12-13 10:38:55 - [TEST_STEP][PASSED] - Statement - PreSaveFile = new java.io.File(((pathPrefix + java.lang.Integer.toString(counter)) + .png)): null

2018-12-13 10:38:55 - [TEST_STEP][PASSED] - Statement - counter = counter + 1: null

2018-12-13 10:38:55 - [TEST_STEP][PASSED] - Statement - PreSaveFile = new java.io.File(((pathPrefix + java.lang.Integer.toString(counter)) + .png)): null

2018-12-13 10:38:55 - [TEST_STEP][PASSED] - Statement - counter = counter + 1: null

2018-12-13 10:38:55 - [TEST_STEP][PASSED] - Statement - PreSaveFile = new java.io.File(((pathPrefix + java.lang.Integer.toString(counter)) + .png)): null

2018-12-13 10:38:55 - [TEST_STEP][PASSED] - Statement - counter = counter + 1: null

2018-12-13 10:38:55 - [TEST_STEP][PASSED] - Statement - PreSaveFile = new java.io.File(((pathPrefix + java.lang.Integer.toString(counter)) + .png)): null

2018-12-13 10:38:55 - [TEST_STEP][PASSED] - Statement - counter = counter + 1: null

2018-12-13 10:38:55 - [TEST_STEP][PASSED] - Statement - PreSaveFile = new java.io.File(((pathPrefix + java.lang.Integer.toString(counter)) + .png)): null

2018-12-13 10:38:55 - [TEST_STEP][PASSED] - Statement - counter = counter + 1: null

2018-12-13 10:38:55 - [TEST_STEP][PASSED] - Statement - PreSaveFile = new java.io.File(((pathPrefix + java.lang.Integer.toString(counter)) + .png)): null

2018-12-13 10:38:55 - [TEST_STEP][PASSED] - Statement - counter = counter + 1: null

2018-12-13 10:38:55 - [TEST_STEP][PASSED] - Statement - PreSaveFile = new java.io.File(((pathPrefix + java.lang.Integer.toString(counter)) + .png)): null

2018-12-13 10:38:55 - [TEST_STEP][PASSED] - Statement - counter = counter + 1: null

2018-12-13 10:38:55 - [TEST_STEP][PASSED] - Statement - PreSaveFile = new java.io.File(((pathPrefix + java.lang.Integer.toString(counter)) + .png)): null

2018-12-13 10:38:55 - [TEST_STEP][PASSED] - Statement - counter = counter + 1: null

2018-12-13 10:38:55 - [TEST_STEP][PASSED] - Statement - PreSaveFile = new java.io.File(((pathPrefix + java.lang.Integer.toString(counter)) + .png)): null

2018-12-13 10:38:55 - [TEST_STEP][PASSED] - Statement - counter = counter + 1: null

2018-12-13 10:38:55 - [TEST_STEP][PASSED] - Statement - PreSaveFile = new java.io.File(((pathPrefix + java.lang.Integer.toString(counter)) + .png)): null

2018-12-13 10:38:55 - [TEST_STEP][PASSED] - Statement - counter = counter + 1: null

2018-12-13 10:38:55 - [TEST_STEP][PASSED] - Statement - PreSaveFile = new java.io.File(((pathPrefix + java.lang.Integer.toString(counter)) + .png)): null

2018-12-13 10:38:55 - [TEST_STEP][PASSED] - Statement - counter = counter + 1: null

2018-12-13 10:38:55 - [TEST_STEP][PASSED] - Statement - PreSaveFile = new java.io.File(((pathPrefix + java.lang.Integer.toString(counter)) + .png)): null

2018-12-13 10:38:55 - [TEST_STEP][PASSED] - Statement - counter = counter + 1: null

2018-12-13 10:38:55 - [TEST_STEP][PASSED] - Statement - PreSaveFile = new java.io.File(((pathPrefix + java.lang.Integer.toString(counter)) + .png)): null

2018-12-13 10:38:55 - [TEST_STEP][PASSED] - Statement - counter = counter + 1: null

2018-12-13 10:38:55 - [TEST_STEP][PASSED] - Statement - PreSaveFile = new java.io.File(((pathPrefix + java.lang.Integer.toString(counter)) + .png)): null

2018-12-13 10:38:55 - [TEST_STEP][PASSED] - Statement - counter = counter + 1: null

2018-12-13 10:38:55 - [TEST_STEP][PASSED] - Statement - PreSaveFile = new java.io.File(((pathPrefix + java.lang.Integer.toString(counter)) + .png)): null

2018-12-13 10:38:55 - [TEST_STEP][PASSED] - Statement - counter = counter + 1: null

2018-12-13 10:38:55 - [TEST_STEP][PASSED] - Statement - PreSaveFile = new java.io.File(((pathPrefix + java.lang.Integer.toString(counter)) + .png)): null

2018-12-13 10:38:55 - [TEST_STEP][PASSED] - Statement - counter = counter + 1: null

2018-12-13 10:38:55 - [TEST_STEP][PASSED] - Statement - PreSaveFile = new java.io.File(((pathPrefix + java.lang.Integer.toString(counter)) + .png)): null

2018-12-13 10:38:55 - [TEST_STEP][PASSED] - Statement - counter = counter + 1: null

2018-12-13 10:38:55 - [TEST_STEP][PASSED] - Statement - PreSaveFile = new java.io.File(((pathPrefix + java.lang.Integer.toString(counter)) + .png)): null

2018-12-13 10:38:55 - [TEST_STEP][PASSED] - Statement - counter = counter + 1: null

2018-12-13 10:38:55 - [TEST_STEP][PASSED] - Statement - PreSaveFile = new java.io.File(((pathPrefix + java.lang.Integer.toString(counter)) + .png)): null

2018-12-13 10:38:55 - [TEST_STEP][PASSED] - Statement - counter = counter + 1: null

2018-12-13 10:38:55 - [TEST_STEP][PASSED] - Statement - PreSaveFile = new java.io.File(((pathPrefix + java.lang.Integer.toString(counter)) + .png)): null

2018-12-13 10:38:55 - [TEST_STEP][PASSED] - Statement - counter = counter + 1: null

2018-12-13 10:38:55 - [TEST_STEP][PASSED] - Statement - PreSaveFile = new java.io.File(((pathPrefix + java.lang.Integer.toString(counter)) + .png)): null

2018-12-13 10:38:55 - [TEST_STEP][PASSED] - Statement - counter = counter + 1: null

2018-12-13 10:38:55 - [TEST_STEP][PASSED] - Statement - PreSaveFile = new java.io.File(((pathPrefix + java.lang.Integer.toString(counter)) + .png)): null

2018-12-13 10:38:55 - [TEST_STEP][PASSED] - Statement - counter = counter + 1: null

2018-12-13 10:38:55 - [TEST_STEP][PASSED] - Statement - PreSaveFile = new java.io.File(((pathPrefix + java.lang.Integer.toString(counter)) + .png)): null

2018-12-13 10:38:55 - [TEST_STEP][PASSED] - Statement - counter = counter + 1: null

2018-12-13 10:38:55 - [TEST_STEP][PASSED] - Statement - PreSaveFile = new java.io.File(((pathPrefix + java.lang.Integer.toString(counter)) + .png)): null

2018-12-13 10:38:55 - [TEST_STEP][PASSED] - Statement - counter = counter + 1: null

2018-12-13 10:38:55 - [TEST_STEP][PASSED] - Statement - PreSaveFile = new java.io.File(((pathPrefix + java.lang.Integer.toString(counter)) + .png)): null

2018-12-13 10:38:55 - [TEST_STEP][PASSED] - Statement - counter = counter + 1: null

2018-12-13 10:38:55 - [TEST_STEP][PASSED] - Statement - PreSaveFile = new java.io.File(((pathPrefix + java.lang.Integer.toString(counter)) + .png)): null

2018-12-13 10:38:55 - [TEST_STEP][PASSED] - Statement - counter = counter + 1: null

2018-12-13 10:38:55 - [TEST_STEP][PASSED] - Statement - PreSaveFile = new java.io.File(((pathPrefix + java.lang.Integer.toString(counter)) + .png)): null

2018-12-13 10:38:55 - [TEST_STEP][PASSED] - Statement - counter = counter + 1: null

2018-12-13 10:38:55 - [TEST_STEP][PASSED] - Statement - PreSaveFile = new java.io.File(((pathPrefix + java.lang.Integer.toString(counter)) + .png)): null

2018-12-13 10:38:55 - [TEST_STEP][PASSED] - Statement - counter = counter + 1: null

2018-12-13 10:38:55 - [TEST_STEP][PASSED] - Statement - PreSaveFile = new java.io.File(((pathPrefix + java.lang.Integer.toString(counter)) + .png)): null

2018-12-13 10:38:55 - [TEST_STEP][PASSED] - Statement - counter = counter + 1: null

2018-12-13 10:38:55 - [TEST_STEP][PASSED] - Statement - PreSaveFile = new java.io.File(((pathPrefix + java.lang.Integer.toString(counter)) + .png)): null

2018-12-13 10:38:55 - [TEST_STEP][PASSED] - Statement - counter = counter + 1: null

2018-12-13 10:38:55 - [TEST_STEP][PASSED] - Statement - PreSaveFile = new java.io.File(((pathPrefix + java.lang.Integer.toString(counter)) + .png)): null

2018-12-13 10:38:55 - [TEST_STEP][PASSED] - Statement - counter = counter + 1: null

2018-12-13 10:38:55 - [TEST_STEP][PASSED] - Statement - PreSaveFile = new java.io.File(((pathPrefix + java.lang.Integer.toString(counter)) + .png)): null

2018-12-13 10:38:55 - [TEST_STEP][PASSED] - Statement - counter = counter + 1: null

2018-12-13 10:38:55 - [TEST_STEP][PASSED] - Statement - PreSaveFile = new java.io.File(((pathPrefix + java.lang.Integer.toString(counter)) + .png)): null

2018-12-13 10:38:55 - [TEST_STEP][PASSED] - Statement - counter = counter + 1: null

2018-12-13 10:38:55 - [TEST_STEP][PASSED] - Statement - PreSaveFile = new java.io.File(((pathPrefix + java.lang.Integer.toString(counter)) + .png)): null

2018-12-13 10:38:55 - [TEST_STEP][PASSED] - Statement - counter = counter + 1: null

2018-12-13 10:38:55 - [TEST_STEP][PASSED] - Statement - PreSaveFile = new java.io.File(((pathPrefix + java.lang.Integer.toString(counter)) + .png)): null

2018-12-13 10:38:55 - [TEST_STEP][PASSED] - Statement - counter = counter + 1: null

2018-12-13 10:38:55 - [TEST_STEP][PASSED] - Statement - PreSaveFile = new java.io.File(((pathPrefix + java.lang.Integer.toString(counter)) + .png)): null

2018-12-13 10:38:55 - [TEST_STEP][PASSED] - Statement - counter = counter + 1: null

2018-12-13 10:38:55 - [TEST_STEP][PASSED] - Statement - PreSaveFile = new java.io.File(((pathPrefix + java.lang.Integer.toString(counter)) + .png)): null

2018-12-13 10:38:55 - [TEST_STEP][PASSED] - Statement - counter = counter + 1: null

2018-12-13 10:38:55 - [TEST_STEP][PASSED] - Statement - PreSaveFile = new java.io.File(((pathPrefix + java.lang.Integer.toString(counter)) + .png)): null

2018-12-13 10:38:55 - [TEST_STEP][PASSED] - Statement - counter = counter + 1: null

2018-12-13 10:38:55 - [TEST_STEP][PASSED] - Statement - PreSaveFile = new java.io.File(((pathPrefix + java.lang.Integer.toString(counter)) + .png)): null

2018-12-13 10:38:55 - [TEST_STEP][PASSED] - Statement - counter = counter + 1: null

2018-12-13 10:38:55 - [TEST_STEP][PASSED] - Statement - PreSaveFile = new java.io.File(((pathPrefix + java.lang.Integer.toString(counter)) + .png)): null

2018-12-13 10:38:55 - [TEST_STEP][PASSED] - Statement - counter = counter + 1: null

2018-12-13 10:38:55 - [TEST_STEP][PASSED] - Statement - PreSaveFile = new java.io.File(((pathPrefix + java.lang.Integer.toString(counter)) + .png)): null

2018-12-13 10:38:55 - [TEST_STEP][PASSED] - Statement - counter = counter + 1: null

2018-12-13 10:38:55 - [TEST_STEP][PASSED] - Statement - PreSaveFile = new java.io.File(((pathPrefix + java.lang.Integer.toString(counter)) + .png)): null

2018-12-13 10:38:55 - [TEST_STEP][PASSED] - Statement - counter = counter + 1: null

2018-12-13 10:38:55 - [TEST_STEP][PASSED] - Statement - PreSaveFile = new java.io.File(((pathPrefix + java.lang.Integer.toString(counter)) + .png)): null

2018-12-13 10:38:55 - [TEST_STEP][PASSED] - Statement - counter = counter + 1: null

2018-12-13 10:38:55 - [TEST_STEP][PASSED] - Statement - PreSaveFile = new java.io.File(((pathPrefix + java.lang.Integer.toString(counter)) + .png)): null

2018-12-13 10:38:55 - [TEST_STEP][PASSED] - Statement - counter = counter + 1: null

2018-12-13 10:38:55 - [TEST_STEP][PASSED] - Statement - PreSaveFile = new java.io.File(((pathPrefix + java.lang.Integer.toString(counter)) + .png)): null

2018-12-13 10:38:55 - [TEST_STEP][PASSED] - Statement - counter = counter + 1: null

2018-12-13 10:38:55 - [TEST_STEP][PASSED] - Statement - PreSaveFile = new java.io.File(((pathPrefix + java.lang.Integer.toString(counter)) + .png)): null

2018-12-13 10:38:55 - [TEST_STEP][PASSED] - Statement - counter = counter + 1: null

2018-12-13 10:38:55 - [TEST_STEP][PASSED] - Statement - PreSaveFile = new java.io.File(((pathPrefix + java.lang.Integer.toString(counter)) + .png)): null

2018-12-13 10:38:55 - [TEST_STEP][PASSED] - Statement - counter = counter + 1: null

2018-12-13 10:38:55 - [TEST_STEP][PASSED] - Statement - PreSaveFile = new java.io.File(((pathPrefix + java.lang.Integer.toString(counter)) + .png)): null

2018-12-13 10:38:55 - [TEST_STEP][PASSED] - Statement - counter = counter + 1: null

2018-12-13 10:38:55 - [TEST_STEP][PASSED] - Statement - PreSaveFile = new java.io.File(((pathPrefix + java.lang.Integer.toString(counter)) + .png)): null

2018-12-13 10:38:55 - [TEST_STEP][PASSED] - Statement - counter = counter + 1: null

2018-12-13 10:38:55 - [TEST_STEP][PASSED] - Statement - PreSaveFile = new java.io.File(((pathPrefix + java.lang.Integer.toString(counter)) + .png)): null

2018-12-13 10:38:55 - [TEST_STEP][PASSED] - Statement - counter = counter + 1: null

2018-12-13 10:38:55 - [TEST_STEP][PASSED] - Statement - PreSaveFile = new java.io.File(((pathPrefix + java.lang.Integer.toString(counter)) + .png)): null

2018-12-13 10:38:55 - [TEST_STEP][PASSED] - Statement - counter = counter + 1: null

2018-12-13 10:38:55 - [TEST_STEP][PASSED] - Statement - PreSaveFile = new java.io.File(((pathPrefix + java.lang.Integer.toString(counter)) + .png)): null

2018-12-13 10:38:55 - [TEST_STEP][PASSED] - Statement - counter = counter + 1: null

2018-12-13 10:38:55 - [TEST_STEP][PASSED] - Statement - PreSaveFile = new java.io.File(((pathPrefix + java.lang.Integer.toString(counter)) + .png)): null

2018-12-13 10:38:55 - [TEST_STEP][PASSED] - Statement - counter = counter + 1: null

2018-12-13 10:38:55 - [TEST_STEP][PASSED] - Statement - PreSaveFile = new java.io.File(((pathPrefix + java.lang.Integer.toString(counter)) + .png)): null

2018-12-13 10:38:55 - [TEST_STEP][PASSED] - Statement - counter = counter + 1: null

2018-12-13 10:38:55 - [TEST_STEP][PASSED] - Statement - PreSaveFile = new java.io.File(((pathPrefix + java.lang.Integer.toString(counter)) + .png)): null

2018-12-13 10:38:55 - [TEST_STEP][PASSED] - Statement - counter = counter + 1: null

2018-12-13 10:38:55 - [TEST_STEP][PASSED] - Statement - PreSaveFile = new java.io.File(((pathPrefix + java.lang.Integer.toString(counter)) + .png)): null

2018-12-13 10:38:55 - [TEST_STEP][PASSED] - Statement - counter = counter + 1: null

2018-12-13 10:38:55 - [TEST_STEP][PASSED] - Statement - PreSaveFile = new java.io.File(((pathPrefix + java.lang.Integer.toString(counter)) + .png)): null

2018-12-13 10:38:55 - [TEST_STEP][PASSED] - Statement - counter = counter + 1: null

2018-12-13 10:38:55 - [TEST_STEP][PASSED] - Statement - PreSaveFile = new java.io.File(((pathPrefix + java.lang.Integer.toString(counter)) + .png)): null

2018-12-13 10:38:55 - [TEST_STEP][PASSED] - Statement - counter = counter + 1: null

2018-12-13 10:38:55 - [TEST_STEP][PASSED] - Statement - PreSaveFile = new java.io.File(((pathPrefix + java.lang.Integer.toString(counter)) + .png)): null

2018-12-13 10:38:55 - [TEST_STEP][PASSED] - Statement - counter = counter + 1: null

2018-12-13 10:38:55 - [TEST_STEP][PASSED] - Statement - PreSaveFile = new java.io.File(((pathPrefix + java.lang.Integer.toString(counter)) + .png)): null

2018-12-13 10:38:55 - [TEST_STEP][PASSED] - Statement - counter = counter + 1: null

2018-12-13 10:38:55 - [TEST_STEP][PASSED] - Statement - PreSaveFile = new java.io.File(((pathPrefix + java.lang.Integer.toString(counter)) + .png)): null

2018-12-13 10:38:55 - [TEST_STEP][PASSED] - Statement - counter = counter + 1: null

2018-12-13 10:38:55 - [TEST_STEP][PASSED] - Statement - PreSaveFile = new java.io.File(((pathPrefix + java.lang.Integer.toString(counter)) + .png)): null

2018-12-13 10:38:55 - [TEST_STEP][PASSED] - Statement - counter = counter + 1: null

2018-12-13 10:38:55 - [TEST_STEP][PASSED] - Statement - PreSaveFile = new java.io.File(((pathPrefix + java.lang.Integer.toString(counter)) + .png)): null

2018-12-13 10:38:55 - [TEST_STEP][PASSED] - Statement - counter = counter + 1: null

2018-12-13 10:38:55 - [TEST_STEP][PASSED] - Statement - PreSaveFile = new java.io.File(((pathPrefix + java.lang.Integer.toString(counter)) + .png)): null

2018-12-13 10:38:55 - [TEST_STEP][PASSED] - Statement - counter = counter + 1: null

2018-12-13 10:38:55 - [TEST_STEP][PASSED] - Statement - PreSaveFile = new java.io.File(((pathPrefix + java.lang.Integer.toString(counter)) + .png)): null

2018-12-13 10:38:55 - [TEST_STEP][PASSED] - Statement - counter = counter + 1: null

2018-12-13 10:38:55 - [TEST_STEP][PASSED] - Statement - PreSaveFile = new java.io.File(((pathPrefix + java.lang.Integer.toString(counter)) + .png)): null

2018-12-13 10:38:55 - [TEST_STEP][PASSED] - Statement - counter = counter + 1: null

2018-12-13 10:38:55 - [TEST_STEP][PASSED] - Statement - PreSaveFile = new java.io.File(((pathPrefix + java.lang.Integer.toString(counter)) + .png)): null

2018-12-13 10:38:55 - [TEST_STEP][PASSED] - Statement - counter = counter + 1: null

2018-12-13 10:38:55 - [TEST_STEP][PASSED] - Statement - PreSaveFile = new java.io.File(((pathPrefix + java.lang.Integer.toString(counter)) + .png)): null

2018-12-13 10:38:55 - [TEST_STEP][PASSED] - Statement - counter = counter + 1: null

2018-12-13 10:38:55 - [TEST_STEP][PASSED] - Statement - PreSaveFile = new java.io.File(((pathPrefix + java.lang.Integer.toString(counter)) + .png)): null

2018-12-13 10:38:55 - [TEST_STEP][PASSED] - Statement - counter = counter + 1: null

2018-12-13 10:38:55 - [TEST_STEP][PASSED] - Statement - PreSaveFile = new java.io.File(((pathPrefix + java.lang.Integer.toString(counter)) + .png)): null

2018-12-13 10:38:55 - [TEST_STEP][PASSED] - Statement - counter = counter + 1: null

2018-12-13 10:38:55 - [TEST_STEP][PASSED] - Statement - PreSaveFile = new java.io.File(((pathPrefix + java.lang.Integer.toString(counter)) + .png)): null

2018-12-13 10:38:55 - [TEST_STEP][PASSED] - Statement - counter = counter + 1: null

2018-12-13 10:38:55 - [TEST_STEP][PASSED] - Statement - PreSaveFile = new java.io.File(((pathPrefix + java.lang.Integer.toString(counter)) + .png)): null

2018-12-13 10:38:55 - [TEST_STEP][PASSED] - Statement - counter = counter + 1: null

2018-12-13 10:38:55 - [TEST_STEP][PASSED] - Statement - PreSaveFile = new java.io.File(((pathPrefix + java.lang.Integer.toString(counter)) + .png)): null

2018-12-13 10:38:55 - [TEST_STEP][PASSED] - Statement - counter = counter + 1: null

2018-12-13 10:38:55 - [TEST_STEP][PASSED] - Statement - PreSaveFile = new java.io.File(((pathPrefix + java.lang.Integer.toString(counter)) + .png)): null

2018-12-13 10:38:55 - [TEST_STEP][PASSED] - Statement - counter = counter + 1: null

2018-12-13 10:38:55 - [TEST_STEP][PASSED] - Statement - PreSaveFile = new java.io.File(((pathPrefix + java.lang.Integer.toString(counter)) + .png)): null

2018-12-13 10:38:55 - [TEST_STEP][PASSED] - Statement - counter = counter + 1: null

2018-12-13 10:38:55 - [TEST_STEP][PASSED] - Statement - PreSaveFile = new java.io.File(((pathPrefix + java.lang.Integer.toString(counter)) + .png)): null

2018-12-13 10:38:55 - [TEST_STEP][PASSED] - Statement - counter = counter + 1: null

2018-12-13 10:38:55 - [TEST_STEP][PASSED] - Statement - PreSaveFile = new java.io.File(((pathPrefix + java.lang.Integer.toString(counter)) + .png)): null

2018-12-13 10:38:55 - [TEST_STEP][PASSED] - Statement - counter = counter + 1: null

2018-12-13 10:38:55 - [TEST_STEP][PASSED] - Statement - PreSaveFile = new java.io.File(((pathPrefix + java.lang.Integer.toString(counter)) + .png)): null

2018-12-13 10:38:55 - [TEST_STEP][PASSED] - Statement - counter = counter + 1: null

2018-12-13 10:38:55 - [TEST_STEP][PASSED] - Statement - PreSaveFile = new java.io.File(((pathPrefix + java.lang.Integer.toString(counter)) + .png)): null

2018-12-13 10:38:55 - [TEST_STEP][PASSED] - Statement - counter = counter + 1: null

2018-12-13 10:38:55 - [TEST_STEP][PASSED] - Statement - PreSaveFile = new java.io.File(((pathPrefix + java.lang.Integer.toString(counter)) + .png)): null

2018-12-13 10:38:55 - [TEST_STEP][PASSED] - Statement - counter = counter + 1: null

2018-12-13 10:38:55 - [TEST_STEP][PASSED] - Statement - PreSaveFile = new java.io.File(((pathPrefix + java.lang.Integer.toString(counter)) + .png)): null

2018-12-13 10:38:55 - [TEST_STEP][PASSED] - Statement - counter = counter + 1: null

2018-12-13 10:38:55 - [TEST_STEP][PASSED] - Statement - PreSaveFile = new java.io.File(((pathPrefix + java.lang.Integer.toString(counter)) + .png)): null

2018-12-13 10:38:55 - [TEST_STEP][PASSED] - Statement - counter = counter + 1: null

2018-12-13 10:38:55 - [TEST_STEP][PASSED] - Statement - PreSaveFile = new java.io.File(((pathPrefix + java.lang.Integer.toString(counter)) + .png)): null

2018-12-13 10:38:55 - [TEST_STEP][PASSED] - Statement - counter = counter + 1: null

2018-12-13 10:38:55 - [TEST_STEP][PASSED] - Statement - PreSaveFile = new java.io.File(((pathPrefix + java.lang.Integer.toString(counter)) + .png)): null

2018-12-13 10:38:55 - [TEST_STEP][PASSED] - Statement - counter = counter + 1: null

2018-12-13 10:38:55 - [TEST_STEP][PASSED] - Statement - PreSaveFile = new java.io.File(((pathPrefix + java.lang.Integer.toString(counter)) + .png)): null

2018-12-13 10:38:55 - [TEST_STEP][PASSED] - Statement - counter = counter + 1: null

2018-12-13 10:38:55 - [TEST_STEP][PASSED] - Statement - PreSaveFile = new java.io.File(((pathPrefix + java.lang.Integer.toString(counter)) + .png)): null

2018-12-13 10:38:55 - [TEST_STEP][PASSED] - Statement - counter = counter + 1: null

2018-12-13 10:38:55 - [TEST_STEP][PASSED] - Statement - PreSaveFile = new java.io.File(((pathPrefix + java.lang.Integer.toString(counter)) + .png)): null

2018-12-13 10:38:55 - [TEST_STEP][PASSED] - Statement - counter = counter + 1: null

2018-12-13 10:38:55 - [TEST_STEP][PASSED] - Statement - PreSaveFile = new java.io.File(((pathPrefix + java.lang.Integer.toString(counter)) + .png)): null

2018-12-13 10:38:55 - [TEST_STEP][PASSED] - Statement - counter = counter + 1: null

2018-12-13 10:38:55 - [TEST_STEP][PASSED] - Statement - PreSaveFile = new java.io.File(((pathPrefix + java.lang.Integer.toString(counter)) + .png)): null

2018-12-13 10:38:55 - [TEST_STEP][PASSED] - Statement - counter = counter + 1: null

2018-12-13 10:38:55 - [TEST_STEP][PASSED] - Statement - PreSaveFile = new java.io.File(((pathPrefix + java.lang.Integer.toString(counter)) + .png)): null

2018-12-13 10:38:55 - [TEST_STEP][PASSED] - Statement - counter = counter + 1: null

2018-12-13 10:38:55 - [TEST_STEP][PASSED] - Statement - PreSaveFile = new java.io.File(((pathPrefix + java.lang.Integer.toString(counter)) + .png)): null

2018-12-13 10:38:55 - [TEST_STEP][PASSED] - Statement - counter = counter + 1: null

2018-12-13 10:38:55 - [TEST_STEP][PASSED] - Statement - PreSaveFile = new java.io.File(((pathPrefix + java.lang.Integer.toString(counter)) + .png)): null

2018-12-13 10:38:55 - [TEST_STEP][PASSED] - Statement - counter = counter + 1: null

2018-12-13 10:38:55 - [TEST_STEP][PASSED] - Statement - PreSaveFile = new java.io.File(((pathPrefix + java.lang.Integer.toString(counter)) + .png)): null

2018-12-13 10:38:55 - [TEST_STEP][PASSED] - Statement - counter = counter + 1: null

2018-12-13 10:38:55 - [TEST_STEP][PASSED] - Statement - PreSaveFile = new java.io.File(((pathPrefix + java.lang.Integer.toString(counter)) + .png)): null

2018-12-13 10:38:55 - [TEST_STEP][PASSED] - Statement - counter = counter + 1: null

2018-12-13 10:38:55 - [TEST_STEP][PASSED] - Statement - PreSaveFile = new java.io.File(((pathPrefix + java.lang.Integer.toString(counter)) + .png)): null

2018-12-13 10:38:55 - [TEST_STEP][PASSED] - Statement - counter = counter + 1: null

2018-12-13 10:38:55 - [TEST_STEP][PASSED] - Statement - PreSaveFile = new java.io.File(((pathPrefix + java.lang.Integer.toString(counter)) + .png)): null

2018-12-13 10:38:55 - [TEST_STEP][PASSED] - Statement - counter = counter + 1: null

2018-12-13 10:38:55 - [TEST_STEP][PASSED] - Statement - PreSaveFile = new java.io.File(((pathPrefix + java.lang.Integer.toString(counter)) + .png)): null

2018-12-13 10:38:55 - [TEST_STEP][PASSED] - Statement - counter = counter + 1: null

2018-12-13 10:38:55 - [TEST_STEP][PASSED] - Statement - PreSaveFile = new java.io.File(((pathPrefix + java.lang.Integer.toString(counter)) + .png)): null

2018-12-13 10:38:55 - [TEST_STEP][PASSED] - Statement - counter = counter + 1: null

2018-12-13 10:38:55 - [TEST_STEP][PASSED] - Statement - PreSaveFile = new java.io.File(((pathPrefix + java.lang.Integer.toString(counter)) + .png)): null

2018-12-13 10:38:55 - [TEST_STEP][PASSED] - Statement - counter = counter + 1: null

2018-12-13 10:38:55 - [TEST_STEP][PASSED] - Statement - PreSaveFile = new java.io.File(((pathPrefix + java.lang.Integer.toString(counter)) + .png)): null

2018-12-13 10:38:55 - [TEST_STEP][PASSED] - Statement - counter = counter + 1: null

2018-12-13 10:38:55 - [TEST_STEP][PASSED] - Statement - PreSaveFile = new java.io.File(((pathPrefix + java.lang.Integer.toString(counter)) + .png)): null

2018-12-13 10:38:55 - [TEST_STEP][PASSED] - Statement - counter = counter + 1: null

2018-12-13 10:38:55 - [TEST_STEP][PASSED] - Statement - PreSaveFile = new java.io.File(((pathPrefix + java.lang.Integer.toString(counter)) + .png)): null

2018-12-13 10:38:55 - [TEST_STEP][PASSED] - Statement - counter = counter + 1: null

2018-12-13 10:38:55 - [TEST_STEP][PASSED] - Statement - PreSaveFile = new java.io.File(((pathPrefix + java.lang.Integer.toString(counter)) + .png)): null

2018-12-13 10:38:55 - [TEST_STEP][PASSED] - Statement - counter = counter + 1: null

2018-12-13 10:38:55 - [TEST_STEP][PASSED] - Statement - PreSaveFile = new java.io.File(((pathPrefix + java.lang.Integer.toString(counter)) + .png)): null

2018-12-13 10:38:55 - [TEST_STEP][PASSED] - Statement - counter = counter + 1: null

2018-12-13 10:38:55 - [TEST_STEP][PASSED] - Statement - PreSaveFile = new java.io.File(((pathPrefix + java.lang.Integer.toString(counter)) + .png)): null

2018-12-13 10:38:55 - [TEST_STEP][PASSED] - Statement - counter = counter + 1: null

2018-12-13 10:38:55 - [TEST_STEP][PASSED] - Statement - PreSaveFile = new java.io.File(((pathPrefix + java.lang.Integer.toString(counter)) + .png)): null

2018-12-13 10:38:55 - [TEST_STEP][PASSED] - Statement - counter = counter + 1: null

2018-12-13 10:38:55 - [TEST_STEP][PASSED] - Statement - PreSaveFile = new java.io.File(((pathPrefix + java.lang.Integer.toString(counter)) + .png)): null

2018-12-13 10:38:55 - [TEST_STEP][PASSED] - Statement - counter = counter + 1: null

2018-12-13 10:38:55 - [TEST_STEP][PASSED] - Statement - PreSaveFile = new java.io.File(((pathPrefix + java.lang.Integer.toString(counter)) + .png)): null

2018-12-13 10:38:55 - [TEST_STEP][PASSED] - Statement - counter = counter + 1: null

2018-12-13 10:38:55 - [TEST_STEP][PASSED] - Statement - PreSaveFile = new java.io.File(((pathPrefix + java.lang.Integer.toString(counter)) + .png)): null

2018-12-13 10:38:55 - [TEST_STEP][PASSED] - Statement - counter = counter + 1: null

2018-12-13 10:38:55 - [TEST_STEP][PASSED] - Statement - PreSaveFile = new java.io.File(((pathPrefix + java.lang.Integer.toString(counter)) + .png)): null

2018-12-13 10:38:55 - [TEST_STEP][PASSED] - Statement - counter = counter + 1: null

2018-12-13 10:38:55 - [TEST_STEP][PASSED] - Statement - PreSaveFile = new java.io.File(((pathPrefix + java.lang.Integer.toString(counter)) + .png)): null

2018-12-13 10:38:55 - [TEST_STEP][PASSED] - Statement - counter = counter + 1: null

2018-12-13 10:38:55 - [TEST_STEP][PASSED] - Statement - PreSaveFile = new java.io.File(((pathPrefix + java.lang.Integer.toString(counter)) + .png)): null

2018-12-13 10:38:55 - [TEST_STEP][PASSED] - Statement - counter = counter + 1: null

2018-12-13 10:38:55 - [TEST_STEP][PASSED] - Statement - PreSaveFile = new java.io.File(((pathPrefix + java.lang.Integer.toString(counter)) + .png)): null

2018-12-13 10:38:55 - [TEST_STEP][PASSED] - Statement - counter = counter + 1: null

2018-12-13 10:38:55 - [TEST_STEP][PASSED] - Statement - PreSaveFile = new java.io.File(((pathPrefix + java.lang.Integer.toString(counter)) + .png)): null

2018-12-13 10:38:55 - [TEST_STEP][PASSED] - Statement - counter = counter + 1: null

2018-12-13 10:38:55 - [TEST_STEP][PASSED] - Statement - PreSaveFile = new java.io.File(((pathPrefix + java.lang.Integer.toString(counter)) + .png)): null

2018-12-13 10:38:55 - [TEST_STEP][PASSED] - Statement - counter = counter + 1: null

2018-12-13 10:38:55 - [TEST_STEP][PASSED] - Statement - PreSaveFile = new java.io.File(((pathPrefix + java.lang.Integer.toString(counter)) + .png)): null

2018-12-13 10:38:55 - [TEST_STEP][PASSED] - Statement - counter = counter + 1: null

2018-12-13 10:38:55 - [TEST_STEP][PASSED] - Statement - PreSaveFile = new java.io.File(((pathPrefix + java.lang.Integer.toString(counter)) + .png)): null

2018-12-13 10:38:55 - [TEST_STEP][PASSED] - Statement - counter = counter + 1: null

2018-12-13 10:38:55 - [TEST_STEP][PASSED] - Statement - PreSaveFile = new java.io.File(((pathPrefix + java.lang.Integer.toString(counter)) + .png)): null

2018-12-13 10:38:55 - [TEST_STEP][PASSED] - Statement - counter = counter + 1: null

2018-12-13 10:38:55 - [TEST_STEP][PASSED] - Statement - PreSaveFile = new java.io.File(((pathPrefix + java.lang.Integer.toString(counter)) + .png)): null

2018-12-13 10:38:55 - [TEST_STEP][PASSED] - Statement - counter = counter + 1: null

2018-12-13 10:38:55 - [TEST_STEP][PASSED] - Statement - PreSaveFile = new java.io.File(((pathPrefix + java.lang.Integer.toString(counter)) + .png)): null

2018-12-13 10:38:55 - [TEST_STEP][PASSED] - Statement - counter = counter + 1: null

2018-12-13 10:38:55 - [TEST_STEP][PASSED] - Statement - PreSaveFile = new java.io.File(((pathPrefix + java.lang.Integer.toString(counter)) + .png)): null

2018-12-13 10:38:55 - [TEST_STEP][PASSED] - Statement - counter = counter + 1: null

2018-12-13 10:38:55 - [TEST_STEP][PASSED] - Statement - PreSaveFile = new java.io.File(((pathPrefix + java.lang.Integer.toString(counter)) + .png)): null

2018-12-13 10:38:55 - [TEST_STEP][PASSED] - Statement - counter = counter + 1: null

2018-12-13 10:38:55 - [TEST_STEP][PASSED] - Statement - PreSaveFile = new java.io.File(((pathPrefix + java.lang.Integer.toString(counter)) + .png)): null

2018-12-13 10:38:55 - [TEST_STEP][PASSED] - Statement - counter = counter + 1: null

2018-12-13 10:38:55 - [TEST_STEP][PASSED] - Statement - PreSaveFile = new java.io.File(((pathPrefix + java.lang.Integer.toString(counter)) + .png)): null

2018-12-13 10:38:55 - [TEST_STEP][PASSED] - Statement - counter = counter + 1: null

2018-12-13 10:38:55 - [TEST_STEP][PASSED] - Statement - PreSaveFile = new java.io.File(((pathPrefix + java.lang.Integer.toString(counter)) + .png)): null

2018-12-13 10:38:55 - [TEST_STEP][PASSED] - Statement - counter = counter + 1: null

2018-12-13 10:38:55 - [TEST_STEP][PASSED] - Statement - PreSaveFile = new java.io.File(((pathPrefix + java.lang.Integer.toString(counter)) + .png)): null

2018-12-13 10:38:55 - [TEST_STEP][PASSED] - Statement - counter = counter + 1: null

2018-12-13 10:38:55 - [TEST_STEP][PASSED] - Statement - PreSaveFile = new java.io.File(((pathPrefix + java.lang.Integer.toString(counter)) + .png)): null

2018-12-13 10:38:55 - [TEST_STEP][PASSED] - Statement - counter = counter + 1: null

2018-12-13 10:38:55 - [TEST_STEP][PASSED] - Statement - PreSaveFile = new java.io.File(((pathPrefix + java.lang.Integer.toString(counter)) + .png)): null

2018-12-13 10:38:55 - [TEST_STEP][PASSED] - Statement - counter = counter + 1: null

2018-12-13 10:38:55 - [TEST_STEP][PASSED] - Statement - PreSaveFile = new java.io.File(((pathPrefix + java.lang.Integer.toString(counter)) + .png)): null

2018-12-13 10:38:55 - [TEST_STEP][PASSED] - Statement - counter = counter + 1: null

2018-12-13 10:38:55 - [TEST_STEP][PASSED] - Statement - PreSaveFile = new java.io.File(((pathPrefix + java.lang.Integer.toString(counter)) + .png)): null

2018-12-13 10:38:55 - [TEST_STEP][PASSED] - Statement - counter = counter + 1: null

2018-12-13 10:38:55 - [TEST_STEP][PASSED] - Statement - PreSaveFile = new java.io.File(((pathPrefix + java.lang.Integer.toString(counter)) + .png)): null

2018-12-13 10:38:55 - [TEST_STEP][PASSED] - Statement - counter = counter + 1: null

2018-12-13 10:38:55 - [TEST_STEP][PASSED] - Statement - PreSaveFile = new java.io.File(((pathPrefix + java.lang.Integer.toString(counter)) + .png)): null

2018-12-13 10:38:55 - [TEST_STEP][PASSED] - Statement - counter = counter + 1: null

2018-12-13 10:38:55 - [TEST_STEP][PASSED] - Statement - PreSaveFile = new java.io.File(((pathPrefix + java.lang.Integer.toString(counter)) + .png)): null

2018-12-13 10:38:55 - [TEST_STEP][PASSED] - Statement - counter = counter + 1: null

2018-12-13 10:38:55 - [TEST_STEP][PASSED] - Statement - PreSaveFile = new java.io.File(((pathPrefix + java.lang.Integer.toString(counter)) + .png)): null

2018-12-13 10:38:55 - [TEST_STEP][PASSED] - Statement - counter = counter + 1: null

2018-12-13 10:38:55 - [TEST_STEP][PASSED] - Statement - PreSaveFile = new java.io.File(((pathPrefix + java.lang.Integer.toString(counter)) + .png)): null

2018-12-13 10:38:55 - [TEST_STEP][PASSED] - Statement - counter = counter + 1: null

2018-12-13 10:38:55 - [TEST_STEP][PASSED] - Statement - PreSaveFile = new java.io.File(((pathPrefix + java.lang.Integer.toString(counter)) + .png)): null

2018-12-13 10:38:55 - [TEST_STEP][PASSED] - Statement - counter = counter + 1: null

2018-12-13 10:38:55 - [TEST_STEP][PASSED] - Statement - PreSaveFile = new java.io.File(((pathPrefix + java.lang.Integer.toString(counter)) + .png)): null

2018-12-13 10:38:55 - [TEST_STEP][PASSED] - Statement - counter = counter + 1: null

2018-12-13 10:38:55 - [TEST_STEP][PASSED] - Statement - PreSaveFile = new java.io.File(((pathPrefix + java.lang.Integer.toString(counter)) + .png)): null

2018-12-13 10:38:55 - [TEST_STEP][PASSED] - Statement - counter = counter + 1: null

2018-12-13 10:38:55 - [TEST_STEP][PASSED] - Statement - PreSaveFile = new java.io.File(((pathPrefix + java.lang.Integer.toString(counter)) + .png)): null

2018-12-13 10:38:55 - [TEST_STEP][PASSED] - Statement - counter = counter + 1: null

2018-12-13 10:38:55 - [TEST_STEP][PASSED] - Statement - PreSaveFile = new java.io.File(((pathPrefix + java.lang.Integer.toString(counter)) + .png)): null

2018-12-13 10:38:55 - [TEST_STEP][PASSED] - Statement - counter = counter + 1: null

2018-12-13 10:38:55 - [TEST_STEP][PASSED] - Statement - PreSaveFile = new java.io.File(((pathPrefix + java.lang.Integer.toString(counter)) + .png)): null

2018-12-13 10:38:55 - [TEST_STEP][PASSED] - Statement - counter = counter + 1: null

2018-12-13 10:38:55 - [TEST_STEP][PASSED] - Statement - PreSaveFile = new java.io.File(((pathPrefix + java.lang.Integer.toString(counter)) + .png)): null

2018-12-13 10:38:55 - [TEST_STEP][PASSED] - Statement - counter = counter + 1: null

2018-12-13 10:38:55 - [TEST_STEP][PASSED] - Statement - PreSaveFile = new java.io.File(((pathPrefix + java.lang.Integer.toString(counter)) + .png)): null

2018-12-13 10:38:55 - [TEST_STEP][PASSED] - Statement - counter = counter + 1: null

2018-12-13 10:38:55 - [TEST_STEP][PASSED] - Statement - PreSaveFile = new java.io.File(((pathPrefix + java.lang.Integer.toString(counter)) + .png)): null

2018-12-13 10:38:55 - [TEST_STEP][PASSED] - Statement - counter = counter + 1: null

2018-12-13 10:38:55 - [TEST_STEP][PASSED] - Statement - PreSaveFile = new java.io.File(((pathPrefix + java.lang.Integer.toString(counter)) + .png)): null

2018-12-13 10:38:55 - [TEST_STEP][PASSED] - Statement - counter = counter + 1: null

2018-12-13 10:38:55 - [TEST_STEP][PASSED] - Statement - PreSaveFile = new java.io.File(((pathPrefix + java.lang.Integer.toString(counter)) + .png)): null

2018-12-13 10:38:55 - [TEST_STEP][PASSED] - Statement - counter = counter + 1: null

2018-12-13 10:38:55 - [TEST_STEP][PASSED] - Statement - PreSaveFile = new java.io.File(((pathPrefix + java.lang.Integer.toString(counter)) + .png)): null

2018-12-13 10:38:55 - [TEST_STEP][PASSED] - Statement - counter = counter + 1: null

2018-12-13 10:38:55 - [TEST_STEP][PASSED] - Statement - PreSaveFile = new java.io.File(((pathPrefix + java.lang.Integer.toString(counter)) + .png)): null

2018-12-13 10:38:55 - [TEST_STEP][PASSED] - Statement - counter = counter + 1: null

2018-12-13 10:38:55 - [TEST_STEP][PASSED] - Statement - PreSaveFile = new java.io.File(((pathPrefix + java.lang.Integer.toString(counter)) + .png)): null

2018-12-13 10:38:55 - [TEST_STEP][PASSED] - Statement - counter = counter + 1: null

2018-12-13 10:38:55 - [TEST_STEP][PASSED] - Statement - PreSaveFile = new java.io.File(((pathPrefix + java.lang.Integer.toString(counter)) + .png)): null

2018-12-13 10:38:55 - [TEST_STEP][PASSED] - Statement - counter = counter + 1: null

2018-12-13 10:38:55 - [TEST_STEP][PASSED] - Statement - PreSaveFile = new java.io.File(((pathPrefix + java.lang.Integer.toString(counter)) + .png)): null

2018-12-13 10:38:55 - [TEST_STEP][PASSED] - Statement - counter = counter + 1: null

2018-12-13 10:38:55 - [TEST_STEP][PASSED] - Statement - PreSaveFile = new java.io.File(((pathPrefix + java.lang.Integer.toString(counter)) + .png)): null

2018-12-13 10:38:55 - [TEST_STEP][PASSED] - Statement - counter = counter + 1: null

2018-12-13 10:38:55 - [TEST_STEP][PASSED] - Statement - PreSaveFile = new java.io.File(((pathPrefix + java.lang.Integer.toString(counter)) + .png)): null

2018-12-13 10:38:55 - [TEST_STEP][PASSED] - Statement - counter = counter + 1: null

2018-12-13 10:38:55 - [TEST_STEP][PASSED] - Statement - PreSaveFile = new java.io.File(((pathPrefix + java.lang.Integer.toString(counter)) + .png)): null

2018-12-13 10:38:55 - [TEST_STEP][PASSED] - Statement - counter = counter + 1: null

2018-12-13 10:38:55 - [TEST_STEP][PASSED] - Statement - PreSaveFile = new java.io.File(((pathPrefix + java.lang.Integer.toString(counter)) + .png)): null

2018-12-13 10:38:55 - [TEST_STEP][PASSED] - Statement - counter = counter + 1: null

2018-12-13 10:38:55 - [TEST_STEP][PASSED] - Statement - PreSaveFile = new java.io.File(((pathPrefix + java.lang.Integer.toString(counter)) + .png)): null

2018-12-13 10:38:55 - [TEST_STEP][PASSED] - Statement - counter = counter + 1: null

2018-12-13 10:38:55 - [TEST_STEP][PASSED] - Statement - PreSaveFile = new java.io.File(((pathPrefix + java.lang.Integer.toString(counter)) + .png)): null

2018-12-13 10:38:55 - [TEST_STEP][PASSED] - Statement - counter = counter + 1: null

2018-12-13 10:38:55 - [TEST_STEP][PASSED] - Statement - PreSaveFile = new java.io.File(((pathPrefix + java.lang.Integer.toString(counter)) + .png)): null

2018-12-13 10:38:55 - [TEST_STEP][PASSED] - Statement - counter = counter + 1: null

2018-12-13 10:38:55 - [TEST_STEP][PASSED] - Statement - PreSaveFile = new java.io.File(((pathPrefix + java.lang.Integer.toString(counter)) + .png)): null

2018-12-13 10:38:55 - [TEST_STEP][PASSED] - Statement - counter = counter + 1: null

2018-12-13 10:38:55 - [TEST_STEP][PASSED] - Statement - PreSaveFile = new java.io.File(((pathPrefix + java.lang.Integer.toString(counter)) + .png)): null

2018-12-13 10:38:55 - [TEST_STEP][PASSED] - Statement - counter = counter + 1: null

2018-12-13 10:38:55 - [TEST_STEP][PASSED] - Statement - PreSaveFile = new java.io.File(((pathPrefix + java.lang.Integer.toString(counter)) + .png)): null

2018-12-13 10:38:55 - [TEST_STEP][PASSED] - Statement - counter = counter + 1: null

2018-12-13 10:38:55 - [TEST_STEP][PASSED] - Statement - PreSaveFile = new java.io.File(((pathPrefix + java.lang.Integer.toString(counter)) + .png)): null

2018-12-13 10:38:55 - [TEST_STEP][PASSED] - Statement - counter = counter + 1: null

2018-12-13 10:38:55 - [TEST_STEP][PASSED] - Statement - PreSaveFile = new java.io.File(((pathPrefix + java.lang.Integer.toString(counter)) + .png)): null

2018-12-13 10:38:55 - [TEST_STEP][PASSED] - Statement - counter = counter + 1: null

2018-12-13 10:38:55 - [TEST_STEP][PASSED] - Statement - PreSaveFile = new java.io.File(((pathPrefix + java.lang.Integer.toString(counter)) + .png)): null

2018-12-13 10:38:55 - [TEST_STEP][PASSED] - Statement - counter = counter + 1: null

2018-12-13 10:38:55 - [TEST_STEP][PASSED] - Statement - PreSaveFile = new java.io.File(((pathPrefix + java.lang.Integer.toString(counter)) + .png)): null

2018-12-13 10:38:55 - [TEST_STEP][PASSED] - Statement - counter = counter + 1: null

2018-12-13 10:38:55 - [TEST_STEP][PASSED] - Statement - PreSaveFile = new java.io.File(((pathPrefix + java.lang.Integer.toString(counter)) + .png)): null

2018-12-13 10:38:55 - [TEST_STEP][PASSED] - Statement - counter = counter + 1: null

2018-12-13 10:38:55 - [TEST_STEP][PASSED] - Statement - PreSaveFile = new java.io.File(((pathPrefix + java.lang.Integer.toString(counter)) + .png)): null

2018-12-13 10:38:55 - [TEST_STEP][PASSED] - Statement - counter = counter + 1: null

2018-12-13 10:38:55 - [TEST_STEP][PASSED] - Statement - PreSaveFile = new java.io.File(((pathPrefix + java.lang.Integer.toString(counter)) + .png)): null

2018-12-13 10:38:55 - [TEST_STEP][PASSED] - Statement - counter = counter + 1: null

2018-12-13 10:38:55 - [TEST_STEP][PASSED] - Statement - PreSaveFile = new java.io.File(((pathPrefix + java.lang.Integer.toString(counter)) + .png)): null

2018-12-13 10:38:55 - [TEST_STEP][PASSED] - Statement - counter = counter + 1: null

2018-12-13 10:38:55 - [TEST_STEP][PASSED] - Statement - PreSaveFile = new java.io.File(((pathPrefix + java.lang.Integer.toString(counter)) + .png)): null

2018-12-13 10:38:55 - [TEST_STEP][PASSED] - Statement - counter = counter + 1: null

2018-12-13 10:38:55 - [TEST_STEP][PASSED] - Statement - PreSaveFile = new java.io.File(((pathPrefix + java.lang.Integer.toString(counter)) + .png)): null

2018-12-13 10:38:55 - [TEST_STEP][PASSED] - Statement - counter = counter + 1: null

2018-12-13 10:38:55 - [TEST_STEP][PASSED] - Statement - PreSaveFile = new java.io.File(((pathPrefix + java.lang.Integer.toString(counter)) + .png)): null

2018-12-13 10:38:55 - [TEST_STEP][PASSED] - Statement - counter = counter + 1: null

2018-12-13 10:38:55 - [TEST_STEP][PASSED] - Statement - PreSaveFile = new java.io.File(((pathPrefix + java.lang.Integer.toString(counter)) + .png)): null

2018-12-13 10:38:55 - [TEST_STEP][PASSED] - Statement - counter = counter + 1: null

2018-12-13 10:38:55 - [TEST_STEP][PASSED] - Statement - PreSaveFile = new java.io.File(((pathPrefix + java.lang.Integer.toString(counter)) + .png)): null

2018-12-13 10:38:55 - [TEST_STEP][PASSED] - Statement - counter = counter + 1: null

2018-12-13 10:38:55 - [TEST_STEP][PASSED] - Statement - PreSaveFile = new java.io.File(((pathPrefix + java.lang.Integer.toString(counter)) + .png)): null

2018-12-13 10:38:55 - [TEST_STEP][PASSED] - Statement - counter = counter + 1: null

2018-12-13 10:38:55 - [TEST_STEP][PASSED] - Statement - PreSaveFile = new java.io.File(((pathPrefix + java.lang.Integer.toString(counter)) + .png)): null

2018-12-13 10:38:55 - [TEST_STEP][PASSED] - Statement - counter = counter + 1: null

2018-12-13 10:38:55 - [TEST_STEP][PASSED] - Statement - PreSaveFile = new java.io.File(((pathPrefix + java.lang.Integer.toString(counter)) + .png)): null

2018-12-13 10:38:55 - [TEST_STEP][PASSED] - Statement - counter = counter + 1: null

2018-12-13 10:38:55 - [TEST_STEP][PASSED] - Statement - PreSaveFile = new java.io.File(((pathPrefix + java.lang.Integer.toString(counter)) + .png)): null

2018-12-13 10:38:55 - [TEST_STEP][PASSED] - Statement - counter = counter + 1: null

2018-12-13 10:38:55 - [TEST_STEP][PASSED] - Statement - PreSaveFile = new java.io.File(((pathPrefix + java.lang.Integer.toString(counter)) + .png)): null

2018-12-13 10:38:55 - [TEST_STEP][PASSED] - Statement - counter = counter + 1: null

2018-12-13 10:38:55 - [TEST_STEP][PASSED] - Statement - PreSaveFile = new java.io.File(((pathPrefix + java.lang.Integer.toString(counter)) + .png)): null

2018-12-13 10:38:55 - [TEST_STEP][PASSED] - Statement - counter = counter + 1: null

2018-12-13 10:38:55 - [TEST_STEP][PASSED] - Statement - PreSaveFile = new java.io.File(((pathPrefix + java.lang.Integer.toString(counter)) + .png)): null

2018-12-13 10:38:55 - [TEST_STEP][PASSED] - Statement - counter = counter + 1: null

2018-12-13 10:38:55 - [TEST_STEP][PASSED] - Statement - PreSaveFile = new java.io.File(((pathPrefix + java.lang.Integer.toString(counter)) + .png)): null

2018-12-13 10:38:55 - [TEST_STEP][PASSED] - Statement - counter = counter + 1: null

2018-12-13 10:38:55 - [TEST_STEP][PASSED] - Statement - PreSaveFile = new java.io.File(((pathPrefix + java.lang.Integer.toString(counter)) + .png)): null

2018-12-13 10:38:55 - [TEST_STEP][PASSED] - Statement - counter = counter + 1: null

2018-12-13 10:38:55 - [TEST_STEP][PASSED] - Statement - PreSaveFile = new java.io.File(((pathPrefix + java.lang.Integer.toString(counter)) + .png)): null

2018-12-13 10:38:55 - [TEST_STEP][PASSED] - Statement - counter = counter + 1: null

2018-12-13 10:38:55 - [TEST_STEP][PASSED] - Statement - PreSaveFile = new java.io.File(((pathPrefix + java.lang.Integer.toString(counter)) + .png)): null

2018-12-13 10:38:55 - [TEST_STEP][PASSED] - Statement - counter = counter + 1: null

2018-12-13 10:38:55 - [TEST_STEP][PASSED] - Statement - PreSaveFile = new java.io.File(((pathPrefix + java.lang.Integer.toString(counter)) + .png)): null

2018-12-13 10:38:55 - [TEST_STEP][PASSED] - Statement - counter = counter + 1: null

2018-12-13 10:38:55 - [TEST_STEP][PASSED] - Statement - PreSaveFile = new java.io.File(((pathPrefix + java.lang.Integer.toString(counter)) + .png)): null

2018-12-13 10:38:55 - [TEST_STEP][PASSED] - Statement - counter = counter + 1: null

2018-12-13 10:38:55 - [TEST_STEP][PASSED] - Statement - PreSaveFile = new java.io.File(((pathPrefix + java.lang.Integer.toString(counter)) + .png)): null

2018-12-13 10:38:55 - [TEST_STEP][PASSED] - Statement - counter = counter + 1: null

2018-12-13 10:38:55 - [TEST_STEP][PASSED] - Statement - PreSaveFile = new java.io.File(((pathPrefix + java.lang.Integer.toString(counter)) + .png)): null

2018-12-13 10:38:55 - [TEST_STEP][PASSED] - Statement - counter = counter + 1: null

2018-12-13 10:38:55 - [TEST_STEP][PASSED] - Statement - PreSaveFile = new java.io.File(((pathPrefix + java.lang.Integer.toString(counter)) + .png)): null

2018-12-13 10:38:55 - [TEST_STEP][PASSED] - Statement - counter = counter + 1: null

2018-12-13 10:38:55 - [TEST_STEP][PASSED] - Statement - PreSaveFile = new java.io.File(((pathPrefix + java.lang.Integer.toString(counter)) + .png)): null

2018-12-13 10:38:55 - [TEST_STEP][PASSED] - Statement - counter = counter + 1: null

2018-12-13 10:38:55 - [TEST_STEP][PASSED] - Statement - PreSaveFile = new java.io.File(((pathPrefix + java.lang.Integer.toString(counter)) + .png)): null

2018-12-13 10:38:55 - [TEST_STEP][PASSED] - Statement - counter = counter + 1: null

2018-12-13 10:38:55 - [TEST_STEP][PASSED] - Statement - PreSaveFile = new java.io.File(((pathPrefix + java.lang.Integer.toString(counter)) + .png)): null

2018-12-13 10:38:55 - [TEST_STEP][PASSED] - Statement - counter = counter + 1: null

2018-12-13 10:38:55 - [TEST_STEP][PASSED] - Statement - PreSaveFile = new java.io.File(((pathPrefix + java.lang.Integer.toString(counter)) + .png)): null

2018-12-13 10:38:55 - [TEST_STEP][PASSED] - Statement - counter = counter + 1: null

2018-12-13 10:38:55 - [TEST_STEP][PASSED] - Statement - PreSaveFile = new java.io.File(((pathPrefix + java.lang.Integer.toString(counter)) + .png)): null

2018-12-13 10:38:55 - [TEST_STEP][PASSED] - Statement - counter = counter + 1: null

2018-12-13 10:38:55 - [TEST_STEP][PASSED] - Statement - PreSaveFile = new java.io.File(((pathPrefix + java.lang.Integer.toString(counter)) + .png)): null

2018-12-13 10:38:55 - [TEST_STEP][PASSED] - Statement - counter = counter + 1: null

2018-12-13 10:38:55 - [TEST_STEP][PASSED] - Statement - PreSaveFile = new java.io.File(((pathPrefix + java.lang.Integer.toString(counter)) + .png)): null

2018-12-13 10:38:55 - [TEST_STEP][PASSED] - Statement - counter = counter + 1: null

2018-12-13 10:38:55 - [TEST_STEP][PASSED] - Statement - PreSaveFile = new java.io.File(((pathPrefix + java.lang.Integer.toString(counter)) + .png)): null

2018-12-13 10:38:55 - [TEST_STEP][PASSED] - Statement - counter = counter + 1: null

2018-12-13 10:38:55 - [TEST_STEP][PASSED] - Statement - PreSaveFile = new java.io.File(((pathPrefix + java.lang.Integer.toString(counter)) + .png)): null

2018-12-13 10:38:55 - [TEST_STEP][PASSED] - Statement - counter = counter + 1: null

2018-12-13 10:38:55 - [TEST_STEP][PASSED] - Statement - PreSaveFile = new java.io.File(((pathPrefix + java.lang.Integer.toString(counter)) + .png)): null

2018-12-13 10:38:55 - [TEST_STEP][PASSED] - Statement - counter = counter + 1: null

2018-12-13 10:38:55 - [TEST_STEP][PASSED] - Statement - PreSaveFile = new java.io.File(((pathPrefix + java.lang.Integer.toString(counter)) + .png)): null

2018-12-13 10:38:55 - [TEST_STEP][PASSED] - Statement - counter = counter + 1: null

2018-12-13 10:38:55 - [TEST_STEP][PASSED] - Statement - PreSaveFile = new java.io.File(((pathPrefix + java.lang.Integer.toString(counter)) + .png)): null

2018-12-13 10:38:55 - [TEST_STEP][PASSED] - Statement - counter = counter + 1: null

2018-12-13 10:38:55 - [TEST_STEP][PASSED] - Statement - PreSaveFile = new java.io.File(((pathPrefix + java.lang.Integer.toString(counter)) + .png)): null

2018-12-13 10:38:55 - [TEST_STEP][PASSED] - Statement - counter = counter + 1: null

2018-12-13 10:38:55 - [TEST_STEP][PASSED] - Statement - PreSaveFile = new java.io.File(((pathPrefix + java.lang.Integer.toString(counter)) + .png)): null

2018-12-13 10:38:55 - [TEST_STEP][PASSED] - Statement - counter = counter + 1: null

2018-12-13 10:38:55 - [TEST_STEP][PASSED] - Statement - PreSaveFile = new java.io.File(((pathPrefix + java.lang.Integer.toString(counter)) + .png)): null

2018-12-13 10:38:55 - [TEST_STEP][PASSED] - Statement - finalPath = pathPrefix + java.lang.Integer.toString(counter) + ".png": null

2018-12-13 10:38:55 - [TEST_STEP][PASSED] - Statement - SaveFile = new java.io.File(finalPath): null

2018-12-13 10:38:55 - [TEST_STEP][PASSED] - Statement - Try: null

2018-12-13 10:38:55 - [TEST_STEP][PASSED] - Statement - org.apache.commons.io.FileUtils.copyFile(scrFile, SaveFile): null

2018-12-13 10:38:55 - [TEST_STEP][PASSED] - Statement - out.println("file kept"): null

2018-12-13 10:38:55 - [TEST_STEP][PASSED] - delay: Delayed 10 second(s)

2018-12-13 10:39:05 - [MESSAGE][PASSED] - Delayed 10 second(s)

2018-12-13 10:39:05 - [MESSAGE][PASSED] - Call Test Case 'Test Cases/Final Aug 2018 - PKS Automation/Registration Module/New Registration/Submit and Screenshot/Submit Registration and Screenshot - Copy' successfully

2018-12-13 10:39:05 - [TEST_STEP][PASSED] - Statement - UpdateAddNewECode = com.kms.katalon.core.webui.keyword.WebUiBuiltInKeywords.getText(com.kms.katalon.core.testobject.ObjectRepository.findTestObject(Object Repository/Final Object Repo/Page_Update Add New Employee - ASSIST/getEmpCode)): Text of object 'Object Repository/Final Object Repo/Page_Update Add New Employee - ASSIST/getEmpCode' is: 'E1102070832P'

2018-12-13 10:39:06 - [MESSAGE][PASSED] - Text of object 'Object Repository/Final Object Repo/Page_Update Add New Employee - ASSIST/getEmpCode' is: 'E1102070832P'

2018-12-13 10:39:06 - [TEST_STEP][PASSED] - callTestCase: Call Test Case 'Test Cases/Final Aug 2018 - PKS Automation/Common/Emp Code Setter' successfully

2018-12-13 10:39:06 - [TEST_CASE][PASSED] - Test Cases/Final Aug 2018 - PKS Automation/Common/Emp Code Setter: Test Cases/Final Aug 2018 - PKS Automation/Common/Emp Code Setter

2018-12-13 10:39:06 - [TEST_STEP][PASSED] - Statement - EmpCodeOld = new java.io.File(C://Users//Admin//Desktop//PKS//Automation Reference Point//EmpCode.txt): null

2018-12-13 10:39:06 - [TEST_STEP][PASSED] - Statement - EmpCodeOld.delete(): null

2018-12-13 10:39:06 - [TEST_STEP][PASSED] - Statement - EmpCode = new java.io.File(C://Users//Admin//Desktop//PKS//Automation Reference Point//EmpCode.txt): null

2018-12-13 10:39:06 - [TEST_STEP][PASSED] - Statement - f2 = new java.io.FileWriter(EmpCode, false): null

2018-12-13 10:39:06 - [TEST_STEP][PASSED] - Statement - f2.write(UpdateAddNewECode): null

2018-12-13 10:39:06 - [TEST_STEP][PASSED] - Statement - f2.close(): null

2018-12-13 10:39:06 - [TEST_STEP][PASSED] - Statement - out.println("


" + UpdateAddNewECode + "


"): null

2018-12-13 10:39:06 - [MESSAGE][PASSED] - Call Test Case 'Test Cases/Final Aug 2018 - PKS Automation/Common/Emp Code Setter' successfully

2018-12-13 10:39:06 - [MESSAGE][PASSED] - Call Test Case 'Test Cases/Final Aug 2018 - PKS Automation/Registration Module/Workflow/Update Add New Employee/Template/New Company for Update Add New - Employer' successfully

2018-12-13 10:39:06 - [TEST_STEP][PASSED] - callTestCase: Call Test Case 'Test Cases/Final Aug 2018 - PKS Automation/Create Employer Acc/Login to Employer Account (Second time)' successfully

2018-12-13 10:39:06 - [TEST_CASE][PASSED] - Test Cases/Final Aug 2018 - PKS Automation/Create Employer Acc/Login to Employer Account (Second time): Test Cases/Final Aug 2018 - PKS Automation/Create Employer Acc/Login to Employer Account (Second time)

2018-12-13 10:39:06 - [TEST_STEP][PASSED] - openBrowser: Browser is opened with url: ''

2018-12-13 10:39:06 - [MESSAGE][WARNING] - A browser is already opened. Closing browser and opening a new one

2018-12-13 10:39:09 - [MESSAGE][PASSED] - Browser is opened with url: ''

2018-12-13 10:39:09 - [TEST_STEP][PASSED] - navigateToUrl: Navigate to 'https://assist2-uat.perkeso.gov.my/employer/login' successfully

2018-12-13 10:39:10 - [MESSAGE][PASSED] - Navigate to 'https://assist2-uat.perkeso.gov.my/employer/login' successfully

2018-12-13 10:39:10 - [TEST_STEP][PASSED] - delay: Delayed 3 second(s)

2018-12-13 10:39:13 - [MESSAGE][PASSED] - Delayed 3 second(s)

2018-12-13 10:39:13 - [TEST_STEP][PASSED] - callTestCase: Call Test Case 'Test Cases/Final Aug 2018 - PKS Automation/Create Employer Acc/Template/Employer Email Getter' successfully

2018-12-13 10:39:13 - [TEST_CASE][PASSED] - Test Cases/Final Aug 2018 - PKS Automation/Create Employer Acc/Template/Employer Email Getter: Test Cases/Final Aug 2018 - PKS Automation/Create Employer Acc/Template/Employer Email Getter

2018-12-13 10:39:13 - [TEST_STEP][PASSED] - Statement - Try: null

2018-12-13 10:39:13 - [TEST_STEP][PASSED] - Statement - EmpEmail = new java.io.File(C://Users//Admin//Desktop//PKS//Automation Reference Point//EmpEmail.txt): null

2018-12-13 10:39:13 - [TEST_STEP][PASSED] - Statement - bufferread = new java.io.BufferedReader(new java.io.FileReader(EmpEmail)): null

2018-12-13 10:39:13 - [TEST_STEP][PASSED] - Statement - readedVal = bufferread.readLine(): null

2018-12-13 10:39:13 - [TEST_STEP][PASSED] - Statement - out.println(readedVal): null

2018-12-13 10:39:13 - [TEST_STEP][PASSED] - Statement - Email = readedVal: null

2018-12-13 10:39:13 - [MESSAGE][PASSED] - Call Test Case 'Test Cases/Final Aug 2018 - PKS Automation/Create Employer Acc/Template/Employer Email Getter' successfully

2018-12-13 10:39:13 - [TEST_STEP][PASSED] - setText: Text 'perkeso872063533867@gmail.com' is set on object 'Object Repository/Final Object Repo/Login Page/External Login Page/Email'

2018-12-13 10:39:13 - [MESSAGE][PASSED] - Text 'perkeso872063533867@gmail.com' is set on object 'Object Repository/Final Object Repo/Login Page/External Login Page/Email'

2018-12-13 10:39:13 - [TEST_STEP][PASSED] - click: Object: 'Object Repository/Final Object Repo/Login Page/External Login Page/Next' is clicked on

2018-12-13 10:39:13 - [MESSAGE][PASSED] - Object: 'Object Repository/Final Object Repo/Login Page/External Login Page/Next' is clicked on

2018-12-13 10:39:13 - [TEST_STEP][PASSED] - delay: Delayed 3 second(s)

2018-12-13 10:39:16 - [MESSAGE][PASSED] - Delayed 3 second(s)

2018-12-13 10:39:16 - [TEST_STEP][PASSED] - setEncryptedText: Text ****** has been set on object 'Object Repository/Final Object Repo/Login Page/External Login Page/Password'

2018-12-13 10:39:17 - [MESSAGE][PASSED] - Text ****** has been set on object 'Object Repository/Final Object Repo/Login Page/External Login Page/Password'

2018-12-13 10:39:17 - [TEST_STEP][PASSED] - click: Object: 'Object Repository/Final Object Repo/Login Page/External Login Page/Login' is clicked on

2018-12-13 10:39:17 - [MESSAGE][PASSED] - Object: 'Object Repository/Final Object Repo/Login Page/External Login Page/Login' is clicked on

2018-12-13 10:39:17 - [TEST_STEP][PASSED] - delay: Delayed 5 second(s)

2018-12-13 10:39:22 - [MESSAGE][PASSED] - Delayed 5 second(s)

2018-12-13 10:39:22 - [MESSAGE][PASSED] - Call Test Case 'Test Cases/Final Aug 2018 - PKS Automation/Create Employer Acc/Login to Employer Account (Second time)' successfully

2018-12-13 10:39:22 - [TEST_STEP][PASSED] - navigateToUrl: Navigate to 'https://assist2-uat.perkeso.gov.my/web/registration/update/form-1a-cessation-as-employer-discontinue-business-' successfully

2018-12-13 10:39:23 - [MESSAGE][PASSED] - Navigate to 'https://assist2-uat.perkeso.gov.my/web/registration/update/form-1a-cessation-as-employer-discontinue-business-' successfully

2018-12-13 10:39:23 - [TEST_STEP][PASSED] - callTestCase: Call Test Case 'Test Cases/Final Aug 2018 - PKS Automation/Common/Emp Code Getter' successfully

2018-12-13 10:39:23 - [TEST_CASE][PASSED] - Test Cases/Final Aug 2018 - PKS Automation/Common/Emp Code Getter: Test Cases/Final Aug 2018 - PKS Automation/Common/Emp Code Getter

2018-12-13 10:39:23 - [TEST_STEP][PASSED] - Statement - Try: null

2018-12-13 10:39:23 - [TEST_STEP][PASSED] - Statement - EmpCode = new java.io.File(C://Users//Admin//Desktop//PKS//Automation Reference Point//EmpCode.txt): null

2018-12-13 10:39:23 - [TEST_STEP][PASSED] - Statement - bufferread = new java.io.BufferedReader(new java.io.FileReader(EmpCode)): null

2018-12-13 10:39:23 - [TEST_STEP][PASSED] - Statement - readedVal = bufferread.readLine(): null

2018-12-13 10:39:23 - [TEST_STEP][PASSED] - Statement - out.println(readedVal): null

2018-12-13 10:39:23 - [TEST_STEP][PASSED] - Statement - UpdateAddNewECode = readedVal: null

2018-12-13 10:39:23 - [MESSAGE][PASSED] - Call Test Case 'Test Cases/Final Aug 2018 - PKS Automation/Common/Emp Code Getter' successfully

2018-12-13 10:39:23 - [TEST_STEP][PASSED] - setText: Text 'E1102070832P' is set on object 'Object Repository/Final Object Repo/Page_Update Employer Information/Employer Code'

2018-12-13 10:39:23 - [MESSAGE][PASSED] - Text 'E1102070832P' is set on object 'Object Repository/Final Object Repo/Page_Update Employer Information/Employer Code'

2018-12-13 10:39:23 - [TEST_STEP][PASSED] - click: Object: 'Object Repository/Final Object Repo/Page_Update Employer Information/Search Button' is clicked on

2018-12-13 10:39:23 - [MESSAGE][PASSED] - Object: 'Object Repository/Final Object Repo/Page_Update Employer Information/Search Button' is clicked on

2018-12-13 10:39:23 - [TEST_STEP][PASSED] - delay: Delayed 2 second(s)

2018-12-13 10:39:25 - [MESSAGE][PASSED] - Delayed 2 second(s)

2018-12-13 10:39:25 - [TEST_STEP][PASSED] - click: Object: 'Object Repository/Final Object Repo/Page_Update Employer Information/Edit Button' is clicked on

2018-12-13 10:39:27 - [MESSAGE][PASSED] - Object: 'Object Repository/Final Object Repo/Page_Update Employer Information/Edit Button' is clicked on

2018-12-13 10:39:27 - [TEST_STEP][PASSED] - Statement - abc = com.kms.katalon.core.webui.keyword.WebUiBuiltInKeywords.getAttribute(com.kms.katalon.core.testobject.ObjectRepository.findTestObject(Final Object Repo/Page_Form 1A - Cessation As Employer/Employer Status), "value"): Attribute 'value' of object 'Object Repository/Final Object Repo/Page_Form 1A - Cessation As Employer/Employer Status' is: 'Active'

2018-12-13 10:39:27 - [MESSAGE][PASSED] - Attribute 'value' of object 'Object Repository/Final Object Repo/Page_Form 1A - Cessation As Employer/Employer Status' is: 'Active'

2018-12-13 10:39:27 - [TEST_STEP][PASSED] - Statement - out.println(abc): null

2018-12-13 10:39:27 - [TEST_STEP][PASSED] - Statement - If (abc == "Active"): Object: 'Object Repository/Final Object Repo/Page_Form 1A - Cessation As Employer/Change Employer Status to - Dormant' is clicked on

2018-12-13 10:39:27 - [TEST_STEP][PASSED] - click: Object: 'Object Repository/Final Object Repo/Page_Form 1A - Cessation As Employer/Change Employer Status to' is clicked on

2018-12-13 10:39:27 - [MESSAGE][PASSED] - Object: 'Object Repository/Final Object Repo/Page_Form 1A - Cessation As Employer/Change Employer Status to' is clicked on

2018-12-13 10:39:27 - [TEST_STEP][PASSED] - click: Object: 'Object Repository/Final Object Repo/Page_Form 1A - Cessation As Employer/Change Employer Status to - Dormant' is clicked on

2018-12-13 10:39:27 - [MESSAGE][PASSED] - Object: 'Object Repository/Final Object Repo/Page_Form 1A - Cessation As Employer/Change Employer Status to - Dormant' is clicked on

2018-12-13 10:39:27 - [TEST_STEP][PASSED] - click: Object: 'Object Repository/Final Object Repo/Page_Form 1A - Cessation As Employer/Calender' is clicked on

2018-12-13 10:39:27 - [MESSAGE][PASSED] - Object: 'Object Repository/Final Object Repo/Page_Form 1A - Cessation As Employer/Calender' is clicked on

2018-12-13 10:39:27 - [TEST_STEP][PASSED] - click: Object: 'Object Repository/Final Object Repo/Page_Form 1A - Cessation As Employer/Calender - Date' is clicked on

2018-12-13 10:39:27 - [MESSAGE][PASSED] - Object: 'Object Repository/Final Object Repo/Page_Form 1A - Cessation As Employer/Calender - Date' is clicked on

2018-12-13 10:39:27 - [TEST_STEP][PASSED] - delay: Delayed 2 second(s)

2018-12-13 10:39:29 - [MESSAGE][PASSED] - Delayed 2 second(s)

2018-12-13 10:39:29 - [TEST_STEP][PASSED] - click: Object: 'Object Repository/Final Object Repo/Page_Form 1A - Cessation As Employer/Save  Continue in Form 1A Page' is clicked on

2018-12-13 10:39:30 - [MESSAGE][PASSED] - Object: 'Object Repository/Final Object Repo/Page_Form 1A - Cessation As Employer/Save  Continue in Form 1A Page' is clicked on

2018-12-13 10:39:30 - [TEST_STEP][PASSED] - delay: Delayed 2 second(s)

2018-12-13 10:39:32 - [MESSAGE][PASSED] - Delayed 2 second(s)

2018-12-13 10:39:32 - [TEST_STEP][PASSED] - click: Object: 'Object Repository/Final Object Repo/Page_Form 1A - Cessation As Employer/Employment Resign Date' is clicked on

2018-12-13 10:39:32 - [MESSAGE][PASSED] - Object: 'Object Repository/Final Object Repo/Page_Form 1A - Cessation As Employer/Employment Resign Date' is clicked on

2018-12-13 10:39:32 - [TEST_STEP][PASSED] - delay: Delayed 1 second(s)

2018-12-13 10:39:33 - [MESSAGE][PASSED] - Delayed 1 second(s)

2018-12-13 10:39:33 - [TEST_STEP][PASSED] - Statement - CaseReferenceNo = com.kms.katalon.core.webui.keyword.WebUiBuiltInKeywords.getText(com.kms.katalon.core.testobject.ObjectRepository.findTestObject(Final Object Repo/Page_Update Employer Information/Reference Number in Update Employee Information Page)): Text of object 'Object Repository/Final Object Repo/Page_Update Employer Information/Reference Number in Update Employee Information Page' is: 'CUN122018C200001721'

2018-12-13 10:39:33 - [MESSAGE][PASSED] - Text of object 'Object Repository/Final Object Repo/Page_Update Employer Information/Reference Number in Update Employee Information Page' is: 'CUN122018C200001721'

2018-12-13 10:39:33 - [TEST_STEP][PASSED] - callTestCase: Call Test Case 'Test Cases/Final Aug 2018 - PKS Automation/Common/Reference Number Setter' successfully

2018-12-13 10:39:33 - [TEST_CASE][PASSED] - Test Cases/Final Aug 2018 - PKS Automation/Common/Reference Number Setter: Test Cases/Final Aug 2018 - PKS Automation/Common/Reference Number Setter

2018-12-13 10:39:33 - [TEST_STEP][PASSED] - Statement - RefNoOldFile = new java.io.File(C://Users//Admin//Desktop//PKS//Automation Reference Point//KatalonReference.txt): null

2018-12-13 10:39:33 - [TEST_STEP][PASSED] - Statement - RefNoOldFile.delete(): null

2018-12-13 10:39:33 - [TEST_STEP][PASSED] - delay: Delayed 5 second(s)

2018-12-13 10:39:38 - [MESSAGE][PASSED] - Delayed 5 second(s)

2018-12-13 10:39:38 - [TEST_STEP][PASSED] - Statement - RefNo = new java.io.File(C://Users//Admin//Desktop//PKS//Automation Reference Point//KatalonReference.txt): null

2018-12-13 10:39:38 - [TEST_STEP][PASSED] - Statement - f2 = new java.io.FileWriter(RefNo, false): null

2018-12-13 10:39:38 - [TEST_STEP][PASSED] - Statement - f2.write(CaseReferenceNo): null

2018-12-13 10:39:38 - [TEST_STEP][PASSED] - Statement - f2.close(): null

2018-12-13 10:39:38 - [TEST_STEP][PASSED] - Statement - out.println("


" + CaseReferenceNo + "


"): null

2018-12-13 10:39:38 - [MESSAGE][PASSED] - Call Test Case 'Test Cases/Final Aug 2018 - PKS Automation/Common/Reference Number Setter' successfully

2018-12-13 10:39:38 - [TEST_STEP][PASSED] - selectOptionByValue: All options with value '2030' are selected in object 'Object Repository/Final Object Repo/Page_Form 1A - Cessation As Employer/Employment Resign Date - Year' 

2018-12-13 10:39:38 - [MESSAGE][PASSED] - All options with value '2030' are selected in object 'Object Repository/Final Object Repo/Page_Form 1A - Cessation As Employer/Employment Resign Date - Year' 

2018-12-13 10:39:38 - [TEST_STEP][PASSED] - delay: Delayed 1 second(s)

2018-12-13 10:39:39 - [MESSAGE][PASSED] - Delayed 1 second(s)

2018-12-13 10:39:39 - [TEST_STEP][PASSED] - click: Object: 'Object Repository/Final Object Repo/Page_Form 1A - Cessation As Employer/Employment Resign Date - Year - Date' is clicked on

2018-12-13 10:39:39 - [MESSAGE][PASSED] - Object: 'Object Repository/Final Object Repo/Page_Form 1A - Cessation As Employer/Employment Resign Date - Year - Date' is clicked on

2018-12-13 10:39:39 - [TEST_STEP][PASSED] - delay: Delayed 2 second(s)

2018-12-13 10:39:41 - [MESSAGE][PASSED] - Delayed 2 second(s)

2018-12-13 10:39:41 - [TEST_STEP][PASSED] - click: Object: 'Object Repository/Final Object Repo/Page_Form 1A - Cessation As Employer/Save  Continue in Update Add Employee Resigned Date Page' is clicked on

2018-12-13 10:39:41 - [MESSAGE][PASSED] - Object: 'Object Repository/Final Object Repo/Page_Form 1A - Cessation As Employer/Save  Continue in Update Add Employee Resigned Date Page' is clicked on

2018-12-13 10:39:41 - [TEST_STEP][PASSED] - delay: Delayed 2 second(s)

2018-12-13 10:39:43 - [MESSAGE][PASSED] - Delayed 2 second(s)

2018-12-13 10:39:43 - [TEST_STEP][PASSED] - click: Object: 'Object Repository/Final Object Repo/Page_Form 1A - Cessation As Employer/Set Latest - Yes' is clicked on

2018-12-13 10:39:44 - [MESSAGE][PASSED] - Object: 'Object Repository/Final Object Repo/Page_Form 1A - Cessation As Employer/Set Latest - Yes' is clicked on

2018-12-13 10:39:44 - [TEST_STEP][PASSED] - delay: Delayed 2 second(s)

2018-12-13 10:39:46 - [MESSAGE][PASSED] - Delayed 2 second(s)

2018-12-13 10:39:46 - [TEST_STEP][PASSED] - click: Object: 'Object Repository/Final Object Repo/Page_Form 1A - Cessation As Employer/Add Document' is clicked on

2018-12-13 10:39:47 - [MESSAGE][PASSED] - Object: 'Object Repository/Final Object Repo/Page_Form 1A - Cessation As Employer/Add Document' is clicked on

2018-12-13 10:39:47 - [TEST_STEP][PASSED] - delay: Delayed 3 second(s)

2018-12-13 10:39:50 - [MESSAGE][PASSED] - Delayed 3 second(s)

2018-12-13 10:39:50 - [TEST_STEP][PASSED] - click: Object: 'Object Repository/Final Object Repo/Page_Form 1A - Cessation As Employer/Document Type' is clicked on

2018-12-13 10:39:50 - [MESSAGE][PASSED] - Object: 'Object Repository/Final Object Repo/Page_Form 1A - Cessation As Employer/Document Type' is clicked on

2018-12-13 10:39:50 - [TEST_STEP][PASSED] - delay: Delayed 2 second(s)

2018-12-13 10:39:52 - [MESSAGE][PASSED] - Delayed 2 second(s)

2018-12-13 10:39:52 - [TEST_STEP][PASSED] - click: Object: 'Object Repository/Final Object Repo/Page_Form 1A - Cessation As Employer/Document Type - Supporting Document For Cessation' is clicked on

2018-12-13 10:39:52 - [MESSAGE][PASSED] - Object: 'Object Repository/Final Object Repo/Page_Form 1A - Cessation As Employer/Document Type - Supporting Document For Cessation' is clicked on

2018-12-13 10:39:52 - [TEST_STEP][PASSED] - delay: Delayed 2 second(s)

2018-12-13 10:39:54 - [MESSAGE][PASSED] - Delayed 2 second(s)

2018-12-13 10:39:54 - [TEST_STEP][PASSED] - sendKeys: Keys 'C:\Users\Public\Pictures\Sample Pictures\Koala.jpg' sent to object: 'Object Repository/Final Object Repo/Page_Form 1A - Cessation As Employer/Uploading File'

2018-12-13 10:39:54 - [MESSAGE][PASSED] - Keys 'C:\Users\Public\Pictures\Sample Pictures\Koala.jpg' sent to object: 'Object Repository/Final Object Repo/Page_Form 1A - Cessation As Employer/Uploading File'

2018-12-13 10:39:54 - [TEST_STEP][PASSED] - delay: Delayed 2 second(s)

2018-12-13 10:39:56 - [MESSAGE][PASSED] - Delayed 2 second(s)

2018-12-13 10:39:56 - [TEST_STEP][PASSED] - click: Object: 'Object Repository/Final Object Repo/Page_Form 1A - Cessation As Employer/Add Document in Uploading Page' is clicked on

2018-12-13 10:39:57 - [MESSAGE][PASSED] - Object: 'Object Repository/Final Object Repo/Page_Form 1A - Cessation As Employer/Add Document in Uploading Page' is clicked on

2018-12-13 10:39:57 - [TEST_STEP][PASSED] - delay: Delayed 2 second(s)

2018-12-13 10:39:59 - [MESSAGE][PASSED] - Delayed 2 second(s)

2018-12-13 10:39:59 - [TEST_STEP][PASSED] - click: Object: 'Object Repository/Final Object Repo/Page_Form 1A - Cessation As Employer/Save  Continue in Uploading Page' is clicked on

2018-12-13 10:40:01 - [MESSAGE][PASSED] - Object: 'Object Repository/Final Object Repo/Page_Form 1A - Cessation As Employer/Save  Continue in Uploading Page' is clicked on

2018-12-13 10:40:01 - [TEST_STEP][PASSED] - delay: Delayed 2 second(s)

2018-12-13 10:40:03 - [MESSAGE][PASSED] - Delayed 2 second(s)

2018-12-13 10:40:03 - [TEST_STEP][PASSED] - click: Object: 'Object Repository/Final Object Repo/Page_Form 1A - Cessation As Employer/Submit2' is clicked on

2018-12-13 10:40:05 - [MESSAGE][PASSED] - Object: 'Object Repository/Final Object Repo/Page_Form 1A - Cessation As Employer/Submit2' is clicked on

2018-12-13 10:40:05 - [TEST_STEP][PASSED] - delay: Delayed 2 second(s)

2018-12-13 10:40:07 - [MESSAGE][PASSED] - Delayed 2 second(s)

2018-12-13 10:40:07 - [TEST_STEP][PASSED] - click: Object: 'Object Repository/Final Object Repo/Page_Form 1A - Cessation As Employer/Confirm' is clicked on

2018-12-13 10:40:07 - [MESSAGE][PASSED] - Object: 'Object Repository/Final Object Repo/Page_Form 1A - Cessation As Employer/Confirm' is clicked on

2018-12-13 10:40:07 - [TEST_STEP][PASSED] - delay: Delayed 2 second(s)

2018-12-13 10:40:09 - [MESSAGE][PASSED] - Delayed 2 second(s)

2018-12-13 10:40:09 - [TEST_STEP][PASSED] - verifyElementVisible: Object 'Object Repository/Final Object Repo/Page_Form 1A - Cessation As Employer/Message Your Request will be routed to UO' is visible

2018-12-13 10:40:14 - [MESSAGE][PASSED] - Object 'Object Repository/Final Object Repo/Page_Form 1A - Cessation As Employer/Message Your Request will be routed to UO' is visible

2018-12-13 10:40:14 - [TEST_STEP][PASSED] - delay: Delayed 1 second(s)

2018-12-13 10:40:15 - [MESSAGE][PASSED] - Delayed 1 second(s)

2018-12-13 10:40:15 - [TEST_STEP][PASSED] - verifyElementVisible: Object 'Object Repository/Final Object Repo/Page_Form 1A - Cessation As Employer/Letter of acknowledgement' is visible

2018-12-13 10:40:15 - [MESSAGE][PASSED] - Object 'Object Repository/Final Object Repo/Page_Form 1A - Cessation As Employer/Letter of acknowledgement' is visible

2018-12-13 10:40:15 - [MESSAGE][PASSED] - Call Test Case 'Test Cases/Final Aug 2018 - PKS Automation/Registration Module/Workflow/Form 1A - Cessation As Employer/Template/Form 1 A - Cessation As Employer (Employer)' successfully

2018-12-13 10:40:15 - [TEST_STEP][PASSED] - callTestCase: Call Test Case 'Test Cases/Final Aug 2018 - PKS Automation/Registration Module/Workflow/Form 1A - Cessation As Employer/Template/Form 1 A - Cessation As Employer (Approve)' successfully

2018-12-13 10:40:15 - [TEST_CASE][PASSED] - Test Cases/Final Aug 2018 - PKS Automation/Registration Module/Workflow/Form 1A - Cessation As Employer/Template/Form 1 A - Cessation As Employer (Approve): Test Cases/Final Aug 2018 - PKS Automation/Registration Module/Workflow/Form 1A - Cessation As Employer/Template/Form 1 A - Cessation As Employer (Approve)

2018-12-13 10:40:15 - [TEST_STEP][NOT_RUN] - callTestCase: NOT_RUN: callTestCase

2018-12-13 10:40:15 - [MESSAGE][NOT_RUN] - NOT_RUN: callTestCase

2018-12-13 10:40:15 - [TEST_STEP][PASSED] - delay: Delayed 1 second(s)

2018-12-13 10:40:16 - [MESSAGE][PASSED] - Delayed 1 second(s)

2018-12-13 10:40:16 - [TEST_STEP][PASSED] - navigateToUrl: Navigate to 'https://assist2-uat.perkeso.gov.my/c/portal/logout' successfully

2018-12-13 10:40:17 - [MESSAGE][PASSED] - Navigate to 'https://assist2-uat.perkeso.gov.my/c/portal/logout' successfully

2018-12-13 10:40:17 - [TEST_STEP][PASSED] - delay: Delayed 1 second(s)

2018-12-13 10:40:18 - [MESSAGE][PASSED] - Delayed 1 second(s)

2018-12-13 10:40:18 - [TEST_STEP][PASSED] - callTestCase: Call Test Case 'Test Cases/Final Aug 2018 - PKS Automation/Common/Reference Number Getter' successfully

2018-12-13 10:40:18 - [TEST_CASE][PASSED] - Test Cases/Final Aug 2018 - PKS Automation/Common/Reference Number Getter: Test Cases/Final Aug 2018 - PKS Automation/Common/Reference Number Getter

2018-12-13 10:40:18 - [TEST_STEP][PASSED] - Statement - Try: null

2018-12-13 10:40:18 - [TEST_STEP][PASSED] - Statement - RefNo = new java.io.File(C://Users//Admin//Desktop//PKS//Automation Reference Point//KatalonReference.txt): null

2018-12-13 10:40:18 - [TEST_STEP][PASSED] - Statement - bufferread = new java.io.BufferedReader(new java.io.FileReader(RefNo)): null

2018-12-13 10:40:18 - [TEST_STEP][PASSED] - Statement - readedVal = bufferread.readLine(): null

2018-12-13 10:40:18 - [TEST_STEP][PASSED] - Statement - out.println(CaseReferenceNo): null

2018-12-13 10:40:18 - [TEST_STEP][PASSED] - Statement - out.println(readedVal): null

2018-12-13 10:40:18 - [TEST_STEP][PASSED] - Statement - CaseReferenceNo = "": null

2018-12-13 10:40:18 - [TEST_STEP][PASSED] - Statement - CaseReferenceNo = readedVal: null

2018-12-13 10:40:18 - [MESSAGE][PASSED] - Call Test Case 'Test Cases/Final Aug 2018 - PKS Automation/Common/Reference Number Getter' successfully

2018-12-13 10:40:18 - [TEST_STEP][PASSED] - callTestCase: Call Test Case 'Test Cases/Final Aug 2018 - PKS Automation/Common/Workflow Owner Finder' successfully

2018-12-13 10:40:18 - [TEST_CASE][PASSED] - Test Cases/Final Aug 2018 - PKS Automation/Common/Workflow Owner Finder: Test Cases/Final Aug 2018 - PKS Automation/Common/Workflow Owner Finder

2018-12-13 10:40:19 - [TEST_STEP][PASSED] - openBrowser: Browser is opened with url: ''

2018-12-13 10:40:19 - [MESSAGE][WARNING] - A browser is already opened. Closing browser and opening a new one

2018-12-13 10:40:22 - [MESSAGE][PASSED] - Browser is opened with url: ''

2018-12-13 10:40:22 - [TEST_STEP][PASSED] - navigateToUrl: Navigate to 'https://assist2-uat.perkeso.gov.my/login' successfully

2018-12-13 10:40:23 - [MESSAGE][PASSED] - Navigate to 'https://assist2-uat.perkeso.gov.my/login' successfully

2018-12-13 10:40:23 - [TEST_STEP][PASSED] - delay: Delayed 5 second(s)

2018-12-13 10:40:28 - [MESSAGE][PASSED] - Delayed 5 second(s)

2018-12-13 10:40:28 - [TEST_STEP][PASSED] - setText: Text 'test@liferay.com' is set on object 'Object Repository/Final Object Repo/Login Page/Internal User/Email Address'

2018-12-13 10:40:28 - [MESSAGE][PASSED] - Text 'test@liferay.com' is set on object 'Object Repository/Final Object Repo/Login Page/Internal User/Email Address'

2018-12-13 10:40:28 - [TEST_STEP][PASSED] - click: Object: 'Object Repository/Final Object Repo/Login Page/Internal User/Next Button' is clicked on

2018-12-13 10:40:29 - [MESSAGE][PASSED] - Object: 'Object Repository/Final Object Repo/Login Page/Internal User/Next Button' is clicked on

2018-12-13 10:40:29 - [TEST_STEP][PASSED] - delay: Delayed 2 second(s)

2018-12-13 10:40:31 - [MESSAGE][PASSED] - Delayed 2 second(s)

2018-12-13 10:40:31 - [TEST_STEP][PASSED] - setText: Text 'test' is set on object 'Object Repository/Final Object Repo/Login Page/Internal User/Password'

2018-12-13 10:40:31 - [MESSAGE][PASSED] - Text 'test' is set on object 'Object Repository/Final Object Repo/Login Page/Internal User/Password'

2018-12-13 10:40:31 - [TEST_STEP][PASSED] - delay: Delayed 2 second(s)

2018-12-13 10:40:33 - [MESSAGE][PASSED] - Delayed 2 second(s)

2018-12-13 10:40:33 - [TEST_STEP][PASSED] - click: Object: 'Object Repository/Final Object Repo/Login Page/Internal User/Login Button' is clicked on

2018-12-13 10:40:33 - [MESSAGE][PASSED] - Object: 'Object Repository/Final Object Repo/Login Page/Internal User/Login Button' is clicked on

2018-12-13 10:40:33 - [TEST_STEP][PASSED] - Statement - tester = com.kms.katalon.core.testobject.ObjectRepository.findTestObject(Final Object Repo/Landing Page/Select to English): Finding Test Object with id 'Object Repository/Final Object Repo/Landing Page/Select to English'

2018-12-13 10:40:33 - [TEST_STEP][PASSED] - Statement - Try: Delayed 2 second(s)

2018-12-13 10:40:33 - [TEST_STEP][PASSED] - Statement - Checker = com.kms.katalon.core.webui.keyword.WebUiBuiltInKeywords.verifyElementNotPresent(tester, 3): Web element with id: 'Object Repository/Final Object Repo/Landing Page/Select to English' located by 'By.xpath: //a[@class = 'taglib-language-list-text' and @lang = 'en-US' and (contains(text(), 'EN') or contains(., 'EN'))]' is not present after '3' second(s)

2018-12-13 10:40:35 - [MESSAGE][PASSED] - Web element with id: 'Object Repository/Final Object Repo/Landing Page/Select to English' located by 'By.xpath: //a[@class = 'taglib-language-list-text' and @lang = 'en-US' and (contains(text(), 'EN') or contains(., 'EN'))]' is not present after '3' second(s)

2018-12-13 10:40:35 - [TEST_STEP][PASSED] - Statement - If (Checker == false): null

2018-12-13 10:40:35 - [TEST_STEP][PASSED] - delay: Delayed 2 second(s)

2018-12-13 10:40:37 - [MESSAGE][PASSED] - Delayed 2 second(s)

2018-12-13 10:40:37 - [TEST_STEP][PASSED] - delay: Delayed 5 second(s)

2018-12-13 10:40:42 - [MESSAGE][PASSED] - Delayed 5 second(s)

2018-12-13 10:40:42 - [TEST_STEP][PASSED] - mouseOver: Object: 'Object Repository/Final Object Repo/Landing Page/WorkFlow Menu' is hovered

2018-12-13 10:40:42 - [MESSAGE][PASSED] - Object: 'Object Repository/Final Object Repo/Landing Page/WorkFlow Menu' is hovered

2018-12-13 10:40:42 - [TEST_STEP][PASSED] - delay: Delayed 2 second(s)

2018-12-13 10:40:44 - [MESSAGE][PASSED] - Delayed 2 second(s)

2018-12-13 10:40:44 - [TEST_STEP][PASSED] - click: Object: 'Object Repository/Final Object Repo/Landing Page/Select to Workflow Listing' is clicked on

2018-12-13 10:40:45 - [MESSAGE][PASSED] - Object: 'Object Repository/Final Object Repo/Landing Page/Select to Workflow Listing' is clicked on

2018-12-13 10:40:45 - [TEST_STEP][PASSED] - delay: Delayed 2 second(s)

2018-12-13 10:40:47 - [MESSAGE][PASSED] - Delayed 2 second(s)

2018-12-13 10:40:47 - [TEST_STEP][PASSED] - click: Object: 'Object Repository/Final Object Repo/WorkFlow Listing Page/Search Information - To Put Ref No' is clicked on

2018-12-13 10:40:47 - [MESSAGE][PASSED] - Object: 'Object Repository/Final Object Repo/WorkFlow Listing Page/Search Information - To Put Ref No' is clicked on

2018-12-13 10:40:47 - [TEST_STEP][PASSED] - delay: Delayed 2 second(s)

2018-12-13 10:40:49 - [MESSAGE][PASSED] - Delayed 2 second(s)

2018-12-13 10:40:49 - [TEST_STEP][PASSED] - callTestCase: Call Test Case 'Test Cases/Final Aug 2018 - PKS Automation/Common/Reference Number Getter' successfully

2018-12-13 10:40:49 - [TEST_CASE][PASSED] - Test Cases/Final Aug 2018 - PKS Automation/Common/Reference Number Getter: Test Cases/Final Aug 2018 - PKS Automation/Common/Reference Number Getter

2018-12-13 10:40:49 - [TEST_STEP][PASSED] - Statement - Try: null

2018-12-13 10:40:49 - [TEST_STEP][PASSED] - Statement - RefNo = new java.io.File(C://Users//Admin//Desktop//PKS//Automation Reference Point//KatalonReference.txt): null

2018-12-13 10:40:49 - [TEST_STEP][PASSED] - Statement - bufferread = new java.io.BufferedReader(new java.io.FileReader(RefNo)): null

2018-12-13 10:40:49 - [TEST_STEP][PASSED] - Statement - readedVal = bufferread.readLine(): null

2018-12-13 10:40:49 - [TEST_STEP][PASSED] - Statement - out.println(CaseReferenceNo): null

2018-12-13 10:40:49 - [TEST_STEP][PASSED] - Statement - out.println(readedVal): null

2018-12-13 10:40:49 - [TEST_STEP][PASSED] - Statement - CaseReferenceNo = "": null

2018-12-13 10:40:49 - [TEST_STEP][PASSED] - Statement - CaseReferenceNo = readedVal: null

2018-12-13 10:40:49 - [MESSAGE][PASSED] - Call Test Case 'Test Cases/Final Aug 2018 - PKS Automation/Common/Reference Number Getter' successfully

2018-12-13 10:40:49 - [TEST_STEP][PASSED] - setText: Text 'CUN122018C200001721' is set on object 'Object Repository/Final Object Repo/WorkFlow Listing Page/Ref No Set Text'

2018-12-13 10:40:50 - [MESSAGE][PASSED] - Text 'CUN122018C200001721' is set on object 'Object Repository/Final Object Repo/WorkFlow Listing Page/Ref No Set Text'

2018-12-13 10:40:50 - [TEST_STEP][PASSED] - delay: Delayed 2 second(s)

2018-12-13 10:40:52 - [MESSAGE][PASSED] - Delayed 2 second(s)

2018-12-13 10:40:52 - [TEST_STEP][PASSED] - click: Object: 'Object Repository/Final Object Repo/WorkFlow Listing Page/Search Ref No Search Button' is clicked on

2018-12-13 10:40:52 - [MESSAGE][PASSED] - Object: 'Object Repository/Final Object Repo/WorkFlow Listing Page/Search Ref No Search Button' is clicked on

2018-12-13 10:40:52 - [TEST_STEP][PASSED] - delay: Delayed 6 second(s)

2018-12-13 10:40:58 - [MESSAGE][PASSED] - Delayed 6 second(s)

2018-12-13 10:40:58 - [TEST_STEP][PASSED] - click: Object: 'Object Repository/Final Object Repo/WorkFlow Listing Page/Click Continue Tooltip' is clicked on

2018-12-13 10:40:59 - [MESSAGE][PASSED] - Object: 'Object Repository/Final Object Repo/WorkFlow Listing Page/Click Continue Tooltip' is clicked on

2018-12-13 10:40:59 - [TEST_STEP][PASSED] - delay: Delayed 5 second(s)

2018-12-13 10:41:04 - [MESSAGE][PASSED] - Delayed 5 second(s)

2018-12-13 10:41:04 - [TEST_STEP][PASSED] - doubleClick: Object: 'Object Repository/Final Object Repo/WorkFlow Listing Page/Workflow Found - Listing 1' is double clicked on

2018-12-13 10:41:04 - [MESSAGE][PASSED] - Object: 'Object Repository/Final Object Repo/WorkFlow Listing Page/Workflow Found - Listing 1' is double clicked on

2018-12-13 10:41:04 - [TEST_STEP][PASSED] - Statement - println(OwnerID): null

2018-12-13 10:41:04 - [TEST_STEP][PASSED] - Statement - OwnerID = com.kms.katalon.core.webui.keyword.WebUiBuiltInKeywords.getText(com.kms.katalon.core.testobject.ObjectRepository.findTestObject(Final Object Repo/WorkFlow Listing Page/Workflow Found - Listing 1), STOP_ON_FAILURE): Text of object 'Object Repository/Final Object Repo/WorkFlow Listing Page/Workflow Found - Listing 1' is: 'JOHORuo3'

2018-12-13 10:41:04 - [MESSAGE][PASSED] - Text of object 'Object Repository/Final Object Repo/WorkFlow Listing Page/Workflow Found - Listing 1' is: 'JOHORuo3'

2018-12-13 10:41:04 - [TEST_STEP][PASSED] - Statement - OwnerID = OwnerID.toLowerCase() + "@gmail.com": null

2018-12-13 10:41:04 - [TEST_STEP][PASSED] - Statement - println(OwnerID): null

2018-12-13 10:41:04 - [TEST_STEP][PASSED] - delay: Delayed 2 second(s)

2018-12-13 10:41:06 - [MESSAGE][PASSED] - Delayed 2 second(s)

2018-12-13 10:41:06 - [MESSAGE][PASSED] - Call Test Case 'Test Cases/Final Aug 2018 - PKS Automation/Common/Workflow Owner Finder' successfully

2018-12-13 10:41:06 - [TEST_STEP][PASSED] - delay: Delayed 1 second(s)

2018-12-13 10:41:07 - [MESSAGE][PASSED] - Delayed 1 second(s)

2018-12-13 10:41:07 - [TEST_STEP][PASSED] - navigateToUrl: Navigate to 'https://assist2-uat.perkeso.gov.my/c/portal/logout' successfully

2018-12-13 10:41:08 - [MESSAGE][PASSED] - Navigate to 'https://assist2-uat.perkeso.gov.my/c/portal/logout' successfully

2018-12-13 10:41:08 - [TEST_STEP][PASSED] - delay: Delayed 1 second(s)

2018-12-13 10:41:09 - [MESSAGE][PASSED] - Delayed 1 second(s)

2018-12-13 10:41:09 - [TEST_STEP][PASSED] - callTestCase: Call Test Case 'Test Cases/Final Aug 2018 - PKS Automation/Registration Module/Workflow/Login and Search Case For Workflow' successfully

2018-12-13 10:41:09 - [TEST_CASE][PASSED] - Test Cases/Final Aug 2018 - PKS Automation/Registration Module/Workflow/Login and Search Case For Workflow: Test Cases/Final Aug 2018 - PKS Automation/Registration Module/Workflow/Login and Search Case For Workflow

2018-12-13 10:41:09 - [TEST_STEP][PASSED] - navigateToUrl: Navigate to 'https://assist2-uat.perkeso.gov.my/login' successfully

2018-12-13 10:41:10 - [MESSAGE][PASSED] - Navigate to 'https://assist2-uat.perkeso.gov.my/login' successfully

2018-12-13 10:41:10 - [TEST_STEP][PASSED] - setText: Text 'johoruo3@gmail.com' is set on object 'Object Repository/Final Object Repo/Login Page/Internal User/Email Address'

2018-12-13 10:41:10 - [MESSAGE][PASSED] - Text 'johoruo3@gmail.com' is set on object 'Object Repository/Final Object Repo/Login Page/Internal User/Email Address'

2018-12-13 10:41:10 - [TEST_STEP][PASSED] - click: Object: 'Object Repository/Final Object Repo/Login Page/Internal User/Next Button' is clicked on

2018-12-13 10:41:10 - [MESSAGE][PASSED] - Object: 'Object Repository/Final Object Repo/Login Page/Internal User/Next Button' is clicked on

2018-12-13 10:41:10 - [TEST_STEP][PASSED] - delay: Delayed 1 second(s)

2018-12-13 10:41:11 - [MESSAGE][PASSED] - Delayed 1 second(s)

2018-12-13 10:41:11 - [TEST_STEP][PASSED] - setEncryptedText: Text ****** has been set on object 'Object Repository/Final Object Repo/Login Page/Internal User/Password'

2018-12-13 10:41:11 - [MESSAGE][PASSED] - Text ****** has been set on object 'Object Repository/Final Object Repo/Login Page/Internal User/Password'

2018-12-13 10:41:11 - [TEST_STEP][PASSED] - click: Object: 'Object Repository/Final Object Repo/Login Page/Internal User/Login Button' is clicked on

2018-12-13 10:41:12 - [MESSAGE][PASSED] - Object: 'Object Repository/Final Object Repo/Login Page/Internal User/Login Button' is clicked on

2018-12-13 10:41:12 - [TEST_STEP][PASSED] - delay: Delayed 2 second(s)

2018-12-13 10:41:14 - [MESSAGE][PASSED] - Delayed 2 second(s)

2018-12-13 10:41:14 - [TEST_STEP][PASSED] - Statement - Try: Delayed 2 second(s)

2018-12-13 10:41:14 - [TEST_STEP][PASSED] - Statement - Checker = false: null

2018-12-13 10:41:14 - [TEST_STEP][PASSED] - Statement - Checker = com.kms.katalon.core.webui.keyword.WebUiBuiltInKeywords.verifyElementHasAttribute(com.kms.katalon.core.testobject.ObjectRepository.findTestObject(Final Object Repo/Landing Page/BM Detecting), "href", 20, OPTIONAL): Object 'Object Repository/Final Object Repo/Landing Page/BM Detecting' has attribute 'href'

2018-12-13 10:41:14 - [MESSAGE][PASSED] - Object 'Object Repository/Final Object Repo/Landing Page/BM Detecting' has attribute 'href'

2018-12-13 10:41:14 - [TEST_STEP][PASSED] - Statement - out.println(Checker): null

2018-12-13 10:41:14 - [TEST_STEP][PASSED] - Statement - If (Checker == false): null

2018-12-13 10:41:14 - [TEST_STEP][PASSED] - Statement - Else: null

2018-12-13 10:41:14 - [TEST_STEP][PASSED] - delay: Delayed 2 second(s)

2018-12-13 10:41:16 - [MESSAGE][PASSED] - Delayed 2 second(s)

2018-12-13 10:41:16 - [TEST_STEP][PASSED] - click: Object: 'Object Repository/Final Object Repo/Page_MyASSIST - ASSIST - Search Pending Case For Add Supporting Document/Search Information' is clicked on

2018-12-13 10:41:16 - [MESSAGE][PASSED] - Object: 'Object Repository/Final Object Repo/Page_MyASSIST - ASSIST - Search Pending Case For Add Supporting Document/Search Information' is clicked on

2018-12-13 10:41:16 - [TEST_STEP][PASSED] - delay: Delayed 3 second(s)

2018-12-13 10:41:19 - [MESSAGE][PASSED] - Delayed 3 second(s)

2018-12-13 10:41:19 - [TEST_STEP][PASSED] - sendKeys: Keys 'CUN122018C200001721' sent to object: 'Object Repository/Final Object Repo/Page_MyASSIST - ASSIST - Search Pending Case For Add Supporting Document/Reference No'

2018-12-13 10:41:19 - [MESSAGE][PASSED] - Keys 'CUN122018C200001721' sent to object: 'Object Repository/Final Object Repo/Page_MyASSIST - ASSIST - Search Pending Case For Add Supporting Document/Reference No'

2018-12-13 10:41:19 - [TEST_STEP][PASSED] - click: Object: 'Object Repository/Final Object Repo/Page_MyASSIST - ASSIST - Search Pending Case For Add Supporting Document/Search Reference No' is clicked on

2018-12-13 10:41:19 - [MESSAGE][PASSED] - Object: 'Object Repository/Final Object Repo/Page_MyASSIST - ASSIST - Search Pending Case For Add Supporting Document/Search Reference No' is clicked on

2018-12-13 10:41:19 - [TEST_STEP][PASSED] - delay: Delayed 2 second(s)

2018-12-13 10:41:21 - [MESSAGE][PASSED] - Delayed 2 second(s)

2018-12-13 10:41:21 - [TEST_STEP][PASSED] - click: Object: 'Object Repository/Final Object Repo/Page_MyASSIST - ASSIST - Search Pending Case For Add Supporting Document/Continue' is clicked on

2018-12-13 10:41:25 - [MESSAGE][PASSED] - Object: 'Object Repository/Final Object Repo/Page_MyASSIST - ASSIST - Search Pending Case For Add Supporting Document/Continue' is clicked on

2018-12-13 10:41:25 - [TEST_STEP][PASSED] - delay: Delayed 20 second(s)

2018-12-13 10:41:45 - [MESSAGE][PASSED] - Delayed 20 second(s)

2018-12-13 10:41:45 - [MESSAGE][PASSED] - Call Test Case 'Test Cases/Final Aug 2018 - PKS Automation/Registration Module/Workflow/Login and Search Case For Workflow' successfully

2018-12-13 10:41:45 - [TEST_STEP][PASSED] - click: Object: 'Object Repository/Final Object Repo/Page_Form 1A - Cessation As Employer/Page_Form 1A - Cessation As Employer (Approve)/Save  Continue in Form 1A Page' is clicked on

2018-12-13 10:41:45 - [MESSAGE][PASSED] - Object: 'Object Repository/Final Object Repo/Page_Form 1A - Cessation As Employer/Page_Form 1A - Cessation As Employer (Approve)/Save  Continue in Form 1A Page' is clicked on

2018-12-13 10:41:45 - [TEST_STEP][PASSED] - delay: Delayed 2 second(s)

2018-12-13 10:41:47 - [MESSAGE][PASSED] - Delayed 2 second(s)

2018-12-13 10:41:47 - [TEST_STEP][PASSED] - click: Object: 'Object Repository/Final Object Repo/Page_Form 1A - Cessation As Employer/Employment Resign Date' is clicked on

2018-12-13 10:41:48 - [MESSAGE][PASSED] - Object: 'Object Repository/Final Object Repo/Page_Form 1A - Cessation As Employer/Employment Resign Date' is clicked on

2018-12-13 10:41:48 - [TEST_STEP][PASSED] - delay: Delayed 1 second(s)

2018-12-13 10:41:49 - [MESSAGE][PASSED] - Delayed 1 second(s)

2018-12-13 10:41:49 - [TEST_STEP][PASSED] - selectOptionByValue: All options with value '2030' are selected in object 'Object Repository/Final Object Repo/Page_Form 1A - Cessation As Employer/Employment Resign Date - Year' 

2018-12-13 10:41:49 - [MESSAGE][PASSED] - All options with value '2030' are selected in object 'Object Repository/Final Object Repo/Page_Form 1A - Cessation As Employer/Employment Resign Date - Year' 

2018-12-13 10:41:49 - [TEST_STEP][PASSED] - delay: Delayed 1 second(s)

2018-12-13 10:41:50 - [MESSAGE][PASSED] - Delayed 1 second(s)

2018-12-13 10:41:50 - [TEST_STEP][PASSED] - click: Object: 'Object Repository/Final Object Repo/Page_Form 1A - Cessation As Employer/Employment Resign Date - Year - Date' is clicked on

2018-12-13 10:41:50 - [MESSAGE][PASSED] - Object: 'Object Repository/Final Object Repo/Page_Form 1A - Cessation As Employer/Employment Resign Date - Year - Date' is clicked on

2018-12-13 10:41:50 - [TEST_STEP][PASSED] - delay: Delayed 2 second(s)

2018-12-13 10:41:52 - [MESSAGE][PASSED] - Delayed 2 second(s)

2018-12-13 10:41:52 - [TEST_STEP][PASSED] - click: Object: 'Object Repository/Final Object Repo/Page_Form 1A - Cessation As Employer/Page_Form 1A - Cessation As Employer (Approve)/Save  Continue in Update Add Employee Resigned Date Page' is clicked on

2018-12-13 10:41:52 - [MESSAGE][PASSED] - Object: 'Object Repository/Final Object Repo/Page_Form 1A - Cessation As Employer/Page_Form 1A - Cessation As Employer (Approve)/Save  Continue in Update Add Employee Resigned Date Page' is clicked on

2018-12-13 10:41:52 - [TEST_STEP][PASSED] - delay: Delayed 2 second(s)

2018-12-13 10:41:54 - [MESSAGE][PASSED] - Delayed 2 second(s)

2018-12-13 10:41:54 - [TEST_STEP][PASSED] - click: Object: 'Object Repository/Final Object Repo/Page_Form 1A - Cessation As Employer/Set Latest - Yes' is clicked on

2018-12-13 10:41:54 - [MESSAGE][PASSED] - Object: 'Object Repository/Final Object Repo/Page_Form 1A - Cessation As Employer/Set Latest - Yes' is clicked on

2018-12-13 10:41:54 - [TEST_STEP][PASSED] - delay: Delayed 2 second(s)

2018-12-13 10:41:56 - [MESSAGE][PASSED] - Delayed 2 second(s)

2018-12-13 10:41:56 - [TEST_STEP][PASSED] - click: Object: 'Object Repository/Final Object Repo/Page_Form 1A - Cessation As Employer/Page_Form 1A - Cessation As Employer (Approve)/Save  Contine in Uploading Document Page' is clicked on

2018-12-13 10:41:57 - [MESSAGE][PASSED] - Object: 'Object Repository/Final Object Repo/Page_Form 1A - Cessation As Employer/Page_Form 1A - Cessation As Employer (Approve)/Save  Contine in Uploading Document Page' is clicked on

2018-12-13 10:41:57 - [TEST_STEP][PASSED] - delay: Delayed 2 second(s)

2018-12-13 10:41:59 - [MESSAGE][PASSED] - Delayed 2 second(s)

2018-12-13 10:41:59 - [TEST_STEP][PASSED] - click: Object: 'Object Repository/Final Object Repo/Page_Form 1A - Cessation As Employer/Page_Form 1A - Cessation As Employer (Approve)/Approve' is clicked on

2018-12-13 10:42:02 - [MESSAGE][PASSED] - Object: 'Object Repository/Final Object Repo/Page_Form 1A - Cessation As Employer/Page_Form 1A - Cessation As Employer (Approve)/Approve' is clicked on

2018-12-13 10:42:02 - [TEST_STEP][PASSED] - delay: Delayed 2 second(s)

2018-12-13 10:42:04 - [MESSAGE][PASSED] - Delayed 2 second(s)

2018-12-13 10:42:04 - [TEST_STEP][PASSED] - click: Object: 'Object Repository/Final Object Repo/Page_Form 1A - Cessation As Employer/Confirm' is clicked on

2018-12-13 10:42:05 - [MESSAGE][PASSED] - Object: 'Object Repository/Final Object Repo/Page_Form 1A - Cessation As Employer/Confirm' is clicked on

2018-12-13 10:42:05 - [TEST_STEP][PASSED] - delay: Delayed 2 second(s)

2018-12-13 10:42:07 - [MESSAGE][PASSED] - Delayed 2 second(s)

2018-12-13 10:42:07 - [TEST_STEP][PASSED] - click: Object: 'Object Repository/Final Object Repo/Page_Form 1A - Cessation As Employer/Page_Form 1A - Cessation As Employer (Approve)/Message Your Request    Form 1A ' is clicked on

2018-12-13 10:42:14 - [MESSAGE][PASSED] - Object: 'Object Repository/Final Object Repo/Page_Form 1A - Cessation As Employer/Page_Form 1A - Cessation As Employer (Approve)/Message Your Request    Form 1A ' is clicked on

2018-12-13 10:42:14 - [TEST_STEP][PASSED] - delay: Delayed 2 second(s)

2018-12-13 10:42:16 - [MESSAGE][PASSED] - Delayed 2 second(s)

2018-12-13 10:42:16 - [TEST_STEP][PASSED] - click: Object: 'Object Repository/Final Object Repo/Page_Form 1A - Cessation As Employer/Page_Form 1A - Cessation As Employer (Approve)/Letter of successful update' is clicked on

2018-12-13 10:42:17 - [MESSAGE][PASSED] - Object: 'Object Repository/Final Object Repo/Page_Form 1A - Cessation As Employer/Page_Form 1A - Cessation As Employer (Approve)/Letter of successful update' is clicked on

2018-12-13 10:42:17 - [MESSAGE][PASSED] - Call Test Case 'Test Cases/Final Aug 2018 - PKS Automation/Registration Module/Workflow/Form 1A - Cessation As Employer/Template/Form 1 A - Cessation As Employer (Approve)' successfully]]></system-out>
         <system-err><![CDATA[]]></system-err>
      </testcase>
      <testcase name="Test Cases/Final Aug 2018 - PKS Automation/Registration Module/Workflow/Form 1A - Cessation As Employer/Employer to UO (Query)" classname="Test Cases/Final Aug 2018 - PKS Automation/Registration Module/Workflow/Form 1A - Cessation As Employer/Employer to UO (Query)" status="PASSED">
         <system-out><![CDATA[2018-12-13 10:42:17 - [TEST_CASE][PASSED] - Test Cases/Final Aug 2018 - PKS Automation/Registration Module/Workflow/Form 1A - Cessation As Employer/Employer to UO (Query): Test Cases/Final Aug 2018 - PKS Automation/Registration Module/Workflow/Form 1A - Cessation As Employer/Employer to UO (Query)

2018-12-13 10:42:17 - [TEST_STEP][PASSED] - callTestCase: Call Test Case 'Test Cases/Final Aug 2018 - PKS Automation/Registration Module/Workflow/Form 1A - Cessation As Employer/Template/Form 1 A - Cessation As Employer (Employer)' successfully

2018-12-13 10:42:17 - [TEST_CASE][PASSED] - Test Cases/Final Aug 2018 - PKS Automation/Registration Module/Workflow/Form 1A - Cessation As Employer/Template/Form 1 A - Cessation As Employer (Employer): Test Cases/Final Aug 2018 - PKS Automation/Registration Module/Workflow/Form 1A - Cessation As Employer/Template/Form 1 A - Cessation As Employer (Employer)

2018-12-13 10:42:17 - [TEST_STEP][PASSED] - callTestCase: Call Test Case 'Test Cases/Final Aug 2018 - PKS Automation/Registration Module/Workflow/Update Add New Employee/Template/New Company for Update Add New - Employer' successfully

2018-12-13 10:42:18 - [TEST_CASE][PASSED] - Test Cases/Final Aug 2018 - PKS Automation/Registration Module/Workflow/Update Add New Employee/Template/New Company for Update Add New - Employer: Test Cases/Final Aug 2018 - PKS Automation/Registration Module/Workflow/Update Add New Employee/Template/New Company for Update Add New - Employer

2018-12-13 10:42:18 - [TEST_STEP][PASSED] - callTestCase: Call Test Case 'Test Cases/Final Aug 2018 - PKS Automation/Create Employer Acc/Create Employer Account' successfully

2018-12-13 10:42:18 - [TEST_CASE][PASSED] - Test Cases/Final Aug 2018 - PKS Automation/Create Employer Acc/Create Employer Account: Test Cases/Final Aug 2018 - PKS Automation/Create Employer Acc/Create Employer Account

2018-12-13 10:42:18 - [TEST_STEP][PASSED] - callTestCase: Call Test Case 'Test Cases/Final Aug 2018 - PKS Automation/Create Employer Acc/Template/Register Employer' successfully

2018-12-13 10:42:18 - [TEST_CASE][PASSED] - Test Cases/Final Aug 2018 - PKS Automation/Create Employer Acc/Template/Register Employer: Test Cases/Final Aug 2018 - PKS Automation/Create Employer Acc/Template/Register Employer

2018-12-13 10:42:18 - [TEST_STEP][PASSED] - openBrowser: Browser is opened with url: ''

2018-12-13 10:42:18 - [MESSAGE][WARNING] - A browser is already opened. Closing browser and opening a new one

2018-12-13 10:42:21 - [MESSAGE][PASSED] - Browser is opened with url: ''

2018-12-13 10:42:21 - [TEST_STEP][PASSED] - navigateToUrl: Navigate to 'https://assist2-uat.perkeso.gov.my/login' successfully

2018-12-13 10:42:22 - [MESSAGE][PASSED] - Navigate to 'https://assist2-uat.perkeso.gov.my/login' successfully

2018-12-13 10:42:22 - [TEST_STEP][PASSED] - setText: Text 'johorotc1@gmail.com' is set on object 'Object Repository/Final Object Repo/Login Page/Internal User/Email Address'

2018-12-13 10:42:22 - [MESSAGE][PASSED] - Text 'johorotc1@gmail.com' is set on object 'Object Repository/Final Object Repo/Login Page/Internal User/Email Address'

2018-12-13 10:42:22 - [TEST_STEP][PASSED] - click: Object: 'Object Repository/Final Object Repo/Login Page/Internal User/Next Button' is clicked on

2018-12-13 10:42:22 - [MESSAGE][PASSED] - Object: 'Object Repository/Final Object Repo/Login Page/Internal User/Next Button' is clicked on

2018-12-13 10:42:22 - [TEST_STEP][PASSED] - delay: Delayed 1 second(s)

2018-12-13 10:42:23 - [MESSAGE][PASSED] - Delayed 1 second(s)

2018-12-13 10:42:23 - [TEST_STEP][PASSED] - setEncryptedText: Text ****** has been set on object 'Object Repository/Final Object Repo/Login Page/Internal User/Password'

2018-12-13 10:42:23 - [MESSAGE][PASSED] - Text ****** has been set on object 'Object Repository/Final Object Repo/Login Page/Internal User/Password'

2018-12-13 10:42:23 - [TEST_STEP][PASSED] - click: Object: 'Object Repository/Final Object Repo/Login Page/Internal User/Login Button' is clicked on

2018-12-13 10:42:24 - [MESSAGE][PASSED] - Object: 'Object Repository/Final Object Repo/Login Page/Internal User/Login Button' is clicked on

2018-12-13 10:42:24 - [TEST_STEP][PASSED] - delay: Delayed 1 second(s)

2018-12-13 10:42:25 - [MESSAGE][PASSED] - Delayed 1 second(s)

2018-12-13 10:42:25 - [TEST_STEP][PASSED] - navigateToUrl: Navigate to 'https://assist2-uat.perkeso.gov.my/web/base/portal-id/registration' successfully

2018-12-13 10:42:26 - [MESSAGE][PASSED] - Navigate to 'https://assist2-uat.perkeso.gov.my/web/base/portal-id/registration' successfully

2018-12-13 10:42:26 - [TEST_STEP][PASSED] - setText: Text 'AUTOMATION EMPLOYER' is set on object 'Object Repository/Final Object Repo/Creating Employer Account/Page_Registration - ASSIST (Base)/Employer Name'

2018-12-13 10:42:27 - [MESSAGE][PASSED] - Text 'AUTOMATION EMPLOYER' is set on object 'Object Repository/Final Object Repo/Creating Employer Account/Page_Registration - ASSIST (Base)/Employer Name'

2018-12-13 10:42:27 - [TEST_STEP][PASSED] - delay: Delayed 2 second(s)

2018-12-13 10:42:29 - [MESSAGE][PASSED] - Delayed 2 second(s)

2018-12-13 10:42:29 - [TEST_STEP][PASSED] - click: Object: 'Object Repository/Final Object Repo/Creating Employer Account/Page_Registration - ASSIST (Base)/Registration Type' is clicked on

2018-12-13 10:42:29 - [MESSAGE][PASSED] - Object: 'Object Repository/Final Object Repo/Creating Employer Account/Page_Registration - ASSIST (Base)/Registration Type' is clicked on

2018-12-13 10:42:29 - [TEST_STEP][PASSED] - delay: Delayed 2 second(s)

2018-12-13 10:42:31 - [MESSAGE][PASSED] - Delayed 2 second(s)

2018-12-13 10:42:31 - [TEST_STEP][PASSED] - click: Object: 'Object Repository/Final Object Repo/Creating Employer Account/Page_Registration - ASSIST (Base)/Registration Type - Registration No' is clicked on

2018-12-13 10:42:31 - [MESSAGE][PASSED] - Object: 'Object Repository/Final Object Repo/Creating Employer Account/Page_Registration - ASSIST (Base)/Registration Type - Registration No' is clicked on

2018-12-13 10:42:31 - [TEST_STEP][PASSED] - delay: Delayed 2 second(s)

2018-12-13 10:42:33 - [MESSAGE][PASSED] - Delayed 2 second(s)

2018-12-13 10:42:33 - [TEST_STEP][PASSED] - setText: Text 'AUTOMATE001' is set on object 'Object Repository/Final Object Repo/Creating Employer Account/Page_Registration - ASSIST (Base)/Registration Number'

2018-12-13 10:42:33 - [MESSAGE][PASSED] - Text 'AUTOMATE001' is set on object 'Object Repository/Final Object Repo/Creating Employer Account/Page_Registration - ASSIST (Base)/Registration Number'

2018-12-13 10:42:33 - [TEST_STEP][PASSED] - delay: Delayed 2 second(s)

2018-12-13 10:42:35 - [MESSAGE][PASSED] - Delayed 2 second(s)

2018-12-13 10:42:35 - [TEST_STEP][PASSED] - setText: Text 'ADDRESS 1' is set on object 'Object Repository/Final Object Repo/Creating Employer Account/Page_Registration - ASSIST (Base)/Postal Address 1'

2018-12-13 10:42:36 - [MESSAGE][PASSED] - Text 'ADDRESS 1' is set on object 'Object Repository/Final Object Repo/Creating Employer Account/Page_Registration - ASSIST (Base)/Postal Address 1'

2018-12-13 10:42:36 - [TEST_STEP][PASSED] - setText: Text 'ADDRESS 2' is set on object 'Object Repository/Final Object Repo/Creating Employer Account/Page_Registration - ASSIST (Base)/Postal Address 2'

2018-12-13 10:42:36 - [MESSAGE][PASSED] - Text 'ADDRESS 2' is set on object 'Object Repository/Final Object Repo/Creating Employer Account/Page_Registration - ASSIST (Base)/Postal Address 2'

2018-12-13 10:42:36 - [TEST_STEP][PASSED] - click: Object: 'Object Repository/Final Object Repo/Creating Employer Account/Page_Registration - ASSIST (Base)/State' is clicked on

2018-12-13 10:42:36 - [MESSAGE][PASSED] - Object: 'Object Repository/Final Object Repo/Creating Employer Account/Page_Registration - ASSIST (Base)/State' is clicked on

2018-12-13 10:42:36 - [TEST_STEP][PASSED] - delay: Delayed 2 second(s)

2018-12-13 10:42:38 - [MESSAGE][PASSED] - Delayed 2 second(s)

2018-12-13 10:42:38 - [TEST_STEP][PASSED] - click: Object: 'Object Repository/Final Object Repo/Creating Employer Account/Page_Registration - ASSIST (Base)/State - Johor' is clicked on

2018-12-13 10:42:38 - [MESSAGE][PASSED] - Object: 'Object Repository/Final Object Repo/Creating Employer Account/Page_Registration - ASSIST (Base)/State - Johor' is clicked on

2018-12-13 10:42:38 - [TEST_STEP][PASSED] - delay: Delayed 2 second(s)

2018-12-13 10:42:40 - [MESSAGE][PASSED] - Delayed 2 second(s)

2018-12-13 10:42:40 - [TEST_STEP][PASSED] - click: Object: 'Object Repository/Final Object Repo/Creating Employer Account/Page_Registration - ASSIST (Base)/City' is clicked on

2018-12-13 10:42:40 - [MESSAGE][PASSED] - Object: 'Object Repository/Final Object Repo/Creating Employer Account/Page_Registration - ASSIST (Base)/City' is clicked on

2018-12-13 10:42:40 - [TEST_STEP][PASSED] - delay: Delayed 2 second(s)

2018-12-13 10:42:43 - [MESSAGE][PASSED] - Delayed 2 second(s)

2018-12-13 10:42:43 - [TEST_STEP][PASSED] - setText: Text 'joh' is set on object 'Object Repository/Final Object Repo/Creating Employer Account/Page_Registration - ASSIST (Base)/City - joh'

2018-12-13 10:42:43 - [MESSAGE][PASSED] - Text 'joh' is set on object 'Object Repository/Final Object Repo/Creating Employer Account/Page_Registration - ASSIST (Base)/City - joh'

2018-12-13 10:42:43 - [TEST_STEP][PASSED] - delay: Delayed 2 second(s)

2018-12-13 10:42:45 - [MESSAGE][PASSED] - Delayed 2 second(s)

2018-12-13 10:42:45 - [TEST_STEP][PASSED] - click: Object: 'Object Repository/Final Object Repo/Creating Employer Account/Page_Registration - ASSIST (Base)/City - Johor Bharu' is clicked on

2018-12-13 10:42:45 - [MESSAGE][PASSED] - Object: 'Object Repository/Final Object Repo/Creating Employer Account/Page_Registration - ASSIST (Base)/City - Johor Bharu' is clicked on

2018-12-13 10:42:45 - [TEST_STEP][PASSED] - delay: Delayed 2 second(s)

2018-12-13 10:42:47 - [MESSAGE][PASSED] - Delayed 2 second(s)

2018-12-13 10:42:47 - [TEST_STEP][PASSED] - click: Object: 'Object Repository/Final Object Repo/Creating Employer Account/Page_Registration - ASSIST (Base)/Post Code' is clicked on

2018-12-13 10:42:47 - [MESSAGE][PASSED] - Object: 'Object Repository/Final Object Repo/Creating Employer Account/Page_Registration - ASSIST (Base)/Post Code' is clicked on

2018-12-13 10:42:47 - [TEST_STEP][PASSED] - delay: Delayed 2 second(s)

2018-12-13 10:42:49 - [MESSAGE][PASSED] - Delayed 2 second(s)

2018-12-13 10:42:49 - [TEST_STEP][PASSED] - setText: Text '810' is set on object 'Object Repository/Final Object Repo/Creating Employer Account/Page_Registration - ASSIST (Base)/Post Code - 810'

2018-12-13 10:42:49 - [MESSAGE][PASSED] - Text '810' is set on object 'Object Repository/Final Object Repo/Creating Employer Account/Page_Registration - ASSIST (Base)/Post Code - 810'

2018-12-13 10:42:49 - [TEST_STEP][PASSED] - delay: Delayed 2 second(s)

2018-12-13 10:42:51 - [MESSAGE][PASSED] - Delayed 2 second(s)

2018-12-13 10:42:51 - [TEST_STEP][PASSED] - click: Object: 'Object Repository/Final Object Repo/Creating Employer Account/Page_Registration - ASSIST (Base)/Post Code - 81000' is clicked on

2018-12-13 10:42:52 - [MESSAGE][PASSED] - Object: 'Object Repository/Final Object Repo/Creating Employer Account/Page_Registration - ASSIST (Base)/Post Code - 81000' is clicked on

2018-12-13 10:42:52 - [TEST_STEP][PASSED] - delay: Delayed 2 second(s)

2018-12-13 10:42:54 - [MESSAGE][PASSED] - Delayed 2 second(s)

2018-12-13 10:42:54 - [TEST_STEP][PASSED] - setText: Text 'PERKESO' is set on object 'Object Repository/Final Object Repo/Creating Employer Account/Page_Registration - ASSIST (Base)/Full Name'

2018-12-13 10:42:54 - [MESSAGE][PASSED] - Text 'PERKESO' is set on object 'Object Repository/Final Object Repo/Creating Employer Account/Page_Registration - ASSIST (Base)/Full Name'

2018-12-13 10:42:54 - [TEST_STEP][PASSED] - Statement - rnd = new java.util.Random(): null

2018-12-13 10:42:54 - [TEST_STEP][PASSED] - Statement - snum = rnd.nextInt(899999 + 1) + 100000: null

2018-12-13 10:42:54 - [TEST_STEP][PASSED] - Statement - tnum = rnd.nextInt(899999 + 1) + 100000: null

2018-12-13 10:42:54 - [TEST_STEP][PASSED] - Statement - IC = java.lang.Integer.toString(snum) + java.lang.Integer.toString(tnum): null

2018-12-13 10:42:54 - [TEST_STEP][PASSED] - Statement - out.println(IC): null

2018-12-13 10:42:54 - [TEST_STEP][PASSED] - setText: Text '972148435522' is set on object 'Object Repository/Final Object Repo/Creating Employer Account/Page_Registration - ASSIST (Base)/Identification Number'

2018-12-13 10:42:54 - [MESSAGE][PASSED] - Text '972148435522' is set on object 'Object Repository/Final Object Repo/Creating Employer Account/Page_Registration - ASSIST (Base)/Identification Number'

2018-12-13 10:42:54 - [TEST_STEP][PASSED] - delay: Delayed 2 second(s)

2018-12-13 10:42:56 - [MESSAGE][PASSED] - Delayed 2 second(s)

2018-12-13 10:42:56 - [TEST_STEP][PASSED] - setText: Text '123456789012' is set on object 'Object Repository/Final Object Repo/Creating Employer Account/Page_Registration - ASSIST (Base)/Contact Number'

2018-12-13 10:42:56 - [MESSAGE][PASSED] - Text '123456789012' is set on object 'Object Repository/Final Object Repo/Creating Employer Account/Page_Registration - ASSIST (Base)/Contact Number'

2018-12-13 10:42:56 - [TEST_STEP][PASSED] - Statement - Email = "perkeso" + IC + "@gmail.com": null

2018-12-13 10:42:56 - [TEST_STEP][PASSED] - delay: Delayed 2 second(s)

2018-12-13 10:42:58 - [MESSAGE][PASSED] - Delayed 2 second(s)

2018-12-13 10:42:58 - [TEST_STEP][PASSED] - callTestCase: Call Test Case 'Test Cases/Final Aug 2018 - PKS Automation/Create Employer Acc/Template/Employer Email Settler' successfully

2018-12-13 10:42:58 - [TEST_CASE][PASSED] - Test Cases/Final Aug 2018 - PKS Automation/Create Employer Acc/Template/Employer Email Settler: Test Cases/Final Aug 2018 - PKS Automation/Create Employer Acc/Template/Employer Email Settler

2018-12-13 10:42:58 - [TEST_STEP][PASSED] - Statement - EmpEmailOld = new java.io.File(C://Users//Admin//Desktop//PKS//Automation Reference Point//EmpEmail.txt): null

2018-12-13 10:42:58 - [TEST_STEP][PASSED] - Statement - EmpEmailOld.delete(): null

2018-12-13 10:42:58 - [TEST_STEP][PASSED] - delay: Delayed 5 second(s)

2018-12-13 10:43:03 - [MESSAGE][PASSED] - Delayed 5 second(s)

2018-12-13 10:43:03 - [TEST_STEP][PASSED] - Statement - EmpEmail = new java.io.File(C://Users//Admin//Desktop//PKS//Automation Reference Point//EmpEmail.txt): null

2018-12-13 10:43:03 - [TEST_STEP][PASSED] - Statement - f2 = new java.io.FileWriter(EmpEmail, false): null

2018-12-13 10:43:03 - [TEST_STEP][PASSED] - Statement - f2.write(Email): null

2018-12-13 10:43:03 - [TEST_STEP][PASSED] - Statement - f2.close(): null

2018-12-13 10:43:03 - [TEST_STEP][PASSED] - Statement - out.println(Email): null

2018-12-13 10:43:03 - [MESSAGE][PASSED] - Call Test Case 'Test Cases/Final Aug 2018 - PKS Automation/Create Employer Acc/Template/Employer Email Settler' successfully

2018-12-13 10:43:03 - [TEST_STEP][PASSED] - delay: Delayed 2 second(s)

2018-12-13 10:43:05 - [MESSAGE][PASSED] - Delayed 2 second(s)

2018-12-13 10:43:05 - [TEST_STEP][PASSED] - setText: Text 'perkeso972148435522@gmail.com' is set on object 'Object Repository/Final Object Repo/Creating Employer Account/Page_Registration - ASSIST (Base)/Email'

2018-12-13 10:43:06 - [MESSAGE][PASSED] - Text 'perkeso972148435522@gmail.com' is set on object 'Object Repository/Final Object Repo/Creating Employer Account/Page_Registration - ASSIST (Base)/Email'

2018-12-13 10:43:06 - [TEST_STEP][PASSED] - setText: Text '123' is set on object 'Object Repository/Final Object Repo/Creating Employer Account/Page_Registration - ASSIST (Base)/Security Phase'

2018-12-13 10:43:06 - [MESSAGE][PASSED] - Text '123' is set on object 'Object Repository/Final Object Repo/Creating Employer Account/Page_Registration - ASSIST (Base)/Security Phase'

2018-12-13 10:43:06 - [TEST_STEP][PASSED] - click: Object: 'Object Repository/Final Object Repo/Creating Employer Account/Page_Registration - ASSIST (Base)/Save  Continue' is clicked on

2018-12-13 10:43:06 - [MESSAGE][PASSED] - Object: 'Object Repository/Final Object Repo/Creating Employer Account/Page_Registration - ASSIST (Base)/Save  Continue' is clicked on

2018-12-13 10:43:06 - [TEST_STEP][PASSED] - delay: Delayed 2 second(s)

2018-12-13 10:43:08 - [MESSAGE][PASSED] - Delayed 2 second(s)

2018-12-13 10:43:08 - [TEST_STEP][PASSED] - click: Object: 'Object Repository/Final Object Repo/Creating Employer Account/Page_Registration - ASSIST (Base)/Add Document' is clicked on

2018-12-13 10:43:08 - [MESSAGE][PASSED] - Object: 'Object Repository/Final Object Repo/Creating Employer Account/Page_Registration - ASSIST (Base)/Add Document' is clicked on

2018-12-13 10:43:08 - [TEST_STEP][PASSED] - delay: Delayed 2 second(s)

2018-12-13 10:43:10 - [MESSAGE][PASSED] - Delayed 2 second(s)

2018-12-13 10:43:10 - [TEST_STEP][PASSED] - click: Object: 'Object Repository/Final Object Repo/Creating Employer Account/Page_Registration - ASSIST (Base)/Document Type' is clicked on

2018-12-13 10:43:11 - [MESSAGE][PASSED] - Object: 'Object Repository/Final Object Repo/Creating Employer Account/Page_Registration - ASSIST (Base)/Document Type' is clicked on

2018-12-13 10:43:11 - [TEST_STEP][PASSED] - delay: Delayed 2 second(s)

2018-12-13 10:43:13 - [MESSAGE][PASSED] - Delayed 2 second(s)

2018-12-13 10:43:13 - [TEST_STEP][PASSED] - click: Object: 'Object Repository/Final Object Repo/Creating Employer Account/Page_Registration - ASSIST (Base)/Document Type - Letter of Authorization' is clicked on

2018-12-13 10:43:13 - [MESSAGE][PASSED] - Object: 'Object Repository/Final Object Repo/Creating Employer Account/Page_Registration - ASSIST (Base)/Document Type - Letter of Authorization' is clicked on

2018-12-13 10:43:13 - [TEST_STEP][PASSED] - delay: Delayed 2 second(s)

2018-12-13 10:43:15 - [MESSAGE][PASSED] - Delayed 2 second(s)

2018-12-13 10:43:15 - [TEST_STEP][PASSED] - sendKeys: Keys 'C:\Users\Public\Pictures\Sample Pictures\Koala.jpg' sent to object: 'Object Repository/Final Object Repo/Creating Employer Account/Page_Registration - ASSIST (Base)/Uploading File'

2018-12-13 10:43:15 - [MESSAGE][PASSED] - Keys 'C:\Users\Public\Pictures\Sample Pictures\Koala.jpg' sent to object: 'Object Repository/Final Object Repo/Creating Employer Account/Page_Registration - ASSIST (Base)/Uploading File'

2018-12-13 10:43:15 - [TEST_STEP][PASSED] - delay: Delayed 2 second(s)

2018-12-13 10:43:17 - [MESSAGE][PASSED] - Delayed 2 second(s)

2018-12-13 10:43:17 - [TEST_STEP][PASSED] - click: Object: 'Object Repository/Final Object Repo/Creating Employer Account/Page_Registration - ASSIST (Base)/Add Document in Uploading File' is clicked on

2018-12-13 10:43:17 - [MESSAGE][PASSED] - Object: 'Object Repository/Final Object Repo/Creating Employer Account/Page_Registration - ASSIST (Base)/Add Document in Uploading File' is clicked on

2018-12-13 10:43:17 - [TEST_STEP][PASSED] - delay: Delayed 2 second(s)

2018-12-13 10:43:19 - [MESSAGE][PASSED] - Delayed 2 second(s)

2018-12-13 10:43:19 - [TEST_STEP][PASSED] - click: Object: 'Object Repository/Final Object Repo/Creating Employer Account/Page_Registration - ASSIST (Base)/Save' is clicked on

2018-12-13 10:43:19 - [MESSAGE][PASSED] - Object: 'Object Repository/Final Object Repo/Creating Employer Account/Page_Registration - ASSIST (Base)/Save' is clicked on

2018-12-13 10:43:19 - [TEST_STEP][PASSED] - delay: Delayed 2 second(s)

2018-12-13 10:43:21 - [MESSAGE][PASSED] - Delayed 2 second(s)

2018-12-13 10:43:21 - [TEST_STEP][PASSED] - click: Object: 'Object Repository/Final Object Repo/Creating Employer Account/Page_Registration - ASSIST (Base)/Submit' is clicked on

2018-12-13 10:43:21 - [MESSAGE][PASSED] - Object: 'Object Repository/Final Object Repo/Creating Employer Account/Page_Registration - ASSIST (Base)/Submit' is clicked on

2018-12-13 10:43:21 - [TEST_STEP][PASSED] - delay: Delayed 2 second(s)

2018-12-13 10:43:23 - [MESSAGE][PASSED] - Delayed 2 second(s)

2018-12-13 10:43:23 - [TEST_STEP][PASSED] - click: Object: 'Object Repository/Final Object Repo/Creating Employer Account/Page_Registration - ASSIST (Base)/Confirm' is clicked on

2018-12-13 10:43:24 - [MESSAGE][PASSED] - Object: 'Object Repository/Final Object Repo/Creating Employer Account/Page_Registration - ASSIST (Base)/Confirm' is clicked on

2018-12-13 10:43:24 - [MESSAGE][PASSED] - Call Test Case 'Test Cases/Final Aug 2018 - PKS Automation/Create Employer Acc/Template/Register Employer' successfully

2018-12-13 10:43:24 - [TEST_STEP][PASSED] - delay: Delayed 1 second(s)

2018-12-13 10:43:25 - [MESSAGE][PASSED] - Delayed 1 second(s)

2018-12-13 10:43:25 - [TEST_STEP][PASSED] - navigateToUrl: Navigate to 'https://assist2-uat.perkeso.gov.my/c/portal/logout' successfully

2018-12-13 10:43:26 - [MESSAGE][PASSED] - Navigate to 'https://assist2-uat.perkeso.gov.my/c/portal/logout' successfully

2018-12-13 10:43:26 - [TEST_STEP][PASSED] - delay: Delayed 1 second(s)

2018-12-13 10:43:27 - [MESSAGE][PASSED] - Delayed 1 second(s)

2018-12-13 10:43:27 - [TEST_STEP][PASSED] - callTestCase: Call Test Case 'Test Cases/Final Aug 2018 - PKS Automation/Create Employer Acc/Template/Change Password of Employer' successfully

2018-12-13 10:43:27 - [TEST_CASE][PASSED] - Test Cases/Final Aug 2018 - PKS Automation/Create Employer Acc/Template/Change Password of Employer: Test Cases/Final Aug 2018 - PKS Automation/Create Employer Acc/Template/Change Password of Employer

2018-12-13 10:43:27 - [TEST_STEP][PASSED] - openBrowser: Browser is opened with url: ''

2018-12-13 10:43:27 - [MESSAGE][WARNING] - A browser is already opened. Closing browser and opening a new one

2018-12-13 10:43:30 - [MESSAGE][PASSED] - Browser is opened with url: ''

2018-12-13 10:43:30 - [TEST_STEP][PASSED] - navigateToUrl: Navigate to 'https://assist2-uat.perkeso.gov.my/login' successfully

2018-12-13 10:43:31 - [MESSAGE][PASSED] - Navigate to 'https://assist2-uat.perkeso.gov.my/login' successfully

2018-12-13 10:43:31 - [TEST_STEP][PASSED] - delay: Delayed 5 second(s)

2018-12-13 10:43:36 - [MESSAGE][PASSED] - Delayed 5 second(s)

2018-12-13 10:43:36 - [TEST_STEP][PASSED] - setText: Text 'test@liferay.com' is set on object 'Object Repository/Final Object Repo/Login Page/Internal User/Email Address'

2018-12-13 10:43:37 - [MESSAGE][PASSED] - Text 'test@liferay.com' is set on object 'Object Repository/Final Object Repo/Login Page/Internal User/Email Address'

2018-12-13 10:43:37 - [TEST_STEP][PASSED] - click: Object: 'Object Repository/Final Object Repo/Login Page/Internal User/Next Button' is clicked on

2018-12-13 10:43:37 - [MESSAGE][PASSED] - Object: 'Object Repository/Final Object Repo/Login Page/Internal User/Next Button' is clicked on

2018-12-13 10:43:37 - [TEST_STEP][PASSED] - delay: Delayed 2 second(s)

2018-12-13 10:43:39 - [MESSAGE][PASSED] - Delayed 2 second(s)

2018-12-13 10:43:39 - [TEST_STEP][PASSED] - setText: Text 'test' is set on object 'Object Repository/Final Object Repo/Login Page/Internal User/Password'

2018-12-13 10:43:39 - [MESSAGE][PASSED] - Text 'test' is set on object 'Object Repository/Final Object Repo/Login Page/Internal User/Password'

2018-12-13 10:43:39 - [TEST_STEP][PASSED] - delay: Delayed 2 second(s)

2018-12-13 10:43:41 - [MESSAGE][PASSED] - Delayed 2 second(s)

2018-12-13 10:43:41 - [TEST_STEP][PASSED] - click: Object: 'Object Repository/Final Object Repo/Login Page/Internal User/Login Button' is clicked on

2018-12-13 10:43:41 - [MESSAGE][PASSED] - Object: 'Object Repository/Final Object Repo/Login Page/Internal User/Login Button' is clicked on

2018-12-13 10:43:41 - [TEST_STEP][PASSED] - delay: Delayed 3 second(s)

2018-12-13 10:43:44 - [MESSAGE][PASSED] - Delayed 3 second(s)

2018-12-13 10:43:44 - [TEST_STEP][PASSED] - navigateToUrl: Navigate to 'https://assist2-uat.perkeso.gov.my/group/control_panel/manage?p_p_id=125&p_p_lifecycle=0&p_p_state=maximized&p_p_mode=view&refererPlid=20455&_125_usersListView=flat-users&_125_toolbarItem=view-all-users&_125_saveUsersListView=true&_125_struts_action=%2Fusers_admin%2Fview' successfully

2018-12-13 10:43:46 - [MESSAGE][PASSED] - Navigate to 'https://assist2-uat.perkeso.gov.my/group/control_panel/manage?p_p_id=125&p_p_lifecycle=0&p_p_state=maximized&p_p_mode=view&refererPlid=20455&_125_usersListView=flat-users&_125_toolbarItem=view-all-users&_125_saveUsersListView=true&_125_struts_action=%2Fusers_admin%2Fview' successfully

2018-12-13 10:43:46 - [TEST_STEP][PASSED] - delay: Delayed 3 second(s)

2018-12-13 10:43:49 - [MESSAGE][PASSED] - Delayed 3 second(s)

2018-12-13 10:43:49 - [TEST_STEP][PASSED] - setText: Text 'perkeso972148435522@gmail.com' is set on object 'Object Repository/Final Object Repo/Creating Employer Account/Page_Users and Organizations - ASSIST/Employer name'

2018-12-13 10:43:49 - [MESSAGE][PASSED] - Text 'perkeso972148435522@gmail.com' is set on object 'Object Repository/Final Object Repo/Creating Employer Account/Page_Users and Organizations - ASSIST/Employer name'

2018-12-13 10:43:49 - [TEST_STEP][PASSED] - delay: Delayed 3 second(s)

2018-12-13 10:43:52 - [MESSAGE][PASSED] - Delayed 3 second(s)

2018-12-13 10:43:52 - [TEST_STEP][PASSED] - click: Object: 'Object Repository/Final Object Repo/Creating Employer Account/Page_Users and Organizations - ASSIST/Search' is clicked on

2018-12-13 10:43:53 - [MESSAGE][PASSED] - Object: 'Object Repository/Final Object Repo/Creating Employer Account/Page_Users and Organizations - ASSIST/Search' is clicked on

2018-12-13 10:43:53 - [TEST_STEP][PASSED] - delay: Delayed 3 second(s)

2018-12-13 10:43:56 - [MESSAGE][PASSED] - Delayed 3 second(s)

2018-12-13 10:43:56 - [TEST_STEP][PASSED] - click: Object: 'Object Repository/Final Object Repo/Creating Employer Account/Page_Users and Organizations - ASSIST/Action' is clicked on

2018-12-13 10:43:56 - [MESSAGE][PASSED] - Object: 'Object Repository/Final Object Repo/Creating Employer Account/Page_Users and Organizations - ASSIST/Action' is clicked on

2018-12-13 10:43:56 - [TEST_STEP][PASSED] - delay: Delayed 3 second(s)

2018-12-13 10:43:59 - [MESSAGE][PASSED] - Delayed 3 second(s)

2018-12-13 10:43:59 - [TEST_STEP][PASSED] - click: Object: 'Object Repository/Final Object Repo/Creating Employer Account/Page_Users and Organizations - ASSIST/Edit' is clicked on

2018-12-13 10:44:00 - [MESSAGE][PASSED] - Object: 'Object Repository/Final Object Repo/Creating Employer Account/Page_Users and Organizations - ASSIST/Edit' is clicked on

2018-12-13 10:44:00 - [TEST_STEP][PASSED] - delay: Delayed 3 second(s)

2018-12-13 10:44:03 - [MESSAGE][PASSED] - Delayed 3 second(s)

2018-12-13 10:44:03 - [TEST_STEP][PASSED] - click: Object: 'Object Repository/Final Object Repo/Creating Employer Account/Page_PERKESO - Users and Organizati/a_Password (Modified)' is clicked on

2018-12-13 10:44:03 - [MESSAGE][PASSED] - Object: 'Object Repository/Final Object Repo/Creating Employer Account/Page_PERKESO - Users and Organizati/a_Password (Modified)' is clicked on

2018-12-13 10:44:03 - [TEST_STEP][PASSED] - delay: Delayed 3 second(s)

2018-12-13 10:44:06 - [MESSAGE][PASSED] - Delayed 3 second(s)

2018-12-13 10:44:06 - [TEST_STEP][PASSED] - setEncryptedText: Text ****** has been set on object 'Object Repository/Final Object Repo/Creating Employer Account/Page_PERKESO - Users and Organizati/input__125_password1'

2018-12-13 10:44:06 - [MESSAGE][PASSED] - Text ****** has been set on object 'Object Repository/Final Object Repo/Creating Employer Account/Page_PERKESO - Users and Organizati/input__125_password1'

2018-12-13 10:44:06 - [TEST_STEP][PASSED] - delay: Delayed 3 second(s)

2018-12-13 10:44:09 - [MESSAGE][PASSED] - Delayed 3 second(s)

2018-12-13 10:44:09 - [TEST_STEP][PASSED] - setEncryptedText: Text ****** has been set on object 'Object Repository/Final Object Repo/Creating Employer Account/Page_PERKESO - Users and Organizati/input__125_password2'

2018-12-13 10:44:09 - [MESSAGE][PASSED] - Text ****** has been set on object 'Object Repository/Final Object Repo/Creating Employer Account/Page_PERKESO - Users and Organizati/input__125_password2'

2018-12-13 10:44:10 - [TEST_STEP][PASSED] - delay: Delayed 3 second(s)

2018-12-13 10:44:13 - [MESSAGE][PASSED] - Delayed 3 second(s)

2018-12-13 10:44:13 - [TEST_STEP][PASSED] - click: Object: 'Object Repository/Final Object Repo/Creating Employer Account/Page_PERKESO - Users and Organizati/Save' is clicked on

2018-12-13 10:44:14 - [MESSAGE][PASSED] - Object: 'Object Repository/Final Object Repo/Creating Employer Account/Page_PERKESO - Users and Organizati/Save' is clicked on

2018-12-13 10:44:14 - [MESSAGE][PASSED] - Call Test Case 'Test Cases/Final Aug 2018 - PKS Automation/Create Employer Acc/Template/Change Password of Employer' successfully

2018-12-13 10:44:14 - [TEST_STEP][PASSED] - delay: Delayed 1 second(s)

2018-12-13 10:44:15 - [MESSAGE][PASSED] - Delayed 1 second(s)

2018-12-13 10:44:15 - [TEST_STEP][PASSED] - navigateToUrl: Navigate to 'https://assist2-uat.perkeso.gov.my/c/portal/logout' successfully

2018-12-13 10:44:16 - [MESSAGE][PASSED] - Navigate to 'https://assist2-uat.perkeso.gov.my/c/portal/logout' successfully

2018-12-13 10:44:16 - [TEST_STEP][PASSED] - delay: Delayed 1 second(s)

2018-12-13 10:44:17 - [MESSAGE][PASSED] - Delayed 1 second(s)

2018-12-13 10:44:17 - [TEST_STEP][PASSED] - callTestCase: Call Test Case 'Test Cases/Final Aug 2018 - PKS Automation/Create Employer Acc/Template/Login to Employer Account (First Time)' successfully

2018-12-13 10:44:17 - [TEST_CASE][PASSED] - Test Cases/Final Aug 2018 - PKS Automation/Create Employer Acc/Template/Login to Employer Account (First Time): Test Cases/Final Aug 2018 - PKS Automation/Create Employer Acc/Template/Login to Employer Account (First Time)

2018-12-13 10:44:17 - [TEST_STEP][PASSED] - openBrowser: Browser is opened with url: ''

2018-12-13 10:44:17 - [MESSAGE][WARNING] - A browser is already opened. Closing browser and opening a new one

2018-12-13 10:44:20 - [MESSAGE][PASSED] - Browser is opened with url: ''

2018-12-13 10:44:20 - [TEST_STEP][PASSED] - navigateToUrl: Navigate to 'https://assist2-uat.perkeso.gov.my/employer/login' successfully

2018-12-13 10:44:21 - [MESSAGE][PASSED] - Navigate to 'https://assist2-uat.perkeso.gov.my/employer/login' successfully

2018-12-13 10:44:21 - [TEST_STEP][PASSED] - delay: Delayed 3 second(s)

2018-12-13 10:44:24 - [MESSAGE][PASSED] - Delayed 3 second(s)

2018-12-13 10:44:24 - [TEST_STEP][PASSED] - callTestCase: Call Test Case 'Test Cases/Final Aug 2018 - PKS Automation/Create Employer Acc/Template/Employer Email Getter' successfully

2018-12-13 10:44:24 - [TEST_CASE][PASSED] - Test Cases/Final Aug 2018 - PKS Automation/Create Employer Acc/Template/Employer Email Getter: Test Cases/Final Aug 2018 - PKS Automation/Create Employer Acc/Template/Employer Email Getter

2018-12-13 10:44:24 - [TEST_STEP][PASSED] - Statement - Try: null

2018-12-13 10:44:24 - [TEST_STEP][PASSED] - Statement - EmpEmail = new java.io.File(C://Users//Admin//Desktop//PKS//Automation Reference Point//EmpEmail.txt): null

2018-12-13 10:44:24 - [TEST_STEP][PASSED] - Statement - bufferread = new java.io.BufferedReader(new java.io.FileReader(EmpEmail)): null

2018-12-13 10:44:24 - [TEST_STEP][PASSED] - Statement - readedVal = bufferread.readLine(): null

2018-12-13 10:44:24 - [TEST_STEP][PASSED] - Statement - out.println(readedVal): null

2018-12-13 10:44:24 - [TEST_STEP][PASSED] - Statement - Email = readedVal: null

2018-12-13 10:44:24 - [MESSAGE][PASSED] - Call Test Case 'Test Cases/Final Aug 2018 - PKS Automation/Create Employer Acc/Template/Employer Email Getter' successfully

2018-12-13 10:44:24 - [TEST_STEP][PASSED] - setText: Text 'perkeso972148435522@gmail.com' is set on object 'Object Repository/Final Object Repo/Login Page/External Login Page/Email'

2018-12-13 10:44:24 - [MESSAGE][PASSED] - Text 'perkeso972148435522@gmail.com' is set on object 'Object Repository/Final Object Repo/Login Page/External Login Page/Email'

2018-12-13 10:44:24 - [TEST_STEP][PASSED] - click: Object: 'Object Repository/Final Object Repo/Login Page/External Login Page/Next' is clicked on

2018-12-13 10:44:25 - [MESSAGE][PASSED] - Object: 'Object Repository/Final Object Repo/Login Page/External Login Page/Next' is clicked on

2018-12-13 10:44:25 - [TEST_STEP][PASSED] - delay: Delayed 3 second(s)

2018-12-13 10:44:28 - [MESSAGE][PASSED] - Delayed 3 second(s)

2018-12-13 10:44:28 - [TEST_STEP][PASSED] - setEncryptedText: Text ****** has been set on object 'Object Repository/Final Object Repo/Login Page/External Login Page/Password'

2018-12-13 10:44:28 - [MESSAGE][PASSED] - Text ****** has been set on object 'Object Repository/Final Object Repo/Login Page/External Login Page/Password'

2018-12-13 10:44:28 - [TEST_STEP][PASSED] - click: Object: 'Object Repository/Final Object Repo/Login Page/External Login Page/Login' is clicked on

2018-12-13 10:44:28 - [MESSAGE][PASSED] - Object: 'Object Repository/Final Object Repo/Login Page/External Login Page/Login' is clicked on

2018-12-13 10:44:28 - [TEST_STEP][PASSED] - delay: Delayed 3 second(s)

2018-12-13 10:44:31 - [MESSAGE][PASSED] - Delayed 3 second(s)

2018-12-13 10:44:31 - [TEST_STEP][PASSED] - click: Object: 'Object Repository/Final Object Repo/Creating Employer Account/Page_Terms of Use - ASSIST/button_I Agree' is clicked on

2018-12-13 10:44:32 - [MESSAGE][PASSED] - Object: 'Object Repository/Final Object Repo/Creating Employer Account/Page_Terms of Use - ASSIST/button_I Agree' is clicked on

2018-12-13 10:44:32 - [TEST_STEP][PASSED] - delay: Delayed 2 second(s)

2018-12-13 10:44:34 - [MESSAGE][PASSED] - Delayed 2 second(s)

2018-12-13 10:44:34 - [TEST_STEP][PASSED] - setEncryptedText: Text ****** has been set on object 'Object Repository/Final Object Repo/Creating Employer Account/Page_New Password - ASSIST/input_password1'

2018-12-13 10:44:34 - [MESSAGE][PASSED] - Text ****** has been set on object 'Object Repository/Final Object Repo/Creating Employer Account/Page_New Password - ASSIST/input_password1'

2018-12-13 10:44:34 - [TEST_STEP][PASSED] - setEncryptedText: Text ****** has been set on object 'Object Repository/Final Object Repo/Creating Employer Account/Page_New Password - ASSIST/input_password2'

2018-12-13 10:44:34 - [MESSAGE][PASSED] - Text ****** has been set on object 'Object Repository/Final Object Repo/Creating Employer Account/Page_New Password - ASSIST/input_password2'

2018-12-13 10:44:34 - [TEST_STEP][PASSED] - delay: Delayed 2 second(s)

2018-12-13 10:44:36 - [MESSAGE][PASSED] - Delayed 2 second(s)

2018-12-13 10:44:36 - [TEST_STEP][PASSED] - click: Object: 'Object Repository/Final Object Repo/Creating Employer Account/Page_New Password - ASSIST/Save' is clicked on

2018-12-13 10:44:36 - [MESSAGE][PASSED] - Object: 'Object Repository/Final Object Repo/Creating Employer Account/Page_New Password - ASSIST/Save' is clicked on

2018-12-13 10:44:36 - [TEST_STEP][PASSED] - delay: Delayed 2 second(s)

2018-12-13 10:44:38 - [MESSAGE][PASSED] - Delayed 2 second(s)

2018-12-13 10:44:38 - [TEST_STEP][PASSED] - setText: Text 'test' is set on object 'Object Repository/Final Object Repo/Creating Employer Account/Page_Password Reminder - ASSIST/Reminder Query Answer'

2018-12-13 10:44:39 - [MESSAGE][PASSED] - Text 'test' is set on object 'Object Repository/Final Object Repo/Creating Employer Account/Page_Password Reminder - ASSIST/Reminder Query Answer'

2018-12-13 10:44:39 - [TEST_STEP][PASSED] - delay: Delayed 2 second(s)

2018-12-13 10:44:41 - [MESSAGE][PASSED] - Delayed 2 second(s)

2018-12-13 10:44:41 - [TEST_STEP][PASSED] - doubleClick: Object: 'Object Repository/Final Object Repo/Creating Employer Account/Page_Password Reminder - ASSIST/Save' is double clicked on

2018-12-13 10:44:41 - [MESSAGE][PASSED] - Object: 'Object Repository/Final Object Repo/Creating Employer Account/Page_Password Reminder - ASSIST/Save' is double clicked on

2018-12-13 10:44:41 - [MESSAGE][PASSED] - Call Test Case 'Test Cases/Final Aug 2018 - PKS Automation/Create Employer Acc/Template/Login to Employer Account (First Time)' successfully

2018-12-13 10:44:41 - [MESSAGE][PASSED] - Call Test Case 'Test Cases/Final Aug 2018 - PKS Automation/Create Employer Acc/Create Employer Account' successfully

2018-12-13 10:44:41 - [TEST_STEP][PASSED] - callTestCase: Call Test Case 'Test Cases/Final Aug 2018 - PKS Automation/Registration Module/Log Out/log out avoiding katalon tagging' successfully

2018-12-13 10:44:41 - [TEST_CASE][PASSED] - Test Cases/Final Aug 2018 - PKS Automation/Registration Module/Log Out/log out avoiding katalon tagging: Test Cases/Final Aug 2018 - PKS Automation/Registration Module/Log Out/log out avoiding katalon tagging

2018-12-13 10:44:41 - [TEST_STEP][PASSED] - navigateToUrl: Navigate to 'https://assist2-uat.perkeso.gov.my/c/portal/logout' successfully

2018-12-13 10:44:44 - [MESSAGE][PASSED] - Navigate to 'https://assist2-uat.perkeso.gov.my/c/portal/logout' successfully

2018-12-13 10:44:44 - [MESSAGE][PASSED] - Call Test Case 'Test Cases/Final Aug 2018 - PKS Automation/Registration Module/Log Out/log out avoiding katalon tagging' successfully

2018-12-13 10:44:44 - [TEST_STEP][PASSED] - callTestCase: Call Test Case 'Test Cases/Final Aug 2018 - PKS Automation/Create Employer Acc/Login to Employer Account (Second time)' successfully

2018-12-13 10:44:44 - [TEST_CASE][PASSED] - Test Cases/Final Aug 2018 - PKS Automation/Create Employer Acc/Login to Employer Account (Second time): Test Cases/Final Aug 2018 - PKS Automation/Create Employer Acc/Login to Employer Account (Second time)

2018-12-13 10:44:44 - [TEST_STEP][PASSED] - openBrowser: Browser is opened with url: ''

2018-12-13 10:44:44 - [MESSAGE][WARNING] - A browser is already opened. Closing browser and opening a new one

2018-12-13 10:44:47 - [MESSAGE][PASSED] - Browser is opened with url: ''

2018-12-13 10:44:47 - [TEST_STEP][PASSED] - navigateToUrl: Navigate to 'https://assist2-uat.perkeso.gov.my/employer/login' successfully

2018-12-13 10:44:48 - [MESSAGE][PASSED] - Navigate to 'https://assist2-uat.perkeso.gov.my/employer/login' successfully

2018-12-13 10:44:48 - [TEST_STEP][PASSED] - delay: Delayed 3 second(s)

2018-12-13 10:44:51 - [MESSAGE][PASSED] - Delayed 3 second(s)

2018-12-13 10:44:51 - [TEST_STEP][PASSED] - callTestCase: Call Test Case 'Test Cases/Final Aug 2018 - PKS Automation/Create Employer Acc/Template/Employer Email Getter' successfully

2018-12-13 10:44:51 - [TEST_CASE][PASSED] - Test Cases/Final Aug 2018 - PKS Automation/Create Employer Acc/Template/Employer Email Getter: Test Cases/Final Aug 2018 - PKS Automation/Create Employer Acc/Template/Employer Email Getter

2018-12-13 10:44:51 - [TEST_STEP][PASSED] - Statement - Try: null

2018-12-13 10:44:51 - [TEST_STEP][PASSED] - Statement - EmpEmail = new java.io.File(C://Users//Admin//Desktop//PKS//Automation Reference Point//EmpEmail.txt): null

2018-12-13 10:44:51 - [TEST_STEP][PASSED] - Statement - bufferread = new java.io.BufferedReader(new java.io.FileReader(EmpEmail)): null

2018-12-13 10:44:51 - [TEST_STEP][PASSED] - Statement - readedVal = bufferread.readLine(): null

2018-12-13 10:44:51 - [TEST_STEP][PASSED] - Statement - out.println(readedVal): null

2018-12-13 10:44:51 - [TEST_STEP][PASSED] - Statement - Email = readedVal: null

2018-12-13 10:44:51 - [MESSAGE][PASSED] - Call Test Case 'Test Cases/Final Aug 2018 - PKS Automation/Create Employer Acc/Template/Employer Email Getter' successfully

2018-12-13 10:44:51 - [TEST_STEP][PASSED] - setText: Text 'perkeso972148435522@gmail.com' is set on object 'Object Repository/Final Object Repo/Login Page/External Login Page/Email'

2018-12-13 10:44:51 - [MESSAGE][PASSED] - Text 'perkeso972148435522@gmail.com' is set on object 'Object Repository/Final Object Repo/Login Page/External Login Page/Email'

2018-12-13 10:44:51 - [TEST_STEP][PASSED] - click: Object: 'Object Repository/Final Object Repo/Login Page/External Login Page/Next' is clicked on

2018-12-13 10:44:51 - [MESSAGE][PASSED] - Object: 'Object Repository/Final Object Repo/Login Page/External Login Page/Next' is clicked on

2018-12-13 10:44:51 - [TEST_STEP][PASSED] - delay: Delayed 3 second(s)

2018-12-13 10:44:54 - [MESSAGE][PASSED] - Delayed 3 second(s)

2018-12-13 10:44:54 - [TEST_STEP][PASSED] - setEncryptedText: Text ****** has been set on object 'Object Repository/Final Object Repo/Login Page/External Login Page/Password'

2018-12-13 10:44:54 - [MESSAGE][PASSED] - Text ****** has been set on object 'Object Repository/Final Object Repo/Login Page/External Login Page/Password'

2018-12-13 10:44:54 - [TEST_STEP][PASSED] - click: Object: 'Object Repository/Final Object Repo/Login Page/External Login Page/Login' is clicked on

2018-12-13 10:44:55 - [MESSAGE][PASSED] - Object: 'Object Repository/Final Object Repo/Login Page/External Login Page/Login' is clicked on

2018-12-13 10:44:55 - [TEST_STEP][PASSED] - delay: Delayed 5 second(s)

2018-12-13 10:45:00 - [MESSAGE][PASSED] - Delayed 5 second(s)

2018-12-13 10:45:00 - [MESSAGE][PASSED] - Call Test Case 'Test Cases/Final Aug 2018 - PKS Automation/Create Employer Acc/Login to Employer Account (Second time)' successfully

2018-12-13 10:45:00 - [TEST_STEP][PASSED] - delay: Delayed 4 second(s)

2018-12-13 10:45:04 - [MESSAGE][PASSED] - Delayed 4 second(s)

2018-12-13 10:45:04 - [TEST_STEP][PASSED] - Statement - Try: Delayed 2 second(s)

2018-12-13 10:45:04 - [TEST_STEP][PASSED] - Statement - Checker = false: null

2018-12-13 10:45:04 - [TEST_STEP][PASSED] - Statement - Checker = com.kms.katalon.core.webui.keyword.WebUiBuiltInKeywords.verifyElementHasAttribute(com.kms.katalon.core.testobject.ObjectRepository.findTestObject(Final Object Repo/Landing Page/BM Detecting), "href", 20, OPTIONAL): Object 'Object Repository/Final Object Repo/Landing Page/BM Detecting' has attribute 'href'

2018-12-13 10:45:04 - [MESSAGE][PASSED] - Object 'Object Repository/Final Object Repo/Landing Page/BM Detecting' has attribute 'href'

2018-12-13 10:45:04 - [TEST_STEP][PASSED] - Statement - out.println(Checker): null

2018-12-13 10:45:04 - [TEST_STEP][PASSED] - Statement - If (Checker == false): null

2018-12-13 10:45:04 - [TEST_STEP][PASSED] - Statement - Else: null

2018-12-13 10:45:04 - [TEST_STEP][PASSED] - delay: Delayed 2 second(s)

2018-12-13 10:45:06 - [MESSAGE][PASSED] - Delayed 2 second(s)

2018-12-13 10:45:06 - [TEST_STEP][PASSED] - delay: Delayed 4 second(s)

2018-12-13 10:45:10 - [MESSAGE][PASSED] - Delayed 4 second(s)

2018-12-13 10:45:10 - [TEST_STEP][PASSED] - click: Object: 'Object Repository/Final Object Repo/Landing Page/My Sites Drop Down' is clicked on

2018-12-13 10:45:10 - [MESSAGE][PASSED] - Object: 'Object Repository/Final Object Repo/Landing Page/My Sites Drop Down' is clicked on

2018-12-13 10:45:10 - [TEST_STEP][PASSED] - click: Object: 'Object Repository/Final Object Repo/Landing Page/Select to Registration Module' is clicked on

2018-12-13 10:45:12 - [MESSAGE][PASSED] - Object: 'Object Repository/Final Object Repo/Landing Page/Select to Registration Module' is clicked on

2018-12-13 10:45:12 - [TEST_STEP][PASSED] - click: Object: 'Object Repository/Final Object Repo/Landing Page/Registration Button' is clicked on

2018-12-13 10:45:14 - [MESSAGE][PASSED] - Object: 'Object Repository/Final Object Repo/Landing Page/Registration Button' is clicked on

2018-12-13 10:45:14 - [TEST_STEP][PASSED] - delay: Delayed 2 second(s)

2018-12-13 10:45:16 - [MESSAGE][PASSED] - Delayed 2 second(s)

2018-12-13 10:45:16 - [TEST_STEP][PASSED] - click: Object: 'Object Repository/Final Object Repo/New Registration - Registration Module Pages/New Reg - OTC to RO/Special Case - OTC - Form 1/AEC NO' is clicked on

2018-12-13 10:45:16 - [MESSAGE][PASSED] - Object: 'Object Repository/Final Object Repo/New Registration - Registration Module Pages/New Reg - OTC to RO/Special Case - OTC - Form 1/AEC NO' is clicked on

2018-12-13 10:45:16 - [TEST_STEP][PASSED] - click: Object: 'Object Repository/Final Object Repo/New Registration - Registration Module Pages/New Reg - OTC to RO/Special Case - OTC - Form 1/Business Entity - Please Select' is clicked on

2018-12-13 10:45:16 - [MESSAGE][PASSED] - Object: 'Object Repository/Final Object Repo/New Registration - Registration Module Pages/New Reg - OTC to RO/Special Case - OTC - Form 1/Business Entity - Please Select' is clicked on

2018-12-13 10:45:16 - [TEST_STEP][PASSED] - click: Object: 'Object Repository/Final Object Repo/New Registration - Registration Module Pages/New Reg - OTC to RO/Special Case - OTC - Form 1/Selected - Corporation' is clicked on

2018-12-13 10:45:17 - [MESSAGE][PASSED] - Object: 'Object Repository/Final Object Repo/New Registration - Registration Module Pages/New Reg - OTC to RO/Special Case - OTC - Form 1/Selected - Corporation' is clicked on

2018-12-13 10:45:17 - [TEST_STEP][PASSED] - delay: Delayed 2 second(s)

2018-12-13 10:45:19 - [MESSAGE][PASSED] - Delayed 2 second(s)

2018-12-13 10:45:19 - [TEST_STEP][PASSED] - click: Object: 'Object Repository/Final Object Repo/New Registration - Registration Module Pages/New Reg - OTC to RO/Special Case - OTC - Form 1/Sub Business Entity - Please Select' is clicked on

2018-12-13 10:45:19 - [MESSAGE][PASSED] - Object: 'Object Repository/Final Object Repo/New Registration - Registration Module Pages/New Reg - OTC to RO/Special Case - OTC - Form 1/Sub Business Entity - Please Select' is clicked on

2018-12-13 10:45:19 - [TEST_STEP][PASSED] - delay: Delayed 2 second(s)

2018-12-13 10:45:21 - [MESSAGE][PASSED] - Delayed 2 second(s)

2018-12-13 10:45:21 - [TEST_STEP][PASSED] - click: Object: 'Object Repository/Final Object Repo/New Registration - Registration Module Pages/New Reg - OTC to RO/Special Case - OTC - Form 1/Selected - Sendirian Berhad' is clicked on

2018-12-13 10:45:21 - [MESSAGE][PASSED] - Object: 'Object Repository/Final Object Repo/New Registration - Registration Module Pages/New Reg - OTC to RO/Special Case - OTC - Form 1/Selected - Sendirian Berhad' is clicked on

2018-12-13 10:45:21 - [TEST_STEP][PASSED] - setText: Text 'AUTOMATE001' is set on object 'Object Repository/Final Object Repo/New Registration - Registration Module Pages/New Reg - OTC to RO/Special Case - OTC - Form 1/Input BRN Number'

2018-12-13 10:45:21 - [MESSAGE][PASSED] - Text 'AUTOMATE001' is set on object 'Object Repository/Final Object Repo/New Registration - Registration Module Pages/New Reg - OTC to RO/Special Case - OTC - Form 1/Input BRN Number'

2018-12-13 10:45:21 - [TEST_STEP][PASSED] - delay: Delayed 2 second(s)

2018-12-13 10:45:23 - [MESSAGE][PASSED] - Delayed 2 second(s)

2018-12-13 10:45:23 - [TEST_STEP][PASSED] - click: Object: 'Object Repository/Final Object Repo/New Registration - Registration Module Pages/New Reg - OTC to RO/Special Case - OTC - Form 1/BRN Search' is clicked on

2018-12-13 10:45:24 - [MESSAGE][PASSED] - Object: 'Object Repository/Final Object Repo/New Registration - Registration Module Pages/New Reg - OTC to RO/Special Case - OTC - Form 1/BRN Search' is clicked on

2018-12-13 10:45:24 - [TEST_STEP][PASSED] - delay: Delayed 4 second(s)

2018-12-13 10:45:28 - [MESSAGE][PASSED] - Delayed 4 second(s)

2018-12-13 10:45:28 - [TEST_STEP][PASSED] - click: Object: 'Object Repository/Final Object Repo/New Registration - Registration Module Pages/New Reg - OTC to RO/Special Case - OTC - Form 1/Registered with SSM - After Feb 2017' is clicked on

2018-12-13 10:45:28 - [MESSAGE][PASSED] - Object: 'Object Repository/Final Object Repo/New Registration - Registration Module Pages/New Reg - OTC to RO/Special Case - OTC - Form 1/Registered with SSM - After Feb 2017' is clicked on

2018-12-13 10:45:28 - [TEST_STEP][PASSED] - delay: Delayed 2 second(s)

2018-12-13 10:45:30 - [MESSAGE][PASSED] - Delayed 2 second(s)

2018-12-13 10:45:30 - [TEST_STEP][PASSED] - click: Object: 'Object Repository/Final Object Repo/New Registration - Registration Module Pages/Form 1/Registered As a Branch - Yes' is clicked on

2018-12-13 10:45:30 - [MESSAGE][PASSED] - Object: 'Object Repository/Final Object Repo/New Registration - Registration Module Pages/Form 1/Registered As a Branch - Yes' is clicked on

2018-12-13 10:45:30 - [TEST_STEP][PASSED] - click: Object: 'Object Repository/Final Object Repo/New Registration - Registration Module Pages/New Reg - OTC to RO/Special Case - OTC - Form 1/Acknowledgement Ticked' is clicked on

2018-12-13 10:45:30 - [MESSAGE][PASSED] - Object: 'Object Repository/Final Object Repo/New Registration - Registration Module Pages/New Reg - OTC to RO/Special Case - OTC - Form 1/Acknowledgement Ticked' is clicked on

2018-12-13 10:45:30 - [TEST_STEP][PASSED] - setText: Text 'perkeso972148435522@gmail.com' is set on object 'Object Repository/Final Object Repo/New Registration - Registration Module Pages/Form 1/Email'

2018-12-13 10:45:31 - [MESSAGE][PASSED] - Text 'perkeso972148435522@gmail.com' is set on object 'Object Repository/Final Object Repo/New Registration - Registration Module Pages/Form 1/Email'

2018-12-13 10:45:31 - [TEST_STEP][PASSED] - click: Object: 'Object Repository/Final Object Repo/New Registration - Registration Module Pages/New Reg - OTC to RO/Special Case - OTC - Form 1/Submit Button' is clicked on

2018-12-13 10:45:31 - [MESSAGE][PASSED] - Object: 'Object Repository/Final Object Repo/New Registration - Registration Module Pages/New Reg - OTC to RO/Special Case - OTC - Form 1/Submit Button' is clicked on

2018-12-13 10:45:31 - [TEST_STEP][PASSED] - callTestCase: Call Test Case 'Test Cases/Final Aug 2018 - PKS Automation/Registration Module/New Registration/Form 2/Add 1 Eligible - Employer Account Use' successfully

2018-12-13 10:45:31 - [TEST_CASE][PASSED] - Test Cases/Final Aug 2018 - PKS Automation/Registration Module/New Registration/Form 2/Add 1 Eligible - Employer Account Use: Test Cases/Final Aug 2018 - PKS Automation/Registration Module/New Registration/Form 2/Add 1 Eligible - Employer Account Use

2018-12-13 10:45:31 - [TEST_STEP][PASSED] - delay: Delayed 2 second(s)

2018-12-13 10:45:33 - [MESSAGE][PASSED] - Delayed 2 second(s)

2018-12-13 10:45:33 - [TEST_STEP][PASSED] - callTestCase: Call Test Case 'Test Cases/Final Aug 2018 - PKS Automation/Registration Module/New Registration/Form 2/Date Updater' successfully

2018-12-13 10:45:33 - [TEST_CASE][PASSED] - Test Cases/Final Aug 2018 - PKS Automation/Registration Module/New Registration/Form 2/Date Updater: Test Cases/Final Aug 2018 - PKS Automation/Registration Module/New Registration/Form 2/Date Updater

2018-12-13 10:45:33 - [TEST_STEP][PASSED] - Statement - TodayDate = new java.util.Date(): null

2018-12-13 10:45:33 - [TEST_STEP][PASSED] - Statement - CurrentDateNoFilter = new java.text.SimpleDateFormat(): null

2018-12-13 10:45:33 - [TEST_STEP][PASSED] - Statement - CurrentDateNoFilter.applyPattern("MM"): null

2018-12-13 10:45:33 - [TEST_STEP][PASSED] - Statement - monthContainerMatcher = java.lang.Integer.parseInt(CurrentDateNoFilter.format(TodayDate)): null

2018-12-13 10:45:33 - [TEST_STEP][PASSED] - Statement - monthContainerMatcher = monthContainerMatcher - 1: null

2018-12-13 10:45:33 - [TEST_STEP][PASSED] - Statement - CurrentMonth = monthContainerMatcher.toString(): null

2018-12-13 10:45:33 - [TEST_STEP][PASSED] - Statement - CurrentMonth = CurrentMonth: null

2018-12-13 10:45:33 - [TEST_STEP][PASSED] - Statement - CurrentDateNoFilter.applyPattern("yyyy"): null

2018-12-13 10:45:33 - [TEST_STEP][PASSED] - Statement - CurrentYear = CurrentDateNoFilter.format(TodayDate): null

2018-12-13 10:45:33 - [TEST_STEP][PASSED] - Statement - CurrentYear = CurrentYear: null

2018-12-13 10:45:33 - [TEST_STEP][PASSED] - Statement - intCurrentYear = java.lang.Integer.parseInt(CurrentDateNoFilter.format(TodayDate)): null

2018-12-13 10:45:33 - [TEST_STEP][PASSED] - Statement - eighteenYrsAgo = intCurrentYear - 18: null

2018-12-13 10:45:33 - [TEST_STEP][PASSED] - Statement - eighteenYrsBeforeThisYr = eighteenYrsAgo.toString(): null

2018-12-13 10:45:33 - [TEST_STEP][PASSED] - Statement - EighteenYrsBefore = eighteenYrsBeforeThisYr: null

2018-12-13 10:45:33 - [TEST_STEP][PASSED] - Statement - fiftysevenYrsAgo = intCurrentYear - 57: null

2018-12-13 10:45:33 - [TEST_STEP][PASSED] - Statement - fiftysevenYrsBeforeThisYr = fiftysevenYrsAgo.toString(): null

2018-12-13 10:45:33 - [TEST_STEP][PASSED] - Statement - FiftysevenYrsBefore = fiftysevenYrsBeforeThisYr: null

2018-12-13 10:45:33 - [TEST_STEP][PASSED] - Statement - leapYear = false: null

2018-12-13 10:45:33 - [TEST_STEP][PASSED] - Statement - leapYear = intCurrentYear % 4 == 0: null

2018-12-13 10:45:33 - [TEST_STEP][PASSED] - Statement - CurrentDateNoFilter.applyPattern("dd"): null

2018-12-13 10:45:33 - [TEST_STEP][PASSED] - Statement - CurrentDate = CurrentDateNoFilter.format(TodayDate): null

2018-12-13 10:45:33 - [TEST_STEP][PASSED] - Statement - CurrentDate = java.lang.Integer.parseInt(CurrentDate): null

2018-12-13 10:45:33 - [TEST_STEP][PASSED] - Statement - CurrentDate = CurrentDate: null

2018-12-13 10:45:33 - [TEST_STEP][PASSED] - Statement - CurrentDay = java.lang.Integer.parseInt(CurrentDate): null

2018-12-13 10:45:33 - [TEST_STEP][PASSED] - Statement - ConfAdder = <not implemented yet for class: org.codehaus.groovy.ast.expr.EmptyExpression>: null

2018-12-13 10:45:33 - [TEST_STEP][PASSED] - Statement - out.println(CurrentMonth): null

2018-12-13 10:45:33 - [TEST_STEP][PASSED] - Statement - out.println(CurrentDate): null

2018-12-13 10:45:33 - [TEST_STEP][PASSED] - Statement - switch (CurrentDate): null

2018-12-13 10:45:33 - [TEST_STEP][PASSED] - Statement - Default: null

2018-12-13 10:45:33 - [TEST_STEP][PASSED] - Statement - ConfAdder = true: null

2018-12-13 10:45:33 - [TEST_STEP][PASSED] - Statement - Break: null

2018-12-13 10:45:33 - [TEST_STEP][PASSED] - Statement - aDayBefore = <not implemented yet for class: org.codehaus.groovy.ast.expr.EmptyExpression>: null

2018-12-13 10:45:33 - [TEST_STEP][PASSED] - Statement - out.println(ConfAdder): null

2018-12-13 10:45:33 - [TEST_STEP][PASSED] - Statement - If (ConfAdder == true): null

2018-12-13 10:45:33 - [TEST_STEP][PASSED] - Statement - aDayBefore = CurrentDay + 1: null

2018-12-13 10:45:33 - [TEST_STEP][PASSED] - Statement - out.println(aDayBefore): null

2018-12-13 10:45:33 - [TEST_STEP][PASSED] - Statement - If (aDayBefore == 1 && CurrentMonth == 11): null

2018-12-13 10:45:33 - [TEST_STEP][PASSED] - Statement - DayBefore = aDayBefore.toString(): null

2018-12-13 10:45:33 - [TEST_STEP][PASSED] - Statement - OneDayBefore = DayBefore: null

2018-12-13 10:45:33 - [MESSAGE][PASSED] - Call Test Case 'Test Cases/Final Aug 2018 - PKS Automation/Registration Module/New Registration/Form 2/Date Updater' successfully

2018-12-13 10:45:33 - [TEST_STEP][PASSED] - delay: Delayed 1 second(s)

2018-12-13 10:45:34 - [MESSAGE][PASSED] - Delayed 1 second(s)

2018-12-13 10:45:34 - [TEST_STEP][PASSED] - Statement - CaseReferenceNo = com.kms.katalon.core.webui.keyword.WebUiBuiltInKeywords.getText(com.kms.katalon.core.testobject.ObjectRepository.findTestObject(Final Object Repo/New Registration - Registration Module Pages/Form 2/RefNo Acquiring)): Text of object 'Object Repository/Final Object Repo/New Registration - Registration Module Pages/Form 2/RefNo Acquiring' is: 'CRN12201800123266'

2018-12-13 10:45:34 - [MESSAGE][PASSED] - Text of object 'Object Repository/Final Object Repo/New Registration - Registration Module Pages/Form 2/RefNo Acquiring' is: 'CRN12201800123266'

2018-12-13 10:45:34 - [TEST_STEP][PASSED] - delay: Delayed 1 second(s)

2018-12-13 10:45:35 - [MESSAGE][PASSED] - Delayed 1 second(s)

2018-12-13 10:45:35 - [TEST_STEP][PASSED] - click: Object: 'Object Repository/Final Object Repo/New Registration - Registration Module Pages/Form 2/Add Employee Button' is clicked on

2018-12-13 10:45:35 - [MESSAGE][PASSED] - Object: 'Object Repository/Final Object Repo/New Registration - Registration Module Pages/Form 2/Add Employee Button' is clicked on

2018-12-13 10:45:35 - [TEST_STEP][PASSED] - delay: Delayed 1 second(s)

2018-12-13 10:45:36 - [MESSAGE][PASSED] - Delayed 1 second(s)

2018-12-13 10:45:36 - [TEST_STEP][PASSED] - setText: Text '010903091948' is set on object 'Object Repository/Final Object Repo/New Registration - Registration Module Pages/Form 2/NRIC Input'

2018-12-13 10:45:37 - [MESSAGE][PASSED] - Text '010903091948' is set on object 'Object Repository/Final Object Repo/New Registration - Registration Module Pages/Form 2/NRIC Input'

2018-12-13 10:45:37 - [TEST_STEP][PASSED] - delay: Delayed 2 second(s)

2018-12-13 10:45:39 - [MESSAGE][PASSED] - Delayed 2 second(s)

2018-12-13 10:45:39 - [TEST_STEP][PASSED] - setText: Text 'Automate001 eligible 1' is set on object 'Object Repository/Final Object Repo/New Registration - Registration Module Pages/Form 2/Employee Name Input'

2018-12-13 10:45:39 - [MESSAGE][PASSED] - Text 'Automate001 eligible 1' is set on object 'Object Repository/Final Object Repo/New Registration - Registration Module Pages/Form 2/Employee Name Input'

2018-12-13 10:45:39 - [TEST_STEP][PASSED] - delay: Delayed 2 second(s)

2018-12-13 10:45:41 - [MESSAGE][PASSED] - Delayed 2 second(s)

2018-12-13 10:45:41 - [TEST_STEP][PASSED] - click: Object: 'Object Repository/Final Object Repo/New Registration - Registration Module Pages/Form 2/DatePicker Pop Up' is clicked on

2018-12-13 10:45:41 - [MESSAGE][PASSED] - Object: 'Object Repository/Final Object Repo/New Registration - Registration Module Pages/Form 2/DatePicker Pop Up' is clicked on

2018-12-13 10:45:41 - [TEST_STEP][PASSED] - click: Object: 'Object Repository/Final Object Repo/New Registration - Registration Module Pages/Form 2/DOB Month' is clicked on

2018-12-13 10:45:42 - [MESSAGE][PASSED] - Object: 'Object Repository/Final Object Repo/New Registration - Registration Module Pages/Form 2/DOB Month' is clicked on

2018-12-13 10:45:42 - [TEST_STEP][PASSED] - Statement - CurrentMonth = CurrentMonth: null

2018-12-13 10:45:42 - [TEST_STEP][PASSED] - Statement - selectMonth = new com.kms.katalon.core.testobject.TestObject(): null

2018-12-13 10:45:42 - [TEST_STEP][PASSED] - Statement - selectMonth.addProperty("xpath", EQUALS, "//body/div/div/div/select/option[@value='" + CurrentMonth + "']", true): null

2018-12-13 10:45:42 - [TEST_STEP][PASSED] - click: Object: '' is clicked on

2018-12-13 10:45:42 - [MESSAGE][PASSED] - Object: '' is clicked on

2018-12-13 10:45:42 - [TEST_STEP][PASSED] - click: Object: 'Object Repository/Final Object Repo/New Registration - Registration Module Pages/Form 2/DOB Year' is clicked on

2018-12-13 10:45:42 - [MESSAGE][PASSED] - Object: 'Object Repository/Final Object Repo/New Registration - Registration Module Pages/Form 2/DOB Year' is clicked on

2018-12-13 10:45:42 - [TEST_STEP][PASSED] - Statement - Eyearsbf = EighteenYrsBefore: null

2018-12-13 10:45:42 - [TEST_STEP][PASSED] - Statement - selectYear = new com.kms.katalon.core.testobject.TestObject(): null

2018-12-13 10:45:42 - [TEST_STEP][PASSED] - Statement - selectYear.addProperty("xpath", EQUALS, "//div/div/div/select/option[@value='" + Eyearsbf + "']", true): null

2018-12-13 10:45:42 - [TEST_STEP][PASSED] - click: Object: '' is clicked on

2018-12-13 10:45:42 - [MESSAGE][PASSED] - Object: '' is clicked on

2018-12-13 10:45:42 - [TEST_STEP][PASSED] - Statement - UpdatedSelectDate = com.kms.katalon.core.webui.keyword.WebUiBuiltInKeywords.modifyObjectProperty(com.kms.katalon.core.testobject.ObjectRepository.findTestObject(Final Object Repo/New Registration - Registration Module Pages/Form 2/DOB Date), "xpath", "equals", "//body/div/table/tbody/tr/td/a[text()="" + CurrentDate + ""]", true): Modify property of object successfully

2018-12-13 10:45:42 - [MESSAGE][PASSED] - Modify property of object successfully

2018-12-13 10:45:42 - [TEST_STEP][PASSED] - delay: Delayed 3 second(s)

2018-12-13 10:45:45 - [MESSAGE][PASSED] - Delayed 3 second(s)

2018-12-13 10:45:45 - [TEST_STEP][PASSED] - click: Object: 'Object Repository/Final Object Repo/New Registration - Registration Module Pages/Form 2/DOB Date' is clicked on

2018-12-13 10:45:45 - [MESSAGE][PASSED] - Object: 'Object Repository/Final Object Repo/New Registration - Registration Module Pages/Form 2/DOB Date' is clicked on

2018-12-13 10:45:45 - [TEST_STEP][PASSED] - delay: Delayed 2 second(s)

2018-12-13 10:45:47 - [MESSAGE][PASSED] - Delayed 2 second(s)

2018-12-13 10:45:47 - [TEST_STEP][PASSED] - click: Object: 'Object Repository/Final Object Repo/New Registration - Registration Module Pages/Form 2/EmploymentStartDate Pop Up' is clicked on

2018-12-13 10:45:47 - [MESSAGE][PASSED] - Object: 'Object Repository/Final Object Repo/New Registration - Registration Module Pages/Form 2/EmploymentStartDate Pop Up' is clicked on

2018-12-13 10:45:47 - [TEST_STEP][PASSED] - delay: Delayed 2 second(s)

2018-12-13 10:45:49 - [MESSAGE][PASSED] - Delayed 2 second(s)

2018-12-13 10:45:49 - [TEST_STEP][PASSED] - click: Object: 'Object Repository/Final Object Repo/New Registration - Registration Module Pages/Form 2/Socso Employment StartDate Month' is clicked on

2018-12-13 10:45:49 - [MESSAGE][PASSED] - Object: 'Object Repository/Final Object Repo/New Registration - Registration Module Pages/Form 2/Socso Employment StartDate Month' is clicked on

2018-12-13 10:45:49 - [TEST_STEP][PASSED] - delay: Delayed 1 second(s)

2018-12-13 10:45:50 - [MESSAGE][PASSED] - Delayed 1 second(s)

2018-12-13 10:45:50 - [TEST_STEP][PASSED] - click: Object: 'Object Repository/Final Object Repo/New Registration - Registration Module Pages/Form 2/Select Socso Employement Startdate Month' is clicked on

2018-12-13 10:45:51 - [MESSAGE][PASSED] - Object: 'Object Repository/Final Object Repo/New Registration - Registration Module Pages/Form 2/Select Socso Employement Startdate Month' is clicked on

2018-12-13 10:45:51 - [TEST_STEP][PASSED] - delay: Delayed 2 second(s)

2018-12-13 10:45:53 - [MESSAGE][PASSED] - Delayed 2 second(s)

2018-12-13 10:45:53 - [TEST_STEP][PASSED] - click: Object: 'Object Repository/Final Object Repo/New Registration - Registration Module Pages/Form 2/Socso Employment StartDate Year' is clicked on

2018-12-13 10:45:53 - [MESSAGE][PASSED] - Object: 'Object Repository/Final Object Repo/New Registration - Registration Module Pages/Form 2/Socso Employment StartDate Year' is clicked on

2018-12-13 10:45:53 - [TEST_STEP][PASSED] - delay: Delayed 1 second(s)

2018-12-13 10:45:54 - [MESSAGE][PASSED] - Delayed 1 second(s)

2018-12-13 10:45:54 - [TEST_STEP][PASSED] - click: Object: 'Object Repository/Final Object Repo/New Registration - Registration Module Pages/Form 2/Select Socso Employment Startdate Year' is clicked on

2018-12-13 10:45:54 - [MESSAGE][PASSED] - Object: 'Object Repository/Final Object Repo/New Registration - Registration Module Pages/Form 2/Select Socso Employment Startdate Year' is clicked on

2018-12-13 10:45:54 - [TEST_STEP][PASSED] - delay: Delayed 2 second(s)

2018-12-13 10:45:56 - [MESSAGE][PASSED] - Delayed 2 second(s)

2018-12-13 10:45:56 - [TEST_STEP][PASSED] - click: Object: 'Object Repository/Final Object Repo/New Registration - Registration Module Pages/Form 2/Socso Employment Start Date Day' is clicked on

2018-12-13 10:45:56 - [MESSAGE][PASSED] - Object: 'Object Repository/Final Object Repo/New Registration - Registration Module Pages/Form 2/Socso Employment Start Date Day' is clicked on

2018-12-13 10:45:56 - [TEST_STEP][PASSED] - delay: Delayed 2 second(s)

2018-12-13 10:45:58 - [MESSAGE][PASSED] - Delayed 2 second(s)

2018-12-13 10:45:58 - [TEST_STEP][PASSED] - click: Object: 'Object Repository/Final Object Repo/New Registration - Registration Module Pages/Form 2/Save Button for Add Employee' is clicked on

2018-12-13 10:45:58 - [MESSAGE][PASSED] - Object: 'Object Repository/Final Object Repo/New Registration - Registration Module Pages/Form 2/Save Button for Add Employee' is clicked on

2018-12-13 10:45:58 - [TEST_STEP][PASSED] - delay: Delayed 6 second(s)

2018-12-13 10:46:04 - [MESSAGE][PASSED] - Delayed 6 second(s)

2018-12-13 10:46:04 - [TEST_STEP][PASSED] - click: Object: 'Object Repository/Final Object Repo/New Registration - Registration Module Pages/Form 2/Save and Continue Form 2' is clicked on

2018-12-13 10:46:05 - [MESSAGE][PASSED] - Object: 'Object Repository/Final Object Repo/New Registration - Registration Module Pages/Form 2/Save and Continue Form 2' is clicked on

2018-12-13 10:46:05 - [MESSAGE][PASSED] - Call Test Case 'Test Cases/Final Aug 2018 - PKS Automation/Registration Module/New Registration/Form 2/Add 1 Eligible - Employer Account Use' successfully

2018-12-13 10:46:05 - [TEST_STEP][PASSED] - callTestCase: Call Test Case 'Test Cases/Final Aug 2018 - PKS Automation/Registration Module/New Registration/Flow of New Registration/Third Screen - Upload Supporting Doc - Preview' successfully

2018-12-13 10:46:05 - [TEST_CASE][PASSED] - Test Cases/Final Aug 2018 - PKS Automation/Registration Module/New Registration/Flow of New Registration/Third Screen - Upload Supporting Doc - Preview: Test Cases/Final Aug 2018 - PKS Automation/Registration Module/New Registration/Flow of New Registration/Third Screen - Upload Supporting Doc - Preview

2018-12-13 10:46:05 - [TEST_STEP][PASSED] - waitForPageLoad: Wait for page load successfully

2018-12-13 10:46:05 - [MESSAGE][PASSED] - Wait for page load successfully

2018-12-13 10:46:05 - [TEST_STEP][PASSED] - Statement - CaseReferenceNo = com.kms.katalon.core.webui.keyword.WebUiBuiltInKeywords.getText(com.kms.katalon.core.testobject.ObjectRepository.findTestObject(Final Object Repo/New Registration - Registration Module Pages/Third Screen - Upload Supporting Doc- Preview/RefNo Acquiring)): Text of object 'Object Repository/Final Object Repo/New Registration - Registration Module Pages/Third Screen - Upload Supporting Doc- Preview/RefNo Acquiring' is: 'CRN12201800123266'

2018-12-13 10:46:05 - [MESSAGE][PASSED] - Text of object 'Object Repository/Final Object Repo/New Registration - Registration Module Pages/Third Screen - Upload Supporting Doc- Preview/RefNo Acquiring' is: 'CRN12201800123266'

2018-12-13 10:46:05 - [TEST_STEP][PASSED] - delay: Delayed 2 second(s)

2018-12-13 10:46:07 - [MESSAGE][PASSED] - Delayed 2 second(s)

2018-12-13 10:46:07 - [TEST_STEP][PASSED] - callTestCase: Call Test Case 'Test Cases/Final Aug 2018 - PKS Automation/Common/Reference Number Setter' successfully

2018-12-13 10:46:08 - [TEST_CASE][PASSED] - Test Cases/Final Aug 2018 - PKS Automation/Common/Reference Number Setter: Test Cases/Final Aug 2018 - PKS Automation/Common/Reference Number Setter

2018-12-13 10:46:08 - [TEST_STEP][PASSED] - Statement - RefNoOldFile = new java.io.File(C://Users//Admin//Desktop//PKS//Automation Reference Point//KatalonReference.txt): null

2018-12-13 10:46:08 - [TEST_STEP][PASSED] - Statement - RefNoOldFile.delete(): null

2018-12-13 10:46:08 - [TEST_STEP][PASSED] - delay: Delayed 5 second(s)

2018-12-13 10:46:13 - [MESSAGE][PASSED] - Delayed 5 second(s)

2018-12-13 10:46:13 - [TEST_STEP][PASSED] - Statement - RefNo = new java.io.File(C://Users//Admin//Desktop//PKS//Automation Reference Point//KatalonReference.txt): null

2018-12-13 10:46:13 - [TEST_STEP][PASSED] - Statement - f2 = new java.io.FileWriter(RefNo, false): null

2018-12-13 10:46:13 - [TEST_STEP][PASSED] - Statement - f2.write(CaseReferenceNo): null

2018-12-13 10:46:13 - [TEST_STEP][PASSED] - Statement - f2.close(): null

2018-12-13 10:46:13 - [TEST_STEP][PASSED] - Statement - out.println("


" + CaseReferenceNo + "


"): null

2018-12-13 10:46:13 - [MESSAGE][PASSED] - Call Test Case 'Test Cases/Final Aug 2018 - PKS Automation/Common/Reference Number Setter' successfully

2018-12-13 10:46:13 - [TEST_STEP][PASSED] - waitForElementClickable: Object 'Object Repository/Final Object Repo/New Registration - Registration Module Pages/Third Screen - Upload Supporting Doc- Preview/Save n Continue in SIP Employee Listing Page' is clickable

2018-12-13 10:46:13 - [MESSAGE][PASSED] - Object 'Object Repository/Final Object Repo/New Registration - Registration Module Pages/Third Screen - Upload Supporting Doc- Preview/Save n Continue in SIP Employee Listing Page' is clickable

2018-12-13 10:46:13 - [TEST_STEP][PASSED] - click: Object: 'Object Repository/Final Object Repo/New Registration - Registration Module Pages/Third Screen - Upload Supporting Doc- Preview/Save n Continue in SIP Employee Listing Page' is clicked on

2018-12-13 10:46:18 - [MESSAGE][PASSED] - Object: 'Object Repository/Final Object Repo/New Registration - Registration Module Pages/Third Screen - Upload Supporting Doc- Preview/Save n Continue in SIP Employee Listing Page' is clicked on

2018-12-13 10:46:18 - [TEST_STEP][PASSED] - delay: Delayed 7 second(s)

2018-12-13 10:46:25 - [MESSAGE][PASSED] - Delayed 7 second(s)

2018-12-13 10:46:25 - [TEST_STEP][PASSED] - click: Object: 'Object Repository/Final Object Repo/New Registration - Registration Module Pages/Third Screen - Upload Supporting Doc- Preview/Add Document Button' is clicked on

2018-12-13 10:46:25 - [MESSAGE][PASSED] - Object: 'Object Repository/Final Object Repo/New Registration - Registration Module Pages/Third Screen - Upload Supporting Doc- Preview/Add Document Button' is clicked on

2018-12-13 10:46:25 - [TEST_STEP][PASSED] - delay: Delayed 30 second(s)

2018-12-13 10:46:55 - [MESSAGE][PASSED] - Delayed 30 second(s)

2018-12-13 10:46:55 - [TEST_STEP][PASSED] - click: Object: 'Object Repository/Final Object Repo/New Registration - Registration Module Pages/Third Screen - Upload Supporting Doc- Preview/Supporting Doc Please Select Drop Down' is clicked on

2018-12-13 10:46:55 - [MESSAGE][PASSED] - Object: 'Object Repository/Final Object Repo/New Registration - Registration Module Pages/Third Screen - Upload Supporting Doc- Preview/Supporting Doc Please Select Drop Down' is clicked on

2018-12-13 10:46:55 - [TEST_STEP][PASSED] - delay: Delayed 2 second(s)

2018-12-13 10:46:57 - [MESSAGE][PASSED] - Delayed 2 second(s)

2018-12-13 10:46:57 - [TEST_STEP][PASSED] - click: Object: 'Object Repository/Final Object Repo/New Registration - Registration Module Pages/Third Screen - Upload Supporting Doc- Preview/Select to Upload Form 1' is clicked on

2018-12-13 10:46:58 - [MESSAGE][PASSED] - Object: 'Object Repository/Final Object Repo/New Registration - Registration Module Pages/Third Screen - Upload Supporting Doc- Preview/Select to Upload Form 1' is clicked on

2018-12-13 10:46:58 - [TEST_STEP][PASSED] - delay: Delayed 2 second(s)

2018-12-13 10:47:00 - [MESSAGE][PASSED] - Delayed 2 second(s)

2018-12-13 10:47:00 - [TEST_STEP][PASSED] - uploadFile: File 'C:\Users\Public\Pictures\Sample Pictures\Koala.jpg' sent to object: 'Object Repository/Final Object Repo/New Registration - Registration Module Pages/Third Screen - Upload Supporting Doc- Preview/Upload File Adding'

2018-12-13 10:47:00 - [MESSAGE][PASSED] - File 'C:\Users\Public\Pictures\Sample Pictures\Koala.jpg' sent to object: 'Object Repository/Final Object Repo/New Registration - Registration Module Pages/Third Screen - Upload Supporting Doc- Preview/Upload File Adding'

2018-12-13 10:47:00 - [TEST_STEP][PASSED] - delay: Delayed 5 second(s)

2018-12-13 10:47:05 - [MESSAGE][PASSED] - Delayed 5 second(s)

2018-12-13 10:47:05 - [TEST_STEP][PASSED] - click: Object: 'Object Repository/Final Object Repo/New Registration - Registration Module Pages/Third Screen - Upload Supporting Doc- Preview/Inner Form Add Document Button' is clicked on

2018-12-13 10:47:05 - [MESSAGE][PASSED] - Object: 'Object Repository/Final Object Repo/New Registration - Registration Module Pages/Third Screen - Upload Supporting Doc- Preview/Inner Form Add Document Button' is clicked on

2018-12-13 10:47:05 - [TEST_STEP][PASSED] - delay: Delayed 3 second(s)

2018-12-13 10:47:08 - [MESSAGE][PASSED] - Delayed 3 second(s)

2018-12-13 10:47:08 - [TEST_STEP][PASSED] - click: Object: 'Object Repository/Final Object Repo/New Registration - Registration Module Pages/Third Screen - Upload Supporting Doc- Preview/Add Document Button' is clicked on

2018-12-13 10:47:09 - [MESSAGE][PASSED] - Object: 'Object Repository/Final Object Repo/New Registration - Registration Module Pages/Third Screen - Upload Supporting Doc- Preview/Add Document Button' is clicked on

2018-12-13 10:47:09 - [TEST_STEP][PASSED] - delay: Delayed 30 second(s)

2018-12-13 10:47:39 - [MESSAGE][PASSED] - Delayed 30 second(s)

2018-12-13 10:47:39 - [TEST_STEP][PASSED] - click: Object: 'Object Repository/Final Object Repo/New Registration - Registration Module Pages/Third Screen - Upload Supporting Doc- Preview/Supporting Doc Please Select Drop Down' is clicked on

2018-12-13 10:47:40 - [MESSAGE][PASSED] - Object: 'Object Repository/Final Object Repo/New Registration - Registration Module Pages/Third Screen - Upload Supporting Doc- Preview/Supporting Doc Please Select Drop Down' is clicked on

2018-12-13 10:47:40 - [TEST_STEP][PASSED] - delay: Delayed 4 second(s)

2018-12-13 10:47:44 - [MESSAGE][PASSED] - Delayed 4 second(s)

2018-12-13 10:47:44 - [TEST_STEP][PASSED] - click: Object: 'Object Repository/Final Object Repo/New Registration - Registration Module Pages/Third Screen - Upload Supporting Doc- Preview/Select to Upload Form 2' is clicked on

2018-12-13 10:47:44 - [MESSAGE][PASSED] - Object: 'Object Repository/Final Object Repo/New Registration - Registration Module Pages/Third Screen - Upload Supporting Doc- Preview/Select to Upload Form 2' is clicked on

2018-12-13 10:47:44 - [TEST_STEP][PASSED] - delay: Delayed 2 second(s)

2018-12-13 10:47:46 - [MESSAGE][PASSED] - Delayed 2 second(s)

2018-12-13 10:47:46 - [TEST_STEP][PASSED] - uploadFile: File 'C:\Users\Public\Pictures\Sample Pictures\Koala.jpg' sent to object: 'Object Repository/Final Object Repo/New Registration - Registration Module Pages/Third Screen - Upload Supporting Doc- Preview/Upload File Adding'

2018-12-13 10:47:46 - [MESSAGE][PASSED] - File 'C:\Users\Public\Pictures\Sample Pictures\Koala.jpg' sent to object: 'Object Repository/Final Object Repo/New Registration - Registration Module Pages/Third Screen - Upload Supporting Doc- Preview/Upload File Adding'

2018-12-13 10:47:46 - [TEST_STEP][PASSED] - click: Object: 'Object Repository/Final Object Repo/New Registration - Registration Module Pages/Third Screen - Upload Supporting Doc- Preview/Inner Form Add Document Button' is clicked on

2018-12-13 10:47:46 - [MESSAGE][PASSED] - Object: 'Object Repository/Final Object Repo/New Registration - Registration Module Pages/Third Screen - Upload Supporting Doc- Preview/Inner Form Add Document Button' is clicked on

2018-12-13 10:47:46 - [TEST_STEP][PASSED] - delay: Delayed 5 second(s)

2018-12-13 10:47:51 - [MESSAGE][PASSED] - Delayed 5 second(s)

2018-12-13 10:47:51 - [TEST_STEP][PASSED] - click: Object: 'Object Repository/Final Object Repo/New Registration - Registration Module Pages/Third Screen - Upload Supporting Doc- Preview/Add Document Button' is clicked on

2018-12-13 10:47:51 - [MESSAGE][PASSED] - Object: 'Object Repository/Final Object Repo/New Registration - Registration Module Pages/Third Screen - Upload Supporting Doc- Preview/Add Document Button' is clicked on

2018-12-13 10:47:51 - [TEST_STEP][PASSED] - delay: Delayed 30 second(s)

2018-12-13 10:48:21 - [MESSAGE][PASSED] - Delayed 30 second(s)

2018-12-13 10:48:21 - [TEST_STEP][PASSED] - click: Object: 'Object Repository/Final Object Repo/New Registration - Registration Module Pages/Third Screen - Upload Supporting Doc- Preview/Supporting Doc Please Select Drop Down' is clicked on

2018-12-13 10:48:21 - [MESSAGE][PASSED] - Object: 'Object Repository/Final Object Repo/New Registration - Registration Module Pages/Third Screen - Upload Supporting Doc- Preview/Supporting Doc Please Select Drop Down' is clicked on

2018-12-13 10:48:21 - [TEST_STEP][PASSED] - click: Object: 'Object Repository/Final Object Repo/New Registration - Registration Module Pages/Third Screen - Upload Supporting Doc- Preview/Select to Upload Borang SIP 1' is clicked on

2018-12-13 10:48:22 - [MESSAGE][PASSED] - Object: 'Object Repository/Final Object Repo/New Registration - Registration Module Pages/Third Screen - Upload Supporting Doc- Preview/Select to Upload Borang SIP 1' is clicked on

2018-12-13 10:48:22 - [TEST_STEP][PASSED] - delay: Delayed 2 second(s)

2018-12-13 10:48:24 - [MESSAGE][PASSED] - Delayed 2 second(s)

2018-12-13 10:48:24 - [TEST_STEP][PASSED] - uploadFile: File 'C:\Users\Public\Pictures\Sample Pictures\Koala.jpg' sent to object: 'Object Repository/Final Object Repo/New Registration - Registration Module Pages/Third Screen - Upload Supporting Doc- Preview/Upload File Adding'

2018-12-13 10:48:24 - [MESSAGE][PASSED] - File 'C:\Users\Public\Pictures\Sample Pictures\Koala.jpg' sent to object: 'Object Repository/Final Object Repo/New Registration - Registration Module Pages/Third Screen - Upload Supporting Doc- Preview/Upload File Adding'

2018-12-13 10:48:24 - [TEST_STEP][PASSED] - click: Object: 'Object Repository/Final Object Repo/New Registration - Registration Module Pages/Third Screen - Upload Supporting Doc- Preview/Inner Form Add Document Button' is clicked on

2018-12-13 10:48:24 - [MESSAGE][PASSED] - Object: 'Object Repository/Final Object Repo/New Registration - Registration Module Pages/Third Screen - Upload Supporting Doc- Preview/Inner Form Add Document Button' is clicked on

2018-12-13 10:48:24 - [TEST_STEP][PASSED] - delay: Delayed 5 second(s)

2018-12-13 10:48:29 - [MESSAGE][PASSED] - Delayed 5 second(s)

2018-12-13 10:48:29 - [TEST_STEP][PASSED] - click: Object: 'Object Repository/Final Object Repo/New Registration - Registration Module Pages/Third Screen - Upload Supporting Doc- Preview/Add Document Button' is clicked on

2018-12-13 10:48:29 - [MESSAGE][PASSED] - Object: 'Object Repository/Final Object Repo/New Registration - Registration Module Pages/Third Screen - Upload Supporting Doc- Preview/Add Document Button' is clicked on

2018-12-13 10:48:29 - [TEST_STEP][PASSED] - delay: Delayed 30 second(s)

2018-12-13 10:48:59 - [MESSAGE][PASSED] - Delayed 30 second(s)

2018-12-13 10:48:59 - [TEST_STEP][PASSED] - click: Object: 'Object Repository/Final Object Repo/New Registration - Registration Module Pages/Third Screen - Upload Supporting Doc- Preview/Supporting Doc Please Select Drop Down' is clicked on

2018-12-13 10:48:59 - [MESSAGE][PASSED] - Object: 'Object Repository/Final Object Repo/New Registration - Registration Module Pages/Third Screen - Upload Supporting Doc- Preview/Supporting Doc Please Select Drop Down' is clicked on

2018-12-13 10:48:59 - [TEST_STEP][PASSED] - delay: Delayed 3 second(s)

2018-12-13 10:49:02 - [MESSAGE][PASSED] - Delayed 3 second(s)

2018-12-13 10:49:02 - [TEST_STEP][PASSED] - click: Object: 'Object Repository/Final Object Repo/New Registration - Registration Module Pages/Third Screen - Upload Supporting Doc- Preview/Select to Upload Borang SIP 2' is clicked on

2018-12-13 10:49:02 - [MESSAGE][PASSED] - Object: 'Object Repository/Final Object Repo/New Registration - Registration Module Pages/Third Screen - Upload Supporting Doc- Preview/Select to Upload Borang SIP 2' is clicked on

2018-12-13 10:49:02 - [TEST_STEP][PASSED] - delay: Delayed 2 second(s)

2018-12-13 10:49:04 - [MESSAGE][PASSED] - Delayed 2 second(s)

2018-12-13 10:49:04 - [TEST_STEP][PASSED] - uploadFile: File 'C:\Users\Public\Pictures\Sample Pictures\Koala.jpg' sent to object: 'Object Repository/Final Object Repo/New Registration - Registration Module Pages/Third Screen - Upload Supporting Doc- Preview/Upload File Adding'

2018-12-13 10:49:04 - [MESSAGE][PASSED] - File 'C:\Users\Public\Pictures\Sample Pictures\Koala.jpg' sent to object: 'Object Repository/Final Object Repo/New Registration - Registration Module Pages/Third Screen - Upload Supporting Doc- Preview/Upload File Adding'

2018-12-13 10:49:04 - [TEST_STEP][PASSED] - delay: Delayed 5 second(s)

2018-12-13 10:49:09 - [MESSAGE][PASSED] - Delayed 5 second(s)

2018-12-13 10:49:09 - [TEST_STEP][PASSED] - click: Object: 'Object Repository/Final Object Repo/New Registration - Registration Module Pages/Third Screen - Upload Supporting Doc- Preview/Inner Form Add Document Button' is clicked on

2018-12-13 10:49:10 - [MESSAGE][PASSED] - Object: 'Object Repository/Final Object Repo/New Registration - Registration Module Pages/Third Screen - Upload Supporting Doc- Preview/Inner Form Add Document Button' is clicked on

2018-12-13 10:49:10 - [TEST_STEP][PASSED] - delay: Delayed 3 second(s)

2018-12-13 10:49:13 - [MESSAGE][PASSED] - Delayed 3 second(s)

2018-12-13 10:49:13 - [TEST_STEP][PASSED] - waitForElementClickable: Object 'Object Repository/Final Object Repo/New Registration - Registration Module Pages/Third Screen - Upload Supporting Doc- Preview/Save n Continue in Uploading Supporting Doc Page' is clickable

2018-12-13 10:49:14 - [MESSAGE][PASSED] - Object 'Object Repository/Final Object Repo/New Registration - Registration Module Pages/Third Screen - Upload Supporting Doc- Preview/Save n Continue in Uploading Supporting Doc Page' is clickable

2018-12-13 10:49:14 - [TEST_STEP][PASSED] - click: Object: 'Object Repository/Final Object Repo/New Registration - Registration Module Pages/Third Screen - Upload Supporting Doc- Preview/Save n Continue in Uploading Supporting Doc Page' is clicked on

2018-12-13 10:49:14 - [MESSAGE][PASSED] - Object: 'Object Repository/Final Object Repo/New Registration - Registration Module Pages/Third Screen - Upload Supporting Doc- Preview/Save n Continue in Uploading Supporting Doc Page' is clicked on

2018-12-13 10:49:14 - [MESSAGE][PASSED] - Call Test Case 'Test Cases/Final Aug 2018 - PKS Automation/Registration Module/New Registration/Flow of New Registration/Third Screen - Upload Supporting Doc - Preview' successfully

2018-12-13 10:49:14 - [TEST_STEP][PASSED] - setText: Text 'Tester' is set on object 'Object Repository/Final Object Repo/New Registration - Registration Module Pages/New Reg - OTC to RO/Special Case - All Related Objects/Employer Preview Name'

2018-12-13 10:49:19 - [MESSAGE][PASSED] - Text 'Tester' is set on object 'Object Repository/Final Object Repo/New Registration - Registration Module Pages/New Reg - OTC to RO/Special Case - All Related Objects/Employer Preview Name'

2018-12-13 10:49:19 - [TEST_STEP][PASSED] - click: Object: 'Object Repository/Final Object Repo/New Registration - Registration Module Pages/New Reg - OTC to RO/Special Case - All Related Objects/IC Type Drop Down' is clicked on

2018-12-13 10:49:19 - [MESSAGE][PASSED] - Object: 'Object Repository/Final Object Repo/New Registration - Registration Module Pages/New Reg - OTC to RO/Special Case - All Related Objects/IC Type Drop Down' is clicked on

2018-12-13 10:49:19 - [TEST_STEP][PASSED] - click: Object: 'Object Repository/Final Object Repo/New Registration - Registration Module Pages/New Reg - OTC to RO/Special Case - All Related Objects/Select to NRIC' is clicked on

2018-12-13 10:49:19 - [MESSAGE][PASSED] - Object: 'Object Repository/Final Object Repo/New Registration - Registration Module Pages/New Reg - OTC to RO/Special Case - All Related Objects/Select to NRIC' is clicked on

2018-12-13 10:49:19 - [TEST_STEP][PASSED] - setText: Text '133245561223' is set on object 'Object Repository/Final Object Repo/New Registration - Registration Module Pages/New Reg - OTC to RO/Special Case - All Related Objects/IC Value'

2018-12-13 10:49:19 - [MESSAGE][PASSED] - Text '133245561223' is set on object 'Object Repository/Final Object Repo/New Registration - Registration Module Pages/New Reg - OTC to RO/Special Case - All Related Objects/IC Value'

2018-12-13 10:49:19 - [TEST_STEP][PASSED] - setText: Text 'Auto' is set on object 'Object Repository/Final Object Repo/New Registration - Registration Module Pages/New Reg - OTC to RO/Special Case - All Related Objects/Designation'

2018-12-13 10:49:20 - [MESSAGE][PASSED] - Text 'Auto' is set on object 'Object Repository/Final Object Repo/New Registration - Registration Module Pages/New Reg - OTC to RO/Special Case - All Related Objects/Designation'

2018-12-13 10:49:20 - [TEST_STEP][PASSED] - callTestCase: Call Test Case 'Test Cases/Final Aug 2018 - PKS Automation/Registration Module/New Registration/Submit and Screenshot/Submit Registration and Screenshot - Copy' successfully

2018-12-13 10:49:20 - [TEST_CASE][PASSED] - Test Cases/Final Aug 2018 - PKS Automation/Registration Module/New Registration/Submit and Screenshot/Submit Registration and Screenshot - Copy: Test Cases/Final Aug 2018 - PKS Automation/Registration Module/New Registration/Submit and Screenshot/Submit Registration and Screenshot - Copy

2018-12-13 10:49:20 - [TEST_STEP][PASSED] - delay: Delayed 6 second(s)

2018-12-13 10:49:26 - [MESSAGE][PASSED] - Delayed 6 second(s)

2018-12-13 10:49:26 - [TEST_STEP][PASSED] - click: Object: 'Object Repository/Final Object Repo/New Registration - Registration Module Pages/Third Screen - Upload Supporting Doc- Preview/Preview Submit Button' is clicked on

2018-12-13 10:49:26 - [MESSAGE][PASSED] - Object: 'Object Repository/Final Object Repo/New Registration - Registration Module Pages/Third Screen - Upload Supporting Doc- Preview/Preview Submit Button' is clicked on

2018-12-13 10:49:26 - [TEST_STEP][PASSED] - delay: Delayed 2 second(s)

2018-12-13 10:49:28 - [MESSAGE][PASSED] - Delayed 2 second(s)

2018-12-13 10:49:28 - [TEST_STEP][PASSED] - click: Object: 'Object Repository/Final Object Repo/New Registration - Registration Module Pages/Third Screen - Upload Supporting Doc- Preview/Preview Submit - Confirm' is clicked on

2018-12-13 10:49:28 - [MESSAGE][PASSED] - Object: 'Object Repository/Final Object Repo/New Registration - Registration Module Pages/Third Screen - Upload Supporting Doc- Preview/Preview Submit - Confirm' is clicked on

2018-12-13 10:49:28 - [TEST_STEP][PASSED] - delay: Delayed 15 second(s)

2018-12-13 10:49:43 - [MESSAGE][PASSED] - Delayed 15 second(s)

2018-12-13 10:49:43 - [TEST_STEP][PASSED] - Statement - driver = com.kms.katalon.core.webui.driver.DriverFactory.getWebDriver(): null

2018-12-13 10:49:43 - [TEST_STEP][PASSED] - Statement - driver.manage().timeouts().implicitlyWait(10, SECONDS): null

2018-12-13 10:49:43 - [TEST_STEP][PASSED] - Statement - PresavePath = KatalonScreenshots: null

2018-12-13 10:49:43 - [TEST_STEP][PASSED] - Statement - pathPrefix = "C:\Users\Public\Pictures\Sample Pictures\Katalon Screenshots\Automate Ending Screen": null

2018-12-13 10:49:43 - [TEST_STEP][PASSED] - Statement - finalPath = <not implemented yet for class: org.codehaus.groovy.ast.expr.EmptyExpression>: null

2018-12-13 10:49:43 - [TEST_STEP][PASSED] - Statement - scrFile = driver.getScreenshotAs(FILE): null

2018-12-13 10:49:43 - [TEST_STEP][PASSED] - Statement - PreSaveFile = new java.io.File(PresavePath): null

2018-12-13 10:49:43 - [TEST_STEP][PASSED] - Statement - counter = 0: null

2018-12-13 10:49:43 - [TEST_STEP][PASSED] - Statement - If (PreSaveFile.exists()): null

2018-12-13 10:49:43 - [TEST_STEP][PASSED] - Statement - While (PreSaveFile.exists()): null

2018-12-13 10:49:43 - [TEST_STEP][PASSED] - Statement - counter = counter + 1: null

2018-12-13 10:49:43 - [TEST_STEP][PASSED] - Statement - PreSaveFile = new java.io.File(((pathPrefix + java.lang.Integer.toString(counter)) + .png)): null

2018-12-13 10:49:43 - [TEST_STEP][PASSED] - Statement - counter = counter + 1: null

2018-12-13 10:49:43 - [TEST_STEP][PASSED] - Statement - PreSaveFile = new java.io.File(((pathPrefix + java.lang.Integer.toString(counter)) + .png)): null

2018-12-13 10:49:43 - [TEST_STEP][PASSED] - Statement - counter = counter + 1: null

2018-12-13 10:49:43 - [TEST_STEP][PASSED] - Statement - PreSaveFile = new java.io.File(((pathPrefix + java.lang.Integer.toString(counter)) + .png)): null

2018-12-13 10:49:43 - [TEST_STEP][PASSED] - Statement - counter = counter + 1: null

2018-12-13 10:49:43 - [TEST_STEP][PASSED] - Statement - PreSaveFile = new java.io.File(((pathPrefix + java.lang.Integer.toString(counter)) + .png)): null

2018-12-13 10:49:43 - [TEST_STEP][PASSED] - Statement - counter = counter + 1: null

2018-12-13 10:49:43 - [TEST_STEP][PASSED] - Statement - PreSaveFile = new java.io.File(((pathPrefix + java.lang.Integer.toString(counter)) + .png)): null

2018-12-13 10:49:43 - [TEST_STEP][PASSED] - Statement - counter = counter + 1: null

2018-12-13 10:49:43 - [TEST_STEP][PASSED] - Statement - PreSaveFile = new java.io.File(((pathPrefix + java.lang.Integer.toString(counter)) + .png)): null

2018-12-13 10:49:43 - [TEST_STEP][PASSED] - Statement - counter = counter + 1: null

2018-12-13 10:49:43 - [TEST_STEP][PASSED] - Statement - PreSaveFile = new java.io.File(((pathPrefix + java.lang.Integer.toString(counter)) + .png)): null

2018-12-13 10:49:43 - [TEST_STEP][PASSED] - Statement - counter = counter + 1: null

2018-12-13 10:49:43 - [TEST_STEP][PASSED] - Statement - PreSaveFile = new java.io.File(((pathPrefix + java.lang.Integer.toString(counter)) + .png)): null

2018-12-13 10:49:43 - [TEST_STEP][PASSED] - Statement - counter = counter + 1: null

2018-12-13 10:49:43 - [TEST_STEP][PASSED] - Statement - PreSaveFile = new java.io.File(((pathPrefix + java.lang.Integer.toString(counter)) + .png)): null

2018-12-13 10:49:43 - [TEST_STEP][PASSED] - Statement - counter = counter + 1: null

2018-12-13 10:49:43 - [TEST_STEP][PASSED] - Statement - PreSaveFile = new java.io.File(((pathPrefix + java.lang.Integer.toString(counter)) + .png)): null

2018-12-13 10:49:43 - [TEST_STEP][PASSED] - Statement - counter = counter + 1: null

2018-12-13 10:49:43 - [TEST_STEP][PASSED] - Statement - PreSaveFile = new java.io.File(((pathPrefix + java.lang.Integer.toString(counter)) + .png)): null

2018-12-13 10:49:43 - [TEST_STEP][PASSED] - Statement - counter = counter + 1: null

2018-12-13 10:49:43 - [TEST_STEP][PASSED] - Statement - PreSaveFile = new java.io.File(((pathPrefix + java.lang.Integer.toString(counter)) + .png)): null

2018-12-13 10:49:43 - [TEST_STEP][PASSED] - Statement - counter = counter + 1: null

2018-12-13 10:49:43 - [TEST_STEP][PASSED] - Statement - PreSaveFile = new java.io.File(((pathPrefix + java.lang.Integer.toString(counter)) + .png)): null

2018-12-13 10:49:43 - [TEST_STEP][PASSED] - Statement - counter = counter + 1: null

2018-12-13 10:49:43 - [TEST_STEP][PASSED] - Statement - PreSaveFile = new java.io.File(((pathPrefix + java.lang.Integer.toString(counter)) + .png)): null

2018-12-13 10:49:43 - [TEST_STEP][PASSED] - Statement - counter = counter + 1: null

2018-12-13 10:49:43 - [TEST_STEP][PASSED] - Statement - PreSaveFile = new java.io.File(((pathPrefix + java.lang.Integer.toString(counter)) + .png)): null

2018-12-13 10:49:43 - [TEST_STEP][PASSED] - Statement - counter = counter + 1: null

2018-12-13 10:49:43 - [TEST_STEP][PASSED] - Statement - PreSaveFile = new java.io.File(((pathPrefix + java.lang.Integer.toString(counter)) + .png)): null

2018-12-13 10:49:43 - [TEST_STEP][PASSED] - Statement - counter = counter + 1: null

2018-12-13 10:49:43 - [TEST_STEP][PASSED] - Statement - PreSaveFile = new java.io.File(((pathPrefix + java.lang.Integer.toString(counter)) + .png)): null

2018-12-13 10:49:43 - [TEST_STEP][PASSED] - Statement - counter = counter + 1: null

2018-12-13 10:49:43 - [TEST_STEP][PASSED] - Statement - PreSaveFile = new java.io.File(((pathPrefix + java.lang.Integer.toString(counter)) + .png)): null

2018-12-13 10:49:43 - [TEST_STEP][PASSED] - Statement - counter = counter + 1: null

2018-12-13 10:49:43 - [TEST_STEP][PASSED] - Statement - PreSaveFile = new java.io.File(((pathPrefix + java.lang.Integer.toString(counter)) + .png)): null

2018-12-13 10:49:43 - [TEST_STEP][PASSED] - Statement - counter = counter + 1: null

2018-12-13 10:49:43 - [TEST_STEP][PASSED] - Statement - PreSaveFile = new java.io.File(((pathPrefix + java.lang.Integer.toString(counter)) + .png)): null

2018-12-13 10:49:43 - [TEST_STEP][PASSED] - Statement - counter = counter + 1: null

2018-12-13 10:49:43 - [TEST_STEP][PASSED] - Statement - PreSaveFile = new java.io.File(((pathPrefix + java.lang.Integer.toString(counter)) + .png)): null

2018-12-13 10:49:43 - [TEST_STEP][PASSED] - Statement - counter = counter + 1: null

2018-12-13 10:49:43 - [TEST_STEP][PASSED] - Statement - PreSaveFile = new java.io.File(((pathPrefix + java.lang.Integer.toString(counter)) + .png)): null

2018-12-13 10:49:43 - [TEST_STEP][PASSED] - Statement - counter = counter + 1: null

2018-12-13 10:49:43 - [TEST_STEP][PASSED] - Statement - PreSaveFile = new java.io.File(((pathPrefix + java.lang.Integer.toString(counter)) + .png)): null

2018-12-13 10:49:43 - [TEST_STEP][PASSED] - Statement - counter = counter + 1: null

2018-12-13 10:49:43 - [TEST_STEP][PASSED] - Statement - PreSaveFile = new java.io.File(((pathPrefix + java.lang.Integer.toString(counter)) + .png)): null

2018-12-13 10:49:43 - [TEST_STEP][PASSED] - Statement - counter = counter + 1: null

2018-12-13 10:49:43 - [TEST_STEP][PASSED] - Statement - PreSaveFile = new java.io.File(((pathPrefix + java.lang.Integer.toString(counter)) + .png)): null

2018-12-13 10:49:43 - [TEST_STEP][PASSED] - Statement - counter = counter + 1: null

2018-12-13 10:49:43 - [TEST_STEP][PASSED] - Statement - PreSaveFile = new java.io.File(((pathPrefix + java.lang.Integer.toString(counter)) + .png)): null

2018-12-13 10:49:43 - [TEST_STEP][PASSED] - Statement - counter = counter + 1: null

2018-12-13 10:49:43 - [TEST_STEP][PASSED] - Statement - PreSaveFile = new java.io.File(((pathPrefix + java.lang.Integer.toString(counter)) + .png)): null

2018-12-13 10:49:43 - [TEST_STEP][PASSED] - Statement - counter = counter + 1: null

2018-12-13 10:49:43 - [TEST_STEP][PASSED] - Statement - PreSaveFile = new java.io.File(((pathPrefix + java.lang.Integer.toString(counter)) + .png)): null

2018-12-13 10:49:43 - [TEST_STEP][PASSED] - Statement - counter = counter + 1: null

2018-12-13 10:49:43 - [TEST_STEP][PASSED] - Statement - PreSaveFile = new java.io.File(((pathPrefix + java.lang.Integer.toString(counter)) + .png)): null

2018-12-13 10:49:43 - [TEST_STEP][PASSED] - Statement - counter = counter + 1: null

2018-12-13 10:49:43 - [TEST_STEP][PASSED] - Statement - PreSaveFile = new java.io.File(((pathPrefix + java.lang.Integer.toString(counter)) + .png)): null

2018-12-13 10:49:43 - [TEST_STEP][PASSED] - Statement - counter = counter + 1: null

2018-12-13 10:49:43 - [TEST_STEP][PASSED] - Statement - PreSaveFile = new java.io.File(((pathPrefix + java.lang.Integer.toString(counter)) + .png)): null

2018-12-13 10:49:43 - [TEST_STEP][PASSED] - Statement - counter = counter + 1: null

2018-12-13 10:49:43 - [TEST_STEP][PASSED] - Statement - PreSaveFile = new java.io.File(((pathPrefix + java.lang.Integer.toString(counter)) + .png)): null

2018-12-13 10:49:43 - [TEST_STEP][PASSED] - Statement - counter = counter + 1: null

2018-12-13 10:49:43 - [TEST_STEP][PASSED] - Statement - PreSaveFile = new java.io.File(((pathPrefix + java.lang.Integer.toString(counter)) + .png)): null

2018-12-13 10:49:43 - [TEST_STEP][PASSED] - Statement - counter = counter + 1: null

2018-12-13 10:49:43 - [TEST_STEP][PASSED] - Statement - PreSaveFile = new java.io.File(((pathPrefix + java.lang.Integer.toString(counter)) + .png)): null

2018-12-13 10:49:43 - [TEST_STEP][PASSED] - Statement - counter = counter + 1: null

2018-12-13 10:49:43 - [TEST_STEP][PASSED] - Statement - PreSaveFile = new java.io.File(((pathPrefix + java.lang.Integer.toString(counter)) + .png)): null

2018-12-13 10:49:43 - [TEST_STEP][PASSED] - Statement - counter = counter + 1: null

2018-12-13 10:49:43 - [TEST_STEP][PASSED] - Statement - PreSaveFile = new java.io.File(((pathPrefix + java.lang.Integer.toString(counter)) + .png)): null

2018-12-13 10:49:43 - [TEST_STEP][PASSED] - Statement - counter = counter + 1: null

2018-12-13 10:49:43 - [TEST_STEP][PASSED] - Statement - PreSaveFile = new java.io.File(((pathPrefix + java.lang.Integer.toString(counter)) + .png)): null

2018-12-13 10:49:43 - [TEST_STEP][PASSED] - Statement - counter = counter + 1: null

2018-12-13 10:49:43 - [TEST_STEP][PASSED] - Statement - PreSaveFile = new java.io.File(((pathPrefix + java.lang.Integer.toString(counter)) + .png)): null

2018-12-13 10:49:43 - [TEST_STEP][PASSED] - Statement - counter = counter + 1: null

2018-12-13 10:49:43 - [TEST_STEP][PASSED] - Statement - PreSaveFile = new java.io.File(((pathPrefix + java.lang.Integer.toString(counter)) + .png)): null

2018-12-13 10:49:43 - [TEST_STEP][PASSED] - Statement - counter = counter + 1: null

2018-12-13 10:49:43 - [TEST_STEP][PASSED] - Statement - PreSaveFile = new java.io.File(((pathPrefix + java.lang.Integer.toString(counter)) + .png)): null

2018-12-13 10:49:43 - [TEST_STEP][PASSED] - Statement - counter = counter + 1: null

2018-12-13 10:49:43 - [TEST_STEP][PASSED] - Statement - PreSaveFile = new java.io.File(((pathPrefix + java.lang.Integer.toString(counter)) + .png)): null

2018-12-13 10:49:43 - [TEST_STEP][PASSED] - Statement - counter = counter + 1: null

2018-12-13 10:49:43 - [TEST_STEP][PASSED] - Statement - PreSaveFile = new java.io.File(((pathPrefix + java.lang.Integer.toString(counter)) + .png)): null

2018-12-13 10:49:43 - [TEST_STEP][PASSED] - Statement - counter = counter + 1: null

2018-12-13 10:49:43 - [TEST_STEP][PASSED] - Statement - PreSaveFile = new java.io.File(((pathPrefix + java.lang.Integer.toString(counter)) + .png)): null

2018-12-13 10:49:43 - [TEST_STEP][PASSED] - Statement - counter = counter + 1: null

2018-12-13 10:49:43 - [TEST_STEP][PASSED] - Statement - PreSaveFile = new java.io.File(((pathPrefix + java.lang.Integer.toString(counter)) + .png)): null

2018-12-13 10:49:43 - [TEST_STEP][PASSED] - Statement - counter = counter + 1: null

2018-12-13 10:49:43 - [TEST_STEP][PASSED] - Statement - PreSaveFile = new java.io.File(((pathPrefix + java.lang.Integer.toString(counter)) + .png)): null

2018-12-13 10:49:43 - [TEST_STEP][PASSED] - Statement - counter = counter + 1: null

2018-12-13 10:49:43 - [TEST_STEP][PASSED] - Statement - PreSaveFile = new java.io.File(((pathPrefix + java.lang.Integer.toString(counter)) + .png)): null

2018-12-13 10:49:43 - [TEST_STEP][PASSED] - Statement - counter = counter + 1: null

2018-12-13 10:49:43 - [TEST_STEP][PASSED] - Statement - PreSaveFile = new java.io.File(((pathPrefix + java.lang.Integer.toString(counter)) + .png)): null

2018-12-13 10:49:43 - [TEST_STEP][PASSED] - Statement - counter = counter + 1: null

2018-12-13 10:49:43 - [TEST_STEP][PASSED] - Statement - PreSaveFile = new java.io.File(((pathPrefix + java.lang.Integer.toString(counter)) + .png)): null

2018-12-13 10:49:43 - [TEST_STEP][PASSED] - Statement - counter = counter + 1: null

2018-12-13 10:49:43 - [TEST_STEP][PASSED] - Statement - PreSaveFile = new java.io.File(((pathPrefix + java.lang.Integer.toString(counter)) + .png)): null

2018-12-13 10:49:43 - [TEST_STEP][PASSED] - Statement - counter = counter + 1: null

2018-12-13 10:49:43 - [TEST_STEP][PASSED] - Statement - PreSaveFile = new java.io.File(((pathPrefix + java.lang.Integer.toString(counter)) + .png)): null

2018-12-13 10:49:43 - [TEST_STEP][PASSED] - Statement - counter = counter + 1: null

2018-12-13 10:49:43 - [TEST_STEP][PASSED] - Statement - PreSaveFile = new java.io.File(((pathPrefix + java.lang.Integer.toString(counter)) + .png)): null

2018-12-13 10:49:43 - [TEST_STEP][PASSED] - Statement - counter = counter + 1: null

2018-12-13 10:49:43 - [TEST_STEP][PASSED] - Statement - PreSaveFile = new java.io.File(((pathPrefix + java.lang.Integer.toString(counter)) + .png)): null

2018-12-13 10:49:43 - [TEST_STEP][PASSED] - Statement - counter = counter + 1: null

2018-12-13 10:49:43 - [TEST_STEP][PASSED] - Statement - PreSaveFile = new java.io.File(((pathPrefix + java.lang.Integer.toString(counter)) + .png)): null

2018-12-13 10:49:43 - [TEST_STEP][PASSED] - Statement - counter = counter + 1: null

2018-12-13 10:49:43 - [TEST_STEP][PASSED] - Statement - PreSaveFile = new java.io.File(((pathPrefix + java.lang.Integer.toString(counter)) + .png)): null

2018-12-13 10:49:43 - [TEST_STEP][PASSED] - Statement - counter = counter + 1: null

2018-12-13 10:49:43 - [TEST_STEP][PASSED] - Statement - PreSaveFile = new java.io.File(((pathPrefix + java.lang.Integer.toString(counter)) + .png)): null

2018-12-13 10:49:43 - [TEST_STEP][PASSED] - Statement - counter = counter + 1: null

2018-12-13 10:49:43 - [TEST_STEP][PASSED] - Statement - PreSaveFile = new java.io.File(((pathPrefix + java.lang.Integer.toString(counter)) + .png)): null

2018-12-13 10:49:43 - [TEST_STEP][PASSED] - Statement - counter = counter + 1: null

2018-12-13 10:49:43 - [TEST_STEP][PASSED] - Statement - PreSaveFile = new java.io.File(((pathPrefix + java.lang.Integer.toString(counter)) + .png)): null

2018-12-13 10:49:43 - [TEST_STEP][PASSED] - Statement - counter = counter + 1: null

2018-12-13 10:49:43 - [TEST_STEP][PASSED] - Statement - PreSaveFile = new java.io.File(((pathPrefix + java.lang.Integer.toString(counter)) + .png)): null

2018-12-13 10:49:43 - [TEST_STEP][PASSED] - Statement - counter = counter + 1: null

2018-12-13 10:49:43 - [TEST_STEP][PASSED] - Statement - PreSaveFile = new java.io.File(((pathPrefix + java.lang.Integer.toString(counter)) + .png)): null

2018-12-13 10:49:43 - [TEST_STEP][PASSED] - Statement - counter = counter + 1: null

2018-12-13 10:49:43 - [TEST_STEP][PASSED] - Statement - PreSaveFile = new java.io.File(((pathPrefix + java.lang.Integer.toString(counter)) + .png)): null

2018-12-13 10:49:43 - [TEST_STEP][PASSED] - Statement - counter = counter + 1: null

2018-12-13 10:49:43 - [TEST_STEP][PASSED] - Statement - PreSaveFile = new java.io.File(((pathPrefix + java.lang.Integer.toString(counter)) + .png)): null

2018-12-13 10:49:43 - [TEST_STEP][PASSED] - Statement - counter = counter + 1: null

2018-12-13 10:49:43 - [TEST_STEP][PASSED] - Statement - PreSaveFile = new java.io.File(((pathPrefix + java.lang.Integer.toString(counter)) + .png)): null

2018-12-13 10:49:43 - [TEST_STEP][PASSED] - Statement - counter = counter + 1: null

2018-12-13 10:49:43 - [TEST_STEP][PASSED] - Statement - PreSaveFile = new java.io.File(((pathPrefix + java.lang.Integer.toString(counter)) + .png)): null

2018-12-13 10:49:43 - [TEST_STEP][PASSED] - Statement - counter = counter + 1: null

2018-12-13 10:49:43 - [TEST_STEP][PASSED] - Statement - PreSaveFile = new java.io.File(((pathPrefix + java.lang.Integer.toString(counter)) + .png)): null

2018-12-13 10:49:43 - [TEST_STEP][PASSED] - Statement - counter = counter + 1: null

2018-12-13 10:49:43 - [TEST_STEP][PASSED] - Statement - PreSaveFile = new java.io.File(((pathPrefix + java.lang.Integer.toString(counter)) + .png)): null

2018-12-13 10:49:43 - [TEST_STEP][PASSED] - Statement - counter = counter + 1: null

2018-12-13 10:49:43 - [TEST_STEP][PASSED] - Statement - PreSaveFile = new java.io.File(((pathPrefix + java.lang.Integer.toString(counter)) + .png)): null

2018-12-13 10:49:43 - [TEST_STEP][PASSED] - Statement - counter = counter + 1: null

2018-12-13 10:49:43 - [TEST_STEP][PASSED] - Statement - PreSaveFile = new java.io.File(((pathPrefix + java.lang.Integer.toString(counter)) + .png)): null

2018-12-13 10:49:43 - [TEST_STEP][PASSED] - Statement - counter = counter + 1: null

2018-12-13 10:49:43 - [TEST_STEP][PASSED] - Statement - PreSaveFile = new java.io.File(((pathPrefix + java.lang.Integer.toString(counter)) + .png)): null

2018-12-13 10:49:43 - [TEST_STEP][PASSED] - Statement - counter = counter + 1: null

2018-12-13 10:49:43 - [TEST_STEP][PASSED] - Statement - PreSaveFile = new java.io.File(((pathPrefix + java.lang.Integer.toString(counter)) + .png)): null

2018-12-13 10:49:43 - [TEST_STEP][PASSED] - Statement - counter = counter + 1: null

2018-12-13 10:49:43 - [TEST_STEP][PASSED] - Statement - PreSaveFile = new java.io.File(((pathPrefix + java.lang.Integer.toString(counter)) + .png)): null

2018-12-13 10:49:43 - [TEST_STEP][PASSED] - Statement - counter = counter + 1: null

2018-12-13 10:49:43 - [TEST_STEP][PASSED] - Statement - PreSaveFile = new java.io.File(((pathPrefix + java.lang.Integer.toString(counter)) + .png)): null

2018-12-13 10:49:43 - [TEST_STEP][PASSED] - Statement - counter = counter + 1: null

2018-12-13 10:49:43 - [TEST_STEP][PASSED] - Statement - PreSaveFile = new java.io.File(((pathPrefix + java.lang.Integer.toString(counter)) + .png)): null

2018-12-13 10:49:43 - [TEST_STEP][PASSED] - Statement - counter = counter + 1: null

2018-12-13 10:49:43 - [TEST_STEP][PASSED] - Statement - PreSaveFile = new java.io.File(((pathPrefix + java.lang.Integer.toString(counter)) + .png)): null

2018-12-13 10:49:43 - [TEST_STEP][PASSED] - Statement - counter = counter + 1: null

2018-12-13 10:49:43 - [TEST_STEP][PASSED] - Statement - PreSaveFile = new java.io.File(((pathPrefix + java.lang.Integer.toString(counter)) + .png)): null

2018-12-13 10:49:43 - [TEST_STEP][PASSED] - Statement - counter = counter + 1: null

2018-12-13 10:49:43 - [TEST_STEP][PASSED] - Statement - PreSaveFile = new java.io.File(((pathPrefix + java.lang.Integer.toString(counter)) + .png)): null

2018-12-13 10:49:44 - [TEST_STEP][PASSED] - Statement - counter = counter + 1: null

2018-12-13 10:49:44 - [TEST_STEP][PASSED] - Statement - PreSaveFile = new java.io.File(((pathPrefix + java.lang.Integer.toString(counter)) + .png)): null

2018-12-13 10:49:44 - [TEST_STEP][PASSED] - Statement - counter = counter + 1: null

2018-12-13 10:49:44 - [TEST_STEP][PASSED] - Statement - PreSaveFile = new java.io.File(((pathPrefix + java.lang.Integer.toString(counter)) + .png)): null

2018-12-13 10:49:44 - [TEST_STEP][PASSED] - Statement - counter = counter + 1: null

2018-12-13 10:49:44 - [TEST_STEP][PASSED] - Statement - PreSaveFile = new java.io.File(((pathPrefix + java.lang.Integer.toString(counter)) + .png)): null

2018-12-13 10:49:44 - [TEST_STEP][PASSED] - Statement - counter = counter + 1: null

2018-12-13 10:49:44 - [TEST_STEP][PASSED] - Statement - PreSaveFile = new java.io.File(((pathPrefix + java.lang.Integer.toString(counter)) + .png)): null

2018-12-13 10:49:44 - [TEST_STEP][PASSED] - Statement - counter = counter + 1: null

2018-12-13 10:49:44 - [TEST_STEP][PASSED] - Statement - PreSaveFile = new java.io.File(((pathPrefix + java.lang.Integer.toString(counter)) + .png)): null

2018-12-13 10:49:44 - [TEST_STEP][PASSED] - Statement - counter = counter + 1: null

2018-12-13 10:49:44 - [TEST_STEP][PASSED] - Statement - PreSaveFile = new java.io.File(((pathPrefix + java.lang.Integer.toString(counter)) + .png)): null

2018-12-13 10:49:44 - [TEST_STEP][PASSED] - Statement - counter = counter + 1: null

2018-12-13 10:49:44 - [TEST_STEP][PASSED] - Statement - PreSaveFile = new java.io.File(((pathPrefix + java.lang.Integer.toString(counter)) + .png)): null

2018-12-13 10:49:44 - [TEST_STEP][PASSED] - Statement - counter = counter + 1: null

2018-12-13 10:49:44 - [TEST_STEP][PASSED] - Statement - PreSaveFile = new java.io.File(((pathPrefix + java.lang.Integer.toString(counter)) + .png)): null

2018-12-13 10:49:44 - [TEST_STEP][PASSED] - Statement - counter = counter + 1: null

2018-12-13 10:49:44 - [TEST_STEP][PASSED] - Statement - PreSaveFile = new java.io.File(((pathPrefix + java.lang.Integer.toString(counter)) + .png)): null

2018-12-13 10:49:44 - [TEST_STEP][PASSED] - Statement - counter = counter + 1: null

2018-12-13 10:49:44 - [TEST_STEP][PASSED] - Statement - PreSaveFile = new java.io.File(((pathPrefix + java.lang.Integer.toString(counter)) + .png)): null

2018-12-13 10:49:44 - [TEST_STEP][PASSED] - Statement - counter = counter + 1: null

2018-12-13 10:49:44 - [TEST_STEP][PASSED] - Statement - PreSaveFile = new java.io.File(((pathPrefix + java.lang.Integer.toString(counter)) + .png)): null

2018-12-13 10:49:44 - [TEST_STEP][PASSED] - Statement - counter = counter + 1: null

2018-12-13 10:49:44 - [TEST_STEP][PASSED] - Statement - PreSaveFile = new java.io.File(((pathPrefix + java.lang.Integer.toString(counter)) + .png)): null

2018-12-13 10:49:44 - [TEST_STEP][PASSED] - Statement - counter = counter + 1: null

2018-12-13 10:49:44 - [TEST_STEP][PASSED] - Statement - PreSaveFile = new java.io.File(((pathPrefix + java.lang.Integer.toString(counter)) + .png)): null

2018-12-13 10:49:44 - [TEST_STEP][PASSED] - Statement - counter = counter + 1: null

2018-12-13 10:49:44 - [TEST_STEP][PASSED] - Statement - PreSaveFile = new java.io.File(((pathPrefix + java.lang.Integer.toString(counter)) + .png)): null

2018-12-13 10:49:44 - [TEST_STEP][PASSED] - Statement - counter = counter + 1: null

2018-12-13 10:49:44 - [TEST_STEP][PASSED] - Statement - PreSaveFile = new java.io.File(((pathPrefix + java.lang.Integer.toString(counter)) + .png)): null

2018-12-13 10:49:44 - [TEST_STEP][PASSED] - Statement - counter = counter + 1: null

2018-12-13 10:49:44 - [TEST_STEP][PASSED] - Statement - PreSaveFile = new java.io.File(((pathPrefix + java.lang.Integer.toString(counter)) + .png)): null

2018-12-13 10:49:44 - [TEST_STEP][PASSED] - Statement - counter = counter + 1: null

2018-12-13 10:49:44 - [TEST_STEP][PASSED] - Statement - PreSaveFile = new java.io.File(((pathPrefix + java.lang.Integer.toString(counter)) + .png)): null

2018-12-13 10:49:44 - [TEST_STEP][PASSED] - Statement - counter = counter + 1: null

2018-12-13 10:49:44 - [TEST_STEP][PASSED] - Statement - PreSaveFile = new java.io.File(((pathPrefix + java.lang.Integer.toString(counter)) + .png)): null

2018-12-13 10:49:44 - [TEST_STEP][PASSED] - Statement - counter = counter + 1: null

2018-12-13 10:49:44 - [TEST_STEP][PASSED] - Statement - PreSaveFile = new java.io.File(((pathPrefix + java.lang.Integer.toString(counter)) + .png)): null

2018-12-13 10:49:44 - [TEST_STEP][PASSED] - Statement - counter = counter + 1: null

2018-12-13 10:49:44 - [TEST_STEP][PASSED] - Statement - PreSaveFile = new java.io.File(((pathPrefix + java.lang.Integer.toString(counter)) + .png)): null

2018-12-13 10:49:44 - [TEST_STEP][PASSED] - Statement - counter = counter + 1: null

2018-12-13 10:49:44 - [TEST_STEP][PASSED] - Statement - PreSaveFile = new java.io.File(((pathPrefix + java.lang.Integer.toString(counter)) + .png)): null

2018-12-13 10:49:44 - [TEST_STEP][PASSED] - Statement - counter = counter + 1: null

2018-12-13 10:49:44 - [TEST_STEP][PASSED] - Statement - PreSaveFile = new java.io.File(((pathPrefix + java.lang.Integer.toString(counter)) + .png)): null

2018-12-13 10:49:44 - [TEST_STEP][PASSED] - Statement - counter = counter + 1: null

2018-12-13 10:49:44 - [TEST_STEP][PASSED] - Statement - PreSaveFile = new java.io.File(((pathPrefix + java.lang.Integer.toString(counter)) + .png)): null

2018-12-13 10:49:44 - [TEST_STEP][PASSED] - Statement - counter = counter + 1: null

2018-12-13 10:49:44 - [TEST_STEP][PASSED] - Statement - PreSaveFile = new java.io.File(((pathPrefix + java.lang.Integer.toString(counter)) + .png)): null

2018-12-13 10:49:44 - [TEST_STEP][PASSED] - Statement - counter = counter + 1: null

2018-12-13 10:49:44 - [TEST_STEP][PASSED] - Statement - PreSaveFile = new java.io.File(((pathPrefix + java.lang.Integer.toString(counter)) + .png)): null

2018-12-13 10:49:44 - [TEST_STEP][PASSED] - Statement - counter = counter + 1: null

2018-12-13 10:49:44 - [TEST_STEP][PASSED] - Statement - PreSaveFile = new java.io.File(((pathPrefix + java.lang.Integer.toString(counter)) + .png)): null

2018-12-13 10:49:44 - [TEST_STEP][PASSED] - Statement - counter = counter + 1: null

2018-12-13 10:49:44 - [TEST_STEP][PASSED] - Statement - PreSaveFile = new java.io.File(((pathPrefix + java.lang.Integer.toString(counter)) + .png)): null

2018-12-13 10:49:44 - [TEST_STEP][PASSED] - Statement - counter = counter + 1: null

2018-12-13 10:49:44 - [TEST_STEP][PASSED] - Statement - PreSaveFile = new java.io.File(((pathPrefix + java.lang.Integer.toString(counter)) + .png)): null

2018-12-13 10:49:44 - [TEST_STEP][PASSED] - Statement - counter = counter + 1: null

2018-12-13 10:49:44 - [TEST_STEP][PASSED] - Statement - PreSaveFile = new java.io.File(((pathPrefix + java.lang.Integer.toString(counter)) + .png)): null

2018-12-13 10:49:44 - [TEST_STEP][PASSED] - Statement - counter = counter + 1: null

2018-12-13 10:49:44 - [TEST_STEP][PASSED] - Statement - PreSaveFile = new java.io.File(((pathPrefix + java.lang.Integer.toString(counter)) + .png)): null

2018-12-13 10:49:44 - [TEST_STEP][PASSED] - Statement - counter = counter + 1: null

2018-12-13 10:49:44 - [TEST_STEP][PASSED] - Statement - PreSaveFile = new java.io.File(((pathPrefix + java.lang.Integer.toString(counter)) + .png)): null

2018-12-13 10:49:44 - [TEST_STEP][PASSED] - Statement - counter = counter + 1: null

2018-12-13 10:49:44 - [TEST_STEP][PASSED] - Statement - PreSaveFile = new java.io.File(((pathPrefix + java.lang.Integer.toString(counter)) + .png)): null

2018-12-13 10:49:44 - [TEST_STEP][PASSED] - Statement - counter = counter + 1: null

2018-12-13 10:49:44 - [TEST_STEP][PASSED] - Statement - PreSaveFile = new java.io.File(((pathPrefix + java.lang.Integer.toString(counter)) + .png)): null

2018-12-13 10:49:44 - [TEST_STEP][PASSED] - Statement - counter = counter + 1: null

2018-12-13 10:49:44 - [TEST_STEP][PASSED] - Statement - PreSaveFile = new java.io.File(((pathPrefix + java.lang.Integer.toString(counter)) + .png)): null

2018-12-13 10:49:44 - [TEST_STEP][PASSED] - Statement - counter = counter + 1: null

2018-12-13 10:49:44 - [TEST_STEP][PASSED] - Statement - PreSaveFile = new java.io.File(((pathPrefix + java.lang.Integer.toString(counter)) + .png)): null

2018-12-13 10:49:44 - [TEST_STEP][PASSED] - Statement - counter = counter + 1: null

2018-12-13 10:49:44 - [TEST_STEP][PASSED] - Statement - PreSaveFile = new java.io.File(((pathPrefix + java.lang.Integer.toString(counter)) + .png)): null

2018-12-13 10:49:44 - [TEST_STEP][PASSED] - Statement - counter = counter + 1: null

2018-12-13 10:49:44 - [TEST_STEP][PASSED] - Statement - PreSaveFile = new java.io.File(((pathPrefix + java.lang.Integer.toString(counter)) + .png)): null

2018-12-13 10:49:44 - [TEST_STEP][PASSED] - Statement - counter = counter + 1: null

2018-12-13 10:49:44 - [TEST_STEP][PASSED] - Statement - PreSaveFile = new java.io.File(((pathPrefix + java.lang.Integer.toString(counter)) + .png)): null

2018-12-13 10:49:44 - [TEST_STEP][PASSED] - Statement - counter = counter + 1: null

2018-12-13 10:49:44 - [TEST_STEP][PASSED] - Statement - PreSaveFile = new java.io.File(((pathPrefix + java.lang.Integer.toString(counter)) + .png)): null

2018-12-13 10:49:44 - [TEST_STEP][PASSED] - Statement - counter = counter + 1: null

2018-12-13 10:49:44 - [TEST_STEP][PASSED] - Statement - PreSaveFile = new java.io.File(((pathPrefix + java.lang.Integer.toString(counter)) + .png)): null

2018-12-13 10:49:44 - [TEST_STEP][PASSED] - Statement - counter = counter + 1: null

2018-12-13 10:49:44 - [TEST_STEP][PASSED] - Statement - PreSaveFile = new java.io.File(((pathPrefix + java.lang.Integer.toString(counter)) + .png)): null

2018-12-13 10:49:44 - [TEST_STEP][PASSED] - Statement - counter = counter + 1: null

2018-12-13 10:49:44 - [TEST_STEP][PASSED] - Statement - PreSaveFile = new java.io.File(((pathPrefix + java.lang.Integer.toString(counter)) + .png)): null

2018-12-13 10:49:44 - [TEST_STEP][PASSED] - Statement - counter = counter + 1: null

2018-12-13 10:49:44 - [TEST_STEP][PASSED] - Statement - PreSaveFile = new java.io.File(((pathPrefix + java.lang.Integer.toString(counter)) + .png)): null

2018-12-13 10:49:44 - [TEST_STEP][PASSED] - Statement - counter = counter + 1: null

2018-12-13 10:49:44 - [TEST_STEP][PASSED] - Statement - PreSaveFile = new java.io.File(((pathPrefix + java.lang.Integer.toString(counter)) + .png)): null

2018-12-13 10:49:44 - [TEST_STEP][PASSED] - Statement - counter = counter + 1: null

2018-12-13 10:49:44 - [TEST_STEP][PASSED] - Statement - PreSaveFile = new java.io.File(((pathPrefix + java.lang.Integer.toString(counter)) + .png)): null

2018-12-13 10:49:44 - [TEST_STEP][PASSED] - Statement - counter = counter + 1: null

2018-12-13 10:49:44 - [TEST_STEP][PASSED] - Statement - PreSaveFile = new java.io.File(((pathPrefix + java.lang.Integer.toString(counter)) + .png)): null

2018-12-13 10:49:44 - [TEST_STEP][PASSED] - Statement - counter = counter + 1: null

2018-12-13 10:49:44 - [TEST_STEP][PASSED] - Statement - PreSaveFile = new java.io.File(((pathPrefix + java.lang.Integer.toString(counter)) + .png)): null

2018-12-13 10:49:44 - [TEST_STEP][PASSED] - Statement - counter = counter + 1: null

2018-12-13 10:49:44 - [TEST_STEP][PASSED] - Statement - PreSaveFile = new java.io.File(((pathPrefix + java.lang.Integer.toString(counter)) + .png)): null

2018-12-13 10:49:44 - [TEST_STEP][PASSED] - Statement - counter = counter + 1: null

2018-12-13 10:49:44 - [TEST_STEP][PASSED] - Statement - PreSaveFile = new java.io.File(((pathPrefix + java.lang.Integer.toString(counter)) + .png)): null

2018-12-13 10:49:44 - [TEST_STEP][PASSED] - Statement - counter = counter + 1: null

2018-12-13 10:49:44 - [TEST_STEP][PASSED] - Statement - PreSaveFile = new java.io.File(((pathPrefix + java.lang.Integer.toString(counter)) + .png)): null

2018-12-13 10:49:44 - [TEST_STEP][PASSED] - Statement - counter = counter + 1: null

2018-12-13 10:49:44 - [TEST_STEP][PASSED] - Statement - PreSaveFile = new java.io.File(((pathPrefix + java.lang.Integer.toString(counter)) + .png)): null

2018-12-13 10:49:44 - [TEST_STEP][PASSED] - Statement - counter = counter + 1: null

2018-12-13 10:49:44 - [TEST_STEP][PASSED] - Statement - PreSaveFile = new java.io.File(((pathPrefix + java.lang.Integer.toString(counter)) + .png)): null

2018-12-13 10:49:44 - [TEST_STEP][PASSED] - Statement - counter = counter + 1: null

2018-12-13 10:49:44 - [TEST_STEP][PASSED] - Statement - PreSaveFile = new java.io.File(((pathPrefix + java.lang.Integer.toString(counter)) + .png)): null

2018-12-13 10:49:44 - [TEST_STEP][PASSED] - Statement - counter = counter + 1: null

2018-12-13 10:49:44 - [TEST_STEP][PASSED] - Statement - PreSaveFile = new java.io.File(((pathPrefix + java.lang.Integer.toString(counter)) + .png)): null

2018-12-13 10:49:44 - [TEST_STEP][PASSED] - Statement - counter = counter + 1: null

2018-12-13 10:49:44 - [TEST_STEP][PASSED] - Statement - PreSaveFile = new java.io.File(((pathPrefix + java.lang.Integer.toString(counter)) + .png)): null

2018-12-13 10:49:44 - [TEST_STEP][PASSED] - Statement - counter = counter + 1: null

2018-12-13 10:49:44 - [TEST_STEP][PASSED] - Statement - PreSaveFile = new java.io.File(((pathPrefix + java.lang.Integer.toString(counter)) + .png)): null

2018-12-13 10:49:44 - [TEST_STEP][PASSED] - Statement - counter = counter + 1: null

2018-12-13 10:49:44 - [TEST_STEP][PASSED] - Statement - PreSaveFile = new java.io.File(((pathPrefix + java.lang.Integer.toString(counter)) + .png)): null

2018-12-13 10:49:44 - [TEST_STEP][PASSED] - Statement - counter = counter + 1: null

2018-12-13 10:49:44 - [TEST_STEP][PASSED] - Statement - PreSaveFile = new java.io.File(((pathPrefix + java.lang.Integer.toString(counter)) + .png)): null

2018-12-13 10:49:44 - [TEST_STEP][PASSED] - Statement - counter = counter + 1: null

2018-12-13 10:49:44 - [TEST_STEP][PASSED] - Statement - PreSaveFile = new java.io.File(((pathPrefix + java.lang.Integer.toString(counter)) + .png)): null

2018-12-13 10:49:44 - [TEST_STEP][PASSED] - Statement - counter = counter + 1: null

2018-12-13 10:49:44 - [TEST_STEP][PASSED] - Statement - PreSaveFile = new java.io.File(((pathPrefix + java.lang.Integer.toString(counter)) + .png)): null

2018-12-13 10:49:44 - [TEST_STEP][PASSED] - Statement - counter = counter + 1: null

2018-12-13 10:49:44 - [TEST_STEP][PASSED] - Statement - PreSaveFile = new java.io.File(((pathPrefix + java.lang.Integer.toString(counter)) + .png)): null

2018-12-13 10:49:44 - [TEST_STEP][PASSED] - Statement - counter = counter + 1: null

2018-12-13 10:49:44 - [TEST_STEP][PASSED] - Statement - PreSaveFile = new java.io.File(((pathPrefix + java.lang.Integer.toString(counter)) + .png)): null

2018-12-13 10:49:44 - [TEST_STEP][PASSED] - Statement - counter = counter + 1: null

2018-12-13 10:49:44 - [TEST_STEP][PASSED] - Statement - PreSaveFile = new java.io.File(((pathPrefix + java.lang.Integer.toString(counter)) + .png)): null

2018-12-13 10:49:44 - [TEST_STEP][PASSED] - Statement - counter = counter + 1: null

2018-12-13 10:49:44 - [TEST_STEP][PASSED] - Statement - PreSaveFile = new java.io.File(((pathPrefix + java.lang.Integer.toString(counter)) + .png)): null

2018-12-13 10:49:44 - [TEST_STEP][PASSED] - Statement - counter = counter + 1: null

2018-12-13 10:49:44 - [TEST_STEP][PASSED] - Statement - PreSaveFile = new java.io.File(((pathPrefix + java.lang.Integer.toString(counter)) + .png)): null

2018-12-13 10:49:44 - [TEST_STEP][PASSED] - Statement - counter = counter + 1: null

2018-12-13 10:49:44 - [TEST_STEP][PASSED] - Statement - PreSaveFile = new java.io.File(((pathPrefix + java.lang.Integer.toString(counter)) + .png)): null

2018-12-13 10:49:44 - [TEST_STEP][PASSED] - Statement - counter = counter + 1: null

2018-12-13 10:49:44 - [TEST_STEP][PASSED] - Statement - PreSaveFile = new java.io.File(((pathPrefix + java.lang.Integer.toString(counter)) + .png)): null

2018-12-13 10:49:44 - [TEST_STEP][PASSED] - Statement - counter = counter + 1: null

2018-12-13 10:49:44 - [TEST_STEP][PASSED] - Statement - PreSaveFile = new java.io.File(((pathPrefix + java.lang.Integer.toString(counter)) + .png)): null

2018-12-13 10:49:44 - [TEST_STEP][PASSED] - Statement - counter = counter + 1: null

2018-12-13 10:49:44 - [TEST_STEP][PASSED] - Statement - PreSaveFile = new java.io.File(((pathPrefix + java.lang.Integer.toString(counter)) + .png)): null

2018-12-13 10:49:44 - [TEST_STEP][PASSED] - Statement - counter = counter + 1: null

2018-12-13 10:49:44 - [TEST_STEP][PASSED] - Statement - PreSaveFile = new java.io.File(((pathPrefix + java.lang.Integer.toString(counter)) + .png)): null

2018-12-13 10:49:44 - [TEST_STEP][PASSED] - Statement - counter = counter + 1: null

2018-12-13 10:49:44 - [TEST_STEP][PASSED] - Statement - PreSaveFile = new java.io.File(((pathPrefix + java.lang.Integer.toString(counter)) + .png)): null

2018-12-13 10:49:44 - [TEST_STEP][PASSED] - Statement - counter = counter + 1: null

2018-12-13 10:49:44 - [TEST_STEP][PASSED] - Statement - PreSaveFile = new java.io.File(((pathPrefix + java.lang.Integer.toString(counter)) + .png)): null

2018-12-13 10:49:44 - [TEST_STEP][PASSED] - Statement - counter = counter + 1: null

2018-12-13 10:49:44 - [TEST_STEP][PASSED] - Statement - PreSaveFile = new java.io.File(((pathPrefix + java.lang.Integer.toString(counter)) + .png)): null

2018-12-13 10:49:44 - [TEST_STEP][PASSED] - Statement - counter = counter + 1: null

2018-12-13 10:49:44 - [TEST_STEP][PASSED] - Statement - PreSaveFile = new java.io.File(((pathPrefix + java.lang.Integer.toString(counter)) + .png)): null

2018-12-13 10:49:44 - [TEST_STEP][PASSED] - Statement - counter = counter + 1: null

2018-12-13 10:49:44 - [TEST_STEP][PASSED] - Statement - PreSaveFile = new java.io.File(((pathPrefix + java.lang.Integer.toString(counter)) + .png)): null

2018-12-13 10:49:44 - [TEST_STEP][PASSED] - Statement - counter = counter + 1: null

2018-12-13 10:49:44 - [TEST_STEP][PASSED] - Statement - PreSaveFile = new java.io.File(((pathPrefix + java.lang.Integer.toString(counter)) + .png)): null

2018-12-13 10:49:44 - [TEST_STEP][PASSED] - Statement - counter = counter + 1: null

2018-12-13 10:49:44 - [TEST_STEP][PASSED] - Statement - PreSaveFile = new java.io.File(((pathPrefix + java.lang.Integer.toString(counter)) + .png)): null

2018-12-13 10:49:44 - [TEST_STEP][PASSED] - Statement - counter = counter + 1: null

2018-12-13 10:49:44 - [TEST_STEP][PASSED] - Statement - PreSaveFile = new java.io.File(((pathPrefix + java.lang.Integer.toString(counter)) + .png)): null

2018-12-13 10:49:44 - [TEST_STEP][PASSED] - Statement - counter = counter + 1: null

2018-12-13 10:49:44 - [TEST_STEP][PASSED] - Statement - PreSaveFile = new java.io.File(((pathPrefix + java.lang.Integer.toString(counter)) + .png)): null

2018-12-13 10:49:44 - [TEST_STEP][PASSED] - Statement - counter = counter + 1: null

2018-12-13 10:49:44 - [TEST_STEP][PASSED] - Statement - PreSaveFile = new java.io.File(((pathPrefix + java.lang.Integer.toString(counter)) + .png)): null

2018-12-13 10:49:44 - [TEST_STEP][PASSED] - Statement - counter = counter + 1: null

2018-12-13 10:49:44 - [TEST_STEP][PASSED] - Statement - PreSaveFile = new java.io.File(((pathPrefix + java.lang.Integer.toString(counter)) + .png)): null

2018-12-13 10:49:44 - [TEST_STEP][PASSED] - Statement - counter = counter + 1: null

2018-12-13 10:49:44 - [TEST_STEP][PASSED] - Statement - PreSaveFile = new java.io.File(((pathPrefix + java.lang.Integer.toString(counter)) + .png)): null

2018-12-13 10:49:44 - [TEST_STEP][PASSED] - Statement - counter = counter + 1: null

2018-12-13 10:49:44 - [TEST_STEP][PASSED] - Statement - PreSaveFile = new java.io.File(((pathPrefix + java.lang.Integer.toString(counter)) + .png)): null

2018-12-13 10:49:44 - [TEST_STEP][PASSED] - Statement - counter = counter + 1: null

2018-12-13 10:49:44 - [TEST_STEP][PASSED] - Statement - PreSaveFile = new java.io.File(((pathPrefix + java.lang.Integer.toString(counter)) + .png)): null

2018-12-13 10:49:44 - [TEST_STEP][PASSED] - Statement - counter = counter + 1: null

2018-12-13 10:49:44 - [TEST_STEP][PASSED] - Statement - PreSaveFile = new java.io.File(((pathPrefix + java.lang.Integer.toString(counter)) + .png)): null

2018-12-13 10:49:44 - [TEST_STEP][PASSED] - Statement - counter = counter + 1: null

2018-12-13 10:49:44 - [TEST_STEP][PASSED] - Statement - PreSaveFile = new java.io.File(((pathPrefix + java.lang.Integer.toString(counter)) + .png)): null

2018-12-13 10:49:44 - [TEST_STEP][PASSED] - Statement - counter = counter + 1: null

2018-12-13 10:49:44 - [TEST_STEP][PASSED] - Statement - PreSaveFile = new java.io.File(((pathPrefix + java.lang.Integer.toString(counter)) + .png)): null

2018-12-13 10:49:44 - [TEST_STEP][PASSED] - Statement - counter = counter + 1: null

2018-12-13 10:49:44 - [TEST_STEP][PASSED] - Statement - PreSaveFile = new java.io.File(((pathPrefix + java.lang.Integer.toString(counter)) + .png)): null

2018-12-13 10:49:44 - [TEST_STEP][PASSED] - Statement - counter = counter + 1: null

2018-12-13 10:49:44 - [TEST_STEP][PASSED] - Statement - PreSaveFile = new java.io.File(((pathPrefix + java.lang.Integer.toString(counter)) + .png)): null

2018-12-13 10:49:44 - [TEST_STEP][PASSED] - Statement - counter = counter + 1: null

2018-12-13 10:49:44 - [TEST_STEP][PASSED] - Statement - PreSaveFile = new java.io.File(((pathPrefix + java.lang.Integer.toString(counter)) + .png)): null

2018-12-13 10:49:44 - [TEST_STEP][PASSED] - Statement - counter = counter + 1: null

2018-12-13 10:49:44 - [TEST_STEP][PASSED] - Statement - PreSaveFile = new java.io.File(((pathPrefix + java.lang.Integer.toString(counter)) + .png)): null

2018-12-13 10:49:44 - [TEST_STEP][PASSED] - Statement - counter = counter + 1: null

2018-12-13 10:49:44 - [TEST_STEP][PASSED] - Statement - PreSaveFile = new java.io.File(((pathPrefix + java.lang.Integer.toString(counter)) + .png)): null

2018-12-13 10:49:44 - [TEST_STEP][PASSED] - Statement - counter = counter + 1: null

2018-12-13 10:49:44 - [TEST_STEP][PASSED] - Statement - PreSaveFile = new java.io.File(((pathPrefix + java.lang.Integer.toString(counter)) + .png)): null

2018-12-13 10:49:44 - [TEST_STEP][PASSED] - Statement - counter = counter + 1: null

2018-12-13 10:49:44 - [TEST_STEP][PASSED] - Statement - PreSaveFile = new java.io.File(((pathPrefix + java.lang.Integer.toString(counter)) + .png)): null

2018-12-13 10:49:44 - [TEST_STEP][PASSED] - Statement - counter = counter + 1: null

2018-12-13 10:49:44 - [TEST_STEP][PASSED] - Statement - PreSaveFile = new java.io.File(((pathPrefix + java.lang.Integer.toString(counter)) + .png)): null

2018-12-13 10:49:44 - [TEST_STEP][PASSED] - Statement - counter = counter + 1: null

2018-12-13 10:49:44 - [TEST_STEP][PASSED] - Statement - PreSaveFile = new java.io.File(((pathPrefix + java.lang.Integer.toString(counter)) + .png)): null

2018-12-13 10:49:44 - [TEST_STEP][PASSED] - Statement - counter = counter + 1: null

2018-12-13 10:49:44 - [TEST_STEP][PASSED] - Statement - PreSaveFile = new java.io.File(((pathPrefix + java.lang.Integer.toString(counter)) + .png)): null

2018-12-13 10:49:44 - [TEST_STEP][PASSED] - Statement - counter = counter + 1: null

2018-12-13 10:49:44 - [TEST_STEP][PASSED] - Statement - PreSaveFile = new java.io.File(((pathPrefix + java.lang.Integer.toString(counter)) + .png)): null

2018-12-13 10:49:44 - [TEST_STEP][PASSED] - Statement - counter = counter + 1: null

2018-12-13 10:49:44 - [TEST_STEP][PASSED] - Statement - PreSaveFile = new java.io.File(((pathPrefix + java.lang.Integer.toString(counter)) + .png)): null

2018-12-13 10:49:44 - [TEST_STEP][PASSED] - Statement - counter = counter + 1: null

2018-12-13 10:49:44 - [TEST_STEP][PASSED] - Statement - PreSaveFile = new java.io.File(((pathPrefix + java.lang.Integer.toString(counter)) + .png)): null

2018-12-13 10:49:44 - [TEST_STEP][PASSED] - Statement - counter = counter + 1: null

2018-12-13 10:49:44 - [TEST_STEP][PASSED] - Statement - PreSaveFile = new java.io.File(((pathPrefix + java.lang.Integer.toString(counter)) + .png)): null

2018-12-13 10:49:44 - [TEST_STEP][PASSED] - Statement - counter = counter + 1: null

2018-12-13 10:49:44 - [TEST_STEP][PASSED] - Statement - PreSaveFile = new java.io.File(((pathPrefix + java.lang.Integer.toString(counter)) + .png)): null

2018-12-13 10:49:44 - [TEST_STEP][PASSED] - Statement - counter = counter + 1: null

2018-12-13 10:49:44 - [TEST_STEP][PASSED] - Statement - PreSaveFile = new java.io.File(((pathPrefix + java.lang.Integer.toString(counter)) + .png)): null

2018-12-13 10:49:44 - [TEST_STEP][PASSED] - Statement - counter = counter + 1: null

2018-12-13 10:49:44 - [TEST_STEP][PASSED] - Statement - PreSaveFile = new java.io.File(((pathPrefix + java.lang.Integer.toString(counter)) + .png)): null

2018-12-13 10:49:44 - [TEST_STEP][PASSED] - Statement - counter = counter + 1: null

2018-12-13 10:49:44 - [TEST_STEP][PASSED] - Statement - PreSaveFile = new java.io.File(((pathPrefix + java.lang.Integer.toString(counter)) + .png)): null

2018-12-13 10:49:44 - [TEST_STEP][PASSED] - Statement - counter = counter + 1: null

2018-12-13 10:49:44 - [TEST_STEP][PASSED] - Statement - PreSaveFile = new java.io.File(((pathPrefix + java.lang.Integer.toString(counter)) + .png)): null

2018-12-13 10:49:44 - [TEST_STEP][PASSED] - Statement - counter = counter + 1: null

2018-12-13 10:49:44 - [TEST_STEP][PASSED] - Statement - PreSaveFile = new java.io.File(((pathPrefix + java.lang.Integer.toString(counter)) + .png)): null

2018-12-13 10:49:44 - [TEST_STEP][PASSED] - Statement - counter = counter + 1: null

2018-12-13 10:49:44 - [TEST_STEP][PASSED] - Statement - PreSaveFile = new java.io.File(((pathPrefix + java.lang.Integer.toString(counter)) + .png)): null

2018-12-13 10:49:44 - [TEST_STEP][PASSED] - Statement - counter = counter + 1: null

2018-12-13 10:49:44 - [TEST_STEP][PASSED] - Statement - PreSaveFile = new java.io.File(((pathPrefix + java.lang.Integer.toString(counter)) + .png)): null

2018-12-13 10:49:44 - [TEST_STEP][PASSED] - Statement - counter = counter + 1: null

2018-12-13 10:49:44 - [TEST_STEP][PASSED] - Statement - PreSaveFile = new java.io.File(((pathPrefix + java.lang.Integer.toString(counter)) + .png)): null

2018-12-13 10:49:44 - [TEST_STEP][PASSED] - Statement - counter = counter + 1: null

2018-12-13 10:49:44 - [TEST_STEP][PASSED] - Statement - PreSaveFile = new java.io.File(((pathPrefix + java.lang.Integer.toString(counter)) + .png)): null

2018-12-13 10:49:44 - [TEST_STEP][PASSED] - Statement - counter = counter + 1: null

2018-12-13 10:49:44 - [TEST_STEP][PASSED] - Statement - PreSaveFile = new java.io.File(((pathPrefix + java.lang.Integer.toString(counter)) + .png)): null

2018-12-13 10:49:44 - [TEST_STEP][PASSED] - Statement - counter = counter + 1: null

2018-12-13 10:49:44 - [TEST_STEP][PASSED] - Statement - PreSaveFile = new java.io.File(((pathPrefix + java.lang.Integer.toString(counter)) + .png)): null

2018-12-13 10:49:44 - [TEST_STEP][PASSED] - Statement - counter = counter + 1: null

2018-12-13 10:49:44 - [TEST_STEP][PASSED] - Statement - PreSaveFile = new java.io.File(((pathPrefix + java.lang.Integer.toString(counter)) + .png)): null

2018-12-13 10:49:44 - [TEST_STEP][PASSED] - Statement - counter = counter + 1: null

2018-12-13 10:49:44 - [TEST_STEP][PASSED] - Statement - PreSaveFile = new java.io.File(((pathPrefix + java.lang.Integer.toString(counter)) + .png)): null

2018-12-13 10:49:44 - [TEST_STEP][PASSED] - Statement - counter = counter + 1: null

2018-12-13 10:49:44 - [TEST_STEP][PASSED] - Statement - PreSaveFile = new java.io.File(((pathPrefix + java.lang.Integer.toString(counter)) + .png)): null

2018-12-13 10:49:44 - [TEST_STEP][PASSED] - Statement - counter = counter + 1: null

2018-12-13 10:49:44 - [TEST_STEP][PASSED] - Statement - PreSaveFile = new java.io.File(((pathPrefix + java.lang.Integer.toString(counter)) + .png)): null

2018-12-13 10:49:44 - [TEST_STEP][PASSED] - Statement - counter = counter + 1: null

2018-12-13 10:49:44 - [TEST_STEP][PASSED] - Statement - PreSaveFile = new java.io.File(((pathPrefix + java.lang.Integer.toString(counter)) + .png)): null

2018-12-13 10:49:44 - [TEST_STEP][PASSED] - Statement - counter = counter + 1: null

2018-12-13 10:49:44 - [TEST_STEP][PASSED] - Statement - PreSaveFile = new java.io.File(((pathPrefix + java.lang.Integer.toString(counter)) + .png)): null

2018-12-13 10:49:44 - [TEST_STEP][PASSED] - Statement - counter = counter + 1: null

2018-12-13 10:49:44 - [TEST_STEP][PASSED] - Statement - PreSaveFile = new java.io.File(((pathPrefix + java.lang.Integer.toString(counter)) + .png)): null

2018-12-13 10:49:44 - [TEST_STEP][PASSED] - Statement - counter = counter + 1: null

2018-12-13 10:49:44 - [TEST_STEP][PASSED] - Statement - PreSaveFile = new java.io.File(((pathPrefix + java.lang.Integer.toString(counter)) + .png)): null

2018-12-13 10:49:44 - [TEST_STEP][PASSED] - Statement - counter = counter + 1: null

2018-12-13 10:49:44 - [TEST_STEP][PASSED] - Statement - PreSaveFile = new java.io.File(((pathPrefix + java.lang.Integer.toString(counter)) + .png)): null

2018-12-13 10:49:44 - [TEST_STEP][PASSED] - Statement - counter = counter + 1: null

2018-12-13 10:49:44 - [TEST_STEP][PASSED] - Statement - PreSaveFile = new java.io.File(((pathPrefix + java.lang.Integer.toString(counter)) + .png)): null

2018-12-13 10:49:44 - [TEST_STEP][PASSED] - Statement - counter = counter + 1: null

2018-12-13 10:49:44 - [TEST_STEP][PASSED] - Statement - PreSaveFile = new java.io.File(((pathPrefix + java.lang.Integer.toString(counter)) + .png)): null

2018-12-13 10:49:44 - [TEST_STEP][PASSED] - Statement - counter = counter + 1: null

2018-12-13 10:49:44 - [TEST_STEP][PASSED] - Statement - PreSaveFile = new java.io.File(((pathPrefix + java.lang.Integer.toString(counter)) + .png)): null

2018-12-13 10:49:44 - [TEST_STEP][PASSED] - Statement - counter = counter + 1: null

2018-12-13 10:49:44 - [TEST_STEP][PASSED] - Statement - PreSaveFile = new java.io.File(((pathPrefix + java.lang.Integer.toString(counter)) + .png)): null

2018-12-13 10:49:44 - [TEST_STEP][PASSED] - Statement - counter = counter + 1: null

2018-12-13 10:49:44 - [TEST_STEP][PASSED] - Statement - PreSaveFile = new java.io.File(((pathPrefix + java.lang.Integer.toString(counter)) + .png)): null

2018-12-13 10:49:44 - [TEST_STEP][PASSED] - Statement - counter = counter + 1: null

2018-12-13 10:49:44 - [TEST_STEP][PASSED] - Statement - PreSaveFile = new java.io.File(((pathPrefix + java.lang.Integer.toString(counter)) + .png)): null

2018-12-13 10:49:44 - [TEST_STEP][PASSED] - Statement - counter = counter + 1: null

2018-12-13 10:49:44 - [TEST_STEP][PASSED] - Statement - PreSaveFile = new java.io.File(((pathPrefix + java.lang.Integer.toString(counter)) + .png)): null

2018-12-13 10:49:44 - [TEST_STEP][PASSED] - Statement - counter = counter + 1: null

2018-12-13 10:49:44 - [TEST_STEP][PASSED] - Statement - PreSaveFile = new java.io.File(((pathPrefix + java.lang.Integer.toString(counter)) + .png)): null

2018-12-13 10:49:44 - [TEST_STEP][PASSED] - Statement - counter = counter + 1: null

2018-12-13 10:49:44 - [TEST_STEP][PASSED] - Statement - PreSaveFile = new java.io.File(((pathPrefix + java.lang.Integer.toString(counter)) + .png)): null

2018-12-13 10:49:44 - [TEST_STEP][PASSED] - Statement - counter = counter + 1: null

2018-12-13 10:49:44 - [TEST_STEP][PASSED] - Statement - PreSaveFile = new java.io.File(((pathPrefix + java.lang.Integer.toString(counter)) + .png)): null

2018-12-13 10:49:44 - [TEST_STEP][PASSED] - Statement - counter = counter + 1: null

2018-12-13 10:49:44 - [TEST_STEP][PASSED] - Statement - PreSaveFile = new java.io.File(((pathPrefix + java.lang.Integer.toString(counter)) + .png)): null

2018-12-13 10:49:44 - [TEST_STEP][PASSED] - Statement - counter = counter + 1: null

2018-12-13 10:49:44 - [TEST_STEP][PASSED] - Statement - PreSaveFile = new java.io.File(((pathPrefix + java.lang.Integer.toString(counter)) + .png)): null

2018-12-13 10:49:44 - [TEST_STEP][PASSED] - Statement - counter = counter + 1: null

2018-12-13 10:49:44 - [TEST_STEP][PASSED] - Statement - PreSaveFile = new java.io.File(((pathPrefix + java.lang.Integer.toString(counter)) + .png)): null

2018-12-13 10:49:44 - [TEST_STEP][PASSED] - Statement - counter = counter + 1: null

2018-12-13 10:49:44 - [TEST_STEP][PASSED] - Statement - PreSaveFile = new java.io.File(((pathPrefix + java.lang.Integer.toString(counter)) + .png)): null

2018-12-13 10:49:44 - [TEST_STEP][PASSED] - Statement - counter = counter + 1: null

2018-12-13 10:49:44 - [TEST_STEP][PASSED] - Statement - PreSaveFile = new java.io.File(((pathPrefix + java.lang.Integer.toString(counter)) + .png)): null

2018-12-13 10:49:44 - [TEST_STEP][PASSED] - Statement - counter = counter + 1: null

2018-12-13 10:49:44 - [TEST_STEP][PASSED] - Statement - PreSaveFile = new java.io.File(((pathPrefix + java.lang.Integer.toString(counter)) + .png)): null

2018-12-13 10:49:44 - [TEST_STEP][PASSED] - Statement - counter = counter + 1: null

2018-12-13 10:49:44 - [TEST_STEP][PASSED] - Statement - PreSaveFile = new java.io.File(((pathPrefix + java.lang.Integer.toString(counter)) + .png)): null

2018-12-13 10:49:44 - [TEST_STEP][PASSED] - Statement - counter = counter + 1: null

2018-12-13 10:49:44 - [TEST_STEP][PASSED] - Statement - PreSaveFile = new java.io.File(((pathPrefix + java.lang.Integer.toString(counter)) + .png)): null

2018-12-13 10:49:44 - [TEST_STEP][PASSED] - Statement - counter = counter + 1: null

2018-12-13 10:49:44 - [TEST_STEP][PASSED] - Statement - PreSaveFile = new java.io.File(((pathPrefix + java.lang.Integer.toString(counter)) + .png)): null

2018-12-13 10:49:44 - [TEST_STEP][PASSED] - Statement - counter = counter + 1: null

2018-12-13 10:49:44 - [TEST_STEP][PASSED] - Statement - PreSaveFile = new java.io.File(((pathPrefix + java.lang.Integer.toString(counter)) + .png)): null

2018-12-13 10:49:44 - [TEST_STEP][PASSED] - Statement - counter = counter + 1: null

2018-12-13 10:49:44 - [TEST_STEP][PASSED] - Statement - PreSaveFile = new java.io.File(((pathPrefix + java.lang.Integer.toString(counter)) + .png)): null

2018-12-13 10:49:44 - [TEST_STEP][PASSED] - Statement - counter = counter + 1: null

2018-12-13 10:49:44 - [TEST_STEP][PASSED] - Statement - PreSaveFile = new java.io.File(((pathPrefix + java.lang.Integer.toString(counter)) + .png)): null

2018-12-13 10:49:44 - [TEST_STEP][PASSED] - Statement - counter = counter + 1: null

2018-12-13 10:49:44 - [TEST_STEP][PASSED] - Statement - PreSaveFile = new java.io.File(((pathPrefix + java.lang.Integer.toString(counter)) + .png)): null

2018-12-13 10:49:44 - [TEST_STEP][PASSED] - Statement - counter = counter + 1: null

2018-12-13 10:49:44 - [TEST_STEP][PASSED] - Statement - PreSaveFile = new java.io.File(((pathPrefix + java.lang.Integer.toString(counter)) + .png)): null

2018-12-13 10:49:44 - [TEST_STEP][PASSED] - Statement - counter = counter + 1: null

2018-12-13 10:49:44 - [TEST_STEP][PASSED] - Statement - PreSaveFile = new java.io.File(((pathPrefix + java.lang.Integer.toString(counter)) + .png)): null

2018-12-13 10:49:44 - [TEST_STEP][PASSED] - Statement - counter = counter + 1: null

2018-12-13 10:49:44 - [TEST_STEP][PASSED] - Statement - PreSaveFile = new java.io.File(((pathPrefix + java.lang.Integer.toString(counter)) + .png)): null

2018-12-13 10:49:44 - [TEST_STEP][PASSED] - Statement - counter = counter + 1: null

2018-12-13 10:49:44 - [TEST_STEP][PASSED] - Statement - PreSaveFile = new java.io.File(((pathPrefix + java.lang.Integer.toString(counter)) + .png)): null

2018-12-13 10:49:44 - [TEST_STEP][PASSED] - Statement - counter = counter + 1: null

2018-12-13 10:49:44 - [TEST_STEP][PASSED] - Statement - PreSaveFile = new java.io.File(((pathPrefix + java.lang.Integer.toString(counter)) + .png)): null

2018-12-13 10:49:44 - [TEST_STEP][PASSED] - Statement - counter = counter + 1: null

2018-12-13 10:49:44 - [TEST_STEP][PASSED] - Statement - PreSaveFile = new java.io.File(((pathPrefix + java.lang.Integer.toString(counter)) + .png)): null

2018-12-13 10:49:44 - [TEST_STEP][PASSED] - Statement - counter = counter + 1: null

2018-12-13 10:49:44 - [TEST_STEP][PASSED] - Statement - PreSaveFile = new java.io.File(((pathPrefix + java.lang.Integer.toString(counter)) + .png)): null

2018-12-13 10:49:44 - [TEST_STEP][PASSED] - Statement - counter = counter + 1: null

2018-12-13 10:49:44 - [TEST_STEP][PASSED] - Statement - PreSaveFile = new java.io.File(((pathPrefix + java.lang.Integer.toString(counter)) + .png)): null

2018-12-13 10:49:44 - [TEST_STEP][PASSED] - Statement - counter = counter + 1: null

2018-12-13 10:49:44 - [TEST_STEP][PASSED] - Statement - PreSaveFile = new java.io.File(((pathPrefix + java.lang.Integer.toString(counter)) + .png)): null

2018-12-13 10:49:44 - [TEST_STEP][PASSED] - Statement - counter = counter + 1: null

2018-12-13 10:49:44 - [TEST_STEP][PASSED] - Statement - PreSaveFile = new java.io.File(((pathPrefix + java.lang.Integer.toString(counter)) + .png)): null

2018-12-13 10:49:44 - [TEST_STEP][PASSED] - Statement - counter = counter + 1: null

2018-12-13 10:49:44 - [TEST_STEP][PASSED] - Statement - PreSaveFile = new java.io.File(((pathPrefix + java.lang.Integer.toString(counter)) + .png)): null

2018-12-13 10:49:44 - [TEST_STEP][PASSED] - Statement - counter = counter + 1: null

2018-12-13 10:49:44 - [TEST_STEP][PASSED] - Statement - PreSaveFile = new java.io.File(((pathPrefix + java.lang.Integer.toString(counter)) + .png)): null

2018-12-13 10:49:44 - [TEST_STEP][PASSED] - Statement - counter = counter + 1: null

2018-12-13 10:49:44 - [TEST_STEP][PASSED] - Statement - PreSaveFile = new java.io.File(((pathPrefix + java.lang.Integer.toString(counter)) + .png)): null

2018-12-13 10:49:44 - [TEST_STEP][PASSED] - Statement - counter = counter + 1: null

2018-12-13 10:49:44 - [TEST_STEP][PASSED] - Statement - PreSaveFile = new java.io.File(((pathPrefix + java.lang.Integer.toString(counter)) + .png)): null

2018-12-13 10:49:44 - [TEST_STEP][PASSED] - Statement - counter = counter + 1: null

2018-12-13 10:49:44 - [TEST_STEP][PASSED] - Statement - PreSaveFile = new java.io.File(((pathPrefix + java.lang.Integer.toString(counter)) + .png)): null

2018-12-13 10:49:44 - [TEST_STEP][PASSED] - Statement - counter = counter + 1: null

2018-12-13 10:49:44 - [TEST_STEP][PASSED] - Statement - PreSaveFile = new java.io.File(((pathPrefix + java.lang.Integer.toString(counter)) + .png)): null

2018-12-13 10:49:44 - [TEST_STEP][PASSED] - Statement - counter = counter + 1: null

2018-12-13 10:49:44 - [TEST_STEP][PASSED] - Statement - PreSaveFile = new java.io.File(((pathPrefix + java.lang.Integer.toString(counter)) + .png)): null

2018-12-13 10:49:44 - [TEST_STEP][PASSED] - Statement - counter = counter + 1: null

2018-12-13 10:49:44 - [TEST_STEP][PASSED] - Statement - PreSaveFile = new java.io.File(((pathPrefix + java.lang.Integer.toString(counter)) + .png)): null

2018-12-13 10:49:44 - [TEST_STEP][PASSED] - Statement - counter = counter + 1: null

2018-12-13 10:49:44 - [TEST_STEP][PASSED] - Statement - PreSaveFile = new java.io.File(((pathPrefix + java.lang.Integer.toString(counter)) + .png)): null

2018-12-13 10:49:44 - [TEST_STEP][PASSED] - Statement - counter = counter + 1: null

2018-12-13 10:49:44 - [TEST_STEP][PASSED] - Statement - PreSaveFile = new java.io.File(((pathPrefix + java.lang.Integer.toString(counter)) + .png)): null

2018-12-13 10:49:44 - [TEST_STEP][PASSED] - Statement - counter = counter + 1: null

2018-12-13 10:49:44 - [TEST_STEP][PASSED] - Statement - PreSaveFile = new java.io.File(((pathPrefix + java.lang.Integer.toString(counter)) + .png)): null

2018-12-13 10:49:44 - [TEST_STEP][PASSED] - Statement - counter = counter + 1: null

2018-12-13 10:49:44 - [TEST_STEP][PASSED] - Statement - PreSaveFile = new java.io.File(((pathPrefix + java.lang.Integer.toString(counter)) + .png)): null

2018-12-13 10:49:44 - [TEST_STEP][PASSED] - Statement - counter = counter + 1: null

2018-12-13 10:49:44 - [TEST_STEP][PASSED] - Statement - PreSaveFile = new java.io.File(((pathPrefix + java.lang.Integer.toString(counter)) + .png)): null

2018-12-13 10:49:44 - [TEST_STEP][PASSED] - Statement - counter = counter + 1: null

2018-12-13 10:49:44 - [TEST_STEP][PASSED] - Statement - PreSaveFile = new java.io.File(((pathPrefix + java.lang.Integer.toString(counter)) + .png)): null

2018-12-13 10:49:44 - [TEST_STEP][PASSED] - Statement - counter = counter + 1: null

2018-12-13 10:49:44 - [TEST_STEP][PASSED] - Statement - PreSaveFile = new java.io.File(((pathPrefix + java.lang.Integer.toString(counter)) + .png)): null

2018-12-13 10:49:44 - [TEST_STEP][PASSED] - Statement - counter = counter + 1: null

2018-12-13 10:49:44 - [TEST_STEP][PASSED] - Statement - PreSaveFile = new java.io.File(((pathPrefix + java.lang.Integer.toString(counter)) + .png)): null

2018-12-13 10:49:44 - [TEST_STEP][PASSED] - Statement - counter = counter + 1: null

2018-12-13 10:49:44 - [TEST_STEP][PASSED] - Statement - PreSaveFile = new java.io.File(((pathPrefix + java.lang.Integer.toString(counter)) + .png)): null

2018-12-13 10:49:44 - [TEST_STEP][PASSED] - Statement - counter = counter + 1: null

2018-12-13 10:49:44 - [TEST_STEP][PASSED] - Statement - PreSaveFile = new java.io.File(((pathPrefix + java.lang.Integer.toString(counter)) + .png)): null

2018-12-13 10:49:44 - [TEST_STEP][PASSED] - Statement - counter = counter + 1: null

2018-12-13 10:49:44 - [TEST_STEP][PASSED] - Statement - PreSaveFile = new java.io.File(((pathPrefix + java.lang.Integer.toString(counter)) + .png)): null

2018-12-13 10:49:44 - [TEST_STEP][PASSED] - Statement - counter = counter + 1: null

2018-12-13 10:49:44 - [TEST_STEP][PASSED] - Statement - PreSaveFile = new java.io.File(((pathPrefix + java.lang.Integer.toString(counter)) + .png)): null

2018-12-13 10:49:44 - [TEST_STEP][PASSED] - Statement - counter = counter + 1: null

2018-12-13 10:49:44 - [TEST_STEP][PASSED] - Statement - PreSaveFile = new java.io.File(((pathPrefix + java.lang.Integer.toString(counter)) + .png)): null

2018-12-13 10:49:44 - [TEST_STEP][PASSED] - Statement - counter = counter + 1: null

2018-12-13 10:49:44 - [TEST_STEP][PASSED] - Statement - PreSaveFile = new java.io.File(((pathPrefix + java.lang.Integer.toString(counter)) + .png)): null

2018-12-13 10:49:44 - [TEST_STEP][PASSED] - Statement - counter = counter + 1: null

2018-12-13 10:49:44 - [TEST_STEP][PASSED] - Statement - PreSaveFile = new java.io.File(((pathPrefix + java.lang.Integer.toString(counter)) + .png)): null

2018-12-13 10:49:44 - [TEST_STEP][PASSED] - Statement - counter = counter + 1: null

2018-12-13 10:49:44 - [TEST_STEP][PASSED] - Statement - PreSaveFile = new java.io.File(((pathPrefix + java.lang.Integer.toString(counter)) + .png)): null

2018-12-13 10:49:44 - [TEST_STEP][PASSED] - Statement - counter = counter + 1: null

2018-12-13 10:49:44 - [TEST_STEP][PASSED] - Statement - PreSaveFile = new java.io.File(((pathPrefix + java.lang.Integer.toString(counter)) + .png)): null

2018-12-13 10:49:44 - [TEST_STEP][PASSED] - Statement - counter = counter + 1: null

2018-12-13 10:49:44 - [TEST_STEP][PASSED] - Statement - PreSaveFile = new java.io.File(((pathPrefix + java.lang.Integer.toString(counter)) + .png)): null

2018-12-13 10:49:44 - [TEST_STEP][PASSED] - Statement - counter = counter + 1: null

2018-12-13 10:49:44 - [TEST_STEP][PASSED] - Statement - PreSaveFile = new java.io.File(((pathPrefix + java.lang.Integer.toString(counter)) + .png)): null

2018-12-13 10:49:44 - [TEST_STEP][PASSED] - Statement - counter = counter + 1: null

2018-12-13 10:49:44 - [TEST_STEP][PASSED] - Statement - PreSaveFile = new java.io.File(((pathPrefix + java.lang.Integer.toString(counter)) + .png)): null

2018-12-13 10:49:44 - [TEST_STEP][PASSED] - Statement - counter = counter + 1: null

2018-12-13 10:49:44 - [TEST_STEP][PASSED] - Statement - PreSaveFile = new java.io.File(((pathPrefix + java.lang.Integer.toString(counter)) + .png)): null

2018-12-13 10:49:44 - [TEST_STEP][PASSED] - Statement - counter = counter + 1: null

2018-12-13 10:49:44 - [TEST_STEP][PASSED] - Statement - PreSaveFile = new java.io.File(((pathPrefix + java.lang.Integer.toString(counter)) + .png)): null

2018-12-13 10:49:44 - [TEST_STEP][PASSED] - Statement - counter = counter + 1: null

2018-12-13 10:49:44 - [TEST_STEP][PASSED] - Statement - PreSaveFile = new java.io.File(((pathPrefix + java.lang.Integer.toString(counter)) + .png)): null

2018-12-13 10:49:44 - [TEST_STEP][PASSED] - Statement - counter = counter + 1: null

2018-12-13 10:49:44 - [TEST_STEP][PASSED] - Statement - PreSaveFile = new java.io.File(((pathPrefix + java.lang.Integer.toString(counter)) + .png)): null

2018-12-13 10:49:44 - [TEST_STEP][PASSED] - Statement - counter = counter + 1: null

2018-12-13 10:49:44 - [TEST_STEP][PASSED] - Statement - PreSaveFile = new java.io.File(((pathPrefix + java.lang.Integer.toString(counter)) + .png)): null

2018-12-13 10:49:44 - [TEST_STEP][PASSED] - Statement - counter = counter + 1: null

2018-12-13 10:49:44 - [TEST_STEP][PASSED] - Statement - PreSaveFile = new java.io.File(((pathPrefix + java.lang.Integer.toString(counter)) + .png)): null

2018-12-13 10:49:44 - [TEST_STEP][PASSED] - Statement - counter = counter + 1: null

2018-12-13 10:49:44 - [TEST_STEP][PASSED] - Statement - PreSaveFile = new java.io.File(((pathPrefix + java.lang.Integer.toString(counter)) + .png)): null

2018-12-13 10:49:44 - [TEST_STEP][PASSED] - Statement - counter = counter + 1: null

2018-12-13 10:49:44 - [TEST_STEP][PASSED] - Statement - PreSaveFile = new java.io.File(((pathPrefix + java.lang.Integer.toString(counter)) + .png)): null

2018-12-13 10:49:44 - [TEST_STEP][PASSED] - Statement - counter = counter + 1: null

2018-12-13 10:49:44 - [TEST_STEP][PASSED] - Statement - PreSaveFile = new java.io.File(((pathPrefix + java.lang.Integer.toString(counter)) + .png)): null

2018-12-13 10:49:44 - [TEST_STEP][PASSED] - Statement - counter = counter + 1: null

2018-12-13 10:49:44 - [TEST_STEP][PASSED] - Statement - PreSaveFile = new java.io.File(((pathPrefix + java.lang.Integer.toString(counter)) + .png)): null

2018-12-13 10:49:44 - [TEST_STEP][PASSED] - Statement - counter = counter + 1: null

2018-12-13 10:49:44 - [TEST_STEP][PASSED] - Statement - PreSaveFile = new java.io.File(((pathPrefix + java.lang.Integer.toString(counter)) + .png)): null

2018-12-13 10:49:44 - [TEST_STEP][PASSED] - Statement - counter = counter + 1: null

2018-12-13 10:49:44 - [TEST_STEP][PASSED] - Statement - PreSaveFile = new java.io.File(((pathPrefix + java.lang.Integer.toString(counter)) + .png)): null

2018-12-13 10:49:44 - [TEST_STEP][PASSED] - Statement - counter = counter + 1: null

2018-12-13 10:49:44 - [TEST_STEP][PASSED] - Statement - PreSaveFile = new java.io.File(((pathPrefix + java.lang.Integer.toString(counter)) + .png)): null

2018-12-13 10:49:44 - [TEST_STEP][PASSED] - Statement - counter = counter + 1: null

2018-12-13 10:49:44 - [TEST_STEP][PASSED] - Statement - PreSaveFile = new java.io.File(((pathPrefix + java.lang.Integer.toString(counter)) + .png)): null

2018-12-13 10:49:44 - [TEST_STEP][PASSED] - Statement - counter = counter + 1: null

2018-12-13 10:49:44 - [TEST_STEP][PASSED] - Statement - PreSaveFile = new java.io.File(((pathPrefix + java.lang.Integer.toString(counter)) + .png)): null

2018-12-13 10:49:44 - [TEST_STEP][PASSED] - Statement - counter = counter + 1: null

2018-12-13 10:49:44 - [TEST_STEP][PASSED] - Statement - PreSaveFile = new java.io.File(((pathPrefix + java.lang.Integer.toString(counter)) + .png)): null

2018-12-13 10:49:44 - [TEST_STEP][PASSED] - Statement - counter = counter + 1: null

2018-12-13 10:49:44 - [TEST_STEP][PASSED] - Statement - PreSaveFile = new java.io.File(((pathPrefix + java.lang.Integer.toString(counter)) + .png)): null

2018-12-13 10:49:44 - [TEST_STEP][PASSED] - Statement - counter = counter + 1: null

2018-12-13 10:49:44 - [TEST_STEP][PASSED] - Statement - PreSaveFile = new java.io.File(((pathPrefix + java.lang.Integer.toString(counter)) + .png)): null

2018-12-13 10:49:44 - [TEST_STEP][PASSED] - Statement - counter = counter + 1: null

2018-12-13 10:49:44 - [TEST_STEP][PASSED] - Statement - PreSaveFile = new java.io.File(((pathPrefix + java.lang.Integer.toString(counter)) + .png)): null

2018-12-13 10:49:44 - [TEST_STEP][PASSED] - Statement - counter = counter + 1: null

2018-12-13 10:49:44 - [TEST_STEP][PASSED] - Statement - PreSaveFile = new java.io.File(((pathPrefix + java.lang.Integer.toString(counter)) + .png)): null

2018-12-13 10:49:44 - [TEST_STEP][PASSED] - Statement - counter = counter + 1: null

2018-12-13 10:49:44 - [TEST_STEP][PASSED] - Statement - PreSaveFile = new java.io.File(((pathPrefix + java.lang.Integer.toString(counter)) + .png)): null

2018-12-13 10:49:44 - [TEST_STEP][PASSED] - Statement - counter = counter + 1: null

2018-12-13 10:49:44 - [TEST_STEP][PASSED] - Statement - PreSaveFile = new java.io.File(((pathPrefix + java.lang.Integer.toString(counter)) + .png)): null

2018-12-13 10:49:44 - [TEST_STEP][PASSED] - Statement - counter = counter + 1: null

2018-12-13 10:49:44 - [TEST_STEP][PASSED] - Statement - PreSaveFile = new java.io.File(((pathPrefix + java.lang.Integer.toString(counter)) + .png)): null

2018-12-13 10:49:44 - [TEST_STEP][PASSED] - Statement - counter = counter + 1: null

2018-12-13 10:49:44 - [TEST_STEP][PASSED] - Statement - PreSaveFile = new java.io.File(((pathPrefix + java.lang.Integer.toString(counter)) + .png)): null

2018-12-13 10:49:44 - [TEST_STEP][PASSED] - Statement - counter = counter + 1: null

2018-12-13 10:49:44 - [TEST_STEP][PASSED] - Statement - PreSaveFile = new java.io.File(((pathPrefix + java.lang.Integer.toString(counter)) + .png)): null

2018-12-13 10:49:44 - [TEST_STEP][PASSED] - Statement - counter = counter + 1: null

2018-12-13 10:49:44 - [TEST_STEP][PASSED] - Statement - PreSaveFile = new java.io.File(((pathPrefix + java.lang.Integer.toString(counter)) + .png)): null

2018-12-13 10:49:44 - [TEST_STEP][PASSED] - Statement - finalPath = pathPrefix + java.lang.Integer.toString(counter) + ".png": null

2018-12-13 10:49:44 - [TEST_STEP][PASSED] - Statement - SaveFile = new java.io.File(finalPath): null

2018-12-13 10:49:44 - [TEST_STEP][PASSED] - Statement - Try: null

2018-12-13 10:49:44 - [TEST_STEP][PASSED] - Statement - org.apache.commons.io.FileUtils.copyFile(scrFile, SaveFile): null

2018-12-13 10:49:44 - [TEST_STEP][PASSED] - Statement - out.println("file kept"): null

2018-12-13 10:49:44 - [TEST_STEP][PASSED] - delay: Delayed 10 second(s)

2018-12-13 10:49:54 - [MESSAGE][PASSED] - Delayed 10 second(s)

2018-12-13 10:49:54 - [MESSAGE][PASSED] - Call Test Case 'Test Cases/Final Aug 2018 - PKS Automation/Registration Module/New Registration/Submit and Screenshot/Submit Registration and Screenshot - Copy' successfully

2018-12-13 10:49:54 - [TEST_STEP][PASSED] - Statement - UpdateAddNewECode = com.kms.katalon.core.webui.keyword.WebUiBuiltInKeywords.getText(com.kms.katalon.core.testobject.ObjectRepository.findTestObject(Object Repository/Final Object Repo/Page_Update Add New Employee - ASSIST/getEmpCode)): Text of object 'Object Repository/Final Object Repo/Page_Update Add New Employee - ASSIST/getEmpCode' is: 'E1102070833K'

2018-12-13 10:49:54 - [MESSAGE][PASSED] - Text of object 'Object Repository/Final Object Repo/Page_Update Add New Employee - ASSIST/getEmpCode' is: 'E1102070833K'

2018-12-13 10:49:54 - [TEST_STEP][PASSED] - callTestCase: Call Test Case 'Test Cases/Final Aug 2018 - PKS Automation/Common/Emp Code Setter' successfully

2018-12-13 10:49:55 - [TEST_CASE][PASSED] - Test Cases/Final Aug 2018 - PKS Automation/Common/Emp Code Setter: Test Cases/Final Aug 2018 - PKS Automation/Common/Emp Code Setter

2018-12-13 10:49:55 - [TEST_STEP][PASSED] - Statement - EmpCodeOld = new java.io.File(C://Users//Admin//Desktop//PKS//Automation Reference Point//EmpCode.txt): null

2018-12-13 10:49:55 - [TEST_STEP][PASSED] - Statement - EmpCodeOld.delete(): null

2018-12-13 10:49:55 - [TEST_STEP][PASSED] - Statement - EmpCode = new java.io.File(C://Users//Admin//Desktop//PKS//Automation Reference Point//EmpCode.txt): null

2018-12-13 10:49:55 - [TEST_STEP][PASSED] - Statement - f2 = new java.io.FileWriter(EmpCode, false): null

2018-12-13 10:49:55 - [TEST_STEP][PASSED] - Statement - f2.write(UpdateAddNewECode): null

2018-12-13 10:49:55 - [TEST_STEP][PASSED] - Statement - f2.close(): null

2018-12-13 10:49:55 - [TEST_STEP][PASSED] - Statement - out.println("


" + UpdateAddNewECode + "


"): null

2018-12-13 10:49:55 - [MESSAGE][PASSED] - Call Test Case 'Test Cases/Final Aug 2018 - PKS Automation/Common/Emp Code Setter' successfully

2018-12-13 10:49:55 - [MESSAGE][PASSED] - Call Test Case 'Test Cases/Final Aug 2018 - PKS Automation/Registration Module/Workflow/Update Add New Employee/Template/New Company for Update Add New - Employer' successfully

2018-12-13 10:49:55 - [TEST_STEP][PASSED] - callTestCase: Call Test Case 'Test Cases/Final Aug 2018 - PKS Automation/Create Employer Acc/Login to Employer Account (Second time)' successfully

2018-12-13 10:49:55 - [TEST_CASE][PASSED] - Test Cases/Final Aug 2018 - PKS Automation/Create Employer Acc/Login to Employer Account (Second time): Test Cases/Final Aug 2018 - PKS Automation/Create Employer Acc/Login to Employer Account (Second time)

2018-12-13 10:49:55 - [TEST_STEP][PASSED] - openBrowser: Browser is opened with url: ''

2018-12-13 10:49:55 - [MESSAGE][WARNING] - A browser is already opened. Closing browser and opening a new one

2018-12-13 10:49:57 - [MESSAGE][PASSED] - Browser is opened with url: ''

2018-12-13 10:49:57 - [TEST_STEP][PASSED] - navigateToUrl: Navigate to 'https://assist2-uat.perkeso.gov.my/employer/login' successfully

2018-12-13 10:49:58 - [MESSAGE][PASSED] - Navigate to 'https://assist2-uat.perkeso.gov.my/employer/login' successfully

2018-12-13 10:49:58 - [TEST_STEP][PASSED] - delay: Delayed 3 second(s)

2018-12-13 10:50:01 - [MESSAGE][PASSED] - Delayed 3 second(s)

2018-12-13 10:50:01 - [TEST_STEP][PASSED] - callTestCase: Call Test Case 'Test Cases/Final Aug 2018 - PKS Automation/Create Employer Acc/Template/Employer Email Getter' successfully

2018-12-13 10:50:02 - [TEST_CASE][PASSED] - Test Cases/Final Aug 2018 - PKS Automation/Create Employer Acc/Template/Employer Email Getter: Test Cases/Final Aug 2018 - PKS Automation/Create Employer Acc/Template/Employer Email Getter

2018-12-13 10:50:02 - [TEST_STEP][PASSED] - Statement - Try: null

2018-12-13 10:50:02 - [TEST_STEP][PASSED] - Statement - EmpEmail = new java.io.File(C://Users//Admin//Desktop//PKS//Automation Reference Point//EmpEmail.txt): null

2018-12-13 10:50:02 - [TEST_STEP][PASSED] - Statement - bufferread = new java.io.BufferedReader(new java.io.FileReader(EmpEmail)): null

2018-12-13 10:50:02 - [TEST_STEP][PASSED] - Statement - readedVal = bufferread.readLine(): null

2018-12-13 10:50:02 - [TEST_STEP][PASSED] - Statement - out.println(readedVal): null

2018-12-13 10:50:02 - [TEST_STEP][PASSED] - Statement - Email = readedVal: null

2018-12-13 10:50:02 - [MESSAGE][PASSED] - Call Test Case 'Test Cases/Final Aug 2018 - PKS Automation/Create Employer Acc/Template/Employer Email Getter' successfully

2018-12-13 10:50:02 - [TEST_STEP][PASSED] - setText: Text 'perkeso972148435522@gmail.com' is set on object 'Object Repository/Final Object Repo/Login Page/External Login Page/Email'

2018-12-13 10:50:02 - [MESSAGE][PASSED] - Text 'perkeso972148435522@gmail.com' is set on object 'Object Repository/Final Object Repo/Login Page/External Login Page/Email'

2018-12-13 10:50:02 - [TEST_STEP][PASSED] - click: Object: 'Object Repository/Final Object Repo/Login Page/External Login Page/Next' is clicked on

2018-12-13 10:50:02 - [MESSAGE][PASSED] - Object: 'Object Repository/Final Object Repo/Login Page/External Login Page/Next' is clicked on

2018-12-13 10:50:02 - [TEST_STEP][PASSED] - delay: Delayed 3 second(s)

2018-12-13 10:50:05 - [MESSAGE][PASSED] - Delayed 3 second(s)

2018-12-13 10:50:05 - [TEST_STEP][PASSED] - setEncryptedText: Text ****** has been set on object 'Object Repository/Final Object Repo/Login Page/External Login Page/Password'

2018-12-13 10:50:05 - [MESSAGE][PASSED] - Text ****** has been set on object 'Object Repository/Final Object Repo/Login Page/External Login Page/Password'

2018-12-13 10:50:05 - [TEST_STEP][PASSED] - click: Object: 'Object Repository/Final Object Repo/Login Page/External Login Page/Login' is clicked on

2018-12-13 10:50:06 - [MESSAGE][PASSED] - Object: 'Object Repository/Final Object Repo/Login Page/External Login Page/Login' is clicked on

2018-12-13 10:50:06 - [TEST_STEP][PASSED] - delay: Delayed 5 second(s)

2018-12-13 10:50:11 - [MESSAGE][PASSED] - Delayed 5 second(s)

2018-12-13 10:50:11 - [MESSAGE][PASSED] - Call Test Case 'Test Cases/Final Aug 2018 - PKS Automation/Create Employer Acc/Login to Employer Account (Second time)' successfully

2018-12-13 10:50:11 - [TEST_STEP][PASSED] - navigateToUrl: Navigate to 'https://assist2-uat.perkeso.gov.my/web/registration/update/form-1a-cessation-as-employer-discontinue-business-' successfully

2018-12-13 10:50:11 - [MESSAGE][PASSED] - Navigate to 'https://assist2-uat.perkeso.gov.my/web/registration/update/form-1a-cessation-as-employer-discontinue-business-' successfully

2018-12-13 10:50:11 - [TEST_STEP][PASSED] - callTestCase: Call Test Case 'Test Cases/Final Aug 2018 - PKS Automation/Common/Emp Code Getter' successfully

2018-12-13 10:50:11 - [TEST_CASE][PASSED] - Test Cases/Final Aug 2018 - PKS Automation/Common/Emp Code Getter: Test Cases/Final Aug 2018 - PKS Automation/Common/Emp Code Getter

2018-12-13 10:50:11 - [TEST_STEP][PASSED] - Statement - Try: null

2018-12-13 10:50:11 - [TEST_STEP][PASSED] - Statement - EmpCode = new java.io.File(C://Users//Admin//Desktop//PKS//Automation Reference Point//EmpCode.txt): null

2018-12-13 10:50:11 - [TEST_STEP][PASSED] - Statement - bufferread = new java.io.BufferedReader(new java.io.FileReader(EmpCode)): null

2018-12-13 10:50:11 - [TEST_STEP][PASSED] - Statement - readedVal = bufferread.readLine(): null

2018-12-13 10:50:11 - [TEST_STEP][PASSED] - Statement - out.println(readedVal): null

2018-12-13 10:50:11 - [TEST_STEP][PASSED] - Statement - UpdateAddNewECode = readedVal: null

2018-12-13 10:50:11 - [MESSAGE][PASSED] - Call Test Case 'Test Cases/Final Aug 2018 - PKS Automation/Common/Emp Code Getter' successfully

2018-12-13 10:50:11 - [TEST_STEP][PASSED] - setText: Text 'E1102070833K' is set on object 'Object Repository/Final Object Repo/Page_Update Employer Information/Employer Code'

2018-12-13 10:50:12 - [MESSAGE][PASSED] - Text 'E1102070833K' is set on object 'Object Repository/Final Object Repo/Page_Update Employer Information/Employer Code'

2018-12-13 10:50:12 - [TEST_STEP][PASSED] - click: Object: 'Object Repository/Final Object Repo/Page_Update Employer Information/Search Button' is clicked on

2018-12-13 10:50:12 - [MESSAGE][PASSED] - Object: 'Object Repository/Final Object Repo/Page_Update Employer Information/Search Button' is clicked on

2018-12-13 10:50:12 - [TEST_STEP][PASSED] - delay: Delayed 2 second(s)

2018-12-13 10:50:14 - [MESSAGE][PASSED] - Delayed 2 second(s)

2018-12-13 10:50:14 - [TEST_STEP][PASSED] - click: Object: 'Object Repository/Final Object Repo/Page_Update Employer Information/Edit Button' is clicked on

2018-12-13 10:50:15 - [MESSAGE][PASSED] - Object: 'Object Repository/Final Object Repo/Page_Update Employer Information/Edit Button' is clicked on

2018-12-13 10:50:15 - [TEST_STEP][PASSED] - Statement - abc = com.kms.katalon.core.webui.keyword.WebUiBuiltInKeywords.getAttribute(com.kms.katalon.core.testobject.ObjectRepository.findTestObject(Final Object Repo/Page_Form 1A - Cessation As Employer/Employer Status), "value"): Attribute 'value' of object 'Object Repository/Final Object Repo/Page_Form 1A - Cessation As Employer/Employer Status' is: 'Active'

2018-12-13 10:50:15 - [MESSAGE][PASSED] - Attribute 'value' of object 'Object Repository/Final Object Repo/Page_Form 1A - Cessation As Employer/Employer Status' is: 'Active'

2018-12-13 10:50:15 - [TEST_STEP][PASSED] - Statement - out.println(abc): null

2018-12-13 10:50:15 - [TEST_STEP][PASSED] - Statement - If (abc == "Active"): Object: 'Object Repository/Final Object Repo/Page_Form 1A - Cessation As Employer/Change Employer Status to - Dormant' is clicked on

2018-12-13 10:50:15 - [TEST_STEP][PASSED] - click: Object: 'Object Repository/Final Object Repo/Page_Form 1A - Cessation As Employer/Change Employer Status to' is clicked on

2018-12-13 10:50:15 - [MESSAGE][PASSED] - Object: 'Object Repository/Final Object Repo/Page_Form 1A - Cessation As Employer/Change Employer Status to' is clicked on

2018-12-13 10:50:15 - [TEST_STEP][PASSED] - click: Object: 'Object Repository/Final Object Repo/Page_Form 1A - Cessation As Employer/Change Employer Status to - Dormant' is clicked on

2018-12-13 10:50:15 - [MESSAGE][PASSED] - Object: 'Object Repository/Final Object Repo/Page_Form 1A - Cessation As Employer/Change Employer Status to - Dormant' is clicked on

2018-12-13 10:50:15 - [TEST_STEP][PASSED] - click: Object: 'Object Repository/Final Object Repo/Page_Form 1A - Cessation As Employer/Calender' is clicked on

2018-12-13 10:50:16 - [MESSAGE][PASSED] - Object: 'Object Repository/Final Object Repo/Page_Form 1A - Cessation As Employer/Calender' is clicked on

2018-12-13 10:50:16 - [TEST_STEP][PASSED] - click: Object: 'Object Repository/Final Object Repo/Page_Form 1A - Cessation As Employer/Calender - Date' is clicked on

2018-12-13 10:50:16 - [MESSAGE][PASSED] - Object: 'Object Repository/Final Object Repo/Page_Form 1A - Cessation As Employer/Calender - Date' is clicked on

2018-12-13 10:50:16 - [TEST_STEP][PASSED] - delay: Delayed 2 second(s)

2018-12-13 10:50:18 - [MESSAGE][PASSED] - Delayed 2 second(s)

2018-12-13 10:50:18 - [TEST_STEP][PASSED] - click: Object: 'Object Repository/Final Object Repo/Page_Form 1A - Cessation As Employer/Save  Continue in Form 1A Page' is clicked on

2018-12-13 10:50:18 - [MESSAGE][PASSED] - Object: 'Object Repository/Final Object Repo/Page_Form 1A - Cessation As Employer/Save  Continue in Form 1A Page' is clicked on

2018-12-13 10:50:18 - [TEST_STEP][PASSED] - delay: Delayed 2 second(s)

2018-12-13 10:50:20 - [MESSAGE][PASSED] - Delayed 2 second(s)

2018-12-13 10:50:20 - [TEST_STEP][PASSED] - click: Object: 'Object Repository/Final Object Repo/Page_Form 1A - Cessation As Employer/Employment Resign Date' is clicked on

2018-12-13 10:50:20 - [MESSAGE][PASSED] - Object: 'Object Repository/Final Object Repo/Page_Form 1A - Cessation As Employer/Employment Resign Date' is clicked on

2018-12-13 10:50:20 - [TEST_STEP][PASSED] - delay: Delayed 1 second(s)

2018-12-13 10:50:21 - [MESSAGE][PASSED] - Delayed 1 second(s)

2018-12-13 10:50:21 - [TEST_STEP][PASSED] - Statement - CaseReferenceNo = com.kms.katalon.core.webui.keyword.WebUiBuiltInKeywords.getText(com.kms.katalon.core.testobject.ObjectRepository.findTestObject(Final Object Repo/Page_Update Employer Information/Reference Number in Update Employee Information Page)): Text of object 'Object Repository/Final Object Repo/Page_Update Employer Information/Reference Number in Update Employee Information Page' is: 'CUN122018C200001722'

2018-12-13 10:50:21 - [MESSAGE][PASSED] - Text of object 'Object Repository/Final Object Repo/Page_Update Employer Information/Reference Number in Update Employee Information Page' is: 'CUN122018C200001722'

2018-12-13 10:50:21 - [TEST_STEP][PASSED] - callTestCase: Call Test Case 'Test Cases/Final Aug 2018 - PKS Automation/Common/Reference Number Setter' successfully

2018-12-13 10:50:21 - [TEST_CASE][PASSED] - Test Cases/Final Aug 2018 - PKS Automation/Common/Reference Number Setter: Test Cases/Final Aug 2018 - PKS Automation/Common/Reference Number Setter

2018-12-13 10:50:21 - [TEST_STEP][PASSED] - Statement - RefNoOldFile = new java.io.File(C://Users//Admin//Desktop//PKS//Automation Reference Point//KatalonReference.txt): null

2018-12-13 10:50:21 - [TEST_STEP][PASSED] - Statement - RefNoOldFile.delete(): null

2018-12-13 10:50:21 - [TEST_STEP][PASSED] - delay: Delayed 5 second(s)

2018-12-13 10:50:26 - [MESSAGE][PASSED] - Delayed 5 second(s)

2018-12-13 10:50:26 - [TEST_STEP][PASSED] - Statement - RefNo = new java.io.File(C://Users//Admin//Desktop//PKS//Automation Reference Point//KatalonReference.txt): null

2018-12-13 10:50:26 - [TEST_STEP][PASSED] - Statement - f2 = new java.io.FileWriter(RefNo, false): null

2018-12-13 10:50:26 - [TEST_STEP][PASSED] - Statement - f2.write(CaseReferenceNo): null

2018-12-13 10:50:26 - [TEST_STEP][PASSED] - Statement - f2.close(): null

2018-12-13 10:50:26 - [TEST_STEP][PASSED] - Statement - out.println("


" + CaseReferenceNo + "


"): null

2018-12-13 10:50:26 - [MESSAGE][PASSED] - Call Test Case 'Test Cases/Final Aug 2018 - PKS Automation/Common/Reference Number Setter' successfully

2018-12-13 10:50:26 - [TEST_STEP][PASSED] - selectOptionByValue: All options with value '2030' are selected in object 'Object Repository/Final Object Repo/Page_Form 1A - Cessation As Employer/Employment Resign Date - Year' 

2018-12-13 10:50:26 - [MESSAGE][PASSED] - All options with value '2030' are selected in object 'Object Repository/Final Object Repo/Page_Form 1A - Cessation As Employer/Employment Resign Date - Year' 

2018-12-13 10:50:26 - [TEST_STEP][PASSED] - delay: Delayed 1 second(s)

2018-12-13 10:50:27 - [MESSAGE][PASSED] - Delayed 1 second(s)

2018-12-13 10:50:27 - [TEST_STEP][PASSED] - click: Object: 'Object Repository/Final Object Repo/Page_Form 1A - Cessation As Employer/Employment Resign Date - Year - Date' is clicked on

2018-12-13 10:50:28 - [MESSAGE][PASSED] - Object: 'Object Repository/Final Object Repo/Page_Form 1A - Cessation As Employer/Employment Resign Date - Year - Date' is clicked on

2018-12-13 10:50:28 - [TEST_STEP][PASSED] - delay: Delayed 2 second(s)

2018-12-13 10:50:30 - [MESSAGE][PASSED] - Delayed 2 second(s)

2018-12-13 10:50:30 - [TEST_STEP][PASSED] - click: Object: 'Object Repository/Final Object Repo/Page_Form 1A - Cessation As Employer/Save  Continue in Update Add Employee Resigned Date Page' is clicked on

2018-12-13 10:50:30 - [MESSAGE][PASSED] - Object: 'Object Repository/Final Object Repo/Page_Form 1A - Cessation As Employer/Save  Continue in Update Add Employee Resigned Date Page' is clicked on

2018-12-13 10:50:30 - [TEST_STEP][PASSED] - delay: Delayed 2 second(s)

2018-12-13 10:50:32 - [MESSAGE][PASSED] - Delayed 2 second(s)

2018-12-13 10:50:32 - [TEST_STEP][PASSED] - click: Object: 'Object Repository/Final Object Repo/Page_Form 1A - Cessation As Employer/Set Latest - Yes' is clicked on

2018-12-13 10:50:32 - [MESSAGE][PASSED] - Object: 'Object Repository/Final Object Repo/Page_Form 1A - Cessation As Employer/Set Latest - Yes' is clicked on

2018-12-13 10:50:32 - [TEST_STEP][PASSED] - delay: Delayed 2 second(s)

2018-12-13 10:50:34 - [MESSAGE][PASSED] - Delayed 2 second(s)

2018-12-13 10:50:34 - [TEST_STEP][PASSED] - click: Object: 'Object Repository/Final Object Repo/Page_Form 1A - Cessation As Employer/Add Document' is clicked on

2018-12-13 10:50:35 - [MESSAGE][PASSED] - Object: 'Object Repository/Final Object Repo/Page_Form 1A - Cessation As Employer/Add Document' is clicked on

2018-12-13 10:50:35 - [TEST_STEP][PASSED] - delay: Delayed 3 second(s)

2018-12-13 10:50:38 - [MESSAGE][PASSED] - Delayed 3 second(s)

2018-12-13 10:50:38 - [TEST_STEP][PASSED] - click: Object: 'Object Repository/Final Object Repo/Page_Form 1A - Cessation As Employer/Document Type' is clicked on

2018-12-13 10:50:38 - [MESSAGE][PASSED] - Object: 'Object Repository/Final Object Repo/Page_Form 1A - Cessation As Employer/Document Type' is clicked on

2018-12-13 10:50:38 - [TEST_STEP][PASSED] - delay: Delayed 2 second(s)

2018-12-13 10:50:40 - [MESSAGE][PASSED] - Delayed 2 second(s)

2018-12-13 10:50:40 - [TEST_STEP][PASSED] - click: Object: 'Object Repository/Final Object Repo/Page_Form 1A - Cessation As Employer/Document Type - Supporting Document For Cessation' is clicked on

2018-12-13 10:50:40 - [MESSAGE][PASSED] - Object: 'Object Repository/Final Object Repo/Page_Form 1A - Cessation As Employer/Document Type - Supporting Document For Cessation' is clicked on

2018-12-13 10:50:40 - [TEST_STEP][PASSED] - delay: Delayed 2 second(s)

2018-12-13 10:50:42 - [MESSAGE][PASSED] - Delayed 2 second(s)

2018-12-13 10:50:42 - [TEST_STEP][PASSED] - sendKeys: Keys 'C:\Users\Public\Pictures\Sample Pictures\Koala.jpg' sent to object: 'Object Repository/Final Object Repo/Page_Form 1A - Cessation As Employer/Uploading File'

2018-12-13 10:50:43 - [MESSAGE][PASSED] - Keys 'C:\Users\Public\Pictures\Sample Pictures\Koala.jpg' sent to object: 'Object Repository/Final Object Repo/Page_Form 1A - Cessation As Employer/Uploading File'

2018-12-13 10:50:43 - [TEST_STEP][PASSED] - delay: Delayed 2 second(s)

2018-12-13 10:50:45 - [MESSAGE][PASSED] - Delayed 2 second(s)

2018-12-13 10:50:45 - [TEST_STEP][PASSED] - click: Object: 'Object Repository/Final Object Repo/Page_Form 1A - Cessation As Employer/Add Document in Uploading Page' is clicked on

2018-12-13 10:50:45 - [MESSAGE][PASSED] - Object: 'Object Repository/Final Object Repo/Page_Form 1A - Cessation As Employer/Add Document in Uploading Page' is clicked on

2018-12-13 10:50:45 - [TEST_STEP][PASSED] - delay: Delayed 2 second(s)

2018-12-13 10:50:47 - [MESSAGE][PASSED] - Delayed 2 second(s)

2018-12-13 10:50:47 - [TEST_STEP][PASSED] - click: Object: 'Object Repository/Final Object Repo/Page_Form 1A - Cessation As Employer/Save  Continue in Uploading Page' is clicked on

2018-12-13 10:50:49 - [MESSAGE][PASSED] - Object: 'Object Repository/Final Object Repo/Page_Form 1A - Cessation As Employer/Save  Continue in Uploading Page' is clicked on

2018-12-13 10:50:49 - [TEST_STEP][PASSED] - delay: Delayed 2 second(s)

2018-12-13 10:50:51 - [MESSAGE][PASSED] - Delayed 2 second(s)

2018-12-13 10:50:51 - [TEST_STEP][PASSED] - click: Object: 'Object Repository/Final Object Repo/Page_Form 1A - Cessation As Employer/Submit2' is clicked on

2018-12-13 10:50:54 - [MESSAGE][PASSED] - Object: 'Object Repository/Final Object Repo/Page_Form 1A - Cessation As Employer/Submit2' is clicked on

2018-12-13 10:50:54 - [TEST_STEP][PASSED] - delay: Delayed 2 second(s)

2018-12-13 10:50:56 - [MESSAGE][PASSED] - Delayed 2 second(s)

2018-12-13 10:50:56 - [TEST_STEP][PASSED] - click: Object: 'Object Repository/Final Object Repo/Page_Form 1A - Cessation As Employer/Confirm' is clicked on

2018-12-13 10:50:56 - [MESSAGE][PASSED] - Object: 'Object Repository/Final Object Repo/Page_Form 1A - Cessation As Employer/Confirm' is clicked on

2018-12-13 10:50:56 - [TEST_STEP][PASSED] - delay: Delayed 2 second(s)

2018-12-13 10:50:58 - [MESSAGE][PASSED] - Delayed 2 second(s)

2018-12-13 10:50:58 - [TEST_STEP][PASSED] - verifyElementVisible: Object 'Object Repository/Final Object Repo/Page_Form 1A - Cessation As Employer/Message Your Request will be routed to UO' is visible

2018-12-13 10:51:02 - [MESSAGE][PASSED] - Object 'Object Repository/Final Object Repo/Page_Form 1A - Cessation As Employer/Message Your Request will be routed to UO' is visible

2018-12-13 10:51:02 - [TEST_STEP][PASSED] - delay: Delayed 1 second(s)

2018-12-13 10:51:03 - [MESSAGE][PASSED] - Delayed 1 second(s)

2018-12-13 10:51:03 - [TEST_STEP][PASSED] - verifyElementVisible: Object 'Object Repository/Final Object Repo/Page_Form 1A - Cessation As Employer/Letter of acknowledgement' is visible

2018-12-13 10:51:03 - [MESSAGE][PASSED] - Object 'Object Repository/Final Object Repo/Page_Form 1A - Cessation As Employer/Letter of acknowledgement' is visible

2018-12-13 10:51:03 - [MESSAGE][PASSED] - Call Test Case 'Test Cases/Final Aug 2018 - PKS Automation/Registration Module/Workflow/Form 1A - Cessation As Employer/Template/Form 1 A - Cessation As Employer (Employer)' successfully

2018-12-13 10:51:03 - [TEST_STEP][PASSED] - callTestCase: Call Test Case 'Test Cases/Final Aug 2018 - PKS Automation/Registration Module/Workflow/Form 1A - Cessation As Employer/Template/Form 1 A - Cessation As Employer (Query)' successfully

2018-12-13 10:51:04 - [TEST_CASE][PASSED] - Test Cases/Final Aug 2018 - PKS Automation/Registration Module/Workflow/Form 1A - Cessation As Employer/Template/Form 1 A - Cessation As Employer (Query): Test Cases/Final Aug 2018 - PKS Automation/Registration Module/Workflow/Form 1A - Cessation As Employer/Template/Form 1 A - Cessation As Employer (Query)

2018-12-13 10:51:04 - [TEST_STEP][NOT_RUN] - callTestCase: NOT_RUN: callTestCase

2018-12-13 10:51:04 - [MESSAGE][NOT_RUN] - NOT_RUN: callTestCase

2018-12-13 10:51:04 - [TEST_STEP][PASSED] - delay: Delayed 1 second(s)

2018-12-13 10:51:05 - [MESSAGE][PASSED] - Delayed 1 second(s)

2018-12-13 10:51:05 - [TEST_STEP][PASSED] - navigateToUrl: Navigate to 'https://assist2-uat.perkeso.gov.my/c/portal/logout' successfully

2018-12-13 10:51:06 - [MESSAGE][PASSED] - Navigate to 'https://assist2-uat.perkeso.gov.my/c/portal/logout' successfully

2018-12-13 10:51:06 - [TEST_STEP][PASSED] - delay: Delayed 1 second(s)

2018-12-13 10:51:07 - [MESSAGE][PASSED] - Delayed 1 second(s)

2018-12-13 10:51:07 - [TEST_STEP][PASSED] - callTestCase: Call Test Case 'Test Cases/Final Aug 2018 - PKS Automation/Common/Reference Number Getter' successfully

2018-12-13 10:51:07 - [TEST_CASE][PASSED] - Test Cases/Final Aug 2018 - PKS Automation/Common/Reference Number Getter: Test Cases/Final Aug 2018 - PKS Automation/Common/Reference Number Getter

2018-12-13 10:51:07 - [TEST_STEP][PASSED] - Statement - Try: null

2018-12-13 10:51:07 - [TEST_STEP][PASSED] - Statement - RefNo = new java.io.File(C://Users//Admin//Desktop//PKS//Automation Reference Point//KatalonReference.txt): null

2018-12-13 10:51:07 - [TEST_STEP][PASSED] - Statement - bufferread = new java.io.BufferedReader(new java.io.FileReader(RefNo)): null

2018-12-13 10:51:07 - [TEST_STEP][PASSED] - Statement - readedVal = bufferread.readLine(): null

2018-12-13 10:51:07 - [TEST_STEP][PASSED] - Statement - out.println(CaseReferenceNo): null

2018-12-13 10:51:07 - [TEST_STEP][PASSED] - Statement - out.println(readedVal): null

2018-12-13 10:51:07 - [TEST_STEP][PASSED] - Statement - CaseReferenceNo = "": null

2018-12-13 10:51:07 - [TEST_STEP][PASSED] - Statement - CaseReferenceNo = readedVal: null

2018-12-13 10:51:07 - [MESSAGE][PASSED] - Call Test Case 'Test Cases/Final Aug 2018 - PKS Automation/Common/Reference Number Getter' successfully

2018-12-13 10:51:07 - [TEST_STEP][PASSED] - callTestCase: Call Test Case 'Test Cases/Final Aug 2018 - PKS Automation/Common/Workflow Owner Finder' successfully

2018-12-13 10:51:07 - [TEST_CASE][PASSED] - Test Cases/Final Aug 2018 - PKS Automation/Common/Workflow Owner Finder: Test Cases/Final Aug 2018 - PKS Automation/Common/Workflow Owner Finder

2018-12-13 10:51:07 - [TEST_STEP][PASSED] - openBrowser: Browser is opened with url: ''

2018-12-13 10:51:07 - [MESSAGE][WARNING] - A browser is already opened. Closing browser and opening a new one

2018-12-13 10:51:10 - [MESSAGE][PASSED] - Browser is opened with url: ''

2018-12-13 10:51:10 - [TEST_STEP][PASSED] - navigateToUrl: Navigate to 'https://assist2-uat.perkeso.gov.my/login' successfully

2018-12-13 10:51:11 - [MESSAGE][PASSED] - Navigate to 'https://assist2-uat.perkeso.gov.my/login' successfully

2018-12-13 10:51:11 - [TEST_STEP][PASSED] - delay: Delayed 5 second(s)

2018-12-13 10:51:16 - [MESSAGE][PASSED] - Delayed 5 second(s)

2018-12-13 10:51:16 - [TEST_STEP][PASSED] - setText: Text 'test@liferay.com' is set on object 'Object Repository/Final Object Repo/Login Page/Internal User/Email Address'

2018-12-13 10:51:16 - [MESSAGE][PASSED] - Text 'test@liferay.com' is set on object 'Object Repository/Final Object Repo/Login Page/Internal User/Email Address'

2018-12-13 10:51:16 - [TEST_STEP][PASSED] - click: Object: 'Object Repository/Final Object Repo/Login Page/Internal User/Next Button' is clicked on

2018-12-13 10:51:16 - [MESSAGE][PASSED] - Object: 'Object Repository/Final Object Repo/Login Page/Internal User/Next Button' is clicked on

2018-12-13 10:51:16 - [TEST_STEP][PASSED] - delay: Delayed 2 second(s)

2018-12-13 10:51:18 - [MESSAGE][PASSED] - Delayed 2 second(s)

2018-12-13 10:51:18 - [TEST_STEP][PASSED] - setText: Text 'test' is set on object 'Object Repository/Final Object Repo/Login Page/Internal User/Password'

2018-12-13 10:51:18 - [MESSAGE][PASSED] - Text 'test' is set on object 'Object Repository/Final Object Repo/Login Page/Internal User/Password'

2018-12-13 10:51:18 - [TEST_STEP][PASSED] - delay: Delayed 2 second(s)

2018-12-13 10:51:20 - [MESSAGE][PASSED] - Delayed 2 second(s)

2018-12-13 10:51:20 - [TEST_STEP][PASSED] - click: Object: 'Object Repository/Final Object Repo/Login Page/Internal User/Login Button' is clicked on

2018-12-13 10:51:20 - [MESSAGE][PASSED] - Object: 'Object Repository/Final Object Repo/Login Page/Internal User/Login Button' is clicked on

2018-12-13 10:51:20 - [TEST_STEP][PASSED] - Statement - tester = com.kms.katalon.core.testobject.ObjectRepository.findTestObject(Final Object Repo/Landing Page/Select to English): Finding Test Object with id 'Object Repository/Final Object Repo/Landing Page/Select to English'

2018-12-13 10:51:20 - [TEST_STEP][PASSED] - Statement - Try: Delayed 2 second(s)

2018-12-13 10:51:20 - [TEST_STEP][PASSED] - Statement - Checker = com.kms.katalon.core.webui.keyword.WebUiBuiltInKeywords.verifyElementNotPresent(tester, 3): Web element with id: 'Object Repository/Final Object Repo/Landing Page/Select to English' located by 'By.xpath: //a[@class = 'taglib-language-list-text' and @lang = 'en-US' and (contains(text(), 'EN') or contains(., 'EN'))]' is not present after '3' second(s)

2018-12-13 10:51:22 - [MESSAGE][PASSED] - Web element with id: 'Object Repository/Final Object Repo/Landing Page/Select to English' located by 'By.xpath: //a[@class = 'taglib-language-list-text' and @lang = 'en-US' and (contains(text(), 'EN') or contains(., 'EN'))]' is not present after '3' second(s)

2018-12-13 10:51:22 - [TEST_STEP][PASSED] - Statement - If (Checker == false): null

2018-12-13 10:51:22 - [TEST_STEP][PASSED] - delay: Delayed 2 second(s)

2018-12-13 10:51:24 - [MESSAGE][PASSED] - Delayed 2 second(s)

2018-12-13 10:51:24 - [TEST_STEP][PASSED] - delay: Delayed 5 second(s)

2018-12-13 10:51:29 - [MESSAGE][PASSED] - Delayed 5 second(s)

2018-12-13 10:51:29 - [TEST_STEP][PASSED] - mouseOver: Object: 'Object Repository/Final Object Repo/Landing Page/WorkFlow Menu' is hovered

2018-12-13 10:51:30 - [MESSAGE][PASSED] - Object: 'Object Repository/Final Object Repo/Landing Page/WorkFlow Menu' is hovered

2018-12-13 10:51:30 - [TEST_STEP][PASSED] - delay: Delayed 2 second(s)

2018-12-13 10:51:32 - [MESSAGE][PASSED] - Delayed 2 second(s)

2018-12-13 10:51:32 - [TEST_STEP][PASSED] - click: Object: 'Object Repository/Final Object Repo/Landing Page/Select to Workflow Listing' is clicked on

2018-12-13 10:51:33 - [MESSAGE][PASSED] - Object: 'Object Repository/Final Object Repo/Landing Page/Select to Workflow Listing' is clicked on

2018-12-13 10:51:33 - [TEST_STEP][PASSED] - delay: Delayed 2 second(s)

2018-12-13 10:51:35 - [MESSAGE][PASSED] - Delayed 2 second(s)

2018-12-13 10:51:35 - [TEST_STEP][PASSED] - click: Object: 'Object Repository/Final Object Repo/WorkFlow Listing Page/Search Information - To Put Ref No' is clicked on

2018-12-13 10:51:35 - [MESSAGE][PASSED] - Object: 'Object Repository/Final Object Repo/WorkFlow Listing Page/Search Information - To Put Ref No' is clicked on

2018-12-13 10:51:35 - [TEST_STEP][PASSED] - delay: Delayed 2 second(s)

2018-12-13 10:51:37 - [MESSAGE][PASSED] - Delayed 2 second(s)

2018-12-13 10:51:37 - [TEST_STEP][PASSED] - callTestCase: Call Test Case 'Test Cases/Final Aug 2018 - PKS Automation/Common/Reference Number Getter' successfully

2018-12-13 10:51:37 - [TEST_CASE][PASSED] - Test Cases/Final Aug 2018 - PKS Automation/Common/Reference Number Getter: Test Cases/Final Aug 2018 - PKS Automation/Common/Reference Number Getter

2018-12-13 10:51:37 - [TEST_STEP][PASSED] - Statement - Try: null

2018-12-13 10:51:37 - [TEST_STEP][PASSED] - Statement - RefNo = new java.io.File(C://Users//Admin//Desktop//PKS//Automation Reference Point//KatalonReference.txt): null

2018-12-13 10:51:37 - [TEST_STEP][PASSED] - Statement - bufferread = new java.io.BufferedReader(new java.io.FileReader(RefNo)): null

2018-12-13 10:51:37 - [TEST_STEP][PASSED] - Statement - readedVal = bufferread.readLine(): null

2018-12-13 10:51:37 - [TEST_STEP][PASSED] - Statement - out.println(CaseReferenceNo): null

2018-12-13 10:51:37 - [TEST_STEP][PASSED] - Statement - out.println(readedVal): null

2018-12-13 10:51:37 - [TEST_STEP][PASSED] - Statement - CaseReferenceNo = "": null

2018-12-13 10:51:37 - [TEST_STEP][PASSED] - Statement - CaseReferenceNo = readedVal: null

2018-12-13 10:51:37 - [MESSAGE][PASSED] - Call Test Case 'Test Cases/Final Aug 2018 - PKS Automation/Common/Reference Number Getter' successfully

2018-12-13 10:51:37 - [TEST_STEP][PASSED] - setText: Text 'CUN122018C200001722' is set on object 'Object Repository/Final Object Repo/WorkFlow Listing Page/Ref No Set Text'

2018-12-13 10:51:38 - [MESSAGE][PASSED] - Text 'CUN122018C200001722' is set on object 'Object Repository/Final Object Repo/WorkFlow Listing Page/Ref No Set Text'

2018-12-13 10:51:38 - [TEST_STEP][PASSED] - delay: Delayed 2 second(s)

2018-12-13 10:51:40 - [MESSAGE][PASSED] - Delayed 2 second(s)

2018-12-13 10:51:40 - [TEST_STEP][PASSED] - click: Object: 'Object Repository/Final Object Repo/WorkFlow Listing Page/Search Ref No Search Button' is clicked on

2018-12-13 10:51:40 - [MESSAGE][PASSED] - Object: 'Object Repository/Final Object Repo/WorkFlow Listing Page/Search Ref No Search Button' is clicked on

2018-12-13 10:51:40 - [TEST_STEP][PASSED] - delay: Delayed 6 second(s)

2018-12-13 10:51:46 - [MESSAGE][PASSED] - Delayed 6 second(s)

2018-12-13 10:51:46 - [TEST_STEP][PASSED] - click: Object: 'Object Repository/Final Object Repo/WorkFlow Listing Page/Click Continue Tooltip' is clicked on

2018-12-13 10:51:47 - [MESSAGE][PASSED] - Object: 'Object Repository/Final Object Repo/WorkFlow Listing Page/Click Continue Tooltip' is clicked on

2018-12-13 10:51:47 - [TEST_STEP][PASSED] - delay: Delayed 5 second(s)

2018-12-13 10:51:52 - [MESSAGE][PASSED] - Delayed 5 second(s)

2018-12-13 10:51:52 - [TEST_STEP][PASSED] - doubleClick: Object: 'Object Repository/Final Object Repo/WorkFlow Listing Page/Workflow Found - Listing 1' is double clicked on

2018-12-13 10:51:53 - [MESSAGE][PASSED] - Object: 'Object Repository/Final Object Repo/WorkFlow Listing Page/Workflow Found - Listing 1' is double clicked on

2018-12-13 10:51:53 - [TEST_STEP][PASSED] - Statement - println(OwnerID): null

2018-12-13 10:51:53 - [TEST_STEP][PASSED] - Statement - OwnerID = com.kms.katalon.core.webui.keyword.WebUiBuiltInKeywords.getText(com.kms.katalon.core.testobject.ObjectRepository.findTestObject(Final Object Repo/WorkFlow Listing Page/Workflow Found - Listing 1), STOP_ON_FAILURE): Text of object 'Object Repository/Final Object Repo/WorkFlow Listing Page/Workflow Found - Listing 1' is: 'JOHORuo1'

2018-12-13 10:51:53 - [MESSAGE][PASSED] - Text of object 'Object Repository/Final Object Repo/WorkFlow Listing Page/Workflow Found - Listing 1' is: 'JOHORuo1'

2018-12-13 10:51:53 - [TEST_STEP][PASSED] - Statement - OwnerID = OwnerID.toLowerCase() + "@gmail.com": null

2018-12-13 10:51:53 - [TEST_STEP][PASSED] - Statement - println(OwnerID): null

2018-12-13 10:51:53 - [TEST_STEP][PASSED] - delay: Delayed 2 second(s)

2018-12-13 10:51:55 - [MESSAGE][PASSED] - Delayed 2 second(s)

2018-12-13 10:51:55 - [MESSAGE][PASSED] - Call Test Case 'Test Cases/Final Aug 2018 - PKS Automation/Common/Workflow Owner Finder' successfully

2018-12-13 10:51:55 - [TEST_STEP][PASSED] - delay: Delayed 1 second(s)

2018-12-13 10:51:56 - [MESSAGE][PASSED] - Delayed 1 second(s)

2018-12-13 10:51:56 - [TEST_STEP][PASSED] - navigateToUrl: Navigate to 'https://assist2-uat.perkeso.gov.my/c/portal/logout' successfully

2018-12-13 10:51:57 - [MESSAGE][PASSED] - Navigate to 'https://assist2-uat.perkeso.gov.my/c/portal/logout' successfully

2018-12-13 10:51:57 - [TEST_STEP][PASSED] - delay: Delayed 1 second(s)

2018-12-13 10:51:58 - [MESSAGE][PASSED] - Delayed 1 second(s)

2018-12-13 10:51:58 - [TEST_STEP][PASSED] - callTestCase: Call Test Case 'Test Cases/Final Aug 2018 - PKS Automation/Registration Module/Workflow/Login and Search Case For Workflow' successfully

2018-12-13 10:51:58 - [TEST_CASE][PASSED] - Test Cases/Final Aug 2018 - PKS Automation/Registration Module/Workflow/Login and Search Case For Workflow: Test Cases/Final Aug 2018 - PKS Automation/Registration Module/Workflow/Login and Search Case For Workflow

2018-12-13 10:51:58 - [TEST_STEP][PASSED] - navigateToUrl: Navigate to 'https://assist2-uat.perkeso.gov.my/login' successfully

2018-12-13 10:51:58 - [MESSAGE][PASSED] - Navigate to 'https://assist2-uat.perkeso.gov.my/login' successfully

2018-12-13 10:51:58 - [TEST_STEP][PASSED] - setText: Text 'johoruo1@gmail.com' is set on object 'Object Repository/Final Object Repo/Login Page/Internal User/Email Address'

2018-12-13 10:51:58 - [MESSAGE][PASSED] - Text 'johoruo1@gmail.com' is set on object 'Object Repository/Final Object Repo/Login Page/Internal User/Email Address'

2018-12-13 10:51:58 - [TEST_STEP][PASSED] - click: Object: 'Object Repository/Final Object Repo/Login Page/Internal User/Next Button' is clicked on

2018-12-13 10:51:59 - [MESSAGE][PASSED] - Object: 'Object Repository/Final Object Repo/Login Page/Internal User/Next Button' is clicked on

2018-12-13 10:51:59 - [TEST_STEP][PASSED] - delay: Delayed 1 second(s)

2018-12-13 10:52:00 - [MESSAGE][PASSED] - Delayed 1 second(s)

2018-12-13 10:52:00 - [TEST_STEP][PASSED] - setEncryptedText: Text ****** has been set on object 'Object Repository/Final Object Repo/Login Page/Internal User/Password'

2018-12-13 10:52:00 - [MESSAGE][PASSED] - Text ****** has been set on object 'Object Repository/Final Object Repo/Login Page/Internal User/Password'

2018-12-13 10:52:00 - [TEST_STEP][PASSED] - click: Object: 'Object Repository/Final Object Repo/Login Page/Internal User/Login Button' is clicked on

2018-12-13 10:52:00 - [MESSAGE][PASSED] - Object: 'Object Repository/Final Object Repo/Login Page/Internal User/Login Button' is clicked on

2018-12-13 10:52:00 - [TEST_STEP][PASSED] - delay: Delayed 2 second(s)

2018-12-13 10:52:02 - [MESSAGE][PASSED] - Delayed 2 second(s)

2018-12-13 10:52:02 - [TEST_STEP][PASSED] - Statement - Try: Delayed 2 second(s)

2018-12-13 10:52:02 - [TEST_STEP][PASSED] - Statement - Checker = false: null

2018-12-13 10:52:02 - [TEST_STEP][PASSED] - Statement - Checker = com.kms.katalon.core.webui.keyword.WebUiBuiltInKeywords.verifyElementHasAttribute(com.kms.katalon.core.testobject.ObjectRepository.findTestObject(Final Object Repo/Landing Page/BM Detecting), "href", 20, OPTIONAL): Object 'Object Repository/Final Object Repo/Landing Page/BM Detecting' has attribute 'href'

2018-12-13 10:52:02 - [MESSAGE][PASSED] - Object 'Object Repository/Final Object Repo/Landing Page/BM Detecting' has attribute 'href'

2018-12-13 10:52:02 - [TEST_STEP][PASSED] - Statement - out.println(Checker): null

2018-12-13 10:52:02 - [TEST_STEP][PASSED] - Statement - If (Checker == false): null

2018-12-13 10:52:02 - [TEST_STEP][PASSED] - Statement - Else: null

2018-12-13 10:52:02 - [TEST_STEP][PASSED] - delay: Delayed 2 second(s)

2018-12-13 10:52:04 - [MESSAGE][PASSED] - Delayed 2 second(s)

2018-12-13 10:52:04 - [TEST_STEP][PASSED] - click: Object: 'Object Repository/Final Object Repo/Page_MyASSIST - ASSIST - Search Pending Case For Add Supporting Document/Search Information' is clicked on

2018-12-13 10:52:04 - [MESSAGE][PASSED] - Object: 'Object Repository/Final Object Repo/Page_MyASSIST - ASSIST - Search Pending Case For Add Supporting Document/Search Information' is clicked on

2018-12-13 10:52:04 - [TEST_STEP][PASSED] - delay: Delayed 3 second(s)

2018-12-13 10:52:07 - [MESSAGE][PASSED] - Delayed 3 second(s)

2018-12-13 10:52:07 - [TEST_STEP][PASSED] - sendKeys: Keys 'CUN122018C200001722' sent to object: 'Object Repository/Final Object Repo/Page_MyASSIST - ASSIST - Search Pending Case For Add Supporting Document/Reference No'

2018-12-13 10:52:08 - [MESSAGE][PASSED] - Keys 'CUN122018C200001722' sent to object: 'Object Repository/Final Object Repo/Page_MyASSIST - ASSIST - Search Pending Case For Add Supporting Document/Reference No'

2018-12-13 10:52:08 - [TEST_STEP][PASSED] - click: Object: 'Object Repository/Final Object Repo/Page_MyASSIST - ASSIST - Search Pending Case For Add Supporting Document/Search Reference No' is clicked on

2018-12-13 10:52:08 - [MESSAGE][PASSED] - Object: 'Object Repository/Final Object Repo/Page_MyASSIST - ASSIST - Search Pending Case For Add Supporting Document/Search Reference No' is clicked on

2018-12-13 10:52:08 - [TEST_STEP][PASSED] - delay: Delayed 2 second(s)

2018-12-13 10:52:10 - [MESSAGE][PASSED] - Delayed 2 second(s)

2018-12-13 10:52:10 - [TEST_STEP][PASSED] - click: Object: 'Object Repository/Final Object Repo/Page_MyASSIST - ASSIST - Search Pending Case For Add Supporting Document/Continue' is clicked on

2018-12-13 10:52:13 - [MESSAGE][PASSED] - Object: 'Object Repository/Final Object Repo/Page_MyASSIST - ASSIST - Search Pending Case For Add Supporting Document/Continue' is clicked on

2018-12-13 10:52:13 - [TEST_STEP][PASSED] - delay: Delayed 20 second(s)

2018-12-13 10:52:33 - [MESSAGE][PASSED] - Delayed 20 second(s)

2018-12-13 10:52:33 - [MESSAGE][PASSED] - Call Test Case 'Test Cases/Final Aug 2018 - PKS Automation/Registration Module/Workflow/Login and Search Case For Workflow' successfully

2018-12-13 10:52:33 - [TEST_STEP][PASSED] - click: Object: 'Object Repository/Final Object Repo/Page_Form 1A - Cessation As Employer/Page_Form 1A - Cessation As Employer (Approve)/Save  Continue in Form 1A Page' is clicked on

2018-12-13 10:52:33 - [MESSAGE][PASSED] - Object: 'Object Repository/Final Object Repo/Page_Form 1A - Cessation As Employer/Page_Form 1A - Cessation As Employer (Approve)/Save  Continue in Form 1A Page' is clicked on

2018-12-13 10:52:33 - [TEST_STEP][PASSED] - delay: Delayed 2 second(s)

2018-12-13 10:52:35 - [MESSAGE][PASSED] - Delayed 2 second(s)

2018-12-13 10:52:35 - [TEST_STEP][PASSED] - click: Object: 'Object Repository/Final Object Repo/Page_Form 1A - Cessation As Employer/Employment Resign Date' is clicked on

2018-12-13 10:52:36 - [MESSAGE][PASSED] - Object: 'Object Repository/Final Object Repo/Page_Form 1A - Cessation As Employer/Employment Resign Date' is clicked on

2018-12-13 10:52:36 - [TEST_STEP][PASSED] - delay: Delayed 1 second(s)

2018-12-13 10:52:37 - [MESSAGE][PASSED] - Delayed 1 second(s)

2018-12-13 10:52:37 - [TEST_STEP][PASSED] - selectOptionByValue: All options with value '2030' are selected in object 'Object Repository/Final Object Repo/Page_Form 1A - Cessation As Employer/Employment Resign Date - Year' 

2018-12-13 10:52:37 - [MESSAGE][PASSED] - All options with value '2030' are selected in object 'Object Repository/Final Object Repo/Page_Form 1A - Cessation As Employer/Employment Resign Date - Year' 

2018-12-13 10:52:37 - [TEST_STEP][PASSED] - delay: Delayed 1 second(s)

2018-12-13 10:52:38 - [MESSAGE][PASSED] - Delayed 1 second(s)

2018-12-13 10:52:38 - [TEST_STEP][PASSED] - click: Object: 'Object Repository/Final Object Repo/Page_Form 1A - Cessation As Employer/Employment Resign Date - Year - Date' is clicked on

2018-12-13 10:52:39 - [MESSAGE][PASSED] - Object: 'Object Repository/Final Object Repo/Page_Form 1A - Cessation As Employer/Employment Resign Date - Year - Date' is clicked on

2018-12-13 10:52:39 - [TEST_STEP][PASSED] - delay: Delayed 2 second(s)

2018-12-13 10:52:41 - [MESSAGE][PASSED] - Delayed 2 second(s)

2018-12-13 10:52:41 - [TEST_STEP][PASSED] - click: Object: 'Object Repository/Final Object Repo/Page_Form 1A - Cessation As Employer/Page_Form 1A - Cessation As Employer (Approve)/Save  Continue in Update Add Employee Resigned Date Page' is clicked on

2018-12-13 10:52:41 - [MESSAGE][PASSED] - Object: 'Object Repository/Final Object Repo/Page_Form 1A - Cessation As Employer/Page_Form 1A - Cessation As Employer (Approve)/Save  Continue in Update Add Employee Resigned Date Page' is clicked on

2018-12-13 10:52:41 - [TEST_STEP][PASSED] - delay: Delayed 2 second(s)

2018-12-13 10:52:43 - [MESSAGE][PASSED] - Delayed 2 second(s)

2018-12-13 10:52:43 - [TEST_STEP][PASSED] - click: Object: 'Object Repository/Final Object Repo/Page_Form 1A - Cessation As Employer/Set Latest - Yes' is clicked on

2018-12-13 10:52:43 - [MESSAGE][PASSED] - Object: 'Object Repository/Final Object Repo/Page_Form 1A - Cessation As Employer/Set Latest - Yes' is clicked on

2018-12-13 10:52:43 - [TEST_STEP][PASSED] - delay: Delayed 2 second(s)

2018-12-13 10:52:45 - [MESSAGE][PASSED] - Delayed 2 second(s)

2018-12-13 10:52:45 - [TEST_STEP][PASSED] - setText: Text 'remark' is set on object 'Object Repository/Final Object Repo/Page_Form 1A - Cessation As Employer/Page_Form 1A - Cessation As Employer (Query)/Query - remark'

2018-12-13 10:52:47 - [MESSAGE][PASSED] - Text 'remark' is set on object 'Object Repository/Final Object Repo/Page_Form 1A - Cessation As Employer/Page_Form 1A - Cessation As Employer (Query)/Query - remark'

2018-12-13 10:52:47 - [TEST_STEP][PASSED] - delay: Delayed 2 second(s)

2018-12-13 10:52:49 - [MESSAGE][PASSED] - Delayed 2 second(s)

2018-12-13 10:52:49 - [TEST_STEP][PASSED] - click: Object: 'Object Repository/Final Object Repo/Page_Form 1A - Cessation As Employer/Page_Form 1A - Cessation As Employer (Approve)/Save  Contine in Uploading Document Page' is clicked on

2018-12-13 10:52:50 - [MESSAGE][PASSED] - Object: 'Object Repository/Final Object Repo/Page_Form 1A - Cessation As Employer/Page_Form 1A - Cessation As Employer (Approve)/Save  Contine in Uploading Document Page' is clicked on

2018-12-13 10:52:50 - [TEST_STEP][PASSED] - delay: Delayed 2 second(s)

2018-12-13 10:52:52 - [MESSAGE][PASSED] - Delayed 2 second(s)

2018-12-13 10:52:52 - [TEST_STEP][PASSED] - click: Object: 'Object Repository/Final Object Repo/Page_Form 1A - Cessation As Employer/Page_Form 1A - Cessation As Employer (Query)/Query' is clicked on

2018-12-13 10:52:55 - [MESSAGE][PASSED] - Object: 'Object Repository/Final Object Repo/Page_Form 1A - Cessation As Employer/Page_Form 1A - Cessation As Employer (Query)/Query' is clicked on

2018-12-13 10:52:55 - [TEST_STEP][PASSED] - delay: Delayed 2 second(s)

2018-12-13 10:52:57 - [MESSAGE][PASSED] - Delayed 2 second(s)

2018-12-13 10:52:57 - [TEST_STEP][PASSED] - click: Object: 'Object Repository/Final Object Repo/Page_Form 1A - Cessation As Employer/Page_Form 1A - Cessation As Employer (Query)/Confirm' is clicked on

2018-12-13 10:53:04 - [MESSAGE][PASSED] - Object: 'Object Repository/Final Object Repo/Page_Form 1A - Cessation As Employer/Page_Form 1A - Cessation As Employer (Query)/Confirm' is clicked on

2018-12-13 10:53:04 - [TEST_STEP][PASSED] - delay: Delayed 2 second(s)

2018-12-13 10:53:06 - [MESSAGE][PASSED] - Delayed 2 second(s)

2018-12-13 10:53:06 - [TEST_STEP][PASSED] - verifyElementVisible: Object 'Object Repository/Final Object Repo/Page_Form 1A - Cessation As Employer/Page_Form 1A - Cessation As Employer (Query)/MessageThe Case Is Under Query' is visible

2018-12-13 10:53:06 - [MESSAGE][PASSED] - Object 'Object Repository/Final Object Repo/Page_Form 1A - Cessation As Employer/Page_Form 1A - Cessation As Employer (Query)/MessageThe Case Is Under Query' is visible

2018-12-13 10:53:06 - [TEST_STEP][PASSED] - delay: Delayed 1 second(s)

2018-12-13 10:53:07 - [MESSAGE][PASSED] - Delayed 1 second(s)

2018-12-13 10:53:07 - [TEST_STEP][PASSED] - verifyElementVisible: Object 'Object Repository/Final Object Repo/Page_Form 1A - Cessation As Employer/Page_Form 1A - Cessation As Employer (Query)/Letter of inquiry' is visible

2018-12-13 10:53:07 - [MESSAGE][PASSED] - Object 'Object Repository/Final Object Repo/Page_Form 1A - Cessation As Employer/Page_Form 1A - Cessation As Employer (Query)/Letter of inquiry' is visible

2018-12-13 10:53:07 - [TEST_STEP][PASSED] - delay: Delayed 1 second(s)

2018-12-13 10:53:08 - [MESSAGE][PASSED] - Delayed 1 second(s)

2018-12-13 10:53:08 - [TEST_STEP][PASSED] - navigateToUrl: Navigate to 'https://assist2-uat.perkeso.gov.my/c/portal/logout' successfully

2018-12-13 10:53:09 - [MESSAGE][PASSED] - Navigate to 'https://assist2-uat.perkeso.gov.my/c/portal/logout' successfully

2018-12-13 10:53:09 - [TEST_STEP][PASSED] - delay: Delayed 1 second(s)

2018-12-13 10:53:10 - [MESSAGE][PASSED] - Delayed 1 second(s)

2018-12-13 10:53:10 - [TEST_STEP][PASSED] - callTestCase: Call Test Case 'Test Cases/Final Aug 2018 - PKS Automation/Registration Module/Workflow/Search Pending Case For Add Supporting Document (OTC)' successfully

2018-12-13 10:53:10 - [TEST_CASE][PASSED] - Test Cases/Final Aug 2018 - PKS Automation/Registration Module/Workflow/Search Pending Case For Add Supporting Document (OTC): Test Cases/Final Aug 2018 - PKS Automation/Registration Module/Workflow/Search Pending Case For Add Supporting Document (OTC)

2018-12-13 10:53:10 - [TEST_STEP][PASSED] - openBrowser: Browser is opened with url: ''

2018-12-13 10:53:10 - [MESSAGE][WARNING] - A browser is already opened. Closing browser and opening a new one

2018-12-13 10:53:13 - [MESSAGE][PASSED] - Browser is opened with url: ''

2018-12-13 10:53:13 - [TEST_STEP][PASSED] - navigateToUrl: Navigate to 'https://assist2-uat.perkeso.gov.my/login' successfully

2018-12-13 10:53:15 - [MESSAGE][PASSED] - Navigate to 'https://assist2-uat.perkeso.gov.my/login' successfully

2018-12-13 10:53:15 - [TEST_STEP][PASSED] - setText: Text 'johorotc1@gmail.com' is set on object 'Object Repository/Final Object Repo/Login Page/Internal User/Email Address'

2018-12-13 10:53:15 - [MESSAGE][PASSED] - Text 'johorotc1@gmail.com' is set on object 'Object Repository/Final Object Repo/Login Page/Internal User/Email Address'

2018-12-13 10:53:15 - [TEST_STEP][PASSED] - click: Object: 'Object Repository/Final Object Repo/Login Page/Internal User/Next Button' is clicked on

2018-12-13 10:53:15 - [MESSAGE][PASSED] - Object: 'Object Repository/Final Object Repo/Login Page/Internal User/Next Button' is clicked on

2018-12-13 10:53:15 - [TEST_STEP][PASSED] - delay: Delayed 1 second(s)

2018-12-13 10:53:16 - [MESSAGE][PASSED] - Delayed 1 second(s)

2018-12-13 10:53:16 - [TEST_STEP][PASSED] - setEncryptedText: Text ****** has been set on object 'Object Repository/Final Object Repo/Login Page/Internal User/Password'

2018-12-13 10:53:18 - [MESSAGE][PASSED] - Text ****** has been set on object 'Object Repository/Final Object Repo/Login Page/Internal User/Password'

2018-12-13 10:53:18 - [TEST_STEP][PASSED] - click: Object: 'Object Repository/Final Object Repo/Login Page/Internal User/Login Button' is clicked on

2018-12-13 10:53:18 - [MESSAGE][PASSED] - Object: 'Object Repository/Final Object Repo/Login Page/Internal User/Login Button' is clicked on

2018-12-13 10:53:18 - [TEST_STEP][PASSED] - delay: Delayed 1 second(s)

2018-12-13 10:53:19 - [MESSAGE][PASSED] - Delayed 1 second(s)

2018-12-13 10:53:19 - [TEST_STEP][PASSED] - Statement - Try: Delayed 2 second(s)

2018-12-13 10:53:19 - [TEST_STEP][PASSED] - Statement - Checker = false: null

2018-12-13 10:53:19 - [TEST_STEP][PASSED] - Statement - Checker = com.kms.katalon.core.webui.keyword.WebUiBuiltInKeywords.verifyElementHasAttribute(com.kms.katalon.core.testobject.ObjectRepository.findTestObject(Final Object Repo/Landing Page/BM Detecting), "href", 20, OPTIONAL): Object 'Object Repository/Final Object Repo/Landing Page/BM Detecting' has attribute 'href'

2018-12-13 10:53:20 - [MESSAGE][PASSED] - Object 'Object Repository/Final Object Repo/Landing Page/BM Detecting' has attribute 'href'

2018-12-13 10:53:20 - [TEST_STEP][PASSED] - Statement - out.println(Checker): null

2018-12-13 10:53:20 - [TEST_STEP][PASSED] - Statement - If (Checker == false): null

2018-12-13 10:53:20 - [TEST_STEP][PASSED] - Statement - Else: null

2018-12-13 10:53:20 - [TEST_STEP][PASSED] - delay: Delayed 2 second(s)

2018-12-13 10:53:22 - [MESSAGE][PASSED] - Delayed 2 second(s)

2018-12-13 10:53:22 - [TEST_STEP][PASSED] - navigateToUrl: Navigate to 'https://assist2-uat.perkeso.gov.my/web/registration/search/search-pending-case-for-add-supporting-document' successfully

2018-12-13 10:53:23 - [MESSAGE][PASSED] - Navigate to 'https://assist2-uat.perkeso.gov.my/web/registration/search/search-pending-case-for-add-supporting-document' successfully

2018-12-13 10:53:23 - [TEST_STEP][PASSED] - click: Object: 'Object Repository/Final Object Repo/Page_Search Pending Case For Add Suporting Document/Search By' is clicked on

2018-12-13 10:53:23 - [MESSAGE][PASSED] - Object: 'Object Repository/Final Object Repo/Page_Search Pending Case For Add Suporting Document/Search By' is clicked on

2018-12-13 10:53:23 - [TEST_STEP][PASSED] - click: Object: 'Object Repository/Final Object Repo/Page_Search Pending Case For Add Suporting Document/Search By - Reference ID' is clicked on

2018-12-13 10:53:23 - [MESSAGE][PASSED] - Object: 'Object Repository/Final Object Repo/Page_Search Pending Case For Add Suporting Document/Search By - Reference ID' is clicked on

2018-12-13 10:53:23 - [TEST_STEP][PASSED] - delay: Delayed 2 second(s)

2018-12-13 10:53:25 - [MESSAGE][PASSED] - Delayed 2 second(s)

2018-12-13 10:53:25 - [TEST_STEP][PASSED] - setText: Text 'CUN122018C200001722' is set on object 'Object Repository/Final Object Repo/Page_Search Pending Case For Add Suporting Document/Reference ID'

2018-12-13 10:53:25 - [MESSAGE][PASSED] - Text 'CUN122018C200001722' is set on object 'Object Repository/Final Object Repo/Page_Search Pending Case For Add Suporting Document/Reference ID'

2018-12-13 10:53:25 - [TEST_STEP][PASSED] - click: Object: 'Object Repository/Final Object Repo/Page_Search Pending Case For Add Suporting Document/Search' is clicked on

2018-12-13 10:53:26 - [MESSAGE][PASSED] - Object: 'Object Repository/Final Object Repo/Page_Search Pending Case For Add Suporting Document/Search' is clicked on

2018-12-13 10:53:26 - [TEST_STEP][PASSED] - delay: Delayed 2 second(s)

2018-12-13 10:53:28 - [MESSAGE][PASSED] - Delayed 2 second(s)

2018-12-13 10:53:28 - [TEST_STEP][PASSED] - click: Object: 'Object Repository/Final Object Repo/Page_Search Pending Case For Add Suporting Document/Edit' is clicked on

2018-12-13 10:53:30 - [MESSAGE][PASSED] - Object: 'Object Repository/Final Object Repo/Page_Search Pending Case For Add Suporting Document/Edit' is clicked on

2018-12-13 10:53:30 - [MESSAGE][PASSED] - Call Test Case 'Test Cases/Final Aug 2018 - PKS Automation/Registration Module/Workflow/Search Pending Case For Add Supporting Document (OTC)' successfully

2018-12-13 10:53:30 - [TEST_STEP][PASSED] - click: Object: 'Object Repository/Final Object Repo/Page_Form 1A - Cessation As Employer/Page_Form 1A - Cessation As Employer (Query -OTC -UO)/Next in Form 1A Page' is clicked on

2018-12-13 10:53:32 - [MESSAGE][PASSED] - Object: 'Object Repository/Final Object Repo/Page_Form 1A - Cessation As Employer/Page_Form 1A - Cessation As Employer (Query -OTC -UO)/Next in Form 1A Page' is clicked on

2018-12-13 10:53:32 - [TEST_STEP][PASSED] - delay: Delayed 2 second(s)

2018-12-13 10:53:34 - [MESSAGE][PASSED] - Delayed 2 second(s)

2018-12-13 10:53:34 - [TEST_STEP][PASSED] - click: Object: 'Object Repository/Final Object Repo/Page_Form 1A - Cessation As Employer/Page_Form 1A - Cessation As Employer (Query -OTC -UO)/Next in Resigned Date Page' is clicked on

2018-12-13 10:53:37 - [MESSAGE][PASSED] - Object: 'Object Repository/Final Object Repo/Page_Form 1A - Cessation As Employer/Page_Form 1A - Cessation As Employer (Query -OTC -UO)/Next in Resigned Date Page' is clicked on

2018-12-13 10:53:37 - [TEST_STEP][PASSED] - delay: Delayed 2 second(s)

2018-12-13 10:53:39 - [MESSAGE][PASSED] - Delayed 2 second(s)

2018-12-13 10:53:39 - [TEST_STEP][PASSED] - click: Object: 'Object Repository/Final Object Repo/Page_Form 1A - Cessation As Employer/Page_Form 1A - Cessation As Employer (Query -OTC -UO)/Add Document' is clicked on

2018-12-13 10:53:39 - [MESSAGE][PASSED] - Object: 'Object Repository/Final Object Repo/Page_Form 1A - Cessation As Employer/Page_Form 1A - Cessation As Employer (Query -OTC -UO)/Add Document' is clicked on

2018-12-13 10:53:39 - [TEST_STEP][PASSED] - delay: Delayed 2 second(s)

2018-12-13 10:53:41 - [MESSAGE][PASSED] - Delayed 2 second(s)

2018-12-13 10:53:41 - [TEST_STEP][PASSED] - click: Object: 'Object Repository/Final Object Repo/Page_Form 1A - Cessation As Employer/Page_Form 1A - Cessation As Employer (Query -OTC -UO)/Document Type' is clicked on

2018-12-13 10:53:43 - [MESSAGE][PASSED] - Object: 'Object Repository/Final Object Repo/Page_Form 1A - Cessation As Employer/Page_Form 1A - Cessation As Employer (Query -OTC -UO)/Document Type' is clicked on

2018-12-13 10:53:43 - [TEST_STEP][PASSED] - click: Object: 'Object Repository/Final Object Repo/Page_Form 1A - Cessation As Employer/Page_Form 1A - Cessation As Employer (Query -OTC -UO)/Document Type - Others' is clicked on

2018-12-13 10:53:43 - [MESSAGE][PASSED] - Object: 'Object Repository/Final Object Repo/Page_Form 1A - Cessation As Employer/Page_Form 1A - Cessation As Employer (Query -OTC -UO)/Document Type - Others' is clicked on

2018-12-13 10:53:43 - [TEST_STEP][PASSED] - delay: Delayed 2 second(s)

2018-12-13 10:53:45 - [MESSAGE][PASSED] - Delayed 2 second(s)

2018-12-13 10:53:45 - [TEST_STEP][PASSED] - sendKeys: Keys 'C:\Users\Public\Pictures\Sample Pictures\Koala.jpg' sent to object: 'Object Repository/Final Object Repo/Page_Form 1A - Cessation As Employer/Uploading File'

2018-12-13 10:53:45 - [MESSAGE][PASSED] - Keys 'C:\Users\Public\Pictures\Sample Pictures\Koala.jpg' sent to object: 'Object Repository/Final Object Repo/Page_Form 1A - Cessation As Employer/Uploading File'

2018-12-13 10:53:45 - [TEST_STEP][PASSED] - delay: Delayed 2 second(s)

2018-12-13 10:53:47 - [MESSAGE][PASSED] - Delayed 2 second(s)

2018-12-13 10:53:47 - [TEST_STEP][PASSED] - click: Object: 'Object Repository/Final Object Repo/Page_Form 1A - Cessation As Employer/Page_Form 1A - Cessation As Employer (Query -OTC -UO)/Add Document in Uploading Page' is clicked on

2018-12-13 10:53:47 - [MESSAGE][PASSED] - Object: 'Object Repository/Final Object Repo/Page_Form 1A - Cessation As Employer/Page_Form 1A - Cessation As Employer (Query -OTC -UO)/Add Document in Uploading Page' is clicked on

2018-12-13 10:53:47 - [TEST_STEP][PASSED] - delay: Delayed 4 second(s)

2018-12-13 10:53:51 - [MESSAGE][PASSED] - Delayed 4 second(s)

2018-12-13 10:53:51 - [TEST_STEP][PASSED] - click: Object: 'Object Repository/Final Object Repo/Page_Form 1A - Cessation As Employer/Page_Form 1A - Cessation As Employer (Query -OTC -UO)/Exit' is clicked on

2018-12-13 10:53:52 - [MESSAGE][PASSED] - Object: 'Object Repository/Final Object Repo/Page_Form 1A - Cessation As Employer/Page_Form 1A - Cessation As Employer (Query -OTC -UO)/Exit' is clicked on

2018-12-13 10:53:52 - [TEST_STEP][PASSED] - delay: Delayed 1 second(s)

2018-12-13 10:53:53 - [MESSAGE][PASSED] - Delayed 1 second(s)

2018-12-13 10:53:53 - [TEST_STEP][PASSED] - navigateToUrl: Navigate to 'https://assist2-uat.perkeso.gov.my/c/portal/logout' successfully

2018-12-13 10:53:54 - [MESSAGE][PASSED] - Navigate to 'https://assist2-uat.perkeso.gov.my/c/portal/logout' successfully

2018-12-13 10:53:54 - [TEST_STEP][PASSED] - delay: Delayed 1 second(s)

2018-12-13 10:53:55 - [MESSAGE][PASSED] - Delayed 1 second(s)

2018-12-13 10:53:55 - [TEST_STEP][PASSED] - callTestCase: Call Test Case 'Test Cases/Final Aug 2018 - PKS Automation/Registration Module/Workflow/Login and Search Case For Workflow' successfully

2018-12-13 10:53:55 - [TEST_CASE][PASSED] - Test Cases/Final Aug 2018 - PKS Automation/Registration Module/Workflow/Login and Search Case For Workflow: Test Cases/Final Aug 2018 - PKS Automation/Registration Module/Workflow/Login and Search Case For Workflow

2018-12-13 10:53:55 - [TEST_STEP][PASSED] - navigateToUrl: Navigate to 'https://assist2-uat.perkeso.gov.my/login' successfully

2018-12-13 10:53:56 - [MESSAGE][PASSED] - Navigate to 'https://assist2-uat.perkeso.gov.my/login' successfully

2018-12-13 10:53:56 - [TEST_STEP][PASSED] - setText: Text 'johoruo1@gmail.com' is set on object 'Object Repository/Final Object Repo/Login Page/Internal User/Email Address'

2018-12-13 10:53:56 - [MESSAGE][PASSED] - Text 'johoruo1@gmail.com' is set on object 'Object Repository/Final Object Repo/Login Page/Internal User/Email Address'

2018-12-13 10:53:56 - [TEST_STEP][PASSED] - click: Object: 'Object Repository/Final Object Repo/Login Page/Internal User/Next Button' is clicked on

2018-12-13 10:53:56 - [MESSAGE][PASSED] - Object: 'Object Repository/Final Object Repo/Login Page/Internal User/Next Button' is clicked on

2018-12-13 10:53:56 - [TEST_STEP][PASSED] - delay: Delayed 1 second(s)

2018-12-13 10:53:57 - [MESSAGE][PASSED] - Delayed 1 second(s)

2018-12-13 10:53:57 - [TEST_STEP][PASSED] - setEncryptedText: Text ****** has been set on object 'Object Repository/Final Object Repo/Login Page/Internal User/Password'

2018-12-13 10:53:57 - [MESSAGE][PASSED] - Text ****** has been set on object 'Object Repository/Final Object Repo/Login Page/Internal User/Password'

2018-12-13 10:53:57 - [TEST_STEP][PASSED] - click: Object: 'Object Repository/Final Object Repo/Login Page/Internal User/Login Button' is clicked on

2018-12-13 10:53:57 - [MESSAGE][PASSED] - Object: 'Object Repository/Final Object Repo/Login Page/Internal User/Login Button' is clicked on

2018-12-13 10:53:57 - [TEST_STEP][PASSED] - delay: Delayed 2 second(s)

2018-12-13 10:53:59 - [MESSAGE][PASSED] - Delayed 2 second(s)

2018-12-13 10:53:59 - [TEST_STEP][PASSED] - Statement - Try: Delayed 2 second(s)

2018-12-13 10:53:59 - [TEST_STEP][PASSED] - Statement - Checker = false: null

2018-12-13 10:53:59 - [TEST_STEP][PASSED] - Statement - Checker = com.kms.katalon.core.webui.keyword.WebUiBuiltInKeywords.verifyElementHasAttribute(com.kms.katalon.core.testobject.ObjectRepository.findTestObject(Final Object Repo/Landing Page/BM Detecting), "href", 20, OPTIONAL): Object 'Object Repository/Final Object Repo/Landing Page/BM Detecting' has attribute 'href'

2018-12-13 10:54:00 - [MESSAGE][PASSED] - Object 'Object Repository/Final Object Repo/Landing Page/BM Detecting' has attribute 'href'

2018-12-13 10:54:00 - [TEST_STEP][PASSED] - Statement - out.println(Checker): null

2018-12-13 10:54:00 - [TEST_STEP][PASSED] - Statement - If (Checker == false): null

2018-12-13 10:54:00 - [TEST_STEP][PASSED] - Statement - Else: null

2018-12-13 10:54:00 - [TEST_STEP][PASSED] - delay: Delayed 2 second(s)

2018-12-13 10:54:02 - [MESSAGE][PASSED] - Delayed 2 second(s)

2018-12-13 10:54:02 - [TEST_STEP][PASSED] - click: Object: 'Object Repository/Final Object Repo/Page_MyASSIST - ASSIST - Search Pending Case For Add Supporting Document/Search Information' is clicked on

2018-12-13 10:54:02 - [MESSAGE][PASSED] - Object: 'Object Repository/Final Object Repo/Page_MyASSIST - ASSIST - Search Pending Case For Add Supporting Document/Search Information' is clicked on

2018-12-13 10:54:02 - [TEST_STEP][PASSED] - delay: Delayed 3 second(s)

2018-12-13 10:54:05 - [MESSAGE][PASSED] - Delayed 3 second(s)

2018-12-13 10:54:05 - [TEST_STEP][PASSED] - sendKeys: Keys 'CUN122018C200001722' sent to object: 'Object Repository/Final Object Repo/Page_MyASSIST - ASSIST - Search Pending Case For Add Supporting Document/Reference No'

2018-12-13 10:54:05 - [MESSAGE][PASSED] - Keys 'CUN122018C200001722' sent to object: 'Object Repository/Final Object Repo/Page_MyASSIST - ASSIST - Search Pending Case For Add Supporting Document/Reference No'

2018-12-13 10:54:05 - [TEST_STEP][PASSED] - click: Object: 'Object Repository/Final Object Repo/Page_MyASSIST - ASSIST - Search Pending Case For Add Supporting Document/Search Reference No' is clicked on

2018-12-13 10:54:05 - [MESSAGE][PASSED] - Object: 'Object Repository/Final Object Repo/Page_MyASSIST - ASSIST - Search Pending Case For Add Supporting Document/Search Reference No' is clicked on

2018-12-13 10:54:05 - [TEST_STEP][PASSED] - delay: Delayed 2 second(s)

2018-12-13 10:54:07 - [MESSAGE][PASSED] - Delayed 2 second(s)

2018-12-13 10:54:07 - [TEST_STEP][PASSED] - click: Object: 'Object Repository/Final Object Repo/Page_MyASSIST - ASSIST - Search Pending Case For Add Supporting Document/Continue' is clicked on

2018-12-13 10:54:10 - [MESSAGE][PASSED] - Object: 'Object Repository/Final Object Repo/Page_MyASSIST - ASSIST - Search Pending Case For Add Supporting Document/Continue' is clicked on

2018-12-13 10:54:10 - [TEST_STEP][PASSED] - delay: Delayed 20 second(s)

2018-12-13 10:54:30 - [MESSAGE][PASSED] - Delayed 20 second(s)

2018-12-13 10:54:30 - [MESSAGE][PASSED] - Call Test Case 'Test Cases/Final Aug 2018 - PKS Automation/Registration Module/Workflow/Login and Search Case For Workflow' successfully

2018-12-13 10:54:30 - [TEST_STEP][PASSED] - click: Object: 'Object Repository/Final Object Repo/Page_Form 1A - Cessation As Employer/Page_Form 1A - Cessation As Employer (Approve)/Save  Continue in Form 1A Page' is clicked on

2018-12-13 10:54:31 - [MESSAGE][PASSED] - Object: 'Object Repository/Final Object Repo/Page_Form 1A - Cessation As Employer/Page_Form 1A - Cessation As Employer (Approve)/Save  Continue in Form 1A Page' is clicked on

2018-12-13 10:54:31 - [TEST_STEP][PASSED] - delay: Delayed 3 second(s)

2018-12-13 10:54:34 - [MESSAGE][PASSED] - Delayed 3 second(s)

2018-12-13 10:54:34 - [TEST_STEP][PASSED] - click: Object: 'Object Repository/Final Object Repo/Page_Form 1A - Cessation As Employer/Page_Form 1A - Cessation As Employer (Approve)/Save  Continue in Update Add Employee Resigned Date Page' is clicked on

2018-12-13 10:54:34 - [MESSAGE][PASSED] - Object: 'Object Repository/Final Object Repo/Page_Form 1A - Cessation As Employer/Page_Form 1A - Cessation As Employer (Approve)/Save  Continue in Update Add Employee Resigned Date Page' is clicked on

2018-12-13 10:54:34 - [TEST_STEP][PASSED] - delay: Delayed 3 second(s)

2018-12-13 10:54:37 - [MESSAGE][PASSED] - Delayed 3 second(s)

2018-12-13 10:54:37 - [TEST_STEP][PASSED] - click: Object: 'Object Repository/Final Object Repo/Page_Form 1A - Cessation As Employer/Page_Form 1A - Cessation As Employer (Approve)/Save  Contine in Uploading Document Page' is clicked on

2018-12-13 10:54:37 - [MESSAGE][PASSED] - Object: 'Object Repository/Final Object Repo/Page_Form 1A - Cessation As Employer/Page_Form 1A - Cessation As Employer (Approve)/Save  Contine in Uploading Document Page' is clicked on

2018-12-13 10:54:37 - [TEST_STEP][PASSED] - delay: Delayed 3 second(s)

2018-12-13 10:54:40 - [MESSAGE][PASSED] - Delayed 3 second(s)

2018-12-13 10:54:40 - [TEST_STEP][PASSED] - click: Object: 'Object Repository/Final Object Repo/Page_Form 1A - Cessation As Employer/Page_Form 1A - Cessation As Employer (Approve)/Approve' is clicked on

2018-12-13 10:54:42 - [MESSAGE][PASSED] - Object: 'Object Repository/Final Object Repo/Page_Form 1A - Cessation As Employer/Page_Form 1A - Cessation As Employer (Approve)/Approve' is clicked on

2018-12-13 10:54:42 - [TEST_STEP][PASSED] - delay: Delayed 2 second(s)

2018-12-13 10:54:44 - [MESSAGE][PASSED] - Delayed 2 second(s)

2018-12-13 10:54:44 - [TEST_STEP][PASSED] - click: Object: 'Object Repository/Final Object Repo/Page_Form 1A - Cessation As Employer/Confirm' is clicked on

2018-12-13 10:54:44 - [MESSAGE][PASSED] - Object: 'Object Repository/Final Object Repo/Page_Form 1A - Cessation As Employer/Confirm' is clicked on

2018-12-13 10:54:44 - [TEST_STEP][PASSED] - delay: Delayed 2 second(s)

2018-12-13 10:54:46 - [MESSAGE][PASSED] - Delayed 2 second(s)

2018-12-13 10:54:46 - [TEST_STEP][PASSED] - click: Object: 'Object Repository/Final Object Repo/Page_Form 1A - Cessation As Employer/Page_Form 1A - Cessation As Employer (Approve)/Message Your Request    Form 1A ' is clicked on

2018-12-13 10:54:54 - [MESSAGE][PASSED] - Object: 'Object Repository/Final Object Repo/Page_Form 1A - Cessation As Employer/Page_Form 1A - Cessation As Employer (Approve)/Message Your Request    Form 1A ' is clicked on

2018-12-13 10:54:54 - [TEST_STEP][PASSED] - delay: Delayed 2 second(s)

2018-12-13 10:54:56 - [MESSAGE][PASSED] - Delayed 2 second(s)

2018-12-13 10:54:56 - [TEST_STEP][PASSED] - click: Object: 'Object Repository/Final Object Repo/Page_Form 1A - Cessation As Employer/Page_Form 1A - Cessation As Employer (Approve)/Letter of successful update' is clicked on

2018-12-13 10:54:57 - [MESSAGE][PASSED] - Object: 'Object Repository/Final Object Repo/Page_Form 1A - Cessation As Employer/Page_Form 1A - Cessation As Employer (Approve)/Letter of successful update' is clicked on

2018-12-13 10:54:57 - [MESSAGE][PASSED] - Call Test Case 'Test Cases/Final Aug 2018 - PKS Automation/Registration Module/Workflow/Form 1A - Cessation As Employer/Template/Form 1 A - Cessation As Employer (Query)' successfully]]></system-out>
         <system-err><![CDATA[]]></system-err>
      </testcase>
      <testcase name="Test Cases/Final Aug 2018 - PKS Automation/Registration Module/Workflow/Form 1A - Cessation As Employer/Employer to UO (Reject)" classname="Test Cases/Final Aug 2018 - PKS Automation/Registration Module/Workflow/Form 1A - Cessation As Employer/Employer to UO (Reject)" status="PASSED">
         <system-out><![CDATA[2018-12-13 10:54:57 - [TEST_CASE][PASSED] - Test Cases/Final Aug 2018 - PKS Automation/Registration Module/Workflow/Form 1A - Cessation As Employer/Employer to UO (Reject): Test Cases/Final Aug 2018 - PKS Automation/Registration Module/Workflow/Form 1A - Cessation As Employer/Employer to UO (Reject)

2018-12-13 10:54:57 - [TEST_STEP][PASSED] - callTestCase: Call Test Case 'Test Cases/Final Aug 2018 - PKS Automation/Registration Module/Workflow/Form 1A - Cessation As Employer/Template/Form 1 A - Cessation As Employer (Employer)' successfully

2018-12-13 10:54:57 - [TEST_CASE][PASSED] - Test Cases/Final Aug 2018 - PKS Automation/Registration Module/Workflow/Form 1A - Cessation As Employer/Template/Form 1 A - Cessation As Employer (Employer): Test Cases/Final Aug 2018 - PKS Automation/Registration Module/Workflow/Form 1A - Cessation As Employer/Template/Form 1 A - Cessation As Employer (Employer)

2018-12-13 10:54:57 - [TEST_STEP][PASSED] - callTestCase: Call Test Case 'Test Cases/Final Aug 2018 - PKS Automation/Registration Module/Workflow/Update Add New Employee/Template/New Company for Update Add New - Employer' successfully

2018-12-13 10:54:58 - [TEST_CASE][PASSED] - Test Cases/Final Aug 2018 - PKS Automation/Registration Module/Workflow/Update Add New Employee/Template/New Company for Update Add New - Employer: Test Cases/Final Aug 2018 - PKS Automation/Registration Module/Workflow/Update Add New Employee/Template/New Company for Update Add New - Employer

2018-12-13 10:54:58 - [TEST_STEP][PASSED] - callTestCase: Call Test Case 'Test Cases/Final Aug 2018 - PKS Automation/Create Employer Acc/Create Employer Account' successfully

2018-12-13 10:54:58 - [TEST_CASE][PASSED] - Test Cases/Final Aug 2018 - PKS Automation/Create Employer Acc/Create Employer Account: Test Cases/Final Aug 2018 - PKS Automation/Create Employer Acc/Create Employer Account

2018-12-13 10:54:58 - [TEST_STEP][PASSED] - callTestCase: Call Test Case 'Test Cases/Final Aug 2018 - PKS Automation/Create Employer Acc/Template/Register Employer' successfully

2018-12-13 10:54:58 - [TEST_CASE][PASSED] - Test Cases/Final Aug 2018 - PKS Automation/Create Employer Acc/Template/Register Employer: Test Cases/Final Aug 2018 - PKS Automation/Create Employer Acc/Template/Register Employer

2018-12-13 10:54:58 - [TEST_STEP][PASSED] - openBrowser: Browser is opened with url: ''

2018-12-13 10:54:58 - [MESSAGE][WARNING] - A browser is already opened. Closing browser and opening a new one

2018-12-13 10:55:01 - [MESSAGE][PASSED] - Browser is opened with url: ''

2018-12-13 10:55:01 - [TEST_STEP][PASSED] - navigateToUrl: Navigate to 'https://assist2-uat.perkeso.gov.my/login' successfully

2018-12-13 10:55:02 - [MESSAGE][PASSED] - Navigate to 'https://assist2-uat.perkeso.gov.my/login' successfully

2018-12-13 10:55:02 - [TEST_STEP][PASSED] - setText: Text 'johorotc1@gmail.com' is set on object 'Object Repository/Final Object Repo/Login Page/Internal User/Email Address'

2018-12-13 10:55:02 - [MESSAGE][PASSED] - Text 'johorotc1@gmail.com' is set on object 'Object Repository/Final Object Repo/Login Page/Internal User/Email Address'

2018-12-13 10:55:02 - [TEST_STEP][PASSED] - click: Object: 'Object Repository/Final Object Repo/Login Page/Internal User/Next Button' is clicked on

2018-12-13 10:55:02 - [MESSAGE][PASSED] - Object: 'Object Repository/Final Object Repo/Login Page/Internal User/Next Button' is clicked on

2018-12-13 10:55:02 - [TEST_STEP][PASSED] - delay: Delayed 1 second(s)

2018-12-13 10:55:03 - [MESSAGE][PASSED] - Delayed 1 second(s)

2018-12-13 10:55:03 - [TEST_STEP][PASSED] - setEncryptedText: Text ****** has been set on object 'Object Repository/Final Object Repo/Login Page/Internal User/Password'

2018-12-13 10:55:04 - [MESSAGE][PASSED] - Text ****** has been set on object 'Object Repository/Final Object Repo/Login Page/Internal User/Password'

2018-12-13 10:55:04 - [TEST_STEP][PASSED] - click: Object: 'Object Repository/Final Object Repo/Login Page/Internal User/Login Button' is clicked on

2018-12-13 10:55:04 - [MESSAGE][PASSED] - Object: 'Object Repository/Final Object Repo/Login Page/Internal User/Login Button' is clicked on

2018-12-13 10:55:04 - [TEST_STEP][PASSED] - delay: Delayed 1 second(s)

2018-12-13 10:55:05 - [MESSAGE][PASSED] - Delayed 1 second(s)

2018-12-13 10:55:05 - [TEST_STEP][PASSED] - navigateToUrl: Navigate to 'https://assist2-uat.perkeso.gov.my/web/base/portal-id/registration' successfully

2018-12-13 10:55:07 - [MESSAGE][PASSED] - Navigate to 'https://assist2-uat.perkeso.gov.my/web/base/portal-id/registration' successfully

2018-12-13 10:55:07 - [TEST_STEP][PASSED] - setText: Text 'AUTOMATION EMPLOYER' is set on object 'Object Repository/Final Object Repo/Creating Employer Account/Page_Registration - ASSIST (Base)/Employer Name'

2018-12-13 10:55:07 - [MESSAGE][PASSED] - Text 'AUTOMATION EMPLOYER' is set on object 'Object Repository/Final Object Repo/Creating Employer Account/Page_Registration - ASSIST (Base)/Employer Name'

2018-12-13 10:55:07 - [TEST_STEP][PASSED] - delay: Delayed 2 second(s)

2018-12-13 10:55:09 - [MESSAGE][PASSED] - Delayed 2 second(s)

2018-12-13 10:55:09 - [TEST_STEP][PASSED] - click: Object: 'Object Repository/Final Object Repo/Creating Employer Account/Page_Registration - ASSIST (Base)/Registration Type' is clicked on

2018-12-13 10:55:10 - [MESSAGE][PASSED] - Object: 'Object Repository/Final Object Repo/Creating Employer Account/Page_Registration - ASSIST (Base)/Registration Type' is clicked on

2018-12-13 10:55:10 - [TEST_STEP][PASSED] - delay: Delayed 2 second(s)

2018-12-13 10:55:12 - [MESSAGE][PASSED] - Delayed 2 second(s)

2018-12-13 10:55:12 - [TEST_STEP][PASSED] - click: Object: 'Object Repository/Final Object Repo/Creating Employer Account/Page_Registration - ASSIST (Base)/Registration Type - Registration No' is clicked on

2018-12-13 10:55:12 - [MESSAGE][PASSED] - Object: 'Object Repository/Final Object Repo/Creating Employer Account/Page_Registration - ASSIST (Base)/Registration Type - Registration No' is clicked on

2018-12-13 10:55:12 - [TEST_STEP][PASSED] - delay: Delayed 2 second(s)

2018-12-13 10:55:14 - [MESSAGE][PASSED] - Delayed 2 second(s)

2018-12-13 10:55:14 - [TEST_STEP][PASSED] - setText: Text 'AUTOMATE001' is set on object 'Object Repository/Final Object Repo/Creating Employer Account/Page_Registration - ASSIST (Base)/Registration Number'

2018-12-13 10:55:14 - [MESSAGE][PASSED] - Text 'AUTOMATE001' is set on object 'Object Repository/Final Object Repo/Creating Employer Account/Page_Registration - ASSIST (Base)/Registration Number'

2018-12-13 10:55:14 - [TEST_STEP][PASSED] - delay: Delayed 2 second(s)

2018-12-13 10:55:16 - [MESSAGE][PASSED] - Delayed 2 second(s)

2018-12-13 10:55:16 - [TEST_STEP][PASSED] - setText: Text 'ADDRESS 1' is set on object 'Object Repository/Final Object Repo/Creating Employer Account/Page_Registration - ASSIST (Base)/Postal Address 1'

2018-12-13 10:55:16 - [MESSAGE][PASSED] - Text 'ADDRESS 1' is set on object 'Object Repository/Final Object Repo/Creating Employer Account/Page_Registration - ASSIST (Base)/Postal Address 1'

2018-12-13 10:55:16 - [TEST_STEP][PASSED] - setText: Text 'ADDRESS 2' is set on object 'Object Repository/Final Object Repo/Creating Employer Account/Page_Registration - ASSIST (Base)/Postal Address 2'

2018-12-13 10:55:17 - [MESSAGE][PASSED] - Text 'ADDRESS 2' is set on object 'Object Repository/Final Object Repo/Creating Employer Account/Page_Registration - ASSIST (Base)/Postal Address 2'

2018-12-13 10:55:17 - [TEST_STEP][PASSED] - click: Object: 'Object Repository/Final Object Repo/Creating Employer Account/Page_Registration - ASSIST (Base)/State' is clicked on

2018-12-13 10:55:17 - [MESSAGE][PASSED] - Object: 'Object Repository/Final Object Repo/Creating Employer Account/Page_Registration - ASSIST (Base)/State' is clicked on

2018-12-13 10:55:17 - [TEST_STEP][PASSED] - delay: Delayed 2 second(s)

2018-12-13 10:55:19 - [MESSAGE][PASSED] - Delayed 2 second(s)

2018-12-13 10:55:19 - [TEST_STEP][PASSED] - click: Object: 'Object Repository/Final Object Repo/Creating Employer Account/Page_Registration - ASSIST (Base)/State - Johor' is clicked on

2018-12-13 10:55:19 - [MESSAGE][PASSED] - Object: 'Object Repository/Final Object Repo/Creating Employer Account/Page_Registration - ASSIST (Base)/State - Johor' is clicked on

2018-12-13 10:55:19 - [TEST_STEP][PASSED] - delay: Delayed 2 second(s)

2018-12-13 10:55:21 - [MESSAGE][PASSED] - Delayed 2 second(s)

2018-12-13 10:55:21 - [TEST_STEP][PASSED] - click: Object: 'Object Repository/Final Object Repo/Creating Employer Account/Page_Registration - ASSIST (Base)/City' is clicked on

2018-12-13 10:55:21 - [MESSAGE][PASSED] - Object: 'Object Repository/Final Object Repo/Creating Employer Account/Page_Registration - ASSIST (Base)/City' is clicked on

2018-12-13 10:55:21 - [TEST_STEP][PASSED] - delay: Delayed 2 second(s)

2018-12-13 10:55:23 - [MESSAGE][PASSED] - Delayed 2 second(s)

2018-12-13 10:55:23 - [TEST_STEP][PASSED] - setText: Text 'joh' is set on object 'Object Repository/Final Object Repo/Creating Employer Account/Page_Registration - ASSIST (Base)/City - joh'

2018-12-13 10:55:24 - [MESSAGE][PASSED] - Text 'joh' is set on object 'Object Repository/Final Object Repo/Creating Employer Account/Page_Registration - ASSIST (Base)/City - joh'

2018-12-13 10:55:24 - [TEST_STEP][PASSED] - delay: Delayed 2 second(s)

2018-12-13 10:55:26 - [MESSAGE][PASSED] - Delayed 2 second(s)

2018-12-13 10:55:26 - [TEST_STEP][PASSED] - click: Object: 'Object Repository/Final Object Repo/Creating Employer Account/Page_Registration - ASSIST (Base)/City - Johor Bharu' is clicked on

2018-12-13 10:55:26 - [MESSAGE][PASSED] - Object: 'Object Repository/Final Object Repo/Creating Employer Account/Page_Registration - ASSIST (Base)/City - Johor Bharu' is clicked on

2018-12-13 10:55:26 - [TEST_STEP][PASSED] - delay: Delayed 2 second(s)

2018-12-13 10:55:28 - [MESSAGE][PASSED] - Delayed 2 second(s)

2018-12-13 10:55:28 - [TEST_STEP][PASSED] - click: Object: 'Object Repository/Final Object Repo/Creating Employer Account/Page_Registration - ASSIST (Base)/Post Code' is clicked on

2018-12-13 10:55:28 - [MESSAGE][PASSED] - Object: 'Object Repository/Final Object Repo/Creating Employer Account/Page_Registration - ASSIST (Base)/Post Code' is clicked on

2018-12-13 10:55:28 - [TEST_STEP][PASSED] - delay: Delayed 2 second(s)

2018-12-13 10:55:30 - [MESSAGE][PASSED] - Delayed 2 second(s)

2018-12-13 10:55:30 - [TEST_STEP][PASSED] - setText: Text '810' is set on object 'Object Repository/Final Object Repo/Creating Employer Account/Page_Registration - ASSIST (Base)/Post Code - 810'

2018-12-13 10:55:30 - [MESSAGE][PASSED] - Text '810' is set on object 'Object Repository/Final Object Repo/Creating Employer Account/Page_Registration - ASSIST (Base)/Post Code - 810'

2018-12-13 10:55:30 - [TEST_STEP][PASSED] - delay: Delayed 2 second(s)

2018-12-13 10:55:32 - [MESSAGE][PASSED] - Delayed 2 second(s)

2018-12-13 10:55:32 - [TEST_STEP][PASSED] - click: Object: 'Object Repository/Final Object Repo/Creating Employer Account/Page_Registration - ASSIST (Base)/Post Code - 81000' is clicked on

2018-12-13 10:55:32 - [MESSAGE][PASSED] - Object: 'Object Repository/Final Object Repo/Creating Employer Account/Page_Registration - ASSIST (Base)/Post Code - 81000' is clicked on

2018-12-13 10:55:32 - [TEST_STEP][PASSED] - delay: Delayed 2 second(s)

2018-12-13 10:55:34 - [MESSAGE][PASSED] - Delayed 2 second(s)

2018-12-13 10:55:34 - [TEST_STEP][PASSED] - setText: Text 'PERKESO' is set on object 'Object Repository/Final Object Repo/Creating Employer Account/Page_Registration - ASSIST (Base)/Full Name'

2018-12-13 10:55:35 - [MESSAGE][PASSED] - Text 'PERKESO' is set on object 'Object Repository/Final Object Repo/Creating Employer Account/Page_Registration - ASSIST (Base)/Full Name'

2018-12-13 10:55:35 - [TEST_STEP][PASSED] - Statement - rnd = new java.util.Random(): null

2018-12-13 10:55:35 - [TEST_STEP][PASSED] - Statement - snum = rnd.nextInt(899999 + 1) + 100000: null

2018-12-13 10:55:35 - [TEST_STEP][PASSED] - Statement - tnum = rnd.nextInt(899999 + 1) + 100000: null

2018-12-13 10:55:35 - [TEST_STEP][PASSED] - Statement - IC = java.lang.Integer.toString(snum) + java.lang.Integer.toString(tnum): null

2018-12-13 10:55:35 - [TEST_STEP][PASSED] - Statement - out.println(IC): null

2018-12-13 10:55:35 - [TEST_STEP][PASSED] - setText: Text '704932646636' is set on object 'Object Repository/Final Object Repo/Creating Employer Account/Page_Registration - ASSIST (Base)/Identification Number'

2018-12-13 10:55:35 - [MESSAGE][PASSED] - Text '704932646636' is set on object 'Object Repository/Final Object Repo/Creating Employer Account/Page_Registration - ASSIST (Base)/Identification Number'

2018-12-13 10:55:35 - [TEST_STEP][PASSED] - delay: Delayed 2 second(s)

2018-12-13 10:55:37 - [MESSAGE][PASSED] - Delayed 2 second(s)

2018-12-13 10:55:37 - [TEST_STEP][PASSED] - setText: Text '123456789012' is set on object 'Object Repository/Final Object Repo/Creating Employer Account/Page_Registration - ASSIST (Base)/Contact Number'

2018-12-13 10:55:37 - [MESSAGE][PASSED] - Text '123456789012' is set on object 'Object Repository/Final Object Repo/Creating Employer Account/Page_Registration - ASSIST (Base)/Contact Number'

2018-12-13 10:55:37 - [TEST_STEP][PASSED] - Statement - Email = "perkeso" + IC + "@gmail.com": null

2018-12-13 10:55:37 - [TEST_STEP][PASSED] - delay: Delayed 2 second(s)

2018-12-13 10:55:39 - [MESSAGE][PASSED] - Delayed 2 second(s)

2018-12-13 10:55:39 - [TEST_STEP][PASSED] - callTestCase: Call Test Case 'Test Cases/Final Aug 2018 - PKS Automation/Create Employer Acc/Template/Employer Email Settler' successfully

2018-12-13 10:55:39 - [TEST_CASE][PASSED] - Test Cases/Final Aug 2018 - PKS Automation/Create Employer Acc/Template/Employer Email Settler: Test Cases/Final Aug 2018 - PKS Automation/Create Employer Acc/Template/Employer Email Settler

2018-12-13 10:55:39 - [TEST_STEP][PASSED] - Statement - EmpEmailOld = new java.io.File(C://Users//Admin//Desktop//PKS//Automation Reference Point//EmpEmail.txt): null

2018-12-13 10:55:39 - [TEST_STEP][PASSED] - Statement - EmpEmailOld.delete(): null

2018-12-13 10:55:39 - [TEST_STEP][PASSED] - delay: Delayed 5 second(s)

2018-12-13 10:55:44 - [MESSAGE][PASSED] - Delayed 5 second(s)

2018-12-13 10:55:44 - [TEST_STEP][PASSED] - Statement - EmpEmail = new java.io.File(C://Users//Admin//Desktop//PKS//Automation Reference Point//EmpEmail.txt): null

2018-12-13 10:55:44 - [TEST_STEP][PASSED] - Statement - f2 = new java.io.FileWriter(EmpEmail, false): null

2018-12-13 10:55:44 - [TEST_STEP][PASSED] - Statement - f2.write(Email): null

2018-12-13 10:55:44 - [TEST_STEP][PASSED] - Statement - f2.close(): null

2018-12-13 10:55:44 - [TEST_STEP][PASSED] - Statement - out.println(Email): null

2018-12-13 10:55:44 - [MESSAGE][PASSED] - Call Test Case 'Test Cases/Final Aug 2018 - PKS Automation/Create Employer Acc/Template/Employer Email Settler' successfully

2018-12-13 10:55:44 - [TEST_STEP][PASSED] - delay: Delayed 2 second(s)

2018-12-13 10:55:46 - [MESSAGE][PASSED] - Delayed 2 second(s)

2018-12-13 10:55:46 - [TEST_STEP][PASSED] - setText: Text 'perkeso704932646636@gmail.com' is set on object 'Object Repository/Final Object Repo/Creating Employer Account/Page_Registration - ASSIST (Base)/Email'

2018-12-13 10:55:47 - [MESSAGE][PASSED] - Text 'perkeso704932646636@gmail.com' is set on object 'Object Repository/Final Object Repo/Creating Employer Account/Page_Registration - ASSIST (Base)/Email'

2018-12-13 10:55:47 - [TEST_STEP][PASSED] - setText: Text '123' is set on object 'Object Repository/Final Object Repo/Creating Employer Account/Page_Registration - ASSIST (Base)/Security Phase'

2018-12-13 10:55:47 - [MESSAGE][PASSED] - Text '123' is set on object 'Object Repository/Final Object Repo/Creating Employer Account/Page_Registration - ASSIST (Base)/Security Phase'

2018-12-13 10:55:47 - [TEST_STEP][PASSED] - click: Object: 'Object Repository/Final Object Repo/Creating Employer Account/Page_Registration - ASSIST (Base)/Save  Continue' is clicked on

2018-12-13 10:55:47 - [MESSAGE][PASSED] - Object: 'Object Repository/Final Object Repo/Creating Employer Account/Page_Registration - ASSIST (Base)/Save  Continue' is clicked on

2018-12-13 10:55:47 - [TEST_STEP][PASSED] - delay: Delayed 2 second(s)

2018-12-13 10:55:49 - [MESSAGE][PASSED] - Delayed 2 second(s)

2018-12-13 10:55:49 - [TEST_STEP][PASSED] - click: Object: 'Object Repository/Final Object Repo/Creating Employer Account/Page_Registration - ASSIST (Base)/Add Document' is clicked on

2018-12-13 10:55:50 - [MESSAGE][PASSED] - Object: 'Object Repository/Final Object Repo/Creating Employer Account/Page_Registration - ASSIST (Base)/Add Document' is clicked on

2018-12-13 10:55:50 - [TEST_STEP][PASSED] - delay: Delayed 2 second(s)

2018-12-13 10:55:52 - [MESSAGE][PASSED] - Delayed 2 second(s)

2018-12-13 10:55:52 - [TEST_STEP][PASSED] - click: Object: 'Object Repository/Final Object Repo/Creating Employer Account/Page_Registration - ASSIST (Base)/Document Type' is clicked on

2018-12-13 10:55:52 - [MESSAGE][PASSED] - Object: 'Object Repository/Final Object Repo/Creating Employer Account/Page_Registration - ASSIST (Base)/Document Type' is clicked on

2018-12-13 10:55:52 - [TEST_STEP][PASSED] - delay: Delayed 2 second(s)

2018-12-13 10:55:54 - [MESSAGE][PASSED] - Delayed 2 second(s)

2018-12-13 10:55:54 - [TEST_STEP][PASSED] - click: Object: 'Object Repository/Final Object Repo/Creating Employer Account/Page_Registration - ASSIST (Base)/Document Type - Letter of Authorization' is clicked on

2018-12-13 10:55:54 - [MESSAGE][PASSED] - Object: 'Object Repository/Final Object Repo/Creating Employer Account/Page_Registration - ASSIST (Base)/Document Type - Letter of Authorization' is clicked on

2018-12-13 10:55:54 - [TEST_STEP][PASSED] - delay: Delayed 2 second(s)

2018-12-13 10:55:56 - [MESSAGE][PASSED] - Delayed 2 second(s)

2018-12-13 10:55:56 - [TEST_STEP][PASSED] - sendKeys: Keys 'C:\Users\Public\Pictures\Sample Pictures\Koala.jpg' sent to object: 'Object Repository/Final Object Repo/Creating Employer Account/Page_Registration - ASSIST (Base)/Uploading File'

2018-12-13 10:55:56 - [MESSAGE][PASSED] - Keys 'C:\Users\Public\Pictures\Sample Pictures\Koala.jpg' sent to object: 'Object Repository/Final Object Repo/Creating Employer Account/Page_Registration - ASSIST (Base)/Uploading File'

2018-12-13 10:55:56 - [TEST_STEP][PASSED] - delay: Delayed 2 second(s)

2018-12-13 10:55:58 - [MESSAGE][PASSED] - Delayed 2 second(s)

2018-12-13 10:55:58 - [TEST_STEP][PASSED] - click: Object: 'Object Repository/Final Object Repo/Creating Employer Account/Page_Registration - ASSIST (Base)/Add Document in Uploading File' is clicked on

2018-12-13 10:55:58 - [MESSAGE][PASSED] - Object: 'Object Repository/Final Object Repo/Creating Employer Account/Page_Registration - ASSIST (Base)/Add Document in Uploading File' is clicked on

2018-12-13 10:55:58 - [TEST_STEP][PASSED] - delay: Delayed 2 second(s)

2018-12-13 10:56:00 - [MESSAGE][PASSED] - Delayed 2 second(s)

2018-12-13 10:56:00 - [TEST_STEP][PASSED] - click: Object: 'Object Repository/Final Object Repo/Creating Employer Account/Page_Registration - ASSIST (Base)/Save' is clicked on

2018-12-13 10:56:01 - [MESSAGE][PASSED] - Object: 'Object Repository/Final Object Repo/Creating Employer Account/Page_Registration - ASSIST (Base)/Save' is clicked on

2018-12-13 10:56:01 - [TEST_STEP][PASSED] - delay: Delayed 2 second(s)

2018-12-13 10:56:03 - [MESSAGE][PASSED] - Delayed 2 second(s)

2018-12-13 10:56:03 - [TEST_STEP][PASSED] - click: Object: 'Object Repository/Final Object Repo/Creating Employer Account/Page_Registration - ASSIST (Base)/Submit' is clicked on

2018-12-13 10:56:03 - [MESSAGE][PASSED] - Object: 'Object Repository/Final Object Repo/Creating Employer Account/Page_Registration - ASSIST (Base)/Submit' is clicked on

2018-12-13 10:56:03 - [TEST_STEP][PASSED] - delay: Delayed 2 second(s)

2018-12-13 10:56:05 - [MESSAGE][PASSED] - Delayed 2 second(s)

2018-12-13 10:56:05 - [TEST_STEP][PASSED] - click: Object: 'Object Repository/Final Object Repo/Creating Employer Account/Page_Registration - ASSIST (Base)/Confirm' is clicked on

2018-12-13 10:56:05 - [MESSAGE][PASSED] - Object: 'Object Repository/Final Object Repo/Creating Employer Account/Page_Registration - ASSIST (Base)/Confirm' is clicked on

2018-12-13 10:56:05 - [MESSAGE][PASSED] - Call Test Case 'Test Cases/Final Aug 2018 - PKS Automation/Create Employer Acc/Template/Register Employer' successfully

2018-12-13 10:56:05 - [TEST_STEP][PASSED] - delay: Delayed 1 second(s)

2018-12-13 10:56:06 - [MESSAGE][PASSED] - Delayed 1 second(s)

2018-12-13 10:56:06 - [TEST_STEP][PASSED] - navigateToUrl: Navigate to 'https://assist2-uat.perkeso.gov.my/c/portal/logout' successfully

2018-12-13 10:56:08 - [MESSAGE][PASSED] - Navigate to 'https://assist2-uat.perkeso.gov.my/c/portal/logout' successfully

2018-12-13 10:56:08 - [TEST_STEP][PASSED] - delay: Delayed 1 second(s)

2018-12-13 10:56:09 - [MESSAGE][PASSED] - Delayed 1 second(s)

2018-12-13 10:56:09 - [TEST_STEP][PASSED] - callTestCase: Call Test Case 'Test Cases/Final Aug 2018 - PKS Automation/Create Employer Acc/Template/Change Password of Employer' successfully

2018-12-13 10:56:09 - [TEST_CASE][PASSED] - Test Cases/Final Aug 2018 - PKS Automation/Create Employer Acc/Template/Change Password of Employer: Test Cases/Final Aug 2018 - PKS Automation/Create Employer Acc/Template/Change Password of Employer

2018-12-13 10:56:09 - [TEST_STEP][PASSED] - openBrowser: Browser is opened with url: ''

2018-12-13 10:56:09 - [MESSAGE][WARNING] - A browser is already opened. Closing browser and opening a new one

2018-12-13 10:56:12 - [MESSAGE][PASSED] - Browser is opened with url: ''

2018-12-13 10:56:12 - [TEST_STEP][PASSED] - navigateToUrl: Navigate to 'https://assist2-uat.perkeso.gov.my/login' successfully

2018-12-13 10:56:13 - [MESSAGE][PASSED] - Navigate to 'https://assist2-uat.perkeso.gov.my/login' successfully

2018-12-13 10:56:13 - [TEST_STEP][PASSED] - delay: Delayed 5 second(s)

2018-12-13 10:56:18 - [MESSAGE][PASSED] - Delayed 5 second(s)

2018-12-13 10:56:18 - [TEST_STEP][PASSED] - setText: Text 'test@liferay.com' is set on object 'Object Repository/Final Object Repo/Login Page/Internal User/Email Address'

2018-12-13 10:56:18 - [MESSAGE][PASSED] - Text 'test@liferay.com' is set on object 'Object Repository/Final Object Repo/Login Page/Internal User/Email Address'

2018-12-13 10:56:18 - [TEST_STEP][PASSED] - click: Object: 'Object Repository/Final Object Repo/Login Page/Internal User/Next Button' is clicked on

2018-12-13 10:56:18 - [MESSAGE][PASSED] - Object: 'Object Repository/Final Object Repo/Login Page/Internal User/Next Button' is clicked on

2018-12-13 10:56:18 - [TEST_STEP][PASSED] - delay: Delayed 2 second(s)

2018-12-13 10:56:20 - [MESSAGE][PASSED] - Delayed 2 second(s)

2018-12-13 10:56:20 - [TEST_STEP][PASSED] - setText: Text 'test' is set on object 'Object Repository/Final Object Repo/Login Page/Internal User/Password'

2018-12-13 10:56:20 - [MESSAGE][PASSED] - Text 'test' is set on object 'Object Repository/Final Object Repo/Login Page/Internal User/Password'

2018-12-13 10:56:20 - [TEST_STEP][PASSED] - delay: Delayed 2 second(s)

2018-12-13 10:56:22 - [MESSAGE][PASSED] - Delayed 2 second(s)

2018-12-13 10:56:22 - [TEST_STEP][PASSED] - click: Object: 'Object Repository/Final Object Repo/Login Page/Internal User/Login Button' is clicked on

2018-12-13 10:56:22 - [MESSAGE][PASSED] - Object: 'Object Repository/Final Object Repo/Login Page/Internal User/Login Button' is clicked on

2018-12-13 10:56:22 - [TEST_STEP][PASSED] - delay: Delayed 3 second(s)

2018-12-13 10:56:25 - [MESSAGE][PASSED] - Delayed 3 second(s)

2018-12-13 10:56:25 - [TEST_STEP][PASSED] - navigateToUrl: Navigate to 'https://assist2-uat.perkeso.gov.my/group/control_panel/manage?p_p_id=125&p_p_lifecycle=0&p_p_state=maximized&p_p_mode=view&refererPlid=20455&_125_usersListView=flat-users&_125_toolbarItem=view-all-users&_125_saveUsersListView=true&_125_struts_action=%2Fusers_admin%2Fview' successfully

2018-12-13 10:56:27 - [MESSAGE][PASSED] - Navigate to 'https://assist2-uat.perkeso.gov.my/group/control_panel/manage?p_p_id=125&p_p_lifecycle=0&p_p_state=maximized&p_p_mode=view&refererPlid=20455&_125_usersListView=flat-users&_125_toolbarItem=view-all-users&_125_saveUsersListView=true&_125_struts_action=%2Fusers_admin%2Fview' successfully

2018-12-13 10:56:27 - [TEST_STEP][PASSED] - delay: Delayed 3 second(s)

2018-12-13 10:56:30 - [MESSAGE][PASSED] - Delayed 3 second(s)

2018-12-13 10:56:30 - [TEST_STEP][PASSED] - setText: Text 'perkeso704932646636@gmail.com' is set on object 'Object Repository/Final Object Repo/Creating Employer Account/Page_Users and Organizations - ASSIST/Employer name'

2018-12-13 10:56:31 - [MESSAGE][PASSED] - Text 'perkeso704932646636@gmail.com' is set on object 'Object Repository/Final Object Repo/Creating Employer Account/Page_Users and Organizations - ASSIST/Employer name'

2018-12-13 10:56:31 - [TEST_STEP][PASSED] - delay: Delayed 3 second(s)

2018-12-13 10:56:34 - [MESSAGE][PASSED] - Delayed 3 second(s)

2018-12-13 10:56:34 - [TEST_STEP][PASSED] - click: Object: 'Object Repository/Final Object Repo/Creating Employer Account/Page_Users and Organizations - ASSIST/Search' is clicked on

2018-12-13 10:56:34 - [MESSAGE][PASSED] - Object: 'Object Repository/Final Object Repo/Creating Employer Account/Page_Users and Organizations - ASSIST/Search' is clicked on

2018-12-13 10:56:34 - [TEST_STEP][PASSED] - delay: Delayed 3 second(s)

2018-12-13 10:56:37 - [MESSAGE][PASSED] - Delayed 3 second(s)

2018-12-13 10:56:37 - [TEST_STEP][PASSED] - click: Object: 'Object Repository/Final Object Repo/Creating Employer Account/Page_Users and Organizations - ASSIST/Action' is clicked on

2018-12-13 10:56:37 - [MESSAGE][PASSED] - Object: 'Object Repository/Final Object Repo/Creating Employer Account/Page_Users and Organizations - ASSIST/Action' is clicked on

2018-12-13 10:56:37 - [TEST_STEP][PASSED] - delay: Delayed 3 second(s)

2018-12-13 10:56:40 - [MESSAGE][PASSED] - Delayed 3 second(s)

2018-12-13 10:56:40 - [TEST_STEP][PASSED] - click: Object: 'Object Repository/Final Object Repo/Creating Employer Account/Page_Users and Organizations - ASSIST/Edit' is clicked on

2018-12-13 10:56:41 - [MESSAGE][PASSED] - Object: 'Object Repository/Final Object Repo/Creating Employer Account/Page_Users and Organizations - ASSIST/Edit' is clicked on

2018-12-13 10:56:41 - [TEST_STEP][PASSED] - delay: Delayed 3 second(s)

2018-12-13 10:56:44 - [MESSAGE][PASSED] - Delayed 3 second(s)

2018-12-13 10:56:44 - [TEST_STEP][PASSED] - click: Object: 'Object Repository/Final Object Repo/Creating Employer Account/Page_PERKESO - Users and Organizati/a_Password (Modified)' is clicked on

2018-12-13 10:56:45 - [MESSAGE][PASSED] - Object: 'Object Repository/Final Object Repo/Creating Employer Account/Page_PERKESO - Users and Organizati/a_Password (Modified)' is clicked on

2018-12-13 10:56:45 - [TEST_STEP][PASSED] - delay: Delayed 3 second(s)

2018-12-13 10:56:48 - [MESSAGE][PASSED] - Delayed 3 second(s)

2018-12-13 10:56:48 - [TEST_STEP][PASSED] - setEncryptedText: Text ****** has been set on object 'Object Repository/Final Object Repo/Creating Employer Account/Page_PERKESO - Users and Organizati/input__125_password1'

2018-12-13 10:56:48 - [MESSAGE][PASSED] - Text ****** has been set on object 'Object Repository/Final Object Repo/Creating Employer Account/Page_PERKESO - Users and Organizati/input__125_password1'

2018-12-13 10:56:48 - [TEST_STEP][PASSED] - delay: Delayed 3 second(s)

2018-12-13 10:56:51 - [MESSAGE][PASSED] - Delayed 3 second(s)

2018-12-13 10:56:51 - [TEST_STEP][PASSED] - setEncryptedText: Text ****** has been set on object 'Object Repository/Final Object Repo/Creating Employer Account/Page_PERKESO - Users and Organizati/input__125_password2'

2018-12-13 10:56:51 - [MESSAGE][PASSED] - Text ****** has been set on object 'Object Repository/Final Object Repo/Creating Employer Account/Page_PERKESO - Users and Organizati/input__125_password2'

2018-12-13 10:56:51 - [TEST_STEP][PASSED] - delay: Delayed 3 second(s)

2018-12-13 10:56:54 - [MESSAGE][PASSED] - Delayed 3 second(s)

2018-12-13 10:56:54 - [TEST_STEP][PASSED] - click: Object: 'Object Repository/Final Object Repo/Creating Employer Account/Page_PERKESO - Users and Organizati/Save' is clicked on

2018-12-13 10:56:56 - [MESSAGE][PASSED] - Object: 'Object Repository/Final Object Repo/Creating Employer Account/Page_PERKESO - Users and Organizati/Save' is clicked on

2018-12-13 10:56:56 - [MESSAGE][PASSED] - Call Test Case 'Test Cases/Final Aug 2018 - PKS Automation/Create Employer Acc/Template/Change Password of Employer' successfully

2018-12-13 10:56:56 - [TEST_STEP][PASSED] - delay: Delayed 1 second(s)

2018-12-13 10:56:57 - [MESSAGE][PASSED] - Delayed 1 second(s)

2018-12-13 10:56:57 - [TEST_STEP][PASSED] - navigateToUrl: Navigate to 'https://assist2-uat.perkeso.gov.my/c/portal/logout' successfully

2018-12-13 10:56:58 - [MESSAGE][PASSED] - Navigate to 'https://assist2-uat.perkeso.gov.my/c/portal/logout' successfully

2018-12-13 10:56:58 - [TEST_STEP][PASSED] - delay: Delayed 1 second(s)

2018-12-13 10:56:59 - [MESSAGE][PASSED] - Delayed 1 second(s)

2018-12-13 10:56:59 - [TEST_STEP][PASSED] - callTestCase: Call Test Case 'Test Cases/Final Aug 2018 - PKS Automation/Create Employer Acc/Template/Login to Employer Account (First Time)' successfully

2018-12-13 10:56:59 - [TEST_CASE][PASSED] - Test Cases/Final Aug 2018 - PKS Automation/Create Employer Acc/Template/Login to Employer Account (First Time): Test Cases/Final Aug 2018 - PKS Automation/Create Employer Acc/Template/Login to Employer Account (First Time)

2018-12-13 10:56:59 - [TEST_STEP][PASSED] - openBrowser: Browser is opened with url: ''

2018-12-13 10:56:59 - [MESSAGE][WARNING] - A browser is already opened. Closing browser and opening a new one

2018-12-13 10:57:02 - [MESSAGE][PASSED] - Browser is opened with url: ''

2018-12-13 10:57:02 - [TEST_STEP][PASSED] - navigateToUrl: Navigate to 'https://assist2-uat.perkeso.gov.my/employer/login' successfully

2018-12-13 10:57:03 - [MESSAGE][PASSED] - Navigate to 'https://assist2-uat.perkeso.gov.my/employer/login' successfully

2018-12-13 10:57:03 - [TEST_STEP][PASSED] - delay: Delayed 3 second(s)

2018-12-13 10:57:06 - [MESSAGE][PASSED] - Delayed 3 second(s)

2018-12-13 10:57:06 - [TEST_STEP][PASSED] - callTestCase: Call Test Case 'Test Cases/Final Aug 2018 - PKS Automation/Create Employer Acc/Template/Employer Email Getter' successfully

2018-12-13 10:57:06 - [TEST_CASE][PASSED] - Test Cases/Final Aug 2018 - PKS Automation/Create Employer Acc/Template/Employer Email Getter: Test Cases/Final Aug 2018 - PKS Automation/Create Employer Acc/Template/Employer Email Getter

2018-12-13 10:57:06 - [TEST_STEP][PASSED] - Statement - Try: null

2018-12-13 10:57:06 - [TEST_STEP][PASSED] - Statement - EmpEmail = new java.io.File(C://Users//Admin//Desktop//PKS//Automation Reference Point//EmpEmail.txt): null

2018-12-13 10:57:06 - [TEST_STEP][PASSED] - Statement - bufferread = new java.io.BufferedReader(new java.io.FileReader(EmpEmail)): null

2018-12-13 10:57:06 - [TEST_STEP][PASSED] - Statement - readedVal = bufferread.readLine(): null

2018-12-13 10:57:06 - [TEST_STEP][PASSED] - Statement - out.println(readedVal): null

2018-12-13 10:57:06 - [TEST_STEP][PASSED] - Statement - Email = readedVal: null

2018-12-13 10:57:06 - [MESSAGE][PASSED] - Call Test Case 'Test Cases/Final Aug 2018 - PKS Automation/Create Employer Acc/Template/Employer Email Getter' successfully

2018-12-13 10:57:06 - [TEST_STEP][PASSED] - setText: Text 'perkeso704932646636@gmail.com' is set on object 'Object Repository/Final Object Repo/Login Page/External Login Page/Email'

2018-12-13 10:57:06 - [MESSAGE][PASSED] - Text 'perkeso704932646636@gmail.com' is set on object 'Object Repository/Final Object Repo/Login Page/External Login Page/Email'

2018-12-13 10:57:06 - [TEST_STEP][PASSED] - click: Object: 'Object Repository/Final Object Repo/Login Page/External Login Page/Next' is clicked on

2018-12-13 10:57:06 - [MESSAGE][PASSED] - Object: 'Object Repository/Final Object Repo/Login Page/External Login Page/Next' is clicked on

2018-12-13 10:57:06 - [TEST_STEP][PASSED] - delay: Delayed 3 second(s)

2018-12-13 10:57:09 - [MESSAGE][PASSED] - Delayed 3 second(s)

2018-12-13 10:57:09 - [TEST_STEP][PASSED] - setEncryptedText: Text ****** has been set on object 'Object Repository/Final Object Repo/Login Page/External Login Page/Password'

2018-12-13 10:57:10 - [MESSAGE][PASSED] - Text ****** has been set on object 'Object Repository/Final Object Repo/Login Page/External Login Page/Password'

2018-12-13 10:57:10 - [TEST_STEP][PASSED] - click: Object: 'Object Repository/Final Object Repo/Login Page/External Login Page/Login' is clicked on

2018-12-13 10:57:10 - [MESSAGE][PASSED] - Object: 'Object Repository/Final Object Repo/Login Page/External Login Page/Login' is clicked on

2018-12-13 10:57:10 - [TEST_STEP][PASSED] - delay: Delayed 3 second(s)

2018-12-13 10:57:13 - [MESSAGE][PASSED] - Delayed 3 second(s)

2018-12-13 10:57:13 - [TEST_STEP][PASSED] - click: Object: 'Object Repository/Final Object Repo/Creating Employer Account/Page_Terms of Use - ASSIST/button_I Agree' is clicked on

2018-12-13 10:57:14 - [MESSAGE][PASSED] - Object: 'Object Repository/Final Object Repo/Creating Employer Account/Page_Terms of Use - ASSIST/button_I Agree' is clicked on

2018-12-13 10:57:14 - [TEST_STEP][PASSED] - delay: Delayed 2 second(s)

2018-12-13 10:57:16 - [MESSAGE][PASSED] - Delayed 2 second(s)

2018-12-13 10:57:16 - [TEST_STEP][PASSED] - setEncryptedText: Text ****** has been set on object 'Object Repository/Final Object Repo/Creating Employer Account/Page_New Password - ASSIST/input_password1'

2018-12-13 10:57:17 - [MESSAGE][PASSED] - Text ****** has been set on object 'Object Repository/Final Object Repo/Creating Employer Account/Page_New Password - ASSIST/input_password1'

2018-12-13 10:57:17 - [TEST_STEP][PASSED] - setEncryptedText: Text ****** has been set on object 'Object Repository/Final Object Repo/Creating Employer Account/Page_New Password - ASSIST/input_password2'

2018-12-13 10:57:17 - [MESSAGE][PASSED] - Text ****** has been set on object 'Object Repository/Final Object Repo/Creating Employer Account/Page_New Password - ASSIST/input_password2'

2018-12-13 10:57:17 - [TEST_STEP][PASSED] - delay: Delayed 2 second(s)

2018-12-13 10:57:19 - [MESSAGE][PASSED] - Delayed 2 second(s)

2018-12-13 10:57:19 - [TEST_STEP][PASSED] - click: Object: 'Object Repository/Final Object Repo/Creating Employer Account/Page_New Password - ASSIST/Save' is clicked on

2018-12-13 10:57:19 - [MESSAGE][PASSED] - Object: 'Object Repository/Final Object Repo/Creating Employer Account/Page_New Password - ASSIST/Save' is clicked on

2018-12-13 10:57:19 - [TEST_STEP][PASSED] - delay: Delayed 2 second(s)

2018-12-13 10:57:21 - [MESSAGE][PASSED] - Delayed 2 second(s)

2018-12-13 10:57:21 - [TEST_STEP][PASSED] - setText: Text 'test' is set on object 'Object Repository/Final Object Repo/Creating Employer Account/Page_Password Reminder - ASSIST/Reminder Query Answer'

2018-12-13 10:57:21 - [MESSAGE][PASSED] - Text 'test' is set on object 'Object Repository/Final Object Repo/Creating Employer Account/Page_Password Reminder - ASSIST/Reminder Query Answer'

2018-12-13 10:57:21 - [TEST_STEP][PASSED] - delay: Delayed 2 second(s)

2018-12-13 10:57:23 - [MESSAGE][PASSED] - Delayed 2 second(s)

2018-12-13 10:57:23 - [TEST_STEP][PASSED] - doubleClick: Object: 'Object Repository/Final Object Repo/Creating Employer Account/Page_Password Reminder - ASSIST/Save' is double clicked on

2018-12-13 10:57:23 - [MESSAGE][PASSED] - Object: 'Object Repository/Final Object Repo/Creating Employer Account/Page_Password Reminder - ASSIST/Save' is double clicked on

2018-12-13 10:57:23 - [MESSAGE][PASSED] - Call Test Case 'Test Cases/Final Aug 2018 - PKS Automation/Create Employer Acc/Template/Login to Employer Account (First Time)' successfully

2018-12-13 10:57:23 - [MESSAGE][PASSED] - Call Test Case 'Test Cases/Final Aug 2018 - PKS Automation/Create Employer Acc/Create Employer Account' successfully

2018-12-13 10:57:23 - [TEST_STEP][PASSED] - callTestCase: Call Test Case 'Test Cases/Final Aug 2018 - PKS Automation/Registration Module/Log Out/log out avoiding katalon tagging' successfully

2018-12-13 10:57:23 - [TEST_CASE][PASSED] - Test Cases/Final Aug 2018 - PKS Automation/Registration Module/Log Out/log out avoiding katalon tagging: Test Cases/Final Aug 2018 - PKS Automation/Registration Module/Log Out/log out avoiding katalon tagging

2018-12-13 10:57:23 - [TEST_STEP][PASSED] - navigateToUrl: Navigate to 'https://assist2-uat.perkeso.gov.my/c/portal/logout' successfully

2018-12-13 10:57:26 - [MESSAGE][PASSED] - Navigate to 'https://assist2-uat.perkeso.gov.my/c/portal/logout' successfully

2018-12-13 10:57:26 - [MESSAGE][PASSED] - Call Test Case 'Test Cases/Final Aug 2018 - PKS Automation/Registration Module/Log Out/log out avoiding katalon tagging' successfully

2018-12-13 10:57:26 - [TEST_STEP][PASSED] - callTestCase: Call Test Case 'Test Cases/Final Aug 2018 - PKS Automation/Create Employer Acc/Login to Employer Account (Second time)' successfully

2018-12-13 10:57:26 - [TEST_CASE][PASSED] - Test Cases/Final Aug 2018 - PKS Automation/Create Employer Acc/Login to Employer Account (Second time): Test Cases/Final Aug 2018 - PKS Automation/Create Employer Acc/Login to Employer Account (Second time)

2018-12-13 10:57:26 - [TEST_STEP][PASSED] - openBrowser: Browser is opened with url: ''

2018-12-13 10:57:26 - [MESSAGE][WARNING] - A browser is already opened. Closing browser and opening a new one

2018-12-13 10:57:29 - [MESSAGE][PASSED] - Browser is opened with url: ''

2018-12-13 10:57:29 - [TEST_STEP][PASSED] - navigateToUrl: Navigate to 'https://assist2-uat.perkeso.gov.my/employer/login' successfully

2018-12-13 10:57:30 - [MESSAGE][PASSED] - Navigate to 'https://assist2-uat.perkeso.gov.my/employer/login' successfully

2018-12-13 10:57:30 - [TEST_STEP][PASSED] - delay: Delayed 3 second(s)

2018-12-13 10:57:33 - [MESSAGE][PASSED] - Delayed 3 second(s)

2018-12-13 10:57:33 - [TEST_STEP][PASSED] - callTestCase: Call Test Case 'Test Cases/Final Aug 2018 - PKS Automation/Create Employer Acc/Template/Employer Email Getter' successfully

2018-12-13 10:57:33 - [TEST_CASE][PASSED] - Test Cases/Final Aug 2018 - PKS Automation/Create Employer Acc/Template/Employer Email Getter: Test Cases/Final Aug 2018 - PKS Automation/Create Employer Acc/Template/Employer Email Getter

2018-12-13 10:57:33 - [TEST_STEP][PASSED] - Statement - Try: null

2018-12-13 10:57:33 - [TEST_STEP][PASSED] - Statement - EmpEmail = new java.io.File(C://Users//Admin//Desktop//PKS//Automation Reference Point//EmpEmail.txt): null

2018-12-13 10:57:33 - [TEST_STEP][PASSED] - Statement - bufferread = new java.io.BufferedReader(new java.io.FileReader(EmpEmail)): null

2018-12-13 10:57:33 - [TEST_STEP][PASSED] - Statement - readedVal = bufferread.readLine(): null

2018-12-13 10:57:33 - [TEST_STEP][PASSED] - Statement - out.println(readedVal): null

2018-12-13 10:57:33 - [TEST_STEP][PASSED] - Statement - Email = readedVal: null

2018-12-13 10:57:33 - [MESSAGE][PASSED] - Call Test Case 'Test Cases/Final Aug 2018 - PKS Automation/Create Employer Acc/Template/Employer Email Getter' successfully

2018-12-13 10:57:33 - [TEST_STEP][PASSED] - setText: Text 'perkeso704932646636@gmail.com' is set on object 'Object Repository/Final Object Repo/Login Page/External Login Page/Email'

2018-12-13 10:57:34 - [MESSAGE][PASSED] - Text 'perkeso704932646636@gmail.com' is set on object 'Object Repository/Final Object Repo/Login Page/External Login Page/Email'

2018-12-13 10:57:34 - [TEST_STEP][PASSED] - click: Object: 'Object Repository/Final Object Repo/Login Page/External Login Page/Next' is clicked on

2018-12-13 10:57:34 - [MESSAGE][PASSED] - Object: 'Object Repository/Final Object Repo/Login Page/External Login Page/Next' is clicked on

2018-12-13 10:57:34 - [TEST_STEP][PASSED] - delay: Delayed 3 second(s)

2018-12-13 10:57:37 - [MESSAGE][PASSED] - Delayed 3 second(s)

2018-12-13 10:57:37 - [TEST_STEP][PASSED] - setEncryptedText: Text ****** has been set on object 'Object Repository/Final Object Repo/Login Page/External Login Page/Password'

2018-12-13 10:57:40 - [MESSAGE][PASSED] - Text ****** has been set on object 'Object Repository/Final Object Repo/Login Page/External Login Page/Password'

2018-12-13 10:57:40 - [TEST_STEP][PASSED] - click: Object: 'Object Repository/Final Object Repo/Login Page/External Login Page/Login' is clicked on

2018-12-13 10:57:40 - [MESSAGE][PASSED] - Object: 'Object Repository/Final Object Repo/Login Page/External Login Page/Login' is clicked on

2018-12-13 10:57:40 - [TEST_STEP][PASSED] - delay: Delayed 5 second(s)

2018-12-13 10:57:45 - [MESSAGE][PASSED] - Delayed 5 second(s)

2018-12-13 10:57:45 - [MESSAGE][PASSED] - Call Test Case 'Test Cases/Final Aug 2018 - PKS Automation/Create Employer Acc/Login to Employer Account (Second time)' successfully

2018-12-13 10:57:45 - [TEST_STEP][PASSED] - delay: Delayed 4 second(s)

2018-12-13 10:57:49 - [MESSAGE][PASSED] - Delayed 4 second(s)

2018-12-13 10:57:49 - [TEST_STEP][PASSED] - Statement - Try: Delayed 2 second(s)

2018-12-13 10:57:49 - [TEST_STEP][PASSED] - Statement - Checker = false: null

2018-12-13 10:57:49 - [TEST_STEP][PASSED] - Statement - Checker = com.kms.katalon.core.webui.keyword.WebUiBuiltInKeywords.verifyElementHasAttribute(com.kms.katalon.core.testobject.ObjectRepository.findTestObject(Final Object Repo/Landing Page/BM Detecting), "href", 20, OPTIONAL): Object 'Object Repository/Final Object Repo/Landing Page/BM Detecting' has attribute 'href'

2018-12-13 10:57:50 - [MESSAGE][PASSED] - Object 'Object Repository/Final Object Repo/Landing Page/BM Detecting' has attribute 'href'

2018-12-13 10:57:50 - [TEST_STEP][PASSED] - Statement - out.println(Checker): null

2018-12-13 10:57:50 - [TEST_STEP][PASSED] - Statement - If (Checker == false): null

2018-12-13 10:57:50 - [TEST_STEP][PASSED] - Statement - Else: null

2018-12-13 10:57:50 - [TEST_STEP][PASSED] - delay: Delayed 2 second(s)

2018-12-13 10:57:52 - [MESSAGE][PASSED] - Delayed 2 second(s)

2018-12-13 10:57:52 - [TEST_STEP][PASSED] - delay: Delayed 4 second(s)

2018-12-13 10:57:56 - [MESSAGE][PASSED] - Delayed 4 second(s)

2018-12-13 10:57:56 - [TEST_STEP][PASSED] - click: Object: 'Object Repository/Final Object Repo/Landing Page/My Sites Drop Down' is clicked on

2018-12-13 10:57:56 - [MESSAGE][PASSED] - Object: 'Object Repository/Final Object Repo/Landing Page/My Sites Drop Down' is clicked on

2018-12-13 10:57:56 - [TEST_STEP][PASSED] - click: Object: 'Object Repository/Final Object Repo/Landing Page/Select to Registration Module' is clicked on

2018-12-13 10:57:58 - [MESSAGE][PASSED] - Object: 'Object Repository/Final Object Repo/Landing Page/Select to Registration Module' is clicked on

2018-12-13 10:57:58 - [TEST_STEP][PASSED] - click: Object: 'Object Repository/Final Object Repo/Landing Page/Registration Button' is clicked on

2018-12-13 10:58:00 - [MESSAGE][PASSED] - Object: 'Object Repository/Final Object Repo/Landing Page/Registration Button' is clicked on

2018-12-13 10:58:00 - [TEST_STEP][PASSED] - delay: Delayed 2 second(s)

2018-12-13 10:58:02 - [MESSAGE][PASSED] - Delayed 2 second(s)

2018-12-13 10:58:02 - [TEST_STEP][PASSED] - click: Object: 'Object Repository/Final Object Repo/New Registration - Registration Module Pages/New Reg - OTC to RO/Special Case - OTC - Form 1/AEC NO' is clicked on

2018-12-13 10:58:02 - [MESSAGE][PASSED] - Object: 'Object Repository/Final Object Repo/New Registration - Registration Module Pages/New Reg - OTC to RO/Special Case - OTC - Form 1/AEC NO' is clicked on

2018-12-13 10:58:02 - [TEST_STEP][PASSED] - click: Object: 'Object Repository/Final Object Repo/New Registration - Registration Module Pages/New Reg - OTC to RO/Special Case - OTC - Form 1/Business Entity - Please Select' is clicked on

2018-12-13 10:58:02 - [MESSAGE][PASSED] - Object: 'Object Repository/Final Object Repo/New Registration - Registration Module Pages/New Reg - OTC to RO/Special Case - OTC - Form 1/Business Entity - Please Select' is clicked on

2018-12-13 10:58:02 - [TEST_STEP][PASSED] - click: Object: 'Object Repository/Final Object Repo/New Registration - Registration Module Pages/New Reg - OTC to RO/Special Case - OTC - Form 1/Selected - Corporation' is clicked on

2018-12-13 10:58:02 - [MESSAGE][PASSED] - Object: 'Object Repository/Final Object Repo/New Registration - Registration Module Pages/New Reg - OTC to RO/Special Case - OTC - Form 1/Selected - Corporation' is clicked on

2018-12-13 10:58:02 - [TEST_STEP][PASSED] - delay: Delayed 2 second(s)

2018-12-13 10:58:04 - [MESSAGE][PASSED] - Delayed 2 second(s)

2018-12-13 10:58:04 - [TEST_STEP][PASSED] - click: Object: 'Object Repository/Final Object Repo/New Registration - Registration Module Pages/New Reg - OTC to RO/Special Case - OTC - Form 1/Sub Business Entity - Please Select' is clicked on

2018-12-13 10:58:05 - [MESSAGE][PASSED] - Object: 'Object Repository/Final Object Repo/New Registration - Registration Module Pages/New Reg - OTC to RO/Special Case - OTC - Form 1/Sub Business Entity - Please Select' is clicked on

2018-12-13 10:58:05 - [TEST_STEP][PASSED] - delay: Delayed 2 second(s)

2018-12-13 10:58:07 - [MESSAGE][PASSED] - Delayed 2 second(s)

2018-12-13 10:58:07 - [TEST_STEP][PASSED] - click: Object: 'Object Repository/Final Object Repo/New Registration - Registration Module Pages/New Reg - OTC to RO/Special Case - OTC - Form 1/Selected - Sendirian Berhad' is clicked on

2018-12-13 10:58:07 - [MESSAGE][PASSED] - Object: 'Object Repository/Final Object Repo/New Registration - Registration Module Pages/New Reg - OTC to RO/Special Case - OTC - Form 1/Selected - Sendirian Berhad' is clicked on

2018-12-13 10:58:07 - [TEST_STEP][PASSED] - setText: Text 'AUTOMATE001' is set on object 'Object Repository/Final Object Repo/New Registration - Registration Module Pages/New Reg - OTC to RO/Special Case - OTC - Form 1/Input BRN Number'

2018-12-13 10:58:07 - [MESSAGE][PASSED] - Text 'AUTOMATE001' is set on object 'Object Repository/Final Object Repo/New Registration - Registration Module Pages/New Reg - OTC to RO/Special Case - OTC - Form 1/Input BRN Number'

2018-12-13 10:58:07 - [TEST_STEP][PASSED] - delay: Delayed 2 second(s)

2018-12-13 10:58:09 - [MESSAGE][PASSED] - Delayed 2 second(s)

2018-12-13 10:58:09 - [TEST_STEP][PASSED] - click: Object: 'Object Repository/Final Object Repo/New Registration - Registration Module Pages/New Reg - OTC to RO/Special Case - OTC - Form 1/BRN Search' is clicked on

2018-12-13 10:58:09 - [MESSAGE][PASSED] - Object: 'Object Repository/Final Object Repo/New Registration - Registration Module Pages/New Reg - OTC to RO/Special Case - OTC - Form 1/BRN Search' is clicked on

2018-12-13 10:58:09 - [TEST_STEP][PASSED] - delay: Delayed 4 second(s)

2018-12-13 10:58:13 - [MESSAGE][PASSED] - Delayed 4 second(s)

2018-12-13 10:58:13 - [TEST_STEP][PASSED] - click: Object: 'Object Repository/Final Object Repo/New Registration - Registration Module Pages/New Reg - OTC to RO/Special Case - OTC - Form 1/Registered with SSM - After Feb 2017' is clicked on

2018-12-13 10:58:14 - [MESSAGE][PASSED] - Object: 'Object Repository/Final Object Repo/New Registration - Registration Module Pages/New Reg - OTC to RO/Special Case - OTC - Form 1/Registered with SSM - After Feb 2017' is clicked on

2018-12-13 10:58:14 - [TEST_STEP][PASSED] - delay: Delayed 2 second(s)

2018-12-13 10:58:16 - [MESSAGE][PASSED] - Delayed 2 second(s)

2018-12-13 10:58:16 - [TEST_STEP][PASSED] - click: Object: 'Object Repository/Final Object Repo/New Registration - Registration Module Pages/Form 1/Registered As a Branch - Yes' is clicked on

2018-12-13 10:58:16 - [MESSAGE][PASSED] - Object: 'Object Repository/Final Object Repo/New Registration - Registration Module Pages/Form 1/Registered As a Branch - Yes' is clicked on

2018-12-13 10:58:16 - [TEST_STEP][PASSED] - click: Object: 'Object Repository/Final Object Repo/New Registration - Registration Module Pages/New Reg - OTC to RO/Special Case - OTC - Form 1/Acknowledgement Ticked' is clicked on

2018-12-13 10:58:16 - [MESSAGE][PASSED] - Object: 'Object Repository/Final Object Repo/New Registration - Registration Module Pages/New Reg - OTC to RO/Special Case - OTC - Form 1/Acknowledgement Ticked' is clicked on

2018-12-13 10:58:16 - [TEST_STEP][PASSED] - setText: Text 'perkeso704932646636@gmail.com' is set on object 'Object Repository/Final Object Repo/New Registration - Registration Module Pages/Form 1/Email'

2018-12-13 10:58:17 - [MESSAGE][PASSED] - Text 'perkeso704932646636@gmail.com' is set on object 'Object Repository/Final Object Repo/New Registration - Registration Module Pages/Form 1/Email'

2018-12-13 10:58:17 - [TEST_STEP][PASSED] - click: Object: 'Object Repository/Final Object Repo/New Registration - Registration Module Pages/New Reg - OTC to RO/Special Case - OTC - Form 1/Submit Button' is clicked on

2018-12-13 10:58:17 - [MESSAGE][PASSED] - Object: 'Object Repository/Final Object Repo/New Registration - Registration Module Pages/New Reg - OTC to RO/Special Case - OTC - Form 1/Submit Button' is clicked on

2018-12-13 10:58:17 - [TEST_STEP][PASSED] - callTestCase: Call Test Case 'Test Cases/Final Aug 2018 - PKS Automation/Registration Module/New Registration/Form 2/Add 1 Eligible - Employer Account Use' successfully

2018-12-13 10:58:17 - [TEST_CASE][PASSED] - Test Cases/Final Aug 2018 - PKS Automation/Registration Module/New Registration/Form 2/Add 1 Eligible - Employer Account Use: Test Cases/Final Aug 2018 - PKS Automation/Registration Module/New Registration/Form 2/Add 1 Eligible - Employer Account Use

2018-12-13 10:58:17 - [TEST_STEP][PASSED] - delay: Delayed 2 second(s)

2018-12-13 10:58:19 - [MESSAGE][PASSED] - Delayed 2 second(s)

2018-12-13 10:58:19 - [TEST_STEP][PASSED] - callTestCase: Call Test Case 'Test Cases/Final Aug 2018 - PKS Automation/Registration Module/New Registration/Form 2/Date Updater' successfully

2018-12-13 10:58:20 - [TEST_CASE][PASSED] - Test Cases/Final Aug 2018 - PKS Automation/Registration Module/New Registration/Form 2/Date Updater: Test Cases/Final Aug 2018 - PKS Automation/Registration Module/New Registration/Form 2/Date Updater

2018-12-13 10:58:20 - [TEST_STEP][PASSED] - Statement - TodayDate = new java.util.Date(): null

2018-12-13 10:58:20 - [TEST_STEP][PASSED] - Statement - CurrentDateNoFilter = new java.text.SimpleDateFormat(): null

2018-12-13 10:58:20 - [TEST_STEP][PASSED] - Statement - CurrentDateNoFilter.applyPattern("MM"): null

2018-12-13 10:58:20 - [TEST_STEP][PASSED] - Statement - monthContainerMatcher = java.lang.Integer.parseInt(CurrentDateNoFilter.format(TodayDate)): null

2018-12-13 10:58:20 - [TEST_STEP][PASSED] - Statement - monthContainerMatcher = monthContainerMatcher - 1: null

2018-12-13 10:58:20 - [TEST_STEP][PASSED] - Statement - CurrentMonth = monthContainerMatcher.toString(): null

2018-12-13 10:58:20 - [TEST_STEP][PASSED] - Statement - CurrentMonth = CurrentMonth: null

2018-12-13 10:58:20 - [TEST_STEP][PASSED] - Statement - CurrentDateNoFilter.applyPattern("yyyy"): null

2018-12-13 10:58:20 - [TEST_STEP][PASSED] - Statement - CurrentYear = CurrentDateNoFilter.format(TodayDate): null

2018-12-13 10:58:20 - [TEST_STEP][PASSED] - Statement - CurrentYear = CurrentYear: null

2018-12-13 10:58:20 - [TEST_STEP][PASSED] - Statement - intCurrentYear = java.lang.Integer.parseInt(CurrentDateNoFilter.format(TodayDate)): null

2018-12-13 10:58:20 - [TEST_STEP][PASSED] - Statement - eighteenYrsAgo = intCurrentYear - 18: null

2018-12-13 10:58:20 - [TEST_STEP][PASSED] - Statement - eighteenYrsBeforeThisYr = eighteenYrsAgo.toString(): null

2018-12-13 10:58:20 - [TEST_STEP][PASSED] - Statement - EighteenYrsBefore = eighteenYrsBeforeThisYr: null

2018-12-13 10:58:20 - [TEST_STEP][PASSED] - Statement - fiftysevenYrsAgo = intCurrentYear - 57: null

2018-12-13 10:58:20 - [TEST_STEP][PASSED] - Statement - fiftysevenYrsBeforeThisYr = fiftysevenYrsAgo.toString(): null

2018-12-13 10:58:20 - [TEST_STEP][PASSED] - Statement - FiftysevenYrsBefore = fiftysevenYrsBeforeThisYr: null

2018-12-13 10:58:20 - [TEST_STEP][PASSED] - Statement - leapYear = false: null

2018-12-13 10:58:20 - [TEST_STEP][PASSED] - Statement - leapYear = intCurrentYear % 4 == 0: null

2018-12-13 10:58:20 - [TEST_STEP][PASSED] - Statement - CurrentDateNoFilter.applyPattern("dd"): null

2018-12-13 10:58:20 - [TEST_STEP][PASSED] - Statement - CurrentDate = CurrentDateNoFilter.format(TodayDate): null

2018-12-13 10:58:20 - [TEST_STEP][PASSED] - Statement - CurrentDate = java.lang.Integer.parseInt(CurrentDate): null

2018-12-13 10:58:20 - [TEST_STEP][PASSED] - Statement - CurrentDate = CurrentDate: null

2018-12-13 10:58:20 - [TEST_STEP][PASSED] - Statement - CurrentDay = java.lang.Integer.parseInt(CurrentDate): null

2018-12-13 10:58:20 - [TEST_STEP][PASSED] - Statement - ConfAdder = <not implemented yet for class: org.codehaus.groovy.ast.expr.EmptyExpression>: null

2018-12-13 10:58:20 - [TEST_STEP][PASSED] - Statement - out.println(CurrentMonth): null

2018-12-13 10:58:20 - [TEST_STEP][PASSED] - Statement - out.println(CurrentDate): null

2018-12-13 10:58:20 - [TEST_STEP][PASSED] - Statement - switch (CurrentDate): null

2018-12-13 10:58:20 - [TEST_STEP][PASSED] - Statement - Default: null

2018-12-13 10:58:20 - [TEST_STEP][PASSED] - Statement - ConfAdder = true: null

2018-12-13 10:58:20 - [TEST_STEP][PASSED] - Statement - Break: null

2018-12-13 10:58:20 - [TEST_STEP][PASSED] - Statement - aDayBefore = <not implemented yet for class: org.codehaus.groovy.ast.expr.EmptyExpression>: null

2018-12-13 10:58:20 - [TEST_STEP][PASSED] - Statement - out.println(ConfAdder): null

2018-12-13 10:58:20 - [TEST_STEP][PASSED] - Statement - If (ConfAdder == true): null

2018-12-13 10:58:20 - [TEST_STEP][PASSED] - Statement - aDayBefore = CurrentDay + 1: null

2018-12-13 10:58:20 - [TEST_STEP][PASSED] - Statement - out.println(aDayBefore): null

2018-12-13 10:58:20 - [TEST_STEP][PASSED] - Statement - If (aDayBefore == 1 && CurrentMonth == 11): null

2018-12-13 10:58:20 - [TEST_STEP][PASSED] - Statement - DayBefore = aDayBefore.toString(): null

2018-12-13 10:58:20 - [TEST_STEP][PASSED] - Statement - OneDayBefore = DayBefore: null

2018-12-13 10:58:20 - [MESSAGE][PASSED] - Call Test Case 'Test Cases/Final Aug 2018 - PKS Automation/Registration Module/New Registration/Form 2/Date Updater' successfully

2018-12-13 10:58:20 - [TEST_STEP][PASSED] - delay: Delayed 1 second(s)

2018-12-13 10:58:21 - [MESSAGE][PASSED] - Delayed 1 second(s)

2018-12-13 10:58:21 - [TEST_STEP][PASSED] - Statement - CaseReferenceNo = com.kms.katalon.core.webui.keyword.WebUiBuiltInKeywords.getText(com.kms.katalon.core.testobject.ObjectRepository.findTestObject(Final Object Repo/New Registration - Registration Module Pages/Form 2/RefNo Acquiring)): Text of object 'Object Repository/Final Object Repo/New Registration - Registration Module Pages/Form 2/RefNo Acquiring' is: 'CRN12201800123267'

2018-12-13 10:58:21 - [MESSAGE][PASSED] - Text of object 'Object Repository/Final Object Repo/New Registration - Registration Module Pages/Form 2/RefNo Acquiring' is: 'CRN12201800123267'

2018-12-13 10:58:21 - [TEST_STEP][PASSED] - delay: Delayed 1 second(s)

2018-12-13 10:58:22 - [MESSAGE][PASSED] - Delayed 1 second(s)

2018-12-13 10:58:22 - [TEST_STEP][PASSED] - click: Object: 'Object Repository/Final Object Repo/New Registration - Registration Module Pages/Form 2/Add Employee Button' is clicked on

2018-12-13 10:58:22 - [MESSAGE][PASSED] - Object: 'Object Repository/Final Object Repo/New Registration - Registration Module Pages/Form 2/Add Employee Button' is clicked on

2018-12-13 10:58:22 - [TEST_STEP][PASSED] - delay: Delayed 1 second(s)

2018-12-13 10:58:23 - [MESSAGE][PASSED] - Delayed 1 second(s)

2018-12-13 10:58:23 - [TEST_STEP][PASSED] - setText: Text '010903091948' is set on object 'Object Repository/Final Object Repo/New Registration - Registration Module Pages/Form 2/NRIC Input'

2018-12-13 10:58:23 - [MESSAGE][PASSED] - Text '010903091948' is set on object 'Object Repository/Final Object Repo/New Registration - Registration Module Pages/Form 2/NRIC Input'

2018-12-13 10:58:23 - [TEST_STEP][PASSED] - delay: Delayed 2 second(s)

2018-12-13 10:58:25 - [MESSAGE][PASSED] - Delayed 2 second(s)

2018-12-13 10:58:25 - [TEST_STEP][PASSED] - setText: Text 'Automate001 eligible 1' is set on object 'Object Repository/Final Object Repo/New Registration - Registration Module Pages/Form 2/Employee Name Input'

2018-12-13 10:58:26 - [MESSAGE][PASSED] - Text 'Automate001 eligible 1' is set on object 'Object Repository/Final Object Repo/New Registration - Registration Module Pages/Form 2/Employee Name Input'

2018-12-13 10:58:26 - [TEST_STEP][PASSED] - delay: Delayed 2 second(s)

2018-12-13 10:58:28 - [MESSAGE][PASSED] - Delayed 2 second(s)

2018-12-13 10:58:28 - [TEST_STEP][PASSED] - click: Object: 'Object Repository/Final Object Repo/New Registration - Registration Module Pages/Form 2/DatePicker Pop Up' is clicked on

2018-12-13 10:58:28 - [MESSAGE][PASSED] - Object: 'Object Repository/Final Object Repo/New Registration - Registration Module Pages/Form 2/DatePicker Pop Up' is clicked on

2018-12-13 10:58:28 - [TEST_STEP][PASSED] - click: Object: 'Object Repository/Final Object Repo/New Registration - Registration Module Pages/Form 2/DOB Month' is clicked on

2018-12-13 10:58:28 - [MESSAGE][PASSED] - Object: 'Object Repository/Final Object Repo/New Registration - Registration Module Pages/Form 2/DOB Month' is clicked on

2018-12-13 10:58:28 - [TEST_STEP][PASSED] - Statement - CurrentMonth = CurrentMonth: null

2018-12-13 10:58:28 - [TEST_STEP][PASSED] - Statement - selectMonth = new com.kms.katalon.core.testobject.TestObject(): null

2018-12-13 10:58:28 - [TEST_STEP][PASSED] - Statement - selectMonth.addProperty("xpath", EQUALS, "//body/div/div/div/select/option[@value='" + CurrentMonth + "']", true): null

2018-12-13 10:58:28 - [TEST_STEP][PASSED] - click: Object: '' is clicked on

2018-12-13 10:58:28 - [MESSAGE][PASSED] - Object: '' is clicked on

2018-12-13 10:58:28 - [TEST_STEP][PASSED] - click: Object: 'Object Repository/Final Object Repo/New Registration - Registration Module Pages/Form 2/DOB Year' is clicked on

2018-12-13 10:58:28 - [MESSAGE][PASSED] - Object: 'Object Repository/Final Object Repo/New Registration - Registration Module Pages/Form 2/DOB Year' is clicked on

2018-12-13 10:58:28 - [TEST_STEP][PASSED] - Statement - Eyearsbf = EighteenYrsBefore: null

2018-12-13 10:58:28 - [TEST_STEP][PASSED] - Statement - selectYear = new com.kms.katalon.core.testobject.TestObject(): null

2018-12-13 10:58:28 - [TEST_STEP][PASSED] - Statement - selectYear.addProperty("xpath", EQUALS, "//div/div/div/select/option[@value='" + Eyearsbf + "']", true): null

2018-12-13 10:58:28 - [TEST_STEP][PASSED] - click: Object: '' is clicked on

2018-12-13 10:58:29 - [MESSAGE][PASSED] - Object: '' is clicked on

2018-12-13 10:58:29 - [TEST_STEP][PASSED] - Statement - UpdatedSelectDate = com.kms.katalon.core.webui.keyword.WebUiBuiltInKeywords.modifyObjectProperty(com.kms.katalon.core.testobject.ObjectRepository.findTestObject(Final Object Repo/New Registration - Registration Module Pages/Form 2/DOB Date), "xpath", "equals", "//body/div/table/tbody/tr/td/a[text()="" + CurrentDate + ""]", true): Modify property of object successfully

2018-12-13 10:58:29 - [MESSAGE][PASSED] - Modify property of object successfully

2018-12-13 10:58:29 - [TEST_STEP][PASSED] - delay: Delayed 3 second(s)

2018-12-13 10:58:32 - [MESSAGE][PASSED] - Delayed 3 second(s)

2018-12-13 10:58:32 - [TEST_STEP][PASSED] - click: Object: 'Object Repository/Final Object Repo/New Registration - Registration Module Pages/Form 2/DOB Date' is clicked on

2018-12-13 10:58:32 - [MESSAGE][PASSED] - Object: 'Object Repository/Final Object Repo/New Registration - Registration Module Pages/Form 2/DOB Date' is clicked on

2018-12-13 10:58:32 - [TEST_STEP][PASSED] - delay: Delayed 2 second(s)

2018-12-13 10:58:34 - [MESSAGE][PASSED] - Delayed 2 second(s)

2018-12-13 10:58:34 - [TEST_STEP][PASSED] - click: Object: 'Object Repository/Final Object Repo/New Registration - Registration Module Pages/Form 2/EmploymentStartDate Pop Up' is clicked on

2018-12-13 10:58:34 - [MESSAGE][PASSED] - Object: 'Object Repository/Final Object Repo/New Registration - Registration Module Pages/Form 2/EmploymentStartDate Pop Up' is clicked on

2018-12-13 10:58:34 - [TEST_STEP][PASSED] - delay: Delayed 2 second(s)

2018-12-13 10:58:36 - [MESSAGE][PASSED] - Delayed 2 second(s)

2018-12-13 10:58:36 - [TEST_STEP][PASSED] - click: Object: 'Object Repository/Final Object Repo/New Registration - Registration Module Pages/Form 2/Socso Employment StartDate Month' is clicked on

2018-12-13 10:58:36 - [MESSAGE][PASSED] - Object: 'Object Repository/Final Object Repo/New Registration - Registration Module Pages/Form 2/Socso Employment StartDate Month' is clicked on

2018-12-13 10:58:36 - [TEST_STEP][PASSED] - delay: Delayed 1 second(s)

2018-12-13 10:58:37 - [MESSAGE][PASSED] - Delayed 1 second(s)

2018-12-13 10:58:37 - [TEST_STEP][PASSED] - click: Object: 'Object Repository/Final Object Repo/New Registration - Registration Module Pages/Form 2/Select Socso Employement Startdate Month' is clicked on

2018-12-13 10:58:37 - [MESSAGE][PASSED] - Object: 'Object Repository/Final Object Repo/New Registration - Registration Module Pages/Form 2/Select Socso Employement Startdate Month' is clicked on

2018-12-13 10:58:37 - [TEST_STEP][PASSED] - delay: Delayed 2 second(s)

2018-12-13 10:58:39 - [MESSAGE][PASSED] - Delayed 2 second(s)

2018-12-13 10:58:39 - [TEST_STEP][PASSED] - click: Object: 'Object Repository/Final Object Repo/New Registration - Registration Module Pages/Form 2/Socso Employment StartDate Year' is clicked on

2018-12-13 10:58:40 - [MESSAGE][PASSED] - Object: 'Object Repository/Final Object Repo/New Registration - Registration Module Pages/Form 2/Socso Employment StartDate Year' is clicked on

2018-12-13 10:58:40 - [TEST_STEP][PASSED] - delay: Delayed 1 second(s)

2018-12-13 10:58:41 - [MESSAGE][PASSED] - Delayed 1 second(s)

2018-12-13 10:58:41 - [TEST_STEP][PASSED] - click: Object: 'Object Repository/Final Object Repo/New Registration - Registration Module Pages/Form 2/Select Socso Employment Startdate Year' is clicked on

2018-12-13 10:58:41 - [MESSAGE][PASSED] - Object: 'Object Repository/Final Object Repo/New Registration - Registration Module Pages/Form 2/Select Socso Employment Startdate Year' is clicked on

2018-12-13 10:58:41 - [TEST_STEP][PASSED] - delay: Delayed 2 second(s)

2018-12-13 10:58:43 - [MESSAGE][PASSED] - Delayed 2 second(s)

2018-12-13 10:58:43 - [TEST_STEP][PASSED] - click: Object: 'Object Repository/Final Object Repo/New Registration - Registration Module Pages/Form 2/Socso Employment Start Date Day' is clicked on

2018-12-13 10:58:43 - [MESSAGE][PASSED] - Object: 'Object Repository/Final Object Repo/New Registration - Registration Module Pages/Form 2/Socso Employment Start Date Day' is clicked on

2018-12-13 10:58:43 - [TEST_STEP][PASSED] - delay: Delayed 2 second(s)

2018-12-13 10:58:45 - [MESSAGE][PASSED] - Delayed 2 second(s)

2018-12-13 10:58:45 - [TEST_STEP][PASSED] - click: Object: 'Object Repository/Final Object Repo/New Registration - Registration Module Pages/Form 2/Save Button for Add Employee' is clicked on

2018-12-13 10:58:45 - [MESSAGE][PASSED] - Object: 'Object Repository/Final Object Repo/New Registration - Registration Module Pages/Form 2/Save Button for Add Employee' is clicked on

2018-12-13 10:58:45 - [TEST_STEP][PASSED] - delay: Delayed 6 second(s)

2018-12-13 10:58:51 - [MESSAGE][PASSED] - Delayed 6 second(s)

2018-12-13 10:58:51 - [TEST_STEP][PASSED] - click: Object: 'Object Repository/Final Object Repo/New Registration - Registration Module Pages/Form 2/Save and Continue Form 2' is clicked on

2018-12-13 10:58:51 - [MESSAGE][PASSED] - Object: 'Object Repository/Final Object Repo/New Registration - Registration Module Pages/Form 2/Save and Continue Form 2' is clicked on

2018-12-13 10:58:51 - [MESSAGE][PASSED] - Call Test Case 'Test Cases/Final Aug 2018 - PKS Automation/Registration Module/New Registration/Form 2/Add 1 Eligible - Employer Account Use' successfully

2018-12-13 10:58:51 - [TEST_STEP][PASSED] - callTestCase: Call Test Case 'Test Cases/Final Aug 2018 - PKS Automation/Registration Module/New Registration/Flow of New Registration/Third Screen - Upload Supporting Doc - Preview' successfully

2018-12-13 10:58:51 - [TEST_CASE][PASSED] - Test Cases/Final Aug 2018 - PKS Automation/Registration Module/New Registration/Flow of New Registration/Third Screen - Upload Supporting Doc - Preview: Test Cases/Final Aug 2018 - PKS Automation/Registration Module/New Registration/Flow of New Registration/Third Screen - Upload Supporting Doc - Preview

2018-12-13 10:58:51 - [TEST_STEP][PASSED] - waitForPageLoad: Wait for page load successfully

2018-12-13 10:58:52 - [MESSAGE][PASSED] - Wait for page load successfully

2018-12-13 10:58:52 - [TEST_STEP][PASSED] - Statement - CaseReferenceNo = com.kms.katalon.core.webui.keyword.WebUiBuiltInKeywords.getText(com.kms.katalon.core.testobject.ObjectRepository.findTestObject(Final Object Repo/New Registration - Registration Module Pages/Third Screen - Upload Supporting Doc- Preview/RefNo Acquiring)): Text of object 'Object Repository/Final Object Repo/New Registration - Registration Module Pages/Third Screen - Upload Supporting Doc- Preview/RefNo Acquiring' is: 'CRN12201800123267'

2018-12-13 10:58:52 - [MESSAGE][PASSED] - Text of object 'Object Repository/Final Object Repo/New Registration - Registration Module Pages/Third Screen - Upload Supporting Doc- Preview/RefNo Acquiring' is: 'CRN12201800123267'

2018-12-13 10:58:52 - [TEST_STEP][PASSED] - delay: Delayed 2 second(s)

2018-12-13 10:58:54 - [MESSAGE][PASSED] - Delayed 2 second(s)

2018-12-13 10:58:54 - [TEST_STEP][PASSED] - callTestCase: Call Test Case 'Test Cases/Final Aug 2018 - PKS Automation/Common/Reference Number Setter' successfully

2018-12-13 10:58:54 - [TEST_CASE][PASSED] - Test Cases/Final Aug 2018 - PKS Automation/Common/Reference Number Setter: Test Cases/Final Aug 2018 - PKS Automation/Common/Reference Number Setter

2018-12-13 10:58:54 - [TEST_STEP][PASSED] - Statement - RefNoOldFile = new java.io.File(C://Users//Admin//Desktop//PKS//Automation Reference Point//KatalonReference.txt): null

2018-12-13 10:58:54 - [TEST_STEP][PASSED] - Statement - RefNoOldFile.delete(): null

2018-12-13 10:58:54 - [TEST_STEP][PASSED] - delay: Delayed 5 second(s)

2018-12-13 10:58:59 - [MESSAGE][PASSED] - Delayed 5 second(s)

2018-12-13 10:58:59 - [TEST_STEP][PASSED] - Statement - RefNo = new java.io.File(C://Users//Admin//Desktop//PKS//Automation Reference Point//KatalonReference.txt): null

2018-12-13 10:58:59 - [TEST_STEP][PASSED] - Statement - f2 = new java.io.FileWriter(RefNo, false): null

2018-12-13 10:58:59 - [TEST_STEP][PASSED] - Statement - f2.write(CaseReferenceNo): null

2018-12-13 10:58:59 - [TEST_STEP][PASSED] - Statement - f2.close(): null

2018-12-13 10:58:59 - [TEST_STEP][PASSED] - Statement - out.println("


" + CaseReferenceNo + "


"): null

2018-12-13 10:58:59 - [MESSAGE][PASSED] - Call Test Case 'Test Cases/Final Aug 2018 - PKS Automation/Common/Reference Number Setter' successfully

2018-12-13 10:58:59 - [TEST_STEP][PASSED] - waitForElementClickable: Object 'Object Repository/Final Object Repo/New Registration - Registration Module Pages/Third Screen - Upload Supporting Doc- Preview/Save n Continue in SIP Employee Listing Page' is clickable

2018-12-13 10:58:59 - [MESSAGE][PASSED] - Object 'Object Repository/Final Object Repo/New Registration - Registration Module Pages/Third Screen - Upload Supporting Doc- Preview/Save n Continue in SIP Employee Listing Page' is clickable

2018-12-13 10:58:59 - [TEST_STEP][PASSED] - click: Object: 'Object Repository/Final Object Repo/New Registration - Registration Module Pages/Third Screen - Upload Supporting Doc- Preview/Save n Continue in SIP Employee Listing Page' is clicked on

2018-12-13 10:59:05 - [MESSAGE][PASSED] - Object: 'Object Repository/Final Object Repo/New Registration - Registration Module Pages/Third Screen - Upload Supporting Doc- Preview/Save n Continue in SIP Employee Listing Page' is clicked on

2018-12-13 10:59:05 - [TEST_STEP][PASSED] - delay: Delayed 7 second(s)

2018-12-13 10:59:12 - [MESSAGE][PASSED] - Delayed 7 second(s)

2018-12-13 10:59:12 - [TEST_STEP][PASSED] - click: Object: 'Object Repository/Final Object Repo/New Registration - Registration Module Pages/Third Screen - Upload Supporting Doc- Preview/Add Document Button' is clicked on

2018-12-13 10:59:12 - [MESSAGE][PASSED] - Object: 'Object Repository/Final Object Repo/New Registration - Registration Module Pages/Third Screen - Upload Supporting Doc- Preview/Add Document Button' is clicked on

2018-12-13 10:59:12 - [TEST_STEP][PASSED] - delay: Delayed 30 second(s)

2018-12-13 10:59:42 - [MESSAGE][PASSED] - Delayed 30 second(s)

2018-12-13 10:59:42 - [TEST_STEP][PASSED] - click: Object: 'Object Repository/Final Object Repo/New Registration - Registration Module Pages/Third Screen - Upload Supporting Doc- Preview/Supporting Doc Please Select Drop Down' is clicked on

2018-12-13 10:59:42 - [MESSAGE][PASSED] - Object: 'Object Repository/Final Object Repo/New Registration - Registration Module Pages/Third Screen - Upload Supporting Doc- Preview/Supporting Doc Please Select Drop Down' is clicked on

2018-12-13 10:59:42 - [TEST_STEP][PASSED] - delay: Delayed 2 second(s)

2018-12-13 10:59:44 - [MESSAGE][PASSED] - Delayed 2 second(s)

2018-12-13 10:59:44 - [TEST_STEP][PASSED] - click: Object: 'Object Repository/Final Object Repo/New Registration - Registration Module Pages/Third Screen - Upload Supporting Doc- Preview/Select to Upload Form 1' is clicked on

2018-12-13 10:59:44 - [MESSAGE][PASSED] - Object: 'Object Repository/Final Object Repo/New Registration - Registration Module Pages/Third Screen - Upload Supporting Doc- Preview/Select to Upload Form 1' is clicked on

2018-12-13 10:59:44 - [TEST_STEP][PASSED] - delay: Delayed 2 second(s)

2018-12-13 10:59:46 - [MESSAGE][PASSED] - Delayed 2 second(s)

2018-12-13 10:59:46 - [TEST_STEP][PASSED] - uploadFile: File 'C:\Users\Public\Pictures\Sample Pictures\Koala.jpg' sent to object: 'Object Repository/Final Object Repo/New Registration - Registration Module Pages/Third Screen - Upload Supporting Doc- Preview/Upload File Adding'

2018-12-13 10:59:46 - [MESSAGE][PASSED] - File 'C:\Users\Public\Pictures\Sample Pictures\Koala.jpg' sent to object: 'Object Repository/Final Object Repo/New Registration - Registration Module Pages/Third Screen - Upload Supporting Doc- Preview/Upload File Adding'

2018-12-13 10:59:46 - [TEST_STEP][PASSED] - delay: Delayed 5 second(s)

2018-12-13 10:59:51 - [MESSAGE][PASSED] - Delayed 5 second(s)

2018-12-13 10:59:51 - [TEST_STEP][PASSED] - click: Object: 'Object Repository/Final Object Repo/New Registration - Registration Module Pages/Third Screen - Upload Supporting Doc- Preview/Inner Form Add Document Button' is clicked on

2018-12-13 10:59:52 - [MESSAGE][PASSED] - Object: 'Object Repository/Final Object Repo/New Registration - Registration Module Pages/Third Screen - Upload Supporting Doc- Preview/Inner Form Add Document Button' is clicked on

2018-12-13 10:59:52 - [TEST_STEP][PASSED] - delay: Delayed 3 second(s)

2018-12-13 10:59:55 - [MESSAGE][PASSED] - Delayed 3 second(s)

2018-12-13 10:59:55 - [TEST_STEP][PASSED] - click: Object: 'Object Repository/Final Object Repo/New Registration - Registration Module Pages/Third Screen - Upload Supporting Doc- Preview/Add Document Button' is clicked on

2018-12-13 10:59:56 - [MESSAGE][PASSED] - Object: 'Object Repository/Final Object Repo/New Registration - Registration Module Pages/Third Screen - Upload Supporting Doc- Preview/Add Document Button' is clicked on

2018-12-13 10:59:56 - [TEST_STEP][PASSED] - delay: Delayed 30 second(s)

2018-12-13 11:00:26 - [MESSAGE][PASSED] - Delayed 30 second(s)

2018-12-13 11:00:26 - [TEST_STEP][PASSED] - click: Object: 'Object Repository/Final Object Repo/New Registration - Registration Module Pages/Third Screen - Upload Supporting Doc- Preview/Supporting Doc Please Select Drop Down' is clicked on

2018-12-13 11:00:26 - [MESSAGE][PASSED] - Object: 'Object Repository/Final Object Repo/New Registration - Registration Module Pages/Third Screen - Upload Supporting Doc- Preview/Supporting Doc Please Select Drop Down' is clicked on

2018-12-13 11:00:26 - [TEST_STEP][PASSED] - delay: Delayed 4 second(s)

2018-12-13 11:00:30 - [MESSAGE][PASSED] - Delayed 4 second(s)

2018-12-13 11:00:30 - [TEST_STEP][PASSED] - click: Object: 'Object Repository/Final Object Repo/New Registration - Registration Module Pages/Third Screen - Upload Supporting Doc- Preview/Select to Upload Form 2' is clicked on

2018-12-13 11:00:30 - [MESSAGE][PASSED] - Object: 'Object Repository/Final Object Repo/New Registration - Registration Module Pages/Third Screen - Upload Supporting Doc- Preview/Select to Upload Form 2' is clicked on

2018-12-13 11:00:30 - [TEST_STEP][PASSED] - delay: Delayed 2 second(s)

2018-12-13 11:00:32 - [MESSAGE][PASSED] - Delayed 2 second(s)

2018-12-13 11:00:32 - [TEST_STEP][PASSED] - uploadFile: File 'C:\Users\Public\Pictures\Sample Pictures\Koala.jpg' sent to object: 'Object Repository/Final Object Repo/New Registration - Registration Module Pages/Third Screen - Upload Supporting Doc- Preview/Upload File Adding'

2018-12-13 11:00:32 - [MESSAGE][PASSED] - File 'C:\Users\Public\Pictures\Sample Pictures\Koala.jpg' sent to object: 'Object Repository/Final Object Repo/New Registration - Registration Module Pages/Third Screen - Upload Supporting Doc- Preview/Upload File Adding'

2018-12-13 11:00:32 - [TEST_STEP][PASSED] - click: Object: 'Object Repository/Final Object Repo/New Registration - Registration Module Pages/Third Screen - Upload Supporting Doc- Preview/Inner Form Add Document Button' is clicked on

2018-12-13 11:00:33 - [MESSAGE][PASSED] - Object: 'Object Repository/Final Object Repo/New Registration - Registration Module Pages/Third Screen - Upload Supporting Doc- Preview/Inner Form Add Document Button' is clicked on

2018-12-13 11:00:33 - [TEST_STEP][PASSED] - delay: Delayed 5 second(s)

2018-12-13 11:00:38 - [MESSAGE][PASSED] - Delayed 5 second(s)

2018-12-13 11:00:38 - [TEST_STEP][PASSED] - click: Object: 'Object Repository/Final Object Repo/New Registration - Registration Module Pages/Third Screen - Upload Supporting Doc- Preview/Add Document Button' is clicked on

2018-12-13 11:00:38 - [MESSAGE][PASSED] - Object: 'Object Repository/Final Object Repo/New Registration - Registration Module Pages/Third Screen - Upload Supporting Doc- Preview/Add Document Button' is clicked on

2018-12-13 11:00:38 - [TEST_STEP][PASSED] - delay: Delayed 30 second(s)

2018-12-13 11:01:08 - [MESSAGE][PASSED] - Delayed 30 second(s)

2018-12-13 11:01:08 - [TEST_STEP][PASSED] - click: Object: 'Object Repository/Final Object Repo/New Registration - Registration Module Pages/Third Screen - Upload Supporting Doc- Preview/Supporting Doc Please Select Drop Down' is clicked on

2018-12-13 11:01:08 - [MESSAGE][PASSED] - Object: 'Object Repository/Final Object Repo/New Registration - Registration Module Pages/Third Screen - Upload Supporting Doc- Preview/Supporting Doc Please Select Drop Down' is clicked on

2018-12-13 11:01:08 - [TEST_STEP][PASSED] - click: Object: 'Object Repository/Final Object Repo/New Registration - Registration Module Pages/Third Screen - Upload Supporting Doc- Preview/Select to Upload Borang SIP 1' is clicked on

2018-12-13 11:01:08 - [MESSAGE][PASSED] - Object: 'Object Repository/Final Object Repo/New Registration - Registration Module Pages/Third Screen - Upload Supporting Doc- Preview/Select to Upload Borang SIP 1' is clicked on

2018-12-13 11:01:08 - [TEST_STEP][PASSED] - delay: Delayed 2 second(s)

2018-12-13 11:01:10 - [MESSAGE][PASSED] - Delayed 2 second(s)

2018-12-13 11:01:10 - [TEST_STEP][PASSED] - uploadFile: File 'C:\Users\Public\Pictures\Sample Pictures\Koala.jpg' sent to object: 'Object Repository/Final Object Repo/New Registration - Registration Module Pages/Third Screen - Upload Supporting Doc- Preview/Upload File Adding'

2018-12-13 11:01:10 - [MESSAGE][PASSED] - File 'C:\Users\Public\Pictures\Sample Pictures\Koala.jpg' sent to object: 'Object Repository/Final Object Repo/New Registration - Registration Module Pages/Third Screen - Upload Supporting Doc- Preview/Upload File Adding'

2018-12-13 11:01:10 - [TEST_STEP][PASSED] - click: Object: 'Object Repository/Final Object Repo/New Registration - Registration Module Pages/Third Screen - Upload Supporting Doc- Preview/Inner Form Add Document Button' is clicked on

2018-12-13 11:01:10 - [MESSAGE][PASSED] - Object: 'Object Repository/Final Object Repo/New Registration - Registration Module Pages/Third Screen - Upload Supporting Doc- Preview/Inner Form Add Document Button' is clicked on

2018-12-13 11:01:10 - [TEST_STEP][PASSED] - delay: Delayed 5 second(s)

2018-12-13 11:01:15 - [MESSAGE][PASSED] - Delayed 5 second(s)

2018-12-13 11:01:15 - [TEST_STEP][PASSED] - click: Object: 'Object Repository/Final Object Repo/New Registration - Registration Module Pages/Third Screen - Upload Supporting Doc- Preview/Add Document Button' is clicked on

2018-12-13 11:01:16 - [MESSAGE][PASSED] - Object: 'Object Repository/Final Object Repo/New Registration - Registration Module Pages/Third Screen - Upload Supporting Doc- Preview/Add Document Button' is clicked on

2018-12-13 11:01:16 - [TEST_STEP][PASSED] - delay: Delayed 30 second(s)

2018-12-13 11:01:46 - [MESSAGE][PASSED] - Delayed 30 second(s)

2018-12-13 11:01:46 - [TEST_STEP][PASSED] - click: Object: 'Object Repository/Final Object Repo/New Registration - Registration Module Pages/Third Screen - Upload Supporting Doc- Preview/Supporting Doc Please Select Drop Down' is clicked on

2018-12-13 11:01:46 - [MESSAGE][PASSED] - Object: 'Object Repository/Final Object Repo/New Registration - Registration Module Pages/Third Screen - Upload Supporting Doc- Preview/Supporting Doc Please Select Drop Down' is clicked on

2018-12-13 11:01:46 - [TEST_STEP][PASSED] - delay: Delayed 3 second(s)

2018-12-13 11:01:49 - [MESSAGE][PASSED] - Delayed 3 second(s)

2018-12-13 11:01:49 - [TEST_STEP][PASSED] - click: Object: 'Object Repository/Final Object Repo/New Registration - Registration Module Pages/Third Screen - Upload Supporting Doc- Preview/Select to Upload Borang SIP 2' is clicked on

2018-12-13 11:01:49 - [MESSAGE][PASSED] - Object: 'Object Repository/Final Object Repo/New Registration - Registration Module Pages/Third Screen - Upload Supporting Doc- Preview/Select to Upload Borang SIP 2' is clicked on

2018-12-13 11:01:49 - [TEST_STEP][PASSED] - delay: Delayed 2 second(s)

2018-12-13 11:01:51 - [MESSAGE][PASSED] - Delayed 2 second(s)

2018-12-13 11:01:51 - [TEST_STEP][PASSED] - uploadFile: File 'C:\Users\Public\Pictures\Sample Pictures\Koala.jpg' sent to object: 'Object Repository/Final Object Repo/New Registration - Registration Module Pages/Third Screen - Upload Supporting Doc- Preview/Upload File Adding'

2018-12-13 11:01:51 - [MESSAGE][PASSED] - File 'C:\Users\Public\Pictures\Sample Pictures\Koala.jpg' sent to object: 'Object Repository/Final Object Repo/New Registration - Registration Module Pages/Third Screen - Upload Supporting Doc- Preview/Upload File Adding'

2018-12-13 11:01:51 - [TEST_STEP][PASSED] - delay: Delayed 5 second(s)

2018-12-13 11:01:56 - [MESSAGE][PASSED] - Delayed 5 second(s)

2018-12-13 11:01:56 - [TEST_STEP][PASSED] - click: Object: 'Object Repository/Final Object Repo/New Registration - Registration Module Pages/Third Screen - Upload Supporting Doc- Preview/Inner Form Add Document Button' is clicked on

2018-12-13 11:01:56 - [MESSAGE][PASSED] - Object: 'Object Repository/Final Object Repo/New Registration - Registration Module Pages/Third Screen - Upload Supporting Doc- Preview/Inner Form Add Document Button' is clicked on

2018-12-13 11:01:56 - [TEST_STEP][PASSED] - delay: Delayed 3 second(s)

2018-12-13 11:01:59 - [MESSAGE][PASSED] - Delayed 3 second(s)

2018-12-13 11:01:59 - [TEST_STEP][PASSED] - waitForElementClickable: Object 'Object Repository/Final Object Repo/New Registration - Registration Module Pages/Third Screen - Upload Supporting Doc- Preview/Save n Continue in Uploading Supporting Doc Page' is clickable

2018-12-13 11:02:00 - [MESSAGE][PASSED] - Object 'Object Repository/Final Object Repo/New Registration - Registration Module Pages/Third Screen - Upload Supporting Doc- Preview/Save n Continue in Uploading Supporting Doc Page' is clickable

2018-12-13 11:02:00 - [TEST_STEP][PASSED] - click: Object: 'Object Repository/Final Object Repo/New Registration - Registration Module Pages/Third Screen - Upload Supporting Doc- Preview/Save n Continue in Uploading Supporting Doc Page' is clicked on

2018-12-13 11:02:00 - [MESSAGE][PASSED] - Object: 'Object Repository/Final Object Repo/New Registration - Registration Module Pages/Third Screen - Upload Supporting Doc- Preview/Save n Continue in Uploading Supporting Doc Page' is clicked on

2018-12-13 11:02:00 - [MESSAGE][PASSED] - Call Test Case 'Test Cases/Final Aug 2018 - PKS Automation/Registration Module/New Registration/Flow of New Registration/Third Screen - Upload Supporting Doc - Preview' successfully

2018-12-13 11:02:00 - [TEST_STEP][PASSED] - setText: Text 'Tester' is set on object 'Object Repository/Final Object Repo/New Registration - Registration Module Pages/New Reg - OTC to RO/Special Case - All Related Objects/Employer Preview Name'

2018-12-13 11:02:05 - [MESSAGE][PASSED] - Text 'Tester' is set on object 'Object Repository/Final Object Repo/New Registration - Registration Module Pages/New Reg - OTC to RO/Special Case - All Related Objects/Employer Preview Name'

2018-12-13 11:02:05 - [TEST_STEP][PASSED] - click: Object: 'Object Repository/Final Object Repo/New Registration - Registration Module Pages/New Reg - OTC to RO/Special Case - All Related Objects/IC Type Drop Down' is clicked on

2018-12-13 11:02:05 - [MESSAGE][PASSED] - Object: 'Object Repository/Final Object Repo/New Registration - Registration Module Pages/New Reg - OTC to RO/Special Case - All Related Objects/IC Type Drop Down' is clicked on

2018-12-13 11:02:05 - [TEST_STEP][PASSED] - click: Object: 'Object Repository/Final Object Repo/New Registration - Registration Module Pages/New Reg - OTC to RO/Special Case - All Related Objects/Select to NRIC' is clicked on

2018-12-13 11:02:06 - [MESSAGE][PASSED] - Object: 'Object Repository/Final Object Repo/New Registration - Registration Module Pages/New Reg - OTC to RO/Special Case - All Related Objects/Select to NRIC' is clicked on

2018-12-13 11:02:06 - [TEST_STEP][PASSED] - setText: Text '133245561223' is set on object 'Object Repository/Final Object Repo/New Registration - Registration Module Pages/New Reg - OTC to RO/Special Case - All Related Objects/IC Value'

2018-12-13 11:02:06 - [MESSAGE][PASSED] - Text '133245561223' is set on object 'Object Repository/Final Object Repo/New Registration - Registration Module Pages/New Reg - OTC to RO/Special Case - All Related Objects/IC Value'

2018-12-13 11:02:06 - [TEST_STEP][PASSED] - setText: Text 'Auto' is set on object 'Object Repository/Final Object Repo/New Registration - Registration Module Pages/New Reg - OTC to RO/Special Case - All Related Objects/Designation'

2018-12-13 11:02:06 - [MESSAGE][PASSED] - Text 'Auto' is set on object 'Object Repository/Final Object Repo/New Registration - Registration Module Pages/New Reg - OTC to RO/Special Case - All Related Objects/Designation'

2018-12-13 11:02:06 - [TEST_STEP][PASSED] - callTestCase: Call Test Case 'Test Cases/Final Aug 2018 - PKS Automation/Registration Module/New Registration/Submit and Screenshot/Submit Registration and Screenshot - Copy' successfully

2018-12-13 11:02:06 - [TEST_CASE][PASSED] - Test Cases/Final Aug 2018 - PKS Automation/Registration Module/New Registration/Submit and Screenshot/Submit Registration and Screenshot - Copy: Test Cases/Final Aug 2018 - PKS Automation/Registration Module/New Registration/Submit and Screenshot/Submit Registration and Screenshot - Copy

2018-12-13 11:02:06 - [TEST_STEP][PASSED] - delay: Delayed 6 second(s)

2018-12-13 11:02:12 - [MESSAGE][PASSED] - Delayed 6 second(s)

2018-12-13 11:02:12 - [TEST_STEP][PASSED] - click: Object: 'Object Repository/Final Object Repo/New Registration - Registration Module Pages/Third Screen - Upload Supporting Doc- Preview/Preview Submit Button' is clicked on

2018-12-13 11:02:12 - [MESSAGE][PASSED] - Object: 'Object Repository/Final Object Repo/New Registration - Registration Module Pages/Third Screen - Upload Supporting Doc- Preview/Preview Submit Button' is clicked on

2018-12-13 11:02:12 - [TEST_STEP][PASSED] - delay: Delayed 2 second(s)

2018-12-13 11:02:14 - [MESSAGE][PASSED] - Delayed 2 second(s)

2018-12-13 11:02:14 - [TEST_STEP][PASSED] - click: Object: 'Object Repository/Final Object Repo/New Registration - Registration Module Pages/Third Screen - Upload Supporting Doc- Preview/Preview Submit - Confirm' is clicked on

2018-12-13 11:02:15 - [MESSAGE][PASSED] - Object: 'Object Repository/Final Object Repo/New Registration - Registration Module Pages/Third Screen - Upload Supporting Doc- Preview/Preview Submit - Confirm' is clicked on

2018-12-13 11:02:15 - [TEST_STEP][PASSED] - delay: Delayed 15 second(s)

2018-12-13 11:02:30 - [MESSAGE][PASSED] - Delayed 15 second(s)

2018-12-13 11:02:30 - [TEST_STEP][PASSED] - Statement - driver = com.kms.katalon.core.webui.driver.DriverFactory.getWebDriver(): null

2018-12-13 11:02:30 - [TEST_STEP][PASSED] - Statement - driver.manage().timeouts().implicitlyWait(10, SECONDS): null

2018-12-13 11:02:30 - [TEST_STEP][PASSED] - Statement - PresavePath = KatalonScreenshots: null

2018-12-13 11:02:30 - [TEST_STEP][PASSED] - Statement - pathPrefix = "C:\Users\Public\Pictures\Sample Pictures\Katalon Screenshots\Automate Ending Screen": null

2018-12-13 11:02:30 - [TEST_STEP][PASSED] - Statement - finalPath = <not implemented yet for class: org.codehaus.groovy.ast.expr.EmptyExpression>: null

2018-12-13 11:02:30 - [TEST_STEP][PASSED] - Statement - scrFile = driver.getScreenshotAs(FILE): null

2018-12-13 11:02:30 - [TEST_STEP][PASSED] - Statement - PreSaveFile = new java.io.File(PresavePath): null

2018-12-13 11:02:30 - [TEST_STEP][PASSED] - Statement - counter = 0: null

2018-12-13 11:02:30 - [TEST_STEP][PASSED] - Statement - If (PreSaveFile.exists()): null

2018-12-13 11:02:30 - [TEST_STEP][PASSED] - Statement - While (PreSaveFile.exists()): null

2018-12-13 11:02:30 - [TEST_STEP][PASSED] - Statement - counter = counter + 1: null

2018-12-13 11:02:30 - [TEST_STEP][PASSED] - Statement - PreSaveFile = new java.io.File(((pathPrefix + java.lang.Integer.toString(counter)) + .png)): null

2018-12-13 11:02:30 - [TEST_STEP][PASSED] - Statement - counter = counter + 1: null

2018-12-13 11:02:30 - [TEST_STEP][PASSED] - Statement - PreSaveFile = new java.io.File(((pathPrefix + java.lang.Integer.toString(counter)) + .png)): null

2018-12-13 11:02:30 - [TEST_STEP][PASSED] - Statement - counter = counter + 1: null

2018-12-13 11:02:30 - [TEST_STEP][PASSED] - Statement - PreSaveFile = new java.io.File(((pathPrefix + java.lang.Integer.toString(counter)) + .png)): null

2018-12-13 11:02:30 - [TEST_STEP][PASSED] - Statement - counter = counter + 1: null

2018-12-13 11:02:30 - [TEST_STEP][PASSED] - Statement - PreSaveFile = new java.io.File(((pathPrefix + java.lang.Integer.toString(counter)) + .png)): null

2018-12-13 11:02:30 - [TEST_STEP][PASSED] - Statement - counter = counter + 1: null

2018-12-13 11:02:30 - [TEST_STEP][PASSED] - Statement - PreSaveFile = new java.io.File(((pathPrefix + java.lang.Integer.toString(counter)) + .png)): null

2018-12-13 11:02:30 - [TEST_STEP][PASSED] - Statement - counter = counter + 1: null

2018-12-13 11:02:30 - [TEST_STEP][PASSED] - Statement - PreSaveFile = new java.io.File(((pathPrefix + java.lang.Integer.toString(counter)) + .png)): null

2018-12-13 11:02:30 - [TEST_STEP][PASSED] - Statement - counter = counter + 1: null

2018-12-13 11:02:30 - [TEST_STEP][PASSED] - Statement - PreSaveFile = new java.io.File(((pathPrefix + java.lang.Integer.toString(counter)) + .png)): null

2018-12-13 11:02:30 - [TEST_STEP][PASSED] - Statement - counter = counter + 1: null

2018-12-13 11:02:30 - [TEST_STEP][PASSED] - Statement - PreSaveFile = new java.io.File(((pathPrefix + java.lang.Integer.toString(counter)) + .png)): null

2018-12-13 11:02:30 - [TEST_STEP][PASSED] - Statement - counter = counter + 1: null

2018-12-13 11:02:30 - [TEST_STEP][PASSED] - Statement - PreSaveFile = new java.io.File(((pathPrefix + java.lang.Integer.toString(counter)) + .png)): null

2018-12-13 11:02:30 - [TEST_STEP][PASSED] - Statement - counter = counter + 1: null

2018-12-13 11:02:30 - [TEST_STEP][PASSED] - Statement - PreSaveFile = new java.io.File(((pathPrefix + java.lang.Integer.toString(counter)) + .png)): null

2018-12-13 11:02:30 - [TEST_STEP][PASSED] - Statement - counter = counter + 1: null

2018-12-13 11:02:30 - [TEST_STEP][PASSED] - Statement - PreSaveFile = new java.io.File(((pathPrefix + java.lang.Integer.toString(counter)) + .png)): null

2018-12-13 11:02:30 - [TEST_STEP][PASSED] - Statement - counter = counter + 1: null

2018-12-13 11:02:30 - [TEST_STEP][PASSED] - Statement - PreSaveFile = new java.io.File(((pathPrefix + java.lang.Integer.toString(counter)) + .png)): null

2018-12-13 11:02:30 - [TEST_STEP][PASSED] - Statement - counter = counter + 1: null

2018-12-13 11:02:30 - [TEST_STEP][PASSED] - Statement - PreSaveFile = new java.io.File(((pathPrefix + java.lang.Integer.toString(counter)) + .png)): null

2018-12-13 11:02:30 - [TEST_STEP][PASSED] - Statement - counter = counter + 1: null

2018-12-13 11:02:30 - [TEST_STEP][PASSED] - Statement - PreSaveFile = new java.io.File(((pathPrefix + java.lang.Integer.toString(counter)) + .png)): null

2018-12-13 11:02:30 - [TEST_STEP][PASSED] - Statement - counter = counter + 1: null

2018-12-13 11:02:30 - [TEST_STEP][PASSED] - Statement - PreSaveFile = new java.io.File(((pathPrefix + java.lang.Integer.toString(counter)) + .png)): null

2018-12-13 11:02:30 - [TEST_STEP][PASSED] - Statement - counter = counter + 1: null

2018-12-13 11:02:30 - [TEST_STEP][PASSED] - Statement - PreSaveFile = new java.io.File(((pathPrefix + java.lang.Integer.toString(counter)) + .png)): null

2018-12-13 11:02:30 - [TEST_STEP][PASSED] - Statement - counter = counter + 1: null

2018-12-13 11:02:30 - [TEST_STEP][PASSED] - Statement - PreSaveFile = new java.io.File(((pathPrefix + java.lang.Integer.toString(counter)) + .png)): null

2018-12-13 11:02:30 - [TEST_STEP][PASSED] - Statement - counter = counter + 1: null

2018-12-13 11:02:30 - [TEST_STEP][PASSED] - Statement - PreSaveFile = new java.io.File(((pathPrefix + java.lang.Integer.toString(counter)) + .png)): null

2018-12-13 11:02:30 - [TEST_STEP][PASSED] - Statement - counter = counter + 1: null

2018-12-13 11:02:30 - [TEST_STEP][PASSED] - Statement - PreSaveFile = new java.io.File(((pathPrefix + java.lang.Integer.toString(counter)) + .png)): null

2018-12-13 11:02:30 - [TEST_STEP][PASSED] - Statement - counter = counter + 1: null

2018-12-13 11:02:30 - [TEST_STEP][PASSED] - Statement - PreSaveFile = new java.io.File(((pathPrefix + java.lang.Integer.toString(counter)) + .png)): null

2018-12-13 11:02:30 - [TEST_STEP][PASSED] - Statement - counter = counter + 1: null

2018-12-13 11:02:30 - [TEST_STEP][PASSED] - Statement - PreSaveFile = new java.io.File(((pathPrefix + java.lang.Integer.toString(counter)) + .png)): null

2018-12-13 11:02:30 - [TEST_STEP][PASSED] - Statement - counter = counter + 1: null

2018-12-13 11:02:30 - [TEST_STEP][PASSED] - Statement - PreSaveFile = new java.io.File(((pathPrefix + java.lang.Integer.toString(counter)) + .png)): null

2018-12-13 11:02:30 - [TEST_STEP][PASSED] - Statement - counter = counter + 1: null

2018-12-13 11:02:30 - [TEST_STEP][PASSED] - Statement - PreSaveFile = new java.io.File(((pathPrefix + java.lang.Integer.toString(counter)) + .png)): null

2018-12-13 11:02:30 - [TEST_STEP][PASSED] - Statement - counter = counter + 1: null

2018-12-13 11:02:30 - [TEST_STEP][PASSED] - Statement - PreSaveFile = new java.io.File(((pathPrefix + java.lang.Integer.toString(counter)) + .png)): null

2018-12-13 11:02:30 - [TEST_STEP][PASSED] - Statement - counter = counter + 1: null

2018-12-13 11:02:30 - [TEST_STEP][PASSED] - Statement - PreSaveFile = new java.io.File(((pathPrefix + java.lang.Integer.toString(counter)) + .png)): null

2018-12-13 11:02:30 - [TEST_STEP][PASSED] - Statement - counter = counter + 1: null

2018-12-13 11:02:30 - [TEST_STEP][PASSED] - Statement - PreSaveFile = new java.io.File(((pathPrefix + java.lang.Integer.toString(counter)) + .png)): null

2018-12-13 11:02:30 - [TEST_STEP][PASSED] - Statement - counter = counter + 1: null

2018-12-13 11:02:30 - [TEST_STEP][PASSED] - Statement - PreSaveFile = new java.io.File(((pathPrefix + java.lang.Integer.toString(counter)) + .png)): null

2018-12-13 11:02:30 - [TEST_STEP][PASSED] - Statement - counter = counter + 1: null

2018-12-13 11:02:30 - [TEST_STEP][PASSED] - Statement - PreSaveFile = new java.io.File(((pathPrefix + java.lang.Integer.toString(counter)) + .png)): null

2018-12-13 11:02:30 - [TEST_STEP][PASSED] - Statement - counter = counter + 1: null

2018-12-13 11:02:30 - [TEST_STEP][PASSED] - Statement - PreSaveFile = new java.io.File(((pathPrefix + java.lang.Integer.toString(counter)) + .png)): null

2018-12-13 11:02:30 - [TEST_STEP][PASSED] - Statement - counter = counter + 1: null

2018-12-13 11:02:30 - [TEST_STEP][PASSED] - Statement - PreSaveFile = new java.io.File(((pathPrefix + java.lang.Integer.toString(counter)) + .png)): null

2018-12-13 11:02:30 - [TEST_STEP][PASSED] - Statement - counter = counter + 1: null

2018-12-13 11:02:30 - [TEST_STEP][PASSED] - Statement - PreSaveFile = new java.io.File(((pathPrefix + java.lang.Integer.toString(counter)) + .png)): null

2018-12-13 11:02:30 - [TEST_STEP][PASSED] - Statement - counter = counter + 1: null

2018-12-13 11:02:30 - [TEST_STEP][PASSED] - Statement - PreSaveFile = new java.io.File(((pathPrefix + java.lang.Integer.toString(counter)) + .png)): null

2018-12-13 11:02:30 - [TEST_STEP][PASSED] - Statement - counter = counter + 1: null

2018-12-13 11:02:30 - [TEST_STEP][PASSED] - Statement - PreSaveFile = new java.io.File(((pathPrefix + java.lang.Integer.toString(counter)) + .png)): null

2018-12-13 11:02:30 - [TEST_STEP][PASSED] - Statement - counter = counter + 1: null

2018-12-13 11:02:30 - [TEST_STEP][PASSED] - Statement - PreSaveFile = new java.io.File(((pathPrefix + java.lang.Integer.toString(counter)) + .png)): null

2018-12-13 11:02:30 - [TEST_STEP][PASSED] - Statement - counter = counter + 1: null

2018-12-13 11:02:30 - [TEST_STEP][PASSED] - Statement - PreSaveFile = new java.io.File(((pathPrefix + java.lang.Integer.toString(counter)) + .png)): null

2018-12-13 11:02:30 - [TEST_STEP][PASSED] - Statement - counter = counter + 1: null

2018-12-13 11:02:30 - [TEST_STEP][PASSED] - Statement - PreSaveFile = new java.io.File(((pathPrefix + java.lang.Integer.toString(counter)) + .png)): null

2018-12-13 11:02:30 - [TEST_STEP][PASSED] - Statement - counter = counter + 1: null

2018-12-13 11:02:30 - [TEST_STEP][PASSED] - Statement - PreSaveFile = new java.io.File(((pathPrefix + java.lang.Integer.toString(counter)) + .png)): null

2018-12-13 11:02:30 - [TEST_STEP][PASSED] - Statement - counter = counter + 1: null

2018-12-13 11:02:30 - [TEST_STEP][PASSED] - Statement - PreSaveFile = new java.io.File(((pathPrefix + java.lang.Integer.toString(counter)) + .png)): null

2018-12-13 11:02:30 - [TEST_STEP][PASSED] - Statement - counter = counter + 1: null

2018-12-13 11:02:30 - [TEST_STEP][PASSED] - Statement - PreSaveFile = new java.io.File(((pathPrefix + java.lang.Integer.toString(counter)) + .png)): null

2018-12-13 11:02:30 - [TEST_STEP][PASSED] - Statement - counter = counter + 1: null

2018-12-13 11:02:30 - [TEST_STEP][PASSED] - Statement - PreSaveFile = new java.io.File(((pathPrefix + java.lang.Integer.toString(counter)) + .png)): null

2018-12-13 11:02:30 - [TEST_STEP][PASSED] - Statement - counter = counter + 1: null

2018-12-13 11:02:30 - [TEST_STEP][PASSED] - Statement - PreSaveFile = new java.io.File(((pathPrefix + java.lang.Integer.toString(counter)) + .png)): null

2018-12-13 11:02:30 - [TEST_STEP][PASSED] - Statement - counter = counter + 1: null

2018-12-13 11:02:30 - [TEST_STEP][PASSED] - Statement - PreSaveFile = new java.io.File(((pathPrefix + java.lang.Integer.toString(counter)) + .png)): null

2018-12-13 11:02:30 - [TEST_STEP][PASSED] - Statement - counter = counter + 1: null

2018-12-13 11:02:30 - [TEST_STEP][PASSED] - Statement - PreSaveFile = new java.io.File(((pathPrefix + java.lang.Integer.toString(counter)) + .png)): null

2018-12-13 11:02:30 - [TEST_STEP][PASSED] - Statement - counter = counter + 1: null

2018-12-13 11:02:30 - [TEST_STEP][PASSED] - Statement - PreSaveFile = new java.io.File(((pathPrefix + java.lang.Integer.toString(counter)) + .png)): null

2018-12-13 11:02:30 - [TEST_STEP][PASSED] - Statement - counter = counter + 1: null

2018-12-13 11:02:30 - [TEST_STEP][PASSED] - Statement - PreSaveFile = new java.io.File(((pathPrefix + java.lang.Integer.toString(counter)) + .png)): null

2018-12-13 11:02:30 - [TEST_STEP][PASSED] - Statement - counter = counter + 1: null

2018-12-13 11:02:30 - [TEST_STEP][PASSED] - Statement - PreSaveFile = new java.io.File(((pathPrefix + java.lang.Integer.toString(counter)) + .png)): null

2018-12-13 11:02:30 - [TEST_STEP][PASSED] - Statement - counter = counter + 1: null

2018-12-13 11:02:30 - [TEST_STEP][PASSED] - Statement - PreSaveFile = new java.io.File(((pathPrefix + java.lang.Integer.toString(counter)) + .png)): null

2018-12-13 11:02:30 - [TEST_STEP][PASSED] - Statement - counter = counter + 1: null

2018-12-13 11:02:30 - [TEST_STEP][PASSED] - Statement - PreSaveFile = new java.io.File(((pathPrefix + java.lang.Integer.toString(counter)) + .png)): null

2018-12-13 11:02:30 - [TEST_STEP][PASSED] - Statement - counter = counter + 1: null

2018-12-13 11:02:30 - [TEST_STEP][PASSED] - Statement - PreSaveFile = new java.io.File(((pathPrefix + java.lang.Integer.toString(counter)) + .png)): null

2018-12-13 11:02:30 - [TEST_STEP][PASSED] - Statement - counter = counter + 1: null

2018-12-13 11:02:30 - [TEST_STEP][PASSED] - Statement - PreSaveFile = new java.io.File(((pathPrefix + java.lang.Integer.toString(counter)) + .png)): null

2018-12-13 11:02:30 - [TEST_STEP][PASSED] - Statement - counter = counter + 1: null

2018-12-13 11:02:30 - [TEST_STEP][PASSED] - Statement - PreSaveFile = new java.io.File(((pathPrefix + java.lang.Integer.toString(counter)) + .png)): null

2018-12-13 11:02:30 - [TEST_STEP][PASSED] - Statement - counter = counter + 1: null

2018-12-13 11:02:30 - [TEST_STEP][PASSED] - Statement - PreSaveFile = new java.io.File(((pathPrefix + java.lang.Integer.toString(counter)) + .png)): null

2018-12-13 11:02:30 - [TEST_STEP][PASSED] - Statement - counter = counter + 1: null

2018-12-13 11:02:30 - [TEST_STEP][PASSED] - Statement - PreSaveFile = new java.io.File(((pathPrefix + java.lang.Integer.toString(counter)) + .png)): null

2018-12-13 11:02:30 - [TEST_STEP][PASSED] - Statement - counter = counter + 1: null

2018-12-13 11:02:30 - [TEST_STEP][PASSED] - Statement - PreSaveFile = new java.io.File(((pathPrefix + java.lang.Integer.toString(counter)) + .png)): null

2018-12-13 11:02:30 - [TEST_STEP][PASSED] - Statement - counter = counter + 1: null

2018-12-13 11:02:30 - [TEST_STEP][PASSED] - Statement - PreSaveFile = new java.io.File(((pathPrefix + java.lang.Integer.toString(counter)) + .png)): null

2018-12-13 11:02:30 - [TEST_STEP][PASSED] - Statement - counter = counter + 1: null

2018-12-13 11:02:30 - [TEST_STEP][PASSED] - Statement - PreSaveFile = new java.io.File(((pathPrefix + java.lang.Integer.toString(counter)) + .png)): null

2018-12-13 11:02:30 - [TEST_STEP][PASSED] - Statement - counter = counter + 1: null

2018-12-13 11:02:30 - [TEST_STEP][PASSED] - Statement - PreSaveFile = new java.io.File(((pathPrefix + java.lang.Integer.toString(counter)) + .png)): null

2018-12-13 11:02:30 - [TEST_STEP][PASSED] - Statement - counter = counter + 1: null

2018-12-13 11:02:30 - [TEST_STEP][PASSED] - Statement - PreSaveFile = new java.io.File(((pathPrefix + java.lang.Integer.toString(counter)) + .png)): null

2018-12-13 11:02:30 - [TEST_STEP][PASSED] - Statement - counter = counter + 1: null

2018-12-13 11:02:30 - [TEST_STEP][PASSED] - Statement - PreSaveFile = new java.io.File(((pathPrefix + java.lang.Integer.toString(counter)) + .png)): null

2018-12-13 11:02:30 - [TEST_STEP][PASSED] - Statement - counter = counter + 1: null

2018-12-13 11:02:30 - [TEST_STEP][PASSED] - Statement - PreSaveFile = new java.io.File(((pathPrefix + java.lang.Integer.toString(counter)) + .png)): null

2018-12-13 11:02:30 - [TEST_STEP][PASSED] - Statement - counter = counter + 1: null

2018-12-13 11:02:30 - [TEST_STEP][PASSED] - Statement - PreSaveFile = new java.io.File(((pathPrefix + java.lang.Integer.toString(counter)) + .png)): null

2018-12-13 11:02:30 - [TEST_STEP][PASSED] - Statement - counter = counter + 1: null

2018-12-13 11:02:30 - [TEST_STEP][PASSED] - Statement - PreSaveFile = new java.io.File(((pathPrefix + java.lang.Integer.toString(counter)) + .png)): null

2018-12-13 11:02:30 - [TEST_STEP][PASSED] - Statement - counter = counter + 1: null

2018-12-13 11:02:30 - [TEST_STEP][PASSED] - Statement - PreSaveFile = new java.io.File(((pathPrefix + java.lang.Integer.toString(counter)) + .png)): null

2018-12-13 11:02:30 - [TEST_STEP][PASSED] - Statement - counter = counter + 1: null

2018-12-13 11:02:30 - [TEST_STEP][PASSED] - Statement - PreSaveFile = new java.io.File(((pathPrefix + java.lang.Integer.toString(counter)) + .png)): null

2018-12-13 11:02:30 - [TEST_STEP][PASSED] - Statement - counter = counter + 1: null

2018-12-13 11:02:30 - [TEST_STEP][PASSED] - Statement - PreSaveFile = new java.io.File(((pathPrefix + java.lang.Integer.toString(counter)) + .png)): null

2018-12-13 11:02:30 - [TEST_STEP][PASSED] - Statement - counter = counter + 1: null

2018-12-13 11:02:30 - [TEST_STEP][PASSED] - Statement - PreSaveFile = new java.io.File(((pathPrefix + java.lang.Integer.toString(counter)) + .png)): null

2018-12-13 11:02:30 - [TEST_STEP][PASSED] - Statement - counter = counter + 1: null

2018-12-13 11:02:30 - [TEST_STEP][PASSED] - Statement - PreSaveFile = new java.io.File(((pathPrefix + java.lang.Integer.toString(counter)) + .png)): null

2018-12-13 11:02:30 - [TEST_STEP][PASSED] - Statement - counter = counter + 1: null

2018-12-13 11:02:30 - [TEST_STEP][PASSED] - Statement - PreSaveFile = new java.io.File(((pathPrefix + java.lang.Integer.toString(counter)) + .png)): null

2018-12-13 11:02:30 - [TEST_STEP][PASSED] - Statement - counter = counter + 1: null

2018-12-13 11:02:30 - [TEST_STEP][PASSED] - Statement - PreSaveFile = new java.io.File(((pathPrefix + java.lang.Integer.toString(counter)) + .png)): null

2018-12-13 11:02:30 - [TEST_STEP][PASSED] - Statement - counter = counter + 1: null

2018-12-13 11:02:30 - [TEST_STEP][PASSED] - Statement - PreSaveFile = new java.io.File(((pathPrefix + java.lang.Integer.toString(counter)) + .png)): null

2018-12-13 11:02:30 - [TEST_STEP][PASSED] - Statement - counter = counter + 1: null

2018-12-13 11:02:30 - [TEST_STEP][PASSED] - Statement - PreSaveFile = new java.io.File(((pathPrefix + java.lang.Integer.toString(counter)) + .png)): null

2018-12-13 11:02:30 - [TEST_STEP][PASSED] - Statement - counter = counter + 1: null

2018-12-13 11:02:30 - [TEST_STEP][PASSED] - Statement - PreSaveFile = new java.io.File(((pathPrefix + java.lang.Integer.toString(counter)) + .png)): null

2018-12-13 11:02:30 - [TEST_STEP][PASSED] - Statement - counter = counter + 1: null

2018-12-13 11:02:30 - [TEST_STEP][PASSED] - Statement - PreSaveFile = new java.io.File(((pathPrefix + java.lang.Integer.toString(counter)) + .png)): null

2018-12-13 11:02:30 - [TEST_STEP][PASSED] - Statement - counter = counter + 1: null

2018-12-13 11:02:30 - [TEST_STEP][PASSED] - Statement - PreSaveFile = new java.io.File(((pathPrefix + java.lang.Integer.toString(counter)) + .png)): null

2018-12-13 11:02:30 - [TEST_STEP][PASSED] - Statement - counter = counter + 1: null

2018-12-13 11:02:30 - [TEST_STEP][PASSED] - Statement - PreSaveFile = new java.io.File(((pathPrefix + java.lang.Integer.toString(counter)) + .png)): null

2018-12-13 11:02:30 - [TEST_STEP][PASSED] - Statement - counter = counter + 1: null

2018-12-13 11:02:30 - [TEST_STEP][PASSED] - Statement - PreSaveFile = new java.io.File(((pathPrefix + java.lang.Integer.toString(counter)) + .png)): null

2018-12-13 11:02:30 - [TEST_STEP][PASSED] - Statement - counter = counter + 1: null

2018-12-13 11:02:30 - [TEST_STEP][PASSED] - Statement - PreSaveFile = new java.io.File(((pathPrefix + java.lang.Integer.toString(counter)) + .png)): null

2018-12-13 11:02:30 - [TEST_STEP][PASSED] - Statement - counter = counter + 1: null

2018-12-13 11:02:30 - [TEST_STEP][PASSED] - Statement - PreSaveFile = new java.io.File(((pathPrefix + java.lang.Integer.toString(counter)) + .png)): null

2018-12-13 11:02:30 - [TEST_STEP][PASSED] - Statement - counter = counter + 1: null

2018-12-13 11:02:30 - [TEST_STEP][PASSED] - Statement - PreSaveFile = new java.io.File(((pathPrefix + java.lang.Integer.toString(counter)) + .png)): null

2018-12-13 11:02:30 - [TEST_STEP][PASSED] - Statement - counter = counter + 1: null

2018-12-13 11:02:30 - [TEST_STEP][PASSED] - Statement - PreSaveFile = new java.io.File(((pathPrefix + java.lang.Integer.toString(counter)) + .png)): null

2018-12-13 11:02:30 - [TEST_STEP][PASSED] - Statement - counter = counter + 1: null

2018-12-13 11:02:31 - [TEST_STEP][PASSED] - Statement - PreSaveFile = new java.io.File(((pathPrefix + java.lang.Integer.toString(counter)) + .png)): null

2018-12-13 11:02:31 - [TEST_STEP][PASSED] - Statement - counter = counter + 1: null

2018-12-13 11:02:31 - [TEST_STEP][PASSED] - Statement - PreSaveFile = new java.io.File(((pathPrefix + java.lang.Integer.toString(counter)) + .png)): null

2018-12-13 11:02:31 - [TEST_STEP][PASSED] - Statement - counter = counter + 1: null

2018-12-13 11:02:31 - [TEST_STEP][PASSED] - Statement - PreSaveFile = new java.io.File(((pathPrefix + java.lang.Integer.toString(counter)) + .png)): null

2018-12-13 11:02:31 - [TEST_STEP][PASSED] - Statement - counter = counter + 1: null

2018-12-13 11:02:31 - [TEST_STEP][PASSED] - Statement - PreSaveFile = new java.io.File(((pathPrefix + java.lang.Integer.toString(counter)) + .png)): null

2018-12-13 11:02:31 - [TEST_STEP][PASSED] - Statement - counter = counter + 1: null

2018-12-13 11:02:31 - [TEST_STEP][PASSED] - Statement - PreSaveFile = new java.io.File(((pathPrefix + java.lang.Integer.toString(counter)) + .png)): null

2018-12-13 11:02:31 - [TEST_STEP][PASSED] - Statement - counter = counter + 1: null

2018-12-13 11:02:31 - [TEST_STEP][PASSED] - Statement - PreSaveFile = new java.io.File(((pathPrefix + java.lang.Integer.toString(counter)) + .png)): null

2018-12-13 11:02:31 - [TEST_STEP][PASSED] - Statement - counter = counter + 1: null

2018-12-13 11:02:31 - [TEST_STEP][PASSED] - Statement - PreSaveFile = new java.io.File(((pathPrefix + java.lang.Integer.toString(counter)) + .png)): null

2018-12-13 11:02:31 - [TEST_STEP][PASSED] - Statement - counter = counter + 1: null

2018-12-13 11:02:31 - [TEST_STEP][PASSED] - Statement - PreSaveFile = new java.io.File(((pathPrefix + java.lang.Integer.toString(counter)) + .png)): null

2018-12-13 11:02:31 - [TEST_STEP][PASSED] - Statement - counter = counter + 1: null

2018-12-13 11:02:31 - [TEST_STEP][PASSED] - Statement - PreSaveFile = new java.io.File(((pathPrefix + java.lang.Integer.toString(counter)) + .png)): null

2018-12-13 11:02:31 - [TEST_STEP][PASSED] - Statement - counter = counter + 1: null

2018-12-13 11:02:31 - [TEST_STEP][PASSED] - Statement - PreSaveFile = new java.io.File(((pathPrefix + java.lang.Integer.toString(counter)) + .png)): null

2018-12-13 11:02:31 - [TEST_STEP][PASSED] - Statement - counter = counter + 1: null

2018-12-13 11:02:31 - [TEST_STEP][PASSED] - Statement - PreSaveFile = new java.io.File(((pathPrefix + java.lang.Integer.toString(counter)) + .png)): null

2018-12-13 11:02:31 - [TEST_STEP][PASSED] - Statement - counter = counter + 1: null

2018-12-13 11:02:31 - [TEST_STEP][PASSED] - Statement - PreSaveFile = new java.io.File(((pathPrefix + java.lang.Integer.toString(counter)) + .png)): null

2018-12-13 11:02:31 - [TEST_STEP][PASSED] - Statement - counter = counter + 1: null

2018-12-13 11:02:31 - [TEST_STEP][PASSED] - Statement - PreSaveFile = new java.io.File(((pathPrefix + java.lang.Integer.toString(counter)) + .png)): null

2018-12-13 11:02:31 - [TEST_STEP][PASSED] - Statement - counter = counter + 1: null

2018-12-13 11:02:31 - [TEST_STEP][PASSED] - Statement - PreSaveFile = new java.io.File(((pathPrefix + java.lang.Integer.toString(counter)) + .png)): null

2018-12-13 11:02:31 - [TEST_STEP][PASSED] - Statement - counter = counter + 1: null

2018-12-13 11:02:31 - [TEST_STEP][PASSED] - Statement - PreSaveFile = new java.io.File(((pathPrefix + java.lang.Integer.toString(counter)) + .png)): null

2018-12-13 11:02:31 - [TEST_STEP][PASSED] - Statement - counter = counter + 1: null

2018-12-13 11:02:31 - [TEST_STEP][PASSED] - Statement - PreSaveFile = new java.io.File(((pathPrefix + java.lang.Integer.toString(counter)) + .png)): null

2018-12-13 11:02:31 - [TEST_STEP][PASSED] - Statement - counter = counter + 1: null

2018-12-13 11:02:31 - [TEST_STEP][PASSED] - Statement - PreSaveFile = new java.io.File(((pathPrefix + java.lang.Integer.toString(counter)) + .png)): null

2018-12-13 11:02:31 - [TEST_STEP][PASSED] - Statement - counter = counter + 1: null

2018-12-13 11:02:31 - [TEST_STEP][PASSED] - Statement - PreSaveFile = new java.io.File(((pathPrefix + java.lang.Integer.toString(counter)) + .png)): null

2018-12-13 11:02:31 - [TEST_STEP][PASSED] - Statement - counter = counter + 1: null

2018-12-13 11:02:31 - [TEST_STEP][PASSED] - Statement - PreSaveFile = new java.io.File(((pathPrefix + java.lang.Integer.toString(counter)) + .png)): null

2018-12-13 11:02:31 - [TEST_STEP][PASSED] - Statement - counter = counter + 1: null

2018-12-13 11:02:31 - [TEST_STEP][PASSED] - Statement - PreSaveFile = new java.io.File(((pathPrefix + java.lang.Integer.toString(counter)) + .png)): null

2018-12-13 11:02:31 - [TEST_STEP][PASSED] - Statement - counter = counter + 1: null

2018-12-13 11:02:31 - [TEST_STEP][PASSED] - Statement - PreSaveFile = new java.io.File(((pathPrefix + java.lang.Integer.toString(counter)) + .png)): null

2018-12-13 11:02:31 - [TEST_STEP][PASSED] - Statement - counter = counter + 1: null

2018-12-13 11:02:31 - [TEST_STEP][PASSED] - Statement - PreSaveFile = new java.io.File(((pathPrefix + java.lang.Integer.toString(counter)) + .png)): null

2018-12-13 11:02:31 - [TEST_STEP][PASSED] - Statement - counter = counter + 1: null

2018-12-13 11:02:31 - [TEST_STEP][PASSED] - Statement - PreSaveFile = new java.io.File(((pathPrefix + java.lang.Integer.toString(counter)) + .png)): null

2018-12-13 11:02:31 - [TEST_STEP][PASSED] - Statement - counter = counter + 1: null

2018-12-13 11:02:31 - [TEST_STEP][PASSED] - Statement - PreSaveFile = new java.io.File(((pathPrefix + java.lang.Integer.toString(counter)) + .png)): null

2018-12-13 11:02:31 - [TEST_STEP][PASSED] - Statement - counter = counter + 1: null

2018-12-13 11:02:31 - [TEST_STEP][PASSED] - Statement - PreSaveFile = new java.io.File(((pathPrefix + java.lang.Integer.toString(counter)) + .png)): null

2018-12-13 11:02:31 - [TEST_STEP][PASSED] - Statement - counter = counter + 1: null

2018-12-13 11:02:31 - [TEST_STEP][PASSED] - Statement - PreSaveFile = new java.io.File(((pathPrefix + java.lang.Integer.toString(counter)) + .png)): null

2018-12-13 11:02:31 - [TEST_STEP][PASSED] - Statement - counter = counter + 1: null

2018-12-13 11:02:31 - [TEST_STEP][PASSED] - Statement - PreSaveFile = new java.io.File(((pathPrefix + java.lang.Integer.toString(counter)) + .png)): null

2018-12-13 11:02:31 - [TEST_STEP][PASSED] - Statement - counter = counter + 1: null

2018-12-13 11:02:31 - [TEST_STEP][PASSED] - Statement - PreSaveFile = new java.io.File(((pathPrefix + java.lang.Integer.toString(counter)) + .png)): null

2018-12-13 11:02:31 - [TEST_STEP][PASSED] - Statement - counter = counter + 1: null

2018-12-13 11:02:31 - [TEST_STEP][PASSED] - Statement - PreSaveFile = new java.io.File(((pathPrefix + java.lang.Integer.toString(counter)) + .png)): null

2018-12-13 11:02:31 - [TEST_STEP][PASSED] - Statement - counter = counter + 1: null

2018-12-13 11:02:31 - [TEST_STEP][PASSED] - Statement - PreSaveFile = new java.io.File(((pathPrefix + java.lang.Integer.toString(counter)) + .png)): null

2018-12-13 11:02:31 - [TEST_STEP][PASSED] - Statement - counter = counter + 1: null

2018-12-13 11:02:31 - [TEST_STEP][PASSED] - Statement - PreSaveFile = new java.io.File(((pathPrefix + java.lang.Integer.toString(counter)) + .png)): null

2018-12-13 11:02:31 - [TEST_STEP][PASSED] - Statement - counter = counter + 1: null

2018-12-13 11:02:31 - [TEST_STEP][PASSED] - Statement - PreSaveFile = new java.io.File(((pathPrefix + java.lang.Integer.toString(counter)) + .png)): null

2018-12-13 11:02:31 - [TEST_STEP][PASSED] - Statement - counter = counter + 1: null

2018-12-13 11:02:31 - [TEST_STEP][PASSED] - Statement - PreSaveFile = new java.io.File(((pathPrefix + java.lang.Integer.toString(counter)) + .png)): null

2018-12-13 11:02:31 - [TEST_STEP][PASSED] - Statement - counter = counter + 1: null

2018-12-13 11:02:31 - [TEST_STEP][PASSED] - Statement - PreSaveFile = new java.io.File(((pathPrefix + java.lang.Integer.toString(counter)) + .png)): null

2018-12-13 11:02:31 - [TEST_STEP][PASSED] - Statement - counter = counter + 1: null

2018-12-13 11:02:31 - [TEST_STEP][PASSED] - Statement - PreSaveFile = new java.io.File(((pathPrefix + java.lang.Integer.toString(counter)) + .png)): null

2018-12-13 11:02:31 - [TEST_STEP][PASSED] - Statement - counter = counter + 1: null

2018-12-13 11:02:31 - [TEST_STEP][PASSED] - Statement - PreSaveFile = new java.io.File(((pathPrefix + java.lang.Integer.toString(counter)) + .png)): null

2018-12-13 11:02:31 - [TEST_STEP][PASSED] - Statement - counter = counter + 1: null

2018-12-13 11:02:31 - [TEST_STEP][PASSED] - Statement - PreSaveFile = new java.io.File(((pathPrefix + java.lang.Integer.toString(counter)) + .png)): null

2018-12-13 11:02:31 - [TEST_STEP][PASSED] - Statement - counter = counter + 1: null

2018-12-13 11:02:31 - [TEST_STEP][PASSED] - Statement - PreSaveFile = new java.io.File(((pathPrefix + java.lang.Integer.toString(counter)) + .png)): null

2018-12-13 11:02:31 - [TEST_STEP][PASSED] - Statement - counter = counter + 1: null

2018-12-13 11:02:31 - [TEST_STEP][PASSED] - Statement - PreSaveFile = new java.io.File(((pathPrefix + java.lang.Integer.toString(counter)) + .png)): null

2018-12-13 11:02:31 - [TEST_STEP][PASSED] - Statement - counter = counter + 1: null

2018-12-13 11:02:31 - [TEST_STEP][PASSED] - Statement - PreSaveFile = new java.io.File(((pathPrefix + java.lang.Integer.toString(counter)) + .png)): null

2018-12-13 11:02:31 - [TEST_STEP][PASSED] - Statement - counter = counter + 1: null

2018-12-13 11:02:31 - [TEST_STEP][PASSED] - Statement - PreSaveFile = new java.io.File(((pathPrefix + java.lang.Integer.toString(counter)) + .png)): null

2018-12-13 11:02:31 - [TEST_STEP][PASSED] - Statement - counter = counter + 1: null

2018-12-13 11:02:31 - [TEST_STEP][PASSED] - Statement - PreSaveFile = new java.io.File(((pathPrefix + java.lang.Integer.toString(counter)) + .png)): null

2018-12-13 11:02:31 - [TEST_STEP][PASSED] - Statement - counter = counter + 1: null

2018-12-13 11:02:31 - [TEST_STEP][PASSED] - Statement - PreSaveFile = new java.io.File(((pathPrefix + java.lang.Integer.toString(counter)) + .png)): null

2018-12-13 11:02:31 - [TEST_STEP][PASSED] - Statement - counter = counter + 1: null

2018-12-13 11:02:31 - [TEST_STEP][PASSED] - Statement - PreSaveFile = new java.io.File(((pathPrefix + java.lang.Integer.toString(counter)) + .png)): null

2018-12-13 11:02:31 - [TEST_STEP][PASSED] - Statement - counter = counter + 1: null

2018-12-13 11:02:31 - [TEST_STEP][PASSED] - Statement - PreSaveFile = new java.io.File(((pathPrefix + java.lang.Integer.toString(counter)) + .png)): null

2018-12-13 11:02:31 - [TEST_STEP][PASSED] - Statement - counter = counter + 1: null

2018-12-13 11:02:31 - [TEST_STEP][PASSED] - Statement - PreSaveFile = new java.io.File(((pathPrefix + java.lang.Integer.toString(counter)) + .png)): null

2018-12-13 11:02:31 - [TEST_STEP][PASSED] - Statement - counter = counter + 1: null

2018-12-13 11:02:31 - [TEST_STEP][PASSED] - Statement - PreSaveFile = new java.io.File(((pathPrefix + java.lang.Integer.toString(counter)) + .png)): null

2018-12-13 11:02:31 - [TEST_STEP][PASSED] - Statement - counter = counter + 1: null

2018-12-13 11:02:31 - [TEST_STEP][PASSED] - Statement - PreSaveFile = new java.io.File(((pathPrefix + java.lang.Integer.toString(counter)) + .png)): null

2018-12-13 11:02:31 - [TEST_STEP][PASSED] - Statement - counter = counter + 1: null

2018-12-13 11:02:31 - [TEST_STEP][PASSED] - Statement - PreSaveFile = new java.io.File(((pathPrefix + java.lang.Integer.toString(counter)) + .png)): null

2018-12-13 11:02:31 - [TEST_STEP][PASSED] - Statement - counter = counter + 1: null

2018-12-13 11:02:31 - [TEST_STEP][PASSED] - Statement - PreSaveFile = new java.io.File(((pathPrefix + java.lang.Integer.toString(counter)) + .png)): null

2018-12-13 11:02:31 - [TEST_STEP][PASSED] - Statement - counter = counter + 1: null

2018-12-13 11:02:31 - [TEST_STEP][PASSED] - Statement - PreSaveFile = new java.io.File(((pathPrefix + java.lang.Integer.toString(counter)) + .png)): null

2018-12-13 11:02:31 - [TEST_STEP][PASSED] - Statement - counter = counter + 1: null

2018-12-13 11:02:31 - [TEST_STEP][PASSED] - Statement - PreSaveFile = new java.io.File(((pathPrefix + java.lang.Integer.toString(counter)) + .png)): null

2018-12-13 11:02:31 - [TEST_STEP][PASSED] - Statement - counter = counter + 1: null

2018-12-13 11:02:31 - [TEST_STEP][PASSED] - Statement - PreSaveFile = new java.io.File(((pathPrefix + java.lang.Integer.toString(counter)) + .png)): null

2018-12-13 11:02:31 - [TEST_STEP][PASSED] - Statement - counter = counter + 1: null

2018-12-13 11:02:31 - [TEST_STEP][PASSED] - Statement - PreSaveFile = new java.io.File(((pathPrefix + java.lang.Integer.toString(counter)) + .png)): null

2018-12-13 11:02:31 - [TEST_STEP][PASSED] - Statement - counter = counter + 1: null

2018-12-13 11:02:31 - [TEST_STEP][PASSED] - Statement - PreSaveFile = new java.io.File(((pathPrefix + java.lang.Integer.toString(counter)) + .png)): null

2018-12-13 11:02:31 - [TEST_STEP][PASSED] - Statement - counter = counter + 1: null

2018-12-13 11:02:31 - [TEST_STEP][PASSED] - Statement - PreSaveFile = new java.io.File(((pathPrefix + java.lang.Integer.toString(counter)) + .png)): null

2018-12-13 11:02:31 - [TEST_STEP][PASSED] - Statement - counter = counter + 1: null

2018-12-13 11:02:31 - [TEST_STEP][PASSED] - Statement - PreSaveFile = new java.io.File(((pathPrefix + java.lang.Integer.toString(counter)) + .png)): null

2018-12-13 11:02:31 - [TEST_STEP][PASSED] - Statement - counter = counter + 1: null

2018-12-13 11:02:31 - [TEST_STEP][PASSED] - Statement - PreSaveFile = new java.io.File(((pathPrefix + java.lang.Integer.toString(counter)) + .png)): null

2018-12-13 11:02:31 - [TEST_STEP][PASSED] - Statement - counter = counter + 1: null

2018-12-13 11:02:31 - [TEST_STEP][PASSED] - Statement - PreSaveFile = new java.io.File(((pathPrefix + java.lang.Integer.toString(counter)) + .png)): null

2018-12-13 11:02:31 - [TEST_STEP][PASSED] - Statement - counter = counter + 1: null

2018-12-13 11:02:31 - [TEST_STEP][PASSED] - Statement - PreSaveFile = new java.io.File(((pathPrefix + java.lang.Integer.toString(counter)) + .png)): null

2018-12-13 11:02:31 - [TEST_STEP][PASSED] - Statement - counter = counter + 1: null

2018-12-13 11:02:31 - [TEST_STEP][PASSED] - Statement - PreSaveFile = new java.io.File(((pathPrefix + java.lang.Integer.toString(counter)) + .png)): null

2018-12-13 11:02:31 - [TEST_STEP][PASSED] - Statement - counter = counter + 1: null

2018-12-13 11:02:31 - [TEST_STEP][PASSED] - Statement - PreSaveFile = new java.io.File(((pathPrefix + java.lang.Integer.toString(counter)) + .png)): null

2018-12-13 11:02:31 - [TEST_STEP][PASSED] - Statement - counter = counter + 1: null

2018-12-13 11:02:31 - [TEST_STEP][PASSED] - Statement - PreSaveFile = new java.io.File(((pathPrefix + java.lang.Integer.toString(counter)) + .png)): null

2018-12-13 11:02:31 - [TEST_STEP][PASSED] - Statement - counter = counter + 1: null

2018-12-13 11:02:31 - [TEST_STEP][PASSED] - Statement - PreSaveFile = new java.io.File(((pathPrefix + java.lang.Integer.toString(counter)) + .png)): null

2018-12-13 11:02:31 - [TEST_STEP][PASSED] - Statement - counter = counter + 1: null

2018-12-13 11:02:31 - [TEST_STEP][PASSED] - Statement - PreSaveFile = new java.io.File(((pathPrefix + java.lang.Integer.toString(counter)) + .png)): null

2018-12-13 11:02:31 - [TEST_STEP][PASSED] - Statement - counter = counter + 1: null

2018-12-13 11:02:31 - [TEST_STEP][PASSED] - Statement - PreSaveFile = new java.io.File(((pathPrefix + java.lang.Integer.toString(counter)) + .png)): null

2018-12-13 11:02:31 - [TEST_STEP][PASSED] - Statement - counter = counter + 1: null

2018-12-13 11:02:31 - [TEST_STEP][PASSED] - Statement - PreSaveFile = new java.io.File(((pathPrefix + java.lang.Integer.toString(counter)) + .png)): null

2018-12-13 11:02:31 - [TEST_STEP][PASSED] - Statement - counter = counter + 1: null

2018-12-13 11:02:31 - [TEST_STEP][PASSED] - Statement - PreSaveFile = new java.io.File(((pathPrefix + java.lang.Integer.toString(counter)) + .png)): null

2018-12-13 11:02:31 - [TEST_STEP][PASSED] - Statement - counter = counter + 1: null

2018-12-13 11:02:31 - [TEST_STEP][PASSED] - Statement - PreSaveFile = new java.io.File(((pathPrefix + java.lang.Integer.toString(counter)) + .png)): null

2018-12-13 11:02:31 - [TEST_STEP][PASSED] - Statement - counter = counter + 1: null

2018-12-13 11:02:31 - [TEST_STEP][PASSED] - Statement - PreSaveFile = new java.io.File(((pathPrefix + java.lang.Integer.toString(counter)) + .png)): null

2018-12-13 11:02:31 - [TEST_STEP][PASSED] - Statement - counter = counter + 1: null

2018-12-13 11:02:31 - [TEST_STEP][PASSED] - Statement - PreSaveFile = new java.io.File(((pathPrefix + java.lang.Integer.toString(counter)) + .png)): null

2018-12-13 11:02:31 - [TEST_STEP][PASSED] - Statement - counter = counter + 1: null

2018-12-13 11:02:31 - [TEST_STEP][PASSED] - Statement - PreSaveFile = new java.io.File(((pathPrefix + java.lang.Integer.toString(counter)) + .png)): null

2018-12-13 11:02:31 - [TEST_STEP][PASSED] - Statement - counter = counter + 1: null

2018-12-13 11:02:31 - [TEST_STEP][PASSED] - Statement - PreSaveFile = new java.io.File(((pathPrefix + java.lang.Integer.toString(counter)) + .png)): null

2018-12-13 11:02:31 - [TEST_STEP][PASSED] - Statement - counter = counter + 1: null

2018-12-13 11:02:31 - [TEST_STEP][PASSED] - Statement - PreSaveFile = new java.io.File(((pathPrefix + java.lang.Integer.toString(counter)) + .png)): null

2018-12-13 11:02:31 - [TEST_STEP][PASSED] - Statement - counter = counter + 1: null

2018-12-13 11:02:31 - [TEST_STEP][PASSED] - Statement - PreSaveFile = new java.io.File(((pathPrefix + java.lang.Integer.toString(counter)) + .png)): null

2018-12-13 11:02:31 - [TEST_STEP][PASSED] - Statement - counter = counter + 1: null

2018-12-13 11:02:31 - [TEST_STEP][PASSED] - Statement - PreSaveFile = new java.io.File(((pathPrefix + java.lang.Integer.toString(counter)) + .png)): null

2018-12-13 11:02:31 - [TEST_STEP][PASSED] - Statement - counter = counter + 1: null

2018-12-13 11:02:31 - [TEST_STEP][PASSED] - Statement - PreSaveFile = new java.io.File(((pathPrefix + java.lang.Integer.toString(counter)) + .png)): null

2018-12-13 11:02:31 - [TEST_STEP][PASSED] - Statement - counter = counter + 1: null

2018-12-13 11:02:31 - [TEST_STEP][PASSED] - Statement - PreSaveFile = new java.io.File(((pathPrefix + java.lang.Integer.toString(counter)) + .png)): null

2018-12-13 11:02:31 - [TEST_STEP][PASSED] - Statement - counter = counter + 1: null

2018-12-13 11:02:31 - [TEST_STEP][PASSED] - Statement - PreSaveFile = new java.io.File(((pathPrefix + java.lang.Integer.toString(counter)) + .png)): null

2018-12-13 11:02:31 - [TEST_STEP][PASSED] - Statement - counter = counter + 1: null

2018-12-13 11:02:31 - [TEST_STEP][PASSED] - Statement - PreSaveFile = new java.io.File(((pathPrefix + java.lang.Integer.toString(counter)) + .png)): null

2018-12-13 11:02:31 - [TEST_STEP][PASSED] - Statement - counter = counter + 1: null

2018-12-13 11:02:31 - [TEST_STEP][PASSED] - Statement - PreSaveFile = new java.io.File(((pathPrefix + java.lang.Integer.toString(counter)) + .png)): null

2018-12-13 11:02:31 - [TEST_STEP][PASSED] - Statement - counter = counter + 1: null

2018-12-13 11:02:31 - [TEST_STEP][PASSED] - Statement - PreSaveFile = new java.io.File(((pathPrefix + java.lang.Integer.toString(counter)) + .png)): null

2018-12-13 11:02:31 - [TEST_STEP][PASSED] - Statement - counter = counter + 1: null

2018-12-13 11:02:31 - [TEST_STEP][PASSED] - Statement - PreSaveFile = new java.io.File(((pathPrefix + java.lang.Integer.toString(counter)) + .png)): null

2018-12-13 11:02:31 - [TEST_STEP][PASSED] - Statement - counter = counter + 1: null

2018-12-13 11:02:31 - [TEST_STEP][PASSED] - Statement - PreSaveFile = new java.io.File(((pathPrefix + java.lang.Integer.toString(counter)) + .png)): null

2018-12-13 11:02:31 - [TEST_STEP][PASSED] - Statement - counter = counter + 1: null

2018-12-13 11:02:31 - [TEST_STEP][PASSED] - Statement - PreSaveFile = new java.io.File(((pathPrefix + java.lang.Integer.toString(counter)) + .png)): null

2018-12-13 11:02:31 - [TEST_STEP][PASSED] - Statement - counter = counter + 1: null

2018-12-13 11:02:31 - [TEST_STEP][PASSED] - Statement - PreSaveFile = new java.io.File(((pathPrefix + java.lang.Integer.toString(counter)) + .png)): null

2018-12-13 11:02:31 - [TEST_STEP][PASSED] - Statement - counter = counter + 1: null

2018-12-13 11:02:31 - [TEST_STEP][PASSED] - Statement - PreSaveFile = new java.io.File(((pathPrefix + java.lang.Integer.toString(counter)) + .png)): null

2018-12-13 11:02:31 - [TEST_STEP][PASSED] - Statement - counter = counter + 1: null

2018-12-13 11:02:31 - [TEST_STEP][PASSED] - Statement - PreSaveFile = new java.io.File(((pathPrefix + java.lang.Integer.toString(counter)) + .png)): null

2018-12-13 11:02:31 - [TEST_STEP][PASSED] - Statement - counter = counter + 1: null

2018-12-13 11:02:31 - [TEST_STEP][PASSED] - Statement - PreSaveFile = new java.io.File(((pathPrefix + java.lang.Integer.toString(counter)) + .png)): null

2018-12-13 11:02:31 - [TEST_STEP][PASSED] - Statement - counter = counter + 1: null

2018-12-13 11:02:31 - [TEST_STEP][PASSED] - Statement - PreSaveFile = new java.io.File(((pathPrefix + java.lang.Integer.toString(counter)) + .png)): null

2018-12-13 11:02:31 - [TEST_STEP][PASSED] - Statement - counter = counter + 1: null

2018-12-13 11:02:31 - [TEST_STEP][PASSED] - Statement - PreSaveFile = new java.io.File(((pathPrefix + java.lang.Integer.toString(counter)) + .png)): null

2018-12-13 11:02:31 - [TEST_STEP][PASSED] - Statement - counter = counter + 1: null

2018-12-13 11:02:31 - [TEST_STEP][PASSED] - Statement - PreSaveFile = new java.io.File(((pathPrefix + java.lang.Integer.toString(counter)) + .png)): null

2018-12-13 11:02:31 - [TEST_STEP][PASSED] - Statement - counter = counter + 1: null

2018-12-13 11:02:31 - [TEST_STEP][PASSED] - Statement - PreSaveFile = new java.io.File(((pathPrefix + java.lang.Integer.toString(counter)) + .png)): null

2018-12-13 11:02:31 - [TEST_STEP][PASSED] - Statement - counter = counter + 1: null

2018-12-13 11:02:31 - [TEST_STEP][PASSED] - Statement - PreSaveFile = new java.io.File(((pathPrefix + java.lang.Integer.toString(counter)) + .png)): null

2018-12-13 11:02:31 - [TEST_STEP][PASSED] - Statement - counter = counter + 1: null

2018-12-13 11:02:31 - [TEST_STEP][PASSED] - Statement - PreSaveFile = new java.io.File(((pathPrefix + java.lang.Integer.toString(counter)) + .png)): null

2018-12-13 11:02:31 - [TEST_STEP][PASSED] - Statement - counter = counter + 1: null

2018-12-13 11:02:31 - [TEST_STEP][PASSED] - Statement - PreSaveFile = new java.io.File(((pathPrefix + java.lang.Integer.toString(counter)) + .png)): null

2018-12-13 11:02:31 - [TEST_STEP][PASSED] - Statement - counter = counter + 1: null

2018-12-13 11:02:31 - [TEST_STEP][PASSED] - Statement - PreSaveFile = new java.io.File(((pathPrefix + java.lang.Integer.toString(counter)) + .png)): null

2018-12-13 11:02:31 - [TEST_STEP][PASSED] - Statement - counter = counter + 1: null

2018-12-13 11:02:31 - [TEST_STEP][PASSED] - Statement - PreSaveFile = new java.io.File(((pathPrefix + java.lang.Integer.toString(counter)) + .png)): null

2018-12-13 11:02:31 - [TEST_STEP][PASSED] - Statement - counter = counter + 1: null

2018-12-13 11:02:31 - [TEST_STEP][PASSED] - Statement - PreSaveFile = new java.io.File(((pathPrefix + java.lang.Integer.toString(counter)) + .png)): null

2018-12-13 11:02:31 - [TEST_STEP][PASSED] - Statement - counter = counter + 1: null

2018-12-13 11:02:31 - [TEST_STEP][PASSED] - Statement - PreSaveFile = new java.io.File(((pathPrefix + java.lang.Integer.toString(counter)) + .png)): null

2018-12-13 11:02:31 - [TEST_STEP][PASSED] - Statement - counter = counter + 1: null

2018-12-13 11:02:31 - [TEST_STEP][PASSED] - Statement - PreSaveFile = new java.io.File(((pathPrefix + java.lang.Integer.toString(counter)) + .png)): null

2018-12-13 11:02:31 - [TEST_STEP][PASSED] - Statement - counter = counter + 1: null

2018-12-13 11:02:31 - [TEST_STEP][PASSED] - Statement - PreSaveFile = new java.io.File(((pathPrefix + java.lang.Integer.toString(counter)) + .png)): null

2018-12-13 11:02:31 - [TEST_STEP][PASSED] - Statement - counter = counter + 1: null

2018-12-13 11:02:31 - [TEST_STEP][PASSED] - Statement - PreSaveFile = new java.io.File(((pathPrefix + java.lang.Integer.toString(counter)) + .png)): null

2018-12-13 11:02:31 - [TEST_STEP][PASSED] - Statement - counter = counter + 1: null

2018-12-13 11:02:31 - [TEST_STEP][PASSED] - Statement - PreSaveFile = new java.io.File(((pathPrefix + java.lang.Integer.toString(counter)) + .png)): null

2018-12-13 11:02:31 - [TEST_STEP][PASSED] - Statement - counter = counter + 1: null

2018-12-13 11:02:31 - [TEST_STEP][PASSED] - Statement - PreSaveFile = new java.io.File(((pathPrefix + java.lang.Integer.toString(counter)) + .png)): null

2018-12-13 11:02:31 - [TEST_STEP][PASSED] - Statement - counter = counter + 1: null

2018-12-13 11:02:31 - [TEST_STEP][PASSED] - Statement - PreSaveFile = new java.io.File(((pathPrefix + java.lang.Integer.toString(counter)) + .png)): null

2018-12-13 11:02:31 - [TEST_STEP][PASSED] - Statement - counter = counter + 1: null

2018-12-13 11:02:31 - [TEST_STEP][PASSED] - Statement - PreSaveFile = new java.io.File(((pathPrefix + java.lang.Integer.toString(counter)) + .png)): null

2018-12-13 11:02:31 - [TEST_STEP][PASSED] - Statement - counter = counter + 1: null

2018-12-13 11:02:31 - [TEST_STEP][PASSED] - Statement - PreSaveFile = new java.io.File(((pathPrefix + java.lang.Integer.toString(counter)) + .png)): null

2018-12-13 11:02:31 - [TEST_STEP][PASSED] - Statement - counter = counter + 1: null

2018-12-13 11:02:31 - [TEST_STEP][PASSED] - Statement - PreSaveFile = new java.io.File(((pathPrefix + java.lang.Integer.toString(counter)) + .png)): null

2018-12-13 11:02:31 - [TEST_STEP][PASSED] - Statement - counter = counter + 1: null

2018-12-13 11:02:31 - [TEST_STEP][PASSED] - Statement - PreSaveFile = new java.io.File(((pathPrefix + java.lang.Integer.toString(counter)) + .png)): null

2018-12-13 11:02:31 - [TEST_STEP][PASSED] - Statement - counter = counter + 1: null

2018-12-13 11:02:31 - [TEST_STEP][PASSED] - Statement - PreSaveFile = new java.io.File(((pathPrefix + java.lang.Integer.toString(counter)) + .png)): null

2018-12-13 11:02:31 - [TEST_STEP][PASSED] - Statement - counter = counter + 1: null

2018-12-13 11:02:31 - [TEST_STEP][PASSED] - Statement - PreSaveFile = new java.io.File(((pathPrefix + java.lang.Integer.toString(counter)) + .png)): null

2018-12-13 11:02:31 - [TEST_STEP][PASSED] - Statement - counter = counter + 1: null

2018-12-13 11:02:31 - [TEST_STEP][PASSED] - Statement - PreSaveFile = new java.io.File(((pathPrefix + java.lang.Integer.toString(counter)) + .png)): null

2018-12-13 11:02:31 - [TEST_STEP][PASSED] - Statement - counter = counter + 1: null

2018-12-13 11:02:31 - [TEST_STEP][PASSED] - Statement - PreSaveFile = new java.io.File(((pathPrefix + java.lang.Integer.toString(counter)) + .png)): null

2018-12-13 11:02:31 - [TEST_STEP][PASSED] - Statement - counter = counter + 1: null

2018-12-13 11:02:31 - [TEST_STEP][PASSED] - Statement - PreSaveFile = new java.io.File(((pathPrefix + java.lang.Integer.toString(counter)) + .png)): null

2018-12-13 11:02:31 - [TEST_STEP][PASSED] - Statement - counter = counter + 1: null

2018-12-13 11:02:31 - [TEST_STEP][PASSED] - Statement - PreSaveFile = new java.io.File(((pathPrefix + java.lang.Integer.toString(counter)) + .png)): null

2018-12-13 11:02:31 - [TEST_STEP][PASSED] - Statement - counter = counter + 1: null

2018-12-13 11:02:31 - [TEST_STEP][PASSED] - Statement - PreSaveFile = new java.io.File(((pathPrefix + java.lang.Integer.toString(counter)) + .png)): null

2018-12-13 11:02:31 - [TEST_STEP][PASSED] - Statement - counter = counter + 1: null

2018-12-13 11:02:31 - [TEST_STEP][PASSED] - Statement - PreSaveFile = new java.io.File(((pathPrefix + java.lang.Integer.toString(counter)) + .png)): null

2018-12-13 11:02:31 - [TEST_STEP][PASSED] - Statement - counter = counter + 1: null

2018-12-13 11:02:31 - [TEST_STEP][PASSED] - Statement - PreSaveFile = new java.io.File(((pathPrefix + java.lang.Integer.toString(counter)) + .png)): null

2018-12-13 11:02:31 - [TEST_STEP][PASSED] - Statement - counter = counter + 1: null

2018-12-13 11:02:31 - [TEST_STEP][PASSED] - Statement - PreSaveFile = new java.io.File(((pathPrefix + java.lang.Integer.toString(counter)) + .png)): null

2018-12-13 11:02:31 - [TEST_STEP][PASSED] - Statement - counter = counter + 1: null

2018-12-13 11:02:31 - [TEST_STEP][PASSED] - Statement - PreSaveFile = new java.io.File(((pathPrefix + java.lang.Integer.toString(counter)) + .png)): null

2018-12-13 11:02:31 - [TEST_STEP][PASSED] - Statement - counter = counter + 1: null

2018-12-13 11:02:31 - [TEST_STEP][PASSED] - Statement - PreSaveFile = new java.io.File(((pathPrefix + java.lang.Integer.toString(counter)) + .png)): null

2018-12-13 11:02:31 - [TEST_STEP][PASSED] - Statement - counter = counter + 1: null

2018-12-13 11:02:31 - [TEST_STEP][PASSED] - Statement - PreSaveFile = new java.io.File(((pathPrefix + java.lang.Integer.toString(counter)) + .png)): null

2018-12-13 11:02:31 - [TEST_STEP][PASSED] - Statement - counter = counter + 1: null

2018-12-13 11:02:31 - [TEST_STEP][PASSED] - Statement - PreSaveFile = new java.io.File(((pathPrefix + java.lang.Integer.toString(counter)) + .png)): null

2018-12-13 11:02:31 - [TEST_STEP][PASSED] - Statement - counter = counter + 1: null

2018-12-13 11:02:31 - [TEST_STEP][PASSED] - Statement - PreSaveFile = new java.io.File(((pathPrefix + java.lang.Integer.toString(counter)) + .png)): null

2018-12-13 11:02:31 - [TEST_STEP][PASSED] - Statement - counter = counter + 1: null

2018-12-13 11:02:31 - [TEST_STEP][PASSED] - Statement - PreSaveFile = new java.io.File(((pathPrefix + java.lang.Integer.toString(counter)) + .png)): null

2018-12-13 11:02:31 - [TEST_STEP][PASSED] - Statement - counter = counter + 1: null

2018-12-13 11:02:31 - [TEST_STEP][PASSED] - Statement - PreSaveFile = new java.io.File(((pathPrefix + java.lang.Integer.toString(counter)) + .png)): null

2018-12-13 11:02:31 - [TEST_STEP][PASSED] - Statement - counter = counter + 1: null

2018-12-13 11:02:31 - [TEST_STEP][PASSED] - Statement - PreSaveFile = new java.io.File(((pathPrefix + java.lang.Integer.toString(counter)) + .png)): null

2018-12-13 11:02:31 - [TEST_STEP][PASSED] - Statement - counter = counter + 1: null

2018-12-13 11:02:31 - [TEST_STEP][PASSED] - Statement - PreSaveFile = new java.io.File(((pathPrefix + java.lang.Integer.toString(counter)) + .png)): null

2018-12-13 11:02:31 - [TEST_STEP][PASSED] - Statement - counter = counter + 1: null

2018-12-13 11:02:31 - [TEST_STEP][PASSED] - Statement - PreSaveFile = new java.io.File(((pathPrefix + java.lang.Integer.toString(counter)) + .png)): null

2018-12-13 11:02:31 - [TEST_STEP][PASSED] - Statement - counter = counter + 1: null

2018-12-13 11:02:31 - [TEST_STEP][PASSED] - Statement - PreSaveFile = new java.io.File(((pathPrefix + java.lang.Integer.toString(counter)) + .png)): null

2018-12-13 11:02:31 - [TEST_STEP][PASSED] - Statement - counter = counter + 1: null

2018-12-13 11:02:31 - [TEST_STEP][PASSED] - Statement - PreSaveFile = new java.io.File(((pathPrefix + java.lang.Integer.toString(counter)) + .png)): null

2018-12-13 11:02:31 - [TEST_STEP][PASSED] - Statement - counter = counter + 1: null

2018-12-13 11:02:31 - [TEST_STEP][PASSED] - Statement - PreSaveFile = new java.io.File(((pathPrefix + java.lang.Integer.toString(counter)) + .png)): null

2018-12-13 11:02:31 - [TEST_STEP][PASSED] - Statement - counter = counter + 1: null

2018-12-13 11:02:31 - [TEST_STEP][PASSED] - Statement - PreSaveFile = new java.io.File(((pathPrefix + java.lang.Integer.toString(counter)) + .png)): null

2018-12-13 11:02:31 - [TEST_STEP][PASSED] - Statement - counter = counter + 1: null

2018-12-13 11:02:31 - [TEST_STEP][PASSED] - Statement - PreSaveFile = new java.io.File(((pathPrefix + java.lang.Integer.toString(counter)) + .png)): null

2018-12-13 11:02:31 - [TEST_STEP][PASSED] - Statement - counter = counter + 1: null

2018-12-13 11:02:31 - [TEST_STEP][PASSED] - Statement - PreSaveFile = new java.io.File(((pathPrefix + java.lang.Integer.toString(counter)) + .png)): null

2018-12-13 11:02:31 - [TEST_STEP][PASSED] - Statement - counter = counter + 1: null

2018-12-13 11:02:31 - [TEST_STEP][PASSED] - Statement - PreSaveFile = new java.io.File(((pathPrefix + java.lang.Integer.toString(counter)) + .png)): null

2018-12-13 11:02:31 - [TEST_STEP][PASSED] - Statement - counter = counter + 1: null

2018-12-13 11:02:31 - [TEST_STEP][PASSED] - Statement - PreSaveFile = new java.io.File(((pathPrefix + java.lang.Integer.toString(counter)) + .png)): null

2018-12-13 11:02:31 - [TEST_STEP][PASSED] - Statement - counter = counter + 1: null

2018-12-13 11:02:31 - [TEST_STEP][PASSED] - Statement - PreSaveFile = new java.io.File(((pathPrefix + java.lang.Integer.toString(counter)) + .png)): null

2018-12-13 11:02:31 - [TEST_STEP][PASSED] - Statement - counter = counter + 1: null

2018-12-13 11:02:31 - [TEST_STEP][PASSED] - Statement - PreSaveFile = new java.io.File(((pathPrefix + java.lang.Integer.toString(counter)) + .png)): null

2018-12-13 11:02:31 - [TEST_STEP][PASSED] - Statement - counter = counter + 1: null

2018-12-13 11:02:31 - [TEST_STEP][PASSED] - Statement - PreSaveFile = new java.io.File(((pathPrefix + java.lang.Integer.toString(counter)) + .png)): null

2018-12-13 11:02:31 - [TEST_STEP][PASSED] - Statement - counter = counter + 1: null

2018-12-13 11:02:31 - [TEST_STEP][PASSED] - Statement - PreSaveFile = new java.io.File(((pathPrefix + java.lang.Integer.toString(counter)) + .png)): null

2018-12-13 11:02:31 - [TEST_STEP][PASSED] - Statement - counter = counter + 1: null

2018-12-13 11:02:31 - [TEST_STEP][PASSED] - Statement - PreSaveFile = new java.io.File(((pathPrefix + java.lang.Integer.toString(counter)) + .png)): null

2018-12-13 11:02:31 - [TEST_STEP][PASSED] - Statement - counter = counter + 1: null

2018-12-13 11:02:31 - [TEST_STEP][PASSED] - Statement - PreSaveFile = new java.io.File(((pathPrefix + java.lang.Integer.toString(counter)) + .png)): null

2018-12-13 11:02:31 - [TEST_STEP][PASSED] - Statement - counter = counter + 1: null

2018-12-13 11:02:31 - [TEST_STEP][PASSED] - Statement - PreSaveFile = new java.io.File(((pathPrefix + java.lang.Integer.toString(counter)) + .png)): null

2018-12-13 11:02:31 - [TEST_STEP][PASSED] - Statement - counter = counter + 1: null

2018-12-13 11:02:31 - [TEST_STEP][PASSED] - Statement - PreSaveFile = new java.io.File(((pathPrefix + java.lang.Integer.toString(counter)) + .png)): null

2018-12-13 11:02:31 - [TEST_STEP][PASSED] - Statement - counter = counter + 1: null

2018-12-13 11:02:31 - [TEST_STEP][PASSED] - Statement - PreSaveFile = new java.io.File(((pathPrefix + java.lang.Integer.toString(counter)) + .png)): null

2018-12-13 11:02:31 - [TEST_STEP][PASSED] - Statement - counter = counter + 1: null

2018-12-13 11:02:31 - [TEST_STEP][PASSED] - Statement - PreSaveFile = new java.io.File(((pathPrefix + java.lang.Integer.toString(counter)) + .png)): null

2018-12-13 11:02:31 - [TEST_STEP][PASSED] - Statement - counter = counter + 1: null

2018-12-13 11:02:31 - [TEST_STEP][PASSED] - Statement - PreSaveFile = new java.io.File(((pathPrefix + java.lang.Integer.toString(counter)) + .png)): null

2018-12-13 11:02:31 - [TEST_STEP][PASSED] - Statement - counter = counter + 1: null

2018-12-13 11:02:31 - [TEST_STEP][PASSED] - Statement - PreSaveFile = new java.io.File(((pathPrefix + java.lang.Integer.toString(counter)) + .png)): null

2018-12-13 11:02:31 - [TEST_STEP][PASSED] - Statement - counter = counter + 1: null

2018-12-13 11:02:31 - [TEST_STEP][PASSED] - Statement - PreSaveFile = new java.io.File(((pathPrefix + java.lang.Integer.toString(counter)) + .png)): null

2018-12-13 11:02:31 - [TEST_STEP][PASSED] - Statement - counter = counter + 1: null

2018-12-13 11:02:31 - [TEST_STEP][PASSED] - Statement - PreSaveFile = new java.io.File(((pathPrefix + java.lang.Integer.toString(counter)) + .png)): null

2018-12-13 11:02:31 - [TEST_STEP][PASSED] - Statement - counter = counter + 1: null

2018-12-13 11:02:31 - [TEST_STEP][PASSED] - Statement - PreSaveFile = new java.io.File(((pathPrefix + java.lang.Integer.toString(counter)) + .png)): null

2018-12-13 11:02:31 - [TEST_STEP][PASSED] - Statement - counter = counter + 1: null

2018-12-13 11:02:31 - [TEST_STEP][PASSED] - Statement - PreSaveFile = new java.io.File(((pathPrefix + java.lang.Integer.toString(counter)) + .png)): null

2018-12-13 11:02:31 - [TEST_STEP][PASSED] - Statement - counter = counter + 1: null

2018-12-13 11:02:31 - [TEST_STEP][PASSED] - Statement - PreSaveFile = new java.io.File(((pathPrefix + java.lang.Integer.toString(counter)) + .png)): null

2018-12-13 11:02:31 - [TEST_STEP][PASSED] - Statement - counter = counter + 1: null

2018-12-13 11:02:31 - [TEST_STEP][PASSED] - Statement - PreSaveFile = new java.io.File(((pathPrefix + java.lang.Integer.toString(counter)) + .png)): null

2018-12-13 11:02:31 - [TEST_STEP][PASSED] - Statement - counter = counter + 1: null

2018-12-13 11:02:31 - [TEST_STEP][PASSED] - Statement - PreSaveFile = new java.io.File(((pathPrefix + java.lang.Integer.toString(counter)) + .png)): null

2018-12-13 11:02:31 - [TEST_STEP][PASSED] - Statement - counter = counter + 1: null

2018-12-13 11:02:31 - [TEST_STEP][PASSED] - Statement - PreSaveFile = new java.io.File(((pathPrefix + java.lang.Integer.toString(counter)) + .png)): null

2018-12-13 11:02:31 - [TEST_STEP][PASSED] - Statement - counter = counter + 1: null

2018-12-13 11:02:31 - [TEST_STEP][PASSED] - Statement - PreSaveFile = new java.io.File(((pathPrefix + java.lang.Integer.toString(counter)) + .png)): null

2018-12-13 11:02:31 - [TEST_STEP][PASSED] - Statement - counter = counter + 1: null

2018-12-13 11:02:31 - [TEST_STEP][PASSED] - Statement - PreSaveFile = new java.io.File(((pathPrefix + java.lang.Integer.toString(counter)) + .png)): null

2018-12-13 11:02:31 - [TEST_STEP][PASSED] - Statement - counter = counter + 1: null

2018-12-13 11:02:31 - [TEST_STEP][PASSED] - Statement - PreSaveFile = new java.io.File(((pathPrefix + java.lang.Integer.toString(counter)) + .png)): null

2018-12-13 11:02:31 - [TEST_STEP][PASSED] - Statement - counter = counter + 1: null

2018-12-13 11:02:31 - [TEST_STEP][PASSED] - Statement - PreSaveFile = new java.io.File(((pathPrefix + java.lang.Integer.toString(counter)) + .png)): null

2018-12-13 11:02:31 - [TEST_STEP][PASSED] - Statement - counter = counter + 1: null

2018-12-13 11:02:31 - [TEST_STEP][PASSED] - Statement - PreSaveFile = new java.io.File(((pathPrefix + java.lang.Integer.toString(counter)) + .png)): null

2018-12-13 11:02:31 - [TEST_STEP][PASSED] - Statement - counter = counter + 1: null

2018-12-13 11:02:31 - [TEST_STEP][PASSED] - Statement - PreSaveFile = new java.io.File(((pathPrefix + java.lang.Integer.toString(counter)) + .png)): null

2018-12-13 11:02:31 - [TEST_STEP][PASSED] - Statement - counter = counter + 1: null

2018-12-13 11:02:31 - [TEST_STEP][PASSED] - Statement - PreSaveFile = new java.io.File(((pathPrefix + java.lang.Integer.toString(counter)) + .png)): null

2018-12-13 11:02:31 - [TEST_STEP][PASSED] - Statement - counter = counter + 1: null

2018-12-13 11:02:31 - [TEST_STEP][PASSED] - Statement - PreSaveFile = new java.io.File(((pathPrefix + java.lang.Integer.toString(counter)) + .png)): null

2018-12-13 11:02:31 - [TEST_STEP][PASSED] - Statement - counter = counter + 1: null

2018-12-13 11:02:31 - [TEST_STEP][PASSED] - Statement - PreSaveFile = new java.io.File(((pathPrefix + java.lang.Integer.toString(counter)) + .png)): null

2018-12-13 11:02:31 - [TEST_STEP][PASSED] - Statement - counter = counter + 1: null

2018-12-13 11:02:31 - [TEST_STEP][PASSED] - Statement - PreSaveFile = new java.io.File(((pathPrefix + java.lang.Integer.toString(counter)) + .png)): null

2018-12-13 11:02:31 - [TEST_STEP][PASSED] - Statement - counter = counter + 1: null

2018-12-13 11:02:31 - [TEST_STEP][PASSED] - Statement - PreSaveFile = new java.io.File(((pathPrefix + java.lang.Integer.toString(counter)) + .png)): null

2018-12-13 11:02:31 - [TEST_STEP][PASSED] - Statement - counter = counter + 1: null

2018-12-13 11:02:31 - [TEST_STEP][PASSED] - Statement - PreSaveFile = new java.io.File(((pathPrefix + java.lang.Integer.toString(counter)) + .png)): null

2018-12-13 11:02:31 - [TEST_STEP][PASSED] - Statement - counter = counter + 1: null

2018-12-13 11:02:31 - [TEST_STEP][PASSED] - Statement - PreSaveFile = new java.io.File(((pathPrefix + java.lang.Integer.toString(counter)) + .png)): null

2018-12-13 11:02:31 - [TEST_STEP][PASSED] - Statement - counter = counter + 1: null

2018-12-13 11:02:31 - [TEST_STEP][PASSED] - Statement - PreSaveFile = new java.io.File(((pathPrefix + java.lang.Integer.toString(counter)) + .png)): null

2018-12-13 11:02:31 - [TEST_STEP][PASSED] - Statement - counter = counter + 1: null

2018-12-13 11:02:31 - [TEST_STEP][PASSED] - Statement - PreSaveFile = new java.io.File(((pathPrefix + java.lang.Integer.toString(counter)) + .png)): null

2018-12-13 11:02:31 - [TEST_STEP][PASSED] - Statement - counter = counter + 1: null

2018-12-13 11:02:31 - [TEST_STEP][PASSED] - Statement - PreSaveFile = new java.io.File(((pathPrefix + java.lang.Integer.toString(counter)) + .png)): null

2018-12-13 11:02:31 - [TEST_STEP][PASSED] - Statement - counter = counter + 1: null

2018-12-13 11:02:31 - [TEST_STEP][PASSED] - Statement - PreSaveFile = new java.io.File(((pathPrefix + java.lang.Integer.toString(counter)) + .png)): null

2018-12-13 11:02:31 - [TEST_STEP][PASSED] - Statement - counter = counter + 1: null

2018-12-13 11:02:31 - [TEST_STEP][PASSED] - Statement - PreSaveFile = new java.io.File(((pathPrefix + java.lang.Integer.toString(counter)) + .png)): null

2018-12-13 11:02:31 - [TEST_STEP][PASSED] - Statement - counter = counter + 1: null

2018-12-13 11:02:31 - [TEST_STEP][PASSED] - Statement - PreSaveFile = new java.io.File(((pathPrefix + java.lang.Integer.toString(counter)) + .png)): null

2018-12-13 11:02:31 - [TEST_STEP][PASSED] - Statement - counter = counter + 1: null

2018-12-13 11:02:31 - [TEST_STEP][PASSED] - Statement - PreSaveFile = new java.io.File(((pathPrefix + java.lang.Integer.toString(counter)) + .png)): null

2018-12-13 11:02:31 - [TEST_STEP][PASSED] - Statement - counter = counter + 1: null

2018-12-13 11:02:31 - [TEST_STEP][PASSED] - Statement - PreSaveFile = new java.io.File(((pathPrefix + java.lang.Integer.toString(counter)) + .png)): null

2018-12-13 11:02:31 - [TEST_STEP][PASSED] - Statement - counter = counter + 1: null

2018-12-13 11:02:31 - [TEST_STEP][PASSED] - Statement - PreSaveFile = new java.io.File(((pathPrefix + java.lang.Integer.toString(counter)) + .png)): null

2018-12-13 11:02:31 - [TEST_STEP][PASSED] - Statement - counter = counter + 1: null

2018-12-13 11:02:31 - [TEST_STEP][PASSED] - Statement - PreSaveFile = new java.io.File(((pathPrefix + java.lang.Integer.toString(counter)) + .png)): null

2018-12-13 11:02:31 - [TEST_STEP][PASSED] - Statement - counter = counter + 1: null

2018-12-13 11:02:31 - [TEST_STEP][PASSED] - Statement - PreSaveFile = new java.io.File(((pathPrefix + java.lang.Integer.toString(counter)) + .png)): null

2018-12-13 11:02:31 - [TEST_STEP][PASSED] - Statement - counter = counter + 1: null

2018-12-13 11:02:31 - [TEST_STEP][PASSED] - Statement - PreSaveFile = new java.io.File(((pathPrefix + java.lang.Integer.toString(counter)) + .png)): null

2018-12-13 11:02:31 - [TEST_STEP][PASSED] - Statement - counter = counter + 1: null

2018-12-13 11:02:31 - [TEST_STEP][PASSED] - Statement - PreSaveFile = new java.io.File(((pathPrefix + java.lang.Integer.toString(counter)) + .png)): null

2018-12-13 11:02:31 - [TEST_STEP][PASSED] - Statement - counter = counter + 1: null

2018-12-13 11:02:31 - [TEST_STEP][PASSED] - Statement - PreSaveFile = new java.io.File(((pathPrefix + java.lang.Integer.toString(counter)) + .png)): null

2018-12-13 11:02:31 - [TEST_STEP][PASSED] - Statement - counter = counter + 1: null

2018-12-13 11:02:31 - [TEST_STEP][PASSED] - Statement - PreSaveFile = new java.io.File(((pathPrefix + java.lang.Integer.toString(counter)) + .png)): null

2018-12-13 11:02:31 - [TEST_STEP][PASSED] - Statement - counter = counter + 1: null

2018-12-13 11:02:31 - [TEST_STEP][PASSED] - Statement - PreSaveFile = new java.io.File(((pathPrefix + java.lang.Integer.toString(counter)) + .png)): null

2018-12-13 11:02:31 - [TEST_STEP][PASSED] - Statement - counter = counter + 1: null

2018-12-13 11:02:31 - [TEST_STEP][PASSED] - Statement - PreSaveFile = new java.io.File(((pathPrefix + java.lang.Integer.toString(counter)) + .png)): null

2018-12-13 11:02:31 - [TEST_STEP][PASSED] - Statement - counter = counter + 1: null

2018-12-13 11:02:31 - [TEST_STEP][PASSED] - Statement - PreSaveFile = new java.io.File(((pathPrefix + java.lang.Integer.toString(counter)) + .png)): null

2018-12-13 11:02:31 - [TEST_STEP][PASSED] - Statement - counter = counter + 1: null

2018-12-13 11:02:31 - [TEST_STEP][PASSED] - Statement - PreSaveFile = new java.io.File(((pathPrefix + java.lang.Integer.toString(counter)) + .png)): null

2018-12-13 11:02:31 - [TEST_STEP][PASSED] - Statement - counter = counter + 1: null

2018-12-13 11:02:31 - [TEST_STEP][PASSED] - Statement - PreSaveFile = new java.io.File(((pathPrefix + java.lang.Integer.toString(counter)) + .png)): null

2018-12-13 11:02:31 - [TEST_STEP][PASSED] - Statement - counter = counter + 1: null

2018-12-13 11:02:31 - [TEST_STEP][PASSED] - Statement - PreSaveFile = new java.io.File(((pathPrefix + java.lang.Integer.toString(counter)) + .png)): null

2018-12-13 11:02:31 - [TEST_STEP][PASSED] - Statement - counter = counter + 1: null

2018-12-13 11:02:31 - [TEST_STEP][PASSED] - Statement - PreSaveFile = new java.io.File(((pathPrefix + java.lang.Integer.toString(counter)) + .png)): null

2018-12-13 11:02:31 - [TEST_STEP][PASSED] - Statement - counter = counter + 1: null

2018-12-13 11:02:31 - [TEST_STEP][PASSED] - Statement - PreSaveFile = new java.io.File(((pathPrefix + java.lang.Integer.toString(counter)) + .png)): null

2018-12-13 11:02:31 - [TEST_STEP][PASSED] - Statement - counter = counter + 1: null

2018-12-13 11:02:31 - [TEST_STEP][PASSED] - Statement - PreSaveFile = new java.io.File(((pathPrefix + java.lang.Integer.toString(counter)) + .png)): null

2018-12-13 11:02:31 - [TEST_STEP][PASSED] - Statement - counter = counter + 1: null

2018-12-13 11:02:31 - [TEST_STEP][PASSED] - Statement - PreSaveFile = new java.io.File(((pathPrefix + java.lang.Integer.toString(counter)) + .png)): null

2018-12-13 11:02:31 - [TEST_STEP][PASSED] - Statement - counter = counter + 1: null

2018-12-13 11:02:31 - [TEST_STEP][PASSED] - Statement - PreSaveFile = new java.io.File(((pathPrefix + java.lang.Integer.toString(counter)) + .png)): null

2018-12-13 11:02:31 - [TEST_STEP][PASSED] - Statement - counter = counter + 1: null

2018-12-13 11:02:31 - [TEST_STEP][PASSED] - Statement - PreSaveFile = new java.io.File(((pathPrefix + java.lang.Integer.toString(counter)) + .png)): null

2018-12-13 11:02:31 - [TEST_STEP][PASSED] - Statement - counter = counter + 1: null

2018-12-13 11:02:31 - [TEST_STEP][PASSED] - Statement - PreSaveFile = new java.io.File(((pathPrefix + java.lang.Integer.toString(counter)) + .png)): null

2018-12-13 11:02:31 - [TEST_STEP][PASSED] - Statement - counter = counter + 1: null

2018-12-13 11:02:31 - [TEST_STEP][PASSED] - Statement - PreSaveFile = new java.io.File(((pathPrefix + java.lang.Integer.toString(counter)) + .png)): null

2018-12-13 11:02:31 - [TEST_STEP][PASSED] - Statement - counter = counter + 1: null

2018-12-13 11:02:31 - [TEST_STEP][PASSED] - Statement - PreSaveFile = new java.io.File(((pathPrefix + java.lang.Integer.toString(counter)) + .png)): null

2018-12-13 11:02:31 - [TEST_STEP][PASSED] - Statement - counter = counter + 1: null

2018-12-13 11:02:31 - [TEST_STEP][PASSED] - Statement - PreSaveFile = new java.io.File(((pathPrefix + java.lang.Integer.toString(counter)) + .png)): null

2018-12-13 11:02:31 - [TEST_STEP][PASSED] - Statement - counter = counter + 1: null

2018-12-13 11:02:31 - [TEST_STEP][PASSED] - Statement - PreSaveFile = new java.io.File(((pathPrefix + java.lang.Integer.toString(counter)) + .png)): null

2018-12-13 11:02:31 - [TEST_STEP][PASSED] - Statement - counter = counter + 1: null

2018-12-13 11:02:31 - [TEST_STEP][PASSED] - Statement - PreSaveFile = new java.io.File(((pathPrefix + java.lang.Integer.toString(counter)) + .png)): null

2018-12-13 11:02:31 - [TEST_STEP][PASSED] - Statement - counter = counter + 1: null

2018-12-13 11:02:31 - [TEST_STEP][PASSED] - Statement - PreSaveFile = new java.io.File(((pathPrefix + java.lang.Integer.toString(counter)) + .png)): null

2018-12-13 11:02:31 - [TEST_STEP][PASSED] - Statement - finalPath = pathPrefix + java.lang.Integer.toString(counter) + ".png": null

2018-12-13 11:02:31 - [TEST_STEP][PASSED] - Statement - SaveFile = new java.io.File(finalPath): null

2018-12-13 11:02:31 - [TEST_STEP][PASSED] - Statement - Try: null

2018-12-13 11:02:31 - [TEST_STEP][PASSED] - Statement - org.apache.commons.io.FileUtils.copyFile(scrFile, SaveFile): null

2018-12-13 11:02:31 - [TEST_STEP][PASSED] - Statement - out.println("file kept"): null

2018-12-13 11:02:31 - [TEST_STEP][PASSED] - delay: Delayed 10 second(s)

2018-12-13 11:02:41 - [MESSAGE][PASSED] - Delayed 10 second(s)

2018-12-13 11:02:41 - [MESSAGE][PASSED] - Call Test Case 'Test Cases/Final Aug 2018 - PKS Automation/Registration Module/New Registration/Submit and Screenshot/Submit Registration and Screenshot - Copy' successfully

2018-12-13 11:02:41 - [TEST_STEP][PASSED] - Statement - UpdateAddNewECode = com.kms.katalon.core.webui.keyword.WebUiBuiltInKeywords.getText(com.kms.katalon.core.testobject.ObjectRepository.findTestObject(Object Repository/Final Object Repo/Page_Update Add New Employee - ASSIST/getEmpCode)): Text of object 'Object Repository/Final Object Repo/Page_Update Add New Employee - ASSIST/getEmpCode' is: 'E1102070834B'

2018-12-13 11:02:41 - [MESSAGE][PASSED] - Text of object 'Object Repository/Final Object Repo/Page_Update Add New Employee - ASSIST/getEmpCode' is: 'E1102070834B'

2018-12-13 11:02:41 - [TEST_STEP][PASSED] - callTestCase: Call Test Case 'Test Cases/Final Aug 2018 - PKS Automation/Common/Emp Code Setter' successfully

2018-12-13 11:02:41 - [TEST_CASE][PASSED] - Test Cases/Final Aug 2018 - PKS Automation/Common/Emp Code Setter: Test Cases/Final Aug 2018 - PKS Automation/Common/Emp Code Setter

2018-12-13 11:02:41 - [TEST_STEP][PASSED] - Statement - EmpCodeOld = new java.io.File(C://Users//Admin//Desktop//PKS//Automation Reference Point//EmpCode.txt): null

2018-12-13 11:02:41 - [TEST_STEP][PASSED] - Statement - EmpCodeOld.delete(): null

2018-12-13 11:02:41 - [TEST_STEP][PASSED] - Statement - EmpCode = new java.io.File(C://Users//Admin//Desktop//PKS//Automation Reference Point//EmpCode.txt): null

2018-12-13 11:02:41 - [TEST_STEP][PASSED] - Statement - f2 = new java.io.FileWriter(EmpCode, false): null

2018-12-13 11:02:41 - [TEST_STEP][PASSED] - Statement - f2.write(UpdateAddNewECode): null

2018-12-13 11:02:41 - [TEST_STEP][PASSED] - Statement - f2.close(): null

2018-12-13 11:02:41 - [TEST_STEP][PASSED] - Statement - out.println("


" + UpdateAddNewECode + "


"): null

2018-12-13 11:02:41 - [MESSAGE][PASSED] - Call Test Case 'Test Cases/Final Aug 2018 - PKS Automation/Common/Emp Code Setter' successfully

2018-12-13 11:02:41 - [MESSAGE][PASSED] - Call Test Case 'Test Cases/Final Aug 2018 - PKS Automation/Registration Module/Workflow/Update Add New Employee/Template/New Company for Update Add New - Employer' successfully

2018-12-13 11:02:41 - [TEST_STEP][PASSED] - callTestCase: Call Test Case 'Test Cases/Final Aug 2018 - PKS Automation/Create Employer Acc/Login to Employer Account (Second time)' successfully

2018-12-13 11:02:42 - [TEST_CASE][PASSED] - Test Cases/Final Aug 2018 - PKS Automation/Create Employer Acc/Login to Employer Account (Second time): Test Cases/Final Aug 2018 - PKS Automation/Create Employer Acc/Login to Employer Account (Second time)

2018-12-13 11:02:42 - [TEST_STEP][PASSED] - openBrowser: Browser is opened with url: ''

2018-12-13 11:02:42 - [MESSAGE][WARNING] - A browser is already opened. Closing browser and opening a new one

2018-12-13 11:02:44 - [MESSAGE][PASSED] - Browser is opened with url: ''

2018-12-13 11:02:44 - [TEST_STEP][PASSED] - navigateToUrl: Navigate to 'https://assist2-uat.perkeso.gov.my/employer/login' successfully

2018-12-13 11:02:46 - [MESSAGE][PASSED] - Navigate to 'https://assist2-uat.perkeso.gov.my/employer/login' successfully

2018-12-13 11:02:46 - [TEST_STEP][PASSED] - delay: Delayed 3 second(s)

2018-12-13 11:02:49 - [MESSAGE][PASSED] - Delayed 3 second(s)

2018-12-13 11:02:49 - [TEST_STEP][PASSED] - callTestCase: Call Test Case 'Test Cases/Final Aug 2018 - PKS Automation/Create Employer Acc/Template/Employer Email Getter' successfully

2018-12-13 11:02:49 - [TEST_CASE][PASSED] - Test Cases/Final Aug 2018 - PKS Automation/Create Employer Acc/Template/Employer Email Getter: Test Cases/Final Aug 2018 - PKS Automation/Create Employer Acc/Template/Employer Email Getter

2018-12-13 11:02:49 - [TEST_STEP][PASSED] - Statement - Try: null

2018-12-13 11:02:49 - [TEST_STEP][PASSED] - Statement - EmpEmail = new java.io.File(C://Users//Admin//Desktop//PKS//Automation Reference Point//EmpEmail.txt): null

2018-12-13 11:02:49 - [TEST_STEP][PASSED] - Statement - bufferread = new java.io.BufferedReader(new java.io.FileReader(EmpEmail)): null

2018-12-13 11:02:49 - [TEST_STEP][PASSED] - Statement - readedVal = bufferread.readLine(): null

2018-12-13 11:02:49 - [TEST_STEP][PASSED] - Statement - out.println(readedVal): null

2018-12-13 11:02:49 - [TEST_STEP][PASSED] - Statement - Email = readedVal: null

2018-12-13 11:02:49 - [MESSAGE][PASSED] - Call Test Case 'Test Cases/Final Aug 2018 - PKS Automation/Create Employer Acc/Template/Employer Email Getter' successfully

2018-12-13 11:02:49 - [TEST_STEP][PASSED] - setText: Text 'perkeso704932646636@gmail.com' is set on object 'Object Repository/Final Object Repo/Login Page/External Login Page/Email'

2018-12-13 11:02:49 - [MESSAGE][PASSED] - Text 'perkeso704932646636@gmail.com' is set on object 'Object Repository/Final Object Repo/Login Page/External Login Page/Email'

2018-12-13 11:02:49 - [TEST_STEP][PASSED] - click: Object: 'Object Repository/Final Object Repo/Login Page/External Login Page/Next' is clicked on

2018-12-13 11:02:49 - [MESSAGE][PASSED] - Object: 'Object Repository/Final Object Repo/Login Page/External Login Page/Next' is clicked on

2018-12-13 11:02:49 - [TEST_STEP][PASSED] - delay: Delayed 3 second(s)

2018-12-13 11:02:52 - [MESSAGE][PASSED] - Delayed 3 second(s)

2018-12-13 11:02:52 - [TEST_STEP][PASSED] - setEncryptedText: Text ****** has been set on object 'Object Repository/Final Object Repo/Login Page/External Login Page/Password'

2018-12-13 11:02:52 - [MESSAGE][PASSED] - Text ****** has been set on object 'Object Repository/Final Object Repo/Login Page/External Login Page/Password'

2018-12-13 11:02:52 - [TEST_STEP][PASSED] - click: Object: 'Object Repository/Final Object Repo/Login Page/External Login Page/Login' is clicked on

2018-12-13 11:02:53 - [MESSAGE][PASSED] - Object: 'Object Repository/Final Object Repo/Login Page/External Login Page/Login' is clicked on

2018-12-13 11:02:53 - [TEST_STEP][PASSED] - delay: Delayed 5 second(s)

2018-12-13 11:02:58 - [MESSAGE][PASSED] - Delayed 5 second(s)

2018-12-13 11:02:58 - [MESSAGE][PASSED] - Call Test Case 'Test Cases/Final Aug 2018 - PKS Automation/Create Employer Acc/Login to Employer Account (Second time)' successfully

2018-12-13 11:02:58 - [TEST_STEP][PASSED] - navigateToUrl: Navigate to 'https://assist2-uat.perkeso.gov.my/web/registration/update/form-1a-cessation-as-employer-discontinue-business-' successfully

2018-12-13 11:02:59 - [MESSAGE][PASSED] - Navigate to 'https://assist2-uat.perkeso.gov.my/web/registration/update/form-1a-cessation-as-employer-discontinue-business-' successfully

2018-12-13 11:02:59 - [TEST_STEP][PASSED] - callTestCase: Call Test Case 'Test Cases/Final Aug 2018 - PKS Automation/Common/Emp Code Getter' successfully

2018-12-13 11:03:00 - [TEST_CASE][PASSED] - Test Cases/Final Aug 2018 - PKS Automation/Common/Emp Code Getter: Test Cases/Final Aug 2018 - PKS Automation/Common/Emp Code Getter

2018-12-13 11:03:00 - [TEST_STEP][PASSED] - Statement - Try: null

2018-12-13 11:03:00 - [TEST_STEP][PASSED] - Statement - EmpCode = new java.io.File(C://Users//Admin//Desktop//PKS//Automation Reference Point//EmpCode.txt): null

2018-12-13 11:03:00 - [TEST_STEP][PASSED] - Statement - bufferread = new java.io.BufferedReader(new java.io.FileReader(EmpCode)): null

2018-12-13 11:03:00 - [TEST_STEP][PASSED] - Statement - readedVal = bufferread.readLine(): null

2018-12-13 11:03:00 - [TEST_STEP][PASSED] - Statement - out.println(readedVal): null

2018-12-13 11:03:00 - [TEST_STEP][PASSED] - Statement - UpdateAddNewECode = readedVal: null

2018-12-13 11:03:00 - [MESSAGE][PASSED] - Call Test Case 'Test Cases/Final Aug 2018 - PKS Automation/Common/Emp Code Getter' successfully

2018-12-13 11:03:00 - [TEST_STEP][PASSED] - setText: Text 'E1102070834B' is set on object 'Object Repository/Final Object Repo/Page_Update Employer Information/Employer Code'

2018-12-13 11:03:00 - [MESSAGE][PASSED] - Text 'E1102070834B' is set on object 'Object Repository/Final Object Repo/Page_Update Employer Information/Employer Code'

2018-12-13 11:03:00 - [TEST_STEP][PASSED] - click: Object: 'Object Repository/Final Object Repo/Page_Update Employer Information/Search Button' is clicked on

2018-12-13 11:03:00 - [MESSAGE][PASSED] - Object: 'Object Repository/Final Object Repo/Page_Update Employer Information/Search Button' is clicked on

2018-12-13 11:03:00 - [TEST_STEP][PASSED] - delay: Delayed 2 second(s)

2018-12-13 11:03:02 - [MESSAGE][PASSED] - Delayed 2 second(s)

2018-12-13 11:03:02 - [TEST_STEP][PASSED] - click: Object: 'Object Repository/Final Object Repo/Page_Update Employer Information/Edit Button' is clicked on

2018-12-13 11:03:03 - [MESSAGE][PASSED] - Object: 'Object Repository/Final Object Repo/Page_Update Employer Information/Edit Button' is clicked on

2018-12-13 11:03:03 - [TEST_STEP][PASSED] - Statement - abc = com.kms.katalon.core.webui.keyword.WebUiBuiltInKeywords.getAttribute(com.kms.katalon.core.testobject.ObjectRepository.findTestObject(Final Object Repo/Page_Form 1A - Cessation As Employer/Employer Status), "value"): Attribute 'value' of object 'Object Repository/Final Object Repo/Page_Form 1A - Cessation As Employer/Employer Status' is: 'Active'

2018-12-13 11:03:03 - [MESSAGE][PASSED] - Attribute 'value' of object 'Object Repository/Final Object Repo/Page_Form 1A - Cessation As Employer/Employer Status' is: 'Active'

2018-12-13 11:03:03 - [TEST_STEP][PASSED] - Statement - out.println(abc): null

2018-12-13 11:03:03 - [TEST_STEP][PASSED] - Statement - If (abc == "Active"): Object: 'Object Repository/Final Object Repo/Page_Form 1A - Cessation As Employer/Change Employer Status to - Dormant' is clicked on

2018-12-13 11:03:03 - [TEST_STEP][PASSED] - click: Object: 'Object Repository/Final Object Repo/Page_Form 1A - Cessation As Employer/Change Employer Status to' is clicked on

2018-12-13 11:03:04 - [MESSAGE][PASSED] - Object: 'Object Repository/Final Object Repo/Page_Form 1A - Cessation As Employer/Change Employer Status to' is clicked on

2018-12-13 11:03:04 - [TEST_STEP][PASSED] - click: Object: 'Object Repository/Final Object Repo/Page_Form 1A - Cessation As Employer/Change Employer Status to - Dormant' is clicked on

2018-12-13 11:03:04 - [MESSAGE][PASSED] - Object: 'Object Repository/Final Object Repo/Page_Form 1A - Cessation As Employer/Change Employer Status to - Dormant' is clicked on

2018-12-13 11:03:04 - [TEST_STEP][PASSED] - click: Object: 'Object Repository/Final Object Repo/Page_Form 1A - Cessation As Employer/Calender' is clicked on

2018-12-13 11:03:04 - [MESSAGE][PASSED] - Object: 'Object Repository/Final Object Repo/Page_Form 1A - Cessation As Employer/Calender' is clicked on

2018-12-13 11:03:04 - [TEST_STEP][PASSED] - click: Object: 'Object Repository/Final Object Repo/Page_Form 1A - Cessation As Employer/Calender - Date' is clicked on

2018-12-13 11:03:04 - [MESSAGE][PASSED] - Object: 'Object Repository/Final Object Repo/Page_Form 1A - Cessation As Employer/Calender - Date' is clicked on

2018-12-13 11:03:04 - [TEST_STEP][PASSED] - delay: Delayed 2 second(s)

2018-12-13 11:03:06 - [MESSAGE][PASSED] - Delayed 2 second(s)

2018-12-13 11:03:06 - [TEST_STEP][PASSED] - click: Object: 'Object Repository/Final Object Repo/Page_Form 1A - Cessation As Employer/Save  Continue in Form 1A Page' is clicked on

2018-12-13 11:03:06 - [MESSAGE][PASSED] - Object: 'Object Repository/Final Object Repo/Page_Form 1A - Cessation As Employer/Save  Continue in Form 1A Page' is clicked on

2018-12-13 11:03:06 - [TEST_STEP][PASSED] - delay: Delayed 2 second(s)

2018-12-13 11:03:08 - [MESSAGE][PASSED] - Delayed 2 second(s)

2018-12-13 11:03:08 - [TEST_STEP][PASSED] - click: Object: 'Object Repository/Final Object Repo/Page_Form 1A - Cessation As Employer/Employment Resign Date' is clicked on

2018-12-13 11:03:10 - [MESSAGE][PASSED] - Object: 'Object Repository/Final Object Repo/Page_Form 1A - Cessation As Employer/Employment Resign Date' is clicked on

2018-12-13 11:03:10 - [TEST_STEP][PASSED] - delay: Delayed 1 second(s)

2018-12-13 11:03:11 - [MESSAGE][PASSED] - Delayed 1 second(s)

2018-12-13 11:03:11 - [TEST_STEP][PASSED] - Statement - CaseReferenceNo = com.kms.katalon.core.webui.keyword.WebUiBuiltInKeywords.getText(com.kms.katalon.core.testobject.ObjectRepository.findTestObject(Final Object Repo/Page_Update Employer Information/Reference Number in Update Employee Information Page)): Text of object 'Object Repository/Final Object Repo/Page_Update Employer Information/Reference Number in Update Employee Information Page' is: 'CUN122018C200001723'

2018-12-13 11:03:11 - [MESSAGE][PASSED] - Text of object 'Object Repository/Final Object Repo/Page_Update Employer Information/Reference Number in Update Employee Information Page' is: 'CUN122018C200001723'

2018-12-13 11:03:11 - [TEST_STEP][PASSED] - callTestCase: Call Test Case 'Test Cases/Final Aug 2018 - PKS Automation/Common/Reference Number Setter' successfully

2018-12-13 11:03:11 - [TEST_CASE][PASSED] - Test Cases/Final Aug 2018 - PKS Automation/Common/Reference Number Setter: Test Cases/Final Aug 2018 - PKS Automation/Common/Reference Number Setter

2018-12-13 11:03:11 - [TEST_STEP][PASSED] - Statement - RefNoOldFile = new java.io.File(C://Users//Admin//Desktop//PKS//Automation Reference Point//KatalonReference.txt): null

2018-12-13 11:03:11 - [TEST_STEP][PASSED] - Statement - RefNoOldFile.delete(): null

2018-12-13 11:03:11 - [TEST_STEP][PASSED] - delay: Delayed 5 second(s)

2018-12-13 11:03:16 - [MESSAGE][PASSED] - Delayed 5 second(s)

2018-12-13 11:03:16 - [TEST_STEP][PASSED] - Statement - RefNo = new java.io.File(C://Users//Admin//Desktop//PKS//Automation Reference Point//KatalonReference.txt): null

2018-12-13 11:03:16 - [TEST_STEP][PASSED] - Statement - f2 = new java.io.FileWriter(RefNo, false): null

2018-12-13 11:03:16 - [TEST_STEP][PASSED] - Statement - f2.write(CaseReferenceNo): null

2018-12-13 11:03:16 - [TEST_STEP][PASSED] - Statement - f2.close(): null

2018-12-13 11:03:16 - [TEST_STEP][PASSED] - Statement - out.println("


" + CaseReferenceNo + "


"): null

2018-12-13 11:03:16 - [MESSAGE][PASSED] - Call Test Case 'Test Cases/Final Aug 2018 - PKS Automation/Common/Reference Number Setter' successfully

2018-12-13 11:03:16 - [TEST_STEP][PASSED] - selectOptionByValue: All options with value '2030' are selected in object 'Object Repository/Final Object Repo/Page_Form 1A - Cessation As Employer/Employment Resign Date - Year' 

2018-12-13 11:03:16 - [MESSAGE][PASSED] - All options with value '2030' are selected in object 'Object Repository/Final Object Repo/Page_Form 1A - Cessation As Employer/Employment Resign Date - Year' 

2018-12-13 11:03:16 - [TEST_STEP][PASSED] - delay: Delayed 1 second(s)

2018-12-13 11:03:17 - [MESSAGE][PASSED] - Delayed 1 second(s)

2018-12-13 11:03:17 - [TEST_STEP][PASSED] - click: Object: 'Object Repository/Final Object Repo/Page_Form 1A - Cessation As Employer/Employment Resign Date - Year - Date' is clicked on

2018-12-13 11:03:17 - [MESSAGE][PASSED] - Object: 'Object Repository/Final Object Repo/Page_Form 1A - Cessation As Employer/Employment Resign Date - Year - Date' is clicked on

2018-12-13 11:03:17 - [TEST_STEP][PASSED] - delay: Delayed 2 second(s)

2018-12-13 11:03:19 - [MESSAGE][PASSED] - Delayed 2 second(s)

2018-12-13 11:03:19 - [TEST_STEP][PASSED] - click: Object: 'Object Repository/Final Object Repo/Page_Form 1A - Cessation As Employer/Save  Continue in Update Add Employee Resigned Date Page' is clicked on

2018-12-13 11:03:19 - [MESSAGE][PASSED] - Object: 'Object Repository/Final Object Repo/Page_Form 1A - Cessation As Employer/Save  Continue in Update Add Employee Resigned Date Page' is clicked on

2018-12-13 11:03:19 - [TEST_STEP][PASSED] - delay: Delayed 2 second(s)

2018-12-13 11:03:21 - [MESSAGE][PASSED] - Delayed 2 second(s)

2018-12-13 11:03:21 - [TEST_STEP][PASSED] - click: Object: 'Object Repository/Final Object Repo/Page_Form 1A - Cessation As Employer/Set Latest - Yes' is clicked on

2018-12-13 11:03:21 - [MESSAGE][PASSED] - Object: 'Object Repository/Final Object Repo/Page_Form 1A - Cessation As Employer/Set Latest - Yes' is clicked on

2018-12-13 11:03:21 - [TEST_STEP][PASSED] - delay: Delayed 2 second(s)

2018-12-13 11:03:24 - [MESSAGE][PASSED] - Delayed 2 second(s)

2018-12-13 11:03:24 - [TEST_STEP][PASSED] - click: Object: 'Object Repository/Final Object Repo/Page_Form 1A - Cessation As Employer/Add Document' is clicked on

2018-12-13 11:03:26 - [MESSAGE][PASSED] - Object: 'Object Repository/Final Object Repo/Page_Form 1A - Cessation As Employer/Add Document' is clicked on

2018-12-13 11:03:26 - [TEST_STEP][PASSED] - delay: Delayed 3 second(s)

2018-12-13 11:03:29 - [MESSAGE][PASSED] - Delayed 3 second(s)

2018-12-13 11:03:29 - [TEST_STEP][PASSED] - click: Object: 'Object Repository/Final Object Repo/Page_Form 1A - Cessation As Employer/Document Type' is clicked on

2018-12-13 11:03:29 - [MESSAGE][PASSED] - Object: 'Object Repository/Final Object Repo/Page_Form 1A - Cessation As Employer/Document Type' is clicked on

2018-12-13 11:03:29 - [TEST_STEP][PASSED] - delay: Delayed 2 second(s)

2018-12-13 11:03:31 - [MESSAGE][PASSED] - Delayed 2 second(s)

2018-12-13 11:03:31 - [TEST_STEP][PASSED] - click: Object: 'Object Repository/Final Object Repo/Page_Form 1A - Cessation As Employer/Document Type - Supporting Document For Cessation' is clicked on

2018-12-13 11:03:31 - [MESSAGE][PASSED] - Object: 'Object Repository/Final Object Repo/Page_Form 1A - Cessation As Employer/Document Type - Supporting Document For Cessation' is clicked on

2018-12-13 11:03:31 - [TEST_STEP][PASSED] - delay: Delayed 2 second(s)

2018-12-13 11:03:33 - [MESSAGE][PASSED] - Delayed 2 second(s)

2018-12-13 11:03:33 - [TEST_STEP][PASSED] - sendKeys: Keys 'C:\Users\Public\Pictures\Sample Pictures\Koala.jpg' sent to object: 'Object Repository/Final Object Repo/Page_Form 1A - Cessation As Employer/Uploading File'

2018-12-13 11:03:33 - [MESSAGE][PASSED] - Keys 'C:\Users\Public\Pictures\Sample Pictures\Koala.jpg' sent to object: 'Object Repository/Final Object Repo/Page_Form 1A - Cessation As Employer/Uploading File'

2018-12-13 11:03:33 - [TEST_STEP][PASSED] - delay: Delayed 2 second(s)

2018-12-13 11:03:35 - [MESSAGE][PASSED] - Delayed 2 second(s)

2018-12-13 11:03:35 - [TEST_STEP][PASSED] - click: Object: 'Object Repository/Final Object Repo/Page_Form 1A - Cessation As Employer/Add Document in Uploading Page' is clicked on

2018-12-13 11:03:36 - [MESSAGE][PASSED] - Object: 'Object Repository/Final Object Repo/Page_Form 1A - Cessation As Employer/Add Document in Uploading Page' is clicked on

2018-12-13 11:03:36 - [TEST_STEP][PASSED] - delay: Delayed 2 second(s)

2018-12-13 11:03:38 - [MESSAGE][PASSED] - Delayed 2 second(s)

2018-12-13 11:03:38 - [TEST_STEP][PASSED] - click: Object: 'Object Repository/Final Object Repo/Page_Form 1A - Cessation As Employer/Save  Continue in Uploading Page' is clicked on

2018-12-13 11:03:39 - [MESSAGE][PASSED] - Object: 'Object Repository/Final Object Repo/Page_Form 1A - Cessation As Employer/Save  Continue in Uploading Page' is clicked on

2018-12-13 11:03:39 - [TEST_STEP][PASSED] - delay: Delayed 2 second(s)

2018-12-13 11:03:41 - [MESSAGE][PASSED] - Delayed 2 second(s)

2018-12-13 11:03:41 - [TEST_STEP][PASSED] - click: Object: 'Object Repository/Final Object Repo/Page_Form 1A - Cessation As Employer/Submit2' is clicked on

2018-12-13 11:03:44 - [MESSAGE][PASSED] - Object: 'Object Repository/Final Object Repo/Page_Form 1A - Cessation As Employer/Submit2' is clicked on

2018-12-13 11:03:44 - [TEST_STEP][PASSED] - delay: Delayed 2 second(s)

2018-12-13 11:03:46 - [MESSAGE][PASSED] - Delayed 2 second(s)

2018-12-13 11:03:46 - [TEST_STEP][PASSED] - click: Object: 'Object Repository/Final Object Repo/Page_Form 1A - Cessation As Employer/Confirm' is clicked on

2018-12-13 11:03:47 - [MESSAGE][PASSED] - Object: 'Object Repository/Final Object Repo/Page_Form 1A - Cessation As Employer/Confirm' is clicked on

2018-12-13 11:03:47 - [TEST_STEP][PASSED] - delay: Delayed 2 second(s)

2018-12-13 11:03:49 - [MESSAGE][PASSED] - Delayed 2 second(s)

2018-12-13 11:03:49 - [TEST_STEP][PASSED] - verifyElementVisible: Object 'Object Repository/Final Object Repo/Page_Form 1A - Cessation As Employer/Message Your Request will be routed to UO' is visible

2018-12-13 11:03:52 - [MESSAGE][PASSED] - Object 'Object Repository/Final Object Repo/Page_Form 1A - Cessation As Employer/Message Your Request will be routed to UO' is visible

2018-12-13 11:03:52 - [TEST_STEP][PASSED] - delay: Delayed 1 second(s)

2018-12-13 11:03:53 - [MESSAGE][PASSED] - Delayed 1 second(s)

2018-12-13 11:03:53 - [TEST_STEP][PASSED] - verifyElementVisible: Object 'Object Repository/Final Object Repo/Page_Form 1A - Cessation As Employer/Letter of acknowledgement' is visible

2018-12-13 11:03:54 - [MESSAGE][PASSED] - Object 'Object Repository/Final Object Repo/Page_Form 1A - Cessation As Employer/Letter of acknowledgement' is visible

2018-12-13 11:03:54 - [MESSAGE][PASSED] - Call Test Case 'Test Cases/Final Aug 2018 - PKS Automation/Registration Module/Workflow/Form 1A - Cessation As Employer/Template/Form 1 A - Cessation As Employer (Employer)' successfully

2018-12-13 11:03:54 - [TEST_STEP][PASSED] - callTestCase: Call Test Case 'Test Cases/Final Aug 2018 - PKS Automation/Registration Module/Workflow/Form 1A - Cessation As Employer/Template/Form 1 A - Cessation As Employer (Reject)' successfully

2018-12-13 11:03:54 - [TEST_CASE][PASSED] - Test Cases/Final Aug 2018 - PKS Automation/Registration Module/Workflow/Form 1A - Cessation As Employer/Template/Form 1 A - Cessation As Employer (Reject): Test Cases/Final Aug 2018 - PKS Automation/Registration Module/Workflow/Form 1A - Cessation As Employer/Template/Form 1 A - Cessation As Employer (Reject)

2018-12-13 11:03:54 - [TEST_STEP][PASSED] - callTestCase: Call Test Case 'Test Cases/Final Aug 2018 - PKS Automation/Registration Module/Workflow/Form 1A - Cessation As Employer/Template/Form 1 A - Cessation As Employer (OTC)' successfully

2018-12-13 11:03:54 - [TEST_CASE][PASSED] - Test Cases/Final Aug 2018 - PKS Automation/Registration Module/Workflow/Form 1A - Cessation As Employer/Template/Form 1 A - Cessation As Employer (OTC): Test Cases/Final Aug 2018 - PKS Automation/Registration Module/Workflow/Form 1A - Cessation As Employer/Template/Form 1 A - Cessation As Employer (OTC)

2018-12-13 11:03:54 - [TEST_STEP][PASSED] - openBrowser: Browser is opened with url: ''

2018-12-13 11:03:54 - [MESSAGE][WARNING] - A browser is already opened. Closing browser and opening a new one

2018-12-13 11:03:57 - [MESSAGE][PASSED] - Browser is opened with url: ''

2018-12-13 11:03:57 - [TEST_STEP][PASSED] - navigateToUrl: Navigate to 'https://assist2-uat.perkeso.gov.my/login' successfully

2018-12-13 11:03:58 - [MESSAGE][PASSED] - Navigate to 'https://assist2-uat.perkeso.gov.my/login' successfully

2018-12-13 11:03:58 - [TEST_STEP][PASSED] - setText: Text 'johorotc1@gmail.com' is set on object 'Object Repository/Final Object Repo/Login Page/Internal User/Email Address'

2018-12-13 11:03:59 - [MESSAGE][PASSED] - Text 'johorotc1@gmail.com' is set on object 'Object Repository/Final Object Repo/Login Page/Internal User/Email Address'

2018-12-13 11:03:59 - [TEST_STEP][PASSED] - click: Object: 'Object Repository/Final Object Repo/Login Page/Internal User/Next Button' is clicked on

2018-12-13 11:03:59 - [MESSAGE][PASSED] - Object: 'Object Repository/Final Object Repo/Login Page/Internal User/Next Button' is clicked on

2018-12-13 11:03:59 - [TEST_STEP][PASSED] - delay: Delayed 1 second(s)

2018-12-13 11:04:00 - [MESSAGE][PASSED] - Delayed 1 second(s)

2018-12-13 11:04:00 - [TEST_STEP][PASSED] - setEncryptedText: Text ****** has been set on object 'Object Repository/Final Object Repo/Login Page/Internal User/Password'

2018-12-13 11:04:00 - [MESSAGE][PASSED] - Text ****** has been set on object 'Object Repository/Final Object Repo/Login Page/Internal User/Password'

2018-12-13 11:04:00 - [TEST_STEP][PASSED] - click: Object: 'Object Repository/Final Object Repo/Login Page/Internal User/Login Button' is clicked on

2018-12-13 11:04:00 - [MESSAGE][PASSED] - Object: 'Object Repository/Final Object Repo/Login Page/Internal User/Login Button' is clicked on

2018-12-13 11:04:00 - [TEST_STEP][PASSED] - delay: Delayed 1 second(s)

2018-12-13 11:04:01 - [MESSAGE][PASSED] - Delayed 1 second(s)

2018-12-13 11:04:01 - [TEST_STEP][PASSED] - Statement - Try: Delayed 2 second(s)

2018-12-13 11:04:01 - [TEST_STEP][PASSED] - Statement - Checker = false: null

2018-12-13 11:04:01 - [TEST_STEP][PASSED] - Statement - Checker = com.kms.katalon.core.webui.keyword.WebUiBuiltInKeywords.verifyElementHasAttribute(com.kms.katalon.core.testobject.ObjectRepository.findTestObject(Final Object Repo/Landing Page/BM Detecting), "href", 20, OPTIONAL): Object 'Object Repository/Final Object Repo/Landing Page/BM Detecting' has attribute 'href'

2018-12-13 11:04:02 - [MESSAGE][PASSED] - Object 'Object Repository/Final Object Repo/Landing Page/BM Detecting' has attribute 'href'

2018-12-13 11:04:02 - [TEST_STEP][PASSED] - Statement - out.println(Checker): null

2018-12-13 11:04:02 - [TEST_STEP][PASSED] - Statement - If (Checker == false): null

2018-12-13 11:04:02 - [TEST_STEP][PASSED] - Statement - Else: null

2018-12-13 11:04:02 - [TEST_STEP][PASSED] - delay: Delayed 2 second(s)

2018-12-13 11:04:04 - [MESSAGE][PASSED] - Delayed 2 second(s)

2018-12-13 11:04:04 - [TEST_STEP][PASSED] - navigateToUrl: Navigate to 'https://assist2-uat.perkeso.gov.my/web/registration/update/form-1a-cessation-as-employer-discontinue-business-' successfully

2018-12-13 11:04:05 - [MESSAGE][PASSED] - Navigate to 'https://assist2-uat.perkeso.gov.my/web/registration/update/form-1a-cessation-as-employer-discontinue-business-' successfully

2018-12-13 11:04:05 - [TEST_STEP][PASSED] - setText: Text 'E1102069770Z' is set on object 'Object Repository/Final Object Repo/Page_Update Employer Information/Employer Code'

2018-12-13 11:04:06 - [MESSAGE][PASSED] - Text 'E1102069770Z' is set on object 'Object Repository/Final Object Repo/Page_Update Employer Information/Employer Code'

2018-12-13 11:04:06 - [TEST_STEP][PASSED] - click: Object: 'Object Repository/Final Object Repo/Page_Update Employer Information/Search Button' is clicked on

2018-12-13 11:04:06 - [MESSAGE][PASSED] - Object: 'Object Repository/Final Object Repo/Page_Update Employer Information/Search Button' is clicked on

2018-12-13 11:04:06 - [TEST_STEP][PASSED] - click: Object: 'Object Repository/Final Object Repo/Page_Update Employer Information/Edit Button' is clicked on

2018-12-13 11:04:08 - [MESSAGE][PASSED] - Object: 'Object Repository/Final Object Repo/Page_Update Employer Information/Edit Button' is clicked on

2018-12-13 11:04:08 - [TEST_STEP][PASSED] - Statement - abc = com.kms.katalon.core.webui.keyword.WebUiBuiltInKeywords.getAttribute(com.kms.katalon.core.testobject.ObjectRepository.findTestObject(Final Object Repo/Page_Form 1A - Cessation As Employer/Employer Status), "value"): Attribute 'value' of object 'Object Repository/Final Object Repo/Page_Form 1A - Cessation As Employer/Employer Status' is: 'Dormant'

2018-12-13 11:04:08 - [MESSAGE][PASSED] - Attribute 'value' of object 'Object Repository/Final Object Repo/Page_Form 1A - Cessation As Employer/Employer Status' is: 'Dormant'

2018-12-13 11:04:08 - [TEST_STEP][PASSED] - Statement - out.println(abc): null

2018-12-13 11:04:08 - [TEST_STEP][PASSED] - Statement - If (abc == "Active"): null

2018-12-13 11:04:08 - [TEST_STEP][PASSED] - Statement - Else If (abc == "Cancel"): null

2018-12-13 11:04:08 - [TEST_STEP][PASSED] - Statement - Else If (abc == "Dormant"): Object: 'Object Repository/Final Object Repo/Page_Form 1A - Cessation As Employer/Change Employer Status to - Dormant' is clicked on

2018-12-13 11:04:08 - [TEST_STEP][PASSED] - click: Object: 'Object Repository/Final Object Repo/Page_Form 1A - Cessation As Employer/Change Employer Status to' is clicked on

2018-12-13 11:04:09 - [MESSAGE][PASSED] - Object: 'Object Repository/Final Object Repo/Page_Form 1A - Cessation As Employer/Change Employer Status to' is clicked on

2018-12-13 11:04:09 - [TEST_STEP][PASSED] - click: Object: 'Object Repository/Final Object Repo/Page_Form 1A - Cessation As Employer/Change Employer Status to - Dormant' is clicked on

2018-12-13 11:04:09 - [MESSAGE][PASSED] - Object: 'Object Repository/Final Object Repo/Page_Form 1A - Cessation As Employer/Change Employer Status to - Dormant' is clicked on

2018-12-13 11:04:09 - [TEST_STEP][PASSED] - click: Object: 'Object Repository/Final Object Repo/Page_Form 1A - Cessation As Employer/Calender' is clicked on

2018-12-13 11:04:09 - [MESSAGE][PASSED] - Object: 'Object Repository/Final Object Repo/Page_Form 1A - Cessation As Employer/Calender' is clicked on

2018-12-13 11:04:09 - [TEST_STEP][PASSED] - click: Object: 'Object Repository/Final Object Repo/Page_Form 1A - Cessation As Employer/Calender - Date' is clicked on

2018-12-13 11:04:10 - [MESSAGE][PASSED] - Object: 'Object Repository/Final Object Repo/Page_Form 1A - Cessation As Employer/Calender - Date' is clicked on

2018-12-13 11:04:10 - [TEST_STEP][PASSED] - delay: Delayed 2 second(s)

2018-12-13 11:04:12 - [MESSAGE][PASSED] - Delayed 2 second(s)

2018-12-13 11:04:12 - [TEST_STEP][PASSED] - click: Object: 'Object Repository/Final Object Repo/Page_Form 1A - Cessation As Employer/Save  Continue in Form 1A Page' is clicked on

2018-12-13 11:04:12 - [MESSAGE][PASSED] - Object: 'Object Repository/Final Object Repo/Page_Form 1A - Cessation As Employer/Save  Continue in Form 1A Page' is clicked on

2018-12-13 11:04:12 - [TEST_STEP][PASSED] - delay: Delayed 2 second(s)

2018-12-13 11:04:14 - [MESSAGE][PASSED] - Delayed 2 second(s)

2018-12-13 11:04:14 - [TEST_STEP][PASSED] - click: Object: 'Object Repository/Final Object Repo/Page_Form 1A - Cessation As Employer/Employment Resign Date' is clicked on

2018-12-13 11:04:14 - [MESSAGE][PASSED] - Object: 'Object Repository/Final Object Repo/Page_Form 1A - Cessation As Employer/Employment Resign Date' is clicked on

2018-12-13 11:04:14 - [TEST_STEP][PASSED] - delay: Delayed 1 second(s)

2018-12-13 11:04:15 - [MESSAGE][PASSED] - Delayed 1 second(s)

2018-12-13 11:04:15 - [TEST_STEP][PASSED] - Statement - CaseReferenceNo = com.kms.katalon.core.webui.keyword.WebUiBuiltInKeywords.getText(com.kms.katalon.core.testobject.ObjectRepository.findTestObject(Final Object Repo/Page_Update Employer Information/Reference Number in Update Employee Information Page)): Text of object 'Object Repository/Final Object Repo/Page_Update Employer Information/Reference Number in Update Employee Information Page' is: 'CUN122018C200001724'

2018-12-13 11:04:15 - [MESSAGE][PASSED] - Text of object 'Object Repository/Final Object Repo/Page_Update Employer Information/Reference Number in Update Employee Information Page' is: 'CUN122018C200001724'

2018-12-13 11:04:15 - [TEST_STEP][PASSED] - callTestCase: Call Test Case 'Test Cases/Final Aug 2018 - PKS Automation/Common/Reference Number Setter' successfully

2018-12-13 11:04:15 - [TEST_CASE][PASSED] - Test Cases/Final Aug 2018 - PKS Automation/Common/Reference Number Setter: Test Cases/Final Aug 2018 - PKS Automation/Common/Reference Number Setter

2018-12-13 11:04:15 - [TEST_STEP][PASSED] - Statement - RefNoOldFile = new java.io.File(C://Users//Admin//Desktop//PKS//Automation Reference Point//KatalonReference.txt): null

2018-12-13 11:04:15 - [TEST_STEP][PASSED] - Statement - RefNoOldFile.delete(): null

2018-12-13 11:04:15 - [TEST_STEP][PASSED] - delay: Delayed 5 second(s)

2018-12-13 11:04:20 - [MESSAGE][PASSED] - Delayed 5 second(s)

2018-12-13 11:04:20 - [TEST_STEP][PASSED] - Statement - RefNo = new java.io.File(C://Users//Admin//Desktop//PKS//Automation Reference Point//KatalonReference.txt): null

2018-12-13 11:04:20 - [TEST_STEP][PASSED] - Statement - f2 = new java.io.FileWriter(RefNo, false): null

2018-12-13 11:04:20 - [TEST_STEP][PASSED] - Statement - f2.write(CaseReferenceNo): null

2018-12-13 11:04:20 - [TEST_STEP][PASSED] - Statement - f2.close(): null

2018-12-13 11:04:20 - [TEST_STEP][PASSED] - Statement - out.println("


" + CaseReferenceNo + "


"): null

2018-12-13 11:04:20 - [MESSAGE][PASSED] - Call Test Case 'Test Cases/Final Aug 2018 - PKS Automation/Common/Reference Number Setter' successfully

2018-12-13 11:04:20 - [TEST_STEP][PASSED] - selectOptionByValue: All options with value '2030' are selected in object 'Object Repository/Final Object Repo/Page_Form 1A - Cessation As Employer/Employment Resign Date - Year' 

2018-12-13 11:04:20 - [MESSAGE][PASSED] - All options with value '2030' are selected in object 'Object Repository/Final Object Repo/Page_Form 1A - Cessation As Employer/Employment Resign Date - Year' 

2018-12-13 11:04:20 - [TEST_STEP][PASSED] - delay: Delayed 1 second(s)

2018-12-13 11:04:21 - [MESSAGE][PASSED] - Delayed 1 second(s)

2018-12-13 11:04:21 - [TEST_STEP][PASSED] - click: Object: 'Object Repository/Final Object Repo/Page_Form 1A - Cessation As Employer/Employment Resign Date - Year - Date' is clicked on

2018-12-13 11:04:21 - [MESSAGE][PASSED] - Object: 'Object Repository/Final Object Repo/Page_Form 1A - Cessation As Employer/Employment Resign Date - Year - Date' is clicked on

2018-12-13 11:04:21 - [TEST_STEP][PASSED] - delay: Delayed 2 second(s)

2018-12-13 11:04:23 - [MESSAGE][PASSED] - Delayed 2 second(s)

2018-12-13 11:04:23 - [TEST_STEP][PASSED] - click: Object: 'Object Repository/Final Object Repo/Page_Form 1A - Cessation As Employer/Save  Continue in Update Add Employee Resigned Date Page' is clicked on

2018-12-13 11:04:24 - [MESSAGE][PASSED] - Object: 'Object Repository/Final Object Repo/Page_Form 1A - Cessation As Employer/Save  Continue in Update Add Employee Resigned Date Page' is clicked on

2018-12-13 11:04:24 - [TEST_STEP][PASSED] - delay: Delayed 2 second(s)

2018-12-13 11:04:26 - [MESSAGE][PASSED] - Delayed 2 second(s)

2018-12-13 11:04:26 - [TEST_STEP][PASSED] - click: Object: 'Object Repository/Final Object Repo/Page_Form 1A - Cessation As Employer/Set Latest - Yes' is clicked on

2018-12-13 11:04:26 - [MESSAGE][PASSED] - Object: 'Object Repository/Final Object Repo/Page_Form 1A - Cessation As Employer/Set Latest - Yes' is clicked on

2018-12-13 11:04:26 - [TEST_STEP][PASSED] - delay: Delayed 2 second(s)

2018-12-13 11:04:28 - [MESSAGE][PASSED] - Delayed 2 second(s)

2018-12-13 11:04:28 - [TEST_STEP][PASSED] - click: Object: 'Object Repository/Final Object Repo/Page_Form 1A - Cessation As Employer/Add Document' is clicked on

2018-12-13 11:04:29 - [MESSAGE][PASSED] - Object: 'Object Repository/Final Object Repo/Page_Form 1A - Cessation As Employer/Add Document' is clicked on

2018-12-13 11:04:29 - [TEST_STEP][PASSED] - delay: Delayed 2 second(s)

2018-12-13 11:04:31 - [MESSAGE][PASSED] - Delayed 2 second(s)

2018-12-13 11:04:31 - [TEST_STEP][PASSED] - click: Object: 'Object Repository/Final Object Repo/Page_Form 1A - Cessation As Employer/Document Type' is clicked on

2018-12-13 11:04:32 - [MESSAGE][PASSED] - Object: 'Object Repository/Final Object Repo/Page_Form 1A - Cessation As Employer/Document Type' is clicked on

2018-12-13 11:04:32 - [TEST_STEP][PASSED] - delay: Delayed 2 second(s)

2018-12-13 11:04:34 - [MESSAGE][PASSED] - Delayed 2 second(s)

2018-12-13 11:04:34 - [TEST_STEP][PASSED] - click: Object: 'Object Repository/Final Object Repo/Page_Form 1A - Cessation As Employer/Document Type - Supporting Document For Cessation' is clicked on

2018-12-13 11:04:34 - [MESSAGE][PASSED] - Object: 'Object Repository/Final Object Repo/Page_Form 1A - Cessation As Employer/Document Type - Supporting Document For Cessation' is clicked on

2018-12-13 11:04:34 - [TEST_STEP][PASSED] - delay: Delayed 2 second(s)

2018-12-13 11:04:36 - [MESSAGE][PASSED] - Delayed 2 second(s)

2018-12-13 11:04:36 - [TEST_STEP][PASSED] - sendKeys: Keys 'C:\Users\Public\Pictures\Sample Pictures\Koala.jpg' sent to object: 'Object Repository/Final Object Repo/Page_Form 1A - Cessation As Employer/Uploading File'

2018-12-13 11:04:36 - [MESSAGE][PASSED] - Keys 'C:\Users\Public\Pictures\Sample Pictures\Koala.jpg' sent to object: 'Object Repository/Final Object Repo/Page_Form 1A - Cessation As Employer/Uploading File'

2018-12-13 11:04:36 - [TEST_STEP][PASSED] - delay: Delayed 2 second(s)

2018-12-13 11:04:38 - [MESSAGE][PASSED] - Delayed 2 second(s)

2018-12-13 11:04:38 - [TEST_STEP][PASSED] - click: Object: 'Object Repository/Final Object Repo/Page_Form 1A - Cessation As Employer/Add Document in Uploading Page' is clicked on

2018-12-13 11:04:38 - [MESSAGE][PASSED] - Object: 'Object Repository/Final Object Repo/Page_Form 1A - Cessation As Employer/Add Document in Uploading Page' is clicked on

2018-12-13 11:04:38 - [TEST_STEP][PASSED] - delay: Delayed 20 second(s)

2018-12-13 11:04:58 - [MESSAGE][PASSED] - Delayed 20 second(s)

2018-12-13 11:04:58 - [TEST_STEP][PASSED] - click: Object: 'Object Repository/Final Object Repo/Page_Form 1A - Cessation As Employer/Save  Continue in Uploading Page' is clicked on

2018-12-13 11:04:59 - [MESSAGE][PASSED] - Object: 'Object Repository/Final Object Repo/Page_Form 1A - Cessation As Employer/Save  Continue in Uploading Page' is clicked on

2018-12-13 11:04:59 - [TEST_STEP][PASSED] - delay: Delayed 2 second(s)

2018-12-13 11:05:01 - [MESSAGE][PASSED] - Delayed 2 second(s)

2018-12-13 11:05:01 - [TEST_STEP][PASSED] - click: Object: 'Object Repository/Final Object Repo/Page_Form 1A - Cessation As Employer/Submit2' is clicked on

2018-12-13 11:05:04 - [MESSAGE][PASSED] - Object: 'Object Repository/Final Object Repo/Page_Form 1A - Cessation As Employer/Submit2' is clicked on

2018-12-13 11:05:04 - [TEST_STEP][PASSED] - delay: Delayed 2 second(s)

2018-12-13 11:05:06 - [MESSAGE][PASSED] - Delayed 2 second(s)

2018-12-13 11:05:06 - [TEST_STEP][PASSED] - click: Object: 'Object Repository/Final Object Repo/Page_Form 1A - Cessation As Employer/Confirm' is clicked on

2018-12-13 11:05:06 - [MESSAGE][PASSED] - Object: 'Object Repository/Final Object Repo/Page_Form 1A - Cessation As Employer/Confirm' is clicked on

2018-12-13 11:05:06 - [TEST_STEP][PASSED] - delay: Delayed 2 second(s)

2018-12-13 11:05:08 - [MESSAGE][PASSED] - Delayed 2 second(s)

2018-12-13 11:05:08 - [TEST_STEP][PASSED] - verifyElementVisible: Object 'Object Repository/Final Object Repo/Page_Form 1A - Cessation As Employer/Message Your Request will be routed to UO' is visible

2018-12-13 11:05:11 - [MESSAGE][PASSED] - Object 'Object Repository/Final Object Repo/Page_Form 1A - Cessation As Employer/Message Your Request will be routed to UO' is visible

2018-12-13 11:05:11 - [TEST_STEP][PASSED] - delay: Delayed 1 second(s)

2018-12-13 11:05:12 - [MESSAGE][PASSED] - Delayed 1 second(s)

2018-12-13 11:05:12 - [TEST_STEP][PASSED] - verifyElementVisible: Object 'Object Repository/Final Object Repo/Page_Form 1A - Cessation As Employer/Letter of acknowledgement' is visible

2018-12-13 11:05:12 - [MESSAGE][PASSED] - Object 'Object Repository/Final Object Repo/Page_Form 1A - Cessation As Employer/Letter of acknowledgement' is visible

2018-12-13 11:05:12 - [MESSAGE][PASSED] - Call Test Case 'Test Cases/Final Aug 2018 - PKS Automation/Registration Module/Workflow/Form 1A - Cessation As Employer/Template/Form 1 A - Cessation As Employer (OTC)' successfully

2018-12-13 11:05:12 - [TEST_STEP][PASSED] - delay: Delayed 1 second(s)

2018-12-13 11:05:13 - [MESSAGE][PASSED] - Delayed 1 second(s)

2018-12-13 11:05:13 - [TEST_STEP][PASSED] - navigateToUrl: Navigate to 'https://assist2-uat.perkeso.gov.my/c/portal/logout' successfully

2018-12-13 11:05:14 - [MESSAGE][PASSED] - Navigate to 'https://assist2-uat.perkeso.gov.my/c/portal/logout' successfully

2018-12-13 11:05:14 - [TEST_STEP][PASSED] - delay: Delayed 1 second(s)

2018-12-13 11:05:15 - [MESSAGE][PASSED] - Delayed 1 second(s)

2018-12-13 11:05:15 - [TEST_STEP][PASSED] - callTestCase: Call Test Case 'Test Cases/Final Aug 2018 - PKS Automation/Common/Reference Number Getter' successfully

2018-12-13 11:05:15 - [TEST_CASE][PASSED] - Test Cases/Final Aug 2018 - PKS Automation/Common/Reference Number Getter: Test Cases/Final Aug 2018 - PKS Automation/Common/Reference Number Getter

2018-12-13 11:05:15 - [TEST_STEP][PASSED] - Statement - Try: null

2018-12-13 11:05:15 - [TEST_STEP][PASSED] - Statement - RefNo = new java.io.File(C://Users//Admin//Desktop//PKS//Automation Reference Point//KatalonReference.txt): null

2018-12-13 11:05:15 - [TEST_STEP][PASSED] - Statement - bufferread = new java.io.BufferedReader(new java.io.FileReader(RefNo)): null

2018-12-13 11:05:15 - [TEST_STEP][PASSED] - Statement - readedVal = bufferread.readLine(): null

2018-12-13 11:05:15 - [TEST_STEP][PASSED] - Statement - out.println(CaseReferenceNo): null

2018-12-13 11:05:15 - [TEST_STEP][PASSED] - Statement - out.println(readedVal): null

2018-12-13 11:05:15 - [TEST_STEP][PASSED] - Statement - CaseReferenceNo = "": null

2018-12-13 11:05:15 - [TEST_STEP][PASSED] - Statement - CaseReferenceNo = readedVal: null

2018-12-13 11:05:15 - [MESSAGE][PASSED] - Call Test Case 'Test Cases/Final Aug 2018 - PKS Automation/Common/Reference Number Getter' successfully

2018-12-13 11:05:15 - [TEST_STEP][PASSED] - callTestCase: Call Test Case 'Test Cases/Final Aug 2018 - PKS Automation/Common/Workflow Owner Finder' successfully

2018-12-13 11:05:15 - [TEST_CASE][PASSED] - Test Cases/Final Aug 2018 - PKS Automation/Common/Workflow Owner Finder: Test Cases/Final Aug 2018 - PKS Automation/Common/Workflow Owner Finder

2018-12-13 11:05:15 - [TEST_STEP][PASSED] - openBrowser: Browser is opened with url: ''

2018-12-13 11:05:15 - [MESSAGE][WARNING] - A browser is already opened. Closing browser and opening a new one

2018-12-13 11:05:18 - [MESSAGE][PASSED] - Browser is opened with url: ''

2018-12-13 11:05:18 - [TEST_STEP][PASSED] - navigateToUrl: Navigate to 'https://assist2-uat.perkeso.gov.my/login' successfully

2018-12-13 11:05:19 - [MESSAGE][PASSED] - Navigate to 'https://assist2-uat.perkeso.gov.my/login' successfully

2018-12-13 11:05:19 - [TEST_STEP][PASSED] - delay: Delayed 5 second(s)

2018-12-13 11:05:24 - [MESSAGE][PASSED] - Delayed 5 second(s)

2018-12-13 11:05:24 - [TEST_STEP][PASSED] - setText: Text 'test@liferay.com' is set on object 'Object Repository/Final Object Repo/Login Page/Internal User/Email Address'

2018-12-13 11:05:24 - [MESSAGE][PASSED] - Text 'test@liferay.com' is set on object 'Object Repository/Final Object Repo/Login Page/Internal User/Email Address'

2018-12-13 11:05:24 - [TEST_STEP][PASSED] - click: Object: 'Object Repository/Final Object Repo/Login Page/Internal User/Next Button' is clicked on

2018-12-13 11:05:25 - [MESSAGE][PASSED] - Object: 'Object Repository/Final Object Repo/Login Page/Internal User/Next Button' is clicked on

2018-12-13 11:05:25 - [TEST_STEP][PASSED] - delay: Delayed 2 second(s)

2018-12-13 11:05:27 - [MESSAGE][PASSED] - Delayed 2 second(s)

2018-12-13 11:05:27 - [TEST_STEP][PASSED] - setText: Text 'test' is set on object 'Object Repository/Final Object Repo/Login Page/Internal User/Password'

2018-12-13 11:05:27 - [MESSAGE][PASSED] - Text 'test' is set on object 'Object Repository/Final Object Repo/Login Page/Internal User/Password'

2018-12-13 11:05:27 - [TEST_STEP][PASSED] - delay: Delayed 2 second(s)

2018-12-13 11:05:29 - [MESSAGE][PASSED] - Delayed 2 second(s)

2018-12-13 11:05:29 - [TEST_STEP][PASSED] - click: Object: 'Object Repository/Final Object Repo/Login Page/Internal User/Login Button' is clicked on

2018-12-13 11:05:29 - [MESSAGE][PASSED] - Object: 'Object Repository/Final Object Repo/Login Page/Internal User/Login Button' is clicked on

2018-12-13 11:05:29 - [TEST_STEP][PASSED] - Statement - tester = com.kms.katalon.core.testobject.ObjectRepository.findTestObject(Final Object Repo/Landing Page/Select to English): Finding Test Object with id 'Object Repository/Final Object Repo/Landing Page/Select to English'

2018-12-13 11:05:29 - [TEST_STEP][PASSED] - Statement - Try: Delayed 2 second(s)

2018-12-13 11:05:29 - [TEST_STEP][PASSED] - Statement - Checker = com.kms.katalon.core.webui.keyword.WebUiBuiltInKeywords.verifyElementNotPresent(tester, 3): Web element with id: 'Object Repository/Final Object Repo/Landing Page/Select to English' located by 'By.xpath: //a[@class = 'taglib-language-list-text' and @lang = 'en-US' and (contains(text(), 'EN') or contains(., 'EN'))]' is not present after '3' second(s)

2018-12-13 11:05:34 - [MESSAGE][PASSED] - Web element with id: 'Object Repository/Final Object Repo/Landing Page/Select to English' located by 'By.xpath: //a[@class = 'taglib-language-list-text' and @lang = 'en-US' and (contains(text(), 'EN') or contains(., 'EN'))]' is not present after '3' second(s)

2018-12-13 11:05:34 - [TEST_STEP][PASSED] - Statement - If (Checker == false): null

2018-12-13 11:05:34 - [TEST_STEP][PASSED] - delay: Delayed 2 second(s)

2018-12-13 11:05:36 - [MESSAGE][PASSED] - Delayed 2 second(s)

2018-12-13 11:05:36 - [TEST_STEP][PASSED] - delay: Delayed 5 second(s)

2018-12-13 11:05:41 - [MESSAGE][PASSED] - Delayed 5 second(s)

2018-12-13 11:05:41 - [TEST_STEP][PASSED] - mouseOver: Object: 'Object Repository/Final Object Repo/Landing Page/WorkFlow Menu' is hovered

2018-12-13 11:05:41 - [MESSAGE][PASSED] - Object: 'Object Repository/Final Object Repo/Landing Page/WorkFlow Menu' is hovered

2018-12-13 11:05:41 - [TEST_STEP][PASSED] - delay: Delayed 2 second(s)

2018-12-13 11:05:43 - [MESSAGE][PASSED] - Delayed 2 second(s)

2018-12-13 11:05:43 - [TEST_STEP][PASSED] - click: Object: 'Object Repository/Final Object Repo/Landing Page/Select to Workflow Listing' is clicked on

2018-12-13 11:05:44 - [MESSAGE][PASSED] - Object: 'Object Repository/Final Object Repo/Landing Page/Select to Workflow Listing' is clicked on

2018-12-13 11:05:44 - [TEST_STEP][PASSED] - delay: Delayed 2 second(s)

2018-12-13 11:05:46 - [MESSAGE][PASSED] - Delayed 2 second(s)

2018-12-13 11:05:46 - [TEST_STEP][PASSED] - click: Object: 'Object Repository/Final Object Repo/WorkFlow Listing Page/Search Information - To Put Ref No' is clicked on

2018-12-13 11:05:47 - [MESSAGE][PASSED] - Object: 'Object Repository/Final Object Repo/WorkFlow Listing Page/Search Information - To Put Ref No' is clicked on

2018-12-13 11:05:47 - [TEST_STEP][PASSED] - delay: Delayed 2 second(s)

2018-12-13 11:05:49 - [MESSAGE][PASSED] - Delayed 2 second(s)

2018-12-13 11:05:49 - [TEST_STEP][PASSED] - callTestCase: Call Test Case 'Test Cases/Final Aug 2018 - PKS Automation/Common/Reference Number Getter' successfully

2018-12-13 11:05:49 - [TEST_CASE][PASSED] - Test Cases/Final Aug 2018 - PKS Automation/Common/Reference Number Getter: Test Cases/Final Aug 2018 - PKS Automation/Common/Reference Number Getter

2018-12-13 11:05:49 - [TEST_STEP][PASSED] - Statement - Try: null

2018-12-13 11:05:49 - [TEST_STEP][PASSED] - Statement - RefNo = new java.io.File(C://Users//Admin//Desktop//PKS//Automation Reference Point//KatalonReference.txt): null

2018-12-13 11:05:49 - [TEST_STEP][PASSED] - Statement - bufferread = new java.io.BufferedReader(new java.io.FileReader(RefNo)): null

2018-12-13 11:05:49 - [TEST_STEP][PASSED] - Statement - readedVal = bufferread.readLine(): null

2018-12-13 11:05:49 - [TEST_STEP][PASSED] - Statement - out.println(CaseReferenceNo): null

2018-12-13 11:05:49 - [TEST_STEP][PASSED] - Statement - out.println(readedVal): null

2018-12-13 11:05:49 - [TEST_STEP][PASSED] - Statement - CaseReferenceNo = "": null

2018-12-13 11:05:49 - [TEST_STEP][PASSED] - Statement - CaseReferenceNo = readedVal: null

2018-12-13 11:05:49 - [MESSAGE][PASSED] - Call Test Case 'Test Cases/Final Aug 2018 - PKS Automation/Common/Reference Number Getter' successfully

2018-12-13 11:05:49 - [TEST_STEP][PASSED] - setText: Text 'CUN122018C200001724' is set on object 'Object Repository/Final Object Repo/WorkFlow Listing Page/Ref No Set Text'

2018-12-13 11:05:49 - [MESSAGE][PASSED] - Text 'CUN122018C200001724' is set on object 'Object Repository/Final Object Repo/WorkFlow Listing Page/Ref No Set Text'

2018-12-13 11:05:49 - [TEST_STEP][PASSED] - delay: Delayed 2 second(s)

2018-12-13 11:05:51 - [MESSAGE][PASSED] - Delayed 2 second(s)

2018-12-13 11:05:51 - [TEST_STEP][PASSED] - click: Object: 'Object Repository/Final Object Repo/WorkFlow Listing Page/Search Ref No Search Button' is clicked on

2018-12-13 11:05:51 - [MESSAGE][PASSED] - Object: 'Object Repository/Final Object Repo/WorkFlow Listing Page/Search Ref No Search Button' is clicked on

2018-12-13 11:05:51 - [TEST_STEP][PASSED] - delay: Delayed 6 second(s)

2018-12-13 11:05:57 - [MESSAGE][PASSED] - Delayed 6 second(s)

2018-12-13 11:05:57 - [TEST_STEP][PASSED] - click: Object: 'Object Repository/Final Object Repo/WorkFlow Listing Page/Click Continue Tooltip' is clicked on

2018-12-13 11:05:58 - [MESSAGE][PASSED] - Object: 'Object Repository/Final Object Repo/WorkFlow Listing Page/Click Continue Tooltip' is clicked on

2018-12-13 11:05:58 - [TEST_STEP][PASSED] - delay: Delayed 5 second(s)

2018-12-13 11:06:03 - [MESSAGE][PASSED] - Delayed 5 second(s)

2018-12-13 11:06:03 - [TEST_STEP][PASSED] - doubleClick: Object: 'Object Repository/Final Object Repo/WorkFlow Listing Page/Workflow Found - Listing 1' is double clicked on

2018-12-13 11:06:04 - [MESSAGE][PASSED] - Object: 'Object Repository/Final Object Repo/WorkFlow Listing Page/Workflow Found - Listing 1' is double clicked on

2018-12-13 11:06:04 - [TEST_STEP][PASSED] - Statement - println(OwnerID): null

2018-12-13 11:06:04 - [TEST_STEP][PASSED] - Statement - OwnerID = com.kms.katalon.core.webui.keyword.WebUiBuiltInKeywords.getText(com.kms.katalon.core.testobject.ObjectRepository.findTestObject(Final Object Repo/WorkFlow Listing Page/Workflow Found - Listing 1), STOP_ON_FAILURE): Text of object 'Object Repository/Final Object Repo/WorkFlow Listing Page/Workflow Found - Listing 1' is: 'JOHORuo3'

2018-12-13 11:06:04 - [MESSAGE][PASSED] - Text of object 'Object Repository/Final Object Repo/WorkFlow Listing Page/Workflow Found - Listing 1' is: 'JOHORuo3'

2018-12-13 11:06:04 - [TEST_STEP][PASSED] - Statement - OwnerID = OwnerID.toLowerCase() + "@gmail.com": null

2018-12-13 11:06:04 - [TEST_STEP][PASSED] - Statement - println(OwnerID): null

2018-12-13 11:06:04 - [TEST_STEP][PASSED] - delay: Delayed 2 second(s)

2018-12-13 11:06:06 - [MESSAGE][PASSED] - Delayed 2 second(s)

2018-12-13 11:06:06 - [MESSAGE][PASSED] - Call Test Case 'Test Cases/Final Aug 2018 - PKS Automation/Common/Workflow Owner Finder' successfully

2018-12-13 11:06:06 - [TEST_STEP][PASSED] - delay: Delayed 1 second(s)

2018-12-13 11:06:07 - [MESSAGE][PASSED] - Delayed 1 second(s)

2018-12-13 11:06:07 - [TEST_STEP][PASSED] - navigateToUrl: Navigate to 'https://assist2-uat.perkeso.gov.my/c/portal/logout' successfully

2018-12-13 11:06:07 - [MESSAGE][PASSED] - Navigate to 'https://assist2-uat.perkeso.gov.my/c/portal/logout' successfully

2018-12-13 11:06:07 - [TEST_STEP][PASSED] - delay: Delayed 1 second(s)

2018-12-13 11:06:08 - [MESSAGE][PASSED] - Delayed 1 second(s)

2018-12-13 11:06:08 - [TEST_STEP][PASSED] - callTestCase: Call Test Case 'Test Cases/Final Aug 2018 - PKS Automation/Registration Module/Workflow/Login and Search Case For Workflow' successfully

2018-12-13 11:06:08 - [TEST_CASE][PASSED] - Test Cases/Final Aug 2018 - PKS Automation/Registration Module/Workflow/Login and Search Case For Workflow: Test Cases/Final Aug 2018 - PKS Automation/Registration Module/Workflow/Login and Search Case For Workflow

2018-12-13 11:06:08 - [TEST_STEP][PASSED] - navigateToUrl: Navigate to 'https://assist2-uat.perkeso.gov.my/login' successfully

2018-12-13 11:06:09 - [MESSAGE][PASSED] - Navigate to 'https://assist2-uat.perkeso.gov.my/login' successfully

2018-12-13 11:06:09 - [TEST_STEP][PASSED] - setText: Text 'johoruo3@gmail.com' is set on object 'Object Repository/Final Object Repo/Login Page/Internal User/Email Address'

2018-12-13 11:06:09 - [MESSAGE][PASSED] - Text 'johoruo3@gmail.com' is set on object 'Object Repository/Final Object Repo/Login Page/Internal User/Email Address'

2018-12-13 11:06:09 - [TEST_STEP][PASSED] - click: Object: 'Object Repository/Final Object Repo/Login Page/Internal User/Next Button' is clicked on

2018-12-13 11:06:09 - [MESSAGE][PASSED] - Object: 'Object Repository/Final Object Repo/Login Page/Internal User/Next Button' is clicked on

2018-12-13 11:06:09 - [TEST_STEP][PASSED] - delay: Delayed 1 second(s)

2018-12-13 11:06:10 - [MESSAGE][PASSED] - Delayed 1 second(s)

2018-12-13 11:06:10 - [TEST_STEP][PASSED] - setEncryptedText: Text ****** has been set on object 'Object Repository/Final Object Repo/Login Page/Internal User/Password'

2018-12-13 11:06:11 - [MESSAGE][PASSED] - Text ****** has been set on object 'Object Repository/Final Object Repo/Login Page/Internal User/Password'

2018-12-13 11:06:11 - [TEST_STEP][PASSED] - click: Object: 'Object Repository/Final Object Repo/Login Page/Internal User/Login Button' is clicked on

2018-12-13 11:06:11 - [MESSAGE][PASSED] - Object: 'Object Repository/Final Object Repo/Login Page/Internal User/Login Button' is clicked on

2018-12-13 11:06:11 - [TEST_STEP][PASSED] - delay: Delayed 2 second(s)

2018-12-13 11:06:13 - [MESSAGE][PASSED] - Delayed 2 second(s)

2018-12-13 11:06:13 - [TEST_STEP][PASSED] - Statement - Try: Delayed 2 second(s)

2018-12-13 11:06:13 - [TEST_STEP][PASSED] - Statement - Checker = false: null

2018-12-13 11:06:13 - [TEST_STEP][PASSED] - Statement - Checker = com.kms.katalon.core.webui.keyword.WebUiBuiltInKeywords.verifyElementHasAttribute(com.kms.katalon.core.testobject.ObjectRepository.findTestObject(Final Object Repo/Landing Page/BM Detecting), "href", 20, OPTIONAL): Object 'Object Repository/Final Object Repo/Landing Page/BM Detecting' has attribute 'href'

2018-12-13 11:06:13 - [MESSAGE][PASSED] - Object 'Object Repository/Final Object Repo/Landing Page/BM Detecting' has attribute 'href'

2018-12-13 11:06:13 - [TEST_STEP][PASSED] - Statement - out.println(Checker): null

2018-12-13 11:06:13 - [TEST_STEP][PASSED] - Statement - If (Checker == false): null

2018-12-13 11:06:13 - [TEST_STEP][PASSED] - Statement - Else: null

2018-12-13 11:06:13 - [TEST_STEP][PASSED] - delay: Delayed 2 second(s)

2018-12-13 11:06:15 - [MESSAGE][PASSED] - Delayed 2 second(s)

2018-12-13 11:06:15 - [TEST_STEP][PASSED] - click: Object: 'Object Repository/Final Object Repo/Page_MyASSIST - ASSIST - Search Pending Case For Add Supporting Document/Search Information' is clicked on

2018-12-13 11:06:15 - [MESSAGE][PASSED] - Object: 'Object Repository/Final Object Repo/Page_MyASSIST - ASSIST - Search Pending Case For Add Supporting Document/Search Information' is clicked on

2018-12-13 11:06:15 - [TEST_STEP][PASSED] - delay: Delayed 3 second(s)

2018-12-13 11:06:18 - [MESSAGE][PASSED] - Delayed 3 second(s)

2018-12-13 11:06:18 - [TEST_STEP][PASSED] - sendKeys: Keys 'CUN122018C200001724' sent to object: 'Object Repository/Final Object Repo/Page_MyASSIST - ASSIST - Search Pending Case For Add Supporting Document/Reference No'

2018-12-13 11:06:18 - [MESSAGE][PASSED] - Keys 'CUN122018C200001724' sent to object: 'Object Repository/Final Object Repo/Page_MyASSIST - ASSIST - Search Pending Case For Add Supporting Document/Reference No'

2018-12-13 11:06:18 - [TEST_STEP][PASSED] - click: Object: 'Object Repository/Final Object Repo/Page_MyASSIST - ASSIST - Search Pending Case For Add Supporting Document/Search Reference No' is clicked on

2018-12-13 11:06:19 - [MESSAGE][PASSED] - Object: 'Object Repository/Final Object Repo/Page_MyASSIST - ASSIST - Search Pending Case For Add Supporting Document/Search Reference No' is clicked on

2018-12-13 11:06:19 - [TEST_STEP][PASSED] - delay: Delayed 2 second(s)

2018-12-13 11:06:21 - [MESSAGE][PASSED] - Delayed 2 second(s)

2018-12-13 11:06:21 - [TEST_STEP][PASSED] - click: Object: 'Object Repository/Final Object Repo/Page_MyASSIST - ASSIST - Search Pending Case For Add Supporting Document/Continue' is clicked on

2018-12-13 11:06:24 - [MESSAGE][PASSED] - Object: 'Object Repository/Final Object Repo/Page_MyASSIST - ASSIST - Search Pending Case For Add Supporting Document/Continue' is clicked on

2018-12-13 11:06:24 - [TEST_STEP][PASSED] - delay: Delayed 20 second(s)

2018-12-13 11:06:44 - [MESSAGE][PASSED] - Delayed 20 second(s)

2018-12-13 11:06:44 - [MESSAGE][PASSED] - Call Test Case 'Test Cases/Final Aug 2018 - PKS Automation/Registration Module/Workflow/Login and Search Case For Workflow' successfully

2018-12-13 11:06:44 - [TEST_STEP][PASSED] - click: Object: 'Object Repository/Final Object Repo/Page_Form 1A - Cessation As Employer/Page_Form 1A - Cessation As Employer (Approve)/Save  Continue in Form 1A Page' is clicked on

2018-12-13 11:06:45 - [MESSAGE][PASSED] - Object: 'Object Repository/Final Object Repo/Page_Form 1A - Cessation As Employer/Page_Form 1A - Cessation As Employer (Approve)/Save  Continue in Form 1A Page' is clicked on

2018-12-13 11:06:45 - [TEST_STEP][PASSED] - delay: Delayed 2 second(s)

2018-12-13 11:06:47 - [MESSAGE][PASSED] - Delayed 2 second(s)

2018-12-13 11:06:47 - [TEST_STEP][PASSED] - click: Object: 'Object Repository/Final Object Repo/Page_Form 1A - Cessation As Employer/Employment Resign Date' is clicked on

2018-12-13 11:06:47 - [MESSAGE][PASSED] - Object: 'Object Repository/Final Object Repo/Page_Form 1A - Cessation As Employer/Employment Resign Date' is clicked on

2018-12-13 11:06:47 - [TEST_STEP][PASSED] - delay: Delayed 1 second(s)

2018-12-13 11:06:48 - [MESSAGE][PASSED] - Delayed 1 second(s)

2018-12-13 11:06:48 - [TEST_STEP][PASSED] - selectOptionByValue: All options with value '2030' are selected in object 'Object Repository/Final Object Repo/Page_Form 1A - Cessation As Employer/Employment Resign Date - Year' 

2018-12-13 11:06:48 - [MESSAGE][PASSED] - All options with value '2030' are selected in object 'Object Repository/Final Object Repo/Page_Form 1A - Cessation As Employer/Employment Resign Date - Year' 

2018-12-13 11:06:48 - [TEST_STEP][PASSED] - delay: Delayed 1 second(s)

2018-12-13 11:06:49 - [MESSAGE][PASSED] - Delayed 1 second(s)

2018-12-13 11:06:49 - [TEST_STEP][PASSED] - click: Object: 'Object Repository/Final Object Repo/Page_Form 1A - Cessation As Employer/Employment Resign Date - Year - Date' is clicked on

2018-12-13 11:06:49 - [MESSAGE][PASSED] - Object: 'Object Repository/Final Object Repo/Page_Form 1A - Cessation As Employer/Employment Resign Date - Year - Date' is clicked on

2018-12-13 11:06:49 - [TEST_STEP][PASSED] - delay: Delayed 2 second(s)

2018-12-13 11:06:51 - [MESSAGE][PASSED] - Delayed 2 second(s)

2018-12-13 11:06:51 - [TEST_STEP][PASSED] - click: Object: 'Object Repository/Final Object Repo/Page_Form 1A - Cessation As Employer/Page_Form 1A - Cessation As Employer (Approve)/Save  Continue in Update Add Employee Resigned Date Page' is clicked on

2018-12-13 11:06:52 - [MESSAGE][PASSED] - Object: 'Object Repository/Final Object Repo/Page_Form 1A - Cessation As Employer/Page_Form 1A - Cessation As Employer (Approve)/Save  Continue in Update Add Employee Resigned Date Page' is clicked on

2018-12-13 11:06:52 - [TEST_STEP][PASSED] - delay: Delayed 2 second(s)

2018-12-13 11:06:54 - [MESSAGE][PASSED] - Delayed 2 second(s)

2018-12-13 11:06:54 - [TEST_STEP][PASSED] - click: Object: 'Object Repository/Final Object Repo/Page_Form 1A - Cessation As Employer/Set Latest - Yes' is clicked on

2018-12-13 11:06:54 - [MESSAGE][PASSED] - Object: 'Object Repository/Final Object Repo/Page_Form 1A - Cessation As Employer/Set Latest - Yes' is clicked on

2018-12-13 11:06:54 - [TEST_STEP][PASSED] - delay: Delayed 2 second(s)

2018-12-13 11:06:56 - [MESSAGE][PASSED] - Delayed 2 second(s)

2018-12-13 11:06:56 - [TEST_STEP][PASSED] - click: Object: 'Object Repository/Final Object Repo/Page_Form 1A - Cessation As Employer/Page_Form 1A - Cessation As Employer (Approve)/Save  Contine in Uploading Document Page' is clicked on

2018-12-13 11:06:57 - [MESSAGE][PASSED] - Object: 'Object Repository/Final Object Repo/Page_Form 1A - Cessation As Employer/Page_Form 1A - Cessation As Employer (Approve)/Save  Contine in Uploading Document Page' is clicked on

2018-12-13 11:06:57 - [TEST_STEP][PASSED] - delay: Delayed 2 second(s)

2018-12-13 11:06:59 - [MESSAGE][PASSED] - Delayed 2 second(s)

2018-12-13 11:06:59 - [TEST_STEP][PASSED] - click: Object: 'Object Repository/Final Object Repo/Page_Form 1A - Cessation As Employer/Page_Form 1A - Cessation As Employer (Reject)/Reject' is clicked on

2018-12-13 11:07:02 - [MESSAGE][PASSED] - Object: 'Object Repository/Final Object Repo/Page_Form 1A - Cessation As Employer/Page_Form 1A - Cessation As Employer (Reject)/Reject' is clicked on

2018-12-13 11:07:02 - [TEST_STEP][PASSED] - delay: Delayed 2 second(s)

2018-12-13 11:07:04 - [MESSAGE][PASSED] - Delayed 2 second(s)

2018-12-13 11:07:04 - [TEST_STEP][PASSED] - click: Object: 'Object Repository/Final Object Repo/Page_Form 1A - Cessation As Employer/Page_Form 1A - Cessation As Employer (Reject)/Confirm' is clicked on

2018-12-13 11:07:04 - [MESSAGE][PASSED] - Object: 'Object Repository/Final Object Repo/Page_Form 1A - Cessation As Employer/Page_Form 1A - Cessation As Employer (Reject)/Confirm' is clicked on

2018-12-13 11:07:04 - [TEST_STEP][PASSED] - delay: Delayed 2 second(s)

2018-12-13 11:07:06 - [MESSAGE][PASSED] - Delayed 2 second(s)

2018-12-13 11:07:06 - [TEST_STEP][PASSED] - verifyElementVisible: Object 'Object Repository/Final Object Repo/Page_Form 1A - Cessation As Employer/Page_Form 1A - Cessation As Employer (Reject)/Message This Case has been Rejected' is visible

2018-12-13 11:07:09 - [MESSAGE][PASSED] - Object 'Object Repository/Final Object Repo/Page_Form 1A - Cessation As Employer/Page_Form 1A - Cessation As Employer (Reject)/Message This Case has been Rejected' is visible

2018-12-13 11:07:09 - [TEST_STEP][PASSED] - delay: Delayed 1 second(s)

2018-12-13 11:07:10 - [MESSAGE][PASSED] - Delayed 1 second(s)

2018-12-13 11:07:10 - [TEST_STEP][PASSED] - verifyElementVisible: Object 'Object Repository/Final Object Repo/Page_Form 1A - Cessation As Employer/Page_Form 1A - Cessation As Employer (Reject)/Letter of update rejection' is visible

2018-12-13 11:07:10 - [MESSAGE][PASSED] - Object 'Object Repository/Final Object Repo/Page_Form 1A - Cessation As Employer/Page_Form 1A - Cessation As Employer (Reject)/Letter of update rejection' is visible

2018-12-13 11:07:10 - [MESSAGE][PASSED] - Call Test Case 'Test Cases/Final Aug 2018 - PKS Automation/Registration Module/Workflow/Form 1A - Cessation As Employer/Template/Form 1 A - Cessation As Employer (Reject)' successfully]]></system-out>
         <system-err><![CDATA[]]></system-err>
      </testcase>
      <testcase name="Test Cases/Final Aug 2018 - PKS Automation/Registration Module/Workflow/Form 1A - Cessation As Employer/Employer to UO (Under enforcement)" classname="Test Cases/Final Aug 2018 - PKS Automation/Registration Module/Workflow/Form 1A - Cessation As Employer/Employer to UO (Under enforcement)" status="PASSED">
         <system-out><![CDATA[2018-12-13 11:07:10 - [TEST_CASE][PASSED] - Test Cases/Final Aug 2018 - PKS Automation/Registration Module/Workflow/Form 1A - Cessation As Employer/Employer to UO (Under enforcement): Test Cases/Final Aug 2018 - PKS Automation/Registration Module/Workflow/Form 1A - Cessation As Employer/Employer to UO (Under enforcement)

2018-12-13 11:07:11 - [TEST_STEP][PASSED] - callTestCase: Call Test Case 'Test Cases/Final Aug 2018 - PKS Automation/Registration Module/Workflow/Form 1A - Cessation As Employer/Template/Form 1 A - Cessation As Employer (OTC)' successfully

2018-12-13 11:07:11 - [TEST_CASE][PASSED] - Test Cases/Final Aug 2018 - PKS Automation/Registration Module/Workflow/Form 1A - Cessation As Employer/Template/Form 1 A - Cessation As Employer (OTC): Test Cases/Final Aug 2018 - PKS Automation/Registration Module/Workflow/Form 1A - Cessation As Employer/Template/Form 1 A - Cessation As Employer (OTC)

2018-12-13 11:07:11 - [TEST_STEP][PASSED] - openBrowser: Browser is opened with url: ''

2018-12-13 11:07:11 - [MESSAGE][WARNING] - A browser is already opened. Closing browser and opening a new one

2018-12-13 11:07:14 - [MESSAGE][PASSED] - Browser is opened with url: ''

2018-12-13 11:07:14 - [TEST_STEP][PASSED] - navigateToUrl: Navigate to 'https://assist2-uat.perkeso.gov.my/login' successfully

2018-12-13 11:07:15 - [MESSAGE][PASSED] - Navigate to 'https://assist2-uat.perkeso.gov.my/login' successfully

2018-12-13 11:07:15 - [TEST_STEP][PASSED] - setText: Text 'johorotc1@gmail.com' is set on object 'Object Repository/Final Object Repo/Login Page/Internal User/Email Address'

2018-12-13 11:07:15 - [MESSAGE][PASSED] - Text 'johorotc1@gmail.com' is set on object 'Object Repository/Final Object Repo/Login Page/Internal User/Email Address'

2018-12-13 11:07:15 - [TEST_STEP][PASSED] - click: Object: 'Object Repository/Final Object Repo/Login Page/Internal User/Next Button' is clicked on

2018-12-13 11:07:15 - [MESSAGE][PASSED] - Object: 'Object Repository/Final Object Repo/Login Page/Internal User/Next Button' is clicked on

2018-12-13 11:07:15 - [TEST_STEP][PASSED] - delay: Delayed 1 second(s)

2018-12-13 11:07:16 - [MESSAGE][PASSED] - Delayed 1 second(s)

2018-12-13 11:07:16 - [TEST_STEP][PASSED] - setEncryptedText: Text ****** has been set on object 'Object Repository/Final Object Repo/Login Page/Internal User/Password'

2018-12-13 11:07:16 - [MESSAGE][PASSED] - Text ****** has been set on object 'Object Repository/Final Object Repo/Login Page/Internal User/Password'

2018-12-13 11:07:16 - [TEST_STEP][PASSED] - click: Object: 'Object Repository/Final Object Repo/Login Page/Internal User/Login Button' is clicked on

2018-12-13 11:07:17 - [MESSAGE][PASSED] - Object: 'Object Repository/Final Object Repo/Login Page/Internal User/Login Button' is clicked on

2018-12-13 11:07:17 - [TEST_STEP][PASSED] - delay: Delayed 1 second(s)

2018-12-13 11:07:18 - [MESSAGE][PASSED] - Delayed 1 second(s)

2018-12-13 11:07:18 - [TEST_STEP][PASSED] - Statement - Try: Delayed 2 second(s)

2018-12-13 11:07:18 - [TEST_STEP][PASSED] - Statement - Checker = false: null

2018-12-13 11:07:18 - [TEST_STEP][PASSED] - Statement - Checker = com.kms.katalon.core.webui.keyword.WebUiBuiltInKeywords.verifyElementHasAttribute(com.kms.katalon.core.testobject.ObjectRepository.findTestObject(Final Object Repo/Landing Page/BM Detecting), "href", 20, OPTIONAL): Object 'Object Repository/Final Object Repo/Landing Page/BM Detecting' has attribute 'href'

2018-12-13 11:07:19 - [MESSAGE][PASSED] - Object 'Object Repository/Final Object Repo/Landing Page/BM Detecting' has attribute 'href'

2018-12-13 11:07:19 - [TEST_STEP][PASSED] - Statement - out.println(Checker): null

2018-12-13 11:07:19 - [TEST_STEP][PASSED] - Statement - If (Checker == false): null

2018-12-13 11:07:19 - [TEST_STEP][PASSED] - Statement - Else: null

2018-12-13 11:07:19 - [TEST_STEP][PASSED] - delay: Delayed 2 second(s)

2018-12-13 11:07:21 - [MESSAGE][PASSED] - Delayed 2 second(s)

2018-12-13 11:07:21 - [TEST_STEP][PASSED] - navigateToUrl: Navigate to 'https://assist2-uat.perkeso.gov.my/web/registration/update/form-1a-cessation-as-employer-discontinue-business-' successfully

2018-12-13 11:07:22 - [MESSAGE][PASSED] - Navigate to 'https://assist2-uat.perkeso.gov.my/web/registration/update/form-1a-cessation-as-employer-discontinue-business-' successfully

2018-12-13 11:07:22 - [TEST_STEP][PASSED] - setText: Text 'E1102069770Z' is set on object 'Object Repository/Final Object Repo/Page_Update Employer Information/Employer Code'

2018-12-13 11:07:22 - [MESSAGE][PASSED] - Text 'E1102069770Z' is set on object 'Object Repository/Final Object Repo/Page_Update Employer Information/Employer Code'

2018-12-13 11:07:22 - [TEST_STEP][PASSED] - click: Object: 'Object Repository/Final Object Repo/Page_Update Employer Information/Search Button' is clicked on

2018-12-13 11:07:22 - [MESSAGE][PASSED] - Object: 'Object Repository/Final Object Repo/Page_Update Employer Information/Search Button' is clicked on

2018-12-13 11:07:22 - [TEST_STEP][PASSED] - click: Object: 'Object Repository/Final Object Repo/Page_Update Employer Information/Edit Button' is clicked on

2018-12-13 11:07:25 - [MESSAGE][PASSED] - Object: 'Object Repository/Final Object Repo/Page_Update Employer Information/Edit Button' is clicked on

2018-12-13 11:07:25 - [TEST_STEP][PASSED] - Statement - abc = com.kms.katalon.core.webui.keyword.WebUiBuiltInKeywords.getAttribute(com.kms.katalon.core.testobject.ObjectRepository.findTestObject(Final Object Repo/Page_Form 1A - Cessation As Employer/Employer Status), "value"): Attribute 'value' of object 'Object Repository/Final Object Repo/Page_Form 1A - Cessation As Employer/Employer Status' is: 'Dormant'

2018-12-13 11:07:25 - [MESSAGE][PASSED] - Attribute 'value' of object 'Object Repository/Final Object Repo/Page_Form 1A - Cessation As Employer/Employer Status' is: 'Dormant'

2018-12-13 11:07:25 - [TEST_STEP][PASSED] - Statement - out.println(abc): null

2018-12-13 11:07:25 - [TEST_STEP][PASSED] - Statement - If (abc == "Active"): null

2018-12-13 11:07:25 - [TEST_STEP][PASSED] - Statement - Else If (abc == "Cancel"): null

2018-12-13 11:07:25 - [TEST_STEP][PASSED] - Statement - Else If (abc == "Dormant"): Object: 'Object Repository/Final Object Repo/Page_Form 1A - Cessation As Employer/Change Employer Status to - Dormant' is clicked on

2018-12-13 11:07:25 - [TEST_STEP][PASSED] - click: Object: 'Object Repository/Final Object Repo/Page_Form 1A - Cessation As Employer/Change Employer Status to' is clicked on

2018-12-13 11:07:25 - [MESSAGE][PASSED] - Object: 'Object Repository/Final Object Repo/Page_Form 1A - Cessation As Employer/Change Employer Status to' is clicked on

2018-12-13 11:07:25 - [TEST_STEP][PASSED] - click: Object: 'Object Repository/Final Object Repo/Page_Form 1A - Cessation As Employer/Change Employer Status to - Dormant' is clicked on

2018-12-13 11:07:25 - [MESSAGE][PASSED] - Object: 'Object Repository/Final Object Repo/Page_Form 1A - Cessation As Employer/Change Employer Status to - Dormant' is clicked on

2018-12-13 11:07:25 - [TEST_STEP][PASSED] - click: Object: 'Object Repository/Final Object Repo/Page_Form 1A - Cessation As Employer/Calender' is clicked on

2018-12-13 11:07:26 - [MESSAGE][PASSED] - Object: 'Object Repository/Final Object Repo/Page_Form 1A - Cessation As Employer/Calender' is clicked on

2018-12-13 11:07:26 - [TEST_STEP][PASSED] - click: Object: 'Object Repository/Final Object Repo/Page_Form 1A - Cessation As Employer/Calender - Date' is clicked on

2018-12-13 11:07:26 - [MESSAGE][PASSED] - Object: 'Object Repository/Final Object Repo/Page_Form 1A - Cessation As Employer/Calender - Date' is clicked on

2018-12-13 11:07:26 - [TEST_STEP][PASSED] - delay: Delayed 2 second(s)

2018-12-13 11:07:28 - [MESSAGE][PASSED] - Delayed 2 second(s)

2018-12-13 11:07:28 - [TEST_STEP][PASSED] - click: Object: 'Object Repository/Final Object Repo/Page_Form 1A - Cessation As Employer/Save  Continue in Form 1A Page' is clicked on

2018-12-13 11:07:28 - [MESSAGE][PASSED] - Object: 'Object Repository/Final Object Repo/Page_Form 1A - Cessation As Employer/Save  Continue in Form 1A Page' is clicked on

2018-12-13 11:07:28 - [TEST_STEP][PASSED] - delay: Delayed 2 second(s)

2018-12-13 11:07:30 - [MESSAGE][PASSED] - Delayed 2 second(s)

2018-12-13 11:07:30 - [TEST_STEP][PASSED] - click: Object: 'Object Repository/Final Object Repo/Page_Form 1A - Cessation As Employer/Employment Resign Date' is clicked on

2018-12-13 11:07:30 - [MESSAGE][PASSED] - Object: 'Object Repository/Final Object Repo/Page_Form 1A - Cessation As Employer/Employment Resign Date' is clicked on

2018-12-13 11:07:30 - [TEST_STEP][PASSED] - delay: Delayed 1 second(s)

2018-12-13 11:07:31 - [MESSAGE][PASSED] - Delayed 1 second(s)

2018-12-13 11:07:31 - [TEST_STEP][PASSED] - Statement - CaseReferenceNo = com.kms.katalon.core.webui.keyword.WebUiBuiltInKeywords.getText(com.kms.katalon.core.testobject.ObjectRepository.findTestObject(Final Object Repo/Page_Update Employer Information/Reference Number in Update Employee Information Page)): Text of object 'Object Repository/Final Object Repo/Page_Update Employer Information/Reference Number in Update Employee Information Page' is: 'CUN122018C200001725'

2018-12-13 11:07:31 - [MESSAGE][PASSED] - Text of object 'Object Repository/Final Object Repo/Page_Update Employer Information/Reference Number in Update Employee Information Page' is: 'CUN122018C200001725'

2018-12-13 11:07:31 - [TEST_STEP][PASSED] - callTestCase: Call Test Case 'Test Cases/Final Aug 2018 - PKS Automation/Common/Reference Number Setter' successfully

2018-12-13 11:07:31 - [TEST_CASE][PASSED] - Test Cases/Final Aug 2018 - PKS Automation/Common/Reference Number Setter: Test Cases/Final Aug 2018 - PKS Automation/Common/Reference Number Setter

2018-12-13 11:07:31 - [TEST_STEP][PASSED] - Statement - RefNoOldFile = new java.io.File(C://Users//Admin//Desktop//PKS//Automation Reference Point//KatalonReference.txt): null

2018-12-13 11:07:31 - [TEST_STEP][PASSED] - Statement - RefNoOldFile.delete(): null

2018-12-13 11:07:31 - [TEST_STEP][PASSED] - delay: Delayed 5 second(s)

2018-12-13 11:07:36 - [MESSAGE][PASSED] - Delayed 5 second(s)

2018-12-13 11:07:36 - [TEST_STEP][PASSED] - Statement - RefNo = new java.io.File(C://Users//Admin//Desktop//PKS//Automation Reference Point//KatalonReference.txt): null

2018-12-13 11:07:36 - [TEST_STEP][PASSED] - Statement - f2 = new java.io.FileWriter(RefNo, false): null

2018-12-13 11:07:36 - [TEST_STEP][PASSED] - Statement - f2.write(CaseReferenceNo): null

2018-12-13 11:07:36 - [TEST_STEP][PASSED] - Statement - f2.close(): null

2018-12-13 11:07:36 - [TEST_STEP][PASSED] - Statement - out.println("


" + CaseReferenceNo + "


"): null

2018-12-13 11:07:36 - [MESSAGE][PASSED] - Call Test Case 'Test Cases/Final Aug 2018 - PKS Automation/Common/Reference Number Setter' successfully

2018-12-13 11:07:36 - [TEST_STEP][PASSED] - selectOptionByValue: All options with value '2030' are selected in object 'Object Repository/Final Object Repo/Page_Form 1A - Cessation As Employer/Employment Resign Date - Year' 

2018-12-13 11:07:37 - [MESSAGE][PASSED] - All options with value '2030' are selected in object 'Object Repository/Final Object Repo/Page_Form 1A - Cessation As Employer/Employment Resign Date - Year' 

2018-12-13 11:07:37 - [TEST_STEP][PASSED] - delay: Delayed 1 second(s)

2018-12-13 11:07:38 - [MESSAGE][PASSED] - Delayed 1 second(s)

2018-12-13 11:07:38 - [TEST_STEP][PASSED] - click: Object: 'Object Repository/Final Object Repo/Page_Form 1A - Cessation As Employer/Employment Resign Date - Year - Date' is clicked on

2018-12-13 11:07:38 - [MESSAGE][PASSED] - Object: 'Object Repository/Final Object Repo/Page_Form 1A - Cessation As Employer/Employment Resign Date - Year - Date' is clicked on

2018-12-13 11:07:38 - [TEST_STEP][PASSED] - delay: Delayed 2 second(s)

2018-12-13 11:07:40 - [MESSAGE][PASSED] - Delayed 2 second(s)

2018-12-13 11:07:40 - [TEST_STEP][PASSED] - click: Object: 'Object Repository/Final Object Repo/Page_Form 1A - Cessation As Employer/Save  Continue in Update Add Employee Resigned Date Page' is clicked on

2018-12-13 11:07:40 - [MESSAGE][PASSED] - Object: 'Object Repository/Final Object Repo/Page_Form 1A - Cessation As Employer/Save  Continue in Update Add Employee Resigned Date Page' is clicked on

2018-12-13 11:07:40 - [TEST_STEP][PASSED] - delay: Delayed 2 second(s)

2018-12-13 11:07:42 - [MESSAGE][PASSED] - Delayed 2 second(s)

2018-12-13 11:07:42 - [TEST_STEP][PASSED] - click: Object: 'Object Repository/Final Object Repo/Page_Form 1A - Cessation As Employer/Set Latest - Yes' is clicked on

2018-12-13 11:07:42 - [MESSAGE][PASSED] - Object: 'Object Repository/Final Object Repo/Page_Form 1A - Cessation As Employer/Set Latest - Yes' is clicked on

2018-12-13 11:07:42 - [TEST_STEP][PASSED] - delay: Delayed 2 second(s)

2018-12-13 11:07:44 - [MESSAGE][PASSED] - Delayed 2 second(s)

2018-12-13 11:07:44 - [TEST_STEP][PASSED] - click: Object: 'Object Repository/Final Object Repo/Page_Form 1A - Cessation As Employer/Add Document' is clicked on

2018-12-13 11:07:45 - [MESSAGE][PASSED] - Object: 'Object Repository/Final Object Repo/Page_Form 1A - Cessation As Employer/Add Document' is clicked on

2018-12-13 11:07:45 - [TEST_STEP][PASSED] - delay: Delayed 2 second(s)

2018-12-13 11:07:47 - [MESSAGE][PASSED] - Delayed 2 second(s)

2018-12-13 11:07:47 - [TEST_STEP][PASSED] - click: Object: 'Object Repository/Final Object Repo/Page_Form 1A - Cessation As Employer/Document Type' is clicked on

2018-12-13 11:07:48 - [MESSAGE][PASSED] - Object: 'Object Repository/Final Object Repo/Page_Form 1A - Cessation As Employer/Document Type' is clicked on

2018-12-13 11:07:48 - [TEST_STEP][PASSED] - delay: Delayed 2 second(s)

2018-12-13 11:07:50 - [MESSAGE][PASSED] - Delayed 2 second(s)

2018-12-13 11:07:50 - [TEST_STEP][PASSED] - click: Object: 'Object Repository/Final Object Repo/Page_Form 1A - Cessation As Employer/Document Type - Supporting Document For Cessation' is clicked on

2018-12-13 11:07:50 - [MESSAGE][PASSED] - Object: 'Object Repository/Final Object Repo/Page_Form 1A - Cessation As Employer/Document Type - Supporting Document For Cessation' is clicked on

2018-12-13 11:07:50 - [TEST_STEP][PASSED] - delay: Delayed 2 second(s)

2018-12-13 11:07:52 - [MESSAGE][PASSED] - Delayed 2 second(s)

2018-12-13 11:07:52 - [TEST_STEP][PASSED] - sendKeys: Keys 'C:\Users\Public\Pictures\Sample Pictures\Koala.jpg' sent to object: 'Object Repository/Final Object Repo/Page_Form 1A - Cessation As Employer/Uploading File'

2018-12-13 11:07:53 - [MESSAGE][PASSED] - Keys 'C:\Users\Public\Pictures\Sample Pictures\Koala.jpg' sent to object: 'Object Repository/Final Object Repo/Page_Form 1A - Cessation As Employer/Uploading File'

2018-12-13 11:07:53 - [TEST_STEP][PASSED] - delay: Delayed 2 second(s)

2018-12-13 11:07:55 - [MESSAGE][PASSED] - Delayed 2 second(s)

2018-12-13 11:07:55 - [TEST_STEP][PASSED] - click: Object: 'Object Repository/Final Object Repo/Page_Form 1A - Cessation As Employer/Add Document in Uploading Page' is clicked on

2018-12-13 11:07:55 - [MESSAGE][PASSED] - Object: 'Object Repository/Final Object Repo/Page_Form 1A - Cessation As Employer/Add Document in Uploading Page' is clicked on

2018-12-13 11:07:55 - [TEST_STEP][PASSED] - delay: Delayed 20 second(s)

2018-12-13 11:08:15 - [MESSAGE][PASSED] - Delayed 20 second(s)

2018-12-13 11:08:15 - [TEST_STEP][PASSED] - click: Object: 'Object Repository/Final Object Repo/Page_Form 1A - Cessation As Employer/Save  Continue in Uploading Page' is clicked on

2018-12-13 11:08:15 - [MESSAGE][PASSED] - Object: 'Object Repository/Final Object Repo/Page_Form 1A - Cessation As Employer/Save  Continue in Uploading Page' is clicked on

2018-12-13 11:08:15 - [TEST_STEP][PASSED] - delay: Delayed 2 second(s)

2018-12-13 11:08:17 - [MESSAGE][PASSED] - Delayed 2 second(s)

2018-12-13 11:08:17 - [TEST_STEP][PASSED] - click: Object: 'Object Repository/Final Object Repo/Page_Form 1A - Cessation As Employer/Submit2' is clicked on

2018-12-13 11:08:20 - [MESSAGE][PASSED] - Object: 'Object Repository/Final Object Repo/Page_Form 1A - Cessation As Employer/Submit2' is clicked on

2018-12-13 11:08:20 - [TEST_STEP][PASSED] - delay: Delayed 2 second(s)

2018-12-13 11:08:22 - [MESSAGE][PASSED] - Delayed 2 second(s)

2018-12-13 11:08:22 - [TEST_STEP][PASSED] - click: Object: 'Object Repository/Final Object Repo/Page_Form 1A - Cessation As Employer/Confirm' is clicked on

2018-12-13 11:08:22 - [MESSAGE][PASSED] - Object: 'Object Repository/Final Object Repo/Page_Form 1A - Cessation As Employer/Confirm' is clicked on

2018-12-13 11:08:22 - [TEST_STEP][PASSED] - delay: Delayed 2 second(s)

2018-12-13 11:08:24 - [MESSAGE][PASSED] - Delayed 2 second(s)

2018-12-13 11:08:24 - [TEST_STEP][PASSED] - verifyElementVisible: Object 'Object Repository/Final Object Repo/Page_Form 1A - Cessation As Employer/Message Your Request will be routed to UO' is visible

2018-12-13 11:08:27 - [MESSAGE][PASSED] - Object 'Object Repository/Final Object Repo/Page_Form 1A - Cessation As Employer/Message Your Request will be routed to UO' is visible

2018-12-13 11:08:27 - [TEST_STEP][PASSED] - delay: Delayed 1 second(s)

2018-12-13 11:08:28 - [MESSAGE][PASSED] - Delayed 1 second(s)

2018-12-13 11:08:28 - [TEST_STEP][PASSED] - verifyElementVisible: Object 'Object Repository/Final Object Repo/Page_Form 1A - Cessation As Employer/Letter of acknowledgement' is visible

2018-12-13 11:08:29 - [MESSAGE][PASSED] - Object 'Object Repository/Final Object Repo/Page_Form 1A - Cessation As Employer/Letter of acknowledgement' is visible

2018-12-13 11:08:29 - [MESSAGE][PASSED] - Call Test Case 'Test Cases/Final Aug 2018 - PKS Automation/Registration Module/Workflow/Form 1A - Cessation As Employer/Template/Form 1 A - Cessation As Employer (OTC)' successfully

2018-12-13 11:08:29 - [TEST_STEP][PASSED] - callTestCase: Call Test Case 'Test Cases/Final Aug 2018 - PKS Automation/Registration Module/Workflow/Form 1A - Cessation As Employer/Template/Form 1 A - Cessation As Employer (Under enforcement)' successfully

2018-12-13 11:08:29 - [TEST_CASE][PASSED] - Test Cases/Final Aug 2018 - PKS Automation/Registration Module/Workflow/Form 1A - Cessation As Employer/Template/Form 1 A - Cessation As Employer (Under enforcement): Test Cases/Final Aug 2018 - PKS Automation/Registration Module/Workflow/Form 1A - Cessation As Employer/Template/Form 1 A - Cessation As Employer (Under enforcement)

2018-12-13 11:08:29 - [TEST_STEP][NOT_RUN] - callTestCase: NOT_RUN: callTestCase

2018-12-13 11:08:29 - [MESSAGE][NOT_RUN] - NOT_RUN: callTestCase

2018-12-13 11:08:29 - [TEST_STEP][PASSED] - delay: Delayed 1 second(s)

2018-12-13 11:08:30 - [MESSAGE][PASSED] - Delayed 1 second(s)

2018-12-13 11:08:30 - [TEST_STEP][PASSED] - navigateToUrl: Navigate to 'https://assist2-uat.perkeso.gov.my/c/portal/logout' successfully

2018-12-13 11:08:31 - [MESSAGE][PASSED] - Navigate to 'https://assist2-uat.perkeso.gov.my/c/portal/logout' successfully

2018-12-13 11:08:31 - [TEST_STEP][PASSED] - delay: Delayed 1 second(s)

2018-12-13 11:08:32 - [MESSAGE][PASSED] - Delayed 1 second(s)

2018-12-13 11:08:32 - [TEST_STEP][PASSED] - callTestCase: Call Test Case 'Test Cases/Final Aug 2018 - PKS Automation/Common/Reference Number Getter' successfully

2018-12-13 11:08:32 - [TEST_CASE][PASSED] - Test Cases/Final Aug 2018 - PKS Automation/Common/Reference Number Getter: Test Cases/Final Aug 2018 - PKS Automation/Common/Reference Number Getter

2018-12-13 11:08:32 - [TEST_STEP][PASSED] - Statement - Try: null

2018-12-13 11:08:32 - [TEST_STEP][PASSED] - Statement - RefNo = new java.io.File(C://Users//Admin//Desktop//PKS//Automation Reference Point//KatalonReference.txt): null

2018-12-13 11:08:32 - [TEST_STEP][PASSED] - Statement - bufferread = new java.io.BufferedReader(new java.io.FileReader(RefNo)): null

2018-12-13 11:08:32 - [TEST_STEP][PASSED] - Statement - readedVal = bufferread.readLine(): null

2018-12-13 11:08:32 - [TEST_STEP][PASSED] - Statement - out.println(CaseReferenceNo): null

2018-12-13 11:08:32 - [TEST_STEP][PASSED] - Statement - out.println(readedVal): null

2018-12-13 11:08:32 - [TEST_STEP][PASSED] - Statement - CaseReferenceNo = "": null

2018-12-13 11:08:32 - [TEST_STEP][PASSED] - Statement - CaseReferenceNo = readedVal: null

2018-12-13 11:08:32 - [MESSAGE][PASSED] - Call Test Case 'Test Cases/Final Aug 2018 - PKS Automation/Common/Reference Number Getter' successfully

2018-12-13 11:08:32 - [TEST_STEP][PASSED] - callTestCase: Call Test Case 'Test Cases/Final Aug 2018 - PKS Automation/Common/Workflow Owner Finder' successfully

2018-12-13 11:08:32 - [TEST_CASE][PASSED] - Test Cases/Final Aug 2018 - PKS Automation/Common/Workflow Owner Finder: Test Cases/Final Aug 2018 - PKS Automation/Common/Workflow Owner Finder

2018-12-13 11:08:32 - [TEST_STEP][PASSED] - openBrowser: Browser is opened with url: ''

2018-12-13 11:08:32 - [MESSAGE][WARNING] - A browser is already opened. Closing browser and opening a new one

2018-12-13 11:08:35 - [MESSAGE][PASSED] - Browser is opened with url: ''

2018-12-13 11:08:35 - [TEST_STEP][PASSED] - navigateToUrl: Navigate to 'https://assist2-uat.perkeso.gov.my/login' successfully

2018-12-13 11:08:36 - [MESSAGE][PASSED] - Navigate to 'https://assist2-uat.perkeso.gov.my/login' successfully

2018-12-13 11:08:36 - [TEST_STEP][PASSED] - delay: Delayed 5 second(s)

2018-12-13 11:08:41 - [MESSAGE][PASSED] - Delayed 5 second(s)

2018-12-13 11:08:41 - [TEST_STEP][PASSED] - setText: Text 'test@liferay.com' is set on object 'Object Repository/Final Object Repo/Login Page/Internal User/Email Address'

2018-12-13 11:08:41 - [MESSAGE][PASSED] - Text 'test@liferay.com' is set on object 'Object Repository/Final Object Repo/Login Page/Internal User/Email Address'

2018-12-13 11:08:41 - [TEST_STEP][PASSED] - click: Object: 'Object Repository/Final Object Repo/Login Page/Internal User/Next Button' is clicked on

2018-12-13 11:08:41 - [MESSAGE][PASSED] - Object: 'Object Repository/Final Object Repo/Login Page/Internal User/Next Button' is clicked on

2018-12-13 11:08:41 - [TEST_STEP][PASSED] - delay: Delayed 2 second(s)

2018-12-13 11:08:43 - [MESSAGE][PASSED] - Delayed 2 second(s)

2018-12-13 11:08:43 - [TEST_STEP][PASSED] - setText: Text 'test' is set on object 'Object Repository/Final Object Repo/Login Page/Internal User/Password'

2018-12-13 11:08:43 - [MESSAGE][PASSED] - Text 'test' is set on object 'Object Repository/Final Object Repo/Login Page/Internal User/Password'

2018-12-13 11:08:43 - [TEST_STEP][PASSED] - delay: Delayed 2 second(s)

2018-12-13 11:08:45 - [MESSAGE][PASSED] - Delayed 2 second(s)

2018-12-13 11:08:45 - [TEST_STEP][PASSED] - click: Object: 'Object Repository/Final Object Repo/Login Page/Internal User/Login Button' is clicked on

2018-12-13 11:08:46 - [MESSAGE][PASSED] - Object: 'Object Repository/Final Object Repo/Login Page/Internal User/Login Button' is clicked on

2018-12-13 11:08:46 - [TEST_STEP][PASSED] - Statement - tester = com.kms.katalon.core.testobject.ObjectRepository.findTestObject(Final Object Repo/Landing Page/Select to English): Finding Test Object with id 'Object Repository/Final Object Repo/Landing Page/Select to English'

2018-12-13 11:08:46 - [TEST_STEP][PASSED] - Statement - Try: Delayed 2 second(s)

2018-12-13 11:08:46 - [TEST_STEP][PASSED] - Statement - Checker = com.kms.katalon.core.webui.keyword.WebUiBuiltInKeywords.verifyElementNotPresent(tester, 3): Web element with id: 'Object Repository/Final Object Repo/Landing Page/Select to English' located by 'By.xpath: //a[@class = 'taglib-language-list-text' and @lang = 'en-US' and (contains(text(), 'EN') or contains(., 'EN'))]' is not present after '3' second(s)

2018-12-13 11:08:48 - [MESSAGE][PASSED] - Web element with id: 'Object Repository/Final Object Repo/Landing Page/Select to English' located by 'By.xpath: //a[@class = 'taglib-language-list-text' and @lang = 'en-US' and (contains(text(), 'EN') or contains(., 'EN'))]' is not present after '3' second(s)

2018-12-13 11:08:48 - [TEST_STEP][PASSED] - Statement - If (Checker == false): null

2018-12-13 11:08:48 - [TEST_STEP][PASSED] - delay: Delayed 2 second(s)

2018-12-13 11:08:50 - [MESSAGE][PASSED] - Delayed 2 second(s)

2018-12-13 11:08:50 - [TEST_STEP][PASSED] - delay: Delayed 5 second(s)

2018-12-13 11:08:55 - [MESSAGE][PASSED] - Delayed 5 second(s)

2018-12-13 11:08:55 - [TEST_STEP][PASSED] - mouseOver: Object: 'Object Repository/Final Object Repo/Landing Page/WorkFlow Menu' is hovered

2018-12-13 11:08:55 - [MESSAGE][PASSED] - Object: 'Object Repository/Final Object Repo/Landing Page/WorkFlow Menu' is hovered

2018-12-13 11:08:55 - [TEST_STEP][PASSED] - delay: Delayed 2 second(s)

2018-12-13 11:08:57 - [MESSAGE][PASSED] - Delayed 2 second(s)

2018-12-13 11:08:57 - [TEST_STEP][PASSED] - click: Object: 'Object Repository/Final Object Repo/Landing Page/Select to Workflow Listing' is clicked on

2018-12-13 11:08:58 - [MESSAGE][PASSED] - Object: 'Object Repository/Final Object Repo/Landing Page/Select to Workflow Listing' is clicked on

2018-12-13 11:08:58 - [TEST_STEP][PASSED] - delay: Delayed 2 second(s)

2018-12-13 11:09:00 - [MESSAGE][PASSED] - Delayed 2 second(s)

2018-12-13 11:09:00 - [TEST_STEP][PASSED] - click: Object: 'Object Repository/Final Object Repo/WorkFlow Listing Page/Search Information - To Put Ref No' is clicked on

2018-12-13 11:09:00 - [MESSAGE][PASSED] - Object: 'Object Repository/Final Object Repo/WorkFlow Listing Page/Search Information - To Put Ref No' is clicked on

2018-12-13 11:09:00 - [TEST_STEP][PASSED] - delay: Delayed 2 second(s)

2018-12-13 11:09:02 - [MESSAGE][PASSED] - Delayed 2 second(s)

2018-12-13 11:09:02 - [TEST_STEP][PASSED] - callTestCase: Call Test Case 'Test Cases/Final Aug 2018 - PKS Automation/Common/Reference Number Getter' successfully

2018-12-13 11:09:02 - [TEST_CASE][PASSED] - Test Cases/Final Aug 2018 - PKS Automation/Common/Reference Number Getter: Test Cases/Final Aug 2018 - PKS Automation/Common/Reference Number Getter

2018-12-13 11:09:02 - [TEST_STEP][PASSED] - Statement - Try: null

2018-12-13 11:09:02 - [TEST_STEP][PASSED] - Statement - RefNo = new java.io.File(C://Users//Admin//Desktop//PKS//Automation Reference Point//KatalonReference.txt): null

2018-12-13 11:09:02 - [TEST_STEP][PASSED] - Statement - bufferread = new java.io.BufferedReader(new java.io.FileReader(RefNo)): null

2018-12-13 11:09:02 - [TEST_STEP][PASSED] - Statement - readedVal = bufferread.readLine(): null

2018-12-13 11:09:02 - [TEST_STEP][PASSED] - Statement - out.println(CaseReferenceNo): null

2018-12-13 11:09:02 - [TEST_STEP][PASSED] - Statement - out.println(readedVal): null

2018-12-13 11:09:02 - [TEST_STEP][PASSED] - Statement - CaseReferenceNo = "": null

2018-12-13 11:09:02 - [TEST_STEP][PASSED] - Statement - CaseReferenceNo = readedVal: null

2018-12-13 11:09:02 - [MESSAGE][PASSED] - Call Test Case 'Test Cases/Final Aug 2018 - PKS Automation/Common/Reference Number Getter' successfully

2018-12-13 11:09:02 - [TEST_STEP][PASSED] - setText: Text 'CUN122018C200001725' is set on object 'Object Repository/Final Object Repo/WorkFlow Listing Page/Ref No Set Text'

2018-12-13 11:09:02 - [MESSAGE][PASSED] - Text 'CUN122018C200001725' is set on object 'Object Repository/Final Object Repo/WorkFlow Listing Page/Ref No Set Text'

2018-12-13 11:09:02 - [TEST_STEP][PASSED] - delay: Delayed 2 second(s)

2018-12-13 11:09:04 - [MESSAGE][PASSED] - Delayed 2 second(s)

2018-12-13 11:09:04 - [TEST_STEP][PASSED] - click: Object: 'Object Repository/Final Object Repo/WorkFlow Listing Page/Search Ref No Search Button' is clicked on

2018-12-13 11:09:05 - [MESSAGE][PASSED] - Object: 'Object Repository/Final Object Repo/WorkFlow Listing Page/Search Ref No Search Button' is clicked on

2018-12-13 11:09:05 - [TEST_STEP][PASSED] - delay: Delayed 6 second(s)

2018-12-13 11:09:11 - [MESSAGE][PASSED] - Delayed 6 second(s)

2018-12-13 11:09:11 - [TEST_STEP][PASSED] - click: Object: 'Object Repository/Final Object Repo/WorkFlow Listing Page/Click Continue Tooltip' is clicked on

2018-12-13 11:09:13 - [MESSAGE][PASSED] - Object: 'Object Repository/Final Object Repo/WorkFlow Listing Page/Click Continue Tooltip' is clicked on

2018-12-13 11:09:13 - [TEST_STEP][PASSED] - delay: Delayed 5 second(s)

2018-12-13 11:09:18 - [MESSAGE][PASSED] - Delayed 5 second(s)

2018-12-13 11:09:18 - [TEST_STEP][PASSED] - doubleClick: Object: 'Object Repository/Final Object Repo/WorkFlow Listing Page/Workflow Found - Listing 1' is double clicked on

2018-12-13 11:09:18 - [MESSAGE][PASSED] - Object: 'Object Repository/Final Object Repo/WorkFlow Listing Page/Workflow Found - Listing 1' is double clicked on

2018-12-13 11:09:18 - [TEST_STEP][PASSED] - Statement - println(OwnerID): null

2018-12-13 11:09:18 - [TEST_STEP][PASSED] - Statement - OwnerID = com.kms.katalon.core.webui.keyword.WebUiBuiltInKeywords.getText(com.kms.katalon.core.testobject.ObjectRepository.findTestObject(Final Object Repo/WorkFlow Listing Page/Workflow Found - Listing 1), STOP_ON_FAILURE): Text of object 'Object Repository/Final Object Repo/WorkFlow Listing Page/Workflow Found - Listing 1' is: 'JOHORuo1'

2018-12-13 11:09:18 - [MESSAGE][PASSED] - Text of object 'Object Repository/Final Object Repo/WorkFlow Listing Page/Workflow Found - Listing 1' is: 'JOHORuo1'

2018-12-13 11:09:18 - [TEST_STEP][PASSED] - Statement - OwnerID = OwnerID.toLowerCase() + "@gmail.com": null

2018-12-13 11:09:18 - [TEST_STEP][PASSED] - Statement - println(OwnerID): null

2018-12-13 11:09:18 - [TEST_STEP][PASSED] - delay: Delayed 2 second(s)

2018-12-13 11:09:20 - [MESSAGE][PASSED] - Delayed 2 second(s)

2018-12-13 11:09:20 - [MESSAGE][PASSED] - Call Test Case 'Test Cases/Final Aug 2018 - PKS Automation/Common/Workflow Owner Finder' successfully

2018-12-13 11:09:20 - [TEST_STEP][PASSED] - delay: Delayed 1 second(s)

2018-12-13 11:09:21 - [MESSAGE][PASSED] - Delayed 1 second(s)

2018-12-13 11:09:21 - [TEST_STEP][PASSED] - navigateToUrl: Navigate to 'https://assist2-uat.perkeso.gov.my/c/portal/logout' successfully

2018-12-13 11:09:22 - [MESSAGE][PASSED] - Navigate to 'https://assist2-uat.perkeso.gov.my/c/portal/logout' successfully

2018-12-13 11:09:22 - [TEST_STEP][PASSED] - delay: Delayed 1 second(s)

2018-12-13 11:09:23 - [MESSAGE][PASSED] - Delayed 1 second(s)

2018-12-13 11:09:23 - [TEST_STEP][PASSED] - callTestCase: Call Test Case 'Test Cases/Final Aug 2018 - PKS Automation/Registration Module/Workflow/Login and Search Case For Workflow' successfully

2018-12-13 11:09:23 - [TEST_CASE][PASSED] - Test Cases/Final Aug 2018 - PKS Automation/Registration Module/Workflow/Login and Search Case For Workflow: Test Cases/Final Aug 2018 - PKS Automation/Registration Module/Workflow/Login and Search Case For Workflow

2018-12-13 11:09:23 - [TEST_STEP][PASSED] - navigateToUrl: Navigate to 'https://assist2-uat.perkeso.gov.my/login' successfully

2018-12-13 11:09:23 - [MESSAGE][PASSED] - Navigate to 'https://assist2-uat.perkeso.gov.my/login' successfully

2018-12-13 11:09:23 - [TEST_STEP][PASSED] - setText: Text 'johoruo1@gmail.com' is set on object 'Object Repository/Final Object Repo/Login Page/Internal User/Email Address'

2018-12-13 11:09:24 - [MESSAGE][PASSED] - Text 'johoruo1@gmail.com' is set on object 'Object Repository/Final Object Repo/Login Page/Internal User/Email Address'

2018-12-13 11:09:24 - [TEST_STEP][PASSED] - click: Object: 'Object Repository/Final Object Repo/Login Page/Internal User/Next Button' is clicked on

2018-12-13 11:09:24 - [MESSAGE][PASSED] - Object: 'Object Repository/Final Object Repo/Login Page/Internal User/Next Button' is clicked on

2018-12-13 11:09:24 - [TEST_STEP][PASSED] - delay: Delayed 1 second(s)

2018-12-13 11:09:25 - [MESSAGE][PASSED] - Delayed 1 second(s)

2018-12-13 11:09:25 - [TEST_STEP][PASSED] - setEncryptedText: Text ****** has been set on object 'Object Repository/Final Object Repo/Login Page/Internal User/Password'

2018-12-13 11:09:25 - [MESSAGE][PASSED] - Text ****** has been set on object 'Object Repository/Final Object Repo/Login Page/Internal User/Password'

2018-12-13 11:09:25 - [TEST_STEP][PASSED] - click: Object: 'Object Repository/Final Object Repo/Login Page/Internal User/Login Button' is clicked on

2018-12-13 11:09:25 - [MESSAGE][PASSED] - Object: 'Object Repository/Final Object Repo/Login Page/Internal User/Login Button' is clicked on

2018-12-13 11:09:25 - [TEST_STEP][PASSED] - delay: Delayed 2 second(s)

2018-12-13 11:09:27 - [MESSAGE][PASSED] - Delayed 2 second(s)

2018-12-13 11:09:27 - [TEST_STEP][PASSED] - Statement - Try: Delayed 2 second(s)

2018-12-13 11:09:27 - [TEST_STEP][PASSED] - Statement - Checker = false: null

2018-12-13 11:09:27 - [TEST_STEP][PASSED] - Statement - Checker = com.kms.katalon.core.webui.keyword.WebUiBuiltInKeywords.verifyElementHasAttribute(com.kms.katalon.core.testobject.ObjectRepository.findTestObject(Final Object Repo/Landing Page/BM Detecting), "href", 20, OPTIONAL): Object 'Object Repository/Final Object Repo/Landing Page/BM Detecting' has attribute 'href'

2018-12-13 11:09:27 - [MESSAGE][PASSED] - Object 'Object Repository/Final Object Repo/Landing Page/BM Detecting' has attribute 'href'

2018-12-13 11:09:27 - [TEST_STEP][PASSED] - Statement - out.println(Checker): null

2018-12-13 11:09:27 - [TEST_STEP][PASSED] - Statement - If (Checker == false): null

2018-12-13 11:09:27 - [TEST_STEP][PASSED] - Statement - Else: null

2018-12-13 11:09:27 - [TEST_STEP][PASSED] - delay: Delayed 2 second(s)

2018-12-13 11:09:29 - [MESSAGE][PASSED] - Delayed 2 second(s)

2018-12-13 11:09:29 - [TEST_STEP][PASSED] - click: Object: 'Object Repository/Final Object Repo/Page_MyASSIST - ASSIST - Search Pending Case For Add Supporting Document/Search Information' is clicked on

2018-12-13 11:09:29 - [MESSAGE][PASSED] - Object: 'Object Repository/Final Object Repo/Page_MyASSIST - ASSIST - Search Pending Case For Add Supporting Document/Search Information' is clicked on

2018-12-13 11:09:29 - [TEST_STEP][PASSED] - delay: Delayed 3 second(s)

2018-12-13 11:09:32 - [MESSAGE][PASSED] - Delayed 3 second(s)

2018-12-13 11:09:32 - [TEST_STEP][PASSED] - sendKeys: Keys 'CUN122018C200001725' sent to object: 'Object Repository/Final Object Repo/Page_MyASSIST - ASSIST - Search Pending Case For Add Supporting Document/Reference No'

2018-12-13 11:09:33 - [MESSAGE][PASSED] - Keys 'CUN122018C200001725' sent to object: 'Object Repository/Final Object Repo/Page_MyASSIST - ASSIST - Search Pending Case For Add Supporting Document/Reference No'

2018-12-13 11:09:33 - [TEST_STEP][PASSED] - click: Object: 'Object Repository/Final Object Repo/Page_MyASSIST - ASSIST - Search Pending Case For Add Supporting Document/Search Reference No' is clicked on

2018-12-13 11:09:33 - [MESSAGE][PASSED] - Object: 'Object Repository/Final Object Repo/Page_MyASSIST - ASSIST - Search Pending Case For Add Supporting Document/Search Reference No' is clicked on

2018-12-13 11:09:33 - [TEST_STEP][PASSED] - delay: Delayed 2 second(s)

2018-12-13 11:09:35 - [MESSAGE][PASSED] - Delayed 2 second(s)

2018-12-13 11:09:35 - [TEST_STEP][PASSED] - click: Object: 'Object Repository/Final Object Repo/Page_MyASSIST - ASSIST - Search Pending Case For Add Supporting Document/Continue' is clicked on

2018-12-13 11:09:39 - [MESSAGE][PASSED] - Object: 'Object Repository/Final Object Repo/Page_MyASSIST - ASSIST - Search Pending Case For Add Supporting Document/Continue' is clicked on

2018-12-13 11:09:39 - [TEST_STEP][PASSED] - delay: Delayed 20 second(s)

2018-12-13 11:09:59 - [MESSAGE][PASSED] - Delayed 20 second(s)

2018-12-13 11:09:59 - [MESSAGE][PASSED] - Call Test Case 'Test Cases/Final Aug 2018 - PKS Automation/Registration Module/Workflow/Login and Search Case For Workflow' successfully

2018-12-13 11:09:59 - [TEST_STEP][PASSED] - click: Object: 'Object Repository/Final Object Repo/Page_Form 1A - Cessation As Employer/Page_Form 1A - Cessation As Employer (Approve)/Save  Continue in Form 1A Page' is clicked on

2018-12-13 11:09:59 - [MESSAGE][PASSED] - Object: 'Object Repository/Final Object Repo/Page_Form 1A - Cessation As Employer/Page_Form 1A - Cessation As Employer (Approve)/Save  Continue in Form 1A Page' is clicked on

2018-12-13 11:09:59 - [TEST_STEP][PASSED] - delay: Delayed 2 second(s)

2018-12-13 11:10:01 - [MESSAGE][PASSED] - Delayed 2 second(s)

2018-12-13 11:10:01 - [TEST_STEP][PASSED] - click: Object: 'Object Repository/Final Object Repo/Page_Form 1A - Cessation As Employer/Employment Resign Date' is clicked on

2018-12-13 11:10:02 - [MESSAGE][PASSED] - Object: 'Object Repository/Final Object Repo/Page_Form 1A - Cessation As Employer/Employment Resign Date' is clicked on

2018-12-13 11:10:02 - [TEST_STEP][PASSED] - delay: Delayed 1 second(s)

2018-12-13 11:10:03 - [MESSAGE][PASSED] - Delayed 1 second(s)

2018-12-13 11:10:03 - [TEST_STEP][PASSED] - selectOptionByValue: All options with value '2030' are selected in object 'Object Repository/Final Object Repo/Page_Form 1A - Cessation As Employer/Employment Resign Date - Year' 

2018-12-13 11:10:03 - [MESSAGE][PASSED] - All options with value '2030' are selected in object 'Object Repository/Final Object Repo/Page_Form 1A - Cessation As Employer/Employment Resign Date - Year' 

2018-12-13 11:10:03 - [TEST_STEP][PASSED] - delay: Delayed 1 second(s)

2018-12-13 11:10:04 - [MESSAGE][PASSED] - Delayed 1 second(s)

2018-12-13 11:10:04 - [TEST_STEP][PASSED] - click: Object: 'Object Repository/Final Object Repo/Page_Form 1A - Cessation As Employer/Employment Resign Date - Year - Date' is clicked on

2018-12-13 11:10:04 - [MESSAGE][PASSED] - Object: 'Object Repository/Final Object Repo/Page_Form 1A - Cessation As Employer/Employment Resign Date - Year - Date' is clicked on

2018-12-13 11:10:04 - [TEST_STEP][PASSED] - delay: Delayed 2 second(s)

2018-12-13 11:10:06 - [MESSAGE][PASSED] - Delayed 2 second(s)

2018-12-13 11:10:06 - [TEST_STEP][PASSED] - click: Object: 'Object Repository/Final Object Repo/Page_Form 1A - Cessation As Employer/Page_Form 1A - Cessation As Employer (Approve)/Save  Continue in Update Add Employee Resigned Date Page' is clicked on

2018-12-13 11:10:06 - [MESSAGE][PASSED] - Object: 'Object Repository/Final Object Repo/Page_Form 1A - Cessation As Employer/Page_Form 1A - Cessation As Employer (Approve)/Save  Continue in Update Add Employee Resigned Date Page' is clicked on

2018-12-13 11:10:06 - [TEST_STEP][PASSED] - delay: Delayed 2 second(s)

2018-12-13 11:10:08 - [MESSAGE][PASSED] - Delayed 2 second(s)

2018-12-13 11:10:08 - [TEST_STEP][PASSED] - click: Object: 'Object Repository/Final Object Repo/Page_Form 1A - Cessation As Employer/Set Latest - Yes' is clicked on

2018-12-13 11:10:08 - [MESSAGE][PASSED] - Object: 'Object Repository/Final Object Repo/Page_Form 1A - Cessation As Employer/Set Latest - Yes' is clicked on

2018-12-13 11:10:08 - [TEST_STEP][PASSED] - delay: Delayed 2 second(s)

2018-12-13 11:10:10 - [MESSAGE][PASSED] - Delayed 2 second(s)

2018-12-13 11:10:10 - [TEST_STEP][PASSED] - click: Object: 'Object Repository/Final Object Repo/Page_Form 1A - Cessation As Employer/Page_Form 1A - Cessation As Employer (Approve)/Save  Contine in Uploading Document Page' is clicked on

2018-12-13 11:10:11 - [MESSAGE][PASSED] - Object: 'Object Repository/Final Object Repo/Page_Form 1A - Cessation As Employer/Page_Form 1A - Cessation As Employer (Approve)/Save  Contine in Uploading Document Page' is clicked on

2018-12-13 11:10:11 - [TEST_STEP][PASSED] - delay: Delayed 2 second(s)

2018-12-13 11:10:13 - [MESSAGE][PASSED] - Delayed 2 second(s)

2018-12-13 11:10:13 - [TEST_STEP][PASSED] - click: Object: 'Object Repository/Final Object Repo/Page_Form 1A - Cessation As Employer/Page_Form 1A - Cessation As Employer (Under enforcement)/Under enforcement' is clicked on

2018-12-13 11:10:16 - [MESSAGE][PASSED] - Object: 'Object Repository/Final Object Repo/Page_Form 1A - Cessation As Employer/Page_Form 1A - Cessation As Employer (Under enforcement)/Under enforcement' is clicked on

2018-12-13 11:10:16 - [TEST_STEP][PASSED] - delay: Delayed 2 second(s)

2018-12-13 11:10:18 - [MESSAGE][PASSED] - Delayed 2 second(s)

2018-12-13 11:10:18 - [TEST_STEP][PASSED] - setText: Text 'remark' is set on object 'Object Repository/Final Object Repo/Page_Form 1A - Cessation As Employer/Page_Form 1A - Cessation As Employer (Under enforcement)/Under enforcement - remark'

2018-12-13 11:10:19 - [MESSAGE][PASSED] - Text 'remark' is set on object 'Object Repository/Final Object Repo/Page_Form 1A - Cessation As Employer/Page_Form 1A - Cessation As Employer (Under enforcement)/Under enforcement - remark'

2018-12-13 11:10:19 - [TEST_STEP][PASSED] - delay: Delayed 2 second(s)

2018-12-13 11:10:21 - [MESSAGE][PASSED] - Delayed 2 second(s)

2018-12-13 11:10:21 - [TEST_STEP][PASSED] - click: Object: 'Object Repository/Final Object Repo/Page_Form 1A - Cessation As Employer/Page_Form 1A - Cessation As Employer (Under enforcement)/Save  Continue in Under enforcement Page' is clicked on

2018-12-13 11:10:21 - [MESSAGE][PASSED] - Object: 'Object Repository/Final Object Repo/Page_Form 1A - Cessation As Employer/Page_Form 1A - Cessation As Employer (Under enforcement)/Save  Continue in Under enforcement Page' is clicked on

2018-12-13 11:10:21 - [TEST_STEP][PASSED] - delay: Delayed 2 second(s)

2018-12-13 11:10:23 - [MESSAGE][PASSED] - Delayed 2 second(s)

2018-12-13 11:10:23 - [TEST_STEP][PASSED] - click: Object: 'Object Repository/Final Object Repo/Page_Form 1A - Cessation As Employer/Page_Form 1A - Cessation As Employer (Under enforcement)/Message The case is under enforcement' is clicked on

2018-12-13 11:10:25 - [MESSAGE][PASSED] - Object: 'Object Repository/Final Object Repo/Page_Form 1A - Cessation As Employer/Page_Form 1A - Cessation As Employer (Under enforcement)/Message The case is under enforcement' is clicked on

2018-12-13 11:10:25 - [MESSAGE][PASSED] - Call Test Case 'Test Cases/Final Aug 2018 - PKS Automation/Registration Module/Workflow/Form 1A - Cessation As Employer/Template/Form 1 A - Cessation As Employer (Under enforcement)' successfully]]></system-out>
         <system-err><![CDATA[]]></system-err>
      </testcase>
      <testcase name="Test Cases/Final Aug 2018 - PKS Automation/Registration Module/Workflow/Form 1A - Cessation As Employer/OTC to UO (Approve)" classname="Test Cases/Final Aug 2018 - PKS Automation/Registration Module/Workflow/Form 1A - Cessation As Employer/OTC to UO (Approve)" status="PASSED">
         <system-out><![CDATA[2018-12-13 11:10:25 - [TEST_CASE][PASSED] - Test Cases/Final Aug 2018 - PKS Automation/Registration Module/Workflow/Form 1A - Cessation As Employer/OTC to UO (Approve): Test Cases/Final Aug 2018 - PKS Automation/Registration Module/Workflow/Form 1A - Cessation As Employer/OTC to UO (Approve)

2018-12-13 11:10:26 - [TEST_STEP][PASSED] - callTestCase: Call Test Case 'Test Cases/Final Aug 2018 - PKS Automation/Registration Module/Workflow/Form 1A - Cessation As Employer/Template/Form 1 A - Cessation As Employer (OTC)' successfully

2018-12-13 11:10:26 - [TEST_CASE][PASSED] - Test Cases/Final Aug 2018 - PKS Automation/Registration Module/Workflow/Form 1A - Cessation As Employer/Template/Form 1 A - Cessation As Employer (OTC): Test Cases/Final Aug 2018 - PKS Automation/Registration Module/Workflow/Form 1A - Cessation As Employer/Template/Form 1 A - Cessation As Employer (OTC)

2018-12-13 11:10:26 - [TEST_STEP][PASSED] - openBrowser: Browser is opened with url: ''

2018-12-13 11:10:26 - [MESSAGE][WARNING] - A browser is already opened. Closing browser and opening a new one

2018-12-13 11:10:29 - [MESSAGE][PASSED] - Browser is opened with url: ''

2018-12-13 11:10:29 - [TEST_STEP][PASSED] - navigateToUrl: Navigate to 'https://assist2-uat.perkeso.gov.my/login' successfully

2018-12-13 11:10:31 - [MESSAGE][PASSED] - Navigate to 'https://assist2-uat.perkeso.gov.my/login' successfully

2018-12-13 11:10:31 - [TEST_STEP][PASSED] - setText: Text 'johorotc1@gmail.com' is set on object 'Object Repository/Final Object Repo/Login Page/Internal User/Email Address'

2018-12-13 11:10:31 - [MESSAGE][PASSED] - Text 'johorotc1@gmail.com' is set on object 'Object Repository/Final Object Repo/Login Page/Internal User/Email Address'

2018-12-13 11:10:31 - [TEST_STEP][PASSED] - click: Object: 'Object Repository/Final Object Repo/Login Page/Internal User/Next Button' is clicked on

2018-12-13 11:10:31 - [MESSAGE][PASSED] - Object: 'Object Repository/Final Object Repo/Login Page/Internal User/Next Button' is clicked on

2018-12-13 11:10:31 - [TEST_STEP][PASSED] - delay: Delayed 1 second(s)

2018-12-13 11:10:32 - [MESSAGE][PASSED] - Delayed 1 second(s)

2018-12-13 11:10:32 - [TEST_STEP][PASSED] - setEncryptedText: Text ****** has been set on object 'Object Repository/Final Object Repo/Login Page/Internal User/Password'

2018-12-13 11:10:33 - [MESSAGE][PASSED] - Text ****** has been set on object 'Object Repository/Final Object Repo/Login Page/Internal User/Password'

2018-12-13 11:10:33 - [TEST_STEP][PASSED] - click: Object: 'Object Repository/Final Object Repo/Login Page/Internal User/Login Button' is clicked on

2018-12-13 11:10:33 - [MESSAGE][PASSED] - Object: 'Object Repository/Final Object Repo/Login Page/Internal User/Login Button' is clicked on

2018-12-13 11:10:33 - [TEST_STEP][PASSED] - delay: Delayed 1 second(s)

2018-12-13 11:10:34 - [MESSAGE][PASSED] - Delayed 1 second(s)

2018-12-13 11:10:34 - [TEST_STEP][PASSED] - Statement - Try: Delayed 2 second(s)

2018-12-13 11:10:34 - [TEST_STEP][PASSED] - Statement - Checker = false: null

2018-12-13 11:10:34 - [TEST_STEP][PASSED] - Statement - Checker = com.kms.katalon.core.webui.keyword.WebUiBuiltInKeywords.verifyElementHasAttribute(com.kms.katalon.core.testobject.ObjectRepository.findTestObject(Final Object Repo/Landing Page/BM Detecting), "href", 20, OPTIONAL): Object 'Object Repository/Final Object Repo/Landing Page/BM Detecting' has attribute 'href'

2018-12-13 11:10:36 - [MESSAGE][PASSED] - Object 'Object Repository/Final Object Repo/Landing Page/BM Detecting' has attribute 'href'

2018-12-13 11:10:36 - [TEST_STEP][PASSED] - Statement - out.println(Checker): null

2018-12-13 11:10:36 - [TEST_STEP][PASSED] - Statement - If (Checker == false): null

2018-12-13 11:10:36 - [TEST_STEP][PASSED] - Statement - Else: null

2018-12-13 11:10:36 - [TEST_STEP][PASSED] - delay: Delayed 2 second(s)

2018-12-13 11:10:38 - [MESSAGE][PASSED] - Delayed 2 second(s)

2018-12-13 11:10:38 - [TEST_STEP][PASSED] - navigateToUrl: Navigate to 'https://assist2-uat.perkeso.gov.my/web/registration/update/form-1a-cessation-as-employer-discontinue-business-' successfully

2018-12-13 11:10:38 - [MESSAGE][PASSED] - Navigate to 'https://assist2-uat.perkeso.gov.my/web/registration/update/form-1a-cessation-as-employer-discontinue-business-' successfully

2018-12-13 11:10:38 - [TEST_STEP][PASSED] - setText: Text 'E1102069770Z' is set on object 'Object Repository/Final Object Repo/Page_Update Employer Information/Employer Code'

2018-12-13 11:10:38 - [MESSAGE][PASSED] - Text 'E1102069770Z' is set on object 'Object Repository/Final Object Repo/Page_Update Employer Information/Employer Code'

2018-12-13 11:10:38 - [TEST_STEP][PASSED] - click: Object: 'Object Repository/Final Object Repo/Page_Update Employer Information/Search Button' is clicked on

2018-12-13 11:10:39 - [MESSAGE][PASSED] - Object: 'Object Repository/Final Object Repo/Page_Update Employer Information/Search Button' is clicked on

2018-12-13 11:10:39 - [TEST_STEP][PASSED] - click: Object: 'Object Repository/Final Object Repo/Page_Update Employer Information/Edit Button' is clicked on

2018-12-13 11:10:41 - [MESSAGE][PASSED] - Object: 'Object Repository/Final Object Repo/Page_Update Employer Information/Edit Button' is clicked on

2018-12-13 11:10:41 - [TEST_STEP][PASSED] - Statement - abc = com.kms.katalon.core.webui.keyword.WebUiBuiltInKeywords.getAttribute(com.kms.katalon.core.testobject.ObjectRepository.findTestObject(Final Object Repo/Page_Form 1A - Cessation As Employer/Employer Status), "value"): Attribute 'value' of object 'Object Repository/Final Object Repo/Page_Form 1A - Cessation As Employer/Employer Status' is: 'Dormant'

2018-12-13 11:10:41 - [MESSAGE][PASSED] - Attribute 'value' of object 'Object Repository/Final Object Repo/Page_Form 1A - Cessation As Employer/Employer Status' is: 'Dormant'

2018-12-13 11:10:41 - [TEST_STEP][PASSED] - Statement - out.println(abc): null

2018-12-13 11:10:41 - [TEST_STEP][PASSED] - Statement - If (abc == "Active"): null

2018-12-13 11:10:41 - [TEST_STEP][PASSED] - Statement - Else If (abc == "Cancel"): null

2018-12-13 11:10:41 - [TEST_STEP][PASSED] - Statement - Else If (abc == "Dormant"): Object: 'Object Repository/Final Object Repo/Page_Form 1A - Cessation As Employer/Change Employer Status to - Dormant' is clicked on

2018-12-13 11:10:41 - [TEST_STEP][PASSED] - click: Object: 'Object Repository/Final Object Repo/Page_Form 1A - Cessation As Employer/Change Employer Status to' is clicked on

2018-12-13 11:10:41 - [MESSAGE][PASSED] - Object: 'Object Repository/Final Object Repo/Page_Form 1A - Cessation As Employer/Change Employer Status to' is clicked on

2018-12-13 11:10:41 - [TEST_STEP][PASSED] - click: Object: 'Object Repository/Final Object Repo/Page_Form 1A - Cessation As Employer/Change Employer Status to - Dormant' is clicked on

2018-12-13 11:10:42 - [MESSAGE][PASSED] - Object: 'Object Repository/Final Object Repo/Page_Form 1A - Cessation As Employer/Change Employer Status to - Dormant' is clicked on

2018-12-13 11:10:42 - [TEST_STEP][PASSED] - click: Object: 'Object Repository/Final Object Repo/Page_Form 1A - Cessation As Employer/Calender' is clicked on

2018-12-13 11:10:42 - [MESSAGE][PASSED] - Object: 'Object Repository/Final Object Repo/Page_Form 1A - Cessation As Employer/Calender' is clicked on

2018-12-13 11:10:42 - [TEST_STEP][PASSED] - click: Object: 'Object Repository/Final Object Repo/Page_Form 1A - Cessation As Employer/Calender - Date' is clicked on

2018-12-13 11:10:42 - [MESSAGE][PASSED] - Object: 'Object Repository/Final Object Repo/Page_Form 1A - Cessation As Employer/Calender - Date' is clicked on

2018-12-13 11:10:42 - [TEST_STEP][PASSED] - delay: Delayed 2 second(s)

2018-12-13 11:10:44 - [MESSAGE][PASSED] - Delayed 2 second(s)

2018-12-13 11:10:44 - [TEST_STEP][PASSED] - click: Object: 'Object Repository/Final Object Repo/Page_Form 1A - Cessation As Employer/Save  Continue in Form 1A Page' is clicked on

2018-12-13 11:10:44 - [MESSAGE][PASSED] - Object: 'Object Repository/Final Object Repo/Page_Form 1A - Cessation As Employer/Save  Continue in Form 1A Page' is clicked on

2018-12-13 11:10:44 - [TEST_STEP][PASSED] - delay: Delayed 2 second(s)

2018-12-13 11:10:46 - [MESSAGE][PASSED] - Delayed 2 second(s)

2018-12-13 11:10:46 - [TEST_STEP][PASSED] - click: Object: 'Object Repository/Final Object Repo/Page_Form 1A - Cessation As Employer/Employment Resign Date' is clicked on

2018-12-13 11:10:47 - [MESSAGE][PASSED] - Object: 'Object Repository/Final Object Repo/Page_Form 1A - Cessation As Employer/Employment Resign Date' is clicked on

2018-12-13 11:10:47 - [TEST_STEP][PASSED] - delay: Delayed 1 second(s)

2018-12-13 11:10:48 - [MESSAGE][PASSED] - Delayed 1 second(s)

2018-12-13 11:10:48 - [TEST_STEP][PASSED] - Statement - CaseReferenceNo = com.kms.katalon.core.webui.keyword.WebUiBuiltInKeywords.getText(com.kms.katalon.core.testobject.ObjectRepository.findTestObject(Final Object Repo/Page_Update Employer Information/Reference Number in Update Employee Information Page)): Text of object 'Object Repository/Final Object Repo/Page_Update Employer Information/Reference Number in Update Employee Information Page' is: 'CUN122018C200001726'

2018-12-13 11:10:48 - [MESSAGE][PASSED] - Text of object 'Object Repository/Final Object Repo/Page_Update Employer Information/Reference Number in Update Employee Information Page' is: 'CUN122018C200001726'

2018-12-13 11:10:48 - [TEST_STEP][PASSED] - callTestCase: Call Test Case 'Test Cases/Final Aug 2018 - PKS Automation/Common/Reference Number Setter' successfully

2018-12-13 11:10:48 - [TEST_CASE][PASSED] - Test Cases/Final Aug 2018 - PKS Automation/Common/Reference Number Setter: Test Cases/Final Aug 2018 - PKS Automation/Common/Reference Number Setter

2018-12-13 11:10:48 - [TEST_STEP][PASSED] - Statement - RefNoOldFile = new java.io.File(C://Users//Admin//Desktop//PKS//Automation Reference Point//KatalonReference.txt): null

2018-12-13 11:10:48 - [TEST_STEP][PASSED] - Statement - RefNoOldFile.delete(): null

2018-12-13 11:10:48 - [TEST_STEP][PASSED] - delay: Delayed 5 second(s)

2018-12-13 11:10:53 - [MESSAGE][PASSED] - Delayed 5 second(s)

2018-12-13 11:10:53 - [TEST_STEP][PASSED] - Statement - RefNo = new java.io.File(C://Users//Admin//Desktop//PKS//Automation Reference Point//KatalonReference.txt): null

2018-12-13 11:10:53 - [TEST_STEP][PASSED] - Statement - f2 = new java.io.FileWriter(RefNo, false): null

2018-12-13 11:10:53 - [TEST_STEP][PASSED] - Statement - f2.write(CaseReferenceNo): null

2018-12-13 11:10:53 - [TEST_STEP][PASSED] - Statement - f2.close(): null

2018-12-13 11:10:53 - [TEST_STEP][PASSED] - Statement - out.println("


" + CaseReferenceNo + "


"): null

2018-12-13 11:10:53 - [MESSAGE][PASSED] - Call Test Case 'Test Cases/Final Aug 2018 - PKS Automation/Common/Reference Number Setter' successfully

2018-12-13 11:10:53 - [TEST_STEP][PASSED] - selectOptionByValue: All options with value '2030' are selected in object 'Object Repository/Final Object Repo/Page_Form 1A - Cessation As Employer/Employment Resign Date - Year' 

2018-12-13 11:10:53 - [MESSAGE][PASSED] - All options with value '2030' are selected in object 'Object Repository/Final Object Repo/Page_Form 1A - Cessation As Employer/Employment Resign Date - Year' 

2018-12-13 11:10:53 - [TEST_STEP][PASSED] - delay: Delayed 1 second(s)

2018-12-13 11:10:54 - [MESSAGE][PASSED] - Delayed 1 second(s)

2018-12-13 11:10:54 - [TEST_STEP][PASSED] - click: Object: 'Object Repository/Final Object Repo/Page_Form 1A - Cessation As Employer/Employment Resign Date - Year - Date' is clicked on

2018-12-13 11:10:54 - [MESSAGE][PASSED] - Object: 'Object Repository/Final Object Repo/Page_Form 1A - Cessation As Employer/Employment Resign Date - Year - Date' is clicked on

2018-12-13 11:10:54 - [TEST_STEP][PASSED] - delay: Delayed 2 second(s)

2018-12-13 11:10:56 - [MESSAGE][PASSED] - Delayed 2 second(s)

2018-12-13 11:10:56 - [TEST_STEP][PASSED] - click: Object: 'Object Repository/Final Object Repo/Page_Form 1A - Cessation As Employer/Save  Continue in Update Add Employee Resigned Date Page' is clicked on

2018-12-13 11:10:56 - [MESSAGE][PASSED] - Object: 'Object Repository/Final Object Repo/Page_Form 1A - Cessation As Employer/Save  Continue in Update Add Employee Resigned Date Page' is clicked on

2018-12-13 11:10:56 - [TEST_STEP][PASSED] - delay: Delayed 2 second(s)

2018-12-13 11:10:58 - [MESSAGE][PASSED] - Delayed 2 second(s)

2018-12-13 11:10:58 - [TEST_STEP][PASSED] - click: Object: 'Object Repository/Final Object Repo/Page_Form 1A - Cessation As Employer/Set Latest - Yes' is clicked on

2018-12-13 11:10:59 - [MESSAGE][PASSED] - Object: 'Object Repository/Final Object Repo/Page_Form 1A - Cessation As Employer/Set Latest - Yes' is clicked on

2018-12-13 11:10:59 - [TEST_STEP][PASSED] - delay: Delayed 2 second(s)

2018-12-13 11:11:01 - [MESSAGE][PASSED] - Delayed 2 second(s)

2018-12-13 11:11:01 - [TEST_STEP][PASSED] - click: Object: 'Object Repository/Final Object Repo/Page_Form 1A - Cessation As Employer/Add Document' is clicked on

2018-12-13 11:11:03 - [MESSAGE][PASSED] - Object: 'Object Repository/Final Object Repo/Page_Form 1A - Cessation As Employer/Add Document' is clicked on

2018-12-13 11:11:03 - [TEST_STEP][PASSED] - delay: Delayed 2 second(s)

2018-12-13 11:11:05 - [MESSAGE][PASSED] - Delayed 2 second(s)

2018-12-13 11:11:05 - [TEST_STEP][PASSED] - click: Object: 'Object Repository/Final Object Repo/Page_Form 1A - Cessation As Employer/Document Type' is clicked on

2018-12-13 11:11:06 - [MESSAGE][PASSED] - Object: 'Object Repository/Final Object Repo/Page_Form 1A - Cessation As Employer/Document Type' is clicked on

2018-12-13 11:11:06 - [TEST_STEP][PASSED] - delay: Delayed 2 second(s)

2018-12-13 11:11:08 - [MESSAGE][PASSED] - Delayed 2 second(s)

2018-12-13 11:11:08 - [TEST_STEP][PASSED] - click: Object: 'Object Repository/Final Object Repo/Page_Form 1A - Cessation As Employer/Document Type - Supporting Document For Cessation' is clicked on

2018-12-13 11:11:08 - [MESSAGE][PASSED] - Object: 'Object Repository/Final Object Repo/Page_Form 1A - Cessation As Employer/Document Type - Supporting Document For Cessation' is clicked on

2018-12-13 11:11:08 - [TEST_STEP][PASSED] - delay: Delayed 2 second(s)

2018-12-13 11:11:10 - [MESSAGE][PASSED] - Delayed 2 second(s)

2018-12-13 11:11:10 - [TEST_STEP][PASSED] - sendKeys: Keys 'C:\Users\Public\Pictures\Sample Pictures\Koala.jpg' sent to object: 'Object Repository/Final Object Repo/Page_Form 1A - Cessation As Employer/Uploading File'

2018-12-13 11:11:10 - [MESSAGE][PASSED] - Keys 'C:\Users\Public\Pictures\Sample Pictures\Koala.jpg' sent to object: 'Object Repository/Final Object Repo/Page_Form 1A - Cessation As Employer/Uploading File'

2018-12-13 11:11:10 - [TEST_STEP][PASSED] - delay: Delayed 2 second(s)

2018-12-13 11:11:12 - [MESSAGE][PASSED] - Delayed 2 second(s)

2018-12-13 11:11:12 - [TEST_STEP][PASSED] - click: Object: 'Object Repository/Final Object Repo/Page_Form 1A - Cessation As Employer/Add Document in Uploading Page' is clicked on

2018-12-13 11:11:12 - [MESSAGE][PASSED] - Object: 'Object Repository/Final Object Repo/Page_Form 1A - Cessation As Employer/Add Document in Uploading Page' is clicked on

2018-12-13 11:11:12 - [TEST_STEP][PASSED] - delay: Delayed 20 second(s)

2018-12-13 11:11:32 - [MESSAGE][PASSED] - Delayed 20 second(s)

2018-12-13 11:11:32 - [TEST_STEP][PASSED] - click: Object: 'Object Repository/Final Object Repo/Page_Form 1A - Cessation As Employer/Save  Continue in Uploading Page' is clicked on

2018-12-13 11:11:32 - [MESSAGE][PASSED] - Object: 'Object Repository/Final Object Repo/Page_Form 1A - Cessation As Employer/Save  Continue in Uploading Page' is clicked on

2018-12-13 11:11:32 - [TEST_STEP][PASSED] - delay: Delayed 2 second(s)

2018-12-13 11:11:34 - [MESSAGE][PASSED] - Delayed 2 second(s)

2018-12-13 11:11:34 - [TEST_STEP][PASSED] - click: Object: 'Object Repository/Final Object Repo/Page_Form 1A - Cessation As Employer/Submit2' is clicked on

2018-12-13 11:11:37 - [MESSAGE][PASSED] - Object: 'Object Repository/Final Object Repo/Page_Form 1A - Cessation As Employer/Submit2' is clicked on

2018-12-13 11:11:37 - [TEST_STEP][PASSED] - delay: Delayed 2 second(s)

2018-12-13 11:11:39 - [MESSAGE][PASSED] - Delayed 2 second(s)

2018-12-13 11:11:39 - [TEST_STEP][PASSED] - click: Object: 'Object Repository/Final Object Repo/Page_Form 1A - Cessation As Employer/Confirm' is clicked on

2018-12-13 11:11:39 - [MESSAGE][PASSED] - Object: 'Object Repository/Final Object Repo/Page_Form 1A - Cessation As Employer/Confirm' is clicked on

2018-12-13 11:11:39 - [TEST_STEP][PASSED] - delay: Delayed 2 second(s)

2018-12-13 11:11:41 - [MESSAGE][PASSED] - Delayed 2 second(s)

2018-12-13 11:11:41 - [TEST_STEP][PASSED] - verifyElementVisible: Object 'Object Repository/Final Object Repo/Page_Form 1A - Cessation As Employer/Message Your Request will be routed to UO' is visible

2018-12-13 11:11:44 - [MESSAGE][PASSED] - Object 'Object Repository/Final Object Repo/Page_Form 1A - Cessation As Employer/Message Your Request will be routed to UO' is visible

2018-12-13 11:11:44 - [TEST_STEP][PASSED] - delay: Delayed 1 second(s)

2018-12-13 11:11:45 - [MESSAGE][PASSED] - Delayed 1 second(s)

2018-12-13 11:11:45 - [TEST_STEP][PASSED] - verifyElementVisible: Object 'Object Repository/Final Object Repo/Page_Form 1A - Cessation As Employer/Letter of acknowledgement' is visible

2018-12-13 11:11:45 - [MESSAGE][PASSED] - Object 'Object Repository/Final Object Repo/Page_Form 1A - Cessation As Employer/Letter of acknowledgement' is visible

2018-12-13 11:11:45 - [MESSAGE][PASSED] - Call Test Case 'Test Cases/Final Aug 2018 - PKS Automation/Registration Module/Workflow/Form 1A - Cessation As Employer/Template/Form 1 A - Cessation As Employer (OTC)' successfully

2018-12-13 11:11:45 - [TEST_STEP][PASSED] - callTestCase: Call Test Case 'Test Cases/Final Aug 2018 - PKS Automation/Registration Module/Workflow/Form 1A - Cessation As Employer/Template/Form 1 A - Cessation As Employer (Approve)' successfully

2018-12-13 11:11:45 - [TEST_CASE][PASSED] - Test Cases/Final Aug 2018 - PKS Automation/Registration Module/Workflow/Form 1A - Cessation As Employer/Template/Form 1 A - Cessation As Employer (Approve): Test Cases/Final Aug 2018 - PKS Automation/Registration Module/Workflow/Form 1A - Cessation As Employer/Template/Form 1 A - Cessation As Employer (Approve)

2018-12-13 11:11:46 - [TEST_STEP][NOT_RUN] - callTestCase: NOT_RUN: callTestCase

2018-12-13 11:11:46 - [MESSAGE][NOT_RUN] - NOT_RUN: callTestCase

2018-12-13 11:11:46 - [TEST_STEP][PASSED] - delay: Delayed 1 second(s)

2018-12-13 11:11:47 - [MESSAGE][PASSED] - Delayed 1 second(s)

2018-12-13 11:11:47 - [TEST_STEP][PASSED] - navigateToUrl: Navigate to 'https://assist2-uat.perkeso.gov.my/c/portal/logout' successfully

2018-12-13 11:11:49 - [MESSAGE][PASSED] - Navigate to 'https://assist2-uat.perkeso.gov.my/c/portal/logout' successfully

2018-12-13 11:11:49 - [TEST_STEP][PASSED] - delay: Delayed 1 second(s)

2018-12-13 11:11:50 - [MESSAGE][PASSED] - Delayed 1 second(s)

2018-12-13 11:11:50 - [TEST_STEP][PASSED] - callTestCase: Call Test Case 'Test Cases/Final Aug 2018 - PKS Automation/Common/Reference Number Getter' successfully

2018-12-13 11:11:50 - [TEST_CASE][PASSED] - Test Cases/Final Aug 2018 - PKS Automation/Common/Reference Number Getter: Test Cases/Final Aug 2018 - PKS Automation/Common/Reference Number Getter

2018-12-13 11:11:50 - [TEST_STEP][PASSED] - Statement - Try: null

2018-12-13 11:11:50 - [TEST_STEP][PASSED] - Statement - RefNo = new java.io.File(C://Users//Admin//Desktop//PKS//Automation Reference Point//KatalonReference.txt): null

2018-12-13 11:11:50 - [TEST_STEP][PASSED] - Statement - bufferread = new java.io.BufferedReader(new java.io.FileReader(RefNo)): null

2018-12-13 11:11:50 - [TEST_STEP][PASSED] - Statement - readedVal = bufferread.readLine(): null

2018-12-13 11:11:50 - [TEST_STEP][PASSED] - Statement - out.println(CaseReferenceNo): null

2018-12-13 11:11:50 - [TEST_STEP][PASSED] - Statement - out.println(readedVal): null

2018-12-13 11:11:50 - [TEST_STEP][PASSED] - Statement - CaseReferenceNo = "": null

2018-12-13 11:11:50 - [TEST_STEP][PASSED] - Statement - CaseReferenceNo = readedVal: null

2018-12-13 11:11:50 - [MESSAGE][PASSED] - Call Test Case 'Test Cases/Final Aug 2018 - PKS Automation/Common/Reference Number Getter' successfully

2018-12-13 11:11:50 - [TEST_STEP][PASSED] - callTestCase: Call Test Case 'Test Cases/Final Aug 2018 - PKS Automation/Common/Workflow Owner Finder' successfully

2018-12-13 11:11:50 - [TEST_CASE][PASSED] - Test Cases/Final Aug 2018 - PKS Automation/Common/Workflow Owner Finder: Test Cases/Final Aug 2018 - PKS Automation/Common/Workflow Owner Finder

2018-12-13 11:11:50 - [TEST_STEP][PASSED] - openBrowser: Browser is opened with url: ''

2018-12-13 11:11:50 - [MESSAGE][WARNING] - A browser is already opened. Closing browser and opening a new one

2018-12-13 11:11:53 - [MESSAGE][PASSED] - Browser is opened with url: ''

2018-12-13 11:11:53 - [TEST_STEP][PASSED] - navigateToUrl: Navigate to 'https://assist2-uat.perkeso.gov.my/login' successfully

2018-12-13 11:11:54 - [MESSAGE][PASSED] - Navigate to 'https://assist2-uat.perkeso.gov.my/login' successfully

2018-12-13 11:11:54 - [TEST_STEP][PASSED] - delay: Delayed 5 second(s)

2018-12-13 11:11:59 - [MESSAGE][PASSED] - Delayed 5 second(s)

2018-12-13 11:11:59 - [TEST_STEP][PASSED] - setText: Text 'test@liferay.com' is set on object 'Object Repository/Final Object Repo/Login Page/Internal User/Email Address'

2018-12-13 11:11:59 - [MESSAGE][PASSED] - Text 'test@liferay.com' is set on object 'Object Repository/Final Object Repo/Login Page/Internal User/Email Address'

2018-12-13 11:11:59 - [TEST_STEP][PASSED] - click: Object: 'Object Repository/Final Object Repo/Login Page/Internal User/Next Button' is clicked on

2018-12-13 11:11:59 - [MESSAGE][PASSED] - Object: 'Object Repository/Final Object Repo/Login Page/Internal User/Next Button' is clicked on

2018-12-13 11:11:59 - [TEST_STEP][PASSED] - delay: Delayed 2 second(s)

2018-12-13 11:12:01 - [MESSAGE][PASSED] - Delayed 2 second(s)

2018-12-13 11:12:01 - [TEST_STEP][PASSED] - setText: Text 'test' is set on object 'Object Repository/Final Object Repo/Login Page/Internal User/Password'

2018-12-13 11:12:02 - [MESSAGE][PASSED] - Text 'test' is set on object 'Object Repository/Final Object Repo/Login Page/Internal User/Password'

2018-12-13 11:12:02 - [TEST_STEP][PASSED] - delay: Delayed 2 second(s)

2018-12-13 11:12:04 - [MESSAGE][PASSED] - Delayed 2 second(s)

2018-12-13 11:12:04 - [TEST_STEP][PASSED] - click: Object: 'Object Repository/Final Object Repo/Login Page/Internal User/Login Button' is clicked on

2018-12-13 11:12:04 - [MESSAGE][PASSED] - Object: 'Object Repository/Final Object Repo/Login Page/Internal User/Login Button' is clicked on

2018-12-13 11:12:04 - [TEST_STEP][PASSED] - Statement - tester = com.kms.katalon.core.testobject.ObjectRepository.findTestObject(Final Object Repo/Landing Page/Select to English): Finding Test Object with id 'Object Repository/Final Object Repo/Landing Page/Select to English'

2018-12-13 11:12:04 - [TEST_STEP][PASSED] - Statement - Try: Delayed 2 second(s)

2018-12-13 11:12:04 - [TEST_STEP][PASSED] - Statement - Checker = com.kms.katalon.core.webui.keyword.WebUiBuiltInKeywords.verifyElementNotPresent(tester, 3): Web element with id: 'Object Repository/Final Object Repo/Landing Page/Select to English' located by 'By.xpath: //a[@class = 'taglib-language-list-text' and @lang = 'en-US' and (contains(text(), 'EN') or contains(., 'EN'))]' is not present after '3' second(s)

2018-12-13 11:12:07 - [MESSAGE][PASSED] - Web element with id: 'Object Repository/Final Object Repo/Landing Page/Select to English' located by 'By.xpath: //a[@class = 'taglib-language-list-text' and @lang = 'en-US' and (contains(text(), 'EN') or contains(., 'EN'))]' is not present after '3' second(s)

2018-12-13 11:12:07 - [TEST_STEP][PASSED] - Statement - If (Checker == false): null

2018-12-13 11:12:07 - [TEST_STEP][PASSED] - delay: Delayed 2 second(s)

2018-12-13 11:12:09 - [MESSAGE][PASSED] - Delayed 2 second(s)

2018-12-13 11:12:09 - [TEST_STEP][PASSED] - delay: Delayed 5 second(s)

2018-12-13 11:12:14 - [MESSAGE][PASSED] - Delayed 5 second(s)

2018-12-13 11:12:14 - [TEST_STEP][PASSED] - mouseOver: Object: 'Object Repository/Final Object Repo/Landing Page/WorkFlow Menu' is hovered

2018-12-13 11:12:14 - [MESSAGE][PASSED] - Object: 'Object Repository/Final Object Repo/Landing Page/WorkFlow Menu' is hovered

2018-12-13 11:12:14 - [TEST_STEP][PASSED] - delay: Delayed 2 second(s)

2018-12-13 11:12:16 - [MESSAGE][PASSED] - Delayed 2 second(s)

2018-12-13 11:12:16 - [TEST_STEP][PASSED] - click: Object: 'Object Repository/Final Object Repo/Landing Page/Select to Workflow Listing' is clicked on

2018-12-13 11:12:18 - [MESSAGE][PASSED] - Object: 'Object Repository/Final Object Repo/Landing Page/Select to Workflow Listing' is clicked on

2018-12-13 11:12:18 - [TEST_STEP][PASSED] - delay: Delayed 2 second(s)

2018-12-13 11:12:20 - [MESSAGE][PASSED] - Delayed 2 second(s)

2018-12-13 11:12:20 - [TEST_STEP][PASSED] - click: Object: 'Object Repository/Final Object Repo/WorkFlow Listing Page/Search Information - To Put Ref No' is clicked on

2018-12-13 11:12:20 - [MESSAGE][PASSED] - Object: 'Object Repository/Final Object Repo/WorkFlow Listing Page/Search Information - To Put Ref No' is clicked on

2018-12-13 11:12:20 - [TEST_STEP][PASSED] - delay: Delayed 2 second(s)

2018-12-13 11:12:22 - [MESSAGE][PASSED] - Delayed 2 second(s)

2018-12-13 11:12:22 - [TEST_STEP][PASSED] - callTestCase: Call Test Case 'Test Cases/Final Aug 2018 - PKS Automation/Common/Reference Number Getter' successfully

2018-12-13 11:12:22 - [TEST_CASE][PASSED] - Test Cases/Final Aug 2018 - PKS Automation/Common/Reference Number Getter: Test Cases/Final Aug 2018 - PKS Automation/Common/Reference Number Getter

2018-12-13 11:12:22 - [TEST_STEP][PASSED] - Statement - Try: null

2018-12-13 11:12:22 - [TEST_STEP][PASSED] - Statement - RefNo = new java.io.File(C://Users//Admin//Desktop//PKS//Automation Reference Point//KatalonReference.txt): null

2018-12-13 11:12:22 - [TEST_STEP][PASSED] - Statement - bufferread = new java.io.BufferedReader(new java.io.FileReader(RefNo)): null

2018-12-13 11:12:22 - [TEST_STEP][PASSED] - Statement - readedVal = bufferread.readLine(): null

2018-12-13 11:12:22 - [TEST_STEP][PASSED] - Statement - out.println(CaseReferenceNo): null

2018-12-13 11:12:22 - [TEST_STEP][PASSED] - Statement - out.println(readedVal): null

2018-12-13 11:12:22 - [TEST_STEP][PASSED] - Statement - CaseReferenceNo = "": null

2018-12-13 11:12:22 - [TEST_STEP][PASSED] - Statement - CaseReferenceNo = readedVal: null

2018-12-13 11:12:22 - [MESSAGE][PASSED] - Call Test Case 'Test Cases/Final Aug 2018 - PKS Automation/Common/Reference Number Getter' successfully

2018-12-13 11:12:22 - [TEST_STEP][PASSED] - setText: Text 'CUN122018C200001726' is set on object 'Object Repository/Final Object Repo/WorkFlow Listing Page/Ref No Set Text'

2018-12-13 11:12:22 - [MESSAGE][PASSED] - Text 'CUN122018C200001726' is set on object 'Object Repository/Final Object Repo/WorkFlow Listing Page/Ref No Set Text'

2018-12-13 11:12:22 - [TEST_STEP][PASSED] - delay: Delayed 2 second(s)

2018-12-13 11:12:24 - [MESSAGE][PASSED] - Delayed 2 second(s)

2018-12-13 11:12:24 - [TEST_STEP][PASSED] - click: Object: 'Object Repository/Final Object Repo/WorkFlow Listing Page/Search Ref No Search Button' is clicked on

2018-12-13 11:12:24 - [MESSAGE][PASSED] - Object: 'Object Repository/Final Object Repo/WorkFlow Listing Page/Search Ref No Search Button' is clicked on

2018-12-13 11:12:24 - [TEST_STEP][PASSED] - delay: Delayed 6 second(s)

2018-12-13 11:12:30 - [MESSAGE][PASSED] - Delayed 6 second(s)

2018-12-13 11:12:30 - [TEST_STEP][PASSED] - click: Object: 'Object Repository/Final Object Repo/WorkFlow Listing Page/Click Continue Tooltip' is clicked on

2018-12-13 11:12:31 - [MESSAGE][PASSED] - Object: 'Object Repository/Final Object Repo/WorkFlow Listing Page/Click Continue Tooltip' is clicked on

2018-12-13 11:12:31 - [TEST_STEP][PASSED] - delay: Delayed 5 second(s)

2018-12-13 11:12:36 - [MESSAGE][PASSED] - Delayed 5 second(s)

2018-12-13 11:12:36 - [TEST_STEP][PASSED] - doubleClick: Object: 'Object Repository/Final Object Repo/WorkFlow Listing Page/Workflow Found - Listing 1' is double clicked on

2018-12-13 11:12:37 - [MESSAGE][PASSED] - Object: 'Object Repository/Final Object Repo/WorkFlow Listing Page/Workflow Found - Listing 1' is double clicked on

2018-12-13 11:12:37 - [TEST_STEP][PASSED] - Statement - println(OwnerID): null

2018-12-13 11:12:37 - [TEST_STEP][PASSED] - Statement - OwnerID = com.kms.katalon.core.webui.keyword.WebUiBuiltInKeywords.getText(com.kms.katalon.core.testobject.ObjectRepository.findTestObject(Final Object Repo/WorkFlow Listing Page/Workflow Found - Listing 1), STOP_ON_FAILURE): Text of object 'Object Repository/Final Object Repo/WorkFlow Listing Page/Workflow Found - Listing 1' is: 'JOHORuo2'

2018-12-13 11:12:37 - [MESSAGE][PASSED] - Text of object 'Object Repository/Final Object Repo/WorkFlow Listing Page/Workflow Found - Listing 1' is: 'JOHORuo2'

2018-12-13 11:12:37 - [TEST_STEP][PASSED] - Statement - OwnerID = OwnerID.toLowerCase() + "@gmail.com": null

2018-12-13 11:12:37 - [TEST_STEP][PASSED] - Statement - println(OwnerID): null

2018-12-13 11:12:37 - [TEST_STEP][PASSED] - delay: Delayed 2 second(s)

2018-12-13 11:12:39 - [MESSAGE][PASSED] - Delayed 2 second(s)

2018-12-13 11:12:39 - [MESSAGE][PASSED] - Call Test Case 'Test Cases/Final Aug 2018 - PKS Automation/Common/Workflow Owner Finder' successfully

2018-12-13 11:12:39 - [TEST_STEP][PASSED] - delay: Delayed 1 second(s)

2018-12-13 11:12:40 - [MESSAGE][PASSED] - Delayed 1 second(s)

2018-12-13 11:12:40 - [TEST_STEP][PASSED] - navigateToUrl: Navigate to 'https://assist2-uat.perkeso.gov.my/c/portal/logout' successfully

2018-12-13 11:12:40 - [MESSAGE][PASSED] - Navigate to 'https://assist2-uat.perkeso.gov.my/c/portal/logout' successfully

2018-12-13 11:12:40 - [TEST_STEP][PASSED] - delay: Delayed 1 second(s)

2018-12-13 11:12:41 - [MESSAGE][PASSED] - Delayed 1 second(s)

2018-12-13 11:12:41 - [TEST_STEP][PASSED] - callTestCase: Call Test Case 'Test Cases/Final Aug 2018 - PKS Automation/Registration Module/Workflow/Login and Search Case For Workflow' successfully

2018-12-13 11:12:42 - [TEST_CASE][PASSED] - Test Cases/Final Aug 2018 - PKS Automation/Registration Module/Workflow/Login and Search Case For Workflow: Test Cases/Final Aug 2018 - PKS Automation/Registration Module/Workflow/Login and Search Case For Workflow

2018-12-13 11:12:42 - [TEST_STEP][PASSED] - navigateToUrl: Navigate to 'https://assist2-uat.perkeso.gov.my/login' successfully

2018-12-13 11:12:42 - [MESSAGE][PASSED] - Navigate to 'https://assist2-uat.perkeso.gov.my/login' successfully

2018-12-13 11:12:42 - [TEST_STEP][PASSED] - setText: Text 'johoruo2@gmail.com' is set on object 'Object Repository/Final Object Repo/Login Page/Internal User/Email Address'

2018-12-13 11:12:42 - [MESSAGE][PASSED] - Text 'johoruo2@gmail.com' is set on object 'Object Repository/Final Object Repo/Login Page/Internal User/Email Address'

2018-12-13 11:12:42 - [TEST_STEP][PASSED] - click: Object: 'Object Repository/Final Object Repo/Login Page/Internal User/Next Button' is clicked on

2018-12-13 11:12:42 - [MESSAGE][PASSED] - Object: 'Object Repository/Final Object Repo/Login Page/Internal User/Next Button' is clicked on

2018-12-13 11:12:42 - [TEST_STEP][PASSED] - delay: Delayed 1 second(s)

2018-12-13 11:12:43 - [MESSAGE][PASSED] - Delayed 1 second(s)

2018-12-13 11:12:43 - [TEST_STEP][PASSED] - setEncryptedText: Text ****** has been set on object 'Object Repository/Final Object Repo/Login Page/Internal User/Password'

2018-12-13 11:12:44 - [MESSAGE][PASSED] - Text ****** has been set on object 'Object Repository/Final Object Repo/Login Page/Internal User/Password'

2018-12-13 11:12:44 - [TEST_STEP][PASSED] - click: Object: 'Object Repository/Final Object Repo/Login Page/Internal User/Login Button' is clicked on

2018-12-13 11:12:44 - [MESSAGE][PASSED] - Object: 'Object Repository/Final Object Repo/Login Page/Internal User/Login Button' is clicked on

2018-12-13 11:12:44 - [TEST_STEP][PASSED] - delay: Delayed 2 second(s)

2018-12-13 11:12:46 - [MESSAGE][PASSED] - Delayed 2 second(s)

2018-12-13 11:12:46 - [TEST_STEP][PASSED] - Statement - Try: Delayed 2 second(s)

2018-12-13 11:12:46 - [TEST_STEP][PASSED] - Statement - Checker = false: null

2018-12-13 11:12:46 - [TEST_STEP][PASSED] - Statement - Checker = com.kms.katalon.core.webui.keyword.WebUiBuiltInKeywords.verifyElementHasAttribute(com.kms.katalon.core.testobject.ObjectRepository.findTestObject(Final Object Repo/Landing Page/BM Detecting), "href", 20, OPTIONAL): Object 'Object Repository/Final Object Repo/Landing Page/BM Detecting' has attribute 'href'

2018-12-13 11:12:46 - [MESSAGE][PASSED] - Object 'Object Repository/Final Object Repo/Landing Page/BM Detecting' has attribute 'href'

2018-12-13 11:12:46 - [TEST_STEP][PASSED] - Statement - out.println(Checker): null

2018-12-13 11:12:46 - [TEST_STEP][PASSED] - Statement - If (Checker == false): null

2018-12-13 11:12:46 - [TEST_STEP][PASSED] - Statement - Else: null

2018-12-13 11:12:46 - [TEST_STEP][PASSED] - delay: Delayed 2 second(s)

2018-12-13 11:12:48 - [MESSAGE][PASSED] - Delayed 2 second(s)

2018-12-13 11:12:48 - [TEST_STEP][PASSED] - click: Object: 'Object Repository/Final Object Repo/Page_MyASSIST - ASSIST - Search Pending Case For Add Supporting Document/Search Information' is clicked on

2018-12-13 11:12:48 - [MESSAGE][PASSED] - Object: 'Object Repository/Final Object Repo/Page_MyASSIST - ASSIST - Search Pending Case For Add Supporting Document/Search Information' is clicked on

2018-12-13 11:12:48 - [TEST_STEP][PASSED] - delay: Delayed 3 second(s)

2018-12-13 11:12:51 - [MESSAGE][PASSED] - Delayed 3 second(s)

2018-12-13 11:12:51 - [TEST_STEP][PASSED] - sendKeys: Keys 'CUN122018C200001726' sent to object: 'Object Repository/Final Object Repo/Page_MyASSIST - ASSIST - Search Pending Case For Add Supporting Document/Reference No'

2018-12-13 11:12:51 - [MESSAGE][PASSED] - Keys 'CUN122018C200001726' sent to object: 'Object Repository/Final Object Repo/Page_MyASSIST - ASSIST - Search Pending Case For Add Supporting Document/Reference No'

2018-12-13 11:12:51 - [TEST_STEP][PASSED] - click: Object: 'Object Repository/Final Object Repo/Page_MyASSIST - ASSIST - Search Pending Case For Add Supporting Document/Search Reference No' is clicked on

2018-12-13 11:12:52 - [MESSAGE][PASSED] - Object: 'Object Repository/Final Object Repo/Page_MyASSIST - ASSIST - Search Pending Case For Add Supporting Document/Search Reference No' is clicked on

2018-12-13 11:12:52 - [TEST_STEP][PASSED] - delay: Delayed 2 second(s)

2018-12-13 11:12:54 - [MESSAGE][PASSED] - Delayed 2 second(s)

2018-12-13 11:12:54 - [TEST_STEP][PASSED] - click: Object: 'Object Repository/Final Object Repo/Page_MyASSIST - ASSIST - Search Pending Case For Add Supporting Document/Continue' is clicked on

2018-12-13 11:12:57 - [MESSAGE][PASSED] - Object: 'Object Repository/Final Object Repo/Page_MyASSIST - ASSIST - Search Pending Case For Add Supporting Document/Continue' is clicked on

2018-12-13 11:12:57 - [TEST_STEP][PASSED] - delay: Delayed 20 second(s)

2018-12-13 11:13:17 - [MESSAGE][PASSED] - Delayed 20 second(s)

2018-12-13 11:13:17 - [MESSAGE][PASSED] - Call Test Case 'Test Cases/Final Aug 2018 - PKS Automation/Registration Module/Workflow/Login and Search Case For Workflow' successfully

2018-12-13 11:13:17 - [TEST_STEP][PASSED] - click: Object: 'Object Repository/Final Object Repo/Page_Form 1A - Cessation As Employer/Page_Form 1A - Cessation As Employer (Approve)/Save  Continue in Form 1A Page' is clicked on

2018-12-13 11:13:17 - [MESSAGE][PASSED] - Object: 'Object Repository/Final Object Repo/Page_Form 1A - Cessation As Employer/Page_Form 1A - Cessation As Employer (Approve)/Save  Continue in Form 1A Page' is clicked on

2018-12-13 11:13:17 - [TEST_STEP][PASSED] - delay: Delayed 2 second(s)

2018-12-13 11:13:19 - [MESSAGE][PASSED] - Delayed 2 second(s)

2018-12-13 11:13:19 - [TEST_STEP][PASSED] - click: Object: 'Object Repository/Final Object Repo/Page_Form 1A - Cessation As Employer/Employment Resign Date' is clicked on

2018-12-13 11:13:19 - [MESSAGE][PASSED] - Object: 'Object Repository/Final Object Repo/Page_Form 1A - Cessation As Employer/Employment Resign Date' is clicked on

2018-12-13 11:13:19 - [TEST_STEP][PASSED] - delay: Delayed 1 second(s)

2018-12-13 11:13:20 - [MESSAGE][PASSED] - Delayed 1 second(s)

2018-12-13 11:13:20 - [TEST_STEP][PASSED] - selectOptionByValue: All options with value '2030' are selected in object 'Object Repository/Final Object Repo/Page_Form 1A - Cessation As Employer/Employment Resign Date - Year' 

2018-12-13 11:13:21 - [MESSAGE][PASSED] - All options with value '2030' are selected in object 'Object Repository/Final Object Repo/Page_Form 1A - Cessation As Employer/Employment Resign Date - Year' 

2018-12-13 11:13:21 - [TEST_STEP][PASSED] - delay: Delayed 1 second(s)

2018-12-13 11:13:22 - [MESSAGE][PASSED] - Delayed 1 second(s)

2018-12-13 11:13:22 - [TEST_STEP][PASSED] - click: Object: 'Object Repository/Final Object Repo/Page_Form 1A - Cessation As Employer/Employment Resign Date - Year - Date' is clicked on

2018-12-13 11:13:22 - [MESSAGE][PASSED] - Object: 'Object Repository/Final Object Repo/Page_Form 1A - Cessation As Employer/Employment Resign Date - Year - Date' is clicked on

2018-12-13 11:13:22 - [TEST_STEP][PASSED] - delay: Delayed 2 second(s)

2018-12-13 11:13:24 - [MESSAGE][PASSED] - Delayed 2 second(s)

2018-12-13 11:13:24 - [TEST_STEP][PASSED] - click: Object: 'Object Repository/Final Object Repo/Page_Form 1A - Cessation As Employer/Page_Form 1A - Cessation As Employer (Approve)/Save  Continue in Update Add Employee Resigned Date Page' is clicked on

2018-12-13 11:13:24 - [MESSAGE][PASSED] - Object: 'Object Repository/Final Object Repo/Page_Form 1A - Cessation As Employer/Page_Form 1A - Cessation As Employer (Approve)/Save  Continue in Update Add Employee Resigned Date Page' is clicked on

2018-12-13 11:13:24 - [TEST_STEP][PASSED] - delay: Delayed 2 second(s)

2018-12-13 11:13:26 - [MESSAGE][PASSED] - Delayed 2 second(s)

2018-12-13 11:13:26 - [TEST_STEP][PASSED] - click: Object: 'Object Repository/Final Object Repo/Page_Form 1A - Cessation As Employer/Set Latest - Yes' is clicked on

2018-12-13 11:13:26 - [MESSAGE][PASSED] - Object: 'Object Repository/Final Object Repo/Page_Form 1A - Cessation As Employer/Set Latest - Yes' is clicked on

2018-12-13 11:13:26 - [TEST_STEP][PASSED] - delay: Delayed 2 second(s)

2018-12-13 11:13:28 - [MESSAGE][PASSED] - Delayed 2 second(s)

2018-12-13 11:13:28 - [TEST_STEP][PASSED] - click: Object: 'Object Repository/Final Object Repo/Page_Form 1A - Cessation As Employer/Page_Form 1A - Cessation As Employer (Approve)/Save  Contine in Uploading Document Page' is clicked on

2018-12-13 11:13:29 - [MESSAGE][PASSED] - Object: 'Object Repository/Final Object Repo/Page_Form 1A - Cessation As Employer/Page_Form 1A - Cessation As Employer (Approve)/Save  Contine in Uploading Document Page' is clicked on

2018-12-13 11:13:29 - [TEST_STEP][PASSED] - delay: Delayed 2 second(s)

2018-12-13 11:13:31 - [MESSAGE][PASSED] - Delayed 2 second(s)

2018-12-13 11:13:31 - [TEST_STEP][PASSED] - click: Object: 'Object Repository/Final Object Repo/Page_Form 1A - Cessation As Employer/Page_Form 1A - Cessation As Employer (Approve)/Approve' is clicked on

2018-12-13 11:13:34 - [MESSAGE][PASSED] - Object: 'Object Repository/Final Object Repo/Page_Form 1A - Cessation As Employer/Page_Form 1A - Cessation As Employer (Approve)/Approve' is clicked on

2018-12-13 11:13:34 - [TEST_STEP][PASSED] - delay: Delayed 2 second(s)

2018-12-13 11:13:36 - [MESSAGE][PASSED] - Delayed 2 second(s)

2018-12-13 11:13:36 - [TEST_STEP][PASSED] - click: Object: 'Object Repository/Final Object Repo/Page_Form 1A - Cessation As Employer/Confirm' is clicked on

2018-12-13 11:13:36 - [MESSAGE][PASSED] - Object: 'Object Repository/Final Object Repo/Page_Form 1A - Cessation As Employer/Confirm' is clicked on

2018-12-13 11:13:36 - [TEST_STEP][PASSED] - delay: Delayed 2 second(s)

2018-12-13 11:13:38 - [MESSAGE][PASSED] - Delayed 2 second(s)

2018-12-13 11:13:38 - [TEST_STEP][PASSED] - click: Object: 'Object Repository/Final Object Repo/Page_Form 1A - Cessation As Employer/Page_Form 1A - Cessation As Employer (Approve)/Message Your Request    Form 1A ' is clicked on

2018-12-13 11:13:46 - [MESSAGE][PASSED] - Object: 'Object Repository/Final Object Repo/Page_Form 1A - Cessation As Employer/Page_Form 1A - Cessation As Employer (Approve)/Message Your Request    Form 1A ' is clicked on

2018-12-13 11:13:46 - [TEST_STEP][PASSED] - delay: Delayed 2 second(s)

2018-12-13 11:13:48 - [MESSAGE][PASSED] - Delayed 2 second(s)

2018-12-13 11:13:48 - [TEST_STEP][PASSED] - click: Object: 'Object Repository/Final Object Repo/Page_Form 1A - Cessation As Employer/Page_Form 1A - Cessation As Employer (Approve)/Letter of successful update' is clicked on

2018-12-13 11:13:48 - [MESSAGE][PASSED] - Object: 'Object Repository/Final Object Repo/Page_Form 1A - Cessation As Employer/Page_Form 1A - Cessation As Employer (Approve)/Letter of successful update' is clicked on

2018-12-13 11:13:48 - [MESSAGE][PASSED] - Call Test Case 'Test Cases/Final Aug 2018 - PKS Automation/Registration Module/Workflow/Form 1A - Cessation As Employer/Template/Form 1 A - Cessation As Employer (Approve)' successfully]]></system-out>
         <system-err><![CDATA[]]></system-err>
      </testcase>
      <testcase name="Test Cases/Final Aug 2018 - PKS Automation/Registration Module/Workflow/Form 1A - Cessation As Employer/OTC to UO (Query)" classname="Test Cases/Final Aug 2018 - PKS Automation/Registration Module/Workflow/Form 1A - Cessation As Employer/OTC to UO (Query)" status="PASSED">
         <system-out><![CDATA[2018-12-13 11:13:48 - [TEST_CASE][PASSED] - Test Cases/Final Aug 2018 - PKS Automation/Registration Module/Workflow/Form 1A - Cessation As Employer/OTC to UO (Query): Test Cases/Final Aug 2018 - PKS Automation/Registration Module/Workflow/Form 1A - Cessation As Employer/OTC to UO (Query)

2018-12-13 11:13:48 - [TEST_STEP][PASSED] - callTestCase: Call Test Case 'Test Cases/Final Aug 2018 - PKS Automation/Registration Module/Workflow/Form 1A - Cessation As Employer/Template/Form 1 A - Cessation As Employer (OTC)' successfully

2018-12-13 11:13:49 - [TEST_CASE][PASSED] - Test Cases/Final Aug 2018 - PKS Automation/Registration Module/Workflow/Form 1A - Cessation As Employer/Template/Form 1 A - Cessation As Employer (OTC): Test Cases/Final Aug 2018 - PKS Automation/Registration Module/Workflow/Form 1A - Cessation As Employer/Template/Form 1 A - Cessation As Employer (OTC)

2018-12-13 11:13:49 - [TEST_STEP][PASSED] - openBrowser: Browser is opened with url: ''

2018-12-13 11:13:49 - [MESSAGE][WARNING] - A browser is already opened. Closing browser and opening a new one

2018-12-13 11:13:51 - [MESSAGE][PASSED] - Browser is opened with url: ''

2018-12-13 11:13:51 - [TEST_STEP][PASSED] - navigateToUrl: Navigate to 'https://assist2-uat.perkeso.gov.my/login' successfully

2018-12-13 11:13:52 - [MESSAGE][PASSED] - Navigate to 'https://assist2-uat.perkeso.gov.my/login' successfully

2018-12-13 11:13:52 - [TEST_STEP][PASSED] - setText: Text 'johorotc1@gmail.com' is set on object 'Object Repository/Final Object Repo/Login Page/Internal User/Email Address'

2018-12-13 11:13:53 - [MESSAGE][PASSED] - Text 'johorotc1@gmail.com' is set on object 'Object Repository/Final Object Repo/Login Page/Internal User/Email Address'

2018-12-13 11:13:53 - [TEST_STEP][PASSED] - click: Object: 'Object Repository/Final Object Repo/Login Page/Internal User/Next Button' is clicked on

2018-12-13 11:13:53 - [MESSAGE][PASSED] - Object: 'Object Repository/Final Object Repo/Login Page/Internal User/Next Button' is clicked on

2018-12-13 11:13:53 - [TEST_STEP][PASSED] - delay: Delayed 1 second(s)

2018-12-13 11:13:54 - [MESSAGE][PASSED] - Delayed 1 second(s)

2018-12-13 11:13:54 - [TEST_STEP][PASSED] - setEncryptedText: Text ****** has been set on object 'Object Repository/Final Object Repo/Login Page/Internal User/Password'

2018-12-13 11:13:54 - [MESSAGE][PASSED] - Text ****** has been set on object 'Object Repository/Final Object Repo/Login Page/Internal User/Password'

2018-12-13 11:13:54 - [TEST_STEP][PASSED] - click: Object: 'Object Repository/Final Object Repo/Login Page/Internal User/Login Button' is clicked on

2018-12-13 11:13:54 - [MESSAGE][PASSED] - Object: 'Object Repository/Final Object Repo/Login Page/Internal User/Login Button' is clicked on

2018-12-13 11:13:54 - [TEST_STEP][PASSED] - delay: Delayed 1 second(s)

2018-12-13 11:13:55 - [MESSAGE][PASSED] - Delayed 1 second(s)

2018-12-13 11:13:55 - [TEST_STEP][PASSED] - Statement - Try: Delayed 2 second(s)

2018-12-13 11:13:55 - [TEST_STEP][PASSED] - Statement - Checker = false: null

2018-12-13 11:13:55 - [TEST_STEP][PASSED] - Statement - Checker = com.kms.katalon.core.webui.keyword.WebUiBuiltInKeywords.verifyElementHasAttribute(com.kms.katalon.core.testobject.ObjectRepository.findTestObject(Final Object Repo/Landing Page/BM Detecting), "href", 20, OPTIONAL): Object 'Object Repository/Final Object Repo/Landing Page/BM Detecting' has attribute 'href'

2018-12-13 11:13:56 - [MESSAGE][PASSED] - Object 'Object Repository/Final Object Repo/Landing Page/BM Detecting' has attribute 'href'

2018-12-13 11:13:56 - [TEST_STEP][PASSED] - Statement - out.println(Checker): null

2018-12-13 11:13:56 - [TEST_STEP][PASSED] - Statement - If (Checker == false): null

2018-12-13 11:13:56 - [TEST_STEP][PASSED] - Statement - Else: null

2018-12-13 11:13:56 - [TEST_STEP][PASSED] - delay: Delayed 2 second(s)

2018-12-13 11:13:58 - [MESSAGE][PASSED] - Delayed 2 second(s)

2018-12-13 11:13:58 - [TEST_STEP][PASSED] - navigateToUrl: Navigate to 'https://assist2-uat.perkeso.gov.my/web/registration/update/form-1a-cessation-as-employer-discontinue-business-' successfully

2018-12-13 11:13:59 - [MESSAGE][PASSED] - Navigate to 'https://assist2-uat.perkeso.gov.my/web/registration/update/form-1a-cessation-as-employer-discontinue-business-' successfully

2018-12-13 11:13:59 - [TEST_STEP][PASSED] - setText: Text 'E1102069770Z' is set on object 'Object Repository/Final Object Repo/Page_Update Employer Information/Employer Code'

2018-12-13 11:13:59 - [MESSAGE][PASSED] - Text 'E1102069770Z' is set on object 'Object Repository/Final Object Repo/Page_Update Employer Information/Employer Code'

2018-12-13 11:13:59 - [TEST_STEP][PASSED] - click: Object: 'Object Repository/Final Object Repo/Page_Update Employer Information/Search Button' is clicked on

2018-12-13 11:14:00 - [MESSAGE][PASSED] - Object: 'Object Repository/Final Object Repo/Page_Update Employer Information/Search Button' is clicked on

2018-12-13 11:14:00 - [TEST_STEP][PASSED] - click: Object: 'Object Repository/Final Object Repo/Page_Update Employer Information/Edit Button' is clicked on

2018-12-13 11:14:03 - [MESSAGE][PASSED] - Object: 'Object Repository/Final Object Repo/Page_Update Employer Information/Edit Button' is clicked on

2018-12-13 11:14:03 - [TEST_STEP][PASSED] - Statement - abc = com.kms.katalon.core.webui.keyword.WebUiBuiltInKeywords.getAttribute(com.kms.katalon.core.testobject.ObjectRepository.findTestObject(Final Object Repo/Page_Form 1A - Cessation As Employer/Employer Status), "value"): Attribute 'value' of object 'Object Repository/Final Object Repo/Page_Form 1A - Cessation As Employer/Employer Status' is: 'Dormant'

2018-12-13 11:14:03 - [MESSAGE][PASSED] - Attribute 'value' of object 'Object Repository/Final Object Repo/Page_Form 1A - Cessation As Employer/Employer Status' is: 'Dormant'

2018-12-13 11:14:03 - [TEST_STEP][PASSED] - Statement - out.println(abc): null

2018-12-13 11:14:03 - [TEST_STEP][PASSED] - Statement - If (abc == "Active"): null

2018-12-13 11:14:03 - [TEST_STEP][PASSED] - Statement - Else If (abc == "Cancel"): null

2018-12-13 11:14:03 - [TEST_STEP][PASSED] - Statement - Else If (abc == "Dormant"): Object: 'Object Repository/Final Object Repo/Page_Form 1A - Cessation As Employer/Change Employer Status to - Dormant' is clicked on

2018-12-13 11:14:03 - [TEST_STEP][PASSED] - click: Object: 'Object Repository/Final Object Repo/Page_Form 1A - Cessation As Employer/Change Employer Status to' is clicked on

2018-12-13 11:14:04 - [MESSAGE][PASSED] - Object: 'Object Repository/Final Object Repo/Page_Form 1A - Cessation As Employer/Change Employer Status to' is clicked on

2018-12-13 11:14:04 - [TEST_STEP][PASSED] - click: Object: 'Object Repository/Final Object Repo/Page_Form 1A - Cessation As Employer/Change Employer Status to - Dormant' is clicked on

2018-12-13 11:14:04 - [MESSAGE][PASSED] - Object: 'Object Repository/Final Object Repo/Page_Form 1A - Cessation As Employer/Change Employer Status to - Dormant' is clicked on

2018-12-13 11:14:04 - [TEST_STEP][PASSED] - click: Object: 'Object Repository/Final Object Repo/Page_Form 1A - Cessation As Employer/Calender' is clicked on

2018-12-13 11:14:04 - [MESSAGE][PASSED] - Object: 'Object Repository/Final Object Repo/Page_Form 1A - Cessation As Employer/Calender' is clicked on

2018-12-13 11:14:04 - [TEST_STEP][PASSED] - click: Object: 'Object Repository/Final Object Repo/Page_Form 1A - Cessation As Employer/Calender - Date' is clicked on

2018-12-13 11:14:04 - [MESSAGE][PASSED] - Object: 'Object Repository/Final Object Repo/Page_Form 1A - Cessation As Employer/Calender - Date' is clicked on

2018-12-13 11:14:04 - [TEST_STEP][PASSED] - delay: Delayed 2 second(s)

2018-12-13 11:14:06 - [MESSAGE][PASSED] - Delayed 2 second(s)

2018-12-13 11:14:06 - [TEST_STEP][PASSED] - click: Object: 'Object Repository/Final Object Repo/Page_Form 1A - Cessation As Employer/Save  Continue in Form 1A Page' is clicked on

2018-12-13 11:14:06 - [MESSAGE][PASSED] - Object: 'Object Repository/Final Object Repo/Page_Form 1A - Cessation As Employer/Save  Continue in Form 1A Page' is clicked on

2018-12-13 11:14:06 - [TEST_STEP][PASSED] - delay: Delayed 2 second(s)

2018-12-13 11:14:08 - [MESSAGE][PASSED] - Delayed 2 second(s)

2018-12-13 11:14:08 - [TEST_STEP][PASSED] - click: Object: 'Object Repository/Final Object Repo/Page_Form 1A - Cessation As Employer/Employment Resign Date' is clicked on

2018-12-13 11:14:09 - [MESSAGE][PASSED] - Object: 'Object Repository/Final Object Repo/Page_Form 1A - Cessation As Employer/Employment Resign Date' is clicked on

2018-12-13 11:14:09 - [TEST_STEP][PASSED] - delay: Delayed 1 second(s)

2018-12-13 11:14:10 - [MESSAGE][PASSED] - Delayed 1 second(s)

2018-12-13 11:14:10 - [TEST_STEP][PASSED] - Statement - CaseReferenceNo = com.kms.katalon.core.webui.keyword.WebUiBuiltInKeywords.getText(com.kms.katalon.core.testobject.ObjectRepository.findTestObject(Final Object Repo/Page_Update Employer Information/Reference Number in Update Employee Information Page)): Text of object 'Object Repository/Final Object Repo/Page_Update Employer Information/Reference Number in Update Employee Information Page' is: 'CUN122018C200001727'

2018-12-13 11:14:10 - [MESSAGE][PASSED] - Text of object 'Object Repository/Final Object Repo/Page_Update Employer Information/Reference Number in Update Employee Information Page' is: 'CUN122018C200001727'

2018-12-13 11:14:10 - [TEST_STEP][PASSED] - callTestCase: Call Test Case 'Test Cases/Final Aug 2018 - PKS Automation/Common/Reference Number Setter' successfully

2018-12-13 11:14:10 - [TEST_CASE][PASSED] - Test Cases/Final Aug 2018 - PKS Automation/Common/Reference Number Setter: Test Cases/Final Aug 2018 - PKS Automation/Common/Reference Number Setter

2018-12-13 11:14:10 - [TEST_STEP][PASSED] - Statement - RefNoOldFile = new java.io.File(C://Users//Admin//Desktop//PKS//Automation Reference Point//KatalonReference.txt): null

2018-12-13 11:14:10 - [TEST_STEP][PASSED] - Statement - RefNoOldFile.delete(): null

2018-12-13 11:14:10 - [TEST_STEP][PASSED] - delay: Delayed 5 second(s)

2018-12-13 11:14:15 - [MESSAGE][PASSED] - Delayed 5 second(s)

2018-12-13 11:14:15 - [TEST_STEP][PASSED] - Statement - RefNo = new java.io.File(C://Users//Admin//Desktop//PKS//Automation Reference Point//KatalonReference.txt): null

2018-12-13 11:14:15 - [TEST_STEP][PASSED] - Statement - f2 = new java.io.FileWriter(RefNo, false): null

2018-12-13 11:14:15 - [TEST_STEP][PASSED] - Statement - f2.write(CaseReferenceNo): null

2018-12-13 11:14:15 - [TEST_STEP][PASSED] - Statement - f2.close(): null

2018-12-13 11:14:15 - [TEST_STEP][PASSED] - Statement - out.println("


" + CaseReferenceNo + "


"): null

2018-12-13 11:14:15 - [MESSAGE][PASSED] - Call Test Case 'Test Cases/Final Aug 2018 - PKS Automation/Common/Reference Number Setter' successfully

2018-12-13 11:14:15 - [TEST_STEP][PASSED] - selectOptionByValue: All options with value '2030' are selected in object 'Object Repository/Final Object Repo/Page_Form 1A - Cessation As Employer/Employment Resign Date - Year' 

2018-12-13 11:14:15 - [MESSAGE][PASSED] - All options with value '2030' are selected in object 'Object Repository/Final Object Repo/Page_Form 1A - Cessation As Employer/Employment Resign Date - Year' 

2018-12-13 11:14:15 - [TEST_STEP][PASSED] - delay: Delayed 1 second(s)

2018-12-13 11:14:16 - [MESSAGE][PASSED] - Delayed 1 second(s)

2018-12-13 11:14:16 - [TEST_STEP][PASSED] - click: Object: 'Object Repository/Final Object Repo/Page_Form 1A - Cessation As Employer/Employment Resign Date - Year - Date' is clicked on

2018-12-13 11:14:16 - [MESSAGE][PASSED] - Object: 'Object Repository/Final Object Repo/Page_Form 1A - Cessation As Employer/Employment Resign Date - Year - Date' is clicked on

2018-12-13 11:14:16 - [TEST_STEP][PASSED] - delay: Delayed 2 second(s)

2018-12-13 11:14:18 - [MESSAGE][PASSED] - Delayed 2 second(s)

2018-12-13 11:14:18 - [TEST_STEP][PASSED] - click: Object: 'Object Repository/Final Object Repo/Page_Form 1A - Cessation As Employer/Save  Continue in Update Add Employee Resigned Date Page' is clicked on

2018-12-13 11:14:18 - [MESSAGE][PASSED] - Object: 'Object Repository/Final Object Repo/Page_Form 1A - Cessation As Employer/Save  Continue in Update Add Employee Resigned Date Page' is clicked on

2018-12-13 11:14:18 - [TEST_STEP][PASSED] - delay: Delayed 2 second(s)

2018-12-13 11:14:20 - [MESSAGE][PASSED] - Delayed 2 second(s)

2018-12-13 11:14:20 - [TEST_STEP][PASSED] - click: Object: 'Object Repository/Final Object Repo/Page_Form 1A - Cessation As Employer/Set Latest - Yes' is clicked on

2018-12-13 11:14:21 - [MESSAGE][PASSED] - Object: 'Object Repository/Final Object Repo/Page_Form 1A - Cessation As Employer/Set Latest - Yes' is clicked on

2018-12-13 11:14:21 - [TEST_STEP][PASSED] - delay: Delayed 2 second(s)

2018-12-13 11:14:23 - [MESSAGE][PASSED] - Delayed 2 second(s)

2018-12-13 11:14:23 - [TEST_STEP][PASSED] - click: Object: 'Object Repository/Final Object Repo/Page_Form 1A - Cessation As Employer/Add Document' is clicked on

2018-12-13 11:14:24 - [MESSAGE][PASSED] - Object: 'Object Repository/Final Object Repo/Page_Form 1A - Cessation As Employer/Add Document' is clicked on

2018-12-13 11:14:24 - [TEST_STEP][PASSED] - delay: Delayed 2 second(s)

2018-12-13 11:14:26 - [MESSAGE][PASSED] - Delayed 2 second(s)

2018-12-13 11:14:26 - [TEST_STEP][PASSED] - click: Object: 'Object Repository/Final Object Repo/Page_Form 1A - Cessation As Employer/Document Type' is clicked on

2018-12-13 11:14:27 - [MESSAGE][PASSED] - Object: 'Object Repository/Final Object Repo/Page_Form 1A - Cessation As Employer/Document Type' is clicked on

2018-12-13 11:14:27 - [TEST_STEP][PASSED] - delay: Delayed 2 second(s)

2018-12-13 11:14:29 - [MESSAGE][PASSED] - Delayed 2 second(s)

2018-12-13 11:14:29 - [TEST_STEP][PASSED] - click: Object: 'Object Repository/Final Object Repo/Page_Form 1A - Cessation As Employer/Document Type - Supporting Document For Cessation' is clicked on

2018-12-13 11:14:29 - [MESSAGE][PASSED] - Object: 'Object Repository/Final Object Repo/Page_Form 1A - Cessation As Employer/Document Type - Supporting Document For Cessation' is clicked on

2018-12-13 11:14:29 - [TEST_STEP][PASSED] - delay: Delayed 2 second(s)

2018-12-13 11:14:31 - [MESSAGE][PASSED] - Delayed 2 second(s)

2018-12-13 11:14:31 - [TEST_STEP][PASSED] - sendKeys: Keys 'C:\Users\Public\Pictures\Sample Pictures\Koala.jpg' sent to object: 'Object Repository/Final Object Repo/Page_Form 1A - Cessation As Employer/Uploading File'

2018-12-13 11:14:31 - [MESSAGE][PASSED] - Keys 'C:\Users\Public\Pictures\Sample Pictures\Koala.jpg' sent to object: 'Object Repository/Final Object Repo/Page_Form 1A - Cessation As Employer/Uploading File'

2018-12-13 11:14:31 - [TEST_STEP][PASSED] - delay: Delayed 2 second(s)

2018-12-13 11:14:33 - [MESSAGE][PASSED] - Delayed 2 second(s)

2018-12-13 11:14:33 - [TEST_STEP][PASSED] - click: Object: 'Object Repository/Final Object Repo/Page_Form 1A - Cessation As Employer/Add Document in Uploading Page' is clicked on

2018-12-13 11:14:33 - [MESSAGE][PASSED] - Object: 'Object Repository/Final Object Repo/Page_Form 1A - Cessation As Employer/Add Document in Uploading Page' is clicked on

2018-12-13 11:14:33 - [TEST_STEP][PASSED] - delay: Delayed 20 second(s)

2018-12-13 11:14:53 - [MESSAGE][PASSED] - Delayed 20 second(s)

2018-12-13 11:14:53 - [TEST_STEP][PASSED] - click: Object: 'Object Repository/Final Object Repo/Page_Form 1A - Cessation As Employer/Save  Continue in Uploading Page' is clicked on

2018-12-13 11:14:53 - [MESSAGE][PASSED] - Object: 'Object Repository/Final Object Repo/Page_Form 1A - Cessation As Employer/Save  Continue in Uploading Page' is clicked on

2018-12-13 11:14:53 - [TEST_STEP][PASSED] - delay: Delayed 2 second(s)

2018-12-13 11:14:55 - [MESSAGE][PASSED] - Delayed 2 second(s)

2018-12-13 11:14:55 - [TEST_STEP][PASSED] - click: Object: 'Object Repository/Final Object Repo/Page_Form 1A - Cessation As Employer/Submit2' is clicked on

2018-12-13 11:14:58 - [MESSAGE][PASSED] - Object: 'Object Repository/Final Object Repo/Page_Form 1A - Cessation As Employer/Submit2' is clicked on

2018-12-13 11:14:58 - [TEST_STEP][PASSED] - delay: Delayed 2 second(s)

2018-12-13 11:15:00 - [MESSAGE][PASSED] - Delayed 2 second(s)

2018-12-13 11:15:00 - [TEST_STEP][PASSED] - click: Object: 'Object Repository/Final Object Repo/Page_Form 1A - Cessation As Employer/Confirm' is clicked on

2018-12-13 11:15:01 - [MESSAGE][PASSED] - Object: 'Object Repository/Final Object Repo/Page_Form 1A - Cessation As Employer/Confirm' is clicked on

2018-12-13 11:15:01 - [TEST_STEP][PASSED] - delay: Delayed 2 second(s)

2018-12-13 11:15:03 - [MESSAGE][PASSED] - Delayed 2 second(s)

2018-12-13 11:15:03 - [TEST_STEP][PASSED] - verifyElementVisible: Object 'Object Repository/Final Object Repo/Page_Form 1A - Cessation As Employer/Message Your Request will be routed to UO' is visible

2018-12-13 11:15:06 - [MESSAGE][PASSED] - Object 'Object Repository/Final Object Repo/Page_Form 1A - Cessation As Employer/Message Your Request will be routed to UO' is visible

2018-12-13 11:15:06 - [TEST_STEP][PASSED] - delay: Delayed 1 second(s)

2018-12-13 11:15:07 - [MESSAGE][PASSED] - Delayed 1 second(s)

2018-12-13 11:15:07 - [TEST_STEP][PASSED] - verifyElementVisible: Object 'Object Repository/Final Object Repo/Page_Form 1A - Cessation As Employer/Letter of acknowledgement' is visible

2018-12-13 11:15:07 - [MESSAGE][PASSED] - Object 'Object Repository/Final Object Repo/Page_Form 1A - Cessation As Employer/Letter of acknowledgement' is visible

2018-12-13 11:15:07 - [MESSAGE][PASSED] - Call Test Case 'Test Cases/Final Aug 2018 - PKS Automation/Registration Module/Workflow/Form 1A - Cessation As Employer/Template/Form 1 A - Cessation As Employer (OTC)' successfully

2018-12-13 11:15:07 - [TEST_STEP][PASSED] - callTestCase: Call Test Case 'Test Cases/Final Aug 2018 - PKS Automation/Registration Module/Workflow/Form 1A - Cessation As Employer/Template/Form 1 A - Cessation As Employer (Query)' successfully

2018-12-13 11:15:07 - [TEST_CASE][PASSED] - Test Cases/Final Aug 2018 - PKS Automation/Registration Module/Workflow/Form 1A - Cessation As Employer/Template/Form 1 A - Cessation As Employer (Query): Test Cases/Final Aug 2018 - PKS Automation/Registration Module/Workflow/Form 1A - Cessation As Employer/Template/Form 1 A - Cessation As Employer (Query)

2018-12-13 11:15:07 - [TEST_STEP][NOT_RUN] - callTestCase: NOT_RUN: callTestCase

2018-12-13 11:15:07 - [MESSAGE][NOT_RUN] - NOT_RUN: callTestCase

2018-12-13 11:15:07 - [TEST_STEP][PASSED] - delay: Delayed 1 second(s)

2018-12-13 11:15:08 - [MESSAGE][PASSED] - Delayed 1 second(s)

2018-12-13 11:15:08 - [TEST_STEP][PASSED] - navigateToUrl: Navigate to 'https://assist2-uat.perkeso.gov.my/c/portal/logout' successfully

2018-12-13 11:15:09 - [MESSAGE][PASSED] - Navigate to 'https://assist2-uat.perkeso.gov.my/c/portal/logout' successfully

2018-12-13 11:15:09 - [TEST_STEP][PASSED] - delay: Delayed 1 second(s)

2018-12-13 11:15:10 - [MESSAGE][PASSED] - Delayed 1 second(s)

2018-12-13 11:15:10 - [TEST_STEP][PASSED] - callTestCase: Call Test Case 'Test Cases/Final Aug 2018 - PKS Automation/Common/Reference Number Getter' successfully

2018-12-13 11:15:10 - [TEST_CASE][PASSED] - Test Cases/Final Aug 2018 - PKS Automation/Common/Reference Number Getter: Test Cases/Final Aug 2018 - PKS Automation/Common/Reference Number Getter

2018-12-13 11:15:10 - [TEST_STEP][PASSED] - Statement - Try: null

2018-12-13 11:15:10 - [TEST_STEP][PASSED] - Statement - RefNo = new java.io.File(C://Users//Admin//Desktop//PKS//Automation Reference Point//KatalonReference.txt): null

2018-12-13 11:15:10 - [TEST_STEP][PASSED] - Statement - bufferread = new java.io.BufferedReader(new java.io.FileReader(RefNo)): null

2018-12-13 11:15:10 - [TEST_STEP][PASSED] - Statement - readedVal = bufferread.readLine(): null

2018-12-13 11:15:10 - [TEST_STEP][PASSED] - Statement - out.println(CaseReferenceNo): null

2018-12-13 11:15:10 - [TEST_STEP][PASSED] - Statement - out.println(readedVal): null

2018-12-13 11:15:10 - [TEST_STEP][PASSED] - Statement - CaseReferenceNo = "": null

2018-12-13 11:15:10 - [TEST_STEP][PASSED] - Statement - CaseReferenceNo = readedVal: null

2018-12-13 11:15:10 - [MESSAGE][PASSED] - Call Test Case 'Test Cases/Final Aug 2018 - PKS Automation/Common/Reference Number Getter' successfully

2018-12-13 11:15:10 - [TEST_STEP][PASSED] - callTestCase: Call Test Case 'Test Cases/Final Aug 2018 - PKS Automation/Common/Workflow Owner Finder' successfully

2018-12-13 11:15:10 - [TEST_CASE][PASSED] - Test Cases/Final Aug 2018 - PKS Automation/Common/Workflow Owner Finder: Test Cases/Final Aug 2018 - PKS Automation/Common/Workflow Owner Finder

2018-12-13 11:15:10 - [TEST_STEP][PASSED] - openBrowser: Browser is opened with url: ''

2018-12-13 11:15:10 - [MESSAGE][WARNING] - A browser is already opened. Closing browser and opening a new one

2018-12-13 11:15:13 - [MESSAGE][PASSED] - Browser is opened with url: ''

2018-12-13 11:15:13 - [TEST_STEP][PASSED] - navigateToUrl: Navigate to 'https://assist2-uat.perkeso.gov.my/login' successfully

2018-12-13 11:15:14 - [MESSAGE][PASSED] - Navigate to 'https://assist2-uat.perkeso.gov.my/login' successfully

2018-12-13 11:15:14 - [TEST_STEP][PASSED] - delay: Delayed 5 second(s)

2018-12-13 11:15:19 - [MESSAGE][PASSED] - Delayed 5 second(s)

2018-12-13 11:15:19 - [TEST_STEP][PASSED] - setText: Text 'test@liferay.com' is set on object 'Object Repository/Final Object Repo/Login Page/Internal User/Email Address'

2018-12-13 11:15:20 - [MESSAGE][PASSED] - Text 'test@liferay.com' is set on object 'Object Repository/Final Object Repo/Login Page/Internal User/Email Address'

2018-12-13 11:15:20 - [TEST_STEP][PASSED] - click: Object: 'Object Repository/Final Object Repo/Login Page/Internal User/Next Button' is clicked on

2018-12-13 11:15:20 - [MESSAGE][PASSED] - Object: 'Object Repository/Final Object Repo/Login Page/Internal User/Next Button' is clicked on

2018-12-13 11:15:20 - [TEST_STEP][PASSED] - delay: Delayed 2 second(s)

2018-12-13 11:15:22 - [MESSAGE][PASSED] - Delayed 2 second(s)

2018-12-13 11:15:22 - [TEST_STEP][PASSED] - setText: Text 'test' is set on object 'Object Repository/Final Object Repo/Login Page/Internal User/Password'

2018-12-13 11:15:22 - [MESSAGE][PASSED] - Text 'test' is set on object 'Object Repository/Final Object Repo/Login Page/Internal User/Password'

2018-12-13 11:15:22 - [TEST_STEP][PASSED] - delay: Delayed 2 second(s)

2018-12-13 11:15:24 - [MESSAGE][PASSED] - Delayed 2 second(s)

2018-12-13 11:15:24 - [TEST_STEP][PASSED] - click: Object: 'Object Repository/Final Object Repo/Login Page/Internal User/Login Button' is clicked on

2018-12-13 11:15:24 - [MESSAGE][PASSED] - Object: 'Object Repository/Final Object Repo/Login Page/Internal User/Login Button' is clicked on

2018-12-13 11:15:24 - [TEST_STEP][PASSED] - Statement - tester = com.kms.katalon.core.testobject.ObjectRepository.findTestObject(Final Object Repo/Landing Page/Select to English): Finding Test Object with id 'Object Repository/Final Object Repo/Landing Page/Select to English'

2018-12-13 11:15:24 - [TEST_STEP][PASSED] - Statement - Try: Delayed 2 second(s)

2018-12-13 11:15:24 - [TEST_STEP][PASSED] - Statement - Checker = com.kms.katalon.core.webui.keyword.WebUiBuiltInKeywords.verifyElementNotPresent(tester, 3): Web element with id: 'Object Repository/Final Object Repo/Landing Page/Select to English' located by 'By.xpath: //a[@class = 'taglib-language-list-text' and @lang = 'en-US' and (contains(text(), 'EN') or contains(., 'EN'))]' is not present after '3' second(s)

2018-12-13 11:15:26 - [MESSAGE][PASSED] - Web element with id: 'Object Repository/Final Object Repo/Landing Page/Select to English' located by 'By.xpath: //a[@class = 'taglib-language-list-text' and @lang = 'en-US' and (contains(text(), 'EN') or contains(., 'EN'))]' is not present after '3' second(s)

2018-12-13 11:15:26 - [TEST_STEP][PASSED] - Statement - If (Checker == false): null

2018-12-13 11:15:26 - [TEST_STEP][PASSED] - delay: Delayed 2 second(s)

2018-12-13 11:15:28 - [MESSAGE][PASSED] - Delayed 2 second(s)

2018-12-13 11:15:28 - [TEST_STEP][PASSED] - delay: Delayed 5 second(s)

2018-12-13 11:15:33 - [MESSAGE][PASSED] - Delayed 5 second(s)

2018-12-13 11:15:33 - [TEST_STEP][PASSED] - mouseOver: Object: 'Object Repository/Final Object Repo/Landing Page/WorkFlow Menu' is hovered

2018-12-13 11:15:33 - [MESSAGE][PASSED] - Object: 'Object Repository/Final Object Repo/Landing Page/WorkFlow Menu' is hovered

2018-12-13 11:15:33 - [TEST_STEP][PASSED] - delay: Delayed 2 second(s)

2018-12-13 11:15:35 - [MESSAGE][PASSED] - Delayed 2 second(s)

2018-12-13 11:15:35 - [TEST_STEP][PASSED] - click: Object: 'Object Repository/Final Object Repo/Landing Page/Select to Workflow Listing' is clicked on

2018-12-13 11:15:37 - [MESSAGE][PASSED] - Object: 'Object Repository/Final Object Repo/Landing Page/Select to Workflow Listing' is clicked on

2018-12-13 11:15:37 - [TEST_STEP][PASSED] - delay: Delayed 2 second(s)

2018-12-13 11:15:39 - [MESSAGE][PASSED] - Delayed 2 second(s)

2018-12-13 11:15:39 - [TEST_STEP][PASSED] - click: Object: 'Object Repository/Final Object Repo/WorkFlow Listing Page/Search Information - To Put Ref No' is clicked on

2018-12-13 11:15:39 - [MESSAGE][PASSED] - Object: 'Object Repository/Final Object Repo/WorkFlow Listing Page/Search Information - To Put Ref No' is clicked on

2018-12-13 11:15:39 - [TEST_STEP][PASSED] - delay: Delayed 2 second(s)

2018-12-13 11:15:41 - [MESSAGE][PASSED] - Delayed 2 second(s)

2018-12-13 11:15:41 - [TEST_STEP][PASSED] - callTestCase: Call Test Case 'Test Cases/Final Aug 2018 - PKS Automation/Common/Reference Number Getter' successfully

2018-12-13 11:15:41 - [TEST_CASE][PASSED] - Test Cases/Final Aug 2018 - PKS Automation/Common/Reference Number Getter: Test Cases/Final Aug 2018 - PKS Automation/Common/Reference Number Getter

2018-12-13 11:15:41 - [TEST_STEP][PASSED] - Statement - Try: null

2018-12-13 11:15:41 - [TEST_STEP][PASSED] - Statement - RefNo = new java.io.File(C://Users//Admin//Desktop//PKS//Automation Reference Point//KatalonReference.txt): null

2018-12-13 11:15:41 - [TEST_STEP][PASSED] - Statement - bufferread = new java.io.BufferedReader(new java.io.FileReader(RefNo)): null

2018-12-13 11:15:41 - [TEST_STEP][PASSED] - Statement - readedVal = bufferread.readLine(): null

2018-12-13 11:15:41 - [TEST_STEP][PASSED] - Statement - out.println(CaseReferenceNo): null

2018-12-13 11:15:41 - [TEST_STEP][PASSED] - Statement - out.println(readedVal): null

2018-12-13 11:15:41 - [TEST_STEP][PASSED] - Statement - CaseReferenceNo = "": null

2018-12-13 11:15:41 - [TEST_STEP][PASSED] - Statement - CaseReferenceNo = readedVal: null

2018-12-13 11:15:41 - [MESSAGE][PASSED] - Call Test Case 'Test Cases/Final Aug 2018 - PKS Automation/Common/Reference Number Getter' successfully

2018-12-13 11:15:41 - [TEST_STEP][PASSED] - setText: Text 'CUN122018C200001727' is set on object 'Object Repository/Final Object Repo/WorkFlow Listing Page/Ref No Set Text'

2018-12-13 11:15:41 - [MESSAGE][PASSED] - Text 'CUN122018C200001727' is set on object 'Object Repository/Final Object Repo/WorkFlow Listing Page/Ref No Set Text'

2018-12-13 11:15:41 - [TEST_STEP][PASSED] - delay: Delayed 2 second(s)

2018-12-13 11:15:43 - [MESSAGE][PASSED] - Delayed 2 second(s)

2018-12-13 11:15:43 - [TEST_STEP][PASSED] - click: Object: 'Object Repository/Final Object Repo/WorkFlow Listing Page/Search Ref No Search Button' is clicked on

2018-12-13 11:15:43 - [MESSAGE][PASSED] - Object: 'Object Repository/Final Object Repo/WorkFlow Listing Page/Search Ref No Search Button' is clicked on

2018-12-13 11:15:43 - [TEST_STEP][PASSED] - delay: Delayed 6 second(s)

2018-12-13 11:15:49 - [MESSAGE][PASSED] - Delayed 6 second(s)

2018-12-13 11:15:49 - [TEST_STEP][PASSED] - click: Object: 'Object Repository/Final Object Repo/WorkFlow Listing Page/Click Continue Tooltip' is clicked on

2018-12-13 11:15:50 - [MESSAGE][PASSED] - Object: 'Object Repository/Final Object Repo/WorkFlow Listing Page/Click Continue Tooltip' is clicked on

2018-12-13 11:15:50 - [TEST_STEP][PASSED] - delay: Delayed 5 second(s)

2018-12-13 11:15:55 - [MESSAGE][PASSED] - Delayed 5 second(s)

2018-12-13 11:15:55 - [TEST_STEP][PASSED] - doubleClick: Object: 'Object Repository/Final Object Repo/WorkFlow Listing Page/Workflow Found - Listing 1' is double clicked on

2018-12-13 11:15:56 - [MESSAGE][PASSED] - Object: 'Object Repository/Final Object Repo/WorkFlow Listing Page/Workflow Found - Listing 1' is double clicked on

2018-12-13 11:15:56 - [TEST_STEP][PASSED] - Statement - println(OwnerID): null

2018-12-13 11:15:56 - [TEST_STEP][PASSED] - Statement - OwnerID = com.kms.katalon.core.webui.keyword.WebUiBuiltInKeywords.getText(com.kms.katalon.core.testobject.ObjectRepository.findTestObject(Final Object Repo/WorkFlow Listing Page/Workflow Found - Listing 1), STOP_ON_FAILURE): Text of object 'Object Repository/Final Object Repo/WorkFlow Listing Page/Workflow Found - Listing 1' is: 'JOHORuo3'

2018-12-13 11:15:56 - [MESSAGE][PASSED] - Text of object 'Object Repository/Final Object Repo/WorkFlow Listing Page/Workflow Found - Listing 1' is: 'JOHORuo3'

2018-12-13 11:15:56 - [TEST_STEP][PASSED] - Statement - OwnerID = OwnerID.toLowerCase() + "@gmail.com": null

2018-12-13 11:15:56 - [TEST_STEP][PASSED] - Statement - println(OwnerID): null

2018-12-13 11:15:56 - [TEST_STEP][PASSED] - delay: Delayed 2 second(s)

2018-12-13 11:15:58 - [MESSAGE][PASSED] - Delayed 2 second(s)

2018-12-13 11:15:58 - [MESSAGE][PASSED] - Call Test Case 'Test Cases/Final Aug 2018 - PKS Automation/Common/Workflow Owner Finder' successfully

2018-12-13 11:15:58 - [TEST_STEP][PASSED] - delay: Delayed 1 second(s)

2018-12-13 11:15:59 - [MESSAGE][PASSED] - Delayed 1 second(s)

2018-12-13 11:15:59 - [TEST_STEP][PASSED] - navigateToUrl: Navigate to 'https://assist2-uat.perkeso.gov.my/c/portal/logout' successfully

2018-12-13 11:16:00 - [MESSAGE][PASSED] - Navigate to 'https://assist2-uat.perkeso.gov.my/c/portal/logout' successfully

2018-12-13 11:16:00 - [TEST_STEP][PASSED] - delay: Delayed 1 second(s)

2018-12-13 11:16:01 - [MESSAGE][PASSED] - Delayed 1 second(s)

2018-12-13 11:16:01 - [TEST_STEP][PASSED] - callTestCase: Call Test Case 'Test Cases/Final Aug 2018 - PKS Automation/Registration Module/Workflow/Login and Search Case For Workflow' successfully

2018-12-13 11:16:01 - [TEST_CASE][PASSED] - Test Cases/Final Aug 2018 - PKS Automation/Registration Module/Workflow/Login and Search Case For Workflow: Test Cases/Final Aug 2018 - PKS Automation/Registration Module/Workflow/Login and Search Case For Workflow

2018-12-13 11:16:01 - [TEST_STEP][PASSED] - navigateToUrl: Navigate to 'https://assist2-uat.perkeso.gov.my/login' successfully

2018-12-13 11:16:01 - [MESSAGE][PASSED] - Navigate to 'https://assist2-uat.perkeso.gov.my/login' successfully

2018-12-13 11:16:01 - [TEST_STEP][PASSED] - setText: Text 'johoruo3@gmail.com' is set on object 'Object Repository/Final Object Repo/Login Page/Internal User/Email Address'

2018-12-13 11:16:02 - [MESSAGE][PASSED] - Text 'johoruo3@gmail.com' is set on object 'Object Repository/Final Object Repo/Login Page/Internal User/Email Address'

2018-12-13 11:16:02 - [TEST_STEP][PASSED] - click: Object: 'Object Repository/Final Object Repo/Login Page/Internal User/Next Button' is clicked on

2018-12-13 11:16:02 - [MESSAGE][PASSED] - Object: 'Object Repository/Final Object Repo/Login Page/Internal User/Next Button' is clicked on

2018-12-13 11:16:02 - [TEST_STEP][PASSED] - delay: Delayed 1 second(s)

2018-12-13 11:16:03 - [MESSAGE][PASSED] - Delayed 1 second(s)

2018-12-13 11:16:03 - [TEST_STEP][PASSED] - setEncryptedText: Text ****** has been set on object 'Object Repository/Final Object Repo/Login Page/Internal User/Password'

2018-12-13 11:16:03 - [MESSAGE][PASSED] - Text ****** has been set on object 'Object Repository/Final Object Repo/Login Page/Internal User/Password'

2018-12-13 11:16:03 - [TEST_STEP][PASSED] - click: Object: 'Object Repository/Final Object Repo/Login Page/Internal User/Login Button' is clicked on

2018-12-13 11:16:03 - [MESSAGE][PASSED] - Object: 'Object Repository/Final Object Repo/Login Page/Internal User/Login Button' is clicked on

2018-12-13 11:16:03 - [TEST_STEP][PASSED] - delay: Delayed 2 second(s)

2018-12-13 11:16:05 - [MESSAGE][PASSED] - Delayed 2 second(s)

2018-12-13 11:16:05 - [TEST_STEP][PASSED] - Statement - Try: Delayed 2 second(s)

2018-12-13 11:16:05 - [TEST_STEP][PASSED] - Statement - Checker = false: null

2018-12-13 11:16:05 - [TEST_STEP][PASSED] - Statement - Checker = com.kms.katalon.core.webui.keyword.WebUiBuiltInKeywords.verifyElementHasAttribute(com.kms.katalon.core.testobject.ObjectRepository.findTestObject(Final Object Repo/Landing Page/BM Detecting), "href", 20, OPTIONAL): Object 'Object Repository/Final Object Repo/Landing Page/BM Detecting' has attribute 'href'

2018-12-13 11:16:06 - [MESSAGE][PASSED] - Object 'Object Repository/Final Object Repo/Landing Page/BM Detecting' has attribute 'href'

2018-12-13 11:16:06 - [TEST_STEP][PASSED] - Statement - out.println(Checker): null

2018-12-13 11:16:06 - [TEST_STEP][PASSED] - Statement - If (Checker == false): null

2018-12-13 11:16:06 - [TEST_STEP][PASSED] - Statement - Else: null

2018-12-13 11:16:06 - [TEST_STEP][PASSED] - delay: Delayed 2 second(s)

2018-12-13 11:16:08 - [MESSAGE][PASSED] - Delayed 2 second(s)

2018-12-13 11:16:08 - [TEST_STEP][PASSED] - click: Object: 'Object Repository/Final Object Repo/Page_MyASSIST - ASSIST - Search Pending Case For Add Supporting Document/Search Information' is clicked on

2018-12-13 11:16:08 - [MESSAGE][PASSED] - Object: 'Object Repository/Final Object Repo/Page_MyASSIST - ASSIST - Search Pending Case For Add Supporting Document/Search Information' is clicked on

2018-12-13 11:16:08 - [TEST_STEP][PASSED] - delay: Delayed 3 second(s)

2018-12-13 11:16:11 - [MESSAGE][PASSED] - Delayed 3 second(s)

2018-12-13 11:16:11 - [TEST_STEP][PASSED] - sendKeys: Keys 'CUN122018C200001727' sent to object: 'Object Repository/Final Object Repo/Page_MyASSIST - ASSIST - Search Pending Case For Add Supporting Document/Reference No'

2018-12-13 11:16:11 - [MESSAGE][PASSED] - Keys 'CUN122018C200001727' sent to object: 'Object Repository/Final Object Repo/Page_MyASSIST - ASSIST - Search Pending Case For Add Supporting Document/Reference No'

2018-12-13 11:16:11 - [TEST_STEP][PASSED] - click: Object: 'Object Repository/Final Object Repo/Page_MyASSIST - ASSIST - Search Pending Case For Add Supporting Document/Search Reference No' is clicked on

2018-12-13 11:16:12 - [MESSAGE][PASSED] - Object: 'Object Repository/Final Object Repo/Page_MyASSIST - ASSIST - Search Pending Case For Add Supporting Document/Search Reference No' is clicked on

2018-12-13 11:16:12 - [TEST_STEP][PASSED] - delay: Delayed 2 second(s)

2018-12-13 11:16:14 - [MESSAGE][PASSED] - Delayed 2 second(s)

2018-12-13 11:16:14 - [TEST_STEP][PASSED] - click: Object: 'Object Repository/Final Object Repo/Page_MyASSIST - ASSIST - Search Pending Case For Add Supporting Document/Continue' is clicked on

2018-12-13 11:16:17 - [MESSAGE][PASSED] - Object: 'Object Repository/Final Object Repo/Page_MyASSIST - ASSIST - Search Pending Case For Add Supporting Document/Continue' is clicked on

2018-12-13 11:16:17 - [TEST_STEP][PASSED] - delay: Delayed 20 second(s)

2018-12-13 11:16:37 - [MESSAGE][PASSED] - Delayed 20 second(s)

2018-12-13 11:16:37 - [MESSAGE][PASSED] - Call Test Case 'Test Cases/Final Aug 2018 - PKS Automation/Registration Module/Workflow/Login and Search Case For Workflow' successfully

2018-12-13 11:16:37 - [TEST_STEP][PASSED] - click: Object: 'Object Repository/Final Object Repo/Page_Form 1A - Cessation As Employer/Page_Form 1A - Cessation As Employer (Approve)/Save  Continue in Form 1A Page' is clicked on

2018-12-13 11:16:37 - [MESSAGE][PASSED] - Object: 'Object Repository/Final Object Repo/Page_Form 1A - Cessation As Employer/Page_Form 1A - Cessation As Employer (Approve)/Save  Continue in Form 1A Page' is clicked on

2018-12-13 11:16:37 - [TEST_STEP][PASSED] - delay: Delayed 2 second(s)

2018-12-13 11:16:39 - [MESSAGE][PASSED] - Delayed 2 second(s)

2018-12-13 11:16:39 - [TEST_STEP][PASSED] - click: Object: 'Object Repository/Final Object Repo/Page_Form 1A - Cessation As Employer/Employment Resign Date' is clicked on

2018-12-13 11:16:42 - [MESSAGE][PASSED] - Object: 'Object Repository/Final Object Repo/Page_Form 1A - Cessation As Employer/Employment Resign Date' is clicked on

2018-12-13 11:16:42 - [TEST_STEP][PASSED] - delay: Delayed 1 second(s)

2018-12-13 11:16:43 - [MESSAGE][PASSED] - Delayed 1 second(s)

2018-12-13 11:16:43 - [TEST_STEP][PASSED] - selectOptionByValue: All options with value '2030' are selected in object 'Object Repository/Final Object Repo/Page_Form 1A - Cessation As Employer/Employment Resign Date - Year' 

2018-12-13 11:16:43 - [MESSAGE][PASSED] - All options with value '2030' are selected in object 'Object Repository/Final Object Repo/Page_Form 1A - Cessation As Employer/Employment Resign Date - Year' 

2018-12-13 11:16:43 - [TEST_STEP][PASSED] - delay: Delayed 1 second(s)

2018-12-13 11:16:44 - [MESSAGE][PASSED] - Delayed 1 second(s)

2018-12-13 11:16:44 - [TEST_STEP][PASSED] - click: Object: 'Object Repository/Final Object Repo/Page_Form 1A - Cessation As Employer/Employment Resign Date - Year - Date' is clicked on

2018-12-13 11:16:44 - [MESSAGE][PASSED] - Object: 'Object Repository/Final Object Repo/Page_Form 1A - Cessation As Employer/Employment Resign Date - Year - Date' is clicked on

2018-12-13 11:16:44 - [TEST_STEP][PASSED] - delay: Delayed 2 second(s)

2018-12-13 11:16:46 - [MESSAGE][PASSED] - Delayed 2 second(s)

2018-12-13 11:16:46 - [TEST_STEP][PASSED] - click: Object: 'Object Repository/Final Object Repo/Page_Form 1A - Cessation As Employer/Page_Form 1A - Cessation As Employer (Approve)/Save  Continue in Update Add Employee Resigned Date Page' is clicked on

2018-12-13 11:16:46 - [MESSAGE][PASSED] - Object: 'Object Repository/Final Object Repo/Page_Form 1A - Cessation As Employer/Page_Form 1A - Cessation As Employer (Approve)/Save  Continue in Update Add Employee Resigned Date Page' is clicked on

2018-12-13 11:16:46 - [TEST_STEP][PASSED] - delay: Delayed 2 second(s)

2018-12-13 11:16:48 - [MESSAGE][PASSED] - Delayed 2 second(s)

2018-12-13 11:16:48 - [TEST_STEP][PASSED] - click: Object: 'Object Repository/Final Object Repo/Page_Form 1A - Cessation As Employer/Set Latest - Yes' is clicked on

2018-12-13 11:16:48 - [MESSAGE][PASSED] - Object: 'Object Repository/Final Object Repo/Page_Form 1A - Cessation As Employer/Set Latest - Yes' is clicked on

2018-12-13 11:16:48 - [TEST_STEP][PASSED] - delay: Delayed 2 second(s)

2018-12-13 11:16:50 - [MESSAGE][PASSED] - Delayed 2 second(s)

2018-12-13 11:16:50 - [TEST_STEP][PASSED] - setText: Text 'remark' is set on object 'Object Repository/Final Object Repo/Page_Form 1A - Cessation As Employer/Page_Form 1A - Cessation As Employer (Query)/Query - remark'

2018-12-13 11:16:52 - [MESSAGE][PASSED] - Text 'remark' is set on object 'Object Repository/Final Object Repo/Page_Form 1A - Cessation As Employer/Page_Form 1A - Cessation As Employer (Query)/Query - remark'

2018-12-13 11:16:52 - [TEST_STEP][PASSED] - delay: Delayed 2 second(s)

2018-12-13 11:16:54 - [MESSAGE][PASSED] - Delayed 2 second(s)

2018-12-13 11:16:54 - [TEST_STEP][PASSED] - click: Object: 'Object Repository/Final Object Repo/Page_Form 1A - Cessation As Employer/Page_Form 1A - Cessation As Employer (Approve)/Save  Contine in Uploading Document Page' is clicked on

2018-12-13 11:16:54 - [MESSAGE][PASSED] - Object: 'Object Repository/Final Object Repo/Page_Form 1A - Cessation As Employer/Page_Form 1A - Cessation As Employer (Approve)/Save  Contine in Uploading Document Page' is clicked on

2018-12-13 11:16:54 - [TEST_STEP][PASSED] - delay: Delayed 2 second(s)

2018-12-13 11:16:56 - [MESSAGE][PASSED] - Delayed 2 second(s)

2018-12-13 11:16:56 - [TEST_STEP][PASSED] - click: Object: 'Object Repository/Final Object Repo/Page_Form 1A - Cessation As Employer/Page_Form 1A - Cessation As Employer (Query)/Query' is clicked on

2018-12-13 11:16:59 - [MESSAGE][PASSED] - Object: 'Object Repository/Final Object Repo/Page_Form 1A - Cessation As Employer/Page_Form 1A - Cessation As Employer (Query)/Query' is clicked on

2018-12-13 11:16:59 - [TEST_STEP][PASSED] - delay: Delayed 2 second(s)

2018-12-13 11:17:01 - [MESSAGE][PASSED] - Delayed 2 second(s)

2018-12-13 11:17:01 - [TEST_STEP][PASSED] - click: Object: 'Object Repository/Final Object Repo/Page_Form 1A - Cessation As Employer/Page_Form 1A - Cessation As Employer (Query)/Confirm' is clicked on

2018-12-13 11:17:08 - [MESSAGE][PASSED] - Object: 'Object Repository/Final Object Repo/Page_Form 1A - Cessation As Employer/Page_Form 1A - Cessation As Employer (Query)/Confirm' is clicked on

2018-12-13 11:17:08 - [TEST_STEP][PASSED] - delay: Delayed 2 second(s)

2018-12-13 11:17:10 - [MESSAGE][PASSED] - Delayed 2 second(s)

2018-12-13 11:17:10 - [TEST_STEP][PASSED] - verifyElementVisible: Object 'Object Repository/Final Object Repo/Page_Form 1A - Cessation As Employer/Page_Form 1A - Cessation As Employer (Query)/MessageThe Case Is Under Query' is visible

2018-12-13 11:17:10 - [MESSAGE][PASSED] - Object 'Object Repository/Final Object Repo/Page_Form 1A - Cessation As Employer/Page_Form 1A - Cessation As Employer (Query)/MessageThe Case Is Under Query' is visible

2018-12-13 11:17:10 - [TEST_STEP][PASSED] - delay: Delayed 1 second(s)

2018-12-13 11:17:11 - [MESSAGE][PASSED] - Delayed 1 second(s)

2018-12-13 11:17:11 - [TEST_STEP][PASSED] - verifyElementVisible: Object 'Object Repository/Final Object Repo/Page_Form 1A - Cessation As Employer/Page_Form 1A - Cessation As Employer (Query)/Letter of inquiry' is visible

2018-12-13 11:17:11 - [MESSAGE][PASSED] - Object 'Object Repository/Final Object Repo/Page_Form 1A - Cessation As Employer/Page_Form 1A - Cessation As Employer (Query)/Letter of inquiry' is visible

2018-12-13 11:17:11 - [TEST_STEP][PASSED] - delay: Delayed 1 second(s)

2018-12-13 11:17:12 - [MESSAGE][PASSED] - Delayed 1 second(s)

2018-12-13 11:17:12 - [TEST_STEP][PASSED] - navigateToUrl: Navigate to 'https://assist2-uat.perkeso.gov.my/c/portal/logout' successfully

2018-12-13 11:17:12 - [MESSAGE][PASSED] - Navigate to 'https://assist2-uat.perkeso.gov.my/c/portal/logout' successfully

2018-12-13 11:17:12 - [TEST_STEP][PASSED] - delay: Delayed 1 second(s)

2018-12-13 11:17:13 - [MESSAGE][PASSED] - Delayed 1 second(s)

2018-12-13 11:17:13 - [TEST_STEP][PASSED] - callTestCase: Call Test Case 'Test Cases/Final Aug 2018 - PKS Automation/Registration Module/Workflow/Search Pending Case For Add Supporting Document (OTC)' successfully

2018-12-13 11:17:14 - [TEST_CASE][PASSED] - Test Cases/Final Aug 2018 - PKS Automation/Registration Module/Workflow/Search Pending Case For Add Supporting Document (OTC): Test Cases/Final Aug 2018 - PKS Automation/Registration Module/Workflow/Search Pending Case For Add Supporting Document (OTC)

2018-12-13 11:17:14 - [TEST_STEP][PASSED] - openBrowser: Browser is opened with url: ''

2018-12-13 11:17:14 - [MESSAGE][WARNING] - A browser is already opened. Closing browser and opening a new one

2018-12-13 11:17:16 - [MESSAGE][PASSED] - Browser is opened with url: ''

2018-12-13 11:17:16 - [TEST_STEP][PASSED] - navigateToUrl: Navigate to 'https://assist2-uat.perkeso.gov.my/login' successfully

2018-12-13 11:17:18 - [MESSAGE][PASSED] - Navigate to 'https://assist2-uat.perkeso.gov.my/login' successfully

2018-12-13 11:17:18 - [TEST_STEP][PASSED] - setText: Text 'johorotc1@gmail.com' is set on object 'Object Repository/Final Object Repo/Login Page/Internal User/Email Address'

2018-12-13 11:17:18 - [MESSAGE][PASSED] - Text 'johorotc1@gmail.com' is set on object 'Object Repository/Final Object Repo/Login Page/Internal User/Email Address'

2018-12-13 11:17:18 - [TEST_STEP][PASSED] - click: Object: 'Object Repository/Final Object Repo/Login Page/Internal User/Next Button' is clicked on

2018-12-13 11:17:18 - [MESSAGE][PASSED] - Object: 'Object Repository/Final Object Repo/Login Page/Internal User/Next Button' is clicked on

2018-12-13 11:17:18 - [TEST_STEP][PASSED] - delay: Delayed 1 second(s)

2018-12-13 11:17:19 - [MESSAGE][PASSED] - Delayed 1 second(s)

2018-12-13 11:17:19 - [TEST_STEP][PASSED] - setEncryptedText: Text ****** has been set on object 'Object Repository/Final Object Repo/Login Page/Internal User/Password'

2018-12-13 11:17:19 - [MESSAGE][PASSED] - Text ****** has been set on object 'Object Repository/Final Object Repo/Login Page/Internal User/Password'

2018-12-13 11:17:19 - [TEST_STEP][PASSED] - click: Object: 'Object Repository/Final Object Repo/Login Page/Internal User/Login Button' is clicked on

2018-12-13 11:17:20 - [MESSAGE][PASSED] - Object: 'Object Repository/Final Object Repo/Login Page/Internal User/Login Button' is clicked on

2018-12-13 11:17:20 - [TEST_STEP][PASSED] - delay: Delayed 1 second(s)

2018-12-13 11:17:21 - [MESSAGE][PASSED] - Delayed 1 second(s)

2018-12-13 11:17:21 - [TEST_STEP][PASSED] - Statement - Try: Delayed 2 second(s)

2018-12-13 11:17:21 - [TEST_STEP][PASSED] - Statement - Checker = false: null

2018-12-13 11:17:21 - [TEST_STEP][PASSED] - Statement - Checker = com.kms.katalon.core.webui.keyword.WebUiBuiltInKeywords.verifyElementHasAttribute(com.kms.katalon.core.testobject.ObjectRepository.findTestObject(Final Object Repo/Landing Page/BM Detecting), "href", 20, OPTIONAL): Object 'Object Repository/Final Object Repo/Landing Page/BM Detecting' has attribute 'href'

2018-12-13 11:17:21 - [MESSAGE][PASSED] - Object 'Object Repository/Final Object Repo/Landing Page/BM Detecting' has attribute 'href'

2018-12-13 11:17:21 - [TEST_STEP][PASSED] - Statement - out.println(Checker): null

2018-12-13 11:17:21 - [TEST_STEP][PASSED] - Statement - If (Checker == false): null

2018-12-13 11:17:21 - [TEST_STEP][PASSED] - Statement - Else: null

2018-12-13 11:17:21 - [TEST_STEP][PASSED] - delay: Delayed 2 second(s)

2018-12-13 11:17:23 - [MESSAGE][PASSED] - Delayed 2 second(s)

2018-12-13 11:17:23 - [TEST_STEP][PASSED] - navigateToUrl: Navigate to 'https://assist2-uat.perkeso.gov.my/web/registration/search/search-pending-case-for-add-supporting-document' successfully

2018-12-13 11:17:24 - [MESSAGE][PASSED] - Navigate to 'https://assist2-uat.perkeso.gov.my/web/registration/search/search-pending-case-for-add-supporting-document' successfully

2018-12-13 11:17:24 - [TEST_STEP][PASSED] - click: Object: 'Object Repository/Final Object Repo/Page_Search Pending Case For Add Suporting Document/Search By' is clicked on

2018-12-13 11:17:24 - [MESSAGE][PASSED] - Object: 'Object Repository/Final Object Repo/Page_Search Pending Case For Add Suporting Document/Search By' is clicked on

2018-12-13 11:17:24 - [TEST_STEP][PASSED] - click: Object: 'Object Repository/Final Object Repo/Page_Search Pending Case For Add Suporting Document/Search By - Reference ID' is clicked on

2018-12-13 11:17:25 - [MESSAGE][PASSED] - Object: 'Object Repository/Final Object Repo/Page_Search Pending Case For Add Suporting Document/Search By - Reference ID' is clicked on

2018-12-13 11:17:25 - [TEST_STEP][PASSED] - delay: Delayed 2 second(s)

2018-12-13 11:17:27 - [MESSAGE][PASSED] - Delayed 2 second(s)

2018-12-13 11:17:27 - [TEST_STEP][PASSED] - setText: Text 'CUN122018C200001727' is set on object 'Object Repository/Final Object Repo/Page_Search Pending Case For Add Suporting Document/Reference ID'

2018-12-13 11:17:27 - [MESSAGE][PASSED] - Text 'CUN122018C200001727' is set on object 'Object Repository/Final Object Repo/Page_Search Pending Case For Add Suporting Document/Reference ID'

2018-12-13 11:17:27 - [TEST_STEP][PASSED] - click: Object: 'Object Repository/Final Object Repo/Page_Search Pending Case For Add Suporting Document/Search' is clicked on

2018-12-13 11:17:27 - [MESSAGE][PASSED] - Object: 'Object Repository/Final Object Repo/Page_Search Pending Case For Add Suporting Document/Search' is clicked on

2018-12-13 11:17:27 - [TEST_STEP][PASSED] - delay: Delayed 2 second(s)

2018-12-13 11:17:29 - [MESSAGE][PASSED] - Delayed 2 second(s)

2018-12-13 11:17:29 - [TEST_STEP][PASSED] - click: Object: 'Object Repository/Final Object Repo/Page_Search Pending Case For Add Suporting Document/Edit' is clicked on

2018-12-13 11:17:32 - [MESSAGE][PASSED] - Object: 'Object Repository/Final Object Repo/Page_Search Pending Case For Add Suporting Document/Edit' is clicked on

2018-12-13 11:17:32 - [MESSAGE][PASSED] - Call Test Case 'Test Cases/Final Aug 2018 - PKS Automation/Registration Module/Workflow/Search Pending Case For Add Supporting Document (OTC)' successfully

2018-12-13 11:17:32 - [TEST_STEP][PASSED] - click: Object: 'Object Repository/Final Object Repo/Page_Form 1A - Cessation As Employer/Page_Form 1A - Cessation As Employer (Query -OTC -UO)/Next in Form 1A Page' is clicked on

2018-12-13 11:17:33 - [MESSAGE][PASSED] - Object: 'Object Repository/Final Object Repo/Page_Form 1A - Cessation As Employer/Page_Form 1A - Cessation As Employer (Query -OTC -UO)/Next in Form 1A Page' is clicked on

2018-12-13 11:17:33 - [TEST_STEP][PASSED] - delay: Delayed 2 second(s)

2018-12-13 11:17:35 - [MESSAGE][PASSED] - Delayed 2 second(s)

2018-12-13 11:17:35 - [TEST_STEP][PASSED] - click: Object: 'Object Repository/Final Object Repo/Page_Form 1A - Cessation As Employer/Page_Form 1A - Cessation As Employer (Query -OTC -UO)/Next in Resigned Date Page' is clicked on

2018-12-13 11:17:38 - [MESSAGE][PASSED] - Object: 'Object Repository/Final Object Repo/Page_Form 1A - Cessation As Employer/Page_Form 1A - Cessation As Employer (Query -OTC -UO)/Next in Resigned Date Page' is clicked on

2018-12-13 11:17:38 - [TEST_STEP][PASSED] - delay: Delayed 2 second(s)

2018-12-13 11:17:40 - [MESSAGE][PASSED] - Delayed 2 second(s)

2018-12-13 11:17:40 - [TEST_STEP][PASSED] - click: Object: 'Object Repository/Final Object Repo/Page_Form 1A - Cessation As Employer/Page_Form 1A - Cessation As Employer (Query -OTC -UO)/Add Document' is clicked on

2018-12-13 11:17:41 - [MESSAGE][PASSED] - Object: 'Object Repository/Final Object Repo/Page_Form 1A - Cessation As Employer/Page_Form 1A - Cessation As Employer (Query -OTC -UO)/Add Document' is clicked on

2018-12-13 11:17:41 - [TEST_STEP][PASSED] - delay: Delayed 2 second(s)

2018-12-13 11:17:43 - [MESSAGE][PASSED] - Delayed 2 second(s)

2018-12-13 11:17:43 - [TEST_STEP][PASSED] - click: Object: 'Object Repository/Final Object Repo/Page_Form 1A - Cessation As Employer/Page_Form 1A - Cessation As Employer (Query -OTC -UO)/Document Type' is clicked on

2018-12-13 11:17:44 - [MESSAGE][PASSED] - Object: 'Object Repository/Final Object Repo/Page_Form 1A - Cessation As Employer/Page_Form 1A - Cessation As Employer (Query -OTC -UO)/Document Type' is clicked on

2018-12-13 11:17:44 - [TEST_STEP][PASSED] - click: Object: 'Object Repository/Final Object Repo/Page_Form 1A - Cessation As Employer/Page_Form 1A - Cessation As Employer (Query -OTC -UO)/Document Type - Others' is clicked on

2018-12-13 11:17:44 - [MESSAGE][PASSED] - Object: 'Object Repository/Final Object Repo/Page_Form 1A - Cessation As Employer/Page_Form 1A - Cessation As Employer (Query -OTC -UO)/Document Type - Others' is clicked on

2018-12-13 11:17:44 - [TEST_STEP][PASSED] - delay: Delayed 2 second(s)

2018-12-13 11:17:46 - [MESSAGE][PASSED] - Delayed 2 second(s)

2018-12-13 11:17:46 - [TEST_STEP][PASSED] - sendKeys: Keys 'C:\Users\Public\Pictures\Sample Pictures\Koala.jpg' sent to object: 'Object Repository/Final Object Repo/Page_Form 1A - Cessation As Employer/Uploading File'

2018-12-13 11:17:46 - [MESSAGE][PASSED] - Keys 'C:\Users\Public\Pictures\Sample Pictures\Koala.jpg' sent to object: 'Object Repository/Final Object Repo/Page_Form 1A - Cessation As Employer/Uploading File'

2018-12-13 11:17:46 - [TEST_STEP][PASSED] - delay: Delayed 2 second(s)

2018-12-13 11:17:48 - [MESSAGE][PASSED] - Delayed 2 second(s)

2018-12-13 11:17:48 - [TEST_STEP][PASSED] - click: Object: 'Object Repository/Final Object Repo/Page_Form 1A - Cessation As Employer/Page_Form 1A - Cessation As Employer (Query -OTC -UO)/Add Document in Uploading Page' is clicked on

2018-12-13 11:17:48 - [MESSAGE][PASSED] - Object: 'Object Repository/Final Object Repo/Page_Form 1A - Cessation As Employer/Page_Form 1A - Cessation As Employer (Query -OTC -UO)/Add Document in Uploading Page' is clicked on

2018-12-13 11:17:48 - [TEST_STEP][PASSED] - delay: Delayed 4 second(s)

2018-12-13 11:17:52 - [MESSAGE][PASSED] - Delayed 4 second(s)

2018-12-13 11:17:52 - [TEST_STEP][PASSED] - click: Object: 'Object Repository/Final Object Repo/Page_Form 1A - Cessation As Employer/Page_Form 1A - Cessation As Employer (Query -OTC -UO)/Exit' is clicked on

2018-12-13 11:17:54 - [MESSAGE][PASSED] - Object: 'Object Repository/Final Object Repo/Page_Form 1A - Cessation As Employer/Page_Form 1A - Cessation As Employer (Query -OTC -UO)/Exit' is clicked on

2018-12-13 11:17:54 - [TEST_STEP][PASSED] - delay: Delayed 1 second(s)

2018-12-13 11:17:55 - [MESSAGE][PASSED] - Delayed 1 second(s)

2018-12-13 11:17:55 - [TEST_STEP][PASSED] - navigateToUrl: Navigate to 'https://assist2-uat.perkeso.gov.my/c/portal/logout' successfully

2018-12-13 11:17:56 - [MESSAGE][PASSED] - Navigate to 'https://assist2-uat.perkeso.gov.my/c/portal/logout' successfully

2018-12-13 11:17:56 - [TEST_STEP][PASSED] - delay: Delayed 1 second(s)

2018-12-13 11:17:57 - [MESSAGE][PASSED] - Delayed 1 second(s)

2018-12-13 11:17:57 - [TEST_STEP][PASSED] - callTestCase: Call Test Case 'Test Cases/Final Aug 2018 - PKS Automation/Registration Module/Workflow/Login and Search Case For Workflow' successfully

2018-12-13 11:17:57 - [TEST_CASE][PASSED] - Test Cases/Final Aug 2018 - PKS Automation/Registration Module/Workflow/Login and Search Case For Workflow: Test Cases/Final Aug 2018 - PKS Automation/Registration Module/Workflow/Login and Search Case For Workflow

2018-12-13 11:17:57 - [TEST_STEP][PASSED] - navigateToUrl: Navigate to 'https://assist2-uat.perkeso.gov.my/login' successfully

2018-12-13 11:17:57 - [MESSAGE][PASSED] - Navigate to 'https://assist2-uat.perkeso.gov.my/login' successfully

2018-12-13 11:17:57 - [TEST_STEP][PASSED] - setText: Text 'johoruo3@gmail.com' is set on object 'Object Repository/Final Object Repo/Login Page/Internal User/Email Address'

2018-12-13 11:17:58 - [MESSAGE][PASSED] - Text 'johoruo3@gmail.com' is set on object 'Object Repository/Final Object Repo/Login Page/Internal User/Email Address'

2018-12-13 11:17:58 - [TEST_STEP][PASSED] - click: Object: 'Object Repository/Final Object Repo/Login Page/Internal User/Next Button' is clicked on

2018-12-13 11:17:58 - [MESSAGE][PASSED] - Object: 'Object Repository/Final Object Repo/Login Page/Internal User/Next Button' is clicked on

2018-12-13 11:17:58 - [TEST_STEP][PASSED] - delay: Delayed 1 second(s)

2018-12-13 11:17:59 - [MESSAGE][PASSED] - Delayed 1 second(s)

2018-12-13 11:17:59 - [TEST_STEP][PASSED] - setEncryptedText: Text ****** has been set on object 'Object Repository/Final Object Repo/Login Page/Internal User/Password'

2018-12-13 11:17:59 - [MESSAGE][PASSED] - Text ****** has been set on object 'Object Repository/Final Object Repo/Login Page/Internal User/Password'

2018-12-13 11:17:59 - [TEST_STEP][PASSED] - click: Object: 'Object Repository/Final Object Repo/Login Page/Internal User/Login Button' is clicked on

2018-12-13 11:17:59 - [MESSAGE][PASSED] - Object: 'Object Repository/Final Object Repo/Login Page/Internal User/Login Button' is clicked on

2018-12-13 11:17:59 - [TEST_STEP][PASSED] - delay: Delayed 2 second(s)

2018-12-13 11:18:01 - [MESSAGE][PASSED] - Delayed 2 second(s)

2018-12-13 11:18:01 - [TEST_STEP][PASSED] - Statement - Try: Delayed 2 second(s)

2018-12-13 11:18:01 - [TEST_STEP][PASSED] - Statement - Checker = false: null

2018-12-13 11:18:01 - [TEST_STEP][PASSED] - Statement - Checker = com.kms.katalon.core.webui.keyword.WebUiBuiltInKeywords.verifyElementHasAttribute(com.kms.katalon.core.testobject.ObjectRepository.findTestObject(Final Object Repo/Landing Page/BM Detecting), "href", 20, OPTIONAL): Object 'Object Repository/Final Object Repo/Landing Page/BM Detecting' has attribute 'href'

2018-12-13 11:18:01 - [MESSAGE][PASSED] - Object 'Object Repository/Final Object Repo/Landing Page/BM Detecting' has attribute 'href'

2018-12-13 11:18:01 - [TEST_STEP][PASSED] - Statement - out.println(Checker): null

2018-12-13 11:18:01 - [TEST_STEP][PASSED] - Statement - If (Checker == false): null

2018-12-13 11:18:01 - [TEST_STEP][PASSED] - Statement - Else: null

2018-12-13 11:18:01 - [TEST_STEP][PASSED] - delay: Delayed 2 second(s)

2018-12-13 11:18:03 - [MESSAGE][PASSED] - Delayed 2 second(s)

2018-12-13 11:18:03 - [TEST_STEP][PASSED] - click: Object: 'Object Repository/Final Object Repo/Page_MyASSIST - ASSIST - Search Pending Case For Add Supporting Document/Search Information' is clicked on

2018-12-13 11:18:03 - [MESSAGE][PASSED] - Object: 'Object Repository/Final Object Repo/Page_MyASSIST - ASSIST - Search Pending Case For Add Supporting Document/Search Information' is clicked on

2018-12-13 11:18:03 - [TEST_STEP][PASSED] - delay: Delayed 3 second(s)

2018-12-13 11:18:06 - [MESSAGE][PASSED] - Delayed 3 second(s)

2018-12-13 11:18:06 - [TEST_STEP][PASSED] - sendKeys: Keys 'CUN122018C200001727' sent to object: 'Object Repository/Final Object Repo/Page_MyASSIST - ASSIST - Search Pending Case For Add Supporting Document/Reference No'

2018-12-13 11:18:07 - [MESSAGE][PASSED] - Keys 'CUN122018C200001727' sent to object: 'Object Repository/Final Object Repo/Page_MyASSIST - ASSIST - Search Pending Case For Add Supporting Document/Reference No'

2018-12-13 11:18:07 - [TEST_STEP][PASSED] - click: Object: 'Object Repository/Final Object Repo/Page_MyASSIST - ASSIST - Search Pending Case For Add Supporting Document/Search Reference No' is clicked on

2018-12-13 11:18:07 - [MESSAGE][PASSED] - Object: 'Object Repository/Final Object Repo/Page_MyASSIST - ASSIST - Search Pending Case For Add Supporting Document/Search Reference No' is clicked on

2018-12-13 11:18:07 - [TEST_STEP][PASSED] - delay: Delayed 2 second(s)

2018-12-13 11:18:09 - [MESSAGE][PASSED] - Delayed 2 second(s)

2018-12-13 11:18:09 - [TEST_STEP][PASSED] - click: Object: 'Object Repository/Final Object Repo/Page_MyASSIST - ASSIST - Search Pending Case For Add Supporting Document/Continue' is clicked on

2018-12-13 11:18:12 - [MESSAGE][PASSED] - Object: 'Object Repository/Final Object Repo/Page_MyASSIST - ASSIST - Search Pending Case For Add Supporting Document/Continue' is clicked on

2018-12-13 11:18:12 - [TEST_STEP][PASSED] - delay: Delayed 20 second(s)

2018-12-13 11:18:32 - [MESSAGE][PASSED] - Delayed 20 second(s)

2018-12-13 11:18:32 - [MESSAGE][PASSED] - Call Test Case 'Test Cases/Final Aug 2018 - PKS Automation/Registration Module/Workflow/Login and Search Case For Workflow' successfully

2018-12-13 11:18:32 - [TEST_STEP][PASSED] - click: Object: 'Object Repository/Final Object Repo/Page_Form 1A - Cessation As Employer/Page_Form 1A - Cessation As Employer (Approve)/Save  Continue in Form 1A Page' is clicked on

2018-12-13 11:18:32 - [MESSAGE][PASSED] - Object: 'Object Repository/Final Object Repo/Page_Form 1A - Cessation As Employer/Page_Form 1A - Cessation As Employer (Approve)/Save  Continue in Form 1A Page' is clicked on

2018-12-13 11:18:32 - [TEST_STEP][PASSED] - delay: Delayed 3 second(s)

2018-12-13 11:18:35 - [MESSAGE][PASSED] - Delayed 3 second(s)

2018-12-13 11:18:35 - [TEST_STEP][PASSED] - click: Object: 'Object Repository/Final Object Repo/Page_Form 1A - Cessation As Employer/Page_Form 1A - Cessation As Employer (Approve)/Save  Continue in Update Add Employee Resigned Date Page' is clicked on

2018-12-13 11:18:36 - [MESSAGE][PASSED] - Object: 'Object Repository/Final Object Repo/Page_Form 1A - Cessation As Employer/Page_Form 1A - Cessation As Employer (Approve)/Save  Continue in Update Add Employee Resigned Date Page' is clicked on

2018-12-13 11:18:36 - [TEST_STEP][PASSED] - delay: Delayed 3 second(s)

2018-12-13 11:18:39 - [MESSAGE][PASSED] - Delayed 3 second(s)

2018-12-13 11:18:39 - [TEST_STEP][PASSED] - click: Object: 'Object Repository/Final Object Repo/Page_Form 1A - Cessation As Employer/Page_Form 1A - Cessation As Employer (Approve)/Save  Contine in Uploading Document Page' is clicked on

2018-12-13 11:18:39 - [MESSAGE][PASSED] - Object: 'Object Repository/Final Object Repo/Page_Form 1A - Cessation As Employer/Page_Form 1A - Cessation As Employer (Approve)/Save  Contine in Uploading Document Page' is clicked on

2018-12-13 11:18:39 - [TEST_STEP][PASSED] - delay: Delayed 3 second(s)

2018-12-13 11:18:42 - [MESSAGE][PASSED] - Delayed 3 second(s)

2018-12-13 11:18:42 - [TEST_STEP][PASSED] - click: Object: 'Object Repository/Final Object Repo/Page_Form 1A - Cessation As Employer/Page_Form 1A - Cessation As Employer (Approve)/Approve' is clicked on

2018-12-13 11:18:44 - [MESSAGE][PASSED] - Object: 'Object Repository/Final Object Repo/Page_Form 1A - Cessation As Employer/Page_Form 1A - Cessation As Employer (Approve)/Approve' is clicked on

2018-12-13 11:18:44 - [TEST_STEP][PASSED] - delay: Delayed 2 second(s)

2018-12-13 11:18:46 - [MESSAGE][PASSED] - Delayed 2 second(s)

2018-12-13 11:18:46 - [TEST_STEP][PASSED] - click: Object: 'Object Repository/Final Object Repo/Page_Form 1A - Cessation As Employer/Confirm' is clicked on

2018-12-13 11:18:46 - [MESSAGE][PASSED] - Object: 'Object Repository/Final Object Repo/Page_Form 1A - Cessation As Employer/Confirm' is clicked on

2018-12-13 11:18:46 - [TEST_STEP][PASSED] - delay: Delayed 2 second(s)

2018-12-13 11:18:48 - [MESSAGE][PASSED] - Delayed 2 second(s)

2018-12-13 11:18:48 - [TEST_STEP][PASSED] - click: Object: 'Object Repository/Final Object Repo/Page_Form 1A - Cessation As Employer/Page_Form 1A - Cessation As Employer (Approve)/Message Your Request    Form 1A ' is clicked on

2018-12-13 11:18:56 - [MESSAGE][PASSED] - Object: 'Object Repository/Final Object Repo/Page_Form 1A - Cessation As Employer/Page_Form 1A - Cessation As Employer (Approve)/Message Your Request    Form 1A ' is clicked on

2018-12-13 11:18:56 - [TEST_STEP][PASSED] - delay: Delayed 2 second(s)

2018-12-13 11:18:58 - [MESSAGE][PASSED] - Delayed 2 second(s)

2018-12-13 11:18:58 - [TEST_STEP][PASSED] - click: Object: 'Object Repository/Final Object Repo/Page_Form 1A - Cessation As Employer/Page_Form 1A - Cessation As Employer (Approve)/Letter of successful update' is clicked on

2018-12-13 11:18:58 - [MESSAGE][PASSED] - Object: 'Object Repository/Final Object Repo/Page_Form 1A - Cessation As Employer/Page_Form 1A - Cessation As Employer (Approve)/Letter of successful update' is clicked on

2018-12-13 11:18:58 - [MESSAGE][PASSED] - Call Test Case 'Test Cases/Final Aug 2018 - PKS Automation/Registration Module/Workflow/Form 1A - Cessation As Employer/Template/Form 1 A - Cessation As Employer (Query)' successfully]]></system-out>
         <system-err><![CDATA[]]></system-err>
      </testcase>
      <testcase name="Test Cases/Final Aug 2018 - PKS Automation/Registration Module/Workflow/Form 1A - Cessation As Employer/OTC to UO (Reject)" classname="Test Cases/Final Aug 2018 - PKS Automation/Registration Module/Workflow/Form 1A - Cessation As Employer/OTC to UO (Reject)" status="PASSED">
         <system-out><![CDATA[2018-12-13 11:18:58 - [TEST_CASE][PASSED] - Test Cases/Final Aug 2018 - PKS Automation/Registration Module/Workflow/Form 1A - Cessation As Employer/OTC to UO (Reject): Test Cases/Final Aug 2018 - PKS Automation/Registration Module/Workflow/Form 1A - Cessation As Employer/OTC to UO (Reject)

2018-12-13 11:18:59 - [TEST_STEP][PASSED] - callTestCase: Call Test Case 'Test Cases/Final Aug 2018 - PKS Automation/Registration Module/Workflow/Form 1A - Cessation As Employer/Template/Form 1 A - Cessation As Employer (OTC)' successfully

2018-12-13 11:18:59 - [TEST_CASE][PASSED] - Test Cases/Final Aug 2018 - PKS Automation/Registration Module/Workflow/Form 1A - Cessation As Employer/Template/Form 1 A - Cessation As Employer (OTC): Test Cases/Final Aug 2018 - PKS Automation/Registration Module/Workflow/Form 1A - Cessation As Employer/Template/Form 1 A - Cessation As Employer (OTC)

2018-12-13 11:18:59 - [TEST_STEP][PASSED] - openBrowser: Browser is opened with url: ''

2018-12-13 11:18:59 - [MESSAGE][WARNING] - A browser is already opened. Closing browser and opening a new one

2018-12-13 11:19:03 - [MESSAGE][PASSED] - Browser is opened with url: ''

2018-12-13 11:19:03 - [TEST_STEP][PASSED] - navigateToUrl: Navigate to 'https://assist2-uat.perkeso.gov.my/login' successfully

2018-12-13 11:19:05 - [MESSAGE][PASSED] - Navigate to 'https://assist2-uat.perkeso.gov.my/login' successfully

2018-12-13 11:19:05 - [TEST_STEP][PASSED] - setText: Text 'johorotc1@gmail.com' is set on object 'Object Repository/Final Object Repo/Login Page/Internal User/Email Address'

2018-12-13 11:19:05 - [MESSAGE][PASSED] - Text 'johorotc1@gmail.com' is set on object 'Object Repository/Final Object Repo/Login Page/Internal User/Email Address'

2018-12-13 11:19:05 - [TEST_STEP][PASSED] - click: Object: 'Object Repository/Final Object Repo/Login Page/Internal User/Next Button' is clicked on

2018-12-13 11:19:05 - [MESSAGE][PASSED] - Object: 'Object Repository/Final Object Repo/Login Page/Internal User/Next Button' is clicked on

2018-12-13 11:19:05 - [TEST_STEP][PASSED] - delay: Delayed 1 second(s)

2018-12-13 11:19:06 - [MESSAGE][PASSED] - Delayed 1 second(s)

2018-12-13 11:19:06 - [TEST_STEP][PASSED] - setEncryptedText: Text ****** has been set on object 'Object Repository/Final Object Repo/Login Page/Internal User/Password'

2018-12-13 11:19:06 - [MESSAGE][PASSED] - Text ****** has been set on object 'Object Repository/Final Object Repo/Login Page/Internal User/Password'

2018-12-13 11:19:06 - [TEST_STEP][PASSED] - click: Object: 'Object Repository/Final Object Repo/Login Page/Internal User/Login Button' is clicked on

2018-12-13 11:19:07 - [MESSAGE][PASSED] - Object: 'Object Repository/Final Object Repo/Login Page/Internal User/Login Button' is clicked on

2018-12-13 11:19:07 - [TEST_STEP][PASSED] - delay: Delayed 1 second(s)

2018-12-13 11:19:08 - [MESSAGE][PASSED] - Delayed 1 second(s)

2018-12-13 11:19:08 - [TEST_STEP][PASSED] - Statement - Try: Delayed 2 second(s)

2018-12-13 11:19:08 - [TEST_STEP][PASSED] - Statement - Checker = false: null

2018-12-13 11:19:08 - [TEST_STEP][PASSED] - Statement - Checker = com.kms.katalon.core.webui.keyword.WebUiBuiltInKeywords.verifyElementHasAttribute(com.kms.katalon.core.testobject.ObjectRepository.findTestObject(Final Object Repo/Landing Page/BM Detecting), "href", 20, OPTIONAL): Object 'Object Repository/Final Object Repo/Landing Page/BM Detecting' has attribute 'href'

2018-12-13 11:19:10 - [MESSAGE][PASSED] - Object 'Object Repository/Final Object Repo/Landing Page/BM Detecting' has attribute 'href'

2018-12-13 11:19:10 - [TEST_STEP][PASSED] - Statement - out.println(Checker): null

2018-12-13 11:19:10 - [TEST_STEP][PASSED] - Statement - If (Checker == false): null

2018-12-13 11:19:10 - [TEST_STEP][PASSED] - Statement - Else: null

2018-12-13 11:19:10 - [TEST_STEP][PASSED] - delay: Delayed 2 second(s)

2018-12-13 11:19:12 - [MESSAGE][PASSED] - Delayed 2 second(s)

2018-12-13 11:19:12 - [TEST_STEP][PASSED] - navigateToUrl: Navigate to 'https://assist2-uat.perkeso.gov.my/web/registration/update/form-1a-cessation-as-employer-discontinue-business-' successfully

2018-12-13 11:19:13 - [MESSAGE][PASSED] - Navigate to 'https://assist2-uat.perkeso.gov.my/web/registration/update/form-1a-cessation-as-employer-discontinue-business-' successfully

2018-12-13 11:19:13 - [TEST_STEP][PASSED] - setText: Text 'E1102069770Z' is set on object 'Object Repository/Final Object Repo/Page_Update Employer Information/Employer Code'

2018-12-13 11:19:13 - [MESSAGE][PASSED] - Text 'E1102069770Z' is set on object 'Object Repository/Final Object Repo/Page_Update Employer Information/Employer Code'

2018-12-13 11:19:13 - [TEST_STEP][PASSED] - click: Object: 'Object Repository/Final Object Repo/Page_Update Employer Information/Search Button' is clicked on

2018-12-13 11:19:13 - [MESSAGE][PASSED] - Object: 'Object Repository/Final Object Repo/Page_Update Employer Information/Search Button' is clicked on

2018-12-13 11:19:13 - [TEST_STEP][PASSED] - click: Object: 'Object Repository/Final Object Repo/Page_Update Employer Information/Edit Button' is clicked on

2018-12-13 11:19:17 - [MESSAGE][PASSED] - Object: 'Object Repository/Final Object Repo/Page_Update Employer Information/Edit Button' is clicked on

2018-12-13 11:19:17 - [TEST_STEP][PASSED] - Statement - abc = com.kms.katalon.core.webui.keyword.WebUiBuiltInKeywords.getAttribute(com.kms.katalon.core.testobject.ObjectRepository.findTestObject(Final Object Repo/Page_Form 1A - Cessation As Employer/Employer Status), "value"): Attribute 'value' of object 'Object Repository/Final Object Repo/Page_Form 1A - Cessation As Employer/Employer Status' is: 'Dormant'

2018-12-13 11:19:19 - [MESSAGE][PASSED] - Attribute 'value' of object 'Object Repository/Final Object Repo/Page_Form 1A - Cessation As Employer/Employer Status' is: 'Dormant'

2018-12-13 11:19:19 - [TEST_STEP][PASSED] - Statement - out.println(abc): null

2018-12-13 11:19:19 - [TEST_STEP][PASSED] - Statement - If (abc == "Active"): null

2018-12-13 11:19:19 - [TEST_STEP][PASSED] - Statement - Else If (abc == "Cancel"): null

2018-12-13 11:19:19 - [TEST_STEP][PASSED] - Statement - Else If (abc == "Dormant"): Object: 'Object Repository/Final Object Repo/Page_Form 1A - Cessation As Employer/Change Employer Status to - Dormant' is clicked on

2018-12-13 11:19:19 - [TEST_STEP][PASSED] - click: Object: 'Object Repository/Final Object Repo/Page_Form 1A - Cessation As Employer/Change Employer Status to' is clicked on

2018-12-13 11:19:19 - [MESSAGE][PASSED] - Object: 'Object Repository/Final Object Repo/Page_Form 1A - Cessation As Employer/Change Employer Status to' is clicked on

2018-12-13 11:19:19 - [TEST_STEP][PASSED] - click: Object: 'Object Repository/Final Object Repo/Page_Form 1A - Cessation As Employer/Change Employer Status to - Dormant' is clicked on

2018-12-13 11:19:20 - [MESSAGE][PASSED] - Object: 'Object Repository/Final Object Repo/Page_Form 1A - Cessation As Employer/Change Employer Status to - Dormant' is clicked on

2018-12-13 11:19:20 - [TEST_STEP][PASSED] - click: Object: 'Object Repository/Final Object Repo/Page_Form 1A - Cessation As Employer/Calender' is clicked on

2018-12-13 11:19:20 - [MESSAGE][PASSED] - Object: 'Object Repository/Final Object Repo/Page_Form 1A - Cessation As Employer/Calender' is clicked on

2018-12-13 11:19:20 - [TEST_STEP][PASSED] - click: Object: 'Object Repository/Final Object Repo/Page_Form 1A - Cessation As Employer/Calender - Date' is clicked on

2018-12-13 11:19:22 - [MESSAGE][PASSED] - Object: 'Object Repository/Final Object Repo/Page_Form 1A - Cessation As Employer/Calender - Date' is clicked on

2018-12-13 11:19:22 - [TEST_STEP][PASSED] - delay: Delayed 2 second(s)

2018-12-13 11:19:24 - [MESSAGE][PASSED] - Delayed 2 second(s)

2018-12-13 11:19:24 - [TEST_STEP][PASSED] - click: Object: 'Object Repository/Final Object Repo/Page_Form 1A - Cessation As Employer/Save  Continue in Form 1A Page' is clicked on

2018-12-13 11:19:24 - [MESSAGE][PASSED] - Object: 'Object Repository/Final Object Repo/Page_Form 1A - Cessation As Employer/Save  Continue in Form 1A Page' is clicked on

2018-12-13 11:19:24 - [TEST_STEP][PASSED] - delay: Delayed 2 second(s)

2018-12-13 11:19:26 - [MESSAGE][PASSED] - Delayed 2 second(s)

2018-12-13 11:19:26 - [TEST_STEP][PASSED] - click: Object: 'Object Repository/Final Object Repo/Page_Form 1A - Cessation As Employer/Employment Resign Date' is clicked on

2018-12-13 11:19:26 - [MESSAGE][PASSED] - Object: 'Object Repository/Final Object Repo/Page_Form 1A - Cessation As Employer/Employment Resign Date' is clicked on

2018-12-13 11:19:26 - [TEST_STEP][PASSED] - delay: Delayed 1 second(s)

2018-12-13 11:19:27 - [MESSAGE][PASSED] - Delayed 1 second(s)

2018-12-13 11:19:27 - [TEST_STEP][PASSED] - Statement - CaseReferenceNo = com.kms.katalon.core.webui.keyword.WebUiBuiltInKeywords.getText(com.kms.katalon.core.testobject.ObjectRepository.findTestObject(Final Object Repo/Page_Update Employer Information/Reference Number in Update Employee Information Page)): Text of object 'Object Repository/Final Object Repo/Page_Update Employer Information/Reference Number in Update Employee Information Page' is: 'CUN122018C200001728'

2018-12-13 11:19:27 - [MESSAGE][PASSED] - Text of object 'Object Repository/Final Object Repo/Page_Update Employer Information/Reference Number in Update Employee Information Page' is: 'CUN122018C200001728'

2018-12-13 11:19:27 - [TEST_STEP][PASSED] - callTestCase: Call Test Case 'Test Cases/Final Aug 2018 - PKS Automation/Common/Reference Number Setter' successfully

2018-12-13 11:19:27 - [TEST_CASE][PASSED] - Test Cases/Final Aug 2018 - PKS Automation/Common/Reference Number Setter: Test Cases/Final Aug 2018 - PKS Automation/Common/Reference Number Setter

2018-12-13 11:19:27 - [TEST_STEP][PASSED] - Statement - RefNoOldFile = new java.io.File(C://Users//Admin//Desktop//PKS//Automation Reference Point//KatalonReference.txt): null

2018-12-13 11:19:27 - [TEST_STEP][PASSED] - Statement - RefNoOldFile.delete(): null

2018-12-13 11:19:27 - [TEST_STEP][PASSED] - delay: Delayed 5 second(s)

2018-12-13 11:19:32 - [MESSAGE][PASSED] - Delayed 5 second(s)

2018-12-13 11:19:32 - [TEST_STEP][PASSED] - Statement - RefNo = new java.io.File(C://Users//Admin//Desktop//PKS//Automation Reference Point//KatalonReference.txt): null

2018-12-13 11:19:32 - [TEST_STEP][PASSED] - Statement - f2 = new java.io.FileWriter(RefNo, false): null

2018-12-13 11:19:32 - [TEST_STEP][PASSED] - Statement - f2.write(CaseReferenceNo): null

2018-12-13 11:19:32 - [TEST_STEP][PASSED] - Statement - f2.close(): null

2018-12-13 11:19:32 - [TEST_STEP][PASSED] - Statement - out.println("


" + CaseReferenceNo + "


"): null

2018-12-13 11:19:32 - [MESSAGE][PASSED] - Call Test Case 'Test Cases/Final Aug 2018 - PKS Automation/Common/Reference Number Setter' successfully

2018-12-13 11:19:32 - [TEST_STEP][PASSED] - selectOptionByValue: All options with value '2030' are selected in object 'Object Repository/Final Object Repo/Page_Form 1A - Cessation As Employer/Employment Resign Date - Year' 

2018-12-13 11:19:33 - [MESSAGE][PASSED] - All options with value '2030' are selected in object 'Object Repository/Final Object Repo/Page_Form 1A - Cessation As Employer/Employment Resign Date - Year' 

2018-12-13 11:19:33 - [TEST_STEP][PASSED] - delay: Delayed 1 second(s)

2018-12-13 11:19:34 - [MESSAGE][PASSED] - Delayed 1 second(s)

2018-12-13 11:19:34 - [TEST_STEP][PASSED] - click: Object: 'Object Repository/Final Object Repo/Page_Form 1A - Cessation As Employer/Employment Resign Date - Year - Date' is clicked on

2018-12-13 11:19:34 - [MESSAGE][PASSED] - Object: 'Object Repository/Final Object Repo/Page_Form 1A - Cessation As Employer/Employment Resign Date - Year - Date' is clicked on

2018-12-13 11:19:34 - [TEST_STEP][PASSED] - delay: Delayed 2 second(s)

2018-12-13 11:19:36 - [MESSAGE][PASSED] - Delayed 2 second(s)

2018-12-13 11:19:36 - [TEST_STEP][PASSED] - click: Object: 'Object Repository/Final Object Repo/Page_Form 1A - Cessation As Employer/Save  Continue in Update Add Employee Resigned Date Page' is clicked on

2018-12-13 11:19:36 - [MESSAGE][PASSED] - Object: 'Object Repository/Final Object Repo/Page_Form 1A - Cessation As Employer/Save  Continue in Update Add Employee Resigned Date Page' is clicked on

2018-12-13 11:19:36 - [TEST_STEP][PASSED] - delay: Delayed 2 second(s)

2018-12-13 11:19:38 - [MESSAGE][PASSED] - Delayed 2 second(s)

2018-12-13 11:19:38 - [TEST_STEP][PASSED] - click: Object: 'Object Repository/Final Object Repo/Page_Form 1A - Cessation As Employer/Set Latest - Yes' is clicked on

2018-12-13 11:19:38 - [MESSAGE][PASSED] - Object: 'Object Repository/Final Object Repo/Page_Form 1A - Cessation As Employer/Set Latest - Yes' is clicked on

2018-12-13 11:19:38 - [TEST_STEP][PASSED] - delay: Delayed 2 second(s)

2018-12-13 11:19:40 - [MESSAGE][PASSED] - Delayed 2 second(s)

2018-12-13 11:19:40 - [TEST_STEP][PASSED] - click: Object: 'Object Repository/Final Object Repo/Page_Form 1A - Cessation As Employer/Add Document' is clicked on

2018-12-13 11:19:41 - [MESSAGE][PASSED] - Object: 'Object Repository/Final Object Repo/Page_Form 1A - Cessation As Employer/Add Document' is clicked on

2018-12-13 11:19:41 - [TEST_STEP][PASSED] - delay: Delayed 2 second(s)

2018-12-13 11:19:43 - [MESSAGE][PASSED] - Delayed 2 second(s)

2018-12-13 11:19:43 - [TEST_STEP][PASSED] - click: Object: 'Object Repository/Final Object Repo/Page_Form 1A - Cessation As Employer/Document Type' is clicked on

2018-12-13 11:19:44 - [MESSAGE][PASSED] - Object: 'Object Repository/Final Object Repo/Page_Form 1A - Cessation As Employer/Document Type' is clicked on

2018-12-13 11:19:44 - [TEST_STEP][PASSED] - delay: Delayed 2 second(s)

2018-12-13 11:19:46 - [MESSAGE][PASSED] - Delayed 2 second(s)

2018-12-13 11:19:46 - [TEST_STEP][PASSED] - click: Object: 'Object Repository/Final Object Repo/Page_Form 1A - Cessation As Employer/Document Type - Supporting Document For Cessation' is clicked on

2018-12-13 11:19:46 - [MESSAGE][PASSED] - Object: 'Object Repository/Final Object Repo/Page_Form 1A - Cessation As Employer/Document Type - Supporting Document For Cessation' is clicked on

2018-12-13 11:19:46 - [TEST_STEP][PASSED] - delay: Delayed 2 second(s)

2018-12-13 11:19:48 - [MESSAGE][PASSED] - Delayed 2 second(s)

2018-12-13 11:19:48 - [TEST_STEP][PASSED] - sendKeys: Keys 'C:\Users\Public\Pictures\Sample Pictures\Koala.jpg' sent to object: 'Object Repository/Final Object Repo/Page_Form 1A - Cessation As Employer/Uploading File'

2018-12-13 11:19:49 - [MESSAGE][PASSED] - Keys 'C:\Users\Public\Pictures\Sample Pictures\Koala.jpg' sent to object: 'Object Repository/Final Object Repo/Page_Form 1A - Cessation As Employer/Uploading File'

2018-12-13 11:19:49 - [TEST_STEP][PASSED] - delay: Delayed 2 second(s)

2018-12-13 11:19:51 - [MESSAGE][PASSED] - Delayed 2 second(s)

2018-12-13 11:19:51 - [TEST_STEP][PASSED] - click: Object: 'Object Repository/Final Object Repo/Page_Form 1A - Cessation As Employer/Add Document in Uploading Page' is clicked on

2018-12-13 11:19:51 - [MESSAGE][PASSED] - Object: 'Object Repository/Final Object Repo/Page_Form 1A - Cessation As Employer/Add Document in Uploading Page' is clicked on

2018-12-13 11:19:51 - [TEST_STEP][PASSED] - delay: Delayed 20 second(s)

2018-12-13 11:20:11 - [MESSAGE][PASSED] - Delayed 20 second(s)

2018-12-13 11:20:11 - [TEST_STEP][PASSED] - click: Object: 'Object Repository/Final Object Repo/Page_Form 1A - Cessation As Employer/Save  Continue in Uploading Page' is clicked on

2018-12-13 11:20:11 - [MESSAGE][PASSED] - Object: 'Object Repository/Final Object Repo/Page_Form 1A - Cessation As Employer/Save  Continue in Uploading Page' is clicked on

2018-12-13 11:20:11 - [TEST_STEP][PASSED] - delay: Delayed 2 second(s)

2018-12-13 11:20:13 - [MESSAGE][PASSED] - Delayed 2 second(s)

2018-12-13 11:20:13 - [TEST_STEP][PASSED] - click: Object: 'Object Repository/Final Object Repo/Page_Form 1A - Cessation As Employer/Submit2' is clicked on

2018-12-13 11:20:16 - [MESSAGE][PASSED] - Object: 'Object Repository/Final Object Repo/Page_Form 1A - Cessation As Employer/Submit2' is clicked on

2018-12-13 11:20:16 - [TEST_STEP][PASSED] - delay: Delayed 2 second(s)

2018-12-13 11:20:18 - [MESSAGE][PASSED] - Delayed 2 second(s)

2018-12-13 11:20:18 - [TEST_STEP][PASSED] - click: Object: 'Object Repository/Final Object Repo/Page_Form 1A - Cessation As Employer/Confirm' is clicked on

2018-12-13 11:20:18 - [MESSAGE][PASSED] - Object: 'Object Repository/Final Object Repo/Page_Form 1A - Cessation As Employer/Confirm' is clicked on

2018-12-13 11:20:18 - [TEST_STEP][PASSED] - delay: Delayed 2 second(s)

2018-12-13 11:20:20 - [MESSAGE][PASSED] - Delayed 2 second(s)

2018-12-13 11:20:20 - [TEST_STEP][PASSED] - verifyElementVisible: Object 'Object Repository/Final Object Repo/Page_Form 1A - Cessation As Employer/Message Your Request will be routed to UO' is visible

2018-12-13 11:20:23 - [MESSAGE][PASSED] - Object 'Object Repository/Final Object Repo/Page_Form 1A - Cessation As Employer/Message Your Request will be routed to UO' is visible

2018-12-13 11:20:23 - [TEST_STEP][PASSED] - delay: Delayed 1 second(s)

2018-12-13 11:20:24 - [MESSAGE][PASSED] - Delayed 1 second(s)

2018-12-13 11:20:24 - [TEST_STEP][PASSED] - verifyElementVisible: Object 'Object Repository/Final Object Repo/Page_Form 1A - Cessation As Employer/Letter of acknowledgement' is visible

2018-12-13 11:20:24 - [MESSAGE][PASSED] - Object 'Object Repository/Final Object Repo/Page_Form 1A - Cessation As Employer/Letter of acknowledgement' is visible

2018-12-13 11:20:24 - [MESSAGE][PASSED] - Call Test Case 'Test Cases/Final Aug 2018 - PKS Automation/Registration Module/Workflow/Form 1A - Cessation As Employer/Template/Form 1 A - Cessation As Employer (OTC)' successfully

2018-12-13 11:20:24 - [TEST_STEP][PASSED] - callTestCase: Call Test Case 'Test Cases/Final Aug 2018 - PKS Automation/Registration Module/Workflow/Form 1A - Cessation As Employer/Template/Form 1 A - Cessation As Employer (Reject)' successfully

2018-12-13 11:20:24 - [TEST_CASE][PASSED] - Test Cases/Final Aug 2018 - PKS Automation/Registration Module/Workflow/Form 1A - Cessation As Employer/Template/Form 1 A - Cessation As Employer (Reject): Test Cases/Final Aug 2018 - PKS Automation/Registration Module/Workflow/Form 1A - Cessation As Employer/Template/Form 1 A - Cessation As Employer (Reject)

2018-12-13 11:20:24 - [TEST_STEP][PASSED] - callTestCase: Call Test Case 'Test Cases/Final Aug 2018 - PKS Automation/Registration Module/Workflow/Form 1A - Cessation As Employer/Template/Form 1 A - Cessation As Employer (OTC)' successfully

2018-12-13 11:20:24 - [TEST_CASE][PASSED] - Test Cases/Final Aug 2018 - PKS Automation/Registration Module/Workflow/Form 1A - Cessation As Employer/Template/Form 1 A - Cessation As Employer (OTC): Test Cases/Final Aug 2018 - PKS Automation/Registration Module/Workflow/Form 1A - Cessation As Employer/Template/Form 1 A - Cessation As Employer (OTC)

2018-12-13 11:20:24 - [TEST_STEP][PASSED] - openBrowser: Browser is opened with url: ''

2018-12-13 11:20:24 - [MESSAGE][WARNING] - A browser is already opened. Closing browser and opening a new one

2018-12-13 11:20:27 - [MESSAGE][PASSED] - Browser is opened with url: ''

2018-12-13 11:20:27 - [TEST_STEP][PASSED] - navigateToUrl: Navigate to 'https://assist2-uat.perkeso.gov.my/login' successfully

2018-12-13 11:20:28 - [MESSAGE][PASSED] - Navigate to 'https://assist2-uat.perkeso.gov.my/login' successfully

2018-12-13 11:20:28 - [TEST_STEP][PASSED] - setText: Text 'johorotc1@gmail.com' is set on object 'Object Repository/Final Object Repo/Login Page/Internal User/Email Address'

2018-12-13 11:20:29 - [MESSAGE][PASSED] - Text 'johorotc1@gmail.com' is set on object 'Object Repository/Final Object Repo/Login Page/Internal User/Email Address'

2018-12-13 11:20:29 - [TEST_STEP][PASSED] - click: Object: 'Object Repository/Final Object Repo/Login Page/Internal User/Next Button' is clicked on

2018-12-13 11:20:29 - [MESSAGE][PASSED] - Object: 'Object Repository/Final Object Repo/Login Page/Internal User/Next Button' is clicked on

2018-12-13 11:20:29 - [TEST_STEP][PASSED] - delay: Delayed 1 second(s)

2018-12-13 11:20:30 - [MESSAGE][PASSED] - Delayed 1 second(s)

2018-12-13 11:20:30 - [TEST_STEP][PASSED] - setEncryptedText: Text ****** has been set on object 'Object Repository/Final Object Repo/Login Page/Internal User/Password'

2018-12-13 11:20:30 - [MESSAGE][PASSED] - Text ****** has been set on object 'Object Repository/Final Object Repo/Login Page/Internal User/Password'

2018-12-13 11:20:30 - [TEST_STEP][PASSED] - click: Object: 'Object Repository/Final Object Repo/Login Page/Internal User/Login Button' is clicked on

2018-12-13 11:20:30 - [MESSAGE][PASSED] - Object: 'Object Repository/Final Object Repo/Login Page/Internal User/Login Button' is clicked on

2018-12-13 11:20:30 - [TEST_STEP][PASSED] - delay: Delayed 1 second(s)

2018-12-13 11:20:31 - [MESSAGE][PASSED] - Delayed 1 second(s)

2018-12-13 11:20:31 - [TEST_STEP][PASSED] - Statement - Try: Delayed 2 second(s)

2018-12-13 11:20:31 - [TEST_STEP][PASSED] - Statement - Checker = false: null

2018-12-13 11:20:31 - [TEST_STEP][PASSED] - Statement - Checker = com.kms.katalon.core.webui.keyword.WebUiBuiltInKeywords.verifyElementHasAttribute(com.kms.katalon.core.testobject.ObjectRepository.findTestObject(Final Object Repo/Landing Page/BM Detecting), "href", 20, OPTIONAL): Object 'Object Repository/Final Object Repo/Landing Page/BM Detecting' has attribute 'href'

2018-12-13 11:20:33 - [MESSAGE][PASSED] - Object 'Object Repository/Final Object Repo/Landing Page/BM Detecting' has attribute 'href'

2018-12-13 11:20:33 - [TEST_STEP][PASSED] - Statement - out.println(Checker): null

2018-12-13 11:20:33 - [TEST_STEP][PASSED] - Statement - If (Checker == false): null

2018-12-13 11:20:33 - [TEST_STEP][PASSED] - Statement - Else: null

2018-12-13 11:20:33 - [TEST_STEP][PASSED] - delay: Delayed 2 second(s)

2018-12-13 11:20:35 - [MESSAGE][PASSED] - Delayed 2 second(s)

2018-12-13 11:20:35 - [TEST_STEP][PASSED] - navigateToUrl: Navigate to 'https://assist2-uat.perkeso.gov.my/web/registration/update/form-1a-cessation-as-employer-discontinue-business-' successfully

2018-12-13 11:20:35 - [MESSAGE][PASSED] - Navigate to 'https://assist2-uat.perkeso.gov.my/web/registration/update/form-1a-cessation-as-employer-discontinue-business-' successfully

2018-12-13 11:20:35 - [TEST_STEP][PASSED] - setText: Text 'E1102069770Z' is set on object 'Object Repository/Final Object Repo/Page_Update Employer Information/Employer Code'

2018-12-13 11:20:36 - [MESSAGE][PASSED] - Text 'E1102069770Z' is set on object 'Object Repository/Final Object Repo/Page_Update Employer Information/Employer Code'

2018-12-13 11:20:36 - [TEST_STEP][PASSED] - click: Object: 'Object Repository/Final Object Repo/Page_Update Employer Information/Search Button' is clicked on

2018-12-13 11:20:36 - [MESSAGE][PASSED] - Object: 'Object Repository/Final Object Repo/Page_Update Employer Information/Search Button' is clicked on

2018-12-13 11:20:36 - [TEST_STEP][PASSED] - click: Object: 'Object Repository/Final Object Repo/Page_Update Employer Information/Edit Button' is clicked on

2018-12-13 11:20:38 - [MESSAGE][PASSED] - Object: 'Object Repository/Final Object Repo/Page_Update Employer Information/Edit Button' is clicked on

2018-12-13 11:20:38 - [TEST_STEP][PASSED] - Statement - abc = com.kms.katalon.core.webui.keyword.WebUiBuiltInKeywords.getAttribute(com.kms.katalon.core.testobject.ObjectRepository.findTestObject(Final Object Repo/Page_Form 1A - Cessation As Employer/Employer Status), "value"): Attribute 'value' of object 'Object Repository/Final Object Repo/Page_Form 1A - Cessation As Employer/Employer Status' is: 'Dormant'

2018-12-13 11:20:38 - [MESSAGE][PASSED] - Attribute 'value' of object 'Object Repository/Final Object Repo/Page_Form 1A - Cessation As Employer/Employer Status' is: 'Dormant'

2018-12-13 11:20:38 - [TEST_STEP][PASSED] - Statement - out.println(abc): null

2018-12-13 11:20:38 - [TEST_STEP][PASSED] - Statement - If (abc == "Active"): null

2018-12-13 11:20:38 - [TEST_STEP][PASSED] - Statement - Else If (abc == "Cancel"): null

2018-12-13 11:20:38 - [TEST_STEP][PASSED] - Statement - Else If (abc == "Dormant"): Object: 'Object Repository/Final Object Repo/Page_Form 1A - Cessation As Employer/Change Employer Status to - Dormant' is clicked on

2018-12-13 11:20:38 - [TEST_STEP][PASSED] - click: Object: 'Object Repository/Final Object Repo/Page_Form 1A - Cessation As Employer/Change Employer Status to' is clicked on

2018-12-13 11:20:39 - [MESSAGE][PASSED] - Object: 'Object Repository/Final Object Repo/Page_Form 1A - Cessation As Employer/Change Employer Status to' is clicked on

2018-12-13 11:20:39 - [TEST_STEP][PASSED] - click: Object: 'Object Repository/Final Object Repo/Page_Form 1A - Cessation As Employer/Change Employer Status to - Dormant' is clicked on

2018-12-13 11:20:39 - [MESSAGE][PASSED] - Object: 'Object Repository/Final Object Repo/Page_Form 1A - Cessation As Employer/Change Employer Status to - Dormant' is clicked on

2018-12-13 11:20:39 - [TEST_STEP][PASSED] - click: Object: 'Object Repository/Final Object Repo/Page_Form 1A - Cessation As Employer/Calender' is clicked on

2018-12-13 11:20:39 - [MESSAGE][PASSED] - Object: 'Object Repository/Final Object Repo/Page_Form 1A - Cessation As Employer/Calender' is clicked on

2018-12-13 11:20:39 - [TEST_STEP][PASSED] - click: Object: 'Object Repository/Final Object Repo/Page_Form 1A - Cessation As Employer/Calender - Date' is clicked on

2018-12-13 11:20:39 - [MESSAGE][PASSED] - Object: 'Object Repository/Final Object Repo/Page_Form 1A - Cessation As Employer/Calender - Date' is clicked on

2018-12-13 11:20:39 - [TEST_STEP][PASSED] - delay: Delayed 2 second(s)

2018-12-13 11:20:41 - [MESSAGE][PASSED] - Delayed 2 second(s)

2018-12-13 11:20:41 - [TEST_STEP][PASSED] - click: Object: 'Object Repository/Final Object Repo/Page_Form 1A - Cessation As Employer/Save  Continue in Form 1A Page' is clicked on

2018-12-13 11:20:42 - [MESSAGE][PASSED] - Object: 'Object Repository/Final Object Repo/Page_Form 1A - Cessation As Employer/Save  Continue in Form 1A Page' is clicked on

2018-12-13 11:20:42 - [TEST_STEP][PASSED] - delay: Delayed 2 second(s)

2018-12-13 11:20:44 - [MESSAGE][PASSED] - Delayed 2 second(s)

2018-12-13 11:20:44 - [TEST_STEP][PASSED] - click: Object: 'Object Repository/Final Object Repo/Page_Form 1A - Cessation As Employer/Employment Resign Date' is clicked on

2018-12-13 11:20:44 - [MESSAGE][PASSED] - Object: 'Object Repository/Final Object Repo/Page_Form 1A - Cessation As Employer/Employment Resign Date' is clicked on

2018-12-13 11:20:44 - [TEST_STEP][PASSED] - delay: Delayed 1 second(s)

2018-12-13 11:20:45 - [MESSAGE][PASSED] - Delayed 1 second(s)

2018-12-13 11:20:45 - [TEST_STEP][PASSED] - Statement - CaseReferenceNo = com.kms.katalon.core.webui.keyword.WebUiBuiltInKeywords.getText(com.kms.katalon.core.testobject.ObjectRepository.findTestObject(Final Object Repo/Page_Update Employer Information/Reference Number in Update Employee Information Page)): Text of object 'Object Repository/Final Object Repo/Page_Update Employer Information/Reference Number in Update Employee Information Page' is: 'CUN122018C200001729'

2018-12-13 11:20:45 - [MESSAGE][PASSED] - Text of object 'Object Repository/Final Object Repo/Page_Update Employer Information/Reference Number in Update Employee Information Page' is: 'CUN122018C200001729'

2018-12-13 11:20:45 - [TEST_STEP][PASSED] - callTestCase: Call Test Case 'Test Cases/Final Aug 2018 - PKS Automation/Common/Reference Number Setter' successfully

2018-12-13 11:20:45 - [TEST_CASE][PASSED] - Test Cases/Final Aug 2018 - PKS Automation/Common/Reference Number Setter: Test Cases/Final Aug 2018 - PKS Automation/Common/Reference Number Setter

2018-12-13 11:20:45 - [TEST_STEP][PASSED] - Statement - RefNoOldFile = new java.io.File(C://Users//Admin//Desktop//PKS//Automation Reference Point//KatalonReference.txt): null

2018-12-13 11:20:45 - [TEST_STEP][PASSED] - Statement - RefNoOldFile.delete(): null

2018-12-13 11:20:45 - [TEST_STEP][PASSED] - delay: Delayed 5 second(s)

2018-12-13 11:20:50 - [MESSAGE][PASSED] - Delayed 5 second(s)

2018-12-13 11:20:50 - [TEST_STEP][PASSED] - Statement - RefNo = new java.io.File(C://Users//Admin//Desktop//PKS//Automation Reference Point//KatalonReference.txt): null

2018-12-13 11:20:50 - [TEST_STEP][PASSED] - Statement - f2 = new java.io.FileWriter(RefNo, false): null

2018-12-13 11:20:50 - [TEST_STEP][PASSED] - Statement - f2.write(CaseReferenceNo): null

2018-12-13 11:20:50 - [TEST_STEP][PASSED] - Statement - f2.close(): null

2018-12-13 11:20:50 - [TEST_STEP][PASSED] - Statement - out.println("


" + CaseReferenceNo + "


"): null

2018-12-13 11:20:50 - [MESSAGE][PASSED] - Call Test Case 'Test Cases/Final Aug 2018 - PKS Automation/Common/Reference Number Setter' successfully

2018-12-13 11:20:50 - [TEST_STEP][PASSED] - selectOptionByValue: All options with value '2030' are selected in object 'Object Repository/Final Object Repo/Page_Form 1A - Cessation As Employer/Employment Resign Date - Year' 

2018-12-13 11:20:50 - [MESSAGE][PASSED] - All options with value '2030' are selected in object 'Object Repository/Final Object Repo/Page_Form 1A - Cessation As Employer/Employment Resign Date - Year' 

2018-12-13 11:20:50 - [TEST_STEP][PASSED] - delay: Delayed 1 second(s)

2018-12-13 11:20:51 - [MESSAGE][PASSED] - Delayed 1 second(s)

2018-12-13 11:20:51 - [TEST_STEP][PASSED] - click: Object: 'Object Repository/Final Object Repo/Page_Form 1A - Cessation As Employer/Employment Resign Date - Year - Date' is clicked on

2018-12-13 11:20:52 - [MESSAGE][PASSED] - Object: 'Object Repository/Final Object Repo/Page_Form 1A - Cessation As Employer/Employment Resign Date - Year - Date' is clicked on

2018-12-13 11:20:52 - [TEST_STEP][PASSED] - delay: Delayed 2 second(s)

2018-12-13 11:20:54 - [MESSAGE][PASSED] - Delayed 2 second(s)

2018-12-13 11:20:54 - [TEST_STEP][PASSED] - click: Object: 'Object Repository/Final Object Repo/Page_Form 1A - Cessation As Employer/Save  Continue in Update Add Employee Resigned Date Page' is clicked on

2018-12-13 11:20:54 - [MESSAGE][PASSED] - Object: 'Object Repository/Final Object Repo/Page_Form 1A - Cessation As Employer/Save  Continue in Update Add Employee Resigned Date Page' is clicked on

2018-12-13 11:20:54 - [TEST_STEP][PASSED] - delay: Delayed 2 second(s)

2018-12-13 11:20:56 - [MESSAGE][PASSED] - Delayed 2 second(s)

2018-12-13 11:20:56 - [TEST_STEP][PASSED] - click: Object: 'Object Repository/Final Object Repo/Page_Form 1A - Cessation As Employer/Set Latest - Yes' is clicked on

2018-12-13 11:20:56 - [MESSAGE][PASSED] - Object: 'Object Repository/Final Object Repo/Page_Form 1A - Cessation As Employer/Set Latest - Yes' is clicked on

2018-12-13 11:20:56 - [TEST_STEP][PASSED] - delay: Delayed 2 second(s)

2018-12-13 11:20:58 - [MESSAGE][PASSED] - Delayed 2 second(s)

2018-12-13 11:20:58 - [TEST_STEP][PASSED] - click: Object: 'Object Repository/Final Object Repo/Page_Form 1A - Cessation As Employer/Add Document' is clicked on

2018-12-13 11:20:59 - [MESSAGE][PASSED] - Object: 'Object Repository/Final Object Repo/Page_Form 1A - Cessation As Employer/Add Document' is clicked on

2018-12-13 11:20:59 - [TEST_STEP][PASSED] - delay: Delayed 2 second(s)

2018-12-13 11:21:01 - [MESSAGE][PASSED] - Delayed 2 second(s)

2018-12-13 11:21:01 - [TEST_STEP][PASSED] - click: Object: 'Object Repository/Final Object Repo/Page_Form 1A - Cessation As Employer/Document Type' is clicked on

2018-12-13 11:21:02 - [MESSAGE][PASSED] - Object: 'Object Repository/Final Object Repo/Page_Form 1A - Cessation As Employer/Document Type' is clicked on

2018-12-13 11:21:02 - [TEST_STEP][PASSED] - delay: Delayed 2 second(s)

2018-12-13 11:21:04 - [MESSAGE][PASSED] - Delayed 2 second(s)

2018-12-13 11:21:04 - [TEST_STEP][PASSED] - click: Object: 'Object Repository/Final Object Repo/Page_Form 1A - Cessation As Employer/Document Type - Supporting Document For Cessation' is clicked on

2018-12-13 11:21:04 - [MESSAGE][PASSED] - Object: 'Object Repository/Final Object Repo/Page_Form 1A - Cessation As Employer/Document Type - Supporting Document For Cessation' is clicked on

2018-12-13 11:21:04 - [TEST_STEP][PASSED] - delay: Delayed 2 second(s)

2018-12-13 11:21:06 - [MESSAGE][PASSED] - Delayed 2 second(s)

2018-12-13 11:21:06 - [TEST_STEP][PASSED] - sendKeys: Keys 'C:\Users\Public\Pictures\Sample Pictures\Koala.jpg' sent to object: 'Object Repository/Final Object Repo/Page_Form 1A - Cessation As Employer/Uploading File'

2018-12-13 11:21:07 - [MESSAGE][PASSED] - Keys 'C:\Users\Public\Pictures\Sample Pictures\Koala.jpg' sent to object: 'Object Repository/Final Object Repo/Page_Form 1A - Cessation As Employer/Uploading File'

2018-12-13 11:21:07 - [TEST_STEP][PASSED] - delay: Delayed 2 second(s)

2018-12-13 11:21:09 - [MESSAGE][PASSED] - Delayed 2 second(s)

2018-12-13 11:21:09 - [TEST_STEP][PASSED] - click: Object: 'Object Repository/Final Object Repo/Page_Form 1A - Cessation As Employer/Add Document in Uploading Page' is clicked on

2018-12-13 11:21:09 - [MESSAGE][PASSED] - Object: 'Object Repository/Final Object Repo/Page_Form 1A - Cessation As Employer/Add Document in Uploading Page' is clicked on

2018-12-13 11:21:09 - [TEST_STEP][PASSED] - delay: Delayed 20 second(s)

2018-12-13 11:21:29 - [MESSAGE][PASSED] - Delayed 20 second(s)

2018-12-13 11:21:29 - [TEST_STEP][PASSED] - click: Object: 'Object Repository/Final Object Repo/Page_Form 1A - Cessation As Employer/Save  Continue in Uploading Page' is clicked on

2018-12-13 11:21:29 - [MESSAGE][PASSED] - Object: 'Object Repository/Final Object Repo/Page_Form 1A - Cessation As Employer/Save  Continue in Uploading Page' is clicked on

2018-12-13 11:21:29 - [TEST_STEP][PASSED] - delay: Delayed 2 second(s)

2018-12-13 11:21:31 - [MESSAGE][PASSED] - Delayed 2 second(s)

2018-12-13 11:21:31 - [TEST_STEP][PASSED] - click: Object: 'Object Repository/Final Object Repo/Page_Form 1A - Cessation As Employer/Submit2' is clicked on

2018-12-13 11:21:34 - [MESSAGE][PASSED] - Object: 'Object Repository/Final Object Repo/Page_Form 1A - Cessation As Employer/Submit2' is clicked on

2018-12-13 11:21:34 - [TEST_STEP][PASSED] - delay: Delayed 2 second(s)

2018-12-13 11:21:36 - [MESSAGE][PASSED] - Delayed 2 second(s)

2018-12-13 11:21:36 - [TEST_STEP][PASSED] - click: Object: 'Object Repository/Final Object Repo/Page_Form 1A - Cessation As Employer/Confirm' is clicked on

2018-12-13 11:21:36 - [MESSAGE][PASSED] - Object: 'Object Repository/Final Object Repo/Page_Form 1A - Cessation As Employer/Confirm' is clicked on

2018-12-13 11:21:36 - [TEST_STEP][PASSED] - delay: Delayed 2 second(s)

2018-12-13 11:21:38 - [MESSAGE][PASSED] - Delayed 2 second(s)

2018-12-13 11:21:38 - [TEST_STEP][PASSED] - verifyElementVisible: Object 'Object Repository/Final Object Repo/Page_Form 1A - Cessation As Employer/Message Your Request will be routed to UO' is visible

2018-12-13 11:21:43 - [MESSAGE][PASSED] - Object 'Object Repository/Final Object Repo/Page_Form 1A - Cessation As Employer/Message Your Request will be routed to UO' is visible

2018-12-13 11:21:43 - [TEST_STEP][PASSED] - delay: Delayed 1 second(s)

2018-12-13 11:21:44 - [MESSAGE][PASSED] - Delayed 1 second(s)

2018-12-13 11:21:44 - [TEST_STEP][PASSED] - verifyElementVisible: Object 'Object Repository/Final Object Repo/Page_Form 1A - Cessation As Employer/Letter of acknowledgement' is visible

2018-12-13 11:21:44 - [MESSAGE][PASSED] - Object 'Object Repository/Final Object Repo/Page_Form 1A - Cessation As Employer/Letter of acknowledgement' is visible

2018-12-13 11:21:44 - [MESSAGE][PASSED] - Call Test Case 'Test Cases/Final Aug 2018 - PKS Automation/Registration Module/Workflow/Form 1A - Cessation As Employer/Template/Form 1 A - Cessation As Employer (OTC)' successfully

2018-12-13 11:21:44 - [TEST_STEP][PASSED] - delay: Delayed 1 second(s)

2018-12-13 11:21:45 - [MESSAGE][PASSED] - Delayed 1 second(s)

2018-12-13 11:21:45 - [TEST_STEP][PASSED] - navigateToUrl: Navigate to 'https://assist2-uat.perkeso.gov.my/c/portal/logout' successfully

2018-12-13 11:21:46 - [MESSAGE][PASSED] - Navigate to 'https://assist2-uat.perkeso.gov.my/c/portal/logout' successfully

2018-12-13 11:21:46 - [TEST_STEP][PASSED] - delay: Delayed 1 second(s)

2018-12-13 11:21:47 - [MESSAGE][PASSED] - Delayed 1 second(s)

2018-12-13 11:21:47 - [TEST_STEP][PASSED] - callTestCase: Call Test Case 'Test Cases/Final Aug 2018 - PKS Automation/Common/Reference Number Getter' successfully

2018-12-13 11:21:47 - [TEST_CASE][PASSED] - Test Cases/Final Aug 2018 - PKS Automation/Common/Reference Number Getter: Test Cases/Final Aug 2018 - PKS Automation/Common/Reference Number Getter

2018-12-13 11:21:47 - [TEST_STEP][PASSED] - Statement - Try: null

2018-12-13 11:21:47 - [TEST_STEP][PASSED] - Statement - RefNo = new java.io.File(C://Users//Admin//Desktop//PKS//Automation Reference Point//KatalonReference.txt): null

2018-12-13 11:21:47 - [TEST_STEP][PASSED] - Statement - bufferread = new java.io.BufferedReader(new java.io.FileReader(RefNo)): null

2018-12-13 11:21:47 - [TEST_STEP][PASSED] - Statement - readedVal = bufferread.readLine(): null

2018-12-13 11:21:47 - [TEST_STEP][PASSED] - Statement - out.println(CaseReferenceNo): null

2018-12-13 11:21:47 - [TEST_STEP][PASSED] - Statement - out.println(readedVal): null

2018-12-13 11:21:47 - [TEST_STEP][PASSED] - Statement - CaseReferenceNo = "": null

2018-12-13 11:21:47 - [TEST_STEP][PASSED] - Statement - CaseReferenceNo = readedVal: null

2018-12-13 11:21:47 - [MESSAGE][PASSED] - Call Test Case 'Test Cases/Final Aug 2018 - PKS Automation/Common/Reference Number Getter' successfully

2018-12-13 11:21:47 - [TEST_STEP][PASSED] - callTestCase: Call Test Case 'Test Cases/Final Aug 2018 - PKS Automation/Common/Workflow Owner Finder' successfully

2018-12-13 11:21:47 - [TEST_CASE][PASSED] - Test Cases/Final Aug 2018 - PKS Automation/Common/Workflow Owner Finder: Test Cases/Final Aug 2018 - PKS Automation/Common/Workflow Owner Finder

2018-12-13 11:21:47 - [TEST_STEP][PASSED] - openBrowser: Browser is opened with url: ''

2018-12-13 11:21:47 - [MESSAGE][WARNING] - A browser is already opened. Closing browser and opening a new one

2018-12-13 11:21:50 - [MESSAGE][PASSED] - Browser is opened with url: ''

2018-12-13 11:21:50 - [TEST_STEP][PASSED] - navigateToUrl: Navigate to 'https://assist2-uat.perkeso.gov.my/login' successfully

2018-12-13 11:21:51 - [MESSAGE][PASSED] - Navigate to 'https://assist2-uat.perkeso.gov.my/login' successfully

2018-12-13 11:21:51 - [TEST_STEP][PASSED] - delay: Delayed 5 second(s)

2018-12-13 11:21:56 - [MESSAGE][PASSED] - Delayed 5 second(s)

2018-12-13 11:21:56 - [TEST_STEP][PASSED] - setText: Text 'test@liferay.com' is set on object 'Object Repository/Final Object Repo/Login Page/Internal User/Email Address'

2018-12-13 11:21:56 - [MESSAGE][PASSED] - Text 'test@liferay.com' is set on object 'Object Repository/Final Object Repo/Login Page/Internal User/Email Address'

2018-12-13 11:21:56 - [TEST_STEP][PASSED] - click: Object: 'Object Repository/Final Object Repo/Login Page/Internal User/Next Button' is clicked on

2018-12-13 11:21:56 - [MESSAGE][PASSED] - Object: 'Object Repository/Final Object Repo/Login Page/Internal User/Next Button' is clicked on

2018-12-13 11:21:56 - [TEST_STEP][PASSED] - delay: Delayed 2 second(s)

2018-12-13 11:21:58 - [MESSAGE][PASSED] - Delayed 2 second(s)

2018-12-13 11:21:58 - [TEST_STEP][PASSED] - setText: Text 'test' is set on object 'Object Repository/Final Object Repo/Login Page/Internal User/Password'

2018-12-13 11:21:59 - [MESSAGE][PASSED] - Text 'test' is set on object 'Object Repository/Final Object Repo/Login Page/Internal User/Password'

2018-12-13 11:21:59 - [TEST_STEP][PASSED] - delay: Delayed 2 second(s)

2018-12-13 11:22:01 - [MESSAGE][PASSED] - Delayed 2 second(s)

2018-12-13 11:22:01 - [TEST_STEP][PASSED] - click: Object: 'Object Repository/Final Object Repo/Login Page/Internal User/Login Button' is clicked on

2018-12-13 11:22:01 - [MESSAGE][PASSED] - Object: 'Object Repository/Final Object Repo/Login Page/Internal User/Login Button' is clicked on

2018-12-13 11:22:01 - [TEST_STEP][PASSED] - Statement - tester = com.kms.katalon.core.testobject.ObjectRepository.findTestObject(Final Object Repo/Landing Page/Select to English): Finding Test Object with id 'Object Repository/Final Object Repo/Landing Page/Select to English'

2018-12-13 11:22:01 - [TEST_STEP][PASSED] - Statement - Try: Delayed 2 second(s)

2018-12-13 11:22:01 - [TEST_STEP][PASSED] - Statement - Checker = com.kms.katalon.core.webui.keyword.WebUiBuiltInKeywords.verifyElementNotPresent(tester, 3): Web element with id: 'Object Repository/Final Object Repo/Landing Page/Select to English' located by 'By.xpath: //a[@class = 'taglib-language-list-text' and @lang = 'en-US' and (contains(text(), 'EN') or contains(., 'EN'))]' is not present after '3' second(s)

2018-12-13 11:22:03 - [MESSAGE][PASSED] - Web element with id: 'Object Repository/Final Object Repo/Landing Page/Select to English' located by 'By.xpath: //a[@class = 'taglib-language-list-text' and @lang = 'en-US' and (contains(text(), 'EN') or contains(., 'EN'))]' is not present after '3' second(s)

2018-12-13 11:22:03 - [TEST_STEP][PASSED] - Statement - If (Checker == false): null

2018-12-13 11:22:03 - [TEST_STEP][PASSED] - delay: Delayed 2 second(s)

2018-12-13 11:22:05 - [MESSAGE][PASSED] - Delayed 2 second(s)

2018-12-13 11:22:05 - [TEST_STEP][PASSED] - delay: Delayed 5 second(s)

2018-12-13 11:22:10 - [MESSAGE][PASSED] - Delayed 5 second(s)

2018-12-13 11:22:10 - [TEST_STEP][PASSED] - mouseOver: Object: 'Object Repository/Final Object Repo/Landing Page/WorkFlow Menu' is hovered

2018-12-13 11:22:10 - [MESSAGE][PASSED] - Object: 'Object Repository/Final Object Repo/Landing Page/WorkFlow Menu' is hovered

2018-12-13 11:22:10 - [TEST_STEP][PASSED] - delay: Delayed 2 second(s)

2018-12-13 11:22:12 - [MESSAGE][PASSED] - Delayed 2 second(s)

2018-12-13 11:22:12 - [TEST_STEP][PASSED] - click: Object: 'Object Repository/Final Object Repo/Landing Page/Select to Workflow Listing' is clicked on

2018-12-13 11:22:13 - [MESSAGE][PASSED] - Object: 'Object Repository/Final Object Repo/Landing Page/Select to Workflow Listing' is clicked on

2018-12-13 11:22:13 - [TEST_STEP][PASSED] - delay: Delayed 2 second(s)

2018-12-13 11:22:15 - [MESSAGE][PASSED] - Delayed 2 second(s)

2018-12-13 11:22:15 - [TEST_STEP][PASSED] - click: Object: 'Object Repository/Final Object Repo/WorkFlow Listing Page/Search Information - To Put Ref No' is clicked on

2018-12-13 11:22:15 - [MESSAGE][PASSED] - Object: 'Object Repository/Final Object Repo/WorkFlow Listing Page/Search Information - To Put Ref No' is clicked on

2018-12-13 11:22:15 - [TEST_STEP][PASSED] - delay: Delayed 2 second(s)

2018-12-13 11:22:17 - [MESSAGE][PASSED] - Delayed 2 second(s)

2018-12-13 11:22:17 - [TEST_STEP][PASSED] - callTestCase: Call Test Case 'Test Cases/Final Aug 2018 - PKS Automation/Common/Reference Number Getter' successfully

2018-12-13 11:22:17 - [TEST_CASE][PASSED] - Test Cases/Final Aug 2018 - PKS Automation/Common/Reference Number Getter: Test Cases/Final Aug 2018 - PKS Automation/Common/Reference Number Getter

2018-12-13 11:22:17 - [TEST_STEP][PASSED] - Statement - Try: null

2018-12-13 11:22:17 - [TEST_STEP][PASSED] - Statement - RefNo = new java.io.File(C://Users//Admin//Desktop//PKS//Automation Reference Point//KatalonReference.txt): null

2018-12-13 11:22:17 - [TEST_STEP][PASSED] - Statement - bufferread = new java.io.BufferedReader(new java.io.FileReader(RefNo)): null

2018-12-13 11:22:17 - [TEST_STEP][PASSED] - Statement - readedVal = bufferread.readLine(): null

2018-12-13 11:22:17 - [TEST_STEP][PASSED] - Statement - out.println(CaseReferenceNo): null

2018-12-13 11:22:17 - [TEST_STEP][PASSED] - Statement - out.println(readedVal): null

2018-12-13 11:22:17 - [TEST_STEP][PASSED] - Statement - CaseReferenceNo = "": null

2018-12-13 11:22:17 - [TEST_STEP][PASSED] - Statement - CaseReferenceNo = readedVal: null

2018-12-13 11:22:17 - [MESSAGE][PASSED] - Call Test Case 'Test Cases/Final Aug 2018 - PKS Automation/Common/Reference Number Getter' successfully

2018-12-13 11:22:17 - [TEST_STEP][PASSED] - setText: Text 'CUN122018C200001729' is set on object 'Object Repository/Final Object Repo/WorkFlow Listing Page/Ref No Set Text'

2018-12-13 11:22:18 - [MESSAGE][PASSED] - Text 'CUN122018C200001729' is set on object 'Object Repository/Final Object Repo/WorkFlow Listing Page/Ref No Set Text'

2018-12-13 11:22:18 - [TEST_STEP][PASSED] - delay: Delayed 2 second(s)

2018-12-13 11:22:20 - [MESSAGE][PASSED] - Delayed 2 second(s)

2018-12-13 11:22:20 - [TEST_STEP][PASSED] - click: Object: 'Object Repository/Final Object Repo/WorkFlow Listing Page/Search Ref No Search Button' is clicked on

2018-12-13 11:22:20 - [MESSAGE][PASSED] - Object: 'Object Repository/Final Object Repo/WorkFlow Listing Page/Search Ref No Search Button' is clicked on

2018-12-13 11:22:20 - [TEST_STEP][PASSED] - delay: Delayed 6 second(s)

2018-12-13 11:22:26 - [MESSAGE][PASSED] - Delayed 6 second(s)

2018-12-13 11:22:26 - [TEST_STEP][PASSED] - click: Object: 'Object Repository/Final Object Repo/WorkFlow Listing Page/Click Continue Tooltip' is clicked on

2018-12-13 11:22:27 - [MESSAGE][PASSED] - Object: 'Object Repository/Final Object Repo/WorkFlow Listing Page/Click Continue Tooltip' is clicked on

2018-12-13 11:22:27 - [TEST_STEP][PASSED] - delay: Delayed 5 second(s)

2018-12-13 11:22:32 - [MESSAGE][PASSED] - Delayed 5 second(s)

2018-12-13 11:22:32 - [TEST_STEP][PASSED] - doubleClick: Object: 'Object Repository/Final Object Repo/WorkFlow Listing Page/Workflow Found - Listing 1' is double clicked on

2018-12-13 11:22:32 - [MESSAGE][PASSED] - Object: 'Object Repository/Final Object Repo/WorkFlow Listing Page/Workflow Found - Listing 1' is double clicked on

2018-12-13 11:22:32 - [TEST_STEP][PASSED] - Statement - println(OwnerID): null

2018-12-13 11:22:32 - [TEST_STEP][PASSED] - Statement - OwnerID = com.kms.katalon.core.webui.keyword.WebUiBuiltInKeywords.getText(com.kms.katalon.core.testobject.ObjectRepository.findTestObject(Final Object Repo/WorkFlow Listing Page/Workflow Found - Listing 1), STOP_ON_FAILURE): Text of object 'Object Repository/Final Object Repo/WorkFlow Listing Page/Workflow Found - Listing 1' is: 'JOHORuo2'

2018-12-13 11:22:32 - [MESSAGE][PASSED] - Text of object 'Object Repository/Final Object Repo/WorkFlow Listing Page/Workflow Found - Listing 1' is: 'JOHORuo2'

2018-12-13 11:22:32 - [TEST_STEP][PASSED] - Statement - OwnerID = OwnerID.toLowerCase() + "@gmail.com": null

2018-12-13 11:22:32 - [TEST_STEP][PASSED] - Statement - println(OwnerID): null

2018-12-13 11:22:32 - [TEST_STEP][PASSED] - delay: Delayed 2 second(s)

2018-12-13 11:22:34 - [MESSAGE][PASSED] - Delayed 2 second(s)

2018-12-13 11:22:34 - [MESSAGE][PASSED] - Call Test Case 'Test Cases/Final Aug 2018 - PKS Automation/Common/Workflow Owner Finder' successfully

2018-12-13 11:22:34 - [TEST_STEP][PASSED] - delay: Delayed 1 second(s)

2018-12-13 11:22:35 - [MESSAGE][PASSED] - Delayed 1 second(s)

2018-12-13 11:22:35 - [TEST_STEP][PASSED] - navigateToUrl: Navigate to 'https://assist2-uat.perkeso.gov.my/c/portal/logout' successfully

2018-12-13 11:22:36 - [MESSAGE][PASSED] - Navigate to 'https://assist2-uat.perkeso.gov.my/c/portal/logout' successfully

2018-12-13 11:22:36 - [TEST_STEP][PASSED] - delay: Delayed 1 second(s)

2018-12-13 11:22:37 - [MESSAGE][PASSED] - Delayed 1 second(s)

2018-12-13 11:22:37 - [TEST_STEP][PASSED] - callTestCase: Call Test Case 'Test Cases/Final Aug 2018 - PKS Automation/Registration Module/Workflow/Login and Search Case For Workflow' successfully

2018-12-13 11:22:37 - [TEST_CASE][PASSED] - Test Cases/Final Aug 2018 - PKS Automation/Registration Module/Workflow/Login and Search Case For Workflow: Test Cases/Final Aug 2018 - PKS Automation/Registration Module/Workflow/Login and Search Case For Workflow

2018-12-13 11:22:37 - [TEST_STEP][PASSED] - navigateToUrl: Navigate to 'https://assist2-uat.perkeso.gov.my/login' successfully

2018-12-13 11:22:37 - [MESSAGE][PASSED] - Navigate to 'https://assist2-uat.perkeso.gov.my/login' successfully

2018-12-13 11:22:37 - [TEST_STEP][PASSED] - setText: Text 'johoruo2@gmail.com' is set on object 'Object Repository/Final Object Repo/Login Page/Internal User/Email Address'

2018-12-13 11:22:38 - [MESSAGE][PASSED] - Text 'johoruo2@gmail.com' is set on object 'Object Repository/Final Object Repo/Login Page/Internal User/Email Address'

2018-12-13 11:22:38 - [TEST_STEP][PASSED] - click: Object: 'Object Repository/Final Object Repo/Login Page/Internal User/Next Button' is clicked on

2018-12-13 11:22:38 - [MESSAGE][PASSED] - Object: 'Object Repository/Final Object Repo/Login Page/Internal User/Next Button' is clicked on

2018-12-13 11:22:38 - [TEST_STEP][PASSED] - delay: Delayed 1 second(s)

2018-12-13 11:22:39 - [MESSAGE][PASSED] - Delayed 1 second(s)

2018-12-13 11:22:39 - [TEST_STEP][PASSED] - setEncryptedText: Text ****** has been set on object 'Object Repository/Final Object Repo/Login Page/Internal User/Password'

2018-12-13 11:22:39 - [MESSAGE][PASSED] - Text ****** has been set on object 'Object Repository/Final Object Repo/Login Page/Internal User/Password'

2018-12-13 11:22:39 - [TEST_STEP][PASSED] - click: Object: 'Object Repository/Final Object Repo/Login Page/Internal User/Login Button' is clicked on

2018-12-13 11:22:39 - [MESSAGE][PASSED] - Object: 'Object Repository/Final Object Repo/Login Page/Internal User/Login Button' is clicked on

2018-12-13 11:22:39 - [TEST_STEP][PASSED] - delay: Delayed 2 second(s)

2018-12-13 11:22:41 - [MESSAGE][PASSED] - Delayed 2 second(s)

2018-12-13 11:22:41 - [TEST_STEP][PASSED] - Statement - Try: Delayed 2 second(s)

2018-12-13 11:22:41 - [TEST_STEP][PASSED] - Statement - Checker = false: null

2018-12-13 11:22:41 - [TEST_STEP][PASSED] - Statement - Checker = com.kms.katalon.core.webui.keyword.WebUiBuiltInKeywords.verifyElementHasAttribute(com.kms.katalon.core.testobject.ObjectRepository.findTestObject(Final Object Repo/Landing Page/BM Detecting), "href", 20, OPTIONAL): Object 'Object Repository/Final Object Repo/Landing Page/BM Detecting' has attribute 'href'

2018-12-13 11:22:41 - [MESSAGE][PASSED] - Object 'Object Repository/Final Object Repo/Landing Page/BM Detecting' has attribute 'href'

2018-12-13 11:22:41 - [TEST_STEP][PASSED] - Statement - out.println(Checker): null

2018-12-13 11:22:41 - [TEST_STEP][PASSED] - Statement - If (Checker == false): null

2018-12-13 11:22:41 - [TEST_STEP][PASSED] - Statement - Else: null

2018-12-13 11:22:41 - [TEST_STEP][PASSED] - delay: Delayed 2 second(s)

2018-12-13 11:22:43 - [MESSAGE][PASSED] - Delayed 2 second(s)

2018-12-13 11:22:43 - [TEST_STEP][PASSED] - click: Object: 'Object Repository/Final Object Repo/Page_MyASSIST - ASSIST - Search Pending Case For Add Supporting Document/Search Information' is clicked on

2018-12-13 11:22:43 - [MESSAGE][PASSED] - Object: 'Object Repository/Final Object Repo/Page_MyASSIST - ASSIST - Search Pending Case For Add Supporting Document/Search Information' is clicked on

2018-12-13 11:22:43 - [TEST_STEP][PASSED] - delay: Delayed 3 second(s)

2018-12-13 11:22:46 - [MESSAGE][PASSED] - Delayed 3 second(s)

2018-12-13 11:22:46 - [TEST_STEP][PASSED] - sendKeys: Keys 'CUN122018C200001729' sent to object: 'Object Repository/Final Object Repo/Page_MyASSIST - ASSIST - Search Pending Case For Add Supporting Document/Reference No'

2018-12-13 11:22:47 - [MESSAGE][PASSED] - Keys 'CUN122018C200001729' sent to object: 'Object Repository/Final Object Repo/Page_MyASSIST - ASSIST - Search Pending Case For Add Supporting Document/Reference No'

2018-12-13 11:22:47 - [TEST_STEP][PASSED] - click: Object: 'Object Repository/Final Object Repo/Page_MyASSIST - ASSIST - Search Pending Case For Add Supporting Document/Search Reference No' is clicked on

2018-12-13 11:22:47 - [MESSAGE][PASSED] - Object: 'Object Repository/Final Object Repo/Page_MyASSIST - ASSIST - Search Pending Case For Add Supporting Document/Search Reference No' is clicked on

2018-12-13 11:22:47 - [TEST_STEP][PASSED] - delay: Delayed 2 second(s)

2018-12-13 11:22:49 - [MESSAGE][PASSED] - Delayed 2 second(s)

2018-12-13 11:22:49 - [TEST_STEP][PASSED] - click: Object: 'Object Repository/Final Object Repo/Page_MyASSIST - ASSIST - Search Pending Case For Add Supporting Document/Continue' is clicked on

2018-12-13 11:22:52 - [MESSAGE][PASSED] - Object: 'Object Repository/Final Object Repo/Page_MyASSIST - ASSIST - Search Pending Case For Add Supporting Document/Continue' is clicked on

2018-12-13 11:22:52 - [TEST_STEP][PASSED] - delay: Delayed 20 second(s)

2018-12-13 11:23:12 - [MESSAGE][PASSED] - Delayed 20 second(s)

2018-12-13 11:23:12 - [MESSAGE][PASSED] - Call Test Case 'Test Cases/Final Aug 2018 - PKS Automation/Registration Module/Workflow/Login and Search Case For Workflow' successfully

2018-12-13 11:23:12 - [TEST_STEP][PASSED] - click: Object: 'Object Repository/Final Object Repo/Page_Form 1A - Cessation As Employer/Page_Form 1A - Cessation As Employer (Approve)/Save  Continue in Form 1A Page' is clicked on

2018-12-13 11:23:13 - [MESSAGE][PASSED] - Object: 'Object Repository/Final Object Repo/Page_Form 1A - Cessation As Employer/Page_Form 1A - Cessation As Employer (Approve)/Save  Continue in Form 1A Page' is clicked on

2018-12-13 11:23:13 - [TEST_STEP][PASSED] - delay: Delayed 2 second(s)

2018-12-13 11:23:15 - [MESSAGE][PASSED] - Delayed 2 second(s)

2018-12-13 11:23:15 - [TEST_STEP][PASSED] - click: Object: 'Object Repository/Final Object Repo/Page_Form 1A - Cessation As Employer/Employment Resign Date' is clicked on

2018-12-13 11:23:15 - [MESSAGE][PASSED] - Object: 'Object Repository/Final Object Repo/Page_Form 1A - Cessation As Employer/Employment Resign Date' is clicked on

2018-12-13 11:23:15 - [TEST_STEP][PASSED] - delay: Delayed 1 second(s)

2018-12-13 11:23:16 - [MESSAGE][PASSED] - Delayed 1 second(s)

2018-12-13 11:23:16 - [TEST_STEP][PASSED] - selectOptionByValue: All options with value '2030' are selected in object 'Object Repository/Final Object Repo/Page_Form 1A - Cessation As Employer/Employment Resign Date - Year' 

2018-12-13 11:23:16 - [MESSAGE][PASSED] - All options with value '2030' are selected in object 'Object Repository/Final Object Repo/Page_Form 1A - Cessation As Employer/Employment Resign Date - Year' 

2018-12-13 11:23:16 - [TEST_STEP][PASSED] - delay: Delayed 1 second(s)

2018-12-13 11:23:17 - [MESSAGE][PASSED] - Delayed 1 second(s)

2018-12-13 11:23:17 - [TEST_STEP][PASSED] - click: Object: 'Object Repository/Final Object Repo/Page_Form 1A - Cessation As Employer/Employment Resign Date - Year - Date' is clicked on

2018-12-13 11:23:17 - [MESSAGE][PASSED] - Object: 'Object Repository/Final Object Repo/Page_Form 1A - Cessation As Employer/Employment Resign Date - Year - Date' is clicked on

2018-12-13 11:23:17 - [TEST_STEP][PASSED] - delay: Delayed 2 second(s)

2018-12-13 11:23:19 - [MESSAGE][PASSED] - Delayed 2 second(s)

2018-12-13 11:23:19 - [TEST_STEP][PASSED] - click: Object: 'Object Repository/Final Object Repo/Page_Form 1A - Cessation As Employer/Page_Form 1A - Cessation As Employer (Approve)/Save  Continue in Update Add Employee Resigned Date Page' is clicked on

2018-12-13 11:23:19 - [MESSAGE][PASSED] - Object: 'Object Repository/Final Object Repo/Page_Form 1A - Cessation As Employer/Page_Form 1A - Cessation As Employer (Approve)/Save  Continue in Update Add Employee Resigned Date Page' is clicked on

2018-12-13 11:23:19 - [TEST_STEP][PASSED] - delay: Delayed 2 second(s)

2018-12-13 11:23:21 - [MESSAGE][PASSED] - Delayed 2 second(s)

2018-12-13 11:23:21 - [TEST_STEP][PASSED] - click: Object: 'Object Repository/Final Object Repo/Page_Form 1A - Cessation As Employer/Set Latest - Yes' is clicked on

2018-12-13 11:23:22 - [MESSAGE][PASSED] - Object: 'Object Repository/Final Object Repo/Page_Form 1A - Cessation As Employer/Set Latest - Yes' is clicked on

2018-12-13 11:23:22 - [TEST_STEP][PASSED] - delay: Delayed 2 second(s)

2018-12-13 11:23:24 - [MESSAGE][PASSED] - Delayed 2 second(s)

2018-12-13 11:23:24 - [TEST_STEP][PASSED] - click: Object: 'Object Repository/Final Object Repo/Page_Form 1A - Cessation As Employer/Page_Form 1A - Cessation As Employer (Approve)/Save  Contine in Uploading Document Page' is clicked on

2018-12-13 11:23:25 - [MESSAGE][PASSED] - Object: 'Object Repository/Final Object Repo/Page_Form 1A - Cessation As Employer/Page_Form 1A - Cessation As Employer (Approve)/Save  Contine in Uploading Document Page' is clicked on

2018-12-13 11:23:25 - [TEST_STEP][PASSED] - delay: Delayed 2 second(s)

2018-12-13 11:23:27 - [MESSAGE][PASSED] - Delayed 2 second(s)

2018-12-13 11:23:27 - [TEST_STEP][PASSED] - click: Object: 'Object Repository/Final Object Repo/Page_Form 1A - Cessation As Employer/Page_Form 1A - Cessation As Employer (Reject)/Reject' is clicked on

2018-12-13 11:23:29 - [MESSAGE][PASSED] - Object: 'Object Repository/Final Object Repo/Page_Form 1A - Cessation As Employer/Page_Form 1A - Cessation As Employer (Reject)/Reject' is clicked on

2018-12-13 11:23:29 - [TEST_STEP][PASSED] - delay: Delayed 2 second(s)

2018-12-13 11:23:31 - [MESSAGE][PASSED] - Delayed 2 second(s)

2018-12-13 11:23:31 - [TEST_STEP][PASSED] - click: Object: 'Object Repository/Final Object Repo/Page_Form 1A - Cessation As Employer/Page_Form 1A - Cessation As Employer (Reject)/Confirm' is clicked on

2018-12-13 11:23:31 - [MESSAGE][PASSED] - Object: 'Object Repository/Final Object Repo/Page_Form 1A - Cessation As Employer/Page_Form 1A - Cessation As Employer (Reject)/Confirm' is clicked on

2018-12-13 11:23:31 - [TEST_STEP][PASSED] - delay: Delayed 2 second(s)

2018-12-13 11:23:33 - [MESSAGE][PASSED] - Delayed 2 second(s)

2018-12-13 11:23:33 - [TEST_STEP][PASSED] - verifyElementVisible: Object 'Object Repository/Final Object Repo/Page_Form 1A - Cessation As Employer/Page_Form 1A - Cessation As Employer (Reject)/Message This Case has been Rejected' is visible

2018-12-13 11:23:37 - [MESSAGE][PASSED] - Object 'Object Repository/Final Object Repo/Page_Form 1A - Cessation As Employer/Page_Form 1A - Cessation As Employer (Reject)/Message This Case has been Rejected' is visible

2018-12-13 11:23:37 - [TEST_STEP][PASSED] - delay: Delayed 1 second(s)

2018-12-13 11:23:38 - [MESSAGE][PASSED] - Delayed 1 second(s)

2018-12-13 11:23:38 - [TEST_STEP][PASSED] - verifyElementVisible: Object 'Object Repository/Final Object Repo/Page_Form 1A - Cessation As Employer/Page_Form 1A - Cessation As Employer (Reject)/Letter of update rejection' is visible

2018-12-13 11:23:38 - [MESSAGE][PASSED] - Object 'Object Repository/Final Object Repo/Page_Form 1A - Cessation As Employer/Page_Form 1A - Cessation As Employer (Reject)/Letter of update rejection' is visible

2018-12-13 11:23:38 - [MESSAGE][PASSED] - Call Test Case 'Test Cases/Final Aug 2018 - PKS Automation/Registration Module/Workflow/Form 1A - Cessation As Employer/Template/Form 1 A - Cessation As Employer (Reject)' successfully]]></system-out>
         <system-err><![CDATA[]]></system-err>
      </testcase>
      <testcase name="Test Cases/Final Aug 2018 - PKS Automation/Registration Module/Workflow/Form 1A - Cessation As Employer/OTC to UO (Under enforcement)" classname="Test Cases/Final Aug 2018 - PKS Automation/Registration Module/Workflow/Form 1A - Cessation As Employer/OTC to UO (Under enforcement)" status="PASSED">
         <system-out><![CDATA[2018-12-13 11:23:38 - [TEST_CASE][PASSED] - Test Cases/Final Aug 2018 - PKS Automation/Registration Module/Workflow/Form 1A - Cessation As Employer/OTC to UO (Under enforcement): Test Cases/Final Aug 2018 - PKS Automation/Registration Module/Workflow/Form 1A - Cessation As Employer/OTC to UO (Under enforcement)

2018-12-13 11:23:38 - [TEST_STEP][PASSED] - callTestCase: Call Test Case 'Test Cases/Final Aug 2018 - PKS Automation/Registration Module/Workflow/Form 1A - Cessation As Employer/Template/Form 1 A - Cessation As Employer (OTC)' successfully

2018-12-13 11:23:39 - [TEST_CASE][PASSED] - Test Cases/Final Aug 2018 - PKS Automation/Registration Module/Workflow/Form 1A - Cessation As Employer/Template/Form 1 A - Cessation As Employer (OTC): Test Cases/Final Aug 2018 - PKS Automation/Registration Module/Workflow/Form 1A - Cessation As Employer/Template/Form 1 A - Cessation As Employer (OTC)

2018-12-13 11:23:39 - [TEST_STEP][PASSED] - openBrowser: Browser is opened with url: ''

2018-12-13 11:23:39 - [MESSAGE][WARNING] - A browser is already opened. Closing browser and opening a new one

2018-12-13 11:23:41 - [MESSAGE][PASSED] - Browser is opened with url: ''

2018-12-13 11:23:41 - [TEST_STEP][PASSED] - navigateToUrl: Navigate to 'https://assist2-uat.perkeso.gov.my/login' successfully

2018-12-13 11:23:42 - [MESSAGE][PASSED] - Navigate to 'https://assist2-uat.perkeso.gov.my/login' successfully

2018-12-13 11:23:42 - [TEST_STEP][PASSED] - setText: Text 'johorotc1@gmail.com' is set on object 'Object Repository/Final Object Repo/Login Page/Internal User/Email Address'

2018-12-13 11:23:43 - [MESSAGE][PASSED] - Text 'johorotc1@gmail.com' is set on object 'Object Repository/Final Object Repo/Login Page/Internal User/Email Address'

2018-12-13 11:23:43 - [TEST_STEP][PASSED] - click: Object: 'Object Repository/Final Object Repo/Login Page/Internal User/Next Button' is clicked on

2018-12-13 11:23:43 - [MESSAGE][PASSED] - Object: 'Object Repository/Final Object Repo/Login Page/Internal User/Next Button' is clicked on

2018-12-13 11:23:43 - [TEST_STEP][PASSED] - delay: Delayed 1 second(s)

2018-12-13 11:23:44 - [MESSAGE][PASSED] - Delayed 1 second(s)

2018-12-13 11:23:44 - [TEST_STEP][PASSED] - setEncryptedText: Text ****** has been set on object 'Object Repository/Final Object Repo/Login Page/Internal User/Password'

2018-12-13 11:23:44 - [MESSAGE][PASSED] - Text ****** has been set on object 'Object Repository/Final Object Repo/Login Page/Internal User/Password'

2018-12-13 11:23:44 - [TEST_STEP][PASSED] - click: Object: 'Object Repository/Final Object Repo/Login Page/Internal User/Login Button' is clicked on

2018-12-13 11:23:44 - [MESSAGE][PASSED] - Object: 'Object Repository/Final Object Repo/Login Page/Internal User/Login Button' is clicked on

2018-12-13 11:23:44 - [TEST_STEP][PASSED] - delay: Delayed 1 second(s)

2018-12-13 11:23:45 - [MESSAGE][PASSED] - Delayed 1 second(s)

2018-12-13 11:23:45 - [TEST_STEP][PASSED] - Statement - Try: Delayed 2 second(s)

2018-12-13 11:23:45 - [TEST_STEP][PASSED] - Statement - Checker = false: null

2018-12-13 11:23:45 - [TEST_STEP][PASSED] - Statement - Checker = com.kms.katalon.core.webui.keyword.WebUiBuiltInKeywords.verifyElementHasAttribute(com.kms.katalon.core.testobject.ObjectRepository.findTestObject(Final Object Repo/Landing Page/BM Detecting), "href", 20, OPTIONAL): Object 'Object Repository/Final Object Repo/Landing Page/BM Detecting' has attribute 'href'

2018-12-13 11:23:46 - [MESSAGE][PASSED] - Object 'Object Repository/Final Object Repo/Landing Page/BM Detecting' has attribute 'href'

2018-12-13 11:23:46 - [TEST_STEP][PASSED] - Statement - out.println(Checker): null

2018-12-13 11:23:46 - [TEST_STEP][PASSED] - Statement - If (Checker == false): null

2018-12-13 11:23:46 - [TEST_STEP][PASSED] - Statement - Else: null

2018-12-13 11:23:46 - [TEST_STEP][PASSED] - delay: Delayed 2 second(s)

2018-12-13 11:23:48 - [MESSAGE][PASSED] - Delayed 2 second(s)

2018-12-13 11:23:48 - [TEST_STEP][PASSED] - navigateToUrl: Navigate to 'https://assist2-uat.perkeso.gov.my/web/registration/update/form-1a-cessation-as-employer-discontinue-business-' successfully

2018-12-13 11:23:49 - [MESSAGE][PASSED] - Navigate to 'https://assist2-uat.perkeso.gov.my/web/registration/update/form-1a-cessation-as-employer-discontinue-business-' successfully

2018-12-13 11:23:49 - [TEST_STEP][PASSED] - setText: Text 'E1102069770Z' is set on object 'Object Repository/Final Object Repo/Page_Update Employer Information/Employer Code'

2018-12-13 11:23:49 - [MESSAGE][PASSED] - Text 'E1102069770Z' is set on object 'Object Repository/Final Object Repo/Page_Update Employer Information/Employer Code'

2018-12-13 11:23:49 - [TEST_STEP][PASSED] - click: Object: 'Object Repository/Final Object Repo/Page_Update Employer Information/Search Button' is clicked on

2018-12-13 11:23:49 - [MESSAGE][PASSED] - Object: 'Object Repository/Final Object Repo/Page_Update Employer Information/Search Button' is clicked on

2018-12-13 11:23:49 - [TEST_STEP][PASSED] - click: Object: 'Object Repository/Final Object Repo/Page_Update Employer Information/Edit Button' is clicked on

2018-12-13 11:23:52 - [MESSAGE][PASSED] - Object: 'Object Repository/Final Object Repo/Page_Update Employer Information/Edit Button' is clicked on

2018-12-13 11:23:52 - [TEST_STEP][PASSED] - Statement - abc = com.kms.katalon.core.webui.keyword.WebUiBuiltInKeywords.getAttribute(com.kms.katalon.core.testobject.ObjectRepository.findTestObject(Final Object Repo/Page_Form 1A - Cessation As Employer/Employer Status), "value"): Attribute 'value' of object 'Object Repository/Final Object Repo/Page_Form 1A - Cessation As Employer/Employer Status' is: 'Dormant'

2018-12-13 11:23:52 - [MESSAGE][PASSED] - Attribute 'value' of object 'Object Repository/Final Object Repo/Page_Form 1A - Cessation As Employer/Employer Status' is: 'Dormant'

2018-12-13 11:23:52 - [TEST_STEP][PASSED] - Statement - out.println(abc): null

2018-12-13 11:23:52 - [TEST_STEP][PASSED] - Statement - If (abc == "Active"): null

2018-12-13 11:23:52 - [TEST_STEP][PASSED] - Statement - Else If (abc == "Cancel"): null

2018-12-13 11:23:52 - [TEST_STEP][PASSED] - Statement - Else If (abc == "Dormant"): Object: 'Object Repository/Final Object Repo/Page_Form 1A - Cessation As Employer/Change Employer Status to - Dormant' is clicked on

2018-12-13 11:23:52 - [TEST_STEP][PASSED] - click: Object: 'Object Repository/Final Object Repo/Page_Form 1A - Cessation As Employer/Change Employer Status to' is clicked on

2018-12-13 11:23:52 - [MESSAGE][PASSED] - Object: 'Object Repository/Final Object Repo/Page_Form 1A - Cessation As Employer/Change Employer Status to' is clicked on

2018-12-13 11:23:52 - [TEST_STEP][PASSED] - click: Object: 'Object Repository/Final Object Repo/Page_Form 1A - Cessation As Employer/Change Employer Status to - Dormant' is clicked on

2018-12-13 11:23:52 - [MESSAGE][PASSED] - Object: 'Object Repository/Final Object Repo/Page_Form 1A - Cessation As Employer/Change Employer Status to - Dormant' is clicked on

2018-12-13 11:23:52 - [TEST_STEP][PASSED] - click: Object: 'Object Repository/Final Object Repo/Page_Form 1A - Cessation As Employer/Calender' is clicked on

2018-12-13 11:23:52 - [MESSAGE][PASSED] - Object: 'Object Repository/Final Object Repo/Page_Form 1A - Cessation As Employer/Calender' is clicked on

2018-12-13 11:23:52 - [TEST_STEP][PASSED] - click: Object: 'Object Repository/Final Object Repo/Page_Form 1A - Cessation As Employer/Calender - Date' is clicked on

2018-12-13 11:23:53 - [MESSAGE][PASSED] - Object: 'Object Repository/Final Object Repo/Page_Form 1A - Cessation As Employer/Calender - Date' is clicked on

2018-12-13 11:23:53 - [TEST_STEP][PASSED] - delay: Delayed 2 second(s)

2018-12-13 11:23:55 - [MESSAGE][PASSED] - Delayed 2 second(s)

2018-12-13 11:23:55 - [TEST_STEP][PASSED] - click: Object: 'Object Repository/Final Object Repo/Page_Form 1A - Cessation As Employer/Save  Continue in Form 1A Page' is clicked on

2018-12-13 11:23:55 - [MESSAGE][PASSED] - Object: 'Object Repository/Final Object Repo/Page_Form 1A - Cessation As Employer/Save  Continue in Form 1A Page' is clicked on

2018-12-13 11:23:55 - [TEST_STEP][PASSED] - delay: Delayed 2 second(s)

2018-12-13 11:23:57 - [MESSAGE][PASSED] - Delayed 2 second(s)

2018-12-13 11:23:57 - [TEST_STEP][PASSED] - click: Object: 'Object Repository/Final Object Repo/Page_Form 1A - Cessation As Employer/Employment Resign Date' is clicked on

2018-12-13 11:23:57 - [MESSAGE][PASSED] - Object: 'Object Repository/Final Object Repo/Page_Form 1A - Cessation As Employer/Employment Resign Date' is clicked on

2018-12-13 11:23:57 - [TEST_STEP][PASSED] - delay: Delayed 1 second(s)

2018-12-13 11:23:58 - [MESSAGE][PASSED] - Delayed 1 second(s)

2018-12-13 11:23:58 - [TEST_STEP][PASSED] - Statement - CaseReferenceNo = com.kms.katalon.core.webui.keyword.WebUiBuiltInKeywords.getText(com.kms.katalon.core.testobject.ObjectRepository.findTestObject(Final Object Repo/Page_Update Employer Information/Reference Number in Update Employee Information Page)): Text of object 'Object Repository/Final Object Repo/Page_Update Employer Information/Reference Number in Update Employee Information Page' is: 'CUN122018C200001730'

2018-12-13 11:23:58 - [MESSAGE][PASSED] - Text of object 'Object Repository/Final Object Repo/Page_Update Employer Information/Reference Number in Update Employee Information Page' is: 'CUN122018C200001730'

2018-12-13 11:23:58 - [TEST_STEP][PASSED] - callTestCase: Call Test Case 'Test Cases/Final Aug 2018 - PKS Automation/Common/Reference Number Setter' successfully

2018-12-13 11:23:58 - [TEST_CASE][PASSED] - Test Cases/Final Aug 2018 - PKS Automation/Common/Reference Number Setter: Test Cases/Final Aug 2018 - PKS Automation/Common/Reference Number Setter

2018-12-13 11:23:58 - [TEST_STEP][PASSED] - Statement - RefNoOldFile = new java.io.File(C://Users//Admin//Desktop//PKS//Automation Reference Point//KatalonReference.txt): null

2018-12-13 11:23:58 - [TEST_STEP][PASSED] - Statement - RefNoOldFile.delete(): null

2018-12-13 11:23:58 - [TEST_STEP][PASSED] - delay: Delayed 5 second(s)

2018-12-13 11:24:03 - [MESSAGE][PASSED] - Delayed 5 second(s)

2018-12-13 11:24:03 - [TEST_STEP][PASSED] - Statement - RefNo = new java.io.File(C://Users//Admin//Desktop//PKS//Automation Reference Point//KatalonReference.txt): null

2018-12-13 11:24:03 - [TEST_STEP][PASSED] - Statement - f2 = new java.io.FileWriter(RefNo, false): null

2018-12-13 11:24:03 - [TEST_STEP][PASSED] - Statement - f2.write(CaseReferenceNo): null

2018-12-13 11:24:03 - [TEST_STEP][PASSED] - Statement - f2.close(): null

2018-12-13 11:24:03 - [TEST_STEP][PASSED] - Statement - out.println("


" + CaseReferenceNo + "


"): null

2018-12-13 11:24:03 - [MESSAGE][PASSED] - Call Test Case 'Test Cases/Final Aug 2018 - PKS Automation/Common/Reference Number Setter' successfully

2018-12-13 11:24:03 - [TEST_STEP][PASSED] - selectOptionByValue: All options with value '2030' are selected in object 'Object Repository/Final Object Repo/Page_Form 1A - Cessation As Employer/Employment Resign Date - Year' 

2018-12-13 11:24:03 - [MESSAGE][PASSED] - All options with value '2030' are selected in object 'Object Repository/Final Object Repo/Page_Form 1A - Cessation As Employer/Employment Resign Date - Year' 

2018-12-13 11:24:03 - [TEST_STEP][PASSED] - delay: Delayed 1 second(s)

2018-12-13 11:24:04 - [MESSAGE][PASSED] - Delayed 1 second(s)

2018-12-13 11:24:04 - [TEST_STEP][PASSED] - click: Object: 'Object Repository/Final Object Repo/Page_Form 1A - Cessation As Employer/Employment Resign Date - Year - Date' is clicked on

2018-12-13 11:24:05 - [MESSAGE][PASSED] - Object: 'Object Repository/Final Object Repo/Page_Form 1A - Cessation As Employer/Employment Resign Date - Year - Date' is clicked on

2018-12-13 11:24:05 - [TEST_STEP][PASSED] - delay: Delayed 2 second(s)

2018-12-13 11:24:07 - [MESSAGE][PASSED] - Delayed 2 second(s)

2018-12-13 11:24:07 - [TEST_STEP][PASSED] - click: Object: 'Object Repository/Final Object Repo/Page_Form 1A - Cessation As Employer/Save  Continue in Update Add Employee Resigned Date Page' is clicked on

2018-12-13 11:24:07 - [MESSAGE][PASSED] - Object: 'Object Repository/Final Object Repo/Page_Form 1A - Cessation As Employer/Save  Continue in Update Add Employee Resigned Date Page' is clicked on

2018-12-13 11:24:07 - [TEST_STEP][PASSED] - delay: Delayed 2 second(s)

2018-12-13 11:24:09 - [MESSAGE][PASSED] - Delayed 2 second(s)

2018-12-13 11:24:09 - [TEST_STEP][PASSED] - click: Object: 'Object Repository/Final Object Repo/Page_Form 1A - Cessation As Employer/Set Latest - Yes' is clicked on

2018-12-13 11:24:09 - [MESSAGE][PASSED] - Object: 'Object Repository/Final Object Repo/Page_Form 1A - Cessation As Employer/Set Latest - Yes' is clicked on

2018-12-13 11:24:09 - [TEST_STEP][PASSED] - delay: Delayed 2 second(s)

2018-12-13 11:24:11 - [MESSAGE][PASSED] - Delayed 2 second(s)

2018-12-13 11:24:11 - [TEST_STEP][PASSED] - click: Object: 'Object Repository/Final Object Repo/Page_Form 1A - Cessation As Employer/Add Document' is clicked on

2018-12-13 11:24:12 - [MESSAGE][PASSED] - Object: 'Object Repository/Final Object Repo/Page_Form 1A - Cessation As Employer/Add Document' is clicked on

2018-12-13 11:24:12 - [TEST_STEP][PASSED] - delay: Delayed 2 second(s)

2018-12-13 11:24:14 - [MESSAGE][PASSED] - Delayed 2 second(s)

2018-12-13 11:24:14 - [TEST_STEP][PASSED] - click: Object: 'Object Repository/Final Object Repo/Page_Form 1A - Cessation As Employer/Document Type' is clicked on

2018-12-13 11:24:15 - [MESSAGE][PASSED] - Object: 'Object Repository/Final Object Repo/Page_Form 1A - Cessation As Employer/Document Type' is clicked on

2018-12-13 11:24:15 - [TEST_STEP][PASSED] - delay: Delayed 2 second(s)

2018-12-13 11:24:17 - [MESSAGE][PASSED] - Delayed 2 second(s)

2018-12-13 11:24:17 - [TEST_STEP][PASSED] - click: Object: 'Object Repository/Final Object Repo/Page_Form 1A - Cessation As Employer/Document Type - Supporting Document For Cessation' is clicked on

2018-12-13 11:24:17 - [MESSAGE][PASSED] - Object: 'Object Repository/Final Object Repo/Page_Form 1A - Cessation As Employer/Document Type - Supporting Document For Cessation' is clicked on

2018-12-13 11:24:17 - [TEST_STEP][PASSED] - delay: Delayed 2 second(s)

2018-12-13 11:24:19 - [MESSAGE][PASSED] - Delayed 2 second(s)

2018-12-13 11:24:19 - [TEST_STEP][PASSED] - sendKeys: Keys 'C:\Users\Public\Pictures\Sample Pictures\Koala.jpg' sent to object: 'Object Repository/Final Object Repo/Page_Form 1A - Cessation As Employer/Uploading File'

2018-12-13 11:24:19 - [MESSAGE][PASSED] - Keys 'C:\Users\Public\Pictures\Sample Pictures\Koala.jpg' sent to object: 'Object Repository/Final Object Repo/Page_Form 1A - Cessation As Employer/Uploading File'

2018-12-13 11:24:19 - [TEST_STEP][PASSED] - delay: Delayed 2 second(s)

2018-12-13 11:24:21 - [MESSAGE][PASSED] - Delayed 2 second(s)

2018-12-13 11:24:21 - [TEST_STEP][PASSED] - click: Object: 'Object Repository/Final Object Repo/Page_Form 1A - Cessation As Employer/Add Document in Uploading Page' is clicked on

2018-12-13 11:24:21 - [MESSAGE][PASSED] - Object: 'Object Repository/Final Object Repo/Page_Form 1A - Cessation As Employer/Add Document in Uploading Page' is clicked on

2018-12-13 11:24:21 - [TEST_STEP][PASSED] - delay: Delayed 20 second(s)

2018-12-13 11:24:41 - [MESSAGE][PASSED] - Delayed 20 second(s)

2018-12-13 11:24:41 - [TEST_STEP][PASSED] - click: Object: 'Object Repository/Final Object Repo/Page_Form 1A - Cessation As Employer/Save  Continue in Uploading Page' is clicked on

2018-12-13 11:24:41 - [MESSAGE][PASSED] - Object: 'Object Repository/Final Object Repo/Page_Form 1A - Cessation As Employer/Save  Continue in Uploading Page' is clicked on

2018-12-13 11:24:41 - [TEST_STEP][PASSED] - delay: Delayed 2 second(s)

2018-12-13 11:24:43 - [MESSAGE][PASSED] - Delayed 2 second(s)

2018-12-13 11:24:43 - [TEST_STEP][PASSED] - click: Object: 'Object Repository/Final Object Repo/Page_Form 1A - Cessation As Employer/Submit2' is clicked on

2018-12-13 11:24:46 - [MESSAGE][PASSED] - Object: 'Object Repository/Final Object Repo/Page_Form 1A - Cessation As Employer/Submit2' is clicked on

2018-12-13 11:24:46 - [TEST_STEP][PASSED] - delay: Delayed 2 second(s)

2018-12-13 11:24:48 - [MESSAGE][PASSED] - Delayed 2 second(s)

2018-12-13 11:24:48 - [TEST_STEP][PASSED] - click: Object: 'Object Repository/Final Object Repo/Page_Form 1A - Cessation As Employer/Confirm' is clicked on

2018-12-13 11:24:48 - [MESSAGE][PASSED] - Object: 'Object Repository/Final Object Repo/Page_Form 1A - Cessation As Employer/Confirm' is clicked on

2018-12-13 11:24:48 - [TEST_STEP][PASSED] - delay: Delayed 2 second(s)

2018-12-13 11:24:50 - [MESSAGE][PASSED] - Delayed 2 second(s)

2018-12-13 11:24:50 - [TEST_STEP][PASSED] - verifyElementVisible: Object 'Object Repository/Final Object Repo/Page_Form 1A - Cessation As Employer/Message Your Request will be routed to UO' is visible

2018-12-13 11:24:53 - [MESSAGE][PASSED] - Object 'Object Repository/Final Object Repo/Page_Form 1A - Cessation As Employer/Message Your Request will be routed to UO' is visible

2018-12-13 11:24:53 - [TEST_STEP][PASSED] - delay: Delayed 1 second(s)

2018-12-13 11:24:54 - [MESSAGE][PASSED] - Delayed 1 second(s)

2018-12-13 11:24:54 - [TEST_STEP][PASSED] - verifyElementVisible: Object 'Object Repository/Final Object Repo/Page_Form 1A - Cessation As Employer/Letter of acknowledgement' is visible

2018-12-13 11:24:55 - [MESSAGE][PASSED] - Object 'Object Repository/Final Object Repo/Page_Form 1A - Cessation As Employer/Letter of acknowledgement' is visible

2018-12-13 11:24:55 - [MESSAGE][PASSED] - Call Test Case 'Test Cases/Final Aug 2018 - PKS Automation/Registration Module/Workflow/Form 1A - Cessation As Employer/Template/Form 1 A - Cessation As Employer (OTC)' successfully

2018-12-13 11:24:55 - [TEST_STEP][PASSED] - callTestCase: Call Test Case 'Test Cases/Final Aug 2018 - PKS Automation/Registration Module/Workflow/Form 1A - Cessation As Employer/Template/Form 1 A - Cessation As Employer (Under enforcement)' successfully

2018-12-13 11:24:55 - [TEST_CASE][PASSED] - Test Cases/Final Aug 2018 - PKS Automation/Registration Module/Workflow/Form 1A - Cessation As Employer/Template/Form 1 A - Cessation As Employer (Under enforcement): Test Cases/Final Aug 2018 - PKS Automation/Registration Module/Workflow/Form 1A - Cessation As Employer/Template/Form 1 A - Cessation As Employer (Under enforcement)

2018-12-13 11:24:55 - [TEST_STEP][NOT_RUN] - callTestCase: NOT_RUN: callTestCase

2018-12-13 11:24:55 - [MESSAGE][NOT_RUN] - NOT_RUN: callTestCase

2018-12-13 11:24:55 - [TEST_STEP][PASSED] - delay: Delayed 1 second(s)

2018-12-13 11:24:56 - [MESSAGE][PASSED] - Delayed 1 second(s)

2018-12-13 11:24:56 - [TEST_STEP][PASSED] - navigateToUrl: Navigate to 'https://assist2-uat.perkeso.gov.my/c/portal/logout' successfully

2018-12-13 11:24:56 - [MESSAGE][PASSED] - Navigate to 'https://assist2-uat.perkeso.gov.my/c/portal/logout' successfully

2018-12-13 11:24:56 - [TEST_STEP][PASSED] - delay: Delayed 1 second(s)

2018-12-13 11:24:57 - [MESSAGE][PASSED] - Delayed 1 second(s)

2018-12-13 11:24:57 - [TEST_STEP][PASSED] - callTestCase: Call Test Case 'Test Cases/Final Aug 2018 - PKS Automation/Common/Reference Number Getter' successfully

2018-12-13 11:24:57 - [TEST_CASE][PASSED] - Test Cases/Final Aug 2018 - PKS Automation/Common/Reference Number Getter: Test Cases/Final Aug 2018 - PKS Automation/Common/Reference Number Getter

2018-12-13 11:24:57 - [TEST_STEP][PASSED] - Statement - Try: null

2018-12-13 11:24:57 - [TEST_STEP][PASSED] - Statement - RefNo = new java.io.File(C://Users//Admin//Desktop//PKS//Automation Reference Point//KatalonReference.txt): null

2018-12-13 11:24:57 - [TEST_STEP][PASSED] - Statement - bufferread = new java.io.BufferedReader(new java.io.FileReader(RefNo)): null

2018-12-13 11:24:57 - [TEST_STEP][PASSED] - Statement - readedVal = bufferread.readLine(): null

2018-12-13 11:24:57 - [TEST_STEP][PASSED] - Statement - out.println(CaseReferenceNo): null

2018-12-13 11:24:57 - [TEST_STEP][PASSED] - Statement - out.println(readedVal): null

2018-12-13 11:24:57 - [TEST_STEP][PASSED] - Statement - CaseReferenceNo = "": null

2018-12-13 11:24:57 - [TEST_STEP][PASSED] - Statement - CaseReferenceNo = readedVal: null

2018-12-13 11:24:57 - [MESSAGE][PASSED] - Call Test Case 'Test Cases/Final Aug 2018 - PKS Automation/Common/Reference Number Getter' successfully

2018-12-13 11:24:57 - [TEST_STEP][PASSED] - callTestCase: Call Test Case 'Test Cases/Final Aug 2018 - PKS Automation/Common/Workflow Owner Finder' successfully

2018-12-13 11:24:58 - [TEST_CASE][PASSED] - Test Cases/Final Aug 2018 - PKS Automation/Common/Workflow Owner Finder: Test Cases/Final Aug 2018 - PKS Automation/Common/Workflow Owner Finder

2018-12-13 11:24:58 - [TEST_STEP][PASSED] - openBrowser: Browser is opened with url: ''

2018-12-13 11:24:58 - [MESSAGE][WARNING] - A browser is already opened. Closing browser and opening a new one

2018-12-13 11:25:00 - [MESSAGE][PASSED] - Browser is opened with url: ''

2018-12-13 11:25:00 - [TEST_STEP][PASSED] - navigateToUrl: Navigate to 'https://assist2-uat.perkeso.gov.my/login' successfully

2018-12-13 11:25:01 - [MESSAGE][PASSED] - Navigate to 'https://assist2-uat.perkeso.gov.my/login' successfully

2018-12-13 11:25:01 - [TEST_STEP][PASSED] - delay: Delayed 5 second(s)

2018-12-13 11:25:06 - [MESSAGE][PASSED] - Delayed 5 second(s)

2018-12-13 11:25:06 - [TEST_STEP][PASSED] - setText: Text 'test@liferay.com' is set on object 'Object Repository/Final Object Repo/Login Page/Internal User/Email Address'

2018-12-13 11:25:07 - [MESSAGE][PASSED] - Text 'test@liferay.com' is set on object 'Object Repository/Final Object Repo/Login Page/Internal User/Email Address'

2018-12-13 11:25:07 - [TEST_STEP][PASSED] - click: Object: 'Object Repository/Final Object Repo/Login Page/Internal User/Next Button' is clicked on

2018-12-13 11:25:07 - [MESSAGE][PASSED] - Object: 'Object Repository/Final Object Repo/Login Page/Internal User/Next Button' is clicked on

2018-12-13 11:25:07 - [TEST_STEP][PASSED] - delay: Delayed 2 second(s)

2018-12-13 11:25:09 - [MESSAGE][PASSED] - Delayed 2 second(s)

2018-12-13 11:25:09 - [TEST_STEP][PASSED] - setText: Text 'test' is set on object 'Object Repository/Final Object Repo/Login Page/Internal User/Password'

2018-12-13 11:25:09 - [MESSAGE][PASSED] - Text 'test' is set on object 'Object Repository/Final Object Repo/Login Page/Internal User/Password'

2018-12-13 11:25:09 - [TEST_STEP][PASSED] - delay: Delayed 2 second(s)

2018-12-13 11:25:11 - [MESSAGE][PASSED] - Delayed 2 second(s)

2018-12-13 11:25:11 - [TEST_STEP][PASSED] - click: Object: 'Object Repository/Final Object Repo/Login Page/Internal User/Login Button' is clicked on

2018-12-13 11:25:11 - [MESSAGE][PASSED] - Object: 'Object Repository/Final Object Repo/Login Page/Internal User/Login Button' is clicked on

2018-12-13 11:25:11 - [TEST_STEP][PASSED] - Statement - tester = com.kms.katalon.core.testobject.ObjectRepository.findTestObject(Final Object Repo/Landing Page/Select to English): Finding Test Object with id 'Object Repository/Final Object Repo/Landing Page/Select to English'

2018-12-13 11:25:11 - [TEST_STEP][PASSED] - Statement - Try: Delayed 2 second(s)

2018-12-13 11:25:11 - [TEST_STEP][PASSED] - Statement - Checker = com.kms.katalon.core.webui.keyword.WebUiBuiltInKeywords.verifyElementNotPresent(tester, 3): Web element with id: 'Object Repository/Final Object Repo/Landing Page/Select to English' located by 'By.xpath: //a[@class = 'taglib-language-list-text' and @lang = 'en-US' and (contains(text(), 'EN') or contains(., 'EN'))]' is not present after '3' second(s)

2018-12-13 11:25:15 - [MESSAGE][PASSED] - Web element with id: 'Object Repository/Final Object Repo/Landing Page/Select to English' located by 'By.xpath: //a[@class = 'taglib-language-list-text' and @lang = 'en-US' and (contains(text(), 'EN') or contains(., 'EN'))]' is not present after '3' second(s)

2018-12-13 11:25:15 - [TEST_STEP][PASSED] - Statement - If (Checker == false): null

2018-12-13 11:25:15 - [TEST_STEP][PASSED] - delay: Delayed 2 second(s)

2018-12-13 11:25:17 - [MESSAGE][PASSED] - Delayed 2 second(s)

2018-12-13 11:25:17 - [TEST_STEP][PASSED] - delay: Delayed 5 second(s)

2018-12-13 11:25:22 - [MESSAGE][PASSED] - Delayed 5 second(s)

2018-12-13 11:25:22 - [TEST_STEP][PASSED] - mouseOver: Object: 'Object Repository/Final Object Repo/Landing Page/WorkFlow Menu' is hovered

2018-12-13 11:25:22 - [MESSAGE][PASSED] - Object: 'Object Repository/Final Object Repo/Landing Page/WorkFlow Menu' is hovered

2018-12-13 11:25:22 - [TEST_STEP][PASSED] - delay: Delayed 2 second(s)

2018-12-13 11:25:24 - [MESSAGE][PASSED] - Delayed 2 second(s)

2018-12-13 11:25:24 - [TEST_STEP][PASSED] - click: Object: 'Object Repository/Final Object Repo/Landing Page/Select to Workflow Listing' is clicked on

2018-12-13 11:25:25 - [MESSAGE][PASSED] - Object: 'Object Repository/Final Object Repo/Landing Page/Select to Workflow Listing' is clicked on

2018-12-13 11:25:25 - [TEST_STEP][PASSED] - delay: Delayed 2 second(s)

2018-12-13 11:25:27 - [MESSAGE][PASSED] - Delayed 2 second(s)

2018-12-13 11:25:27 - [TEST_STEP][PASSED] - click: Object: 'Object Repository/Final Object Repo/WorkFlow Listing Page/Search Information - To Put Ref No' is clicked on

2018-12-13 11:25:27 - [MESSAGE][PASSED] - Object: 'Object Repository/Final Object Repo/WorkFlow Listing Page/Search Information - To Put Ref No' is clicked on

2018-12-13 11:25:27 - [TEST_STEP][PASSED] - delay: Delayed 2 second(s)

2018-12-13 11:25:29 - [MESSAGE][PASSED] - Delayed 2 second(s)

2018-12-13 11:25:29 - [TEST_STEP][PASSED] - callTestCase: Call Test Case 'Test Cases/Final Aug 2018 - PKS Automation/Common/Reference Number Getter' successfully

2018-12-13 11:25:29 - [TEST_CASE][PASSED] - Test Cases/Final Aug 2018 - PKS Automation/Common/Reference Number Getter: Test Cases/Final Aug 2018 - PKS Automation/Common/Reference Number Getter

2018-12-13 11:25:29 - [TEST_STEP][PASSED] - Statement - Try: null

2018-12-13 11:25:29 - [TEST_STEP][PASSED] - Statement - RefNo = new java.io.File(C://Users//Admin//Desktop//PKS//Automation Reference Point//KatalonReference.txt): null

2018-12-13 11:25:29 - [TEST_STEP][PASSED] - Statement - bufferread = new java.io.BufferedReader(new java.io.FileReader(RefNo)): null

2018-12-13 11:25:29 - [TEST_STEP][PASSED] - Statement - readedVal = bufferread.readLine(): null

2018-12-13 11:25:29 - [TEST_STEP][PASSED] - Statement - out.println(CaseReferenceNo): null

2018-12-13 11:25:29 - [TEST_STEP][PASSED] - Statement - out.println(readedVal): null

2018-12-13 11:25:29 - [TEST_STEP][PASSED] - Statement - CaseReferenceNo = "": null

2018-12-13 11:25:29 - [TEST_STEP][PASSED] - Statement - CaseReferenceNo = readedVal: null

2018-12-13 11:25:29 - [MESSAGE][PASSED] - Call Test Case 'Test Cases/Final Aug 2018 - PKS Automation/Common/Reference Number Getter' successfully

2018-12-13 11:25:29 - [TEST_STEP][PASSED] - setText: Text 'CUN122018C200001730' is set on object 'Object Repository/Final Object Repo/WorkFlow Listing Page/Ref No Set Text'

2018-12-13 11:25:30 - [MESSAGE][PASSED] - Text 'CUN122018C200001730' is set on object 'Object Repository/Final Object Repo/WorkFlow Listing Page/Ref No Set Text'

2018-12-13 11:25:30 - [TEST_STEP][PASSED] - delay: Delayed 2 second(s)

2018-12-13 11:25:32 - [MESSAGE][PASSED] - Delayed 2 second(s)

2018-12-13 11:25:32 - [TEST_STEP][PASSED] - click: Object: 'Object Repository/Final Object Repo/WorkFlow Listing Page/Search Ref No Search Button' is clicked on

2018-12-13 11:25:32 - [MESSAGE][PASSED] - Object: 'Object Repository/Final Object Repo/WorkFlow Listing Page/Search Ref No Search Button' is clicked on

2018-12-13 11:25:32 - [TEST_STEP][PASSED] - delay: Delayed 6 second(s)

2018-12-13 11:25:38 - [MESSAGE][PASSED] - Delayed 6 second(s)

2018-12-13 11:25:38 - [TEST_STEP][PASSED] - click: Object: 'Object Repository/Final Object Repo/WorkFlow Listing Page/Click Continue Tooltip' is clicked on

2018-12-13 11:25:39 - [MESSAGE][PASSED] - Object: 'Object Repository/Final Object Repo/WorkFlow Listing Page/Click Continue Tooltip' is clicked on

2018-12-13 11:25:39 - [TEST_STEP][PASSED] - delay: Delayed 5 second(s)

2018-12-13 11:25:44 - [MESSAGE][PASSED] - Delayed 5 second(s)

2018-12-13 11:25:44 - [TEST_STEP][PASSED] - doubleClick: Object: 'Object Repository/Final Object Repo/WorkFlow Listing Page/Workflow Found - Listing 1' is double clicked on

2018-12-13 11:25:44 - [MESSAGE][PASSED] - Object: 'Object Repository/Final Object Repo/WorkFlow Listing Page/Workflow Found - Listing 1' is double clicked on

2018-12-13 11:25:44 - [TEST_STEP][PASSED] - Statement - println(OwnerID): null

2018-12-13 11:25:44 - [TEST_STEP][PASSED] - Statement - OwnerID = com.kms.katalon.core.webui.keyword.WebUiBuiltInKeywords.getText(com.kms.katalon.core.testobject.ObjectRepository.findTestObject(Final Object Repo/WorkFlow Listing Page/Workflow Found - Listing 1), STOP_ON_FAILURE): Text of object 'Object Repository/Final Object Repo/WorkFlow Listing Page/Workflow Found - Listing 1' is: 'JOHORuo3'

2018-12-13 11:25:44 - [MESSAGE][PASSED] - Text of object 'Object Repository/Final Object Repo/WorkFlow Listing Page/Workflow Found - Listing 1' is: 'JOHORuo3'

2018-12-13 11:25:44 - [TEST_STEP][PASSED] - Statement - OwnerID = OwnerID.toLowerCase() + "@gmail.com": null

2018-12-13 11:25:44 - [TEST_STEP][PASSED] - Statement - println(OwnerID): null

2018-12-13 11:25:44 - [TEST_STEP][PASSED] - delay: Delayed 2 second(s)

2018-12-13 11:25:46 - [MESSAGE][PASSED] - Delayed 2 second(s)

2018-12-13 11:25:46 - [MESSAGE][PASSED] - Call Test Case 'Test Cases/Final Aug 2018 - PKS Automation/Common/Workflow Owner Finder' successfully

2018-12-13 11:25:46 - [TEST_STEP][PASSED] - delay: Delayed 1 second(s)

2018-12-13 11:25:47 - [MESSAGE][PASSED] - Delayed 1 second(s)

2018-12-13 11:25:47 - [TEST_STEP][PASSED] - navigateToUrl: Navigate to 'https://assist2-uat.perkeso.gov.my/c/portal/logout' successfully

2018-12-13 11:25:48 - [MESSAGE][PASSED] - Navigate to 'https://assist2-uat.perkeso.gov.my/c/portal/logout' successfully

2018-12-13 11:25:48 - [TEST_STEP][PASSED] - delay: Delayed 1 second(s)

2018-12-13 11:25:49 - [MESSAGE][PASSED] - Delayed 1 second(s)

2018-12-13 11:25:49 - [TEST_STEP][PASSED] - callTestCase: Call Test Case 'Test Cases/Final Aug 2018 - PKS Automation/Registration Module/Workflow/Login and Search Case For Workflow' successfully

2018-12-13 11:25:49 - [TEST_CASE][PASSED] - Test Cases/Final Aug 2018 - PKS Automation/Registration Module/Workflow/Login and Search Case For Workflow: Test Cases/Final Aug 2018 - PKS Automation/Registration Module/Workflow/Login and Search Case For Workflow

2018-12-13 11:25:49 - [TEST_STEP][PASSED] - navigateToUrl: Navigate to 'https://assist2-uat.perkeso.gov.my/login' successfully

2018-12-13 11:25:50 - [MESSAGE][PASSED] - Navigate to 'https://assist2-uat.perkeso.gov.my/login' successfully

2018-12-13 11:25:50 - [TEST_STEP][PASSED] - setText: Text 'johoruo3@gmail.com' is set on object 'Object Repository/Final Object Repo/Login Page/Internal User/Email Address'

2018-12-13 11:25:50 - [MESSAGE][PASSED] - Text 'johoruo3@gmail.com' is set on object 'Object Repository/Final Object Repo/Login Page/Internal User/Email Address'

2018-12-13 11:25:50 - [TEST_STEP][PASSED] - click: Object: 'Object Repository/Final Object Repo/Login Page/Internal User/Next Button' is clicked on

2018-12-13 11:25:50 - [MESSAGE][PASSED] - Object: 'Object Repository/Final Object Repo/Login Page/Internal User/Next Button' is clicked on

2018-12-13 11:25:50 - [TEST_STEP][PASSED] - delay: Delayed 1 second(s)

2018-12-13 11:25:51 - [MESSAGE][PASSED] - Delayed 1 second(s)

2018-12-13 11:25:51 - [TEST_STEP][PASSED] - setEncryptedText: Text ****** has been set on object 'Object Repository/Final Object Repo/Login Page/Internal User/Password'

2018-12-13 11:25:51 - [MESSAGE][PASSED] - Text ****** has been set on object 'Object Repository/Final Object Repo/Login Page/Internal User/Password'

2018-12-13 11:25:51 - [TEST_STEP][PASSED] - click: Object: 'Object Repository/Final Object Repo/Login Page/Internal User/Login Button' is clicked on

2018-12-13 11:25:52 - [MESSAGE][PASSED] - Object: 'Object Repository/Final Object Repo/Login Page/Internal User/Login Button' is clicked on

2018-12-13 11:25:52 - [TEST_STEP][PASSED] - delay: Delayed 2 second(s)

2018-12-13 11:25:54 - [MESSAGE][PASSED] - Delayed 2 second(s)

2018-12-13 11:25:54 - [TEST_STEP][PASSED] - Statement - Try: Delayed 2 second(s)

2018-12-13 11:25:54 - [TEST_STEP][PASSED] - Statement - Checker = false: null

2018-12-13 11:25:54 - [TEST_STEP][PASSED] - Statement - Checker = com.kms.katalon.core.webui.keyword.WebUiBuiltInKeywords.verifyElementHasAttribute(com.kms.katalon.core.testobject.ObjectRepository.findTestObject(Final Object Repo/Landing Page/BM Detecting), "href", 20, OPTIONAL): Object 'Object Repository/Final Object Repo/Landing Page/BM Detecting' has attribute 'href'

2018-12-13 11:25:55 - [MESSAGE][PASSED] - Object 'Object Repository/Final Object Repo/Landing Page/BM Detecting' has attribute 'href'

2018-12-13 11:25:55 - [TEST_STEP][PASSED] - Statement - out.println(Checker): null

2018-12-13 11:25:55 - [TEST_STEP][PASSED] - Statement - If (Checker == false): null

2018-12-13 11:25:55 - [TEST_STEP][PASSED] - Statement - Else: null

2018-12-13 11:25:55 - [TEST_STEP][PASSED] - delay: Delayed 2 second(s)

2018-12-13 11:25:57 - [MESSAGE][PASSED] - Delayed 2 second(s)

2018-12-13 11:25:57 - [TEST_STEP][PASSED] - click: Object: 'Object Repository/Final Object Repo/Page_MyASSIST - ASSIST - Search Pending Case For Add Supporting Document/Search Information' is clicked on

2018-12-13 11:25:57 - [MESSAGE][PASSED] - Object: 'Object Repository/Final Object Repo/Page_MyASSIST - ASSIST - Search Pending Case For Add Supporting Document/Search Information' is clicked on

2018-12-13 11:25:57 - [TEST_STEP][PASSED] - delay: Delayed 3 second(s)

2018-12-13 11:26:00 - [MESSAGE][PASSED] - Delayed 3 second(s)

2018-12-13 11:26:00 - [TEST_STEP][PASSED] - sendKeys: Keys 'CUN122018C200001730' sent to object: 'Object Repository/Final Object Repo/Page_MyASSIST - ASSIST - Search Pending Case For Add Supporting Document/Reference No'

2018-12-13 11:26:00 - [MESSAGE][PASSED] - Keys 'CUN122018C200001730' sent to object: 'Object Repository/Final Object Repo/Page_MyASSIST - ASSIST - Search Pending Case For Add Supporting Document/Reference No'

2018-12-13 11:26:00 - [TEST_STEP][PASSED] - click: Object: 'Object Repository/Final Object Repo/Page_MyASSIST - ASSIST - Search Pending Case For Add Supporting Document/Search Reference No' is clicked on

2018-12-13 11:26:00 - [MESSAGE][PASSED] - Object: 'Object Repository/Final Object Repo/Page_MyASSIST - ASSIST - Search Pending Case For Add Supporting Document/Search Reference No' is clicked on

2018-12-13 11:26:00 - [TEST_STEP][PASSED] - delay: Delayed 2 second(s)

2018-12-13 11:26:02 - [MESSAGE][PASSED] - Delayed 2 second(s)

2018-12-13 11:26:02 - [TEST_STEP][PASSED] - click: Object: 'Object Repository/Final Object Repo/Page_MyASSIST - ASSIST - Search Pending Case For Add Supporting Document/Continue' is clicked on

2018-12-13 11:26:05 - [MESSAGE][PASSED] - Object: 'Object Repository/Final Object Repo/Page_MyASSIST - ASSIST - Search Pending Case For Add Supporting Document/Continue' is clicked on

2018-12-13 11:26:05 - [TEST_STEP][PASSED] - delay: Delayed 20 second(s)

2018-12-13 11:26:25 - [MESSAGE][PASSED] - Delayed 20 second(s)

2018-12-13 11:26:25 - [MESSAGE][PASSED] - Call Test Case 'Test Cases/Final Aug 2018 - PKS Automation/Registration Module/Workflow/Login and Search Case For Workflow' successfully

2018-12-13 11:26:25 - [TEST_STEP][PASSED] - click: Object: 'Object Repository/Final Object Repo/Page_Form 1A - Cessation As Employer/Page_Form 1A - Cessation As Employer (Approve)/Save  Continue in Form 1A Page' is clicked on

2018-12-13 11:26:26 - [MESSAGE][PASSED] - Object: 'Object Repository/Final Object Repo/Page_Form 1A - Cessation As Employer/Page_Form 1A - Cessation As Employer (Approve)/Save  Continue in Form 1A Page' is clicked on

2018-12-13 11:26:26 - [TEST_STEP][PASSED] - delay: Delayed 2 second(s)

2018-12-13 11:26:28 - [MESSAGE][PASSED] - Delayed 2 second(s)

2018-12-13 11:26:28 - [TEST_STEP][PASSED] - click: Object: 'Object Repository/Final Object Repo/Page_Form 1A - Cessation As Employer/Employment Resign Date' is clicked on

2018-12-13 11:26:28 - [MESSAGE][PASSED] - Object: 'Object Repository/Final Object Repo/Page_Form 1A - Cessation As Employer/Employment Resign Date' is clicked on

2018-12-13 11:26:28 - [TEST_STEP][PASSED] - delay: Delayed 1 second(s)

2018-12-13 11:26:29 - [MESSAGE][PASSED] - Delayed 1 second(s)

2018-12-13 11:26:29 - [TEST_STEP][PASSED] - selectOptionByValue: All options with value '2030' are selected in object 'Object Repository/Final Object Repo/Page_Form 1A - Cessation As Employer/Employment Resign Date - Year' 

2018-12-13 11:26:29 - [MESSAGE][PASSED] - All options with value '2030' are selected in object 'Object Repository/Final Object Repo/Page_Form 1A - Cessation As Employer/Employment Resign Date - Year' 

2018-12-13 11:26:29 - [TEST_STEP][PASSED] - delay: Delayed 1 second(s)

2018-12-13 11:26:30 - [MESSAGE][PASSED] - Delayed 1 second(s)

2018-12-13 11:26:30 - [TEST_STEP][PASSED] - click: Object: 'Object Repository/Final Object Repo/Page_Form 1A - Cessation As Employer/Employment Resign Date - Year - Date' is clicked on

2018-12-13 11:26:30 - [MESSAGE][PASSED] - Object: 'Object Repository/Final Object Repo/Page_Form 1A - Cessation As Employer/Employment Resign Date - Year - Date' is clicked on

2018-12-13 11:26:30 - [TEST_STEP][PASSED] - delay: Delayed 2 second(s)

2018-12-13 11:26:32 - [MESSAGE][PASSED] - Delayed 2 second(s)

2018-12-13 11:26:32 - [TEST_STEP][PASSED] - click: Object: 'Object Repository/Final Object Repo/Page_Form 1A - Cessation As Employer/Page_Form 1A - Cessation As Employer (Approve)/Save  Continue in Update Add Employee Resigned Date Page' is clicked on

2018-12-13 11:26:32 - [MESSAGE][PASSED] - Object: 'Object Repository/Final Object Repo/Page_Form 1A - Cessation As Employer/Page_Form 1A - Cessation As Employer (Approve)/Save  Continue in Update Add Employee Resigned Date Page' is clicked on

2018-12-13 11:26:32 - [TEST_STEP][PASSED] - delay: Delayed 2 second(s)

2018-12-13 11:26:34 - [MESSAGE][PASSED] - Delayed 2 second(s)

2018-12-13 11:26:34 - [TEST_STEP][PASSED] - click: Object: 'Object Repository/Final Object Repo/Page_Form 1A - Cessation As Employer/Set Latest - Yes' is clicked on

2018-12-13 11:26:35 - [MESSAGE][PASSED] - Object: 'Object Repository/Final Object Repo/Page_Form 1A - Cessation As Employer/Set Latest - Yes' is clicked on

2018-12-13 11:26:35 - [TEST_STEP][PASSED] - delay: Delayed 2 second(s)

2018-12-13 11:26:37 - [MESSAGE][PASSED] - Delayed 2 second(s)

2018-12-13 11:26:37 - [TEST_STEP][PASSED] - click: Object: 'Object Repository/Final Object Repo/Page_Form 1A - Cessation As Employer/Page_Form 1A - Cessation As Employer (Approve)/Save  Contine in Uploading Document Page' is clicked on

2018-12-13 11:26:38 - [MESSAGE][PASSED] - Object: 'Object Repository/Final Object Repo/Page_Form 1A - Cessation As Employer/Page_Form 1A - Cessation As Employer (Approve)/Save  Contine in Uploading Document Page' is clicked on

2018-12-13 11:26:38 - [TEST_STEP][PASSED] - delay: Delayed 2 second(s)

2018-12-13 11:26:40 - [MESSAGE][PASSED] - Delayed 2 second(s)

2018-12-13 11:26:40 - [TEST_STEP][PASSED] - click: Object: 'Object Repository/Final Object Repo/Page_Form 1A - Cessation As Employer/Page_Form 1A - Cessation As Employer (Under enforcement)/Under enforcement' is clicked on

2018-12-13 11:26:42 - [MESSAGE][PASSED] - Object: 'Object Repository/Final Object Repo/Page_Form 1A - Cessation As Employer/Page_Form 1A - Cessation As Employer (Under enforcement)/Under enforcement' is clicked on

2018-12-13 11:26:42 - [TEST_STEP][PASSED] - delay: Delayed 2 second(s)

2018-12-13 11:26:44 - [MESSAGE][PASSED] - Delayed 2 second(s)

2018-12-13 11:26:44 - [TEST_STEP][PASSED] - setText: Text 'remark' is set on object 'Object Repository/Final Object Repo/Page_Form 1A - Cessation As Employer/Page_Form 1A - Cessation As Employer (Under enforcement)/Under enforcement - remark'

2018-12-13 11:26:45 - [MESSAGE][PASSED] - Text 'remark' is set on object 'Object Repository/Final Object Repo/Page_Form 1A - Cessation As Employer/Page_Form 1A - Cessation As Employer (Under enforcement)/Under enforcement - remark'

2018-12-13 11:26:45 - [TEST_STEP][PASSED] - delay: Delayed 2 second(s)

2018-12-13 11:26:47 - [MESSAGE][PASSED] - Delayed 2 second(s)

2018-12-13 11:26:47 - [TEST_STEP][PASSED] - click: Object: 'Object Repository/Final Object Repo/Page_Form 1A - Cessation As Employer/Page_Form 1A - Cessation As Employer (Under enforcement)/Save  Continue in Under enforcement Page' is clicked on

2018-12-13 11:26:47 - [MESSAGE][PASSED] - Object: 'Object Repository/Final Object Repo/Page_Form 1A - Cessation As Employer/Page_Form 1A - Cessation As Employer (Under enforcement)/Save  Continue in Under enforcement Page' is clicked on

2018-12-13 11:26:47 - [TEST_STEP][PASSED] - delay: Delayed 2 second(s)

2018-12-13 11:26:49 - [MESSAGE][PASSED] - Delayed 2 second(s)

2018-12-13 11:26:49 - [TEST_STEP][PASSED] - click: Object: 'Object Repository/Final Object Repo/Page_Form 1A - Cessation As Employer/Page_Form 1A - Cessation As Employer (Under enforcement)/Message The case is under enforcement' is clicked on

2018-12-13 11:26:51 - [MESSAGE][PASSED] - Object: 'Object Repository/Final Object Repo/Page_Form 1A - Cessation As Employer/Page_Form 1A - Cessation As Employer (Under enforcement)/Message The case is under enforcement' is clicked on

2018-12-13 11:26:51 - [MESSAGE][PASSED] - Call Test Case 'Test Cases/Final Aug 2018 - PKS Automation/Registration Module/Workflow/Form 1A - Cessation As Employer/Template/Form 1 A - Cessation As Employer (Under enforcement)' successfully]]></system-out>
         <system-err><![CDATA[]]></system-err>
      </testcase>
      <testcase name="Test Cases/Final Aug 2018 - PKS Automation/Registration Module/Workflow/Form 1A - Cessation As Employer/PKRBO to UO (Approve)" classname="Test Cases/Final Aug 2018 - PKS Automation/Registration Module/Workflow/Form 1A - Cessation As Employer/PKRBO to UO (Approve)" status="PASSED">
         <system-out><![CDATA[2018-12-13 11:26:51 - [TEST_CASE][PASSED] - Test Cases/Final Aug 2018 - PKS Automation/Registration Module/Workflow/Form 1A - Cessation As Employer/PKRBO to UO (Approve): Test Cases/Final Aug 2018 - PKS Automation/Registration Module/Workflow/Form 1A - Cessation As Employer/PKRBO to UO (Approve)

2018-12-13 11:26:51 - [TEST_STEP][PASSED] - callTestCase: Call Test Case 'Test Cases/Final Aug 2018 - PKS Automation/Registration Module/Workflow/Form 1A - Cessation As Employer/Template/Form 1 A - Cessation As Employer (PKRBO)' successfully

2018-12-13 11:26:51 - [TEST_CASE][PASSED] - Test Cases/Final Aug 2018 - PKS Automation/Registration Module/Workflow/Form 1A - Cessation As Employer/Template/Form 1 A - Cessation As Employer (PKRBO): Test Cases/Final Aug 2018 - PKS Automation/Registration Module/Workflow/Form 1A - Cessation As Employer/Template/Form 1 A - Cessation As Employer (PKRBO)

2018-12-13 11:26:52 - [TEST_STEP][PASSED] - openBrowser: Browser is opened with url: ''

2018-12-13 11:26:52 - [MESSAGE][WARNING] - A browser is already opened. Closing browser and opening a new one

2018-12-13 11:26:54 - [MESSAGE][PASSED] - Browser is opened with url: ''

2018-12-13 11:26:54 - [TEST_STEP][PASSED] - navigateToUrl: Navigate to 'https://assist2-uat.perkeso.gov.my/login' successfully

2018-12-13 11:26:55 - [MESSAGE][PASSED] - Navigate to 'https://assist2-uat.perkeso.gov.my/login' successfully

2018-12-13 11:26:55 - [TEST_STEP][PASSED] - setText: Text 'johorpkrbo1@gmail.com' is set on object 'Object Repository/Final Object Repo/Login Page/Internal User/Email Address'

2018-12-13 11:26:56 - [MESSAGE][PASSED] - Text 'johorpkrbo1@gmail.com' is set on object 'Object Repository/Final Object Repo/Login Page/Internal User/Email Address'

2018-12-13 11:26:56 - [TEST_STEP][PASSED] - click: Object: 'Object Repository/Final Object Repo/Login Page/Internal User/Next Button' is clicked on

2018-12-13 11:26:56 - [MESSAGE][PASSED] - Object: 'Object Repository/Final Object Repo/Login Page/Internal User/Next Button' is clicked on

2018-12-13 11:26:56 - [TEST_STEP][PASSED] - delay: Delayed 1 second(s)

2018-12-13 11:26:57 - [MESSAGE][PASSED] - Delayed 1 second(s)

2018-12-13 11:26:57 - [TEST_STEP][PASSED] - setEncryptedText: Text ****** has been set on object 'Object Repository/Final Object Repo/Login Page/Internal User/Password'

2018-12-13 11:26:58 - [MESSAGE][PASSED] - Text ****** has been set on object 'Object Repository/Final Object Repo/Login Page/Internal User/Password'

2018-12-13 11:26:58 - [TEST_STEP][PASSED] - click: Object: 'Object Repository/Final Object Repo/Login Page/Internal User/Login Button' is clicked on

2018-12-13 11:26:58 - [MESSAGE][PASSED] - Object: 'Object Repository/Final Object Repo/Login Page/Internal User/Login Button' is clicked on

2018-12-13 11:26:58 - [TEST_STEP][PASSED] - delay: Delayed 1 second(s)

2018-12-13 11:26:59 - [MESSAGE][PASSED] - Delayed 1 second(s)

2018-12-13 11:26:59 - [TEST_STEP][PASSED] - Statement - Try: Delayed 2 second(s)

2018-12-13 11:26:59 - [TEST_STEP][PASSED] - Statement - Checker = false: null

2018-12-13 11:26:59 - [TEST_STEP][PASSED] - Statement - Checker = com.kms.katalon.core.webui.keyword.WebUiBuiltInKeywords.verifyElementHasAttribute(com.kms.katalon.core.testobject.ObjectRepository.findTestObject(Final Object Repo/Landing Page/BM Detecting), "href", 20, OPTIONAL): Object 'Object Repository/Final Object Repo/Landing Page/BM Detecting' has attribute 'href'

2018-12-13 11:27:00 - [MESSAGE][PASSED] - Object 'Object Repository/Final Object Repo/Landing Page/BM Detecting' has attribute 'href'

2018-12-13 11:27:00 - [TEST_STEP][PASSED] - Statement - out.println(Checker): null

2018-12-13 11:27:00 - [TEST_STEP][PASSED] - Statement - If (Checker == false): null

2018-12-13 11:27:00 - [TEST_STEP][PASSED] - Statement - Else: null

2018-12-13 11:27:00 - [TEST_STEP][PASSED] - delay: Delayed 2 second(s)

2018-12-13 11:27:02 - [MESSAGE][PASSED] - Delayed 2 second(s)

2018-12-13 11:27:02 - [TEST_STEP][PASSED] - navigateToUrl: Navigate to 'https://assist2-uat.perkeso.gov.my/web/registration/update/form-1a-cessation-as-employer-discontinue-business-' successfully

2018-12-13 11:27:04 - [MESSAGE][PASSED] - Navigate to 'https://assist2-uat.perkeso.gov.my/web/registration/update/form-1a-cessation-as-employer-discontinue-business-' successfully

2018-12-13 11:27:04 - [TEST_STEP][PASSED] - setText: Text 'E1102069770Z' is set on object 'Object Repository/Final Object Repo/Page_Update Employer Information/Employer Code'

2018-12-13 11:27:04 - [MESSAGE][PASSED] - Text 'E1102069770Z' is set on object 'Object Repository/Final Object Repo/Page_Update Employer Information/Employer Code'

2018-12-13 11:27:04 - [TEST_STEP][PASSED] - click: Object: 'Object Repository/Final Object Repo/Page_Update Employer Information/Search Button' is clicked on

2018-12-13 11:27:05 - [MESSAGE][PASSED] - Object: 'Object Repository/Final Object Repo/Page_Update Employer Information/Search Button' is clicked on

2018-12-13 11:27:05 - [TEST_STEP][PASSED] - click: Object: 'Object Repository/Final Object Repo/Page_Update Employer Information/Edit Button' is clicked on

2018-12-13 11:27:10 - [MESSAGE][PASSED] - Object: 'Object Repository/Final Object Repo/Page_Update Employer Information/Edit Button' is clicked on

2018-12-13 11:27:10 - [TEST_STEP][PASSED] - Statement - abc = com.kms.katalon.core.webui.keyword.WebUiBuiltInKeywords.getAttribute(com.kms.katalon.core.testobject.ObjectRepository.findTestObject(Final Object Repo/Page_Form 1A - Cessation As Employer/Employer Status), "value"): Attribute 'value' of object 'Object Repository/Final Object Repo/Page_Form 1A - Cessation As Employer/Employer Status' is: 'Dormant'

2018-12-13 11:27:10 - [MESSAGE][PASSED] - Attribute 'value' of object 'Object Repository/Final Object Repo/Page_Form 1A - Cessation As Employer/Employer Status' is: 'Dormant'

2018-12-13 11:27:10 - [TEST_STEP][PASSED] - Statement - out.println(abc): null

2018-12-13 11:27:10 - [TEST_STEP][PASSED] - Statement - If (abc == "Active"): null

2018-12-13 11:27:10 - [TEST_STEP][PASSED] - Statement - Else If (abc == "Cancel"): null

2018-12-13 11:27:10 - [TEST_STEP][PASSED] - Statement - Else If (abc == "Dormant"): Object: 'Object Repository/Final Object Repo/Page_Form 1A - Cessation As Employer/Change Employer Status to - Dormant' is clicked on

2018-12-13 11:27:10 - [TEST_STEP][PASSED] - click: Object: 'Object Repository/Final Object Repo/Page_Form 1A - Cessation As Employer/Change Employer Status to' is clicked on

2018-12-13 11:27:10 - [MESSAGE][PASSED] - Object: 'Object Repository/Final Object Repo/Page_Form 1A - Cessation As Employer/Change Employer Status to' is clicked on

2018-12-13 11:27:10 - [TEST_STEP][PASSED] - click: Object: 'Object Repository/Final Object Repo/Page_Form 1A - Cessation As Employer/Change Employer Status to - Dormant' is clicked on

2018-12-13 11:27:10 - [MESSAGE][PASSED] - Object: 'Object Repository/Final Object Repo/Page_Form 1A - Cessation As Employer/Change Employer Status to - Dormant' is clicked on

2018-12-13 11:27:10 - [TEST_STEP][PASSED] - click: Object: 'Object Repository/Final Object Repo/Page_Form 1A - Cessation As Employer/Calender' is clicked on

2018-12-13 11:27:11 - [MESSAGE][PASSED] - Object: 'Object Repository/Final Object Repo/Page_Form 1A - Cessation As Employer/Calender' is clicked on

2018-12-13 11:27:11 - [TEST_STEP][PASSED] - click: Object: 'Object Repository/Final Object Repo/Page_Form 1A - Cessation As Employer/Calender - Date' is clicked on

2018-12-13 11:27:11 - [MESSAGE][PASSED] - Object: 'Object Repository/Final Object Repo/Page_Form 1A - Cessation As Employer/Calender - Date' is clicked on

2018-12-13 11:27:11 - [TEST_STEP][PASSED] - delay: Delayed 2 second(s)

2018-12-13 11:27:13 - [MESSAGE][PASSED] - Delayed 2 second(s)

2018-12-13 11:27:13 - [TEST_STEP][PASSED] - click: Object: 'Object Repository/Final Object Repo/Page_Form 1A - Cessation As Employer/Save  Continue in Form 1A Page' is clicked on

2018-12-13 11:27:14 - [MESSAGE][PASSED] - Object: 'Object Repository/Final Object Repo/Page_Form 1A - Cessation As Employer/Save  Continue in Form 1A Page' is clicked on

2018-12-13 11:27:14 - [TEST_STEP][PASSED] - delay: Delayed 2 second(s)

2018-12-13 11:27:16 - [MESSAGE][PASSED] - Delayed 2 second(s)

2018-12-13 11:27:16 - [TEST_STEP][PASSED] - click: Object: 'Object Repository/Final Object Repo/Page_Form 1A - Cessation As Employer/Employment Resign Date' is clicked on

2018-12-13 11:27:16 - [MESSAGE][PASSED] - Object: 'Object Repository/Final Object Repo/Page_Form 1A - Cessation As Employer/Employment Resign Date' is clicked on

2018-12-13 11:27:16 - [TEST_STEP][PASSED] - delay: Delayed 1 second(s)

2018-12-13 11:27:17 - [MESSAGE][PASSED] - Delayed 1 second(s)

2018-12-13 11:27:17 - [TEST_STEP][PASSED] - Statement - CaseReferenceNo = com.kms.katalon.core.webui.keyword.WebUiBuiltInKeywords.getText(com.kms.katalon.core.testobject.ObjectRepository.findTestObject(Final Object Repo/Page_Update Employer Information/Reference Number in Update Employee Information Page)): Text of object 'Object Repository/Final Object Repo/Page_Update Employer Information/Reference Number in Update Employee Information Page' is: 'CUN122018C200001731'

2018-12-13 11:27:17 - [MESSAGE][PASSED] - Text of object 'Object Repository/Final Object Repo/Page_Update Employer Information/Reference Number in Update Employee Information Page' is: 'CUN122018C200001731'

2018-12-13 11:27:17 - [TEST_STEP][PASSED] - Statement - out.println(CaseReferenceNo): null

2018-12-13 11:27:17 - [TEST_STEP][PASSED] - callTestCase: Call Test Case 'Test Cases/Final Aug 2018 - PKS Automation/Common/Reference Number Setter' successfully

2018-12-13 11:27:17 - [TEST_CASE][PASSED] - Test Cases/Final Aug 2018 - PKS Automation/Common/Reference Number Setter: Test Cases/Final Aug 2018 - PKS Automation/Common/Reference Number Setter

2018-12-13 11:27:17 - [TEST_STEP][PASSED] - Statement - RefNoOldFile = new java.io.File(C://Users//Admin//Desktop//PKS//Automation Reference Point//KatalonReference.txt): null

2018-12-13 11:27:17 - [TEST_STEP][PASSED] - Statement - RefNoOldFile.delete(): null

2018-12-13 11:27:17 - [TEST_STEP][PASSED] - delay: Delayed 5 second(s)

2018-12-13 11:27:22 - [MESSAGE][PASSED] - Delayed 5 second(s)

2018-12-13 11:27:22 - [TEST_STEP][PASSED] - Statement - RefNo = new java.io.File(C://Users//Admin//Desktop//PKS//Automation Reference Point//KatalonReference.txt): null

2018-12-13 11:27:22 - [TEST_STEP][PASSED] - Statement - f2 = new java.io.FileWriter(RefNo, false): null

2018-12-13 11:27:22 - [TEST_STEP][PASSED] - Statement - f2.write(CaseReferenceNo): null

2018-12-13 11:27:22 - [TEST_STEP][PASSED] - Statement - f2.close(): null

2018-12-13 11:27:22 - [TEST_STEP][PASSED] - Statement - out.println("


" + CaseReferenceNo + "


"): null

2018-12-13 11:27:22 - [MESSAGE][PASSED] - Call Test Case 'Test Cases/Final Aug 2018 - PKS Automation/Common/Reference Number Setter' successfully

2018-12-13 11:27:22 - [TEST_STEP][PASSED] - selectOptionByValue: All options with value '2030' are selected in object 'Object Repository/Final Object Repo/Page_Form 1A - Cessation As Employer/Employment Resign Date - Year' 

2018-12-13 11:27:22 - [MESSAGE][PASSED] - All options with value '2030' are selected in object 'Object Repository/Final Object Repo/Page_Form 1A - Cessation As Employer/Employment Resign Date - Year' 

2018-12-13 11:27:22 - [TEST_STEP][PASSED] - delay: Delayed 1 second(s)

2018-12-13 11:27:23 - [MESSAGE][PASSED] - Delayed 1 second(s)

2018-12-13 11:27:23 - [TEST_STEP][PASSED] - click: Object: 'Object Repository/Final Object Repo/Page_Form 1A - Cessation As Employer/Employment Resign Date - Year - Date' is clicked on

2018-12-13 11:27:24 - [MESSAGE][PASSED] - Object: 'Object Repository/Final Object Repo/Page_Form 1A - Cessation As Employer/Employment Resign Date - Year - Date' is clicked on

2018-12-13 11:27:24 - [TEST_STEP][PASSED] - delay: Delayed 2 second(s)

2018-12-13 11:27:26 - [MESSAGE][PASSED] - Delayed 2 second(s)

2018-12-13 11:27:26 - [TEST_STEP][PASSED] - click: Object: 'Object Repository/Final Object Repo/Page_Form 1A - Cessation As Employer/Save  Continue in Update Add Employee Resigned Date Page' is clicked on

2018-12-13 11:27:26 - [MESSAGE][PASSED] - Object: 'Object Repository/Final Object Repo/Page_Form 1A - Cessation As Employer/Save  Continue in Update Add Employee Resigned Date Page' is clicked on

2018-12-13 11:27:26 - [TEST_STEP][PASSED] - delay: Delayed 2 second(s)

2018-12-13 11:27:28 - [MESSAGE][PASSED] - Delayed 2 second(s)

2018-12-13 11:27:28 - [TEST_STEP][PASSED] - click: Object: 'Object Repository/Final Object Repo/Page_Form 1A - Cessation As Employer/Set Latest - Yes' is clicked on

2018-12-13 11:27:28 - [MESSAGE][PASSED] - Object: 'Object Repository/Final Object Repo/Page_Form 1A - Cessation As Employer/Set Latest - Yes' is clicked on

2018-12-13 11:27:28 - [TEST_STEP][PASSED] - delay: Delayed 2 second(s)

2018-12-13 11:27:30 - [MESSAGE][PASSED] - Delayed 2 second(s)

2018-12-13 11:27:30 - [TEST_STEP][PASSED] - click: Object: 'Object Repository/Final Object Repo/Page_Form 1A - Cessation As Employer/Add Document' is clicked on

2018-12-13 11:27:31 - [MESSAGE][PASSED] - Object: 'Object Repository/Final Object Repo/Page_Form 1A - Cessation As Employer/Add Document' is clicked on

2018-12-13 11:27:31 - [TEST_STEP][PASSED] - delay: Delayed 2 second(s)

2018-12-13 11:27:33 - [MESSAGE][PASSED] - Delayed 2 second(s)

2018-12-13 11:27:33 - [TEST_STEP][PASSED] - click: Object: 'Object Repository/Final Object Repo/Page_Form 1A - Cessation As Employer/Document Type' is clicked on

2018-12-13 11:27:37 - [MESSAGE][PASSED] - Object: 'Object Repository/Final Object Repo/Page_Form 1A - Cessation As Employer/Document Type' is clicked on

2018-12-13 11:27:37 - [TEST_STEP][PASSED] - delay: Delayed 2 second(s)

2018-12-13 11:27:39 - [MESSAGE][PASSED] - Delayed 2 second(s)

2018-12-13 11:27:39 - [TEST_STEP][PASSED] - click: Object: 'Object Repository/Final Object Repo/Page_Form 1A - Cessation As Employer/Document Type - Supporting Document For Cessation' is clicked on

2018-12-13 11:27:39 - [MESSAGE][PASSED] - Object: 'Object Repository/Final Object Repo/Page_Form 1A - Cessation As Employer/Document Type - Supporting Document For Cessation' is clicked on

2018-12-13 11:27:39 - [TEST_STEP][PASSED] - delay: Delayed 2 second(s)

2018-12-13 11:27:41 - [MESSAGE][PASSED] - Delayed 2 second(s)

2018-12-13 11:27:41 - [TEST_STEP][PASSED] - sendKeys: Keys 'C:\Users\Public\Pictures\Sample Pictures\Koala.jpg' sent to object: 'Object Repository/Final Object Repo/Page_Form 1A - Cessation As Employer/Uploading File'

2018-12-13 11:27:41 - [MESSAGE][PASSED] - Keys 'C:\Users\Public\Pictures\Sample Pictures\Koala.jpg' sent to object: 'Object Repository/Final Object Repo/Page_Form 1A - Cessation As Employer/Uploading File'

2018-12-13 11:27:41 - [TEST_STEP][PASSED] - delay: Delayed 2 second(s)

2018-12-13 11:27:43 - [MESSAGE][PASSED] - Delayed 2 second(s)

2018-12-13 11:27:43 - [TEST_STEP][PASSED] - click: Object: 'Object Repository/Final Object Repo/Page_Form 1A - Cessation As Employer/Add Document in Uploading Page' is clicked on

2018-12-13 11:27:43 - [MESSAGE][PASSED] - Object: 'Object Repository/Final Object Repo/Page_Form 1A - Cessation As Employer/Add Document in Uploading Page' is clicked on

2018-12-13 11:27:43 - [TEST_STEP][PASSED] - delay: Delayed 15 second(s)

2018-12-13 11:27:58 - [MESSAGE][PASSED] - Delayed 15 second(s)

2018-12-13 11:27:58 - [TEST_STEP][PASSED] - click: Object: 'Object Repository/Final Object Repo/Page_Form 1A - Cessation As Employer/Save  Continue in Uploading Page' is clicked on

2018-12-13 11:27:59 - [MESSAGE][PASSED] - Object: 'Object Repository/Final Object Repo/Page_Form 1A - Cessation As Employer/Save  Continue in Uploading Page' is clicked on

2018-12-13 11:27:59 - [TEST_STEP][PASSED] - delay: Delayed 2 second(s)

2018-12-13 11:28:01 - [MESSAGE][PASSED] - Delayed 2 second(s)

2018-12-13 11:28:01 - [TEST_STEP][PASSED] - click: Object: 'Object Repository/Final Object Repo/Page_Form 1A - Cessation As Employer/Submit2' is clicked on

2018-12-13 11:28:03 - [MESSAGE][PASSED] - Object: 'Object Repository/Final Object Repo/Page_Form 1A - Cessation As Employer/Submit2' is clicked on

2018-12-13 11:28:03 - [TEST_STEP][PASSED] - delay: Delayed 2 second(s)

2018-12-13 11:28:05 - [MESSAGE][PASSED] - Delayed 2 second(s)

2018-12-13 11:28:05 - [TEST_STEP][PASSED] - click: Object: 'Object Repository/Final Object Repo/Page_Form 1A - Cessation As Employer/Confirm' is clicked on

2018-12-13 11:28:06 - [MESSAGE][PASSED] - Object: 'Object Repository/Final Object Repo/Page_Form 1A - Cessation As Employer/Confirm' is clicked on

2018-12-13 11:28:06 - [TEST_STEP][PASSED] - delay: Delayed 2 second(s)

2018-12-13 11:28:08 - [MESSAGE][PASSED] - Delayed 2 second(s)

2018-12-13 11:28:08 - [TEST_STEP][PASSED] - verifyElementVisible: Object 'Object Repository/Final Object Repo/Page_Form 1A - Cessation As Employer/Message Your Request will be routed to UO' is visible

2018-12-13 11:28:11 - [MESSAGE][PASSED] - Object 'Object Repository/Final Object Repo/Page_Form 1A - Cessation As Employer/Message Your Request will be routed to UO' is visible

2018-12-13 11:28:11 - [TEST_STEP][PASSED] - delay: Delayed 1 second(s)

2018-12-13 11:28:12 - [MESSAGE][PASSED] - Delayed 1 second(s)

2018-12-13 11:28:12 - [TEST_STEP][PASSED] - verifyElementVisible: Object 'Object Repository/Final Object Repo/Page_Form 1A - Cessation As Employer/Letter of acknowledgement' is visible

2018-12-13 11:28:12 - [MESSAGE][PASSED] - Object 'Object Repository/Final Object Repo/Page_Form 1A - Cessation As Employer/Letter of acknowledgement' is visible

2018-12-13 11:28:12 - [MESSAGE][PASSED] - Call Test Case 'Test Cases/Final Aug 2018 - PKS Automation/Registration Module/Workflow/Form 1A - Cessation As Employer/Template/Form 1 A - Cessation As Employer (PKRBO)' successfully

2018-12-13 11:28:12 - [TEST_STEP][PASSED] - callTestCase: Call Test Case 'Test Cases/Final Aug 2018 - PKS Automation/Registration Module/Workflow/Form 1A - Cessation As Employer/Template/Form 1 A - Cessation As Employer (Approve)' successfully

2018-12-13 11:28:12 - [TEST_CASE][PASSED] - Test Cases/Final Aug 2018 - PKS Automation/Registration Module/Workflow/Form 1A - Cessation As Employer/Template/Form 1 A - Cessation As Employer (Approve): Test Cases/Final Aug 2018 - PKS Automation/Registration Module/Workflow/Form 1A - Cessation As Employer/Template/Form 1 A - Cessation As Employer (Approve)

2018-12-13 11:28:12 - [TEST_STEP][NOT_RUN] - callTestCase: NOT_RUN: callTestCase

2018-12-13 11:28:12 - [MESSAGE][NOT_RUN] - NOT_RUN: callTestCase

2018-12-13 11:28:12 - [TEST_STEP][PASSED] - delay: Delayed 1 second(s)

2018-12-13 11:28:13 - [MESSAGE][PASSED] - Delayed 1 second(s)

2018-12-13 11:28:13 - [TEST_STEP][PASSED] - navigateToUrl: Navigate to 'https://assist2-uat.perkeso.gov.my/c/portal/logout' successfully

2018-12-13 11:28:14 - [MESSAGE][PASSED] - Navigate to 'https://assist2-uat.perkeso.gov.my/c/portal/logout' successfully

2018-12-13 11:28:14 - [TEST_STEP][PASSED] - delay: Delayed 1 second(s)

2018-12-13 11:28:15 - [MESSAGE][PASSED] - Delayed 1 second(s)

2018-12-13 11:28:15 - [TEST_STEP][PASSED] - callTestCase: Call Test Case 'Test Cases/Final Aug 2018 - PKS Automation/Common/Reference Number Getter' successfully

2018-12-13 11:28:15 - [TEST_CASE][PASSED] - Test Cases/Final Aug 2018 - PKS Automation/Common/Reference Number Getter: Test Cases/Final Aug 2018 - PKS Automation/Common/Reference Number Getter

2018-12-13 11:28:15 - [TEST_STEP][PASSED] - Statement - Try: null

2018-12-13 11:28:15 - [TEST_STEP][PASSED] - Statement - RefNo = new java.io.File(C://Users//Admin//Desktop//PKS//Automation Reference Point//KatalonReference.txt): null

2018-12-13 11:28:15 - [TEST_STEP][PASSED] - Statement - bufferread = new java.io.BufferedReader(new java.io.FileReader(RefNo)): null

2018-12-13 11:28:15 - [TEST_STEP][PASSED] - Statement - readedVal = bufferread.readLine(): null

2018-12-13 11:28:15 - [TEST_STEP][PASSED] - Statement - out.println(CaseReferenceNo): null

2018-12-13 11:28:15 - [TEST_STEP][PASSED] - Statement - out.println(readedVal): null

2018-12-13 11:28:15 - [TEST_STEP][PASSED] - Statement - CaseReferenceNo = "": null

2018-12-13 11:28:15 - [TEST_STEP][PASSED] - Statement - CaseReferenceNo = readedVal: null

2018-12-13 11:28:15 - [MESSAGE][PASSED] - Call Test Case 'Test Cases/Final Aug 2018 - PKS Automation/Common/Reference Number Getter' successfully

2018-12-13 11:28:15 - [TEST_STEP][PASSED] - callTestCase: Call Test Case 'Test Cases/Final Aug 2018 - PKS Automation/Common/Workflow Owner Finder' successfully

2018-12-13 11:28:15 - [TEST_CASE][PASSED] - Test Cases/Final Aug 2018 - PKS Automation/Common/Workflow Owner Finder: Test Cases/Final Aug 2018 - PKS Automation/Common/Workflow Owner Finder

2018-12-13 11:28:15 - [TEST_STEP][PASSED] - openBrowser: Browser is opened with url: ''

2018-12-13 11:28:15 - [MESSAGE][WARNING] - A browser is already opened. Closing browser and opening a new one

2018-12-13 11:28:18 - [MESSAGE][PASSED] - Browser is opened with url: ''

2018-12-13 11:28:18 - [TEST_STEP][PASSED] - navigateToUrl: Navigate to 'https://assist2-uat.perkeso.gov.my/login' successfully

2018-12-13 11:28:19 - [MESSAGE][PASSED] - Navigate to 'https://assist2-uat.perkeso.gov.my/login' successfully

2018-12-13 11:28:19 - [TEST_STEP][PASSED] - delay: Delayed 5 second(s)

2018-12-13 11:28:24 - [MESSAGE][PASSED] - Delayed 5 second(s)

2018-12-13 11:28:24 - [TEST_STEP][PASSED] - setText: Text 'test@liferay.com' is set on object 'Object Repository/Final Object Repo/Login Page/Internal User/Email Address'

2018-12-13 11:28:24 - [MESSAGE][PASSED] - Text 'test@liferay.com' is set on object 'Object Repository/Final Object Repo/Login Page/Internal User/Email Address'

2018-12-13 11:28:24 - [TEST_STEP][PASSED] - click: Object: 'Object Repository/Final Object Repo/Login Page/Internal User/Next Button' is clicked on

2018-12-13 11:28:24 - [MESSAGE][PASSED] - Object: 'Object Repository/Final Object Repo/Login Page/Internal User/Next Button' is clicked on

2018-12-13 11:28:24 - [TEST_STEP][PASSED] - delay: Delayed 2 second(s)

2018-12-13 11:28:26 - [MESSAGE][PASSED] - Delayed 2 second(s)

2018-12-13 11:28:26 - [TEST_STEP][PASSED] - setText: Text 'test' is set on object 'Object Repository/Final Object Repo/Login Page/Internal User/Password'

2018-12-13 11:28:27 - [MESSAGE][PASSED] - Text 'test' is set on object 'Object Repository/Final Object Repo/Login Page/Internal User/Password'

2018-12-13 11:28:27 - [TEST_STEP][PASSED] - delay: Delayed 2 second(s)

2018-12-13 11:28:29 - [MESSAGE][PASSED] - Delayed 2 second(s)

2018-12-13 11:28:29 - [TEST_STEP][PASSED] - click: Object: 'Object Repository/Final Object Repo/Login Page/Internal User/Login Button' is clicked on

2018-12-13 11:28:29 - [MESSAGE][PASSED] - Object: 'Object Repository/Final Object Repo/Login Page/Internal User/Login Button' is clicked on

2018-12-13 11:28:29 - [TEST_STEP][PASSED] - Statement - tester = com.kms.katalon.core.testobject.ObjectRepository.findTestObject(Final Object Repo/Landing Page/Select to English): Finding Test Object with id 'Object Repository/Final Object Repo/Landing Page/Select to English'

2018-12-13 11:28:29 - [TEST_STEP][PASSED] - Statement - Try: Delayed 2 second(s)

2018-12-13 11:28:29 - [TEST_STEP][PASSED] - Statement - Checker = com.kms.katalon.core.webui.keyword.WebUiBuiltInKeywords.verifyElementNotPresent(tester, 3): Web element with id: 'Object Repository/Final Object Repo/Landing Page/Select to English' located by 'By.xpath: //a[@class = 'taglib-language-list-text' and @lang = 'en-US' and (contains(text(), 'EN') or contains(., 'EN'))]' is not present after '3' second(s)

2018-12-13 11:28:31 - [MESSAGE][PASSED] - Web element with id: 'Object Repository/Final Object Repo/Landing Page/Select to English' located by 'By.xpath: //a[@class = 'taglib-language-list-text' and @lang = 'en-US' and (contains(text(), 'EN') or contains(., 'EN'))]' is not present after '3' second(s)

2018-12-13 11:28:31 - [TEST_STEP][PASSED] - Statement - If (Checker == false): null

2018-12-13 11:28:31 - [TEST_STEP][PASSED] - delay: Delayed 2 second(s)

2018-12-13 11:28:33 - [MESSAGE][PASSED] - Delayed 2 second(s)

2018-12-13 11:28:33 - [TEST_STEP][PASSED] - delay: Delayed 5 second(s)

2018-12-13 11:28:38 - [MESSAGE][PASSED] - Delayed 5 second(s)

2018-12-13 11:28:38 - [TEST_STEP][PASSED] - mouseOver: Object: 'Object Repository/Final Object Repo/Landing Page/WorkFlow Menu' is hovered

2018-12-13 11:28:38 - [MESSAGE][PASSED] - Object: 'Object Repository/Final Object Repo/Landing Page/WorkFlow Menu' is hovered

2018-12-13 11:28:38 - [TEST_STEP][PASSED] - delay: Delayed 2 second(s)

2018-12-13 11:28:40 - [MESSAGE][PASSED] - Delayed 2 second(s)

2018-12-13 11:28:40 - [TEST_STEP][PASSED] - click: Object: 'Object Repository/Final Object Repo/Landing Page/Select to Workflow Listing' is clicked on

2018-12-13 11:28:41 - [MESSAGE][PASSED] - Object: 'Object Repository/Final Object Repo/Landing Page/Select to Workflow Listing' is clicked on

2018-12-13 11:28:41 - [TEST_STEP][PASSED] - delay: Delayed 2 second(s)

2018-12-13 11:28:43 - [MESSAGE][PASSED] - Delayed 2 second(s)

2018-12-13 11:28:43 - [TEST_STEP][PASSED] - click: Object: 'Object Repository/Final Object Repo/WorkFlow Listing Page/Search Information - To Put Ref No' is clicked on

2018-12-13 11:28:43 - [MESSAGE][PASSED] - Object: 'Object Repository/Final Object Repo/WorkFlow Listing Page/Search Information - To Put Ref No' is clicked on

2018-12-13 11:28:43 - [TEST_STEP][PASSED] - delay: Delayed 2 second(s)

2018-12-13 11:28:45 - [MESSAGE][PASSED] - Delayed 2 second(s)

2018-12-13 11:28:45 - [TEST_STEP][PASSED] - callTestCase: Call Test Case 'Test Cases/Final Aug 2018 - PKS Automation/Common/Reference Number Getter' successfully

2018-12-13 11:28:46 - [TEST_CASE][PASSED] - Test Cases/Final Aug 2018 - PKS Automation/Common/Reference Number Getter: Test Cases/Final Aug 2018 - PKS Automation/Common/Reference Number Getter

2018-12-13 11:28:46 - [TEST_STEP][PASSED] - Statement - Try: null

2018-12-13 11:28:46 - [TEST_STEP][PASSED] - Statement - RefNo = new java.io.File(C://Users//Admin//Desktop//PKS//Automation Reference Point//KatalonReference.txt): null

2018-12-13 11:28:46 - [TEST_STEP][PASSED] - Statement - bufferread = new java.io.BufferedReader(new java.io.FileReader(RefNo)): null

2018-12-13 11:28:46 - [TEST_STEP][PASSED] - Statement - readedVal = bufferread.readLine(): null

2018-12-13 11:28:46 - [TEST_STEP][PASSED] - Statement - out.println(CaseReferenceNo): null

2018-12-13 11:28:46 - [TEST_STEP][PASSED] - Statement - out.println(readedVal): null

2018-12-13 11:28:46 - [TEST_STEP][PASSED] - Statement - CaseReferenceNo = "": null

2018-12-13 11:28:46 - [TEST_STEP][PASSED] - Statement - CaseReferenceNo = readedVal: null

2018-12-13 11:28:46 - [MESSAGE][PASSED] - Call Test Case 'Test Cases/Final Aug 2018 - PKS Automation/Common/Reference Number Getter' successfully

2018-12-13 11:28:46 - [TEST_STEP][PASSED] - setText: Text 'CUN122018C200001731' is set on object 'Object Repository/Final Object Repo/WorkFlow Listing Page/Ref No Set Text'

2018-12-13 11:28:46 - [MESSAGE][PASSED] - Text 'CUN122018C200001731' is set on object 'Object Repository/Final Object Repo/WorkFlow Listing Page/Ref No Set Text'

2018-12-13 11:28:46 - [TEST_STEP][PASSED] - delay: Delayed 2 second(s)

2018-12-13 11:28:48 - [MESSAGE][PASSED] - Delayed 2 second(s)

2018-12-13 11:28:48 - [TEST_STEP][PASSED] - click: Object: 'Object Repository/Final Object Repo/WorkFlow Listing Page/Search Ref No Search Button' is clicked on

2018-12-13 11:28:48 - [MESSAGE][PASSED] - Object: 'Object Repository/Final Object Repo/WorkFlow Listing Page/Search Ref No Search Button' is clicked on

2018-12-13 11:28:48 - [TEST_STEP][PASSED] - delay: Delayed 6 second(s)

2018-12-13 11:28:54 - [MESSAGE][PASSED] - Delayed 6 second(s)

2018-12-13 11:28:54 - [TEST_STEP][PASSED] - click: Object: 'Object Repository/Final Object Repo/WorkFlow Listing Page/Click Continue Tooltip' is clicked on

2018-12-13 11:28:55 - [MESSAGE][PASSED] - Object: 'Object Repository/Final Object Repo/WorkFlow Listing Page/Click Continue Tooltip' is clicked on

2018-12-13 11:28:55 - [TEST_STEP][PASSED] - delay: Delayed 5 second(s)

2018-12-13 11:29:00 - [MESSAGE][PASSED] - Delayed 5 second(s)

2018-12-13 11:29:00 - [TEST_STEP][PASSED] - doubleClick: Object: 'Object Repository/Final Object Repo/WorkFlow Listing Page/Workflow Found - Listing 1' is double clicked on

2018-12-13 11:29:00 - [MESSAGE][PASSED] - Object: 'Object Repository/Final Object Repo/WorkFlow Listing Page/Workflow Found - Listing 1' is double clicked on

2018-12-13 11:29:00 - [TEST_STEP][PASSED] - Statement - println(OwnerID): null

2018-12-13 11:29:00 - [TEST_STEP][PASSED] - Statement - OwnerID = com.kms.katalon.core.webui.keyword.WebUiBuiltInKeywords.getText(com.kms.katalon.core.testobject.ObjectRepository.findTestObject(Final Object Repo/WorkFlow Listing Page/Workflow Found - Listing 1), STOP_ON_FAILURE): Text of object 'Object Repository/Final Object Repo/WorkFlow Listing Page/Workflow Found - Listing 1' is: 'JOHORuo1'

2018-12-13 11:29:00 - [MESSAGE][PASSED] - Text of object 'Object Repository/Final Object Repo/WorkFlow Listing Page/Workflow Found - Listing 1' is: 'JOHORuo1'

2018-12-13 11:29:00 - [TEST_STEP][PASSED] - Statement - OwnerID = OwnerID.toLowerCase() + "@gmail.com": null

2018-12-13 11:29:00 - [TEST_STEP][PASSED] - Statement - println(OwnerID): null

2018-12-13 11:29:00 - [TEST_STEP][PASSED] - delay: Delayed 2 second(s)

2018-12-13 11:29:02 - [MESSAGE][PASSED] - Delayed 2 second(s)

2018-12-13 11:29:02 - [MESSAGE][PASSED] - Call Test Case 'Test Cases/Final Aug 2018 - PKS Automation/Common/Workflow Owner Finder' successfully

2018-12-13 11:29:02 - [TEST_STEP][PASSED] - delay: Delayed 1 second(s)

2018-12-13 11:29:03 - [MESSAGE][PASSED] - Delayed 1 second(s)

2018-12-13 11:29:03 - [TEST_STEP][PASSED] - navigateToUrl: Navigate to 'https://assist2-uat.perkeso.gov.my/c/portal/logout' successfully

2018-12-13 11:29:04 - [MESSAGE][PASSED] - Navigate to 'https://assist2-uat.perkeso.gov.my/c/portal/logout' successfully

2018-12-13 11:29:04 - [TEST_STEP][PASSED] - delay: Delayed 1 second(s)

2018-12-13 11:29:05 - [MESSAGE][PASSED] - Delayed 1 second(s)

2018-12-13 11:29:05 - [TEST_STEP][PASSED] - callTestCase: Call Test Case 'Test Cases/Final Aug 2018 - PKS Automation/Registration Module/Workflow/Login and Search Case For Workflow' successfully

2018-12-13 11:29:05 - [TEST_CASE][PASSED] - Test Cases/Final Aug 2018 - PKS Automation/Registration Module/Workflow/Login and Search Case For Workflow: Test Cases/Final Aug 2018 - PKS Automation/Registration Module/Workflow/Login and Search Case For Workflow

2018-12-13 11:29:05 - [TEST_STEP][PASSED] - navigateToUrl: Navigate to 'https://assist2-uat.perkeso.gov.my/login' successfully

2018-12-13 11:29:06 - [MESSAGE][PASSED] - Navigate to 'https://assist2-uat.perkeso.gov.my/login' successfully

2018-12-13 11:29:06 - [TEST_STEP][PASSED] - setText: Text 'johoruo1@gmail.com' is set on object 'Object Repository/Final Object Repo/Login Page/Internal User/Email Address'

2018-12-13 11:29:06 - [MESSAGE][PASSED] - Text 'johoruo1@gmail.com' is set on object 'Object Repository/Final Object Repo/Login Page/Internal User/Email Address'

2018-12-13 11:29:06 - [TEST_STEP][PASSED] - click: Object: 'Object Repository/Final Object Repo/Login Page/Internal User/Next Button' is clicked on

2018-12-13 11:29:06 - [MESSAGE][PASSED] - Object: 'Object Repository/Final Object Repo/Login Page/Internal User/Next Button' is clicked on

2018-12-13 11:29:06 - [TEST_STEP][PASSED] - delay: Delayed 1 second(s)

2018-12-13 11:29:07 - [MESSAGE][PASSED] - Delayed 1 second(s)

2018-12-13 11:29:07 - [TEST_STEP][PASSED] - setEncryptedText: Text ****** has been set on object 'Object Repository/Final Object Repo/Login Page/Internal User/Password'

2018-12-13 11:29:08 - [MESSAGE][PASSED] - Text ****** has been set on object 'Object Repository/Final Object Repo/Login Page/Internal User/Password'

2018-12-13 11:29:08 - [TEST_STEP][PASSED] - click: Object: 'Object Repository/Final Object Repo/Login Page/Internal User/Login Button' is clicked on

2018-12-13 11:29:08 - [MESSAGE][PASSED] - Object: 'Object Repository/Final Object Repo/Login Page/Internal User/Login Button' is clicked on

2018-12-13 11:29:08 - [TEST_STEP][PASSED] - delay: Delayed 2 second(s)

2018-12-13 11:29:10 - [MESSAGE][PASSED] - Delayed 2 second(s)

2018-12-13 11:29:10 - [TEST_STEP][PASSED] - Statement - Try: Delayed 2 second(s)

2018-12-13 11:29:10 - [TEST_STEP][PASSED] - Statement - Checker = false: null

2018-12-13 11:29:10 - [TEST_STEP][PASSED] - Statement - Checker = com.kms.katalon.core.webui.keyword.WebUiBuiltInKeywords.verifyElementHasAttribute(com.kms.katalon.core.testobject.ObjectRepository.findTestObject(Final Object Repo/Landing Page/BM Detecting), "href", 20, OPTIONAL): Object 'Object Repository/Final Object Repo/Landing Page/BM Detecting' has attribute 'href'

2018-12-13 11:29:10 - [MESSAGE][PASSED] - Object 'Object Repository/Final Object Repo/Landing Page/BM Detecting' has attribute 'href'

2018-12-13 11:29:10 - [TEST_STEP][PASSED] - Statement - out.println(Checker): null

2018-12-13 11:29:10 - [TEST_STEP][PASSED] - Statement - If (Checker == false): null

2018-12-13 11:29:10 - [TEST_STEP][PASSED] - Statement - Else: null

2018-12-13 11:29:10 - [TEST_STEP][PASSED] - delay: Delayed 2 second(s)

2018-12-13 11:29:12 - [MESSAGE][PASSED] - Delayed 2 second(s)

2018-12-13 11:29:12 - [TEST_STEP][PASSED] - click: Object: 'Object Repository/Final Object Repo/Page_MyASSIST - ASSIST - Search Pending Case For Add Supporting Document/Search Information' is clicked on

2018-12-13 11:29:12 - [MESSAGE][PASSED] - Object: 'Object Repository/Final Object Repo/Page_MyASSIST - ASSIST - Search Pending Case For Add Supporting Document/Search Information' is clicked on

2018-12-13 11:29:12 - [TEST_STEP][PASSED] - delay: Delayed 3 second(s)

2018-12-13 11:29:15 - [MESSAGE][PASSED] - Delayed 3 second(s)

2018-12-13 11:29:15 - [TEST_STEP][PASSED] - sendKeys: Keys 'CUN122018C200001731' sent to object: 'Object Repository/Final Object Repo/Page_MyASSIST - ASSIST - Search Pending Case For Add Supporting Document/Reference No'

2018-12-13 11:29:16 - [MESSAGE][PASSED] - Keys 'CUN122018C200001731' sent to object: 'Object Repository/Final Object Repo/Page_MyASSIST - ASSIST - Search Pending Case For Add Supporting Document/Reference No'

2018-12-13 11:29:16 - [TEST_STEP][PASSED] - click: Object: 'Object Repository/Final Object Repo/Page_MyASSIST - ASSIST - Search Pending Case For Add Supporting Document/Search Reference No' is clicked on

2018-12-13 11:29:16 - [MESSAGE][PASSED] - Object: 'Object Repository/Final Object Repo/Page_MyASSIST - ASSIST - Search Pending Case For Add Supporting Document/Search Reference No' is clicked on

2018-12-13 11:29:16 - [TEST_STEP][PASSED] - delay: Delayed 2 second(s)

2018-12-13 11:29:18 - [MESSAGE][PASSED] - Delayed 2 second(s)

2018-12-13 11:29:18 - [TEST_STEP][PASSED] - click: Object: 'Object Repository/Final Object Repo/Page_MyASSIST - ASSIST - Search Pending Case For Add Supporting Document/Continue' is clicked on

2018-12-13 11:29:22 - [MESSAGE][PASSED] - Object: 'Object Repository/Final Object Repo/Page_MyASSIST - ASSIST - Search Pending Case For Add Supporting Document/Continue' is clicked on

2018-12-13 11:29:22 - [TEST_STEP][PASSED] - delay: Delayed 20 second(s)

2018-12-13 11:29:42 - [MESSAGE][PASSED] - Delayed 20 second(s)

2018-12-13 11:29:42 - [MESSAGE][PASSED] - Call Test Case 'Test Cases/Final Aug 2018 - PKS Automation/Registration Module/Workflow/Login and Search Case For Workflow' successfully

2018-12-13 11:29:42 - [TEST_STEP][PASSED] - click: Object: 'Object Repository/Final Object Repo/Page_Form 1A - Cessation As Employer/Page_Form 1A - Cessation As Employer (Approve)/Save  Continue in Form 1A Page' is clicked on

2018-12-13 11:29:42 - [MESSAGE][PASSED] - Object: 'Object Repository/Final Object Repo/Page_Form 1A - Cessation As Employer/Page_Form 1A - Cessation As Employer (Approve)/Save  Continue in Form 1A Page' is clicked on

2018-12-13 11:29:42 - [TEST_STEP][PASSED] - delay: Delayed 2 second(s)

2018-12-13 11:29:44 - [MESSAGE][PASSED] - Delayed 2 second(s)

2018-12-13 11:29:44 - [TEST_STEP][PASSED] - click: Object: 'Object Repository/Final Object Repo/Page_Form 1A - Cessation As Employer/Employment Resign Date' is clicked on

2018-12-13 11:29:45 - [MESSAGE][PASSED] - Object: 'Object Repository/Final Object Repo/Page_Form 1A - Cessation As Employer/Employment Resign Date' is clicked on

2018-12-13 11:29:45 - [TEST_STEP][PASSED] - delay: Delayed 1 second(s)

2018-12-13 11:29:46 - [MESSAGE][PASSED] - Delayed 1 second(s)

2018-12-13 11:29:46 - [TEST_STEP][PASSED] - selectOptionByValue: All options with value '2030' are selected in object 'Object Repository/Final Object Repo/Page_Form 1A - Cessation As Employer/Employment Resign Date - Year' 

2018-12-13 11:29:46 - [MESSAGE][PASSED] - All options with value '2030' are selected in object 'Object Repository/Final Object Repo/Page_Form 1A - Cessation As Employer/Employment Resign Date - Year' 

2018-12-13 11:29:46 - [TEST_STEP][PASSED] - delay: Delayed 1 second(s)

2018-12-13 11:29:47 - [MESSAGE][PASSED] - Delayed 1 second(s)

2018-12-13 11:29:47 - [TEST_STEP][PASSED] - click: Object: 'Object Repository/Final Object Repo/Page_Form 1A - Cessation As Employer/Employment Resign Date - Year - Date' is clicked on

2018-12-13 11:29:47 - [MESSAGE][PASSED] - Object: 'Object Repository/Final Object Repo/Page_Form 1A - Cessation As Employer/Employment Resign Date - Year - Date' is clicked on

2018-12-13 11:29:47 - [TEST_STEP][PASSED] - delay: Delayed 2 second(s)

2018-12-13 11:29:49 - [MESSAGE][PASSED] - Delayed 2 second(s)

2018-12-13 11:29:49 - [TEST_STEP][PASSED] - click: Object: 'Object Repository/Final Object Repo/Page_Form 1A - Cessation As Employer/Page_Form 1A - Cessation As Employer (Approve)/Save  Continue in Update Add Employee Resigned Date Page' is clicked on

2018-12-13 11:29:50 - [MESSAGE][PASSED] - Object: 'Object Repository/Final Object Repo/Page_Form 1A - Cessation As Employer/Page_Form 1A - Cessation As Employer (Approve)/Save  Continue in Update Add Employee Resigned Date Page' is clicked on

2018-12-13 11:29:50 - [TEST_STEP][PASSED] - delay: Delayed 2 second(s)

2018-12-13 11:29:52 - [MESSAGE][PASSED] - Delayed 2 second(s)

2018-12-13 11:29:52 - [TEST_STEP][PASSED] - click: Object: 'Object Repository/Final Object Repo/Page_Form 1A - Cessation As Employer/Set Latest - Yes' is clicked on

2018-12-13 11:29:52 - [MESSAGE][PASSED] - Object: 'Object Repository/Final Object Repo/Page_Form 1A - Cessation As Employer/Set Latest - Yes' is clicked on

2018-12-13 11:29:52 - [TEST_STEP][PASSED] - delay: Delayed 2 second(s)

2018-12-13 11:29:54 - [MESSAGE][PASSED] - Delayed 2 second(s)

2018-12-13 11:29:54 - [TEST_STEP][PASSED] - click: Object: 'Object Repository/Final Object Repo/Page_Form 1A - Cessation As Employer/Page_Form 1A - Cessation As Employer (Approve)/Save  Contine in Uploading Document Page' is clicked on

2018-12-13 11:29:56 - [MESSAGE][PASSED] - Object: 'Object Repository/Final Object Repo/Page_Form 1A - Cessation As Employer/Page_Form 1A - Cessation As Employer (Approve)/Save  Contine in Uploading Document Page' is clicked on

2018-12-13 11:29:56 - [TEST_STEP][PASSED] - delay: Delayed 2 second(s)

2018-12-13 11:29:58 - [MESSAGE][PASSED] - Delayed 2 second(s)

2018-12-13 11:29:58 - [TEST_STEP][PASSED] - click: Object: 'Object Repository/Final Object Repo/Page_Form 1A - Cessation As Employer/Page_Form 1A - Cessation As Employer (Approve)/Approve' is clicked on

2018-12-13 11:30:01 - [MESSAGE][PASSED] - Object: 'Object Repository/Final Object Repo/Page_Form 1A - Cessation As Employer/Page_Form 1A - Cessation As Employer (Approve)/Approve' is clicked on

2018-12-13 11:30:01 - [TEST_STEP][PASSED] - delay: Delayed 2 second(s)

2018-12-13 11:30:03 - [MESSAGE][PASSED] - Delayed 2 second(s)

2018-12-13 11:30:03 - [TEST_STEP][PASSED] - click: Object: 'Object Repository/Final Object Repo/Page_Form 1A - Cessation As Employer/Confirm' is clicked on

2018-12-13 11:30:03 - [MESSAGE][PASSED] - Object: 'Object Repository/Final Object Repo/Page_Form 1A - Cessation As Employer/Confirm' is clicked on

2018-12-13 11:30:03 - [TEST_STEP][PASSED] - delay: Delayed 2 second(s)

2018-12-13 11:30:05 - [MESSAGE][PASSED] - Delayed 2 second(s)

2018-12-13 11:30:05 - [TEST_STEP][PASSED] - click: Object: 'Object Repository/Final Object Repo/Page_Form 1A - Cessation As Employer/Page_Form 1A - Cessation As Employer (Approve)/Message Your Request    Form 1A ' is clicked on

2018-12-13 11:30:15 - [MESSAGE][PASSED] - Object: 'Object Repository/Final Object Repo/Page_Form 1A - Cessation As Employer/Page_Form 1A - Cessation As Employer (Approve)/Message Your Request    Form 1A ' is clicked on

2018-12-13 11:30:15 - [TEST_STEP][PASSED] - delay: Delayed 2 second(s)

2018-12-13 11:30:17 - [MESSAGE][PASSED] - Delayed 2 second(s)

2018-12-13 11:30:17 - [TEST_STEP][PASSED] - click: Object: 'Object Repository/Final Object Repo/Page_Form 1A - Cessation As Employer/Page_Form 1A - Cessation As Employer (Approve)/Letter of successful update' is clicked on

2018-12-13 11:30:17 - [MESSAGE][PASSED] - Object: 'Object Repository/Final Object Repo/Page_Form 1A - Cessation As Employer/Page_Form 1A - Cessation As Employer (Approve)/Letter of successful update' is clicked on

2018-12-13 11:30:17 - [MESSAGE][PASSED] - Call Test Case 'Test Cases/Final Aug 2018 - PKS Automation/Registration Module/Workflow/Form 1A - Cessation As Employer/Template/Form 1 A - Cessation As Employer (Approve)' successfully]]></system-out>
         <system-err><![CDATA[]]></system-err>
      </testcase>
      <testcase name="Test Cases/Final Aug 2018 - PKS Automation/Registration Module/Workflow/Form 1A - Cessation As Employer/PKRBO to UO (Query)" classname="Test Cases/Final Aug 2018 - PKS Automation/Registration Module/Workflow/Form 1A - Cessation As Employer/PKRBO to UO (Query)" status="PASSED">
         <system-out><![CDATA[2018-12-13 11:30:17 - [TEST_CASE][PASSED] - Test Cases/Final Aug 2018 - PKS Automation/Registration Module/Workflow/Form 1A - Cessation As Employer/PKRBO to UO (Query): Test Cases/Final Aug 2018 - PKS Automation/Registration Module/Workflow/Form 1A - Cessation As Employer/PKRBO to UO (Query)

2018-12-13 11:30:18 - [TEST_STEP][PASSED] - callTestCase: Call Test Case 'Test Cases/Final Aug 2018 - PKS Automation/Registration Module/Workflow/Form 1A - Cessation As Employer/Template/Form 1 A - Cessation As Employer (PKRBO)' successfully

2018-12-13 11:30:18 - [TEST_CASE][PASSED] - Test Cases/Final Aug 2018 - PKS Automation/Registration Module/Workflow/Form 1A - Cessation As Employer/Template/Form 1 A - Cessation As Employer (PKRBO): Test Cases/Final Aug 2018 - PKS Automation/Registration Module/Workflow/Form 1A - Cessation As Employer/Template/Form 1 A - Cessation As Employer (PKRBO)

2018-12-13 11:30:18 - [TEST_STEP][PASSED] - openBrowser: Browser is opened with url: ''

2018-12-13 11:30:18 - [MESSAGE][WARNING] - A browser is already opened. Closing browser and opening a new one

2018-12-13 11:30:21 - [MESSAGE][PASSED] - Browser is opened with url: ''

2018-12-13 11:30:21 - [TEST_STEP][PASSED] - navigateToUrl: Navigate to 'https://assist2-uat.perkeso.gov.my/login' successfully

2018-12-13 11:30:22 - [MESSAGE][PASSED] - Navigate to 'https://assist2-uat.perkeso.gov.my/login' successfully

2018-12-13 11:30:22 - [TEST_STEP][PASSED] - setText: Text 'johorpkrbo1@gmail.com' is set on object 'Object Repository/Final Object Repo/Login Page/Internal User/Email Address'

2018-12-13 11:30:22 - [MESSAGE][PASSED] - Text 'johorpkrbo1@gmail.com' is set on object 'Object Repository/Final Object Repo/Login Page/Internal User/Email Address'

2018-12-13 11:30:22 - [TEST_STEP][PASSED] - click: Object: 'Object Repository/Final Object Repo/Login Page/Internal User/Next Button' is clicked on

2018-12-13 11:30:22 - [MESSAGE][PASSED] - Object: 'Object Repository/Final Object Repo/Login Page/Internal User/Next Button' is clicked on

2018-12-13 11:30:22 - [TEST_STEP][PASSED] - delay: Delayed 1 second(s)

2018-12-13 11:30:23 - [MESSAGE][PASSED] - Delayed 1 second(s)

2018-12-13 11:30:23 - [TEST_STEP][PASSED] - setEncryptedText: Text ****** has been set on object 'Object Repository/Final Object Repo/Login Page/Internal User/Password'

2018-12-13 11:30:23 - [MESSAGE][PASSED] - Text ****** has been set on object 'Object Repository/Final Object Repo/Login Page/Internal User/Password'

2018-12-13 11:30:23 - [TEST_STEP][PASSED] - click: Object: 'Object Repository/Final Object Repo/Login Page/Internal User/Login Button' is clicked on

2018-12-13 11:30:24 - [MESSAGE][PASSED] - Object: 'Object Repository/Final Object Repo/Login Page/Internal User/Login Button' is clicked on

2018-12-13 11:30:24 - [TEST_STEP][PASSED] - delay: Delayed 1 second(s)

2018-12-13 11:30:25 - [MESSAGE][PASSED] - Delayed 1 second(s)

2018-12-13 11:30:25 - [TEST_STEP][PASSED] - Statement - Try: Delayed 2 second(s)

2018-12-13 11:30:25 - [TEST_STEP][PASSED] - Statement - Checker = false: null

2018-12-13 11:30:25 - [TEST_STEP][PASSED] - Statement - Checker = com.kms.katalon.core.webui.keyword.WebUiBuiltInKeywords.verifyElementHasAttribute(com.kms.katalon.core.testobject.ObjectRepository.findTestObject(Final Object Repo/Landing Page/BM Detecting), "href", 20, OPTIONAL): Object 'Object Repository/Final Object Repo/Landing Page/BM Detecting' has attribute 'href'

2018-12-13 11:30:26 - [MESSAGE][PASSED] - Object 'Object Repository/Final Object Repo/Landing Page/BM Detecting' has attribute 'href'

2018-12-13 11:30:26 - [TEST_STEP][PASSED] - Statement - out.println(Checker): null

2018-12-13 11:30:26 - [TEST_STEP][PASSED] - Statement - If (Checker == false): null

2018-12-13 11:30:26 - [TEST_STEP][PASSED] - Statement - Else: null

2018-12-13 11:30:26 - [TEST_STEP][PASSED] - delay: Delayed 2 second(s)

2018-12-13 11:30:28 - [MESSAGE][PASSED] - Delayed 2 second(s)

2018-12-13 11:30:28 - [TEST_STEP][PASSED] - navigateToUrl: Navigate to 'https://assist2-uat.perkeso.gov.my/web/registration/update/form-1a-cessation-as-employer-discontinue-business-' successfully

2018-12-13 11:30:29 - [MESSAGE][PASSED] - Navigate to 'https://assist2-uat.perkeso.gov.my/web/registration/update/form-1a-cessation-as-employer-discontinue-business-' successfully

2018-12-13 11:30:29 - [TEST_STEP][PASSED] - setText: Text 'E1102069770Z' is set on object 'Object Repository/Final Object Repo/Page_Update Employer Information/Employer Code'

2018-12-13 11:30:30 - [MESSAGE][PASSED] - Text 'E1102069770Z' is set on object 'Object Repository/Final Object Repo/Page_Update Employer Information/Employer Code'

2018-12-13 11:30:30 - [TEST_STEP][PASSED] - click: Object: 'Object Repository/Final Object Repo/Page_Update Employer Information/Search Button' is clicked on

2018-12-13 11:30:30 - [MESSAGE][PASSED] - Object: 'Object Repository/Final Object Repo/Page_Update Employer Information/Search Button' is clicked on

2018-12-13 11:30:30 - [TEST_STEP][PASSED] - click: Object: 'Object Repository/Final Object Repo/Page_Update Employer Information/Edit Button' is clicked on

2018-12-13 11:30:33 - [MESSAGE][PASSED] - Object: 'Object Repository/Final Object Repo/Page_Update Employer Information/Edit Button' is clicked on

2018-12-13 11:30:33 - [TEST_STEP][PASSED] - Statement - abc = com.kms.katalon.core.webui.keyword.WebUiBuiltInKeywords.getAttribute(com.kms.katalon.core.testobject.ObjectRepository.findTestObject(Final Object Repo/Page_Form 1A - Cessation As Employer/Employer Status), "value"): Attribute 'value' of object 'Object Repository/Final Object Repo/Page_Form 1A - Cessation As Employer/Employer Status' is: 'Dormant'

2018-12-13 11:30:33 - [MESSAGE][PASSED] - Attribute 'value' of object 'Object Repository/Final Object Repo/Page_Form 1A - Cessation As Employer/Employer Status' is: 'Dormant'

2018-12-13 11:30:33 - [TEST_STEP][PASSED] - Statement - out.println(abc): null

2018-12-13 11:30:33 - [TEST_STEP][PASSED] - Statement - If (abc == "Active"): null

2018-12-13 11:30:33 - [TEST_STEP][PASSED] - Statement - Else If (abc == "Cancel"): null

2018-12-13 11:30:33 - [TEST_STEP][PASSED] - Statement - Else If (abc == "Dormant"): Object: 'Object Repository/Final Object Repo/Page_Form 1A - Cessation As Employer/Change Employer Status to - Dormant' is clicked on

2018-12-13 11:30:33 - [TEST_STEP][PASSED] - click: Object: 'Object Repository/Final Object Repo/Page_Form 1A - Cessation As Employer/Change Employer Status to' is clicked on

2018-12-13 11:30:33 - [MESSAGE][PASSED] - Object: 'Object Repository/Final Object Repo/Page_Form 1A - Cessation As Employer/Change Employer Status to' is clicked on

2018-12-13 11:30:33 - [TEST_STEP][PASSED] - click: Object: 'Object Repository/Final Object Repo/Page_Form 1A - Cessation As Employer/Change Employer Status to - Dormant' is clicked on

2018-12-13 11:30:33 - [MESSAGE][PASSED] - Object: 'Object Repository/Final Object Repo/Page_Form 1A - Cessation As Employer/Change Employer Status to - Dormant' is clicked on

2018-12-13 11:30:33 - [TEST_STEP][PASSED] - click: Object: 'Object Repository/Final Object Repo/Page_Form 1A - Cessation As Employer/Calender' is clicked on

2018-12-13 11:30:34 - [MESSAGE][PASSED] - Object: 'Object Repository/Final Object Repo/Page_Form 1A - Cessation As Employer/Calender' is clicked on

2018-12-13 11:30:34 - [TEST_STEP][PASSED] - click: Object: 'Object Repository/Final Object Repo/Page_Form 1A - Cessation As Employer/Calender - Date' is clicked on

2018-12-13 11:30:34 - [MESSAGE][PASSED] - Object: 'Object Repository/Final Object Repo/Page_Form 1A - Cessation As Employer/Calender - Date' is clicked on

2018-12-13 11:30:34 - [TEST_STEP][PASSED] - delay: Delayed 2 second(s)

2018-12-13 11:30:36 - [MESSAGE][PASSED] - Delayed 2 second(s)

2018-12-13 11:30:36 - [TEST_STEP][PASSED] - click: Object: 'Object Repository/Final Object Repo/Page_Form 1A - Cessation As Employer/Save  Continue in Form 1A Page' is clicked on

2018-12-13 11:30:36 - [MESSAGE][PASSED] - Object: 'Object Repository/Final Object Repo/Page_Form 1A - Cessation As Employer/Save  Continue in Form 1A Page' is clicked on

2018-12-13 11:30:36 - [TEST_STEP][PASSED] - delay: Delayed 2 second(s)

2018-12-13 11:30:38 - [MESSAGE][PASSED] - Delayed 2 second(s)

2018-12-13 11:30:38 - [TEST_STEP][PASSED] - click: Object: 'Object Repository/Final Object Repo/Page_Form 1A - Cessation As Employer/Employment Resign Date' is clicked on

2018-12-13 11:30:39 - [MESSAGE][PASSED] - Object: 'Object Repository/Final Object Repo/Page_Form 1A - Cessation As Employer/Employment Resign Date' is clicked on

2018-12-13 11:30:39 - [TEST_STEP][PASSED] - delay: Delayed 1 second(s)

2018-12-13 11:30:40 - [MESSAGE][PASSED] - Delayed 1 second(s)

2018-12-13 11:30:40 - [TEST_STEP][PASSED] - Statement - CaseReferenceNo = com.kms.katalon.core.webui.keyword.WebUiBuiltInKeywords.getText(com.kms.katalon.core.testobject.ObjectRepository.findTestObject(Final Object Repo/Page_Update Employer Information/Reference Number in Update Employee Information Page)): Text of object 'Object Repository/Final Object Repo/Page_Update Employer Information/Reference Number in Update Employee Information Page' is: 'CUN122018C200001732'

2018-12-13 11:30:40 - [MESSAGE][PASSED] - Text of object 'Object Repository/Final Object Repo/Page_Update Employer Information/Reference Number in Update Employee Information Page' is: 'CUN122018C200001732'

2018-12-13 11:30:40 - [TEST_STEP][PASSED] - Statement - out.println(CaseReferenceNo): null

2018-12-13 11:30:40 - [TEST_STEP][PASSED] - callTestCase: Call Test Case 'Test Cases/Final Aug 2018 - PKS Automation/Common/Reference Number Setter' successfully

2018-12-13 11:30:40 - [TEST_CASE][PASSED] - Test Cases/Final Aug 2018 - PKS Automation/Common/Reference Number Setter: Test Cases/Final Aug 2018 - PKS Automation/Common/Reference Number Setter

2018-12-13 11:30:40 - [TEST_STEP][PASSED] - Statement - RefNoOldFile = new java.io.File(C://Users//Admin//Desktop//PKS//Automation Reference Point//KatalonReference.txt): null

2018-12-13 11:30:40 - [TEST_STEP][PASSED] - Statement - RefNoOldFile.delete(): null

2018-12-13 11:30:40 - [TEST_STEP][PASSED] - delay: Delayed 5 second(s)

2018-12-13 11:30:45 - [MESSAGE][PASSED] - Delayed 5 second(s)

2018-12-13 11:30:45 - [TEST_STEP][PASSED] - Statement - RefNo = new java.io.File(C://Users//Admin//Desktop//PKS//Automation Reference Point//KatalonReference.txt): null

2018-12-13 11:30:45 - [TEST_STEP][PASSED] - Statement - f2 = new java.io.FileWriter(RefNo, false): null

2018-12-13 11:30:45 - [TEST_STEP][PASSED] - Statement - f2.write(CaseReferenceNo): null

2018-12-13 11:30:45 - [TEST_STEP][PASSED] - Statement - f2.close(): null

2018-12-13 11:30:45 - [TEST_STEP][PASSED] - Statement - out.println("


" + CaseReferenceNo + "


"): null

2018-12-13 11:30:45 - [MESSAGE][PASSED] - Call Test Case 'Test Cases/Final Aug 2018 - PKS Automation/Common/Reference Number Setter' successfully

2018-12-13 11:30:45 - [TEST_STEP][PASSED] - selectOptionByValue: All options with value '2030' are selected in object 'Object Repository/Final Object Repo/Page_Form 1A - Cessation As Employer/Employment Resign Date - Year' 

2018-12-13 11:30:45 - [MESSAGE][PASSED] - All options with value '2030' are selected in object 'Object Repository/Final Object Repo/Page_Form 1A - Cessation As Employer/Employment Resign Date - Year' 

2018-12-13 11:30:45 - [TEST_STEP][PASSED] - delay: Delayed 1 second(s)

2018-12-13 11:30:46 - [MESSAGE][PASSED] - Delayed 1 second(s)

2018-12-13 11:30:46 - [TEST_STEP][PASSED] - click: Object: 'Object Repository/Final Object Repo/Page_Form 1A - Cessation As Employer/Employment Resign Date - Year - Date' is clicked on

2018-12-13 11:30:46 - [MESSAGE][PASSED] - Object: 'Object Repository/Final Object Repo/Page_Form 1A - Cessation As Employer/Employment Resign Date - Year - Date' is clicked on

2018-12-13 11:30:46 - [TEST_STEP][PASSED] - delay: Delayed 2 second(s)

2018-12-13 11:30:48 - [MESSAGE][PASSED] - Delayed 2 second(s)

2018-12-13 11:30:48 - [TEST_STEP][PASSED] - click: Object: 'Object Repository/Final Object Repo/Page_Form 1A - Cessation As Employer/Save  Continue in Update Add Employee Resigned Date Page' is clicked on

2018-12-13 11:30:48 - [MESSAGE][PASSED] - Object: 'Object Repository/Final Object Repo/Page_Form 1A - Cessation As Employer/Save  Continue in Update Add Employee Resigned Date Page' is clicked on

2018-12-13 11:30:48 - [TEST_STEP][PASSED] - delay: Delayed 2 second(s)

2018-12-13 11:30:50 - [MESSAGE][PASSED] - Delayed 2 second(s)

2018-12-13 11:30:50 - [TEST_STEP][PASSED] - click: Object: 'Object Repository/Final Object Repo/Page_Form 1A - Cessation As Employer/Set Latest - Yes' is clicked on

2018-12-13 11:30:50 - [MESSAGE][PASSED] - Object: 'Object Repository/Final Object Repo/Page_Form 1A - Cessation As Employer/Set Latest - Yes' is clicked on

2018-12-13 11:30:50 - [TEST_STEP][PASSED] - delay: Delayed 2 second(s)

2018-12-13 11:30:52 - [MESSAGE][PASSED] - Delayed 2 second(s)

2018-12-13 11:30:52 - [TEST_STEP][PASSED] - click: Object: 'Object Repository/Final Object Repo/Page_Form 1A - Cessation As Employer/Add Document' is clicked on

2018-12-13 11:30:54 - [MESSAGE][PASSED] - Object: 'Object Repository/Final Object Repo/Page_Form 1A - Cessation As Employer/Add Document' is clicked on

2018-12-13 11:30:54 - [TEST_STEP][PASSED] - delay: Delayed 2 second(s)

2018-12-13 11:30:56 - [MESSAGE][PASSED] - Delayed 2 second(s)

2018-12-13 11:30:56 - [TEST_STEP][PASSED] - click: Object: 'Object Repository/Final Object Repo/Page_Form 1A - Cessation As Employer/Document Type' is clicked on

2018-12-13 11:30:57 - [MESSAGE][PASSED] - Object: 'Object Repository/Final Object Repo/Page_Form 1A - Cessation As Employer/Document Type' is clicked on

2018-12-13 11:30:57 - [TEST_STEP][PASSED] - delay: Delayed 2 second(s)

2018-12-13 11:30:59 - [MESSAGE][PASSED] - Delayed 2 second(s)

2018-12-13 11:30:59 - [TEST_STEP][PASSED] - click: Object: 'Object Repository/Final Object Repo/Page_Form 1A - Cessation As Employer/Document Type - Supporting Document For Cessation' is clicked on

2018-12-13 11:30:59 - [MESSAGE][PASSED] - Object: 'Object Repository/Final Object Repo/Page_Form 1A - Cessation As Employer/Document Type - Supporting Document For Cessation' is clicked on

2018-12-13 11:30:59 - [TEST_STEP][PASSED] - delay: Delayed 2 second(s)

2018-12-13 11:31:01 - [MESSAGE][PASSED] - Delayed 2 second(s)

2018-12-13 11:31:01 - [TEST_STEP][PASSED] - sendKeys: Keys 'C:\Users\Public\Pictures\Sample Pictures\Koala.jpg' sent to object: 'Object Repository/Final Object Repo/Page_Form 1A - Cessation As Employer/Uploading File'

2018-12-13 11:31:01 - [MESSAGE][PASSED] - Keys 'C:\Users\Public\Pictures\Sample Pictures\Koala.jpg' sent to object: 'Object Repository/Final Object Repo/Page_Form 1A - Cessation As Employer/Uploading File'

2018-12-13 11:31:01 - [TEST_STEP][PASSED] - delay: Delayed 2 second(s)

2018-12-13 11:31:03 - [MESSAGE][PASSED] - Delayed 2 second(s)

2018-12-13 11:31:03 - [TEST_STEP][PASSED] - click: Object: 'Object Repository/Final Object Repo/Page_Form 1A - Cessation As Employer/Add Document in Uploading Page' is clicked on

2018-12-13 11:31:03 - [MESSAGE][PASSED] - Object: 'Object Repository/Final Object Repo/Page_Form 1A - Cessation As Employer/Add Document in Uploading Page' is clicked on

2018-12-13 11:31:03 - [TEST_STEP][PASSED] - delay: Delayed 15 second(s)

2018-12-13 11:31:18 - [MESSAGE][PASSED] - Delayed 15 second(s)

2018-12-13 11:31:18 - [TEST_STEP][PASSED] - click: Object: 'Object Repository/Final Object Repo/Page_Form 1A - Cessation As Employer/Save  Continue in Uploading Page' is clicked on

2018-12-13 11:31:19 - [MESSAGE][PASSED] - Object: 'Object Repository/Final Object Repo/Page_Form 1A - Cessation As Employer/Save  Continue in Uploading Page' is clicked on

2018-12-13 11:31:19 - [TEST_STEP][PASSED] - delay: Delayed 2 second(s)

2018-12-13 11:31:21 - [MESSAGE][PASSED] - Delayed 2 second(s)

2018-12-13 11:31:21 - [TEST_STEP][PASSED] - click: Object: 'Object Repository/Final Object Repo/Page_Form 1A - Cessation As Employer/Submit2' is clicked on

2018-12-13 11:31:24 - [MESSAGE][PASSED] - Object: 'Object Repository/Final Object Repo/Page_Form 1A - Cessation As Employer/Submit2' is clicked on

2018-12-13 11:31:24 - [TEST_STEP][PASSED] - delay: Delayed 2 second(s)

2018-12-13 11:31:26 - [MESSAGE][PASSED] - Delayed 2 second(s)

2018-12-13 11:31:26 - [TEST_STEP][PASSED] - click: Object: 'Object Repository/Final Object Repo/Page_Form 1A - Cessation As Employer/Confirm' is clicked on

2018-12-13 11:31:26 - [MESSAGE][PASSED] - Object: 'Object Repository/Final Object Repo/Page_Form 1A - Cessation As Employer/Confirm' is clicked on

2018-12-13 11:31:26 - [TEST_STEP][PASSED] - delay: Delayed 2 second(s)

2018-12-13 11:31:28 - [MESSAGE][PASSED] - Delayed 2 second(s)

2018-12-13 11:31:28 - [TEST_STEP][PASSED] - verifyElementVisible: Object 'Object Repository/Final Object Repo/Page_Form 1A - Cessation As Employer/Message Your Request will be routed to UO' is visible

2018-12-13 11:31:31 - [MESSAGE][PASSED] - Object 'Object Repository/Final Object Repo/Page_Form 1A - Cessation As Employer/Message Your Request will be routed to UO' is visible

2018-12-13 11:31:31 - [TEST_STEP][PASSED] - delay: Delayed 1 second(s)

2018-12-13 11:31:32 - [MESSAGE][PASSED] - Delayed 1 second(s)

2018-12-13 11:31:32 - [TEST_STEP][PASSED] - verifyElementVisible: Object 'Object Repository/Final Object Repo/Page_Form 1A - Cessation As Employer/Letter of acknowledgement' is visible

2018-12-13 11:31:32 - [MESSAGE][PASSED] - Object 'Object Repository/Final Object Repo/Page_Form 1A - Cessation As Employer/Letter of acknowledgement' is visible

2018-12-13 11:31:32 - [MESSAGE][PASSED] - Call Test Case 'Test Cases/Final Aug 2018 - PKS Automation/Registration Module/Workflow/Form 1A - Cessation As Employer/Template/Form 1 A - Cessation As Employer (PKRBO)' successfully

2018-12-13 11:31:32 - [TEST_STEP][PASSED] - callTestCase: Call Test Case 'Test Cases/Final Aug 2018 - PKS Automation/Registration Module/Workflow/Form 1A - Cessation As Employer/Template/Form 1 A - Cessation As Employer (Query)' successfully

2018-12-13 11:31:32 - [TEST_CASE][PASSED] - Test Cases/Final Aug 2018 - PKS Automation/Registration Module/Workflow/Form 1A - Cessation As Employer/Template/Form 1 A - Cessation As Employer (Query): Test Cases/Final Aug 2018 - PKS Automation/Registration Module/Workflow/Form 1A - Cessation As Employer/Template/Form 1 A - Cessation As Employer (Query)

2018-12-13 11:31:32 - [TEST_STEP][NOT_RUN] - callTestCase: NOT_RUN: callTestCase

2018-12-13 11:31:32 - [MESSAGE][NOT_RUN] - NOT_RUN: callTestCase

2018-12-13 11:31:32 - [TEST_STEP][PASSED] - delay: Delayed 1 second(s)

2018-12-13 11:31:33 - [MESSAGE][PASSED] - Delayed 1 second(s)

2018-12-13 11:31:33 - [TEST_STEP][PASSED] - navigateToUrl: Navigate to 'https://assist2-uat.perkeso.gov.my/c/portal/logout' successfully

2018-12-13 11:31:34 - [MESSAGE][PASSED] - Navigate to 'https://assist2-uat.perkeso.gov.my/c/portal/logout' successfully

2018-12-13 11:31:34 - [TEST_STEP][PASSED] - delay: Delayed 1 second(s)

2018-12-13 11:31:35 - [MESSAGE][PASSED] - Delayed 1 second(s)

2018-12-13 11:31:35 - [TEST_STEP][PASSED] - callTestCase: Call Test Case 'Test Cases/Final Aug 2018 - PKS Automation/Common/Reference Number Getter' successfully

2018-12-13 11:31:35 - [TEST_CASE][PASSED] - Test Cases/Final Aug 2018 - PKS Automation/Common/Reference Number Getter: Test Cases/Final Aug 2018 - PKS Automation/Common/Reference Number Getter

2018-12-13 11:31:35 - [TEST_STEP][PASSED] - Statement - Try: null

2018-12-13 11:31:35 - [TEST_STEP][PASSED] - Statement - RefNo = new java.io.File(C://Users//Admin//Desktop//PKS//Automation Reference Point//KatalonReference.txt): null

2018-12-13 11:31:35 - [TEST_STEP][PASSED] - Statement - bufferread = new java.io.BufferedReader(new java.io.FileReader(RefNo)): null

2018-12-13 11:31:35 - [TEST_STEP][PASSED] - Statement - readedVal = bufferread.readLine(): null

2018-12-13 11:31:35 - [TEST_STEP][PASSED] - Statement - out.println(CaseReferenceNo): null

2018-12-13 11:31:35 - [TEST_STEP][PASSED] - Statement - out.println(readedVal): null

2018-12-13 11:31:35 - [TEST_STEP][PASSED] - Statement - CaseReferenceNo = "": null

2018-12-13 11:31:35 - [TEST_STEP][PASSED] - Statement - CaseReferenceNo = readedVal: null

2018-12-13 11:31:35 - [MESSAGE][PASSED] - Call Test Case 'Test Cases/Final Aug 2018 - PKS Automation/Common/Reference Number Getter' successfully

2018-12-13 11:31:35 - [TEST_STEP][PASSED] - callTestCase: Call Test Case 'Test Cases/Final Aug 2018 - PKS Automation/Common/Workflow Owner Finder' successfully

2018-12-13 11:31:35 - [TEST_CASE][PASSED] - Test Cases/Final Aug 2018 - PKS Automation/Common/Workflow Owner Finder: Test Cases/Final Aug 2018 - PKS Automation/Common/Workflow Owner Finder

2018-12-13 11:31:35 - [TEST_STEP][PASSED] - openBrowser: Browser is opened with url: ''

2018-12-13 11:31:35 - [MESSAGE][WARNING] - A browser is already opened. Closing browser and opening a new one

2018-12-13 11:31:38 - [MESSAGE][PASSED] - Browser is opened with url: ''

2018-12-13 11:31:38 - [TEST_STEP][PASSED] - navigateToUrl: Navigate to 'https://assist2-uat.perkeso.gov.my/login' successfully

2018-12-13 11:31:39 - [MESSAGE][PASSED] - Navigate to 'https://assist2-uat.perkeso.gov.my/login' successfully

2018-12-13 11:31:39 - [TEST_STEP][PASSED] - delay: Delayed 5 second(s)

2018-12-13 11:31:44 - [MESSAGE][PASSED] - Delayed 5 second(s)

2018-12-13 11:31:44 - [TEST_STEP][PASSED] - setText: Text 'test@liferay.com' is set on object 'Object Repository/Final Object Repo/Login Page/Internal User/Email Address'

2018-12-13 11:31:44 - [MESSAGE][PASSED] - Text 'test@liferay.com' is set on object 'Object Repository/Final Object Repo/Login Page/Internal User/Email Address'

2018-12-13 11:31:44 - [TEST_STEP][PASSED] - click: Object: 'Object Repository/Final Object Repo/Login Page/Internal User/Next Button' is clicked on

2018-12-13 11:31:44 - [MESSAGE][PASSED] - Object: 'Object Repository/Final Object Repo/Login Page/Internal User/Next Button' is clicked on

2018-12-13 11:31:44 - [TEST_STEP][PASSED] - delay: Delayed 2 second(s)

2018-12-13 11:31:46 - [MESSAGE][PASSED] - Delayed 2 second(s)

2018-12-13 11:31:46 - [TEST_STEP][PASSED] - setText: Text 'test' is set on object 'Object Repository/Final Object Repo/Login Page/Internal User/Password'

2018-12-13 11:31:47 - [MESSAGE][PASSED] - Text 'test' is set on object 'Object Repository/Final Object Repo/Login Page/Internal User/Password'

2018-12-13 11:31:47 - [TEST_STEP][PASSED] - delay: Delayed 2 second(s)

2018-12-13 11:31:49 - [MESSAGE][PASSED] - Delayed 2 second(s)

2018-12-13 11:31:49 - [TEST_STEP][PASSED] - click: Object: 'Object Repository/Final Object Repo/Login Page/Internal User/Login Button' is clicked on

2018-12-13 11:31:49 - [MESSAGE][PASSED] - Object: 'Object Repository/Final Object Repo/Login Page/Internal User/Login Button' is clicked on

2018-12-13 11:31:49 - [TEST_STEP][PASSED] - Statement - tester = com.kms.katalon.core.testobject.ObjectRepository.findTestObject(Final Object Repo/Landing Page/Select to English): Finding Test Object with id 'Object Repository/Final Object Repo/Landing Page/Select to English'

2018-12-13 11:31:49 - [TEST_STEP][PASSED] - Statement - Try: Delayed 2 second(s)

2018-12-13 11:31:49 - [TEST_STEP][PASSED] - Statement - Checker = com.kms.katalon.core.webui.keyword.WebUiBuiltInKeywords.verifyElementNotPresent(tester, 3): Web element with id: 'Object Repository/Final Object Repo/Landing Page/Select to English' located by 'By.xpath: //a[@class = 'taglib-language-list-text' and @lang = 'en-US' and (contains(text(), 'EN') or contains(., 'EN'))]' is not present after '3' second(s)

2018-12-13 11:31:52 - [MESSAGE][PASSED] - Web element with id: 'Object Repository/Final Object Repo/Landing Page/Select to English' located by 'By.xpath: //a[@class = 'taglib-language-list-text' and @lang = 'en-US' and (contains(text(), 'EN') or contains(., 'EN'))]' is not present after '3' second(s)

2018-12-13 11:31:52 - [TEST_STEP][PASSED] - Statement - If (Checker == false): null

2018-12-13 11:31:52 - [TEST_STEP][PASSED] - delay: Delayed 2 second(s)

2018-12-13 11:31:54 - [MESSAGE][PASSED] - Delayed 2 second(s)

2018-12-13 11:31:54 - [TEST_STEP][PASSED] - delay: Delayed 5 second(s)

2018-12-13 11:31:59 - [MESSAGE][PASSED] - Delayed 5 second(s)

2018-12-13 11:31:59 - [TEST_STEP][PASSED] - mouseOver: Object: 'Object Repository/Final Object Repo/Landing Page/WorkFlow Menu' is hovered

2018-12-13 11:31:59 - [MESSAGE][PASSED] - Object: 'Object Repository/Final Object Repo/Landing Page/WorkFlow Menu' is hovered

2018-12-13 11:31:59 - [TEST_STEP][PASSED] - delay: Delayed 2 second(s)

2018-12-13 11:32:01 - [MESSAGE][PASSED] - Delayed 2 second(s)

2018-12-13 11:32:01 - [TEST_STEP][PASSED] - click: Object: 'Object Repository/Final Object Repo/Landing Page/Select to Workflow Listing' is clicked on

2018-12-13 11:32:02 - [MESSAGE][PASSED] - Object: 'Object Repository/Final Object Repo/Landing Page/Select to Workflow Listing' is clicked on

2018-12-13 11:32:02 - [TEST_STEP][PASSED] - delay: Delayed 2 second(s)

2018-12-13 11:32:04 - [MESSAGE][PASSED] - Delayed 2 second(s)

2018-12-13 11:32:04 - [TEST_STEP][PASSED] - click: Object: 'Object Repository/Final Object Repo/WorkFlow Listing Page/Search Information - To Put Ref No' is clicked on

2018-12-13 11:32:04 - [MESSAGE][PASSED] - Object: 'Object Repository/Final Object Repo/WorkFlow Listing Page/Search Information - To Put Ref No' is clicked on

2018-12-13 11:32:04 - [TEST_STEP][PASSED] - delay: Delayed 2 second(s)

2018-12-13 11:32:06 - [MESSAGE][PASSED] - Delayed 2 second(s)

2018-12-13 11:32:06 - [TEST_STEP][PASSED] - callTestCase: Call Test Case 'Test Cases/Final Aug 2018 - PKS Automation/Common/Reference Number Getter' successfully

2018-12-13 11:32:06 - [TEST_CASE][PASSED] - Test Cases/Final Aug 2018 - PKS Automation/Common/Reference Number Getter: Test Cases/Final Aug 2018 - PKS Automation/Common/Reference Number Getter

2018-12-13 11:32:06 - [TEST_STEP][PASSED] - Statement - Try: null

2018-12-13 11:32:06 - [TEST_STEP][PASSED] - Statement - RefNo = new java.io.File(C://Users//Admin//Desktop//PKS//Automation Reference Point//KatalonReference.txt): null

2018-12-13 11:32:06 - [TEST_STEP][PASSED] - Statement - bufferread = new java.io.BufferedReader(new java.io.FileReader(RefNo)): null

2018-12-13 11:32:06 - [TEST_STEP][PASSED] - Statement - readedVal = bufferread.readLine(): null

2018-12-13 11:32:06 - [TEST_STEP][PASSED] - Statement - out.println(CaseReferenceNo): null

2018-12-13 11:32:06 - [TEST_STEP][PASSED] - Statement - out.println(readedVal): null

2018-12-13 11:32:06 - [TEST_STEP][PASSED] - Statement - CaseReferenceNo = "": null

2018-12-13 11:32:06 - [TEST_STEP][PASSED] - Statement - CaseReferenceNo = readedVal: null

2018-12-13 11:32:06 - [MESSAGE][PASSED] - Call Test Case 'Test Cases/Final Aug 2018 - PKS Automation/Common/Reference Number Getter' successfully

2018-12-13 11:32:06 - [TEST_STEP][PASSED] - setText: Text 'CUN122018C200001732' is set on object 'Object Repository/Final Object Repo/WorkFlow Listing Page/Ref No Set Text'

2018-12-13 11:32:06 - [MESSAGE][PASSED] - Text 'CUN122018C200001732' is set on object 'Object Repository/Final Object Repo/WorkFlow Listing Page/Ref No Set Text'

2018-12-13 11:32:06 - [TEST_STEP][PASSED] - delay: Delayed 2 second(s)

2018-12-13 11:32:08 - [MESSAGE][PASSED] - Delayed 2 second(s)

2018-12-13 11:32:08 - [TEST_STEP][PASSED] - click: Object: 'Object Repository/Final Object Repo/WorkFlow Listing Page/Search Ref No Search Button' is clicked on

2018-12-13 11:32:09 - [MESSAGE][PASSED] - Object: 'Object Repository/Final Object Repo/WorkFlow Listing Page/Search Ref No Search Button' is clicked on

2018-12-13 11:32:09 - [TEST_STEP][PASSED] - delay: Delayed 6 second(s)

2018-12-13 11:32:15 - [MESSAGE][PASSED] - Delayed 6 second(s)

2018-12-13 11:32:15 - [TEST_STEP][PASSED] - click: Object: 'Object Repository/Final Object Repo/WorkFlow Listing Page/Click Continue Tooltip' is clicked on

2018-12-13 11:32:16 - [MESSAGE][PASSED] - Object: 'Object Repository/Final Object Repo/WorkFlow Listing Page/Click Continue Tooltip' is clicked on

2018-12-13 11:32:16 - [TEST_STEP][PASSED] - delay: Delayed 5 second(s)

2018-12-13 11:32:21 - [MESSAGE][PASSED] - Delayed 5 second(s)

2018-12-13 11:32:21 - [TEST_STEP][PASSED] - doubleClick: Object: 'Object Repository/Final Object Repo/WorkFlow Listing Page/Workflow Found - Listing 1' is double clicked on

2018-12-13 11:32:21 - [MESSAGE][PASSED] - Object: 'Object Repository/Final Object Repo/WorkFlow Listing Page/Workflow Found - Listing 1' is double clicked on

2018-12-13 11:32:21 - [TEST_STEP][PASSED] - Statement - println(OwnerID): null

2018-12-13 11:32:21 - [TEST_STEP][PASSED] - Statement - OwnerID = com.kms.katalon.core.webui.keyword.WebUiBuiltInKeywords.getText(com.kms.katalon.core.testobject.ObjectRepository.findTestObject(Final Object Repo/WorkFlow Listing Page/Workflow Found - Listing 1), STOP_ON_FAILURE): Text of object 'Object Repository/Final Object Repo/WorkFlow Listing Page/Workflow Found - Listing 1' is: 'JOHORuo2'

2018-12-13 11:32:21 - [MESSAGE][PASSED] - Text of object 'Object Repository/Final Object Repo/WorkFlow Listing Page/Workflow Found - Listing 1' is: 'JOHORuo2'

2018-12-13 11:32:21 - [TEST_STEP][PASSED] - Statement - OwnerID = OwnerID.toLowerCase() + "@gmail.com": null

2018-12-13 11:32:21 - [TEST_STEP][PASSED] - Statement - println(OwnerID): null

2018-12-13 11:32:21 - [TEST_STEP][PASSED] - delay: Delayed 2 second(s)

2018-12-13 11:32:23 - [MESSAGE][PASSED] - Delayed 2 second(s)

2018-12-13 11:32:23 - [MESSAGE][PASSED] - Call Test Case 'Test Cases/Final Aug 2018 - PKS Automation/Common/Workflow Owner Finder' successfully

2018-12-13 11:32:23 - [TEST_STEP][PASSED] - delay: Delayed 1 second(s)

2018-12-13 11:32:24 - [MESSAGE][PASSED] - Delayed 1 second(s)

2018-12-13 11:32:24 - [TEST_STEP][PASSED] - navigateToUrl: Navigate to 'https://assist2-uat.perkeso.gov.my/c/portal/logout' successfully

2018-12-13 11:32:25 - [MESSAGE][PASSED] - Navigate to 'https://assist2-uat.perkeso.gov.my/c/portal/logout' successfully

2018-12-13 11:32:25 - [TEST_STEP][PASSED] - delay: Delayed 1 second(s)

2018-12-13 11:32:26 - [MESSAGE][PASSED] - Delayed 1 second(s)

2018-12-13 11:32:26 - [TEST_STEP][PASSED] - callTestCase: Call Test Case 'Test Cases/Final Aug 2018 - PKS Automation/Registration Module/Workflow/Login and Search Case For Workflow' successfully

2018-12-13 11:32:26 - [TEST_CASE][PASSED] - Test Cases/Final Aug 2018 - PKS Automation/Registration Module/Workflow/Login and Search Case For Workflow: Test Cases/Final Aug 2018 - PKS Automation/Registration Module/Workflow/Login and Search Case For Workflow

2018-12-13 11:32:26 - [TEST_STEP][PASSED] - navigateToUrl: Navigate to 'https://assist2-uat.perkeso.gov.my/login' successfully

2018-12-13 11:32:26 - [MESSAGE][PASSED] - Navigate to 'https://assist2-uat.perkeso.gov.my/login' successfully

2018-12-13 11:32:26 - [TEST_STEP][PASSED] - setText: Text 'johoruo2@gmail.com' is set on object 'Object Repository/Final Object Repo/Login Page/Internal User/Email Address'

2018-12-13 11:32:26 - [MESSAGE][PASSED] - Text 'johoruo2@gmail.com' is set on object 'Object Repository/Final Object Repo/Login Page/Internal User/Email Address'

2018-12-13 11:32:26 - [TEST_STEP][PASSED] - click: Object: 'Object Repository/Final Object Repo/Login Page/Internal User/Next Button' is clicked on

2018-12-13 11:32:27 - [MESSAGE][PASSED] - Object: 'Object Repository/Final Object Repo/Login Page/Internal User/Next Button' is clicked on

2018-12-13 11:32:27 - [TEST_STEP][PASSED] - delay: Delayed 1 second(s)

2018-12-13 11:32:28 - [MESSAGE][PASSED] - Delayed 1 second(s)

2018-12-13 11:32:28 - [TEST_STEP][PASSED] - setEncryptedText: Text ****** has been set on object 'Object Repository/Final Object Repo/Login Page/Internal User/Password'

2018-12-13 11:32:28 - [MESSAGE][PASSED] - Text ****** has been set on object 'Object Repository/Final Object Repo/Login Page/Internal User/Password'

2018-12-13 11:32:28 - [TEST_STEP][PASSED] - click: Object: 'Object Repository/Final Object Repo/Login Page/Internal User/Login Button' is clicked on

2018-12-13 11:32:28 - [MESSAGE][PASSED] - Object: 'Object Repository/Final Object Repo/Login Page/Internal User/Login Button' is clicked on

2018-12-13 11:32:28 - [TEST_STEP][PASSED] - delay: Delayed 2 second(s)

2018-12-13 11:32:30 - [MESSAGE][PASSED] - Delayed 2 second(s)

2018-12-13 11:32:30 - [TEST_STEP][PASSED] - Statement - Try: Delayed 2 second(s)

2018-12-13 11:32:30 - [TEST_STEP][PASSED] - Statement - Checker = false: null

2018-12-13 11:32:30 - [TEST_STEP][PASSED] - Statement - Checker = com.kms.katalon.core.webui.keyword.WebUiBuiltInKeywords.verifyElementHasAttribute(com.kms.katalon.core.testobject.ObjectRepository.findTestObject(Final Object Repo/Landing Page/BM Detecting), "href", 20, OPTIONAL): Object 'Object Repository/Final Object Repo/Landing Page/BM Detecting' has attribute 'href'

2018-12-13 11:32:30 - [MESSAGE][PASSED] - Object 'Object Repository/Final Object Repo/Landing Page/BM Detecting' has attribute 'href'

2018-12-13 11:32:30 - [TEST_STEP][PASSED] - Statement - out.println(Checker): null

2018-12-13 11:32:30 - [TEST_STEP][PASSED] - Statement - If (Checker == false): null

2018-12-13 11:32:30 - [TEST_STEP][PASSED] - Statement - Else: null

2018-12-13 11:32:30 - [TEST_STEP][PASSED] - delay: Delayed 2 second(s)

2018-12-13 11:32:32 - [MESSAGE][PASSED] - Delayed 2 second(s)

2018-12-13 11:32:32 - [TEST_STEP][PASSED] - click: Object: 'Object Repository/Final Object Repo/Page_MyASSIST - ASSIST - Search Pending Case For Add Supporting Document/Search Information' is clicked on

2018-12-13 11:32:32 - [MESSAGE][PASSED] - Object: 'Object Repository/Final Object Repo/Page_MyASSIST - ASSIST - Search Pending Case For Add Supporting Document/Search Information' is clicked on

2018-12-13 11:32:32 - [TEST_STEP][PASSED] - delay: Delayed 3 second(s)

2018-12-13 11:32:35 - [MESSAGE][PASSED] - Delayed 3 second(s)

2018-12-13 11:32:35 - [TEST_STEP][PASSED] - sendKeys: Keys 'CUN122018C200001732' sent to object: 'Object Repository/Final Object Repo/Page_MyASSIST - ASSIST - Search Pending Case For Add Supporting Document/Reference No'

2018-12-13 11:32:35 - [MESSAGE][PASSED] - Keys 'CUN122018C200001732' sent to object: 'Object Repository/Final Object Repo/Page_MyASSIST - ASSIST - Search Pending Case For Add Supporting Document/Reference No'

2018-12-13 11:32:36 - [TEST_STEP][PASSED] - click: Object: 'Object Repository/Final Object Repo/Page_MyASSIST - ASSIST - Search Pending Case For Add Supporting Document/Search Reference No' is clicked on

2018-12-13 11:32:36 - [MESSAGE][PASSED] - Object: 'Object Repository/Final Object Repo/Page_MyASSIST - ASSIST - Search Pending Case For Add Supporting Document/Search Reference No' is clicked on

2018-12-13 11:32:36 - [TEST_STEP][PASSED] - delay: Delayed 2 second(s)

2018-12-13 11:32:38 - [MESSAGE][PASSED] - Delayed 2 second(s)

2018-12-13 11:32:38 - [TEST_STEP][PASSED] - click: Object: 'Object Repository/Final Object Repo/Page_MyASSIST - ASSIST - Search Pending Case For Add Supporting Document/Continue' is clicked on

2018-12-13 11:32:41 - [MESSAGE][PASSED] - Object: 'Object Repository/Final Object Repo/Page_MyASSIST - ASSIST - Search Pending Case For Add Supporting Document/Continue' is clicked on

2018-12-13 11:32:41 - [TEST_STEP][PASSED] - delay: Delayed 20 second(s)

2018-12-13 11:33:01 - [MESSAGE][PASSED] - Delayed 20 second(s)

2018-12-13 11:33:01 - [MESSAGE][PASSED] - Call Test Case 'Test Cases/Final Aug 2018 - PKS Automation/Registration Module/Workflow/Login and Search Case For Workflow' successfully

2018-12-13 11:33:01 - [TEST_STEP][PASSED] - click: Object: 'Object Repository/Final Object Repo/Page_Form 1A - Cessation As Employer/Page_Form 1A - Cessation As Employer (Approve)/Save  Continue in Form 1A Page' is clicked on

2018-12-13 11:33:01 - [MESSAGE][PASSED] - Object: 'Object Repository/Final Object Repo/Page_Form 1A - Cessation As Employer/Page_Form 1A - Cessation As Employer (Approve)/Save  Continue in Form 1A Page' is clicked on

2018-12-13 11:33:01 - [TEST_STEP][PASSED] - delay: Delayed 2 second(s)

2018-12-13 11:33:03 - [MESSAGE][PASSED] - Delayed 2 second(s)

2018-12-13 11:33:03 - [TEST_STEP][PASSED] - click: Object: 'Object Repository/Final Object Repo/Page_Form 1A - Cessation As Employer/Employment Resign Date' is clicked on

2018-12-13 11:33:04 - [MESSAGE][PASSED] - Object: 'Object Repository/Final Object Repo/Page_Form 1A - Cessation As Employer/Employment Resign Date' is clicked on

2018-12-13 11:33:04 - [TEST_STEP][PASSED] - delay: Delayed 1 second(s)

2018-12-13 11:33:05 - [MESSAGE][PASSED] - Delayed 1 second(s)

2018-12-13 11:33:05 - [TEST_STEP][PASSED] - selectOptionByValue: All options with value '2030' are selected in object 'Object Repository/Final Object Repo/Page_Form 1A - Cessation As Employer/Employment Resign Date - Year' 

2018-12-13 11:33:05 - [MESSAGE][PASSED] - All options with value '2030' are selected in object 'Object Repository/Final Object Repo/Page_Form 1A - Cessation As Employer/Employment Resign Date - Year' 

2018-12-13 11:33:05 - [TEST_STEP][PASSED] - delay: Delayed 1 second(s)

2018-12-13 11:33:06 - [MESSAGE][PASSED] - Delayed 1 second(s)

2018-12-13 11:33:06 - [TEST_STEP][PASSED] - click: Object: 'Object Repository/Final Object Repo/Page_Form 1A - Cessation As Employer/Employment Resign Date - Year - Date' is clicked on

2018-12-13 11:33:07 - [MESSAGE][PASSED] - Object: 'Object Repository/Final Object Repo/Page_Form 1A - Cessation As Employer/Employment Resign Date - Year - Date' is clicked on

2018-12-13 11:33:07 - [TEST_STEP][PASSED] - delay: Delayed 2 second(s)

2018-12-13 11:33:09 - [MESSAGE][PASSED] - Delayed 2 second(s)

2018-12-13 11:33:09 - [TEST_STEP][PASSED] - click: Object: 'Object Repository/Final Object Repo/Page_Form 1A - Cessation As Employer/Page_Form 1A - Cessation As Employer (Approve)/Save  Continue in Update Add Employee Resigned Date Page' is clicked on

2018-12-13 11:33:09 - [MESSAGE][PASSED] - Object: 'Object Repository/Final Object Repo/Page_Form 1A - Cessation As Employer/Page_Form 1A - Cessation As Employer (Approve)/Save  Continue in Update Add Employee Resigned Date Page' is clicked on

2018-12-13 11:33:09 - [TEST_STEP][PASSED] - delay: Delayed 2 second(s)

2018-12-13 11:33:11 - [MESSAGE][PASSED] - Delayed 2 second(s)

2018-12-13 11:33:11 - [TEST_STEP][PASSED] - click: Object: 'Object Repository/Final Object Repo/Page_Form 1A - Cessation As Employer/Set Latest - Yes' is clicked on

2018-12-13 11:33:11 - [MESSAGE][PASSED] - Object: 'Object Repository/Final Object Repo/Page_Form 1A - Cessation As Employer/Set Latest - Yes' is clicked on

2018-12-13 11:33:11 - [TEST_STEP][PASSED] - delay: Delayed 2 second(s)

2018-12-13 11:33:13 - [MESSAGE][PASSED] - Delayed 2 second(s)

2018-12-13 11:33:13 - [TEST_STEP][PASSED] - setText: Text 'remark' is set on object 'Object Repository/Final Object Repo/Page_Form 1A - Cessation As Employer/Page_Form 1A - Cessation As Employer (Query)/Query - remark'

2018-12-13 11:33:14 - [MESSAGE][PASSED] - Text 'remark' is set on object 'Object Repository/Final Object Repo/Page_Form 1A - Cessation As Employer/Page_Form 1A - Cessation As Employer (Query)/Query - remark'

2018-12-13 11:33:14 - [TEST_STEP][PASSED] - delay: Delayed 2 second(s)

2018-12-13 11:33:16 - [MESSAGE][PASSED] - Delayed 2 second(s)

2018-12-13 11:33:16 - [TEST_STEP][PASSED] - click: Object: 'Object Repository/Final Object Repo/Page_Form 1A - Cessation As Employer/Page_Form 1A - Cessation As Employer (Approve)/Save  Contine in Uploading Document Page' is clicked on

2018-12-13 11:33:17 - [MESSAGE][PASSED] - Object: 'Object Repository/Final Object Repo/Page_Form 1A - Cessation As Employer/Page_Form 1A - Cessation As Employer (Approve)/Save  Contine in Uploading Document Page' is clicked on

2018-12-13 11:33:17 - [TEST_STEP][PASSED] - delay: Delayed 2 second(s)

2018-12-13 11:33:19 - [MESSAGE][PASSED] - Delayed 2 second(s)

2018-12-13 11:33:19 - [TEST_STEP][PASSED] - click: Object: 'Object Repository/Final Object Repo/Page_Form 1A - Cessation As Employer/Page_Form 1A - Cessation As Employer (Query)/Query' is clicked on

2018-12-13 11:33:21 - [MESSAGE][PASSED] - Object: 'Object Repository/Final Object Repo/Page_Form 1A - Cessation As Employer/Page_Form 1A - Cessation As Employer (Query)/Query' is clicked on

2018-12-13 11:33:21 - [TEST_STEP][PASSED] - delay: Delayed 2 second(s)

2018-12-13 11:33:23 - [MESSAGE][PASSED] - Delayed 2 second(s)

2018-12-13 11:33:23 - [TEST_STEP][PASSED] - click: Object: 'Object Repository/Final Object Repo/Page_Form 1A - Cessation As Employer/Page_Form 1A - Cessation As Employer (Query)/Confirm' is clicked on

2018-12-13 11:33:30 - [MESSAGE][PASSED] - Object: 'Object Repository/Final Object Repo/Page_Form 1A - Cessation As Employer/Page_Form 1A - Cessation As Employer (Query)/Confirm' is clicked on

2018-12-13 11:33:30 - [TEST_STEP][PASSED] - delay: Delayed 2 second(s)

2018-12-13 11:33:32 - [MESSAGE][PASSED] - Delayed 2 second(s)

2018-12-13 11:33:32 - [TEST_STEP][PASSED] - verifyElementVisible: Object 'Object Repository/Final Object Repo/Page_Form 1A - Cessation As Employer/Page_Form 1A - Cessation As Employer (Query)/MessageThe Case Is Under Query' is visible

2018-12-13 11:33:32 - [MESSAGE][PASSED] - Object 'Object Repository/Final Object Repo/Page_Form 1A - Cessation As Employer/Page_Form 1A - Cessation As Employer (Query)/MessageThe Case Is Under Query' is visible

2018-12-13 11:33:32 - [TEST_STEP][PASSED] - delay: Delayed 1 second(s)

2018-12-13 11:33:33 - [MESSAGE][PASSED] - Delayed 1 second(s)

2018-12-13 11:33:33 - [TEST_STEP][PASSED] - verifyElementVisible: Object 'Object Repository/Final Object Repo/Page_Form 1A - Cessation As Employer/Page_Form 1A - Cessation As Employer (Query)/Letter of inquiry' is visible

2018-12-13 11:33:33 - [MESSAGE][PASSED] - Object 'Object Repository/Final Object Repo/Page_Form 1A - Cessation As Employer/Page_Form 1A - Cessation As Employer (Query)/Letter of inquiry' is visible

2018-12-13 11:33:33 - [TEST_STEP][PASSED] - delay: Delayed 1 second(s)

2018-12-13 11:33:34 - [MESSAGE][PASSED] - Delayed 1 second(s)

2018-12-13 11:33:34 - [TEST_STEP][PASSED] - navigateToUrl: Navigate to 'https://assist2-uat.perkeso.gov.my/c/portal/logout' successfully

2018-12-13 11:33:35 - [MESSAGE][PASSED] - Navigate to 'https://assist2-uat.perkeso.gov.my/c/portal/logout' successfully

2018-12-13 11:33:35 - [TEST_STEP][PASSED] - delay: Delayed 1 second(s)

2018-12-13 11:33:36 - [MESSAGE][PASSED] - Delayed 1 second(s)

2018-12-13 11:33:36 - [TEST_STEP][PASSED] - callTestCase: Call Test Case 'Test Cases/Final Aug 2018 - PKS Automation/Registration Module/Workflow/Search Pending Case For Add Supporting Document (OTC)' successfully

2018-12-13 11:33:36 - [TEST_CASE][PASSED] - Test Cases/Final Aug 2018 - PKS Automation/Registration Module/Workflow/Search Pending Case For Add Supporting Document (OTC): Test Cases/Final Aug 2018 - PKS Automation/Registration Module/Workflow/Search Pending Case For Add Supporting Document (OTC)

2018-12-13 11:33:36 - [TEST_STEP][PASSED] - openBrowser: Browser is opened with url: ''

2018-12-13 11:33:36 - [MESSAGE][WARNING] - A browser is already opened. Closing browser and opening a new one

2018-12-13 11:33:39 - [MESSAGE][PASSED] - Browser is opened with url: ''

2018-12-13 11:33:39 - [TEST_STEP][PASSED] - navigateToUrl: Navigate to 'https://assist2-uat.perkeso.gov.my/login' successfully

2018-12-13 11:33:40 - [MESSAGE][PASSED] - Navigate to 'https://assist2-uat.perkeso.gov.my/login' successfully

2018-12-13 11:33:40 - [TEST_STEP][PASSED] - setText: Text 'johorotc1@gmail.com' is set on object 'Object Repository/Final Object Repo/Login Page/Internal User/Email Address'

2018-12-13 11:33:40 - [MESSAGE][PASSED] - Text 'johorotc1@gmail.com' is set on object 'Object Repository/Final Object Repo/Login Page/Internal User/Email Address'

2018-12-13 11:33:40 - [TEST_STEP][PASSED] - click: Object: 'Object Repository/Final Object Repo/Login Page/Internal User/Next Button' is clicked on

2018-12-13 11:33:40 - [MESSAGE][PASSED] - Object: 'Object Repository/Final Object Repo/Login Page/Internal User/Next Button' is clicked on

2018-12-13 11:33:40 - [TEST_STEP][PASSED] - delay: Delayed 1 second(s)

2018-12-13 11:33:41 - [MESSAGE][PASSED] - Delayed 1 second(s)

2018-12-13 11:33:41 - [TEST_STEP][PASSED] - setEncryptedText: Text ****** has been set on object 'Object Repository/Final Object Repo/Login Page/Internal User/Password'

2018-12-13 11:33:42 - [MESSAGE][PASSED] - Text ****** has been set on object 'Object Repository/Final Object Repo/Login Page/Internal User/Password'

2018-12-13 11:33:42 - [TEST_STEP][PASSED] - click: Object: 'Object Repository/Final Object Repo/Login Page/Internal User/Login Button' is clicked on

2018-12-13 11:33:42 - [MESSAGE][PASSED] - Object: 'Object Repository/Final Object Repo/Login Page/Internal User/Login Button' is clicked on

2018-12-13 11:33:42 - [TEST_STEP][PASSED] - delay: Delayed 1 second(s)

2018-12-13 11:33:43 - [MESSAGE][PASSED] - Delayed 1 second(s)

2018-12-13 11:33:43 - [TEST_STEP][PASSED] - Statement - Try: Delayed 2 second(s)

2018-12-13 11:33:43 - [TEST_STEP][PASSED] - Statement - Checker = false: null

2018-12-13 11:33:43 - [TEST_STEP][PASSED] - Statement - Checker = com.kms.katalon.core.webui.keyword.WebUiBuiltInKeywords.verifyElementHasAttribute(com.kms.katalon.core.testobject.ObjectRepository.findTestObject(Final Object Repo/Landing Page/BM Detecting), "href", 20, OPTIONAL): Object 'Object Repository/Final Object Repo/Landing Page/BM Detecting' has attribute 'href'

2018-12-13 11:33:44 - [MESSAGE][PASSED] - Object 'Object Repository/Final Object Repo/Landing Page/BM Detecting' has attribute 'href'

2018-12-13 11:33:44 - [TEST_STEP][PASSED] - Statement - out.println(Checker): null

2018-12-13 11:33:44 - [TEST_STEP][PASSED] - Statement - If (Checker == false): null

2018-12-13 11:33:44 - [TEST_STEP][PASSED] - Statement - Else: null

2018-12-13 11:33:44 - [TEST_STEP][PASSED] - delay: Delayed 2 second(s)

2018-12-13 11:33:46 - [MESSAGE][PASSED] - Delayed 2 second(s)

2018-12-13 11:33:46 - [TEST_STEP][PASSED] - navigateToUrl: Navigate to 'https://assist2-uat.perkeso.gov.my/web/registration/search/search-pending-case-for-add-supporting-document' successfully

2018-12-13 11:33:48 - [MESSAGE][PASSED] - Navigate to 'https://assist2-uat.perkeso.gov.my/web/registration/search/search-pending-case-for-add-supporting-document' successfully

2018-12-13 11:33:48 - [TEST_STEP][PASSED] - click: Object: 'Object Repository/Final Object Repo/Page_Search Pending Case For Add Suporting Document/Search By' is clicked on

2018-12-13 11:33:48 - [MESSAGE][PASSED] - Object: 'Object Repository/Final Object Repo/Page_Search Pending Case For Add Suporting Document/Search By' is clicked on

2018-12-13 11:33:48 - [TEST_STEP][PASSED] - click: Object: 'Object Repository/Final Object Repo/Page_Search Pending Case For Add Suporting Document/Search By - Reference ID' is clicked on

2018-12-13 11:33:48 - [MESSAGE][PASSED] - Object: 'Object Repository/Final Object Repo/Page_Search Pending Case For Add Suporting Document/Search By - Reference ID' is clicked on

2018-12-13 11:33:48 - [TEST_STEP][PASSED] - delay: Delayed 2 second(s)

2018-12-13 11:33:50 - [MESSAGE][PASSED] - Delayed 2 second(s)

2018-12-13 11:33:50 - [TEST_STEP][PASSED] - setText: Text 'CUN122018C200001732' is set on object 'Object Repository/Final Object Repo/Page_Search Pending Case For Add Suporting Document/Reference ID'

2018-12-13 11:33:51 - [MESSAGE][PASSED] - Text 'CUN122018C200001732' is set on object 'Object Repository/Final Object Repo/Page_Search Pending Case For Add Suporting Document/Reference ID'

2018-12-13 11:33:51 - [TEST_STEP][PASSED] - click: Object: 'Object Repository/Final Object Repo/Page_Search Pending Case For Add Suporting Document/Search' is clicked on

2018-12-13 11:33:51 - [MESSAGE][PASSED] - Object: 'Object Repository/Final Object Repo/Page_Search Pending Case For Add Suporting Document/Search' is clicked on

2018-12-13 11:33:51 - [TEST_STEP][PASSED] - delay: Delayed 2 second(s)

2018-12-13 11:33:53 - [MESSAGE][PASSED] - Delayed 2 second(s)

2018-12-13 11:33:53 - [TEST_STEP][PASSED] - click: Object: 'Object Repository/Final Object Repo/Page_Search Pending Case For Add Suporting Document/Edit' is clicked on

2018-12-13 11:33:55 - [MESSAGE][PASSED] - Object: 'Object Repository/Final Object Repo/Page_Search Pending Case For Add Suporting Document/Edit' is clicked on

2018-12-13 11:33:55 - [MESSAGE][PASSED] - Call Test Case 'Test Cases/Final Aug 2018 - PKS Automation/Registration Module/Workflow/Search Pending Case For Add Supporting Document (OTC)' successfully

2018-12-13 11:33:55 - [TEST_STEP][PASSED] - click: Object: 'Object Repository/Final Object Repo/Page_Form 1A - Cessation As Employer/Page_Form 1A - Cessation As Employer (Query -OTC -UO)/Next in Form 1A Page' is clicked on

2018-12-13 11:33:57 - [MESSAGE][PASSED] - Object: 'Object Repository/Final Object Repo/Page_Form 1A - Cessation As Employer/Page_Form 1A - Cessation As Employer (Query -OTC -UO)/Next in Form 1A Page' is clicked on

2018-12-13 11:33:57 - [TEST_STEP][PASSED] - delay: Delayed 2 second(s)

2018-12-13 11:33:59 - [MESSAGE][PASSED] - Delayed 2 second(s)

2018-12-13 11:33:59 - [TEST_STEP][PASSED] - click: Object: 'Object Repository/Final Object Repo/Page_Form 1A - Cessation As Employer/Page_Form 1A - Cessation As Employer (Query -OTC -UO)/Next in Resigned Date Page' is clicked on

2018-12-13 11:34:02 - [MESSAGE][PASSED] - Object: 'Object Repository/Final Object Repo/Page_Form 1A - Cessation As Employer/Page_Form 1A - Cessation As Employer (Query -OTC -UO)/Next in Resigned Date Page' is clicked on

2018-12-13 11:34:02 - [TEST_STEP][PASSED] - delay: Delayed 2 second(s)

2018-12-13 11:34:04 - [MESSAGE][PASSED] - Delayed 2 second(s)

2018-12-13 11:34:04 - [TEST_STEP][PASSED] - click: Object: 'Object Repository/Final Object Repo/Page_Form 1A - Cessation As Employer/Page_Form 1A - Cessation As Employer (Query -OTC -UO)/Add Document' is clicked on

2018-12-13 11:34:04 - [MESSAGE][PASSED] - Object: 'Object Repository/Final Object Repo/Page_Form 1A - Cessation As Employer/Page_Form 1A - Cessation As Employer (Query -OTC -UO)/Add Document' is clicked on

2018-12-13 11:34:04 - [TEST_STEP][PASSED] - delay: Delayed 2 second(s)

2018-12-13 11:34:06 - [MESSAGE][PASSED] - Delayed 2 second(s)

2018-12-13 11:34:06 - [TEST_STEP][PASSED] - click: Object: 'Object Repository/Final Object Repo/Page_Form 1A - Cessation As Employer/Page_Form 1A - Cessation As Employer (Query -OTC -UO)/Document Type' is clicked on

2018-12-13 11:34:08 - [MESSAGE][PASSED] - Object: 'Object Repository/Final Object Repo/Page_Form 1A - Cessation As Employer/Page_Form 1A - Cessation As Employer (Query -OTC -UO)/Document Type' is clicked on

2018-12-13 11:34:08 - [TEST_STEP][PASSED] - click: Object: 'Object Repository/Final Object Repo/Page_Form 1A - Cessation As Employer/Page_Form 1A - Cessation As Employer (Query -OTC -UO)/Document Type - Others' is clicked on

2018-12-13 11:34:09 - [MESSAGE][PASSED] - Object: 'Object Repository/Final Object Repo/Page_Form 1A - Cessation As Employer/Page_Form 1A - Cessation As Employer (Query -OTC -UO)/Document Type - Others' is clicked on

2018-12-13 11:34:09 - [TEST_STEP][PASSED] - delay: Delayed 2 second(s)

2018-12-13 11:34:11 - [MESSAGE][PASSED] - Delayed 2 second(s)

2018-12-13 11:34:11 - [TEST_STEP][PASSED] - sendKeys: Keys 'C:\Users\Public\Pictures\Sample Pictures\Koala.jpg' sent to object: 'Object Repository/Final Object Repo/Page_Form 1A - Cessation As Employer/Uploading File'

2018-12-13 11:34:11 - [MESSAGE][PASSED] - Keys 'C:\Users\Public\Pictures\Sample Pictures\Koala.jpg' sent to object: 'Object Repository/Final Object Repo/Page_Form 1A - Cessation As Employer/Uploading File'

2018-12-13 11:34:11 - [TEST_STEP][PASSED] - delay: Delayed 2 second(s)

2018-12-13 11:34:13 - [MESSAGE][PASSED] - Delayed 2 second(s)

2018-12-13 11:34:13 - [TEST_STEP][PASSED] - click: Object: 'Object Repository/Final Object Repo/Page_Form 1A - Cessation As Employer/Page_Form 1A - Cessation As Employer (Query -OTC -UO)/Add Document in Uploading Page' is clicked on

2018-12-13 11:34:13 - [MESSAGE][PASSED] - Object: 'Object Repository/Final Object Repo/Page_Form 1A - Cessation As Employer/Page_Form 1A - Cessation As Employer (Query -OTC -UO)/Add Document in Uploading Page' is clicked on

2018-12-13 11:34:13 - [TEST_STEP][PASSED] - delay: Delayed 4 second(s)

2018-12-13 11:34:17 - [MESSAGE][PASSED] - Delayed 4 second(s)

2018-12-13 11:34:17 - [TEST_STEP][PASSED] - click: Object: 'Object Repository/Final Object Repo/Page_Form 1A - Cessation As Employer/Page_Form 1A - Cessation As Employer (Query -OTC -UO)/Exit' is clicked on

2018-12-13 11:34:18 - [MESSAGE][PASSED] - Object: 'Object Repository/Final Object Repo/Page_Form 1A - Cessation As Employer/Page_Form 1A - Cessation As Employer (Query -OTC -UO)/Exit' is clicked on

2018-12-13 11:34:18 - [TEST_STEP][PASSED] - delay: Delayed 1 second(s)

2018-12-13 11:34:19 - [MESSAGE][PASSED] - Delayed 1 second(s)

2018-12-13 11:34:19 - [TEST_STEP][PASSED] - navigateToUrl: Navigate to 'https://assist2-uat.perkeso.gov.my/c/portal/logout' successfully

2018-12-13 11:34:20 - [MESSAGE][PASSED] - Navigate to 'https://assist2-uat.perkeso.gov.my/c/portal/logout' successfully

2018-12-13 11:34:20 - [TEST_STEP][PASSED] - delay: Delayed 1 second(s)

2018-12-13 11:34:21 - [MESSAGE][PASSED] - Delayed 1 second(s)

2018-12-13 11:34:21 - [TEST_STEP][PASSED] - callTestCase: Call Test Case 'Test Cases/Final Aug 2018 - PKS Automation/Registration Module/Workflow/Login and Search Case For Workflow' successfully

2018-12-13 11:34:21 - [TEST_CASE][PASSED] - Test Cases/Final Aug 2018 - PKS Automation/Registration Module/Workflow/Login and Search Case For Workflow: Test Cases/Final Aug 2018 - PKS Automation/Registration Module/Workflow/Login and Search Case For Workflow

2018-12-13 11:34:21 - [TEST_STEP][PASSED] - navigateToUrl: Navigate to 'https://assist2-uat.perkeso.gov.my/login' successfully

2018-12-13 11:34:21 - [MESSAGE][PASSED] - Navigate to 'https://assist2-uat.perkeso.gov.my/login' successfully

2018-12-13 11:34:21 - [TEST_STEP][PASSED] - setText: Text 'johoruo2@gmail.com' is set on object 'Object Repository/Final Object Repo/Login Page/Internal User/Email Address'

2018-12-13 11:34:21 - [MESSAGE][PASSED] - Text 'johoruo2@gmail.com' is set on object 'Object Repository/Final Object Repo/Login Page/Internal User/Email Address'

2018-12-13 11:34:21 - [TEST_STEP][PASSED] - click: Object: 'Object Repository/Final Object Repo/Login Page/Internal User/Next Button' is clicked on

2018-12-13 11:34:22 - [MESSAGE][PASSED] - Object: 'Object Repository/Final Object Repo/Login Page/Internal User/Next Button' is clicked on

2018-12-13 11:34:22 - [TEST_STEP][PASSED] - delay: Delayed 1 second(s)

2018-12-13 11:34:23 - [MESSAGE][PASSED] - Delayed 1 second(s)

2018-12-13 11:34:23 - [TEST_STEP][PASSED] - setEncryptedText: Text ****** has been set on object 'Object Repository/Final Object Repo/Login Page/Internal User/Password'

2018-12-13 11:34:23 - [MESSAGE][PASSED] - Text ****** has been set on object 'Object Repository/Final Object Repo/Login Page/Internal User/Password'

2018-12-13 11:34:23 - [TEST_STEP][PASSED] - click: Object: 'Object Repository/Final Object Repo/Login Page/Internal User/Login Button' is clicked on

2018-12-13 11:34:23 - [MESSAGE][PASSED] - Object: 'Object Repository/Final Object Repo/Login Page/Internal User/Login Button' is clicked on

2018-12-13 11:34:23 - [TEST_STEP][PASSED] - delay: Delayed 2 second(s)

2018-12-13 11:34:25 - [MESSAGE][PASSED] - Delayed 2 second(s)

2018-12-13 11:34:25 - [TEST_STEP][PASSED] - Statement - Try: Delayed 2 second(s)

2018-12-13 11:34:25 - [TEST_STEP][PASSED] - Statement - Checker = false: null

2018-12-13 11:34:25 - [TEST_STEP][PASSED] - Statement - Checker = com.kms.katalon.core.webui.keyword.WebUiBuiltInKeywords.verifyElementHasAttribute(com.kms.katalon.core.testobject.ObjectRepository.findTestObject(Final Object Repo/Landing Page/BM Detecting), "href", 20, OPTIONAL): Object 'Object Repository/Final Object Repo/Landing Page/BM Detecting' has attribute 'href'

2018-12-13 11:34:25 - [MESSAGE][PASSED] - Object 'Object Repository/Final Object Repo/Landing Page/BM Detecting' has attribute 'href'

2018-12-13 11:34:25 - [TEST_STEP][PASSED] - Statement - out.println(Checker): null

2018-12-13 11:34:25 - [TEST_STEP][PASSED] - Statement - If (Checker == false): null

2018-12-13 11:34:25 - [TEST_STEP][PASSED] - Statement - Else: null

2018-12-13 11:34:25 - [TEST_STEP][PASSED] - delay: Delayed 2 second(s)

2018-12-13 11:34:27 - [MESSAGE][PASSED] - Delayed 2 second(s)

2018-12-13 11:34:27 - [TEST_STEP][PASSED] - click: Object: 'Object Repository/Final Object Repo/Page_MyASSIST - ASSIST - Search Pending Case For Add Supporting Document/Search Information' is clicked on

2018-12-13 11:34:27 - [MESSAGE][PASSED] - Object: 'Object Repository/Final Object Repo/Page_MyASSIST - ASSIST - Search Pending Case For Add Supporting Document/Search Information' is clicked on

2018-12-13 11:34:27 - [TEST_STEP][PASSED] - delay: Delayed 3 second(s)

2018-12-13 11:34:30 - [MESSAGE][PASSED] - Delayed 3 second(s)

2018-12-13 11:34:30 - [TEST_STEP][PASSED] - sendKeys: Keys 'CUN122018C200001732' sent to object: 'Object Repository/Final Object Repo/Page_MyASSIST - ASSIST - Search Pending Case For Add Supporting Document/Reference No'

2018-12-13 11:34:31 - [MESSAGE][PASSED] - Keys 'CUN122018C200001732' sent to object: 'Object Repository/Final Object Repo/Page_MyASSIST - ASSIST - Search Pending Case For Add Supporting Document/Reference No'

2018-12-13 11:34:31 - [TEST_STEP][PASSED] - click: Object: 'Object Repository/Final Object Repo/Page_MyASSIST - ASSIST - Search Pending Case For Add Supporting Document/Search Reference No' is clicked on

2018-12-13 11:34:31 - [MESSAGE][PASSED] - Object: 'Object Repository/Final Object Repo/Page_MyASSIST - ASSIST - Search Pending Case For Add Supporting Document/Search Reference No' is clicked on

2018-12-13 11:34:31 - [TEST_STEP][PASSED] - delay: Delayed 2 second(s)

2018-12-13 11:34:33 - [MESSAGE][PASSED] - Delayed 2 second(s)

2018-12-13 11:34:33 - [TEST_STEP][PASSED] - click: Object: 'Object Repository/Final Object Repo/Page_MyASSIST - ASSIST - Search Pending Case For Add Supporting Document/Continue' is clicked on

2018-12-13 11:34:38 - [MESSAGE][PASSED] - Object: 'Object Repository/Final Object Repo/Page_MyASSIST - ASSIST - Search Pending Case For Add Supporting Document/Continue' is clicked on

2018-12-13 11:34:38 - [TEST_STEP][PASSED] - delay: Delayed 20 second(s)

2018-12-13 11:34:58 - [MESSAGE][PASSED] - Delayed 20 second(s)

2018-12-13 11:34:58 - [MESSAGE][PASSED] - Call Test Case 'Test Cases/Final Aug 2018 - PKS Automation/Registration Module/Workflow/Login and Search Case For Workflow' successfully

2018-12-13 11:34:58 - [TEST_STEP][PASSED] - click: Object: 'Object Repository/Final Object Repo/Page_Form 1A - Cessation As Employer/Page_Form 1A - Cessation As Employer (Approve)/Save  Continue in Form 1A Page' is clicked on

2018-12-13 11:34:59 - [MESSAGE][PASSED] - Object: 'Object Repository/Final Object Repo/Page_Form 1A - Cessation As Employer/Page_Form 1A - Cessation As Employer (Approve)/Save  Continue in Form 1A Page' is clicked on

2018-12-13 11:34:59 - [TEST_STEP][PASSED] - delay: Delayed 3 second(s)

2018-12-13 11:35:02 - [MESSAGE][PASSED] - Delayed 3 second(s)

2018-12-13 11:35:02 - [TEST_STEP][PASSED] - click: Object: 'Object Repository/Final Object Repo/Page_Form 1A - Cessation As Employer/Page_Form 1A - Cessation As Employer (Approve)/Save  Continue in Update Add Employee Resigned Date Page' is clicked on

2018-12-13 11:35:02 - [MESSAGE][PASSED] - Object: 'Object Repository/Final Object Repo/Page_Form 1A - Cessation As Employer/Page_Form 1A - Cessation As Employer (Approve)/Save  Continue in Update Add Employee Resigned Date Page' is clicked on

2018-12-13 11:35:02 - [TEST_STEP][PASSED] - delay: Delayed 3 second(s)

2018-12-13 11:35:05 - [MESSAGE][PASSED] - Delayed 3 second(s)

2018-12-13 11:35:05 - [TEST_STEP][PASSED] - click: Object: 'Object Repository/Final Object Repo/Page_Form 1A - Cessation As Employer/Page_Form 1A - Cessation As Employer (Approve)/Save  Contine in Uploading Document Page' is clicked on

2018-12-13 11:35:05 - [MESSAGE][PASSED] - Object: 'Object Repository/Final Object Repo/Page_Form 1A - Cessation As Employer/Page_Form 1A - Cessation As Employer (Approve)/Save  Contine in Uploading Document Page' is clicked on

2018-12-13 11:35:05 - [TEST_STEP][PASSED] - delay: Delayed 3 second(s)

2018-12-13 11:35:08 - [MESSAGE][PASSED] - Delayed 3 second(s)

2018-12-13 11:35:08 - [TEST_STEP][PASSED] - click: Object: 'Object Repository/Final Object Repo/Page_Form 1A - Cessation As Employer/Page_Form 1A - Cessation As Employer (Approve)/Approve' is clicked on

2018-12-13 11:35:10 - [MESSAGE][PASSED] - Object: 'Object Repository/Final Object Repo/Page_Form 1A - Cessation As Employer/Page_Form 1A - Cessation As Employer (Approve)/Approve' is clicked on

2018-12-13 11:35:10 - [TEST_STEP][PASSED] - delay: Delayed 2 second(s)

2018-12-13 11:35:12 - [MESSAGE][PASSED] - Delayed 2 second(s)

2018-12-13 11:35:12 - [TEST_STEP][PASSED] - click: Object: 'Object Repository/Final Object Repo/Page_Form 1A - Cessation As Employer/Confirm' is clicked on

2018-12-13 11:35:12 - [MESSAGE][PASSED] - Object: 'Object Repository/Final Object Repo/Page_Form 1A - Cessation As Employer/Confirm' is clicked on

2018-12-13 11:35:12 - [TEST_STEP][PASSED] - delay: Delayed 2 second(s)

2018-12-13 11:35:14 - [MESSAGE][PASSED] - Delayed 2 second(s)

2018-12-13 11:35:14 - [TEST_STEP][PASSED] - click: Object: 'Object Repository/Final Object Repo/Page_Form 1A - Cessation As Employer/Page_Form 1A - Cessation As Employer (Approve)/Message Your Request    Form 1A ' is clicked on

2018-12-13 11:35:23 - [MESSAGE][PASSED] - Object: 'Object Repository/Final Object Repo/Page_Form 1A - Cessation As Employer/Page_Form 1A - Cessation As Employer (Approve)/Message Your Request    Form 1A ' is clicked on

2018-12-13 11:35:23 - [TEST_STEP][PASSED] - delay: Delayed 2 second(s)

2018-12-13 11:35:25 - [MESSAGE][PASSED] - Delayed 2 second(s)

2018-12-13 11:35:25 - [TEST_STEP][PASSED] - click: Object: 'Object Repository/Final Object Repo/Page_Form 1A - Cessation As Employer/Page_Form 1A - Cessation As Employer (Approve)/Letter of successful update' is clicked on

2018-12-13 11:35:25 - [MESSAGE][PASSED] - Object: 'Object Repository/Final Object Repo/Page_Form 1A - Cessation As Employer/Page_Form 1A - Cessation As Employer (Approve)/Letter of successful update' is clicked on

2018-12-13 11:35:25 - [MESSAGE][PASSED] - Call Test Case 'Test Cases/Final Aug 2018 - PKS Automation/Registration Module/Workflow/Form 1A - Cessation As Employer/Template/Form 1 A - Cessation As Employer (Query)' successfully]]></system-out>
         <system-err><![CDATA[]]></system-err>
      </testcase>
      <testcase name="Test Cases/Final Aug 2018 - PKS Automation/Registration Module/Workflow/Form 1A - Cessation As Employer/PKRBO to UO (Reject)" classname="Test Cases/Final Aug 2018 - PKS Automation/Registration Module/Workflow/Form 1A - Cessation As Employer/PKRBO to UO (Reject)" status="PASSED">
         <system-out><![CDATA[2018-12-13 11:35:25 - [TEST_CASE][PASSED] - Test Cases/Final Aug 2018 - PKS Automation/Registration Module/Workflow/Form 1A - Cessation As Employer/PKRBO to UO (Reject): Test Cases/Final Aug 2018 - PKS Automation/Registration Module/Workflow/Form 1A - Cessation As Employer/PKRBO to UO (Reject)

2018-12-13 11:35:25 - [TEST_STEP][PASSED] - callTestCase: Call Test Case 'Test Cases/Final Aug 2018 - PKS Automation/Registration Module/Workflow/Form 1A - Cessation As Employer/Template/Form 1 A - Cessation As Employer (PKRBO)' successfully

2018-12-13 11:35:25 - [TEST_CASE][PASSED] - Test Cases/Final Aug 2018 - PKS Automation/Registration Module/Workflow/Form 1A - Cessation As Employer/Template/Form 1 A - Cessation As Employer (PKRBO): Test Cases/Final Aug 2018 - PKS Automation/Registration Module/Workflow/Form 1A - Cessation As Employer/Template/Form 1 A - Cessation As Employer (PKRBO)

2018-12-13 11:35:26 - [TEST_STEP][PASSED] - openBrowser: Browser is opened with url: ''

2018-12-13 11:35:26 - [MESSAGE][WARNING] - A browser is already opened. Closing browser and opening a new one

2018-12-13 11:35:28 - [MESSAGE][PASSED] - Browser is opened with url: ''

2018-12-13 11:35:28 - [TEST_STEP][PASSED] - navigateToUrl: Navigate to 'https://assist2-uat.perkeso.gov.my/login' successfully

2018-12-13 11:35:29 - [MESSAGE][PASSED] - Navigate to 'https://assist2-uat.perkeso.gov.my/login' successfully

2018-12-13 11:35:29 - [TEST_STEP][PASSED] - setText: Text 'johorpkrbo1@gmail.com' is set on object 'Object Repository/Final Object Repo/Login Page/Internal User/Email Address'

2018-12-13 11:35:30 - [MESSAGE][PASSED] - Text 'johorpkrbo1@gmail.com' is set on object 'Object Repository/Final Object Repo/Login Page/Internal User/Email Address'

2018-12-13 11:35:30 - [TEST_STEP][PASSED] - click: Object: 'Object Repository/Final Object Repo/Login Page/Internal User/Next Button' is clicked on

2018-12-13 11:35:30 - [MESSAGE][PASSED] - Object: 'Object Repository/Final Object Repo/Login Page/Internal User/Next Button' is clicked on

2018-12-13 11:35:30 - [TEST_STEP][PASSED] - delay: Delayed 1 second(s)

2018-12-13 11:35:31 - [MESSAGE][PASSED] - Delayed 1 second(s)

2018-12-13 11:35:31 - [TEST_STEP][PASSED] - setEncryptedText: Text ****** has been set on object 'Object Repository/Final Object Repo/Login Page/Internal User/Password'

2018-12-13 11:35:31 - [MESSAGE][PASSED] - Text ****** has been set on object 'Object Repository/Final Object Repo/Login Page/Internal User/Password'

2018-12-13 11:35:31 - [TEST_STEP][PASSED] - click: Object: 'Object Repository/Final Object Repo/Login Page/Internal User/Login Button' is clicked on

2018-12-13 11:35:31 - [MESSAGE][PASSED] - Object: 'Object Repository/Final Object Repo/Login Page/Internal User/Login Button' is clicked on

2018-12-13 11:35:31 - [TEST_STEP][PASSED] - delay: Delayed 1 second(s)

2018-12-13 11:35:32 - [MESSAGE][PASSED] - Delayed 1 second(s)

2018-12-13 11:35:32 - [TEST_STEP][PASSED] - Statement - Try: Delayed 2 second(s)

2018-12-13 11:35:32 - [TEST_STEP][PASSED] - Statement - Checker = false: null

2018-12-13 11:35:32 - [TEST_STEP][PASSED] - Statement - Checker = com.kms.katalon.core.webui.keyword.WebUiBuiltInKeywords.verifyElementHasAttribute(com.kms.katalon.core.testobject.ObjectRepository.findTestObject(Final Object Repo/Landing Page/BM Detecting), "href", 20, OPTIONAL): Object 'Object Repository/Final Object Repo/Landing Page/BM Detecting' has attribute 'href'

2018-12-13 11:35:33 - [MESSAGE][PASSED] - Object 'Object Repository/Final Object Repo/Landing Page/BM Detecting' has attribute 'href'

2018-12-13 11:35:33 - [TEST_STEP][PASSED] - Statement - out.println(Checker): null

2018-12-13 11:35:33 - [TEST_STEP][PASSED] - Statement - If (Checker == false): null

2018-12-13 11:35:33 - [TEST_STEP][PASSED] - Statement - Else: null

2018-12-13 11:35:33 - [TEST_STEP][PASSED] - delay: Delayed 2 second(s)

2018-12-13 11:35:35 - [MESSAGE][PASSED] - Delayed 2 second(s)

2018-12-13 11:35:35 - [TEST_STEP][PASSED] - navigateToUrl: Navigate to 'https://assist2-uat.perkeso.gov.my/web/registration/update/form-1a-cessation-as-employer-discontinue-business-' successfully

2018-12-13 11:35:36 - [MESSAGE][PASSED] - Navigate to 'https://assist2-uat.perkeso.gov.my/web/registration/update/form-1a-cessation-as-employer-discontinue-business-' successfully

2018-12-13 11:35:36 - [TEST_STEP][PASSED] - setText: Text 'E1102069770Z' is set on object 'Object Repository/Final Object Repo/Page_Update Employer Information/Employer Code'

2018-12-13 11:35:37 - [MESSAGE][PASSED] - Text 'E1102069770Z' is set on object 'Object Repository/Final Object Repo/Page_Update Employer Information/Employer Code'

2018-12-13 11:35:37 - [TEST_STEP][PASSED] - click: Object: 'Object Repository/Final Object Repo/Page_Update Employer Information/Search Button' is clicked on

2018-12-13 11:35:37 - [MESSAGE][PASSED] - Object: 'Object Repository/Final Object Repo/Page_Update Employer Information/Search Button' is clicked on

2018-12-13 11:35:37 - [TEST_STEP][PASSED] - click: Object: 'Object Repository/Final Object Repo/Page_Update Employer Information/Edit Button' is clicked on

2018-12-13 11:35:39 - [MESSAGE][PASSED] - Object: 'Object Repository/Final Object Repo/Page_Update Employer Information/Edit Button' is clicked on

2018-12-13 11:35:39 - [TEST_STEP][PASSED] - Statement - abc = com.kms.katalon.core.webui.keyword.WebUiBuiltInKeywords.getAttribute(com.kms.katalon.core.testobject.ObjectRepository.findTestObject(Final Object Repo/Page_Form 1A - Cessation As Employer/Employer Status), "value"): Attribute 'value' of object 'Object Repository/Final Object Repo/Page_Form 1A - Cessation As Employer/Employer Status' is: 'Dormant'

2018-12-13 11:35:39 - [MESSAGE][PASSED] - Attribute 'value' of object 'Object Repository/Final Object Repo/Page_Form 1A - Cessation As Employer/Employer Status' is: 'Dormant'

2018-12-13 11:35:39 - [TEST_STEP][PASSED] - Statement - out.println(abc): null

2018-12-13 11:35:39 - [TEST_STEP][PASSED] - Statement - If (abc == "Active"): null

2018-12-13 11:35:39 - [TEST_STEP][PASSED] - Statement - Else If (abc == "Cancel"): null

2018-12-13 11:35:39 - [TEST_STEP][PASSED] - Statement - Else If (abc == "Dormant"): Object: 'Object Repository/Final Object Repo/Page_Form 1A - Cessation As Employer/Change Employer Status to - Dormant' is clicked on

2018-12-13 11:35:39 - [TEST_STEP][PASSED] - click: Object: 'Object Repository/Final Object Repo/Page_Form 1A - Cessation As Employer/Change Employer Status to' is clicked on

2018-12-13 11:35:39 - [MESSAGE][PASSED] - Object: 'Object Repository/Final Object Repo/Page_Form 1A - Cessation As Employer/Change Employer Status to' is clicked on

2018-12-13 11:35:39 - [TEST_STEP][PASSED] - click: Object: 'Object Repository/Final Object Repo/Page_Form 1A - Cessation As Employer/Change Employer Status to - Dormant' is clicked on

2018-12-13 11:35:39 - [MESSAGE][PASSED] - Object: 'Object Repository/Final Object Repo/Page_Form 1A - Cessation As Employer/Change Employer Status to - Dormant' is clicked on

2018-12-13 11:35:39 - [TEST_STEP][PASSED] - click: Object: 'Object Repository/Final Object Repo/Page_Form 1A - Cessation As Employer/Calender' is clicked on

2018-12-13 11:35:40 - [MESSAGE][PASSED] - Object: 'Object Repository/Final Object Repo/Page_Form 1A - Cessation As Employer/Calender' is clicked on

2018-12-13 11:35:40 - [TEST_STEP][PASSED] - click: Object: 'Object Repository/Final Object Repo/Page_Form 1A - Cessation As Employer/Calender - Date' is clicked on

2018-12-13 11:35:40 - [MESSAGE][PASSED] - Object: 'Object Repository/Final Object Repo/Page_Form 1A - Cessation As Employer/Calender - Date' is clicked on

2018-12-13 11:35:40 - [TEST_STEP][PASSED] - delay: Delayed 2 second(s)

2018-12-13 11:35:42 - [MESSAGE][PASSED] - Delayed 2 second(s)

2018-12-13 11:35:42 - [TEST_STEP][PASSED] - click: Object: 'Object Repository/Final Object Repo/Page_Form 1A - Cessation As Employer/Save  Continue in Form 1A Page' is clicked on

2018-12-13 11:35:42 - [MESSAGE][PASSED] - Object: 'Object Repository/Final Object Repo/Page_Form 1A - Cessation As Employer/Save  Continue in Form 1A Page' is clicked on

2018-12-13 11:35:42 - [TEST_STEP][PASSED] - delay: Delayed 2 second(s)

2018-12-13 11:35:44 - [MESSAGE][PASSED] - Delayed 2 second(s)

2018-12-13 11:35:44 - [TEST_STEP][PASSED] - click: Object: 'Object Repository/Final Object Repo/Page_Form 1A - Cessation As Employer/Employment Resign Date' is clicked on

2018-12-13 11:35:44 - [MESSAGE][PASSED] - Object: 'Object Repository/Final Object Repo/Page_Form 1A - Cessation As Employer/Employment Resign Date' is clicked on

2018-12-13 11:35:44 - [TEST_STEP][PASSED] - delay: Delayed 1 second(s)

2018-12-13 11:35:45 - [MESSAGE][PASSED] - Delayed 1 second(s)

2018-12-13 11:35:45 - [TEST_STEP][PASSED] - Statement - CaseReferenceNo = com.kms.katalon.core.webui.keyword.WebUiBuiltInKeywords.getText(com.kms.katalon.core.testobject.ObjectRepository.findTestObject(Final Object Repo/Page_Update Employer Information/Reference Number in Update Employee Information Page)): Text of object 'Object Repository/Final Object Repo/Page_Update Employer Information/Reference Number in Update Employee Information Page' is: 'CUN122018C200001733'

2018-12-13 11:35:45 - [MESSAGE][PASSED] - Text of object 'Object Repository/Final Object Repo/Page_Update Employer Information/Reference Number in Update Employee Information Page' is: 'CUN122018C200001733'

2018-12-13 11:35:45 - [TEST_STEP][PASSED] - Statement - out.println(CaseReferenceNo): null

2018-12-13 11:35:45 - [TEST_STEP][PASSED] - callTestCase: Call Test Case 'Test Cases/Final Aug 2018 - PKS Automation/Common/Reference Number Setter' successfully

2018-12-13 11:35:46 - [TEST_CASE][PASSED] - Test Cases/Final Aug 2018 - PKS Automation/Common/Reference Number Setter: Test Cases/Final Aug 2018 - PKS Automation/Common/Reference Number Setter

2018-12-13 11:35:46 - [TEST_STEP][PASSED] - Statement - RefNoOldFile = new java.io.File(C://Users//Admin//Desktop//PKS//Automation Reference Point//KatalonReference.txt): null

2018-12-13 11:35:46 - [TEST_STEP][PASSED] - Statement - RefNoOldFile.delete(): null

2018-12-13 11:35:46 - [TEST_STEP][PASSED] - delay: Delayed 5 second(s)

2018-12-13 11:35:51 - [MESSAGE][PASSED] - Delayed 5 second(s)

2018-12-13 11:35:51 - [TEST_STEP][PASSED] - Statement - RefNo = new java.io.File(C://Users//Admin//Desktop//PKS//Automation Reference Point//KatalonReference.txt): null

2018-12-13 11:35:51 - [TEST_STEP][PASSED] - Statement - f2 = new java.io.FileWriter(RefNo, false): null

2018-12-13 11:35:51 - [TEST_STEP][PASSED] - Statement - f2.write(CaseReferenceNo): null

2018-12-13 11:35:51 - [TEST_STEP][PASSED] - Statement - f2.close(): null

2018-12-13 11:35:51 - [TEST_STEP][PASSED] - Statement - out.println("


" + CaseReferenceNo + "


"): null

2018-12-13 11:35:51 - [MESSAGE][PASSED] - Call Test Case 'Test Cases/Final Aug 2018 - PKS Automation/Common/Reference Number Setter' successfully

2018-12-13 11:35:51 - [TEST_STEP][PASSED] - selectOptionByValue: All options with value '2030' are selected in object 'Object Repository/Final Object Repo/Page_Form 1A - Cessation As Employer/Employment Resign Date - Year' 

2018-12-13 11:35:51 - [MESSAGE][PASSED] - All options with value '2030' are selected in object 'Object Repository/Final Object Repo/Page_Form 1A - Cessation As Employer/Employment Resign Date - Year' 

2018-12-13 11:35:51 - [TEST_STEP][PASSED] - delay: Delayed 1 second(s)

2018-12-13 11:35:52 - [MESSAGE][PASSED] - Delayed 1 second(s)

2018-12-13 11:35:52 - [TEST_STEP][PASSED] - click: Object: 'Object Repository/Final Object Repo/Page_Form 1A - Cessation As Employer/Employment Resign Date - Year - Date' is clicked on

2018-12-13 11:35:52 - [MESSAGE][PASSED] - Object: 'Object Repository/Final Object Repo/Page_Form 1A - Cessation As Employer/Employment Resign Date - Year - Date' is clicked on

2018-12-13 11:35:52 - [TEST_STEP][PASSED] - delay: Delayed 2 second(s)

2018-12-13 11:35:54 - [MESSAGE][PASSED] - Delayed 2 second(s)

2018-12-13 11:35:54 - [TEST_STEP][PASSED] - click: Object: 'Object Repository/Final Object Repo/Page_Form 1A - Cessation As Employer/Save  Continue in Update Add Employee Resigned Date Page' is clicked on

2018-12-13 11:35:54 - [MESSAGE][PASSED] - Object: 'Object Repository/Final Object Repo/Page_Form 1A - Cessation As Employer/Save  Continue in Update Add Employee Resigned Date Page' is clicked on

2018-12-13 11:35:54 - [TEST_STEP][PASSED] - delay: Delayed 2 second(s)

2018-12-13 11:35:56 - [MESSAGE][PASSED] - Delayed 2 second(s)

2018-12-13 11:35:56 - [TEST_STEP][PASSED] - click: Object: 'Object Repository/Final Object Repo/Page_Form 1A - Cessation As Employer/Set Latest - Yes' is clicked on

2018-12-13 11:35:56 - [MESSAGE][PASSED] - Object: 'Object Repository/Final Object Repo/Page_Form 1A - Cessation As Employer/Set Latest - Yes' is clicked on

2018-12-13 11:35:56 - [TEST_STEP][PASSED] - delay: Delayed 2 second(s)

2018-12-13 11:35:58 - [MESSAGE][PASSED] - Delayed 2 second(s)

2018-12-13 11:35:58 - [TEST_STEP][PASSED] - click: Object: 'Object Repository/Final Object Repo/Page_Form 1A - Cessation As Employer/Add Document' is clicked on

2018-12-13 11:35:59 - [MESSAGE][PASSED] - Object: 'Object Repository/Final Object Repo/Page_Form 1A - Cessation As Employer/Add Document' is clicked on

2018-12-13 11:35:59 - [TEST_STEP][PASSED] - delay: Delayed 2 second(s)

2018-12-13 11:36:01 - [MESSAGE][PASSED] - Delayed 2 second(s)

2018-12-13 11:36:01 - [TEST_STEP][PASSED] - click: Object: 'Object Repository/Final Object Repo/Page_Form 1A - Cessation As Employer/Document Type' is clicked on

2018-12-13 11:36:03 - [MESSAGE][PASSED] - Object: 'Object Repository/Final Object Repo/Page_Form 1A - Cessation As Employer/Document Type' is clicked on

2018-12-13 11:36:03 - [TEST_STEP][PASSED] - delay: Delayed 2 second(s)

2018-12-13 11:36:05 - [MESSAGE][PASSED] - Delayed 2 second(s)

2018-12-13 11:36:05 - [TEST_STEP][PASSED] - click: Object: 'Object Repository/Final Object Repo/Page_Form 1A - Cessation As Employer/Document Type - Supporting Document For Cessation' is clicked on

2018-12-13 11:36:05 - [MESSAGE][PASSED] - Object: 'Object Repository/Final Object Repo/Page_Form 1A - Cessation As Employer/Document Type - Supporting Document For Cessation' is clicked on

2018-12-13 11:36:05 - [TEST_STEP][PASSED] - delay: Delayed 2 second(s)

2018-12-13 11:36:07 - [MESSAGE][PASSED] - Delayed 2 second(s)

2018-12-13 11:36:07 - [TEST_STEP][PASSED] - sendKeys: Keys 'C:\Users\Public\Pictures\Sample Pictures\Koala.jpg' sent to object: 'Object Repository/Final Object Repo/Page_Form 1A - Cessation As Employer/Uploading File'

2018-12-13 11:36:07 - [MESSAGE][PASSED] - Keys 'C:\Users\Public\Pictures\Sample Pictures\Koala.jpg' sent to object: 'Object Repository/Final Object Repo/Page_Form 1A - Cessation As Employer/Uploading File'

2018-12-13 11:36:07 - [TEST_STEP][PASSED] - delay: Delayed 2 second(s)

2018-12-13 11:36:09 - [MESSAGE][PASSED] - Delayed 2 second(s)

2018-12-13 11:36:09 - [TEST_STEP][PASSED] - click: Object: 'Object Repository/Final Object Repo/Page_Form 1A - Cessation As Employer/Add Document in Uploading Page' is clicked on

2018-12-13 11:36:09 - [MESSAGE][PASSED] - Object: 'Object Repository/Final Object Repo/Page_Form 1A - Cessation As Employer/Add Document in Uploading Page' is clicked on

2018-12-13 11:36:09 - [TEST_STEP][PASSED] - delay: Delayed 15 second(s)

2018-12-13 11:36:24 - [MESSAGE][PASSED] - Delayed 15 second(s)

2018-12-13 11:36:24 - [TEST_STEP][PASSED] - click: Object: 'Object Repository/Final Object Repo/Page_Form 1A - Cessation As Employer/Save  Continue in Uploading Page' is clicked on

2018-12-13 11:36:24 - [MESSAGE][PASSED] - Object: 'Object Repository/Final Object Repo/Page_Form 1A - Cessation As Employer/Save  Continue in Uploading Page' is clicked on

2018-12-13 11:36:24 - [TEST_STEP][PASSED] - delay: Delayed 2 second(s)

2018-12-13 11:36:26 - [MESSAGE][PASSED] - Delayed 2 second(s)

2018-12-13 11:36:26 - [TEST_STEP][PASSED] - click: Object: 'Object Repository/Final Object Repo/Page_Form 1A - Cessation As Employer/Submit2' is clicked on

2018-12-13 11:36:29 - [MESSAGE][PASSED] - Object: 'Object Repository/Final Object Repo/Page_Form 1A - Cessation As Employer/Submit2' is clicked on

2018-12-13 11:36:29 - [TEST_STEP][PASSED] - delay: Delayed 2 second(s)

2018-12-13 11:36:31 - [MESSAGE][PASSED] - Delayed 2 second(s)

2018-12-13 11:36:31 - [TEST_STEP][PASSED] - click: Object: 'Object Repository/Final Object Repo/Page_Form 1A - Cessation As Employer/Confirm' is clicked on

2018-12-13 11:36:31 - [MESSAGE][PASSED] - Object: 'Object Repository/Final Object Repo/Page_Form 1A - Cessation As Employer/Confirm' is clicked on

2018-12-13 11:36:31 - [TEST_STEP][PASSED] - delay: Delayed 2 second(s)

2018-12-13 11:36:33 - [MESSAGE][PASSED] - Delayed 2 second(s)

2018-12-13 11:36:33 - [TEST_STEP][PASSED] - verifyElementVisible: Object 'Object Repository/Final Object Repo/Page_Form 1A - Cessation As Employer/Message Your Request will be routed to UO' is visible

2018-12-13 11:36:37 - [MESSAGE][PASSED] - Object 'Object Repository/Final Object Repo/Page_Form 1A - Cessation As Employer/Message Your Request will be routed to UO' is visible

2018-12-13 11:36:37 - [TEST_STEP][PASSED] - delay: Delayed 1 second(s)

2018-12-13 11:36:38 - [MESSAGE][PASSED] - Delayed 1 second(s)

2018-12-13 11:36:38 - [TEST_STEP][PASSED] - verifyElementVisible: Object 'Object Repository/Final Object Repo/Page_Form 1A - Cessation As Employer/Letter of acknowledgement' is visible

2018-12-13 11:36:38 - [MESSAGE][PASSED] - Object 'Object Repository/Final Object Repo/Page_Form 1A - Cessation As Employer/Letter of acknowledgement' is visible

2018-12-13 11:36:38 - [MESSAGE][PASSED] - Call Test Case 'Test Cases/Final Aug 2018 - PKS Automation/Registration Module/Workflow/Form 1A - Cessation As Employer/Template/Form 1 A - Cessation As Employer (PKRBO)' successfully

2018-12-13 11:36:38 - [TEST_STEP][PASSED] - callTestCase: Call Test Case 'Test Cases/Final Aug 2018 - PKS Automation/Registration Module/Workflow/Form 1A - Cessation As Employer/Template/Form 1 A - Cessation As Employer (Approve)' successfully

2018-12-13 11:36:38 - [TEST_CASE][PASSED] - Test Cases/Final Aug 2018 - PKS Automation/Registration Module/Workflow/Form 1A - Cessation As Employer/Template/Form 1 A - Cessation As Employer (Approve): Test Cases/Final Aug 2018 - PKS Automation/Registration Module/Workflow/Form 1A - Cessation As Employer/Template/Form 1 A - Cessation As Employer (Approve)

2018-12-13 11:36:38 - [TEST_STEP][NOT_RUN] - callTestCase: NOT_RUN: callTestCase

2018-12-13 11:36:38 - [MESSAGE][NOT_RUN] - NOT_RUN: callTestCase

2018-12-13 11:36:38 - [TEST_STEP][PASSED] - delay: Delayed 1 second(s)

2018-12-13 11:36:39 - [MESSAGE][PASSED] - Delayed 1 second(s)

2018-12-13 11:36:39 - [TEST_STEP][PASSED] - navigateToUrl: Navigate to 'https://assist2-uat.perkeso.gov.my/c/portal/logout' successfully

2018-12-13 11:36:40 - [MESSAGE][PASSED] - Navigate to 'https://assist2-uat.perkeso.gov.my/c/portal/logout' successfully

2018-12-13 11:36:40 - [TEST_STEP][PASSED] - delay: Delayed 1 second(s)

2018-12-13 11:36:41 - [MESSAGE][PASSED] - Delayed 1 second(s)

2018-12-13 11:36:41 - [TEST_STEP][PASSED] - callTestCase: Call Test Case 'Test Cases/Final Aug 2018 - PKS Automation/Common/Reference Number Getter' successfully

2018-12-13 11:36:41 - [TEST_CASE][PASSED] - Test Cases/Final Aug 2018 - PKS Automation/Common/Reference Number Getter: Test Cases/Final Aug 2018 - PKS Automation/Common/Reference Number Getter

2018-12-13 11:36:41 - [TEST_STEP][PASSED] - Statement - Try: null

2018-12-13 11:36:41 - [TEST_STEP][PASSED] - Statement - RefNo = new java.io.File(C://Users//Admin//Desktop//PKS//Automation Reference Point//KatalonReference.txt): null

2018-12-13 11:36:41 - [TEST_STEP][PASSED] - Statement - bufferread = new java.io.BufferedReader(new java.io.FileReader(RefNo)): null

2018-12-13 11:36:41 - [TEST_STEP][PASSED] - Statement - readedVal = bufferread.readLine(): null

2018-12-13 11:36:41 - [TEST_STEP][PASSED] - Statement - out.println(CaseReferenceNo): null

2018-12-13 11:36:41 - [TEST_STEP][PASSED] - Statement - out.println(readedVal): null

2018-12-13 11:36:41 - [TEST_STEP][PASSED] - Statement - CaseReferenceNo = "": null

2018-12-13 11:36:41 - [TEST_STEP][PASSED] - Statement - CaseReferenceNo = readedVal: null

2018-12-13 11:36:41 - [MESSAGE][PASSED] - Call Test Case 'Test Cases/Final Aug 2018 - PKS Automation/Common/Reference Number Getter' successfully

2018-12-13 11:36:41 - [TEST_STEP][PASSED] - callTestCase: Call Test Case 'Test Cases/Final Aug 2018 - PKS Automation/Common/Workflow Owner Finder' successfully

2018-12-13 11:36:41 - [TEST_CASE][PASSED] - Test Cases/Final Aug 2018 - PKS Automation/Common/Workflow Owner Finder: Test Cases/Final Aug 2018 - PKS Automation/Common/Workflow Owner Finder

2018-12-13 11:36:41 - [TEST_STEP][PASSED] - openBrowser: Browser is opened with url: ''

2018-12-13 11:36:41 - [MESSAGE][WARNING] - A browser is already opened. Closing browser and opening a new one

2018-12-13 11:36:44 - [MESSAGE][PASSED] - Browser is opened with url: ''

2018-12-13 11:36:44 - [TEST_STEP][PASSED] - navigateToUrl: Navigate to 'https://assist2-uat.perkeso.gov.my/login' successfully

2018-12-13 11:36:45 - [MESSAGE][PASSED] - Navigate to 'https://assist2-uat.perkeso.gov.my/login' successfully

2018-12-13 11:36:45 - [TEST_STEP][PASSED] - delay: Delayed 5 second(s)

2018-12-13 11:36:50 - [MESSAGE][PASSED] - Delayed 5 second(s)

2018-12-13 11:36:50 - [TEST_STEP][PASSED] - setText: Text 'test@liferay.com' is set on object 'Object Repository/Final Object Repo/Login Page/Internal User/Email Address'

2018-12-13 11:36:50 - [MESSAGE][PASSED] - Text 'test@liferay.com' is set on object 'Object Repository/Final Object Repo/Login Page/Internal User/Email Address'

2018-12-13 11:36:50 - [TEST_STEP][PASSED] - click: Object: 'Object Repository/Final Object Repo/Login Page/Internal User/Next Button' is clicked on

2018-12-13 11:36:50 - [MESSAGE][PASSED] - Object: 'Object Repository/Final Object Repo/Login Page/Internal User/Next Button' is clicked on

2018-12-13 11:36:50 - [TEST_STEP][PASSED] - delay: Delayed 2 second(s)

2018-12-13 11:36:52 - [MESSAGE][PASSED] - Delayed 2 second(s)

2018-12-13 11:36:52 - [TEST_STEP][PASSED] - setText: Text 'test' is set on object 'Object Repository/Final Object Repo/Login Page/Internal User/Password'

2018-12-13 11:36:52 - [MESSAGE][PASSED] - Text 'test' is set on object 'Object Repository/Final Object Repo/Login Page/Internal User/Password'

2018-12-13 11:36:52 - [TEST_STEP][PASSED] - delay: Delayed 2 second(s)

2018-12-13 11:36:54 - [MESSAGE][PASSED] - Delayed 2 second(s)

2018-12-13 11:36:54 - [TEST_STEP][PASSED] - click: Object: 'Object Repository/Final Object Repo/Login Page/Internal User/Login Button' is clicked on

2018-12-13 11:36:55 - [MESSAGE][PASSED] - Object: 'Object Repository/Final Object Repo/Login Page/Internal User/Login Button' is clicked on

2018-12-13 11:36:55 - [TEST_STEP][PASSED] - Statement - tester = com.kms.katalon.core.testobject.ObjectRepository.findTestObject(Final Object Repo/Landing Page/Select to English): Finding Test Object with id 'Object Repository/Final Object Repo/Landing Page/Select to English'

2018-12-13 11:36:55 - [TEST_STEP][PASSED] - Statement - Try: Delayed 2 second(s)

2018-12-13 11:36:55 - [TEST_STEP][PASSED] - Statement - Checker = com.kms.katalon.core.webui.keyword.WebUiBuiltInKeywords.verifyElementNotPresent(tester, 3): Web element with id: 'Object Repository/Final Object Repo/Landing Page/Select to English' located by 'By.xpath: //a[@class = 'taglib-language-list-text' and @lang = 'en-US' and (contains(text(), 'EN') or contains(., 'EN'))]' is not present after '3' second(s)

2018-12-13 11:36:56 - [MESSAGE][PASSED] - Web element with id: 'Object Repository/Final Object Repo/Landing Page/Select to English' located by 'By.xpath: //a[@class = 'taglib-language-list-text' and @lang = 'en-US' and (contains(text(), 'EN') or contains(., 'EN'))]' is not present after '3' second(s)

2018-12-13 11:36:56 - [TEST_STEP][PASSED] - Statement - If (Checker == false): null

2018-12-13 11:36:56 - [TEST_STEP][PASSED] - delay: Delayed 2 second(s)

2018-12-13 11:36:58 - [MESSAGE][PASSED] - Delayed 2 second(s)

2018-12-13 11:36:58 - [TEST_STEP][PASSED] - delay: Delayed 5 second(s)

2018-12-13 11:37:03 - [MESSAGE][PASSED] - Delayed 5 second(s)

2018-12-13 11:37:03 - [TEST_STEP][PASSED] - mouseOver: Object: 'Object Repository/Final Object Repo/Landing Page/WorkFlow Menu' is hovered

2018-12-13 11:37:04 - [MESSAGE][PASSED] - Object: 'Object Repository/Final Object Repo/Landing Page/WorkFlow Menu' is hovered

2018-12-13 11:37:04 - [TEST_STEP][PASSED] - delay: Delayed 2 second(s)

2018-12-13 11:37:06 - [MESSAGE][PASSED] - Delayed 2 second(s)

2018-12-13 11:37:06 - [TEST_STEP][PASSED] - click: Object: 'Object Repository/Final Object Repo/Landing Page/Select to Workflow Listing' is clicked on

2018-12-13 11:37:07 - [MESSAGE][PASSED] - Object: 'Object Repository/Final Object Repo/Landing Page/Select to Workflow Listing' is clicked on

2018-12-13 11:37:07 - [TEST_STEP][PASSED] - delay: Delayed 2 second(s)

2018-12-13 11:37:09 - [MESSAGE][PASSED] - Delayed 2 second(s)

2018-12-13 11:37:09 - [TEST_STEP][PASSED] - click: Object: 'Object Repository/Final Object Repo/WorkFlow Listing Page/Search Information - To Put Ref No' is clicked on

2018-12-13 11:37:09 - [MESSAGE][PASSED] - Object: 'Object Repository/Final Object Repo/WorkFlow Listing Page/Search Information - To Put Ref No' is clicked on

2018-12-13 11:37:09 - [TEST_STEP][PASSED] - delay: Delayed 2 second(s)

2018-12-13 11:37:11 - [MESSAGE][PASSED] - Delayed 2 second(s)

2018-12-13 11:37:11 - [TEST_STEP][PASSED] - callTestCase: Call Test Case 'Test Cases/Final Aug 2018 - PKS Automation/Common/Reference Number Getter' successfully

2018-12-13 11:37:11 - [TEST_CASE][PASSED] - Test Cases/Final Aug 2018 - PKS Automation/Common/Reference Number Getter: Test Cases/Final Aug 2018 - PKS Automation/Common/Reference Number Getter

2018-12-13 11:37:11 - [TEST_STEP][PASSED] - Statement - Try: null

2018-12-13 11:37:11 - [TEST_STEP][PASSED] - Statement - RefNo = new java.io.File(C://Users//Admin//Desktop//PKS//Automation Reference Point//KatalonReference.txt): null

2018-12-13 11:37:11 - [TEST_STEP][PASSED] - Statement - bufferread = new java.io.BufferedReader(new java.io.FileReader(RefNo)): null

2018-12-13 11:37:11 - [TEST_STEP][PASSED] - Statement - readedVal = bufferread.readLine(): null

2018-12-13 11:37:11 - [TEST_STEP][PASSED] - Statement - out.println(CaseReferenceNo): null

2018-12-13 11:37:11 - [TEST_STEP][PASSED] - Statement - out.println(readedVal): null

2018-12-13 11:37:11 - [TEST_STEP][PASSED] - Statement - CaseReferenceNo = "": null

2018-12-13 11:37:11 - [TEST_STEP][PASSED] - Statement - CaseReferenceNo = readedVal: null

2018-12-13 11:37:11 - [MESSAGE][PASSED] - Call Test Case 'Test Cases/Final Aug 2018 - PKS Automation/Common/Reference Number Getter' successfully

2018-12-13 11:37:11 - [TEST_STEP][PASSED] - setText: Text 'CUN122018C200001733' is set on object 'Object Repository/Final Object Repo/WorkFlow Listing Page/Ref No Set Text'

2018-12-13 11:37:11 - [MESSAGE][PASSED] - Text 'CUN122018C200001733' is set on object 'Object Repository/Final Object Repo/WorkFlow Listing Page/Ref No Set Text'

2018-12-13 11:37:11 - [TEST_STEP][PASSED] - delay: Delayed 2 second(s)

2018-12-13 11:37:13 - [MESSAGE][PASSED] - Delayed 2 second(s)

2018-12-13 11:37:13 - [TEST_STEP][PASSED] - click: Object: 'Object Repository/Final Object Repo/WorkFlow Listing Page/Search Ref No Search Button' is clicked on

2018-12-13 11:37:13 - [MESSAGE][PASSED] - Object: 'Object Repository/Final Object Repo/WorkFlow Listing Page/Search Ref No Search Button' is clicked on

2018-12-13 11:37:13 - [TEST_STEP][PASSED] - delay: Delayed 6 second(s)

2018-12-13 11:37:19 - [MESSAGE][PASSED] - Delayed 6 second(s)

2018-12-13 11:37:19 - [TEST_STEP][PASSED] - click: Object: 'Object Repository/Final Object Repo/WorkFlow Listing Page/Click Continue Tooltip' is clicked on

2018-12-13 11:37:20 - [MESSAGE][PASSED] - Object: 'Object Repository/Final Object Repo/WorkFlow Listing Page/Click Continue Tooltip' is clicked on

2018-12-13 11:37:20 - [TEST_STEP][PASSED] - delay: Delayed 5 second(s)

2018-12-13 11:37:25 - [MESSAGE][PASSED] - Delayed 5 second(s)

2018-12-13 11:37:25 - [TEST_STEP][PASSED] - doubleClick: Object: 'Object Repository/Final Object Repo/WorkFlow Listing Page/Workflow Found - Listing 1' is double clicked on

2018-12-13 11:37:26 - [MESSAGE][PASSED] - Object: 'Object Repository/Final Object Repo/WorkFlow Listing Page/Workflow Found - Listing 1' is double clicked on

2018-12-13 11:37:26 - [TEST_STEP][PASSED] - Statement - println(OwnerID): null

2018-12-13 11:37:26 - [TEST_STEP][PASSED] - Statement - OwnerID = com.kms.katalon.core.webui.keyword.WebUiBuiltInKeywords.getText(com.kms.katalon.core.testobject.ObjectRepository.findTestObject(Final Object Repo/WorkFlow Listing Page/Workflow Found - Listing 1), STOP_ON_FAILURE): Text of object 'Object Repository/Final Object Repo/WorkFlow Listing Page/Workflow Found - Listing 1' is: 'JOHORuo3'

2018-12-13 11:37:26 - [MESSAGE][PASSED] - Text of object 'Object Repository/Final Object Repo/WorkFlow Listing Page/Workflow Found - Listing 1' is: 'JOHORuo3'

2018-12-13 11:37:26 - [TEST_STEP][PASSED] - Statement - OwnerID = OwnerID.toLowerCase() + "@gmail.com": null

2018-12-13 11:37:26 - [TEST_STEP][PASSED] - Statement - println(OwnerID): null

2018-12-13 11:37:26 - [TEST_STEP][PASSED] - delay: Delayed 2 second(s)

2018-12-13 11:37:28 - [MESSAGE][PASSED] - Delayed 2 second(s)

2018-12-13 11:37:28 - [MESSAGE][PASSED] - Call Test Case 'Test Cases/Final Aug 2018 - PKS Automation/Common/Workflow Owner Finder' successfully

2018-12-13 11:37:28 - [TEST_STEP][PASSED] - delay: Delayed 1 second(s)

2018-12-13 11:37:29 - [MESSAGE][PASSED] - Delayed 1 second(s)

2018-12-13 11:37:29 - [TEST_STEP][PASSED] - navigateToUrl: Navigate to 'https://assist2-uat.perkeso.gov.my/c/portal/logout' successfully

2018-12-13 11:37:30 - [MESSAGE][PASSED] - Navigate to 'https://assist2-uat.perkeso.gov.my/c/portal/logout' successfully

2018-12-13 11:37:30 - [TEST_STEP][PASSED] - delay: Delayed 1 second(s)

2018-12-13 11:37:31 - [MESSAGE][PASSED] - Delayed 1 second(s)

2018-12-13 11:37:31 - [TEST_STEP][PASSED] - callTestCase: Call Test Case 'Test Cases/Final Aug 2018 - PKS Automation/Registration Module/Workflow/Login and Search Case For Workflow' successfully

2018-12-13 11:37:31 - [TEST_CASE][PASSED] - Test Cases/Final Aug 2018 - PKS Automation/Registration Module/Workflow/Login and Search Case For Workflow: Test Cases/Final Aug 2018 - PKS Automation/Registration Module/Workflow/Login and Search Case For Workflow

2018-12-13 11:37:31 - [TEST_STEP][PASSED] - navigateToUrl: Navigate to 'https://assist2-uat.perkeso.gov.my/login' successfully

2018-12-13 11:37:31 - [MESSAGE][PASSED] - Navigate to 'https://assist2-uat.perkeso.gov.my/login' successfully

2018-12-13 11:37:31 - [TEST_STEP][PASSED] - setText: Text 'johoruo3@gmail.com' is set on object 'Object Repository/Final Object Repo/Login Page/Internal User/Email Address'

2018-12-13 11:37:31 - [MESSAGE][PASSED] - Text 'johoruo3@gmail.com' is set on object 'Object Repository/Final Object Repo/Login Page/Internal User/Email Address'

2018-12-13 11:37:31 - [TEST_STEP][PASSED] - click: Object: 'Object Repository/Final Object Repo/Login Page/Internal User/Next Button' is clicked on

2018-12-13 11:37:32 - [MESSAGE][PASSED] - Object: 'Object Repository/Final Object Repo/Login Page/Internal User/Next Button' is clicked on

2018-12-13 11:37:32 - [TEST_STEP][PASSED] - delay: Delayed 1 second(s)

2018-12-13 11:37:33 - [MESSAGE][PASSED] - Delayed 1 second(s)

2018-12-13 11:37:33 - [TEST_STEP][PASSED] - setEncryptedText: Text ****** has been set on object 'Object Repository/Final Object Repo/Login Page/Internal User/Password'

2018-12-13 11:37:33 - [MESSAGE][PASSED] - Text ****** has been set on object 'Object Repository/Final Object Repo/Login Page/Internal User/Password'

2018-12-13 11:37:33 - [TEST_STEP][PASSED] - click: Object: 'Object Repository/Final Object Repo/Login Page/Internal User/Login Button' is clicked on

2018-12-13 11:37:33 - [MESSAGE][PASSED] - Object: 'Object Repository/Final Object Repo/Login Page/Internal User/Login Button' is clicked on

2018-12-13 11:37:33 - [TEST_STEP][PASSED] - delay: Delayed 2 second(s)

2018-12-13 11:37:35 - [MESSAGE][PASSED] - Delayed 2 second(s)

2018-12-13 11:37:35 - [TEST_STEP][PASSED] - Statement - Try: Delayed 2 second(s)

2018-12-13 11:37:35 - [TEST_STEP][PASSED] - Statement - Checker = false: null

2018-12-13 11:37:35 - [TEST_STEP][PASSED] - Statement - Checker = com.kms.katalon.core.webui.keyword.WebUiBuiltInKeywords.verifyElementHasAttribute(com.kms.katalon.core.testobject.ObjectRepository.findTestObject(Final Object Repo/Landing Page/BM Detecting), "href", 20, OPTIONAL): Object 'Object Repository/Final Object Repo/Landing Page/BM Detecting' has attribute 'href'

2018-12-13 11:37:35 - [MESSAGE][PASSED] - Object 'Object Repository/Final Object Repo/Landing Page/BM Detecting' has attribute 'href'

2018-12-13 11:37:35 - [TEST_STEP][PASSED] - Statement - out.println(Checker): null

2018-12-13 11:37:35 - [TEST_STEP][PASSED] - Statement - If (Checker == false): null

2018-12-13 11:37:35 - [TEST_STEP][PASSED] - Statement - Else: null

2018-12-13 11:37:35 - [TEST_STEP][PASSED] - delay: Delayed 2 second(s)

2018-12-13 11:37:37 - [MESSAGE][PASSED] - Delayed 2 second(s)

2018-12-13 11:37:37 - [TEST_STEP][PASSED] - click: Object: 'Object Repository/Final Object Repo/Page_MyASSIST - ASSIST - Search Pending Case For Add Supporting Document/Search Information' is clicked on

2018-12-13 11:37:37 - [MESSAGE][PASSED] - Object: 'Object Repository/Final Object Repo/Page_MyASSIST - ASSIST - Search Pending Case For Add Supporting Document/Search Information' is clicked on

2018-12-13 11:37:37 - [TEST_STEP][PASSED] - delay: Delayed 3 second(s)

2018-12-13 11:37:40 - [MESSAGE][PASSED] - Delayed 3 second(s)

2018-12-13 11:37:40 - [TEST_STEP][PASSED] - sendKeys: Keys 'CUN122018C200001733' sent to object: 'Object Repository/Final Object Repo/Page_MyASSIST - ASSIST - Search Pending Case For Add Supporting Document/Reference No'

2018-12-13 11:37:40 - [MESSAGE][PASSED] - Keys 'CUN122018C200001733' sent to object: 'Object Repository/Final Object Repo/Page_MyASSIST - ASSIST - Search Pending Case For Add Supporting Document/Reference No'

2018-12-13 11:37:40 - [TEST_STEP][PASSED] - click: Object: 'Object Repository/Final Object Repo/Page_MyASSIST - ASSIST - Search Pending Case For Add Supporting Document/Search Reference No' is clicked on

2018-12-13 11:37:41 - [MESSAGE][PASSED] - Object: 'Object Repository/Final Object Repo/Page_MyASSIST - ASSIST - Search Pending Case For Add Supporting Document/Search Reference No' is clicked on

2018-12-13 11:37:41 - [TEST_STEP][PASSED] - delay: Delayed 2 second(s)

2018-12-13 11:37:43 - [MESSAGE][PASSED] - Delayed 2 second(s)

2018-12-13 11:37:43 - [TEST_STEP][PASSED] - click: Object: 'Object Repository/Final Object Repo/Page_MyASSIST - ASSIST - Search Pending Case For Add Supporting Document/Continue' is clicked on

2018-12-13 11:37:46 - [MESSAGE][PASSED] - Object: 'Object Repository/Final Object Repo/Page_MyASSIST - ASSIST - Search Pending Case For Add Supporting Document/Continue' is clicked on

2018-12-13 11:37:46 - [TEST_STEP][PASSED] - delay: Delayed 20 second(s)

2018-12-13 11:38:06 - [MESSAGE][PASSED] - Delayed 20 second(s)

2018-12-13 11:38:06 - [MESSAGE][PASSED] - Call Test Case 'Test Cases/Final Aug 2018 - PKS Automation/Registration Module/Workflow/Login and Search Case For Workflow' successfully

2018-12-13 11:38:06 - [TEST_STEP][PASSED] - click: Object: 'Object Repository/Final Object Repo/Page_Form 1A - Cessation As Employer/Page_Form 1A - Cessation As Employer (Approve)/Save  Continue in Form 1A Page' is clicked on

2018-12-13 11:38:06 - [MESSAGE][PASSED] - Object: 'Object Repository/Final Object Repo/Page_Form 1A - Cessation As Employer/Page_Form 1A - Cessation As Employer (Approve)/Save  Continue in Form 1A Page' is clicked on

2018-12-13 11:38:06 - [TEST_STEP][PASSED] - delay: Delayed 2 second(s)

2018-12-13 11:38:08 - [MESSAGE][PASSED] - Delayed 2 second(s)

2018-12-13 11:38:08 - [TEST_STEP][PASSED] - click: Object: 'Object Repository/Final Object Repo/Page_Form 1A - Cessation As Employer/Employment Resign Date' is clicked on

2018-12-13 11:38:08 - [MESSAGE][PASSED] - Object: 'Object Repository/Final Object Repo/Page_Form 1A - Cessation As Employer/Employment Resign Date' is clicked on

2018-12-13 11:38:08 - [TEST_STEP][PASSED] - delay: Delayed 1 second(s)

2018-12-13 11:38:09 - [MESSAGE][PASSED] - Delayed 1 second(s)

2018-12-13 11:38:09 - [TEST_STEP][PASSED] - selectOptionByValue: All options with value '2030' are selected in object 'Object Repository/Final Object Repo/Page_Form 1A - Cessation As Employer/Employment Resign Date - Year' 

2018-12-13 11:38:10 - [MESSAGE][PASSED] - All options with value '2030' are selected in object 'Object Repository/Final Object Repo/Page_Form 1A - Cessation As Employer/Employment Resign Date - Year' 

2018-12-13 11:38:10 - [TEST_STEP][PASSED] - delay: Delayed 1 second(s)

2018-12-13 11:38:11 - [MESSAGE][PASSED] - Delayed 1 second(s)

2018-12-13 11:38:11 - [TEST_STEP][PASSED] - click: Object: 'Object Repository/Final Object Repo/Page_Form 1A - Cessation As Employer/Employment Resign Date - Year - Date' is clicked on

2018-12-13 11:38:11 - [MESSAGE][PASSED] - Object: 'Object Repository/Final Object Repo/Page_Form 1A - Cessation As Employer/Employment Resign Date - Year - Date' is clicked on

2018-12-13 11:38:11 - [TEST_STEP][PASSED] - delay: Delayed 2 second(s)

2018-12-13 11:38:13 - [MESSAGE][PASSED] - Delayed 2 second(s)

2018-12-13 11:38:13 - [TEST_STEP][PASSED] - click: Object: 'Object Repository/Final Object Repo/Page_Form 1A - Cessation As Employer/Page_Form 1A - Cessation As Employer (Approve)/Save  Continue in Update Add Employee Resigned Date Page' is clicked on

2018-12-13 11:38:13 - [MESSAGE][PASSED] - Object: 'Object Repository/Final Object Repo/Page_Form 1A - Cessation As Employer/Page_Form 1A - Cessation As Employer (Approve)/Save  Continue in Update Add Employee Resigned Date Page' is clicked on

2018-12-13 11:38:13 - [TEST_STEP][PASSED] - delay: Delayed 2 second(s)

2018-12-13 11:38:15 - [MESSAGE][PASSED] - Delayed 2 second(s)

2018-12-13 11:38:15 - [TEST_STEP][PASSED] - click: Object: 'Object Repository/Final Object Repo/Page_Form 1A - Cessation As Employer/Set Latest - Yes' is clicked on

2018-12-13 11:38:15 - [MESSAGE][PASSED] - Object: 'Object Repository/Final Object Repo/Page_Form 1A - Cessation As Employer/Set Latest - Yes' is clicked on

2018-12-13 11:38:15 - [TEST_STEP][PASSED] - delay: Delayed 2 second(s)

2018-12-13 11:38:17 - [MESSAGE][PASSED] - Delayed 2 second(s)

2018-12-13 11:38:17 - [TEST_STEP][PASSED] - click: Object: 'Object Repository/Final Object Repo/Page_Form 1A - Cessation As Employer/Page_Form 1A - Cessation As Employer (Approve)/Save  Contine in Uploading Document Page' is clicked on

2018-12-13 11:38:18 - [MESSAGE][PASSED] - Object: 'Object Repository/Final Object Repo/Page_Form 1A - Cessation As Employer/Page_Form 1A - Cessation As Employer (Approve)/Save  Contine in Uploading Document Page' is clicked on

2018-12-13 11:38:18 - [TEST_STEP][PASSED] - delay: Delayed 2 second(s)

2018-12-13 11:38:20 - [MESSAGE][PASSED] - Delayed 2 second(s)

2018-12-13 11:38:20 - [TEST_STEP][PASSED] - click: Object: 'Object Repository/Final Object Repo/Page_Form 1A - Cessation As Employer/Page_Form 1A - Cessation As Employer (Approve)/Approve' is clicked on

2018-12-13 11:38:23 - [MESSAGE][PASSED] - Object: 'Object Repository/Final Object Repo/Page_Form 1A - Cessation As Employer/Page_Form 1A - Cessation As Employer (Approve)/Approve' is clicked on

2018-12-13 11:38:23 - [TEST_STEP][PASSED] - delay: Delayed 2 second(s)

2018-12-13 11:38:25 - [MESSAGE][PASSED] - Delayed 2 second(s)

2018-12-13 11:38:25 - [TEST_STEP][PASSED] - click: Object: 'Object Repository/Final Object Repo/Page_Form 1A - Cessation As Employer/Confirm' is clicked on

2018-12-13 11:38:25 - [MESSAGE][PASSED] - Object: 'Object Repository/Final Object Repo/Page_Form 1A - Cessation As Employer/Confirm' is clicked on

2018-12-13 11:38:25 - [TEST_STEP][PASSED] - delay: Delayed 2 second(s)

2018-12-13 11:38:27 - [MESSAGE][PASSED] - Delayed 2 second(s)

2018-12-13 11:38:27 - [TEST_STEP][PASSED] - click: Object: 'Object Repository/Final Object Repo/Page_Form 1A - Cessation As Employer/Page_Form 1A - Cessation As Employer (Approve)/Message Your Request    Form 1A ' is clicked on

2018-12-13 11:38:35 - [MESSAGE][PASSED] - Object: 'Object Repository/Final Object Repo/Page_Form 1A - Cessation As Employer/Page_Form 1A - Cessation As Employer (Approve)/Message Your Request    Form 1A ' is clicked on

2018-12-13 11:38:35 - [TEST_STEP][PASSED] - delay: Delayed 2 second(s)

2018-12-13 11:38:37 - [MESSAGE][PASSED] - Delayed 2 second(s)

2018-12-13 11:38:37 - [TEST_STEP][PASSED] - click: Object: 'Object Repository/Final Object Repo/Page_Form 1A - Cessation As Employer/Page_Form 1A - Cessation As Employer (Approve)/Letter of successful update' is clicked on

2018-12-13 11:38:37 - [MESSAGE][PASSED] - Object: 'Object Repository/Final Object Repo/Page_Form 1A - Cessation As Employer/Page_Form 1A - Cessation As Employer (Approve)/Letter of successful update' is clicked on

2018-12-13 11:38:37 - [MESSAGE][PASSED] - Call Test Case 'Test Cases/Final Aug 2018 - PKS Automation/Registration Module/Workflow/Form 1A - Cessation As Employer/Template/Form 1 A - Cessation As Employer (Approve)' successfully]]></system-out>
         <system-err><![CDATA[]]></system-err>
      </testcase>
      <testcase name="Test Cases/Final Aug 2018 - PKS Automation/Registration Module/Workflow/Form 1A - Cessation As Employer/PKRBO to UO (Under enforcement)" classname="Test Cases/Final Aug 2018 - PKS Automation/Registration Module/Workflow/Form 1A - Cessation As Employer/PKRBO to UO (Under enforcement)" status="PASSED">
         <system-out><![CDATA[2018-12-13 11:38:37 - [TEST_CASE][PASSED] - Test Cases/Final Aug 2018 - PKS Automation/Registration Module/Workflow/Form 1A - Cessation As Employer/PKRBO to UO (Under enforcement): Test Cases/Final Aug 2018 - PKS Automation/Registration Module/Workflow/Form 1A - Cessation As Employer/PKRBO to UO (Under enforcement)

2018-12-13 11:38:38 - [TEST_STEP][PASSED] - callTestCase: Call Test Case 'Test Cases/Final Aug 2018 - PKS Automation/Registration Module/Workflow/Form 1A - Cessation As Employer/Template/Form 1 A - Cessation As Employer (PKRBO)' successfully

2018-12-13 11:38:38 - [TEST_CASE][PASSED] - Test Cases/Final Aug 2018 - PKS Automation/Registration Module/Workflow/Form 1A - Cessation As Employer/Template/Form 1 A - Cessation As Employer (PKRBO): Test Cases/Final Aug 2018 - PKS Automation/Registration Module/Workflow/Form 1A - Cessation As Employer/Template/Form 1 A - Cessation As Employer (PKRBO)

2018-12-13 11:38:38 - [TEST_STEP][PASSED] - openBrowser: Browser is opened with url: ''

2018-12-13 11:38:38 - [MESSAGE][WARNING] - A browser is already opened. Closing browser and opening a new one

2018-12-13 11:38:41 - [MESSAGE][PASSED] - Browser is opened with url: ''

2018-12-13 11:38:41 - [TEST_STEP][PASSED] - navigateToUrl: Navigate to 'https://assist2-uat.perkeso.gov.my/login' successfully

2018-12-13 11:38:42 - [MESSAGE][PASSED] - Navigate to 'https://assist2-uat.perkeso.gov.my/login' successfully

2018-12-13 11:38:42 - [TEST_STEP][PASSED] - setText: Text 'johorpkrbo1@gmail.com' is set on object 'Object Repository/Final Object Repo/Login Page/Internal User/Email Address'

2018-12-13 11:38:42 - [MESSAGE][PASSED] - Text 'johorpkrbo1@gmail.com' is set on object 'Object Repository/Final Object Repo/Login Page/Internal User/Email Address'

2018-12-13 11:38:42 - [TEST_STEP][PASSED] - click: Object: 'Object Repository/Final Object Repo/Login Page/Internal User/Next Button' is clicked on

2018-12-13 11:38:42 - [MESSAGE][PASSED] - Object: 'Object Repository/Final Object Repo/Login Page/Internal User/Next Button' is clicked on

2018-12-13 11:38:42 - [TEST_STEP][PASSED] - delay: Delayed 1 second(s)

2018-12-13 11:38:43 - [MESSAGE][PASSED] - Delayed 1 second(s)

2018-12-13 11:38:43 - [TEST_STEP][PASSED] - setEncryptedText: Text ****** has been set on object 'Object Repository/Final Object Repo/Login Page/Internal User/Password'

2018-12-13 11:38:44 - [MESSAGE][PASSED] - Text ****** has been set on object 'Object Repository/Final Object Repo/Login Page/Internal User/Password'

2018-12-13 11:38:44 - [TEST_STEP][PASSED] - click: Object: 'Object Repository/Final Object Repo/Login Page/Internal User/Login Button' is clicked on

2018-12-13 11:38:44 - [MESSAGE][PASSED] - Object: 'Object Repository/Final Object Repo/Login Page/Internal User/Login Button' is clicked on

2018-12-13 11:38:44 - [TEST_STEP][PASSED] - delay: Delayed 1 second(s)

2018-12-13 11:38:45 - [MESSAGE][PASSED] - Delayed 1 second(s)

2018-12-13 11:38:45 - [TEST_STEP][PASSED] - Statement - Try: Delayed 2 second(s)

2018-12-13 11:38:45 - [TEST_STEP][PASSED] - Statement - Checker = false: null

2018-12-13 11:38:45 - [TEST_STEP][PASSED] - Statement - Checker = com.kms.katalon.core.webui.keyword.WebUiBuiltInKeywords.verifyElementHasAttribute(com.kms.katalon.core.testobject.ObjectRepository.findTestObject(Final Object Repo/Landing Page/BM Detecting), "href", 20, OPTIONAL): Object 'Object Repository/Final Object Repo/Landing Page/BM Detecting' has attribute 'href'

2018-12-13 11:38:46 - [MESSAGE][PASSED] - Object 'Object Repository/Final Object Repo/Landing Page/BM Detecting' has attribute 'href'

2018-12-13 11:38:46 - [TEST_STEP][PASSED] - Statement - out.println(Checker): null

2018-12-13 11:38:46 - [TEST_STEP][PASSED] - Statement - If (Checker == false): null

2018-12-13 11:38:46 - [TEST_STEP][PASSED] - Statement - Else: null

2018-12-13 11:38:46 - [TEST_STEP][PASSED] - delay: Delayed 2 second(s)

2018-12-13 11:38:48 - [MESSAGE][PASSED] - Delayed 2 second(s)

2018-12-13 11:38:48 - [TEST_STEP][PASSED] - navigateToUrl: Navigate to 'https://assist2-uat.perkeso.gov.my/web/registration/update/form-1a-cessation-as-employer-discontinue-business-' successfully

2018-12-13 11:38:49 - [MESSAGE][PASSED] - Navigate to 'https://assist2-uat.perkeso.gov.my/web/registration/update/form-1a-cessation-as-employer-discontinue-business-' successfully

2018-12-13 11:38:49 - [TEST_STEP][PASSED] - setText: Text 'E1102069770Z' is set on object 'Object Repository/Final Object Repo/Page_Update Employer Information/Employer Code'

2018-12-13 11:38:49 - [MESSAGE][PASSED] - Text 'E1102069770Z' is set on object 'Object Repository/Final Object Repo/Page_Update Employer Information/Employer Code'

2018-12-13 11:38:49 - [TEST_STEP][PASSED] - click: Object: 'Object Repository/Final Object Repo/Page_Update Employer Information/Search Button' is clicked on

2018-12-13 11:38:49 - [MESSAGE][PASSED] - Object: 'Object Repository/Final Object Repo/Page_Update Employer Information/Search Button' is clicked on

2018-12-13 11:38:49 - [TEST_STEP][PASSED] - click: Object: 'Object Repository/Final Object Repo/Page_Update Employer Information/Edit Button' is clicked on

2018-12-13 11:38:51 - [MESSAGE][PASSED] - Object: 'Object Repository/Final Object Repo/Page_Update Employer Information/Edit Button' is clicked on

2018-12-13 11:38:51 - [TEST_STEP][PASSED] - Statement - abc = com.kms.katalon.core.webui.keyword.WebUiBuiltInKeywords.getAttribute(com.kms.katalon.core.testobject.ObjectRepository.findTestObject(Final Object Repo/Page_Form 1A - Cessation As Employer/Employer Status), "value"): Attribute 'value' of object 'Object Repository/Final Object Repo/Page_Form 1A - Cessation As Employer/Employer Status' is: 'Dormant'

2018-12-13 11:38:51 - [MESSAGE][PASSED] - Attribute 'value' of object 'Object Repository/Final Object Repo/Page_Form 1A - Cessation As Employer/Employer Status' is: 'Dormant'

2018-12-13 11:38:51 - [TEST_STEP][PASSED] - Statement - out.println(abc): null

2018-12-13 11:38:51 - [TEST_STEP][PASSED] - Statement - If (abc == "Active"): null

2018-12-13 11:38:51 - [TEST_STEP][PASSED] - Statement - Else If (abc == "Cancel"): null

2018-12-13 11:38:51 - [TEST_STEP][PASSED] - Statement - Else If (abc == "Dormant"): Object: 'Object Repository/Final Object Repo/Page_Form 1A - Cessation As Employer/Change Employer Status to - Dormant' is clicked on

2018-12-13 11:38:51 - [TEST_STEP][PASSED] - click: Object: 'Object Repository/Final Object Repo/Page_Form 1A - Cessation As Employer/Change Employer Status to' is clicked on

2018-12-13 11:38:52 - [MESSAGE][PASSED] - Object: 'Object Repository/Final Object Repo/Page_Form 1A - Cessation As Employer/Change Employer Status to' is clicked on

2018-12-13 11:38:52 - [TEST_STEP][PASSED] - click: Object: 'Object Repository/Final Object Repo/Page_Form 1A - Cessation As Employer/Change Employer Status to - Dormant' is clicked on

2018-12-13 11:38:52 - [MESSAGE][PASSED] - Object: 'Object Repository/Final Object Repo/Page_Form 1A - Cessation As Employer/Change Employer Status to - Dormant' is clicked on

2018-12-13 11:38:52 - [TEST_STEP][PASSED] - click: Object: 'Object Repository/Final Object Repo/Page_Form 1A - Cessation As Employer/Calender' is clicked on

2018-12-13 11:38:52 - [MESSAGE][PASSED] - Object: 'Object Repository/Final Object Repo/Page_Form 1A - Cessation As Employer/Calender' is clicked on

2018-12-13 11:38:52 - [TEST_STEP][PASSED] - click: Object: 'Object Repository/Final Object Repo/Page_Form 1A - Cessation As Employer/Calender - Date' is clicked on

2018-12-13 11:38:52 - [MESSAGE][PASSED] - Object: 'Object Repository/Final Object Repo/Page_Form 1A - Cessation As Employer/Calender - Date' is clicked on

2018-12-13 11:38:52 - [TEST_STEP][PASSED] - delay: Delayed 2 second(s)

2018-12-13 11:38:54 - [MESSAGE][PASSED] - Delayed 2 second(s)

2018-12-13 11:38:54 - [TEST_STEP][PASSED] - click: Object: 'Object Repository/Final Object Repo/Page_Form 1A - Cessation As Employer/Save  Continue in Form 1A Page' is clicked on

2018-12-13 11:38:55 - [MESSAGE][PASSED] - Object: 'Object Repository/Final Object Repo/Page_Form 1A - Cessation As Employer/Save  Continue in Form 1A Page' is clicked on

2018-12-13 11:38:55 - [TEST_STEP][PASSED] - delay: Delayed 2 second(s)

2018-12-13 11:38:57 - [MESSAGE][PASSED] - Delayed 2 second(s)

2018-12-13 11:38:57 - [TEST_STEP][PASSED] - click: Object: 'Object Repository/Final Object Repo/Page_Form 1A - Cessation As Employer/Employment Resign Date' is clicked on

2018-12-13 11:38:57 - [MESSAGE][PASSED] - Object: 'Object Repository/Final Object Repo/Page_Form 1A - Cessation As Employer/Employment Resign Date' is clicked on

2018-12-13 11:38:57 - [TEST_STEP][PASSED] - delay: Delayed 1 second(s)

2018-12-13 11:38:58 - [MESSAGE][PASSED] - Delayed 1 second(s)

2018-12-13 11:38:58 - [TEST_STEP][PASSED] - Statement - CaseReferenceNo = com.kms.katalon.core.webui.keyword.WebUiBuiltInKeywords.getText(com.kms.katalon.core.testobject.ObjectRepository.findTestObject(Final Object Repo/Page_Update Employer Information/Reference Number in Update Employee Information Page)): Text of object 'Object Repository/Final Object Repo/Page_Update Employer Information/Reference Number in Update Employee Information Page' is: 'CUN122018C200001734'

2018-12-13 11:38:58 - [MESSAGE][PASSED] - Text of object 'Object Repository/Final Object Repo/Page_Update Employer Information/Reference Number in Update Employee Information Page' is: 'CUN122018C200001734'

2018-12-13 11:38:58 - [TEST_STEP][PASSED] - Statement - out.println(CaseReferenceNo): null

2018-12-13 11:38:58 - [TEST_STEP][PASSED] - callTestCase: Call Test Case 'Test Cases/Final Aug 2018 - PKS Automation/Common/Reference Number Setter' successfully

2018-12-13 11:38:58 - [TEST_CASE][PASSED] - Test Cases/Final Aug 2018 - PKS Automation/Common/Reference Number Setter: Test Cases/Final Aug 2018 - PKS Automation/Common/Reference Number Setter

2018-12-13 11:38:58 - [TEST_STEP][PASSED] - Statement - RefNoOldFile = new java.io.File(C://Users//Admin//Desktop//PKS//Automation Reference Point//KatalonReference.txt): null

2018-12-13 11:38:58 - [TEST_STEP][PASSED] - Statement - RefNoOldFile.delete(): null

2018-12-13 11:38:58 - [TEST_STEP][PASSED] - delay: Delayed 5 second(s)

2018-12-13 11:39:03 - [MESSAGE][PASSED] - Delayed 5 second(s)

2018-12-13 11:39:03 - [TEST_STEP][PASSED] - Statement - RefNo = new java.io.File(C://Users//Admin//Desktop//PKS//Automation Reference Point//KatalonReference.txt): null

2018-12-13 11:39:03 - [TEST_STEP][PASSED] - Statement - f2 = new java.io.FileWriter(RefNo, false): null

2018-12-13 11:39:03 - [TEST_STEP][PASSED] - Statement - f2.write(CaseReferenceNo): null

2018-12-13 11:39:03 - [TEST_STEP][PASSED] - Statement - f2.close(): null

2018-12-13 11:39:03 - [TEST_STEP][PASSED] - Statement - out.println("


" + CaseReferenceNo + "


"): null

2018-12-13 11:39:03 - [MESSAGE][PASSED] - Call Test Case 'Test Cases/Final Aug 2018 - PKS Automation/Common/Reference Number Setter' successfully

2018-12-13 11:39:03 - [TEST_STEP][PASSED] - selectOptionByValue: All options with value '2030' are selected in object 'Object Repository/Final Object Repo/Page_Form 1A - Cessation As Employer/Employment Resign Date - Year' 

2018-12-13 11:39:03 - [MESSAGE][PASSED] - All options with value '2030' are selected in object 'Object Repository/Final Object Repo/Page_Form 1A - Cessation As Employer/Employment Resign Date - Year' 

2018-12-13 11:39:03 - [TEST_STEP][PASSED] - delay: Delayed 1 second(s)

2018-12-13 11:39:04 - [MESSAGE][PASSED] - Delayed 1 second(s)

2018-12-13 11:39:04 - [TEST_STEP][PASSED] - click: Object: 'Object Repository/Final Object Repo/Page_Form 1A - Cessation As Employer/Employment Resign Date - Year - Date' is clicked on

2018-12-13 11:39:04 - [MESSAGE][PASSED] - Object: 'Object Repository/Final Object Repo/Page_Form 1A - Cessation As Employer/Employment Resign Date - Year - Date' is clicked on

2018-12-13 11:39:04 - [TEST_STEP][PASSED] - delay: Delayed 2 second(s)

2018-12-13 11:39:06 - [MESSAGE][PASSED] - Delayed 2 second(s)

2018-12-13 11:39:06 - [TEST_STEP][PASSED] - click: Object: 'Object Repository/Final Object Repo/Page_Form 1A - Cessation As Employer/Save  Continue in Update Add Employee Resigned Date Page' is clicked on

2018-12-13 11:39:07 - [MESSAGE][PASSED] - Object: 'Object Repository/Final Object Repo/Page_Form 1A - Cessation As Employer/Save  Continue in Update Add Employee Resigned Date Page' is clicked on

2018-12-13 11:39:07 - [TEST_STEP][PASSED] - delay: Delayed 2 second(s)

2018-12-13 11:39:09 - [MESSAGE][PASSED] - Delayed 2 second(s)

2018-12-13 11:39:09 - [TEST_STEP][PASSED] - click: Object: 'Object Repository/Final Object Repo/Page_Form 1A - Cessation As Employer/Set Latest - Yes' is clicked on

2018-12-13 11:39:09 - [MESSAGE][PASSED] - Object: 'Object Repository/Final Object Repo/Page_Form 1A - Cessation As Employer/Set Latest - Yes' is clicked on

2018-12-13 11:39:09 - [TEST_STEP][PASSED] - delay: Delayed 2 second(s)

2018-12-13 11:39:11 - [MESSAGE][PASSED] - Delayed 2 second(s)

2018-12-13 11:39:11 - [TEST_STEP][PASSED] - click: Object: 'Object Repository/Final Object Repo/Page_Form 1A - Cessation As Employer/Add Document' is clicked on

2018-12-13 11:39:12 - [MESSAGE][PASSED] - Object: 'Object Repository/Final Object Repo/Page_Form 1A - Cessation As Employer/Add Document' is clicked on

2018-12-13 11:39:12 - [TEST_STEP][PASSED] - delay: Delayed 2 second(s)

2018-12-13 11:39:14 - [MESSAGE][PASSED] - Delayed 2 second(s)

2018-12-13 11:39:14 - [TEST_STEP][PASSED] - click: Object: 'Object Repository/Final Object Repo/Page_Form 1A - Cessation As Employer/Document Type' is clicked on

2018-12-13 11:39:16 - [MESSAGE][PASSED] - Object: 'Object Repository/Final Object Repo/Page_Form 1A - Cessation As Employer/Document Type' is clicked on

2018-12-13 11:39:16 - [TEST_STEP][PASSED] - delay: Delayed 2 second(s)

2018-12-13 11:39:18 - [MESSAGE][PASSED] - Delayed 2 second(s)

2018-12-13 11:39:18 - [TEST_STEP][PASSED] - click: Object: 'Object Repository/Final Object Repo/Page_Form 1A - Cessation As Employer/Document Type - Supporting Document For Cessation' is clicked on

2018-12-13 11:39:19 - [MESSAGE][PASSED] - Object: 'Object Repository/Final Object Repo/Page_Form 1A - Cessation As Employer/Document Type - Supporting Document For Cessation' is clicked on

2018-12-13 11:39:19 - [TEST_STEP][PASSED] - delay: Delayed 2 second(s)

2018-12-13 11:39:21 - [MESSAGE][PASSED] - Delayed 2 second(s)

2018-12-13 11:39:21 - [TEST_STEP][PASSED] - sendKeys: Keys 'C:\Users\Public\Pictures\Sample Pictures\Koala.jpg' sent to object: 'Object Repository/Final Object Repo/Page_Form 1A - Cessation As Employer/Uploading File'

2018-12-13 11:39:21 - [MESSAGE][PASSED] - Keys 'C:\Users\Public\Pictures\Sample Pictures\Koala.jpg' sent to object: 'Object Repository/Final Object Repo/Page_Form 1A - Cessation As Employer/Uploading File'

2018-12-13 11:39:21 - [TEST_STEP][PASSED] - delay: Delayed 2 second(s)

2018-12-13 11:39:23 - [MESSAGE][PASSED] - Delayed 2 second(s)

2018-12-13 11:39:23 - [TEST_STEP][PASSED] - click: Object: 'Object Repository/Final Object Repo/Page_Form 1A - Cessation As Employer/Add Document in Uploading Page' is clicked on

2018-12-13 11:39:23 - [MESSAGE][PASSED] - Object: 'Object Repository/Final Object Repo/Page_Form 1A - Cessation As Employer/Add Document in Uploading Page' is clicked on

2018-12-13 11:39:23 - [TEST_STEP][PASSED] - delay: Delayed 15 second(s)

2018-12-13 11:39:38 - [MESSAGE][PASSED] - Delayed 15 second(s)

2018-12-13 11:39:38 - [TEST_STEP][PASSED] - click: Object: 'Object Repository/Final Object Repo/Page_Form 1A - Cessation As Employer/Save  Continue in Uploading Page' is clicked on

2018-12-13 11:39:38 - [MESSAGE][PASSED] - Object: 'Object Repository/Final Object Repo/Page_Form 1A - Cessation As Employer/Save  Continue in Uploading Page' is clicked on

2018-12-13 11:39:38 - [TEST_STEP][PASSED] - delay: Delayed 2 second(s)

2018-12-13 11:39:40 - [MESSAGE][PASSED] - Delayed 2 second(s)

2018-12-13 11:39:40 - [TEST_STEP][PASSED] - click: Object: 'Object Repository/Final Object Repo/Page_Form 1A - Cessation As Employer/Submit2' is clicked on

2018-12-13 11:39:43 - [MESSAGE][PASSED] - Object: 'Object Repository/Final Object Repo/Page_Form 1A - Cessation As Employer/Submit2' is clicked on

2018-12-13 11:39:43 - [TEST_STEP][PASSED] - delay: Delayed 2 second(s)

2018-12-13 11:39:45 - [MESSAGE][PASSED] - Delayed 2 second(s)

2018-12-13 11:39:45 - [TEST_STEP][PASSED] - click: Object: 'Object Repository/Final Object Repo/Page_Form 1A - Cessation As Employer/Confirm' is clicked on

2018-12-13 11:39:45 - [MESSAGE][PASSED] - Object: 'Object Repository/Final Object Repo/Page_Form 1A - Cessation As Employer/Confirm' is clicked on

2018-12-13 11:39:45 - [TEST_STEP][PASSED] - delay: Delayed 2 second(s)

2018-12-13 11:39:47 - [MESSAGE][PASSED] - Delayed 2 second(s)

2018-12-13 11:39:47 - [TEST_STEP][PASSED] - verifyElementVisible: Object 'Object Repository/Final Object Repo/Page_Form 1A - Cessation As Employer/Message Your Request will be routed to UO' is visible

2018-12-13 11:39:51 - [MESSAGE][PASSED] - Object 'Object Repository/Final Object Repo/Page_Form 1A - Cessation As Employer/Message Your Request will be routed to UO' is visible

2018-12-13 11:39:51 - [TEST_STEP][PASSED] - delay: Delayed 1 second(s)

2018-12-13 11:39:52 - [MESSAGE][PASSED] - Delayed 1 second(s)

2018-12-13 11:39:52 - [TEST_STEP][PASSED] - verifyElementVisible: Object 'Object Repository/Final Object Repo/Page_Form 1A - Cessation As Employer/Letter of acknowledgement' is visible

2018-12-13 11:39:52 - [MESSAGE][PASSED] - Object 'Object Repository/Final Object Repo/Page_Form 1A - Cessation As Employer/Letter of acknowledgement' is visible

2018-12-13 11:39:52 - [MESSAGE][PASSED] - Call Test Case 'Test Cases/Final Aug 2018 - PKS Automation/Registration Module/Workflow/Form 1A - Cessation As Employer/Template/Form 1 A - Cessation As Employer (PKRBO)' successfully

2018-12-13 11:39:52 - [TEST_STEP][PASSED] - callTestCase: Call Test Case 'Test Cases/Final Aug 2018 - PKS Automation/Registration Module/Workflow/Form 1A - Cessation As Employer/Template/Form 1 A - Cessation As Employer (Under enforcement)' successfully

2018-12-13 11:39:52 - [TEST_CASE][PASSED] - Test Cases/Final Aug 2018 - PKS Automation/Registration Module/Workflow/Form 1A - Cessation As Employer/Template/Form 1 A - Cessation As Employer (Under enforcement): Test Cases/Final Aug 2018 - PKS Automation/Registration Module/Workflow/Form 1A - Cessation As Employer/Template/Form 1 A - Cessation As Employer (Under enforcement)

2018-12-13 11:39:52 - [TEST_STEP][NOT_RUN] - callTestCase: NOT_RUN: callTestCase

2018-12-13 11:39:52 - [MESSAGE][NOT_RUN] - NOT_RUN: callTestCase

2018-12-13 11:39:52 - [TEST_STEP][PASSED] - delay: Delayed 1 second(s)

2018-12-13 11:39:53 - [MESSAGE][PASSED] - Delayed 1 second(s)

2018-12-13 11:39:53 - [TEST_STEP][PASSED] - navigateToUrl: Navigate to 'https://assist2-uat.perkeso.gov.my/c/portal/logout' successfully

2018-12-13 11:39:54 - [MESSAGE][PASSED] - Navigate to 'https://assist2-uat.perkeso.gov.my/c/portal/logout' successfully

2018-12-13 11:39:54 - [TEST_STEP][PASSED] - delay: Delayed 1 second(s)

2018-12-13 11:39:55 - [MESSAGE][PASSED] - Delayed 1 second(s)

2018-12-13 11:39:55 - [TEST_STEP][PASSED] - callTestCase: Call Test Case 'Test Cases/Final Aug 2018 - PKS Automation/Common/Reference Number Getter' successfully

2018-12-13 11:39:55 - [TEST_CASE][PASSED] - Test Cases/Final Aug 2018 - PKS Automation/Common/Reference Number Getter: Test Cases/Final Aug 2018 - PKS Automation/Common/Reference Number Getter

2018-12-13 11:39:55 - [TEST_STEP][PASSED] - Statement - Try: null

2018-12-13 11:39:55 - [TEST_STEP][PASSED] - Statement - RefNo = new java.io.File(C://Users//Admin//Desktop//PKS//Automation Reference Point//KatalonReference.txt): null

2018-12-13 11:39:55 - [TEST_STEP][PASSED] - Statement - bufferread = new java.io.BufferedReader(new java.io.FileReader(RefNo)): null

2018-12-13 11:39:55 - [TEST_STEP][PASSED] - Statement - readedVal = bufferread.readLine(): null

2018-12-13 11:39:55 - [TEST_STEP][PASSED] - Statement - out.println(CaseReferenceNo): null

2018-12-13 11:39:55 - [TEST_STEP][PASSED] - Statement - out.println(readedVal): null

2018-12-13 11:39:55 - [TEST_STEP][PASSED] - Statement - CaseReferenceNo = "": null

2018-12-13 11:39:55 - [TEST_STEP][PASSED] - Statement - CaseReferenceNo = readedVal: null

2018-12-13 11:39:55 - [MESSAGE][PASSED] - Call Test Case 'Test Cases/Final Aug 2018 - PKS Automation/Common/Reference Number Getter' successfully

2018-12-13 11:39:55 - [TEST_STEP][PASSED] - callTestCase: Call Test Case 'Test Cases/Final Aug 2018 - PKS Automation/Common/Workflow Owner Finder' successfully

2018-12-13 11:39:55 - [TEST_CASE][PASSED] - Test Cases/Final Aug 2018 - PKS Automation/Common/Workflow Owner Finder: Test Cases/Final Aug 2018 - PKS Automation/Common/Workflow Owner Finder

2018-12-13 11:39:55 - [TEST_STEP][PASSED] - openBrowser: Browser is opened with url: ''

2018-12-13 11:39:55 - [MESSAGE][WARNING] - A browser is already opened. Closing browser and opening a new one

2018-12-13 11:39:58 - [MESSAGE][PASSED] - Browser is opened with url: ''

2018-12-13 11:39:58 - [TEST_STEP][PASSED] - navigateToUrl: Navigate to 'https://assist2-uat.perkeso.gov.my/login' successfully

2018-12-13 11:39:59 - [MESSAGE][PASSED] - Navigate to 'https://assist2-uat.perkeso.gov.my/login' successfully

2018-12-13 11:39:59 - [TEST_STEP][PASSED] - delay: Delayed 5 second(s)

2018-12-13 11:40:04 - [MESSAGE][PASSED] - Delayed 5 second(s)

2018-12-13 11:40:04 - [TEST_STEP][PASSED] - setText: Text 'test@liferay.com' is set on object 'Object Repository/Final Object Repo/Login Page/Internal User/Email Address'

2018-12-13 11:40:04 - [MESSAGE][PASSED] - Text 'test@liferay.com' is set on object 'Object Repository/Final Object Repo/Login Page/Internal User/Email Address'

2018-12-13 11:40:04 - [TEST_STEP][PASSED] - click: Object: 'Object Repository/Final Object Repo/Login Page/Internal User/Next Button' is clicked on

2018-12-13 11:40:04 - [MESSAGE][PASSED] - Object: 'Object Repository/Final Object Repo/Login Page/Internal User/Next Button' is clicked on

2018-12-13 11:40:04 - [TEST_STEP][PASSED] - delay: Delayed 2 second(s)

2018-12-13 11:40:06 - [MESSAGE][PASSED] - Delayed 2 second(s)

2018-12-13 11:40:06 - [TEST_STEP][PASSED] - setText: Text 'test' is set on object 'Object Repository/Final Object Repo/Login Page/Internal User/Password'

2018-12-13 11:40:06 - [MESSAGE][PASSED] - Text 'test' is set on object 'Object Repository/Final Object Repo/Login Page/Internal User/Password'

2018-12-13 11:40:06 - [TEST_STEP][PASSED] - delay: Delayed 2 second(s)

2018-12-13 11:40:08 - [MESSAGE][PASSED] - Delayed 2 second(s)

2018-12-13 11:40:08 - [TEST_STEP][PASSED] - click: Object: 'Object Repository/Final Object Repo/Login Page/Internal User/Login Button' is clicked on

2018-12-13 11:40:08 - [MESSAGE][PASSED] - Object: 'Object Repository/Final Object Repo/Login Page/Internal User/Login Button' is clicked on

2018-12-13 11:40:08 - [TEST_STEP][PASSED] - Statement - tester = com.kms.katalon.core.testobject.ObjectRepository.findTestObject(Final Object Repo/Landing Page/Select to English): Finding Test Object with id 'Object Repository/Final Object Repo/Landing Page/Select to English'

2018-12-13 11:40:08 - [TEST_STEP][PASSED] - Statement - Try: Delayed 2 second(s)

2018-12-13 11:40:08 - [TEST_STEP][PASSED] - Statement - Checker = com.kms.katalon.core.webui.keyword.WebUiBuiltInKeywords.verifyElementNotPresent(tester, 3): Web element with id: 'Object Repository/Final Object Repo/Landing Page/Select to English' located by 'By.xpath: //a[@class = 'taglib-language-list-text' and @lang = 'en-US' and (contains(text(), 'EN') or contains(., 'EN'))]' is not present after '3' second(s)

2018-12-13 11:40:10 - [MESSAGE][PASSED] - Web element with id: 'Object Repository/Final Object Repo/Landing Page/Select to English' located by 'By.xpath: //a[@class = 'taglib-language-list-text' and @lang = 'en-US' and (contains(text(), 'EN') or contains(., 'EN'))]' is not present after '3' second(s)

2018-12-13 11:40:10 - [TEST_STEP][PASSED] - Statement - If (Checker == false): null

2018-12-13 11:40:10 - [TEST_STEP][PASSED] - delay: Delayed 2 second(s)

2018-12-13 11:40:12 - [MESSAGE][PASSED] - Delayed 2 second(s)

2018-12-13 11:40:12 - [TEST_STEP][PASSED] - delay: Delayed 5 second(s)

2018-12-13 11:40:17 - [MESSAGE][PASSED] - Delayed 5 second(s)

2018-12-13 11:40:17 - [TEST_STEP][PASSED] - mouseOver: Object: 'Object Repository/Final Object Repo/Landing Page/WorkFlow Menu' is hovered

2018-12-13 11:40:17 - [MESSAGE][PASSED] - Object: 'Object Repository/Final Object Repo/Landing Page/WorkFlow Menu' is hovered

2018-12-13 11:40:17 - [TEST_STEP][PASSED] - delay: Delayed 2 second(s)

2018-12-13 11:40:19 - [MESSAGE][PASSED] - Delayed 2 second(s)

2018-12-13 11:40:19 - [TEST_STEP][PASSED] - click: Object: 'Object Repository/Final Object Repo/Landing Page/Select to Workflow Listing' is clicked on

2018-12-13 11:40:20 - [MESSAGE][PASSED] - Object: 'Object Repository/Final Object Repo/Landing Page/Select to Workflow Listing' is clicked on

2018-12-13 11:40:20 - [TEST_STEP][PASSED] - delay: Delayed 2 second(s)

2018-12-13 11:40:22 - [MESSAGE][PASSED] - Delayed 2 second(s)

2018-12-13 11:40:22 - [TEST_STEP][PASSED] - click: Object: 'Object Repository/Final Object Repo/WorkFlow Listing Page/Search Information - To Put Ref No' is clicked on

2018-12-13 11:40:23 - [MESSAGE][PASSED] - Object: 'Object Repository/Final Object Repo/WorkFlow Listing Page/Search Information - To Put Ref No' is clicked on

2018-12-13 11:40:23 - [TEST_STEP][PASSED] - delay: Delayed 2 second(s)

2018-12-13 11:40:25 - [MESSAGE][PASSED] - Delayed 2 second(s)

2018-12-13 11:40:25 - [TEST_STEP][PASSED] - callTestCase: Call Test Case 'Test Cases/Final Aug 2018 - PKS Automation/Common/Reference Number Getter' successfully

2018-12-13 11:40:25 - [TEST_CASE][PASSED] - Test Cases/Final Aug 2018 - PKS Automation/Common/Reference Number Getter: Test Cases/Final Aug 2018 - PKS Automation/Common/Reference Number Getter

2018-12-13 11:40:25 - [TEST_STEP][PASSED] - Statement - Try: null

2018-12-13 11:40:25 - [TEST_STEP][PASSED] - Statement - RefNo = new java.io.File(C://Users//Admin//Desktop//PKS//Automation Reference Point//KatalonReference.txt): null

2018-12-13 11:40:25 - [TEST_STEP][PASSED] - Statement - bufferread = new java.io.BufferedReader(new java.io.FileReader(RefNo)): null

2018-12-13 11:40:25 - [TEST_STEP][PASSED] - Statement - readedVal = bufferread.readLine(): null

2018-12-13 11:40:25 - [TEST_STEP][PASSED] - Statement - out.println(CaseReferenceNo): null

2018-12-13 11:40:25 - [TEST_STEP][PASSED] - Statement - out.println(readedVal): null

2018-12-13 11:40:25 - [TEST_STEP][PASSED] - Statement - CaseReferenceNo = "": null

2018-12-13 11:40:25 - [TEST_STEP][PASSED] - Statement - CaseReferenceNo = readedVal: null

2018-12-13 11:40:25 - [MESSAGE][PASSED] - Call Test Case 'Test Cases/Final Aug 2018 - PKS Automation/Common/Reference Number Getter' successfully

2018-12-13 11:40:25 - [TEST_STEP][PASSED] - setText: Text 'CUN122018C200001734' is set on object 'Object Repository/Final Object Repo/WorkFlow Listing Page/Ref No Set Text'

2018-12-13 11:40:25 - [MESSAGE][PASSED] - Text 'CUN122018C200001734' is set on object 'Object Repository/Final Object Repo/WorkFlow Listing Page/Ref No Set Text'

2018-12-13 11:40:25 - [TEST_STEP][PASSED] - delay: Delayed 2 second(s)

2018-12-13 11:40:27 - [MESSAGE][PASSED] - Delayed 2 second(s)

2018-12-13 11:40:27 - [TEST_STEP][PASSED] - click: Object: 'Object Repository/Final Object Repo/WorkFlow Listing Page/Search Ref No Search Button' is clicked on

2018-12-13 11:40:27 - [MESSAGE][PASSED] - Object: 'Object Repository/Final Object Repo/WorkFlow Listing Page/Search Ref No Search Button' is clicked on

2018-12-13 11:40:27 - [TEST_STEP][PASSED] - delay: Delayed 6 second(s)

2018-12-13 11:40:33 - [MESSAGE][PASSED] - Delayed 6 second(s)

2018-12-13 11:40:33 - [TEST_STEP][PASSED] - click: Object: 'Object Repository/Final Object Repo/WorkFlow Listing Page/Click Continue Tooltip' is clicked on

2018-12-13 11:40:34 - [MESSAGE][PASSED] - Object: 'Object Repository/Final Object Repo/WorkFlow Listing Page/Click Continue Tooltip' is clicked on

2018-12-13 11:40:34 - [TEST_STEP][PASSED] - delay: Delayed 5 second(s)

2018-12-13 11:40:39 - [MESSAGE][PASSED] - Delayed 5 second(s)

2018-12-13 11:40:39 - [TEST_STEP][PASSED] - doubleClick: Object: 'Object Repository/Final Object Repo/WorkFlow Listing Page/Workflow Found - Listing 1' is double clicked on

2018-12-13 11:40:39 - [MESSAGE][PASSED] - Object: 'Object Repository/Final Object Repo/WorkFlow Listing Page/Workflow Found - Listing 1' is double clicked on

2018-12-13 11:40:39 - [TEST_STEP][PASSED] - Statement - println(OwnerID): null

2018-12-13 11:40:39 - [TEST_STEP][PASSED] - Statement - OwnerID = com.kms.katalon.core.webui.keyword.WebUiBuiltInKeywords.getText(com.kms.katalon.core.testobject.ObjectRepository.findTestObject(Final Object Repo/WorkFlow Listing Page/Workflow Found - Listing 1), STOP_ON_FAILURE): Text of object 'Object Repository/Final Object Repo/WorkFlow Listing Page/Workflow Found - Listing 1' is: 'JOHORuo1'

2018-12-13 11:40:39 - [MESSAGE][PASSED] - Text of object 'Object Repository/Final Object Repo/WorkFlow Listing Page/Workflow Found - Listing 1' is: 'JOHORuo1'

2018-12-13 11:40:39 - [TEST_STEP][PASSED] - Statement - OwnerID = OwnerID.toLowerCase() + "@gmail.com": null

2018-12-13 11:40:39 - [TEST_STEP][PASSED] - Statement - println(OwnerID): null

2018-12-13 11:40:39 - [TEST_STEP][PASSED] - delay: Delayed 2 second(s)

2018-12-13 11:40:41 - [MESSAGE][PASSED] - Delayed 2 second(s)

2018-12-13 11:40:41 - [MESSAGE][PASSED] - Call Test Case 'Test Cases/Final Aug 2018 - PKS Automation/Common/Workflow Owner Finder' successfully

2018-12-13 11:40:41 - [TEST_STEP][PASSED] - delay: Delayed 1 second(s)

2018-12-13 11:40:42 - [MESSAGE][PASSED] - Delayed 1 second(s)

2018-12-13 11:40:42 - [TEST_STEP][PASSED] - navigateToUrl: Navigate to 'https://assist2-uat.perkeso.gov.my/c/portal/logout' successfully

2018-12-13 11:40:43 - [MESSAGE][PASSED] - Navigate to 'https://assist2-uat.perkeso.gov.my/c/portal/logout' successfully

2018-12-13 11:40:43 - [TEST_STEP][PASSED] - delay: Delayed 1 second(s)

2018-12-13 11:40:44 - [MESSAGE][PASSED] - Delayed 1 second(s)

2018-12-13 11:40:44 - [TEST_STEP][PASSED] - callTestCase: Call Test Case 'Test Cases/Final Aug 2018 - PKS Automation/Registration Module/Workflow/Login and Search Case For Workflow' successfully

2018-12-13 11:40:44 - [TEST_CASE][PASSED] - Test Cases/Final Aug 2018 - PKS Automation/Registration Module/Workflow/Login and Search Case For Workflow: Test Cases/Final Aug 2018 - PKS Automation/Registration Module/Workflow/Login and Search Case For Workflow

2018-12-13 11:40:44 - [TEST_STEP][PASSED] - navigateToUrl: Navigate to 'https://assist2-uat.perkeso.gov.my/login' successfully

2018-12-13 11:40:45 - [MESSAGE][PASSED] - Navigate to 'https://assist2-uat.perkeso.gov.my/login' successfully

2018-12-13 11:40:45 - [TEST_STEP][PASSED] - setText: Text 'johoruo1@gmail.com' is set on object 'Object Repository/Final Object Repo/Login Page/Internal User/Email Address'

2018-12-13 11:40:45 - [MESSAGE][PASSED] - Text 'johoruo1@gmail.com' is set on object 'Object Repository/Final Object Repo/Login Page/Internal User/Email Address'

2018-12-13 11:40:45 - [TEST_STEP][PASSED] - click: Object: 'Object Repository/Final Object Repo/Login Page/Internal User/Next Button' is clicked on

2018-12-13 11:40:45 - [MESSAGE][PASSED] - Object: 'Object Repository/Final Object Repo/Login Page/Internal User/Next Button' is clicked on

2018-12-13 11:40:45 - [TEST_STEP][PASSED] - delay: Delayed 1 second(s)

2018-12-13 11:40:46 - [MESSAGE][PASSED] - Delayed 1 second(s)

2018-12-13 11:40:46 - [TEST_STEP][PASSED] - setEncryptedText: Text ****** has been set on object 'Object Repository/Final Object Repo/Login Page/Internal User/Password'

2018-12-13 11:40:46 - [MESSAGE][PASSED] - Text ****** has been set on object 'Object Repository/Final Object Repo/Login Page/Internal User/Password'

2018-12-13 11:40:46 - [TEST_STEP][PASSED] - click: Object: 'Object Repository/Final Object Repo/Login Page/Internal User/Login Button' is clicked on

2018-12-13 11:40:47 - [MESSAGE][PASSED] - Object: 'Object Repository/Final Object Repo/Login Page/Internal User/Login Button' is clicked on

2018-12-13 11:40:47 - [TEST_STEP][PASSED] - delay: Delayed 2 second(s)

2018-12-13 11:40:49 - [MESSAGE][PASSED] - Delayed 2 second(s)

2018-12-13 11:40:49 - [TEST_STEP][PASSED] - Statement - Try: Delayed 2 second(s)

2018-12-13 11:40:49 - [TEST_STEP][PASSED] - Statement - Checker = false: null

2018-12-13 11:40:49 - [TEST_STEP][PASSED] - Statement - Checker = com.kms.katalon.core.webui.keyword.WebUiBuiltInKeywords.verifyElementHasAttribute(com.kms.katalon.core.testobject.ObjectRepository.findTestObject(Final Object Repo/Landing Page/BM Detecting), "href", 20, OPTIONAL): Object 'Object Repository/Final Object Repo/Landing Page/BM Detecting' has attribute 'href'

2018-12-13 11:40:49 - [MESSAGE][PASSED] - Object 'Object Repository/Final Object Repo/Landing Page/BM Detecting' has attribute 'href'

2018-12-13 11:40:49 - [TEST_STEP][PASSED] - Statement - out.println(Checker): null

2018-12-13 11:40:49 - [TEST_STEP][PASSED] - Statement - If (Checker == false): null

2018-12-13 11:40:49 - [TEST_STEP][PASSED] - Statement - Else: null

2018-12-13 11:40:49 - [TEST_STEP][PASSED] - delay: Delayed 2 second(s)

2018-12-13 11:40:51 - [MESSAGE][PASSED] - Delayed 2 second(s)

2018-12-13 11:40:51 - [TEST_STEP][PASSED] - click: Object: 'Object Repository/Final Object Repo/Page_MyASSIST - ASSIST - Search Pending Case For Add Supporting Document/Search Information' is clicked on

2018-12-13 11:40:51 - [MESSAGE][PASSED] - Object: 'Object Repository/Final Object Repo/Page_MyASSIST - ASSIST - Search Pending Case For Add Supporting Document/Search Information' is clicked on

2018-12-13 11:40:51 - [TEST_STEP][PASSED] - delay: Delayed 3 second(s)

2018-12-13 11:40:54 - [MESSAGE][PASSED] - Delayed 3 second(s)

2018-12-13 11:40:54 - [TEST_STEP][PASSED] - sendKeys: Keys 'CUN122018C200001734' sent to object: 'Object Repository/Final Object Repo/Page_MyASSIST - ASSIST - Search Pending Case For Add Supporting Document/Reference No'

2018-12-13 11:40:54 - [MESSAGE][PASSED] - Keys 'CUN122018C200001734' sent to object: 'Object Repository/Final Object Repo/Page_MyASSIST - ASSIST - Search Pending Case For Add Supporting Document/Reference No'

2018-12-13 11:40:54 - [TEST_STEP][PASSED] - click: Object: 'Object Repository/Final Object Repo/Page_MyASSIST - ASSIST - Search Pending Case For Add Supporting Document/Search Reference No' is clicked on

2018-12-13 11:40:54 - [MESSAGE][PASSED] - Object: 'Object Repository/Final Object Repo/Page_MyASSIST - ASSIST - Search Pending Case For Add Supporting Document/Search Reference No' is clicked on

2018-12-13 11:40:54 - [TEST_STEP][PASSED] - delay: Delayed 2 second(s)

2018-12-13 11:40:56 - [MESSAGE][PASSED] - Delayed 2 second(s)

2018-12-13 11:40:56 - [TEST_STEP][PASSED] - click: Object: 'Object Repository/Final Object Repo/Page_MyASSIST - ASSIST - Search Pending Case For Add Supporting Document/Continue' is clicked on

2018-12-13 11:41:00 - [MESSAGE][PASSED] - Object: 'Object Repository/Final Object Repo/Page_MyASSIST - ASSIST - Search Pending Case For Add Supporting Document/Continue' is clicked on

2018-12-13 11:41:00 - [TEST_STEP][PASSED] - delay: Delayed 20 second(s)

2018-12-13 11:41:20 - [MESSAGE][PASSED] - Delayed 20 second(s)

2018-12-13 11:41:20 - [MESSAGE][PASSED] - Call Test Case 'Test Cases/Final Aug 2018 - PKS Automation/Registration Module/Workflow/Login and Search Case For Workflow' successfully

2018-12-13 11:41:20 - [TEST_STEP][PASSED] - click: Object: 'Object Repository/Final Object Repo/Page_Form 1A - Cessation As Employer/Page_Form 1A - Cessation As Employer (Approve)/Save  Continue in Form 1A Page' is clicked on

2018-12-13 11:41:20 - [MESSAGE][PASSED] - Object: 'Object Repository/Final Object Repo/Page_Form 1A - Cessation As Employer/Page_Form 1A - Cessation As Employer (Approve)/Save  Continue in Form 1A Page' is clicked on

2018-12-13 11:41:20 - [TEST_STEP][PASSED] - delay: Delayed 2 second(s)

2018-12-13 11:41:22 - [MESSAGE][PASSED] - Delayed 2 second(s)

2018-12-13 11:41:22 - [TEST_STEP][PASSED] - click: Object: 'Object Repository/Final Object Repo/Page_Form 1A - Cessation As Employer/Employment Resign Date' is clicked on

2018-12-13 11:41:22 - [MESSAGE][PASSED] - Object: 'Object Repository/Final Object Repo/Page_Form 1A - Cessation As Employer/Employment Resign Date' is clicked on

2018-12-13 11:41:22 - [TEST_STEP][PASSED] - delay: Delayed 1 second(s)

2018-12-13 11:41:23 - [MESSAGE][PASSED] - Delayed 1 second(s)

2018-12-13 11:41:23 - [TEST_STEP][PASSED] - selectOptionByValue: All options with value '2030' are selected in object 'Object Repository/Final Object Repo/Page_Form 1A - Cessation As Employer/Employment Resign Date - Year' 

2018-12-13 11:41:23 - [MESSAGE][PASSED] - All options with value '2030' are selected in object 'Object Repository/Final Object Repo/Page_Form 1A - Cessation As Employer/Employment Resign Date - Year' 

2018-12-13 11:41:23 - [TEST_STEP][PASSED] - delay: Delayed 1 second(s)

2018-12-13 11:41:24 - [MESSAGE][PASSED] - Delayed 1 second(s)

2018-12-13 11:41:24 - [TEST_STEP][PASSED] - click: Object: 'Object Repository/Final Object Repo/Page_Form 1A - Cessation As Employer/Employment Resign Date - Year - Date' is clicked on

2018-12-13 11:41:25 - [MESSAGE][PASSED] - Object: 'Object Repository/Final Object Repo/Page_Form 1A - Cessation As Employer/Employment Resign Date - Year - Date' is clicked on

2018-12-13 11:41:25 - [TEST_STEP][PASSED] - delay: Delayed 2 second(s)

2018-12-13 11:41:27 - [MESSAGE][PASSED] - Delayed 2 second(s)

2018-12-13 11:41:27 - [TEST_STEP][PASSED] - click: Object: 'Object Repository/Final Object Repo/Page_Form 1A - Cessation As Employer/Page_Form 1A - Cessation As Employer (Approve)/Save  Continue in Update Add Employee Resigned Date Page' is clicked on

2018-12-13 11:41:27 - [MESSAGE][PASSED] - Object: 'Object Repository/Final Object Repo/Page_Form 1A - Cessation As Employer/Page_Form 1A - Cessation As Employer (Approve)/Save  Continue in Update Add Employee Resigned Date Page' is clicked on

2018-12-13 11:41:27 - [TEST_STEP][PASSED] - delay: Delayed 2 second(s)

2018-12-13 11:41:29 - [MESSAGE][PASSED] - Delayed 2 second(s)

2018-12-13 11:41:29 - [TEST_STEP][PASSED] - click: Object: 'Object Repository/Final Object Repo/Page_Form 1A - Cessation As Employer/Set Latest - Yes' is clicked on

2018-12-13 11:41:29 - [MESSAGE][PASSED] - Object: 'Object Repository/Final Object Repo/Page_Form 1A - Cessation As Employer/Set Latest - Yes' is clicked on

2018-12-13 11:41:29 - [TEST_STEP][PASSED] - delay: Delayed 2 second(s)

2018-12-13 11:41:31 - [MESSAGE][PASSED] - Delayed 2 second(s)

2018-12-13 11:41:31 - [TEST_STEP][PASSED] - click: Object: 'Object Repository/Final Object Repo/Page_Form 1A - Cessation As Employer/Page_Form 1A - Cessation As Employer (Approve)/Save  Contine in Uploading Document Page' is clicked on

2018-12-13 11:41:32 - [MESSAGE][PASSED] - Object: 'Object Repository/Final Object Repo/Page_Form 1A - Cessation As Employer/Page_Form 1A - Cessation As Employer (Approve)/Save  Contine in Uploading Document Page' is clicked on

2018-12-13 11:41:32 - [TEST_STEP][PASSED] - delay: Delayed 2 second(s)

2018-12-13 11:41:34 - [MESSAGE][PASSED] - Delayed 2 second(s)

2018-12-13 11:41:34 - [TEST_STEP][PASSED] - click: Object: 'Object Repository/Final Object Repo/Page_Form 1A - Cessation As Employer/Page_Form 1A - Cessation As Employer (Under enforcement)/Under enforcement' is clicked on

2018-12-13 11:41:37 - [MESSAGE][PASSED] - Object: 'Object Repository/Final Object Repo/Page_Form 1A - Cessation As Employer/Page_Form 1A - Cessation As Employer (Under enforcement)/Under enforcement' is clicked on

2018-12-13 11:41:37 - [TEST_STEP][PASSED] - delay: Delayed 2 second(s)

2018-12-13 11:41:39 - [MESSAGE][PASSED] - Delayed 2 second(s)

2018-12-13 11:41:39 - [TEST_STEP][PASSED] - setText: Text 'remark' is set on object 'Object Repository/Final Object Repo/Page_Form 1A - Cessation As Employer/Page_Form 1A - Cessation As Employer (Under enforcement)/Under enforcement - remark'

2018-12-13 11:41:39 - [MESSAGE][PASSED] - Text 'remark' is set on object 'Object Repository/Final Object Repo/Page_Form 1A - Cessation As Employer/Page_Form 1A - Cessation As Employer (Under enforcement)/Under enforcement - remark'

2018-12-13 11:41:39 - [TEST_STEP][PASSED] - delay: Delayed 2 second(s)

2018-12-13 11:41:41 - [MESSAGE][PASSED] - Delayed 2 second(s)

2018-12-13 11:41:41 - [TEST_STEP][PASSED] - click: Object: 'Object Repository/Final Object Repo/Page_Form 1A - Cessation As Employer/Page_Form 1A - Cessation As Employer (Under enforcement)/Save  Continue in Under enforcement Page' is clicked on

2018-12-13 11:41:42 - [MESSAGE][PASSED] - Object: 'Object Repository/Final Object Repo/Page_Form 1A - Cessation As Employer/Page_Form 1A - Cessation As Employer (Under enforcement)/Save  Continue in Under enforcement Page' is clicked on

2018-12-13 11:41:42 - [TEST_STEP][PASSED] - delay: Delayed 2 second(s)

2018-12-13 11:41:44 - [MESSAGE][PASSED] - Delayed 2 second(s)

2018-12-13 11:41:44 - [TEST_STEP][PASSED] - click: Object: 'Object Repository/Final Object Repo/Page_Form 1A - Cessation As Employer/Page_Form 1A - Cessation As Employer (Under enforcement)/Message The case is under enforcement' is clicked on

2018-12-13 11:41:46 - [MESSAGE][PASSED] - Object: 'Object Repository/Final Object Repo/Page_Form 1A - Cessation As Employer/Page_Form 1A - Cessation As Employer (Under enforcement)/Message The case is under enforcement' is clicked on

2018-12-13 11:41:46 - [MESSAGE][PASSED] - Call Test Case 'Test Cases/Final Aug 2018 - PKS Automation/Registration Module/Workflow/Form 1A - Cessation As Employer/Template/Form 1 A - Cessation As Employer (Under enforcement)' successfully]]></system-out>
         <system-err><![CDATA[]]></system-err>
      </testcase>
      <system-out><![CDATA[2018-12-13 10:30:56 - [TEST_SUITE][PASSED] - Form 1A - Cessation as Employer: Test Cases/Final Aug 2018 - PKS Automation/Registration Module/Workflow/Form 1A - Cessation As Employer/PKRBO to UO (Under enforcement)]]></system-out>
      <system-err><![CDATA[]]></system-err>
   </testsuite>
</testsuites>
