<?xml version="1.0" encoding="UTF-8"?>
<testsuites name="Form 3 EIS - Cessation as Employer" time="8093" tests="0" failures="11" errors="1">
   <testsuite name="Form 3 EIS - Cessation as Employer" tests="0" failures="11" errors="1" time="8093" timestamp="2018-10-20 08:02:50" hostname="Wei Zheng - 192.168.137.1" id="Test Suites/Workflow/Form 3 EIS - Cessation as Employer">
      <properties>
         <property name="deviceName" value=""/>
         <property name="devicePlatform" value=""/>
         <property name="logFolder" value="C:\\Users\\LENOVO\\Katalon Studio\\Perkeso Phase A\\Reports\\Workflow\\Form 3 EIS - Cessation as Employer\\20181020_023210"/>
         <property name="logFiles" value="C:\\Users\\LENOVO\\Katalon Studio\\Perkeso Phase A\\Reports\\Workflow\\Form 3 EIS - Cessation as Employer\\20181020_023210\\execution0.log"/>
         <property name="attachments" value="C:\\Users\\LENOVO\\Katalon Studio\\Perkeso Phase A\\Reports\\Workflow\\Form 3 EIS - Cessation as Employer\\20181020_023210\\1539994409206.png, C:\\Users\\LENOVO\\Katalon Studio\\Perkeso Phase A\\Reports\\Workflow\\Form 3 EIS - Cessation as Employer\\20181020_023210\\1539994549629.png, C:\\Users\\LENOVO\\Katalon Studio\\Perkeso Phase A\\Reports\\Workflow\\Form 3 EIS - Cessation as Employer\\20181020_023210\\1539994680058.png, C:\\Users\\LENOVO\\Katalon Studio\\Perkeso Phase A\\Reports\\Workflow\\Form 3 EIS - Cessation as Employer\\20181020_023210\\1539994812620.png, C:\\Users\\LENOVO\\Katalon Studio\\Perkeso Phase A\\Reports\\Workflow\\Form 3 EIS - Cessation as Employer\\20181020_023210\\1539994950861.png, C:\\Users\\LENOVO\\Katalon Studio\\Perkeso Phase A\\Reports\\Workflow\\Form 3 EIS - Cessation as Employer\\20181020_023210\\1539995092235.png, C:\\Users\\LENOVO\\Katalon Studio\\Perkeso Phase A\\Reports\\Workflow\\Form 3 EIS - Cessation as Employer\\20181020_023210\\1539995225205.png, C:\\Users\\LENOVO\\Katalon Studio\\Perkeso Phase A\\Reports\\Workflow\\Form 3 EIS - Cessation as Employer\\20181020_023210\\1539995357301.png, C:\\Users\\LENOVO\\Katalon Studio\\Perkeso Phase A\\Reports\\Workflow\\Form 3 EIS - Cessation as Employer\\20181020_023210\\1539995490516.png, C:\\Users\\LENOVO\\Katalon Studio\\Perkeso Phase A\\Reports\\Workflow\\Form 3 EIS - Cessation as Employer\\20181020_023210\\1539995620963.png, C:\\Users\\LENOVO\\Katalon Studio\\Perkeso Phase A\\Reports\\Workflow\\Form 3 EIS - Cessation as Employer\\20181020_023210\\1539995705048.png, C:\\Users\\LENOVO\\Katalon Studio\\Perkeso Phase A\\Reports\\Workflow\\Form 3 EIS - Cessation as Employer\\20181020_023210\\1539995843120.png, C:\\Users\\LENOVO\\Katalon Studio\\Perkeso Phase A\\Reports\\Workflow\\Form 3 EIS - Cessation as Employer\\20181020_023210\\1539995850751.png, C:\\Users\\LENOVO\\Katalon Studio\\Perkeso Phase A\\Reports\\Workflow\\Form 3 EIS - Cessation as Employer\\20181020_023210\\1539995983053.png, C:\\Users\\LENOVO\\Katalon Studio\\Perkeso Phase A\\Reports\\Workflow\\Form 3 EIS - Cessation as Employer\\20181020_023210\\1539996115773.png, C:\\Users\\LENOVO\\Katalon Studio\\Perkeso Phase A\\Reports\\Workflow\\Form 3 EIS - Cessation as Employer\\20181020_023210\\1539996118178.png, C:\\Users\\LENOVO\\Katalon Studio\\Perkeso Phase A\\Reports\\Workflow\\Form 3 EIS - Cessation as Employer\\20181020_023210\\1539996259128.png, C:\\Users\\LENOVO\\Katalon Studio\\Perkeso Phase A\\Reports\\Workflow\\Form 3 EIS - Cessation as Employer\\20181020_023210\\1539996351603.png, C:\\Users\\LENOVO\\Katalon Studio\\Perkeso Phase A\\Reports\\Workflow\\Form 3 EIS - Cessation as Employer\\20181020_023210\\1539996489351.png, C:\\Users\\LENOVO\\Katalon Studio\\Perkeso Phase A\\Reports\\Workflow\\Form 3 EIS - Cessation as Employer\\20181020_023210\\1539996496933.png, C:\\Users\\LENOVO\\Katalon Studio\\Perkeso Phase A\\Reports\\Workflow\\Form 3 EIS - Cessation as Employer\\20181020_023210\\1539996629122.png, C:\\Users\\LENOVO\\Katalon Studio\\Perkeso Phase A\\Reports\\Workflow\\Form 3 EIS - Cessation as Employer\\20181020_023210\\1539996761759.png, C:\\Users\\LENOVO\\Katalon Studio\\Perkeso Phase A\\Reports\\Workflow\\Form 3 EIS - Cessation as Employer\\20181020_023210\\1539996764172.png, C:\\Users\\LENOVO\\Katalon Studio\\Perkeso Phase A\\Reports\\Workflow\\Form 3 EIS - Cessation as Employer\\20181020_023210\\1539996903810.png, C:\\Users\\LENOVO\\Katalon Studio\\Perkeso Phase A\\Reports\\Workflow\\Form 3 EIS - Cessation as Employer\\20181020_023210\\1539996986458.png, C:\\Users\\LENOVO\\Katalon Studio\\Perkeso Phase A\\Reports\\Workflow\\Form 3 EIS - Cessation as Employer\\20181020_023210\\1539997124266.png, C:\\Users\\LENOVO\\Katalon Studio\\Perkeso Phase A\\Reports\\Workflow\\Form 3 EIS - Cessation as Employer\\20181020_023210\\1539997131857.png, C:\\Users\\LENOVO\\Katalon Studio\\Perkeso Phase A\\Reports\\Workflow\\Form 3 EIS - Cessation as Employer\\20181020_023210\\1539997264259.png, C:\\Users\\LENOVO\\Katalon Studio\\Perkeso Phase A\\Reports\\Workflow\\Form 3 EIS - Cessation as Employer\\20181020_023210\\1539997396875.png, C:\\Users\\LENOVO\\Katalon Studio\\Perkeso Phase A\\Reports\\Workflow\\Form 3 EIS - Cessation as Employer\\20181020_023210\\1539997399277.png, C:\\Users\\LENOVO\\Katalon Studio\\Perkeso Phase A\\Reports\\Workflow\\Form 3 EIS - Cessation as Employer\\20181020_023210\\1539997540188.png, C:\\Users\\LENOVO\\Katalon Studio\\Perkeso Phase A\\Reports\\Workflow\\Form 3 EIS - Cessation as Employer\\20181020_023210\\1539997625102.png, C:\\Users\\LENOVO\\Katalon Studio\\Perkeso Phase A\\Reports\\Workflow\\Form 3 EIS - Cessation as Employer\\20181020_023210\\1539997762991.png, C:\\Users\\LENOVO\\Katalon Studio\\Perkeso Phase A\\Reports\\Workflow\\Form 3 EIS - Cessation as Employer\\20181020_023210\\1539997770539.png, C:\\Users\\LENOVO\\Katalon Studio\\Perkeso Phase A\\Reports\\Workflow\\Form 3 EIS - Cessation as Employer\\20181020_023210\\1539997902808.png, C:\\Users\\LENOVO\\Katalon Studio\\Perkeso Phase A\\Reports\\Workflow\\Form 3 EIS - Cessation as Employer\\20181020_023210\\1539998035562.png, C:\\Users\\LENOVO\\Katalon Studio\\Perkeso Phase A\\Reports\\Workflow\\Form 3 EIS - Cessation as Employer\\20181020_023210\\1539998037962.png, C:\\Users\\LENOVO\\Katalon Studio\\Perkeso Phase A\\Reports\\Workflow\\Form 3 EIS - Cessation as Employer\\20181020_023210\\1539998178830.png, C:\\Users\\LENOVO\\Katalon Studio\\Perkeso Phase A\\Reports\\Workflow\\Form 3 EIS - Cessation as Employer\\20181020_023210\\1539998261530.png, C:\\Users\\LENOVO\\Katalon Studio\\Perkeso Phase A\\Reports\\Workflow\\Form 3 EIS - Cessation as Employer\\20181020_023210\\1539998398582.png, C:\\Users\\LENOVO\\Katalon Studio\\Perkeso Phase A\\Reports\\Workflow\\Form 3 EIS - Cessation as Employer\\20181020_023210\\1539998406166.png, C:\\Users\\LENOVO\\Katalon Studio\\Perkeso Phase A\\Reports\\Workflow\\Form 3 EIS - Cessation as Employer\\20181020_023210\\1539998538434.png, C:\\Users\\LENOVO\\Katalon Studio\\Perkeso Phase A\\Reports\\Workflow\\Form 3 EIS - Cessation as Employer\\20181020_023210\\1539998670968.png, C:\\Users\\LENOVO\\Katalon Studio\\Perkeso Phase A\\Reports\\Workflow\\Form 3 EIS - Cessation as Employer\\20181020_023210\\1539998673378.png, C:\\Users\\LENOVO\\Katalon Studio\\Perkeso Phase A\\Reports\\Workflow\\Form 3 EIS - Cessation as Employer\\20181020_023210\\1539998813924.png, C:\\Users\\LENOVO\\Katalon Studio\\Perkeso Phase A\\Reports\\Workflow\\Form 3 EIS - Cessation as Employer\\20181020_023210\\1539998895849.png, C:\\Users\\LENOVO\\Katalon Studio\\Perkeso Phase A\\Reports\\Workflow\\Form 3 EIS - Cessation as Employer\\20181020_023210\\1539999032734.png, C:\\Users\\LENOVO\\Katalon Studio\\Perkeso Phase A\\Reports\\Workflow\\Form 3 EIS - Cessation as Employer\\20181020_023210\\1539999040279.png, C:\\Users\\LENOVO\\Katalon Studio\\Perkeso Phase A\\Reports\\Workflow\\Form 3 EIS - Cessation as Employer\\20181020_023210\\1539999172359.png, C:\\Users\\LENOVO\\Katalon Studio\\Perkeso Phase A\\Reports\\Workflow\\Form 3 EIS - Cessation as Employer\\20181020_023210\\1539999304759.png, C:\\Users\\LENOVO\\Katalon Studio\\Perkeso Phase A\\Reports\\Workflow\\Form 3 EIS - Cessation as Employer\\20181020_023210\\1539999307186.png, C:\\Users\\LENOVO\\Katalon Studio\\Perkeso Phase A\\Reports\\Workflow\\Form 3 EIS - Cessation as Employer\\20181020_023210\\1539999447962.png, C:\\Users\\LENOVO\\Katalon Studio\\Perkeso Phase A\\Reports\\Workflow\\Form 3 EIS - Cessation as Employer\\20181020_023210\\1539999532431.png, C:\\Users\\LENOVO\\Katalon Studio\\Perkeso Phase A\\Reports\\Workflow\\Form 3 EIS - Cessation as Employer\\20181020_023210\\1539999669512.png, C:\\Users\\LENOVO\\Katalon Studio\\Perkeso Phase A\\Reports\\Workflow\\Form 3 EIS - Cessation as Employer\\20181020_023210\\1539999677097.png, C:\\Users\\LENOVO\\Katalon Studio\\Perkeso Phase A\\Reports\\Workflow\\Form 3 EIS - Cessation as Employer\\20181020_023210\\1539999809311.png, C:\\Users\\LENOVO\\Katalon Studio\\Perkeso Phase A\\Reports\\Workflow\\Form 3 EIS - Cessation as Employer\\20181020_023210\\1539999941966.png, C:\\Users\\LENOVO\\Katalon Studio\\Perkeso Phase A\\Reports\\Workflow\\Form 3 EIS - Cessation as Employer\\20181020_023210\\1539999944379.png, C:\\Users\\LENOVO\\Katalon Studio\\Perkeso Phase A\\Reports\\Workflow\\Form 3 EIS - Cessation as Employer\\20181020_023210\\1540000085150.png, C:\\Users\\LENOVO\\Katalon Studio\\Perkeso Phase A\\Reports\\Workflow\\Form 3 EIS - Cessation as Employer\\20181020_023210\\1540000175526.png, C:\\Users\\LENOVO\\Katalon Studio\\Perkeso Phase A\\Reports\\Workflow\\Form 3 EIS - Cessation as Employer\\20181020_023210\\1540000307843.png, C:\\Users\\LENOVO\\Katalon Studio\\Perkeso Phase A\\Reports\\Workflow\\Form 3 EIS - Cessation as Employer\\20181020_023210\\1540000440827.png, C:\\Users\\LENOVO\\Katalon Studio\\Perkeso Phase A\\Reports\\Workflow\\Form 3 EIS - Cessation as Employer\\20181020_023210\\1540000443252.png, C:\\Users\\LENOVO\\Katalon Studio\\Perkeso Phase A\\Reports\\Workflow\\Form 3 EIS - Cessation as Employer\\20181020_023210\\1540000582798.png, C:\\Users\\LENOVO\\Katalon Studio\\Perkeso Phase A\\Reports\\Workflow\\Form 3 EIS - Cessation as Employer\\20181020_023210\\1540000667340.png, C:\\Users\\LENOVO\\Katalon Studio\\Perkeso Phase A\\Reports\\Workflow\\Form 3 EIS - Cessation as Employer\\20181020_023210\\1540000804802.png, C:\\Users\\LENOVO\\Katalon Studio\\Perkeso Phase A\\Reports\\Workflow\\Form 3 EIS - Cessation as Employer\\20181020_023210\\1540000812368.png, C:\\Users\\LENOVO\\Katalon Studio\\Perkeso Phase A\\Reports\\Workflow\\Form 3 EIS - Cessation as Employer\\20181020_023210\\1540000944510.png, C:\\Users\\LENOVO\\Katalon Studio\\Perkeso Phase A\\Reports\\Workflow\\Form 3 EIS - Cessation as Employer\\20181020_023210\\1540001076984.png, C:\\Users\\LENOVO\\Katalon Studio\\Perkeso Phase A\\Reports\\Workflow\\Form 3 EIS - Cessation as Employer\\20181020_023210\\1540001079414.png, C:\\Users\\LENOVO\\Katalon Studio\\Perkeso Phase A\\Reports\\Workflow\\Form 3 EIS - Cessation as Employer\\20181020_023210\\1540001220085.png, C:\\Users\\LENOVO\\Katalon Studio\\Perkeso Phase A\\Reports\\Workflow\\Form 3 EIS - Cessation as Employer\\20181020_023210\\1540001310132.png, C:\\Users\\LENOVO\\Katalon Studio\\Perkeso Phase A\\Reports\\Workflow\\Form 3 EIS - Cessation as Employer\\20181020_023210\\1540001447950.png, C:\\Users\\LENOVO\\Katalon Studio\\Perkeso Phase A\\Reports\\Workflow\\Form 3 EIS - Cessation as Employer\\20181020_023210\\1540001455514.png, C:\\Users\\LENOVO\\Katalon Studio\\Perkeso Phase A\\Reports\\Workflow\\Form 3 EIS - Cessation as Employer\\20181020_023210\\1540001587396.png, C:\\Users\\LENOVO\\Katalon Studio\\Perkeso Phase A\\Reports\\Workflow\\Form 3 EIS - Cessation as Employer\\20181020_023210\\1540001719974.png, C:\\Users\\LENOVO\\Katalon Studio\\Perkeso Phase A\\Reports\\Workflow\\Form 3 EIS - Cessation as Employer\\20181020_023210\\1540001722358.png, C:\\Users\\LENOVO\\Katalon Studio\\Perkeso Phase A\\Reports\\Workflow\\Form 3 EIS - Cessation as Employer\\20181020_023210\\1540001863157.png"/>
         <property name="hostName" value="Wei Zheng - 192.168.137.1"/>
         <property name="os" value="Windows 7 64bit"/>
         <property name="katalonVersion" value="5.7.1.1"/>
         <property name="browser" value="Chrome 69.0.3497.100"/>
         <property name="hostAddress" value="192.168.137.1"/>
         <property name="sessionId" value="920767a759bbe80193867d62fb512707"/>
         <property name="seleniumVersion" value="3.7.1"/>
         <property name="proxyInformation" value="ProxyInformation{proxyOption=USE_SYSTEM, proxyServerType=HTTP, password=, proxyServerAddress=, proxyServerPort=0}"/>
         <property name="platform" value="Windows 7"/>
      </properties>
      <testcase name="Test Cases/Final Aug 2018 - PKS Automation/Registration Module/Workflow/Form 3 EIS - Cessation As Employer/Employer to UO (Approve)" classname="Test Cases/Final Aug 2018 - PKS Automation/Registration Module/Workflow/Form 3 EIS - Cessation As Employer/Employer to UO (Approve)" status="FAILED">
         <failure type="FAILED" message="(Stack trace: com.kms.katalon.core.exception.StepFailedException: Unable to click on object 'Object Repository/Final Object Repo/Page_Form 3 EIS - Cessation as Employer/Add Document' (Root cause: com.kms.katalon.core.webui.exception.WebElementNotFoundException: Web element with id: 'Object Repository/Final Object Repo/Page_Form 3 EIS - Cessation as Employer/Add Document' located by 'By.xpath: //a[(text() = '
					ADD DOCUMENT
	             ' or . = '
					ADD DOCUMENT
	             ')]' not found)
	at com.kms.katalon.core.keyword.internal.KeywordMain.stepFailed(KeywordMain.groovy:32)
	at com.kms.katalon.core.webui.keyword.internal.WebUIKeywordMain.stepFailed(WebUIKeywordMain.groovy:65)
	at com.kms.katalon.core.webui.keyword.internal.WebUIKeywordMain.runKeyword(WebUIKeywordMain.groovy:27)
	at com.kms.katalon.core.webui.keyword.builtin.ClickKeyword.click(ClickKeyword.groovy:86)
	at com.kms.katalon.core.webui.keyword.builtin.ClickKeyword.execute(ClickKeyword.groovy:67)
	at com.kms.katalon.core.keyword.internal.KeywordExecutor.executeKeywordForPlatform(KeywordExecutor.groovy:53)
	at com.kms.katalon.core.webui.keyword.WebUiBuiltInKeywords.click(WebUiBuiltInKeywords.groovy:616)
	at com.kms.katalon.core.webui.keyword.WebUiBuiltInKeywords$click$2.call(Unknown Source)
	at org.codehaus.groovy.runtime.callsite.CallSiteArray.defaultCall(CallSiteArray.java:48)
	at org.codehaus.groovy.runtime.callsite.AbstractCallSite.call(AbstractCallSite.java:113)
	at org.codehaus.groovy.runtime.callsite.AbstractCallSite.call(AbstractCallSite.java:125)
	at Script1536732166908.run(Script1536732166908.groovy:82)
	at com.kms.katalon.core.main.ScriptEngine.run(ScriptEngine.java:183)
	at com.kms.katalon.core.main.ScriptEngine.runScriptAsRawText(ScriptEngine.java:108)
	at com.kms.katalon.core.main.TestCaseExecutor.runScript(TestCaseExecutor.java:294)
	at com.kms.katalon.core.main.TestCaseExecutor.doExecute(TestCaseExecutor.java:285)
	at com.kms.katalon.core.main.TestCaseExecutor.processExecutionPhase(TestCaseExecutor.java:264)
	at com.kms.katalon.core.main.TestCaseExecutor.accessMainPhase(TestCaseExecutor.java:256)
	at com.kms.katalon.core.main.TestCaseExecutor.execute(TestCaseExecutor.java:200)
	at com.kms.katalon.core.main.TestCaseMain.runTestCase(TestCaseMain.java:99)
	at com.kms.katalon.core.keyword.builtin.CallTestCaseKeyword$_callTestCase_closure1.doCall(CallTestCaseKeyword.groovy:60)
	at com.kms.katalon.core.keyword.builtin.CallTestCaseKeyword$_callTestCase_closure1.call(CallTestCaseKeyword.groovy)
	at com.kms.katalon.core.keyword.internal.KeywordMain.runKeyword(KeywordMain.groovy:54)
	at com.kms.katalon.core.keyword.builtin.CallTestCaseKeyword.callTestCase(CallTestCaseKeyword.groovy:81)
	at com.kms.katalon.core.keyword.builtin.CallTestCaseKeyword.execute(CallTestCaseKeyword.groovy:45)
	at com.kms.katalon.core.keyword.internal.KeywordExecutor.executeKeywordForPlatform(KeywordExecutor.groovy:53)
	at com.kms.katalon.core.keyword.BuiltinKeywords.callTestCase(BuiltinKeywords.groovy:334)
	at sun.reflect.NativeMethodAccessorImpl.invoke0(Native Method)
	at sun.reflect.NativeMethodAccessorImpl.invoke(NativeMethodAccessorImpl.java:62)
	at sun.reflect.DelegatingMethodAccessorImpl.invoke(DelegatingMethodAccessorImpl.java:43)
	at java.lang.reflect.Method.invoke(Method.java:498)
	at org.codehaus.groovy.reflection.CachedMethod.invoke(CachedMethod.java:93)
	at groovy.lang.MetaMethod.doMethodInvoke(MetaMethod.java:325)
	at groovy.lang.MetaClassImpl.invokeStaticMethod(MetaClassImpl.java:1469)
	at org.codehaus.groovy.runtime.callsite.StaticMetaClassSite.call(StaticMetaClassSite.java:53)
	at org.codehaus.groovy.runtime.callsite.CallSiteArray.defaultCall(CallSiteArray.java:48)
	at org.codehaus.groovy.runtime.callsite.AbstractCallSite.call(AbstractCallSite.java:113)
	at org.codehaus.groovy.runtime.callsite.AbstractCallSite.call(AbstractCallSite.java:141)
	at Script1536733676931.run(Script1536733676931.groovy:22)
	at com.kms.katalon.core.main.ScriptEngine.run(ScriptEngine.java:183)
	at com.kms.katalon.core.main.ScriptEngine.runScriptAsRawText(ScriptEngine.java:108)
	at com.kms.katalon.core.main.TestCaseExecutor.runScript(TestCaseExecutor.java:294)
	at com.kms.katalon.core.main.TestCaseExecutor.doExecute(TestCaseExecutor.java:285)
	at com.kms.katalon.core.main.TestCaseExecutor.processExecutionPhase(TestCaseExecutor.java:264)
	at com.kms.katalon.core.main.TestCaseExecutor.accessMainPhase(TestCaseExecutor.java:256)
	at com.kms.katalon.core.main.TestCaseExecutor.execute(TestCaseExecutor.java:200)
	at com.kms.katalon.core.main.TestSuiteExecutor.accessTestCaseMainPhase(TestSuiteExecutor.java:129)
	at com.kms.katalon.core.main.TestSuiteExecutor.accessTestSuiteMainPhase(TestSuiteExecutor.java:112)
	at com.kms.katalon.core.main.TestSuiteExecutor.execute(TestSuiteExecutor.java:81)
	at com.kms.katalon.core.main.TestCaseMain.startTestSuite(TestCaseMain.java:142)
	at com.kms.katalon.core.main.TestCaseMain$startTestSuite$0.call(Unknown Source)
	at org.codehaus.groovy.runtime.callsite.CallSiteArray.defaultCall(CallSiteArray.java:48)
	at org.codehaus.groovy.runtime.callsite.AbstractCallSite.call(AbstractCallSite.java:113)
	at org.codehaus.groovy.runtime.callsite.AbstractCallSite.call(AbstractCallSite.java:141)
	at TempTestSuite1539973930605.run(TempTestSuite1539973930605.groovy:36)
	at groovy.lang.GroovyShell.runScriptOrMainOrTestOrRunnable(GroovyShell.java:263)
	at groovy.lang.GroovyShell.run(GroovyShell.java:518)
	at groovy.lang.GroovyShell.run(GroovyShell.java:507)
	at groovy.ui.GroovyMain.processOnce(GroovyMain.java:653)
	at groovy.ui.GroovyMain.run(GroovyMain.java:384)
	at groovy.ui.GroovyMain.process(GroovyMain.java:370)
	at groovy.ui.GroovyMain.processArgs(GroovyMain.java:129)
	at groovy.ui.GroovyMain.main(GroovyMain.java:109)
	at sun.reflect.NativeMethodAccessorImpl.invoke0(Native Method)
	at sun.reflect.NativeMethodAccessorImpl.invoke(NativeMethodAccessorImpl.java:62)
	at sun.reflect.DelegatingMethodAccessorImpl.invoke(DelegatingMethodAccessorImpl.java:43)
	at java.lang.reflect.Method.invoke(Method.java:498)
	at org.codehaus.groovy.tools.GroovyStarter.rootLoader(GroovyStarter.java:109)
	at org.codehaus.groovy.tools.GroovyStarter.main(GroovyStarter.java:131)
)"/>
         <system-out><![CDATA[2018-10-20 08:02:50 - [TEST_CASE][FAILED] - Test Cases/Final Aug 2018 - PKS Automation/Registration Module/Workflow/Form 3 EIS - Cessation As Employer/Employer to UO (Approve): Test Cases/Final Aug 2018 - PKS Automation/Registration Module/Workflow/Form 3 EIS - Cessation As Employer/Employer to UO (Approve) FAILED because (of) (Stack trace: com.kms.katalon.core.exception.StepFailedException: Unable to click on object 'Object Repository/Final Object Repo/Page_Form 3 EIS - Cessation as Employer/Add Document' (Root cause: com.kms.katalon.core.webui.exception.WebElementNotFoundException: Web element with id: 'Object Repository/Final Object Repo/Page_Form 3 EIS - Cessation as Employer/Add Document' located by 'By.xpath: //a[(text() = '
					ADD DOCUMENT
	             ' or . = '
					ADD DOCUMENT
	             ')]' not found)
	at com.kms.katalon.core.keyword.internal.KeywordMain.stepFailed(KeywordMain.groovy:32)
	at com.kms.katalon.core.webui.keyword.internal.WebUIKeywordMain.stepFailed(WebUIKeywordMain.groovy:65)
	at com.kms.katalon.core.webui.keyword.internal.WebUIKeywordMain.runKeyword(WebUIKeywordMain.groovy:27)
	at com.kms.katalon.core.webui.keyword.builtin.ClickKeyword.click(ClickKeyword.groovy:86)
	at com.kms.katalon.core.webui.keyword.builtin.ClickKeyword.execute(ClickKeyword.groovy:67)
	at com.kms.katalon.core.keyword.internal.KeywordExecutor.executeKeywordForPlatform(KeywordExecutor.groovy:53)
	at com.kms.katalon.core.webui.keyword.WebUiBuiltInKeywords.click(WebUiBuiltInKeywords.groovy:616)
	at com.kms.katalon.core.webui.keyword.WebUiBuiltInKeywords$click$2.call(Unknown Source)
	at org.codehaus.groovy.runtime.callsite.CallSiteArray.defaultCall(CallSiteArray.java:48)
	at org.codehaus.groovy.runtime.callsite.AbstractCallSite.call(AbstractCallSite.java:113)
	at org.codehaus.groovy.runtime.callsite.AbstractCallSite.call(AbstractCallSite.java:125)
	at Script1536732166908.run(Script1536732166908.groovy:82)
	at com.kms.katalon.core.main.ScriptEngine.run(ScriptEngine.java:183)
	at com.kms.katalon.core.main.ScriptEngine.runScriptAsRawText(ScriptEngine.java:108)
	at com.kms.katalon.core.main.TestCaseExecutor.runScript(TestCaseExecutor.java:294)
	at com.kms.katalon.core.main.TestCaseExecutor.doExecute(TestCaseExecutor.java:285)
	at com.kms.katalon.core.main.TestCaseExecutor.processExecutionPhase(TestCaseExecutor.java:264)
	at com.kms.katalon.core.main.TestCaseExecutor.accessMainPhase(TestCaseExecutor.java:256)
	at com.kms.katalon.core.main.TestCaseExecutor.execute(TestCaseExecutor.java:200)
	at com.kms.katalon.core.main.TestCaseMain.runTestCase(TestCaseMain.java:99)
	at com.kms.katalon.core.keyword.builtin.CallTestCaseKeyword$_callTestCase_closure1.doCall(CallTestCaseKeyword.groovy:60)
	at com.kms.katalon.core.keyword.builtin.CallTestCaseKeyword$_callTestCase_closure1.call(CallTestCaseKeyword.groovy)
	at com.kms.katalon.core.keyword.internal.KeywordMain.runKeyword(KeywordMain.groovy:54)
	at com.kms.katalon.core.keyword.builtin.CallTestCaseKeyword.callTestCase(CallTestCaseKeyword.groovy:81)
	at com.kms.katalon.core.keyword.builtin.CallTestCaseKeyword.execute(CallTestCaseKeyword.groovy:45)
	at com.kms.katalon.core.keyword.internal.KeywordExecutor.executeKeywordForPlatform(KeywordExecutor.groovy:53)
	at com.kms.katalon.core.keyword.BuiltinKeywords.callTestCase(BuiltinKeywords.groovy:334)
	at sun.reflect.NativeMethodAccessorImpl.invoke0(Native Method)
	at sun.reflect.NativeMethodAccessorImpl.invoke(NativeMethodAccessorImpl.java:62)
	at sun.reflect.DelegatingMethodAccessorImpl.invoke(DelegatingMethodAccessorImpl.java:43)
	at java.lang.reflect.Method.invoke(Method.java:498)
	at org.codehaus.groovy.reflection.CachedMethod.invoke(CachedMethod.java:93)
	at groovy.lang.MetaMethod.doMethodInvoke(MetaMethod.java:325)
	at groovy.lang.MetaClassImpl.invokeStaticMethod(MetaClassImpl.java:1469)
	at org.codehaus.groovy.runtime.callsite.StaticMetaClassSite.call(StaticMetaClassSite.java:53)
	at org.codehaus.groovy.runtime.callsite.CallSiteArray.defaultCall(CallSiteArray.java:48)
	at org.codehaus.groovy.runtime.callsite.AbstractCallSite.call(AbstractCallSite.java:113)
	at org.codehaus.groovy.runtime.callsite.AbstractCallSite.call(AbstractCallSite.java:141)
	at Script1536733676931.run(Script1536733676931.groovy:22)
	at com.kms.katalon.core.main.ScriptEngine.run(ScriptEngine.java:183)
	at com.kms.katalon.core.main.ScriptEngine.runScriptAsRawText(ScriptEngine.java:108)
	at com.kms.katalon.core.main.TestCaseExecutor.runScript(TestCaseExecutor.java:294)
	at com.kms.katalon.core.main.TestCaseExecutor.doExecute(TestCaseExecutor.java:285)
	at com.kms.katalon.core.main.TestCaseExecutor.processExecutionPhase(TestCaseExecutor.java:264)
	at com.kms.katalon.core.main.TestCaseExecutor.accessMainPhase(TestCaseExecutor.java:256)
	at com.kms.katalon.core.main.TestCaseExecutor.execute(TestCaseExecutor.java:200)
	at com.kms.katalon.core.main.TestSuiteExecutor.accessTestCaseMainPhase(TestSuiteExecutor.java:129)
	at com.kms.katalon.core.main.TestSuiteExecutor.accessTestSuiteMainPhase(TestSuiteExecutor.java:112)
	at com.kms.katalon.core.main.TestSuiteExecutor.execute(TestSuiteExecutor.java:81)
	at com.kms.katalon.core.main.TestCaseMain.startTestSuite(TestCaseMain.java:142)
	at com.kms.katalon.core.main.TestCaseMain$startTestSuite$0.call(Unknown Source)
	at org.codehaus.groovy.runtime.callsite.CallSiteArray.defaultCall(CallSiteArray.java:48)
	at org.codehaus.groovy.runtime.callsite.AbstractCallSite.call(AbstractCallSite.java:113)
	at org.codehaus.groovy.runtime.callsite.AbstractCallSite.call(AbstractCallSite.java:141)
	at TempTestSuite1539973930605.run(TempTestSuite1539973930605.groovy:36)
	at groovy.lang.GroovyShell.runScriptOrMainOrTestOrRunnable(GroovyShell.java:263)
	at groovy.lang.GroovyShell.run(GroovyShell.java:518)
	at groovy.lang.GroovyShell.run(GroovyShell.java:507)
	at groovy.ui.GroovyMain.processOnce(GroovyMain.java:653)
	at groovy.ui.GroovyMain.run(GroovyMain.java:384)
	at groovy.ui.GroovyMain.process(GroovyMain.java:370)
	at groovy.ui.GroovyMain.processArgs(GroovyMain.java:129)
	at groovy.ui.GroovyMain.main(GroovyMain.java:109)
	at sun.reflect.NativeMethodAccessorImpl.invoke0(Native Method)
	at sun.reflect.NativeMethodAccessorImpl.invoke(NativeMethodAccessorImpl.java:62)
	at sun.reflect.DelegatingMethodAccessorImpl.invoke(DelegatingMethodAccessorImpl.java:43)
	at java.lang.reflect.Method.invoke(Method.java:498)
	at org.codehaus.groovy.tools.GroovyStarter.rootLoader(GroovyStarter.java:109)
	at org.codehaus.groovy.tools.GroovyStarter.main(GroovyStarter.java:131)
)

2018-10-20 08:02:51 - [TEST_STEP][FAILED] - callTestCase: Unable to call Test Case with id 'Test Cases/Final Aug 2018 - PKS Automation/Registration Module/Workflow/Form 3 EIS - Cessation As Employer/Template/Form 3 A - Cessation As Employer (Employer)' (Root cause: Call Test Case 'Test Cases/Final Aug 2018 - PKS Automation/Registration Module/Workflow/Form 3 EIS - Cessation As Employer/Template/Form 3 A - Cessation As Employer (Employer)' failed)

2018-10-20 08:02:51 - [TEST_CASE][FAILED] - Test Cases/Final Aug 2018 - PKS Automation/Registration Module/Workflow/Form 3 EIS - Cessation As Employer/Template/Form 3 A - Cessation As Employer (Employer): Test Cases/Final Aug 2018 - PKS Automation/Registration Module/Workflow/Form 3 EIS - Cessation As Employer/Template/Form 3 A - Cessation As Employer (Employer) FAILED because (of) (Stack trace: com.kms.katalon.core.exception.StepFailedException: Unable to click on object 'Object Repository/Final Object Repo/Page_Form 3 EIS - Cessation as Employer/Add Document' (Root cause: com.kms.katalon.core.webui.exception.WebElementNotFoundException: Web element with id: 'Object Repository/Final Object Repo/Page_Form 3 EIS - Cessation as Employer/Add Document' located by 'By.xpath: //a[(text() = '
					ADD DOCUMENT
	             ' or . = '
					ADD DOCUMENT
	             ')]' not found)
	at com.kms.katalon.core.keyword.internal.KeywordMain.stepFailed(KeywordMain.groovy:32)
	at com.kms.katalon.core.webui.keyword.internal.WebUIKeywordMain.stepFailed(WebUIKeywordMain.groovy:65)
	at com.kms.katalon.core.webui.keyword.internal.WebUIKeywordMain.runKeyword(WebUIKeywordMain.groovy:27)
	at com.kms.katalon.core.webui.keyword.builtin.ClickKeyword.click(ClickKeyword.groovy:86)
	at com.kms.katalon.core.webui.keyword.builtin.ClickKeyword.execute(ClickKeyword.groovy:67)
	at com.kms.katalon.core.keyword.internal.KeywordExecutor.executeKeywordForPlatform(KeywordExecutor.groovy:53)
	at com.kms.katalon.core.webui.keyword.WebUiBuiltInKeywords.click(WebUiBuiltInKeywords.groovy:616)
	at com.kms.katalon.core.webui.keyword.WebUiBuiltInKeywords$click$2.call(Unknown Source)
	at org.codehaus.groovy.runtime.callsite.CallSiteArray.defaultCall(CallSiteArray.java:48)
	at org.codehaus.groovy.runtime.callsite.AbstractCallSite.call(AbstractCallSite.java:113)
	at org.codehaus.groovy.runtime.callsite.AbstractCallSite.call(AbstractCallSite.java:125)
	at Script1536732166908.run(Script1536732166908.groovy:82)
	at com.kms.katalon.core.main.ScriptEngine.run(ScriptEngine.java:183)
	at com.kms.katalon.core.main.ScriptEngine.runScriptAsRawText(ScriptEngine.java:108)
	at com.kms.katalon.core.main.TestCaseExecutor.runScript(TestCaseExecutor.java:294)
	at com.kms.katalon.core.main.TestCaseExecutor.doExecute(TestCaseExecutor.java:285)
	at com.kms.katalon.core.main.TestCaseExecutor.processExecutionPhase(TestCaseExecutor.java:264)
	at com.kms.katalon.core.main.TestCaseExecutor.accessMainPhase(TestCaseExecutor.java:256)
	at com.kms.katalon.core.main.TestCaseExecutor.execute(TestCaseExecutor.java:200)
	at com.kms.katalon.core.main.TestCaseMain.runTestCase(TestCaseMain.java:99)
	at com.kms.katalon.core.keyword.builtin.CallTestCaseKeyword$_callTestCase_closure1.doCall(CallTestCaseKeyword.groovy:60)
	at com.kms.katalon.core.keyword.builtin.CallTestCaseKeyword$_callTestCase_closure1.call(CallTestCaseKeyword.groovy)
	at com.kms.katalon.core.keyword.internal.KeywordMain.runKeyword(KeywordMain.groovy:54)
	at com.kms.katalon.core.keyword.builtin.CallTestCaseKeyword.callTestCase(CallTestCaseKeyword.groovy:81)
	at com.kms.katalon.core.keyword.builtin.CallTestCaseKeyword.execute(CallTestCaseKeyword.groovy:45)
	at com.kms.katalon.core.keyword.internal.KeywordExecutor.executeKeywordForPlatform(KeywordExecutor.groovy:53)
	at com.kms.katalon.core.keyword.BuiltinKeywords.callTestCase(BuiltinKeywords.groovy:334)
	at sun.reflect.NativeMethodAccessorImpl.invoke0(Native Method)
	at sun.reflect.NativeMethodAccessorImpl.invoke(NativeMethodAccessorImpl.java:62)
	at sun.reflect.DelegatingMethodAccessorImpl.invoke(DelegatingMethodAccessorImpl.java:43)
	at java.lang.reflect.Method.invoke(Method.java:498)
	at org.codehaus.groovy.reflection.CachedMethod.invoke(CachedMethod.java:93)
	at groovy.lang.MetaMethod.doMethodInvoke(MetaMethod.java:325)
	at groovy.lang.MetaClassImpl.invokeStaticMethod(MetaClassImpl.java:1469)
	at org.codehaus.groovy.runtime.callsite.StaticMetaClassSite.call(StaticMetaClassSite.java:53)
	at org.codehaus.groovy.runtime.callsite.CallSiteArray.defaultCall(CallSiteArray.java:48)
	at org.codehaus.groovy.runtime.callsite.AbstractCallSite.call(AbstractCallSite.java:113)
	at org.codehaus.groovy.runtime.callsite.AbstractCallSite.call(AbstractCallSite.java:141)
	at Script1536733676931.run(Script1536733676931.groovy:22)
	at com.kms.katalon.core.main.ScriptEngine.run(ScriptEngine.java:183)
	at com.kms.katalon.core.main.ScriptEngine.runScriptAsRawText(ScriptEngine.java:108)
	at com.kms.katalon.core.main.TestCaseExecutor.runScript(TestCaseExecutor.java:294)
	at com.kms.katalon.core.main.TestCaseExecutor.doExecute(TestCaseExecutor.java:285)
	at com.kms.katalon.core.main.TestCaseExecutor.processExecutionPhase(TestCaseExecutor.java:264)
	at com.kms.katalon.core.main.TestCaseExecutor.accessMainPhase(TestCaseExecutor.java:256)
	at com.kms.katalon.core.main.TestCaseExecutor.execute(TestCaseExecutor.java:200)
	at com.kms.katalon.core.main.TestSuiteExecutor.accessTestCaseMainPhase(TestSuiteExecutor.java:129)
	at com.kms.katalon.core.main.TestSuiteExecutor.accessTestSuiteMainPhase(TestSuiteExecutor.java:112)
	at com.kms.katalon.core.main.TestSuiteExecutor.execute(TestSuiteExecutor.java:81)
	at com.kms.katalon.core.main.TestCaseMain.startTestSuite(TestCaseMain.java:142)
	at com.kms.katalon.core.main.TestCaseMain$startTestSuite$0.call(Unknown Source)
	at org.codehaus.groovy.runtime.callsite.CallSiteArray.defaultCall(CallSiteArray.java:48)
	at org.codehaus.groovy.runtime.callsite.AbstractCallSite.call(AbstractCallSite.java:113)
	at org.codehaus.groovy.runtime.callsite.AbstractCallSite.call(AbstractCallSite.java:141)
	at TempTestSuite1539973930605.run(TempTestSuite1539973930605.groovy:36)
	at groovy.lang.GroovyShell.runScriptOrMainOrTestOrRunnable(GroovyShell.java:263)
	at groovy.lang.GroovyShell.run(GroovyShell.java:518)
	at groovy.lang.GroovyShell.run(GroovyShell.java:507)
	at groovy.ui.GroovyMain.processOnce(GroovyMain.java:653)
	at groovy.ui.GroovyMain.run(GroovyMain.java:384)
	at groovy.ui.GroovyMain.process(GroovyMain.java:370)
	at groovy.ui.GroovyMain.processArgs(GroovyMain.java:129)
	at groovy.ui.GroovyMain.main(GroovyMain.java:109)
	at sun.reflect.NativeMethodAccessorImpl.invoke0(Native Method)
	at sun.reflect.NativeMethodAccessorImpl.invoke(NativeMethodAccessorImpl.java:62)
	at sun.reflect.DelegatingMethodAccessorImpl.invoke(DelegatingMethodAccessorImpl.java:43)
	at java.lang.reflect.Method.invoke(Method.java:498)
	at org.codehaus.groovy.tools.GroovyStarter.rootLoader(GroovyStarter.java:109)
	at org.codehaus.groovy.tools.GroovyStarter.main(GroovyStarter.java:131)
)

2018-10-20 08:02:52 - [TEST_STEP][PASSED] - callTestCase: Call Test Case 'Test Cases/Final Aug 2018 - PKS Automation/Registration Module/Workflow/Update Add New Employee/Template/New Company for Update Add New - Employer' successfully

2018-10-20 08:02:52 - [TEST_CASE][PASSED] - Test Cases/Final Aug 2018 - PKS Automation/Registration Module/Workflow/Update Add New Employee/Template/New Company for Update Add New - Employer: Test Cases/Final Aug 2018 - PKS Automation/Registration Module/Workflow/Update Add New Employee/Template/New Company for Update Add New - Employer

2018-10-20 08:02:52 - [TEST_STEP][PASSED] - callTestCase: Call Test Case 'Test Cases/Final Aug 2018 - PKS Automation/Create Employer Acc/Create Employer Account' successfully

2018-10-20 08:02:52 - [TEST_CASE][PASSED] - Test Cases/Final Aug 2018 - PKS Automation/Create Employer Acc/Create Employer Account: Test Cases/Final Aug 2018 - PKS Automation/Create Employer Acc/Create Employer Account

2018-10-20 08:02:52 - [TEST_STEP][PASSED] - callTestCase: Call Test Case 'Test Cases/Final Aug 2018 - PKS Automation/Create Employer Acc/Template/Register Employer' successfully

2018-10-20 08:02:52 - [TEST_CASE][PASSED] - Test Cases/Final Aug 2018 - PKS Automation/Create Employer Acc/Template/Register Employer: Test Cases/Final Aug 2018 - PKS Automation/Create Employer Acc/Template/Register Employer

2018-10-20 08:02:53 - [TEST_STEP][PASSED] - openBrowser: Browser is opened with url: ''

2018-10-20 08:02:58 - [MESSAGE][PASSED] - Browser is opened with url: ''

2018-10-20 08:02:58 - [TEST_STEP][PASSED] - navigateToUrl: Navigate to 'https://assist2-uat.perkeso.gov.my/login' successfully

2018-10-20 08:03:00 - [MESSAGE][PASSED] - Navigate to 'https://assist2-uat.perkeso.gov.my/login' successfully

2018-10-20 08:03:00 - [TEST_STEP][PASSED] - setText: Text 'johorotc1@gmail.com' is set on object 'Object Repository/Final Object Repo/Login Page/Internal User/Email Address'

2018-10-20 08:03:00 - [MESSAGE][PASSED] - Text 'johorotc1@gmail.com' is set on object 'Object Repository/Final Object Repo/Login Page/Internal User/Email Address'

2018-10-20 08:03:00 - [TEST_STEP][PASSED] - click: Object: 'Object Repository/Final Object Repo/Login Page/Internal User/Next Button' is clicked on

2018-10-20 08:03:01 - [MESSAGE][PASSED] - Object: 'Object Repository/Final Object Repo/Login Page/Internal User/Next Button' is clicked on

2018-10-20 08:03:01 - [TEST_STEP][PASSED] - delay: Delayed 1 second(s)

2018-10-20 08:03:02 - [MESSAGE][PASSED] - Delayed 1 second(s)

2018-10-20 08:03:02 - [TEST_STEP][PASSED] - setEncryptedText: Text ****** has been set on object 'Object Repository/Final Object Repo/Login Page/Internal User/Password'

2018-10-20 08:03:02 - [MESSAGE][PASSED] - Text ****** has been set on object 'Object Repository/Final Object Repo/Login Page/Internal User/Password'

2018-10-20 08:03:02 - [TEST_STEP][PASSED] - click: Object: 'Object Repository/Final Object Repo/Login Page/Internal User/Login Button' is clicked on

2018-10-20 08:03:02 - [MESSAGE][PASSED] - Object: 'Object Repository/Final Object Repo/Login Page/Internal User/Login Button' is clicked on

2018-10-20 08:03:02 - [TEST_STEP][PASSED] - delay: Delayed 1 second(s)

2018-10-20 08:03:03 - [MESSAGE][PASSED] - Delayed 1 second(s)

2018-10-20 08:03:03 - [TEST_STEP][PASSED] - navigateToUrl: Navigate to 'https://assist2-uat.perkeso.gov.my/web/base/portal-id/registration' successfully

2018-10-20 08:03:07 - [MESSAGE][PASSED] - Navigate to 'https://assist2-uat.perkeso.gov.my/web/base/portal-id/registration' successfully

2018-10-20 08:03:07 - [TEST_STEP][PASSED] - setText: Text 'AUTOMATION EMPLOYER' is set on object 'Object Repository/Final Object Repo/Creating Employer Account/Page_Registration - ASSIST (Base)/Employer Name'

2018-10-20 08:03:07 - [MESSAGE][PASSED] - Text 'AUTOMATION EMPLOYER' is set on object 'Object Repository/Final Object Repo/Creating Employer Account/Page_Registration - ASSIST (Base)/Employer Name'

2018-10-20 08:03:07 - [TEST_STEP][PASSED] - delay: Delayed 2 second(s)

2018-10-20 08:03:09 - [MESSAGE][PASSED] - Delayed 2 second(s)

2018-10-20 08:03:09 - [TEST_STEP][PASSED] - click: Object: 'Object Repository/Final Object Repo/Creating Employer Account/Page_Registration - ASSIST (Base)/Registration Type' is clicked on

2018-10-20 08:03:09 - [MESSAGE][PASSED] - Object: 'Object Repository/Final Object Repo/Creating Employer Account/Page_Registration - ASSIST (Base)/Registration Type' is clicked on

2018-10-20 08:03:09 - [TEST_STEP][PASSED] - delay: Delayed 2 second(s)

2018-10-20 08:03:11 - [MESSAGE][PASSED] - Delayed 2 second(s)

2018-10-20 08:03:11 - [TEST_STEP][PASSED] - click: Object: 'Object Repository/Final Object Repo/Creating Employer Account/Page_Registration - ASSIST (Base)/Registration Type - Registration No' is clicked on

2018-10-20 08:03:12 - [MESSAGE][PASSED] - Object: 'Object Repository/Final Object Repo/Creating Employer Account/Page_Registration - ASSIST (Base)/Registration Type - Registration No' is clicked on

2018-10-20 08:03:12 - [TEST_STEP][PASSED] - delay: Delayed 2 second(s)

2018-10-20 08:03:14 - [MESSAGE][PASSED] - Delayed 2 second(s)

2018-10-20 08:03:14 - [TEST_STEP][PASSED] - setText: Text '1234567890' is set on object 'Object Repository/Final Object Repo/Creating Employer Account/Page_Registration - ASSIST (Base)/Registration Number'

2018-10-20 08:03:14 - [MESSAGE][PASSED] - Text '1234567890' is set on object 'Object Repository/Final Object Repo/Creating Employer Account/Page_Registration - ASSIST (Base)/Registration Number'

2018-10-20 08:03:14 - [TEST_STEP][PASSED] - delay: Delayed 2 second(s)

2018-10-20 08:03:16 - [MESSAGE][PASSED] - Delayed 2 second(s)

2018-10-20 08:03:16 - [TEST_STEP][PASSED] - setText: Text 'ADDRESS 1' is set on object 'Object Repository/Final Object Repo/Creating Employer Account/Page_Registration - ASSIST (Base)/Postal Address 1'

2018-10-20 08:03:16 - [MESSAGE][PASSED] - Text 'ADDRESS 1' is set on object 'Object Repository/Final Object Repo/Creating Employer Account/Page_Registration - ASSIST (Base)/Postal Address 1'

2018-10-20 08:03:16 - [TEST_STEP][PASSED] - setText: Text 'ADDRESS 2' is set on object 'Object Repository/Final Object Repo/Creating Employer Account/Page_Registration - ASSIST (Base)/Postal Address 2'

2018-10-20 08:03:16 - [MESSAGE][PASSED] - Text 'ADDRESS 2' is set on object 'Object Repository/Final Object Repo/Creating Employer Account/Page_Registration - ASSIST (Base)/Postal Address 2'

2018-10-20 08:03:16 - [TEST_STEP][PASSED] - click: Object: 'Object Repository/Final Object Repo/Creating Employer Account/Page_Registration - ASSIST (Base)/State' is clicked on

2018-10-20 08:03:17 - [MESSAGE][PASSED] - Object: 'Object Repository/Final Object Repo/Creating Employer Account/Page_Registration - ASSIST (Base)/State' is clicked on

2018-10-20 08:03:17 - [TEST_STEP][PASSED] - delay: Delayed 2 second(s)

2018-10-20 08:03:19 - [MESSAGE][PASSED] - Delayed 2 second(s)

2018-10-20 08:03:19 - [TEST_STEP][PASSED] - click: Object: 'Object Repository/Final Object Repo/Creating Employer Account/Page_Registration - ASSIST (Base)/State - Johor' is clicked on

2018-10-20 08:03:19 - [MESSAGE][PASSED] - Object: 'Object Repository/Final Object Repo/Creating Employer Account/Page_Registration - ASSIST (Base)/State - Johor' is clicked on

2018-10-20 08:03:19 - [TEST_STEP][PASSED] - delay: Delayed 2 second(s)

2018-10-20 08:03:21 - [MESSAGE][PASSED] - Delayed 2 second(s)

2018-10-20 08:03:21 - [TEST_STEP][PASSED] - click: Object: 'Object Repository/Final Object Repo/Creating Employer Account/Page_Registration - ASSIST (Base)/City' is clicked on

2018-10-20 08:03:21 - [MESSAGE][PASSED] - Object: 'Object Repository/Final Object Repo/Creating Employer Account/Page_Registration - ASSIST (Base)/City' is clicked on

2018-10-20 08:03:21 - [TEST_STEP][PASSED] - delay: Delayed 2 second(s)

2018-10-20 08:03:23 - [MESSAGE][PASSED] - Delayed 2 second(s)

2018-10-20 08:03:23 - [TEST_STEP][PASSED] - setText: Text 'joh' is set on object 'Object Repository/Final Object Repo/Creating Employer Account/Page_Registration - ASSIST (Base)/City - joh'

2018-10-20 08:03:23 - [MESSAGE][PASSED] - Text 'joh' is set on object 'Object Repository/Final Object Repo/Creating Employer Account/Page_Registration - ASSIST (Base)/City - joh'

2018-10-20 08:03:23 - [TEST_STEP][PASSED] - delay: Delayed 2 second(s)

2018-10-20 08:03:25 - [MESSAGE][PASSED] - Delayed 2 second(s)

2018-10-20 08:03:25 - [TEST_STEP][PASSED] - click: Object: 'Object Repository/Final Object Repo/Creating Employer Account/Page_Registration - ASSIST (Base)/City - Johor Bharu' is clicked on

2018-10-20 08:03:25 - [MESSAGE][PASSED] - Object: 'Object Repository/Final Object Repo/Creating Employer Account/Page_Registration - ASSIST (Base)/City - Johor Bharu' is clicked on

2018-10-20 08:03:25 - [TEST_STEP][PASSED] - delay: Delayed 2 second(s)

2018-10-20 08:03:27 - [MESSAGE][PASSED] - Delayed 2 second(s)

2018-10-20 08:03:27 - [TEST_STEP][PASSED] - click: Object: 'Object Repository/Final Object Repo/Creating Employer Account/Page_Registration - ASSIST (Base)/Post Code' is clicked on

2018-10-20 08:03:28 - [MESSAGE][PASSED] - Object: 'Object Repository/Final Object Repo/Creating Employer Account/Page_Registration - ASSIST (Base)/Post Code' is clicked on

2018-10-20 08:03:28 - [TEST_STEP][PASSED] - delay: Delayed 2 second(s)

2018-10-20 08:03:30 - [MESSAGE][PASSED] - Delayed 2 second(s)

2018-10-20 08:03:30 - [TEST_STEP][PASSED] - setText: Text '810' is set on object 'Object Repository/Final Object Repo/Creating Employer Account/Page_Registration - ASSIST (Base)/Post Code - 810'

2018-10-20 08:03:30 - [MESSAGE][PASSED] - Text '810' is set on object 'Object Repository/Final Object Repo/Creating Employer Account/Page_Registration - ASSIST (Base)/Post Code - 810'

2018-10-20 08:03:30 - [TEST_STEP][PASSED] - delay: Delayed 2 second(s)

2018-10-20 08:03:32 - [MESSAGE][PASSED] - Delayed 2 second(s)

2018-10-20 08:03:32 - [TEST_STEP][PASSED] - click: Object: 'Object Repository/Final Object Repo/Creating Employer Account/Page_Registration - ASSIST (Base)/Post Code - 81000' is clicked on

2018-10-20 08:03:32 - [MESSAGE][PASSED] - Object: 'Object Repository/Final Object Repo/Creating Employer Account/Page_Registration - ASSIST (Base)/Post Code - 81000' is clicked on

2018-10-20 08:03:32 - [TEST_STEP][PASSED] - delay: Delayed 2 second(s)

2018-10-20 08:03:34 - [MESSAGE][PASSED] - Delayed 2 second(s)

2018-10-20 08:03:34 - [TEST_STEP][PASSED] - setText: Text 'PERKESO' is set on object 'Object Repository/Final Object Repo/Creating Employer Account/Page_Registration - ASSIST (Base)/Full Name'

2018-10-20 08:03:34 - [MESSAGE][PASSED] - Text 'PERKESO' is set on object 'Object Repository/Final Object Repo/Creating Employer Account/Page_Registration - ASSIST (Base)/Full Name'

2018-10-20 08:03:34 - [TEST_STEP][PASSED] - Statement - rnd = new java.util.Random(): null

2018-10-20 08:03:34 - [TEST_STEP][PASSED] - Statement - snum = rnd.nextInt(899999 + 1) + 100000: null

2018-10-20 08:03:34 - [TEST_STEP][PASSED] - Statement - tnum = rnd.nextInt(899999 + 1) + 100000: null

2018-10-20 08:03:34 - [TEST_STEP][PASSED] - Statement - IC = java.lang.Integer.toString(snum) + java.lang.Integer.toString(tnum): null

2018-10-20 08:03:34 - [TEST_STEP][PASSED] - Statement - out.println(IC): null

2018-10-20 08:03:34 - [TEST_STEP][PASSED] - setText: Text '162820524393' is set on object 'Object Repository/Final Object Repo/Creating Employer Account/Page_Registration - ASSIST (Base)/Identification Number'

2018-10-20 08:03:35 - [MESSAGE][PASSED] - Text '162820524393' is set on object 'Object Repository/Final Object Repo/Creating Employer Account/Page_Registration - ASSIST (Base)/Identification Number'

2018-10-20 08:03:35 - [TEST_STEP][PASSED] - delay: Delayed 2 second(s)

2018-10-20 08:03:37 - [MESSAGE][PASSED] - Delayed 2 second(s)

2018-10-20 08:03:37 - [TEST_STEP][PASSED] - setText: Text '123456789012' is set on object 'Object Repository/Final Object Repo/Creating Employer Account/Page_Registration - ASSIST (Base)/Contact Number'

2018-10-20 08:03:37 - [MESSAGE][PASSED] - Text '123456789012' is set on object 'Object Repository/Final Object Repo/Creating Employer Account/Page_Registration - ASSIST (Base)/Contact Number'

2018-10-20 08:03:37 - [TEST_STEP][PASSED] - Statement - Email = "perkeso" + IC + "@gmail.com": null

2018-10-20 08:03:37 - [TEST_STEP][PASSED] - delay: Delayed 2 second(s)

2018-10-20 08:03:39 - [MESSAGE][PASSED] - Delayed 2 second(s)

2018-10-20 08:03:39 - [TEST_STEP][PASSED] - callTestCase: Call Test Case 'Test Cases/Final Aug 2018 - PKS Automation/Create Employer Acc/Template/Employer Email Settler' successfully

2018-10-20 08:03:39 - [TEST_CASE][PASSED] - Test Cases/Final Aug 2018 - PKS Automation/Create Employer Acc/Template/Employer Email Settler: Test Cases/Final Aug 2018 - PKS Automation/Create Employer Acc/Template/Employer Email Settler

2018-10-20 08:03:39 - [TEST_STEP][PASSED] - Statement - EmpEmailOld = new java.io.File(C://EmpEmail.txt): null

2018-10-20 08:03:39 - [TEST_STEP][PASSED] - Statement - EmpEmailOld.delete(): null

2018-10-20 08:03:39 - [TEST_STEP][PASSED] - Statement - EmpEmail = new java.io.File(C://EmpEmail.txt): null

2018-10-20 08:03:39 - [TEST_STEP][PASSED] - Statement - EmpEmail.append(Email): null

2018-10-20 08:03:39 - [TEST_STEP][PASSED] - Statement - out.println(Email): null

2018-10-20 08:03:39 - [MESSAGE][PASSED] - Call Test Case 'Test Cases/Final Aug 2018 - PKS Automation/Create Employer Acc/Template/Employer Email Settler' successfully

2018-10-20 08:03:39 - [TEST_STEP][PASSED] - delay: Delayed 2 second(s)

2018-10-20 08:03:41 - [MESSAGE][PASSED] - Delayed 2 second(s)

2018-10-20 08:03:41 - [TEST_STEP][PASSED] - setText: Text 'perkeso162820524393@gmail.com' is set on object 'Object Repository/Final Object Repo/Creating Employer Account/Page_Registration - ASSIST (Base)/Email'

2018-10-20 08:03:42 - [MESSAGE][PASSED] - Text 'perkeso162820524393@gmail.com' is set on object 'Object Repository/Final Object Repo/Creating Employer Account/Page_Registration - ASSIST (Base)/Email'

2018-10-20 08:03:42 - [TEST_STEP][PASSED] - setText: Text '123' is set on object 'Object Repository/Final Object Repo/Creating Employer Account/Page_Registration - ASSIST (Base)/Security Phase'

2018-10-20 08:03:42 - [MESSAGE][PASSED] - Text '123' is set on object 'Object Repository/Final Object Repo/Creating Employer Account/Page_Registration - ASSIST (Base)/Security Phase'

2018-10-20 08:03:42 - [TEST_STEP][PASSED] - click: Object: 'Object Repository/Final Object Repo/Creating Employer Account/Page_Registration - ASSIST (Base)/Save  Continue' is clicked on

2018-10-20 08:03:42 - [MESSAGE][PASSED] - Object: 'Object Repository/Final Object Repo/Creating Employer Account/Page_Registration - ASSIST (Base)/Save  Continue' is clicked on

2018-10-20 08:03:42 - [TEST_STEP][PASSED] - delay: Delayed 2 second(s)

2018-10-20 08:03:44 - [MESSAGE][PASSED] - Delayed 2 second(s)

2018-10-20 08:03:44 - [TEST_STEP][PASSED] - click: Object: 'Object Repository/Final Object Repo/Creating Employer Account/Page_Registration - ASSIST (Base)/Add Document' is clicked on

2018-10-20 08:03:44 - [MESSAGE][PASSED] - Object: 'Object Repository/Final Object Repo/Creating Employer Account/Page_Registration - ASSIST (Base)/Add Document' is clicked on

2018-10-20 08:03:44 - [TEST_STEP][PASSED] - delay: Delayed 2 second(s)

2018-10-20 08:03:46 - [MESSAGE][PASSED] - Delayed 2 second(s)

2018-10-20 08:03:46 - [TEST_STEP][PASSED] - click: Object: 'Object Repository/Final Object Repo/Creating Employer Account/Page_Registration - ASSIST (Base)/Document Type' is clicked on

2018-10-20 08:03:46 - [MESSAGE][PASSED] - Object: 'Object Repository/Final Object Repo/Creating Employer Account/Page_Registration - ASSIST (Base)/Document Type' is clicked on

2018-10-20 08:03:46 - [TEST_STEP][PASSED] - delay: Delayed 2 second(s)

2018-10-20 08:03:48 - [MESSAGE][PASSED] - Delayed 2 second(s)

2018-10-20 08:03:48 - [TEST_STEP][PASSED] - click: Object: 'Object Repository/Final Object Repo/Creating Employer Account/Page_Registration - ASSIST (Base)/Document Type - Letter of Authorization' is clicked on

2018-10-20 08:03:49 - [MESSAGE][PASSED] - Object: 'Object Repository/Final Object Repo/Creating Employer Account/Page_Registration - ASSIST (Base)/Document Type - Letter of Authorization' is clicked on

2018-10-20 08:03:49 - [TEST_STEP][PASSED] - delay: Delayed 2 second(s)

2018-10-20 08:03:51 - [MESSAGE][PASSED] - Delayed 2 second(s)

2018-10-20 08:03:51 - [TEST_STEP][PASSED] - sendKeys: Keys 'C:\Users\Public\Pictures\Sample Pictures\Act.jpg' sent to object: 'Object Repository/Final Object Repo/Creating Employer Account/Page_Registration - ASSIST (Base)/Uploading File'

2018-10-20 08:03:51 - [MESSAGE][PASSED] - Keys 'C:\Users\Public\Pictures\Sample Pictures\Act.jpg' sent to object: 'Object Repository/Final Object Repo/Creating Employer Account/Page_Registration - ASSIST (Base)/Uploading File'

2018-10-20 08:03:51 - [TEST_STEP][PASSED] - delay: Delayed 2 second(s)

2018-10-20 08:03:53 - [MESSAGE][PASSED] - Delayed 2 second(s)

2018-10-20 08:03:53 - [TEST_STEP][PASSED] - click: Object: 'Object Repository/Final Object Repo/Creating Employer Account/Page_Registration - ASSIST (Base)/Add Document in Uploading File' is clicked on

2018-10-20 08:03:53 - [MESSAGE][PASSED] - Object: 'Object Repository/Final Object Repo/Creating Employer Account/Page_Registration - ASSIST (Base)/Add Document in Uploading File' is clicked on

2018-10-20 08:03:53 - [TEST_STEP][PASSED] - delay: Delayed 2 second(s)

2018-10-20 08:03:55 - [MESSAGE][PASSED] - Delayed 2 second(s)

2018-10-20 08:03:55 - [TEST_STEP][PASSED] - click: Object: 'Object Repository/Final Object Repo/Creating Employer Account/Page_Registration - ASSIST (Base)/Save' is clicked on

2018-10-20 08:03:57 - [MESSAGE][PASSED] - Object: 'Object Repository/Final Object Repo/Creating Employer Account/Page_Registration - ASSIST (Base)/Save' is clicked on

2018-10-20 08:03:57 - [TEST_STEP][PASSED] - delay: Delayed 2 second(s)

2018-10-20 08:03:59 - [MESSAGE][PASSED] - Delayed 2 second(s)

2018-10-20 08:03:59 - [TEST_STEP][PASSED] - click: Object: 'Object Repository/Final Object Repo/Creating Employer Account/Page_Registration - ASSIST (Base)/Submit' is clicked on

2018-10-20 08:03:59 - [MESSAGE][PASSED] - Object: 'Object Repository/Final Object Repo/Creating Employer Account/Page_Registration - ASSIST (Base)/Submit' is clicked on

2018-10-20 08:03:59 - [TEST_STEP][PASSED] - delay: Delayed 2 second(s)

2018-10-20 08:04:01 - [MESSAGE][PASSED] - Delayed 2 second(s)

2018-10-20 08:04:01 - [TEST_STEP][PASSED] - click: Object: 'Object Repository/Final Object Repo/Creating Employer Account/Page_Registration - ASSIST (Base)/Confirm' is clicked on

2018-10-20 08:04:01 - [MESSAGE][PASSED] - Object: 'Object Repository/Final Object Repo/Creating Employer Account/Page_Registration - ASSIST (Base)/Confirm' is clicked on

2018-10-20 08:04:01 - [MESSAGE][PASSED] - Call Test Case 'Test Cases/Final Aug 2018 - PKS Automation/Create Employer Acc/Template/Register Employer' successfully

2018-10-20 08:04:01 - [TEST_STEP][PASSED] - delay: Delayed 1 second(s)

2018-10-20 08:04:02 - [MESSAGE][PASSED] - Delayed 1 second(s)

2018-10-20 08:04:02 - [TEST_STEP][PASSED] - navigateToUrl: Navigate to 'https://assist2-uat.perkeso.gov.my/c/portal/logout' successfully

2018-10-20 08:04:04 - [MESSAGE][PASSED] - Navigate to 'https://assist2-uat.perkeso.gov.my/c/portal/logout' successfully

2018-10-20 08:04:04 - [TEST_STEP][PASSED] - delay: Delayed 1 second(s)

2018-10-20 08:04:05 - [MESSAGE][PASSED] - Delayed 1 second(s)

2018-10-20 08:04:05 - [TEST_STEP][PASSED] - callTestCase: Call Test Case 'Test Cases/Final Aug 2018 - PKS Automation/Create Employer Acc/Template/Change Password of Employer' successfully

2018-10-20 08:04:05 - [TEST_CASE][PASSED] - Test Cases/Final Aug 2018 - PKS Automation/Create Employer Acc/Template/Change Password of Employer: Test Cases/Final Aug 2018 - PKS Automation/Create Employer Acc/Template/Change Password of Employer

2018-10-20 08:04:06 - [TEST_STEP][PASSED] - openBrowser: Browser is opened with url: ''

2018-10-20 08:04:06 - [MESSAGE][WARNING] - A browser is already opened. Closing browser and opening a new one

2018-10-20 08:04:10 - [MESSAGE][PASSED] - Browser is opened with url: ''

2018-10-20 08:04:10 - [TEST_STEP][PASSED] - navigateToUrl: Navigate to 'https://assist2-uat.perkeso.gov.my/login' successfully

2018-10-20 08:04:12 - [MESSAGE][PASSED] - Navigate to 'https://assist2-uat.perkeso.gov.my/login' successfully

2018-10-20 08:04:12 - [TEST_STEP][PASSED] - delay: Delayed 5 second(s)

2018-10-20 08:04:17 - [MESSAGE][PASSED] - Delayed 5 second(s)

2018-10-20 08:04:17 - [TEST_STEP][PASSED] - setText: Text 'test@liferay.com' is set on object 'Object Repository/Final Object Repo/Login Page/Internal User/Email Address'

2018-10-20 08:04:17 - [MESSAGE][PASSED] - Text 'test@liferay.com' is set on object 'Object Repository/Final Object Repo/Login Page/Internal User/Email Address'

2018-10-20 08:04:17 - [TEST_STEP][PASSED] - click: Object: 'Object Repository/Final Object Repo/Login Page/Internal User/Next Button' is clicked on

2018-10-20 08:04:17 - [MESSAGE][PASSED] - Object: 'Object Repository/Final Object Repo/Login Page/Internal User/Next Button' is clicked on

2018-10-20 08:04:17 - [TEST_STEP][PASSED] - delay: Delayed 2 second(s)

2018-10-20 08:04:19 - [MESSAGE][PASSED] - Delayed 2 second(s)

2018-10-20 08:04:19 - [TEST_STEP][PASSED] - setText: Text 'test' is set on object 'Object Repository/Final Object Repo/Login Page/Internal User/Password'

2018-10-20 08:04:20 - [MESSAGE][PASSED] - Text 'test' is set on object 'Object Repository/Final Object Repo/Login Page/Internal User/Password'

2018-10-20 08:04:20 - [TEST_STEP][PASSED] - delay: Delayed 2 second(s)

2018-10-20 08:04:22 - [MESSAGE][PASSED] - Delayed 2 second(s)

2018-10-20 08:04:22 - [TEST_STEP][PASSED] - click: Object: 'Object Repository/Final Object Repo/Login Page/Internal User/Login Button' is clicked on

2018-10-20 08:04:22 - [MESSAGE][PASSED] - Object: 'Object Repository/Final Object Repo/Login Page/Internal User/Login Button' is clicked on

2018-10-20 08:04:22 - [TEST_STEP][PASSED] - delay: Delayed 3 second(s)

2018-10-20 08:04:25 - [MESSAGE][PASSED] - Delayed 3 second(s)

2018-10-20 08:04:25 - [TEST_STEP][PASSED] - navigateToUrl: Navigate to 'https://assist2-uat.perkeso.gov.my/group/control_panel/manage?p_p_id=125&p_p_lifecycle=0&p_p_state=maximized&p_p_mode=view&refererPlid=20455&_125_usersListView=flat-users&_125_toolbarItem=view-all-users&_125_saveUsersListView=true&_125_struts_action=%2Fusers_admin%2Fview' successfully

2018-10-20 08:04:28 - [MESSAGE][PASSED] - Navigate to 'https://assist2-uat.perkeso.gov.my/group/control_panel/manage?p_p_id=125&p_p_lifecycle=0&p_p_state=maximized&p_p_mode=view&refererPlid=20455&_125_usersListView=flat-users&_125_toolbarItem=view-all-users&_125_saveUsersListView=true&_125_struts_action=%2Fusers_admin%2Fview' successfully

2018-10-20 08:04:28 - [TEST_STEP][PASSED] - delay: Delayed 3 second(s)

2018-10-20 08:04:31 - [MESSAGE][PASSED] - Delayed 3 second(s)

2018-10-20 08:04:31 - [TEST_STEP][PASSED] - setText: Text 'perkeso162820524393@gmail.com' is set on object 'Object Repository/Final Object Repo/Creating Employer Account/Page_Users and Organizations - ASSIST/Employer name'

2018-10-20 08:04:31 - [MESSAGE][PASSED] - Text 'perkeso162820524393@gmail.com' is set on object 'Object Repository/Final Object Repo/Creating Employer Account/Page_Users and Organizations - ASSIST/Employer name'

2018-10-20 08:04:31 - [TEST_STEP][PASSED] - delay: Delayed 3 second(s)

2018-10-20 08:04:34 - [MESSAGE][PASSED] - Delayed 3 second(s)

2018-10-20 08:04:34 - [TEST_STEP][PASSED] - click: Object: 'Object Repository/Final Object Repo/Creating Employer Account/Page_Users and Organizations - ASSIST/Search' is clicked on

2018-10-20 08:04:35 - [MESSAGE][PASSED] - Object: 'Object Repository/Final Object Repo/Creating Employer Account/Page_Users and Organizations - ASSIST/Search' is clicked on

2018-10-20 08:04:35 - [TEST_STEP][PASSED] - delay: Delayed 3 second(s)

2018-10-20 08:04:38 - [MESSAGE][PASSED] - Delayed 3 second(s)

2018-10-20 08:04:38 - [TEST_STEP][PASSED] - click: Object: 'Object Repository/Final Object Repo/Creating Employer Account/Page_Users and Organizations - ASSIST/Action' is clicked on

2018-10-20 08:04:38 - [MESSAGE][PASSED] - Object: 'Object Repository/Final Object Repo/Creating Employer Account/Page_Users and Organizations - ASSIST/Action' is clicked on

2018-10-20 08:04:38 - [TEST_STEP][PASSED] - delay: Delayed 3 second(s)

2018-10-20 08:04:41 - [MESSAGE][PASSED] - Delayed 3 second(s)

2018-10-20 08:04:41 - [TEST_STEP][PASSED] - click: Object: 'Object Repository/Final Object Repo/Creating Employer Account/Page_Users and Organizations - ASSIST/Edit' is clicked on

2018-10-20 08:04:43 - [MESSAGE][PASSED] - Object: 'Object Repository/Final Object Repo/Creating Employer Account/Page_Users and Organizations - ASSIST/Edit' is clicked on

2018-10-20 08:04:43 - [TEST_STEP][PASSED] - delay: Delayed 3 second(s)

2018-10-20 08:04:46 - [MESSAGE][PASSED] - Delayed 3 second(s)

2018-10-20 08:04:46 - [TEST_STEP][PASSED] - click: Object: 'Object Repository/Final Object Repo/Creating Employer Account/Page_PERKESO - Users and Organizati/a_Password (Modified)' is clicked on

2018-10-20 08:04:46 - [MESSAGE][PASSED] - Object: 'Object Repository/Final Object Repo/Creating Employer Account/Page_PERKESO - Users and Organizati/a_Password (Modified)' is clicked on

2018-10-20 08:04:46 - [TEST_STEP][PASSED] - delay: Delayed 3 second(s)

2018-10-20 08:04:49 - [MESSAGE][PASSED] - Delayed 3 second(s)

2018-10-20 08:04:49 - [TEST_STEP][PASSED] - setEncryptedText: Text ****** has been set on object 'Object Repository/Final Object Repo/Creating Employer Account/Page_PERKESO - Users and Organizati/input__125_password1'

2018-10-20 08:04:50 - [MESSAGE][PASSED] - Text ****** has been set on object 'Object Repository/Final Object Repo/Creating Employer Account/Page_PERKESO - Users and Organizati/input__125_password1'

2018-10-20 08:04:50 - [TEST_STEP][PASSED] - delay: Delayed 3 second(s)

2018-10-20 08:04:53 - [MESSAGE][PASSED] - Delayed 3 second(s)

2018-10-20 08:04:53 - [TEST_STEP][PASSED] - setEncryptedText: Text ****** has been set on object 'Object Repository/Final Object Repo/Creating Employer Account/Page_PERKESO - Users and Organizati/input__125_password2'

2018-10-20 08:04:53 - [MESSAGE][PASSED] - Text ****** has been set on object 'Object Repository/Final Object Repo/Creating Employer Account/Page_PERKESO - Users and Organizati/input__125_password2'

2018-10-20 08:04:53 - [TEST_STEP][PASSED] - delay: Delayed 3 second(s)

2018-10-20 08:04:56 - [MESSAGE][PASSED] - Delayed 3 second(s)

2018-10-20 08:04:56 - [TEST_STEP][PASSED] - click: Object: 'Object Repository/Final Object Repo/Creating Employer Account/Page_PERKESO - Users and Organizati/Save' is clicked on

2018-10-20 08:04:56 - [MESSAGE][PASSED] - Object: 'Object Repository/Final Object Repo/Creating Employer Account/Page_PERKESO - Users and Organizati/Save' is clicked on

2018-10-20 08:04:56 - [MESSAGE][PASSED] - Call Test Case 'Test Cases/Final Aug 2018 - PKS Automation/Create Employer Acc/Template/Change Password of Employer' successfully

2018-10-20 08:04:56 - [TEST_STEP][PASSED] - delay: Delayed 1 second(s)

2018-10-20 08:04:57 - [MESSAGE][PASSED] - Delayed 1 second(s)

2018-10-20 08:04:57 - [TEST_STEP][PASSED] - navigateToUrl: Navigate to 'https://assist2-uat.perkeso.gov.my/c/portal/logout' successfully

2018-10-20 08:04:59 - [MESSAGE][PASSED] - Navigate to 'https://assist2-uat.perkeso.gov.my/c/portal/logout' successfully

2018-10-20 08:04:59 - [TEST_STEP][PASSED] - delay: Delayed 1 second(s)

2018-10-20 08:05:00 - [MESSAGE][PASSED] - Delayed 1 second(s)

2018-10-20 08:05:00 - [TEST_STEP][PASSED] - callTestCase: Call Test Case 'Test Cases/Final Aug 2018 - PKS Automation/Create Employer Acc/Template/Login to Employer Account (First Time)' successfully

2018-10-20 08:05:00 - [TEST_CASE][PASSED] - Test Cases/Final Aug 2018 - PKS Automation/Create Employer Acc/Template/Login to Employer Account (First Time): Test Cases/Final Aug 2018 - PKS Automation/Create Employer Acc/Template/Login to Employer Account (First Time)

2018-10-20 08:05:00 - [TEST_STEP][PASSED] - openBrowser: Browser is opened with url: ''

2018-10-20 08:05:00 - [MESSAGE][WARNING] - A browser is already opened. Closing browser and opening a new one

2018-10-20 08:05:04 - [MESSAGE][PASSED] - Browser is opened with url: ''

2018-10-20 08:05:04 - [TEST_STEP][PASSED] - navigateToUrl: Navigate to 'https://assist2-uat.perkeso.gov.my/employer/login' successfully

2018-10-20 08:05:06 - [MESSAGE][PASSED] - Navigate to 'https://assist2-uat.perkeso.gov.my/employer/login' successfully

2018-10-20 08:05:06 - [TEST_STEP][PASSED] - delay: Delayed 3 second(s)

2018-10-20 08:05:09 - [MESSAGE][PASSED] - Delayed 3 second(s)

2018-10-20 08:05:09 - [TEST_STEP][PASSED] - callTestCase: Call Test Case 'Test Cases/Final Aug 2018 - PKS Automation/Create Employer Acc/Template/Employer Email Getter' successfully

2018-10-20 08:05:09 - [TEST_CASE][PASSED] - Test Cases/Final Aug 2018 - PKS Automation/Create Employer Acc/Template/Employer Email Getter: Test Cases/Final Aug 2018 - PKS Automation/Create Employer Acc/Template/Employer Email Getter

2018-10-20 08:05:09 - [TEST_STEP][PASSED] - Statement - Try: null

2018-10-20 08:05:09 - [TEST_STEP][PASSED] - Statement - EmpEmail = new java.io.File(C://EmpEmail.txt): null

2018-10-20 08:05:09 - [TEST_STEP][PASSED] - Statement - bufferread = new java.io.BufferedReader(new java.io.FileReader(EmpEmail)): null

2018-10-20 08:05:09 - [TEST_STEP][PASSED] - Statement - readedVal = bufferread.readLine(): null

2018-10-20 08:05:09 - [TEST_STEP][PASSED] - Statement - out.println(readedVal): null

2018-10-20 08:05:09 - [TEST_STEP][PASSED] - Statement - Email = readedVal: null

2018-10-20 08:05:09 - [MESSAGE][PASSED] - Call Test Case 'Test Cases/Final Aug 2018 - PKS Automation/Create Employer Acc/Template/Employer Email Getter' successfully

2018-10-20 08:05:09 - [TEST_STEP][PASSED] - setText: Text 'perkeso162820524393@gmail.com' is set on object 'Object Repository/Final Object Repo/Login Page/External Login Page/Email'

2018-10-20 08:05:10 - [MESSAGE][PASSED] - Text 'perkeso162820524393@gmail.com' is set on object 'Object Repository/Final Object Repo/Login Page/External Login Page/Email'

2018-10-20 08:05:10 - [TEST_STEP][PASSED] - click: Object: 'Object Repository/Final Object Repo/Login Page/External Login Page/Next' is clicked on

2018-10-20 08:05:10 - [MESSAGE][PASSED] - Object: 'Object Repository/Final Object Repo/Login Page/External Login Page/Next' is clicked on

2018-10-20 08:05:10 - [TEST_STEP][PASSED] - delay: Delayed 3 second(s)

2018-10-20 08:05:13 - [MESSAGE][PASSED] - Delayed 3 second(s)

2018-10-20 08:05:13 - [TEST_STEP][PASSED] - setEncryptedText: Text ****** has been set on object 'Object Repository/Final Object Repo/Login Page/External Login Page/Password'

2018-10-20 08:05:13 - [MESSAGE][PASSED] - Text ****** has been set on object 'Object Repository/Final Object Repo/Login Page/External Login Page/Password'

2018-10-20 08:05:13 - [TEST_STEP][PASSED] - click: Object: 'Object Repository/Final Object Repo/Login Page/External Login Page/Login' is clicked on

2018-10-20 08:05:13 - [MESSAGE][PASSED] - Object: 'Object Repository/Final Object Repo/Login Page/External Login Page/Login' is clicked on

2018-10-20 08:05:13 - [TEST_STEP][PASSED] - delay: Delayed 3 second(s)

2018-10-20 08:05:16 - [MESSAGE][PASSED] - Delayed 3 second(s)

2018-10-20 08:05:16 - [TEST_STEP][PASSED] - click: Object: 'Object Repository/Final Object Repo/Creating Employer Account/Page_Terms of Use - ASSIST/button_I Agree' is clicked on

2018-10-20 08:05:17 - [MESSAGE][PASSED] - Object: 'Object Repository/Final Object Repo/Creating Employer Account/Page_Terms of Use - ASSIST/button_I Agree' is clicked on

2018-10-20 08:05:17 - [TEST_STEP][PASSED] - delay: Delayed 2 second(s)

2018-10-20 08:05:19 - [MESSAGE][PASSED] - Delayed 2 second(s)

2018-10-20 08:05:19 - [TEST_STEP][PASSED] - setEncryptedText: Text ****** has been set on object 'Object Repository/Final Object Repo/Creating Employer Account/Page_New Password - ASSIST/input_password1'

2018-10-20 08:05:20 - [MESSAGE][PASSED] - Text ****** has been set on object 'Object Repository/Final Object Repo/Creating Employer Account/Page_New Password - ASSIST/input_password1'

2018-10-20 08:05:20 - [TEST_STEP][PASSED] - setEncryptedText: Text ****** has been set on object 'Object Repository/Final Object Repo/Creating Employer Account/Page_New Password - ASSIST/input_password2'

2018-10-20 08:05:20 - [MESSAGE][PASSED] - Text ****** has been set on object 'Object Repository/Final Object Repo/Creating Employer Account/Page_New Password - ASSIST/input_password2'

2018-10-20 08:05:20 - [TEST_STEP][PASSED] - delay: Delayed 2 second(s)

2018-10-20 08:05:22 - [MESSAGE][PASSED] - Delayed 2 second(s)

2018-10-20 08:05:22 - [TEST_STEP][PASSED] - click: Object: 'Object Repository/Final Object Repo/Creating Employer Account/Page_New Password - ASSIST/Save' is clicked on

2018-10-20 08:05:22 - [MESSAGE][PASSED] - Object: 'Object Repository/Final Object Repo/Creating Employer Account/Page_New Password - ASSIST/Save' is clicked on

2018-10-20 08:05:22 - [TEST_STEP][PASSED] - delay: Delayed 2 second(s)

2018-10-20 08:05:24 - [MESSAGE][PASSED] - Delayed 2 second(s)

2018-10-20 08:05:24 - [TEST_STEP][PASSED] - setText: Text 'test' is set on object 'Object Repository/Final Object Repo/Creating Employer Account/Page_Password Reminder - ASSIST/Reminder Query Answer'

2018-10-20 08:05:24 - [MESSAGE][PASSED] - Text 'test' is set on object 'Object Repository/Final Object Repo/Creating Employer Account/Page_Password Reminder - ASSIST/Reminder Query Answer'

2018-10-20 08:05:24 - [TEST_STEP][PASSED] - delay: Delayed 2 second(s)

2018-10-20 08:05:26 - [MESSAGE][PASSED] - Delayed 2 second(s)

2018-10-20 08:05:26 - [TEST_STEP][PASSED] - doubleClick: Object: 'Object Repository/Final Object Repo/Creating Employer Account/Page_Password Reminder - ASSIST/Save' is double clicked on

2018-10-20 08:05:29 - [MESSAGE][PASSED] - Object: 'Object Repository/Final Object Repo/Creating Employer Account/Page_Password Reminder - ASSIST/Save' is double clicked on

2018-10-20 08:05:29 - [MESSAGE][PASSED] - Call Test Case 'Test Cases/Final Aug 2018 - PKS Automation/Create Employer Acc/Template/Login to Employer Account (First Time)' successfully

2018-10-20 08:05:29 - [MESSAGE][PASSED] - Call Test Case 'Test Cases/Final Aug 2018 - PKS Automation/Create Employer Acc/Create Employer Account' successfully

2018-10-20 08:05:29 - [TEST_STEP][PASSED] - callTestCase: Call Test Case 'Test Cases/Final Aug 2018 - PKS Automation/Registration Module/Log Out/log out avoiding katalon tagging' successfully

2018-10-20 08:05:29 - [TEST_CASE][PASSED] - Test Cases/Final Aug 2018 - PKS Automation/Registration Module/Log Out/log out avoiding katalon tagging: Test Cases/Final Aug 2018 - PKS Automation/Registration Module/Log Out/log out avoiding katalon tagging

2018-10-20 08:05:29 - [TEST_STEP][PASSED] - navigateToUrl: Navigate to 'https://assist2-uat.perkeso.gov.my/c/portal/logout' successfully

2018-10-20 08:05:30 - [MESSAGE][PASSED] - Navigate to 'https://assist2-uat.perkeso.gov.my/c/portal/logout' successfully

2018-10-20 08:05:30 - [MESSAGE][PASSED] - Call Test Case 'Test Cases/Final Aug 2018 - PKS Automation/Registration Module/Log Out/log out avoiding katalon tagging' successfully

2018-10-20 08:05:30 - [TEST_STEP][PASSED] - callTestCase: Call Test Case 'Test Cases/Final Aug 2018 - PKS Automation/Create Employer Acc/Login to Employer Account (Second time)' successfully

2018-10-20 08:05:30 - [TEST_CASE][PASSED] - Test Cases/Final Aug 2018 - PKS Automation/Create Employer Acc/Login to Employer Account (Second time): Test Cases/Final Aug 2018 - PKS Automation/Create Employer Acc/Login to Employer Account (Second time)

2018-10-20 08:05:30 - [TEST_STEP][PASSED] - openBrowser: Browser is opened with url: ''

2018-10-20 08:05:30 - [MESSAGE][WARNING] - A browser is already opened. Closing browser and opening a new one

2018-10-20 08:05:34 - [MESSAGE][PASSED] - Browser is opened with url: ''

2018-10-20 08:05:34 - [TEST_STEP][PASSED] - navigateToUrl: Navigate to 'https://assist2-uat.perkeso.gov.my/employer/login' successfully

2018-10-20 08:05:36 - [MESSAGE][PASSED] - Navigate to 'https://assist2-uat.perkeso.gov.my/employer/login' successfully

2018-10-20 08:05:36 - [TEST_STEP][PASSED] - delay: Delayed 3 second(s)

2018-10-20 08:05:39 - [MESSAGE][PASSED] - Delayed 3 second(s)

2018-10-20 08:05:39 - [TEST_STEP][PASSED] - callTestCase: Call Test Case 'Test Cases/Final Aug 2018 - PKS Automation/Create Employer Acc/Template/Employer Email Getter' successfully

2018-10-20 08:05:39 - [TEST_CASE][PASSED] - Test Cases/Final Aug 2018 - PKS Automation/Create Employer Acc/Template/Employer Email Getter: Test Cases/Final Aug 2018 - PKS Automation/Create Employer Acc/Template/Employer Email Getter

2018-10-20 08:05:39 - [TEST_STEP][PASSED] - Statement - Try: null

2018-10-20 08:05:39 - [TEST_STEP][PASSED] - Statement - EmpEmail = new java.io.File(C://EmpEmail.txt): null

2018-10-20 08:05:39 - [TEST_STEP][PASSED] - Statement - bufferread = new java.io.BufferedReader(new java.io.FileReader(EmpEmail)): null

2018-10-20 08:05:39 - [TEST_STEP][PASSED] - Statement - readedVal = bufferread.readLine(): null

2018-10-20 08:05:39 - [TEST_STEP][PASSED] - Statement - out.println(readedVal): null

2018-10-20 08:05:39 - [TEST_STEP][PASSED] - Statement - Email = readedVal: null

2018-10-20 08:05:39 - [MESSAGE][PASSED] - Call Test Case 'Test Cases/Final Aug 2018 - PKS Automation/Create Employer Acc/Template/Employer Email Getter' successfully

2018-10-20 08:05:39 - [TEST_STEP][PASSED] - setText: Text 'perkeso162820524393@gmail.com' is set on object 'Object Repository/Final Object Repo/Login Page/External Login Page/Email'

2018-10-20 08:05:40 - [MESSAGE][PASSED] - Text 'perkeso162820524393@gmail.com' is set on object 'Object Repository/Final Object Repo/Login Page/External Login Page/Email'

2018-10-20 08:05:40 - [TEST_STEP][PASSED] - click: Object: 'Object Repository/Final Object Repo/Login Page/External Login Page/Next' is clicked on

2018-10-20 08:05:40 - [MESSAGE][PASSED] - Object: 'Object Repository/Final Object Repo/Login Page/External Login Page/Next' is clicked on

2018-10-20 08:05:40 - [TEST_STEP][PASSED] - delay: Delayed 3 second(s)

2018-10-20 08:05:43 - [MESSAGE][PASSED] - Delayed 3 second(s)

2018-10-20 08:05:43 - [TEST_STEP][PASSED] - setEncryptedText: Text ****** has been set on object 'Object Repository/Final Object Repo/Login Page/External Login Page/Password'

2018-10-20 08:05:43 - [MESSAGE][PASSED] - Text ****** has been set on object 'Object Repository/Final Object Repo/Login Page/External Login Page/Password'

2018-10-20 08:05:43 - [TEST_STEP][PASSED] - click: Object: 'Object Repository/Final Object Repo/Login Page/External Login Page/Login' is clicked on

2018-10-20 08:05:43 - [MESSAGE][PASSED] - Object: 'Object Repository/Final Object Repo/Login Page/External Login Page/Login' is clicked on

2018-10-20 08:05:43 - [TEST_STEP][PASSED] - delay: Delayed 5 second(s)

2018-10-20 08:05:48 - [MESSAGE][PASSED] - Delayed 5 second(s)

2018-10-20 08:05:48 - [MESSAGE][PASSED] - Call Test Case 'Test Cases/Final Aug 2018 - PKS Automation/Create Employer Acc/Login to Employer Account (Second time)' successfully

2018-10-20 08:05:48 - [TEST_STEP][PASSED] - Statement - Try: Delayed 2 second(s)

2018-10-20 08:05:48 - [TEST_STEP][PASSED] - Statement - Checker = false: null

2018-10-20 08:05:48 - [TEST_STEP][PASSED] - Statement - Checker = com.kms.katalon.core.webui.keyword.WebUiBuiltInKeywords.verifyElementHasAttribute(com.kms.katalon.core.testobject.ObjectRepository.findTestObject(Final Object Repo/Landing Page/BM Detecting), "href", 20, OPTIONAL): Object 'Object Repository/Final Object Repo/Landing Page/BM Detecting' has attribute 'href'

2018-10-20 08:05:48 - [MESSAGE][PASSED] - Object 'Object Repository/Final Object Repo/Landing Page/BM Detecting' has attribute 'href'

2018-10-20 08:05:48 - [TEST_STEP][PASSED] - Statement - out.println(Checker): null

2018-10-20 08:05:48 - [TEST_STEP][PASSED] - Statement - If (Checker == false): null

2018-10-20 08:05:48 - [TEST_STEP][PASSED] - Statement - Else: null

2018-10-20 08:05:48 - [TEST_STEP][PASSED] - delay: Delayed 2 second(s)

2018-10-20 08:05:50 - [MESSAGE][PASSED] - Delayed 2 second(s)

2018-10-20 08:05:50 - [TEST_STEP][PASSED] - delay: Delayed 4 second(s)

2018-10-20 08:05:54 - [MESSAGE][PASSED] - Delayed 4 second(s)

2018-10-20 08:05:54 - [TEST_STEP][PASSED] - click: Object: 'Object Repository/Final Object Repo/Landing Page/My Sites Drop Down' is clicked on

2018-10-20 08:05:55 - [MESSAGE][PASSED] - Object: 'Object Repository/Final Object Repo/Landing Page/My Sites Drop Down' is clicked on

2018-10-20 08:05:55 - [TEST_STEP][PASSED] - click: Object: 'Object Repository/Final Object Repo/Landing Page/Select to Registration Module' is clicked on

2018-10-20 08:05:58 - [MESSAGE][PASSED] - Object: 'Object Repository/Final Object Repo/Landing Page/Select to Registration Module' is clicked on

2018-10-20 08:05:58 - [TEST_STEP][PASSED] - click: Object: 'Object Repository/Final Object Repo/Landing Page/Registration Button' is clicked on

2018-10-20 08:05:59 - [MESSAGE][PASSED] - Object: 'Object Repository/Final Object Repo/Landing Page/Registration Button' is clicked on

2018-10-20 08:05:59 - [TEST_STEP][PASSED] - delay: Delayed 2 second(s)

2018-10-20 08:06:01 - [MESSAGE][PASSED] - Delayed 2 second(s)

2018-10-20 08:06:01 - [TEST_STEP][PASSED] - click: Object: 'Object Repository/Final Object Repo/New Registration - Registration Module Pages/New Reg - OTC to RO/Special Case - OTC - Form 1/AEC NO' is clicked on

2018-10-20 08:06:02 - [MESSAGE][PASSED] - Object: 'Object Repository/Final Object Repo/New Registration - Registration Module Pages/New Reg - OTC to RO/Special Case - OTC - Form 1/AEC NO' is clicked on

2018-10-20 08:06:02 - [TEST_STEP][PASSED] - click: Object: 'Object Repository/Final Object Repo/New Registration - Registration Module Pages/New Reg - OTC to RO/Special Case - OTC - Form 1/Business Entity - Please Select' is clicked on

2018-10-20 08:06:02 - [MESSAGE][PASSED] - Object: 'Object Repository/Final Object Repo/New Registration - Registration Module Pages/New Reg - OTC to RO/Special Case - OTC - Form 1/Business Entity - Please Select' is clicked on

2018-10-20 08:06:02 - [TEST_STEP][PASSED] - click: Object: 'Object Repository/Final Object Repo/New Registration - Registration Module Pages/New Reg - OTC to RO/Special Case - OTC - Form 1/Selected - Corporation' is clicked on

2018-10-20 08:06:02 - [MESSAGE][PASSED] - Object: 'Object Repository/Final Object Repo/New Registration - Registration Module Pages/New Reg - OTC to RO/Special Case - OTC - Form 1/Selected - Corporation' is clicked on

2018-10-20 08:06:02 - [TEST_STEP][PASSED] - delay: Delayed 2 second(s)

2018-10-20 08:06:04 - [MESSAGE][PASSED] - Delayed 2 second(s)

2018-10-20 08:06:04 - [TEST_STEP][PASSED] - click: Object: 'Object Repository/Final Object Repo/New Registration - Registration Module Pages/New Reg - OTC to RO/Special Case - OTC - Form 1/Sub Business Entity - Please Select' is clicked on

2018-10-20 08:06:04 - [MESSAGE][PASSED] - Object: 'Object Repository/Final Object Repo/New Registration - Registration Module Pages/New Reg - OTC to RO/Special Case - OTC - Form 1/Sub Business Entity - Please Select' is clicked on

2018-10-20 08:06:04 - [TEST_STEP][PASSED] - delay: Delayed 2 second(s)

2018-10-20 08:06:06 - [MESSAGE][PASSED] - Delayed 2 second(s)

2018-10-20 08:06:06 - [TEST_STEP][PASSED] - click: Object: 'Object Repository/Final Object Repo/New Registration - Registration Module Pages/New Reg - OTC to RO/Special Case - OTC - Form 1/Selected - Sendirian Berhad' is clicked on

2018-10-20 08:06:06 - [MESSAGE][PASSED] - Object: 'Object Repository/Final Object Repo/New Registration - Registration Module Pages/New Reg - OTC to RO/Special Case - OTC - Form 1/Selected - Sendirian Berhad' is clicked on

2018-10-20 08:06:06 - [TEST_STEP][PASSED] - setText: Text 'AUTOMATE001' is set on object 'Object Repository/Final Object Repo/New Registration - Registration Module Pages/New Reg - OTC to RO/Special Case - OTC - Form 1/Input BRN Number'

2018-10-20 08:06:07 - [MESSAGE][PASSED] - Text 'AUTOMATE001' is set on object 'Object Repository/Final Object Repo/New Registration - Registration Module Pages/New Reg - OTC to RO/Special Case - OTC - Form 1/Input BRN Number'

2018-10-20 08:06:07 - [TEST_STEP][PASSED] - delay: Delayed 2 second(s)

2018-10-20 08:06:09 - [MESSAGE][PASSED] - Delayed 2 second(s)

2018-10-20 08:06:09 - [TEST_STEP][PASSED] - click: Object: 'Object Repository/Final Object Repo/New Registration - Registration Module Pages/New Reg - OTC to RO/Special Case - OTC - Form 1/BRN Search' is clicked on

2018-10-20 08:06:09 - [MESSAGE][PASSED] - Object: 'Object Repository/Final Object Repo/New Registration - Registration Module Pages/New Reg - OTC to RO/Special Case - OTC - Form 1/BRN Search' is clicked on

2018-10-20 08:06:09 - [TEST_STEP][PASSED] - delay: Delayed 4 second(s)

2018-10-20 08:06:13 - [MESSAGE][PASSED] - Delayed 4 second(s)

2018-10-20 08:06:13 - [TEST_STEP][PASSED] - click: Object: 'Object Repository/Final Object Repo/New Registration - Registration Module Pages/New Reg - OTC to RO/Special Case - OTC - Form 1/Registered with SSM - After Feb 2017' is clicked on

2018-10-20 08:06:13 - [MESSAGE][PASSED] - Object: 'Object Repository/Final Object Repo/New Registration - Registration Module Pages/New Reg - OTC to RO/Special Case - OTC - Form 1/Registered with SSM - After Feb 2017' is clicked on

2018-10-20 08:06:13 - [TEST_STEP][PASSED] - delay: Delayed 2 second(s)

2018-10-20 08:06:15 - [MESSAGE][PASSED] - Delayed 2 second(s)

2018-10-20 08:06:15 - [TEST_STEP][PASSED] - click: Object: 'Object Repository/Final Object Repo/New Registration - Registration Module Pages/Form 1/Registered As a Branch - Yes' is clicked on

2018-10-20 08:06:15 - [MESSAGE][PASSED] - Object: 'Object Repository/Final Object Repo/New Registration - Registration Module Pages/Form 1/Registered As a Branch - Yes' is clicked on

2018-10-20 08:06:15 - [TEST_STEP][PASSED] - click: Object: 'Object Repository/Final Object Repo/New Registration - Registration Module Pages/New Reg - OTC to RO/Special Case - OTC - Form 1/Acknowledgement Ticked' is clicked on

2018-10-20 08:06:15 - [MESSAGE][PASSED] - Object: 'Object Repository/Final Object Repo/New Registration - Registration Module Pages/New Reg - OTC to RO/Special Case - OTC - Form 1/Acknowledgement Ticked' is clicked on

2018-10-20 08:06:15 - [TEST_STEP][PASSED] - setText: Text 'perkeso162820524393@gmail.com' is set on object 'Object Repository/Final Object Repo/New Registration - Registration Module Pages/Form 1/Email'

2018-10-20 08:06:16 - [MESSAGE][PASSED] - Text 'perkeso162820524393@gmail.com' is set on object 'Object Repository/Final Object Repo/New Registration - Registration Module Pages/Form 1/Email'

2018-10-20 08:06:16 - [TEST_STEP][PASSED] - click: Object: 'Object Repository/Final Object Repo/New Registration - Registration Module Pages/New Reg - OTC to RO/Special Case - OTC - Form 1/Submit Button' is clicked on

2018-10-20 08:06:16 - [MESSAGE][PASSED] - Object: 'Object Repository/Final Object Repo/New Registration - Registration Module Pages/New Reg - OTC to RO/Special Case - OTC - Form 1/Submit Button' is clicked on

2018-10-20 08:06:16 - [TEST_STEP][PASSED] - callTestCase: Call Test Case 'Test Cases/Final Aug 2018 - PKS Automation/Registration Module/New Registration/Form 2/Add 1 Eligible - Employer Account Use' successfully

2018-10-20 08:06:16 - [TEST_CASE][PASSED] - Test Cases/Final Aug 2018 - PKS Automation/Registration Module/New Registration/Form 2/Add 1 Eligible - Employer Account Use: Test Cases/Final Aug 2018 - PKS Automation/Registration Module/New Registration/Form 2/Add 1 Eligible - Employer Account Use

2018-10-20 08:06:17 - [TEST_STEP][PASSED] - delay: Delayed 2 second(s)

2018-10-20 08:06:19 - [MESSAGE][PASSED] - Delayed 2 second(s)

2018-10-20 08:06:19 - [TEST_STEP][PASSED] - callTestCase: Call Test Case 'Test Cases/Final Aug 2018 - PKS Automation/Registration Module/New Registration/Form 2/Date Updater' successfully

2018-10-20 08:06:19 - [TEST_CASE][PASSED] - Test Cases/Final Aug 2018 - PKS Automation/Registration Module/New Registration/Form 2/Date Updater: Test Cases/Final Aug 2018 - PKS Automation/Registration Module/New Registration/Form 2/Date Updater

2018-10-20 08:06:19 - [TEST_STEP][PASSED] - Statement - TodayDate = new java.util.Date(): null

2018-10-20 08:06:19 - [TEST_STEP][PASSED] - Statement - CurrentDateNoFilter = new java.text.SimpleDateFormat(): null

2018-10-20 08:06:19 - [TEST_STEP][PASSED] - Statement - CurrentDateNoFilter.applyPattern("dd"): null

2018-10-20 08:06:19 - [TEST_STEP][PASSED] - Statement - CurrentDate = CurrentDateNoFilter.format(TodayDate): null

2018-10-20 08:06:19 - [TEST_STEP][PASSED] - Statement - CurrentDate = java.lang.Integer.parseInt(CurrentDate): null

2018-10-20 08:06:19 - [TEST_STEP][PASSED] - Statement - CurrentDate = CurrentDate: null

2018-10-20 08:06:19 - [TEST_STEP][PASSED] - Statement - CurrentDay = java.lang.Integer.parseInt(CurrentDate): null

2018-10-20 08:06:19 - [TEST_STEP][PASSED] - Statement - aDayBefore = CurrentDay + 1: null

2018-10-20 08:06:19 - [TEST_STEP][PASSED] - Statement - DayBefore = aDayBefore.toString(): null

2018-10-20 08:06:19 - [TEST_STEP][PASSED] - Statement - OneDayBefore = DayBefore: null

2018-10-20 08:06:19 - [TEST_STEP][PASSED] - Statement - CurrentDateNoFilter.applyPattern("MM"): null

2018-10-20 08:06:19 - [TEST_STEP][PASSED] - Statement - monthContainerMatcher = java.lang.Integer.parseInt(CurrentDateNoFilter.format(TodayDate)): null

2018-10-20 08:06:19 - [TEST_STEP][PASSED] - Statement - monthContainerMatcher = monthContainerMatcher - 1: null

2018-10-20 08:06:19 - [TEST_STEP][PASSED] - Statement - CurrentMonth = monthContainerMatcher.toString(): null

2018-10-20 08:06:19 - [TEST_STEP][PASSED] - Statement - CurrentMonth = CurrentMonth: null

2018-10-20 08:06:19 - [TEST_STEP][PASSED] - Statement - CurrentDateNoFilter.applyPattern("yyyy"): null

2018-10-20 08:06:19 - [TEST_STEP][PASSED] - Statement - CurrentYear = CurrentDateNoFilter.format(TodayDate): null

2018-10-20 08:06:19 - [TEST_STEP][PASSED] - Statement - CurrentYear = CurrentYear: null

2018-10-20 08:06:19 - [TEST_STEP][PASSED] - Statement - intCurrentYear = java.lang.Integer.parseInt(CurrentDateNoFilter.format(TodayDate)): null

2018-10-20 08:06:19 - [TEST_STEP][PASSED] - Statement - eighteenYrsAgo = intCurrentYear - 18: null

2018-10-20 08:06:19 - [TEST_STEP][PASSED] - Statement - eighteenYrsBeforeThisYr = eighteenYrsAgo.toString(): null

2018-10-20 08:06:19 - [TEST_STEP][PASSED] - Statement - EighteenYrsBefore = eighteenYrsBeforeThisYr: null

2018-10-20 08:06:19 - [TEST_STEP][PASSED] - Statement - fiftysevenYrsAgo = intCurrentYear - 57: null

2018-10-20 08:06:19 - [TEST_STEP][PASSED] - Statement - fiftysevenYrsBeforeThisYr = fiftysevenYrsAgo.toString(): null

2018-10-20 08:06:19 - [TEST_STEP][PASSED] - Statement - FiftysevenYrsBefore = fiftysevenYrsBeforeThisYr: null

2018-10-20 08:06:19 - [MESSAGE][PASSED] - Call Test Case 'Test Cases/Final Aug 2018 - PKS Automation/Registration Module/New Registration/Form 2/Date Updater' successfully

2018-10-20 08:06:19 - [TEST_STEP][PASSED] - delay: Delayed 1 second(s)

2018-10-20 08:06:20 - [MESSAGE][PASSED] - Delayed 1 second(s)

2018-10-20 08:06:20 - [TEST_STEP][PASSED] - Statement - CaseReferenceNo = com.kms.katalon.core.webui.keyword.WebUiBuiltInKeywords.getText(com.kms.katalon.core.testobject.ObjectRepository.findTestObject(Final Object Repo/New Registration - Registration Module Pages/Form 2/RefNo Acquiring)): Text of object 'Object Repository/Final Object Repo/New Registration - Registration Module Pages/Form 2/RefNo Acquiring' is: 'CRN10201800122260'

2018-10-20 08:06:20 - [MESSAGE][PASSED] - Text of object 'Object Repository/Final Object Repo/New Registration - Registration Module Pages/Form 2/RefNo Acquiring' is: 'CRN10201800122260'

2018-10-20 08:06:20 - [TEST_STEP][PASSED] - delay: Delayed 1 second(s)

2018-10-20 08:06:21 - [MESSAGE][PASSED] - Delayed 1 second(s)

2018-10-20 08:06:21 - [TEST_STEP][PASSED] - click: Object: 'Object Repository/Final Object Repo/New Registration - Registration Module Pages/Form 2/Add Employee Button' is clicked on

2018-10-20 08:06:21 - [MESSAGE][PASSED] - Object: 'Object Repository/Final Object Repo/New Registration - Registration Module Pages/Form 2/Add Employee Button' is clicked on

2018-10-20 08:06:21 - [TEST_STEP][PASSED] - delay: Delayed 1 second(s)

2018-10-20 08:06:22 - [MESSAGE][PASSED] - Delayed 1 second(s)

2018-10-20 08:06:22 - [TEST_STEP][PASSED] - setText: Text '010903091948' is set on object 'Object Repository/Final Object Repo/New Registration - Registration Module Pages/Form 2/NRIC Input'

2018-10-20 08:06:23 - [MESSAGE][PASSED] - Text '010903091948' is set on object 'Object Repository/Final Object Repo/New Registration - Registration Module Pages/Form 2/NRIC Input'

2018-10-20 08:06:23 - [TEST_STEP][PASSED] - delay: Delayed 2 second(s)

2018-10-20 08:06:25 - [MESSAGE][PASSED] - Delayed 2 second(s)

2018-10-20 08:06:25 - [TEST_STEP][PASSED] - setText: Text 'Automate001 eligible 1' is set on object 'Object Repository/Final Object Repo/New Registration - Registration Module Pages/Form 2/Employee Name Input'

2018-10-20 08:06:25 - [MESSAGE][PASSED] - Text 'Automate001 eligible 1' is set on object 'Object Repository/Final Object Repo/New Registration - Registration Module Pages/Form 2/Employee Name Input'

2018-10-20 08:06:25 - [TEST_STEP][PASSED] - delay: Delayed 2 second(s)

2018-10-20 08:06:27 - [MESSAGE][PASSED] - Delayed 2 second(s)

2018-10-20 08:06:27 - [TEST_STEP][PASSED] - click: Object: 'Object Repository/Final Object Repo/New Registration - Registration Module Pages/Form 2/DatePicker Pop Up' is clicked on

2018-10-20 08:06:27 - [MESSAGE][PASSED] - Object: 'Object Repository/Final Object Repo/New Registration - Registration Module Pages/Form 2/DatePicker Pop Up' is clicked on

2018-10-20 08:06:27 - [TEST_STEP][PASSED] - click: Object: 'Object Repository/Final Object Repo/New Registration - Registration Module Pages/Form 2/DOB Month' is clicked on

2018-10-20 08:06:27 - [MESSAGE][PASSED] - Object: 'Object Repository/Final Object Repo/New Registration - Registration Module Pages/Form 2/DOB Month' is clicked on

2018-10-20 08:06:27 - [TEST_STEP][PASSED] - Statement - CurrentMonth = CurrentMonth: null

2018-10-20 08:06:27 - [TEST_STEP][PASSED] - Statement - selectMonth = new com.kms.katalon.core.testobject.TestObject(): null

2018-10-20 08:06:27 - [TEST_STEP][PASSED] - Statement - selectMonth.addProperty("xpath", EQUALS, "//body/div/div/div/select/option[@value='" + CurrentMonth + "']", true): null

2018-10-20 08:06:27 - [TEST_STEP][PASSED] - click: Object: '' is clicked on

2018-10-20 08:06:27 - [MESSAGE][PASSED] - Object: '' is clicked on

2018-10-20 08:06:27 - [TEST_STEP][PASSED] - click: Object: 'Object Repository/Final Object Repo/New Registration - Registration Module Pages/Form 2/DOB Year' is clicked on

2018-10-20 08:06:28 - [MESSAGE][PASSED] - Object: 'Object Repository/Final Object Repo/New Registration - Registration Module Pages/Form 2/DOB Year' is clicked on

2018-10-20 08:06:28 - [TEST_STEP][PASSED] - Statement - Eyearsbf = EighteenYrsBefore: null

2018-10-20 08:06:28 - [TEST_STEP][PASSED] - Statement - selectYear = new com.kms.katalon.core.testobject.TestObject(): null

2018-10-20 08:06:28 - [TEST_STEP][PASSED] - Statement - selectYear.addProperty("xpath", EQUALS, "//div/div/div/select/option[@value='" + Eyearsbf + "']", true): null

2018-10-20 08:06:28 - [TEST_STEP][PASSED] - click: Object: '' is clicked on

2018-10-20 08:06:28 - [MESSAGE][PASSED] - Object: '' is clicked on

2018-10-20 08:06:28 - [TEST_STEP][PASSED] - Statement - UpdatedSelectDate = com.kms.katalon.core.webui.keyword.WebUiBuiltInKeywords.modifyObjectProperty(com.kms.katalon.core.testobject.ObjectRepository.findTestObject(Final Object Repo/New Registration - Registration Module Pages/Form 2/DOB Date), "xpath", "equals", "//body/div/table/tbody/tr/td/a[text()="" + CurrentDate + ""]", true): Modify property of object successfully

2018-10-20 08:06:28 - [MESSAGE][PASSED] - Modify property of object successfully

2018-10-20 08:06:28 - [TEST_STEP][PASSED] - delay: Delayed 3 second(s)

2018-10-20 08:06:31 - [MESSAGE][PASSED] - Delayed 3 second(s)

2018-10-20 08:06:31 - [TEST_STEP][PASSED] - click: Object: 'Object Repository/Final Object Repo/New Registration - Registration Module Pages/Form 2/DOB Date' is clicked on

2018-10-20 08:06:31 - [MESSAGE][PASSED] - Object: 'Object Repository/Final Object Repo/New Registration - Registration Module Pages/Form 2/DOB Date' is clicked on

2018-10-20 08:06:31 - [TEST_STEP][PASSED] - delay: Delayed 2 second(s)

2018-10-20 08:06:33 - [MESSAGE][PASSED] - Delayed 2 second(s)

2018-10-20 08:06:33 - [TEST_STEP][PASSED] - click: Object: 'Object Repository/Final Object Repo/New Registration - Registration Module Pages/Form 2/EmploymentStartDate Pop Up' is clicked on

2018-10-20 08:06:33 - [MESSAGE][PASSED] - Object: 'Object Repository/Final Object Repo/New Registration - Registration Module Pages/Form 2/EmploymentStartDate Pop Up' is clicked on

2018-10-20 08:06:33 - [TEST_STEP][PASSED] - delay: Delayed 2 second(s)

2018-10-20 08:06:35 - [MESSAGE][PASSED] - Delayed 2 second(s)

2018-10-20 08:06:35 - [TEST_STEP][PASSED] - click: Object: 'Object Repository/Final Object Repo/New Registration - Registration Module Pages/Form 2/Socso Employment StartDate Month' is clicked on

2018-10-20 08:06:35 - [MESSAGE][PASSED] - Object: 'Object Repository/Final Object Repo/New Registration - Registration Module Pages/Form 2/Socso Employment StartDate Month' is clicked on

2018-10-20 08:06:35 - [TEST_STEP][PASSED] - delay: Delayed 1 second(s)

2018-10-20 08:06:36 - [MESSAGE][PASSED] - Delayed 1 second(s)

2018-10-20 08:06:36 - [TEST_STEP][PASSED] - click: Object: 'Object Repository/Final Object Repo/New Registration - Registration Module Pages/Form 2/Select Socso Employement Startdate Month' is clicked on

2018-10-20 08:06:36 - [MESSAGE][PASSED] - Object: 'Object Repository/Final Object Repo/New Registration - Registration Module Pages/Form 2/Select Socso Employement Startdate Month' is clicked on

2018-10-20 08:06:36 - [TEST_STEP][PASSED] - delay: Delayed 2 second(s)

2018-10-20 08:06:38 - [MESSAGE][PASSED] - Delayed 2 second(s)

2018-10-20 08:06:38 - [TEST_STEP][PASSED] - click: Object: 'Object Repository/Final Object Repo/New Registration - Registration Module Pages/Form 2/Socso Employment StartDate Year' is clicked on

2018-10-20 08:06:39 - [MESSAGE][PASSED] - Object: 'Object Repository/Final Object Repo/New Registration - Registration Module Pages/Form 2/Socso Employment StartDate Year' is clicked on

2018-10-20 08:06:39 - [TEST_STEP][PASSED] - delay: Delayed 1 second(s)

2018-10-20 08:06:40 - [MESSAGE][PASSED] - Delayed 1 second(s)

2018-10-20 08:06:40 - [TEST_STEP][PASSED] - click: Object: 'Object Repository/Final Object Repo/New Registration - Registration Module Pages/Form 2/Select Socso Employment Startdate Year' is clicked on

2018-10-20 08:06:40 - [MESSAGE][PASSED] - Object: 'Object Repository/Final Object Repo/New Registration - Registration Module Pages/Form 2/Select Socso Employment Startdate Year' is clicked on

2018-10-20 08:06:40 - [TEST_STEP][PASSED] - delay: Delayed 2 second(s)

2018-10-20 08:06:42 - [MESSAGE][PASSED] - Delayed 2 second(s)

2018-10-20 08:06:42 - [TEST_STEP][PASSED] - click: Object: 'Object Repository/Final Object Repo/New Registration - Registration Module Pages/Form 2/Socso Employment Start Date Day' is clicked on

2018-10-20 08:06:42 - [MESSAGE][PASSED] - Object: 'Object Repository/Final Object Repo/New Registration - Registration Module Pages/Form 2/Socso Employment Start Date Day' is clicked on

2018-10-20 08:06:42 - [TEST_STEP][PASSED] - delay: Delayed 2 second(s)

2018-10-20 08:06:44 - [MESSAGE][PASSED] - Delayed 2 second(s)

2018-10-20 08:06:44 - [TEST_STEP][PASSED] - click: Object: 'Object Repository/Final Object Repo/New Registration - Registration Module Pages/Form 2/Save Button for Add Employee' is clicked on

2018-10-20 08:06:44 - [MESSAGE][PASSED] - Object: 'Object Repository/Final Object Repo/New Registration - Registration Module Pages/Form 2/Save Button for Add Employee' is clicked on

2018-10-20 08:06:44 - [TEST_STEP][PASSED] - delay: Delayed 6 second(s)

2018-10-20 08:06:50 - [MESSAGE][PASSED] - Delayed 6 second(s)

2018-10-20 08:06:50 - [TEST_STEP][PASSED] - click: Object: 'Object Repository/Final Object Repo/New Registration - Registration Module Pages/Form 2/Save and Continue Form 2' is clicked on

2018-10-20 08:06:50 - [MESSAGE][PASSED] - Object: 'Object Repository/Final Object Repo/New Registration - Registration Module Pages/Form 2/Save and Continue Form 2' is clicked on

2018-10-20 08:06:50 - [MESSAGE][PASSED] - Call Test Case 'Test Cases/Final Aug 2018 - PKS Automation/Registration Module/New Registration/Form 2/Add 1 Eligible - Employer Account Use' successfully

2018-10-20 08:06:50 - [TEST_STEP][PASSED] - callTestCase: Call Test Case 'Test Cases/Final Aug 2018 - PKS Automation/Registration Module/New Registration/Flow of New Registration/Third Screen - Upload Supporting Doc - Preview' successfully

2018-10-20 08:06:51 - [TEST_CASE][PASSED] - Test Cases/Final Aug 2018 - PKS Automation/Registration Module/New Registration/Flow of New Registration/Third Screen - Upload Supporting Doc - Preview: Test Cases/Final Aug 2018 - PKS Automation/Registration Module/New Registration/Flow of New Registration/Third Screen - Upload Supporting Doc - Preview

2018-10-20 08:06:51 - [TEST_STEP][PASSED] - waitForPageLoad: Wait for page load successfully

2018-10-20 08:06:52 - [MESSAGE][PASSED] - Wait for page load successfully

2018-10-20 08:06:52 - [TEST_STEP][PASSED] - Statement - CaseReferenceNo = com.kms.katalon.core.webui.keyword.WebUiBuiltInKeywords.getText(com.kms.katalon.core.testobject.ObjectRepository.findTestObject(Final Object Repo/New Registration - Registration Module Pages/Third Screen - Upload Supporting Doc- Preview/RefNo Acquiring)): Text of object 'Object Repository/Final Object Repo/New Registration - Registration Module Pages/Third Screen - Upload Supporting Doc- Preview/RefNo Acquiring' is: 'CRN10201800122260'

2018-10-20 08:06:52 - [MESSAGE][PASSED] - Text of object 'Object Repository/Final Object Repo/New Registration - Registration Module Pages/Third Screen - Upload Supporting Doc- Preview/RefNo Acquiring' is: 'CRN10201800122260'

2018-10-20 08:06:52 - [TEST_STEP][PASSED] - delay: Delayed 2 second(s)

2018-10-20 08:06:54 - [MESSAGE][PASSED] - Delayed 2 second(s)

2018-10-20 08:06:54 - [TEST_STEP][PASSED] - callTestCase: Call Test Case 'Test Cases/Final Aug 2018 - PKS Automation/Common/Reference Number Setter' successfully

2018-10-20 08:06:54 - [TEST_CASE][PASSED] - Test Cases/Final Aug 2018 - PKS Automation/Common/Reference Number Setter: Test Cases/Final Aug 2018 - PKS Automation/Common/Reference Number Setter

2018-10-20 08:06:54 - [TEST_STEP][PASSED] - Statement - RefNoOldFile = new java.io.File(C://KatalonReference.txt): null

2018-10-20 08:06:54 - [TEST_STEP][PASSED] - Statement - RefNoOldFile.delete(): null

2018-10-20 08:06:54 - [TEST_STEP][PASSED] - Statement - RefNo = new java.io.File(C://KatalonReference.txt): null

2018-10-20 08:06:54 - [TEST_STEP][PASSED] - Statement - RefNo.append(CaseReferenceNo): null

2018-10-20 08:06:54 - [TEST_STEP][PASSED] - Statement - out.println("


" + CaseReferenceNo + "


"): null

2018-10-20 08:06:54 - [MESSAGE][PASSED] - Call Test Case 'Test Cases/Final Aug 2018 - PKS Automation/Common/Reference Number Setter' successfully

2018-10-20 08:06:54 - [TEST_STEP][PASSED] - waitForElementClickable: Object 'Object Repository/Final Object Repo/New Registration - Registration Module Pages/Third Screen - Upload Supporting Doc- Preview/Save n Continue in SIP Employee Listing Page' is clickable

2018-10-20 08:06:54 - [MESSAGE][PASSED] - Object 'Object Repository/Final Object Repo/New Registration - Registration Module Pages/Third Screen - Upload Supporting Doc- Preview/Save n Continue in SIP Employee Listing Page' is clickable

2018-10-20 08:06:54 - [TEST_STEP][PASSED] - click: Object: 'Object Repository/Final Object Repo/New Registration - Registration Module Pages/Third Screen - Upload Supporting Doc- Preview/Save n Continue in SIP Employee Listing Page' is clicked on

2018-10-20 08:07:00 - [MESSAGE][PASSED] - Object: 'Object Repository/Final Object Repo/New Registration - Registration Module Pages/Third Screen - Upload Supporting Doc- Preview/Save n Continue in SIP Employee Listing Page' is clicked on

2018-10-20 08:07:00 - [TEST_STEP][PASSED] - delay: Delayed 6 second(s)

2018-10-20 08:07:06 - [MESSAGE][PASSED] - Delayed 6 second(s)

2018-10-20 08:07:06 - [TEST_STEP][PASSED] - click: Object: 'Object Repository/Final Object Repo/New Registration - Registration Module Pages/Third Screen - Upload Supporting Doc- Preview/Add Document Button' is clicked on

2018-10-20 08:07:06 - [MESSAGE][PASSED] - Object: 'Object Repository/Final Object Repo/New Registration - Registration Module Pages/Third Screen - Upload Supporting Doc- Preview/Add Document Button' is clicked on

2018-10-20 08:07:06 - [TEST_STEP][PASSED] - delay: Delayed 30 second(s)

2018-10-20 08:07:36 - [MESSAGE][PASSED] - Delayed 30 second(s)

2018-10-20 08:07:36 - [TEST_STEP][PASSED] - click: Object: 'Object Repository/Final Object Repo/New Registration - Registration Module Pages/Third Screen - Upload Supporting Doc- Preview/Supporting Doc Please Select Drop Down' is clicked on

2018-10-20 08:07:36 - [MESSAGE][PASSED] - Object: 'Object Repository/Final Object Repo/New Registration - Registration Module Pages/Third Screen - Upload Supporting Doc- Preview/Supporting Doc Please Select Drop Down' is clicked on

2018-10-20 08:07:36 - [TEST_STEP][PASSED] - delay: Delayed 2 second(s)

2018-10-20 08:07:38 - [MESSAGE][PASSED] - Delayed 2 second(s)

2018-10-20 08:07:38 - [TEST_STEP][PASSED] - click: Object: 'Object Repository/Final Object Repo/New Registration - Registration Module Pages/Third Screen - Upload Supporting Doc- Preview/Select to Upload Form 1' is clicked on

2018-10-20 08:07:38 - [MESSAGE][PASSED] - Object: 'Object Repository/Final Object Repo/New Registration - Registration Module Pages/Third Screen - Upload Supporting Doc- Preview/Select to Upload Form 1' is clicked on

2018-10-20 08:07:38 - [TEST_STEP][PASSED] - delay: Delayed 2 second(s)

2018-10-20 08:07:40 - [MESSAGE][PASSED] - Delayed 2 second(s)

2018-10-20 08:07:40 - [TEST_STEP][PASSED] - uploadFile: File 'C:\Users\Public\Pictures\Sample Pictures\Act.jpg' sent to object: 'Object Repository/Final Object Repo/New Registration - Registration Module Pages/Third Screen - Upload Supporting Doc- Preview/Upload File Adding'

2018-10-20 08:07:40 - [MESSAGE][PASSED] - File 'C:\Users\Public\Pictures\Sample Pictures\Act.jpg' sent to object: 'Object Repository/Final Object Repo/New Registration - Registration Module Pages/Third Screen - Upload Supporting Doc- Preview/Upload File Adding'

2018-10-20 08:07:40 - [TEST_STEP][PASSED] - delay: Delayed 5 second(s)

2018-10-20 08:07:45 - [MESSAGE][PASSED] - Delayed 5 second(s)

2018-10-20 08:07:45 - [TEST_STEP][PASSED] - click: Object: 'Object Repository/Final Object Repo/New Registration - Registration Module Pages/Third Screen - Upload Supporting Doc- Preview/Inner Form Add Document Button' is clicked on

2018-10-20 08:07:45 - [MESSAGE][PASSED] - Object: 'Object Repository/Final Object Repo/New Registration - Registration Module Pages/Third Screen - Upload Supporting Doc- Preview/Inner Form Add Document Button' is clicked on

2018-10-20 08:07:45 - [TEST_STEP][PASSED] - delay: Delayed 3 second(s)

2018-10-20 08:07:48 - [MESSAGE][PASSED] - Delayed 3 second(s)

2018-10-20 08:07:48 - [TEST_STEP][PASSED] - click: Object: 'Object Repository/Final Object Repo/New Registration - Registration Module Pages/Third Screen - Upload Supporting Doc- Preview/Add Document Button' is clicked on

2018-10-20 08:07:52 - [MESSAGE][PASSED] - Object: 'Object Repository/Final Object Repo/New Registration - Registration Module Pages/Third Screen - Upload Supporting Doc- Preview/Add Document Button' is clicked on

2018-10-20 08:07:52 - [TEST_STEP][PASSED] - delay: Delayed 30 second(s)

2018-10-20 08:08:22 - [MESSAGE][PASSED] - Delayed 30 second(s)

2018-10-20 08:08:22 - [TEST_STEP][PASSED] - click: Object: 'Object Repository/Final Object Repo/New Registration - Registration Module Pages/Third Screen - Upload Supporting Doc- Preview/Supporting Doc Please Select Drop Down' is clicked on

2018-10-20 08:08:22 - [MESSAGE][PASSED] - Object: 'Object Repository/Final Object Repo/New Registration - Registration Module Pages/Third Screen - Upload Supporting Doc- Preview/Supporting Doc Please Select Drop Down' is clicked on

2018-10-20 08:08:22 - [TEST_STEP][PASSED] - delay: Delayed 2 second(s)

2018-10-20 08:08:24 - [MESSAGE][PASSED] - Delayed 2 second(s)

2018-10-20 08:08:24 - [TEST_STEP][PASSED] - click: Object: 'Object Repository/Final Object Repo/New Registration - Registration Module Pages/Third Screen - Upload Supporting Doc- Preview/Select to Upload Form 2' is clicked on

2018-10-20 08:08:24 - [MESSAGE][PASSED] - Object: 'Object Repository/Final Object Repo/New Registration - Registration Module Pages/Third Screen - Upload Supporting Doc- Preview/Select to Upload Form 2' is clicked on

2018-10-20 08:08:24 - [TEST_STEP][PASSED] - delay: Delayed 2 second(s)

2018-10-20 08:08:26 - [MESSAGE][PASSED] - Delayed 2 second(s)

2018-10-20 08:08:26 - [TEST_STEP][PASSED] - uploadFile: File 'C:\Users\Public\Pictures\Sample Pictures\Act.jpg' sent to object: 'Object Repository/Final Object Repo/New Registration - Registration Module Pages/Third Screen - Upload Supporting Doc- Preview/Upload File Adding'

2018-10-20 08:08:26 - [MESSAGE][PASSED] - File 'C:\Users\Public\Pictures\Sample Pictures\Act.jpg' sent to object: 'Object Repository/Final Object Repo/New Registration - Registration Module Pages/Third Screen - Upload Supporting Doc- Preview/Upload File Adding'

2018-10-20 08:08:26 - [TEST_STEP][PASSED] - click: Object: 'Object Repository/Final Object Repo/New Registration - Registration Module Pages/Third Screen - Upload Supporting Doc- Preview/Inner Form Add Document Button' is clicked on

2018-10-20 08:08:27 - [MESSAGE][PASSED] - Object: 'Object Repository/Final Object Repo/New Registration - Registration Module Pages/Third Screen - Upload Supporting Doc- Preview/Inner Form Add Document Button' is clicked on

2018-10-20 08:08:27 - [TEST_STEP][PASSED] - delay: Delayed 4 second(s)

2018-10-20 08:08:31 - [MESSAGE][PASSED] - Delayed 4 second(s)

2018-10-20 08:08:31 - [TEST_STEP][PASSED] - click: Object: 'Object Repository/Final Object Repo/New Registration - Registration Module Pages/Third Screen - Upload Supporting Doc- Preview/Add Document Button' is clicked on

2018-10-20 08:08:33 - [MESSAGE][PASSED] - Object: 'Object Repository/Final Object Repo/New Registration - Registration Module Pages/Third Screen - Upload Supporting Doc- Preview/Add Document Button' is clicked on

2018-10-20 08:08:33 - [TEST_STEP][PASSED] - delay: Delayed 30 second(s)

2018-10-20 08:09:03 - [MESSAGE][PASSED] - Delayed 30 second(s)

2018-10-20 08:09:03 - [TEST_STEP][PASSED] - click: Object: 'Object Repository/Final Object Repo/New Registration - Registration Module Pages/Third Screen - Upload Supporting Doc- Preview/Supporting Doc Please Select Drop Down' is clicked on

2018-10-20 08:09:03 - [MESSAGE][PASSED] - Object: 'Object Repository/Final Object Repo/New Registration - Registration Module Pages/Third Screen - Upload Supporting Doc- Preview/Supporting Doc Please Select Drop Down' is clicked on

2018-10-20 08:09:03 - [TEST_STEP][PASSED] - click: Object: 'Object Repository/Final Object Repo/New Registration - Registration Module Pages/Third Screen - Upload Supporting Doc- Preview/Select to Upload Borang SIP 1' is clicked on

2018-10-20 08:09:03 - [MESSAGE][PASSED] - Object: 'Object Repository/Final Object Repo/New Registration - Registration Module Pages/Third Screen - Upload Supporting Doc- Preview/Select to Upload Borang SIP 1' is clicked on

2018-10-20 08:09:03 - [TEST_STEP][PASSED] - delay: Delayed 2 second(s)

2018-10-20 08:09:05 - [MESSAGE][PASSED] - Delayed 2 second(s)

2018-10-20 08:09:05 - [TEST_STEP][PASSED] - uploadFile: File 'C:\Users\Public\Pictures\Sample Pictures\Act.jpg' sent to object: 'Object Repository/Final Object Repo/New Registration - Registration Module Pages/Third Screen - Upload Supporting Doc- Preview/Upload File Adding'

2018-10-20 08:09:05 - [MESSAGE][PASSED] - File 'C:\Users\Public\Pictures\Sample Pictures\Act.jpg' sent to object: 'Object Repository/Final Object Repo/New Registration - Registration Module Pages/Third Screen - Upload Supporting Doc- Preview/Upload File Adding'

2018-10-20 08:09:05 - [TEST_STEP][PASSED] - click: Object: 'Object Repository/Final Object Repo/New Registration - Registration Module Pages/Third Screen - Upload Supporting Doc- Preview/Inner Form Add Document Button' is clicked on

2018-10-20 08:09:05 - [MESSAGE][PASSED] - Object: 'Object Repository/Final Object Repo/New Registration - Registration Module Pages/Third Screen - Upload Supporting Doc- Preview/Inner Form Add Document Button' is clicked on

2018-10-20 08:09:05 - [TEST_STEP][PASSED] - delay: Delayed 5 second(s)

2018-10-20 08:09:10 - [MESSAGE][PASSED] - Delayed 5 second(s)

2018-10-20 08:09:10 - [TEST_STEP][PASSED] - click: Object: 'Object Repository/Final Object Repo/New Registration - Registration Module Pages/Third Screen - Upload Supporting Doc- Preview/Add Document Button' is clicked on

2018-10-20 08:09:11 - [MESSAGE][PASSED] - Object: 'Object Repository/Final Object Repo/New Registration - Registration Module Pages/Third Screen - Upload Supporting Doc- Preview/Add Document Button' is clicked on

2018-10-20 08:09:11 - [TEST_STEP][PASSED] - delay: Delayed 30 second(s)

2018-10-20 08:09:41 - [MESSAGE][PASSED] - Delayed 30 second(s)

2018-10-20 08:09:41 - [TEST_STEP][PASSED] - click: Object: 'Object Repository/Final Object Repo/New Registration - Registration Module Pages/Third Screen - Upload Supporting Doc- Preview/Supporting Doc Please Select Drop Down' is clicked on

2018-10-20 08:09:41 - [MESSAGE][PASSED] - Object: 'Object Repository/Final Object Repo/New Registration - Registration Module Pages/Third Screen - Upload Supporting Doc- Preview/Supporting Doc Please Select Drop Down' is clicked on

2018-10-20 08:09:41 - [TEST_STEP][PASSED] - delay: Delayed 3 second(s)

2018-10-20 08:09:44 - [MESSAGE][PASSED] - Delayed 3 second(s)

2018-10-20 08:09:44 - [TEST_STEP][PASSED] - click: Object: 'Object Repository/Final Object Repo/New Registration - Registration Module Pages/Third Screen - Upload Supporting Doc- Preview/Select to Upload Borang SIP 2' is clicked on

2018-10-20 08:09:45 - [MESSAGE][PASSED] - Object: 'Object Repository/Final Object Repo/New Registration - Registration Module Pages/Third Screen - Upload Supporting Doc- Preview/Select to Upload Borang SIP 2' is clicked on

2018-10-20 08:09:45 - [TEST_STEP][PASSED] - delay: Delayed 2 second(s)

2018-10-20 08:09:47 - [MESSAGE][PASSED] - Delayed 2 second(s)

2018-10-20 08:09:47 - [TEST_STEP][PASSED] - uploadFile: File 'C:\Users\Public\Pictures\Sample Pictures\Act.jpg' sent to object: 'Object Repository/Final Object Repo/New Registration - Registration Module Pages/Third Screen - Upload Supporting Doc- Preview/Upload File Adding'

2018-10-20 08:09:47 - [MESSAGE][PASSED] - File 'C:\Users\Public\Pictures\Sample Pictures\Act.jpg' sent to object: 'Object Repository/Final Object Repo/New Registration - Registration Module Pages/Third Screen - Upload Supporting Doc- Preview/Upload File Adding'

2018-10-20 08:09:47 - [TEST_STEP][PASSED] - delay: Delayed 5 second(s)

2018-10-20 08:09:52 - [MESSAGE][PASSED] - Delayed 5 second(s)

2018-10-20 08:09:52 - [TEST_STEP][PASSED] - click: Object: 'Object Repository/Final Object Repo/New Registration - Registration Module Pages/Third Screen - Upload Supporting Doc- Preview/Inner Form Add Document Button' is clicked on

2018-10-20 08:09:52 - [MESSAGE][PASSED] - Object: 'Object Repository/Final Object Repo/New Registration - Registration Module Pages/Third Screen - Upload Supporting Doc- Preview/Inner Form Add Document Button' is clicked on

2018-10-20 08:09:52 - [TEST_STEP][PASSED] - delay: Delayed 3 second(s)

2018-10-20 08:09:55 - [MESSAGE][PASSED] - Delayed 3 second(s)

2018-10-20 08:09:55 - [TEST_STEP][PASSED] - waitForElementClickable: Object 'Object Repository/Final Object Repo/New Registration - Registration Module Pages/Third Screen - Upload Supporting Doc- Preview/Save n Continue in Uploading Supporting Doc Page' is clickable

2018-10-20 08:09:58 - [MESSAGE][PASSED] - Object 'Object Repository/Final Object Repo/New Registration - Registration Module Pages/Third Screen - Upload Supporting Doc- Preview/Save n Continue in Uploading Supporting Doc Page' is clickable

2018-10-20 08:09:58 - [TEST_STEP][PASSED] - click: Object: 'Object Repository/Final Object Repo/New Registration - Registration Module Pages/Third Screen - Upload Supporting Doc- Preview/Save n Continue in Uploading Supporting Doc Page' is clicked on

2018-10-20 08:09:58 - [MESSAGE][PASSED] - Object: 'Object Repository/Final Object Repo/New Registration - Registration Module Pages/Third Screen - Upload Supporting Doc- Preview/Save n Continue in Uploading Supporting Doc Page' is clicked on

2018-10-20 08:09:58 - [MESSAGE][PASSED] - Call Test Case 'Test Cases/Final Aug 2018 - PKS Automation/Registration Module/New Registration/Flow of New Registration/Third Screen - Upload Supporting Doc - Preview' successfully

2018-10-20 08:09:58 - [TEST_STEP][PASSED] - setText: Text 'Tester' is set on object 'Object Repository/Final Object Repo/New Registration - Registration Module Pages/New Reg - OTC to RO/Special Case - All Related Objects/Employer Preview Name'

2018-10-20 08:10:03 - [MESSAGE][PASSED] - Text 'Tester' is set on object 'Object Repository/Final Object Repo/New Registration - Registration Module Pages/New Reg - OTC to RO/Special Case - All Related Objects/Employer Preview Name'

2018-10-20 08:10:03 - [TEST_STEP][PASSED] - click: Object: 'Object Repository/Final Object Repo/New Registration - Registration Module Pages/New Reg - OTC to RO/Special Case - All Related Objects/IC Type Drop Down' is clicked on

2018-10-20 08:10:03 - [MESSAGE][PASSED] - Object: 'Object Repository/Final Object Repo/New Registration - Registration Module Pages/New Reg - OTC to RO/Special Case - All Related Objects/IC Type Drop Down' is clicked on

2018-10-20 08:10:03 - [TEST_STEP][PASSED] - click: Object: 'Object Repository/Final Object Repo/New Registration - Registration Module Pages/New Reg - OTC to RO/Special Case - All Related Objects/Select to NRIC' is clicked on

2018-10-20 08:10:03 - [MESSAGE][PASSED] - Object: 'Object Repository/Final Object Repo/New Registration - Registration Module Pages/New Reg - OTC to RO/Special Case - All Related Objects/Select to NRIC' is clicked on

2018-10-20 08:10:03 - [TEST_STEP][PASSED] - setText: Text '133245561223' is set on object 'Object Repository/Final Object Repo/New Registration - Registration Module Pages/New Reg - OTC to RO/Special Case - All Related Objects/IC Value'

2018-10-20 08:10:04 - [MESSAGE][PASSED] - Text '133245561223' is set on object 'Object Repository/Final Object Repo/New Registration - Registration Module Pages/New Reg - OTC to RO/Special Case - All Related Objects/IC Value'

2018-10-20 08:10:04 - [TEST_STEP][PASSED] - setText: Text 'Auto' is set on object 'Object Repository/Final Object Repo/New Registration - Registration Module Pages/New Reg - OTC to RO/Special Case - All Related Objects/Designation'

2018-10-20 08:10:04 - [MESSAGE][PASSED] - Text 'Auto' is set on object 'Object Repository/Final Object Repo/New Registration - Registration Module Pages/New Reg - OTC to RO/Special Case - All Related Objects/Designation'

2018-10-20 08:10:04 - [TEST_STEP][PASSED] - callTestCase: Call Test Case 'Test Cases/Final Aug 2018 - PKS Automation/Registration Module/New Registration/Submit and Screenshot/Submit Registration and Screenshot - Copy' successfully

2018-10-20 08:10:04 - [TEST_CASE][PASSED] - Test Cases/Final Aug 2018 - PKS Automation/Registration Module/New Registration/Submit and Screenshot/Submit Registration and Screenshot - Copy: Test Cases/Final Aug 2018 - PKS Automation/Registration Module/New Registration/Submit and Screenshot/Submit Registration and Screenshot - Copy

2018-10-20 08:10:04 - [TEST_STEP][PASSED] - delay: Delayed 6 second(s)

2018-10-20 08:10:10 - [MESSAGE][PASSED] - Delayed 6 second(s)

2018-10-20 08:10:10 - [TEST_STEP][PASSED] - click: Object: 'Object Repository/Final Object Repo/New Registration - Registration Module Pages/Third Screen - Upload Supporting Doc- Preview/Preview Submit Button' is clicked on

2018-10-20 08:10:10 - [MESSAGE][PASSED] - Object: 'Object Repository/Final Object Repo/New Registration - Registration Module Pages/Third Screen - Upload Supporting Doc- Preview/Preview Submit Button' is clicked on

2018-10-20 08:10:10 - [TEST_STEP][PASSED] - delay: Delayed 2 second(s)

2018-10-20 08:10:12 - [MESSAGE][PASSED] - Delayed 2 second(s)

2018-10-20 08:10:12 - [TEST_STEP][PASSED] - click: Object: 'Object Repository/Final Object Repo/New Registration - Registration Module Pages/Third Screen - Upload Supporting Doc- Preview/Preview Submit - Confirm' is clicked on

2018-10-20 08:10:13 - [MESSAGE][PASSED] - Object: 'Object Repository/Final Object Repo/New Registration - Registration Module Pages/Third Screen - Upload Supporting Doc- Preview/Preview Submit - Confirm' is clicked on

2018-10-20 08:10:13 - [TEST_STEP][PASSED] - delay: Delayed 15 second(s)

2018-10-20 08:10:28 - [MESSAGE][PASSED] - Delayed 15 second(s)

2018-10-20 08:10:28 - [TEST_STEP][PASSED] - Statement - driver = com.kms.katalon.core.webui.driver.DriverFactory.getWebDriver(): null

2018-10-20 08:10:28 - [TEST_STEP][PASSED] - Statement - driver.manage().timeouts().implicitlyWait(10, SECONDS): null

2018-10-20 08:10:28 - [TEST_STEP][PASSED] - Statement - PresavePath = KatalonScreenshots: null

2018-10-20 08:10:28 - [TEST_STEP][PASSED] - Statement - pathPrefix = "C:\Users\Public\Pictures\Sample Pictures\Katalon Screenshots\Automate Ending Screen": null

2018-10-20 08:10:28 - [TEST_STEP][PASSED] - Statement - finalPath = <not implemented yet for class: org.codehaus.groovy.ast.expr.EmptyExpression>: null

2018-10-20 08:10:28 - [TEST_STEP][PASSED] - Statement - scrFile = driver.getScreenshotAs(FILE): null

2018-10-20 08:10:28 - [TEST_STEP][PASSED] - Statement - PreSaveFile = new java.io.File(PresavePath): null

2018-10-20 08:10:28 - [TEST_STEP][PASSED] - Statement - counter = 0: null

2018-10-20 08:10:28 - [TEST_STEP][PASSED] - Statement - If (PreSaveFile.exists()): null

2018-10-20 08:10:28 - [TEST_STEP][PASSED] - Statement - While (PreSaveFile.exists()): null

2018-10-20 08:10:28 - [TEST_STEP][PASSED] - Statement - counter = counter + 1: null

2018-10-20 08:10:28 - [TEST_STEP][PASSED] - Statement - PreSaveFile = new java.io.File(((pathPrefix + java.lang.Integer.toString(counter)) + .png)): null

2018-10-20 08:10:28 - [TEST_STEP][PASSED] - Statement - counter = counter + 1: null

2018-10-20 08:10:28 - [TEST_STEP][PASSED] - Statement - PreSaveFile = new java.io.File(((pathPrefix + java.lang.Integer.toString(counter)) + .png)): null

2018-10-20 08:10:28 - [TEST_STEP][PASSED] - Statement - counter = counter + 1: null

2018-10-20 08:10:28 - [TEST_STEP][PASSED] - Statement - PreSaveFile = new java.io.File(((pathPrefix + java.lang.Integer.toString(counter)) + .png)): null

2018-10-20 08:10:28 - [TEST_STEP][PASSED] - Statement - counter = counter + 1: null

2018-10-20 08:10:28 - [TEST_STEP][PASSED] - Statement - PreSaveFile = new java.io.File(((pathPrefix + java.lang.Integer.toString(counter)) + .png)): null

2018-10-20 08:10:28 - [TEST_STEP][PASSED] - Statement - counter = counter + 1: null

2018-10-20 08:10:28 - [TEST_STEP][PASSED] - Statement - PreSaveFile = new java.io.File(((pathPrefix + java.lang.Integer.toString(counter)) + .png)): null

2018-10-20 08:10:28 - [TEST_STEP][PASSED] - Statement - counter = counter + 1: null

2018-10-20 08:10:28 - [TEST_STEP][PASSED] - Statement - PreSaveFile = new java.io.File(((pathPrefix + java.lang.Integer.toString(counter)) + .png)): null

2018-10-20 08:10:28 - [TEST_STEP][PASSED] - Statement - counter = counter + 1: null

2018-10-20 08:10:28 - [TEST_STEP][PASSED] - Statement - PreSaveFile = new java.io.File(((pathPrefix + java.lang.Integer.toString(counter)) + .png)): null

2018-10-20 08:10:28 - [TEST_STEP][PASSED] - Statement - counter = counter + 1: null

2018-10-20 08:10:28 - [TEST_STEP][PASSED] - Statement - PreSaveFile = new java.io.File(((pathPrefix + java.lang.Integer.toString(counter)) + .png)): null

2018-10-20 08:10:28 - [TEST_STEP][PASSED] - Statement - counter = counter + 1: null

2018-10-20 08:10:28 - [TEST_STEP][PASSED] - Statement - PreSaveFile = new java.io.File(((pathPrefix + java.lang.Integer.toString(counter)) + .png)): null

2018-10-20 08:10:28 - [TEST_STEP][PASSED] - Statement - counter = counter + 1: null

2018-10-20 08:10:28 - [TEST_STEP][PASSED] - Statement - PreSaveFile = new java.io.File(((pathPrefix + java.lang.Integer.toString(counter)) + .png)): null

2018-10-20 08:10:28 - [TEST_STEP][PASSED] - Statement - counter = counter + 1: null

2018-10-20 08:10:28 - [TEST_STEP][PASSED] - Statement - PreSaveFile = new java.io.File(((pathPrefix + java.lang.Integer.toString(counter)) + .png)): null

2018-10-20 08:10:28 - [TEST_STEP][PASSED] - Statement - counter = counter + 1: null

2018-10-20 08:10:28 - [TEST_STEP][PASSED] - Statement - PreSaveFile = new java.io.File(((pathPrefix + java.lang.Integer.toString(counter)) + .png)): null

2018-10-20 08:10:28 - [TEST_STEP][PASSED] - Statement - counter = counter + 1: null

2018-10-20 08:10:28 - [TEST_STEP][PASSED] - Statement - PreSaveFile = new java.io.File(((pathPrefix + java.lang.Integer.toString(counter)) + .png)): null

2018-10-20 08:10:28 - [TEST_STEP][PASSED] - Statement - counter = counter + 1: null

2018-10-20 08:10:28 - [TEST_STEP][PASSED] - Statement - PreSaveFile = new java.io.File(((pathPrefix + java.lang.Integer.toString(counter)) + .png)): null

2018-10-20 08:10:28 - [TEST_STEP][PASSED] - Statement - counter = counter + 1: null

2018-10-20 08:10:28 - [TEST_STEP][PASSED] - Statement - PreSaveFile = new java.io.File(((pathPrefix + java.lang.Integer.toString(counter)) + .png)): null

2018-10-20 08:10:28 - [TEST_STEP][PASSED] - Statement - counter = counter + 1: null

2018-10-20 08:10:28 - [TEST_STEP][PASSED] - Statement - PreSaveFile = new java.io.File(((pathPrefix + java.lang.Integer.toString(counter)) + .png)): null

2018-10-20 08:10:28 - [TEST_STEP][PASSED] - Statement - counter = counter + 1: null

2018-10-20 08:10:28 - [TEST_STEP][PASSED] - Statement - PreSaveFile = new java.io.File(((pathPrefix + java.lang.Integer.toString(counter)) + .png)): null

2018-10-20 08:10:28 - [TEST_STEP][PASSED] - Statement - counter = counter + 1: null

2018-10-20 08:10:28 - [TEST_STEP][PASSED] - Statement - PreSaveFile = new java.io.File(((pathPrefix + java.lang.Integer.toString(counter)) + .png)): null

2018-10-20 08:10:28 - [TEST_STEP][PASSED] - Statement - counter = counter + 1: null

2018-10-20 08:10:28 - [TEST_STEP][PASSED] - Statement - PreSaveFile = new java.io.File(((pathPrefix + java.lang.Integer.toString(counter)) + .png)): null

2018-10-20 08:10:28 - [TEST_STEP][PASSED] - Statement - counter = counter + 1: null

2018-10-20 08:10:28 - [TEST_STEP][PASSED] - Statement - PreSaveFile = new java.io.File(((pathPrefix + java.lang.Integer.toString(counter)) + .png)): null

2018-10-20 08:10:28 - [TEST_STEP][PASSED] - Statement - counter = counter + 1: null

2018-10-20 08:10:28 - [TEST_STEP][PASSED] - Statement - PreSaveFile = new java.io.File(((pathPrefix + java.lang.Integer.toString(counter)) + .png)): null

2018-10-20 08:10:28 - [TEST_STEP][PASSED] - Statement - counter = counter + 1: null

2018-10-20 08:10:28 - [TEST_STEP][PASSED] - Statement - PreSaveFile = new java.io.File(((pathPrefix + java.lang.Integer.toString(counter)) + .png)): null

2018-10-20 08:10:28 - [TEST_STEP][PASSED] - Statement - counter = counter + 1: null

2018-10-20 08:10:28 - [TEST_STEP][PASSED] - Statement - PreSaveFile = new java.io.File(((pathPrefix + java.lang.Integer.toString(counter)) + .png)): null

2018-10-20 08:10:28 - [TEST_STEP][PASSED] - Statement - counter = counter + 1: null

2018-10-20 08:10:28 - [TEST_STEP][PASSED] - Statement - PreSaveFile = new java.io.File(((pathPrefix + java.lang.Integer.toString(counter)) + .png)): null

2018-10-20 08:10:28 - [TEST_STEP][PASSED] - Statement - counter = counter + 1: null

2018-10-20 08:10:28 - [TEST_STEP][PASSED] - Statement - PreSaveFile = new java.io.File(((pathPrefix + java.lang.Integer.toString(counter)) + .png)): null

2018-10-20 08:10:28 - [TEST_STEP][PASSED] - Statement - counter = counter + 1: null

2018-10-20 08:10:28 - [TEST_STEP][PASSED] - Statement - PreSaveFile = new java.io.File(((pathPrefix + java.lang.Integer.toString(counter)) + .png)): null

2018-10-20 08:10:28 - [TEST_STEP][PASSED] - Statement - counter = counter + 1: null

2018-10-20 08:10:28 - [TEST_STEP][PASSED] - Statement - PreSaveFile = new java.io.File(((pathPrefix + java.lang.Integer.toString(counter)) + .png)): null

2018-10-20 08:10:28 - [TEST_STEP][PASSED] - Statement - counter = counter + 1: null

2018-10-20 08:10:28 - [TEST_STEP][PASSED] - Statement - PreSaveFile = new java.io.File(((pathPrefix + java.lang.Integer.toString(counter)) + .png)): null

2018-10-20 08:10:28 - [TEST_STEP][PASSED] - Statement - counter = counter + 1: null

2018-10-20 08:10:28 - [TEST_STEP][PASSED] - Statement - PreSaveFile = new java.io.File(((pathPrefix + java.lang.Integer.toString(counter)) + .png)): null

2018-10-20 08:10:28 - [TEST_STEP][PASSED] - Statement - counter = counter + 1: null

2018-10-20 08:10:28 - [TEST_STEP][PASSED] - Statement - PreSaveFile = new java.io.File(((pathPrefix + java.lang.Integer.toString(counter)) + .png)): null

2018-10-20 08:10:28 - [TEST_STEP][PASSED] - Statement - counter = counter + 1: null

2018-10-20 08:10:28 - [TEST_STEP][PASSED] - Statement - PreSaveFile = new java.io.File(((pathPrefix + java.lang.Integer.toString(counter)) + .png)): null

2018-10-20 08:10:28 - [TEST_STEP][PASSED] - Statement - counter = counter + 1: null

2018-10-20 08:10:28 - [TEST_STEP][PASSED] - Statement - PreSaveFile = new java.io.File(((pathPrefix + java.lang.Integer.toString(counter)) + .png)): null

2018-10-20 08:10:28 - [TEST_STEP][PASSED] - Statement - counter = counter + 1: null

2018-10-20 08:10:28 - [TEST_STEP][PASSED] - Statement - PreSaveFile = new java.io.File(((pathPrefix + java.lang.Integer.toString(counter)) + .png)): null

2018-10-20 08:10:28 - [TEST_STEP][PASSED] - Statement - counter = counter + 1: null

2018-10-20 08:10:28 - [TEST_STEP][PASSED] - Statement - PreSaveFile = new java.io.File(((pathPrefix + java.lang.Integer.toString(counter)) + .png)): null

2018-10-20 08:10:28 - [TEST_STEP][PASSED] - Statement - counter = counter + 1: null

2018-10-20 08:10:28 - [TEST_STEP][PASSED] - Statement - PreSaveFile = new java.io.File(((pathPrefix + java.lang.Integer.toString(counter)) + .png)): null

2018-10-20 08:10:28 - [TEST_STEP][PASSED] - Statement - counter = counter + 1: null

2018-10-20 08:10:28 - [TEST_STEP][PASSED] - Statement - PreSaveFile = new java.io.File(((pathPrefix + java.lang.Integer.toString(counter)) + .png)): null

2018-10-20 08:10:28 - [TEST_STEP][PASSED] - Statement - counter = counter + 1: null

2018-10-20 08:10:28 - [TEST_STEP][PASSED] - Statement - PreSaveFile = new java.io.File(((pathPrefix + java.lang.Integer.toString(counter)) + .png)): null

2018-10-20 08:10:29 - [TEST_STEP][PASSED] - Statement - counter = counter + 1: null

2018-10-20 08:10:29 - [TEST_STEP][PASSED] - Statement - PreSaveFile = new java.io.File(((pathPrefix + java.lang.Integer.toString(counter)) + .png)): null

2018-10-20 08:10:29 - [TEST_STEP][PASSED] - Statement - counter = counter + 1: null

2018-10-20 08:10:29 - [TEST_STEP][PASSED] - Statement - PreSaveFile = new java.io.File(((pathPrefix + java.lang.Integer.toString(counter)) + .png)): null

2018-10-20 08:10:29 - [TEST_STEP][PASSED] - Statement - counter = counter + 1: null

2018-10-20 08:10:29 - [TEST_STEP][PASSED] - Statement - PreSaveFile = new java.io.File(((pathPrefix + java.lang.Integer.toString(counter)) + .png)): null

2018-10-20 08:10:29 - [TEST_STEP][PASSED] - Statement - counter = counter + 1: null

2018-10-20 08:10:29 - [TEST_STEP][PASSED] - Statement - PreSaveFile = new java.io.File(((pathPrefix + java.lang.Integer.toString(counter)) + .png)): null

2018-10-20 08:10:29 - [TEST_STEP][PASSED] - Statement - counter = counter + 1: null

2018-10-20 08:10:29 - [TEST_STEP][PASSED] - Statement - PreSaveFile = new java.io.File(((pathPrefix + java.lang.Integer.toString(counter)) + .png)): null

2018-10-20 08:10:29 - [TEST_STEP][PASSED] - Statement - counter = counter + 1: null

2018-10-20 08:10:29 - [TEST_STEP][PASSED] - Statement - PreSaveFile = new java.io.File(((pathPrefix + java.lang.Integer.toString(counter)) + .png)): null

2018-10-20 08:10:29 - [TEST_STEP][PASSED] - Statement - counter = counter + 1: null

2018-10-20 08:10:29 - [TEST_STEP][PASSED] - Statement - PreSaveFile = new java.io.File(((pathPrefix + java.lang.Integer.toString(counter)) + .png)): null

2018-10-20 08:10:29 - [TEST_STEP][PASSED] - Statement - counter = counter + 1: null

2018-10-20 08:10:29 - [TEST_STEP][PASSED] - Statement - PreSaveFile = new java.io.File(((pathPrefix + java.lang.Integer.toString(counter)) + .png)): null

2018-10-20 08:10:29 - [TEST_STEP][PASSED] - Statement - counter = counter + 1: null

2018-10-20 08:10:29 - [TEST_STEP][PASSED] - Statement - PreSaveFile = new java.io.File(((pathPrefix + java.lang.Integer.toString(counter)) + .png)): null

2018-10-20 08:10:29 - [TEST_STEP][PASSED] - Statement - counter = counter + 1: null

2018-10-20 08:10:29 - [TEST_STEP][PASSED] - Statement - PreSaveFile = new java.io.File(((pathPrefix + java.lang.Integer.toString(counter)) + .png)): null

2018-10-20 08:10:29 - [TEST_STEP][PASSED] - Statement - counter = counter + 1: null

2018-10-20 08:10:29 - [TEST_STEP][PASSED] - Statement - PreSaveFile = new java.io.File(((pathPrefix + java.lang.Integer.toString(counter)) + .png)): null

2018-10-20 08:10:29 - [TEST_STEP][PASSED] - Statement - counter = counter + 1: null

2018-10-20 08:10:29 - [TEST_STEP][PASSED] - Statement - PreSaveFile = new java.io.File(((pathPrefix + java.lang.Integer.toString(counter)) + .png)): null

2018-10-20 08:10:29 - [TEST_STEP][PASSED] - Statement - counter = counter + 1: null

2018-10-20 08:10:29 - [TEST_STEP][PASSED] - Statement - PreSaveFile = new java.io.File(((pathPrefix + java.lang.Integer.toString(counter)) + .png)): null

2018-10-20 08:10:29 - [TEST_STEP][PASSED] - Statement - counter = counter + 1: null

2018-10-20 08:10:29 - [TEST_STEP][PASSED] - Statement - PreSaveFile = new java.io.File(((pathPrefix + java.lang.Integer.toString(counter)) + .png)): null

2018-10-20 08:10:29 - [TEST_STEP][PASSED] - Statement - counter = counter + 1: null

2018-10-20 08:10:29 - [TEST_STEP][PASSED] - Statement - PreSaveFile = new java.io.File(((pathPrefix + java.lang.Integer.toString(counter)) + .png)): null

2018-10-20 08:10:29 - [TEST_STEP][PASSED] - Statement - counter = counter + 1: null

2018-10-20 08:10:29 - [TEST_STEP][PASSED] - Statement - PreSaveFile = new java.io.File(((pathPrefix + java.lang.Integer.toString(counter)) + .png)): null

2018-10-20 08:10:29 - [TEST_STEP][PASSED] - Statement - counter = counter + 1: null

2018-10-20 08:10:29 - [TEST_STEP][PASSED] - Statement - PreSaveFile = new java.io.File(((pathPrefix + java.lang.Integer.toString(counter)) + .png)): null

2018-10-20 08:10:29 - [TEST_STEP][PASSED] - Statement - counter = counter + 1: null

2018-10-20 08:10:29 - [TEST_STEP][PASSED] - Statement - PreSaveFile = new java.io.File(((pathPrefix + java.lang.Integer.toString(counter)) + .png)): null

2018-10-20 08:10:29 - [TEST_STEP][PASSED] - Statement - counter = counter + 1: null

2018-10-20 08:10:29 - [TEST_STEP][PASSED] - Statement - PreSaveFile = new java.io.File(((pathPrefix + java.lang.Integer.toString(counter)) + .png)): null

2018-10-20 08:10:29 - [TEST_STEP][PASSED] - Statement - counter = counter + 1: null

2018-10-20 08:10:29 - [TEST_STEP][PASSED] - Statement - PreSaveFile = new java.io.File(((pathPrefix + java.lang.Integer.toString(counter)) + .png)): null

2018-10-20 08:10:29 - [TEST_STEP][PASSED] - Statement - counter = counter + 1: null

2018-10-20 08:10:29 - [TEST_STEP][PASSED] - Statement - PreSaveFile = new java.io.File(((pathPrefix + java.lang.Integer.toString(counter)) + .png)): null

2018-10-20 08:10:29 - [TEST_STEP][PASSED] - Statement - counter = counter + 1: null

2018-10-20 08:10:29 - [TEST_STEP][PASSED] - Statement - PreSaveFile = new java.io.File(((pathPrefix + java.lang.Integer.toString(counter)) + .png)): null

2018-10-20 08:10:29 - [TEST_STEP][PASSED] - Statement - counter = counter + 1: null

2018-10-20 08:10:29 - [TEST_STEP][PASSED] - Statement - PreSaveFile = new java.io.File(((pathPrefix + java.lang.Integer.toString(counter)) + .png)): null

2018-10-20 08:10:29 - [TEST_STEP][PASSED] - Statement - counter = counter + 1: null

2018-10-20 08:10:29 - [TEST_STEP][PASSED] - Statement - PreSaveFile = new java.io.File(((pathPrefix + java.lang.Integer.toString(counter)) + .png)): null

2018-10-20 08:10:29 - [TEST_STEP][PASSED] - Statement - counter = counter + 1: null

2018-10-20 08:10:29 - [TEST_STEP][PASSED] - Statement - PreSaveFile = new java.io.File(((pathPrefix + java.lang.Integer.toString(counter)) + .png)): null

2018-10-20 08:10:29 - [TEST_STEP][PASSED] - Statement - counter = counter + 1: null

2018-10-20 08:10:29 - [TEST_STEP][PASSED] - Statement - PreSaveFile = new java.io.File(((pathPrefix + java.lang.Integer.toString(counter)) + .png)): null

2018-10-20 08:10:29 - [TEST_STEP][PASSED] - Statement - counter = counter + 1: null

2018-10-20 08:10:29 - [TEST_STEP][PASSED] - Statement - PreSaveFile = new java.io.File(((pathPrefix + java.lang.Integer.toString(counter)) + .png)): null

2018-10-20 08:10:29 - [TEST_STEP][PASSED] - Statement - finalPath = pathPrefix + java.lang.Integer.toString(counter) + ".png": null

2018-10-20 08:10:29 - [TEST_STEP][PASSED] - Statement - SaveFile = new java.io.File(finalPath): null

2018-10-20 08:10:29 - [TEST_STEP][PASSED] - Statement - Try: null

2018-10-20 08:10:29 - [TEST_STEP][PASSED] - Statement - org.apache.commons.io.FileUtils.copyFile(scrFile, SaveFile): null

2018-10-20 08:10:29 - [TEST_STEP][PASSED] - Statement - out.println("file kept"): null

2018-10-20 08:10:29 - [TEST_STEP][PASSED] - delay: Delayed 10 second(s)

2018-10-20 08:10:39 - [MESSAGE][PASSED] - Delayed 10 second(s)

2018-10-20 08:10:39 - [MESSAGE][PASSED] - Call Test Case 'Test Cases/Final Aug 2018 - PKS Automation/Registration Module/New Registration/Submit and Screenshot/Submit Registration and Screenshot - Copy' successfully

2018-10-20 08:10:39 - [TEST_STEP][PASSED] - Statement - UpdateAddNewECode = com.kms.katalon.core.webui.keyword.WebUiBuiltInKeywords.getText(com.kms.katalon.core.testobject.ObjectRepository.findTestObject(Object Repository/Final Object Repo/Page_Update Add New Employee - ASSIST/getEmpCode)): Text of object 'Object Repository/Final Object Repo/Page_Update Add New Employee - ASSIST/getEmpCode' is: 'E1102070090P'

2018-10-20 08:10:39 - [MESSAGE][PASSED] - Text of object 'Object Repository/Final Object Repo/Page_Update Add New Employee - ASSIST/getEmpCode' is: 'E1102070090P'

2018-10-20 08:10:39 - [TEST_STEP][PASSED] - callTestCase: Call Test Case 'Test Cases/Final Aug 2018 - PKS Automation/Common/Emp Code Setter' successfully

2018-10-20 08:10:39 - [TEST_CASE][PASSED] - Test Cases/Final Aug 2018 - PKS Automation/Common/Emp Code Setter: Test Cases/Final Aug 2018 - PKS Automation/Common/Emp Code Setter

2018-10-20 08:10:39 - [TEST_STEP][PASSED] - Statement - EmpCodeOld = new java.io.File(C://EmpCode.txt): null

2018-10-20 08:10:39 - [TEST_STEP][PASSED] - Statement - EmpCodeOld.delete(): null

2018-10-20 08:10:39 - [TEST_STEP][PASSED] - Statement - EmpCode = new java.io.File(C://EmpCode.txt): null

2018-10-20 08:10:39 - [TEST_STEP][PASSED] - Statement - EmpCode.append(UpdateAddNewECode): null

2018-10-20 08:10:39 - [TEST_STEP][PASSED] - Statement - out.println("


" + UpdateAddNewECode + "


"): null

2018-10-20 08:10:39 - [MESSAGE][PASSED] - Call Test Case 'Test Cases/Final Aug 2018 - PKS Automation/Common/Emp Code Setter' successfully

2018-10-20 08:10:39 - [MESSAGE][PASSED] - Call Test Case 'Test Cases/Final Aug 2018 - PKS Automation/Registration Module/Workflow/Update Add New Employee/Template/New Company for Update Add New - Employer' successfully

2018-10-20 08:10:39 - [TEST_STEP][PASSED] - callTestCase: Call Test Case 'Test Cases/Final Aug 2018 - PKS Automation/Create Employer Acc/Login to Employer Account (Second time)' successfully

2018-10-20 08:10:39 - [TEST_CASE][PASSED] - Test Cases/Final Aug 2018 - PKS Automation/Create Employer Acc/Login to Employer Account (Second time): Test Cases/Final Aug 2018 - PKS Automation/Create Employer Acc/Login to Employer Account (Second time)

2018-10-20 08:10:39 - [TEST_STEP][PASSED] - openBrowser: Browser is opened with url: ''

2018-10-20 08:10:39 - [MESSAGE][WARNING] - A browser is already opened. Closing browser and opening a new one

2018-10-20 08:10:43 - [MESSAGE][PASSED] - Browser is opened with url: ''

2018-10-20 08:10:43 - [TEST_STEP][PASSED] - navigateToUrl: Navigate to 'https://assist2-uat.perkeso.gov.my/employer/login' successfully

2018-10-20 08:10:45 - [MESSAGE][PASSED] - Navigate to 'https://assist2-uat.perkeso.gov.my/employer/login' successfully

2018-10-20 08:10:45 - [TEST_STEP][PASSED] - delay: Delayed 3 second(s)

2018-10-20 08:10:48 - [MESSAGE][PASSED] - Delayed 3 second(s)

2018-10-20 08:10:48 - [TEST_STEP][PASSED] - callTestCase: Call Test Case 'Test Cases/Final Aug 2018 - PKS Automation/Create Employer Acc/Template/Employer Email Getter' successfully

2018-10-20 08:10:48 - [TEST_CASE][PASSED] - Test Cases/Final Aug 2018 - PKS Automation/Create Employer Acc/Template/Employer Email Getter: Test Cases/Final Aug 2018 - PKS Automation/Create Employer Acc/Template/Employer Email Getter

2018-10-20 08:10:48 - [TEST_STEP][PASSED] - Statement - Try: null

2018-10-20 08:10:48 - [TEST_STEP][PASSED] - Statement - EmpEmail = new java.io.File(C://EmpEmail.txt): null

2018-10-20 08:10:48 - [TEST_STEP][PASSED] - Statement - bufferread = new java.io.BufferedReader(new java.io.FileReader(EmpEmail)): null

2018-10-20 08:10:48 - [TEST_STEP][PASSED] - Statement - readedVal = bufferread.readLine(): null

2018-10-20 08:10:48 - [TEST_STEP][PASSED] - Statement - out.println(readedVal): null

2018-10-20 08:10:48 - [TEST_STEP][PASSED] - Statement - Email = readedVal: null

2018-10-20 08:10:48 - [MESSAGE][PASSED] - Call Test Case 'Test Cases/Final Aug 2018 - PKS Automation/Create Employer Acc/Template/Employer Email Getter' successfully

2018-10-20 08:10:48 - [TEST_STEP][PASSED] - setText: Text 'perkeso162820524393@gmail.com' is set on object 'Object Repository/Final Object Repo/Login Page/External Login Page/Email'

2018-10-20 08:10:49 - [MESSAGE][PASSED] - Text 'perkeso162820524393@gmail.com' is set on object 'Object Repository/Final Object Repo/Login Page/External Login Page/Email'

2018-10-20 08:10:49 - [TEST_STEP][PASSED] - click: Object: 'Object Repository/Final Object Repo/Login Page/External Login Page/Next' is clicked on

2018-10-20 08:10:49 - [MESSAGE][PASSED] - Object: 'Object Repository/Final Object Repo/Login Page/External Login Page/Next' is clicked on

2018-10-20 08:10:49 - [TEST_STEP][PASSED] - delay: Delayed 3 second(s)

2018-10-20 08:10:52 - [MESSAGE][PASSED] - Delayed 3 second(s)

2018-10-20 08:10:52 - [TEST_STEP][PASSED] - setEncryptedText: Text ****** has been set on object 'Object Repository/Final Object Repo/Login Page/External Login Page/Password'

2018-10-20 08:10:52 - [MESSAGE][PASSED] - Text ****** has been set on object 'Object Repository/Final Object Repo/Login Page/External Login Page/Password'

2018-10-20 08:10:52 - [TEST_STEP][PASSED] - click: Object: 'Object Repository/Final Object Repo/Login Page/External Login Page/Login' is clicked on

2018-10-20 08:10:52 - [MESSAGE][PASSED] - Object: 'Object Repository/Final Object Repo/Login Page/External Login Page/Login' is clicked on

2018-10-20 08:10:52 - [TEST_STEP][PASSED] - delay: Delayed 5 second(s)

2018-10-20 08:10:57 - [MESSAGE][PASSED] - Delayed 5 second(s)

2018-10-20 08:10:57 - [MESSAGE][PASSED] - Call Test Case 'Test Cases/Final Aug 2018 - PKS Automation/Create Employer Acc/Login to Employer Account (Second time)' successfully

2018-10-20 08:10:57 - [TEST_STEP][PASSED] - navigateToUrl: Navigate to 'https://assist2-uat.perkeso.gov.my/web/registration/eis-update/form-3-eis-cessation-as-employer' successfully

2018-10-20 08:10:59 - [MESSAGE][PASSED] - Navigate to 'https://assist2-uat.perkeso.gov.my/web/registration/eis-update/form-3-eis-cessation-as-employer' successfully

2018-10-20 08:10:59 - [TEST_STEP][PASSED] - delay: Delayed 1 second(s)

2018-10-20 08:11:00 - [MESSAGE][PASSED] - Delayed 1 second(s)

2018-10-20 08:11:00 - [TEST_STEP][PASSED] - click: Object: 'Object Repository/Final Object Repo/Page_Form 3 EIS - Cessation as Employer/Edit' is clicked on

2018-10-20 08:11:01 - [MESSAGE][PASSED] - Object: 'Object Repository/Final Object Repo/Page_Form 3 EIS - Cessation as Employer/Edit' is clicked on

2018-10-20 08:11:01 - [TEST_STEP][PASSED] - delay: Delayed 1 second(s)

2018-10-20 08:11:02 - [MESSAGE][PASSED] - Delayed 1 second(s)

2018-10-20 08:11:02 - [TEST_STEP][PASSED] - Statement - abc = com.kms.katalon.core.webui.keyword.WebUiBuiltInKeywords.getAttribute(com.kms.katalon.core.testobject.ObjectRepository.findTestObject(Final Object Repo/Page_Form 3 EIS - Cessation as Employer/Employer Status), "value"): Attribute 'value' of object 'Object Repository/Final Object Repo/Page_Form 3 EIS - Cessation as Employer/Employer Status' is: 'Active'

2018-10-20 08:11:03 - [MESSAGE][PASSED] - Attribute 'value' of object 'Object Repository/Final Object Repo/Page_Form 3 EIS - Cessation as Employer/Employer Status' is: 'Active'

2018-10-20 08:11:03 - [TEST_STEP][PASSED] - Statement - out.println(abc): null

2018-10-20 08:11:03 - [TEST_STEP][PASSED] - Statement - If (abc == "Active"): Object: 'Object Repository/Final Object Repo/Page_Form 3 EIS - Cessation as Employer/Dormant EIS' is clicked on

2018-10-20 08:11:03 - [TEST_STEP][PASSED] - click: Object: 'Object Repository/Final Object Repo/Page_Form 3 EIS - Cessation as Employer/Change Employer Status to' is clicked on

2018-10-20 08:11:03 - [MESSAGE][PASSED] - Object: 'Object Repository/Final Object Repo/Page_Form 3 EIS - Cessation as Employer/Change Employer Status to' is clicked on

2018-10-20 08:11:03 - [TEST_STEP][PASSED] - click: Object: 'Object Repository/Final Object Repo/Page_Form 3 EIS - Cessation as Employer/Dormant EIS' is clicked on

2018-10-20 08:11:03 - [MESSAGE][PASSED] - Object: 'Object Repository/Final Object Repo/Page_Form 3 EIS - Cessation as Employer/Dormant EIS' is clicked on

2018-10-20 08:11:03 - [TEST_STEP][PASSED] - click: Object: 'Object Repository/Final Object Repo/Page_Form 3 EIS - Cessation as Employer/Calender' is clicked on

2018-10-20 08:11:03 - [MESSAGE][PASSED] - Object: 'Object Repository/Final Object Repo/Page_Form 3 EIS - Cessation as Employer/Calender' is clicked on

2018-10-20 08:11:03 - [TEST_STEP][PASSED] - delay: Delayed 1 second(s)

2018-10-20 08:11:04 - [MESSAGE][PASSED] - Delayed 1 second(s)

2018-10-20 08:11:04 - [TEST_STEP][PASSED] - click: Object: 'Object Repository/Final Object Repo/Page_Form 3 EIS - Cessation as Employer/Calender - Date' is clicked on

2018-10-20 08:11:04 - [MESSAGE][PASSED] - Object: 'Object Repository/Final Object Repo/Page_Form 3 EIS - Cessation as Employer/Calender - Date' is clicked on

2018-10-20 08:11:04 - [TEST_STEP][PASSED] - click: Object: 'Object Repository/Final Object Repo/Page_Form 3 EIS - Cessation as Employer/Save  Continue in Form 3 EIS Page' is clicked on

2018-10-20 08:11:05 - [MESSAGE][PASSED] - Object: 'Object Repository/Final Object Repo/Page_Form 3 EIS - Cessation as Employer/Save  Continue in Form 3 EIS Page' is clicked on

2018-10-20 08:11:05 - [TEST_STEP][PASSED] - delay: Delayed 1 second(s)

2018-10-20 08:11:06 - [MESSAGE][PASSED] - Delayed 1 second(s)

2018-10-20 08:11:06 - [TEST_STEP][PASSED] - click: Object: 'Object Repository/Final Object Repo/Page_Form 3 EIS - Cessation as Employer/Employment Resign Date' is clicked on

2018-10-20 08:11:06 - [MESSAGE][PASSED] - Object: 'Object Repository/Final Object Repo/Page_Form 3 EIS - Cessation as Employer/Employment Resign Date' is clicked on

2018-10-20 08:11:06 - [TEST_STEP][PASSED] - selectOptionByValue: All options with value '2018' are selected in object 'Object Repository/Final Object Repo/Page_Form 3 EIS - Cessation as Employer/Employment Resign Date - Year' 

2018-10-20 08:11:07 - [MESSAGE][PASSED] - All options with value '2018' are selected in object 'Object Repository/Final Object Repo/Page_Form 3 EIS - Cessation as Employer/Employment Resign Date - Year' 

2018-10-20 08:11:07 - [TEST_STEP][PASSED] - delay: Delayed 2 second(s)

2018-10-20 08:11:09 - [MESSAGE][PASSED] - Delayed 2 second(s)

2018-10-20 08:11:09 - [TEST_STEP][PASSED] - click: Object: 'Object Repository/Final Object Repo/Page_Form 3 EIS - Cessation as Employer/Employment Resign Date - Year - Date' is clicked on

2018-10-20 08:11:09 - [MESSAGE][PASSED] - Object: 'Object Repository/Final Object Repo/Page_Form 3 EIS - Cessation as Employer/Employment Resign Date - Year - Date' is clicked on

2018-10-20 08:11:09 - [TEST_STEP][PASSED] - delay: Delayed 2 second(s)

2018-10-20 08:11:11 - [MESSAGE][PASSED] - Delayed 2 second(s)

2018-10-20 08:11:11 - [TEST_STEP][PASSED] - click: Object: 'Object Repository/Final Object Repo/Page_Form 3 EIS - Cessation as Employer/Save  Continue in Employment Resign Page' is clicked on

2018-10-20 08:11:11 - [MESSAGE][PASSED] - Object: 'Object Repository/Final Object Repo/Page_Form 3 EIS - Cessation as Employer/Save  Continue in Employment Resign Page' is clicked on

2018-10-20 08:11:11 - [TEST_STEP][PASSED] - delay: Delayed 2 second(s)

2018-10-20 08:11:13 - [MESSAGE][PASSED] - Delayed 2 second(s)

2018-10-20 08:11:13 - [TEST_STEP][FAILED] - click: Unable to click on object 'Object Repository/Final Object Repo/Page_Form 3 EIS - Cessation as Employer/Add Document' (Root cause: com.kms.katalon.core.webui.exception.WebElementNotFoundException: Web element with id: 'Object Repository/Final Object Repo/Page_Form 3 EIS - Cessation as Employer/Add Document' located by 'By.xpath: //a[(text() = '
					ADD DOCUMENT
	             ' or . = '
					ADD DOCUMENT
	             ')]' not found)

2018-10-20 08:13:29 - [MESSAGE][FAILED] - Unable to click on object 'Object Repository/Final Object Repo/Page_Form 3 EIS - Cessation as Employer/Add Document' (Root cause: com.kms.katalon.core.webui.exception.WebElementNotFoundException: Web element with id: 'Object Repository/Final Object Repo/Page_Form 3 EIS - Cessation as Employer/Add Document' located by 'By.xpath: //a[(text() = '
					ADD DOCUMENT
	             ' or . = '
					ADD DOCUMENT
	             ')]' not found)
[[ATTACHMENT|C:\\Users\\LENOVO\\Katalon Studio\\Perkeso Phase A\\Reports\\Workflow\\Form 3 EIS - Cessation as Employer\\20181020_023210\\1539994409206.png]]

2018-10-20 08:13:29 - [TEST_STEP][PASSED] - delay: Delayed 3 second(s)

2018-10-20 08:13:32 - [MESSAGE][PASSED] - Delayed 3 second(s)

2018-10-20 08:13:32 - [TEST_STEP][FAILED] - click: Unable to click on object 'Object Repository/Final Object Repo/Page_Form 3 EIS - Cessation as Employer/Document Type' (Root cause: com.kms.katalon.core.webui.exception.WebElementNotFoundException: Web element with id: 'Object Repository/Final Object Repo/Page_Form 3 EIS - Cessation as Employer/Document Type' located by 'By.xpath: //span[@aria-labelledby = 'select2-_searchforemployersip_WAR_registrationportlet_objdocTypeId-container']' not found)

2018-10-20 08:15:49 - [MESSAGE][FAILED] - Unable to click on object 'Object Repository/Final Object Repo/Page_Form 3 EIS - Cessation as Employer/Document Type' (Root cause: com.kms.katalon.core.webui.exception.WebElementNotFoundException: Web element with id: 'Object Repository/Final Object Repo/Page_Form 3 EIS - Cessation as Employer/Document Type' located by 'By.xpath: //span[@aria-labelledby = 'select2-_searchforemployersip_WAR_registrationportlet_objdocTypeId-container']' not found)
[[ATTACHMENT|C:\\Users\\LENOVO\\Katalon Studio\\Perkeso Phase A\\Reports\\Workflow\\Form 3 EIS - Cessation as Employer\\20181020_023210\\1539994549629.png]]

2018-10-20 08:15:49 - [TEST_STEP][FAILED] - click: Unable to click on object 'Object Repository/Final Object Repo/Page_Form 3 EIS - Cessation as Employer/Document Type - Form 3' (Root cause: com.kms.katalon.core.webui.exception.WebElementNotFoundException: Web element with id: 'Object Repository/Final Object Repo/Page_Form 3 EIS - Cessation as Employer/Document Type - Form 3' located by 'By.xpath: //span[(text() = '


	Form 3 - Cessation Of Employer
' or . = '


	Form 3 - Cessation Of Employer
')]' not found)

2018-10-20 08:18:00 - [MESSAGE][FAILED] - Unable to click on object 'Object Repository/Final Object Repo/Page_Form 3 EIS - Cessation as Employer/Document Type - Form 3' (Root cause: com.kms.katalon.core.webui.exception.WebElementNotFoundException: Web element with id: 'Object Repository/Final Object Repo/Page_Form 3 EIS - Cessation as Employer/Document Type - Form 3' located by 'By.xpath: //span[(text() = '


	Form 3 - Cessation Of Employer
' or . = '


	Form 3 - Cessation Of Employer
')]' not found)
[[ATTACHMENT|C:\\Users\\LENOVO\\Katalon Studio\\Perkeso Phase A\\Reports\\Workflow\\Form 3 EIS - Cessation as Employer\\20181020_023210\\1539994680058.png]]

2018-10-20 08:18:00 - [TEST_STEP][PASSED] - delay: Delayed 2 second(s)

2018-10-20 08:18:02 - [MESSAGE][PASSED] - Delayed 2 second(s)

2018-10-20 08:18:02 - [TEST_STEP][FAILED] - sendKeys: Unable to send keys 'C:\Users\Public\Pictures\Sample Pictures\Act.jpg' to object 'Object Repository/Final Object Repo/Page_Form 3 EIS - Cessation as Employer/ploading File' (Root cause: com.kms.katalon.core.webui.exception.WebElementNotFoundException: Web element with id: 'Object Repository/Final Object Repo/Page_Form 3 EIS - Cessation as Employer/ploading File' located by 'By.xpath: //input[@type = 'file' and @id = '_searchforemployersip_WAR_registrationportlet_uploadFile']' not found)

2018-10-20 08:20:12 - [MESSAGE][FAILED] - Unable to send keys 'C:\Users\Public\Pictures\Sample Pictures\Act.jpg' to object 'Object Repository/Final Object Repo/Page_Form 3 EIS - Cessation as Employer/ploading File' (Root cause: com.kms.katalon.core.webui.exception.WebElementNotFoundException: Web element with id: 'Object Repository/Final Object Repo/Page_Form 3 EIS - Cessation as Employer/ploading File' located by 'By.xpath: //input[@type = 'file' and @id = '_searchforemployersip_WAR_registrationportlet_uploadFile']' not found)
[[ATTACHMENT|C:\\Users\\LENOVO\\Katalon Studio\\Perkeso Phase A\\Reports\\Workflow\\Form 3 EIS - Cessation as Employer\\20181020_023210\\1539994812620.png]]

2018-10-20 08:20:12 - [TEST_STEP][PASSED] - delay: Delayed 1 second(s)

2018-10-20 08:20:13 - [MESSAGE][PASSED] - Delayed 1 second(s)

2018-10-20 08:20:13 - [TEST_STEP][FAILED] - click: Unable to click on object 'Object Repository/Final Object Repo/Page_Form 3 EIS - Cessation as Employer/Add Document in Uploading Page' (Root cause: com.kms.katalon.core.webui.exception.WebElementNotFoundException: Web element with id: 'Object Repository/Final Object Repo/Page_Form 3 EIS - Cessation as Employer/Add Document in Uploading Page' located by 'By.xpath: //a[(text() = '
										ADD DOCUMENT
								     ' or . = '
										ADD DOCUMENT
								     ')]' not found)

2018-10-20 08:22:31 - [MESSAGE][FAILED] - Unable to click on object 'Object Repository/Final Object Repo/Page_Form 3 EIS - Cessation as Employer/Add Document in Uploading Page' (Root cause: com.kms.katalon.core.webui.exception.WebElementNotFoundException: Web element with id: 'Object Repository/Final Object Repo/Page_Form 3 EIS - Cessation as Employer/Add Document in Uploading Page' located by 'By.xpath: //a[(text() = '
										ADD DOCUMENT
								     ' or . = '
										ADD DOCUMENT
								     ')]' not found)
[[ATTACHMENT|C:\\Users\\LENOVO\\Katalon Studio\\Perkeso Phase A\\Reports\\Workflow\\Form 3 EIS - Cessation as Employer\\20181020_023210\\1539994950861.png]]

2018-10-20 08:22:31 - [TEST_STEP][PASSED] - delay: Delayed 2 second(s)

2018-10-20 08:22:33 - [MESSAGE][PASSED] - Delayed 2 second(s)

2018-10-20 08:22:33 - [TEST_STEP][PASSED] - Statement - CaseReferenceNo = com.kms.katalon.core.webui.keyword.WebUiBuiltInKeywords.getText(com.kms.katalon.core.testobject.ObjectRepository.findTestObject(Final Object Repo/Page_Update Employer Information/Reference Number in Update Employee Information Page)): Text of object 'Object Repository/Final Object Repo/Page_Update Employer Information/Reference Number in Update Employee Information Page' is: 'ERN102018C200002176'

2018-10-20 08:22:33 - [MESSAGE][PASSED] - Text of object 'Object Repository/Final Object Repo/Page_Update Employer Information/Reference Number in Update Employee Information Page' is: 'ERN102018C200002176'

2018-10-20 08:22:33 - [TEST_STEP][PASSED] - callTestCase: Call Test Case 'Test Cases/Final Aug 2018 - PKS Automation/Common/Reference Number Setter' successfully

2018-10-20 08:22:33 - [TEST_CASE][PASSED] - Test Cases/Final Aug 2018 - PKS Automation/Common/Reference Number Setter: Test Cases/Final Aug 2018 - PKS Automation/Common/Reference Number Setter

2018-10-20 08:22:33 - [TEST_STEP][PASSED] - Statement - RefNoOldFile = new java.io.File(C://KatalonReference.txt): null

2018-10-20 08:22:33 - [TEST_STEP][PASSED] - Statement - RefNoOldFile.delete(): null

2018-10-20 08:22:33 - [TEST_STEP][PASSED] - Statement - RefNo = new java.io.File(C://KatalonReference.txt): null

2018-10-20 08:22:33 - [TEST_STEP][PASSED] - Statement - RefNo.append(CaseReferenceNo): null

2018-10-20 08:22:33 - [TEST_STEP][PASSED] - Statement - out.println("


" + CaseReferenceNo + "


"): null

2018-10-20 08:22:33 - [MESSAGE][PASSED] - Call Test Case 'Test Cases/Final Aug 2018 - PKS Automation/Common/Reference Number Setter' successfully

2018-10-20 08:22:33 - [TEST_STEP][PASSED] - delay: Delayed 2 second(s)

2018-10-20 08:22:35 - [MESSAGE][PASSED] - Delayed 2 second(s)

2018-10-20 08:22:35 - [TEST_STEP][FAILED] - click: Unable to click on object 'Object Repository/Final Object Repo/Page_Form 3 EIS - Cessation as Employer/Save  Continue in Uploading Page' (Root cause: com.kms.katalon.core.webui.exception.WebElementNotFoundException: Web element with id: 'Object Repository/Final Object Repo/Page_Form 3 EIS - Cessation as Employer/Save  Continue in Uploading Page' located by 'By.xpath: //a[(text() = '
									SAVE & CONTINUE	
				                ' or . = '
									SAVE & CONTINUE	
				                ')]' not found)

2018-10-20 08:24:52 - [MESSAGE][FAILED] - Unable to click on object 'Object Repository/Final Object Repo/Page_Form 3 EIS - Cessation as Employer/Save  Continue in Uploading Page' (Root cause: com.kms.katalon.core.webui.exception.WebElementNotFoundException: Web element with id: 'Object Repository/Final Object Repo/Page_Form 3 EIS - Cessation as Employer/Save  Continue in Uploading Page' located by 'By.xpath: //a[(text() = '
									SAVE & CONTINUE	
				                ' or . = '
									SAVE & CONTINUE	
				                ')]' not found)
[[ATTACHMENT|C:\\Users\\LENOVO\\Katalon Studio\\Perkeso Phase A\\Reports\\Workflow\\Form 3 EIS - Cessation as Employer\\20181020_023210\\1539995092235.png]]

2018-10-20 08:24:52 - [TEST_STEP][PASSED] - delay: Delayed 2 second(s)

2018-10-20 08:24:54 - [MESSAGE][PASSED] - Delayed 2 second(s)

2018-10-20 08:24:54 - [TEST_STEP][FAILED] - click: Unable to click on object 'Object Repository/Final Object Repo/Page_Form 3 EIS - Cessation as Employer/Submit' (Root cause: com.kms.katalon.core.webui.exception.WebElementNotFoundException: Web element with id: 'Object Repository/Final Object Repo/Page_Form 3 EIS - Cessation as Employer/Submit' located by 'By.xpath: //a[(text() = '
							SUBMIT
		            	' or . = '
							SUBMIT
		            	')]' not found)

2018-10-20 08:27:05 - [MESSAGE][FAILED] - Unable to click on object 'Object Repository/Final Object Repo/Page_Form 3 EIS - Cessation as Employer/Submit' (Root cause: com.kms.katalon.core.webui.exception.WebElementNotFoundException: Web element with id: 'Object Repository/Final Object Repo/Page_Form 3 EIS - Cessation as Employer/Submit' located by 'By.xpath: //a[(text() = '
							SUBMIT
		            	' or . = '
							SUBMIT
		            	')]' not found)
[[ATTACHMENT|C:\\Users\\LENOVO\\Katalon Studio\\Perkeso Phase A\\Reports\\Workflow\\Form 3 EIS - Cessation as Employer\\20181020_023210\\1539995225205.png]]

2018-10-20 08:27:05 - [TEST_STEP][PASSED] - delay: Delayed 2 second(s)

2018-10-20 08:27:07 - [MESSAGE][PASSED] - Delayed 2 second(s)

2018-10-20 08:27:07 - [TEST_STEP][FAILED] - click: Unable to click on object 'Object Repository/Final Object Repo/Page_Form 3 EIS - Cessation as Employer/Confirm' (Root cause: com.kms.katalon.core.webui.exception.WebElementNotFoundException: Web element with id: 'Object Repository/Final Object Repo/Page_Form 3 EIS - Cessation as Employer/Confirm' located by 'By.xpath: //span[(text() = 'CONFIRM' or . = 'CONFIRM')]' not found)

2018-10-20 08:29:17 - [MESSAGE][FAILED] - Unable to click on object 'Object Repository/Final Object Repo/Page_Form 3 EIS - Cessation as Employer/Confirm' (Root cause: com.kms.katalon.core.webui.exception.WebElementNotFoundException: Web element with id: 'Object Repository/Final Object Repo/Page_Form 3 EIS - Cessation as Employer/Confirm' located by 'By.xpath: //span[(text() = 'CONFIRM' or . = 'CONFIRM')]' not found)
[[ATTACHMENT|C:\\Users\\LENOVO\\Katalon Studio\\Perkeso Phase A\\Reports\\Workflow\\Form 3 EIS - Cessation as Employer\\20181020_023210\\1539995357301.png]]

2018-10-20 08:29:17 - [TEST_STEP][PASSED] - delay: Delayed 2 second(s)

2018-10-20 08:29:19 - [MESSAGE][PASSED] - Delayed 2 second(s)

2018-10-20 08:29:19 - [TEST_STEP][FAILED] - click: Unable to click on object 'Object Repository/Final Object Repo/Page_Form 3 EIS - Cessation as Employer/Message Your Request will be routed to UO' (Root cause: com.kms.katalon.core.webui.exception.WebElementNotFoundException: Web element with id: 'Object Repository/Final Object Repo/Page_Form 3 EIS - Cessation as Employer/Message Your Request will be routed to UO' located by 'By.xpath: //div[(text() = '
			    			
			    			
			    			
			    			
			    				Your Request will be routed to 
			    				UO
			    			
			    			
			    			









































































' or . = '
			    			
			    			
			    			
			    			
			    				Your Request will be routed to 
			    				UO
			    			
			    			
			    			









































































')]' not found)

2018-10-20 08:31:30 - [MESSAGE][FAILED] - Unable to click on object 'Object Repository/Final Object Repo/Page_Form 3 EIS - Cessation as Employer/Message Your Request will be routed to UO' (Root cause: com.kms.katalon.core.webui.exception.WebElementNotFoundException: Web element with id: 'Object Repository/Final Object Repo/Page_Form 3 EIS - Cessation as Employer/Message Your Request will be routed to UO' located by 'By.xpath: //div[(text() = '
			    			
			    			
			    			
			    			
			    				Your Request will be routed to 
			    				UO
			    			
			    			
			    			









































































' or . = '
			    			
			    			
			    			
			    			
			    				Your Request will be routed to 
			    				UO
			    			
			    			
			    			









































































')]' not found)
[[ATTACHMENT|C:\\Users\\LENOVO\\Katalon Studio\\Perkeso Phase A\\Reports\\Workflow\\Form 3 EIS - Cessation as Employer\\20181020_023210\\1539995490516.png]]

2018-10-20 08:31:30 - [TEST_STEP][FAILED] - click: Unable to click on object 'Object Repository/Final Object Repo/Page_Form 3 EIS - Cessation as Employer/Letter of acknowledgement' (Root cause: com.kms.katalon.core.webui.exception.WebElementNotFoundException: Web element with id: 'Object Repository/Final Object Repo/Page_Form 3 EIS - Cessation as Employer/Letter of acknowledgement' located by 'By.xpath: //a[(text() = '
							 
							Letter of acknowledgement.pdf
						' or . = '
							 
							Letter of acknowledgement.pdf
						')]' not found)

2018-10-20 08:33:41 - [MESSAGE][FAILED] - Unable to click on object 'Object Repository/Final Object Repo/Page_Form 3 EIS - Cessation as Employer/Letter of acknowledgement' (Root cause: com.kms.katalon.core.webui.exception.WebElementNotFoundException: Web element with id: 'Object Repository/Final Object Repo/Page_Form 3 EIS - Cessation as Employer/Letter of acknowledgement' located by 'By.xpath: //a[(text() = '
							 
							Letter of acknowledgement.pdf
						' or . = '
							 
							Letter of acknowledgement.pdf
						')]' not found)
[[ATTACHMENT|C:\\Users\\LENOVO\\Katalon Studio\\Perkeso Phase A\\Reports\\Workflow\\Form 3 EIS - Cessation as Employer\\20181020_023210\\1539995620963.png]]

2018-10-20 08:33:41 - [MESSAGE][FAILED] - Unable to call Test Case with id 'Test Cases/Final Aug 2018 - PKS Automation/Registration Module/Workflow/Form 3 EIS - Cessation As Employer/Template/Form 3 A - Cessation As Employer (Employer)' (Root cause: Call Test Case 'Test Cases/Final Aug 2018 - PKS Automation/Registration Module/Workflow/Form 3 EIS - Cessation As Employer/Template/Form 3 A - Cessation As Employer (Employer)' failed)]]></system-out>
         <system-err><![CDATA[2018-10-20 08:02:50 - [TEST_CASE][FAILED] - Test Cases/Final Aug 2018 - PKS Automation/Registration Module/Workflow/Form 3 EIS - Cessation As Employer/Employer to UO (Approve): Test Cases/Final Aug 2018 - PKS Automation/Registration Module/Workflow/Form 3 EIS - Cessation As Employer/Employer to UO (Approve) FAILED because (of) (Stack trace: com.kms.katalon.core.exception.StepFailedException: Unable to click on object 'Object Repository/Final Object Repo/Page_Form 3 EIS - Cessation as Employer/Add Document' (Root cause: com.kms.katalon.core.webui.exception.WebElementNotFoundException: Web element with id: 'Object Repository/Final Object Repo/Page_Form 3 EIS - Cessation as Employer/Add Document' located by 'By.xpath: //a[(text() = '
					ADD DOCUMENT
	             ' or . = '
					ADD DOCUMENT
	             ')]' not found)
	at com.kms.katalon.core.keyword.internal.KeywordMain.stepFailed(KeywordMain.groovy:32)
	at com.kms.katalon.core.webui.keyword.internal.WebUIKeywordMain.stepFailed(WebUIKeywordMain.groovy:65)
	at com.kms.katalon.core.webui.keyword.internal.WebUIKeywordMain.runKeyword(WebUIKeywordMain.groovy:27)
	at com.kms.katalon.core.webui.keyword.builtin.ClickKeyword.click(ClickKeyword.groovy:86)
	at com.kms.katalon.core.webui.keyword.builtin.ClickKeyword.execute(ClickKeyword.groovy:67)
	at com.kms.katalon.core.keyword.internal.KeywordExecutor.executeKeywordForPlatform(KeywordExecutor.groovy:53)
	at com.kms.katalon.core.webui.keyword.WebUiBuiltInKeywords.click(WebUiBuiltInKeywords.groovy:616)
	at com.kms.katalon.core.webui.keyword.WebUiBuiltInKeywords$click$2.call(Unknown Source)
	at org.codehaus.groovy.runtime.callsite.CallSiteArray.defaultCall(CallSiteArray.java:48)
	at org.codehaus.groovy.runtime.callsite.AbstractCallSite.call(AbstractCallSite.java:113)
	at org.codehaus.groovy.runtime.callsite.AbstractCallSite.call(AbstractCallSite.java:125)
	at Script1536732166908.run(Script1536732166908.groovy:82)
	at com.kms.katalon.core.main.ScriptEngine.run(ScriptEngine.java:183)
	at com.kms.katalon.core.main.ScriptEngine.runScriptAsRawText(ScriptEngine.java:108)
	at com.kms.katalon.core.main.TestCaseExecutor.runScript(TestCaseExecutor.java:294)
	at com.kms.katalon.core.main.TestCaseExecutor.doExecute(TestCaseExecutor.java:285)
	at com.kms.katalon.core.main.TestCaseExecutor.processExecutionPhase(TestCaseExecutor.java:264)
	at com.kms.katalon.core.main.TestCaseExecutor.accessMainPhase(TestCaseExecutor.java:256)
	at com.kms.katalon.core.main.TestCaseExecutor.execute(TestCaseExecutor.java:200)
	at com.kms.katalon.core.main.TestCaseMain.runTestCase(TestCaseMain.java:99)
	at com.kms.katalon.core.keyword.builtin.CallTestCaseKeyword$_callTestCase_closure1.doCall(CallTestCaseKeyword.groovy:60)
	at com.kms.katalon.core.keyword.builtin.CallTestCaseKeyword$_callTestCase_closure1.call(CallTestCaseKeyword.groovy)
	at com.kms.katalon.core.keyword.internal.KeywordMain.runKeyword(KeywordMain.groovy:54)
	at com.kms.katalon.core.keyword.builtin.CallTestCaseKeyword.callTestCase(CallTestCaseKeyword.groovy:81)
	at com.kms.katalon.core.keyword.builtin.CallTestCaseKeyword.execute(CallTestCaseKeyword.groovy:45)
	at com.kms.katalon.core.keyword.internal.KeywordExecutor.executeKeywordForPlatform(KeywordExecutor.groovy:53)
	at com.kms.katalon.core.keyword.BuiltinKeywords.callTestCase(BuiltinKeywords.groovy:334)
	at sun.reflect.NativeMethodAccessorImpl.invoke0(Native Method)
	at sun.reflect.NativeMethodAccessorImpl.invoke(NativeMethodAccessorImpl.java:62)
	at sun.reflect.DelegatingMethodAccessorImpl.invoke(DelegatingMethodAccessorImpl.java:43)
	at java.lang.reflect.Method.invoke(Method.java:498)
	at org.codehaus.groovy.reflection.CachedMethod.invoke(CachedMethod.java:93)
	at groovy.lang.MetaMethod.doMethodInvoke(MetaMethod.java:325)
	at groovy.lang.MetaClassImpl.invokeStaticMethod(MetaClassImpl.java:1469)
	at org.codehaus.groovy.runtime.callsite.StaticMetaClassSite.call(StaticMetaClassSite.java:53)
	at org.codehaus.groovy.runtime.callsite.CallSiteArray.defaultCall(CallSiteArray.java:48)
	at org.codehaus.groovy.runtime.callsite.AbstractCallSite.call(AbstractCallSite.java:113)
	at org.codehaus.groovy.runtime.callsite.AbstractCallSite.call(AbstractCallSite.java:141)
	at Script1536733676931.run(Script1536733676931.groovy:22)
	at com.kms.katalon.core.main.ScriptEngine.run(ScriptEngine.java:183)
	at com.kms.katalon.core.main.ScriptEngine.runScriptAsRawText(ScriptEngine.java:108)
	at com.kms.katalon.core.main.TestCaseExecutor.runScript(TestCaseExecutor.java:294)
	at com.kms.katalon.core.main.TestCaseExecutor.doExecute(TestCaseExecutor.java:285)
	at com.kms.katalon.core.main.TestCaseExecutor.processExecutionPhase(TestCaseExecutor.java:264)
	at com.kms.katalon.core.main.TestCaseExecutor.accessMainPhase(TestCaseExecutor.java:256)
	at com.kms.katalon.core.main.TestCaseExecutor.execute(TestCaseExecutor.java:200)
	at com.kms.katalon.core.main.TestSuiteExecutor.accessTestCaseMainPhase(TestSuiteExecutor.java:129)
	at com.kms.katalon.core.main.TestSuiteExecutor.accessTestSuiteMainPhase(TestSuiteExecutor.java:112)
	at com.kms.katalon.core.main.TestSuiteExecutor.execute(TestSuiteExecutor.java:81)
	at com.kms.katalon.core.main.TestCaseMain.startTestSuite(TestCaseMain.java:142)
	at com.kms.katalon.core.main.TestCaseMain$startTestSuite$0.call(Unknown Source)
	at org.codehaus.groovy.runtime.callsite.CallSiteArray.defaultCall(CallSiteArray.java:48)
	at org.codehaus.groovy.runtime.callsite.AbstractCallSite.call(AbstractCallSite.java:113)
	at org.codehaus.groovy.runtime.callsite.AbstractCallSite.call(AbstractCallSite.java:141)
	at TempTestSuite1539973930605.run(TempTestSuite1539973930605.groovy:36)
	at groovy.lang.GroovyShell.runScriptOrMainOrTestOrRunnable(GroovyShell.java:263)
	at groovy.lang.GroovyShell.run(GroovyShell.java:518)
	at groovy.lang.GroovyShell.run(GroovyShell.java:507)
	at groovy.ui.GroovyMain.processOnce(GroovyMain.java:653)
	at groovy.ui.GroovyMain.run(GroovyMain.java:384)
	at groovy.ui.GroovyMain.process(GroovyMain.java:370)
	at groovy.ui.GroovyMain.processArgs(GroovyMain.java:129)
	at groovy.ui.GroovyMain.main(GroovyMain.java:109)
	at sun.reflect.NativeMethodAccessorImpl.invoke0(Native Method)
	at sun.reflect.NativeMethodAccessorImpl.invoke(NativeMethodAccessorImpl.java:62)
	at sun.reflect.DelegatingMethodAccessorImpl.invoke(DelegatingMethodAccessorImpl.java:43)
	at java.lang.reflect.Method.invoke(Method.java:498)
	at org.codehaus.groovy.tools.GroovyStarter.rootLoader(GroovyStarter.java:109)
	at org.codehaus.groovy.tools.GroovyStarter.main(GroovyStarter.java:131)
)]]></system-err>
      </testcase>
      <testcase name="Test Cases/Final Aug 2018 - PKS Automation/Registration Module/Workflow/Form 3 EIS - Cessation As Employer/Employer to UO (Query)" classname="Test Cases/Final Aug 2018 - PKS Automation/Registration Module/Workflow/Form 3 EIS - Cessation As Employer/Employer to UO (Query)" status="FAILED">
         <failure type="FAILED" message="(Stack trace: com.kms.katalon.core.exception.StepFailedException: Unable to click on object 'Object Repository/Final Object Repo/Landing Page/Select to English' (Root cause: com.kms.katalon.core.webui.exception.WebElementNotFoundException: Web element with id: 'Object Repository/Final Object Repo/Landing Page/Select to English' located by 'By.xpath: //a[@class = 'taglib-language-list-text' and @lang = 'en-US' and (contains(text(), 'EN') or contains(., 'EN'))]' not found)
	at com.kms.katalon.core.keyword.internal.KeywordMain.stepFailed(KeywordMain.groovy:32)
	at com.kms.katalon.core.webui.keyword.internal.WebUIKeywordMain.stepFailed(WebUIKeywordMain.groovy:65)
	at com.kms.katalon.core.webui.keyword.internal.WebUIKeywordMain.runKeyword(WebUIKeywordMain.groovy:27)
	at com.kms.katalon.core.webui.keyword.builtin.ClickKeyword.click(ClickKeyword.groovy:86)
	at com.kms.katalon.core.webui.keyword.builtin.ClickKeyword.execute(ClickKeyword.groovy:67)
	at com.kms.katalon.core.keyword.internal.KeywordExecutor.executeKeywordForPlatform(KeywordExecutor.groovy:53)
	at com.kms.katalon.core.webui.keyword.WebUiBuiltInKeywords.click(WebUiBuiltInKeywords.groovy:604)
	at com.kms.katalon.core.webui.keyword.WebUiBuiltInKeywords$click$8.call(Unknown Source)
	at org.codehaus.groovy.runtime.callsite.CallSiteArray.defaultCall(CallSiteArray.java:48)
	at org.codehaus.groovy.runtime.callsite.AbstractCallSite.call(AbstractCallSite.java:113)
	at org.codehaus.groovy.runtime.callsite.AbstractCallSite.call(AbstractCallSite.java:133)
	at Script1534407542420.run(Script1534407542420.groovy:57)
	at com.kms.katalon.core.main.ScriptEngine.run(ScriptEngine.java:183)
	at com.kms.katalon.core.main.ScriptEngine.runScriptAsRawText(ScriptEngine.java:108)
	at com.kms.katalon.core.main.TestCaseExecutor.runScript(TestCaseExecutor.java:294)
	at com.kms.katalon.core.main.TestCaseExecutor.doExecute(TestCaseExecutor.java:285)
	at com.kms.katalon.core.main.TestCaseExecutor.processExecutionPhase(TestCaseExecutor.java:264)
	at com.kms.katalon.core.main.TestCaseExecutor.accessMainPhase(TestCaseExecutor.java:256)
	at com.kms.katalon.core.main.TestCaseExecutor.execute(TestCaseExecutor.java:200)
	at com.kms.katalon.core.main.TestCaseMain.runTestCase(TestCaseMain.java:99)
	at com.kms.katalon.core.keyword.builtin.CallTestCaseKeyword$_callTestCase_closure1.doCall(CallTestCaseKeyword.groovy:60)
	at com.kms.katalon.core.keyword.builtin.CallTestCaseKeyword$_callTestCase_closure1.call(CallTestCaseKeyword.groovy)
	at com.kms.katalon.core.keyword.internal.KeywordMain.runKeyword(KeywordMain.groovy:54)
	at com.kms.katalon.core.keyword.builtin.CallTestCaseKeyword.callTestCase(CallTestCaseKeyword.groovy:81)
	at com.kms.katalon.core.keyword.builtin.CallTestCaseKeyword.execute(CallTestCaseKeyword.groovy:45)
	at com.kms.katalon.core.keyword.internal.KeywordExecutor.executeKeywordForPlatform(KeywordExecutor.groovy:53)
	at com.kms.katalon.core.keyword.BuiltinKeywords.callTestCase(BuiltinKeywords.groovy:334)
	at sun.reflect.GeneratedMethodAccessor13.invoke(Unknown Source)
	at sun.reflect.DelegatingMethodAccessorImpl.invoke(DelegatingMethodAccessorImpl.java:43)
	at java.lang.reflect.Method.invoke(Method.java:498)
	at org.codehaus.groovy.reflection.CachedMethod.invoke(CachedMethod.java:93)
	at groovy.lang.MetaMethod.doMethodInvoke(MetaMethod.java:325)
	at groovy.lang.MetaClassImpl.invokeStaticMethod(MetaClassImpl.java:1469)
	at org.codehaus.groovy.runtime.callsite.StaticMetaClassSite.call(StaticMetaClassSite.java:53)
	at org.codehaus.groovy.runtime.callsite.CallSiteArray.defaultCall(CallSiteArray.java:48)
	at org.codehaus.groovy.runtime.callsite.AbstractCallSite.call(AbstractCallSite.java:113)
	at org.codehaus.groovy.runtime.callsite.AbstractCallSite.call(AbstractCallSite.java:141)
	at Script1536114876563.run(Script1536114876563.groovy:34)
	at com.kms.katalon.core.main.ScriptEngine.run(ScriptEngine.java:183)
	at com.kms.katalon.core.main.ScriptEngine.runScriptAsRawText(ScriptEngine.java:108)
	at com.kms.katalon.core.main.TestCaseExecutor.runScript(TestCaseExecutor.java:294)
	at com.kms.katalon.core.main.TestCaseExecutor.doExecute(TestCaseExecutor.java:285)
	at com.kms.katalon.core.main.TestCaseExecutor.processExecutionPhase(TestCaseExecutor.java:264)
	at com.kms.katalon.core.main.TestCaseExecutor.accessMainPhase(TestCaseExecutor.java:256)
	at com.kms.katalon.core.main.TestCaseExecutor.execute(TestCaseExecutor.java:200)
	at com.kms.katalon.core.main.TestCaseMain.runTestCase(TestCaseMain.java:99)
	at com.kms.katalon.core.keyword.builtin.CallTestCaseKeyword$_callTestCase_closure1.doCall(CallTestCaseKeyword.groovy:60)
	at com.kms.katalon.core.keyword.builtin.CallTestCaseKeyword$_callTestCase_closure1.call(CallTestCaseKeyword.groovy)
	at com.kms.katalon.core.keyword.internal.KeywordMain.runKeyword(KeywordMain.groovy:54)
	at com.kms.katalon.core.keyword.builtin.CallTestCaseKeyword.callTestCase(CallTestCaseKeyword.groovy:81)
	at com.kms.katalon.core.keyword.builtin.CallTestCaseKeyword.execute(CallTestCaseKeyword.groovy:45)
	at com.kms.katalon.core.keyword.internal.KeywordExecutor.executeKeywordForPlatform(KeywordExecutor.groovy:53)
	at com.kms.katalon.core.keyword.BuiltinKeywords.callTestCase(BuiltinKeywords.groovy:334)
	at sun.reflect.GeneratedMethodAccessor13.invoke(Unknown Source)
	at sun.reflect.DelegatingMethodAccessorImpl.invoke(DelegatingMethodAccessorImpl.java:43)
	at java.lang.reflect.Method.invoke(Method.java:498)
	at org.codehaus.groovy.reflection.CachedMethod.invoke(CachedMethod.java:93)
	at groovy.lang.MetaMethod.doMethodInvoke(MetaMethod.java:325)
	at groovy.lang.MetaClassImpl.invokeStaticMethod(MetaClassImpl.java:1469)
	at org.codehaus.groovy.runtime.callsite.StaticMetaClassSite.call(StaticMetaClassSite.java:53)
	at org.codehaus.groovy.runtime.callsite.CallSiteArray.defaultCall(CallSiteArray.java:48)
	at org.codehaus.groovy.runtime.callsite.AbstractCallSite.call(AbstractCallSite.java:113)
	at org.codehaus.groovy.runtime.callsite.AbstractCallSite.call(AbstractCallSite.java:141)
	at Script1536733709462.run(Script1536733709462.groovy:25)
	at com.kms.katalon.core.main.ScriptEngine.run(ScriptEngine.java:183)
	at com.kms.katalon.core.main.ScriptEngine.runScriptAsRawText(ScriptEngine.java:108)
	at com.kms.katalon.core.main.TestCaseExecutor.runScript(TestCaseExecutor.java:294)
	at com.kms.katalon.core.main.TestCaseExecutor.doExecute(TestCaseExecutor.java:285)
	at com.kms.katalon.core.main.TestCaseExecutor.processExecutionPhase(TestCaseExecutor.java:264)
	at com.kms.katalon.core.main.TestCaseExecutor.accessMainPhase(TestCaseExecutor.java:256)
	at com.kms.katalon.core.main.TestCaseExecutor.execute(TestCaseExecutor.java:200)
	at com.kms.katalon.core.main.TestSuiteExecutor.accessTestCaseMainPhase(TestSuiteExecutor.java:129)
	at com.kms.katalon.core.main.TestSuiteExecutor.accessTestSuiteMainPhase(TestSuiteExecutor.java:112)
	at com.kms.katalon.core.main.TestSuiteExecutor.execute(TestSuiteExecutor.java:81)
	at com.kms.katalon.core.main.TestCaseMain.startTestSuite(TestCaseMain.java:142)
	at com.kms.katalon.core.main.TestCaseMain$startTestSuite$0.call(Unknown Source)
	at org.codehaus.groovy.runtime.callsite.CallSiteArray.defaultCall(CallSiteArray.java:48)
	at org.codehaus.groovy.runtime.callsite.AbstractCallSite.call(AbstractCallSite.java:113)
	at org.codehaus.groovy.runtime.callsite.AbstractCallSite.call(AbstractCallSite.java:141)
	at TempTestSuite1539973930605.run(TempTestSuite1539973930605.groovy:36)
	at groovy.lang.GroovyShell.runScriptOrMainOrTestOrRunnable(GroovyShell.java:263)
	at groovy.lang.GroovyShell.run(GroovyShell.java:518)
	at groovy.lang.GroovyShell.run(GroovyShell.java:507)
	at groovy.ui.GroovyMain.processOnce(GroovyMain.java:653)
	at groovy.ui.GroovyMain.run(GroovyMain.java:384)
	at groovy.ui.GroovyMain.process(GroovyMain.java:370)
	at groovy.ui.GroovyMain.processArgs(GroovyMain.java:129)
	at groovy.ui.GroovyMain.main(GroovyMain.java:109)
	at sun.reflect.NativeMethodAccessorImpl.invoke0(Native Method)
	at sun.reflect.NativeMethodAccessorImpl.invoke(NativeMethodAccessorImpl.java:62)
	at sun.reflect.DelegatingMethodAccessorImpl.invoke(DelegatingMethodAccessorImpl.java:43)
	at java.lang.reflect.Method.invoke(Method.java:498)
	at org.codehaus.groovy.tools.GroovyStarter.rootLoader(GroovyStarter.java:109)
	at org.codehaus.groovy.tools.GroovyStarter.main(GroovyStarter.java:131)
)"/>
         <system-out><![CDATA[2018-10-20 08:33:41 - [TEST_CASE][FAILED] - Test Cases/Final Aug 2018 - PKS Automation/Registration Module/Workflow/Form 3 EIS - Cessation As Employer/Employer to UO (Query): Test Cases/Final Aug 2018 - PKS Automation/Registration Module/Workflow/Form 3 EIS - Cessation As Employer/Employer to UO (Query) FAILED because (of) (Stack trace: com.kms.katalon.core.exception.StepFailedException: Unable to click on object 'Object Repository/Final Object Repo/Landing Page/Select to English' (Root cause: com.kms.katalon.core.webui.exception.WebElementNotFoundException: Web element with id: 'Object Repository/Final Object Repo/Landing Page/Select to English' located by 'By.xpath: //a[@class = 'taglib-language-list-text' and @lang = 'en-US' and (contains(text(), 'EN') or contains(., 'EN'))]' not found)
	at com.kms.katalon.core.keyword.internal.KeywordMain.stepFailed(KeywordMain.groovy:32)
	at com.kms.katalon.core.webui.keyword.internal.WebUIKeywordMain.stepFailed(WebUIKeywordMain.groovy:65)
	at com.kms.katalon.core.webui.keyword.internal.WebUIKeywordMain.runKeyword(WebUIKeywordMain.groovy:27)
	at com.kms.katalon.core.webui.keyword.builtin.ClickKeyword.click(ClickKeyword.groovy:86)
	at com.kms.katalon.core.webui.keyword.builtin.ClickKeyword.execute(ClickKeyword.groovy:67)
	at com.kms.katalon.core.keyword.internal.KeywordExecutor.executeKeywordForPlatform(KeywordExecutor.groovy:53)
	at com.kms.katalon.core.webui.keyword.WebUiBuiltInKeywords.click(WebUiBuiltInKeywords.groovy:604)
	at com.kms.katalon.core.webui.keyword.WebUiBuiltInKeywords$click$8.call(Unknown Source)
	at org.codehaus.groovy.runtime.callsite.CallSiteArray.defaultCall(CallSiteArray.java:48)
	at org.codehaus.groovy.runtime.callsite.AbstractCallSite.call(AbstractCallSite.java:113)
	at org.codehaus.groovy.runtime.callsite.AbstractCallSite.call(AbstractCallSite.java:133)
	at Script1534407542420.run(Script1534407542420.groovy:57)
	at com.kms.katalon.core.main.ScriptEngine.run(ScriptEngine.java:183)
	at com.kms.katalon.core.main.ScriptEngine.runScriptAsRawText(ScriptEngine.java:108)
	at com.kms.katalon.core.main.TestCaseExecutor.runScript(TestCaseExecutor.java:294)
	at com.kms.katalon.core.main.TestCaseExecutor.doExecute(TestCaseExecutor.java:285)
	at com.kms.katalon.core.main.TestCaseExecutor.processExecutionPhase(TestCaseExecutor.java:264)
	at com.kms.katalon.core.main.TestCaseExecutor.accessMainPhase(TestCaseExecutor.java:256)
	at com.kms.katalon.core.main.TestCaseExecutor.execute(TestCaseExecutor.java:200)
	at com.kms.katalon.core.main.TestCaseMain.runTestCase(TestCaseMain.java:99)
	at com.kms.katalon.core.keyword.builtin.CallTestCaseKeyword$_callTestCase_closure1.doCall(CallTestCaseKeyword.groovy:60)
	at com.kms.katalon.core.keyword.builtin.CallTestCaseKeyword$_callTestCase_closure1.call(CallTestCaseKeyword.groovy)
	at com.kms.katalon.core.keyword.internal.KeywordMain.runKeyword(KeywordMain.groovy:54)
	at com.kms.katalon.core.keyword.builtin.CallTestCaseKeyword.callTestCase(CallTestCaseKeyword.groovy:81)
	at com.kms.katalon.core.keyword.builtin.CallTestCaseKeyword.execute(CallTestCaseKeyword.groovy:45)
	at com.kms.katalon.core.keyword.internal.KeywordExecutor.executeKeywordForPlatform(KeywordExecutor.groovy:53)
	at com.kms.katalon.core.keyword.BuiltinKeywords.callTestCase(BuiltinKeywords.groovy:334)
	at sun.reflect.GeneratedMethodAccessor13.invoke(Unknown Source)
	at sun.reflect.DelegatingMethodAccessorImpl.invoke(DelegatingMethodAccessorImpl.java:43)
	at java.lang.reflect.Method.invoke(Method.java:498)
	at org.codehaus.groovy.reflection.CachedMethod.invoke(CachedMethod.java:93)
	at groovy.lang.MetaMethod.doMethodInvoke(MetaMethod.java:325)
	at groovy.lang.MetaClassImpl.invokeStaticMethod(MetaClassImpl.java:1469)
	at org.codehaus.groovy.runtime.callsite.StaticMetaClassSite.call(StaticMetaClassSite.java:53)
	at org.codehaus.groovy.runtime.callsite.CallSiteArray.defaultCall(CallSiteArray.java:48)
	at org.codehaus.groovy.runtime.callsite.AbstractCallSite.call(AbstractCallSite.java:113)
	at org.codehaus.groovy.runtime.callsite.AbstractCallSite.call(AbstractCallSite.java:141)
	at Script1536114876563.run(Script1536114876563.groovy:34)
	at com.kms.katalon.core.main.ScriptEngine.run(ScriptEngine.java:183)
	at com.kms.katalon.core.main.ScriptEngine.runScriptAsRawText(ScriptEngine.java:108)
	at com.kms.katalon.core.main.TestCaseExecutor.runScript(TestCaseExecutor.java:294)
	at com.kms.katalon.core.main.TestCaseExecutor.doExecute(TestCaseExecutor.java:285)
	at com.kms.katalon.core.main.TestCaseExecutor.processExecutionPhase(TestCaseExecutor.java:264)
	at com.kms.katalon.core.main.TestCaseExecutor.accessMainPhase(TestCaseExecutor.java:256)
	at com.kms.katalon.core.main.TestCaseExecutor.execute(TestCaseExecutor.java:200)
	at com.kms.katalon.core.main.TestCaseMain.runTestCase(TestCaseMain.java:99)
	at com.kms.katalon.core.keyword.builtin.CallTestCaseKeyword$_callTestCase_closure1.doCall(CallTestCaseKeyword.groovy:60)
	at com.kms.katalon.core.keyword.builtin.CallTestCaseKeyword$_callTestCase_closure1.call(CallTestCaseKeyword.groovy)
	at com.kms.katalon.core.keyword.internal.KeywordMain.runKeyword(KeywordMain.groovy:54)
	at com.kms.katalon.core.keyword.builtin.CallTestCaseKeyword.callTestCase(CallTestCaseKeyword.groovy:81)
	at com.kms.katalon.core.keyword.builtin.CallTestCaseKeyword.execute(CallTestCaseKeyword.groovy:45)
	at com.kms.katalon.core.keyword.internal.KeywordExecutor.executeKeywordForPlatform(KeywordExecutor.groovy:53)
	at com.kms.katalon.core.keyword.BuiltinKeywords.callTestCase(BuiltinKeywords.groovy:334)
	at sun.reflect.GeneratedMethodAccessor13.invoke(Unknown Source)
	at sun.reflect.DelegatingMethodAccessorImpl.invoke(DelegatingMethodAccessorImpl.java:43)
	at java.lang.reflect.Method.invoke(Method.java:498)
	at org.codehaus.groovy.reflection.CachedMethod.invoke(CachedMethod.java:93)
	at groovy.lang.MetaMethod.doMethodInvoke(MetaMethod.java:325)
	at groovy.lang.MetaClassImpl.invokeStaticMethod(MetaClassImpl.java:1469)
	at org.codehaus.groovy.runtime.callsite.StaticMetaClassSite.call(StaticMetaClassSite.java:53)
	at org.codehaus.groovy.runtime.callsite.CallSiteArray.defaultCall(CallSiteArray.java:48)
	at org.codehaus.groovy.runtime.callsite.AbstractCallSite.call(AbstractCallSite.java:113)
	at org.codehaus.groovy.runtime.callsite.AbstractCallSite.call(AbstractCallSite.java:141)
	at Script1536733709462.run(Script1536733709462.groovy:25)
	at com.kms.katalon.core.main.ScriptEngine.run(ScriptEngine.java:183)
	at com.kms.katalon.core.main.ScriptEngine.runScriptAsRawText(ScriptEngine.java:108)
	at com.kms.katalon.core.main.TestCaseExecutor.runScript(TestCaseExecutor.java:294)
	at com.kms.katalon.core.main.TestCaseExecutor.doExecute(TestCaseExecutor.java:285)
	at com.kms.katalon.core.main.TestCaseExecutor.processExecutionPhase(TestCaseExecutor.java:264)
	at com.kms.katalon.core.main.TestCaseExecutor.accessMainPhase(TestCaseExecutor.java:256)
	at com.kms.katalon.core.main.TestCaseExecutor.execute(TestCaseExecutor.java:200)
	at com.kms.katalon.core.main.TestSuiteExecutor.accessTestCaseMainPhase(TestSuiteExecutor.java:129)
	at com.kms.katalon.core.main.TestSuiteExecutor.accessTestSuiteMainPhase(TestSuiteExecutor.java:112)
	at com.kms.katalon.core.main.TestSuiteExecutor.execute(TestSuiteExecutor.java:81)
	at com.kms.katalon.core.main.TestCaseMain.startTestSuite(TestCaseMain.java:142)
	at com.kms.katalon.core.main.TestCaseMain$startTestSuite$0.call(Unknown Source)
	at org.codehaus.groovy.runtime.callsite.CallSiteArray.defaultCall(CallSiteArray.java:48)
	at org.codehaus.groovy.runtime.callsite.AbstractCallSite.call(AbstractCallSite.java:113)
	at org.codehaus.groovy.runtime.callsite.AbstractCallSite.call(AbstractCallSite.java:141)
	at TempTestSuite1539973930605.run(TempTestSuite1539973930605.groovy:36)
	at groovy.lang.GroovyShell.runScriptOrMainOrTestOrRunnable(GroovyShell.java:263)
	at groovy.lang.GroovyShell.run(GroovyShell.java:518)
	at groovy.lang.GroovyShell.run(GroovyShell.java:507)
	at groovy.ui.GroovyMain.processOnce(GroovyMain.java:653)
	at groovy.ui.GroovyMain.run(GroovyMain.java:384)
	at groovy.ui.GroovyMain.process(GroovyMain.java:370)
	at groovy.ui.GroovyMain.processArgs(GroovyMain.java:129)
	at groovy.ui.GroovyMain.main(GroovyMain.java:109)
	at sun.reflect.NativeMethodAccessorImpl.invoke0(Native Method)
	at sun.reflect.NativeMethodAccessorImpl.invoke(NativeMethodAccessorImpl.java:62)
	at sun.reflect.DelegatingMethodAccessorImpl.invoke(DelegatingMethodAccessorImpl.java:43)
	at java.lang.reflect.Method.invoke(Method.java:498)
	at org.codehaus.groovy.tools.GroovyStarter.rootLoader(GroovyStarter.java:109)
	at org.codehaus.groovy.tools.GroovyStarter.main(GroovyStarter.java:131)
)

2018-10-20 08:33:41 - [TEST_STEP][PASSED] - callTestCase: Call Test Case 'Test Cases/Final Aug 2018 - PKS Automation/Registration Module/Workflow/Form 3 EIS - Cessation As Employer/Template/Form 3 A - Cessation As Employer (OTC)' successfully

2018-10-20 08:33:41 - [TEST_CASE][PASSED] - Test Cases/Final Aug 2018 - PKS Automation/Registration Module/Workflow/Form 3 EIS - Cessation As Employer/Template/Form 3 A - Cessation As Employer (OTC): Test Cases/Final Aug 2018 - PKS Automation/Registration Module/Workflow/Form 3 EIS - Cessation As Employer/Template/Form 3 A - Cessation As Employer (OTC)

2018-10-20 08:33:41 - [TEST_STEP][PASSED] - openBrowser: Browser is opened with url: ''

2018-10-20 08:33:41 - [MESSAGE][WARNING] - A browser is already opened. Closing browser and opening a new one

2018-10-20 08:33:45 - [MESSAGE][PASSED] - Browser is opened with url: ''

2018-10-20 08:33:45 - [TEST_STEP][PASSED] - navigateToUrl: Navigate to 'https://assist2-uat.perkeso.gov.my/login' successfully

2018-10-20 08:33:47 - [MESSAGE][PASSED] - Navigate to 'https://assist2-uat.perkeso.gov.my/login' successfully

2018-10-20 08:33:47 - [TEST_STEP][PASSED] - setText: Text 'johorotc1@gmail.com' is set on object 'Object Repository/Final Object Repo/Login Page/Internal User/Email Address'

2018-10-20 08:33:48 - [MESSAGE][PASSED] - Text 'johorotc1@gmail.com' is set on object 'Object Repository/Final Object Repo/Login Page/Internal User/Email Address'

2018-10-20 08:33:48 - [TEST_STEP][PASSED] - click: Object: 'Object Repository/Final Object Repo/Login Page/Internal User/Next Button' is clicked on

2018-10-20 08:33:48 - [MESSAGE][PASSED] - Object: 'Object Repository/Final Object Repo/Login Page/Internal User/Next Button' is clicked on

2018-10-20 08:33:48 - [TEST_STEP][PASSED] - delay: Delayed 1 second(s)

2018-10-20 08:33:49 - [MESSAGE][PASSED] - Delayed 1 second(s)

2018-10-20 08:33:49 - [TEST_STEP][PASSED] - setEncryptedText: Text ****** has been set on object 'Object Repository/Final Object Repo/Login Page/Internal User/Password'

2018-10-20 08:33:49 - [MESSAGE][PASSED] - Text ****** has been set on object 'Object Repository/Final Object Repo/Login Page/Internal User/Password'

2018-10-20 08:33:49 - [TEST_STEP][PASSED] - click: Object: 'Object Repository/Final Object Repo/Login Page/Internal User/Login Button' is clicked on

2018-10-20 08:33:49 - [MESSAGE][PASSED] - Object: 'Object Repository/Final Object Repo/Login Page/Internal User/Login Button' is clicked on

2018-10-20 08:33:49 - [TEST_STEP][PASSED] - delay: Delayed 1 second(s)

2018-10-20 08:33:50 - [MESSAGE][PASSED] - Delayed 1 second(s)

2018-10-20 08:33:50 - [TEST_STEP][PASSED] - Statement - Try: Delayed 2 second(s)

2018-10-20 08:33:50 - [TEST_STEP][PASSED] - Statement - Checker = false: null

2018-10-20 08:33:50 - [TEST_STEP][PASSED] - Statement - Checker = com.kms.katalon.core.webui.keyword.WebUiBuiltInKeywords.verifyElementHasAttribute(com.kms.katalon.core.testobject.ObjectRepository.findTestObject(Final Object Repo/Landing Page/BM Detecting), "href", 20, OPTIONAL): Object 'Object Repository/Final Object Repo/Landing Page/BM Detecting' has attribute 'href'

2018-10-20 08:33:53 - [MESSAGE][PASSED] - Object 'Object Repository/Final Object Repo/Landing Page/BM Detecting' has attribute 'href'

2018-10-20 08:33:53 - [TEST_STEP][PASSED] - Statement - out.println(Checker): null

2018-10-20 08:33:53 - [TEST_STEP][PASSED] - Statement - If (Checker == false): null

2018-10-20 08:33:53 - [TEST_STEP][PASSED] - Statement - Else: null

2018-10-20 08:33:53 - [TEST_STEP][PASSED] - delay: Delayed 2 second(s)

2018-10-20 08:33:55 - [MESSAGE][PASSED] - Delayed 2 second(s)

2018-10-20 08:33:55 - [TEST_STEP][PASSED] - navigateToUrl: Navigate to 'https://assist2-uat.perkeso.gov.my/web/registration/eis-update/form-3-eis-cessation-as-employer' successfully

2018-10-20 08:33:56 - [MESSAGE][PASSED] - Navigate to 'https://assist2-uat.perkeso.gov.my/web/registration/eis-update/form-3-eis-cessation-as-employer' successfully

2018-10-20 08:33:56 - [TEST_STEP][PASSED] - delay: Delayed 1 second(s)

2018-10-20 08:33:57 - [MESSAGE][PASSED] - Delayed 1 second(s)

2018-10-20 08:33:57 - [TEST_STEP][PASSED] - setText: Text 'E1102069769W' is set on object 'Object Repository/Final Object Repo/Page_Form 3 EIS - Cessation as Employer/Employer Code'

2018-10-20 08:33:57 - [MESSAGE][PASSED] - Text 'E1102069769W' is set on object 'Object Repository/Final Object Repo/Page_Form 3 EIS - Cessation as Employer/Employer Code'

2018-10-20 08:33:57 - [TEST_STEP][PASSED] - click: Object: 'Object Repository/Final Object Repo/Page_Form 3 EIS - Cessation as Employer/Search' is clicked on

2018-10-20 08:33:57 - [MESSAGE][PASSED] - Object: 'Object Repository/Final Object Repo/Page_Form 3 EIS - Cessation as Employer/Search' is clicked on

2018-10-20 08:33:57 - [TEST_STEP][PASSED] - click: Object: 'Object Repository/Final Object Repo/Page_Form 3 EIS - Cessation as Employer/Edit' is clicked on

2018-10-20 08:34:00 - [MESSAGE][PASSED] - Object: 'Object Repository/Final Object Repo/Page_Form 3 EIS - Cessation as Employer/Edit' is clicked on

2018-10-20 08:34:00 - [TEST_STEP][PASSED] - delay: Delayed 1 second(s)

2018-10-20 08:34:01 - [MESSAGE][PASSED] - Delayed 1 second(s)

2018-10-20 08:34:01 - [TEST_STEP][PASSED] - Statement - abc = com.kms.katalon.core.webui.keyword.WebUiBuiltInKeywords.getAttribute(com.kms.katalon.core.testobject.ObjectRepository.findTestObject(Final Object Repo/Page_Form 3 EIS - Cessation as Employer/Employer Status), "value"): Attribute 'value' of object 'Object Repository/Final Object Repo/Page_Form 3 EIS - Cessation as Employer/Employer Status' is: 'Active'

2018-10-20 08:34:01 - [MESSAGE][PASSED] - Attribute 'value' of object 'Object Repository/Final Object Repo/Page_Form 3 EIS - Cessation as Employer/Employer Status' is: 'Active'

2018-10-20 08:34:01 - [TEST_STEP][PASSED] - Statement - out.println(abc): null

2018-10-20 08:34:01 - [TEST_STEP][PASSED] - Statement - If (abc == "Active"): Object: 'Object Repository/Final Object Repo/Page_Form 3 EIS - Cessation as Employer/Dormant EIS' is clicked on

2018-10-20 08:34:01 - [TEST_STEP][PASSED] - click: Object: 'Object Repository/Final Object Repo/Page_Form 3 EIS - Cessation as Employer/Change Employer Status to' is clicked on

2018-10-20 08:34:01 - [MESSAGE][PASSED] - Object: 'Object Repository/Final Object Repo/Page_Form 3 EIS - Cessation as Employer/Change Employer Status to' is clicked on

2018-10-20 08:34:01 - [TEST_STEP][PASSED] - click: Object: 'Object Repository/Final Object Repo/Page_Form 3 EIS - Cessation as Employer/Dormant EIS' is clicked on

2018-10-20 08:34:01 - [MESSAGE][PASSED] - Object: 'Object Repository/Final Object Repo/Page_Form 3 EIS - Cessation as Employer/Dormant EIS' is clicked on

2018-10-20 08:34:01 - [TEST_STEP][PASSED] - click: Object: 'Object Repository/Final Object Repo/Page_Form 3 EIS - Cessation as Employer/Calender' is clicked on

2018-10-20 08:34:01 - [MESSAGE][PASSED] - Object: 'Object Repository/Final Object Repo/Page_Form 3 EIS - Cessation as Employer/Calender' is clicked on

2018-10-20 08:34:01 - [TEST_STEP][PASSED] - delay: Delayed 1 second(s)

2018-10-20 08:34:02 - [MESSAGE][PASSED] - Delayed 1 second(s)

2018-10-20 08:34:02 - [TEST_STEP][PASSED] - click: Object: 'Object Repository/Final Object Repo/Page_Form 3 EIS - Cessation as Employer/Calender - Date' is clicked on

2018-10-20 08:34:02 - [MESSAGE][PASSED] - Object: 'Object Repository/Final Object Repo/Page_Form 3 EIS - Cessation as Employer/Calender - Date' is clicked on

2018-10-20 08:34:02 - [TEST_STEP][PASSED] - click: Object: 'Object Repository/Final Object Repo/Page_Form 3 EIS - Cessation as Employer/Save  Continue in Form 3 EIS Page' is clicked on

2018-10-20 08:34:03 - [MESSAGE][PASSED] - Object: 'Object Repository/Final Object Repo/Page_Form 3 EIS - Cessation as Employer/Save  Continue in Form 3 EIS Page' is clicked on

2018-10-20 08:34:03 - [TEST_STEP][PASSED] - delay: Delayed 1 second(s)

2018-10-20 08:34:04 - [MESSAGE][PASSED] - Delayed 1 second(s)

2018-10-20 08:34:04 - [TEST_STEP][PASSED] - click: Object: 'Object Repository/Final Object Repo/Page_Form 3 EIS - Cessation as Employer/Employment Resign Date' is clicked on

2018-10-20 08:34:04 - [MESSAGE][PASSED] - Object: 'Object Repository/Final Object Repo/Page_Form 3 EIS - Cessation as Employer/Employment Resign Date' is clicked on

2018-10-20 08:34:04 - [TEST_STEP][PASSED] - selectOptionByValue: All options with value '2018' are selected in object 'Object Repository/Final Object Repo/Page_Form 3 EIS - Cessation as Employer/Employment Resign Date - Year' 

2018-10-20 08:34:04 - [MESSAGE][PASSED] - All options with value '2018' are selected in object 'Object Repository/Final Object Repo/Page_Form 3 EIS - Cessation as Employer/Employment Resign Date - Year' 

2018-10-20 08:34:04 - [TEST_STEP][PASSED] - delay: Delayed 2 second(s)

2018-10-20 08:34:06 - [MESSAGE][PASSED] - Delayed 2 second(s)

2018-10-20 08:34:06 - [TEST_STEP][PASSED] - click: Object: 'Object Repository/Final Object Repo/Page_Form 3 EIS - Cessation as Employer/Employment Resign Date - Year - Date' is clicked on

2018-10-20 08:34:07 - [MESSAGE][PASSED] - Object: 'Object Repository/Final Object Repo/Page_Form 3 EIS - Cessation as Employer/Employment Resign Date - Year - Date' is clicked on

2018-10-20 08:34:07 - [TEST_STEP][PASSED] - delay: Delayed 2 second(s)

2018-10-20 08:34:09 - [MESSAGE][PASSED] - Delayed 2 second(s)

2018-10-20 08:34:09 - [TEST_STEP][PASSED] - click: Object: 'Object Repository/Final Object Repo/Page_Form 3 EIS - Cessation as Employer/Save  Continue in Employment Resign Page' is clicked on

2018-10-20 08:34:09 - [MESSAGE][PASSED] - Object: 'Object Repository/Final Object Repo/Page_Form 3 EIS - Cessation as Employer/Save  Continue in Employment Resign Page' is clicked on

2018-10-20 08:34:09 - [TEST_STEP][PASSED] - delay: Delayed 2 second(s)

2018-10-20 08:34:11 - [MESSAGE][PASSED] - Delayed 2 second(s)

2018-10-20 08:34:11 - [TEST_STEP][PASSED] - click: Object: 'Object Repository/Final Object Repo/Page_Form 3 EIS - Cessation as Employer/Add Document' is clicked on

2018-10-20 08:34:12 - [MESSAGE][PASSED] - Object: 'Object Repository/Final Object Repo/Page_Form 3 EIS - Cessation as Employer/Add Document' is clicked on

2018-10-20 08:34:12 - [TEST_STEP][PASSED] - delay: Delayed 3 second(s)

2018-10-20 08:34:15 - [MESSAGE][PASSED] - Delayed 3 second(s)

2018-10-20 08:34:15 - [TEST_STEP][PASSED] - click: Object: 'Object Repository/Final Object Repo/Page_Form 3 EIS - Cessation as Employer/Document Type' is clicked on

2018-10-20 08:34:16 - [MESSAGE][PASSED] - Object: 'Object Repository/Final Object Repo/Page_Form 3 EIS - Cessation as Employer/Document Type' is clicked on

2018-10-20 08:34:16 - [TEST_STEP][PASSED] - click: Object: 'Object Repository/Final Object Repo/Page_Form 3 EIS - Cessation as Employer/Document Type - Form 3' is clicked on

2018-10-20 08:34:16 - [MESSAGE][PASSED] - Object: 'Object Repository/Final Object Repo/Page_Form 3 EIS - Cessation as Employer/Document Type - Form 3' is clicked on

2018-10-20 08:34:16 - [TEST_STEP][PASSED] - delay: Delayed 2 second(s)

2018-10-20 08:34:18 - [MESSAGE][PASSED] - Delayed 2 second(s)

2018-10-20 08:34:18 - [TEST_STEP][PASSED] - sendKeys: Keys 'C:\Users\Public\Pictures\Sample Pictures\Act.jpg' sent to object: 'Object Repository/Final Object Repo/Page_Form 3 EIS - Cessation as Employer/ploading File'

2018-10-20 08:34:18 - [MESSAGE][PASSED] - Keys 'C:\Users\Public\Pictures\Sample Pictures\Act.jpg' sent to object: 'Object Repository/Final Object Repo/Page_Form 3 EIS - Cessation as Employer/ploading File'

2018-10-20 08:34:18 - [TEST_STEP][PASSED] - delay: Delayed 1 second(s)

2018-10-20 08:34:19 - [MESSAGE][PASSED] - Delayed 1 second(s)

2018-10-20 08:34:19 - [TEST_STEP][PASSED] - click: Object: 'Object Repository/Final Object Repo/Page_Form 3 EIS - Cessation as Employer/Add Document in Uploading Page' is clicked on

2018-10-20 08:34:19 - [MESSAGE][PASSED] - Object: 'Object Repository/Final Object Repo/Page_Form 3 EIS - Cessation as Employer/Add Document in Uploading Page' is clicked on

2018-10-20 08:34:19 - [TEST_STEP][PASSED] - delay: Delayed 2 second(s)

2018-10-20 08:34:21 - [MESSAGE][PASSED] - Delayed 2 second(s)

2018-10-20 08:34:21 - [TEST_STEP][PASSED] - Statement - CaseReferenceNo = com.kms.katalon.core.webui.keyword.WebUiBuiltInKeywords.getText(com.kms.katalon.core.testobject.ObjectRepository.findTestObject(Final Object Repo/Page_Update Employer Information/Reference Number in Update Employee Information Page)): Text of object 'Object Repository/Final Object Repo/Page_Update Employer Information/Reference Number in Update Employee Information Page' is: 'ERN102018C200002177'

2018-10-20 08:34:24 - [MESSAGE][PASSED] - Text of object 'Object Repository/Final Object Repo/Page_Update Employer Information/Reference Number in Update Employee Information Page' is: 'ERN102018C200002177'

2018-10-20 08:34:24 - [TEST_STEP][PASSED] - callTestCase: Call Test Case 'Test Cases/Final Aug 2018 - PKS Automation/Common/Reference Number Setter' successfully

2018-10-20 08:34:24 - [TEST_CASE][PASSED] - Test Cases/Final Aug 2018 - PKS Automation/Common/Reference Number Setter: Test Cases/Final Aug 2018 - PKS Automation/Common/Reference Number Setter

2018-10-20 08:34:24 - [TEST_STEP][PASSED] - Statement - RefNoOldFile = new java.io.File(C://KatalonReference.txt): null

2018-10-20 08:34:24 - [TEST_STEP][PASSED] - Statement - RefNoOldFile.delete(): null

2018-10-20 08:34:24 - [TEST_STEP][PASSED] - Statement - RefNo = new java.io.File(C://KatalonReference.txt): null

2018-10-20 08:34:24 - [TEST_STEP][PASSED] - Statement - RefNo.append(CaseReferenceNo): null

2018-10-20 08:34:24 - [TEST_STEP][PASSED] - Statement - out.println("


" + CaseReferenceNo + "


"): null

2018-10-20 08:34:24 - [MESSAGE][PASSED] - Call Test Case 'Test Cases/Final Aug 2018 - PKS Automation/Common/Reference Number Setter' successfully

2018-10-20 08:34:24 - [TEST_STEP][PASSED] - delay: Delayed 2 second(s)

2018-10-20 08:34:26 - [MESSAGE][PASSED] - Delayed 2 second(s)

2018-10-20 08:34:26 - [TEST_STEP][PASSED] - click: Object: 'Object Repository/Final Object Repo/Page_Form 3 EIS - Cessation as Employer/Save  Continue in Uploading Page' is clicked on

2018-10-20 08:34:27 - [MESSAGE][PASSED] - Object: 'Object Repository/Final Object Repo/Page_Form 3 EIS - Cessation as Employer/Save  Continue in Uploading Page' is clicked on

2018-10-20 08:34:27 - [TEST_STEP][PASSED] - delay: Delayed 2 second(s)

2018-10-20 08:34:29 - [MESSAGE][PASSED] - Delayed 2 second(s)

2018-10-20 08:34:29 - [TEST_STEP][PASSED] - click: Object: 'Object Repository/Final Object Repo/Page_Form 3 EIS - Cessation as Employer/Submit' is clicked on

2018-10-20 08:34:32 - [MESSAGE][PASSED] - Object: 'Object Repository/Final Object Repo/Page_Form 3 EIS - Cessation as Employer/Submit' is clicked on

2018-10-20 08:34:32 - [TEST_STEP][PASSED] - delay: Delayed 2 second(s)

2018-10-20 08:34:34 - [MESSAGE][PASSED] - Delayed 2 second(s)

2018-10-20 08:34:34 - [TEST_STEP][PASSED] - click: Object: 'Object Repository/Final Object Repo/Page_Form 3 EIS - Cessation as Employer/Confirm' is clicked on

2018-10-20 08:34:34 - [MESSAGE][PASSED] - Object: 'Object Repository/Final Object Repo/Page_Form 3 EIS - Cessation as Employer/Confirm' is clicked on

2018-10-20 08:34:34 - [TEST_STEP][PASSED] - delay: Delayed 2 second(s)

2018-10-20 08:34:36 - [MESSAGE][PASSED] - Delayed 2 second(s)

2018-10-20 08:34:36 - [TEST_STEP][PASSED] - click: Object: 'Object Repository/Final Object Repo/Page_Form 3 EIS - Cessation as Employer/Message Your Request will be routed to UO' is clicked on

2018-10-20 08:34:40 - [MESSAGE][PASSED] - Object: 'Object Repository/Final Object Repo/Page_Form 3 EIS - Cessation as Employer/Message Your Request will be routed to UO' is clicked on

2018-10-20 08:34:40 - [TEST_STEP][PASSED] - click: Object: 'Object Repository/Final Object Repo/Page_Form 3 EIS - Cessation as Employer/Letter of acknowledgement' is clicked on

2018-10-20 08:34:41 - [MESSAGE][PASSED] - Object: 'Object Repository/Final Object Repo/Page_Form 3 EIS - Cessation as Employer/Letter of acknowledgement' is clicked on

2018-10-20 08:34:41 - [MESSAGE][PASSED] - Call Test Case 'Test Cases/Final Aug 2018 - PKS Automation/Registration Module/Workflow/Form 3 EIS - Cessation As Employer/Template/Form 3 A - Cessation As Employer (OTC)' successfully

2018-10-20 08:34:41 - [TEST_STEP][FAILED] - callTestCase: Unable to call Test Case with id 'Test Cases/Final Aug 2018 - PKS Automation/Registration Module/Workflow/Form 3 EIS - Cessation As Employer/Template/Form 3 A - Cessation As Employer (Query)' (Root cause: Call Test Case 'Test Cases/Final Aug 2018 - PKS Automation/Registration Module/Workflow/Form 3 EIS - Cessation As Employer/Template/Form 3 A - Cessation As Employer (Query)' failed)

2018-10-20 08:34:41 - [TEST_CASE][FAILED] - Test Cases/Final Aug 2018 - PKS Automation/Registration Module/Workflow/Form 3 EIS - Cessation As Employer/Template/Form 3 A - Cessation As Employer (Query): Test Cases/Final Aug 2018 - PKS Automation/Registration Module/Workflow/Form 3 EIS - Cessation As Employer/Template/Form 3 A - Cessation As Employer (Query) FAILED because (of) (Stack trace: com.kms.katalon.core.exception.StepFailedException: Unable to click on object 'Object Repository/Final Object Repo/Landing Page/Select to English' (Root cause: com.kms.katalon.core.webui.exception.WebElementNotFoundException: Web element with id: 'Object Repository/Final Object Repo/Landing Page/Select to English' located by 'By.xpath: //a[@class = 'taglib-language-list-text' and @lang = 'en-US' and (contains(text(), 'EN') or contains(., 'EN'))]' not found)
	at com.kms.katalon.core.keyword.internal.KeywordMain.stepFailed(KeywordMain.groovy:32)
	at com.kms.katalon.core.webui.keyword.internal.WebUIKeywordMain.stepFailed(WebUIKeywordMain.groovy:65)
	at com.kms.katalon.core.webui.keyword.internal.WebUIKeywordMain.runKeyword(WebUIKeywordMain.groovy:27)
	at com.kms.katalon.core.webui.keyword.builtin.ClickKeyword.click(ClickKeyword.groovy:86)
	at com.kms.katalon.core.webui.keyword.builtin.ClickKeyword.execute(ClickKeyword.groovy:67)
	at com.kms.katalon.core.keyword.internal.KeywordExecutor.executeKeywordForPlatform(KeywordExecutor.groovy:53)
	at com.kms.katalon.core.webui.keyword.WebUiBuiltInKeywords.click(WebUiBuiltInKeywords.groovy:604)
	at com.kms.katalon.core.webui.keyword.WebUiBuiltInKeywords$click$8.call(Unknown Source)
	at org.codehaus.groovy.runtime.callsite.CallSiteArray.defaultCall(CallSiteArray.java:48)
	at org.codehaus.groovy.runtime.callsite.AbstractCallSite.call(AbstractCallSite.java:113)
	at org.codehaus.groovy.runtime.callsite.AbstractCallSite.call(AbstractCallSite.java:133)
	at Script1534407542420.run(Script1534407542420.groovy:57)
	at com.kms.katalon.core.main.ScriptEngine.run(ScriptEngine.java:183)
	at com.kms.katalon.core.main.ScriptEngine.runScriptAsRawText(ScriptEngine.java:108)
	at com.kms.katalon.core.main.TestCaseExecutor.runScript(TestCaseExecutor.java:294)
	at com.kms.katalon.core.main.TestCaseExecutor.doExecute(TestCaseExecutor.java:285)
	at com.kms.katalon.core.main.TestCaseExecutor.processExecutionPhase(TestCaseExecutor.java:264)
	at com.kms.katalon.core.main.TestCaseExecutor.accessMainPhase(TestCaseExecutor.java:256)
	at com.kms.katalon.core.main.TestCaseExecutor.execute(TestCaseExecutor.java:200)
	at com.kms.katalon.core.main.TestCaseMain.runTestCase(TestCaseMain.java:99)
	at com.kms.katalon.core.keyword.builtin.CallTestCaseKeyword$_callTestCase_closure1.doCall(CallTestCaseKeyword.groovy:60)
	at com.kms.katalon.core.keyword.builtin.CallTestCaseKeyword$_callTestCase_closure1.call(CallTestCaseKeyword.groovy)
	at com.kms.katalon.core.keyword.internal.KeywordMain.runKeyword(KeywordMain.groovy:54)
	at com.kms.katalon.core.keyword.builtin.CallTestCaseKeyword.callTestCase(CallTestCaseKeyword.groovy:81)
	at com.kms.katalon.core.keyword.builtin.CallTestCaseKeyword.execute(CallTestCaseKeyword.groovy:45)
	at com.kms.katalon.core.keyword.internal.KeywordExecutor.executeKeywordForPlatform(KeywordExecutor.groovy:53)
	at com.kms.katalon.core.keyword.BuiltinKeywords.callTestCase(BuiltinKeywords.groovy:334)
	at sun.reflect.GeneratedMethodAccessor13.invoke(Unknown Source)
	at sun.reflect.DelegatingMethodAccessorImpl.invoke(DelegatingMethodAccessorImpl.java:43)
	at java.lang.reflect.Method.invoke(Method.java:498)
	at org.codehaus.groovy.reflection.CachedMethod.invoke(CachedMethod.java:93)
	at groovy.lang.MetaMethod.doMethodInvoke(MetaMethod.java:325)
	at groovy.lang.MetaClassImpl.invokeStaticMethod(MetaClassImpl.java:1469)
	at org.codehaus.groovy.runtime.callsite.StaticMetaClassSite.call(StaticMetaClassSite.java:53)
	at org.codehaus.groovy.runtime.callsite.CallSiteArray.defaultCall(CallSiteArray.java:48)
	at org.codehaus.groovy.runtime.callsite.AbstractCallSite.call(AbstractCallSite.java:113)
	at org.codehaus.groovy.runtime.callsite.AbstractCallSite.call(AbstractCallSite.java:141)
	at Script1536114876563.run(Script1536114876563.groovy:34)
	at com.kms.katalon.core.main.ScriptEngine.run(ScriptEngine.java:183)
	at com.kms.katalon.core.main.ScriptEngine.runScriptAsRawText(ScriptEngine.java:108)
	at com.kms.katalon.core.main.TestCaseExecutor.runScript(TestCaseExecutor.java:294)
	at com.kms.katalon.core.main.TestCaseExecutor.doExecute(TestCaseExecutor.java:285)
	at com.kms.katalon.core.main.TestCaseExecutor.processExecutionPhase(TestCaseExecutor.java:264)
	at com.kms.katalon.core.main.TestCaseExecutor.accessMainPhase(TestCaseExecutor.java:256)
	at com.kms.katalon.core.main.TestCaseExecutor.execute(TestCaseExecutor.java:200)
	at com.kms.katalon.core.main.TestCaseMain.runTestCase(TestCaseMain.java:99)
	at com.kms.katalon.core.keyword.builtin.CallTestCaseKeyword$_callTestCase_closure1.doCall(CallTestCaseKeyword.groovy:60)
	at com.kms.katalon.core.keyword.builtin.CallTestCaseKeyword$_callTestCase_closure1.call(CallTestCaseKeyword.groovy)
	at com.kms.katalon.core.keyword.internal.KeywordMain.runKeyword(KeywordMain.groovy:54)
	at com.kms.katalon.core.keyword.builtin.CallTestCaseKeyword.callTestCase(CallTestCaseKeyword.groovy:81)
	at com.kms.katalon.core.keyword.builtin.CallTestCaseKeyword.execute(CallTestCaseKeyword.groovy:45)
	at com.kms.katalon.core.keyword.internal.KeywordExecutor.executeKeywordForPlatform(KeywordExecutor.groovy:53)
	at com.kms.katalon.core.keyword.BuiltinKeywords.callTestCase(BuiltinKeywords.groovy:334)
	at sun.reflect.GeneratedMethodAccessor13.invoke(Unknown Source)
	at sun.reflect.DelegatingMethodAccessorImpl.invoke(DelegatingMethodAccessorImpl.java:43)
	at java.lang.reflect.Method.invoke(Method.java:498)
	at org.codehaus.groovy.reflection.CachedMethod.invoke(CachedMethod.java:93)
	at groovy.lang.MetaMethod.doMethodInvoke(MetaMethod.java:325)
	at groovy.lang.MetaClassImpl.invokeStaticMethod(MetaClassImpl.java:1469)
	at org.codehaus.groovy.runtime.callsite.StaticMetaClassSite.call(StaticMetaClassSite.java:53)
	at org.codehaus.groovy.runtime.callsite.CallSiteArray.defaultCall(CallSiteArray.java:48)
	at org.codehaus.groovy.runtime.callsite.AbstractCallSite.call(AbstractCallSite.java:113)
	at org.codehaus.groovy.runtime.callsite.AbstractCallSite.call(AbstractCallSite.java:141)
	at Script1536733709462.run(Script1536733709462.groovy:25)
	at com.kms.katalon.core.main.ScriptEngine.run(ScriptEngine.java:183)
	at com.kms.katalon.core.main.ScriptEngine.runScriptAsRawText(ScriptEngine.java:108)
	at com.kms.katalon.core.main.TestCaseExecutor.runScript(TestCaseExecutor.java:294)
	at com.kms.katalon.core.main.TestCaseExecutor.doExecute(TestCaseExecutor.java:285)
	at com.kms.katalon.core.main.TestCaseExecutor.processExecutionPhase(TestCaseExecutor.java:264)
	at com.kms.katalon.core.main.TestCaseExecutor.accessMainPhase(TestCaseExecutor.java:256)
	at com.kms.katalon.core.main.TestCaseExecutor.execute(TestCaseExecutor.java:200)
	at com.kms.katalon.core.main.TestSuiteExecutor.accessTestCaseMainPhase(TestSuiteExecutor.java:129)
	at com.kms.katalon.core.main.TestSuiteExecutor.accessTestSuiteMainPhase(TestSuiteExecutor.java:112)
	at com.kms.katalon.core.main.TestSuiteExecutor.execute(TestSuiteExecutor.java:81)
	at com.kms.katalon.core.main.TestCaseMain.startTestSuite(TestCaseMain.java:142)
	at com.kms.katalon.core.main.TestCaseMain$startTestSuite$0.call(Unknown Source)
	at org.codehaus.groovy.runtime.callsite.CallSiteArray.defaultCall(CallSiteArray.java:48)
	at org.codehaus.groovy.runtime.callsite.AbstractCallSite.call(AbstractCallSite.java:113)
	at org.codehaus.groovy.runtime.callsite.AbstractCallSite.call(AbstractCallSite.java:141)
	at TempTestSuite1539973930605.run(TempTestSuite1539973930605.groovy:36)
	at groovy.lang.GroovyShell.runScriptOrMainOrTestOrRunnable(GroovyShell.java:263)
	at groovy.lang.GroovyShell.run(GroovyShell.java:518)
	at groovy.lang.GroovyShell.run(GroovyShell.java:507)
	at groovy.ui.GroovyMain.processOnce(GroovyMain.java:653)
	at groovy.ui.GroovyMain.run(GroovyMain.java:384)
	at groovy.ui.GroovyMain.process(GroovyMain.java:370)
	at groovy.ui.GroovyMain.processArgs(GroovyMain.java:129)
	at groovy.ui.GroovyMain.main(GroovyMain.java:109)
	at sun.reflect.NativeMethodAccessorImpl.invoke0(Native Method)
	at sun.reflect.NativeMethodAccessorImpl.invoke(NativeMethodAccessorImpl.java:62)
	at sun.reflect.DelegatingMethodAccessorImpl.invoke(DelegatingMethodAccessorImpl.java:43)
	at java.lang.reflect.Method.invoke(Method.java:498)
	at org.codehaus.groovy.tools.GroovyStarter.rootLoader(GroovyStarter.java:109)
	at org.codehaus.groovy.tools.GroovyStarter.main(GroovyStarter.java:131)
)

2018-10-20 08:34:42 - [TEST_STEP][NOT_RUN] - callTestCase: NOT_RUN: callTestCase

2018-10-20 08:34:42 - [MESSAGE][NOT_RUN] - NOT_RUN: callTestCase

2018-10-20 08:34:42 - [TEST_STEP][PASSED] - delay: Delayed 1 second(s)

2018-10-20 08:34:43 - [MESSAGE][PASSED] - Delayed 1 second(s)

2018-10-20 08:34:43 - [TEST_STEP][PASSED] - navigateToUrl: Navigate to 'https://assist2-uat.perkeso.gov.my/c/portal/logout' successfully

2018-10-20 08:34:44 - [MESSAGE][PASSED] - Navigate to 'https://assist2-uat.perkeso.gov.my/c/portal/logout' successfully

2018-10-20 08:34:44 - [TEST_STEP][PASSED] - delay: Delayed 1 second(s)

2018-10-20 08:34:45 - [MESSAGE][PASSED] - Delayed 1 second(s)

2018-10-20 08:34:45 - [TEST_STEP][PASSED] - callTestCase: Call Test Case 'Test Cases/Final Aug 2018 - PKS Automation/Common/Reference Number Getter' successfully

2018-10-20 08:34:45 - [TEST_CASE][PASSED] - Test Cases/Final Aug 2018 - PKS Automation/Common/Reference Number Getter: Test Cases/Final Aug 2018 - PKS Automation/Common/Reference Number Getter

2018-10-20 08:34:45 - [TEST_STEP][PASSED] - Statement - Try: null

2018-10-20 08:34:45 - [TEST_STEP][PASSED] - Statement - RefNo = new java.io.File(C://KatalonReference.txt): null

2018-10-20 08:34:45 - [TEST_STEP][PASSED] - Statement - bufferread = new java.io.BufferedReader(new java.io.FileReader(RefNo)): null

2018-10-20 08:34:45 - [TEST_STEP][PASSED] - Statement - readedVal = bufferread.readLine(): null

2018-10-20 08:34:45 - [TEST_STEP][PASSED] - Statement - out.println(CaseReferenceNo): null

2018-10-20 08:34:45 - [TEST_STEP][PASSED] - Statement - out.println(readedVal): null

2018-10-20 08:34:45 - [TEST_STEP][PASSED] - Statement - CaseReferenceNo = readedVal: null

2018-10-20 08:34:45 - [MESSAGE][PASSED] - Call Test Case 'Test Cases/Final Aug 2018 - PKS Automation/Common/Reference Number Getter' successfully

2018-10-20 08:34:45 - [TEST_STEP][FAILED] - callTestCase: Unable to call Test Case with id 'Test Cases/Final Aug 2018 - PKS Automation/Common/Workflow Owner Finder' (Root cause: Call Test Case 'Test Cases/Final Aug 2018 - PKS Automation/Common/Workflow Owner Finder' failed)

2018-10-20 08:34:45 - [TEST_CASE][FAILED] - Test Cases/Final Aug 2018 - PKS Automation/Common/Workflow Owner Finder: Test Cases/Final Aug 2018 - PKS Automation/Common/Workflow Owner Finder FAILED because (of) (Stack trace: com.kms.katalon.core.exception.StepFailedException: Unable to click on object 'Object Repository/Final Object Repo/Landing Page/Select to English' (Root cause: com.kms.katalon.core.webui.exception.WebElementNotFoundException: Web element with id: 'Object Repository/Final Object Repo/Landing Page/Select to English' located by 'By.xpath: //a[@class = 'taglib-language-list-text' and @lang = 'en-US' and (contains(text(), 'EN') or contains(., 'EN'))]' not found)
	at com.kms.katalon.core.keyword.internal.KeywordMain.stepFailed(KeywordMain.groovy:32)
	at com.kms.katalon.core.webui.keyword.internal.WebUIKeywordMain.stepFailed(WebUIKeywordMain.groovy:65)
	at com.kms.katalon.core.webui.keyword.internal.WebUIKeywordMain.runKeyword(WebUIKeywordMain.groovy:27)
	at com.kms.katalon.core.webui.keyword.builtin.ClickKeyword.click(ClickKeyword.groovy:86)
	at com.kms.katalon.core.webui.keyword.builtin.ClickKeyword.execute(ClickKeyword.groovy:67)
	at com.kms.katalon.core.keyword.internal.KeywordExecutor.executeKeywordForPlatform(KeywordExecutor.groovy:53)
	at com.kms.katalon.core.webui.keyword.WebUiBuiltInKeywords.click(WebUiBuiltInKeywords.groovy:604)
	at com.kms.katalon.core.webui.keyword.WebUiBuiltInKeywords$click$8.call(Unknown Source)
	at org.codehaus.groovy.runtime.callsite.CallSiteArray.defaultCall(CallSiteArray.java:48)
	at org.codehaus.groovy.runtime.callsite.AbstractCallSite.call(AbstractCallSite.java:113)
	at org.codehaus.groovy.runtime.callsite.AbstractCallSite.call(AbstractCallSite.java:133)
	at Script1534407542420.run(Script1534407542420.groovy:57)
	at com.kms.katalon.core.main.ScriptEngine.run(ScriptEngine.java:183)
	at com.kms.katalon.core.main.ScriptEngine.runScriptAsRawText(ScriptEngine.java:108)
	at com.kms.katalon.core.main.TestCaseExecutor.runScript(TestCaseExecutor.java:294)
	at com.kms.katalon.core.main.TestCaseExecutor.doExecute(TestCaseExecutor.java:285)
	at com.kms.katalon.core.main.TestCaseExecutor.processExecutionPhase(TestCaseExecutor.java:264)
	at com.kms.katalon.core.main.TestCaseExecutor.accessMainPhase(TestCaseExecutor.java:256)
	at com.kms.katalon.core.main.TestCaseExecutor.execute(TestCaseExecutor.java:200)
	at com.kms.katalon.core.main.TestCaseMain.runTestCase(TestCaseMain.java:99)
	at com.kms.katalon.core.keyword.builtin.CallTestCaseKeyword$_callTestCase_closure1.doCall(CallTestCaseKeyword.groovy:60)
	at com.kms.katalon.core.keyword.builtin.CallTestCaseKeyword$_callTestCase_closure1.call(CallTestCaseKeyword.groovy)
	at com.kms.katalon.core.keyword.internal.KeywordMain.runKeyword(KeywordMain.groovy:54)
	at com.kms.katalon.core.keyword.builtin.CallTestCaseKeyword.callTestCase(CallTestCaseKeyword.groovy:81)
	at com.kms.katalon.core.keyword.builtin.CallTestCaseKeyword.execute(CallTestCaseKeyword.groovy:45)
	at com.kms.katalon.core.keyword.internal.KeywordExecutor.executeKeywordForPlatform(KeywordExecutor.groovy:53)
	at com.kms.katalon.core.keyword.BuiltinKeywords.callTestCase(BuiltinKeywords.groovy:334)
	at sun.reflect.GeneratedMethodAccessor13.invoke(Unknown Source)
	at sun.reflect.DelegatingMethodAccessorImpl.invoke(DelegatingMethodAccessorImpl.java:43)
	at java.lang.reflect.Method.invoke(Method.java:498)
	at org.codehaus.groovy.reflection.CachedMethod.invoke(CachedMethod.java:93)
	at groovy.lang.MetaMethod.doMethodInvoke(MetaMethod.java:325)
	at groovy.lang.MetaClassImpl.invokeStaticMethod(MetaClassImpl.java:1469)
	at org.codehaus.groovy.runtime.callsite.StaticMetaClassSite.call(StaticMetaClassSite.java:53)
	at org.codehaus.groovy.runtime.callsite.CallSiteArray.defaultCall(CallSiteArray.java:48)
	at org.codehaus.groovy.runtime.callsite.AbstractCallSite.call(AbstractCallSite.java:113)
	at org.codehaus.groovy.runtime.callsite.AbstractCallSite.call(AbstractCallSite.java:141)
	at Script1536114876563.run(Script1536114876563.groovy:34)
	at com.kms.katalon.core.main.ScriptEngine.run(ScriptEngine.java:183)
	at com.kms.katalon.core.main.ScriptEngine.runScriptAsRawText(ScriptEngine.java:108)
	at com.kms.katalon.core.main.TestCaseExecutor.runScript(TestCaseExecutor.java:294)
	at com.kms.katalon.core.main.TestCaseExecutor.doExecute(TestCaseExecutor.java:285)
	at com.kms.katalon.core.main.TestCaseExecutor.processExecutionPhase(TestCaseExecutor.java:264)
	at com.kms.katalon.core.main.TestCaseExecutor.accessMainPhase(TestCaseExecutor.java:256)
	at com.kms.katalon.core.main.TestCaseExecutor.execute(TestCaseExecutor.java:200)
	at com.kms.katalon.core.main.TestCaseMain.runTestCase(TestCaseMain.java:99)
	at com.kms.katalon.core.keyword.builtin.CallTestCaseKeyword$_callTestCase_closure1.doCall(CallTestCaseKeyword.groovy:60)
	at com.kms.katalon.core.keyword.builtin.CallTestCaseKeyword$_callTestCase_closure1.call(CallTestCaseKeyword.groovy)
	at com.kms.katalon.core.keyword.internal.KeywordMain.runKeyword(KeywordMain.groovy:54)
	at com.kms.katalon.core.keyword.builtin.CallTestCaseKeyword.callTestCase(CallTestCaseKeyword.groovy:81)
	at com.kms.katalon.core.keyword.builtin.CallTestCaseKeyword.execute(CallTestCaseKeyword.groovy:45)
	at com.kms.katalon.core.keyword.internal.KeywordExecutor.executeKeywordForPlatform(KeywordExecutor.groovy:53)
	at com.kms.katalon.core.keyword.BuiltinKeywords.callTestCase(BuiltinKeywords.groovy:334)
	at sun.reflect.GeneratedMethodAccessor13.invoke(Unknown Source)
	at sun.reflect.DelegatingMethodAccessorImpl.invoke(DelegatingMethodAccessorImpl.java:43)
	at java.lang.reflect.Method.invoke(Method.java:498)
	at org.codehaus.groovy.reflection.CachedMethod.invoke(CachedMethod.java:93)
	at groovy.lang.MetaMethod.doMethodInvoke(MetaMethod.java:325)
	at groovy.lang.MetaClassImpl.invokeStaticMethod(MetaClassImpl.java:1469)
	at org.codehaus.groovy.runtime.callsite.StaticMetaClassSite.call(StaticMetaClassSite.java:53)
	at org.codehaus.groovy.runtime.callsite.CallSiteArray.defaultCall(CallSiteArray.java:48)
	at org.codehaus.groovy.runtime.callsite.AbstractCallSite.call(AbstractCallSite.java:113)
	at org.codehaus.groovy.runtime.callsite.AbstractCallSite.call(AbstractCallSite.java:141)
	at Script1536733709462.run(Script1536733709462.groovy:25)
	at com.kms.katalon.core.main.ScriptEngine.run(ScriptEngine.java:183)
	at com.kms.katalon.core.main.ScriptEngine.runScriptAsRawText(ScriptEngine.java:108)
	at com.kms.katalon.core.main.TestCaseExecutor.runScript(TestCaseExecutor.java:294)
	at com.kms.katalon.core.main.TestCaseExecutor.doExecute(TestCaseExecutor.java:285)
	at com.kms.katalon.core.main.TestCaseExecutor.processExecutionPhase(TestCaseExecutor.java:264)
	at com.kms.katalon.core.main.TestCaseExecutor.accessMainPhase(TestCaseExecutor.java:256)
	at com.kms.katalon.core.main.TestCaseExecutor.execute(TestCaseExecutor.java:200)
	at com.kms.katalon.core.main.TestSuiteExecutor.accessTestCaseMainPhase(TestSuiteExecutor.java:129)
	at com.kms.katalon.core.main.TestSuiteExecutor.accessTestSuiteMainPhase(TestSuiteExecutor.java:112)
	at com.kms.katalon.core.main.TestSuiteExecutor.execute(TestSuiteExecutor.java:81)
	at com.kms.katalon.core.main.TestCaseMain.startTestSuite(TestCaseMain.java:142)
	at com.kms.katalon.core.main.TestCaseMain$startTestSuite$0.call(Unknown Source)
	at org.codehaus.groovy.runtime.callsite.CallSiteArray.defaultCall(CallSiteArray.java:48)
	at org.codehaus.groovy.runtime.callsite.AbstractCallSite.call(AbstractCallSite.java:113)
	at org.codehaus.groovy.runtime.callsite.AbstractCallSite.call(AbstractCallSite.java:141)
	at TempTestSuite1539973930605.run(TempTestSuite1539973930605.groovy:36)
	at groovy.lang.GroovyShell.runScriptOrMainOrTestOrRunnable(GroovyShell.java:263)
	at groovy.lang.GroovyShell.run(GroovyShell.java:518)
	at groovy.lang.GroovyShell.run(GroovyShell.java:507)
	at groovy.ui.GroovyMain.processOnce(GroovyMain.java:653)
	at groovy.ui.GroovyMain.run(GroovyMain.java:384)
	at groovy.ui.GroovyMain.process(GroovyMain.java:370)
	at groovy.ui.GroovyMain.processArgs(GroovyMain.java:129)
	at groovy.ui.GroovyMain.main(GroovyMain.java:109)
	at sun.reflect.NativeMethodAccessorImpl.invoke0(Native Method)
	at sun.reflect.NativeMethodAccessorImpl.invoke(NativeMethodAccessorImpl.java:62)
	at sun.reflect.DelegatingMethodAccessorImpl.invoke(DelegatingMethodAccessorImpl.java:43)
	at java.lang.reflect.Method.invoke(Method.java:498)
	at org.codehaus.groovy.tools.GroovyStarter.rootLoader(GroovyStarter.java:109)
	at org.codehaus.groovy.tools.GroovyStarter.main(GroovyStarter.java:131)
)

2018-10-20 08:34:45 - [TEST_STEP][PASSED] - openBrowser: Browser is opened with url: ''

2018-10-20 08:34:45 - [MESSAGE][WARNING] - A browser is already opened. Closing browser and opening a new one

2018-10-20 08:34:49 - [MESSAGE][PASSED] - Browser is opened with url: ''

2018-10-20 08:34:49 - [TEST_STEP][PASSED] - navigateToUrl: Navigate to 'https://assist2-uat.perkeso.gov.my/login' successfully

2018-10-20 08:34:52 - [MESSAGE][PASSED] - Navigate to 'https://assist2-uat.perkeso.gov.my/login' successfully

2018-10-20 08:34:52 - [TEST_STEP][PASSED] - delay: Delayed 5 second(s)

2018-10-20 08:34:57 - [MESSAGE][PASSED] - Delayed 5 second(s)

2018-10-20 08:34:57 - [TEST_STEP][PASSED] - setText: Text 'test@liferay.com' is set on object 'Object Repository/Final Object Repo/Login Page/Internal User/Email Address'

2018-10-20 08:34:57 - [MESSAGE][PASSED] - Text 'test@liferay.com' is set on object 'Object Repository/Final Object Repo/Login Page/Internal User/Email Address'

2018-10-20 08:34:57 - [TEST_STEP][PASSED] - click: Object: 'Object Repository/Final Object Repo/Login Page/Internal User/Next Button' is clicked on

2018-10-20 08:34:57 - [MESSAGE][PASSED] - Object: 'Object Repository/Final Object Repo/Login Page/Internal User/Next Button' is clicked on

2018-10-20 08:34:57 - [TEST_STEP][PASSED] - delay: Delayed 2 second(s)

2018-10-20 08:34:59 - [MESSAGE][PASSED] - Delayed 2 second(s)

2018-10-20 08:34:59 - [TEST_STEP][PASSED] - setText: Text 'test' is set on object 'Object Repository/Final Object Repo/Login Page/Internal User/Password'

2018-10-20 08:34:59 - [MESSAGE][PASSED] - Text 'test' is set on object 'Object Repository/Final Object Repo/Login Page/Internal User/Password'

2018-10-20 08:34:59 - [TEST_STEP][PASSED] - delay: Delayed 2 second(s)

2018-10-20 08:35:01 - [MESSAGE][PASSED] - Delayed 2 second(s)

2018-10-20 08:35:01 - [TEST_STEP][PASSED] - click: Object: 'Object Repository/Final Object Repo/Login Page/Internal User/Login Button' is clicked on

2018-10-20 08:35:02 - [MESSAGE][PASSED] - Object: 'Object Repository/Final Object Repo/Login Page/Internal User/Login Button' is clicked on

2018-10-20 08:35:02 - [TEST_STEP][FAILED] - Statement - Try: Delayed 2 second(s)

2018-10-20 08:35:02 - [TEST_STEP][PASSED] - Statement - Checker = false: null

2018-10-20 08:35:02 - [TEST_STEP][PASSED] - Statement - Checker = com.kms.katalon.core.webui.keyword.WebUiBuiltInKeywords.verifyElementHasAttribute(com.kms.katalon.core.testobject.ObjectRepository.findTestObject(Final Object Repo/Landing Page/BM Detecting), "href", 20, OPTIONAL): Unable to verify if object 'Object Repository/Final Object Repo/Landing Page/BM Detecting' has attribute 'href' (Root cause: org.openqa.selenium.StaleElementReferenceException: stale element reference: element is not attached to the page document
  (Session info: chrome=69.0.3497.100)
  (Driver info: chromedriver=2.35.528161 (5b82f2d2aae0ca24b877009200ced9065a772e73),platform=Windows NT 6.1.7601 SP1 x86_64) (WARNING: The server did not provide any stacktrace information)
Command duration or timeout: 0 milliseconds
For documentation on this error, please visit: http://seleniumhq.org/exceptions/stale_element_reference.html
Build info: version: '3.7.1', revision: '8a0099a', time: '2017-11-06T21:07:36.161Z'
System info: host: 'WEIZHENG', ip: '192.168.137.1', os.name: 'Windows 7', os.arch: 'amd64', os.version: '6.1', java.version: '1.8.0_181'
Driver info: com.kms.katalon.selenium.driver.CChromeDriver
Capabilities {acceptInsecureCerts: false, acceptSslCerts: false, applicationCacheEnabled: false, browserConnectionEnabled: false, browserName: chrome, chrome: {chromedriverVersion: 2.35.528161 (5b82f2d2aae0ca..., userDataDir: C:\Users\WEIZHE~1\AppData\L...}, cssSelectorsEnabled: true, databaseEnabled: false, handlesAlerts: true, hasTouchScreen: false, javascriptEnabled: true, locationContextEnabled: true, mobileEmulationEnabled: false, nativeEvents: true, networkConnectionEnabled: false, pageLoadStrategy: normal, platform: XP, platformName: XP, rotatable: false, setWindowRect: true, takesHeapSnapshot: true, takesScreenshot: true, unexpectedAlertBehaviour: , unhandledPromptBehavior: , version: 69.0.3497.100, webStorageEnabled: true}
Session ID: da92f1d36fa99ef995036c2b5314d96c)

2018-10-20 08:35:05 - [MESSAGE][WARNING] - Unable to verify if object 'Object Repository/Final Object Repo/Landing Page/BM Detecting' has attribute 'href' (Root cause: org.openqa.selenium.StaleElementReferenceException: stale element reference: element is not attached to the page document
  (Session info: chrome=69.0.3497.100)
  (Driver info: chromedriver=2.35.528161 (5b82f2d2aae0ca24b877009200ced9065a772e73),platform=Windows NT 6.1.7601 SP1 x86_64) (WARNING: The server did not provide any stacktrace information)
Command duration or timeout: 0 milliseconds
For documentation on this error, please visit: http://seleniumhq.org/exceptions/stale_element_reference.html
Build info: version: '3.7.1', revision: '8a0099a', time: '2017-11-06T21:07:36.161Z'
System info: host: 'WEIZHENG', ip: '192.168.137.1', os.name: 'Windows 7', os.arch: 'amd64', os.version: '6.1', java.version: '1.8.0_181'
Driver info: com.kms.katalon.selenium.driver.CChromeDriver
Capabilities {acceptInsecureCerts: false, acceptSslCerts: false, applicationCacheEnabled: false, browserConnectionEnabled: false, browserName: chrome, chrome: {chromedriverVersion: 2.35.528161 (5b82f2d2aae0ca..., userDataDir: C:\Users\WEIZHE~1\AppData\L...}, cssSelectorsEnabled: true, databaseEnabled: false, handlesAlerts: true, hasTouchScreen: false, javascriptEnabled: true, locationContextEnabled: true, mobileEmulationEnabled: false, nativeEvents: true, networkConnectionEnabled: false, pageLoadStrategy: normal, platform: XP, platformName: XP, rotatable: false, setWindowRect: true, takesHeapSnapshot: true, takesScreenshot: true, unexpectedAlertBehaviour: , unhandledPromptBehavior: , version: 69.0.3497.100, webStorageEnabled: true}
Session ID: da92f1d36fa99ef995036c2b5314d96c)
[[ATTACHMENT|C:\\Users\\LENOVO\\Katalon Studio\\Perkeso Phase A\\Reports\\Workflow\\Form 3 EIS - Cessation as Employer\\20181020_023210\\1539995705048.png]]

2018-10-20 08:35:05 - [TEST_STEP][PASSED] - Statement - out.println(Checker): null

2018-10-20 08:35:05 - [TEST_STEP][FAILED] - Statement - If (Checker == false): Unable to click on object 'Object Repository/Final Object Repo/Landing Page/Select to English' (Root cause: com.kms.katalon.core.webui.exception.WebElementNotFoundException: Web element with id: 'Object Repository/Final Object Repo/Landing Page/Select to English' located by 'By.xpath: //a[@class = 'taglib-language-list-text' and @lang = 'en-US' and (contains(text(), 'EN') or contains(., 'EN'))]' not found)

2018-10-20 08:35:05 - [TEST_STEP][FAILED] - click: Unable to click on object 'Object Repository/Final Object Repo/Landing Page/Select to English' (Root cause: com.kms.katalon.core.webui.exception.WebElementNotFoundException: Web element with id: 'Object Repository/Final Object Repo/Landing Page/Select to English' located by 'By.xpath: //a[@class = 'taglib-language-list-text' and @lang = 'en-US' and (contains(text(), 'EN') or contains(., 'EN'))]' not found)

2018-10-20 08:37:23 - [MESSAGE][FAILED] - Unable to click on object 'Object Repository/Final Object Repo/Landing Page/Select to English' (Root cause: com.kms.katalon.core.webui.exception.WebElementNotFoundException: Web element with id: 'Object Repository/Final Object Repo/Landing Page/Select to English' located by 'By.xpath: //a[@class = 'taglib-language-list-text' and @lang = 'en-US' and (contains(text(), 'EN') or contains(., 'EN'))]' not found)
[[ATTACHMENT|C:\\Users\\LENOVO\\Katalon Studio\\Perkeso Phase A\\Reports\\Workflow\\Form 3 EIS - Cessation as Employer\\20181020_023210\\1539995843120.png]]

2018-10-20 08:37:23 - [TEST_STEP][PASSED] - delay: Delayed 2 second(s)

2018-10-20 08:37:25 - [MESSAGE][PASSED] - Delayed 2 second(s)

2018-10-20 08:37:25 - [TEST_STEP][PASSED] - delay: Delayed 3 second(s)

2018-10-20 08:37:28 - [MESSAGE][PASSED] - Delayed 3 second(s)

2018-10-20 08:37:28 - [TEST_STEP][PASSED] - click: Object: 'Object Repository/Final Object Repo/Landing Page/WorkFlow Menu' is clicked on

2018-10-20 08:37:28 - [MESSAGE][PASSED] - Object: 'Object Repository/Final Object Repo/Landing Page/WorkFlow Menu' is clicked on

2018-10-20 08:37:28 - [TEST_STEP][PASSED] - delay: Delayed 2 second(s)

2018-10-20 08:37:30 - [MESSAGE][PASSED] - Delayed 2 second(s)

2018-10-20 08:37:30 - [TEST_STEP][FAILED] - click: Unable to click on object 'Object Repository/Final Object Repo/Landing Page/Select to Workflow Listing' (Root cause: org.openqa.selenium.ElementNotVisibleException: element not visible
  (Session info: chrome=69.0.3497.100)
  (Driver info: chromedriver=2.35.528161 (5b82f2d2aae0ca24b877009200ced9065a772e73),platform=Windows NT 6.1.7601 SP1 x86_64) (WARNING: The server did not provide any stacktrace information)
Command duration or timeout: 0 milliseconds
Build info: version: '3.7.1', revision: '8a0099a', time: '2017-11-06T21:07:36.161Z'
System info: host: 'WEIZHENG', ip: '192.168.137.1', os.name: 'Windows 7', os.arch: 'amd64', os.version: '6.1', java.version: '1.8.0_181'
Driver info: com.kms.katalon.selenium.driver.CChromeDriver
Capabilities {acceptInsecureCerts: false, acceptSslCerts: false, applicationCacheEnabled: false, browserConnectionEnabled: false, browserName: chrome, chrome: {chromedriverVersion: 2.35.528161 (5b82f2d2aae0ca..., userDataDir: C:\Users\WEIZHE~1\AppData\L...}, cssSelectorsEnabled: true, databaseEnabled: false, handlesAlerts: true, hasTouchScreen: false, javascriptEnabled: true, locationContextEnabled: true, mobileEmulationEnabled: false, nativeEvents: true, networkConnectionEnabled: false, pageLoadStrategy: normal, platform: XP, platformName: XP, rotatable: false, setWindowRect: true, takesHeapSnapshot: true, takesScreenshot: true, unexpectedAlertBehaviour: , unhandledPromptBehavior: , version: 69.0.3497.100, webStorageEnabled: true}
Session ID: da92f1d36fa99ef995036c2b5314d96c)

2018-10-20 08:37:31 - [MESSAGE][FAILED] - Unable to click on object 'Object Repository/Final Object Repo/Landing Page/Select to Workflow Listing' (Root cause: org.openqa.selenium.ElementNotVisibleException: element not visible
  (Session info: chrome=69.0.3497.100)
  (Driver info: chromedriver=2.35.528161 (5b82f2d2aae0ca24b877009200ced9065a772e73),platform=Windows NT 6.1.7601 SP1 x86_64) (WARNING: The server did not provide any stacktrace information)
Command duration or timeout: 0 milliseconds
Build info: version: '3.7.1', revision: '8a0099a', time: '2017-11-06T21:07:36.161Z'
System info: host: 'WEIZHENG', ip: '192.168.137.1', os.name: 'Windows 7', os.arch: 'amd64', os.version: '6.1', java.version: '1.8.0_181'
Driver info: com.kms.katalon.selenium.driver.CChromeDriver
Capabilities {acceptInsecureCerts: false, acceptSslCerts: false, applicationCacheEnabled: false, browserConnectionEnabled: false, browserName: chrome, chrome: {chromedriverVersion: 2.35.528161 (5b82f2d2aae0ca..., userDataDir: C:\Users\WEIZHE~1\AppData\L...}, cssSelectorsEnabled: true, databaseEnabled: false, handlesAlerts: true, hasTouchScreen: false, javascriptEnabled: true, locationContextEnabled: true, mobileEmulationEnabled: false, nativeEvents: true, networkConnectionEnabled: false, pageLoadStrategy: normal, platform: XP, platformName: XP, rotatable: false, setWindowRect: true, takesHeapSnapshot: true, takesScreenshot: true, unexpectedAlertBehaviour: , unhandledPromptBehavior: , version: 69.0.3497.100, webStorageEnabled: true}
Session ID: da92f1d36fa99ef995036c2b5314d96c)
[[ATTACHMENT|C:\\Users\\LENOVO\\Katalon Studio\\Perkeso Phase A\\Reports\\Workflow\\Form 3 EIS - Cessation as Employer\\20181020_023210\\1539995850751.png]]

2018-10-20 08:37:31 - [TEST_STEP][PASSED] - delay: Delayed 2 second(s)

2018-10-20 08:37:33 - [MESSAGE][PASSED] - Delayed 2 second(s)

2018-10-20 08:37:33 - [TEST_STEP][FAILED] - click: Unable to click on object 'Object Repository/Final Object Repo/WorkFlow Listing Page/Search Information - To Put Ref No' (Root cause: com.kms.katalon.core.webui.exception.WebElementNotFoundException: Web element with id: 'Object Repository/Final Object Repo/WorkFlow Listing Page/Search Information - To Put Ref No' located by 'By.xpath: //h2[@data-target = '#_workflowlisting_WAR_baseportlet_searchDiv' and (text() = 'Search Information' or . = 'Search Information')]' not found)

2018-10-20 08:39:43 - [MESSAGE][FAILED] - Unable to click on object 'Object Repository/Final Object Repo/WorkFlow Listing Page/Search Information - To Put Ref No' (Root cause: com.kms.katalon.core.webui.exception.WebElementNotFoundException: Web element with id: 'Object Repository/Final Object Repo/WorkFlow Listing Page/Search Information - To Put Ref No' located by 'By.xpath: //h2[@data-target = '#_workflowlisting_WAR_baseportlet_searchDiv' and (text() = 'Search Information' or . = 'Search Information')]' not found)
[[ATTACHMENT|C:\\Users\\LENOVO\\Katalon Studio\\Perkeso Phase A\\Reports\\Workflow\\Form 3 EIS - Cessation as Employer\\20181020_023210\\1539995983053.png]]

2018-10-20 08:39:43 - [TEST_STEP][PASSED] - delay: Delayed 2 second(s)

2018-10-20 08:39:45 - [MESSAGE][PASSED] - Delayed 2 second(s)

2018-10-20 08:39:45 - [TEST_STEP][PASSED] - callTestCase: Call Test Case 'Test Cases/Final Aug 2018 - PKS Automation/Common/Reference Number Getter' successfully

2018-10-20 08:39:45 - [TEST_CASE][PASSED] - Test Cases/Final Aug 2018 - PKS Automation/Common/Reference Number Getter: Test Cases/Final Aug 2018 - PKS Automation/Common/Reference Number Getter

2018-10-20 08:39:45 - [TEST_STEP][PASSED] - Statement - Try: null

2018-10-20 08:39:45 - [TEST_STEP][PASSED] - Statement - RefNo = new java.io.File(C://KatalonReference.txt): null

2018-10-20 08:39:45 - [TEST_STEP][PASSED] - Statement - bufferread = new java.io.BufferedReader(new java.io.FileReader(RefNo)): null

2018-10-20 08:39:45 - [TEST_STEP][PASSED] - Statement - readedVal = bufferread.readLine(): null

2018-10-20 08:39:45 - [TEST_STEP][PASSED] - Statement - out.println(CaseReferenceNo): null

2018-10-20 08:39:45 - [TEST_STEP][PASSED] - Statement - out.println(readedVal): null

2018-10-20 08:39:45 - [TEST_STEP][PASSED] - Statement - CaseReferenceNo = readedVal: null

2018-10-20 08:39:45 - [MESSAGE][PASSED] - Call Test Case 'Test Cases/Final Aug 2018 - PKS Automation/Common/Reference Number Getter' successfully

2018-10-20 08:39:45 - [TEST_STEP][FAILED] - setText: Unable to set text 'ERN102018C200002177' of object 'Object Repository/Final Object Repo/WorkFlow Listing Page/Ref No Set Text' (Root cause: com.kms.katalon.core.webui.exception.WebElementNotFoundException: Web element with id: 'Object Repository/Final Object Repo/WorkFlow Listing Page/Ref No Set Text' located by 'By.xpath: //input[@id = '_workflowlisting_WAR_baseportlet_dto.trxReferenceNum' and @name = '_workflowlisting_WAR_baseportlet_dto.trxReferenceNum' and @type = 'text']' not found)

2018-10-20 08:41:56 - [MESSAGE][FAILED] - Unable to set text 'ERN102018C200002177' of object 'Object Repository/Final Object Repo/WorkFlow Listing Page/Ref No Set Text' (Root cause: com.kms.katalon.core.webui.exception.WebElementNotFoundException: Web element with id: 'Object Repository/Final Object Repo/WorkFlow Listing Page/Ref No Set Text' located by 'By.xpath: //input[@id = '_workflowlisting_WAR_baseportlet_dto.trxReferenceNum' and @name = '_workflowlisting_WAR_baseportlet_dto.trxReferenceNum' and @type = 'text']' not found)
[[ATTACHMENT|C:\\Users\\LENOVO\\Katalon Studio\\Perkeso Phase A\\Reports\\Workflow\\Form 3 EIS - Cessation as Employer\\20181020_023210\\1539996115773.png]]

2018-10-20 08:41:56 - [TEST_STEP][PASSED] - delay: Delayed 2 second(s)

2018-10-20 08:41:58 - [MESSAGE][PASSED] - Delayed 2 second(s)

2018-10-20 08:41:58 - [TEST_STEP][FAILED] - click: Unable to click on object 'Object Repository/Final Object Repo/WorkFlow Listing Page/Search Ref No Search Button' (Root cause: org.openqa.selenium.ElementNotVisibleException: element not visible
  (Session info: chrome=69.0.3497.100)
  (Driver info: chromedriver=2.35.528161 (5b82f2d2aae0ca24b877009200ced9065a772e73),platform=Windows NT 6.1.7601 SP1 x86_64) (WARNING: The server did not provide any stacktrace information)
Command duration or timeout: 0 milliseconds
Build info: version: '3.7.1', revision: '8a0099a', time: '2017-11-06T21:07:36.161Z'
System info: host: 'WEIZHENG', ip: '192.168.137.1', os.name: 'Windows 7', os.arch: 'amd64', os.version: '6.1', java.version: '1.8.0_181'
Driver info: com.kms.katalon.selenium.driver.CChromeDriver
Capabilities {acceptInsecureCerts: false, acceptSslCerts: false, applicationCacheEnabled: false, browserConnectionEnabled: false, browserName: chrome, chrome: {chromedriverVersion: 2.35.528161 (5b82f2d2aae0ca..., userDataDir: C:\Users\WEIZHE~1\AppData\L...}, cssSelectorsEnabled: true, databaseEnabled: false, handlesAlerts: true, hasTouchScreen: false, javascriptEnabled: true, locationContextEnabled: true, mobileEmulationEnabled: false, nativeEvents: true, networkConnectionEnabled: false, pageLoadStrategy: normal, platform: XP, platformName: XP, rotatable: false, setWindowRect: true, takesHeapSnapshot: true, takesScreenshot: true, unexpectedAlertBehaviour: , unhandledPromptBehavior: , version: 69.0.3497.100, webStorageEnabled: true}
Session ID: da92f1d36fa99ef995036c2b5314d96c)

2018-10-20 08:41:58 - [MESSAGE][FAILED] - Unable to click on object 'Object Repository/Final Object Repo/WorkFlow Listing Page/Search Ref No Search Button' (Root cause: org.openqa.selenium.ElementNotVisibleException: element not visible
  (Session info: chrome=69.0.3497.100)
  (Driver info: chromedriver=2.35.528161 (5b82f2d2aae0ca24b877009200ced9065a772e73),platform=Windows NT 6.1.7601 SP1 x86_64) (WARNING: The server did not provide any stacktrace information)
Command duration or timeout: 0 milliseconds
Build info: version: '3.7.1', revision: '8a0099a', time: '2017-11-06T21:07:36.161Z'
System info: host: 'WEIZHENG', ip: '192.168.137.1', os.name: 'Windows 7', os.arch: 'amd64', os.version: '6.1', java.version: '1.8.0_181'
Driver info: com.kms.katalon.selenium.driver.CChromeDriver
Capabilities {acceptInsecureCerts: false, acceptSslCerts: false, applicationCacheEnabled: false, browserConnectionEnabled: false, browserName: chrome, chrome: {chromedriverVersion: 2.35.528161 (5b82f2d2aae0ca..., userDataDir: C:\Users\WEIZHE~1\AppData\L...}, cssSelectorsEnabled: true, databaseEnabled: false, handlesAlerts: true, hasTouchScreen: false, javascriptEnabled: true, locationContextEnabled: true, mobileEmulationEnabled: false, nativeEvents: true, networkConnectionEnabled: false, pageLoadStrategy: normal, platform: XP, platformName: XP, rotatable: false, setWindowRect: true, takesHeapSnapshot: true, takesScreenshot: true, unexpectedAlertBehaviour: , unhandledPromptBehavior: , version: 69.0.3497.100, webStorageEnabled: true}
Session ID: da92f1d36fa99ef995036c2b5314d96c)
[[ATTACHMENT|C:\\Users\\LENOVO\\Katalon Studio\\Perkeso Phase A\\Reports\\Workflow\\Form 3 EIS - Cessation as Employer\\20181020_023210\\1539996118178.png]]

2018-10-20 08:41:58 - [TEST_STEP][PASSED] - delay: Delayed 4 second(s)

2018-10-20 08:42:02 - [MESSAGE][PASSED] - Delayed 4 second(s)

2018-10-20 08:42:02 - [TEST_STEP][PASSED] - click: Object: 'Object Repository/Final Object Repo/WorkFlow Listing Page/Click Continue Tooltip' is clicked on

2018-10-20 08:42:04 - [MESSAGE][PASSED] - Object: 'Object Repository/Final Object Repo/WorkFlow Listing Page/Click Continue Tooltip' is clicked on

2018-10-20 08:42:04 - [TEST_STEP][PASSED] - delay: Delayed 5 second(s)

2018-10-20 08:42:09 - [MESSAGE][PASSED] - Delayed 5 second(s)

2018-10-20 08:42:09 - [TEST_STEP][FAILED] - doubleClick: Unable to double click on object 'Object Repository/Final Object Repo/WorkFlow Listing Page/Workflow Found - Listing 1' (Root cause: com.kms.katalon.core.webui.exception.WebElementNotFoundException: Web element with id: 'Object Repository/Final Object Repo/WorkFlow Listing Page/Workflow Found - Listing 1' located by 'By.xpath: //body/div/div/div/div/div/div/div/div/div/div/div/div/div/div/div/div/table/tbody/tr/td[@class='table-cell  first']/following-sibling::td[1]' not found)

2018-10-20 08:44:19 - [MESSAGE][FAILED] - Unable to double click on object 'Object Repository/Final Object Repo/WorkFlow Listing Page/Workflow Found - Listing 1' (Root cause: com.kms.katalon.core.webui.exception.WebElementNotFoundException: Web element with id: 'Object Repository/Final Object Repo/WorkFlow Listing Page/Workflow Found - Listing 1' located by 'By.xpath: //body/div/div/div/div/div/div/div/div/div/div/div/div/div/div/div/div/table/tbody/tr/td[@class='table-cell  first']/following-sibling::td[1]' not found)
[[ATTACHMENT|C:\\Users\\LENOVO\\Katalon Studio\\Perkeso Phase A\\Reports\\Workflow\\Form 3 EIS - Cessation as Employer\\20181020_023210\\1539996259128.png]]

2018-10-20 08:44:19 - [MESSAGE][FAILED] - Unable to call Test Case with id 'Test Cases/Final Aug 2018 - PKS Automation/Common/Workflow Owner Finder' (Root cause: Call Test Case 'Test Cases/Final Aug 2018 - PKS Automation/Common/Workflow Owner Finder' failed)

2018-10-20 08:44:19 - [MESSAGE][FAILED] - Unable to call Test Case with id 'Test Cases/Final Aug 2018 - PKS Automation/Registration Module/Workflow/Form 3 EIS - Cessation As Employer/Template/Form 3 A - Cessation As Employer (Query)' (Root cause: Call Test Case 'Test Cases/Final Aug 2018 - PKS Automation/Registration Module/Workflow/Form 3 EIS - Cessation As Employer/Template/Form 3 A - Cessation As Employer (Query)' failed)]]></system-out>
         <system-err><![CDATA[2018-10-20 08:33:41 - [TEST_CASE][FAILED] - Test Cases/Final Aug 2018 - PKS Automation/Registration Module/Workflow/Form 3 EIS - Cessation As Employer/Employer to UO (Query): Test Cases/Final Aug 2018 - PKS Automation/Registration Module/Workflow/Form 3 EIS - Cessation As Employer/Employer to UO (Query) FAILED because (of) (Stack trace: com.kms.katalon.core.exception.StepFailedException: Unable to click on object 'Object Repository/Final Object Repo/Landing Page/Select to English' (Root cause: com.kms.katalon.core.webui.exception.WebElementNotFoundException: Web element with id: 'Object Repository/Final Object Repo/Landing Page/Select to English' located by 'By.xpath: //a[@class = 'taglib-language-list-text' and @lang = 'en-US' and (contains(text(), 'EN') or contains(., 'EN'))]' not found)
	at com.kms.katalon.core.keyword.internal.KeywordMain.stepFailed(KeywordMain.groovy:32)
	at com.kms.katalon.core.webui.keyword.internal.WebUIKeywordMain.stepFailed(WebUIKeywordMain.groovy:65)
	at com.kms.katalon.core.webui.keyword.internal.WebUIKeywordMain.runKeyword(WebUIKeywordMain.groovy:27)
	at com.kms.katalon.core.webui.keyword.builtin.ClickKeyword.click(ClickKeyword.groovy:86)
	at com.kms.katalon.core.webui.keyword.builtin.ClickKeyword.execute(ClickKeyword.groovy:67)
	at com.kms.katalon.core.keyword.internal.KeywordExecutor.executeKeywordForPlatform(KeywordExecutor.groovy:53)
	at com.kms.katalon.core.webui.keyword.WebUiBuiltInKeywords.click(WebUiBuiltInKeywords.groovy:604)
	at com.kms.katalon.core.webui.keyword.WebUiBuiltInKeywords$click$8.call(Unknown Source)
	at org.codehaus.groovy.runtime.callsite.CallSiteArray.defaultCall(CallSiteArray.java:48)
	at org.codehaus.groovy.runtime.callsite.AbstractCallSite.call(AbstractCallSite.java:113)
	at org.codehaus.groovy.runtime.callsite.AbstractCallSite.call(AbstractCallSite.java:133)
	at Script1534407542420.run(Script1534407542420.groovy:57)
	at com.kms.katalon.core.main.ScriptEngine.run(ScriptEngine.java:183)
	at com.kms.katalon.core.main.ScriptEngine.runScriptAsRawText(ScriptEngine.java:108)
	at com.kms.katalon.core.main.TestCaseExecutor.runScript(TestCaseExecutor.java:294)
	at com.kms.katalon.core.main.TestCaseExecutor.doExecute(TestCaseExecutor.java:285)
	at com.kms.katalon.core.main.TestCaseExecutor.processExecutionPhase(TestCaseExecutor.java:264)
	at com.kms.katalon.core.main.TestCaseExecutor.accessMainPhase(TestCaseExecutor.java:256)
	at com.kms.katalon.core.main.TestCaseExecutor.execute(TestCaseExecutor.java:200)
	at com.kms.katalon.core.main.TestCaseMain.runTestCase(TestCaseMain.java:99)
	at com.kms.katalon.core.keyword.builtin.CallTestCaseKeyword$_callTestCase_closure1.doCall(CallTestCaseKeyword.groovy:60)
	at com.kms.katalon.core.keyword.builtin.CallTestCaseKeyword$_callTestCase_closure1.call(CallTestCaseKeyword.groovy)
	at com.kms.katalon.core.keyword.internal.KeywordMain.runKeyword(KeywordMain.groovy:54)
	at com.kms.katalon.core.keyword.builtin.CallTestCaseKeyword.callTestCase(CallTestCaseKeyword.groovy:81)
	at com.kms.katalon.core.keyword.builtin.CallTestCaseKeyword.execute(CallTestCaseKeyword.groovy:45)
	at com.kms.katalon.core.keyword.internal.KeywordExecutor.executeKeywordForPlatform(KeywordExecutor.groovy:53)
	at com.kms.katalon.core.keyword.BuiltinKeywords.callTestCase(BuiltinKeywords.groovy:334)
	at sun.reflect.GeneratedMethodAccessor13.invoke(Unknown Source)
	at sun.reflect.DelegatingMethodAccessorImpl.invoke(DelegatingMethodAccessorImpl.java:43)
	at java.lang.reflect.Method.invoke(Method.java:498)
	at org.codehaus.groovy.reflection.CachedMethod.invoke(CachedMethod.java:93)
	at groovy.lang.MetaMethod.doMethodInvoke(MetaMethod.java:325)
	at groovy.lang.MetaClassImpl.invokeStaticMethod(MetaClassImpl.java:1469)
	at org.codehaus.groovy.runtime.callsite.StaticMetaClassSite.call(StaticMetaClassSite.java:53)
	at org.codehaus.groovy.runtime.callsite.CallSiteArray.defaultCall(CallSiteArray.java:48)
	at org.codehaus.groovy.runtime.callsite.AbstractCallSite.call(AbstractCallSite.java:113)
	at org.codehaus.groovy.runtime.callsite.AbstractCallSite.call(AbstractCallSite.java:141)
	at Script1536114876563.run(Script1536114876563.groovy:34)
	at com.kms.katalon.core.main.ScriptEngine.run(ScriptEngine.java:183)
	at com.kms.katalon.core.main.ScriptEngine.runScriptAsRawText(ScriptEngine.java:108)
	at com.kms.katalon.core.main.TestCaseExecutor.runScript(TestCaseExecutor.java:294)
	at com.kms.katalon.core.main.TestCaseExecutor.doExecute(TestCaseExecutor.java:285)
	at com.kms.katalon.core.main.TestCaseExecutor.processExecutionPhase(TestCaseExecutor.java:264)
	at com.kms.katalon.core.main.TestCaseExecutor.accessMainPhase(TestCaseExecutor.java:256)
	at com.kms.katalon.core.main.TestCaseExecutor.execute(TestCaseExecutor.java:200)
	at com.kms.katalon.core.main.TestCaseMain.runTestCase(TestCaseMain.java:99)
	at com.kms.katalon.core.keyword.builtin.CallTestCaseKeyword$_callTestCase_closure1.doCall(CallTestCaseKeyword.groovy:60)
	at com.kms.katalon.core.keyword.builtin.CallTestCaseKeyword$_callTestCase_closure1.call(CallTestCaseKeyword.groovy)
	at com.kms.katalon.core.keyword.internal.KeywordMain.runKeyword(KeywordMain.groovy:54)
	at com.kms.katalon.core.keyword.builtin.CallTestCaseKeyword.callTestCase(CallTestCaseKeyword.groovy:81)
	at com.kms.katalon.core.keyword.builtin.CallTestCaseKeyword.execute(CallTestCaseKeyword.groovy:45)
	at com.kms.katalon.core.keyword.internal.KeywordExecutor.executeKeywordForPlatform(KeywordExecutor.groovy:53)
	at com.kms.katalon.core.keyword.BuiltinKeywords.callTestCase(BuiltinKeywords.groovy:334)
	at sun.reflect.GeneratedMethodAccessor13.invoke(Unknown Source)
	at sun.reflect.DelegatingMethodAccessorImpl.invoke(DelegatingMethodAccessorImpl.java:43)
	at java.lang.reflect.Method.invoke(Method.java:498)
	at org.codehaus.groovy.reflection.CachedMethod.invoke(CachedMethod.java:93)
	at groovy.lang.MetaMethod.doMethodInvoke(MetaMethod.java:325)
	at groovy.lang.MetaClassImpl.invokeStaticMethod(MetaClassImpl.java:1469)
	at org.codehaus.groovy.runtime.callsite.StaticMetaClassSite.call(StaticMetaClassSite.java:53)
	at org.codehaus.groovy.runtime.callsite.CallSiteArray.defaultCall(CallSiteArray.java:48)
	at org.codehaus.groovy.runtime.callsite.AbstractCallSite.call(AbstractCallSite.java:113)
	at org.codehaus.groovy.runtime.callsite.AbstractCallSite.call(AbstractCallSite.java:141)
	at Script1536733709462.run(Script1536733709462.groovy:25)
	at com.kms.katalon.core.main.ScriptEngine.run(ScriptEngine.java:183)
	at com.kms.katalon.core.main.ScriptEngine.runScriptAsRawText(ScriptEngine.java:108)
	at com.kms.katalon.core.main.TestCaseExecutor.runScript(TestCaseExecutor.java:294)
	at com.kms.katalon.core.main.TestCaseExecutor.doExecute(TestCaseExecutor.java:285)
	at com.kms.katalon.core.main.TestCaseExecutor.processExecutionPhase(TestCaseExecutor.java:264)
	at com.kms.katalon.core.main.TestCaseExecutor.accessMainPhase(TestCaseExecutor.java:256)
	at com.kms.katalon.core.main.TestCaseExecutor.execute(TestCaseExecutor.java:200)
	at com.kms.katalon.core.main.TestSuiteExecutor.accessTestCaseMainPhase(TestSuiteExecutor.java:129)
	at com.kms.katalon.core.main.TestSuiteExecutor.accessTestSuiteMainPhase(TestSuiteExecutor.java:112)
	at com.kms.katalon.core.main.TestSuiteExecutor.execute(TestSuiteExecutor.java:81)
	at com.kms.katalon.core.main.TestCaseMain.startTestSuite(TestCaseMain.java:142)
	at com.kms.katalon.core.main.TestCaseMain$startTestSuite$0.call(Unknown Source)
	at org.codehaus.groovy.runtime.callsite.CallSiteArray.defaultCall(CallSiteArray.java:48)
	at org.codehaus.groovy.runtime.callsite.AbstractCallSite.call(AbstractCallSite.java:113)
	at org.codehaus.groovy.runtime.callsite.AbstractCallSite.call(AbstractCallSite.java:141)
	at TempTestSuite1539973930605.run(TempTestSuite1539973930605.groovy:36)
	at groovy.lang.GroovyShell.runScriptOrMainOrTestOrRunnable(GroovyShell.java:263)
	at groovy.lang.GroovyShell.run(GroovyShell.java:518)
	at groovy.lang.GroovyShell.run(GroovyShell.java:507)
	at groovy.ui.GroovyMain.processOnce(GroovyMain.java:653)
	at groovy.ui.GroovyMain.run(GroovyMain.java:384)
	at groovy.ui.GroovyMain.process(GroovyMain.java:370)
	at groovy.ui.GroovyMain.processArgs(GroovyMain.java:129)
	at groovy.ui.GroovyMain.main(GroovyMain.java:109)
	at sun.reflect.NativeMethodAccessorImpl.invoke0(Native Method)
	at sun.reflect.NativeMethodAccessorImpl.invoke(NativeMethodAccessorImpl.java:62)
	at sun.reflect.DelegatingMethodAccessorImpl.invoke(DelegatingMethodAccessorImpl.java:43)
	at java.lang.reflect.Method.invoke(Method.java:498)
	at org.codehaus.groovy.tools.GroovyStarter.rootLoader(GroovyStarter.java:109)
	at org.codehaus.groovy.tools.GroovyStarter.main(GroovyStarter.java:131)
)]]></system-err>
      </testcase>
      <testcase name="Test Cases/Final Aug 2018 - PKS Automation/Registration Module/Workflow/Form 3 EIS - Cessation As Employer/Employer to UO (Reject) " classname="Test Cases/Final Aug 2018 - PKS Automation/Registration Module/Workflow/Form 3 EIS - Cessation As Employer/Employer to UO (Reject) " status="ERROR">
         <error type="ERROR" message="Test Cases/Final Aug 2018 - PKS Automation/Registration Module/Workflow/Form 3 EIS - Cessation As Employer/Employer to UO (Reject)  has ERROR(s) because (of) java.io.FileNotFoundException: File '' does not exist"/>
         <system-out><![CDATA[2018-10-20 08:44:19 - [TEST_CASE][ERROR] - Test Cases/Final Aug 2018 - PKS Automation/Registration Module/Workflow/Form 3 EIS - Cessation As Employer/Employer to UO (Reject) : Test Cases/Final Aug 2018 - PKS Automation/Registration Module/Workflow/Form 3 EIS - Cessation As Employer/Employer to UO (Reject)  has ERROR(s) because (of) java.io.FileNotFoundException: File '' does not exist]]></system-out>
         <system-err><![CDATA[2018-10-20 08:44:19 - [TEST_CASE][ERROR] - Test Cases/Final Aug 2018 - PKS Automation/Registration Module/Workflow/Form 3 EIS - Cessation As Employer/Employer to UO (Reject) : Test Cases/Final Aug 2018 - PKS Automation/Registration Module/Workflow/Form 3 EIS - Cessation As Employer/Employer to UO (Reject)  has ERROR(s) because (of) java.io.FileNotFoundException: File '' does not exist]]></system-err>
      </testcase>
      <testcase name="Test Cases/Final Aug 2018 - PKS Automation/Registration Module/Workflow/Form 3 EIS - Cessation As Employer/Employer to UO (Under enforcement)" classname="Test Cases/Final Aug 2018 - PKS Automation/Registration Module/Workflow/Form 3 EIS - Cessation As Employer/Employer to UO (Under enforcement)" status="FAILED">
         <failure type="FAILED" message="(Stack trace: com.kms.katalon.core.exception.StepFailedException: Unable to click on object 'Object Repository/Final Object Repo/Landing Page/Select to English' (Root cause: com.kms.katalon.core.webui.exception.WebElementNotFoundException: Web element with id: 'Object Repository/Final Object Repo/Landing Page/Select to English' located by 'By.xpath: //a[@class = 'taglib-language-list-text' and @lang = 'en-US' and (contains(text(), 'EN') or contains(., 'EN'))]' not found)
	at com.kms.katalon.core.keyword.internal.KeywordMain.stepFailed(KeywordMain.groovy:32)
	at com.kms.katalon.core.webui.keyword.internal.WebUIKeywordMain.stepFailed(WebUIKeywordMain.groovy:65)
	at com.kms.katalon.core.webui.keyword.internal.WebUIKeywordMain.runKeyword(WebUIKeywordMain.groovy:27)
	at com.kms.katalon.core.webui.keyword.builtin.ClickKeyword.click(ClickKeyword.groovy:86)
	at com.kms.katalon.core.webui.keyword.builtin.ClickKeyword.execute(ClickKeyword.groovy:67)
	at com.kms.katalon.core.keyword.internal.KeywordExecutor.executeKeywordForPlatform(KeywordExecutor.groovy:53)
	at com.kms.katalon.core.webui.keyword.WebUiBuiltInKeywords.click(WebUiBuiltInKeywords.groovy:604)
	at com.kms.katalon.core.webui.keyword.WebUiBuiltInKeywords$click$8.call(Unknown Source)
	at Script1534407542420.run(Script1534407542420.groovy:57)
	at com.kms.katalon.core.main.ScriptEngine.run(ScriptEngine.java:183)
	at com.kms.katalon.core.main.ScriptEngine.runScriptAsRawText(ScriptEngine.java:108)
	at com.kms.katalon.core.main.TestCaseExecutor.runScript(TestCaseExecutor.java:294)
	at com.kms.katalon.core.main.TestCaseExecutor.doExecute(TestCaseExecutor.java:285)
	at com.kms.katalon.core.main.TestCaseExecutor.processExecutionPhase(TestCaseExecutor.java:264)
	at com.kms.katalon.core.main.TestCaseExecutor.accessMainPhase(TestCaseExecutor.java:256)
	at com.kms.katalon.core.main.TestCaseExecutor.execute(TestCaseExecutor.java:200)
	at com.kms.katalon.core.main.TestCaseMain.runTestCase(TestCaseMain.java:99)
	at com.kms.katalon.core.keyword.builtin.CallTestCaseKeyword$_callTestCase_closure1.doCall(CallTestCaseKeyword.groovy:60)
	at com.kms.katalon.core.keyword.builtin.CallTestCaseKeyword$_callTestCase_closure1.call(CallTestCaseKeyword.groovy)
	at com.kms.katalon.core.keyword.internal.KeywordMain.runKeyword(KeywordMain.groovy:54)
	at com.kms.katalon.core.keyword.builtin.CallTestCaseKeyword.callTestCase(CallTestCaseKeyword.groovy:81)
	at com.kms.katalon.core.keyword.builtin.CallTestCaseKeyword.execute(CallTestCaseKeyword.groovy:45)
	at com.kms.katalon.core.keyword.internal.KeywordExecutor.executeKeywordForPlatform(KeywordExecutor.groovy:53)
	at com.kms.katalon.core.keyword.BuiltinKeywords.callTestCase(BuiltinKeywords.groovy:334)
	at sun.reflect.GeneratedMethodAccessor13.invoke(Unknown Source)
	at sun.reflect.DelegatingMethodAccessorImpl.invoke(DelegatingMethodAccessorImpl.java:43)
	at java.lang.reflect.Method.invoke(Method.java:498)
	at org.codehaus.groovy.reflection.CachedMethod.invoke(CachedMethod.java:93)
	at groovy.lang.MetaMethod.doMethodInvoke(MetaMethod.java:325)
	at groovy.lang.MetaClassImpl.invokeStaticMethod(MetaClassImpl.java:1469)
	at org.codehaus.groovy.runtime.callsite.StaticMetaClassSite.call(StaticMetaClassSite.java:53)
	at org.codehaus.groovy.runtime.callsite.CallSiteArray.defaultCall(CallSiteArray.java:48)
	at org.codehaus.groovy.runtime.callsite.AbstractCallSite.call(AbstractCallSite.java:113)
	at org.codehaus.groovy.runtime.callsite.AbstractCallSite.call(AbstractCallSite.java:141)
	at Script1536113546450.run(Script1536113546450.groovy:34)
	at com.kms.katalon.core.main.ScriptEngine.run(ScriptEngine.java:183)
	at com.kms.katalon.core.main.ScriptEngine.runScriptAsRawText(ScriptEngine.java:108)
	at com.kms.katalon.core.main.TestCaseExecutor.runScript(TestCaseExecutor.java:294)
	at com.kms.katalon.core.main.TestCaseExecutor.doExecute(TestCaseExecutor.java:285)
	at com.kms.katalon.core.main.TestCaseExecutor.processExecutionPhase(TestCaseExecutor.java:264)
	at com.kms.katalon.core.main.TestCaseExecutor.accessMainPhase(TestCaseExecutor.java:256)
	at com.kms.katalon.core.main.TestCaseExecutor.execute(TestCaseExecutor.java:200)
	at com.kms.katalon.core.main.TestCaseMain.runTestCase(TestCaseMain.java:99)
	at com.kms.katalon.core.keyword.builtin.CallTestCaseKeyword$_callTestCase_closure1.doCall(CallTestCaseKeyword.groovy:60)
	at com.kms.katalon.core.keyword.builtin.CallTestCaseKeyword$_callTestCase_closure1.call(CallTestCaseKeyword.groovy)
	at com.kms.katalon.core.keyword.internal.KeywordMain.runKeyword(KeywordMain.groovy:54)
	at com.kms.katalon.core.keyword.builtin.CallTestCaseKeyword.callTestCase(CallTestCaseKeyword.groovy:81)
	at com.kms.katalon.core.keyword.builtin.CallTestCaseKeyword.execute(CallTestCaseKeyword.groovy:45)
	at com.kms.katalon.core.keyword.internal.KeywordExecutor.executeKeywordForPlatform(KeywordExecutor.groovy:53)
	at com.kms.katalon.core.keyword.BuiltinKeywords.callTestCase(BuiltinKeywords.groovy:334)
	at sun.reflect.GeneratedMethodAccessor13.invoke(Unknown Source)
	at sun.reflect.DelegatingMethodAccessorImpl.invoke(DelegatingMethodAccessorImpl.java:43)
	at java.lang.reflect.Method.invoke(Method.java:498)
	at org.codehaus.groovy.reflection.CachedMethod.invoke(CachedMethod.java:93)
	at groovy.lang.MetaMethod.doMethodInvoke(MetaMethod.java:325)
	at groovy.lang.MetaClassImpl.invokeStaticMethod(MetaClassImpl.java:1469)
	at org.codehaus.groovy.runtime.callsite.StaticMetaClassSite.call(StaticMetaClassSite.java:53)
	at org.codehaus.groovy.runtime.callsite.CallSiteArray.defaultCall(CallSiteArray.java:48)
	at org.codehaus.groovy.runtime.callsite.AbstractCallSite.call(AbstractCallSite.java:113)
	at org.codehaus.groovy.runtime.callsite.AbstractCallSite.call(AbstractCallSite.java:141)
	at Script1536733775156.run(Script1536733775156.groovy:25)
	at com.kms.katalon.core.main.ScriptEngine.run(ScriptEngine.java:183)
	at com.kms.katalon.core.main.ScriptEngine.runScriptAsRawText(ScriptEngine.java:108)
	at com.kms.katalon.core.main.TestCaseExecutor.runScript(TestCaseExecutor.java:294)
	at com.kms.katalon.core.main.TestCaseExecutor.doExecute(TestCaseExecutor.java:285)
	at com.kms.katalon.core.main.TestCaseExecutor.processExecutionPhase(TestCaseExecutor.java:264)
	at com.kms.katalon.core.main.TestCaseExecutor.accessMainPhase(TestCaseExecutor.java:256)
	at com.kms.katalon.core.main.TestCaseExecutor.execute(TestCaseExecutor.java:200)
	at com.kms.katalon.core.main.TestSuiteExecutor.accessTestCaseMainPhase(TestSuiteExecutor.java:129)
	at com.kms.katalon.core.main.TestSuiteExecutor.accessTestSuiteMainPhase(TestSuiteExecutor.java:112)
	at com.kms.katalon.core.main.TestSuiteExecutor.execute(TestSuiteExecutor.java:81)
	at com.kms.katalon.core.main.TestCaseMain.startTestSuite(TestCaseMain.java:142)
	at com.kms.katalon.core.main.TestCaseMain$startTestSuite$0.call(Unknown Source)
	at org.codehaus.groovy.runtime.callsite.CallSiteArray.defaultCall(CallSiteArray.java:48)
	at org.codehaus.groovy.runtime.callsite.AbstractCallSite.call(AbstractCallSite.java:113)
	at org.codehaus.groovy.runtime.callsite.AbstractCallSite.call(AbstractCallSite.java:141)
	at TempTestSuite1539973930605.run(TempTestSuite1539973930605.groovy:36)
	at groovy.lang.GroovyShell.runScriptOrMainOrTestOrRunnable(GroovyShell.java:263)
	at groovy.lang.GroovyShell.run(GroovyShell.java:518)
	at groovy.lang.GroovyShell.run(GroovyShell.java:507)
	at groovy.ui.GroovyMain.processOnce(GroovyMain.java:653)
	at groovy.ui.GroovyMain.run(GroovyMain.java:384)
	at groovy.ui.GroovyMain.process(GroovyMain.java:370)
	at groovy.ui.GroovyMain.processArgs(GroovyMain.java:129)
	at groovy.ui.GroovyMain.main(GroovyMain.java:109)
	at sun.reflect.NativeMethodAccessorImpl.invoke0(Native Method)
	at sun.reflect.NativeMethodAccessorImpl.invoke(NativeMethodAccessorImpl.java:62)
	at sun.reflect.DelegatingMethodAccessorImpl.invoke(DelegatingMethodAccessorImpl.java:43)
	at java.lang.reflect.Method.invoke(Method.java:498)
	at org.codehaus.groovy.tools.GroovyStarter.rootLoader(GroovyStarter.java:109)
	at org.codehaus.groovy.tools.GroovyStarter.main(GroovyStarter.java:131)
)"/>
         <system-out><![CDATA[2018-10-20 08:44:19 - [TEST_CASE][FAILED] - Test Cases/Final Aug 2018 - PKS Automation/Registration Module/Workflow/Form 3 EIS - Cessation As Employer/Employer to UO (Under enforcement): Test Cases/Final Aug 2018 - PKS Automation/Registration Module/Workflow/Form 3 EIS - Cessation As Employer/Employer to UO (Under enforcement) FAILED because (of) (Stack trace: com.kms.katalon.core.exception.StepFailedException: Unable to click on object 'Object Repository/Final Object Repo/Landing Page/Select to English' (Root cause: com.kms.katalon.core.webui.exception.WebElementNotFoundException: Web element with id: 'Object Repository/Final Object Repo/Landing Page/Select to English' located by 'By.xpath: //a[@class = 'taglib-language-list-text' and @lang = 'en-US' and (contains(text(), 'EN') or contains(., 'EN'))]' not found)
	at com.kms.katalon.core.keyword.internal.KeywordMain.stepFailed(KeywordMain.groovy:32)
	at com.kms.katalon.core.webui.keyword.internal.WebUIKeywordMain.stepFailed(WebUIKeywordMain.groovy:65)
	at com.kms.katalon.core.webui.keyword.internal.WebUIKeywordMain.runKeyword(WebUIKeywordMain.groovy:27)
	at com.kms.katalon.core.webui.keyword.builtin.ClickKeyword.click(ClickKeyword.groovy:86)
	at com.kms.katalon.core.webui.keyword.builtin.ClickKeyword.execute(ClickKeyword.groovy:67)
	at com.kms.katalon.core.keyword.internal.KeywordExecutor.executeKeywordForPlatform(KeywordExecutor.groovy:53)
	at com.kms.katalon.core.webui.keyword.WebUiBuiltInKeywords.click(WebUiBuiltInKeywords.groovy:604)
	at com.kms.katalon.core.webui.keyword.WebUiBuiltInKeywords$click$8.call(Unknown Source)
	at Script1534407542420.run(Script1534407542420.groovy:57)
	at com.kms.katalon.core.main.ScriptEngine.run(ScriptEngine.java:183)
	at com.kms.katalon.core.main.ScriptEngine.runScriptAsRawText(ScriptEngine.java:108)
	at com.kms.katalon.core.main.TestCaseExecutor.runScript(TestCaseExecutor.java:294)
	at com.kms.katalon.core.main.TestCaseExecutor.doExecute(TestCaseExecutor.java:285)
	at com.kms.katalon.core.main.TestCaseExecutor.processExecutionPhase(TestCaseExecutor.java:264)
	at com.kms.katalon.core.main.TestCaseExecutor.accessMainPhase(TestCaseExecutor.java:256)
	at com.kms.katalon.core.main.TestCaseExecutor.execute(TestCaseExecutor.java:200)
	at com.kms.katalon.core.main.TestCaseMain.runTestCase(TestCaseMain.java:99)
	at com.kms.katalon.core.keyword.builtin.CallTestCaseKeyword$_callTestCase_closure1.doCall(CallTestCaseKeyword.groovy:60)
	at com.kms.katalon.core.keyword.builtin.CallTestCaseKeyword$_callTestCase_closure1.call(CallTestCaseKeyword.groovy)
	at com.kms.katalon.core.keyword.internal.KeywordMain.runKeyword(KeywordMain.groovy:54)
	at com.kms.katalon.core.keyword.builtin.CallTestCaseKeyword.callTestCase(CallTestCaseKeyword.groovy:81)
	at com.kms.katalon.core.keyword.builtin.CallTestCaseKeyword.execute(CallTestCaseKeyword.groovy:45)
	at com.kms.katalon.core.keyword.internal.KeywordExecutor.executeKeywordForPlatform(KeywordExecutor.groovy:53)
	at com.kms.katalon.core.keyword.BuiltinKeywords.callTestCase(BuiltinKeywords.groovy:334)
	at sun.reflect.GeneratedMethodAccessor13.invoke(Unknown Source)
	at sun.reflect.DelegatingMethodAccessorImpl.invoke(DelegatingMethodAccessorImpl.java:43)
	at java.lang.reflect.Method.invoke(Method.java:498)
	at org.codehaus.groovy.reflection.CachedMethod.invoke(CachedMethod.java:93)
	at groovy.lang.MetaMethod.doMethodInvoke(MetaMethod.java:325)
	at groovy.lang.MetaClassImpl.invokeStaticMethod(MetaClassImpl.java:1469)
	at org.codehaus.groovy.runtime.callsite.StaticMetaClassSite.call(StaticMetaClassSite.java:53)
	at org.codehaus.groovy.runtime.callsite.CallSiteArray.defaultCall(CallSiteArray.java:48)
	at org.codehaus.groovy.runtime.callsite.AbstractCallSite.call(AbstractCallSite.java:113)
	at org.codehaus.groovy.runtime.callsite.AbstractCallSite.call(AbstractCallSite.java:141)
	at Script1536113546450.run(Script1536113546450.groovy:34)
	at com.kms.katalon.core.main.ScriptEngine.run(ScriptEngine.java:183)
	at com.kms.katalon.core.main.ScriptEngine.runScriptAsRawText(ScriptEngine.java:108)
	at com.kms.katalon.core.main.TestCaseExecutor.runScript(TestCaseExecutor.java:294)
	at com.kms.katalon.core.main.TestCaseExecutor.doExecute(TestCaseExecutor.java:285)
	at com.kms.katalon.core.main.TestCaseExecutor.processExecutionPhase(TestCaseExecutor.java:264)
	at com.kms.katalon.core.main.TestCaseExecutor.accessMainPhase(TestCaseExecutor.java:256)
	at com.kms.katalon.core.main.TestCaseExecutor.execute(TestCaseExecutor.java:200)
	at com.kms.katalon.core.main.TestCaseMain.runTestCase(TestCaseMain.java:99)
	at com.kms.katalon.core.keyword.builtin.CallTestCaseKeyword$_callTestCase_closure1.doCall(CallTestCaseKeyword.groovy:60)
	at com.kms.katalon.core.keyword.builtin.CallTestCaseKeyword$_callTestCase_closure1.call(CallTestCaseKeyword.groovy)
	at com.kms.katalon.core.keyword.internal.KeywordMain.runKeyword(KeywordMain.groovy:54)
	at com.kms.katalon.core.keyword.builtin.CallTestCaseKeyword.callTestCase(CallTestCaseKeyword.groovy:81)
	at com.kms.katalon.core.keyword.builtin.CallTestCaseKeyword.execute(CallTestCaseKeyword.groovy:45)
	at com.kms.katalon.core.keyword.internal.KeywordExecutor.executeKeywordForPlatform(KeywordExecutor.groovy:53)
	at com.kms.katalon.core.keyword.BuiltinKeywords.callTestCase(BuiltinKeywords.groovy:334)
	at sun.reflect.GeneratedMethodAccessor13.invoke(Unknown Source)
	at sun.reflect.DelegatingMethodAccessorImpl.invoke(DelegatingMethodAccessorImpl.java:43)
	at java.lang.reflect.Method.invoke(Method.java:498)
	at org.codehaus.groovy.reflection.CachedMethod.invoke(CachedMethod.java:93)
	at groovy.lang.MetaMethod.doMethodInvoke(MetaMethod.java:325)
	at groovy.lang.MetaClassImpl.invokeStaticMethod(MetaClassImpl.java:1469)
	at org.codehaus.groovy.runtime.callsite.StaticMetaClassSite.call(StaticMetaClassSite.java:53)
	at org.codehaus.groovy.runtime.callsite.CallSiteArray.defaultCall(CallSiteArray.java:48)
	at org.codehaus.groovy.runtime.callsite.AbstractCallSite.call(AbstractCallSite.java:113)
	at org.codehaus.groovy.runtime.callsite.AbstractCallSite.call(AbstractCallSite.java:141)
	at Script1536733775156.run(Script1536733775156.groovy:25)
	at com.kms.katalon.core.main.ScriptEngine.run(ScriptEngine.java:183)
	at com.kms.katalon.core.main.ScriptEngine.runScriptAsRawText(ScriptEngine.java:108)
	at com.kms.katalon.core.main.TestCaseExecutor.runScript(TestCaseExecutor.java:294)
	at com.kms.katalon.core.main.TestCaseExecutor.doExecute(TestCaseExecutor.java:285)
	at com.kms.katalon.core.main.TestCaseExecutor.processExecutionPhase(TestCaseExecutor.java:264)
	at com.kms.katalon.core.main.TestCaseExecutor.accessMainPhase(TestCaseExecutor.java:256)
	at com.kms.katalon.core.main.TestCaseExecutor.execute(TestCaseExecutor.java:200)
	at com.kms.katalon.core.main.TestSuiteExecutor.accessTestCaseMainPhase(TestSuiteExecutor.java:129)
	at com.kms.katalon.core.main.TestSuiteExecutor.accessTestSuiteMainPhase(TestSuiteExecutor.java:112)
	at com.kms.katalon.core.main.TestSuiteExecutor.execute(TestSuiteExecutor.java:81)
	at com.kms.katalon.core.main.TestCaseMain.startTestSuite(TestCaseMain.java:142)
	at com.kms.katalon.core.main.TestCaseMain$startTestSuite$0.call(Unknown Source)
	at org.codehaus.groovy.runtime.callsite.CallSiteArray.defaultCall(CallSiteArray.java:48)
	at org.codehaus.groovy.runtime.callsite.AbstractCallSite.call(AbstractCallSite.java:113)
	at org.codehaus.groovy.runtime.callsite.AbstractCallSite.call(AbstractCallSite.java:141)
	at TempTestSuite1539973930605.run(TempTestSuite1539973930605.groovy:36)
	at groovy.lang.GroovyShell.runScriptOrMainOrTestOrRunnable(GroovyShell.java:263)
	at groovy.lang.GroovyShell.run(GroovyShell.java:518)
	at groovy.lang.GroovyShell.run(GroovyShell.java:507)
	at groovy.ui.GroovyMain.processOnce(GroovyMain.java:653)
	at groovy.ui.GroovyMain.run(GroovyMain.java:384)
	at groovy.ui.GroovyMain.process(GroovyMain.java:370)
	at groovy.ui.GroovyMain.processArgs(GroovyMain.java:129)
	at groovy.ui.GroovyMain.main(GroovyMain.java:109)
	at sun.reflect.NativeMethodAccessorImpl.invoke0(Native Method)
	at sun.reflect.NativeMethodAccessorImpl.invoke(NativeMethodAccessorImpl.java:62)
	at sun.reflect.DelegatingMethodAccessorImpl.invoke(DelegatingMethodAccessorImpl.java:43)
	at java.lang.reflect.Method.invoke(Method.java:498)
	at org.codehaus.groovy.tools.GroovyStarter.rootLoader(GroovyStarter.java:109)
	at org.codehaus.groovy.tools.GroovyStarter.main(GroovyStarter.java:131)
)

2018-10-20 08:44:19 - [TEST_STEP][PASSED] - callTestCase: Call Test Case 'Test Cases/Final Aug 2018 - PKS Automation/Registration Module/Workflow/Form 3 EIS - Cessation As Employer/Template/Form 3 A - Cessation As Employer (OTC)' successfully

2018-10-20 08:44:19 - [TEST_CASE][PASSED] - Test Cases/Final Aug 2018 - PKS Automation/Registration Module/Workflow/Form 3 EIS - Cessation As Employer/Template/Form 3 A - Cessation As Employer (OTC): Test Cases/Final Aug 2018 - PKS Automation/Registration Module/Workflow/Form 3 EIS - Cessation As Employer/Template/Form 3 A - Cessation As Employer (OTC)

2018-10-20 08:44:19 - [TEST_STEP][PASSED] - openBrowser: Browser is opened with url: ''

2018-10-20 08:44:19 - [MESSAGE][WARNING] - A browser is already opened. Closing browser and opening a new one

2018-10-20 08:44:23 - [MESSAGE][PASSED] - Browser is opened with url: ''

2018-10-20 08:44:23 - [TEST_STEP][PASSED] - navigateToUrl: Navigate to 'https://assist2-uat.perkeso.gov.my/login' successfully

2018-10-20 08:44:35 - [MESSAGE][PASSED] - Navigate to 'https://assist2-uat.perkeso.gov.my/login' successfully

2018-10-20 08:44:35 - [TEST_STEP][PASSED] - setText: Text 'johorotc1@gmail.com' is set on object 'Object Repository/Final Object Repo/Login Page/Internal User/Email Address'

2018-10-20 08:44:35 - [MESSAGE][PASSED] - Text 'johorotc1@gmail.com' is set on object 'Object Repository/Final Object Repo/Login Page/Internal User/Email Address'

2018-10-20 08:44:35 - [TEST_STEP][PASSED] - click: Object: 'Object Repository/Final Object Repo/Login Page/Internal User/Next Button' is clicked on

2018-10-20 08:44:35 - [MESSAGE][PASSED] - Object: 'Object Repository/Final Object Repo/Login Page/Internal User/Next Button' is clicked on

2018-10-20 08:44:35 - [TEST_STEP][PASSED] - delay: Delayed 1 second(s)

2018-10-20 08:44:36 - [MESSAGE][PASSED] - Delayed 1 second(s)

2018-10-20 08:44:36 - [TEST_STEP][PASSED] - setEncryptedText: Text ****** has been set on object 'Object Repository/Final Object Repo/Login Page/Internal User/Password'

2018-10-20 08:44:36 - [MESSAGE][PASSED] - Text ****** has been set on object 'Object Repository/Final Object Repo/Login Page/Internal User/Password'

2018-10-20 08:44:36 - [TEST_STEP][PASSED] - click: Object: 'Object Repository/Final Object Repo/Login Page/Internal User/Login Button' is clicked on

2018-10-20 08:44:36 - [MESSAGE][PASSED] - Object: 'Object Repository/Final Object Repo/Login Page/Internal User/Login Button' is clicked on

2018-10-20 08:44:36 - [TEST_STEP][PASSED] - delay: Delayed 1 second(s)

2018-10-20 08:44:37 - [MESSAGE][PASSED] - Delayed 1 second(s)

2018-10-20 08:44:37 - [TEST_STEP][PASSED] - Statement - Try: Delayed 2 second(s)

2018-10-20 08:44:37 - [TEST_STEP][PASSED] - Statement - Checker = false: null

2018-10-20 08:44:37 - [TEST_STEP][PASSED] - Statement - Checker = com.kms.katalon.core.webui.keyword.WebUiBuiltInKeywords.verifyElementHasAttribute(com.kms.katalon.core.testobject.ObjectRepository.findTestObject(Final Object Repo/Landing Page/BM Detecting), "href", 20, OPTIONAL): Object 'Object Repository/Final Object Repo/Landing Page/BM Detecting' has attribute 'href'

2018-10-20 08:44:39 - [MESSAGE][PASSED] - Object 'Object Repository/Final Object Repo/Landing Page/BM Detecting' has attribute 'href'

2018-10-20 08:44:39 - [TEST_STEP][PASSED] - Statement - out.println(Checker): null

2018-10-20 08:44:39 - [TEST_STEP][PASSED] - Statement - If (Checker == false): null

2018-10-20 08:44:39 - [TEST_STEP][PASSED] - Statement - Else: null

2018-10-20 08:44:39 - [TEST_STEP][PASSED] - delay: Delayed 2 second(s)

2018-10-20 08:44:41 - [MESSAGE][PASSED] - Delayed 2 second(s)

2018-10-20 08:44:41 - [TEST_STEP][PASSED] - navigateToUrl: Navigate to 'https://assist2-uat.perkeso.gov.my/web/registration/eis-update/form-3-eis-cessation-as-employer' successfully

2018-10-20 08:44:42 - [MESSAGE][PASSED] - Navigate to 'https://assist2-uat.perkeso.gov.my/web/registration/eis-update/form-3-eis-cessation-as-employer' successfully

2018-10-20 08:44:42 - [TEST_STEP][PASSED] - delay: Delayed 1 second(s)

2018-10-20 08:44:43 - [MESSAGE][PASSED] - Delayed 1 second(s)

2018-10-20 08:44:43 - [TEST_STEP][PASSED] - setText: Text 'E1102069769W' is set on object 'Object Repository/Final Object Repo/Page_Form 3 EIS - Cessation as Employer/Employer Code'

2018-10-20 08:44:44 - [MESSAGE][PASSED] - Text 'E1102069769W' is set on object 'Object Repository/Final Object Repo/Page_Form 3 EIS - Cessation as Employer/Employer Code'

2018-10-20 08:44:44 - [TEST_STEP][PASSED] - click: Object: 'Object Repository/Final Object Repo/Page_Form 3 EIS - Cessation as Employer/Search' is clicked on

2018-10-20 08:44:44 - [MESSAGE][PASSED] - Object: 'Object Repository/Final Object Repo/Page_Form 3 EIS - Cessation as Employer/Search' is clicked on

2018-10-20 08:44:44 - [TEST_STEP][PASSED] - click: Object: 'Object Repository/Final Object Repo/Page_Form 3 EIS - Cessation as Employer/Edit' is clicked on

2018-10-20 08:44:46 - [MESSAGE][PASSED] - Object: 'Object Repository/Final Object Repo/Page_Form 3 EIS - Cessation as Employer/Edit' is clicked on

2018-10-20 08:44:46 - [TEST_STEP][PASSED] - delay: Delayed 1 second(s)

2018-10-20 08:44:47 - [MESSAGE][PASSED] - Delayed 1 second(s)

2018-10-20 08:44:47 - [TEST_STEP][PASSED] - Statement - abc = com.kms.katalon.core.webui.keyword.WebUiBuiltInKeywords.getAttribute(com.kms.katalon.core.testobject.ObjectRepository.findTestObject(Final Object Repo/Page_Form 3 EIS - Cessation as Employer/Employer Status), "value"): Attribute 'value' of object 'Object Repository/Final Object Repo/Page_Form 3 EIS - Cessation as Employer/Employer Status' is: 'Active'

2018-10-20 08:44:47 - [MESSAGE][PASSED] - Attribute 'value' of object 'Object Repository/Final Object Repo/Page_Form 3 EIS - Cessation as Employer/Employer Status' is: 'Active'

2018-10-20 08:44:47 - [TEST_STEP][PASSED] - Statement - out.println(abc): null

2018-10-20 08:44:47 - [TEST_STEP][PASSED] - Statement - If (abc == "Active"): Object: 'Object Repository/Final Object Repo/Page_Form 3 EIS - Cessation as Employer/Dormant EIS' is clicked on

2018-10-20 08:44:47 - [TEST_STEP][PASSED] - click: Object: 'Object Repository/Final Object Repo/Page_Form 3 EIS - Cessation as Employer/Change Employer Status to' is clicked on

2018-10-20 08:44:47 - [MESSAGE][PASSED] - Object: 'Object Repository/Final Object Repo/Page_Form 3 EIS - Cessation as Employer/Change Employer Status to' is clicked on

2018-10-20 08:44:47 - [TEST_STEP][PASSED] - click: Object: 'Object Repository/Final Object Repo/Page_Form 3 EIS - Cessation as Employer/Dormant EIS' is clicked on

2018-10-20 08:44:48 - [MESSAGE][PASSED] - Object: 'Object Repository/Final Object Repo/Page_Form 3 EIS - Cessation as Employer/Dormant EIS' is clicked on

2018-10-20 08:44:48 - [TEST_STEP][PASSED] - click: Object: 'Object Repository/Final Object Repo/Page_Form 3 EIS - Cessation as Employer/Calender' is clicked on

2018-10-20 08:44:48 - [MESSAGE][PASSED] - Object: 'Object Repository/Final Object Repo/Page_Form 3 EIS - Cessation as Employer/Calender' is clicked on

2018-10-20 08:44:48 - [TEST_STEP][PASSED] - delay: Delayed 1 second(s)

2018-10-20 08:44:49 - [MESSAGE][PASSED] - Delayed 1 second(s)

2018-10-20 08:44:49 - [TEST_STEP][PASSED] - click: Object: 'Object Repository/Final Object Repo/Page_Form 3 EIS - Cessation as Employer/Calender - Date' is clicked on

2018-10-20 08:44:49 - [MESSAGE][PASSED] - Object: 'Object Repository/Final Object Repo/Page_Form 3 EIS - Cessation as Employer/Calender - Date' is clicked on

2018-10-20 08:44:49 - [TEST_STEP][PASSED] - click: Object: 'Object Repository/Final Object Repo/Page_Form 3 EIS - Cessation as Employer/Save  Continue in Form 3 EIS Page' is clicked on

2018-10-20 08:44:49 - [MESSAGE][PASSED] - Object: 'Object Repository/Final Object Repo/Page_Form 3 EIS - Cessation as Employer/Save  Continue in Form 3 EIS Page' is clicked on

2018-10-20 08:44:49 - [TEST_STEP][PASSED] - delay: Delayed 1 second(s)

2018-10-20 08:44:50 - [MESSAGE][PASSED] - Delayed 1 second(s)

2018-10-20 08:44:50 - [TEST_STEP][PASSED] - click: Object: 'Object Repository/Final Object Repo/Page_Form 3 EIS - Cessation as Employer/Employment Resign Date' is clicked on

2018-10-20 08:44:51 - [MESSAGE][PASSED] - Object: 'Object Repository/Final Object Repo/Page_Form 3 EIS - Cessation as Employer/Employment Resign Date' is clicked on

2018-10-20 08:44:51 - [TEST_STEP][PASSED] - selectOptionByValue: All options with value '2018' are selected in object 'Object Repository/Final Object Repo/Page_Form 3 EIS - Cessation as Employer/Employment Resign Date - Year' 

2018-10-20 08:44:51 - [MESSAGE][PASSED] - All options with value '2018' are selected in object 'Object Repository/Final Object Repo/Page_Form 3 EIS - Cessation as Employer/Employment Resign Date - Year' 

2018-10-20 08:44:51 - [TEST_STEP][PASSED] - delay: Delayed 2 second(s)

2018-10-20 08:44:53 - [MESSAGE][PASSED] - Delayed 2 second(s)

2018-10-20 08:44:53 - [TEST_STEP][PASSED] - click: Object: 'Object Repository/Final Object Repo/Page_Form 3 EIS - Cessation as Employer/Employment Resign Date - Year - Date' is clicked on

2018-10-20 08:44:53 - [MESSAGE][PASSED] - Object: 'Object Repository/Final Object Repo/Page_Form 3 EIS - Cessation as Employer/Employment Resign Date - Year - Date' is clicked on

2018-10-20 08:44:53 - [TEST_STEP][PASSED] - delay: Delayed 2 second(s)

2018-10-20 08:44:55 - [MESSAGE][PASSED] - Delayed 2 second(s)

2018-10-20 08:44:55 - [TEST_STEP][PASSED] - click: Object: 'Object Repository/Final Object Repo/Page_Form 3 EIS - Cessation as Employer/Save  Continue in Employment Resign Page' is clicked on

2018-10-20 08:44:55 - [MESSAGE][PASSED] - Object: 'Object Repository/Final Object Repo/Page_Form 3 EIS - Cessation as Employer/Save  Continue in Employment Resign Page' is clicked on

2018-10-20 08:44:55 - [TEST_STEP][PASSED] - delay: Delayed 2 second(s)

2018-10-20 08:44:57 - [MESSAGE][PASSED] - Delayed 2 second(s)

2018-10-20 08:44:57 - [TEST_STEP][PASSED] - click: Object: 'Object Repository/Final Object Repo/Page_Form 3 EIS - Cessation as Employer/Add Document' is clicked on

2018-10-20 08:44:59 - [MESSAGE][PASSED] - Object: 'Object Repository/Final Object Repo/Page_Form 3 EIS - Cessation as Employer/Add Document' is clicked on

2018-10-20 08:44:59 - [TEST_STEP][PASSED] - delay: Delayed 3 second(s)

2018-10-20 08:45:02 - [MESSAGE][PASSED] - Delayed 3 second(s)

2018-10-20 08:45:02 - [TEST_STEP][PASSED] - click: Object: 'Object Repository/Final Object Repo/Page_Form 3 EIS - Cessation as Employer/Document Type' is clicked on

2018-10-20 08:45:02 - [MESSAGE][PASSED] - Object: 'Object Repository/Final Object Repo/Page_Form 3 EIS - Cessation as Employer/Document Type' is clicked on

2018-10-20 08:45:02 - [TEST_STEP][PASSED] - click: Object: 'Object Repository/Final Object Repo/Page_Form 3 EIS - Cessation as Employer/Document Type - Form 3' is clicked on

2018-10-20 08:45:02 - [MESSAGE][PASSED] - Object: 'Object Repository/Final Object Repo/Page_Form 3 EIS - Cessation as Employer/Document Type - Form 3' is clicked on

2018-10-20 08:45:02 - [TEST_STEP][PASSED] - delay: Delayed 2 second(s)

2018-10-20 08:45:04 - [MESSAGE][PASSED] - Delayed 2 second(s)

2018-10-20 08:45:04 - [TEST_STEP][PASSED] - sendKeys: Keys 'C:\Users\Public\Pictures\Sample Pictures\Act.jpg' sent to object: 'Object Repository/Final Object Repo/Page_Form 3 EIS - Cessation as Employer/ploading File'

2018-10-20 08:45:04 - [MESSAGE][PASSED] - Keys 'C:\Users\Public\Pictures\Sample Pictures\Act.jpg' sent to object: 'Object Repository/Final Object Repo/Page_Form 3 EIS - Cessation as Employer/ploading File'

2018-10-20 08:45:04 - [TEST_STEP][PASSED] - delay: Delayed 1 second(s)

2018-10-20 08:45:05 - [MESSAGE][PASSED] - Delayed 1 second(s)

2018-10-20 08:45:05 - [TEST_STEP][PASSED] - click: Object: 'Object Repository/Final Object Repo/Page_Form 3 EIS - Cessation as Employer/Add Document in Uploading Page' is clicked on

2018-10-20 08:45:05 - [MESSAGE][PASSED] - Object: 'Object Repository/Final Object Repo/Page_Form 3 EIS - Cessation as Employer/Add Document in Uploading Page' is clicked on

2018-10-20 08:45:05 - [TEST_STEP][PASSED] - delay: Delayed 2 second(s)

2018-10-20 08:45:07 - [MESSAGE][PASSED] - Delayed 2 second(s)

2018-10-20 08:45:07 - [TEST_STEP][PASSED] - Statement - CaseReferenceNo = com.kms.katalon.core.webui.keyword.WebUiBuiltInKeywords.getText(com.kms.katalon.core.testobject.ObjectRepository.findTestObject(Final Object Repo/Page_Update Employer Information/Reference Number in Update Employee Information Page)): Text of object 'Object Repository/Final Object Repo/Page_Update Employer Information/Reference Number in Update Employee Information Page' is: 'ERN102018C200002178'

2018-10-20 08:45:12 - [MESSAGE][PASSED] - Text of object 'Object Repository/Final Object Repo/Page_Update Employer Information/Reference Number in Update Employee Information Page' is: 'ERN102018C200002178'

2018-10-20 08:45:12 - [TEST_STEP][PASSED] - callTestCase: Call Test Case 'Test Cases/Final Aug 2018 - PKS Automation/Common/Reference Number Setter' successfully

2018-10-20 08:45:12 - [TEST_CASE][PASSED] - Test Cases/Final Aug 2018 - PKS Automation/Common/Reference Number Setter: Test Cases/Final Aug 2018 - PKS Automation/Common/Reference Number Setter

2018-10-20 08:45:12 - [TEST_STEP][PASSED] - Statement - RefNoOldFile = new java.io.File(C://KatalonReference.txt): null

2018-10-20 08:45:12 - [TEST_STEP][PASSED] - Statement - RefNoOldFile.delete(): null

2018-10-20 08:45:12 - [TEST_STEP][PASSED] - Statement - RefNo = new java.io.File(C://KatalonReference.txt): null

2018-10-20 08:45:12 - [TEST_STEP][PASSED] - Statement - RefNo.append(CaseReferenceNo): null

2018-10-20 08:45:12 - [TEST_STEP][PASSED] - Statement - out.println("


" + CaseReferenceNo + "


"): null

2018-10-20 08:45:12 - [MESSAGE][PASSED] - Call Test Case 'Test Cases/Final Aug 2018 - PKS Automation/Common/Reference Number Setter' successfully

2018-10-20 08:45:12 - [TEST_STEP][PASSED] - delay: Delayed 2 second(s)

2018-10-20 08:45:14 - [MESSAGE][PASSED] - Delayed 2 second(s)

2018-10-20 08:45:14 - [TEST_STEP][PASSED] - click: Object: 'Object Repository/Final Object Repo/Page_Form 3 EIS - Cessation as Employer/Save  Continue in Uploading Page' is clicked on

2018-10-20 08:45:14 - [MESSAGE][PASSED] - Object: 'Object Repository/Final Object Repo/Page_Form 3 EIS - Cessation as Employer/Save  Continue in Uploading Page' is clicked on

2018-10-20 08:45:14 - [TEST_STEP][PASSED] - delay: Delayed 2 second(s)

2018-10-20 08:45:16 - [MESSAGE][PASSED] - Delayed 2 second(s)

2018-10-20 08:45:16 - [TEST_STEP][PASSED] - click: Object: 'Object Repository/Final Object Repo/Page_Form 3 EIS - Cessation as Employer/Submit' is clicked on

2018-10-20 08:45:19 - [MESSAGE][PASSED] - Object: 'Object Repository/Final Object Repo/Page_Form 3 EIS - Cessation as Employer/Submit' is clicked on

2018-10-20 08:45:19 - [TEST_STEP][PASSED] - delay: Delayed 2 second(s)

2018-10-20 08:45:21 - [MESSAGE][PASSED] - Delayed 2 second(s)

2018-10-20 08:45:21 - [TEST_STEP][PASSED] - click: Object: 'Object Repository/Final Object Repo/Page_Form 3 EIS - Cessation as Employer/Confirm' is clicked on

2018-10-20 08:45:21 - [MESSAGE][PASSED] - Object: 'Object Repository/Final Object Repo/Page_Form 3 EIS - Cessation as Employer/Confirm' is clicked on

2018-10-20 08:45:21 - [TEST_STEP][PASSED] - delay: Delayed 2 second(s)

2018-10-20 08:45:23 - [MESSAGE][PASSED] - Delayed 2 second(s)

2018-10-20 08:45:23 - [TEST_STEP][PASSED] - click: Object: 'Object Repository/Final Object Repo/Page_Form 3 EIS - Cessation as Employer/Message Your Request will be routed to UO' is clicked on

2018-10-20 08:45:28 - [MESSAGE][PASSED] - Object: 'Object Repository/Final Object Repo/Page_Form 3 EIS - Cessation as Employer/Message Your Request will be routed to UO' is clicked on

2018-10-20 08:45:28 - [TEST_STEP][PASSED] - click: Object: 'Object Repository/Final Object Repo/Page_Form 3 EIS - Cessation as Employer/Letter of acknowledgement' is clicked on

2018-10-20 08:45:29 - [MESSAGE][PASSED] - Object: 'Object Repository/Final Object Repo/Page_Form 3 EIS - Cessation as Employer/Letter of acknowledgement' is clicked on

2018-10-20 08:45:29 - [MESSAGE][PASSED] - Call Test Case 'Test Cases/Final Aug 2018 - PKS Automation/Registration Module/Workflow/Form 3 EIS - Cessation As Employer/Template/Form 3 A - Cessation As Employer (OTC)' successfully

2018-10-20 08:45:29 - [TEST_STEP][FAILED] - callTestCase: Unable to call Test Case with id 'Test Cases/Final Aug 2018 - PKS Automation/Registration Module/Workflow/Form 3 EIS - Cessation As Employer/Template/Form 3 A - Cessation As Employer (Under enforcement)' (Root cause: Call Test Case 'Test Cases/Final Aug 2018 - PKS Automation/Registration Module/Workflow/Form 3 EIS - Cessation As Employer/Template/Form 3 A - Cessation As Employer (Under enforcement)' failed)

2018-10-20 08:45:29 - [TEST_CASE][FAILED] - Test Cases/Final Aug 2018 - PKS Automation/Registration Module/Workflow/Form 3 EIS - Cessation As Employer/Template/Form 3 A - Cessation As Employer (Under enforcement): Test Cases/Final Aug 2018 - PKS Automation/Registration Module/Workflow/Form 3 EIS - Cessation As Employer/Template/Form 3 A - Cessation As Employer (Under enforcement) FAILED because (of) (Stack trace: com.kms.katalon.core.exception.StepFailedException: Unable to click on object 'Object Repository/Final Object Repo/Landing Page/Select to English' (Root cause: com.kms.katalon.core.webui.exception.WebElementNotFoundException: Web element with id: 'Object Repository/Final Object Repo/Landing Page/Select to English' located by 'By.xpath: //a[@class = 'taglib-language-list-text' and @lang = 'en-US' and (contains(text(), 'EN') or contains(., 'EN'))]' not found)
	at com.kms.katalon.core.keyword.internal.KeywordMain.stepFailed(KeywordMain.groovy:32)
	at com.kms.katalon.core.webui.keyword.internal.WebUIKeywordMain.stepFailed(WebUIKeywordMain.groovy:65)
	at com.kms.katalon.core.webui.keyword.internal.WebUIKeywordMain.runKeyword(WebUIKeywordMain.groovy:27)
	at com.kms.katalon.core.webui.keyword.builtin.ClickKeyword.click(ClickKeyword.groovy:86)
	at com.kms.katalon.core.webui.keyword.builtin.ClickKeyword.execute(ClickKeyword.groovy:67)
	at com.kms.katalon.core.keyword.internal.KeywordExecutor.executeKeywordForPlatform(KeywordExecutor.groovy:53)
	at com.kms.katalon.core.webui.keyword.WebUiBuiltInKeywords.click(WebUiBuiltInKeywords.groovy:604)
	at com.kms.katalon.core.webui.keyword.WebUiBuiltInKeywords$click$8.call(Unknown Source)
	at Script1534407542420.run(Script1534407542420.groovy:57)
	at com.kms.katalon.core.main.ScriptEngine.run(ScriptEngine.java:183)
	at com.kms.katalon.core.main.ScriptEngine.runScriptAsRawText(ScriptEngine.java:108)
	at com.kms.katalon.core.main.TestCaseExecutor.runScript(TestCaseExecutor.java:294)
	at com.kms.katalon.core.main.TestCaseExecutor.doExecute(TestCaseExecutor.java:285)
	at com.kms.katalon.core.main.TestCaseExecutor.processExecutionPhase(TestCaseExecutor.java:264)
	at com.kms.katalon.core.main.TestCaseExecutor.accessMainPhase(TestCaseExecutor.java:256)
	at com.kms.katalon.core.main.TestCaseExecutor.execute(TestCaseExecutor.java:200)
	at com.kms.katalon.core.main.TestCaseMain.runTestCase(TestCaseMain.java:99)
	at com.kms.katalon.core.keyword.builtin.CallTestCaseKeyword$_callTestCase_closure1.doCall(CallTestCaseKeyword.groovy:60)
	at com.kms.katalon.core.keyword.builtin.CallTestCaseKeyword$_callTestCase_closure1.call(CallTestCaseKeyword.groovy)
	at com.kms.katalon.core.keyword.internal.KeywordMain.runKeyword(KeywordMain.groovy:54)
	at com.kms.katalon.core.keyword.builtin.CallTestCaseKeyword.callTestCase(CallTestCaseKeyword.groovy:81)
	at com.kms.katalon.core.keyword.builtin.CallTestCaseKeyword.execute(CallTestCaseKeyword.groovy:45)
	at com.kms.katalon.core.keyword.internal.KeywordExecutor.executeKeywordForPlatform(KeywordExecutor.groovy:53)
	at com.kms.katalon.core.keyword.BuiltinKeywords.callTestCase(BuiltinKeywords.groovy:334)
	at sun.reflect.GeneratedMethodAccessor13.invoke(Unknown Source)
	at sun.reflect.DelegatingMethodAccessorImpl.invoke(DelegatingMethodAccessorImpl.java:43)
	at java.lang.reflect.Method.invoke(Method.java:498)
	at org.codehaus.groovy.reflection.CachedMethod.invoke(CachedMethod.java:93)
	at groovy.lang.MetaMethod.doMethodInvoke(MetaMethod.java:325)
	at groovy.lang.MetaClassImpl.invokeStaticMethod(MetaClassImpl.java:1469)
	at org.codehaus.groovy.runtime.callsite.StaticMetaClassSite.call(StaticMetaClassSite.java:53)
	at org.codehaus.groovy.runtime.callsite.CallSiteArray.defaultCall(CallSiteArray.java:48)
	at org.codehaus.groovy.runtime.callsite.AbstractCallSite.call(AbstractCallSite.java:113)
	at org.codehaus.groovy.runtime.callsite.AbstractCallSite.call(AbstractCallSite.java:141)
	at Script1536113546450.run(Script1536113546450.groovy:34)
	at com.kms.katalon.core.main.ScriptEngine.run(ScriptEngine.java:183)
	at com.kms.katalon.core.main.ScriptEngine.runScriptAsRawText(ScriptEngine.java:108)
	at com.kms.katalon.core.main.TestCaseExecutor.runScript(TestCaseExecutor.java:294)
	at com.kms.katalon.core.main.TestCaseExecutor.doExecute(TestCaseExecutor.java:285)
	at com.kms.katalon.core.main.TestCaseExecutor.processExecutionPhase(TestCaseExecutor.java:264)
	at com.kms.katalon.core.main.TestCaseExecutor.accessMainPhase(TestCaseExecutor.java:256)
	at com.kms.katalon.core.main.TestCaseExecutor.execute(TestCaseExecutor.java:200)
	at com.kms.katalon.core.main.TestCaseMain.runTestCase(TestCaseMain.java:99)
	at com.kms.katalon.core.keyword.builtin.CallTestCaseKeyword$_callTestCase_closure1.doCall(CallTestCaseKeyword.groovy:60)
	at com.kms.katalon.core.keyword.builtin.CallTestCaseKeyword$_callTestCase_closure1.call(CallTestCaseKeyword.groovy)
	at com.kms.katalon.core.keyword.internal.KeywordMain.runKeyword(KeywordMain.groovy:54)
	at com.kms.katalon.core.keyword.builtin.CallTestCaseKeyword.callTestCase(CallTestCaseKeyword.groovy:81)
	at com.kms.katalon.core.keyword.builtin.CallTestCaseKeyword.execute(CallTestCaseKeyword.groovy:45)
	at com.kms.katalon.core.keyword.internal.KeywordExecutor.executeKeywordForPlatform(KeywordExecutor.groovy:53)
	at com.kms.katalon.core.keyword.BuiltinKeywords.callTestCase(BuiltinKeywords.groovy:334)
	at sun.reflect.GeneratedMethodAccessor13.invoke(Unknown Source)
	at sun.reflect.DelegatingMethodAccessorImpl.invoke(DelegatingMethodAccessorImpl.java:43)
	at java.lang.reflect.Method.invoke(Method.java:498)
	at org.codehaus.groovy.reflection.CachedMethod.invoke(CachedMethod.java:93)
	at groovy.lang.MetaMethod.doMethodInvoke(MetaMethod.java:325)
	at groovy.lang.MetaClassImpl.invokeStaticMethod(MetaClassImpl.java:1469)
	at org.codehaus.groovy.runtime.callsite.StaticMetaClassSite.call(StaticMetaClassSite.java:53)
	at org.codehaus.groovy.runtime.callsite.CallSiteArray.defaultCall(CallSiteArray.java:48)
	at org.codehaus.groovy.runtime.callsite.AbstractCallSite.call(AbstractCallSite.java:113)
	at org.codehaus.groovy.runtime.callsite.AbstractCallSite.call(AbstractCallSite.java:141)
	at Script1536733775156.run(Script1536733775156.groovy:25)
	at com.kms.katalon.core.main.ScriptEngine.run(ScriptEngine.java:183)
	at com.kms.katalon.core.main.ScriptEngine.runScriptAsRawText(ScriptEngine.java:108)
	at com.kms.katalon.core.main.TestCaseExecutor.runScript(TestCaseExecutor.java:294)
	at com.kms.katalon.core.main.TestCaseExecutor.doExecute(TestCaseExecutor.java:285)
	at com.kms.katalon.core.main.TestCaseExecutor.processExecutionPhase(TestCaseExecutor.java:264)
	at com.kms.katalon.core.main.TestCaseExecutor.accessMainPhase(TestCaseExecutor.java:256)
	at com.kms.katalon.core.main.TestCaseExecutor.execute(TestCaseExecutor.java:200)
	at com.kms.katalon.core.main.TestSuiteExecutor.accessTestCaseMainPhase(TestSuiteExecutor.java:129)
	at com.kms.katalon.core.main.TestSuiteExecutor.accessTestSuiteMainPhase(TestSuiteExecutor.java:112)
	at com.kms.katalon.core.main.TestSuiteExecutor.execute(TestSuiteExecutor.java:81)
	at com.kms.katalon.core.main.TestCaseMain.startTestSuite(TestCaseMain.java:142)
	at com.kms.katalon.core.main.TestCaseMain$startTestSuite$0.call(Unknown Source)
	at org.codehaus.groovy.runtime.callsite.CallSiteArray.defaultCall(CallSiteArray.java:48)
	at org.codehaus.groovy.runtime.callsite.AbstractCallSite.call(AbstractCallSite.java:113)
	at org.codehaus.groovy.runtime.callsite.AbstractCallSite.call(AbstractCallSite.java:141)
	at TempTestSuite1539973930605.run(TempTestSuite1539973930605.groovy:36)
	at groovy.lang.GroovyShell.runScriptOrMainOrTestOrRunnable(GroovyShell.java:263)
	at groovy.lang.GroovyShell.run(GroovyShell.java:518)
	at groovy.lang.GroovyShell.run(GroovyShell.java:507)
	at groovy.ui.GroovyMain.processOnce(GroovyMain.java:653)
	at groovy.ui.GroovyMain.run(GroovyMain.java:384)
	at groovy.ui.GroovyMain.process(GroovyMain.java:370)
	at groovy.ui.GroovyMain.processArgs(GroovyMain.java:129)
	at groovy.ui.GroovyMain.main(GroovyMain.java:109)
	at sun.reflect.NativeMethodAccessorImpl.invoke0(Native Method)
	at sun.reflect.NativeMethodAccessorImpl.invoke(NativeMethodAccessorImpl.java:62)
	at sun.reflect.DelegatingMethodAccessorImpl.invoke(DelegatingMethodAccessorImpl.java:43)
	at java.lang.reflect.Method.invoke(Method.java:498)
	at org.codehaus.groovy.tools.GroovyStarter.rootLoader(GroovyStarter.java:109)
	at org.codehaus.groovy.tools.GroovyStarter.main(GroovyStarter.java:131)
)

2018-10-20 08:45:30 - [TEST_STEP][NOT_RUN] - callTestCase: NOT_RUN: callTestCase

2018-10-20 08:45:30 - [MESSAGE][NOT_RUN] - NOT_RUN: callTestCase

2018-10-20 08:45:30 - [TEST_STEP][PASSED] - delay: Delayed 1 second(s)

2018-10-20 08:45:31 - [MESSAGE][PASSED] - Delayed 1 second(s)

2018-10-20 08:45:31 - [TEST_STEP][PASSED] - navigateToUrl: Navigate to 'https://assist2-uat.perkeso.gov.my/c/portal/logout' successfully

2018-10-20 08:45:31 - [MESSAGE][PASSED] - Navigate to 'https://assist2-uat.perkeso.gov.my/c/portal/logout' successfully

2018-10-20 08:45:31 - [TEST_STEP][PASSED] - delay: Delayed 1 second(s)

2018-10-20 08:45:32 - [MESSAGE][PASSED] - Delayed 1 second(s)

2018-10-20 08:45:32 - [TEST_STEP][PASSED] - callTestCase: Call Test Case 'Test Cases/Final Aug 2018 - PKS Automation/Common/Reference Number Getter' successfully

2018-10-20 08:45:32 - [TEST_CASE][PASSED] - Test Cases/Final Aug 2018 - PKS Automation/Common/Reference Number Getter: Test Cases/Final Aug 2018 - PKS Automation/Common/Reference Number Getter

2018-10-20 08:45:32 - [TEST_STEP][PASSED] - Statement - Try: null

2018-10-20 08:45:32 - [TEST_STEP][PASSED] - Statement - RefNo = new java.io.File(C://KatalonReference.txt): null

2018-10-20 08:45:32 - [TEST_STEP][PASSED] - Statement - bufferread = new java.io.BufferedReader(new java.io.FileReader(RefNo)): null

2018-10-20 08:45:32 - [TEST_STEP][PASSED] - Statement - readedVal = bufferread.readLine(): null

2018-10-20 08:45:32 - [TEST_STEP][PASSED] - Statement - out.println(CaseReferenceNo): null

2018-10-20 08:45:32 - [TEST_STEP][PASSED] - Statement - out.println(readedVal): null

2018-10-20 08:45:32 - [TEST_STEP][PASSED] - Statement - CaseReferenceNo = readedVal: null

2018-10-20 08:45:32 - [MESSAGE][PASSED] - Call Test Case 'Test Cases/Final Aug 2018 - PKS Automation/Common/Reference Number Getter' successfully

2018-10-20 08:45:32 - [TEST_STEP][FAILED] - callTestCase: Unable to call Test Case with id 'Test Cases/Final Aug 2018 - PKS Automation/Common/Workflow Owner Finder' (Root cause: Call Test Case 'Test Cases/Final Aug 2018 - PKS Automation/Common/Workflow Owner Finder' failed)

2018-10-20 08:45:32 - [TEST_CASE][FAILED] - Test Cases/Final Aug 2018 - PKS Automation/Common/Workflow Owner Finder: Test Cases/Final Aug 2018 - PKS Automation/Common/Workflow Owner Finder FAILED because (of) (Stack trace: com.kms.katalon.core.exception.StepFailedException: Unable to click on object 'Object Repository/Final Object Repo/Landing Page/Select to English' (Root cause: com.kms.katalon.core.webui.exception.WebElementNotFoundException: Web element with id: 'Object Repository/Final Object Repo/Landing Page/Select to English' located by 'By.xpath: //a[@class = 'taglib-language-list-text' and @lang = 'en-US' and (contains(text(), 'EN') or contains(., 'EN'))]' not found)
	at com.kms.katalon.core.keyword.internal.KeywordMain.stepFailed(KeywordMain.groovy:32)
	at com.kms.katalon.core.webui.keyword.internal.WebUIKeywordMain.stepFailed(WebUIKeywordMain.groovy:65)
	at com.kms.katalon.core.webui.keyword.internal.WebUIKeywordMain.runKeyword(WebUIKeywordMain.groovy:27)
	at com.kms.katalon.core.webui.keyword.builtin.ClickKeyword.click(ClickKeyword.groovy:86)
	at com.kms.katalon.core.webui.keyword.builtin.ClickKeyword.execute(ClickKeyword.groovy:67)
	at com.kms.katalon.core.keyword.internal.KeywordExecutor.executeKeywordForPlatform(KeywordExecutor.groovy:53)
	at com.kms.katalon.core.webui.keyword.WebUiBuiltInKeywords.click(WebUiBuiltInKeywords.groovy:604)
	at com.kms.katalon.core.webui.keyword.WebUiBuiltInKeywords$click$8.call(Unknown Source)
	at Script1534407542420.run(Script1534407542420.groovy:57)
	at com.kms.katalon.core.main.ScriptEngine.run(ScriptEngine.java:183)
	at com.kms.katalon.core.main.ScriptEngine.runScriptAsRawText(ScriptEngine.java:108)
	at com.kms.katalon.core.main.TestCaseExecutor.runScript(TestCaseExecutor.java:294)
	at com.kms.katalon.core.main.TestCaseExecutor.doExecute(TestCaseExecutor.java:285)
	at com.kms.katalon.core.main.TestCaseExecutor.processExecutionPhase(TestCaseExecutor.java:264)
	at com.kms.katalon.core.main.TestCaseExecutor.accessMainPhase(TestCaseExecutor.java:256)
	at com.kms.katalon.core.main.TestCaseExecutor.execute(TestCaseExecutor.java:200)
	at com.kms.katalon.core.main.TestCaseMain.runTestCase(TestCaseMain.java:99)
	at com.kms.katalon.core.keyword.builtin.CallTestCaseKeyword$_callTestCase_closure1.doCall(CallTestCaseKeyword.groovy:60)
	at com.kms.katalon.core.keyword.builtin.CallTestCaseKeyword$_callTestCase_closure1.call(CallTestCaseKeyword.groovy)
	at com.kms.katalon.core.keyword.internal.KeywordMain.runKeyword(KeywordMain.groovy:54)
	at com.kms.katalon.core.keyword.builtin.CallTestCaseKeyword.callTestCase(CallTestCaseKeyword.groovy:81)
	at com.kms.katalon.core.keyword.builtin.CallTestCaseKeyword.execute(CallTestCaseKeyword.groovy:45)
	at com.kms.katalon.core.keyword.internal.KeywordExecutor.executeKeywordForPlatform(KeywordExecutor.groovy:53)
	at com.kms.katalon.core.keyword.BuiltinKeywords.callTestCase(BuiltinKeywords.groovy:334)
	at sun.reflect.GeneratedMethodAccessor13.invoke(Unknown Source)
	at sun.reflect.DelegatingMethodAccessorImpl.invoke(DelegatingMethodAccessorImpl.java:43)
	at java.lang.reflect.Method.invoke(Method.java:498)
	at org.codehaus.groovy.reflection.CachedMethod.invoke(CachedMethod.java:93)
	at groovy.lang.MetaMethod.doMethodInvoke(MetaMethod.java:325)
	at groovy.lang.MetaClassImpl.invokeStaticMethod(MetaClassImpl.java:1469)
	at org.codehaus.groovy.runtime.callsite.StaticMetaClassSite.call(StaticMetaClassSite.java:53)
	at org.codehaus.groovy.runtime.callsite.CallSiteArray.defaultCall(CallSiteArray.java:48)
	at org.codehaus.groovy.runtime.callsite.AbstractCallSite.call(AbstractCallSite.java:113)
	at org.codehaus.groovy.runtime.callsite.AbstractCallSite.call(AbstractCallSite.java:141)
	at Script1536113546450.run(Script1536113546450.groovy:34)
	at com.kms.katalon.core.main.ScriptEngine.run(ScriptEngine.java:183)
	at com.kms.katalon.core.main.ScriptEngine.runScriptAsRawText(ScriptEngine.java:108)
	at com.kms.katalon.core.main.TestCaseExecutor.runScript(TestCaseExecutor.java:294)
	at com.kms.katalon.core.main.TestCaseExecutor.doExecute(TestCaseExecutor.java:285)
	at com.kms.katalon.core.main.TestCaseExecutor.processExecutionPhase(TestCaseExecutor.java:264)
	at com.kms.katalon.core.main.TestCaseExecutor.accessMainPhase(TestCaseExecutor.java:256)
	at com.kms.katalon.core.main.TestCaseExecutor.execute(TestCaseExecutor.java:200)
	at com.kms.katalon.core.main.TestCaseMain.runTestCase(TestCaseMain.java:99)
	at com.kms.katalon.core.keyword.builtin.CallTestCaseKeyword$_callTestCase_closure1.doCall(CallTestCaseKeyword.groovy:60)
	at com.kms.katalon.core.keyword.builtin.CallTestCaseKeyword$_callTestCase_closure1.call(CallTestCaseKeyword.groovy)
	at com.kms.katalon.core.keyword.internal.KeywordMain.runKeyword(KeywordMain.groovy:54)
	at com.kms.katalon.core.keyword.builtin.CallTestCaseKeyword.callTestCase(CallTestCaseKeyword.groovy:81)
	at com.kms.katalon.core.keyword.builtin.CallTestCaseKeyword.execute(CallTestCaseKeyword.groovy:45)
	at com.kms.katalon.core.keyword.internal.KeywordExecutor.executeKeywordForPlatform(KeywordExecutor.groovy:53)
	at com.kms.katalon.core.keyword.BuiltinKeywords.callTestCase(BuiltinKeywords.groovy:334)
	at sun.reflect.GeneratedMethodAccessor13.invoke(Unknown Source)
	at sun.reflect.DelegatingMethodAccessorImpl.invoke(DelegatingMethodAccessorImpl.java:43)
	at java.lang.reflect.Method.invoke(Method.java:498)
	at org.codehaus.groovy.reflection.CachedMethod.invoke(CachedMethod.java:93)
	at groovy.lang.MetaMethod.doMethodInvoke(MetaMethod.java:325)
	at groovy.lang.MetaClassImpl.invokeStaticMethod(MetaClassImpl.java:1469)
	at org.codehaus.groovy.runtime.callsite.StaticMetaClassSite.call(StaticMetaClassSite.java:53)
	at org.codehaus.groovy.runtime.callsite.CallSiteArray.defaultCall(CallSiteArray.java:48)
	at org.codehaus.groovy.runtime.callsite.AbstractCallSite.call(AbstractCallSite.java:113)
	at org.codehaus.groovy.runtime.callsite.AbstractCallSite.call(AbstractCallSite.java:141)
	at Script1536733775156.run(Script1536733775156.groovy:25)
	at com.kms.katalon.core.main.ScriptEngine.run(ScriptEngine.java:183)
	at com.kms.katalon.core.main.ScriptEngine.runScriptAsRawText(ScriptEngine.java:108)
	at com.kms.katalon.core.main.TestCaseExecutor.runScript(TestCaseExecutor.java:294)
	at com.kms.katalon.core.main.TestCaseExecutor.doExecute(TestCaseExecutor.java:285)
	at com.kms.katalon.core.main.TestCaseExecutor.processExecutionPhase(TestCaseExecutor.java:264)
	at com.kms.katalon.core.main.TestCaseExecutor.accessMainPhase(TestCaseExecutor.java:256)
	at com.kms.katalon.core.main.TestCaseExecutor.execute(TestCaseExecutor.java:200)
	at com.kms.katalon.core.main.TestSuiteExecutor.accessTestCaseMainPhase(TestSuiteExecutor.java:129)
	at com.kms.katalon.core.main.TestSuiteExecutor.accessTestSuiteMainPhase(TestSuiteExecutor.java:112)
	at com.kms.katalon.core.main.TestSuiteExecutor.execute(TestSuiteExecutor.java:81)
	at com.kms.katalon.core.main.TestCaseMain.startTestSuite(TestCaseMain.java:142)
	at com.kms.katalon.core.main.TestCaseMain$startTestSuite$0.call(Unknown Source)
	at org.codehaus.groovy.runtime.callsite.CallSiteArray.defaultCall(CallSiteArray.java:48)
	at org.codehaus.groovy.runtime.callsite.AbstractCallSite.call(AbstractCallSite.java:113)
	at org.codehaus.groovy.runtime.callsite.AbstractCallSite.call(AbstractCallSite.java:141)
	at TempTestSuite1539973930605.run(TempTestSuite1539973930605.groovy:36)
	at groovy.lang.GroovyShell.runScriptOrMainOrTestOrRunnable(GroovyShell.java:263)
	at groovy.lang.GroovyShell.run(GroovyShell.java:518)
	at groovy.lang.GroovyShell.run(GroovyShell.java:507)
	at groovy.ui.GroovyMain.processOnce(GroovyMain.java:653)
	at groovy.ui.GroovyMain.run(GroovyMain.java:384)
	at groovy.ui.GroovyMain.process(GroovyMain.java:370)
	at groovy.ui.GroovyMain.processArgs(GroovyMain.java:129)
	at groovy.ui.GroovyMain.main(GroovyMain.java:109)
	at sun.reflect.NativeMethodAccessorImpl.invoke0(Native Method)
	at sun.reflect.NativeMethodAccessorImpl.invoke(NativeMethodAccessorImpl.java:62)
	at sun.reflect.DelegatingMethodAccessorImpl.invoke(DelegatingMethodAccessorImpl.java:43)
	at java.lang.reflect.Method.invoke(Method.java:498)
	at org.codehaus.groovy.tools.GroovyStarter.rootLoader(GroovyStarter.java:109)
	at org.codehaus.groovy.tools.GroovyStarter.main(GroovyStarter.java:131)
)

2018-10-20 08:45:33 - [TEST_STEP][PASSED] - openBrowser: Browser is opened with url: ''

2018-10-20 08:45:33 - [MESSAGE][WARNING] - A browser is already opened. Closing browser and opening a new one

2018-10-20 08:45:36 - [MESSAGE][PASSED] - Browser is opened with url: ''

2018-10-20 08:45:36 - [TEST_STEP][PASSED] - navigateToUrl: Navigate to 'https://assist2-uat.perkeso.gov.my/login' successfully

2018-10-20 08:45:38 - [MESSAGE][PASSED] - Navigate to 'https://assist2-uat.perkeso.gov.my/login' successfully

2018-10-20 08:45:38 - [TEST_STEP][PASSED] - delay: Delayed 5 second(s)

2018-10-20 08:45:43 - [MESSAGE][PASSED] - Delayed 5 second(s)

2018-10-20 08:45:43 - [TEST_STEP][PASSED] - setText: Text 'test@liferay.com' is set on object 'Object Repository/Final Object Repo/Login Page/Internal User/Email Address'

2018-10-20 08:45:44 - [MESSAGE][PASSED] - Text 'test@liferay.com' is set on object 'Object Repository/Final Object Repo/Login Page/Internal User/Email Address'

2018-10-20 08:45:44 - [TEST_STEP][PASSED] - click: Object: 'Object Repository/Final Object Repo/Login Page/Internal User/Next Button' is clicked on

2018-10-20 08:45:44 - [MESSAGE][PASSED] - Object: 'Object Repository/Final Object Repo/Login Page/Internal User/Next Button' is clicked on

2018-10-20 08:45:44 - [TEST_STEP][PASSED] - delay: Delayed 2 second(s)

2018-10-20 08:45:46 - [MESSAGE][PASSED] - Delayed 2 second(s)

2018-10-20 08:45:46 - [TEST_STEP][PASSED] - setText: Text 'test' is set on object 'Object Repository/Final Object Repo/Login Page/Internal User/Password'

2018-10-20 08:45:46 - [MESSAGE][PASSED] - Text 'test' is set on object 'Object Repository/Final Object Repo/Login Page/Internal User/Password'

2018-10-20 08:45:46 - [TEST_STEP][PASSED] - delay: Delayed 2 second(s)

2018-10-20 08:45:48 - [MESSAGE][PASSED] - Delayed 2 second(s)

2018-10-20 08:45:48 - [TEST_STEP][PASSED] - click: Object: 'Object Repository/Final Object Repo/Login Page/Internal User/Login Button' is clicked on

2018-10-20 08:45:48 - [MESSAGE][PASSED] - Object: 'Object Repository/Final Object Repo/Login Page/Internal User/Login Button' is clicked on

2018-10-20 08:45:48 - [TEST_STEP][FAILED] - Statement - Try: Delayed 2 second(s)

2018-10-20 08:45:48 - [TEST_STEP][PASSED] - Statement - Checker = false: null

2018-10-20 08:45:48 - [TEST_STEP][PASSED] - Statement - Checker = com.kms.katalon.core.webui.keyword.WebUiBuiltInKeywords.verifyElementHasAttribute(com.kms.katalon.core.testobject.ObjectRepository.findTestObject(Final Object Repo/Landing Page/BM Detecting), "href", 20, OPTIONAL): Unable to verify if object 'Object Repository/Final Object Repo/Landing Page/BM Detecting' has attribute 'href' (Root cause: org.openqa.selenium.StaleElementReferenceException: stale element reference: element is not attached to the page document
  (Session info: chrome=69.0.3497.100)
  (Driver info: chromedriver=2.35.528161 (5b82f2d2aae0ca24b877009200ced9065a772e73),platform=Windows NT 6.1.7601 SP1 x86_64) (WARNING: The server did not provide any stacktrace information)
Command duration or timeout: 0 milliseconds
For documentation on this error, please visit: http://seleniumhq.org/exceptions/stale_element_reference.html
Build info: version: '3.7.1', revision: '8a0099a', time: '2017-11-06T21:07:36.161Z'
System info: host: 'WEIZHENG', ip: '192.168.137.1', os.name: 'Windows 7', os.arch: 'amd64', os.version: '6.1', java.version: '1.8.0_181'
Driver info: com.kms.katalon.selenium.driver.CChromeDriver
Capabilities {acceptInsecureCerts: false, acceptSslCerts: false, applicationCacheEnabled: false, browserConnectionEnabled: false, browserName: chrome, chrome: {chromedriverVersion: 2.35.528161 (5b82f2d2aae0ca..., userDataDir: C:\Users\WEIZHE~1\AppData\L...}, cssSelectorsEnabled: true, databaseEnabled: false, handlesAlerts: true, hasTouchScreen: false, javascriptEnabled: true, locationContextEnabled: true, mobileEmulationEnabled: false, nativeEvents: true, networkConnectionEnabled: false, pageLoadStrategy: normal, platform: XP, platformName: XP, rotatable: false, setWindowRect: true, takesHeapSnapshot: true, takesScreenshot: true, unexpectedAlertBehaviour: , unhandledPromptBehavior: , version: 69.0.3497.100, webStorageEnabled: true}
Session ID: 4166bc4e8db0060c572f6c27e179e40c)

2018-10-20 08:45:51 - [MESSAGE][WARNING] - Unable to verify if object 'Object Repository/Final Object Repo/Landing Page/BM Detecting' has attribute 'href' (Root cause: org.openqa.selenium.StaleElementReferenceException: stale element reference: element is not attached to the page document
  (Session info: chrome=69.0.3497.100)
  (Driver info: chromedriver=2.35.528161 (5b82f2d2aae0ca24b877009200ced9065a772e73),platform=Windows NT 6.1.7601 SP1 x86_64) (WARNING: The server did not provide any stacktrace information)
Command duration or timeout: 0 milliseconds
For documentation on this error, please visit: http://seleniumhq.org/exceptions/stale_element_reference.html
Build info: version: '3.7.1', revision: '8a0099a', time: '2017-11-06T21:07:36.161Z'
System info: host: 'WEIZHENG', ip: '192.168.137.1', os.name: 'Windows 7', os.arch: 'amd64', os.version: '6.1', java.version: '1.8.0_181'
Driver info: com.kms.katalon.selenium.driver.CChromeDriver
Capabilities {acceptInsecureCerts: false, acceptSslCerts: false, applicationCacheEnabled: false, browserConnectionEnabled: false, browserName: chrome, chrome: {chromedriverVersion: 2.35.528161 (5b82f2d2aae0ca..., userDataDir: C:\Users\WEIZHE~1\AppData\L...}, cssSelectorsEnabled: true, databaseEnabled: false, handlesAlerts: true, hasTouchScreen: false, javascriptEnabled: true, locationContextEnabled: true, mobileEmulationEnabled: false, nativeEvents: true, networkConnectionEnabled: false, pageLoadStrategy: normal, platform: XP, platformName: XP, rotatable: false, setWindowRect: true, takesHeapSnapshot: true, takesScreenshot: true, unexpectedAlertBehaviour: , unhandledPromptBehavior: , version: 69.0.3497.100, webStorageEnabled: true}
Session ID: 4166bc4e8db0060c572f6c27e179e40c)
[[ATTACHMENT|C:\\Users\\LENOVO\\Katalon Studio\\Perkeso Phase A\\Reports\\Workflow\\Form 3 EIS - Cessation as Employer\\20181020_023210\\1539996351603.png]]

2018-10-20 08:45:51 - [TEST_STEP][PASSED] - Statement - out.println(Checker): null

2018-10-20 08:45:51 - [TEST_STEP][FAILED] - Statement - If (Checker == false): Unable to click on object 'Object Repository/Final Object Repo/Landing Page/Select to English' (Root cause: com.kms.katalon.core.webui.exception.WebElementNotFoundException: Web element with id: 'Object Repository/Final Object Repo/Landing Page/Select to English' located by 'By.xpath: //a[@class = 'taglib-language-list-text' and @lang = 'en-US' and (contains(text(), 'EN') or contains(., 'EN'))]' not found)

2018-10-20 08:45:51 - [TEST_STEP][FAILED] - click: Unable to click on object 'Object Repository/Final Object Repo/Landing Page/Select to English' (Root cause: com.kms.katalon.core.webui.exception.WebElementNotFoundException: Web element with id: 'Object Repository/Final Object Repo/Landing Page/Select to English' located by 'By.xpath: //a[@class = 'taglib-language-list-text' and @lang = 'en-US' and (contains(text(), 'EN') or contains(., 'EN'))]' not found)

2018-10-20 08:48:09 - [MESSAGE][FAILED] - Unable to click on object 'Object Repository/Final Object Repo/Landing Page/Select to English' (Root cause: com.kms.katalon.core.webui.exception.WebElementNotFoundException: Web element with id: 'Object Repository/Final Object Repo/Landing Page/Select to English' located by 'By.xpath: //a[@class = 'taglib-language-list-text' and @lang = 'en-US' and (contains(text(), 'EN') or contains(., 'EN'))]' not found)
[[ATTACHMENT|C:\\Users\\LENOVO\\Katalon Studio\\Perkeso Phase A\\Reports\\Workflow\\Form 3 EIS - Cessation as Employer\\20181020_023210\\1539996489351.png]]

2018-10-20 08:48:09 - [TEST_STEP][PASSED] - delay: Delayed 2 second(s)

2018-10-20 08:48:11 - [MESSAGE][PASSED] - Delayed 2 second(s)

2018-10-20 08:48:11 - [TEST_STEP][PASSED] - delay: Delayed 3 second(s)

2018-10-20 08:48:14 - [MESSAGE][PASSED] - Delayed 3 second(s)

2018-10-20 08:48:14 - [TEST_STEP][PASSED] - click: Object: 'Object Repository/Final Object Repo/Landing Page/WorkFlow Menu' is clicked on

2018-10-20 08:48:14 - [MESSAGE][PASSED] - Object: 'Object Repository/Final Object Repo/Landing Page/WorkFlow Menu' is clicked on

2018-10-20 08:48:14 - [TEST_STEP][PASSED] - delay: Delayed 2 second(s)

2018-10-20 08:48:16 - [MESSAGE][PASSED] - Delayed 2 second(s)

2018-10-20 08:48:16 - [TEST_STEP][FAILED] - click: Unable to click on object 'Object Repository/Final Object Repo/Landing Page/Select to Workflow Listing' (Root cause: org.openqa.selenium.ElementNotVisibleException: element not visible
  (Session info: chrome=69.0.3497.100)
  (Driver info: chromedriver=2.35.528161 (5b82f2d2aae0ca24b877009200ced9065a772e73),platform=Windows NT 6.1.7601 SP1 x86_64) (WARNING: The server did not provide any stacktrace information)
Command duration or timeout: 0 milliseconds
Build info: version: '3.7.1', revision: '8a0099a', time: '2017-11-06T21:07:36.161Z'
System info: host: 'WEIZHENG', ip: '192.168.137.1', os.name: 'Windows 7', os.arch: 'amd64', os.version: '6.1', java.version: '1.8.0_181'
Driver info: com.kms.katalon.selenium.driver.CChromeDriver
Capabilities {acceptInsecureCerts: false, acceptSslCerts: false, applicationCacheEnabled: false, browserConnectionEnabled: false, browserName: chrome, chrome: {chromedriverVersion: 2.35.528161 (5b82f2d2aae0ca..., userDataDir: C:\Users\WEIZHE~1\AppData\L...}, cssSelectorsEnabled: true, databaseEnabled: false, handlesAlerts: true, hasTouchScreen: false, javascriptEnabled: true, locationContextEnabled: true, mobileEmulationEnabled: false, nativeEvents: true, networkConnectionEnabled: false, pageLoadStrategy: normal, platform: XP, platformName: XP, rotatable: false, setWindowRect: true, takesHeapSnapshot: true, takesScreenshot: true, unexpectedAlertBehaviour: , unhandledPromptBehavior: , version: 69.0.3497.100, webStorageEnabled: true}
Session ID: 4166bc4e8db0060c572f6c27e179e40c)

2018-10-20 08:48:17 - [MESSAGE][FAILED] - Unable to click on object 'Object Repository/Final Object Repo/Landing Page/Select to Workflow Listing' (Root cause: org.openqa.selenium.ElementNotVisibleException: element not visible
  (Session info: chrome=69.0.3497.100)
  (Driver info: chromedriver=2.35.528161 (5b82f2d2aae0ca24b877009200ced9065a772e73),platform=Windows NT 6.1.7601 SP1 x86_64) (WARNING: The server did not provide any stacktrace information)
Command duration or timeout: 0 milliseconds
Build info: version: '3.7.1', revision: '8a0099a', time: '2017-11-06T21:07:36.161Z'
System info: host: 'WEIZHENG', ip: '192.168.137.1', os.name: 'Windows 7', os.arch: 'amd64', os.version: '6.1', java.version: '1.8.0_181'
Driver info: com.kms.katalon.selenium.driver.CChromeDriver
Capabilities {acceptInsecureCerts: false, acceptSslCerts: false, applicationCacheEnabled: false, browserConnectionEnabled: false, browserName: chrome, chrome: {chromedriverVersion: 2.35.528161 (5b82f2d2aae0ca..., userDataDir: C:\Users\WEIZHE~1\AppData\L...}, cssSelectorsEnabled: true, databaseEnabled: false, handlesAlerts: true, hasTouchScreen: false, javascriptEnabled: true, locationContextEnabled: true, mobileEmulationEnabled: false, nativeEvents: true, networkConnectionEnabled: false, pageLoadStrategy: normal, platform: XP, platformName: XP, rotatable: false, setWindowRect: true, takesHeapSnapshot: true, takesScreenshot: true, unexpectedAlertBehaviour: , unhandledPromptBehavior: , version: 69.0.3497.100, webStorageEnabled: true}
Session ID: 4166bc4e8db0060c572f6c27e179e40c)
[[ATTACHMENT|C:\\Users\\LENOVO\\Katalon Studio\\Perkeso Phase A\\Reports\\Workflow\\Form 3 EIS - Cessation as Employer\\20181020_023210\\1539996496933.png]]

2018-10-20 08:48:17 - [TEST_STEP][PASSED] - delay: Delayed 2 second(s)

2018-10-20 08:48:19 - [MESSAGE][PASSED] - Delayed 2 second(s)

2018-10-20 08:48:19 - [TEST_STEP][FAILED] - click: Unable to click on object 'Object Repository/Final Object Repo/WorkFlow Listing Page/Search Information - To Put Ref No' (Root cause: com.kms.katalon.core.webui.exception.WebElementNotFoundException: Web element with id: 'Object Repository/Final Object Repo/WorkFlow Listing Page/Search Information - To Put Ref No' located by 'By.xpath: //h2[@data-target = '#_workflowlisting_WAR_baseportlet_searchDiv' and (text() = 'Search Information' or . = 'Search Information')]' not found)

2018-10-20 08:50:29 - [MESSAGE][FAILED] - Unable to click on object 'Object Repository/Final Object Repo/WorkFlow Listing Page/Search Information - To Put Ref No' (Root cause: com.kms.katalon.core.webui.exception.WebElementNotFoundException: Web element with id: 'Object Repository/Final Object Repo/WorkFlow Listing Page/Search Information - To Put Ref No' located by 'By.xpath: //h2[@data-target = '#_workflowlisting_WAR_baseportlet_searchDiv' and (text() = 'Search Information' or . = 'Search Information')]' not found)
[[ATTACHMENT|C:\\Users\\LENOVO\\Katalon Studio\\Perkeso Phase A\\Reports\\Workflow\\Form 3 EIS - Cessation as Employer\\20181020_023210\\1539996629122.png]]

2018-10-20 08:50:29 - [TEST_STEP][PASSED] - delay: Delayed 2 second(s)

2018-10-20 08:50:31 - [MESSAGE][PASSED] - Delayed 2 second(s)

2018-10-20 08:50:31 - [TEST_STEP][PASSED] - callTestCase: Call Test Case 'Test Cases/Final Aug 2018 - PKS Automation/Common/Reference Number Getter' successfully

2018-10-20 08:50:31 - [TEST_CASE][PASSED] - Test Cases/Final Aug 2018 - PKS Automation/Common/Reference Number Getter: Test Cases/Final Aug 2018 - PKS Automation/Common/Reference Number Getter

2018-10-20 08:50:31 - [TEST_STEP][PASSED] - Statement - Try: null

2018-10-20 08:50:31 - [TEST_STEP][PASSED] - Statement - RefNo = new java.io.File(C://KatalonReference.txt): null

2018-10-20 08:50:31 - [TEST_STEP][PASSED] - Statement - bufferread = new java.io.BufferedReader(new java.io.FileReader(RefNo)): null

2018-10-20 08:50:31 - [TEST_STEP][PASSED] - Statement - readedVal = bufferread.readLine(): null

2018-10-20 08:50:31 - [TEST_STEP][PASSED] - Statement - out.println(CaseReferenceNo): null

2018-10-20 08:50:31 - [TEST_STEP][PASSED] - Statement - out.println(readedVal): null

2018-10-20 08:50:31 - [TEST_STEP][PASSED] - Statement - CaseReferenceNo = readedVal: null

2018-10-20 08:50:31 - [MESSAGE][PASSED] - Call Test Case 'Test Cases/Final Aug 2018 - PKS Automation/Common/Reference Number Getter' successfully

2018-10-20 08:50:31 - [TEST_STEP][FAILED] - setText: Unable to set text 'ERN102018C200002177ERN102018C200002178' of object 'Object Repository/Final Object Repo/WorkFlow Listing Page/Ref No Set Text' (Root cause: com.kms.katalon.core.webui.exception.WebElementNotFoundException: Web element with id: 'Object Repository/Final Object Repo/WorkFlow Listing Page/Ref No Set Text' located by 'By.xpath: //input[@id = '_workflowlisting_WAR_baseportlet_dto.trxReferenceNum' and @name = '_workflowlisting_WAR_baseportlet_dto.trxReferenceNum' and @type = 'text']' not found)

2018-10-20 08:52:42 - [MESSAGE][FAILED] - Unable to set text 'ERN102018C200002177ERN102018C200002178' of object 'Object Repository/Final Object Repo/WorkFlow Listing Page/Ref No Set Text' (Root cause: com.kms.katalon.core.webui.exception.WebElementNotFoundException: Web element with id: 'Object Repository/Final Object Repo/WorkFlow Listing Page/Ref No Set Text' located by 'By.xpath: //input[@id = '_workflowlisting_WAR_baseportlet_dto.trxReferenceNum' and @name = '_workflowlisting_WAR_baseportlet_dto.trxReferenceNum' and @type = 'text']' not found)
[[ATTACHMENT|C:\\Users\\LENOVO\\Katalon Studio\\Perkeso Phase A\\Reports\\Workflow\\Form 3 EIS - Cessation as Employer\\20181020_023210\\1539996761759.png]]

2018-10-20 08:52:42 - [TEST_STEP][PASSED] - delay: Delayed 2 second(s)

2018-10-20 08:52:44 - [MESSAGE][PASSED] - Delayed 2 second(s)

2018-10-20 08:52:44 - [TEST_STEP][FAILED] - click: Unable to click on object 'Object Repository/Final Object Repo/WorkFlow Listing Page/Search Ref No Search Button' (Root cause: org.openqa.selenium.ElementNotVisibleException: element not visible
  (Session info: chrome=69.0.3497.100)
  (Driver info: chromedriver=2.35.528161 (5b82f2d2aae0ca24b877009200ced9065a772e73),platform=Windows NT 6.1.7601 SP1 x86_64) (WARNING: The server did not provide any stacktrace information)
Command duration or timeout: 0 milliseconds
Build info: version: '3.7.1', revision: '8a0099a', time: '2017-11-06T21:07:36.161Z'
System info: host: 'WEIZHENG', ip: '192.168.137.1', os.name: 'Windows 7', os.arch: 'amd64', os.version: '6.1', java.version: '1.8.0_181'
Driver info: com.kms.katalon.selenium.driver.CChromeDriver
Capabilities {acceptInsecureCerts: false, acceptSslCerts: false, applicationCacheEnabled: false, browserConnectionEnabled: false, browserName: chrome, chrome: {chromedriverVersion: 2.35.528161 (5b82f2d2aae0ca..., userDataDir: C:\Users\WEIZHE~1\AppData\L...}, cssSelectorsEnabled: true, databaseEnabled: false, handlesAlerts: true, hasTouchScreen: false, javascriptEnabled: true, locationContextEnabled: true, mobileEmulationEnabled: false, nativeEvents: true, networkConnectionEnabled: false, pageLoadStrategy: normal, platform: XP, platformName: XP, rotatable: false, setWindowRect: true, takesHeapSnapshot: true, takesScreenshot: true, unexpectedAlertBehaviour: , unhandledPromptBehavior: , version: 69.0.3497.100, webStorageEnabled: true}
Session ID: 4166bc4e8db0060c572f6c27e179e40c)

2018-10-20 08:52:44 - [MESSAGE][FAILED] - Unable to click on object 'Object Repository/Final Object Repo/WorkFlow Listing Page/Search Ref No Search Button' (Root cause: org.openqa.selenium.ElementNotVisibleException: element not visible
  (Session info: chrome=69.0.3497.100)
  (Driver info: chromedriver=2.35.528161 (5b82f2d2aae0ca24b877009200ced9065a772e73),platform=Windows NT 6.1.7601 SP1 x86_64) (WARNING: The server did not provide any stacktrace information)
Command duration or timeout: 0 milliseconds
Build info: version: '3.7.1', revision: '8a0099a', time: '2017-11-06T21:07:36.161Z'
System info: host: 'WEIZHENG', ip: '192.168.137.1', os.name: 'Windows 7', os.arch: 'amd64', os.version: '6.1', java.version: '1.8.0_181'
Driver info: com.kms.katalon.selenium.driver.CChromeDriver
Capabilities {acceptInsecureCerts: false, acceptSslCerts: false, applicationCacheEnabled: false, browserConnectionEnabled: false, browserName: chrome, chrome: {chromedriverVersion: 2.35.528161 (5b82f2d2aae0ca..., userDataDir: C:\Users\WEIZHE~1\AppData\L...}, cssSelectorsEnabled: true, databaseEnabled: false, handlesAlerts: true, hasTouchScreen: false, javascriptEnabled: true, locationContextEnabled: true, mobileEmulationEnabled: false, nativeEvents: true, networkConnectionEnabled: false, pageLoadStrategy: normal, platform: XP, platformName: XP, rotatable: false, setWindowRect: true, takesHeapSnapshot: true, takesScreenshot: true, unexpectedAlertBehaviour: , unhandledPromptBehavior: , version: 69.0.3497.100, webStorageEnabled: true}
Session ID: 4166bc4e8db0060c572f6c27e179e40c)
[[ATTACHMENT|C:\\Users\\LENOVO\\Katalon Studio\\Perkeso Phase A\\Reports\\Workflow\\Form 3 EIS - Cessation as Employer\\20181020_023210\\1539996764172.png]]

2018-10-20 08:52:44 - [TEST_STEP][PASSED] - delay: Delayed 4 second(s)

2018-10-20 08:52:48 - [MESSAGE][PASSED] - Delayed 4 second(s)

2018-10-20 08:52:48 - [TEST_STEP][PASSED] - click: Object: 'Object Repository/Final Object Repo/WorkFlow Listing Page/Click Continue Tooltip' is clicked on

2018-10-20 08:52:50 - [MESSAGE][PASSED] - Object: 'Object Repository/Final Object Repo/WorkFlow Listing Page/Click Continue Tooltip' is clicked on

2018-10-20 08:52:50 - [TEST_STEP][PASSED] - delay: Delayed 5 second(s)

2018-10-20 08:52:55 - [MESSAGE][PASSED] - Delayed 5 second(s)

2018-10-20 08:52:55 - [TEST_STEP][FAILED] - doubleClick: Unable to double click on object 'Object Repository/Final Object Repo/WorkFlow Listing Page/Workflow Found - Listing 1' (Root cause: com.kms.katalon.core.webui.exception.WebElementNotFoundException: Web element with id: 'Object Repository/Final Object Repo/WorkFlow Listing Page/Workflow Found - Listing 1' located by 'By.xpath: //body/div/div/div/div/div/div/div/div/div/div/div/div/div/div/div/div/table/tbody/tr/td[@class='table-cell  first']/following-sibling::td[1]' not found)

2018-10-20 08:55:04 - [MESSAGE][FAILED] - Unable to double click on object 'Object Repository/Final Object Repo/WorkFlow Listing Page/Workflow Found - Listing 1' (Root cause: com.kms.katalon.core.webui.exception.WebElementNotFoundException: Web element with id: 'Object Repository/Final Object Repo/WorkFlow Listing Page/Workflow Found - Listing 1' located by 'By.xpath: //body/div/div/div/div/div/div/div/div/div/div/div/div/div/div/div/div/table/tbody/tr/td[@class='table-cell  first']/following-sibling::td[1]' not found)
[[ATTACHMENT|C:\\Users\\LENOVO\\Katalon Studio\\Perkeso Phase A\\Reports\\Workflow\\Form 3 EIS - Cessation as Employer\\20181020_023210\\1539996903810.png]]

2018-10-20 08:55:04 - [MESSAGE][FAILED] - Unable to call Test Case with id 'Test Cases/Final Aug 2018 - PKS Automation/Common/Workflow Owner Finder' (Root cause: Call Test Case 'Test Cases/Final Aug 2018 - PKS Automation/Common/Workflow Owner Finder' failed)

2018-10-20 08:55:04 - [MESSAGE][FAILED] - Unable to call Test Case with id 'Test Cases/Final Aug 2018 - PKS Automation/Registration Module/Workflow/Form 3 EIS - Cessation As Employer/Template/Form 3 A - Cessation As Employer (Under enforcement)' (Root cause: Call Test Case 'Test Cases/Final Aug 2018 - PKS Automation/Registration Module/Workflow/Form 3 EIS - Cessation As Employer/Template/Form 3 A - Cessation As Employer (Under enforcement)' failed)]]></system-out>
         <system-err><![CDATA[2018-10-20 08:44:19 - [TEST_CASE][FAILED] - Test Cases/Final Aug 2018 - PKS Automation/Registration Module/Workflow/Form 3 EIS - Cessation As Employer/Employer to UO (Under enforcement): Test Cases/Final Aug 2018 - PKS Automation/Registration Module/Workflow/Form 3 EIS - Cessation As Employer/Employer to UO (Under enforcement) FAILED because (of) (Stack trace: com.kms.katalon.core.exception.StepFailedException: Unable to click on object 'Object Repository/Final Object Repo/Landing Page/Select to English' (Root cause: com.kms.katalon.core.webui.exception.WebElementNotFoundException: Web element with id: 'Object Repository/Final Object Repo/Landing Page/Select to English' located by 'By.xpath: //a[@class = 'taglib-language-list-text' and @lang = 'en-US' and (contains(text(), 'EN') or contains(., 'EN'))]' not found)
	at com.kms.katalon.core.keyword.internal.KeywordMain.stepFailed(KeywordMain.groovy:32)
	at com.kms.katalon.core.webui.keyword.internal.WebUIKeywordMain.stepFailed(WebUIKeywordMain.groovy:65)
	at com.kms.katalon.core.webui.keyword.internal.WebUIKeywordMain.runKeyword(WebUIKeywordMain.groovy:27)
	at com.kms.katalon.core.webui.keyword.builtin.ClickKeyword.click(ClickKeyword.groovy:86)
	at com.kms.katalon.core.webui.keyword.builtin.ClickKeyword.execute(ClickKeyword.groovy:67)
	at com.kms.katalon.core.keyword.internal.KeywordExecutor.executeKeywordForPlatform(KeywordExecutor.groovy:53)
	at com.kms.katalon.core.webui.keyword.WebUiBuiltInKeywords.click(WebUiBuiltInKeywords.groovy:604)
	at com.kms.katalon.core.webui.keyword.WebUiBuiltInKeywords$click$8.call(Unknown Source)
	at Script1534407542420.run(Script1534407542420.groovy:57)
	at com.kms.katalon.core.main.ScriptEngine.run(ScriptEngine.java:183)
	at com.kms.katalon.core.main.ScriptEngine.runScriptAsRawText(ScriptEngine.java:108)
	at com.kms.katalon.core.main.TestCaseExecutor.runScript(TestCaseExecutor.java:294)
	at com.kms.katalon.core.main.TestCaseExecutor.doExecute(TestCaseExecutor.java:285)
	at com.kms.katalon.core.main.TestCaseExecutor.processExecutionPhase(TestCaseExecutor.java:264)
	at com.kms.katalon.core.main.TestCaseExecutor.accessMainPhase(TestCaseExecutor.java:256)
	at com.kms.katalon.core.main.TestCaseExecutor.execute(TestCaseExecutor.java:200)
	at com.kms.katalon.core.main.TestCaseMain.runTestCase(TestCaseMain.java:99)
	at com.kms.katalon.core.keyword.builtin.CallTestCaseKeyword$_callTestCase_closure1.doCall(CallTestCaseKeyword.groovy:60)
	at com.kms.katalon.core.keyword.builtin.CallTestCaseKeyword$_callTestCase_closure1.call(CallTestCaseKeyword.groovy)
	at com.kms.katalon.core.keyword.internal.KeywordMain.runKeyword(KeywordMain.groovy:54)
	at com.kms.katalon.core.keyword.builtin.CallTestCaseKeyword.callTestCase(CallTestCaseKeyword.groovy:81)
	at com.kms.katalon.core.keyword.builtin.CallTestCaseKeyword.execute(CallTestCaseKeyword.groovy:45)
	at com.kms.katalon.core.keyword.internal.KeywordExecutor.executeKeywordForPlatform(KeywordExecutor.groovy:53)
	at com.kms.katalon.core.keyword.BuiltinKeywords.callTestCase(BuiltinKeywords.groovy:334)
	at sun.reflect.GeneratedMethodAccessor13.invoke(Unknown Source)
	at sun.reflect.DelegatingMethodAccessorImpl.invoke(DelegatingMethodAccessorImpl.java:43)
	at java.lang.reflect.Method.invoke(Method.java:498)
	at org.codehaus.groovy.reflection.CachedMethod.invoke(CachedMethod.java:93)
	at groovy.lang.MetaMethod.doMethodInvoke(MetaMethod.java:325)
	at groovy.lang.MetaClassImpl.invokeStaticMethod(MetaClassImpl.java:1469)
	at org.codehaus.groovy.runtime.callsite.StaticMetaClassSite.call(StaticMetaClassSite.java:53)
	at org.codehaus.groovy.runtime.callsite.CallSiteArray.defaultCall(CallSiteArray.java:48)
	at org.codehaus.groovy.runtime.callsite.AbstractCallSite.call(AbstractCallSite.java:113)
	at org.codehaus.groovy.runtime.callsite.AbstractCallSite.call(AbstractCallSite.java:141)
	at Script1536113546450.run(Script1536113546450.groovy:34)
	at com.kms.katalon.core.main.ScriptEngine.run(ScriptEngine.java:183)
	at com.kms.katalon.core.main.ScriptEngine.runScriptAsRawText(ScriptEngine.java:108)
	at com.kms.katalon.core.main.TestCaseExecutor.runScript(TestCaseExecutor.java:294)
	at com.kms.katalon.core.main.TestCaseExecutor.doExecute(TestCaseExecutor.java:285)
	at com.kms.katalon.core.main.TestCaseExecutor.processExecutionPhase(TestCaseExecutor.java:264)
	at com.kms.katalon.core.main.TestCaseExecutor.accessMainPhase(TestCaseExecutor.java:256)
	at com.kms.katalon.core.main.TestCaseExecutor.execute(TestCaseExecutor.java:200)
	at com.kms.katalon.core.main.TestCaseMain.runTestCase(TestCaseMain.java:99)
	at com.kms.katalon.core.keyword.builtin.CallTestCaseKeyword$_callTestCase_closure1.doCall(CallTestCaseKeyword.groovy:60)
	at com.kms.katalon.core.keyword.builtin.CallTestCaseKeyword$_callTestCase_closure1.call(CallTestCaseKeyword.groovy)
	at com.kms.katalon.core.keyword.internal.KeywordMain.runKeyword(KeywordMain.groovy:54)
	at com.kms.katalon.core.keyword.builtin.CallTestCaseKeyword.callTestCase(CallTestCaseKeyword.groovy:81)
	at com.kms.katalon.core.keyword.builtin.CallTestCaseKeyword.execute(CallTestCaseKeyword.groovy:45)
	at com.kms.katalon.core.keyword.internal.KeywordExecutor.executeKeywordForPlatform(KeywordExecutor.groovy:53)
	at com.kms.katalon.core.keyword.BuiltinKeywords.callTestCase(BuiltinKeywords.groovy:334)
	at sun.reflect.GeneratedMethodAccessor13.invoke(Unknown Source)
	at sun.reflect.DelegatingMethodAccessorImpl.invoke(DelegatingMethodAccessorImpl.java:43)
	at java.lang.reflect.Method.invoke(Method.java:498)
	at org.codehaus.groovy.reflection.CachedMethod.invoke(CachedMethod.java:93)
	at groovy.lang.MetaMethod.doMethodInvoke(MetaMethod.java:325)
	at groovy.lang.MetaClassImpl.invokeStaticMethod(MetaClassImpl.java:1469)
	at org.codehaus.groovy.runtime.callsite.StaticMetaClassSite.call(StaticMetaClassSite.java:53)
	at org.codehaus.groovy.runtime.callsite.CallSiteArray.defaultCall(CallSiteArray.java:48)
	at org.codehaus.groovy.runtime.callsite.AbstractCallSite.call(AbstractCallSite.java:113)
	at org.codehaus.groovy.runtime.callsite.AbstractCallSite.call(AbstractCallSite.java:141)
	at Script1536733775156.run(Script1536733775156.groovy:25)
	at com.kms.katalon.core.main.ScriptEngine.run(ScriptEngine.java:183)
	at com.kms.katalon.core.main.ScriptEngine.runScriptAsRawText(ScriptEngine.java:108)
	at com.kms.katalon.core.main.TestCaseExecutor.runScript(TestCaseExecutor.java:294)
	at com.kms.katalon.core.main.TestCaseExecutor.doExecute(TestCaseExecutor.java:285)
	at com.kms.katalon.core.main.TestCaseExecutor.processExecutionPhase(TestCaseExecutor.java:264)
	at com.kms.katalon.core.main.TestCaseExecutor.accessMainPhase(TestCaseExecutor.java:256)
	at com.kms.katalon.core.main.TestCaseExecutor.execute(TestCaseExecutor.java:200)
	at com.kms.katalon.core.main.TestSuiteExecutor.accessTestCaseMainPhase(TestSuiteExecutor.java:129)
	at com.kms.katalon.core.main.TestSuiteExecutor.accessTestSuiteMainPhase(TestSuiteExecutor.java:112)
	at com.kms.katalon.core.main.TestSuiteExecutor.execute(TestSuiteExecutor.java:81)
	at com.kms.katalon.core.main.TestCaseMain.startTestSuite(TestCaseMain.java:142)
	at com.kms.katalon.core.main.TestCaseMain$startTestSuite$0.call(Unknown Source)
	at org.codehaus.groovy.runtime.callsite.CallSiteArray.defaultCall(CallSiteArray.java:48)
	at org.codehaus.groovy.runtime.callsite.AbstractCallSite.call(AbstractCallSite.java:113)
	at org.codehaus.groovy.runtime.callsite.AbstractCallSite.call(AbstractCallSite.java:141)
	at TempTestSuite1539973930605.run(TempTestSuite1539973930605.groovy:36)
	at groovy.lang.GroovyShell.runScriptOrMainOrTestOrRunnable(GroovyShell.java:263)
	at groovy.lang.GroovyShell.run(GroovyShell.java:518)
	at groovy.lang.GroovyShell.run(GroovyShell.java:507)
	at groovy.ui.GroovyMain.processOnce(GroovyMain.java:653)
	at groovy.ui.GroovyMain.run(GroovyMain.java:384)
	at groovy.ui.GroovyMain.process(GroovyMain.java:370)
	at groovy.ui.GroovyMain.processArgs(GroovyMain.java:129)
	at groovy.ui.GroovyMain.main(GroovyMain.java:109)
	at sun.reflect.NativeMethodAccessorImpl.invoke0(Native Method)
	at sun.reflect.NativeMethodAccessorImpl.invoke(NativeMethodAccessorImpl.java:62)
	at sun.reflect.DelegatingMethodAccessorImpl.invoke(DelegatingMethodAccessorImpl.java:43)
	at java.lang.reflect.Method.invoke(Method.java:498)
	at org.codehaus.groovy.tools.GroovyStarter.rootLoader(GroovyStarter.java:109)
	at org.codehaus.groovy.tools.GroovyStarter.main(GroovyStarter.java:131)
)]]></system-err>
      </testcase>
      <testcase name="Test Cases/Final Aug 2018 - PKS Automation/Registration Module/Workflow/Form 3 EIS - Cessation As Employer/OTC to UO (Approve)" classname="Test Cases/Final Aug 2018 - PKS Automation/Registration Module/Workflow/Form 3 EIS - Cessation As Employer/OTC to UO (Approve)" status="FAILED">
         <failure type="FAILED" message="(Stack trace: com.kms.katalon.core.exception.StepFailedException: Unable to click on object 'Object Repository/Final Object Repo/Landing Page/Select to English' (Root cause: com.kms.katalon.core.webui.exception.WebElementNotFoundException: Web element with id: 'Object Repository/Final Object Repo/Landing Page/Select to English' located by 'By.xpath: //a[@class = 'taglib-language-list-text' and @lang = 'en-US' and (contains(text(), 'EN') or contains(., 'EN'))]' not found)
	at com.kms.katalon.core.keyword.internal.KeywordMain.stepFailed(KeywordMain.groovy:32)
	at com.kms.katalon.core.webui.keyword.internal.WebUIKeywordMain.stepFailed(WebUIKeywordMain.groovy:65)
	at com.kms.katalon.core.webui.keyword.internal.WebUIKeywordMain.runKeyword(WebUIKeywordMain.groovy:27)
	at com.kms.katalon.core.webui.keyword.builtin.ClickKeyword.click(ClickKeyword.groovy:86)
	at com.kms.katalon.core.webui.keyword.builtin.ClickKeyword.execute(ClickKeyword.groovy:67)
	at com.kms.katalon.core.keyword.internal.KeywordExecutor.executeKeywordForPlatform(KeywordExecutor.groovy:53)
	at com.kms.katalon.core.webui.keyword.WebUiBuiltInKeywords.click(WebUiBuiltInKeywords.groovy:604)
	at com.kms.katalon.core.webui.keyword.WebUiBuiltInKeywords$click$8.call(Unknown Source)
	at Script1534407542420.run(Script1534407542420.groovy:57)
	at com.kms.katalon.core.main.ScriptEngine.run(ScriptEngine.java:183)
	at com.kms.katalon.core.main.ScriptEngine.runScriptAsRawText(ScriptEngine.java:108)
	at com.kms.katalon.core.main.TestCaseExecutor.runScript(TestCaseExecutor.java:294)
	at com.kms.katalon.core.main.TestCaseExecutor.doExecute(TestCaseExecutor.java:285)
	at com.kms.katalon.core.main.TestCaseExecutor.processExecutionPhase(TestCaseExecutor.java:264)
	at com.kms.katalon.core.main.TestCaseExecutor.accessMainPhase(TestCaseExecutor.java:256)
	at com.kms.katalon.core.main.TestCaseExecutor.execute(TestCaseExecutor.java:200)
	at com.kms.katalon.core.main.TestCaseMain.runTestCase(TestCaseMain.java:99)
	at com.kms.katalon.core.keyword.builtin.CallTestCaseKeyword$_callTestCase_closure1.doCall(CallTestCaseKeyword.groovy:60)
	at com.kms.katalon.core.keyword.builtin.CallTestCaseKeyword$_callTestCase_closure1.call(CallTestCaseKeyword.groovy)
	at com.kms.katalon.core.keyword.internal.KeywordMain.runKeyword(KeywordMain.groovy:54)
	at com.kms.katalon.core.keyword.builtin.CallTestCaseKeyword.callTestCase(CallTestCaseKeyword.groovy:81)
	at com.kms.katalon.core.keyword.builtin.CallTestCaseKeyword.execute(CallTestCaseKeyword.groovy:45)
	at com.kms.katalon.core.keyword.internal.KeywordExecutor.executeKeywordForPlatform(KeywordExecutor.groovy:53)
	at com.kms.katalon.core.keyword.BuiltinKeywords.callTestCase(BuiltinKeywords.groovy:334)
	at sun.reflect.GeneratedMethodAccessor13.invoke(Unknown Source)
	at sun.reflect.DelegatingMethodAccessorImpl.invoke(DelegatingMethodAccessorImpl.java:43)
	at java.lang.reflect.Method.invoke(Method.java:498)
	at org.codehaus.groovy.reflection.CachedMethod.invoke(CachedMethod.java:93)
	at groovy.lang.MetaMethod.doMethodInvoke(MetaMethod.java:325)
	at groovy.lang.MetaClassImpl.invokeStaticMethod(MetaClassImpl.java:1469)
	at org.codehaus.groovy.runtime.callsite.StaticMetaClassSite.call(StaticMetaClassSite.java:53)
	at org.codehaus.groovy.runtime.callsite.CallSiteArray.defaultCall(CallSiteArray.java:48)
	at org.codehaus.groovy.runtime.callsite.AbstractCallSite.call(AbstractCallSite.java:113)
	at org.codehaus.groovy.runtime.callsite.AbstractCallSite.call(AbstractCallSite.java:141)
	at Script1536043843412.run(Script1536043843412.groovy:34)
	at com.kms.katalon.core.main.ScriptEngine.run(ScriptEngine.java:183)
	at com.kms.katalon.core.main.ScriptEngine.runScriptAsRawText(ScriptEngine.java:108)
	at com.kms.katalon.core.main.TestCaseExecutor.runScript(TestCaseExecutor.java:294)
	at com.kms.katalon.core.main.TestCaseExecutor.doExecute(TestCaseExecutor.java:285)
	at com.kms.katalon.core.main.TestCaseExecutor.processExecutionPhase(TestCaseExecutor.java:264)
	at com.kms.katalon.core.main.TestCaseExecutor.accessMainPhase(TestCaseExecutor.java:256)
	at com.kms.katalon.core.main.TestCaseExecutor.execute(TestCaseExecutor.java:200)
	at com.kms.katalon.core.main.TestCaseMain.runTestCase(TestCaseMain.java:99)
	at com.kms.katalon.core.keyword.builtin.CallTestCaseKeyword$_callTestCase_closure1.doCall(CallTestCaseKeyword.groovy:60)
	at com.kms.katalon.core.keyword.builtin.CallTestCaseKeyword$_callTestCase_closure1.call(CallTestCaseKeyword.groovy)
	at com.kms.katalon.core.keyword.internal.KeywordMain.runKeyword(KeywordMain.groovy:54)
	at com.kms.katalon.core.keyword.builtin.CallTestCaseKeyword.callTestCase(CallTestCaseKeyword.groovy:81)
	at com.kms.katalon.core.keyword.builtin.CallTestCaseKeyword.execute(CallTestCaseKeyword.groovy:45)
	at com.kms.katalon.core.keyword.internal.KeywordExecutor.executeKeywordForPlatform(KeywordExecutor.groovy:53)
	at com.kms.katalon.core.keyword.BuiltinKeywords.callTestCase(BuiltinKeywords.groovy:334)
	at sun.reflect.GeneratedMethodAccessor13.invoke(Unknown Source)
	at sun.reflect.DelegatingMethodAccessorImpl.invoke(DelegatingMethodAccessorImpl.java:43)
	at java.lang.reflect.Method.invoke(Method.java:498)
	at org.codehaus.groovy.reflection.CachedMethod.invoke(CachedMethod.java:93)
	at groovy.lang.MetaMethod.doMethodInvoke(MetaMethod.java:325)
	at groovy.lang.MetaClassImpl.invokeStaticMethod(MetaClassImpl.java:1469)
	at org.codehaus.groovy.runtime.callsite.StaticMetaClassSite.call(StaticMetaClassSite.java:53)
	at org.codehaus.groovy.runtime.callsite.CallSiteArray.defaultCall(CallSiteArray.java:48)
	at org.codehaus.groovy.runtime.callsite.AbstractCallSite.call(AbstractCallSite.java:113)
	at org.codehaus.groovy.runtime.callsite.AbstractCallSite.call(AbstractCallSite.java:141)
	at Script1536203236794.run(Script1536203236794.groovy:25)
	at com.kms.katalon.core.main.ScriptEngine.run(ScriptEngine.java:183)
	at com.kms.katalon.core.main.ScriptEngine.runScriptAsRawText(ScriptEngine.java:108)
	at com.kms.katalon.core.main.TestCaseExecutor.runScript(TestCaseExecutor.java:294)
	at com.kms.katalon.core.main.TestCaseExecutor.doExecute(TestCaseExecutor.java:285)
	at com.kms.katalon.core.main.TestCaseExecutor.processExecutionPhase(TestCaseExecutor.java:264)
	at com.kms.katalon.core.main.TestCaseExecutor.accessMainPhase(TestCaseExecutor.java:256)
	at com.kms.katalon.core.main.TestCaseExecutor.execute(TestCaseExecutor.java:200)
	at com.kms.katalon.core.main.TestSuiteExecutor.accessTestCaseMainPhase(TestSuiteExecutor.java:129)
	at com.kms.katalon.core.main.TestSuiteExecutor.accessTestSuiteMainPhase(TestSuiteExecutor.java:112)
	at com.kms.katalon.core.main.TestSuiteExecutor.execute(TestSuiteExecutor.java:81)
	at com.kms.katalon.core.main.TestCaseMain.startTestSuite(TestCaseMain.java:142)
	at com.kms.katalon.core.main.TestCaseMain$startTestSuite$0.call(Unknown Source)
	at org.codehaus.groovy.runtime.callsite.CallSiteArray.defaultCall(CallSiteArray.java:48)
	at org.codehaus.groovy.runtime.callsite.AbstractCallSite.call(AbstractCallSite.java:113)
	at org.codehaus.groovy.runtime.callsite.AbstractCallSite.call(AbstractCallSite.java:141)
	at TempTestSuite1539973930605.run(TempTestSuite1539973930605.groovy:36)
	at groovy.lang.GroovyShell.runScriptOrMainOrTestOrRunnable(GroovyShell.java:263)
	at groovy.lang.GroovyShell.run(GroovyShell.java:518)
	at groovy.lang.GroovyShell.run(GroovyShell.java:507)
	at groovy.ui.GroovyMain.processOnce(GroovyMain.java:653)
	at groovy.ui.GroovyMain.run(GroovyMain.java:384)
	at groovy.ui.GroovyMain.process(GroovyMain.java:370)
	at groovy.ui.GroovyMain.processArgs(GroovyMain.java:129)
	at groovy.ui.GroovyMain.main(GroovyMain.java:109)
	at sun.reflect.NativeMethodAccessorImpl.invoke0(Native Method)
	at sun.reflect.NativeMethodAccessorImpl.invoke(NativeMethodAccessorImpl.java:62)
	at sun.reflect.DelegatingMethodAccessorImpl.invoke(DelegatingMethodAccessorImpl.java:43)
	at java.lang.reflect.Method.invoke(Method.java:498)
	at org.codehaus.groovy.tools.GroovyStarter.rootLoader(GroovyStarter.java:109)
	at org.codehaus.groovy.tools.GroovyStarter.main(GroovyStarter.java:131)
)"/>
         <system-out><![CDATA[2018-10-20 08:55:04 - [TEST_CASE][FAILED] - Test Cases/Final Aug 2018 - PKS Automation/Registration Module/Workflow/Form 3 EIS - Cessation As Employer/OTC to UO (Approve): Test Cases/Final Aug 2018 - PKS Automation/Registration Module/Workflow/Form 3 EIS - Cessation As Employer/OTC to UO (Approve) FAILED because (of) (Stack trace: com.kms.katalon.core.exception.StepFailedException: Unable to click on object 'Object Repository/Final Object Repo/Landing Page/Select to English' (Root cause: com.kms.katalon.core.webui.exception.WebElementNotFoundException: Web element with id: 'Object Repository/Final Object Repo/Landing Page/Select to English' located by 'By.xpath: //a[@class = 'taglib-language-list-text' and @lang = 'en-US' and (contains(text(), 'EN') or contains(., 'EN'))]' not found)
	at com.kms.katalon.core.keyword.internal.KeywordMain.stepFailed(KeywordMain.groovy:32)
	at com.kms.katalon.core.webui.keyword.internal.WebUIKeywordMain.stepFailed(WebUIKeywordMain.groovy:65)
	at com.kms.katalon.core.webui.keyword.internal.WebUIKeywordMain.runKeyword(WebUIKeywordMain.groovy:27)
	at com.kms.katalon.core.webui.keyword.builtin.ClickKeyword.click(ClickKeyword.groovy:86)
	at com.kms.katalon.core.webui.keyword.builtin.ClickKeyword.execute(ClickKeyword.groovy:67)
	at com.kms.katalon.core.keyword.internal.KeywordExecutor.executeKeywordForPlatform(KeywordExecutor.groovy:53)
	at com.kms.katalon.core.webui.keyword.WebUiBuiltInKeywords.click(WebUiBuiltInKeywords.groovy:604)
	at com.kms.katalon.core.webui.keyword.WebUiBuiltInKeywords$click$8.call(Unknown Source)
	at Script1534407542420.run(Script1534407542420.groovy:57)
	at com.kms.katalon.core.main.ScriptEngine.run(ScriptEngine.java:183)
	at com.kms.katalon.core.main.ScriptEngine.runScriptAsRawText(ScriptEngine.java:108)
	at com.kms.katalon.core.main.TestCaseExecutor.runScript(TestCaseExecutor.java:294)
	at com.kms.katalon.core.main.TestCaseExecutor.doExecute(TestCaseExecutor.java:285)
	at com.kms.katalon.core.main.TestCaseExecutor.processExecutionPhase(TestCaseExecutor.java:264)
	at com.kms.katalon.core.main.TestCaseExecutor.accessMainPhase(TestCaseExecutor.java:256)
	at com.kms.katalon.core.main.TestCaseExecutor.execute(TestCaseExecutor.java:200)
	at com.kms.katalon.core.main.TestCaseMain.runTestCase(TestCaseMain.java:99)
	at com.kms.katalon.core.keyword.builtin.CallTestCaseKeyword$_callTestCase_closure1.doCall(CallTestCaseKeyword.groovy:60)
	at com.kms.katalon.core.keyword.builtin.CallTestCaseKeyword$_callTestCase_closure1.call(CallTestCaseKeyword.groovy)
	at com.kms.katalon.core.keyword.internal.KeywordMain.runKeyword(KeywordMain.groovy:54)
	at com.kms.katalon.core.keyword.builtin.CallTestCaseKeyword.callTestCase(CallTestCaseKeyword.groovy:81)
	at com.kms.katalon.core.keyword.builtin.CallTestCaseKeyword.execute(CallTestCaseKeyword.groovy:45)
	at com.kms.katalon.core.keyword.internal.KeywordExecutor.executeKeywordForPlatform(KeywordExecutor.groovy:53)
	at com.kms.katalon.core.keyword.BuiltinKeywords.callTestCase(BuiltinKeywords.groovy:334)
	at sun.reflect.GeneratedMethodAccessor13.invoke(Unknown Source)
	at sun.reflect.DelegatingMethodAccessorImpl.invoke(DelegatingMethodAccessorImpl.java:43)
	at java.lang.reflect.Method.invoke(Method.java:498)
	at org.codehaus.groovy.reflection.CachedMethod.invoke(CachedMethod.java:93)
	at groovy.lang.MetaMethod.doMethodInvoke(MetaMethod.java:325)
	at groovy.lang.MetaClassImpl.invokeStaticMethod(MetaClassImpl.java:1469)
	at org.codehaus.groovy.runtime.callsite.StaticMetaClassSite.call(StaticMetaClassSite.java:53)
	at org.codehaus.groovy.runtime.callsite.CallSiteArray.defaultCall(CallSiteArray.java:48)
	at org.codehaus.groovy.runtime.callsite.AbstractCallSite.call(AbstractCallSite.java:113)
	at org.codehaus.groovy.runtime.callsite.AbstractCallSite.call(AbstractCallSite.java:141)
	at Script1536043843412.run(Script1536043843412.groovy:34)
	at com.kms.katalon.core.main.ScriptEngine.run(ScriptEngine.java:183)
	at com.kms.katalon.core.main.ScriptEngine.runScriptAsRawText(ScriptEngine.java:108)
	at com.kms.katalon.core.main.TestCaseExecutor.runScript(TestCaseExecutor.java:294)
	at com.kms.katalon.core.main.TestCaseExecutor.doExecute(TestCaseExecutor.java:285)
	at com.kms.katalon.core.main.TestCaseExecutor.processExecutionPhase(TestCaseExecutor.java:264)
	at com.kms.katalon.core.main.TestCaseExecutor.accessMainPhase(TestCaseExecutor.java:256)
	at com.kms.katalon.core.main.TestCaseExecutor.execute(TestCaseExecutor.java:200)
	at com.kms.katalon.core.main.TestCaseMain.runTestCase(TestCaseMain.java:99)
	at com.kms.katalon.core.keyword.builtin.CallTestCaseKeyword$_callTestCase_closure1.doCall(CallTestCaseKeyword.groovy:60)
	at com.kms.katalon.core.keyword.builtin.CallTestCaseKeyword$_callTestCase_closure1.call(CallTestCaseKeyword.groovy)
	at com.kms.katalon.core.keyword.internal.KeywordMain.runKeyword(KeywordMain.groovy:54)
	at com.kms.katalon.core.keyword.builtin.CallTestCaseKeyword.callTestCase(CallTestCaseKeyword.groovy:81)
	at com.kms.katalon.core.keyword.builtin.CallTestCaseKeyword.execute(CallTestCaseKeyword.groovy:45)
	at com.kms.katalon.core.keyword.internal.KeywordExecutor.executeKeywordForPlatform(KeywordExecutor.groovy:53)
	at com.kms.katalon.core.keyword.BuiltinKeywords.callTestCase(BuiltinKeywords.groovy:334)
	at sun.reflect.GeneratedMethodAccessor13.invoke(Unknown Source)
	at sun.reflect.DelegatingMethodAccessorImpl.invoke(DelegatingMethodAccessorImpl.java:43)
	at java.lang.reflect.Method.invoke(Method.java:498)
	at org.codehaus.groovy.reflection.CachedMethod.invoke(CachedMethod.java:93)
	at groovy.lang.MetaMethod.doMethodInvoke(MetaMethod.java:325)
	at groovy.lang.MetaClassImpl.invokeStaticMethod(MetaClassImpl.java:1469)
	at org.codehaus.groovy.runtime.callsite.StaticMetaClassSite.call(StaticMetaClassSite.java:53)
	at org.codehaus.groovy.runtime.callsite.CallSiteArray.defaultCall(CallSiteArray.java:48)
	at org.codehaus.groovy.runtime.callsite.AbstractCallSite.call(AbstractCallSite.java:113)
	at org.codehaus.groovy.runtime.callsite.AbstractCallSite.call(AbstractCallSite.java:141)
	at Script1536203236794.run(Script1536203236794.groovy:25)
	at com.kms.katalon.core.main.ScriptEngine.run(ScriptEngine.java:183)
	at com.kms.katalon.core.main.ScriptEngine.runScriptAsRawText(ScriptEngine.java:108)
	at com.kms.katalon.core.main.TestCaseExecutor.runScript(TestCaseExecutor.java:294)
	at com.kms.katalon.core.main.TestCaseExecutor.doExecute(TestCaseExecutor.java:285)
	at com.kms.katalon.core.main.TestCaseExecutor.processExecutionPhase(TestCaseExecutor.java:264)
	at com.kms.katalon.core.main.TestCaseExecutor.accessMainPhase(TestCaseExecutor.java:256)
	at com.kms.katalon.core.main.TestCaseExecutor.execute(TestCaseExecutor.java:200)
	at com.kms.katalon.core.main.TestSuiteExecutor.accessTestCaseMainPhase(TestSuiteExecutor.java:129)
	at com.kms.katalon.core.main.TestSuiteExecutor.accessTestSuiteMainPhase(TestSuiteExecutor.java:112)
	at com.kms.katalon.core.main.TestSuiteExecutor.execute(TestSuiteExecutor.java:81)
	at com.kms.katalon.core.main.TestCaseMain.startTestSuite(TestCaseMain.java:142)
	at com.kms.katalon.core.main.TestCaseMain$startTestSuite$0.call(Unknown Source)
	at org.codehaus.groovy.runtime.callsite.CallSiteArray.defaultCall(CallSiteArray.java:48)
	at org.codehaus.groovy.runtime.callsite.AbstractCallSite.call(AbstractCallSite.java:113)
	at org.codehaus.groovy.runtime.callsite.AbstractCallSite.call(AbstractCallSite.java:141)
	at TempTestSuite1539973930605.run(TempTestSuite1539973930605.groovy:36)
	at groovy.lang.GroovyShell.runScriptOrMainOrTestOrRunnable(GroovyShell.java:263)
	at groovy.lang.GroovyShell.run(GroovyShell.java:518)
	at groovy.lang.GroovyShell.run(GroovyShell.java:507)
	at groovy.ui.GroovyMain.processOnce(GroovyMain.java:653)
	at groovy.ui.GroovyMain.run(GroovyMain.java:384)
	at groovy.ui.GroovyMain.process(GroovyMain.java:370)
	at groovy.ui.GroovyMain.processArgs(GroovyMain.java:129)
	at groovy.ui.GroovyMain.main(GroovyMain.java:109)
	at sun.reflect.NativeMethodAccessorImpl.invoke0(Native Method)
	at sun.reflect.NativeMethodAccessorImpl.invoke(NativeMethodAccessorImpl.java:62)
	at sun.reflect.DelegatingMethodAccessorImpl.invoke(DelegatingMethodAccessorImpl.java:43)
	at java.lang.reflect.Method.invoke(Method.java:498)
	at org.codehaus.groovy.tools.GroovyStarter.rootLoader(GroovyStarter.java:109)
	at org.codehaus.groovy.tools.GroovyStarter.main(GroovyStarter.java:131)
)

2018-10-20 08:55:04 - [TEST_STEP][PASSED] - callTestCase: Call Test Case 'Test Cases/Final Aug 2018 - PKS Automation/Registration Module/Workflow/Form 3 EIS - Cessation As Employer/Template/Form 3 A - Cessation As Employer (OTC)' successfully

2018-10-20 08:55:04 - [TEST_CASE][PASSED] - Test Cases/Final Aug 2018 - PKS Automation/Registration Module/Workflow/Form 3 EIS - Cessation As Employer/Template/Form 3 A - Cessation As Employer (OTC): Test Cases/Final Aug 2018 - PKS Automation/Registration Module/Workflow/Form 3 EIS - Cessation As Employer/Template/Form 3 A - Cessation As Employer (OTC)

2018-10-20 08:55:04 - [TEST_STEP][PASSED] - openBrowser: Browser is opened with url: ''

2018-10-20 08:55:04 - [MESSAGE][WARNING] - A browser is already opened. Closing browser and opening a new one

2018-10-20 08:55:08 - [MESSAGE][PASSED] - Browser is opened with url: ''

2018-10-20 08:55:08 - [TEST_STEP][PASSED] - navigateToUrl: Navigate to 'https://assist2-uat.perkeso.gov.my/login' successfully

2018-10-20 08:55:10 - [MESSAGE][PASSED] - Navigate to 'https://assist2-uat.perkeso.gov.my/login' successfully

2018-10-20 08:55:10 - [TEST_STEP][PASSED] - setText: Text 'johorotc1@gmail.com' is set on object 'Object Repository/Final Object Repo/Login Page/Internal User/Email Address'

2018-10-20 08:55:10 - [MESSAGE][PASSED] - Text 'johorotc1@gmail.com' is set on object 'Object Repository/Final Object Repo/Login Page/Internal User/Email Address'

2018-10-20 08:55:10 - [TEST_STEP][PASSED] - click: Object: 'Object Repository/Final Object Repo/Login Page/Internal User/Next Button' is clicked on

2018-10-20 08:55:10 - [MESSAGE][PASSED] - Object: 'Object Repository/Final Object Repo/Login Page/Internal User/Next Button' is clicked on

2018-10-20 08:55:10 - [TEST_STEP][PASSED] - delay: Delayed 1 second(s)

2018-10-20 08:55:11 - [MESSAGE][PASSED] - Delayed 1 second(s)

2018-10-20 08:55:11 - [TEST_STEP][PASSED] - setEncryptedText: Text ****** has been set on object 'Object Repository/Final Object Repo/Login Page/Internal User/Password'

2018-10-20 08:55:12 - [MESSAGE][PASSED] - Text ****** has been set on object 'Object Repository/Final Object Repo/Login Page/Internal User/Password'

2018-10-20 08:55:12 - [TEST_STEP][PASSED] - click: Object: 'Object Repository/Final Object Repo/Login Page/Internal User/Login Button' is clicked on

2018-10-20 08:55:12 - [MESSAGE][PASSED] - Object: 'Object Repository/Final Object Repo/Login Page/Internal User/Login Button' is clicked on

2018-10-20 08:55:12 - [TEST_STEP][PASSED] - delay: Delayed 1 second(s)

2018-10-20 08:55:13 - [MESSAGE][PASSED] - Delayed 1 second(s)

2018-10-20 08:55:13 - [TEST_STEP][PASSED] - Statement - Try: Delayed 2 second(s)

2018-10-20 08:55:13 - [TEST_STEP][PASSED] - Statement - Checker = false: null

2018-10-20 08:55:13 - [TEST_STEP][PASSED] - Statement - Checker = com.kms.katalon.core.webui.keyword.WebUiBuiltInKeywords.verifyElementHasAttribute(com.kms.katalon.core.testobject.ObjectRepository.findTestObject(Final Object Repo/Landing Page/BM Detecting), "href", 20, OPTIONAL): Object 'Object Repository/Final Object Repo/Landing Page/BM Detecting' has attribute 'href'

2018-10-20 08:55:15 - [MESSAGE][PASSED] - Object 'Object Repository/Final Object Repo/Landing Page/BM Detecting' has attribute 'href'

2018-10-20 08:55:15 - [TEST_STEP][PASSED] - Statement - out.println(Checker): null

2018-10-20 08:55:15 - [TEST_STEP][PASSED] - Statement - If (Checker == false): null

2018-10-20 08:55:15 - [TEST_STEP][PASSED] - Statement - Else: null

2018-10-20 08:55:15 - [TEST_STEP][PASSED] - delay: Delayed 2 second(s)

2018-10-20 08:55:17 - [MESSAGE][PASSED] - Delayed 2 second(s)

2018-10-20 08:55:17 - [TEST_STEP][PASSED] - navigateToUrl: Navigate to 'https://assist2-uat.perkeso.gov.my/web/registration/eis-update/form-3-eis-cessation-as-employer' successfully

2018-10-20 08:55:18 - [MESSAGE][PASSED] - Navigate to 'https://assist2-uat.perkeso.gov.my/web/registration/eis-update/form-3-eis-cessation-as-employer' successfully

2018-10-20 08:55:18 - [TEST_STEP][PASSED] - delay: Delayed 1 second(s)

2018-10-20 08:55:19 - [MESSAGE][PASSED] - Delayed 1 second(s)

2018-10-20 08:55:19 - [TEST_STEP][PASSED] - setText: Text 'E1102069769W' is set on object 'Object Repository/Final Object Repo/Page_Form 3 EIS - Cessation as Employer/Employer Code'

2018-10-20 08:55:19 - [MESSAGE][PASSED] - Text 'E1102069769W' is set on object 'Object Repository/Final Object Repo/Page_Form 3 EIS - Cessation as Employer/Employer Code'

2018-10-20 08:55:19 - [TEST_STEP][PASSED] - click: Object: 'Object Repository/Final Object Repo/Page_Form 3 EIS - Cessation as Employer/Search' is clicked on

2018-10-20 08:55:19 - [MESSAGE][PASSED] - Object: 'Object Repository/Final Object Repo/Page_Form 3 EIS - Cessation as Employer/Search' is clicked on

2018-10-20 08:55:19 - [TEST_STEP][PASSED] - click: Object: 'Object Repository/Final Object Repo/Page_Form 3 EIS - Cessation as Employer/Edit' is clicked on

2018-10-20 08:55:22 - [MESSAGE][PASSED] - Object: 'Object Repository/Final Object Repo/Page_Form 3 EIS - Cessation as Employer/Edit' is clicked on

2018-10-20 08:55:22 - [TEST_STEP][PASSED] - delay: Delayed 1 second(s)

2018-10-20 08:55:23 - [MESSAGE][PASSED] - Delayed 1 second(s)

2018-10-20 08:55:23 - [TEST_STEP][PASSED] - Statement - abc = com.kms.katalon.core.webui.keyword.WebUiBuiltInKeywords.getAttribute(com.kms.katalon.core.testobject.ObjectRepository.findTestObject(Final Object Repo/Page_Form 3 EIS - Cessation as Employer/Employer Status), "value"): Attribute 'value' of object 'Object Repository/Final Object Repo/Page_Form 3 EIS - Cessation as Employer/Employer Status' is: 'Active'

2018-10-20 08:55:23 - [MESSAGE][PASSED] - Attribute 'value' of object 'Object Repository/Final Object Repo/Page_Form 3 EIS - Cessation as Employer/Employer Status' is: 'Active'

2018-10-20 08:55:23 - [TEST_STEP][PASSED] - Statement - out.println(abc): null

2018-10-20 08:55:23 - [TEST_STEP][PASSED] - Statement - If (abc == "Active"): Object: 'Object Repository/Final Object Repo/Page_Form 3 EIS - Cessation as Employer/Dormant EIS' is clicked on

2018-10-20 08:55:23 - [TEST_STEP][PASSED] - click: Object: 'Object Repository/Final Object Repo/Page_Form 3 EIS - Cessation as Employer/Change Employer Status to' is clicked on

2018-10-20 08:55:23 - [MESSAGE][PASSED] - Object: 'Object Repository/Final Object Repo/Page_Form 3 EIS - Cessation as Employer/Change Employer Status to' is clicked on

2018-10-20 08:55:23 - [TEST_STEP][PASSED] - click: Object: 'Object Repository/Final Object Repo/Page_Form 3 EIS - Cessation as Employer/Dormant EIS' is clicked on

2018-10-20 08:55:23 - [MESSAGE][PASSED] - Object: 'Object Repository/Final Object Repo/Page_Form 3 EIS - Cessation as Employer/Dormant EIS' is clicked on

2018-10-20 08:55:23 - [TEST_STEP][PASSED] - click: Object: 'Object Repository/Final Object Repo/Page_Form 3 EIS - Cessation as Employer/Calender' is clicked on

2018-10-20 08:55:23 - [MESSAGE][PASSED] - Object: 'Object Repository/Final Object Repo/Page_Form 3 EIS - Cessation as Employer/Calender' is clicked on

2018-10-20 08:55:23 - [TEST_STEP][PASSED] - delay: Delayed 1 second(s)

2018-10-20 08:55:24 - [MESSAGE][PASSED] - Delayed 1 second(s)

2018-10-20 08:55:24 - [TEST_STEP][PASSED] - click: Object: 'Object Repository/Final Object Repo/Page_Form 3 EIS - Cessation as Employer/Calender - Date' is clicked on

2018-10-20 08:55:24 - [MESSAGE][PASSED] - Object: 'Object Repository/Final Object Repo/Page_Form 3 EIS - Cessation as Employer/Calender - Date' is clicked on

2018-10-20 08:55:24 - [TEST_STEP][PASSED] - click: Object: 'Object Repository/Final Object Repo/Page_Form 3 EIS - Cessation as Employer/Save  Continue in Form 3 EIS Page' is clicked on

2018-10-20 08:55:25 - [MESSAGE][PASSED] - Object: 'Object Repository/Final Object Repo/Page_Form 3 EIS - Cessation as Employer/Save  Continue in Form 3 EIS Page' is clicked on

2018-10-20 08:55:25 - [TEST_STEP][PASSED] - delay: Delayed 1 second(s)

2018-10-20 08:55:26 - [MESSAGE][PASSED] - Delayed 1 second(s)

2018-10-20 08:55:26 - [TEST_STEP][PASSED] - click: Object: 'Object Repository/Final Object Repo/Page_Form 3 EIS - Cessation as Employer/Employment Resign Date' is clicked on

2018-10-20 08:55:26 - [MESSAGE][PASSED] - Object: 'Object Repository/Final Object Repo/Page_Form 3 EIS - Cessation as Employer/Employment Resign Date' is clicked on

2018-10-20 08:55:26 - [TEST_STEP][PASSED] - selectOptionByValue: All options with value '2018' are selected in object 'Object Repository/Final Object Repo/Page_Form 3 EIS - Cessation as Employer/Employment Resign Date - Year' 

2018-10-20 08:55:26 - [MESSAGE][PASSED] - All options with value '2018' are selected in object 'Object Repository/Final Object Repo/Page_Form 3 EIS - Cessation as Employer/Employment Resign Date - Year' 

2018-10-20 08:55:26 - [TEST_STEP][PASSED] - delay: Delayed 2 second(s)

2018-10-20 08:55:28 - [MESSAGE][PASSED] - Delayed 2 second(s)

2018-10-20 08:55:28 - [TEST_STEP][PASSED] - click: Object: 'Object Repository/Final Object Repo/Page_Form 3 EIS - Cessation as Employer/Employment Resign Date - Year - Date' is clicked on

2018-10-20 08:55:28 - [MESSAGE][PASSED] - Object: 'Object Repository/Final Object Repo/Page_Form 3 EIS - Cessation as Employer/Employment Resign Date - Year - Date' is clicked on

2018-10-20 08:55:28 - [TEST_STEP][PASSED] - delay: Delayed 2 second(s)

2018-10-20 08:55:30 - [MESSAGE][PASSED] - Delayed 2 second(s)

2018-10-20 08:55:30 - [TEST_STEP][PASSED] - click: Object: 'Object Repository/Final Object Repo/Page_Form 3 EIS - Cessation as Employer/Save  Continue in Employment Resign Page' is clicked on

2018-10-20 08:55:31 - [MESSAGE][PASSED] - Object: 'Object Repository/Final Object Repo/Page_Form 3 EIS - Cessation as Employer/Save  Continue in Employment Resign Page' is clicked on

2018-10-20 08:55:31 - [TEST_STEP][PASSED] - delay: Delayed 2 second(s)

2018-10-20 08:55:33 - [MESSAGE][PASSED] - Delayed 2 second(s)

2018-10-20 08:55:33 - [TEST_STEP][PASSED] - click: Object: 'Object Repository/Final Object Repo/Page_Form 3 EIS - Cessation as Employer/Add Document' is clicked on

2018-10-20 08:55:35 - [MESSAGE][PASSED] - Object: 'Object Repository/Final Object Repo/Page_Form 3 EIS - Cessation as Employer/Add Document' is clicked on

2018-10-20 08:55:35 - [TEST_STEP][PASSED] - delay: Delayed 3 second(s)

2018-10-20 08:55:38 - [MESSAGE][PASSED] - Delayed 3 second(s)

2018-10-20 08:55:38 - [TEST_STEP][PASSED] - click: Object: 'Object Repository/Final Object Repo/Page_Form 3 EIS - Cessation as Employer/Document Type' is clicked on

2018-10-20 08:55:38 - [MESSAGE][PASSED] - Object: 'Object Repository/Final Object Repo/Page_Form 3 EIS - Cessation as Employer/Document Type' is clicked on

2018-10-20 08:55:38 - [TEST_STEP][PASSED] - click: Object: 'Object Repository/Final Object Repo/Page_Form 3 EIS - Cessation as Employer/Document Type - Form 3' is clicked on

2018-10-20 08:55:38 - [MESSAGE][PASSED] - Object: 'Object Repository/Final Object Repo/Page_Form 3 EIS - Cessation as Employer/Document Type - Form 3' is clicked on

2018-10-20 08:55:38 - [TEST_STEP][PASSED] - delay: Delayed 2 second(s)

2018-10-20 08:55:40 - [MESSAGE][PASSED] - Delayed 2 second(s)

2018-10-20 08:55:40 - [TEST_STEP][PASSED] - sendKeys: Keys 'C:\Users\Public\Pictures\Sample Pictures\Act.jpg' sent to object: 'Object Repository/Final Object Repo/Page_Form 3 EIS - Cessation as Employer/ploading File'

2018-10-20 08:55:40 - [MESSAGE][PASSED] - Keys 'C:\Users\Public\Pictures\Sample Pictures\Act.jpg' sent to object: 'Object Repository/Final Object Repo/Page_Form 3 EIS - Cessation as Employer/ploading File'

2018-10-20 08:55:40 - [TEST_STEP][PASSED] - delay: Delayed 1 second(s)

2018-10-20 08:55:41 - [MESSAGE][PASSED] - Delayed 1 second(s)

2018-10-20 08:55:41 - [TEST_STEP][PASSED] - click: Object: 'Object Repository/Final Object Repo/Page_Form 3 EIS - Cessation as Employer/Add Document in Uploading Page' is clicked on

2018-10-20 08:55:41 - [MESSAGE][PASSED] - Object: 'Object Repository/Final Object Repo/Page_Form 3 EIS - Cessation as Employer/Add Document in Uploading Page' is clicked on

2018-10-20 08:55:41 - [TEST_STEP][PASSED] - delay: Delayed 2 second(s)

2018-10-20 08:55:43 - [MESSAGE][PASSED] - Delayed 2 second(s)

2018-10-20 08:55:43 - [TEST_STEP][PASSED] - Statement - CaseReferenceNo = com.kms.katalon.core.webui.keyword.WebUiBuiltInKeywords.getText(com.kms.katalon.core.testobject.ObjectRepository.findTestObject(Final Object Repo/Page_Update Employer Information/Reference Number in Update Employee Information Page)): Text of object 'Object Repository/Final Object Repo/Page_Update Employer Information/Reference Number in Update Employee Information Page' is: 'ERN102018C200002179'

2018-10-20 08:55:47 - [MESSAGE][PASSED] - Text of object 'Object Repository/Final Object Repo/Page_Update Employer Information/Reference Number in Update Employee Information Page' is: 'ERN102018C200002179'

2018-10-20 08:55:47 - [TEST_STEP][PASSED] - callTestCase: Call Test Case 'Test Cases/Final Aug 2018 - PKS Automation/Common/Reference Number Setter' successfully

2018-10-20 08:55:47 - [TEST_CASE][PASSED] - Test Cases/Final Aug 2018 - PKS Automation/Common/Reference Number Setter: Test Cases/Final Aug 2018 - PKS Automation/Common/Reference Number Setter

2018-10-20 08:55:47 - [TEST_STEP][PASSED] - Statement - RefNoOldFile = new java.io.File(C://KatalonReference.txt): null

2018-10-20 08:55:47 - [TEST_STEP][PASSED] - Statement - RefNoOldFile.delete(): null

2018-10-20 08:55:47 - [TEST_STEP][PASSED] - Statement - RefNo = new java.io.File(C://KatalonReference.txt): null

2018-10-20 08:55:47 - [TEST_STEP][PASSED] - Statement - RefNo.append(CaseReferenceNo): null

2018-10-20 08:55:47 - [TEST_STEP][PASSED] - Statement - out.println("


" + CaseReferenceNo + "


"): null

2018-10-20 08:55:47 - [MESSAGE][PASSED] - Call Test Case 'Test Cases/Final Aug 2018 - PKS Automation/Common/Reference Number Setter' successfully

2018-10-20 08:55:47 - [TEST_STEP][PASSED] - delay: Delayed 2 second(s)

2018-10-20 08:55:49 - [MESSAGE][PASSED] - Delayed 2 second(s)

2018-10-20 08:55:49 - [TEST_STEP][PASSED] - click: Object: 'Object Repository/Final Object Repo/Page_Form 3 EIS - Cessation as Employer/Save  Continue in Uploading Page' is clicked on

2018-10-20 08:55:50 - [MESSAGE][PASSED] - Object: 'Object Repository/Final Object Repo/Page_Form 3 EIS - Cessation as Employer/Save  Continue in Uploading Page' is clicked on

2018-10-20 08:55:50 - [TEST_STEP][PASSED] - delay: Delayed 2 second(s)

2018-10-20 08:55:52 - [MESSAGE][PASSED] - Delayed 2 second(s)

2018-10-20 08:55:52 - [TEST_STEP][PASSED] - click: Object: 'Object Repository/Final Object Repo/Page_Form 3 EIS - Cessation as Employer/Submit' is clicked on

2018-10-20 08:55:55 - [MESSAGE][PASSED] - Object: 'Object Repository/Final Object Repo/Page_Form 3 EIS - Cessation as Employer/Submit' is clicked on

2018-10-20 08:55:55 - [TEST_STEP][PASSED] - delay: Delayed 2 second(s)

2018-10-20 08:55:57 - [MESSAGE][PASSED] - Delayed 2 second(s)

2018-10-20 08:55:57 - [TEST_STEP][PASSED] - click: Object: 'Object Repository/Final Object Repo/Page_Form 3 EIS - Cessation as Employer/Confirm' is clicked on

2018-10-20 08:55:57 - [MESSAGE][PASSED] - Object: 'Object Repository/Final Object Repo/Page_Form 3 EIS - Cessation as Employer/Confirm' is clicked on

2018-10-20 08:55:57 - [TEST_STEP][PASSED] - delay: Delayed 2 second(s)

2018-10-20 08:55:59 - [MESSAGE][PASSED] - Delayed 2 second(s)

2018-10-20 08:55:59 - [TEST_STEP][PASSED] - click: Object: 'Object Repository/Final Object Repo/Page_Form 3 EIS - Cessation as Employer/Message Your Request will be routed to UO' is clicked on

2018-10-20 08:56:03 - [MESSAGE][PASSED] - Object: 'Object Repository/Final Object Repo/Page_Form 3 EIS - Cessation as Employer/Message Your Request will be routed to UO' is clicked on

2018-10-20 08:56:03 - [TEST_STEP][PASSED] - click: Object: 'Object Repository/Final Object Repo/Page_Form 3 EIS - Cessation as Employer/Letter of acknowledgement' is clicked on

2018-10-20 08:56:04 - [MESSAGE][PASSED] - Object: 'Object Repository/Final Object Repo/Page_Form 3 EIS - Cessation as Employer/Letter of acknowledgement' is clicked on

2018-10-20 08:56:04 - [MESSAGE][PASSED] - Call Test Case 'Test Cases/Final Aug 2018 - PKS Automation/Registration Module/Workflow/Form 3 EIS - Cessation As Employer/Template/Form 3 A - Cessation As Employer (OTC)' successfully

2018-10-20 08:56:04 - [TEST_STEP][FAILED] - callTestCase: Unable to call Test Case with id 'Test Cases/Final Aug 2018 - PKS Automation/Registration Module/Workflow/Form 3 EIS - Cessation As Employer/Template/Form 3 A - Cessation As Employer (Approve)' (Root cause: Call Test Case 'Test Cases/Final Aug 2018 - PKS Automation/Registration Module/Workflow/Form 3 EIS - Cessation As Employer/Template/Form 3 A - Cessation As Employer (Approve)' failed)

2018-10-20 08:56:04 - [TEST_CASE][FAILED] - Test Cases/Final Aug 2018 - PKS Automation/Registration Module/Workflow/Form 3 EIS - Cessation As Employer/Template/Form 3 A - Cessation As Employer (Approve): Test Cases/Final Aug 2018 - PKS Automation/Registration Module/Workflow/Form 3 EIS - Cessation As Employer/Template/Form 3 A - Cessation As Employer (Approve) FAILED because (of) (Stack trace: com.kms.katalon.core.exception.StepFailedException: Unable to click on object 'Object Repository/Final Object Repo/Landing Page/Select to English' (Root cause: com.kms.katalon.core.webui.exception.WebElementNotFoundException: Web element with id: 'Object Repository/Final Object Repo/Landing Page/Select to English' located by 'By.xpath: //a[@class = 'taglib-language-list-text' and @lang = 'en-US' and (contains(text(), 'EN') or contains(., 'EN'))]' not found)
	at com.kms.katalon.core.keyword.internal.KeywordMain.stepFailed(KeywordMain.groovy:32)
	at com.kms.katalon.core.webui.keyword.internal.WebUIKeywordMain.stepFailed(WebUIKeywordMain.groovy:65)
	at com.kms.katalon.core.webui.keyword.internal.WebUIKeywordMain.runKeyword(WebUIKeywordMain.groovy:27)
	at com.kms.katalon.core.webui.keyword.builtin.ClickKeyword.click(ClickKeyword.groovy:86)
	at com.kms.katalon.core.webui.keyword.builtin.ClickKeyword.execute(ClickKeyword.groovy:67)
	at com.kms.katalon.core.keyword.internal.KeywordExecutor.executeKeywordForPlatform(KeywordExecutor.groovy:53)
	at com.kms.katalon.core.webui.keyword.WebUiBuiltInKeywords.click(WebUiBuiltInKeywords.groovy:604)
	at com.kms.katalon.core.webui.keyword.WebUiBuiltInKeywords$click$8.call(Unknown Source)
	at Script1534407542420.run(Script1534407542420.groovy:57)
	at com.kms.katalon.core.main.ScriptEngine.run(ScriptEngine.java:183)
	at com.kms.katalon.core.main.ScriptEngine.runScriptAsRawText(ScriptEngine.java:108)
	at com.kms.katalon.core.main.TestCaseExecutor.runScript(TestCaseExecutor.java:294)
	at com.kms.katalon.core.main.TestCaseExecutor.doExecute(TestCaseExecutor.java:285)
	at com.kms.katalon.core.main.TestCaseExecutor.processExecutionPhase(TestCaseExecutor.java:264)
	at com.kms.katalon.core.main.TestCaseExecutor.accessMainPhase(TestCaseExecutor.java:256)
	at com.kms.katalon.core.main.TestCaseExecutor.execute(TestCaseExecutor.java:200)
	at com.kms.katalon.core.main.TestCaseMain.runTestCase(TestCaseMain.java:99)
	at com.kms.katalon.core.keyword.builtin.CallTestCaseKeyword$_callTestCase_closure1.doCall(CallTestCaseKeyword.groovy:60)
	at com.kms.katalon.core.keyword.builtin.CallTestCaseKeyword$_callTestCase_closure1.call(CallTestCaseKeyword.groovy)
	at com.kms.katalon.core.keyword.internal.KeywordMain.runKeyword(KeywordMain.groovy:54)
	at com.kms.katalon.core.keyword.builtin.CallTestCaseKeyword.callTestCase(CallTestCaseKeyword.groovy:81)
	at com.kms.katalon.core.keyword.builtin.CallTestCaseKeyword.execute(CallTestCaseKeyword.groovy:45)
	at com.kms.katalon.core.keyword.internal.KeywordExecutor.executeKeywordForPlatform(KeywordExecutor.groovy:53)
	at com.kms.katalon.core.keyword.BuiltinKeywords.callTestCase(BuiltinKeywords.groovy:334)
	at sun.reflect.GeneratedMethodAccessor13.invoke(Unknown Source)
	at sun.reflect.DelegatingMethodAccessorImpl.invoke(DelegatingMethodAccessorImpl.java:43)
	at java.lang.reflect.Method.invoke(Method.java:498)
	at org.codehaus.groovy.reflection.CachedMethod.invoke(CachedMethod.java:93)
	at groovy.lang.MetaMethod.doMethodInvoke(MetaMethod.java:325)
	at groovy.lang.MetaClassImpl.invokeStaticMethod(MetaClassImpl.java:1469)
	at org.codehaus.groovy.runtime.callsite.StaticMetaClassSite.call(StaticMetaClassSite.java:53)
	at org.codehaus.groovy.runtime.callsite.CallSiteArray.defaultCall(CallSiteArray.java:48)
	at org.codehaus.groovy.runtime.callsite.AbstractCallSite.call(AbstractCallSite.java:113)
	at org.codehaus.groovy.runtime.callsite.AbstractCallSite.call(AbstractCallSite.java:141)
	at Script1536043843412.run(Script1536043843412.groovy:34)
	at com.kms.katalon.core.main.ScriptEngine.run(ScriptEngine.java:183)
	at com.kms.katalon.core.main.ScriptEngine.runScriptAsRawText(ScriptEngine.java:108)
	at com.kms.katalon.core.main.TestCaseExecutor.runScript(TestCaseExecutor.java:294)
	at com.kms.katalon.core.main.TestCaseExecutor.doExecute(TestCaseExecutor.java:285)
	at com.kms.katalon.core.main.TestCaseExecutor.processExecutionPhase(TestCaseExecutor.java:264)
	at com.kms.katalon.core.main.TestCaseExecutor.accessMainPhase(TestCaseExecutor.java:256)
	at com.kms.katalon.core.main.TestCaseExecutor.execute(TestCaseExecutor.java:200)
	at com.kms.katalon.core.main.TestCaseMain.runTestCase(TestCaseMain.java:99)
	at com.kms.katalon.core.keyword.builtin.CallTestCaseKeyword$_callTestCase_closure1.doCall(CallTestCaseKeyword.groovy:60)
	at com.kms.katalon.core.keyword.builtin.CallTestCaseKeyword$_callTestCase_closure1.call(CallTestCaseKeyword.groovy)
	at com.kms.katalon.core.keyword.internal.KeywordMain.runKeyword(KeywordMain.groovy:54)
	at com.kms.katalon.core.keyword.builtin.CallTestCaseKeyword.callTestCase(CallTestCaseKeyword.groovy:81)
	at com.kms.katalon.core.keyword.builtin.CallTestCaseKeyword.execute(CallTestCaseKeyword.groovy:45)
	at com.kms.katalon.core.keyword.internal.KeywordExecutor.executeKeywordForPlatform(KeywordExecutor.groovy:53)
	at com.kms.katalon.core.keyword.BuiltinKeywords.callTestCase(BuiltinKeywords.groovy:334)
	at sun.reflect.GeneratedMethodAccessor13.invoke(Unknown Source)
	at sun.reflect.DelegatingMethodAccessorImpl.invoke(DelegatingMethodAccessorImpl.java:43)
	at java.lang.reflect.Method.invoke(Method.java:498)
	at org.codehaus.groovy.reflection.CachedMethod.invoke(CachedMethod.java:93)
	at groovy.lang.MetaMethod.doMethodInvoke(MetaMethod.java:325)
	at groovy.lang.MetaClassImpl.invokeStaticMethod(MetaClassImpl.java:1469)
	at org.codehaus.groovy.runtime.callsite.StaticMetaClassSite.call(StaticMetaClassSite.java:53)
	at org.codehaus.groovy.runtime.callsite.CallSiteArray.defaultCall(CallSiteArray.java:48)
	at org.codehaus.groovy.runtime.callsite.AbstractCallSite.call(AbstractCallSite.java:113)
	at org.codehaus.groovy.runtime.callsite.AbstractCallSite.call(AbstractCallSite.java:141)
	at Script1536203236794.run(Script1536203236794.groovy:25)
	at com.kms.katalon.core.main.ScriptEngine.run(ScriptEngine.java:183)
	at com.kms.katalon.core.main.ScriptEngine.runScriptAsRawText(ScriptEngine.java:108)
	at com.kms.katalon.core.main.TestCaseExecutor.runScript(TestCaseExecutor.java:294)
	at com.kms.katalon.core.main.TestCaseExecutor.doExecute(TestCaseExecutor.java:285)
	at com.kms.katalon.core.main.TestCaseExecutor.processExecutionPhase(TestCaseExecutor.java:264)
	at com.kms.katalon.core.main.TestCaseExecutor.accessMainPhase(TestCaseExecutor.java:256)
	at com.kms.katalon.core.main.TestCaseExecutor.execute(TestCaseExecutor.java:200)
	at com.kms.katalon.core.main.TestSuiteExecutor.accessTestCaseMainPhase(TestSuiteExecutor.java:129)
	at com.kms.katalon.core.main.TestSuiteExecutor.accessTestSuiteMainPhase(TestSuiteExecutor.java:112)
	at com.kms.katalon.core.main.TestSuiteExecutor.execute(TestSuiteExecutor.java:81)
	at com.kms.katalon.core.main.TestCaseMain.startTestSuite(TestCaseMain.java:142)
	at com.kms.katalon.core.main.TestCaseMain$startTestSuite$0.call(Unknown Source)
	at org.codehaus.groovy.runtime.callsite.CallSiteArray.defaultCall(CallSiteArray.java:48)
	at org.codehaus.groovy.runtime.callsite.AbstractCallSite.call(AbstractCallSite.java:113)
	at org.codehaus.groovy.runtime.callsite.AbstractCallSite.call(AbstractCallSite.java:141)
	at TempTestSuite1539973930605.run(TempTestSuite1539973930605.groovy:36)
	at groovy.lang.GroovyShell.runScriptOrMainOrTestOrRunnable(GroovyShell.java:263)
	at groovy.lang.GroovyShell.run(GroovyShell.java:518)
	at groovy.lang.GroovyShell.run(GroovyShell.java:507)
	at groovy.ui.GroovyMain.processOnce(GroovyMain.java:653)
	at groovy.ui.GroovyMain.run(GroovyMain.java:384)
	at groovy.ui.GroovyMain.process(GroovyMain.java:370)
	at groovy.ui.GroovyMain.processArgs(GroovyMain.java:129)
	at groovy.ui.GroovyMain.main(GroovyMain.java:109)
	at sun.reflect.NativeMethodAccessorImpl.invoke0(Native Method)
	at sun.reflect.NativeMethodAccessorImpl.invoke(NativeMethodAccessorImpl.java:62)
	at sun.reflect.DelegatingMethodAccessorImpl.invoke(DelegatingMethodAccessorImpl.java:43)
	at java.lang.reflect.Method.invoke(Method.java:498)
	at org.codehaus.groovy.tools.GroovyStarter.rootLoader(GroovyStarter.java:109)
	at org.codehaus.groovy.tools.GroovyStarter.main(GroovyStarter.java:131)
)

2018-10-20 08:56:04 - [TEST_STEP][NOT_RUN] - callTestCase: NOT_RUN: callTestCase

2018-10-20 08:56:04 - [MESSAGE][NOT_RUN] - NOT_RUN: callTestCase

2018-10-20 08:56:04 - [TEST_STEP][PASSED] - delay: Delayed 1 second(s)

2018-10-20 08:56:05 - [MESSAGE][PASSED] - Delayed 1 second(s)

2018-10-20 08:56:05 - [TEST_STEP][PASSED] - navigateToUrl: Navigate to 'https://assist2-uat.perkeso.gov.my/c/portal/logout' successfully

2018-10-20 08:56:06 - [MESSAGE][PASSED] - Navigate to 'https://assist2-uat.perkeso.gov.my/c/portal/logout' successfully

2018-10-20 08:56:06 - [TEST_STEP][PASSED] - delay: Delayed 1 second(s)

2018-10-20 08:56:07 - [MESSAGE][PASSED] - Delayed 1 second(s)

2018-10-20 08:56:07 - [TEST_STEP][PASSED] - callTestCase: Call Test Case 'Test Cases/Final Aug 2018 - PKS Automation/Common/Reference Number Getter' successfully

2018-10-20 08:56:07 - [TEST_CASE][PASSED] - Test Cases/Final Aug 2018 - PKS Automation/Common/Reference Number Getter: Test Cases/Final Aug 2018 - PKS Automation/Common/Reference Number Getter

2018-10-20 08:56:07 - [TEST_STEP][PASSED] - Statement - Try: null

2018-10-20 08:56:07 - [TEST_STEP][PASSED] - Statement - RefNo = new java.io.File(C://KatalonReference.txt): null

2018-10-20 08:56:07 - [TEST_STEP][PASSED] - Statement - bufferread = new java.io.BufferedReader(new java.io.FileReader(RefNo)): null

2018-10-20 08:56:07 - [TEST_STEP][PASSED] - Statement - readedVal = bufferread.readLine(): null

2018-10-20 08:56:07 - [TEST_STEP][PASSED] - Statement - out.println(CaseReferenceNo): null

2018-10-20 08:56:07 - [TEST_STEP][PASSED] - Statement - out.println(readedVal): null

2018-10-20 08:56:07 - [TEST_STEP][PASSED] - Statement - CaseReferenceNo = readedVal: null

2018-10-20 08:56:07 - [MESSAGE][PASSED] - Call Test Case 'Test Cases/Final Aug 2018 - PKS Automation/Common/Reference Number Getter' successfully

2018-10-20 08:56:07 - [TEST_STEP][FAILED] - callTestCase: Unable to call Test Case with id 'Test Cases/Final Aug 2018 - PKS Automation/Common/Workflow Owner Finder' (Root cause: Call Test Case 'Test Cases/Final Aug 2018 - PKS Automation/Common/Workflow Owner Finder' failed)

2018-10-20 08:56:07 - [TEST_CASE][FAILED] - Test Cases/Final Aug 2018 - PKS Automation/Common/Workflow Owner Finder: Test Cases/Final Aug 2018 - PKS Automation/Common/Workflow Owner Finder FAILED because (of) (Stack trace: com.kms.katalon.core.exception.StepFailedException: Unable to click on object 'Object Repository/Final Object Repo/Landing Page/Select to English' (Root cause: com.kms.katalon.core.webui.exception.WebElementNotFoundException: Web element with id: 'Object Repository/Final Object Repo/Landing Page/Select to English' located by 'By.xpath: //a[@class = 'taglib-language-list-text' and @lang = 'en-US' and (contains(text(), 'EN') or contains(., 'EN'))]' not found)
	at com.kms.katalon.core.keyword.internal.KeywordMain.stepFailed(KeywordMain.groovy:32)
	at com.kms.katalon.core.webui.keyword.internal.WebUIKeywordMain.stepFailed(WebUIKeywordMain.groovy:65)
	at com.kms.katalon.core.webui.keyword.internal.WebUIKeywordMain.runKeyword(WebUIKeywordMain.groovy:27)
	at com.kms.katalon.core.webui.keyword.builtin.ClickKeyword.click(ClickKeyword.groovy:86)
	at com.kms.katalon.core.webui.keyword.builtin.ClickKeyword.execute(ClickKeyword.groovy:67)
	at com.kms.katalon.core.keyword.internal.KeywordExecutor.executeKeywordForPlatform(KeywordExecutor.groovy:53)
	at com.kms.katalon.core.webui.keyword.WebUiBuiltInKeywords.click(WebUiBuiltInKeywords.groovy:604)
	at com.kms.katalon.core.webui.keyword.WebUiBuiltInKeywords$click$8.call(Unknown Source)
	at Script1534407542420.run(Script1534407542420.groovy:57)
	at com.kms.katalon.core.main.ScriptEngine.run(ScriptEngine.java:183)
	at com.kms.katalon.core.main.ScriptEngine.runScriptAsRawText(ScriptEngine.java:108)
	at com.kms.katalon.core.main.TestCaseExecutor.runScript(TestCaseExecutor.java:294)
	at com.kms.katalon.core.main.TestCaseExecutor.doExecute(TestCaseExecutor.java:285)
	at com.kms.katalon.core.main.TestCaseExecutor.processExecutionPhase(TestCaseExecutor.java:264)
	at com.kms.katalon.core.main.TestCaseExecutor.accessMainPhase(TestCaseExecutor.java:256)
	at com.kms.katalon.core.main.TestCaseExecutor.execute(TestCaseExecutor.java:200)
	at com.kms.katalon.core.main.TestCaseMain.runTestCase(TestCaseMain.java:99)
	at com.kms.katalon.core.keyword.builtin.CallTestCaseKeyword$_callTestCase_closure1.doCall(CallTestCaseKeyword.groovy:60)
	at com.kms.katalon.core.keyword.builtin.CallTestCaseKeyword$_callTestCase_closure1.call(CallTestCaseKeyword.groovy)
	at com.kms.katalon.core.keyword.internal.KeywordMain.runKeyword(KeywordMain.groovy:54)
	at com.kms.katalon.core.keyword.builtin.CallTestCaseKeyword.callTestCase(CallTestCaseKeyword.groovy:81)
	at com.kms.katalon.core.keyword.builtin.CallTestCaseKeyword.execute(CallTestCaseKeyword.groovy:45)
	at com.kms.katalon.core.keyword.internal.KeywordExecutor.executeKeywordForPlatform(KeywordExecutor.groovy:53)
	at com.kms.katalon.core.keyword.BuiltinKeywords.callTestCase(BuiltinKeywords.groovy:334)
	at sun.reflect.GeneratedMethodAccessor13.invoke(Unknown Source)
	at sun.reflect.DelegatingMethodAccessorImpl.invoke(DelegatingMethodAccessorImpl.java:43)
	at java.lang.reflect.Method.invoke(Method.java:498)
	at org.codehaus.groovy.reflection.CachedMethod.invoke(CachedMethod.java:93)
	at groovy.lang.MetaMethod.doMethodInvoke(MetaMethod.java:325)
	at groovy.lang.MetaClassImpl.invokeStaticMethod(MetaClassImpl.java:1469)
	at org.codehaus.groovy.runtime.callsite.StaticMetaClassSite.call(StaticMetaClassSite.java:53)
	at org.codehaus.groovy.runtime.callsite.CallSiteArray.defaultCall(CallSiteArray.java:48)
	at org.codehaus.groovy.runtime.callsite.AbstractCallSite.call(AbstractCallSite.java:113)
	at org.codehaus.groovy.runtime.callsite.AbstractCallSite.call(AbstractCallSite.java:141)
	at Script1536043843412.run(Script1536043843412.groovy:34)
	at com.kms.katalon.core.main.ScriptEngine.run(ScriptEngine.java:183)
	at com.kms.katalon.core.main.ScriptEngine.runScriptAsRawText(ScriptEngine.java:108)
	at com.kms.katalon.core.main.TestCaseExecutor.runScript(TestCaseExecutor.java:294)
	at com.kms.katalon.core.main.TestCaseExecutor.doExecute(TestCaseExecutor.java:285)
	at com.kms.katalon.core.main.TestCaseExecutor.processExecutionPhase(TestCaseExecutor.java:264)
	at com.kms.katalon.core.main.TestCaseExecutor.accessMainPhase(TestCaseExecutor.java:256)
	at com.kms.katalon.core.main.TestCaseExecutor.execute(TestCaseExecutor.java:200)
	at com.kms.katalon.core.main.TestCaseMain.runTestCase(TestCaseMain.java:99)
	at com.kms.katalon.core.keyword.builtin.CallTestCaseKeyword$_callTestCase_closure1.doCall(CallTestCaseKeyword.groovy:60)
	at com.kms.katalon.core.keyword.builtin.CallTestCaseKeyword$_callTestCase_closure1.call(CallTestCaseKeyword.groovy)
	at com.kms.katalon.core.keyword.internal.KeywordMain.runKeyword(KeywordMain.groovy:54)
	at com.kms.katalon.core.keyword.builtin.CallTestCaseKeyword.callTestCase(CallTestCaseKeyword.groovy:81)
	at com.kms.katalon.core.keyword.builtin.CallTestCaseKeyword.execute(CallTestCaseKeyword.groovy:45)
	at com.kms.katalon.core.keyword.internal.KeywordExecutor.executeKeywordForPlatform(KeywordExecutor.groovy:53)
	at com.kms.katalon.core.keyword.BuiltinKeywords.callTestCase(BuiltinKeywords.groovy:334)
	at sun.reflect.GeneratedMethodAccessor13.invoke(Unknown Source)
	at sun.reflect.DelegatingMethodAccessorImpl.invoke(DelegatingMethodAccessorImpl.java:43)
	at java.lang.reflect.Method.invoke(Method.java:498)
	at org.codehaus.groovy.reflection.CachedMethod.invoke(CachedMethod.java:93)
	at groovy.lang.MetaMethod.doMethodInvoke(MetaMethod.java:325)
	at groovy.lang.MetaClassImpl.invokeStaticMethod(MetaClassImpl.java:1469)
	at org.codehaus.groovy.runtime.callsite.StaticMetaClassSite.call(StaticMetaClassSite.java:53)
	at org.codehaus.groovy.runtime.callsite.CallSiteArray.defaultCall(CallSiteArray.java:48)
	at org.codehaus.groovy.runtime.callsite.AbstractCallSite.call(AbstractCallSite.java:113)
	at org.codehaus.groovy.runtime.callsite.AbstractCallSite.call(AbstractCallSite.java:141)
	at Script1536203236794.run(Script1536203236794.groovy:25)
	at com.kms.katalon.core.main.ScriptEngine.run(ScriptEngine.java:183)
	at com.kms.katalon.core.main.ScriptEngine.runScriptAsRawText(ScriptEngine.java:108)
	at com.kms.katalon.core.main.TestCaseExecutor.runScript(TestCaseExecutor.java:294)
	at com.kms.katalon.core.main.TestCaseExecutor.doExecute(TestCaseExecutor.java:285)
	at com.kms.katalon.core.main.TestCaseExecutor.processExecutionPhase(TestCaseExecutor.java:264)
	at com.kms.katalon.core.main.TestCaseExecutor.accessMainPhase(TestCaseExecutor.java:256)
	at com.kms.katalon.core.main.TestCaseExecutor.execute(TestCaseExecutor.java:200)
	at com.kms.katalon.core.main.TestSuiteExecutor.accessTestCaseMainPhase(TestSuiteExecutor.java:129)
	at com.kms.katalon.core.main.TestSuiteExecutor.accessTestSuiteMainPhase(TestSuiteExecutor.java:112)
	at com.kms.katalon.core.main.TestSuiteExecutor.execute(TestSuiteExecutor.java:81)
	at com.kms.katalon.core.main.TestCaseMain.startTestSuite(TestCaseMain.java:142)
	at com.kms.katalon.core.main.TestCaseMain$startTestSuite$0.call(Unknown Source)
	at org.codehaus.groovy.runtime.callsite.CallSiteArray.defaultCall(CallSiteArray.java:48)
	at org.codehaus.groovy.runtime.callsite.AbstractCallSite.call(AbstractCallSite.java:113)
	at org.codehaus.groovy.runtime.callsite.AbstractCallSite.call(AbstractCallSite.java:141)
	at TempTestSuite1539973930605.run(TempTestSuite1539973930605.groovy:36)
	at groovy.lang.GroovyShell.runScriptOrMainOrTestOrRunnable(GroovyShell.java:263)
	at groovy.lang.GroovyShell.run(GroovyShell.java:518)
	at groovy.lang.GroovyShell.run(GroovyShell.java:507)
	at groovy.ui.GroovyMain.processOnce(GroovyMain.java:653)
	at groovy.ui.GroovyMain.run(GroovyMain.java:384)
	at groovy.ui.GroovyMain.process(GroovyMain.java:370)
	at groovy.ui.GroovyMain.processArgs(GroovyMain.java:129)
	at groovy.ui.GroovyMain.main(GroovyMain.java:109)
	at sun.reflect.NativeMethodAccessorImpl.invoke0(Native Method)
	at sun.reflect.NativeMethodAccessorImpl.invoke(NativeMethodAccessorImpl.java:62)
	at sun.reflect.DelegatingMethodAccessorImpl.invoke(DelegatingMethodAccessorImpl.java:43)
	at java.lang.reflect.Method.invoke(Method.java:498)
	at org.codehaus.groovy.tools.GroovyStarter.rootLoader(GroovyStarter.java:109)
	at org.codehaus.groovy.tools.GroovyStarter.main(GroovyStarter.java:131)
)

2018-10-20 08:56:07 - [TEST_STEP][PASSED] - openBrowser: Browser is opened with url: ''

2018-10-20 08:56:07 - [MESSAGE][WARNING] - A browser is already opened. Closing browser and opening a new one

2018-10-20 08:56:11 - [MESSAGE][PASSED] - Browser is opened with url: ''

2018-10-20 08:56:11 - [TEST_STEP][PASSED] - navigateToUrl: Navigate to 'https://assist2-uat.perkeso.gov.my/login' successfully

2018-10-20 08:56:13 - [MESSAGE][PASSED] - Navigate to 'https://assist2-uat.perkeso.gov.my/login' successfully

2018-10-20 08:56:13 - [TEST_STEP][PASSED] - delay: Delayed 5 second(s)

2018-10-20 08:56:18 - [MESSAGE][PASSED] - Delayed 5 second(s)

2018-10-20 08:56:18 - [TEST_STEP][PASSED] - setText: Text 'test@liferay.com' is set on object 'Object Repository/Final Object Repo/Login Page/Internal User/Email Address'

2018-10-20 08:56:18 - [MESSAGE][PASSED] - Text 'test@liferay.com' is set on object 'Object Repository/Final Object Repo/Login Page/Internal User/Email Address'

2018-10-20 08:56:18 - [TEST_STEP][PASSED] - click: Object: 'Object Repository/Final Object Repo/Login Page/Internal User/Next Button' is clicked on

2018-10-20 08:56:19 - [MESSAGE][PASSED] - Object: 'Object Repository/Final Object Repo/Login Page/Internal User/Next Button' is clicked on

2018-10-20 08:56:19 - [TEST_STEP][PASSED] - delay: Delayed 2 second(s)

2018-10-20 08:56:21 - [MESSAGE][PASSED] - Delayed 2 second(s)

2018-10-20 08:56:21 - [TEST_STEP][PASSED] - setText: Text 'test' is set on object 'Object Repository/Final Object Repo/Login Page/Internal User/Password'

2018-10-20 08:56:21 - [MESSAGE][PASSED] - Text 'test' is set on object 'Object Repository/Final Object Repo/Login Page/Internal User/Password'

2018-10-20 08:56:21 - [TEST_STEP][PASSED] - delay: Delayed 2 second(s)

2018-10-20 08:56:23 - [MESSAGE][PASSED] - Delayed 2 second(s)

2018-10-20 08:56:23 - [TEST_STEP][PASSED] - click: Object: 'Object Repository/Final Object Repo/Login Page/Internal User/Login Button' is clicked on

2018-10-20 08:56:23 - [MESSAGE][PASSED] - Object: 'Object Repository/Final Object Repo/Login Page/Internal User/Login Button' is clicked on

2018-10-20 08:56:23 - [TEST_STEP][FAILED] - Statement - Try: Delayed 2 second(s)

2018-10-20 08:56:23 - [TEST_STEP][PASSED] - Statement - Checker = false: null

2018-10-20 08:56:23 - [TEST_STEP][PASSED] - Statement - Checker = com.kms.katalon.core.webui.keyword.WebUiBuiltInKeywords.verifyElementHasAttribute(com.kms.katalon.core.testobject.ObjectRepository.findTestObject(Final Object Repo/Landing Page/BM Detecting), "href", 20, OPTIONAL): Unable to verify if object 'Object Repository/Final Object Repo/Landing Page/BM Detecting' has attribute 'href' (Root cause: org.openqa.selenium.StaleElementReferenceException: stale element reference: element is not attached to the page document
  (Session info: chrome=69.0.3497.100)
  (Driver info: chromedriver=2.35.528161 (5b82f2d2aae0ca24b877009200ced9065a772e73),platform=Windows NT 6.1.7601 SP1 x86_64) (WARNING: The server did not provide any stacktrace information)
Command duration or timeout: 0 milliseconds
For documentation on this error, please visit: http://seleniumhq.org/exceptions/stale_element_reference.html
Build info: version: '3.7.1', revision: '8a0099a', time: '2017-11-06T21:07:36.161Z'
System info: host: 'WEIZHENG', ip: '192.168.137.1', os.name: 'Windows 7', os.arch: 'amd64', os.version: '6.1', java.version: '1.8.0_181'
Driver info: com.kms.katalon.selenium.driver.CChromeDriver
Capabilities {acceptInsecureCerts: false, acceptSslCerts: false, applicationCacheEnabled: false, browserConnectionEnabled: false, browserName: chrome, chrome: {chromedriverVersion: 2.35.528161 (5b82f2d2aae0ca..., userDataDir: C:\Users\WEIZHE~1\AppData\L...}, cssSelectorsEnabled: true, databaseEnabled: false, handlesAlerts: true, hasTouchScreen: false, javascriptEnabled: true, locationContextEnabled: true, mobileEmulationEnabled: false, nativeEvents: true, networkConnectionEnabled: false, pageLoadStrategy: normal, platform: XP, platformName: XP, rotatable: false, setWindowRect: true, takesHeapSnapshot: true, takesScreenshot: true, unexpectedAlertBehaviour: , unhandledPromptBehavior: , version: 69.0.3497.100, webStorageEnabled: true}
Session ID: 1d7bcd91bca02d79101771c67d3b647b)

2018-10-20 08:56:26 - [MESSAGE][WARNING] - Unable to verify if object 'Object Repository/Final Object Repo/Landing Page/BM Detecting' has attribute 'href' (Root cause: org.openqa.selenium.StaleElementReferenceException: stale element reference: element is not attached to the page document
  (Session info: chrome=69.0.3497.100)
  (Driver info: chromedriver=2.35.528161 (5b82f2d2aae0ca24b877009200ced9065a772e73),platform=Windows NT 6.1.7601 SP1 x86_64) (WARNING: The server did not provide any stacktrace information)
Command duration or timeout: 0 milliseconds
For documentation on this error, please visit: http://seleniumhq.org/exceptions/stale_element_reference.html
Build info: version: '3.7.1', revision: '8a0099a', time: '2017-11-06T21:07:36.161Z'
System info: host: 'WEIZHENG', ip: '192.168.137.1', os.name: 'Windows 7', os.arch: 'amd64', os.version: '6.1', java.version: '1.8.0_181'
Driver info: com.kms.katalon.selenium.driver.CChromeDriver
Capabilities {acceptInsecureCerts: false, acceptSslCerts: false, applicationCacheEnabled: false, browserConnectionEnabled: false, browserName: chrome, chrome: {chromedriverVersion: 2.35.528161 (5b82f2d2aae0ca..., userDataDir: C:\Users\WEIZHE~1\AppData\L...}, cssSelectorsEnabled: true, databaseEnabled: false, handlesAlerts: true, hasTouchScreen: false, javascriptEnabled: true, locationContextEnabled: true, mobileEmulationEnabled: false, nativeEvents: true, networkConnectionEnabled: false, pageLoadStrategy: normal, platform: XP, platformName: XP, rotatable: false, setWindowRect: true, takesHeapSnapshot: true, takesScreenshot: true, unexpectedAlertBehaviour: , unhandledPromptBehavior: , version: 69.0.3497.100, webStorageEnabled: true}
Session ID: 1d7bcd91bca02d79101771c67d3b647b)
[[ATTACHMENT|C:\\Users\\LENOVO\\Katalon Studio\\Perkeso Phase A\\Reports\\Workflow\\Form 3 EIS - Cessation as Employer\\20181020_023210\\1539996986458.png]]

2018-10-20 08:56:26 - [TEST_STEP][PASSED] - Statement - out.println(Checker): null

2018-10-20 08:56:26 - [TEST_STEP][FAILED] - Statement - If (Checker == false): Unable to click on object 'Object Repository/Final Object Repo/Landing Page/Select to English' (Root cause: com.kms.katalon.core.webui.exception.WebElementNotFoundException: Web element with id: 'Object Repository/Final Object Repo/Landing Page/Select to English' located by 'By.xpath: //a[@class = 'taglib-language-list-text' and @lang = 'en-US' and (contains(text(), 'EN') or contains(., 'EN'))]' not found)

2018-10-20 08:56:26 - [TEST_STEP][FAILED] - click: Unable to click on object 'Object Repository/Final Object Repo/Landing Page/Select to English' (Root cause: com.kms.katalon.core.webui.exception.WebElementNotFoundException: Web element with id: 'Object Repository/Final Object Repo/Landing Page/Select to English' located by 'By.xpath: //a[@class = 'taglib-language-list-text' and @lang = 'en-US' and (contains(text(), 'EN') or contains(., 'EN'))]' not found)

2018-10-20 08:58:44 - [MESSAGE][FAILED] - Unable to click on object 'Object Repository/Final Object Repo/Landing Page/Select to English' (Root cause: com.kms.katalon.core.webui.exception.WebElementNotFoundException: Web element with id: 'Object Repository/Final Object Repo/Landing Page/Select to English' located by 'By.xpath: //a[@class = 'taglib-language-list-text' and @lang = 'en-US' and (contains(text(), 'EN') or contains(., 'EN'))]' not found)
[[ATTACHMENT|C:\\Users\\LENOVO\\Katalon Studio\\Perkeso Phase A\\Reports\\Workflow\\Form 3 EIS - Cessation as Employer\\20181020_023210\\1539997124266.png]]

2018-10-20 08:58:44 - [TEST_STEP][PASSED] - delay: Delayed 2 second(s)

2018-10-20 08:58:46 - [MESSAGE][PASSED] - Delayed 2 second(s)

2018-10-20 08:58:46 - [TEST_STEP][PASSED] - delay: Delayed 3 second(s)

2018-10-20 08:58:49 - [MESSAGE][PASSED] - Delayed 3 second(s)

2018-10-20 08:58:49 - [TEST_STEP][PASSED] - click: Object: 'Object Repository/Final Object Repo/Landing Page/WorkFlow Menu' is clicked on

2018-10-20 08:58:49 - [MESSAGE][PASSED] - Object: 'Object Repository/Final Object Repo/Landing Page/WorkFlow Menu' is clicked on

2018-10-20 08:58:49 - [TEST_STEP][PASSED] - delay: Delayed 2 second(s)

2018-10-20 08:58:51 - [MESSAGE][PASSED] - Delayed 2 second(s)

2018-10-20 08:58:51 - [TEST_STEP][FAILED] - click: Unable to click on object 'Object Repository/Final Object Repo/Landing Page/Select to Workflow Listing' (Root cause: org.openqa.selenium.ElementNotVisibleException: element not visible
  (Session info: chrome=69.0.3497.100)
  (Driver info: chromedriver=2.35.528161 (5b82f2d2aae0ca24b877009200ced9065a772e73),platform=Windows NT 6.1.7601 SP1 x86_64) (WARNING: The server did not provide any stacktrace information)
Command duration or timeout: 0 milliseconds
Build info: version: '3.7.1', revision: '8a0099a', time: '2017-11-06T21:07:36.161Z'
System info: host: 'WEIZHENG', ip: '192.168.137.1', os.name: 'Windows 7', os.arch: 'amd64', os.version: '6.1', java.version: '1.8.0_181'
Driver info: com.kms.katalon.selenium.driver.CChromeDriver
Capabilities {acceptInsecureCerts: false, acceptSslCerts: false, applicationCacheEnabled: false, browserConnectionEnabled: false, browserName: chrome, chrome: {chromedriverVersion: 2.35.528161 (5b82f2d2aae0ca..., userDataDir: C:\Users\WEIZHE~1\AppData\L...}, cssSelectorsEnabled: true, databaseEnabled: false, handlesAlerts: true, hasTouchScreen: false, javascriptEnabled: true, locationContextEnabled: true, mobileEmulationEnabled: false, nativeEvents: true, networkConnectionEnabled: false, pageLoadStrategy: normal, platform: XP, platformName: XP, rotatable: false, setWindowRect: true, takesHeapSnapshot: true, takesScreenshot: true, unexpectedAlertBehaviour: , unhandledPromptBehavior: , version: 69.0.3497.100, webStorageEnabled: true}
Session ID: 1d7bcd91bca02d79101771c67d3b647b)

2018-10-20 08:58:52 - [MESSAGE][FAILED] - Unable to click on object 'Object Repository/Final Object Repo/Landing Page/Select to Workflow Listing' (Root cause: org.openqa.selenium.ElementNotVisibleException: element not visible
  (Session info: chrome=69.0.3497.100)
  (Driver info: chromedriver=2.35.528161 (5b82f2d2aae0ca24b877009200ced9065a772e73),platform=Windows NT 6.1.7601 SP1 x86_64) (WARNING: The server did not provide any stacktrace information)
Command duration or timeout: 0 milliseconds
Build info: version: '3.7.1', revision: '8a0099a', time: '2017-11-06T21:07:36.161Z'
System info: host: 'WEIZHENG', ip: '192.168.137.1', os.name: 'Windows 7', os.arch: 'amd64', os.version: '6.1', java.version: '1.8.0_181'
Driver info: com.kms.katalon.selenium.driver.CChromeDriver
Capabilities {acceptInsecureCerts: false, acceptSslCerts: false, applicationCacheEnabled: false, browserConnectionEnabled: false, browserName: chrome, chrome: {chromedriverVersion: 2.35.528161 (5b82f2d2aae0ca..., userDataDir: C:\Users\WEIZHE~1\AppData\L...}, cssSelectorsEnabled: true, databaseEnabled: false, handlesAlerts: true, hasTouchScreen: false, javascriptEnabled: true, locationContextEnabled: true, mobileEmulationEnabled: false, nativeEvents: true, networkConnectionEnabled: false, pageLoadStrategy: normal, platform: XP, platformName: XP, rotatable: false, setWindowRect: true, takesHeapSnapshot: true, takesScreenshot: true, unexpectedAlertBehaviour: , unhandledPromptBehavior: , version: 69.0.3497.100, webStorageEnabled: true}
Session ID: 1d7bcd91bca02d79101771c67d3b647b)
[[ATTACHMENT|C:\\Users\\LENOVO\\Katalon Studio\\Perkeso Phase A\\Reports\\Workflow\\Form 3 EIS - Cessation as Employer\\20181020_023210\\1539997131857.png]]

2018-10-20 08:58:52 - [TEST_STEP][PASSED] - delay: Delayed 2 second(s)

2018-10-20 08:58:54 - [MESSAGE][PASSED] - Delayed 2 second(s)

2018-10-20 08:58:54 - [TEST_STEP][FAILED] - click: Unable to click on object 'Object Repository/Final Object Repo/WorkFlow Listing Page/Search Information - To Put Ref No' (Root cause: com.kms.katalon.core.webui.exception.WebElementNotFoundException: Web element with id: 'Object Repository/Final Object Repo/WorkFlow Listing Page/Search Information - To Put Ref No' located by 'By.xpath: //h2[@data-target = '#_workflowlisting_WAR_baseportlet_searchDiv' and (text() = 'Search Information' or . = 'Search Information')]' not found)

2018-10-20 09:01:04 - [MESSAGE][FAILED] - Unable to click on object 'Object Repository/Final Object Repo/WorkFlow Listing Page/Search Information - To Put Ref No' (Root cause: com.kms.katalon.core.webui.exception.WebElementNotFoundException: Web element with id: 'Object Repository/Final Object Repo/WorkFlow Listing Page/Search Information - To Put Ref No' located by 'By.xpath: //h2[@data-target = '#_workflowlisting_WAR_baseportlet_searchDiv' and (text() = 'Search Information' or . = 'Search Information')]' not found)
[[ATTACHMENT|C:\\Users\\LENOVO\\Katalon Studio\\Perkeso Phase A\\Reports\\Workflow\\Form 3 EIS - Cessation as Employer\\20181020_023210\\1539997264259.png]]

2018-10-20 09:01:04 - [TEST_STEP][PASSED] - delay: Delayed 2 second(s)

2018-10-20 09:01:06 - [MESSAGE][PASSED] - Delayed 2 second(s)

2018-10-20 09:01:06 - [TEST_STEP][PASSED] - callTestCase: Call Test Case 'Test Cases/Final Aug 2018 - PKS Automation/Common/Reference Number Getter' successfully

2018-10-20 09:01:06 - [TEST_CASE][PASSED] - Test Cases/Final Aug 2018 - PKS Automation/Common/Reference Number Getter: Test Cases/Final Aug 2018 - PKS Automation/Common/Reference Number Getter

2018-10-20 09:01:06 - [TEST_STEP][PASSED] - Statement - Try: null

2018-10-20 09:01:06 - [TEST_STEP][PASSED] - Statement - RefNo = new java.io.File(C://KatalonReference.txt): null

2018-10-20 09:01:06 - [TEST_STEP][PASSED] - Statement - bufferread = new java.io.BufferedReader(new java.io.FileReader(RefNo)): null

2018-10-20 09:01:06 - [TEST_STEP][PASSED] - Statement - readedVal = bufferread.readLine(): null

2018-10-20 09:01:06 - [TEST_STEP][PASSED] - Statement - out.println(CaseReferenceNo): null

2018-10-20 09:01:06 - [TEST_STEP][PASSED] - Statement - out.println(readedVal): null

2018-10-20 09:01:06 - [TEST_STEP][PASSED] - Statement - CaseReferenceNo = readedVal: null

2018-10-20 09:01:06 - [MESSAGE][PASSED] - Call Test Case 'Test Cases/Final Aug 2018 - PKS Automation/Common/Reference Number Getter' successfully

2018-10-20 09:01:06 - [TEST_STEP][FAILED] - setText: Unable to set text 'ERN102018C200002177ERN102018C200002178ERN102018C200002179' of object 'Object Repository/Final Object Repo/WorkFlow Listing Page/Ref No Set Text' (Root cause: com.kms.katalon.core.webui.exception.WebElementNotFoundException: Web element with id: 'Object Repository/Final Object Repo/WorkFlow Listing Page/Ref No Set Text' located by 'By.xpath: //input[@id = '_workflowlisting_WAR_baseportlet_dto.trxReferenceNum' and @name = '_workflowlisting_WAR_baseportlet_dto.trxReferenceNum' and @type = 'text']' not found)

2018-10-20 09:03:17 - [MESSAGE][FAILED] - Unable to set text 'ERN102018C200002177ERN102018C200002178ERN102018C200002179' of object 'Object Repository/Final Object Repo/WorkFlow Listing Page/Ref No Set Text' (Root cause: com.kms.katalon.core.webui.exception.WebElementNotFoundException: Web element with id: 'Object Repository/Final Object Repo/WorkFlow Listing Page/Ref No Set Text' located by 'By.xpath: //input[@id = '_workflowlisting_WAR_baseportlet_dto.trxReferenceNum' and @name = '_workflowlisting_WAR_baseportlet_dto.trxReferenceNum' and @type = 'text']' not found)
[[ATTACHMENT|C:\\Users\\LENOVO\\Katalon Studio\\Perkeso Phase A\\Reports\\Workflow\\Form 3 EIS - Cessation as Employer\\20181020_023210\\1539997396875.png]]

2018-10-20 09:03:17 - [TEST_STEP][PASSED] - delay: Delayed 2 second(s)

2018-10-20 09:03:19 - [MESSAGE][PASSED] - Delayed 2 second(s)

2018-10-20 09:03:19 - [TEST_STEP][FAILED] - click: Unable to click on object 'Object Repository/Final Object Repo/WorkFlow Listing Page/Search Ref No Search Button' (Root cause: org.openqa.selenium.ElementNotVisibleException: element not visible
  (Session info: chrome=69.0.3497.100)
  (Driver info: chromedriver=2.35.528161 (5b82f2d2aae0ca24b877009200ced9065a772e73),platform=Windows NT 6.1.7601 SP1 x86_64) (WARNING: The server did not provide any stacktrace information)
Command duration or timeout: 0 milliseconds
Build info: version: '3.7.1', revision: '8a0099a', time: '2017-11-06T21:07:36.161Z'
System info: host: 'WEIZHENG', ip: '192.168.137.1', os.name: 'Windows 7', os.arch: 'amd64', os.version: '6.1', java.version: '1.8.0_181'
Driver info: com.kms.katalon.selenium.driver.CChromeDriver
Capabilities {acceptInsecureCerts: false, acceptSslCerts: false, applicationCacheEnabled: false, browserConnectionEnabled: false, browserName: chrome, chrome: {chromedriverVersion: 2.35.528161 (5b82f2d2aae0ca..., userDataDir: C:\Users\WEIZHE~1\AppData\L...}, cssSelectorsEnabled: true, databaseEnabled: false, handlesAlerts: true, hasTouchScreen: false, javascriptEnabled: true, locationContextEnabled: true, mobileEmulationEnabled: false, nativeEvents: true, networkConnectionEnabled: false, pageLoadStrategy: normal, platform: XP, platformName: XP, rotatable: false, setWindowRect: true, takesHeapSnapshot: true, takesScreenshot: true, unexpectedAlertBehaviour: , unhandledPromptBehavior: , version: 69.0.3497.100, webStorageEnabled: true}
Session ID: 1d7bcd91bca02d79101771c67d3b647b)

2018-10-20 09:03:19 - [MESSAGE][FAILED] - Unable to click on object 'Object Repository/Final Object Repo/WorkFlow Listing Page/Search Ref No Search Button' (Root cause: org.openqa.selenium.ElementNotVisibleException: element not visible
  (Session info: chrome=69.0.3497.100)
  (Driver info: chromedriver=2.35.528161 (5b82f2d2aae0ca24b877009200ced9065a772e73),platform=Windows NT 6.1.7601 SP1 x86_64) (WARNING: The server did not provide any stacktrace information)
Command duration or timeout: 0 milliseconds
Build info: version: '3.7.1', revision: '8a0099a', time: '2017-11-06T21:07:36.161Z'
System info: host: 'WEIZHENG', ip: '192.168.137.1', os.name: 'Windows 7', os.arch: 'amd64', os.version: '6.1', java.version: '1.8.0_181'
Driver info: com.kms.katalon.selenium.driver.CChromeDriver
Capabilities {acceptInsecureCerts: false, acceptSslCerts: false, applicationCacheEnabled: false, browserConnectionEnabled: false, browserName: chrome, chrome: {chromedriverVersion: 2.35.528161 (5b82f2d2aae0ca..., userDataDir: C:\Users\WEIZHE~1\AppData\L...}, cssSelectorsEnabled: true, databaseEnabled: false, handlesAlerts: true, hasTouchScreen: false, javascriptEnabled: true, locationContextEnabled: true, mobileEmulationEnabled: false, nativeEvents: true, networkConnectionEnabled: false, pageLoadStrategy: normal, platform: XP, platformName: XP, rotatable: false, setWindowRect: true, takesHeapSnapshot: true, takesScreenshot: true, unexpectedAlertBehaviour: , unhandledPromptBehavior: , version: 69.0.3497.100, webStorageEnabled: true}
Session ID: 1d7bcd91bca02d79101771c67d3b647b)
[[ATTACHMENT|C:\\Users\\LENOVO\\Katalon Studio\\Perkeso Phase A\\Reports\\Workflow\\Form 3 EIS - Cessation as Employer\\20181020_023210\\1539997399277.png]]

2018-10-20 09:03:19 - [TEST_STEP][PASSED] - delay: Delayed 4 second(s)

2018-10-20 09:03:23 - [MESSAGE][PASSED] - Delayed 4 second(s)

2018-10-20 09:03:23 - [TEST_STEP][PASSED] - click: Object: 'Object Repository/Final Object Repo/WorkFlow Listing Page/Click Continue Tooltip' is clicked on

2018-10-20 09:03:25 - [MESSAGE][PASSED] - Object: 'Object Repository/Final Object Repo/WorkFlow Listing Page/Click Continue Tooltip' is clicked on

2018-10-20 09:03:25 - [TEST_STEP][PASSED] - delay: Delayed 5 second(s)

2018-10-20 09:03:30 - [MESSAGE][PASSED] - Delayed 5 second(s)

2018-10-20 09:03:30 - [TEST_STEP][FAILED] - doubleClick: Unable to double click on object 'Object Repository/Final Object Repo/WorkFlow Listing Page/Workflow Found - Listing 1' (Root cause: com.kms.katalon.core.webui.exception.WebElementNotFoundException: Web element with id: 'Object Repository/Final Object Repo/WorkFlow Listing Page/Workflow Found - Listing 1' located by 'By.xpath: //body/div/div/div/div/div/div/div/div/div/div/div/div/div/div/div/div/table/tbody/tr/td[@class='table-cell  first']/following-sibling::td[1]' not found)

2018-10-20 09:05:40 - [MESSAGE][FAILED] - Unable to double click on object 'Object Repository/Final Object Repo/WorkFlow Listing Page/Workflow Found - Listing 1' (Root cause: com.kms.katalon.core.webui.exception.WebElementNotFoundException: Web element with id: 'Object Repository/Final Object Repo/WorkFlow Listing Page/Workflow Found - Listing 1' located by 'By.xpath: //body/div/div/div/div/div/div/div/div/div/div/div/div/div/div/div/div/table/tbody/tr/td[@class='table-cell  first']/following-sibling::td[1]' not found)
[[ATTACHMENT|C:\\Users\\LENOVO\\Katalon Studio\\Perkeso Phase A\\Reports\\Workflow\\Form 3 EIS - Cessation as Employer\\20181020_023210\\1539997540188.png]]

2018-10-20 09:05:40 - [MESSAGE][FAILED] - Unable to call Test Case with id 'Test Cases/Final Aug 2018 - PKS Automation/Common/Workflow Owner Finder' (Root cause: Call Test Case 'Test Cases/Final Aug 2018 - PKS Automation/Common/Workflow Owner Finder' failed)

2018-10-20 09:05:40 - [MESSAGE][FAILED] - Unable to call Test Case with id 'Test Cases/Final Aug 2018 - PKS Automation/Registration Module/Workflow/Form 3 EIS - Cessation As Employer/Template/Form 3 A - Cessation As Employer (Approve)' (Root cause: Call Test Case 'Test Cases/Final Aug 2018 - PKS Automation/Registration Module/Workflow/Form 3 EIS - Cessation As Employer/Template/Form 3 A - Cessation As Employer (Approve)' failed)]]></system-out>
         <system-err><![CDATA[2018-10-20 08:55:04 - [TEST_CASE][FAILED] - Test Cases/Final Aug 2018 - PKS Automation/Registration Module/Workflow/Form 3 EIS - Cessation As Employer/OTC to UO (Approve): Test Cases/Final Aug 2018 - PKS Automation/Registration Module/Workflow/Form 3 EIS - Cessation As Employer/OTC to UO (Approve) FAILED because (of) (Stack trace: com.kms.katalon.core.exception.StepFailedException: Unable to click on object 'Object Repository/Final Object Repo/Landing Page/Select to English' (Root cause: com.kms.katalon.core.webui.exception.WebElementNotFoundException: Web element with id: 'Object Repository/Final Object Repo/Landing Page/Select to English' located by 'By.xpath: //a[@class = 'taglib-language-list-text' and @lang = 'en-US' and (contains(text(), 'EN') or contains(., 'EN'))]' not found)
	at com.kms.katalon.core.keyword.internal.KeywordMain.stepFailed(KeywordMain.groovy:32)
	at com.kms.katalon.core.webui.keyword.internal.WebUIKeywordMain.stepFailed(WebUIKeywordMain.groovy:65)
	at com.kms.katalon.core.webui.keyword.internal.WebUIKeywordMain.runKeyword(WebUIKeywordMain.groovy:27)
	at com.kms.katalon.core.webui.keyword.builtin.ClickKeyword.click(ClickKeyword.groovy:86)
	at com.kms.katalon.core.webui.keyword.builtin.ClickKeyword.execute(ClickKeyword.groovy:67)
	at com.kms.katalon.core.keyword.internal.KeywordExecutor.executeKeywordForPlatform(KeywordExecutor.groovy:53)
	at com.kms.katalon.core.webui.keyword.WebUiBuiltInKeywords.click(WebUiBuiltInKeywords.groovy:604)
	at com.kms.katalon.core.webui.keyword.WebUiBuiltInKeywords$click$8.call(Unknown Source)
	at Script1534407542420.run(Script1534407542420.groovy:57)
	at com.kms.katalon.core.main.ScriptEngine.run(ScriptEngine.java:183)
	at com.kms.katalon.core.main.ScriptEngine.runScriptAsRawText(ScriptEngine.java:108)
	at com.kms.katalon.core.main.TestCaseExecutor.runScript(TestCaseExecutor.java:294)
	at com.kms.katalon.core.main.TestCaseExecutor.doExecute(TestCaseExecutor.java:285)
	at com.kms.katalon.core.main.TestCaseExecutor.processExecutionPhase(TestCaseExecutor.java:264)
	at com.kms.katalon.core.main.TestCaseExecutor.accessMainPhase(TestCaseExecutor.java:256)
	at com.kms.katalon.core.main.TestCaseExecutor.execute(TestCaseExecutor.java:200)
	at com.kms.katalon.core.main.TestCaseMain.runTestCase(TestCaseMain.java:99)
	at com.kms.katalon.core.keyword.builtin.CallTestCaseKeyword$_callTestCase_closure1.doCall(CallTestCaseKeyword.groovy:60)
	at com.kms.katalon.core.keyword.builtin.CallTestCaseKeyword$_callTestCase_closure1.call(CallTestCaseKeyword.groovy)
	at com.kms.katalon.core.keyword.internal.KeywordMain.runKeyword(KeywordMain.groovy:54)
	at com.kms.katalon.core.keyword.builtin.CallTestCaseKeyword.callTestCase(CallTestCaseKeyword.groovy:81)
	at com.kms.katalon.core.keyword.builtin.CallTestCaseKeyword.execute(CallTestCaseKeyword.groovy:45)
	at com.kms.katalon.core.keyword.internal.KeywordExecutor.executeKeywordForPlatform(KeywordExecutor.groovy:53)
	at com.kms.katalon.core.keyword.BuiltinKeywords.callTestCase(BuiltinKeywords.groovy:334)
	at sun.reflect.GeneratedMethodAccessor13.invoke(Unknown Source)
	at sun.reflect.DelegatingMethodAccessorImpl.invoke(DelegatingMethodAccessorImpl.java:43)
	at java.lang.reflect.Method.invoke(Method.java:498)
	at org.codehaus.groovy.reflection.CachedMethod.invoke(CachedMethod.java:93)
	at groovy.lang.MetaMethod.doMethodInvoke(MetaMethod.java:325)
	at groovy.lang.MetaClassImpl.invokeStaticMethod(MetaClassImpl.java:1469)
	at org.codehaus.groovy.runtime.callsite.StaticMetaClassSite.call(StaticMetaClassSite.java:53)
	at org.codehaus.groovy.runtime.callsite.CallSiteArray.defaultCall(CallSiteArray.java:48)
	at org.codehaus.groovy.runtime.callsite.AbstractCallSite.call(AbstractCallSite.java:113)
	at org.codehaus.groovy.runtime.callsite.AbstractCallSite.call(AbstractCallSite.java:141)
	at Script1536043843412.run(Script1536043843412.groovy:34)
	at com.kms.katalon.core.main.ScriptEngine.run(ScriptEngine.java:183)
	at com.kms.katalon.core.main.ScriptEngine.runScriptAsRawText(ScriptEngine.java:108)
	at com.kms.katalon.core.main.TestCaseExecutor.runScript(TestCaseExecutor.java:294)
	at com.kms.katalon.core.main.TestCaseExecutor.doExecute(TestCaseExecutor.java:285)
	at com.kms.katalon.core.main.TestCaseExecutor.processExecutionPhase(TestCaseExecutor.java:264)
	at com.kms.katalon.core.main.TestCaseExecutor.accessMainPhase(TestCaseExecutor.java:256)
	at com.kms.katalon.core.main.TestCaseExecutor.execute(TestCaseExecutor.java:200)
	at com.kms.katalon.core.main.TestCaseMain.runTestCase(TestCaseMain.java:99)
	at com.kms.katalon.core.keyword.builtin.CallTestCaseKeyword$_callTestCase_closure1.doCall(CallTestCaseKeyword.groovy:60)
	at com.kms.katalon.core.keyword.builtin.CallTestCaseKeyword$_callTestCase_closure1.call(CallTestCaseKeyword.groovy)
	at com.kms.katalon.core.keyword.internal.KeywordMain.runKeyword(KeywordMain.groovy:54)
	at com.kms.katalon.core.keyword.builtin.CallTestCaseKeyword.callTestCase(CallTestCaseKeyword.groovy:81)
	at com.kms.katalon.core.keyword.builtin.CallTestCaseKeyword.execute(CallTestCaseKeyword.groovy:45)
	at com.kms.katalon.core.keyword.internal.KeywordExecutor.executeKeywordForPlatform(KeywordExecutor.groovy:53)
	at com.kms.katalon.core.keyword.BuiltinKeywords.callTestCase(BuiltinKeywords.groovy:334)
	at sun.reflect.GeneratedMethodAccessor13.invoke(Unknown Source)
	at sun.reflect.DelegatingMethodAccessorImpl.invoke(DelegatingMethodAccessorImpl.java:43)
	at java.lang.reflect.Method.invoke(Method.java:498)
	at org.codehaus.groovy.reflection.CachedMethod.invoke(CachedMethod.java:93)
	at groovy.lang.MetaMethod.doMethodInvoke(MetaMethod.java:325)
	at groovy.lang.MetaClassImpl.invokeStaticMethod(MetaClassImpl.java:1469)
	at org.codehaus.groovy.runtime.callsite.StaticMetaClassSite.call(StaticMetaClassSite.java:53)
	at org.codehaus.groovy.runtime.callsite.CallSiteArray.defaultCall(CallSiteArray.java:48)
	at org.codehaus.groovy.runtime.callsite.AbstractCallSite.call(AbstractCallSite.java:113)
	at org.codehaus.groovy.runtime.callsite.AbstractCallSite.call(AbstractCallSite.java:141)
	at Script1536203236794.run(Script1536203236794.groovy:25)
	at com.kms.katalon.core.main.ScriptEngine.run(ScriptEngine.java:183)
	at com.kms.katalon.core.main.ScriptEngine.runScriptAsRawText(ScriptEngine.java:108)
	at com.kms.katalon.core.main.TestCaseExecutor.runScript(TestCaseExecutor.java:294)
	at com.kms.katalon.core.main.TestCaseExecutor.doExecute(TestCaseExecutor.java:285)
	at com.kms.katalon.core.main.TestCaseExecutor.processExecutionPhase(TestCaseExecutor.java:264)
	at com.kms.katalon.core.main.TestCaseExecutor.accessMainPhase(TestCaseExecutor.java:256)
	at com.kms.katalon.core.main.TestCaseExecutor.execute(TestCaseExecutor.java:200)
	at com.kms.katalon.core.main.TestSuiteExecutor.accessTestCaseMainPhase(TestSuiteExecutor.java:129)
	at com.kms.katalon.core.main.TestSuiteExecutor.accessTestSuiteMainPhase(TestSuiteExecutor.java:112)
	at com.kms.katalon.core.main.TestSuiteExecutor.execute(TestSuiteExecutor.java:81)
	at com.kms.katalon.core.main.TestCaseMain.startTestSuite(TestCaseMain.java:142)
	at com.kms.katalon.core.main.TestCaseMain$startTestSuite$0.call(Unknown Source)
	at org.codehaus.groovy.runtime.callsite.CallSiteArray.defaultCall(CallSiteArray.java:48)
	at org.codehaus.groovy.runtime.callsite.AbstractCallSite.call(AbstractCallSite.java:113)
	at org.codehaus.groovy.runtime.callsite.AbstractCallSite.call(AbstractCallSite.java:141)
	at TempTestSuite1539973930605.run(TempTestSuite1539973930605.groovy:36)
	at groovy.lang.GroovyShell.runScriptOrMainOrTestOrRunnable(GroovyShell.java:263)
	at groovy.lang.GroovyShell.run(GroovyShell.java:518)
	at groovy.lang.GroovyShell.run(GroovyShell.java:507)
	at groovy.ui.GroovyMain.processOnce(GroovyMain.java:653)
	at groovy.ui.GroovyMain.run(GroovyMain.java:384)
	at groovy.ui.GroovyMain.process(GroovyMain.java:370)
	at groovy.ui.GroovyMain.processArgs(GroovyMain.java:129)
	at groovy.ui.GroovyMain.main(GroovyMain.java:109)
	at sun.reflect.NativeMethodAccessorImpl.invoke0(Native Method)
	at sun.reflect.NativeMethodAccessorImpl.invoke(NativeMethodAccessorImpl.java:62)
	at sun.reflect.DelegatingMethodAccessorImpl.invoke(DelegatingMethodAccessorImpl.java:43)
	at java.lang.reflect.Method.invoke(Method.java:498)
	at org.codehaus.groovy.tools.GroovyStarter.rootLoader(GroovyStarter.java:109)
	at org.codehaus.groovy.tools.GroovyStarter.main(GroovyStarter.java:131)
)]]></system-err>
      </testcase>
      <testcase name="Test Cases/Final Aug 2018 - PKS Automation/Registration Module/Workflow/Form 3 EIS - Cessation As Employer/OTC to UO (Query)" classname="Test Cases/Final Aug 2018 - PKS Automation/Registration Module/Workflow/Form 3 EIS - Cessation As Employer/OTC to UO (Query)" status="FAILED">
         <failure type="FAILED" message="(Stack trace: com.kms.katalon.core.exception.StepFailedException: Unable to click on object 'Object Repository/Final Object Repo/Landing Page/Select to English' (Root cause: com.kms.katalon.core.webui.exception.WebElementNotFoundException: Web element with id: 'Object Repository/Final Object Repo/Landing Page/Select to English' located by 'By.xpath: //a[@class = 'taglib-language-list-text' and @lang = 'en-US' and (contains(text(), 'EN') or contains(., 'EN'))]' not found)
	at com.kms.katalon.core.keyword.internal.KeywordMain.stepFailed(KeywordMain.groovy:32)
	at com.kms.katalon.core.webui.keyword.internal.WebUIKeywordMain.stepFailed(WebUIKeywordMain.groovy:65)
	at com.kms.katalon.core.webui.keyword.internal.WebUIKeywordMain.runKeyword(WebUIKeywordMain.groovy:27)
	at com.kms.katalon.core.webui.keyword.builtin.ClickKeyword.click(ClickKeyword.groovy:86)
	at com.kms.katalon.core.webui.keyword.builtin.ClickKeyword.execute(ClickKeyword.groovy:67)
	at com.kms.katalon.core.keyword.internal.KeywordExecutor.executeKeywordForPlatform(KeywordExecutor.groovy:53)
	at com.kms.katalon.core.webui.keyword.WebUiBuiltInKeywords.click(WebUiBuiltInKeywords.groovy:604)
	at com.kms.katalon.core.webui.keyword.WebUiBuiltInKeywords$click$8.call(Unknown Source)
	at Script1534407542420.run(Script1534407542420.groovy:57)
	at com.kms.katalon.core.main.ScriptEngine.run(ScriptEngine.java:183)
	at com.kms.katalon.core.main.ScriptEngine.runScriptAsRawText(ScriptEngine.java:108)
	at com.kms.katalon.core.main.TestCaseExecutor.runScript(TestCaseExecutor.java:294)
	at com.kms.katalon.core.main.TestCaseExecutor.doExecute(TestCaseExecutor.java:285)
	at com.kms.katalon.core.main.TestCaseExecutor.processExecutionPhase(TestCaseExecutor.java:264)
	at com.kms.katalon.core.main.TestCaseExecutor.accessMainPhase(TestCaseExecutor.java:256)
	at com.kms.katalon.core.main.TestCaseExecutor.execute(TestCaseExecutor.java:200)
	at com.kms.katalon.core.main.TestCaseMain.runTestCase(TestCaseMain.java:99)
	at com.kms.katalon.core.keyword.builtin.CallTestCaseKeyword$_callTestCase_closure1.doCall(CallTestCaseKeyword.groovy:60)
	at com.kms.katalon.core.keyword.builtin.CallTestCaseKeyword$_callTestCase_closure1.call(CallTestCaseKeyword.groovy)
	at com.kms.katalon.core.keyword.internal.KeywordMain.runKeyword(KeywordMain.groovy:54)
	at com.kms.katalon.core.keyword.builtin.CallTestCaseKeyword.callTestCase(CallTestCaseKeyword.groovy:81)
	at com.kms.katalon.core.keyword.builtin.CallTestCaseKeyword.execute(CallTestCaseKeyword.groovy:45)
	at com.kms.katalon.core.keyword.internal.KeywordExecutor.executeKeywordForPlatform(KeywordExecutor.groovy:53)
	at com.kms.katalon.core.keyword.BuiltinKeywords.callTestCase(BuiltinKeywords.groovy:334)
	at sun.reflect.GeneratedMethodAccessor13.invoke(Unknown Source)
	at sun.reflect.DelegatingMethodAccessorImpl.invoke(DelegatingMethodAccessorImpl.java:43)
	at java.lang.reflect.Method.invoke(Method.java:498)
	at org.codehaus.groovy.reflection.CachedMethod.invoke(CachedMethod.java:93)
	at groovy.lang.MetaMethod.doMethodInvoke(MetaMethod.java:325)
	at groovy.lang.MetaClassImpl.invokeStaticMethod(MetaClassImpl.java:1469)
	at org.codehaus.groovy.runtime.callsite.StaticMetaClassSite.call(StaticMetaClassSite.java:53)
	at org.codehaus.groovy.runtime.callsite.AbstractCallSite.call(AbstractCallSite.java:141)
	at Script1536114876563.run(Script1536114876563.groovy:34)
	at com.kms.katalon.core.main.ScriptEngine.run(ScriptEngine.java:183)
	at com.kms.katalon.core.main.ScriptEngine.runScriptAsRawText(ScriptEngine.java:108)
	at com.kms.katalon.core.main.TestCaseExecutor.runScript(TestCaseExecutor.java:294)
	at com.kms.katalon.core.main.TestCaseExecutor.doExecute(TestCaseExecutor.java:285)
	at com.kms.katalon.core.main.TestCaseExecutor.processExecutionPhase(TestCaseExecutor.java:264)
	at com.kms.katalon.core.main.TestCaseExecutor.accessMainPhase(TestCaseExecutor.java:256)
	at com.kms.katalon.core.main.TestCaseExecutor.execute(TestCaseExecutor.java:200)
	at com.kms.katalon.core.main.TestCaseMain.runTestCase(TestCaseMain.java:99)
	at com.kms.katalon.core.keyword.builtin.CallTestCaseKeyword$_callTestCase_closure1.doCall(CallTestCaseKeyword.groovy:60)
	at com.kms.katalon.core.keyword.builtin.CallTestCaseKeyword$_callTestCase_closure1.call(CallTestCaseKeyword.groovy)
	at com.kms.katalon.core.keyword.internal.KeywordMain.runKeyword(KeywordMain.groovy:54)
	at com.kms.katalon.core.keyword.builtin.CallTestCaseKeyword.callTestCase(CallTestCaseKeyword.groovy:81)
	at com.kms.katalon.core.keyword.builtin.CallTestCaseKeyword.execute(CallTestCaseKeyword.groovy:45)
	at com.kms.katalon.core.keyword.internal.KeywordExecutor.executeKeywordForPlatform(KeywordExecutor.groovy:53)
	at com.kms.katalon.core.keyword.BuiltinKeywords.callTestCase(BuiltinKeywords.groovy:334)
	at sun.reflect.GeneratedMethodAccessor13.invoke(Unknown Source)
	at sun.reflect.DelegatingMethodAccessorImpl.invoke(DelegatingMethodAccessorImpl.java:43)
	at java.lang.reflect.Method.invoke(Method.java:498)
	at org.codehaus.groovy.reflection.CachedMethod.invoke(CachedMethod.java:93)
	at groovy.lang.MetaMethod.doMethodInvoke(MetaMethod.java:325)
	at groovy.lang.MetaClassImpl.invokeStaticMethod(MetaClassImpl.java:1469)
	at org.codehaus.groovy.runtime.callsite.StaticMetaClassSite.call(StaticMetaClassSite.java:53)
	at org.codehaus.groovy.runtime.callsite.CallSiteArray.defaultCall(CallSiteArray.java:48)
	at org.codehaus.groovy.runtime.callsite.AbstractCallSite.call(AbstractCallSite.java:113)
	at org.codehaus.groovy.runtime.callsite.AbstractCallSite.call(AbstractCallSite.java:141)
	at Script1536204253481.run(Script1536204253481.groovy:25)
	at com.kms.katalon.core.main.ScriptEngine.run(ScriptEngine.java:183)
	at com.kms.katalon.core.main.ScriptEngine.runScriptAsRawText(ScriptEngine.java:108)
	at com.kms.katalon.core.main.TestCaseExecutor.runScript(TestCaseExecutor.java:294)
	at com.kms.katalon.core.main.TestCaseExecutor.doExecute(TestCaseExecutor.java:285)
	at com.kms.katalon.core.main.TestCaseExecutor.processExecutionPhase(TestCaseExecutor.java:264)
	at com.kms.katalon.core.main.TestCaseExecutor.accessMainPhase(TestCaseExecutor.java:256)
	at com.kms.katalon.core.main.TestCaseExecutor.execute(TestCaseExecutor.java:200)
	at com.kms.katalon.core.main.TestSuiteExecutor.accessTestCaseMainPhase(TestSuiteExecutor.java:129)
	at com.kms.katalon.core.main.TestSuiteExecutor.accessTestSuiteMainPhase(TestSuiteExecutor.java:112)
	at com.kms.katalon.core.main.TestSuiteExecutor.execute(TestSuiteExecutor.java:81)
	at com.kms.katalon.core.main.TestCaseMain.startTestSuite(TestCaseMain.java:142)
	at com.kms.katalon.core.main.TestCaseMain$startTestSuite$0.call(Unknown Source)
	at org.codehaus.groovy.runtime.callsite.CallSiteArray.defaultCall(CallSiteArray.java:48)
	at org.codehaus.groovy.runtime.callsite.AbstractCallSite.call(AbstractCallSite.java:113)
	at org.codehaus.groovy.runtime.callsite.AbstractCallSite.call(AbstractCallSite.java:141)
	at TempTestSuite1539973930605.run(TempTestSuite1539973930605.groovy:36)
	at groovy.lang.GroovyShell.runScriptOrMainOrTestOrRunnable(GroovyShell.java:263)
	at groovy.lang.GroovyShell.run(GroovyShell.java:518)
	at groovy.lang.GroovyShell.run(GroovyShell.java:507)
	at groovy.ui.GroovyMain.processOnce(GroovyMain.java:653)
	at groovy.ui.GroovyMain.run(GroovyMain.java:384)
	at groovy.ui.GroovyMain.process(GroovyMain.java:370)
	at groovy.ui.GroovyMain.processArgs(GroovyMain.java:129)
	at groovy.ui.GroovyMain.main(GroovyMain.java:109)
	at sun.reflect.NativeMethodAccessorImpl.invoke0(Native Method)
	at sun.reflect.NativeMethodAccessorImpl.invoke(NativeMethodAccessorImpl.java:62)
	at sun.reflect.DelegatingMethodAccessorImpl.invoke(DelegatingMethodAccessorImpl.java:43)
	at java.lang.reflect.Method.invoke(Method.java:498)
	at org.codehaus.groovy.tools.GroovyStarter.rootLoader(GroovyStarter.java:109)
	at org.codehaus.groovy.tools.GroovyStarter.main(GroovyStarter.java:131)
)"/>
         <system-out><![CDATA[2018-10-20 09:05:40 - [TEST_CASE][FAILED] - Test Cases/Final Aug 2018 - PKS Automation/Registration Module/Workflow/Form 3 EIS - Cessation As Employer/OTC to UO (Query): Test Cases/Final Aug 2018 - PKS Automation/Registration Module/Workflow/Form 3 EIS - Cessation As Employer/OTC to UO (Query) FAILED because (of) (Stack trace: com.kms.katalon.core.exception.StepFailedException: Unable to click on object 'Object Repository/Final Object Repo/Landing Page/Select to English' (Root cause: com.kms.katalon.core.webui.exception.WebElementNotFoundException: Web element with id: 'Object Repository/Final Object Repo/Landing Page/Select to English' located by 'By.xpath: //a[@class = 'taglib-language-list-text' and @lang = 'en-US' and (contains(text(), 'EN') or contains(., 'EN'))]' not found)
	at com.kms.katalon.core.keyword.internal.KeywordMain.stepFailed(KeywordMain.groovy:32)
	at com.kms.katalon.core.webui.keyword.internal.WebUIKeywordMain.stepFailed(WebUIKeywordMain.groovy:65)
	at com.kms.katalon.core.webui.keyword.internal.WebUIKeywordMain.runKeyword(WebUIKeywordMain.groovy:27)
	at com.kms.katalon.core.webui.keyword.builtin.ClickKeyword.click(ClickKeyword.groovy:86)
	at com.kms.katalon.core.webui.keyword.builtin.ClickKeyword.execute(ClickKeyword.groovy:67)
	at com.kms.katalon.core.keyword.internal.KeywordExecutor.executeKeywordForPlatform(KeywordExecutor.groovy:53)
	at com.kms.katalon.core.webui.keyword.WebUiBuiltInKeywords.click(WebUiBuiltInKeywords.groovy:604)
	at com.kms.katalon.core.webui.keyword.WebUiBuiltInKeywords$click$8.call(Unknown Source)
	at Script1534407542420.run(Script1534407542420.groovy:57)
	at com.kms.katalon.core.main.ScriptEngine.run(ScriptEngine.java:183)
	at com.kms.katalon.core.main.ScriptEngine.runScriptAsRawText(ScriptEngine.java:108)
	at com.kms.katalon.core.main.TestCaseExecutor.runScript(TestCaseExecutor.java:294)
	at com.kms.katalon.core.main.TestCaseExecutor.doExecute(TestCaseExecutor.java:285)
	at com.kms.katalon.core.main.TestCaseExecutor.processExecutionPhase(TestCaseExecutor.java:264)
	at com.kms.katalon.core.main.TestCaseExecutor.accessMainPhase(TestCaseExecutor.java:256)
	at com.kms.katalon.core.main.TestCaseExecutor.execute(TestCaseExecutor.java:200)
	at com.kms.katalon.core.main.TestCaseMain.runTestCase(TestCaseMain.java:99)
	at com.kms.katalon.core.keyword.builtin.CallTestCaseKeyword$_callTestCase_closure1.doCall(CallTestCaseKeyword.groovy:60)
	at com.kms.katalon.core.keyword.builtin.CallTestCaseKeyword$_callTestCase_closure1.call(CallTestCaseKeyword.groovy)
	at com.kms.katalon.core.keyword.internal.KeywordMain.runKeyword(KeywordMain.groovy:54)
	at com.kms.katalon.core.keyword.builtin.CallTestCaseKeyword.callTestCase(CallTestCaseKeyword.groovy:81)
	at com.kms.katalon.core.keyword.builtin.CallTestCaseKeyword.execute(CallTestCaseKeyword.groovy:45)
	at com.kms.katalon.core.keyword.internal.KeywordExecutor.executeKeywordForPlatform(KeywordExecutor.groovy:53)
	at com.kms.katalon.core.keyword.BuiltinKeywords.callTestCase(BuiltinKeywords.groovy:334)
	at sun.reflect.GeneratedMethodAccessor13.invoke(Unknown Source)
	at sun.reflect.DelegatingMethodAccessorImpl.invoke(DelegatingMethodAccessorImpl.java:43)
	at java.lang.reflect.Method.invoke(Method.java:498)
	at org.codehaus.groovy.reflection.CachedMethod.invoke(CachedMethod.java:93)
	at groovy.lang.MetaMethod.doMethodInvoke(MetaMethod.java:325)
	at groovy.lang.MetaClassImpl.invokeStaticMethod(MetaClassImpl.java:1469)
	at org.codehaus.groovy.runtime.callsite.StaticMetaClassSite.call(StaticMetaClassSite.java:53)
	at org.codehaus.groovy.runtime.callsite.AbstractCallSite.call(AbstractCallSite.java:141)
	at Script1536114876563.run(Script1536114876563.groovy:34)
	at com.kms.katalon.core.main.ScriptEngine.run(ScriptEngine.java:183)
	at com.kms.katalon.core.main.ScriptEngine.runScriptAsRawText(ScriptEngine.java:108)
	at com.kms.katalon.core.main.TestCaseExecutor.runScript(TestCaseExecutor.java:294)
	at com.kms.katalon.core.main.TestCaseExecutor.doExecute(TestCaseExecutor.java:285)
	at com.kms.katalon.core.main.TestCaseExecutor.processExecutionPhase(TestCaseExecutor.java:264)
	at com.kms.katalon.core.main.TestCaseExecutor.accessMainPhase(TestCaseExecutor.java:256)
	at com.kms.katalon.core.main.TestCaseExecutor.execute(TestCaseExecutor.java:200)
	at com.kms.katalon.core.main.TestCaseMain.runTestCase(TestCaseMain.java:99)
	at com.kms.katalon.core.keyword.builtin.CallTestCaseKeyword$_callTestCase_closure1.doCall(CallTestCaseKeyword.groovy:60)
	at com.kms.katalon.core.keyword.builtin.CallTestCaseKeyword$_callTestCase_closure1.call(CallTestCaseKeyword.groovy)
	at com.kms.katalon.core.keyword.internal.KeywordMain.runKeyword(KeywordMain.groovy:54)
	at com.kms.katalon.core.keyword.builtin.CallTestCaseKeyword.callTestCase(CallTestCaseKeyword.groovy:81)
	at com.kms.katalon.core.keyword.builtin.CallTestCaseKeyword.execute(CallTestCaseKeyword.groovy:45)
	at com.kms.katalon.core.keyword.internal.KeywordExecutor.executeKeywordForPlatform(KeywordExecutor.groovy:53)
	at com.kms.katalon.core.keyword.BuiltinKeywords.callTestCase(BuiltinKeywords.groovy:334)
	at sun.reflect.GeneratedMethodAccessor13.invoke(Unknown Source)
	at sun.reflect.DelegatingMethodAccessorImpl.invoke(DelegatingMethodAccessorImpl.java:43)
	at java.lang.reflect.Method.invoke(Method.java:498)
	at org.codehaus.groovy.reflection.CachedMethod.invoke(CachedMethod.java:93)
	at groovy.lang.MetaMethod.doMethodInvoke(MetaMethod.java:325)
	at groovy.lang.MetaClassImpl.invokeStaticMethod(MetaClassImpl.java:1469)
	at org.codehaus.groovy.runtime.callsite.StaticMetaClassSite.call(StaticMetaClassSite.java:53)
	at org.codehaus.groovy.runtime.callsite.CallSiteArray.defaultCall(CallSiteArray.java:48)
	at org.codehaus.groovy.runtime.callsite.AbstractCallSite.call(AbstractCallSite.java:113)
	at org.codehaus.groovy.runtime.callsite.AbstractCallSite.call(AbstractCallSite.java:141)
	at Script1536204253481.run(Script1536204253481.groovy:25)
	at com.kms.katalon.core.main.ScriptEngine.run(ScriptEngine.java:183)
	at com.kms.katalon.core.main.ScriptEngine.runScriptAsRawText(ScriptEngine.java:108)
	at com.kms.katalon.core.main.TestCaseExecutor.runScript(TestCaseExecutor.java:294)
	at com.kms.katalon.core.main.TestCaseExecutor.doExecute(TestCaseExecutor.java:285)
	at com.kms.katalon.core.main.TestCaseExecutor.processExecutionPhase(TestCaseExecutor.java:264)
	at com.kms.katalon.core.main.TestCaseExecutor.accessMainPhase(TestCaseExecutor.java:256)
	at com.kms.katalon.core.main.TestCaseExecutor.execute(TestCaseExecutor.java:200)
	at com.kms.katalon.core.main.TestSuiteExecutor.accessTestCaseMainPhase(TestSuiteExecutor.java:129)
	at com.kms.katalon.core.main.TestSuiteExecutor.accessTestSuiteMainPhase(TestSuiteExecutor.java:112)
	at com.kms.katalon.core.main.TestSuiteExecutor.execute(TestSuiteExecutor.java:81)
	at com.kms.katalon.core.main.TestCaseMain.startTestSuite(TestCaseMain.java:142)
	at com.kms.katalon.core.main.TestCaseMain$startTestSuite$0.call(Unknown Source)
	at org.codehaus.groovy.runtime.callsite.CallSiteArray.defaultCall(CallSiteArray.java:48)
	at org.codehaus.groovy.runtime.callsite.AbstractCallSite.call(AbstractCallSite.java:113)
	at org.codehaus.groovy.runtime.callsite.AbstractCallSite.call(AbstractCallSite.java:141)
	at TempTestSuite1539973930605.run(TempTestSuite1539973930605.groovy:36)
	at groovy.lang.GroovyShell.runScriptOrMainOrTestOrRunnable(GroovyShell.java:263)
	at groovy.lang.GroovyShell.run(GroovyShell.java:518)
	at groovy.lang.GroovyShell.run(GroovyShell.java:507)
	at groovy.ui.GroovyMain.processOnce(GroovyMain.java:653)
	at groovy.ui.GroovyMain.run(GroovyMain.java:384)
	at groovy.ui.GroovyMain.process(GroovyMain.java:370)
	at groovy.ui.GroovyMain.processArgs(GroovyMain.java:129)
	at groovy.ui.GroovyMain.main(GroovyMain.java:109)
	at sun.reflect.NativeMethodAccessorImpl.invoke0(Native Method)
	at sun.reflect.NativeMethodAccessorImpl.invoke(NativeMethodAccessorImpl.java:62)
	at sun.reflect.DelegatingMethodAccessorImpl.invoke(DelegatingMethodAccessorImpl.java:43)
	at java.lang.reflect.Method.invoke(Method.java:498)
	at org.codehaus.groovy.tools.GroovyStarter.rootLoader(GroovyStarter.java:109)
	at org.codehaus.groovy.tools.GroovyStarter.main(GroovyStarter.java:131)
)

2018-10-20 09:05:40 - [TEST_STEP][PASSED] - callTestCase: Call Test Case 'Test Cases/Final Aug 2018 - PKS Automation/Registration Module/Workflow/Form 3 EIS - Cessation As Employer/Template/Form 3 A - Cessation As Employer (OTC)' successfully

2018-10-20 09:05:40 - [TEST_CASE][PASSED] - Test Cases/Final Aug 2018 - PKS Automation/Registration Module/Workflow/Form 3 EIS - Cessation As Employer/Template/Form 3 A - Cessation As Employer (OTC): Test Cases/Final Aug 2018 - PKS Automation/Registration Module/Workflow/Form 3 EIS - Cessation As Employer/Template/Form 3 A - Cessation As Employer (OTC)

2018-10-20 09:05:40 - [TEST_STEP][PASSED] - openBrowser: Browser is opened with url: ''

2018-10-20 09:05:40 - [MESSAGE][WARNING] - A browser is already opened. Closing browser and opening a new one

2018-10-20 09:05:44 - [MESSAGE][PASSED] - Browser is opened with url: ''

2018-10-20 09:05:44 - [TEST_STEP][PASSED] - navigateToUrl: Navigate to 'https://assist2-uat.perkeso.gov.my/login' successfully

2018-10-20 09:05:46 - [MESSAGE][PASSED] - Navigate to 'https://assist2-uat.perkeso.gov.my/login' successfully

2018-10-20 09:05:46 - [TEST_STEP][PASSED] - setText: Text 'johorotc1@gmail.com' is set on object 'Object Repository/Final Object Repo/Login Page/Internal User/Email Address'

2018-10-20 09:05:46 - [MESSAGE][PASSED] - Text 'johorotc1@gmail.com' is set on object 'Object Repository/Final Object Repo/Login Page/Internal User/Email Address'

2018-10-20 09:05:46 - [TEST_STEP][PASSED] - click: Object: 'Object Repository/Final Object Repo/Login Page/Internal User/Next Button' is clicked on

2018-10-20 09:05:47 - [MESSAGE][PASSED] - Object: 'Object Repository/Final Object Repo/Login Page/Internal User/Next Button' is clicked on

2018-10-20 09:05:47 - [TEST_STEP][PASSED] - delay: Delayed 1 second(s)

2018-10-20 09:05:48 - [MESSAGE][PASSED] - Delayed 1 second(s)

2018-10-20 09:05:48 - [TEST_STEP][PASSED] - setEncryptedText: Text ****** has been set on object 'Object Repository/Final Object Repo/Login Page/Internal User/Password'

2018-10-20 09:05:48 - [MESSAGE][PASSED] - Text ****** has been set on object 'Object Repository/Final Object Repo/Login Page/Internal User/Password'

2018-10-20 09:05:48 - [TEST_STEP][PASSED] - click: Object: 'Object Repository/Final Object Repo/Login Page/Internal User/Login Button' is clicked on

2018-10-20 09:05:48 - [MESSAGE][PASSED] - Object: 'Object Repository/Final Object Repo/Login Page/Internal User/Login Button' is clicked on

2018-10-20 09:05:48 - [TEST_STEP][PASSED] - delay: Delayed 1 second(s)

2018-10-20 09:05:49 - [MESSAGE][PASSED] - Delayed 1 second(s)

2018-10-20 09:05:49 - [TEST_STEP][PASSED] - Statement - Try: Delayed 2 second(s)

2018-10-20 09:05:49 - [TEST_STEP][PASSED] - Statement - Checker = false: null

2018-10-20 09:05:49 - [TEST_STEP][PASSED] - Statement - Checker = com.kms.katalon.core.webui.keyword.WebUiBuiltInKeywords.verifyElementHasAttribute(com.kms.katalon.core.testobject.ObjectRepository.findTestObject(Final Object Repo/Landing Page/BM Detecting), "href", 20, OPTIONAL): Object 'Object Repository/Final Object Repo/Landing Page/BM Detecting' has attribute 'href'

2018-10-20 09:05:52 - [MESSAGE][PASSED] - Object 'Object Repository/Final Object Repo/Landing Page/BM Detecting' has attribute 'href'

2018-10-20 09:05:52 - [TEST_STEP][PASSED] - Statement - out.println(Checker): null

2018-10-20 09:05:52 - [TEST_STEP][PASSED] - Statement - If (Checker == false): null

2018-10-20 09:05:52 - [TEST_STEP][PASSED] - Statement - Else: null

2018-10-20 09:05:52 - [TEST_STEP][PASSED] - delay: Delayed 2 second(s)

2018-10-20 09:05:54 - [MESSAGE][PASSED] - Delayed 2 second(s)

2018-10-20 09:05:54 - [TEST_STEP][PASSED] - navigateToUrl: Navigate to 'https://assist2-uat.perkeso.gov.my/web/registration/eis-update/form-3-eis-cessation-as-employer' successfully

2018-10-20 09:05:55 - [MESSAGE][PASSED] - Navigate to 'https://assist2-uat.perkeso.gov.my/web/registration/eis-update/form-3-eis-cessation-as-employer' successfully

2018-10-20 09:05:55 - [TEST_STEP][PASSED] - delay: Delayed 1 second(s)

2018-10-20 09:05:56 - [MESSAGE][PASSED] - Delayed 1 second(s)

2018-10-20 09:05:56 - [TEST_STEP][PASSED] - setText: Text 'E1102069769W' is set on object 'Object Repository/Final Object Repo/Page_Form 3 EIS - Cessation as Employer/Employer Code'

2018-10-20 09:05:56 - [MESSAGE][PASSED] - Text 'E1102069769W' is set on object 'Object Repository/Final Object Repo/Page_Form 3 EIS - Cessation as Employer/Employer Code'

2018-10-20 09:05:56 - [TEST_STEP][PASSED] - click: Object: 'Object Repository/Final Object Repo/Page_Form 3 EIS - Cessation as Employer/Search' is clicked on

2018-10-20 09:05:56 - [MESSAGE][PASSED] - Object: 'Object Repository/Final Object Repo/Page_Form 3 EIS - Cessation as Employer/Search' is clicked on

2018-10-20 09:05:56 - [TEST_STEP][PASSED] - click: Object: 'Object Repository/Final Object Repo/Page_Form 3 EIS - Cessation as Employer/Edit' is clicked on

2018-10-20 09:05:59 - [MESSAGE][PASSED] - Object: 'Object Repository/Final Object Repo/Page_Form 3 EIS - Cessation as Employer/Edit' is clicked on

2018-10-20 09:05:59 - [TEST_STEP][PASSED] - delay: Delayed 1 second(s)

2018-10-20 09:06:00 - [MESSAGE][PASSED] - Delayed 1 second(s)

2018-10-20 09:06:00 - [TEST_STEP][PASSED] - Statement - abc = com.kms.katalon.core.webui.keyword.WebUiBuiltInKeywords.getAttribute(com.kms.katalon.core.testobject.ObjectRepository.findTestObject(Final Object Repo/Page_Form 3 EIS - Cessation as Employer/Employer Status), "value"): Attribute 'value' of object 'Object Repository/Final Object Repo/Page_Form 3 EIS - Cessation as Employer/Employer Status' is: 'Active'

2018-10-20 09:06:00 - [MESSAGE][PASSED] - Attribute 'value' of object 'Object Repository/Final Object Repo/Page_Form 3 EIS - Cessation as Employer/Employer Status' is: 'Active'

2018-10-20 09:06:00 - [TEST_STEP][PASSED] - Statement - out.println(abc): null

2018-10-20 09:06:00 - [TEST_STEP][PASSED] - Statement - If (abc == "Active"): Object: 'Object Repository/Final Object Repo/Page_Form 3 EIS - Cessation as Employer/Dormant EIS' is clicked on

2018-10-20 09:06:00 - [TEST_STEP][PASSED] - click: Object: 'Object Repository/Final Object Repo/Page_Form 3 EIS - Cessation as Employer/Change Employer Status to' is clicked on

2018-10-20 09:06:01 - [MESSAGE][PASSED] - Object: 'Object Repository/Final Object Repo/Page_Form 3 EIS - Cessation as Employer/Change Employer Status to' is clicked on

2018-10-20 09:06:01 - [TEST_STEP][PASSED] - click: Object: 'Object Repository/Final Object Repo/Page_Form 3 EIS - Cessation as Employer/Dormant EIS' is clicked on

2018-10-20 09:06:01 - [MESSAGE][PASSED] - Object: 'Object Repository/Final Object Repo/Page_Form 3 EIS - Cessation as Employer/Dormant EIS' is clicked on

2018-10-20 09:06:01 - [TEST_STEP][PASSED] - click: Object: 'Object Repository/Final Object Repo/Page_Form 3 EIS - Cessation as Employer/Calender' is clicked on

2018-10-20 09:06:01 - [MESSAGE][PASSED] - Object: 'Object Repository/Final Object Repo/Page_Form 3 EIS - Cessation as Employer/Calender' is clicked on

2018-10-20 09:06:01 - [TEST_STEP][PASSED] - delay: Delayed 1 second(s)

2018-10-20 09:06:02 - [MESSAGE][PASSED] - Delayed 1 second(s)

2018-10-20 09:06:02 - [TEST_STEP][PASSED] - click: Object: 'Object Repository/Final Object Repo/Page_Form 3 EIS - Cessation as Employer/Calender - Date' is clicked on

2018-10-20 09:06:02 - [MESSAGE][PASSED] - Object: 'Object Repository/Final Object Repo/Page_Form 3 EIS - Cessation as Employer/Calender - Date' is clicked on

2018-10-20 09:06:02 - [TEST_STEP][PASSED] - click: Object: 'Object Repository/Final Object Repo/Page_Form 3 EIS - Cessation as Employer/Save  Continue in Form 3 EIS Page' is clicked on

2018-10-20 09:06:02 - [MESSAGE][PASSED] - Object: 'Object Repository/Final Object Repo/Page_Form 3 EIS - Cessation as Employer/Save  Continue in Form 3 EIS Page' is clicked on

2018-10-20 09:06:02 - [TEST_STEP][PASSED] - delay: Delayed 1 second(s)

2018-10-20 09:06:03 - [MESSAGE][PASSED] - Delayed 1 second(s)

2018-10-20 09:06:03 - [TEST_STEP][PASSED] - click: Object: 'Object Repository/Final Object Repo/Page_Form 3 EIS - Cessation as Employer/Employment Resign Date' is clicked on

2018-10-20 09:06:04 - [MESSAGE][PASSED] - Object: 'Object Repository/Final Object Repo/Page_Form 3 EIS - Cessation as Employer/Employment Resign Date' is clicked on

2018-10-20 09:06:04 - [TEST_STEP][PASSED] - selectOptionByValue: All options with value '2018' are selected in object 'Object Repository/Final Object Repo/Page_Form 3 EIS - Cessation as Employer/Employment Resign Date - Year' 

2018-10-20 09:06:04 - [MESSAGE][PASSED] - All options with value '2018' are selected in object 'Object Repository/Final Object Repo/Page_Form 3 EIS - Cessation as Employer/Employment Resign Date - Year' 

2018-10-20 09:06:04 - [TEST_STEP][PASSED] - delay: Delayed 2 second(s)

2018-10-20 09:06:06 - [MESSAGE][PASSED] - Delayed 2 second(s)

2018-10-20 09:06:06 - [TEST_STEP][PASSED] - click: Object: 'Object Repository/Final Object Repo/Page_Form 3 EIS - Cessation as Employer/Employment Resign Date - Year - Date' is clicked on

2018-10-20 09:06:06 - [MESSAGE][PASSED] - Object: 'Object Repository/Final Object Repo/Page_Form 3 EIS - Cessation as Employer/Employment Resign Date - Year - Date' is clicked on

2018-10-20 09:06:06 - [TEST_STEP][PASSED] - delay: Delayed 2 second(s)

2018-10-20 09:06:08 - [MESSAGE][PASSED] - Delayed 2 second(s)

2018-10-20 09:06:08 - [TEST_STEP][PASSED] - click: Object: 'Object Repository/Final Object Repo/Page_Form 3 EIS - Cessation as Employer/Save  Continue in Employment Resign Page' is clicked on

2018-10-20 09:06:09 - [MESSAGE][PASSED] - Object: 'Object Repository/Final Object Repo/Page_Form 3 EIS - Cessation as Employer/Save  Continue in Employment Resign Page' is clicked on

2018-10-20 09:06:09 - [TEST_STEP][PASSED] - delay: Delayed 2 second(s)

2018-10-20 09:06:11 - [MESSAGE][PASSED] - Delayed 2 second(s)

2018-10-20 09:06:11 - [TEST_STEP][PASSED] - click: Object: 'Object Repository/Final Object Repo/Page_Form 3 EIS - Cessation as Employer/Add Document' is clicked on

2018-10-20 09:06:12 - [MESSAGE][PASSED] - Object: 'Object Repository/Final Object Repo/Page_Form 3 EIS - Cessation as Employer/Add Document' is clicked on

2018-10-20 09:06:12 - [TEST_STEP][PASSED] - delay: Delayed 3 second(s)

2018-10-20 09:06:15 - [MESSAGE][PASSED] - Delayed 3 second(s)

2018-10-20 09:06:15 - [TEST_STEP][PASSED] - click: Object: 'Object Repository/Final Object Repo/Page_Form 3 EIS - Cessation as Employer/Document Type' is clicked on

2018-10-20 09:06:16 - [MESSAGE][PASSED] - Object: 'Object Repository/Final Object Repo/Page_Form 3 EIS - Cessation as Employer/Document Type' is clicked on

2018-10-20 09:06:16 - [TEST_STEP][PASSED] - click: Object: 'Object Repository/Final Object Repo/Page_Form 3 EIS - Cessation as Employer/Document Type - Form 3' is clicked on

2018-10-20 09:06:16 - [MESSAGE][PASSED] - Object: 'Object Repository/Final Object Repo/Page_Form 3 EIS - Cessation as Employer/Document Type - Form 3' is clicked on

2018-10-20 09:06:16 - [TEST_STEP][PASSED] - delay: Delayed 2 second(s)

2018-10-20 09:06:18 - [MESSAGE][PASSED] - Delayed 2 second(s)

2018-10-20 09:06:18 - [TEST_STEP][PASSED] - sendKeys: Keys 'C:\Users\Public\Pictures\Sample Pictures\Act.jpg' sent to object: 'Object Repository/Final Object Repo/Page_Form 3 EIS - Cessation as Employer/ploading File'

2018-10-20 09:06:18 - [MESSAGE][PASSED] - Keys 'C:\Users\Public\Pictures\Sample Pictures\Act.jpg' sent to object: 'Object Repository/Final Object Repo/Page_Form 3 EIS - Cessation as Employer/ploading File'

2018-10-20 09:06:18 - [TEST_STEP][PASSED] - delay: Delayed 1 second(s)

2018-10-20 09:06:19 - [MESSAGE][PASSED] - Delayed 1 second(s)

2018-10-20 09:06:19 - [TEST_STEP][PASSED] - click: Object: 'Object Repository/Final Object Repo/Page_Form 3 EIS - Cessation as Employer/Add Document in Uploading Page' is clicked on

2018-10-20 09:06:19 - [MESSAGE][PASSED] - Object: 'Object Repository/Final Object Repo/Page_Form 3 EIS - Cessation as Employer/Add Document in Uploading Page' is clicked on

2018-10-20 09:06:19 - [TEST_STEP][PASSED] - delay: Delayed 2 second(s)

2018-10-20 09:06:21 - [MESSAGE][PASSED] - Delayed 2 second(s)

2018-10-20 09:06:21 - [TEST_STEP][PASSED] - Statement - CaseReferenceNo = com.kms.katalon.core.webui.keyword.WebUiBuiltInKeywords.getText(com.kms.katalon.core.testobject.ObjectRepository.findTestObject(Final Object Repo/Page_Update Employer Information/Reference Number in Update Employee Information Page)): Text of object 'Object Repository/Final Object Repo/Page_Update Employer Information/Reference Number in Update Employee Information Page' is: 'ERN102018C200002180'

2018-10-20 09:06:25 - [MESSAGE][PASSED] - Text of object 'Object Repository/Final Object Repo/Page_Update Employer Information/Reference Number in Update Employee Information Page' is: 'ERN102018C200002180'

2018-10-20 09:06:25 - [TEST_STEP][PASSED] - callTestCase: Call Test Case 'Test Cases/Final Aug 2018 - PKS Automation/Common/Reference Number Setter' successfully

2018-10-20 09:06:25 - [TEST_CASE][PASSED] - Test Cases/Final Aug 2018 - PKS Automation/Common/Reference Number Setter: Test Cases/Final Aug 2018 - PKS Automation/Common/Reference Number Setter

2018-10-20 09:06:25 - [TEST_STEP][PASSED] - Statement - RefNoOldFile = new java.io.File(C://KatalonReference.txt): null

2018-10-20 09:06:25 - [TEST_STEP][PASSED] - Statement - RefNoOldFile.delete(): null

2018-10-20 09:06:25 - [TEST_STEP][PASSED] - Statement - RefNo = new java.io.File(C://KatalonReference.txt): null

2018-10-20 09:06:25 - [TEST_STEP][PASSED] - Statement - RefNo.append(CaseReferenceNo): null

2018-10-20 09:06:25 - [TEST_STEP][PASSED] - Statement - out.println("


" + CaseReferenceNo + "


"): null

2018-10-20 09:06:25 - [MESSAGE][PASSED] - Call Test Case 'Test Cases/Final Aug 2018 - PKS Automation/Common/Reference Number Setter' successfully

2018-10-20 09:06:25 - [TEST_STEP][PASSED] - delay: Delayed 2 second(s)

2018-10-20 09:06:27 - [MESSAGE][PASSED] - Delayed 2 second(s)

2018-10-20 09:06:27 - [TEST_STEP][PASSED] - click: Object: 'Object Repository/Final Object Repo/Page_Form 3 EIS - Cessation as Employer/Save  Continue in Uploading Page' is clicked on

2018-10-20 09:06:28 - [MESSAGE][PASSED] - Object: 'Object Repository/Final Object Repo/Page_Form 3 EIS - Cessation as Employer/Save  Continue in Uploading Page' is clicked on

2018-10-20 09:06:28 - [TEST_STEP][PASSED] - delay: Delayed 2 second(s)

2018-10-20 09:06:30 - [MESSAGE][PASSED] - Delayed 2 second(s)

2018-10-20 09:06:30 - [TEST_STEP][PASSED] - click: Object: 'Object Repository/Final Object Repo/Page_Form 3 EIS - Cessation as Employer/Submit' is clicked on

2018-10-20 09:06:33 - [MESSAGE][PASSED] - Object: 'Object Repository/Final Object Repo/Page_Form 3 EIS - Cessation as Employer/Submit' is clicked on

2018-10-20 09:06:33 - [TEST_STEP][PASSED] - delay: Delayed 2 second(s)

2018-10-20 09:06:35 - [MESSAGE][PASSED] - Delayed 2 second(s)

2018-10-20 09:06:35 - [TEST_STEP][PASSED] - click: Object: 'Object Repository/Final Object Repo/Page_Form 3 EIS - Cessation as Employer/Confirm' is clicked on

2018-10-20 09:06:36 - [MESSAGE][PASSED] - Object: 'Object Repository/Final Object Repo/Page_Form 3 EIS - Cessation as Employer/Confirm' is clicked on

2018-10-20 09:06:36 - [TEST_STEP][PASSED] - delay: Delayed 2 second(s)

2018-10-20 09:06:38 - [MESSAGE][PASSED] - Delayed 2 second(s)

2018-10-20 09:06:38 - [TEST_STEP][PASSED] - click: Object: 'Object Repository/Final Object Repo/Page_Form 3 EIS - Cessation as Employer/Message Your Request will be routed to UO' is clicked on

2018-10-20 09:06:42 - [MESSAGE][PASSED] - Object: 'Object Repository/Final Object Repo/Page_Form 3 EIS - Cessation as Employer/Message Your Request will be routed to UO' is clicked on

2018-10-20 09:06:42 - [TEST_STEP][PASSED] - click: Object: 'Object Repository/Final Object Repo/Page_Form 3 EIS - Cessation as Employer/Letter of acknowledgement' is clicked on

2018-10-20 09:06:43 - [MESSAGE][PASSED] - Object: 'Object Repository/Final Object Repo/Page_Form 3 EIS - Cessation as Employer/Letter of acknowledgement' is clicked on

2018-10-20 09:06:43 - [MESSAGE][PASSED] - Call Test Case 'Test Cases/Final Aug 2018 - PKS Automation/Registration Module/Workflow/Form 3 EIS - Cessation As Employer/Template/Form 3 A - Cessation As Employer (OTC)' successfully

2018-10-20 09:06:43 - [TEST_STEP][FAILED] - callTestCase: Unable to call Test Case with id 'Test Cases/Final Aug 2018 - PKS Automation/Registration Module/Workflow/Form 3 EIS - Cessation As Employer/Template/Form 3 A - Cessation As Employer (Query)' (Root cause: Call Test Case 'Test Cases/Final Aug 2018 - PKS Automation/Registration Module/Workflow/Form 3 EIS - Cessation As Employer/Template/Form 3 A - Cessation As Employer (Query)' failed)

2018-10-20 09:06:43 - [TEST_CASE][FAILED] - Test Cases/Final Aug 2018 - PKS Automation/Registration Module/Workflow/Form 3 EIS - Cessation As Employer/Template/Form 3 A - Cessation As Employer (Query): Test Cases/Final Aug 2018 - PKS Automation/Registration Module/Workflow/Form 3 EIS - Cessation As Employer/Template/Form 3 A - Cessation As Employer (Query) FAILED because (of) (Stack trace: com.kms.katalon.core.exception.StepFailedException: Unable to click on object 'Object Repository/Final Object Repo/Landing Page/Select to English' (Root cause: com.kms.katalon.core.webui.exception.WebElementNotFoundException: Web element with id: 'Object Repository/Final Object Repo/Landing Page/Select to English' located by 'By.xpath: //a[@class = 'taglib-language-list-text' and @lang = 'en-US' and (contains(text(), 'EN') or contains(., 'EN'))]' not found)
	at com.kms.katalon.core.keyword.internal.KeywordMain.stepFailed(KeywordMain.groovy:32)
	at com.kms.katalon.core.webui.keyword.internal.WebUIKeywordMain.stepFailed(WebUIKeywordMain.groovy:65)
	at com.kms.katalon.core.webui.keyword.internal.WebUIKeywordMain.runKeyword(WebUIKeywordMain.groovy:27)
	at com.kms.katalon.core.webui.keyword.builtin.ClickKeyword.click(ClickKeyword.groovy:86)
	at com.kms.katalon.core.webui.keyword.builtin.ClickKeyword.execute(ClickKeyword.groovy:67)
	at com.kms.katalon.core.keyword.internal.KeywordExecutor.executeKeywordForPlatform(KeywordExecutor.groovy:53)
	at com.kms.katalon.core.webui.keyword.WebUiBuiltInKeywords.click(WebUiBuiltInKeywords.groovy:604)
	at com.kms.katalon.core.webui.keyword.WebUiBuiltInKeywords$click$8.call(Unknown Source)
	at Script1534407542420.run(Script1534407542420.groovy:57)
	at com.kms.katalon.core.main.ScriptEngine.run(ScriptEngine.java:183)
	at com.kms.katalon.core.main.ScriptEngine.runScriptAsRawText(ScriptEngine.java:108)
	at com.kms.katalon.core.main.TestCaseExecutor.runScript(TestCaseExecutor.java:294)
	at com.kms.katalon.core.main.TestCaseExecutor.doExecute(TestCaseExecutor.java:285)
	at com.kms.katalon.core.main.TestCaseExecutor.processExecutionPhase(TestCaseExecutor.java:264)
	at com.kms.katalon.core.main.TestCaseExecutor.accessMainPhase(TestCaseExecutor.java:256)
	at com.kms.katalon.core.main.TestCaseExecutor.execute(TestCaseExecutor.java:200)
	at com.kms.katalon.core.main.TestCaseMain.runTestCase(TestCaseMain.java:99)
	at com.kms.katalon.core.keyword.builtin.CallTestCaseKeyword$_callTestCase_closure1.doCall(CallTestCaseKeyword.groovy:60)
	at com.kms.katalon.core.keyword.builtin.CallTestCaseKeyword$_callTestCase_closure1.call(CallTestCaseKeyword.groovy)
	at com.kms.katalon.core.keyword.internal.KeywordMain.runKeyword(KeywordMain.groovy:54)
	at com.kms.katalon.core.keyword.builtin.CallTestCaseKeyword.callTestCase(CallTestCaseKeyword.groovy:81)
	at com.kms.katalon.core.keyword.builtin.CallTestCaseKeyword.execute(CallTestCaseKeyword.groovy:45)
	at com.kms.katalon.core.keyword.internal.KeywordExecutor.executeKeywordForPlatform(KeywordExecutor.groovy:53)
	at com.kms.katalon.core.keyword.BuiltinKeywords.callTestCase(BuiltinKeywords.groovy:334)
	at sun.reflect.GeneratedMethodAccessor13.invoke(Unknown Source)
	at sun.reflect.DelegatingMethodAccessorImpl.invoke(DelegatingMethodAccessorImpl.java:43)
	at java.lang.reflect.Method.invoke(Method.java:498)
	at org.codehaus.groovy.reflection.CachedMethod.invoke(CachedMethod.java:93)
	at groovy.lang.MetaMethod.doMethodInvoke(MetaMethod.java:325)
	at groovy.lang.MetaClassImpl.invokeStaticMethod(MetaClassImpl.java:1469)
	at org.codehaus.groovy.runtime.callsite.StaticMetaClassSite.call(StaticMetaClassSite.java:53)
	at org.codehaus.groovy.runtime.callsite.AbstractCallSite.call(AbstractCallSite.java:141)
	at Script1536114876563.run(Script1536114876563.groovy:34)
	at com.kms.katalon.core.main.ScriptEngine.run(ScriptEngine.java:183)
	at com.kms.katalon.core.main.ScriptEngine.runScriptAsRawText(ScriptEngine.java:108)
	at com.kms.katalon.core.main.TestCaseExecutor.runScript(TestCaseExecutor.java:294)
	at com.kms.katalon.core.main.TestCaseExecutor.doExecute(TestCaseExecutor.java:285)
	at com.kms.katalon.core.main.TestCaseExecutor.processExecutionPhase(TestCaseExecutor.java:264)
	at com.kms.katalon.core.main.TestCaseExecutor.accessMainPhase(TestCaseExecutor.java:256)
	at com.kms.katalon.core.main.TestCaseExecutor.execute(TestCaseExecutor.java:200)
	at com.kms.katalon.core.main.TestCaseMain.runTestCase(TestCaseMain.java:99)
	at com.kms.katalon.core.keyword.builtin.CallTestCaseKeyword$_callTestCase_closure1.doCall(CallTestCaseKeyword.groovy:60)
	at com.kms.katalon.core.keyword.builtin.CallTestCaseKeyword$_callTestCase_closure1.call(CallTestCaseKeyword.groovy)
	at com.kms.katalon.core.keyword.internal.KeywordMain.runKeyword(KeywordMain.groovy:54)
	at com.kms.katalon.core.keyword.builtin.CallTestCaseKeyword.callTestCase(CallTestCaseKeyword.groovy:81)
	at com.kms.katalon.core.keyword.builtin.CallTestCaseKeyword.execute(CallTestCaseKeyword.groovy:45)
	at com.kms.katalon.core.keyword.internal.KeywordExecutor.executeKeywordForPlatform(KeywordExecutor.groovy:53)
	at com.kms.katalon.core.keyword.BuiltinKeywords.callTestCase(BuiltinKeywords.groovy:334)
	at sun.reflect.GeneratedMethodAccessor13.invoke(Unknown Source)
	at sun.reflect.DelegatingMethodAccessorImpl.invoke(DelegatingMethodAccessorImpl.java:43)
	at java.lang.reflect.Method.invoke(Method.java:498)
	at org.codehaus.groovy.reflection.CachedMethod.invoke(CachedMethod.java:93)
	at groovy.lang.MetaMethod.doMethodInvoke(MetaMethod.java:325)
	at groovy.lang.MetaClassImpl.invokeStaticMethod(MetaClassImpl.java:1469)
	at org.codehaus.groovy.runtime.callsite.StaticMetaClassSite.call(StaticMetaClassSite.java:53)
	at org.codehaus.groovy.runtime.callsite.CallSiteArray.defaultCall(CallSiteArray.java:48)
	at org.codehaus.groovy.runtime.callsite.AbstractCallSite.call(AbstractCallSite.java:113)
	at org.codehaus.groovy.runtime.callsite.AbstractCallSite.call(AbstractCallSite.java:141)
	at Script1536204253481.run(Script1536204253481.groovy:25)
	at com.kms.katalon.core.main.ScriptEngine.run(ScriptEngine.java:183)
	at com.kms.katalon.core.main.ScriptEngine.runScriptAsRawText(ScriptEngine.java:108)
	at com.kms.katalon.core.main.TestCaseExecutor.runScript(TestCaseExecutor.java:294)
	at com.kms.katalon.core.main.TestCaseExecutor.doExecute(TestCaseExecutor.java:285)
	at com.kms.katalon.core.main.TestCaseExecutor.processExecutionPhase(TestCaseExecutor.java:264)
	at com.kms.katalon.core.main.TestCaseExecutor.accessMainPhase(TestCaseExecutor.java:256)
	at com.kms.katalon.core.main.TestCaseExecutor.execute(TestCaseExecutor.java:200)
	at com.kms.katalon.core.main.TestSuiteExecutor.accessTestCaseMainPhase(TestSuiteExecutor.java:129)
	at com.kms.katalon.core.main.TestSuiteExecutor.accessTestSuiteMainPhase(TestSuiteExecutor.java:112)
	at com.kms.katalon.core.main.TestSuiteExecutor.execute(TestSuiteExecutor.java:81)
	at com.kms.katalon.core.main.TestCaseMain.startTestSuite(TestCaseMain.java:142)
	at com.kms.katalon.core.main.TestCaseMain$startTestSuite$0.call(Unknown Source)
	at org.codehaus.groovy.runtime.callsite.CallSiteArray.defaultCall(CallSiteArray.java:48)
	at org.codehaus.groovy.runtime.callsite.AbstractCallSite.call(AbstractCallSite.java:113)
	at org.codehaus.groovy.runtime.callsite.AbstractCallSite.call(AbstractCallSite.java:141)
	at TempTestSuite1539973930605.run(TempTestSuite1539973930605.groovy:36)
	at groovy.lang.GroovyShell.runScriptOrMainOrTestOrRunnable(GroovyShell.java:263)
	at groovy.lang.GroovyShell.run(GroovyShell.java:518)
	at groovy.lang.GroovyShell.run(GroovyShell.java:507)
	at groovy.ui.GroovyMain.processOnce(GroovyMain.java:653)
	at groovy.ui.GroovyMain.run(GroovyMain.java:384)
	at groovy.ui.GroovyMain.process(GroovyMain.java:370)
	at groovy.ui.GroovyMain.processArgs(GroovyMain.java:129)
	at groovy.ui.GroovyMain.main(GroovyMain.java:109)
	at sun.reflect.NativeMethodAccessorImpl.invoke0(Native Method)
	at sun.reflect.NativeMethodAccessorImpl.invoke(NativeMethodAccessorImpl.java:62)
	at sun.reflect.DelegatingMethodAccessorImpl.invoke(DelegatingMethodAccessorImpl.java:43)
	at java.lang.reflect.Method.invoke(Method.java:498)
	at org.codehaus.groovy.tools.GroovyStarter.rootLoader(GroovyStarter.java:109)
	at org.codehaus.groovy.tools.GroovyStarter.main(GroovyStarter.java:131)
)

2018-10-20 09:06:43 - [TEST_STEP][NOT_RUN] - callTestCase: NOT_RUN: callTestCase

2018-10-20 09:06:43 - [MESSAGE][NOT_RUN] - NOT_RUN: callTestCase

2018-10-20 09:06:43 - [TEST_STEP][PASSED] - delay: Delayed 1 second(s)

2018-10-20 09:06:44 - [MESSAGE][PASSED] - Delayed 1 second(s)

2018-10-20 09:06:44 - [TEST_STEP][PASSED] - navigateToUrl: Navigate to 'https://assist2-uat.perkeso.gov.my/c/portal/logout' successfully

2018-10-20 09:06:45 - [MESSAGE][PASSED] - Navigate to 'https://assist2-uat.perkeso.gov.my/c/portal/logout' successfully

2018-10-20 09:06:45 - [TEST_STEP][PASSED] - delay: Delayed 1 second(s)

2018-10-20 09:06:46 - [MESSAGE][PASSED] - Delayed 1 second(s)

2018-10-20 09:06:46 - [TEST_STEP][PASSED] - callTestCase: Call Test Case 'Test Cases/Final Aug 2018 - PKS Automation/Common/Reference Number Getter' successfully

2018-10-20 09:06:46 - [TEST_CASE][PASSED] - Test Cases/Final Aug 2018 - PKS Automation/Common/Reference Number Getter: Test Cases/Final Aug 2018 - PKS Automation/Common/Reference Number Getter

2018-10-20 09:06:46 - [TEST_STEP][PASSED] - Statement - Try: null

2018-10-20 09:06:46 - [TEST_STEP][PASSED] - Statement - RefNo = new java.io.File(C://KatalonReference.txt): null

2018-10-20 09:06:46 - [TEST_STEP][PASSED] - Statement - bufferread = new java.io.BufferedReader(new java.io.FileReader(RefNo)): null

2018-10-20 09:06:46 - [TEST_STEP][PASSED] - Statement - readedVal = bufferread.readLine(): null

2018-10-20 09:06:46 - [TEST_STEP][PASSED] - Statement - out.println(CaseReferenceNo): null

2018-10-20 09:06:46 - [TEST_STEP][PASSED] - Statement - out.println(readedVal): null

2018-10-20 09:06:46 - [TEST_STEP][PASSED] - Statement - CaseReferenceNo = readedVal: null

2018-10-20 09:06:46 - [MESSAGE][PASSED] - Call Test Case 'Test Cases/Final Aug 2018 - PKS Automation/Common/Reference Number Getter' successfully

2018-10-20 09:06:46 - [TEST_STEP][FAILED] - callTestCase: Unable to call Test Case with id 'Test Cases/Final Aug 2018 - PKS Automation/Common/Workflow Owner Finder' (Root cause: Call Test Case 'Test Cases/Final Aug 2018 - PKS Automation/Common/Workflow Owner Finder' failed)

2018-10-20 09:06:46 - [TEST_CASE][FAILED] - Test Cases/Final Aug 2018 - PKS Automation/Common/Workflow Owner Finder: Test Cases/Final Aug 2018 - PKS Automation/Common/Workflow Owner Finder FAILED because (of) (Stack trace: com.kms.katalon.core.exception.StepFailedException: Unable to click on object 'Object Repository/Final Object Repo/Landing Page/Select to English' (Root cause: com.kms.katalon.core.webui.exception.WebElementNotFoundException: Web element with id: 'Object Repository/Final Object Repo/Landing Page/Select to English' located by 'By.xpath: //a[@class = 'taglib-language-list-text' and @lang = 'en-US' and (contains(text(), 'EN') or contains(., 'EN'))]' not found)
	at com.kms.katalon.core.keyword.internal.KeywordMain.stepFailed(KeywordMain.groovy:32)
	at com.kms.katalon.core.webui.keyword.internal.WebUIKeywordMain.stepFailed(WebUIKeywordMain.groovy:65)
	at com.kms.katalon.core.webui.keyword.internal.WebUIKeywordMain.runKeyword(WebUIKeywordMain.groovy:27)
	at com.kms.katalon.core.webui.keyword.builtin.ClickKeyword.click(ClickKeyword.groovy:86)
	at com.kms.katalon.core.webui.keyword.builtin.ClickKeyword.execute(ClickKeyword.groovy:67)
	at com.kms.katalon.core.keyword.internal.KeywordExecutor.executeKeywordForPlatform(KeywordExecutor.groovy:53)
	at com.kms.katalon.core.webui.keyword.WebUiBuiltInKeywords.click(WebUiBuiltInKeywords.groovy:604)
	at com.kms.katalon.core.webui.keyword.WebUiBuiltInKeywords$click$8.call(Unknown Source)
	at Script1534407542420.run(Script1534407542420.groovy:57)
	at com.kms.katalon.core.main.ScriptEngine.run(ScriptEngine.java:183)
	at com.kms.katalon.core.main.ScriptEngine.runScriptAsRawText(ScriptEngine.java:108)
	at com.kms.katalon.core.main.TestCaseExecutor.runScript(TestCaseExecutor.java:294)
	at com.kms.katalon.core.main.TestCaseExecutor.doExecute(TestCaseExecutor.java:285)
	at com.kms.katalon.core.main.TestCaseExecutor.processExecutionPhase(TestCaseExecutor.java:264)
	at com.kms.katalon.core.main.TestCaseExecutor.accessMainPhase(TestCaseExecutor.java:256)
	at com.kms.katalon.core.main.TestCaseExecutor.execute(TestCaseExecutor.java:200)
	at com.kms.katalon.core.main.TestCaseMain.runTestCase(TestCaseMain.java:99)
	at com.kms.katalon.core.keyword.builtin.CallTestCaseKeyword$_callTestCase_closure1.doCall(CallTestCaseKeyword.groovy:60)
	at com.kms.katalon.core.keyword.builtin.CallTestCaseKeyword$_callTestCase_closure1.call(CallTestCaseKeyword.groovy)
	at com.kms.katalon.core.keyword.internal.KeywordMain.runKeyword(KeywordMain.groovy:54)
	at com.kms.katalon.core.keyword.builtin.CallTestCaseKeyword.callTestCase(CallTestCaseKeyword.groovy:81)
	at com.kms.katalon.core.keyword.builtin.CallTestCaseKeyword.execute(CallTestCaseKeyword.groovy:45)
	at com.kms.katalon.core.keyword.internal.KeywordExecutor.executeKeywordForPlatform(KeywordExecutor.groovy:53)
	at com.kms.katalon.core.keyword.BuiltinKeywords.callTestCase(BuiltinKeywords.groovy:334)
	at sun.reflect.GeneratedMethodAccessor13.invoke(Unknown Source)
	at sun.reflect.DelegatingMethodAccessorImpl.invoke(DelegatingMethodAccessorImpl.java:43)
	at java.lang.reflect.Method.invoke(Method.java:498)
	at org.codehaus.groovy.reflection.CachedMethod.invoke(CachedMethod.java:93)
	at groovy.lang.MetaMethod.doMethodInvoke(MetaMethod.java:325)
	at groovy.lang.MetaClassImpl.invokeStaticMethod(MetaClassImpl.java:1469)
	at org.codehaus.groovy.runtime.callsite.StaticMetaClassSite.call(StaticMetaClassSite.java:53)
	at org.codehaus.groovy.runtime.callsite.AbstractCallSite.call(AbstractCallSite.java:141)
	at Script1536114876563.run(Script1536114876563.groovy:34)
	at com.kms.katalon.core.main.ScriptEngine.run(ScriptEngine.java:183)
	at com.kms.katalon.core.main.ScriptEngine.runScriptAsRawText(ScriptEngine.java:108)
	at com.kms.katalon.core.main.TestCaseExecutor.runScript(TestCaseExecutor.java:294)
	at com.kms.katalon.core.main.TestCaseExecutor.doExecute(TestCaseExecutor.java:285)
	at com.kms.katalon.core.main.TestCaseExecutor.processExecutionPhase(TestCaseExecutor.java:264)
	at com.kms.katalon.core.main.TestCaseExecutor.accessMainPhase(TestCaseExecutor.java:256)
	at com.kms.katalon.core.main.TestCaseExecutor.execute(TestCaseExecutor.java:200)
	at com.kms.katalon.core.main.TestCaseMain.runTestCase(TestCaseMain.java:99)
	at com.kms.katalon.core.keyword.builtin.CallTestCaseKeyword$_callTestCase_closure1.doCall(CallTestCaseKeyword.groovy:60)
	at com.kms.katalon.core.keyword.builtin.CallTestCaseKeyword$_callTestCase_closure1.call(CallTestCaseKeyword.groovy)
	at com.kms.katalon.core.keyword.internal.KeywordMain.runKeyword(KeywordMain.groovy:54)
	at com.kms.katalon.core.keyword.builtin.CallTestCaseKeyword.callTestCase(CallTestCaseKeyword.groovy:81)
	at com.kms.katalon.core.keyword.builtin.CallTestCaseKeyword.execute(CallTestCaseKeyword.groovy:45)
	at com.kms.katalon.core.keyword.internal.KeywordExecutor.executeKeywordForPlatform(KeywordExecutor.groovy:53)
	at com.kms.katalon.core.keyword.BuiltinKeywords.callTestCase(BuiltinKeywords.groovy:334)
	at sun.reflect.GeneratedMethodAccessor13.invoke(Unknown Source)
	at sun.reflect.DelegatingMethodAccessorImpl.invoke(DelegatingMethodAccessorImpl.java:43)
	at java.lang.reflect.Method.invoke(Method.java:498)
	at org.codehaus.groovy.reflection.CachedMethod.invoke(CachedMethod.java:93)
	at groovy.lang.MetaMethod.doMethodInvoke(MetaMethod.java:325)
	at groovy.lang.MetaClassImpl.invokeStaticMethod(MetaClassImpl.java:1469)
	at org.codehaus.groovy.runtime.callsite.StaticMetaClassSite.call(StaticMetaClassSite.java:53)
	at org.codehaus.groovy.runtime.callsite.CallSiteArray.defaultCall(CallSiteArray.java:48)
	at org.codehaus.groovy.runtime.callsite.AbstractCallSite.call(AbstractCallSite.java:113)
	at org.codehaus.groovy.runtime.callsite.AbstractCallSite.call(AbstractCallSite.java:141)
	at Script1536204253481.run(Script1536204253481.groovy:25)
	at com.kms.katalon.core.main.ScriptEngine.run(ScriptEngine.java:183)
	at com.kms.katalon.core.main.ScriptEngine.runScriptAsRawText(ScriptEngine.java:108)
	at com.kms.katalon.core.main.TestCaseExecutor.runScript(TestCaseExecutor.java:294)
	at com.kms.katalon.core.main.TestCaseExecutor.doExecute(TestCaseExecutor.java:285)
	at com.kms.katalon.core.main.TestCaseExecutor.processExecutionPhase(TestCaseExecutor.java:264)
	at com.kms.katalon.core.main.TestCaseExecutor.accessMainPhase(TestCaseExecutor.java:256)
	at com.kms.katalon.core.main.TestCaseExecutor.execute(TestCaseExecutor.java:200)
	at com.kms.katalon.core.main.TestSuiteExecutor.accessTestCaseMainPhase(TestSuiteExecutor.java:129)
	at com.kms.katalon.core.main.TestSuiteExecutor.accessTestSuiteMainPhase(TestSuiteExecutor.java:112)
	at com.kms.katalon.core.main.TestSuiteExecutor.execute(TestSuiteExecutor.java:81)
	at com.kms.katalon.core.main.TestCaseMain.startTestSuite(TestCaseMain.java:142)
	at com.kms.katalon.core.main.TestCaseMain$startTestSuite$0.call(Unknown Source)
	at org.codehaus.groovy.runtime.callsite.CallSiteArray.defaultCall(CallSiteArray.java:48)
	at org.codehaus.groovy.runtime.callsite.AbstractCallSite.call(AbstractCallSite.java:113)
	at org.codehaus.groovy.runtime.callsite.AbstractCallSite.call(AbstractCallSite.java:141)
	at TempTestSuite1539973930605.run(TempTestSuite1539973930605.groovy:36)
	at groovy.lang.GroovyShell.runScriptOrMainOrTestOrRunnable(GroovyShell.java:263)
	at groovy.lang.GroovyShell.run(GroovyShell.java:518)
	at groovy.lang.GroovyShell.run(GroovyShell.java:507)
	at groovy.ui.GroovyMain.processOnce(GroovyMain.java:653)
	at groovy.ui.GroovyMain.run(GroovyMain.java:384)
	at groovy.ui.GroovyMain.process(GroovyMain.java:370)
	at groovy.ui.GroovyMain.processArgs(GroovyMain.java:129)
	at groovy.ui.GroovyMain.main(GroovyMain.java:109)
	at sun.reflect.NativeMethodAccessorImpl.invoke0(Native Method)
	at sun.reflect.NativeMethodAccessorImpl.invoke(NativeMethodAccessorImpl.java:62)
	at sun.reflect.DelegatingMethodAccessorImpl.invoke(DelegatingMethodAccessorImpl.java:43)
	at java.lang.reflect.Method.invoke(Method.java:498)
	at org.codehaus.groovy.tools.GroovyStarter.rootLoader(GroovyStarter.java:109)
	at org.codehaus.groovy.tools.GroovyStarter.main(GroovyStarter.java:131)
)

2018-10-20 09:06:46 - [TEST_STEP][PASSED] - openBrowser: Browser is opened with url: ''

2018-10-20 09:06:46 - [MESSAGE][WARNING] - A browser is already opened. Closing browser and opening a new one

2018-10-20 09:06:50 - [MESSAGE][PASSED] - Browser is opened with url: ''

2018-10-20 09:06:50 - [TEST_STEP][PASSED] - navigateToUrl: Navigate to 'https://assist2-uat.perkeso.gov.my/login' successfully

2018-10-20 09:06:52 - [MESSAGE][PASSED] - Navigate to 'https://assist2-uat.perkeso.gov.my/login' successfully

2018-10-20 09:06:52 - [TEST_STEP][PASSED] - delay: Delayed 5 second(s)

2018-10-20 09:06:57 - [MESSAGE][PASSED] - Delayed 5 second(s)

2018-10-20 09:06:57 - [TEST_STEP][PASSED] - setText: Text 'test@liferay.com' is set on object 'Object Repository/Final Object Repo/Login Page/Internal User/Email Address'

2018-10-20 09:06:57 - [MESSAGE][PASSED] - Text 'test@liferay.com' is set on object 'Object Repository/Final Object Repo/Login Page/Internal User/Email Address'

2018-10-20 09:06:57 - [TEST_STEP][PASSED] - click: Object: 'Object Repository/Final Object Repo/Login Page/Internal User/Next Button' is clicked on

2018-10-20 09:06:57 - [MESSAGE][PASSED] - Object: 'Object Repository/Final Object Repo/Login Page/Internal User/Next Button' is clicked on

2018-10-20 09:06:57 - [TEST_STEP][PASSED] - delay: Delayed 2 second(s)

2018-10-20 09:06:59 - [MESSAGE][PASSED] - Delayed 2 second(s)

2018-10-20 09:06:59 - [TEST_STEP][PASSED] - setText: Text 'test' is set on object 'Object Repository/Final Object Repo/Login Page/Internal User/Password'

2018-10-20 09:07:00 - [MESSAGE][PASSED] - Text 'test' is set on object 'Object Repository/Final Object Repo/Login Page/Internal User/Password'

2018-10-20 09:07:00 - [TEST_STEP][PASSED] - delay: Delayed 2 second(s)

2018-10-20 09:07:02 - [MESSAGE][PASSED] - Delayed 2 second(s)

2018-10-20 09:07:02 - [TEST_STEP][PASSED] - click: Object: 'Object Repository/Final Object Repo/Login Page/Internal User/Login Button' is clicked on

2018-10-20 09:07:02 - [MESSAGE][PASSED] - Object: 'Object Repository/Final Object Repo/Login Page/Internal User/Login Button' is clicked on

2018-10-20 09:07:02 - [TEST_STEP][FAILED] - Statement - Try: Delayed 2 second(s)

2018-10-20 09:07:02 - [TEST_STEP][PASSED] - Statement - Checker = false: null

2018-10-20 09:07:02 - [TEST_STEP][PASSED] - Statement - Checker = com.kms.katalon.core.webui.keyword.WebUiBuiltInKeywords.verifyElementHasAttribute(com.kms.katalon.core.testobject.ObjectRepository.findTestObject(Final Object Repo/Landing Page/BM Detecting), "href", 20, OPTIONAL): Unable to verify if object 'Object Repository/Final Object Repo/Landing Page/BM Detecting' has attribute 'href' (Root cause: org.openqa.selenium.StaleElementReferenceException: stale element reference: element is not attached to the page document
  (Session info: chrome=69.0.3497.100)
  (Driver info: chromedriver=2.35.528161 (5b82f2d2aae0ca24b877009200ced9065a772e73),platform=Windows NT 6.1.7601 SP1 x86_64) (WARNING: The server did not provide any stacktrace information)
Command duration or timeout: 0 milliseconds
For documentation on this error, please visit: http://seleniumhq.org/exceptions/stale_element_reference.html
Build info: version: '3.7.1', revision: '8a0099a', time: '2017-11-06T21:07:36.161Z'
System info: host: 'WEIZHENG', ip: '192.168.137.1', os.name: 'Windows 7', os.arch: 'amd64', os.version: '6.1', java.version: '1.8.0_181'
Driver info: com.kms.katalon.selenium.driver.CChromeDriver
Capabilities {acceptInsecureCerts: false, acceptSslCerts: false, applicationCacheEnabled: false, browserConnectionEnabled: false, browserName: chrome, chrome: {chromedriverVersion: 2.35.528161 (5b82f2d2aae0ca..., userDataDir: C:\Users\WEIZHE~1\AppData\L...}, cssSelectorsEnabled: true, databaseEnabled: false, handlesAlerts: true, hasTouchScreen: false, javascriptEnabled: true, locationContextEnabled: true, mobileEmulationEnabled: false, nativeEvents: true, networkConnectionEnabled: false, pageLoadStrategy: normal, platform: XP, platformName: XP, rotatable: false, setWindowRect: true, takesHeapSnapshot: true, takesScreenshot: true, unexpectedAlertBehaviour: , unhandledPromptBehavior: , version: 69.0.3497.100, webStorageEnabled: true}
Session ID: 52d99162be97ac248d3ecbb79d7d5384)

2018-10-20 09:07:05 - [MESSAGE][WARNING] - Unable to verify if object 'Object Repository/Final Object Repo/Landing Page/BM Detecting' has attribute 'href' (Root cause: org.openqa.selenium.StaleElementReferenceException: stale element reference: element is not attached to the page document
  (Session info: chrome=69.0.3497.100)
  (Driver info: chromedriver=2.35.528161 (5b82f2d2aae0ca24b877009200ced9065a772e73),platform=Windows NT 6.1.7601 SP1 x86_64) (WARNING: The server did not provide any stacktrace information)
Command duration or timeout: 0 milliseconds
For documentation on this error, please visit: http://seleniumhq.org/exceptions/stale_element_reference.html
Build info: version: '3.7.1', revision: '8a0099a', time: '2017-11-06T21:07:36.161Z'
System info: host: 'WEIZHENG', ip: '192.168.137.1', os.name: 'Windows 7', os.arch: 'amd64', os.version: '6.1', java.version: '1.8.0_181'
Driver info: com.kms.katalon.selenium.driver.CChromeDriver
Capabilities {acceptInsecureCerts: false, acceptSslCerts: false, applicationCacheEnabled: false, browserConnectionEnabled: false, browserName: chrome, chrome: {chromedriverVersion: 2.35.528161 (5b82f2d2aae0ca..., userDataDir: C:\Users\WEIZHE~1\AppData\L...}, cssSelectorsEnabled: true, databaseEnabled: false, handlesAlerts: true, hasTouchScreen: false, javascriptEnabled: true, locationContextEnabled: true, mobileEmulationEnabled: false, nativeEvents: true, networkConnectionEnabled: false, pageLoadStrategy: normal, platform: XP, platformName: XP, rotatable: false, setWindowRect: true, takesHeapSnapshot: true, takesScreenshot: true, unexpectedAlertBehaviour: , unhandledPromptBehavior: , version: 69.0.3497.100, webStorageEnabled: true}
Session ID: 52d99162be97ac248d3ecbb79d7d5384)
[[ATTACHMENT|C:\\Users\\LENOVO\\Katalon Studio\\Perkeso Phase A\\Reports\\Workflow\\Form 3 EIS - Cessation as Employer\\20181020_023210\\1539997625102.png]]

2018-10-20 09:07:05 - [TEST_STEP][PASSED] - Statement - out.println(Checker): null

2018-10-20 09:07:05 - [TEST_STEP][FAILED] - Statement - If (Checker == false): Unable to click on object 'Object Repository/Final Object Repo/Landing Page/Select to English' (Root cause: com.kms.katalon.core.webui.exception.WebElementNotFoundException: Web element with id: 'Object Repository/Final Object Repo/Landing Page/Select to English' located by 'By.xpath: //a[@class = 'taglib-language-list-text' and @lang = 'en-US' and (contains(text(), 'EN') or contains(., 'EN'))]' not found)

2018-10-20 09:07:05 - [TEST_STEP][FAILED] - click: Unable to click on object 'Object Repository/Final Object Repo/Landing Page/Select to English' (Root cause: com.kms.katalon.core.webui.exception.WebElementNotFoundException: Web element with id: 'Object Repository/Final Object Repo/Landing Page/Select to English' located by 'By.xpath: //a[@class = 'taglib-language-list-text' and @lang = 'en-US' and (contains(text(), 'EN') or contains(., 'EN'))]' not found)

2018-10-20 09:09:23 - [MESSAGE][FAILED] - Unable to click on object 'Object Repository/Final Object Repo/Landing Page/Select to English' (Root cause: com.kms.katalon.core.webui.exception.WebElementNotFoundException: Web element with id: 'Object Repository/Final Object Repo/Landing Page/Select to English' located by 'By.xpath: //a[@class = 'taglib-language-list-text' and @lang = 'en-US' and (contains(text(), 'EN') or contains(., 'EN'))]' not found)
[[ATTACHMENT|C:\\Users\\LENOVO\\Katalon Studio\\Perkeso Phase A\\Reports\\Workflow\\Form 3 EIS - Cessation as Employer\\20181020_023210\\1539997762991.png]]

2018-10-20 09:09:23 - [TEST_STEP][PASSED] - delay: Delayed 2 second(s)

2018-10-20 09:09:25 - [MESSAGE][PASSED] - Delayed 2 second(s)

2018-10-20 09:09:25 - [TEST_STEP][PASSED] - delay: Delayed 3 second(s)

2018-10-20 09:09:28 - [MESSAGE][PASSED] - Delayed 3 second(s)

2018-10-20 09:09:28 - [TEST_STEP][PASSED] - click: Object: 'Object Repository/Final Object Repo/Landing Page/WorkFlow Menu' is clicked on

2018-10-20 09:09:28 - [MESSAGE][PASSED] - Object: 'Object Repository/Final Object Repo/Landing Page/WorkFlow Menu' is clicked on

2018-10-20 09:09:28 - [TEST_STEP][PASSED] - delay: Delayed 2 second(s)

2018-10-20 09:09:30 - [MESSAGE][PASSED] - Delayed 2 second(s)

2018-10-20 09:09:30 - [TEST_STEP][FAILED] - click: Unable to click on object 'Object Repository/Final Object Repo/Landing Page/Select to Workflow Listing' (Root cause: org.openqa.selenium.ElementNotVisibleException: element not visible
  (Session info: chrome=69.0.3497.100)
  (Driver info: chromedriver=2.35.528161 (5b82f2d2aae0ca24b877009200ced9065a772e73),platform=Windows NT 6.1.7601 SP1 x86_64) (WARNING: The server did not provide any stacktrace information)
Command duration or timeout: 0 milliseconds
Build info: version: '3.7.1', revision: '8a0099a', time: '2017-11-06T21:07:36.161Z'
System info: host: 'WEIZHENG', ip: '192.168.137.1', os.name: 'Windows 7', os.arch: 'amd64', os.version: '6.1', java.version: '1.8.0_181'
Driver info: com.kms.katalon.selenium.driver.CChromeDriver
Capabilities {acceptInsecureCerts: false, acceptSslCerts: false, applicationCacheEnabled: false, browserConnectionEnabled: false, browserName: chrome, chrome: {chromedriverVersion: 2.35.528161 (5b82f2d2aae0ca..., userDataDir: C:\Users\WEIZHE~1\AppData\L...}, cssSelectorsEnabled: true, databaseEnabled: false, handlesAlerts: true, hasTouchScreen: false, javascriptEnabled: true, locationContextEnabled: true, mobileEmulationEnabled: false, nativeEvents: true, networkConnectionEnabled: false, pageLoadStrategy: normal, platform: XP, platformName: XP, rotatable: false, setWindowRect: true, takesHeapSnapshot: true, takesScreenshot: true, unexpectedAlertBehaviour: , unhandledPromptBehavior: , version: 69.0.3497.100, webStorageEnabled: true}
Session ID: 52d99162be97ac248d3ecbb79d7d5384)

2018-10-20 09:09:30 - [MESSAGE][FAILED] - Unable to click on object 'Object Repository/Final Object Repo/Landing Page/Select to Workflow Listing' (Root cause: org.openqa.selenium.ElementNotVisibleException: element not visible
  (Session info: chrome=69.0.3497.100)
  (Driver info: chromedriver=2.35.528161 (5b82f2d2aae0ca24b877009200ced9065a772e73),platform=Windows NT 6.1.7601 SP1 x86_64) (WARNING: The server did not provide any stacktrace information)
Command duration or timeout: 0 milliseconds
Build info: version: '3.7.1', revision: '8a0099a', time: '2017-11-06T21:07:36.161Z'
System info: host: 'WEIZHENG', ip: '192.168.137.1', os.name: 'Windows 7', os.arch: 'amd64', os.version: '6.1', java.version: '1.8.0_181'
Driver info: com.kms.katalon.selenium.driver.CChromeDriver
Capabilities {acceptInsecureCerts: false, acceptSslCerts: false, applicationCacheEnabled: false, browserConnectionEnabled: false, browserName: chrome, chrome: {chromedriverVersion: 2.35.528161 (5b82f2d2aae0ca..., userDataDir: C:\Users\WEIZHE~1\AppData\L...}, cssSelectorsEnabled: true, databaseEnabled: false, handlesAlerts: true, hasTouchScreen: false, javascriptEnabled: true, locationContextEnabled: true, mobileEmulationEnabled: false, nativeEvents: true, networkConnectionEnabled: false, pageLoadStrategy: normal, platform: XP, platformName: XP, rotatable: false, setWindowRect: true, takesHeapSnapshot: true, takesScreenshot: true, unexpectedAlertBehaviour: , unhandledPromptBehavior: , version: 69.0.3497.100, webStorageEnabled: true}
Session ID: 52d99162be97ac248d3ecbb79d7d5384)
[[ATTACHMENT|C:\\Users\\LENOVO\\Katalon Studio\\Perkeso Phase A\\Reports\\Workflow\\Form 3 EIS - Cessation as Employer\\20181020_023210\\1539997770539.png]]

2018-10-20 09:09:30 - [TEST_STEP][PASSED] - delay: Delayed 2 second(s)

2018-10-20 09:09:32 - [MESSAGE][PASSED] - Delayed 2 second(s)

2018-10-20 09:09:32 - [TEST_STEP][FAILED] - click: Unable to click on object 'Object Repository/Final Object Repo/WorkFlow Listing Page/Search Information - To Put Ref No' (Root cause: com.kms.katalon.core.webui.exception.WebElementNotFoundException: Web element with id: 'Object Repository/Final Object Repo/WorkFlow Listing Page/Search Information - To Put Ref No' located by 'By.xpath: //h2[@data-target = '#_workflowlisting_WAR_baseportlet_searchDiv' and (text() = 'Search Information' or . = 'Search Information')]' not found)

2018-10-20 09:11:43 - [MESSAGE][FAILED] - Unable to click on object 'Object Repository/Final Object Repo/WorkFlow Listing Page/Search Information - To Put Ref No' (Root cause: com.kms.katalon.core.webui.exception.WebElementNotFoundException: Web element with id: 'Object Repository/Final Object Repo/WorkFlow Listing Page/Search Information - To Put Ref No' located by 'By.xpath: //h2[@data-target = '#_workflowlisting_WAR_baseportlet_searchDiv' and (text() = 'Search Information' or . = 'Search Information')]' not found)
[[ATTACHMENT|C:\\Users\\LENOVO\\Katalon Studio\\Perkeso Phase A\\Reports\\Workflow\\Form 3 EIS - Cessation as Employer\\20181020_023210\\1539997902808.png]]

2018-10-20 09:11:43 - [TEST_STEP][PASSED] - delay: Delayed 2 second(s)

2018-10-20 09:11:45 - [MESSAGE][PASSED] - Delayed 2 second(s)

2018-10-20 09:11:45 - [TEST_STEP][PASSED] - callTestCase: Call Test Case 'Test Cases/Final Aug 2018 - PKS Automation/Common/Reference Number Getter' successfully

2018-10-20 09:11:45 - [TEST_CASE][PASSED] - Test Cases/Final Aug 2018 - PKS Automation/Common/Reference Number Getter: Test Cases/Final Aug 2018 - PKS Automation/Common/Reference Number Getter

2018-10-20 09:11:45 - [TEST_STEP][PASSED] - Statement - Try: null

2018-10-20 09:11:45 - [TEST_STEP][PASSED] - Statement - RefNo = new java.io.File(C://KatalonReference.txt): null

2018-10-20 09:11:45 - [TEST_STEP][PASSED] - Statement - bufferread = new java.io.BufferedReader(new java.io.FileReader(RefNo)): null

2018-10-20 09:11:45 - [TEST_STEP][PASSED] - Statement - readedVal = bufferread.readLine(): null

2018-10-20 09:11:45 - [TEST_STEP][PASSED] - Statement - out.println(CaseReferenceNo): null

2018-10-20 09:11:45 - [TEST_STEP][PASSED] - Statement - out.println(readedVal): null

2018-10-20 09:11:45 - [TEST_STEP][PASSED] - Statement - CaseReferenceNo = readedVal: null

2018-10-20 09:11:45 - [MESSAGE][PASSED] - Call Test Case 'Test Cases/Final Aug 2018 - PKS Automation/Common/Reference Number Getter' successfully

2018-10-20 09:11:45 - [TEST_STEP][FAILED] - setText: Unable to set text 'ERN102018C200002180' of object 'Object Repository/Final Object Repo/WorkFlow Listing Page/Ref No Set Text' (Root cause: com.kms.katalon.core.webui.exception.WebElementNotFoundException: Web element with id: 'Object Repository/Final Object Repo/WorkFlow Listing Page/Ref No Set Text' located by 'By.xpath: //input[@id = '_workflowlisting_WAR_baseportlet_dto.trxReferenceNum' and @name = '_workflowlisting_WAR_baseportlet_dto.trxReferenceNum' and @type = 'text']' not found)

2018-10-20 09:13:55 - [MESSAGE][FAILED] - Unable to set text 'ERN102018C200002180' of object 'Object Repository/Final Object Repo/WorkFlow Listing Page/Ref No Set Text' (Root cause: com.kms.katalon.core.webui.exception.WebElementNotFoundException: Web element with id: 'Object Repository/Final Object Repo/WorkFlow Listing Page/Ref No Set Text' located by 'By.xpath: //input[@id = '_workflowlisting_WAR_baseportlet_dto.trxReferenceNum' and @name = '_workflowlisting_WAR_baseportlet_dto.trxReferenceNum' and @type = 'text']' not found)
[[ATTACHMENT|C:\\Users\\LENOVO\\Katalon Studio\\Perkeso Phase A\\Reports\\Workflow\\Form 3 EIS - Cessation as Employer\\20181020_023210\\1539998035562.png]]

2018-10-20 09:13:55 - [TEST_STEP][PASSED] - delay: Delayed 2 second(s)

2018-10-20 09:13:57 - [MESSAGE][PASSED] - Delayed 2 second(s)

2018-10-20 09:13:57 - [TEST_STEP][FAILED] - click: Unable to click on object 'Object Repository/Final Object Repo/WorkFlow Listing Page/Search Ref No Search Button' (Root cause: org.openqa.selenium.ElementNotVisibleException: element not visible
  (Session info: chrome=69.0.3497.100)
  (Driver info: chromedriver=2.35.528161 (5b82f2d2aae0ca24b877009200ced9065a772e73),platform=Windows NT 6.1.7601 SP1 x86_64) (WARNING: The server did not provide any stacktrace information)
Command duration or timeout: 0 milliseconds
Build info: version: '3.7.1', revision: '8a0099a', time: '2017-11-06T21:07:36.161Z'
System info: host: 'WEIZHENG', ip: '192.168.137.1', os.name: 'Windows 7', os.arch: 'amd64', os.version: '6.1', java.version: '1.8.0_181'
Driver info: com.kms.katalon.selenium.driver.CChromeDriver
Capabilities {acceptInsecureCerts: false, acceptSslCerts: false, applicationCacheEnabled: false, browserConnectionEnabled: false, browserName: chrome, chrome: {chromedriverVersion: 2.35.528161 (5b82f2d2aae0ca..., userDataDir: C:\Users\WEIZHE~1\AppData\L...}, cssSelectorsEnabled: true, databaseEnabled: false, handlesAlerts: true, hasTouchScreen: false, javascriptEnabled: true, locationContextEnabled: true, mobileEmulationEnabled: false, nativeEvents: true, networkConnectionEnabled: false, pageLoadStrategy: normal, platform: XP, platformName: XP, rotatable: false, setWindowRect: true, takesHeapSnapshot: true, takesScreenshot: true, unexpectedAlertBehaviour: , unhandledPromptBehavior: , version: 69.0.3497.100, webStorageEnabled: true}
Session ID: 52d99162be97ac248d3ecbb79d7d5384)

2018-10-20 09:13:58 - [MESSAGE][FAILED] - Unable to click on object 'Object Repository/Final Object Repo/WorkFlow Listing Page/Search Ref No Search Button' (Root cause: org.openqa.selenium.ElementNotVisibleException: element not visible
  (Session info: chrome=69.0.3497.100)
  (Driver info: chromedriver=2.35.528161 (5b82f2d2aae0ca24b877009200ced9065a772e73),platform=Windows NT 6.1.7601 SP1 x86_64) (WARNING: The server did not provide any stacktrace information)
Command duration or timeout: 0 milliseconds
Build info: version: '3.7.1', revision: '8a0099a', time: '2017-11-06T21:07:36.161Z'
System info: host: 'WEIZHENG', ip: '192.168.137.1', os.name: 'Windows 7', os.arch: 'amd64', os.version: '6.1', java.version: '1.8.0_181'
Driver info: com.kms.katalon.selenium.driver.CChromeDriver
Capabilities {acceptInsecureCerts: false, acceptSslCerts: false, applicationCacheEnabled: false, browserConnectionEnabled: false, browserName: chrome, chrome: {chromedriverVersion: 2.35.528161 (5b82f2d2aae0ca..., userDataDir: C:\Users\WEIZHE~1\AppData\L...}, cssSelectorsEnabled: true, databaseEnabled: false, handlesAlerts: true, hasTouchScreen: false, javascriptEnabled: true, locationContextEnabled: true, mobileEmulationEnabled: false, nativeEvents: true, networkConnectionEnabled: false, pageLoadStrategy: normal, platform: XP, platformName: XP, rotatable: false, setWindowRect: true, takesHeapSnapshot: true, takesScreenshot: true, unexpectedAlertBehaviour: , unhandledPromptBehavior: , version: 69.0.3497.100, webStorageEnabled: true}
Session ID: 52d99162be97ac248d3ecbb79d7d5384)
[[ATTACHMENT|C:\\Users\\LENOVO\\Katalon Studio\\Perkeso Phase A\\Reports\\Workflow\\Form 3 EIS - Cessation as Employer\\20181020_023210\\1539998037962.png]]

2018-10-20 09:13:58 - [TEST_STEP][PASSED] - delay: Delayed 4 second(s)

2018-10-20 09:14:02 - [MESSAGE][PASSED] - Delayed 4 second(s)

2018-10-20 09:14:02 - [TEST_STEP][PASSED] - click: Object: 'Object Repository/Final Object Repo/WorkFlow Listing Page/Click Continue Tooltip' is clicked on

2018-10-20 09:14:04 - [MESSAGE][PASSED] - Object: 'Object Repository/Final Object Repo/WorkFlow Listing Page/Click Continue Tooltip' is clicked on

2018-10-20 09:14:04 - [TEST_STEP][PASSED] - delay: Delayed 5 second(s)

2018-10-20 09:14:09 - [MESSAGE][PASSED] - Delayed 5 second(s)

2018-10-20 09:14:09 - [TEST_STEP][FAILED] - doubleClick: Unable to double click on object 'Object Repository/Final Object Repo/WorkFlow Listing Page/Workflow Found - Listing 1' (Root cause: com.kms.katalon.core.webui.exception.WebElementNotFoundException: Web element with id: 'Object Repository/Final Object Repo/WorkFlow Listing Page/Workflow Found - Listing 1' located by 'By.xpath: //body/div/div/div/div/div/div/div/div/div/div/div/div/div/div/div/div/table/tbody/tr/td[@class='table-cell  first']/following-sibling::td[1]' not found)

2018-10-20 09:16:19 - [MESSAGE][FAILED] - Unable to double click on object 'Object Repository/Final Object Repo/WorkFlow Listing Page/Workflow Found - Listing 1' (Root cause: com.kms.katalon.core.webui.exception.WebElementNotFoundException: Web element with id: 'Object Repository/Final Object Repo/WorkFlow Listing Page/Workflow Found - Listing 1' located by 'By.xpath: //body/div/div/div/div/div/div/div/div/div/div/div/div/div/div/div/div/table/tbody/tr/td[@class='table-cell  first']/following-sibling::td[1]' not found)
[[ATTACHMENT|C:\\Users\\LENOVO\\Katalon Studio\\Perkeso Phase A\\Reports\\Workflow\\Form 3 EIS - Cessation as Employer\\20181020_023210\\1539998178830.png]]

2018-10-20 09:16:19 - [MESSAGE][FAILED] - Unable to call Test Case with id 'Test Cases/Final Aug 2018 - PKS Automation/Common/Workflow Owner Finder' (Root cause: Call Test Case 'Test Cases/Final Aug 2018 - PKS Automation/Common/Workflow Owner Finder' failed)

2018-10-20 09:16:19 - [MESSAGE][FAILED] - Unable to call Test Case with id 'Test Cases/Final Aug 2018 - PKS Automation/Registration Module/Workflow/Form 3 EIS - Cessation As Employer/Template/Form 3 A - Cessation As Employer (Query)' (Root cause: Call Test Case 'Test Cases/Final Aug 2018 - PKS Automation/Registration Module/Workflow/Form 3 EIS - Cessation As Employer/Template/Form 3 A - Cessation As Employer (Query)' failed)]]></system-out>
         <system-err><![CDATA[2018-10-20 09:05:40 - [TEST_CASE][FAILED] - Test Cases/Final Aug 2018 - PKS Automation/Registration Module/Workflow/Form 3 EIS - Cessation As Employer/OTC to UO (Query): Test Cases/Final Aug 2018 - PKS Automation/Registration Module/Workflow/Form 3 EIS - Cessation As Employer/OTC to UO (Query) FAILED because (of) (Stack trace: com.kms.katalon.core.exception.StepFailedException: Unable to click on object 'Object Repository/Final Object Repo/Landing Page/Select to English' (Root cause: com.kms.katalon.core.webui.exception.WebElementNotFoundException: Web element with id: 'Object Repository/Final Object Repo/Landing Page/Select to English' located by 'By.xpath: //a[@class = 'taglib-language-list-text' and @lang = 'en-US' and (contains(text(), 'EN') or contains(., 'EN'))]' not found)
	at com.kms.katalon.core.keyword.internal.KeywordMain.stepFailed(KeywordMain.groovy:32)
	at com.kms.katalon.core.webui.keyword.internal.WebUIKeywordMain.stepFailed(WebUIKeywordMain.groovy:65)
	at com.kms.katalon.core.webui.keyword.internal.WebUIKeywordMain.runKeyword(WebUIKeywordMain.groovy:27)
	at com.kms.katalon.core.webui.keyword.builtin.ClickKeyword.click(ClickKeyword.groovy:86)
	at com.kms.katalon.core.webui.keyword.builtin.ClickKeyword.execute(ClickKeyword.groovy:67)
	at com.kms.katalon.core.keyword.internal.KeywordExecutor.executeKeywordForPlatform(KeywordExecutor.groovy:53)
	at com.kms.katalon.core.webui.keyword.WebUiBuiltInKeywords.click(WebUiBuiltInKeywords.groovy:604)
	at com.kms.katalon.core.webui.keyword.WebUiBuiltInKeywords$click$8.call(Unknown Source)
	at Script1534407542420.run(Script1534407542420.groovy:57)
	at com.kms.katalon.core.main.ScriptEngine.run(ScriptEngine.java:183)
	at com.kms.katalon.core.main.ScriptEngine.runScriptAsRawText(ScriptEngine.java:108)
	at com.kms.katalon.core.main.TestCaseExecutor.runScript(TestCaseExecutor.java:294)
	at com.kms.katalon.core.main.TestCaseExecutor.doExecute(TestCaseExecutor.java:285)
	at com.kms.katalon.core.main.TestCaseExecutor.processExecutionPhase(TestCaseExecutor.java:264)
	at com.kms.katalon.core.main.TestCaseExecutor.accessMainPhase(TestCaseExecutor.java:256)
	at com.kms.katalon.core.main.TestCaseExecutor.execute(TestCaseExecutor.java:200)
	at com.kms.katalon.core.main.TestCaseMain.runTestCase(TestCaseMain.java:99)
	at com.kms.katalon.core.keyword.builtin.CallTestCaseKeyword$_callTestCase_closure1.doCall(CallTestCaseKeyword.groovy:60)
	at com.kms.katalon.core.keyword.builtin.CallTestCaseKeyword$_callTestCase_closure1.call(CallTestCaseKeyword.groovy)
	at com.kms.katalon.core.keyword.internal.KeywordMain.runKeyword(KeywordMain.groovy:54)
	at com.kms.katalon.core.keyword.builtin.CallTestCaseKeyword.callTestCase(CallTestCaseKeyword.groovy:81)
	at com.kms.katalon.core.keyword.builtin.CallTestCaseKeyword.execute(CallTestCaseKeyword.groovy:45)
	at com.kms.katalon.core.keyword.internal.KeywordExecutor.executeKeywordForPlatform(KeywordExecutor.groovy:53)
	at com.kms.katalon.core.keyword.BuiltinKeywords.callTestCase(BuiltinKeywords.groovy:334)
	at sun.reflect.GeneratedMethodAccessor13.invoke(Unknown Source)
	at sun.reflect.DelegatingMethodAccessorImpl.invoke(DelegatingMethodAccessorImpl.java:43)
	at java.lang.reflect.Method.invoke(Method.java:498)
	at org.codehaus.groovy.reflection.CachedMethod.invoke(CachedMethod.java:93)
	at groovy.lang.MetaMethod.doMethodInvoke(MetaMethod.java:325)
	at groovy.lang.MetaClassImpl.invokeStaticMethod(MetaClassImpl.java:1469)
	at org.codehaus.groovy.runtime.callsite.StaticMetaClassSite.call(StaticMetaClassSite.java:53)
	at org.codehaus.groovy.runtime.callsite.AbstractCallSite.call(AbstractCallSite.java:141)
	at Script1536114876563.run(Script1536114876563.groovy:34)
	at com.kms.katalon.core.main.ScriptEngine.run(ScriptEngine.java:183)
	at com.kms.katalon.core.main.ScriptEngine.runScriptAsRawText(ScriptEngine.java:108)
	at com.kms.katalon.core.main.TestCaseExecutor.runScript(TestCaseExecutor.java:294)
	at com.kms.katalon.core.main.TestCaseExecutor.doExecute(TestCaseExecutor.java:285)
	at com.kms.katalon.core.main.TestCaseExecutor.processExecutionPhase(TestCaseExecutor.java:264)
	at com.kms.katalon.core.main.TestCaseExecutor.accessMainPhase(TestCaseExecutor.java:256)
	at com.kms.katalon.core.main.TestCaseExecutor.execute(TestCaseExecutor.java:200)
	at com.kms.katalon.core.main.TestCaseMain.runTestCase(TestCaseMain.java:99)
	at com.kms.katalon.core.keyword.builtin.CallTestCaseKeyword$_callTestCase_closure1.doCall(CallTestCaseKeyword.groovy:60)
	at com.kms.katalon.core.keyword.builtin.CallTestCaseKeyword$_callTestCase_closure1.call(CallTestCaseKeyword.groovy)
	at com.kms.katalon.core.keyword.internal.KeywordMain.runKeyword(KeywordMain.groovy:54)
	at com.kms.katalon.core.keyword.builtin.CallTestCaseKeyword.callTestCase(CallTestCaseKeyword.groovy:81)
	at com.kms.katalon.core.keyword.builtin.CallTestCaseKeyword.execute(CallTestCaseKeyword.groovy:45)
	at com.kms.katalon.core.keyword.internal.KeywordExecutor.executeKeywordForPlatform(KeywordExecutor.groovy:53)
	at com.kms.katalon.core.keyword.BuiltinKeywords.callTestCase(BuiltinKeywords.groovy:334)
	at sun.reflect.GeneratedMethodAccessor13.invoke(Unknown Source)
	at sun.reflect.DelegatingMethodAccessorImpl.invoke(DelegatingMethodAccessorImpl.java:43)
	at java.lang.reflect.Method.invoke(Method.java:498)
	at org.codehaus.groovy.reflection.CachedMethod.invoke(CachedMethod.java:93)
	at groovy.lang.MetaMethod.doMethodInvoke(MetaMethod.java:325)
	at groovy.lang.MetaClassImpl.invokeStaticMethod(MetaClassImpl.java:1469)
	at org.codehaus.groovy.runtime.callsite.StaticMetaClassSite.call(StaticMetaClassSite.java:53)
	at org.codehaus.groovy.runtime.callsite.CallSiteArray.defaultCall(CallSiteArray.java:48)
	at org.codehaus.groovy.runtime.callsite.AbstractCallSite.call(AbstractCallSite.java:113)
	at org.codehaus.groovy.runtime.callsite.AbstractCallSite.call(AbstractCallSite.java:141)
	at Script1536204253481.run(Script1536204253481.groovy:25)
	at com.kms.katalon.core.main.ScriptEngine.run(ScriptEngine.java:183)
	at com.kms.katalon.core.main.ScriptEngine.runScriptAsRawText(ScriptEngine.java:108)
	at com.kms.katalon.core.main.TestCaseExecutor.runScript(TestCaseExecutor.java:294)
	at com.kms.katalon.core.main.TestCaseExecutor.doExecute(TestCaseExecutor.java:285)
	at com.kms.katalon.core.main.TestCaseExecutor.processExecutionPhase(TestCaseExecutor.java:264)
	at com.kms.katalon.core.main.TestCaseExecutor.accessMainPhase(TestCaseExecutor.java:256)
	at com.kms.katalon.core.main.TestCaseExecutor.execute(TestCaseExecutor.java:200)
	at com.kms.katalon.core.main.TestSuiteExecutor.accessTestCaseMainPhase(TestSuiteExecutor.java:129)
	at com.kms.katalon.core.main.TestSuiteExecutor.accessTestSuiteMainPhase(TestSuiteExecutor.java:112)
	at com.kms.katalon.core.main.TestSuiteExecutor.execute(TestSuiteExecutor.java:81)
	at com.kms.katalon.core.main.TestCaseMain.startTestSuite(TestCaseMain.java:142)
	at com.kms.katalon.core.main.TestCaseMain$startTestSuite$0.call(Unknown Source)
	at org.codehaus.groovy.runtime.callsite.CallSiteArray.defaultCall(CallSiteArray.java:48)
	at org.codehaus.groovy.runtime.callsite.AbstractCallSite.call(AbstractCallSite.java:113)
	at org.codehaus.groovy.runtime.callsite.AbstractCallSite.call(AbstractCallSite.java:141)
	at TempTestSuite1539973930605.run(TempTestSuite1539973930605.groovy:36)
	at groovy.lang.GroovyShell.runScriptOrMainOrTestOrRunnable(GroovyShell.java:263)
	at groovy.lang.GroovyShell.run(GroovyShell.java:518)
	at groovy.lang.GroovyShell.run(GroovyShell.java:507)
	at groovy.ui.GroovyMain.processOnce(GroovyMain.java:653)
	at groovy.ui.GroovyMain.run(GroovyMain.java:384)
	at groovy.ui.GroovyMain.process(GroovyMain.java:370)
	at groovy.ui.GroovyMain.processArgs(GroovyMain.java:129)
	at groovy.ui.GroovyMain.main(GroovyMain.java:109)
	at sun.reflect.NativeMethodAccessorImpl.invoke0(Native Method)
	at sun.reflect.NativeMethodAccessorImpl.invoke(NativeMethodAccessorImpl.java:62)
	at sun.reflect.DelegatingMethodAccessorImpl.invoke(DelegatingMethodAccessorImpl.java:43)
	at java.lang.reflect.Method.invoke(Method.java:498)
	at org.codehaus.groovy.tools.GroovyStarter.rootLoader(GroovyStarter.java:109)
	at org.codehaus.groovy.tools.GroovyStarter.main(GroovyStarter.java:131)
)]]></system-err>
      </testcase>
      <testcase name="Test Cases/Final Aug 2018 - PKS Automation/Registration Module/Workflow/Form 3 EIS - Cessation As Employer/OTC to UO (Reject)" classname="Test Cases/Final Aug 2018 - PKS Automation/Registration Module/Workflow/Form 3 EIS - Cessation As Employer/OTC to UO (Reject)" status="FAILED">
         <failure type="FAILED" message="(Stack trace: com.kms.katalon.core.exception.StepFailedException: Unable to click on object 'Object Repository/Final Object Repo/Landing Page/Select to English' (Root cause: com.kms.katalon.core.webui.exception.WebElementNotFoundException: Web element with id: 'Object Repository/Final Object Repo/Landing Page/Select to English' located by 'By.xpath: //a[@class = 'taglib-language-list-text' and @lang = 'en-US' and (contains(text(), 'EN') or contains(., 'EN'))]' not found)
	at com.kms.katalon.core.keyword.internal.KeywordMain.stepFailed(KeywordMain.groovy:32)
	at com.kms.katalon.core.webui.keyword.internal.WebUIKeywordMain.stepFailed(WebUIKeywordMain.groovy:65)
	at com.kms.katalon.core.webui.keyword.internal.WebUIKeywordMain.runKeyword(WebUIKeywordMain.groovy:27)
	at com.kms.katalon.core.webui.keyword.builtin.ClickKeyword.click(ClickKeyword.groovy:86)
	at com.kms.katalon.core.webui.keyword.builtin.ClickKeyword.execute(ClickKeyword.groovy:67)
	at com.kms.katalon.core.keyword.internal.KeywordExecutor.executeKeywordForPlatform(KeywordExecutor.groovy:53)
	at com.kms.katalon.core.webui.keyword.WebUiBuiltInKeywords.click(WebUiBuiltInKeywords.groovy:604)
	at com.kms.katalon.core.webui.keyword.WebUiBuiltInKeywords$click$8.call(Unknown Source)
	at Script1534407542420.run(Script1534407542420.groovy:57)
	at com.kms.katalon.core.main.ScriptEngine.run(ScriptEngine.java:183)
	at com.kms.katalon.core.main.ScriptEngine.runScriptAsRawText(ScriptEngine.java:108)
	at com.kms.katalon.core.main.TestCaseExecutor.runScript(TestCaseExecutor.java:294)
	at com.kms.katalon.core.main.TestCaseExecutor.doExecute(TestCaseExecutor.java:285)
	at com.kms.katalon.core.main.TestCaseExecutor.processExecutionPhase(TestCaseExecutor.java:264)
	at com.kms.katalon.core.main.TestCaseExecutor.accessMainPhase(TestCaseExecutor.java:256)
	at com.kms.katalon.core.main.TestCaseExecutor.execute(TestCaseExecutor.java:200)
	at com.kms.katalon.core.main.TestCaseMain.runTestCase(TestCaseMain.java:99)
	at com.kms.katalon.core.keyword.builtin.CallTestCaseKeyword$_callTestCase_closure1.doCall(CallTestCaseKeyword.groovy:60)
	at com.kms.katalon.core.keyword.builtin.CallTestCaseKeyword$_callTestCase_closure1.call(CallTestCaseKeyword.groovy)
	at com.kms.katalon.core.keyword.internal.KeywordMain.runKeyword(KeywordMain.groovy:54)
	at com.kms.katalon.core.keyword.builtin.CallTestCaseKeyword.callTestCase(CallTestCaseKeyword.groovy:81)
	at com.kms.katalon.core.keyword.builtin.CallTestCaseKeyword.execute(CallTestCaseKeyword.groovy:45)
	at com.kms.katalon.core.keyword.internal.KeywordExecutor.executeKeywordForPlatform(KeywordExecutor.groovy:53)
	at com.kms.katalon.core.keyword.BuiltinKeywords.callTestCase(BuiltinKeywords.groovy:334)
	at sun.reflect.GeneratedMethodAccessor13.invoke(Unknown Source)
	at sun.reflect.DelegatingMethodAccessorImpl.invoke(DelegatingMethodAccessorImpl.java:43)
	at java.lang.reflect.Method.invoke(Method.java:498)
	at org.codehaus.groovy.reflection.CachedMethod.invoke(CachedMethod.java:93)
	at groovy.lang.MetaMethod.doMethodInvoke(MetaMethod.java:325)
	at groovy.lang.MetaClassImpl.invokeStaticMethod(MetaClassImpl.java:1469)
	at org.codehaus.groovy.runtime.callsite.StaticMetaClassSite.call(StaticMetaClassSite.java:53)
	at org.codehaus.groovy.runtime.callsite.CallSiteArray.defaultCall(CallSiteArray.java:48)
	at org.codehaus.groovy.runtime.callsite.AbstractCallSite.call(AbstractCallSite.java:113)
	at org.codehaus.groovy.runtime.callsite.AbstractCallSite.call(AbstractCallSite.java:141)
	at Script1536044453581.run(Script1536044453581.groovy:34)
	at com.kms.katalon.core.main.ScriptEngine.run(ScriptEngine.java:183)
	at com.kms.katalon.core.main.ScriptEngine.runScriptAsRawText(ScriptEngine.java:108)
	at com.kms.katalon.core.main.TestCaseExecutor.runScript(TestCaseExecutor.java:294)
	at com.kms.katalon.core.main.TestCaseExecutor.doExecute(TestCaseExecutor.java:285)
	at com.kms.katalon.core.main.TestCaseExecutor.processExecutionPhase(TestCaseExecutor.java:264)
	at com.kms.katalon.core.main.TestCaseExecutor.accessMainPhase(TestCaseExecutor.java:256)
	at com.kms.katalon.core.main.TestCaseExecutor.execute(TestCaseExecutor.java:200)
	at com.kms.katalon.core.main.TestCaseMain.runTestCase(TestCaseMain.java:99)
	at com.kms.katalon.core.keyword.builtin.CallTestCaseKeyword$_callTestCase_closure1.doCall(CallTestCaseKeyword.groovy:60)
	at com.kms.katalon.core.keyword.builtin.CallTestCaseKeyword$_callTestCase_closure1.call(CallTestCaseKeyword.groovy)
	at com.kms.katalon.core.keyword.internal.KeywordMain.runKeyword(KeywordMain.groovy:54)
	at com.kms.katalon.core.keyword.builtin.CallTestCaseKeyword.callTestCase(CallTestCaseKeyword.groovy:81)
	at com.kms.katalon.core.keyword.builtin.CallTestCaseKeyword.execute(CallTestCaseKeyword.groovy:45)
	at com.kms.katalon.core.keyword.internal.KeywordExecutor.executeKeywordForPlatform(KeywordExecutor.groovy:53)
	at com.kms.katalon.core.keyword.BuiltinKeywords.callTestCase(BuiltinKeywords.groovy:334)
	at sun.reflect.GeneratedMethodAccessor13.invoke(Unknown Source)
	at sun.reflect.DelegatingMethodAccessorImpl.invoke(DelegatingMethodAccessorImpl.java:43)
	at java.lang.reflect.Method.invoke(Method.java:498)
	at org.codehaus.groovy.reflection.CachedMethod.invoke(CachedMethod.java:93)
	at groovy.lang.MetaMethod.doMethodInvoke(MetaMethod.java:325)
	at groovy.lang.MetaClassImpl.invokeStaticMethod(MetaClassImpl.java:1469)
	at org.codehaus.groovy.runtime.callsite.StaticMetaClassSite.call(StaticMetaClassSite.java:53)
	at org.codehaus.groovy.runtime.callsite.CallSiteArray.defaultCall(CallSiteArray.java:48)
	at org.codehaus.groovy.runtime.callsite.AbstractCallSite.call(AbstractCallSite.java:113)
	at org.codehaus.groovy.runtime.callsite.AbstractCallSite.call(AbstractCallSite.java:141)
	at Script1536204204129.run(Script1536204204129.groovy:25)
	at com.kms.katalon.core.main.ScriptEngine.run(ScriptEngine.java:183)
	at com.kms.katalon.core.main.ScriptEngine.runScriptAsRawText(ScriptEngine.java:108)
	at com.kms.katalon.core.main.TestCaseExecutor.runScript(TestCaseExecutor.java:294)
	at com.kms.katalon.core.main.TestCaseExecutor.doExecute(TestCaseExecutor.java:285)
	at com.kms.katalon.core.main.TestCaseExecutor.processExecutionPhase(TestCaseExecutor.java:264)
	at com.kms.katalon.core.main.TestCaseExecutor.accessMainPhase(TestCaseExecutor.java:256)
	at com.kms.katalon.core.main.TestCaseExecutor.execute(TestCaseExecutor.java:200)
	at com.kms.katalon.core.main.TestSuiteExecutor.accessTestCaseMainPhase(TestSuiteExecutor.java:129)
	at com.kms.katalon.core.main.TestSuiteExecutor.accessTestSuiteMainPhase(TestSuiteExecutor.java:112)
	at com.kms.katalon.core.main.TestSuiteExecutor.execute(TestSuiteExecutor.java:81)
	at com.kms.katalon.core.main.TestCaseMain.startTestSuite(TestCaseMain.java:142)
	at com.kms.katalon.core.main.TestCaseMain$startTestSuite$0.call(Unknown Source)
	at org.codehaus.groovy.runtime.callsite.CallSiteArray.defaultCall(CallSiteArray.java:48)
	at org.codehaus.groovy.runtime.callsite.AbstractCallSite.call(AbstractCallSite.java:113)
	at org.codehaus.groovy.runtime.callsite.AbstractCallSite.call(AbstractCallSite.java:141)
	at TempTestSuite1539973930605.run(TempTestSuite1539973930605.groovy:36)
	at groovy.lang.GroovyShell.runScriptOrMainOrTestOrRunnable(GroovyShell.java:263)
	at groovy.lang.GroovyShell.run(GroovyShell.java:518)
	at groovy.lang.GroovyShell.run(GroovyShell.java:507)
	at groovy.ui.GroovyMain.processOnce(GroovyMain.java:653)
	at groovy.ui.GroovyMain.run(GroovyMain.java:384)
	at groovy.ui.GroovyMain.process(GroovyMain.java:370)
	at groovy.ui.GroovyMain.processArgs(GroovyMain.java:129)
	at groovy.ui.GroovyMain.main(GroovyMain.java:109)
	at sun.reflect.NativeMethodAccessorImpl.invoke0(Native Method)
	at sun.reflect.NativeMethodAccessorImpl.invoke(NativeMethodAccessorImpl.java:62)
	at sun.reflect.DelegatingMethodAccessorImpl.invoke(DelegatingMethodAccessorImpl.java:43)
	at java.lang.reflect.Method.invoke(Method.java:498)
	at org.codehaus.groovy.tools.GroovyStarter.rootLoader(GroovyStarter.java:109)
	at org.codehaus.groovy.tools.GroovyStarter.main(GroovyStarter.java:131)
)"/>
         <system-out><![CDATA[2018-10-20 09:16:19 - [TEST_CASE][FAILED] - Test Cases/Final Aug 2018 - PKS Automation/Registration Module/Workflow/Form 3 EIS - Cessation As Employer/OTC to UO (Reject): Test Cases/Final Aug 2018 - PKS Automation/Registration Module/Workflow/Form 3 EIS - Cessation As Employer/OTC to UO (Reject) FAILED because (of) (Stack trace: com.kms.katalon.core.exception.StepFailedException: Unable to click on object 'Object Repository/Final Object Repo/Landing Page/Select to English' (Root cause: com.kms.katalon.core.webui.exception.WebElementNotFoundException: Web element with id: 'Object Repository/Final Object Repo/Landing Page/Select to English' located by 'By.xpath: //a[@class = 'taglib-language-list-text' and @lang = 'en-US' and (contains(text(), 'EN') or contains(., 'EN'))]' not found)
	at com.kms.katalon.core.keyword.internal.KeywordMain.stepFailed(KeywordMain.groovy:32)
	at com.kms.katalon.core.webui.keyword.internal.WebUIKeywordMain.stepFailed(WebUIKeywordMain.groovy:65)
	at com.kms.katalon.core.webui.keyword.internal.WebUIKeywordMain.runKeyword(WebUIKeywordMain.groovy:27)
	at com.kms.katalon.core.webui.keyword.builtin.ClickKeyword.click(ClickKeyword.groovy:86)
	at com.kms.katalon.core.webui.keyword.builtin.ClickKeyword.execute(ClickKeyword.groovy:67)
	at com.kms.katalon.core.keyword.internal.KeywordExecutor.executeKeywordForPlatform(KeywordExecutor.groovy:53)
	at com.kms.katalon.core.webui.keyword.WebUiBuiltInKeywords.click(WebUiBuiltInKeywords.groovy:604)
	at com.kms.katalon.core.webui.keyword.WebUiBuiltInKeywords$click$8.call(Unknown Source)
	at Script1534407542420.run(Script1534407542420.groovy:57)
	at com.kms.katalon.core.main.ScriptEngine.run(ScriptEngine.java:183)
	at com.kms.katalon.core.main.ScriptEngine.runScriptAsRawText(ScriptEngine.java:108)
	at com.kms.katalon.core.main.TestCaseExecutor.runScript(TestCaseExecutor.java:294)
	at com.kms.katalon.core.main.TestCaseExecutor.doExecute(TestCaseExecutor.java:285)
	at com.kms.katalon.core.main.TestCaseExecutor.processExecutionPhase(TestCaseExecutor.java:264)
	at com.kms.katalon.core.main.TestCaseExecutor.accessMainPhase(TestCaseExecutor.java:256)
	at com.kms.katalon.core.main.TestCaseExecutor.execute(TestCaseExecutor.java:200)
	at com.kms.katalon.core.main.TestCaseMain.runTestCase(TestCaseMain.java:99)
	at com.kms.katalon.core.keyword.builtin.CallTestCaseKeyword$_callTestCase_closure1.doCall(CallTestCaseKeyword.groovy:60)
	at com.kms.katalon.core.keyword.builtin.CallTestCaseKeyword$_callTestCase_closure1.call(CallTestCaseKeyword.groovy)
	at com.kms.katalon.core.keyword.internal.KeywordMain.runKeyword(KeywordMain.groovy:54)
	at com.kms.katalon.core.keyword.builtin.CallTestCaseKeyword.callTestCase(CallTestCaseKeyword.groovy:81)
	at com.kms.katalon.core.keyword.builtin.CallTestCaseKeyword.execute(CallTestCaseKeyword.groovy:45)
	at com.kms.katalon.core.keyword.internal.KeywordExecutor.executeKeywordForPlatform(KeywordExecutor.groovy:53)
	at com.kms.katalon.core.keyword.BuiltinKeywords.callTestCase(BuiltinKeywords.groovy:334)
	at sun.reflect.GeneratedMethodAccessor13.invoke(Unknown Source)
	at sun.reflect.DelegatingMethodAccessorImpl.invoke(DelegatingMethodAccessorImpl.java:43)
	at java.lang.reflect.Method.invoke(Method.java:498)
	at org.codehaus.groovy.reflection.CachedMethod.invoke(CachedMethod.java:93)
	at groovy.lang.MetaMethod.doMethodInvoke(MetaMethod.java:325)
	at groovy.lang.MetaClassImpl.invokeStaticMethod(MetaClassImpl.java:1469)
	at org.codehaus.groovy.runtime.callsite.StaticMetaClassSite.call(StaticMetaClassSite.java:53)
	at org.codehaus.groovy.runtime.callsite.CallSiteArray.defaultCall(CallSiteArray.java:48)
	at org.codehaus.groovy.runtime.callsite.AbstractCallSite.call(AbstractCallSite.java:113)
	at org.codehaus.groovy.runtime.callsite.AbstractCallSite.call(AbstractCallSite.java:141)
	at Script1536044453581.run(Script1536044453581.groovy:34)
	at com.kms.katalon.core.main.ScriptEngine.run(ScriptEngine.java:183)
	at com.kms.katalon.core.main.ScriptEngine.runScriptAsRawText(ScriptEngine.java:108)
	at com.kms.katalon.core.main.TestCaseExecutor.runScript(TestCaseExecutor.java:294)
	at com.kms.katalon.core.main.TestCaseExecutor.doExecute(TestCaseExecutor.java:285)
	at com.kms.katalon.core.main.TestCaseExecutor.processExecutionPhase(TestCaseExecutor.java:264)
	at com.kms.katalon.core.main.TestCaseExecutor.accessMainPhase(TestCaseExecutor.java:256)
	at com.kms.katalon.core.main.TestCaseExecutor.execute(TestCaseExecutor.java:200)
	at com.kms.katalon.core.main.TestCaseMain.runTestCase(TestCaseMain.java:99)
	at com.kms.katalon.core.keyword.builtin.CallTestCaseKeyword$_callTestCase_closure1.doCall(CallTestCaseKeyword.groovy:60)
	at com.kms.katalon.core.keyword.builtin.CallTestCaseKeyword$_callTestCase_closure1.call(CallTestCaseKeyword.groovy)
	at com.kms.katalon.core.keyword.internal.KeywordMain.runKeyword(KeywordMain.groovy:54)
	at com.kms.katalon.core.keyword.builtin.CallTestCaseKeyword.callTestCase(CallTestCaseKeyword.groovy:81)
	at com.kms.katalon.core.keyword.builtin.CallTestCaseKeyword.execute(CallTestCaseKeyword.groovy:45)
	at com.kms.katalon.core.keyword.internal.KeywordExecutor.executeKeywordForPlatform(KeywordExecutor.groovy:53)
	at com.kms.katalon.core.keyword.BuiltinKeywords.callTestCase(BuiltinKeywords.groovy:334)
	at sun.reflect.GeneratedMethodAccessor13.invoke(Unknown Source)
	at sun.reflect.DelegatingMethodAccessorImpl.invoke(DelegatingMethodAccessorImpl.java:43)
	at java.lang.reflect.Method.invoke(Method.java:498)
	at org.codehaus.groovy.reflection.CachedMethod.invoke(CachedMethod.java:93)
	at groovy.lang.MetaMethod.doMethodInvoke(MetaMethod.java:325)
	at groovy.lang.MetaClassImpl.invokeStaticMethod(MetaClassImpl.java:1469)
	at org.codehaus.groovy.runtime.callsite.StaticMetaClassSite.call(StaticMetaClassSite.java:53)
	at org.codehaus.groovy.runtime.callsite.CallSiteArray.defaultCall(CallSiteArray.java:48)
	at org.codehaus.groovy.runtime.callsite.AbstractCallSite.call(AbstractCallSite.java:113)
	at org.codehaus.groovy.runtime.callsite.AbstractCallSite.call(AbstractCallSite.java:141)
	at Script1536204204129.run(Script1536204204129.groovy:25)
	at com.kms.katalon.core.main.ScriptEngine.run(ScriptEngine.java:183)
	at com.kms.katalon.core.main.ScriptEngine.runScriptAsRawText(ScriptEngine.java:108)
	at com.kms.katalon.core.main.TestCaseExecutor.runScript(TestCaseExecutor.java:294)
	at com.kms.katalon.core.main.TestCaseExecutor.doExecute(TestCaseExecutor.java:285)
	at com.kms.katalon.core.main.TestCaseExecutor.processExecutionPhase(TestCaseExecutor.java:264)
	at com.kms.katalon.core.main.TestCaseExecutor.accessMainPhase(TestCaseExecutor.java:256)
	at com.kms.katalon.core.main.TestCaseExecutor.execute(TestCaseExecutor.java:200)
	at com.kms.katalon.core.main.TestSuiteExecutor.accessTestCaseMainPhase(TestSuiteExecutor.java:129)
	at com.kms.katalon.core.main.TestSuiteExecutor.accessTestSuiteMainPhase(TestSuiteExecutor.java:112)
	at com.kms.katalon.core.main.TestSuiteExecutor.execute(TestSuiteExecutor.java:81)
	at com.kms.katalon.core.main.TestCaseMain.startTestSuite(TestCaseMain.java:142)
	at com.kms.katalon.core.main.TestCaseMain$startTestSuite$0.call(Unknown Source)
	at org.codehaus.groovy.runtime.callsite.CallSiteArray.defaultCall(CallSiteArray.java:48)
	at org.codehaus.groovy.runtime.callsite.AbstractCallSite.call(AbstractCallSite.java:113)
	at org.codehaus.groovy.runtime.callsite.AbstractCallSite.call(AbstractCallSite.java:141)
	at TempTestSuite1539973930605.run(TempTestSuite1539973930605.groovy:36)
	at groovy.lang.GroovyShell.runScriptOrMainOrTestOrRunnable(GroovyShell.java:263)
	at groovy.lang.GroovyShell.run(GroovyShell.java:518)
	at groovy.lang.GroovyShell.run(GroovyShell.java:507)
	at groovy.ui.GroovyMain.processOnce(GroovyMain.java:653)
	at groovy.ui.GroovyMain.run(GroovyMain.java:384)
	at groovy.ui.GroovyMain.process(GroovyMain.java:370)
	at groovy.ui.GroovyMain.processArgs(GroovyMain.java:129)
	at groovy.ui.GroovyMain.main(GroovyMain.java:109)
	at sun.reflect.NativeMethodAccessorImpl.invoke0(Native Method)
	at sun.reflect.NativeMethodAccessorImpl.invoke(NativeMethodAccessorImpl.java:62)
	at sun.reflect.DelegatingMethodAccessorImpl.invoke(DelegatingMethodAccessorImpl.java:43)
	at java.lang.reflect.Method.invoke(Method.java:498)
	at org.codehaus.groovy.tools.GroovyStarter.rootLoader(GroovyStarter.java:109)
	at org.codehaus.groovy.tools.GroovyStarter.main(GroovyStarter.java:131)
)

2018-10-20 09:16:19 - [TEST_STEP][PASSED] - callTestCase: Call Test Case 'Test Cases/Final Aug 2018 - PKS Automation/Registration Module/Workflow/Form 3 EIS - Cessation As Employer/Template/Form 3 A - Cessation As Employer (OTC)' successfully

2018-10-20 09:16:19 - [TEST_CASE][PASSED] - Test Cases/Final Aug 2018 - PKS Automation/Registration Module/Workflow/Form 3 EIS - Cessation As Employer/Template/Form 3 A - Cessation As Employer (OTC): Test Cases/Final Aug 2018 - PKS Automation/Registration Module/Workflow/Form 3 EIS - Cessation As Employer/Template/Form 3 A - Cessation As Employer (OTC)

2018-10-20 09:16:19 - [TEST_STEP][PASSED] - openBrowser: Browser is opened with url: ''

2018-10-20 09:16:19 - [MESSAGE][WARNING] - A browser is already opened. Closing browser and opening a new one

2018-10-20 09:16:23 - [MESSAGE][PASSED] - Browser is opened with url: ''

2018-10-20 09:16:23 - [TEST_STEP][PASSED] - navigateToUrl: Navigate to 'https://assist2-uat.perkeso.gov.my/login' successfully

2018-10-20 09:16:25 - [MESSAGE][PASSED] - Navigate to 'https://assist2-uat.perkeso.gov.my/login' successfully

2018-10-20 09:16:25 - [TEST_STEP][PASSED] - setText: Text 'johorotc1@gmail.com' is set on object 'Object Repository/Final Object Repo/Login Page/Internal User/Email Address'

2018-10-20 09:16:25 - [MESSAGE][PASSED] - Text 'johorotc1@gmail.com' is set on object 'Object Repository/Final Object Repo/Login Page/Internal User/Email Address'

2018-10-20 09:16:25 - [TEST_STEP][PASSED] - click: Object: 'Object Repository/Final Object Repo/Login Page/Internal User/Next Button' is clicked on

2018-10-20 09:16:26 - [MESSAGE][PASSED] - Object: 'Object Repository/Final Object Repo/Login Page/Internal User/Next Button' is clicked on

2018-10-20 09:16:26 - [TEST_STEP][PASSED] - delay: Delayed 1 second(s)

2018-10-20 09:16:27 - [MESSAGE][PASSED] - Delayed 1 second(s)

2018-10-20 09:16:27 - [TEST_STEP][PASSED] - setEncryptedText: Text ****** has been set on object 'Object Repository/Final Object Repo/Login Page/Internal User/Password'

2018-10-20 09:16:27 - [MESSAGE][PASSED] - Text ****** has been set on object 'Object Repository/Final Object Repo/Login Page/Internal User/Password'

2018-10-20 09:16:27 - [TEST_STEP][PASSED] - click: Object: 'Object Repository/Final Object Repo/Login Page/Internal User/Login Button' is clicked on

2018-10-20 09:16:27 - [MESSAGE][PASSED] - Object: 'Object Repository/Final Object Repo/Login Page/Internal User/Login Button' is clicked on

2018-10-20 09:16:27 - [TEST_STEP][PASSED] - delay: Delayed 1 second(s)

2018-10-20 09:16:28 - [MESSAGE][PASSED] - Delayed 1 second(s)

2018-10-20 09:16:28 - [TEST_STEP][PASSED] - Statement - Try: Delayed 2 second(s)

2018-10-20 09:16:28 - [TEST_STEP][PASSED] - Statement - Checker = false: null

2018-10-20 09:16:28 - [TEST_STEP][PASSED] - Statement - Checker = com.kms.katalon.core.webui.keyword.WebUiBuiltInKeywords.verifyElementHasAttribute(com.kms.katalon.core.testobject.ObjectRepository.findTestObject(Final Object Repo/Landing Page/BM Detecting), "href", 20, OPTIONAL): Object 'Object Repository/Final Object Repo/Landing Page/BM Detecting' has attribute 'href'

2018-10-20 09:16:30 - [MESSAGE][PASSED] - Object 'Object Repository/Final Object Repo/Landing Page/BM Detecting' has attribute 'href'

2018-10-20 09:16:30 - [TEST_STEP][PASSED] - Statement - out.println(Checker): null

2018-10-20 09:16:30 - [TEST_STEP][PASSED] - Statement - If (Checker == false): null

2018-10-20 09:16:30 - [TEST_STEP][PASSED] - Statement - Else: null

2018-10-20 09:16:30 - [TEST_STEP][PASSED] - delay: Delayed 2 second(s)

2018-10-20 09:16:32 - [MESSAGE][PASSED] - Delayed 2 second(s)

2018-10-20 09:16:32 - [TEST_STEP][PASSED] - navigateToUrl: Navigate to 'https://assist2-uat.perkeso.gov.my/web/registration/eis-update/form-3-eis-cessation-as-employer' successfully

2018-10-20 09:16:33 - [MESSAGE][PASSED] - Navigate to 'https://assist2-uat.perkeso.gov.my/web/registration/eis-update/form-3-eis-cessation-as-employer' successfully

2018-10-20 09:16:33 - [TEST_STEP][PASSED] - delay: Delayed 1 second(s)

2018-10-20 09:16:34 - [MESSAGE][PASSED] - Delayed 1 second(s)

2018-10-20 09:16:34 - [TEST_STEP][PASSED] - setText: Text 'E1102069769W' is set on object 'Object Repository/Final Object Repo/Page_Form 3 EIS - Cessation as Employer/Employer Code'

2018-10-20 09:16:34 - [MESSAGE][PASSED] - Text 'E1102069769W' is set on object 'Object Repository/Final Object Repo/Page_Form 3 EIS - Cessation as Employer/Employer Code'

2018-10-20 09:16:34 - [TEST_STEP][PASSED] - click: Object: 'Object Repository/Final Object Repo/Page_Form 3 EIS - Cessation as Employer/Search' is clicked on

2018-10-20 09:16:34 - [MESSAGE][PASSED] - Object: 'Object Repository/Final Object Repo/Page_Form 3 EIS - Cessation as Employer/Search' is clicked on

2018-10-20 09:16:34 - [TEST_STEP][PASSED] - click: Object: 'Object Repository/Final Object Repo/Page_Form 3 EIS - Cessation as Employer/Edit' is clicked on

2018-10-20 09:16:36 - [MESSAGE][PASSED] - Object: 'Object Repository/Final Object Repo/Page_Form 3 EIS - Cessation as Employer/Edit' is clicked on

2018-10-20 09:16:36 - [TEST_STEP][PASSED] - delay: Delayed 1 second(s)

2018-10-20 09:16:37 - [MESSAGE][PASSED] - Delayed 1 second(s)

2018-10-20 09:16:37 - [TEST_STEP][PASSED] - Statement - abc = com.kms.katalon.core.webui.keyword.WebUiBuiltInKeywords.getAttribute(com.kms.katalon.core.testobject.ObjectRepository.findTestObject(Final Object Repo/Page_Form 3 EIS - Cessation as Employer/Employer Status), "value"): Attribute 'value' of object 'Object Repository/Final Object Repo/Page_Form 3 EIS - Cessation as Employer/Employer Status' is: 'Active'

2018-10-20 09:16:37 - [MESSAGE][PASSED] - Attribute 'value' of object 'Object Repository/Final Object Repo/Page_Form 3 EIS - Cessation as Employer/Employer Status' is: 'Active'

2018-10-20 09:16:37 - [TEST_STEP][PASSED] - Statement - out.println(abc): null

2018-10-20 09:16:37 - [TEST_STEP][PASSED] - Statement - If (abc == "Active"): Object: 'Object Repository/Final Object Repo/Page_Form 3 EIS - Cessation as Employer/Dormant EIS' is clicked on

2018-10-20 09:16:37 - [TEST_STEP][PASSED] - click: Object: 'Object Repository/Final Object Repo/Page_Form 3 EIS - Cessation as Employer/Change Employer Status to' is clicked on

2018-10-20 09:16:37 - [MESSAGE][PASSED] - Object: 'Object Repository/Final Object Repo/Page_Form 3 EIS - Cessation as Employer/Change Employer Status to' is clicked on

2018-10-20 09:16:37 - [TEST_STEP][PASSED] - click: Object: 'Object Repository/Final Object Repo/Page_Form 3 EIS - Cessation as Employer/Dormant EIS' is clicked on

2018-10-20 09:16:38 - [MESSAGE][PASSED] - Object: 'Object Repository/Final Object Repo/Page_Form 3 EIS - Cessation as Employer/Dormant EIS' is clicked on

2018-10-20 09:16:38 - [TEST_STEP][PASSED] - click: Object: 'Object Repository/Final Object Repo/Page_Form 3 EIS - Cessation as Employer/Calender' is clicked on

2018-10-20 09:16:38 - [MESSAGE][PASSED] - Object: 'Object Repository/Final Object Repo/Page_Form 3 EIS - Cessation as Employer/Calender' is clicked on

2018-10-20 09:16:38 - [TEST_STEP][PASSED] - delay: Delayed 1 second(s)

2018-10-20 09:16:39 - [MESSAGE][PASSED] - Delayed 1 second(s)

2018-10-20 09:16:39 - [TEST_STEP][PASSED] - click: Object: 'Object Repository/Final Object Repo/Page_Form 3 EIS - Cessation as Employer/Calender - Date' is clicked on

2018-10-20 09:16:39 - [MESSAGE][PASSED] - Object: 'Object Repository/Final Object Repo/Page_Form 3 EIS - Cessation as Employer/Calender - Date' is clicked on

2018-10-20 09:16:39 - [TEST_STEP][PASSED] - click: Object: 'Object Repository/Final Object Repo/Page_Form 3 EIS - Cessation as Employer/Save  Continue in Form 3 EIS Page' is clicked on

2018-10-20 09:16:39 - [MESSAGE][PASSED] - Object: 'Object Repository/Final Object Repo/Page_Form 3 EIS - Cessation as Employer/Save  Continue in Form 3 EIS Page' is clicked on

2018-10-20 09:16:39 - [TEST_STEP][PASSED] - delay: Delayed 1 second(s)

2018-10-20 09:16:40 - [MESSAGE][PASSED] - Delayed 1 second(s)

2018-10-20 09:16:40 - [TEST_STEP][PASSED] - click: Object: 'Object Repository/Final Object Repo/Page_Form 3 EIS - Cessation as Employer/Employment Resign Date' is clicked on

2018-10-20 09:16:41 - [MESSAGE][PASSED] - Object: 'Object Repository/Final Object Repo/Page_Form 3 EIS - Cessation as Employer/Employment Resign Date' is clicked on

2018-10-20 09:16:41 - [TEST_STEP][PASSED] - selectOptionByValue: All options with value '2018' are selected in object 'Object Repository/Final Object Repo/Page_Form 3 EIS - Cessation as Employer/Employment Resign Date - Year' 

2018-10-20 09:16:41 - [MESSAGE][PASSED] - All options with value '2018' are selected in object 'Object Repository/Final Object Repo/Page_Form 3 EIS - Cessation as Employer/Employment Resign Date - Year' 

2018-10-20 09:16:41 - [TEST_STEP][PASSED] - delay: Delayed 2 second(s)

2018-10-20 09:16:43 - [MESSAGE][PASSED] - Delayed 2 second(s)

2018-10-20 09:16:43 - [TEST_STEP][PASSED] - click: Object: 'Object Repository/Final Object Repo/Page_Form 3 EIS - Cessation as Employer/Employment Resign Date - Year - Date' is clicked on

2018-10-20 09:16:43 - [MESSAGE][PASSED] - Object: 'Object Repository/Final Object Repo/Page_Form 3 EIS - Cessation as Employer/Employment Resign Date - Year - Date' is clicked on

2018-10-20 09:16:43 - [TEST_STEP][PASSED] - delay: Delayed 2 second(s)

2018-10-20 09:16:45 - [MESSAGE][PASSED] - Delayed 2 second(s)

2018-10-20 09:16:45 - [TEST_STEP][PASSED] - click: Object: 'Object Repository/Final Object Repo/Page_Form 3 EIS - Cessation as Employer/Save  Continue in Employment Resign Page' is clicked on

2018-10-20 09:16:45 - [MESSAGE][PASSED] - Object: 'Object Repository/Final Object Repo/Page_Form 3 EIS - Cessation as Employer/Save  Continue in Employment Resign Page' is clicked on

2018-10-20 09:16:45 - [TEST_STEP][PASSED] - delay: Delayed 2 second(s)

2018-10-20 09:16:47 - [MESSAGE][PASSED] - Delayed 2 second(s)

2018-10-20 09:16:47 - [TEST_STEP][PASSED] - click: Object: 'Object Repository/Final Object Repo/Page_Form 3 EIS - Cessation as Employer/Add Document' is clicked on

2018-10-20 09:16:49 - [MESSAGE][PASSED] - Object: 'Object Repository/Final Object Repo/Page_Form 3 EIS - Cessation as Employer/Add Document' is clicked on

2018-10-20 09:16:49 - [TEST_STEP][PASSED] - delay: Delayed 3 second(s)

2018-10-20 09:16:52 - [MESSAGE][PASSED] - Delayed 3 second(s)

2018-10-20 09:16:52 - [TEST_STEP][PASSED] - click: Object: 'Object Repository/Final Object Repo/Page_Form 3 EIS - Cessation as Employer/Document Type' is clicked on

2018-10-20 09:16:53 - [MESSAGE][PASSED] - Object: 'Object Repository/Final Object Repo/Page_Form 3 EIS - Cessation as Employer/Document Type' is clicked on

2018-10-20 09:16:53 - [TEST_STEP][PASSED] - click: Object: 'Object Repository/Final Object Repo/Page_Form 3 EIS - Cessation as Employer/Document Type - Form 3' is clicked on

2018-10-20 09:16:53 - [MESSAGE][PASSED] - Object: 'Object Repository/Final Object Repo/Page_Form 3 EIS - Cessation as Employer/Document Type - Form 3' is clicked on

2018-10-20 09:16:53 - [TEST_STEP][PASSED] - delay: Delayed 2 second(s)

2018-10-20 09:16:55 - [MESSAGE][PASSED] - Delayed 2 second(s)

2018-10-20 09:16:55 - [TEST_STEP][PASSED] - sendKeys: Keys 'C:\Users\Public\Pictures\Sample Pictures\Act.jpg' sent to object: 'Object Repository/Final Object Repo/Page_Form 3 EIS - Cessation as Employer/ploading File'

2018-10-20 09:16:55 - [MESSAGE][PASSED] - Keys 'C:\Users\Public\Pictures\Sample Pictures\Act.jpg' sent to object: 'Object Repository/Final Object Repo/Page_Form 3 EIS - Cessation as Employer/ploading File'

2018-10-20 09:16:55 - [TEST_STEP][PASSED] - delay: Delayed 1 second(s)

2018-10-20 09:16:56 - [MESSAGE][PASSED] - Delayed 1 second(s)

2018-10-20 09:16:56 - [TEST_STEP][PASSED] - click: Object: 'Object Repository/Final Object Repo/Page_Form 3 EIS - Cessation as Employer/Add Document in Uploading Page' is clicked on

2018-10-20 09:16:56 - [MESSAGE][PASSED] - Object: 'Object Repository/Final Object Repo/Page_Form 3 EIS - Cessation as Employer/Add Document in Uploading Page' is clicked on

2018-10-20 09:16:56 - [TEST_STEP][PASSED] - delay: Delayed 2 second(s)

2018-10-20 09:16:58 - [MESSAGE][PASSED] - Delayed 2 second(s)

2018-10-20 09:16:58 - [TEST_STEP][PASSED] - Statement - CaseReferenceNo = com.kms.katalon.core.webui.keyword.WebUiBuiltInKeywords.getText(com.kms.katalon.core.testobject.ObjectRepository.findTestObject(Final Object Repo/Page_Update Employer Information/Reference Number in Update Employee Information Page)): Text of object 'Object Repository/Final Object Repo/Page_Update Employer Information/Reference Number in Update Employee Information Page' is: 'ERN102018C200002181'

2018-10-20 09:17:02 - [MESSAGE][PASSED] - Text of object 'Object Repository/Final Object Repo/Page_Update Employer Information/Reference Number in Update Employee Information Page' is: 'ERN102018C200002181'

2018-10-20 09:17:02 - [TEST_STEP][PASSED] - callTestCase: Call Test Case 'Test Cases/Final Aug 2018 - PKS Automation/Common/Reference Number Setter' successfully

2018-10-20 09:17:02 - [TEST_CASE][PASSED] - Test Cases/Final Aug 2018 - PKS Automation/Common/Reference Number Setter: Test Cases/Final Aug 2018 - PKS Automation/Common/Reference Number Setter

2018-10-20 09:17:02 - [TEST_STEP][PASSED] - Statement - RefNoOldFile = new java.io.File(C://KatalonReference.txt): null

2018-10-20 09:17:02 - [TEST_STEP][PASSED] - Statement - RefNoOldFile.delete(): null

2018-10-20 09:17:02 - [TEST_STEP][PASSED] - Statement - RefNo = new java.io.File(C://KatalonReference.txt): null

2018-10-20 09:17:02 - [TEST_STEP][PASSED] - Statement - RefNo.append(CaseReferenceNo): null

2018-10-20 09:17:02 - [TEST_STEP][PASSED] - Statement - out.println("


" + CaseReferenceNo + "


"): null

2018-10-20 09:17:02 - [MESSAGE][PASSED] - Call Test Case 'Test Cases/Final Aug 2018 - PKS Automation/Common/Reference Number Setter' successfully

2018-10-20 09:17:02 - [TEST_STEP][PASSED] - delay: Delayed 2 second(s)

2018-10-20 09:17:04 - [MESSAGE][PASSED] - Delayed 2 second(s)

2018-10-20 09:17:04 - [TEST_STEP][PASSED] - click: Object: 'Object Repository/Final Object Repo/Page_Form 3 EIS - Cessation as Employer/Save  Continue in Uploading Page' is clicked on

2018-10-20 09:17:04 - [MESSAGE][PASSED] - Object: 'Object Repository/Final Object Repo/Page_Form 3 EIS - Cessation as Employer/Save  Continue in Uploading Page' is clicked on

2018-10-20 09:17:04 - [TEST_STEP][PASSED] - delay: Delayed 2 second(s)

2018-10-20 09:17:06 - [MESSAGE][PASSED] - Delayed 2 second(s)

2018-10-20 09:17:06 - [TEST_STEP][PASSED] - click: Object: 'Object Repository/Final Object Repo/Page_Form 3 EIS - Cessation as Employer/Submit' is clicked on

2018-10-20 09:17:09 - [MESSAGE][PASSED] - Object: 'Object Repository/Final Object Repo/Page_Form 3 EIS - Cessation as Employer/Submit' is clicked on

2018-10-20 09:17:09 - [TEST_STEP][PASSED] - delay: Delayed 2 second(s)

2018-10-20 09:17:11 - [MESSAGE][PASSED] - Delayed 2 second(s)

2018-10-20 09:17:11 - [TEST_STEP][PASSED] - click: Object: 'Object Repository/Final Object Repo/Page_Form 3 EIS - Cessation as Employer/Confirm' is clicked on

2018-10-20 09:17:11 - [MESSAGE][PASSED] - Object: 'Object Repository/Final Object Repo/Page_Form 3 EIS - Cessation as Employer/Confirm' is clicked on

2018-10-20 09:17:11 - [TEST_STEP][PASSED] - delay: Delayed 2 second(s)

2018-10-20 09:17:13 - [MESSAGE][PASSED] - Delayed 2 second(s)

2018-10-20 09:17:13 - [TEST_STEP][PASSED] - click: Object: 'Object Repository/Final Object Repo/Page_Form 3 EIS - Cessation as Employer/Message Your Request will be routed to UO' is clicked on

2018-10-20 09:17:18 - [MESSAGE][PASSED] - Object: 'Object Repository/Final Object Repo/Page_Form 3 EIS - Cessation as Employer/Message Your Request will be routed to UO' is clicked on

2018-10-20 09:17:18 - [TEST_STEP][PASSED] - click: Object: 'Object Repository/Final Object Repo/Page_Form 3 EIS - Cessation as Employer/Letter of acknowledgement' is clicked on

2018-10-20 09:17:19 - [MESSAGE][PASSED] - Object: 'Object Repository/Final Object Repo/Page_Form 3 EIS - Cessation as Employer/Letter of acknowledgement' is clicked on

2018-10-20 09:17:19 - [MESSAGE][PASSED] - Call Test Case 'Test Cases/Final Aug 2018 - PKS Automation/Registration Module/Workflow/Form 3 EIS - Cessation As Employer/Template/Form 3 A - Cessation As Employer (OTC)' successfully

2018-10-20 09:17:19 - [TEST_STEP][FAILED] - callTestCase: Unable to call Test Case with id 'Test Cases/Final Aug 2018 - PKS Automation/Registration Module/Workflow/Form 3 EIS - Cessation As Employer/Template/Form 3 A - Cessation As Employer (Reject)' (Root cause: Call Test Case 'Test Cases/Final Aug 2018 - PKS Automation/Registration Module/Workflow/Form 3 EIS - Cessation As Employer/Template/Form 3 A - Cessation As Employer (Reject)' failed)

2018-10-20 09:17:19 - [TEST_CASE][FAILED] - Test Cases/Final Aug 2018 - PKS Automation/Registration Module/Workflow/Form 3 EIS - Cessation As Employer/Template/Form 3 A - Cessation As Employer (Reject): Test Cases/Final Aug 2018 - PKS Automation/Registration Module/Workflow/Form 3 EIS - Cessation As Employer/Template/Form 3 A - Cessation As Employer (Reject) FAILED because (of) (Stack trace: com.kms.katalon.core.exception.StepFailedException: Unable to click on object 'Object Repository/Final Object Repo/Landing Page/Select to English' (Root cause: com.kms.katalon.core.webui.exception.WebElementNotFoundException: Web element with id: 'Object Repository/Final Object Repo/Landing Page/Select to English' located by 'By.xpath: //a[@class = 'taglib-language-list-text' and @lang = 'en-US' and (contains(text(), 'EN') or contains(., 'EN'))]' not found)
	at com.kms.katalon.core.keyword.internal.KeywordMain.stepFailed(KeywordMain.groovy:32)
	at com.kms.katalon.core.webui.keyword.internal.WebUIKeywordMain.stepFailed(WebUIKeywordMain.groovy:65)
	at com.kms.katalon.core.webui.keyword.internal.WebUIKeywordMain.runKeyword(WebUIKeywordMain.groovy:27)
	at com.kms.katalon.core.webui.keyword.builtin.ClickKeyword.click(ClickKeyword.groovy:86)
	at com.kms.katalon.core.webui.keyword.builtin.ClickKeyword.execute(ClickKeyword.groovy:67)
	at com.kms.katalon.core.keyword.internal.KeywordExecutor.executeKeywordForPlatform(KeywordExecutor.groovy:53)
	at com.kms.katalon.core.webui.keyword.WebUiBuiltInKeywords.click(WebUiBuiltInKeywords.groovy:604)
	at com.kms.katalon.core.webui.keyword.WebUiBuiltInKeywords$click$8.call(Unknown Source)
	at Script1534407542420.run(Script1534407542420.groovy:57)
	at com.kms.katalon.core.main.ScriptEngine.run(ScriptEngine.java:183)
	at com.kms.katalon.core.main.ScriptEngine.runScriptAsRawText(ScriptEngine.java:108)
	at com.kms.katalon.core.main.TestCaseExecutor.runScript(TestCaseExecutor.java:294)
	at com.kms.katalon.core.main.TestCaseExecutor.doExecute(TestCaseExecutor.java:285)
	at com.kms.katalon.core.main.TestCaseExecutor.processExecutionPhase(TestCaseExecutor.java:264)
	at com.kms.katalon.core.main.TestCaseExecutor.accessMainPhase(TestCaseExecutor.java:256)
	at com.kms.katalon.core.main.TestCaseExecutor.execute(TestCaseExecutor.java:200)
	at com.kms.katalon.core.main.TestCaseMain.runTestCase(TestCaseMain.java:99)
	at com.kms.katalon.core.keyword.builtin.CallTestCaseKeyword$_callTestCase_closure1.doCall(CallTestCaseKeyword.groovy:60)
	at com.kms.katalon.core.keyword.builtin.CallTestCaseKeyword$_callTestCase_closure1.call(CallTestCaseKeyword.groovy)
	at com.kms.katalon.core.keyword.internal.KeywordMain.runKeyword(KeywordMain.groovy:54)
	at com.kms.katalon.core.keyword.builtin.CallTestCaseKeyword.callTestCase(CallTestCaseKeyword.groovy:81)
	at com.kms.katalon.core.keyword.builtin.CallTestCaseKeyword.execute(CallTestCaseKeyword.groovy:45)
	at com.kms.katalon.core.keyword.internal.KeywordExecutor.executeKeywordForPlatform(KeywordExecutor.groovy:53)
	at com.kms.katalon.core.keyword.BuiltinKeywords.callTestCase(BuiltinKeywords.groovy:334)
	at sun.reflect.GeneratedMethodAccessor13.invoke(Unknown Source)
	at sun.reflect.DelegatingMethodAccessorImpl.invoke(DelegatingMethodAccessorImpl.java:43)
	at java.lang.reflect.Method.invoke(Method.java:498)
	at org.codehaus.groovy.reflection.CachedMethod.invoke(CachedMethod.java:93)
	at groovy.lang.MetaMethod.doMethodInvoke(MetaMethod.java:325)
	at groovy.lang.MetaClassImpl.invokeStaticMethod(MetaClassImpl.java:1469)
	at org.codehaus.groovy.runtime.callsite.StaticMetaClassSite.call(StaticMetaClassSite.java:53)
	at org.codehaus.groovy.runtime.callsite.CallSiteArray.defaultCall(CallSiteArray.java:48)
	at org.codehaus.groovy.runtime.callsite.AbstractCallSite.call(AbstractCallSite.java:113)
	at org.codehaus.groovy.runtime.callsite.AbstractCallSite.call(AbstractCallSite.java:141)
	at Script1536044453581.run(Script1536044453581.groovy:34)
	at com.kms.katalon.core.main.ScriptEngine.run(ScriptEngine.java:183)
	at com.kms.katalon.core.main.ScriptEngine.runScriptAsRawText(ScriptEngine.java:108)
	at com.kms.katalon.core.main.TestCaseExecutor.runScript(TestCaseExecutor.java:294)
	at com.kms.katalon.core.main.TestCaseExecutor.doExecute(TestCaseExecutor.java:285)
	at com.kms.katalon.core.main.TestCaseExecutor.processExecutionPhase(TestCaseExecutor.java:264)
	at com.kms.katalon.core.main.TestCaseExecutor.accessMainPhase(TestCaseExecutor.java:256)
	at com.kms.katalon.core.main.TestCaseExecutor.execute(TestCaseExecutor.java:200)
	at com.kms.katalon.core.main.TestCaseMain.runTestCase(TestCaseMain.java:99)
	at com.kms.katalon.core.keyword.builtin.CallTestCaseKeyword$_callTestCase_closure1.doCall(CallTestCaseKeyword.groovy:60)
	at com.kms.katalon.core.keyword.builtin.CallTestCaseKeyword$_callTestCase_closure1.call(CallTestCaseKeyword.groovy)
	at com.kms.katalon.core.keyword.internal.KeywordMain.runKeyword(KeywordMain.groovy:54)
	at com.kms.katalon.core.keyword.builtin.CallTestCaseKeyword.callTestCase(CallTestCaseKeyword.groovy:81)
	at com.kms.katalon.core.keyword.builtin.CallTestCaseKeyword.execute(CallTestCaseKeyword.groovy:45)
	at com.kms.katalon.core.keyword.internal.KeywordExecutor.executeKeywordForPlatform(KeywordExecutor.groovy:53)
	at com.kms.katalon.core.keyword.BuiltinKeywords.callTestCase(BuiltinKeywords.groovy:334)
	at sun.reflect.GeneratedMethodAccessor13.invoke(Unknown Source)
	at sun.reflect.DelegatingMethodAccessorImpl.invoke(DelegatingMethodAccessorImpl.java:43)
	at java.lang.reflect.Method.invoke(Method.java:498)
	at org.codehaus.groovy.reflection.CachedMethod.invoke(CachedMethod.java:93)
	at groovy.lang.MetaMethod.doMethodInvoke(MetaMethod.java:325)
	at groovy.lang.MetaClassImpl.invokeStaticMethod(MetaClassImpl.java:1469)
	at org.codehaus.groovy.runtime.callsite.StaticMetaClassSite.call(StaticMetaClassSite.java:53)
	at org.codehaus.groovy.runtime.callsite.CallSiteArray.defaultCall(CallSiteArray.java:48)
	at org.codehaus.groovy.runtime.callsite.AbstractCallSite.call(AbstractCallSite.java:113)
	at org.codehaus.groovy.runtime.callsite.AbstractCallSite.call(AbstractCallSite.java:141)
	at Script1536204204129.run(Script1536204204129.groovy:25)
	at com.kms.katalon.core.main.ScriptEngine.run(ScriptEngine.java:183)
	at com.kms.katalon.core.main.ScriptEngine.runScriptAsRawText(ScriptEngine.java:108)
	at com.kms.katalon.core.main.TestCaseExecutor.runScript(TestCaseExecutor.java:294)
	at com.kms.katalon.core.main.TestCaseExecutor.doExecute(TestCaseExecutor.java:285)
	at com.kms.katalon.core.main.TestCaseExecutor.processExecutionPhase(TestCaseExecutor.java:264)
	at com.kms.katalon.core.main.TestCaseExecutor.accessMainPhase(TestCaseExecutor.java:256)
	at com.kms.katalon.core.main.TestCaseExecutor.execute(TestCaseExecutor.java:200)
	at com.kms.katalon.core.main.TestSuiteExecutor.accessTestCaseMainPhase(TestSuiteExecutor.java:129)
	at com.kms.katalon.core.main.TestSuiteExecutor.accessTestSuiteMainPhase(TestSuiteExecutor.java:112)
	at com.kms.katalon.core.main.TestSuiteExecutor.execute(TestSuiteExecutor.java:81)
	at com.kms.katalon.core.main.TestCaseMain.startTestSuite(TestCaseMain.java:142)
	at com.kms.katalon.core.main.TestCaseMain$startTestSuite$0.call(Unknown Source)
	at org.codehaus.groovy.runtime.callsite.CallSiteArray.defaultCall(CallSiteArray.java:48)
	at org.codehaus.groovy.runtime.callsite.AbstractCallSite.call(AbstractCallSite.java:113)
	at org.codehaus.groovy.runtime.callsite.AbstractCallSite.call(AbstractCallSite.java:141)
	at TempTestSuite1539973930605.run(TempTestSuite1539973930605.groovy:36)
	at groovy.lang.GroovyShell.runScriptOrMainOrTestOrRunnable(GroovyShell.java:263)
	at groovy.lang.GroovyShell.run(GroovyShell.java:518)
	at groovy.lang.GroovyShell.run(GroovyShell.java:507)
	at groovy.ui.GroovyMain.processOnce(GroovyMain.java:653)
	at groovy.ui.GroovyMain.run(GroovyMain.java:384)
	at groovy.ui.GroovyMain.process(GroovyMain.java:370)
	at groovy.ui.GroovyMain.processArgs(GroovyMain.java:129)
	at groovy.ui.GroovyMain.main(GroovyMain.java:109)
	at sun.reflect.NativeMethodAccessorImpl.invoke0(Native Method)
	at sun.reflect.NativeMethodAccessorImpl.invoke(NativeMethodAccessorImpl.java:62)
	at sun.reflect.DelegatingMethodAccessorImpl.invoke(DelegatingMethodAccessorImpl.java:43)
	at java.lang.reflect.Method.invoke(Method.java:498)
	at org.codehaus.groovy.tools.GroovyStarter.rootLoader(GroovyStarter.java:109)
	at org.codehaus.groovy.tools.GroovyStarter.main(GroovyStarter.java:131)
)

2018-10-20 09:17:19 - [TEST_STEP][NOT_RUN] - callTestCase: NOT_RUN: callTestCase

2018-10-20 09:17:19 - [MESSAGE][NOT_RUN] - NOT_RUN: callTestCase

2018-10-20 09:17:19 - [TEST_STEP][PASSED] - delay: Delayed 1 second(s)

2018-10-20 09:17:20 - [MESSAGE][PASSED] - Delayed 1 second(s)

2018-10-20 09:17:20 - [TEST_STEP][PASSED] - navigateToUrl: Navigate to 'https://assist2-uat.perkeso.gov.my/c/portal/logout' successfully

2018-10-20 09:17:21 - [MESSAGE][PASSED] - Navigate to 'https://assist2-uat.perkeso.gov.my/c/portal/logout' successfully

2018-10-20 09:17:21 - [TEST_STEP][PASSED] - delay: Delayed 1 second(s)

2018-10-20 09:17:22 - [MESSAGE][PASSED] - Delayed 1 second(s)

2018-10-20 09:17:22 - [TEST_STEP][PASSED] - callTestCase: Call Test Case 'Test Cases/Final Aug 2018 - PKS Automation/Common/Reference Number Getter' successfully

2018-10-20 09:17:22 - [TEST_CASE][PASSED] - Test Cases/Final Aug 2018 - PKS Automation/Common/Reference Number Getter: Test Cases/Final Aug 2018 - PKS Automation/Common/Reference Number Getter

2018-10-20 09:17:22 - [TEST_STEP][PASSED] - Statement - Try: null

2018-10-20 09:17:22 - [TEST_STEP][PASSED] - Statement - RefNo = new java.io.File(C://KatalonReference.txt): null

2018-10-20 09:17:22 - [TEST_STEP][PASSED] - Statement - bufferread = new java.io.BufferedReader(new java.io.FileReader(RefNo)): null

2018-10-20 09:17:22 - [TEST_STEP][PASSED] - Statement - readedVal = bufferread.readLine(): null

2018-10-20 09:17:22 - [TEST_STEP][PASSED] - Statement - out.println(CaseReferenceNo): null

2018-10-20 09:17:22 - [TEST_STEP][PASSED] - Statement - out.println(readedVal): null

2018-10-20 09:17:22 - [TEST_STEP][PASSED] - Statement - CaseReferenceNo = readedVal: null

2018-10-20 09:17:22 - [MESSAGE][PASSED] - Call Test Case 'Test Cases/Final Aug 2018 - PKS Automation/Common/Reference Number Getter' successfully

2018-10-20 09:17:22 - [TEST_STEP][FAILED] - callTestCase: Unable to call Test Case with id 'Test Cases/Final Aug 2018 - PKS Automation/Common/Workflow Owner Finder' (Root cause: Call Test Case 'Test Cases/Final Aug 2018 - PKS Automation/Common/Workflow Owner Finder' failed)

2018-10-20 09:17:22 - [TEST_CASE][FAILED] - Test Cases/Final Aug 2018 - PKS Automation/Common/Workflow Owner Finder: Test Cases/Final Aug 2018 - PKS Automation/Common/Workflow Owner Finder FAILED because (of) (Stack trace: com.kms.katalon.core.exception.StepFailedException: Unable to click on object 'Object Repository/Final Object Repo/Landing Page/Select to English' (Root cause: com.kms.katalon.core.webui.exception.WebElementNotFoundException: Web element with id: 'Object Repository/Final Object Repo/Landing Page/Select to English' located by 'By.xpath: //a[@class = 'taglib-language-list-text' and @lang = 'en-US' and (contains(text(), 'EN') or contains(., 'EN'))]' not found)
	at com.kms.katalon.core.keyword.internal.KeywordMain.stepFailed(KeywordMain.groovy:32)
	at com.kms.katalon.core.webui.keyword.internal.WebUIKeywordMain.stepFailed(WebUIKeywordMain.groovy:65)
	at com.kms.katalon.core.webui.keyword.internal.WebUIKeywordMain.runKeyword(WebUIKeywordMain.groovy:27)
	at com.kms.katalon.core.webui.keyword.builtin.ClickKeyword.click(ClickKeyword.groovy:86)
	at com.kms.katalon.core.webui.keyword.builtin.ClickKeyword.execute(ClickKeyword.groovy:67)
	at com.kms.katalon.core.keyword.internal.KeywordExecutor.executeKeywordForPlatform(KeywordExecutor.groovy:53)
	at com.kms.katalon.core.webui.keyword.WebUiBuiltInKeywords.click(WebUiBuiltInKeywords.groovy:604)
	at com.kms.katalon.core.webui.keyword.WebUiBuiltInKeywords$click$8.call(Unknown Source)
	at Script1534407542420.run(Script1534407542420.groovy:57)
	at com.kms.katalon.core.main.ScriptEngine.run(ScriptEngine.java:183)
	at com.kms.katalon.core.main.ScriptEngine.runScriptAsRawText(ScriptEngine.java:108)
	at com.kms.katalon.core.main.TestCaseExecutor.runScript(TestCaseExecutor.java:294)
	at com.kms.katalon.core.main.TestCaseExecutor.doExecute(TestCaseExecutor.java:285)
	at com.kms.katalon.core.main.TestCaseExecutor.processExecutionPhase(TestCaseExecutor.java:264)
	at com.kms.katalon.core.main.TestCaseExecutor.accessMainPhase(TestCaseExecutor.java:256)
	at com.kms.katalon.core.main.TestCaseExecutor.execute(TestCaseExecutor.java:200)
	at com.kms.katalon.core.main.TestCaseMain.runTestCase(TestCaseMain.java:99)
	at com.kms.katalon.core.keyword.builtin.CallTestCaseKeyword$_callTestCase_closure1.doCall(CallTestCaseKeyword.groovy:60)
	at com.kms.katalon.core.keyword.builtin.CallTestCaseKeyword$_callTestCase_closure1.call(CallTestCaseKeyword.groovy)
	at com.kms.katalon.core.keyword.internal.KeywordMain.runKeyword(KeywordMain.groovy:54)
	at com.kms.katalon.core.keyword.builtin.CallTestCaseKeyword.callTestCase(CallTestCaseKeyword.groovy:81)
	at com.kms.katalon.core.keyword.builtin.CallTestCaseKeyword.execute(CallTestCaseKeyword.groovy:45)
	at com.kms.katalon.core.keyword.internal.KeywordExecutor.executeKeywordForPlatform(KeywordExecutor.groovy:53)
	at com.kms.katalon.core.keyword.BuiltinKeywords.callTestCase(BuiltinKeywords.groovy:334)
	at sun.reflect.GeneratedMethodAccessor13.invoke(Unknown Source)
	at sun.reflect.DelegatingMethodAccessorImpl.invoke(DelegatingMethodAccessorImpl.java:43)
	at java.lang.reflect.Method.invoke(Method.java:498)
	at org.codehaus.groovy.reflection.CachedMethod.invoke(CachedMethod.java:93)
	at groovy.lang.MetaMethod.doMethodInvoke(MetaMethod.java:325)
	at groovy.lang.MetaClassImpl.invokeStaticMethod(MetaClassImpl.java:1469)
	at org.codehaus.groovy.runtime.callsite.StaticMetaClassSite.call(StaticMetaClassSite.java:53)
	at org.codehaus.groovy.runtime.callsite.CallSiteArray.defaultCall(CallSiteArray.java:48)
	at org.codehaus.groovy.runtime.callsite.AbstractCallSite.call(AbstractCallSite.java:113)
	at org.codehaus.groovy.runtime.callsite.AbstractCallSite.call(AbstractCallSite.java:141)
	at Script1536044453581.run(Script1536044453581.groovy:34)
	at com.kms.katalon.core.main.ScriptEngine.run(ScriptEngine.java:183)
	at com.kms.katalon.core.main.ScriptEngine.runScriptAsRawText(ScriptEngine.java:108)
	at com.kms.katalon.core.main.TestCaseExecutor.runScript(TestCaseExecutor.java:294)
	at com.kms.katalon.core.main.TestCaseExecutor.doExecute(TestCaseExecutor.java:285)
	at com.kms.katalon.core.main.TestCaseExecutor.processExecutionPhase(TestCaseExecutor.java:264)
	at com.kms.katalon.core.main.TestCaseExecutor.accessMainPhase(TestCaseExecutor.java:256)
	at com.kms.katalon.core.main.TestCaseExecutor.execute(TestCaseExecutor.java:200)
	at com.kms.katalon.core.main.TestCaseMain.runTestCase(TestCaseMain.java:99)
	at com.kms.katalon.core.keyword.builtin.CallTestCaseKeyword$_callTestCase_closure1.doCall(CallTestCaseKeyword.groovy:60)
	at com.kms.katalon.core.keyword.builtin.CallTestCaseKeyword$_callTestCase_closure1.call(CallTestCaseKeyword.groovy)
	at com.kms.katalon.core.keyword.internal.KeywordMain.runKeyword(KeywordMain.groovy:54)
	at com.kms.katalon.core.keyword.builtin.CallTestCaseKeyword.callTestCase(CallTestCaseKeyword.groovy:81)
	at com.kms.katalon.core.keyword.builtin.CallTestCaseKeyword.execute(CallTestCaseKeyword.groovy:45)
	at com.kms.katalon.core.keyword.internal.KeywordExecutor.executeKeywordForPlatform(KeywordExecutor.groovy:53)
	at com.kms.katalon.core.keyword.BuiltinKeywords.callTestCase(BuiltinKeywords.groovy:334)
	at sun.reflect.GeneratedMethodAccessor13.invoke(Unknown Source)
	at sun.reflect.DelegatingMethodAccessorImpl.invoke(DelegatingMethodAccessorImpl.java:43)
	at java.lang.reflect.Method.invoke(Method.java:498)
	at org.codehaus.groovy.reflection.CachedMethod.invoke(CachedMethod.java:93)
	at groovy.lang.MetaMethod.doMethodInvoke(MetaMethod.java:325)
	at groovy.lang.MetaClassImpl.invokeStaticMethod(MetaClassImpl.java:1469)
	at org.codehaus.groovy.runtime.callsite.StaticMetaClassSite.call(StaticMetaClassSite.java:53)
	at org.codehaus.groovy.runtime.callsite.CallSiteArray.defaultCall(CallSiteArray.java:48)
	at org.codehaus.groovy.runtime.callsite.AbstractCallSite.call(AbstractCallSite.java:113)
	at org.codehaus.groovy.runtime.callsite.AbstractCallSite.call(AbstractCallSite.java:141)
	at Script1536204204129.run(Script1536204204129.groovy:25)
	at com.kms.katalon.core.main.ScriptEngine.run(ScriptEngine.java:183)
	at com.kms.katalon.core.main.ScriptEngine.runScriptAsRawText(ScriptEngine.java:108)
	at com.kms.katalon.core.main.TestCaseExecutor.runScript(TestCaseExecutor.java:294)
	at com.kms.katalon.core.main.TestCaseExecutor.doExecute(TestCaseExecutor.java:285)
	at com.kms.katalon.core.main.TestCaseExecutor.processExecutionPhase(TestCaseExecutor.java:264)
	at com.kms.katalon.core.main.TestCaseExecutor.accessMainPhase(TestCaseExecutor.java:256)
	at com.kms.katalon.core.main.TestCaseExecutor.execute(TestCaseExecutor.java:200)
	at com.kms.katalon.core.main.TestSuiteExecutor.accessTestCaseMainPhase(TestSuiteExecutor.java:129)
	at com.kms.katalon.core.main.TestSuiteExecutor.accessTestSuiteMainPhase(TestSuiteExecutor.java:112)
	at com.kms.katalon.core.main.TestSuiteExecutor.execute(TestSuiteExecutor.java:81)
	at com.kms.katalon.core.main.TestCaseMain.startTestSuite(TestCaseMain.java:142)
	at com.kms.katalon.core.main.TestCaseMain$startTestSuite$0.call(Unknown Source)
	at org.codehaus.groovy.runtime.callsite.CallSiteArray.defaultCall(CallSiteArray.java:48)
	at org.codehaus.groovy.runtime.callsite.AbstractCallSite.call(AbstractCallSite.java:113)
	at org.codehaus.groovy.runtime.callsite.AbstractCallSite.call(AbstractCallSite.java:141)
	at TempTestSuite1539973930605.run(TempTestSuite1539973930605.groovy:36)
	at groovy.lang.GroovyShell.runScriptOrMainOrTestOrRunnable(GroovyShell.java:263)
	at groovy.lang.GroovyShell.run(GroovyShell.java:518)
	at groovy.lang.GroovyShell.run(GroovyShell.java:507)
	at groovy.ui.GroovyMain.processOnce(GroovyMain.java:653)
	at groovy.ui.GroovyMain.run(GroovyMain.java:384)
	at groovy.ui.GroovyMain.process(GroovyMain.java:370)
	at groovy.ui.GroovyMain.processArgs(GroovyMain.java:129)
	at groovy.ui.GroovyMain.main(GroovyMain.java:109)
	at sun.reflect.NativeMethodAccessorImpl.invoke0(Native Method)
	at sun.reflect.NativeMethodAccessorImpl.invoke(NativeMethodAccessorImpl.java:62)
	at sun.reflect.DelegatingMethodAccessorImpl.invoke(DelegatingMethodAccessorImpl.java:43)
	at java.lang.reflect.Method.invoke(Method.java:498)
	at org.codehaus.groovy.tools.GroovyStarter.rootLoader(GroovyStarter.java:109)
	at org.codehaus.groovy.tools.GroovyStarter.main(GroovyStarter.java:131)
)

2018-10-20 09:17:22 - [TEST_STEP][PASSED] - openBrowser: Browser is opened with url: ''

2018-10-20 09:17:22 - [MESSAGE][WARNING] - A browser is already opened. Closing browser and opening a new one

2018-10-20 09:17:26 - [MESSAGE][PASSED] - Browser is opened with url: ''

2018-10-20 09:17:26 - [TEST_STEP][PASSED] - navigateToUrl: Navigate to 'https://assist2-uat.perkeso.gov.my/login' successfully

2018-10-20 09:17:28 - [MESSAGE][PASSED] - Navigate to 'https://assist2-uat.perkeso.gov.my/login' successfully

2018-10-20 09:17:28 - [TEST_STEP][PASSED] - delay: Delayed 5 second(s)

2018-10-20 09:17:33 - [MESSAGE][PASSED] - Delayed 5 second(s)

2018-10-20 09:17:33 - [TEST_STEP][PASSED] - setText: Text 'test@liferay.com' is set on object 'Object Repository/Final Object Repo/Login Page/Internal User/Email Address'

2018-10-20 09:17:34 - [MESSAGE][PASSED] - Text 'test@liferay.com' is set on object 'Object Repository/Final Object Repo/Login Page/Internal User/Email Address'

2018-10-20 09:17:34 - [TEST_STEP][PASSED] - click: Object: 'Object Repository/Final Object Repo/Login Page/Internal User/Next Button' is clicked on

2018-10-20 09:17:34 - [MESSAGE][PASSED] - Object: 'Object Repository/Final Object Repo/Login Page/Internal User/Next Button' is clicked on

2018-10-20 09:17:34 - [TEST_STEP][PASSED] - delay: Delayed 2 second(s)

2018-10-20 09:17:36 - [MESSAGE][PASSED] - Delayed 2 second(s)

2018-10-20 09:17:36 - [TEST_STEP][PASSED] - setText: Text 'test' is set on object 'Object Repository/Final Object Repo/Login Page/Internal User/Password'

2018-10-20 09:17:36 - [MESSAGE][PASSED] - Text 'test' is set on object 'Object Repository/Final Object Repo/Login Page/Internal User/Password'

2018-10-20 09:17:36 - [TEST_STEP][PASSED] - delay: Delayed 2 second(s)

2018-10-20 09:17:38 - [MESSAGE][PASSED] - Delayed 2 second(s)

2018-10-20 09:17:38 - [TEST_STEP][PASSED] - click: Object: 'Object Repository/Final Object Repo/Login Page/Internal User/Login Button' is clicked on

2018-10-20 09:17:38 - [MESSAGE][PASSED] - Object: 'Object Repository/Final Object Repo/Login Page/Internal User/Login Button' is clicked on

2018-10-20 09:17:38 - [TEST_STEP][FAILED] - Statement - Try: Delayed 2 second(s)

2018-10-20 09:17:38 - [TEST_STEP][PASSED] - Statement - Checker = false: null

2018-10-20 09:17:38 - [TEST_STEP][PASSED] - Statement - Checker = com.kms.katalon.core.webui.keyword.WebUiBuiltInKeywords.verifyElementHasAttribute(com.kms.katalon.core.testobject.ObjectRepository.findTestObject(Final Object Repo/Landing Page/BM Detecting), "href", 20, OPTIONAL): Unable to verify if object 'Object Repository/Final Object Repo/Landing Page/BM Detecting' has attribute 'href' (Root cause: org.openqa.selenium.StaleElementReferenceException: stale element reference: element is not attached to the page document
  (Session info: chrome=69.0.3497.100)
  (Driver info: chromedriver=2.35.528161 (5b82f2d2aae0ca24b877009200ced9065a772e73),platform=Windows NT 6.1.7601 SP1 x86_64) (WARNING: The server did not provide any stacktrace information)
Command duration or timeout: 0 milliseconds
For documentation on this error, please visit: http://seleniumhq.org/exceptions/stale_element_reference.html
Build info: version: '3.7.1', revision: '8a0099a', time: '2017-11-06T21:07:36.161Z'
System info: host: 'WEIZHENG', ip: '192.168.137.1', os.name: 'Windows 7', os.arch: 'amd64', os.version: '6.1', java.version: '1.8.0_181'
Driver info: com.kms.katalon.selenium.driver.CChromeDriver
Capabilities {acceptInsecureCerts: false, acceptSslCerts: false, applicationCacheEnabled: false, browserConnectionEnabled: false, browserName: chrome, chrome: {chromedriverVersion: 2.35.528161 (5b82f2d2aae0ca..., userDataDir: C:\Users\WEIZHE~1\AppData\L...}, cssSelectorsEnabled: true, databaseEnabled: false, handlesAlerts: true, hasTouchScreen: false, javascriptEnabled: true, locationContextEnabled: true, mobileEmulationEnabled: false, nativeEvents: true, networkConnectionEnabled: false, pageLoadStrategy: normal, platform: XP, platformName: XP, rotatable: false, setWindowRect: true, takesHeapSnapshot: true, takesScreenshot: true, unexpectedAlertBehaviour: , unhandledPromptBehavior: , version: 69.0.3497.100, webStorageEnabled: true}
Session ID: 3b232cd7a113ee4f550ff9b3be048e0d)

2018-10-20 09:17:41 - [MESSAGE][WARNING] - Unable to verify if object 'Object Repository/Final Object Repo/Landing Page/BM Detecting' has attribute 'href' (Root cause: org.openqa.selenium.StaleElementReferenceException: stale element reference: element is not attached to the page document
  (Session info: chrome=69.0.3497.100)
  (Driver info: chromedriver=2.35.528161 (5b82f2d2aae0ca24b877009200ced9065a772e73),platform=Windows NT 6.1.7601 SP1 x86_64) (WARNING: The server did not provide any stacktrace information)
Command duration or timeout: 0 milliseconds
For documentation on this error, please visit: http://seleniumhq.org/exceptions/stale_element_reference.html
Build info: version: '3.7.1', revision: '8a0099a', time: '2017-11-06T21:07:36.161Z'
System info: host: 'WEIZHENG', ip: '192.168.137.1', os.name: 'Windows 7', os.arch: 'amd64', os.version: '6.1', java.version: '1.8.0_181'
Driver info: com.kms.katalon.selenium.driver.CChromeDriver
Capabilities {acceptInsecureCerts: false, acceptSslCerts: false, applicationCacheEnabled: false, browserConnectionEnabled: false, browserName: chrome, chrome: {chromedriverVersion: 2.35.528161 (5b82f2d2aae0ca..., userDataDir: C:\Users\WEIZHE~1\AppData\L...}, cssSelectorsEnabled: true, databaseEnabled: false, handlesAlerts: true, hasTouchScreen: false, javascriptEnabled: true, locationContextEnabled: true, mobileEmulationEnabled: false, nativeEvents: true, networkConnectionEnabled: false, pageLoadStrategy: normal, platform: XP, platformName: XP, rotatable: false, setWindowRect: true, takesHeapSnapshot: true, takesScreenshot: true, unexpectedAlertBehaviour: , unhandledPromptBehavior: , version: 69.0.3497.100, webStorageEnabled: true}
Session ID: 3b232cd7a113ee4f550ff9b3be048e0d)
[[ATTACHMENT|C:\\Users\\LENOVO\\Katalon Studio\\Perkeso Phase A\\Reports\\Workflow\\Form 3 EIS - Cessation as Employer\\20181020_023210\\1539998261530.png]]

2018-10-20 09:17:41 - [TEST_STEP][PASSED] - Statement - out.println(Checker): null

2018-10-20 09:17:41 - [TEST_STEP][FAILED] - Statement - If (Checker == false): Unable to click on object 'Object Repository/Final Object Repo/Landing Page/Select to English' (Root cause: com.kms.katalon.core.webui.exception.WebElementNotFoundException: Web element with id: 'Object Repository/Final Object Repo/Landing Page/Select to English' located by 'By.xpath: //a[@class = 'taglib-language-list-text' and @lang = 'en-US' and (contains(text(), 'EN') or contains(., 'EN'))]' not found)

2018-10-20 09:17:41 - [TEST_STEP][FAILED] - click: Unable to click on object 'Object Repository/Final Object Repo/Landing Page/Select to English' (Root cause: com.kms.katalon.core.webui.exception.WebElementNotFoundException: Web element with id: 'Object Repository/Final Object Repo/Landing Page/Select to English' located by 'By.xpath: //a[@class = 'taglib-language-list-text' and @lang = 'en-US' and (contains(text(), 'EN') or contains(., 'EN'))]' not found)

2018-10-20 09:19:58 - [MESSAGE][FAILED] - Unable to click on object 'Object Repository/Final Object Repo/Landing Page/Select to English' (Root cause: com.kms.katalon.core.webui.exception.WebElementNotFoundException: Web element with id: 'Object Repository/Final Object Repo/Landing Page/Select to English' located by 'By.xpath: //a[@class = 'taglib-language-list-text' and @lang = 'en-US' and (contains(text(), 'EN') or contains(., 'EN'))]' not found)
[[ATTACHMENT|C:\\Users\\LENOVO\\Katalon Studio\\Perkeso Phase A\\Reports\\Workflow\\Form 3 EIS - Cessation as Employer\\20181020_023210\\1539998398582.png]]

2018-10-20 09:19:58 - [TEST_STEP][PASSED] - delay: Delayed 2 second(s)

2018-10-20 09:20:00 - [MESSAGE][PASSED] - Delayed 2 second(s)

2018-10-20 09:20:00 - [TEST_STEP][PASSED] - delay: Delayed 3 second(s)

2018-10-20 09:20:03 - [MESSAGE][PASSED] - Delayed 3 second(s)

2018-10-20 09:20:03 - [TEST_STEP][PASSED] - click: Object: 'Object Repository/Final Object Repo/Landing Page/WorkFlow Menu' is clicked on

2018-10-20 09:20:04 - [MESSAGE][PASSED] - Object: 'Object Repository/Final Object Repo/Landing Page/WorkFlow Menu' is clicked on

2018-10-20 09:20:04 - [TEST_STEP][PASSED] - delay: Delayed 2 second(s)

2018-10-20 09:20:06 - [MESSAGE][PASSED] - Delayed 2 second(s)

2018-10-20 09:20:06 - [TEST_STEP][FAILED] - click: Unable to click on object 'Object Repository/Final Object Repo/Landing Page/Select to Workflow Listing' (Root cause: org.openqa.selenium.ElementNotVisibleException: element not visible
  (Session info: chrome=69.0.3497.100)
  (Driver info: chromedriver=2.35.528161 (5b82f2d2aae0ca24b877009200ced9065a772e73),platform=Windows NT 6.1.7601 SP1 x86_64) (WARNING: The server did not provide any stacktrace information)
Command duration or timeout: 0 milliseconds
Build info: version: '3.7.1', revision: '8a0099a', time: '2017-11-06T21:07:36.161Z'
System info: host: 'WEIZHENG', ip: '192.168.137.1', os.name: 'Windows 7', os.arch: 'amd64', os.version: '6.1', java.version: '1.8.0_181'
Driver info: com.kms.katalon.selenium.driver.CChromeDriver
Capabilities {acceptInsecureCerts: false, acceptSslCerts: false, applicationCacheEnabled: false, browserConnectionEnabled: false, browserName: chrome, chrome: {chromedriverVersion: 2.35.528161 (5b82f2d2aae0ca..., userDataDir: C:\Users\WEIZHE~1\AppData\L...}, cssSelectorsEnabled: true, databaseEnabled: false, handlesAlerts: true, hasTouchScreen: false, javascriptEnabled: true, locationContextEnabled: true, mobileEmulationEnabled: false, nativeEvents: true, networkConnectionEnabled: false, pageLoadStrategy: normal, platform: XP, platformName: XP, rotatable: false, setWindowRect: true, takesHeapSnapshot: true, takesScreenshot: true, unexpectedAlertBehaviour: , unhandledPromptBehavior: , version: 69.0.3497.100, webStorageEnabled: true}
Session ID: 3b232cd7a113ee4f550ff9b3be048e0d)

2018-10-20 09:20:06 - [MESSAGE][FAILED] - Unable to click on object 'Object Repository/Final Object Repo/Landing Page/Select to Workflow Listing' (Root cause: org.openqa.selenium.ElementNotVisibleException: element not visible
  (Session info: chrome=69.0.3497.100)
  (Driver info: chromedriver=2.35.528161 (5b82f2d2aae0ca24b877009200ced9065a772e73),platform=Windows NT 6.1.7601 SP1 x86_64) (WARNING: The server did not provide any stacktrace information)
Command duration or timeout: 0 milliseconds
Build info: version: '3.7.1', revision: '8a0099a', time: '2017-11-06T21:07:36.161Z'
System info: host: 'WEIZHENG', ip: '192.168.137.1', os.name: 'Windows 7', os.arch: 'amd64', os.version: '6.1', java.version: '1.8.0_181'
Driver info: com.kms.katalon.selenium.driver.CChromeDriver
Capabilities {acceptInsecureCerts: false, acceptSslCerts: false, applicationCacheEnabled: false, browserConnectionEnabled: false, browserName: chrome, chrome: {chromedriverVersion: 2.35.528161 (5b82f2d2aae0ca..., userDataDir: C:\Users\WEIZHE~1\AppData\L...}, cssSelectorsEnabled: true, databaseEnabled: false, handlesAlerts: true, hasTouchScreen: false, javascriptEnabled: true, locationContextEnabled: true, mobileEmulationEnabled: false, nativeEvents: true, networkConnectionEnabled: false, pageLoadStrategy: normal, platform: XP, platformName: XP, rotatable: false, setWindowRect: true, takesHeapSnapshot: true, takesScreenshot: true, unexpectedAlertBehaviour: , unhandledPromptBehavior: , version: 69.0.3497.100, webStorageEnabled: true}
Session ID: 3b232cd7a113ee4f550ff9b3be048e0d)
[[ATTACHMENT|C:\\Users\\LENOVO\\Katalon Studio\\Perkeso Phase A\\Reports\\Workflow\\Form 3 EIS - Cessation as Employer\\20181020_023210\\1539998406166.png]]

2018-10-20 09:20:06 - [TEST_STEP][PASSED] - delay: Delayed 2 second(s)

2018-10-20 09:20:08 - [MESSAGE][PASSED] - Delayed 2 second(s)

2018-10-20 09:20:08 - [TEST_STEP][FAILED] - click: Unable to click on object 'Object Repository/Final Object Repo/WorkFlow Listing Page/Search Information - To Put Ref No' (Root cause: com.kms.katalon.core.webui.exception.WebElementNotFoundException: Web element with id: 'Object Repository/Final Object Repo/WorkFlow Listing Page/Search Information - To Put Ref No' located by 'By.xpath: //h2[@data-target = '#_workflowlisting_WAR_baseportlet_searchDiv' and (text() = 'Search Information' or . = 'Search Information')]' not found)

2018-10-20 09:22:18 - [MESSAGE][FAILED] - Unable to click on object 'Object Repository/Final Object Repo/WorkFlow Listing Page/Search Information - To Put Ref No' (Root cause: com.kms.katalon.core.webui.exception.WebElementNotFoundException: Web element with id: 'Object Repository/Final Object Repo/WorkFlow Listing Page/Search Information - To Put Ref No' located by 'By.xpath: //h2[@data-target = '#_workflowlisting_WAR_baseportlet_searchDiv' and (text() = 'Search Information' or . = 'Search Information')]' not found)
[[ATTACHMENT|C:\\Users\\LENOVO\\Katalon Studio\\Perkeso Phase A\\Reports\\Workflow\\Form 3 EIS - Cessation as Employer\\20181020_023210\\1539998538434.png]]

2018-10-20 09:22:18 - [TEST_STEP][PASSED] - delay: Delayed 2 second(s)

2018-10-20 09:22:20 - [MESSAGE][PASSED] - Delayed 2 second(s)

2018-10-20 09:22:20 - [TEST_STEP][PASSED] - callTestCase: Call Test Case 'Test Cases/Final Aug 2018 - PKS Automation/Common/Reference Number Getter' successfully

2018-10-20 09:22:20 - [TEST_CASE][PASSED] - Test Cases/Final Aug 2018 - PKS Automation/Common/Reference Number Getter: Test Cases/Final Aug 2018 - PKS Automation/Common/Reference Number Getter

2018-10-20 09:22:20 - [TEST_STEP][PASSED] - Statement - Try: null

2018-10-20 09:22:20 - [TEST_STEP][PASSED] - Statement - RefNo = new java.io.File(C://KatalonReference.txt): null

2018-10-20 09:22:20 - [TEST_STEP][PASSED] - Statement - bufferread = new java.io.BufferedReader(new java.io.FileReader(RefNo)): null

2018-10-20 09:22:20 - [TEST_STEP][PASSED] - Statement - readedVal = bufferread.readLine(): null

2018-10-20 09:22:20 - [TEST_STEP][PASSED] - Statement - out.println(CaseReferenceNo): null

2018-10-20 09:22:20 - [TEST_STEP][PASSED] - Statement - out.println(readedVal): null

2018-10-20 09:22:20 - [TEST_STEP][PASSED] - Statement - CaseReferenceNo = readedVal: null

2018-10-20 09:22:20 - [MESSAGE][PASSED] - Call Test Case 'Test Cases/Final Aug 2018 - PKS Automation/Common/Reference Number Getter' successfully

2018-10-20 09:22:20 - [TEST_STEP][FAILED] - setText: Unable to set text 'ERN102018C200002180ERN102018C200002181' of object 'Object Repository/Final Object Repo/WorkFlow Listing Page/Ref No Set Text' (Root cause: com.kms.katalon.core.webui.exception.WebElementNotFoundException: Web element with id: 'Object Repository/Final Object Repo/WorkFlow Listing Page/Ref No Set Text' located by 'By.xpath: //input[@id = '_workflowlisting_WAR_baseportlet_dto.trxReferenceNum' and @name = '_workflowlisting_WAR_baseportlet_dto.trxReferenceNum' and @type = 'text']' not found)

2018-10-20 09:24:31 - [MESSAGE][FAILED] - Unable to set text 'ERN102018C200002180ERN102018C200002181' of object 'Object Repository/Final Object Repo/WorkFlow Listing Page/Ref No Set Text' (Root cause: com.kms.katalon.core.webui.exception.WebElementNotFoundException: Web element with id: 'Object Repository/Final Object Repo/WorkFlow Listing Page/Ref No Set Text' located by 'By.xpath: //input[@id = '_workflowlisting_WAR_baseportlet_dto.trxReferenceNum' and @name = '_workflowlisting_WAR_baseportlet_dto.trxReferenceNum' and @type = 'text']' not found)
[[ATTACHMENT|C:\\Users\\LENOVO\\Katalon Studio\\Perkeso Phase A\\Reports\\Workflow\\Form 3 EIS - Cessation as Employer\\20181020_023210\\1539998670968.png]]

2018-10-20 09:24:31 - [TEST_STEP][PASSED] - delay: Delayed 2 second(s)

2018-10-20 09:24:33 - [MESSAGE][PASSED] - Delayed 2 second(s)

2018-10-20 09:24:33 - [TEST_STEP][FAILED] - click: Unable to click on object 'Object Repository/Final Object Repo/WorkFlow Listing Page/Search Ref No Search Button' (Root cause: org.openqa.selenium.ElementNotVisibleException: element not visible
  (Session info: chrome=69.0.3497.100)
  (Driver info: chromedriver=2.35.528161 (5b82f2d2aae0ca24b877009200ced9065a772e73),platform=Windows NT 6.1.7601 SP1 x86_64) (WARNING: The server did not provide any stacktrace information)
Command duration or timeout: 0 milliseconds
Build info: version: '3.7.1', revision: '8a0099a', time: '2017-11-06T21:07:36.161Z'
System info: host: 'WEIZHENG', ip: '192.168.137.1', os.name: 'Windows 7', os.arch: 'amd64', os.version: '6.1', java.version: '1.8.0_181'
Driver info: com.kms.katalon.selenium.driver.CChromeDriver
Capabilities {acceptInsecureCerts: false, acceptSslCerts: false, applicationCacheEnabled: false, browserConnectionEnabled: false, browserName: chrome, chrome: {chromedriverVersion: 2.35.528161 (5b82f2d2aae0ca..., userDataDir: C:\Users\WEIZHE~1\AppData\L...}, cssSelectorsEnabled: true, databaseEnabled: false, handlesAlerts: true, hasTouchScreen: false, javascriptEnabled: true, locationContextEnabled: true, mobileEmulationEnabled: false, nativeEvents: true, networkConnectionEnabled: false, pageLoadStrategy: normal, platform: XP, platformName: XP, rotatable: false, setWindowRect: true, takesHeapSnapshot: true, takesScreenshot: true, unexpectedAlertBehaviour: , unhandledPromptBehavior: , version: 69.0.3497.100, webStorageEnabled: true}
Session ID: 3b232cd7a113ee4f550ff9b3be048e0d)

2018-10-20 09:24:33 - [MESSAGE][FAILED] - Unable to click on object 'Object Repository/Final Object Repo/WorkFlow Listing Page/Search Ref No Search Button' (Root cause: org.openqa.selenium.ElementNotVisibleException: element not visible
  (Session info: chrome=69.0.3497.100)
  (Driver info: chromedriver=2.35.528161 (5b82f2d2aae0ca24b877009200ced9065a772e73),platform=Windows NT 6.1.7601 SP1 x86_64) (WARNING: The server did not provide any stacktrace information)
Command duration or timeout: 0 milliseconds
Build info: version: '3.7.1', revision: '8a0099a', time: '2017-11-06T21:07:36.161Z'
System info: host: 'WEIZHENG', ip: '192.168.137.1', os.name: 'Windows 7', os.arch: 'amd64', os.version: '6.1', java.version: '1.8.0_181'
Driver info: com.kms.katalon.selenium.driver.CChromeDriver
Capabilities {acceptInsecureCerts: false, acceptSslCerts: false, applicationCacheEnabled: false, browserConnectionEnabled: false, browserName: chrome, chrome: {chromedriverVersion: 2.35.528161 (5b82f2d2aae0ca..., userDataDir: C:\Users\WEIZHE~1\AppData\L...}, cssSelectorsEnabled: true, databaseEnabled: false, handlesAlerts: true, hasTouchScreen: false, javascriptEnabled: true, locationContextEnabled: true, mobileEmulationEnabled: false, nativeEvents: true, networkConnectionEnabled: false, pageLoadStrategy: normal, platform: XP, platformName: XP, rotatable: false, setWindowRect: true, takesHeapSnapshot: true, takesScreenshot: true, unexpectedAlertBehaviour: , unhandledPromptBehavior: , version: 69.0.3497.100, webStorageEnabled: true}
Session ID: 3b232cd7a113ee4f550ff9b3be048e0d)
[[ATTACHMENT|C:\\Users\\LENOVO\\Katalon Studio\\Perkeso Phase A\\Reports\\Workflow\\Form 3 EIS - Cessation as Employer\\20181020_023210\\1539998673378.png]]

2018-10-20 09:24:33 - [TEST_STEP][PASSED] - delay: Delayed 4 second(s)

2018-10-20 09:24:37 - [MESSAGE][PASSED] - Delayed 4 second(s)

2018-10-20 09:24:37 - [TEST_STEP][PASSED] - click: Object: 'Object Repository/Final Object Repo/WorkFlow Listing Page/Click Continue Tooltip' is clicked on

2018-10-20 09:24:39 - [MESSAGE][PASSED] - Object: 'Object Repository/Final Object Repo/WorkFlow Listing Page/Click Continue Tooltip' is clicked on

2018-10-20 09:24:39 - [TEST_STEP][PASSED] - delay: Delayed 5 second(s)

2018-10-20 09:24:44 - [MESSAGE][PASSED] - Delayed 5 second(s)

2018-10-20 09:24:44 - [TEST_STEP][FAILED] - doubleClick: Unable to double click on object 'Object Repository/Final Object Repo/WorkFlow Listing Page/Workflow Found - Listing 1' (Root cause: com.kms.katalon.core.webui.exception.WebElementNotFoundException: Web element with id: 'Object Repository/Final Object Repo/WorkFlow Listing Page/Workflow Found - Listing 1' located by 'By.xpath: //body/div/div/div/div/div/div/div/div/div/div/div/div/div/div/div/div/table/tbody/tr/td[@class='table-cell  first']/following-sibling::td[1]' not found)

2018-10-20 09:26:54 - [MESSAGE][FAILED] - Unable to double click on object 'Object Repository/Final Object Repo/WorkFlow Listing Page/Workflow Found - Listing 1' (Root cause: com.kms.katalon.core.webui.exception.WebElementNotFoundException: Web element with id: 'Object Repository/Final Object Repo/WorkFlow Listing Page/Workflow Found - Listing 1' located by 'By.xpath: //body/div/div/div/div/div/div/div/div/div/div/div/div/div/div/div/div/table/tbody/tr/td[@class='table-cell  first']/following-sibling::td[1]' not found)
[[ATTACHMENT|C:\\Users\\LENOVO\\Katalon Studio\\Perkeso Phase A\\Reports\\Workflow\\Form 3 EIS - Cessation as Employer\\20181020_023210\\1539998813924.png]]

2018-10-20 09:26:54 - [MESSAGE][FAILED] - Unable to call Test Case with id 'Test Cases/Final Aug 2018 - PKS Automation/Common/Workflow Owner Finder' (Root cause: Call Test Case 'Test Cases/Final Aug 2018 - PKS Automation/Common/Workflow Owner Finder' failed)

2018-10-20 09:26:54 - [MESSAGE][FAILED] - Unable to call Test Case with id 'Test Cases/Final Aug 2018 - PKS Automation/Registration Module/Workflow/Form 3 EIS - Cessation As Employer/Template/Form 3 A - Cessation As Employer (Reject)' (Root cause: Call Test Case 'Test Cases/Final Aug 2018 - PKS Automation/Registration Module/Workflow/Form 3 EIS - Cessation As Employer/Template/Form 3 A - Cessation As Employer (Reject)' failed)]]></system-out>
         <system-err><![CDATA[2018-10-20 09:16:19 - [TEST_CASE][FAILED] - Test Cases/Final Aug 2018 - PKS Automation/Registration Module/Workflow/Form 3 EIS - Cessation As Employer/OTC to UO (Reject): Test Cases/Final Aug 2018 - PKS Automation/Registration Module/Workflow/Form 3 EIS - Cessation As Employer/OTC to UO (Reject) FAILED because (of) (Stack trace: com.kms.katalon.core.exception.StepFailedException: Unable to click on object 'Object Repository/Final Object Repo/Landing Page/Select to English' (Root cause: com.kms.katalon.core.webui.exception.WebElementNotFoundException: Web element with id: 'Object Repository/Final Object Repo/Landing Page/Select to English' located by 'By.xpath: //a[@class = 'taglib-language-list-text' and @lang = 'en-US' and (contains(text(), 'EN') or contains(., 'EN'))]' not found)
	at com.kms.katalon.core.keyword.internal.KeywordMain.stepFailed(KeywordMain.groovy:32)
	at com.kms.katalon.core.webui.keyword.internal.WebUIKeywordMain.stepFailed(WebUIKeywordMain.groovy:65)
	at com.kms.katalon.core.webui.keyword.internal.WebUIKeywordMain.runKeyword(WebUIKeywordMain.groovy:27)
	at com.kms.katalon.core.webui.keyword.builtin.ClickKeyword.click(ClickKeyword.groovy:86)
	at com.kms.katalon.core.webui.keyword.builtin.ClickKeyword.execute(ClickKeyword.groovy:67)
	at com.kms.katalon.core.keyword.internal.KeywordExecutor.executeKeywordForPlatform(KeywordExecutor.groovy:53)
	at com.kms.katalon.core.webui.keyword.WebUiBuiltInKeywords.click(WebUiBuiltInKeywords.groovy:604)
	at com.kms.katalon.core.webui.keyword.WebUiBuiltInKeywords$click$8.call(Unknown Source)
	at Script1534407542420.run(Script1534407542420.groovy:57)
	at com.kms.katalon.core.main.ScriptEngine.run(ScriptEngine.java:183)
	at com.kms.katalon.core.main.ScriptEngine.runScriptAsRawText(ScriptEngine.java:108)
	at com.kms.katalon.core.main.TestCaseExecutor.runScript(TestCaseExecutor.java:294)
	at com.kms.katalon.core.main.TestCaseExecutor.doExecute(TestCaseExecutor.java:285)
	at com.kms.katalon.core.main.TestCaseExecutor.processExecutionPhase(TestCaseExecutor.java:264)
	at com.kms.katalon.core.main.TestCaseExecutor.accessMainPhase(TestCaseExecutor.java:256)
	at com.kms.katalon.core.main.TestCaseExecutor.execute(TestCaseExecutor.java:200)
	at com.kms.katalon.core.main.TestCaseMain.runTestCase(TestCaseMain.java:99)
	at com.kms.katalon.core.keyword.builtin.CallTestCaseKeyword$_callTestCase_closure1.doCall(CallTestCaseKeyword.groovy:60)
	at com.kms.katalon.core.keyword.builtin.CallTestCaseKeyword$_callTestCase_closure1.call(CallTestCaseKeyword.groovy)
	at com.kms.katalon.core.keyword.internal.KeywordMain.runKeyword(KeywordMain.groovy:54)
	at com.kms.katalon.core.keyword.builtin.CallTestCaseKeyword.callTestCase(CallTestCaseKeyword.groovy:81)
	at com.kms.katalon.core.keyword.builtin.CallTestCaseKeyword.execute(CallTestCaseKeyword.groovy:45)
	at com.kms.katalon.core.keyword.internal.KeywordExecutor.executeKeywordForPlatform(KeywordExecutor.groovy:53)
	at com.kms.katalon.core.keyword.BuiltinKeywords.callTestCase(BuiltinKeywords.groovy:334)
	at sun.reflect.GeneratedMethodAccessor13.invoke(Unknown Source)
	at sun.reflect.DelegatingMethodAccessorImpl.invoke(DelegatingMethodAccessorImpl.java:43)
	at java.lang.reflect.Method.invoke(Method.java:498)
	at org.codehaus.groovy.reflection.CachedMethod.invoke(CachedMethod.java:93)
	at groovy.lang.MetaMethod.doMethodInvoke(MetaMethod.java:325)
	at groovy.lang.MetaClassImpl.invokeStaticMethod(MetaClassImpl.java:1469)
	at org.codehaus.groovy.runtime.callsite.StaticMetaClassSite.call(StaticMetaClassSite.java:53)
	at org.codehaus.groovy.runtime.callsite.CallSiteArray.defaultCall(CallSiteArray.java:48)
	at org.codehaus.groovy.runtime.callsite.AbstractCallSite.call(AbstractCallSite.java:113)
	at org.codehaus.groovy.runtime.callsite.AbstractCallSite.call(AbstractCallSite.java:141)
	at Script1536044453581.run(Script1536044453581.groovy:34)
	at com.kms.katalon.core.main.ScriptEngine.run(ScriptEngine.java:183)
	at com.kms.katalon.core.main.ScriptEngine.runScriptAsRawText(ScriptEngine.java:108)
	at com.kms.katalon.core.main.TestCaseExecutor.runScript(TestCaseExecutor.java:294)
	at com.kms.katalon.core.main.TestCaseExecutor.doExecute(TestCaseExecutor.java:285)
	at com.kms.katalon.core.main.TestCaseExecutor.processExecutionPhase(TestCaseExecutor.java:264)
	at com.kms.katalon.core.main.TestCaseExecutor.accessMainPhase(TestCaseExecutor.java:256)
	at com.kms.katalon.core.main.TestCaseExecutor.execute(TestCaseExecutor.java:200)
	at com.kms.katalon.core.main.TestCaseMain.runTestCase(TestCaseMain.java:99)
	at com.kms.katalon.core.keyword.builtin.CallTestCaseKeyword$_callTestCase_closure1.doCall(CallTestCaseKeyword.groovy:60)
	at com.kms.katalon.core.keyword.builtin.CallTestCaseKeyword$_callTestCase_closure1.call(CallTestCaseKeyword.groovy)
	at com.kms.katalon.core.keyword.internal.KeywordMain.runKeyword(KeywordMain.groovy:54)
	at com.kms.katalon.core.keyword.builtin.CallTestCaseKeyword.callTestCase(CallTestCaseKeyword.groovy:81)
	at com.kms.katalon.core.keyword.builtin.CallTestCaseKeyword.execute(CallTestCaseKeyword.groovy:45)
	at com.kms.katalon.core.keyword.internal.KeywordExecutor.executeKeywordForPlatform(KeywordExecutor.groovy:53)
	at com.kms.katalon.core.keyword.BuiltinKeywords.callTestCase(BuiltinKeywords.groovy:334)
	at sun.reflect.GeneratedMethodAccessor13.invoke(Unknown Source)
	at sun.reflect.DelegatingMethodAccessorImpl.invoke(DelegatingMethodAccessorImpl.java:43)
	at java.lang.reflect.Method.invoke(Method.java:498)
	at org.codehaus.groovy.reflection.CachedMethod.invoke(CachedMethod.java:93)
	at groovy.lang.MetaMethod.doMethodInvoke(MetaMethod.java:325)
	at groovy.lang.MetaClassImpl.invokeStaticMethod(MetaClassImpl.java:1469)
	at org.codehaus.groovy.runtime.callsite.StaticMetaClassSite.call(StaticMetaClassSite.java:53)
	at org.codehaus.groovy.runtime.callsite.CallSiteArray.defaultCall(CallSiteArray.java:48)
	at org.codehaus.groovy.runtime.callsite.AbstractCallSite.call(AbstractCallSite.java:113)
	at org.codehaus.groovy.runtime.callsite.AbstractCallSite.call(AbstractCallSite.java:141)
	at Script1536204204129.run(Script1536204204129.groovy:25)
	at com.kms.katalon.core.main.ScriptEngine.run(ScriptEngine.java:183)
	at com.kms.katalon.core.main.ScriptEngine.runScriptAsRawText(ScriptEngine.java:108)
	at com.kms.katalon.core.main.TestCaseExecutor.runScript(TestCaseExecutor.java:294)
	at com.kms.katalon.core.main.TestCaseExecutor.doExecute(TestCaseExecutor.java:285)
	at com.kms.katalon.core.main.TestCaseExecutor.processExecutionPhase(TestCaseExecutor.java:264)
	at com.kms.katalon.core.main.TestCaseExecutor.accessMainPhase(TestCaseExecutor.java:256)
	at com.kms.katalon.core.main.TestCaseExecutor.execute(TestCaseExecutor.java:200)
	at com.kms.katalon.core.main.TestSuiteExecutor.accessTestCaseMainPhase(TestSuiteExecutor.java:129)
	at com.kms.katalon.core.main.TestSuiteExecutor.accessTestSuiteMainPhase(TestSuiteExecutor.java:112)
	at com.kms.katalon.core.main.TestSuiteExecutor.execute(TestSuiteExecutor.java:81)
	at com.kms.katalon.core.main.TestCaseMain.startTestSuite(TestCaseMain.java:142)
	at com.kms.katalon.core.main.TestCaseMain$startTestSuite$0.call(Unknown Source)
	at org.codehaus.groovy.runtime.callsite.CallSiteArray.defaultCall(CallSiteArray.java:48)
	at org.codehaus.groovy.runtime.callsite.AbstractCallSite.call(AbstractCallSite.java:113)
	at org.codehaus.groovy.runtime.callsite.AbstractCallSite.call(AbstractCallSite.java:141)
	at TempTestSuite1539973930605.run(TempTestSuite1539973930605.groovy:36)
	at groovy.lang.GroovyShell.runScriptOrMainOrTestOrRunnable(GroovyShell.java:263)
	at groovy.lang.GroovyShell.run(GroovyShell.java:518)
	at groovy.lang.GroovyShell.run(GroovyShell.java:507)
	at groovy.ui.GroovyMain.processOnce(GroovyMain.java:653)
	at groovy.ui.GroovyMain.run(GroovyMain.java:384)
	at groovy.ui.GroovyMain.process(GroovyMain.java:370)
	at groovy.ui.GroovyMain.processArgs(GroovyMain.java:129)
	at groovy.ui.GroovyMain.main(GroovyMain.java:109)
	at sun.reflect.NativeMethodAccessorImpl.invoke0(Native Method)
	at sun.reflect.NativeMethodAccessorImpl.invoke(NativeMethodAccessorImpl.java:62)
	at sun.reflect.DelegatingMethodAccessorImpl.invoke(DelegatingMethodAccessorImpl.java:43)
	at java.lang.reflect.Method.invoke(Method.java:498)
	at org.codehaus.groovy.tools.GroovyStarter.rootLoader(GroovyStarter.java:109)
	at org.codehaus.groovy.tools.GroovyStarter.main(GroovyStarter.java:131)
)]]></system-err>
      </testcase>
      <testcase name="Test Cases/Final Aug 2018 - PKS Automation/Registration Module/Workflow/Form 3 EIS - Cessation As Employer/OTC to UO (Under enforcement)" classname="Test Cases/Final Aug 2018 - PKS Automation/Registration Module/Workflow/Form 3 EIS - Cessation As Employer/OTC to UO (Under enforcement)" status="FAILED">
         <failure type="FAILED" message="(Stack trace: com.kms.katalon.core.exception.StepFailedException: Unable to click on object 'Object Repository/Final Object Repo/Landing Page/Select to English' (Root cause: com.kms.katalon.core.webui.exception.WebElementNotFoundException: Web element with id: 'Object Repository/Final Object Repo/Landing Page/Select to English' located by 'By.xpath: //a[@class = 'taglib-language-list-text' and @lang = 'en-US' and (contains(text(), 'EN') or contains(., 'EN'))]' not found)
	at com.kms.katalon.core.keyword.internal.KeywordMain.stepFailed(KeywordMain.groovy:32)
	at com.kms.katalon.core.webui.keyword.internal.WebUIKeywordMain.stepFailed(WebUIKeywordMain.groovy:65)
	at com.kms.katalon.core.webui.keyword.internal.WebUIKeywordMain.runKeyword(WebUIKeywordMain.groovy:27)
	at com.kms.katalon.core.webui.keyword.builtin.ClickKeyword.click(ClickKeyword.groovy:86)
	at com.kms.katalon.core.webui.keyword.builtin.ClickKeyword.execute(ClickKeyword.groovy:67)
	at com.kms.katalon.core.keyword.internal.KeywordExecutor.executeKeywordForPlatform(KeywordExecutor.groovy:53)
	at com.kms.katalon.core.webui.keyword.WebUiBuiltInKeywords.click(WebUiBuiltInKeywords.groovy:604)
	at com.kms.katalon.core.webui.keyword.WebUiBuiltInKeywords$click$8.call(Unknown Source)
	at Script1534407542420.run(Script1534407542420.groovy:57)
	at com.kms.katalon.core.main.ScriptEngine.run(ScriptEngine.java:183)
	at com.kms.katalon.core.main.ScriptEngine.runScriptAsRawText(ScriptEngine.java:108)
	at com.kms.katalon.core.main.TestCaseExecutor.runScript(TestCaseExecutor.java:294)
	at com.kms.katalon.core.main.TestCaseExecutor.doExecute(TestCaseExecutor.java:285)
	at com.kms.katalon.core.main.TestCaseExecutor.processExecutionPhase(TestCaseExecutor.java:264)
	at com.kms.katalon.core.main.TestCaseExecutor.accessMainPhase(TestCaseExecutor.java:256)
	at com.kms.katalon.core.main.TestCaseExecutor.execute(TestCaseExecutor.java:200)
	at com.kms.katalon.core.main.TestCaseMain.runTestCase(TestCaseMain.java:99)
	at com.kms.katalon.core.keyword.builtin.CallTestCaseKeyword$_callTestCase_closure1.doCall(CallTestCaseKeyword.groovy:60)
	at com.kms.katalon.core.keyword.builtin.CallTestCaseKeyword$_callTestCase_closure1.call(CallTestCaseKeyword.groovy)
	at com.kms.katalon.core.keyword.internal.KeywordMain.runKeyword(KeywordMain.groovy:54)
	at com.kms.katalon.core.keyword.builtin.CallTestCaseKeyword.callTestCase(CallTestCaseKeyword.groovy:81)
	at com.kms.katalon.core.keyword.builtin.CallTestCaseKeyword.execute(CallTestCaseKeyword.groovy:45)
	at com.kms.katalon.core.keyword.internal.KeywordExecutor.executeKeywordForPlatform(KeywordExecutor.groovy:53)
	at com.kms.katalon.core.keyword.BuiltinKeywords.callTestCase(BuiltinKeywords.groovy:334)
	at sun.reflect.GeneratedMethodAccessor13.invoke(Unknown Source)
	at sun.reflect.DelegatingMethodAccessorImpl.invoke(DelegatingMethodAccessorImpl.java:43)
	at java.lang.reflect.Method.invoke(Method.java:498)
	at org.codehaus.groovy.reflection.CachedMethod.invoke(CachedMethod.java:93)
	at groovy.lang.MetaMethod.doMethodInvoke(MetaMethod.java:325)
	at groovy.lang.MetaClassImpl.invokeStaticMethod(MetaClassImpl.java:1469)
	at org.codehaus.groovy.runtime.callsite.StaticMetaClassSite.call(StaticMetaClassSite.java:53)
	at org.codehaus.groovy.runtime.callsite.AbstractCallSite.call(AbstractCallSite.java:141)
	at Script1536113546450.run(Script1536113546450.groovy:34)
	at com.kms.katalon.core.main.ScriptEngine.run(ScriptEngine.java:183)
	at com.kms.katalon.core.main.ScriptEngine.runScriptAsRawText(ScriptEngine.java:108)
	at com.kms.katalon.core.main.TestCaseExecutor.runScript(TestCaseExecutor.java:294)
	at com.kms.katalon.core.main.TestCaseExecutor.doExecute(TestCaseExecutor.java:285)
	at com.kms.katalon.core.main.TestCaseExecutor.processExecutionPhase(TestCaseExecutor.java:264)
	at com.kms.katalon.core.main.TestCaseExecutor.accessMainPhase(TestCaseExecutor.java:256)
	at com.kms.katalon.core.main.TestCaseExecutor.execute(TestCaseExecutor.java:200)
	at com.kms.katalon.core.main.TestCaseMain.runTestCase(TestCaseMain.java:99)
	at com.kms.katalon.core.keyword.builtin.CallTestCaseKeyword$_callTestCase_closure1.doCall(CallTestCaseKeyword.groovy:60)
	at com.kms.katalon.core.keyword.builtin.CallTestCaseKeyword$_callTestCase_closure1.call(CallTestCaseKeyword.groovy)
	at com.kms.katalon.core.keyword.internal.KeywordMain.runKeyword(KeywordMain.groovy:54)
	at com.kms.katalon.core.keyword.builtin.CallTestCaseKeyword.callTestCase(CallTestCaseKeyword.groovy:81)
	at com.kms.katalon.core.keyword.builtin.CallTestCaseKeyword.execute(CallTestCaseKeyword.groovy:45)
	at com.kms.katalon.core.keyword.internal.KeywordExecutor.executeKeywordForPlatform(KeywordExecutor.groovy:53)
	at com.kms.katalon.core.keyword.BuiltinKeywords.callTestCase(BuiltinKeywords.groovy:334)
	at sun.reflect.GeneratedMethodAccessor13.invoke(Unknown Source)
	at sun.reflect.DelegatingMethodAccessorImpl.invoke(DelegatingMethodAccessorImpl.java:43)
	at java.lang.reflect.Method.invoke(Method.java:498)
	at org.codehaus.groovy.reflection.CachedMethod.invoke(CachedMethod.java:93)
	at groovy.lang.MetaMethod.doMethodInvoke(MetaMethod.java:325)
	at groovy.lang.MetaClassImpl.invokeStaticMethod(MetaClassImpl.java:1469)
	at org.codehaus.groovy.runtime.callsite.StaticMetaClassSite.call(StaticMetaClassSite.java:53)
	at org.codehaus.groovy.runtime.callsite.CallSiteArray.defaultCall(CallSiteArray.java:48)
	at org.codehaus.groovy.runtime.callsite.AbstractCallSite.call(AbstractCallSite.java:113)
	at org.codehaus.groovy.runtime.callsite.AbstractCallSite.call(AbstractCallSite.java:141)
	at Script1536204214757.run(Script1536204214757.groovy:25)
	at com.kms.katalon.core.main.ScriptEngine.run(ScriptEngine.java:183)
	at com.kms.katalon.core.main.ScriptEngine.runScriptAsRawText(ScriptEngine.java:108)
	at com.kms.katalon.core.main.TestCaseExecutor.runScript(TestCaseExecutor.java:294)
	at com.kms.katalon.core.main.TestCaseExecutor.doExecute(TestCaseExecutor.java:285)
	at com.kms.katalon.core.main.TestCaseExecutor.processExecutionPhase(TestCaseExecutor.java:264)
	at com.kms.katalon.core.main.TestCaseExecutor.accessMainPhase(TestCaseExecutor.java:256)
	at com.kms.katalon.core.main.TestCaseExecutor.execute(TestCaseExecutor.java:200)
	at com.kms.katalon.core.main.TestSuiteExecutor.accessTestCaseMainPhase(TestSuiteExecutor.java:129)
	at com.kms.katalon.core.main.TestSuiteExecutor.accessTestSuiteMainPhase(TestSuiteExecutor.java:112)
	at com.kms.katalon.core.main.TestSuiteExecutor.execute(TestSuiteExecutor.java:81)
	at com.kms.katalon.core.main.TestCaseMain.startTestSuite(TestCaseMain.java:142)
	at com.kms.katalon.core.main.TestCaseMain$startTestSuite$0.call(Unknown Source)
	at org.codehaus.groovy.runtime.callsite.CallSiteArray.defaultCall(CallSiteArray.java:48)
	at org.codehaus.groovy.runtime.callsite.AbstractCallSite.call(AbstractCallSite.java:113)
	at org.codehaus.groovy.runtime.callsite.AbstractCallSite.call(AbstractCallSite.java:141)
	at TempTestSuite1539973930605.run(TempTestSuite1539973930605.groovy:36)
	at groovy.lang.GroovyShell.runScriptOrMainOrTestOrRunnable(GroovyShell.java:263)
	at groovy.lang.GroovyShell.run(GroovyShell.java:518)
	at groovy.lang.GroovyShell.run(GroovyShell.java:507)
	at groovy.ui.GroovyMain.processOnce(GroovyMain.java:653)
	at groovy.ui.GroovyMain.run(GroovyMain.java:384)
	at groovy.ui.GroovyMain.process(GroovyMain.java:370)
	at groovy.ui.GroovyMain.processArgs(GroovyMain.java:129)
	at groovy.ui.GroovyMain.main(GroovyMain.java:109)
	at sun.reflect.NativeMethodAccessorImpl.invoke0(Native Method)
	at sun.reflect.NativeMethodAccessorImpl.invoke(NativeMethodAccessorImpl.java:62)
	at sun.reflect.DelegatingMethodAccessorImpl.invoke(DelegatingMethodAccessorImpl.java:43)
	at java.lang.reflect.Method.invoke(Method.java:498)
	at org.codehaus.groovy.tools.GroovyStarter.rootLoader(GroovyStarter.java:109)
	at org.codehaus.groovy.tools.GroovyStarter.main(GroovyStarter.java:131)
)"/>
         <system-out><![CDATA[2018-10-20 09:26:54 - [TEST_CASE][FAILED] - Test Cases/Final Aug 2018 - PKS Automation/Registration Module/Workflow/Form 3 EIS - Cessation As Employer/OTC to UO (Under enforcement): Test Cases/Final Aug 2018 - PKS Automation/Registration Module/Workflow/Form 3 EIS - Cessation As Employer/OTC to UO (Under enforcement) FAILED because (of) (Stack trace: com.kms.katalon.core.exception.StepFailedException: Unable to click on object 'Object Repository/Final Object Repo/Landing Page/Select to English' (Root cause: com.kms.katalon.core.webui.exception.WebElementNotFoundException: Web element with id: 'Object Repository/Final Object Repo/Landing Page/Select to English' located by 'By.xpath: //a[@class = 'taglib-language-list-text' and @lang = 'en-US' and (contains(text(), 'EN') or contains(., 'EN'))]' not found)
	at com.kms.katalon.core.keyword.internal.KeywordMain.stepFailed(KeywordMain.groovy:32)
	at com.kms.katalon.core.webui.keyword.internal.WebUIKeywordMain.stepFailed(WebUIKeywordMain.groovy:65)
	at com.kms.katalon.core.webui.keyword.internal.WebUIKeywordMain.runKeyword(WebUIKeywordMain.groovy:27)
	at com.kms.katalon.core.webui.keyword.builtin.ClickKeyword.click(ClickKeyword.groovy:86)
	at com.kms.katalon.core.webui.keyword.builtin.ClickKeyword.execute(ClickKeyword.groovy:67)
	at com.kms.katalon.core.keyword.internal.KeywordExecutor.executeKeywordForPlatform(KeywordExecutor.groovy:53)
	at com.kms.katalon.core.webui.keyword.WebUiBuiltInKeywords.click(WebUiBuiltInKeywords.groovy:604)
	at com.kms.katalon.core.webui.keyword.WebUiBuiltInKeywords$click$8.call(Unknown Source)
	at Script1534407542420.run(Script1534407542420.groovy:57)
	at com.kms.katalon.core.main.ScriptEngine.run(ScriptEngine.java:183)
	at com.kms.katalon.core.main.ScriptEngine.runScriptAsRawText(ScriptEngine.java:108)
	at com.kms.katalon.core.main.TestCaseExecutor.runScript(TestCaseExecutor.java:294)
	at com.kms.katalon.core.main.TestCaseExecutor.doExecute(TestCaseExecutor.java:285)
	at com.kms.katalon.core.main.TestCaseExecutor.processExecutionPhase(TestCaseExecutor.java:264)
	at com.kms.katalon.core.main.TestCaseExecutor.accessMainPhase(TestCaseExecutor.java:256)
	at com.kms.katalon.core.main.TestCaseExecutor.execute(TestCaseExecutor.java:200)
	at com.kms.katalon.core.main.TestCaseMain.runTestCase(TestCaseMain.java:99)
	at com.kms.katalon.core.keyword.builtin.CallTestCaseKeyword$_callTestCase_closure1.doCall(CallTestCaseKeyword.groovy:60)
	at com.kms.katalon.core.keyword.builtin.CallTestCaseKeyword$_callTestCase_closure1.call(CallTestCaseKeyword.groovy)
	at com.kms.katalon.core.keyword.internal.KeywordMain.runKeyword(KeywordMain.groovy:54)
	at com.kms.katalon.core.keyword.builtin.CallTestCaseKeyword.callTestCase(CallTestCaseKeyword.groovy:81)
	at com.kms.katalon.core.keyword.builtin.CallTestCaseKeyword.execute(CallTestCaseKeyword.groovy:45)
	at com.kms.katalon.core.keyword.internal.KeywordExecutor.executeKeywordForPlatform(KeywordExecutor.groovy:53)
	at com.kms.katalon.core.keyword.BuiltinKeywords.callTestCase(BuiltinKeywords.groovy:334)
	at sun.reflect.GeneratedMethodAccessor13.invoke(Unknown Source)
	at sun.reflect.DelegatingMethodAccessorImpl.invoke(DelegatingMethodAccessorImpl.java:43)
	at java.lang.reflect.Method.invoke(Method.java:498)
	at org.codehaus.groovy.reflection.CachedMethod.invoke(CachedMethod.java:93)
	at groovy.lang.MetaMethod.doMethodInvoke(MetaMethod.java:325)
	at groovy.lang.MetaClassImpl.invokeStaticMethod(MetaClassImpl.java:1469)
	at org.codehaus.groovy.runtime.callsite.StaticMetaClassSite.call(StaticMetaClassSite.java:53)
	at org.codehaus.groovy.runtime.callsite.AbstractCallSite.call(AbstractCallSite.java:141)
	at Script1536113546450.run(Script1536113546450.groovy:34)
	at com.kms.katalon.core.main.ScriptEngine.run(ScriptEngine.java:183)
	at com.kms.katalon.core.main.ScriptEngine.runScriptAsRawText(ScriptEngine.java:108)
	at com.kms.katalon.core.main.TestCaseExecutor.runScript(TestCaseExecutor.java:294)
	at com.kms.katalon.core.main.TestCaseExecutor.doExecute(TestCaseExecutor.java:285)
	at com.kms.katalon.core.main.TestCaseExecutor.processExecutionPhase(TestCaseExecutor.java:264)
	at com.kms.katalon.core.main.TestCaseExecutor.accessMainPhase(TestCaseExecutor.java:256)
	at com.kms.katalon.core.main.TestCaseExecutor.execute(TestCaseExecutor.java:200)
	at com.kms.katalon.core.main.TestCaseMain.runTestCase(TestCaseMain.java:99)
	at com.kms.katalon.core.keyword.builtin.CallTestCaseKeyword$_callTestCase_closure1.doCall(CallTestCaseKeyword.groovy:60)
	at com.kms.katalon.core.keyword.builtin.CallTestCaseKeyword$_callTestCase_closure1.call(CallTestCaseKeyword.groovy)
	at com.kms.katalon.core.keyword.internal.KeywordMain.runKeyword(KeywordMain.groovy:54)
	at com.kms.katalon.core.keyword.builtin.CallTestCaseKeyword.callTestCase(CallTestCaseKeyword.groovy:81)
	at com.kms.katalon.core.keyword.builtin.CallTestCaseKeyword.execute(CallTestCaseKeyword.groovy:45)
	at com.kms.katalon.core.keyword.internal.KeywordExecutor.executeKeywordForPlatform(KeywordExecutor.groovy:53)
	at com.kms.katalon.core.keyword.BuiltinKeywords.callTestCase(BuiltinKeywords.groovy:334)
	at sun.reflect.GeneratedMethodAccessor13.invoke(Unknown Source)
	at sun.reflect.DelegatingMethodAccessorImpl.invoke(DelegatingMethodAccessorImpl.java:43)
	at java.lang.reflect.Method.invoke(Method.java:498)
	at org.codehaus.groovy.reflection.CachedMethod.invoke(CachedMethod.java:93)
	at groovy.lang.MetaMethod.doMethodInvoke(MetaMethod.java:325)
	at groovy.lang.MetaClassImpl.invokeStaticMethod(MetaClassImpl.java:1469)
	at org.codehaus.groovy.runtime.callsite.StaticMetaClassSite.call(StaticMetaClassSite.java:53)
	at org.codehaus.groovy.runtime.callsite.CallSiteArray.defaultCall(CallSiteArray.java:48)
	at org.codehaus.groovy.runtime.callsite.AbstractCallSite.call(AbstractCallSite.java:113)
	at org.codehaus.groovy.runtime.callsite.AbstractCallSite.call(AbstractCallSite.java:141)
	at Script1536204214757.run(Script1536204214757.groovy:25)
	at com.kms.katalon.core.main.ScriptEngine.run(ScriptEngine.java:183)
	at com.kms.katalon.core.main.ScriptEngine.runScriptAsRawText(ScriptEngine.java:108)
	at com.kms.katalon.core.main.TestCaseExecutor.runScript(TestCaseExecutor.java:294)
	at com.kms.katalon.core.main.TestCaseExecutor.doExecute(TestCaseExecutor.java:285)
	at com.kms.katalon.core.main.TestCaseExecutor.processExecutionPhase(TestCaseExecutor.java:264)
	at com.kms.katalon.core.main.TestCaseExecutor.accessMainPhase(TestCaseExecutor.java:256)
	at com.kms.katalon.core.main.TestCaseExecutor.execute(TestCaseExecutor.java:200)
	at com.kms.katalon.core.main.TestSuiteExecutor.accessTestCaseMainPhase(TestSuiteExecutor.java:129)
	at com.kms.katalon.core.main.TestSuiteExecutor.accessTestSuiteMainPhase(TestSuiteExecutor.java:112)
	at com.kms.katalon.core.main.TestSuiteExecutor.execute(TestSuiteExecutor.java:81)
	at com.kms.katalon.core.main.TestCaseMain.startTestSuite(TestCaseMain.java:142)
	at com.kms.katalon.core.main.TestCaseMain$startTestSuite$0.call(Unknown Source)
	at org.codehaus.groovy.runtime.callsite.CallSiteArray.defaultCall(CallSiteArray.java:48)
	at org.codehaus.groovy.runtime.callsite.AbstractCallSite.call(AbstractCallSite.java:113)
	at org.codehaus.groovy.runtime.callsite.AbstractCallSite.call(AbstractCallSite.java:141)
	at TempTestSuite1539973930605.run(TempTestSuite1539973930605.groovy:36)
	at groovy.lang.GroovyShell.runScriptOrMainOrTestOrRunnable(GroovyShell.java:263)
	at groovy.lang.GroovyShell.run(GroovyShell.java:518)
	at groovy.lang.GroovyShell.run(GroovyShell.java:507)
	at groovy.ui.GroovyMain.processOnce(GroovyMain.java:653)
	at groovy.ui.GroovyMain.run(GroovyMain.java:384)
	at groovy.ui.GroovyMain.process(GroovyMain.java:370)
	at groovy.ui.GroovyMain.processArgs(GroovyMain.java:129)
	at groovy.ui.GroovyMain.main(GroovyMain.java:109)
	at sun.reflect.NativeMethodAccessorImpl.invoke0(Native Method)
	at sun.reflect.NativeMethodAccessorImpl.invoke(NativeMethodAccessorImpl.java:62)
	at sun.reflect.DelegatingMethodAccessorImpl.invoke(DelegatingMethodAccessorImpl.java:43)
	at java.lang.reflect.Method.invoke(Method.java:498)
	at org.codehaus.groovy.tools.GroovyStarter.rootLoader(GroovyStarter.java:109)
	at org.codehaus.groovy.tools.GroovyStarter.main(GroovyStarter.java:131)
)

2018-10-20 09:26:54 - [TEST_STEP][PASSED] - callTestCase: Call Test Case 'Test Cases/Final Aug 2018 - PKS Automation/Registration Module/Workflow/Form 3 EIS - Cessation As Employer/Template/Form 3 A - Cessation As Employer (OTC)' successfully

2018-10-20 09:26:54 - [TEST_CASE][PASSED] - Test Cases/Final Aug 2018 - PKS Automation/Registration Module/Workflow/Form 3 EIS - Cessation As Employer/Template/Form 3 A - Cessation As Employer (OTC): Test Cases/Final Aug 2018 - PKS Automation/Registration Module/Workflow/Form 3 EIS - Cessation As Employer/Template/Form 3 A - Cessation As Employer (OTC)

2018-10-20 09:26:54 - [TEST_STEP][PASSED] - openBrowser: Browser is opened with url: ''

2018-10-20 09:26:54 - [MESSAGE][WARNING] - A browser is already opened. Closing browser and opening a new one

2018-10-20 09:26:58 - [MESSAGE][PASSED] - Browser is opened with url: ''

2018-10-20 09:26:58 - [TEST_STEP][PASSED] - navigateToUrl: Navigate to 'https://assist2-uat.perkeso.gov.my/login' successfully

2018-10-20 09:27:00 - [MESSAGE][PASSED] - Navigate to 'https://assist2-uat.perkeso.gov.my/login' successfully

2018-10-20 09:27:00 - [TEST_STEP][PASSED] - setText: Text 'johorotc1@gmail.com' is set on object 'Object Repository/Final Object Repo/Login Page/Internal User/Email Address'

2018-10-20 09:27:00 - [MESSAGE][PASSED] - Text 'johorotc1@gmail.com' is set on object 'Object Repository/Final Object Repo/Login Page/Internal User/Email Address'

2018-10-20 09:27:00 - [TEST_STEP][PASSED] - click: Object: 'Object Repository/Final Object Repo/Login Page/Internal User/Next Button' is clicked on

2018-10-20 09:27:00 - [MESSAGE][PASSED] - Object: 'Object Repository/Final Object Repo/Login Page/Internal User/Next Button' is clicked on

2018-10-20 09:27:00 - [TEST_STEP][PASSED] - delay: Delayed 1 second(s)

2018-10-20 09:27:01 - [MESSAGE][PASSED] - Delayed 1 second(s)

2018-10-20 09:27:01 - [TEST_STEP][PASSED] - setEncryptedText: Text ****** has been set on object 'Object Repository/Final Object Repo/Login Page/Internal User/Password'

2018-10-20 09:27:02 - [MESSAGE][PASSED] - Text ****** has been set on object 'Object Repository/Final Object Repo/Login Page/Internal User/Password'

2018-10-20 09:27:02 - [TEST_STEP][PASSED] - click: Object: 'Object Repository/Final Object Repo/Login Page/Internal User/Login Button' is clicked on

2018-10-20 09:27:02 - [MESSAGE][PASSED] - Object: 'Object Repository/Final Object Repo/Login Page/Internal User/Login Button' is clicked on

2018-10-20 09:27:02 - [TEST_STEP][PASSED] - delay: Delayed 1 second(s)

2018-10-20 09:27:03 - [MESSAGE][PASSED] - Delayed 1 second(s)

2018-10-20 09:27:03 - [TEST_STEP][PASSED] - Statement - Try: Delayed 2 second(s)

2018-10-20 09:27:03 - [TEST_STEP][PASSED] - Statement - Checker = false: null

2018-10-20 09:27:03 - [TEST_STEP][PASSED] - Statement - Checker = com.kms.katalon.core.webui.keyword.WebUiBuiltInKeywords.verifyElementHasAttribute(com.kms.katalon.core.testobject.ObjectRepository.findTestObject(Final Object Repo/Landing Page/BM Detecting), "href", 20, OPTIONAL): Object 'Object Repository/Final Object Repo/Landing Page/BM Detecting' has attribute 'href'

2018-10-20 09:27:05 - [MESSAGE][PASSED] - Object 'Object Repository/Final Object Repo/Landing Page/BM Detecting' has attribute 'href'

2018-10-20 09:27:05 - [TEST_STEP][PASSED] - Statement - out.println(Checker): null

2018-10-20 09:27:05 - [TEST_STEP][PASSED] - Statement - If (Checker == false): null

2018-10-20 09:27:05 - [TEST_STEP][PASSED] - Statement - Else: null

2018-10-20 09:27:05 - [TEST_STEP][PASSED] - delay: Delayed 2 second(s)

2018-10-20 09:27:07 - [MESSAGE][PASSED] - Delayed 2 second(s)

2018-10-20 09:27:07 - [TEST_STEP][PASSED] - navigateToUrl: Navigate to 'https://assist2-uat.perkeso.gov.my/web/registration/eis-update/form-3-eis-cessation-as-employer' successfully

2018-10-20 09:27:08 - [MESSAGE][PASSED] - Navigate to 'https://assist2-uat.perkeso.gov.my/web/registration/eis-update/form-3-eis-cessation-as-employer' successfully

2018-10-20 09:27:08 - [TEST_STEP][PASSED] - delay: Delayed 1 second(s)

2018-10-20 09:27:09 - [MESSAGE][PASSED] - Delayed 1 second(s)

2018-10-20 09:27:09 - [TEST_STEP][PASSED] - setText: Text 'E1102069769W' is set on object 'Object Repository/Final Object Repo/Page_Form 3 EIS - Cessation as Employer/Employer Code'

2018-10-20 09:27:09 - [MESSAGE][PASSED] - Text 'E1102069769W' is set on object 'Object Repository/Final Object Repo/Page_Form 3 EIS - Cessation as Employer/Employer Code'

2018-10-20 09:27:09 - [TEST_STEP][PASSED] - click: Object: 'Object Repository/Final Object Repo/Page_Form 3 EIS - Cessation as Employer/Search' is clicked on

2018-10-20 09:27:09 - [MESSAGE][PASSED] - Object: 'Object Repository/Final Object Repo/Page_Form 3 EIS - Cessation as Employer/Search' is clicked on

2018-10-20 09:27:09 - [TEST_STEP][PASSED] - click: Object: 'Object Repository/Final Object Repo/Page_Form 3 EIS - Cessation as Employer/Edit' is clicked on

2018-10-20 09:27:11 - [MESSAGE][PASSED] - Object: 'Object Repository/Final Object Repo/Page_Form 3 EIS - Cessation as Employer/Edit' is clicked on

2018-10-20 09:27:11 - [TEST_STEP][PASSED] - delay: Delayed 1 second(s)

2018-10-20 09:27:12 - [MESSAGE][PASSED] - Delayed 1 second(s)

2018-10-20 09:27:12 - [TEST_STEP][PASSED] - Statement - abc = com.kms.katalon.core.webui.keyword.WebUiBuiltInKeywords.getAttribute(com.kms.katalon.core.testobject.ObjectRepository.findTestObject(Final Object Repo/Page_Form 3 EIS - Cessation as Employer/Employer Status), "value"): Attribute 'value' of object 'Object Repository/Final Object Repo/Page_Form 3 EIS - Cessation as Employer/Employer Status' is: 'Active'

2018-10-20 09:27:12 - [MESSAGE][PASSED] - Attribute 'value' of object 'Object Repository/Final Object Repo/Page_Form 3 EIS - Cessation as Employer/Employer Status' is: 'Active'

2018-10-20 09:27:12 - [TEST_STEP][PASSED] - Statement - out.println(abc): null

2018-10-20 09:27:12 - [TEST_STEP][PASSED] - Statement - If (abc == "Active"): Object: 'Object Repository/Final Object Repo/Page_Form 3 EIS - Cessation as Employer/Dormant EIS' is clicked on

2018-10-20 09:27:12 - [TEST_STEP][PASSED] - click: Object: 'Object Repository/Final Object Repo/Page_Form 3 EIS - Cessation as Employer/Change Employer Status to' is clicked on

2018-10-20 09:27:12 - [MESSAGE][PASSED] - Object: 'Object Repository/Final Object Repo/Page_Form 3 EIS - Cessation as Employer/Change Employer Status to' is clicked on

2018-10-20 09:27:12 - [TEST_STEP][PASSED] - click: Object: 'Object Repository/Final Object Repo/Page_Form 3 EIS - Cessation as Employer/Dormant EIS' is clicked on

2018-10-20 09:27:13 - [MESSAGE][PASSED] - Object: 'Object Repository/Final Object Repo/Page_Form 3 EIS - Cessation as Employer/Dormant EIS' is clicked on

2018-10-20 09:27:13 - [TEST_STEP][PASSED] - click: Object: 'Object Repository/Final Object Repo/Page_Form 3 EIS - Cessation as Employer/Calender' is clicked on

2018-10-20 09:27:13 - [MESSAGE][PASSED] - Object: 'Object Repository/Final Object Repo/Page_Form 3 EIS - Cessation as Employer/Calender' is clicked on

2018-10-20 09:27:13 - [TEST_STEP][PASSED] - delay: Delayed 1 second(s)

2018-10-20 09:27:14 - [MESSAGE][PASSED] - Delayed 1 second(s)

2018-10-20 09:27:14 - [TEST_STEP][PASSED] - click: Object: 'Object Repository/Final Object Repo/Page_Form 3 EIS - Cessation as Employer/Calender - Date' is clicked on

2018-10-20 09:27:14 - [MESSAGE][PASSED] - Object: 'Object Repository/Final Object Repo/Page_Form 3 EIS - Cessation as Employer/Calender - Date' is clicked on

2018-10-20 09:27:14 - [TEST_STEP][PASSED] - click: Object: 'Object Repository/Final Object Repo/Page_Form 3 EIS - Cessation as Employer/Save  Continue in Form 3 EIS Page' is clicked on

2018-10-20 09:27:14 - [MESSAGE][PASSED] - Object: 'Object Repository/Final Object Repo/Page_Form 3 EIS - Cessation as Employer/Save  Continue in Form 3 EIS Page' is clicked on

2018-10-20 09:27:14 - [TEST_STEP][PASSED] - delay: Delayed 1 second(s)

2018-10-20 09:27:15 - [MESSAGE][PASSED] - Delayed 1 second(s)

2018-10-20 09:27:15 - [TEST_STEP][PASSED] - click: Object: 'Object Repository/Final Object Repo/Page_Form 3 EIS - Cessation as Employer/Employment Resign Date' is clicked on

2018-10-20 09:27:16 - [MESSAGE][PASSED] - Object: 'Object Repository/Final Object Repo/Page_Form 3 EIS - Cessation as Employer/Employment Resign Date' is clicked on

2018-10-20 09:27:16 - [TEST_STEP][PASSED] - selectOptionByValue: All options with value '2018' are selected in object 'Object Repository/Final Object Repo/Page_Form 3 EIS - Cessation as Employer/Employment Resign Date - Year' 

2018-10-20 09:27:16 - [MESSAGE][PASSED] - All options with value '2018' are selected in object 'Object Repository/Final Object Repo/Page_Form 3 EIS - Cessation as Employer/Employment Resign Date - Year' 

2018-10-20 09:27:16 - [TEST_STEP][PASSED] - delay: Delayed 2 second(s)

2018-10-20 09:27:18 - [MESSAGE][PASSED] - Delayed 2 second(s)

2018-10-20 09:27:18 - [TEST_STEP][PASSED] - click: Object: 'Object Repository/Final Object Repo/Page_Form 3 EIS - Cessation as Employer/Employment Resign Date - Year - Date' is clicked on

2018-10-20 09:27:18 - [MESSAGE][PASSED] - Object: 'Object Repository/Final Object Repo/Page_Form 3 EIS - Cessation as Employer/Employment Resign Date - Year - Date' is clicked on

2018-10-20 09:27:18 - [TEST_STEP][PASSED] - delay: Delayed 2 second(s)

2018-10-20 09:27:20 - [MESSAGE][PASSED] - Delayed 2 second(s)

2018-10-20 09:27:20 - [TEST_STEP][PASSED] - click: Object: 'Object Repository/Final Object Repo/Page_Form 3 EIS - Cessation as Employer/Save  Continue in Employment Resign Page' is clicked on

2018-10-20 09:27:20 - [MESSAGE][PASSED] - Object: 'Object Repository/Final Object Repo/Page_Form 3 EIS - Cessation as Employer/Save  Continue in Employment Resign Page' is clicked on

2018-10-20 09:27:20 - [TEST_STEP][PASSED] - delay: Delayed 2 second(s)

2018-10-20 09:27:22 - [MESSAGE][PASSED] - Delayed 2 second(s)

2018-10-20 09:27:22 - [TEST_STEP][PASSED] - click: Object: 'Object Repository/Final Object Repo/Page_Form 3 EIS - Cessation as Employer/Add Document' is clicked on

2018-10-20 09:27:24 - [MESSAGE][PASSED] - Object: 'Object Repository/Final Object Repo/Page_Form 3 EIS - Cessation as Employer/Add Document' is clicked on

2018-10-20 09:27:24 - [TEST_STEP][PASSED] - delay: Delayed 3 second(s)

2018-10-20 09:27:27 - [MESSAGE][PASSED] - Delayed 3 second(s)

2018-10-20 09:27:27 - [TEST_STEP][PASSED] - click: Object: 'Object Repository/Final Object Repo/Page_Form 3 EIS - Cessation as Employer/Document Type' is clicked on

2018-10-20 09:27:28 - [MESSAGE][PASSED] - Object: 'Object Repository/Final Object Repo/Page_Form 3 EIS - Cessation as Employer/Document Type' is clicked on

2018-10-20 09:27:28 - [TEST_STEP][PASSED] - click: Object: 'Object Repository/Final Object Repo/Page_Form 3 EIS - Cessation as Employer/Document Type - Form 3' is clicked on

2018-10-20 09:27:28 - [MESSAGE][PASSED] - Object: 'Object Repository/Final Object Repo/Page_Form 3 EIS - Cessation as Employer/Document Type - Form 3' is clicked on

2018-10-20 09:27:28 - [TEST_STEP][PASSED] - delay: Delayed 2 second(s)

2018-10-20 09:27:30 - [MESSAGE][PASSED] - Delayed 2 second(s)

2018-10-20 09:27:30 - [TEST_STEP][PASSED] - sendKeys: Keys 'C:\Users\Public\Pictures\Sample Pictures\Act.jpg' sent to object: 'Object Repository/Final Object Repo/Page_Form 3 EIS - Cessation as Employer/ploading File'

2018-10-20 09:27:30 - [MESSAGE][PASSED] - Keys 'C:\Users\Public\Pictures\Sample Pictures\Act.jpg' sent to object: 'Object Repository/Final Object Repo/Page_Form 3 EIS - Cessation as Employer/ploading File'

2018-10-20 09:27:30 - [TEST_STEP][PASSED] - delay: Delayed 1 second(s)

2018-10-20 09:27:31 - [MESSAGE][PASSED] - Delayed 1 second(s)

2018-10-20 09:27:31 - [TEST_STEP][PASSED] - click: Object: 'Object Repository/Final Object Repo/Page_Form 3 EIS - Cessation as Employer/Add Document in Uploading Page' is clicked on

2018-10-20 09:27:31 - [MESSAGE][PASSED] - Object: 'Object Repository/Final Object Repo/Page_Form 3 EIS - Cessation as Employer/Add Document in Uploading Page' is clicked on

2018-10-20 09:27:31 - [TEST_STEP][PASSED] - delay: Delayed 2 second(s)

2018-10-20 09:27:33 - [MESSAGE][PASSED] - Delayed 2 second(s)

2018-10-20 09:27:33 - [TEST_STEP][PASSED] - Statement - CaseReferenceNo = com.kms.katalon.core.webui.keyword.WebUiBuiltInKeywords.getText(com.kms.katalon.core.testobject.ObjectRepository.findTestObject(Final Object Repo/Page_Update Employer Information/Reference Number in Update Employee Information Page)): Text of object 'Object Repository/Final Object Repo/Page_Update Employer Information/Reference Number in Update Employee Information Page' is: 'ERN102018C200002182'

2018-10-20 09:27:37 - [MESSAGE][PASSED] - Text of object 'Object Repository/Final Object Repo/Page_Update Employer Information/Reference Number in Update Employee Information Page' is: 'ERN102018C200002182'

2018-10-20 09:27:37 - [TEST_STEP][PASSED] - callTestCase: Call Test Case 'Test Cases/Final Aug 2018 - PKS Automation/Common/Reference Number Setter' successfully

2018-10-20 09:27:37 - [TEST_CASE][PASSED] - Test Cases/Final Aug 2018 - PKS Automation/Common/Reference Number Setter: Test Cases/Final Aug 2018 - PKS Automation/Common/Reference Number Setter

2018-10-20 09:27:37 - [TEST_STEP][PASSED] - Statement - RefNoOldFile = new java.io.File(C://KatalonReference.txt): null

2018-10-20 09:27:37 - [TEST_STEP][PASSED] - Statement - RefNoOldFile.delete(): null

2018-10-20 09:27:37 - [TEST_STEP][PASSED] - Statement - RefNo = new java.io.File(C://KatalonReference.txt): null

2018-10-20 09:27:37 - [TEST_STEP][PASSED] - Statement - RefNo.append(CaseReferenceNo): null

2018-10-20 09:27:37 - [TEST_STEP][PASSED] - Statement - out.println("


" + CaseReferenceNo + "


"): null

2018-10-20 09:27:37 - [MESSAGE][PASSED] - Call Test Case 'Test Cases/Final Aug 2018 - PKS Automation/Common/Reference Number Setter' successfully

2018-10-20 09:27:37 - [TEST_STEP][PASSED] - delay: Delayed 2 second(s)

2018-10-20 09:27:39 - [MESSAGE][PASSED] - Delayed 2 second(s)

2018-10-20 09:27:39 - [TEST_STEP][PASSED] - click: Object: 'Object Repository/Final Object Repo/Page_Form 3 EIS - Cessation as Employer/Save  Continue in Uploading Page' is clicked on

2018-10-20 09:27:39 - [MESSAGE][PASSED] - Object: 'Object Repository/Final Object Repo/Page_Form 3 EIS - Cessation as Employer/Save  Continue in Uploading Page' is clicked on

2018-10-20 09:27:39 - [TEST_STEP][PASSED] - delay: Delayed 2 second(s)

2018-10-20 09:27:41 - [MESSAGE][PASSED] - Delayed 2 second(s)

2018-10-20 09:27:41 - [TEST_STEP][PASSED] - click: Object: 'Object Repository/Final Object Repo/Page_Form 3 EIS - Cessation as Employer/Submit' is clicked on

2018-10-20 09:27:44 - [MESSAGE][PASSED] - Object: 'Object Repository/Final Object Repo/Page_Form 3 EIS - Cessation as Employer/Submit' is clicked on

2018-10-20 09:27:44 - [TEST_STEP][PASSED] - delay: Delayed 2 second(s)

2018-10-20 09:27:46 - [MESSAGE][PASSED] - Delayed 2 second(s)

2018-10-20 09:27:46 - [TEST_STEP][PASSED] - click: Object: 'Object Repository/Final Object Repo/Page_Form 3 EIS - Cessation as Employer/Confirm' is clicked on

2018-10-20 09:27:47 - [MESSAGE][PASSED] - Object: 'Object Repository/Final Object Repo/Page_Form 3 EIS - Cessation as Employer/Confirm' is clicked on

2018-10-20 09:27:47 - [TEST_STEP][PASSED] - delay: Delayed 2 second(s)

2018-10-20 09:27:49 - [MESSAGE][PASSED] - Delayed 2 second(s)

2018-10-20 09:27:49 - [TEST_STEP][PASSED] - click: Object: 'Object Repository/Final Object Repo/Page_Form 3 EIS - Cessation as Employer/Message Your Request will be routed to UO' is clicked on

2018-10-20 09:27:53 - [MESSAGE][PASSED] - Object: 'Object Repository/Final Object Repo/Page_Form 3 EIS - Cessation as Employer/Message Your Request will be routed to UO' is clicked on

2018-10-20 09:27:53 - [TEST_STEP][PASSED] - click: Object: 'Object Repository/Final Object Repo/Page_Form 3 EIS - Cessation as Employer/Letter of acknowledgement' is clicked on

2018-10-20 09:27:54 - [MESSAGE][PASSED] - Object: 'Object Repository/Final Object Repo/Page_Form 3 EIS - Cessation as Employer/Letter of acknowledgement' is clicked on

2018-10-20 09:27:54 - [MESSAGE][PASSED] - Call Test Case 'Test Cases/Final Aug 2018 - PKS Automation/Registration Module/Workflow/Form 3 EIS - Cessation As Employer/Template/Form 3 A - Cessation As Employer (OTC)' successfully

2018-10-20 09:27:54 - [TEST_STEP][FAILED] - callTestCase: Unable to call Test Case with id 'Test Cases/Final Aug 2018 - PKS Automation/Registration Module/Workflow/Form 3 EIS - Cessation As Employer/Template/Form 3 A - Cessation As Employer (Under enforcement)' (Root cause: Call Test Case 'Test Cases/Final Aug 2018 - PKS Automation/Registration Module/Workflow/Form 3 EIS - Cessation As Employer/Template/Form 3 A - Cessation As Employer (Under enforcement)' failed)

2018-10-20 09:27:54 - [TEST_CASE][FAILED] - Test Cases/Final Aug 2018 - PKS Automation/Registration Module/Workflow/Form 3 EIS - Cessation As Employer/Template/Form 3 A - Cessation As Employer (Under enforcement): Test Cases/Final Aug 2018 - PKS Automation/Registration Module/Workflow/Form 3 EIS - Cessation As Employer/Template/Form 3 A - Cessation As Employer (Under enforcement) FAILED because (of) (Stack trace: com.kms.katalon.core.exception.StepFailedException: Unable to click on object 'Object Repository/Final Object Repo/Landing Page/Select to English' (Root cause: com.kms.katalon.core.webui.exception.WebElementNotFoundException: Web element with id: 'Object Repository/Final Object Repo/Landing Page/Select to English' located by 'By.xpath: //a[@class = 'taglib-language-list-text' and @lang = 'en-US' and (contains(text(), 'EN') or contains(., 'EN'))]' not found)
	at com.kms.katalon.core.keyword.internal.KeywordMain.stepFailed(KeywordMain.groovy:32)
	at com.kms.katalon.core.webui.keyword.internal.WebUIKeywordMain.stepFailed(WebUIKeywordMain.groovy:65)
	at com.kms.katalon.core.webui.keyword.internal.WebUIKeywordMain.runKeyword(WebUIKeywordMain.groovy:27)
	at com.kms.katalon.core.webui.keyword.builtin.ClickKeyword.click(ClickKeyword.groovy:86)
	at com.kms.katalon.core.webui.keyword.builtin.ClickKeyword.execute(ClickKeyword.groovy:67)
	at com.kms.katalon.core.keyword.internal.KeywordExecutor.executeKeywordForPlatform(KeywordExecutor.groovy:53)
	at com.kms.katalon.core.webui.keyword.WebUiBuiltInKeywords.click(WebUiBuiltInKeywords.groovy:604)
	at com.kms.katalon.core.webui.keyword.WebUiBuiltInKeywords$click$8.call(Unknown Source)
	at Script1534407542420.run(Script1534407542420.groovy:57)
	at com.kms.katalon.core.main.ScriptEngine.run(ScriptEngine.java:183)
	at com.kms.katalon.core.main.ScriptEngine.runScriptAsRawText(ScriptEngine.java:108)
	at com.kms.katalon.core.main.TestCaseExecutor.runScript(TestCaseExecutor.java:294)
	at com.kms.katalon.core.main.TestCaseExecutor.doExecute(TestCaseExecutor.java:285)
	at com.kms.katalon.core.main.TestCaseExecutor.processExecutionPhase(TestCaseExecutor.java:264)
	at com.kms.katalon.core.main.TestCaseExecutor.accessMainPhase(TestCaseExecutor.java:256)
	at com.kms.katalon.core.main.TestCaseExecutor.execute(TestCaseExecutor.java:200)
	at com.kms.katalon.core.main.TestCaseMain.runTestCase(TestCaseMain.java:99)
	at com.kms.katalon.core.keyword.builtin.CallTestCaseKeyword$_callTestCase_closure1.doCall(CallTestCaseKeyword.groovy:60)
	at com.kms.katalon.core.keyword.builtin.CallTestCaseKeyword$_callTestCase_closure1.call(CallTestCaseKeyword.groovy)
	at com.kms.katalon.core.keyword.internal.KeywordMain.runKeyword(KeywordMain.groovy:54)
	at com.kms.katalon.core.keyword.builtin.CallTestCaseKeyword.callTestCase(CallTestCaseKeyword.groovy:81)
	at com.kms.katalon.core.keyword.builtin.CallTestCaseKeyword.execute(CallTestCaseKeyword.groovy:45)
	at com.kms.katalon.core.keyword.internal.KeywordExecutor.executeKeywordForPlatform(KeywordExecutor.groovy:53)
	at com.kms.katalon.core.keyword.BuiltinKeywords.callTestCase(BuiltinKeywords.groovy:334)
	at sun.reflect.GeneratedMethodAccessor13.invoke(Unknown Source)
	at sun.reflect.DelegatingMethodAccessorImpl.invoke(DelegatingMethodAccessorImpl.java:43)
	at java.lang.reflect.Method.invoke(Method.java:498)
	at org.codehaus.groovy.reflection.CachedMethod.invoke(CachedMethod.java:93)
	at groovy.lang.MetaMethod.doMethodInvoke(MetaMethod.java:325)
	at groovy.lang.MetaClassImpl.invokeStaticMethod(MetaClassImpl.java:1469)
	at org.codehaus.groovy.runtime.callsite.StaticMetaClassSite.call(StaticMetaClassSite.java:53)
	at org.codehaus.groovy.runtime.callsite.AbstractCallSite.call(AbstractCallSite.java:141)
	at Script1536113546450.run(Script1536113546450.groovy:34)
	at com.kms.katalon.core.main.ScriptEngine.run(ScriptEngine.java:183)
	at com.kms.katalon.core.main.ScriptEngine.runScriptAsRawText(ScriptEngine.java:108)
	at com.kms.katalon.core.main.TestCaseExecutor.runScript(TestCaseExecutor.java:294)
	at com.kms.katalon.core.main.TestCaseExecutor.doExecute(TestCaseExecutor.java:285)
	at com.kms.katalon.core.main.TestCaseExecutor.processExecutionPhase(TestCaseExecutor.java:264)
	at com.kms.katalon.core.main.TestCaseExecutor.accessMainPhase(TestCaseExecutor.java:256)
	at com.kms.katalon.core.main.TestCaseExecutor.execute(TestCaseExecutor.java:200)
	at com.kms.katalon.core.main.TestCaseMain.runTestCase(TestCaseMain.java:99)
	at com.kms.katalon.core.keyword.builtin.CallTestCaseKeyword$_callTestCase_closure1.doCall(CallTestCaseKeyword.groovy:60)
	at com.kms.katalon.core.keyword.builtin.CallTestCaseKeyword$_callTestCase_closure1.call(CallTestCaseKeyword.groovy)
	at com.kms.katalon.core.keyword.internal.KeywordMain.runKeyword(KeywordMain.groovy:54)
	at com.kms.katalon.core.keyword.builtin.CallTestCaseKeyword.callTestCase(CallTestCaseKeyword.groovy:81)
	at com.kms.katalon.core.keyword.builtin.CallTestCaseKeyword.execute(CallTestCaseKeyword.groovy:45)
	at com.kms.katalon.core.keyword.internal.KeywordExecutor.executeKeywordForPlatform(KeywordExecutor.groovy:53)
	at com.kms.katalon.core.keyword.BuiltinKeywords.callTestCase(BuiltinKeywords.groovy:334)
	at sun.reflect.GeneratedMethodAccessor13.invoke(Unknown Source)
	at sun.reflect.DelegatingMethodAccessorImpl.invoke(DelegatingMethodAccessorImpl.java:43)
	at java.lang.reflect.Method.invoke(Method.java:498)
	at org.codehaus.groovy.reflection.CachedMethod.invoke(CachedMethod.java:93)
	at groovy.lang.MetaMethod.doMethodInvoke(MetaMethod.java:325)
	at groovy.lang.MetaClassImpl.invokeStaticMethod(MetaClassImpl.java:1469)
	at org.codehaus.groovy.runtime.callsite.StaticMetaClassSite.call(StaticMetaClassSite.java:53)
	at org.codehaus.groovy.runtime.callsite.CallSiteArray.defaultCall(CallSiteArray.java:48)
	at org.codehaus.groovy.runtime.callsite.AbstractCallSite.call(AbstractCallSite.java:113)
	at org.codehaus.groovy.runtime.callsite.AbstractCallSite.call(AbstractCallSite.java:141)
	at Script1536204214757.run(Script1536204214757.groovy:25)
	at com.kms.katalon.core.main.ScriptEngine.run(ScriptEngine.java:183)
	at com.kms.katalon.core.main.ScriptEngine.runScriptAsRawText(ScriptEngine.java:108)
	at com.kms.katalon.core.main.TestCaseExecutor.runScript(TestCaseExecutor.java:294)
	at com.kms.katalon.core.main.TestCaseExecutor.doExecute(TestCaseExecutor.java:285)
	at com.kms.katalon.core.main.TestCaseExecutor.processExecutionPhase(TestCaseExecutor.java:264)
	at com.kms.katalon.core.main.TestCaseExecutor.accessMainPhase(TestCaseExecutor.java:256)
	at com.kms.katalon.core.main.TestCaseExecutor.execute(TestCaseExecutor.java:200)
	at com.kms.katalon.core.main.TestSuiteExecutor.accessTestCaseMainPhase(TestSuiteExecutor.java:129)
	at com.kms.katalon.core.main.TestSuiteExecutor.accessTestSuiteMainPhase(TestSuiteExecutor.java:112)
	at com.kms.katalon.core.main.TestSuiteExecutor.execute(TestSuiteExecutor.java:81)
	at com.kms.katalon.core.main.TestCaseMain.startTestSuite(TestCaseMain.java:142)
	at com.kms.katalon.core.main.TestCaseMain$startTestSuite$0.call(Unknown Source)
	at org.codehaus.groovy.runtime.callsite.CallSiteArray.defaultCall(CallSiteArray.java:48)
	at org.codehaus.groovy.runtime.callsite.AbstractCallSite.call(AbstractCallSite.java:113)
	at org.codehaus.groovy.runtime.callsite.AbstractCallSite.call(AbstractCallSite.java:141)
	at TempTestSuite1539973930605.run(TempTestSuite1539973930605.groovy:36)
	at groovy.lang.GroovyShell.runScriptOrMainOrTestOrRunnable(GroovyShell.java:263)
	at groovy.lang.GroovyShell.run(GroovyShell.java:518)
	at groovy.lang.GroovyShell.run(GroovyShell.java:507)
	at groovy.ui.GroovyMain.processOnce(GroovyMain.java:653)
	at groovy.ui.GroovyMain.run(GroovyMain.java:384)
	at groovy.ui.GroovyMain.process(GroovyMain.java:370)
	at groovy.ui.GroovyMain.processArgs(GroovyMain.java:129)
	at groovy.ui.GroovyMain.main(GroovyMain.java:109)
	at sun.reflect.NativeMethodAccessorImpl.invoke0(Native Method)
	at sun.reflect.NativeMethodAccessorImpl.invoke(NativeMethodAccessorImpl.java:62)
	at sun.reflect.DelegatingMethodAccessorImpl.invoke(DelegatingMethodAccessorImpl.java:43)
	at java.lang.reflect.Method.invoke(Method.java:498)
	at org.codehaus.groovy.tools.GroovyStarter.rootLoader(GroovyStarter.java:109)
	at org.codehaus.groovy.tools.GroovyStarter.main(GroovyStarter.java:131)
)

2018-10-20 09:27:54 - [TEST_STEP][NOT_RUN] - callTestCase: NOT_RUN: callTestCase

2018-10-20 09:27:54 - [MESSAGE][NOT_RUN] - NOT_RUN: callTestCase

2018-10-20 09:27:54 - [TEST_STEP][PASSED] - delay: Delayed 1 second(s)

2018-10-20 09:27:55 - [MESSAGE][PASSED] - Delayed 1 second(s)

2018-10-20 09:27:55 - [TEST_STEP][PASSED] - navigateToUrl: Navigate to 'https://assist2-uat.perkeso.gov.my/c/portal/logout' successfully

2018-10-20 09:27:56 - [MESSAGE][PASSED] - Navigate to 'https://assist2-uat.perkeso.gov.my/c/portal/logout' successfully

2018-10-20 09:27:56 - [TEST_STEP][PASSED] - delay: Delayed 1 second(s)

2018-10-20 09:27:57 - [MESSAGE][PASSED] - Delayed 1 second(s)

2018-10-20 09:27:57 - [TEST_STEP][PASSED] - callTestCase: Call Test Case 'Test Cases/Final Aug 2018 - PKS Automation/Common/Reference Number Getter' successfully

2018-10-20 09:27:57 - [TEST_CASE][PASSED] - Test Cases/Final Aug 2018 - PKS Automation/Common/Reference Number Getter: Test Cases/Final Aug 2018 - PKS Automation/Common/Reference Number Getter

2018-10-20 09:27:57 - [TEST_STEP][PASSED] - Statement - Try: null

2018-10-20 09:27:57 - [TEST_STEP][PASSED] - Statement - RefNo = new java.io.File(C://KatalonReference.txt): null

2018-10-20 09:27:57 - [TEST_STEP][PASSED] - Statement - bufferread = new java.io.BufferedReader(new java.io.FileReader(RefNo)): null

2018-10-20 09:27:57 - [TEST_STEP][PASSED] - Statement - readedVal = bufferread.readLine(): null

2018-10-20 09:27:57 - [TEST_STEP][PASSED] - Statement - out.println(CaseReferenceNo): null

2018-10-20 09:27:57 - [TEST_STEP][PASSED] - Statement - out.println(readedVal): null

2018-10-20 09:27:57 - [TEST_STEP][PASSED] - Statement - CaseReferenceNo = readedVal: null

2018-10-20 09:27:57 - [MESSAGE][PASSED] - Call Test Case 'Test Cases/Final Aug 2018 - PKS Automation/Common/Reference Number Getter' successfully

2018-10-20 09:27:57 - [TEST_STEP][FAILED] - callTestCase: Unable to call Test Case with id 'Test Cases/Final Aug 2018 - PKS Automation/Common/Workflow Owner Finder' (Root cause: Call Test Case 'Test Cases/Final Aug 2018 - PKS Automation/Common/Workflow Owner Finder' failed)

2018-10-20 09:27:57 - [TEST_CASE][FAILED] - Test Cases/Final Aug 2018 - PKS Automation/Common/Workflow Owner Finder: Test Cases/Final Aug 2018 - PKS Automation/Common/Workflow Owner Finder FAILED because (of) (Stack trace: com.kms.katalon.core.exception.StepFailedException: Unable to click on object 'Object Repository/Final Object Repo/Landing Page/Select to English' (Root cause: com.kms.katalon.core.webui.exception.WebElementNotFoundException: Web element with id: 'Object Repository/Final Object Repo/Landing Page/Select to English' located by 'By.xpath: //a[@class = 'taglib-language-list-text' and @lang = 'en-US' and (contains(text(), 'EN') or contains(., 'EN'))]' not found)
	at com.kms.katalon.core.keyword.internal.KeywordMain.stepFailed(KeywordMain.groovy:32)
	at com.kms.katalon.core.webui.keyword.internal.WebUIKeywordMain.stepFailed(WebUIKeywordMain.groovy:65)
	at com.kms.katalon.core.webui.keyword.internal.WebUIKeywordMain.runKeyword(WebUIKeywordMain.groovy:27)
	at com.kms.katalon.core.webui.keyword.builtin.ClickKeyword.click(ClickKeyword.groovy:86)
	at com.kms.katalon.core.webui.keyword.builtin.ClickKeyword.execute(ClickKeyword.groovy:67)
	at com.kms.katalon.core.keyword.internal.KeywordExecutor.executeKeywordForPlatform(KeywordExecutor.groovy:53)
	at com.kms.katalon.core.webui.keyword.WebUiBuiltInKeywords.click(WebUiBuiltInKeywords.groovy:604)
	at com.kms.katalon.core.webui.keyword.WebUiBuiltInKeywords$click$8.call(Unknown Source)
	at Script1534407542420.run(Script1534407542420.groovy:57)
	at com.kms.katalon.core.main.ScriptEngine.run(ScriptEngine.java:183)
	at com.kms.katalon.core.main.ScriptEngine.runScriptAsRawText(ScriptEngine.java:108)
	at com.kms.katalon.core.main.TestCaseExecutor.runScript(TestCaseExecutor.java:294)
	at com.kms.katalon.core.main.TestCaseExecutor.doExecute(TestCaseExecutor.java:285)
	at com.kms.katalon.core.main.TestCaseExecutor.processExecutionPhase(TestCaseExecutor.java:264)
	at com.kms.katalon.core.main.TestCaseExecutor.accessMainPhase(TestCaseExecutor.java:256)
	at com.kms.katalon.core.main.TestCaseExecutor.execute(TestCaseExecutor.java:200)
	at com.kms.katalon.core.main.TestCaseMain.runTestCase(TestCaseMain.java:99)
	at com.kms.katalon.core.keyword.builtin.CallTestCaseKeyword$_callTestCase_closure1.doCall(CallTestCaseKeyword.groovy:60)
	at com.kms.katalon.core.keyword.builtin.CallTestCaseKeyword$_callTestCase_closure1.call(CallTestCaseKeyword.groovy)
	at com.kms.katalon.core.keyword.internal.KeywordMain.runKeyword(KeywordMain.groovy:54)
	at com.kms.katalon.core.keyword.builtin.CallTestCaseKeyword.callTestCase(CallTestCaseKeyword.groovy:81)
	at com.kms.katalon.core.keyword.builtin.CallTestCaseKeyword.execute(CallTestCaseKeyword.groovy:45)
	at com.kms.katalon.core.keyword.internal.KeywordExecutor.executeKeywordForPlatform(KeywordExecutor.groovy:53)
	at com.kms.katalon.core.keyword.BuiltinKeywords.callTestCase(BuiltinKeywords.groovy:334)
	at sun.reflect.GeneratedMethodAccessor13.invoke(Unknown Source)
	at sun.reflect.DelegatingMethodAccessorImpl.invoke(DelegatingMethodAccessorImpl.java:43)
	at java.lang.reflect.Method.invoke(Method.java:498)
	at org.codehaus.groovy.reflection.CachedMethod.invoke(CachedMethod.java:93)
	at groovy.lang.MetaMethod.doMethodInvoke(MetaMethod.java:325)
	at groovy.lang.MetaClassImpl.invokeStaticMethod(MetaClassImpl.java:1469)
	at org.codehaus.groovy.runtime.callsite.StaticMetaClassSite.call(StaticMetaClassSite.java:53)
	at org.codehaus.groovy.runtime.callsite.AbstractCallSite.call(AbstractCallSite.java:141)
	at Script1536113546450.run(Script1536113546450.groovy:34)
	at com.kms.katalon.core.main.ScriptEngine.run(ScriptEngine.java:183)
	at com.kms.katalon.core.main.ScriptEngine.runScriptAsRawText(ScriptEngine.java:108)
	at com.kms.katalon.core.main.TestCaseExecutor.runScript(TestCaseExecutor.java:294)
	at com.kms.katalon.core.main.TestCaseExecutor.doExecute(TestCaseExecutor.java:285)
	at com.kms.katalon.core.main.TestCaseExecutor.processExecutionPhase(TestCaseExecutor.java:264)
	at com.kms.katalon.core.main.TestCaseExecutor.accessMainPhase(TestCaseExecutor.java:256)
	at com.kms.katalon.core.main.TestCaseExecutor.execute(TestCaseExecutor.java:200)
	at com.kms.katalon.core.main.TestCaseMain.runTestCase(TestCaseMain.java:99)
	at com.kms.katalon.core.keyword.builtin.CallTestCaseKeyword$_callTestCase_closure1.doCall(CallTestCaseKeyword.groovy:60)
	at com.kms.katalon.core.keyword.builtin.CallTestCaseKeyword$_callTestCase_closure1.call(CallTestCaseKeyword.groovy)
	at com.kms.katalon.core.keyword.internal.KeywordMain.runKeyword(KeywordMain.groovy:54)
	at com.kms.katalon.core.keyword.builtin.CallTestCaseKeyword.callTestCase(CallTestCaseKeyword.groovy:81)
	at com.kms.katalon.core.keyword.builtin.CallTestCaseKeyword.execute(CallTestCaseKeyword.groovy:45)
	at com.kms.katalon.core.keyword.internal.KeywordExecutor.executeKeywordForPlatform(KeywordExecutor.groovy:53)
	at com.kms.katalon.core.keyword.BuiltinKeywords.callTestCase(BuiltinKeywords.groovy:334)
	at sun.reflect.GeneratedMethodAccessor13.invoke(Unknown Source)
	at sun.reflect.DelegatingMethodAccessorImpl.invoke(DelegatingMethodAccessorImpl.java:43)
	at java.lang.reflect.Method.invoke(Method.java:498)
	at org.codehaus.groovy.reflection.CachedMethod.invoke(CachedMethod.java:93)
	at groovy.lang.MetaMethod.doMethodInvoke(MetaMethod.java:325)
	at groovy.lang.MetaClassImpl.invokeStaticMethod(MetaClassImpl.java:1469)
	at org.codehaus.groovy.runtime.callsite.StaticMetaClassSite.call(StaticMetaClassSite.java:53)
	at org.codehaus.groovy.runtime.callsite.CallSiteArray.defaultCall(CallSiteArray.java:48)
	at org.codehaus.groovy.runtime.callsite.AbstractCallSite.call(AbstractCallSite.java:113)
	at org.codehaus.groovy.runtime.callsite.AbstractCallSite.call(AbstractCallSite.java:141)
	at Script1536204214757.run(Script1536204214757.groovy:25)
	at com.kms.katalon.core.main.ScriptEngine.run(ScriptEngine.java:183)
	at com.kms.katalon.core.main.ScriptEngine.runScriptAsRawText(ScriptEngine.java:108)
	at com.kms.katalon.core.main.TestCaseExecutor.runScript(TestCaseExecutor.java:294)
	at com.kms.katalon.core.main.TestCaseExecutor.doExecute(TestCaseExecutor.java:285)
	at com.kms.katalon.core.main.TestCaseExecutor.processExecutionPhase(TestCaseExecutor.java:264)
	at com.kms.katalon.core.main.TestCaseExecutor.accessMainPhase(TestCaseExecutor.java:256)
	at com.kms.katalon.core.main.TestCaseExecutor.execute(TestCaseExecutor.java:200)
	at com.kms.katalon.core.main.TestSuiteExecutor.accessTestCaseMainPhase(TestSuiteExecutor.java:129)
	at com.kms.katalon.core.main.TestSuiteExecutor.accessTestSuiteMainPhase(TestSuiteExecutor.java:112)
	at com.kms.katalon.core.main.TestSuiteExecutor.execute(TestSuiteExecutor.java:81)
	at com.kms.katalon.core.main.TestCaseMain.startTestSuite(TestCaseMain.java:142)
	at com.kms.katalon.core.main.TestCaseMain$startTestSuite$0.call(Unknown Source)
	at org.codehaus.groovy.runtime.callsite.CallSiteArray.defaultCall(CallSiteArray.java:48)
	at org.codehaus.groovy.runtime.callsite.AbstractCallSite.call(AbstractCallSite.java:113)
	at org.codehaus.groovy.runtime.callsite.AbstractCallSite.call(AbstractCallSite.java:141)
	at TempTestSuite1539973930605.run(TempTestSuite1539973930605.groovy:36)
	at groovy.lang.GroovyShell.runScriptOrMainOrTestOrRunnable(GroovyShell.java:263)
	at groovy.lang.GroovyShell.run(GroovyShell.java:518)
	at groovy.lang.GroovyShell.run(GroovyShell.java:507)
	at groovy.ui.GroovyMain.processOnce(GroovyMain.java:653)
	at groovy.ui.GroovyMain.run(GroovyMain.java:384)
	at groovy.ui.GroovyMain.process(GroovyMain.java:370)
	at groovy.ui.GroovyMain.processArgs(GroovyMain.java:129)
	at groovy.ui.GroovyMain.main(GroovyMain.java:109)
	at sun.reflect.NativeMethodAccessorImpl.invoke0(Native Method)
	at sun.reflect.NativeMethodAccessorImpl.invoke(NativeMethodAccessorImpl.java:62)
	at sun.reflect.DelegatingMethodAccessorImpl.invoke(DelegatingMethodAccessorImpl.java:43)
	at java.lang.reflect.Method.invoke(Method.java:498)
	at org.codehaus.groovy.tools.GroovyStarter.rootLoader(GroovyStarter.java:109)
	at org.codehaus.groovy.tools.GroovyStarter.main(GroovyStarter.java:131)
)

2018-10-20 09:27:57 - [TEST_STEP][PASSED] - openBrowser: Browser is opened with url: ''

2018-10-20 09:27:57 - [MESSAGE][WARNING] - A browser is already opened. Closing browser and opening a new one

2018-10-20 09:28:01 - [MESSAGE][PASSED] - Browser is opened with url: ''

2018-10-20 09:28:01 - [TEST_STEP][PASSED] - navigateToUrl: Navigate to 'https://assist2-uat.perkeso.gov.my/login' successfully

2018-10-20 09:28:03 - [MESSAGE][PASSED] - Navigate to 'https://assist2-uat.perkeso.gov.my/login' successfully

2018-10-20 09:28:03 - [TEST_STEP][PASSED] - delay: Delayed 5 second(s)

2018-10-20 09:28:08 - [MESSAGE][PASSED] - Delayed 5 second(s)

2018-10-20 09:28:08 - [TEST_STEP][PASSED] - setText: Text 'test@liferay.com' is set on object 'Object Repository/Final Object Repo/Login Page/Internal User/Email Address'

2018-10-20 09:28:08 - [MESSAGE][PASSED] - Text 'test@liferay.com' is set on object 'Object Repository/Final Object Repo/Login Page/Internal User/Email Address'

2018-10-20 09:28:08 - [TEST_STEP][PASSED] - click: Object: 'Object Repository/Final Object Repo/Login Page/Internal User/Next Button' is clicked on

2018-10-20 09:28:08 - [MESSAGE][PASSED] - Object: 'Object Repository/Final Object Repo/Login Page/Internal User/Next Button' is clicked on

2018-10-20 09:28:08 - [TEST_STEP][PASSED] - delay: Delayed 2 second(s)

2018-10-20 09:28:10 - [MESSAGE][PASSED] - Delayed 2 second(s)

2018-10-20 09:28:10 - [TEST_STEP][PASSED] - setText: Text 'test' is set on object 'Object Repository/Final Object Repo/Login Page/Internal User/Password'

2018-10-20 09:28:11 - [MESSAGE][PASSED] - Text 'test' is set on object 'Object Repository/Final Object Repo/Login Page/Internal User/Password'

2018-10-20 09:28:11 - [TEST_STEP][PASSED] - delay: Delayed 2 second(s)

2018-10-20 09:28:13 - [MESSAGE][PASSED] - Delayed 2 second(s)

2018-10-20 09:28:13 - [TEST_STEP][PASSED] - click: Object: 'Object Repository/Final Object Repo/Login Page/Internal User/Login Button' is clicked on

2018-10-20 09:28:13 - [MESSAGE][PASSED] - Object: 'Object Repository/Final Object Repo/Login Page/Internal User/Login Button' is clicked on

2018-10-20 09:28:13 - [TEST_STEP][FAILED] - Statement - Try: Delayed 2 second(s)

2018-10-20 09:28:13 - [TEST_STEP][PASSED] - Statement - Checker = false: null

2018-10-20 09:28:13 - [TEST_STEP][PASSED] - Statement - Checker = com.kms.katalon.core.webui.keyword.WebUiBuiltInKeywords.verifyElementHasAttribute(com.kms.katalon.core.testobject.ObjectRepository.findTestObject(Final Object Repo/Landing Page/BM Detecting), "href", 20, OPTIONAL): Unable to verify if object 'Object Repository/Final Object Repo/Landing Page/BM Detecting' has attribute 'href' (Root cause: org.openqa.selenium.StaleElementReferenceException: stale element reference: element is not attached to the page document
  (Session info: chrome=69.0.3497.100)
  (Driver info: chromedriver=2.35.528161 (5b82f2d2aae0ca24b877009200ced9065a772e73),platform=Windows NT 6.1.7601 SP1 x86_64) (WARNING: The server did not provide any stacktrace information)
Command duration or timeout: 0 milliseconds
For documentation on this error, please visit: http://seleniumhq.org/exceptions/stale_element_reference.html
Build info: version: '3.7.1', revision: '8a0099a', time: '2017-11-06T21:07:36.161Z'
System info: host: 'WEIZHENG', ip: '192.168.137.1', os.name: 'Windows 7', os.arch: 'amd64', os.version: '6.1', java.version: '1.8.0_181'
Driver info: com.kms.katalon.selenium.driver.CChromeDriver
Capabilities {acceptInsecureCerts: false, acceptSslCerts: false, applicationCacheEnabled: false, browserConnectionEnabled: false, browserName: chrome, chrome: {chromedriverVersion: 2.35.528161 (5b82f2d2aae0ca..., userDataDir: C:\Users\WEIZHE~1\AppData\L...}, cssSelectorsEnabled: true, databaseEnabled: false, handlesAlerts: true, hasTouchScreen: false, javascriptEnabled: true, locationContextEnabled: true, mobileEmulationEnabled: false, nativeEvents: true, networkConnectionEnabled: false, pageLoadStrategy: normal, platform: XP, platformName: XP, rotatable: false, setWindowRect: true, takesHeapSnapshot: true, takesScreenshot: true, unexpectedAlertBehaviour: , unhandledPromptBehavior: , version: 69.0.3497.100, webStorageEnabled: true}
Session ID: cd119eadedfcfde602db1a88799a5af9)

2018-10-20 09:28:16 - [MESSAGE][WARNING] - Unable to verify if object 'Object Repository/Final Object Repo/Landing Page/BM Detecting' has attribute 'href' (Root cause: org.openqa.selenium.StaleElementReferenceException: stale element reference: element is not attached to the page document
  (Session info: chrome=69.0.3497.100)
  (Driver info: chromedriver=2.35.528161 (5b82f2d2aae0ca24b877009200ced9065a772e73),platform=Windows NT 6.1.7601 SP1 x86_64) (WARNING: The server did not provide any stacktrace information)
Command duration or timeout: 0 milliseconds
For documentation on this error, please visit: http://seleniumhq.org/exceptions/stale_element_reference.html
Build info: version: '3.7.1', revision: '8a0099a', time: '2017-11-06T21:07:36.161Z'
System info: host: 'WEIZHENG', ip: '192.168.137.1', os.name: 'Windows 7', os.arch: 'amd64', os.version: '6.1', java.version: '1.8.0_181'
Driver info: com.kms.katalon.selenium.driver.CChromeDriver
Capabilities {acceptInsecureCerts: false, acceptSslCerts: false, applicationCacheEnabled: false, browserConnectionEnabled: false, browserName: chrome, chrome: {chromedriverVersion: 2.35.528161 (5b82f2d2aae0ca..., userDataDir: C:\Users\WEIZHE~1\AppData\L...}, cssSelectorsEnabled: true, databaseEnabled: false, handlesAlerts: true, hasTouchScreen: false, javascriptEnabled: true, locationContextEnabled: true, mobileEmulationEnabled: false, nativeEvents: true, networkConnectionEnabled: false, pageLoadStrategy: normal, platform: XP, platformName: XP, rotatable: false, setWindowRect: true, takesHeapSnapshot: true, takesScreenshot: true, unexpectedAlertBehaviour: , unhandledPromptBehavior: , version: 69.0.3497.100, webStorageEnabled: true}
Session ID: cd119eadedfcfde602db1a88799a5af9)
[[ATTACHMENT|C:\\Users\\LENOVO\\Katalon Studio\\Perkeso Phase A\\Reports\\Workflow\\Form 3 EIS - Cessation as Employer\\20181020_023210\\1539998895849.png]]

2018-10-20 09:28:16 - [TEST_STEP][PASSED] - Statement - out.println(Checker): null

2018-10-20 09:28:16 - [TEST_STEP][FAILED] - Statement - If (Checker == false): Unable to click on object 'Object Repository/Final Object Repo/Landing Page/Select to English' (Root cause: com.kms.katalon.core.webui.exception.WebElementNotFoundException: Web element with id: 'Object Repository/Final Object Repo/Landing Page/Select to English' located by 'By.xpath: //a[@class = 'taglib-language-list-text' and @lang = 'en-US' and (contains(text(), 'EN') or contains(., 'EN'))]' not found)

2018-10-20 09:28:16 - [TEST_STEP][FAILED] - click: Unable to click on object 'Object Repository/Final Object Repo/Landing Page/Select to English' (Root cause: com.kms.katalon.core.webui.exception.WebElementNotFoundException: Web element with id: 'Object Repository/Final Object Repo/Landing Page/Select to English' located by 'By.xpath: //a[@class = 'taglib-language-list-text' and @lang = 'en-US' and (contains(text(), 'EN') or contains(., 'EN'))]' not found)

2018-10-20 09:30:33 - [MESSAGE][FAILED] - Unable to click on object 'Object Repository/Final Object Repo/Landing Page/Select to English' (Root cause: com.kms.katalon.core.webui.exception.WebElementNotFoundException: Web element with id: 'Object Repository/Final Object Repo/Landing Page/Select to English' located by 'By.xpath: //a[@class = 'taglib-language-list-text' and @lang = 'en-US' and (contains(text(), 'EN') or contains(., 'EN'))]' not found)
[[ATTACHMENT|C:\\Users\\LENOVO\\Katalon Studio\\Perkeso Phase A\\Reports\\Workflow\\Form 3 EIS - Cessation as Employer\\20181020_023210\\1539999032734.png]]

2018-10-20 09:30:33 - [TEST_STEP][PASSED] - delay: Delayed 2 second(s)

2018-10-20 09:30:35 - [MESSAGE][PASSED] - Delayed 2 second(s)

2018-10-20 09:30:35 - [TEST_STEP][PASSED] - delay: Delayed 3 second(s)

2018-10-20 09:30:38 - [MESSAGE][PASSED] - Delayed 3 second(s)

2018-10-20 09:30:38 - [TEST_STEP][PASSED] - click: Object: 'Object Repository/Final Object Repo/Landing Page/WorkFlow Menu' is clicked on

2018-10-20 09:30:38 - [MESSAGE][PASSED] - Object: 'Object Repository/Final Object Repo/Landing Page/WorkFlow Menu' is clicked on

2018-10-20 09:30:38 - [TEST_STEP][PASSED] - delay: Delayed 2 second(s)

2018-10-20 09:30:40 - [MESSAGE][PASSED] - Delayed 2 second(s)

2018-10-20 09:30:40 - [TEST_STEP][FAILED] - click: Unable to click on object 'Object Repository/Final Object Repo/Landing Page/Select to Workflow Listing' (Root cause: org.openqa.selenium.ElementNotVisibleException: element not visible
  (Session info: chrome=69.0.3497.100)
  (Driver info: chromedriver=2.35.528161 (5b82f2d2aae0ca24b877009200ced9065a772e73),platform=Windows NT 6.1.7601 SP1 x86_64) (WARNING: The server did not provide any stacktrace information)
Command duration or timeout: 0 milliseconds
Build info: version: '3.7.1', revision: '8a0099a', time: '2017-11-06T21:07:36.161Z'
System info: host: 'WEIZHENG', ip: '192.168.137.1', os.name: 'Windows 7', os.arch: 'amd64', os.version: '6.1', java.version: '1.8.0_181'
Driver info: com.kms.katalon.selenium.driver.CChromeDriver
Capabilities {acceptInsecureCerts: false, acceptSslCerts: false, applicationCacheEnabled: false, browserConnectionEnabled: false, browserName: chrome, chrome: {chromedriverVersion: 2.35.528161 (5b82f2d2aae0ca..., userDataDir: C:\Users\WEIZHE~1\AppData\L...}, cssSelectorsEnabled: true, databaseEnabled: false, handlesAlerts: true, hasTouchScreen: false, javascriptEnabled: true, locationContextEnabled: true, mobileEmulationEnabled: false, nativeEvents: true, networkConnectionEnabled: false, pageLoadStrategy: normal, platform: XP, platformName: XP, rotatable: false, setWindowRect: true, takesHeapSnapshot: true, takesScreenshot: true, unexpectedAlertBehaviour: , unhandledPromptBehavior: , version: 69.0.3497.100, webStorageEnabled: true}
Session ID: cd119eadedfcfde602db1a88799a5af9)

2018-10-20 09:30:40 - [MESSAGE][FAILED] - Unable to click on object 'Object Repository/Final Object Repo/Landing Page/Select to Workflow Listing' (Root cause: org.openqa.selenium.ElementNotVisibleException: element not visible
  (Session info: chrome=69.0.3497.100)
  (Driver info: chromedriver=2.35.528161 (5b82f2d2aae0ca24b877009200ced9065a772e73),platform=Windows NT 6.1.7601 SP1 x86_64) (WARNING: The server did not provide any stacktrace information)
Command duration or timeout: 0 milliseconds
Build info: version: '3.7.1', revision: '8a0099a', time: '2017-11-06T21:07:36.161Z'
System info: host: 'WEIZHENG', ip: '192.168.137.1', os.name: 'Windows 7', os.arch: 'amd64', os.version: '6.1', java.version: '1.8.0_181'
Driver info: com.kms.katalon.selenium.driver.CChromeDriver
Capabilities {acceptInsecureCerts: false, acceptSslCerts: false, applicationCacheEnabled: false, browserConnectionEnabled: false, browserName: chrome, chrome: {chromedriverVersion: 2.35.528161 (5b82f2d2aae0ca..., userDataDir: C:\Users\WEIZHE~1\AppData\L...}, cssSelectorsEnabled: true, databaseEnabled: false, handlesAlerts: true, hasTouchScreen: false, javascriptEnabled: true, locationContextEnabled: true, mobileEmulationEnabled: false, nativeEvents: true, networkConnectionEnabled: false, pageLoadStrategy: normal, platform: XP, platformName: XP, rotatable: false, setWindowRect: true, takesHeapSnapshot: true, takesScreenshot: true, unexpectedAlertBehaviour: , unhandledPromptBehavior: , version: 69.0.3497.100, webStorageEnabled: true}
Session ID: cd119eadedfcfde602db1a88799a5af9)
[[ATTACHMENT|C:\\Users\\LENOVO\\Katalon Studio\\Perkeso Phase A\\Reports\\Workflow\\Form 3 EIS - Cessation as Employer\\20181020_023210\\1539999040279.png]]

2018-10-20 09:30:40 - [TEST_STEP][PASSED] - delay: Delayed 2 second(s)

2018-10-20 09:30:42 - [MESSAGE][PASSED] - Delayed 2 second(s)

2018-10-20 09:30:42 - [TEST_STEP][FAILED] - click: Unable to click on object 'Object Repository/Final Object Repo/WorkFlow Listing Page/Search Information - To Put Ref No' (Root cause: com.kms.katalon.core.webui.exception.WebElementNotFoundException: Web element with id: 'Object Repository/Final Object Repo/WorkFlow Listing Page/Search Information - To Put Ref No' located by 'By.xpath: //h2[@data-target = '#_workflowlisting_WAR_baseportlet_searchDiv' and (text() = 'Search Information' or . = 'Search Information')]' not found)

2018-10-20 09:32:52 - [MESSAGE][FAILED] - Unable to click on object 'Object Repository/Final Object Repo/WorkFlow Listing Page/Search Information - To Put Ref No' (Root cause: com.kms.katalon.core.webui.exception.WebElementNotFoundException: Web element with id: 'Object Repository/Final Object Repo/WorkFlow Listing Page/Search Information - To Put Ref No' located by 'By.xpath: //h2[@data-target = '#_workflowlisting_WAR_baseportlet_searchDiv' and (text() = 'Search Information' or . = 'Search Information')]' not found)
[[ATTACHMENT|C:\\Users\\LENOVO\\Katalon Studio\\Perkeso Phase A\\Reports\\Workflow\\Form 3 EIS - Cessation as Employer\\20181020_023210\\1539999172359.png]]

2018-10-20 09:32:52 - [TEST_STEP][PASSED] - delay: Delayed 2 second(s)

2018-10-20 09:32:54 - [MESSAGE][PASSED] - Delayed 2 second(s)

2018-10-20 09:32:54 - [TEST_STEP][PASSED] - callTestCase: Call Test Case 'Test Cases/Final Aug 2018 - PKS Automation/Common/Reference Number Getter' successfully

2018-10-20 09:32:54 - [TEST_CASE][PASSED] - Test Cases/Final Aug 2018 - PKS Automation/Common/Reference Number Getter: Test Cases/Final Aug 2018 - PKS Automation/Common/Reference Number Getter

2018-10-20 09:32:54 - [TEST_STEP][PASSED] - Statement - Try: null

2018-10-20 09:32:54 - [TEST_STEP][PASSED] - Statement - RefNo = new java.io.File(C://KatalonReference.txt): null

2018-10-20 09:32:54 - [TEST_STEP][PASSED] - Statement - bufferread = new java.io.BufferedReader(new java.io.FileReader(RefNo)): null

2018-10-20 09:32:54 - [TEST_STEP][PASSED] - Statement - readedVal = bufferread.readLine(): null

2018-10-20 09:32:54 - [TEST_STEP][PASSED] - Statement - out.println(CaseReferenceNo): null

2018-10-20 09:32:54 - [TEST_STEP][PASSED] - Statement - out.println(readedVal): null

2018-10-20 09:32:54 - [TEST_STEP][PASSED] - Statement - CaseReferenceNo = readedVal: null

2018-10-20 09:32:54 - [MESSAGE][PASSED] - Call Test Case 'Test Cases/Final Aug 2018 - PKS Automation/Common/Reference Number Getter' successfully

2018-10-20 09:32:54 - [TEST_STEP][FAILED] - setText: Unable to set text 'ERN102018C200002182' of object 'Object Repository/Final Object Repo/WorkFlow Listing Page/Ref No Set Text' (Root cause: com.kms.katalon.core.webui.exception.WebElementNotFoundException: Web element with id: 'Object Repository/Final Object Repo/WorkFlow Listing Page/Ref No Set Text' located by 'By.xpath: //input[@id = '_workflowlisting_WAR_baseportlet_dto.trxReferenceNum' and @name = '_workflowlisting_WAR_baseportlet_dto.trxReferenceNum' and @type = 'text']' not found)

2018-10-20 09:35:05 - [MESSAGE][FAILED] - Unable to set text 'ERN102018C200002182' of object 'Object Repository/Final Object Repo/WorkFlow Listing Page/Ref No Set Text' (Root cause: com.kms.katalon.core.webui.exception.WebElementNotFoundException: Web element with id: 'Object Repository/Final Object Repo/WorkFlow Listing Page/Ref No Set Text' located by 'By.xpath: //input[@id = '_workflowlisting_WAR_baseportlet_dto.trxReferenceNum' and @name = '_workflowlisting_WAR_baseportlet_dto.trxReferenceNum' and @type = 'text']' not found)
[[ATTACHMENT|C:\\Users\\LENOVO\\Katalon Studio\\Perkeso Phase A\\Reports\\Workflow\\Form 3 EIS - Cessation as Employer\\20181020_023210\\1539999304759.png]]

2018-10-20 09:35:05 - [TEST_STEP][PASSED] - delay: Delayed 2 second(s)

2018-10-20 09:35:07 - [MESSAGE][PASSED] - Delayed 2 second(s)

2018-10-20 09:35:07 - [TEST_STEP][FAILED] - click: Unable to click on object 'Object Repository/Final Object Repo/WorkFlow Listing Page/Search Ref No Search Button' (Root cause: org.openqa.selenium.ElementNotVisibleException: element not visible
  (Session info: chrome=69.0.3497.100)
  (Driver info: chromedriver=2.35.528161 (5b82f2d2aae0ca24b877009200ced9065a772e73),platform=Windows NT 6.1.7601 SP1 x86_64) (WARNING: The server did not provide any stacktrace information)
Command duration or timeout: 0 milliseconds
Build info: version: '3.7.1', revision: '8a0099a', time: '2017-11-06T21:07:36.161Z'
System info: host: 'WEIZHENG', ip: '192.168.137.1', os.name: 'Windows 7', os.arch: 'amd64', os.version: '6.1', java.version: '1.8.0_181'
Driver info: com.kms.katalon.selenium.driver.CChromeDriver
Capabilities {acceptInsecureCerts: false, acceptSslCerts: false, applicationCacheEnabled: false, browserConnectionEnabled: false, browserName: chrome, chrome: {chromedriverVersion: 2.35.528161 (5b82f2d2aae0ca..., userDataDir: C:\Users\WEIZHE~1\AppData\L...}, cssSelectorsEnabled: true, databaseEnabled: false, handlesAlerts: true, hasTouchScreen: false, javascriptEnabled: true, locationContextEnabled: true, mobileEmulationEnabled: false, nativeEvents: true, networkConnectionEnabled: false, pageLoadStrategy: normal, platform: XP, platformName: XP, rotatable: false, setWindowRect: true, takesHeapSnapshot: true, takesScreenshot: true, unexpectedAlertBehaviour: , unhandledPromptBehavior: , version: 69.0.3497.100, webStorageEnabled: true}
Session ID: cd119eadedfcfde602db1a88799a5af9)

2018-10-20 09:35:07 - [MESSAGE][FAILED] - Unable to click on object 'Object Repository/Final Object Repo/WorkFlow Listing Page/Search Ref No Search Button' (Root cause: org.openqa.selenium.ElementNotVisibleException: element not visible
  (Session info: chrome=69.0.3497.100)
  (Driver info: chromedriver=2.35.528161 (5b82f2d2aae0ca24b877009200ced9065a772e73),platform=Windows NT 6.1.7601 SP1 x86_64) (WARNING: The server did not provide any stacktrace information)
Command duration or timeout: 0 milliseconds
Build info: version: '3.7.1', revision: '8a0099a', time: '2017-11-06T21:07:36.161Z'
System info: host: 'WEIZHENG', ip: '192.168.137.1', os.name: 'Windows 7', os.arch: 'amd64', os.version: '6.1', java.version: '1.8.0_181'
Driver info: com.kms.katalon.selenium.driver.CChromeDriver
Capabilities {acceptInsecureCerts: false, acceptSslCerts: false, applicationCacheEnabled: false, browserConnectionEnabled: false, browserName: chrome, chrome: {chromedriverVersion: 2.35.528161 (5b82f2d2aae0ca..., userDataDir: C:\Users\WEIZHE~1\AppData\L...}, cssSelectorsEnabled: true, databaseEnabled: false, handlesAlerts: true, hasTouchScreen: false, javascriptEnabled: true, locationContextEnabled: true, mobileEmulationEnabled: false, nativeEvents: true, networkConnectionEnabled: false, pageLoadStrategy: normal, platform: XP, platformName: XP, rotatable: false, setWindowRect: true, takesHeapSnapshot: true, takesScreenshot: true, unexpectedAlertBehaviour: , unhandledPromptBehavior: , version: 69.0.3497.100, webStorageEnabled: true}
Session ID: cd119eadedfcfde602db1a88799a5af9)
[[ATTACHMENT|C:\\Users\\LENOVO\\Katalon Studio\\Perkeso Phase A\\Reports\\Workflow\\Form 3 EIS - Cessation as Employer\\20181020_023210\\1539999307186.png]]

2018-10-20 09:35:07 - [TEST_STEP][PASSED] - delay: Delayed 4 second(s)

2018-10-20 09:35:11 - [MESSAGE][PASSED] - Delayed 4 second(s)

2018-10-20 09:35:11 - [TEST_STEP][PASSED] - click: Object: 'Object Repository/Final Object Repo/WorkFlow Listing Page/Click Continue Tooltip' is clicked on

2018-10-20 09:35:13 - [MESSAGE][PASSED] - Object: 'Object Repository/Final Object Repo/WorkFlow Listing Page/Click Continue Tooltip' is clicked on

2018-10-20 09:35:13 - [TEST_STEP][PASSED] - delay: Delayed 5 second(s)

2018-10-20 09:35:18 - [MESSAGE][PASSED] - Delayed 5 second(s)

2018-10-20 09:35:18 - [TEST_STEP][FAILED] - doubleClick: Unable to double click on object 'Object Repository/Final Object Repo/WorkFlow Listing Page/Workflow Found - Listing 1' (Root cause: com.kms.katalon.core.webui.exception.WebElementNotFoundException: Web element with id: 'Object Repository/Final Object Repo/WorkFlow Listing Page/Workflow Found - Listing 1' located by 'By.xpath: //body/div/div/div/div/div/div/div/div/div/div/div/div/div/div/div/div/table/tbody/tr/td[@class='table-cell  first']/following-sibling::td[1]' not found)

2018-10-20 09:37:28 - [MESSAGE][FAILED] - Unable to double click on object 'Object Repository/Final Object Repo/WorkFlow Listing Page/Workflow Found - Listing 1' (Root cause: com.kms.katalon.core.webui.exception.WebElementNotFoundException: Web element with id: 'Object Repository/Final Object Repo/WorkFlow Listing Page/Workflow Found - Listing 1' located by 'By.xpath: //body/div/div/div/div/div/div/div/div/div/div/div/div/div/div/div/div/table/tbody/tr/td[@class='table-cell  first']/following-sibling::td[1]' not found)
[[ATTACHMENT|C:\\Users\\LENOVO\\Katalon Studio\\Perkeso Phase A\\Reports\\Workflow\\Form 3 EIS - Cessation as Employer\\20181020_023210\\1539999447962.png]]

2018-10-20 09:37:28 - [MESSAGE][FAILED] - Unable to call Test Case with id 'Test Cases/Final Aug 2018 - PKS Automation/Common/Workflow Owner Finder' (Root cause: Call Test Case 'Test Cases/Final Aug 2018 - PKS Automation/Common/Workflow Owner Finder' failed)

2018-10-20 09:37:28 - [MESSAGE][FAILED] - Unable to call Test Case with id 'Test Cases/Final Aug 2018 - PKS Automation/Registration Module/Workflow/Form 3 EIS - Cessation As Employer/Template/Form 3 A - Cessation As Employer (Under enforcement)' (Root cause: Call Test Case 'Test Cases/Final Aug 2018 - PKS Automation/Registration Module/Workflow/Form 3 EIS - Cessation As Employer/Template/Form 3 A - Cessation As Employer (Under enforcement)' failed)]]></system-out>
         <system-err><![CDATA[2018-10-20 09:26:54 - [TEST_CASE][FAILED] - Test Cases/Final Aug 2018 - PKS Automation/Registration Module/Workflow/Form 3 EIS - Cessation As Employer/OTC to UO (Under enforcement): Test Cases/Final Aug 2018 - PKS Automation/Registration Module/Workflow/Form 3 EIS - Cessation As Employer/OTC to UO (Under enforcement) FAILED because (of) (Stack trace: com.kms.katalon.core.exception.StepFailedException: Unable to click on object 'Object Repository/Final Object Repo/Landing Page/Select to English' (Root cause: com.kms.katalon.core.webui.exception.WebElementNotFoundException: Web element with id: 'Object Repository/Final Object Repo/Landing Page/Select to English' located by 'By.xpath: //a[@class = 'taglib-language-list-text' and @lang = 'en-US' and (contains(text(), 'EN') or contains(., 'EN'))]' not found)
	at com.kms.katalon.core.keyword.internal.KeywordMain.stepFailed(KeywordMain.groovy:32)
	at com.kms.katalon.core.webui.keyword.internal.WebUIKeywordMain.stepFailed(WebUIKeywordMain.groovy:65)
	at com.kms.katalon.core.webui.keyword.internal.WebUIKeywordMain.runKeyword(WebUIKeywordMain.groovy:27)
	at com.kms.katalon.core.webui.keyword.builtin.ClickKeyword.click(ClickKeyword.groovy:86)
	at com.kms.katalon.core.webui.keyword.builtin.ClickKeyword.execute(ClickKeyword.groovy:67)
	at com.kms.katalon.core.keyword.internal.KeywordExecutor.executeKeywordForPlatform(KeywordExecutor.groovy:53)
	at com.kms.katalon.core.webui.keyword.WebUiBuiltInKeywords.click(WebUiBuiltInKeywords.groovy:604)
	at com.kms.katalon.core.webui.keyword.WebUiBuiltInKeywords$click$8.call(Unknown Source)
	at Script1534407542420.run(Script1534407542420.groovy:57)
	at com.kms.katalon.core.main.ScriptEngine.run(ScriptEngine.java:183)
	at com.kms.katalon.core.main.ScriptEngine.runScriptAsRawText(ScriptEngine.java:108)
	at com.kms.katalon.core.main.TestCaseExecutor.runScript(TestCaseExecutor.java:294)
	at com.kms.katalon.core.main.TestCaseExecutor.doExecute(TestCaseExecutor.java:285)
	at com.kms.katalon.core.main.TestCaseExecutor.processExecutionPhase(TestCaseExecutor.java:264)
	at com.kms.katalon.core.main.TestCaseExecutor.accessMainPhase(TestCaseExecutor.java:256)
	at com.kms.katalon.core.main.TestCaseExecutor.execute(TestCaseExecutor.java:200)
	at com.kms.katalon.core.main.TestCaseMain.runTestCase(TestCaseMain.java:99)
	at com.kms.katalon.core.keyword.builtin.CallTestCaseKeyword$_callTestCase_closure1.doCall(CallTestCaseKeyword.groovy:60)
	at com.kms.katalon.core.keyword.builtin.CallTestCaseKeyword$_callTestCase_closure1.call(CallTestCaseKeyword.groovy)
	at com.kms.katalon.core.keyword.internal.KeywordMain.runKeyword(KeywordMain.groovy:54)
	at com.kms.katalon.core.keyword.builtin.CallTestCaseKeyword.callTestCase(CallTestCaseKeyword.groovy:81)
	at com.kms.katalon.core.keyword.builtin.CallTestCaseKeyword.execute(CallTestCaseKeyword.groovy:45)
	at com.kms.katalon.core.keyword.internal.KeywordExecutor.executeKeywordForPlatform(KeywordExecutor.groovy:53)
	at com.kms.katalon.core.keyword.BuiltinKeywords.callTestCase(BuiltinKeywords.groovy:334)
	at sun.reflect.GeneratedMethodAccessor13.invoke(Unknown Source)
	at sun.reflect.DelegatingMethodAccessorImpl.invoke(DelegatingMethodAccessorImpl.java:43)
	at java.lang.reflect.Method.invoke(Method.java:498)
	at org.codehaus.groovy.reflection.CachedMethod.invoke(CachedMethod.java:93)
	at groovy.lang.MetaMethod.doMethodInvoke(MetaMethod.java:325)
	at groovy.lang.MetaClassImpl.invokeStaticMethod(MetaClassImpl.java:1469)
	at org.codehaus.groovy.runtime.callsite.StaticMetaClassSite.call(StaticMetaClassSite.java:53)
	at org.codehaus.groovy.runtime.callsite.AbstractCallSite.call(AbstractCallSite.java:141)
	at Script1536113546450.run(Script1536113546450.groovy:34)
	at com.kms.katalon.core.main.ScriptEngine.run(ScriptEngine.java:183)
	at com.kms.katalon.core.main.ScriptEngine.runScriptAsRawText(ScriptEngine.java:108)
	at com.kms.katalon.core.main.TestCaseExecutor.runScript(TestCaseExecutor.java:294)
	at com.kms.katalon.core.main.TestCaseExecutor.doExecute(TestCaseExecutor.java:285)
	at com.kms.katalon.core.main.TestCaseExecutor.processExecutionPhase(TestCaseExecutor.java:264)
	at com.kms.katalon.core.main.TestCaseExecutor.accessMainPhase(TestCaseExecutor.java:256)
	at com.kms.katalon.core.main.TestCaseExecutor.execute(TestCaseExecutor.java:200)
	at com.kms.katalon.core.main.TestCaseMain.runTestCase(TestCaseMain.java:99)
	at com.kms.katalon.core.keyword.builtin.CallTestCaseKeyword$_callTestCase_closure1.doCall(CallTestCaseKeyword.groovy:60)
	at com.kms.katalon.core.keyword.builtin.CallTestCaseKeyword$_callTestCase_closure1.call(CallTestCaseKeyword.groovy)
	at com.kms.katalon.core.keyword.internal.KeywordMain.runKeyword(KeywordMain.groovy:54)
	at com.kms.katalon.core.keyword.builtin.CallTestCaseKeyword.callTestCase(CallTestCaseKeyword.groovy:81)
	at com.kms.katalon.core.keyword.builtin.CallTestCaseKeyword.execute(CallTestCaseKeyword.groovy:45)
	at com.kms.katalon.core.keyword.internal.KeywordExecutor.executeKeywordForPlatform(KeywordExecutor.groovy:53)
	at com.kms.katalon.core.keyword.BuiltinKeywords.callTestCase(BuiltinKeywords.groovy:334)
	at sun.reflect.GeneratedMethodAccessor13.invoke(Unknown Source)
	at sun.reflect.DelegatingMethodAccessorImpl.invoke(DelegatingMethodAccessorImpl.java:43)
	at java.lang.reflect.Method.invoke(Method.java:498)
	at org.codehaus.groovy.reflection.CachedMethod.invoke(CachedMethod.java:93)
	at groovy.lang.MetaMethod.doMethodInvoke(MetaMethod.java:325)
	at groovy.lang.MetaClassImpl.invokeStaticMethod(MetaClassImpl.java:1469)
	at org.codehaus.groovy.runtime.callsite.StaticMetaClassSite.call(StaticMetaClassSite.java:53)
	at org.codehaus.groovy.runtime.callsite.CallSiteArray.defaultCall(CallSiteArray.java:48)
	at org.codehaus.groovy.runtime.callsite.AbstractCallSite.call(AbstractCallSite.java:113)
	at org.codehaus.groovy.runtime.callsite.AbstractCallSite.call(AbstractCallSite.java:141)
	at Script1536204214757.run(Script1536204214757.groovy:25)
	at com.kms.katalon.core.main.ScriptEngine.run(ScriptEngine.java:183)
	at com.kms.katalon.core.main.ScriptEngine.runScriptAsRawText(ScriptEngine.java:108)
	at com.kms.katalon.core.main.TestCaseExecutor.runScript(TestCaseExecutor.java:294)
	at com.kms.katalon.core.main.TestCaseExecutor.doExecute(TestCaseExecutor.java:285)
	at com.kms.katalon.core.main.TestCaseExecutor.processExecutionPhase(TestCaseExecutor.java:264)
	at com.kms.katalon.core.main.TestCaseExecutor.accessMainPhase(TestCaseExecutor.java:256)
	at com.kms.katalon.core.main.TestCaseExecutor.execute(TestCaseExecutor.java:200)
	at com.kms.katalon.core.main.TestSuiteExecutor.accessTestCaseMainPhase(TestSuiteExecutor.java:129)
	at com.kms.katalon.core.main.TestSuiteExecutor.accessTestSuiteMainPhase(TestSuiteExecutor.java:112)
	at com.kms.katalon.core.main.TestSuiteExecutor.execute(TestSuiteExecutor.java:81)
	at com.kms.katalon.core.main.TestCaseMain.startTestSuite(TestCaseMain.java:142)
	at com.kms.katalon.core.main.TestCaseMain$startTestSuite$0.call(Unknown Source)
	at org.codehaus.groovy.runtime.callsite.CallSiteArray.defaultCall(CallSiteArray.java:48)
	at org.codehaus.groovy.runtime.callsite.AbstractCallSite.call(AbstractCallSite.java:113)
	at org.codehaus.groovy.runtime.callsite.AbstractCallSite.call(AbstractCallSite.java:141)
	at TempTestSuite1539973930605.run(TempTestSuite1539973930605.groovy:36)
	at groovy.lang.GroovyShell.runScriptOrMainOrTestOrRunnable(GroovyShell.java:263)
	at groovy.lang.GroovyShell.run(GroovyShell.java:518)
	at groovy.lang.GroovyShell.run(GroovyShell.java:507)
	at groovy.ui.GroovyMain.processOnce(GroovyMain.java:653)
	at groovy.ui.GroovyMain.run(GroovyMain.java:384)
	at groovy.ui.GroovyMain.process(GroovyMain.java:370)
	at groovy.ui.GroovyMain.processArgs(GroovyMain.java:129)
	at groovy.ui.GroovyMain.main(GroovyMain.java:109)
	at sun.reflect.NativeMethodAccessorImpl.invoke0(Native Method)
	at sun.reflect.NativeMethodAccessorImpl.invoke(NativeMethodAccessorImpl.java:62)
	at sun.reflect.DelegatingMethodAccessorImpl.invoke(DelegatingMethodAccessorImpl.java:43)
	at java.lang.reflect.Method.invoke(Method.java:498)
	at org.codehaus.groovy.tools.GroovyStarter.rootLoader(GroovyStarter.java:109)
	at org.codehaus.groovy.tools.GroovyStarter.main(GroovyStarter.java:131)
)]]></system-err>
      </testcase>
      <testcase name="Test Cases/Final Aug 2018 - PKS Automation/Registration Module/Workflow/Form 3 EIS - Cessation As Employer/PKRBO to UO (Approve)" classname="Test Cases/Final Aug 2018 - PKS Automation/Registration Module/Workflow/Form 3 EIS - Cessation As Employer/PKRBO to UO (Approve)" status="FAILED">
         <failure type="FAILED" message="(Stack trace: com.kms.katalon.core.exception.StepFailedException: Unable to click on object 'Object Repository/Final Object Repo/Landing Page/Select to English' (Root cause: com.kms.katalon.core.webui.exception.WebElementNotFoundException: Web element with id: 'Object Repository/Final Object Repo/Landing Page/Select to English' located by 'By.xpath: //a[@class = 'taglib-language-list-text' and @lang = 'en-US' and (contains(text(), 'EN') or contains(., 'EN'))]' not found)
	at com.kms.katalon.core.keyword.internal.KeywordMain.stepFailed(KeywordMain.groovy:32)
	at com.kms.katalon.core.webui.keyword.internal.WebUIKeywordMain.stepFailed(WebUIKeywordMain.groovy:65)
	at com.kms.katalon.core.webui.keyword.internal.WebUIKeywordMain.runKeyword(WebUIKeywordMain.groovy:27)
	at com.kms.katalon.core.webui.keyword.builtin.ClickKeyword.click(ClickKeyword.groovy:86)
	at com.kms.katalon.core.webui.keyword.builtin.ClickKeyword.execute(ClickKeyword.groovy:67)
	at com.kms.katalon.core.keyword.internal.KeywordExecutor.executeKeywordForPlatform(KeywordExecutor.groovy:53)
	at com.kms.katalon.core.webui.keyword.WebUiBuiltInKeywords.click(WebUiBuiltInKeywords.groovy:604)
	at com.kms.katalon.core.webui.keyword.WebUiBuiltInKeywords$click$8.call(Unknown Source)
	at Script1534407542420.run(Script1534407542420.groovy:57)
	at com.kms.katalon.core.main.ScriptEngine.run(ScriptEngine.java:183)
	at com.kms.katalon.core.main.ScriptEngine.runScriptAsRawText(ScriptEngine.java:108)
	at com.kms.katalon.core.main.TestCaseExecutor.runScript(TestCaseExecutor.java:294)
	at com.kms.katalon.core.main.TestCaseExecutor.doExecute(TestCaseExecutor.java:285)
	at com.kms.katalon.core.main.TestCaseExecutor.processExecutionPhase(TestCaseExecutor.java:264)
	at com.kms.katalon.core.main.TestCaseExecutor.accessMainPhase(TestCaseExecutor.java:256)
	at com.kms.katalon.core.main.TestCaseExecutor.execute(TestCaseExecutor.java:200)
	at com.kms.katalon.core.main.TestCaseMain.runTestCase(TestCaseMain.java:99)
	at com.kms.katalon.core.keyword.builtin.CallTestCaseKeyword$_callTestCase_closure1.doCall(CallTestCaseKeyword.groovy:60)
	at com.kms.katalon.core.keyword.builtin.CallTestCaseKeyword$_callTestCase_closure1.call(CallTestCaseKeyword.groovy)
	at com.kms.katalon.core.keyword.internal.KeywordMain.runKeyword(KeywordMain.groovy:54)
	at com.kms.katalon.core.keyword.builtin.CallTestCaseKeyword.callTestCase(CallTestCaseKeyword.groovy:81)
	at com.kms.katalon.core.keyword.builtin.CallTestCaseKeyword.execute(CallTestCaseKeyword.groovy:45)
	at com.kms.katalon.core.keyword.internal.KeywordExecutor.executeKeywordForPlatform(KeywordExecutor.groovy:53)
	at com.kms.katalon.core.keyword.BuiltinKeywords.callTestCase(BuiltinKeywords.groovy:334)
	at sun.reflect.GeneratedMethodAccessor13.invoke(Unknown Source)
	at sun.reflect.DelegatingMethodAccessorImpl.invoke(DelegatingMethodAccessorImpl.java:43)
	at java.lang.reflect.Method.invoke(Method.java:498)
	at org.codehaus.groovy.reflection.CachedMethod.invoke(CachedMethod.java:93)
	at groovy.lang.MetaMethod.doMethodInvoke(MetaMethod.java:325)
	at groovy.lang.MetaClassImpl.invokeStaticMethod(MetaClassImpl.java:1469)
	at org.codehaus.groovy.runtime.callsite.StaticMetaClassSite.call(StaticMetaClassSite.java:53)
	at org.codehaus.groovy.runtime.callsite.AbstractCallSite.call(AbstractCallSite.java:141)
	at Script1536043843412.run(Script1536043843412.groovy:34)
	at com.kms.katalon.core.main.ScriptEngine.run(ScriptEngine.java:183)
	at com.kms.katalon.core.main.ScriptEngine.runScriptAsRawText(ScriptEngine.java:108)
	at com.kms.katalon.core.main.TestCaseExecutor.runScript(TestCaseExecutor.java:294)
	at com.kms.katalon.core.main.TestCaseExecutor.doExecute(TestCaseExecutor.java:285)
	at com.kms.katalon.core.main.TestCaseExecutor.processExecutionPhase(TestCaseExecutor.java:264)
	at com.kms.katalon.core.main.TestCaseExecutor.accessMainPhase(TestCaseExecutor.java:256)
	at com.kms.katalon.core.main.TestCaseExecutor.execute(TestCaseExecutor.java:200)
	at com.kms.katalon.core.main.TestCaseMain.runTestCase(TestCaseMain.java:99)
	at com.kms.katalon.core.keyword.builtin.CallTestCaseKeyword$_callTestCase_closure1.doCall(CallTestCaseKeyword.groovy:60)
	at com.kms.katalon.core.keyword.builtin.CallTestCaseKeyword$_callTestCase_closure1.call(CallTestCaseKeyword.groovy)
	at com.kms.katalon.core.keyword.internal.KeywordMain.runKeyword(KeywordMain.groovy:54)
	at com.kms.katalon.core.keyword.builtin.CallTestCaseKeyword.callTestCase(CallTestCaseKeyword.groovy:81)
	at com.kms.katalon.core.keyword.builtin.CallTestCaseKeyword.execute(CallTestCaseKeyword.groovy:45)
	at com.kms.katalon.core.keyword.internal.KeywordExecutor.executeKeywordForPlatform(KeywordExecutor.groovy:53)
	at com.kms.katalon.core.keyword.BuiltinKeywords.callTestCase(BuiltinKeywords.groovy:334)
	at sun.reflect.GeneratedMethodAccessor13.invoke(Unknown Source)
	at sun.reflect.DelegatingMethodAccessorImpl.invoke(DelegatingMethodAccessorImpl.java:43)
	at java.lang.reflect.Method.invoke(Method.java:498)
	at org.codehaus.groovy.reflection.CachedMethod.invoke(CachedMethod.java:93)
	at groovy.lang.MetaMethod.doMethodInvoke(MetaMethod.java:325)
	at groovy.lang.MetaClassImpl.invokeStaticMethod(MetaClassImpl.java:1469)
	at org.codehaus.groovy.runtime.callsite.StaticMetaClassSite.call(StaticMetaClassSite.java:53)
	at org.codehaus.groovy.runtime.callsite.CallSiteArray.defaultCall(CallSiteArray.java:48)
	at org.codehaus.groovy.runtime.callsite.AbstractCallSite.call(AbstractCallSite.java:113)
	at org.codehaus.groovy.runtime.callsite.AbstractCallSite.call(AbstractCallSite.java:141)
	at Script1536204583402.run(Script1536204583402.groovy:25)
	at com.kms.katalon.core.main.ScriptEngine.run(ScriptEngine.java:183)
	at com.kms.katalon.core.main.ScriptEngine.runScriptAsRawText(ScriptEngine.java:108)
	at com.kms.katalon.core.main.TestCaseExecutor.runScript(TestCaseExecutor.java:294)
	at com.kms.katalon.core.main.TestCaseExecutor.doExecute(TestCaseExecutor.java:285)
	at com.kms.katalon.core.main.TestCaseExecutor.processExecutionPhase(TestCaseExecutor.java:264)
	at com.kms.katalon.core.main.TestCaseExecutor.accessMainPhase(TestCaseExecutor.java:256)
	at com.kms.katalon.core.main.TestCaseExecutor.execute(TestCaseExecutor.java:200)
	at com.kms.katalon.core.main.TestSuiteExecutor.accessTestCaseMainPhase(TestSuiteExecutor.java:129)
	at com.kms.katalon.core.main.TestSuiteExecutor.accessTestSuiteMainPhase(TestSuiteExecutor.java:112)
	at com.kms.katalon.core.main.TestSuiteExecutor.execute(TestSuiteExecutor.java:81)
	at com.kms.katalon.core.main.TestCaseMain.startTestSuite(TestCaseMain.java:142)
	at com.kms.katalon.core.main.TestCaseMain$startTestSuite$0.call(Unknown Source)
	at org.codehaus.groovy.runtime.callsite.CallSiteArray.defaultCall(CallSiteArray.java:48)
	at org.codehaus.groovy.runtime.callsite.AbstractCallSite.call(AbstractCallSite.java:113)
	at org.codehaus.groovy.runtime.callsite.AbstractCallSite.call(AbstractCallSite.java:141)
	at TempTestSuite1539973930605.run(TempTestSuite1539973930605.groovy:36)
	at groovy.lang.GroovyShell.runScriptOrMainOrTestOrRunnable(GroovyShell.java:263)
	at groovy.lang.GroovyShell.run(GroovyShell.java:518)
	at groovy.lang.GroovyShell.run(GroovyShell.java:507)
	at groovy.ui.GroovyMain.processOnce(GroovyMain.java:653)
	at groovy.ui.GroovyMain.run(GroovyMain.java:384)
	at groovy.ui.GroovyMain.process(GroovyMain.java:370)
	at groovy.ui.GroovyMain.processArgs(GroovyMain.java:129)
	at groovy.ui.GroovyMain.main(GroovyMain.java:109)
	at sun.reflect.NativeMethodAccessorImpl.invoke0(Native Method)
	at sun.reflect.NativeMethodAccessorImpl.invoke(NativeMethodAccessorImpl.java:62)
	at sun.reflect.DelegatingMethodAccessorImpl.invoke(DelegatingMethodAccessorImpl.java:43)
	at java.lang.reflect.Method.invoke(Method.java:498)
	at org.codehaus.groovy.tools.GroovyStarter.rootLoader(GroovyStarter.java:109)
	at org.codehaus.groovy.tools.GroovyStarter.main(GroovyStarter.java:131)
)"/>
         <system-out><![CDATA[2018-10-20 09:37:28 - [TEST_CASE][FAILED] - Test Cases/Final Aug 2018 - PKS Automation/Registration Module/Workflow/Form 3 EIS - Cessation As Employer/PKRBO to UO (Approve): Test Cases/Final Aug 2018 - PKS Automation/Registration Module/Workflow/Form 3 EIS - Cessation As Employer/PKRBO to UO (Approve) FAILED because (of) (Stack trace: com.kms.katalon.core.exception.StepFailedException: Unable to click on object 'Object Repository/Final Object Repo/Landing Page/Select to English' (Root cause: com.kms.katalon.core.webui.exception.WebElementNotFoundException: Web element with id: 'Object Repository/Final Object Repo/Landing Page/Select to English' located by 'By.xpath: //a[@class = 'taglib-language-list-text' and @lang = 'en-US' and (contains(text(), 'EN') or contains(., 'EN'))]' not found)
	at com.kms.katalon.core.keyword.internal.KeywordMain.stepFailed(KeywordMain.groovy:32)
	at com.kms.katalon.core.webui.keyword.internal.WebUIKeywordMain.stepFailed(WebUIKeywordMain.groovy:65)
	at com.kms.katalon.core.webui.keyword.internal.WebUIKeywordMain.runKeyword(WebUIKeywordMain.groovy:27)
	at com.kms.katalon.core.webui.keyword.builtin.ClickKeyword.click(ClickKeyword.groovy:86)
	at com.kms.katalon.core.webui.keyword.builtin.ClickKeyword.execute(ClickKeyword.groovy:67)
	at com.kms.katalon.core.keyword.internal.KeywordExecutor.executeKeywordForPlatform(KeywordExecutor.groovy:53)
	at com.kms.katalon.core.webui.keyword.WebUiBuiltInKeywords.click(WebUiBuiltInKeywords.groovy:604)
	at com.kms.katalon.core.webui.keyword.WebUiBuiltInKeywords$click$8.call(Unknown Source)
	at Script1534407542420.run(Script1534407542420.groovy:57)
	at com.kms.katalon.core.main.ScriptEngine.run(ScriptEngine.java:183)
	at com.kms.katalon.core.main.ScriptEngine.runScriptAsRawText(ScriptEngine.java:108)
	at com.kms.katalon.core.main.TestCaseExecutor.runScript(TestCaseExecutor.java:294)
	at com.kms.katalon.core.main.TestCaseExecutor.doExecute(TestCaseExecutor.java:285)
	at com.kms.katalon.core.main.TestCaseExecutor.processExecutionPhase(TestCaseExecutor.java:264)
	at com.kms.katalon.core.main.TestCaseExecutor.accessMainPhase(TestCaseExecutor.java:256)
	at com.kms.katalon.core.main.TestCaseExecutor.execute(TestCaseExecutor.java:200)
	at com.kms.katalon.core.main.TestCaseMain.runTestCase(TestCaseMain.java:99)
	at com.kms.katalon.core.keyword.builtin.CallTestCaseKeyword$_callTestCase_closure1.doCall(CallTestCaseKeyword.groovy:60)
	at com.kms.katalon.core.keyword.builtin.CallTestCaseKeyword$_callTestCase_closure1.call(CallTestCaseKeyword.groovy)
	at com.kms.katalon.core.keyword.internal.KeywordMain.runKeyword(KeywordMain.groovy:54)
	at com.kms.katalon.core.keyword.builtin.CallTestCaseKeyword.callTestCase(CallTestCaseKeyword.groovy:81)
	at com.kms.katalon.core.keyword.builtin.CallTestCaseKeyword.execute(CallTestCaseKeyword.groovy:45)
	at com.kms.katalon.core.keyword.internal.KeywordExecutor.executeKeywordForPlatform(KeywordExecutor.groovy:53)
	at com.kms.katalon.core.keyword.BuiltinKeywords.callTestCase(BuiltinKeywords.groovy:334)
	at sun.reflect.GeneratedMethodAccessor13.invoke(Unknown Source)
	at sun.reflect.DelegatingMethodAccessorImpl.invoke(DelegatingMethodAccessorImpl.java:43)
	at java.lang.reflect.Method.invoke(Method.java:498)
	at org.codehaus.groovy.reflection.CachedMethod.invoke(CachedMethod.java:93)
	at groovy.lang.MetaMethod.doMethodInvoke(MetaMethod.java:325)
	at groovy.lang.MetaClassImpl.invokeStaticMethod(MetaClassImpl.java:1469)
	at org.codehaus.groovy.runtime.callsite.StaticMetaClassSite.call(StaticMetaClassSite.java:53)
	at org.codehaus.groovy.runtime.callsite.AbstractCallSite.call(AbstractCallSite.java:141)
	at Script1536043843412.run(Script1536043843412.groovy:34)
	at com.kms.katalon.core.main.ScriptEngine.run(ScriptEngine.java:183)
	at com.kms.katalon.core.main.ScriptEngine.runScriptAsRawText(ScriptEngine.java:108)
	at com.kms.katalon.core.main.TestCaseExecutor.runScript(TestCaseExecutor.java:294)
	at com.kms.katalon.core.main.TestCaseExecutor.doExecute(TestCaseExecutor.java:285)
	at com.kms.katalon.core.main.TestCaseExecutor.processExecutionPhase(TestCaseExecutor.java:264)
	at com.kms.katalon.core.main.TestCaseExecutor.accessMainPhase(TestCaseExecutor.java:256)
	at com.kms.katalon.core.main.TestCaseExecutor.execute(TestCaseExecutor.java:200)
	at com.kms.katalon.core.main.TestCaseMain.runTestCase(TestCaseMain.java:99)
	at com.kms.katalon.core.keyword.builtin.CallTestCaseKeyword$_callTestCase_closure1.doCall(CallTestCaseKeyword.groovy:60)
	at com.kms.katalon.core.keyword.builtin.CallTestCaseKeyword$_callTestCase_closure1.call(CallTestCaseKeyword.groovy)
	at com.kms.katalon.core.keyword.internal.KeywordMain.runKeyword(KeywordMain.groovy:54)
	at com.kms.katalon.core.keyword.builtin.CallTestCaseKeyword.callTestCase(CallTestCaseKeyword.groovy:81)
	at com.kms.katalon.core.keyword.builtin.CallTestCaseKeyword.execute(CallTestCaseKeyword.groovy:45)
	at com.kms.katalon.core.keyword.internal.KeywordExecutor.executeKeywordForPlatform(KeywordExecutor.groovy:53)
	at com.kms.katalon.core.keyword.BuiltinKeywords.callTestCase(BuiltinKeywords.groovy:334)
	at sun.reflect.GeneratedMethodAccessor13.invoke(Unknown Source)
	at sun.reflect.DelegatingMethodAccessorImpl.invoke(DelegatingMethodAccessorImpl.java:43)
	at java.lang.reflect.Method.invoke(Method.java:498)
	at org.codehaus.groovy.reflection.CachedMethod.invoke(CachedMethod.java:93)
	at groovy.lang.MetaMethod.doMethodInvoke(MetaMethod.java:325)
	at groovy.lang.MetaClassImpl.invokeStaticMethod(MetaClassImpl.java:1469)
	at org.codehaus.groovy.runtime.callsite.StaticMetaClassSite.call(StaticMetaClassSite.java:53)
	at org.codehaus.groovy.runtime.callsite.CallSiteArray.defaultCall(CallSiteArray.java:48)
	at org.codehaus.groovy.runtime.callsite.AbstractCallSite.call(AbstractCallSite.java:113)
	at org.codehaus.groovy.runtime.callsite.AbstractCallSite.call(AbstractCallSite.java:141)
	at Script1536204583402.run(Script1536204583402.groovy:25)
	at com.kms.katalon.core.main.ScriptEngine.run(ScriptEngine.java:183)
	at com.kms.katalon.core.main.ScriptEngine.runScriptAsRawText(ScriptEngine.java:108)
	at com.kms.katalon.core.main.TestCaseExecutor.runScript(TestCaseExecutor.java:294)
	at com.kms.katalon.core.main.TestCaseExecutor.doExecute(TestCaseExecutor.java:285)
	at com.kms.katalon.core.main.TestCaseExecutor.processExecutionPhase(TestCaseExecutor.java:264)
	at com.kms.katalon.core.main.TestCaseExecutor.accessMainPhase(TestCaseExecutor.java:256)
	at com.kms.katalon.core.main.TestCaseExecutor.execute(TestCaseExecutor.java:200)
	at com.kms.katalon.core.main.TestSuiteExecutor.accessTestCaseMainPhase(TestSuiteExecutor.java:129)
	at com.kms.katalon.core.main.TestSuiteExecutor.accessTestSuiteMainPhase(TestSuiteExecutor.java:112)
	at com.kms.katalon.core.main.TestSuiteExecutor.execute(TestSuiteExecutor.java:81)
	at com.kms.katalon.core.main.TestCaseMain.startTestSuite(TestCaseMain.java:142)
	at com.kms.katalon.core.main.TestCaseMain$startTestSuite$0.call(Unknown Source)
	at org.codehaus.groovy.runtime.callsite.CallSiteArray.defaultCall(CallSiteArray.java:48)
	at org.codehaus.groovy.runtime.callsite.AbstractCallSite.call(AbstractCallSite.java:113)
	at org.codehaus.groovy.runtime.callsite.AbstractCallSite.call(AbstractCallSite.java:141)
	at TempTestSuite1539973930605.run(TempTestSuite1539973930605.groovy:36)
	at groovy.lang.GroovyShell.runScriptOrMainOrTestOrRunnable(GroovyShell.java:263)
	at groovy.lang.GroovyShell.run(GroovyShell.java:518)
	at groovy.lang.GroovyShell.run(GroovyShell.java:507)
	at groovy.ui.GroovyMain.processOnce(GroovyMain.java:653)
	at groovy.ui.GroovyMain.run(GroovyMain.java:384)
	at groovy.ui.GroovyMain.process(GroovyMain.java:370)
	at groovy.ui.GroovyMain.processArgs(GroovyMain.java:129)
	at groovy.ui.GroovyMain.main(GroovyMain.java:109)
	at sun.reflect.NativeMethodAccessorImpl.invoke0(Native Method)
	at sun.reflect.NativeMethodAccessorImpl.invoke(NativeMethodAccessorImpl.java:62)
	at sun.reflect.DelegatingMethodAccessorImpl.invoke(DelegatingMethodAccessorImpl.java:43)
	at java.lang.reflect.Method.invoke(Method.java:498)
	at org.codehaus.groovy.tools.GroovyStarter.rootLoader(GroovyStarter.java:109)
	at org.codehaus.groovy.tools.GroovyStarter.main(GroovyStarter.java:131)
)

2018-10-20 09:37:28 - [TEST_STEP][PASSED] - callTestCase: Call Test Case 'Test Cases/Final Aug 2018 - PKS Automation/Registration Module/Workflow/Form 3 EIS - Cessation As Employer/Template/Form 3 A - Cessation As Employer (PKRBO)' successfully

2018-10-20 09:37:28 - [TEST_CASE][PASSED] - Test Cases/Final Aug 2018 - PKS Automation/Registration Module/Workflow/Form 3 EIS - Cessation As Employer/Template/Form 3 A - Cessation As Employer (PKRBO): Test Cases/Final Aug 2018 - PKS Automation/Registration Module/Workflow/Form 3 EIS - Cessation As Employer/Template/Form 3 A - Cessation As Employer (PKRBO)

2018-10-20 09:37:28 - [TEST_STEP][PASSED] - openBrowser: Browser is opened with url: ''

2018-10-20 09:37:28 - [MESSAGE][WARNING] - A browser is already opened. Closing browser and opening a new one

2018-10-20 09:37:32 - [MESSAGE][PASSED] - Browser is opened with url: ''

2018-10-20 09:37:32 - [TEST_STEP][PASSED] - navigateToUrl: Navigate to 'https://assist2-uat.perkeso.gov.my/login' successfully

2018-10-20 09:37:35 - [MESSAGE][PASSED] - Navigate to 'https://assist2-uat.perkeso.gov.my/login' successfully

2018-10-20 09:37:35 - [TEST_STEP][PASSED] - setText: Text 'johorpkrbo1@gmail.com' is set on object 'Object Repository/Final Object Repo/Login Page/Internal User/Email Address'

2018-10-20 09:37:36 - [MESSAGE][PASSED] - Text 'johorpkrbo1@gmail.com' is set on object 'Object Repository/Final Object Repo/Login Page/Internal User/Email Address'

2018-10-20 09:37:36 - [TEST_STEP][PASSED] - click: Object: 'Object Repository/Final Object Repo/Login Page/Internal User/Next Button' is clicked on

2018-10-20 09:37:36 - [MESSAGE][PASSED] - Object: 'Object Repository/Final Object Repo/Login Page/Internal User/Next Button' is clicked on

2018-10-20 09:37:36 - [TEST_STEP][PASSED] - delay: Delayed 1 second(s)

2018-10-20 09:37:37 - [MESSAGE][PASSED] - Delayed 1 second(s)

2018-10-20 09:37:37 - [TEST_STEP][PASSED] - setEncryptedText: Text ****** has been set on object 'Object Repository/Final Object Repo/Login Page/Internal User/Password'

2018-10-20 09:37:37 - [MESSAGE][PASSED] - Text ****** has been set on object 'Object Repository/Final Object Repo/Login Page/Internal User/Password'

2018-10-20 09:37:37 - [TEST_STEP][PASSED] - click: Object: 'Object Repository/Final Object Repo/Login Page/Internal User/Login Button' is clicked on

2018-10-20 09:37:37 - [MESSAGE][PASSED] - Object: 'Object Repository/Final Object Repo/Login Page/Internal User/Login Button' is clicked on

2018-10-20 09:37:37 - [TEST_STEP][PASSED] - delay: Delayed 1 second(s)

2018-10-20 09:37:38 - [MESSAGE][PASSED] - Delayed 1 second(s)

2018-10-20 09:37:38 - [TEST_STEP][PASSED] - Statement - Try: Delayed 2 second(s)

2018-10-20 09:37:38 - [TEST_STEP][PASSED] - Statement - Checker = false: null

2018-10-20 09:37:38 - [TEST_STEP][PASSED] - Statement - Checker = com.kms.katalon.core.webui.keyword.WebUiBuiltInKeywords.verifyElementHasAttribute(com.kms.katalon.core.testobject.ObjectRepository.findTestObject(Final Object Repo/Landing Page/BM Detecting), "href", 20, OPTIONAL): Object 'Object Repository/Final Object Repo/Landing Page/BM Detecting' has attribute 'href'

2018-10-20 09:37:40 - [MESSAGE][PASSED] - Object 'Object Repository/Final Object Repo/Landing Page/BM Detecting' has attribute 'href'

2018-10-20 09:37:40 - [TEST_STEP][PASSED] - Statement - out.println(Checker): null

2018-10-20 09:37:40 - [TEST_STEP][PASSED] - Statement - If (Checker == false): null

2018-10-20 09:37:40 - [TEST_STEP][PASSED] - Statement - Else: null

2018-10-20 09:37:40 - [TEST_STEP][PASSED] - delay: Delayed 2 second(s)

2018-10-20 09:37:42 - [MESSAGE][PASSED] - Delayed 2 second(s)

2018-10-20 09:37:42 - [TEST_STEP][PASSED] - navigateToUrl: Navigate to 'https://assist2-uat.perkeso.gov.my/web/registration/eis-update/form-3-eis-cessation-as-employer' successfully

2018-10-20 09:37:43 - [MESSAGE][PASSED] - Navigate to 'https://assist2-uat.perkeso.gov.my/web/registration/eis-update/form-3-eis-cessation-as-employer' successfully

2018-10-20 09:37:43 - [TEST_STEP][PASSED] - delay: Delayed 1 second(s)

2018-10-20 09:37:44 - [MESSAGE][PASSED] - Delayed 1 second(s)

2018-10-20 09:37:44 - [TEST_STEP][PASSED] - setText: Text 'E1102069769W' is set on object 'Object Repository/Final Object Repo/Page_Form 3 EIS - Cessation as Employer/Employer Code'

2018-10-20 09:37:44 - [MESSAGE][PASSED] - Text 'E1102069769W' is set on object 'Object Repository/Final Object Repo/Page_Form 3 EIS - Cessation as Employer/Employer Code'

2018-10-20 09:37:44 - [TEST_STEP][PASSED] - click: Object: 'Object Repository/Final Object Repo/Page_Form 3 EIS - Cessation as Employer/Search' is clicked on

2018-10-20 09:37:44 - [MESSAGE][PASSED] - Object: 'Object Repository/Final Object Repo/Page_Form 3 EIS - Cessation as Employer/Search' is clicked on

2018-10-20 09:37:44 - [TEST_STEP][PASSED] - click: Object: 'Object Repository/Final Object Repo/Page_Form 3 EIS - Cessation as Employer/Edit' is clicked on

2018-10-20 09:37:47 - [MESSAGE][PASSED] - Object: 'Object Repository/Final Object Repo/Page_Form 3 EIS - Cessation as Employer/Edit' is clicked on

2018-10-20 09:37:47 - [TEST_STEP][PASSED] - delay: Delayed 1 second(s)

2018-10-20 09:37:48 - [MESSAGE][PASSED] - Delayed 1 second(s)

2018-10-20 09:37:48 - [TEST_STEP][PASSED] - Statement - abc = com.kms.katalon.core.webui.keyword.WebUiBuiltInKeywords.getAttribute(com.kms.katalon.core.testobject.ObjectRepository.findTestObject(Final Object Repo/Page_Form 3 EIS - Cessation as Employer/Employer Status), "value"): Attribute 'value' of object 'Object Repository/Final Object Repo/Page_Form 3 EIS - Cessation as Employer/Employer Status' is: 'Active'

2018-10-20 09:37:48 - [MESSAGE][PASSED] - Attribute 'value' of object 'Object Repository/Final Object Repo/Page_Form 3 EIS - Cessation as Employer/Employer Status' is: 'Active'

2018-10-20 09:37:48 - [TEST_STEP][PASSED] - Statement - out.println(abc): null

2018-10-20 09:37:48 - [TEST_STEP][PASSED] - Statement - If (abc == "Active"): Object: 'Object Repository/Final Object Repo/Page_Form 3 EIS - Cessation as Employer/Dormant EIS' is clicked on

2018-10-20 09:37:48 - [TEST_STEP][PASSED] - click: Object: 'Object Repository/Final Object Repo/Page_Form 3 EIS - Cessation as Employer/Change Employer Status to' is clicked on

2018-10-20 09:37:48 - [MESSAGE][PASSED] - Object: 'Object Repository/Final Object Repo/Page_Form 3 EIS - Cessation as Employer/Change Employer Status to' is clicked on

2018-10-20 09:37:48 - [TEST_STEP][PASSED] - click: Object: 'Object Repository/Final Object Repo/Page_Form 3 EIS - Cessation as Employer/Dormant EIS' is clicked on

2018-10-20 09:37:49 - [MESSAGE][PASSED] - Object: 'Object Repository/Final Object Repo/Page_Form 3 EIS - Cessation as Employer/Dormant EIS' is clicked on

2018-10-20 09:37:49 - [TEST_STEP][PASSED] - click: Object: 'Object Repository/Final Object Repo/Page_Form 3 EIS - Cessation as Employer/Calender' is clicked on

2018-10-20 09:37:49 - [MESSAGE][PASSED] - Object: 'Object Repository/Final Object Repo/Page_Form 3 EIS - Cessation as Employer/Calender' is clicked on

2018-10-20 09:37:49 - [TEST_STEP][PASSED] - delay: Delayed 1 second(s)

2018-10-20 09:37:50 - [MESSAGE][PASSED] - Delayed 1 second(s)

2018-10-20 09:37:50 - [TEST_STEP][PASSED] - click: Object: 'Object Repository/Final Object Repo/Page_Form 3 EIS - Cessation as Employer/Calender - Date' is clicked on

2018-10-20 09:37:50 - [MESSAGE][PASSED] - Object: 'Object Repository/Final Object Repo/Page_Form 3 EIS - Cessation as Employer/Calender - Date' is clicked on

2018-10-20 09:37:50 - [TEST_STEP][PASSED] - click: Object: 'Object Repository/Final Object Repo/Page_Form 3 EIS - Cessation as Employer/Save  Continue in Form 3 EIS Page' is clicked on

2018-10-20 09:37:50 - [MESSAGE][PASSED] - Object: 'Object Repository/Final Object Repo/Page_Form 3 EIS - Cessation as Employer/Save  Continue in Form 3 EIS Page' is clicked on

2018-10-20 09:37:50 - [TEST_STEP][PASSED] - delay: Delayed 1 second(s)

2018-10-20 09:37:51 - [MESSAGE][PASSED] - Delayed 1 second(s)

2018-10-20 09:37:51 - [TEST_STEP][PASSED] - click: Object: 'Object Repository/Final Object Repo/Page_Form 3 EIS - Cessation as Employer/Employment Resign Date' is clicked on

2018-10-20 09:37:52 - [MESSAGE][PASSED] - Object: 'Object Repository/Final Object Repo/Page_Form 3 EIS - Cessation as Employer/Employment Resign Date' is clicked on

2018-10-20 09:37:52 - [TEST_STEP][PASSED] - selectOptionByValue: All options with value '2018' are selected in object 'Object Repository/Final Object Repo/Page_Form 3 EIS - Cessation as Employer/Employment Resign Date - Year' 

2018-10-20 09:37:52 - [MESSAGE][PASSED] - All options with value '2018' are selected in object 'Object Repository/Final Object Repo/Page_Form 3 EIS - Cessation as Employer/Employment Resign Date - Year' 

2018-10-20 09:37:52 - [TEST_STEP][PASSED] - delay: Delayed 2 second(s)

2018-10-20 09:37:54 - [MESSAGE][PASSED] - Delayed 2 second(s)

2018-10-20 09:37:54 - [TEST_STEP][PASSED] - click: Object: 'Object Repository/Final Object Repo/Page_Form 3 EIS - Cessation as Employer/Employment Resign Date - Year - Date' is clicked on

2018-10-20 09:37:54 - [MESSAGE][PASSED] - Object: 'Object Repository/Final Object Repo/Page_Form 3 EIS - Cessation as Employer/Employment Resign Date - Year - Date' is clicked on

2018-10-20 09:37:54 - [TEST_STEP][PASSED] - delay: Delayed 2 second(s)

2018-10-20 09:37:56 - [MESSAGE][PASSED] - Delayed 2 second(s)

2018-10-20 09:37:56 - [TEST_STEP][PASSED] - click: Object: 'Object Repository/Final Object Repo/Page_Form 3 EIS - Cessation as Employer/Save  Continue in Employment Resign Page' is clicked on

2018-10-20 09:37:56 - [MESSAGE][PASSED] - Object: 'Object Repository/Final Object Repo/Page_Form 3 EIS - Cessation as Employer/Save  Continue in Employment Resign Page' is clicked on

2018-10-20 09:37:56 - [TEST_STEP][PASSED] - delay: Delayed 2 second(s)

2018-10-20 09:37:58 - [MESSAGE][PASSED] - Delayed 2 second(s)

2018-10-20 09:37:58 - [TEST_STEP][PASSED] - click: Object: 'Object Repository/Final Object Repo/Page_Form 3 EIS - Cessation as Employer/Add Document' is clicked on

2018-10-20 09:38:00 - [MESSAGE][PASSED] - Object: 'Object Repository/Final Object Repo/Page_Form 3 EIS - Cessation as Employer/Add Document' is clicked on

2018-10-20 09:38:00 - [TEST_STEP][PASSED] - delay: Delayed 3 second(s)

2018-10-20 09:38:03 - [MESSAGE][PASSED] - Delayed 3 second(s)

2018-10-20 09:38:03 - [TEST_STEP][PASSED] - click: Object: 'Object Repository/Final Object Repo/Page_Form 3 EIS - Cessation as Employer/Document Type' is clicked on

2018-10-20 09:38:04 - [MESSAGE][PASSED] - Object: 'Object Repository/Final Object Repo/Page_Form 3 EIS - Cessation as Employer/Document Type' is clicked on

2018-10-20 09:38:04 - [TEST_STEP][PASSED] - click: Object: 'Object Repository/Final Object Repo/Page_Form 3 EIS - Cessation as Employer/Document Type - Form 3' is clicked on

2018-10-20 09:38:04 - [MESSAGE][PASSED] - Object: 'Object Repository/Final Object Repo/Page_Form 3 EIS - Cessation as Employer/Document Type - Form 3' is clicked on

2018-10-20 09:38:04 - [TEST_STEP][PASSED] - delay: Delayed 2 second(s)

2018-10-20 09:38:06 - [MESSAGE][PASSED] - Delayed 2 second(s)

2018-10-20 09:38:06 - [TEST_STEP][PASSED] - sendKeys: Keys 'C:\Users\Public\Pictures\Sample Pictures\Act.jpg' sent to object: 'Object Repository/Final Object Repo/Page_Form 3 EIS - Cessation as Employer/ploading File'

2018-10-20 09:38:06 - [MESSAGE][PASSED] - Keys 'C:\Users\Public\Pictures\Sample Pictures\Act.jpg' sent to object: 'Object Repository/Final Object Repo/Page_Form 3 EIS - Cessation as Employer/ploading File'

2018-10-20 09:38:06 - [TEST_STEP][PASSED] - delay: Delayed 1 second(s)

2018-10-20 09:38:07 - [MESSAGE][PASSED] - Delayed 1 second(s)

2018-10-20 09:38:07 - [TEST_STEP][PASSED] - click: Object: 'Object Repository/Final Object Repo/Page_Form 3 EIS - Cessation as Employer/Add Document in Uploading Page' is clicked on

2018-10-20 09:38:07 - [MESSAGE][PASSED] - Object: 'Object Repository/Final Object Repo/Page_Form 3 EIS - Cessation as Employer/Add Document in Uploading Page' is clicked on

2018-10-20 09:38:07 - [TEST_STEP][PASSED] - delay: Delayed 2 second(s)

2018-10-20 09:38:09 - [MESSAGE][PASSED] - Delayed 2 second(s)

2018-10-20 09:38:09 - [TEST_STEP][PASSED] - Statement - CaseReferenceNo = com.kms.katalon.core.webui.keyword.WebUiBuiltInKeywords.getText(com.kms.katalon.core.testobject.ObjectRepository.findTestObject(Final Object Repo/Page_Update Employer Information/Reference Number in Update Employee Information Page)): Text of object 'Object Repository/Final Object Repo/Page_Update Employer Information/Reference Number in Update Employee Information Page' is: 'ERN102018C200002183'

2018-10-20 09:38:13 - [MESSAGE][PASSED] - Text of object 'Object Repository/Final Object Repo/Page_Update Employer Information/Reference Number in Update Employee Information Page' is: 'ERN102018C200002183'

2018-10-20 09:38:13 - [TEST_STEP][PASSED] - callTestCase: Call Test Case 'Test Cases/Final Aug 2018 - PKS Automation/Common/Reference Number Setter' successfully

2018-10-20 09:38:13 - [TEST_CASE][PASSED] - Test Cases/Final Aug 2018 - PKS Automation/Common/Reference Number Setter: Test Cases/Final Aug 2018 - PKS Automation/Common/Reference Number Setter

2018-10-20 09:38:13 - [TEST_STEP][PASSED] - Statement - RefNoOldFile = new java.io.File(C://KatalonReference.txt): null

2018-10-20 09:38:13 - [TEST_STEP][PASSED] - Statement - RefNoOldFile.delete(): null

2018-10-20 09:38:13 - [TEST_STEP][PASSED] - Statement - RefNo = new java.io.File(C://KatalonReference.txt): null

2018-10-20 09:38:13 - [TEST_STEP][PASSED] - Statement - RefNo.append(CaseReferenceNo): null

2018-10-20 09:38:13 - [TEST_STEP][PASSED] - Statement - out.println("


" + CaseReferenceNo + "


"): null

2018-10-20 09:38:13 - [MESSAGE][PASSED] - Call Test Case 'Test Cases/Final Aug 2018 - PKS Automation/Common/Reference Number Setter' successfully

2018-10-20 09:38:13 - [TEST_STEP][PASSED] - delay: Delayed 2 second(s)

2018-10-20 09:38:15 - [MESSAGE][PASSED] - Delayed 2 second(s)

2018-10-20 09:38:15 - [TEST_STEP][PASSED] - click: Object: 'Object Repository/Final Object Repo/Page_Form 3 EIS - Cessation as Employer/Save  Continue in Uploading Page' is clicked on

2018-10-20 09:38:15 - [MESSAGE][PASSED] - Object: 'Object Repository/Final Object Repo/Page_Form 3 EIS - Cessation as Employer/Save  Continue in Uploading Page' is clicked on

2018-10-20 09:38:15 - [TEST_STEP][PASSED] - delay: Delayed 2 second(s)

2018-10-20 09:38:17 - [MESSAGE][PASSED] - Delayed 2 second(s)

2018-10-20 09:38:17 - [TEST_STEP][PASSED] - click: Object: 'Object Repository/Final Object Repo/Page_Form 3 EIS - Cessation as Employer/Submit' is clicked on

2018-10-20 09:38:21 - [MESSAGE][PASSED] - Object: 'Object Repository/Final Object Repo/Page_Form 3 EIS - Cessation as Employer/Submit' is clicked on

2018-10-20 09:38:21 - [TEST_STEP][PASSED] - delay: Delayed 2 second(s)

2018-10-20 09:38:23 - [MESSAGE][PASSED] - Delayed 2 second(s)

2018-10-20 09:38:23 - [TEST_STEP][PASSED] - click: Object: 'Object Repository/Final Object Repo/Page_Form 3 EIS - Cessation as Employer/Confirm' is clicked on

2018-10-20 09:38:23 - [MESSAGE][PASSED] - Object: 'Object Repository/Final Object Repo/Page_Form 3 EIS - Cessation as Employer/Confirm' is clicked on

2018-10-20 09:38:23 - [TEST_STEP][PASSED] - delay: Delayed 2 second(s)

2018-10-20 09:38:25 - [MESSAGE][PASSED] - Delayed 2 second(s)

2018-10-20 09:38:25 - [TEST_STEP][PASSED] - click: Object: 'Object Repository/Final Object Repo/Page_Form 3 EIS - Cessation as Employer/Message Your Request will be routed to UO' is clicked on

2018-10-20 09:38:29 - [MESSAGE][PASSED] - Object: 'Object Repository/Final Object Repo/Page_Form 3 EIS - Cessation as Employer/Message Your Request will be routed to UO' is clicked on

2018-10-20 09:38:29 - [TEST_STEP][PASSED] - click: Object: 'Object Repository/Final Object Repo/Page_Form 3 EIS - Cessation as Employer/Letter of acknowledgement' is clicked on

2018-10-20 09:38:30 - [MESSAGE][PASSED] - Object: 'Object Repository/Final Object Repo/Page_Form 3 EIS - Cessation as Employer/Letter of acknowledgement' is clicked on

2018-10-20 09:38:30 - [MESSAGE][PASSED] - Call Test Case 'Test Cases/Final Aug 2018 - PKS Automation/Registration Module/Workflow/Form 3 EIS - Cessation As Employer/Template/Form 3 A - Cessation As Employer (PKRBO)' successfully

2018-10-20 09:38:30 - [TEST_STEP][FAILED] - callTestCase: Unable to call Test Case with id 'Test Cases/Final Aug 2018 - PKS Automation/Registration Module/Workflow/Form 3 EIS - Cessation As Employer/Template/Form 3 A - Cessation As Employer (Approve)' (Root cause: Call Test Case 'Test Cases/Final Aug 2018 - PKS Automation/Registration Module/Workflow/Form 3 EIS - Cessation As Employer/Template/Form 3 A - Cessation As Employer (Approve)' failed)

2018-10-20 09:38:30 - [TEST_CASE][FAILED] - Test Cases/Final Aug 2018 - PKS Automation/Registration Module/Workflow/Form 3 EIS - Cessation As Employer/Template/Form 3 A - Cessation As Employer (Approve): Test Cases/Final Aug 2018 - PKS Automation/Registration Module/Workflow/Form 3 EIS - Cessation As Employer/Template/Form 3 A - Cessation As Employer (Approve) FAILED because (of) (Stack trace: com.kms.katalon.core.exception.StepFailedException: Unable to click on object 'Object Repository/Final Object Repo/Landing Page/Select to English' (Root cause: com.kms.katalon.core.webui.exception.WebElementNotFoundException: Web element with id: 'Object Repository/Final Object Repo/Landing Page/Select to English' located by 'By.xpath: //a[@class = 'taglib-language-list-text' and @lang = 'en-US' and (contains(text(), 'EN') or contains(., 'EN'))]' not found)
	at com.kms.katalon.core.keyword.internal.KeywordMain.stepFailed(KeywordMain.groovy:32)
	at com.kms.katalon.core.webui.keyword.internal.WebUIKeywordMain.stepFailed(WebUIKeywordMain.groovy:65)
	at com.kms.katalon.core.webui.keyword.internal.WebUIKeywordMain.runKeyword(WebUIKeywordMain.groovy:27)
	at com.kms.katalon.core.webui.keyword.builtin.ClickKeyword.click(ClickKeyword.groovy:86)
	at com.kms.katalon.core.webui.keyword.builtin.ClickKeyword.execute(ClickKeyword.groovy:67)
	at com.kms.katalon.core.keyword.internal.KeywordExecutor.executeKeywordForPlatform(KeywordExecutor.groovy:53)
	at com.kms.katalon.core.webui.keyword.WebUiBuiltInKeywords.click(WebUiBuiltInKeywords.groovy:604)
	at com.kms.katalon.core.webui.keyword.WebUiBuiltInKeywords$click$8.call(Unknown Source)
	at Script1534407542420.run(Script1534407542420.groovy:57)
	at com.kms.katalon.core.main.ScriptEngine.run(ScriptEngine.java:183)
	at com.kms.katalon.core.main.ScriptEngine.runScriptAsRawText(ScriptEngine.java:108)
	at com.kms.katalon.core.main.TestCaseExecutor.runScript(TestCaseExecutor.java:294)
	at com.kms.katalon.core.main.TestCaseExecutor.doExecute(TestCaseExecutor.java:285)
	at com.kms.katalon.core.main.TestCaseExecutor.processExecutionPhase(TestCaseExecutor.java:264)
	at com.kms.katalon.core.main.TestCaseExecutor.accessMainPhase(TestCaseExecutor.java:256)
	at com.kms.katalon.core.main.TestCaseExecutor.execute(TestCaseExecutor.java:200)
	at com.kms.katalon.core.main.TestCaseMain.runTestCase(TestCaseMain.java:99)
	at com.kms.katalon.core.keyword.builtin.CallTestCaseKeyword$_callTestCase_closure1.doCall(CallTestCaseKeyword.groovy:60)
	at com.kms.katalon.core.keyword.builtin.CallTestCaseKeyword$_callTestCase_closure1.call(CallTestCaseKeyword.groovy)
	at com.kms.katalon.core.keyword.internal.KeywordMain.runKeyword(KeywordMain.groovy:54)
	at com.kms.katalon.core.keyword.builtin.CallTestCaseKeyword.callTestCase(CallTestCaseKeyword.groovy:81)
	at com.kms.katalon.core.keyword.builtin.CallTestCaseKeyword.execute(CallTestCaseKeyword.groovy:45)
	at com.kms.katalon.core.keyword.internal.KeywordExecutor.executeKeywordForPlatform(KeywordExecutor.groovy:53)
	at com.kms.katalon.core.keyword.BuiltinKeywords.callTestCase(BuiltinKeywords.groovy:334)
	at sun.reflect.GeneratedMethodAccessor13.invoke(Unknown Source)
	at sun.reflect.DelegatingMethodAccessorImpl.invoke(DelegatingMethodAccessorImpl.java:43)
	at java.lang.reflect.Method.invoke(Method.java:498)
	at org.codehaus.groovy.reflection.CachedMethod.invoke(CachedMethod.java:93)
	at groovy.lang.MetaMethod.doMethodInvoke(MetaMethod.java:325)
	at groovy.lang.MetaClassImpl.invokeStaticMethod(MetaClassImpl.java:1469)
	at org.codehaus.groovy.runtime.callsite.StaticMetaClassSite.call(StaticMetaClassSite.java:53)
	at org.codehaus.groovy.runtime.callsite.AbstractCallSite.call(AbstractCallSite.java:141)
	at Script1536043843412.run(Script1536043843412.groovy:34)
	at com.kms.katalon.core.main.ScriptEngine.run(ScriptEngine.java:183)
	at com.kms.katalon.core.main.ScriptEngine.runScriptAsRawText(ScriptEngine.java:108)
	at com.kms.katalon.core.main.TestCaseExecutor.runScript(TestCaseExecutor.java:294)
	at com.kms.katalon.core.main.TestCaseExecutor.doExecute(TestCaseExecutor.java:285)
	at com.kms.katalon.core.main.TestCaseExecutor.processExecutionPhase(TestCaseExecutor.java:264)
	at com.kms.katalon.core.main.TestCaseExecutor.accessMainPhase(TestCaseExecutor.java:256)
	at com.kms.katalon.core.main.TestCaseExecutor.execute(TestCaseExecutor.java:200)
	at com.kms.katalon.core.main.TestCaseMain.runTestCase(TestCaseMain.java:99)
	at com.kms.katalon.core.keyword.builtin.CallTestCaseKeyword$_callTestCase_closure1.doCall(CallTestCaseKeyword.groovy:60)
	at com.kms.katalon.core.keyword.builtin.CallTestCaseKeyword$_callTestCase_closure1.call(CallTestCaseKeyword.groovy)
	at com.kms.katalon.core.keyword.internal.KeywordMain.runKeyword(KeywordMain.groovy:54)
	at com.kms.katalon.core.keyword.builtin.CallTestCaseKeyword.callTestCase(CallTestCaseKeyword.groovy:81)
	at com.kms.katalon.core.keyword.builtin.CallTestCaseKeyword.execute(CallTestCaseKeyword.groovy:45)
	at com.kms.katalon.core.keyword.internal.KeywordExecutor.executeKeywordForPlatform(KeywordExecutor.groovy:53)
	at com.kms.katalon.core.keyword.BuiltinKeywords.callTestCase(BuiltinKeywords.groovy:334)
	at sun.reflect.GeneratedMethodAccessor13.invoke(Unknown Source)
	at sun.reflect.DelegatingMethodAccessorImpl.invoke(DelegatingMethodAccessorImpl.java:43)
	at java.lang.reflect.Method.invoke(Method.java:498)
	at org.codehaus.groovy.reflection.CachedMethod.invoke(CachedMethod.java:93)
	at groovy.lang.MetaMethod.doMethodInvoke(MetaMethod.java:325)
	at groovy.lang.MetaClassImpl.invokeStaticMethod(MetaClassImpl.java:1469)
	at org.codehaus.groovy.runtime.callsite.StaticMetaClassSite.call(StaticMetaClassSite.java:53)
	at org.codehaus.groovy.runtime.callsite.CallSiteArray.defaultCall(CallSiteArray.java:48)
	at org.codehaus.groovy.runtime.callsite.AbstractCallSite.call(AbstractCallSite.java:113)
	at org.codehaus.groovy.runtime.callsite.AbstractCallSite.call(AbstractCallSite.java:141)
	at Script1536204583402.run(Script1536204583402.groovy:25)
	at com.kms.katalon.core.main.ScriptEngine.run(ScriptEngine.java:183)
	at com.kms.katalon.core.main.ScriptEngine.runScriptAsRawText(ScriptEngine.java:108)
	at com.kms.katalon.core.main.TestCaseExecutor.runScript(TestCaseExecutor.java:294)
	at com.kms.katalon.core.main.TestCaseExecutor.doExecute(TestCaseExecutor.java:285)
	at com.kms.katalon.core.main.TestCaseExecutor.processExecutionPhase(TestCaseExecutor.java:264)
	at com.kms.katalon.core.main.TestCaseExecutor.accessMainPhase(TestCaseExecutor.java:256)
	at com.kms.katalon.core.main.TestCaseExecutor.execute(TestCaseExecutor.java:200)
	at com.kms.katalon.core.main.TestSuiteExecutor.accessTestCaseMainPhase(TestSuiteExecutor.java:129)
	at com.kms.katalon.core.main.TestSuiteExecutor.accessTestSuiteMainPhase(TestSuiteExecutor.java:112)
	at com.kms.katalon.core.main.TestSuiteExecutor.execute(TestSuiteExecutor.java:81)
	at com.kms.katalon.core.main.TestCaseMain.startTestSuite(TestCaseMain.java:142)
	at com.kms.katalon.core.main.TestCaseMain$startTestSuite$0.call(Unknown Source)
	at org.codehaus.groovy.runtime.callsite.CallSiteArray.defaultCall(CallSiteArray.java:48)
	at org.codehaus.groovy.runtime.callsite.AbstractCallSite.call(AbstractCallSite.java:113)
	at org.codehaus.groovy.runtime.callsite.AbstractCallSite.call(AbstractCallSite.java:141)
	at TempTestSuite1539973930605.run(TempTestSuite1539973930605.groovy:36)
	at groovy.lang.GroovyShell.runScriptOrMainOrTestOrRunnable(GroovyShell.java:263)
	at groovy.lang.GroovyShell.run(GroovyShell.java:518)
	at groovy.lang.GroovyShell.run(GroovyShell.java:507)
	at groovy.ui.GroovyMain.processOnce(GroovyMain.java:653)
	at groovy.ui.GroovyMain.run(GroovyMain.java:384)
	at groovy.ui.GroovyMain.process(GroovyMain.java:370)
	at groovy.ui.GroovyMain.processArgs(GroovyMain.java:129)
	at groovy.ui.GroovyMain.main(GroovyMain.java:109)
	at sun.reflect.NativeMethodAccessorImpl.invoke0(Native Method)
	at sun.reflect.NativeMethodAccessorImpl.invoke(NativeMethodAccessorImpl.java:62)
	at sun.reflect.DelegatingMethodAccessorImpl.invoke(DelegatingMethodAccessorImpl.java:43)
	at java.lang.reflect.Method.invoke(Method.java:498)
	at org.codehaus.groovy.tools.GroovyStarter.rootLoader(GroovyStarter.java:109)
	at org.codehaus.groovy.tools.GroovyStarter.main(GroovyStarter.java:131)
)

2018-10-20 09:38:30 - [TEST_STEP][NOT_RUN] - callTestCase: NOT_RUN: callTestCase

2018-10-20 09:38:30 - [MESSAGE][NOT_RUN] - NOT_RUN: callTestCase

2018-10-20 09:38:30 - [TEST_STEP][PASSED] - delay: Delayed 1 second(s)

2018-10-20 09:38:31 - [MESSAGE][PASSED] - Delayed 1 second(s)

2018-10-20 09:38:31 - [TEST_STEP][PASSED] - navigateToUrl: Navigate to 'https://assist2-uat.perkeso.gov.my/c/portal/logout' successfully

2018-10-20 09:38:32 - [MESSAGE][PASSED] - Navigate to 'https://assist2-uat.perkeso.gov.my/c/portal/logout' successfully

2018-10-20 09:38:32 - [TEST_STEP][PASSED] - delay: Delayed 1 second(s)

2018-10-20 09:38:33 - [MESSAGE][PASSED] - Delayed 1 second(s)

2018-10-20 09:38:33 - [TEST_STEP][PASSED] - callTestCase: Call Test Case 'Test Cases/Final Aug 2018 - PKS Automation/Common/Reference Number Getter' successfully

2018-10-20 09:38:33 - [TEST_CASE][PASSED] - Test Cases/Final Aug 2018 - PKS Automation/Common/Reference Number Getter: Test Cases/Final Aug 2018 - PKS Automation/Common/Reference Number Getter

2018-10-20 09:38:33 - [TEST_STEP][PASSED] - Statement - Try: null

2018-10-20 09:38:33 - [TEST_STEP][PASSED] - Statement - RefNo = new java.io.File(C://KatalonReference.txt): null

2018-10-20 09:38:33 - [TEST_STEP][PASSED] - Statement - bufferread = new java.io.BufferedReader(new java.io.FileReader(RefNo)): null

2018-10-20 09:38:33 - [TEST_STEP][PASSED] - Statement - readedVal = bufferread.readLine(): null

2018-10-20 09:38:33 - [TEST_STEP][PASSED] - Statement - out.println(CaseReferenceNo): null

2018-10-20 09:38:33 - [TEST_STEP][PASSED] - Statement - out.println(readedVal): null

2018-10-20 09:38:33 - [TEST_STEP][PASSED] - Statement - CaseReferenceNo = readedVal: null

2018-10-20 09:38:33 - [MESSAGE][PASSED] - Call Test Case 'Test Cases/Final Aug 2018 - PKS Automation/Common/Reference Number Getter' successfully

2018-10-20 09:38:33 - [TEST_STEP][FAILED] - callTestCase: Unable to call Test Case with id 'Test Cases/Final Aug 2018 - PKS Automation/Common/Workflow Owner Finder' (Root cause: Call Test Case 'Test Cases/Final Aug 2018 - PKS Automation/Common/Workflow Owner Finder' failed)

2018-10-20 09:38:33 - [TEST_CASE][FAILED] - Test Cases/Final Aug 2018 - PKS Automation/Common/Workflow Owner Finder: Test Cases/Final Aug 2018 - PKS Automation/Common/Workflow Owner Finder FAILED because (of) (Stack trace: com.kms.katalon.core.exception.StepFailedException: Unable to click on object 'Object Repository/Final Object Repo/Landing Page/Select to English' (Root cause: com.kms.katalon.core.webui.exception.WebElementNotFoundException: Web element with id: 'Object Repository/Final Object Repo/Landing Page/Select to English' located by 'By.xpath: //a[@class = 'taglib-language-list-text' and @lang = 'en-US' and (contains(text(), 'EN') or contains(., 'EN'))]' not found)
	at com.kms.katalon.core.keyword.internal.KeywordMain.stepFailed(KeywordMain.groovy:32)
	at com.kms.katalon.core.webui.keyword.internal.WebUIKeywordMain.stepFailed(WebUIKeywordMain.groovy:65)
	at com.kms.katalon.core.webui.keyword.internal.WebUIKeywordMain.runKeyword(WebUIKeywordMain.groovy:27)
	at com.kms.katalon.core.webui.keyword.builtin.ClickKeyword.click(ClickKeyword.groovy:86)
	at com.kms.katalon.core.webui.keyword.builtin.ClickKeyword.execute(ClickKeyword.groovy:67)
	at com.kms.katalon.core.keyword.internal.KeywordExecutor.executeKeywordForPlatform(KeywordExecutor.groovy:53)
	at com.kms.katalon.core.webui.keyword.WebUiBuiltInKeywords.click(WebUiBuiltInKeywords.groovy:604)
	at com.kms.katalon.core.webui.keyword.WebUiBuiltInKeywords$click$8.call(Unknown Source)
	at Script1534407542420.run(Script1534407542420.groovy:57)
	at com.kms.katalon.core.main.ScriptEngine.run(ScriptEngine.java:183)
	at com.kms.katalon.core.main.ScriptEngine.runScriptAsRawText(ScriptEngine.java:108)
	at com.kms.katalon.core.main.TestCaseExecutor.runScript(TestCaseExecutor.java:294)
	at com.kms.katalon.core.main.TestCaseExecutor.doExecute(TestCaseExecutor.java:285)
	at com.kms.katalon.core.main.TestCaseExecutor.processExecutionPhase(TestCaseExecutor.java:264)
	at com.kms.katalon.core.main.TestCaseExecutor.accessMainPhase(TestCaseExecutor.java:256)
	at com.kms.katalon.core.main.TestCaseExecutor.execute(TestCaseExecutor.java:200)
	at com.kms.katalon.core.main.TestCaseMain.runTestCase(TestCaseMain.java:99)
	at com.kms.katalon.core.keyword.builtin.CallTestCaseKeyword$_callTestCase_closure1.doCall(CallTestCaseKeyword.groovy:60)
	at com.kms.katalon.core.keyword.builtin.CallTestCaseKeyword$_callTestCase_closure1.call(CallTestCaseKeyword.groovy)
	at com.kms.katalon.core.keyword.internal.KeywordMain.runKeyword(KeywordMain.groovy:54)
	at com.kms.katalon.core.keyword.builtin.CallTestCaseKeyword.callTestCase(CallTestCaseKeyword.groovy:81)
	at com.kms.katalon.core.keyword.builtin.CallTestCaseKeyword.execute(CallTestCaseKeyword.groovy:45)
	at com.kms.katalon.core.keyword.internal.KeywordExecutor.executeKeywordForPlatform(KeywordExecutor.groovy:53)
	at com.kms.katalon.core.keyword.BuiltinKeywords.callTestCase(BuiltinKeywords.groovy:334)
	at sun.reflect.GeneratedMethodAccessor13.invoke(Unknown Source)
	at sun.reflect.DelegatingMethodAccessorImpl.invoke(DelegatingMethodAccessorImpl.java:43)
	at java.lang.reflect.Method.invoke(Method.java:498)
	at org.codehaus.groovy.reflection.CachedMethod.invoke(CachedMethod.java:93)
	at groovy.lang.MetaMethod.doMethodInvoke(MetaMethod.java:325)
	at groovy.lang.MetaClassImpl.invokeStaticMethod(MetaClassImpl.java:1469)
	at org.codehaus.groovy.runtime.callsite.StaticMetaClassSite.call(StaticMetaClassSite.java:53)
	at org.codehaus.groovy.runtime.callsite.AbstractCallSite.call(AbstractCallSite.java:141)
	at Script1536043843412.run(Script1536043843412.groovy:34)
	at com.kms.katalon.core.main.ScriptEngine.run(ScriptEngine.java:183)
	at com.kms.katalon.core.main.ScriptEngine.runScriptAsRawText(ScriptEngine.java:108)
	at com.kms.katalon.core.main.TestCaseExecutor.runScript(TestCaseExecutor.java:294)
	at com.kms.katalon.core.main.TestCaseExecutor.doExecute(TestCaseExecutor.java:285)
	at com.kms.katalon.core.main.TestCaseExecutor.processExecutionPhase(TestCaseExecutor.java:264)
	at com.kms.katalon.core.main.TestCaseExecutor.accessMainPhase(TestCaseExecutor.java:256)
	at com.kms.katalon.core.main.TestCaseExecutor.execute(TestCaseExecutor.java:200)
	at com.kms.katalon.core.main.TestCaseMain.runTestCase(TestCaseMain.java:99)
	at com.kms.katalon.core.keyword.builtin.CallTestCaseKeyword$_callTestCase_closure1.doCall(CallTestCaseKeyword.groovy:60)
	at com.kms.katalon.core.keyword.builtin.CallTestCaseKeyword$_callTestCase_closure1.call(CallTestCaseKeyword.groovy)
	at com.kms.katalon.core.keyword.internal.KeywordMain.runKeyword(KeywordMain.groovy:54)
	at com.kms.katalon.core.keyword.builtin.CallTestCaseKeyword.callTestCase(CallTestCaseKeyword.groovy:81)
	at com.kms.katalon.core.keyword.builtin.CallTestCaseKeyword.execute(CallTestCaseKeyword.groovy:45)
	at com.kms.katalon.core.keyword.internal.KeywordExecutor.executeKeywordForPlatform(KeywordExecutor.groovy:53)
	at com.kms.katalon.core.keyword.BuiltinKeywords.callTestCase(BuiltinKeywords.groovy:334)
	at sun.reflect.GeneratedMethodAccessor13.invoke(Unknown Source)
	at sun.reflect.DelegatingMethodAccessorImpl.invoke(DelegatingMethodAccessorImpl.java:43)
	at java.lang.reflect.Method.invoke(Method.java:498)
	at org.codehaus.groovy.reflection.CachedMethod.invoke(CachedMethod.java:93)
	at groovy.lang.MetaMethod.doMethodInvoke(MetaMethod.java:325)
	at groovy.lang.MetaClassImpl.invokeStaticMethod(MetaClassImpl.java:1469)
	at org.codehaus.groovy.runtime.callsite.StaticMetaClassSite.call(StaticMetaClassSite.java:53)
	at org.codehaus.groovy.runtime.callsite.CallSiteArray.defaultCall(CallSiteArray.java:48)
	at org.codehaus.groovy.runtime.callsite.AbstractCallSite.call(AbstractCallSite.java:113)
	at org.codehaus.groovy.runtime.callsite.AbstractCallSite.call(AbstractCallSite.java:141)
	at Script1536204583402.run(Script1536204583402.groovy:25)
	at com.kms.katalon.core.main.ScriptEngine.run(ScriptEngine.java:183)
	at com.kms.katalon.core.main.ScriptEngine.runScriptAsRawText(ScriptEngine.java:108)
	at com.kms.katalon.core.main.TestCaseExecutor.runScript(TestCaseExecutor.java:294)
	at com.kms.katalon.core.main.TestCaseExecutor.doExecute(TestCaseExecutor.java:285)
	at com.kms.katalon.core.main.TestCaseExecutor.processExecutionPhase(TestCaseExecutor.java:264)
	at com.kms.katalon.core.main.TestCaseExecutor.accessMainPhase(TestCaseExecutor.java:256)
	at com.kms.katalon.core.main.TestCaseExecutor.execute(TestCaseExecutor.java:200)
	at com.kms.katalon.core.main.TestSuiteExecutor.accessTestCaseMainPhase(TestSuiteExecutor.java:129)
	at com.kms.katalon.core.main.TestSuiteExecutor.accessTestSuiteMainPhase(TestSuiteExecutor.java:112)
	at com.kms.katalon.core.main.TestSuiteExecutor.execute(TestSuiteExecutor.java:81)
	at com.kms.katalon.core.main.TestCaseMain.startTestSuite(TestCaseMain.java:142)
	at com.kms.katalon.core.main.TestCaseMain$startTestSuite$0.call(Unknown Source)
	at org.codehaus.groovy.runtime.callsite.CallSiteArray.defaultCall(CallSiteArray.java:48)
	at org.codehaus.groovy.runtime.callsite.AbstractCallSite.call(AbstractCallSite.java:113)
	at org.codehaus.groovy.runtime.callsite.AbstractCallSite.call(AbstractCallSite.java:141)
	at TempTestSuite1539973930605.run(TempTestSuite1539973930605.groovy:36)
	at groovy.lang.GroovyShell.runScriptOrMainOrTestOrRunnable(GroovyShell.java:263)
	at groovy.lang.GroovyShell.run(GroovyShell.java:518)
	at groovy.lang.GroovyShell.run(GroovyShell.java:507)
	at groovy.ui.GroovyMain.processOnce(GroovyMain.java:653)
	at groovy.ui.GroovyMain.run(GroovyMain.java:384)
	at groovy.ui.GroovyMain.process(GroovyMain.java:370)
	at groovy.ui.GroovyMain.processArgs(GroovyMain.java:129)
	at groovy.ui.GroovyMain.main(GroovyMain.java:109)
	at sun.reflect.NativeMethodAccessorImpl.invoke0(Native Method)
	at sun.reflect.NativeMethodAccessorImpl.invoke(NativeMethodAccessorImpl.java:62)
	at sun.reflect.DelegatingMethodAccessorImpl.invoke(DelegatingMethodAccessorImpl.java:43)
	at java.lang.reflect.Method.invoke(Method.java:498)
	at org.codehaus.groovy.tools.GroovyStarter.rootLoader(GroovyStarter.java:109)
	at org.codehaus.groovy.tools.GroovyStarter.main(GroovyStarter.java:131)
)

2018-10-20 09:38:33 - [TEST_STEP][PASSED] - openBrowser: Browser is opened with url: ''

2018-10-20 09:38:33 - [MESSAGE][WARNING] - A browser is already opened. Closing browser and opening a new one

2018-10-20 09:38:37 - [MESSAGE][PASSED] - Browser is opened with url: ''

2018-10-20 09:38:37 - [TEST_STEP][PASSED] - navigateToUrl: Navigate to 'https://assist2-uat.perkeso.gov.my/login' successfully

2018-10-20 09:38:39 - [MESSAGE][PASSED] - Navigate to 'https://assist2-uat.perkeso.gov.my/login' successfully

2018-10-20 09:38:39 - [TEST_STEP][PASSED] - delay: Delayed 5 second(s)

2018-10-20 09:38:44 - [MESSAGE][PASSED] - Delayed 5 second(s)

2018-10-20 09:38:44 - [TEST_STEP][PASSED] - setText: Text 'test@liferay.com' is set on object 'Object Repository/Final Object Repo/Login Page/Internal User/Email Address'

2018-10-20 09:38:45 - [MESSAGE][PASSED] - Text 'test@liferay.com' is set on object 'Object Repository/Final Object Repo/Login Page/Internal User/Email Address'

2018-10-20 09:38:45 - [TEST_STEP][PASSED] - click: Object: 'Object Repository/Final Object Repo/Login Page/Internal User/Next Button' is clicked on

2018-10-20 09:38:45 - [MESSAGE][PASSED] - Object: 'Object Repository/Final Object Repo/Login Page/Internal User/Next Button' is clicked on

2018-10-20 09:38:45 - [TEST_STEP][PASSED] - delay: Delayed 2 second(s)

2018-10-20 09:38:47 - [MESSAGE][PASSED] - Delayed 2 second(s)

2018-10-20 09:38:47 - [TEST_STEP][PASSED] - setText: Text 'test' is set on object 'Object Repository/Final Object Repo/Login Page/Internal User/Password'

2018-10-20 09:38:47 - [MESSAGE][PASSED] - Text 'test' is set on object 'Object Repository/Final Object Repo/Login Page/Internal User/Password'

2018-10-20 09:38:47 - [TEST_STEP][PASSED] - delay: Delayed 2 second(s)

2018-10-20 09:38:49 - [MESSAGE][PASSED] - Delayed 2 second(s)

2018-10-20 09:38:49 - [TEST_STEP][PASSED] - click: Object: 'Object Repository/Final Object Repo/Login Page/Internal User/Login Button' is clicked on

2018-10-20 09:38:49 - [MESSAGE][PASSED] - Object: 'Object Repository/Final Object Repo/Login Page/Internal User/Login Button' is clicked on

2018-10-20 09:38:49 - [TEST_STEP][FAILED] - Statement - Try: Delayed 2 second(s)

2018-10-20 09:38:49 - [TEST_STEP][PASSED] - Statement - Checker = false: null

2018-10-20 09:38:49 - [TEST_STEP][PASSED] - Statement - Checker = com.kms.katalon.core.webui.keyword.WebUiBuiltInKeywords.verifyElementHasAttribute(com.kms.katalon.core.testobject.ObjectRepository.findTestObject(Final Object Repo/Landing Page/BM Detecting), "href", 20, OPTIONAL): Unable to verify if object 'Object Repository/Final Object Repo/Landing Page/BM Detecting' has attribute 'href' (Root cause: org.openqa.selenium.StaleElementReferenceException: stale element reference: element is not attached to the page document
  (Session info: chrome=69.0.3497.100)
  (Driver info: chromedriver=2.35.528161 (5b82f2d2aae0ca24b877009200ced9065a772e73),platform=Windows NT 6.1.7601 SP1 x86_64) (WARNING: The server did not provide any stacktrace information)
Command duration or timeout: 0 milliseconds
For documentation on this error, please visit: http://seleniumhq.org/exceptions/stale_element_reference.html
Build info: version: '3.7.1', revision: '8a0099a', time: '2017-11-06T21:07:36.161Z'
System info: host: 'WEIZHENG', ip: '192.168.137.1', os.name: 'Windows 7', os.arch: 'amd64', os.version: '6.1', java.version: '1.8.0_181'
Driver info: com.kms.katalon.selenium.driver.CChromeDriver
Capabilities {acceptInsecureCerts: false, acceptSslCerts: false, applicationCacheEnabled: false, browserConnectionEnabled: false, browserName: chrome, chrome: {chromedriverVersion: 2.35.528161 (5b82f2d2aae0ca..., userDataDir: C:\Users\WEIZHE~1\AppData\L...}, cssSelectorsEnabled: true, databaseEnabled: false, handlesAlerts: true, hasTouchScreen: false, javascriptEnabled: true, locationContextEnabled: true, mobileEmulationEnabled: false, nativeEvents: true, networkConnectionEnabled: false, pageLoadStrategy: normal, platform: XP, platformName: XP, rotatable: false, setWindowRect: true, takesHeapSnapshot: true, takesScreenshot: true, unexpectedAlertBehaviour: , unhandledPromptBehavior: , version: 69.0.3497.100, webStorageEnabled: true}
Session ID: 2de97250d4f7259e40e8dbae288aa1e8)

2018-10-20 09:38:52 - [MESSAGE][WARNING] - Unable to verify if object 'Object Repository/Final Object Repo/Landing Page/BM Detecting' has attribute 'href' (Root cause: org.openqa.selenium.StaleElementReferenceException: stale element reference: element is not attached to the page document
  (Session info: chrome=69.0.3497.100)
  (Driver info: chromedriver=2.35.528161 (5b82f2d2aae0ca24b877009200ced9065a772e73),platform=Windows NT 6.1.7601 SP1 x86_64) (WARNING: The server did not provide any stacktrace information)
Command duration or timeout: 0 milliseconds
For documentation on this error, please visit: http://seleniumhq.org/exceptions/stale_element_reference.html
Build info: version: '3.7.1', revision: '8a0099a', time: '2017-11-06T21:07:36.161Z'
System info: host: 'WEIZHENG', ip: '192.168.137.1', os.name: 'Windows 7', os.arch: 'amd64', os.version: '6.1', java.version: '1.8.0_181'
Driver info: com.kms.katalon.selenium.driver.CChromeDriver
Capabilities {acceptInsecureCerts: false, acceptSslCerts: false, applicationCacheEnabled: false, browserConnectionEnabled: false, browserName: chrome, chrome: {chromedriverVersion: 2.35.528161 (5b82f2d2aae0ca..., userDataDir: C:\Users\WEIZHE~1\AppData\L...}, cssSelectorsEnabled: true, databaseEnabled: false, handlesAlerts: true, hasTouchScreen: false, javascriptEnabled: true, locationContextEnabled: true, mobileEmulationEnabled: false, nativeEvents: true, networkConnectionEnabled: false, pageLoadStrategy: normal, platform: XP, platformName: XP, rotatable: false, setWindowRect: true, takesHeapSnapshot: true, takesScreenshot: true, unexpectedAlertBehaviour: , unhandledPromptBehavior: , version: 69.0.3497.100, webStorageEnabled: true}
Session ID: 2de97250d4f7259e40e8dbae288aa1e8)
[[ATTACHMENT|C:\\Users\\LENOVO\\Katalon Studio\\Perkeso Phase A\\Reports\\Workflow\\Form 3 EIS - Cessation as Employer\\20181020_023210\\1539999532431.png]]

2018-10-20 09:38:52 - [TEST_STEP][PASSED] - Statement - out.println(Checker): null

2018-10-20 09:38:52 - [TEST_STEP][FAILED] - Statement - If (Checker == false): Unable to click on object 'Object Repository/Final Object Repo/Landing Page/Select to English' (Root cause: com.kms.katalon.core.webui.exception.WebElementNotFoundException: Web element with id: 'Object Repository/Final Object Repo/Landing Page/Select to English' located by 'By.xpath: //a[@class = 'taglib-language-list-text' and @lang = 'en-US' and (contains(text(), 'EN') or contains(., 'EN'))]' not found)

2018-10-20 09:38:52 - [TEST_STEP][FAILED] - click: Unable to click on object 'Object Repository/Final Object Repo/Landing Page/Select to English' (Root cause: com.kms.katalon.core.webui.exception.WebElementNotFoundException: Web element with id: 'Object Repository/Final Object Repo/Landing Page/Select to English' located by 'By.xpath: //a[@class = 'taglib-language-list-text' and @lang = 'en-US' and (contains(text(), 'EN') or contains(., 'EN'))]' not found)

2018-10-20 09:41:09 - [MESSAGE][FAILED] - Unable to click on object 'Object Repository/Final Object Repo/Landing Page/Select to English' (Root cause: com.kms.katalon.core.webui.exception.WebElementNotFoundException: Web element with id: 'Object Repository/Final Object Repo/Landing Page/Select to English' located by 'By.xpath: //a[@class = 'taglib-language-list-text' and @lang = 'en-US' and (contains(text(), 'EN') or contains(., 'EN'))]' not found)
[[ATTACHMENT|C:\\Users\\LENOVO\\Katalon Studio\\Perkeso Phase A\\Reports\\Workflow\\Form 3 EIS - Cessation as Employer\\20181020_023210\\1539999669512.png]]

2018-10-20 09:41:09 - [TEST_STEP][PASSED] - delay: Delayed 2 second(s)

2018-10-20 09:41:11 - [MESSAGE][PASSED] - Delayed 2 second(s)

2018-10-20 09:41:11 - [TEST_STEP][PASSED] - delay: Delayed 3 second(s)

2018-10-20 09:41:14 - [MESSAGE][PASSED] - Delayed 3 second(s)

2018-10-20 09:41:14 - [TEST_STEP][PASSED] - click: Object: 'Object Repository/Final Object Repo/Landing Page/WorkFlow Menu' is clicked on

2018-10-20 09:41:14 - [MESSAGE][PASSED] - Object: 'Object Repository/Final Object Repo/Landing Page/WorkFlow Menu' is clicked on

2018-10-20 09:41:14 - [TEST_STEP][PASSED] - delay: Delayed 2 second(s)

2018-10-20 09:41:16 - [MESSAGE][PASSED] - Delayed 2 second(s)

2018-10-20 09:41:16 - [TEST_STEP][FAILED] - click: Unable to click on object 'Object Repository/Final Object Repo/Landing Page/Select to Workflow Listing' (Root cause: org.openqa.selenium.ElementNotVisibleException: element not visible
  (Session info: chrome=69.0.3497.100)
  (Driver info: chromedriver=2.35.528161 (5b82f2d2aae0ca24b877009200ced9065a772e73),platform=Windows NT 6.1.7601 SP1 x86_64) (WARNING: The server did not provide any stacktrace information)
Command duration or timeout: 0 milliseconds
Build info: version: '3.7.1', revision: '8a0099a', time: '2017-11-06T21:07:36.161Z'
System info: host: 'WEIZHENG', ip: '192.168.137.1', os.name: 'Windows 7', os.arch: 'amd64', os.version: '6.1', java.version: '1.8.0_181'
Driver info: com.kms.katalon.selenium.driver.CChromeDriver
Capabilities {acceptInsecureCerts: false, acceptSslCerts: false, applicationCacheEnabled: false, browserConnectionEnabled: false, browserName: chrome, chrome: {chromedriverVersion: 2.35.528161 (5b82f2d2aae0ca..., userDataDir: C:\Users\WEIZHE~1\AppData\L...}, cssSelectorsEnabled: true, databaseEnabled: false, handlesAlerts: true, hasTouchScreen: false, javascriptEnabled: true, locationContextEnabled: true, mobileEmulationEnabled: false, nativeEvents: true, networkConnectionEnabled: false, pageLoadStrategy: normal, platform: XP, platformName: XP, rotatable: false, setWindowRect: true, takesHeapSnapshot: true, takesScreenshot: true, unexpectedAlertBehaviour: , unhandledPromptBehavior: , version: 69.0.3497.100, webStorageEnabled: true}
Session ID: 2de97250d4f7259e40e8dbae288aa1e8)

2018-10-20 09:41:17 - [MESSAGE][FAILED] - Unable to click on object 'Object Repository/Final Object Repo/Landing Page/Select to Workflow Listing' (Root cause: org.openqa.selenium.ElementNotVisibleException: element not visible
  (Session info: chrome=69.0.3497.100)
  (Driver info: chromedriver=2.35.528161 (5b82f2d2aae0ca24b877009200ced9065a772e73),platform=Windows NT 6.1.7601 SP1 x86_64) (WARNING: The server did not provide any stacktrace information)
Command duration or timeout: 0 milliseconds
Build info: version: '3.7.1', revision: '8a0099a', time: '2017-11-06T21:07:36.161Z'
System info: host: 'WEIZHENG', ip: '192.168.137.1', os.name: 'Windows 7', os.arch: 'amd64', os.version: '6.1', java.version: '1.8.0_181'
Driver info: com.kms.katalon.selenium.driver.CChromeDriver
Capabilities {acceptInsecureCerts: false, acceptSslCerts: false, applicationCacheEnabled: false, browserConnectionEnabled: false, browserName: chrome, chrome: {chromedriverVersion: 2.35.528161 (5b82f2d2aae0ca..., userDataDir: C:\Users\WEIZHE~1\AppData\L...}, cssSelectorsEnabled: true, databaseEnabled: false, handlesAlerts: true, hasTouchScreen: false, javascriptEnabled: true, locationContextEnabled: true, mobileEmulationEnabled: false, nativeEvents: true, networkConnectionEnabled: false, pageLoadStrategy: normal, platform: XP, platformName: XP, rotatable: false, setWindowRect: true, takesHeapSnapshot: true, takesScreenshot: true, unexpectedAlertBehaviour: , unhandledPromptBehavior: , version: 69.0.3497.100, webStorageEnabled: true}
Session ID: 2de97250d4f7259e40e8dbae288aa1e8)
[[ATTACHMENT|C:\\Users\\LENOVO\\Katalon Studio\\Perkeso Phase A\\Reports\\Workflow\\Form 3 EIS - Cessation as Employer\\20181020_023210\\1539999677097.png]]

2018-10-20 09:41:17 - [TEST_STEP][PASSED] - delay: Delayed 2 second(s)

2018-10-20 09:41:19 - [MESSAGE][PASSED] - Delayed 2 second(s)

2018-10-20 09:41:19 - [TEST_STEP][FAILED] - click: Unable to click on object 'Object Repository/Final Object Repo/WorkFlow Listing Page/Search Information - To Put Ref No' (Root cause: com.kms.katalon.core.webui.exception.WebElementNotFoundException: Web element with id: 'Object Repository/Final Object Repo/WorkFlow Listing Page/Search Information - To Put Ref No' located by 'By.xpath: //h2[@data-target = '#_workflowlisting_WAR_baseportlet_searchDiv' and (text() = 'Search Information' or . = 'Search Information')]' not found)

2018-10-20 09:43:29 - [MESSAGE][FAILED] - Unable to click on object 'Object Repository/Final Object Repo/WorkFlow Listing Page/Search Information - To Put Ref No' (Root cause: com.kms.katalon.core.webui.exception.WebElementNotFoundException: Web element with id: 'Object Repository/Final Object Repo/WorkFlow Listing Page/Search Information - To Put Ref No' located by 'By.xpath: //h2[@data-target = '#_workflowlisting_WAR_baseportlet_searchDiv' and (text() = 'Search Information' or . = 'Search Information')]' not found)
[[ATTACHMENT|C:\\Users\\LENOVO\\Katalon Studio\\Perkeso Phase A\\Reports\\Workflow\\Form 3 EIS - Cessation as Employer\\20181020_023210\\1539999809311.png]]

2018-10-20 09:43:29 - [TEST_STEP][PASSED] - delay: Delayed 2 second(s)

2018-10-20 09:43:31 - [MESSAGE][PASSED] - Delayed 2 second(s)

2018-10-20 09:43:31 - [TEST_STEP][PASSED] - callTestCase: Call Test Case 'Test Cases/Final Aug 2018 - PKS Automation/Common/Reference Number Getter' successfully

2018-10-20 09:43:31 - [TEST_CASE][PASSED] - Test Cases/Final Aug 2018 - PKS Automation/Common/Reference Number Getter: Test Cases/Final Aug 2018 - PKS Automation/Common/Reference Number Getter

2018-10-20 09:43:31 - [TEST_STEP][PASSED] - Statement - Try: null

2018-10-20 09:43:31 - [TEST_STEP][PASSED] - Statement - RefNo = new java.io.File(C://KatalonReference.txt): null

2018-10-20 09:43:31 - [TEST_STEP][PASSED] - Statement - bufferread = new java.io.BufferedReader(new java.io.FileReader(RefNo)): null

2018-10-20 09:43:31 - [TEST_STEP][PASSED] - Statement - readedVal = bufferread.readLine(): null

2018-10-20 09:43:31 - [TEST_STEP][PASSED] - Statement - out.println(CaseReferenceNo): null

2018-10-20 09:43:31 - [TEST_STEP][PASSED] - Statement - out.println(readedVal): null

2018-10-20 09:43:31 - [TEST_STEP][PASSED] - Statement - CaseReferenceNo = readedVal: null

2018-10-20 09:43:31 - [MESSAGE][PASSED] - Call Test Case 'Test Cases/Final Aug 2018 - PKS Automation/Common/Reference Number Getter' successfully

2018-10-20 09:43:31 - [TEST_STEP][FAILED] - setText: Unable to set text 'ERN102018C200002182ERN102018C200002183' of object 'Object Repository/Final Object Repo/WorkFlow Listing Page/Ref No Set Text' (Root cause: com.kms.katalon.core.webui.exception.WebElementNotFoundException: Web element with id: 'Object Repository/Final Object Repo/WorkFlow Listing Page/Ref No Set Text' located by 'By.xpath: //input[@id = '_workflowlisting_WAR_baseportlet_dto.trxReferenceNum' and @name = '_workflowlisting_WAR_baseportlet_dto.trxReferenceNum' and @type = 'text']' not found)

2018-10-20 09:45:42 - [MESSAGE][FAILED] - Unable to set text 'ERN102018C200002182ERN102018C200002183' of object 'Object Repository/Final Object Repo/WorkFlow Listing Page/Ref No Set Text' (Root cause: com.kms.katalon.core.webui.exception.WebElementNotFoundException: Web element with id: 'Object Repository/Final Object Repo/WorkFlow Listing Page/Ref No Set Text' located by 'By.xpath: //input[@id = '_workflowlisting_WAR_baseportlet_dto.trxReferenceNum' and @name = '_workflowlisting_WAR_baseportlet_dto.trxReferenceNum' and @type = 'text']' not found)
[[ATTACHMENT|C:\\Users\\LENOVO\\Katalon Studio\\Perkeso Phase A\\Reports\\Workflow\\Form 3 EIS - Cessation as Employer\\20181020_023210\\1539999941966.png]]

2018-10-20 09:45:42 - [TEST_STEP][PASSED] - delay: Delayed 2 second(s)

2018-10-20 09:45:44 - [MESSAGE][PASSED] - Delayed 2 second(s)

2018-10-20 09:45:44 - [TEST_STEP][FAILED] - click: Unable to click on object 'Object Repository/Final Object Repo/WorkFlow Listing Page/Search Ref No Search Button' (Root cause: org.openqa.selenium.ElementNotVisibleException: element not visible
  (Session info: chrome=69.0.3497.100)
  (Driver info: chromedriver=2.35.528161 (5b82f2d2aae0ca24b877009200ced9065a772e73),platform=Windows NT 6.1.7601 SP1 x86_64) (WARNING: The server did not provide any stacktrace information)
Command duration or timeout: 0 milliseconds
Build info: version: '3.7.1', revision: '8a0099a', time: '2017-11-06T21:07:36.161Z'
System info: host: 'WEIZHENG', ip: '192.168.137.1', os.name: 'Windows 7', os.arch: 'amd64', os.version: '6.1', java.version: '1.8.0_181'
Driver info: com.kms.katalon.selenium.driver.CChromeDriver
Capabilities {acceptInsecureCerts: false, acceptSslCerts: false, applicationCacheEnabled: false, browserConnectionEnabled: false, browserName: chrome, chrome: {chromedriverVersion: 2.35.528161 (5b82f2d2aae0ca..., userDataDir: C:\Users\WEIZHE~1\AppData\L...}, cssSelectorsEnabled: true, databaseEnabled: false, handlesAlerts: true, hasTouchScreen: false, javascriptEnabled: true, locationContextEnabled: true, mobileEmulationEnabled: false, nativeEvents: true, networkConnectionEnabled: false, pageLoadStrategy: normal, platform: XP, platformName: XP, rotatable: false, setWindowRect: true, takesHeapSnapshot: true, takesScreenshot: true, unexpectedAlertBehaviour: , unhandledPromptBehavior: , version: 69.0.3497.100, webStorageEnabled: true}
Session ID: 2de97250d4f7259e40e8dbae288aa1e8)

2018-10-20 09:45:44 - [MESSAGE][FAILED] - Unable to click on object 'Object Repository/Final Object Repo/WorkFlow Listing Page/Search Ref No Search Button' (Root cause: org.openqa.selenium.ElementNotVisibleException: element not visible
  (Session info: chrome=69.0.3497.100)
  (Driver info: chromedriver=2.35.528161 (5b82f2d2aae0ca24b877009200ced9065a772e73),platform=Windows NT 6.1.7601 SP1 x86_64) (WARNING: The server did not provide any stacktrace information)
Command duration or timeout: 0 milliseconds
Build info: version: '3.7.1', revision: '8a0099a', time: '2017-11-06T21:07:36.161Z'
System info: host: 'WEIZHENG', ip: '192.168.137.1', os.name: 'Windows 7', os.arch: 'amd64', os.version: '6.1', java.version: '1.8.0_181'
Driver info: com.kms.katalon.selenium.driver.CChromeDriver
Capabilities {acceptInsecureCerts: false, acceptSslCerts: false, applicationCacheEnabled: false, browserConnectionEnabled: false, browserName: chrome, chrome: {chromedriverVersion: 2.35.528161 (5b82f2d2aae0ca..., userDataDir: C:\Users\WEIZHE~1\AppData\L...}, cssSelectorsEnabled: true, databaseEnabled: false, handlesAlerts: true, hasTouchScreen: false, javascriptEnabled: true, locationContextEnabled: true, mobileEmulationEnabled: false, nativeEvents: true, networkConnectionEnabled: false, pageLoadStrategy: normal, platform: XP, platformName: XP, rotatable: false, setWindowRect: true, takesHeapSnapshot: true, takesScreenshot: true, unexpectedAlertBehaviour: , unhandledPromptBehavior: , version: 69.0.3497.100, webStorageEnabled: true}
Session ID: 2de97250d4f7259e40e8dbae288aa1e8)
[[ATTACHMENT|C:\\Users\\LENOVO\\Katalon Studio\\Perkeso Phase A\\Reports\\Workflow\\Form 3 EIS - Cessation as Employer\\20181020_023210\\1539999944379.png]]

2018-10-20 09:45:44 - [TEST_STEP][PASSED] - delay: Delayed 4 second(s)

2018-10-20 09:45:48 - [MESSAGE][PASSED] - Delayed 4 second(s)

2018-10-20 09:45:48 - [TEST_STEP][PASSED] - click: Object: 'Object Repository/Final Object Repo/WorkFlow Listing Page/Click Continue Tooltip' is clicked on

2018-10-20 09:45:50 - [MESSAGE][PASSED] - Object: 'Object Repository/Final Object Repo/WorkFlow Listing Page/Click Continue Tooltip' is clicked on

2018-10-20 09:45:50 - [TEST_STEP][PASSED] - delay: Delayed 5 second(s)

2018-10-20 09:45:55 - [MESSAGE][PASSED] - Delayed 5 second(s)

2018-10-20 09:45:55 - [TEST_STEP][FAILED] - doubleClick: Unable to double click on object 'Object Repository/Final Object Repo/WorkFlow Listing Page/Workflow Found - Listing 1' (Root cause: com.kms.katalon.core.webui.exception.WebElementNotFoundException: Web element with id: 'Object Repository/Final Object Repo/WorkFlow Listing Page/Workflow Found - Listing 1' located by 'By.xpath: //body/div/div/div/div/div/div/div/div/div/div/div/div/div/div/div/div/table/tbody/tr/td[@class='table-cell  first']/following-sibling::td[1]' not found)

2018-10-20 09:48:05 - [MESSAGE][FAILED] - Unable to double click on object 'Object Repository/Final Object Repo/WorkFlow Listing Page/Workflow Found - Listing 1' (Root cause: com.kms.katalon.core.webui.exception.WebElementNotFoundException: Web element with id: 'Object Repository/Final Object Repo/WorkFlow Listing Page/Workflow Found - Listing 1' located by 'By.xpath: //body/div/div/div/div/div/div/div/div/div/div/div/div/div/div/div/div/table/tbody/tr/td[@class='table-cell  first']/following-sibling::td[1]' not found)
[[ATTACHMENT|C:\\Users\\LENOVO\\Katalon Studio\\Perkeso Phase A\\Reports\\Workflow\\Form 3 EIS - Cessation as Employer\\20181020_023210\\1540000085150.png]]

2018-10-20 09:48:05 - [MESSAGE][FAILED] - Unable to call Test Case with id 'Test Cases/Final Aug 2018 - PKS Automation/Common/Workflow Owner Finder' (Root cause: Call Test Case 'Test Cases/Final Aug 2018 - PKS Automation/Common/Workflow Owner Finder' failed)

2018-10-20 09:48:05 - [MESSAGE][FAILED] - Unable to call Test Case with id 'Test Cases/Final Aug 2018 - PKS Automation/Registration Module/Workflow/Form 3 EIS - Cessation As Employer/Template/Form 3 A - Cessation As Employer (Approve)' (Root cause: Call Test Case 'Test Cases/Final Aug 2018 - PKS Automation/Registration Module/Workflow/Form 3 EIS - Cessation As Employer/Template/Form 3 A - Cessation As Employer (Approve)' failed)]]></system-out>
         <system-err><![CDATA[2018-10-20 09:37:28 - [TEST_CASE][FAILED] - Test Cases/Final Aug 2018 - PKS Automation/Registration Module/Workflow/Form 3 EIS - Cessation As Employer/PKRBO to UO (Approve): Test Cases/Final Aug 2018 - PKS Automation/Registration Module/Workflow/Form 3 EIS - Cessation As Employer/PKRBO to UO (Approve) FAILED because (of) (Stack trace: com.kms.katalon.core.exception.StepFailedException: Unable to click on object 'Object Repository/Final Object Repo/Landing Page/Select to English' (Root cause: com.kms.katalon.core.webui.exception.WebElementNotFoundException: Web element with id: 'Object Repository/Final Object Repo/Landing Page/Select to English' located by 'By.xpath: //a[@class = 'taglib-language-list-text' and @lang = 'en-US' and (contains(text(), 'EN') or contains(., 'EN'))]' not found)
	at com.kms.katalon.core.keyword.internal.KeywordMain.stepFailed(KeywordMain.groovy:32)
	at com.kms.katalon.core.webui.keyword.internal.WebUIKeywordMain.stepFailed(WebUIKeywordMain.groovy:65)
	at com.kms.katalon.core.webui.keyword.internal.WebUIKeywordMain.runKeyword(WebUIKeywordMain.groovy:27)
	at com.kms.katalon.core.webui.keyword.builtin.ClickKeyword.click(ClickKeyword.groovy:86)
	at com.kms.katalon.core.webui.keyword.builtin.ClickKeyword.execute(ClickKeyword.groovy:67)
	at com.kms.katalon.core.keyword.internal.KeywordExecutor.executeKeywordForPlatform(KeywordExecutor.groovy:53)
	at com.kms.katalon.core.webui.keyword.WebUiBuiltInKeywords.click(WebUiBuiltInKeywords.groovy:604)
	at com.kms.katalon.core.webui.keyword.WebUiBuiltInKeywords$click$8.call(Unknown Source)
	at Script1534407542420.run(Script1534407542420.groovy:57)
	at com.kms.katalon.core.main.ScriptEngine.run(ScriptEngine.java:183)
	at com.kms.katalon.core.main.ScriptEngine.runScriptAsRawText(ScriptEngine.java:108)
	at com.kms.katalon.core.main.TestCaseExecutor.runScript(TestCaseExecutor.java:294)
	at com.kms.katalon.core.main.TestCaseExecutor.doExecute(TestCaseExecutor.java:285)
	at com.kms.katalon.core.main.TestCaseExecutor.processExecutionPhase(TestCaseExecutor.java:264)
	at com.kms.katalon.core.main.TestCaseExecutor.accessMainPhase(TestCaseExecutor.java:256)
	at com.kms.katalon.core.main.TestCaseExecutor.execute(TestCaseExecutor.java:200)
	at com.kms.katalon.core.main.TestCaseMain.runTestCase(TestCaseMain.java:99)
	at com.kms.katalon.core.keyword.builtin.CallTestCaseKeyword$_callTestCase_closure1.doCall(CallTestCaseKeyword.groovy:60)
	at com.kms.katalon.core.keyword.builtin.CallTestCaseKeyword$_callTestCase_closure1.call(CallTestCaseKeyword.groovy)
	at com.kms.katalon.core.keyword.internal.KeywordMain.runKeyword(KeywordMain.groovy:54)
	at com.kms.katalon.core.keyword.builtin.CallTestCaseKeyword.callTestCase(CallTestCaseKeyword.groovy:81)
	at com.kms.katalon.core.keyword.builtin.CallTestCaseKeyword.execute(CallTestCaseKeyword.groovy:45)
	at com.kms.katalon.core.keyword.internal.KeywordExecutor.executeKeywordForPlatform(KeywordExecutor.groovy:53)
	at com.kms.katalon.core.keyword.BuiltinKeywords.callTestCase(BuiltinKeywords.groovy:334)
	at sun.reflect.GeneratedMethodAccessor13.invoke(Unknown Source)
	at sun.reflect.DelegatingMethodAccessorImpl.invoke(DelegatingMethodAccessorImpl.java:43)
	at java.lang.reflect.Method.invoke(Method.java:498)
	at org.codehaus.groovy.reflection.CachedMethod.invoke(CachedMethod.java:93)
	at groovy.lang.MetaMethod.doMethodInvoke(MetaMethod.java:325)
	at groovy.lang.MetaClassImpl.invokeStaticMethod(MetaClassImpl.java:1469)
	at org.codehaus.groovy.runtime.callsite.StaticMetaClassSite.call(StaticMetaClassSite.java:53)
	at org.codehaus.groovy.runtime.callsite.AbstractCallSite.call(AbstractCallSite.java:141)
	at Script1536043843412.run(Script1536043843412.groovy:34)
	at com.kms.katalon.core.main.ScriptEngine.run(ScriptEngine.java:183)
	at com.kms.katalon.core.main.ScriptEngine.runScriptAsRawText(ScriptEngine.java:108)
	at com.kms.katalon.core.main.TestCaseExecutor.runScript(TestCaseExecutor.java:294)
	at com.kms.katalon.core.main.TestCaseExecutor.doExecute(TestCaseExecutor.java:285)
	at com.kms.katalon.core.main.TestCaseExecutor.processExecutionPhase(TestCaseExecutor.java:264)
	at com.kms.katalon.core.main.TestCaseExecutor.accessMainPhase(TestCaseExecutor.java:256)
	at com.kms.katalon.core.main.TestCaseExecutor.execute(TestCaseExecutor.java:200)
	at com.kms.katalon.core.main.TestCaseMain.runTestCase(TestCaseMain.java:99)
	at com.kms.katalon.core.keyword.builtin.CallTestCaseKeyword$_callTestCase_closure1.doCall(CallTestCaseKeyword.groovy:60)
	at com.kms.katalon.core.keyword.builtin.CallTestCaseKeyword$_callTestCase_closure1.call(CallTestCaseKeyword.groovy)
	at com.kms.katalon.core.keyword.internal.KeywordMain.runKeyword(KeywordMain.groovy:54)
	at com.kms.katalon.core.keyword.builtin.CallTestCaseKeyword.callTestCase(CallTestCaseKeyword.groovy:81)
	at com.kms.katalon.core.keyword.builtin.CallTestCaseKeyword.execute(CallTestCaseKeyword.groovy:45)
	at com.kms.katalon.core.keyword.internal.KeywordExecutor.executeKeywordForPlatform(KeywordExecutor.groovy:53)
	at com.kms.katalon.core.keyword.BuiltinKeywords.callTestCase(BuiltinKeywords.groovy:334)
	at sun.reflect.GeneratedMethodAccessor13.invoke(Unknown Source)
	at sun.reflect.DelegatingMethodAccessorImpl.invoke(DelegatingMethodAccessorImpl.java:43)
	at java.lang.reflect.Method.invoke(Method.java:498)
	at org.codehaus.groovy.reflection.CachedMethod.invoke(CachedMethod.java:93)
	at groovy.lang.MetaMethod.doMethodInvoke(MetaMethod.java:325)
	at groovy.lang.MetaClassImpl.invokeStaticMethod(MetaClassImpl.java:1469)
	at org.codehaus.groovy.runtime.callsite.StaticMetaClassSite.call(StaticMetaClassSite.java:53)
	at org.codehaus.groovy.runtime.callsite.CallSiteArray.defaultCall(CallSiteArray.java:48)
	at org.codehaus.groovy.runtime.callsite.AbstractCallSite.call(AbstractCallSite.java:113)
	at org.codehaus.groovy.runtime.callsite.AbstractCallSite.call(AbstractCallSite.java:141)
	at Script1536204583402.run(Script1536204583402.groovy:25)
	at com.kms.katalon.core.main.ScriptEngine.run(ScriptEngine.java:183)
	at com.kms.katalon.core.main.ScriptEngine.runScriptAsRawText(ScriptEngine.java:108)
	at com.kms.katalon.core.main.TestCaseExecutor.runScript(TestCaseExecutor.java:294)
	at com.kms.katalon.core.main.TestCaseExecutor.doExecute(TestCaseExecutor.java:285)
	at com.kms.katalon.core.main.TestCaseExecutor.processExecutionPhase(TestCaseExecutor.java:264)
	at com.kms.katalon.core.main.TestCaseExecutor.accessMainPhase(TestCaseExecutor.java:256)
	at com.kms.katalon.core.main.TestCaseExecutor.execute(TestCaseExecutor.java:200)
	at com.kms.katalon.core.main.TestSuiteExecutor.accessTestCaseMainPhase(TestSuiteExecutor.java:129)
	at com.kms.katalon.core.main.TestSuiteExecutor.accessTestSuiteMainPhase(TestSuiteExecutor.java:112)
	at com.kms.katalon.core.main.TestSuiteExecutor.execute(TestSuiteExecutor.java:81)
	at com.kms.katalon.core.main.TestCaseMain.startTestSuite(TestCaseMain.java:142)
	at com.kms.katalon.core.main.TestCaseMain$startTestSuite$0.call(Unknown Source)
	at org.codehaus.groovy.runtime.callsite.CallSiteArray.defaultCall(CallSiteArray.java:48)
	at org.codehaus.groovy.runtime.callsite.AbstractCallSite.call(AbstractCallSite.java:113)
	at org.codehaus.groovy.runtime.callsite.AbstractCallSite.call(AbstractCallSite.java:141)
	at TempTestSuite1539973930605.run(TempTestSuite1539973930605.groovy:36)
	at groovy.lang.GroovyShell.runScriptOrMainOrTestOrRunnable(GroovyShell.java:263)
	at groovy.lang.GroovyShell.run(GroovyShell.java:518)
	at groovy.lang.GroovyShell.run(GroovyShell.java:507)
	at groovy.ui.GroovyMain.processOnce(GroovyMain.java:653)
	at groovy.ui.GroovyMain.run(GroovyMain.java:384)
	at groovy.ui.GroovyMain.process(GroovyMain.java:370)
	at groovy.ui.GroovyMain.processArgs(GroovyMain.java:129)
	at groovy.ui.GroovyMain.main(GroovyMain.java:109)
	at sun.reflect.NativeMethodAccessorImpl.invoke0(Native Method)
	at sun.reflect.NativeMethodAccessorImpl.invoke(NativeMethodAccessorImpl.java:62)
	at sun.reflect.DelegatingMethodAccessorImpl.invoke(DelegatingMethodAccessorImpl.java:43)
	at java.lang.reflect.Method.invoke(Method.java:498)
	at org.codehaus.groovy.tools.GroovyStarter.rootLoader(GroovyStarter.java:109)
	at org.codehaus.groovy.tools.GroovyStarter.main(GroovyStarter.java:131)
)]]></system-err>
      </testcase>
      <testcase name="Test Cases/Final Aug 2018 - PKS Automation/Registration Module/Workflow/Form 3 EIS - Cessation As Employer/PKRBO to UO (Query)" classname="Test Cases/Final Aug 2018 - PKS Automation/Registration Module/Workflow/Form 3 EIS - Cessation As Employer/PKRBO to UO (Query)" status="FAILED">
         <failure type="FAILED" message="(Stack trace: com.kms.katalon.core.exception.StepFailedException: Unable to click on object 'Object Repository/Final Object Repo/Landing Page/Select to Workflow Listing' (Root cause: org.openqa.selenium.ElementNotVisibleException: element not visible
  (Session info: chrome=69.0.3497.100)
  (Driver info: chromedriver=2.35.528161 (5b82f2d2aae0ca24b877009200ced9065a772e73),platform=Windows NT 6.1.7601 SP1 x86_64) (WARNING: The server did not provide any stacktrace information)
Command duration or timeout: 0 milliseconds
Build info: version: '3.7.1', revision: '8a0099a', time: '2017-11-06T21:07:36.161Z'
System info: host: 'WEIZHENG', ip: '192.168.137.1', os.name: 'Windows 7', os.arch: 'amd64', os.version: '6.1', java.version: '1.8.0_181'
Driver info: com.kms.katalon.selenium.driver.CChromeDriver
Capabilities {acceptInsecureCerts: false, acceptSslCerts: false, applicationCacheEnabled: false, browserConnectionEnabled: false, browserName: chrome, chrome: {chromedriverVersion: 2.35.528161 (5b82f2d2aae0ca..., userDataDir: C:\Users\WEIZHE~1\AppData\L...}, cssSelectorsEnabled: true, databaseEnabled: false, handlesAlerts: true, hasTouchScreen: false, javascriptEnabled: true, locationContextEnabled: true, mobileEmulationEnabled: false, nativeEvents: true, networkConnectionEnabled: false, pageLoadStrategy: normal, platform: XP, platformName: XP, rotatable: false, setWindowRect: true, takesHeapSnapshot: true, takesScreenshot: true, unexpectedAlertBehaviour: , unhandledPromptBehavior: , version: 69.0.3497.100, webStorageEnabled: true}
Session ID: b7d0acd589d297e917ee1de776227555)
	at com.kms.katalon.core.keyword.internal.KeywordMain.stepFailed(KeywordMain.groovy:32)
	at com.kms.katalon.core.webui.keyword.internal.WebUIKeywordMain.stepFailed(WebUIKeywordMain.groovy:65)
	at com.kms.katalon.core.webui.keyword.internal.WebUIKeywordMain.runKeyword(WebUIKeywordMain.groovy:27)
	at com.kms.katalon.core.webui.keyword.builtin.ClickKeyword.click(ClickKeyword.groovy:86)
	at com.kms.katalon.core.webui.keyword.builtin.ClickKeyword.execute(ClickKeyword.groovy:67)
	at com.kms.katalon.core.keyword.internal.KeywordExecutor.executeKeywordForPlatform(KeywordExecutor.groovy:53)
	at com.kms.katalon.core.webui.keyword.WebUiBuiltInKeywords.click(WebUiBuiltInKeywords.groovy:616)
	at com.kms.katalon.core.webui.keyword.WebUiBuiltInKeywords$click$2.call(Unknown Source)
	at Script1534407542420.run(Script1534407542420.groovy:73)
	at com.kms.katalon.core.main.ScriptEngine.run(ScriptEngine.java:183)
	at com.kms.katalon.core.main.ScriptEngine.runScriptAsRawText(ScriptEngine.java:108)
	at com.kms.katalon.core.main.TestCaseExecutor.runScript(TestCaseExecutor.java:294)
	at com.kms.katalon.core.main.TestCaseExecutor.doExecute(TestCaseExecutor.java:285)
	at com.kms.katalon.core.main.TestCaseExecutor.processExecutionPhase(TestCaseExecutor.java:264)
	at com.kms.katalon.core.main.TestCaseExecutor.accessMainPhase(TestCaseExecutor.java:256)
	at com.kms.katalon.core.main.TestCaseExecutor.execute(TestCaseExecutor.java:200)
	at com.kms.katalon.core.main.TestCaseMain.runTestCase(TestCaseMain.java:99)
	at com.kms.katalon.core.keyword.builtin.CallTestCaseKeyword$_callTestCase_closure1.doCall(CallTestCaseKeyword.groovy:60)
	at com.kms.katalon.core.keyword.builtin.CallTestCaseKeyword$_callTestCase_closure1.call(CallTestCaseKeyword.groovy)
	at com.kms.katalon.core.keyword.internal.KeywordMain.runKeyword(KeywordMain.groovy:54)
	at com.kms.katalon.core.keyword.builtin.CallTestCaseKeyword.callTestCase(CallTestCaseKeyword.groovy:81)
	at com.kms.katalon.core.keyword.builtin.CallTestCaseKeyword.execute(CallTestCaseKeyword.groovy:45)
	at com.kms.katalon.core.keyword.internal.KeywordExecutor.executeKeywordForPlatform(KeywordExecutor.groovy:53)
	at com.kms.katalon.core.keyword.BuiltinKeywords.callTestCase(BuiltinKeywords.groovy:334)
	at sun.reflect.GeneratedMethodAccessor13.invoke(Unknown Source)
	at sun.reflect.DelegatingMethodAccessorImpl.invoke(DelegatingMethodAccessorImpl.java:43)
	at java.lang.reflect.Method.invoke(Method.java:498)
	at org.codehaus.groovy.reflection.CachedMethod.invoke(CachedMethod.java:93)
	at groovy.lang.MetaMethod.doMethodInvoke(MetaMethod.java:325)
	at groovy.lang.MetaClassImpl.invokeStaticMethod(MetaClassImpl.java:1469)
	at org.codehaus.groovy.runtime.callsite.StaticMetaClassSite.call(StaticMetaClassSite.java:53)
	at org.codehaus.groovy.runtime.callsite.AbstractCallSite.call(AbstractCallSite.java:141)
	at Script1536114876563.run(Script1536114876563.groovy:34)
	at com.kms.katalon.core.main.ScriptEngine.run(ScriptEngine.java:183)
	at com.kms.katalon.core.main.ScriptEngine.runScriptAsRawText(ScriptEngine.java:108)
	at com.kms.katalon.core.main.TestCaseExecutor.runScript(TestCaseExecutor.java:294)
	at com.kms.katalon.core.main.TestCaseExecutor.doExecute(TestCaseExecutor.java:285)
	at com.kms.katalon.core.main.TestCaseExecutor.processExecutionPhase(TestCaseExecutor.java:264)
	at com.kms.katalon.core.main.TestCaseExecutor.accessMainPhase(TestCaseExecutor.java:256)
	at com.kms.katalon.core.main.TestCaseExecutor.execute(TestCaseExecutor.java:200)
	at com.kms.katalon.core.main.TestCaseMain.runTestCase(TestCaseMain.java:99)
	at com.kms.katalon.core.keyword.builtin.CallTestCaseKeyword$_callTestCase_closure1.doCall(CallTestCaseKeyword.groovy:60)
	at com.kms.katalon.core.keyword.builtin.CallTestCaseKeyword$_callTestCase_closure1.call(CallTestCaseKeyword.groovy)
	at com.kms.katalon.core.keyword.internal.KeywordMain.runKeyword(KeywordMain.groovy:54)
	at com.kms.katalon.core.keyword.builtin.CallTestCaseKeyword.callTestCase(CallTestCaseKeyword.groovy:81)
	at com.kms.katalon.core.keyword.builtin.CallTestCaseKeyword.execute(CallTestCaseKeyword.groovy:45)
	at com.kms.katalon.core.keyword.internal.KeywordExecutor.executeKeywordForPlatform(KeywordExecutor.groovy:53)
	at com.kms.katalon.core.keyword.BuiltinKeywords.callTestCase(BuiltinKeywords.groovy:334)
	at sun.reflect.GeneratedMethodAccessor13.invoke(Unknown Source)
	at sun.reflect.DelegatingMethodAccessorImpl.invoke(DelegatingMethodAccessorImpl.java:43)
	at java.lang.reflect.Method.invoke(Method.java:498)
	at org.codehaus.groovy.reflection.CachedMethod.invoke(CachedMethod.java:93)
	at groovy.lang.MetaMethod.doMethodInvoke(MetaMethod.java:325)
	at groovy.lang.MetaClassImpl.invokeStaticMethod(MetaClassImpl.java:1469)
	at org.codehaus.groovy.runtime.callsite.StaticMetaClassSite.call(StaticMetaClassSite.java:53)
	at org.codehaus.groovy.runtime.callsite.CallSiteArray.defaultCall(CallSiteArray.java:48)
	at org.codehaus.groovy.runtime.callsite.AbstractCallSite.call(AbstractCallSite.java:113)
	at org.codehaus.groovy.runtime.callsite.AbstractCallSite.call(AbstractCallSite.java:141)
	at Script1536204651962.run(Script1536204651962.groovy:25)
	at com.kms.katalon.core.main.ScriptEngine.run(ScriptEngine.java:183)
	at com.kms.katalon.core.main.ScriptEngine.runScriptAsRawText(ScriptEngine.java:108)
	at com.kms.katalon.core.main.TestCaseExecutor.runScript(TestCaseExecutor.java:294)
	at com.kms.katalon.core.main.TestCaseExecutor.doExecute(TestCaseExecutor.java:285)
	at com.kms.katalon.core.main.TestCaseExecutor.processExecutionPhase(TestCaseExecutor.java:264)
	at com.kms.katalon.core.main.TestCaseExecutor.accessMainPhase(TestCaseExecutor.java:256)
	at com.kms.katalon.core.main.TestCaseExecutor.execute(TestCaseExecutor.java:200)
	at com.kms.katalon.core.main.TestSuiteExecutor.accessTestCaseMainPhase(TestSuiteExecutor.java:129)
	at com.kms.katalon.core.main.TestSuiteExecutor.accessTestSuiteMainPhase(TestSuiteExecutor.java:112)
	at com.kms.katalon.core.main.TestSuiteExecutor.execute(TestSuiteExecutor.java:81)
	at com.kms.katalon.core.main.TestCaseMain.startTestSuite(TestCaseMain.java:142)
	at com.kms.katalon.core.main.TestCaseMain$startTestSuite$0.call(Unknown Source)
	at org.codehaus.groovy.runtime.callsite.CallSiteArray.defaultCall(CallSiteArray.java:48)
	at org.codehaus.groovy.runtime.callsite.AbstractCallSite.call(AbstractCallSite.java:113)
	at org.codehaus.groovy.runtime.callsite.AbstractCallSite.call(AbstractCallSite.java:141)
	at TempTestSuite1539973930605.run(TempTestSuite1539973930605.groovy:36)
	at groovy.lang.GroovyShell.runScriptOrMainOrTestOrRunnable(GroovyShell.java:263)
	at groovy.lang.GroovyShell.run(GroovyShell.java:518)
	at groovy.lang.GroovyShell.run(GroovyShell.java:507)
	at groovy.ui.GroovyMain.processOnce(GroovyMain.java:653)
	at groovy.ui.GroovyMain.run(GroovyMain.java:384)
	at groovy.ui.GroovyMain.process(GroovyMain.java:370)
	at groovy.ui.GroovyMain.processArgs(GroovyMain.java:129)
	at groovy.ui.GroovyMain.main(GroovyMain.java:109)
	at sun.reflect.NativeMethodAccessorImpl.invoke0(Native Method)
	at sun.reflect.NativeMethodAccessorImpl.invoke(NativeMethodAccessorImpl.java:62)
	at sun.reflect.DelegatingMethodAccessorImpl.invoke(DelegatingMethodAccessorImpl.java:43)
	at java.lang.reflect.Method.invoke(Method.java:498)
	at org.codehaus.groovy.tools.GroovyStarter.rootLoader(GroovyStarter.java:109)
	at org.codehaus.groovy.tools.GroovyStarter.main(GroovyStarter.java:131)
)"/>
         <system-out><![CDATA[2018-10-20 09:48:05 - [TEST_CASE][FAILED] - Test Cases/Final Aug 2018 - PKS Automation/Registration Module/Workflow/Form 3 EIS - Cessation As Employer/PKRBO to UO (Query): Test Cases/Final Aug 2018 - PKS Automation/Registration Module/Workflow/Form 3 EIS - Cessation As Employer/PKRBO to UO (Query) FAILED because (of) (Stack trace: com.kms.katalon.core.exception.StepFailedException: Unable to click on object 'Object Repository/Final Object Repo/Landing Page/Select to Workflow Listing' (Root cause: org.openqa.selenium.ElementNotVisibleException: element not visible
  (Session info: chrome=69.0.3497.100)
  (Driver info: chromedriver=2.35.528161 (5b82f2d2aae0ca24b877009200ced9065a772e73),platform=Windows NT 6.1.7601 SP1 x86_64) (WARNING: The server did not provide any stacktrace information)
Command duration or timeout: 0 milliseconds
Build info: version: '3.7.1', revision: '8a0099a', time: '2017-11-06T21:07:36.161Z'
System info: host: 'WEIZHENG', ip: '192.168.137.1', os.name: 'Windows 7', os.arch: 'amd64', os.version: '6.1', java.version: '1.8.0_181'
Driver info: com.kms.katalon.selenium.driver.CChromeDriver
Capabilities {acceptInsecureCerts: false, acceptSslCerts: false, applicationCacheEnabled: false, browserConnectionEnabled: false, browserName: chrome, chrome: {chromedriverVersion: 2.35.528161 (5b82f2d2aae0ca..., userDataDir: C:\Users\WEIZHE~1\AppData\L...}, cssSelectorsEnabled: true, databaseEnabled: false, handlesAlerts: true, hasTouchScreen: false, javascriptEnabled: true, locationContextEnabled: true, mobileEmulationEnabled: false, nativeEvents: true, networkConnectionEnabled: false, pageLoadStrategy: normal, platform: XP, platformName: XP, rotatable: false, setWindowRect: true, takesHeapSnapshot: true, takesScreenshot: true, unexpectedAlertBehaviour: , unhandledPromptBehavior: , version: 69.0.3497.100, webStorageEnabled: true}
Session ID: b7d0acd589d297e917ee1de776227555)
	at com.kms.katalon.core.keyword.internal.KeywordMain.stepFailed(KeywordMain.groovy:32)
	at com.kms.katalon.core.webui.keyword.internal.WebUIKeywordMain.stepFailed(WebUIKeywordMain.groovy:65)
	at com.kms.katalon.core.webui.keyword.internal.WebUIKeywordMain.runKeyword(WebUIKeywordMain.groovy:27)
	at com.kms.katalon.core.webui.keyword.builtin.ClickKeyword.click(ClickKeyword.groovy:86)
	at com.kms.katalon.core.webui.keyword.builtin.ClickKeyword.execute(ClickKeyword.groovy:67)
	at com.kms.katalon.core.keyword.internal.KeywordExecutor.executeKeywordForPlatform(KeywordExecutor.groovy:53)
	at com.kms.katalon.core.webui.keyword.WebUiBuiltInKeywords.click(WebUiBuiltInKeywords.groovy:616)
	at com.kms.katalon.core.webui.keyword.WebUiBuiltInKeywords$click$2.call(Unknown Source)
	at Script1534407542420.run(Script1534407542420.groovy:73)
	at com.kms.katalon.core.main.ScriptEngine.run(ScriptEngine.java:183)
	at com.kms.katalon.core.main.ScriptEngine.runScriptAsRawText(ScriptEngine.java:108)
	at com.kms.katalon.core.main.TestCaseExecutor.runScript(TestCaseExecutor.java:294)
	at com.kms.katalon.core.main.TestCaseExecutor.doExecute(TestCaseExecutor.java:285)
	at com.kms.katalon.core.main.TestCaseExecutor.processExecutionPhase(TestCaseExecutor.java:264)
	at com.kms.katalon.core.main.TestCaseExecutor.accessMainPhase(TestCaseExecutor.java:256)
	at com.kms.katalon.core.main.TestCaseExecutor.execute(TestCaseExecutor.java:200)
	at com.kms.katalon.core.main.TestCaseMain.runTestCase(TestCaseMain.java:99)
	at com.kms.katalon.core.keyword.builtin.CallTestCaseKeyword$_callTestCase_closure1.doCall(CallTestCaseKeyword.groovy:60)
	at com.kms.katalon.core.keyword.builtin.CallTestCaseKeyword$_callTestCase_closure1.call(CallTestCaseKeyword.groovy)
	at com.kms.katalon.core.keyword.internal.KeywordMain.runKeyword(KeywordMain.groovy:54)
	at com.kms.katalon.core.keyword.builtin.CallTestCaseKeyword.callTestCase(CallTestCaseKeyword.groovy:81)
	at com.kms.katalon.core.keyword.builtin.CallTestCaseKeyword.execute(CallTestCaseKeyword.groovy:45)
	at com.kms.katalon.core.keyword.internal.KeywordExecutor.executeKeywordForPlatform(KeywordExecutor.groovy:53)
	at com.kms.katalon.core.keyword.BuiltinKeywords.callTestCase(BuiltinKeywords.groovy:334)
	at sun.reflect.GeneratedMethodAccessor13.invoke(Unknown Source)
	at sun.reflect.DelegatingMethodAccessorImpl.invoke(DelegatingMethodAccessorImpl.java:43)
	at java.lang.reflect.Method.invoke(Method.java:498)
	at org.codehaus.groovy.reflection.CachedMethod.invoke(CachedMethod.java:93)
	at groovy.lang.MetaMethod.doMethodInvoke(MetaMethod.java:325)
	at groovy.lang.MetaClassImpl.invokeStaticMethod(MetaClassImpl.java:1469)
	at org.codehaus.groovy.runtime.callsite.StaticMetaClassSite.call(StaticMetaClassSite.java:53)
	at org.codehaus.groovy.runtime.callsite.AbstractCallSite.call(AbstractCallSite.java:141)
	at Script1536114876563.run(Script1536114876563.groovy:34)
	at com.kms.katalon.core.main.ScriptEngine.run(ScriptEngine.java:183)
	at com.kms.katalon.core.main.ScriptEngine.runScriptAsRawText(ScriptEngine.java:108)
	at com.kms.katalon.core.main.TestCaseExecutor.runScript(TestCaseExecutor.java:294)
	at com.kms.katalon.core.main.TestCaseExecutor.doExecute(TestCaseExecutor.java:285)
	at com.kms.katalon.core.main.TestCaseExecutor.processExecutionPhase(TestCaseExecutor.java:264)
	at com.kms.katalon.core.main.TestCaseExecutor.accessMainPhase(TestCaseExecutor.java:256)
	at com.kms.katalon.core.main.TestCaseExecutor.execute(TestCaseExecutor.java:200)
	at com.kms.katalon.core.main.TestCaseMain.runTestCase(TestCaseMain.java:99)
	at com.kms.katalon.core.keyword.builtin.CallTestCaseKeyword$_callTestCase_closure1.doCall(CallTestCaseKeyword.groovy:60)
	at com.kms.katalon.core.keyword.builtin.CallTestCaseKeyword$_callTestCase_closure1.call(CallTestCaseKeyword.groovy)
	at com.kms.katalon.core.keyword.internal.KeywordMain.runKeyword(KeywordMain.groovy:54)
	at com.kms.katalon.core.keyword.builtin.CallTestCaseKeyword.callTestCase(CallTestCaseKeyword.groovy:81)
	at com.kms.katalon.core.keyword.builtin.CallTestCaseKeyword.execute(CallTestCaseKeyword.groovy:45)
	at com.kms.katalon.core.keyword.internal.KeywordExecutor.executeKeywordForPlatform(KeywordExecutor.groovy:53)
	at com.kms.katalon.core.keyword.BuiltinKeywords.callTestCase(BuiltinKeywords.groovy:334)
	at sun.reflect.GeneratedMethodAccessor13.invoke(Unknown Source)
	at sun.reflect.DelegatingMethodAccessorImpl.invoke(DelegatingMethodAccessorImpl.java:43)
	at java.lang.reflect.Method.invoke(Method.java:498)
	at org.codehaus.groovy.reflection.CachedMethod.invoke(CachedMethod.java:93)
	at groovy.lang.MetaMethod.doMethodInvoke(MetaMethod.java:325)
	at groovy.lang.MetaClassImpl.invokeStaticMethod(MetaClassImpl.java:1469)
	at org.codehaus.groovy.runtime.callsite.StaticMetaClassSite.call(StaticMetaClassSite.java:53)
	at org.codehaus.groovy.runtime.callsite.CallSiteArray.defaultCall(CallSiteArray.java:48)
	at org.codehaus.groovy.runtime.callsite.AbstractCallSite.call(AbstractCallSite.java:113)
	at org.codehaus.groovy.runtime.callsite.AbstractCallSite.call(AbstractCallSite.java:141)
	at Script1536204651962.run(Script1536204651962.groovy:25)
	at com.kms.katalon.core.main.ScriptEngine.run(ScriptEngine.java:183)
	at com.kms.katalon.core.main.ScriptEngine.runScriptAsRawText(ScriptEngine.java:108)
	at com.kms.katalon.core.main.TestCaseExecutor.runScript(TestCaseExecutor.java:294)
	at com.kms.katalon.core.main.TestCaseExecutor.doExecute(TestCaseExecutor.java:285)
	at com.kms.katalon.core.main.TestCaseExecutor.processExecutionPhase(TestCaseExecutor.java:264)
	at com.kms.katalon.core.main.TestCaseExecutor.accessMainPhase(TestCaseExecutor.java:256)
	at com.kms.katalon.core.main.TestCaseExecutor.execute(TestCaseExecutor.java:200)
	at com.kms.katalon.core.main.TestSuiteExecutor.accessTestCaseMainPhase(TestSuiteExecutor.java:129)
	at com.kms.katalon.core.main.TestSuiteExecutor.accessTestSuiteMainPhase(TestSuiteExecutor.java:112)
	at com.kms.katalon.core.main.TestSuiteExecutor.execute(TestSuiteExecutor.java:81)
	at com.kms.katalon.core.main.TestCaseMain.startTestSuite(TestCaseMain.java:142)
	at com.kms.katalon.core.main.TestCaseMain$startTestSuite$0.call(Unknown Source)
	at org.codehaus.groovy.runtime.callsite.CallSiteArray.defaultCall(CallSiteArray.java:48)
	at org.codehaus.groovy.runtime.callsite.AbstractCallSite.call(AbstractCallSite.java:113)
	at org.codehaus.groovy.runtime.callsite.AbstractCallSite.call(AbstractCallSite.java:141)
	at TempTestSuite1539973930605.run(TempTestSuite1539973930605.groovy:36)
	at groovy.lang.GroovyShell.runScriptOrMainOrTestOrRunnable(GroovyShell.java:263)
	at groovy.lang.GroovyShell.run(GroovyShell.java:518)
	at groovy.lang.GroovyShell.run(GroovyShell.java:507)
	at groovy.ui.GroovyMain.processOnce(GroovyMain.java:653)
	at groovy.ui.GroovyMain.run(GroovyMain.java:384)
	at groovy.ui.GroovyMain.process(GroovyMain.java:370)
	at groovy.ui.GroovyMain.processArgs(GroovyMain.java:129)
	at groovy.ui.GroovyMain.main(GroovyMain.java:109)
	at sun.reflect.NativeMethodAccessorImpl.invoke0(Native Method)
	at sun.reflect.NativeMethodAccessorImpl.invoke(NativeMethodAccessorImpl.java:62)
	at sun.reflect.DelegatingMethodAccessorImpl.invoke(DelegatingMethodAccessorImpl.java:43)
	at java.lang.reflect.Method.invoke(Method.java:498)
	at org.codehaus.groovy.tools.GroovyStarter.rootLoader(GroovyStarter.java:109)
	at org.codehaus.groovy.tools.GroovyStarter.main(GroovyStarter.java:131)
)

2018-10-20 09:48:05 - [TEST_STEP][PASSED] - callTestCase: Call Test Case 'Test Cases/Final Aug 2018 - PKS Automation/Registration Module/Workflow/Form 3 EIS - Cessation As Employer/Template/Form 3 A - Cessation As Employer (PKRBO)' successfully

2018-10-20 09:48:05 - [TEST_CASE][PASSED] - Test Cases/Final Aug 2018 - PKS Automation/Registration Module/Workflow/Form 3 EIS - Cessation As Employer/Template/Form 3 A - Cessation As Employer (PKRBO): Test Cases/Final Aug 2018 - PKS Automation/Registration Module/Workflow/Form 3 EIS - Cessation As Employer/Template/Form 3 A - Cessation As Employer (PKRBO)

2018-10-20 09:48:05 - [TEST_STEP][PASSED] - openBrowser: Browser is opened with url: ''

2018-10-20 09:48:05 - [MESSAGE][WARNING] - A browser is already opened. Closing browser and opening a new one

2018-10-20 09:48:09 - [MESSAGE][PASSED] - Browser is opened with url: ''

2018-10-20 09:48:09 - [TEST_STEP][PASSED] - navigateToUrl: Navigate to 'https://assist2-uat.perkeso.gov.my/login' successfully

2018-10-20 09:48:12 - [MESSAGE][PASSED] - Navigate to 'https://assist2-uat.perkeso.gov.my/login' successfully

2018-10-20 09:48:12 - [TEST_STEP][PASSED] - setText: Text 'johorpkrbo1@gmail.com' is set on object 'Object Repository/Final Object Repo/Login Page/Internal User/Email Address'

2018-10-20 09:48:12 - [MESSAGE][PASSED] - Text 'johorpkrbo1@gmail.com' is set on object 'Object Repository/Final Object Repo/Login Page/Internal User/Email Address'

2018-10-20 09:48:12 - [TEST_STEP][PASSED] - click: Object: 'Object Repository/Final Object Repo/Login Page/Internal User/Next Button' is clicked on

2018-10-20 09:48:12 - [MESSAGE][PASSED] - Object: 'Object Repository/Final Object Repo/Login Page/Internal User/Next Button' is clicked on

2018-10-20 09:48:12 - [TEST_STEP][PASSED] - delay: Delayed 1 second(s)

2018-10-20 09:48:13 - [MESSAGE][PASSED] - Delayed 1 second(s)

2018-10-20 09:48:13 - [TEST_STEP][PASSED] - setEncryptedText: Text ****** has been set on object 'Object Repository/Final Object Repo/Login Page/Internal User/Password'

2018-10-20 09:48:13 - [MESSAGE][PASSED] - Text ****** has been set on object 'Object Repository/Final Object Repo/Login Page/Internal User/Password'

2018-10-20 09:48:13 - [TEST_STEP][PASSED] - click: Object: 'Object Repository/Final Object Repo/Login Page/Internal User/Login Button' is clicked on

2018-10-20 09:48:13 - [MESSAGE][PASSED] - Object: 'Object Repository/Final Object Repo/Login Page/Internal User/Login Button' is clicked on

2018-10-20 09:48:13 - [TEST_STEP][PASSED] - delay: Delayed 1 second(s)

2018-10-20 09:48:14 - [MESSAGE][PASSED] - Delayed 1 second(s)

2018-10-20 09:48:14 - [TEST_STEP][PASSED] - Statement - Try: Delayed 2 second(s)

2018-10-20 09:48:14 - [TEST_STEP][PASSED] - Statement - Checker = false: null

2018-10-20 09:48:14 - [TEST_STEP][PASSED] - Statement - Checker = com.kms.katalon.core.webui.keyword.WebUiBuiltInKeywords.verifyElementHasAttribute(com.kms.katalon.core.testobject.ObjectRepository.findTestObject(Final Object Repo/Landing Page/BM Detecting), "href", 20, OPTIONAL): Object 'Object Repository/Final Object Repo/Landing Page/BM Detecting' has attribute 'href'

2018-10-20 09:48:17 - [MESSAGE][PASSED] - Object 'Object Repository/Final Object Repo/Landing Page/BM Detecting' has attribute 'href'

2018-10-20 09:48:17 - [TEST_STEP][PASSED] - Statement - out.println(Checker): null

2018-10-20 09:48:17 - [TEST_STEP][PASSED] - Statement - If (Checker == false): null

2018-10-20 09:48:17 - [TEST_STEP][PASSED] - Statement - Else: null

2018-10-20 09:48:17 - [TEST_STEP][PASSED] - delay: Delayed 2 second(s)

2018-10-20 09:48:19 - [MESSAGE][PASSED] - Delayed 2 second(s)

2018-10-20 09:48:19 - [TEST_STEP][PASSED] - navigateToUrl: Navigate to 'https://assist2-uat.perkeso.gov.my/web/registration/eis-update/form-3-eis-cessation-as-employer' successfully

2018-10-20 09:48:20 - [MESSAGE][PASSED] - Navigate to 'https://assist2-uat.perkeso.gov.my/web/registration/eis-update/form-3-eis-cessation-as-employer' successfully

2018-10-20 09:48:20 - [TEST_STEP][PASSED] - delay: Delayed 1 second(s)

2018-10-20 09:48:21 - [MESSAGE][PASSED] - Delayed 1 second(s)

2018-10-20 09:48:21 - [TEST_STEP][PASSED] - setText: Text 'E1102069769W' is set on object 'Object Repository/Final Object Repo/Page_Form 3 EIS - Cessation as Employer/Employer Code'

2018-10-20 09:48:22 - [MESSAGE][PASSED] - Text 'E1102069769W' is set on object 'Object Repository/Final Object Repo/Page_Form 3 EIS - Cessation as Employer/Employer Code'

2018-10-20 09:48:22 - [TEST_STEP][PASSED] - click: Object: 'Object Repository/Final Object Repo/Page_Form 3 EIS - Cessation as Employer/Search' is clicked on

2018-10-20 09:48:22 - [MESSAGE][PASSED] - Object: 'Object Repository/Final Object Repo/Page_Form 3 EIS - Cessation as Employer/Search' is clicked on

2018-10-20 09:48:22 - [TEST_STEP][PASSED] - click: Object: 'Object Repository/Final Object Repo/Page_Form 3 EIS - Cessation as Employer/Edit' is clicked on

2018-10-20 09:48:24 - [MESSAGE][PASSED] - Object: 'Object Repository/Final Object Repo/Page_Form 3 EIS - Cessation as Employer/Edit' is clicked on

2018-10-20 09:48:24 - [TEST_STEP][PASSED] - delay: Delayed 1 second(s)

2018-10-20 09:48:25 - [MESSAGE][PASSED] - Delayed 1 second(s)

2018-10-20 09:48:25 - [TEST_STEP][PASSED] - Statement - abc = com.kms.katalon.core.webui.keyword.WebUiBuiltInKeywords.getAttribute(com.kms.katalon.core.testobject.ObjectRepository.findTestObject(Final Object Repo/Page_Form 3 EIS - Cessation as Employer/Employer Status), "value"): Attribute 'value' of object 'Object Repository/Final Object Repo/Page_Form 3 EIS - Cessation as Employer/Employer Status' is: 'Active'

2018-10-20 09:48:25 - [MESSAGE][PASSED] - Attribute 'value' of object 'Object Repository/Final Object Repo/Page_Form 3 EIS - Cessation as Employer/Employer Status' is: 'Active'

2018-10-20 09:48:25 - [TEST_STEP][PASSED] - Statement - out.println(abc): null

2018-10-20 09:48:25 - [TEST_STEP][PASSED] - Statement - If (abc == "Active"): Object: 'Object Repository/Final Object Repo/Page_Form 3 EIS - Cessation as Employer/Dormant EIS' is clicked on

2018-10-20 09:48:25 - [TEST_STEP][PASSED] - click: Object: 'Object Repository/Final Object Repo/Page_Form 3 EIS - Cessation as Employer/Change Employer Status to' is clicked on

2018-10-20 09:48:25 - [MESSAGE][PASSED] - Object: 'Object Repository/Final Object Repo/Page_Form 3 EIS - Cessation as Employer/Change Employer Status to' is clicked on

2018-10-20 09:48:25 - [TEST_STEP][PASSED] - click: Object: 'Object Repository/Final Object Repo/Page_Form 3 EIS - Cessation as Employer/Dormant EIS' is clicked on

2018-10-20 09:48:25 - [MESSAGE][PASSED] - Object: 'Object Repository/Final Object Repo/Page_Form 3 EIS - Cessation as Employer/Dormant EIS' is clicked on

2018-10-20 09:48:25 - [TEST_STEP][PASSED] - click: Object: 'Object Repository/Final Object Repo/Page_Form 3 EIS - Cessation as Employer/Calender' is clicked on

2018-10-20 09:48:25 - [MESSAGE][PASSED] - Object: 'Object Repository/Final Object Repo/Page_Form 3 EIS - Cessation as Employer/Calender' is clicked on

2018-10-20 09:48:25 - [TEST_STEP][PASSED] - delay: Delayed 1 second(s)

2018-10-20 09:48:26 - [MESSAGE][PASSED] - Delayed 1 second(s)

2018-10-20 09:48:26 - [TEST_STEP][PASSED] - click: Object: 'Object Repository/Final Object Repo/Page_Form 3 EIS - Cessation as Employer/Calender - Date' is clicked on

2018-10-20 09:48:26 - [MESSAGE][PASSED] - Object: 'Object Repository/Final Object Repo/Page_Form 3 EIS - Cessation as Employer/Calender - Date' is clicked on

2018-10-20 09:48:26 - [TEST_STEP][PASSED] - click: Object: 'Object Repository/Final Object Repo/Page_Form 3 EIS - Cessation as Employer/Save  Continue in Form 3 EIS Page' is clicked on

2018-10-20 09:48:27 - [MESSAGE][PASSED] - Object: 'Object Repository/Final Object Repo/Page_Form 3 EIS - Cessation as Employer/Save  Continue in Form 3 EIS Page' is clicked on

2018-10-20 09:48:27 - [TEST_STEP][PASSED] - delay: Delayed 1 second(s)

2018-10-20 09:48:28 - [MESSAGE][PASSED] - Delayed 1 second(s)

2018-10-20 09:48:28 - [TEST_STEP][PASSED] - click: Object: 'Object Repository/Final Object Repo/Page_Form 3 EIS - Cessation as Employer/Employment Resign Date' is clicked on

2018-10-20 09:48:28 - [MESSAGE][PASSED] - Object: 'Object Repository/Final Object Repo/Page_Form 3 EIS - Cessation as Employer/Employment Resign Date' is clicked on

2018-10-20 09:48:28 - [TEST_STEP][PASSED] - selectOptionByValue: All options with value '2018' are selected in object 'Object Repository/Final Object Repo/Page_Form 3 EIS - Cessation as Employer/Employment Resign Date - Year' 

2018-10-20 09:48:29 - [MESSAGE][PASSED] - All options with value '2018' are selected in object 'Object Repository/Final Object Repo/Page_Form 3 EIS - Cessation as Employer/Employment Resign Date - Year' 

2018-10-20 09:48:29 - [TEST_STEP][PASSED] - delay: Delayed 2 second(s)

2018-10-20 09:48:31 - [MESSAGE][PASSED] - Delayed 2 second(s)

2018-10-20 09:48:31 - [TEST_STEP][PASSED] - click: Object: 'Object Repository/Final Object Repo/Page_Form 3 EIS - Cessation as Employer/Employment Resign Date - Year - Date' is clicked on

2018-10-20 09:48:31 - [MESSAGE][PASSED] - Object: 'Object Repository/Final Object Repo/Page_Form 3 EIS - Cessation as Employer/Employment Resign Date - Year - Date' is clicked on

2018-10-20 09:48:31 - [TEST_STEP][PASSED] - delay: Delayed 2 second(s)

2018-10-20 09:48:33 - [MESSAGE][PASSED] - Delayed 2 second(s)

2018-10-20 09:48:33 - [TEST_STEP][PASSED] - click: Object: 'Object Repository/Final Object Repo/Page_Form 3 EIS - Cessation as Employer/Save  Continue in Employment Resign Page' is clicked on

2018-10-20 09:48:33 - [MESSAGE][PASSED] - Object: 'Object Repository/Final Object Repo/Page_Form 3 EIS - Cessation as Employer/Save  Continue in Employment Resign Page' is clicked on

2018-10-20 09:48:33 - [TEST_STEP][PASSED] - delay: Delayed 2 second(s)

2018-10-20 09:48:35 - [MESSAGE][PASSED] - Delayed 2 second(s)

2018-10-20 09:48:35 - [TEST_STEP][PASSED] - click: Object: 'Object Repository/Final Object Repo/Page_Form 3 EIS - Cessation as Employer/Add Document' is clicked on

2018-10-20 09:48:36 - [MESSAGE][PASSED] - Object: 'Object Repository/Final Object Repo/Page_Form 3 EIS - Cessation as Employer/Add Document' is clicked on

2018-10-20 09:48:36 - [TEST_STEP][PASSED] - delay: Delayed 3 second(s)

2018-10-20 09:48:39 - [MESSAGE][PASSED] - Delayed 3 second(s)

2018-10-20 09:48:39 - [TEST_STEP][PASSED] - click: Object: 'Object Repository/Final Object Repo/Page_Form 3 EIS - Cessation as Employer/Document Type' is clicked on

2018-10-20 09:48:40 - [MESSAGE][PASSED] - Object: 'Object Repository/Final Object Repo/Page_Form 3 EIS - Cessation as Employer/Document Type' is clicked on

2018-10-20 09:48:40 - [TEST_STEP][PASSED] - click: Object: 'Object Repository/Final Object Repo/Page_Form 3 EIS - Cessation as Employer/Document Type - Form 3' is clicked on

2018-10-20 09:48:40 - [MESSAGE][PASSED] - Object: 'Object Repository/Final Object Repo/Page_Form 3 EIS - Cessation as Employer/Document Type - Form 3' is clicked on

2018-10-20 09:48:40 - [TEST_STEP][PASSED] - delay: Delayed 2 second(s)

2018-10-20 09:48:42 - [MESSAGE][PASSED] - Delayed 2 second(s)

2018-10-20 09:48:42 - [TEST_STEP][PASSED] - sendKeys: Keys 'C:\Users\Public\Pictures\Sample Pictures\Act.jpg' sent to object: 'Object Repository/Final Object Repo/Page_Form 3 EIS - Cessation as Employer/ploading File'

2018-10-20 09:48:42 - [MESSAGE][PASSED] - Keys 'C:\Users\Public\Pictures\Sample Pictures\Act.jpg' sent to object: 'Object Repository/Final Object Repo/Page_Form 3 EIS - Cessation as Employer/ploading File'

2018-10-20 09:48:42 - [TEST_STEP][PASSED] - delay: Delayed 1 second(s)

2018-10-20 09:48:43 - [MESSAGE][PASSED] - Delayed 1 second(s)

2018-10-20 09:48:43 - [TEST_STEP][PASSED] - click: Object: 'Object Repository/Final Object Repo/Page_Form 3 EIS - Cessation as Employer/Add Document in Uploading Page' is clicked on

2018-10-20 09:48:43 - [MESSAGE][PASSED] - Object: 'Object Repository/Final Object Repo/Page_Form 3 EIS - Cessation as Employer/Add Document in Uploading Page' is clicked on

2018-10-20 09:48:43 - [TEST_STEP][PASSED] - delay: Delayed 2 second(s)

2018-10-20 09:48:45 - [MESSAGE][PASSED] - Delayed 2 second(s)

2018-10-20 09:48:45 - [TEST_STEP][PASSED] - Statement - CaseReferenceNo = com.kms.katalon.core.webui.keyword.WebUiBuiltInKeywords.getText(com.kms.katalon.core.testobject.ObjectRepository.findTestObject(Final Object Repo/Page_Update Employer Information/Reference Number in Update Employee Information Page)): Text of object 'Object Repository/Final Object Repo/Page_Update Employer Information/Reference Number in Update Employee Information Page' is: 'ERN102018C200002184'

2018-10-20 09:48:49 - [MESSAGE][PASSED] - Text of object 'Object Repository/Final Object Repo/Page_Update Employer Information/Reference Number in Update Employee Information Page' is: 'ERN102018C200002184'

2018-10-20 09:48:49 - [TEST_STEP][PASSED] - callTestCase: Call Test Case 'Test Cases/Final Aug 2018 - PKS Automation/Common/Reference Number Setter' successfully

2018-10-20 09:48:49 - [TEST_CASE][PASSED] - Test Cases/Final Aug 2018 - PKS Automation/Common/Reference Number Setter: Test Cases/Final Aug 2018 - PKS Automation/Common/Reference Number Setter

2018-10-20 09:48:49 - [TEST_STEP][PASSED] - Statement - RefNoOldFile = new java.io.File(C://KatalonReference.txt): null

2018-10-20 09:48:49 - [TEST_STEP][PASSED] - Statement - RefNoOldFile.delete(): null

2018-10-20 09:48:49 - [TEST_STEP][PASSED] - Statement - RefNo = new java.io.File(C://KatalonReference.txt): null

2018-10-20 09:48:49 - [TEST_STEP][PASSED] - Statement - RefNo.append(CaseReferenceNo): null

2018-10-20 09:48:49 - [TEST_STEP][PASSED] - Statement - out.println("


" + CaseReferenceNo + "


"): null

2018-10-20 09:48:49 - [MESSAGE][PASSED] - Call Test Case 'Test Cases/Final Aug 2018 - PKS Automation/Common/Reference Number Setter' successfully

2018-10-20 09:48:49 - [TEST_STEP][PASSED] - delay: Delayed 2 second(s)

2018-10-20 09:48:51 - [MESSAGE][PASSED] - Delayed 2 second(s)

2018-10-20 09:48:51 - [TEST_STEP][PASSED] - click: Object: 'Object Repository/Final Object Repo/Page_Form 3 EIS - Cessation as Employer/Save  Continue in Uploading Page' is clicked on

2018-10-20 09:48:51 - [MESSAGE][PASSED] - Object: 'Object Repository/Final Object Repo/Page_Form 3 EIS - Cessation as Employer/Save  Continue in Uploading Page' is clicked on

2018-10-20 09:48:51 - [TEST_STEP][PASSED] - delay: Delayed 2 second(s)

2018-10-20 09:48:53 - [MESSAGE][PASSED] - Delayed 2 second(s)

2018-10-20 09:48:53 - [TEST_STEP][PASSED] - click: Object: 'Object Repository/Final Object Repo/Page_Form 3 EIS - Cessation as Employer/Submit' is clicked on

2018-10-20 09:48:57 - [MESSAGE][PASSED] - Object: 'Object Repository/Final Object Repo/Page_Form 3 EIS - Cessation as Employer/Submit' is clicked on

2018-10-20 09:48:57 - [TEST_STEP][PASSED] - delay: Delayed 2 second(s)

2018-10-20 09:48:59 - [MESSAGE][PASSED] - Delayed 2 second(s)

2018-10-20 09:48:59 - [TEST_STEP][PASSED] - click: Object: 'Object Repository/Final Object Repo/Page_Form 3 EIS - Cessation as Employer/Confirm' is clicked on

2018-10-20 09:48:59 - [MESSAGE][PASSED] - Object: 'Object Repository/Final Object Repo/Page_Form 3 EIS - Cessation as Employer/Confirm' is clicked on

2018-10-20 09:48:59 - [TEST_STEP][PASSED] - delay: Delayed 2 second(s)

2018-10-20 09:49:01 - [MESSAGE][PASSED] - Delayed 2 second(s)

2018-10-20 09:49:01 - [TEST_STEP][PASSED] - click: Object: 'Object Repository/Final Object Repo/Page_Form 3 EIS - Cessation as Employer/Message Your Request will be routed to UO' is clicked on

2018-10-20 09:49:05 - [MESSAGE][PASSED] - Object: 'Object Repository/Final Object Repo/Page_Form 3 EIS - Cessation as Employer/Message Your Request will be routed to UO' is clicked on

2018-10-20 09:49:05 - [TEST_STEP][PASSED] - click: Object: 'Object Repository/Final Object Repo/Page_Form 3 EIS - Cessation as Employer/Letter of acknowledgement' is clicked on

2018-10-20 09:49:06 - [MESSAGE][PASSED] - Object: 'Object Repository/Final Object Repo/Page_Form 3 EIS - Cessation as Employer/Letter of acknowledgement' is clicked on

2018-10-20 09:49:06 - [MESSAGE][PASSED] - Call Test Case 'Test Cases/Final Aug 2018 - PKS Automation/Registration Module/Workflow/Form 3 EIS - Cessation As Employer/Template/Form 3 A - Cessation As Employer (PKRBO)' successfully

2018-10-20 09:49:06 - [TEST_STEP][FAILED] - callTestCase: Unable to call Test Case with id 'Test Cases/Final Aug 2018 - PKS Automation/Registration Module/Workflow/Form 3 EIS - Cessation As Employer/Template/Form 3 A - Cessation As Employer (Query)' (Root cause: Call Test Case 'Test Cases/Final Aug 2018 - PKS Automation/Registration Module/Workflow/Form 3 EIS - Cessation As Employer/Template/Form 3 A - Cessation As Employer (Query)' failed)

2018-10-20 09:49:06 - [TEST_CASE][FAILED] - Test Cases/Final Aug 2018 - PKS Automation/Registration Module/Workflow/Form 3 EIS - Cessation As Employer/Template/Form 3 A - Cessation As Employer (Query): Test Cases/Final Aug 2018 - PKS Automation/Registration Module/Workflow/Form 3 EIS - Cessation As Employer/Template/Form 3 A - Cessation As Employer (Query) FAILED because (of) (Stack trace: com.kms.katalon.core.exception.StepFailedException: Unable to click on object 'Object Repository/Final Object Repo/Landing Page/Select to Workflow Listing' (Root cause: org.openqa.selenium.ElementNotVisibleException: element not visible
  (Session info: chrome=69.0.3497.100)
  (Driver info: chromedriver=2.35.528161 (5b82f2d2aae0ca24b877009200ced9065a772e73),platform=Windows NT 6.1.7601 SP1 x86_64) (WARNING: The server did not provide any stacktrace information)
Command duration or timeout: 0 milliseconds
Build info: version: '3.7.1', revision: '8a0099a', time: '2017-11-06T21:07:36.161Z'
System info: host: 'WEIZHENG', ip: '192.168.137.1', os.name: 'Windows 7', os.arch: 'amd64', os.version: '6.1', java.version: '1.8.0_181'
Driver info: com.kms.katalon.selenium.driver.CChromeDriver
Capabilities {acceptInsecureCerts: false, acceptSslCerts: false, applicationCacheEnabled: false, browserConnectionEnabled: false, browserName: chrome, chrome: {chromedriverVersion: 2.35.528161 (5b82f2d2aae0ca..., userDataDir: C:\Users\WEIZHE~1\AppData\L...}, cssSelectorsEnabled: true, databaseEnabled: false, handlesAlerts: true, hasTouchScreen: false, javascriptEnabled: true, locationContextEnabled: true, mobileEmulationEnabled: false, nativeEvents: true, networkConnectionEnabled: false, pageLoadStrategy: normal, platform: XP, platformName: XP, rotatable: false, setWindowRect: true, takesHeapSnapshot: true, takesScreenshot: true, unexpectedAlertBehaviour: , unhandledPromptBehavior: , version: 69.0.3497.100, webStorageEnabled: true}
Session ID: b7d0acd589d297e917ee1de776227555)
	at com.kms.katalon.core.keyword.internal.KeywordMain.stepFailed(KeywordMain.groovy:32)
	at com.kms.katalon.core.webui.keyword.internal.WebUIKeywordMain.stepFailed(WebUIKeywordMain.groovy:65)
	at com.kms.katalon.core.webui.keyword.internal.WebUIKeywordMain.runKeyword(WebUIKeywordMain.groovy:27)
	at com.kms.katalon.core.webui.keyword.builtin.ClickKeyword.click(ClickKeyword.groovy:86)
	at com.kms.katalon.core.webui.keyword.builtin.ClickKeyword.execute(ClickKeyword.groovy:67)
	at com.kms.katalon.core.keyword.internal.KeywordExecutor.executeKeywordForPlatform(KeywordExecutor.groovy:53)
	at com.kms.katalon.core.webui.keyword.WebUiBuiltInKeywords.click(WebUiBuiltInKeywords.groovy:616)
	at com.kms.katalon.core.webui.keyword.WebUiBuiltInKeywords$click$2.call(Unknown Source)
	at Script1534407542420.run(Script1534407542420.groovy:73)
	at com.kms.katalon.core.main.ScriptEngine.run(ScriptEngine.java:183)
	at com.kms.katalon.core.main.ScriptEngine.runScriptAsRawText(ScriptEngine.java:108)
	at com.kms.katalon.core.main.TestCaseExecutor.runScript(TestCaseExecutor.java:294)
	at com.kms.katalon.core.main.TestCaseExecutor.doExecute(TestCaseExecutor.java:285)
	at com.kms.katalon.core.main.TestCaseExecutor.processExecutionPhase(TestCaseExecutor.java:264)
	at com.kms.katalon.core.main.TestCaseExecutor.accessMainPhase(TestCaseExecutor.java:256)
	at com.kms.katalon.core.main.TestCaseExecutor.execute(TestCaseExecutor.java:200)
	at com.kms.katalon.core.main.TestCaseMain.runTestCase(TestCaseMain.java:99)
	at com.kms.katalon.core.keyword.builtin.CallTestCaseKeyword$_callTestCase_closure1.doCall(CallTestCaseKeyword.groovy:60)
	at com.kms.katalon.core.keyword.builtin.CallTestCaseKeyword$_callTestCase_closure1.call(CallTestCaseKeyword.groovy)
	at com.kms.katalon.core.keyword.internal.KeywordMain.runKeyword(KeywordMain.groovy:54)
	at com.kms.katalon.core.keyword.builtin.CallTestCaseKeyword.callTestCase(CallTestCaseKeyword.groovy:81)
	at com.kms.katalon.core.keyword.builtin.CallTestCaseKeyword.execute(CallTestCaseKeyword.groovy:45)
	at com.kms.katalon.core.keyword.internal.KeywordExecutor.executeKeywordForPlatform(KeywordExecutor.groovy:53)
	at com.kms.katalon.core.keyword.BuiltinKeywords.callTestCase(BuiltinKeywords.groovy:334)
	at sun.reflect.GeneratedMethodAccessor13.invoke(Unknown Source)
	at sun.reflect.DelegatingMethodAccessorImpl.invoke(DelegatingMethodAccessorImpl.java:43)
	at java.lang.reflect.Method.invoke(Method.java:498)
	at org.codehaus.groovy.reflection.CachedMethod.invoke(CachedMethod.java:93)
	at groovy.lang.MetaMethod.doMethodInvoke(MetaMethod.java:325)
	at groovy.lang.MetaClassImpl.invokeStaticMethod(MetaClassImpl.java:1469)
	at org.codehaus.groovy.runtime.callsite.StaticMetaClassSite.call(StaticMetaClassSite.java:53)
	at org.codehaus.groovy.runtime.callsite.AbstractCallSite.call(AbstractCallSite.java:141)
	at Script1536114876563.run(Script1536114876563.groovy:34)
	at com.kms.katalon.core.main.ScriptEngine.run(ScriptEngine.java:183)
	at com.kms.katalon.core.main.ScriptEngine.runScriptAsRawText(ScriptEngine.java:108)
	at com.kms.katalon.core.main.TestCaseExecutor.runScript(TestCaseExecutor.java:294)
	at com.kms.katalon.core.main.TestCaseExecutor.doExecute(TestCaseExecutor.java:285)
	at com.kms.katalon.core.main.TestCaseExecutor.processExecutionPhase(TestCaseExecutor.java:264)
	at com.kms.katalon.core.main.TestCaseExecutor.accessMainPhase(TestCaseExecutor.java:256)
	at com.kms.katalon.core.main.TestCaseExecutor.execute(TestCaseExecutor.java:200)
	at com.kms.katalon.core.main.TestCaseMain.runTestCase(TestCaseMain.java:99)
	at com.kms.katalon.core.keyword.builtin.CallTestCaseKeyword$_callTestCase_closure1.doCall(CallTestCaseKeyword.groovy:60)
	at com.kms.katalon.core.keyword.builtin.CallTestCaseKeyword$_callTestCase_closure1.call(CallTestCaseKeyword.groovy)
	at com.kms.katalon.core.keyword.internal.KeywordMain.runKeyword(KeywordMain.groovy:54)
	at com.kms.katalon.core.keyword.builtin.CallTestCaseKeyword.callTestCase(CallTestCaseKeyword.groovy:81)
	at com.kms.katalon.core.keyword.builtin.CallTestCaseKeyword.execute(CallTestCaseKeyword.groovy:45)
	at com.kms.katalon.core.keyword.internal.KeywordExecutor.executeKeywordForPlatform(KeywordExecutor.groovy:53)
	at com.kms.katalon.core.keyword.BuiltinKeywords.callTestCase(BuiltinKeywords.groovy:334)
	at sun.reflect.GeneratedMethodAccessor13.invoke(Unknown Source)
	at sun.reflect.DelegatingMethodAccessorImpl.invoke(DelegatingMethodAccessorImpl.java:43)
	at java.lang.reflect.Method.invoke(Method.java:498)
	at org.codehaus.groovy.reflection.CachedMethod.invoke(CachedMethod.java:93)
	at groovy.lang.MetaMethod.doMethodInvoke(MetaMethod.java:325)
	at groovy.lang.MetaClassImpl.invokeStaticMethod(MetaClassImpl.java:1469)
	at org.codehaus.groovy.runtime.callsite.StaticMetaClassSite.call(StaticMetaClassSite.java:53)
	at org.codehaus.groovy.runtime.callsite.CallSiteArray.defaultCall(CallSiteArray.java:48)
	at org.codehaus.groovy.runtime.callsite.AbstractCallSite.call(AbstractCallSite.java:113)
	at org.codehaus.groovy.runtime.callsite.AbstractCallSite.call(AbstractCallSite.java:141)
	at Script1536204651962.run(Script1536204651962.groovy:25)
	at com.kms.katalon.core.main.ScriptEngine.run(ScriptEngine.java:183)
	at com.kms.katalon.core.main.ScriptEngine.runScriptAsRawText(ScriptEngine.java:108)
	at com.kms.katalon.core.main.TestCaseExecutor.runScript(TestCaseExecutor.java:294)
	at com.kms.katalon.core.main.TestCaseExecutor.doExecute(TestCaseExecutor.java:285)
	at com.kms.katalon.core.main.TestCaseExecutor.processExecutionPhase(TestCaseExecutor.java:264)
	at com.kms.katalon.core.main.TestCaseExecutor.accessMainPhase(TestCaseExecutor.java:256)
	at com.kms.katalon.core.main.TestCaseExecutor.execute(TestCaseExecutor.java:200)
	at com.kms.katalon.core.main.TestSuiteExecutor.accessTestCaseMainPhase(TestSuiteExecutor.java:129)
	at com.kms.katalon.core.main.TestSuiteExecutor.accessTestSuiteMainPhase(TestSuiteExecutor.java:112)
	at com.kms.katalon.core.main.TestSuiteExecutor.execute(TestSuiteExecutor.java:81)
	at com.kms.katalon.core.main.TestCaseMain.startTestSuite(TestCaseMain.java:142)
	at com.kms.katalon.core.main.TestCaseMain$startTestSuite$0.call(Unknown Source)
	at org.codehaus.groovy.runtime.callsite.CallSiteArray.defaultCall(CallSiteArray.java:48)
	at org.codehaus.groovy.runtime.callsite.AbstractCallSite.call(AbstractCallSite.java:113)
	at org.codehaus.groovy.runtime.callsite.AbstractCallSite.call(AbstractCallSite.java:141)
	at TempTestSuite1539973930605.run(TempTestSuite1539973930605.groovy:36)
	at groovy.lang.GroovyShell.runScriptOrMainOrTestOrRunnable(GroovyShell.java:263)
	at groovy.lang.GroovyShell.run(GroovyShell.java:518)
	at groovy.lang.GroovyShell.run(GroovyShell.java:507)
	at groovy.ui.GroovyMain.processOnce(GroovyMain.java:653)
	at groovy.ui.GroovyMain.run(GroovyMain.java:384)
	at groovy.ui.GroovyMain.process(GroovyMain.java:370)
	at groovy.ui.GroovyMain.processArgs(GroovyMain.java:129)
	at groovy.ui.GroovyMain.main(GroovyMain.java:109)
	at sun.reflect.NativeMethodAccessorImpl.invoke0(Native Method)
	at sun.reflect.NativeMethodAccessorImpl.invoke(NativeMethodAccessorImpl.java:62)
	at sun.reflect.DelegatingMethodAccessorImpl.invoke(DelegatingMethodAccessorImpl.java:43)
	at java.lang.reflect.Method.invoke(Method.java:498)
	at org.codehaus.groovy.tools.GroovyStarter.rootLoader(GroovyStarter.java:109)
	at org.codehaus.groovy.tools.GroovyStarter.main(GroovyStarter.java:131)
)

2018-10-20 09:49:06 - [TEST_STEP][NOT_RUN] - callTestCase: NOT_RUN: callTestCase

2018-10-20 09:49:06 - [MESSAGE][NOT_RUN] - NOT_RUN: callTestCase

2018-10-20 09:49:06 - [TEST_STEP][PASSED] - delay: Delayed 1 second(s)

2018-10-20 09:49:07 - [MESSAGE][PASSED] - Delayed 1 second(s)

2018-10-20 09:49:07 - [TEST_STEP][PASSED] - navigateToUrl: Navigate to 'https://assist2-uat.perkeso.gov.my/c/portal/logout' successfully

2018-10-20 09:49:08 - [MESSAGE][PASSED] - Navigate to 'https://assist2-uat.perkeso.gov.my/c/portal/logout' successfully

2018-10-20 09:49:08 - [TEST_STEP][PASSED] - delay: Delayed 1 second(s)

2018-10-20 09:49:09 - [MESSAGE][PASSED] - Delayed 1 second(s)

2018-10-20 09:49:09 - [TEST_STEP][PASSED] - callTestCase: Call Test Case 'Test Cases/Final Aug 2018 - PKS Automation/Common/Reference Number Getter' successfully

2018-10-20 09:49:09 - [TEST_CASE][PASSED] - Test Cases/Final Aug 2018 - PKS Automation/Common/Reference Number Getter: Test Cases/Final Aug 2018 - PKS Automation/Common/Reference Number Getter

2018-10-20 09:49:09 - [TEST_STEP][PASSED] - Statement - Try: null

2018-10-20 09:49:09 - [TEST_STEP][PASSED] - Statement - RefNo = new java.io.File(C://KatalonReference.txt): null

2018-10-20 09:49:09 - [TEST_STEP][PASSED] - Statement - bufferread = new java.io.BufferedReader(new java.io.FileReader(RefNo)): null

2018-10-20 09:49:09 - [TEST_STEP][PASSED] - Statement - readedVal = bufferread.readLine(): null

2018-10-20 09:49:09 - [TEST_STEP][PASSED] - Statement - out.println(CaseReferenceNo): null

2018-10-20 09:49:09 - [TEST_STEP][PASSED] - Statement - out.println(readedVal): null

2018-10-20 09:49:09 - [TEST_STEP][PASSED] - Statement - CaseReferenceNo = readedVal: null

2018-10-20 09:49:09 - [MESSAGE][PASSED] - Call Test Case 'Test Cases/Final Aug 2018 - PKS Automation/Common/Reference Number Getter' successfully

2018-10-20 09:49:09 - [TEST_STEP][FAILED] - callTestCase: Unable to call Test Case with id 'Test Cases/Final Aug 2018 - PKS Automation/Common/Workflow Owner Finder' (Root cause: Call Test Case 'Test Cases/Final Aug 2018 - PKS Automation/Common/Workflow Owner Finder' failed)

2018-10-20 09:49:09 - [TEST_CASE][FAILED] - Test Cases/Final Aug 2018 - PKS Automation/Common/Workflow Owner Finder: Test Cases/Final Aug 2018 - PKS Automation/Common/Workflow Owner Finder FAILED because (of) (Stack trace: com.kms.katalon.core.exception.StepFailedException: Unable to click on object 'Object Repository/Final Object Repo/Landing Page/Select to Workflow Listing' (Root cause: org.openqa.selenium.ElementNotVisibleException: element not visible
  (Session info: chrome=69.0.3497.100)
  (Driver info: chromedriver=2.35.528161 (5b82f2d2aae0ca24b877009200ced9065a772e73),platform=Windows NT 6.1.7601 SP1 x86_64) (WARNING: The server did not provide any stacktrace information)
Command duration or timeout: 0 milliseconds
Build info: version: '3.7.1', revision: '8a0099a', time: '2017-11-06T21:07:36.161Z'
System info: host: 'WEIZHENG', ip: '192.168.137.1', os.name: 'Windows 7', os.arch: 'amd64', os.version: '6.1', java.version: '1.8.0_181'
Driver info: com.kms.katalon.selenium.driver.CChromeDriver
Capabilities {acceptInsecureCerts: false, acceptSslCerts: false, applicationCacheEnabled: false, browserConnectionEnabled: false, browserName: chrome, chrome: {chromedriverVersion: 2.35.528161 (5b82f2d2aae0ca..., userDataDir: C:\Users\WEIZHE~1\AppData\L...}, cssSelectorsEnabled: true, databaseEnabled: false, handlesAlerts: true, hasTouchScreen: false, javascriptEnabled: true, locationContextEnabled: true, mobileEmulationEnabled: false, nativeEvents: true, networkConnectionEnabled: false, pageLoadStrategy: normal, platform: XP, platformName: XP, rotatable: false, setWindowRect: true, takesHeapSnapshot: true, takesScreenshot: true, unexpectedAlertBehaviour: , unhandledPromptBehavior: , version: 69.0.3497.100, webStorageEnabled: true}
Session ID: b7d0acd589d297e917ee1de776227555)
	at com.kms.katalon.core.keyword.internal.KeywordMain.stepFailed(KeywordMain.groovy:32)
	at com.kms.katalon.core.webui.keyword.internal.WebUIKeywordMain.stepFailed(WebUIKeywordMain.groovy:65)
	at com.kms.katalon.core.webui.keyword.internal.WebUIKeywordMain.runKeyword(WebUIKeywordMain.groovy:27)
	at com.kms.katalon.core.webui.keyword.builtin.ClickKeyword.click(ClickKeyword.groovy:86)
	at com.kms.katalon.core.webui.keyword.builtin.ClickKeyword.execute(ClickKeyword.groovy:67)
	at com.kms.katalon.core.keyword.internal.KeywordExecutor.executeKeywordForPlatform(KeywordExecutor.groovy:53)
	at com.kms.katalon.core.webui.keyword.WebUiBuiltInKeywords.click(WebUiBuiltInKeywords.groovy:616)
	at com.kms.katalon.core.webui.keyword.WebUiBuiltInKeywords$click$2.call(Unknown Source)
	at Script1534407542420.run(Script1534407542420.groovy:73)
	at com.kms.katalon.core.main.ScriptEngine.run(ScriptEngine.java:183)
	at com.kms.katalon.core.main.ScriptEngine.runScriptAsRawText(ScriptEngine.java:108)
	at com.kms.katalon.core.main.TestCaseExecutor.runScript(TestCaseExecutor.java:294)
	at com.kms.katalon.core.main.TestCaseExecutor.doExecute(TestCaseExecutor.java:285)
	at com.kms.katalon.core.main.TestCaseExecutor.processExecutionPhase(TestCaseExecutor.java:264)
	at com.kms.katalon.core.main.TestCaseExecutor.accessMainPhase(TestCaseExecutor.java:256)
	at com.kms.katalon.core.main.TestCaseExecutor.execute(TestCaseExecutor.java:200)
	at com.kms.katalon.core.main.TestCaseMain.runTestCase(TestCaseMain.java:99)
	at com.kms.katalon.core.keyword.builtin.CallTestCaseKeyword$_callTestCase_closure1.doCall(CallTestCaseKeyword.groovy:60)
	at com.kms.katalon.core.keyword.builtin.CallTestCaseKeyword$_callTestCase_closure1.call(CallTestCaseKeyword.groovy)
	at com.kms.katalon.core.keyword.internal.KeywordMain.runKeyword(KeywordMain.groovy:54)
	at com.kms.katalon.core.keyword.builtin.CallTestCaseKeyword.callTestCase(CallTestCaseKeyword.groovy:81)
	at com.kms.katalon.core.keyword.builtin.CallTestCaseKeyword.execute(CallTestCaseKeyword.groovy:45)
	at com.kms.katalon.core.keyword.internal.KeywordExecutor.executeKeywordForPlatform(KeywordExecutor.groovy:53)
	at com.kms.katalon.core.keyword.BuiltinKeywords.callTestCase(BuiltinKeywords.groovy:334)
	at sun.reflect.GeneratedMethodAccessor13.invoke(Unknown Source)
	at sun.reflect.DelegatingMethodAccessorImpl.invoke(DelegatingMethodAccessorImpl.java:43)
	at java.lang.reflect.Method.invoke(Method.java:498)
	at org.codehaus.groovy.reflection.CachedMethod.invoke(CachedMethod.java:93)
	at groovy.lang.MetaMethod.doMethodInvoke(MetaMethod.java:325)
	at groovy.lang.MetaClassImpl.invokeStaticMethod(MetaClassImpl.java:1469)
	at org.codehaus.groovy.runtime.callsite.StaticMetaClassSite.call(StaticMetaClassSite.java:53)
	at org.codehaus.groovy.runtime.callsite.AbstractCallSite.call(AbstractCallSite.java:141)
	at Script1536114876563.run(Script1536114876563.groovy:34)
	at com.kms.katalon.core.main.ScriptEngine.run(ScriptEngine.java:183)
	at com.kms.katalon.core.main.ScriptEngine.runScriptAsRawText(ScriptEngine.java:108)
	at com.kms.katalon.core.main.TestCaseExecutor.runScript(TestCaseExecutor.java:294)
	at com.kms.katalon.core.main.TestCaseExecutor.doExecute(TestCaseExecutor.java:285)
	at com.kms.katalon.core.main.TestCaseExecutor.processExecutionPhase(TestCaseExecutor.java:264)
	at com.kms.katalon.core.main.TestCaseExecutor.accessMainPhase(TestCaseExecutor.java:256)
	at com.kms.katalon.core.main.TestCaseExecutor.execute(TestCaseExecutor.java:200)
	at com.kms.katalon.core.main.TestCaseMain.runTestCase(TestCaseMain.java:99)
	at com.kms.katalon.core.keyword.builtin.CallTestCaseKeyword$_callTestCase_closure1.doCall(CallTestCaseKeyword.groovy:60)
	at com.kms.katalon.core.keyword.builtin.CallTestCaseKeyword$_callTestCase_closure1.call(CallTestCaseKeyword.groovy)
	at com.kms.katalon.core.keyword.internal.KeywordMain.runKeyword(KeywordMain.groovy:54)
	at com.kms.katalon.core.keyword.builtin.CallTestCaseKeyword.callTestCase(CallTestCaseKeyword.groovy:81)
	at com.kms.katalon.core.keyword.builtin.CallTestCaseKeyword.execute(CallTestCaseKeyword.groovy:45)
	at com.kms.katalon.core.keyword.internal.KeywordExecutor.executeKeywordForPlatform(KeywordExecutor.groovy:53)
	at com.kms.katalon.core.keyword.BuiltinKeywords.callTestCase(BuiltinKeywords.groovy:334)
	at sun.reflect.GeneratedMethodAccessor13.invoke(Unknown Source)
	at sun.reflect.DelegatingMethodAccessorImpl.invoke(DelegatingMethodAccessorImpl.java:43)
	at java.lang.reflect.Method.invoke(Method.java:498)
	at org.codehaus.groovy.reflection.CachedMethod.invoke(CachedMethod.java:93)
	at groovy.lang.MetaMethod.doMethodInvoke(MetaMethod.java:325)
	at groovy.lang.MetaClassImpl.invokeStaticMethod(MetaClassImpl.java:1469)
	at org.codehaus.groovy.runtime.callsite.StaticMetaClassSite.call(StaticMetaClassSite.java:53)
	at org.codehaus.groovy.runtime.callsite.CallSiteArray.defaultCall(CallSiteArray.java:48)
	at org.codehaus.groovy.runtime.callsite.AbstractCallSite.call(AbstractCallSite.java:113)
	at org.codehaus.groovy.runtime.callsite.AbstractCallSite.call(AbstractCallSite.java:141)
	at Script1536204651962.run(Script1536204651962.groovy:25)
	at com.kms.katalon.core.main.ScriptEngine.run(ScriptEngine.java:183)
	at com.kms.katalon.core.main.ScriptEngine.runScriptAsRawText(ScriptEngine.java:108)
	at com.kms.katalon.core.main.TestCaseExecutor.runScript(TestCaseExecutor.java:294)
	at com.kms.katalon.core.main.TestCaseExecutor.doExecute(TestCaseExecutor.java:285)
	at com.kms.katalon.core.main.TestCaseExecutor.processExecutionPhase(TestCaseExecutor.java:264)
	at com.kms.katalon.core.main.TestCaseExecutor.accessMainPhase(TestCaseExecutor.java:256)
	at com.kms.katalon.core.main.TestCaseExecutor.execute(TestCaseExecutor.java:200)
	at com.kms.katalon.core.main.TestSuiteExecutor.accessTestCaseMainPhase(TestSuiteExecutor.java:129)
	at com.kms.katalon.core.main.TestSuiteExecutor.accessTestSuiteMainPhase(TestSuiteExecutor.java:112)
	at com.kms.katalon.core.main.TestSuiteExecutor.execute(TestSuiteExecutor.java:81)
	at com.kms.katalon.core.main.TestCaseMain.startTestSuite(TestCaseMain.java:142)
	at com.kms.katalon.core.main.TestCaseMain$startTestSuite$0.call(Unknown Source)
	at org.codehaus.groovy.runtime.callsite.CallSiteArray.defaultCall(CallSiteArray.java:48)
	at org.codehaus.groovy.runtime.callsite.AbstractCallSite.call(AbstractCallSite.java:113)
	at org.codehaus.groovy.runtime.callsite.AbstractCallSite.call(AbstractCallSite.java:141)
	at TempTestSuite1539973930605.run(TempTestSuite1539973930605.groovy:36)
	at groovy.lang.GroovyShell.runScriptOrMainOrTestOrRunnable(GroovyShell.java:263)
	at groovy.lang.GroovyShell.run(GroovyShell.java:518)
	at groovy.lang.GroovyShell.run(GroovyShell.java:507)
	at groovy.ui.GroovyMain.processOnce(GroovyMain.java:653)
	at groovy.ui.GroovyMain.run(GroovyMain.java:384)
	at groovy.ui.GroovyMain.process(GroovyMain.java:370)
	at groovy.ui.GroovyMain.processArgs(GroovyMain.java:129)
	at groovy.ui.GroovyMain.main(GroovyMain.java:109)
	at sun.reflect.NativeMethodAccessorImpl.invoke0(Native Method)
	at sun.reflect.NativeMethodAccessorImpl.invoke(NativeMethodAccessorImpl.java:62)
	at sun.reflect.DelegatingMethodAccessorImpl.invoke(DelegatingMethodAccessorImpl.java:43)
	at java.lang.reflect.Method.invoke(Method.java:498)
	at org.codehaus.groovy.tools.GroovyStarter.rootLoader(GroovyStarter.java:109)
	at org.codehaus.groovy.tools.GroovyStarter.main(GroovyStarter.java:131)
)

2018-10-20 09:49:09 - [TEST_STEP][PASSED] - openBrowser: Browser is opened with url: ''

2018-10-20 09:49:09 - [MESSAGE][WARNING] - A browser is already opened. Closing browser and opening a new one

2018-10-20 09:49:13 - [MESSAGE][PASSED] - Browser is opened with url: ''

2018-10-20 09:49:13 - [TEST_STEP][PASSED] - navigateToUrl: Navigate to 'https://assist2-uat.perkeso.gov.my/login' successfully

2018-10-20 09:49:15 - [MESSAGE][PASSED] - Navigate to 'https://assist2-uat.perkeso.gov.my/login' successfully

2018-10-20 09:49:15 - [TEST_STEP][PASSED] - delay: Delayed 5 second(s)

2018-10-20 09:49:20 - [MESSAGE][PASSED] - Delayed 5 second(s)

2018-10-20 09:49:20 - [TEST_STEP][PASSED] - setText: Text 'test@liferay.com' is set on object 'Object Repository/Final Object Repo/Login Page/Internal User/Email Address'

2018-10-20 09:49:20 - [MESSAGE][PASSED] - Text 'test@liferay.com' is set on object 'Object Repository/Final Object Repo/Login Page/Internal User/Email Address'

2018-10-20 09:49:20 - [TEST_STEP][PASSED] - click: Object: 'Object Repository/Final Object Repo/Login Page/Internal User/Next Button' is clicked on

2018-10-20 09:49:21 - [MESSAGE][PASSED] - Object: 'Object Repository/Final Object Repo/Login Page/Internal User/Next Button' is clicked on

2018-10-20 09:49:21 - [TEST_STEP][PASSED] - delay: Delayed 2 second(s)

2018-10-20 09:49:23 - [MESSAGE][PASSED] - Delayed 2 second(s)

2018-10-20 09:49:23 - [TEST_STEP][PASSED] - setText: Text 'test' is set on object 'Object Repository/Final Object Repo/Login Page/Internal User/Password'

2018-10-20 09:49:23 - [MESSAGE][PASSED] - Text 'test' is set on object 'Object Repository/Final Object Repo/Login Page/Internal User/Password'

2018-10-20 09:49:23 - [TEST_STEP][PASSED] - delay: Delayed 2 second(s)

2018-10-20 09:49:25 - [MESSAGE][PASSED] - Delayed 2 second(s)

2018-10-20 09:49:25 - [TEST_STEP][PASSED] - click: Object: 'Object Repository/Final Object Repo/Login Page/Internal User/Login Button' is clicked on

2018-10-20 09:49:25 - [MESSAGE][PASSED] - Object: 'Object Repository/Final Object Repo/Login Page/Internal User/Login Button' is clicked on

2018-10-20 09:49:25 - [TEST_STEP][PASSED] - Statement - Try: Delayed 2 second(s)

2018-10-20 09:49:25 - [TEST_STEP][PASSED] - Statement - Checker = false: null

2018-10-20 09:49:25 - [TEST_STEP][PASSED] - Statement - Checker = com.kms.katalon.core.webui.keyword.WebUiBuiltInKeywords.verifyElementHasAttribute(com.kms.katalon.core.testobject.ObjectRepository.findTestObject(Final Object Repo/Landing Page/BM Detecting), "href", 20, OPTIONAL): Object 'Object Repository/Final Object Repo/Landing Page/BM Detecting' has attribute 'href'

2018-10-20 09:49:28 - [MESSAGE][PASSED] - Object 'Object Repository/Final Object Repo/Landing Page/BM Detecting' has attribute 'href'

2018-10-20 09:49:28 - [TEST_STEP][PASSED] - Statement - out.println(Checker): null

2018-10-20 09:49:28 - [TEST_STEP][PASSED] - Statement - If (Checker == false): null

2018-10-20 09:49:28 - [TEST_STEP][PASSED] - Statement - Else: null

2018-10-20 09:49:28 - [TEST_STEP][PASSED] - delay: Delayed 2 second(s)

2018-10-20 09:49:30 - [MESSAGE][PASSED] - Delayed 2 second(s)

2018-10-20 09:49:30 - [TEST_STEP][PASSED] - delay: Delayed 3 second(s)

2018-10-20 09:49:33 - [MESSAGE][PASSED] - Delayed 3 second(s)

2018-10-20 09:49:33 - [TEST_STEP][PASSED] - click: Object: 'Object Repository/Final Object Repo/Landing Page/WorkFlow Menu' is clicked on

2018-10-20 09:49:33 - [MESSAGE][PASSED] - Object: 'Object Repository/Final Object Repo/Landing Page/WorkFlow Menu' is clicked on

2018-10-20 09:49:33 - [TEST_STEP][PASSED] - delay: Delayed 2 second(s)

2018-10-20 09:49:35 - [MESSAGE][PASSED] - Delayed 2 second(s)

2018-10-20 09:49:35 - [TEST_STEP][FAILED] - click: Unable to click on object 'Object Repository/Final Object Repo/Landing Page/Select to Workflow Listing' (Root cause: org.openqa.selenium.ElementNotVisibleException: element not visible
  (Session info: chrome=69.0.3497.100)
  (Driver info: chromedriver=2.35.528161 (5b82f2d2aae0ca24b877009200ced9065a772e73),platform=Windows NT 6.1.7601 SP1 x86_64) (WARNING: The server did not provide any stacktrace information)
Command duration or timeout: 0 milliseconds
Build info: version: '3.7.1', revision: '8a0099a', time: '2017-11-06T21:07:36.161Z'
System info: host: 'WEIZHENG', ip: '192.168.137.1', os.name: 'Windows 7', os.arch: 'amd64', os.version: '6.1', java.version: '1.8.0_181'
Driver info: com.kms.katalon.selenium.driver.CChromeDriver
Capabilities {acceptInsecureCerts: false, acceptSslCerts: false, applicationCacheEnabled: false, browserConnectionEnabled: false, browserName: chrome, chrome: {chromedriverVersion: 2.35.528161 (5b82f2d2aae0ca..., userDataDir: C:\Users\WEIZHE~1\AppData\L...}, cssSelectorsEnabled: true, databaseEnabled: false, handlesAlerts: true, hasTouchScreen: false, javascriptEnabled: true, locationContextEnabled: true, mobileEmulationEnabled: false, nativeEvents: true, networkConnectionEnabled: false, pageLoadStrategy: normal, platform: XP, platformName: XP, rotatable: false, setWindowRect: true, takesHeapSnapshot: true, takesScreenshot: true, unexpectedAlertBehaviour: , unhandledPromptBehavior: , version: 69.0.3497.100, webStorageEnabled: true}
Session ID: b7d0acd589d297e917ee1de776227555)

2018-10-20 09:49:35 - [MESSAGE][FAILED] - Unable to click on object 'Object Repository/Final Object Repo/Landing Page/Select to Workflow Listing' (Root cause: org.openqa.selenium.ElementNotVisibleException: element not visible
  (Session info: chrome=69.0.3497.100)
  (Driver info: chromedriver=2.35.528161 (5b82f2d2aae0ca24b877009200ced9065a772e73),platform=Windows NT 6.1.7601 SP1 x86_64) (WARNING: The server did not provide any stacktrace information)
Command duration or timeout: 0 milliseconds
Build info: version: '3.7.1', revision: '8a0099a', time: '2017-11-06T21:07:36.161Z'
System info: host: 'WEIZHENG', ip: '192.168.137.1', os.name: 'Windows 7', os.arch: 'amd64', os.version: '6.1', java.version: '1.8.0_181'
Driver info: com.kms.katalon.selenium.driver.CChromeDriver
Capabilities {acceptInsecureCerts: false, acceptSslCerts: false, applicationCacheEnabled: false, browserConnectionEnabled: false, browserName: chrome, chrome: {chromedriverVersion: 2.35.528161 (5b82f2d2aae0ca..., userDataDir: C:\Users\WEIZHE~1\AppData\L...}, cssSelectorsEnabled: true, databaseEnabled: false, handlesAlerts: true, hasTouchScreen: false, javascriptEnabled: true, locationContextEnabled: true, mobileEmulationEnabled: false, nativeEvents: true, networkConnectionEnabled: false, pageLoadStrategy: normal, platform: XP, platformName: XP, rotatable: false, setWindowRect: true, takesHeapSnapshot: true, takesScreenshot: true, unexpectedAlertBehaviour: , unhandledPromptBehavior: , version: 69.0.3497.100, webStorageEnabled: true}
Session ID: b7d0acd589d297e917ee1de776227555)
[[ATTACHMENT|C:\\Users\\LENOVO\\Katalon Studio\\Perkeso Phase A\\Reports\\Workflow\\Form 3 EIS - Cessation as Employer\\20181020_023210\\1540000175526.png]]

2018-10-20 09:49:35 - [TEST_STEP][PASSED] - delay: Delayed 2 second(s)

2018-10-20 09:49:37 - [MESSAGE][PASSED] - Delayed 2 second(s)

2018-10-20 09:49:37 - [TEST_STEP][FAILED] - click: Unable to click on object 'Object Repository/Final Object Repo/WorkFlow Listing Page/Search Information - To Put Ref No' (Root cause: com.kms.katalon.core.webui.exception.WebElementNotFoundException: Web element with id: 'Object Repository/Final Object Repo/WorkFlow Listing Page/Search Information - To Put Ref No' located by 'By.xpath: //h2[@data-target = '#_workflowlisting_WAR_baseportlet_searchDiv' and (text() = 'Search Information' or . = 'Search Information')]' not found)

2018-10-20 09:51:48 - [MESSAGE][FAILED] - Unable to click on object 'Object Repository/Final Object Repo/WorkFlow Listing Page/Search Information - To Put Ref No' (Root cause: com.kms.katalon.core.webui.exception.WebElementNotFoundException: Web element with id: 'Object Repository/Final Object Repo/WorkFlow Listing Page/Search Information - To Put Ref No' located by 'By.xpath: //h2[@data-target = '#_workflowlisting_WAR_baseportlet_searchDiv' and (text() = 'Search Information' or . = 'Search Information')]' not found)
[[ATTACHMENT|C:\\Users\\LENOVO\\Katalon Studio\\Perkeso Phase A\\Reports\\Workflow\\Form 3 EIS - Cessation as Employer\\20181020_023210\\1540000307843.png]]

2018-10-20 09:51:48 - [TEST_STEP][PASSED] - delay: Delayed 2 second(s)

2018-10-20 09:51:50 - [MESSAGE][PASSED] - Delayed 2 second(s)

2018-10-20 09:51:50 - [TEST_STEP][PASSED] - callTestCase: Call Test Case 'Test Cases/Final Aug 2018 - PKS Automation/Common/Reference Number Getter' successfully

2018-10-20 09:51:50 - [TEST_CASE][PASSED] - Test Cases/Final Aug 2018 - PKS Automation/Common/Reference Number Getter: Test Cases/Final Aug 2018 - PKS Automation/Common/Reference Number Getter

2018-10-20 09:51:50 - [TEST_STEP][PASSED] - Statement - Try: null

2018-10-20 09:51:50 - [TEST_STEP][PASSED] - Statement - RefNo = new java.io.File(C://KatalonReference.txt): null

2018-10-20 09:51:50 - [TEST_STEP][PASSED] - Statement - bufferread = new java.io.BufferedReader(new java.io.FileReader(RefNo)): null

2018-10-20 09:51:50 - [TEST_STEP][PASSED] - Statement - readedVal = bufferread.readLine(): null

2018-10-20 09:51:50 - [TEST_STEP][PASSED] - Statement - out.println(CaseReferenceNo): null

2018-10-20 09:51:50 - [TEST_STEP][PASSED] - Statement - out.println(readedVal): null

2018-10-20 09:51:50 - [TEST_STEP][PASSED] - Statement - CaseReferenceNo = readedVal: null

2018-10-20 09:51:50 - [MESSAGE][PASSED] - Call Test Case 'Test Cases/Final Aug 2018 - PKS Automation/Common/Reference Number Getter' successfully

2018-10-20 09:51:50 - [TEST_STEP][FAILED] - setText: Unable to set text 'ERN102018C200002182ERN102018C200002183ERN102018C200002184' of object 'Object Repository/Final Object Repo/WorkFlow Listing Page/Ref No Set Text' (Root cause: com.kms.katalon.core.webui.exception.WebElementNotFoundException: Web element with id: 'Object Repository/Final Object Repo/WorkFlow Listing Page/Ref No Set Text' located by 'By.xpath: //input[@id = '_workflowlisting_WAR_baseportlet_dto.trxReferenceNum' and @name = '_workflowlisting_WAR_baseportlet_dto.trxReferenceNum' and @type = 'text']' not found)

2018-10-20 09:54:01 - [MESSAGE][FAILED] - Unable to set text 'ERN102018C200002182ERN102018C200002183ERN102018C200002184' of object 'Object Repository/Final Object Repo/WorkFlow Listing Page/Ref No Set Text' (Root cause: com.kms.katalon.core.webui.exception.WebElementNotFoundException: Web element with id: 'Object Repository/Final Object Repo/WorkFlow Listing Page/Ref No Set Text' located by 'By.xpath: //input[@id = '_workflowlisting_WAR_baseportlet_dto.trxReferenceNum' and @name = '_workflowlisting_WAR_baseportlet_dto.trxReferenceNum' and @type = 'text']' not found)
[[ATTACHMENT|C:\\Users\\LENOVO\\Katalon Studio\\Perkeso Phase A\\Reports\\Workflow\\Form 3 EIS - Cessation as Employer\\20181020_023210\\1540000440827.png]]

2018-10-20 09:54:01 - [TEST_STEP][PASSED] - delay: Delayed 2 second(s)

2018-10-20 09:54:03 - [MESSAGE][PASSED] - Delayed 2 second(s)

2018-10-20 09:54:03 - [TEST_STEP][FAILED] - click: Unable to click on object 'Object Repository/Final Object Repo/WorkFlow Listing Page/Search Ref No Search Button' (Root cause: org.openqa.selenium.ElementNotVisibleException: element not visible
  (Session info: chrome=69.0.3497.100)
  (Driver info: chromedriver=2.35.528161 (5b82f2d2aae0ca24b877009200ced9065a772e73),platform=Windows NT 6.1.7601 SP1 x86_64) (WARNING: The server did not provide any stacktrace information)
Command duration or timeout: 0 milliseconds
Build info: version: '3.7.1', revision: '8a0099a', time: '2017-11-06T21:07:36.161Z'
System info: host: 'WEIZHENG', ip: '192.168.137.1', os.name: 'Windows 7', os.arch: 'amd64', os.version: '6.1', java.version: '1.8.0_181'
Driver info: com.kms.katalon.selenium.driver.CChromeDriver
Capabilities {acceptInsecureCerts: false, acceptSslCerts: false, applicationCacheEnabled: false, browserConnectionEnabled: false, browserName: chrome, chrome: {chromedriverVersion: 2.35.528161 (5b82f2d2aae0ca..., userDataDir: C:\Users\WEIZHE~1\AppData\L...}, cssSelectorsEnabled: true, databaseEnabled: false, handlesAlerts: true, hasTouchScreen: false, javascriptEnabled: true, locationContextEnabled: true, mobileEmulationEnabled: false, nativeEvents: true, networkConnectionEnabled: false, pageLoadStrategy: normal, platform: XP, platformName: XP, rotatable: false, setWindowRect: true, takesHeapSnapshot: true, takesScreenshot: true, unexpectedAlertBehaviour: , unhandledPromptBehavior: , version: 69.0.3497.100, webStorageEnabled: true}
Session ID: b7d0acd589d297e917ee1de776227555)

2018-10-20 09:54:03 - [MESSAGE][FAILED] - Unable to click on object 'Object Repository/Final Object Repo/WorkFlow Listing Page/Search Ref No Search Button' (Root cause: org.openqa.selenium.ElementNotVisibleException: element not visible
  (Session info: chrome=69.0.3497.100)
  (Driver info: chromedriver=2.35.528161 (5b82f2d2aae0ca24b877009200ced9065a772e73),platform=Windows NT 6.1.7601 SP1 x86_64) (WARNING: The server did not provide any stacktrace information)
Command duration or timeout: 0 milliseconds
Build info: version: '3.7.1', revision: '8a0099a', time: '2017-11-06T21:07:36.161Z'
System info: host: 'WEIZHENG', ip: '192.168.137.1', os.name: 'Windows 7', os.arch: 'amd64', os.version: '6.1', java.version: '1.8.0_181'
Driver info: com.kms.katalon.selenium.driver.CChromeDriver
Capabilities {acceptInsecureCerts: false, acceptSslCerts: false, applicationCacheEnabled: false, browserConnectionEnabled: false, browserName: chrome, chrome: {chromedriverVersion: 2.35.528161 (5b82f2d2aae0ca..., userDataDir: C:\Users\WEIZHE~1\AppData\L...}, cssSelectorsEnabled: true, databaseEnabled: false, handlesAlerts: true, hasTouchScreen: false, javascriptEnabled: true, locationContextEnabled: true, mobileEmulationEnabled: false, nativeEvents: true, networkConnectionEnabled: false, pageLoadStrategy: normal, platform: XP, platformName: XP, rotatable: false, setWindowRect: true, takesHeapSnapshot: true, takesScreenshot: true, unexpectedAlertBehaviour: , unhandledPromptBehavior: , version: 69.0.3497.100, webStorageEnabled: true}
Session ID: b7d0acd589d297e917ee1de776227555)
[[ATTACHMENT|C:\\Users\\LENOVO\\Katalon Studio\\Perkeso Phase A\\Reports\\Workflow\\Form 3 EIS - Cessation as Employer\\20181020_023210\\1540000443252.png]]

2018-10-20 09:54:03 - [TEST_STEP][PASSED] - delay: Delayed 4 second(s)

2018-10-20 09:54:07 - [MESSAGE][PASSED] - Delayed 4 second(s)

2018-10-20 09:54:07 - [TEST_STEP][PASSED] - click: Object: 'Object Repository/Final Object Repo/WorkFlow Listing Page/Click Continue Tooltip' is clicked on

2018-10-20 09:54:09 - [MESSAGE][PASSED] - Object: 'Object Repository/Final Object Repo/WorkFlow Listing Page/Click Continue Tooltip' is clicked on

2018-10-20 09:54:09 - [TEST_STEP][PASSED] - delay: Delayed 5 second(s)

2018-10-20 09:54:14 - [MESSAGE][PASSED] - Delayed 5 second(s)

2018-10-20 09:54:14 - [TEST_STEP][FAILED] - doubleClick: Unable to double click on object 'Object Repository/Final Object Repo/WorkFlow Listing Page/Workflow Found - Listing 1' (Root cause: com.kms.katalon.core.webui.exception.WebElementNotFoundException: Web element with id: 'Object Repository/Final Object Repo/WorkFlow Listing Page/Workflow Found - Listing 1' located by 'By.xpath: //body/div/div/div/div/div/div/div/div/div/div/div/div/div/div/div/div/table/tbody/tr/td[@class='table-cell  first']/following-sibling::td[1]' not found)

2018-10-20 09:56:23 - [MESSAGE][FAILED] - Unable to double click on object 'Object Repository/Final Object Repo/WorkFlow Listing Page/Workflow Found - Listing 1' (Root cause: com.kms.katalon.core.webui.exception.WebElementNotFoundException: Web element with id: 'Object Repository/Final Object Repo/WorkFlow Listing Page/Workflow Found - Listing 1' located by 'By.xpath: //body/div/div/div/div/div/div/div/div/div/div/div/div/div/div/div/div/table/tbody/tr/td[@class='table-cell  first']/following-sibling::td[1]' not found)
[[ATTACHMENT|C:\\Users\\LENOVO\\Katalon Studio\\Perkeso Phase A\\Reports\\Workflow\\Form 3 EIS - Cessation as Employer\\20181020_023210\\1540000582798.png]]

2018-10-20 09:56:23 - [MESSAGE][FAILED] - Unable to call Test Case with id 'Test Cases/Final Aug 2018 - PKS Automation/Common/Workflow Owner Finder' (Root cause: Call Test Case 'Test Cases/Final Aug 2018 - PKS Automation/Common/Workflow Owner Finder' failed)

2018-10-20 09:56:23 - [MESSAGE][FAILED] - Unable to call Test Case with id 'Test Cases/Final Aug 2018 - PKS Automation/Registration Module/Workflow/Form 3 EIS - Cessation As Employer/Template/Form 3 A - Cessation As Employer (Query)' (Root cause: Call Test Case 'Test Cases/Final Aug 2018 - PKS Automation/Registration Module/Workflow/Form 3 EIS - Cessation As Employer/Template/Form 3 A - Cessation As Employer (Query)' failed)]]></system-out>
         <system-err><![CDATA[2018-10-20 09:48:05 - [TEST_CASE][FAILED] - Test Cases/Final Aug 2018 - PKS Automation/Registration Module/Workflow/Form 3 EIS - Cessation As Employer/PKRBO to UO (Query): Test Cases/Final Aug 2018 - PKS Automation/Registration Module/Workflow/Form 3 EIS - Cessation As Employer/PKRBO to UO (Query) FAILED because (of) (Stack trace: com.kms.katalon.core.exception.StepFailedException: Unable to click on object 'Object Repository/Final Object Repo/Landing Page/Select to Workflow Listing' (Root cause: org.openqa.selenium.ElementNotVisibleException: element not visible
  (Session info: chrome=69.0.3497.100)
  (Driver info: chromedriver=2.35.528161 (5b82f2d2aae0ca24b877009200ced9065a772e73),platform=Windows NT 6.1.7601 SP1 x86_64) (WARNING: The server did not provide any stacktrace information)
Command duration or timeout: 0 milliseconds
Build info: version: '3.7.1', revision: '8a0099a', time: '2017-11-06T21:07:36.161Z'
System info: host: 'WEIZHENG', ip: '192.168.137.1', os.name: 'Windows 7', os.arch: 'amd64', os.version: '6.1', java.version: '1.8.0_181'
Driver info: com.kms.katalon.selenium.driver.CChromeDriver
Capabilities {acceptInsecureCerts: false, acceptSslCerts: false, applicationCacheEnabled: false, browserConnectionEnabled: false, browserName: chrome, chrome: {chromedriverVersion: 2.35.528161 (5b82f2d2aae0ca..., userDataDir: C:\Users\WEIZHE~1\AppData\L...}, cssSelectorsEnabled: true, databaseEnabled: false, handlesAlerts: true, hasTouchScreen: false, javascriptEnabled: true, locationContextEnabled: true, mobileEmulationEnabled: false, nativeEvents: true, networkConnectionEnabled: false, pageLoadStrategy: normal, platform: XP, platformName: XP, rotatable: false, setWindowRect: true, takesHeapSnapshot: true, takesScreenshot: true, unexpectedAlertBehaviour: , unhandledPromptBehavior: , version: 69.0.3497.100, webStorageEnabled: true}
Session ID: b7d0acd589d297e917ee1de776227555)
	at com.kms.katalon.core.keyword.internal.KeywordMain.stepFailed(KeywordMain.groovy:32)
	at com.kms.katalon.core.webui.keyword.internal.WebUIKeywordMain.stepFailed(WebUIKeywordMain.groovy:65)
	at com.kms.katalon.core.webui.keyword.internal.WebUIKeywordMain.runKeyword(WebUIKeywordMain.groovy:27)
	at com.kms.katalon.core.webui.keyword.builtin.ClickKeyword.click(ClickKeyword.groovy:86)
	at com.kms.katalon.core.webui.keyword.builtin.ClickKeyword.execute(ClickKeyword.groovy:67)
	at com.kms.katalon.core.keyword.internal.KeywordExecutor.executeKeywordForPlatform(KeywordExecutor.groovy:53)
	at com.kms.katalon.core.webui.keyword.WebUiBuiltInKeywords.click(WebUiBuiltInKeywords.groovy:616)
	at com.kms.katalon.core.webui.keyword.WebUiBuiltInKeywords$click$2.call(Unknown Source)
	at Script1534407542420.run(Script1534407542420.groovy:73)
	at com.kms.katalon.core.main.ScriptEngine.run(ScriptEngine.java:183)
	at com.kms.katalon.core.main.ScriptEngine.runScriptAsRawText(ScriptEngine.java:108)
	at com.kms.katalon.core.main.TestCaseExecutor.runScript(TestCaseExecutor.java:294)
	at com.kms.katalon.core.main.TestCaseExecutor.doExecute(TestCaseExecutor.java:285)
	at com.kms.katalon.core.main.TestCaseExecutor.processExecutionPhase(TestCaseExecutor.java:264)
	at com.kms.katalon.core.main.TestCaseExecutor.accessMainPhase(TestCaseExecutor.java:256)
	at com.kms.katalon.core.main.TestCaseExecutor.execute(TestCaseExecutor.java:200)
	at com.kms.katalon.core.main.TestCaseMain.runTestCase(TestCaseMain.java:99)
	at com.kms.katalon.core.keyword.builtin.CallTestCaseKeyword$_callTestCase_closure1.doCall(CallTestCaseKeyword.groovy:60)
	at com.kms.katalon.core.keyword.builtin.CallTestCaseKeyword$_callTestCase_closure1.call(CallTestCaseKeyword.groovy)
	at com.kms.katalon.core.keyword.internal.KeywordMain.runKeyword(KeywordMain.groovy:54)
	at com.kms.katalon.core.keyword.builtin.CallTestCaseKeyword.callTestCase(CallTestCaseKeyword.groovy:81)
	at com.kms.katalon.core.keyword.builtin.CallTestCaseKeyword.execute(CallTestCaseKeyword.groovy:45)
	at com.kms.katalon.core.keyword.internal.KeywordExecutor.executeKeywordForPlatform(KeywordExecutor.groovy:53)
	at com.kms.katalon.core.keyword.BuiltinKeywords.callTestCase(BuiltinKeywords.groovy:334)
	at sun.reflect.GeneratedMethodAccessor13.invoke(Unknown Source)
	at sun.reflect.DelegatingMethodAccessorImpl.invoke(DelegatingMethodAccessorImpl.java:43)
	at java.lang.reflect.Method.invoke(Method.java:498)
	at org.codehaus.groovy.reflection.CachedMethod.invoke(CachedMethod.java:93)
	at groovy.lang.MetaMethod.doMethodInvoke(MetaMethod.java:325)
	at groovy.lang.MetaClassImpl.invokeStaticMethod(MetaClassImpl.java:1469)
	at org.codehaus.groovy.runtime.callsite.StaticMetaClassSite.call(StaticMetaClassSite.java:53)
	at org.codehaus.groovy.runtime.callsite.AbstractCallSite.call(AbstractCallSite.java:141)
	at Script1536114876563.run(Script1536114876563.groovy:34)
	at com.kms.katalon.core.main.ScriptEngine.run(ScriptEngine.java:183)
	at com.kms.katalon.core.main.ScriptEngine.runScriptAsRawText(ScriptEngine.java:108)
	at com.kms.katalon.core.main.TestCaseExecutor.runScript(TestCaseExecutor.java:294)
	at com.kms.katalon.core.main.TestCaseExecutor.doExecute(TestCaseExecutor.java:285)
	at com.kms.katalon.core.main.TestCaseExecutor.processExecutionPhase(TestCaseExecutor.java:264)
	at com.kms.katalon.core.main.TestCaseExecutor.accessMainPhase(TestCaseExecutor.java:256)
	at com.kms.katalon.core.main.TestCaseExecutor.execute(TestCaseExecutor.java:200)
	at com.kms.katalon.core.main.TestCaseMain.runTestCase(TestCaseMain.java:99)
	at com.kms.katalon.core.keyword.builtin.CallTestCaseKeyword$_callTestCase_closure1.doCall(CallTestCaseKeyword.groovy:60)
	at com.kms.katalon.core.keyword.builtin.CallTestCaseKeyword$_callTestCase_closure1.call(CallTestCaseKeyword.groovy)
	at com.kms.katalon.core.keyword.internal.KeywordMain.runKeyword(KeywordMain.groovy:54)
	at com.kms.katalon.core.keyword.builtin.CallTestCaseKeyword.callTestCase(CallTestCaseKeyword.groovy:81)
	at com.kms.katalon.core.keyword.builtin.CallTestCaseKeyword.execute(CallTestCaseKeyword.groovy:45)
	at com.kms.katalon.core.keyword.internal.KeywordExecutor.executeKeywordForPlatform(KeywordExecutor.groovy:53)
	at com.kms.katalon.core.keyword.BuiltinKeywords.callTestCase(BuiltinKeywords.groovy:334)
	at sun.reflect.GeneratedMethodAccessor13.invoke(Unknown Source)
	at sun.reflect.DelegatingMethodAccessorImpl.invoke(DelegatingMethodAccessorImpl.java:43)
	at java.lang.reflect.Method.invoke(Method.java:498)
	at org.codehaus.groovy.reflection.CachedMethod.invoke(CachedMethod.java:93)
	at groovy.lang.MetaMethod.doMethodInvoke(MetaMethod.java:325)
	at groovy.lang.MetaClassImpl.invokeStaticMethod(MetaClassImpl.java:1469)
	at org.codehaus.groovy.runtime.callsite.StaticMetaClassSite.call(StaticMetaClassSite.java:53)
	at org.codehaus.groovy.runtime.callsite.CallSiteArray.defaultCall(CallSiteArray.java:48)
	at org.codehaus.groovy.runtime.callsite.AbstractCallSite.call(AbstractCallSite.java:113)
	at org.codehaus.groovy.runtime.callsite.AbstractCallSite.call(AbstractCallSite.java:141)
	at Script1536204651962.run(Script1536204651962.groovy:25)
	at com.kms.katalon.core.main.ScriptEngine.run(ScriptEngine.java:183)
	at com.kms.katalon.core.main.ScriptEngine.runScriptAsRawText(ScriptEngine.java:108)
	at com.kms.katalon.core.main.TestCaseExecutor.runScript(TestCaseExecutor.java:294)
	at com.kms.katalon.core.main.TestCaseExecutor.doExecute(TestCaseExecutor.java:285)
	at com.kms.katalon.core.main.TestCaseExecutor.processExecutionPhase(TestCaseExecutor.java:264)
	at com.kms.katalon.core.main.TestCaseExecutor.accessMainPhase(TestCaseExecutor.java:256)
	at com.kms.katalon.core.main.TestCaseExecutor.execute(TestCaseExecutor.java:200)
	at com.kms.katalon.core.main.TestSuiteExecutor.accessTestCaseMainPhase(TestSuiteExecutor.java:129)
	at com.kms.katalon.core.main.TestSuiteExecutor.accessTestSuiteMainPhase(TestSuiteExecutor.java:112)
	at com.kms.katalon.core.main.TestSuiteExecutor.execute(TestSuiteExecutor.java:81)
	at com.kms.katalon.core.main.TestCaseMain.startTestSuite(TestCaseMain.java:142)
	at com.kms.katalon.core.main.TestCaseMain$startTestSuite$0.call(Unknown Source)
	at org.codehaus.groovy.runtime.callsite.CallSiteArray.defaultCall(CallSiteArray.java:48)
	at org.codehaus.groovy.runtime.callsite.AbstractCallSite.call(AbstractCallSite.java:113)
	at org.codehaus.groovy.runtime.callsite.AbstractCallSite.call(AbstractCallSite.java:141)
	at TempTestSuite1539973930605.run(TempTestSuite1539973930605.groovy:36)
	at groovy.lang.GroovyShell.runScriptOrMainOrTestOrRunnable(GroovyShell.java:263)
	at groovy.lang.GroovyShell.run(GroovyShell.java:518)
	at groovy.lang.GroovyShell.run(GroovyShell.java:507)
	at groovy.ui.GroovyMain.processOnce(GroovyMain.java:653)
	at groovy.ui.GroovyMain.run(GroovyMain.java:384)
	at groovy.ui.GroovyMain.process(GroovyMain.java:370)
	at groovy.ui.GroovyMain.processArgs(GroovyMain.java:129)
	at groovy.ui.GroovyMain.main(GroovyMain.java:109)
	at sun.reflect.NativeMethodAccessorImpl.invoke0(Native Method)
	at sun.reflect.NativeMethodAccessorImpl.invoke(NativeMethodAccessorImpl.java:62)
	at sun.reflect.DelegatingMethodAccessorImpl.invoke(DelegatingMethodAccessorImpl.java:43)
	at java.lang.reflect.Method.invoke(Method.java:498)
	at org.codehaus.groovy.tools.GroovyStarter.rootLoader(GroovyStarter.java:109)
	at org.codehaus.groovy.tools.GroovyStarter.main(GroovyStarter.java:131)
)]]></system-err>
      </testcase>
      <testcase name="Test Cases/Final Aug 2018 - PKS Automation/Registration Module/Workflow/Form 3 EIS - Cessation As Employer/PKRBO to UO (Reject)" classname="Test Cases/Final Aug 2018 - PKS Automation/Registration Module/Workflow/Form 3 EIS - Cessation As Employer/PKRBO to UO (Reject)" status="FAILED">
         <failure type="FAILED" message="(Stack trace: com.kms.katalon.core.exception.StepFailedException: Unable to click on object 'Object Repository/Final Object Repo/Landing Page/Select to English' (Root cause: com.kms.katalon.core.webui.exception.WebElementNotFoundException: Web element with id: 'Object Repository/Final Object Repo/Landing Page/Select to English' located by 'By.xpath: //a[@class = 'taglib-language-list-text' and @lang = 'en-US' and (contains(text(), 'EN') or contains(., 'EN'))]' not found)
	at com.kms.katalon.core.keyword.internal.KeywordMain.stepFailed(KeywordMain.groovy:32)
	at com.kms.katalon.core.webui.keyword.internal.WebUIKeywordMain.stepFailed(WebUIKeywordMain.groovy:65)
	at com.kms.katalon.core.webui.keyword.internal.WebUIKeywordMain.runKeyword(WebUIKeywordMain.groovy:27)
	at com.kms.katalon.core.webui.keyword.builtin.ClickKeyword.click(ClickKeyword.groovy:86)
	at com.kms.katalon.core.webui.keyword.builtin.ClickKeyword.execute(ClickKeyword.groovy:67)
	at com.kms.katalon.core.keyword.internal.KeywordExecutor.executeKeywordForPlatform(KeywordExecutor.groovy:53)
	at com.kms.katalon.core.webui.keyword.WebUiBuiltInKeywords.click(WebUiBuiltInKeywords.groovy:604)
	at com.kms.katalon.core.webui.keyword.WebUiBuiltInKeywords$click$8.call(Unknown Source)
	at Script1534407542420.run(Script1534407542420.groovy:57)
	at com.kms.katalon.core.main.ScriptEngine.run(ScriptEngine.java:183)
	at com.kms.katalon.core.main.ScriptEngine.runScriptAsRawText(ScriptEngine.java:108)
	at com.kms.katalon.core.main.TestCaseExecutor.runScript(TestCaseExecutor.java:294)
	at com.kms.katalon.core.main.TestCaseExecutor.doExecute(TestCaseExecutor.java:285)
	at com.kms.katalon.core.main.TestCaseExecutor.processExecutionPhase(TestCaseExecutor.java:264)
	at com.kms.katalon.core.main.TestCaseExecutor.accessMainPhase(TestCaseExecutor.java:256)
	at com.kms.katalon.core.main.TestCaseExecutor.execute(TestCaseExecutor.java:200)
	at com.kms.katalon.core.main.TestCaseMain.runTestCase(TestCaseMain.java:99)
	at com.kms.katalon.core.keyword.builtin.CallTestCaseKeyword$_callTestCase_closure1.doCall(CallTestCaseKeyword.groovy:60)
	at com.kms.katalon.core.keyword.builtin.CallTestCaseKeyword$_callTestCase_closure1.call(CallTestCaseKeyword.groovy)
	at com.kms.katalon.core.keyword.internal.KeywordMain.runKeyword(KeywordMain.groovy:54)
	at com.kms.katalon.core.keyword.builtin.CallTestCaseKeyword.callTestCase(CallTestCaseKeyword.groovy:81)
	at com.kms.katalon.core.keyword.builtin.CallTestCaseKeyword.execute(CallTestCaseKeyword.groovy:45)
	at com.kms.katalon.core.keyword.internal.KeywordExecutor.executeKeywordForPlatform(KeywordExecutor.groovy:53)
	at com.kms.katalon.core.keyword.BuiltinKeywords.callTestCase(BuiltinKeywords.groovy:334)
	at sun.reflect.GeneratedMethodAccessor13.invoke(Unknown Source)
	at sun.reflect.DelegatingMethodAccessorImpl.invoke(DelegatingMethodAccessorImpl.java:43)
	at java.lang.reflect.Method.invoke(Method.java:498)
	at org.codehaus.groovy.reflection.CachedMethod.invoke(CachedMethod.java:93)
	at groovy.lang.MetaMethod.doMethodInvoke(MetaMethod.java:325)
	at groovy.lang.MetaClassImpl.invokeStaticMethod(MetaClassImpl.java:1469)
	at org.codehaus.groovy.runtime.callsite.StaticMetaClassSite.call(StaticMetaClassSite.java:53)
	at org.codehaus.groovy.runtime.callsite.AbstractCallSite.call(AbstractCallSite.java:141)
	at Script1536044453581.run(Script1536044453581.groovy:34)
	at com.kms.katalon.core.main.ScriptEngine.run(ScriptEngine.java:183)
	at com.kms.katalon.core.main.ScriptEngine.runScriptAsRawText(ScriptEngine.java:108)
	at com.kms.katalon.core.main.TestCaseExecutor.runScript(TestCaseExecutor.java:294)
	at com.kms.katalon.core.main.TestCaseExecutor.doExecute(TestCaseExecutor.java:285)
	at com.kms.katalon.core.main.TestCaseExecutor.processExecutionPhase(TestCaseExecutor.java:264)
	at com.kms.katalon.core.main.TestCaseExecutor.accessMainPhase(TestCaseExecutor.java:256)
	at com.kms.katalon.core.main.TestCaseExecutor.execute(TestCaseExecutor.java:200)
	at com.kms.katalon.core.main.TestCaseMain.runTestCase(TestCaseMain.java:99)
	at com.kms.katalon.core.keyword.builtin.CallTestCaseKeyword$_callTestCase_closure1.doCall(CallTestCaseKeyword.groovy:60)
	at com.kms.katalon.core.keyword.builtin.CallTestCaseKeyword$_callTestCase_closure1.call(CallTestCaseKeyword.groovy)
	at com.kms.katalon.core.keyword.internal.KeywordMain.runKeyword(KeywordMain.groovy:54)
	at com.kms.katalon.core.keyword.builtin.CallTestCaseKeyword.callTestCase(CallTestCaseKeyword.groovy:81)
	at com.kms.katalon.core.keyword.builtin.CallTestCaseKeyword.execute(CallTestCaseKeyword.groovy:45)
	at com.kms.katalon.core.keyword.internal.KeywordExecutor.executeKeywordForPlatform(KeywordExecutor.groovy:53)
	at com.kms.katalon.core.keyword.BuiltinKeywords.callTestCase(BuiltinKeywords.groovy:334)
	at sun.reflect.GeneratedMethodAccessor13.invoke(Unknown Source)
	at sun.reflect.DelegatingMethodAccessorImpl.invoke(DelegatingMethodAccessorImpl.java:43)
	at java.lang.reflect.Method.invoke(Method.java:498)
	at org.codehaus.groovy.reflection.CachedMethod.invoke(CachedMethod.java:93)
	at groovy.lang.MetaMethod.doMethodInvoke(MetaMethod.java:325)
	at groovy.lang.MetaClassImpl.invokeStaticMethod(MetaClassImpl.java:1469)
	at org.codehaus.groovy.runtime.callsite.StaticMetaClassSite.call(StaticMetaClassSite.java:53)
	at org.codehaus.groovy.runtime.callsite.CallSiteArray.defaultCall(CallSiteArray.java:48)
	at org.codehaus.groovy.runtime.callsite.AbstractCallSite.call(AbstractCallSite.java:113)
	at org.codehaus.groovy.runtime.callsite.AbstractCallSite.call(AbstractCallSite.java:141)
	at Script1536204625076.run(Script1536204625076.groovy:25)
	at com.kms.katalon.core.main.ScriptEngine.run(ScriptEngine.java:183)
	at com.kms.katalon.core.main.ScriptEngine.runScriptAsRawText(ScriptEngine.java:108)
	at com.kms.katalon.core.main.TestCaseExecutor.runScript(TestCaseExecutor.java:294)
	at com.kms.katalon.core.main.TestCaseExecutor.doExecute(TestCaseExecutor.java:285)
	at com.kms.katalon.core.main.TestCaseExecutor.processExecutionPhase(TestCaseExecutor.java:264)
	at com.kms.katalon.core.main.TestCaseExecutor.accessMainPhase(TestCaseExecutor.java:256)
	at com.kms.katalon.core.main.TestCaseExecutor.execute(TestCaseExecutor.java:200)
	at com.kms.katalon.core.main.TestSuiteExecutor.accessTestCaseMainPhase(TestSuiteExecutor.java:129)
	at com.kms.katalon.core.main.TestSuiteExecutor.accessTestSuiteMainPhase(TestSuiteExecutor.java:112)
	at com.kms.katalon.core.main.TestSuiteExecutor.execute(TestSuiteExecutor.java:81)
	at com.kms.katalon.core.main.TestCaseMain.startTestSuite(TestCaseMain.java:142)
	at com.kms.katalon.core.main.TestCaseMain$startTestSuite$0.call(Unknown Source)
	at org.codehaus.groovy.runtime.callsite.CallSiteArray.defaultCall(CallSiteArray.java:48)
	at org.codehaus.groovy.runtime.callsite.AbstractCallSite.call(AbstractCallSite.java:113)
	at org.codehaus.groovy.runtime.callsite.AbstractCallSite.call(AbstractCallSite.java:141)
	at TempTestSuite1539973930605.run(TempTestSuite1539973930605.groovy:36)
	at groovy.lang.GroovyShell.runScriptOrMainOrTestOrRunnable(GroovyShell.java:263)
	at groovy.lang.GroovyShell.run(GroovyShell.java:518)
	at groovy.lang.GroovyShell.run(GroovyShell.java:507)
	at groovy.ui.GroovyMain.processOnce(GroovyMain.java:653)
	at groovy.ui.GroovyMain.run(GroovyMain.java:384)
	at groovy.ui.GroovyMain.process(GroovyMain.java:370)
	at groovy.ui.GroovyMain.processArgs(GroovyMain.java:129)
	at groovy.ui.GroovyMain.main(GroovyMain.java:109)
	at sun.reflect.NativeMethodAccessorImpl.invoke0(Native Method)
	at sun.reflect.NativeMethodAccessorImpl.invoke(NativeMethodAccessorImpl.java:62)
	at sun.reflect.DelegatingMethodAccessorImpl.invoke(DelegatingMethodAccessorImpl.java:43)
	at java.lang.reflect.Method.invoke(Method.java:498)
	at org.codehaus.groovy.tools.GroovyStarter.rootLoader(GroovyStarter.java:109)
	at org.codehaus.groovy.tools.GroovyStarter.main(GroovyStarter.java:131)
)"/>
         <system-out><![CDATA[2018-10-20 09:56:23 - [TEST_CASE][FAILED] - Test Cases/Final Aug 2018 - PKS Automation/Registration Module/Workflow/Form 3 EIS - Cessation As Employer/PKRBO to UO (Reject): Test Cases/Final Aug 2018 - PKS Automation/Registration Module/Workflow/Form 3 EIS - Cessation As Employer/PKRBO to UO (Reject) FAILED because (of) (Stack trace: com.kms.katalon.core.exception.StepFailedException: Unable to click on object 'Object Repository/Final Object Repo/Landing Page/Select to English' (Root cause: com.kms.katalon.core.webui.exception.WebElementNotFoundException: Web element with id: 'Object Repository/Final Object Repo/Landing Page/Select to English' located by 'By.xpath: //a[@class = 'taglib-language-list-text' and @lang = 'en-US' and (contains(text(), 'EN') or contains(., 'EN'))]' not found)
	at com.kms.katalon.core.keyword.internal.KeywordMain.stepFailed(KeywordMain.groovy:32)
	at com.kms.katalon.core.webui.keyword.internal.WebUIKeywordMain.stepFailed(WebUIKeywordMain.groovy:65)
	at com.kms.katalon.core.webui.keyword.internal.WebUIKeywordMain.runKeyword(WebUIKeywordMain.groovy:27)
	at com.kms.katalon.core.webui.keyword.builtin.ClickKeyword.click(ClickKeyword.groovy:86)
	at com.kms.katalon.core.webui.keyword.builtin.ClickKeyword.execute(ClickKeyword.groovy:67)
	at com.kms.katalon.core.keyword.internal.KeywordExecutor.executeKeywordForPlatform(KeywordExecutor.groovy:53)
	at com.kms.katalon.core.webui.keyword.WebUiBuiltInKeywords.click(WebUiBuiltInKeywords.groovy:604)
	at com.kms.katalon.core.webui.keyword.WebUiBuiltInKeywords$click$8.call(Unknown Source)
	at Script1534407542420.run(Script1534407542420.groovy:57)
	at com.kms.katalon.core.main.ScriptEngine.run(ScriptEngine.java:183)
	at com.kms.katalon.core.main.ScriptEngine.runScriptAsRawText(ScriptEngine.java:108)
	at com.kms.katalon.core.main.TestCaseExecutor.runScript(TestCaseExecutor.java:294)
	at com.kms.katalon.core.main.TestCaseExecutor.doExecute(TestCaseExecutor.java:285)
	at com.kms.katalon.core.main.TestCaseExecutor.processExecutionPhase(TestCaseExecutor.java:264)
	at com.kms.katalon.core.main.TestCaseExecutor.accessMainPhase(TestCaseExecutor.java:256)
	at com.kms.katalon.core.main.TestCaseExecutor.execute(TestCaseExecutor.java:200)
	at com.kms.katalon.core.main.TestCaseMain.runTestCase(TestCaseMain.java:99)
	at com.kms.katalon.core.keyword.builtin.CallTestCaseKeyword$_callTestCase_closure1.doCall(CallTestCaseKeyword.groovy:60)
	at com.kms.katalon.core.keyword.builtin.CallTestCaseKeyword$_callTestCase_closure1.call(CallTestCaseKeyword.groovy)
	at com.kms.katalon.core.keyword.internal.KeywordMain.runKeyword(KeywordMain.groovy:54)
	at com.kms.katalon.core.keyword.builtin.CallTestCaseKeyword.callTestCase(CallTestCaseKeyword.groovy:81)
	at com.kms.katalon.core.keyword.builtin.CallTestCaseKeyword.execute(CallTestCaseKeyword.groovy:45)
	at com.kms.katalon.core.keyword.internal.KeywordExecutor.executeKeywordForPlatform(KeywordExecutor.groovy:53)
	at com.kms.katalon.core.keyword.BuiltinKeywords.callTestCase(BuiltinKeywords.groovy:334)
	at sun.reflect.GeneratedMethodAccessor13.invoke(Unknown Source)
	at sun.reflect.DelegatingMethodAccessorImpl.invoke(DelegatingMethodAccessorImpl.java:43)
	at java.lang.reflect.Method.invoke(Method.java:498)
	at org.codehaus.groovy.reflection.CachedMethod.invoke(CachedMethod.java:93)
	at groovy.lang.MetaMethod.doMethodInvoke(MetaMethod.java:325)
	at groovy.lang.MetaClassImpl.invokeStaticMethod(MetaClassImpl.java:1469)
	at org.codehaus.groovy.runtime.callsite.StaticMetaClassSite.call(StaticMetaClassSite.java:53)
	at org.codehaus.groovy.runtime.callsite.AbstractCallSite.call(AbstractCallSite.java:141)
	at Script1536044453581.run(Script1536044453581.groovy:34)
	at com.kms.katalon.core.main.ScriptEngine.run(ScriptEngine.java:183)
	at com.kms.katalon.core.main.ScriptEngine.runScriptAsRawText(ScriptEngine.java:108)
	at com.kms.katalon.core.main.TestCaseExecutor.runScript(TestCaseExecutor.java:294)
	at com.kms.katalon.core.main.TestCaseExecutor.doExecute(TestCaseExecutor.java:285)
	at com.kms.katalon.core.main.TestCaseExecutor.processExecutionPhase(TestCaseExecutor.java:264)
	at com.kms.katalon.core.main.TestCaseExecutor.accessMainPhase(TestCaseExecutor.java:256)
	at com.kms.katalon.core.main.TestCaseExecutor.execute(TestCaseExecutor.java:200)
	at com.kms.katalon.core.main.TestCaseMain.runTestCase(TestCaseMain.java:99)
	at com.kms.katalon.core.keyword.builtin.CallTestCaseKeyword$_callTestCase_closure1.doCall(CallTestCaseKeyword.groovy:60)
	at com.kms.katalon.core.keyword.builtin.CallTestCaseKeyword$_callTestCase_closure1.call(CallTestCaseKeyword.groovy)
	at com.kms.katalon.core.keyword.internal.KeywordMain.runKeyword(KeywordMain.groovy:54)
	at com.kms.katalon.core.keyword.builtin.CallTestCaseKeyword.callTestCase(CallTestCaseKeyword.groovy:81)
	at com.kms.katalon.core.keyword.builtin.CallTestCaseKeyword.execute(CallTestCaseKeyword.groovy:45)
	at com.kms.katalon.core.keyword.internal.KeywordExecutor.executeKeywordForPlatform(KeywordExecutor.groovy:53)
	at com.kms.katalon.core.keyword.BuiltinKeywords.callTestCase(BuiltinKeywords.groovy:334)
	at sun.reflect.GeneratedMethodAccessor13.invoke(Unknown Source)
	at sun.reflect.DelegatingMethodAccessorImpl.invoke(DelegatingMethodAccessorImpl.java:43)
	at java.lang.reflect.Method.invoke(Method.java:498)
	at org.codehaus.groovy.reflection.CachedMethod.invoke(CachedMethod.java:93)
	at groovy.lang.MetaMethod.doMethodInvoke(MetaMethod.java:325)
	at groovy.lang.MetaClassImpl.invokeStaticMethod(MetaClassImpl.java:1469)
	at org.codehaus.groovy.runtime.callsite.StaticMetaClassSite.call(StaticMetaClassSite.java:53)
	at org.codehaus.groovy.runtime.callsite.CallSiteArray.defaultCall(CallSiteArray.java:48)
	at org.codehaus.groovy.runtime.callsite.AbstractCallSite.call(AbstractCallSite.java:113)
	at org.codehaus.groovy.runtime.callsite.AbstractCallSite.call(AbstractCallSite.java:141)
	at Script1536204625076.run(Script1536204625076.groovy:25)
	at com.kms.katalon.core.main.ScriptEngine.run(ScriptEngine.java:183)
	at com.kms.katalon.core.main.ScriptEngine.runScriptAsRawText(ScriptEngine.java:108)
	at com.kms.katalon.core.main.TestCaseExecutor.runScript(TestCaseExecutor.java:294)
	at com.kms.katalon.core.main.TestCaseExecutor.doExecute(TestCaseExecutor.java:285)
	at com.kms.katalon.core.main.TestCaseExecutor.processExecutionPhase(TestCaseExecutor.java:264)
	at com.kms.katalon.core.main.TestCaseExecutor.accessMainPhase(TestCaseExecutor.java:256)
	at com.kms.katalon.core.main.TestCaseExecutor.execute(TestCaseExecutor.java:200)
	at com.kms.katalon.core.main.TestSuiteExecutor.accessTestCaseMainPhase(TestSuiteExecutor.java:129)
	at com.kms.katalon.core.main.TestSuiteExecutor.accessTestSuiteMainPhase(TestSuiteExecutor.java:112)
	at com.kms.katalon.core.main.TestSuiteExecutor.execute(TestSuiteExecutor.java:81)
	at com.kms.katalon.core.main.TestCaseMain.startTestSuite(TestCaseMain.java:142)
	at com.kms.katalon.core.main.TestCaseMain$startTestSuite$0.call(Unknown Source)
	at org.codehaus.groovy.runtime.callsite.CallSiteArray.defaultCall(CallSiteArray.java:48)
	at org.codehaus.groovy.runtime.callsite.AbstractCallSite.call(AbstractCallSite.java:113)
	at org.codehaus.groovy.runtime.callsite.AbstractCallSite.call(AbstractCallSite.java:141)
	at TempTestSuite1539973930605.run(TempTestSuite1539973930605.groovy:36)
	at groovy.lang.GroovyShell.runScriptOrMainOrTestOrRunnable(GroovyShell.java:263)
	at groovy.lang.GroovyShell.run(GroovyShell.java:518)
	at groovy.lang.GroovyShell.run(GroovyShell.java:507)
	at groovy.ui.GroovyMain.processOnce(GroovyMain.java:653)
	at groovy.ui.GroovyMain.run(GroovyMain.java:384)
	at groovy.ui.GroovyMain.process(GroovyMain.java:370)
	at groovy.ui.GroovyMain.processArgs(GroovyMain.java:129)
	at groovy.ui.GroovyMain.main(GroovyMain.java:109)
	at sun.reflect.NativeMethodAccessorImpl.invoke0(Native Method)
	at sun.reflect.NativeMethodAccessorImpl.invoke(NativeMethodAccessorImpl.java:62)
	at sun.reflect.DelegatingMethodAccessorImpl.invoke(DelegatingMethodAccessorImpl.java:43)
	at java.lang.reflect.Method.invoke(Method.java:498)
	at org.codehaus.groovy.tools.GroovyStarter.rootLoader(GroovyStarter.java:109)
	at org.codehaus.groovy.tools.GroovyStarter.main(GroovyStarter.java:131)
)

2018-10-20 09:56:23 - [TEST_STEP][PASSED] - callTestCase: Call Test Case 'Test Cases/Final Aug 2018 - PKS Automation/Registration Module/Workflow/Form 3 EIS - Cessation As Employer/Template/Form 3 A - Cessation As Employer (PKRBO)' successfully

2018-10-20 09:56:23 - [TEST_CASE][PASSED] - Test Cases/Final Aug 2018 - PKS Automation/Registration Module/Workflow/Form 3 EIS - Cessation As Employer/Template/Form 3 A - Cessation As Employer (PKRBO): Test Cases/Final Aug 2018 - PKS Automation/Registration Module/Workflow/Form 3 EIS - Cessation As Employer/Template/Form 3 A - Cessation As Employer (PKRBO)

2018-10-20 09:56:23 - [TEST_STEP][PASSED] - openBrowser: Browser is opened with url: ''

2018-10-20 09:56:23 - [MESSAGE][WARNING] - A browser is already opened. Closing browser and opening a new one

2018-10-20 09:56:27 - [MESSAGE][PASSED] - Browser is opened with url: ''

2018-10-20 09:56:27 - [TEST_STEP][PASSED] - navigateToUrl: Navigate to 'https://assist2-uat.perkeso.gov.my/login' successfully

2018-10-20 09:56:29 - [MESSAGE][PASSED] - Navigate to 'https://assist2-uat.perkeso.gov.my/login' successfully

2018-10-20 09:56:29 - [TEST_STEP][PASSED] - setText: Text 'johorpkrbo1@gmail.com' is set on object 'Object Repository/Final Object Repo/Login Page/Internal User/Email Address'

2018-10-20 09:56:29 - [MESSAGE][PASSED] - Text 'johorpkrbo1@gmail.com' is set on object 'Object Repository/Final Object Repo/Login Page/Internal User/Email Address'

2018-10-20 09:56:29 - [TEST_STEP][PASSED] - click: Object: 'Object Repository/Final Object Repo/Login Page/Internal User/Next Button' is clicked on

2018-10-20 09:56:29 - [MESSAGE][PASSED] - Object: 'Object Repository/Final Object Repo/Login Page/Internal User/Next Button' is clicked on

2018-10-20 09:56:29 - [TEST_STEP][PASSED] - delay: Delayed 1 second(s)

2018-10-20 09:56:30 - [MESSAGE][PASSED] - Delayed 1 second(s)

2018-10-20 09:56:30 - [TEST_STEP][PASSED] - setEncryptedText: Text ****** has been set on object 'Object Repository/Final Object Repo/Login Page/Internal User/Password'

2018-10-20 09:56:31 - [MESSAGE][PASSED] - Text ****** has been set on object 'Object Repository/Final Object Repo/Login Page/Internal User/Password'

2018-10-20 09:56:31 - [TEST_STEP][PASSED] - click: Object: 'Object Repository/Final Object Repo/Login Page/Internal User/Login Button' is clicked on

2018-10-20 09:56:31 - [MESSAGE][PASSED] - Object: 'Object Repository/Final Object Repo/Login Page/Internal User/Login Button' is clicked on

2018-10-20 09:56:31 - [TEST_STEP][PASSED] - delay: Delayed 1 second(s)

2018-10-20 09:56:32 - [MESSAGE][PASSED] - Delayed 1 second(s)

2018-10-20 09:56:32 - [TEST_STEP][PASSED] - Statement - Try: Delayed 2 second(s)

2018-10-20 09:56:32 - [TEST_STEP][PASSED] - Statement - Checker = false: null

2018-10-20 09:56:32 - [TEST_STEP][PASSED] - Statement - Checker = com.kms.katalon.core.webui.keyword.WebUiBuiltInKeywords.verifyElementHasAttribute(com.kms.katalon.core.testobject.ObjectRepository.findTestObject(Final Object Repo/Landing Page/BM Detecting), "href", 20, OPTIONAL): Object 'Object Repository/Final Object Repo/Landing Page/BM Detecting' has attribute 'href'

2018-10-20 09:56:34 - [MESSAGE][PASSED] - Object 'Object Repository/Final Object Repo/Landing Page/BM Detecting' has attribute 'href'

2018-10-20 09:56:34 - [TEST_STEP][PASSED] - Statement - out.println(Checker): null

2018-10-20 09:56:34 - [TEST_STEP][PASSED] - Statement - If (Checker == false): null

2018-10-20 09:56:34 - [TEST_STEP][PASSED] - Statement - Else: null

2018-10-20 09:56:34 - [TEST_STEP][PASSED] - delay: Delayed 2 second(s)

2018-10-20 09:56:36 - [MESSAGE][PASSED] - Delayed 2 second(s)

2018-10-20 09:56:36 - [TEST_STEP][PASSED] - navigateToUrl: Navigate to 'https://assist2-uat.perkeso.gov.my/web/registration/eis-update/form-3-eis-cessation-as-employer' successfully

2018-10-20 09:56:37 - [MESSAGE][PASSED] - Navigate to 'https://assist2-uat.perkeso.gov.my/web/registration/eis-update/form-3-eis-cessation-as-employer' successfully

2018-10-20 09:56:37 - [TEST_STEP][PASSED] - delay: Delayed 1 second(s)

2018-10-20 09:56:38 - [MESSAGE][PASSED] - Delayed 1 second(s)

2018-10-20 09:56:38 - [TEST_STEP][PASSED] - setText: Text 'E1102069769W' is set on object 'Object Repository/Final Object Repo/Page_Form 3 EIS - Cessation as Employer/Employer Code'

2018-10-20 09:56:38 - [MESSAGE][PASSED] - Text 'E1102069769W' is set on object 'Object Repository/Final Object Repo/Page_Form 3 EIS - Cessation as Employer/Employer Code'

2018-10-20 09:56:38 - [TEST_STEP][PASSED] - click: Object: 'Object Repository/Final Object Repo/Page_Form 3 EIS - Cessation as Employer/Search' is clicked on

2018-10-20 09:56:38 - [MESSAGE][PASSED] - Object: 'Object Repository/Final Object Repo/Page_Form 3 EIS - Cessation as Employer/Search' is clicked on

2018-10-20 09:56:38 - [TEST_STEP][PASSED] - click: Object: 'Object Repository/Final Object Repo/Page_Form 3 EIS - Cessation as Employer/Edit' is clicked on

2018-10-20 09:56:40 - [MESSAGE][PASSED] - Object: 'Object Repository/Final Object Repo/Page_Form 3 EIS - Cessation as Employer/Edit' is clicked on

2018-10-20 09:56:40 - [TEST_STEP][PASSED] - delay: Delayed 1 second(s)

2018-10-20 09:56:41 - [MESSAGE][PASSED] - Delayed 1 second(s)

2018-10-20 09:56:41 - [TEST_STEP][PASSED] - Statement - abc = com.kms.katalon.core.webui.keyword.WebUiBuiltInKeywords.getAttribute(com.kms.katalon.core.testobject.ObjectRepository.findTestObject(Final Object Repo/Page_Form 3 EIS - Cessation as Employer/Employer Status), "value"): Attribute 'value' of object 'Object Repository/Final Object Repo/Page_Form 3 EIS - Cessation as Employer/Employer Status' is: 'Active'

2018-10-20 09:56:41 - [MESSAGE][PASSED] - Attribute 'value' of object 'Object Repository/Final Object Repo/Page_Form 3 EIS - Cessation as Employer/Employer Status' is: 'Active'

2018-10-20 09:56:41 - [TEST_STEP][PASSED] - Statement - out.println(abc): null

2018-10-20 09:56:41 - [TEST_STEP][PASSED] - Statement - If (abc == "Active"): Object: 'Object Repository/Final Object Repo/Page_Form 3 EIS - Cessation as Employer/Dormant EIS' is clicked on

2018-10-20 09:56:41 - [TEST_STEP][PASSED] - click: Object: 'Object Repository/Final Object Repo/Page_Form 3 EIS - Cessation as Employer/Change Employer Status to' is clicked on

2018-10-20 09:56:41 - [MESSAGE][PASSED] - Object: 'Object Repository/Final Object Repo/Page_Form 3 EIS - Cessation as Employer/Change Employer Status to' is clicked on

2018-10-20 09:56:41 - [TEST_STEP][PASSED] - click: Object: 'Object Repository/Final Object Repo/Page_Form 3 EIS - Cessation as Employer/Dormant EIS' is clicked on

2018-10-20 09:56:42 - [MESSAGE][PASSED] - Object: 'Object Repository/Final Object Repo/Page_Form 3 EIS - Cessation as Employer/Dormant EIS' is clicked on

2018-10-20 09:56:42 - [TEST_STEP][PASSED] - click: Object: 'Object Repository/Final Object Repo/Page_Form 3 EIS - Cessation as Employer/Calender' is clicked on

2018-10-20 09:56:42 - [MESSAGE][PASSED] - Object: 'Object Repository/Final Object Repo/Page_Form 3 EIS - Cessation as Employer/Calender' is clicked on

2018-10-20 09:56:42 - [TEST_STEP][PASSED] - delay: Delayed 1 second(s)

2018-10-20 09:56:43 - [MESSAGE][PASSED] - Delayed 1 second(s)

2018-10-20 09:56:43 - [TEST_STEP][PASSED] - click: Object: 'Object Repository/Final Object Repo/Page_Form 3 EIS - Cessation as Employer/Calender - Date' is clicked on

2018-10-20 09:56:43 - [MESSAGE][PASSED] - Object: 'Object Repository/Final Object Repo/Page_Form 3 EIS - Cessation as Employer/Calender - Date' is clicked on

2018-10-20 09:56:43 - [TEST_STEP][PASSED] - click: Object: 'Object Repository/Final Object Repo/Page_Form 3 EIS - Cessation as Employer/Save  Continue in Form 3 EIS Page' is clicked on

2018-10-20 09:56:43 - [MESSAGE][PASSED] - Object: 'Object Repository/Final Object Repo/Page_Form 3 EIS - Cessation as Employer/Save  Continue in Form 3 EIS Page' is clicked on

2018-10-20 09:56:43 - [TEST_STEP][PASSED] - delay: Delayed 1 second(s)

2018-10-20 09:56:44 - [MESSAGE][PASSED] - Delayed 1 second(s)

2018-10-20 09:56:44 - [TEST_STEP][PASSED] - click: Object: 'Object Repository/Final Object Repo/Page_Form 3 EIS - Cessation as Employer/Employment Resign Date' is clicked on

2018-10-20 09:56:45 - [MESSAGE][PASSED] - Object: 'Object Repository/Final Object Repo/Page_Form 3 EIS - Cessation as Employer/Employment Resign Date' is clicked on

2018-10-20 09:56:45 - [TEST_STEP][PASSED] - selectOptionByValue: All options with value '2018' are selected in object 'Object Repository/Final Object Repo/Page_Form 3 EIS - Cessation as Employer/Employment Resign Date - Year' 

2018-10-20 09:56:45 - [MESSAGE][PASSED] - All options with value '2018' are selected in object 'Object Repository/Final Object Repo/Page_Form 3 EIS - Cessation as Employer/Employment Resign Date - Year' 

2018-10-20 09:56:45 - [TEST_STEP][PASSED] - delay: Delayed 2 second(s)

2018-10-20 09:56:47 - [MESSAGE][PASSED] - Delayed 2 second(s)

2018-10-20 09:56:47 - [TEST_STEP][PASSED] - click: Object: 'Object Repository/Final Object Repo/Page_Form 3 EIS - Cessation as Employer/Employment Resign Date - Year - Date' is clicked on

2018-10-20 09:56:47 - [MESSAGE][PASSED] - Object: 'Object Repository/Final Object Repo/Page_Form 3 EIS - Cessation as Employer/Employment Resign Date - Year - Date' is clicked on

2018-10-20 09:56:47 - [TEST_STEP][PASSED] - delay: Delayed 2 second(s)

2018-10-20 09:56:49 - [MESSAGE][PASSED] - Delayed 2 second(s)

2018-10-20 09:56:49 - [TEST_STEP][PASSED] - click: Object: 'Object Repository/Final Object Repo/Page_Form 3 EIS - Cessation as Employer/Save  Continue in Employment Resign Page' is clicked on

2018-10-20 09:56:49 - [MESSAGE][PASSED] - Object: 'Object Repository/Final Object Repo/Page_Form 3 EIS - Cessation as Employer/Save  Continue in Employment Resign Page' is clicked on

2018-10-20 09:56:49 - [TEST_STEP][PASSED] - delay: Delayed 2 second(s)

2018-10-20 09:56:51 - [MESSAGE][PASSED] - Delayed 2 second(s)

2018-10-20 09:56:51 - [TEST_STEP][PASSED] - click: Object: 'Object Repository/Final Object Repo/Page_Form 3 EIS - Cessation as Employer/Add Document' is clicked on

2018-10-20 09:56:53 - [MESSAGE][PASSED] - Object: 'Object Repository/Final Object Repo/Page_Form 3 EIS - Cessation as Employer/Add Document' is clicked on

2018-10-20 09:56:53 - [TEST_STEP][PASSED] - delay: Delayed 3 second(s)

2018-10-20 09:56:56 - [MESSAGE][PASSED] - Delayed 3 second(s)

2018-10-20 09:56:56 - [TEST_STEP][PASSED] - click: Object: 'Object Repository/Final Object Repo/Page_Form 3 EIS - Cessation as Employer/Document Type' is clicked on

2018-10-20 09:56:56 - [MESSAGE][PASSED] - Object: 'Object Repository/Final Object Repo/Page_Form 3 EIS - Cessation as Employer/Document Type' is clicked on

2018-10-20 09:56:56 - [TEST_STEP][PASSED] - click: Object: 'Object Repository/Final Object Repo/Page_Form 3 EIS - Cessation as Employer/Document Type - Form 3' is clicked on

2018-10-20 09:56:56 - [MESSAGE][PASSED] - Object: 'Object Repository/Final Object Repo/Page_Form 3 EIS - Cessation as Employer/Document Type - Form 3' is clicked on

2018-10-20 09:56:56 - [TEST_STEP][PASSED] - delay: Delayed 2 second(s)

2018-10-20 09:56:58 - [MESSAGE][PASSED] - Delayed 2 second(s)

2018-10-20 09:56:58 - [TEST_STEP][PASSED] - sendKeys: Keys 'C:\Users\Public\Pictures\Sample Pictures\Act.jpg' sent to object: 'Object Repository/Final Object Repo/Page_Form 3 EIS - Cessation as Employer/ploading File'

2018-10-20 09:56:58 - [MESSAGE][PASSED] - Keys 'C:\Users\Public\Pictures\Sample Pictures\Act.jpg' sent to object: 'Object Repository/Final Object Repo/Page_Form 3 EIS - Cessation as Employer/ploading File'

2018-10-20 09:56:58 - [TEST_STEP][PASSED] - delay: Delayed 1 second(s)

2018-10-20 09:56:59 - [MESSAGE][PASSED] - Delayed 1 second(s)

2018-10-20 09:56:59 - [TEST_STEP][PASSED] - click: Object: 'Object Repository/Final Object Repo/Page_Form 3 EIS - Cessation as Employer/Add Document in Uploading Page' is clicked on

2018-10-20 09:56:59 - [MESSAGE][PASSED] - Object: 'Object Repository/Final Object Repo/Page_Form 3 EIS - Cessation as Employer/Add Document in Uploading Page' is clicked on

2018-10-20 09:56:59 - [TEST_STEP][PASSED] - delay: Delayed 2 second(s)

2018-10-20 09:57:01 - [MESSAGE][PASSED] - Delayed 2 second(s)

2018-10-20 09:57:01 - [TEST_STEP][PASSED] - Statement - CaseReferenceNo = com.kms.katalon.core.webui.keyword.WebUiBuiltInKeywords.getText(com.kms.katalon.core.testobject.ObjectRepository.findTestObject(Final Object Repo/Page_Update Employer Information/Reference Number in Update Employee Information Page)): Text of object 'Object Repository/Final Object Repo/Page_Update Employer Information/Reference Number in Update Employee Information Page' is: 'ERN102018C200002185'

2018-10-20 09:57:05 - [MESSAGE][PASSED] - Text of object 'Object Repository/Final Object Repo/Page_Update Employer Information/Reference Number in Update Employee Information Page' is: 'ERN102018C200002185'

2018-10-20 09:57:05 - [TEST_STEP][PASSED] - callTestCase: Call Test Case 'Test Cases/Final Aug 2018 - PKS Automation/Common/Reference Number Setter' successfully

2018-10-20 09:57:05 - [TEST_CASE][PASSED] - Test Cases/Final Aug 2018 - PKS Automation/Common/Reference Number Setter: Test Cases/Final Aug 2018 - PKS Automation/Common/Reference Number Setter

2018-10-20 09:57:05 - [TEST_STEP][PASSED] - Statement - RefNoOldFile = new java.io.File(C://KatalonReference.txt): null

2018-10-20 09:57:05 - [TEST_STEP][PASSED] - Statement - RefNoOldFile.delete(): null

2018-10-20 09:57:05 - [TEST_STEP][PASSED] - Statement - RefNo = new java.io.File(C://KatalonReference.txt): null

2018-10-20 09:57:05 - [TEST_STEP][PASSED] - Statement - RefNo.append(CaseReferenceNo): null

2018-10-20 09:57:05 - [TEST_STEP][PASSED] - Statement - out.println("


" + CaseReferenceNo + "


"): null

2018-10-20 09:57:05 - [MESSAGE][PASSED] - Call Test Case 'Test Cases/Final Aug 2018 - PKS Automation/Common/Reference Number Setter' successfully

2018-10-20 09:57:05 - [TEST_STEP][PASSED] - delay: Delayed 2 second(s)

2018-10-20 09:57:07 - [MESSAGE][PASSED] - Delayed 2 second(s)

2018-10-20 09:57:07 - [TEST_STEP][PASSED] - click: Object: 'Object Repository/Final Object Repo/Page_Form 3 EIS - Cessation as Employer/Save  Continue in Uploading Page' is clicked on

2018-10-20 09:57:07 - [MESSAGE][PASSED] - Object: 'Object Repository/Final Object Repo/Page_Form 3 EIS - Cessation as Employer/Save  Continue in Uploading Page' is clicked on

2018-10-20 09:57:07 - [TEST_STEP][PASSED] - delay: Delayed 2 second(s)

2018-10-20 09:57:09 - [MESSAGE][PASSED] - Delayed 2 second(s)

2018-10-20 09:57:09 - [TEST_STEP][PASSED] - click: Object: 'Object Repository/Final Object Repo/Page_Form 3 EIS - Cessation as Employer/Submit' is clicked on

2018-10-20 09:57:13 - [MESSAGE][PASSED] - Object: 'Object Repository/Final Object Repo/Page_Form 3 EIS - Cessation as Employer/Submit' is clicked on

2018-10-20 09:57:13 - [TEST_STEP][PASSED] - delay: Delayed 2 second(s)

2018-10-20 09:57:15 - [MESSAGE][PASSED] - Delayed 2 second(s)

2018-10-20 09:57:15 - [TEST_STEP][PASSED] - click: Object: 'Object Repository/Final Object Repo/Page_Form 3 EIS - Cessation as Employer/Confirm' is clicked on

2018-10-20 09:57:15 - [MESSAGE][PASSED] - Object: 'Object Repository/Final Object Repo/Page_Form 3 EIS - Cessation as Employer/Confirm' is clicked on

2018-10-20 09:57:15 - [TEST_STEP][PASSED] - delay: Delayed 2 second(s)

2018-10-20 09:57:17 - [MESSAGE][PASSED] - Delayed 2 second(s)

2018-10-20 09:57:17 - [TEST_STEP][PASSED] - click: Object: 'Object Repository/Final Object Repo/Page_Form 3 EIS - Cessation as Employer/Message Your Request will be routed to UO' is clicked on

2018-10-20 09:57:22 - [MESSAGE][PASSED] - Object: 'Object Repository/Final Object Repo/Page_Form 3 EIS - Cessation as Employer/Message Your Request will be routed to UO' is clicked on

2018-10-20 09:57:22 - [TEST_STEP][PASSED] - click: Object: 'Object Repository/Final Object Repo/Page_Form 3 EIS - Cessation as Employer/Letter of acknowledgement' is clicked on

2018-10-20 09:57:22 - [MESSAGE][PASSED] - Object: 'Object Repository/Final Object Repo/Page_Form 3 EIS - Cessation as Employer/Letter of acknowledgement' is clicked on

2018-10-20 09:57:22 - [MESSAGE][PASSED] - Call Test Case 'Test Cases/Final Aug 2018 - PKS Automation/Registration Module/Workflow/Form 3 EIS - Cessation As Employer/Template/Form 3 A - Cessation As Employer (PKRBO)' successfully

2018-10-20 09:57:23 - [TEST_STEP][FAILED] - callTestCase: Unable to call Test Case with id 'Test Cases/Final Aug 2018 - PKS Automation/Registration Module/Workflow/Form 3 EIS - Cessation As Employer/Template/Form 3 A - Cessation As Employer (Reject)' (Root cause: Call Test Case 'Test Cases/Final Aug 2018 - PKS Automation/Registration Module/Workflow/Form 3 EIS - Cessation As Employer/Template/Form 3 A - Cessation As Employer (Reject)' failed)

2018-10-20 09:57:23 - [TEST_CASE][FAILED] - Test Cases/Final Aug 2018 - PKS Automation/Registration Module/Workflow/Form 3 EIS - Cessation As Employer/Template/Form 3 A - Cessation As Employer (Reject): Test Cases/Final Aug 2018 - PKS Automation/Registration Module/Workflow/Form 3 EIS - Cessation As Employer/Template/Form 3 A - Cessation As Employer (Reject) FAILED because (of) (Stack trace: com.kms.katalon.core.exception.StepFailedException: Unable to click on object 'Object Repository/Final Object Repo/Landing Page/Select to English' (Root cause: com.kms.katalon.core.webui.exception.WebElementNotFoundException: Web element with id: 'Object Repository/Final Object Repo/Landing Page/Select to English' located by 'By.xpath: //a[@class = 'taglib-language-list-text' and @lang = 'en-US' and (contains(text(), 'EN') or contains(., 'EN'))]' not found)
	at com.kms.katalon.core.keyword.internal.KeywordMain.stepFailed(KeywordMain.groovy:32)
	at com.kms.katalon.core.webui.keyword.internal.WebUIKeywordMain.stepFailed(WebUIKeywordMain.groovy:65)
	at com.kms.katalon.core.webui.keyword.internal.WebUIKeywordMain.runKeyword(WebUIKeywordMain.groovy:27)
	at com.kms.katalon.core.webui.keyword.builtin.ClickKeyword.click(ClickKeyword.groovy:86)
	at com.kms.katalon.core.webui.keyword.builtin.ClickKeyword.execute(ClickKeyword.groovy:67)
	at com.kms.katalon.core.keyword.internal.KeywordExecutor.executeKeywordForPlatform(KeywordExecutor.groovy:53)
	at com.kms.katalon.core.webui.keyword.WebUiBuiltInKeywords.click(WebUiBuiltInKeywords.groovy:604)
	at com.kms.katalon.core.webui.keyword.WebUiBuiltInKeywords$click$8.call(Unknown Source)
	at Script1534407542420.run(Script1534407542420.groovy:57)
	at com.kms.katalon.core.main.ScriptEngine.run(ScriptEngine.java:183)
	at com.kms.katalon.core.main.ScriptEngine.runScriptAsRawText(ScriptEngine.java:108)
	at com.kms.katalon.core.main.TestCaseExecutor.runScript(TestCaseExecutor.java:294)
	at com.kms.katalon.core.main.TestCaseExecutor.doExecute(TestCaseExecutor.java:285)
	at com.kms.katalon.core.main.TestCaseExecutor.processExecutionPhase(TestCaseExecutor.java:264)
	at com.kms.katalon.core.main.TestCaseExecutor.accessMainPhase(TestCaseExecutor.java:256)
	at com.kms.katalon.core.main.TestCaseExecutor.execute(TestCaseExecutor.java:200)
	at com.kms.katalon.core.main.TestCaseMain.runTestCase(TestCaseMain.java:99)
	at com.kms.katalon.core.keyword.builtin.CallTestCaseKeyword$_callTestCase_closure1.doCall(CallTestCaseKeyword.groovy:60)
	at com.kms.katalon.core.keyword.builtin.CallTestCaseKeyword$_callTestCase_closure1.call(CallTestCaseKeyword.groovy)
	at com.kms.katalon.core.keyword.internal.KeywordMain.runKeyword(KeywordMain.groovy:54)
	at com.kms.katalon.core.keyword.builtin.CallTestCaseKeyword.callTestCase(CallTestCaseKeyword.groovy:81)
	at com.kms.katalon.core.keyword.builtin.CallTestCaseKeyword.execute(CallTestCaseKeyword.groovy:45)
	at com.kms.katalon.core.keyword.internal.KeywordExecutor.executeKeywordForPlatform(KeywordExecutor.groovy:53)
	at com.kms.katalon.core.keyword.BuiltinKeywords.callTestCase(BuiltinKeywords.groovy:334)
	at sun.reflect.GeneratedMethodAccessor13.invoke(Unknown Source)
	at sun.reflect.DelegatingMethodAccessorImpl.invoke(DelegatingMethodAccessorImpl.java:43)
	at java.lang.reflect.Method.invoke(Method.java:498)
	at org.codehaus.groovy.reflection.CachedMethod.invoke(CachedMethod.java:93)
	at groovy.lang.MetaMethod.doMethodInvoke(MetaMethod.java:325)
	at groovy.lang.MetaClassImpl.invokeStaticMethod(MetaClassImpl.java:1469)
	at org.codehaus.groovy.runtime.callsite.StaticMetaClassSite.call(StaticMetaClassSite.java:53)
	at org.codehaus.groovy.runtime.callsite.AbstractCallSite.call(AbstractCallSite.java:141)
	at Script1536044453581.run(Script1536044453581.groovy:34)
	at com.kms.katalon.core.main.ScriptEngine.run(ScriptEngine.java:183)
	at com.kms.katalon.core.main.ScriptEngine.runScriptAsRawText(ScriptEngine.java:108)
	at com.kms.katalon.core.main.TestCaseExecutor.runScript(TestCaseExecutor.java:294)
	at com.kms.katalon.core.main.TestCaseExecutor.doExecute(TestCaseExecutor.java:285)
	at com.kms.katalon.core.main.TestCaseExecutor.processExecutionPhase(TestCaseExecutor.java:264)
	at com.kms.katalon.core.main.TestCaseExecutor.accessMainPhase(TestCaseExecutor.java:256)
	at com.kms.katalon.core.main.TestCaseExecutor.execute(TestCaseExecutor.java:200)
	at com.kms.katalon.core.main.TestCaseMain.runTestCase(TestCaseMain.java:99)
	at com.kms.katalon.core.keyword.builtin.CallTestCaseKeyword$_callTestCase_closure1.doCall(CallTestCaseKeyword.groovy:60)
	at com.kms.katalon.core.keyword.builtin.CallTestCaseKeyword$_callTestCase_closure1.call(CallTestCaseKeyword.groovy)
	at com.kms.katalon.core.keyword.internal.KeywordMain.runKeyword(KeywordMain.groovy:54)
	at com.kms.katalon.core.keyword.builtin.CallTestCaseKeyword.callTestCase(CallTestCaseKeyword.groovy:81)
	at com.kms.katalon.core.keyword.builtin.CallTestCaseKeyword.execute(CallTestCaseKeyword.groovy:45)
	at com.kms.katalon.core.keyword.internal.KeywordExecutor.executeKeywordForPlatform(KeywordExecutor.groovy:53)
	at com.kms.katalon.core.keyword.BuiltinKeywords.callTestCase(BuiltinKeywords.groovy:334)
	at sun.reflect.GeneratedMethodAccessor13.invoke(Unknown Source)
	at sun.reflect.DelegatingMethodAccessorImpl.invoke(DelegatingMethodAccessorImpl.java:43)
	at java.lang.reflect.Method.invoke(Method.java:498)
	at org.codehaus.groovy.reflection.CachedMethod.invoke(CachedMethod.java:93)
	at groovy.lang.MetaMethod.doMethodInvoke(MetaMethod.java:325)
	at groovy.lang.MetaClassImpl.invokeStaticMethod(MetaClassImpl.java:1469)
	at org.codehaus.groovy.runtime.callsite.StaticMetaClassSite.call(StaticMetaClassSite.java:53)
	at org.codehaus.groovy.runtime.callsite.CallSiteArray.defaultCall(CallSiteArray.java:48)
	at org.codehaus.groovy.runtime.callsite.AbstractCallSite.call(AbstractCallSite.java:113)
	at org.codehaus.groovy.runtime.callsite.AbstractCallSite.call(AbstractCallSite.java:141)
	at Script1536204625076.run(Script1536204625076.groovy:25)
	at com.kms.katalon.core.main.ScriptEngine.run(ScriptEngine.java:183)
	at com.kms.katalon.core.main.ScriptEngine.runScriptAsRawText(ScriptEngine.java:108)
	at com.kms.katalon.core.main.TestCaseExecutor.runScript(TestCaseExecutor.java:294)
	at com.kms.katalon.core.main.TestCaseExecutor.doExecute(TestCaseExecutor.java:285)
	at com.kms.katalon.core.main.TestCaseExecutor.processExecutionPhase(TestCaseExecutor.java:264)
	at com.kms.katalon.core.main.TestCaseExecutor.accessMainPhase(TestCaseExecutor.java:256)
	at com.kms.katalon.core.main.TestCaseExecutor.execute(TestCaseExecutor.java:200)
	at com.kms.katalon.core.main.TestSuiteExecutor.accessTestCaseMainPhase(TestSuiteExecutor.java:129)
	at com.kms.katalon.core.main.TestSuiteExecutor.accessTestSuiteMainPhase(TestSuiteExecutor.java:112)
	at com.kms.katalon.core.main.TestSuiteExecutor.execute(TestSuiteExecutor.java:81)
	at com.kms.katalon.core.main.TestCaseMain.startTestSuite(TestCaseMain.java:142)
	at com.kms.katalon.core.main.TestCaseMain$startTestSuite$0.call(Unknown Source)
	at org.codehaus.groovy.runtime.callsite.CallSiteArray.defaultCall(CallSiteArray.java:48)
	at org.codehaus.groovy.runtime.callsite.AbstractCallSite.call(AbstractCallSite.java:113)
	at org.codehaus.groovy.runtime.callsite.AbstractCallSite.call(AbstractCallSite.java:141)
	at TempTestSuite1539973930605.run(TempTestSuite1539973930605.groovy:36)
	at groovy.lang.GroovyShell.runScriptOrMainOrTestOrRunnable(GroovyShell.java:263)
	at groovy.lang.GroovyShell.run(GroovyShell.java:518)
	at groovy.lang.GroovyShell.run(GroovyShell.java:507)
	at groovy.ui.GroovyMain.processOnce(GroovyMain.java:653)
	at groovy.ui.GroovyMain.run(GroovyMain.java:384)
	at groovy.ui.GroovyMain.process(GroovyMain.java:370)
	at groovy.ui.GroovyMain.processArgs(GroovyMain.java:129)
	at groovy.ui.GroovyMain.main(GroovyMain.java:109)
	at sun.reflect.NativeMethodAccessorImpl.invoke0(Native Method)
	at sun.reflect.NativeMethodAccessorImpl.invoke(NativeMethodAccessorImpl.java:62)
	at sun.reflect.DelegatingMethodAccessorImpl.invoke(DelegatingMethodAccessorImpl.java:43)
	at java.lang.reflect.Method.invoke(Method.java:498)
	at org.codehaus.groovy.tools.GroovyStarter.rootLoader(GroovyStarter.java:109)
	at org.codehaus.groovy.tools.GroovyStarter.main(GroovyStarter.java:131)
)

2018-10-20 09:57:23 - [TEST_STEP][NOT_RUN] - callTestCase: NOT_RUN: callTestCase

2018-10-20 09:57:23 - [MESSAGE][NOT_RUN] - NOT_RUN: callTestCase

2018-10-20 09:57:23 - [TEST_STEP][PASSED] - delay: Delayed 1 second(s)

2018-10-20 09:57:24 - [MESSAGE][PASSED] - Delayed 1 second(s)

2018-10-20 09:57:24 - [TEST_STEP][PASSED] - navigateToUrl: Navigate to 'https://assist2-uat.perkeso.gov.my/c/portal/logout' successfully

2018-10-20 09:57:24 - [MESSAGE][PASSED] - Navigate to 'https://assist2-uat.perkeso.gov.my/c/portal/logout' successfully

2018-10-20 09:57:24 - [TEST_STEP][PASSED] - delay: Delayed 1 second(s)

2018-10-20 09:57:25 - [MESSAGE][PASSED] - Delayed 1 second(s)

2018-10-20 09:57:25 - [TEST_STEP][PASSED] - callTestCase: Call Test Case 'Test Cases/Final Aug 2018 - PKS Automation/Common/Reference Number Getter' successfully

2018-10-20 09:57:25 - [TEST_CASE][PASSED] - Test Cases/Final Aug 2018 - PKS Automation/Common/Reference Number Getter: Test Cases/Final Aug 2018 - PKS Automation/Common/Reference Number Getter

2018-10-20 09:57:25 - [TEST_STEP][PASSED] - Statement - Try: null

2018-10-20 09:57:25 - [TEST_STEP][PASSED] - Statement - RefNo = new java.io.File(C://KatalonReference.txt): null

2018-10-20 09:57:25 - [TEST_STEP][PASSED] - Statement - bufferread = new java.io.BufferedReader(new java.io.FileReader(RefNo)): null

2018-10-20 09:57:25 - [TEST_STEP][PASSED] - Statement - readedVal = bufferread.readLine(): null

2018-10-20 09:57:25 - [TEST_STEP][PASSED] - Statement - out.println(CaseReferenceNo): null

2018-10-20 09:57:25 - [TEST_STEP][PASSED] - Statement - out.println(readedVal): null

2018-10-20 09:57:25 - [TEST_STEP][PASSED] - Statement - CaseReferenceNo = readedVal: null

2018-10-20 09:57:25 - [MESSAGE][PASSED] - Call Test Case 'Test Cases/Final Aug 2018 - PKS Automation/Common/Reference Number Getter' successfully

2018-10-20 09:57:25 - [TEST_STEP][FAILED] - callTestCase: Unable to call Test Case with id 'Test Cases/Final Aug 2018 - PKS Automation/Common/Workflow Owner Finder' (Root cause: Call Test Case 'Test Cases/Final Aug 2018 - PKS Automation/Common/Workflow Owner Finder' failed)

2018-10-20 09:57:25 - [TEST_CASE][FAILED] - Test Cases/Final Aug 2018 - PKS Automation/Common/Workflow Owner Finder: Test Cases/Final Aug 2018 - PKS Automation/Common/Workflow Owner Finder FAILED because (of) (Stack trace: com.kms.katalon.core.exception.StepFailedException: Unable to click on object 'Object Repository/Final Object Repo/Landing Page/Select to English' (Root cause: com.kms.katalon.core.webui.exception.WebElementNotFoundException: Web element with id: 'Object Repository/Final Object Repo/Landing Page/Select to English' located by 'By.xpath: //a[@class = 'taglib-language-list-text' and @lang = 'en-US' and (contains(text(), 'EN') or contains(., 'EN'))]' not found)
	at com.kms.katalon.core.keyword.internal.KeywordMain.stepFailed(KeywordMain.groovy:32)
	at com.kms.katalon.core.webui.keyword.internal.WebUIKeywordMain.stepFailed(WebUIKeywordMain.groovy:65)
	at com.kms.katalon.core.webui.keyword.internal.WebUIKeywordMain.runKeyword(WebUIKeywordMain.groovy:27)
	at com.kms.katalon.core.webui.keyword.builtin.ClickKeyword.click(ClickKeyword.groovy:86)
	at com.kms.katalon.core.webui.keyword.builtin.ClickKeyword.execute(ClickKeyword.groovy:67)
	at com.kms.katalon.core.keyword.internal.KeywordExecutor.executeKeywordForPlatform(KeywordExecutor.groovy:53)
	at com.kms.katalon.core.webui.keyword.WebUiBuiltInKeywords.click(WebUiBuiltInKeywords.groovy:604)
	at com.kms.katalon.core.webui.keyword.WebUiBuiltInKeywords$click$8.call(Unknown Source)
	at Script1534407542420.run(Script1534407542420.groovy:57)
	at com.kms.katalon.core.main.ScriptEngine.run(ScriptEngine.java:183)
	at com.kms.katalon.core.main.ScriptEngine.runScriptAsRawText(ScriptEngine.java:108)
	at com.kms.katalon.core.main.TestCaseExecutor.runScript(TestCaseExecutor.java:294)
	at com.kms.katalon.core.main.TestCaseExecutor.doExecute(TestCaseExecutor.java:285)
	at com.kms.katalon.core.main.TestCaseExecutor.processExecutionPhase(TestCaseExecutor.java:264)
	at com.kms.katalon.core.main.TestCaseExecutor.accessMainPhase(TestCaseExecutor.java:256)
	at com.kms.katalon.core.main.TestCaseExecutor.execute(TestCaseExecutor.java:200)
	at com.kms.katalon.core.main.TestCaseMain.runTestCase(TestCaseMain.java:99)
	at com.kms.katalon.core.keyword.builtin.CallTestCaseKeyword$_callTestCase_closure1.doCall(CallTestCaseKeyword.groovy:60)
	at com.kms.katalon.core.keyword.builtin.CallTestCaseKeyword$_callTestCase_closure1.call(CallTestCaseKeyword.groovy)
	at com.kms.katalon.core.keyword.internal.KeywordMain.runKeyword(KeywordMain.groovy:54)
	at com.kms.katalon.core.keyword.builtin.CallTestCaseKeyword.callTestCase(CallTestCaseKeyword.groovy:81)
	at com.kms.katalon.core.keyword.builtin.CallTestCaseKeyword.execute(CallTestCaseKeyword.groovy:45)
	at com.kms.katalon.core.keyword.internal.KeywordExecutor.executeKeywordForPlatform(KeywordExecutor.groovy:53)
	at com.kms.katalon.core.keyword.BuiltinKeywords.callTestCase(BuiltinKeywords.groovy:334)
	at sun.reflect.GeneratedMethodAccessor13.invoke(Unknown Source)
	at sun.reflect.DelegatingMethodAccessorImpl.invoke(DelegatingMethodAccessorImpl.java:43)
	at java.lang.reflect.Method.invoke(Method.java:498)
	at org.codehaus.groovy.reflection.CachedMethod.invoke(CachedMethod.java:93)
	at groovy.lang.MetaMethod.doMethodInvoke(MetaMethod.java:325)
	at groovy.lang.MetaClassImpl.invokeStaticMethod(MetaClassImpl.java:1469)
	at org.codehaus.groovy.runtime.callsite.StaticMetaClassSite.call(StaticMetaClassSite.java:53)
	at org.codehaus.groovy.runtime.callsite.AbstractCallSite.call(AbstractCallSite.java:141)
	at Script1536044453581.run(Script1536044453581.groovy:34)
	at com.kms.katalon.core.main.ScriptEngine.run(ScriptEngine.java:183)
	at com.kms.katalon.core.main.ScriptEngine.runScriptAsRawText(ScriptEngine.java:108)
	at com.kms.katalon.core.main.TestCaseExecutor.runScript(TestCaseExecutor.java:294)
	at com.kms.katalon.core.main.TestCaseExecutor.doExecute(TestCaseExecutor.java:285)
	at com.kms.katalon.core.main.TestCaseExecutor.processExecutionPhase(TestCaseExecutor.java:264)
	at com.kms.katalon.core.main.TestCaseExecutor.accessMainPhase(TestCaseExecutor.java:256)
	at com.kms.katalon.core.main.TestCaseExecutor.execute(TestCaseExecutor.java:200)
	at com.kms.katalon.core.main.TestCaseMain.runTestCase(TestCaseMain.java:99)
	at com.kms.katalon.core.keyword.builtin.CallTestCaseKeyword$_callTestCase_closure1.doCall(CallTestCaseKeyword.groovy:60)
	at com.kms.katalon.core.keyword.builtin.CallTestCaseKeyword$_callTestCase_closure1.call(CallTestCaseKeyword.groovy)
	at com.kms.katalon.core.keyword.internal.KeywordMain.runKeyword(KeywordMain.groovy:54)
	at com.kms.katalon.core.keyword.builtin.CallTestCaseKeyword.callTestCase(CallTestCaseKeyword.groovy:81)
	at com.kms.katalon.core.keyword.builtin.CallTestCaseKeyword.execute(CallTestCaseKeyword.groovy:45)
	at com.kms.katalon.core.keyword.internal.KeywordExecutor.executeKeywordForPlatform(KeywordExecutor.groovy:53)
	at com.kms.katalon.core.keyword.BuiltinKeywords.callTestCase(BuiltinKeywords.groovy:334)
	at sun.reflect.GeneratedMethodAccessor13.invoke(Unknown Source)
	at sun.reflect.DelegatingMethodAccessorImpl.invoke(DelegatingMethodAccessorImpl.java:43)
	at java.lang.reflect.Method.invoke(Method.java:498)
	at org.codehaus.groovy.reflection.CachedMethod.invoke(CachedMethod.java:93)
	at groovy.lang.MetaMethod.doMethodInvoke(MetaMethod.java:325)
	at groovy.lang.MetaClassImpl.invokeStaticMethod(MetaClassImpl.java:1469)
	at org.codehaus.groovy.runtime.callsite.StaticMetaClassSite.call(StaticMetaClassSite.java:53)
	at org.codehaus.groovy.runtime.callsite.CallSiteArray.defaultCall(CallSiteArray.java:48)
	at org.codehaus.groovy.runtime.callsite.AbstractCallSite.call(AbstractCallSite.java:113)
	at org.codehaus.groovy.runtime.callsite.AbstractCallSite.call(AbstractCallSite.java:141)
	at Script1536204625076.run(Script1536204625076.groovy:25)
	at com.kms.katalon.core.main.ScriptEngine.run(ScriptEngine.java:183)
	at com.kms.katalon.core.main.ScriptEngine.runScriptAsRawText(ScriptEngine.java:108)
	at com.kms.katalon.core.main.TestCaseExecutor.runScript(TestCaseExecutor.java:294)
	at com.kms.katalon.core.main.TestCaseExecutor.doExecute(TestCaseExecutor.java:285)
	at com.kms.katalon.core.main.TestCaseExecutor.processExecutionPhase(TestCaseExecutor.java:264)
	at com.kms.katalon.core.main.TestCaseExecutor.accessMainPhase(TestCaseExecutor.java:256)
	at com.kms.katalon.core.main.TestCaseExecutor.execute(TestCaseExecutor.java:200)
	at com.kms.katalon.core.main.TestSuiteExecutor.accessTestCaseMainPhase(TestSuiteExecutor.java:129)
	at com.kms.katalon.core.main.TestSuiteExecutor.accessTestSuiteMainPhase(TestSuiteExecutor.java:112)
	at com.kms.katalon.core.main.TestSuiteExecutor.execute(TestSuiteExecutor.java:81)
	at com.kms.katalon.core.main.TestCaseMain.startTestSuite(TestCaseMain.java:142)
	at com.kms.katalon.core.main.TestCaseMain$startTestSuite$0.call(Unknown Source)
	at org.codehaus.groovy.runtime.callsite.CallSiteArray.defaultCall(CallSiteArray.java:48)
	at org.codehaus.groovy.runtime.callsite.AbstractCallSite.call(AbstractCallSite.java:113)
	at org.codehaus.groovy.runtime.callsite.AbstractCallSite.call(AbstractCallSite.java:141)
	at TempTestSuite1539973930605.run(TempTestSuite1539973930605.groovy:36)
	at groovy.lang.GroovyShell.runScriptOrMainOrTestOrRunnable(GroovyShell.java:263)
	at groovy.lang.GroovyShell.run(GroovyShell.java:518)
	at groovy.lang.GroovyShell.run(GroovyShell.java:507)
	at groovy.ui.GroovyMain.processOnce(GroovyMain.java:653)
	at groovy.ui.GroovyMain.run(GroovyMain.java:384)
	at groovy.ui.GroovyMain.process(GroovyMain.java:370)
	at groovy.ui.GroovyMain.processArgs(GroovyMain.java:129)
	at groovy.ui.GroovyMain.main(GroovyMain.java:109)
	at sun.reflect.NativeMethodAccessorImpl.invoke0(Native Method)
	at sun.reflect.NativeMethodAccessorImpl.invoke(NativeMethodAccessorImpl.java:62)
	at sun.reflect.DelegatingMethodAccessorImpl.invoke(DelegatingMethodAccessorImpl.java:43)
	at java.lang.reflect.Method.invoke(Method.java:498)
	at org.codehaus.groovy.tools.GroovyStarter.rootLoader(GroovyStarter.java:109)
	at org.codehaus.groovy.tools.GroovyStarter.main(GroovyStarter.java:131)
)

2018-10-20 09:57:25 - [TEST_STEP][PASSED] - openBrowser: Browser is opened with url: ''

2018-10-20 09:57:25 - [MESSAGE][WARNING] - A browser is already opened. Closing browser and opening a new one

2018-10-20 09:57:29 - [MESSAGE][PASSED] - Browser is opened with url: ''

2018-10-20 09:57:29 - [TEST_STEP][PASSED] - navigateToUrl: Navigate to 'https://assist2-uat.perkeso.gov.my/login' successfully

2018-10-20 09:57:34 - [MESSAGE][PASSED] - Navigate to 'https://assist2-uat.perkeso.gov.my/login' successfully

2018-10-20 09:57:34 - [TEST_STEP][PASSED] - delay: Delayed 5 second(s)

2018-10-20 09:57:39 - [MESSAGE][PASSED] - Delayed 5 second(s)

2018-10-20 09:57:39 - [TEST_STEP][PASSED] - setText: Text 'test@liferay.com' is set on object 'Object Repository/Final Object Repo/Login Page/Internal User/Email Address'

2018-10-20 09:57:39 - [MESSAGE][PASSED] - Text 'test@liferay.com' is set on object 'Object Repository/Final Object Repo/Login Page/Internal User/Email Address'

2018-10-20 09:57:39 - [TEST_STEP][PASSED] - click: Object: 'Object Repository/Final Object Repo/Login Page/Internal User/Next Button' is clicked on

2018-10-20 09:57:39 - [MESSAGE][PASSED] - Object: 'Object Repository/Final Object Repo/Login Page/Internal User/Next Button' is clicked on

2018-10-20 09:57:39 - [TEST_STEP][PASSED] - delay: Delayed 2 second(s)

2018-10-20 09:57:41 - [MESSAGE][PASSED] - Delayed 2 second(s)

2018-10-20 09:57:41 - [TEST_STEP][PASSED] - setText: Text 'test' is set on object 'Object Repository/Final Object Repo/Login Page/Internal User/Password'

2018-10-20 09:57:41 - [MESSAGE][PASSED] - Text 'test' is set on object 'Object Repository/Final Object Repo/Login Page/Internal User/Password'

2018-10-20 09:57:41 - [TEST_STEP][PASSED] - delay: Delayed 2 second(s)

2018-10-20 09:57:43 - [MESSAGE][PASSED] - Delayed 2 second(s)

2018-10-20 09:57:43 - [TEST_STEP][PASSED] - click: Object: 'Object Repository/Final Object Repo/Login Page/Internal User/Login Button' is clicked on

2018-10-20 09:57:44 - [MESSAGE][PASSED] - Object: 'Object Repository/Final Object Repo/Login Page/Internal User/Login Button' is clicked on

2018-10-20 09:57:44 - [TEST_STEP][FAILED] - Statement - Try: Delayed 2 second(s)

2018-10-20 09:57:44 - [TEST_STEP][PASSED] - Statement - Checker = false: null

2018-10-20 09:57:44 - [TEST_STEP][PASSED] - Statement - Checker = com.kms.katalon.core.webui.keyword.WebUiBuiltInKeywords.verifyElementHasAttribute(com.kms.katalon.core.testobject.ObjectRepository.findTestObject(Final Object Repo/Landing Page/BM Detecting), "href", 20, OPTIONAL): Unable to verify if object 'Object Repository/Final Object Repo/Landing Page/BM Detecting' has attribute 'href' (Root cause: org.openqa.selenium.StaleElementReferenceException: stale element reference: element is not attached to the page document
  (Session info: chrome=69.0.3497.100)
  (Driver info: chromedriver=2.35.528161 (5b82f2d2aae0ca24b877009200ced9065a772e73),platform=Windows NT 6.1.7601 SP1 x86_64) (WARNING: The server did not provide any stacktrace information)
Command duration or timeout: 0 milliseconds
For documentation on this error, please visit: http://seleniumhq.org/exceptions/stale_element_reference.html
Build info: version: '3.7.1', revision: '8a0099a', time: '2017-11-06T21:07:36.161Z'
System info: host: 'WEIZHENG', ip: '192.168.137.1', os.name: 'Windows 7', os.arch: 'amd64', os.version: '6.1', java.version: '1.8.0_181'
Driver info: com.kms.katalon.selenium.driver.CChromeDriver
Capabilities {acceptInsecureCerts: false, acceptSslCerts: false, applicationCacheEnabled: false, browserConnectionEnabled: false, browserName: chrome, chrome: {chromedriverVersion: 2.35.528161 (5b82f2d2aae0ca..., userDataDir: C:\Users\WEIZHE~1\AppData\L...}, cssSelectorsEnabled: true, databaseEnabled: false, handlesAlerts: true, hasTouchScreen: false, javascriptEnabled: true, locationContextEnabled: true, mobileEmulationEnabled: false, nativeEvents: true, networkConnectionEnabled: false, pageLoadStrategy: normal, platform: XP, platformName: XP, rotatable: false, setWindowRect: true, takesHeapSnapshot: true, takesScreenshot: true, unexpectedAlertBehaviour: , unhandledPromptBehavior: , version: 69.0.3497.100, webStorageEnabled: true}
Session ID: ae7ba33ef47fcc3e3787c1d06ff9f604)

2018-10-20 09:57:47 - [MESSAGE][WARNING] - Unable to verify if object 'Object Repository/Final Object Repo/Landing Page/BM Detecting' has attribute 'href' (Root cause: org.openqa.selenium.StaleElementReferenceException: stale element reference: element is not attached to the page document
  (Session info: chrome=69.0.3497.100)
  (Driver info: chromedriver=2.35.528161 (5b82f2d2aae0ca24b877009200ced9065a772e73),platform=Windows NT 6.1.7601 SP1 x86_64) (WARNING: The server did not provide any stacktrace information)
Command duration or timeout: 0 milliseconds
For documentation on this error, please visit: http://seleniumhq.org/exceptions/stale_element_reference.html
Build info: version: '3.7.1', revision: '8a0099a', time: '2017-11-06T21:07:36.161Z'
System info: host: 'WEIZHENG', ip: '192.168.137.1', os.name: 'Windows 7', os.arch: 'amd64', os.version: '6.1', java.version: '1.8.0_181'
Driver info: com.kms.katalon.selenium.driver.CChromeDriver
Capabilities {acceptInsecureCerts: false, acceptSslCerts: false, applicationCacheEnabled: false, browserConnectionEnabled: false, browserName: chrome, chrome: {chromedriverVersion: 2.35.528161 (5b82f2d2aae0ca..., userDataDir: C:\Users\WEIZHE~1\AppData\L...}, cssSelectorsEnabled: true, databaseEnabled: false, handlesAlerts: true, hasTouchScreen: false, javascriptEnabled: true, locationContextEnabled: true, mobileEmulationEnabled: false, nativeEvents: true, networkConnectionEnabled: false, pageLoadStrategy: normal, platform: XP, platformName: XP, rotatable: false, setWindowRect: true, takesHeapSnapshot: true, takesScreenshot: true, unexpectedAlertBehaviour: , unhandledPromptBehavior: , version: 69.0.3497.100, webStorageEnabled: true}
Session ID: ae7ba33ef47fcc3e3787c1d06ff9f604)
[[ATTACHMENT|C:\\Users\\LENOVO\\Katalon Studio\\Perkeso Phase A\\Reports\\Workflow\\Form 3 EIS - Cessation as Employer\\20181020_023210\\1540000667340.png]]

2018-10-20 09:57:47 - [TEST_STEP][PASSED] - Statement - out.println(Checker): null

2018-10-20 09:57:47 - [TEST_STEP][FAILED] - Statement - If (Checker == false): Unable to click on object 'Object Repository/Final Object Repo/Landing Page/Select to English' (Root cause: com.kms.katalon.core.webui.exception.WebElementNotFoundException: Web element with id: 'Object Repository/Final Object Repo/Landing Page/Select to English' located by 'By.xpath: //a[@class = 'taglib-language-list-text' and @lang = 'en-US' and (contains(text(), 'EN') or contains(., 'EN'))]' not found)

2018-10-20 09:57:47 - [TEST_STEP][FAILED] - click: Unable to click on object 'Object Repository/Final Object Repo/Landing Page/Select to English' (Root cause: com.kms.katalon.core.webui.exception.WebElementNotFoundException: Web element with id: 'Object Repository/Final Object Repo/Landing Page/Select to English' located by 'By.xpath: //a[@class = 'taglib-language-list-text' and @lang = 'en-US' and (contains(text(), 'EN') or contains(., 'EN'))]' not found)

2018-10-20 10:00:05 - [MESSAGE][FAILED] - Unable to click on object 'Object Repository/Final Object Repo/Landing Page/Select to English' (Root cause: com.kms.katalon.core.webui.exception.WebElementNotFoundException: Web element with id: 'Object Repository/Final Object Repo/Landing Page/Select to English' located by 'By.xpath: //a[@class = 'taglib-language-list-text' and @lang = 'en-US' and (contains(text(), 'EN') or contains(., 'EN'))]' not found)
[[ATTACHMENT|C:\\Users\\LENOVO\\Katalon Studio\\Perkeso Phase A\\Reports\\Workflow\\Form 3 EIS - Cessation as Employer\\20181020_023210\\1540000804802.png]]

2018-10-20 10:00:05 - [TEST_STEP][PASSED] - delay: Delayed 2 second(s)

2018-10-20 10:00:07 - [MESSAGE][PASSED] - Delayed 2 second(s)

2018-10-20 10:00:07 - [TEST_STEP][PASSED] - delay: Delayed 3 second(s)

2018-10-20 10:00:10 - [MESSAGE][PASSED] - Delayed 3 second(s)

2018-10-20 10:00:10 - [TEST_STEP][PASSED] - click: Object: 'Object Repository/Final Object Repo/Landing Page/WorkFlow Menu' is clicked on

2018-10-20 10:00:10 - [MESSAGE][PASSED] - Object: 'Object Repository/Final Object Repo/Landing Page/WorkFlow Menu' is clicked on

2018-10-20 10:00:10 - [TEST_STEP][PASSED] - delay: Delayed 2 second(s)

2018-10-20 10:00:12 - [MESSAGE][PASSED] - Delayed 2 second(s)

2018-10-20 10:00:12 - [TEST_STEP][FAILED] - click: Unable to click on object 'Object Repository/Final Object Repo/Landing Page/Select to Workflow Listing' (Root cause: org.openqa.selenium.ElementNotVisibleException: element not visible
  (Session info: chrome=69.0.3497.100)
  (Driver info: chromedriver=2.35.528161 (5b82f2d2aae0ca24b877009200ced9065a772e73),platform=Windows NT 6.1.7601 SP1 x86_64) (WARNING: The server did not provide any stacktrace information)
Command duration or timeout: 0 milliseconds
Build info: version: '3.7.1', revision: '8a0099a', time: '2017-11-06T21:07:36.161Z'
System info: host: 'WEIZHENG', ip: '192.168.137.1', os.name: 'Windows 7', os.arch: 'amd64', os.version: '6.1', java.version: '1.8.0_181'
Driver info: com.kms.katalon.selenium.driver.CChromeDriver
Capabilities {acceptInsecureCerts: false, acceptSslCerts: false, applicationCacheEnabled: false, browserConnectionEnabled: false, browserName: chrome, chrome: {chromedriverVersion: 2.35.528161 (5b82f2d2aae0ca..., userDataDir: C:\Users\WEIZHE~1\AppData\L...}, cssSelectorsEnabled: true, databaseEnabled: false, handlesAlerts: true, hasTouchScreen: false, javascriptEnabled: true, locationContextEnabled: true, mobileEmulationEnabled: false, nativeEvents: true, networkConnectionEnabled: false, pageLoadStrategy: normal, platform: XP, platformName: XP, rotatable: false, setWindowRect: true, takesHeapSnapshot: true, takesScreenshot: true, unexpectedAlertBehaviour: , unhandledPromptBehavior: , version: 69.0.3497.100, webStorageEnabled: true}
Session ID: ae7ba33ef47fcc3e3787c1d06ff9f604)

2018-10-20 10:00:12 - [MESSAGE][FAILED] - Unable to click on object 'Object Repository/Final Object Repo/Landing Page/Select to Workflow Listing' (Root cause: org.openqa.selenium.ElementNotVisibleException: element not visible
  (Session info: chrome=69.0.3497.100)
  (Driver info: chromedriver=2.35.528161 (5b82f2d2aae0ca24b877009200ced9065a772e73),platform=Windows NT 6.1.7601 SP1 x86_64) (WARNING: The server did not provide any stacktrace information)
Command duration or timeout: 0 milliseconds
Build info: version: '3.7.1', revision: '8a0099a', time: '2017-11-06T21:07:36.161Z'
System info: host: 'WEIZHENG', ip: '192.168.137.1', os.name: 'Windows 7', os.arch: 'amd64', os.version: '6.1', java.version: '1.8.0_181'
Driver info: com.kms.katalon.selenium.driver.CChromeDriver
Capabilities {acceptInsecureCerts: false, acceptSslCerts: false, applicationCacheEnabled: false, browserConnectionEnabled: false, browserName: chrome, chrome: {chromedriverVersion: 2.35.528161 (5b82f2d2aae0ca..., userDataDir: C:\Users\WEIZHE~1\AppData\L...}, cssSelectorsEnabled: true, databaseEnabled: false, handlesAlerts: true, hasTouchScreen: false, javascriptEnabled: true, locationContextEnabled: true, mobileEmulationEnabled: false, nativeEvents: true, networkConnectionEnabled: false, pageLoadStrategy: normal, platform: XP, platformName: XP, rotatable: false, setWindowRect: true, takesHeapSnapshot: true, takesScreenshot: true, unexpectedAlertBehaviour: , unhandledPromptBehavior: , version: 69.0.3497.100, webStorageEnabled: true}
Session ID: ae7ba33ef47fcc3e3787c1d06ff9f604)
[[ATTACHMENT|C:\\Users\\LENOVO\\Katalon Studio\\Perkeso Phase A\\Reports\\Workflow\\Form 3 EIS - Cessation as Employer\\20181020_023210\\1540000812368.png]]

2018-10-20 10:00:12 - [TEST_STEP][PASSED] - delay: Delayed 2 second(s)

2018-10-20 10:00:14 - [MESSAGE][PASSED] - Delayed 2 second(s)

2018-10-20 10:00:14 - [TEST_STEP][FAILED] - click: Unable to click on object 'Object Repository/Final Object Repo/WorkFlow Listing Page/Search Information - To Put Ref No' (Root cause: com.kms.katalon.core.webui.exception.WebElementNotFoundException: Web element with id: 'Object Repository/Final Object Repo/WorkFlow Listing Page/Search Information - To Put Ref No' located by 'By.xpath: //h2[@data-target = '#_workflowlisting_WAR_baseportlet_searchDiv' and (text() = 'Search Information' or . = 'Search Information')]' not found)

2018-10-20 10:02:24 - [MESSAGE][FAILED] - Unable to click on object 'Object Repository/Final Object Repo/WorkFlow Listing Page/Search Information - To Put Ref No' (Root cause: com.kms.katalon.core.webui.exception.WebElementNotFoundException: Web element with id: 'Object Repository/Final Object Repo/WorkFlow Listing Page/Search Information - To Put Ref No' located by 'By.xpath: //h2[@data-target = '#_workflowlisting_WAR_baseportlet_searchDiv' and (text() = 'Search Information' or . = 'Search Information')]' not found)
[[ATTACHMENT|C:\\Users\\LENOVO\\Katalon Studio\\Perkeso Phase A\\Reports\\Workflow\\Form 3 EIS - Cessation as Employer\\20181020_023210\\1540000944510.png]]

2018-10-20 10:02:24 - [TEST_STEP][PASSED] - delay: Delayed 2 second(s)

2018-10-20 10:02:26 - [MESSAGE][PASSED] - Delayed 2 second(s)

2018-10-20 10:02:26 - [TEST_STEP][PASSED] - callTestCase: Call Test Case 'Test Cases/Final Aug 2018 - PKS Automation/Common/Reference Number Getter' successfully

2018-10-20 10:02:26 - [TEST_CASE][PASSED] - Test Cases/Final Aug 2018 - PKS Automation/Common/Reference Number Getter: Test Cases/Final Aug 2018 - PKS Automation/Common/Reference Number Getter

2018-10-20 10:02:26 - [TEST_STEP][PASSED] - Statement - Try: null

2018-10-20 10:02:26 - [TEST_STEP][PASSED] - Statement - RefNo = new java.io.File(C://KatalonReference.txt): null

2018-10-20 10:02:26 - [TEST_STEP][PASSED] - Statement - bufferread = new java.io.BufferedReader(new java.io.FileReader(RefNo)): null

2018-10-20 10:02:26 - [TEST_STEP][PASSED] - Statement - readedVal = bufferread.readLine(): null

2018-10-20 10:02:26 - [TEST_STEP][PASSED] - Statement - out.println(CaseReferenceNo): null

2018-10-20 10:02:26 - [TEST_STEP][PASSED] - Statement - out.println(readedVal): null

2018-10-20 10:02:26 - [TEST_STEP][PASSED] - Statement - CaseReferenceNo = readedVal: null

2018-10-20 10:02:26 - [MESSAGE][PASSED] - Call Test Case 'Test Cases/Final Aug 2018 - PKS Automation/Common/Reference Number Getter' successfully

2018-10-20 10:02:26 - [TEST_STEP][FAILED] - setText: Unable to set text 'ERN102018C200002185' of object 'Object Repository/Final Object Repo/WorkFlow Listing Page/Ref No Set Text' (Root cause: com.kms.katalon.core.webui.exception.WebElementNotFoundException: Web element with id: 'Object Repository/Final Object Repo/WorkFlow Listing Page/Ref No Set Text' located by 'By.xpath: //input[@id = '_workflowlisting_WAR_baseportlet_dto.trxReferenceNum' and @name = '_workflowlisting_WAR_baseportlet_dto.trxReferenceNum' and @type = 'text']' not found)

2018-10-20 10:04:37 - [MESSAGE][FAILED] - Unable to set text 'ERN102018C200002185' of object 'Object Repository/Final Object Repo/WorkFlow Listing Page/Ref No Set Text' (Root cause: com.kms.katalon.core.webui.exception.WebElementNotFoundException: Web element with id: 'Object Repository/Final Object Repo/WorkFlow Listing Page/Ref No Set Text' located by 'By.xpath: //input[@id = '_workflowlisting_WAR_baseportlet_dto.trxReferenceNum' and @name = '_workflowlisting_WAR_baseportlet_dto.trxReferenceNum' and @type = 'text']' not found)
[[ATTACHMENT|C:\\Users\\LENOVO\\Katalon Studio\\Perkeso Phase A\\Reports\\Workflow\\Form 3 EIS - Cessation as Employer\\20181020_023210\\1540001076984.png]]

2018-10-20 10:04:37 - [TEST_STEP][PASSED] - delay: Delayed 2 second(s)

2018-10-20 10:04:39 - [MESSAGE][PASSED] - Delayed 2 second(s)

2018-10-20 10:04:39 - [TEST_STEP][FAILED] - click: Unable to click on object 'Object Repository/Final Object Repo/WorkFlow Listing Page/Search Ref No Search Button' (Root cause: org.openqa.selenium.ElementNotVisibleException: element not visible
  (Session info: chrome=69.0.3497.100)
  (Driver info: chromedriver=2.35.528161 (5b82f2d2aae0ca24b877009200ced9065a772e73),platform=Windows NT 6.1.7601 SP1 x86_64) (WARNING: The server did not provide any stacktrace information)
Command duration or timeout: 0 milliseconds
Build info: version: '3.7.1', revision: '8a0099a', time: '2017-11-06T21:07:36.161Z'
System info: host: 'WEIZHENG', ip: '192.168.137.1', os.name: 'Windows 7', os.arch: 'amd64', os.version: '6.1', java.version: '1.8.0_181'
Driver info: com.kms.katalon.selenium.driver.CChromeDriver
Capabilities {acceptInsecureCerts: false, acceptSslCerts: false, applicationCacheEnabled: false, browserConnectionEnabled: false, browserName: chrome, chrome: {chromedriverVersion: 2.35.528161 (5b82f2d2aae0ca..., userDataDir: C:\Users\WEIZHE~1\AppData\L...}, cssSelectorsEnabled: true, databaseEnabled: false, handlesAlerts: true, hasTouchScreen: false, javascriptEnabled: true, locationContextEnabled: true, mobileEmulationEnabled: false, nativeEvents: true, networkConnectionEnabled: false, pageLoadStrategy: normal, platform: XP, platformName: XP, rotatable: false, setWindowRect: true, takesHeapSnapshot: true, takesScreenshot: true, unexpectedAlertBehaviour: , unhandledPromptBehavior: , version: 69.0.3497.100, webStorageEnabled: true}
Session ID: ae7ba33ef47fcc3e3787c1d06ff9f604)

2018-10-20 10:04:39 - [MESSAGE][FAILED] - Unable to click on object 'Object Repository/Final Object Repo/WorkFlow Listing Page/Search Ref No Search Button' (Root cause: org.openqa.selenium.ElementNotVisibleException: element not visible
  (Session info: chrome=69.0.3497.100)
  (Driver info: chromedriver=2.35.528161 (5b82f2d2aae0ca24b877009200ced9065a772e73),platform=Windows NT 6.1.7601 SP1 x86_64) (WARNING: The server did not provide any stacktrace information)
Command duration or timeout: 0 milliseconds
Build info: version: '3.7.1', revision: '8a0099a', time: '2017-11-06T21:07:36.161Z'
System info: host: 'WEIZHENG', ip: '192.168.137.1', os.name: 'Windows 7', os.arch: 'amd64', os.version: '6.1', java.version: '1.8.0_181'
Driver info: com.kms.katalon.selenium.driver.CChromeDriver
Capabilities {acceptInsecureCerts: false, acceptSslCerts: false, applicationCacheEnabled: false, browserConnectionEnabled: false, browserName: chrome, chrome: {chromedriverVersion: 2.35.528161 (5b82f2d2aae0ca..., userDataDir: C:\Users\WEIZHE~1\AppData\L...}, cssSelectorsEnabled: true, databaseEnabled: false, handlesAlerts: true, hasTouchScreen: false, javascriptEnabled: true, locationContextEnabled: true, mobileEmulationEnabled: false, nativeEvents: true, networkConnectionEnabled: false, pageLoadStrategy: normal, platform: XP, platformName: XP, rotatable: false, setWindowRect: true, takesHeapSnapshot: true, takesScreenshot: true, unexpectedAlertBehaviour: , unhandledPromptBehavior: , version: 69.0.3497.100, webStorageEnabled: true}
Session ID: ae7ba33ef47fcc3e3787c1d06ff9f604)
[[ATTACHMENT|C:\\Users\\LENOVO\\Katalon Studio\\Perkeso Phase A\\Reports\\Workflow\\Form 3 EIS - Cessation as Employer\\20181020_023210\\1540001079414.png]]

2018-10-20 10:04:39 - [TEST_STEP][PASSED] - delay: Delayed 4 second(s)

2018-10-20 10:04:43 - [MESSAGE][PASSED] - Delayed 4 second(s)

2018-10-20 10:04:43 - [TEST_STEP][PASSED] - click: Object: 'Object Repository/Final Object Repo/WorkFlow Listing Page/Click Continue Tooltip' is clicked on

2018-10-20 10:04:45 - [MESSAGE][PASSED] - Object: 'Object Repository/Final Object Repo/WorkFlow Listing Page/Click Continue Tooltip' is clicked on

2018-10-20 10:04:45 - [TEST_STEP][PASSED] - delay: Delayed 5 second(s)

2018-10-20 10:04:50 - [MESSAGE][PASSED] - Delayed 5 second(s)

2018-10-20 10:04:50 - [TEST_STEP][FAILED] - doubleClick: Unable to double click on object 'Object Repository/Final Object Repo/WorkFlow Listing Page/Workflow Found - Listing 1' (Root cause: com.kms.katalon.core.webui.exception.WebElementNotFoundException: Web element with id: 'Object Repository/Final Object Repo/WorkFlow Listing Page/Workflow Found - Listing 1' located by 'By.xpath: //body/div/div/div/div/div/div/div/div/div/div/div/div/div/div/div/div/table/tbody/tr/td[@class='table-cell  first']/following-sibling::td[1]' not found)

2018-10-20 10:07:00 - [MESSAGE][FAILED] - Unable to double click on object 'Object Repository/Final Object Repo/WorkFlow Listing Page/Workflow Found - Listing 1' (Root cause: com.kms.katalon.core.webui.exception.WebElementNotFoundException: Web element with id: 'Object Repository/Final Object Repo/WorkFlow Listing Page/Workflow Found - Listing 1' located by 'By.xpath: //body/div/div/div/div/div/div/div/div/div/div/div/div/div/div/div/div/table/tbody/tr/td[@class='table-cell  first']/following-sibling::td[1]' not found)
[[ATTACHMENT|C:\\Users\\LENOVO\\Katalon Studio\\Perkeso Phase A\\Reports\\Workflow\\Form 3 EIS - Cessation as Employer\\20181020_023210\\1540001220085.png]]

2018-10-20 10:07:00 - [MESSAGE][FAILED] - Unable to call Test Case with id 'Test Cases/Final Aug 2018 - PKS Automation/Common/Workflow Owner Finder' (Root cause: Call Test Case 'Test Cases/Final Aug 2018 - PKS Automation/Common/Workflow Owner Finder' failed)

2018-10-20 10:07:00 - [MESSAGE][FAILED] - Unable to call Test Case with id 'Test Cases/Final Aug 2018 - PKS Automation/Registration Module/Workflow/Form 3 EIS - Cessation As Employer/Template/Form 3 A - Cessation As Employer (Reject)' (Root cause: Call Test Case 'Test Cases/Final Aug 2018 - PKS Automation/Registration Module/Workflow/Form 3 EIS - Cessation As Employer/Template/Form 3 A - Cessation As Employer (Reject)' failed)]]></system-out>
         <system-err><![CDATA[2018-10-20 09:56:23 - [TEST_CASE][FAILED] - Test Cases/Final Aug 2018 - PKS Automation/Registration Module/Workflow/Form 3 EIS - Cessation As Employer/PKRBO to UO (Reject): Test Cases/Final Aug 2018 - PKS Automation/Registration Module/Workflow/Form 3 EIS - Cessation As Employer/PKRBO to UO (Reject) FAILED because (of) (Stack trace: com.kms.katalon.core.exception.StepFailedException: Unable to click on object 'Object Repository/Final Object Repo/Landing Page/Select to English' (Root cause: com.kms.katalon.core.webui.exception.WebElementNotFoundException: Web element with id: 'Object Repository/Final Object Repo/Landing Page/Select to English' located by 'By.xpath: //a[@class = 'taglib-language-list-text' and @lang = 'en-US' and (contains(text(), 'EN') or contains(., 'EN'))]' not found)
	at com.kms.katalon.core.keyword.internal.KeywordMain.stepFailed(KeywordMain.groovy:32)
	at com.kms.katalon.core.webui.keyword.internal.WebUIKeywordMain.stepFailed(WebUIKeywordMain.groovy:65)
	at com.kms.katalon.core.webui.keyword.internal.WebUIKeywordMain.runKeyword(WebUIKeywordMain.groovy:27)
	at com.kms.katalon.core.webui.keyword.builtin.ClickKeyword.click(ClickKeyword.groovy:86)
	at com.kms.katalon.core.webui.keyword.builtin.ClickKeyword.execute(ClickKeyword.groovy:67)
	at com.kms.katalon.core.keyword.internal.KeywordExecutor.executeKeywordForPlatform(KeywordExecutor.groovy:53)
	at com.kms.katalon.core.webui.keyword.WebUiBuiltInKeywords.click(WebUiBuiltInKeywords.groovy:604)
	at com.kms.katalon.core.webui.keyword.WebUiBuiltInKeywords$click$8.call(Unknown Source)
	at Script1534407542420.run(Script1534407542420.groovy:57)
	at com.kms.katalon.core.main.ScriptEngine.run(ScriptEngine.java:183)
	at com.kms.katalon.core.main.ScriptEngine.runScriptAsRawText(ScriptEngine.java:108)
	at com.kms.katalon.core.main.TestCaseExecutor.runScript(TestCaseExecutor.java:294)
	at com.kms.katalon.core.main.TestCaseExecutor.doExecute(TestCaseExecutor.java:285)
	at com.kms.katalon.core.main.TestCaseExecutor.processExecutionPhase(TestCaseExecutor.java:264)
	at com.kms.katalon.core.main.TestCaseExecutor.accessMainPhase(TestCaseExecutor.java:256)
	at com.kms.katalon.core.main.TestCaseExecutor.execute(TestCaseExecutor.java:200)
	at com.kms.katalon.core.main.TestCaseMain.runTestCase(TestCaseMain.java:99)
	at com.kms.katalon.core.keyword.builtin.CallTestCaseKeyword$_callTestCase_closure1.doCall(CallTestCaseKeyword.groovy:60)
	at com.kms.katalon.core.keyword.builtin.CallTestCaseKeyword$_callTestCase_closure1.call(CallTestCaseKeyword.groovy)
	at com.kms.katalon.core.keyword.internal.KeywordMain.runKeyword(KeywordMain.groovy:54)
	at com.kms.katalon.core.keyword.builtin.CallTestCaseKeyword.callTestCase(CallTestCaseKeyword.groovy:81)
	at com.kms.katalon.core.keyword.builtin.CallTestCaseKeyword.execute(CallTestCaseKeyword.groovy:45)
	at com.kms.katalon.core.keyword.internal.KeywordExecutor.executeKeywordForPlatform(KeywordExecutor.groovy:53)
	at com.kms.katalon.core.keyword.BuiltinKeywords.callTestCase(BuiltinKeywords.groovy:334)
	at sun.reflect.GeneratedMethodAccessor13.invoke(Unknown Source)
	at sun.reflect.DelegatingMethodAccessorImpl.invoke(DelegatingMethodAccessorImpl.java:43)
	at java.lang.reflect.Method.invoke(Method.java:498)
	at org.codehaus.groovy.reflection.CachedMethod.invoke(CachedMethod.java:93)
	at groovy.lang.MetaMethod.doMethodInvoke(MetaMethod.java:325)
	at groovy.lang.MetaClassImpl.invokeStaticMethod(MetaClassImpl.java:1469)
	at org.codehaus.groovy.runtime.callsite.StaticMetaClassSite.call(StaticMetaClassSite.java:53)
	at org.codehaus.groovy.runtime.callsite.AbstractCallSite.call(AbstractCallSite.java:141)
	at Script1536044453581.run(Script1536044453581.groovy:34)
	at com.kms.katalon.core.main.ScriptEngine.run(ScriptEngine.java:183)
	at com.kms.katalon.core.main.ScriptEngine.runScriptAsRawText(ScriptEngine.java:108)
	at com.kms.katalon.core.main.TestCaseExecutor.runScript(TestCaseExecutor.java:294)
	at com.kms.katalon.core.main.TestCaseExecutor.doExecute(TestCaseExecutor.java:285)
	at com.kms.katalon.core.main.TestCaseExecutor.processExecutionPhase(TestCaseExecutor.java:264)
	at com.kms.katalon.core.main.TestCaseExecutor.accessMainPhase(TestCaseExecutor.java:256)
	at com.kms.katalon.core.main.TestCaseExecutor.execute(TestCaseExecutor.java:200)
	at com.kms.katalon.core.main.TestCaseMain.runTestCase(TestCaseMain.java:99)
	at com.kms.katalon.core.keyword.builtin.CallTestCaseKeyword$_callTestCase_closure1.doCall(CallTestCaseKeyword.groovy:60)
	at com.kms.katalon.core.keyword.builtin.CallTestCaseKeyword$_callTestCase_closure1.call(CallTestCaseKeyword.groovy)
	at com.kms.katalon.core.keyword.internal.KeywordMain.runKeyword(KeywordMain.groovy:54)
	at com.kms.katalon.core.keyword.builtin.CallTestCaseKeyword.callTestCase(CallTestCaseKeyword.groovy:81)
	at com.kms.katalon.core.keyword.builtin.CallTestCaseKeyword.execute(CallTestCaseKeyword.groovy:45)
	at com.kms.katalon.core.keyword.internal.KeywordExecutor.executeKeywordForPlatform(KeywordExecutor.groovy:53)
	at com.kms.katalon.core.keyword.BuiltinKeywords.callTestCase(BuiltinKeywords.groovy:334)
	at sun.reflect.GeneratedMethodAccessor13.invoke(Unknown Source)
	at sun.reflect.DelegatingMethodAccessorImpl.invoke(DelegatingMethodAccessorImpl.java:43)
	at java.lang.reflect.Method.invoke(Method.java:498)
	at org.codehaus.groovy.reflection.CachedMethod.invoke(CachedMethod.java:93)
	at groovy.lang.MetaMethod.doMethodInvoke(MetaMethod.java:325)
	at groovy.lang.MetaClassImpl.invokeStaticMethod(MetaClassImpl.java:1469)
	at org.codehaus.groovy.runtime.callsite.StaticMetaClassSite.call(StaticMetaClassSite.java:53)
	at org.codehaus.groovy.runtime.callsite.CallSiteArray.defaultCall(CallSiteArray.java:48)
	at org.codehaus.groovy.runtime.callsite.AbstractCallSite.call(AbstractCallSite.java:113)
	at org.codehaus.groovy.runtime.callsite.AbstractCallSite.call(AbstractCallSite.java:141)
	at Script1536204625076.run(Script1536204625076.groovy:25)
	at com.kms.katalon.core.main.ScriptEngine.run(ScriptEngine.java:183)
	at com.kms.katalon.core.main.ScriptEngine.runScriptAsRawText(ScriptEngine.java:108)
	at com.kms.katalon.core.main.TestCaseExecutor.runScript(TestCaseExecutor.java:294)
	at com.kms.katalon.core.main.TestCaseExecutor.doExecute(TestCaseExecutor.java:285)
	at com.kms.katalon.core.main.TestCaseExecutor.processExecutionPhase(TestCaseExecutor.java:264)
	at com.kms.katalon.core.main.TestCaseExecutor.accessMainPhase(TestCaseExecutor.java:256)
	at com.kms.katalon.core.main.TestCaseExecutor.execute(TestCaseExecutor.java:200)
	at com.kms.katalon.core.main.TestSuiteExecutor.accessTestCaseMainPhase(TestSuiteExecutor.java:129)
	at com.kms.katalon.core.main.TestSuiteExecutor.accessTestSuiteMainPhase(TestSuiteExecutor.java:112)
	at com.kms.katalon.core.main.TestSuiteExecutor.execute(TestSuiteExecutor.java:81)
	at com.kms.katalon.core.main.TestCaseMain.startTestSuite(TestCaseMain.java:142)
	at com.kms.katalon.core.main.TestCaseMain$startTestSuite$0.call(Unknown Source)
	at org.codehaus.groovy.runtime.callsite.CallSiteArray.defaultCall(CallSiteArray.java:48)
	at org.codehaus.groovy.runtime.callsite.AbstractCallSite.call(AbstractCallSite.java:113)
	at org.codehaus.groovy.runtime.callsite.AbstractCallSite.call(AbstractCallSite.java:141)
	at TempTestSuite1539973930605.run(TempTestSuite1539973930605.groovy:36)
	at groovy.lang.GroovyShell.runScriptOrMainOrTestOrRunnable(GroovyShell.java:263)
	at groovy.lang.GroovyShell.run(GroovyShell.java:518)
	at groovy.lang.GroovyShell.run(GroovyShell.java:507)
	at groovy.ui.GroovyMain.processOnce(GroovyMain.java:653)
	at groovy.ui.GroovyMain.run(GroovyMain.java:384)
	at groovy.ui.GroovyMain.process(GroovyMain.java:370)
	at groovy.ui.GroovyMain.processArgs(GroovyMain.java:129)
	at groovy.ui.GroovyMain.main(GroovyMain.java:109)
	at sun.reflect.NativeMethodAccessorImpl.invoke0(Native Method)
	at sun.reflect.NativeMethodAccessorImpl.invoke(NativeMethodAccessorImpl.java:62)
	at sun.reflect.DelegatingMethodAccessorImpl.invoke(DelegatingMethodAccessorImpl.java:43)
	at java.lang.reflect.Method.invoke(Method.java:498)
	at org.codehaus.groovy.tools.GroovyStarter.rootLoader(GroovyStarter.java:109)
	at org.codehaus.groovy.tools.GroovyStarter.main(GroovyStarter.java:131)
)]]></system-err>
      </testcase>
      <testcase name="Test Cases/Final Aug 2018 - PKS Automation/Registration Module/Workflow/Form 3 EIS - Cessation As Employer/PKRBO to UO (Under enforcement)" classname="Test Cases/Final Aug 2018 - PKS Automation/Registration Module/Workflow/Form 3 EIS - Cessation As Employer/PKRBO to UO (Under enforcement)" status="FAILED">
         <failure type="FAILED" message="(Stack trace: com.kms.katalon.core.exception.StepFailedException: Unable to click on object 'Object Repository/Final Object Repo/Landing Page/Select to English' (Root cause: com.kms.katalon.core.webui.exception.WebElementNotFoundException: Web element with id: 'Object Repository/Final Object Repo/Landing Page/Select to English' located by 'By.xpath: //a[@class = 'taglib-language-list-text' and @lang = 'en-US' and (contains(text(), 'EN') or contains(., 'EN'))]' not found)
	at com.kms.katalon.core.keyword.internal.KeywordMain.stepFailed(KeywordMain.groovy:32)
	at com.kms.katalon.core.webui.keyword.internal.WebUIKeywordMain.stepFailed(WebUIKeywordMain.groovy:65)
	at com.kms.katalon.core.webui.keyword.internal.WebUIKeywordMain.runKeyword(WebUIKeywordMain.groovy:27)
	at com.kms.katalon.core.webui.keyword.builtin.ClickKeyword.click(ClickKeyword.groovy:86)
	at com.kms.katalon.core.webui.keyword.builtin.ClickKeyword.execute(ClickKeyword.groovy:67)
	at com.kms.katalon.core.keyword.internal.KeywordExecutor.executeKeywordForPlatform(KeywordExecutor.groovy:53)
	at com.kms.katalon.core.webui.keyword.WebUiBuiltInKeywords.click(WebUiBuiltInKeywords.groovy:604)
	at com.kms.katalon.core.webui.keyword.WebUiBuiltInKeywords$click$8.call(Unknown Source)
	at Script1534407542420.run(Script1534407542420.groovy:57)
	at com.kms.katalon.core.main.ScriptEngine.run(ScriptEngine.java:183)
	at com.kms.katalon.core.main.ScriptEngine.runScriptAsRawText(ScriptEngine.java:108)
	at com.kms.katalon.core.main.TestCaseExecutor.runScript(TestCaseExecutor.java:294)
	at com.kms.katalon.core.main.TestCaseExecutor.doExecute(TestCaseExecutor.java:285)
	at com.kms.katalon.core.main.TestCaseExecutor.processExecutionPhase(TestCaseExecutor.java:264)
	at com.kms.katalon.core.main.TestCaseExecutor.accessMainPhase(TestCaseExecutor.java:256)
	at com.kms.katalon.core.main.TestCaseExecutor.execute(TestCaseExecutor.java:200)
	at com.kms.katalon.core.main.TestCaseMain.runTestCase(TestCaseMain.java:99)
	at com.kms.katalon.core.keyword.builtin.CallTestCaseKeyword$_callTestCase_closure1.doCall(CallTestCaseKeyword.groovy:60)
	at com.kms.katalon.core.keyword.builtin.CallTestCaseKeyword$_callTestCase_closure1.call(CallTestCaseKeyword.groovy)
	at com.kms.katalon.core.keyword.internal.KeywordMain.runKeyword(KeywordMain.groovy:54)
	at com.kms.katalon.core.keyword.builtin.CallTestCaseKeyword.callTestCase(CallTestCaseKeyword.groovy:81)
	at com.kms.katalon.core.keyword.builtin.CallTestCaseKeyword.execute(CallTestCaseKeyword.groovy:45)
	at com.kms.katalon.core.keyword.internal.KeywordExecutor.executeKeywordForPlatform(KeywordExecutor.groovy:53)
	at com.kms.katalon.core.keyword.BuiltinKeywords.callTestCase(BuiltinKeywords.groovy:334)
	at sun.reflect.GeneratedMethodAccessor13.invoke(Unknown Source)
	at sun.reflect.DelegatingMethodAccessorImpl.invoke(DelegatingMethodAccessorImpl.java:43)
	at java.lang.reflect.Method.invoke(Method.java:498)
	at org.codehaus.groovy.reflection.CachedMethod.invoke(CachedMethod.java:93)
	at groovy.lang.MetaMethod.doMethodInvoke(MetaMethod.java:325)
	at groovy.lang.MetaClassImpl.invokeStaticMethod(MetaClassImpl.java:1469)
	at org.codehaus.groovy.runtime.callsite.StaticMetaClassSite.call(StaticMetaClassSite.java:53)
	at org.codehaus.groovy.runtime.callsite.AbstractCallSite.call(AbstractCallSite.java:141)
	at Script1536113546450.run(Script1536113546450.groovy:34)
	at com.kms.katalon.core.main.ScriptEngine.run(ScriptEngine.java:183)
	at com.kms.katalon.core.main.ScriptEngine.runScriptAsRawText(ScriptEngine.java:108)
	at com.kms.katalon.core.main.TestCaseExecutor.runScript(TestCaseExecutor.java:294)
	at com.kms.katalon.core.main.TestCaseExecutor.doExecute(TestCaseExecutor.java:285)
	at com.kms.katalon.core.main.TestCaseExecutor.processExecutionPhase(TestCaseExecutor.java:264)
	at com.kms.katalon.core.main.TestCaseExecutor.accessMainPhase(TestCaseExecutor.java:256)
	at com.kms.katalon.core.main.TestCaseExecutor.execute(TestCaseExecutor.java:200)
	at com.kms.katalon.core.main.TestCaseMain.runTestCase(TestCaseMain.java:99)
	at com.kms.katalon.core.keyword.builtin.CallTestCaseKeyword$_callTestCase_closure1.doCall(CallTestCaseKeyword.groovy:60)
	at com.kms.katalon.core.keyword.builtin.CallTestCaseKeyword$_callTestCase_closure1.call(CallTestCaseKeyword.groovy)
	at com.kms.katalon.core.keyword.internal.KeywordMain.runKeyword(KeywordMain.groovy:54)
	at com.kms.katalon.core.keyword.builtin.CallTestCaseKeyword.callTestCase(CallTestCaseKeyword.groovy:81)
	at com.kms.katalon.core.keyword.builtin.CallTestCaseKeyword.execute(CallTestCaseKeyword.groovy:45)
	at com.kms.katalon.core.keyword.internal.KeywordExecutor.executeKeywordForPlatform(KeywordExecutor.groovy:53)
	at com.kms.katalon.core.keyword.BuiltinKeywords.callTestCase(BuiltinKeywords.groovy:334)
	at sun.reflect.GeneratedMethodAccessor13.invoke(Unknown Source)
	at sun.reflect.DelegatingMethodAccessorImpl.invoke(DelegatingMethodAccessorImpl.java:43)
	at java.lang.reflect.Method.invoke(Method.java:498)
	at org.codehaus.groovy.reflection.CachedMethod.invoke(CachedMethod.java:93)
	at groovy.lang.MetaMethod.doMethodInvoke(MetaMethod.java:325)
	at groovy.lang.MetaClassImpl.invokeStaticMethod(MetaClassImpl.java:1469)
	at org.codehaus.groovy.runtime.callsite.StaticMetaClassSite.call(StaticMetaClassSite.java:53)
	at org.codehaus.groovy.runtime.callsite.CallSiteArray.defaultCall(CallSiteArray.java:48)
	at org.codehaus.groovy.runtime.callsite.AbstractCallSite.call(AbstractCallSite.java:113)
	at org.codehaus.groovy.runtime.callsite.AbstractCallSite.call(AbstractCallSite.java:141)
	at Script1536204639269.run(Script1536204639269.groovy:25)
	at com.kms.katalon.core.main.ScriptEngine.run(ScriptEngine.java:183)
	at com.kms.katalon.core.main.ScriptEngine.runScriptAsRawText(ScriptEngine.java:108)
	at com.kms.katalon.core.main.TestCaseExecutor.runScript(TestCaseExecutor.java:294)
	at com.kms.katalon.core.main.TestCaseExecutor.doExecute(TestCaseExecutor.java:285)
	at com.kms.katalon.core.main.TestCaseExecutor.processExecutionPhase(TestCaseExecutor.java:264)
	at com.kms.katalon.core.main.TestCaseExecutor.accessMainPhase(TestCaseExecutor.java:256)
	at com.kms.katalon.core.main.TestCaseExecutor.execute(TestCaseExecutor.java:200)
	at com.kms.katalon.core.main.TestSuiteExecutor.accessTestCaseMainPhase(TestSuiteExecutor.java:129)
	at com.kms.katalon.core.main.TestSuiteExecutor.accessTestSuiteMainPhase(TestSuiteExecutor.java:112)
	at com.kms.katalon.core.main.TestSuiteExecutor.execute(TestSuiteExecutor.java:81)
	at com.kms.katalon.core.main.TestCaseMain.startTestSuite(TestCaseMain.java:142)
	at com.kms.katalon.core.main.TestCaseMain$startTestSuite$0.call(Unknown Source)
	at org.codehaus.groovy.runtime.callsite.CallSiteArray.defaultCall(CallSiteArray.java:48)
	at org.codehaus.groovy.runtime.callsite.AbstractCallSite.call(AbstractCallSite.java:113)
	at org.codehaus.groovy.runtime.callsite.AbstractCallSite.call(AbstractCallSite.java:141)
	at TempTestSuite1539973930605.run(TempTestSuite1539973930605.groovy:36)
	at groovy.lang.GroovyShell.runScriptOrMainOrTestOrRunnable(GroovyShell.java:263)
	at groovy.lang.GroovyShell.run(GroovyShell.java:518)
	at groovy.lang.GroovyShell.run(GroovyShell.java:507)
	at groovy.ui.GroovyMain.processOnce(GroovyMain.java:653)
	at groovy.ui.GroovyMain.run(GroovyMain.java:384)
	at groovy.ui.GroovyMain.process(GroovyMain.java:370)
	at groovy.ui.GroovyMain.processArgs(GroovyMain.java:129)
	at groovy.ui.GroovyMain.main(GroovyMain.java:109)
	at sun.reflect.NativeMethodAccessorImpl.invoke0(Native Method)
	at sun.reflect.NativeMethodAccessorImpl.invoke(NativeMethodAccessorImpl.java:62)
	at sun.reflect.DelegatingMethodAccessorImpl.invoke(DelegatingMethodAccessorImpl.java:43)
	at java.lang.reflect.Method.invoke(Method.java:498)
	at org.codehaus.groovy.tools.GroovyStarter.rootLoader(GroovyStarter.java:109)
	at org.codehaus.groovy.tools.GroovyStarter.main(GroovyStarter.java:131)
)"/>
         <system-out><![CDATA[2018-10-20 10:07:00 - [TEST_CASE][FAILED] - Test Cases/Final Aug 2018 - PKS Automation/Registration Module/Workflow/Form 3 EIS - Cessation As Employer/PKRBO to UO (Under enforcement): Test Cases/Final Aug 2018 - PKS Automation/Registration Module/Workflow/Form 3 EIS - Cessation As Employer/PKRBO to UO (Under enforcement) FAILED because (of) (Stack trace: com.kms.katalon.core.exception.StepFailedException: Unable to click on object 'Object Repository/Final Object Repo/Landing Page/Select to English' (Root cause: com.kms.katalon.core.webui.exception.WebElementNotFoundException: Web element with id: 'Object Repository/Final Object Repo/Landing Page/Select to English' located by 'By.xpath: //a[@class = 'taglib-language-list-text' and @lang = 'en-US' and (contains(text(), 'EN') or contains(., 'EN'))]' not found)
	at com.kms.katalon.core.keyword.internal.KeywordMain.stepFailed(KeywordMain.groovy:32)
	at com.kms.katalon.core.webui.keyword.internal.WebUIKeywordMain.stepFailed(WebUIKeywordMain.groovy:65)
	at com.kms.katalon.core.webui.keyword.internal.WebUIKeywordMain.runKeyword(WebUIKeywordMain.groovy:27)
	at com.kms.katalon.core.webui.keyword.builtin.ClickKeyword.click(ClickKeyword.groovy:86)
	at com.kms.katalon.core.webui.keyword.builtin.ClickKeyword.execute(ClickKeyword.groovy:67)
	at com.kms.katalon.core.keyword.internal.KeywordExecutor.executeKeywordForPlatform(KeywordExecutor.groovy:53)
	at com.kms.katalon.core.webui.keyword.WebUiBuiltInKeywords.click(WebUiBuiltInKeywords.groovy:604)
	at com.kms.katalon.core.webui.keyword.WebUiBuiltInKeywords$click$8.call(Unknown Source)
	at Script1534407542420.run(Script1534407542420.groovy:57)
	at com.kms.katalon.core.main.ScriptEngine.run(ScriptEngine.java:183)
	at com.kms.katalon.core.main.ScriptEngine.runScriptAsRawText(ScriptEngine.java:108)
	at com.kms.katalon.core.main.TestCaseExecutor.runScript(TestCaseExecutor.java:294)
	at com.kms.katalon.core.main.TestCaseExecutor.doExecute(TestCaseExecutor.java:285)
	at com.kms.katalon.core.main.TestCaseExecutor.processExecutionPhase(TestCaseExecutor.java:264)
	at com.kms.katalon.core.main.TestCaseExecutor.accessMainPhase(TestCaseExecutor.java:256)
	at com.kms.katalon.core.main.TestCaseExecutor.execute(TestCaseExecutor.java:200)
	at com.kms.katalon.core.main.TestCaseMain.runTestCase(TestCaseMain.java:99)
	at com.kms.katalon.core.keyword.builtin.CallTestCaseKeyword$_callTestCase_closure1.doCall(CallTestCaseKeyword.groovy:60)
	at com.kms.katalon.core.keyword.builtin.CallTestCaseKeyword$_callTestCase_closure1.call(CallTestCaseKeyword.groovy)
	at com.kms.katalon.core.keyword.internal.KeywordMain.runKeyword(KeywordMain.groovy:54)
	at com.kms.katalon.core.keyword.builtin.CallTestCaseKeyword.callTestCase(CallTestCaseKeyword.groovy:81)
	at com.kms.katalon.core.keyword.builtin.CallTestCaseKeyword.execute(CallTestCaseKeyword.groovy:45)
	at com.kms.katalon.core.keyword.internal.KeywordExecutor.executeKeywordForPlatform(KeywordExecutor.groovy:53)
	at com.kms.katalon.core.keyword.BuiltinKeywords.callTestCase(BuiltinKeywords.groovy:334)
	at sun.reflect.GeneratedMethodAccessor13.invoke(Unknown Source)
	at sun.reflect.DelegatingMethodAccessorImpl.invoke(DelegatingMethodAccessorImpl.java:43)
	at java.lang.reflect.Method.invoke(Method.java:498)
	at org.codehaus.groovy.reflection.CachedMethod.invoke(CachedMethod.java:93)
	at groovy.lang.MetaMethod.doMethodInvoke(MetaMethod.java:325)
	at groovy.lang.MetaClassImpl.invokeStaticMethod(MetaClassImpl.java:1469)
	at org.codehaus.groovy.runtime.callsite.StaticMetaClassSite.call(StaticMetaClassSite.java:53)
	at org.codehaus.groovy.runtime.callsite.AbstractCallSite.call(AbstractCallSite.java:141)
	at Script1536113546450.run(Script1536113546450.groovy:34)
	at com.kms.katalon.core.main.ScriptEngine.run(ScriptEngine.java:183)
	at com.kms.katalon.core.main.ScriptEngine.runScriptAsRawText(ScriptEngine.java:108)
	at com.kms.katalon.core.main.TestCaseExecutor.runScript(TestCaseExecutor.java:294)
	at com.kms.katalon.core.main.TestCaseExecutor.doExecute(TestCaseExecutor.java:285)
	at com.kms.katalon.core.main.TestCaseExecutor.processExecutionPhase(TestCaseExecutor.java:264)
	at com.kms.katalon.core.main.TestCaseExecutor.accessMainPhase(TestCaseExecutor.java:256)
	at com.kms.katalon.core.main.TestCaseExecutor.execute(TestCaseExecutor.java:200)
	at com.kms.katalon.core.main.TestCaseMain.runTestCase(TestCaseMain.java:99)
	at com.kms.katalon.core.keyword.builtin.CallTestCaseKeyword$_callTestCase_closure1.doCall(CallTestCaseKeyword.groovy:60)
	at com.kms.katalon.core.keyword.builtin.CallTestCaseKeyword$_callTestCase_closure1.call(CallTestCaseKeyword.groovy)
	at com.kms.katalon.core.keyword.internal.KeywordMain.runKeyword(KeywordMain.groovy:54)
	at com.kms.katalon.core.keyword.builtin.CallTestCaseKeyword.callTestCase(CallTestCaseKeyword.groovy:81)
	at com.kms.katalon.core.keyword.builtin.CallTestCaseKeyword.execute(CallTestCaseKeyword.groovy:45)
	at com.kms.katalon.core.keyword.internal.KeywordExecutor.executeKeywordForPlatform(KeywordExecutor.groovy:53)
	at com.kms.katalon.core.keyword.BuiltinKeywords.callTestCase(BuiltinKeywords.groovy:334)
	at sun.reflect.GeneratedMethodAccessor13.invoke(Unknown Source)
	at sun.reflect.DelegatingMethodAccessorImpl.invoke(DelegatingMethodAccessorImpl.java:43)
	at java.lang.reflect.Method.invoke(Method.java:498)
	at org.codehaus.groovy.reflection.CachedMethod.invoke(CachedMethod.java:93)
	at groovy.lang.MetaMethod.doMethodInvoke(MetaMethod.java:325)
	at groovy.lang.MetaClassImpl.invokeStaticMethod(MetaClassImpl.java:1469)
	at org.codehaus.groovy.runtime.callsite.StaticMetaClassSite.call(StaticMetaClassSite.java:53)
	at org.codehaus.groovy.runtime.callsite.CallSiteArray.defaultCall(CallSiteArray.java:48)
	at org.codehaus.groovy.runtime.callsite.AbstractCallSite.call(AbstractCallSite.java:113)
	at org.codehaus.groovy.runtime.callsite.AbstractCallSite.call(AbstractCallSite.java:141)
	at Script1536204639269.run(Script1536204639269.groovy:25)
	at com.kms.katalon.core.main.ScriptEngine.run(ScriptEngine.java:183)
	at com.kms.katalon.core.main.ScriptEngine.runScriptAsRawText(ScriptEngine.java:108)
	at com.kms.katalon.core.main.TestCaseExecutor.runScript(TestCaseExecutor.java:294)
	at com.kms.katalon.core.main.TestCaseExecutor.doExecute(TestCaseExecutor.java:285)
	at com.kms.katalon.core.main.TestCaseExecutor.processExecutionPhase(TestCaseExecutor.java:264)
	at com.kms.katalon.core.main.TestCaseExecutor.accessMainPhase(TestCaseExecutor.java:256)
	at com.kms.katalon.core.main.TestCaseExecutor.execute(TestCaseExecutor.java:200)
	at com.kms.katalon.core.main.TestSuiteExecutor.accessTestCaseMainPhase(TestSuiteExecutor.java:129)
	at com.kms.katalon.core.main.TestSuiteExecutor.accessTestSuiteMainPhase(TestSuiteExecutor.java:112)
	at com.kms.katalon.core.main.TestSuiteExecutor.execute(TestSuiteExecutor.java:81)
	at com.kms.katalon.core.main.TestCaseMain.startTestSuite(TestCaseMain.java:142)
	at com.kms.katalon.core.main.TestCaseMain$startTestSuite$0.call(Unknown Source)
	at org.codehaus.groovy.runtime.callsite.CallSiteArray.defaultCall(CallSiteArray.java:48)
	at org.codehaus.groovy.runtime.callsite.AbstractCallSite.call(AbstractCallSite.java:113)
	at org.codehaus.groovy.runtime.callsite.AbstractCallSite.call(AbstractCallSite.java:141)
	at TempTestSuite1539973930605.run(TempTestSuite1539973930605.groovy:36)
	at groovy.lang.GroovyShell.runScriptOrMainOrTestOrRunnable(GroovyShell.java:263)
	at groovy.lang.GroovyShell.run(GroovyShell.java:518)
	at groovy.lang.GroovyShell.run(GroovyShell.java:507)
	at groovy.ui.GroovyMain.processOnce(GroovyMain.java:653)
	at groovy.ui.GroovyMain.run(GroovyMain.java:384)
	at groovy.ui.GroovyMain.process(GroovyMain.java:370)
	at groovy.ui.GroovyMain.processArgs(GroovyMain.java:129)
	at groovy.ui.GroovyMain.main(GroovyMain.java:109)
	at sun.reflect.NativeMethodAccessorImpl.invoke0(Native Method)
	at sun.reflect.NativeMethodAccessorImpl.invoke(NativeMethodAccessorImpl.java:62)
	at sun.reflect.DelegatingMethodAccessorImpl.invoke(DelegatingMethodAccessorImpl.java:43)
	at java.lang.reflect.Method.invoke(Method.java:498)
	at org.codehaus.groovy.tools.GroovyStarter.rootLoader(GroovyStarter.java:109)
	at org.codehaus.groovy.tools.GroovyStarter.main(GroovyStarter.java:131)
)

2018-10-20 10:07:00 - [TEST_STEP][PASSED] - callTestCase: Call Test Case 'Test Cases/Final Aug 2018 - PKS Automation/Registration Module/Workflow/Form 3 EIS - Cessation As Employer/Template/Form 3 A - Cessation As Employer (PKRBO)' successfully

2018-10-20 10:07:00 - [TEST_CASE][PASSED] - Test Cases/Final Aug 2018 - PKS Automation/Registration Module/Workflow/Form 3 EIS - Cessation As Employer/Template/Form 3 A - Cessation As Employer (PKRBO): Test Cases/Final Aug 2018 - PKS Automation/Registration Module/Workflow/Form 3 EIS - Cessation As Employer/Template/Form 3 A - Cessation As Employer (PKRBO)

2018-10-20 10:07:00 - [TEST_STEP][PASSED] - openBrowser: Browser is opened with url: ''

2018-10-20 10:07:00 - [MESSAGE][WARNING] - A browser is already opened. Closing browser and opening a new one

2018-10-20 10:07:04 - [MESSAGE][PASSED] - Browser is opened with url: ''

2018-10-20 10:07:04 - [TEST_STEP][PASSED] - navigateToUrl: Navigate to 'https://assist2-uat.perkeso.gov.my/login' successfully

2018-10-20 10:07:13 - [MESSAGE][PASSED] - Navigate to 'https://assist2-uat.perkeso.gov.my/login' successfully

2018-10-20 10:07:13 - [TEST_STEP][PASSED] - setText: Text 'johorpkrbo1@gmail.com' is set on object 'Object Repository/Final Object Repo/Login Page/Internal User/Email Address'

2018-10-20 10:07:13 - [MESSAGE][PASSED] - Text 'johorpkrbo1@gmail.com' is set on object 'Object Repository/Final Object Repo/Login Page/Internal User/Email Address'

2018-10-20 10:07:13 - [TEST_STEP][PASSED] - click: Object: 'Object Repository/Final Object Repo/Login Page/Internal User/Next Button' is clicked on

2018-10-20 10:07:13 - [MESSAGE][PASSED] - Object: 'Object Repository/Final Object Repo/Login Page/Internal User/Next Button' is clicked on

2018-10-20 10:07:13 - [TEST_STEP][PASSED] - delay: Delayed 1 second(s)

2018-10-20 10:07:14 - [MESSAGE][PASSED] - Delayed 1 second(s)

2018-10-20 10:07:14 - [TEST_STEP][PASSED] - setEncryptedText: Text ****** has been set on object 'Object Repository/Final Object Repo/Login Page/Internal User/Password'

2018-10-20 10:07:15 - [MESSAGE][PASSED] - Text ****** has been set on object 'Object Repository/Final Object Repo/Login Page/Internal User/Password'

2018-10-20 10:07:15 - [TEST_STEP][PASSED] - click: Object: 'Object Repository/Final Object Repo/Login Page/Internal User/Login Button' is clicked on

2018-10-20 10:07:15 - [MESSAGE][PASSED] - Object: 'Object Repository/Final Object Repo/Login Page/Internal User/Login Button' is clicked on

2018-10-20 10:07:15 - [TEST_STEP][PASSED] - delay: Delayed 1 second(s)

2018-10-20 10:07:16 - [MESSAGE][PASSED] - Delayed 1 second(s)

2018-10-20 10:07:16 - [TEST_STEP][PASSED] - Statement - Try: Delayed 2 second(s)

2018-10-20 10:07:16 - [TEST_STEP][PASSED] - Statement - Checker = false: null

2018-10-20 10:07:16 - [TEST_STEP][PASSED] - Statement - Checker = com.kms.katalon.core.webui.keyword.WebUiBuiltInKeywords.verifyElementHasAttribute(com.kms.katalon.core.testobject.ObjectRepository.findTestObject(Final Object Repo/Landing Page/BM Detecting), "href", 20, OPTIONAL): Object 'Object Repository/Final Object Repo/Landing Page/BM Detecting' has attribute 'href'

2018-10-20 10:07:18 - [MESSAGE][PASSED] - Object 'Object Repository/Final Object Repo/Landing Page/BM Detecting' has attribute 'href'

2018-10-20 10:07:18 - [TEST_STEP][PASSED] - Statement - out.println(Checker): null

2018-10-20 10:07:18 - [TEST_STEP][PASSED] - Statement - If (Checker == false): null

2018-10-20 10:07:18 - [TEST_STEP][PASSED] - Statement - Else: null

2018-10-20 10:07:18 - [TEST_STEP][PASSED] - delay: Delayed 2 second(s)

2018-10-20 10:07:20 - [MESSAGE][PASSED] - Delayed 2 second(s)

2018-10-20 10:07:20 - [TEST_STEP][PASSED] - navigateToUrl: Navigate to 'https://assist2-uat.perkeso.gov.my/web/registration/eis-update/form-3-eis-cessation-as-employer' successfully

2018-10-20 10:07:21 - [MESSAGE][PASSED] - Navigate to 'https://assist2-uat.perkeso.gov.my/web/registration/eis-update/form-3-eis-cessation-as-employer' successfully

2018-10-20 10:07:21 - [TEST_STEP][PASSED] - delay: Delayed 1 second(s)

2018-10-20 10:07:22 - [MESSAGE][PASSED] - Delayed 1 second(s)

2018-10-20 10:07:22 - [TEST_STEP][PASSED] - setText: Text 'E1102069769W' is set on object 'Object Repository/Final Object Repo/Page_Form 3 EIS - Cessation as Employer/Employer Code'

2018-10-20 10:07:22 - [MESSAGE][PASSED] - Text 'E1102069769W' is set on object 'Object Repository/Final Object Repo/Page_Form 3 EIS - Cessation as Employer/Employer Code'

2018-10-20 10:07:22 - [TEST_STEP][PASSED] - click: Object: 'Object Repository/Final Object Repo/Page_Form 3 EIS - Cessation as Employer/Search' is clicked on

2018-10-20 10:07:22 - [MESSAGE][PASSED] - Object: 'Object Repository/Final Object Repo/Page_Form 3 EIS - Cessation as Employer/Search' is clicked on

2018-10-20 10:07:22 - [TEST_STEP][PASSED] - click: Object: 'Object Repository/Final Object Repo/Page_Form 3 EIS - Cessation as Employer/Edit' is clicked on

2018-10-20 10:07:25 - [MESSAGE][PASSED] - Object: 'Object Repository/Final Object Repo/Page_Form 3 EIS - Cessation as Employer/Edit' is clicked on

2018-10-20 10:07:25 - [TEST_STEP][PASSED] - delay: Delayed 1 second(s)

2018-10-20 10:07:26 - [MESSAGE][PASSED] - Delayed 1 second(s)

2018-10-20 10:07:26 - [TEST_STEP][PASSED] - Statement - abc = com.kms.katalon.core.webui.keyword.WebUiBuiltInKeywords.getAttribute(com.kms.katalon.core.testobject.ObjectRepository.findTestObject(Final Object Repo/Page_Form 3 EIS - Cessation as Employer/Employer Status), "value"): Attribute 'value' of object 'Object Repository/Final Object Repo/Page_Form 3 EIS - Cessation as Employer/Employer Status' is: 'Active'

2018-10-20 10:07:26 - [MESSAGE][PASSED] - Attribute 'value' of object 'Object Repository/Final Object Repo/Page_Form 3 EIS - Cessation as Employer/Employer Status' is: 'Active'

2018-10-20 10:07:26 - [TEST_STEP][PASSED] - Statement - out.println(abc): null

2018-10-20 10:07:26 - [TEST_STEP][PASSED] - Statement - If (abc == "Active"): Object: 'Object Repository/Final Object Repo/Page_Form 3 EIS - Cessation as Employer/Dormant EIS' is clicked on

2018-10-20 10:07:26 - [TEST_STEP][PASSED] - click: Object: 'Object Repository/Final Object Repo/Page_Form 3 EIS - Cessation as Employer/Change Employer Status to' is clicked on

2018-10-20 10:07:26 - [MESSAGE][PASSED] - Object: 'Object Repository/Final Object Repo/Page_Form 3 EIS - Cessation as Employer/Change Employer Status to' is clicked on

2018-10-20 10:07:26 - [TEST_STEP][PASSED] - click: Object: 'Object Repository/Final Object Repo/Page_Form 3 EIS - Cessation as Employer/Dormant EIS' is clicked on

2018-10-20 10:07:26 - [MESSAGE][PASSED] - Object: 'Object Repository/Final Object Repo/Page_Form 3 EIS - Cessation as Employer/Dormant EIS' is clicked on

2018-10-20 10:07:26 - [TEST_STEP][PASSED] - click: Object: 'Object Repository/Final Object Repo/Page_Form 3 EIS - Cessation as Employer/Calender' is clicked on

2018-10-20 10:07:26 - [MESSAGE][PASSED] - Object: 'Object Repository/Final Object Repo/Page_Form 3 EIS - Cessation as Employer/Calender' is clicked on

2018-10-20 10:07:26 - [TEST_STEP][PASSED] - delay: Delayed 1 second(s)

2018-10-20 10:07:27 - [MESSAGE][PASSED] - Delayed 1 second(s)

2018-10-20 10:07:27 - [TEST_STEP][PASSED] - click: Object: 'Object Repository/Final Object Repo/Page_Form 3 EIS - Cessation as Employer/Calender - Date' is clicked on

2018-10-20 10:07:28 - [MESSAGE][PASSED] - Object: 'Object Repository/Final Object Repo/Page_Form 3 EIS - Cessation as Employer/Calender - Date' is clicked on

2018-10-20 10:07:28 - [TEST_STEP][PASSED] - click: Object: 'Object Repository/Final Object Repo/Page_Form 3 EIS - Cessation as Employer/Save  Continue in Form 3 EIS Page' is clicked on

2018-10-20 10:07:28 - [MESSAGE][PASSED] - Object: 'Object Repository/Final Object Repo/Page_Form 3 EIS - Cessation as Employer/Save  Continue in Form 3 EIS Page' is clicked on

2018-10-20 10:07:28 - [TEST_STEP][PASSED] - delay: Delayed 1 second(s)

2018-10-20 10:07:29 - [MESSAGE][PASSED] - Delayed 1 second(s)

2018-10-20 10:07:29 - [TEST_STEP][PASSED] - click: Object: 'Object Repository/Final Object Repo/Page_Form 3 EIS - Cessation as Employer/Employment Resign Date' is clicked on

2018-10-20 10:07:29 - [MESSAGE][PASSED] - Object: 'Object Repository/Final Object Repo/Page_Form 3 EIS - Cessation as Employer/Employment Resign Date' is clicked on

2018-10-20 10:07:29 - [TEST_STEP][PASSED] - selectOptionByValue: All options with value '2018' are selected in object 'Object Repository/Final Object Repo/Page_Form 3 EIS - Cessation as Employer/Employment Resign Date - Year' 

2018-10-20 10:07:30 - [MESSAGE][PASSED] - All options with value '2018' are selected in object 'Object Repository/Final Object Repo/Page_Form 3 EIS - Cessation as Employer/Employment Resign Date - Year' 

2018-10-20 10:07:30 - [TEST_STEP][PASSED] - delay: Delayed 2 second(s)

2018-10-20 10:07:32 - [MESSAGE][PASSED] - Delayed 2 second(s)

2018-10-20 10:07:32 - [TEST_STEP][PASSED] - click: Object: 'Object Repository/Final Object Repo/Page_Form 3 EIS - Cessation as Employer/Employment Resign Date - Year - Date' is clicked on

2018-10-20 10:07:32 - [MESSAGE][PASSED] - Object: 'Object Repository/Final Object Repo/Page_Form 3 EIS - Cessation as Employer/Employment Resign Date - Year - Date' is clicked on

2018-10-20 10:07:32 - [TEST_STEP][PASSED] - delay: Delayed 2 second(s)

2018-10-20 10:07:34 - [MESSAGE][PASSED] - Delayed 2 second(s)

2018-10-20 10:07:34 - [TEST_STEP][PASSED] - click: Object: 'Object Repository/Final Object Repo/Page_Form 3 EIS - Cessation as Employer/Save  Continue in Employment Resign Page' is clicked on

2018-10-20 10:07:34 - [MESSAGE][PASSED] - Object: 'Object Repository/Final Object Repo/Page_Form 3 EIS - Cessation as Employer/Save  Continue in Employment Resign Page' is clicked on

2018-10-20 10:07:34 - [TEST_STEP][PASSED] - delay: Delayed 2 second(s)

2018-10-20 10:07:36 - [MESSAGE][PASSED] - Delayed 2 second(s)

2018-10-20 10:07:36 - [TEST_STEP][PASSED] - click: Object: 'Object Repository/Final Object Repo/Page_Form 3 EIS - Cessation as Employer/Add Document' is clicked on

2018-10-20 10:07:37 - [MESSAGE][PASSED] - Object: 'Object Repository/Final Object Repo/Page_Form 3 EIS - Cessation as Employer/Add Document' is clicked on

2018-10-20 10:07:37 - [TEST_STEP][PASSED] - delay: Delayed 3 second(s)

2018-10-20 10:07:40 - [MESSAGE][PASSED] - Delayed 3 second(s)

2018-10-20 10:07:40 - [TEST_STEP][PASSED] - click: Object: 'Object Repository/Final Object Repo/Page_Form 3 EIS - Cessation as Employer/Document Type' is clicked on

2018-10-20 10:07:41 - [MESSAGE][PASSED] - Object: 'Object Repository/Final Object Repo/Page_Form 3 EIS - Cessation as Employer/Document Type' is clicked on

2018-10-20 10:07:41 - [TEST_STEP][PASSED] - click: Object: 'Object Repository/Final Object Repo/Page_Form 3 EIS - Cessation as Employer/Document Type - Form 3' is clicked on

2018-10-20 10:07:41 - [MESSAGE][PASSED] - Object: 'Object Repository/Final Object Repo/Page_Form 3 EIS - Cessation as Employer/Document Type - Form 3' is clicked on

2018-10-20 10:07:41 - [TEST_STEP][PASSED] - delay: Delayed 2 second(s)

2018-10-20 10:07:43 - [MESSAGE][PASSED] - Delayed 2 second(s)

2018-10-20 10:07:43 - [TEST_STEP][PASSED] - sendKeys: Keys 'C:\Users\Public\Pictures\Sample Pictures\Act.jpg' sent to object: 'Object Repository/Final Object Repo/Page_Form 3 EIS - Cessation as Employer/ploading File'

2018-10-20 10:07:43 - [MESSAGE][PASSED] - Keys 'C:\Users\Public\Pictures\Sample Pictures\Act.jpg' sent to object: 'Object Repository/Final Object Repo/Page_Form 3 EIS - Cessation as Employer/ploading File'

2018-10-20 10:07:43 - [TEST_STEP][PASSED] - delay: Delayed 1 second(s)

2018-10-20 10:07:44 - [MESSAGE][PASSED] - Delayed 1 second(s)

2018-10-20 10:07:44 - [TEST_STEP][PASSED] - click: Object: 'Object Repository/Final Object Repo/Page_Form 3 EIS - Cessation as Employer/Add Document in Uploading Page' is clicked on

2018-10-20 10:07:44 - [MESSAGE][PASSED] - Object: 'Object Repository/Final Object Repo/Page_Form 3 EIS - Cessation as Employer/Add Document in Uploading Page' is clicked on

2018-10-20 10:07:44 - [TEST_STEP][PASSED] - delay: Delayed 2 second(s)

2018-10-20 10:07:46 - [MESSAGE][PASSED] - Delayed 2 second(s)

2018-10-20 10:07:46 - [TEST_STEP][PASSED] - Statement - CaseReferenceNo = com.kms.katalon.core.webui.keyword.WebUiBuiltInKeywords.getText(com.kms.katalon.core.testobject.ObjectRepository.findTestObject(Final Object Repo/Page_Update Employer Information/Reference Number in Update Employee Information Page)): Text of object 'Object Repository/Final Object Repo/Page_Update Employer Information/Reference Number in Update Employee Information Page' is: 'ERN102018C200002186'

2018-10-20 10:07:50 - [MESSAGE][PASSED] - Text of object 'Object Repository/Final Object Repo/Page_Update Employer Information/Reference Number in Update Employee Information Page' is: 'ERN102018C200002186'

2018-10-20 10:07:50 - [TEST_STEP][PASSED] - callTestCase: Call Test Case 'Test Cases/Final Aug 2018 - PKS Automation/Common/Reference Number Setter' successfully

2018-10-20 10:07:50 - [TEST_CASE][PASSED] - Test Cases/Final Aug 2018 - PKS Automation/Common/Reference Number Setter: Test Cases/Final Aug 2018 - PKS Automation/Common/Reference Number Setter

2018-10-20 10:07:50 - [TEST_STEP][PASSED] - Statement - RefNoOldFile = new java.io.File(C://KatalonReference.txt): null

2018-10-20 10:07:50 - [TEST_STEP][PASSED] - Statement - RefNoOldFile.delete(): null

2018-10-20 10:07:50 - [TEST_STEP][PASSED] - Statement - RefNo = new java.io.File(C://KatalonReference.txt): null

2018-10-20 10:07:50 - [TEST_STEP][PASSED] - Statement - RefNo.append(CaseReferenceNo): null

2018-10-20 10:07:50 - [TEST_STEP][PASSED] - Statement - out.println("


" + CaseReferenceNo + "


"): null

2018-10-20 10:07:50 - [MESSAGE][PASSED] - Call Test Case 'Test Cases/Final Aug 2018 - PKS Automation/Common/Reference Number Setter' successfully

2018-10-20 10:07:50 - [TEST_STEP][PASSED] - delay: Delayed 2 second(s)

2018-10-20 10:07:52 - [MESSAGE][PASSED] - Delayed 2 second(s)

2018-10-20 10:07:52 - [TEST_STEP][PASSED] - click: Object: 'Object Repository/Final Object Repo/Page_Form 3 EIS - Cessation as Employer/Save  Continue in Uploading Page' is clicked on

2018-10-20 10:07:53 - [MESSAGE][PASSED] - Object: 'Object Repository/Final Object Repo/Page_Form 3 EIS - Cessation as Employer/Save  Continue in Uploading Page' is clicked on

2018-10-20 10:07:53 - [TEST_STEP][PASSED] - delay: Delayed 2 second(s)

2018-10-20 10:07:55 - [MESSAGE][PASSED] - Delayed 2 second(s)

2018-10-20 10:07:55 - [TEST_STEP][PASSED] - click: Object: 'Object Repository/Final Object Repo/Page_Form 3 EIS - Cessation as Employer/Submit' is clicked on

2018-10-20 10:07:58 - [MESSAGE][PASSED] - Object: 'Object Repository/Final Object Repo/Page_Form 3 EIS - Cessation as Employer/Submit' is clicked on

2018-10-20 10:07:58 - [TEST_STEP][PASSED] - delay: Delayed 2 second(s)

2018-10-20 10:08:00 - [MESSAGE][PASSED] - Delayed 2 second(s)

2018-10-20 10:08:00 - [TEST_STEP][PASSED] - click: Object: 'Object Repository/Final Object Repo/Page_Form 3 EIS - Cessation as Employer/Confirm' is clicked on

2018-10-20 10:08:00 - [MESSAGE][PASSED] - Object: 'Object Repository/Final Object Repo/Page_Form 3 EIS - Cessation as Employer/Confirm' is clicked on

2018-10-20 10:08:00 - [TEST_STEP][PASSED] - delay: Delayed 2 second(s)

2018-10-20 10:08:02 - [MESSAGE][PASSED] - Delayed 2 second(s)

2018-10-20 10:08:02 - [TEST_STEP][PASSED] - click: Object: 'Object Repository/Final Object Repo/Page_Form 3 EIS - Cessation as Employer/Message Your Request will be routed to UO' is clicked on

2018-10-20 10:08:07 - [MESSAGE][PASSED] - Object: 'Object Repository/Final Object Repo/Page_Form 3 EIS - Cessation as Employer/Message Your Request will be routed to UO' is clicked on

2018-10-20 10:08:07 - [TEST_STEP][PASSED] - click: Object: 'Object Repository/Final Object Repo/Page_Form 3 EIS - Cessation as Employer/Letter of acknowledgement' is clicked on

2018-10-20 10:08:08 - [MESSAGE][PASSED] - Object: 'Object Repository/Final Object Repo/Page_Form 3 EIS - Cessation as Employer/Letter of acknowledgement' is clicked on

2018-10-20 10:08:08 - [MESSAGE][PASSED] - Call Test Case 'Test Cases/Final Aug 2018 - PKS Automation/Registration Module/Workflow/Form 3 EIS - Cessation As Employer/Template/Form 3 A - Cessation As Employer (PKRBO)' successfully

2018-10-20 10:08:08 - [TEST_STEP][FAILED] - callTestCase: Unable to call Test Case with id 'Test Cases/Final Aug 2018 - PKS Automation/Registration Module/Workflow/Form 3 EIS - Cessation As Employer/Template/Form 3 A - Cessation As Employer (Under enforcement)' (Root cause: Call Test Case 'Test Cases/Final Aug 2018 - PKS Automation/Registration Module/Workflow/Form 3 EIS - Cessation As Employer/Template/Form 3 A - Cessation As Employer (Under enforcement)' failed)

2018-10-20 10:08:08 - [TEST_CASE][FAILED] - Test Cases/Final Aug 2018 - PKS Automation/Registration Module/Workflow/Form 3 EIS - Cessation As Employer/Template/Form 3 A - Cessation As Employer (Under enforcement): Test Cases/Final Aug 2018 - PKS Automation/Registration Module/Workflow/Form 3 EIS - Cessation As Employer/Template/Form 3 A - Cessation As Employer (Under enforcement) FAILED because (of) (Stack trace: com.kms.katalon.core.exception.StepFailedException: Unable to click on object 'Object Repository/Final Object Repo/Landing Page/Select to English' (Root cause: com.kms.katalon.core.webui.exception.WebElementNotFoundException: Web element with id: 'Object Repository/Final Object Repo/Landing Page/Select to English' located by 'By.xpath: //a[@class = 'taglib-language-list-text' and @lang = 'en-US' and (contains(text(), 'EN') or contains(., 'EN'))]' not found)
	at com.kms.katalon.core.keyword.internal.KeywordMain.stepFailed(KeywordMain.groovy:32)
	at com.kms.katalon.core.webui.keyword.internal.WebUIKeywordMain.stepFailed(WebUIKeywordMain.groovy:65)
	at com.kms.katalon.core.webui.keyword.internal.WebUIKeywordMain.runKeyword(WebUIKeywordMain.groovy:27)
	at com.kms.katalon.core.webui.keyword.builtin.ClickKeyword.click(ClickKeyword.groovy:86)
	at com.kms.katalon.core.webui.keyword.builtin.ClickKeyword.execute(ClickKeyword.groovy:67)
	at com.kms.katalon.core.keyword.internal.KeywordExecutor.executeKeywordForPlatform(KeywordExecutor.groovy:53)
	at com.kms.katalon.core.webui.keyword.WebUiBuiltInKeywords.click(WebUiBuiltInKeywords.groovy:604)
	at com.kms.katalon.core.webui.keyword.WebUiBuiltInKeywords$click$8.call(Unknown Source)
	at Script1534407542420.run(Script1534407542420.groovy:57)
	at com.kms.katalon.core.main.ScriptEngine.run(ScriptEngine.java:183)
	at com.kms.katalon.core.main.ScriptEngine.runScriptAsRawText(ScriptEngine.java:108)
	at com.kms.katalon.core.main.TestCaseExecutor.runScript(TestCaseExecutor.java:294)
	at com.kms.katalon.core.main.TestCaseExecutor.doExecute(TestCaseExecutor.java:285)
	at com.kms.katalon.core.main.TestCaseExecutor.processExecutionPhase(TestCaseExecutor.java:264)
	at com.kms.katalon.core.main.TestCaseExecutor.accessMainPhase(TestCaseExecutor.java:256)
	at com.kms.katalon.core.main.TestCaseExecutor.execute(TestCaseExecutor.java:200)
	at com.kms.katalon.core.main.TestCaseMain.runTestCase(TestCaseMain.java:99)
	at com.kms.katalon.core.keyword.builtin.CallTestCaseKeyword$_callTestCase_closure1.doCall(CallTestCaseKeyword.groovy:60)
	at com.kms.katalon.core.keyword.builtin.CallTestCaseKeyword$_callTestCase_closure1.call(CallTestCaseKeyword.groovy)
	at com.kms.katalon.core.keyword.internal.KeywordMain.runKeyword(KeywordMain.groovy:54)
	at com.kms.katalon.core.keyword.builtin.CallTestCaseKeyword.callTestCase(CallTestCaseKeyword.groovy:81)
	at com.kms.katalon.core.keyword.builtin.CallTestCaseKeyword.execute(CallTestCaseKeyword.groovy:45)
	at com.kms.katalon.core.keyword.internal.KeywordExecutor.executeKeywordForPlatform(KeywordExecutor.groovy:53)
	at com.kms.katalon.core.keyword.BuiltinKeywords.callTestCase(BuiltinKeywords.groovy:334)
	at sun.reflect.GeneratedMethodAccessor13.invoke(Unknown Source)
	at sun.reflect.DelegatingMethodAccessorImpl.invoke(DelegatingMethodAccessorImpl.java:43)
	at java.lang.reflect.Method.invoke(Method.java:498)
	at org.codehaus.groovy.reflection.CachedMethod.invoke(CachedMethod.java:93)
	at groovy.lang.MetaMethod.doMethodInvoke(MetaMethod.java:325)
	at groovy.lang.MetaClassImpl.invokeStaticMethod(MetaClassImpl.java:1469)
	at org.codehaus.groovy.runtime.callsite.StaticMetaClassSite.call(StaticMetaClassSite.java:53)
	at org.codehaus.groovy.runtime.callsite.AbstractCallSite.call(AbstractCallSite.java:141)
	at Script1536113546450.run(Script1536113546450.groovy:34)
	at com.kms.katalon.core.main.ScriptEngine.run(ScriptEngine.java:183)
	at com.kms.katalon.core.main.ScriptEngine.runScriptAsRawText(ScriptEngine.java:108)
	at com.kms.katalon.core.main.TestCaseExecutor.runScript(TestCaseExecutor.java:294)
	at com.kms.katalon.core.main.TestCaseExecutor.doExecute(TestCaseExecutor.java:285)
	at com.kms.katalon.core.main.TestCaseExecutor.processExecutionPhase(TestCaseExecutor.java:264)
	at com.kms.katalon.core.main.TestCaseExecutor.accessMainPhase(TestCaseExecutor.java:256)
	at com.kms.katalon.core.main.TestCaseExecutor.execute(TestCaseExecutor.java:200)
	at com.kms.katalon.core.main.TestCaseMain.runTestCase(TestCaseMain.java:99)
	at com.kms.katalon.core.keyword.builtin.CallTestCaseKeyword$_callTestCase_closure1.doCall(CallTestCaseKeyword.groovy:60)
	at com.kms.katalon.core.keyword.builtin.CallTestCaseKeyword$_callTestCase_closure1.call(CallTestCaseKeyword.groovy)
	at com.kms.katalon.core.keyword.internal.KeywordMain.runKeyword(KeywordMain.groovy:54)
	at com.kms.katalon.core.keyword.builtin.CallTestCaseKeyword.callTestCase(CallTestCaseKeyword.groovy:81)
	at com.kms.katalon.core.keyword.builtin.CallTestCaseKeyword.execute(CallTestCaseKeyword.groovy:45)
	at com.kms.katalon.core.keyword.internal.KeywordExecutor.executeKeywordForPlatform(KeywordExecutor.groovy:53)
	at com.kms.katalon.core.keyword.BuiltinKeywords.callTestCase(BuiltinKeywords.groovy:334)
	at sun.reflect.GeneratedMethodAccessor13.invoke(Unknown Source)
	at sun.reflect.DelegatingMethodAccessorImpl.invoke(DelegatingMethodAccessorImpl.java:43)
	at java.lang.reflect.Method.invoke(Method.java:498)
	at org.codehaus.groovy.reflection.CachedMethod.invoke(CachedMethod.java:93)
	at groovy.lang.MetaMethod.doMethodInvoke(MetaMethod.java:325)
	at groovy.lang.MetaClassImpl.invokeStaticMethod(MetaClassImpl.java:1469)
	at org.codehaus.groovy.runtime.callsite.StaticMetaClassSite.call(StaticMetaClassSite.java:53)
	at org.codehaus.groovy.runtime.callsite.CallSiteArray.defaultCall(CallSiteArray.java:48)
	at org.codehaus.groovy.runtime.callsite.AbstractCallSite.call(AbstractCallSite.java:113)
	at org.codehaus.groovy.runtime.callsite.AbstractCallSite.call(AbstractCallSite.java:141)
	at Script1536204639269.run(Script1536204639269.groovy:25)
	at com.kms.katalon.core.main.ScriptEngine.run(ScriptEngine.java:183)
	at com.kms.katalon.core.main.ScriptEngine.runScriptAsRawText(ScriptEngine.java:108)
	at com.kms.katalon.core.main.TestCaseExecutor.runScript(TestCaseExecutor.java:294)
	at com.kms.katalon.core.main.TestCaseExecutor.doExecute(TestCaseExecutor.java:285)
	at com.kms.katalon.core.main.TestCaseExecutor.processExecutionPhase(TestCaseExecutor.java:264)
	at com.kms.katalon.core.main.TestCaseExecutor.accessMainPhase(TestCaseExecutor.java:256)
	at com.kms.katalon.core.main.TestCaseExecutor.execute(TestCaseExecutor.java:200)
	at com.kms.katalon.core.main.TestSuiteExecutor.accessTestCaseMainPhase(TestSuiteExecutor.java:129)
	at com.kms.katalon.core.main.TestSuiteExecutor.accessTestSuiteMainPhase(TestSuiteExecutor.java:112)
	at com.kms.katalon.core.main.TestSuiteExecutor.execute(TestSuiteExecutor.java:81)
	at com.kms.katalon.core.main.TestCaseMain.startTestSuite(TestCaseMain.java:142)
	at com.kms.katalon.core.main.TestCaseMain$startTestSuite$0.call(Unknown Source)
	at org.codehaus.groovy.runtime.callsite.CallSiteArray.defaultCall(CallSiteArray.java:48)
	at org.codehaus.groovy.runtime.callsite.AbstractCallSite.call(AbstractCallSite.java:113)
	at org.codehaus.groovy.runtime.callsite.AbstractCallSite.call(AbstractCallSite.java:141)
	at TempTestSuite1539973930605.run(TempTestSuite1539973930605.groovy:36)
	at groovy.lang.GroovyShell.runScriptOrMainOrTestOrRunnable(GroovyShell.java:263)
	at groovy.lang.GroovyShell.run(GroovyShell.java:518)
	at groovy.lang.GroovyShell.run(GroovyShell.java:507)
	at groovy.ui.GroovyMain.processOnce(GroovyMain.java:653)
	at groovy.ui.GroovyMain.run(GroovyMain.java:384)
	at groovy.ui.GroovyMain.process(GroovyMain.java:370)
	at groovy.ui.GroovyMain.processArgs(GroovyMain.java:129)
	at groovy.ui.GroovyMain.main(GroovyMain.java:109)
	at sun.reflect.NativeMethodAccessorImpl.invoke0(Native Method)
	at sun.reflect.NativeMethodAccessorImpl.invoke(NativeMethodAccessorImpl.java:62)
	at sun.reflect.DelegatingMethodAccessorImpl.invoke(DelegatingMethodAccessorImpl.java:43)
	at java.lang.reflect.Method.invoke(Method.java:498)
	at org.codehaus.groovy.tools.GroovyStarter.rootLoader(GroovyStarter.java:109)
	at org.codehaus.groovy.tools.GroovyStarter.main(GroovyStarter.java:131)
)

2018-10-20 10:08:08 - [TEST_STEP][NOT_RUN] - callTestCase: NOT_RUN: callTestCase

2018-10-20 10:08:08 - [MESSAGE][NOT_RUN] - NOT_RUN: callTestCase

2018-10-20 10:08:08 - [TEST_STEP][PASSED] - delay: Delayed 1 second(s)

2018-10-20 10:08:09 - [MESSAGE][PASSED] - Delayed 1 second(s)

2018-10-20 10:08:09 - [TEST_STEP][PASSED] - navigateToUrl: Navigate to 'https://assist2-uat.perkeso.gov.my/c/portal/logout' successfully

2018-10-20 10:08:10 - [MESSAGE][PASSED] - Navigate to 'https://assist2-uat.perkeso.gov.my/c/portal/logout' successfully

2018-10-20 10:08:10 - [TEST_STEP][PASSED] - delay: Delayed 1 second(s)

2018-10-20 10:08:11 - [MESSAGE][PASSED] - Delayed 1 second(s)

2018-10-20 10:08:11 - [TEST_STEP][PASSED] - callTestCase: Call Test Case 'Test Cases/Final Aug 2018 - PKS Automation/Common/Reference Number Getter' successfully

2018-10-20 10:08:11 - [TEST_CASE][PASSED] - Test Cases/Final Aug 2018 - PKS Automation/Common/Reference Number Getter: Test Cases/Final Aug 2018 - PKS Automation/Common/Reference Number Getter

2018-10-20 10:08:11 - [TEST_STEP][PASSED] - Statement - Try: null

2018-10-20 10:08:11 - [TEST_STEP][PASSED] - Statement - RefNo = new java.io.File(C://KatalonReference.txt): null

2018-10-20 10:08:11 - [TEST_STEP][PASSED] - Statement - bufferread = new java.io.BufferedReader(new java.io.FileReader(RefNo)): null

2018-10-20 10:08:11 - [TEST_STEP][PASSED] - Statement - readedVal = bufferread.readLine(): null

2018-10-20 10:08:11 - [TEST_STEP][PASSED] - Statement - out.println(CaseReferenceNo): null

2018-10-20 10:08:11 - [TEST_STEP][PASSED] - Statement - out.println(readedVal): null

2018-10-20 10:08:11 - [TEST_STEP][PASSED] - Statement - CaseReferenceNo = readedVal: null

2018-10-20 10:08:11 - [MESSAGE][PASSED] - Call Test Case 'Test Cases/Final Aug 2018 - PKS Automation/Common/Reference Number Getter' successfully

2018-10-20 10:08:11 - [TEST_STEP][FAILED] - callTestCase: Unable to call Test Case with id 'Test Cases/Final Aug 2018 - PKS Automation/Common/Workflow Owner Finder' (Root cause: Call Test Case 'Test Cases/Final Aug 2018 - PKS Automation/Common/Workflow Owner Finder' failed)

2018-10-20 10:08:11 - [TEST_CASE][FAILED] - Test Cases/Final Aug 2018 - PKS Automation/Common/Workflow Owner Finder: Test Cases/Final Aug 2018 - PKS Automation/Common/Workflow Owner Finder FAILED because (of) (Stack trace: com.kms.katalon.core.exception.StepFailedException: Unable to click on object 'Object Repository/Final Object Repo/Landing Page/Select to English' (Root cause: com.kms.katalon.core.webui.exception.WebElementNotFoundException: Web element with id: 'Object Repository/Final Object Repo/Landing Page/Select to English' located by 'By.xpath: //a[@class = 'taglib-language-list-text' and @lang = 'en-US' and (contains(text(), 'EN') or contains(., 'EN'))]' not found)
	at com.kms.katalon.core.keyword.internal.KeywordMain.stepFailed(KeywordMain.groovy:32)
	at com.kms.katalon.core.webui.keyword.internal.WebUIKeywordMain.stepFailed(WebUIKeywordMain.groovy:65)
	at com.kms.katalon.core.webui.keyword.internal.WebUIKeywordMain.runKeyword(WebUIKeywordMain.groovy:27)
	at com.kms.katalon.core.webui.keyword.builtin.ClickKeyword.click(ClickKeyword.groovy:86)
	at com.kms.katalon.core.webui.keyword.builtin.ClickKeyword.execute(ClickKeyword.groovy:67)
	at com.kms.katalon.core.keyword.internal.KeywordExecutor.executeKeywordForPlatform(KeywordExecutor.groovy:53)
	at com.kms.katalon.core.webui.keyword.WebUiBuiltInKeywords.click(WebUiBuiltInKeywords.groovy:604)
	at com.kms.katalon.core.webui.keyword.WebUiBuiltInKeywords$click$8.call(Unknown Source)
	at Script1534407542420.run(Script1534407542420.groovy:57)
	at com.kms.katalon.core.main.ScriptEngine.run(ScriptEngine.java:183)
	at com.kms.katalon.core.main.ScriptEngine.runScriptAsRawText(ScriptEngine.java:108)
	at com.kms.katalon.core.main.TestCaseExecutor.runScript(TestCaseExecutor.java:294)
	at com.kms.katalon.core.main.TestCaseExecutor.doExecute(TestCaseExecutor.java:285)
	at com.kms.katalon.core.main.TestCaseExecutor.processExecutionPhase(TestCaseExecutor.java:264)
	at com.kms.katalon.core.main.TestCaseExecutor.accessMainPhase(TestCaseExecutor.java:256)
	at com.kms.katalon.core.main.TestCaseExecutor.execute(TestCaseExecutor.java:200)
	at com.kms.katalon.core.main.TestCaseMain.runTestCase(TestCaseMain.java:99)
	at com.kms.katalon.core.keyword.builtin.CallTestCaseKeyword$_callTestCase_closure1.doCall(CallTestCaseKeyword.groovy:60)
	at com.kms.katalon.core.keyword.builtin.CallTestCaseKeyword$_callTestCase_closure1.call(CallTestCaseKeyword.groovy)
	at com.kms.katalon.core.keyword.internal.KeywordMain.runKeyword(KeywordMain.groovy:54)
	at com.kms.katalon.core.keyword.builtin.CallTestCaseKeyword.callTestCase(CallTestCaseKeyword.groovy:81)
	at com.kms.katalon.core.keyword.builtin.CallTestCaseKeyword.execute(CallTestCaseKeyword.groovy:45)
	at com.kms.katalon.core.keyword.internal.KeywordExecutor.executeKeywordForPlatform(KeywordExecutor.groovy:53)
	at com.kms.katalon.core.keyword.BuiltinKeywords.callTestCase(BuiltinKeywords.groovy:334)
	at sun.reflect.GeneratedMethodAccessor13.invoke(Unknown Source)
	at sun.reflect.DelegatingMethodAccessorImpl.invoke(DelegatingMethodAccessorImpl.java:43)
	at java.lang.reflect.Method.invoke(Method.java:498)
	at org.codehaus.groovy.reflection.CachedMethod.invoke(CachedMethod.java:93)
	at groovy.lang.MetaMethod.doMethodInvoke(MetaMethod.java:325)
	at groovy.lang.MetaClassImpl.invokeStaticMethod(MetaClassImpl.java:1469)
	at org.codehaus.groovy.runtime.callsite.StaticMetaClassSite.call(StaticMetaClassSite.java:53)
	at org.codehaus.groovy.runtime.callsite.AbstractCallSite.call(AbstractCallSite.java:141)
	at Script1536113546450.run(Script1536113546450.groovy:34)
	at com.kms.katalon.core.main.ScriptEngine.run(ScriptEngine.java:183)
	at com.kms.katalon.core.main.ScriptEngine.runScriptAsRawText(ScriptEngine.java:108)
	at com.kms.katalon.core.main.TestCaseExecutor.runScript(TestCaseExecutor.java:294)
	at com.kms.katalon.core.main.TestCaseExecutor.doExecute(TestCaseExecutor.java:285)
	at com.kms.katalon.core.main.TestCaseExecutor.processExecutionPhase(TestCaseExecutor.java:264)
	at com.kms.katalon.core.main.TestCaseExecutor.accessMainPhase(TestCaseExecutor.java:256)
	at com.kms.katalon.core.main.TestCaseExecutor.execute(TestCaseExecutor.java:200)
	at com.kms.katalon.core.main.TestCaseMain.runTestCase(TestCaseMain.java:99)
	at com.kms.katalon.core.keyword.builtin.CallTestCaseKeyword$_callTestCase_closure1.doCall(CallTestCaseKeyword.groovy:60)
	at com.kms.katalon.core.keyword.builtin.CallTestCaseKeyword$_callTestCase_closure1.call(CallTestCaseKeyword.groovy)
	at com.kms.katalon.core.keyword.internal.KeywordMain.runKeyword(KeywordMain.groovy:54)
	at com.kms.katalon.core.keyword.builtin.CallTestCaseKeyword.callTestCase(CallTestCaseKeyword.groovy:81)
	at com.kms.katalon.core.keyword.builtin.CallTestCaseKeyword.execute(CallTestCaseKeyword.groovy:45)
	at com.kms.katalon.core.keyword.internal.KeywordExecutor.executeKeywordForPlatform(KeywordExecutor.groovy:53)
	at com.kms.katalon.core.keyword.BuiltinKeywords.callTestCase(BuiltinKeywords.groovy:334)
	at sun.reflect.GeneratedMethodAccessor13.invoke(Unknown Source)
	at sun.reflect.DelegatingMethodAccessorImpl.invoke(DelegatingMethodAccessorImpl.java:43)
	at java.lang.reflect.Method.invoke(Method.java:498)
	at org.codehaus.groovy.reflection.CachedMethod.invoke(CachedMethod.java:93)
	at groovy.lang.MetaMethod.doMethodInvoke(MetaMethod.java:325)
	at groovy.lang.MetaClassImpl.invokeStaticMethod(MetaClassImpl.java:1469)
	at org.codehaus.groovy.runtime.callsite.StaticMetaClassSite.call(StaticMetaClassSite.java:53)
	at org.codehaus.groovy.runtime.callsite.CallSiteArray.defaultCall(CallSiteArray.java:48)
	at org.codehaus.groovy.runtime.callsite.AbstractCallSite.call(AbstractCallSite.java:113)
	at org.codehaus.groovy.runtime.callsite.AbstractCallSite.call(AbstractCallSite.java:141)
	at Script1536204639269.run(Script1536204639269.groovy:25)
	at com.kms.katalon.core.main.ScriptEngine.run(ScriptEngine.java:183)
	at com.kms.katalon.core.main.ScriptEngine.runScriptAsRawText(ScriptEngine.java:108)
	at com.kms.katalon.core.main.TestCaseExecutor.runScript(TestCaseExecutor.java:294)
	at com.kms.katalon.core.main.TestCaseExecutor.doExecute(TestCaseExecutor.java:285)
	at com.kms.katalon.core.main.TestCaseExecutor.processExecutionPhase(TestCaseExecutor.java:264)
	at com.kms.katalon.core.main.TestCaseExecutor.accessMainPhase(TestCaseExecutor.java:256)
	at com.kms.katalon.core.main.TestCaseExecutor.execute(TestCaseExecutor.java:200)
	at com.kms.katalon.core.main.TestSuiteExecutor.accessTestCaseMainPhase(TestSuiteExecutor.java:129)
	at com.kms.katalon.core.main.TestSuiteExecutor.accessTestSuiteMainPhase(TestSuiteExecutor.java:112)
	at com.kms.katalon.core.main.TestSuiteExecutor.execute(TestSuiteExecutor.java:81)
	at com.kms.katalon.core.main.TestCaseMain.startTestSuite(TestCaseMain.java:142)
	at com.kms.katalon.core.main.TestCaseMain$startTestSuite$0.call(Unknown Source)
	at org.codehaus.groovy.runtime.callsite.CallSiteArray.defaultCall(CallSiteArray.java:48)
	at org.codehaus.groovy.runtime.callsite.AbstractCallSite.call(AbstractCallSite.java:113)
	at org.codehaus.groovy.runtime.callsite.AbstractCallSite.call(AbstractCallSite.java:141)
	at TempTestSuite1539973930605.run(TempTestSuite1539973930605.groovy:36)
	at groovy.lang.GroovyShell.runScriptOrMainOrTestOrRunnable(GroovyShell.java:263)
	at groovy.lang.GroovyShell.run(GroovyShell.java:518)
	at groovy.lang.GroovyShell.run(GroovyShell.java:507)
	at groovy.ui.GroovyMain.processOnce(GroovyMain.java:653)
	at groovy.ui.GroovyMain.run(GroovyMain.java:384)
	at groovy.ui.GroovyMain.process(GroovyMain.java:370)
	at groovy.ui.GroovyMain.processArgs(GroovyMain.java:129)
	at groovy.ui.GroovyMain.main(GroovyMain.java:109)
	at sun.reflect.NativeMethodAccessorImpl.invoke0(Native Method)
	at sun.reflect.NativeMethodAccessorImpl.invoke(NativeMethodAccessorImpl.java:62)
	at sun.reflect.DelegatingMethodAccessorImpl.invoke(DelegatingMethodAccessorImpl.java:43)
	at java.lang.reflect.Method.invoke(Method.java:498)
	at org.codehaus.groovy.tools.GroovyStarter.rootLoader(GroovyStarter.java:109)
	at org.codehaus.groovy.tools.GroovyStarter.main(GroovyStarter.java:131)
)

2018-10-20 10:08:11 - [TEST_STEP][PASSED] - openBrowser: Browser is opened with url: ''

2018-10-20 10:08:11 - [MESSAGE][WARNING] - A browser is already opened. Closing browser and opening a new one

2018-10-20 10:08:15 - [MESSAGE][PASSED] - Browser is opened with url: ''

2018-10-20 10:08:15 - [TEST_STEP][PASSED] - navigateToUrl: Navigate to 'https://assist2-uat.perkeso.gov.my/login' successfully

2018-10-20 10:08:17 - [MESSAGE][PASSED] - Navigate to 'https://assist2-uat.perkeso.gov.my/login' successfully

2018-10-20 10:08:17 - [TEST_STEP][PASSED] - delay: Delayed 5 second(s)

2018-10-20 10:08:22 - [MESSAGE][PASSED] - Delayed 5 second(s)

2018-10-20 10:08:22 - [TEST_STEP][PASSED] - setText: Text 'test@liferay.com' is set on object 'Object Repository/Final Object Repo/Login Page/Internal User/Email Address'

2018-10-20 10:08:22 - [MESSAGE][PASSED] - Text 'test@liferay.com' is set on object 'Object Repository/Final Object Repo/Login Page/Internal User/Email Address'

2018-10-20 10:08:22 - [TEST_STEP][PASSED] - click: Object: 'Object Repository/Final Object Repo/Login Page/Internal User/Next Button' is clicked on

2018-10-20 10:08:22 - [MESSAGE][PASSED] - Object: 'Object Repository/Final Object Repo/Login Page/Internal User/Next Button' is clicked on

2018-10-20 10:08:22 - [TEST_STEP][PASSED] - delay: Delayed 2 second(s)

2018-10-20 10:08:24 - [MESSAGE][PASSED] - Delayed 2 second(s)

2018-10-20 10:08:24 - [TEST_STEP][PASSED] - setText: Text 'test' is set on object 'Object Repository/Final Object Repo/Login Page/Internal User/Password'

2018-10-20 10:08:25 - [MESSAGE][PASSED] - Text 'test' is set on object 'Object Repository/Final Object Repo/Login Page/Internal User/Password'

2018-10-20 10:08:25 - [TEST_STEP][PASSED] - delay: Delayed 2 second(s)

2018-10-20 10:08:27 - [MESSAGE][PASSED] - Delayed 2 second(s)

2018-10-20 10:08:27 - [TEST_STEP][PASSED] - click: Object: 'Object Repository/Final Object Repo/Login Page/Internal User/Login Button' is clicked on

2018-10-20 10:08:27 - [MESSAGE][PASSED] - Object: 'Object Repository/Final Object Repo/Login Page/Internal User/Login Button' is clicked on

2018-10-20 10:08:27 - [TEST_STEP][FAILED] - Statement - Try: Delayed 2 second(s)

2018-10-20 10:08:27 - [TEST_STEP][PASSED] - Statement - Checker = false: null

2018-10-20 10:08:27 - [TEST_STEP][PASSED] - Statement - Checker = com.kms.katalon.core.webui.keyword.WebUiBuiltInKeywords.verifyElementHasAttribute(com.kms.katalon.core.testobject.ObjectRepository.findTestObject(Final Object Repo/Landing Page/BM Detecting), "href", 20, OPTIONAL): Unable to verify if object 'Object Repository/Final Object Repo/Landing Page/BM Detecting' has attribute 'href' (Root cause: org.openqa.selenium.StaleElementReferenceException: stale element reference: element is not attached to the page document
  (Session info: chrome=69.0.3497.100)
  (Driver info: chromedriver=2.35.528161 (5b82f2d2aae0ca24b877009200ced9065a772e73),platform=Windows NT 6.1.7601 SP1 x86_64) (WARNING: The server did not provide any stacktrace information)
Command duration or timeout: 0 milliseconds
For documentation on this error, please visit: http://seleniumhq.org/exceptions/stale_element_reference.html
Build info: version: '3.7.1', revision: '8a0099a', time: '2017-11-06T21:07:36.161Z'
System info: host: 'WEIZHENG', ip: '192.168.137.1', os.name: 'Windows 7', os.arch: 'amd64', os.version: '6.1', java.version: '1.8.0_181'
Driver info: com.kms.katalon.selenium.driver.CChromeDriver
Capabilities {acceptInsecureCerts: false, acceptSslCerts: false, applicationCacheEnabled: false, browserConnectionEnabled: false, browserName: chrome, chrome: {chromedriverVersion: 2.35.528161 (5b82f2d2aae0ca..., userDataDir: C:\Users\WEIZHE~1\AppData\L...}, cssSelectorsEnabled: true, databaseEnabled: false, handlesAlerts: true, hasTouchScreen: false, javascriptEnabled: true, locationContextEnabled: true, mobileEmulationEnabled: false, nativeEvents: true, networkConnectionEnabled: false, pageLoadStrategy: normal, platform: XP, platformName: XP, rotatable: false, setWindowRect: true, takesHeapSnapshot: true, takesScreenshot: true, unexpectedAlertBehaviour: , unhandledPromptBehavior: , version: 69.0.3497.100, webStorageEnabled: true}
Session ID: 920767a759bbe80193867d62fb512707)

2018-10-20 10:08:30 - [MESSAGE][WARNING] - Unable to verify if object 'Object Repository/Final Object Repo/Landing Page/BM Detecting' has attribute 'href' (Root cause: org.openqa.selenium.StaleElementReferenceException: stale element reference: element is not attached to the page document
  (Session info: chrome=69.0.3497.100)
  (Driver info: chromedriver=2.35.528161 (5b82f2d2aae0ca24b877009200ced9065a772e73),platform=Windows NT 6.1.7601 SP1 x86_64) (WARNING: The server did not provide any stacktrace information)
Command duration or timeout: 0 milliseconds
For documentation on this error, please visit: http://seleniumhq.org/exceptions/stale_element_reference.html
Build info: version: '3.7.1', revision: '8a0099a', time: '2017-11-06T21:07:36.161Z'
System info: host: 'WEIZHENG', ip: '192.168.137.1', os.name: 'Windows 7', os.arch: 'amd64', os.version: '6.1', java.version: '1.8.0_181'
Driver info: com.kms.katalon.selenium.driver.CChromeDriver
Capabilities {acceptInsecureCerts: false, acceptSslCerts: false, applicationCacheEnabled: false, browserConnectionEnabled: false, browserName: chrome, chrome: {chromedriverVersion: 2.35.528161 (5b82f2d2aae0ca..., userDataDir: C:\Users\WEIZHE~1\AppData\L...}, cssSelectorsEnabled: true, databaseEnabled: false, handlesAlerts: true, hasTouchScreen: false, javascriptEnabled: true, locationContextEnabled: true, mobileEmulationEnabled: false, nativeEvents: true, networkConnectionEnabled: false, pageLoadStrategy: normal, platform: XP, platformName: XP, rotatable: false, setWindowRect: true, takesHeapSnapshot: true, takesScreenshot: true, unexpectedAlertBehaviour: , unhandledPromptBehavior: , version: 69.0.3497.100, webStorageEnabled: true}
Session ID: 920767a759bbe80193867d62fb512707)
[[ATTACHMENT|C:\\Users\\LENOVO\\Katalon Studio\\Perkeso Phase A\\Reports\\Workflow\\Form 3 EIS - Cessation as Employer\\20181020_023210\\1540001310132.png]]

2018-10-20 10:08:30 - [TEST_STEP][PASSED] - Statement - out.println(Checker): null

2018-10-20 10:08:30 - [TEST_STEP][FAILED] - Statement - If (Checker == false): Unable to click on object 'Object Repository/Final Object Repo/Landing Page/Select to English' (Root cause: com.kms.katalon.core.webui.exception.WebElementNotFoundException: Web element with id: 'Object Repository/Final Object Repo/Landing Page/Select to English' located by 'By.xpath: //a[@class = 'taglib-language-list-text' and @lang = 'en-US' and (contains(text(), 'EN') or contains(., 'EN'))]' not found)

2018-10-20 10:08:30 - [TEST_STEP][FAILED] - click: Unable to click on object 'Object Repository/Final Object Repo/Landing Page/Select to English' (Root cause: com.kms.katalon.core.webui.exception.WebElementNotFoundException: Web element with id: 'Object Repository/Final Object Repo/Landing Page/Select to English' located by 'By.xpath: //a[@class = 'taglib-language-list-text' and @lang = 'en-US' and (contains(text(), 'EN') or contains(., 'EN'))]' not found)

2018-10-20 10:10:48 - [MESSAGE][FAILED] - Unable to click on object 'Object Repository/Final Object Repo/Landing Page/Select to English' (Root cause: com.kms.katalon.core.webui.exception.WebElementNotFoundException: Web element with id: 'Object Repository/Final Object Repo/Landing Page/Select to English' located by 'By.xpath: //a[@class = 'taglib-language-list-text' and @lang = 'en-US' and (contains(text(), 'EN') or contains(., 'EN'))]' not found)
[[ATTACHMENT|C:\\Users\\LENOVO\\Katalon Studio\\Perkeso Phase A\\Reports\\Workflow\\Form 3 EIS - Cessation as Employer\\20181020_023210\\1540001447950.png]]

2018-10-20 10:10:48 - [TEST_STEP][PASSED] - delay: Delayed 2 second(s)

2018-10-20 10:10:50 - [MESSAGE][PASSED] - Delayed 2 second(s)

2018-10-20 10:10:50 - [TEST_STEP][PASSED] - delay: Delayed 3 second(s)

2018-10-20 10:10:53 - [MESSAGE][PASSED] - Delayed 3 second(s)

2018-10-20 10:10:53 - [TEST_STEP][PASSED] - click: Object: 'Object Repository/Final Object Repo/Landing Page/WorkFlow Menu' is clicked on

2018-10-20 10:10:53 - [MESSAGE][PASSED] - Object: 'Object Repository/Final Object Repo/Landing Page/WorkFlow Menu' is clicked on

2018-10-20 10:10:53 - [TEST_STEP][PASSED] - delay: Delayed 2 second(s)

2018-10-20 10:10:55 - [MESSAGE][PASSED] - Delayed 2 second(s)

2018-10-20 10:10:55 - [TEST_STEP][FAILED] - click: Unable to click on object 'Object Repository/Final Object Repo/Landing Page/Select to Workflow Listing' (Root cause: org.openqa.selenium.ElementNotVisibleException: element not visible
  (Session info: chrome=69.0.3497.100)
  (Driver info: chromedriver=2.35.528161 (5b82f2d2aae0ca24b877009200ced9065a772e73),platform=Windows NT 6.1.7601 SP1 x86_64) (WARNING: The server did not provide any stacktrace information)
Command duration or timeout: 0 milliseconds
Build info: version: '3.7.1', revision: '8a0099a', time: '2017-11-06T21:07:36.161Z'
System info: host: 'WEIZHENG', ip: '192.168.137.1', os.name: 'Windows 7', os.arch: 'amd64', os.version: '6.1', java.version: '1.8.0_181'
Driver info: com.kms.katalon.selenium.driver.CChromeDriver
Capabilities {acceptInsecureCerts: false, acceptSslCerts: false, applicationCacheEnabled: false, browserConnectionEnabled: false, browserName: chrome, chrome: {chromedriverVersion: 2.35.528161 (5b82f2d2aae0ca..., userDataDir: C:\Users\WEIZHE~1\AppData\L...}, cssSelectorsEnabled: true, databaseEnabled: false, handlesAlerts: true, hasTouchScreen: false, javascriptEnabled: true, locationContextEnabled: true, mobileEmulationEnabled: false, nativeEvents: true, networkConnectionEnabled: false, pageLoadStrategy: normal, platform: XP, platformName: XP, rotatable: false, setWindowRect: true, takesHeapSnapshot: true, takesScreenshot: true, unexpectedAlertBehaviour: , unhandledPromptBehavior: , version: 69.0.3497.100, webStorageEnabled: true}
Session ID: 920767a759bbe80193867d62fb512707)

2018-10-20 10:10:55 - [MESSAGE][FAILED] - Unable to click on object 'Object Repository/Final Object Repo/Landing Page/Select to Workflow Listing' (Root cause: org.openqa.selenium.ElementNotVisibleException: element not visible
  (Session info: chrome=69.0.3497.100)
  (Driver info: chromedriver=2.35.528161 (5b82f2d2aae0ca24b877009200ced9065a772e73),platform=Windows NT 6.1.7601 SP1 x86_64) (WARNING: The server did not provide any stacktrace information)
Command duration or timeout: 0 milliseconds
Build info: version: '3.7.1', revision: '8a0099a', time: '2017-11-06T21:07:36.161Z'
System info: host: 'WEIZHENG', ip: '192.168.137.1', os.name: 'Windows 7', os.arch: 'amd64', os.version: '6.1', java.version: '1.8.0_181'
Driver info: com.kms.katalon.selenium.driver.CChromeDriver
Capabilities {acceptInsecureCerts: false, acceptSslCerts: false, applicationCacheEnabled: false, browserConnectionEnabled: false, browserName: chrome, chrome: {chromedriverVersion: 2.35.528161 (5b82f2d2aae0ca..., userDataDir: C:\Users\WEIZHE~1\AppData\L...}, cssSelectorsEnabled: true, databaseEnabled: false, handlesAlerts: true, hasTouchScreen: false, javascriptEnabled: true, locationContextEnabled: true, mobileEmulationEnabled: false, nativeEvents: true, networkConnectionEnabled: false, pageLoadStrategy: normal, platform: XP, platformName: XP, rotatable: false, setWindowRect: true, takesHeapSnapshot: true, takesScreenshot: true, unexpectedAlertBehaviour: , unhandledPromptBehavior: , version: 69.0.3497.100, webStorageEnabled: true}
Session ID: 920767a759bbe80193867d62fb512707)
[[ATTACHMENT|C:\\Users\\LENOVO\\Katalon Studio\\Perkeso Phase A\\Reports\\Workflow\\Form 3 EIS - Cessation as Employer\\20181020_023210\\1540001455514.png]]

2018-10-20 10:10:55 - [TEST_STEP][PASSED] - delay: Delayed 2 second(s)

2018-10-20 10:10:57 - [MESSAGE][PASSED] - Delayed 2 second(s)

2018-10-20 10:10:57 - [TEST_STEP][FAILED] - click: Unable to click on object 'Object Repository/Final Object Repo/WorkFlow Listing Page/Search Information - To Put Ref No' (Root cause: com.kms.katalon.core.webui.exception.WebElementNotFoundException: Web element with id: 'Object Repository/Final Object Repo/WorkFlow Listing Page/Search Information - To Put Ref No' located by 'By.xpath: //h2[@data-target = '#_workflowlisting_WAR_baseportlet_searchDiv' and (text() = 'Search Information' or . = 'Search Information')]' not found)

2018-10-20 10:13:07 - [MESSAGE][FAILED] - Unable to click on object 'Object Repository/Final Object Repo/WorkFlow Listing Page/Search Information - To Put Ref No' (Root cause: com.kms.katalon.core.webui.exception.WebElementNotFoundException: Web element with id: 'Object Repository/Final Object Repo/WorkFlow Listing Page/Search Information - To Put Ref No' located by 'By.xpath: //h2[@data-target = '#_workflowlisting_WAR_baseportlet_searchDiv' and (text() = 'Search Information' or . = 'Search Information')]' not found)
[[ATTACHMENT|C:\\Users\\LENOVO\\Katalon Studio\\Perkeso Phase A\\Reports\\Workflow\\Form 3 EIS - Cessation as Employer\\20181020_023210\\1540001587396.png]]

2018-10-20 10:13:07 - [TEST_STEP][PASSED] - delay: Delayed 2 second(s)

2018-10-20 10:13:09 - [MESSAGE][PASSED] - Delayed 2 second(s)

2018-10-20 10:13:09 - [TEST_STEP][PASSED] - callTestCase: Call Test Case 'Test Cases/Final Aug 2018 - PKS Automation/Common/Reference Number Getter' successfully

2018-10-20 10:13:09 - [TEST_CASE][PASSED] - Test Cases/Final Aug 2018 - PKS Automation/Common/Reference Number Getter: Test Cases/Final Aug 2018 - PKS Automation/Common/Reference Number Getter

2018-10-20 10:13:09 - [TEST_STEP][PASSED] - Statement - Try: null

2018-10-20 10:13:09 - [TEST_STEP][PASSED] - Statement - RefNo = new java.io.File(C://KatalonReference.txt): null

2018-10-20 10:13:09 - [TEST_STEP][PASSED] - Statement - bufferread = new java.io.BufferedReader(new java.io.FileReader(RefNo)): null

2018-10-20 10:13:09 - [TEST_STEP][PASSED] - Statement - readedVal = bufferread.readLine(): null

2018-10-20 10:13:09 - [TEST_STEP][PASSED] - Statement - out.println(CaseReferenceNo): null

2018-10-20 10:13:09 - [TEST_STEP][PASSED] - Statement - out.println(readedVal): null

2018-10-20 10:13:09 - [TEST_STEP][PASSED] - Statement - CaseReferenceNo = readedVal: null

2018-10-20 10:13:09 - [MESSAGE][PASSED] - Call Test Case 'Test Cases/Final Aug 2018 - PKS Automation/Common/Reference Number Getter' successfully

2018-10-20 10:13:09 - [TEST_STEP][FAILED] - setText: Unable to set text 'ERN102018C200002185ERN102018C200002186' of object 'Object Repository/Final Object Repo/WorkFlow Listing Page/Ref No Set Text' (Root cause: com.kms.katalon.core.webui.exception.WebElementNotFoundException: Web element with id: 'Object Repository/Final Object Repo/WorkFlow Listing Page/Ref No Set Text' located by 'By.xpath: //input[@id = '_workflowlisting_WAR_baseportlet_dto.trxReferenceNum' and @name = '_workflowlisting_WAR_baseportlet_dto.trxReferenceNum' and @type = 'text']' not found)

2018-10-20 10:15:20 - [MESSAGE][FAILED] - Unable to set text 'ERN102018C200002185ERN102018C200002186' of object 'Object Repository/Final Object Repo/WorkFlow Listing Page/Ref No Set Text' (Root cause: com.kms.katalon.core.webui.exception.WebElementNotFoundException: Web element with id: 'Object Repository/Final Object Repo/WorkFlow Listing Page/Ref No Set Text' located by 'By.xpath: //input[@id = '_workflowlisting_WAR_baseportlet_dto.trxReferenceNum' and @name = '_workflowlisting_WAR_baseportlet_dto.trxReferenceNum' and @type = 'text']' not found)
[[ATTACHMENT|C:\\Users\\LENOVO\\Katalon Studio\\Perkeso Phase A\\Reports\\Workflow\\Form 3 EIS - Cessation as Employer\\20181020_023210\\1540001719974.png]]

2018-10-20 10:15:20 - [TEST_STEP][PASSED] - delay: Delayed 2 second(s)

2018-10-20 10:15:22 - [MESSAGE][PASSED] - Delayed 2 second(s)

2018-10-20 10:15:22 - [TEST_STEP][FAILED] - click: Unable to click on object 'Object Repository/Final Object Repo/WorkFlow Listing Page/Search Ref No Search Button' (Root cause: org.openqa.selenium.ElementNotVisibleException: element not visible
  (Session info: chrome=69.0.3497.100)
  (Driver info: chromedriver=2.35.528161 (5b82f2d2aae0ca24b877009200ced9065a772e73),platform=Windows NT 6.1.7601 SP1 x86_64) (WARNING: The server did not provide any stacktrace information)
Command duration or timeout: 0 milliseconds
Build info: version: '3.7.1', revision: '8a0099a', time: '2017-11-06T21:07:36.161Z'
System info: host: 'WEIZHENG', ip: '192.168.137.1', os.name: 'Windows 7', os.arch: 'amd64', os.version: '6.1', java.version: '1.8.0_181'
Driver info: com.kms.katalon.selenium.driver.CChromeDriver
Capabilities {acceptInsecureCerts: false, acceptSslCerts: false, applicationCacheEnabled: false, browserConnectionEnabled: false, browserName: chrome, chrome: {chromedriverVersion: 2.35.528161 (5b82f2d2aae0ca..., userDataDir: C:\Users\WEIZHE~1\AppData\L...}, cssSelectorsEnabled: true, databaseEnabled: false, handlesAlerts: true, hasTouchScreen: false, javascriptEnabled: true, locationContextEnabled: true, mobileEmulationEnabled: false, nativeEvents: true, networkConnectionEnabled: false, pageLoadStrategy: normal, platform: XP, platformName: XP, rotatable: false, setWindowRect: true, takesHeapSnapshot: true, takesScreenshot: true, unexpectedAlertBehaviour: , unhandledPromptBehavior: , version: 69.0.3497.100, webStorageEnabled: true}
Session ID: 920767a759bbe80193867d62fb512707)

2018-10-20 10:15:22 - [MESSAGE][FAILED] - Unable to click on object 'Object Repository/Final Object Repo/WorkFlow Listing Page/Search Ref No Search Button' (Root cause: org.openqa.selenium.ElementNotVisibleException: element not visible
  (Session info: chrome=69.0.3497.100)
  (Driver info: chromedriver=2.35.528161 (5b82f2d2aae0ca24b877009200ced9065a772e73),platform=Windows NT 6.1.7601 SP1 x86_64) (WARNING: The server did not provide any stacktrace information)
Command duration or timeout: 0 milliseconds
Build info: version: '3.7.1', revision: '8a0099a', time: '2017-11-06T21:07:36.161Z'
System info: host: 'WEIZHENG', ip: '192.168.137.1', os.name: 'Windows 7', os.arch: 'amd64', os.version: '6.1', java.version: '1.8.0_181'
Driver info: com.kms.katalon.selenium.driver.CChromeDriver
Capabilities {acceptInsecureCerts: false, acceptSslCerts: false, applicationCacheEnabled: false, browserConnectionEnabled: false, browserName: chrome, chrome: {chromedriverVersion: 2.35.528161 (5b82f2d2aae0ca..., userDataDir: C:\Users\WEIZHE~1\AppData\L...}, cssSelectorsEnabled: true, databaseEnabled: false, handlesAlerts: true, hasTouchScreen: false, javascriptEnabled: true, locationContextEnabled: true, mobileEmulationEnabled: false, nativeEvents: true, networkConnectionEnabled: false, pageLoadStrategy: normal, platform: XP, platformName: XP, rotatable: false, setWindowRect: true, takesHeapSnapshot: true, takesScreenshot: true, unexpectedAlertBehaviour: , unhandledPromptBehavior: , version: 69.0.3497.100, webStorageEnabled: true}
Session ID: 920767a759bbe80193867d62fb512707)
[[ATTACHMENT|C:\\Users\\LENOVO\\Katalon Studio\\Perkeso Phase A\\Reports\\Workflow\\Form 3 EIS - Cessation as Employer\\20181020_023210\\1540001722358.png]]

2018-10-20 10:15:22 - [TEST_STEP][PASSED] - delay: Delayed 4 second(s)

2018-10-20 10:15:26 - [MESSAGE][PASSED] - Delayed 4 second(s)

2018-10-20 10:15:26 - [TEST_STEP][PASSED] - click: Object: 'Object Repository/Final Object Repo/WorkFlow Listing Page/Click Continue Tooltip' is clicked on

2018-10-20 10:15:28 - [MESSAGE][PASSED] - Object: 'Object Repository/Final Object Repo/WorkFlow Listing Page/Click Continue Tooltip' is clicked on

2018-10-20 10:15:28 - [TEST_STEP][PASSED] - delay: Delayed 5 second(s)

2018-10-20 10:15:33 - [MESSAGE][PASSED] - Delayed 5 second(s)

2018-10-20 10:15:33 - [TEST_STEP][FAILED] - doubleClick: Unable to double click on object 'Object Repository/Final Object Repo/WorkFlow Listing Page/Workflow Found - Listing 1' (Root cause: com.kms.katalon.core.webui.exception.WebElementNotFoundException: Web element with id: 'Object Repository/Final Object Repo/WorkFlow Listing Page/Workflow Found - Listing 1' located by 'By.xpath: //body/div/div/div/div/div/div/div/div/div/div/div/div/div/div/div/div/table/tbody/tr/td[@class='table-cell  first']/following-sibling::td[1]' not found)

2018-10-20 10:17:43 - [MESSAGE][FAILED] - Unable to double click on object 'Object Repository/Final Object Repo/WorkFlow Listing Page/Workflow Found - Listing 1' (Root cause: com.kms.katalon.core.webui.exception.WebElementNotFoundException: Web element with id: 'Object Repository/Final Object Repo/WorkFlow Listing Page/Workflow Found - Listing 1' located by 'By.xpath: //body/div/div/div/div/div/div/div/div/div/div/div/div/div/div/div/div/table/tbody/tr/td[@class='table-cell  first']/following-sibling::td[1]' not found)
[[ATTACHMENT|C:\\Users\\LENOVO\\Katalon Studio\\Perkeso Phase A\\Reports\\Workflow\\Form 3 EIS - Cessation as Employer\\20181020_023210\\1540001863157.png]]

2018-10-20 10:17:43 - [MESSAGE][FAILED] - Unable to call Test Case with id 'Test Cases/Final Aug 2018 - PKS Automation/Common/Workflow Owner Finder' (Root cause: Call Test Case 'Test Cases/Final Aug 2018 - PKS Automation/Common/Workflow Owner Finder' failed)

2018-10-20 10:17:43 - [MESSAGE][FAILED] - Unable to call Test Case with id 'Test Cases/Final Aug 2018 - PKS Automation/Registration Module/Workflow/Form 3 EIS - Cessation As Employer/Template/Form 3 A - Cessation As Employer (Under enforcement)' (Root cause: Call Test Case 'Test Cases/Final Aug 2018 - PKS Automation/Registration Module/Workflow/Form 3 EIS - Cessation As Employer/Template/Form 3 A - Cessation As Employer (Under enforcement)' failed)]]></system-out>
         <system-err><![CDATA[2018-10-20 10:07:00 - [TEST_CASE][FAILED] - Test Cases/Final Aug 2018 - PKS Automation/Registration Module/Workflow/Form 3 EIS - Cessation As Employer/PKRBO to UO (Under enforcement): Test Cases/Final Aug 2018 - PKS Automation/Registration Module/Workflow/Form 3 EIS - Cessation As Employer/PKRBO to UO (Under enforcement) FAILED because (of) (Stack trace: com.kms.katalon.core.exception.StepFailedException: Unable to click on object 'Object Repository/Final Object Repo/Landing Page/Select to English' (Root cause: com.kms.katalon.core.webui.exception.WebElementNotFoundException: Web element with id: 'Object Repository/Final Object Repo/Landing Page/Select to English' located by 'By.xpath: //a[@class = 'taglib-language-list-text' and @lang = 'en-US' and (contains(text(), 'EN') or contains(., 'EN'))]' not found)
	at com.kms.katalon.core.keyword.internal.KeywordMain.stepFailed(KeywordMain.groovy:32)
	at com.kms.katalon.core.webui.keyword.internal.WebUIKeywordMain.stepFailed(WebUIKeywordMain.groovy:65)
	at com.kms.katalon.core.webui.keyword.internal.WebUIKeywordMain.runKeyword(WebUIKeywordMain.groovy:27)
	at com.kms.katalon.core.webui.keyword.builtin.ClickKeyword.click(ClickKeyword.groovy:86)
	at com.kms.katalon.core.webui.keyword.builtin.ClickKeyword.execute(ClickKeyword.groovy:67)
	at com.kms.katalon.core.keyword.internal.KeywordExecutor.executeKeywordForPlatform(KeywordExecutor.groovy:53)
	at com.kms.katalon.core.webui.keyword.WebUiBuiltInKeywords.click(WebUiBuiltInKeywords.groovy:604)
	at com.kms.katalon.core.webui.keyword.WebUiBuiltInKeywords$click$8.call(Unknown Source)
	at Script1534407542420.run(Script1534407542420.groovy:57)
	at com.kms.katalon.core.main.ScriptEngine.run(ScriptEngine.java:183)
	at com.kms.katalon.core.main.ScriptEngine.runScriptAsRawText(ScriptEngine.java:108)
	at com.kms.katalon.core.main.TestCaseExecutor.runScript(TestCaseExecutor.java:294)
	at com.kms.katalon.core.main.TestCaseExecutor.doExecute(TestCaseExecutor.java:285)
	at com.kms.katalon.core.main.TestCaseExecutor.processExecutionPhase(TestCaseExecutor.java:264)
	at com.kms.katalon.core.main.TestCaseExecutor.accessMainPhase(TestCaseExecutor.java:256)
	at com.kms.katalon.core.main.TestCaseExecutor.execute(TestCaseExecutor.java:200)
	at com.kms.katalon.core.main.TestCaseMain.runTestCase(TestCaseMain.java:99)
	at com.kms.katalon.core.keyword.builtin.CallTestCaseKeyword$_callTestCase_closure1.doCall(CallTestCaseKeyword.groovy:60)
	at com.kms.katalon.core.keyword.builtin.CallTestCaseKeyword$_callTestCase_closure1.call(CallTestCaseKeyword.groovy)
	at com.kms.katalon.core.keyword.internal.KeywordMain.runKeyword(KeywordMain.groovy:54)
	at com.kms.katalon.core.keyword.builtin.CallTestCaseKeyword.callTestCase(CallTestCaseKeyword.groovy:81)
	at com.kms.katalon.core.keyword.builtin.CallTestCaseKeyword.execute(CallTestCaseKeyword.groovy:45)
	at com.kms.katalon.core.keyword.internal.KeywordExecutor.executeKeywordForPlatform(KeywordExecutor.groovy:53)
	at com.kms.katalon.core.keyword.BuiltinKeywords.callTestCase(BuiltinKeywords.groovy:334)
	at sun.reflect.GeneratedMethodAccessor13.invoke(Unknown Source)
	at sun.reflect.DelegatingMethodAccessorImpl.invoke(DelegatingMethodAccessorImpl.java:43)
	at java.lang.reflect.Method.invoke(Method.java:498)
	at org.codehaus.groovy.reflection.CachedMethod.invoke(CachedMethod.java:93)
	at groovy.lang.MetaMethod.doMethodInvoke(MetaMethod.java:325)
	at groovy.lang.MetaClassImpl.invokeStaticMethod(MetaClassImpl.java:1469)
	at org.codehaus.groovy.runtime.callsite.StaticMetaClassSite.call(StaticMetaClassSite.java:53)
	at org.codehaus.groovy.runtime.callsite.AbstractCallSite.call(AbstractCallSite.java:141)
	at Script1536113546450.run(Script1536113546450.groovy:34)
	at com.kms.katalon.core.main.ScriptEngine.run(ScriptEngine.java:183)
	at com.kms.katalon.core.main.ScriptEngine.runScriptAsRawText(ScriptEngine.java:108)
	at com.kms.katalon.core.main.TestCaseExecutor.runScript(TestCaseExecutor.java:294)
	at com.kms.katalon.core.main.TestCaseExecutor.doExecute(TestCaseExecutor.java:285)
	at com.kms.katalon.core.main.TestCaseExecutor.processExecutionPhase(TestCaseExecutor.java:264)
	at com.kms.katalon.core.main.TestCaseExecutor.accessMainPhase(TestCaseExecutor.java:256)
	at com.kms.katalon.core.main.TestCaseExecutor.execute(TestCaseExecutor.java:200)
	at com.kms.katalon.core.main.TestCaseMain.runTestCase(TestCaseMain.java:99)
	at com.kms.katalon.core.keyword.builtin.CallTestCaseKeyword$_callTestCase_closure1.doCall(CallTestCaseKeyword.groovy:60)
	at com.kms.katalon.core.keyword.builtin.CallTestCaseKeyword$_callTestCase_closure1.call(CallTestCaseKeyword.groovy)
	at com.kms.katalon.core.keyword.internal.KeywordMain.runKeyword(KeywordMain.groovy:54)
	at com.kms.katalon.core.keyword.builtin.CallTestCaseKeyword.callTestCase(CallTestCaseKeyword.groovy:81)
	at com.kms.katalon.core.keyword.builtin.CallTestCaseKeyword.execute(CallTestCaseKeyword.groovy:45)
	at com.kms.katalon.core.keyword.internal.KeywordExecutor.executeKeywordForPlatform(KeywordExecutor.groovy:53)
	at com.kms.katalon.core.keyword.BuiltinKeywords.callTestCase(BuiltinKeywords.groovy:334)
	at sun.reflect.GeneratedMethodAccessor13.invoke(Unknown Source)
	at sun.reflect.DelegatingMethodAccessorImpl.invoke(DelegatingMethodAccessorImpl.java:43)
	at java.lang.reflect.Method.invoke(Method.java:498)
	at org.codehaus.groovy.reflection.CachedMethod.invoke(CachedMethod.java:93)
	at groovy.lang.MetaMethod.doMethodInvoke(MetaMethod.java:325)
	at groovy.lang.MetaClassImpl.invokeStaticMethod(MetaClassImpl.java:1469)
	at org.codehaus.groovy.runtime.callsite.StaticMetaClassSite.call(StaticMetaClassSite.java:53)
	at org.codehaus.groovy.runtime.callsite.CallSiteArray.defaultCall(CallSiteArray.java:48)
	at org.codehaus.groovy.runtime.callsite.AbstractCallSite.call(AbstractCallSite.java:113)
	at org.codehaus.groovy.runtime.callsite.AbstractCallSite.call(AbstractCallSite.java:141)
	at Script1536204639269.run(Script1536204639269.groovy:25)
	at com.kms.katalon.core.main.ScriptEngine.run(ScriptEngine.java:183)
	at com.kms.katalon.core.main.ScriptEngine.runScriptAsRawText(ScriptEngine.java:108)
	at com.kms.katalon.core.main.TestCaseExecutor.runScript(TestCaseExecutor.java:294)
	at com.kms.katalon.core.main.TestCaseExecutor.doExecute(TestCaseExecutor.java:285)
	at com.kms.katalon.core.main.TestCaseExecutor.processExecutionPhase(TestCaseExecutor.java:264)
	at com.kms.katalon.core.main.TestCaseExecutor.accessMainPhase(TestCaseExecutor.java:256)
	at com.kms.katalon.core.main.TestCaseExecutor.execute(TestCaseExecutor.java:200)
	at com.kms.katalon.core.main.TestSuiteExecutor.accessTestCaseMainPhase(TestSuiteExecutor.java:129)
	at com.kms.katalon.core.main.TestSuiteExecutor.accessTestSuiteMainPhase(TestSuiteExecutor.java:112)
	at com.kms.katalon.core.main.TestSuiteExecutor.execute(TestSuiteExecutor.java:81)
	at com.kms.katalon.core.main.TestCaseMain.startTestSuite(TestCaseMain.java:142)
	at com.kms.katalon.core.main.TestCaseMain$startTestSuite$0.call(Unknown Source)
	at org.codehaus.groovy.runtime.callsite.CallSiteArray.defaultCall(CallSiteArray.java:48)
	at org.codehaus.groovy.runtime.callsite.AbstractCallSite.call(AbstractCallSite.java:113)
	at org.codehaus.groovy.runtime.callsite.AbstractCallSite.call(AbstractCallSite.java:141)
	at TempTestSuite1539973930605.run(TempTestSuite1539973930605.groovy:36)
	at groovy.lang.GroovyShell.runScriptOrMainOrTestOrRunnable(GroovyShell.java:263)
	at groovy.lang.GroovyShell.run(GroovyShell.java:518)
	at groovy.lang.GroovyShell.run(GroovyShell.java:507)
	at groovy.ui.GroovyMain.processOnce(GroovyMain.java:653)
	at groovy.ui.GroovyMain.run(GroovyMain.java:384)
	at groovy.ui.GroovyMain.process(GroovyMain.java:370)
	at groovy.ui.GroovyMain.processArgs(GroovyMain.java:129)
	at groovy.ui.GroovyMain.main(GroovyMain.java:109)
	at sun.reflect.NativeMethodAccessorImpl.invoke0(Native Method)
	at sun.reflect.NativeMethodAccessorImpl.invoke(NativeMethodAccessorImpl.java:62)
	at sun.reflect.DelegatingMethodAccessorImpl.invoke(DelegatingMethodAccessorImpl.java:43)
	at java.lang.reflect.Method.invoke(Method.java:498)
	at org.codehaus.groovy.tools.GroovyStarter.rootLoader(GroovyStarter.java:109)
	at org.codehaus.groovy.tools.GroovyStarter.main(GroovyStarter.java:131)
)]]></system-err>
      </testcase>
      <system-out><![CDATA[2018-10-20 08:02:50 - [TEST_SUITE][FAILED] - Form 3 EIS - Cessation as Employer: Test Cases/Final Aug 2018 - PKS Automation/Registration Module/Workflow/Form 3 EIS - Cessation As Employer/Employer to UO (Approve) FAILED because (of) (Stack trace: com.kms.katalon.core.exception.StepFailedException: Unable to click on object 'Object Repository/Final Object Repo/Page_Form 3 EIS - Cessation as Employer/Add Document' (Root cause: com.kms.katalon.core.webui.exception.WebElementNotFoundException: Web element with id: 'Object Repository/Final Object Repo/Page_Form 3 EIS - Cessation as Employer/Add Document' located by 'By.xpath: //a[(text() = '
					ADD DOCUMENT
	             ' or . = '
					ADD DOCUMENT
	             ')]' not found)
	at com.kms.katalon.core.keyword.internal.KeywordMain.stepFailed(KeywordMain.groovy:32)
	at com.kms.katalon.core.webui.keyword.internal.WebUIKeywordMain.stepFailed(WebUIKeywordMain.groovy:65)
	at com.kms.katalon.core.webui.keyword.internal.WebUIKeywordMain.runKeyword(WebUIKeywordMain.groovy:27)
	at com.kms.katalon.core.webui.keyword.builtin.ClickKeyword.click(ClickKeyword.groovy:86)
	at com.kms.katalon.core.webui.keyword.builtin.ClickKeyword.execute(ClickKeyword.groovy:67)
	at com.kms.katalon.core.keyword.internal.KeywordExecutor.executeKeywordForPlatform(KeywordExecutor.groovy:53)
	at com.kms.katalon.core.webui.keyword.WebUiBuiltInKeywords.click(WebUiBuiltInKeywords.groovy:616)
	at com.kms.katalon.core.webui.keyword.WebUiBuiltInKeywords$click$2.call(Unknown Source)
	at org.codehaus.groovy.runtime.callsite.CallSiteArray.defaultCall(CallSiteArray.java:48)
	at org.codehaus.groovy.runtime.callsite.AbstractCallSite.call(AbstractCallSite.java:113)
	at org.codehaus.groovy.runtime.callsite.AbstractCallSite.call(AbstractCallSite.java:125)
	at Script1536732166908.run(Script1536732166908.groovy:82)
	at com.kms.katalon.core.main.ScriptEngine.run(ScriptEngine.java:183)
	at com.kms.katalon.core.main.ScriptEngine.runScriptAsRawText(ScriptEngine.java:108)
	at com.kms.katalon.core.main.TestCaseExecutor.runScript(TestCaseExecutor.java:294)
	at com.kms.katalon.core.main.TestCaseExecutor.doExecute(TestCaseExecutor.java:285)
	at com.kms.katalon.core.main.TestCaseExecutor.processExecutionPhase(TestCaseExecutor.java:264)
	at com.kms.katalon.core.main.TestCaseExecutor.accessMainPhase(TestCaseExecutor.java:256)
	at com.kms.katalon.core.main.TestCaseExecutor.execute(TestCaseExecutor.java:200)
	at com.kms.katalon.core.main.TestCaseMain.runTestCase(TestCaseMain.java:99)
	at com.kms.katalon.core.keyword.builtin.CallTestCaseKeyword$_callTestCase_closure1.doCall(CallTestCaseKeyword.groovy:60)
	at com.kms.katalon.core.keyword.builtin.CallTestCaseKeyword$_callTestCase_closure1.call(CallTestCaseKeyword.groovy)
	at com.kms.katalon.core.keyword.internal.KeywordMain.runKeyword(KeywordMain.groovy:54)
	at com.kms.katalon.core.keyword.builtin.CallTestCaseKeyword.callTestCase(CallTestCaseKeyword.groovy:81)
	at com.kms.katalon.core.keyword.builtin.CallTestCaseKeyword.execute(CallTestCaseKeyword.groovy:45)
	at com.kms.katalon.core.keyword.internal.KeywordExecutor.executeKeywordForPlatform(KeywordExecutor.groovy:53)
	at com.kms.katalon.core.keyword.BuiltinKeywords.callTestCase(BuiltinKeywords.groovy:334)
	at sun.reflect.NativeMethodAccessorImpl.invoke0(Native Method)
	at sun.reflect.NativeMethodAccessorImpl.invoke(NativeMethodAccessorImpl.java:62)
	at sun.reflect.DelegatingMethodAccessorImpl.invoke(DelegatingMethodAccessorImpl.java:43)
	at java.lang.reflect.Method.invoke(Method.java:498)
	at org.codehaus.groovy.reflection.CachedMethod.invoke(CachedMethod.java:93)
	at groovy.lang.MetaMethod.doMethodInvoke(MetaMethod.java:325)
	at groovy.lang.MetaClassImpl.invokeStaticMethod(MetaClassImpl.java:1469)
	at org.codehaus.groovy.runtime.callsite.StaticMetaClassSite.call(StaticMetaClassSite.java:53)
	at org.codehaus.groovy.runtime.callsite.CallSiteArray.defaultCall(CallSiteArray.java:48)
	at org.codehaus.groovy.runtime.callsite.AbstractCallSite.call(AbstractCallSite.java:113)
	at org.codehaus.groovy.runtime.callsite.AbstractCallSite.call(AbstractCallSite.java:141)
	at Script1536733676931.run(Script1536733676931.groovy:22)
	at com.kms.katalon.core.main.ScriptEngine.run(ScriptEngine.java:183)
	at com.kms.katalon.core.main.ScriptEngine.runScriptAsRawText(ScriptEngine.java:108)
	at com.kms.katalon.core.main.TestCaseExecutor.runScript(TestCaseExecutor.java:294)
	at com.kms.katalon.core.main.TestCaseExecutor.doExecute(TestCaseExecutor.java:285)
	at com.kms.katalon.core.main.TestCaseExecutor.processExecutionPhase(TestCaseExecutor.java:264)
	at com.kms.katalon.core.main.TestCaseExecutor.accessMainPhase(TestCaseExecutor.java:256)
	at com.kms.katalon.core.main.TestCaseExecutor.execute(TestCaseExecutor.java:200)
	at com.kms.katalon.core.main.TestSuiteExecutor.accessTestCaseMainPhase(TestSuiteExecutor.java:129)
	at com.kms.katalon.core.main.TestSuiteExecutor.accessTestSuiteMainPhase(TestSuiteExecutor.java:112)
	at com.kms.katalon.core.main.TestSuiteExecutor.execute(TestSuiteExecutor.java:81)
	at com.kms.katalon.core.main.TestCaseMain.startTestSuite(TestCaseMain.java:142)
	at com.kms.katalon.core.main.TestCaseMain$startTestSuite$0.call(Unknown Source)
	at org.codehaus.groovy.runtime.callsite.CallSiteArray.defaultCall(CallSiteArray.java:48)
	at org.codehaus.groovy.runtime.callsite.AbstractCallSite.call(AbstractCallSite.java:113)
	at org.codehaus.groovy.runtime.callsite.AbstractCallSite.call(AbstractCallSite.java:141)
	at TempTestSuite1539973930605.run(TempTestSuite1539973930605.groovy:36)
	at groovy.lang.GroovyShell.runScriptOrMainOrTestOrRunnable(GroovyShell.java:263)
	at groovy.lang.GroovyShell.run(GroovyShell.java:518)
	at groovy.lang.GroovyShell.run(GroovyShell.java:507)
	at groovy.ui.GroovyMain.processOnce(GroovyMain.java:653)
	at groovy.ui.GroovyMain.run(GroovyMain.java:384)
	at groovy.ui.GroovyMain.process(GroovyMain.java:370)
	at groovy.ui.GroovyMain.processArgs(GroovyMain.java:129)
	at groovy.ui.GroovyMain.main(GroovyMain.java:109)
	at sun.reflect.NativeMethodAccessorImpl.invoke0(Native Method)
	at sun.reflect.NativeMethodAccessorImpl.invoke(NativeMethodAccessorImpl.java:62)
	at sun.reflect.DelegatingMethodAccessorImpl.invoke(DelegatingMethodAccessorImpl.java:43)
	at java.lang.reflect.Method.invoke(Method.java:498)
	at org.codehaus.groovy.tools.GroovyStarter.rootLoader(GroovyStarter.java:109)
	at org.codehaus.groovy.tools.GroovyStarter.main(GroovyStarter.java:131)
)]]></system-out>
      <system-err><![CDATA[2018-10-20 08:02:50 - [TEST_SUITE][FAILED] - Form 3 EIS - Cessation as Employer: Test Cases/Final Aug 2018 - PKS Automation/Registration Module/Workflow/Form 3 EIS - Cessation As Employer/Employer to UO (Approve) FAILED because (of) (Stack trace: com.kms.katalon.core.exception.StepFailedException: Unable to click on object 'Object Repository/Final Object Repo/Page_Form 3 EIS - Cessation as Employer/Add Document' (Root cause: com.kms.katalon.core.webui.exception.WebElementNotFoundException: Web element with id: 'Object Repository/Final Object Repo/Page_Form 3 EIS - Cessation as Employer/Add Document' located by 'By.xpath: //a[(text() = '
					ADD DOCUMENT
	             ' or . = '
					ADD DOCUMENT
	             ')]' not found)
	at com.kms.katalon.core.keyword.internal.KeywordMain.stepFailed(KeywordMain.groovy:32)
	at com.kms.katalon.core.webui.keyword.internal.WebUIKeywordMain.stepFailed(WebUIKeywordMain.groovy:65)
	at com.kms.katalon.core.webui.keyword.internal.WebUIKeywordMain.runKeyword(WebUIKeywordMain.groovy:27)
	at com.kms.katalon.core.webui.keyword.builtin.ClickKeyword.click(ClickKeyword.groovy:86)
	at com.kms.katalon.core.webui.keyword.builtin.ClickKeyword.execute(ClickKeyword.groovy:67)
	at com.kms.katalon.core.keyword.internal.KeywordExecutor.executeKeywordForPlatform(KeywordExecutor.groovy:53)
	at com.kms.katalon.core.webui.keyword.WebUiBuiltInKeywords.click(WebUiBuiltInKeywords.groovy:616)
	at com.kms.katalon.core.webui.keyword.WebUiBuiltInKeywords$click$2.call(Unknown Source)
	at org.codehaus.groovy.runtime.callsite.CallSiteArray.defaultCall(CallSiteArray.java:48)
	at org.codehaus.groovy.runtime.callsite.AbstractCallSite.call(AbstractCallSite.java:113)
	at org.codehaus.groovy.runtime.callsite.AbstractCallSite.call(AbstractCallSite.java:125)
	at Script1536732166908.run(Script1536732166908.groovy:82)
	at com.kms.katalon.core.main.ScriptEngine.run(ScriptEngine.java:183)
	at com.kms.katalon.core.main.ScriptEngine.runScriptAsRawText(ScriptEngine.java:108)
	at com.kms.katalon.core.main.TestCaseExecutor.runScript(TestCaseExecutor.java:294)
	at com.kms.katalon.core.main.TestCaseExecutor.doExecute(TestCaseExecutor.java:285)
	at com.kms.katalon.core.main.TestCaseExecutor.processExecutionPhase(TestCaseExecutor.java:264)
	at com.kms.katalon.core.main.TestCaseExecutor.accessMainPhase(TestCaseExecutor.java:256)
	at com.kms.katalon.core.main.TestCaseExecutor.execute(TestCaseExecutor.java:200)
	at com.kms.katalon.core.main.TestCaseMain.runTestCase(TestCaseMain.java:99)
	at com.kms.katalon.core.keyword.builtin.CallTestCaseKeyword$_callTestCase_closure1.doCall(CallTestCaseKeyword.groovy:60)
	at com.kms.katalon.core.keyword.builtin.CallTestCaseKeyword$_callTestCase_closure1.call(CallTestCaseKeyword.groovy)
	at com.kms.katalon.core.keyword.internal.KeywordMain.runKeyword(KeywordMain.groovy:54)
	at com.kms.katalon.core.keyword.builtin.CallTestCaseKeyword.callTestCase(CallTestCaseKeyword.groovy:81)
	at com.kms.katalon.core.keyword.builtin.CallTestCaseKeyword.execute(CallTestCaseKeyword.groovy:45)
	at com.kms.katalon.core.keyword.internal.KeywordExecutor.executeKeywordForPlatform(KeywordExecutor.groovy:53)
	at com.kms.katalon.core.keyword.BuiltinKeywords.callTestCase(BuiltinKeywords.groovy:334)
	at sun.reflect.NativeMethodAccessorImpl.invoke0(Native Method)
	at sun.reflect.NativeMethodAccessorImpl.invoke(NativeMethodAccessorImpl.java:62)
	at sun.reflect.DelegatingMethodAccessorImpl.invoke(DelegatingMethodAccessorImpl.java:43)
	at java.lang.reflect.Method.invoke(Method.java:498)
	at org.codehaus.groovy.reflection.CachedMethod.invoke(CachedMethod.java:93)
	at groovy.lang.MetaMethod.doMethodInvoke(MetaMethod.java:325)
	at groovy.lang.MetaClassImpl.invokeStaticMethod(MetaClassImpl.java:1469)
	at org.codehaus.groovy.runtime.callsite.StaticMetaClassSite.call(StaticMetaClassSite.java:53)
	at org.codehaus.groovy.runtime.callsite.CallSiteArray.defaultCall(CallSiteArray.java:48)
	at org.codehaus.groovy.runtime.callsite.AbstractCallSite.call(AbstractCallSite.java:113)
	at org.codehaus.groovy.runtime.callsite.AbstractCallSite.call(AbstractCallSite.java:141)
	at Script1536733676931.run(Script1536733676931.groovy:22)
	at com.kms.katalon.core.main.ScriptEngine.run(ScriptEngine.java:183)
	at com.kms.katalon.core.main.ScriptEngine.runScriptAsRawText(ScriptEngine.java:108)
	at com.kms.katalon.core.main.TestCaseExecutor.runScript(TestCaseExecutor.java:294)
	at com.kms.katalon.core.main.TestCaseExecutor.doExecute(TestCaseExecutor.java:285)
	at com.kms.katalon.core.main.TestCaseExecutor.processExecutionPhase(TestCaseExecutor.java:264)
	at com.kms.katalon.core.main.TestCaseExecutor.accessMainPhase(TestCaseExecutor.java:256)
	at com.kms.katalon.core.main.TestCaseExecutor.execute(TestCaseExecutor.java:200)
	at com.kms.katalon.core.main.TestSuiteExecutor.accessTestCaseMainPhase(TestSuiteExecutor.java:129)
	at com.kms.katalon.core.main.TestSuiteExecutor.accessTestSuiteMainPhase(TestSuiteExecutor.java:112)
	at com.kms.katalon.core.main.TestSuiteExecutor.execute(TestSuiteExecutor.java:81)
	at com.kms.katalon.core.main.TestCaseMain.startTestSuite(TestCaseMain.java:142)
	at com.kms.katalon.core.main.TestCaseMain$startTestSuite$0.call(Unknown Source)
	at org.codehaus.groovy.runtime.callsite.CallSiteArray.defaultCall(CallSiteArray.java:48)
	at org.codehaus.groovy.runtime.callsite.AbstractCallSite.call(AbstractCallSite.java:113)
	at org.codehaus.groovy.runtime.callsite.AbstractCallSite.call(AbstractCallSite.java:141)
	at TempTestSuite1539973930605.run(TempTestSuite1539973930605.groovy:36)
	at groovy.lang.GroovyShell.runScriptOrMainOrTestOrRunnable(GroovyShell.java:263)
	at groovy.lang.GroovyShell.run(GroovyShell.java:518)
	at groovy.lang.GroovyShell.run(GroovyShell.java:507)
	at groovy.ui.GroovyMain.processOnce(GroovyMain.java:653)
	at groovy.ui.GroovyMain.run(GroovyMain.java:384)
	at groovy.ui.GroovyMain.process(GroovyMain.java:370)
	at groovy.ui.GroovyMain.processArgs(GroovyMain.java:129)
	at groovy.ui.GroovyMain.main(GroovyMain.java:109)
	at sun.reflect.NativeMethodAccessorImpl.invoke0(Native Method)
	at sun.reflect.NativeMethodAccessorImpl.invoke(NativeMethodAccessorImpl.java:62)
	at sun.reflect.DelegatingMethodAccessorImpl.invoke(DelegatingMethodAccessorImpl.java:43)
	at java.lang.reflect.Method.invoke(Method.java:498)
	at org.codehaus.groovy.tools.GroovyStarter.rootLoader(GroovyStarter.java:109)
	at org.codehaus.groovy.tools.GroovyStarter.main(GroovyStarter.java:131)
)]]></system-err>
   </testsuite>
</testsuites>
