<?xml version="1.0" encoding="UTF-8"?>
<testsuites name="Form 3 EIS - Cessation as Employer" time="3742" tests="11" failures="1" errors="0">
   <testsuite name="Form 3 EIS - Cessation as Employer" tests="11" failures="1" errors="0" time="3742" timestamp="2018-12-17 16:41:08" hostname="Admin - Win7Test02" id="Test Suites/Workflow/Form 3 EIS - Cessation as Employer">
      <properties>
         <property name="deviceName" value=""/>
         <property name="devicePlatform" value=""/>
         <property name="logFolder" value="C:\\Users\\Admin\\Desktop\\PKS\\Perkeso Phase A\\Reports\\Workflow\\Form 3 EIS - Cessation as Employer\\20181217_164106"/>
         <property name="logFiles" value="C:\\Users\\Admin\\Desktop\\PKS\\Perkeso Phase A\\Reports\\Workflow\\Form 3 EIS - Cessation as Employer\\20181217_164106\\execution0.log"/>
         <property name="attachments" value="C:\\Users\\Admin\\Desktop\\PKS\\Perkeso Phase A\\Reports\\Workflow\\Form 3 EIS - Cessation as Employer\\20181217_164106\\1545038352719.png, C:\\Users\\Admin\\Desktop\\PKS\\Perkeso Phase A\\Reports\\Workflow\\Form 3 EIS - Cessation as Employer\\20181217_164106\\1545038387433.png, C:\\Users\\Admin\\Desktop\\PKS\\Perkeso Phase A\\Reports\\Workflow\\Form 3 EIS - Cessation as Employer\\20181217_164106\\1545038422578.png, C:\\Users\\Admin\\Desktop\\PKS\\Perkeso Phase A\\Reports\\Workflow\\Form 3 EIS - Cessation as Employer\\20181217_164106\\1545038461551.png, C:\\Users\\Admin\\Desktop\\PKS\\Perkeso Phase A\\Reports\\Workflow\\Form 3 EIS - Cessation as Employer\\20181217_164106\\1545038495298.png, C:\\Users\\Admin\\Desktop\\PKS\\Perkeso Phase A\\Reports\\Workflow\\Form 3 EIS - Cessation as Employer\\20181217_164106\\1545038530246.png, C:\\Users\\Admin\\Desktop\\PKS\\Perkeso Phase A\\Reports\\Workflow\\Form 3 EIS - Cessation as Employer\\20181217_164106\\1545038566209.png, C:\\Users\\Admin\\Desktop\\PKS\\Perkeso Phase A\\Reports\\Workflow\\Form 3 EIS - Cessation as Employer\\20181217_164106\\1545038601339.png"/>
         <property name="hostName" value="Admin - Win7Test02"/>
         <property name="os" value="Windows 7 64bit"/>
         <property name="katalonVersion" value="5.8.6.1"/>
         <property name="browser" value="Chrome 71.0.3578.98"/>
         <property name="hostAddress" value="10.20.3.72"/>
         <property name="sessionId" value="9837a0a4242d6f72550d01133260bff1"/>
         <property name="seleniumVersion" value="3.7.1"/>
         <property name="proxyInformation" value="ProxyInformation{proxyOption=NO_PROXY, proxyServerType=HTTP, password=, proxyServerAddress=, proxyServerPort=0}"/>
         <property name="platform" value="Windows 7"/>
      </properties>
      <testcase name="Test Cases/Final Aug 2018 - PKS Automation/Registration Module/Workflow/Form 3 EIS - Cessation As Employer/Employer to UO (Approve)" classname="Test Cases/Final Aug 2018 - PKS Automation/Registration Module/Workflow/Form 3 EIS - Cessation As Employer/Employer to UO (Approve)" status="PASSED">
         <system-out><![CDATA[2018-12-17 16:41:09 - [TEST_CASE][PASSED] - Test Cases/Final Aug 2018 - PKS Automation/Registration Module/Workflow/Form 3 EIS - Cessation As Employer/Employer to UO (Approve): Test Cases/Final Aug 2018 - PKS Automation/Registration Module/Workflow/Form 3 EIS - Cessation As Employer/Employer to UO (Approve)

2018-12-17 16:41:09 - [TEST_STEP][PASSED] - callTestCase: Call Test Case 'Test Cases/Final Aug 2018 - PKS Automation/Registration Module/Workflow/Form 3 EIS - Cessation As Employer/Template/Form 3 A - Cessation As Employer (Employer)' successfully

2018-12-17 16:41:09 - [TEST_CASE][PASSED] - Test Cases/Final Aug 2018 - PKS Automation/Registration Module/Workflow/Form 3 EIS - Cessation As Employer/Template/Form 3 A - Cessation As Employer (Employer): Test Cases/Final Aug 2018 - PKS Automation/Registration Module/Workflow/Form 3 EIS - Cessation As Employer/Template/Form 3 A - Cessation As Employer (Employer)

2018-12-17 16:41:09 - [TEST_STEP][PASSED] - callTestCase: Call Test Case 'Test Cases/Final Aug 2018 - PKS Automation/Registration Module/Workflow/Update Add New Employee/Template/New Company for Update Add New - Employer' successfully

2018-12-17 16:41:09 - [TEST_CASE][PASSED] - Test Cases/Final Aug 2018 - PKS Automation/Registration Module/Workflow/Update Add New Employee/Template/New Company for Update Add New - Employer: Test Cases/Final Aug 2018 - PKS Automation/Registration Module/Workflow/Update Add New Employee/Template/New Company for Update Add New - Employer

2018-12-17 16:41:10 - [TEST_STEP][PASSED] - callTestCase: Call Test Case 'Test Cases/Final Aug 2018 - PKS Automation/Create Employer Acc/Create Employer Account' successfully

2018-12-17 16:41:10 - [TEST_CASE][PASSED] - Test Cases/Final Aug 2018 - PKS Automation/Create Employer Acc/Create Employer Account: Test Cases/Final Aug 2018 - PKS Automation/Create Employer Acc/Create Employer Account

2018-12-17 16:41:10 - [TEST_STEP][PASSED] - callTestCase: Call Test Case 'Test Cases/Final Aug 2018 - PKS Automation/Create Employer Acc/Template/Register Employer' successfully

2018-12-17 16:41:10 - [TEST_CASE][PASSED] - Test Cases/Final Aug 2018 - PKS Automation/Create Employer Acc/Template/Register Employer: Test Cases/Final Aug 2018 - PKS Automation/Create Employer Acc/Template/Register Employer

2018-12-17 16:41:11 - [TEST_STEP][PASSED] - openBrowser: Browser is opened with url: ''

2018-12-17 16:41:15 - [MESSAGE][PASSED] - Browser is opened with url: ''

2018-12-17 16:41:15 - [TEST_STEP][PASSED] - navigateToUrl: Navigate to 'https://assist2-uat.perkeso.gov.my/login' successfully

2018-12-17 16:41:16 - [MESSAGE][PASSED] - Navigate to 'https://assist2-uat.perkeso.gov.my/login' successfully

2018-12-17 16:41:16 - [TEST_STEP][PASSED] - setText: Text 'johorotc1@gmail.com' is set on object 'Object Repository/Final Object Repo/Login Page/Internal User/Email Address'

2018-12-17 16:41:16 - [MESSAGE][PASSED] - Text 'johorotc1@gmail.com' is set on object 'Object Repository/Final Object Repo/Login Page/Internal User/Email Address'

2018-12-17 16:41:16 - [TEST_STEP][PASSED] - click: Object: 'Object Repository/Final Object Repo/Login Page/Internal User/Next Button' is clicked on

2018-12-17 16:41:16 - [MESSAGE][PASSED] - Object: 'Object Repository/Final Object Repo/Login Page/Internal User/Next Button' is clicked on

2018-12-17 16:41:16 - [TEST_STEP][PASSED] - delay: Delayed 1 second(s)

2018-12-17 16:41:17 - [MESSAGE][PASSED] - Delayed 1 second(s)

2018-12-17 16:41:17 - [TEST_STEP][PASSED] - setEncryptedText: Text ****** has been set on object 'Object Repository/Final Object Repo/Login Page/Internal User/Password'

2018-12-17 16:41:18 - [MESSAGE][PASSED] - Text ****** has been set on object 'Object Repository/Final Object Repo/Login Page/Internal User/Password'

2018-12-17 16:41:18 - [TEST_STEP][PASSED] - click: Object: 'Object Repository/Final Object Repo/Login Page/Internal User/Login Button' is clicked on

2018-12-17 16:41:18 - [MESSAGE][PASSED] - Object: 'Object Repository/Final Object Repo/Login Page/Internal User/Login Button' is clicked on

2018-12-17 16:41:18 - [TEST_STEP][PASSED] - delay: Delayed 1 second(s)

2018-12-17 16:41:19 - [MESSAGE][PASSED] - Delayed 1 second(s)

2018-12-17 16:41:19 - [TEST_STEP][PASSED] - navigateToUrl: Navigate to 'https://assist2-uat.perkeso.gov.my/web/base/portal-id/registration' successfully

2018-12-17 16:41:21 - [MESSAGE][PASSED] - Navigate to 'https://assist2-uat.perkeso.gov.my/web/base/portal-id/registration' successfully

2018-12-17 16:41:21 - [TEST_STEP][PASSED] - setText: Text 'AUTOMATION EMPLOYER' is set on object 'Object Repository/Final Object Repo/Creating Employer Account/Page_Registration - ASSIST (Base)/Employer Name'

2018-12-17 16:41:21 - [MESSAGE][PASSED] - Text 'AUTOMATION EMPLOYER' is set on object 'Object Repository/Final Object Repo/Creating Employer Account/Page_Registration - ASSIST (Base)/Employer Name'

2018-12-17 16:41:22 - [TEST_STEP][PASSED] - delay: Delayed 2 second(s)

2018-12-17 16:41:24 - [MESSAGE][PASSED] - Delayed 2 second(s)

2018-12-17 16:41:24 - [TEST_STEP][PASSED] - click: Object: 'Object Repository/Final Object Repo/Creating Employer Account/Page_Registration - ASSIST (Base)/Registration Type' is clicked on

2018-12-17 16:41:24 - [MESSAGE][PASSED] - Object: 'Object Repository/Final Object Repo/Creating Employer Account/Page_Registration - ASSIST (Base)/Registration Type' is clicked on

2018-12-17 16:41:24 - [TEST_STEP][PASSED] - delay: Delayed 2 second(s)

2018-12-17 16:41:26 - [MESSAGE][PASSED] - Delayed 2 second(s)

2018-12-17 16:41:26 - [TEST_STEP][PASSED] - click: Object: 'Object Repository/Final Object Repo/Creating Employer Account/Page_Registration - ASSIST (Base)/Registration Type - Registration No' is clicked on

2018-12-17 16:41:26 - [MESSAGE][PASSED] - Object: 'Object Repository/Final Object Repo/Creating Employer Account/Page_Registration - ASSIST (Base)/Registration Type - Registration No' is clicked on

2018-12-17 16:41:26 - [TEST_STEP][PASSED] - delay: Delayed 2 second(s)

2018-12-17 16:41:28 - [MESSAGE][PASSED] - Delayed 2 second(s)

2018-12-17 16:41:28 - [TEST_STEP][PASSED] - setText: Text 'AUTOMATE001' is set on object 'Object Repository/Final Object Repo/Creating Employer Account/Page_Registration - ASSIST (Base)/Registration Number'

2018-12-17 16:41:28 - [MESSAGE][PASSED] - Text 'AUTOMATE001' is set on object 'Object Repository/Final Object Repo/Creating Employer Account/Page_Registration - ASSIST (Base)/Registration Number'

2018-12-17 16:41:28 - [TEST_STEP][PASSED] - delay: Delayed 2 second(s)

2018-12-17 16:41:30 - [MESSAGE][PASSED] - Delayed 2 second(s)

2018-12-17 16:41:30 - [TEST_STEP][PASSED] - setText: Text 'ADDRESS 1' is set on object 'Object Repository/Final Object Repo/Creating Employer Account/Page_Registration - ASSIST (Base)/Postal Address 1'

2018-12-17 16:41:31 - [MESSAGE][PASSED] - Text 'ADDRESS 1' is set on object 'Object Repository/Final Object Repo/Creating Employer Account/Page_Registration - ASSIST (Base)/Postal Address 1'

2018-12-17 16:41:31 - [TEST_STEP][PASSED] - setText: Text 'ADDRESS 2' is set on object 'Object Repository/Final Object Repo/Creating Employer Account/Page_Registration - ASSIST (Base)/Postal Address 2'

2018-12-17 16:41:31 - [MESSAGE][PASSED] - Text 'ADDRESS 2' is set on object 'Object Repository/Final Object Repo/Creating Employer Account/Page_Registration - ASSIST (Base)/Postal Address 2'

2018-12-17 16:41:31 - [TEST_STEP][PASSED] - click: Object: 'Object Repository/Final Object Repo/Creating Employer Account/Page_Registration - ASSIST (Base)/State' is clicked on

2018-12-17 16:41:31 - [MESSAGE][PASSED] - Object: 'Object Repository/Final Object Repo/Creating Employer Account/Page_Registration - ASSIST (Base)/State' is clicked on

2018-12-17 16:41:31 - [TEST_STEP][PASSED] - delay: Delayed 2 second(s)

2018-12-17 16:41:33 - [MESSAGE][PASSED] - Delayed 2 second(s)

2018-12-17 16:41:33 - [TEST_STEP][PASSED] - click: Object: 'Object Repository/Final Object Repo/Creating Employer Account/Page_Registration - ASSIST (Base)/State - Johor' is clicked on

2018-12-17 16:41:34 - [MESSAGE][PASSED] - Object: 'Object Repository/Final Object Repo/Creating Employer Account/Page_Registration - ASSIST (Base)/State - Johor' is clicked on

2018-12-17 16:41:34 - [TEST_STEP][PASSED] - delay: Delayed 2 second(s)

2018-12-17 16:41:36 - [MESSAGE][PASSED] - Delayed 2 second(s)

2018-12-17 16:41:36 - [TEST_STEP][PASSED] - click: Object: 'Object Repository/Final Object Repo/Creating Employer Account/Page_Registration - ASSIST (Base)/City' is clicked on

2018-12-17 16:41:36 - [MESSAGE][PASSED] - Object: 'Object Repository/Final Object Repo/Creating Employer Account/Page_Registration - ASSIST (Base)/City' is clicked on

2018-12-17 16:41:36 - [TEST_STEP][PASSED] - delay: Delayed 2 second(s)

2018-12-17 16:41:38 - [MESSAGE][PASSED] - Delayed 2 second(s)

2018-12-17 16:41:38 - [TEST_STEP][PASSED] - setText: Text 'joh' is set on object 'Object Repository/Final Object Repo/Creating Employer Account/Page_Registration - ASSIST (Base)/City - joh'

2018-12-17 16:41:38 - [MESSAGE][PASSED] - Text 'joh' is set on object 'Object Repository/Final Object Repo/Creating Employer Account/Page_Registration - ASSIST (Base)/City - joh'

2018-12-17 16:41:38 - [TEST_STEP][PASSED] - delay: Delayed 2 second(s)

2018-12-17 16:41:40 - [MESSAGE][PASSED] - Delayed 2 second(s)

2018-12-17 16:41:40 - [TEST_STEP][PASSED] - click: Object: 'Object Repository/Final Object Repo/Creating Employer Account/Page_Registration - ASSIST (Base)/City - Johor Bharu' is clicked on

2018-12-17 16:41:40 - [MESSAGE][PASSED] - Object: 'Object Repository/Final Object Repo/Creating Employer Account/Page_Registration - ASSIST (Base)/City - Johor Bharu' is clicked on

2018-12-17 16:41:40 - [TEST_STEP][PASSED] - delay: Delayed 2 second(s)

2018-12-17 16:41:42 - [MESSAGE][PASSED] - Delayed 2 second(s)

2018-12-17 16:41:42 - [TEST_STEP][PASSED] - click: Object: 'Object Repository/Final Object Repo/Creating Employer Account/Page_Registration - ASSIST (Base)/Post Code' is clicked on

2018-12-17 16:41:42 - [MESSAGE][PASSED] - Object: 'Object Repository/Final Object Repo/Creating Employer Account/Page_Registration - ASSIST (Base)/Post Code' is clicked on

2018-12-17 16:41:42 - [TEST_STEP][PASSED] - delay: Delayed 2 second(s)

2018-12-17 16:41:44 - [MESSAGE][PASSED] - Delayed 2 second(s)

2018-12-17 16:41:44 - [TEST_STEP][PASSED] - setText: Text '810' is set on object 'Object Repository/Final Object Repo/Creating Employer Account/Page_Registration - ASSIST (Base)/Post Code - 810'

2018-12-17 16:41:45 - [MESSAGE][PASSED] - Text '810' is set on object 'Object Repository/Final Object Repo/Creating Employer Account/Page_Registration - ASSIST (Base)/Post Code - 810'

2018-12-17 16:41:45 - [TEST_STEP][PASSED] - delay: Delayed 2 second(s)

2018-12-17 16:41:47 - [MESSAGE][PASSED] - Delayed 2 second(s)

2018-12-17 16:41:47 - [TEST_STEP][PASSED] - click: Object: 'Object Repository/Final Object Repo/Creating Employer Account/Page_Registration - ASSIST (Base)/Post Code - 81000' is clicked on

2018-12-17 16:41:47 - [MESSAGE][PASSED] - Object: 'Object Repository/Final Object Repo/Creating Employer Account/Page_Registration - ASSIST (Base)/Post Code - 81000' is clicked on

2018-12-17 16:41:47 - [TEST_STEP][PASSED] - delay: Delayed 2 second(s)

2018-12-17 16:41:49 - [MESSAGE][PASSED] - Delayed 2 second(s)

2018-12-17 16:41:49 - [TEST_STEP][PASSED] - setText: Text 'PERKESO' is set on object 'Object Repository/Final Object Repo/Creating Employer Account/Page_Registration - ASSIST (Base)/Full Name'

2018-12-17 16:41:49 - [MESSAGE][PASSED] - Text 'PERKESO' is set on object 'Object Repository/Final Object Repo/Creating Employer Account/Page_Registration - ASSIST (Base)/Full Name'

2018-12-17 16:41:49 - [TEST_STEP][PASSED] - Statement - rnd = new java.util.Random(): null

2018-12-17 16:41:49 - [TEST_STEP][PASSED] - Statement - snum = rnd.nextInt(899999 + 1) + 100000: null

2018-12-17 16:41:49 - [TEST_STEP][PASSED] - Statement - tnum = rnd.nextInt(899999 + 1) + 100000: null

2018-12-17 16:41:49 - [TEST_STEP][PASSED] - Statement - IC = java.lang.Integer.toString(snum) + java.lang.Integer.toString(tnum): null

2018-12-17 16:41:49 - [TEST_STEP][PASSED] - Statement - out.println(IC): null

2018-12-17 16:41:49 - [TEST_STEP][PASSED] - setText: Text '418841198406' is set on object 'Object Repository/Final Object Repo/Creating Employer Account/Page_Registration - ASSIST (Base)/Identification Number'

2018-12-17 16:41:50 - [MESSAGE][PASSED] - Text '418841198406' is set on object 'Object Repository/Final Object Repo/Creating Employer Account/Page_Registration - ASSIST (Base)/Identification Number'

2018-12-17 16:41:50 - [TEST_STEP][PASSED] - delay: Delayed 2 second(s)

2018-12-17 16:41:52 - [MESSAGE][PASSED] - Delayed 2 second(s)

2018-12-17 16:41:52 - [TEST_STEP][PASSED] - setText: Text '123456789012' is set on object 'Object Repository/Final Object Repo/Creating Employer Account/Page_Registration - ASSIST (Base)/Contact Number'

2018-12-17 16:41:52 - [MESSAGE][PASSED] - Text '123456789012' is set on object 'Object Repository/Final Object Repo/Creating Employer Account/Page_Registration - ASSIST (Base)/Contact Number'

2018-12-17 16:41:52 - [TEST_STEP][PASSED] - Statement - Email = "perkeso" + IC + "@gmail.com": null

2018-12-17 16:41:52 - [TEST_STEP][PASSED] - delay: Delayed 2 second(s)

2018-12-17 16:41:54 - [MESSAGE][PASSED] - Delayed 2 second(s)

2018-12-17 16:41:54 - [TEST_STEP][PASSED] - callTestCase: Call Test Case 'Test Cases/Final Aug 2018 - PKS Automation/Create Employer Acc/Template/Employer Email Settler' successfully

2018-12-17 16:41:54 - [TEST_CASE][PASSED] - Test Cases/Final Aug 2018 - PKS Automation/Create Employer Acc/Template/Employer Email Settler: Test Cases/Final Aug 2018 - PKS Automation/Create Employer Acc/Template/Employer Email Settler

2018-12-17 16:41:55 - [TEST_STEP][PASSED] - Statement - EmpEmailOld = new java.io.File(C://Users//Admin//Desktop//PKS//Automation Reference Point//EmpEmail.txt): null

2018-12-17 16:41:55 - [TEST_STEP][PASSED] - Statement - EmpEmailOld.delete(): null

2018-12-17 16:41:55 - [TEST_STEP][PASSED] - delay: Delayed 5 second(s)

2018-12-17 16:42:00 - [MESSAGE][PASSED] - Delayed 5 second(s)

2018-12-17 16:42:00 - [TEST_STEP][PASSED] - Statement - EmpEmail = new java.io.File(C://Users//Admin//Desktop//PKS//Automation Reference Point//EmpEmail.txt): null

2018-12-17 16:42:00 - [TEST_STEP][PASSED] - Statement - f2 = new java.io.FileWriter(EmpEmail, false): null

2018-12-17 16:42:00 - [TEST_STEP][PASSED] - Statement - f2.write(Email): null

2018-12-17 16:42:00 - [TEST_STEP][PASSED] - Statement - f2.close(): null

2018-12-17 16:42:00 - [TEST_STEP][PASSED] - Statement - out.println(Email): null

2018-12-17 16:42:00 - [MESSAGE][PASSED] - Call Test Case 'Test Cases/Final Aug 2018 - PKS Automation/Create Employer Acc/Template/Employer Email Settler' successfully

2018-12-17 16:42:00 - [TEST_STEP][PASSED] - delay: Delayed 2 second(s)

2018-12-17 16:42:02 - [MESSAGE][PASSED] - Delayed 2 second(s)

2018-12-17 16:42:02 - [TEST_STEP][PASSED] - setText: Text 'perkeso418841198406@gmail.com' is set on object 'Object Repository/Final Object Repo/Creating Employer Account/Page_Registration - ASSIST (Base)/Email'

2018-12-17 16:42:02 - [MESSAGE][PASSED] - Text 'perkeso418841198406@gmail.com' is set on object 'Object Repository/Final Object Repo/Creating Employer Account/Page_Registration - ASSIST (Base)/Email'

2018-12-17 16:42:02 - [TEST_STEP][PASSED] - setText: Text '123' is set on object 'Object Repository/Final Object Repo/Creating Employer Account/Page_Registration - ASSIST (Base)/Security Phase'

2018-12-17 16:42:02 - [MESSAGE][PASSED] - Text '123' is set on object 'Object Repository/Final Object Repo/Creating Employer Account/Page_Registration - ASSIST (Base)/Security Phase'

2018-12-17 16:42:02 - [TEST_STEP][PASSED] - click: Object: 'Object Repository/Final Object Repo/Creating Employer Account/Page_Registration - ASSIST (Base)/Save  Continue' is clicked on

2018-12-17 16:42:03 - [MESSAGE][PASSED] - Object: 'Object Repository/Final Object Repo/Creating Employer Account/Page_Registration - ASSIST (Base)/Save  Continue' is clicked on

2018-12-17 16:42:03 - [TEST_STEP][PASSED] - delay: Delayed 2 second(s)

2018-12-17 16:42:05 - [MESSAGE][PASSED] - Delayed 2 second(s)

2018-12-17 16:42:05 - [TEST_STEP][PASSED] - click: Object: 'Object Repository/Final Object Repo/Creating Employer Account/Page_Registration - ASSIST (Base)/Add Document' is clicked on

2018-12-17 16:42:05 - [MESSAGE][PASSED] - Object: 'Object Repository/Final Object Repo/Creating Employer Account/Page_Registration - ASSIST (Base)/Add Document' is clicked on

2018-12-17 16:42:05 - [TEST_STEP][PASSED] - delay: Delayed 2 second(s)

2018-12-17 16:42:07 - [MESSAGE][PASSED] - Delayed 2 second(s)

2018-12-17 16:42:07 - [TEST_STEP][PASSED] - click: Object: 'Object Repository/Final Object Repo/Creating Employer Account/Page_Registration - ASSIST (Base)/Document Type' is clicked on

2018-12-17 16:42:07 - [MESSAGE][PASSED] - Object: 'Object Repository/Final Object Repo/Creating Employer Account/Page_Registration - ASSIST (Base)/Document Type' is clicked on

2018-12-17 16:42:07 - [TEST_STEP][PASSED] - delay: Delayed 2 second(s)

2018-12-17 16:42:09 - [MESSAGE][PASSED] - Delayed 2 second(s)

2018-12-17 16:42:09 - [TEST_STEP][PASSED] - click: Object: 'Object Repository/Final Object Repo/Creating Employer Account/Page_Registration - ASSIST (Base)/Document Type - Letter of Authorization' is clicked on

2018-12-17 16:42:09 - [MESSAGE][PASSED] - Object: 'Object Repository/Final Object Repo/Creating Employer Account/Page_Registration - ASSIST (Base)/Document Type - Letter of Authorization' is clicked on

2018-12-17 16:42:09 - [TEST_STEP][PASSED] - delay: Delayed 2 second(s)

2018-12-17 16:42:11 - [MESSAGE][PASSED] - Delayed 2 second(s)

2018-12-17 16:42:11 - [TEST_STEP][PASSED] - sendKeys: Keys 'C:\Users\Public\Pictures\Sample Pictures\Koala.jpg' sent to object: 'Object Repository/Final Object Repo/Creating Employer Account/Page_Registration - ASSIST (Base)/Uploading File'

2018-12-17 16:42:11 - [MESSAGE][PASSED] - Keys 'C:\Users\Public\Pictures\Sample Pictures\Koala.jpg' sent to object: 'Object Repository/Final Object Repo/Creating Employer Account/Page_Registration - ASSIST (Base)/Uploading File'

2018-12-17 16:42:11 - [TEST_STEP][PASSED] - delay: Delayed 2 second(s)

2018-12-17 16:42:13 - [MESSAGE][PASSED] - Delayed 2 second(s)

2018-12-17 16:42:13 - [TEST_STEP][PASSED] - click: Object: 'Object Repository/Final Object Repo/Creating Employer Account/Page_Registration - ASSIST (Base)/Add Document in Uploading File' is clicked on

2018-12-17 16:42:14 - [MESSAGE][PASSED] - Object: 'Object Repository/Final Object Repo/Creating Employer Account/Page_Registration - ASSIST (Base)/Add Document in Uploading File' is clicked on

2018-12-17 16:42:14 - [TEST_STEP][PASSED] - delay: Delayed 2 second(s)

2018-12-17 16:42:16 - [MESSAGE][PASSED] - Delayed 2 second(s)

2018-12-17 16:42:16 - [TEST_STEP][PASSED] - click: Object: 'Object Repository/Final Object Repo/Creating Employer Account/Page_Registration - ASSIST (Base)/Save' is clicked on

2018-12-17 16:42:16 - [MESSAGE][PASSED] - Object: 'Object Repository/Final Object Repo/Creating Employer Account/Page_Registration - ASSIST (Base)/Save' is clicked on

2018-12-17 16:42:16 - [TEST_STEP][PASSED] - delay: Delayed 2 second(s)

2018-12-17 16:42:18 - [MESSAGE][PASSED] - Delayed 2 second(s)

2018-12-17 16:42:18 - [TEST_STEP][PASSED] - click: Object: 'Object Repository/Final Object Repo/Creating Employer Account/Page_Registration - ASSIST (Base)/Submit' is clicked on

2018-12-17 16:42:18 - [MESSAGE][PASSED] - Object: 'Object Repository/Final Object Repo/Creating Employer Account/Page_Registration - ASSIST (Base)/Submit' is clicked on

2018-12-17 16:42:18 - [TEST_STEP][PASSED] - delay: Delayed 2 second(s)

2018-12-17 16:42:20 - [MESSAGE][PASSED] - Delayed 2 second(s)

2018-12-17 16:42:20 - [TEST_STEP][PASSED] - click: Object: 'Object Repository/Final Object Repo/Creating Employer Account/Page_Registration - ASSIST (Base)/Confirm' is clicked on

2018-12-17 16:42:20 - [MESSAGE][PASSED] - Object: 'Object Repository/Final Object Repo/Creating Employer Account/Page_Registration - ASSIST (Base)/Confirm' is clicked on

2018-12-17 16:42:20 - [MESSAGE][PASSED] - Call Test Case 'Test Cases/Final Aug 2018 - PKS Automation/Create Employer Acc/Template/Register Employer' successfully

2018-12-17 16:42:20 - [TEST_STEP][PASSED] - delay: Delayed 1 second(s)

2018-12-17 16:42:21 - [MESSAGE][PASSED] - Delayed 1 second(s)

2018-12-17 16:42:21 - [TEST_STEP][PASSED] - navigateToUrl: Navigate to 'https://assist2-uat.perkeso.gov.my/c/portal/logout' successfully

2018-12-17 16:42:23 - [MESSAGE][PASSED] - Navigate to 'https://assist2-uat.perkeso.gov.my/c/portal/logout' successfully

2018-12-17 16:42:23 - [TEST_STEP][PASSED] - delay: Delayed 1 second(s)

2018-12-17 16:42:24 - [MESSAGE][PASSED] - Delayed 1 second(s)

2018-12-17 16:42:24 - [TEST_STEP][PASSED] - callTestCase: Call Test Case 'Test Cases/Final Aug 2018 - PKS Automation/Create Employer Acc/Template/Change Password of Employer' successfully

2018-12-17 16:42:24 - [TEST_CASE][PASSED] - Test Cases/Final Aug 2018 - PKS Automation/Create Employer Acc/Template/Change Password of Employer: Test Cases/Final Aug 2018 - PKS Automation/Create Employer Acc/Template/Change Password of Employer

2018-12-17 16:42:24 - [TEST_STEP][PASSED] - openBrowser: Browser is opened with url: ''

2018-12-17 16:42:24 - [MESSAGE][WARNING] - A browser is already opened. Closing browser and opening a new one

2018-12-17 16:42:27 - [MESSAGE][PASSED] - Browser is opened with url: ''

2018-12-17 16:42:27 - [TEST_STEP][PASSED] - navigateToUrl: Navigate to 'https://assist2-uat.perkeso.gov.my/login' successfully

2018-12-17 16:42:28 - [MESSAGE][PASSED] - Navigate to 'https://assist2-uat.perkeso.gov.my/login' successfully

2018-12-17 16:42:28 - [TEST_STEP][PASSED] - delay: Delayed 5 second(s)

2018-12-17 16:42:33 - [MESSAGE][PASSED] - Delayed 5 second(s)

2018-12-17 16:42:33 - [TEST_STEP][PASSED] - setText: Text 'test@liferay.com' is set on object 'Object Repository/Final Object Repo/Login Page/Internal User/Email Address'

2018-12-17 16:42:34 - [MESSAGE][PASSED] - Text 'test@liferay.com' is set on object 'Object Repository/Final Object Repo/Login Page/Internal User/Email Address'

2018-12-17 16:42:34 - [TEST_STEP][PASSED] - click: Object: 'Object Repository/Final Object Repo/Login Page/Internal User/Next Button' is clicked on

2018-12-17 16:42:34 - [MESSAGE][PASSED] - Object: 'Object Repository/Final Object Repo/Login Page/Internal User/Next Button' is clicked on

2018-12-17 16:42:34 - [TEST_STEP][PASSED] - delay: Delayed 2 second(s)

2018-12-17 16:42:36 - [MESSAGE][PASSED] - Delayed 2 second(s)

2018-12-17 16:42:36 - [TEST_STEP][PASSED] - setText: Text 'test' is set on object 'Object Repository/Final Object Repo/Login Page/Internal User/Password'

2018-12-17 16:42:36 - [MESSAGE][PASSED] - Text 'test' is set on object 'Object Repository/Final Object Repo/Login Page/Internal User/Password'

2018-12-17 16:42:36 - [TEST_STEP][PASSED] - delay: Delayed 2 second(s)

2018-12-17 16:42:38 - [MESSAGE][PASSED] - Delayed 2 second(s)

2018-12-17 16:42:38 - [TEST_STEP][PASSED] - click: Object: 'Object Repository/Final Object Repo/Login Page/Internal User/Login Button' is clicked on

2018-12-17 16:42:38 - [MESSAGE][PASSED] - Object: 'Object Repository/Final Object Repo/Login Page/Internal User/Login Button' is clicked on

2018-12-17 16:42:38 - [TEST_STEP][PASSED] - delay: Delayed 3 second(s)

2018-12-17 16:42:41 - [MESSAGE][PASSED] - Delayed 3 second(s)

2018-12-17 16:42:41 - [TEST_STEP][PASSED] - navigateToUrl: Navigate to 'https://assist2-uat.perkeso.gov.my/group/control_panel/manage?p_p_id=125&p_p_lifecycle=0&p_p_state=maximized&p_p_mode=view&refererPlid=20455&_125_usersListView=flat-users&_125_toolbarItem=view-all-users&_125_saveUsersListView=true&_125_struts_action=%2Fusers_admin%2Fview' successfully

2018-12-17 16:42:43 - [MESSAGE][PASSED] - Navigate to 'https://assist2-uat.perkeso.gov.my/group/control_panel/manage?p_p_id=125&p_p_lifecycle=0&p_p_state=maximized&p_p_mode=view&refererPlid=20455&_125_usersListView=flat-users&_125_toolbarItem=view-all-users&_125_saveUsersListView=true&_125_struts_action=%2Fusers_admin%2Fview' successfully

2018-12-17 16:42:43 - [TEST_STEP][PASSED] - delay: Delayed 3 second(s)

2018-12-17 16:42:46 - [MESSAGE][PASSED] - Delayed 3 second(s)

2018-12-17 16:42:46 - [TEST_STEP][PASSED] - setText: Text 'perkeso418841198406@gmail.com' is set on object 'Object Repository/Final Object Repo/Creating Employer Account/Page_Users and Organizations - ASSIST/Employer name'

2018-12-17 16:42:47 - [MESSAGE][PASSED] - Text 'perkeso418841198406@gmail.com' is set on object 'Object Repository/Final Object Repo/Creating Employer Account/Page_Users and Organizations - ASSIST/Employer name'

2018-12-17 16:42:47 - [TEST_STEP][PASSED] - delay: Delayed 3 second(s)

2018-12-17 16:42:50 - [MESSAGE][PASSED] - Delayed 3 second(s)

2018-12-17 16:42:50 - [TEST_STEP][PASSED] - click: Object: 'Object Repository/Final Object Repo/Creating Employer Account/Page_Users and Organizations - ASSIST/Search' is clicked on

2018-12-17 16:42:50 - [MESSAGE][PASSED] - Object: 'Object Repository/Final Object Repo/Creating Employer Account/Page_Users and Organizations - ASSIST/Search' is clicked on

2018-12-17 16:42:50 - [TEST_STEP][PASSED] - delay: Delayed 3 second(s)

2018-12-17 16:42:53 - [MESSAGE][PASSED] - Delayed 3 second(s)

2018-12-17 16:42:53 - [TEST_STEP][PASSED] - click: Object: 'Object Repository/Final Object Repo/Creating Employer Account/Page_Users and Organizations - ASSIST/Action' is clicked on

2018-12-17 16:42:53 - [MESSAGE][PASSED] - Object: 'Object Repository/Final Object Repo/Creating Employer Account/Page_Users and Organizations - ASSIST/Action' is clicked on

2018-12-17 16:42:53 - [TEST_STEP][PASSED] - delay: Delayed 3 second(s)

2018-12-17 16:42:56 - [MESSAGE][PASSED] - Delayed 3 second(s)

2018-12-17 16:42:56 - [TEST_STEP][PASSED] - click: Object: 'Object Repository/Final Object Repo/Creating Employer Account/Page_Users and Organizations - ASSIST/Edit' is clicked on

2018-12-17 16:42:57 - [MESSAGE][PASSED] - Object: 'Object Repository/Final Object Repo/Creating Employer Account/Page_Users and Organizations - ASSIST/Edit' is clicked on

2018-12-17 16:42:57 - [TEST_STEP][PASSED] - delay: Delayed 3 second(s)

2018-12-17 16:43:00 - [MESSAGE][PASSED] - Delayed 3 second(s)

2018-12-17 16:43:00 - [TEST_STEP][PASSED] - click: Object: 'Object Repository/Final Object Repo/Creating Employer Account/Page_PERKESO - Users and Organizati/a_Password (Modified)' is clicked on

2018-12-17 16:43:01 - [MESSAGE][PASSED] - Object: 'Object Repository/Final Object Repo/Creating Employer Account/Page_PERKESO - Users and Organizati/a_Password (Modified)' is clicked on

2018-12-17 16:43:01 - [TEST_STEP][PASSED] - delay: Delayed 3 second(s)

2018-12-17 16:43:04 - [MESSAGE][PASSED] - Delayed 3 second(s)

2018-12-17 16:43:04 - [TEST_STEP][PASSED] - setEncryptedText: Text ****** has been set on object 'Object Repository/Final Object Repo/Creating Employer Account/Page_PERKESO - Users and Organizati/input__125_password1'

2018-12-17 16:43:04 - [MESSAGE][PASSED] - Text ****** has been set on object 'Object Repository/Final Object Repo/Creating Employer Account/Page_PERKESO - Users and Organizati/input__125_password1'

2018-12-17 16:43:04 - [TEST_STEP][PASSED] - delay: Delayed 3 second(s)

2018-12-17 16:43:07 - [MESSAGE][PASSED] - Delayed 3 second(s)

2018-12-17 16:43:07 - [TEST_STEP][PASSED] - setEncryptedText: Text ****** has been set on object 'Object Repository/Final Object Repo/Creating Employer Account/Page_PERKESO - Users and Organizati/input__125_password2'

2018-12-17 16:43:07 - [MESSAGE][PASSED] - Text ****** has been set on object 'Object Repository/Final Object Repo/Creating Employer Account/Page_PERKESO - Users and Organizati/input__125_password2'

2018-12-17 16:43:07 - [TEST_STEP][PASSED] - delay: Delayed 3 second(s)

2018-12-17 16:43:10 - [MESSAGE][PASSED] - Delayed 3 second(s)

2018-12-17 16:43:10 - [TEST_STEP][PASSED] - click: Object: 'Object Repository/Final Object Repo/Creating Employer Account/Page_PERKESO - Users and Organizati/Save' is clicked on

2018-12-17 16:43:12 - [MESSAGE][PASSED] - Object: 'Object Repository/Final Object Repo/Creating Employer Account/Page_PERKESO - Users and Organizati/Save' is clicked on

2018-12-17 16:43:12 - [MESSAGE][PASSED] - Call Test Case 'Test Cases/Final Aug 2018 - PKS Automation/Create Employer Acc/Template/Change Password of Employer' successfully

2018-12-17 16:43:12 - [TEST_STEP][PASSED] - delay: Delayed 1 second(s)

2018-12-17 16:43:13 - [MESSAGE][PASSED] - Delayed 1 second(s)

2018-12-17 16:43:13 - [TEST_STEP][PASSED] - navigateToUrl: Navigate to 'https://assist2-uat.perkeso.gov.my/c/portal/logout' successfully

2018-12-17 16:43:14 - [MESSAGE][PASSED] - Navigate to 'https://assist2-uat.perkeso.gov.my/c/portal/logout' successfully

2018-12-17 16:43:14 - [TEST_STEP][PASSED] - delay: Delayed 1 second(s)

2018-12-17 16:43:15 - [MESSAGE][PASSED] - Delayed 1 second(s)

2018-12-17 16:43:15 - [TEST_STEP][PASSED] - callTestCase: Call Test Case 'Test Cases/Final Aug 2018 - PKS Automation/Create Employer Acc/Template/Login to Employer Account (First Time)' successfully

2018-12-17 16:43:15 - [TEST_CASE][PASSED] - Test Cases/Final Aug 2018 - PKS Automation/Create Employer Acc/Template/Login to Employer Account (First Time): Test Cases/Final Aug 2018 - PKS Automation/Create Employer Acc/Template/Login to Employer Account (First Time)

2018-12-17 16:43:15 - [TEST_STEP][PASSED] - openBrowser: Browser is opened with url: ''

2018-12-17 16:43:15 - [MESSAGE][WARNING] - A browser is already opened. Closing browser and opening a new one

2018-12-17 16:43:18 - [MESSAGE][PASSED] - Browser is opened with url: ''

2018-12-17 16:43:18 - [TEST_STEP][PASSED] - navigateToUrl: Navigate to 'https://assist2-uat.perkeso.gov.my/employer/login' successfully

2018-12-17 16:43:19 - [MESSAGE][PASSED] - Navigate to 'https://assist2-uat.perkeso.gov.my/employer/login' successfully

2018-12-17 16:43:19 - [TEST_STEP][PASSED] - delay: Delayed 3 second(s)

2018-12-17 16:43:22 - [MESSAGE][PASSED] - Delayed 3 second(s)

2018-12-17 16:43:22 - [TEST_STEP][PASSED] - callTestCase: Call Test Case 'Test Cases/Final Aug 2018 - PKS Automation/Create Employer Acc/Template/Employer Email Getter' successfully

2018-12-17 16:43:22 - [TEST_CASE][PASSED] - Test Cases/Final Aug 2018 - PKS Automation/Create Employer Acc/Template/Employer Email Getter: Test Cases/Final Aug 2018 - PKS Automation/Create Employer Acc/Template/Employer Email Getter

2018-12-17 16:43:22 - [TEST_STEP][PASSED] - Statement - Try: null

2018-12-17 16:43:22 - [TEST_STEP][PASSED] - Statement - EmpEmail = new java.io.File(C://Users//Admin//Desktop//PKS//Automation Reference Point//EmpEmail.txt): null

2018-12-17 16:43:22 - [TEST_STEP][PASSED] - Statement - bufferread = new java.io.BufferedReader(new java.io.FileReader(EmpEmail)): null

2018-12-17 16:43:22 - [TEST_STEP][PASSED] - Statement - readedVal = bufferread.readLine(): null

2018-12-17 16:43:22 - [TEST_STEP][PASSED] - Statement - out.println(readedVal): null

2018-12-17 16:43:22 - [TEST_STEP][PASSED] - Statement - Email = readedVal: null

2018-12-17 16:43:22 - [MESSAGE][PASSED] - Call Test Case 'Test Cases/Final Aug 2018 - PKS Automation/Create Employer Acc/Template/Employer Email Getter' successfully

2018-12-17 16:43:22 - [TEST_STEP][PASSED] - setText: Text 'perkeso418841198406@gmail.com' is set on object 'Object Repository/Final Object Repo/Login Page/External Login Page/Email'

2018-12-17 16:43:23 - [MESSAGE][PASSED] - Text 'perkeso418841198406@gmail.com' is set on object 'Object Repository/Final Object Repo/Login Page/External Login Page/Email'

2018-12-17 16:43:23 - [TEST_STEP][PASSED] - click: Object: 'Object Repository/Final Object Repo/Login Page/External Login Page/Next' is clicked on

2018-12-17 16:43:23 - [MESSAGE][PASSED] - Object: 'Object Repository/Final Object Repo/Login Page/External Login Page/Next' is clicked on

2018-12-17 16:43:23 - [TEST_STEP][PASSED] - delay: Delayed 3 second(s)

2018-12-17 16:43:26 - [MESSAGE][PASSED] - Delayed 3 second(s)

2018-12-17 16:43:26 - [TEST_STEP][PASSED] - setEncryptedText: Text ****** has been set on object 'Object Repository/Final Object Repo/Login Page/External Login Page/Password'

2018-12-17 16:43:26 - [MESSAGE][PASSED] - Text ****** has been set on object 'Object Repository/Final Object Repo/Login Page/External Login Page/Password'

2018-12-17 16:43:26 - [TEST_STEP][PASSED] - click: Object: 'Object Repository/Final Object Repo/Login Page/External Login Page/Login' is clicked on

2018-12-17 16:43:27 - [MESSAGE][PASSED] - Object: 'Object Repository/Final Object Repo/Login Page/External Login Page/Login' is clicked on

2018-12-17 16:43:27 - [TEST_STEP][PASSED] - delay: Delayed 3 second(s)

2018-12-17 16:43:30 - [MESSAGE][PASSED] - Delayed 3 second(s)

2018-12-17 16:43:30 - [TEST_STEP][PASSED] - click: Object: 'Object Repository/Final Object Repo/Creating Employer Account/Page_Terms of Use - ASSIST/button_I Agree' is clicked on

2018-12-17 16:43:30 - [MESSAGE][PASSED] - Object: 'Object Repository/Final Object Repo/Creating Employer Account/Page_Terms of Use - ASSIST/button_I Agree' is clicked on

2018-12-17 16:43:30 - [TEST_STEP][PASSED] - delay: Delayed 2 second(s)

2018-12-17 16:43:32 - [MESSAGE][PASSED] - Delayed 2 second(s)

2018-12-17 16:43:32 - [TEST_STEP][PASSED] - setEncryptedText: Text ****** has been set on object 'Object Repository/Final Object Repo/Creating Employer Account/Page_New Password - ASSIST/input_password1'

2018-12-17 16:43:32 - [MESSAGE][PASSED] - Text ****** has been set on object 'Object Repository/Final Object Repo/Creating Employer Account/Page_New Password - ASSIST/input_password1'

2018-12-17 16:43:32 - [TEST_STEP][PASSED] - setEncryptedText: Text ****** has been set on object 'Object Repository/Final Object Repo/Creating Employer Account/Page_New Password - ASSIST/input_password2'

2018-12-17 16:43:32 - [MESSAGE][PASSED] - Text ****** has been set on object 'Object Repository/Final Object Repo/Creating Employer Account/Page_New Password - ASSIST/input_password2'

2018-12-17 16:43:32 - [TEST_STEP][PASSED] - delay: Delayed 2 second(s)

2018-12-17 16:43:34 - [MESSAGE][PASSED] - Delayed 2 second(s)

2018-12-17 16:43:34 - [TEST_STEP][PASSED] - click: Object: 'Object Repository/Final Object Repo/Creating Employer Account/Page_New Password - ASSIST/Save' is clicked on

2018-12-17 16:43:34 - [MESSAGE][PASSED] - Object: 'Object Repository/Final Object Repo/Creating Employer Account/Page_New Password - ASSIST/Save' is clicked on

2018-12-17 16:43:34 - [TEST_STEP][PASSED] - delay: Delayed 2 second(s)

2018-12-17 16:43:36 - [MESSAGE][PASSED] - Delayed 2 second(s)

2018-12-17 16:43:36 - [TEST_STEP][PASSED] - setText: Text 'test' is set on object 'Object Repository/Final Object Repo/Creating Employer Account/Page_Password Reminder - ASSIST/Reminder Query Answer'

2018-12-17 16:43:37 - [MESSAGE][PASSED] - Text 'test' is set on object 'Object Repository/Final Object Repo/Creating Employer Account/Page_Password Reminder - ASSIST/Reminder Query Answer'

2018-12-17 16:43:37 - [TEST_STEP][PASSED] - delay: Delayed 2 second(s)

2018-12-17 16:43:39 - [MESSAGE][PASSED] - Delayed 2 second(s)

2018-12-17 16:43:39 - [TEST_STEP][PASSED] - doubleClick: Object: 'Object Repository/Final Object Repo/Creating Employer Account/Page_Password Reminder - ASSIST/Save' is double clicked on

2018-12-17 16:43:39 - [MESSAGE][PASSED] - Object: 'Object Repository/Final Object Repo/Creating Employer Account/Page_Password Reminder - ASSIST/Save' is double clicked on

2018-12-17 16:43:39 - [MESSAGE][PASSED] - Call Test Case 'Test Cases/Final Aug 2018 - PKS Automation/Create Employer Acc/Template/Login to Employer Account (First Time)' successfully

2018-12-17 16:43:39 - [MESSAGE][PASSED] - Call Test Case 'Test Cases/Final Aug 2018 - PKS Automation/Create Employer Acc/Create Employer Account' successfully

2018-12-17 16:43:39 - [TEST_STEP][PASSED] - callTestCase: Call Test Case 'Test Cases/Final Aug 2018 - PKS Automation/Registration Module/Log Out/log out avoiding katalon tagging' successfully

2018-12-17 16:43:39 - [TEST_CASE][PASSED] - Test Cases/Final Aug 2018 - PKS Automation/Registration Module/Log Out/log out avoiding katalon tagging: Test Cases/Final Aug 2018 - PKS Automation/Registration Module/Log Out/log out avoiding katalon tagging

2018-12-17 16:43:39 - [TEST_STEP][PASSED] - navigateToUrl: Navigate to 'https://assist2-uat.perkeso.gov.my/c/portal/logout' successfully

2018-12-17 16:43:42 - [MESSAGE][PASSED] - Navigate to 'https://assist2-uat.perkeso.gov.my/c/portal/logout' successfully

2018-12-17 16:43:42 - [MESSAGE][PASSED] - Call Test Case 'Test Cases/Final Aug 2018 - PKS Automation/Registration Module/Log Out/log out avoiding katalon tagging' successfully

2018-12-17 16:43:42 - [TEST_STEP][PASSED] - callTestCase: Call Test Case 'Test Cases/Final Aug 2018 - PKS Automation/Create Employer Acc/Login to Employer Account (Second time)' successfully

2018-12-17 16:43:43 - [TEST_CASE][PASSED] - Test Cases/Final Aug 2018 - PKS Automation/Create Employer Acc/Login to Employer Account (Second time): Test Cases/Final Aug 2018 - PKS Automation/Create Employer Acc/Login to Employer Account (Second time)

2018-12-17 16:43:43 - [TEST_STEP][PASSED] - openBrowser: Browser is opened with url: ''

2018-12-17 16:43:43 - [MESSAGE][WARNING] - A browser is already opened. Closing browser and opening a new one

2018-12-17 16:43:46 - [MESSAGE][PASSED] - Browser is opened with url: ''

2018-12-17 16:43:46 - [TEST_STEP][PASSED] - navigateToUrl: Navigate to 'https://assist2-uat.perkeso.gov.my/employer/login' successfully

2018-12-17 16:43:47 - [MESSAGE][PASSED] - Navigate to 'https://assist2-uat.perkeso.gov.my/employer/login' successfully

2018-12-17 16:43:47 - [TEST_STEP][PASSED] - delay: Delayed 3 second(s)

2018-12-17 16:43:50 - [MESSAGE][PASSED] - Delayed 3 second(s)

2018-12-17 16:43:50 - [TEST_STEP][PASSED] - callTestCase: Call Test Case 'Test Cases/Final Aug 2018 - PKS Automation/Create Employer Acc/Template/Employer Email Getter' successfully

2018-12-17 16:43:50 - [TEST_CASE][PASSED] - Test Cases/Final Aug 2018 - PKS Automation/Create Employer Acc/Template/Employer Email Getter: Test Cases/Final Aug 2018 - PKS Automation/Create Employer Acc/Template/Employer Email Getter

2018-12-17 16:43:50 - [TEST_STEP][PASSED] - Statement - Try: null

2018-12-17 16:43:50 - [TEST_STEP][PASSED] - Statement - EmpEmail = new java.io.File(C://Users//Admin//Desktop//PKS//Automation Reference Point//EmpEmail.txt): null

2018-12-17 16:43:50 - [TEST_STEP][PASSED] - Statement - bufferread = new java.io.BufferedReader(new java.io.FileReader(EmpEmail)): null

2018-12-17 16:43:50 - [TEST_STEP][PASSED] - Statement - readedVal = bufferread.readLine(): null

2018-12-17 16:43:50 - [TEST_STEP][PASSED] - Statement - out.println(readedVal): null

2018-12-17 16:43:50 - [TEST_STEP][PASSED] - Statement - Email = readedVal: null

2018-12-17 16:43:50 - [MESSAGE][PASSED] - Call Test Case 'Test Cases/Final Aug 2018 - PKS Automation/Create Employer Acc/Template/Employer Email Getter' successfully

2018-12-17 16:43:50 - [TEST_STEP][PASSED] - setText: Text 'perkeso418841198406@gmail.com' is set on object 'Object Repository/Final Object Repo/Login Page/External Login Page/Email'

2018-12-17 16:43:50 - [MESSAGE][PASSED] - Text 'perkeso418841198406@gmail.com' is set on object 'Object Repository/Final Object Repo/Login Page/External Login Page/Email'

2018-12-17 16:43:50 - [TEST_STEP][PASSED] - click: Object: 'Object Repository/Final Object Repo/Login Page/External Login Page/Next' is clicked on

2018-12-17 16:43:50 - [MESSAGE][PASSED] - Object: 'Object Repository/Final Object Repo/Login Page/External Login Page/Next' is clicked on

2018-12-17 16:43:50 - [TEST_STEP][PASSED] - delay: Delayed 3 second(s)

2018-12-17 16:43:53 - [MESSAGE][PASSED] - Delayed 3 second(s)

2018-12-17 16:43:53 - [TEST_STEP][PASSED] - setEncryptedText: Text ****** has been set on object 'Object Repository/Final Object Repo/Login Page/External Login Page/Password'

2018-12-17 16:43:54 - [MESSAGE][PASSED] - Text ****** has been set on object 'Object Repository/Final Object Repo/Login Page/External Login Page/Password'

2018-12-17 16:43:54 - [TEST_STEP][PASSED] - click: Object: 'Object Repository/Final Object Repo/Login Page/External Login Page/Login' is clicked on

2018-12-17 16:43:54 - [MESSAGE][PASSED] - Object: 'Object Repository/Final Object Repo/Login Page/External Login Page/Login' is clicked on

2018-12-17 16:43:54 - [TEST_STEP][PASSED] - delay: Delayed 5 second(s)

2018-12-17 16:43:59 - [MESSAGE][PASSED] - Delayed 5 second(s)

2018-12-17 16:43:59 - [MESSAGE][PASSED] - Call Test Case 'Test Cases/Final Aug 2018 - PKS Automation/Create Employer Acc/Login to Employer Account (Second time)' successfully

2018-12-17 16:43:59 - [TEST_STEP][PASSED] - delay: Delayed 4 second(s)

2018-12-17 16:44:03 - [MESSAGE][PASSED] - Delayed 4 second(s)

2018-12-17 16:44:03 - [TEST_STEP][PASSED] - Statement - Try: Delayed 2 second(s)

2018-12-17 16:44:03 - [TEST_STEP][PASSED] - Statement - Checker = false: null

2018-12-17 16:44:03 - [TEST_STEP][PASSED] - Statement - Checker = com.kms.katalon.core.webui.keyword.WebUiBuiltInKeywords.verifyElementHasAttribute(com.kms.katalon.core.testobject.ObjectRepository.findTestObject(Final Object Repo/Landing Page/BM Detecting), "href", 20, OPTIONAL): Object 'Object Repository/Final Object Repo/Landing Page/BM Detecting' has attribute 'href'

2018-12-17 16:44:03 - [MESSAGE][PASSED] - Object 'Object Repository/Final Object Repo/Landing Page/BM Detecting' has attribute 'href'

2018-12-17 16:44:03 - [TEST_STEP][PASSED] - Statement - out.println(Checker): null

2018-12-17 16:44:03 - [TEST_STEP][PASSED] - Statement - If (Checker == false): null

2018-12-17 16:44:03 - [TEST_STEP][PASSED] - Statement - Else: null

2018-12-17 16:44:03 - [TEST_STEP][PASSED] - delay: Delayed 2 second(s)

2018-12-17 16:44:05 - [MESSAGE][PASSED] - Delayed 2 second(s)

2018-12-17 16:44:05 - [TEST_STEP][PASSED] - delay: Delayed 4 second(s)

2018-12-17 16:44:09 - [MESSAGE][PASSED] - Delayed 4 second(s)

2018-12-17 16:44:09 - [TEST_STEP][PASSED] - click: Object: 'Object Repository/Final Object Repo/Landing Page/My Sites Drop Down' is clicked on

2018-12-17 16:44:09 - [MESSAGE][PASSED] - Object: 'Object Repository/Final Object Repo/Landing Page/My Sites Drop Down' is clicked on

2018-12-17 16:44:09 - [TEST_STEP][PASSED] - click: Object: 'Object Repository/Final Object Repo/Landing Page/Select to Registration Module' is clicked on

2018-12-17 16:44:12 - [MESSAGE][PASSED] - Object: 'Object Repository/Final Object Repo/Landing Page/Select to Registration Module' is clicked on

2018-12-17 16:44:12 - [TEST_STEP][PASSED] - click: Object: 'Object Repository/Final Object Repo/Landing Page/Registration Button' is clicked on

2018-12-17 16:44:14 - [MESSAGE][PASSED] - Object: 'Object Repository/Final Object Repo/Landing Page/Registration Button' is clicked on

2018-12-17 16:44:14 - [TEST_STEP][PASSED] - delay: Delayed 2 second(s)

2018-12-17 16:44:16 - [MESSAGE][PASSED] - Delayed 2 second(s)

2018-12-17 16:44:16 - [TEST_STEP][PASSED] - click: Object: 'Object Repository/Final Object Repo/New Registration - Registration Module Pages/New Reg - OTC to RO/Special Case - OTC - Form 1/AEC NO' is clicked on

2018-12-17 16:44:16 - [MESSAGE][PASSED] - Object: 'Object Repository/Final Object Repo/New Registration - Registration Module Pages/New Reg - OTC to RO/Special Case - OTC - Form 1/AEC NO' is clicked on

2018-12-17 16:44:16 - [TEST_STEP][PASSED] - click: Object: 'Object Repository/Final Object Repo/New Registration - Registration Module Pages/New Reg - OTC to RO/Special Case - OTC - Form 1/Business Entity - Please Select' is clicked on

2018-12-17 16:44:16 - [MESSAGE][PASSED] - Object: 'Object Repository/Final Object Repo/New Registration - Registration Module Pages/New Reg - OTC to RO/Special Case - OTC - Form 1/Business Entity - Please Select' is clicked on

2018-12-17 16:44:16 - [TEST_STEP][PASSED] - click: Object: 'Object Repository/Final Object Repo/New Registration - Registration Module Pages/New Reg - OTC to RO/Special Case - OTC - Form 1/Selected - Corporation' is clicked on

2018-12-17 16:44:16 - [MESSAGE][PASSED] - Object: 'Object Repository/Final Object Repo/New Registration - Registration Module Pages/New Reg - OTC to RO/Special Case - OTC - Form 1/Selected - Corporation' is clicked on

2018-12-17 16:44:16 - [TEST_STEP][PASSED] - delay: Delayed 2 second(s)

2018-12-17 16:44:18 - [MESSAGE][PASSED] - Delayed 2 second(s)

2018-12-17 16:44:18 - [TEST_STEP][PASSED] - click: Object: 'Object Repository/Final Object Repo/New Registration - Registration Module Pages/New Reg - OTC to RO/Special Case - OTC - Form 1/Sub Business Entity - Please Select' is clicked on

2018-12-17 16:44:19 - [MESSAGE][PASSED] - Object: 'Object Repository/Final Object Repo/New Registration - Registration Module Pages/New Reg - OTC to RO/Special Case - OTC - Form 1/Sub Business Entity - Please Select' is clicked on

2018-12-17 16:44:19 - [TEST_STEP][PASSED] - delay: Delayed 2 second(s)

2018-12-17 16:44:21 - [MESSAGE][PASSED] - Delayed 2 second(s)

2018-12-17 16:44:21 - [TEST_STEP][PASSED] - click: Object: 'Object Repository/Final Object Repo/New Registration - Registration Module Pages/New Reg - OTC to RO/Special Case - OTC - Form 1/Selected - Sendirian Berhad' is clicked on

2018-12-17 16:44:21 - [MESSAGE][PASSED] - Object: 'Object Repository/Final Object Repo/New Registration - Registration Module Pages/New Reg - OTC to RO/Special Case - OTC - Form 1/Selected - Sendirian Berhad' is clicked on

2018-12-17 16:44:21 - [TEST_STEP][PASSED] - setText: Text 'AUTOMATE001' is set on object 'Object Repository/Final Object Repo/New Registration - Registration Module Pages/New Reg - OTC to RO/Special Case - OTC - Form 1/Input BRN Number'

2018-12-17 16:44:21 - [MESSAGE][PASSED] - Text 'AUTOMATE001' is set on object 'Object Repository/Final Object Repo/New Registration - Registration Module Pages/New Reg - OTC to RO/Special Case - OTC - Form 1/Input BRN Number'

2018-12-17 16:44:21 - [TEST_STEP][PASSED] - delay: Delayed 2 second(s)

2018-12-17 16:44:23 - [MESSAGE][PASSED] - Delayed 2 second(s)

2018-12-17 16:44:23 - [TEST_STEP][PASSED] - click: Object: 'Object Repository/Final Object Repo/New Registration - Registration Module Pages/New Reg - OTC to RO/Special Case - OTC - Form 1/BRN Search' is clicked on

2018-12-17 16:44:23 - [MESSAGE][PASSED] - Object: 'Object Repository/Final Object Repo/New Registration - Registration Module Pages/New Reg - OTC to RO/Special Case - OTC - Form 1/BRN Search' is clicked on

2018-12-17 16:44:23 - [TEST_STEP][PASSED] - delay: Delayed 4 second(s)

2018-12-17 16:44:27 - [MESSAGE][PASSED] - Delayed 4 second(s)

2018-12-17 16:44:27 - [TEST_STEP][PASSED] - click: Object: 'Object Repository/Final Object Repo/New Registration - Registration Module Pages/New Reg - OTC to RO/Special Case - OTC - Form 1/Registered with SSM - After Feb 2017' is clicked on

2018-12-17 16:44:28 - [MESSAGE][PASSED] - Object: 'Object Repository/Final Object Repo/New Registration - Registration Module Pages/New Reg - OTC to RO/Special Case - OTC - Form 1/Registered with SSM - After Feb 2017' is clicked on

2018-12-17 16:44:28 - [TEST_STEP][PASSED] - delay: Delayed 2 second(s)

2018-12-17 16:44:30 - [MESSAGE][PASSED] - Delayed 2 second(s)

2018-12-17 16:44:30 - [TEST_STEP][PASSED] - click: Object: 'Object Repository/Final Object Repo/New Registration - Registration Module Pages/Form 1/Registered As a Branch - Yes' is clicked on

2018-12-17 16:44:30 - [MESSAGE][PASSED] - Object: 'Object Repository/Final Object Repo/New Registration - Registration Module Pages/Form 1/Registered As a Branch - Yes' is clicked on

2018-12-17 16:44:30 - [TEST_STEP][PASSED] - click: Object: 'Object Repository/Final Object Repo/New Registration - Registration Module Pages/New Reg - OTC to RO/Special Case - OTC - Form 1/Acknowledgement Ticked' is clicked on

2018-12-17 16:44:30 - [MESSAGE][PASSED] - Object: 'Object Repository/Final Object Repo/New Registration - Registration Module Pages/New Reg - OTC to RO/Special Case - OTC - Form 1/Acknowledgement Ticked' is clicked on

2018-12-17 16:44:30 - [TEST_STEP][PASSED] - setText: Text 'perkeso418841198406@gmail.com' is set on object 'Object Repository/Final Object Repo/New Registration - Registration Module Pages/Form 1/Email'

2018-12-17 16:44:31 - [MESSAGE][PASSED] - Text 'perkeso418841198406@gmail.com' is set on object 'Object Repository/Final Object Repo/New Registration - Registration Module Pages/Form 1/Email'

2018-12-17 16:44:31 - [TEST_STEP][PASSED] - click: Object: 'Object Repository/Final Object Repo/New Registration - Registration Module Pages/New Reg - OTC to RO/Special Case - OTC - Form 1/Submit Button' is clicked on

2018-12-17 16:44:31 - [MESSAGE][PASSED] - Object: 'Object Repository/Final Object Repo/New Registration - Registration Module Pages/New Reg - OTC to RO/Special Case - OTC - Form 1/Submit Button' is clicked on

2018-12-17 16:44:31 - [TEST_STEP][PASSED] - callTestCase: Call Test Case 'Test Cases/Final Aug 2018 - PKS Automation/Registration Module/New Registration/Form 2/Add 1 Eligible - Employer Account Use' successfully

2018-12-17 16:44:31 - [TEST_CASE][PASSED] - Test Cases/Final Aug 2018 - PKS Automation/Registration Module/New Registration/Form 2/Add 1 Eligible - Employer Account Use: Test Cases/Final Aug 2018 - PKS Automation/Registration Module/New Registration/Form 2/Add 1 Eligible - Employer Account Use

2018-12-17 16:44:31 - [TEST_STEP][PASSED] - delay: Delayed 2 second(s)

2018-12-17 16:44:33 - [MESSAGE][PASSED] - Delayed 2 second(s)

2018-12-17 16:44:33 - [TEST_STEP][PASSED] - callTestCase: Call Test Case 'Test Cases/Final Aug 2018 - PKS Automation/Registration Module/New Registration/Form 2/Date Updater' successfully

2018-12-17 16:44:33 - [TEST_CASE][PASSED] - Test Cases/Final Aug 2018 - PKS Automation/Registration Module/New Registration/Form 2/Date Updater: Test Cases/Final Aug 2018 - PKS Automation/Registration Module/New Registration/Form 2/Date Updater

2018-12-17 16:44:34 - [TEST_STEP][PASSED] - Statement - TodayDate = new java.util.Date(): null

2018-12-17 16:44:34 - [TEST_STEP][PASSED] - Statement - CurrentDateNoFilter = new java.text.SimpleDateFormat(): null

2018-12-17 16:44:34 - [TEST_STEP][PASSED] - Statement - CurrentDateNoFilter.applyPattern("MM"): null

2018-12-17 16:44:34 - [TEST_STEP][PASSED] - Statement - monthContainerMatcher = java.lang.Integer.parseInt(CurrentDateNoFilter.format(TodayDate)): null

2018-12-17 16:44:34 - [TEST_STEP][PASSED] - Statement - monthContainerMatcher = monthContainerMatcher - 1: null

2018-12-17 16:44:34 - [TEST_STEP][PASSED] - Statement - CurrentMonth = monthContainerMatcher.toString(): null

2018-12-17 16:44:34 - [TEST_STEP][PASSED] - Statement - CurrentMonth = CurrentMonth: null

2018-12-17 16:44:34 - [TEST_STEP][PASSED] - Statement - CurrentDateNoFilter.applyPattern("yyyy"): null

2018-12-17 16:44:34 - [TEST_STEP][PASSED] - Statement - CurrentYear = CurrentDateNoFilter.format(TodayDate): null

2018-12-17 16:44:34 - [TEST_STEP][PASSED] - Statement - CurrentYear = CurrentYear: null

2018-12-17 16:44:34 - [TEST_STEP][PASSED] - Statement - intCurrentYear = java.lang.Integer.parseInt(CurrentDateNoFilter.format(TodayDate)): null

2018-12-17 16:44:34 - [TEST_STEP][PASSED] - Statement - eighteenYrsAgo = intCurrentYear - 18: null

2018-12-17 16:44:34 - [TEST_STEP][PASSED] - Statement - eighteenYrsBeforeThisYr = eighteenYrsAgo.toString(): null

2018-12-17 16:44:34 - [TEST_STEP][PASSED] - Statement - EighteenYrsBefore = eighteenYrsBeforeThisYr: null

2018-12-17 16:44:34 - [TEST_STEP][PASSED] - Statement - fiftysevenYrsAgo = intCurrentYear - 57: null

2018-12-17 16:44:34 - [TEST_STEP][PASSED] - Statement - fiftysevenYrsBeforeThisYr = fiftysevenYrsAgo.toString(): null

2018-12-17 16:44:34 - [TEST_STEP][PASSED] - Statement - FiftysevenYrsBefore = fiftysevenYrsBeforeThisYr: null

2018-12-17 16:44:34 - [TEST_STEP][PASSED] - Statement - leapYear = false: null

2018-12-17 16:44:34 - [TEST_STEP][PASSED] - Statement - leapYear = intCurrentYear % 4 == 0: null

2018-12-17 16:44:34 - [TEST_STEP][PASSED] - Statement - CurrentDateNoFilter.applyPattern("dd"): null

2018-12-17 16:44:34 - [TEST_STEP][PASSED] - Statement - CurrentDate = CurrentDateNoFilter.format(TodayDate): null

2018-12-17 16:44:34 - [TEST_STEP][PASSED] - Statement - CurrentDate = java.lang.Integer.parseInt(CurrentDate): null

2018-12-17 16:44:34 - [TEST_STEP][PASSED] - Statement - CurrentDate = CurrentDate: null

2018-12-17 16:44:34 - [TEST_STEP][PASSED] - Statement - CurrentDay = java.lang.Integer.parseInt(CurrentDate): null

2018-12-17 16:44:34 - [TEST_STEP][PASSED] - Statement - ConfAdder = <not implemented yet for class: org.codehaus.groovy.ast.expr.EmptyExpression>: null

2018-12-17 16:44:34 - [TEST_STEP][PASSED] - Statement - out.println(CurrentMonth): null

2018-12-17 16:44:34 - [TEST_STEP][PASSED] - Statement - out.println(CurrentDate): null

2018-12-17 16:44:34 - [TEST_STEP][PASSED] - Statement - switch (CurrentDate): null

2018-12-17 16:44:34 - [TEST_STEP][PASSED] - Statement - Default: null

2018-12-17 16:44:34 - [TEST_STEP][PASSED] - Statement - ConfAdder = true: null

2018-12-17 16:44:34 - [TEST_STEP][PASSED] - Statement - Break: null

2018-12-17 16:44:34 - [TEST_STEP][PASSED] - Statement - aDayBefore = <not implemented yet for class: org.codehaus.groovy.ast.expr.EmptyExpression>: null

2018-12-17 16:44:34 - [TEST_STEP][PASSED] - Statement - out.println(ConfAdder): null

2018-12-17 16:44:34 - [TEST_STEP][PASSED] - Statement - If (ConfAdder == true): null

2018-12-17 16:44:34 - [TEST_STEP][PASSED] - Statement - aDayBefore = CurrentDay + 1: null

2018-12-17 16:44:34 - [TEST_STEP][PASSED] - Statement - out.println(aDayBefore): null

2018-12-17 16:44:34 - [TEST_STEP][PASSED] - Statement - If (aDayBefore == 1 && CurrentMonth == 11): null

2018-12-17 16:44:34 - [TEST_STEP][PASSED] - Statement - DayBefore = aDayBefore.toString(): null

2018-12-17 16:44:34 - [TEST_STEP][PASSED] - Statement - OneDayBefore = DayBefore: null

2018-12-17 16:44:34 - [MESSAGE][PASSED] - Call Test Case 'Test Cases/Final Aug 2018 - PKS Automation/Registration Module/New Registration/Form 2/Date Updater' successfully

2018-12-17 16:44:34 - [TEST_STEP][PASSED] - delay: Delayed 1 second(s)

2018-12-17 16:44:35 - [MESSAGE][PASSED] - Delayed 1 second(s)

2018-12-17 16:44:35 - [TEST_STEP][PASSED] - Statement - CaseReferenceNo = com.kms.katalon.core.webui.keyword.WebUiBuiltInKeywords.getText(com.kms.katalon.core.testobject.ObjectRepository.findTestObject(Final Object Repo/New Registration - Registration Module Pages/Form 2/RefNo Acquiring)): Text of object 'Object Repository/Final Object Repo/New Registration - Registration Module Pages/Form 2/RefNo Acquiring' is: 'CRN12201800123369'

2018-12-17 16:44:35 - [MESSAGE][PASSED] - Text of object 'Object Repository/Final Object Repo/New Registration - Registration Module Pages/Form 2/RefNo Acquiring' is: 'CRN12201800123369'

2018-12-17 16:44:35 - [TEST_STEP][PASSED] - delay: Delayed 1 second(s)

2018-12-17 16:44:36 - [MESSAGE][PASSED] - Delayed 1 second(s)

2018-12-17 16:44:36 - [TEST_STEP][PASSED] - click: Object: 'Object Repository/Final Object Repo/New Registration - Registration Module Pages/Form 2/Add Employee Button' is clicked on

2018-12-17 16:44:37 - [MESSAGE][PASSED] - Object: 'Object Repository/Final Object Repo/New Registration - Registration Module Pages/Form 2/Add Employee Button' is clicked on

2018-12-17 16:44:37 - [TEST_STEP][PASSED] - delay: Delayed 1 second(s)

2018-12-17 16:44:38 - [MESSAGE][PASSED] - Delayed 1 second(s)

2018-12-17 16:44:38 - [TEST_STEP][PASSED] - setText: Text '010903091948' is set on object 'Object Repository/Final Object Repo/New Registration - Registration Module Pages/Form 2/NRIC Input'

2018-12-17 16:44:38 - [MESSAGE][PASSED] - Text '010903091948' is set on object 'Object Repository/Final Object Repo/New Registration - Registration Module Pages/Form 2/NRIC Input'

2018-12-17 16:44:38 - [TEST_STEP][PASSED] - delay: Delayed 2 second(s)

2018-12-17 16:44:40 - [MESSAGE][PASSED] - Delayed 2 second(s)

2018-12-17 16:44:40 - [TEST_STEP][PASSED] - setText: Text 'Automate001 eligible 1' is set on object 'Object Repository/Final Object Repo/New Registration - Registration Module Pages/Form 2/Employee Name Input'

2018-12-17 16:44:40 - [MESSAGE][PASSED] - Text 'Automate001 eligible 1' is set on object 'Object Repository/Final Object Repo/New Registration - Registration Module Pages/Form 2/Employee Name Input'

2018-12-17 16:44:40 - [TEST_STEP][PASSED] - delay: Delayed 2 second(s)

2018-12-17 16:44:42 - [MESSAGE][PASSED] - Delayed 2 second(s)

2018-12-17 16:44:42 - [TEST_STEP][PASSED] - click: Object: 'Object Repository/Final Object Repo/New Registration - Registration Module Pages/Form 2/DatePicker Pop Up' is clicked on

2018-12-17 16:44:43 - [MESSAGE][PASSED] - Object: 'Object Repository/Final Object Repo/New Registration - Registration Module Pages/Form 2/DatePicker Pop Up' is clicked on

2018-12-17 16:44:43 - [TEST_STEP][PASSED] - click: Object: 'Object Repository/Final Object Repo/New Registration - Registration Module Pages/Form 2/DOB Month' is clicked on

2018-12-17 16:44:43 - [MESSAGE][PASSED] - Object: 'Object Repository/Final Object Repo/New Registration - Registration Module Pages/Form 2/DOB Month' is clicked on

2018-12-17 16:44:43 - [TEST_STEP][PASSED] - Statement - CurrentMonth = CurrentMonth: null

2018-12-17 16:44:43 - [TEST_STEP][PASSED] - Statement - selectMonth = new com.kms.katalon.core.testobject.TestObject(): null

2018-12-17 16:44:43 - [TEST_STEP][PASSED] - Statement - selectMonth.addProperty("xpath", EQUALS, "//body/div/div/div/select/option[@value='" + CurrentMonth + "']", true): null

2018-12-17 16:44:43 - [TEST_STEP][PASSED] - click: Object: '' is clicked on

2018-12-17 16:44:43 - [MESSAGE][PASSED] - Object: '' is clicked on

2018-12-17 16:44:43 - [TEST_STEP][PASSED] - click: Object: 'Object Repository/Final Object Repo/New Registration - Registration Module Pages/Form 2/DOB Year' is clicked on

2018-12-17 16:44:43 - [MESSAGE][PASSED] - Object: 'Object Repository/Final Object Repo/New Registration - Registration Module Pages/Form 2/DOB Year' is clicked on

2018-12-17 16:44:43 - [TEST_STEP][PASSED] - Statement - Eyearsbf = EighteenYrsBefore: null

2018-12-17 16:44:43 - [TEST_STEP][PASSED] - Statement - selectYear = new com.kms.katalon.core.testobject.TestObject(): null

2018-12-17 16:44:43 - [TEST_STEP][PASSED] - Statement - selectYear.addProperty("xpath", EQUALS, "//div/div/div/select/option[@value='" + Eyearsbf + "']", true): null

2018-12-17 16:44:43 - [TEST_STEP][PASSED] - click: Object: '' is clicked on

2018-12-17 16:44:43 - [MESSAGE][PASSED] - Object: '' is clicked on

2018-12-17 16:44:43 - [TEST_STEP][PASSED] - Statement - UpdatedSelectDate = com.kms.katalon.core.webui.keyword.WebUiBuiltInKeywords.modifyObjectProperty(com.kms.katalon.core.testobject.ObjectRepository.findTestObject(Final Object Repo/New Registration - Registration Module Pages/Form 2/DOB Date), "xpath", "equals", "//body/div/table/tbody/tr/td/a[text()="" + CurrentDate + ""]", true): Modify property of object successfully

2018-12-17 16:44:43 - [MESSAGE][PASSED] - Modify property of object successfully

2018-12-17 16:44:43 - [TEST_STEP][PASSED] - delay: Delayed 3 second(s)

2018-12-17 16:44:46 - [MESSAGE][PASSED] - Delayed 3 second(s)

2018-12-17 16:44:46 - [TEST_STEP][PASSED] - click: Object: 'Object Repository/Final Object Repo/New Registration - Registration Module Pages/Form 2/DOB Date' is clicked on

2018-12-17 16:44:47 - [MESSAGE][PASSED] - Object: 'Object Repository/Final Object Repo/New Registration - Registration Module Pages/Form 2/DOB Date' is clicked on

2018-12-17 16:44:47 - [TEST_STEP][PASSED] - delay: Delayed 2 second(s)

2018-12-17 16:44:49 - [MESSAGE][PASSED] - Delayed 2 second(s)

2018-12-17 16:44:49 - [TEST_STEP][PASSED] - click: Object: 'Object Repository/Final Object Repo/New Registration - Registration Module Pages/Form 2/EmploymentStartDate Pop Up' is clicked on

2018-12-17 16:44:49 - [MESSAGE][PASSED] - Object: 'Object Repository/Final Object Repo/New Registration - Registration Module Pages/Form 2/EmploymentStartDate Pop Up' is clicked on

2018-12-17 16:44:49 - [TEST_STEP][PASSED] - delay: Delayed 2 second(s)

2018-12-17 16:44:51 - [MESSAGE][PASSED] - Delayed 2 second(s)

2018-12-17 16:44:51 - [TEST_STEP][PASSED] - click: Object: 'Object Repository/Final Object Repo/New Registration - Registration Module Pages/Form 2/Socso Employment StartDate Month' is clicked on

2018-12-17 16:44:51 - [MESSAGE][PASSED] - Object: 'Object Repository/Final Object Repo/New Registration - Registration Module Pages/Form 2/Socso Employment StartDate Month' is clicked on

2018-12-17 16:44:51 - [TEST_STEP][PASSED] - delay: Delayed 1 second(s)

2018-12-17 16:44:52 - [MESSAGE][PASSED] - Delayed 1 second(s)

2018-12-17 16:44:52 - [TEST_STEP][PASSED] - click: Object: 'Object Repository/Final Object Repo/New Registration - Registration Module Pages/Form 2/Select Socso Employement Startdate Month' is clicked on

2018-12-17 16:44:52 - [MESSAGE][PASSED] - Object: 'Object Repository/Final Object Repo/New Registration - Registration Module Pages/Form 2/Select Socso Employement Startdate Month' is clicked on

2018-12-17 16:44:52 - [TEST_STEP][PASSED] - delay: Delayed 2 second(s)

2018-12-17 16:44:54 - [MESSAGE][PASSED] - Delayed 2 second(s)

2018-12-17 16:44:54 - [TEST_STEP][PASSED] - click: Object: 'Object Repository/Final Object Repo/New Registration - Registration Module Pages/Form 2/Socso Employment StartDate Year' is clicked on

2018-12-17 16:44:54 - [MESSAGE][PASSED] - Object: 'Object Repository/Final Object Repo/New Registration - Registration Module Pages/Form 2/Socso Employment StartDate Year' is clicked on

2018-12-17 16:44:54 - [TEST_STEP][PASSED] - delay: Delayed 1 second(s)

2018-12-17 16:44:55 - [MESSAGE][PASSED] - Delayed 1 second(s)

2018-12-17 16:44:55 - [TEST_STEP][PASSED] - click: Object: 'Object Repository/Final Object Repo/New Registration - Registration Module Pages/Form 2/Select Socso Employment Startdate Year' is clicked on

2018-12-17 16:44:56 - [MESSAGE][PASSED] - Object: 'Object Repository/Final Object Repo/New Registration - Registration Module Pages/Form 2/Select Socso Employment Startdate Year' is clicked on

2018-12-17 16:44:56 - [TEST_STEP][PASSED] - delay: Delayed 2 second(s)

2018-12-17 16:44:58 - [MESSAGE][PASSED] - Delayed 2 second(s)

2018-12-17 16:44:58 - [TEST_STEP][PASSED] - click: Object: 'Object Repository/Final Object Repo/New Registration - Registration Module Pages/Form 2/Socso Employment Start Date Day' is clicked on

2018-12-17 16:44:58 - [MESSAGE][PASSED] - Object: 'Object Repository/Final Object Repo/New Registration - Registration Module Pages/Form 2/Socso Employment Start Date Day' is clicked on

2018-12-17 16:44:58 - [TEST_STEP][PASSED] - delay: Delayed 2 second(s)

2018-12-17 16:45:00 - [MESSAGE][PASSED] - Delayed 2 second(s)

2018-12-17 16:45:00 - [TEST_STEP][PASSED] - click: Object: 'Object Repository/Final Object Repo/New Registration - Registration Module Pages/Form 2/Save Button for Add Employee' is clicked on

2018-12-17 16:45:00 - [MESSAGE][PASSED] - Object: 'Object Repository/Final Object Repo/New Registration - Registration Module Pages/Form 2/Save Button for Add Employee' is clicked on

2018-12-17 16:45:00 - [TEST_STEP][PASSED] - delay: Delayed 6 second(s)

2018-12-17 16:45:06 - [MESSAGE][PASSED] - Delayed 6 second(s)

2018-12-17 16:45:06 - [TEST_STEP][PASSED] - click: Object: 'Object Repository/Final Object Repo/New Registration - Registration Module Pages/Form 2/Save and Continue Form 2' is clicked on

2018-12-17 16:45:06 - [MESSAGE][PASSED] - Object: 'Object Repository/Final Object Repo/New Registration - Registration Module Pages/Form 2/Save and Continue Form 2' is clicked on

2018-12-17 16:45:06 - [MESSAGE][PASSED] - Call Test Case 'Test Cases/Final Aug 2018 - PKS Automation/Registration Module/New Registration/Form 2/Add 1 Eligible - Employer Account Use' successfully

2018-12-17 16:45:06 - [TEST_STEP][PASSED] - callTestCase: Call Test Case 'Test Cases/Final Aug 2018 - PKS Automation/Registration Module/New Registration/Flow of New Registration/Third Screen - Upload Supporting Doc - Preview' successfully

2018-12-17 16:45:06 - [TEST_CASE][PASSED] - Test Cases/Final Aug 2018 - PKS Automation/Registration Module/New Registration/Flow of New Registration/Third Screen - Upload Supporting Doc - Preview: Test Cases/Final Aug 2018 - PKS Automation/Registration Module/New Registration/Flow of New Registration/Third Screen - Upload Supporting Doc - Preview

2018-12-17 16:45:07 - [TEST_STEP][PASSED] - waitForPageLoad: Wait for page load successfully

2018-12-17 16:45:07 - [MESSAGE][PASSED] - Wait for page load successfully

2018-12-17 16:45:07 - [TEST_STEP][PASSED] - Statement - CaseReferenceNo = com.kms.katalon.core.webui.keyword.WebUiBuiltInKeywords.getText(com.kms.katalon.core.testobject.ObjectRepository.findTestObject(Final Object Repo/New Registration - Registration Module Pages/Third Screen - Upload Supporting Doc- Preview/RefNo Acquiring)): Text of object 'Object Repository/Final Object Repo/New Registration - Registration Module Pages/Third Screen - Upload Supporting Doc- Preview/RefNo Acquiring' is: 'CRN12201800123369'

2018-12-17 16:45:07 - [MESSAGE][PASSED] - Text of object 'Object Repository/Final Object Repo/New Registration - Registration Module Pages/Third Screen - Upload Supporting Doc- Preview/RefNo Acquiring' is: 'CRN12201800123369'

2018-12-17 16:45:07 - [TEST_STEP][PASSED] - delay: Delayed 2 second(s)

2018-12-17 16:45:09 - [MESSAGE][PASSED] - Delayed 2 second(s)

2018-12-17 16:45:09 - [TEST_STEP][PASSED] - callTestCase: Call Test Case 'Test Cases/Final Aug 2018 - PKS Automation/Common/Reference Number Setter' successfully

2018-12-17 16:45:09 - [TEST_CASE][PASSED] - Test Cases/Final Aug 2018 - PKS Automation/Common/Reference Number Setter: Test Cases/Final Aug 2018 - PKS Automation/Common/Reference Number Setter

2018-12-17 16:45:10 - [TEST_STEP][PASSED] - Statement - RefNoOldFile = new java.io.File(C://Users//Admin//Desktop//PKS//Automation Reference Point//KatalonReference.txt): null

2018-12-17 16:45:10 - [TEST_STEP][PASSED] - Statement - RefNoOldFile.delete(): null

2018-12-17 16:45:10 - [TEST_STEP][PASSED] - delay: Delayed 5 second(s)

2018-12-17 16:45:15 - [MESSAGE][PASSED] - Delayed 5 second(s)

2018-12-17 16:45:15 - [TEST_STEP][PASSED] - Statement - RefNo = new java.io.File(C://Users//Admin//Desktop//PKS//Automation Reference Point//KatalonReference.txt): null

2018-12-17 16:45:15 - [TEST_STEP][PASSED] - Statement - f2 = new java.io.FileWriter(RefNo, false): null

2018-12-17 16:45:15 - [TEST_STEP][PASSED] - Statement - f2.write(CaseReferenceNo): null

2018-12-17 16:45:15 - [TEST_STEP][PASSED] - Statement - f2.close(): null

2018-12-17 16:45:15 - [TEST_STEP][PASSED] - Statement - out.println("


" + CaseReferenceNo + "


"): null

2018-12-17 16:45:15 - [MESSAGE][PASSED] - Call Test Case 'Test Cases/Final Aug 2018 - PKS Automation/Common/Reference Number Setter' successfully

2018-12-17 16:45:15 - [TEST_STEP][PASSED] - waitForElementClickable: Object 'Object Repository/Final Object Repo/New Registration - Registration Module Pages/Third Screen - Upload Supporting Doc- Preview/Save n Continue in SIP Employee Listing Page' is clickable

2018-12-17 16:45:15 - [MESSAGE][PASSED] - Object 'Object Repository/Final Object Repo/New Registration - Registration Module Pages/Third Screen - Upload Supporting Doc- Preview/Save n Continue in SIP Employee Listing Page' is clickable

2018-12-17 16:45:15 - [TEST_STEP][PASSED] - click: Object: 'Object Repository/Final Object Repo/New Registration - Registration Module Pages/Third Screen - Upload Supporting Doc- Preview/Save n Continue in SIP Employee Listing Page' is clicked on

2018-12-17 16:45:21 - [MESSAGE][PASSED] - Object: 'Object Repository/Final Object Repo/New Registration - Registration Module Pages/Third Screen - Upload Supporting Doc- Preview/Save n Continue in SIP Employee Listing Page' is clicked on

2018-12-17 16:45:21 - [TEST_STEP][PASSED] - delay: Delayed 7 second(s)

2018-12-17 16:45:28 - [MESSAGE][PASSED] - Delayed 7 second(s)

2018-12-17 16:45:28 - [TEST_STEP][PASSED] - click: Object: 'Object Repository/Final Object Repo/New Registration - Registration Module Pages/Third Screen - Upload Supporting Doc- Preview/Add Document Button' is clicked on

2018-12-17 16:45:28 - [MESSAGE][PASSED] - Object: 'Object Repository/Final Object Repo/New Registration - Registration Module Pages/Third Screen - Upload Supporting Doc- Preview/Add Document Button' is clicked on

2018-12-17 16:45:28 - [TEST_STEP][PASSED] - delay: Delayed 30 second(s)

2018-12-17 16:45:58 - [MESSAGE][PASSED] - Delayed 30 second(s)

2018-12-17 16:45:58 - [TEST_STEP][PASSED] - click: Object: 'Object Repository/Final Object Repo/New Registration - Registration Module Pages/Third Screen - Upload Supporting Doc- Preview/Supporting Doc Please Select Drop Down' is clicked on

2018-12-17 16:45:58 - [MESSAGE][PASSED] - Object: 'Object Repository/Final Object Repo/New Registration - Registration Module Pages/Third Screen - Upload Supporting Doc- Preview/Supporting Doc Please Select Drop Down' is clicked on

2018-12-17 16:45:58 - [TEST_STEP][PASSED] - delay: Delayed 2 second(s)

2018-12-17 16:46:00 - [MESSAGE][PASSED] - Delayed 2 second(s)

2018-12-17 16:46:00 - [TEST_STEP][PASSED] - click: Object: 'Object Repository/Final Object Repo/New Registration - Registration Module Pages/Third Screen - Upload Supporting Doc- Preview/Select to Upload Form 1' is clicked on

2018-12-17 16:46:00 - [MESSAGE][PASSED] - Object: 'Object Repository/Final Object Repo/New Registration - Registration Module Pages/Third Screen - Upload Supporting Doc- Preview/Select to Upload Form 1' is clicked on

2018-12-17 16:46:00 - [TEST_STEP][PASSED] - delay: Delayed 2 second(s)

2018-12-17 16:46:02 - [MESSAGE][PASSED] - Delayed 2 second(s)

2018-12-17 16:46:02 - [TEST_STEP][PASSED] - uploadFile: File 'C:\Users\Public\Pictures\Sample Pictures\Koala.jpg' sent to object: 'Object Repository/Final Object Repo/New Registration - Registration Module Pages/Third Screen - Upload Supporting Doc- Preview/Upload File Adding'

2018-12-17 16:46:02 - [MESSAGE][PASSED] - File 'C:\Users\Public\Pictures\Sample Pictures\Koala.jpg' sent to object: 'Object Repository/Final Object Repo/New Registration - Registration Module Pages/Third Screen - Upload Supporting Doc- Preview/Upload File Adding'

2018-12-17 16:46:02 - [TEST_STEP][PASSED] - delay: Delayed 5 second(s)

2018-12-17 16:46:07 - [MESSAGE][PASSED] - Delayed 5 second(s)

2018-12-17 16:46:07 - [TEST_STEP][PASSED] - click: Object: 'Object Repository/Final Object Repo/New Registration - Registration Module Pages/Third Screen - Upload Supporting Doc- Preview/Inner Form Add Document Button' is clicked on

2018-12-17 16:46:08 - [MESSAGE][PASSED] - Object: 'Object Repository/Final Object Repo/New Registration - Registration Module Pages/Third Screen - Upload Supporting Doc- Preview/Inner Form Add Document Button' is clicked on

2018-12-17 16:46:08 - [TEST_STEP][PASSED] - delay: Delayed 3 second(s)

2018-12-17 16:46:11 - [MESSAGE][PASSED] - Delayed 3 second(s)

2018-12-17 16:46:11 - [TEST_STEP][PASSED] - click: Object: 'Object Repository/Final Object Repo/New Registration - Registration Module Pages/Third Screen - Upload Supporting Doc- Preview/Add Document Button' is clicked on

2018-12-17 16:46:12 - [MESSAGE][PASSED] - Object: 'Object Repository/Final Object Repo/New Registration - Registration Module Pages/Third Screen - Upload Supporting Doc- Preview/Add Document Button' is clicked on

2018-12-17 16:46:12 - [TEST_STEP][PASSED] - delay: Delayed 30 second(s)

2018-12-17 16:46:42 - [MESSAGE][PASSED] - Delayed 30 second(s)

2018-12-17 16:46:42 - [TEST_STEP][PASSED] - click: Object: 'Object Repository/Final Object Repo/New Registration - Registration Module Pages/Third Screen - Upload Supporting Doc- Preview/Supporting Doc Please Select Drop Down' is clicked on

2018-12-17 16:46:42 - [MESSAGE][PASSED] - Object: 'Object Repository/Final Object Repo/New Registration - Registration Module Pages/Third Screen - Upload Supporting Doc- Preview/Supporting Doc Please Select Drop Down' is clicked on

2018-12-17 16:46:42 - [TEST_STEP][PASSED] - delay: Delayed 4 second(s)

2018-12-17 16:46:46 - [MESSAGE][PASSED] - Delayed 4 second(s)

2018-12-17 16:46:46 - [TEST_STEP][PASSED] - click: Object: 'Object Repository/Final Object Repo/New Registration - Registration Module Pages/Third Screen - Upload Supporting Doc- Preview/Select to Upload Form 2' is clicked on

2018-12-17 16:46:46 - [MESSAGE][PASSED] - Object: 'Object Repository/Final Object Repo/New Registration - Registration Module Pages/Third Screen - Upload Supporting Doc- Preview/Select to Upload Form 2' is clicked on

2018-12-17 16:46:46 - [TEST_STEP][PASSED] - delay: Delayed 2 second(s)

2018-12-17 16:46:48 - [MESSAGE][PASSED] - Delayed 2 second(s)

2018-12-17 16:46:48 - [TEST_STEP][PASSED] - uploadFile: File 'C:\Users\Public\Pictures\Sample Pictures\Koala.jpg' sent to object: 'Object Repository/Final Object Repo/New Registration - Registration Module Pages/Third Screen - Upload Supporting Doc- Preview/Upload File Adding'

2018-12-17 16:46:48 - [MESSAGE][PASSED] - File 'C:\Users\Public\Pictures\Sample Pictures\Koala.jpg' sent to object: 'Object Repository/Final Object Repo/New Registration - Registration Module Pages/Third Screen - Upload Supporting Doc- Preview/Upload File Adding'

2018-12-17 16:46:48 - [TEST_STEP][PASSED] - click: Object: 'Object Repository/Final Object Repo/New Registration - Registration Module Pages/Third Screen - Upload Supporting Doc- Preview/Inner Form Add Document Button' is clicked on

2018-12-17 16:46:49 - [MESSAGE][PASSED] - Object: 'Object Repository/Final Object Repo/New Registration - Registration Module Pages/Third Screen - Upload Supporting Doc- Preview/Inner Form Add Document Button' is clicked on

2018-12-17 16:46:49 - [TEST_STEP][PASSED] - delay: Delayed 5 second(s)

2018-12-17 16:46:54 - [MESSAGE][PASSED] - Delayed 5 second(s)

2018-12-17 16:46:54 - [TEST_STEP][PASSED] - click: Object: 'Object Repository/Final Object Repo/New Registration - Registration Module Pages/Third Screen - Upload Supporting Doc- Preview/Add Document Button' is clicked on

2018-12-17 16:46:54 - [MESSAGE][PASSED] - Object: 'Object Repository/Final Object Repo/New Registration - Registration Module Pages/Third Screen - Upload Supporting Doc- Preview/Add Document Button' is clicked on

2018-12-17 16:46:54 - [TEST_STEP][PASSED] - delay: Delayed 30 second(s)

2018-12-17 16:47:24 - [MESSAGE][PASSED] - Delayed 30 second(s)

2018-12-17 16:47:24 - [TEST_STEP][PASSED] - click: Object: 'Object Repository/Final Object Repo/New Registration - Registration Module Pages/Third Screen - Upload Supporting Doc- Preview/Supporting Doc Please Select Drop Down' is clicked on

2018-12-17 16:47:24 - [MESSAGE][PASSED] - Object: 'Object Repository/Final Object Repo/New Registration - Registration Module Pages/Third Screen - Upload Supporting Doc- Preview/Supporting Doc Please Select Drop Down' is clicked on

2018-12-17 16:47:24 - [TEST_STEP][PASSED] - click: Object: 'Object Repository/Final Object Repo/New Registration - Registration Module Pages/Third Screen - Upload Supporting Doc- Preview/Select to Upload Borang SIP 1' is clicked on

2018-12-17 16:47:24 - [MESSAGE][PASSED] - Object: 'Object Repository/Final Object Repo/New Registration - Registration Module Pages/Third Screen - Upload Supporting Doc- Preview/Select to Upload Borang SIP 1' is clicked on

2018-12-17 16:47:24 - [TEST_STEP][PASSED] - delay: Delayed 2 second(s)

2018-12-17 16:47:26 - [MESSAGE][PASSED] - Delayed 2 second(s)

2018-12-17 16:47:26 - [TEST_STEP][PASSED] - uploadFile: File 'C:\Users\Public\Pictures\Sample Pictures\Koala.jpg' sent to object: 'Object Repository/Final Object Repo/New Registration - Registration Module Pages/Third Screen - Upload Supporting Doc- Preview/Upload File Adding'

2018-12-17 16:47:26 - [MESSAGE][PASSED] - File 'C:\Users\Public\Pictures\Sample Pictures\Koala.jpg' sent to object: 'Object Repository/Final Object Repo/New Registration - Registration Module Pages/Third Screen - Upload Supporting Doc- Preview/Upload File Adding'

2018-12-17 16:47:26 - [TEST_STEP][PASSED] - click: Object: 'Object Repository/Final Object Repo/New Registration - Registration Module Pages/Third Screen - Upload Supporting Doc- Preview/Inner Form Add Document Button' is clicked on

2018-12-17 16:47:26 - [MESSAGE][PASSED] - Object: 'Object Repository/Final Object Repo/New Registration - Registration Module Pages/Third Screen - Upload Supporting Doc- Preview/Inner Form Add Document Button' is clicked on

2018-12-17 16:47:26 - [TEST_STEP][PASSED] - delay: Delayed 5 second(s)

2018-12-17 16:47:31 - [MESSAGE][PASSED] - Delayed 5 second(s)

2018-12-17 16:47:31 - [TEST_STEP][PASSED] - click: Object: 'Object Repository/Final Object Repo/New Registration - Registration Module Pages/Third Screen - Upload Supporting Doc- Preview/Add Document Button' is clicked on

2018-12-17 16:47:32 - [MESSAGE][PASSED] - Object: 'Object Repository/Final Object Repo/New Registration - Registration Module Pages/Third Screen - Upload Supporting Doc- Preview/Add Document Button' is clicked on

2018-12-17 16:47:32 - [TEST_STEP][PASSED] - delay: Delayed 30 second(s)

2018-12-17 16:48:02 - [MESSAGE][PASSED] - Delayed 30 second(s)

2018-12-17 16:48:02 - [TEST_STEP][PASSED] - click: Object: 'Object Repository/Final Object Repo/New Registration - Registration Module Pages/Third Screen - Upload Supporting Doc- Preview/Supporting Doc Please Select Drop Down' is clicked on

2018-12-17 16:48:02 - [MESSAGE][PASSED] - Object: 'Object Repository/Final Object Repo/New Registration - Registration Module Pages/Third Screen - Upload Supporting Doc- Preview/Supporting Doc Please Select Drop Down' is clicked on

2018-12-17 16:48:02 - [TEST_STEP][PASSED] - delay: Delayed 3 second(s)

2018-12-17 16:48:05 - [MESSAGE][PASSED] - Delayed 3 second(s)

2018-12-17 16:48:05 - [TEST_STEP][PASSED] - click: Object: 'Object Repository/Final Object Repo/New Registration - Registration Module Pages/Third Screen - Upload Supporting Doc- Preview/Select to Upload Borang SIP 2' is clicked on

2018-12-17 16:48:05 - [MESSAGE][PASSED] - Object: 'Object Repository/Final Object Repo/New Registration - Registration Module Pages/Third Screen - Upload Supporting Doc- Preview/Select to Upload Borang SIP 2' is clicked on

2018-12-17 16:48:05 - [TEST_STEP][PASSED] - delay: Delayed 2 second(s)

2018-12-17 16:48:07 - [MESSAGE][PASSED] - Delayed 2 second(s)

2018-12-17 16:48:07 - [TEST_STEP][PASSED] - uploadFile: File 'C:\Users\Public\Pictures\Sample Pictures\Koala.jpg' sent to object: 'Object Repository/Final Object Repo/New Registration - Registration Module Pages/Third Screen - Upload Supporting Doc- Preview/Upload File Adding'

2018-12-17 16:48:07 - [MESSAGE][PASSED] - File 'C:\Users\Public\Pictures\Sample Pictures\Koala.jpg' sent to object: 'Object Repository/Final Object Repo/New Registration - Registration Module Pages/Third Screen - Upload Supporting Doc- Preview/Upload File Adding'

2018-12-17 16:48:07 - [TEST_STEP][PASSED] - delay: Delayed 5 second(s)

2018-12-17 16:48:12 - [MESSAGE][PASSED] - Delayed 5 second(s)

2018-12-17 16:48:12 - [TEST_STEP][PASSED] - click: Object: 'Object Repository/Final Object Repo/New Registration - Registration Module Pages/Third Screen - Upload Supporting Doc- Preview/Inner Form Add Document Button' is clicked on

2018-12-17 16:48:12 - [MESSAGE][PASSED] - Object: 'Object Repository/Final Object Repo/New Registration - Registration Module Pages/Third Screen - Upload Supporting Doc- Preview/Inner Form Add Document Button' is clicked on

2018-12-17 16:48:12 - [TEST_STEP][PASSED] - delay: Delayed 3 second(s)

2018-12-17 16:48:15 - [MESSAGE][PASSED] - Delayed 3 second(s)

2018-12-17 16:48:15 - [TEST_STEP][PASSED] - waitForElementClickable: Object 'Object Repository/Final Object Repo/New Registration - Registration Module Pages/Third Screen - Upload Supporting Doc- Preview/Save n Continue in Uploading Supporting Doc Page' is clickable

2018-12-17 16:48:17 - [MESSAGE][PASSED] - Object 'Object Repository/Final Object Repo/New Registration - Registration Module Pages/Third Screen - Upload Supporting Doc- Preview/Save n Continue in Uploading Supporting Doc Page' is clickable

2018-12-17 16:48:17 - [TEST_STEP][PASSED] - click: Object: 'Object Repository/Final Object Repo/New Registration - Registration Module Pages/Third Screen - Upload Supporting Doc- Preview/Save n Continue in Uploading Supporting Doc Page' is clicked on

2018-12-17 16:48:17 - [MESSAGE][PASSED] - Object: 'Object Repository/Final Object Repo/New Registration - Registration Module Pages/Third Screen - Upload Supporting Doc- Preview/Save n Continue in Uploading Supporting Doc Page' is clicked on

2018-12-17 16:48:17 - [MESSAGE][PASSED] - Call Test Case 'Test Cases/Final Aug 2018 - PKS Automation/Registration Module/New Registration/Flow of New Registration/Third Screen - Upload Supporting Doc - Preview' successfully

2018-12-17 16:48:17 - [TEST_STEP][PASSED] - setText: Text 'Tester' is set on object 'Object Repository/Final Object Repo/New Registration - Registration Module Pages/New Reg - OTC to RO/Special Case - All Related Objects/Employer Preview Name'

2018-12-17 16:48:22 - [MESSAGE][PASSED] - Text 'Tester' is set on object 'Object Repository/Final Object Repo/New Registration - Registration Module Pages/New Reg - OTC to RO/Special Case - All Related Objects/Employer Preview Name'

2018-12-17 16:48:22 - [TEST_STEP][PASSED] - click: Object: 'Object Repository/Final Object Repo/New Registration - Registration Module Pages/New Reg - OTC to RO/Special Case - All Related Objects/IC Type Drop Down' is clicked on

2018-12-17 16:48:22 - [MESSAGE][PASSED] - Object: 'Object Repository/Final Object Repo/New Registration - Registration Module Pages/New Reg - OTC to RO/Special Case - All Related Objects/IC Type Drop Down' is clicked on

2018-12-17 16:48:22 - [TEST_STEP][PASSED] - click: Object: 'Object Repository/Final Object Repo/New Registration - Registration Module Pages/New Reg - OTC to RO/Special Case - All Related Objects/Select to NRIC' is clicked on

2018-12-17 16:48:22 - [MESSAGE][PASSED] - Object: 'Object Repository/Final Object Repo/New Registration - Registration Module Pages/New Reg - OTC to RO/Special Case - All Related Objects/Select to NRIC' is clicked on

2018-12-17 16:48:22 - [TEST_STEP][PASSED] - setText: Text '133245561223' is set on object 'Object Repository/Final Object Repo/New Registration - Registration Module Pages/New Reg - OTC to RO/Special Case - All Related Objects/IC Value'

2018-12-17 16:48:22 - [MESSAGE][PASSED] - Text '133245561223' is set on object 'Object Repository/Final Object Repo/New Registration - Registration Module Pages/New Reg - OTC to RO/Special Case - All Related Objects/IC Value'

2018-12-17 16:48:22 - [TEST_STEP][PASSED] - setText: Text 'Auto' is set on object 'Object Repository/Final Object Repo/New Registration - Registration Module Pages/New Reg - OTC to RO/Special Case - All Related Objects/Designation'

2018-12-17 16:48:23 - [MESSAGE][PASSED] - Text 'Auto' is set on object 'Object Repository/Final Object Repo/New Registration - Registration Module Pages/New Reg - OTC to RO/Special Case - All Related Objects/Designation'

2018-12-17 16:48:23 - [TEST_STEP][PASSED] - callTestCase: Call Test Case 'Test Cases/Final Aug 2018 - PKS Automation/Registration Module/New Registration/Submit and Screenshot/Submit Registration and Screenshot - Copy' successfully

2018-12-17 16:48:23 - [TEST_CASE][PASSED] - Test Cases/Final Aug 2018 - PKS Automation/Registration Module/New Registration/Submit and Screenshot/Submit Registration and Screenshot - Copy: Test Cases/Final Aug 2018 - PKS Automation/Registration Module/New Registration/Submit and Screenshot/Submit Registration and Screenshot - Copy

2018-12-17 16:48:23 - [TEST_STEP][PASSED] - delay: Delayed 6 second(s)

2018-12-17 16:48:29 - [MESSAGE][PASSED] - Delayed 6 second(s)

2018-12-17 16:48:29 - [TEST_STEP][PASSED] - click: Object: 'Object Repository/Final Object Repo/New Registration - Registration Module Pages/Third Screen - Upload Supporting Doc- Preview/Preview Submit Button' is clicked on

2018-12-17 16:48:29 - [MESSAGE][PASSED] - Object: 'Object Repository/Final Object Repo/New Registration - Registration Module Pages/Third Screen - Upload Supporting Doc- Preview/Preview Submit Button' is clicked on

2018-12-17 16:48:29 - [TEST_STEP][PASSED] - delay: Delayed 2 second(s)

2018-12-17 16:48:31 - [MESSAGE][PASSED] - Delayed 2 second(s)

2018-12-17 16:48:31 - [TEST_STEP][PASSED] - click: Object: 'Object Repository/Final Object Repo/New Registration - Registration Module Pages/Third Screen - Upload Supporting Doc- Preview/Preview Submit - Confirm' is clicked on

2018-12-17 16:48:31 - [MESSAGE][PASSED] - Object: 'Object Repository/Final Object Repo/New Registration - Registration Module Pages/Third Screen - Upload Supporting Doc- Preview/Preview Submit - Confirm' is clicked on

2018-12-17 16:48:31 - [TEST_STEP][PASSED] - delay: Delayed 15 second(s)

2018-12-17 16:48:46 - [MESSAGE][PASSED] - Delayed 15 second(s)

2018-12-17 16:48:46 - [TEST_STEP][PASSED] - Statement - driver = com.kms.katalon.core.webui.driver.DriverFactory.getWebDriver(): null

2018-12-17 16:48:46 - [TEST_STEP][PASSED] - Statement - driver.manage().timeouts().implicitlyWait(10, SECONDS): null

2018-12-17 16:48:46 - [TEST_STEP][PASSED] - Statement - PresavePath = KatalonScreenshots: null

2018-12-17 16:48:46 - [TEST_STEP][PASSED] - Statement - pathPrefix = "C:\Users\Public\Pictures\Sample Pictures\Katalon Screenshots\Automate Ending Screen": null

2018-12-17 16:48:46 - [TEST_STEP][PASSED] - Statement - finalPath = <not implemented yet for class: org.codehaus.groovy.ast.expr.EmptyExpression>: null

2018-12-17 16:48:46 - [TEST_STEP][PASSED] - Statement - scrFile = driver.getScreenshotAs(FILE): null

2018-12-17 16:48:47 - [TEST_STEP][PASSED] - Statement - PreSaveFile = new java.io.File(PresavePath): null

2018-12-17 16:48:47 - [TEST_STEP][PASSED] - Statement - counter = 0: null

2018-12-17 16:48:47 - [TEST_STEP][PASSED] - Statement - If (PreSaveFile.exists()): null

2018-12-17 16:48:47 - [TEST_STEP][PASSED] - Statement - While (PreSaveFile.exists()): null

2018-12-17 16:48:47 - [TEST_STEP][PASSED] - Statement - counter = counter + 1: null

2018-12-17 16:48:47 - [TEST_STEP][PASSED] - Statement - PreSaveFile = new java.io.File(((pathPrefix + java.lang.Integer.toString(counter)) + .png)): null

2018-12-17 16:48:47 - [TEST_STEP][PASSED] - Statement - counter = counter + 1: null

2018-12-17 16:48:47 - [TEST_STEP][PASSED] - Statement - PreSaveFile = new java.io.File(((pathPrefix + java.lang.Integer.toString(counter)) + .png)): null

2018-12-17 16:48:47 - [TEST_STEP][PASSED] - Statement - counter = counter + 1: null

2018-12-17 16:48:47 - [TEST_STEP][PASSED] - Statement - PreSaveFile = new java.io.File(((pathPrefix + java.lang.Integer.toString(counter)) + .png)): null

2018-12-17 16:48:47 - [TEST_STEP][PASSED] - Statement - counter = counter + 1: null

2018-12-17 16:48:47 - [TEST_STEP][PASSED] - Statement - PreSaveFile = new java.io.File(((pathPrefix + java.lang.Integer.toString(counter)) + .png)): null

2018-12-17 16:48:47 - [TEST_STEP][PASSED] - Statement - counter = counter + 1: null

2018-12-17 16:48:47 - [TEST_STEP][PASSED] - Statement - PreSaveFile = new java.io.File(((pathPrefix + java.lang.Integer.toString(counter)) + .png)): null

2018-12-17 16:48:47 - [TEST_STEP][PASSED] - Statement - counter = counter + 1: null

2018-12-17 16:48:47 - [TEST_STEP][PASSED] - Statement - PreSaveFile = new java.io.File(((pathPrefix + java.lang.Integer.toString(counter)) + .png)): null

2018-12-17 16:48:47 - [TEST_STEP][PASSED] - Statement - counter = counter + 1: null

2018-12-17 16:48:47 - [TEST_STEP][PASSED] - Statement - PreSaveFile = new java.io.File(((pathPrefix + java.lang.Integer.toString(counter)) + .png)): null

2018-12-17 16:48:47 - [TEST_STEP][PASSED] - Statement - counter = counter + 1: null

2018-12-17 16:48:47 - [TEST_STEP][PASSED] - Statement - PreSaveFile = new java.io.File(((pathPrefix + java.lang.Integer.toString(counter)) + .png)): null

2018-12-17 16:48:47 - [TEST_STEP][PASSED] - Statement - counter = counter + 1: null

2018-12-17 16:48:47 - [TEST_STEP][PASSED] - Statement - PreSaveFile = new java.io.File(((pathPrefix + java.lang.Integer.toString(counter)) + .png)): null

2018-12-17 16:48:47 - [TEST_STEP][PASSED] - Statement - counter = counter + 1: null

2018-12-17 16:48:47 - [TEST_STEP][PASSED] - Statement - PreSaveFile = new java.io.File(((pathPrefix + java.lang.Integer.toString(counter)) + .png)): null

2018-12-17 16:48:47 - [TEST_STEP][PASSED] - Statement - counter = counter + 1: null

2018-12-17 16:48:47 - [TEST_STEP][PASSED] - Statement - PreSaveFile = new java.io.File(((pathPrefix + java.lang.Integer.toString(counter)) + .png)): null

2018-12-17 16:48:47 - [TEST_STEP][PASSED] - Statement - counter = counter + 1: null

2018-12-17 16:48:47 - [TEST_STEP][PASSED] - Statement - PreSaveFile = new java.io.File(((pathPrefix + java.lang.Integer.toString(counter)) + .png)): null

2018-12-17 16:48:47 - [TEST_STEP][PASSED] - Statement - counter = counter + 1: null

2018-12-17 16:48:47 - [TEST_STEP][PASSED] - Statement - PreSaveFile = new java.io.File(((pathPrefix + java.lang.Integer.toString(counter)) + .png)): null

2018-12-17 16:48:47 - [TEST_STEP][PASSED] - Statement - counter = counter + 1: null

2018-12-17 16:48:47 - [TEST_STEP][PASSED] - Statement - PreSaveFile = new java.io.File(((pathPrefix + java.lang.Integer.toString(counter)) + .png)): null

2018-12-17 16:48:47 - [TEST_STEP][PASSED] - Statement - counter = counter + 1: null

2018-12-17 16:48:47 - [TEST_STEP][PASSED] - Statement - PreSaveFile = new java.io.File(((pathPrefix + java.lang.Integer.toString(counter)) + .png)): null

2018-12-17 16:48:47 - [TEST_STEP][PASSED] - Statement - counter = counter + 1: null

2018-12-17 16:48:47 - [TEST_STEP][PASSED] - Statement - PreSaveFile = new java.io.File(((pathPrefix + java.lang.Integer.toString(counter)) + .png)): null

2018-12-17 16:48:47 - [TEST_STEP][PASSED] - Statement - counter = counter + 1: null

2018-12-17 16:48:47 - [TEST_STEP][PASSED] - Statement - PreSaveFile = new java.io.File(((pathPrefix + java.lang.Integer.toString(counter)) + .png)): null

2018-12-17 16:48:47 - [TEST_STEP][PASSED] - Statement - counter = counter + 1: null

2018-12-17 16:48:47 - [TEST_STEP][PASSED] - Statement - PreSaveFile = new java.io.File(((pathPrefix + java.lang.Integer.toString(counter)) + .png)): null

2018-12-17 16:48:48 - [TEST_STEP][PASSED] - Statement - counter = counter + 1: null

2018-12-17 16:48:48 - [TEST_STEP][PASSED] - Statement - PreSaveFile = new java.io.File(((pathPrefix + java.lang.Integer.toString(counter)) + .png)): null

2018-12-17 16:48:48 - [TEST_STEP][PASSED] - Statement - counter = counter + 1: null

2018-12-17 16:48:48 - [TEST_STEP][PASSED] - Statement - PreSaveFile = new java.io.File(((pathPrefix + java.lang.Integer.toString(counter)) + .png)): null

2018-12-17 16:48:48 - [TEST_STEP][PASSED] - Statement - counter = counter + 1: null

2018-12-17 16:48:48 - [TEST_STEP][PASSED] - Statement - PreSaveFile = new java.io.File(((pathPrefix + java.lang.Integer.toString(counter)) + .png)): null

2018-12-17 16:48:48 - [TEST_STEP][PASSED] - Statement - counter = counter + 1: null

2018-12-17 16:48:48 - [TEST_STEP][PASSED] - Statement - PreSaveFile = new java.io.File(((pathPrefix + java.lang.Integer.toString(counter)) + .png)): null

2018-12-17 16:48:48 - [TEST_STEP][PASSED] - Statement - counter = counter + 1: null

2018-12-17 16:48:48 - [TEST_STEP][PASSED] - Statement - PreSaveFile = new java.io.File(((pathPrefix + java.lang.Integer.toString(counter)) + .png)): null

2018-12-17 16:48:48 - [TEST_STEP][PASSED] - Statement - counter = counter + 1: null

2018-12-17 16:48:48 - [TEST_STEP][PASSED] - Statement - PreSaveFile = new java.io.File(((pathPrefix + java.lang.Integer.toString(counter)) + .png)): null

2018-12-17 16:48:48 - [TEST_STEP][PASSED] - Statement - counter = counter + 1: null

2018-12-17 16:48:48 - [TEST_STEP][PASSED] - Statement - PreSaveFile = new java.io.File(((pathPrefix + java.lang.Integer.toString(counter)) + .png)): null

2018-12-17 16:48:48 - [TEST_STEP][PASSED] - Statement - counter = counter + 1: null

2018-12-17 16:48:48 - [TEST_STEP][PASSED] - Statement - PreSaveFile = new java.io.File(((pathPrefix + java.lang.Integer.toString(counter)) + .png)): null

2018-12-17 16:48:48 - [TEST_STEP][PASSED] - Statement - counter = counter + 1: null

2018-12-17 16:48:48 - [TEST_STEP][PASSED] - Statement - PreSaveFile = new java.io.File(((pathPrefix + java.lang.Integer.toString(counter)) + .png)): null

2018-12-17 16:48:48 - [TEST_STEP][PASSED] - Statement - counter = counter + 1: null

2018-12-17 16:48:48 - [TEST_STEP][PASSED] - Statement - PreSaveFile = new java.io.File(((pathPrefix + java.lang.Integer.toString(counter)) + .png)): null

2018-12-17 16:48:48 - [TEST_STEP][PASSED] - Statement - counter = counter + 1: null

2018-12-17 16:48:48 - [TEST_STEP][PASSED] - Statement - PreSaveFile = new java.io.File(((pathPrefix + java.lang.Integer.toString(counter)) + .png)): null

2018-12-17 16:48:48 - [TEST_STEP][PASSED] - Statement - counter = counter + 1: null

2018-12-17 16:48:48 - [TEST_STEP][PASSED] - Statement - PreSaveFile = new java.io.File(((pathPrefix + java.lang.Integer.toString(counter)) + .png)): null

2018-12-17 16:48:48 - [TEST_STEP][PASSED] - Statement - counter = counter + 1: null

2018-12-17 16:48:48 - [TEST_STEP][PASSED] - Statement - PreSaveFile = new java.io.File(((pathPrefix + java.lang.Integer.toString(counter)) + .png)): null

2018-12-17 16:48:48 - [TEST_STEP][PASSED] - Statement - counter = counter + 1: null

2018-12-17 16:48:48 - [TEST_STEP][PASSED] - Statement - PreSaveFile = new java.io.File(((pathPrefix + java.lang.Integer.toString(counter)) + .png)): null

2018-12-17 16:48:48 - [TEST_STEP][PASSED] - Statement - counter = counter + 1: null

2018-12-17 16:48:48 - [TEST_STEP][PASSED] - Statement - PreSaveFile = new java.io.File(((pathPrefix + java.lang.Integer.toString(counter)) + .png)): null

2018-12-17 16:48:48 - [TEST_STEP][PASSED] - Statement - counter = counter + 1: null

2018-12-17 16:48:48 - [TEST_STEP][PASSED] - Statement - PreSaveFile = new java.io.File(((pathPrefix + java.lang.Integer.toString(counter)) + .png)): null

2018-12-17 16:48:48 - [TEST_STEP][PASSED] - Statement - counter = counter + 1: null

2018-12-17 16:48:48 - [TEST_STEP][PASSED] - Statement - PreSaveFile = new java.io.File(((pathPrefix + java.lang.Integer.toString(counter)) + .png)): null

2018-12-17 16:48:48 - [TEST_STEP][PASSED] - Statement - counter = counter + 1: null

2018-12-17 16:48:48 - [TEST_STEP][PASSED] - Statement - PreSaveFile = new java.io.File(((pathPrefix + java.lang.Integer.toString(counter)) + .png)): null

2018-12-17 16:48:48 - [TEST_STEP][PASSED] - Statement - counter = counter + 1: null

2018-12-17 16:48:48 - [TEST_STEP][PASSED] - Statement - PreSaveFile = new java.io.File(((pathPrefix + java.lang.Integer.toString(counter)) + .png)): null

2018-12-17 16:48:48 - [TEST_STEP][PASSED] - Statement - counter = counter + 1: null

2018-12-17 16:48:48 - [TEST_STEP][PASSED] - Statement - PreSaveFile = new java.io.File(((pathPrefix + java.lang.Integer.toString(counter)) + .png)): null

2018-12-17 16:48:49 - [TEST_STEP][PASSED] - Statement - counter = counter + 1: null

2018-12-17 16:48:49 - [TEST_STEP][PASSED] - Statement - PreSaveFile = new java.io.File(((pathPrefix + java.lang.Integer.toString(counter)) + .png)): null

2018-12-17 16:48:49 - [TEST_STEP][PASSED] - Statement - counter = counter + 1: null

2018-12-17 16:48:49 - [TEST_STEP][PASSED] - Statement - PreSaveFile = new java.io.File(((pathPrefix + java.lang.Integer.toString(counter)) + .png)): null

2018-12-17 16:48:49 - [TEST_STEP][PASSED] - Statement - counter = counter + 1: null

2018-12-17 16:48:49 - [TEST_STEP][PASSED] - Statement - PreSaveFile = new java.io.File(((pathPrefix + java.lang.Integer.toString(counter)) + .png)): null

2018-12-17 16:48:49 - [TEST_STEP][PASSED] - Statement - counter = counter + 1: null

2018-12-17 16:48:49 - [TEST_STEP][PASSED] - Statement - PreSaveFile = new java.io.File(((pathPrefix + java.lang.Integer.toString(counter)) + .png)): null

2018-12-17 16:48:49 - [TEST_STEP][PASSED] - Statement - counter = counter + 1: null

2018-12-17 16:48:49 - [TEST_STEP][PASSED] - Statement - PreSaveFile = new java.io.File(((pathPrefix + java.lang.Integer.toString(counter)) + .png)): null

2018-12-17 16:48:49 - [TEST_STEP][PASSED] - Statement - counter = counter + 1: null

2018-12-17 16:48:49 - [TEST_STEP][PASSED] - Statement - PreSaveFile = new java.io.File(((pathPrefix + java.lang.Integer.toString(counter)) + .png)): null

2018-12-17 16:48:49 - [TEST_STEP][PASSED] - Statement - counter = counter + 1: null

2018-12-17 16:48:49 - [TEST_STEP][PASSED] - Statement - PreSaveFile = new java.io.File(((pathPrefix + java.lang.Integer.toString(counter)) + .png)): null

2018-12-17 16:48:49 - [TEST_STEP][PASSED] - Statement - counter = counter + 1: null

2018-12-17 16:48:49 - [TEST_STEP][PASSED] - Statement - PreSaveFile = new java.io.File(((pathPrefix + java.lang.Integer.toString(counter)) + .png)): null

2018-12-17 16:48:49 - [TEST_STEP][PASSED] - Statement - counter = counter + 1: null

2018-12-17 16:48:49 - [TEST_STEP][PASSED] - Statement - PreSaveFile = new java.io.File(((pathPrefix + java.lang.Integer.toString(counter)) + .png)): null

2018-12-17 16:48:49 - [TEST_STEP][PASSED] - Statement - counter = counter + 1: null

2018-12-17 16:48:49 - [TEST_STEP][PASSED] - Statement - PreSaveFile = new java.io.File(((pathPrefix + java.lang.Integer.toString(counter)) + .png)): null

2018-12-17 16:48:49 - [TEST_STEP][PASSED] - Statement - counter = counter + 1: null

2018-12-17 16:48:49 - [TEST_STEP][PASSED] - Statement - PreSaveFile = new java.io.File(((pathPrefix + java.lang.Integer.toString(counter)) + .png)): null

2018-12-17 16:48:49 - [TEST_STEP][PASSED] - Statement - counter = counter + 1: null

2018-12-17 16:48:49 - [TEST_STEP][PASSED] - Statement - PreSaveFile = new java.io.File(((pathPrefix + java.lang.Integer.toString(counter)) + .png)): null

2018-12-17 16:48:49 - [TEST_STEP][PASSED] - Statement - counter = counter + 1: null

2018-12-17 16:48:49 - [TEST_STEP][PASSED] - Statement - PreSaveFile = new java.io.File(((pathPrefix + java.lang.Integer.toString(counter)) + .png)): null

2018-12-17 16:48:49 - [TEST_STEP][PASSED] - Statement - counter = counter + 1: null

2018-12-17 16:48:49 - [TEST_STEP][PASSED] - Statement - PreSaveFile = new java.io.File(((pathPrefix + java.lang.Integer.toString(counter)) + .png)): null

2018-12-17 16:48:50 - [TEST_STEP][PASSED] - Statement - counter = counter + 1: null

2018-12-17 16:48:50 - [TEST_STEP][PASSED] - Statement - PreSaveFile = new java.io.File(((pathPrefix + java.lang.Integer.toString(counter)) + .png)): null

2018-12-17 16:48:50 - [TEST_STEP][PASSED] - Statement - counter = counter + 1: null

2018-12-17 16:48:50 - [TEST_STEP][PASSED] - Statement - PreSaveFile = new java.io.File(((pathPrefix + java.lang.Integer.toString(counter)) + .png)): null

2018-12-17 16:48:50 - [TEST_STEP][PASSED] - Statement - counter = counter + 1: null

2018-12-17 16:48:50 - [TEST_STEP][PASSED] - Statement - PreSaveFile = new java.io.File(((pathPrefix + java.lang.Integer.toString(counter)) + .png)): null

2018-12-17 16:48:50 - [TEST_STEP][PASSED] - Statement - counter = counter + 1: null

2018-12-17 16:48:50 - [TEST_STEP][PASSED] - Statement - PreSaveFile = new java.io.File(((pathPrefix + java.lang.Integer.toString(counter)) + .png)): null

2018-12-17 16:48:50 - [TEST_STEP][PASSED] - Statement - counter = counter + 1: null

2018-12-17 16:48:50 - [TEST_STEP][PASSED] - Statement - PreSaveFile = new java.io.File(((pathPrefix + java.lang.Integer.toString(counter)) + .png)): null

2018-12-17 16:48:50 - [TEST_STEP][PASSED] - Statement - counter = counter + 1: null

2018-12-17 16:48:50 - [TEST_STEP][PASSED] - Statement - PreSaveFile = new java.io.File(((pathPrefix + java.lang.Integer.toString(counter)) + .png)): null

2018-12-17 16:48:50 - [TEST_STEP][PASSED] - Statement - counter = counter + 1: null

2018-12-17 16:48:50 - [TEST_STEP][PASSED] - Statement - PreSaveFile = new java.io.File(((pathPrefix + java.lang.Integer.toString(counter)) + .png)): null

2018-12-17 16:48:50 - [TEST_STEP][PASSED] - Statement - counter = counter + 1: null

2018-12-17 16:48:50 - [TEST_STEP][PASSED] - Statement - PreSaveFile = new java.io.File(((pathPrefix + java.lang.Integer.toString(counter)) + .png)): null

2018-12-17 16:48:50 - [TEST_STEP][PASSED] - Statement - counter = counter + 1: null

2018-12-17 16:48:50 - [TEST_STEP][PASSED] - Statement - PreSaveFile = new java.io.File(((pathPrefix + java.lang.Integer.toString(counter)) + .png)): null

2018-12-17 16:48:50 - [TEST_STEP][PASSED] - Statement - counter = counter + 1: null

2018-12-17 16:48:50 - [TEST_STEP][PASSED] - Statement - PreSaveFile = new java.io.File(((pathPrefix + java.lang.Integer.toString(counter)) + .png)): null

2018-12-17 16:48:50 - [TEST_STEP][PASSED] - Statement - counter = counter + 1: null

2018-12-17 16:48:50 - [TEST_STEP][PASSED] - Statement - PreSaveFile = new java.io.File(((pathPrefix + java.lang.Integer.toString(counter)) + .png)): null

2018-12-17 16:48:50 - [TEST_STEP][PASSED] - Statement - counter = counter + 1: null

2018-12-17 16:48:50 - [TEST_STEP][PASSED] - Statement - PreSaveFile = new java.io.File(((pathPrefix + java.lang.Integer.toString(counter)) + .png)): null

2018-12-17 16:48:50 - [TEST_STEP][PASSED] - Statement - counter = counter + 1: null

2018-12-17 16:48:50 - [TEST_STEP][PASSED] - Statement - PreSaveFile = new java.io.File(((pathPrefix + java.lang.Integer.toString(counter)) + .png)): null

2018-12-17 16:48:50 - [TEST_STEP][PASSED] - Statement - counter = counter + 1: null

2018-12-17 16:48:50 - [TEST_STEP][PASSED] - Statement - PreSaveFile = new java.io.File(((pathPrefix + java.lang.Integer.toString(counter)) + .png)): null

2018-12-17 16:48:50 - [TEST_STEP][PASSED] - Statement - counter = counter + 1: null

2018-12-17 16:48:51 - [TEST_STEP][PASSED] - Statement - PreSaveFile = new java.io.File(((pathPrefix + java.lang.Integer.toString(counter)) + .png)): null

2018-12-17 16:48:51 - [TEST_STEP][PASSED] - Statement - counter = counter + 1: null

2018-12-17 16:48:51 - [TEST_STEP][PASSED] - Statement - PreSaveFile = new java.io.File(((pathPrefix + java.lang.Integer.toString(counter)) + .png)): null

2018-12-17 16:48:51 - [TEST_STEP][PASSED] - Statement - counter = counter + 1: null

2018-12-17 16:48:51 - [TEST_STEP][PASSED] - Statement - PreSaveFile = new java.io.File(((pathPrefix + java.lang.Integer.toString(counter)) + .png)): null

2018-12-17 16:48:51 - [TEST_STEP][PASSED] - Statement - counter = counter + 1: null

2018-12-17 16:48:51 - [TEST_STEP][PASSED] - Statement - PreSaveFile = new java.io.File(((pathPrefix + java.lang.Integer.toString(counter)) + .png)): null

2018-12-17 16:48:51 - [TEST_STEP][PASSED] - Statement - counter = counter + 1: null

2018-12-17 16:48:51 - [TEST_STEP][PASSED] - Statement - PreSaveFile = new java.io.File(((pathPrefix + java.lang.Integer.toString(counter)) + .png)): null

2018-12-17 16:48:51 - [TEST_STEP][PASSED] - Statement - counter = counter + 1: null

2018-12-17 16:48:51 - [TEST_STEP][PASSED] - Statement - PreSaveFile = new java.io.File(((pathPrefix + java.lang.Integer.toString(counter)) + .png)): null

2018-12-17 16:48:51 - [TEST_STEP][PASSED] - Statement - counter = counter + 1: null

2018-12-17 16:48:51 - [TEST_STEP][PASSED] - Statement - PreSaveFile = new java.io.File(((pathPrefix + java.lang.Integer.toString(counter)) + .png)): null

2018-12-17 16:48:51 - [TEST_STEP][PASSED] - Statement - counter = counter + 1: null

2018-12-17 16:48:51 - [TEST_STEP][PASSED] - Statement - PreSaveFile = new java.io.File(((pathPrefix + java.lang.Integer.toString(counter)) + .png)): null

2018-12-17 16:48:51 - [TEST_STEP][PASSED] - Statement - counter = counter + 1: null

2018-12-17 16:48:51 - [TEST_STEP][PASSED] - Statement - PreSaveFile = new java.io.File(((pathPrefix + java.lang.Integer.toString(counter)) + .png)): null

2018-12-17 16:48:51 - [TEST_STEP][PASSED] - Statement - counter = counter + 1: null

2018-12-17 16:48:51 - [TEST_STEP][PASSED] - Statement - PreSaveFile = new java.io.File(((pathPrefix + java.lang.Integer.toString(counter)) + .png)): null

2018-12-17 16:48:51 - [TEST_STEP][PASSED] - Statement - counter = counter + 1: null

2018-12-17 16:48:51 - [TEST_STEP][PASSED] - Statement - PreSaveFile = new java.io.File(((pathPrefix + java.lang.Integer.toString(counter)) + .png)): null

2018-12-17 16:48:51 - [TEST_STEP][PASSED] - Statement - counter = counter + 1: null

2018-12-17 16:48:51 - [TEST_STEP][PASSED] - Statement - PreSaveFile = new java.io.File(((pathPrefix + java.lang.Integer.toString(counter)) + .png)): null

2018-12-17 16:48:51 - [TEST_STEP][PASSED] - Statement - counter = counter + 1: null

2018-12-17 16:48:51 - [TEST_STEP][PASSED] - Statement - PreSaveFile = new java.io.File(((pathPrefix + java.lang.Integer.toString(counter)) + .png)): null

2018-12-17 16:48:51 - [TEST_STEP][PASSED] - Statement - counter = counter + 1: null

2018-12-17 16:48:51 - [TEST_STEP][PASSED] - Statement - PreSaveFile = new java.io.File(((pathPrefix + java.lang.Integer.toString(counter)) + .png)): null

2018-12-17 16:48:51 - [TEST_STEP][PASSED] - Statement - counter = counter + 1: null

2018-12-17 16:48:51 - [TEST_STEP][PASSED] - Statement - PreSaveFile = new java.io.File(((pathPrefix + java.lang.Integer.toString(counter)) + .png)): null

2018-12-17 16:48:52 - [TEST_STEP][PASSED] - Statement - counter = counter + 1: null

2018-12-17 16:48:52 - [TEST_STEP][PASSED] - Statement - PreSaveFile = new java.io.File(((pathPrefix + java.lang.Integer.toString(counter)) + .png)): null

2018-12-17 16:48:52 - [TEST_STEP][PASSED] - Statement - counter = counter + 1: null

2018-12-17 16:48:52 - [TEST_STEP][PASSED] - Statement - PreSaveFile = new java.io.File(((pathPrefix + java.lang.Integer.toString(counter)) + .png)): null

2018-12-17 16:48:52 - [TEST_STEP][PASSED] - Statement - counter = counter + 1: null

2018-12-17 16:48:52 - [TEST_STEP][PASSED] - Statement - PreSaveFile = new java.io.File(((pathPrefix + java.lang.Integer.toString(counter)) + .png)): null

2018-12-17 16:48:52 - [TEST_STEP][PASSED] - Statement - counter = counter + 1: null

2018-12-17 16:48:52 - [TEST_STEP][PASSED] - Statement - PreSaveFile = new java.io.File(((pathPrefix + java.lang.Integer.toString(counter)) + .png)): null

2018-12-17 16:48:52 - [TEST_STEP][PASSED] - Statement - counter = counter + 1: null

2018-12-17 16:48:52 - [TEST_STEP][PASSED] - Statement - PreSaveFile = new java.io.File(((pathPrefix + java.lang.Integer.toString(counter)) + .png)): null

2018-12-17 16:48:52 - [TEST_STEP][PASSED] - Statement - counter = counter + 1: null

2018-12-17 16:48:52 - [TEST_STEP][PASSED] - Statement - PreSaveFile = new java.io.File(((pathPrefix + java.lang.Integer.toString(counter)) + .png)): null

2018-12-17 16:48:52 - [TEST_STEP][PASSED] - Statement - counter = counter + 1: null

2018-12-17 16:48:52 - [TEST_STEP][PASSED] - Statement - PreSaveFile = new java.io.File(((pathPrefix + java.lang.Integer.toString(counter)) + .png)): null

2018-12-17 16:48:52 - [TEST_STEP][PASSED] - Statement - counter = counter + 1: null

2018-12-17 16:48:52 - [TEST_STEP][PASSED] - Statement - PreSaveFile = new java.io.File(((pathPrefix + java.lang.Integer.toString(counter)) + .png)): null

2018-12-17 16:48:52 - [TEST_STEP][PASSED] - Statement - counter = counter + 1: null

2018-12-17 16:48:52 - [TEST_STEP][PASSED] - Statement - PreSaveFile = new java.io.File(((pathPrefix + java.lang.Integer.toString(counter)) + .png)): null

2018-12-17 16:48:52 - [TEST_STEP][PASSED] - Statement - counter = counter + 1: null

2018-12-17 16:48:52 - [TEST_STEP][PASSED] - Statement - PreSaveFile = new java.io.File(((pathPrefix + java.lang.Integer.toString(counter)) + .png)): null

2018-12-17 16:48:52 - [TEST_STEP][PASSED] - Statement - counter = counter + 1: null

2018-12-17 16:48:52 - [TEST_STEP][PASSED] - Statement - PreSaveFile = new java.io.File(((pathPrefix + java.lang.Integer.toString(counter)) + .png)): null

2018-12-17 16:48:52 - [TEST_STEP][PASSED] - Statement - counter = counter + 1: null

2018-12-17 16:48:52 - [TEST_STEP][PASSED] - Statement - PreSaveFile = new java.io.File(((pathPrefix + java.lang.Integer.toString(counter)) + .png)): null

2018-12-17 16:48:52 - [TEST_STEP][PASSED] - Statement - counter = counter + 1: null

2018-12-17 16:48:52 - [TEST_STEP][PASSED] - Statement - PreSaveFile = new java.io.File(((pathPrefix + java.lang.Integer.toString(counter)) + .png)): null

2018-12-17 16:48:52 - [TEST_STEP][PASSED] - Statement - counter = counter + 1: null

2018-12-17 16:48:52 - [TEST_STEP][PASSED] - Statement - PreSaveFile = new java.io.File(((pathPrefix + java.lang.Integer.toString(counter)) + .png)): null

2018-12-17 16:48:53 - [TEST_STEP][PASSED] - Statement - counter = counter + 1: null

2018-12-17 16:48:53 - [TEST_STEP][PASSED] - Statement - PreSaveFile = new java.io.File(((pathPrefix + java.lang.Integer.toString(counter)) + .png)): null

2018-12-17 16:48:53 - [TEST_STEP][PASSED] - Statement - counter = counter + 1: null

2018-12-17 16:48:53 - [TEST_STEP][PASSED] - Statement - PreSaveFile = new java.io.File(((pathPrefix + java.lang.Integer.toString(counter)) + .png)): null

2018-12-17 16:48:53 - [TEST_STEP][PASSED] - Statement - counter = counter + 1: null

2018-12-17 16:48:53 - [TEST_STEP][PASSED] - Statement - PreSaveFile = new java.io.File(((pathPrefix + java.lang.Integer.toString(counter)) + .png)): null

2018-12-17 16:48:53 - [TEST_STEP][PASSED] - Statement - counter = counter + 1: null

2018-12-17 16:48:53 - [TEST_STEP][PASSED] - Statement - PreSaveFile = new java.io.File(((pathPrefix + java.lang.Integer.toString(counter)) + .png)): null

2018-12-17 16:48:53 - [TEST_STEP][PASSED] - Statement - counter = counter + 1: null

2018-12-17 16:48:53 - [TEST_STEP][PASSED] - Statement - PreSaveFile = new java.io.File(((pathPrefix + java.lang.Integer.toString(counter)) + .png)): null

2018-12-17 16:48:53 - [TEST_STEP][PASSED] - Statement - counter = counter + 1: null

2018-12-17 16:48:53 - [TEST_STEP][PASSED] - Statement - PreSaveFile = new java.io.File(((pathPrefix + java.lang.Integer.toString(counter)) + .png)): null

2018-12-17 16:48:53 - [TEST_STEP][PASSED] - Statement - counter = counter + 1: null

2018-12-17 16:48:53 - [TEST_STEP][PASSED] - Statement - PreSaveFile = new java.io.File(((pathPrefix + java.lang.Integer.toString(counter)) + .png)): null

2018-12-17 16:48:53 - [TEST_STEP][PASSED] - Statement - counter = counter + 1: null

2018-12-17 16:48:53 - [TEST_STEP][PASSED] - Statement - PreSaveFile = new java.io.File(((pathPrefix + java.lang.Integer.toString(counter)) + .png)): null

2018-12-17 16:48:53 - [TEST_STEP][PASSED] - Statement - counter = counter + 1: null

2018-12-17 16:48:53 - [TEST_STEP][PASSED] - Statement - PreSaveFile = new java.io.File(((pathPrefix + java.lang.Integer.toString(counter)) + .png)): null

2018-12-17 16:48:53 - [TEST_STEP][PASSED] - Statement - counter = counter + 1: null

2018-12-17 16:48:53 - [TEST_STEP][PASSED] - Statement - PreSaveFile = new java.io.File(((pathPrefix + java.lang.Integer.toString(counter)) + .png)): null

2018-12-17 16:48:53 - [TEST_STEP][PASSED] - Statement - counter = counter + 1: null

2018-12-17 16:48:53 - [TEST_STEP][PASSED] - Statement - PreSaveFile = new java.io.File(((pathPrefix + java.lang.Integer.toString(counter)) + .png)): null

2018-12-17 16:48:53 - [TEST_STEP][PASSED] - Statement - counter = counter + 1: null

2018-12-17 16:48:53 - [TEST_STEP][PASSED] - Statement - PreSaveFile = new java.io.File(((pathPrefix + java.lang.Integer.toString(counter)) + .png)): null

2018-12-17 16:48:53 - [TEST_STEP][PASSED] - Statement - counter = counter + 1: null

2018-12-17 16:48:53 - [TEST_STEP][PASSED] - Statement - PreSaveFile = new java.io.File(((pathPrefix + java.lang.Integer.toString(counter)) + .png)): null

2018-12-17 16:48:53 - [TEST_STEP][PASSED] - Statement - counter = counter + 1: null

2018-12-17 16:48:53 - [TEST_STEP][PASSED] - Statement - PreSaveFile = new java.io.File(((pathPrefix + java.lang.Integer.toString(counter)) + .png)): null

2018-12-17 16:48:53 - [TEST_STEP][PASSED] - Statement - counter = counter + 1: null

2018-12-17 16:48:53 - [TEST_STEP][PASSED] - Statement - PreSaveFile = new java.io.File(((pathPrefix + java.lang.Integer.toString(counter)) + .png)): null

2018-12-17 16:48:53 - [TEST_STEP][PASSED] - Statement - counter = counter + 1: null

2018-12-17 16:48:53 - [TEST_STEP][PASSED] - Statement - PreSaveFile = new java.io.File(((pathPrefix + java.lang.Integer.toString(counter)) + .png)): null

2018-12-17 16:48:53 - [TEST_STEP][PASSED] - Statement - counter = counter + 1: null

2018-12-17 16:48:53 - [TEST_STEP][PASSED] - Statement - PreSaveFile = new java.io.File(((pathPrefix + java.lang.Integer.toString(counter)) + .png)): null

2018-12-17 16:48:53 - [TEST_STEP][PASSED] - Statement - counter = counter + 1: null

2018-12-17 16:48:53 - [TEST_STEP][PASSED] - Statement - PreSaveFile = new java.io.File(((pathPrefix + java.lang.Integer.toString(counter)) + .png)): null

2018-12-17 16:48:53 - [TEST_STEP][PASSED] - Statement - counter = counter + 1: null

2018-12-17 16:48:53 - [TEST_STEP][PASSED] - Statement - PreSaveFile = new java.io.File(((pathPrefix + java.lang.Integer.toString(counter)) + .png)): null

2018-12-17 16:48:53 - [TEST_STEP][PASSED] - Statement - counter = counter + 1: null

2018-12-17 16:48:54 - [TEST_STEP][PASSED] - Statement - PreSaveFile = new java.io.File(((pathPrefix + java.lang.Integer.toString(counter)) + .png)): null

2018-12-17 16:48:54 - [TEST_STEP][PASSED] - Statement - counter = counter + 1: null

2018-12-17 16:48:54 - [TEST_STEP][PASSED] - Statement - PreSaveFile = new java.io.File(((pathPrefix + java.lang.Integer.toString(counter)) + .png)): null

2018-12-17 16:48:54 - [TEST_STEP][PASSED] - Statement - counter = counter + 1: null

2018-12-17 16:48:54 - [TEST_STEP][PASSED] - Statement - PreSaveFile = new java.io.File(((pathPrefix + java.lang.Integer.toString(counter)) + .png)): null

2018-12-17 16:48:54 - [TEST_STEP][PASSED] - Statement - counter = counter + 1: null

2018-12-17 16:48:54 - [TEST_STEP][PASSED] - Statement - PreSaveFile = new java.io.File(((pathPrefix + java.lang.Integer.toString(counter)) + .png)): null

2018-12-17 16:48:54 - [TEST_STEP][PASSED] - Statement - counter = counter + 1: null

2018-12-17 16:48:54 - [TEST_STEP][PASSED] - Statement - PreSaveFile = new java.io.File(((pathPrefix + java.lang.Integer.toString(counter)) + .png)): null

2018-12-17 16:48:54 - [TEST_STEP][PASSED] - Statement - counter = counter + 1: null

2018-12-17 16:48:54 - [TEST_STEP][PASSED] - Statement - PreSaveFile = new java.io.File(((pathPrefix + java.lang.Integer.toString(counter)) + .png)): null

2018-12-17 16:48:54 - [TEST_STEP][PASSED] - Statement - counter = counter + 1: null

2018-12-17 16:48:54 - [TEST_STEP][PASSED] - Statement - PreSaveFile = new java.io.File(((pathPrefix + java.lang.Integer.toString(counter)) + .png)): null

2018-12-17 16:48:54 - [TEST_STEP][PASSED] - Statement - counter = counter + 1: null

2018-12-17 16:48:54 - [TEST_STEP][PASSED] - Statement - PreSaveFile = new java.io.File(((pathPrefix + java.lang.Integer.toString(counter)) + .png)): null

2018-12-17 16:48:54 - [TEST_STEP][PASSED] - Statement - counter = counter + 1: null

2018-12-17 16:48:54 - [TEST_STEP][PASSED] - Statement - PreSaveFile = new java.io.File(((pathPrefix + java.lang.Integer.toString(counter)) + .png)): null

2018-12-17 16:48:54 - [TEST_STEP][PASSED] - Statement - counter = counter + 1: null

2018-12-17 16:48:54 - [TEST_STEP][PASSED] - Statement - PreSaveFile = new java.io.File(((pathPrefix + java.lang.Integer.toString(counter)) + .png)): null

2018-12-17 16:48:54 - [TEST_STEP][PASSED] - Statement - counter = counter + 1: null

2018-12-17 16:48:54 - [TEST_STEP][PASSED] - Statement - PreSaveFile = new java.io.File(((pathPrefix + java.lang.Integer.toString(counter)) + .png)): null

2018-12-17 16:48:54 - [TEST_STEP][PASSED] - Statement - counter = counter + 1: null

2018-12-17 16:48:54 - [TEST_STEP][PASSED] - Statement - PreSaveFile = new java.io.File(((pathPrefix + java.lang.Integer.toString(counter)) + .png)): null

2018-12-17 16:48:54 - [TEST_STEP][PASSED] - Statement - counter = counter + 1: null

2018-12-17 16:48:54 - [TEST_STEP][PASSED] - Statement - PreSaveFile = new java.io.File(((pathPrefix + java.lang.Integer.toString(counter)) + .png)): null

2018-12-17 16:48:54 - [TEST_STEP][PASSED] - Statement - counter = counter + 1: null

2018-12-17 16:48:54 - [TEST_STEP][PASSED] - Statement - PreSaveFile = new java.io.File(((pathPrefix + java.lang.Integer.toString(counter)) + .png)): null

2018-12-17 16:48:54 - [TEST_STEP][PASSED] - Statement - counter = counter + 1: null

2018-12-17 16:48:54 - [TEST_STEP][PASSED] - Statement - PreSaveFile = new java.io.File(((pathPrefix + java.lang.Integer.toString(counter)) + .png)): null

2018-12-17 16:48:55 - [TEST_STEP][PASSED] - Statement - counter = counter + 1: null

2018-12-17 16:48:55 - [TEST_STEP][PASSED] - Statement - PreSaveFile = new java.io.File(((pathPrefix + java.lang.Integer.toString(counter)) + .png)): null

2018-12-17 16:48:55 - [TEST_STEP][PASSED] - Statement - counter = counter + 1: null

2018-12-17 16:48:55 - [TEST_STEP][PASSED] - Statement - PreSaveFile = new java.io.File(((pathPrefix + java.lang.Integer.toString(counter)) + .png)): null

2018-12-17 16:48:55 - [TEST_STEP][PASSED] - Statement - counter = counter + 1: null

2018-12-17 16:48:55 - [TEST_STEP][PASSED] - Statement - PreSaveFile = new java.io.File(((pathPrefix + java.lang.Integer.toString(counter)) + .png)): null

2018-12-17 16:48:55 - [TEST_STEP][PASSED] - Statement - counter = counter + 1: null

2018-12-17 16:48:55 - [TEST_STEP][PASSED] - Statement - PreSaveFile = new java.io.File(((pathPrefix + java.lang.Integer.toString(counter)) + .png)): null

2018-12-17 16:48:55 - [TEST_STEP][PASSED] - Statement - counter = counter + 1: null

2018-12-17 16:48:55 - [TEST_STEP][PASSED] - Statement - PreSaveFile = new java.io.File(((pathPrefix + java.lang.Integer.toString(counter)) + .png)): null

2018-12-17 16:48:55 - [TEST_STEP][PASSED] - Statement - counter = counter + 1: null

2018-12-17 16:48:55 - [TEST_STEP][PASSED] - Statement - PreSaveFile = new java.io.File(((pathPrefix + java.lang.Integer.toString(counter)) + .png)): null

2018-12-17 16:48:55 - [TEST_STEP][PASSED] - Statement - counter = counter + 1: null

2018-12-17 16:48:55 - [TEST_STEP][PASSED] - Statement - PreSaveFile = new java.io.File(((pathPrefix + java.lang.Integer.toString(counter)) + .png)): null

2018-12-17 16:48:55 - [TEST_STEP][PASSED] - Statement - counter = counter + 1: null

2018-12-17 16:48:55 - [TEST_STEP][PASSED] - Statement - PreSaveFile = new java.io.File(((pathPrefix + java.lang.Integer.toString(counter)) + .png)): null

2018-12-17 16:48:55 - [TEST_STEP][PASSED] - Statement - counter = counter + 1: null

2018-12-17 16:48:55 - [TEST_STEP][PASSED] - Statement - PreSaveFile = new java.io.File(((pathPrefix + java.lang.Integer.toString(counter)) + .png)): null

2018-12-17 16:48:55 - [TEST_STEP][PASSED] - Statement - counter = counter + 1: null

2018-12-17 16:48:55 - [TEST_STEP][PASSED] - Statement - PreSaveFile = new java.io.File(((pathPrefix + java.lang.Integer.toString(counter)) + .png)): null

2018-12-17 16:48:55 - [TEST_STEP][PASSED] - Statement - counter = counter + 1: null

2018-12-17 16:48:55 - [TEST_STEP][PASSED] - Statement - PreSaveFile = new java.io.File(((pathPrefix + java.lang.Integer.toString(counter)) + .png)): null

2018-12-17 16:48:55 - [TEST_STEP][PASSED] - Statement - counter = counter + 1: null

2018-12-17 16:48:55 - [TEST_STEP][PASSED] - Statement - PreSaveFile = new java.io.File(((pathPrefix + java.lang.Integer.toString(counter)) + .png)): null

2018-12-17 16:48:55 - [TEST_STEP][PASSED] - Statement - counter = counter + 1: null

2018-12-17 16:48:55 - [TEST_STEP][PASSED] - Statement - PreSaveFile = new java.io.File(((pathPrefix + java.lang.Integer.toString(counter)) + .png)): null

2018-12-17 16:48:55 - [TEST_STEP][PASSED] - Statement - counter = counter + 1: null

2018-12-17 16:48:55 - [TEST_STEP][PASSED] - Statement - PreSaveFile = new java.io.File(((pathPrefix + java.lang.Integer.toString(counter)) + .png)): null

2018-12-17 16:48:56 - [TEST_STEP][PASSED] - Statement - counter = counter + 1: null

2018-12-17 16:48:56 - [TEST_STEP][PASSED] - Statement - PreSaveFile = new java.io.File(((pathPrefix + java.lang.Integer.toString(counter)) + .png)): null

2018-12-17 16:48:56 - [TEST_STEP][PASSED] - Statement - counter = counter + 1: null

2018-12-17 16:48:56 - [TEST_STEP][PASSED] - Statement - PreSaveFile = new java.io.File(((pathPrefix + java.lang.Integer.toString(counter)) + .png)): null

2018-12-17 16:48:56 - [TEST_STEP][PASSED] - Statement - counter = counter + 1: null

2018-12-17 16:48:56 - [TEST_STEP][PASSED] - Statement - PreSaveFile = new java.io.File(((pathPrefix + java.lang.Integer.toString(counter)) + .png)): null

2018-12-17 16:48:56 - [TEST_STEP][PASSED] - Statement - counter = counter + 1: null

2018-12-17 16:48:56 - [TEST_STEP][PASSED] - Statement - PreSaveFile = new java.io.File(((pathPrefix + java.lang.Integer.toString(counter)) + .png)): null

2018-12-17 16:48:56 - [TEST_STEP][PASSED] - Statement - counter = counter + 1: null

2018-12-17 16:48:56 - [TEST_STEP][PASSED] - Statement - PreSaveFile = new java.io.File(((pathPrefix + java.lang.Integer.toString(counter)) + .png)): null

2018-12-17 16:48:56 - [TEST_STEP][PASSED] - Statement - counter = counter + 1: null

2018-12-17 16:48:56 - [TEST_STEP][PASSED] - Statement - PreSaveFile = new java.io.File(((pathPrefix + java.lang.Integer.toString(counter)) + .png)): null

2018-12-17 16:48:56 - [TEST_STEP][PASSED] - Statement - counter = counter + 1: null

2018-12-17 16:48:56 - [TEST_STEP][PASSED] - Statement - PreSaveFile = new java.io.File(((pathPrefix + java.lang.Integer.toString(counter)) + .png)): null

2018-12-17 16:48:56 - [TEST_STEP][PASSED] - Statement - counter = counter + 1: null

2018-12-17 16:48:56 - [TEST_STEP][PASSED] - Statement - PreSaveFile = new java.io.File(((pathPrefix + java.lang.Integer.toString(counter)) + .png)): null

2018-12-17 16:48:56 - [TEST_STEP][PASSED] - Statement - counter = counter + 1: null

2018-12-17 16:48:56 - [TEST_STEP][PASSED] - Statement - PreSaveFile = new java.io.File(((pathPrefix + java.lang.Integer.toString(counter)) + .png)): null

2018-12-17 16:48:56 - [TEST_STEP][PASSED] - Statement - counter = counter + 1: null

2018-12-17 16:48:56 - [TEST_STEP][PASSED] - Statement - PreSaveFile = new java.io.File(((pathPrefix + java.lang.Integer.toString(counter)) + .png)): null

2018-12-17 16:48:56 - [TEST_STEP][PASSED] - Statement - counter = counter + 1: null

2018-12-17 16:48:56 - [TEST_STEP][PASSED] - Statement - PreSaveFile = new java.io.File(((pathPrefix + java.lang.Integer.toString(counter)) + .png)): null

2018-12-17 16:48:56 - [TEST_STEP][PASSED] - Statement - counter = counter + 1: null

2018-12-17 16:48:56 - [TEST_STEP][PASSED] - Statement - PreSaveFile = new java.io.File(((pathPrefix + java.lang.Integer.toString(counter)) + .png)): null

2018-12-17 16:48:56 - [TEST_STEP][PASSED] - Statement - counter = counter + 1: null

2018-12-17 16:48:56 - [TEST_STEP][PASSED] - Statement - PreSaveFile = new java.io.File(((pathPrefix + java.lang.Integer.toString(counter)) + .png)): null

2018-12-17 16:48:56 - [TEST_STEP][PASSED] - Statement - counter = counter + 1: null

2018-12-17 16:48:56 - [TEST_STEP][PASSED] - Statement - PreSaveFile = new java.io.File(((pathPrefix + java.lang.Integer.toString(counter)) + .png)): null

2018-12-17 16:48:56 - [TEST_STEP][PASSED] - Statement - counter = counter + 1: null

2018-12-17 16:48:57 - [TEST_STEP][PASSED] - Statement - PreSaveFile = new java.io.File(((pathPrefix + java.lang.Integer.toString(counter)) + .png)): null

2018-12-17 16:48:57 - [TEST_STEP][PASSED] - Statement - counter = counter + 1: null

2018-12-17 16:48:57 - [TEST_STEP][PASSED] - Statement - PreSaveFile = new java.io.File(((pathPrefix + java.lang.Integer.toString(counter)) + .png)): null

2018-12-17 16:48:57 - [TEST_STEP][PASSED] - Statement - counter = counter + 1: null

2018-12-17 16:48:57 - [TEST_STEP][PASSED] - Statement - PreSaveFile = new java.io.File(((pathPrefix + java.lang.Integer.toString(counter)) + .png)): null

2018-12-17 16:48:57 - [TEST_STEP][PASSED] - Statement - counter = counter + 1: null

2018-12-17 16:48:57 - [TEST_STEP][PASSED] - Statement - PreSaveFile = new java.io.File(((pathPrefix + java.lang.Integer.toString(counter)) + .png)): null

2018-12-17 16:48:57 - [TEST_STEP][PASSED] - Statement - counter = counter + 1: null

2018-12-17 16:48:57 - [TEST_STEP][PASSED] - Statement - PreSaveFile = new java.io.File(((pathPrefix + java.lang.Integer.toString(counter)) + .png)): null

2018-12-17 16:48:57 - [TEST_STEP][PASSED] - Statement - counter = counter + 1: null

2018-12-17 16:48:57 - [TEST_STEP][PASSED] - Statement - PreSaveFile = new java.io.File(((pathPrefix + java.lang.Integer.toString(counter)) + .png)): null

2018-12-17 16:48:57 - [TEST_STEP][PASSED] - Statement - counter = counter + 1: null

2018-12-17 16:48:57 - [TEST_STEP][PASSED] - Statement - PreSaveFile = new java.io.File(((pathPrefix + java.lang.Integer.toString(counter)) + .png)): null

2018-12-17 16:48:57 - [TEST_STEP][PASSED] - Statement - counter = counter + 1: null

2018-12-17 16:48:57 - [TEST_STEP][PASSED] - Statement - PreSaveFile = new java.io.File(((pathPrefix + java.lang.Integer.toString(counter)) + .png)): null

2018-12-17 16:48:57 - [TEST_STEP][PASSED] - Statement - counter = counter + 1: null

2018-12-17 16:48:57 - [TEST_STEP][PASSED] - Statement - PreSaveFile = new java.io.File(((pathPrefix + java.lang.Integer.toString(counter)) + .png)): null

2018-12-17 16:48:57 - [TEST_STEP][PASSED] - Statement - counter = counter + 1: null

2018-12-17 16:48:57 - [TEST_STEP][PASSED] - Statement - PreSaveFile = new java.io.File(((pathPrefix + java.lang.Integer.toString(counter)) + .png)): null

2018-12-17 16:48:57 - [TEST_STEP][PASSED] - Statement - counter = counter + 1: null

2018-12-17 16:48:57 - [TEST_STEP][PASSED] - Statement - PreSaveFile = new java.io.File(((pathPrefix + java.lang.Integer.toString(counter)) + .png)): null

2018-12-17 16:48:57 - [TEST_STEP][PASSED] - Statement - counter = counter + 1: null

2018-12-17 16:48:57 - [TEST_STEP][PASSED] - Statement - PreSaveFile = new java.io.File(((pathPrefix + java.lang.Integer.toString(counter)) + .png)): null

2018-12-17 16:48:57 - [TEST_STEP][PASSED] - Statement - counter = counter + 1: null

2018-12-17 16:48:57 - [TEST_STEP][PASSED] - Statement - PreSaveFile = new java.io.File(((pathPrefix + java.lang.Integer.toString(counter)) + .png)): null

2018-12-17 16:48:57 - [TEST_STEP][PASSED] - Statement - counter = counter + 1: null

2018-12-17 16:48:57 - [TEST_STEP][PASSED] - Statement - PreSaveFile = new java.io.File(((pathPrefix + java.lang.Integer.toString(counter)) + .png)): null

2018-12-17 16:48:57 - [TEST_STEP][PASSED] - Statement - counter = counter + 1: null

2018-12-17 16:48:57 - [TEST_STEP][PASSED] - Statement - PreSaveFile = new java.io.File(((pathPrefix + java.lang.Integer.toString(counter)) + .png)): null

2018-12-17 16:48:58 - [TEST_STEP][PASSED] - Statement - counter = counter + 1: null

2018-12-17 16:48:58 - [TEST_STEP][PASSED] - Statement - PreSaveFile = new java.io.File(((pathPrefix + java.lang.Integer.toString(counter)) + .png)): null

2018-12-17 16:48:58 - [TEST_STEP][PASSED] - Statement - counter = counter + 1: null

2018-12-17 16:48:58 - [TEST_STEP][PASSED] - Statement - PreSaveFile = new java.io.File(((pathPrefix + java.lang.Integer.toString(counter)) + .png)): null

2018-12-17 16:48:58 - [TEST_STEP][PASSED] - Statement - counter = counter + 1: null

2018-12-17 16:48:58 - [TEST_STEP][PASSED] - Statement - PreSaveFile = new java.io.File(((pathPrefix + java.lang.Integer.toString(counter)) + .png)): null

2018-12-17 16:48:58 - [TEST_STEP][PASSED] - Statement - counter = counter + 1: null

2018-12-17 16:48:58 - [TEST_STEP][PASSED] - Statement - PreSaveFile = new java.io.File(((pathPrefix + java.lang.Integer.toString(counter)) + .png)): null

2018-12-17 16:48:58 - [TEST_STEP][PASSED] - Statement - counter = counter + 1: null

2018-12-17 16:48:58 - [TEST_STEP][PASSED] - Statement - PreSaveFile = new java.io.File(((pathPrefix + java.lang.Integer.toString(counter)) + .png)): null

2018-12-17 16:48:58 - [TEST_STEP][PASSED] - Statement - counter = counter + 1: null

2018-12-17 16:48:58 - [TEST_STEP][PASSED] - Statement - PreSaveFile = new java.io.File(((pathPrefix + java.lang.Integer.toString(counter)) + .png)): null

2018-12-17 16:48:58 - [TEST_STEP][PASSED] - Statement - counter = counter + 1: null

2018-12-17 16:48:58 - [TEST_STEP][PASSED] - Statement - PreSaveFile = new java.io.File(((pathPrefix + java.lang.Integer.toString(counter)) + .png)): null

2018-12-17 16:48:58 - [TEST_STEP][PASSED] - Statement - counter = counter + 1: null

2018-12-17 16:48:58 - [TEST_STEP][PASSED] - Statement - PreSaveFile = new java.io.File(((pathPrefix + java.lang.Integer.toString(counter)) + .png)): null

2018-12-17 16:48:58 - [TEST_STEP][PASSED] - Statement - counter = counter + 1: null

2018-12-17 16:48:58 - [TEST_STEP][PASSED] - Statement - PreSaveFile = new java.io.File(((pathPrefix + java.lang.Integer.toString(counter)) + .png)): null

2018-12-17 16:48:58 - [TEST_STEP][PASSED] - Statement - counter = counter + 1: null

2018-12-17 16:48:58 - [TEST_STEP][PASSED] - Statement - PreSaveFile = new java.io.File(((pathPrefix + java.lang.Integer.toString(counter)) + .png)): null

2018-12-17 16:48:58 - [TEST_STEP][PASSED] - Statement - counter = counter + 1: null

2018-12-17 16:48:58 - [TEST_STEP][PASSED] - Statement - PreSaveFile = new java.io.File(((pathPrefix + java.lang.Integer.toString(counter)) + .png)): null

2018-12-17 16:48:58 - [TEST_STEP][PASSED] - Statement - counter = counter + 1: null

2018-12-17 16:48:58 - [TEST_STEP][PASSED] - Statement - PreSaveFile = new java.io.File(((pathPrefix + java.lang.Integer.toString(counter)) + .png)): null

2018-12-17 16:48:58 - [TEST_STEP][PASSED] - Statement - counter = counter + 1: null

2018-12-17 16:48:58 - [TEST_STEP][PASSED] - Statement - PreSaveFile = new java.io.File(((pathPrefix + java.lang.Integer.toString(counter)) + .png)): null

2018-12-17 16:48:58 - [TEST_STEP][PASSED] - Statement - counter = counter + 1: null

2018-12-17 16:48:58 - [TEST_STEP][PASSED] - Statement - PreSaveFile = new java.io.File(((pathPrefix + java.lang.Integer.toString(counter)) + .png)): null

2018-12-17 16:48:58 - [TEST_STEP][PASSED] - Statement - counter = counter + 1: null

2018-12-17 16:48:59 - [TEST_STEP][PASSED] - Statement - PreSaveFile = new java.io.File(((pathPrefix + java.lang.Integer.toString(counter)) + .png)): null

2018-12-17 16:48:59 - [TEST_STEP][PASSED] - Statement - counter = counter + 1: null

2018-12-17 16:48:59 - [TEST_STEP][PASSED] - Statement - PreSaveFile = new java.io.File(((pathPrefix + java.lang.Integer.toString(counter)) + .png)): null

2018-12-17 16:48:59 - [TEST_STEP][PASSED] - Statement - counter = counter + 1: null

2018-12-17 16:48:59 - [TEST_STEP][PASSED] - Statement - PreSaveFile = new java.io.File(((pathPrefix + java.lang.Integer.toString(counter)) + .png)): null

2018-12-17 16:48:59 - [TEST_STEP][PASSED] - Statement - counter = counter + 1: null

2018-12-17 16:48:59 - [TEST_STEP][PASSED] - Statement - PreSaveFile = new java.io.File(((pathPrefix + java.lang.Integer.toString(counter)) + .png)): null

2018-12-17 16:48:59 - [TEST_STEP][PASSED] - Statement - counter = counter + 1: null

2018-12-17 16:48:59 - [TEST_STEP][PASSED] - Statement - PreSaveFile = new java.io.File(((pathPrefix + java.lang.Integer.toString(counter)) + .png)): null

2018-12-17 16:48:59 - [TEST_STEP][PASSED] - Statement - counter = counter + 1: null

2018-12-17 16:48:59 - [TEST_STEP][PASSED] - Statement - PreSaveFile = new java.io.File(((pathPrefix + java.lang.Integer.toString(counter)) + .png)): null

2018-12-17 16:48:59 - [TEST_STEP][PASSED] - Statement - counter = counter + 1: null

2018-12-17 16:48:59 - [TEST_STEP][PASSED] - Statement - PreSaveFile = new java.io.File(((pathPrefix + java.lang.Integer.toString(counter)) + .png)): null

2018-12-17 16:48:59 - [TEST_STEP][PASSED] - Statement - counter = counter + 1: null

2018-12-17 16:48:59 - [TEST_STEP][PASSED] - Statement - PreSaveFile = new java.io.File(((pathPrefix + java.lang.Integer.toString(counter)) + .png)): null

2018-12-17 16:48:59 - [TEST_STEP][PASSED] - Statement - counter = counter + 1: null

2018-12-17 16:48:59 - [TEST_STEP][PASSED] - Statement - PreSaveFile = new java.io.File(((pathPrefix + java.lang.Integer.toString(counter)) + .png)): null

2018-12-17 16:48:59 - [TEST_STEP][PASSED] - Statement - counter = counter + 1: null

2018-12-17 16:48:59 - [TEST_STEP][PASSED] - Statement - PreSaveFile = new java.io.File(((pathPrefix + java.lang.Integer.toString(counter)) + .png)): null

2018-12-17 16:48:59 - [TEST_STEP][PASSED] - Statement - counter = counter + 1: null

2018-12-17 16:48:59 - [TEST_STEP][PASSED] - Statement - PreSaveFile = new java.io.File(((pathPrefix + java.lang.Integer.toString(counter)) + .png)): null

2018-12-17 16:48:59 - [TEST_STEP][PASSED] - Statement - counter = counter + 1: null

2018-12-17 16:48:59 - [TEST_STEP][PASSED] - Statement - PreSaveFile = new java.io.File(((pathPrefix + java.lang.Integer.toString(counter)) + .png)): null

2018-12-17 16:48:59 - [TEST_STEP][PASSED] - Statement - counter = counter + 1: null

2018-12-17 16:48:59 - [TEST_STEP][PASSED] - Statement - PreSaveFile = new java.io.File(((pathPrefix + java.lang.Integer.toString(counter)) + .png)): null

2018-12-17 16:48:59 - [TEST_STEP][PASSED] - Statement - counter = counter + 1: null

2018-12-17 16:48:59 - [TEST_STEP][PASSED] - Statement - PreSaveFile = new java.io.File(((pathPrefix + java.lang.Integer.toString(counter)) + .png)): null

2018-12-17 16:48:59 - [TEST_STEP][PASSED] - Statement - counter = counter + 1: null

2018-12-17 16:48:59 - [TEST_STEP][PASSED] - Statement - PreSaveFile = new java.io.File(((pathPrefix + java.lang.Integer.toString(counter)) + .png)): null

2018-12-17 16:49:00 - [TEST_STEP][PASSED] - Statement - counter = counter + 1: null

2018-12-17 16:49:00 - [TEST_STEP][PASSED] - Statement - PreSaveFile = new java.io.File(((pathPrefix + java.lang.Integer.toString(counter)) + .png)): null

2018-12-17 16:49:00 - [TEST_STEP][PASSED] - Statement - counter = counter + 1: null

2018-12-17 16:49:00 - [TEST_STEP][PASSED] - Statement - PreSaveFile = new java.io.File(((pathPrefix + java.lang.Integer.toString(counter)) + .png)): null

2018-12-17 16:49:00 - [TEST_STEP][PASSED] - Statement - counter = counter + 1: null

2018-12-17 16:49:00 - [TEST_STEP][PASSED] - Statement - PreSaveFile = new java.io.File(((pathPrefix + java.lang.Integer.toString(counter)) + .png)): null

2018-12-17 16:49:00 - [TEST_STEP][PASSED] - Statement - counter = counter + 1: null

2018-12-17 16:49:00 - [TEST_STEP][PASSED] - Statement - PreSaveFile = new java.io.File(((pathPrefix + java.lang.Integer.toString(counter)) + .png)): null

2018-12-17 16:49:00 - [TEST_STEP][PASSED] - Statement - counter = counter + 1: null

2018-12-17 16:49:00 - [TEST_STEP][PASSED] - Statement - PreSaveFile = new java.io.File(((pathPrefix + java.lang.Integer.toString(counter)) + .png)): null

2018-12-17 16:49:00 - [TEST_STEP][PASSED] - Statement - counter = counter + 1: null

2018-12-17 16:49:00 - [TEST_STEP][PASSED] - Statement - PreSaveFile = new java.io.File(((pathPrefix + java.lang.Integer.toString(counter)) + .png)): null

2018-12-17 16:49:00 - [TEST_STEP][PASSED] - Statement - counter = counter + 1: null

2018-12-17 16:49:00 - [TEST_STEP][PASSED] - Statement - PreSaveFile = new java.io.File(((pathPrefix + java.lang.Integer.toString(counter)) + .png)): null

2018-12-17 16:49:00 - [TEST_STEP][PASSED] - Statement - counter = counter + 1: null

2018-12-17 16:49:00 - [TEST_STEP][PASSED] - Statement - PreSaveFile = new java.io.File(((pathPrefix + java.lang.Integer.toString(counter)) + .png)): null

2018-12-17 16:49:00 - [TEST_STEP][PASSED] - Statement - counter = counter + 1: null

2018-12-17 16:49:00 - [TEST_STEP][PASSED] - Statement - PreSaveFile = new java.io.File(((pathPrefix + java.lang.Integer.toString(counter)) + .png)): null

2018-12-17 16:49:00 - [TEST_STEP][PASSED] - Statement - counter = counter + 1: null

2018-12-17 16:49:00 - [TEST_STEP][PASSED] - Statement - PreSaveFile = new java.io.File(((pathPrefix + java.lang.Integer.toString(counter)) + .png)): null

2018-12-17 16:49:00 - [TEST_STEP][PASSED] - Statement - counter = counter + 1: null

2018-12-17 16:49:00 - [TEST_STEP][PASSED] - Statement - PreSaveFile = new java.io.File(((pathPrefix + java.lang.Integer.toString(counter)) + .png)): null

2018-12-17 16:49:00 - [TEST_STEP][PASSED] - Statement - counter = counter + 1: null

2018-12-17 16:49:00 - [TEST_STEP][PASSED] - Statement - PreSaveFile = new java.io.File(((pathPrefix + java.lang.Integer.toString(counter)) + .png)): null

2018-12-17 16:49:00 - [TEST_STEP][PASSED] - Statement - counter = counter + 1: null

2018-12-17 16:49:00 - [TEST_STEP][PASSED] - Statement - PreSaveFile = new java.io.File(((pathPrefix + java.lang.Integer.toString(counter)) + .png)): null

2018-12-17 16:49:00 - [TEST_STEP][PASSED] - Statement - counter = counter + 1: null

2018-12-17 16:49:00 - [TEST_STEP][PASSED] - Statement - PreSaveFile = new java.io.File(((pathPrefix + java.lang.Integer.toString(counter)) + .png)): null

2018-12-17 16:49:00 - [TEST_STEP][PASSED] - Statement - counter = counter + 1: null

2018-12-17 16:49:00 - [TEST_STEP][PASSED] - Statement - PreSaveFile = new java.io.File(((pathPrefix + java.lang.Integer.toString(counter)) + .png)): null

2018-12-17 16:49:00 - [TEST_STEP][PASSED] - Statement - counter = counter + 1: null

2018-12-17 16:49:00 - [TEST_STEP][PASSED] - Statement - PreSaveFile = new java.io.File(((pathPrefix + java.lang.Integer.toString(counter)) + .png)): null

2018-12-17 16:49:00 - [TEST_STEP][PASSED] - Statement - counter = counter + 1: null

2018-12-17 16:49:00 - [TEST_STEP][PASSED] - Statement - PreSaveFile = new java.io.File(((pathPrefix + java.lang.Integer.toString(counter)) + .png)): null

2018-12-17 16:49:00 - [TEST_STEP][PASSED] - Statement - counter = counter + 1: null

2018-12-17 16:49:00 - [TEST_STEP][PASSED] - Statement - PreSaveFile = new java.io.File(((pathPrefix + java.lang.Integer.toString(counter)) + .png)): null

2018-12-17 16:49:00 - [TEST_STEP][PASSED] - Statement - counter = counter + 1: null

2018-12-17 16:49:00 - [TEST_STEP][PASSED] - Statement - PreSaveFile = new java.io.File(((pathPrefix + java.lang.Integer.toString(counter)) + .png)): null

2018-12-17 16:49:01 - [TEST_STEP][PASSED] - Statement - counter = counter + 1: null

2018-12-17 16:49:01 - [TEST_STEP][PASSED] - Statement - PreSaveFile = new java.io.File(((pathPrefix + java.lang.Integer.toString(counter)) + .png)): null

2018-12-17 16:49:01 - [TEST_STEP][PASSED] - Statement - counter = counter + 1: null

2018-12-17 16:49:01 - [TEST_STEP][PASSED] - Statement - PreSaveFile = new java.io.File(((pathPrefix + java.lang.Integer.toString(counter)) + .png)): null

2018-12-17 16:49:01 - [TEST_STEP][PASSED] - Statement - counter = counter + 1: null

2018-12-17 16:49:01 - [TEST_STEP][PASSED] - Statement - PreSaveFile = new java.io.File(((pathPrefix + java.lang.Integer.toString(counter)) + .png)): null

2018-12-17 16:49:01 - [TEST_STEP][PASSED] - Statement - counter = counter + 1: null

2018-12-17 16:49:01 - [TEST_STEP][PASSED] - Statement - PreSaveFile = new java.io.File(((pathPrefix + java.lang.Integer.toString(counter)) + .png)): null

2018-12-17 16:49:01 - [TEST_STEP][PASSED] - Statement - counter = counter + 1: null

2018-12-17 16:49:01 - [TEST_STEP][PASSED] - Statement - PreSaveFile = new java.io.File(((pathPrefix + java.lang.Integer.toString(counter)) + .png)): null

2018-12-17 16:49:01 - [TEST_STEP][PASSED] - Statement - counter = counter + 1: null

2018-12-17 16:49:01 - [TEST_STEP][PASSED] - Statement - PreSaveFile = new java.io.File(((pathPrefix + java.lang.Integer.toString(counter)) + .png)): null

2018-12-17 16:49:01 - [TEST_STEP][PASSED] - Statement - counter = counter + 1: null

2018-12-17 16:49:01 - [TEST_STEP][PASSED] - Statement - PreSaveFile = new java.io.File(((pathPrefix + java.lang.Integer.toString(counter)) + .png)): null

2018-12-17 16:49:01 - [TEST_STEP][PASSED] - Statement - counter = counter + 1: null

2018-12-17 16:49:01 - [TEST_STEP][PASSED] - Statement - PreSaveFile = new java.io.File(((pathPrefix + java.lang.Integer.toString(counter)) + .png)): null

2018-12-17 16:49:01 - [TEST_STEP][PASSED] - Statement - counter = counter + 1: null

2018-12-17 16:49:01 - [TEST_STEP][PASSED] - Statement - PreSaveFile = new java.io.File(((pathPrefix + java.lang.Integer.toString(counter)) + .png)): null

2018-12-17 16:49:01 - [TEST_STEP][PASSED] - Statement - counter = counter + 1: null

2018-12-17 16:49:01 - [TEST_STEP][PASSED] - Statement - PreSaveFile = new java.io.File(((pathPrefix + java.lang.Integer.toString(counter)) + .png)): null

2018-12-17 16:49:01 - [TEST_STEP][PASSED] - Statement - counter = counter + 1: null

2018-12-17 16:49:01 - [TEST_STEP][PASSED] - Statement - PreSaveFile = new java.io.File(((pathPrefix + java.lang.Integer.toString(counter)) + .png)): null

2018-12-17 16:49:01 - [TEST_STEP][PASSED] - Statement - counter = counter + 1: null

2018-12-17 16:49:01 - [TEST_STEP][PASSED] - Statement - PreSaveFile = new java.io.File(((pathPrefix + java.lang.Integer.toString(counter)) + .png)): null

2018-12-17 16:49:01 - [TEST_STEP][PASSED] - Statement - counter = counter + 1: null

2018-12-17 16:49:01 - [TEST_STEP][PASSED] - Statement - PreSaveFile = new java.io.File(((pathPrefix + java.lang.Integer.toString(counter)) + .png)): null

2018-12-17 16:49:01 - [TEST_STEP][PASSED] - Statement - counter = counter + 1: null

2018-12-17 16:49:01 - [TEST_STEP][PASSED] - Statement - PreSaveFile = new java.io.File(((pathPrefix + java.lang.Integer.toString(counter)) + .png)): null

2018-12-17 16:49:01 - [TEST_STEP][PASSED] - Statement - counter = counter + 1: null

2018-12-17 16:49:02 - [TEST_STEP][PASSED] - Statement - PreSaveFile = new java.io.File(((pathPrefix + java.lang.Integer.toString(counter)) + .png)): null

2018-12-17 16:49:02 - [TEST_STEP][PASSED] - Statement - counter = counter + 1: null

2018-12-17 16:49:02 - [TEST_STEP][PASSED] - Statement - PreSaveFile = new java.io.File(((pathPrefix + java.lang.Integer.toString(counter)) + .png)): null

2018-12-17 16:49:02 - [TEST_STEP][PASSED] - Statement - counter = counter + 1: null

2018-12-17 16:49:02 - [TEST_STEP][PASSED] - Statement - PreSaveFile = new java.io.File(((pathPrefix + java.lang.Integer.toString(counter)) + .png)): null

2018-12-17 16:49:02 - [TEST_STEP][PASSED] - Statement - counter = counter + 1: null

2018-12-17 16:49:02 - [TEST_STEP][PASSED] - Statement - PreSaveFile = new java.io.File(((pathPrefix + java.lang.Integer.toString(counter)) + .png)): null

2018-12-17 16:49:02 - [TEST_STEP][PASSED] - Statement - counter = counter + 1: null

2018-12-17 16:49:02 - [TEST_STEP][PASSED] - Statement - PreSaveFile = new java.io.File(((pathPrefix + java.lang.Integer.toString(counter)) + .png)): null

2018-12-17 16:49:02 - [TEST_STEP][PASSED] - Statement - counter = counter + 1: null

2018-12-17 16:49:02 - [TEST_STEP][PASSED] - Statement - PreSaveFile = new java.io.File(((pathPrefix + java.lang.Integer.toString(counter)) + .png)): null

2018-12-17 16:49:02 - [TEST_STEP][PASSED] - Statement - counter = counter + 1: null

2018-12-17 16:49:02 - [TEST_STEP][PASSED] - Statement - PreSaveFile = new java.io.File(((pathPrefix + java.lang.Integer.toString(counter)) + .png)): null

2018-12-17 16:49:02 - [TEST_STEP][PASSED] - Statement - counter = counter + 1: null

2018-12-17 16:49:02 - [TEST_STEP][PASSED] - Statement - PreSaveFile = new java.io.File(((pathPrefix + java.lang.Integer.toString(counter)) + .png)): null

2018-12-17 16:49:02 - [TEST_STEP][PASSED] - Statement - counter = counter + 1: null

2018-12-17 16:49:02 - [TEST_STEP][PASSED] - Statement - PreSaveFile = new java.io.File(((pathPrefix + java.lang.Integer.toString(counter)) + .png)): null

2018-12-17 16:49:02 - [TEST_STEP][PASSED] - Statement - counter = counter + 1: null

2018-12-17 16:49:02 - [TEST_STEP][PASSED] - Statement - PreSaveFile = new java.io.File(((pathPrefix + java.lang.Integer.toString(counter)) + .png)): null

2018-12-17 16:49:02 - [TEST_STEP][PASSED] - Statement - counter = counter + 1: null

2018-12-17 16:49:02 - [TEST_STEP][PASSED] - Statement - PreSaveFile = new java.io.File(((pathPrefix + java.lang.Integer.toString(counter)) + .png)): null

2018-12-17 16:49:02 - [TEST_STEP][PASSED] - Statement - counter = counter + 1: null

2018-12-17 16:49:02 - [TEST_STEP][PASSED] - Statement - PreSaveFile = new java.io.File(((pathPrefix + java.lang.Integer.toString(counter)) + .png)): null

2018-12-17 16:49:02 - [TEST_STEP][PASSED] - Statement - counter = counter + 1: null

2018-12-17 16:49:02 - [TEST_STEP][PASSED] - Statement - PreSaveFile = new java.io.File(((pathPrefix + java.lang.Integer.toString(counter)) + .png)): null

2018-12-17 16:49:02 - [TEST_STEP][PASSED] - Statement - counter = counter + 1: null

2018-12-17 16:49:02 - [TEST_STEP][PASSED] - Statement - PreSaveFile = new java.io.File(((pathPrefix + java.lang.Integer.toString(counter)) + .png)): null

2018-12-17 16:49:02 - [TEST_STEP][PASSED] - Statement - counter = counter + 1: null

2018-12-17 16:49:02 - [TEST_STEP][PASSED] - Statement - PreSaveFile = new java.io.File(((pathPrefix + java.lang.Integer.toString(counter)) + .png)): null

2018-12-17 16:49:03 - [TEST_STEP][PASSED] - Statement - counter = counter + 1: null

2018-12-17 16:49:03 - [TEST_STEP][PASSED] - Statement - PreSaveFile = new java.io.File(((pathPrefix + java.lang.Integer.toString(counter)) + .png)): null

2018-12-17 16:49:03 - [TEST_STEP][PASSED] - Statement - counter = counter + 1: null

2018-12-17 16:49:03 - [TEST_STEP][PASSED] - Statement - PreSaveFile = new java.io.File(((pathPrefix + java.lang.Integer.toString(counter)) + .png)): null

2018-12-17 16:49:03 - [TEST_STEP][PASSED] - Statement - counter = counter + 1: null

2018-12-17 16:49:03 - [TEST_STEP][PASSED] - Statement - PreSaveFile = new java.io.File(((pathPrefix + java.lang.Integer.toString(counter)) + .png)): null

2018-12-17 16:49:03 - [TEST_STEP][PASSED] - Statement - counter = counter + 1: null

2018-12-17 16:49:03 - [TEST_STEP][PASSED] - Statement - PreSaveFile = new java.io.File(((pathPrefix + java.lang.Integer.toString(counter)) + .png)): null

2018-12-17 16:49:03 - [TEST_STEP][PASSED] - Statement - counter = counter + 1: null

2018-12-17 16:49:03 - [TEST_STEP][PASSED] - Statement - PreSaveFile = new java.io.File(((pathPrefix + java.lang.Integer.toString(counter)) + .png)): null

2018-12-17 16:49:03 - [TEST_STEP][PASSED] - Statement - counter = counter + 1: null

2018-12-17 16:49:03 - [TEST_STEP][PASSED] - Statement - PreSaveFile = new java.io.File(((pathPrefix + java.lang.Integer.toString(counter)) + .png)): null

2018-12-17 16:49:03 - [TEST_STEP][PASSED] - Statement - counter = counter + 1: null

2018-12-17 16:49:03 - [TEST_STEP][PASSED] - Statement - PreSaveFile = new java.io.File(((pathPrefix + java.lang.Integer.toString(counter)) + .png)): null

2018-12-17 16:49:03 - [TEST_STEP][PASSED] - Statement - counter = counter + 1: null

2018-12-17 16:49:03 - [TEST_STEP][PASSED] - Statement - PreSaveFile = new java.io.File(((pathPrefix + java.lang.Integer.toString(counter)) + .png)): null

2018-12-17 16:49:03 - [TEST_STEP][PASSED] - Statement - counter = counter + 1: null

2018-12-17 16:49:03 - [TEST_STEP][PASSED] - Statement - PreSaveFile = new java.io.File(((pathPrefix + java.lang.Integer.toString(counter)) + .png)): null

2018-12-17 16:49:03 - [TEST_STEP][PASSED] - Statement - counter = counter + 1: null

2018-12-17 16:49:03 - [TEST_STEP][PASSED] - Statement - PreSaveFile = new java.io.File(((pathPrefix + java.lang.Integer.toString(counter)) + .png)): null

2018-12-17 16:49:03 - [TEST_STEP][PASSED] - Statement - counter = counter + 1: null

2018-12-17 16:49:03 - [TEST_STEP][PASSED] - Statement - PreSaveFile = new java.io.File(((pathPrefix + java.lang.Integer.toString(counter)) + .png)): null

2018-12-17 16:49:03 - [TEST_STEP][PASSED] - Statement - counter = counter + 1: null

2018-12-17 16:49:03 - [TEST_STEP][PASSED] - Statement - PreSaveFile = new java.io.File(((pathPrefix + java.lang.Integer.toString(counter)) + .png)): null

2018-12-17 16:49:03 - [TEST_STEP][PASSED] - Statement - counter = counter + 1: null

2018-12-17 16:49:03 - [TEST_STEP][PASSED] - Statement - PreSaveFile = new java.io.File(((pathPrefix + java.lang.Integer.toString(counter)) + .png)): null

2018-12-17 16:49:03 - [TEST_STEP][PASSED] - Statement - counter = counter + 1: null

2018-12-17 16:49:03 - [TEST_STEP][PASSED] - Statement - PreSaveFile = new java.io.File(((pathPrefix + java.lang.Integer.toString(counter)) + .png)): null

2018-12-17 16:49:04 - [TEST_STEP][PASSED] - Statement - counter = counter + 1: null

2018-12-17 16:49:04 - [TEST_STEP][PASSED] - Statement - PreSaveFile = new java.io.File(((pathPrefix + java.lang.Integer.toString(counter)) + .png)): null

2018-12-17 16:49:04 - [TEST_STEP][PASSED] - Statement - counter = counter + 1: null

2018-12-17 16:49:04 - [TEST_STEP][PASSED] - Statement - PreSaveFile = new java.io.File(((pathPrefix + java.lang.Integer.toString(counter)) + .png)): null

2018-12-17 16:49:04 - [TEST_STEP][PASSED] - Statement - counter = counter + 1: null

2018-12-17 16:49:04 - [TEST_STEP][PASSED] - Statement - PreSaveFile = new java.io.File(((pathPrefix + java.lang.Integer.toString(counter)) + .png)): null

2018-12-17 16:49:04 - [TEST_STEP][PASSED] - Statement - counter = counter + 1: null

2018-12-17 16:49:04 - [TEST_STEP][PASSED] - Statement - PreSaveFile = new java.io.File(((pathPrefix + java.lang.Integer.toString(counter)) + .png)): null

2018-12-17 16:49:04 - [TEST_STEP][PASSED] - Statement - counter = counter + 1: null

2018-12-17 16:49:04 - [TEST_STEP][PASSED] - Statement - PreSaveFile = new java.io.File(((pathPrefix + java.lang.Integer.toString(counter)) + .png)): null

2018-12-17 16:49:04 - [TEST_STEP][PASSED] - Statement - counter = counter + 1: null

2018-12-17 16:49:04 - [TEST_STEP][PASSED] - Statement - PreSaveFile = new java.io.File(((pathPrefix + java.lang.Integer.toString(counter)) + .png)): null

2018-12-17 16:49:04 - [TEST_STEP][PASSED] - Statement - counter = counter + 1: null

2018-12-17 16:49:04 - [TEST_STEP][PASSED] - Statement - PreSaveFile = new java.io.File(((pathPrefix + java.lang.Integer.toString(counter)) + .png)): null

2018-12-17 16:49:04 - [TEST_STEP][PASSED] - Statement - counter = counter + 1: null

2018-12-17 16:49:04 - [TEST_STEP][PASSED] - Statement - PreSaveFile = new java.io.File(((pathPrefix + java.lang.Integer.toString(counter)) + .png)): null

2018-12-17 16:49:04 - [TEST_STEP][PASSED] - Statement - counter = counter + 1: null

2018-12-17 16:49:04 - [TEST_STEP][PASSED] - Statement - PreSaveFile = new java.io.File(((pathPrefix + java.lang.Integer.toString(counter)) + .png)): null

2018-12-17 16:49:04 - [TEST_STEP][PASSED] - Statement - counter = counter + 1: null

2018-12-17 16:49:04 - [TEST_STEP][PASSED] - Statement - PreSaveFile = new java.io.File(((pathPrefix + java.lang.Integer.toString(counter)) + .png)): null

2018-12-17 16:49:04 - [TEST_STEP][PASSED] - Statement - counter = counter + 1: null

2018-12-17 16:49:04 - [TEST_STEP][PASSED] - Statement - PreSaveFile = new java.io.File(((pathPrefix + java.lang.Integer.toString(counter)) + .png)): null

2018-12-17 16:49:04 - [TEST_STEP][PASSED] - Statement - counter = counter + 1: null

2018-12-17 16:49:04 - [TEST_STEP][PASSED] - Statement - PreSaveFile = new java.io.File(((pathPrefix + java.lang.Integer.toString(counter)) + .png)): null

2018-12-17 16:49:04 - [TEST_STEP][PASSED] - Statement - counter = counter + 1: null

2018-12-17 16:49:04 - [TEST_STEP][PASSED] - Statement - PreSaveFile = new java.io.File(((pathPrefix + java.lang.Integer.toString(counter)) + .png)): null

2018-12-17 16:49:04 - [TEST_STEP][PASSED] - Statement - counter = counter + 1: null

2018-12-17 16:49:04 - [TEST_STEP][PASSED] - Statement - PreSaveFile = new java.io.File(((pathPrefix + java.lang.Integer.toString(counter)) + .png)): null

2018-12-17 16:49:04 - [TEST_STEP][PASSED] - Statement - counter = counter + 1: null

2018-12-17 16:49:05 - [TEST_STEP][PASSED] - Statement - PreSaveFile = new java.io.File(((pathPrefix + java.lang.Integer.toString(counter)) + .png)): null

2018-12-17 16:49:05 - [TEST_STEP][PASSED] - Statement - counter = counter + 1: null

2018-12-17 16:49:05 - [TEST_STEP][PASSED] - Statement - PreSaveFile = new java.io.File(((pathPrefix + java.lang.Integer.toString(counter)) + .png)): null

2018-12-17 16:49:05 - [TEST_STEP][PASSED] - Statement - counter = counter + 1: null

2018-12-17 16:49:05 - [TEST_STEP][PASSED] - Statement - PreSaveFile = new java.io.File(((pathPrefix + java.lang.Integer.toString(counter)) + .png)): null

2018-12-17 16:49:05 - [TEST_STEP][PASSED] - Statement - counter = counter + 1: null

2018-12-17 16:49:05 - [TEST_STEP][PASSED] - Statement - PreSaveFile = new java.io.File(((pathPrefix + java.lang.Integer.toString(counter)) + .png)): null

2018-12-17 16:49:05 - [TEST_STEP][PASSED] - Statement - counter = counter + 1: null

2018-12-17 16:49:05 - [TEST_STEP][PASSED] - Statement - PreSaveFile = new java.io.File(((pathPrefix + java.lang.Integer.toString(counter)) + .png)): null

2018-12-17 16:49:05 - [TEST_STEP][PASSED] - Statement - counter = counter + 1: null

2018-12-17 16:49:05 - [TEST_STEP][PASSED] - Statement - PreSaveFile = new java.io.File(((pathPrefix + java.lang.Integer.toString(counter)) + .png)): null

2018-12-17 16:49:05 - [TEST_STEP][PASSED] - Statement - counter = counter + 1: null

2018-12-17 16:49:05 - [TEST_STEP][PASSED] - Statement - PreSaveFile = new java.io.File(((pathPrefix + java.lang.Integer.toString(counter)) + .png)): null

2018-12-17 16:49:05 - [TEST_STEP][PASSED] - Statement - counter = counter + 1: null

2018-12-17 16:49:05 - [TEST_STEP][PASSED] - Statement - PreSaveFile = new java.io.File(((pathPrefix + java.lang.Integer.toString(counter)) + .png)): null

2018-12-17 16:49:05 - [TEST_STEP][PASSED] - Statement - counter = counter + 1: null

2018-12-17 16:49:05 - [TEST_STEP][PASSED] - Statement - PreSaveFile = new java.io.File(((pathPrefix + java.lang.Integer.toString(counter)) + .png)): null

2018-12-17 16:49:05 - [TEST_STEP][PASSED] - Statement - counter = counter + 1: null

2018-12-17 16:49:05 - [TEST_STEP][PASSED] - Statement - PreSaveFile = new java.io.File(((pathPrefix + java.lang.Integer.toString(counter)) + .png)): null

2018-12-17 16:49:05 - [TEST_STEP][PASSED] - Statement - counter = counter + 1: null

2018-12-17 16:49:05 - [TEST_STEP][PASSED] - Statement - PreSaveFile = new java.io.File(((pathPrefix + java.lang.Integer.toString(counter)) + .png)): null

2018-12-17 16:49:05 - [TEST_STEP][PASSED] - Statement - counter = counter + 1: null

2018-12-17 16:49:05 - [TEST_STEP][PASSED] - Statement - PreSaveFile = new java.io.File(((pathPrefix + java.lang.Integer.toString(counter)) + .png)): null

2018-12-17 16:49:05 - [TEST_STEP][PASSED] - Statement - counter = counter + 1: null

2018-12-17 16:49:05 - [TEST_STEP][PASSED] - Statement - PreSaveFile = new java.io.File(((pathPrefix + java.lang.Integer.toString(counter)) + .png)): null

2018-12-17 16:49:05 - [TEST_STEP][PASSED] - Statement - counter = counter + 1: null

2018-12-17 16:49:05 - [TEST_STEP][PASSED] - Statement - PreSaveFile = new java.io.File(((pathPrefix + java.lang.Integer.toString(counter)) + .png)): null

2018-12-17 16:49:05 - [TEST_STEP][PASSED] - Statement - counter = counter + 1: null

2018-12-17 16:49:05 - [TEST_STEP][PASSED] - Statement - PreSaveFile = new java.io.File(((pathPrefix + java.lang.Integer.toString(counter)) + .png)): null

2018-12-17 16:49:06 - [TEST_STEP][PASSED] - Statement - counter = counter + 1: null

2018-12-17 16:49:06 - [TEST_STEP][PASSED] - Statement - PreSaveFile = new java.io.File(((pathPrefix + java.lang.Integer.toString(counter)) + .png)): null

2018-12-17 16:49:06 - [TEST_STEP][PASSED] - Statement - counter = counter + 1: null

2018-12-17 16:49:06 - [TEST_STEP][PASSED] - Statement - PreSaveFile = new java.io.File(((pathPrefix + java.lang.Integer.toString(counter)) + .png)): null

2018-12-17 16:49:06 - [TEST_STEP][PASSED] - Statement - counter = counter + 1: null

2018-12-17 16:49:06 - [TEST_STEP][PASSED] - Statement - PreSaveFile = new java.io.File(((pathPrefix + java.lang.Integer.toString(counter)) + .png)): null

2018-12-17 16:49:06 - [TEST_STEP][PASSED] - Statement - counter = counter + 1: null

2018-12-17 16:49:06 - [TEST_STEP][PASSED] - Statement - PreSaveFile = new java.io.File(((pathPrefix + java.lang.Integer.toString(counter)) + .png)): null

2018-12-17 16:49:06 - [TEST_STEP][PASSED] - Statement - counter = counter + 1: null

2018-12-17 16:49:06 - [TEST_STEP][PASSED] - Statement - PreSaveFile = new java.io.File(((pathPrefix + java.lang.Integer.toString(counter)) + .png)): null

2018-12-17 16:49:06 - [TEST_STEP][PASSED] - Statement - counter = counter + 1: null

2018-12-17 16:49:06 - [TEST_STEP][PASSED] - Statement - PreSaveFile = new java.io.File(((pathPrefix + java.lang.Integer.toString(counter)) + .png)): null

2018-12-17 16:49:06 - [TEST_STEP][PASSED] - Statement - counter = counter + 1: null

2018-12-17 16:49:06 - [TEST_STEP][PASSED] - Statement - PreSaveFile = new java.io.File(((pathPrefix + java.lang.Integer.toString(counter)) + .png)): null

2018-12-17 16:49:06 - [TEST_STEP][PASSED] - Statement - counter = counter + 1: null

2018-12-17 16:49:06 - [TEST_STEP][PASSED] - Statement - PreSaveFile = new java.io.File(((pathPrefix + java.lang.Integer.toString(counter)) + .png)): null

2018-12-17 16:49:06 - [TEST_STEP][PASSED] - Statement - counter = counter + 1: null

2018-12-17 16:49:06 - [TEST_STEP][PASSED] - Statement - PreSaveFile = new java.io.File(((pathPrefix + java.lang.Integer.toString(counter)) + .png)): null

2018-12-17 16:49:06 - [TEST_STEP][PASSED] - Statement - counter = counter + 1: null

2018-12-17 16:49:06 - [TEST_STEP][PASSED] - Statement - PreSaveFile = new java.io.File(((pathPrefix + java.lang.Integer.toString(counter)) + .png)): null

2018-12-17 16:49:06 - [TEST_STEP][PASSED] - Statement - counter = counter + 1: null

2018-12-17 16:49:06 - [TEST_STEP][PASSED] - Statement - PreSaveFile = new java.io.File(((pathPrefix + java.lang.Integer.toString(counter)) + .png)): null

2018-12-17 16:49:06 - [TEST_STEP][PASSED] - Statement - counter = counter + 1: null

2018-12-17 16:49:06 - [TEST_STEP][PASSED] - Statement - PreSaveFile = new java.io.File(((pathPrefix + java.lang.Integer.toString(counter)) + .png)): null

2018-12-17 16:49:06 - [TEST_STEP][PASSED] - Statement - counter = counter + 1: null

2018-12-17 16:49:06 - [TEST_STEP][PASSED] - Statement - PreSaveFile = new java.io.File(((pathPrefix + java.lang.Integer.toString(counter)) + .png)): null

2018-12-17 16:49:06 - [TEST_STEP][PASSED] - Statement - counter = counter + 1: null

2018-12-17 16:49:06 - [TEST_STEP][PASSED] - Statement - PreSaveFile = new java.io.File(((pathPrefix + java.lang.Integer.toString(counter)) + .png)): null

2018-12-17 16:49:06 - [TEST_STEP][PASSED] - Statement - counter = counter + 1: null

2018-12-17 16:49:07 - [TEST_STEP][PASSED] - Statement - PreSaveFile = new java.io.File(((pathPrefix + java.lang.Integer.toString(counter)) + .png)): null

2018-12-17 16:49:07 - [TEST_STEP][PASSED] - Statement - counter = counter + 1: null

2018-12-17 16:49:07 - [TEST_STEP][PASSED] - Statement - PreSaveFile = new java.io.File(((pathPrefix + java.lang.Integer.toString(counter)) + .png)): null

2018-12-17 16:49:07 - [TEST_STEP][PASSED] - Statement - counter = counter + 1: null

2018-12-17 16:49:07 - [TEST_STEP][PASSED] - Statement - PreSaveFile = new java.io.File(((pathPrefix + java.lang.Integer.toString(counter)) + .png)): null

2018-12-17 16:49:07 - [TEST_STEP][PASSED] - Statement - counter = counter + 1: null

2018-12-17 16:49:07 - [TEST_STEP][PASSED] - Statement - PreSaveFile = new java.io.File(((pathPrefix + java.lang.Integer.toString(counter)) + .png)): null

2018-12-17 16:49:07 - [TEST_STEP][PASSED] - Statement - counter = counter + 1: null

2018-12-17 16:49:07 - [TEST_STEP][PASSED] - Statement - PreSaveFile = new java.io.File(((pathPrefix + java.lang.Integer.toString(counter)) + .png)): null

2018-12-17 16:49:07 - [TEST_STEP][PASSED] - Statement - counter = counter + 1: null

2018-12-17 16:49:07 - [TEST_STEP][PASSED] - Statement - PreSaveFile = new java.io.File(((pathPrefix + java.lang.Integer.toString(counter)) + .png)): null

2018-12-17 16:49:07 - [TEST_STEP][PASSED] - Statement - counter = counter + 1: null

2018-12-17 16:49:07 - [TEST_STEP][PASSED] - Statement - PreSaveFile = new java.io.File(((pathPrefix + java.lang.Integer.toString(counter)) + .png)): null

2018-12-17 16:49:07 - [TEST_STEP][PASSED] - Statement - counter = counter + 1: null

2018-12-17 16:49:07 - [TEST_STEP][PASSED] - Statement - PreSaveFile = new java.io.File(((pathPrefix + java.lang.Integer.toString(counter)) + .png)): null

2018-12-17 16:49:07 - [TEST_STEP][PASSED] - Statement - counter = counter + 1: null

2018-12-17 16:49:07 - [TEST_STEP][PASSED] - Statement - PreSaveFile = new java.io.File(((pathPrefix + java.lang.Integer.toString(counter)) + .png)): null

2018-12-17 16:49:07 - [TEST_STEP][PASSED] - Statement - counter = counter + 1: null

2018-12-17 16:49:07 - [TEST_STEP][PASSED] - Statement - PreSaveFile = new java.io.File(((pathPrefix + java.lang.Integer.toString(counter)) + .png)): null

2018-12-17 16:49:07 - [TEST_STEP][PASSED] - Statement - counter = counter + 1: null

2018-12-17 16:49:07 - [TEST_STEP][PASSED] - Statement - PreSaveFile = new java.io.File(((pathPrefix + java.lang.Integer.toString(counter)) + .png)): null

2018-12-17 16:49:07 - [TEST_STEP][PASSED] - Statement - counter = counter + 1: null

2018-12-17 16:49:07 - [TEST_STEP][PASSED] - Statement - PreSaveFile = new java.io.File(((pathPrefix + java.lang.Integer.toString(counter)) + .png)): null

2018-12-17 16:49:07 - [TEST_STEP][PASSED] - Statement - counter = counter + 1: null

2018-12-17 16:49:07 - [TEST_STEP][PASSED] - Statement - PreSaveFile = new java.io.File(((pathPrefix + java.lang.Integer.toString(counter)) + .png)): null

2018-12-17 16:49:07 - [TEST_STEP][PASSED] - Statement - counter = counter + 1: null

2018-12-17 16:49:07 - [TEST_STEP][PASSED] - Statement - PreSaveFile = new java.io.File(((pathPrefix + java.lang.Integer.toString(counter)) + .png)): null

2018-12-17 16:49:07 - [TEST_STEP][PASSED] - Statement - counter = counter + 1: null

2018-12-17 16:49:07 - [TEST_STEP][PASSED] - Statement - PreSaveFile = new java.io.File(((pathPrefix + java.lang.Integer.toString(counter)) + .png)): null

2018-12-17 16:49:08 - [TEST_STEP][PASSED] - Statement - counter = counter + 1: null

2018-12-17 16:49:08 - [TEST_STEP][PASSED] - Statement - PreSaveFile = new java.io.File(((pathPrefix + java.lang.Integer.toString(counter)) + .png)): null

2018-12-17 16:49:08 - [TEST_STEP][PASSED] - Statement - counter = counter + 1: null

2018-12-17 16:49:08 - [TEST_STEP][PASSED] - Statement - PreSaveFile = new java.io.File(((pathPrefix + java.lang.Integer.toString(counter)) + .png)): null

2018-12-17 16:49:08 - [TEST_STEP][PASSED] - Statement - counter = counter + 1: null

2018-12-17 16:49:08 - [TEST_STEP][PASSED] - Statement - PreSaveFile = new java.io.File(((pathPrefix + java.lang.Integer.toString(counter)) + .png)): null

2018-12-17 16:49:08 - [TEST_STEP][PASSED] - Statement - counter = counter + 1: null

2018-12-17 16:49:08 - [TEST_STEP][PASSED] - Statement - PreSaveFile = new java.io.File(((pathPrefix + java.lang.Integer.toString(counter)) + .png)): null

2018-12-17 16:49:08 - [TEST_STEP][PASSED] - Statement - counter = counter + 1: null

2018-12-17 16:49:08 - [TEST_STEP][PASSED] - Statement - PreSaveFile = new java.io.File(((pathPrefix + java.lang.Integer.toString(counter)) + .png)): null

2018-12-17 16:49:08 - [TEST_STEP][PASSED] - Statement - counter = counter + 1: null

2018-12-17 16:49:08 - [TEST_STEP][PASSED] - Statement - PreSaveFile = new java.io.File(((pathPrefix + java.lang.Integer.toString(counter)) + .png)): null

2018-12-17 16:49:08 - [TEST_STEP][PASSED] - Statement - counter = counter + 1: null

2018-12-17 16:49:08 - [TEST_STEP][PASSED] - Statement - PreSaveFile = new java.io.File(((pathPrefix + java.lang.Integer.toString(counter)) + .png)): null

2018-12-17 16:49:08 - [TEST_STEP][PASSED] - Statement - counter = counter + 1: null

2018-12-17 16:49:08 - [TEST_STEP][PASSED] - Statement - PreSaveFile = new java.io.File(((pathPrefix + java.lang.Integer.toString(counter)) + .png)): null

2018-12-17 16:49:08 - [TEST_STEP][PASSED] - Statement - counter = counter + 1: null

2018-12-17 16:49:08 - [TEST_STEP][PASSED] - Statement - PreSaveFile = new java.io.File(((pathPrefix + java.lang.Integer.toString(counter)) + .png)): null

2018-12-17 16:49:08 - [TEST_STEP][PASSED] - Statement - counter = counter + 1: null

2018-12-17 16:49:08 - [TEST_STEP][PASSED] - Statement - PreSaveFile = new java.io.File(((pathPrefix + java.lang.Integer.toString(counter)) + .png)): null

2018-12-17 16:49:08 - [TEST_STEP][PASSED] - Statement - counter = counter + 1: null

2018-12-17 16:49:08 - [TEST_STEP][PASSED] - Statement - PreSaveFile = new java.io.File(((pathPrefix + java.lang.Integer.toString(counter)) + .png)): null

2018-12-17 16:49:08 - [TEST_STEP][PASSED] - Statement - counter = counter + 1: null

2018-12-17 16:49:08 - [TEST_STEP][PASSED] - Statement - PreSaveFile = new java.io.File(((pathPrefix + java.lang.Integer.toString(counter)) + .png)): null

2018-12-17 16:49:08 - [TEST_STEP][PASSED] - Statement - counter = counter + 1: null

2018-12-17 16:49:08 - [TEST_STEP][PASSED] - Statement - PreSaveFile = new java.io.File(((pathPrefix + java.lang.Integer.toString(counter)) + .png)): null

2018-12-17 16:49:08 - [TEST_STEP][PASSED] - Statement - counter = counter + 1: null

2018-12-17 16:49:08 - [TEST_STEP][PASSED] - Statement - PreSaveFile = new java.io.File(((pathPrefix + java.lang.Integer.toString(counter)) + .png)): null

2018-12-17 16:49:08 - [TEST_STEP][PASSED] - Statement - counter = counter + 1: null

2018-12-17 16:49:09 - [TEST_STEP][PASSED] - Statement - PreSaveFile = new java.io.File(((pathPrefix + java.lang.Integer.toString(counter)) + .png)): null

2018-12-17 16:49:09 - [TEST_STEP][PASSED] - Statement - counter = counter + 1: null

2018-12-17 16:49:09 - [TEST_STEP][PASSED] - Statement - PreSaveFile = new java.io.File(((pathPrefix + java.lang.Integer.toString(counter)) + .png)): null

2018-12-17 16:49:09 - [TEST_STEP][PASSED] - Statement - counter = counter + 1: null

2018-12-17 16:49:09 - [TEST_STEP][PASSED] - Statement - PreSaveFile = new java.io.File(((pathPrefix + java.lang.Integer.toString(counter)) + .png)): null

2018-12-17 16:49:09 - [TEST_STEP][PASSED] - Statement - counter = counter + 1: null

2018-12-17 16:49:09 - [TEST_STEP][PASSED] - Statement - PreSaveFile = new java.io.File(((pathPrefix + java.lang.Integer.toString(counter)) + .png)): null

2018-12-17 16:49:09 - [TEST_STEP][PASSED] - Statement - counter = counter + 1: null

2018-12-17 16:49:09 - [TEST_STEP][PASSED] - Statement - PreSaveFile = new java.io.File(((pathPrefix + java.lang.Integer.toString(counter)) + .png)): null

2018-12-17 16:49:09 - [TEST_STEP][PASSED] - Statement - counter = counter + 1: null

2018-12-17 16:49:09 - [TEST_STEP][PASSED] - Statement - PreSaveFile = new java.io.File(((pathPrefix + java.lang.Integer.toString(counter)) + .png)): null

2018-12-17 16:49:09 - [TEST_STEP][PASSED] - Statement - counter = counter + 1: null

2018-12-17 16:49:09 - [TEST_STEP][PASSED] - Statement - PreSaveFile = new java.io.File(((pathPrefix + java.lang.Integer.toString(counter)) + .png)): null

2018-12-17 16:49:09 - [TEST_STEP][PASSED] - Statement - counter = counter + 1: null

2018-12-17 16:49:09 - [TEST_STEP][PASSED] - Statement - PreSaveFile = new java.io.File(((pathPrefix + java.lang.Integer.toString(counter)) + .png)): null

2018-12-17 16:49:09 - [TEST_STEP][PASSED] - Statement - counter = counter + 1: null

2018-12-17 16:49:09 - [TEST_STEP][PASSED] - Statement - PreSaveFile = new java.io.File(((pathPrefix + java.lang.Integer.toString(counter)) + .png)): null

2018-12-17 16:49:09 - [TEST_STEP][PASSED] - Statement - counter = counter + 1: null

2018-12-17 16:49:09 - [TEST_STEP][PASSED] - Statement - PreSaveFile = new java.io.File(((pathPrefix + java.lang.Integer.toString(counter)) + .png)): null

2018-12-17 16:49:09 - [TEST_STEP][PASSED] - Statement - counter = counter + 1: null

2018-12-17 16:49:09 - [TEST_STEP][PASSED] - Statement - PreSaveFile = new java.io.File(((pathPrefix + java.lang.Integer.toString(counter)) + .png)): null

2018-12-17 16:49:09 - [TEST_STEP][PASSED] - Statement - counter = counter + 1: null

2018-12-17 16:49:09 - [TEST_STEP][PASSED] - Statement - PreSaveFile = new java.io.File(((pathPrefix + java.lang.Integer.toString(counter)) + .png)): null

2018-12-17 16:49:09 - [TEST_STEP][PASSED] - Statement - counter = counter + 1: null

2018-12-17 16:49:09 - [TEST_STEP][PASSED] - Statement - PreSaveFile = new java.io.File(((pathPrefix + java.lang.Integer.toString(counter)) + .png)): null

2018-12-17 16:49:09 - [TEST_STEP][PASSED] - Statement - counter = counter + 1: null

2018-12-17 16:49:09 - [TEST_STEP][PASSED] - Statement - PreSaveFile = new java.io.File(((pathPrefix + java.lang.Integer.toString(counter)) + .png)): null

2018-12-17 16:49:09 - [TEST_STEP][PASSED] - Statement - counter = counter + 1: null

2018-12-17 16:49:10 - [TEST_STEP][PASSED] - Statement - PreSaveFile = new java.io.File(((pathPrefix + java.lang.Integer.toString(counter)) + .png)): null

2018-12-17 16:49:10 - [TEST_STEP][PASSED] - Statement - counter = counter + 1: null

2018-12-17 16:49:10 - [TEST_STEP][PASSED] - Statement - PreSaveFile = new java.io.File(((pathPrefix + java.lang.Integer.toString(counter)) + .png)): null

2018-12-17 16:49:10 - [TEST_STEP][PASSED] - Statement - counter = counter + 1: null

2018-12-17 16:49:10 - [TEST_STEP][PASSED] - Statement - PreSaveFile = new java.io.File(((pathPrefix + java.lang.Integer.toString(counter)) + .png)): null

2018-12-17 16:49:10 - [TEST_STEP][PASSED] - Statement - counter = counter + 1: null

2018-12-17 16:49:10 - [TEST_STEP][PASSED] - Statement - PreSaveFile = new java.io.File(((pathPrefix + java.lang.Integer.toString(counter)) + .png)): null

2018-12-17 16:49:10 - [TEST_STEP][PASSED] - Statement - counter = counter + 1: null

2018-12-17 16:49:10 - [TEST_STEP][PASSED] - Statement - PreSaveFile = new java.io.File(((pathPrefix + java.lang.Integer.toString(counter)) + .png)): null

2018-12-17 16:49:10 - [TEST_STEP][PASSED] - Statement - counter = counter + 1: null

2018-12-17 16:49:10 - [TEST_STEP][PASSED] - Statement - PreSaveFile = new java.io.File(((pathPrefix + java.lang.Integer.toString(counter)) + .png)): null

2018-12-17 16:49:10 - [TEST_STEP][PASSED] - Statement - counter = counter + 1: null

2018-12-17 16:49:10 - [TEST_STEP][PASSED] - Statement - PreSaveFile = new java.io.File(((pathPrefix + java.lang.Integer.toString(counter)) + .png)): null

2018-12-17 16:49:10 - [TEST_STEP][PASSED] - Statement - counter = counter + 1: null

2018-12-17 16:49:10 - [TEST_STEP][PASSED] - Statement - PreSaveFile = new java.io.File(((pathPrefix + java.lang.Integer.toString(counter)) + .png)): null

2018-12-17 16:49:10 - [TEST_STEP][PASSED] - Statement - counter = counter + 1: null

2018-12-17 16:49:10 - [TEST_STEP][PASSED] - Statement - PreSaveFile = new java.io.File(((pathPrefix + java.lang.Integer.toString(counter)) + .png)): null

2018-12-17 16:49:10 - [TEST_STEP][PASSED] - Statement - counter = counter + 1: null

2018-12-17 16:49:10 - [TEST_STEP][PASSED] - Statement - PreSaveFile = new java.io.File(((pathPrefix + java.lang.Integer.toString(counter)) + .png)): null

2018-12-17 16:49:10 - [TEST_STEP][PASSED] - Statement - counter = counter + 1: null

2018-12-17 16:49:10 - [TEST_STEP][PASSED] - Statement - PreSaveFile = new java.io.File(((pathPrefix + java.lang.Integer.toString(counter)) + .png)): null

2018-12-17 16:49:10 - [TEST_STEP][PASSED] - Statement - counter = counter + 1: null

2018-12-17 16:49:10 - [TEST_STEP][PASSED] - Statement - PreSaveFile = new java.io.File(((pathPrefix + java.lang.Integer.toString(counter)) + .png)): null

2018-12-17 16:49:10 - [TEST_STEP][PASSED] - Statement - counter = counter + 1: null

2018-12-17 16:49:10 - [TEST_STEP][PASSED] - Statement - PreSaveFile = new java.io.File(((pathPrefix + java.lang.Integer.toString(counter)) + .png)): null

2018-12-17 16:49:10 - [TEST_STEP][PASSED] - Statement - counter = counter + 1: null

2018-12-17 16:49:10 - [TEST_STEP][PASSED] - Statement - PreSaveFile = new java.io.File(((pathPrefix + java.lang.Integer.toString(counter)) + .png)): null

2018-12-17 16:49:10 - [TEST_STEP][PASSED] - Statement - counter = counter + 1: null

2018-12-17 16:49:10 - [TEST_STEP][PASSED] - Statement - PreSaveFile = new java.io.File(((pathPrefix + java.lang.Integer.toString(counter)) + .png)): null

2018-12-17 16:49:10 - [TEST_STEP][PASSED] - Statement - counter = counter + 1: null

2018-12-17 16:49:10 - [TEST_STEP][PASSED] - Statement - PreSaveFile = new java.io.File(((pathPrefix + java.lang.Integer.toString(counter)) + .png)): null

2018-12-17 16:49:10 - [TEST_STEP][PASSED] - Statement - counter = counter + 1: null

2018-12-17 16:49:10 - [TEST_STEP][PASSED] - Statement - PreSaveFile = new java.io.File(((pathPrefix + java.lang.Integer.toString(counter)) + .png)): null

2018-12-17 16:49:10 - [TEST_STEP][PASSED] - Statement - counter = counter + 1: null

2018-12-17 16:49:10 - [TEST_STEP][PASSED] - Statement - PreSaveFile = new java.io.File(((pathPrefix + java.lang.Integer.toString(counter)) + .png)): null

2018-12-17 16:49:10 - [TEST_STEP][PASSED] - Statement - counter = counter + 1: null

2018-12-17 16:49:10 - [TEST_STEP][PASSED] - Statement - PreSaveFile = new java.io.File(((pathPrefix + java.lang.Integer.toString(counter)) + .png)): null

2018-12-17 16:49:10 - [TEST_STEP][PASSED] - Statement - counter = counter + 1: null

2018-12-17 16:49:10 - [TEST_STEP][PASSED] - Statement - PreSaveFile = new java.io.File(((pathPrefix + java.lang.Integer.toString(counter)) + .png)): null

2018-12-17 16:49:11 - [TEST_STEP][PASSED] - Statement - counter = counter + 1: null

2018-12-17 16:49:11 - [TEST_STEP][PASSED] - Statement - PreSaveFile = new java.io.File(((pathPrefix + java.lang.Integer.toString(counter)) + .png)): null

2018-12-17 16:49:11 - [TEST_STEP][PASSED] - Statement - counter = counter + 1: null

2018-12-17 16:49:11 - [TEST_STEP][PASSED] - Statement - PreSaveFile = new java.io.File(((pathPrefix + java.lang.Integer.toString(counter)) + .png)): null

2018-12-17 16:49:11 - [TEST_STEP][PASSED] - Statement - counter = counter + 1: null

2018-12-17 16:49:11 - [TEST_STEP][PASSED] - Statement - PreSaveFile = new java.io.File(((pathPrefix + java.lang.Integer.toString(counter)) + .png)): null

2018-12-17 16:49:11 - [TEST_STEP][PASSED] - Statement - counter = counter + 1: null

2018-12-17 16:49:11 - [TEST_STEP][PASSED] - Statement - PreSaveFile = new java.io.File(((pathPrefix + java.lang.Integer.toString(counter)) + .png)): null

2018-12-17 16:49:11 - [TEST_STEP][PASSED] - Statement - counter = counter + 1: null

2018-12-17 16:49:11 - [TEST_STEP][PASSED] - Statement - PreSaveFile = new java.io.File(((pathPrefix + java.lang.Integer.toString(counter)) + .png)): null

2018-12-17 16:49:11 - [TEST_STEP][PASSED] - Statement - counter = counter + 1: null

2018-12-17 16:49:11 - [TEST_STEP][PASSED] - Statement - PreSaveFile = new java.io.File(((pathPrefix + java.lang.Integer.toString(counter)) + .png)): null

2018-12-17 16:49:11 - [TEST_STEP][PASSED] - Statement - counter = counter + 1: null

2018-12-17 16:49:11 - [TEST_STEP][PASSED] - Statement - PreSaveFile = new java.io.File(((pathPrefix + java.lang.Integer.toString(counter)) + .png)): null

2018-12-17 16:49:11 - [TEST_STEP][PASSED] - Statement - counter = counter + 1: null

2018-12-17 16:49:11 - [TEST_STEP][PASSED] - Statement - PreSaveFile = new java.io.File(((pathPrefix + java.lang.Integer.toString(counter)) + .png)): null

2018-12-17 16:49:11 - [TEST_STEP][PASSED] - Statement - counter = counter + 1: null

2018-12-17 16:49:11 - [TEST_STEP][PASSED] - Statement - PreSaveFile = new java.io.File(((pathPrefix + java.lang.Integer.toString(counter)) + .png)): null

2018-12-17 16:49:11 - [TEST_STEP][PASSED] - Statement - counter = counter + 1: null

2018-12-17 16:49:11 - [TEST_STEP][PASSED] - Statement - PreSaveFile = new java.io.File(((pathPrefix + java.lang.Integer.toString(counter)) + .png)): null

2018-12-17 16:49:12 - [TEST_STEP][PASSED] - Statement - counter = counter + 1: null

2018-12-17 16:49:12 - [TEST_STEP][PASSED] - Statement - PreSaveFile = new java.io.File(((pathPrefix + java.lang.Integer.toString(counter)) + .png)): null

2018-12-17 16:49:12 - [TEST_STEP][PASSED] - Statement - counter = counter + 1: null

2018-12-17 16:49:12 - [TEST_STEP][PASSED] - Statement - PreSaveFile = new java.io.File(((pathPrefix + java.lang.Integer.toString(counter)) + .png)): null

2018-12-17 16:49:12 - [TEST_STEP][PASSED] - Statement - counter = counter + 1: null

2018-12-17 16:49:12 - [TEST_STEP][PASSED] - Statement - PreSaveFile = new java.io.File(((pathPrefix + java.lang.Integer.toString(counter)) + .png)): null

2018-12-17 16:49:12 - [TEST_STEP][PASSED] - Statement - counter = counter + 1: null

2018-12-17 16:49:12 - [TEST_STEP][PASSED] - Statement - PreSaveFile = new java.io.File(((pathPrefix + java.lang.Integer.toString(counter)) + .png)): null

2018-12-17 16:49:12 - [TEST_STEP][PASSED] - Statement - counter = counter + 1: null

2018-12-17 16:49:12 - [TEST_STEP][PASSED] - Statement - PreSaveFile = new java.io.File(((pathPrefix + java.lang.Integer.toString(counter)) + .png)): null

2018-12-17 16:49:12 - [TEST_STEP][PASSED] - Statement - counter = counter + 1: null

2018-12-17 16:49:12 - [TEST_STEP][PASSED] - Statement - PreSaveFile = new java.io.File(((pathPrefix + java.lang.Integer.toString(counter)) + .png)): null

2018-12-17 16:49:12 - [TEST_STEP][PASSED] - Statement - counter = counter + 1: null

2018-12-17 16:49:12 - [TEST_STEP][PASSED] - Statement - PreSaveFile = new java.io.File(((pathPrefix + java.lang.Integer.toString(counter)) + .png)): null

2018-12-17 16:49:12 - [TEST_STEP][PASSED] - Statement - counter = counter + 1: null

2018-12-17 16:49:12 - [TEST_STEP][PASSED] - Statement - PreSaveFile = new java.io.File(((pathPrefix + java.lang.Integer.toString(counter)) + .png)): null

2018-12-17 16:49:12 - [TEST_STEP][PASSED] - Statement - counter = counter + 1: null

2018-12-17 16:49:12 - [TEST_STEP][PASSED] - Statement - PreSaveFile = new java.io.File(((pathPrefix + java.lang.Integer.toString(counter)) + .png)): null

2018-12-17 16:49:12 - [TEST_STEP][PASSED] - Statement - counter = counter + 1: null

2018-12-17 16:49:12 - [TEST_STEP][PASSED] - Statement - PreSaveFile = new java.io.File(((pathPrefix + java.lang.Integer.toString(counter)) + .png)): null

2018-12-17 16:49:12 - [TEST_STEP][PASSED] - Statement - counter = counter + 1: null

2018-12-17 16:49:12 - [TEST_STEP][PASSED] - Statement - PreSaveFile = new java.io.File(((pathPrefix + java.lang.Integer.toString(counter)) + .png)): null

2018-12-17 16:49:12 - [TEST_STEP][PASSED] - Statement - counter = counter + 1: null

2018-12-17 16:49:12 - [TEST_STEP][PASSED] - Statement - PreSaveFile = new java.io.File(((pathPrefix + java.lang.Integer.toString(counter)) + .png)): null

2018-12-17 16:49:12 - [TEST_STEP][PASSED] - Statement - counter = counter + 1: null

2018-12-17 16:49:12 - [TEST_STEP][PASSED] - Statement - PreSaveFile = new java.io.File(((pathPrefix + java.lang.Integer.toString(counter)) + .png)): null

2018-12-17 16:49:12 - [TEST_STEP][PASSED] - Statement - counter = counter + 1: null

2018-12-17 16:49:12 - [TEST_STEP][PASSED] - Statement - PreSaveFile = new java.io.File(((pathPrefix + java.lang.Integer.toString(counter)) + .png)): null

2018-12-17 16:49:13 - [TEST_STEP][PASSED] - Statement - counter = counter + 1: null

2018-12-17 16:49:13 - [TEST_STEP][PASSED] - Statement - PreSaveFile = new java.io.File(((pathPrefix + java.lang.Integer.toString(counter)) + .png)): null

2018-12-17 16:49:13 - [TEST_STEP][PASSED] - Statement - counter = counter + 1: null

2018-12-17 16:49:13 - [TEST_STEP][PASSED] - Statement - PreSaveFile = new java.io.File(((pathPrefix + java.lang.Integer.toString(counter)) + .png)): null

2018-12-17 16:49:13 - [TEST_STEP][PASSED] - Statement - counter = counter + 1: null

2018-12-17 16:49:13 - [TEST_STEP][PASSED] - Statement - PreSaveFile = new java.io.File(((pathPrefix + java.lang.Integer.toString(counter)) + .png)): null

2018-12-17 16:49:13 - [TEST_STEP][PASSED] - Statement - counter = counter + 1: null

2018-12-17 16:49:13 - [TEST_STEP][PASSED] - Statement - PreSaveFile = new java.io.File(((pathPrefix + java.lang.Integer.toString(counter)) + .png)): null

2018-12-17 16:49:13 - [TEST_STEP][PASSED] - Statement - counter = counter + 1: null

2018-12-17 16:49:13 - [TEST_STEP][PASSED] - Statement - PreSaveFile = new java.io.File(((pathPrefix + java.lang.Integer.toString(counter)) + .png)): null

2018-12-17 16:49:13 - [TEST_STEP][PASSED] - Statement - counter = counter + 1: null

2018-12-17 16:49:13 - [TEST_STEP][PASSED] - Statement - PreSaveFile = new java.io.File(((pathPrefix + java.lang.Integer.toString(counter)) + .png)): null

2018-12-17 16:49:13 - [TEST_STEP][PASSED] - Statement - counter = counter + 1: null

2018-12-17 16:49:13 - [TEST_STEP][PASSED] - Statement - PreSaveFile = new java.io.File(((pathPrefix + java.lang.Integer.toString(counter)) + .png)): null

2018-12-17 16:49:13 - [TEST_STEP][PASSED] - Statement - counter = counter + 1: null

2018-12-17 16:49:13 - [TEST_STEP][PASSED] - Statement - PreSaveFile = new java.io.File(((pathPrefix + java.lang.Integer.toString(counter)) + .png)): null

2018-12-17 16:49:13 - [TEST_STEP][PASSED] - Statement - counter = counter + 1: null

2018-12-17 16:49:13 - [TEST_STEP][PASSED] - Statement - PreSaveFile = new java.io.File(((pathPrefix + java.lang.Integer.toString(counter)) + .png)): null

2018-12-17 16:49:13 - [TEST_STEP][PASSED] - Statement - counter = counter + 1: null

2018-12-17 16:49:13 - [TEST_STEP][PASSED] - Statement - PreSaveFile = new java.io.File(((pathPrefix + java.lang.Integer.toString(counter)) + .png)): null

2018-12-17 16:49:13 - [TEST_STEP][PASSED] - Statement - counter = counter + 1: null

2018-12-17 16:49:13 - [TEST_STEP][PASSED] - Statement - PreSaveFile = new java.io.File(((pathPrefix + java.lang.Integer.toString(counter)) + .png)): null

2018-12-17 16:49:13 - [TEST_STEP][PASSED] - Statement - counter = counter + 1: null

2018-12-17 16:49:13 - [TEST_STEP][PASSED] - Statement - PreSaveFile = new java.io.File(((pathPrefix + java.lang.Integer.toString(counter)) + .png)): null

2018-12-17 16:49:13 - [TEST_STEP][PASSED] - Statement - counter = counter + 1: null

2018-12-17 16:49:13 - [TEST_STEP][PASSED] - Statement - PreSaveFile = new java.io.File(((pathPrefix + java.lang.Integer.toString(counter)) + .png)): null

2018-12-17 16:49:13 - [TEST_STEP][PASSED] - Statement - counter = counter + 1: null

2018-12-17 16:49:13 - [TEST_STEP][PASSED] - Statement - PreSaveFile = new java.io.File(((pathPrefix + java.lang.Integer.toString(counter)) + .png)): null

2018-12-17 16:49:13 - [TEST_STEP][PASSED] - Statement - counter = counter + 1: null

2018-12-17 16:49:14 - [TEST_STEP][PASSED] - Statement - PreSaveFile = new java.io.File(((pathPrefix + java.lang.Integer.toString(counter)) + .png)): null

2018-12-17 16:49:14 - [TEST_STEP][PASSED] - Statement - counter = counter + 1: null

2018-12-17 16:49:14 - [TEST_STEP][PASSED] - Statement - PreSaveFile = new java.io.File(((pathPrefix + java.lang.Integer.toString(counter)) + .png)): null

2018-12-17 16:49:14 - [TEST_STEP][PASSED] - Statement - counter = counter + 1: null

2018-12-17 16:49:14 - [TEST_STEP][PASSED] - Statement - PreSaveFile = new java.io.File(((pathPrefix + java.lang.Integer.toString(counter)) + .png)): null

2018-12-17 16:49:14 - [TEST_STEP][PASSED] - Statement - counter = counter + 1: null

2018-12-17 16:49:14 - [TEST_STEP][PASSED] - Statement - PreSaveFile = new java.io.File(((pathPrefix + java.lang.Integer.toString(counter)) + .png)): null

2018-12-17 16:49:14 - [TEST_STEP][PASSED] - Statement - counter = counter + 1: null

2018-12-17 16:49:14 - [TEST_STEP][PASSED] - Statement - PreSaveFile = new java.io.File(((pathPrefix + java.lang.Integer.toString(counter)) + .png)): null

2018-12-17 16:49:14 - [TEST_STEP][PASSED] - Statement - counter = counter + 1: null

2018-12-17 16:49:14 - [TEST_STEP][PASSED] - Statement - PreSaveFile = new java.io.File(((pathPrefix + java.lang.Integer.toString(counter)) + .png)): null

2018-12-17 16:49:14 - [TEST_STEP][PASSED] - Statement - counter = counter + 1: null

2018-12-17 16:49:14 - [TEST_STEP][PASSED] - Statement - PreSaveFile = new java.io.File(((pathPrefix + java.lang.Integer.toString(counter)) + .png)): null

2018-12-17 16:49:14 - [TEST_STEP][PASSED] - Statement - counter = counter + 1: null

2018-12-17 16:49:14 - [TEST_STEP][PASSED] - Statement - PreSaveFile = new java.io.File(((pathPrefix + java.lang.Integer.toString(counter)) + .png)): null

2018-12-17 16:49:14 - [TEST_STEP][PASSED] - Statement - counter = counter + 1: null

2018-12-17 16:49:14 - [TEST_STEP][PASSED] - Statement - PreSaveFile = new java.io.File(((pathPrefix + java.lang.Integer.toString(counter)) + .png)): null

2018-12-17 16:49:14 - [TEST_STEP][PASSED] - Statement - counter = counter + 1: null

2018-12-17 16:49:14 - [TEST_STEP][PASSED] - Statement - PreSaveFile = new java.io.File(((pathPrefix + java.lang.Integer.toString(counter)) + .png)): null

2018-12-17 16:49:15 - [TEST_STEP][PASSED] - Statement - counter = counter + 1: null

2018-12-17 16:49:15 - [TEST_STEP][PASSED] - Statement - PreSaveFile = new java.io.File(((pathPrefix + java.lang.Integer.toString(counter)) + .png)): null

2018-12-17 16:49:15 - [TEST_STEP][PASSED] - Statement - counter = counter + 1: null

2018-12-17 16:49:15 - [TEST_STEP][PASSED] - Statement - PreSaveFile = new java.io.File(((pathPrefix + java.lang.Integer.toString(counter)) + .png)): null

2018-12-17 16:49:15 - [TEST_STEP][PASSED] - Statement - counter = counter + 1: null

2018-12-17 16:49:15 - [TEST_STEP][PASSED] - Statement - PreSaveFile = new java.io.File(((pathPrefix + java.lang.Integer.toString(counter)) + .png)): null

2018-12-17 16:49:15 - [TEST_STEP][PASSED] - Statement - counter = counter + 1: null

2018-12-17 16:49:15 - [TEST_STEP][PASSED] - Statement - PreSaveFile = new java.io.File(((pathPrefix + java.lang.Integer.toString(counter)) + .png)): null

2018-12-17 16:49:15 - [TEST_STEP][PASSED] - Statement - counter = counter + 1: null

2018-12-17 16:49:15 - [TEST_STEP][PASSED] - Statement - PreSaveFile = new java.io.File(((pathPrefix + java.lang.Integer.toString(counter)) + .png)): null

2018-12-17 16:49:15 - [TEST_STEP][PASSED] - Statement - counter = counter + 1: null

2018-12-17 16:49:15 - [TEST_STEP][PASSED] - Statement - PreSaveFile = new java.io.File(((pathPrefix + java.lang.Integer.toString(counter)) + .png)): null

2018-12-17 16:49:15 - [TEST_STEP][PASSED] - Statement - counter = counter + 1: null

2018-12-17 16:49:15 - [TEST_STEP][PASSED] - Statement - PreSaveFile = new java.io.File(((pathPrefix + java.lang.Integer.toString(counter)) + .png)): null

2018-12-17 16:49:15 - [TEST_STEP][PASSED] - Statement - counter = counter + 1: null

2018-12-17 16:49:15 - [TEST_STEP][PASSED] - Statement - PreSaveFile = new java.io.File(((pathPrefix + java.lang.Integer.toString(counter)) + .png)): null

2018-12-17 16:49:15 - [TEST_STEP][PASSED] - Statement - counter = counter + 1: null

2018-12-17 16:49:15 - [TEST_STEP][PASSED] - Statement - PreSaveFile = new java.io.File(((pathPrefix + java.lang.Integer.toString(counter)) + .png)): null

2018-12-17 16:49:15 - [TEST_STEP][PASSED] - Statement - counter = counter + 1: null

2018-12-17 16:49:15 - [TEST_STEP][PASSED] - Statement - PreSaveFile = new java.io.File(((pathPrefix + java.lang.Integer.toString(counter)) + .png)): null

2018-12-17 16:49:15 - [TEST_STEP][PASSED] - Statement - counter = counter + 1: null

2018-12-17 16:49:15 - [TEST_STEP][PASSED] - Statement - PreSaveFile = new java.io.File(((pathPrefix + java.lang.Integer.toString(counter)) + .png)): null

2018-12-17 16:49:15 - [TEST_STEP][PASSED] - Statement - counter = counter + 1: null

2018-12-17 16:49:15 - [TEST_STEP][PASSED] - Statement - PreSaveFile = new java.io.File(((pathPrefix + java.lang.Integer.toString(counter)) + .png)): null

2018-12-17 16:49:15 - [TEST_STEP][PASSED] - Statement - counter = counter + 1: null

2018-12-17 16:49:15 - [TEST_STEP][PASSED] - Statement - PreSaveFile = new java.io.File(((pathPrefix + java.lang.Integer.toString(counter)) + .png)): null

2018-12-17 16:49:15 - [TEST_STEP][PASSED] - Statement - counter = counter + 1: null

2018-12-17 16:49:15 - [TEST_STEP][PASSED] - Statement - PreSaveFile = new java.io.File(((pathPrefix + java.lang.Integer.toString(counter)) + .png)): null

2018-12-17 16:49:15 - [TEST_STEP][PASSED] - Statement - counter = counter + 1: null

2018-12-17 16:49:16 - [TEST_STEP][PASSED] - Statement - PreSaveFile = new java.io.File(((pathPrefix + java.lang.Integer.toString(counter)) + .png)): null

2018-12-17 16:49:16 - [TEST_STEP][PASSED] - Statement - counter = counter + 1: null

2018-12-17 16:49:16 - [TEST_STEP][PASSED] - Statement - PreSaveFile = new java.io.File(((pathPrefix + java.lang.Integer.toString(counter)) + .png)): null

2018-12-17 16:49:16 - [TEST_STEP][PASSED] - Statement - counter = counter + 1: null

2018-12-17 16:49:16 - [TEST_STEP][PASSED] - Statement - PreSaveFile = new java.io.File(((pathPrefix + java.lang.Integer.toString(counter)) + .png)): null

2018-12-17 16:49:16 - [TEST_STEP][PASSED] - Statement - counter = counter + 1: null

2018-12-17 16:49:16 - [TEST_STEP][PASSED] - Statement - PreSaveFile = new java.io.File(((pathPrefix + java.lang.Integer.toString(counter)) + .png)): null

2018-12-17 16:49:16 - [TEST_STEP][PASSED] - Statement - counter = counter + 1: null

2018-12-17 16:49:16 - [TEST_STEP][PASSED] - Statement - PreSaveFile = new java.io.File(((pathPrefix + java.lang.Integer.toString(counter)) + .png)): null

2018-12-17 16:49:16 - [TEST_STEP][PASSED] - Statement - counter = counter + 1: null

2018-12-17 16:49:16 - [TEST_STEP][PASSED] - Statement - PreSaveFile = new java.io.File(((pathPrefix + java.lang.Integer.toString(counter)) + .png)): null

2018-12-17 16:49:16 - [TEST_STEP][PASSED] - Statement - counter = counter + 1: null

2018-12-17 16:49:16 - [TEST_STEP][PASSED] - Statement - PreSaveFile = new java.io.File(((pathPrefix + java.lang.Integer.toString(counter)) + .png)): null

2018-12-17 16:49:16 - [TEST_STEP][PASSED] - Statement - counter = counter + 1: null

2018-12-17 16:49:16 - [TEST_STEP][PASSED] - Statement - PreSaveFile = new java.io.File(((pathPrefix + java.lang.Integer.toString(counter)) + .png)): null

2018-12-17 16:49:16 - [TEST_STEP][PASSED] - Statement - counter = counter + 1: null

2018-12-17 16:49:16 - [TEST_STEP][PASSED] - Statement - PreSaveFile = new java.io.File(((pathPrefix + java.lang.Integer.toString(counter)) + .png)): null

2018-12-17 16:49:16 - [TEST_STEP][PASSED] - Statement - counter = counter + 1: null

2018-12-17 16:49:16 - [TEST_STEP][PASSED] - Statement - PreSaveFile = new java.io.File(((pathPrefix + java.lang.Integer.toString(counter)) + .png)): null

2018-12-17 16:49:16 - [TEST_STEP][PASSED] - Statement - counter = counter + 1: null

2018-12-17 16:49:16 - [TEST_STEP][PASSED] - Statement - PreSaveFile = new java.io.File(((pathPrefix + java.lang.Integer.toString(counter)) + .png)): null

2018-12-17 16:49:16 - [TEST_STEP][PASSED] - Statement - counter = counter + 1: null

2018-12-17 16:49:16 - [TEST_STEP][PASSED] - Statement - PreSaveFile = new java.io.File(((pathPrefix + java.lang.Integer.toString(counter)) + .png)): null

2018-12-17 16:49:16 - [TEST_STEP][PASSED] - Statement - counter = counter + 1: null

2018-12-17 16:49:16 - [TEST_STEP][PASSED] - Statement - PreSaveFile = new java.io.File(((pathPrefix + java.lang.Integer.toString(counter)) + .png)): null

2018-12-17 16:49:16 - [TEST_STEP][PASSED] - Statement - counter = counter + 1: null

2018-12-17 16:49:16 - [TEST_STEP][PASSED] - Statement - PreSaveFile = new java.io.File(((pathPrefix + java.lang.Integer.toString(counter)) + .png)): null

2018-12-17 16:49:16 - [TEST_STEP][PASSED] - Statement - counter = counter + 1: null

2018-12-17 16:49:16 - [TEST_STEP][PASSED] - Statement - PreSaveFile = new java.io.File(((pathPrefix + java.lang.Integer.toString(counter)) + .png)): null

2018-12-17 16:49:17 - [TEST_STEP][PASSED] - Statement - counter = counter + 1: null

2018-12-17 16:49:17 - [TEST_STEP][PASSED] - Statement - PreSaveFile = new java.io.File(((pathPrefix + java.lang.Integer.toString(counter)) + .png)): null

2018-12-17 16:49:17 - [TEST_STEP][PASSED] - Statement - counter = counter + 1: null

2018-12-17 16:49:17 - [TEST_STEP][PASSED] - Statement - PreSaveFile = new java.io.File(((pathPrefix + java.lang.Integer.toString(counter)) + .png)): null

2018-12-17 16:49:17 - [TEST_STEP][PASSED] - Statement - counter = counter + 1: null

2018-12-17 16:49:17 - [TEST_STEP][PASSED] - Statement - PreSaveFile = new java.io.File(((pathPrefix + java.lang.Integer.toString(counter)) + .png)): null

2018-12-17 16:49:17 - [TEST_STEP][PASSED] - Statement - counter = counter + 1: null

2018-12-17 16:49:17 - [TEST_STEP][PASSED] - Statement - PreSaveFile = new java.io.File(((pathPrefix + java.lang.Integer.toString(counter)) + .png)): null

2018-12-17 16:49:17 - [TEST_STEP][PASSED] - Statement - counter = counter + 1: null

2018-12-17 16:49:17 - [TEST_STEP][PASSED] - Statement - PreSaveFile = new java.io.File(((pathPrefix + java.lang.Integer.toString(counter)) + .png)): null

2018-12-17 16:49:17 - [TEST_STEP][PASSED] - Statement - counter = counter + 1: null

2018-12-17 16:49:17 - [TEST_STEP][PASSED] - Statement - PreSaveFile = new java.io.File(((pathPrefix + java.lang.Integer.toString(counter)) + .png)): null

2018-12-17 16:49:17 - [TEST_STEP][PASSED] - Statement - counter = counter + 1: null

2018-12-17 16:49:17 - [TEST_STEP][PASSED] - Statement - PreSaveFile = new java.io.File(((pathPrefix + java.lang.Integer.toString(counter)) + .png)): null

2018-12-17 16:49:17 - [TEST_STEP][PASSED] - Statement - counter = counter + 1: null

2018-12-17 16:49:17 - [TEST_STEP][PASSED] - Statement - PreSaveFile = new java.io.File(((pathPrefix + java.lang.Integer.toString(counter)) + .png)): null

2018-12-17 16:49:17 - [TEST_STEP][PASSED] - Statement - counter = counter + 1: null

2018-12-17 16:49:17 - [TEST_STEP][PASSED] - Statement - PreSaveFile = new java.io.File(((pathPrefix + java.lang.Integer.toString(counter)) + .png)): null

2018-12-17 16:49:17 - [TEST_STEP][PASSED] - Statement - counter = counter + 1: null

2018-12-17 16:49:18 - [TEST_STEP][PASSED] - Statement - PreSaveFile = new java.io.File(((pathPrefix + java.lang.Integer.toString(counter)) + .png)): null

2018-12-17 16:49:18 - [TEST_STEP][PASSED] - Statement - counter = counter + 1: null

2018-12-17 16:49:18 - [TEST_STEP][PASSED] - Statement - PreSaveFile = new java.io.File(((pathPrefix + java.lang.Integer.toString(counter)) + .png)): null

2018-12-17 16:49:18 - [TEST_STEP][PASSED] - Statement - counter = counter + 1: null

2018-12-17 16:49:18 - [TEST_STEP][PASSED] - Statement - PreSaveFile = new java.io.File(((pathPrefix + java.lang.Integer.toString(counter)) + .png)): null

2018-12-17 16:49:18 - [TEST_STEP][PASSED] - Statement - counter = counter + 1: null

2018-12-17 16:49:18 - [TEST_STEP][PASSED] - Statement - PreSaveFile = new java.io.File(((pathPrefix + java.lang.Integer.toString(counter)) + .png)): null

2018-12-17 16:49:18 - [TEST_STEP][PASSED] - Statement - counter = counter + 1: null

2018-12-17 16:49:18 - [TEST_STEP][PASSED] - Statement - PreSaveFile = new java.io.File(((pathPrefix + java.lang.Integer.toString(counter)) + .png)): null

2018-12-17 16:49:18 - [TEST_STEP][PASSED] - Statement - counter = counter + 1: null

2018-12-17 16:49:18 - [TEST_STEP][PASSED] - Statement - PreSaveFile = new java.io.File(((pathPrefix + java.lang.Integer.toString(counter)) + .png)): null

2018-12-17 16:49:18 - [TEST_STEP][PASSED] - Statement - counter = counter + 1: null

2018-12-17 16:49:18 - [TEST_STEP][PASSED] - Statement - PreSaveFile = new java.io.File(((pathPrefix + java.lang.Integer.toString(counter)) + .png)): null

2018-12-17 16:49:18 - [TEST_STEP][PASSED] - Statement - counter = counter + 1: null

2018-12-17 16:49:18 - [TEST_STEP][PASSED] - Statement - PreSaveFile = new java.io.File(((pathPrefix + java.lang.Integer.toString(counter)) + .png)): null

2018-12-17 16:49:18 - [TEST_STEP][PASSED] - Statement - counter = counter + 1: null

2018-12-17 16:49:18 - [TEST_STEP][PASSED] - Statement - PreSaveFile = new java.io.File(((pathPrefix + java.lang.Integer.toString(counter)) + .png)): null

2018-12-17 16:49:18 - [TEST_STEP][PASSED] - Statement - counter = counter + 1: null

2018-12-17 16:49:18 - [TEST_STEP][PASSED] - Statement - PreSaveFile = new java.io.File(((pathPrefix + java.lang.Integer.toString(counter)) + .png)): null

2018-12-17 16:49:18 - [TEST_STEP][PASSED] - Statement - counter = counter + 1: null

2018-12-17 16:49:18 - [TEST_STEP][PASSED] - Statement - PreSaveFile = new java.io.File(((pathPrefix + java.lang.Integer.toString(counter)) + .png)): null

2018-12-17 16:49:18 - [TEST_STEP][PASSED] - Statement - counter = counter + 1: null

2018-12-17 16:49:18 - [TEST_STEP][PASSED] - Statement - PreSaveFile = new java.io.File(((pathPrefix + java.lang.Integer.toString(counter)) + .png)): null

2018-12-17 16:49:18 - [TEST_STEP][PASSED] - Statement - counter = counter + 1: null

2018-12-17 16:49:18 - [TEST_STEP][PASSED] - Statement - PreSaveFile = new java.io.File(((pathPrefix + java.lang.Integer.toString(counter)) + .png)): null

2018-12-17 16:49:18 - [TEST_STEP][PASSED] - Statement - counter = counter + 1: null

2018-12-17 16:49:18 - [TEST_STEP][PASSED] - Statement - PreSaveFile = new java.io.File(((pathPrefix + java.lang.Integer.toString(counter)) + .png)): null

2018-12-17 16:49:18 - [TEST_STEP][PASSED] - Statement - counter = counter + 1: null

2018-12-17 16:49:18 - [TEST_STEP][PASSED] - Statement - PreSaveFile = new java.io.File(((pathPrefix + java.lang.Integer.toString(counter)) + .png)): null

2018-12-17 16:49:19 - [TEST_STEP][PASSED] - Statement - counter = counter + 1: null

2018-12-17 16:49:19 - [TEST_STEP][PASSED] - Statement - PreSaveFile = new java.io.File(((pathPrefix + java.lang.Integer.toString(counter)) + .png)): null

2018-12-17 16:49:19 - [TEST_STEP][PASSED] - Statement - counter = counter + 1: null

2018-12-17 16:49:19 - [TEST_STEP][PASSED] - Statement - PreSaveFile = new java.io.File(((pathPrefix + java.lang.Integer.toString(counter)) + .png)): null

2018-12-17 16:49:19 - [TEST_STEP][PASSED] - Statement - counter = counter + 1: null

2018-12-17 16:49:19 - [TEST_STEP][PASSED] - Statement - PreSaveFile = new java.io.File(((pathPrefix + java.lang.Integer.toString(counter)) + .png)): null

2018-12-17 16:49:19 - [TEST_STEP][PASSED] - Statement - counter = counter + 1: null

2018-12-17 16:49:19 - [TEST_STEP][PASSED] - Statement - PreSaveFile = new java.io.File(((pathPrefix + java.lang.Integer.toString(counter)) + .png)): null

2018-12-17 16:49:19 - [TEST_STEP][PASSED] - Statement - counter = counter + 1: null

2018-12-17 16:49:19 - [TEST_STEP][PASSED] - Statement - PreSaveFile = new java.io.File(((pathPrefix + java.lang.Integer.toString(counter)) + .png)): null

2018-12-17 16:49:19 - [TEST_STEP][PASSED] - Statement - counter = counter + 1: null

2018-12-17 16:49:19 - [TEST_STEP][PASSED] - Statement - PreSaveFile = new java.io.File(((pathPrefix + java.lang.Integer.toString(counter)) + .png)): null

2018-12-17 16:49:19 - [TEST_STEP][PASSED] - Statement - counter = counter + 1: null

2018-12-17 16:49:19 - [TEST_STEP][PASSED] - Statement - PreSaveFile = new java.io.File(((pathPrefix + java.lang.Integer.toString(counter)) + .png)): null

2018-12-17 16:49:19 - [TEST_STEP][PASSED] - Statement - counter = counter + 1: null

2018-12-17 16:49:19 - [TEST_STEP][PASSED] - Statement - PreSaveFile = new java.io.File(((pathPrefix + java.lang.Integer.toString(counter)) + .png)): null

2018-12-17 16:49:19 - [TEST_STEP][PASSED] - Statement - counter = counter + 1: null

2018-12-17 16:49:19 - [TEST_STEP][PASSED] - Statement - PreSaveFile = new java.io.File(((pathPrefix + java.lang.Integer.toString(counter)) + .png)): null

2018-12-17 16:49:19 - [TEST_STEP][PASSED] - Statement - counter = counter + 1: null

2018-12-17 16:49:20 - [TEST_STEP][PASSED] - Statement - PreSaveFile = new java.io.File(((pathPrefix + java.lang.Integer.toString(counter)) + .png)): null

2018-12-17 16:49:20 - [TEST_STEP][PASSED] - Statement - counter = counter + 1: null

2018-12-17 16:49:20 - [TEST_STEP][PASSED] - Statement - PreSaveFile = new java.io.File(((pathPrefix + java.lang.Integer.toString(counter)) + .png)): null

2018-12-17 16:49:20 - [TEST_STEP][PASSED] - Statement - counter = counter + 1: null

2018-12-17 16:49:20 - [TEST_STEP][PASSED] - Statement - PreSaveFile = new java.io.File(((pathPrefix + java.lang.Integer.toString(counter)) + .png)): null

2018-12-17 16:49:20 - [TEST_STEP][PASSED] - Statement - counter = counter + 1: null

2018-12-17 16:49:20 - [TEST_STEP][PASSED] - Statement - PreSaveFile = new java.io.File(((pathPrefix + java.lang.Integer.toString(counter)) + .png)): null

2018-12-17 16:49:20 - [TEST_STEP][PASSED] - Statement - counter = counter + 1: null

2018-12-17 16:49:20 - [TEST_STEP][PASSED] - Statement - PreSaveFile = new java.io.File(((pathPrefix + java.lang.Integer.toString(counter)) + .png)): null

2018-12-17 16:49:20 - [TEST_STEP][PASSED] - Statement - counter = counter + 1: null

2018-12-17 16:49:20 - [TEST_STEP][PASSED] - Statement - PreSaveFile = new java.io.File(((pathPrefix + java.lang.Integer.toString(counter)) + .png)): null

2018-12-17 16:49:20 - [TEST_STEP][PASSED] - Statement - counter = counter + 1: null

2018-12-17 16:49:20 - [TEST_STEP][PASSED] - Statement - PreSaveFile = new java.io.File(((pathPrefix + java.lang.Integer.toString(counter)) + .png)): null

2018-12-17 16:49:20 - [TEST_STEP][PASSED] - Statement - counter = counter + 1: null

2018-12-17 16:49:20 - [TEST_STEP][PASSED] - Statement - PreSaveFile = new java.io.File(((pathPrefix + java.lang.Integer.toString(counter)) + .png)): null

2018-12-17 16:49:20 - [TEST_STEP][PASSED] - Statement - counter = counter + 1: null

2018-12-17 16:49:20 - [TEST_STEP][PASSED] - Statement - PreSaveFile = new java.io.File(((pathPrefix + java.lang.Integer.toString(counter)) + .png)): null

2018-12-17 16:49:20 - [TEST_STEP][PASSED] - Statement - counter = counter + 1: null

2018-12-17 16:49:20 - [TEST_STEP][PASSED] - Statement - PreSaveFile = new java.io.File(((pathPrefix + java.lang.Integer.toString(counter)) + .png)): null

2018-12-17 16:49:21 - [TEST_STEP][PASSED] - Statement - counter = counter + 1: null

2018-12-17 16:49:21 - [TEST_STEP][PASSED] - Statement - PreSaveFile = new java.io.File(((pathPrefix + java.lang.Integer.toString(counter)) + .png)): null

2018-12-17 16:49:21 - [TEST_STEP][PASSED] - Statement - counter = counter + 1: null

2018-12-17 16:49:21 - [TEST_STEP][PASSED] - Statement - PreSaveFile = new java.io.File(((pathPrefix + java.lang.Integer.toString(counter)) + .png)): null

2018-12-17 16:49:21 - [TEST_STEP][PASSED] - Statement - counter = counter + 1: null

2018-12-17 16:49:21 - [TEST_STEP][PASSED] - Statement - PreSaveFile = new java.io.File(((pathPrefix + java.lang.Integer.toString(counter)) + .png)): null

2018-12-17 16:49:21 - [TEST_STEP][PASSED] - Statement - counter = counter + 1: null

2018-12-17 16:49:21 - [TEST_STEP][PASSED] - Statement - PreSaveFile = new java.io.File(((pathPrefix + java.lang.Integer.toString(counter)) + .png)): null

2018-12-17 16:49:21 - [TEST_STEP][PASSED] - Statement - counter = counter + 1: null

2018-12-17 16:49:21 - [TEST_STEP][PASSED] - Statement - PreSaveFile = new java.io.File(((pathPrefix + java.lang.Integer.toString(counter)) + .png)): null

2018-12-17 16:49:21 - [TEST_STEP][PASSED] - Statement - counter = counter + 1: null

2018-12-17 16:49:21 - [TEST_STEP][PASSED] - Statement - PreSaveFile = new java.io.File(((pathPrefix + java.lang.Integer.toString(counter)) + .png)): null

2018-12-17 16:49:21 - [TEST_STEP][PASSED] - Statement - counter = counter + 1: null

2018-12-17 16:49:21 - [TEST_STEP][PASSED] - Statement - PreSaveFile = new java.io.File(((pathPrefix + java.lang.Integer.toString(counter)) + .png)): null

2018-12-17 16:49:21 - [TEST_STEP][PASSED] - Statement - counter = counter + 1: null

2018-12-17 16:49:21 - [TEST_STEP][PASSED] - Statement - PreSaveFile = new java.io.File(((pathPrefix + java.lang.Integer.toString(counter)) + .png)): null

2018-12-17 16:49:21 - [TEST_STEP][PASSED] - Statement - counter = counter + 1: null

2018-12-17 16:49:21 - [TEST_STEP][PASSED] - Statement - PreSaveFile = new java.io.File(((pathPrefix + java.lang.Integer.toString(counter)) + .png)): null

2018-12-17 16:49:21 - [TEST_STEP][PASSED] - Statement - counter = counter + 1: null

2018-12-17 16:49:22 - [TEST_STEP][PASSED] - Statement - PreSaveFile = new java.io.File(((pathPrefix + java.lang.Integer.toString(counter)) + .png)): null

2018-12-17 16:49:22 - [TEST_STEP][PASSED] - Statement - counter = counter + 1: null

2018-12-17 16:49:22 - [TEST_STEP][PASSED] - Statement - PreSaveFile = new java.io.File(((pathPrefix + java.lang.Integer.toString(counter)) + .png)): null

2018-12-17 16:49:22 - [TEST_STEP][PASSED] - Statement - counter = counter + 1: null

2018-12-17 16:49:22 - [TEST_STEP][PASSED] - Statement - PreSaveFile = new java.io.File(((pathPrefix + java.lang.Integer.toString(counter)) + .png)): null

2018-12-17 16:49:22 - [TEST_STEP][PASSED] - Statement - counter = counter + 1: null

2018-12-17 16:49:22 - [TEST_STEP][PASSED] - Statement - PreSaveFile = new java.io.File(((pathPrefix + java.lang.Integer.toString(counter)) + .png)): null

2018-12-17 16:49:22 - [TEST_STEP][PASSED] - Statement - counter = counter + 1: null

2018-12-17 16:49:22 - [TEST_STEP][PASSED] - Statement - PreSaveFile = new java.io.File(((pathPrefix + java.lang.Integer.toString(counter)) + .png)): null

2018-12-17 16:49:22 - [TEST_STEP][PASSED] - Statement - counter = counter + 1: null

2018-12-17 16:49:22 - [TEST_STEP][PASSED] - Statement - PreSaveFile = new java.io.File(((pathPrefix + java.lang.Integer.toString(counter)) + .png)): null

2018-12-17 16:49:22 - [TEST_STEP][PASSED] - Statement - counter = counter + 1: null

2018-12-17 16:49:22 - [TEST_STEP][PASSED] - Statement - PreSaveFile = new java.io.File(((pathPrefix + java.lang.Integer.toString(counter)) + .png)): null

2018-12-17 16:49:22 - [TEST_STEP][PASSED] - Statement - counter = counter + 1: null

2018-12-17 16:49:22 - [TEST_STEP][PASSED] - Statement - PreSaveFile = new java.io.File(((pathPrefix + java.lang.Integer.toString(counter)) + .png)): null

2018-12-17 16:49:22 - [TEST_STEP][PASSED] - Statement - counter = counter + 1: null

2018-12-17 16:49:22 - [TEST_STEP][PASSED] - Statement - PreSaveFile = new java.io.File(((pathPrefix + java.lang.Integer.toString(counter)) + .png)): null

2018-12-17 16:49:22 - [TEST_STEP][PASSED] - Statement - counter = counter + 1: null

2018-12-17 16:49:22 - [TEST_STEP][PASSED] - Statement - PreSaveFile = new java.io.File(((pathPrefix + java.lang.Integer.toString(counter)) + .png)): null

2018-12-17 16:49:23 - [TEST_STEP][PASSED] - Statement - counter = counter + 1: null

2018-12-17 16:49:23 - [TEST_STEP][PASSED] - Statement - PreSaveFile = new java.io.File(((pathPrefix + java.lang.Integer.toString(counter)) + .png)): null

2018-12-17 16:49:23 - [TEST_STEP][PASSED] - Statement - counter = counter + 1: null

2018-12-17 16:49:23 - [TEST_STEP][PASSED] - Statement - PreSaveFile = new java.io.File(((pathPrefix + java.lang.Integer.toString(counter)) + .png)): null

2018-12-17 16:49:23 - [TEST_STEP][PASSED] - Statement - counter = counter + 1: null

2018-12-17 16:49:23 - [TEST_STEP][PASSED] - Statement - PreSaveFile = new java.io.File(((pathPrefix + java.lang.Integer.toString(counter)) + .png)): null

2018-12-17 16:49:23 - [TEST_STEP][PASSED] - Statement - counter = counter + 1: null

2018-12-17 16:49:23 - [TEST_STEP][PASSED] - Statement - PreSaveFile = new java.io.File(((pathPrefix + java.lang.Integer.toString(counter)) + .png)): null

2018-12-17 16:49:23 - [TEST_STEP][PASSED] - Statement - counter = counter + 1: null

2018-12-17 16:49:23 - [TEST_STEP][PASSED] - Statement - PreSaveFile = new java.io.File(((pathPrefix + java.lang.Integer.toString(counter)) + .png)): null

2018-12-17 16:49:23 - [TEST_STEP][PASSED] - Statement - counter = counter + 1: null

2018-12-17 16:49:23 - [TEST_STEP][PASSED] - Statement - PreSaveFile = new java.io.File(((pathPrefix + java.lang.Integer.toString(counter)) + .png)): null

2018-12-17 16:49:23 - [TEST_STEP][PASSED] - Statement - counter = counter + 1: null

2018-12-17 16:49:23 - [TEST_STEP][PASSED] - Statement - PreSaveFile = new java.io.File(((pathPrefix + java.lang.Integer.toString(counter)) + .png)): null

2018-12-17 16:49:23 - [TEST_STEP][PASSED] - Statement - counter = counter + 1: null

2018-12-17 16:49:23 - [TEST_STEP][PASSED] - Statement - PreSaveFile = new java.io.File(((pathPrefix + java.lang.Integer.toString(counter)) + .png)): null

2018-12-17 16:49:23 - [TEST_STEP][PASSED] - Statement - counter = counter + 1: null

2018-12-17 16:49:23 - [TEST_STEP][PASSED] - Statement - PreSaveFile = new java.io.File(((pathPrefix + java.lang.Integer.toString(counter)) + .png)): null

2018-12-17 16:49:23 - [TEST_STEP][PASSED] - Statement - counter = counter + 1: null

2018-12-17 16:49:23 - [TEST_STEP][PASSED] - Statement - PreSaveFile = new java.io.File(((pathPrefix + java.lang.Integer.toString(counter)) + .png)): null

2018-12-17 16:49:23 - [TEST_STEP][PASSED] - Statement - counter = counter + 1: null

2018-12-17 16:49:23 - [TEST_STEP][PASSED] - Statement - PreSaveFile = new java.io.File(((pathPrefix + java.lang.Integer.toString(counter)) + .png)): null

2018-12-17 16:49:23 - [TEST_STEP][PASSED] - Statement - counter = counter + 1: null

2018-12-17 16:49:23 - [TEST_STEP][PASSED] - Statement - PreSaveFile = new java.io.File(((pathPrefix + java.lang.Integer.toString(counter)) + .png)): null

2018-12-17 16:49:23 - [TEST_STEP][PASSED] - Statement - counter = counter + 1: null

2018-12-17 16:49:23 - [TEST_STEP][PASSED] - Statement - PreSaveFile = new java.io.File(((pathPrefix + java.lang.Integer.toString(counter)) + .png)): null

2018-12-17 16:49:23 - [TEST_STEP][PASSED] - Statement - counter = counter + 1: null

2018-12-17 16:49:23 - [TEST_STEP][PASSED] - Statement - PreSaveFile = new java.io.File(((pathPrefix + java.lang.Integer.toString(counter)) + .png)): null

2018-12-17 16:49:23 - [TEST_STEP][PASSED] - Statement - counter = counter + 1: null

2018-12-17 16:49:24 - [TEST_STEP][PASSED] - Statement - PreSaveFile = new java.io.File(((pathPrefix + java.lang.Integer.toString(counter)) + .png)): null

2018-12-17 16:49:24 - [TEST_STEP][PASSED] - Statement - counter = counter + 1: null

2018-12-17 16:49:24 - [TEST_STEP][PASSED] - Statement - PreSaveFile = new java.io.File(((pathPrefix + java.lang.Integer.toString(counter)) + .png)): null

2018-12-17 16:49:24 - [TEST_STEP][PASSED] - Statement - counter = counter + 1: null

2018-12-17 16:49:24 - [TEST_STEP][PASSED] - Statement - PreSaveFile = new java.io.File(((pathPrefix + java.lang.Integer.toString(counter)) + .png)): null

2018-12-17 16:49:24 - [TEST_STEP][PASSED] - Statement - counter = counter + 1: null

2018-12-17 16:49:24 - [TEST_STEP][PASSED] - Statement - PreSaveFile = new java.io.File(((pathPrefix + java.lang.Integer.toString(counter)) + .png)): null

2018-12-17 16:49:24 - [TEST_STEP][PASSED] - Statement - counter = counter + 1: null

2018-12-17 16:49:24 - [TEST_STEP][PASSED] - Statement - PreSaveFile = new java.io.File(((pathPrefix + java.lang.Integer.toString(counter)) + .png)): null

2018-12-17 16:49:24 - [TEST_STEP][PASSED] - Statement - counter = counter + 1: null

2018-12-17 16:49:24 - [TEST_STEP][PASSED] - Statement - PreSaveFile = new java.io.File(((pathPrefix + java.lang.Integer.toString(counter)) + .png)): null

2018-12-17 16:49:24 - [TEST_STEP][PASSED] - Statement - counter = counter + 1: null

2018-12-17 16:49:24 - [TEST_STEP][PASSED] - Statement - PreSaveFile = new java.io.File(((pathPrefix + java.lang.Integer.toString(counter)) + .png)): null

2018-12-17 16:49:24 - [TEST_STEP][PASSED] - Statement - counter = counter + 1: null

2018-12-17 16:49:24 - [TEST_STEP][PASSED] - Statement - PreSaveFile = new java.io.File(((pathPrefix + java.lang.Integer.toString(counter)) + .png)): null

2018-12-17 16:49:24 - [TEST_STEP][PASSED] - Statement - counter = counter + 1: null

2018-12-17 16:49:24 - [TEST_STEP][PASSED] - Statement - PreSaveFile = new java.io.File(((pathPrefix + java.lang.Integer.toString(counter)) + .png)): null

2018-12-17 16:49:24 - [TEST_STEP][PASSED] - Statement - counter = counter + 1: null

2018-12-17 16:49:24 - [TEST_STEP][PASSED] - Statement - PreSaveFile = new java.io.File(((pathPrefix + java.lang.Integer.toString(counter)) + .png)): null

2018-12-17 16:49:25 - [TEST_STEP][PASSED] - Statement - counter = counter + 1: null

2018-12-17 16:49:25 - [TEST_STEP][PASSED] - Statement - PreSaveFile = new java.io.File(((pathPrefix + java.lang.Integer.toString(counter)) + .png)): null

2018-12-17 16:49:25 - [TEST_STEP][PASSED] - Statement - counter = counter + 1: null

2018-12-17 16:49:25 - [TEST_STEP][PASSED] - Statement - PreSaveFile = new java.io.File(((pathPrefix + java.lang.Integer.toString(counter)) + .png)): null

2018-12-17 16:49:25 - [TEST_STEP][PASSED] - Statement - counter = counter + 1: null

2018-12-17 16:49:25 - [TEST_STEP][PASSED] - Statement - PreSaveFile = new java.io.File(((pathPrefix + java.lang.Integer.toString(counter)) + .png)): null

2018-12-17 16:49:25 - [TEST_STEP][PASSED] - Statement - counter = counter + 1: null

2018-12-17 16:49:25 - [TEST_STEP][PASSED] - Statement - PreSaveFile = new java.io.File(((pathPrefix + java.lang.Integer.toString(counter)) + .png)): null

2018-12-17 16:49:25 - [TEST_STEP][PASSED] - Statement - counter = counter + 1: null

2018-12-17 16:49:25 - [TEST_STEP][PASSED] - Statement - PreSaveFile = new java.io.File(((pathPrefix + java.lang.Integer.toString(counter)) + .png)): null

2018-12-17 16:49:25 - [TEST_STEP][PASSED] - Statement - counter = counter + 1: null

2018-12-17 16:49:25 - [TEST_STEP][PASSED] - Statement - PreSaveFile = new java.io.File(((pathPrefix + java.lang.Integer.toString(counter)) + .png)): null

2018-12-17 16:49:25 - [TEST_STEP][PASSED] - Statement - counter = counter + 1: null

2018-12-17 16:49:25 - [TEST_STEP][PASSED] - Statement - PreSaveFile = new java.io.File(((pathPrefix + java.lang.Integer.toString(counter)) + .png)): null

2018-12-17 16:49:25 - [TEST_STEP][PASSED] - Statement - counter = counter + 1: null

2018-12-17 16:49:25 - [TEST_STEP][PASSED] - Statement - PreSaveFile = new java.io.File(((pathPrefix + java.lang.Integer.toString(counter)) + .png)): null

2018-12-17 16:49:25 - [TEST_STEP][PASSED] - Statement - counter = counter + 1: null

2018-12-17 16:49:25 - [TEST_STEP][PASSED] - Statement - PreSaveFile = new java.io.File(((pathPrefix + java.lang.Integer.toString(counter)) + .png)): null

2018-12-17 16:49:25 - [TEST_STEP][PASSED] - Statement - counter = counter + 1: null

2018-12-17 16:49:25 - [TEST_STEP][PASSED] - Statement - PreSaveFile = new java.io.File(((pathPrefix + java.lang.Integer.toString(counter)) + .png)): null

2018-12-17 16:49:26 - [TEST_STEP][PASSED] - Statement - counter = counter + 1: null

2018-12-17 16:49:26 - [TEST_STEP][PASSED] - Statement - PreSaveFile = new java.io.File(((pathPrefix + java.lang.Integer.toString(counter)) + .png)): null

2018-12-17 16:49:26 - [TEST_STEP][PASSED] - Statement - counter = counter + 1: null

2018-12-17 16:49:26 - [TEST_STEP][PASSED] - Statement - PreSaveFile = new java.io.File(((pathPrefix + java.lang.Integer.toString(counter)) + .png)): null

2018-12-17 16:49:26 - [TEST_STEP][PASSED] - Statement - counter = counter + 1: null

2018-12-17 16:49:26 - [TEST_STEP][PASSED] - Statement - PreSaveFile = new java.io.File(((pathPrefix + java.lang.Integer.toString(counter)) + .png)): null

2018-12-17 16:49:26 - [TEST_STEP][PASSED] - Statement - counter = counter + 1: null

2018-12-17 16:49:26 - [TEST_STEP][PASSED] - Statement - PreSaveFile = new java.io.File(((pathPrefix + java.lang.Integer.toString(counter)) + .png)): null

2018-12-17 16:49:26 - [TEST_STEP][PASSED] - Statement - counter = counter + 1: null

2018-12-17 16:49:26 - [TEST_STEP][PASSED] - Statement - PreSaveFile = new java.io.File(((pathPrefix + java.lang.Integer.toString(counter)) + .png)): null

2018-12-17 16:49:26 - [TEST_STEP][PASSED] - Statement - counter = counter + 1: null

2018-12-17 16:49:26 - [TEST_STEP][PASSED] - Statement - PreSaveFile = new java.io.File(((pathPrefix + java.lang.Integer.toString(counter)) + .png)): null

2018-12-17 16:49:26 - [TEST_STEP][PASSED] - Statement - counter = counter + 1: null

2018-12-17 16:49:26 - [TEST_STEP][PASSED] - Statement - PreSaveFile = new java.io.File(((pathPrefix + java.lang.Integer.toString(counter)) + .png)): null

2018-12-17 16:49:26 - [TEST_STEP][PASSED] - Statement - counter = counter + 1: null

2018-12-17 16:49:26 - [TEST_STEP][PASSED] - Statement - PreSaveFile = new java.io.File(((pathPrefix + java.lang.Integer.toString(counter)) + .png)): null

2018-12-17 16:49:26 - [TEST_STEP][PASSED] - Statement - finalPath = pathPrefix + java.lang.Integer.toString(counter) + ".png": null

2018-12-17 16:49:26 - [TEST_STEP][PASSED] - Statement - SaveFile = new java.io.File(finalPath): null

2018-12-17 16:49:27 - [TEST_STEP][PASSED] - Statement - Try: null

2018-12-17 16:49:27 - [TEST_STEP][PASSED] - Statement - org.apache.commons.io.FileUtils.copyFile(scrFile, SaveFile): null

2018-12-17 16:49:27 - [TEST_STEP][PASSED] - Statement - out.println("file kept"): null

2018-12-17 16:49:27 - [TEST_STEP][PASSED] - delay: Delayed 10 second(s)

2018-12-17 16:49:37 - [MESSAGE][PASSED] - Delayed 10 second(s)

2018-12-17 16:49:37 - [MESSAGE][PASSED] - Call Test Case 'Test Cases/Final Aug 2018 - PKS Automation/Registration Module/New Registration/Submit and Screenshot/Submit Registration and Screenshot - Copy' successfully

2018-12-17 16:49:37 - [TEST_STEP][PASSED] - Statement - UpdateAddNewECode = com.kms.katalon.core.webui.keyword.WebUiBuiltInKeywords.getText(com.kms.katalon.core.testobject.ObjectRepository.findTestObject(Object Repository/Final Object Repo/Page_Update Add New Employee - ASSIST/getEmpCode)): Text of object 'Object Repository/Final Object Repo/Page_Update Add New Employee - ASSIST/getEmpCode' is: 'E1102070920P'

2018-12-17 16:49:37 - [MESSAGE][PASSED] - Text of object 'Object Repository/Final Object Repo/Page_Update Add New Employee - ASSIST/getEmpCode' is: 'E1102070920P'

2018-12-17 16:49:37 - [TEST_STEP][PASSED] - callTestCase: Call Test Case 'Test Cases/Final Aug 2018 - PKS Automation/Common/Emp Code Setter' successfully

2018-12-17 16:49:37 - [TEST_CASE][PASSED] - Test Cases/Final Aug 2018 - PKS Automation/Common/Emp Code Setter: Test Cases/Final Aug 2018 - PKS Automation/Common/Emp Code Setter

2018-12-17 16:49:37 - [TEST_STEP][PASSED] - Statement - EmpCodeOld = new java.io.File(C://Users//Admin//Desktop//PKS//Automation Reference Point//EmpCode.txt): null

2018-12-17 16:49:37 - [TEST_STEP][PASSED] - Statement - EmpCodeOld.delete(): null

2018-12-17 16:49:37 - [TEST_STEP][PASSED] - Statement - EmpCode = new java.io.File(C://Users//Admin//Desktop//PKS//Automation Reference Point//EmpCode.txt): null

2018-12-17 16:49:37 - [TEST_STEP][PASSED] - Statement - f2 = new java.io.FileWriter(EmpCode, false): null

2018-12-17 16:49:37 - [TEST_STEP][PASSED] - Statement - f2.write(UpdateAddNewECode): null

2018-12-17 16:49:37 - [TEST_STEP][PASSED] - Statement - f2.close(): null

2018-12-17 16:49:37 - [TEST_STEP][PASSED] - Statement - out.println("


" + UpdateAddNewECode + "


"): null

2018-12-17 16:49:37 - [MESSAGE][PASSED] - Call Test Case 'Test Cases/Final Aug 2018 - PKS Automation/Common/Emp Code Setter' successfully

2018-12-17 16:49:37 - [MESSAGE][PASSED] - Call Test Case 'Test Cases/Final Aug 2018 - PKS Automation/Registration Module/Workflow/Update Add New Employee/Template/New Company for Update Add New - Employer' successfully

2018-12-17 16:49:37 - [TEST_STEP][PASSED] - callTestCase: Call Test Case 'Test Cases/Final Aug 2018 - PKS Automation/Create Employer Acc/Login to Employer Account (Second time)' successfully

2018-12-17 16:49:37 - [TEST_CASE][PASSED] - Test Cases/Final Aug 2018 - PKS Automation/Create Employer Acc/Login to Employer Account (Second time): Test Cases/Final Aug 2018 - PKS Automation/Create Employer Acc/Login to Employer Account (Second time)

2018-12-17 16:49:37 - [TEST_STEP][PASSED] - openBrowser: Browser is opened with url: ''

2018-12-17 16:49:37 - [MESSAGE][WARNING] - A browser is already opened. Closing browser and opening a new one

2018-12-17 16:49:40 - [MESSAGE][PASSED] - Browser is opened with url: ''

2018-12-17 16:49:40 - [TEST_STEP][PASSED] - navigateToUrl: Navigate to 'https://assist2-uat.perkeso.gov.my/employer/login' successfully

2018-12-17 16:49:41 - [MESSAGE][PASSED] - Navigate to 'https://assist2-uat.perkeso.gov.my/employer/login' successfully

2018-12-17 16:49:41 - [TEST_STEP][PASSED] - delay: Delayed 3 second(s)

2018-12-17 16:49:44 - [MESSAGE][PASSED] - Delayed 3 second(s)

2018-12-17 16:49:44 - [TEST_STEP][PASSED] - callTestCase: Call Test Case 'Test Cases/Final Aug 2018 - PKS Automation/Create Employer Acc/Template/Employer Email Getter' successfully

2018-12-17 16:49:44 - [TEST_CASE][PASSED] - Test Cases/Final Aug 2018 - PKS Automation/Create Employer Acc/Template/Employer Email Getter: Test Cases/Final Aug 2018 - PKS Automation/Create Employer Acc/Template/Employer Email Getter

2018-12-17 16:49:44 - [TEST_STEP][PASSED] - Statement - Try: null

2018-12-17 16:49:44 - [TEST_STEP][PASSED] - Statement - EmpEmail = new java.io.File(C://Users//Admin//Desktop//PKS//Automation Reference Point//EmpEmail.txt): null

2018-12-17 16:49:44 - [TEST_STEP][PASSED] - Statement - bufferread = new java.io.BufferedReader(new java.io.FileReader(EmpEmail)): null

2018-12-17 16:49:44 - [TEST_STEP][PASSED] - Statement - readedVal = bufferread.readLine(): null

2018-12-17 16:49:44 - [TEST_STEP][PASSED] - Statement - out.println(readedVal): null

2018-12-17 16:49:44 - [TEST_STEP][PASSED] - Statement - Email = readedVal: null

2018-12-17 16:49:44 - [MESSAGE][PASSED] - Call Test Case 'Test Cases/Final Aug 2018 - PKS Automation/Create Employer Acc/Template/Employer Email Getter' successfully

2018-12-17 16:49:44 - [TEST_STEP][PASSED] - setText: Text 'perkeso418841198406@gmail.com' is set on object 'Object Repository/Final Object Repo/Login Page/External Login Page/Email'

2018-12-17 16:49:45 - [MESSAGE][PASSED] - Text 'perkeso418841198406@gmail.com' is set on object 'Object Repository/Final Object Repo/Login Page/External Login Page/Email'

2018-12-17 16:49:45 - [TEST_STEP][PASSED] - click: Object: 'Object Repository/Final Object Repo/Login Page/External Login Page/Next' is clicked on

2018-12-17 16:49:45 - [MESSAGE][PASSED] - Object: 'Object Repository/Final Object Repo/Login Page/External Login Page/Next' is clicked on

2018-12-17 16:49:45 - [TEST_STEP][PASSED] - delay: Delayed 3 second(s)

2018-12-17 16:49:48 - [MESSAGE][PASSED] - Delayed 3 second(s)

2018-12-17 16:49:48 - [TEST_STEP][PASSED] - setEncryptedText: Text ****** has been set on object 'Object Repository/Final Object Repo/Login Page/External Login Page/Password'

2018-12-17 16:49:48 - [MESSAGE][PASSED] - Text ****** has been set on object 'Object Repository/Final Object Repo/Login Page/External Login Page/Password'

2018-12-17 16:49:48 - [TEST_STEP][PASSED] - click: Object: 'Object Repository/Final Object Repo/Login Page/External Login Page/Login' is clicked on

2018-12-17 16:49:49 - [MESSAGE][PASSED] - Object: 'Object Repository/Final Object Repo/Login Page/External Login Page/Login' is clicked on

2018-12-17 16:49:49 - [TEST_STEP][PASSED] - delay: Delayed 5 second(s)

2018-12-17 16:49:54 - [MESSAGE][PASSED] - Delayed 5 second(s)

2018-12-17 16:49:54 - [MESSAGE][PASSED] - Call Test Case 'Test Cases/Final Aug 2018 - PKS Automation/Create Employer Acc/Login to Employer Account (Second time)' successfully

2018-12-17 16:49:54 - [TEST_STEP][PASSED] - navigateToUrl: Navigate to 'https://assist2-uat.perkeso.gov.my/web/registration/eis-update/form-3-eis-cessation-as-employer' successfully

2018-12-17 16:49:55 - [MESSAGE][PASSED] - Navigate to 'https://assist2-uat.perkeso.gov.my/web/registration/eis-update/form-3-eis-cessation-as-employer' successfully

2018-12-17 16:49:55 - [TEST_STEP][PASSED] - delay: Delayed 1 second(s)

2018-12-17 16:49:56 - [MESSAGE][PASSED] - Delayed 1 second(s)

2018-12-17 16:49:56 - [TEST_STEP][PASSED] - click: Object: 'Object Repository/Final Object Repo/Page_Form 3 EIS - Cessation as Employer/Edit' is clicked on

2018-12-17 16:49:57 - [MESSAGE][PASSED] - Object: 'Object Repository/Final Object Repo/Page_Form 3 EIS - Cessation as Employer/Edit' is clicked on

2018-12-17 16:49:57 - [TEST_STEP][PASSED] - delay: Delayed 1 second(s)

2018-12-17 16:49:58 - [MESSAGE][PASSED] - Delayed 1 second(s)

2018-12-17 16:49:58 - [TEST_STEP][PASSED] - Statement - abc = com.kms.katalon.core.webui.keyword.WebUiBuiltInKeywords.getAttribute(com.kms.katalon.core.testobject.ObjectRepository.findTestObject(Final Object Repo/Page_Form 3 EIS - Cessation as Employer/Employer Status), "value"): Attribute 'value' of object 'Object Repository/Final Object Repo/Page_Form 3 EIS - Cessation as Employer/Employer Status' is: 'Active'

2018-12-17 16:49:58 - [MESSAGE][PASSED] - Attribute 'value' of object 'Object Repository/Final Object Repo/Page_Form 3 EIS - Cessation as Employer/Employer Status' is: 'Active'

2018-12-17 16:49:58 - [TEST_STEP][PASSED] - Statement - out.println(abc): null

2018-12-17 16:49:58 - [TEST_STEP][PASSED] - Statement - If (abc == "Active"): Object: 'Object Repository/Final Object Repo/Page_Form 3 EIS - Cessation as Employer/Dormant EIS' is clicked on

2018-12-17 16:49:58 - [TEST_STEP][PASSED] - click: Object: 'Object Repository/Final Object Repo/Page_Form 3 EIS - Cessation as Employer/Change Employer Status to' is clicked on

2018-12-17 16:49:58 - [MESSAGE][PASSED] - Object: 'Object Repository/Final Object Repo/Page_Form 3 EIS - Cessation as Employer/Change Employer Status to' is clicked on

2018-12-17 16:49:58 - [TEST_STEP][PASSED] - click: Object: 'Object Repository/Final Object Repo/Page_Form 3 EIS - Cessation as Employer/Dormant EIS' is clicked on

2018-12-17 16:49:59 - [MESSAGE][PASSED] - Object: 'Object Repository/Final Object Repo/Page_Form 3 EIS - Cessation as Employer/Dormant EIS' is clicked on

2018-12-17 16:49:59 - [TEST_STEP][PASSED] - click: Object: 'Object Repository/Final Object Repo/Page_Form 3 EIS - Cessation as Employer/Calender' is clicked on

2018-12-17 16:49:59 - [MESSAGE][PASSED] - Object: 'Object Repository/Final Object Repo/Page_Form 3 EIS - Cessation as Employer/Calender' is clicked on

2018-12-17 16:49:59 - [TEST_STEP][PASSED] - delay: Delayed 1 second(s)

2018-12-17 16:50:00 - [MESSAGE][PASSED] - Delayed 1 second(s)

2018-12-17 16:50:00 - [TEST_STEP][PASSED] - click: Object: 'Object Repository/Final Object Repo/Page_Form 3 EIS - Cessation as Employer/Calender - Date' is clicked on

2018-12-17 16:50:00 - [MESSAGE][PASSED] - Object: 'Object Repository/Final Object Repo/Page_Form 3 EIS - Cessation as Employer/Calender - Date' is clicked on

2018-12-17 16:50:00 - [TEST_STEP][PASSED] - click: Object: 'Object Repository/Final Object Repo/Page_Form 3 EIS - Cessation as Employer/Save  Continue in Form 3 EIS Page' is clicked on

2018-12-17 16:50:00 - [MESSAGE][PASSED] - Object: 'Object Repository/Final Object Repo/Page_Form 3 EIS - Cessation as Employer/Save  Continue in Form 3 EIS Page' is clicked on

2018-12-17 16:50:00 - [TEST_STEP][PASSED] - delay: Delayed 1 second(s)

2018-12-17 16:50:01 - [MESSAGE][PASSED] - Delayed 1 second(s)

2018-12-17 16:50:01 - [TEST_STEP][PASSED] - click: Object: 'Object Repository/Final Object Repo/Page_Form 3 EIS - Cessation as Employer/Employment Resign Date' is clicked on

2018-12-17 16:50:02 - [MESSAGE][PASSED] - Object: 'Object Repository/Final Object Repo/Page_Form 3 EIS - Cessation as Employer/Employment Resign Date' is clicked on

2018-12-17 16:50:02 - [TEST_STEP][PASSED] - selectOptionByValue: All options with value '2019' are selected in object 'Object Repository/Final Object Repo/Page_Form 3 EIS - Cessation as Employer/Employment Resign Date - Year' 

2018-12-17 16:50:02 - [MESSAGE][PASSED] - All options with value '2019' are selected in object 'Object Repository/Final Object Repo/Page_Form 3 EIS - Cessation as Employer/Employment Resign Date - Year' 

2018-12-17 16:50:02 - [TEST_STEP][PASSED] - delay: Delayed 2 second(s)

2018-12-17 16:50:04 - [MESSAGE][PASSED] - Delayed 2 second(s)

2018-12-17 16:50:04 - [TEST_STEP][PASSED] - click: Object: 'Object Repository/Final Object Repo/Page_Form 3 EIS - Cessation as Employer/Employment Resign Date - Year - Date' is clicked on

2018-12-17 16:50:05 - [MESSAGE][PASSED] - Object: 'Object Repository/Final Object Repo/Page_Form 3 EIS - Cessation as Employer/Employment Resign Date - Year - Date' is clicked on

2018-12-17 16:50:05 - [TEST_STEP][PASSED] - delay: Delayed 2 second(s)

2018-12-17 16:50:07 - [MESSAGE][PASSED] - Delayed 2 second(s)

2018-12-17 16:50:07 - [TEST_STEP][PASSED] - click: Object: 'Object Repository/Final Object Repo/Page_Form 3 EIS - Cessation as Employer/Save  Continue in Employment Resign Page' is clicked on

2018-12-17 16:50:07 - [MESSAGE][PASSED] - Object: 'Object Repository/Final Object Repo/Page_Form 3 EIS - Cessation as Employer/Save  Continue in Employment Resign Page' is clicked on

2018-12-17 16:50:07 - [TEST_STEP][PASSED] - delay: Delayed 2 second(s)

2018-12-17 16:50:09 - [MESSAGE][PASSED] - Delayed 2 second(s)

2018-12-17 16:50:09 - [TEST_STEP][PASSED] - click: Object: 'Object Repository/Final Object Repo/Page_Form 3 EIS - Cessation as Employer/Set Latest - Yes' is clicked on

2018-12-17 16:50:09 - [MESSAGE][PASSED] - Object: 'Object Repository/Final Object Repo/Page_Form 3 EIS - Cessation as Employer/Set Latest - Yes' is clicked on

2018-12-17 16:50:09 - [TEST_STEP][PASSED] - delay: Delayed 2 second(s)

2018-12-17 16:50:11 - [MESSAGE][PASSED] - Delayed 2 second(s)

2018-12-17 16:50:11 - [TEST_STEP][PASSED] - click: Object: 'Object Repository/Final Object Repo/Page_Form 3 EIS - Cessation as Employer/Add Document' is clicked on

2018-12-17 16:50:12 - [MESSAGE][PASSED] - Object: 'Object Repository/Final Object Repo/Page_Form 3 EIS - Cessation as Employer/Add Document' is clicked on

2018-12-17 16:50:12 - [TEST_STEP][PASSED] - delay: Delayed 3 second(s)

2018-12-17 16:50:15 - [MESSAGE][PASSED] - Delayed 3 second(s)

2018-12-17 16:50:15 - [TEST_STEP][PASSED] - click: Object: 'Object Repository/Final Object Repo/Page_Form 3 EIS - Cessation as Employer/Document Type' is clicked on

2018-12-17 16:50:15 - [MESSAGE][PASSED] - Object: 'Object Repository/Final Object Repo/Page_Form 3 EIS - Cessation as Employer/Document Type' is clicked on

2018-12-17 16:50:15 - [TEST_STEP][PASSED] - click: Object: 'Object Repository/Final Object Repo/Page_Form 3 EIS - Cessation as Employer/Document Type - Form 3' is clicked on

2018-12-17 16:50:15 - [MESSAGE][PASSED] - Object: 'Object Repository/Final Object Repo/Page_Form 3 EIS - Cessation as Employer/Document Type - Form 3' is clicked on

2018-12-17 16:50:15 - [TEST_STEP][PASSED] - delay: Delayed 2 second(s)

2018-12-17 16:50:17 - [MESSAGE][PASSED] - Delayed 2 second(s)

2018-12-17 16:50:17 - [TEST_STEP][PASSED] - sendKeys: Keys 'C:\Users\Public\Pictures\Sample Pictures\Koala.jpg' sent to object: 'Object Repository/Final Object Repo/Page_Form 3 EIS - Cessation as Employer/ploading File'

2018-12-17 16:50:17 - [MESSAGE][PASSED] - Keys 'C:\Users\Public\Pictures\Sample Pictures\Koala.jpg' sent to object: 'Object Repository/Final Object Repo/Page_Form 3 EIS - Cessation as Employer/ploading File'

2018-12-17 16:50:17 - [TEST_STEP][PASSED] - delay: Delayed 1 second(s)

2018-12-17 16:50:18 - [MESSAGE][PASSED] - Delayed 1 second(s)

2018-12-17 16:50:18 - [TEST_STEP][PASSED] - click: Object: 'Object Repository/Final Object Repo/Page_Form 3 EIS - Cessation as Employer/Add Document in Uploading Page' is clicked on

2018-12-17 16:50:19 - [MESSAGE][PASSED] - Object: 'Object Repository/Final Object Repo/Page_Form 3 EIS - Cessation as Employer/Add Document in Uploading Page' is clicked on

2018-12-17 16:50:19 - [TEST_STEP][PASSED] - delay: Delayed 2 second(s)

2018-12-17 16:50:21 - [MESSAGE][PASSED] - Delayed 2 second(s)

2018-12-17 16:50:21 - [TEST_STEP][PASSED] - Statement - CaseReferenceNo = com.kms.katalon.core.webui.keyword.WebUiBuiltInKeywords.getText(com.kms.katalon.core.testobject.ObjectRepository.findTestObject(Final Object Repo/Page_Update Employer Information/Reference Number in Update Employee Information Page)): Text of object 'Object Repository/Final Object Repo/Page_Update Employer Information/Reference Number in Update Employee Information Page' is: 'ERN122018C200002484'

2018-12-17 16:50:23 - [MESSAGE][PASSED] - Text of object 'Object Repository/Final Object Repo/Page_Update Employer Information/Reference Number in Update Employee Information Page' is: 'ERN122018C200002484'

2018-12-17 16:50:23 - [TEST_STEP][PASSED] - callTestCase: Call Test Case 'Test Cases/Final Aug 2018 - PKS Automation/Common/Reference Number Setter' successfully

2018-12-17 16:50:23 - [TEST_CASE][PASSED] - Test Cases/Final Aug 2018 - PKS Automation/Common/Reference Number Setter: Test Cases/Final Aug 2018 - PKS Automation/Common/Reference Number Setter

2018-12-17 16:50:23 - [TEST_STEP][PASSED] - Statement - RefNoOldFile = new java.io.File(C://Users//Admin//Desktop//PKS//Automation Reference Point//KatalonReference.txt): null

2018-12-17 16:50:23 - [TEST_STEP][PASSED] - Statement - RefNoOldFile.delete(): null

2018-12-17 16:50:23 - [TEST_STEP][PASSED] - delay: Delayed 5 second(s)

2018-12-17 16:50:28 - [MESSAGE][PASSED] - Delayed 5 second(s)

2018-12-17 16:50:28 - [TEST_STEP][PASSED] - Statement - RefNo = new java.io.File(C://Users//Admin//Desktop//PKS//Automation Reference Point//KatalonReference.txt): null

2018-12-17 16:50:28 - [TEST_STEP][PASSED] - Statement - f2 = new java.io.FileWriter(RefNo, false): null

2018-12-17 16:50:28 - [TEST_STEP][PASSED] - Statement - f2.write(CaseReferenceNo): null

2018-12-17 16:50:28 - [TEST_STEP][PASSED] - Statement - f2.close(): null

2018-12-17 16:50:28 - [TEST_STEP][PASSED] - Statement - out.println("


" + CaseReferenceNo + "


"): null

2018-12-17 16:50:28 - [MESSAGE][PASSED] - Call Test Case 'Test Cases/Final Aug 2018 - PKS Automation/Common/Reference Number Setter' successfully

2018-12-17 16:50:28 - [TEST_STEP][PASSED] - delay: Delayed 2 second(s)

2018-12-17 16:50:30 - [MESSAGE][PASSED] - Delayed 2 second(s)

2018-12-17 16:50:30 - [TEST_STEP][PASSED] - click: Object: 'Object Repository/Final Object Repo/Page_Form 3 EIS - Cessation as Employer/Save  Continue in Uploading Page' is clicked on

2018-12-17 16:50:30 - [MESSAGE][PASSED] - Object: 'Object Repository/Final Object Repo/Page_Form 3 EIS - Cessation as Employer/Save  Continue in Uploading Page' is clicked on

2018-12-17 16:50:30 - [TEST_STEP][PASSED] - delay: Delayed 2 second(s)

2018-12-17 16:50:32 - [MESSAGE][PASSED] - Delayed 2 second(s)

2018-12-17 16:50:32 - [TEST_STEP][PASSED] - click: Object: 'Object Repository/Final Object Repo/Page_Form 3 EIS - Cessation as Employer/Submit' is clicked on

2018-12-17 16:50:35 - [MESSAGE][PASSED] - Object: 'Object Repository/Final Object Repo/Page_Form 3 EIS - Cessation as Employer/Submit' is clicked on

2018-12-17 16:50:35 - [TEST_STEP][PASSED] - delay: Delayed 2 second(s)

2018-12-17 16:50:37 - [MESSAGE][PASSED] - Delayed 2 second(s)

2018-12-17 16:50:37 - [TEST_STEP][PASSED] - click: Object: 'Object Repository/Final Object Repo/Page_Form 3 EIS - Cessation as Employer/Confirm' is clicked on

2018-12-17 16:50:37 - [MESSAGE][PASSED] - Object: 'Object Repository/Final Object Repo/Page_Form 3 EIS - Cessation as Employer/Confirm' is clicked on

2018-12-17 16:50:37 - [TEST_STEP][PASSED] - delay: Delayed 2 second(s)

2018-12-17 16:50:39 - [MESSAGE][PASSED] - Delayed 2 second(s)

2018-12-17 16:50:39 - [TEST_STEP][PASSED] - click: Object: 'Object Repository/Final Object Repo/Page_Form 3 EIS - Cessation as Employer/Message Your Request will be routed to UO' is clicked on

2018-12-17 16:50:43 - [MESSAGE][PASSED] - Object: 'Object Repository/Final Object Repo/Page_Form 3 EIS - Cessation as Employer/Message Your Request will be routed to UO' is clicked on

2018-12-17 16:50:43 - [TEST_STEP][PASSED] - click: Object: 'Object Repository/Final Object Repo/Page_Form 3 EIS - Cessation as Employer/Letter of acknowledgement' is clicked on

2018-12-17 16:50:44 - [MESSAGE][PASSED] - Object: 'Object Repository/Final Object Repo/Page_Form 3 EIS - Cessation as Employer/Letter of acknowledgement' is clicked on

2018-12-17 16:50:44 - [MESSAGE][PASSED] - Call Test Case 'Test Cases/Final Aug 2018 - PKS Automation/Registration Module/Workflow/Form 3 EIS - Cessation As Employer/Template/Form 3 A - Cessation As Employer (Employer)' successfully

2018-12-17 16:50:44 - [TEST_STEP][PASSED] - callTestCase: Call Test Case 'Test Cases/Final Aug 2018 - PKS Automation/Registration Module/Workflow/Form 3 EIS - Cessation As Employer/Template/Form 3 A - Cessation As Employer (Approve)' successfully

2018-12-17 16:50:44 - [TEST_CASE][PASSED] - Test Cases/Final Aug 2018 - PKS Automation/Registration Module/Workflow/Form 3 EIS - Cessation As Employer/Template/Form 3 A - Cessation As Employer (Approve): Test Cases/Final Aug 2018 - PKS Automation/Registration Module/Workflow/Form 3 EIS - Cessation As Employer/Template/Form 3 A - Cessation As Employer (Approve)

2018-12-17 16:50:44 - [TEST_STEP][NOT_RUN] - callTestCase: NOT_RUN: callTestCase

2018-12-17 16:50:44 - [MESSAGE][NOT_RUN] - NOT_RUN: callTestCase

2018-12-17 16:50:44 - [TEST_STEP][PASSED] - delay: Delayed 1 second(s)

2018-12-17 16:50:45 - [MESSAGE][PASSED] - Delayed 1 second(s)

2018-12-17 16:50:45 - [TEST_STEP][PASSED] - navigateToUrl: Navigate to 'https://assist2-uat.perkeso.gov.my/c/portal/logout' successfully

2018-12-17 16:50:46 - [MESSAGE][PASSED] - Navigate to 'https://assist2-uat.perkeso.gov.my/c/portal/logout' successfully

2018-12-17 16:50:46 - [TEST_STEP][PASSED] - delay: Delayed 1 second(s)

2018-12-17 16:50:47 - [MESSAGE][PASSED] - Delayed 1 second(s)

2018-12-17 16:50:47 - [TEST_STEP][PASSED] - callTestCase: Call Test Case 'Test Cases/Final Aug 2018 - PKS Automation/Common/Reference Number Getter' successfully

2018-12-17 16:50:47 - [TEST_CASE][PASSED] - Test Cases/Final Aug 2018 - PKS Automation/Common/Reference Number Getter: Test Cases/Final Aug 2018 - PKS Automation/Common/Reference Number Getter

2018-12-17 16:50:47 - [TEST_STEP][PASSED] - Statement - Try: null

2018-12-17 16:50:47 - [TEST_STEP][PASSED] - Statement - RefNo = new java.io.File(C://Users//Admin//Desktop//PKS//Automation Reference Point//KatalonReference.txt): null

2018-12-17 16:50:47 - [TEST_STEP][PASSED] - Statement - bufferread = new java.io.BufferedReader(new java.io.FileReader(RefNo)): null

2018-12-17 16:50:47 - [TEST_STEP][PASSED] - Statement - readedVal = bufferread.readLine(): null

2018-12-17 16:50:47 - [TEST_STEP][PASSED] - Statement - out.println(CaseReferenceNo): null

2018-12-17 16:50:47 - [TEST_STEP][PASSED] - Statement - out.println(readedVal): null

2018-12-17 16:50:47 - [TEST_STEP][PASSED] - Statement - CaseReferenceNo = "": null

2018-12-17 16:50:47 - [TEST_STEP][PASSED] - Statement - CaseReferenceNo = readedVal: null

2018-12-17 16:50:47 - [MESSAGE][PASSED] - Call Test Case 'Test Cases/Final Aug 2018 - PKS Automation/Common/Reference Number Getter' successfully

2018-12-17 16:50:47 - [TEST_STEP][PASSED] - callTestCase: Call Test Case 'Test Cases/Final Aug 2018 - PKS Automation/Common/Workflow Owner Finder' successfully

2018-12-17 16:50:47 - [TEST_CASE][PASSED] - Test Cases/Final Aug 2018 - PKS Automation/Common/Workflow Owner Finder: Test Cases/Final Aug 2018 - PKS Automation/Common/Workflow Owner Finder

2018-12-17 16:50:48 - [TEST_STEP][PASSED] - openBrowser: Browser is opened with url: ''

2018-12-17 16:50:48 - [MESSAGE][WARNING] - A browser is already opened. Closing browser and opening a new one

2018-12-17 16:50:51 - [MESSAGE][PASSED] - Browser is opened with url: ''

2018-12-17 16:50:51 - [TEST_STEP][PASSED] - navigateToUrl: Navigate to 'https://assist2-uat.perkeso.gov.my/login' successfully

2018-12-17 16:50:52 - [MESSAGE][PASSED] - Navigate to 'https://assist2-uat.perkeso.gov.my/login' successfully

2018-12-17 16:50:52 - [TEST_STEP][PASSED] - delay: Delayed 5 second(s)

2018-12-17 16:50:57 - [MESSAGE][PASSED] - Delayed 5 second(s)

2018-12-17 16:50:57 - [TEST_STEP][PASSED] - setText: Text 'test@liferay.com' is set on object 'Object Repository/Final Object Repo/Login Page/Internal User/Email Address'

2018-12-17 16:50:57 - [MESSAGE][PASSED] - Text 'test@liferay.com' is set on object 'Object Repository/Final Object Repo/Login Page/Internal User/Email Address'

2018-12-17 16:50:57 - [TEST_STEP][PASSED] - click: Object: 'Object Repository/Final Object Repo/Login Page/Internal User/Next Button' is clicked on

2018-12-17 16:50:57 - [MESSAGE][PASSED] - Object: 'Object Repository/Final Object Repo/Login Page/Internal User/Next Button' is clicked on

2018-12-17 16:50:57 - [TEST_STEP][PASSED] - delay: Delayed 2 second(s)

2018-12-17 16:50:59 - [MESSAGE][PASSED] - Delayed 2 second(s)

2018-12-17 16:50:59 - [TEST_STEP][PASSED] - setText: Text 'test' is set on object 'Object Repository/Final Object Repo/Login Page/Internal User/Password'

2018-12-17 16:50:59 - [MESSAGE][PASSED] - Text 'test' is set on object 'Object Repository/Final Object Repo/Login Page/Internal User/Password'

2018-12-17 16:50:59 - [TEST_STEP][PASSED] - delay: Delayed 2 second(s)

2018-12-17 16:51:01 - [MESSAGE][PASSED] - Delayed 2 second(s)

2018-12-17 16:51:01 - [TEST_STEP][PASSED] - click: Object: 'Object Repository/Final Object Repo/Login Page/Internal User/Login Button' is clicked on

2018-12-17 16:51:02 - [MESSAGE][PASSED] - Object: 'Object Repository/Final Object Repo/Login Page/Internal User/Login Button' is clicked on

2018-12-17 16:51:02 - [TEST_STEP][PASSED] - Statement - tester = com.kms.katalon.core.testobject.ObjectRepository.findTestObject(Final Object Repo/Landing Page/Select to English): Finding Test Object with id 'Object Repository/Final Object Repo/Landing Page/Select to English'

2018-12-17 16:51:02 - [TEST_STEP][PASSED] - Statement - Try: Delayed 2 second(s)

2018-12-17 16:51:02 - [TEST_STEP][PASSED] - Statement - Checker = com.kms.katalon.core.webui.keyword.WebUiBuiltInKeywords.verifyElementNotPresent(tester, 3): Web element with id: 'Object Repository/Final Object Repo/Landing Page/Select to English' located by 'By.xpath: //a[@class = 'taglib-language-list-text' and @lang = 'en-US' and (contains(text(), 'EN') or contains(., 'EN'))]' is not present after '3' second(s)

2018-12-17 16:51:04 - [MESSAGE][PASSED] - Web element with id: 'Object Repository/Final Object Repo/Landing Page/Select to English' located by 'By.xpath: //a[@class = 'taglib-language-list-text' and @lang = 'en-US' and (contains(text(), 'EN') or contains(., 'EN'))]' is not present after '3' second(s)

2018-12-17 16:51:04 - [TEST_STEP][PASSED] - Statement - If (Checker == false): null

2018-12-17 16:51:04 - [TEST_STEP][PASSED] - delay: Delayed 2 second(s)

2018-12-17 16:51:06 - [MESSAGE][PASSED] - Delayed 2 second(s)

2018-12-17 16:51:06 - [TEST_STEP][PASSED] - delay: Delayed 5 second(s)

2018-12-17 16:51:11 - [MESSAGE][PASSED] - Delayed 5 second(s)

2018-12-17 16:51:11 - [TEST_STEP][PASSED] - mouseOver: Object: 'Object Repository/Final Object Repo/Landing Page/WorkFlow Menu' is hovered

2018-12-17 16:51:11 - [MESSAGE][PASSED] - Object: 'Object Repository/Final Object Repo/Landing Page/WorkFlow Menu' is hovered

2018-12-17 16:51:11 - [TEST_STEP][PASSED] - delay: Delayed 2 second(s)

2018-12-17 16:51:13 - [MESSAGE][PASSED] - Delayed 2 second(s)

2018-12-17 16:51:13 - [TEST_STEP][PASSED] - click: Object: 'Object Repository/Final Object Repo/Landing Page/Select to Workflow Listing' is clicked on

2018-12-17 16:51:14 - [MESSAGE][PASSED] - Object: 'Object Repository/Final Object Repo/Landing Page/Select to Workflow Listing' is clicked on

2018-12-17 16:51:14 - [TEST_STEP][PASSED] - delay: Delayed 2 second(s)

2018-12-17 16:51:16 - [MESSAGE][PASSED] - Delayed 2 second(s)

2018-12-17 16:51:16 - [TEST_STEP][PASSED] - click: Object: 'Object Repository/Final Object Repo/WorkFlow Listing Page/Search Information - To Put Ref No' is clicked on

2018-12-17 16:51:16 - [MESSAGE][PASSED] - Object: 'Object Repository/Final Object Repo/WorkFlow Listing Page/Search Information - To Put Ref No' is clicked on

2018-12-17 16:51:16 - [TEST_STEP][PASSED] - delay: Delayed 2 second(s)

2018-12-17 16:51:18 - [MESSAGE][PASSED] - Delayed 2 second(s)

2018-12-17 16:51:18 - [TEST_STEP][PASSED] - callTestCase: Call Test Case 'Test Cases/Final Aug 2018 - PKS Automation/Common/Reference Number Getter' successfully

2018-12-17 16:51:18 - [TEST_CASE][PASSED] - Test Cases/Final Aug 2018 - PKS Automation/Common/Reference Number Getter: Test Cases/Final Aug 2018 - PKS Automation/Common/Reference Number Getter

2018-12-17 16:51:18 - [TEST_STEP][PASSED] - Statement - Try: null

2018-12-17 16:51:18 - [TEST_STEP][PASSED] - Statement - RefNo = new java.io.File(C://Users//Admin//Desktop//PKS//Automation Reference Point//KatalonReference.txt): null

2018-12-17 16:51:18 - [TEST_STEP][PASSED] - Statement - bufferread = new java.io.BufferedReader(new java.io.FileReader(RefNo)): null

2018-12-17 16:51:18 - [TEST_STEP][PASSED] - Statement - readedVal = bufferread.readLine(): null

2018-12-17 16:51:18 - [TEST_STEP][PASSED] - Statement - out.println(CaseReferenceNo): null

2018-12-17 16:51:18 - [TEST_STEP][PASSED] - Statement - out.println(readedVal): null

2018-12-17 16:51:18 - [TEST_STEP][PASSED] - Statement - CaseReferenceNo = "": null

2018-12-17 16:51:18 - [TEST_STEP][PASSED] - Statement - CaseReferenceNo = readedVal: null

2018-12-17 16:51:18 - [MESSAGE][PASSED] - Call Test Case 'Test Cases/Final Aug 2018 - PKS Automation/Common/Reference Number Getter' successfully

2018-12-17 16:51:18 - [TEST_STEP][PASSED] - setText: Text 'ERN122018C200002484' is set on object 'Object Repository/Final Object Repo/WorkFlow Listing Page/Ref No Set Text'

2018-12-17 16:51:19 - [MESSAGE][PASSED] - Text 'ERN122018C200002484' is set on object 'Object Repository/Final Object Repo/WorkFlow Listing Page/Ref No Set Text'

2018-12-17 16:51:19 - [TEST_STEP][PASSED] - delay: Delayed 2 second(s)

2018-12-17 16:51:21 - [MESSAGE][PASSED] - Delayed 2 second(s)

2018-12-17 16:51:21 - [TEST_STEP][PASSED] - click: Object: 'Object Repository/Final Object Repo/WorkFlow Listing Page/Search Ref No Search Button' is clicked on

2018-12-17 16:51:21 - [MESSAGE][PASSED] - Object: 'Object Repository/Final Object Repo/WorkFlow Listing Page/Search Ref No Search Button' is clicked on

2018-12-17 16:51:21 - [TEST_STEP][PASSED] - delay: Delayed 6 second(s)

2018-12-17 16:51:27 - [MESSAGE][PASSED] - Delayed 6 second(s)

2018-12-17 16:51:27 - [TEST_STEP][PASSED] - click: Object: 'Object Repository/Final Object Repo/WorkFlow Listing Page/Click Continue Tooltip' is clicked on

2018-12-17 16:51:28 - [MESSAGE][PASSED] - Object: 'Object Repository/Final Object Repo/WorkFlow Listing Page/Click Continue Tooltip' is clicked on

2018-12-17 16:51:28 - [TEST_STEP][PASSED] - delay: Delayed 5 second(s)

2018-12-17 16:51:33 - [MESSAGE][PASSED] - Delayed 5 second(s)

2018-12-17 16:51:33 - [TEST_STEP][PASSED] - doubleClick: Object: 'Object Repository/Final Object Repo/WorkFlow Listing Page/Workflow Found - Listing 1' is double clicked on

2018-12-17 16:51:33 - [MESSAGE][PASSED] - Object: 'Object Repository/Final Object Repo/WorkFlow Listing Page/Workflow Found - Listing 1' is double clicked on

2018-12-17 16:51:33 - [TEST_STEP][PASSED] - Statement - println(OwnerID): null

2018-12-17 16:51:33 - [TEST_STEP][PASSED] - Statement - OwnerID = com.kms.katalon.core.webui.keyword.WebUiBuiltInKeywords.getText(com.kms.katalon.core.testobject.ObjectRepository.findTestObject(Final Object Repo/WorkFlow Listing Page/Workflow Found - Listing 1), STOP_ON_FAILURE): Text of object 'Object Repository/Final Object Repo/WorkFlow Listing Page/Workflow Found - Listing 1' is: 'JOHORuo2'

2018-12-17 16:51:33 - [MESSAGE][PASSED] - Text of object 'Object Repository/Final Object Repo/WorkFlow Listing Page/Workflow Found - Listing 1' is: 'JOHORuo2'

2018-12-17 16:51:33 - [TEST_STEP][PASSED] - Statement - OwnerID = OwnerID.toLowerCase() + "@gmail.com": null

2018-12-17 16:51:33 - [TEST_STEP][PASSED] - Statement - println(OwnerID): null

2018-12-17 16:51:33 - [TEST_STEP][PASSED] - delay: Delayed 2 second(s)

2018-12-17 16:51:35 - [MESSAGE][PASSED] - Delayed 2 second(s)

2018-12-17 16:51:35 - [MESSAGE][PASSED] - Call Test Case 'Test Cases/Final Aug 2018 - PKS Automation/Common/Workflow Owner Finder' successfully

2018-12-17 16:51:35 - [TEST_STEP][PASSED] - delay: Delayed 1 second(s)

2018-12-17 16:51:36 - [MESSAGE][PASSED] - Delayed 1 second(s)

2018-12-17 16:51:36 - [TEST_STEP][PASSED] - navigateToUrl: Navigate to 'https://assist2-uat.perkeso.gov.my/c/portal/logout' successfully

2018-12-17 16:51:37 - [MESSAGE][PASSED] - Navigate to 'https://assist2-uat.perkeso.gov.my/c/portal/logout' successfully

2018-12-17 16:51:37 - [TEST_STEP][PASSED] - delay: Delayed 1 second(s)

2018-12-17 16:51:38 - [MESSAGE][PASSED] - Delayed 1 second(s)

2018-12-17 16:51:38 - [TEST_STEP][PASSED] - callTestCase: Call Test Case 'Test Cases/Final Aug 2018 - PKS Automation/Registration Module/Workflow/Login and Search Case For Workflow' successfully

2018-12-17 16:51:38 - [TEST_CASE][PASSED] - Test Cases/Final Aug 2018 - PKS Automation/Registration Module/Workflow/Login and Search Case For Workflow: Test Cases/Final Aug 2018 - PKS Automation/Registration Module/Workflow/Login and Search Case For Workflow

2018-12-17 16:51:39 - [TEST_STEP][PASSED] - navigateToUrl: Navigate to 'https://assist2-uat.perkeso.gov.my/login' successfully

2018-12-17 16:51:39 - [MESSAGE][PASSED] - Navigate to 'https://assist2-uat.perkeso.gov.my/login' successfully

2018-12-17 16:51:39 - [TEST_STEP][PASSED] - setText: Text 'johoruo2@gmail.com' is set on object 'Object Repository/Final Object Repo/Login Page/Internal User/Email Address'

2018-12-17 16:51:39 - [MESSAGE][PASSED] - Text 'johoruo2@gmail.com' is set on object 'Object Repository/Final Object Repo/Login Page/Internal User/Email Address'

2018-12-17 16:51:39 - [TEST_STEP][PASSED] - click: Object: 'Object Repository/Final Object Repo/Login Page/Internal User/Next Button' is clicked on

2018-12-17 16:51:40 - [MESSAGE][PASSED] - Object: 'Object Repository/Final Object Repo/Login Page/Internal User/Next Button' is clicked on

2018-12-17 16:51:40 - [TEST_STEP][PASSED] - delay: Delayed 1 second(s)

2018-12-17 16:51:41 - [MESSAGE][PASSED] - Delayed 1 second(s)

2018-12-17 16:51:41 - [TEST_STEP][PASSED] - setEncryptedText: Text ****** has been set on object 'Object Repository/Final Object Repo/Login Page/Internal User/Password'

2018-12-17 16:51:41 - [MESSAGE][PASSED] - Text ****** has been set on object 'Object Repository/Final Object Repo/Login Page/Internal User/Password'

2018-12-17 16:51:41 - [TEST_STEP][PASSED] - click: Object: 'Object Repository/Final Object Repo/Login Page/Internal User/Login Button' is clicked on

2018-12-17 16:51:41 - [MESSAGE][PASSED] - Object: 'Object Repository/Final Object Repo/Login Page/Internal User/Login Button' is clicked on

2018-12-17 16:51:41 - [TEST_STEP][PASSED] - delay: Delayed 2 second(s)

2018-12-17 16:51:43 - [MESSAGE][PASSED] - Delayed 2 second(s)

2018-12-17 16:51:43 - [TEST_STEP][PASSED] - Statement - Try: Delayed 2 second(s)

2018-12-17 16:51:43 - [TEST_STEP][PASSED] - Statement - Checker = false: null

2018-12-17 16:51:43 - [TEST_STEP][PASSED] - Statement - Checker = com.kms.katalon.core.webui.keyword.WebUiBuiltInKeywords.verifyElementHasAttribute(com.kms.katalon.core.testobject.ObjectRepository.findTestObject(Final Object Repo/Landing Page/BM Detecting), "href", 20, OPTIONAL): Object 'Object Repository/Final Object Repo/Landing Page/BM Detecting' has attribute 'href'

2018-12-17 16:51:43 - [MESSAGE][PASSED] - Object 'Object Repository/Final Object Repo/Landing Page/BM Detecting' has attribute 'href'

2018-12-17 16:51:43 - [TEST_STEP][PASSED] - Statement - out.println(Checker): null

2018-12-17 16:51:43 - [TEST_STEP][PASSED] - Statement - If (Checker == false): null

2018-12-17 16:51:43 - [TEST_STEP][PASSED] - Statement - Else: null

2018-12-17 16:51:43 - [TEST_STEP][PASSED] - delay: Delayed 2 second(s)

2018-12-17 16:51:45 - [MESSAGE][PASSED] - Delayed 2 second(s)

2018-12-17 16:51:45 - [TEST_STEP][PASSED] - click: Object: 'Object Repository/Final Object Repo/Page_MyASSIST - ASSIST - Search Pending Case For Add Supporting Document/Search Information' is clicked on

2018-12-17 16:51:45 - [MESSAGE][PASSED] - Object: 'Object Repository/Final Object Repo/Page_MyASSIST - ASSIST - Search Pending Case For Add Supporting Document/Search Information' is clicked on

2018-12-17 16:51:45 - [TEST_STEP][PASSED] - delay: Delayed 3 second(s)

2018-12-17 16:51:48 - [MESSAGE][PASSED] - Delayed 3 second(s)

2018-12-17 16:51:48 - [TEST_STEP][PASSED] - sendKeys: Keys 'ERN122018C200002484' sent to object: 'Object Repository/Final Object Repo/Page_MyASSIST - ASSIST - Search Pending Case For Add Supporting Document/Reference No'

2018-12-17 16:51:49 - [MESSAGE][PASSED] - Keys 'ERN122018C200002484' sent to object: 'Object Repository/Final Object Repo/Page_MyASSIST - ASSIST - Search Pending Case For Add Supporting Document/Reference No'

2018-12-17 16:51:49 - [TEST_STEP][PASSED] - click: Object: 'Object Repository/Final Object Repo/Page_MyASSIST - ASSIST - Search Pending Case For Add Supporting Document/Search Reference No' is clicked on

2018-12-17 16:51:49 - [MESSAGE][PASSED] - Object: 'Object Repository/Final Object Repo/Page_MyASSIST - ASSIST - Search Pending Case For Add Supporting Document/Search Reference No' is clicked on

2018-12-17 16:51:49 - [TEST_STEP][PASSED] - delay: Delayed 2 second(s)

2018-12-17 16:51:51 - [MESSAGE][PASSED] - Delayed 2 second(s)

2018-12-17 16:51:51 - [TEST_STEP][PASSED] - click: Object: 'Object Repository/Final Object Repo/Page_MyASSIST - ASSIST - Search Pending Case For Add Supporting Document/Continue' is clicked on

2018-12-17 16:51:54 - [MESSAGE][PASSED] - Object: 'Object Repository/Final Object Repo/Page_MyASSIST - ASSIST - Search Pending Case For Add Supporting Document/Continue' is clicked on

2018-12-17 16:51:54 - [TEST_STEP][PASSED] - delay: Delayed 20 second(s)

2018-12-17 16:52:14 - [MESSAGE][PASSED] - Delayed 20 second(s)

2018-12-17 16:52:14 - [MESSAGE][PASSED] - Call Test Case 'Test Cases/Final Aug 2018 - PKS Automation/Registration Module/Workflow/Login and Search Case For Workflow' successfully

2018-12-17 16:52:14 - [TEST_STEP][PASSED] - click: Object: 'Object Repository/Final Object Repo/Page_Form 3 EIS - Cessation as Employer/Page_Form 3 EIS - Cessation as Employer (Approve)/Save  Continue in Form 3 Page' is clicked on

2018-12-17 16:52:14 - [MESSAGE][PASSED] - Object: 'Object Repository/Final Object Repo/Page_Form 3 EIS - Cessation as Employer/Page_Form 3 EIS - Cessation as Employer (Approve)/Save  Continue in Form 3 Page' is clicked on

2018-12-17 16:52:14 - [TEST_STEP][PASSED] - delay: Delayed 2 second(s)

2018-12-17 16:52:16 - [MESSAGE][PASSED] - Delayed 2 second(s)

2018-12-17 16:52:16 - [TEST_STEP][PASSED] - click: Object: 'Object Repository/Final Object Repo/Page_Form 3 EIS - Cessation as Employer/Page_Form 3 EIS - Cessation as Employer (Approve)/Save  Continue in Resigned Page' is clicked on

2018-12-17 16:52:17 - [MESSAGE][PASSED] - Object: 'Object Repository/Final Object Repo/Page_Form 3 EIS - Cessation as Employer/Page_Form 3 EIS - Cessation as Employer (Approve)/Save  Continue in Resigned Page' is clicked on

2018-12-17 16:52:17 - [TEST_STEP][PASSED] - delay: Delayed 2 second(s)

2018-12-17 16:52:19 - [MESSAGE][PASSED] - Delayed 2 second(s)

2018-12-17 16:52:19 - [TEST_STEP][PASSED] - click: Object: 'Object Repository/Final Object Repo/Page_Form 3 EIS - Cessation as Employer/Page_Form 3 EIS - Cessation as Employer (Approve)/Save  Continue in Uploading Page' is clicked on

2018-12-17 16:52:20 - [MESSAGE][PASSED] - Object: 'Object Repository/Final Object Repo/Page_Form 3 EIS - Cessation as Employer/Page_Form 3 EIS - Cessation as Employer (Approve)/Save  Continue in Uploading Page' is clicked on

2018-12-17 16:52:20 - [TEST_STEP][PASSED] - delay: Delayed 2 second(s)

2018-12-17 16:52:22 - [MESSAGE][PASSED] - Delayed 2 second(s)

2018-12-17 16:52:22 - [TEST_STEP][PASSED] - click: Object: 'Object Repository/Final Object Repo/Page_Form 3 EIS - Cessation as Employer/Page_Form 3 EIS - Cessation as Employer (Approve)/Approve' is clicked on

2018-12-17 16:52:25 - [MESSAGE][PASSED] - Object: 'Object Repository/Final Object Repo/Page_Form 3 EIS - Cessation as Employer/Page_Form 3 EIS - Cessation as Employer (Approve)/Approve' is clicked on

2018-12-17 16:52:25 - [TEST_STEP][PASSED] - delay: Delayed 2 second(s)

2018-12-17 16:52:27 - [MESSAGE][PASSED] - Delayed 2 second(s)

2018-12-17 16:52:27 - [TEST_STEP][PASSED] - click: Object: 'Object Repository/Final Object Repo/Page_Form 3 EIS - Cessation as Employer/Page_Form 3 EIS - Cessation as Employer (Approve)/Confirm' is clicked on

2018-12-17 16:52:27 - [MESSAGE][PASSED] - Object: 'Object Repository/Final Object Repo/Page_Form 3 EIS - Cessation as Employer/Page_Form 3 EIS - Cessation as Employer (Approve)/Confirm' is clicked on

2018-12-17 16:52:27 - [TEST_STEP][PASSED] - delay: Delayed 2 second(s)

2018-12-17 16:52:29 - [MESSAGE][PASSED] - Delayed 2 second(s)

2018-12-17 16:52:29 - [TEST_STEP][PASSED] - click: Object: 'Object Repository/Final Object Repo/Page_Form 3 EIS - Cessation as Employer/Page_Form 3 EIS - Cessation as Employer (Approve)/Message Your Request    Form 3 EIS' is clicked on

2018-12-17 16:52:34 - [MESSAGE][PASSED] - Object: 'Object Repository/Final Object Repo/Page_Form 3 EIS - Cessation as Employer/Page_Form 3 EIS - Cessation as Employer (Approve)/Message Your Request    Form 3 EIS' is clicked on

2018-12-17 16:52:34 - [TEST_STEP][PASSED] - click: Object: 'Object Repository/Final Object Repo/Page_Form 3 EIS - Cessation as Employer/Page_Form 3 EIS - Cessation as Employer (Approve)/Letter of successful update' is clicked on

2018-12-17 16:52:35 - [MESSAGE][PASSED] - Object: 'Object Repository/Final Object Repo/Page_Form 3 EIS - Cessation as Employer/Page_Form 3 EIS - Cessation as Employer (Approve)/Letter of successful update' is clicked on

2018-12-17 16:52:35 - [MESSAGE][PASSED] - Call Test Case 'Test Cases/Final Aug 2018 - PKS Automation/Registration Module/Workflow/Form 3 EIS - Cessation As Employer/Template/Form 3 A - Cessation As Employer (Approve)' successfully]]></system-out>
         <system-err><![CDATA[]]></system-err>
      </testcase>
      <testcase name="Test Cases/Final Aug 2018 - PKS Automation/Registration Module/Workflow/Form 3 EIS - Cessation As Employer/Employer to UO (Query)" classname="Test Cases/Final Aug 2018 - PKS Automation/Registration Module/Workflow/Form 3 EIS - Cessation As Employer/Employer to UO (Query)" status="PASSED">
         <system-out><![CDATA[2018-12-17 16:52:35 - [TEST_CASE][PASSED] - Test Cases/Final Aug 2018 - PKS Automation/Registration Module/Workflow/Form 3 EIS - Cessation As Employer/Employer to UO (Query): Test Cases/Final Aug 2018 - PKS Automation/Registration Module/Workflow/Form 3 EIS - Cessation As Employer/Employer to UO (Query)

2018-12-17 16:52:35 - [TEST_STEP][PASSED] - callTestCase: Call Test Case 'Test Cases/Final Aug 2018 - PKS Automation/Registration Module/Workflow/Form 3 EIS - Cessation As Employer/Template/Form 3 A - Cessation As Employer (OTC)' successfully

2018-12-17 16:52:35 - [TEST_CASE][PASSED] - Test Cases/Final Aug 2018 - PKS Automation/Registration Module/Workflow/Form 3 EIS - Cessation As Employer/Template/Form 3 A - Cessation As Employer (OTC): Test Cases/Final Aug 2018 - PKS Automation/Registration Module/Workflow/Form 3 EIS - Cessation As Employer/Template/Form 3 A - Cessation As Employer (OTC)

2018-12-17 16:52:35 - [TEST_STEP][PASSED] - openBrowser: Browser is opened with url: ''

2018-12-17 16:52:35 - [MESSAGE][WARNING] - A browser is already opened. Closing browser and opening a new one

2018-12-17 16:52:38 - [MESSAGE][PASSED] - Browser is opened with url: ''

2018-12-17 16:52:38 - [TEST_STEP][PASSED] - navigateToUrl: Navigate to 'https://assist2-uat.perkeso.gov.my/login' successfully

2018-12-17 16:52:39 - [MESSAGE][PASSED] - Navigate to 'https://assist2-uat.perkeso.gov.my/login' successfully

2018-12-17 16:52:39 - [TEST_STEP][PASSED] - setText: Text 'johorotc1@gmail.com' is set on object 'Object Repository/Final Object Repo/Login Page/Internal User/Email Address'

2018-12-17 16:52:40 - [MESSAGE][PASSED] - Text 'johorotc1@gmail.com' is set on object 'Object Repository/Final Object Repo/Login Page/Internal User/Email Address'

2018-12-17 16:52:40 - [TEST_STEP][PASSED] - click: Object: 'Object Repository/Final Object Repo/Login Page/Internal User/Next Button' is clicked on

2018-12-17 16:52:40 - [MESSAGE][PASSED] - Object: 'Object Repository/Final Object Repo/Login Page/Internal User/Next Button' is clicked on

2018-12-17 16:52:40 - [TEST_STEP][PASSED] - delay: Delayed 1 second(s)

2018-12-17 16:52:41 - [MESSAGE][PASSED] - Delayed 1 second(s)

2018-12-17 16:52:41 - [TEST_STEP][PASSED] - setEncryptedText: Text ****** has been set on object 'Object Repository/Final Object Repo/Login Page/Internal User/Password'

2018-12-17 16:52:41 - [MESSAGE][PASSED] - Text ****** has been set on object 'Object Repository/Final Object Repo/Login Page/Internal User/Password'

2018-12-17 16:52:41 - [TEST_STEP][PASSED] - click: Object: 'Object Repository/Final Object Repo/Login Page/Internal User/Login Button' is clicked on

2018-12-17 16:52:41 - [MESSAGE][PASSED] - Object: 'Object Repository/Final Object Repo/Login Page/Internal User/Login Button' is clicked on

2018-12-17 16:52:41 - [TEST_STEP][PASSED] - delay: Delayed 1 second(s)

2018-12-17 16:52:42 - [MESSAGE][PASSED] - Delayed 1 second(s)

2018-12-17 16:52:42 - [TEST_STEP][PASSED] - Statement - Try: Delayed 2 second(s)

2018-12-17 16:52:42 - [TEST_STEP][PASSED] - Statement - Checker = false: null

2018-12-17 16:52:42 - [TEST_STEP][PASSED] - Statement - Checker = com.kms.katalon.core.webui.keyword.WebUiBuiltInKeywords.verifyElementHasAttribute(com.kms.katalon.core.testobject.ObjectRepository.findTestObject(Final Object Repo/Landing Page/BM Detecting), "href", 20, OPTIONAL): Object 'Object Repository/Final Object Repo/Landing Page/BM Detecting' has attribute 'href'

2018-12-17 16:52:44 - [MESSAGE][PASSED] - Object 'Object Repository/Final Object Repo/Landing Page/BM Detecting' has attribute 'href'

2018-12-17 16:52:44 - [TEST_STEP][PASSED] - Statement - out.println(Checker): null

2018-12-17 16:52:44 - [TEST_STEP][PASSED] - Statement - If (Checker == false): null

2018-12-17 16:52:44 - [TEST_STEP][PASSED] - Statement - Else: null

2018-12-17 16:52:44 - [TEST_STEP][PASSED] - delay: Delayed 2 second(s)

2018-12-17 16:52:46 - [MESSAGE][PASSED] - Delayed 2 second(s)

2018-12-17 16:52:46 - [TEST_STEP][PASSED] - navigateToUrl: Navigate to 'https://assist2-uat.perkeso.gov.my/web/registration/eis-update/form-3-eis-cessation-as-employer' successfully

2018-12-17 16:52:46 - [MESSAGE][PASSED] - Navigate to 'https://assist2-uat.perkeso.gov.my/web/registration/eis-update/form-3-eis-cessation-as-employer' successfully

2018-12-17 16:52:46 - [TEST_STEP][PASSED] - delay: Delayed 1 second(s)

2018-12-17 16:52:47 - [MESSAGE][PASSED] - Delayed 1 second(s)

2018-12-17 16:52:47 - [TEST_STEP][PASSED] - setText: Text 'E1102069769W' is set on object 'Object Repository/Final Object Repo/Page_Form 3 EIS - Cessation as Employer/Employer Code'

2018-12-17 16:52:48 - [MESSAGE][PASSED] - Text 'E1102069769W' is set on object 'Object Repository/Final Object Repo/Page_Form 3 EIS - Cessation as Employer/Employer Code'

2018-12-17 16:52:48 - [TEST_STEP][PASSED] - click: Object: 'Object Repository/Final Object Repo/Page_Form 3 EIS - Cessation as Employer/Search' is clicked on

2018-12-17 16:52:48 - [MESSAGE][PASSED] - Object: 'Object Repository/Final Object Repo/Page_Form 3 EIS - Cessation as Employer/Search' is clicked on

2018-12-17 16:52:48 - [TEST_STEP][PASSED] - click: Object: 'Object Repository/Final Object Repo/Page_Form 3 EIS - Cessation as Employer/Edit' is clicked on

2018-12-17 16:52:51 - [MESSAGE][PASSED] - Object: 'Object Repository/Final Object Repo/Page_Form 3 EIS - Cessation as Employer/Edit' is clicked on

2018-12-17 16:52:51 - [TEST_STEP][PASSED] - delay: Delayed 1 second(s)

2018-12-17 16:52:52 - [MESSAGE][PASSED] - Delayed 1 second(s)

2018-12-17 16:52:52 - [TEST_STEP][PASSED] - Statement - abc = com.kms.katalon.core.webui.keyword.WebUiBuiltInKeywords.getAttribute(com.kms.katalon.core.testobject.ObjectRepository.findTestObject(Final Object Repo/Page_Form 3 EIS - Cessation as Employer/Employer Status), "value"): Attribute 'value' of object 'Object Repository/Final Object Repo/Page_Form 3 EIS - Cessation as Employer/Employer Status' is: 'Active'

2018-12-17 16:52:52 - [MESSAGE][PASSED] - Attribute 'value' of object 'Object Repository/Final Object Repo/Page_Form 3 EIS - Cessation as Employer/Employer Status' is: 'Active'

2018-12-17 16:52:52 - [TEST_STEP][PASSED] - Statement - out.println(abc): null

2018-12-17 16:52:52 - [TEST_STEP][PASSED] - Statement - If (abc == "Active"): Object: 'Object Repository/Final Object Repo/Page_Form 3 EIS - Cessation as Employer/Dormant EIS' is clicked on

2018-12-17 16:52:52 - [TEST_STEP][PASSED] - click: Object: 'Object Repository/Final Object Repo/Page_Form 3 EIS - Cessation as Employer/Change Employer Status to' is clicked on

2018-12-17 16:52:52 - [MESSAGE][PASSED] - Object: 'Object Repository/Final Object Repo/Page_Form 3 EIS - Cessation as Employer/Change Employer Status to' is clicked on

2018-12-17 16:52:52 - [TEST_STEP][PASSED] - click: Object: 'Object Repository/Final Object Repo/Page_Form 3 EIS - Cessation as Employer/Dormant EIS' is clicked on

2018-12-17 16:52:52 - [MESSAGE][PASSED] - Object: 'Object Repository/Final Object Repo/Page_Form 3 EIS - Cessation as Employer/Dormant EIS' is clicked on

2018-12-17 16:52:52 - [TEST_STEP][PASSED] - click: Object: 'Object Repository/Final Object Repo/Page_Form 3 EIS - Cessation as Employer/Calender' is clicked on

2018-12-17 16:52:52 - [MESSAGE][PASSED] - Object: 'Object Repository/Final Object Repo/Page_Form 3 EIS - Cessation as Employer/Calender' is clicked on

2018-12-17 16:52:52 - [TEST_STEP][PASSED] - delay: Delayed 1 second(s)

2018-12-17 16:52:53 - [MESSAGE][PASSED] - Delayed 1 second(s)

2018-12-17 16:52:53 - [TEST_STEP][PASSED] - click: Object: 'Object Repository/Final Object Repo/Page_Form 3 EIS - Cessation as Employer/Calender - Date' is clicked on

2018-12-17 16:52:54 - [MESSAGE][PASSED] - Object: 'Object Repository/Final Object Repo/Page_Form 3 EIS - Cessation as Employer/Calender - Date' is clicked on

2018-12-17 16:52:54 - [TEST_STEP][PASSED] - click: Object: 'Object Repository/Final Object Repo/Page_Form 3 EIS - Cessation as Employer/Save  Continue in Form 3 EIS Page' is clicked on

2018-12-17 16:52:54 - [MESSAGE][PASSED] - Object: 'Object Repository/Final Object Repo/Page_Form 3 EIS - Cessation as Employer/Save  Continue in Form 3 EIS Page' is clicked on

2018-12-17 16:52:54 - [TEST_STEP][PASSED] - delay: Delayed 1 second(s)

2018-12-17 16:52:55 - [MESSAGE][PASSED] - Delayed 1 second(s)

2018-12-17 16:52:55 - [TEST_STEP][PASSED] - click: Object: 'Object Repository/Final Object Repo/Page_Form 3 EIS - Cessation as Employer/Employment Resign Date' is clicked on

2018-12-17 16:52:56 - [MESSAGE][PASSED] - Object: 'Object Repository/Final Object Repo/Page_Form 3 EIS - Cessation as Employer/Employment Resign Date' is clicked on

2018-12-17 16:52:56 - [TEST_STEP][PASSED] - selectOptionByValue: All options with value '2030' are selected in object 'Object Repository/Final Object Repo/Page_Form 3 EIS - Cessation as Employer/Employment Resign Date - Year' 

2018-12-17 16:52:56 - [MESSAGE][PASSED] - All options with value '2030' are selected in object 'Object Repository/Final Object Repo/Page_Form 3 EIS - Cessation as Employer/Employment Resign Date - Year' 

2018-12-17 16:52:56 - [TEST_STEP][PASSED] - delay: Delayed 2 second(s)

2018-12-17 16:52:58 - [MESSAGE][PASSED] - Delayed 2 second(s)

2018-12-17 16:52:58 - [TEST_STEP][PASSED] - click: Object: 'Object Repository/Final Object Repo/Page_Form 3 EIS - Cessation as Employer/Employment Resign Date - Year - Date' is clicked on

2018-12-17 16:52:58 - [MESSAGE][PASSED] - Object: 'Object Repository/Final Object Repo/Page_Form 3 EIS - Cessation as Employer/Employment Resign Date - Year - Date' is clicked on

2018-12-17 16:52:58 - [TEST_STEP][PASSED] - delay: Delayed 2 second(s)

2018-12-17 16:53:00 - [MESSAGE][PASSED] - Delayed 2 second(s)

2018-12-17 16:53:00 - [TEST_STEP][PASSED] - click: Object: 'Object Repository/Final Object Repo/Page_Form 3 EIS - Cessation as Employer/Save  Continue in Employment Resign Page' is clicked on

2018-12-17 16:53:00 - [MESSAGE][PASSED] - Object: 'Object Repository/Final Object Repo/Page_Form 3 EIS - Cessation as Employer/Save  Continue in Employment Resign Page' is clicked on

2018-12-17 16:53:00 - [TEST_STEP][PASSED] - delay: Delayed 2 second(s)

2018-12-17 16:53:02 - [MESSAGE][PASSED] - Delayed 2 second(s)

2018-12-17 16:53:02 - [TEST_STEP][PASSED] - click: Object: 'Object Repository/Final Object Repo/Page_Form 3 EIS - Cessation as Employer/Set Latest - Yes' is clicked on

2018-12-17 16:53:02 - [MESSAGE][PASSED] - Object: 'Object Repository/Final Object Repo/Page_Form 3 EIS - Cessation as Employer/Set Latest - Yes' is clicked on

2018-12-17 16:53:02 - [TEST_STEP][PASSED] - delay: Delayed 2 second(s)

2018-12-17 16:53:04 - [MESSAGE][PASSED] - Delayed 2 second(s)

2018-12-17 16:53:04 - [TEST_STEP][PASSED] - click: Object: 'Object Repository/Final Object Repo/Page_Form 3 EIS - Cessation as Employer/Add Document' is clicked on

2018-12-17 16:53:06 - [MESSAGE][PASSED] - Object: 'Object Repository/Final Object Repo/Page_Form 3 EIS - Cessation as Employer/Add Document' is clicked on

2018-12-17 16:53:06 - [TEST_STEP][PASSED] - delay: Delayed 3 second(s)

2018-12-17 16:53:09 - [MESSAGE][PASSED] - Delayed 3 second(s)

2018-12-17 16:53:09 - [TEST_STEP][PASSED] - click: Object: 'Object Repository/Final Object Repo/Page_Form 3 EIS - Cessation as Employer/Document Type' is clicked on

2018-12-17 16:53:09 - [MESSAGE][PASSED] - Object: 'Object Repository/Final Object Repo/Page_Form 3 EIS - Cessation as Employer/Document Type' is clicked on

2018-12-17 16:53:09 - [TEST_STEP][PASSED] - click: Object: 'Object Repository/Final Object Repo/Page_Form 3 EIS - Cessation as Employer/Document Type - Form 3' is clicked on

2018-12-17 16:53:09 - [MESSAGE][PASSED] - Object: 'Object Repository/Final Object Repo/Page_Form 3 EIS - Cessation as Employer/Document Type - Form 3' is clicked on

2018-12-17 16:53:09 - [TEST_STEP][PASSED] - delay: Delayed 2 second(s)

2018-12-17 16:53:11 - [MESSAGE][PASSED] - Delayed 2 second(s)

2018-12-17 16:53:11 - [TEST_STEP][PASSED] - sendKeys: Keys 'C:\Users\Public\Pictures\Sample Pictures\Koala.jpg' sent to object: 'Object Repository/Final Object Repo/Page_Form 3 EIS - Cessation as Employer/ploading File'

2018-12-17 16:53:11 - [MESSAGE][PASSED] - Keys 'C:\Users\Public\Pictures\Sample Pictures\Koala.jpg' sent to object: 'Object Repository/Final Object Repo/Page_Form 3 EIS - Cessation as Employer/ploading File'

2018-12-17 16:53:11 - [TEST_STEP][PASSED] - delay: Delayed 1 second(s)

2018-12-17 16:53:12 - [MESSAGE][PASSED] - Delayed 1 second(s)

2018-12-17 16:53:12 - [TEST_STEP][PASSED] - click: Object: 'Object Repository/Final Object Repo/Page_Form 3 EIS - Cessation as Employer/Add Document in Uploading Page' is clicked on

2018-12-17 16:53:12 - [MESSAGE][PASSED] - Object: 'Object Repository/Final Object Repo/Page_Form 3 EIS - Cessation as Employer/Add Document in Uploading Page' is clicked on

2018-12-17 16:53:12 - [TEST_STEP][PASSED] - delay: Delayed 2 second(s)

2018-12-17 16:53:14 - [MESSAGE][PASSED] - Delayed 2 second(s)

2018-12-17 16:53:14 - [TEST_STEP][PASSED] - Statement - CaseReferenceNo = com.kms.katalon.core.webui.keyword.WebUiBuiltInKeywords.getText(com.kms.katalon.core.testobject.ObjectRepository.findTestObject(Final Object Repo/Page_Update Employer Information/Reference Number in Update Employee Information Page)): Text of object 'Object Repository/Final Object Repo/Page_Update Employer Information/Reference Number in Update Employee Information Page' is: 'ERN122018C200002485'

2018-12-17 16:53:16 - [MESSAGE][PASSED] - Text of object 'Object Repository/Final Object Repo/Page_Update Employer Information/Reference Number in Update Employee Information Page' is: 'ERN122018C200002485'

2018-12-17 16:53:16 - [TEST_STEP][PASSED] - callTestCase: Call Test Case 'Test Cases/Final Aug 2018 - PKS Automation/Common/Reference Number Setter' successfully

2018-12-17 16:53:16 - [TEST_CASE][PASSED] - Test Cases/Final Aug 2018 - PKS Automation/Common/Reference Number Setter: Test Cases/Final Aug 2018 - PKS Automation/Common/Reference Number Setter

2018-12-17 16:53:16 - [TEST_STEP][PASSED] - Statement - RefNoOldFile = new java.io.File(C://Users//Admin//Desktop//PKS//Automation Reference Point//KatalonReference.txt): null

2018-12-17 16:53:16 - [TEST_STEP][PASSED] - Statement - RefNoOldFile.delete(): null

2018-12-17 16:53:16 - [TEST_STEP][PASSED] - delay: Delayed 5 second(s)

2018-12-17 16:53:21 - [MESSAGE][PASSED] - Delayed 5 second(s)

2018-12-17 16:53:21 - [TEST_STEP][PASSED] - Statement - RefNo = new java.io.File(C://Users//Admin//Desktop//PKS//Automation Reference Point//KatalonReference.txt): null

2018-12-17 16:53:21 - [TEST_STEP][PASSED] - Statement - f2 = new java.io.FileWriter(RefNo, false): null

2018-12-17 16:53:21 - [TEST_STEP][PASSED] - Statement - f2.write(CaseReferenceNo): null

2018-12-17 16:53:21 - [TEST_STEP][PASSED] - Statement - f2.close(): null

2018-12-17 16:53:21 - [TEST_STEP][PASSED] - Statement - out.println("


" + CaseReferenceNo + "


"): null

2018-12-17 16:53:21 - [MESSAGE][PASSED] - Call Test Case 'Test Cases/Final Aug 2018 - PKS Automation/Common/Reference Number Setter' successfully

2018-12-17 16:53:21 - [TEST_STEP][PASSED] - delay: Delayed 2 second(s)

2018-12-17 16:53:23 - [MESSAGE][PASSED] - Delayed 2 second(s)

2018-12-17 16:53:23 - [TEST_STEP][PASSED] - click: Object: 'Object Repository/Final Object Repo/Page_Form 3 EIS - Cessation as Employer/Save  Continue in Uploading Page' is clicked on

2018-12-17 16:53:23 - [MESSAGE][PASSED] - Object: 'Object Repository/Final Object Repo/Page_Form 3 EIS - Cessation as Employer/Save  Continue in Uploading Page' is clicked on

2018-12-17 16:53:23 - [TEST_STEP][PASSED] - delay: Delayed 2 second(s)

2018-12-17 16:53:25 - [MESSAGE][PASSED] - Delayed 2 second(s)

2018-12-17 16:53:25 - [TEST_STEP][PASSED] - click: Object: 'Object Repository/Final Object Repo/Page_Form 3 EIS - Cessation as Employer/Submit' is clicked on

2018-12-17 16:53:28 - [MESSAGE][PASSED] - Object: 'Object Repository/Final Object Repo/Page_Form 3 EIS - Cessation as Employer/Submit' is clicked on

2018-12-17 16:53:28 - [TEST_STEP][PASSED] - delay: Delayed 2 second(s)

2018-12-17 16:53:30 - [MESSAGE][PASSED] - Delayed 2 second(s)

2018-12-17 16:53:30 - [TEST_STEP][PASSED] - click: Object: 'Object Repository/Final Object Repo/Page_Form 3 EIS - Cessation as Employer/Confirm' is clicked on

2018-12-17 16:53:30 - [MESSAGE][PASSED] - Object: 'Object Repository/Final Object Repo/Page_Form 3 EIS - Cessation as Employer/Confirm' is clicked on

2018-12-17 16:53:30 - [TEST_STEP][PASSED] - delay: Delayed 2 second(s)

2018-12-17 16:53:32 - [MESSAGE][PASSED] - Delayed 2 second(s)

2018-12-17 16:53:32 - [TEST_STEP][PASSED] - click: Object: 'Object Repository/Final Object Repo/Page_Form 3 EIS - Cessation as Employer/Message Your Request will be routed to UO' is clicked on

2018-12-17 16:53:36 - [MESSAGE][PASSED] - Object: 'Object Repository/Final Object Repo/Page_Form 3 EIS - Cessation as Employer/Message Your Request will be routed to UO' is clicked on

2018-12-17 16:53:36 - [TEST_STEP][PASSED] - click: Object: 'Object Repository/Final Object Repo/Page_Form 3 EIS - Cessation as Employer/Letter of acknowledgement' is clicked on

2018-12-17 16:53:37 - [MESSAGE][PASSED] - Object: 'Object Repository/Final Object Repo/Page_Form 3 EIS - Cessation as Employer/Letter of acknowledgement' is clicked on

2018-12-17 16:53:37 - [MESSAGE][PASSED] - Call Test Case 'Test Cases/Final Aug 2018 - PKS Automation/Registration Module/Workflow/Form 3 EIS - Cessation As Employer/Template/Form 3 A - Cessation As Employer (OTC)' successfully

2018-12-17 16:53:37 - [TEST_STEP][PASSED] - callTestCase: Call Test Case 'Test Cases/Final Aug 2018 - PKS Automation/Registration Module/Workflow/Form 3 EIS - Cessation As Employer/Template/Form 3 A - Cessation As Employer (Query)' successfully

2018-12-17 16:53:37 - [TEST_CASE][PASSED] - Test Cases/Final Aug 2018 - PKS Automation/Registration Module/Workflow/Form 3 EIS - Cessation As Employer/Template/Form 3 A - Cessation As Employer (Query): Test Cases/Final Aug 2018 - PKS Automation/Registration Module/Workflow/Form 3 EIS - Cessation As Employer/Template/Form 3 A - Cessation As Employer (Query)

2018-12-17 16:53:37 - [TEST_STEP][NOT_RUN] - callTestCase: NOT_RUN: callTestCase

2018-12-17 16:53:37 - [MESSAGE][NOT_RUN] - NOT_RUN: callTestCase

2018-12-17 16:53:37 - [TEST_STEP][PASSED] - delay: Delayed 1 second(s)

2018-12-17 16:53:38 - [MESSAGE][PASSED] - Delayed 1 second(s)

2018-12-17 16:53:38 - [TEST_STEP][PASSED] - navigateToUrl: Navigate to 'https://assist2-uat.perkeso.gov.my/c/portal/logout' successfully

2018-12-17 16:53:39 - [MESSAGE][PASSED] - Navigate to 'https://assist2-uat.perkeso.gov.my/c/portal/logout' successfully

2018-12-17 16:53:39 - [TEST_STEP][PASSED] - delay: Delayed 1 second(s)

2018-12-17 16:53:40 - [MESSAGE][PASSED] - Delayed 1 second(s)

2018-12-17 16:53:40 - [TEST_STEP][PASSED] - callTestCase: Call Test Case 'Test Cases/Final Aug 2018 - PKS Automation/Common/Reference Number Getter' successfully

2018-12-17 16:53:40 - [TEST_CASE][PASSED] - Test Cases/Final Aug 2018 - PKS Automation/Common/Reference Number Getter: Test Cases/Final Aug 2018 - PKS Automation/Common/Reference Number Getter

2018-12-17 16:53:40 - [TEST_STEP][PASSED] - Statement - Try: null

2018-12-17 16:53:40 - [TEST_STEP][PASSED] - Statement - RefNo = new java.io.File(C://Users//Admin//Desktop//PKS//Automation Reference Point//KatalonReference.txt): null

2018-12-17 16:53:40 - [TEST_STEP][PASSED] - Statement - bufferread = new java.io.BufferedReader(new java.io.FileReader(RefNo)): null

2018-12-17 16:53:40 - [TEST_STEP][PASSED] - Statement - readedVal = bufferread.readLine(): null

2018-12-17 16:53:40 - [TEST_STEP][PASSED] - Statement - out.println(CaseReferenceNo): null

2018-12-17 16:53:40 - [TEST_STEP][PASSED] - Statement - out.println(readedVal): null

2018-12-17 16:53:40 - [TEST_STEP][PASSED] - Statement - CaseReferenceNo = "": null

2018-12-17 16:53:40 - [TEST_STEP][PASSED] - Statement - CaseReferenceNo = readedVal: null

2018-12-17 16:53:40 - [MESSAGE][PASSED] - Call Test Case 'Test Cases/Final Aug 2018 - PKS Automation/Common/Reference Number Getter' successfully

2018-12-17 16:53:40 - [TEST_STEP][PASSED] - callTestCase: Call Test Case 'Test Cases/Final Aug 2018 - PKS Automation/Common/Workflow Owner Finder' successfully

2018-12-17 16:53:40 - [TEST_CASE][PASSED] - Test Cases/Final Aug 2018 - PKS Automation/Common/Workflow Owner Finder: Test Cases/Final Aug 2018 - PKS Automation/Common/Workflow Owner Finder

2018-12-17 16:53:40 - [TEST_STEP][PASSED] - openBrowser: Browser is opened with url: ''

2018-12-17 16:53:40 - [MESSAGE][WARNING] - A browser is already opened. Closing browser and opening a new one

2018-12-17 16:53:43 - [MESSAGE][PASSED] - Browser is opened with url: ''

2018-12-17 16:53:43 - [TEST_STEP][PASSED] - navigateToUrl: Navigate to 'https://assist2-uat.perkeso.gov.my/login' successfully

2018-12-17 16:53:44 - [MESSAGE][PASSED] - Navigate to 'https://assist2-uat.perkeso.gov.my/login' successfully

2018-12-17 16:53:44 - [TEST_STEP][PASSED] - delay: Delayed 5 second(s)

2018-12-17 16:53:49 - [MESSAGE][PASSED] - Delayed 5 second(s)

2018-12-17 16:53:49 - [TEST_STEP][PASSED] - setText: Text 'test@liferay.com' is set on object 'Object Repository/Final Object Repo/Login Page/Internal User/Email Address'

2018-12-17 16:53:49 - [MESSAGE][PASSED] - Text 'test@liferay.com' is set on object 'Object Repository/Final Object Repo/Login Page/Internal User/Email Address'

2018-12-17 16:53:49 - [TEST_STEP][PASSED] - click: Object: 'Object Repository/Final Object Repo/Login Page/Internal User/Next Button' is clicked on

2018-12-17 16:53:50 - [MESSAGE][PASSED] - Object: 'Object Repository/Final Object Repo/Login Page/Internal User/Next Button' is clicked on

2018-12-17 16:53:50 - [TEST_STEP][PASSED] - delay: Delayed 2 second(s)

2018-12-17 16:53:52 - [MESSAGE][PASSED] - Delayed 2 second(s)

2018-12-17 16:53:52 - [TEST_STEP][PASSED] - setText: Text 'test' is set on object 'Object Repository/Final Object Repo/Login Page/Internal User/Password'

2018-12-17 16:53:52 - [MESSAGE][PASSED] - Text 'test' is set on object 'Object Repository/Final Object Repo/Login Page/Internal User/Password'

2018-12-17 16:53:52 - [TEST_STEP][PASSED] - delay: Delayed 2 second(s)

2018-12-17 16:53:54 - [MESSAGE][PASSED] - Delayed 2 second(s)

2018-12-17 16:53:54 - [TEST_STEP][PASSED] - click: Object: 'Object Repository/Final Object Repo/Login Page/Internal User/Login Button' is clicked on

2018-12-17 16:53:54 - [MESSAGE][PASSED] - Object: 'Object Repository/Final Object Repo/Login Page/Internal User/Login Button' is clicked on

2018-12-17 16:53:54 - [TEST_STEP][PASSED] - Statement - tester = com.kms.katalon.core.testobject.ObjectRepository.findTestObject(Final Object Repo/Landing Page/Select to English): Finding Test Object with id 'Object Repository/Final Object Repo/Landing Page/Select to English'

2018-12-17 16:53:54 - [TEST_STEP][PASSED] - Statement - Try: Delayed 2 second(s)

2018-12-17 16:53:54 - [TEST_STEP][PASSED] - Statement - Checker = com.kms.katalon.core.webui.keyword.WebUiBuiltInKeywords.verifyElementNotPresent(tester, 3): Web element with id: 'Object Repository/Final Object Repo/Landing Page/Select to English' located by 'By.xpath: //a[@class = 'taglib-language-list-text' and @lang = 'en-US' and (contains(text(), 'EN') or contains(., 'EN'))]' is not present after '3' second(s)

2018-12-17 16:53:56 - [MESSAGE][PASSED] - Web element with id: 'Object Repository/Final Object Repo/Landing Page/Select to English' located by 'By.xpath: //a[@class = 'taglib-language-list-text' and @lang = 'en-US' and (contains(text(), 'EN') or contains(., 'EN'))]' is not present after '3' second(s)

2018-12-17 16:53:56 - [TEST_STEP][PASSED] - Statement - If (Checker == false): null

2018-12-17 16:53:56 - [TEST_STEP][PASSED] - delay: Delayed 2 second(s)

2018-12-17 16:53:58 - [MESSAGE][PASSED] - Delayed 2 second(s)

2018-12-17 16:53:58 - [TEST_STEP][PASSED] - delay: Delayed 5 second(s)

2018-12-17 16:54:03 - [MESSAGE][PASSED] - Delayed 5 second(s)

2018-12-17 16:54:03 - [TEST_STEP][PASSED] - mouseOver: Object: 'Object Repository/Final Object Repo/Landing Page/WorkFlow Menu' is hovered

2018-12-17 16:54:03 - [MESSAGE][PASSED] - Object: 'Object Repository/Final Object Repo/Landing Page/WorkFlow Menu' is hovered

2018-12-17 16:54:03 - [TEST_STEP][PASSED] - delay: Delayed 2 second(s)

2018-12-17 16:54:05 - [MESSAGE][PASSED] - Delayed 2 second(s)

2018-12-17 16:54:05 - [TEST_STEP][PASSED] - click: Object: 'Object Repository/Final Object Repo/Landing Page/Select to Workflow Listing' is clicked on

2018-12-17 16:54:06 - [MESSAGE][PASSED] - Object: 'Object Repository/Final Object Repo/Landing Page/Select to Workflow Listing' is clicked on

2018-12-17 16:54:06 - [TEST_STEP][PASSED] - delay: Delayed 2 second(s)

2018-12-17 16:54:08 - [MESSAGE][PASSED] - Delayed 2 second(s)

2018-12-17 16:54:08 - [TEST_STEP][PASSED] - click: Object: 'Object Repository/Final Object Repo/WorkFlow Listing Page/Search Information - To Put Ref No' is clicked on

2018-12-17 16:54:08 - [MESSAGE][PASSED] - Object: 'Object Repository/Final Object Repo/WorkFlow Listing Page/Search Information - To Put Ref No' is clicked on

2018-12-17 16:54:08 - [TEST_STEP][PASSED] - delay: Delayed 2 second(s)

2018-12-17 16:54:10 - [MESSAGE][PASSED] - Delayed 2 second(s)

2018-12-17 16:54:10 - [TEST_STEP][PASSED] - callTestCase: Call Test Case 'Test Cases/Final Aug 2018 - PKS Automation/Common/Reference Number Getter' successfully

2018-12-17 16:54:10 - [TEST_CASE][PASSED] - Test Cases/Final Aug 2018 - PKS Automation/Common/Reference Number Getter: Test Cases/Final Aug 2018 - PKS Automation/Common/Reference Number Getter

2018-12-17 16:54:10 - [TEST_STEP][PASSED] - Statement - Try: null

2018-12-17 16:54:10 - [TEST_STEP][PASSED] - Statement - RefNo = new java.io.File(C://Users//Admin//Desktop//PKS//Automation Reference Point//KatalonReference.txt): null

2018-12-17 16:54:10 - [TEST_STEP][PASSED] - Statement - bufferread = new java.io.BufferedReader(new java.io.FileReader(RefNo)): null

2018-12-17 16:54:10 - [TEST_STEP][PASSED] - Statement - readedVal = bufferread.readLine(): null

2018-12-17 16:54:10 - [TEST_STEP][PASSED] - Statement - out.println(CaseReferenceNo): null

2018-12-17 16:54:10 - [TEST_STEP][PASSED] - Statement - out.println(readedVal): null

2018-12-17 16:54:10 - [TEST_STEP][PASSED] - Statement - CaseReferenceNo = "": null

2018-12-17 16:54:10 - [TEST_STEP][PASSED] - Statement - CaseReferenceNo = readedVal: null

2018-12-17 16:54:10 - [MESSAGE][PASSED] - Call Test Case 'Test Cases/Final Aug 2018 - PKS Automation/Common/Reference Number Getter' successfully

2018-12-17 16:54:10 - [TEST_STEP][PASSED] - setText: Text 'ERN122018C200002485' is set on object 'Object Repository/Final Object Repo/WorkFlow Listing Page/Ref No Set Text'

2018-12-17 16:54:11 - [MESSAGE][PASSED] - Text 'ERN122018C200002485' is set on object 'Object Repository/Final Object Repo/WorkFlow Listing Page/Ref No Set Text'

2018-12-17 16:54:11 - [TEST_STEP][PASSED] - delay: Delayed 2 second(s)

2018-12-17 16:54:13 - [MESSAGE][PASSED] - Delayed 2 second(s)

2018-12-17 16:54:13 - [TEST_STEP][PASSED] - click: Object: 'Object Repository/Final Object Repo/WorkFlow Listing Page/Search Ref No Search Button' is clicked on

2018-12-17 16:54:13 - [MESSAGE][PASSED] - Object: 'Object Repository/Final Object Repo/WorkFlow Listing Page/Search Ref No Search Button' is clicked on

2018-12-17 16:54:13 - [TEST_STEP][PASSED] - delay: Delayed 6 second(s)

2018-12-17 16:54:19 - [MESSAGE][PASSED] - Delayed 6 second(s)

2018-12-17 16:54:19 - [TEST_STEP][PASSED] - click: Object: 'Object Repository/Final Object Repo/WorkFlow Listing Page/Click Continue Tooltip' is clicked on

2018-12-17 16:54:20 - [MESSAGE][PASSED] - Object: 'Object Repository/Final Object Repo/WorkFlow Listing Page/Click Continue Tooltip' is clicked on

2018-12-17 16:54:20 - [TEST_STEP][PASSED] - delay: Delayed 5 second(s)

2018-12-17 16:54:25 - [MESSAGE][PASSED] - Delayed 5 second(s)

2018-12-17 16:54:25 - [TEST_STEP][PASSED] - doubleClick: Object: 'Object Repository/Final Object Repo/WorkFlow Listing Page/Workflow Found - Listing 1' is double clicked on

2018-12-17 16:54:25 - [MESSAGE][PASSED] - Object: 'Object Repository/Final Object Repo/WorkFlow Listing Page/Workflow Found - Listing 1' is double clicked on

2018-12-17 16:54:25 - [TEST_STEP][PASSED] - Statement - println(OwnerID): null

2018-12-17 16:54:25 - [TEST_STEP][PASSED] - Statement - OwnerID = com.kms.katalon.core.webui.keyword.WebUiBuiltInKeywords.getText(com.kms.katalon.core.testobject.ObjectRepository.findTestObject(Final Object Repo/WorkFlow Listing Page/Workflow Found - Listing 1), STOP_ON_FAILURE): Text of object 'Object Repository/Final Object Repo/WorkFlow Listing Page/Workflow Found - Listing 1' is: 'JOHORuo3'

2018-12-17 16:54:25 - [MESSAGE][PASSED] - Text of object 'Object Repository/Final Object Repo/WorkFlow Listing Page/Workflow Found - Listing 1' is: 'JOHORuo3'

2018-12-17 16:54:25 - [TEST_STEP][PASSED] - Statement - OwnerID = OwnerID.toLowerCase() + "@gmail.com": null

2018-12-17 16:54:25 - [TEST_STEP][PASSED] - Statement - println(OwnerID): null

2018-12-17 16:54:25 - [TEST_STEP][PASSED] - delay: Delayed 2 second(s)

2018-12-17 16:54:27 - [MESSAGE][PASSED] - Delayed 2 second(s)

2018-12-17 16:54:27 - [MESSAGE][PASSED] - Call Test Case 'Test Cases/Final Aug 2018 - PKS Automation/Common/Workflow Owner Finder' successfully

2018-12-17 16:54:27 - [TEST_STEP][PASSED] - delay: Delayed 1 second(s)

2018-12-17 16:54:28 - [MESSAGE][PASSED] - Delayed 1 second(s)

2018-12-17 16:54:28 - [TEST_STEP][PASSED] - navigateToUrl: Navigate to 'https://assist2-uat.perkeso.gov.my/c/portal/logout' successfully

2018-12-17 16:54:29 - [MESSAGE][PASSED] - Navigate to 'https://assist2-uat.perkeso.gov.my/c/portal/logout' successfully

2018-12-17 16:54:29 - [TEST_STEP][PASSED] - delay: Delayed 1 second(s)

2018-12-17 16:54:30 - [MESSAGE][PASSED] - Delayed 1 second(s)

2018-12-17 16:54:30 - [TEST_STEP][PASSED] - callTestCase: Call Test Case 'Test Cases/Final Aug 2018 - PKS Automation/Registration Module/Workflow/Login and Search Case For Workflow' successfully

2018-12-17 16:54:30 - [TEST_CASE][PASSED] - Test Cases/Final Aug 2018 - PKS Automation/Registration Module/Workflow/Login and Search Case For Workflow: Test Cases/Final Aug 2018 - PKS Automation/Registration Module/Workflow/Login and Search Case For Workflow

2018-12-17 16:54:30 - [TEST_STEP][PASSED] - navigateToUrl: Navigate to 'https://assist2-uat.perkeso.gov.my/login' successfully

2018-12-17 16:54:31 - [MESSAGE][PASSED] - Navigate to 'https://assist2-uat.perkeso.gov.my/login' successfully

2018-12-17 16:54:31 - [TEST_STEP][PASSED] - setText: Text 'johoruo3@gmail.com' is set on object 'Object Repository/Final Object Repo/Login Page/Internal User/Email Address'

2018-12-17 16:54:31 - [MESSAGE][PASSED] - Text 'johoruo3@gmail.com' is set on object 'Object Repository/Final Object Repo/Login Page/Internal User/Email Address'

2018-12-17 16:54:31 - [TEST_STEP][PASSED] - click: Object: 'Object Repository/Final Object Repo/Login Page/Internal User/Next Button' is clicked on

2018-12-17 16:54:31 - [MESSAGE][PASSED] - Object: 'Object Repository/Final Object Repo/Login Page/Internal User/Next Button' is clicked on

2018-12-17 16:54:31 - [TEST_STEP][PASSED] - delay: Delayed 1 second(s)

2018-12-17 16:54:32 - [MESSAGE][PASSED] - Delayed 1 second(s)

2018-12-17 16:54:32 - [TEST_STEP][PASSED] - setEncryptedText: Text ****** has been set on object 'Object Repository/Final Object Repo/Login Page/Internal User/Password'

2018-12-17 16:54:33 - [MESSAGE][PASSED] - Text ****** has been set on object 'Object Repository/Final Object Repo/Login Page/Internal User/Password'

2018-12-17 16:54:33 - [TEST_STEP][PASSED] - click: Object: 'Object Repository/Final Object Repo/Login Page/Internal User/Login Button' is clicked on

2018-12-17 16:54:33 - [MESSAGE][PASSED] - Object: 'Object Repository/Final Object Repo/Login Page/Internal User/Login Button' is clicked on

2018-12-17 16:54:33 - [TEST_STEP][PASSED] - delay: Delayed 2 second(s)

2018-12-17 16:54:35 - [MESSAGE][PASSED] - Delayed 2 second(s)

2018-12-17 16:54:35 - [TEST_STEP][PASSED] - Statement - Try: Delayed 2 second(s)

2018-12-17 16:54:35 - [TEST_STEP][PASSED] - Statement - Checker = false: null

2018-12-17 16:54:35 - [TEST_STEP][PASSED] - Statement - Checker = com.kms.katalon.core.webui.keyword.WebUiBuiltInKeywords.verifyElementHasAttribute(com.kms.katalon.core.testobject.ObjectRepository.findTestObject(Final Object Repo/Landing Page/BM Detecting), "href", 20, OPTIONAL): Object 'Object Repository/Final Object Repo/Landing Page/BM Detecting' has attribute 'href'

2018-12-17 16:54:35 - [MESSAGE][PASSED] - Object 'Object Repository/Final Object Repo/Landing Page/BM Detecting' has attribute 'href'

2018-12-17 16:54:35 - [TEST_STEP][PASSED] - Statement - out.println(Checker): null

2018-12-17 16:54:35 - [TEST_STEP][PASSED] - Statement - If (Checker == false): null

2018-12-17 16:54:35 - [TEST_STEP][PASSED] - Statement - Else: null

2018-12-17 16:54:35 - [TEST_STEP][PASSED] - delay: Delayed 2 second(s)

2018-12-17 16:54:37 - [MESSAGE][PASSED] - Delayed 2 second(s)

2018-12-17 16:54:37 - [TEST_STEP][PASSED] - click: Object: 'Object Repository/Final Object Repo/Page_MyASSIST - ASSIST - Search Pending Case For Add Supporting Document/Search Information' is clicked on

2018-12-17 16:54:37 - [MESSAGE][PASSED] - Object: 'Object Repository/Final Object Repo/Page_MyASSIST - ASSIST - Search Pending Case For Add Supporting Document/Search Information' is clicked on

2018-12-17 16:54:37 - [TEST_STEP][PASSED] - delay: Delayed 3 second(s)

2018-12-17 16:54:40 - [MESSAGE][PASSED] - Delayed 3 second(s)

2018-12-17 16:54:40 - [TEST_STEP][PASSED] - sendKeys: Keys 'ERN122018C200002485' sent to object: 'Object Repository/Final Object Repo/Page_MyASSIST - ASSIST - Search Pending Case For Add Supporting Document/Reference No'

2018-12-17 16:54:40 - [MESSAGE][PASSED] - Keys 'ERN122018C200002485' sent to object: 'Object Repository/Final Object Repo/Page_MyASSIST - ASSIST - Search Pending Case For Add Supporting Document/Reference No'

2018-12-17 16:54:40 - [TEST_STEP][PASSED] - click: Object: 'Object Repository/Final Object Repo/Page_MyASSIST - ASSIST - Search Pending Case For Add Supporting Document/Search Reference No' is clicked on

2018-12-17 16:54:41 - [MESSAGE][PASSED] - Object: 'Object Repository/Final Object Repo/Page_MyASSIST - ASSIST - Search Pending Case For Add Supporting Document/Search Reference No' is clicked on

2018-12-17 16:54:41 - [TEST_STEP][PASSED] - delay: Delayed 2 second(s)

2018-12-17 16:54:43 - [MESSAGE][PASSED] - Delayed 2 second(s)

2018-12-17 16:54:43 - [TEST_STEP][PASSED] - click: Object: 'Object Repository/Final Object Repo/Page_MyASSIST - ASSIST - Search Pending Case For Add Supporting Document/Continue' is clicked on

2018-12-17 16:54:45 - [MESSAGE][PASSED] - Object: 'Object Repository/Final Object Repo/Page_MyASSIST - ASSIST - Search Pending Case For Add Supporting Document/Continue' is clicked on

2018-12-17 16:54:45 - [TEST_STEP][PASSED] - delay: Delayed 20 second(s)

2018-12-17 16:55:05 - [MESSAGE][PASSED] - Delayed 20 second(s)

2018-12-17 16:55:05 - [MESSAGE][PASSED] - Call Test Case 'Test Cases/Final Aug 2018 - PKS Automation/Registration Module/Workflow/Login and Search Case For Workflow' successfully

2018-12-17 16:55:05 - [TEST_STEP][PASSED] - click: Object: 'Object Repository/Final Object Repo/Page_Form 3 EIS - Cessation as Employer/Page_Form 3 EIS - Cessation as Employer (Approve)/Save  Continue in Form 3 Page' is clicked on

2018-12-17 16:55:06 - [MESSAGE][PASSED] - Object: 'Object Repository/Final Object Repo/Page_Form 3 EIS - Cessation as Employer/Page_Form 3 EIS - Cessation as Employer (Approve)/Save  Continue in Form 3 Page' is clicked on

2018-12-17 16:55:06 - [TEST_STEP][PASSED] - delay: Delayed 4 second(s)

2018-12-17 16:55:10 - [MESSAGE][PASSED] - Delayed 4 second(s)

2018-12-17 16:55:10 - [TEST_STEP][PASSED] - click: Object: 'Object Repository/Final Object Repo/Page_Form 3 EIS - Cessation as Employer/Page_Form 3 EIS - Cessation as Employer (Approve)/Save  Continue in Resigned Page' is clicked on

2018-12-17 16:55:10 - [MESSAGE][PASSED] - Object: 'Object Repository/Final Object Repo/Page_Form 3 EIS - Cessation as Employer/Page_Form 3 EIS - Cessation as Employer (Approve)/Save  Continue in Resigned Page' is clicked on

2018-12-17 16:55:10 - [TEST_STEP][PASSED] - delay: Delayed 2 second(s)

2018-12-17 16:55:12 - [MESSAGE][PASSED] - Delayed 2 second(s)

2018-12-17 16:55:12 - [TEST_STEP][PASSED] - setText: Text 'Remark' is set on object 'Object Repository/Final Object Repo/Page_Form 3 EIS - Cessation as Employer/Page_Form 3 EIS - Cessation as Employer (Query)/Query - Remark'

2018-12-17 16:55:13 - [MESSAGE][PASSED] - Text 'Remark' is set on object 'Object Repository/Final Object Repo/Page_Form 3 EIS - Cessation as Employer/Page_Form 3 EIS - Cessation as Employer (Query)/Query - Remark'

2018-12-17 16:55:13 - [TEST_STEP][PASSED] - delay: Delayed 2 second(s)

2018-12-17 16:55:15 - [MESSAGE][PASSED] - Delayed 2 second(s)

2018-12-17 16:55:15 - [TEST_STEP][PASSED] - click: Object: 'Object Repository/Final Object Repo/Page_Form 3 EIS - Cessation as Employer/Page_Form 3 EIS - Cessation as Employer (Query)/Save  Continue' is clicked on

2018-12-17 16:55:16 - [MESSAGE][PASSED] - Object: 'Object Repository/Final Object Repo/Page_Form 3 EIS - Cessation as Employer/Page_Form 3 EIS - Cessation as Employer (Query)/Save  Continue' is clicked on

2018-12-17 16:55:16 - [TEST_STEP][PASSED] - delay: Delayed 2 second(s)

2018-12-17 16:55:18 - [MESSAGE][PASSED] - Delayed 2 second(s)

2018-12-17 16:55:18 - [TEST_STEP][PASSED] - click: Object: 'Object Repository/Final Object Repo/Page_Form 3 EIS - Cessation as Employer/Page_Form 3 EIS - Cessation as Employer (Query)/Query' is clicked on

2018-12-17 16:55:20 - [MESSAGE][PASSED] - Object: 'Object Repository/Final Object Repo/Page_Form 3 EIS - Cessation as Employer/Page_Form 3 EIS - Cessation as Employer (Query)/Query' is clicked on

2018-12-17 16:55:20 - [TEST_STEP][PASSED] - delay: Delayed 2 second(s)

2018-12-17 16:55:22 - [MESSAGE][PASSED] - Delayed 2 second(s)

2018-12-17 16:55:22 - [TEST_STEP][PASSED] - click: Object: 'Object Repository/Final Object Repo/Page_Form 3 EIS - Cessation as Employer/Page_Form 3 EIS - Cessation as Employer (Query)/Confirm' is clicked on

2018-12-17 16:55:29 - [MESSAGE][PASSED] - Object: 'Object Repository/Final Object Repo/Page_Form 3 EIS - Cessation as Employer/Page_Form 3 EIS - Cessation as Employer (Query)/Confirm' is clicked on

2018-12-17 16:55:29 - [TEST_STEP][PASSED] - delay: Delayed 2 second(s)

2018-12-17 16:55:31 - [MESSAGE][PASSED] - Delayed 2 second(s)

2018-12-17 16:55:31 - [TEST_STEP][PASSED] - click: Object: 'Object Repository/Final Object Repo/Page_Form 3 EIS - Cessation as Employer/Page_Form 3 EIS - Cessation as Employer (Query)/Message The Case Is Under Query' is clicked on

2018-12-17 16:55:31 - [MESSAGE][PASSED] - Object: 'Object Repository/Final Object Repo/Page_Form 3 EIS - Cessation as Employer/Page_Form 3 EIS - Cessation as Employer (Query)/Message The Case Is Under Query' is clicked on

2018-12-17 16:55:31 - [TEST_STEP][PASSED] - click: Object: 'Object Repository/Final Object Repo/Page_Form 3 EIS - Cessation as Employer/Page_Form 3 EIS - Cessation as Employer (Query)/Letter of inquiry' is clicked on

2018-12-17 16:55:32 - [MESSAGE][PASSED] - Object: 'Object Repository/Final Object Repo/Page_Form 3 EIS - Cessation as Employer/Page_Form 3 EIS - Cessation as Employer (Query)/Letter of inquiry' is clicked on

2018-12-17 16:55:32 - [TEST_STEP][PASSED] - delay: Delayed 1 second(s)

2018-12-17 16:55:33 - [MESSAGE][PASSED] - Delayed 1 second(s)

2018-12-17 16:55:33 - [TEST_STEP][PASSED] - navigateToUrl: Navigate to 'https://assist2-uat.perkeso.gov.my/c/portal/logout' successfully

2018-12-17 16:55:34 - [MESSAGE][PASSED] - Navigate to 'https://assist2-uat.perkeso.gov.my/c/portal/logout' successfully

2018-12-17 16:55:34 - [TEST_STEP][PASSED] - delay: Delayed 1 second(s)

2018-12-17 16:55:35 - [MESSAGE][PASSED] - Delayed 1 second(s)

2018-12-17 16:55:35 - [TEST_STEP][PASSED] - callTestCase: Call Test Case 'Test Cases/Final Aug 2018 - PKS Automation/Registration Module/Workflow/Login and Search Case For Workflow' successfully

2018-12-17 16:55:35 - [TEST_CASE][PASSED] - Test Cases/Final Aug 2018 - PKS Automation/Registration Module/Workflow/Login and Search Case For Workflow: Test Cases/Final Aug 2018 - PKS Automation/Registration Module/Workflow/Login and Search Case For Workflow

2018-12-17 16:55:35 - [TEST_STEP][PASSED] - navigateToUrl: Navigate to 'https://assist2-uat.perkeso.gov.my/login' successfully

2018-12-17 16:55:35 - [MESSAGE][PASSED] - Navigate to 'https://assist2-uat.perkeso.gov.my/login' successfully

2018-12-17 16:55:35 - [TEST_STEP][PASSED] - setText: Text 'johoruo3@gmail.com' is set on object 'Object Repository/Final Object Repo/Login Page/Internal User/Email Address'

2018-12-17 16:55:35 - [MESSAGE][PASSED] - Text 'johoruo3@gmail.com' is set on object 'Object Repository/Final Object Repo/Login Page/Internal User/Email Address'

2018-12-17 16:55:35 - [TEST_STEP][PASSED] - click: Object: 'Object Repository/Final Object Repo/Login Page/Internal User/Next Button' is clicked on

2018-12-17 16:55:36 - [MESSAGE][PASSED] - Object: 'Object Repository/Final Object Repo/Login Page/Internal User/Next Button' is clicked on

2018-12-17 16:55:36 - [TEST_STEP][PASSED] - delay: Delayed 1 second(s)

2018-12-17 16:55:37 - [MESSAGE][PASSED] - Delayed 1 second(s)

2018-12-17 16:55:37 - [TEST_STEP][PASSED] - setEncryptedText: Text ****** has been set on object 'Object Repository/Final Object Repo/Login Page/Internal User/Password'

2018-12-17 16:55:37 - [MESSAGE][PASSED] - Text ****** has been set on object 'Object Repository/Final Object Repo/Login Page/Internal User/Password'

2018-12-17 16:55:37 - [TEST_STEP][PASSED] - click: Object: 'Object Repository/Final Object Repo/Login Page/Internal User/Login Button' is clicked on

2018-12-17 16:55:37 - [MESSAGE][PASSED] - Object: 'Object Repository/Final Object Repo/Login Page/Internal User/Login Button' is clicked on

2018-12-17 16:55:37 - [TEST_STEP][PASSED] - delay: Delayed 2 second(s)

2018-12-17 16:55:39 - [MESSAGE][PASSED] - Delayed 2 second(s)

2018-12-17 16:55:39 - [TEST_STEP][PASSED] - Statement - Try: Delayed 2 second(s)

2018-12-17 16:55:39 - [TEST_STEP][PASSED] - Statement - Checker = false: null

2018-12-17 16:55:39 - [TEST_STEP][PASSED] - Statement - Checker = com.kms.katalon.core.webui.keyword.WebUiBuiltInKeywords.verifyElementHasAttribute(com.kms.katalon.core.testobject.ObjectRepository.findTestObject(Final Object Repo/Landing Page/BM Detecting), "href", 20, OPTIONAL): Object 'Object Repository/Final Object Repo/Landing Page/BM Detecting' has attribute 'href'

2018-12-17 16:55:39 - [MESSAGE][PASSED] - Object 'Object Repository/Final Object Repo/Landing Page/BM Detecting' has attribute 'href'

2018-12-17 16:55:39 - [TEST_STEP][PASSED] - Statement - out.println(Checker): null

2018-12-17 16:55:39 - [TEST_STEP][PASSED] - Statement - If (Checker == false): null

2018-12-17 16:55:39 - [TEST_STEP][PASSED] - Statement - Else: null

2018-12-17 16:55:39 - [TEST_STEP][PASSED] - delay: Delayed 2 second(s)

2018-12-17 16:55:41 - [MESSAGE][PASSED] - Delayed 2 second(s)

2018-12-17 16:55:41 - [TEST_STEP][PASSED] - click: Object: 'Object Repository/Final Object Repo/Page_MyASSIST - ASSIST - Search Pending Case For Add Supporting Document/Search Information' is clicked on

2018-12-17 16:55:41 - [MESSAGE][PASSED] - Object: 'Object Repository/Final Object Repo/Page_MyASSIST - ASSIST - Search Pending Case For Add Supporting Document/Search Information' is clicked on

2018-12-17 16:55:41 - [TEST_STEP][PASSED] - delay: Delayed 3 second(s)

2018-12-17 16:55:44 - [MESSAGE][PASSED] - Delayed 3 second(s)

2018-12-17 16:55:44 - [TEST_STEP][PASSED] - sendKeys: Keys 'ERN122018C200002485' sent to object: 'Object Repository/Final Object Repo/Page_MyASSIST - ASSIST - Search Pending Case For Add Supporting Document/Reference No'

2018-12-17 16:55:45 - [MESSAGE][PASSED] - Keys 'ERN122018C200002485' sent to object: 'Object Repository/Final Object Repo/Page_MyASSIST - ASSIST - Search Pending Case For Add Supporting Document/Reference No'

2018-12-17 16:55:45 - [TEST_STEP][PASSED] - click: Object: 'Object Repository/Final Object Repo/Page_MyASSIST - ASSIST - Search Pending Case For Add Supporting Document/Search Reference No' is clicked on

2018-12-17 16:55:45 - [MESSAGE][PASSED] - Object: 'Object Repository/Final Object Repo/Page_MyASSIST - ASSIST - Search Pending Case For Add Supporting Document/Search Reference No' is clicked on

2018-12-17 16:55:45 - [TEST_STEP][PASSED] - delay: Delayed 2 second(s)

2018-12-17 16:55:47 - [MESSAGE][PASSED] - Delayed 2 second(s)

2018-12-17 16:55:47 - [TEST_STEP][PASSED] - click: Object: 'Object Repository/Final Object Repo/Page_MyASSIST - ASSIST - Search Pending Case For Add Supporting Document/Continue' is clicked on

2018-12-17 16:55:50 - [MESSAGE][PASSED] - Object: 'Object Repository/Final Object Repo/Page_MyASSIST - ASSIST - Search Pending Case For Add Supporting Document/Continue' is clicked on

2018-12-17 16:55:50 - [TEST_STEP][PASSED] - delay: Delayed 20 second(s)

2018-12-17 16:56:10 - [MESSAGE][PASSED] - Delayed 20 second(s)

2018-12-17 16:56:10 - [MESSAGE][PASSED] - Call Test Case 'Test Cases/Final Aug 2018 - PKS Automation/Registration Module/Workflow/Login and Search Case For Workflow' successfully

2018-12-17 16:56:10 - [TEST_STEP][PASSED] - navigateToUrl: Navigate to 'https://assist2-uat.perkeso.gov.my/web/registration/eis-update/form-3-eis-cessation-as-employer?p_p_id=searchforemployersip_WAR_registrationportlet&p_p_lifecycle=0&_searchforemployersip_WAR_registrationportlet_regViewKey=87&_searchforemployersip_WAR_registrationportlet_browserIdKey=1536115932192&_searchforemployersip_WAR_registrationportlet_tempEmployerIdKey=128990&_searchforemployersip_WAR_registrationportlet_employerIdKey=&_searchforemployersip_WAR_registrationportlet_refCaseNo=ERN092018C200002133&_searchforemployersip_WAR_registrationportlet_mvcPath=%2Fapps%2Freg%2Fdiscontinue_business_sip%2Fdiscontinue_business_sip_form.jsp&_searchforemployersip_WAR_registrationportlet_regSectionKey=215' successfully

2018-12-17 16:56:14 - [MESSAGE][PASSED] - Navigate to 'https://assist2-uat.perkeso.gov.my/web/registration/eis-update/form-3-eis-cessation-as-employer?p_p_id=searchforemployersip_WAR_registrationportlet&p_p_lifecycle=0&_searchforemployersip_WAR_registrationportlet_regViewKey=87&_searchforemployersip_WAR_registrationportlet_browserIdKey=1536115932192&_searchforemployersip_WAR_registrationportlet_tempEmployerIdKey=128990&_searchforemployersip_WAR_registrationportlet_employerIdKey=&_searchforemployersip_WAR_registrationportlet_refCaseNo=ERN092018C200002133&_searchforemployersip_WAR_registrationportlet_mvcPath=%2Fapps%2Freg%2Fdiscontinue_business_sip%2Fdiscontinue_business_sip_form.jsp&_searchforemployersip_WAR_registrationportlet_regSectionKey=215' successfully

2018-12-17 16:56:14 - [TEST_STEP][PASSED] - delay: Delayed 10 second(s)

2018-12-17 16:56:24 - [MESSAGE][PASSED] - Delayed 10 second(s)

2018-12-17 16:56:24 - [TEST_STEP][PASSED] - click: Object: 'Object Repository/Final Object Repo/Page_Form 3 EIS - Cessation as Employer/Page_Form 3 EIS - Cessation as Employer (Query - OTC - UO)/Next' is clicked on

2018-12-17 16:56:25 - [MESSAGE][PASSED] - Object: 'Object Repository/Final Object Repo/Page_Form 3 EIS - Cessation as Employer/Page_Form 3 EIS - Cessation as Employer (Query - OTC - UO)/Next' is clicked on

2018-12-17 16:56:25 - [TEST_STEP][PASSED] - delay: Delayed 2 second(s)

2018-12-17 16:56:27 - [MESSAGE][PASSED] - Delayed 2 second(s)

2018-12-17 16:56:27 - [TEST_STEP][PASSED] - click: Object: 'Object Repository/Final Object Repo/Page_Form 3 EIS - Cessation as Employer/Page_Form 3 EIS - Cessation as Employer (Query - OTC - UO)/Next in Resigned Page' is clicked on

2018-12-17 16:56:31 - [MESSAGE][PASSED] - Object: 'Object Repository/Final Object Repo/Page_Form 3 EIS - Cessation as Employer/Page_Form 3 EIS - Cessation as Employer (Query - OTC - UO)/Next in Resigned Page' is clicked on

2018-12-17 16:56:31 - [TEST_STEP][PASSED] - delay: Delayed 2 second(s)

2018-12-17 16:56:33 - [MESSAGE][PASSED] - Delayed 2 second(s)

2018-12-17 16:56:33 - [TEST_STEP][PASSED] - click: Object: 'Object Repository/Final Object Repo/Page_Form 3 EIS - Cessation as Employer/Page_Form 3 EIS - Cessation as Employer (Query - OTC - UO)/Add Document' is clicked on

2018-12-17 16:56:33 - [MESSAGE][PASSED] - Object: 'Object Repository/Final Object Repo/Page_Form 3 EIS - Cessation as Employer/Page_Form 3 EIS - Cessation as Employer (Query - OTC - UO)/Add Document' is clicked on

2018-12-17 16:56:33 - [TEST_STEP][PASSED] - delay: Delayed 2 second(s)

2018-12-17 16:56:35 - [MESSAGE][PASSED] - Delayed 2 second(s)

2018-12-17 16:56:35 - [TEST_STEP][PASSED] - click: Object: 'Object Repository/Final Object Repo/Page_Form 3 EIS - Cessation as Employer/Page_Form 3 EIS - Cessation as Employer (Query - OTC - UO)/Document Type' is clicked on

2018-12-17 16:56:36 - [MESSAGE][PASSED] - Object: 'Object Repository/Final Object Repo/Page_Form 3 EIS - Cessation as Employer/Page_Form 3 EIS - Cessation as Employer (Query - OTC - UO)/Document Type' is clicked on

2018-12-17 16:56:36 - [TEST_STEP][PASSED] - delay: Delayed 2 second(s)

2018-12-17 16:56:38 - [MESSAGE][PASSED] - Delayed 2 second(s)

2018-12-17 16:56:38 - [TEST_STEP][PASSED] - click: Object: 'Object Repository/Final Object Repo/Page_Form 3 EIS - Cessation as Employer/Page_Form 3 EIS - Cessation as Employer (Query - OTC - UO)/Document Type - Others' is clicked on

2018-12-17 16:56:38 - [MESSAGE][PASSED] - Object: 'Object Repository/Final Object Repo/Page_Form 3 EIS - Cessation as Employer/Page_Form 3 EIS - Cessation as Employer (Query - OTC - UO)/Document Type - Others' is clicked on

2018-12-17 16:56:38 - [TEST_STEP][PASSED] - delay: Delayed 2 second(s)

2018-12-17 16:56:40 - [MESSAGE][PASSED] - Delayed 2 second(s)

2018-12-17 16:56:40 - [TEST_STEP][PASSED] - sendKeys: Keys 'C:\Users\Public\Pictures\Sample Pictures\Koala.jpg' sent to object: 'Object Repository/Final Object Repo/Page_Form 3 EIS - Cessation as Employer/Page_Form 3 EIS - Cessation as Employer (Query - OTC - UO)/ploading File'

2018-12-17 16:56:40 - [MESSAGE][PASSED] - Keys 'C:\Users\Public\Pictures\Sample Pictures\Koala.jpg' sent to object: 'Object Repository/Final Object Repo/Page_Form 3 EIS - Cessation as Employer/Page_Form 3 EIS - Cessation as Employer (Query - OTC - UO)/ploading File'

2018-12-17 16:56:40 - [TEST_STEP][PASSED] - delay: Delayed 2 second(s)

2018-12-17 16:56:42 - [MESSAGE][PASSED] - Delayed 2 second(s)

2018-12-17 16:56:42 - [TEST_STEP][PASSED] - click: Object: 'Object Repository/Final Object Repo/Page_Form 3 EIS - Cessation as Employer/Page_Form 3 EIS - Cessation as Employer (Query - OTC - UO)/Add Document in Uploading Page' is clicked on

2018-12-17 16:56:42 - [MESSAGE][PASSED] - Object: 'Object Repository/Final Object Repo/Page_Form 3 EIS - Cessation as Employer/Page_Form 3 EIS - Cessation as Employer (Query - OTC - UO)/Add Document in Uploading Page' is clicked on

2018-12-17 16:56:42 - [TEST_STEP][PASSED] - delay: Delayed 2 second(s)

2018-12-17 16:56:44 - [MESSAGE][PASSED] - Delayed 2 second(s)

2018-12-17 16:56:44 - [TEST_STEP][PASSED] - click: Object: 'Object Repository/Final Object Repo/Page_Form 3 EIS - Cessation as Employer/Page_Form 3 EIS - Cessation as Employer (Query - OTC - UO)/Exit' is clicked on

2018-12-17 16:56:47 - [MESSAGE][PASSED] - Object: 'Object Repository/Final Object Repo/Page_Form 3 EIS - Cessation as Employer/Page_Form 3 EIS - Cessation as Employer (Query - OTC - UO)/Exit' is clicked on

2018-12-17 16:56:47 - [TEST_STEP][PASSED] - delay: Delayed 1 second(s)

2018-12-17 16:56:48 - [MESSAGE][PASSED] - Delayed 1 second(s)

2018-12-17 16:56:48 - [TEST_STEP][PASSED] - navigateToUrl: Navigate to 'https://assist2-uat.perkeso.gov.my/c/portal/logout' successfully

2018-12-17 16:56:49 - [MESSAGE][PASSED] - Navigate to 'https://assist2-uat.perkeso.gov.my/c/portal/logout' successfully

2018-12-17 16:56:49 - [TEST_STEP][PASSED] - delay: Delayed 1 second(s)

2018-12-17 16:56:50 - [MESSAGE][PASSED] - Delayed 1 second(s)

2018-12-17 16:56:50 - [TEST_STEP][PASSED] - callTestCase: Call Test Case 'Test Cases/Final Aug 2018 - PKS Automation/Registration Module/Workflow/Login and Search Case For Workflow' successfully

2018-12-17 16:56:50 - [TEST_CASE][PASSED] - Test Cases/Final Aug 2018 - PKS Automation/Registration Module/Workflow/Login and Search Case For Workflow: Test Cases/Final Aug 2018 - PKS Automation/Registration Module/Workflow/Login and Search Case For Workflow

2018-12-17 16:56:50 - [TEST_STEP][PASSED] - navigateToUrl: Navigate to 'https://assist2-uat.perkeso.gov.my/login' successfully

2018-12-17 16:56:50 - [MESSAGE][PASSED] - Navigate to 'https://assist2-uat.perkeso.gov.my/login' successfully

2018-12-17 16:56:50 - [TEST_STEP][PASSED] - setText: Text 'johoruo3@gmail.com' is set on object 'Object Repository/Final Object Repo/Login Page/Internal User/Email Address'

2018-12-17 16:56:51 - [MESSAGE][PASSED] - Text 'johoruo3@gmail.com' is set on object 'Object Repository/Final Object Repo/Login Page/Internal User/Email Address'

2018-12-17 16:56:51 - [TEST_STEP][PASSED] - click: Object: 'Object Repository/Final Object Repo/Login Page/Internal User/Next Button' is clicked on

2018-12-17 16:56:51 - [MESSAGE][PASSED] - Object: 'Object Repository/Final Object Repo/Login Page/Internal User/Next Button' is clicked on

2018-12-17 16:56:51 - [TEST_STEP][PASSED] - delay: Delayed 1 second(s)

2018-12-17 16:56:52 - [MESSAGE][PASSED] - Delayed 1 second(s)

2018-12-17 16:56:52 - [TEST_STEP][PASSED] - setEncryptedText: Text ****** has been set on object 'Object Repository/Final Object Repo/Login Page/Internal User/Password'

2018-12-17 16:56:52 - [MESSAGE][PASSED] - Text ****** has been set on object 'Object Repository/Final Object Repo/Login Page/Internal User/Password'

2018-12-17 16:56:52 - [TEST_STEP][PASSED] - click: Object: 'Object Repository/Final Object Repo/Login Page/Internal User/Login Button' is clicked on

2018-12-17 16:56:52 - [MESSAGE][PASSED] - Object: 'Object Repository/Final Object Repo/Login Page/Internal User/Login Button' is clicked on

2018-12-17 16:56:52 - [TEST_STEP][PASSED] - delay: Delayed 2 second(s)

2018-12-17 16:56:54 - [MESSAGE][PASSED] - Delayed 2 second(s)

2018-12-17 16:56:54 - [TEST_STEP][PASSED] - Statement - Try: Delayed 2 second(s)

2018-12-17 16:56:54 - [TEST_STEP][PASSED] - Statement - Checker = false: null

2018-12-17 16:56:54 - [TEST_STEP][PASSED] - Statement - Checker = com.kms.katalon.core.webui.keyword.WebUiBuiltInKeywords.verifyElementHasAttribute(com.kms.katalon.core.testobject.ObjectRepository.findTestObject(Final Object Repo/Landing Page/BM Detecting), "href", 20, OPTIONAL): Object 'Object Repository/Final Object Repo/Landing Page/BM Detecting' has attribute 'href'

2018-12-17 16:56:54 - [MESSAGE][PASSED] - Object 'Object Repository/Final Object Repo/Landing Page/BM Detecting' has attribute 'href'

2018-12-17 16:56:54 - [TEST_STEP][PASSED] - Statement - out.println(Checker): null

2018-12-17 16:56:54 - [TEST_STEP][PASSED] - Statement - If (Checker == false): null

2018-12-17 16:56:54 - [TEST_STEP][PASSED] - Statement - Else: null

2018-12-17 16:56:54 - [TEST_STEP][PASSED] - delay: Delayed 2 second(s)

2018-12-17 16:56:56 - [MESSAGE][PASSED] - Delayed 2 second(s)

2018-12-17 16:56:56 - [TEST_STEP][PASSED] - click: Object: 'Object Repository/Final Object Repo/Page_MyASSIST - ASSIST - Search Pending Case For Add Supporting Document/Search Information' is clicked on

2018-12-17 16:56:57 - [MESSAGE][PASSED] - Object: 'Object Repository/Final Object Repo/Page_MyASSIST - ASSIST - Search Pending Case For Add Supporting Document/Search Information' is clicked on

2018-12-17 16:56:57 - [TEST_STEP][PASSED] - delay: Delayed 3 second(s)

2018-12-17 16:57:00 - [MESSAGE][PASSED] - Delayed 3 second(s)

2018-12-17 16:57:00 - [TEST_STEP][PASSED] - sendKeys: Keys 'ERN122018C200002485' sent to object: 'Object Repository/Final Object Repo/Page_MyASSIST - ASSIST - Search Pending Case For Add Supporting Document/Reference No'

2018-12-17 16:57:00 - [MESSAGE][PASSED] - Keys 'ERN122018C200002485' sent to object: 'Object Repository/Final Object Repo/Page_MyASSIST - ASSIST - Search Pending Case For Add Supporting Document/Reference No'

2018-12-17 16:57:00 - [TEST_STEP][PASSED] - click: Object: 'Object Repository/Final Object Repo/Page_MyASSIST - ASSIST - Search Pending Case For Add Supporting Document/Search Reference No' is clicked on

2018-12-17 16:57:00 - [MESSAGE][PASSED] - Object: 'Object Repository/Final Object Repo/Page_MyASSIST - ASSIST - Search Pending Case For Add Supporting Document/Search Reference No' is clicked on

2018-12-17 16:57:00 - [TEST_STEP][PASSED] - delay: Delayed 2 second(s)

2018-12-17 16:57:02 - [MESSAGE][PASSED] - Delayed 2 second(s)

2018-12-17 16:57:02 - [TEST_STEP][PASSED] - click: Object: 'Object Repository/Final Object Repo/Page_MyASSIST - ASSIST - Search Pending Case For Add Supporting Document/Continue' is clicked on

2018-12-17 16:57:05 - [MESSAGE][PASSED] - Object: 'Object Repository/Final Object Repo/Page_MyASSIST - ASSIST - Search Pending Case For Add Supporting Document/Continue' is clicked on

2018-12-17 16:57:05 - [TEST_STEP][PASSED] - delay: Delayed 20 second(s)

2018-12-17 16:57:25 - [MESSAGE][PASSED] - Delayed 20 second(s)

2018-12-17 16:57:25 - [MESSAGE][PASSED] - Call Test Case 'Test Cases/Final Aug 2018 - PKS Automation/Registration Module/Workflow/Login and Search Case For Workflow' successfully

2018-12-17 16:57:25 - [TEST_STEP][PASSED] - click: Object: 'Object Repository/Final Object Repo/Page_Form 3 EIS - Cessation as Employer/Page_Form 3 EIS - Cessation as Employer (Approve)/Save  Continue in Form 3 Page' is clicked on

2018-12-17 16:57:25 - [MESSAGE][PASSED] - Object: 'Object Repository/Final Object Repo/Page_Form 3 EIS - Cessation as Employer/Page_Form 3 EIS - Cessation as Employer (Approve)/Save  Continue in Form 3 Page' is clicked on

2018-12-17 16:57:25 - [TEST_STEP][PASSED] - delay: Delayed 2 second(s)

2018-12-17 16:57:27 - [MESSAGE][PASSED] - Delayed 2 second(s)

2018-12-17 16:57:27 - [TEST_STEP][PASSED] - click: Object: 'Object Repository/Final Object Repo/Page_Form 3 EIS - Cessation as Employer/Page_Form 3 EIS - Cessation as Employer (Approve)/Save  Continue in Resigned Page' is clicked on

2018-12-17 16:57:28 - [MESSAGE][PASSED] - Object: 'Object Repository/Final Object Repo/Page_Form 3 EIS - Cessation as Employer/Page_Form 3 EIS - Cessation as Employer (Approve)/Save  Continue in Resigned Page' is clicked on

2018-12-17 16:57:28 - [TEST_STEP][PASSED] - delay: Delayed 2 second(s)

2018-12-17 16:57:30 - [MESSAGE][PASSED] - Delayed 2 second(s)

2018-12-17 16:57:30 - [TEST_STEP][PASSED] - click: Object: 'Object Repository/Final Object Repo/Page_Form 3 EIS - Cessation as Employer/Page_Form 3 EIS - Cessation as Employer (Approve)/Save  Continue in Uploading Page' is clicked on

2018-12-17 16:57:31 - [MESSAGE][PASSED] - Object: 'Object Repository/Final Object Repo/Page_Form 3 EIS - Cessation as Employer/Page_Form 3 EIS - Cessation as Employer (Approve)/Save  Continue in Uploading Page' is clicked on

2018-12-17 16:57:31 - [TEST_STEP][PASSED] - delay: Delayed 2 second(s)

2018-12-17 16:57:33 - [MESSAGE][PASSED] - Delayed 2 second(s)

2018-12-17 16:57:33 - [TEST_STEP][PASSED] - click: Object: 'Object Repository/Final Object Repo/Page_Form 3 EIS - Cessation as Employer/Page_Form 3 EIS - Cessation as Employer (Reject)/Reject' is clicked on

2018-12-17 16:57:36 - [MESSAGE][PASSED] - Object: 'Object Repository/Final Object Repo/Page_Form 3 EIS - Cessation as Employer/Page_Form 3 EIS - Cessation as Employer (Reject)/Reject' is clicked on

2018-12-17 16:57:36 - [TEST_STEP][PASSED] - delay: Delayed 2 second(s)

2018-12-17 16:57:38 - [MESSAGE][PASSED] - Delayed 2 second(s)

2018-12-17 16:57:38 - [TEST_STEP][PASSED] - click: Object: 'Object Repository/Final Object Repo/Page_Form 3 EIS - Cessation as Employer/Page_Form 3 EIS - Cessation as Employer (Reject)/Confirm' is clicked on

2018-12-17 16:57:38 - [MESSAGE][PASSED] - Object: 'Object Repository/Final Object Repo/Page_Form 3 EIS - Cessation as Employer/Page_Form 3 EIS - Cessation as Employer (Reject)/Confirm' is clicked on

2018-12-17 16:57:38 - [TEST_STEP][PASSED] - delay: Delayed 2 second(s)

2018-12-17 16:57:40 - [MESSAGE][PASSED] - Delayed 2 second(s)

2018-12-17 16:57:40 - [TEST_STEP][PASSED] - click: Object: 'Object Repository/Final Object Repo/Page_Form 3 EIS - Cessation as Employer/Page_Form 3 EIS - Cessation as Employer (Reject)/Message This Case has been Rejected' is clicked on

2018-12-17 16:57:43 - [MESSAGE][PASSED] - Object: 'Object Repository/Final Object Repo/Page_Form 3 EIS - Cessation as Employer/Page_Form 3 EIS - Cessation as Employer (Reject)/Message This Case has been Rejected' is clicked on

2018-12-17 16:57:43 - [TEST_STEP][PASSED] - click: Object: 'Object Repository/Final Object Repo/Page_Form 3 EIS - Cessation as Employer/Page_Form 3 EIS - Cessation as Employer (Reject)/Letter of update rejection' is clicked on

2018-12-17 16:57:44 - [MESSAGE][PASSED] - Object: 'Object Repository/Final Object Repo/Page_Form 3 EIS - Cessation as Employer/Page_Form 3 EIS - Cessation as Employer (Reject)/Letter of update rejection' is clicked on

2018-12-17 16:57:44 - [MESSAGE][PASSED] - Call Test Case 'Test Cases/Final Aug 2018 - PKS Automation/Registration Module/Workflow/Form 3 EIS - Cessation As Employer/Template/Form 3 A - Cessation As Employer (Query)' successfully]]></system-out>
         <system-err><![CDATA[]]></system-err>
      </testcase>
      <testcase name="Test Cases/Final Aug 2018 - PKS Automation/Registration Module/Workflow/Form 3 EIS - Cessation As Employer/Employer to UO (Reject)" classname="Test Cases/Final Aug 2018 - PKS Automation/Registration Module/Workflow/Form 3 EIS - Cessation As Employer/Employer to UO (Reject)" status="PASSED">
         <system-out><![CDATA[2018-12-17 16:57:44 - [TEST_CASE][PASSED] - Test Cases/Final Aug 2018 - PKS Automation/Registration Module/Workflow/Form 3 EIS - Cessation As Employer/Employer to UO (Reject): Test Cases/Final Aug 2018 - PKS Automation/Registration Module/Workflow/Form 3 EIS - Cessation As Employer/Employer to UO (Reject)

2018-12-17 16:57:44 - [TEST_STEP][PASSED] - callTestCase: Call Test Case 'Test Cases/Final Aug 2018 - PKS Automation/Registration Module/Workflow/Form 3 EIS - Cessation As Employer/Template/Form 3 A - Cessation As Employer (Employer)' successfully

2018-12-17 16:57:44 - [TEST_CASE][PASSED] - Test Cases/Final Aug 2018 - PKS Automation/Registration Module/Workflow/Form 3 EIS - Cessation As Employer/Template/Form 3 A - Cessation As Employer (Employer): Test Cases/Final Aug 2018 - PKS Automation/Registration Module/Workflow/Form 3 EIS - Cessation As Employer/Template/Form 3 A - Cessation As Employer (Employer)

2018-12-17 16:57:44 - [TEST_STEP][PASSED] - callTestCase: Call Test Case 'Test Cases/Final Aug 2018 - PKS Automation/Registration Module/Workflow/Update Add New Employee/Template/New Company for Update Add New - Employer' successfully

2018-12-17 16:57:44 - [TEST_CASE][PASSED] - Test Cases/Final Aug 2018 - PKS Automation/Registration Module/Workflow/Update Add New Employee/Template/New Company for Update Add New - Employer: Test Cases/Final Aug 2018 - PKS Automation/Registration Module/Workflow/Update Add New Employee/Template/New Company for Update Add New - Employer

2018-12-17 16:57:44 - [TEST_STEP][PASSED] - callTestCase: Call Test Case 'Test Cases/Final Aug 2018 - PKS Automation/Create Employer Acc/Create Employer Account' successfully

2018-12-17 16:57:45 - [TEST_CASE][PASSED] - Test Cases/Final Aug 2018 - PKS Automation/Create Employer Acc/Create Employer Account: Test Cases/Final Aug 2018 - PKS Automation/Create Employer Acc/Create Employer Account

2018-12-17 16:57:45 - [TEST_STEP][PASSED] - callTestCase: Call Test Case 'Test Cases/Final Aug 2018 - PKS Automation/Create Employer Acc/Template/Register Employer' successfully

2018-12-17 16:57:45 - [TEST_CASE][PASSED] - Test Cases/Final Aug 2018 - PKS Automation/Create Employer Acc/Template/Register Employer: Test Cases/Final Aug 2018 - PKS Automation/Create Employer Acc/Template/Register Employer

2018-12-17 16:57:45 - [TEST_STEP][PASSED] - openBrowser: Browser is opened with url: ''

2018-12-17 16:57:45 - [MESSAGE][WARNING] - A browser is already opened. Closing browser and opening a new one

2018-12-17 16:57:48 - [MESSAGE][PASSED] - Browser is opened with url: ''

2018-12-17 16:57:48 - [TEST_STEP][PASSED] - navigateToUrl: Navigate to 'https://assist2-uat.perkeso.gov.my/login' successfully

2018-12-17 16:57:49 - [MESSAGE][PASSED] - Navigate to 'https://assist2-uat.perkeso.gov.my/login' successfully

2018-12-17 16:57:49 - [TEST_STEP][PASSED] - setText: Text 'johorotc1@gmail.com' is set on object 'Object Repository/Final Object Repo/Login Page/Internal User/Email Address'

2018-12-17 16:57:49 - [MESSAGE][PASSED] - Text 'johorotc1@gmail.com' is set on object 'Object Repository/Final Object Repo/Login Page/Internal User/Email Address'

2018-12-17 16:57:49 - [TEST_STEP][PASSED] - click: Object: 'Object Repository/Final Object Repo/Login Page/Internal User/Next Button' is clicked on

2018-12-17 16:57:49 - [MESSAGE][PASSED] - Object: 'Object Repository/Final Object Repo/Login Page/Internal User/Next Button' is clicked on

2018-12-17 16:57:49 - [TEST_STEP][PASSED] - delay: Delayed 1 second(s)

2018-12-17 16:57:50 - [MESSAGE][PASSED] - Delayed 1 second(s)

2018-12-17 16:57:50 - [TEST_STEP][PASSED] - setEncryptedText: Text ****** has been set on object 'Object Repository/Final Object Repo/Login Page/Internal User/Password'

2018-12-17 16:57:50 - [MESSAGE][PASSED] - Text ****** has been set on object 'Object Repository/Final Object Repo/Login Page/Internal User/Password'

2018-12-17 16:57:50 - [TEST_STEP][PASSED] - click: Object: 'Object Repository/Final Object Repo/Login Page/Internal User/Login Button' is clicked on

2018-12-17 16:57:51 - [MESSAGE][PASSED] - Object: 'Object Repository/Final Object Repo/Login Page/Internal User/Login Button' is clicked on

2018-12-17 16:57:51 - [TEST_STEP][PASSED] - delay: Delayed 1 second(s)

2018-12-17 16:57:52 - [MESSAGE][PASSED] - Delayed 1 second(s)

2018-12-17 16:57:52 - [TEST_STEP][PASSED] - navigateToUrl: Navigate to 'https://assist2-uat.perkeso.gov.my/web/base/portal-id/registration' successfully

2018-12-17 16:57:53 - [MESSAGE][PASSED] - Navigate to 'https://assist2-uat.perkeso.gov.my/web/base/portal-id/registration' successfully

2018-12-17 16:57:53 - [TEST_STEP][PASSED] - setText: Text 'AUTOMATION EMPLOYER' is set on object 'Object Repository/Final Object Repo/Creating Employer Account/Page_Registration - ASSIST (Base)/Employer Name'

2018-12-17 16:57:54 - [MESSAGE][PASSED] - Text 'AUTOMATION EMPLOYER' is set on object 'Object Repository/Final Object Repo/Creating Employer Account/Page_Registration - ASSIST (Base)/Employer Name'

2018-12-17 16:57:54 - [TEST_STEP][PASSED] - delay: Delayed 2 second(s)

2018-12-17 16:57:56 - [MESSAGE][PASSED] - Delayed 2 second(s)

2018-12-17 16:57:56 - [TEST_STEP][PASSED] - click: Object: 'Object Repository/Final Object Repo/Creating Employer Account/Page_Registration - ASSIST (Base)/Registration Type' is clicked on

2018-12-17 16:57:56 - [MESSAGE][PASSED] - Object: 'Object Repository/Final Object Repo/Creating Employer Account/Page_Registration - ASSIST (Base)/Registration Type' is clicked on

2018-12-17 16:57:56 - [TEST_STEP][PASSED] - delay: Delayed 2 second(s)

2018-12-17 16:57:58 - [MESSAGE][PASSED] - Delayed 2 second(s)

2018-12-17 16:57:58 - [TEST_STEP][PASSED] - click: Object: 'Object Repository/Final Object Repo/Creating Employer Account/Page_Registration - ASSIST (Base)/Registration Type - Registration No' is clicked on

2018-12-17 16:57:58 - [MESSAGE][PASSED] - Object: 'Object Repository/Final Object Repo/Creating Employer Account/Page_Registration - ASSIST (Base)/Registration Type - Registration No' is clicked on

2018-12-17 16:57:58 - [TEST_STEP][PASSED] - delay: Delayed 2 second(s)

2018-12-17 16:58:00 - [MESSAGE][PASSED] - Delayed 2 second(s)

2018-12-17 16:58:00 - [TEST_STEP][PASSED] - setText: Text 'AUTOMATE001' is set on object 'Object Repository/Final Object Repo/Creating Employer Account/Page_Registration - ASSIST (Base)/Registration Number'

2018-12-17 16:58:01 - [MESSAGE][PASSED] - Text 'AUTOMATE001' is set on object 'Object Repository/Final Object Repo/Creating Employer Account/Page_Registration - ASSIST (Base)/Registration Number'

2018-12-17 16:58:01 - [TEST_STEP][PASSED] - delay: Delayed 2 second(s)

2018-12-17 16:58:03 - [MESSAGE][PASSED] - Delayed 2 second(s)

2018-12-17 16:58:03 - [TEST_STEP][PASSED] - setText: Text 'ADDRESS 1' is set on object 'Object Repository/Final Object Repo/Creating Employer Account/Page_Registration - ASSIST (Base)/Postal Address 1'

2018-12-17 16:58:03 - [MESSAGE][PASSED] - Text 'ADDRESS 1' is set on object 'Object Repository/Final Object Repo/Creating Employer Account/Page_Registration - ASSIST (Base)/Postal Address 1'

2018-12-17 16:58:03 - [TEST_STEP][PASSED] - setText: Text 'ADDRESS 2' is set on object 'Object Repository/Final Object Repo/Creating Employer Account/Page_Registration - ASSIST (Base)/Postal Address 2'

2018-12-17 16:58:04 - [MESSAGE][PASSED] - Text 'ADDRESS 2' is set on object 'Object Repository/Final Object Repo/Creating Employer Account/Page_Registration - ASSIST (Base)/Postal Address 2'

2018-12-17 16:58:04 - [TEST_STEP][PASSED] - click: Object: 'Object Repository/Final Object Repo/Creating Employer Account/Page_Registration - ASSIST (Base)/State' is clicked on

2018-12-17 16:58:04 - [MESSAGE][PASSED] - Object: 'Object Repository/Final Object Repo/Creating Employer Account/Page_Registration - ASSIST (Base)/State' is clicked on

2018-12-17 16:58:04 - [TEST_STEP][PASSED] - delay: Delayed 2 second(s)

2018-12-17 16:58:06 - [MESSAGE][PASSED] - Delayed 2 second(s)

2018-12-17 16:58:06 - [TEST_STEP][PASSED] - click: Object: 'Object Repository/Final Object Repo/Creating Employer Account/Page_Registration - ASSIST (Base)/State - Johor' is clicked on

2018-12-17 16:58:06 - [MESSAGE][PASSED] - Object: 'Object Repository/Final Object Repo/Creating Employer Account/Page_Registration - ASSIST (Base)/State - Johor' is clicked on

2018-12-17 16:58:06 - [TEST_STEP][PASSED] - delay: Delayed 2 second(s)

2018-12-17 16:58:08 - [MESSAGE][PASSED] - Delayed 2 second(s)

2018-12-17 16:58:08 - [TEST_STEP][PASSED] - click: Object: 'Object Repository/Final Object Repo/Creating Employer Account/Page_Registration - ASSIST (Base)/City' is clicked on

2018-12-17 16:58:08 - [MESSAGE][PASSED] - Object: 'Object Repository/Final Object Repo/Creating Employer Account/Page_Registration - ASSIST (Base)/City' is clicked on

2018-12-17 16:58:08 - [TEST_STEP][PASSED] - delay: Delayed 2 second(s)

2018-12-17 16:58:10 - [MESSAGE][PASSED] - Delayed 2 second(s)

2018-12-17 16:58:10 - [TEST_STEP][PASSED] - setText: Text 'joh' is set on object 'Object Repository/Final Object Repo/Creating Employer Account/Page_Registration - ASSIST (Base)/City - joh'

2018-12-17 16:58:10 - [MESSAGE][PASSED] - Text 'joh' is set on object 'Object Repository/Final Object Repo/Creating Employer Account/Page_Registration - ASSIST (Base)/City - joh'

2018-12-17 16:58:10 - [TEST_STEP][PASSED] - delay: Delayed 2 second(s)

2018-12-17 16:58:12 - [MESSAGE][PASSED] - Delayed 2 second(s)

2018-12-17 16:58:12 - [TEST_STEP][PASSED] - click: Object: 'Object Repository/Final Object Repo/Creating Employer Account/Page_Registration - ASSIST (Base)/City - Johor Bharu' is clicked on

2018-12-17 16:58:13 - [MESSAGE][PASSED] - Object: 'Object Repository/Final Object Repo/Creating Employer Account/Page_Registration - ASSIST (Base)/City - Johor Bharu' is clicked on

2018-12-17 16:58:13 - [TEST_STEP][PASSED] - delay: Delayed 2 second(s)

2018-12-17 16:58:15 - [MESSAGE][PASSED] - Delayed 2 second(s)

2018-12-17 16:58:15 - [TEST_STEP][PASSED] - click: Object: 'Object Repository/Final Object Repo/Creating Employer Account/Page_Registration - ASSIST (Base)/Post Code' is clicked on

2018-12-17 16:58:15 - [MESSAGE][PASSED] - Object: 'Object Repository/Final Object Repo/Creating Employer Account/Page_Registration - ASSIST (Base)/Post Code' is clicked on

2018-12-17 16:58:15 - [TEST_STEP][PASSED] - delay: Delayed 2 second(s)

2018-12-17 16:58:17 - [MESSAGE][PASSED] - Delayed 2 second(s)

2018-12-17 16:58:17 - [TEST_STEP][PASSED] - setText: Text '810' is set on object 'Object Repository/Final Object Repo/Creating Employer Account/Page_Registration - ASSIST (Base)/Post Code - 810'

2018-12-17 16:58:17 - [MESSAGE][PASSED] - Text '810' is set on object 'Object Repository/Final Object Repo/Creating Employer Account/Page_Registration - ASSIST (Base)/Post Code - 810'

2018-12-17 16:58:17 - [TEST_STEP][PASSED] - delay: Delayed 2 second(s)

2018-12-17 16:58:19 - [MESSAGE][PASSED] - Delayed 2 second(s)

2018-12-17 16:58:19 - [TEST_STEP][PASSED] - click: Object: 'Object Repository/Final Object Repo/Creating Employer Account/Page_Registration - ASSIST (Base)/Post Code - 81000' is clicked on

2018-12-17 16:58:19 - [MESSAGE][PASSED] - Object: 'Object Repository/Final Object Repo/Creating Employer Account/Page_Registration - ASSIST (Base)/Post Code - 81000' is clicked on

2018-12-17 16:58:19 - [TEST_STEP][PASSED] - delay: Delayed 2 second(s)

2018-12-17 16:58:21 - [MESSAGE][PASSED] - Delayed 2 second(s)

2018-12-17 16:58:21 - [TEST_STEP][PASSED] - setText: Text 'PERKESO' is set on object 'Object Repository/Final Object Repo/Creating Employer Account/Page_Registration - ASSIST (Base)/Full Name'

2018-12-17 16:58:22 - [MESSAGE][PASSED] - Text 'PERKESO' is set on object 'Object Repository/Final Object Repo/Creating Employer Account/Page_Registration - ASSIST (Base)/Full Name'

2018-12-17 16:58:22 - [TEST_STEP][PASSED] - Statement - rnd = new java.util.Random(): null

2018-12-17 16:58:22 - [TEST_STEP][PASSED] - Statement - snum = rnd.nextInt(899999 + 1) + 100000: null

2018-12-17 16:58:22 - [TEST_STEP][PASSED] - Statement - tnum = rnd.nextInt(899999 + 1) + 100000: null

2018-12-17 16:58:22 - [TEST_STEP][PASSED] - Statement - IC = java.lang.Integer.toString(snum) + java.lang.Integer.toString(tnum): null

2018-12-17 16:58:22 - [TEST_STEP][PASSED] - Statement - out.println(IC): null

2018-12-17 16:58:22 - [TEST_STEP][PASSED] - setText: Text '480137451245' is set on object 'Object Repository/Final Object Repo/Creating Employer Account/Page_Registration - ASSIST (Base)/Identification Number'

2018-12-17 16:58:22 - [MESSAGE][PASSED] - Text '480137451245' is set on object 'Object Repository/Final Object Repo/Creating Employer Account/Page_Registration - ASSIST (Base)/Identification Number'

2018-12-17 16:58:22 - [TEST_STEP][PASSED] - delay: Delayed 2 second(s)

2018-12-17 16:58:24 - [MESSAGE][PASSED] - Delayed 2 second(s)

2018-12-17 16:58:24 - [TEST_STEP][PASSED] - setText: Text '123456789012' is set on object 'Object Repository/Final Object Repo/Creating Employer Account/Page_Registration - ASSIST (Base)/Contact Number'

2018-12-17 16:58:24 - [MESSAGE][PASSED] - Text '123456789012' is set on object 'Object Repository/Final Object Repo/Creating Employer Account/Page_Registration - ASSIST (Base)/Contact Number'

2018-12-17 16:58:24 - [TEST_STEP][PASSED] - Statement - Email = "perkeso" + IC + "@gmail.com": null

2018-12-17 16:58:24 - [TEST_STEP][PASSED] - delay: Delayed 2 second(s)

2018-12-17 16:58:26 - [MESSAGE][PASSED] - Delayed 2 second(s)

2018-12-17 16:58:26 - [TEST_STEP][PASSED] - callTestCase: Call Test Case 'Test Cases/Final Aug 2018 - PKS Automation/Create Employer Acc/Template/Employer Email Settler' successfully

2018-12-17 16:58:26 - [TEST_CASE][PASSED] - Test Cases/Final Aug 2018 - PKS Automation/Create Employer Acc/Template/Employer Email Settler: Test Cases/Final Aug 2018 - PKS Automation/Create Employer Acc/Template/Employer Email Settler

2018-12-17 16:58:26 - [TEST_STEP][PASSED] - Statement - EmpEmailOld = new java.io.File(C://Users//Admin//Desktop//PKS//Automation Reference Point//EmpEmail.txt): null

2018-12-17 16:58:26 - [TEST_STEP][PASSED] - Statement - EmpEmailOld.delete(): null

2018-12-17 16:58:26 - [TEST_STEP][PASSED] - delay: Delayed 5 second(s)

2018-12-17 16:58:31 - [MESSAGE][PASSED] - Delayed 5 second(s)

2018-12-17 16:58:31 - [TEST_STEP][PASSED] - Statement - EmpEmail = new java.io.File(C://Users//Admin//Desktop//PKS//Automation Reference Point//EmpEmail.txt): null

2018-12-17 16:58:31 - [TEST_STEP][PASSED] - Statement - f2 = new java.io.FileWriter(EmpEmail, false): null

2018-12-17 16:58:31 - [TEST_STEP][PASSED] - Statement - f2.write(Email): null

2018-12-17 16:58:31 - [TEST_STEP][PASSED] - Statement - f2.close(): null

2018-12-17 16:58:31 - [TEST_STEP][PASSED] - Statement - out.println(Email): null

2018-12-17 16:58:31 - [MESSAGE][PASSED] - Call Test Case 'Test Cases/Final Aug 2018 - PKS Automation/Create Employer Acc/Template/Employer Email Settler' successfully

2018-12-17 16:58:31 - [TEST_STEP][PASSED] - delay: Delayed 2 second(s)

2018-12-17 16:58:33 - [MESSAGE][PASSED] - Delayed 2 second(s)

2018-12-17 16:58:33 - [TEST_STEP][PASSED] - setText: Text 'perkeso480137451245@gmail.com' is set on object 'Object Repository/Final Object Repo/Creating Employer Account/Page_Registration - ASSIST (Base)/Email'

2018-12-17 16:58:34 - [MESSAGE][PASSED] - Text 'perkeso480137451245@gmail.com' is set on object 'Object Repository/Final Object Repo/Creating Employer Account/Page_Registration - ASSIST (Base)/Email'

2018-12-17 16:58:34 - [TEST_STEP][PASSED] - setText: Text '123' is set on object 'Object Repository/Final Object Repo/Creating Employer Account/Page_Registration - ASSIST (Base)/Security Phase'

2018-12-17 16:58:34 - [MESSAGE][PASSED] - Text '123' is set on object 'Object Repository/Final Object Repo/Creating Employer Account/Page_Registration - ASSIST (Base)/Security Phase'

2018-12-17 16:58:34 - [TEST_STEP][PASSED] - click: Object: 'Object Repository/Final Object Repo/Creating Employer Account/Page_Registration - ASSIST (Base)/Save  Continue' is clicked on

2018-12-17 16:58:35 - [MESSAGE][PASSED] - Object: 'Object Repository/Final Object Repo/Creating Employer Account/Page_Registration - ASSIST (Base)/Save  Continue' is clicked on

2018-12-17 16:58:35 - [TEST_STEP][PASSED] - delay: Delayed 2 second(s)

2018-12-17 16:58:37 - [MESSAGE][PASSED] - Delayed 2 second(s)

2018-12-17 16:58:37 - [TEST_STEP][PASSED] - click: Object: 'Object Repository/Final Object Repo/Creating Employer Account/Page_Registration - ASSIST (Base)/Add Document' is clicked on

2018-12-17 16:58:37 - [MESSAGE][PASSED] - Object: 'Object Repository/Final Object Repo/Creating Employer Account/Page_Registration - ASSIST (Base)/Add Document' is clicked on

2018-12-17 16:58:37 - [TEST_STEP][PASSED] - delay: Delayed 2 second(s)

2018-12-17 16:58:39 - [MESSAGE][PASSED] - Delayed 2 second(s)

2018-12-17 16:58:39 - [TEST_STEP][PASSED] - click: Object: 'Object Repository/Final Object Repo/Creating Employer Account/Page_Registration - ASSIST (Base)/Document Type' is clicked on

2018-12-17 16:58:40 - [MESSAGE][PASSED] - Object: 'Object Repository/Final Object Repo/Creating Employer Account/Page_Registration - ASSIST (Base)/Document Type' is clicked on

2018-12-17 16:58:40 - [TEST_STEP][PASSED] - delay: Delayed 2 second(s)

2018-12-17 16:58:42 - [MESSAGE][PASSED] - Delayed 2 second(s)

2018-12-17 16:58:42 - [TEST_STEP][PASSED] - click: Object: 'Object Repository/Final Object Repo/Creating Employer Account/Page_Registration - ASSIST (Base)/Document Type - Letter of Authorization' is clicked on

2018-12-17 16:58:42 - [MESSAGE][PASSED] - Object: 'Object Repository/Final Object Repo/Creating Employer Account/Page_Registration - ASSIST (Base)/Document Type - Letter of Authorization' is clicked on

2018-12-17 16:58:42 - [TEST_STEP][PASSED] - delay: Delayed 2 second(s)

2018-12-17 16:58:44 - [MESSAGE][PASSED] - Delayed 2 second(s)

2018-12-17 16:58:44 - [TEST_STEP][PASSED] - sendKeys: Keys 'C:\Users\Public\Pictures\Sample Pictures\Koala.jpg' sent to object: 'Object Repository/Final Object Repo/Creating Employer Account/Page_Registration - ASSIST (Base)/Uploading File'

2018-12-17 16:58:44 - [MESSAGE][PASSED] - Keys 'C:\Users\Public\Pictures\Sample Pictures\Koala.jpg' sent to object: 'Object Repository/Final Object Repo/Creating Employer Account/Page_Registration - ASSIST (Base)/Uploading File'

2018-12-17 16:58:44 - [TEST_STEP][PASSED] - delay: Delayed 2 second(s)

2018-12-17 16:58:46 - [MESSAGE][PASSED] - Delayed 2 second(s)

2018-12-17 16:58:46 - [TEST_STEP][PASSED] - click: Object: 'Object Repository/Final Object Repo/Creating Employer Account/Page_Registration - ASSIST (Base)/Add Document in Uploading File' is clicked on

2018-12-17 16:58:46 - [MESSAGE][PASSED] - Object: 'Object Repository/Final Object Repo/Creating Employer Account/Page_Registration - ASSIST (Base)/Add Document in Uploading File' is clicked on

2018-12-17 16:58:46 - [TEST_STEP][PASSED] - delay: Delayed 2 second(s)

2018-12-17 16:58:48 - [MESSAGE][PASSED] - Delayed 2 second(s)

2018-12-17 16:58:48 - [TEST_STEP][PASSED] - click: Object: 'Object Repository/Final Object Repo/Creating Employer Account/Page_Registration - ASSIST (Base)/Save' is clicked on

2018-12-17 16:58:48 - [MESSAGE][PASSED] - Object: 'Object Repository/Final Object Repo/Creating Employer Account/Page_Registration - ASSIST (Base)/Save' is clicked on

2018-12-17 16:58:48 - [TEST_STEP][PASSED] - delay: Delayed 2 second(s)

2018-12-17 16:58:50 - [MESSAGE][PASSED] - Delayed 2 second(s)

2018-12-17 16:58:50 - [TEST_STEP][PASSED] - click: Object: 'Object Repository/Final Object Repo/Creating Employer Account/Page_Registration - ASSIST (Base)/Submit' is clicked on

2018-12-17 16:58:51 - [MESSAGE][PASSED] - Object: 'Object Repository/Final Object Repo/Creating Employer Account/Page_Registration - ASSIST (Base)/Submit' is clicked on

2018-12-17 16:58:51 - [TEST_STEP][PASSED] - delay: Delayed 2 second(s)

2018-12-17 16:58:53 - [MESSAGE][PASSED] - Delayed 2 second(s)

2018-12-17 16:58:53 - [TEST_STEP][PASSED] - click: Object: 'Object Repository/Final Object Repo/Creating Employer Account/Page_Registration - ASSIST (Base)/Confirm' is clicked on

2018-12-17 16:58:53 - [MESSAGE][PASSED] - Object: 'Object Repository/Final Object Repo/Creating Employer Account/Page_Registration - ASSIST (Base)/Confirm' is clicked on

2018-12-17 16:58:53 - [MESSAGE][PASSED] - Call Test Case 'Test Cases/Final Aug 2018 - PKS Automation/Create Employer Acc/Template/Register Employer' successfully

2018-12-17 16:58:53 - [TEST_STEP][PASSED] - delay: Delayed 1 second(s)

2018-12-17 16:58:54 - [MESSAGE][PASSED] - Delayed 1 second(s)

2018-12-17 16:58:54 - [TEST_STEP][PASSED] - navigateToUrl: Navigate to 'https://assist2-uat.perkeso.gov.my/c/portal/logout' successfully

2018-12-17 16:59:03 - [MESSAGE][PASSED] - Navigate to 'https://assist2-uat.perkeso.gov.my/c/portal/logout' successfully

2018-12-17 16:59:03 - [TEST_STEP][PASSED] - delay: Delayed 1 second(s)

2018-12-17 16:59:04 - [MESSAGE][PASSED] - Delayed 1 second(s)

2018-12-17 16:59:04 - [TEST_STEP][PASSED] - callTestCase: Call Test Case 'Test Cases/Final Aug 2018 - PKS Automation/Create Employer Acc/Template/Change Password of Employer' successfully

2018-12-17 16:59:05 - [TEST_CASE][PASSED] - Test Cases/Final Aug 2018 - PKS Automation/Create Employer Acc/Template/Change Password of Employer: Test Cases/Final Aug 2018 - PKS Automation/Create Employer Acc/Template/Change Password of Employer

2018-12-17 16:59:05 - [TEST_STEP][PASSED] - openBrowser: Browser is opened with url: ''

2018-12-17 16:59:05 - [MESSAGE][WARNING] - A browser is already opened. Closing browser and opening a new one

2018-12-17 16:59:07 - [MESSAGE][PASSED] - Browser is opened with url: ''

2018-12-17 16:59:07 - [TEST_STEP][PASSED] - navigateToUrl: Navigate to 'https://assist2-uat.perkeso.gov.my/login' successfully

2018-12-17 16:59:08 - [MESSAGE][PASSED] - Navigate to 'https://assist2-uat.perkeso.gov.my/login' successfully

2018-12-17 16:59:08 - [TEST_STEP][PASSED] - delay: Delayed 5 second(s)

2018-12-17 16:59:13 - [MESSAGE][PASSED] - Delayed 5 second(s)

2018-12-17 16:59:13 - [TEST_STEP][PASSED] - setText: Text 'test@liferay.com' is set on object 'Object Repository/Final Object Repo/Login Page/Internal User/Email Address'

2018-12-17 16:59:14 - [MESSAGE][PASSED] - Text 'test@liferay.com' is set on object 'Object Repository/Final Object Repo/Login Page/Internal User/Email Address'

2018-12-17 16:59:14 - [TEST_STEP][PASSED] - click: Object: 'Object Repository/Final Object Repo/Login Page/Internal User/Next Button' is clicked on

2018-12-17 16:59:14 - [MESSAGE][PASSED] - Object: 'Object Repository/Final Object Repo/Login Page/Internal User/Next Button' is clicked on

2018-12-17 16:59:14 - [TEST_STEP][PASSED] - delay: Delayed 2 second(s)

2018-12-17 16:59:16 - [MESSAGE][PASSED] - Delayed 2 second(s)

2018-12-17 16:59:16 - [TEST_STEP][PASSED] - setText: Text 'test' is set on object 'Object Repository/Final Object Repo/Login Page/Internal User/Password'

2018-12-17 16:59:16 - [MESSAGE][PASSED] - Text 'test' is set on object 'Object Repository/Final Object Repo/Login Page/Internal User/Password'

2018-12-17 16:59:16 - [TEST_STEP][PASSED] - delay: Delayed 2 second(s)

2018-12-17 16:59:18 - [MESSAGE][PASSED] - Delayed 2 second(s)

2018-12-17 16:59:18 - [TEST_STEP][PASSED] - click: Object: 'Object Repository/Final Object Repo/Login Page/Internal User/Login Button' is clicked on

2018-12-17 16:59:18 - [MESSAGE][PASSED] - Object: 'Object Repository/Final Object Repo/Login Page/Internal User/Login Button' is clicked on

2018-12-17 16:59:18 - [TEST_STEP][PASSED] - delay: Delayed 3 second(s)

2018-12-17 16:59:21 - [MESSAGE][PASSED] - Delayed 3 second(s)

2018-12-17 16:59:21 - [TEST_STEP][PASSED] - navigateToUrl: Navigate to 'https://assist2-uat.perkeso.gov.my/group/control_panel/manage?p_p_id=125&p_p_lifecycle=0&p_p_state=maximized&p_p_mode=view&refererPlid=20455&_125_usersListView=flat-users&_125_toolbarItem=view-all-users&_125_saveUsersListView=true&_125_struts_action=%2Fusers_admin%2Fview' successfully

2018-12-17 16:59:23 - [MESSAGE][PASSED] - Navigate to 'https://assist2-uat.perkeso.gov.my/group/control_panel/manage?p_p_id=125&p_p_lifecycle=0&p_p_state=maximized&p_p_mode=view&refererPlid=20455&_125_usersListView=flat-users&_125_toolbarItem=view-all-users&_125_saveUsersListView=true&_125_struts_action=%2Fusers_admin%2Fview' successfully

2018-12-17 16:59:23 - [TEST_STEP][PASSED] - delay: Delayed 3 second(s)

2018-12-17 16:59:26 - [MESSAGE][PASSED] - Delayed 3 second(s)

2018-12-17 16:59:26 - [TEST_STEP][PASSED] - setText: Text 'perkeso480137451245@gmail.com' is set on object 'Object Repository/Final Object Repo/Creating Employer Account/Page_Users and Organizations - ASSIST/Employer name'

2018-12-17 16:59:27 - [MESSAGE][PASSED] - Text 'perkeso480137451245@gmail.com' is set on object 'Object Repository/Final Object Repo/Creating Employer Account/Page_Users and Organizations - ASSIST/Employer name'

2018-12-17 16:59:27 - [TEST_STEP][PASSED] - delay: Delayed 3 second(s)

2018-12-17 16:59:30 - [MESSAGE][PASSED] - Delayed 3 second(s)

2018-12-17 16:59:30 - [TEST_STEP][PASSED] - click: Object: 'Object Repository/Final Object Repo/Creating Employer Account/Page_Users and Organizations - ASSIST/Search' is clicked on

2018-12-17 16:59:30 - [MESSAGE][PASSED] - Object: 'Object Repository/Final Object Repo/Creating Employer Account/Page_Users and Organizations - ASSIST/Search' is clicked on

2018-12-17 16:59:30 - [TEST_STEP][PASSED] - delay: Delayed 3 second(s)

2018-12-17 16:59:33 - [MESSAGE][PASSED] - Delayed 3 second(s)

2018-12-17 16:59:33 - [TEST_STEP][PASSED] - click: Object: 'Object Repository/Final Object Repo/Creating Employer Account/Page_Users and Organizations - ASSIST/Action' is clicked on

2018-12-17 16:59:33 - [MESSAGE][PASSED] - Object: 'Object Repository/Final Object Repo/Creating Employer Account/Page_Users and Organizations - ASSIST/Action' is clicked on

2018-12-17 16:59:33 - [TEST_STEP][PASSED] - delay: Delayed 3 second(s)

2018-12-17 16:59:36 - [MESSAGE][PASSED] - Delayed 3 second(s)

2018-12-17 16:59:36 - [TEST_STEP][PASSED] - click: Object: 'Object Repository/Final Object Repo/Creating Employer Account/Page_Users and Organizations - ASSIST/Edit' is clicked on

2018-12-17 16:59:37 - [MESSAGE][PASSED] - Object: 'Object Repository/Final Object Repo/Creating Employer Account/Page_Users and Organizations - ASSIST/Edit' is clicked on

2018-12-17 16:59:37 - [TEST_STEP][PASSED] - delay: Delayed 3 second(s)

2018-12-17 16:59:40 - [MESSAGE][PASSED] - Delayed 3 second(s)

2018-12-17 16:59:40 - [TEST_STEP][PASSED] - click: Object: 'Object Repository/Final Object Repo/Creating Employer Account/Page_PERKESO - Users and Organizati/a_Password (Modified)' is clicked on

2018-12-17 16:59:40 - [MESSAGE][PASSED] - Object: 'Object Repository/Final Object Repo/Creating Employer Account/Page_PERKESO - Users and Organizati/a_Password (Modified)' is clicked on

2018-12-17 16:59:40 - [TEST_STEP][PASSED] - delay: Delayed 3 second(s)

2018-12-17 16:59:43 - [MESSAGE][PASSED] - Delayed 3 second(s)

2018-12-17 16:59:43 - [TEST_STEP][PASSED] - setEncryptedText: Text ****** has been set on object 'Object Repository/Final Object Repo/Creating Employer Account/Page_PERKESO - Users and Organizati/input__125_password1'

2018-12-17 16:59:44 - [MESSAGE][PASSED] - Text ****** has been set on object 'Object Repository/Final Object Repo/Creating Employer Account/Page_PERKESO - Users and Organizati/input__125_password1'

2018-12-17 16:59:44 - [TEST_STEP][PASSED] - delay: Delayed 3 second(s)

2018-12-17 16:59:47 - [MESSAGE][PASSED] - Delayed 3 second(s)

2018-12-17 16:59:47 - [TEST_STEP][PASSED] - setEncryptedText: Text ****** has been set on object 'Object Repository/Final Object Repo/Creating Employer Account/Page_PERKESO - Users and Organizati/input__125_password2'

2018-12-17 16:59:47 - [MESSAGE][PASSED] - Text ****** has been set on object 'Object Repository/Final Object Repo/Creating Employer Account/Page_PERKESO - Users and Organizati/input__125_password2'

2018-12-17 16:59:47 - [TEST_STEP][PASSED] - delay: Delayed 3 second(s)

2018-12-17 16:59:50 - [MESSAGE][PASSED] - Delayed 3 second(s)

2018-12-17 16:59:50 - [TEST_STEP][PASSED] - click: Object: 'Object Repository/Final Object Repo/Creating Employer Account/Page_PERKESO - Users and Organizati/Save' is clicked on

2018-12-17 16:59:52 - [MESSAGE][PASSED] - Object: 'Object Repository/Final Object Repo/Creating Employer Account/Page_PERKESO - Users and Organizati/Save' is clicked on

2018-12-17 16:59:52 - [MESSAGE][PASSED] - Call Test Case 'Test Cases/Final Aug 2018 - PKS Automation/Create Employer Acc/Template/Change Password of Employer' successfully

2018-12-17 16:59:52 - [TEST_STEP][PASSED] - delay: Delayed 1 second(s)

2018-12-17 16:59:53 - [MESSAGE][PASSED] - Delayed 1 second(s)

2018-12-17 16:59:53 - [TEST_STEP][PASSED] - navigateToUrl: Navigate to 'https://assist2-uat.perkeso.gov.my/c/portal/logout' successfully

2018-12-17 16:59:54 - [MESSAGE][PASSED] - Navigate to 'https://assist2-uat.perkeso.gov.my/c/portal/logout' successfully

2018-12-17 16:59:54 - [TEST_STEP][PASSED] - delay: Delayed 1 second(s)

2018-12-17 16:59:55 - [MESSAGE][PASSED] - Delayed 1 second(s)

2018-12-17 16:59:55 - [TEST_STEP][PASSED] - callTestCase: Call Test Case 'Test Cases/Final Aug 2018 - PKS Automation/Create Employer Acc/Template/Login to Employer Account (First Time)' successfully

2018-12-17 16:59:55 - [TEST_CASE][PASSED] - Test Cases/Final Aug 2018 - PKS Automation/Create Employer Acc/Template/Login to Employer Account (First Time): Test Cases/Final Aug 2018 - PKS Automation/Create Employer Acc/Template/Login to Employer Account (First Time)

2018-12-17 16:59:55 - [TEST_STEP][PASSED] - openBrowser: Browser is opened with url: ''

2018-12-17 16:59:55 - [MESSAGE][WARNING] - A browser is already opened. Closing browser and opening a new one

2018-12-17 16:59:58 - [MESSAGE][PASSED] - Browser is opened with url: ''

2018-12-17 16:59:58 - [TEST_STEP][PASSED] - navigateToUrl: Navigate to 'https://assist2-uat.perkeso.gov.my/employer/login' successfully

2018-12-17 16:59:59 - [MESSAGE][PASSED] - Navigate to 'https://assist2-uat.perkeso.gov.my/employer/login' successfully

2018-12-17 16:59:59 - [TEST_STEP][PASSED] - delay: Delayed 3 second(s)

2018-12-17 17:00:02 - [MESSAGE][PASSED] - Delayed 3 second(s)

2018-12-17 17:00:02 - [TEST_STEP][PASSED] - callTestCase: Call Test Case 'Test Cases/Final Aug 2018 - PKS Automation/Create Employer Acc/Template/Employer Email Getter' successfully

2018-12-17 17:00:02 - [TEST_CASE][PASSED] - Test Cases/Final Aug 2018 - PKS Automation/Create Employer Acc/Template/Employer Email Getter: Test Cases/Final Aug 2018 - PKS Automation/Create Employer Acc/Template/Employer Email Getter

2018-12-17 17:00:02 - [TEST_STEP][PASSED] - Statement - Try: null

2018-12-17 17:00:02 - [TEST_STEP][PASSED] - Statement - EmpEmail = new java.io.File(C://Users//Admin//Desktop//PKS//Automation Reference Point//EmpEmail.txt): null

2018-12-17 17:00:02 - [TEST_STEP][PASSED] - Statement - bufferread = new java.io.BufferedReader(new java.io.FileReader(EmpEmail)): null

2018-12-17 17:00:02 - [TEST_STEP][PASSED] - Statement - readedVal = bufferread.readLine(): null

2018-12-17 17:00:02 - [TEST_STEP][PASSED] - Statement - out.println(readedVal): null

2018-12-17 17:00:02 - [TEST_STEP][PASSED] - Statement - Email = readedVal: null

2018-12-17 17:00:02 - [MESSAGE][PASSED] - Call Test Case 'Test Cases/Final Aug 2018 - PKS Automation/Create Employer Acc/Template/Employer Email Getter' successfully

2018-12-17 17:00:02 - [TEST_STEP][PASSED] - setText: Text 'perkeso480137451245@gmail.com' is set on object 'Object Repository/Final Object Repo/Login Page/External Login Page/Email'

2018-12-17 17:00:03 - [MESSAGE][PASSED] - Text 'perkeso480137451245@gmail.com' is set on object 'Object Repository/Final Object Repo/Login Page/External Login Page/Email'

2018-12-17 17:00:03 - [TEST_STEP][PASSED] - click: Object: 'Object Repository/Final Object Repo/Login Page/External Login Page/Next' is clicked on

2018-12-17 17:00:03 - [MESSAGE][PASSED] - Object: 'Object Repository/Final Object Repo/Login Page/External Login Page/Next' is clicked on

2018-12-17 17:00:03 - [TEST_STEP][PASSED] - delay: Delayed 3 second(s)

2018-12-17 17:00:06 - [MESSAGE][PASSED] - Delayed 3 second(s)

2018-12-17 17:00:06 - [TEST_STEP][PASSED] - setEncryptedText: Text ****** has been set on object 'Object Repository/Final Object Repo/Login Page/External Login Page/Password'

2018-12-17 17:00:06 - [MESSAGE][PASSED] - Text ****** has been set on object 'Object Repository/Final Object Repo/Login Page/External Login Page/Password'

2018-12-17 17:00:06 - [TEST_STEP][PASSED] - click: Object: 'Object Repository/Final Object Repo/Login Page/External Login Page/Login' is clicked on

2018-12-17 17:00:06 - [MESSAGE][PASSED] - Object: 'Object Repository/Final Object Repo/Login Page/External Login Page/Login' is clicked on

2018-12-17 17:00:06 - [TEST_STEP][PASSED] - delay: Delayed 3 second(s)

2018-12-17 17:00:09 - [MESSAGE][PASSED] - Delayed 3 second(s)

2018-12-17 17:00:09 - [TEST_STEP][PASSED] - click: Object: 'Object Repository/Final Object Repo/Creating Employer Account/Page_Terms of Use - ASSIST/button_I Agree' is clicked on

2018-12-17 17:00:11 - [MESSAGE][PASSED] - Object: 'Object Repository/Final Object Repo/Creating Employer Account/Page_Terms of Use - ASSIST/button_I Agree' is clicked on

2018-12-17 17:00:11 - [TEST_STEP][PASSED] - delay: Delayed 2 second(s)

2018-12-17 17:00:13 - [MESSAGE][PASSED] - Delayed 2 second(s)

2018-12-17 17:00:13 - [TEST_STEP][PASSED] - setEncryptedText: Text ****** has been set on object 'Object Repository/Final Object Repo/Creating Employer Account/Page_New Password - ASSIST/input_password1'

2018-12-17 17:00:13 - [MESSAGE][PASSED] - Text ****** has been set on object 'Object Repository/Final Object Repo/Creating Employer Account/Page_New Password - ASSIST/input_password1'

2018-12-17 17:00:13 - [TEST_STEP][PASSED] - setEncryptedText: Text ****** has been set on object 'Object Repository/Final Object Repo/Creating Employer Account/Page_New Password - ASSIST/input_password2'

2018-12-17 17:00:13 - [MESSAGE][PASSED] - Text ****** has been set on object 'Object Repository/Final Object Repo/Creating Employer Account/Page_New Password - ASSIST/input_password2'

2018-12-17 17:00:13 - [TEST_STEP][PASSED] - delay: Delayed 2 second(s)

2018-12-17 17:00:15 - [MESSAGE][PASSED] - Delayed 2 second(s)

2018-12-17 17:00:15 - [TEST_STEP][PASSED] - click: Object: 'Object Repository/Final Object Repo/Creating Employer Account/Page_New Password - ASSIST/Save' is clicked on

2018-12-17 17:00:15 - [MESSAGE][PASSED] - Object: 'Object Repository/Final Object Repo/Creating Employer Account/Page_New Password - ASSIST/Save' is clicked on

2018-12-17 17:00:15 - [TEST_STEP][PASSED] - delay: Delayed 2 second(s)

2018-12-17 17:00:17 - [MESSAGE][PASSED] - Delayed 2 second(s)

2018-12-17 17:00:17 - [TEST_STEP][PASSED] - setText: Text 'test' is set on object 'Object Repository/Final Object Repo/Creating Employer Account/Page_Password Reminder - ASSIST/Reminder Query Answer'

2018-12-17 17:00:17 - [MESSAGE][PASSED] - Text 'test' is set on object 'Object Repository/Final Object Repo/Creating Employer Account/Page_Password Reminder - ASSIST/Reminder Query Answer'

2018-12-17 17:00:17 - [TEST_STEP][PASSED] - delay: Delayed 2 second(s)

2018-12-17 17:00:19 - [MESSAGE][PASSED] - Delayed 2 second(s)

2018-12-17 17:00:19 - [TEST_STEP][PASSED] - doubleClick: Object: 'Object Repository/Final Object Repo/Creating Employer Account/Page_Password Reminder - ASSIST/Save' is double clicked on

2018-12-17 17:00:20 - [MESSAGE][PASSED] - Object: 'Object Repository/Final Object Repo/Creating Employer Account/Page_Password Reminder - ASSIST/Save' is double clicked on

2018-12-17 17:00:20 - [MESSAGE][PASSED] - Call Test Case 'Test Cases/Final Aug 2018 - PKS Automation/Create Employer Acc/Template/Login to Employer Account (First Time)' successfully

2018-12-17 17:00:20 - [MESSAGE][PASSED] - Call Test Case 'Test Cases/Final Aug 2018 - PKS Automation/Create Employer Acc/Create Employer Account' successfully

2018-12-17 17:00:20 - [TEST_STEP][PASSED] - callTestCase: Call Test Case 'Test Cases/Final Aug 2018 - PKS Automation/Registration Module/Log Out/log out avoiding katalon tagging' successfully

2018-12-17 17:00:20 - [TEST_CASE][PASSED] - Test Cases/Final Aug 2018 - PKS Automation/Registration Module/Log Out/log out avoiding katalon tagging: Test Cases/Final Aug 2018 - PKS Automation/Registration Module/Log Out/log out avoiding katalon tagging

2018-12-17 17:00:20 - [TEST_STEP][PASSED] - navigateToUrl: Navigate to 'https://assist2-uat.perkeso.gov.my/c/portal/logout' successfully

2018-12-17 17:00:23 - [MESSAGE][PASSED] - Navigate to 'https://assist2-uat.perkeso.gov.my/c/portal/logout' successfully

2018-12-17 17:00:23 - [MESSAGE][PASSED] - Call Test Case 'Test Cases/Final Aug 2018 - PKS Automation/Registration Module/Log Out/log out avoiding katalon tagging' successfully

2018-12-17 17:00:23 - [TEST_STEP][PASSED] - callTestCase: Call Test Case 'Test Cases/Final Aug 2018 - PKS Automation/Create Employer Acc/Login to Employer Account (Second time)' successfully

2018-12-17 17:00:23 - [TEST_CASE][PASSED] - Test Cases/Final Aug 2018 - PKS Automation/Create Employer Acc/Login to Employer Account (Second time): Test Cases/Final Aug 2018 - PKS Automation/Create Employer Acc/Login to Employer Account (Second time)

2018-12-17 17:00:23 - [TEST_STEP][PASSED] - openBrowser: Browser is opened with url: ''

2018-12-17 17:00:23 - [MESSAGE][WARNING] - A browser is already opened. Closing browser and opening a new one

2018-12-17 17:00:27 - [MESSAGE][PASSED] - Browser is opened with url: ''

2018-12-17 17:00:27 - [TEST_STEP][PASSED] - navigateToUrl: Navigate to 'https://assist2-uat.perkeso.gov.my/employer/login' successfully

2018-12-17 17:00:28 - [MESSAGE][PASSED] - Navigate to 'https://assist2-uat.perkeso.gov.my/employer/login' successfully

2018-12-17 17:00:28 - [TEST_STEP][PASSED] - delay: Delayed 3 second(s)

2018-12-17 17:00:31 - [MESSAGE][PASSED] - Delayed 3 second(s)

2018-12-17 17:00:31 - [TEST_STEP][PASSED] - callTestCase: Call Test Case 'Test Cases/Final Aug 2018 - PKS Automation/Create Employer Acc/Template/Employer Email Getter' successfully

2018-12-17 17:00:31 - [TEST_CASE][PASSED] - Test Cases/Final Aug 2018 - PKS Automation/Create Employer Acc/Template/Employer Email Getter: Test Cases/Final Aug 2018 - PKS Automation/Create Employer Acc/Template/Employer Email Getter

2018-12-17 17:00:31 - [TEST_STEP][PASSED] - Statement - Try: null

2018-12-17 17:00:31 - [TEST_STEP][PASSED] - Statement - EmpEmail = new java.io.File(C://Users//Admin//Desktop//PKS//Automation Reference Point//EmpEmail.txt): null

2018-12-17 17:00:31 - [TEST_STEP][PASSED] - Statement - bufferread = new java.io.BufferedReader(new java.io.FileReader(EmpEmail)): null

2018-12-17 17:00:31 - [TEST_STEP][PASSED] - Statement - readedVal = bufferread.readLine(): null

2018-12-17 17:00:31 - [TEST_STEP][PASSED] - Statement - out.println(readedVal): null

2018-12-17 17:00:31 - [TEST_STEP][PASSED] - Statement - Email = readedVal: null

2018-12-17 17:00:31 - [MESSAGE][PASSED] - Call Test Case 'Test Cases/Final Aug 2018 - PKS Automation/Create Employer Acc/Template/Employer Email Getter' successfully

2018-12-17 17:00:31 - [TEST_STEP][PASSED] - setText: Text 'perkeso480137451245@gmail.com' is set on object 'Object Repository/Final Object Repo/Login Page/External Login Page/Email'

2018-12-17 17:00:31 - [MESSAGE][PASSED] - Text 'perkeso480137451245@gmail.com' is set on object 'Object Repository/Final Object Repo/Login Page/External Login Page/Email'

2018-12-17 17:00:31 - [TEST_STEP][PASSED] - click: Object: 'Object Repository/Final Object Repo/Login Page/External Login Page/Next' is clicked on

2018-12-17 17:00:31 - [MESSAGE][PASSED] - Object: 'Object Repository/Final Object Repo/Login Page/External Login Page/Next' is clicked on

2018-12-17 17:00:31 - [TEST_STEP][PASSED] - delay: Delayed 3 second(s)

2018-12-17 17:00:34 - [MESSAGE][PASSED] - Delayed 3 second(s)

2018-12-17 17:00:34 - [TEST_STEP][PASSED] - setEncryptedText: Text ****** has been set on object 'Object Repository/Final Object Repo/Login Page/External Login Page/Password'

2018-12-17 17:00:35 - [MESSAGE][PASSED] - Text ****** has been set on object 'Object Repository/Final Object Repo/Login Page/External Login Page/Password'

2018-12-17 17:00:35 - [TEST_STEP][PASSED] - click: Object: 'Object Repository/Final Object Repo/Login Page/External Login Page/Login' is clicked on

2018-12-17 17:00:35 - [MESSAGE][PASSED] - Object: 'Object Repository/Final Object Repo/Login Page/External Login Page/Login' is clicked on

2018-12-17 17:00:35 - [TEST_STEP][PASSED] - delay: Delayed 5 second(s)

2018-12-17 17:00:40 - [MESSAGE][PASSED] - Delayed 5 second(s)

2018-12-17 17:00:40 - [MESSAGE][PASSED] - Call Test Case 'Test Cases/Final Aug 2018 - PKS Automation/Create Employer Acc/Login to Employer Account (Second time)' successfully

2018-12-17 17:00:40 - [TEST_STEP][PASSED] - delay: Delayed 4 second(s)

2018-12-17 17:00:44 - [MESSAGE][PASSED] - Delayed 4 second(s)

2018-12-17 17:00:44 - [TEST_STEP][PASSED] - Statement - Try: Delayed 2 second(s)

2018-12-17 17:00:44 - [TEST_STEP][PASSED] - Statement - Checker = false: null

2018-12-17 17:00:44 - [TEST_STEP][PASSED] - Statement - Checker = com.kms.katalon.core.webui.keyword.WebUiBuiltInKeywords.verifyElementHasAttribute(com.kms.katalon.core.testobject.ObjectRepository.findTestObject(Final Object Repo/Landing Page/BM Detecting), "href", 20, OPTIONAL): Object 'Object Repository/Final Object Repo/Landing Page/BM Detecting' has attribute 'href'

2018-12-17 17:00:44 - [MESSAGE][PASSED] - Object 'Object Repository/Final Object Repo/Landing Page/BM Detecting' has attribute 'href'

2018-12-17 17:00:44 - [TEST_STEP][PASSED] - Statement - out.println(Checker): null

2018-12-17 17:00:44 - [TEST_STEP][PASSED] - Statement - If (Checker == false): null

2018-12-17 17:00:44 - [TEST_STEP][PASSED] - Statement - Else: null

2018-12-17 17:00:44 - [TEST_STEP][PASSED] - delay: Delayed 2 second(s)

2018-12-17 17:00:46 - [MESSAGE][PASSED] - Delayed 2 second(s)

2018-12-17 17:00:46 - [TEST_STEP][PASSED] - delay: Delayed 4 second(s)

2018-12-17 17:00:50 - [MESSAGE][PASSED] - Delayed 4 second(s)

2018-12-17 17:00:50 - [TEST_STEP][PASSED] - click: Object: 'Object Repository/Final Object Repo/Landing Page/My Sites Drop Down' is clicked on

2018-12-17 17:00:50 - [MESSAGE][PASSED] - Object: 'Object Repository/Final Object Repo/Landing Page/My Sites Drop Down' is clicked on

2018-12-17 17:00:50 - [TEST_STEP][PASSED] - click: Object: 'Object Repository/Final Object Repo/Landing Page/Select to Registration Module' is clicked on

2018-12-17 17:00:53 - [MESSAGE][PASSED] - Object: 'Object Repository/Final Object Repo/Landing Page/Select to Registration Module' is clicked on

2018-12-17 17:00:53 - [TEST_STEP][PASSED] - click: Object: 'Object Repository/Final Object Repo/Landing Page/Registration Button' is clicked on

2018-12-17 17:00:54 - [MESSAGE][PASSED] - Object: 'Object Repository/Final Object Repo/Landing Page/Registration Button' is clicked on

2018-12-17 17:00:54 - [TEST_STEP][PASSED] - delay: Delayed 2 second(s)

2018-12-17 17:00:56 - [MESSAGE][PASSED] - Delayed 2 second(s)

2018-12-17 17:00:56 - [TEST_STEP][PASSED] - click: Object: 'Object Repository/Final Object Repo/New Registration - Registration Module Pages/New Reg - OTC to RO/Special Case - OTC - Form 1/AEC NO' is clicked on

2018-12-17 17:00:57 - [MESSAGE][PASSED] - Object: 'Object Repository/Final Object Repo/New Registration - Registration Module Pages/New Reg - OTC to RO/Special Case - OTC - Form 1/AEC NO' is clicked on

2018-12-17 17:00:57 - [TEST_STEP][PASSED] - click: Object: 'Object Repository/Final Object Repo/New Registration - Registration Module Pages/New Reg - OTC to RO/Special Case - OTC - Form 1/Business Entity - Please Select' is clicked on

2018-12-17 17:00:57 - [MESSAGE][PASSED] - Object: 'Object Repository/Final Object Repo/New Registration - Registration Module Pages/New Reg - OTC to RO/Special Case - OTC - Form 1/Business Entity - Please Select' is clicked on

2018-12-17 17:00:57 - [TEST_STEP][PASSED] - click: Object: 'Object Repository/Final Object Repo/New Registration - Registration Module Pages/New Reg - OTC to RO/Special Case - OTC - Form 1/Selected - Corporation' is clicked on

2018-12-17 17:00:57 - [MESSAGE][PASSED] - Object: 'Object Repository/Final Object Repo/New Registration - Registration Module Pages/New Reg - OTC to RO/Special Case - OTC - Form 1/Selected - Corporation' is clicked on

2018-12-17 17:00:57 - [TEST_STEP][PASSED] - delay: Delayed 2 second(s)

2018-12-17 17:00:59 - [MESSAGE][PASSED] - Delayed 2 second(s)

2018-12-17 17:00:59 - [TEST_STEP][PASSED] - click: Object: 'Object Repository/Final Object Repo/New Registration - Registration Module Pages/New Reg - OTC to RO/Special Case - OTC - Form 1/Sub Business Entity - Please Select' is clicked on

2018-12-17 17:00:59 - [MESSAGE][PASSED] - Object: 'Object Repository/Final Object Repo/New Registration - Registration Module Pages/New Reg - OTC to RO/Special Case - OTC - Form 1/Sub Business Entity - Please Select' is clicked on

2018-12-17 17:00:59 - [TEST_STEP][PASSED] - delay: Delayed 2 second(s)

2018-12-17 17:01:01 - [MESSAGE][PASSED] - Delayed 2 second(s)

2018-12-17 17:01:01 - [TEST_STEP][PASSED] - click: Object: 'Object Repository/Final Object Repo/New Registration - Registration Module Pages/New Reg - OTC to RO/Special Case - OTC - Form 1/Selected - Sendirian Berhad' is clicked on

2018-12-17 17:01:01 - [MESSAGE][PASSED] - Object: 'Object Repository/Final Object Repo/New Registration - Registration Module Pages/New Reg - OTC to RO/Special Case - OTC - Form 1/Selected - Sendirian Berhad' is clicked on

2018-12-17 17:01:01 - [TEST_STEP][PASSED] - setText: Text 'AUTOMATE001' is set on object 'Object Repository/Final Object Repo/New Registration - Registration Module Pages/New Reg - OTC to RO/Special Case - OTC - Form 1/Input BRN Number'

2018-12-17 17:01:02 - [MESSAGE][PASSED] - Text 'AUTOMATE001' is set on object 'Object Repository/Final Object Repo/New Registration - Registration Module Pages/New Reg - OTC to RO/Special Case - OTC - Form 1/Input BRN Number'

2018-12-17 17:01:02 - [TEST_STEP][PASSED] - delay: Delayed 2 second(s)

2018-12-17 17:01:04 - [MESSAGE][PASSED] - Delayed 2 second(s)

2018-12-17 17:01:04 - [TEST_STEP][PASSED] - click: Object: 'Object Repository/Final Object Repo/New Registration - Registration Module Pages/New Reg - OTC to RO/Special Case - OTC - Form 1/BRN Search' is clicked on

2018-12-17 17:01:04 - [MESSAGE][PASSED] - Object: 'Object Repository/Final Object Repo/New Registration - Registration Module Pages/New Reg - OTC to RO/Special Case - OTC - Form 1/BRN Search' is clicked on

2018-12-17 17:01:04 - [TEST_STEP][PASSED] - delay: Delayed 4 second(s)

2018-12-17 17:01:08 - [MESSAGE][PASSED] - Delayed 4 second(s)

2018-12-17 17:01:08 - [TEST_STEP][PASSED] - click: Object: 'Object Repository/Final Object Repo/New Registration - Registration Module Pages/New Reg - OTC to RO/Special Case - OTC - Form 1/Registered with SSM - After Feb 2017' is clicked on

2018-12-17 17:01:08 - [MESSAGE][PASSED] - Object: 'Object Repository/Final Object Repo/New Registration - Registration Module Pages/New Reg - OTC to RO/Special Case - OTC - Form 1/Registered with SSM - After Feb 2017' is clicked on

2018-12-17 17:01:08 - [TEST_STEP][PASSED] - delay: Delayed 2 second(s)

2018-12-17 17:01:10 - [MESSAGE][PASSED] - Delayed 2 second(s)

2018-12-17 17:01:10 - [TEST_STEP][PASSED] - click: Object: 'Object Repository/Final Object Repo/New Registration - Registration Module Pages/Form 1/Registered As a Branch - Yes' is clicked on

2018-12-17 17:01:10 - [MESSAGE][PASSED] - Object: 'Object Repository/Final Object Repo/New Registration - Registration Module Pages/Form 1/Registered As a Branch - Yes' is clicked on

2018-12-17 17:01:10 - [TEST_STEP][PASSED] - click: Object: 'Object Repository/Final Object Repo/New Registration - Registration Module Pages/New Reg - OTC to RO/Special Case - OTC - Form 1/Acknowledgement Ticked' is clicked on

2018-12-17 17:01:11 - [MESSAGE][PASSED] - Object: 'Object Repository/Final Object Repo/New Registration - Registration Module Pages/New Reg - OTC to RO/Special Case - OTC - Form 1/Acknowledgement Ticked' is clicked on

2018-12-17 17:01:11 - [TEST_STEP][PASSED] - setText: Text 'perkeso480137451245@gmail.com' is set on object 'Object Repository/Final Object Repo/New Registration - Registration Module Pages/Form 1/Email'

2018-12-17 17:01:11 - [MESSAGE][PASSED] - Text 'perkeso480137451245@gmail.com' is set on object 'Object Repository/Final Object Repo/New Registration - Registration Module Pages/Form 1/Email'

2018-12-17 17:01:11 - [TEST_STEP][PASSED] - click: Object: 'Object Repository/Final Object Repo/New Registration - Registration Module Pages/New Reg - OTC to RO/Special Case - OTC - Form 1/Submit Button' is clicked on

2018-12-17 17:01:12 - [MESSAGE][PASSED] - Object: 'Object Repository/Final Object Repo/New Registration - Registration Module Pages/New Reg - OTC to RO/Special Case - OTC - Form 1/Submit Button' is clicked on

2018-12-17 17:01:12 - [TEST_STEP][PASSED] - callTestCase: Call Test Case 'Test Cases/Final Aug 2018 - PKS Automation/Registration Module/New Registration/Form 2/Add 1 Eligible - Employer Account Use' successfully

2018-12-17 17:01:12 - [TEST_CASE][PASSED] - Test Cases/Final Aug 2018 - PKS Automation/Registration Module/New Registration/Form 2/Add 1 Eligible - Employer Account Use: Test Cases/Final Aug 2018 - PKS Automation/Registration Module/New Registration/Form 2/Add 1 Eligible - Employer Account Use

2018-12-17 17:01:12 - [TEST_STEP][PASSED] - delay: Delayed 2 second(s)

2018-12-17 17:01:14 - [MESSAGE][PASSED] - Delayed 2 second(s)

2018-12-17 17:01:14 - [TEST_STEP][PASSED] - callTestCase: Call Test Case 'Test Cases/Final Aug 2018 - PKS Automation/Registration Module/New Registration/Form 2/Date Updater' successfully

2018-12-17 17:01:14 - [TEST_CASE][PASSED] - Test Cases/Final Aug 2018 - PKS Automation/Registration Module/New Registration/Form 2/Date Updater: Test Cases/Final Aug 2018 - PKS Automation/Registration Module/New Registration/Form 2/Date Updater

2018-12-17 17:01:14 - [TEST_STEP][PASSED] - Statement - TodayDate = new java.util.Date(): null

2018-12-17 17:01:14 - [TEST_STEP][PASSED] - Statement - CurrentDateNoFilter = new java.text.SimpleDateFormat(): null

2018-12-17 17:01:14 - [TEST_STEP][PASSED] - Statement - CurrentDateNoFilter.applyPattern("MM"): null

2018-12-17 17:01:14 - [TEST_STEP][PASSED] - Statement - monthContainerMatcher = java.lang.Integer.parseInt(CurrentDateNoFilter.format(TodayDate)): null

2018-12-17 17:01:14 - [TEST_STEP][PASSED] - Statement - monthContainerMatcher = monthContainerMatcher - 1: null

2018-12-17 17:01:14 - [TEST_STEP][PASSED] - Statement - CurrentMonth = monthContainerMatcher.toString(): null

2018-12-17 17:01:14 - [TEST_STEP][PASSED] - Statement - CurrentMonth = CurrentMonth: null

2018-12-17 17:01:14 - [TEST_STEP][PASSED] - Statement - CurrentDateNoFilter.applyPattern("yyyy"): null

2018-12-17 17:01:14 - [TEST_STEP][PASSED] - Statement - CurrentYear = CurrentDateNoFilter.format(TodayDate): null

2018-12-17 17:01:14 - [TEST_STEP][PASSED] - Statement - CurrentYear = CurrentYear: null

2018-12-17 17:01:14 - [TEST_STEP][PASSED] - Statement - intCurrentYear = java.lang.Integer.parseInt(CurrentDateNoFilter.format(TodayDate)): null

2018-12-17 17:01:14 - [TEST_STEP][PASSED] - Statement - eighteenYrsAgo = intCurrentYear - 18: null

2018-12-17 17:01:14 - [TEST_STEP][PASSED] - Statement - eighteenYrsBeforeThisYr = eighteenYrsAgo.toString(): null

2018-12-17 17:01:14 - [TEST_STEP][PASSED] - Statement - EighteenYrsBefore = eighteenYrsBeforeThisYr: null

2018-12-17 17:01:14 - [TEST_STEP][PASSED] - Statement - fiftysevenYrsAgo = intCurrentYear - 57: null

2018-12-17 17:01:14 - [TEST_STEP][PASSED] - Statement - fiftysevenYrsBeforeThisYr = fiftysevenYrsAgo.toString(): null

2018-12-17 17:01:14 - [TEST_STEP][PASSED] - Statement - FiftysevenYrsBefore = fiftysevenYrsBeforeThisYr: null

2018-12-17 17:01:14 - [TEST_STEP][PASSED] - Statement - leapYear = false: null

2018-12-17 17:01:14 - [TEST_STEP][PASSED] - Statement - leapYear = intCurrentYear % 4 == 0: null

2018-12-17 17:01:14 - [TEST_STEP][PASSED] - Statement - CurrentDateNoFilter.applyPattern("dd"): null

2018-12-17 17:01:14 - [TEST_STEP][PASSED] - Statement - CurrentDate = CurrentDateNoFilter.format(TodayDate): null

2018-12-17 17:01:14 - [TEST_STEP][PASSED] - Statement - CurrentDate = java.lang.Integer.parseInt(CurrentDate): null

2018-12-17 17:01:14 - [TEST_STEP][PASSED] - Statement - CurrentDate = CurrentDate: null

2018-12-17 17:01:14 - [TEST_STEP][PASSED] - Statement - CurrentDay = java.lang.Integer.parseInt(CurrentDate): null

2018-12-17 17:01:14 - [TEST_STEP][PASSED] - Statement - ConfAdder = <not implemented yet for class: org.codehaus.groovy.ast.expr.EmptyExpression>: null

2018-12-17 17:01:14 - [TEST_STEP][PASSED] - Statement - out.println(CurrentMonth): null

2018-12-17 17:01:14 - [TEST_STEP][PASSED] - Statement - out.println(CurrentDate): null

2018-12-17 17:01:14 - [TEST_STEP][PASSED] - Statement - switch (CurrentDate): null

2018-12-17 17:01:14 - [TEST_STEP][PASSED] - Statement - Default: null

2018-12-17 17:01:14 - [TEST_STEP][PASSED] - Statement - ConfAdder = true: null

2018-12-17 17:01:14 - [TEST_STEP][PASSED] - Statement - Break: null

2018-12-17 17:01:14 - [TEST_STEP][PASSED] - Statement - aDayBefore = <not implemented yet for class: org.codehaus.groovy.ast.expr.EmptyExpression>: null

2018-12-17 17:01:14 - [TEST_STEP][PASSED] - Statement - out.println(ConfAdder): null

2018-12-17 17:01:14 - [TEST_STEP][PASSED] - Statement - If (ConfAdder == true): null

2018-12-17 17:01:14 - [TEST_STEP][PASSED] - Statement - aDayBefore = CurrentDay + 1: null

2018-12-17 17:01:14 - [TEST_STEP][PASSED] - Statement - out.println(aDayBefore): null

2018-12-17 17:01:14 - [TEST_STEP][PASSED] - Statement - If (aDayBefore == 1 && CurrentMonth == 11): null

2018-12-17 17:01:14 - [TEST_STEP][PASSED] - Statement - DayBefore = aDayBefore.toString(): null

2018-12-17 17:01:14 - [TEST_STEP][PASSED] - Statement - OneDayBefore = DayBefore: null

2018-12-17 17:01:14 - [MESSAGE][PASSED] - Call Test Case 'Test Cases/Final Aug 2018 - PKS Automation/Registration Module/New Registration/Form 2/Date Updater' successfully

2018-12-17 17:01:14 - [TEST_STEP][PASSED] - delay: Delayed 1 second(s)

2018-12-17 17:01:15 - [MESSAGE][PASSED] - Delayed 1 second(s)

2018-12-17 17:01:15 - [TEST_STEP][PASSED] - Statement - CaseReferenceNo = com.kms.katalon.core.webui.keyword.WebUiBuiltInKeywords.getText(com.kms.katalon.core.testobject.ObjectRepository.findTestObject(Final Object Repo/New Registration - Registration Module Pages/Form 2/RefNo Acquiring)): Text of object 'Object Repository/Final Object Repo/New Registration - Registration Module Pages/Form 2/RefNo Acquiring' is: 'CRN12201800123370'

2018-12-17 17:01:15 - [MESSAGE][PASSED] - Text of object 'Object Repository/Final Object Repo/New Registration - Registration Module Pages/Form 2/RefNo Acquiring' is: 'CRN12201800123370'

2018-12-17 17:01:15 - [TEST_STEP][PASSED] - delay: Delayed 1 second(s)

2018-12-17 17:01:16 - [MESSAGE][PASSED] - Delayed 1 second(s)

2018-12-17 17:01:16 - [TEST_STEP][PASSED] - click: Object: 'Object Repository/Final Object Repo/New Registration - Registration Module Pages/Form 2/Add Employee Button' is clicked on

2018-12-17 17:01:16 - [MESSAGE][PASSED] - Object: 'Object Repository/Final Object Repo/New Registration - Registration Module Pages/Form 2/Add Employee Button' is clicked on

2018-12-17 17:01:16 - [TEST_STEP][PASSED] - delay: Delayed 1 second(s)

2018-12-17 17:01:17 - [MESSAGE][PASSED] - Delayed 1 second(s)

2018-12-17 17:01:17 - [TEST_STEP][PASSED] - setText: Text '010903091948' is set on object 'Object Repository/Final Object Repo/New Registration - Registration Module Pages/Form 2/NRIC Input'

2018-12-17 17:01:18 - [MESSAGE][PASSED] - Text '010903091948' is set on object 'Object Repository/Final Object Repo/New Registration - Registration Module Pages/Form 2/NRIC Input'

2018-12-17 17:01:18 - [TEST_STEP][PASSED] - delay: Delayed 2 second(s)

2018-12-17 17:01:20 - [MESSAGE][PASSED] - Delayed 2 second(s)

2018-12-17 17:01:20 - [TEST_STEP][PASSED] - setText: Text 'Automate001 eligible 1' is set on object 'Object Repository/Final Object Repo/New Registration - Registration Module Pages/Form 2/Employee Name Input'

2018-12-17 17:01:20 - [MESSAGE][PASSED] - Text 'Automate001 eligible 1' is set on object 'Object Repository/Final Object Repo/New Registration - Registration Module Pages/Form 2/Employee Name Input'

2018-12-17 17:01:20 - [TEST_STEP][PASSED] - delay: Delayed 2 second(s)

2018-12-17 17:01:22 - [MESSAGE][PASSED] - Delayed 2 second(s)

2018-12-17 17:01:22 - [TEST_STEP][PASSED] - click: Object: 'Object Repository/Final Object Repo/New Registration - Registration Module Pages/Form 2/DatePicker Pop Up' is clicked on

2018-12-17 17:01:22 - [MESSAGE][PASSED] - Object: 'Object Repository/Final Object Repo/New Registration - Registration Module Pages/Form 2/DatePicker Pop Up' is clicked on

2018-12-17 17:01:22 - [TEST_STEP][PASSED] - click: Object: 'Object Repository/Final Object Repo/New Registration - Registration Module Pages/Form 2/DOB Month' is clicked on

2018-12-17 17:01:23 - [MESSAGE][PASSED] - Object: 'Object Repository/Final Object Repo/New Registration - Registration Module Pages/Form 2/DOB Month' is clicked on

2018-12-17 17:01:23 - [TEST_STEP][PASSED] - Statement - CurrentMonth = CurrentMonth: null

2018-12-17 17:01:23 - [TEST_STEP][PASSED] - Statement - selectMonth = new com.kms.katalon.core.testobject.TestObject(): null

2018-12-17 17:01:23 - [TEST_STEP][PASSED] - Statement - selectMonth.addProperty("xpath", EQUALS, "//body/div/div/div/select/option[@value='" + CurrentMonth + "']", true): null

2018-12-17 17:01:23 - [TEST_STEP][PASSED] - click: Object: '' is clicked on

2018-12-17 17:01:23 - [MESSAGE][PASSED] - Object: '' is clicked on

2018-12-17 17:01:23 - [TEST_STEP][PASSED] - click: Object: 'Object Repository/Final Object Repo/New Registration - Registration Module Pages/Form 2/DOB Year' is clicked on

2018-12-17 17:01:23 - [MESSAGE][PASSED] - Object: 'Object Repository/Final Object Repo/New Registration - Registration Module Pages/Form 2/DOB Year' is clicked on

2018-12-17 17:01:23 - [TEST_STEP][PASSED] - Statement - Eyearsbf = EighteenYrsBefore: null

2018-12-17 17:01:23 - [TEST_STEP][PASSED] - Statement - selectYear = new com.kms.katalon.core.testobject.TestObject(): null

2018-12-17 17:01:23 - [TEST_STEP][PASSED] - Statement - selectYear.addProperty("xpath", EQUALS, "//div/div/div/select/option[@value='" + Eyearsbf + "']", true): null

2018-12-17 17:01:23 - [TEST_STEP][PASSED] - click: Object: '' is clicked on

2018-12-17 17:01:23 - [MESSAGE][PASSED] - Object: '' is clicked on

2018-12-17 17:01:23 - [TEST_STEP][PASSED] - Statement - UpdatedSelectDate = com.kms.katalon.core.webui.keyword.WebUiBuiltInKeywords.modifyObjectProperty(com.kms.katalon.core.testobject.ObjectRepository.findTestObject(Final Object Repo/New Registration - Registration Module Pages/Form 2/DOB Date), "xpath", "equals", "//body/div/table/tbody/tr/td/a[text()="" + CurrentDate + ""]", true): Modify property of object successfully

2018-12-17 17:01:23 - [MESSAGE][PASSED] - Modify property of object successfully

2018-12-17 17:01:23 - [TEST_STEP][PASSED] - delay: Delayed 3 second(s)

2018-12-17 17:01:26 - [MESSAGE][PASSED] - Delayed 3 second(s)

2018-12-17 17:01:26 - [TEST_STEP][PASSED] - click: Object: 'Object Repository/Final Object Repo/New Registration - Registration Module Pages/Form 2/DOB Date' is clicked on

2018-12-17 17:01:26 - [MESSAGE][PASSED] - Object: 'Object Repository/Final Object Repo/New Registration - Registration Module Pages/Form 2/DOB Date' is clicked on

2018-12-17 17:01:26 - [TEST_STEP][PASSED] - delay: Delayed 2 second(s)

2018-12-17 17:01:28 - [MESSAGE][PASSED] - Delayed 2 second(s)

2018-12-17 17:01:28 - [TEST_STEP][PASSED] - click: Object: 'Object Repository/Final Object Repo/New Registration - Registration Module Pages/Form 2/EmploymentStartDate Pop Up' is clicked on

2018-12-17 17:01:28 - [MESSAGE][PASSED] - Object: 'Object Repository/Final Object Repo/New Registration - Registration Module Pages/Form 2/EmploymentStartDate Pop Up' is clicked on

2018-12-17 17:01:28 - [TEST_STEP][PASSED] - delay: Delayed 2 second(s)

2018-12-17 17:01:30 - [MESSAGE][PASSED] - Delayed 2 second(s)

2018-12-17 17:01:30 - [TEST_STEP][PASSED] - click: Object: 'Object Repository/Final Object Repo/New Registration - Registration Module Pages/Form 2/Socso Employment StartDate Month' is clicked on

2018-12-17 17:01:31 - [MESSAGE][PASSED] - Object: 'Object Repository/Final Object Repo/New Registration - Registration Module Pages/Form 2/Socso Employment StartDate Month' is clicked on

2018-12-17 17:01:31 - [TEST_STEP][PASSED] - delay: Delayed 1 second(s)

2018-12-17 17:01:32 - [MESSAGE][PASSED] - Delayed 1 second(s)

2018-12-17 17:01:32 - [TEST_STEP][PASSED] - click: Object: 'Object Repository/Final Object Repo/New Registration - Registration Module Pages/Form 2/Select Socso Employement Startdate Month' is clicked on

2018-12-17 17:01:32 - [MESSAGE][PASSED] - Object: 'Object Repository/Final Object Repo/New Registration - Registration Module Pages/Form 2/Select Socso Employement Startdate Month' is clicked on

2018-12-17 17:01:32 - [TEST_STEP][PASSED] - delay: Delayed 2 second(s)

2018-12-17 17:01:34 - [MESSAGE][PASSED] - Delayed 2 second(s)

2018-12-17 17:01:34 - [TEST_STEP][PASSED] - click: Object: 'Object Repository/Final Object Repo/New Registration - Registration Module Pages/Form 2/Socso Employment StartDate Year' is clicked on

2018-12-17 17:01:34 - [MESSAGE][PASSED] - Object: 'Object Repository/Final Object Repo/New Registration - Registration Module Pages/Form 2/Socso Employment StartDate Year' is clicked on

2018-12-17 17:01:34 - [TEST_STEP][PASSED] - delay: Delayed 1 second(s)

2018-12-17 17:01:35 - [MESSAGE][PASSED] - Delayed 1 second(s)

2018-12-17 17:01:35 - [TEST_STEP][PASSED] - click: Object: 'Object Repository/Final Object Repo/New Registration - Registration Module Pages/Form 2/Select Socso Employment Startdate Year' is clicked on

2018-12-17 17:01:35 - [MESSAGE][PASSED] - Object: 'Object Repository/Final Object Repo/New Registration - Registration Module Pages/Form 2/Select Socso Employment Startdate Year' is clicked on

2018-12-17 17:01:35 - [TEST_STEP][PASSED] - delay: Delayed 2 second(s)

2018-12-17 17:01:37 - [MESSAGE][PASSED] - Delayed 2 second(s)

2018-12-17 17:01:37 - [TEST_STEP][PASSED] - click: Object: 'Object Repository/Final Object Repo/New Registration - Registration Module Pages/Form 2/Socso Employment Start Date Day' is clicked on

2018-12-17 17:01:37 - [MESSAGE][PASSED] - Object: 'Object Repository/Final Object Repo/New Registration - Registration Module Pages/Form 2/Socso Employment Start Date Day' is clicked on

2018-12-17 17:01:37 - [TEST_STEP][PASSED] - delay: Delayed 2 second(s)

2018-12-17 17:01:39 - [MESSAGE][PASSED] - Delayed 2 second(s)

2018-12-17 17:01:39 - [TEST_STEP][PASSED] - click: Object: 'Object Repository/Final Object Repo/New Registration - Registration Module Pages/Form 2/Save Button for Add Employee' is clicked on

2018-12-17 17:01:40 - [MESSAGE][PASSED] - Object: 'Object Repository/Final Object Repo/New Registration - Registration Module Pages/Form 2/Save Button for Add Employee' is clicked on

2018-12-17 17:01:40 - [TEST_STEP][PASSED] - delay: Delayed 6 second(s)

2018-12-17 17:01:46 - [MESSAGE][PASSED] - Delayed 6 second(s)

2018-12-17 17:01:46 - [TEST_STEP][PASSED] - click: Object: 'Object Repository/Final Object Repo/New Registration - Registration Module Pages/Form 2/Save and Continue Form 2' is clicked on

2018-12-17 17:01:46 - [MESSAGE][PASSED] - Object: 'Object Repository/Final Object Repo/New Registration - Registration Module Pages/Form 2/Save and Continue Form 2' is clicked on

2018-12-17 17:01:46 - [MESSAGE][PASSED] - Call Test Case 'Test Cases/Final Aug 2018 - PKS Automation/Registration Module/New Registration/Form 2/Add 1 Eligible - Employer Account Use' successfully

2018-12-17 17:01:46 - [TEST_STEP][PASSED] - callTestCase: Call Test Case 'Test Cases/Final Aug 2018 - PKS Automation/Registration Module/New Registration/Flow of New Registration/Third Screen - Upload Supporting Doc - Preview' successfully

2018-12-17 17:01:46 - [TEST_CASE][PASSED] - Test Cases/Final Aug 2018 - PKS Automation/Registration Module/New Registration/Flow of New Registration/Third Screen - Upload Supporting Doc - Preview: Test Cases/Final Aug 2018 - PKS Automation/Registration Module/New Registration/Flow of New Registration/Third Screen - Upload Supporting Doc - Preview

2018-12-17 17:01:46 - [TEST_STEP][PASSED] - waitForPageLoad: Wait for page load successfully

2018-12-17 17:01:47 - [MESSAGE][PASSED] - Wait for page load successfully

2018-12-17 17:01:47 - [TEST_STEP][PASSED] - Statement - CaseReferenceNo = com.kms.katalon.core.webui.keyword.WebUiBuiltInKeywords.getText(com.kms.katalon.core.testobject.ObjectRepository.findTestObject(Final Object Repo/New Registration - Registration Module Pages/Third Screen - Upload Supporting Doc- Preview/RefNo Acquiring)): Text of object 'Object Repository/Final Object Repo/New Registration - Registration Module Pages/Third Screen - Upload Supporting Doc- Preview/RefNo Acquiring' is: 'CRN12201800123370'

2018-12-17 17:01:47 - [MESSAGE][PASSED] - Text of object 'Object Repository/Final Object Repo/New Registration - Registration Module Pages/Third Screen - Upload Supporting Doc- Preview/RefNo Acquiring' is: 'CRN12201800123370'

2018-12-17 17:01:47 - [TEST_STEP][PASSED] - delay: Delayed 2 second(s)

2018-12-17 17:01:49 - [MESSAGE][PASSED] - Delayed 2 second(s)

2018-12-17 17:01:49 - [TEST_STEP][PASSED] - callTestCase: Call Test Case 'Test Cases/Final Aug 2018 - PKS Automation/Common/Reference Number Setter' successfully

2018-12-17 17:01:49 - [TEST_CASE][PASSED] - Test Cases/Final Aug 2018 - PKS Automation/Common/Reference Number Setter: Test Cases/Final Aug 2018 - PKS Automation/Common/Reference Number Setter

2018-12-17 17:01:49 - [TEST_STEP][PASSED] - Statement - RefNoOldFile = new java.io.File(C://Users//Admin//Desktop//PKS//Automation Reference Point//KatalonReference.txt): null

2018-12-17 17:01:49 - [TEST_STEP][PASSED] - Statement - RefNoOldFile.delete(): null

2018-12-17 17:01:49 - [TEST_STEP][PASSED] - delay: Delayed 5 second(s)

2018-12-17 17:01:54 - [MESSAGE][PASSED] - Delayed 5 second(s)

2018-12-17 17:01:54 - [TEST_STEP][PASSED] - Statement - RefNo = new java.io.File(C://Users//Admin//Desktop//PKS//Automation Reference Point//KatalonReference.txt): null

2018-12-17 17:01:54 - [TEST_STEP][PASSED] - Statement - f2 = new java.io.FileWriter(RefNo, false): null

2018-12-17 17:01:54 - [TEST_STEP][PASSED] - Statement - f2.write(CaseReferenceNo): null

2018-12-17 17:01:54 - [TEST_STEP][PASSED] - Statement - f2.close(): null

2018-12-17 17:01:54 - [TEST_STEP][PASSED] - Statement - out.println("


" + CaseReferenceNo + "


"): null

2018-12-17 17:01:54 - [MESSAGE][PASSED] - Call Test Case 'Test Cases/Final Aug 2018 - PKS Automation/Common/Reference Number Setter' successfully

2018-12-17 17:01:54 - [TEST_STEP][PASSED] - waitForElementClickable: Object 'Object Repository/Final Object Repo/New Registration - Registration Module Pages/Third Screen - Upload Supporting Doc- Preview/Save n Continue in SIP Employee Listing Page' is clickable

2018-12-17 17:01:54 - [MESSAGE][PASSED] - Object 'Object Repository/Final Object Repo/New Registration - Registration Module Pages/Third Screen - Upload Supporting Doc- Preview/Save n Continue in SIP Employee Listing Page' is clickable

2018-12-17 17:01:54 - [TEST_STEP][PASSED] - click: Object: 'Object Repository/Final Object Repo/New Registration - Registration Module Pages/Third Screen - Upload Supporting Doc- Preview/Save n Continue in SIP Employee Listing Page' is clicked on

2018-12-17 17:01:59 - [MESSAGE][PASSED] - Object: 'Object Repository/Final Object Repo/New Registration - Registration Module Pages/Third Screen - Upload Supporting Doc- Preview/Save n Continue in SIP Employee Listing Page' is clicked on

2018-12-17 17:01:59 - [TEST_STEP][PASSED] - delay: Delayed 7 second(s)

2018-12-17 17:02:06 - [MESSAGE][PASSED] - Delayed 7 second(s)

2018-12-17 17:02:06 - [TEST_STEP][PASSED] - click: Object: 'Object Repository/Final Object Repo/New Registration - Registration Module Pages/Third Screen - Upload Supporting Doc- Preview/Add Document Button' is clicked on

2018-12-17 17:02:07 - [MESSAGE][PASSED] - Object: 'Object Repository/Final Object Repo/New Registration - Registration Module Pages/Third Screen - Upload Supporting Doc- Preview/Add Document Button' is clicked on

2018-12-17 17:02:07 - [TEST_STEP][PASSED] - delay: Delayed 30 second(s)

2018-12-17 17:02:37 - [MESSAGE][PASSED] - Delayed 30 second(s)

2018-12-17 17:02:37 - [TEST_STEP][PASSED] - click: Object: 'Object Repository/Final Object Repo/New Registration - Registration Module Pages/Third Screen - Upload Supporting Doc- Preview/Supporting Doc Please Select Drop Down' is clicked on

2018-12-17 17:02:37 - [MESSAGE][PASSED] - Object: 'Object Repository/Final Object Repo/New Registration - Registration Module Pages/Third Screen - Upload Supporting Doc- Preview/Supporting Doc Please Select Drop Down' is clicked on

2018-12-17 17:02:37 - [TEST_STEP][PASSED] - delay: Delayed 2 second(s)

2018-12-17 17:02:39 - [MESSAGE][PASSED] - Delayed 2 second(s)

2018-12-17 17:02:39 - [TEST_STEP][PASSED] - click: Object: 'Object Repository/Final Object Repo/New Registration - Registration Module Pages/Third Screen - Upload Supporting Doc- Preview/Select to Upload Form 1' is clicked on

2018-12-17 17:02:39 - [MESSAGE][PASSED] - Object: 'Object Repository/Final Object Repo/New Registration - Registration Module Pages/Third Screen - Upload Supporting Doc- Preview/Select to Upload Form 1' is clicked on

2018-12-17 17:02:39 - [TEST_STEP][PASSED] - delay: Delayed 2 second(s)

2018-12-17 17:02:41 - [MESSAGE][PASSED] - Delayed 2 second(s)

2018-12-17 17:02:41 - [TEST_STEP][PASSED] - uploadFile: File 'C:\Users\Public\Pictures\Sample Pictures\Koala.jpg' sent to object: 'Object Repository/Final Object Repo/New Registration - Registration Module Pages/Third Screen - Upload Supporting Doc- Preview/Upload File Adding'

2018-12-17 17:02:41 - [MESSAGE][PASSED] - File 'C:\Users\Public\Pictures\Sample Pictures\Koala.jpg' sent to object: 'Object Repository/Final Object Repo/New Registration - Registration Module Pages/Third Screen - Upload Supporting Doc- Preview/Upload File Adding'

2018-12-17 17:02:41 - [TEST_STEP][PASSED] - delay: Delayed 5 second(s)

2018-12-17 17:02:46 - [MESSAGE][PASSED] - Delayed 5 second(s)

2018-12-17 17:02:46 - [TEST_STEP][PASSED] - click: Object: 'Object Repository/Final Object Repo/New Registration - Registration Module Pages/Third Screen - Upload Supporting Doc- Preview/Inner Form Add Document Button' is clicked on

2018-12-17 17:02:46 - [MESSAGE][PASSED] - Object: 'Object Repository/Final Object Repo/New Registration - Registration Module Pages/Third Screen - Upload Supporting Doc- Preview/Inner Form Add Document Button' is clicked on

2018-12-17 17:02:46 - [TEST_STEP][PASSED] - delay: Delayed 3 second(s)

2018-12-17 17:02:49 - [MESSAGE][PASSED] - Delayed 3 second(s)

2018-12-17 17:02:49 - [TEST_STEP][PASSED] - click: Object: 'Object Repository/Final Object Repo/New Registration - Registration Module Pages/Third Screen - Upload Supporting Doc- Preview/Add Document Button' is clicked on

2018-12-17 17:02:51 - [MESSAGE][PASSED] - Object: 'Object Repository/Final Object Repo/New Registration - Registration Module Pages/Third Screen - Upload Supporting Doc- Preview/Add Document Button' is clicked on

2018-12-17 17:02:51 - [TEST_STEP][PASSED] - delay: Delayed 30 second(s)

2018-12-17 17:03:21 - [MESSAGE][PASSED] - Delayed 30 second(s)

2018-12-17 17:03:21 - [TEST_STEP][PASSED] - click: Object: 'Object Repository/Final Object Repo/New Registration - Registration Module Pages/Third Screen - Upload Supporting Doc- Preview/Supporting Doc Please Select Drop Down' is clicked on

2018-12-17 17:03:21 - [MESSAGE][PASSED] - Object: 'Object Repository/Final Object Repo/New Registration - Registration Module Pages/Third Screen - Upload Supporting Doc- Preview/Supporting Doc Please Select Drop Down' is clicked on

2018-12-17 17:03:21 - [TEST_STEP][PASSED] - delay: Delayed 4 second(s)

2018-12-17 17:03:25 - [MESSAGE][PASSED] - Delayed 4 second(s)

2018-12-17 17:03:25 - [TEST_STEP][PASSED] - click: Object: 'Object Repository/Final Object Repo/New Registration - Registration Module Pages/Third Screen - Upload Supporting Doc- Preview/Select to Upload Form 2' is clicked on

2018-12-17 17:03:25 - [MESSAGE][PASSED] - Object: 'Object Repository/Final Object Repo/New Registration - Registration Module Pages/Third Screen - Upload Supporting Doc- Preview/Select to Upload Form 2' is clicked on

2018-12-17 17:03:25 - [TEST_STEP][PASSED] - delay: Delayed 2 second(s)

2018-12-17 17:03:27 - [MESSAGE][PASSED] - Delayed 2 second(s)

2018-12-17 17:03:27 - [TEST_STEP][PASSED] - uploadFile: File 'C:\Users\Public\Pictures\Sample Pictures\Koala.jpg' sent to object: 'Object Repository/Final Object Repo/New Registration - Registration Module Pages/Third Screen - Upload Supporting Doc- Preview/Upload File Adding'

2018-12-17 17:03:27 - [MESSAGE][PASSED] - File 'C:\Users\Public\Pictures\Sample Pictures\Koala.jpg' sent to object: 'Object Repository/Final Object Repo/New Registration - Registration Module Pages/Third Screen - Upload Supporting Doc- Preview/Upload File Adding'

2018-12-17 17:03:27 - [TEST_STEP][PASSED] - click: Object: 'Object Repository/Final Object Repo/New Registration - Registration Module Pages/Third Screen - Upload Supporting Doc- Preview/Inner Form Add Document Button' is clicked on

2018-12-17 17:03:27 - [MESSAGE][PASSED] - Object: 'Object Repository/Final Object Repo/New Registration - Registration Module Pages/Third Screen - Upload Supporting Doc- Preview/Inner Form Add Document Button' is clicked on

2018-12-17 17:03:27 - [TEST_STEP][PASSED] - delay: Delayed 5 second(s)

2018-12-17 17:03:32 - [MESSAGE][PASSED] - Delayed 5 second(s)

2018-12-17 17:03:32 - [TEST_STEP][PASSED] - click: Object: 'Object Repository/Final Object Repo/New Registration - Registration Module Pages/Third Screen - Upload Supporting Doc- Preview/Add Document Button' is clicked on

2018-12-17 17:03:33 - [MESSAGE][PASSED] - Object: 'Object Repository/Final Object Repo/New Registration - Registration Module Pages/Third Screen - Upload Supporting Doc- Preview/Add Document Button' is clicked on

2018-12-17 17:03:33 - [TEST_STEP][PASSED] - delay: Delayed 30 second(s)

2018-12-17 17:04:03 - [MESSAGE][PASSED] - Delayed 30 second(s)

2018-12-17 17:04:03 - [TEST_STEP][PASSED] - click: Object: 'Object Repository/Final Object Repo/New Registration - Registration Module Pages/Third Screen - Upload Supporting Doc- Preview/Supporting Doc Please Select Drop Down' is clicked on

2018-12-17 17:04:03 - [MESSAGE][PASSED] - Object: 'Object Repository/Final Object Repo/New Registration - Registration Module Pages/Third Screen - Upload Supporting Doc- Preview/Supporting Doc Please Select Drop Down' is clicked on

2018-12-17 17:04:03 - [TEST_STEP][PASSED] - click: Object: 'Object Repository/Final Object Repo/New Registration - Registration Module Pages/Third Screen - Upload Supporting Doc- Preview/Select to Upload Borang SIP 1' is clicked on

2018-12-17 17:04:03 - [MESSAGE][PASSED] - Object: 'Object Repository/Final Object Repo/New Registration - Registration Module Pages/Third Screen - Upload Supporting Doc- Preview/Select to Upload Borang SIP 1' is clicked on

2018-12-17 17:04:03 - [TEST_STEP][PASSED] - delay: Delayed 2 second(s)

2018-12-17 17:04:05 - [MESSAGE][PASSED] - Delayed 2 second(s)

2018-12-17 17:04:05 - [TEST_STEP][PASSED] - uploadFile: File 'C:\Users\Public\Pictures\Sample Pictures\Koala.jpg' sent to object: 'Object Repository/Final Object Repo/New Registration - Registration Module Pages/Third Screen - Upload Supporting Doc- Preview/Upload File Adding'

2018-12-17 17:04:05 - [MESSAGE][PASSED] - File 'C:\Users\Public\Pictures\Sample Pictures\Koala.jpg' sent to object: 'Object Repository/Final Object Repo/New Registration - Registration Module Pages/Third Screen - Upload Supporting Doc- Preview/Upload File Adding'

2018-12-17 17:04:05 - [TEST_STEP][PASSED] - click: Object: 'Object Repository/Final Object Repo/New Registration - Registration Module Pages/Third Screen - Upload Supporting Doc- Preview/Inner Form Add Document Button' is clicked on

2018-12-17 17:04:05 - [MESSAGE][PASSED] - Object: 'Object Repository/Final Object Repo/New Registration - Registration Module Pages/Third Screen - Upload Supporting Doc- Preview/Inner Form Add Document Button' is clicked on

2018-12-17 17:04:05 - [TEST_STEP][PASSED] - delay: Delayed 5 second(s)

2018-12-17 17:04:10 - [MESSAGE][PASSED] - Delayed 5 second(s)

2018-12-17 17:04:10 - [TEST_STEP][PASSED] - click: Object: 'Object Repository/Final Object Repo/New Registration - Registration Module Pages/Third Screen - Upload Supporting Doc- Preview/Add Document Button' is clicked on

2018-12-17 17:04:10 - [MESSAGE][PASSED] - Object: 'Object Repository/Final Object Repo/New Registration - Registration Module Pages/Third Screen - Upload Supporting Doc- Preview/Add Document Button' is clicked on

2018-12-17 17:04:10 - [TEST_STEP][PASSED] - delay: Delayed 30 second(s)

2018-12-17 17:04:40 - [MESSAGE][PASSED] - Delayed 30 second(s)

2018-12-17 17:04:40 - [TEST_STEP][PASSED] - click: Object: 'Object Repository/Final Object Repo/New Registration - Registration Module Pages/Third Screen - Upload Supporting Doc- Preview/Supporting Doc Please Select Drop Down' is clicked on

2018-12-17 17:04:41 - [MESSAGE][PASSED] - Object: 'Object Repository/Final Object Repo/New Registration - Registration Module Pages/Third Screen - Upload Supporting Doc- Preview/Supporting Doc Please Select Drop Down' is clicked on

2018-12-17 17:04:41 - [TEST_STEP][PASSED] - delay: Delayed 3 second(s)

2018-12-17 17:04:44 - [MESSAGE][PASSED] - Delayed 3 second(s)

2018-12-17 17:04:44 - [TEST_STEP][PASSED] - click: Object: 'Object Repository/Final Object Repo/New Registration - Registration Module Pages/Third Screen - Upload Supporting Doc- Preview/Select to Upload Borang SIP 2' is clicked on

2018-12-17 17:04:44 - [MESSAGE][PASSED] - Object: 'Object Repository/Final Object Repo/New Registration - Registration Module Pages/Third Screen - Upload Supporting Doc- Preview/Select to Upload Borang SIP 2' is clicked on

2018-12-17 17:04:44 - [TEST_STEP][PASSED] - delay: Delayed 2 second(s)

2018-12-17 17:04:46 - [MESSAGE][PASSED] - Delayed 2 second(s)

2018-12-17 17:04:46 - [TEST_STEP][PASSED] - uploadFile: File 'C:\Users\Public\Pictures\Sample Pictures\Koala.jpg' sent to object: 'Object Repository/Final Object Repo/New Registration - Registration Module Pages/Third Screen - Upload Supporting Doc- Preview/Upload File Adding'

2018-12-17 17:04:46 - [MESSAGE][PASSED] - File 'C:\Users\Public\Pictures\Sample Pictures\Koala.jpg' sent to object: 'Object Repository/Final Object Repo/New Registration - Registration Module Pages/Third Screen - Upload Supporting Doc- Preview/Upload File Adding'

2018-12-17 17:04:46 - [TEST_STEP][PASSED] - delay: Delayed 5 second(s)

2018-12-17 17:04:51 - [MESSAGE][PASSED] - Delayed 5 second(s)

2018-12-17 17:04:51 - [TEST_STEP][PASSED] - click: Object: 'Object Repository/Final Object Repo/New Registration - Registration Module Pages/Third Screen - Upload Supporting Doc- Preview/Inner Form Add Document Button' is clicked on

2018-12-17 17:04:51 - [MESSAGE][PASSED] - Object: 'Object Repository/Final Object Repo/New Registration - Registration Module Pages/Third Screen - Upload Supporting Doc- Preview/Inner Form Add Document Button' is clicked on

2018-12-17 17:04:51 - [TEST_STEP][PASSED] - delay: Delayed 3 second(s)

2018-12-17 17:04:54 - [MESSAGE][PASSED] - Delayed 3 second(s)

2018-12-17 17:04:54 - [TEST_STEP][PASSED] - waitForElementClickable: Object 'Object Repository/Final Object Repo/New Registration - Registration Module Pages/Third Screen - Upload Supporting Doc- Preview/Save n Continue in Uploading Supporting Doc Page' is clickable

2018-12-17 17:04:55 - [MESSAGE][PASSED] - Object 'Object Repository/Final Object Repo/New Registration - Registration Module Pages/Third Screen - Upload Supporting Doc- Preview/Save n Continue in Uploading Supporting Doc Page' is clickable

2018-12-17 17:04:55 - [TEST_STEP][PASSED] - click: Object: 'Object Repository/Final Object Repo/New Registration - Registration Module Pages/Third Screen - Upload Supporting Doc- Preview/Save n Continue in Uploading Supporting Doc Page' is clicked on

2018-12-17 17:04:56 - [MESSAGE][PASSED] - Object: 'Object Repository/Final Object Repo/New Registration - Registration Module Pages/Third Screen - Upload Supporting Doc- Preview/Save n Continue in Uploading Supporting Doc Page' is clicked on

2018-12-17 17:04:56 - [MESSAGE][PASSED] - Call Test Case 'Test Cases/Final Aug 2018 - PKS Automation/Registration Module/New Registration/Flow of New Registration/Third Screen - Upload Supporting Doc - Preview' successfully

2018-12-17 17:04:56 - [TEST_STEP][PASSED] - setText: Text 'Tester' is set on object 'Object Repository/Final Object Repo/New Registration - Registration Module Pages/New Reg - OTC to RO/Special Case - All Related Objects/Employer Preview Name'

2018-12-17 17:05:01 - [MESSAGE][PASSED] - Text 'Tester' is set on object 'Object Repository/Final Object Repo/New Registration - Registration Module Pages/New Reg - OTC to RO/Special Case - All Related Objects/Employer Preview Name'

2018-12-17 17:05:01 - [TEST_STEP][PASSED] - click: Object: 'Object Repository/Final Object Repo/New Registration - Registration Module Pages/New Reg - OTC to RO/Special Case - All Related Objects/IC Type Drop Down' is clicked on

2018-12-17 17:05:01 - [MESSAGE][PASSED] - Object: 'Object Repository/Final Object Repo/New Registration - Registration Module Pages/New Reg - OTC to RO/Special Case - All Related Objects/IC Type Drop Down' is clicked on

2018-12-17 17:05:01 - [TEST_STEP][PASSED] - click: Object: 'Object Repository/Final Object Repo/New Registration - Registration Module Pages/New Reg - OTC to RO/Special Case - All Related Objects/Select to NRIC' is clicked on

2018-12-17 17:05:01 - [MESSAGE][PASSED] - Object: 'Object Repository/Final Object Repo/New Registration - Registration Module Pages/New Reg - OTC to RO/Special Case - All Related Objects/Select to NRIC' is clicked on

2018-12-17 17:05:01 - [TEST_STEP][PASSED] - setText: Text '133245561223' is set on object 'Object Repository/Final Object Repo/New Registration - Registration Module Pages/New Reg - OTC to RO/Special Case - All Related Objects/IC Value'

2018-12-17 17:05:02 - [MESSAGE][PASSED] - Text '133245561223' is set on object 'Object Repository/Final Object Repo/New Registration - Registration Module Pages/New Reg - OTC to RO/Special Case - All Related Objects/IC Value'

2018-12-17 17:05:02 - [TEST_STEP][PASSED] - setText: Text 'Auto' is set on object 'Object Repository/Final Object Repo/New Registration - Registration Module Pages/New Reg - OTC to RO/Special Case - All Related Objects/Designation'

2018-12-17 17:05:02 - [MESSAGE][PASSED] - Text 'Auto' is set on object 'Object Repository/Final Object Repo/New Registration - Registration Module Pages/New Reg - OTC to RO/Special Case - All Related Objects/Designation'

2018-12-17 17:05:02 - [TEST_STEP][PASSED] - callTestCase: Call Test Case 'Test Cases/Final Aug 2018 - PKS Automation/Registration Module/New Registration/Submit and Screenshot/Submit Registration and Screenshot - Copy' successfully

2018-12-17 17:05:02 - [TEST_CASE][PASSED] - Test Cases/Final Aug 2018 - PKS Automation/Registration Module/New Registration/Submit and Screenshot/Submit Registration and Screenshot - Copy: Test Cases/Final Aug 2018 - PKS Automation/Registration Module/New Registration/Submit and Screenshot/Submit Registration and Screenshot - Copy

2018-12-17 17:05:02 - [TEST_STEP][PASSED] - delay: Delayed 6 second(s)

2018-12-17 17:05:08 - [MESSAGE][PASSED] - Delayed 6 second(s)

2018-12-17 17:05:08 - [TEST_STEP][PASSED] - click: Object: 'Object Repository/Final Object Repo/New Registration - Registration Module Pages/Third Screen - Upload Supporting Doc- Preview/Preview Submit Button' is clicked on

2018-12-17 17:05:08 - [MESSAGE][PASSED] - Object: 'Object Repository/Final Object Repo/New Registration - Registration Module Pages/Third Screen - Upload Supporting Doc- Preview/Preview Submit Button' is clicked on

2018-12-17 17:05:08 - [TEST_STEP][PASSED] - delay: Delayed 2 second(s)

2018-12-17 17:05:10 - [MESSAGE][PASSED] - Delayed 2 second(s)

2018-12-17 17:05:10 - [TEST_STEP][PASSED] - click: Object: 'Object Repository/Final Object Repo/New Registration - Registration Module Pages/Third Screen - Upload Supporting Doc- Preview/Preview Submit - Confirm' is clicked on

2018-12-17 17:05:10 - [MESSAGE][PASSED] - Object: 'Object Repository/Final Object Repo/New Registration - Registration Module Pages/Third Screen - Upload Supporting Doc- Preview/Preview Submit - Confirm' is clicked on

2018-12-17 17:05:10 - [TEST_STEP][PASSED] - delay: Delayed 15 second(s)

2018-12-17 17:05:25 - [MESSAGE][PASSED] - Delayed 15 second(s)

2018-12-17 17:05:25 - [TEST_STEP][PASSED] - Statement - driver = com.kms.katalon.core.webui.driver.DriverFactory.getWebDriver(): null

2018-12-17 17:05:25 - [TEST_STEP][PASSED] - Statement - driver.manage().timeouts().implicitlyWait(10, SECONDS): null

2018-12-17 17:05:25 - [TEST_STEP][PASSED] - Statement - PresavePath = KatalonScreenshots: null

2018-12-17 17:05:25 - [TEST_STEP][PASSED] - Statement - pathPrefix = "C:\Users\Public\Pictures\Sample Pictures\Katalon Screenshots\Automate Ending Screen": null

2018-12-17 17:05:25 - [TEST_STEP][PASSED] - Statement - finalPath = <not implemented yet for class: org.codehaus.groovy.ast.expr.EmptyExpression>: null

2018-12-17 17:05:25 - [TEST_STEP][PASSED] - Statement - scrFile = driver.getScreenshotAs(FILE): null

2018-12-17 17:05:26 - [TEST_STEP][PASSED] - Statement - PreSaveFile = new java.io.File(PresavePath): null

2018-12-17 17:05:26 - [TEST_STEP][PASSED] - Statement - counter = 0: null

2018-12-17 17:05:26 - [TEST_STEP][PASSED] - Statement - If (PreSaveFile.exists()): null

2018-12-17 17:05:26 - [TEST_STEP][PASSED] - Statement - While (PreSaveFile.exists()): null

2018-12-17 17:05:26 - [TEST_STEP][PASSED] - Statement - counter = counter + 1: null

2018-12-17 17:05:26 - [TEST_STEP][PASSED] - Statement - PreSaveFile = new java.io.File(((pathPrefix + java.lang.Integer.toString(counter)) + .png)): null

2018-12-17 17:05:26 - [TEST_STEP][PASSED] - Statement - counter = counter + 1: null

2018-12-17 17:05:26 - [TEST_STEP][PASSED] - Statement - PreSaveFile = new java.io.File(((pathPrefix + java.lang.Integer.toString(counter)) + .png)): null

2018-12-17 17:05:26 - [TEST_STEP][PASSED] - Statement - counter = counter + 1: null

2018-12-17 17:05:26 - [TEST_STEP][PASSED] - Statement - PreSaveFile = new java.io.File(((pathPrefix + java.lang.Integer.toString(counter)) + .png)): null

2018-12-17 17:05:26 - [TEST_STEP][PASSED] - Statement - counter = counter + 1: null

2018-12-17 17:05:26 - [TEST_STEP][PASSED] - Statement - PreSaveFile = new java.io.File(((pathPrefix + java.lang.Integer.toString(counter)) + .png)): null

2018-12-17 17:05:26 - [TEST_STEP][PASSED] - Statement - counter = counter + 1: null

2018-12-17 17:05:26 - [TEST_STEP][PASSED] - Statement - PreSaveFile = new java.io.File(((pathPrefix + java.lang.Integer.toString(counter)) + .png)): null

2018-12-17 17:05:26 - [TEST_STEP][PASSED] - Statement - counter = counter + 1: null

2018-12-17 17:05:26 - [TEST_STEP][PASSED] - Statement - PreSaveFile = new java.io.File(((pathPrefix + java.lang.Integer.toString(counter)) + .png)): null

2018-12-17 17:05:26 - [TEST_STEP][PASSED] - Statement - counter = counter + 1: null

2018-12-17 17:05:26 - [TEST_STEP][PASSED] - Statement - PreSaveFile = new java.io.File(((pathPrefix + java.lang.Integer.toString(counter)) + .png)): null

2018-12-17 17:05:26 - [TEST_STEP][PASSED] - Statement - counter = counter + 1: null

2018-12-17 17:05:26 - [TEST_STEP][PASSED] - Statement - PreSaveFile = new java.io.File(((pathPrefix + java.lang.Integer.toString(counter)) + .png)): null

2018-12-17 17:05:26 - [TEST_STEP][PASSED] - Statement - counter = counter + 1: null

2018-12-17 17:05:26 - [TEST_STEP][PASSED] - Statement - PreSaveFile = new java.io.File(((pathPrefix + java.lang.Integer.toString(counter)) + .png)): null

2018-12-17 17:05:26 - [TEST_STEP][PASSED] - Statement - counter = counter + 1: null

2018-12-17 17:05:26 - [TEST_STEP][PASSED] - Statement - PreSaveFile = new java.io.File(((pathPrefix + java.lang.Integer.toString(counter)) + .png)): null

2018-12-17 17:05:26 - [TEST_STEP][PASSED] - Statement - counter = counter + 1: null

2018-12-17 17:05:26 - [TEST_STEP][PASSED] - Statement - PreSaveFile = new java.io.File(((pathPrefix + java.lang.Integer.toString(counter)) + .png)): null

2018-12-17 17:05:26 - [TEST_STEP][PASSED] - Statement - counter = counter + 1: null

2018-12-17 17:05:26 - [TEST_STEP][PASSED] - Statement - PreSaveFile = new java.io.File(((pathPrefix + java.lang.Integer.toString(counter)) + .png)): null

2018-12-17 17:05:26 - [TEST_STEP][PASSED] - Statement - counter = counter + 1: null

2018-12-17 17:05:26 - [TEST_STEP][PASSED] - Statement - PreSaveFile = new java.io.File(((pathPrefix + java.lang.Integer.toString(counter)) + .png)): null

2018-12-17 17:05:26 - [TEST_STEP][PASSED] - Statement - counter = counter + 1: null

2018-12-17 17:05:26 - [TEST_STEP][PASSED] - Statement - PreSaveFile = new java.io.File(((pathPrefix + java.lang.Integer.toString(counter)) + .png)): null

2018-12-17 17:05:26 - [TEST_STEP][PASSED] - Statement - counter = counter + 1: null

2018-12-17 17:05:26 - [TEST_STEP][PASSED] - Statement - PreSaveFile = new java.io.File(((pathPrefix + java.lang.Integer.toString(counter)) + .png)): null

2018-12-17 17:05:26 - [TEST_STEP][PASSED] - Statement - counter = counter + 1: null

2018-12-17 17:05:26 - [TEST_STEP][PASSED] - Statement - PreSaveFile = new java.io.File(((pathPrefix + java.lang.Integer.toString(counter)) + .png)): null

2018-12-17 17:05:26 - [TEST_STEP][PASSED] - Statement - counter = counter + 1: null

2018-12-17 17:05:26 - [TEST_STEP][PASSED] - Statement - PreSaveFile = new java.io.File(((pathPrefix + java.lang.Integer.toString(counter)) + .png)): null

2018-12-17 17:05:26 - [TEST_STEP][PASSED] - Statement - counter = counter + 1: null

2018-12-17 17:05:26 - [TEST_STEP][PASSED] - Statement - PreSaveFile = new java.io.File(((pathPrefix + java.lang.Integer.toString(counter)) + .png)): null

2018-12-17 17:05:26 - [TEST_STEP][PASSED] - Statement - counter = counter + 1: null

2018-12-17 17:05:26 - [TEST_STEP][PASSED] - Statement - PreSaveFile = new java.io.File(((pathPrefix + java.lang.Integer.toString(counter)) + .png)): null

2018-12-17 17:05:26 - [TEST_STEP][PASSED] - Statement - counter = counter + 1: null

2018-12-17 17:05:26 - [TEST_STEP][PASSED] - Statement - PreSaveFile = new java.io.File(((pathPrefix + java.lang.Integer.toString(counter)) + .png)): null

2018-12-17 17:05:26 - [TEST_STEP][PASSED] - Statement - counter = counter + 1: null

2018-12-17 17:05:26 - [TEST_STEP][PASSED] - Statement - PreSaveFile = new java.io.File(((pathPrefix + java.lang.Integer.toString(counter)) + .png)): null

2018-12-17 17:05:26 - [TEST_STEP][PASSED] - Statement - counter = counter + 1: null

2018-12-17 17:05:26 - [TEST_STEP][PASSED] - Statement - PreSaveFile = new java.io.File(((pathPrefix + java.lang.Integer.toString(counter)) + .png)): null

2018-12-17 17:05:26 - [TEST_STEP][PASSED] - Statement - counter = counter + 1: null

2018-12-17 17:05:26 - [TEST_STEP][PASSED] - Statement - PreSaveFile = new java.io.File(((pathPrefix + java.lang.Integer.toString(counter)) + .png)): null

2018-12-17 17:05:26 - [TEST_STEP][PASSED] - Statement - counter = counter + 1: null

2018-12-17 17:05:26 - [TEST_STEP][PASSED] - Statement - PreSaveFile = new java.io.File(((pathPrefix + java.lang.Integer.toString(counter)) + .png)): null

2018-12-17 17:05:26 - [TEST_STEP][PASSED] - Statement - counter = counter + 1: null

2018-12-17 17:05:26 - [TEST_STEP][PASSED] - Statement - PreSaveFile = new java.io.File(((pathPrefix + java.lang.Integer.toString(counter)) + .png)): null

2018-12-17 17:05:26 - [TEST_STEP][PASSED] - Statement - counter = counter + 1: null

2018-12-17 17:05:26 - [TEST_STEP][PASSED] - Statement - PreSaveFile = new java.io.File(((pathPrefix + java.lang.Integer.toString(counter)) + .png)): null

2018-12-17 17:05:26 - [TEST_STEP][PASSED] - Statement - counter = counter + 1: null

2018-12-17 17:05:26 - [TEST_STEP][PASSED] - Statement - PreSaveFile = new java.io.File(((pathPrefix + java.lang.Integer.toString(counter)) + .png)): null

2018-12-17 17:05:26 - [TEST_STEP][PASSED] - Statement - counter = counter + 1: null

2018-12-17 17:05:26 - [TEST_STEP][PASSED] - Statement - PreSaveFile = new java.io.File(((pathPrefix + java.lang.Integer.toString(counter)) + .png)): null

2018-12-17 17:05:27 - [TEST_STEP][PASSED] - Statement - counter = counter + 1: null

2018-12-17 17:05:27 - [TEST_STEP][PASSED] - Statement - PreSaveFile = new java.io.File(((pathPrefix + java.lang.Integer.toString(counter)) + .png)): null

2018-12-17 17:05:27 - [TEST_STEP][PASSED] - Statement - counter = counter + 1: null

2018-12-17 17:05:27 - [TEST_STEP][PASSED] - Statement - PreSaveFile = new java.io.File(((pathPrefix + java.lang.Integer.toString(counter)) + .png)): null

2018-12-17 17:05:27 - [TEST_STEP][PASSED] - Statement - counter = counter + 1: null

2018-12-17 17:05:27 - [TEST_STEP][PASSED] - Statement - PreSaveFile = new java.io.File(((pathPrefix + java.lang.Integer.toString(counter)) + .png)): null

2018-12-17 17:05:27 - [TEST_STEP][PASSED] - Statement - counter = counter + 1: null

2018-12-17 17:05:27 - [TEST_STEP][PASSED] - Statement - PreSaveFile = new java.io.File(((pathPrefix + java.lang.Integer.toString(counter)) + .png)): null

2018-12-17 17:05:27 - [TEST_STEP][PASSED] - Statement - counter = counter + 1: null

2018-12-17 17:05:27 - [TEST_STEP][PASSED] - Statement - PreSaveFile = new java.io.File(((pathPrefix + java.lang.Integer.toString(counter)) + .png)): null

2018-12-17 17:05:27 - [TEST_STEP][PASSED] - Statement - counter = counter + 1: null

2018-12-17 17:05:27 - [TEST_STEP][PASSED] - Statement - PreSaveFile = new java.io.File(((pathPrefix + java.lang.Integer.toString(counter)) + .png)): null

2018-12-17 17:05:27 - [TEST_STEP][PASSED] - Statement - counter = counter + 1: null

2018-12-17 17:05:27 - [TEST_STEP][PASSED] - Statement - PreSaveFile = new java.io.File(((pathPrefix + java.lang.Integer.toString(counter)) + .png)): null

2018-12-17 17:05:27 - [TEST_STEP][PASSED] - Statement - counter = counter + 1: null

2018-12-17 17:05:27 - [TEST_STEP][PASSED] - Statement - PreSaveFile = new java.io.File(((pathPrefix + java.lang.Integer.toString(counter)) + .png)): null

2018-12-17 17:05:27 - [TEST_STEP][PASSED] - Statement - counter = counter + 1: null

2018-12-17 17:05:27 - [TEST_STEP][PASSED] - Statement - PreSaveFile = new java.io.File(((pathPrefix + java.lang.Integer.toString(counter)) + .png)): null

2018-12-17 17:05:27 - [TEST_STEP][PASSED] - Statement - counter = counter + 1: null

2018-12-17 17:05:27 - [TEST_STEP][PASSED] - Statement - PreSaveFile = new java.io.File(((pathPrefix + java.lang.Integer.toString(counter)) + .png)): null

2018-12-17 17:05:27 - [TEST_STEP][PASSED] - Statement - counter = counter + 1: null

2018-12-17 17:05:27 - [TEST_STEP][PASSED] - Statement - PreSaveFile = new java.io.File(((pathPrefix + java.lang.Integer.toString(counter)) + .png)): null

2018-12-17 17:05:27 - [TEST_STEP][PASSED] - Statement - counter = counter + 1: null

2018-12-17 17:05:27 - [TEST_STEP][PASSED] - Statement - PreSaveFile = new java.io.File(((pathPrefix + java.lang.Integer.toString(counter)) + .png)): null

2018-12-17 17:05:27 - [TEST_STEP][PASSED] - Statement - counter = counter + 1: null

2018-12-17 17:05:27 - [TEST_STEP][PASSED] - Statement - PreSaveFile = new java.io.File(((pathPrefix + java.lang.Integer.toString(counter)) + .png)): null

2018-12-17 17:05:27 - [TEST_STEP][PASSED] - Statement - counter = counter + 1: null

2018-12-17 17:05:27 - [TEST_STEP][PASSED] - Statement - PreSaveFile = new java.io.File(((pathPrefix + java.lang.Integer.toString(counter)) + .png)): null

2018-12-17 17:05:28 - [TEST_STEP][PASSED] - Statement - counter = counter + 1: null

2018-12-17 17:05:28 - [TEST_STEP][PASSED] - Statement - PreSaveFile = new java.io.File(((pathPrefix + java.lang.Integer.toString(counter)) + .png)): null

2018-12-17 17:05:28 - [TEST_STEP][PASSED] - Statement - counter = counter + 1: null

2018-12-17 17:05:28 - [TEST_STEP][PASSED] - Statement - PreSaveFile = new java.io.File(((pathPrefix + java.lang.Integer.toString(counter)) + .png)): null

2018-12-17 17:05:28 - [TEST_STEP][PASSED] - Statement - counter = counter + 1: null

2018-12-17 17:05:28 - [TEST_STEP][PASSED] - Statement - PreSaveFile = new java.io.File(((pathPrefix + java.lang.Integer.toString(counter)) + .png)): null

2018-12-17 17:05:28 - [TEST_STEP][PASSED] - Statement - counter = counter + 1: null

2018-12-17 17:05:28 - [TEST_STEP][PASSED] - Statement - PreSaveFile = new java.io.File(((pathPrefix + java.lang.Integer.toString(counter)) + .png)): null

2018-12-17 17:05:28 - [TEST_STEP][PASSED] - Statement - counter = counter + 1: null

2018-12-17 17:05:28 - [TEST_STEP][PASSED] - Statement - PreSaveFile = new java.io.File(((pathPrefix + java.lang.Integer.toString(counter)) + .png)): null

2018-12-17 17:05:28 - [TEST_STEP][PASSED] - Statement - counter = counter + 1: null

2018-12-17 17:05:28 - [TEST_STEP][PASSED] - Statement - PreSaveFile = new java.io.File(((pathPrefix + java.lang.Integer.toString(counter)) + .png)): null

2018-12-17 17:05:28 - [TEST_STEP][PASSED] - Statement - counter = counter + 1: null

2018-12-17 17:05:28 - [TEST_STEP][PASSED] - Statement - PreSaveFile = new java.io.File(((pathPrefix + java.lang.Integer.toString(counter)) + .png)): null

2018-12-17 17:05:28 - [TEST_STEP][PASSED] - Statement - counter = counter + 1: null

2018-12-17 17:05:28 - [TEST_STEP][PASSED] - Statement - PreSaveFile = new java.io.File(((pathPrefix + java.lang.Integer.toString(counter)) + .png)): null

2018-12-17 17:05:28 - [TEST_STEP][PASSED] - Statement - counter = counter + 1: null

2018-12-17 17:05:28 - [TEST_STEP][PASSED] - Statement - PreSaveFile = new java.io.File(((pathPrefix + java.lang.Integer.toString(counter)) + .png)): null

2018-12-17 17:05:28 - [TEST_STEP][PASSED] - Statement - counter = counter + 1: null

2018-12-17 17:05:28 - [TEST_STEP][PASSED] - Statement - PreSaveFile = new java.io.File(((pathPrefix + java.lang.Integer.toString(counter)) + .png)): null

2018-12-17 17:05:28 - [TEST_STEP][PASSED] - Statement - counter = counter + 1: null

2018-12-17 17:05:28 - [TEST_STEP][PASSED] - Statement - PreSaveFile = new java.io.File(((pathPrefix + java.lang.Integer.toString(counter)) + .png)): null

2018-12-17 17:05:28 - [TEST_STEP][PASSED] - Statement - counter = counter + 1: null

2018-12-17 17:05:28 - [TEST_STEP][PASSED] - Statement - PreSaveFile = new java.io.File(((pathPrefix + java.lang.Integer.toString(counter)) + .png)): null

2018-12-17 17:05:28 - [TEST_STEP][PASSED] - Statement - counter = counter + 1: null

2018-12-17 17:05:28 - [TEST_STEP][PASSED] - Statement - PreSaveFile = new java.io.File(((pathPrefix + java.lang.Integer.toString(counter)) + .png)): null

2018-12-17 17:05:28 - [TEST_STEP][PASSED] - Statement - counter = counter + 1: null

2018-12-17 17:05:28 - [TEST_STEP][PASSED] - Statement - PreSaveFile = new java.io.File(((pathPrefix + java.lang.Integer.toString(counter)) + .png)): null

2018-12-17 17:05:28 - [TEST_STEP][PASSED] - Statement - counter = counter + 1: null

2018-12-17 17:05:28 - [TEST_STEP][PASSED] - Statement - PreSaveFile = new java.io.File(((pathPrefix + java.lang.Integer.toString(counter)) + .png)): null

2018-12-17 17:05:28 - [TEST_STEP][PASSED] - Statement - counter = counter + 1: null

2018-12-17 17:05:28 - [TEST_STEP][PASSED] - Statement - PreSaveFile = new java.io.File(((pathPrefix + java.lang.Integer.toString(counter)) + .png)): null

2018-12-17 17:05:28 - [TEST_STEP][PASSED] - Statement - counter = counter + 1: null

2018-12-17 17:05:28 - [TEST_STEP][PASSED] - Statement - PreSaveFile = new java.io.File(((pathPrefix + java.lang.Integer.toString(counter)) + .png)): null

2018-12-17 17:05:28 - [TEST_STEP][PASSED] - Statement - counter = counter + 1: null

2018-12-17 17:05:28 - [TEST_STEP][PASSED] - Statement - PreSaveFile = new java.io.File(((pathPrefix + java.lang.Integer.toString(counter)) + .png)): null

2018-12-17 17:05:28 - [TEST_STEP][PASSED] - Statement - counter = counter + 1: null

2018-12-17 17:05:28 - [TEST_STEP][PASSED] - Statement - PreSaveFile = new java.io.File(((pathPrefix + java.lang.Integer.toString(counter)) + .png)): null

2018-12-17 17:05:28 - [TEST_STEP][PASSED] - Statement - counter = counter + 1: null

2018-12-17 17:05:29 - [TEST_STEP][PASSED] - Statement - PreSaveFile = new java.io.File(((pathPrefix + java.lang.Integer.toString(counter)) + .png)): null

2018-12-17 17:05:29 - [TEST_STEP][PASSED] - Statement - counter = counter + 1: null

2018-12-17 17:05:29 - [TEST_STEP][PASSED] - Statement - PreSaveFile = new java.io.File(((pathPrefix + java.lang.Integer.toString(counter)) + .png)): null

2018-12-17 17:05:29 - [TEST_STEP][PASSED] - Statement - counter = counter + 1: null

2018-12-17 17:05:29 - [TEST_STEP][PASSED] - Statement - PreSaveFile = new java.io.File(((pathPrefix + java.lang.Integer.toString(counter)) + .png)): null

2018-12-17 17:05:29 - [TEST_STEP][PASSED] - Statement - counter = counter + 1: null

2018-12-17 17:05:29 - [TEST_STEP][PASSED] - Statement - PreSaveFile = new java.io.File(((pathPrefix + java.lang.Integer.toString(counter)) + .png)): null

2018-12-17 17:05:29 - [TEST_STEP][PASSED] - Statement - counter = counter + 1: null

2018-12-17 17:05:29 - [TEST_STEP][PASSED] - Statement - PreSaveFile = new java.io.File(((pathPrefix + java.lang.Integer.toString(counter)) + .png)): null

2018-12-17 17:05:29 - [TEST_STEP][PASSED] - Statement - counter = counter + 1: null

2018-12-17 17:05:29 - [TEST_STEP][PASSED] - Statement - PreSaveFile = new java.io.File(((pathPrefix + java.lang.Integer.toString(counter)) + .png)): null

2018-12-17 17:05:29 - [TEST_STEP][PASSED] - Statement - counter = counter + 1: null

2018-12-17 17:05:29 - [TEST_STEP][PASSED] - Statement - PreSaveFile = new java.io.File(((pathPrefix + java.lang.Integer.toString(counter)) + .png)): null

2018-12-17 17:05:29 - [TEST_STEP][PASSED] - Statement - counter = counter + 1: null

2018-12-17 17:05:29 - [TEST_STEP][PASSED] - Statement - PreSaveFile = new java.io.File(((pathPrefix + java.lang.Integer.toString(counter)) + .png)): null

2018-12-17 17:05:29 - [TEST_STEP][PASSED] - Statement - counter = counter + 1: null

2018-12-17 17:05:29 - [TEST_STEP][PASSED] - Statement - PreSaveFile = new java.io.File(((pathPrefix + java.lang.Integer.toString(counter)) + .png)): null

2018-12-17 17:05:29 - [TEST_STEP][PASSED] - Statement - counter = counter + 1: null

2018-12-17 17:05:29 - [TEST_STEP][PASSED] - Statement - PreSaveFile = new java.io.File(((pathPrefix + java.lang.Integer.toString(counter)) + .png)): null

2018-12-17 17:05:29 - [TEST_STEP][PASSED] - Statement - counter = counter + 1: null

2018-12-17 17:05:29 - [TEST_STEP][PASSED] - Statement - PreSaveFile = new java.io.File(((pathPrefix + java.lang.Integer.toString(counter)) + .png)): null

2018-12-17 17:05:29 - [TEST_STEP][PASSED] - Statement - counter = counter + 1: null

2018-12-17 17:05:29 - [TEST_STEP][PASSED] - Statement - PreSaveFile = new java.io.File(((pathPrefix + java.lang.Integer.toString(counter)) + .png)): null

2018-12-17 17:05:29 - [TEST_STEP][PASSED] - Statement - counter = counter + 1: null

2018-12-17 17:05:29 - [TEST_STEP][PASSED] - Statement - PreSaveFile = new java.io.File(((pathPrefix + java.lang.Integer.toString(counter)) + .png)): null

2018-12-17 17:05:29 - [TEST_STEP][PASSED] - Statement - counter = counter + 1: null

2018-12-17 17:05:29 - [TEST_STEP][PASSED] - Statement - PreSaveFile = new java.io.File(((pathPrefix + java.lang.Integer.toString(counter)) + .png)): null

2018-12-17 17:05:29 - [TEST_STEP][PASSED] - Statement - counter = counter + 1: null

2018-12-17 17:05:29 - [TEST_STEP][PASSED] - Statement - PreSaveFile = new java.io.File(((pathPrefix + java.lang.Integer.toString(counter)) + .png)): null

2018-12-17 17:05:30 - [TEST_STEP][PASSED] - Statement - counter = counter + 1: null

2018-12-17 17:05:30 - [TEST_STEP][PASSED] - Statement - PreSaveFile = new java.io.File(((pathPrefix + java.lang.Integer.toString(counter)) + .png)): null

2018-12-17 17:05:30 - [TEST_STEP][PASSED] - Statement - counter = counter + 1: null

2018-12-17 17:05:30 - [TEST_STEP][PASSED] - Statement - PreSaveFile = new java.io.File(((pathPrefix + java.lang.Integer.toString(counter)) + .png)): null

2018-12-17 17:05:30 - [TEST_STEP][PASSED] - Statement - counter = counter + 1: null

2018-12-17 17:05:30 - [TEST_STEP][PASSED] - Statement - PreSaveFile = new java.io.File(((pathPrefix + java.lang.Integer.toString(counter)) + .png)): null

2018-12-17 17:05:30 - [TEST_STEP][PASSED] - Statement - counter = counter + 1: null

2018-12-17 17:05:30 - [TEST_STEP][PASSED] - Statement - PreSaveFile = new java.io.File(((pathPrefix + java.lang.Integer.toString(counter)) + .png)): null

2018-12-17 17:05:30 - [TEST_STEP][PASSED] - Statement - counter = counter + 1: null

2018-12-17 17:05:30 - [TEST_STEP][PASSED] - Statement - PreSaveFile = new java.io.File(((pathPrefix + java.lang.Integer.toString(counter)) + .png)): null

2018-12-17 17:05:30 - [TEST_STEP][PASSED] - Statement - counter = counter + 1: null

2018-12-17 17:05:30 - [TEST_STEP][PASSED] - Statement - PreSaveFile = new java.io.File(((pathPrefix + java.lang.Integer.toString(counter)) + .png)): null

2018-12-17 17:05:30 - [TEST_STEP][PASSED] - Statement - counter = counter + 1: null

2018-12-17 17:05:30 - [TEST_STEP][PASSED] - Statement - PreSaveFile = new java.io.File(((pathPrefix + java.lang.Integer.toString(counter)) + .png)): null

2018-12-17 17:05:30 - [TEST_STEP][PASSED] - Statement - counter = counter + 1: null

2018-12-17 17:05:30 - [TEST_STEP][PASSED] - Statement - PreSaveFile = new java.io.File(((pathPrefix + java.lang.Integer.toString(counter)) + .png)): null

2018-12-17 17:05:30 - [TEST_STEP][PASSED] - Statement - counter = counter + 1: null

2018-12-17 17:05:30 - [TEST_STEP][PASSED] - Statement - PreSaveFile = new java.io.File(((pathPrefix + java.lang.Integer.toString(counter)) + .png)): null

2018-12-17 17:05:30 - [TEST_STEP][PASSED] - Statement - counter = counter + 1: null

2018-12-17 17:05:30 - [TEST_STEP][PASSED] - Statement - PreSaveFile = new java.io.File(((pathPrefix + java.lang.Integer.toString(counter)) + .png)): null

2018-12-17 17:05:30 - [TEST_STEP][PASSED] - Statement - counter = counter + 1: null

2018-12-17 17:05:30 - [TEST_STEP][PASSED] - Statement - PreSaveFile = new java.io.File(((pathPrefix + java.lang.Integer.toString(counter)) + .png)): null

2018-12-17 17:05:30 - [TEST_STEP][PASSED] - Statement - counter = counter + 1: null

2018-12-17 17:05:30 - [TEST_STEP][PASSED] - Statement - PreSaveFile = new java.io.File(((pathPrefix + java.lang.Integer.toString(counter)) + .png)): null

2018-12-17 17:05:30 - [TEST_STEP][PASSED] - Statement - counter = counter + 1: null

2018-12-17 17:05:30 - [TEST_STEP][PASSED] - Statement - PreSaveFile = new java.io.File(((pathPrefix + java.lang.Integer.toString(counter)) + .png)): null

2018-12-17 17:05:30 - [TEST_STEP][PASSED] - Statement - counter = counter + 1: null

2018-12-17 17:05:30 - [TEST_STEP][PASSED] - Statement - PreSaveFile = new java.io.File(((pathPrefix + java.lang.Integer.toString(counter)) + .png)): null

2018-12-17 17:05:31 - [TEST_STEP][PASSED] - Statement - counter = counter + 1: null

2018-12-17 17:05:31 - [TEST_STEP][PASSED] - Statement - PreSaveFile = new java.io.File(((pathPrefix + java.lang.Integer.toString(counter)) + .png)): null

2018-12-17 17:05:31 - [TEST_STEP][PASSED] - Statement - counter = counter + 1: null

2018-12-17 17:05:31 - [TEST_STEP][PASSED] - Statement - PreSaveFile = new java.io.File(((pathPrefix + java.lang.Integer.toString(counter)) + .png)): null

2018-12-17 17:05:31 - [TEST_STEP][PASSED] - Statement - counter = counter + 1: null

2018-12-17 17:05:31 - [TEST_STEP][PASSED] - Statement - PreSaveFile = new java.io.File(((pathPrefix + java.lang.Integer.toString(counter)) + .png)): null

2018-12-17 17:05:31 - [TEST_STEP][PASSED] - Statement - counter = counter + 1: null

2018-12-17 17:05:31 - [TEST_STEP][PASSED] - Statement - PreSaveFile = new java.io.File(((pathPrefix + java.lang.Integer.toString(counter)) + .png)): null

2018-12-17 17:05:31 - [TEST_STEP][PASSED] - Statement - counter = counter + 1: null

2018-12-17 17:05:31 - [TEST_STEP][PASSED] - Statement - PreSaveFile = new java.io.File(((pathPrefix + java.lang.Integer.toString(counter)) + .png)): null

2018-12-17 17:05:31 - [TEST_STEP][PASSED] - Statement - counter = counter + 1: null

2018-12-17 17:05:31 - [TEST_STEP][PASSED] - Statement - PreSaveFile = new java.io.File(((pathPrefix + java.lang.Integer.toString(counter)) + .png)): null

2018-12-17 17:05:31 - [TEST_STEP][PASSED] - Statement - counter = counter + 1: null

2018-12-17 17:05:31 - [TEST_STEP][PASSED] - Statement - PreSaveFile = new java.io.File(((pathPrefix + java.lang.Integer.toString(counter)) + .png)): null

2018-12-17 17:05:31 - [TEST_STEP][PASSED] - Statement - counter = counter + 1: null

2018-12-17 17:05:31 - [TEST_STEP][PASSED] - Statement - PreSaveFile = new java.io.File(((pathPrefix + java.lang.Integer.toString(counter)) + .png)): null

2018-12-17 17:05:31 - [TEST_STEP][PASSED] - Statement - counter = counter + 1: null

2018-12-17 17:05:31 - [TEST_STEP][PASSED] - Statement - PreSaveFile = new java.io.File(((pathPrefix + java.lang.Integer.toString(counter)) + .png)): null

2018-12-17 17:05:31 - [TEST_STEP][PASSED] - Statement - counter = counter + 1: null

2018-12-17 17:05:31 - [TEST_STEP][PASSED] - Statement - PreSaveFile = new java.io.File(((pathPrefix + java.lang.Integer.toString(counter)) + .png)): null

2018-12-17 17:05:31 - [TEST_STEP][PASSED] - Statement - counter = counter + 1: null

2018-12-17 17:05:31 - [TEST_STEP][PASSED] - Statement - PreSaveFile = new java.io.File(((pathPrefix + java.lang.Integer.toString(counter)) + .png)): null

2018-12-17 17:05:31 - [TEST_STEP][PASSED] - Statement - counter = counter + 1: null

2018-12-17 17:05:31 - [TEST_STEP][PASSED] - Statement - PreSaveFile = new java.io.File(((pathPrefix + java.lang.Integer.toString(counter)) + .png)): null

2018-12-17 17:05:31 - [TEST_STEP][PASSED] - Statement - counter = counter + 1: null

2018-12-17 17:05:31 - [TEST_STEP][PASSED] - Statement - PreSaveFile = new java.io.File(((pathPrefix + java.lang.Integer.toString(counter)) + .png)): null

2018-12-17 17:05:31 - [TEST_STEP][PASSED] - Statement - counter = counter + 1: null

2018-12-17 17:05:31 - [TEST_STEP][PASSED] - Statement - PreSaveFile = new java.io.File(((pathPrefix + java.lang.Integer.toString(counter)) + .png)): null

2018-12-17 17:05:31 - [TEST_STEP][PASSED] - Statement - counter = counter + 1: null

2018-12-17 17:05:32 - [TEST_STEP][PASSED] - Statement - PreSaveFile = new java.io.File(((pathPrefix + java.lang.Integer.toString(counter)) + .png)): null

2018-12-17 17:05:32 - [TEST_STEP][PASSED] - Statement - counter = counter + 1: null

2018-12-17 17:05:32 - [TEST_STEP][PASSED] - Statement - PreSaveFile = new java.io.File(((pathPrefix + java.lang.Integer.toString(counter)) + .png)): null

2018-12-17 17:05:32 - [TEST_STEP][PASSED] - Statement - counter = counter + 1: null

2018-12-17 17:05:32 - [TEST_STEP][PASSED] - Statement - PreSaveFile = new java.io.File(((pathPrefix + java.lang.Integer.toString(counter)) + .png)): null

2018-12-17 17:05:32 - [TEST_STEP][PASSED] - Statement - counter = counter + 1: null

2018-12-17 17:05:32 - [TEST_STEP][PASSED] - Statement - PreSaveFile = new java.io.File(((pathPrefix + java.lang.Integer.toString(counter)) + .png)): null

2018-12-17 17:05:32 - [TEST_STEP][PASSED] - Statement - counter = counter + 1: null

2018-12-17 17:05:32 - [TEST_STEP][PASSED] - Statement - PreSaveFile = new java.io.File(((pathPrefix + java.lang.Integer.toString(counter)) + .png)): null

2018-12-17 17:05:32 - [TEST_STEP][PASSED] - Statement - counter = counter + 1: null

2018-12-17 17:05:32 - [TEST_STEP][PASSED] - Statement - PreSaveFile = new java.io.File(((pathPrefix + java.lang.Integer.toString(counter)) + .png)): null

2018-12-17 17:05:32 - [TEST_STEP][PASSED] - Statement - counter = counter + 1: null

2018-12-17 17:05:32 - [TEST_STEP][PASSED] - Statement - PreSaveFile = new java.io.File(((pathPrefix + java.lang.Integer.toString(counter)) + .png)): null

2018-12-17 17:05:32 - [TEST_STEP][PASSED] - Statement - counter = counter + 1: null

2018-12-17 17:05:32 - [TEST_STEP][PASSED] - Statement - PreSaveFile = new java.io.File(((pathPrefix + java.lang.Integer.toString(counter)) + .png)): null

2018-12-17 17:05:32 - [TEST_STEP][PASSED] - Statement - counter = counter + 1: null

2018-12-17 17:05:32 - [TEST_STEP][PASSED] - Statement - PreSaveFile = new java.io.File(((pathPrefix + java.lang.Integer.toString(counter)) + .png)): null

2018-12-17 17:05:32 - [TEST_STEP][PASSED] - Statement - counter = counter + 1: null

2018-12-17 17:05:32 - [TEST_STEP][PASSED] - Statement - PreSaveFile = new java.io.File(((pathPrefix + java.lang.Integer.toString(counter)) + .png)): null

2018-12-17 17:05:32 - [TEST_STEP][PASSED] - Statement - counter = counter + 1: null

2018-12-17 17:05:32 - [TEST_STEP][PASSED] - Statement - PreSaveFile = new java.io.File(((pathPrefix + java.lang.Integer.toString(counter)) + .png)): null

2018-12-17 17:05:32 - [TEST_STEP][PASSED] - Statement - counter = counter + 1: null

2018-12-17 17:05:32 - [TEST_STEP][PASSED] - Statement - PreSaveFile = new java.io.File(((pathPrefix + java.lang.Integer.toString(counter)) + .png)): null

2018-12-17 17:05:32 - [TEST_STEP][PASSED] - Statement - counter = counter + 1: null

2018-12-17 17:05:32 - [TEST_STEP][PASSED] - Statement - PreSaveFile = new java.io.File(((pathPrefix + java.lang.Integer.toString(counter)) + .png)): null

2018-12-17 17:05:32 - [TEST_STEP][PASSED] - Statement - counter = counter + 1: null

2018-12-17 17:05:32 - [TEST_STEP][PASSED] - Statement - PreSaveFile = new java.io.File(((pathPrefix + java.lang.Integer.toString(counter)) + .png)): null

2018-12-17 17:05:32 - [TEST_STEP][PASSED] - Statement - counter = counter + 1: null

2018-12-17 17:05:32 - [TEST_STEP][PASSED] - Statement - PreSaveFile = new java.io.File(((pathPrefix + java.lang.Integer.toString(counter)) + .png)): null

2018-12-17 17:05:32 - [TEST_STEP][PASSED] - Statement - counter = counter + 1: null

2018-12-17 17:05:32 - [TEST_STEP][PASSED] - Statement - PreSaveFile = new java.io.File(((pathPrefix + java.lang.Integer.toString(counter)) + .png)): null

2018-12-17 17:05:32 - [TEST_STEP][PASSED] - Statement - counter = counter + 1: null

2018-12-17 17:05:32 - [TEST_STEP][PASSED] - Statement - PreSaveFile = new java.io.File(((pathPrefix + java.lang.Integer.toString(counter)) + .png)): null

2018-12-17 17:05:32 - [TEST_STEP][PASSED] - Statement - counter = counter + 1: null

2018-12-17 17:05:32 - [TEST_STEP][PASSED] - Statement - PreSaveFile = new java.io.File(((pathPrefix + java.lang.Integer.toString(counter)) + .png)): null

2018-12-17 17:05:32 - [TEST_STEP][PASSED] - Statement - counter = counter + 1: null

2018-12-17 17:05:32 - [TEST_STEP][PASSED] - Statement - PreSaveFile = new java.io.File(((pathPrefix + java.lang.Integer.toString(counter)) + .png)): null

2018-12-17 17:05:32 - [TEST_STEP][PASSED] - Statement - counter = counter + 1: null

2018-12-17 17:05:32 - [TEST_STEP][PASSED] - Statement - PreSaveFile = new java.io.File(((pathPrefix + java.lang.Integer.toString(counter)) + .png)): null

2018-12-17 17:05:33 - [TEST_STEP][PASSED] - Statement - counter = counter + 1: null

2018-12-17 17:05:33 - [TEST_STEP][PASSED] - Statement - PreSaveFile = new java.io.File(((pathPrefix + java.lang.Integer.toString(counter)) + .png)): null

2018-12-17 17:05:33 - [TEST_STEP][PASSED] - Statement - counter = counter + 1: null

2018-12-17 17:05:33 - [TEST_STEP][PASSED] - Statement - PreSaveFile = new java.io.File(((pathPrefix + java.lang.Integer.toString(counter)) + .png)): null

2018-12-17 17:05:33 - [TEST_STEP][PASSED] - Statement - counter = counter + 1: null

2018-12-17 17:05:33 - [TEST_STEP][PASSED] - Statement - PreSaveFile = new java.io.File(((pathPrefix + java.lang.Integer.toString(counter)) + .png)): null

2018-12-17 17:05:33 - [TEST_STEP][PASSED] - Statement - counter = counter + 1: null

2018-12-17 17:05:33 - [TEST_STEP][PASSED] - Statement - PreSaveFile = new java.io.File(((pathPrefix + java.lang.Integer.toString(counter)) + .png)): null

2018-12-17 17:05:33 - [TEST_STEP][PASSED] - Statement - counter = counter + 1: null

2018-12-17 17:05:33 - [TEST_STEP][PASSED] - Statement - PreSaveFile = new java.io.File(((pathPrefix + java.lang.Integer.toString(counter)) + .png)): null

2018-12-17 17:05:33 - [TEST_STEP][PASSED] - Statement - counter = counter + 1: null

2018-12-17 17:05:33 - [TEST_STEP][PASSED] - Statement - PreSaveFile = new java.io.File(((pathPrefix + java.lang.Integer.toString(counter)) + .png)): null

2018-12-17 17:05:33 - [TEST_STEP][PASSED] - Statement - counter = counter + 1: null

2018-12-17 17:05:33 - [TEST_STEP][PASSED] - Statement - PreSaveFile = new java.io.File(((pathPrefix + java.lang.Integer.toString(counter)) + .png)): null

2018-12-17 17:05:33 - [TEST_STEP][PASSED] - Statement - counter = counter + 1: null

2018-12-17 17:05:33 - [TEST_STEP][PASSED] - Statement - PreSaveFile = new java.io.File(((pathPrefix + java.lang.Integer.toString(counter)) + .png)): null

2018-12-17 17:05:33 - [TEST_STEP][PASSED] - Statement - counter = counter + 1: null

2018-12-17 17:05:33 - [TEST_STEP][PASSED] - Statement - PreSaveFile = new java.io.File(((pathPrefix + java.lang.Integer.toString(counter)) + .png)): null

2018-12-17 17:05:33 - [TEST_STEP][PASSED] - Statement - counter = counter + 1: null

2018-12-17 17:05:33 - [TEST_STEP][PASSED] - Statement - PreSaveFile = new java.io.File(((pathPrefix + java.lang.Integer.toString(counter)) + .png)): null

2018-12-17 17:05:34 - [TEST_STEP][PASSED] - Statement - counter = counter + 1: null

2018-12-17 17:05:34 - [TEST_STEP][PASSED] - Statement - PreSaveFile = new java.io.File(((pathPrefix + java.lang.Integer.toString(counter)) + .png)): null

2018-12-17 17:05:34 - [TEST_STEP][PASSED] - Statement - counter = counter + 1: null

2018-12-17 17:05:34 - [TEST_STEP][PASSED] - Statement - PreSaveFile = new java.io.File(((pathPrefix + java.lang.Integer.toString(counter)) + .png)): null

2018-12-17 17:05:34 - [TEST_STEP][PASSED] - Statement - counter = counter + 1: null

2018-12-17 17:05:34 - [TEST_STEP][PASSED] - Statement - PreSaveFile = new java.io.File(((pathPrefix + java.lang.Integer.toString(counter)) + .png)): null

2018-12-17 17:05:34 - [TEST_STEP][PASSED] - Statement - counter = counter + 1: null

2018-12-17 17:05:34 - [TEST_STEP][PASSED] - Statement - PreSaveFile = new java.io.File(((pathPrefix + java.lang.Integer.toString(counter)) + .png)): null

2018-12-17 17:05:34 - [TEST_STEP][PASSED] - Statement - counter = counter + 1: null

2018-12-17 17:05:34 - [TEST_STEP][PASSED] - Statement - PreSaveFile = new java.io.File(((pathPrefix + java.lang.Integer.toString(counter)) + .png)): null

2018-12-17 17:05:34 - [TEST_STEP][PASSED] - Statement - counter = counter + 1: null

2018-12-17 17:05:34 - [TEST_STEP][PASSED] - Statement - PreSaveFile = new java.io.File(((pathPrefix + java.lang.Integer.toString(counter)) + .png)): null

2018-12-17 17:05:34 - [TEST_STEP][PASSED] - Statement - counter = counter + 1: null

2018-12-17 17:05:34 - [TEST_STEP][PASSED] - Statement - PreSaveFile = new java.io.File(((pathPrefix + java.lang.Integer.toString(counter)) + .png)): null

2018-12-17 17:05:34 - [TEST_STEP][PASSED] - Statement - counter = counter + 1: null

2018-12-17 17:05:34 - [TEST_STEP][PASSED] - Statement - PreSaveFile = new java.io.File(((pathPrefix + java.lang.Integer.toString(counter)) + .png)): null

2018-12-17 17:05:34 - [TEST_STEP][PASSED] - Statement - counter = counter + 1: null

2018-12-17 17:05:34 - [TEST_STEP][PASSED] - Statement - PreSaveFile = new java.io.File(((pathPrefix + java.lang.Integer.toString(counter)) + .png)): null

2018-12-17 17:05:34 - [TEST_STEP][PASSED] - Statement - counter = counter + 1: null

2018-12-17 17:05:34 - [TEST_STEP][PASSED] - Statement - PreSaveFile = new java.io.File(((pathPrefix + java.lang.Integer.toString(counter)) + .png)): null

2018-12-17 17:05:34 - [TEST_STEP][PASSED] - Statement - counter = counter + 1: null

2018-12-17 17:05:34 - [TEST_STEP][PASSED] - Statement - PreSaveFile = new java.io.File(((pathPrefix + java.lang.Integer.toString(counter)) + .png)): null

2018-12-17 17:05:34 - [TEST_STEP][PASSED] - Statement - counter = counter + 1: null

2018-12-17 17:05:34 - [TEST_STEP][PASSED] - Statement - PreSaveFile = new java.io.File(((pathPrefix + java.lang.Integer.toString(counter)) + .png)): null

2018-12-17 17:05:34 - [TEST_STEP][PASSED] - Statement - counter = counter + 1: null

2018-12-17 17:05:34 - [TEST_STEP][PASSED] - Statement - PreSaveFile = new java.io.File(((pathPrefix + java.lang.Integer.toString(counter)) + .png)): null

2018-12-17 17:05:34 - [TEST_STEP][PASSED] - Statement - counter = counter + 1: null

2018-12-17 17:05:34 - [TEST_STEP][PASSED] - Statement - PreSaveFile = new java.io.File(((pathPrefix + java.lang.Integer.toString(counter)) + .png)): null

2018-12-17 17:05:34 - [TEST_STEP][PASSED] - Statement - counter = counter + 1: null

2018-12-17 17:05:34 - [TEST_STEP][PASSED] - Statement - PreSaveFile = new java.io.File(((pathPrefix + java.lang.Integer.toString(counter)) + .png)): null

2018-12-17 17:05:34 - [TEST_STEP][PASSED] - Statement - counter = counter + 1: null

2018-12-17 17:05:34 - [TEST_STEP][PASSED] - Statement - PreSaveFile = new java.io.File(((pathPrefix + java.lang.Integer.toString(counter)) + .png)): null

2018-12-17 17:05:34 - [TEST_STEP][PASSED] - Statement - counter = counter + 1: null

2018-12-17 17:05:34 - [TEST_STEP][PASSED] - Statement - PreSaveFile = new java.io.File(((pathPrefix + java.lang.Integer.toString(counter)) + .png)): null

2018-12-17 17:05:34 - [TEST_STEP][PASSED] - Statement - counter = counter + 1: null

2018-12-17 17:05:34 - [TEST_STEP][PASSED] - Statement - PreSaveFile = new java.io.File(((pathPrefix + java.lang.Integer.toString(counter)) + .png)): null

2018-12-17 17:05:34 - [TEST_STEP][PASSED] - Statement - counter = counter + 1: null

2018-12-17 17:05:34 - [TEST_STEP][PASSED] - Statement - PreSaveFile = new java.io.File(((pathPrefix + java.lang.Integer.toString(counter)) + .png)): null

2018-12-17 17:05:35 - [TEST_STEP][PASSED] - Statement - counter = counter + 1: null

2018-12-17 17:05:35 - [TEST_STEP][PASSED] - Statement - PreSaveFile = new java.io.File(((pathPrefix + java.lang.Integer.toString(counter)) + .png)): null

2018-12-17 17:05:35 - [TEST_STEP][PASSED] - Statement - counter = counter + 1: null

2018-12-17 17:05:35 - [TEST_STEP][PASSED] - Statement - PreSaveFile = new java.io.File(((pathPrefix + java.lang.Integer.toString(counter)) + .png)): null

2018-12-17 17:05:35 - [TEST_STEP][PASSED] - Statement - counter = counter + 1: null

2018-12-17 17:05:35 - [TEST_STEP][PASSED] - Statement - PreSaveFile = new java.io.File(((pathPrefix + java.lang.Integer.toString(counter)) + .png)): null

2018-12-17 17:05:35 - [TEST_STEP][PASSED] - Statement - counter = counter + 1: null

2018-12-17 17:05:35 - [TEST_STEP][PASSED] - Statement - PreSaveFile = new java.io.File(((pathPrefix + java.lang.Integer.toString(counter)) + .png)): null

2018-12-17 17:05:35 - [TEST_STEP][PASSED] - Statement - counter = counter + 1: null

2018-12-17 17:05:35 - [TEST_STEP][PASSED] - Statement - PreSaveFile = new java.io.File(((pathPrefix + java.lang.Integer.toString(counter)) + .png)): null

2018-12-17 17:05:35 - [TEST_STEP][PASSED] - Statement - counter = counter + 1: null

2018-12-17 17:05:35 - [TEST_STEP][PASSED] - Statement - PreSaveFile = new java.io.File(((pathPrefix + java.lang.Integer.toString(counter)) + .png)): null

2018-12-17 17:05:35 - [TEST_STEP][PASSED] - Statement - counter = counter + 1: null

2018-12-17 17:05:35 - [TEST_STEP][PASSED] - Statement - PreSaveFile = new java.io.File(((pathPrefix + java.lang.Integer.toString(counter)) + .png)): null

2018-12-17 17:05:35 - [TEST_STEP][PASSED] - Statement - counter = counter + 1: null

2018-12-17 17:05:35 - [TEST_STEP][PASSED] - Statement - PreSaveFile = new java.io.File(((pathPrefix + java.lang.Integer.toString(counter)) + .png)): null

2018-12-17 17:05:35 - [TEST_STEP][PASSED] - Statement - counter = counter + 1: null

2018-12-17 17:05:35 - [TEST_STEP][PASSED] - Statement - PreSaveFile = new java.io.File(((pathPrefix + java.lang.Integer.toString(counter)) + .png)): null

2018-12-17 17:05:35 - [TEST_STEP][PASSED] - Statement - counter = counter + 1: null

2018-12-17 17:05:35 - [TEST_STEP][PASSED] - Statement - PreSaveFile = new java.io.File(((pathPrefix + java.lang.Integer.toString(counter)) + .png)): null

2018-12-17 17:05:35 - [TEST_STEP][PASSED] - Statement - counter = counter + 1: null

2018-12-17 17:05:35 - [TEST_STEP][PASSED] - Statement - PreSaveFile = new java.io.File(((pathPrefix + java.lang.Integer.toString(counter)) + .png)): null

2018-12-17 17:05:35 - [TEST_STEP][PASSED] - Statement - counter = counter + 1: null

2018-12-17 17:05:35 - [TEST_STEP][PASSED] - Statement - PreSaveFile = new java.io.File(((pathPrefix + java.lang.Integer.toString(counter)) + .png)): null

2018-12-17 17:05:35 - [TEST_STEP][PASSED] - Statement - counter = counter + 1: null

2018-12-17 17:05:35 - [TEST_STEP][PASSED] - Statement - PreSaveFile = new java.io.File(((pathPrefix + java.lang.Integer.toString(counter)) + .png)): null

2018-12-17 17:05:35 - [TEST_STEP][PASSED] - Statement - counter = counter + 1: null

2018-12-17 17:05:35 - [TEST_STEP][PASSED] - Statement - PreSaveFile = new java.io.File(((pathPrefix + java.lang.Integer.toString(counter)) + .png)): null

2018-12-17 17:05:36 - [TEST_STEP][PASSED] - Statement - counter = counter + 1: null

2018-12-17 17:05:36 - [TEST_STEP][PASSED] - Statement - PreSaveFile = new java.io.File(((pathPrefix + java.lang.Integer.toString(counter)) + .png)): null

2018-12-17 17:05:36 - [TEST_STEP][PASSED] - Statement - counter = counter + 1: null

2018-12-17 17:05:36 - [TEST_STEP][PASSED] - Statement - PreSaveFile = new java.io.File(((pathPrefix + java.lang.Integer.toString(counter)) + .png)): null

2018-12-17 17:05:36 - [TEST_STEP][PASSED] - Statement - counter = counter + 1: null

2018-12-17 17:05:36 - [TEST_STEP][PASSED] - Statement - PreSaveFile = new java.io.File(((pathPrefix + java.lang.Integer.toString(counter)) + .png)): null

2018-12-17 17:05:36 - [TEST_STEP][PASSED] - Statement - counter = counter + 1: null

2018-12-17 17:05:36 - [TEST_STEP][PASSED] - Statement - PreSaveFile = new java.io.File(((pathPrefix + java.lang.Integer.toString(counter)) + .png)): null

2018-12-17 17:05:36 - [TEST_STEP][PASSED] - Statement - counter = counter + 1: null

2018-12-17 17:05:36 - [TEST_STEP][PASSED] - Statement - PreSaveFile = new java.io.File(((pathPrefix + java.lang.Integer.toString(counter)) + .png)): null

2018-12-17 17:05:36 - [TEST_STEP][PASSED] - Statement - counter = counter + 1: null

2018-12-17 17:05:36 - [TEST_STEP][PASSED] - Statement - PreSaveFile = new java.io.File(((pathPrefix + java.lang.Integer.toString(counter)) + .png)): null

2018-12-17 17:05:36 - [TEST_STEP][PASSED] - Statement - counter = counter + 1: null

2018-12-17 17:05:36 - [TEST_STEP][PASSED] - Statement - PreSaveFile = new java.io.File(((pathPrefix + java.lang.Integer.toString(counter)) + .png)): null

2018-12-17 17:05:36 - [TEST_STEP][PASSED] - Statement - counter = counter + 1: null

2018-12-17 17:05:36 - [TEST_STEP][PASSED] - Statement - PreSaveFile = new java.io.File(((pathPrefix + java.lang.Integer.toString(counter)) + .png)): null

2018-12-17 17:05:36 - [TEST_STEP][PASSED] - Statement - counter = counter + 1: null

2018-12-17 17:05:36 - [TEST_STEP][PASSED] - Statement - PreSaveFile = new java.io.File(((pathPrefix + java.lang.Integer.toString(counter)) + .png)): null

2018-12-17 17:05:36 - [TEST_STEP][PASSED] - Statement - counter = counter + 1: null

2018-12-17 17:05:36 - [TEST_STEP][PASSED] - Statement - PreSaveFile = new java.io.File(((pathPrefix + java.lang.Integer.toString(counter)) + .png)): null

2018-12-17 17:05:36 - [TEST_STEP][PASSED] - Statement - counter = counter + 1: null

2018-12-17 17:05:36 - [TEST_STEP][PASSED] - Statement - PreSaveFile = new java.io.File(((pathPrefix + java.lang.Integer.toString(counter)) + .png)): null

2018-12-17 17:05:36 - [TEST_STEP][PASSED] - Statement - counter = counter + 1: null

2018-12-17 17:05:36 - [TEST_STEP][PASSED] - Statement - PreSaveFile = new java.io.File(((pathPrefix + java.lang.Integer.toString(counter)) + .png)): null

2018-12-17 17:05:36 - [TEST_STEP][PASSED] - Statement - counter = counter + 1: null

2018-12-17 17:05:36 - [TEST_STEP][PASSED] - Statement - PreSaveFile = new java.io.File(((pathPrefix + java.lang.Integer.toString(counter)) + .png)): null

2018-12-17 17:05:36 - [TEST_STEP][PASSED] - Statement - counter = counter + 1: null

2018-12-17 17:05:36 - [TEST_STEP][PASSED] - Statement - PreSaveFile = new java.io.File(((pathPrefix + java.lang.Integer.toString(counter)) + .png)): null

2018-12-17 17:05:36 - [TEST_STEP][PASSED] - Statement - counter = counter + 1: null

2018-12-17 17:05:37 - [TEST_STEP][PASSED] - Statement - PreSaveFile = new java.io.File(((pathPrefix + java.lang.Integer.toString(counter)) + .png)): null

2018-12-17 17:05:37 - [TEST_STEP][PASSED] - Statement - counter = counter + 1: null

2018-12-17 17:05:37 - [TEST_STEP][PASSED] - Statement - PreSaveFile = new java.io.File(((pathPrefix + java.lang.Integer.toString(counter)) + .png)): null

2018-12-17 17:05:37 - [TEST_STEP][PASSED] - Statement - counter = counter + 1: null

2018-12-17 17:05:37 - [TEST_STEP][PASSED] - Statement - PreSaveFile = new java.io.File(((pathPrefix + java.lang.Integer.toString(counter)) + .png)): null

2018-12-17 17:05:37 - [TEST_STEP][PASSED] - Statement - counter = counter + 1: null

2018-12-17 17:05:37 - [TEST_STEP][PASSED] - Statement - PreSaveFile = new java.io.File(((pathPrefix + java.lang.Integer.toString(counter)) + .png)): null

2018-12-17 17:05:37 - [TEST_STEP][PASSED] - Statement - counter = counter + 1: null

2018-12-17 17:05:37 - [TEST_STEP][PASSED] - Statement - PreSaveFile = new java.io.File(((pathPrefix + java.lang.Integer.toString(counter)) + .png)): null

2018-12-17 17:05:37 - [TEST_STEP][PASSED] - Statement - counter = counter + 1: null

2018-12-17 17:05:37 - [TEST_STEP][PASSED] - Statement - PreSaveFile = new java.io.File(((pathPrefix + java.lang.Integer.toString(counter)) + .png)): null

2018-12-17 17:05:37 - [TEST_STEP][PASSED] - Statement - counter = counter + 1: null

2018-12-17 17:05:37 - [TEST_STEP][PASSED] - Statement - PreSaveFile = new java.io.File(((pathPrefix + java.lang.Integer.toString(counter)) + .png)): null

2018-12-17 17:05:37 - [TEST_STEP][PASSED] - Statement - counter = counter + 1: null

2018-12-17 17:05:37 - [TEST_STEP][PASSED] - Statement - PreSaveFile = new java.io.File(((pathPrefix + java.lang.Integer.toString(counter)) + .png)): null

2018-12-17 17:05:37 - [TEST_STEP][PASSED] - Statement - counter = counter + 1: null

2018-12-17 17:05:37 - [TEST_STEP][PASSED] - Statement - PreSaveFile = new java.io.File(((pathPrefix + java.lang.Integer.toString(counter)) + .png)): null

2018-12-17 17:05:37 - [TEST_STEP][PASSED] - Statement - counter = counter + 1: null

2018-12-17 17:05:37 - [TEST_STEP][PASSED] - Statement - PreSaveFile = new java.io.File(((pathPrefix + java.lang.Integer.toString(counter)) + .png)): null

2018-12-17 17:05:37 - [TEST_STEP][PASSED] - Statement - counter = counter + 1: null

2018-12-17 17:05:37 - [TEST_STEP][PASSED] - Statement - PreSaveFile = new java.io.File(((pathPrefix + java.lang.Integer.toString(counter)) + .png)): null

2018-12-17 17:05:37 - [TEST_STEP][PASSED] - Statement - counter = counter + 1: null

2018-12-17 17:05:37 - [TEST_STEP][PASSED] - Statement - PreSaveFile = new java.io.File(((pathPrefix + java.lang.Integer.toString(counter)) + .png)): null

2018-12-17 17:05:37 - [TEST_STEP][PASSED] - Statement - counter = counter + 1: null

2018-12-17 17:05:37 - [TEST_STEP][PASSED] - Statement - PreSaveFile = new java.io.File(((pathPrefix + java.lang.Integer.toString(counter)) + .png)): null

2018-12-17 17:05:37 - [TEST_STEP][PASSED] - Statement - counter = counter + 1: null

2018-12-17 17:05:37 - [TEST_STEP][PASSED] - Statement - PreSaveFile = new java.io.File(((pathPrefix + java.lang.Integer.toString(counter)) + .png)): null

2018-12-17 17:05:37 - [TEST_STEP][PASSED] - Statement - counter = counter + 1: null

2018-12-17 17:05:37 - [TEST_STEP][PASSED] - Statement - PreSaveFile = new java.io.File(((pathPrefix + java.lang.Integer.toString(counter)) + .png)): null

2018-12-17 17:05:38 - [TEST_STEP][PASSED] - Statement - counter = counter + 1: null

2018-12-17 17:05:38 - [TEST_STEP][PASSED] - Statement - PreSaveFile = new java.io.File(((pathPrefix + java.lang.Integer.toString(counter)) + .png)): null

2018-12-17 17:05:38 - [TEST_STEP][PASSED] - Statement - counter = counter + 1: null

2018-12-17 17:05:38 - [TEST_STEP][PASSED] - Statement - PreSaveFile = new java.io.File(((pathPrefix + java.lang.Integer.toString(counter)) + .png)): null

2018-12-17 17:05:38 - [TEST_STEP][PASSED] - Statement - counter = counter + 1: null

2018-12-17 17:05:38 - [TEST_STEP][PASSED] - Statement - PreSaveFile = new java.io.File(((pathPrefix + java.lang.Integer.toString(counter)) + .png)): null

2018-12-17 17:05:38 - [TEST_STEP][PASSED] - Statement - counter = counter + 1: null

2018-12-17 17:05:38 - [TEST_STEP][PASSED] - Statement - PreSaveFile = new java.io.File(((pathPrefix + java.lang.Integer.toString(counter)) + .png)): null

2018-12-17 17:05:38 - [TEST_STEP][PASSED] - Statement - counter = counter + 1: null

2018-12-17 17:05:38 - [TEST_STEP][PASSED] - Statement - PreSaveFile = new java.io.File(((pathPrefix + java.lang.Integer.toString(counter)) + .png)): null

2018-12-17 17:05:38 - [TEST_STEP][PASSED] - Statement - counter = counter + 1: null

2018-12-17 17:05:38 - [TEST_STEP][PASSED] - Statement - PreSaveFile = new java.io.File(((pathPrefix + java.lang.Integer.toString(counter)) + .png)): null

2018-12-17 17:05:38 - [TEST_STEP][PASSED] - Statement - counter = counter + 1: null

2018-12-17 17:05:38 - [TEST_STEP][PASSED] - Statement - PreSaveFile = new java.io.File(((pathPrefix + java.lang.Integer.toString(counter)) + .png)): null

2018-12-17 17:05:38 - [TEST_STEP][PASSED] - Statement - counter = counter + 1: null

2018-12-17 17:05:38 - [TEST_STEP][PASSED] - Statement - PreSaveFile = new java.io.File(((pathPrefix + java.lang.Integer.toString(counter)) + .png)): null

2018-12-17 17:05:38 - [TEST_STEP][PASSED] - Statement - counter = counter + 1: null

2018-12-17 17:05:38 - [TEST_STEP][PASSED] - Statement - PreSaveFile = new java.io.File(((pathPrefix + java.lang.Integer.toString(counter)) + .png)): null

2018-12-17 17:05:38 - [TEST_STEP][PASSED] - Statement - counter = counter + 1: null

2018-12-17 17:05:38 - [TEST_STEP][PASSED] - Statement - PreSaveFile = new java.io.File(((pathPrefix + java.lang.Integer.toString(counter)) + .png)): null

2018-12-17 17:05:38 - [TEST_STEP][PASSED] - Statement - counter = counter + 1: null

2018-12-17 17:05:38 - [TEST_STEP][PASSED] - Statement - PreSaveFile = new java.io.File(((pathPrefix + java.lang.Integer.toString(counter)) + .png)): null

2018-12-17 17:05:38 - [TEST_STEP][PASSED] - Statement - counter = counter + 1: null

2018-12-17 17:05:38 - [TEST_STEP][PASSED] - Statement - PreSaveFile = new java.io.File(((pathPrefix + java.lang.Integer.toString(counter)) + .png)): null

2018-12-17 17:05:38 - [TEST_STEP][PASSED] - Statement - counter = counter + 1: null

2018-12-17 17:05:38 - [TEST_STEP][PASSED] - Statement - PreSaveFile = new java.io.File(((pathPrefix + java.lang.Integer.toString(counter)) + .png)): null

2018-12-17 17:05:38 - [TEST_STEP][PASSED] - Statement - counter = counter + 1: null

2018-12-17 17:05:38 - [TEST_STEP][PASSED] - Statement - PreSaveFile = new java.io.File(((pathPrefix + java.lang.Integer.toString(counter)) + .png)): null

2018-12-17 17:05:38 - [TEST_STEP][PASSED] - Statement - counter = counter + 1: null

2018-12-17 17:05:39 - [TEST_STEP][PASSED] - Statement - PreSaveFile = new java.io.File(((pathPrefix + java.lang.Integer.toString(counter)) + .png)): null

2018-12-17 17:05:39 - [TEST_STEP][PASSED] - Statement - counter = counter + 1: null

2018-12-17 17:05:39 - [TEST_STEP][PASSED] - Statement - PreSaveFile = new java.io.File(((pathPrefix + java.lang.Integer.toString(counter)) + .png)): null

2018-12-17 17:05:39 - [TEST_STEP][PASSED] - Statement - counter = counter + 1: null

2018-12-17 17:05:39 - [TEST_STEP][PASSED] - Statement - PreSaveFile = new java.io.File(((pathPrefix + java.lang.Integer.toString(counter)) + .png)): null

2018-12-17 17:05:39 - [TEST_STEP][PASSED] - Statement - counter = counter + 1: null

2018-12-17 17:05:39 - [TEST_STEP][PASSED] - Statement - PreSaveFile = new java.io.File(((pathPrefix + java.lang.Integer.toString(counter)) + .png)): null

2018-12-17 17:05:39 - [TEST_STEP][PASSED] - Statement - counter = counter + 1: null

2018-12-17 17:05:39 - [TEST_STEP][PASSED] - Statement - PreSaveFile = new java.io.File(((pathPrefix + java.lang.Integer.toString(counter)) + .png)): null

2018-12-17 17:05:39 - [TEST_STEP][PASSED] - Statement - counter = counter + 1: null

2018-12-17 17:05:39 - [TEST_STEP][PASSED] - Statement - PreSaveFile = new java.io.File(((pathPrefix + java.lang.Integer.toString(counter)) + .png)): null

2018-12-17 17:05:39 - [TEST_STEP][PASSED] - Statement - counter = counter + 1: null

2018-12-17 17:05:39 - [TEST_STEP][PASSED] - Statement - PreSaveFile = new java.io.File(((pathPrefix + java.lang.Integer.toString(counter)) + .png)): null

2018-12-17 17:05:39 - [TEST_STEP][PASSED] - Statement - counter = counter + 1: null

2018-12-17 17:05:39 - [TEST_STEP][PASSED] - Statement - PreSaveFile = new java.io.File(((pathPrefix + java.lang.Integer.toString(counter)) + .png)): null

2018-12-17 17:05:39 - [TEST_STEP][PASSED] - Statement - counter = counter + 1: null

2018-12-17 17:05:39 - [TEST_STEP][PASSED] - Statement - PreSaveFile = new java.io.File(((pathPrefix + java.lang.Integer.toString(counter)) + .png)): null

2018-12-17 17:05:39 - [TEST_STEP][PASSED] - Statement - counter = counter + 1: null

2018-12-17 17:05:39 - [TEST_STEP][PASSED] - Statement - PreSaveFile = new java.io.File(((pathPrefix + java.lang.Integer.toString(counter)) + .png)): null

2018-12-17 17:05:39 - [TEST_STEP][PASSED] - Statement - counter = counter + 1: null

2018-12-17 17:05:39 - [TEST_STEP][PASSED] - Statement - PreSaveFile = new java.io.File(((pathPrefix + java.lang.Integer.toString(counter)) + .png)): null

2018-12-17 17:05:39 - [TEST_STEP][PASSED] - Statement - counter = counter + 1: null

2018-12-17 17:05:39 - [TEST_STEP][PASSED] - Statement - PreSaveFile = new java.io.File(((pathPrefix + java.lang.Integer.toString(counter)) + .png)): null

2018-12-17 17:05:39 - [TEST_STEP][PASSED] - Statement - counter = counter + 1: null

2018-12-17 17:05:39 - [TEST_STEP][PASSED] - Statement - PreSaveFile = new java.io.File(((pathPrefix + java.lang.Integer.toString(counter)) + .png)): null

2018-12-17 17:05:39 - [TEST_STEP][PASSED] - Statement - counter = counter + 1: null

2018-12-17 17:05:39 - [TEST_STEP][PASSED] - Statement - PreSaveFile = new java.io.File(((pathPrefix + java.lang.Integer.toString(counter)) + .png)): null

2018-12-17 17:05:39 - [TEST_STEP][PASSED] - Statement - counter = counter + 1: null

2018-12-17 17:05:40 - [TEST_STEP][PASSED] - Statement - PreSaveFile = new java.io.File(((pathPrefix + java.lang.Integer.toString(counter)) + .png)): null

2018-12-17 17:05:40 - [TEST_STEP][PASSED] - Statement - counter = counter + 1: null

2018-12-17 17:05:40 - [TEST_STEP][PASSED] - Statement - PreSaveFile = new java.io.File(((pathPrefix + java.lang.Integer.toString(counter)) + .png)): null

2018-12-17 17:05:40 - [TEST_STEP][PASSED] - Statement - counter = counter + 1: null

2018-12-17 17:05:40 - [TEST_STEP][PASSED] - Statement - PreSaveFile = new java.io.File(((pathPrefix + java.lang.Integer.toString(counter)) + .png)): null

2018-12-17 17:05:40 - [TEST_STEP][PASSED] - Statement - counter = counter + 1: null

2018-12-17 17:05:40 - [TEST_STEP][PASSED] - Statement - PreSaveFile = new java.io.File(((pathPrefix + java.lang.Integer.toString(counter)) + .png)): null

2018-12-17 17:05:40 - [TEST_STEP][PASSED] - Statement - counter = counter + 1: null

2018-12-17 17:05:40 - [TEST_STEP][PASSED] - Statement - PreSaveFile = new java.io.File(((pathPrefix + java.lang.Integer.toString(counter)) + .png)): null

2018-12-17 17:05:40 - [TEST_STEP][PASSED] - Statement - counter = counter + 1: null

2018-12-17 17:05:40 - [TEST_STEP][PASSED] - Statement - PreSaveFile = new java.io.File(((pathPrefix + java.lang.Integer.toString(counter)) + .png)): null

2018-12-17 17:05:40 - [TEST_STEP][PASSED] - Statement - counter = counter + 1: null

2018-12-17 17:05:40 - [TEST_STEP][PASSED] - Statement - PreSaveFile = new java.io.File(((pathPrefix + java.lang.Integer.toString(counter)) + .png)): null

2018-12-17 17:05:40 - [TEST_STEP][PASSED] - Statement - counter = counter + 1: null

2018-12-17 17:05:40 - [TEST_STEP][PASSED] - Statement - PreSaveFile = new java.io.File(((pathPrefix + java.lang.Integer.toString(counter)) + .png)): null

2018-12-17 17:05:40 - [TEST_STEP][PASSED] - Statement - counter = counter + 1: null

2018-12-17 17:05:40 - [TEST_STEP][PASSED] - Statement - PreSaveFile = new java.io.File(((pathPrefix + java.lang.Integer.toString(counter)) + .png)): null

2018-12-17 17:05:40 - [TEST_STEP][PASSED] - Statement - counter = counter + 1: null

2018-12-17 17:05:40 - [TEST_STEP][PASSED] - Statement - PreSaveFile = new java.io.File(((pathPrefix + java.lang.Integer.toString(counter)) + .png)): null

2018-12-17 17:05:40 - [TEST_STEP][PASSED] - Statement - counter = counter + 1: null

2018-12-17 17:05:40 - [TEST_STEP][PASSED] - Statement - PreSaveFile = new java.io.File(((pathPrefix + java.lang.Integer.toString(counter)) + .png)): null

2018-12-17 17:05:40 - [TEST_STEP][PASSED] - Statement - counter = counter + 1: null

2018-12-17 17:05:40 - [TEST_STEP][PASSED] - Statement - PreSaveFile = new java.io.File(((pathPrefix + java.lang.Integer.toString(counter)) + .png)): null

2018-12-17 17:05:40 - [TEST_STEP][PASSED] - Statement - counter = counter + 1: null

2018-12-17 17:05:40 - [TEST_STEP][PASSED] - Statement - PreSaveFile = new java.io.File(((pathPrefix + java.lang.Integer.toString(counter)) + .png)): null

2018-12-17 17:05:40 - [TEST_STEP][PASSED] - Statement - counter = counter + 1: null

2018-12-17 17:05:40 - [TEST_STEP][PASSED] - Statement - PreSaveFile = new java.io.File(((pathPrefix + java.lang.Integer.toString(counter)) + .png)): null

2018-12-17 17:05:40 - [TEST_STEP][PASSED] - Statement - counter = counter + 1: null

2018-12-17 17:05:40 - [TEST_STEP][PASSED] - Statement - PreSaveFile = new java.io.File(((pathPrefix + java.lang.Integer.toString(counter)) + .png)): null

2018-12-17 17:05:41 - [TEST_STEP][PASSED] - Statement - counter = counter + 1: null

2018-12-17 17:05:41 - [TEST_STEP][PASSED] - Statement - PreSaveFile = new java.io.File(((pathPrefix + java.lang.Integer.toString(counter)) + .png)): null

2018-12-17 17:05:41 - [TEST_STEP][PASSED] - Statement - counter = counter + 1: null

2018-12-17 17:05:41 - [TEST_STEP][PASSED] - Statement - PreSaveFile = new java.io.File(((pathPrefix + java.lang.Integer.toString(counter)) + .png)): null

2018-12-17 17:05:41 - [TEST_STEP][PASSED] - Statement - counter = counter + 1: null

2018-12-17 17:05:41 - [TEST_STEP][PASSED] - Statement - PreSaveFile = new java.io.File(((pathPrefix + java.lang.Integer.toString(counter)) + .png)): null

2018-12-17 17:05:41 - [TEST_STEP][PASSED] - Statement - counter = counter + 1: null

2018-12-17 17:05:41 - [TEST_STEP][PASSED] - Statement - PreSaveFile = new java.io.File(((pathPrefix + java.lang.Integer.toString(counter)) + .png)): null

2018-12-17 17:05:41 - [TEST_STEP][PASSED] - Statement - counter = counter + 1: null

2018-12-17 17:05:41 - [TEST_STEP][PASSED] - Statement - PreSaveFile = new java.io.File(((pathPrefix + java.lang.Integer.toString(counter)) + .png)): null

2018-12-17 17:05:41 - [TEST_STEP][PASSED] - Statement - counter = counter + 1: null

2018-12-17 17:05:41 - [TEST_STEP][PASSED] - Statement - PreSaveFile = new java.io.File(((pathPrefix + java.lang.Integer.toString(counter)) + .png)): null

2018-12-17 17:05:41 - [TEST_STEP][PASSED] - Statement - counter = counter + 1: null

2018-12-17 17:05:41 - [TEST_STEP][PASSED] - Statement - PreSaveFile = new java.io.File(((pathPrefix + java.lang.Integer.toString(counter)) + .png)): null

2018-12-17 17:05:41 - [TEST_STEP][PASSED] - Statement - counter = counter + 1: null

2018-12-17 17:05:41 - [TEST_STEP][PASSED] - Statement - PreSaveFile = new java.io.File(((pathPrefix + java.lang.Integer.toString(counter)) + .png)): null

2018-12-17 17:05:41 - [TEST_STEP][PASSED] - Statement - counter = counter + 1: null

2018-12-17 17:05:41 - [TEST_STEP][PASSED] - Statement - PreSaveFile = new java.io.File(((pathPrefix + java.lang.Integer.toString(counter)) + .png)): null

2018-12-17 17:05:41 - [TEST_STEP][PASSED] - Statement - counter = counter + 1: null

2018-12-17 17:05:41 - [TEST_STEP][PASSED] - Statement - PreSaveFile = new java.io.File(((pathPrefix + java.lang.Integer.toString(counter)) + .png)): null

2018-12-17 17:05:41 - [TEST_STEP][PASSED] - Statement - counter = counter + 1: null

2018-12-17 17:05:41 - [TEST_STEP][PASSED] - Statement - PreSaveFile = new java.io.File(((pathPrefix + java.lang.Integer.toString(counter)) + .png)): null

2018-12-17 17:05:41 - [TEST_STEP][PASSED] - Statement - counter = counter + 1: null

2018-12-17 17:05:41 - [TEST_STEP][PASSED] - Statement - PreSaveFile = new java.io.File(((pathPrefix + java.lang.Integer.toString(counter)) + .png)): null

2018-12-17 17:05:41 - [TEST_STEP][PASSED] - Statement - counter = counter + 1: null

2018-12-17 17:05:41 - [TEST_STEP][PASSED] - Statement - PreSaveFile = new java.io.File(((pathPrefix + java.lang.Integer.toString(counter)) + .png)): null

2018-12-17 17:05:41 - [TEST_STEP][PASSED] - Statement - counter = counter + 1: null

2018-12-17 17:05:41 - [TEST_STEP][PASSED] - Statement - PreSaveFile = new java.io.File(((pathPrefix + java.lang.Integer.toString(counter)) + .png)): null

2018-12-17 17:05:41 - [TEST_STEP][PASSED] - Statement - counter = counter + 1: null

2018-12-17 17:05:41 - [TEST_STEP][PASSED] - Statement - PreSaveFile = new java.io.File(((pathPrefix + java.lang.Integer.toString(counter)) + .png)): null

2018-12-17 17:05:41 - [TEST_STEP][PASSED] - Statement - counter = counter + 1: null

2018-12-17 17:05:41 - [TEST_STEP][PASSED] - Statement - PreSaveFile = new java.io.File(((pathPrefix + java.lang.Integer.toString(counter)) + .png)): null

2018-12-17 17:05:41 - [TEST_STEP][PASSED] - Statement - counter = counter + 1: null

2018-12-17 17:05:41 - [TEST_STEP][PASSED] - Statement - PreSaveFile = new java.io.File(((pathPrefix + java.lang.Integer.toString(counter)) + .png)): null

2018-12-17 17:05:41 - [TEST_STEP][PASSED] - Statement - counter = counter + 1: null

2018-12-17 17:05:41 - [TEST_STEP][PASSED] - Statement - PreSaveFile = new java.io.File(((pathPrefix + java.lang.Integer.toString(counter)) + .png)): null

2018-12-17 17:05:41 - [TEST_STEP][PASSED] - Statement - counter = counter + 1: null

2018-12-17 17:05:41 - [TEST_STEP][PASSED] - Statement - PreSaveFile = new java.io.File(((pathPrefix + java.lang.Integer.toString(counter)) + .png)): null

2018-12-17 17:05:41 - [TEST_STEP][PASSED] - Statement - counter = counter + 1: null

2018-12-17 17:05:42 - [TEST_STEP][PASSED] - Statement - PreSaveFile = new java.io.File(((pathPrefix + java.lang.Integer.toString(counter)) + .png)): null

2018-12-17 17:05:42 - [TEST_STEP][PASSED] - Statement - counter = counter + 1: null

2018-12-17 17:05:42 - [TEST_STEP][PASSED] - Statement - PreSaveFile = new java.io.File(((pathPrefix + java.lang.Integer.toString(counter)) + .png)): null

2018-12-17 17:05:42 - [TEST_STEP][PASSED] - Statement - counter = counter + 1: null

2018-12-17 17:05:42 - [TEST_STEP][PASSED] - Statement - PreSaveFile = new java.io.File(((pathPrefix + java.lang.Integer.toString(counter)) + .png)): null

2018-12-17 17:05:42 - [TEST_STEP][PASSED] - Statement - counter = counter + 1: null

2018-12-17 17:05:42 - [TEST_STEP][PASSED] - Statement - PreSaveFile = new java.io.File(((pathPrefix + java.lang.Integer.toString(counter)) + .png)): null

2018-12-17 17:05:42 - [TEST_STEP][PASSED] - Statement - counter = counter + 1: null

2018-12-17 17:05:42 - [TEST_STEP][PASSED] - Statement - PreSaveFile = new java.io.File(((pathPrefix + java.lang.Integer.toString(counter)) + .png)): null

2018-12-17 17:05:42 - [TEST_STEP][PASSED] - Statement - counter = counter + 1: null

2018-12-17 17:05:42 - [TEST_STEP][PASSED] - Statement - PreSaveFile = new java.io.File(((pathPrefix + java.lang.Integer.toString(counter)) + .png)): null

2018-12-17 17:05:42 - [TEST_STEP][PASSED] - Statement - counter = counter + 1: null

2018-12-17 17:05:42 - [TEST_STEP][PASSED] - Statement - PreSaveFile = new java.io.File(((pathPrefix + java.lang.Integer.toString(counter)) + .png)): null

2018-12-17 17:05:42 - [TEST_STEP][PASSED] - Statement - counter = counter + 1: null

2018-12-17 17:05:42 - [TEST_STEP][PASSED] - Statement - PreSaveFile = new java.io.File(((pathPrefix + java.lang.Integer.toString(counter)) + .png)): null

2018-12-17 17:05:42 - [TEST_STEP][PASSED] - Statement - counter = counter + 1: null

2018-12-17 17:05:42 - [TEST_STEP][PASSED] - Statement - PreSaveFile = new java.io.File(((pathPrefix + java.lang.Integer.toString(counter)) + .png)): null

2018-12-17 17:05:42 - [TEST_STEP][PASSED] - Statement - counter = counter + 1: null

2018-12-17 17:05:42 - [TEST_STEP][PASSED] - Statement - PreSaveFile = new java.io.File(((pathPrefix + java.lang.Integer.toString(counter)) + .png)): null

2018-12-17 17:05:42 - [TEST_STEP][PASSED] - Statement - counter = counter + 1: null

2018-12-17 17:05:42 - [TEST_STEP][PASSED] - Statement - PreSaveFile = new java.io.File(((pathPrefix + java.lang.Integer.toString(counter)) + .png)): null

2018-12-17 17:05:42 - [TEST_STEP][PASSED] - Statement - counter = counter + 1: null

2018-12-17 17:05:42 - [TEST_STEP][PASSED] - Statement - PreSaveFile = new java.io.File(((pathPrefix + java.lang.Integer.toString(counter)) + .png)): null

2018-12-17 17:05:42 - [TEST_STEP][PASSED] - Statement - counter = counter + 1: null

2018-12-17 17:05:42 - [TEST_STEP][PASSED] - Statement - PreSaveFile = new java.io.File(((pathPrefix + java.lang.Integer.toString(counter)) + .png)): null

2018-12-17 17:05:42 - [TEST_STEP][PASSED] - Statement - counter = counter + 1: null

2018-12-17 17:05:42 - [TEST_STEP][PASSED] - Statement - PreSaveFile = new java.io.File(((pathPrefix + java.lang.Integer.toString(counter)) + .png)): null

2018-12-17 17:05:42 - [TEST_STEP][PASSED] - Statement - counter = counter + 1: null

2018-12-17 17:05:43 - [TEST_STEP][PASSED] - Statement - PreSaveFile = new java.io.File(((pathPrefix + java.lang.Integer.toString(counter)) + .png)): null

2018-12-17 17:05:43 - [TEST_STEP][PASSED] - Statement - counter = counter + 1: null

2018-12-17 17:05:43 - [TEST_STEP][PASSED] - Statement - PreSaveFile = new java.io.File(((pathPrefix + java.lang.Integer.toString(counter)) + .png)): null

2018-12-17 17:05:43 - [TEST_STEP][PASSED] - Statement - counter = counter + 1: null

2018-12-17 17:05:43 - [TEST_STEP][PASSED] - Statement - PreSaveFile = new java.io.File(((pathPrefix + java.lang.Integer.toString(counter)) + .png)): null

2018-12-17 17:05:43 - [TEST_STEP][PASSED] - Statement - counter = counter + 1: null

2018-12-17 17:05:43 - [TEST_STEP][PASSED] - Statement - PreSaveFile = new java.io.File(((pathPrefix + java.lang.Integer.toString(counter)) + .png)): null

2018-12-17 17:05:43 - [TEST_STEP][PASSED] - Statement - counter = counter + 1: null

2018-12-17 17:05:43 - [TEST_STEP][PASSED] - Statement - PreSaveFile = new java.io.File(((pathPrefix + java.lang.Integer.toString(counter)) + .png)): null

2018-12-17 17:05:43 - [TEST_STEP][PASSED] - Statement - counter = counter + 1: null

2018-12-17 17:05:43 - [TEST_STEP][PASSED] - Statement - PreSaveFile = new java.io.File(((pathPrefix + java.lang.Integer.toString(counter)) + .png)): null

2018-12-17 17:05:43 - [TEST_STEP][PASSED] - Statement - counter = counter + 1: null

2018-12-17 17:05:43 - [TEST_STEP][PASSED] - Statement - PreSaveFile = new java.io.File(((pathPrefix + java.lang.Integer.toString(counter)) + .png)): null

2018-12-17 17:05:43 - [TEST_STEP][PASSED] - Statement - counter = counter + 1: null

2018-12-17 17:05:43 - [TEST_STEP][PASSED] - Statement - PreSaveFile = new java.io.File(((pathPrefix + java.lang.Integer.toString(counter)) + .png)): null

2018-12-17 17:05:43 - [TEST_STEP][PASSED] - Statement - counter = counter + 1: null

2018-12-17 17:05:43 - [TEST_STEP][PASSED] - Statement - PreSaveFile = new java.io.File(((pathPrefix + java.lang.Integer.toString(counter)) + .png)): null

2018-12-17 17:05:43 - [TEST_STEP][PASSED] - Statement - counter = counter + 1: null

2018-12-17 17:05:43 - [TEST_STEP][PASSED] - Statement - PreSaveFile = new java.io.File(((pathPrefix + java.lang.Integer.toString(counter)) + .png)): null

2018-12-17 17:05:43 - [TEST_STEP][PASSED] - Statement - counter = counter + 1: null

2018-12-17 17:05:43 - [TEST_STEP][PASSED] - Statement - PreSaveFile = new java.io.File(((pathPrefix + java.lang.Integer.toString(counter)) + .png)): null

2018-12-17 17:05:43 - [TEST_STEP][PASSED] - Statement - counter = counter + 1: null

2018-12-17 17:05:43 - [TEST_STEP][PASSED] - Statement - PreSaveFile = new java.io.File(((pathPrefix + java.lang.Integer.toString(counter)) + .png)): null

2018-12-17 17:05:43 - [TEST_STEP][PASSED] - Statement - counter = counter + 1: null

2018-12-17 17:05:43 - [TEST_STEP][PASSED] - Statement - PreSaveFile = new java.io.File(((pathPrefix + java.lang.Integer.toString(counter)) + .png)): null

2018-12-17 17:05:43 - [TEST_STEP][PASSED] - Statement - counter = counter + 1: null

2018-12-17 17:05:43 - [TEST_STEP][PASSED] - Statement - PreSaveFile = new java.io.File(((pathPrefix + java.lang.Integer.toString(counter)) + .png)): null

2018-12-17 17:05:43 - [TEST_STEP][PASSED] - Statement - counter = counter + 1: null

2018-12-17 17:05:43 - [TEST_STEP][PASSED] - Statement - PreSaveFile = new java.io.File(((pathPrefix + java.lang.Integer.toString(counter)) + .png)): null

2018-12-17 17:05:44 - [TEST_STEP][PASSED] - Statement - counter = counter + 1: null

2018-12-17 17:05:44 - [TEST_STEP][PASSED] - Statement - PreSaveFile = new java.io.File(((pathPrefix + java.lang.Integer.toString(counter)) + .png)): null

2018-12-17 17:05:44 - [TEST_STEP][PASSED] - Statement - counter = counter + 1: null

2018-12-17 17:05:44 - [TEST_STEP][PASSED] - Statement - PreSaveFile = new java.io.File(((pathPrefix + java.lang.Integer.toString(counter)) + .png)): null

2018-12-17 17:05:44 - [TEST_STEP][PASSED] - Statement - counter = counter + 1: null

2018-12-17 17:05:44 - [TEST_STEP][PASSED] - Statement - PreSaveFile = new java.io.File(((pathPrefix + java.lang.Integer.toString(counter)) + .png)): null

2018-12-17 17:05:44 - [TEST_STEP][PASSED] - Statement - counter = counter + 1: null

2018-12-17 17:05:44 - [TEST_STEP][PASSED] - Statement - PreSaveFile = new java.io.File(((pathPrefix + java.lang.Integer.toString(counter)) + .png)): null

2018-12-17 17:05:44 - [TEST_STEP][PASSED] - Statement - counter = counter + 1: null

2018-12-17 17:05:44 - [TEST_STEP][PASSED] - Statement - PreSaveFile = new java.io.File(((pathPrefix + java.lang.Integer.toString(counter)) + .png)): null

2018-12-17 17:05:44 - [TEST_STEP][PASSED] - Statement - counter = counter + 1: null

2018-12-17 17:05:44 - [TEST_STEP][PASSED] - Statement - PreSaveFile = new java.io.File(((pathPrefix + java.lang.Integer.toString(counter)) + .png)): null

2018-12-17 17:05:44 - [TEST_STEP][PASSED] - Statement - counter = counter + 1: null

2018-12-17 17:05:44 - [TEST_STEP][PASSED] - Statement - PreSaveFile = new java.io.File(((pathPrefix + java.lang.Integer.toString(counter)) + .png)): null

2018-12-17 17:05:44 - [TEST_STEP][PASSED] - Statement - counter = counter + 1: null

2018-12-17 17:05:44 - [TEST_STEP][PASSED] - Statement - PreSaveFile = new java.io.File(((pathPrefix + java.lang.Integer.toString(counter)) + .png)): null

2018-12-17 17:05:44 - [TEST_STEP][PASSED] - Statement - counter = counter + 1: null

2018-12-17 17:05:44 - [TEST_STEP][PASSED] - Statement - PreSaveFile = new java.io.File(((pathPrefix + java.lang.Integer.toString(counter)) + .png)): null

2018-12-17 17:05:44 - [TEST_STEP][PASSED] - Statement - counter = counter + 1: null

2018-12-17 17:05:44 - [TEST_STEP][PASSED] - Statement - PreSaveFile = new java.io.File(((pathPrefix + java.lang.Integer.toString(counter)) + .png)): null

2018-12-17 17:05:44 - [TEST_STEP][PASSED] - Statement - counter = counter + 1: null

2018-12-17 17:05:44 - [TEST_STEP][PASSED] - Statement - PreSaveFile = new java.io.File(((pathPrefix + java.lang.Integer.toString(counter)) + .png)): null

2018-12-17 17:05:44 - [TEST_STEP][PASSED] - Statement - counter = counter + 1: null

2018-12-17 17:05:44 - [TEST_STEP][PASSED] - Statement - PreSaveFile = new java.io.File(((pathPrefix + java.lang.Integer.toString(counter)) + .png)): null

2018-12-17 17:05:44 - [TEST_STEP][PASSED] - Statement - counter = counter + 1: null

2018-12-17 17:05:44 - [TEST_STEP][PASSED] - Statement - PreSaveFile = new java.io.File(((pathPrefix + java.lang.Integer.toString(counter)) + .png)): null

2018-12-17 17:05:44 - [TEST_STEP][PASSED] - Statement - counter = counter + 1: null

2018-12-17 17:05:44 - [TEST_STEP][PASSED] - Statement - PreSaveFile = new java.io.File(((pathPrefix + java.lang.Integer.toString(counter)) + .png)): null

2018-12-17 17:05:44 - [TEST_STEP][PASSED] - Statement - counter = counter + 1: null

2018-12-17 17:05:45 - [TEST_STEP][PASSED] - Statement - PreSaveFile = new java.io.File(((pathPrefix + java.lang.Integer.toString(counter)) + .png)): null

2018-12-17 17:05:45 - [TEST_STEP][PASSED] - Statement - counter = counter + 1: null

2018-12-17 17:05:45 - [TEST_STEP][PASSED] - Statement - PreSaveFile = new java.io.File(((pathPrefix + java.lang.Integer.toString(counter)) + .png)): null

2018-12-17 17:05:45 - [TEST_STEP][PASSED] - Statement - counter = counter + 1: null

2018-12-17 17:05:45 - [TEST_STEP][PASSED] - Statement - PreSaveFile = new java.io.File(((pathPrefix + java.lang.Integer.toString(counter)) + .png)): null

2018-12-17 17:05:45 - [TEST_STEP][PASSED] - Statement - counter = counter + 1: null

2018-12-17 17:05:45 - [TEST_STEP][PASSED] - Statement - PreSaveFile = new java.io.File(((pathPrefix + java.lang.Integer.toString(counter)) + .png)): null

2018-12-17 17:05:45 - [TEST_STEP][PASSED] - Statement - counter = counter + 1: null

2018-12-17 17:05:45 - [TEST_STEP][PASSED] - Statement - PreSaveFile = new java.io.File(((pathPrefix + java.lang.Integer.toString(counter)) + .png)): null

2018-12-17 17:05:45 - [TEST_STEP][PASSED] - Statement - counter = counter + 1: null

2018-12-17 17:05:45 - [TEST_STEP][PASSED] - Statement - PreSaveFile = new java.io.File(((pathPrefix + java.lang.Integer.toString(counter)) + .png)): null

2018-12-17 17:05:45 - [TEST_STEP][PASSED] - Statement - counter = counter + 1: null

2018-12-17 17:05:45 - [TEST_STEP][PASSED] - Statement - PreSaveFile = new java.io.File(((pathPrefix + java.lang.Integer.toString(counter)) + .png)): null

2018-12-17 17:05:45 - [TEST_STEP][PASSED] - Statement - counter = counter + 1: null

2018-12-17 17:05:45 - [TEST_STEP][PASSED] - Statement - PreSaveFile = new java.io.File(((pathPrefix + java.lang.Integer.toString(counter)) + .png)): null

2018-12-17 17:05:45 - [TEST_STEP][PASSED] - Statement - counter = counter + 1: null

2018-12-17 17:05:45 - [TEST_STEP][PASSED] - Statement - PreSaveFile = new java.io.File(((pathPrefix + java.lang.Integer.toString(counter)) + .png)): null

2018-12-17 17:05:45 - [TEST_STEP][PASSED] - Statement - counter = counter + 1: null

2018-12-17 17:05:45 - [TEST_STEP][PASSED] - Statement - PreSaveFile = new java.io.File(((pathPrefix + java.lang.Integer.toString(counter)) + .png)): null

2018-12-17 17:05:45 - [TEST_STEP][PASSED] - Statement - counter = counter + 1: null

2018-12-17 17:05:45 - [TEST_STEP][PASSED] - Statement - PreSaveFile = new java.io.File(((pathPrefix + java.lang.Integer.toString(counter)) + .png)): null

2018-12-17 17:05:45 - [TEST_STEP][PASSED] - Statement - counter = counter + 1: null

2018-12-17 17:05:45 - [TEST_STEP][PASSED] - Statement - PreSaveFile = new java.io.File(((pathPrefix + java.lang.Integer.toString(counter)) + .png)): null

2018-12-17 17:05:45 - [TEST_STEP][PASSED] - Statement - counter = counter + 1: null

2018-12-17 17:05:45 - [TEST_STEP][PASSED] - Statement - PreSaveFile = new java.io.File(((pathPrefix + java.lang.Integer.toString(counter)) + .png)): null

2018-12-17 17:05:45 - [TEST_STEP][PASSED] - Statement - counter = counter + 1: null

2018-12-17 17:05:45 - [TEST_STEP][PASSED] - Statement - PreSaveFile = new java.io.File(((pathPrefix + java.lang.Integer.toString(counter)) + .png)): null

2018-12-17 17:05:45 - [TEST_STEP][PASSED] - Statement - counter = counter + 1: null

2018-12-17 17:05:46 - [TEST_STEP][PASSED] - Statement - PreSaveFile = new java.io.File(((pathPrefix + java.lang.Integer.toString(counter)) + .png)): null

2018-12-17 17:05:46 - [TEST_STEP][PASSED] - Statement - counter = counter + 1: null

2018-12-17 17:05:46 - [TEST_STEP][PASSED] - Statement - PreSaveFile = new java.io.File(((pathPrefix + java.lang.Integer.toString(counter)) + .png)): null

2018-12-17 17:05:46 - [TEST_STEP][PASSED] - Statement - counter = counter + 1: null

2018-12-17 17:05:46 - [TEST_STEP][PASSED] - Statement - PreSaveFile = new java.io.File(((pathPrefix + java.lang.Integer.toString(counter)) + .png)): null

2018-12-17 17:05:46 - [TEST_STEP][PASSED] - Statement - counter = counter + 1: null

2018-12-17 17:05:46 - [TEST_STEP][PASSED] - Statement - PreSaveFile = new java.io.File(((pathPrefix + java.lang.Integer.toString(counter)) + .png)): null

2018-12-17 17:05:46 - [TEST_STEP][PASSED] - Statement - counter = counter + 1: null

2018-12-17 17:05:46 - [TEST_STEP][PASSED] - Statement - PreSaveFile = new java.io.File(((pathPrefix + java.lang.Integer.toString(counter)) + .png)): null

2018-12-17 17:05:46 - [TEST_STEP][PASSED] - Statement - counter = counter + 1: null

2018-12-17 17:05:46 - [TEST_STEP][PASSED] - Statement - PreSaveFile = new java.io.File(((pathPrefix + java.lang.Integer.toString(counter)) + .png)): null

2018-12-17 17:05:46 - [TEST_STEP][PASSED] - Statement - counter = counter + 1: null

2018-12-17 17:05:46 - [TEST_STEP][PASSED] - Statement - PreSaveFile = new java.io.File(((pathPrefix + java.lang.Integer.toString(counter)) + .png)): null

2018-12-17 17:05:46 - [TEST_STEP][PASSED] - Statement - counter = counter + 1: null

2018-12-17 17:05:46 - [TEST_STEP][PASSED] - Statement - PreSaveFile = new java.io.File(((pathPrefix + java.lang.Integer.toString(counter)) + .png)): null

2018-12-17 17:05:46 - [TEST_STEP][PASSED] - Statement - counter = counter + 1: null

2018-12-17 17:05:46 - [TEST_STEP][PASSED] - Statement - PreSaveFile = new java.io.File(((pathPrefix + java.lang.Integer.toString(counter)) + .png)): null

2018-12-17 17:05:46 - [TEST_STEP][PASSED] - Statement - counter = counter + 1: null

2018-12-17 17:05:46 - [TEST_STEP][PASSED] - Statement - PreSaveFile = new java.io.File(((pathPrefix + java.lang.Integer.toString(counter)) + .png)): null

2018-12-17 17:05:46 - [TEST_STEP][PASSED] - Statement - counter = counter + 1: null

2018-12-17 17:05:46 - [TEST_STEP][PASSED] - Statement - PreSaveFile = new java.io.File(((pathPrefix + java.lang.Integer.toString(counter)) + .png)): null

2018-12-17 17:05:46 - [TEST_STEP][PASSED] - Statement - counter = counter + 1: null

2018-12-17 17:05:46 - [TEST_STEP][PASSED] - Statement - PreSaveFile = new java.io.File(((pathPrefix + java.lang.Integer.toString(counter)) + .png)): null

2018-12-17 17:05:46 - [TEST_STEP][PASSED] - Statement - counter = counter + 1: null

2018-12-17 17:05:46 - [TEST_STEP][PASSED] - Statement - PreSaveFile = new java.io.File(((pathPrefix + java.lang.Integer.toString(counter)) + .png)): null

2018-12-17 17:05:46 - [TEST_STEP][PASSED] - Statement - counter = counter + 1: null

2018-12-17 17:05:46 - [TEST_STEP][PASSED] - Statement - PreSaveFile = new java.io.File(((pathPrefix + java.lang.Integer.toString(counter)) + .png)): null

2018-12-17 17:05:46 - [TEST_STEP][PASSED] - Statement - counter = counter + 1: null

2018-12-17 17:05:46 - [TEST_STEP][PASSED] - Statement - PreSaveFile = new java.io.File(((pathPrefix + java.lang.Integer.toString(counter)) + .png)): null

2018-12-17 17:05:46 - [TEST_STEP][PASSED] - Statement - counter = counter + 1: null

2018-12-17 17:05:47 - [TEST_STEP][PASSED] - Statement - PreSaveFile = new java.io.File(((pathPrefix + java.lang.Integer.toString(counter)) + .png)): null

2018-12-17 17:05:47 - [TEST_STEP][PASSED] - Statement - counter = counter + 1: null

2018-12-17 17:05:47 - [TEST_STEP][PASSED] - Statement - PreSaveFile = new java.io.File(((pathPrefix + java.lang.Integer.toString(counter)) + .png)): null

2018-12-17 17:05:47 - [TEST_STEP][PASSED] - Statement - counter = counter + 1: null

2018-12-17 17:05:47 - [TEST_STEP][PASSED] - Statement - PreSaveFile = new java.io.File(((pathPrefix + java.lang.Integer.toString(counter)) + .png)): null

2018-12-17 17:05:47 - [TEST_STEP][PASSED] - Statement - counter = counter + 1: null

2018-12-17 17:05:47 - [TEST_STEP][PASSED] - Statement - PreSaveFile = new java.io.File(((pathPrefix + java.lang.Integer.toString(counter)) + .png)): null

2018-12-17 17:05:47 - [TEST_STEP][PASSED] - Statement - counter = counter + 1: null

2018-12-17 17:05:47 - [TEST_STEP][PASSED] - Statement - PreSaveFile = new java.io.File(((pathPrefix + java.lang.Integer.toString(counter)) + .png)): null

2018-12-17 17:05:47 - [TEST_STEP][PASSED] - Statement - counter = counter + 1: null

2018-12-17 17:05:47 - [TEST_STEP][PASSED] - Statement - PreSaveFile = new java.io.File(((pathPrefix + java.lang.Integer.toString(counter)) + .png)): null

2018-12-17 17:05:47 - [TEST_STEP][PASSED] - Statement - counter = counter + 1: null

2018-12-17 17:05:47 - [TEST_STEP][PASSED] - Statement - PreSaveFile = new java.io.File(((pathPrefix + java.lang.Integer.toString(counter)) + .png)): null

2018-12-17 17:05:47 - [TEST_STEP][PASSED] - Statement - counter = counter + 1: null

2018-12-17 17:05:47 - [TEST_STEP][PASSED] - Statement - PreSaveFile = new java.io.File(((pathPrefix + java.lang.Integer.toString(counter)) + .png)): null

2018-12-17 17:05:47 - [TEST_STEP][PASSED] - Statement - counter = counter + 1: null

2018-12-17 17:05:47 - [TEST_STEP][PASSED] - Statement - PreSaveFile = new java.io.File(((pathPrefix + java.lang.Integer.toString(counter)) + .png)): null

2018-12-17 17:05:47 - [TEST_STEP][PASSED] - Statement - counter = counter + 1: null

2018-12-17 17:05:47 - [TEST_STEP][PASSED] - Statement - PreSaveFile = new java.io.File(((pathPrefix + java.lang.Integer.toString(counter)) + .png)): null

2018-12-17 17:05:47 - [TEST_STEP][PASSED] - Statement - counter = counter + 1: null

2018-12-17 17:05:47 - [TEST_STEP][PASSED] - Statement - PreSaveFile = new java.io.File(((pathPrefix + java.lang.Integer.toString(counter)) + .png)): null

2018-12-17 17:05:47 - [TEST_STEP][PASSED] - Statement - counter = counter + 1: null

2018-12-17 17:05:47 - [TEST_STEP][PASSED] - Statement - PreSaveFile = new java.io.File(((pathPrefix + java.lang.Integer.toString(counter)) + .png)): null

2018-12-17 17:05:47 - [TEST_STEP][PASSED] - Statement - counter = counter + 1: null

2018-12-17 17:05:47 - [TEST_STEP][PASSED] - Statement - PreSaveFile = new java.io.File(((pathPrefix + java.lang.Integer.toString(counter)) + .png)): null

2018-12-17 17:05:47 - [TEST_STEP][PASSED] - Statement - counter = counter + 1: null

2018-12-17 17:05:47 - [TEST_STEP][PASSED] - Statement - PreSaveFile = new java.io.File(((pathPrefix + java.lang.Integer.toString(counter)) + .png)): null

2018-12-17 17:05:47 - [TEST_STEP][PASSED] - Statement - counter = counter + 1: null

2018-12-17 17:05:48 - [TEST_STEP][PASSED] - Statement - PreSaveFile = new java.io.File(((pathPrefix + java.lang.Integer.toString(counter)) + .png)): null

2018-12-17 17:05:48 - [TEST_STEP][PASSED] - Statement - counter = counter + 1: null

2018-12-17 17:05:48 - [TEST_STEP][PASSED] - Statement - PreSaveFile = new java.io.File(((pathPrefix + java.lang.Integer.toString(counter)) + .png)): null

2018-12-17 17:05:48 - [TEST_STEP][PASSED] - Statement - counter = counter + 1: null

2018-12-17 17:05:48 - [TEST_STEP][PASSED] - Statement - PreSaveFile = new java.io.File(((pathPrefix + java.lang.Integer.toString(counter)) + .png)): null

2018-12-17 17:05:48 - [TEST_STEP][PASSED] - Statement - counter = counter + 1: null

2018-12-17 17:05:48 - [TEST_STEP][PASSED] - Statement - PreSaveFile = new java.io.File(((pathPrefix + java.lang.Integer.toString(counter)) + .png)): null

2018-12-17 17:05:48 - [TEST_STEP][PASSED] - Statement - counter = counter + 1: null

2018-12-17 17:05:48 - [TEST_STEP][PASSED] - Statement - PreSaveFile = new java.io.File(((pathPrefix + java.lang.Integer.toString(counter)) + .png)): null

2018-12-17 17:05:48 - [TEST_STEP][PASSED] - Statement - counter = counter + 1: null

2018-12-17 17:05:48 - [TEST_STEP][PASSED] - Statement - PreSaveFile = new java.io.File(((pathPrefix + java.lang.Integer.toString(counter)) + .png)): null

2018-12-17 17:05:48 - [TEST_STEP][PASSED] - Statement - counter = counter + 1: null

2018-12-17 17:05:48 - [TEST_STEP][PASSED] - Statement - PreSaveFile = new java.io.File(((pathPrefix + java.lang.Integer.toString(counter)) + .png)): null

2018-12-17 17:05:48 - [TEST_STEP][PASSED] - Statement - counter = counter + 1: null

2018-12-17 17:05:48 - [TEST_STEP][PASSED] - Statement - PreSaveFile = new java.io.File(((pathPrefix + java.lang.Integer.toString(counter)) + .png)): null

2018-12-17 17:05:48 - [TEST_STEP][PASSED] - Statement - counter = counter + 1: null

2018-12-17 17:05:48 - [TEST_STEP][PASSED] - Statement - PreSaveFile = new java.io.File(((pathPrefix + java.lang.Integer.toString(counter)) + .png)): null

2018-12-17 17:05:48 - [TEST_STEP][PASSED] - Statement - counter = counter + 1: null

2018-12-17 17:05:48 - [TEST_STEP][PASSED] - Statement - PreSaveFile = new java.io.File(((pathPrefix + java.lang.Integer.toString(counter)) + .png)): null

2018-12-17 17:05:48 - [TEST_STEP][PASSED] - Statement - counter = counter + 1: null

2018-12-17 17:05:48 - [TEST_STEP][PASSED] - Statement - PreSaveFile = new java.io.File(((pathPrefix + java.lang.Integer.toString(counter)) + .png)): null

2018-12-17 17:05:48 - [TEST_STEP][PASSED] - Statement - counter = counter + 1: null

2018-12-17 17:05:48 - [TEST_STEP][PASSED] - Statement - PreSaveFile = new java.io.File(((pathPrefix + java.lang.Integer.toString(counter)) + .png)): null

2018-12-17 17:05:48 - [TEST_STEP][PASSED] - Statement - counter = counter + 1: null

2018-12-17 17:05:48 - [TEST_STEP][PASSED] - Statement - PreSaveFile = new java.io.File(((pathPrefix + java.lang.Integer.toString(counter)) + .png)): null

2018-12-17 17:05:48 - [TEST_STEP][PASSED] - Statement - counter = counter + 1: null

2018-12-17 17:05:48 - [TEST_STEP][PASSED] - Statement - PreSaveFile = new java.io.File(((pathPrefix + java.lang.Integer.toString(counter)) + .png)): null

2018-12-17 17:05:48 - [TEST_STEP][PASSED] - Statement - counter = counter + 1: null

2018-12-17 17:05:49 - [TEST_STEP][PASSED] - Statement - PreSaveFile = new java.io.File(((pathPrefix + java.lang.Integer.toString(counter)) + .png)): null

2018-12-17 17:05:49 - [TEST_STEP][PASSED] - Statement - counter = counter + 1: null

2018-12-17 17:05:49 - [TEST_STEP][PASSED] - Statement - PreSaveFile = new java.io.File(((pathPrefix + java.lang.Integer.toString(counter)) + .png)): null

2018-12-17 17:05:49 - [TEST_STEP][PASSED] - Statement - counter = counter + 1: null

2018-12-17 17:05:49 - [TEST_STEP][PASSED] - Statement - PreSaveFile = new java.io.File(((pathPrefix + java.lang.Integer.toString(counter)) + .png)): null

2018-12-17 17:05:49 - [TEST_STEP][PASSED] - Statement - counter = counter + 1: null

2018-12-17 17:05:49 - [TEST_STEP][PASSED] - Statement - PreSaveFile = new java.io.File(((pathPrefix + java.lang.Integer.toString(counter)) + .png)): null

2018-12-17 17:05:49 - [TEST_STEP][PASSED] - Statement - counter = counter + 1: null

2018-12-17 17:05:49 - [TEST_STEP][PASSED] - Statement - PreSaveFile = new java.io.File(((pathPrefix + java.lang.Integer.toString(counter)) + .png)): null

2018-12-17 17:05:49 - [TEST_STEP][PASSED] - Statement - counter = counter + 1: null

2018-12-17 17:05:49 - [TEST_STEP][PASSED] - Statement - PreSaveFile = new java.io.File(((pathPrefix + java.lang.Integer.toString(counter)) + .png)): null

2018-12-17 17:05:49 - [TEST_STEP][PASSED] - Statement - counter = counter + 1: null

2018-12-17 17:05:49 - [TEST_STEP][PASSED] - Statement - PreSaveFile = new java.io.File(((pathPrefix + java.lang.Integer.toString(counter)) + .png)): null

2018-12-17 17:05:49 - [TEST_STEP][PASSED] - Statement - counter = counter + 1: null

2018-12-17 17:05:49 - [TEST_STEP][PASSED] - Statement - PreSaveFile = new java.io.File(((pathPrefix + java.lang.Integer.toString(counter)) + .png)): null

2018-12-17 17:05:49 - [TEST_STEP][PASSED] - Statement - counter = counter + 1: null

2018-12-17 17:05:49 - [TEST_STEP][PASSED] - Statement - PreSaveFile = new java.io.File(((pathPrefix + java.lang.Integer.toString(counter)) + .png)): null

2018-12-17 17:05:49 - [TEST_STEP][PASSED] - Statement - counter = counter + 1: null

2018-12-17 17:05:49 - [TEST_STEP][PASSED] - Statement - PreSaveFile = new java.io.File(((pathPrefix + java.lang.Integer.toString(counter)) + .png)): null

2018-12-17 17:05:49 - [TEST_STEP][PASSED] - Statement - counter = counter + 1: null

2018-12-17 17:05:49 - [TEST_STEP][PASSED] - Statement - PreSaveFile = new java.io.File(((pathPrefix + java.lang.Integer.toString(counter)) + .png)): null

2018-12-17 17:05:49 - [TEST_STEP][PASSED] - Statement - counter = counter + 1: null

2018-12-17 17:05:49 - [TEST_STEP][PASSED] - Statement - PreSaveFile = new java.io.File(((pathPrefix + java.lang.Integer.toString(counter)) + .png)): null

2018-12-17 17:05:49 - [TEST_STEP][PASSED] - Statement - counter = counter + 1: null

2018-12-17 17:05:49 - [TEST_STEP][PASSED] - Statement - PreSaveFile = new java.io.File(((pathPrefix + java.lang.Integer.toString(counter)) + .png)): null

2018-12-17 17:05:49 - [TEST_STEP][PASSED] - Statement - counter = counter + 1: null

2018-12-17 17:05:49 - [TEST_STEP][PASSED] - Statement - PreSaveFile = new java.io.File(((pathPrefix + java.lang.Integer.toString(counter)) + .png)): null

2018-12-17 17:05:49 - [TEST_STEP][PASSED] - Statement - counter = counter + 1: null

2018-12-17 17:05:49 - [TEST_STEP][PASSED] - Statement - PreSaveFile = new java.io.File(((pathPrefix + java.lang.Integer.toString(counter)) + .png)): null

2018-12-17 17:05:49 - [TEST_STEP][PASSED] - Statement - counter = counter + 1: null

2018-12-17 17:05:50 - [TEST_STEP][PASSED] - Statement - PreSaveFile = new java.io.File(((pathPrefix + java.lang.Integer.toString(counter)) + .png)): null

2018-12-17 17:05:50 - [TEST_STEP][PASSED] - Statement - counter = counter + 1: null

2018-12-17 17:05:50 - [TEST_STEP][PASSED] - Statement - PreSaveFile = new java.io.File(((pathPrefix + java.lang.Integer.toString(counter)) + .png)): null

2018-12-17 17:05:50 - [TEST_STEP][PASSED] - Statement - counter = counter + 1: null

2018-12-17 17:05:50 - [TEST_STEP][PASSED] - Statement - PreSaveFile = new java.io.File(((pathPrefix + java.lang.Integer.toString(counter)) + .png)): null

2018-12-17 17:05:50 - [TEST_STEP][PASSED] - Statement - counter = counter + 1: null

2018-12-17 17:05:50 - [TEST_STEP][PASSED] - Statement - PreSaveFile = new java.io.File(((pathPrefix + java.lang.Integer.toString(counter)) + .png)): null

2018-12-17 17:05:50 - [TEST_STEP][PASSED] - Statement - counter = counter + 1: null

2018-12-17 17:05:50 - [TEST_STEP][PASSED] - Statement - PreSaveFile = new java.io.File(((pathPrefix + java.lang.Integer.toString(counter)) + .png)): null

2018-12-17 17:05:50 - [TEST_STEP][PASSED] - Statement - counter = counter + 1: null

2018-12-17 17:05:50 - [TEST_STEP][PASSED] - Statement - PreSaveFile = new java.io.File(((pathPrefix + java.lang.Integer.toString(counter)) + .png)): null

2018-12-17 17:05:50 - [TEST_STEP][PASSED] - Statement - counter = counter + 1: null

2018-12-17 17:05:50 - [TEST_STEP][PASSED] - Statement - PreSaveFile = new java.io.File(((pathPrefix + java.lang.Integer.toString(counter)) + .png)): null

2018-12-17 17:05:50 - [TEST_STEP][PASSED] - Statement - counter = counter + 1: null

2018-12-17 17:05:50 - [TEST_STEP][PASSED] - Statement - PreSaveFile = new java.io.File(((pathPrefix + java.lang.Integer.toString(counter)) + .png)): null

2018-12-17 17:05:50 - [TEST_STEP][PASSED] - Statement - counter = counter + 1: null

2018-12-17 17:05:50 - [TEST_STEP][PASSED] - Statement - PreSaveFile = new java.io.File(((pathPrefix + java.lang.Integer.toString(counter)) + .png)): null

2018-12-17 17:05:50 - [TEST_STEP][PASSED] - Statement - counter = counter + 1: null

2018-12-17 17:05:50 - [TEST_STEP][PASSED] - Statement - PreSaveFile = new java.io.File(((pathPrefix + java.lang.Integer.toString(counter)) + .png)): null

2018-12-17 17:05:50 - [TEST_STEP][PASSED] - Statement - counter = counter + 1: null

2018-12-17 17:05:50 - [TEST_STEP][PASSED] - Statement - PreSaveFile = new java.io.File(((pathPrefix + java.lang.Integer.toString(counter)) + .png)): null

2018-12-17 17:05:50 - [TEST_STEP][PASSED] - Statement - counter = counter + 1: null

2018-12-17 17:05:50 - [TEST_STEP][PASSED] - Statement - PreSaveFile = new java.io.File(((pathPrefix + java.lang.Integer.toString(counter)) + .png)): null

2018-12-17 17:05:50 - [TEST_STEP][PASSED] - Statement - counter = counter + 1: null

2018-12-17 17:05:50 - [TEST_STEP][PASSED] - Statement - PreSaveFile = new java.io.File(((pathPrefix + java.lang.Integer.toString(counter)) + .png)): null

2018-12-17 17:05:50 - [TEST_STEP][PASSED] - Statement - counter = counter + 1: null

2018-12-17 17:05:50 - [TEST_STEP][PASSED] - Statement - PreSaveFile = new java.io.File(((pathPrefix + java.lang.Integer.toString(counter)) + .png)): null

2018-12-17 17:05:50 - [TEST_STEP][PASSED] - Statement - counter = counter + 1: null

2018-12-17 17:05:51 - [TEST_STEP][PASSED] - Statement - PreSaveFile = new java.io.File(((pathPrefix + java.lang.Integer.toString(counter)) + .png)): null

2018-12-17 17:05:51 - [TEST_STEP][PASSED] - Statement - counter = counter + 1: null

2018-12-17 17:05:51 - [TEST_STEP][PASSED] - Statement - PreSaveFile = new java.io.File(((pathPrefix + java.lang.Integer.toString(counter)) + .png)): null

2018-12-17 17:05:51 - [TEST_STEP][PASSED] - Statement - counter = counter + 1: null

2018-12-17 17:05:51 - [TEST_STEP][PASSED] - Statement - PreSaveFile = new java.io.File(((pathPrefix + java.lang.Integer.toString(counter)) + .png)): null

2018-12-17 17:05:51 - [TEST_STEP][PASSED] - Statement - counter = counter + 1: null

2018-12-17 17:05:51 - [TEST_STEP][PASSED] - Statement - PreSaveFile = new java.io.File(((pathPrefix + java.lang.Integer.toString(counter)) + .png)): null

2018-12-17 17:05:51 - [TEST_STEP][PASSED] - Statement - counter = counter + 1: null

2018-12-17 17:05:51 - [TEST_STEP][PASSED] - Statement - PreSaveFile = new java.io.File(((pathPrefix + java.lang.Integer.toString(counter)) + .png)): null

2018-12-17 17:05:51 - [TEST_STEP][PASSED] - Statement - counter = counter + 1: null

2018-12-17 17:05:51 - [TEST_STEP][PASSED] - Statement - PreSaveFile = new java.io.File(((pathPrefix + java.lang.Integer.toString(counter)) + .png)): null

2018-12-17 17:05:51 - [TEST_STEP][PASSED] - Statement - counter = counter + 1: null

2018-12-17 17:05:51 - [TEST_STEP][PASSED] - Statement - PreSaveFile = new java.io.File(((pathPrefix + java.lang.Integer.toString(counter)) + .png)): null

2018-12-17 17:05:51 - [TEST_STEP][PASSED] - Statement - counter = counter + 1: null

2018-12-17 17:05:51 - [TEST_STEP][PASSED] - Statement - PreSaveFile = new java.io.File(((pathPrefix + java.lang.Integer.toString(counter)) + .png)): null

2018-12-17 17:05:51 - [TEST_STEP][PASSED] - Statement - counter = counter + 1: null

2018-12-17 17:05:51 - [TEST_STEP][PASSED] - Statement - PreSaveFile = new java.io.File(((pathPrefix + java.lang.Integer.toString(counter)) + .png)): null

2018-12-17 17:05:51 - [TEST_STEP][PASSED] - Statement - counter = counter + 1: null

2018-12-17 17:05:51 - [TEST_STEP][PASSED] - Statement - PreSaveFile = new java.io.File(((pathPrefix + java.lang.Integer.toString(counter)) + .png)): null

2018-12-17 17:05:51 - [TEST_STEP][PASSED] - Statement - counter = counter + 1: null

2018-12-17 17:05:51 - [TEST_STEP][PASSED] - Statement - PreSaveFile = new java.io.File(((pathPrefix + java.lang.Integer.toString(counter)) + .png)): null

2018-12-17 17:05:51 - [TEST_STEP][PASSED] - Statement - counter = counter + 1: null

2018-12-17 17:05:51 - [TEST_STEP][PASSED] - Statement - PreSaveFile = new java.io.File(((pathPrefix + java.lang.Integer.toString(counter)) + .png)): null

2018-12-17 17:05:51 - [TEST_STEP][PASSED] - Statement - counter = counter + 1: null

2018-12-17 17:05:51 - [TEST_STEP][PASSED] - Statement - PreSaveFile = new java.io.File(((pathPrefix + java.lang.Integer.toString(counter)) + .png)): null

2018-12-17 17:05:51 - [TEST_STEP][PASSED] - Statement - counter = counter + 1: null

2018-12-17 17:05:51 - [TEST_STEP][PASSED] - Statement - PreSaveFile = new java.io.File(((pathPrefix + java.lang.Integer.toString(counter)) + .png)): null

2018-12-17 17:05:51 - [TEST_STEP][PASSED] - Statement - counter = counter + 1: null

2018-12-17 17:05:51 - [TEST_STEP][PASSED] - Statement - PreSaveFile = new java.io.File(((pathPrefix + java.lang.Integer.toString(counter)) + .png)): null

2018-12-17 17:05:52 - [TEST_STEP][PASSED] - Statement - counter = counter + 1: null

2018-12-17 17:05:52 - [TEST_STEP][PASSED] - Statement - PreSaveFile = new java.io.File(((pathPrefix + java.lang.Integer.toString(counter)) + .png)): null

2018-12-17 17:05:52 - [TEST_STEP][PASSED] - Statement - counter = counter + 1: null

2018-12-17 17:05:52 - [TEST_STEP][PASSED] - Statement - PreSaveFile = new java.io.File(((pathPrefix + java.lang.Integer.toString(counter)) + .png)): null

2018-12-17 17:05:52 - [TEST_STEP][PASSED] - Statement - counter = counter + 1: null

2018-12-17 17:05:52 - [TEST_STEP][PASSED] - Statement - PreSaveFile = new java.io.File(((pathPrefix + java.lang.Integer.toString(counter)) + .png)): null

2018-12-17 17:05:52 - [TEST_STEP][PASSED] - Statement - counter = counter + 1: null

2018-12-17 17:05:52 - [TEST_STEP][PASSED] - Statement - PreSaveFile = new java.io.File(((pathPrefix + java.lang.Integer.toString(counter)) + .png)): null

2018-12-17 17:05:52 - [TEST_STEP][PASSED] - Statement - counter = counter + 1: null

2018-12-17 17:05:52 - [TEST_STEP][PASSED] - Statement - PreSaveFile = new java.io.File(((pathPrefix + java.lang.Integer.toString(counter)) + .png)): null

2018-12-17 17:05:52 - [TEST_STEP][PASSED] - Statement - counter = counter + 1: null

2018-12-17 17:05:52 - [TEST_STEP][PASSED] - Statement - PreSaveFile = new java.io.File(((pathPrefix + java.lang.Integer.toString(counter)) + .png)): null

2018-12-17 17:05:52 - [TEST_STEP][PASSED] - Statement - counter = counter + 1: null

2018-12-17 17:05:52 - [TEST_STEP][PASSED] - Statement - PreSaveFile = new java.io.File(((pathPrefix + java.lang.Integer.toString(counter)) + .png)): null

2018-12-17 17:05:52 - [TEST_STEP][PASSED] - Statement - counter = counter + 1: null

2018-12-17 17:05:52 - [TEST_STEP][PASSED] - Statement - PreSaveFile = new java.io.File(((pathPrefix + java.lang.Integer.toString(counter)) + .png)): null

2018-12-17 17:05:52 - [TEST_STEP][PASSED] - Statement - counter = counter + 1: null

2018-12-17 17:05:52 - [TEST_STEP][PASSED] - Statement - PreSaveFile = new java.io.File(((pathPrefix + java.lang.Integer.toString(counter)) + .png)): null

2018-12-17 17:05:52 - [TEST_STEP][PASSED] - Statement - counter = counter + 1: null

2018-12-17 17:05:52 - [TEST_STEP][PASSED] - Statement - PreSaveFile = new java.io.File(((pathPrefix + java.lang.Integer.toString(counter)) + .png)): null

2018-12-17 17:05:52 - [TEST_STEP][PASSED] - Statement - counter = counter + 1: null

2018-12-17 17:05:52 - [TEST_STEP][PASSED] - Statement - PreSaveFile = new java.io.File(((pathPrefix + java.lang.Integer.toString(counter)) + .png)): null

2018-12-17 17:05:52 - [TEST_STEP][PASSED] - Statement - counter = counter + 1: null

2018-12-17 17:05:52 - [TEST_STEP][PASSED] - Statement - PreSaveFile = new java.io.File(((pathPrefix + java.lang.Integer.toString(counter)) + .png)): null

2018-12-17 17:05:52 - [TEST_STEP][PASSED] - Statement - counter = counter + 1: null

2018-12-17 17:05:52 - [TEST_STEP][PASSED] - Statement - PreSaveFile = new java.io.File(((pathPrefix + java.lang.Integer.toString(counter)) + .png)): null

2018-12-17 17:05:52 - [TEST_STEP][PASSED] - Statement - counter = counter + 1: null

2018-12-17 17:05:52 - [TEST_STEP][PASSED] - Statement - PreSaveFile = new java.io.File(((pathPrefix + java.lang.Integer.toString(counter)) + .png)): null

2018-12-17 17:05:52 - [TEST_STEP][PASSED] - Statement - counter = counter + 1: null

2018-12-17 17:05:53 - [TEST_STEP][PASSED] - Statement - PreSaveFile = new java.io.File(((pathPrefix + java.lang.Integer.toString(counter)) + .png)): null

2018-12-17 17:05:53 - [TEST_STEP][PASSED] - Statement - counter = counter + 1: null

2018-12-17 17:05:53 - [TEST_STEP][PASSED] - Statement - PreSaveFile = new java.io.File(((pathPrefix + java.lang.Integer.toString(counter)) + .png)): null

2018-12-17 17:05:53 - [TEST_STEP][PASSED] - Statement - counter = counter + 1: null

2018-12-17 17:05:53 - [TEST_STEP][PASSED] - Statement - PreSaveFile = new java.io.File(((pathPrefix + java.lang.Integer.toString(counter)) + .png)): null

2018-12-17 17:05:53 - [TEST_STEP][PASSED] - Statement - counter = counter + 1: null

2018-12-17 17:05:53 - [TEST_STEP][PASSED] - Statement - PreSaveFile = new java.io.File(((pathPrefix + java.lang.Integer.toString(counter)) + .png)): null

2018-12-17 17:05:53 - [TEST_STEP][PASSED] - Statement - counter = counter + 1: null

2018-12-17 17:05:53 - [TEST_STEP][PASSED] - Statement - PreSaveFile = new java.io.File(((pathPrefix + java.lang.Integer.toString(counter)) + .png)): null

2018-12-17 17:05:53 - [TEST_STEP][PASSED] - Statement - counter = counter + 1: null

2018-12-17 17:05:53 - [TEST_STEP][PASSED] - Statement - PreSaveFile = new java.io.File(((pathPrefix + java.lang.Integer.toString(counter)) + .png)): null

2018-12-17 17:05:53 - [TEST_STEP][PASSED] - Statement - counter = counter + 1: null

2018-12-17 17:05:53 - [TEST_STEP][PASSED] - Statement - PreSaveFile = new java.io.File(((pathPrefix + java.lang.Integer.toString(counter)) + .png)): null

2018-12-17 17:05:53 - [TEST_STEP][PASSED] - Statement - counter = counter + 1: null

2018-12-17 17:05:53 - [TEST_STEP][PASSED] - Statement - PreSaveFile = new java.io.File(((pathPrefix + java.lang.Integer.toString(counter)) + .png)): null

2018-12-17 17:05:53 - [TEST_STEP][PASSED] - Statement - counter = counter + 1: null

2018-12-17 17:05:53 - [TEST_STEP][PASSED] - Statement - PreSaveFile = new java.io.File(((pathPrefix + java.lang.Integer.toString(counter)) + .png)): null

2018-12-17 17:05:53 - [TEST_STEP][PASSED] - Statement - counter = counter + 1: null

2018-12-17 17:05:53 - [TEST_STEP][PASSED] - Statement - PreSaveFile = new java.io.File(((pathPrefix + java.lang.Integer.toString(counter)) + .png)): null

2018-12-17 17:05:53 - [TEST_STEP][PASSED] - Statement - counter = counter + 1: null

2018-12-17 17:05:53 - [TEST_STEP][PASSED] - Statement - PreSaveFile = new java.io.File(((pathPrefix + java.lang.Integer.toString(counter)) + .png)): null

2018-12-17 17:05:53 - [TEST_STEP][PASSED] - Statement - counter = counter + 1: null

2018-12-17 17:05:53 - [TEST_STEP][PASSED] - Statement - PreSaveFile = new java.io.File(((pathPrefix + java.lang.Integer.toString(counter)) + .png)): null

2018-12-17 17:05:53 - [TEST_STEP][PASSED] - Statement - counter = counter + 1: null

2018-12-17 17:05:53 - [TEST_STEP][PASSED] - Statement - PreSaveFile = new java.io.File(((pathPrefix + java.lang.Integer.toString(counter)) + .png)): null

2018-12-17 17:05:53 - [TEST_STEP][PASSED] - Statement - counter = counter + 1: null

2018-12-17 17:05:53 - [TEST_STEP][PASSED] - Statement - PreSaveFile = new java.io.File(((pathPrefix + java.lang.Integer.toString(counter)) + .png)): null

2018-12-17 17:05:53 - [TEST_STEP][PASSED] - Statement - counter = counter + 1: null

2018-12-17 17:05:54 - [TEST_STEP][PASSED] - Statement - PreSaveFile = new java.io.File(((pathPrefix + java.lang.Integer.toString(counter)) + .png)): null

2018-12-17 17:05:54 - [TEST_STEP][PASSED] - Statement - counter = counter + 1: null

2018-12-17 17:05:54 - [TEST_STEP][PASSED] - Statement - PreSaveFile = new java.io.File(((pathPrefix + java.lang.Integer.toString(counter)) + .png)): null

2018-12-17 17:05:54 - [TEST_STEP][PASSED] - Statement - counter = counter + 1: null

2018-12-17 17:05:54 - [TEST_STEP][PASSED] - Statement - PreSaveFile = new java.io.File(((pathPrefix + java.lang.Integer.toString(counter)) + .png)): null

2018-12-17 17:05:54 - [TEST_STEP][PASSED] - Statement - counter = counter + 1: null

2018-12-17 17:05:54 - [TEST_STEP][PASSED] - Statement - PreSaveFile = new java.io.File(((pathPrefix + java.lang.Integer.toString(counter)) + .png)): null

2018-12-17 17:05:54 - [TEST_STEP][PASSED] - Statement - counter = counter + 1: null

2018-12-17 17:05:54 - [TEST_STEP][PASSED] - Statement - PreSaveFile = new java.io.File(((pathPrefix + java.lang.Integer.toString(counter)) + .png)): null

2018-12-17 17:05:54 - [TEST_STEP][PASSED] - Statement - counter = counter + 1: null

2018-12-17 17:05:54 - [TEST_STEP][PASSED] - Statement - PreSaveFile = new java.io.File(((pathPrefix + java.lang.Integer.toString(counter)) + .png)): null

2018-12-17 17:05:54 - [TEST_STEP][PASSED] - Statement - counter = counter + 1: null

2018-12-17 17:05:54 - [TEST_STEP][PASSED] - Statement - PreSaveFile = new java.io.File(((pathPrefix + java.lang.Integer.toString(counter)) + .png)): null

2018-12-17 17:05:54 - [TEST_STEP][PASSED] - Statement - counter = counter + 1: null

2018-12-17 17:05:54 - [TEST_STEP][PASSED] - Statement - PreSaveFile = new java.io.File(((pathPrefix + java.lang.Integer.toString(counter)) + .png)): null

2018-12-17 17:05:54 - [TEST_STEP][PASSED] - Statement - counter = counter + 1: null

2018-12-17 17:05:54 - [TEST_STEP][PASSED] - Statement - PreSaveFile = new java.io.File(((pathPrefix + java.lang.Integer.toString(counter)) + .png)): null

2018-12-17 17:05:54 - [TEST_STEP][PASSED] - Statement - counter = counter + 1: null

2018-12-17 17:05:54 - [TEST_STEP][PASSED] - Statement - PreSaveFile = new java.io.File(((pathPrefix + java.lang.Integer.toString(counter)) + .png)): null

2018-12-17 17:05:54 - [TEST_STEP][PASSED] - Statement - counter = counter + 1: null

2018-12-17 17:05:55 - [TEST_STEP][PASSED] - Statement - PreSaveFile = new java.io.File(((pathPrefix + java.lang.Integer.toString(counter)) + .png)): null

2018-12-17 17:05:55 - [TEST_STEP][PASSED] - Statement - counter = counter + 1: null

2018-12-17 17:05:55 - [TEST_STEP][PASSED] - Statement - PreSaveFile = new java.io.File(((pathPrefix + java.lang.Integer.toString(counter)) + .png)): null

2018-12-17 17:05:55 - [TEST_STEP][PASSED] - Statement - counter = counter + 1: null

2018-12-17 17:05:55 - [TEST_STEP][PASSED] - Statement - PreSaveFile = new java.io.File(((pathPrefix + java.lang.Integer.toString(counter)) + .png)): null

2018-12-17 17:05:55 - [TEST_STEP][PASSED] - Statement - counter = counter + 1: null

2018-12-17 17:05:55 - [TEST_STEP][PASSED] - Statement - PreSaveFile = new java.io.File(((pathPrefix + java.lang.Integer.toString(counter)) + .png)): null

2018-12-17 17:05:55 - [TEST_STEP][PASSED] - Statement - counter = counter + 1: null

2018-12-17 17:05:55 - [TEST_STEP][PASSED] - Statement - PreSaveFile = new java.io.File(((pathPrefix + java.lang.Integer.toString(counter)) + .png)): null

2018-12-17 17:05:55 - [TEST_STEP][PASSED] - Statement - counter = counter + 1: null

2018-12-17 17:05:55 - [TEST_STEP][PASSED] - Statement - PreSaveFile = new java.io.File(((pathPrefix + java.lang.Integer.toString(counter)) + .png)): null

2018-12-17 17:05:55 - [TEST_STEP][PASSED] - Statement - counter = counter + 1: null

2018-12-17 17:05:55 - [TEST_STEP][PASSED] - Statement - PreSaveFile = new java.io.File(((pathPrefix + java.lang.Integer.toString(counter)) + .png)): null

2018-12-17 17:05:55 - [TEST_STEP][PASSED] - Statement - counter = counter + 1: null

2018-12-17 17:05:55 - [TEST_STEP][PASSED] - Statement - PreSaveFile = new java.io.File(((pathPrefix + java.lang.Integer.toString(counter)) + .png)): null

2018-12-17 17:05:55 - [TEST_STEP][PASSED] - Statement - counter = counter + 1: null

2018-12-17 17:05:55 - [TEST_STEP][PASSED] - Statement - PreSaveFile = new java.io.File(((pathPrefix + java.lang.Integer.toString(counter)) + .png)): null

2018-12-17 17:05:55 - [TEST_STEP][PASSED] - Statement - counter = counter + 1: null

2018-12-17 17:05:55 - [TEST_STEP][PASSED] - Statement - PreSaveFile = new java.io.File(((pathPrefix + java.lang.Integer.toString(counter)) + .png)): null

2018-12-17 17:05:55 - [TEST_STEP][PASSED] - Statement - counter = counter + 1: null

2018-12-17 17:05:55 - [TEST_STEP][PASSED] - Statement - PreSaveFile = new java.io.File(((pathPrefix + java.lang.Integer.toString(counter)) + .png)): null

2018-12-17 17:05:55 - [TEST_STEP][PASSED] - Statement - counter = counter + 1: null

2018-12-17 17:05:55 - [TEST_STEP][PASSED] - Statement - PreSaveFile = new java.io.File(((pathPrefix + java.lang.Integer.toString(counter)) + .png)): null

2018-12-17 17:05:55 - [TEST_STEP][PASSED] - Statement - counter = counter + 1: null

2018-12-17 17:05:55 - [TEST_STEP][PASSED] - Statement - PreSaveFile = new java.io.File(((pathPrefix + java.lang.Integer.toString(counter)) + .png)): null

2018-12-17 17:05:55 - [TEST_STEP][PASSED] - Statement - counter = counter + 1: null

2018-12-17 17:05:55 - [TEST_STEP][PASSED] - Statement - PreSaveFile = new java.io.File(((pathPrefix + java.lang.Integer.toString(counter)) + .png)): null

2018-12-17 17:05:55 - [TEST_STEP][PASSED] - Statement - counter = counter + 1: null

2018-12-17 17:05:56 - [TEST_STEP][PASSED] - Statement - PreSaveFile = new java.io.File(((pathPrefix + java.lang.Integer.toString(counter)) + .png)): null

2018-12-17 17:05:56 - [TEST_STEP][PASSED] - Statement - counter = counter + 1: null

2018-12-17 17:05:56 - [TEST_STEP][PASSED] - Statement - PreSaveFile = new java.io.File(((pathPrefix + java.lang.Integer.toString(counter)) + .png)): null

2018-12-17 17:05:56 - [TEST_STEP][PASSED] - Statement - counter = counter + 1: null

2018-12-17 17:05:56 - [TEST_STEP][PASSED] - Statement - PreSaveFile = new java.io.File(((pathPrefix + java.lang.Integer.toString(counter)) + .png)): null

2018-12-17 17:05:56 - [TEST_STEP][PASSED] - Statement - counter = counter + 1: null

2018-12-17 17:05:56 - [TEST_STEP][PASSED] - Statement - PreSaveFile = new java.io.File(((pathPrefix + java.lang.Integer.toString(counter)) + .png)): null

2018-12-17 17:05:56 - [TEST_STEP][PASSED] - Statement - counter = counter + 1: null

2018-12-17 17:05:56 - [TEST_STEP][PASSED] - Statement - PreSaveFile = new java.io.File(((pathPrefix + java.lang.Integer.toString(counter)) + .png)): null

2018-12-17 17:05:56 - [TEST_STEP][PASSED] - Statement - counter = counter + 1: null

2018-12-17 17:05:56 - [TEST_STEP][PASSED] - Statement - PreSaveFile = new java.io.File(((pathPrefix + java.lang.Integer.toString(counter)) + .png)): null

2018-12-17 17:05:56 - [TEST_STEP][PASSED] - Statement - counter = counter + 1: null

2018-12-17 17:05:56 - [TEST_STEP][PASSED] - Statement - PreSaveFile = new java.io.File(((pathPrefix + java.lang.Integer.toString(counter)) + .png)): null

2018-12-17 17:05:56 - [TEST_STEP][PASSED] - Statement - counter = counter + 1: null

2018-12-17 17:05:56 - [TEST_STEP][PASSED] - Statement - PreSaveFile = new java.io.File(((pathPrefix + java.lang.Integer.toString(counter)) + .png)): null

2018-12-17 17:05:56 - [TEST_STEP][PASSED] - Statement - counter = counter + 1: null

2018-12-17 17:05:56 - [TEST_STEP][PASSED] - Statement - PreSaveFile = new java.io.File(((pathPrefix + java.lang.Integer.toString(counter)) + .png)): null

2018-12-17 17:05:56 - [TEST_STEP][PASSED] - Statement - counter = counter + 1: null

2018-12-17 17:05:56 - [TEST_STEP][PASSED] - Statement - PreSaveFile = new java.io.File(((pathPrefix + java.lang.Integer.toString(counter)) + .png)): null

2018-12-17 17:05:57 - [TEST_STEP][PASSED] - Statement - counter = counter + 1: null

2018-12-17 17:05:57 - [TEST_STEP][PASSED] - Statement - PreSaveFile = new java.io.File(((pathPrefix + java.lang.Integer.toString(counter)) + .png)): null

2018-12-17 17:05:57 - [TEST_STEP][PASSED] - Statement - counter = counter + 1: null

2018-12-17 17:05:57 - [TEST_STEP][PASSED] - Statement - PreSaveFile = new java.io.File(((pathPrefix + java.lang.Integer.toString(counter)) + .png)): null

2018-12-17 17:05:57 - [TEST_STEP][PASSED] - Statement - counter = counter + 1: null

2018-12-17 17:05:57 - [TEST_STEP][PASSED] - Statement - PreSaveFile = new java.io.File(((pathPrefix + java.lang.Integer.toString(counter)) + .png)): null

2018-12-17 17:05:57 - [TEST_STEP][PASSED] - Statement - counter = counter + 1: null

2018-12-17 17:05:57 - [TEST_STEP][PASSED] - Statement - PreSaveFile = new java.io.File(((pathPrefix + java.lang.Integer.toString(counter)) + .png)): null

2018-12-17 17:05:57 - [TEST_STEP][PASSED] - Statement - counter = counter + 1: null

2018-12-17 17:05:57 - [TEST_STEP][PASSED] - Statement - PreSaveFile = new java.io.File(((pathPrefix + java.lang.Integer.toString(counter)) + .png)): null

2018-12-17 17:05:57 - [TEST_STEP][PASSED] - Statement - counter = counter + 1: null

2018-12-17 17:05:57 - [TEST_STEP][PASSED] - Statement - PreSaveFile = new java.io.File(((pathPrefix + java.lang.Integer.toString(counter)) + .png)): null

2018-12-17 17:05:57 - [TEST_STEP][PASSED] - Statement - counter = counter + 1: null

2018-12-17 17:05:57 - [TEST_STEP][PASSED] - Statement - PreSaveFile = new java.io.File(((pathPrefix + java.lang.Integer.toString(counter)) + .png)): null

2018-12-17 17:05:57 - [TEST_STEP][PASSED] - Statement - counter = counter + 1: null

2018-12-17 17:05:57 - [TEST_STEP][PASSED] - Statement - PreSaveFile = new java.io.File(((pathPrefix + java.lang.Integer.toString(counter)) + .png)): null

2018-12-17 17:05:57 - [TEST_STEP][PASSED] - Statement - counter = counter + 1: null

2018-12-17 17:05:57 - [TEST_STEP][PASSED] - Statement - PreSaveFile = new java.io.File(((pathPrefix + java.lang.Integer.toString(counter)) + .png)): null

2018-12-17 17:05:57 - [TEST_STEP][PASSED] - Statement - counter = counter + 1: null

2018-12-17 17:05:57 - [TEST_STEP][PASSED] - Statement - PreSaveFile = new java.io.File(((pathPrefix + java.lang.Integer.toString(counter)) + .png)): null

2018-12-17 17:05:57 - [TEST_STEP][PASSED] - Statement - counter = counter + 1: null

2018-12-17 17:05:57 - [TEST_STEP][PASSED] - Statement - PreSaveFile = new java.io.File(((pathPrefix + java.lang.Integer.toString(counter)) + .png)): null

2018-12-17 17:05:57 - [TEST_STEP][PASSED] - Statement - counter = counter + 1: null

2018-12-17 17:05:57 - [TEST_STEP][PASSED] - Statement - PreSaveFile = new java.io.File(((pathPrefix + java.lang.Integer.toString(counter)) + .png)): null

2018-12-17 17:05:57 - [TEST_STEP][PASSED] - Statement - counter = counter + 1: null

2018-12-17 17:05:57 - [TEST_STEP][PASSED] - Statement - PreSaveFile = new java.io.File(((pathPrefix + java.lang.Integer.toString(counter)) + .png)): null

2018-12-17 17:05:57 - [TEST_STEP][PASSED] - Statement - counter = counter + 1: null

2018-12-17 17:05:57 - [TEST_STEP][PASSED] - Statement - PreSaveFile = new java.io.File(((pathPrefix + java.lang.Integer.toString(counter)) + .png)): null

2018-12-17 17:05:57 - [TEST_STEP][PASSED] - Statement - counter = counter + 1: null

2018-12-17 17:05:58 - [TEST_STEP][PASSED] - Statement - PreSaveFile = new java.io.File(((pathPrefix + java.lang.Integer.toString(counter)) + .png)): null

2018-12-17 17:05:58 - [TEST_STEP][PASSED] - Statement - counter = counter + 1: null

2018-12-17 17:05:58 - [TEST_STEP][PASSED] - Statement - PreSaveFile = new java.io.File(((pathPrefix + java.lang.Integer.toString(counter)) + .png)): null

2018-12-17 17:05:58 - [TEST_STEP][PASSED] - Statement - counter = counter + 1: null

2018-12-17 17:05:58 - [TEST_STEP][PASSED] - Statement - PreSaveFile = new java.io.File(((pathPrefix + java.lang.Integer.toString(counter)) + .png)): null

2018-12-17 17:05:58 - [TEST_STEP][PASSED] - Statement - counter = counter + 1: null

2018-12-17 17:05:58 - [TEST_STEP][PASSED] - Statement - PreSaveFile = new java.io.File(((pathPrefix + java.lang.Integer.toString(counter)) + .png)): null

2018-12-17 17:05:58 - [TEST_STEP][PASSED] - Statement - counter = counter + 1: null

2018-12-17 17:05:58 - [TEST_STEP][PASSED] - Statement - PreSaveFile = new java.io.File(((pathPrefix + java.lang.Integer.toString(counter)) + .png)): null

2018-12-17 17:05:58 - [TEST_STEP][PASSED] - Statement - counter = counter + 1: null

2018-12-17 17:05:58 - [TEST_STEP][PASSED] - Statement - PreSaveFile = new java.io.File(((pathPrefix + java.lang.Integer.toString(counter)) + .png)): null

2018-12-17 17:05:58 - [TEST_STEP][PASSED] - Statement - counter = counter + 1: null

2018-12-17 17:05:58 - [TEST_STEP][PASSED] - Statement - PreSaveFile = new java.io.File(((pathPrefix + java.lang.Integer.toString(counter)) + .png)): null

2018-12-17 17:05:58 - [TEST_STEP][PASSED] - Statement - counter = counter + 1: null

2018-12-17 17:05:58 - [TEST_STEP][PASSED] - Statement - PreSaveFile = new java.io.File(((pathPrefix + java.lang.Integer.toString(counter)) + .png)): null

2018-12-17 17:05:58 - [TEST_STEP][PASSED] - Statement - counter = counter + 1: null

2018-12-17 17:05:58 - [TEST_STEP][PASSED] - Statement - PreSaveFile = new java.io.File(((pathPrefix + java.lang.Integer.toString(counter)) + .png)): null

2018-12-17 17:05:58 - [TEST_STEP][PASSED] - Statement - counter = counter + 1: null

2018-12-17 17:05:58 - [TEST_STEP][PASSED] - Statement - PreSaveFile = new java.io.File(((pathPrefix + java.lang.Integer.toString(counter)) + .png)): null

2018-12-17 17:05:59 - [TEST_STEP][PASSED] - Statement - counter = counter + 1: null

2018-12-17 17:05:59 - [TEST_STEP][PASSED] - Statement - PreSaveFile = new java.io.File(((pathPrefix + java.lang.Integer.toString(counter)) + .png)): null

2018-12-17 17:05:59 - [TEST_STEP][PASSED] - Statement - counter = counter + 1: null

2018-12-17 17:05:59 - [TEST_STEP][PASSED] - Statement - PreSaveFile = new java.io.File(((pathPrefix + java.lang.Integer.toString(counter)) + .png)): null

2018-12-17 17:05:59 - [TEST_STEP][PASSED] - Statement - counter = counter + 1: null

2018-12-17 17:05:59 - [TEST_STEP][PASSED] - Statement - PreSaveFile = new java.io.File(((pathPrefix + java.lang.Integer.toString(counter)) + .png)): null

2018-12-17 17:05:59 - [TEST_STEP][PASSED] - Statement - counter = counter + 1: null

2018-12-17 17:05:59 - [TEST_STEP][PASSED] - Statement - PreSaveFile = new java.io.File(((pathPrefix + java.lang.Integer.toString(counter)) + .png)): null

2018-12-17 17:05:59 - [TEST_STEP][PASSED] - Statement - counter = counter + 1: null

2018-12-17 17:05:59 - [TEST_STEP][PASSED] - Statement - PreSaveFile = new java.io.File(((pathPrefix + java.lang.Integer.toString(counter)) + .png)): null

2018-12-17 17:05:59 - [TEST_STEP][PASSED] - Statement - counter = counter + 1: null

2018-12-17 17:05:59 - [TEST_STEP][PASSED] - Statement - PreSaveFile = new java.io.File(((pathPrefix + java.lang.Integer.toString(counter)) + .png)): null

2018-12-17 17:05:59 - [TEST_STEP][PASSED] - Statement - counter = counter + 1: null

2018-12-17 17:05:59 - [TEST_STEP][PASSED] - Statement - PreSaveFile = new java.io.File(((pathPrefix + java.lang.Integer.toString(counter)) + .png)): null

2018-12-17 17:05:59 - [TEST_STEP][PASSED] - Statement - counter = counter + 1: null

2018-12-17 17:05:59 - [TEST_STEP][PASSED] - Statement - PreSaveFile = new java.io.File(((pathPrefix + java.lang.Integer.toString(counter)) + .png)): null

2018-12-17 17:05:59 - [TEST_STEP][PASSED] - Statement - counter = counter + 1: null

2018-12-17 17:05:59 - [TEST_STEP][PASSED] - Statement - PreSaveFile = new java.io.File(((pathPrefix + java.lang.Integer.toString(counter)) + .png)): null

2018-12-17 17:05:59 - [TEST_STEP][PASSED] - Statement - counter = counter + 1: null

2018-12-17 17:05:59 - [TEST_STEP][PASSED] - Statement - PreSaveFile = new java.io.File(((pathPrefix + java.lang.Integer.toString(counter)) + .png)): null

2018-12-17 17:05:59 - [TEST_STEP][PASSED] - Statement - counter = counter + 1: null

2018-12-17 17:06:00 - [TEST_STEP][PASSED] - Statement - PreSaveFile = new java.io.File(((pathPrefix + java.lang.Integer.toString(counter)) + .png)): null

2018-12-17 17:06:00 - [TEST_STEP][PASSED] - Statement - counter = counter + 1: null

2018-12-17 17:06:00 - [TEST_STEP][PASSED] - Statement - PreSaveFile = new java.io.File(((pathPrefix + java.lang.Integer.toString(counter)) + .png)): null

2018-12-17 17:06:00 - [TEST_STEP][PASSED] - Statement - counter = counter + 1: null

2018-12-17 17:06:00 - [TEST_STEP][PASSED] - Statement - PreSaveFile = new java.io.File(((pathPrefix + java.lang.Integer.toString(counter)) + .png)): null

2018-12-17 17:06:00 - [TEST_STEP][PASSED] - Statement - counter = counter + 1: null

2018-12-17 17:06:00 - [TEST_STEP][PASSED] - Statement - PreSaveFile = new java.io.File(((pathPrefix + java.lang.Integer.toString(counter)) + .png)): null

2018-12-17 17:06:00 - [TEST_STEP][PASSED] - Statement - counter = counter + 1: null

2018-12-17 17:06:00 - [TEST_STEP][PASSED] - Statement - PreSaveFile = new java.io.File(((pathPrefix + java.lang.Integer.toString(counter)) + .png)): null

2018-12-17 17:06:00 - [TEST_STEP][PASSED] - Statement - counter = counter + 1: null

2018-12-17 17:06:00 - [TEST_STEP][PASSED] - Statement - PreSaveFile = new java.io.File(((pathPrefix + java.lang.Integer.toString(counter)) + .png)): null

2018-12-17 17:06:00 - [TEST_STEP][PASSED] - Statement - counter = counter + 1: null

2018-12-17 17:06:00 - [TEST_STEP][PASSED] - Statement - PreSaveFile = new java.io.File(((pathPrefix + java.lang.Integer.toString(counter)) + .png)): null

2018-12-17 17:06:00 - [TEST_STEP][PASSED] - Statement - counter = counter + 1: null

2018-12-17 17:06:00 - [TEST_STEP][PASSED] - Statement - PreSaveFile = new java.io.File(((pathPrefix + java.lang.Integer.toString(counter)) + .png)): null

2018-12-17 17:06:00 - [TEST_STEP][PASSED] - Statement - counter = counter + 1: null

2018-12-17 17:06:00 - [TEST_STEP][PASSED] - Statement - PreSaveFile = new java.io.File(((pathPrefix + java.lang.Integer.toString(counter)) + .png)): null

2018-12-17 17:06:00 - [TEST_STEP][PASSED] - Statement - counter = counter + 1: null

2018-12-17 17:06:00 - [TEST_STEP][PASSED] - Statement - PreSaveFile = new java.io.File(((pathPrefix + java.lang.Integer.toString(counter)) + .png)): null

2018-12-17 17:06:00 - [TEST_STEP][PASSED] - Statement - counter = counter + 1: null

2018-12-17 17:06:00 - [TEST_STEP][PASSED] - Statement - PreSaveFile = new java.io.File(((pathPrefix + java.lang.Integer.toString(counter)) + .png)): null

2018-12-17 17:06:00 - [TEST_STEP][PASSED] - Statement - counter = counter + 1: null

2018-12-17 17:06:00 - [TEST_STEP][PASSED] - Statement - PreSaveFile = new java.io.File(((pathPrefix + java.lang.Integer.toString(counter)) + .png)): null

2018-12-17 17:06:00 - [TEST_STEP][PASSED] - Statement - counter = counter + 1: null

2018-12-17 17:06:00 - [TEST_STEP][PASSED] - Statement - PreSaveFile = new java.io.File(((pathPrefix + java.lang.Integer.toString(counter)) + .png)): null

2018-12-17 17:06:00 - [TEST_STEP][PASSED] - Statement - counter = counter + 1: null

2018-12-17 17:06:00 - [TEST_STEP][PASSED] - Statement - PreSaveFile = new java.io.File(((pathPrefix + java.lang.Integer.toString(counter)) + .png)): null

2018-12-17 17:06:00 - [TEST_STEP][PASSED] - Statement - counter = counter + 1: null

2018-12-17 17:06:01 - [TEST_STEP][PASSED] - Statement - PreSaveFile = new java.io.File(((pathPrefix + java.lang.Integer.toString(counter)) + .png)): null

2018-12-17 17:06:01 - [TEST_STEP][PASSED] - Statement - counter = counter + 1: null

2018-12-17 17:06:01 - [TEST_STEP][PASSED] - Statement - PreSaveFile = new java.io.File(((pathPrefix + java.lang.Integer.toString(counter)) + .png)): null

2018-12-17 17:06:01 - [TEST_STEP][PASSED] - Statement - counter = counter + 1: null

2018-12-17 17:06:01 - [TEST_STEP][PASSED] - Statement - PreSaveFile = new java.io.File(((pathPrefix + java.lang.Integer.toString(counter)) + .png)): null

2018-12-17 17:06:01 - [TEST_STEP][PASSED] - Statement - counter = counter + 1: null

2018-12-17 17:06:01 - [TEST_STEP][PASSED] - Statement - PreSaveFile = new java.io.File(((pathPrefix + java.lang.Integer.toString(counter)) + .png)): null

2018-12-17 17:06:01 - [TEST_STEP][PASSED] - Statement - counter = counter + 1: null

2018-12-17 17:06:01 - [TEST_STEP][PASSED] - Statement - PreSaveFile = new java.io.File(((pathPrefix + java.lang.Integer.toString(counter)) + .png)): null

2018-12-17 17:06:01 - [TEST_STEP][PASSED] - Statement - counter = counter + 1: null

2018-12-17 17:06:01 - [TEST_STEP][PASSED] - Statement - PreSaveFile = new java.io.File(((pathPrefix + java.lang.Integer.toString(counter)) + .png)): null

2018-12-17 17:06:01 - [TEST_STEP][PASSED] - Statement - counter = counter + 1: null

2018-12-17 17:06:01 - [TEST_STEP][PASSED] - Statement - PreSaveFile = new java.io.File(((pathPrefix + java.lang.Integer.toString(counter)) + .png)): null

2018-12-17 17:06:01 - [TEST_STEP][PASSED] - Statement - counter = counter + 1: null

2018-12-17 17:06:01 - [TEST_STEP][PASSED] - Statement - PreSaveFile = new java.io.File(((pathPrefix + java.lang.Integer.toString(counter)) + .png)): null

2018-12-17 17:06:01 - [TEST_STEP][PASSED] - Statement - counter = counter + 1: null

2018-12-17 17:06:01 - [TEST_STEP][PASSED] - Statement - PreSaveFile = new java.io.File(((pathPrefix + java.lang.Integer.toString(counter)) + .png)): null

2018-12-17 17:06:01 - [TEST_STEP][PASSED] - Statement - counter = counter + 1: null

2018-12-17 17:06:01 - [TEST_STEP][PASSED] - Statement - PreSaveFile = new java.io.File(((pathPrefix + java.lang.Integer.toString(counter)) + .png)): null

2018-12-17 17:06:02 - [TEST_STEP][PASSED] - Statement - counter = counter + 1: null

2018-12-17 17:06:02 - [TEST_STEP][PASSED] - Statement - PreSaveFile = new java.io.File(((pathPrefix + java.lang.Integer.toString(counter)) + .png)): null

2018-12-17 17:06:02 - [TEST_STEP][PASSED] - Statement - counter = counter + 1: null

2018-12-17 17:06:02 - [TEST_STEP][PASSED] - Statement - PreSaveFile = new java.io.File(((pathPrefix + java.lang.Integer.toString(counter)) + .png)): null

2018-12-17 17:06:02 - [TEST_STEP][PASSED] - Statement - counter = counter + 1: null

2018-12-17 17:06:02 - [TEST_STEP][PASSED] - Statement - PreSaveFile = new java.io.File(((pathPrefix + java.lang.Integer.toString(counter)) + .png)): null

2018-12-17 17:06:02 - [TEST_STEP][PASSED] - Statement - counter = counter + 1: null

2018-12-17 17:06:02 - [TEST_STEP][PASSED] - Statement - PreSaveFile = new java.io.File(((pathPrefix + java.lang.Integer.toString(counter)) + .png)): null

2018-12-17 17:06:02 - [TEST_STEP][PASSED] - Statement - counter = counter + 1: null

2018-12-17 17:06:02 - [TEST_STEP][PASSED] - Statement - PreSaveFile = new java.io.File(((pathPrefix + java.lang.Integer.toString(counter)) + .png)): null

2018-12-17 17:06:02 - [TEST_STEP][PASSED] - Statement - counter = counter + 1: null

2018-12-17 17:06:02 - [TEST_STEP][PASSED] - Statement - PreSaveFile = new java.io.File(((pathPrefix + java.lang.Integer.toString(counter)) + .png)): null

2018-12-17 17:06:02 - [TEST_STEP][PASSED] - Statement - counter = counter + 1: null

2018-12-17 17:06:02 - [TEST_STEP][PASSED] - Statement - PreSaveFile = new java.io.File(((pathPrefix + java.lang.Integer.toString(counter)) + .png)): null

2018-12-17 17:06:02 - [TEST_STEP][PASSED] - Statement - counter = counter + 1: null

2018-12-17 17:06:02 - [TEST_STEP][PASSED] - Statement - PreSaveFile = new java.io.File(((pathPrefix + java.lang.Integer.toString(counter)) + .png)): null

2018-12-17 17:06:02 - [TEST_STEP][PASSED] - Statement - counter = counter + 1: null

2018-12-17 17:06:02 - [TEST_STEP][PASSED] - Statement - PreSaveFile = new java.io.File(((pathPrefix + java.lang.Integer.toString(counter)) + .png)): null

2018-12-17 17:06:02 - [TEST_STEP][PASSED] - Statement - counter = counter + 1: null

2018-12-17 17:06:02 - [TEST_STEP][PASSED] - Statement - PreSaveFile = new java.io.File(((pathPrefix + java.lang.Integer.toString(counter)) + .png)): null

2018-12-17 17:06:02 - [TEST_STEP][PASSED] - Statement - counter = counter + 1: null

2018-12-17 17:06:02 - [TEST_STEP][PASSED] - Statement - PreSaveFile = new java.io.File(((pathPrefix + java.lang.Integer.toString(counter)) + .png)): null

2018-12-17 17:06:02 - [TEST_STEP][PASSED] - Statement - counter = counter + 1: null

2018-12-17 17:06:02 - [TEST_STEP][PASSED] - Statement - PreSaveFile = new java.io.File(((pathPrefix + java.lang.Integer.toString(counter)) + .png)): null

2018-12-17 17:06:02 - [TEST_STEP][PASSED] - Statement - counter = counter + 1: null

2018-12-17 17:06:02 - [TEST_STEP][PASSED] - Statement - PreSaveFile = new java.io.File(((pathPrefix + java.lang.Integer.toString(counter)) + .png)): null

2018-12-17 17:06:02 - [TEST_STEP][PASSED] - Statement - counter = counter + 1: null

2018-12-17 17:06:02 - [TEST_STEP][PASSED] - Statement - PreSaveFile = new java.io.File(((pathPrefix + java.lang.Integer.toString(counter)) + .png)): null

2018-12-17 17:06:02 - [TEST_STEP][PASSED] - Statement - counter = counter + 1: null

2018-12-17 17:06:03 - [TEST_STEP][PASSED] - Statement - PreSaveFile = new java.io.File(((pathPrefix + java.lang.Integer.toString(counter)) + .png)): null

2018-12-17 17:06:03 - [TEST_STEP][PASSED] - Statement - counter = counter + 1: null

2018-12-17 17:06:03 - [TEST_STEP][PASSED] - Statement - PreSaveFile = new java.io.File(((pathPrefix + java.lang.Integer.toString(counter)) + .png)): null

2018-12-17 17:06:03 - [TEST_STEP][PASSED] - Statement - counter = counter + 1: null

2018-12-17 17:06:03 - [TEST_STEP][PASSED] - Statement - PreSaveFile = new java.io.File(((pathPrefix + java.lang.Integer.toString(counter)) + .png)): null

2018-12-17 17:06:03 - [TEST_STEP][PASSED] - Statement - counter = counter + 1: null

2018-12-17 17:06:03 - [TEST_STEP][PASSED] - Statement - PreSaveFile = new java.io.File(((pathPrefix + java.lang.Integer.toString(counter)) + .png)): null

2018-12-17 17:06:03 - [TEST_STEP][PASSED] - Statement - counter = counter + 1: null

2018-12-17 17:06:03 - [TEST_STEP][PASSED] - Statement - PreSaveFile = new java.io.File(((pathPrefix + java.lang.Integer.toString(counter)) + .png)): null

2018-12-17 17:06:03 - [TEST_STEP][PASSED] - Statement - counter = counter + 1: null

2018-12-17 17:06:03 - [TEST_STEP][PASSED] - Statement - PreSaveFile = new java.io.File(((pathPrefix + java.lang.Integer.toString(counter)) + .png)): null

2018-12-17 17:06:03 - [TEST_STEP][PASSED] - Statement - counter = counter + 1: null

2018-12-17 17:06:03 - [TEST_STEP][PASSED] - Statement - PreSaveFile = new java.io.File(((pathPrefix + java.lang.Integer.toString(counter)) + .png)): null

2018-12-17 17:06:03 - [TEST_STEP][PASSED] - Statement - counter = counter + 1: null

2018-12-17 17:06:03 - [TEST_STEP][PASSED] - Statement - PreSaveFile = new java.io.File(((pathPrefix + java.lang.Integer.toString(counter)) + .png)): null

2018-12-17 17:06:03 - [TEST_STEP][PASSED] - Statement - counter = counter + 1: null

2018-12-17 17:06:03 - [TEST_STEP][PASSED] - Statement - PreSaveFile = new java.io.File(((pathPrefix + java.lang.Integer.toString(counter)) + .png)): null

2018-12-17 17:06:03 - [TEST_STEP][PASSED] - Statement - counter = counter + 1: null

2018-12-17 17:06:03 - [TEST_STEP][PASSED] - Statement - PreSaveFile = new java.io.File(((pathPrefix + java.lang.Integer.toString(counter)) + .png)): null

2018-12-17 17:06:04 - [TEST_STEP][PASSED] - Statement - counter = counter + 1: null

2018-12-17 17:06:04 - [TEST_STEP][PASSED] - Statement - PreSaveFile = new java.io.File(((pathPrefix + java.lang.Integer.toString(counter)) + .png)): null

2018-12-17 17:06:04 - [TEST_STEP][PASSED] - Statement - counter = counter + 1: null

2018-12-17 17:06:04 - [TEST_STEP][PASSED] - Statement - PreSaveFile = new java.io.File(((pathPrefix + java.lang.Integer.toString(counter)) + .png)): null

2018-12-17 17:06:04 - [TEST_STEP][PASSED] - Statement - counter = counter + 1: null

2018-12-17 17:06:04 - [TEST_STEP][PASSED] - Statement - PreSaveFile = new java.io.File(((pathPrefix + java.lang.Integer.toString(counter)) + .png)): null

2018-12-17 17:06:04 - [TEST_STEP][PASSED] - Statement - counter = counter + 1: null

2018-12-17 17:06:04 - [TEST_STEP][PASSED] - Statement - PreSaveFile = new java.io.File(((pathPrefix + java.lang.Integer.toString(counter)) + .png)): null

2018-12-17 17:06:04 - [TEST_STEP][PASSED] - Statement - counter = counter + 1: null

2018-12-17 17:06:04 - [TEST_STEP][PASSED] - Statement - PreSaveFile = new java.io.File(((pathPrefix + java.lang.Integer.toString(counter)) + .png)): null

2018-12-17 17:06:04 - [TEST_STEP][PASSED] - Statement - finalPath = pathPrefix + java.lang.Integer.toString(counter) + ".png": null

2018-12-17 17:06:04 - [TEST_STEP][PASSED] - Statement - SaveFile = new java.io.File(finalPath): null

2018-12-17 17:06:04 - [TEST_STEP][PASSED] - Statement - Try: null

2018-12-17 17:06:04 - [TEST_STEP][PASSED] - Statement - org.apache.commons.io.FileUtils.copyFile(scrFile, SaveFile): null

2018-12-17 17:06:04 - [TEST_STEP][PASSED] - Statement - out.println("file kept"): null

2018-12-17 17:06:04 - [TEST_STEP][PASSED] - delay: Delayed 10 second(s)

2018-12-17 17:06:14 - [MESSAGE][PASSED] - Delayed 10 second(s)

2018-12-17 17:06:14 - [MESSAGE][PASSED] - Call Test Case 'Test Cases/Final Aug 2018 - PKS Automation/Registration Module/New Registration/Submit and Screenshot/Submit Registration and Screenshot - Copy' successfully

2018-12-17 17:06:14 - [TEST_STEP][PASSED] - Statement - UpdateAddNewECode = com.kms.katalon.core.webui.keyword.WebUiBuiltInKeywords.getText(com.kms.katalon.core.testobject.ObjectRepository.findTestObject(Object Repository/Final Object Repo/Page_Update Add New Employee - ASSIST/getEmpCode)): Text of object 'Object Repository/Final Object Repo/Page_Update Add New Employee - ASSIST/getEmpCode' is: 'E1102070921K'

2018-12-17 17:06:14 - [MESSAGE][PASSED] - Text of object 'Object Repository/Final Object Repo/Page_Update Add New Employee - ASSIST/getEmpCode' is: 'E1102070921K'

2018-12-17 17:06:14 - [TEST_STEP][PASSED] - callTestCase: Call Test Case 'Test Cases/Final Aug 2018 - PKS Automation/Common/Emp Code Setter' successfully

2018-12-17 17:06:14 - [TEST_CASE][PASSED] - Test Cases/Final Aug 2018 - PKS Automation/Common/Emp Code Setter: Test Cases/Final Aug 2018 - PKS Automation/Common/Emp Code Setter

2018-12-17 17:06:14 - [TEST_STEP][PASSED] - Statement - EmpCodeOld = new java.io.File(C://Users//Admin//Desktop//PKS//Automation Reference Point//EmpCode.txt): null

2018-12-17 17:06:14 - [TEST_STEP][PASSED] - Statement - EmpCodeOld.delete(): null

2018-12-17 17:06:14 - [TEST_STEP][PASSED] - Statement - EmpCode = new java.io.File(C://Users//Admin//Desktop//PKS//Automation Reference Point//EmpCode.txt): null

2018-12-17 17:06:14 - [TEST_STEP][PASSED] - Statement - f2 = new java.io.FileWriter(EmpCode, false): null

2018-12-17 17:06:14 - [TEST_STEP][PASSED] - Statement - f2.write(UpdateAddNewECode): null

2018-12-17 17:06:14 - [TEST_STEP][PASSED] - Statement - f2.close(): null

2018-12-17 17:06:14 - [TEST_STEP][PASSED] - Statement - out.println("


" + UpdateAddNewECode + "


"): null

2018-12-17 17:06:14 - [MESSAGE][PASSED] - Call Test Case 'Test Cases/Final Aug 2018 - PKS Automation/Common/Emp Code Setter' successfully

2018-12-17 17:06:14 - [MESSAGE][PASSED] - Call Test Case 'Test Cases/Final Aug 2018 - PKS Automation/Registration Module/Workflow/Update Add New Employee/Template/New Company for Update Add New - Employer' successfully

2018-12-17 17:06:14 - [TEST_STEP][PASSED] - callTestCase: Call Test Case 'Test Cases/Final Aug 2018 - PKS Automation/Create Employer Acc/Login to Employer Account (Second time)' successfully

2018-12-17 17:06:14 - [TEST_CASE][PASSED] - Test Cases/Final Aug 2018 - PKS Automation/Create Employer Acc/Login to Employer Account (Second time): Test Cases/Final Aug 2018 - PKS Automation/Create Employer Acc/Login to Employer Account (Second time)

2018-12-17 17:06:14 - [TEST_STEP][PASSED] - openBrowser: Browser is opened with url: ''

2018-12-17 17:06:14 - [MESSAGE][WARNING] - A browser is already opened. Closing browser and opening a new one

2018-12-17 17:06:17 - [MESSAGE][PASSED] - Browser is opened with url: ''

2018-12-17 17:06:17 - [TEST_STEP][PASSED] - navigateToUrl: Navigate to 'https://assist2-uat.perkeso.gov.my/employer/login' successfully

2018-12-17 17:06:18 - [MESSAGE][PASSED] - Navigate to 'https://assist2-uat.perkeso.gov.my/employer/login' successfully

2018-12-17 17:06:18 - [TEST_STEP][PASSED] - delay: Delayed 3 second(s)

2018-12-17 17:06:21 - [MESSAGE][PASSED] - Delayed 3 second(s)

2018-12-17 17:06:21 - [TEST_STEP][PASSED] - callTestCase: Call Test Case 'Test Cases/Final Aug 2018 - PKS Automation/Create Employer Acc/Template/Employer Email Getter' successfully

2018-12-17 17:06:21 - [TEST_CASE][PASSED] - Test Cases/Final Aug 2018 - PKS Automation/Create Employer Acc/Template/Employer Email Getter: Test Cases/Final Aug 2018 - PKS Automation/Create Employer Acc/Template/Employer Email Getter

2018-12-17 17:06:21 - [TEST_STEP][PASSED] - Statement - Try: null

2018-12-17 17:06:21 - [TEST_STEP][PASSED] - Statement - EmpEmail = new java.io.File(C://Users//Admin//Desktop//PKS//Automation Reference Point//EmpEmail.txt): null

2018-12-17 17:06:21 - [TEST_STEP][PASSED] - Statement - bufferread = new java.io.BufferedReader(new java.io.FileReader(EmpEmail)): null

2018-12-17 17:06:21 - [TEST_STEP][PASSED] - Statement - readedVal = bufferread.readLine(): null

2018-12-17 17:06:21 - [TEST_STEP][PASSED] - Statement - out.println(readedVal): null

2018-12-17 17:06:21 - [TEST_STEP][PASSED] - Statement - Email = readedVal: null

2018-12-17 17:06:21 - [MESSAGE][PASSED] - Call Test Case 'Test Cases/Final Aug 2018 - PKS Automation/Create Employer Acc/Template/Employer Email Getter' successfully

2018-12-17 17:06:21 - [TEST_STEP][PASSED] - setText: Text 'perkeso480137451245@gmail.com' is set on object 'Object Repository/Final Object Repo/Login Page/External Login Page/Email'

2018-12-17 17:06:22 - [MESSAGE][PASSED] - Text 'perkeso480137451245@gmail.com' is set on object 'Object Repository/Final Object Repo/Login Page/External Login Page/Email'

2018-12-17 17:06:22 - [TEST_STEP][PASSED] - click: Object: 'Object Repository/Final Object Repo/Login Page/External Login Page/Next' is clicked on

2018-12-17 17:06:22 - [MESSAGE][PASSED] - Object: 'Object Repository/Final Object Repo/Login Page/External Login Page/Next' is clicked on

2018-12-17 17:06:22 - [TEST_STEP][PASSED] - delay: Delayed 3 second(s)

2018-12-17 17:06:25 - [MESSAGE][PASSED] - Delayed 3 second(s)

2018-12-17 17:06:25 - [TEST_STEP][PASSED] - setEncryptedText: Text ****** has been set on object 'Object Repository/Final Object Repo/Login Page/External Login Page/Password'

2018-12-17 17:06:25 - [MESSAGE][PASSED] - Text ****** has been set on object 'Object Repository/Final Object Repo/Login Page/External Login Page/Password'

2018-12-17 17:06:25 - [TEST_STEP][PASSED] - click: Object: 'Object Repository/Final Object Repo/Login Page/External Login Page/Login' is clicked on

2018-12-17 17:06:26 - [MESSAGE][PASSED] - Object: 'Object Repository/Final Object Repo/Login Page/External Login Page/Login' is clicked on

2018-12-17 17:06:26 - [TEST_STEP][PASSED] - delay: Delayed 5 second(s)

2018-12-17 17:06:31 - [MESSAGE][PASSED] - Delayed 5 second(s)

2018-12-17 17:06:31 - [MESSAGE][PASSED] - Call Test Case 'Test Cases/Final Aug 2018 - PKS Automation/Create Employer Acc/Login to Employer Account (Second time)' successfully

2018-12-17 17:06:31 - [TEST_STEP][PASSED] - navigateToUrl: Navigate to 'https://assist2-uat.perkeso.gov.my/web/registration/eis-update/form-3-eis-cessation-as-employer' successfully

2018-12-17 17:06:32 - [MESSAGE][PASSED] - Navigate to 'https://assist2-uat.perkeso.gov.my/web/registration/eis-update/form-3-eis-cessation-as-employer' successfully

2018-12-17 17:06:32 - [TEST_STEP][PASSED] - delay: Delayed 1 second(s)

2018-12-17 17:06:33 - [MESSAGE][PASSED] - Delayed 1 second(s)

2018-12-17 17:06:33 - [TEST_STEP][PASSED] - click: Object: 'Object Repository/Final Object Repo/Page_Form 3 EIS - Cessation as Employer/Edit' is clicked on

2018-12-17 17:06:34 - [MESSAGE][PASSED] - Object: 'Object Repository/Final Object Repo/Page_Form 3 EIS - Cessation as Employer/Edit' is clicked on

2018-12-17 17:06:34 - [TEST_STEP][PASSED] - delay: Delayed 1 second(s)

2018-12-17 17:06:35 - [MESSAGE][PASSED] - Delayed 1 second(s)

2018-12-17 17:06:35 - [TEST_STEP][PASSED] - Statement - abc = com.kms.katalon.core.webui.keyword.WebUiBuiltInKeywords.getAttribute(com.kms.katalon.core.testobject.ObjectRepository.findTestObject(Final Object Repo/Page_Form 3 EIS - Cessation as Employer/Employer Status), "value"): Attribute 'value' of object 'Object Repository/Final Object Repo/Page_Form 3 EIS - Cessation as Employer/Employer Status' is: 'Active'

2018-12-17 17:06:35 - [MESSAGE][PASSED] - Attribute 'value' of object 'Object Repository/Final Object Repo/Page_Form 3 EIS - Cessation as Employer/Employer Status' is: 'Active'

2018-12-17 17:06:35 - [TEST_STEP][PASSED] - Statement - out.println(abc): null

2018-12-17 17:06:35 - [TEST_STEP][PASSED] - Statement - If (abc == "Active"): Object: 'Object Repository/Final Object Repo/Page_Form 3 EIS - Cessation as Employer/Dormant EIS' is clicked on

2018-12-17 17:06:35 - [TEST_STEP][PASSED] - click: Object: 'Object Repository/Final Object Repo/Page_Form 3 EIS - Cessation as Employer/Change Employer Status to' is clicked on

2018-12-17 17:06:35 - [MESSAGE][PASSED] - Object: 'Object Repository/Final Object Repo/Page_Form 3 EIS - Cessation as Employer/Change Employer Status to' is clicked on

2018-12-17 17:06:35 - [TEST_STEP][PASSED] - click: Object: 'Object Repository/Final Object Repo/Page_Form 3 EIS - Cessation as Employer/Dormant EIS' is clicked on

2018-12-17 17:06:36 - [MESSAGE][PASSED] - Object: 'Object Repository/Final Object Repo/Page_Form 3 EIS - Cessation as Employer/Dormant EIS' is clicked on

2018-12-17 17:06:36 - [TEST_STEP][PASSED] - click: Object: 'Object Repository/Final Object Repo/Page_Form 3 EIS - Cessation as Employer/Calender' is clicked on

2018-12-17 17:06:36 - [MESSAGE][PASSED] - Object: 'Object Repository/Final Object Repo/Page_Form 3 EIS - Cessation as Employer/Calender' is clicked on

2018-12-17 17:06:36 - [TEST_STEP][PASSED] - delay: Delayed 1 second(s)

2018-12-17 17:06:37 - [MESSAGE][PASSED] - Delayed 1 second(s)

2018-12-17 17:06:37 - [TEST_STEP][PASSED] - click: Object: 'Object Repository/Final Object Repo/Page_Form 3 EIS - Cessation as Employer/Calender - Date' is clicked on

2018-12-17 17:06:37 - [MESSAGE][PASSED] - Object: 'Object Repository/Final Object Repo/Page_Form 3 EIS - Cessation as Employer/Calender - Date' is clicked on

2018-12-17 17:06:37 - [TEST_STEP][PASSED] - click: Object: 'Object Repository/Final Object Repo/Page_Form 3 EIS - Cessation as Employer/Save  Continue in Form 3 EIS Page' is clicked on

2018-12-17 17:06:37 - [MESSAGE][PASSED] - Object: 'Object Repository/Final Object Repo/Page_Form 3 EIS - Cessation as Employer/Save  Continue in Form 3 EIS Page' is clicked on

2018-12-17 17:06:37 - [TEST_STEP][PASSED] - delay: Delayed 1 second(s)

2018-12-17 17:06:38 - [MESSAGE][PASSED] - Delayed 1 second(s)

2018-12-17 17:06:38 - [TEST_STEP][PASSED] - click: Object: 'Object Repository/Final Object Repo/Page_Form 3 EIS - Cessation as Employer/Employment Resign Date' is clicked on

2018-12-17 17:06:39 - [MESSAGE][PASSED] - Object: 'Object Repository/Final Object Repo/Page_Form 3 EIS - Cessation as Employer/Employment Resign Date' is clicked on

2018-12-17 17:06:39 - [TEST_STEP][PASSED] - selectOptionByValue: All options with value '2019' are selected in object 'Object Repository/Final Object Repo/Page_Form 3 EIS - Cessation as Employer/Employment Resign Date - Year' 

2018-12-17 17:06:39 - [MESSAGE][PASSED] - All options with value '2019' are selected in object 'Object Repository/Final Object Repo/Page_Form 3 EIS - Cessation as Employer/Employment Resign Date - Year' 

2018-12-17 17:06:39 - [TEST_STEP][PASSED] - delay: Delayed 2 second(s)

2018-12-17 17:06:41 - [MESSAGE][PASSED] - Delayed 2 second(s)

2018-12-17 17:06:41 - [TEST_STEP][PASSED] - click: Object: 'Object Repository/Final Object Repo/Page_Form 3 EIS - Cessation as Employer/Employment Resign Date - Year - Date' is clicked on

2018-12-17 17:06:41 - [MESSAGE][PASSED] - Object: 'Object Repository/Final Object Repo/Page_Form 3 EIS - Cessation as Employer/Employment Resign Date - Year - Date' is clicked on

2018-12-17 17:06:41 - [TEST_STEP][PASSED] - delay: Delayed 2 second(s)

2018-12-17 17:06:43 - [MESSAGE][PASSED] - Delayed 2 second(s)

2018-12-17 17:06:43 - [TEST_STEP][PASSED] - click: Object: 'Object Repository/Final Object Repo/Page_Form 3 EIS - Cessation as Employer/Save  Continue in Employment Resign Page' is clicked on

2018-12-17 17:06:44 - [MESSAGE][PASSED] - Object: 'Object Repository/Final Object Repo/Page_Form 3 EIS - Cessation as Employer/Save  Continue in Employment Resign Page' is clicked on

2018-12-17 17:06:44 - [TEST_STEP][PASSED] - delay: Delayed 2 second(s)

2018-12-17 17:06:46 - [MESSAGE][PASSED] - Delayed 2 second(s)

2018-12-17 17:06:46 - [TEST_STEP][PASSED] - click: Object: 'Object Repository/Final Object Repo/Page_Form 3 EIS - Cessation as Employer/Set Latest - Yes' is clicked on

2018-12-17 17:06:46 - [MESSAGE][PASSED] - Object: 'Object Repository/Final Object Repo/Page_Form 3 EIS - Cessation as Employer/Set Latest - Yes' is clicked on

2018-12-17 17:06:46 - [TEST_STEP][PASSED] - delay: Delayed 2 second(s)

2018-12-17 17:06:48 - [MESSAGE][PASSED] - Delayed 2 second(s)

2018-12-17 17:06:48 - [TEST_STEP][PASSED] - click: Object: 'Object Repository/Final Object Repo/Page_Form 3 EIS - Cessation as Employer/Add Document' is clicked on

2018-12-17 17:06:49 - [MESSAGE][PASSED] - Object: 'Object Repository/Final Object Repo/Page_Form 3 EIS - Cessation as Employer/Add Document' is clicked on

2018-12-17 17:06:49 - [TEST_STEP][PASSED] - delay: Delayed 3 second(s)

2018-12-17 17:06:52 - [MESSAGE][PASSED] - Delayed 3 second(s)

2018-12-17 17:06:52 - [TEST_STEP][PASSED] - click: Object: 'Object Repository/Final Object Repo/Page_Form 3 EIS - Cessation as Employer/Document Type' is clicked on

2018-12-17 17:06:52 - [MESSAGE][PASSED] - Object: 'Object Repository/Final Object Repo/Page_Form 3 EIS - Cessation as Employer/Document Type' is clicked on

2018-12-17 17:06:52 - [TEST_STEP][PASSED] - click: Object: 'Object Repository/Final Object Repo/Page_Form 3 EIS - Cessation as Employer/Document Type - Form 3' is clicked on

2018-12-17 17:06:52 - [MESSAGE][PASSED] - Object: 'Object Repository/Final Object Repo/Page_Form 3 EIS - Cessation as Employer/Document Type - Form 3' is clicked on

2018-12-17 17:06:52 - [TEST_STEP][PASSED] - delay: Delayed 2 second(s)

2018-12-17 17:06:54 - [MESSAGE][PASSED] - Delayed 2 second(s)

2018-12-17 17:06:54 - [TEST_STEP][PASSED] - sendKeys: Keys 'C:\Users\Public\Pictures\Sample Pictures\Koala.jpg' sent to object: 'Object Repository/Final Object Repo/Page_Form 3 EIS - Cessation as Employer/ploading File'

2018-12-17 17:06:54 - [MESSAGE][PASSED] - Keys 'C:\Users\Public\Pictures\Sample Pictures\Koala.jpg' sent to object: 'Object Repository/Final Object Repo/Page_Form 3 EIS - Cessation as Employer/ploading File'

2018-12-17 17:06:54 - [TEST_STEP][PASSED] - delay: Delayed 1 second(s)

2018-12-17 17:06:55 - [MESSAGE][PASSED] - Delayed 1 second(s)

2018-12-17 17:06:55 - [TEST_STEP][PASSED] - click: Object: 'Object Repository/Final Object Repo/Page_Form 3 EIS - Cessation as Employer/Add Document in Uploading Page' is clicked on

2018-12-17 17:06:56 - [MESSAGE][PASSED] - Object: 'Object Repository/Final Object Repo/Page_Form 3 EIS - Cessation as Employer/Add Document in Uploading Page' is clicked on

2018-12-17 17:06:56 - [TEST_STEP][PASSED] - delay: Delayed 2 second(s)

2018-12-17 17:06:58 - [MESSAGE][PASSED] - Delayed 2 second(s)

2018-12-17 17:06:58 - [TEST_STEP][PASSED] - Statement - CaseReferenceNo = com.kms.katalon.core.webui.keyword.WebUiBuiltInKeywords.getText(com.kms.katalon.core.testobject.ObjectRepository.findTestObject(Final Object Repo/Page_Update Employer Information/Reference Number in Update Employee Information Page)): Text of object 'Object Repository/Final Object Repo/Page_Update Employer Information/Reference Number in Update Employee Information Page' is: 'ERN122018C200002486'

2018-12-17 17:07:00 - [MESSAGE][PASSED] - Text of object 'Object Repository/Final Object Repo/Page_Update Employer Information/Reference Number in Update Employee Information Page' is: 'ERN122018C200002486'

2018-12-17 17:07:00 - [TEST_STEP][PASSED] - callTestCase: Call Test Case 'Test Cases/Final Aug 2018 - PKS Automation/Common/Reference Number Setter' successfully

2018-12-17 17:07:00 - [TEST_CASE][PASSED] - Test Cases/Final Aug 2018 - PKS Automation/Common/Reference Number Setter: Test Cases/Final Aug 2018 - PKS Automation/Common/Reference Number Setter

2018-12-17 17:07:00 - [TEST_STEP][PASSED] - Statement - RefNoOldFile = new java.io.File(C://Users//Admin//Desktop//PKS//Automation Reference Point//KatalonReference.txt): null

2018-12-17 17:07:00 - [TEST_STEP][PASSED] - Statement - RefNoOldFile.delete(): null

2018-12-17 17:07:00 - [TEST_STEP][PASSED] - delay: Delayed 5 second(s)

2018-12-17 17:07:05 - [MESSAGE][PASSED] - Delayed 5 second(s)

2018-12-17 17:07:05 - [TEST_STEP][PASSED] - Statement - RefNo = new java.io.File(C://Users//Admin//Desktop//PKS//Automation Reference Point//KatalonReference.txt): null

2018-12-17 17:07:05 - [TEST_STEP][PASSED] - Statement - f2 = new java.io.FileWriter(RefNo, false): null

2018-12-17 17:07:05 - [TEST_STEP][PASSED] - Statement - f2.write(CaseReferenceNo): null

2018-12-17 17:07:05 - [TEST_STEP][PASSED] - Statement - f2.close(): null

2018-12-17 17:07:05 - [TEST_STEP][PASSED] - Statement - out.println("


" + CaseReferenceNo + "


"): null

2018-12-17 17:07:05 - [MESSAGE][PASSED] - Call Test Case 'Test Cases/Final Aug 2018 - PKS Automation/Common/Reference Number Setter' successfully

2018-12-17 17:07:05 - [TEST_STEP][PASSED] - delay: Delayed 2 second(s)

2018-12-17 17:07:07 - [MESSAGE][PASSED] - Delayed 2 second(s)

2018-12-17 17:07:07 - [TEST_STEP][PASSED] - click: Object: 'Object Repository/Final Object Repo/Page_Form 3 EIS - Cessation as Employer/Save  Continue in Uploading Page' is clicked on

2018-12-17 17:07:07 - [MESSAGE][PASSED] - Object: 'Object Repository/Final Object Repo/Page_Form 3 EIS - Cessation as Employer/Save  Continue in Uploading Page' is clicked on

2018-12-17 17:07:07 - [TEST_STEP][PASSED] - delay: Delayed 2 second(s)

2018-12-17 17:07:09 - [MESSAGE][PASSED] - Delayed 2 second(s)

2018-12-17 17:07:09 - [TEST_STEP][PASSED] - click: Object: 'Object Repository/Final Object Repo/Page_Form 3 EIS - Cessation as Employer/Submit' is clicked on

2018-12-17 17:07:12 - [MESSAGE][PASSED] - Object: 'Object Repository/Final Object Repo/Page_Form 3 EIS - Cessation as Employer/Submit' is clicked on

2018-12-17 17:07:12 - [TEST_STEP][PASSED] - delay: Delayed 2 second(s)

2018-12-17 17:07:14 - [MESSAGE][PASSED] - Delayed 2 second(s)

2018-12-17 17:07:14 - [TEST_STEP][PASSED] - click: Object: 'Object Repository/Final Object Repo/Page_Form 3 EIS - Cessation as Employer/Confirm' is clicked on

2018-12-17 17:07:14 - [MESSAGE][PASSED] - Object: 'Object Repository/Final Object Repo/Page_Form 3 EIS - Cessation as Employer/Confirm' is clicked on

2018-12-17 17:07:14 - [TEST_STEP][PASSED] - delay: Delayed 2 second(s)

2018-12-17 17:07:16 - [MESSAGE][PASSED] - Delayed 2 second(s)

2018-12-17 17:07:16 - [TEST_STEP][PASSED] - click: Object: 'Object Repository/Final Object Repo/Page_Form 3 EIS - Cessation as Employer/Message Your Request will be routed to UO' is clicked on

2018-12-17 17:07:20 - [MESSAGE][PASSED] - Object: 'Object Repository/Final Object Repo/Page_Form 3 EIS - Cessation as Employer/Message Your Request will be routed to UO' is clicked on

2018-12-17 17:07:20 - [TEST_STEP][PASSED] - click: Object: 'Object Repository/Final Object Repo/Page_Form 3 EIS - Cessation as Employer/Letter of acknowledgement' is clicked on

2018-12-17 17:07:21 - [MESSAGE][PASSED] - Object: 'Object Repository/Final Object Repo/Page_Form 3 EIS - Cessation as Employer/Letter of acknowledgement' is clicked on

2018-12-17 17:07:21 - [MESSAGE][PASSED] - Call Test Case 'Test Cases/Final Aug 2018 - PKS Automation/Registration Module/Workflow/Form 3 EIS - Cessation As Employer/Template/Form 3 A - Cessation As Employer (Employer)' successfully

2018-12-17 17:07:21 - [TEST_STEP][PASSED] - callTestCase: Call Test Case 'Test Cases/Final Aug 2018 - PKS Automation/Registration Module/Workflow/Form 3 EIS - Cessation As Employer/Template/Form 3 A - Cessation As Employer (Reject)' successfully

2018-12-17 17:07:21 - [TEST_CASE][PASSED] - Test Cases/Final Aug 2018 - PKS Automation/Registration Module/Workflow/Form 3 EIS - Cessation As Employer/Template/Form 3 A - Cessation As Employer (Reject): Test Cases/Final Aug 2018 - PKS Automation/Registration Module/Workflow/Form 3 EIS - Cessation As Employer/Template/Form 3 A - Cessation As Employer (Reject)

2018-12-17 17:07:21 - [TEST_STEP][NOT_RUN] - callTestCase: NOT_RUN: callTestCase

2018-12-17 17:07:21 - [MESSAGE][NOT_RUN] - NOT_RUN: callTestCase

2018-12-17 17:07:21 - [TEST_STEP][PASSED] - delay: Delayed 1 second(s)

2018-12-17 17:07:22 - [MESSAGE][PASSED] - Delayed 1 second(s)

2018-12-17 17:07:22 - [TEST_STEP][PASSED] - navigateToUrl: Navigate to 'https://assist2-uat.perkeso.gov.my/c/portal/logout' successfully

2018-12-17 17:07:23 - [MESSAGE][PASSED] - Navigate to 'https://assist2-uat.perkeso.gov.my/c/portal/logout' successfully

2018-12-17 17:07:23 - [TEST_STEP][PASSED] - delay: Delayed 1 second(s)

2018-12-17 17:07:24 - [MESSAGE][PASSED] - Delayed 1 second(s)

2018-12-17 17:07:24 - [TEST_STEP][PASSED] - callTestCase: Call Test Case 'Test Cases/Final Aug 2018 - PKS Automation/Common/Reference Number Getter' successfully

2018-12-17 17:07:24 - [TEST_CASE][PASSED] - Test Cases/Final Aug 2018 - PKS Automation/Common/Reference Number Getter: Test Cases/Final Aug 2018 - PKS Automation/Common/Reference Number Getter

2018-12-17 17:07:24 - [TEST_STEP][PASSED] - Statement - Try: null

2018-12-17 17:07:24 - [TEST_STEP][PASSED] - Statement - RefNo = new java.io.File(C://Users//Admin//Desktop//PKS//Automation Reference Point//KatalonReference.txt): null

2018-12-17 17:07:24 - [TEST_STEP][PASSED] - Statement - bufferread = new java.io.BufferedReader(new java.io.FileReader(RefNo)): null

2018-12-17 17:07:24 - [TEST_STEP][PASSED] - Statement - readedVal = bufferread.readLine(): null

2018-12-17 17:07:24 - [TEST_STEP][PASSED] - Statement - out.println(CaseReferenceNo): null

2018-12-17 17:07:24 - [TEST_STEP][PASSED] - Statement - out.println(readedVal): null

2018-12-17 17:07:24 - [TEST_STEP][PASSED] - Statement - CaseReferenceNo = "": null

2018-12-17 17:07:24 - [TEST_STEP][PASSED] - Statement - CaseReferenceNo = readedVal: null

2018-12-17 17:07:24 - [MESSAGE][PASSED] - Call Test Case 'Test Cases/Final Aug 2018 - PKS Automation/Common/Reference Number Getter' successfully

2018-12-17 17:07:24 - [TEST_STEP][PASSED] - callTestCase: Call Test Case 'Test Cases/Final Aug 2018 - PKS Automation/Common/Workflow Owner Finder' successfully

2018-12-17 17:07:24 - [TEST_CASE][PASSED] - Test Cases/Final Aug 2018 - PKS Automation/Common/Workflow Owner Finder: Test Cases/Final Aug 2018 - PKS Automation/Common/Workflow Owner Finder

2018-12-17 17:07:24 - [TEST_STEP][PASSED] - openBrowser: Browser is opened with url: ''

2018-12-17 17:07:24 - [MESSAGE][WARNING] - A browser is already opened. Closing browser and opening a new one

2018-12-17 17:07:27 - [MESSAGE][PASSED] - Browser is opened with url: ''

2018-12-17 17:07:27 - [TEST_STEP][PASSED] - navigateToUrl: Navigate to 'https://assist2-uat.perkeso.gov.my/login' successfully

2018-12-17 17:07:28 - [MESSAGE][PASSED] - Navigate to 'https://assist2-uat.perkeso.gov.my/login' successfully

2018-12-17 17:07:28 - [TEST_STEP][PASSED] - delay: Delayed 5 second(s)

2018-12-17 17:07:33 - [MESSAGE][PASSED] - Delayed 5 second(s)

2018-12-17 17:07:33 - [TEST_STEP][PASSED] - setText: Text 'test@liferay.com' is set on object 'Object Repository/Final Object Repo/Login Page/Internal User/Email Address'

2018-12-17 17:07:33 - [MESSAGE][PASSED] - Text 'test@liferay.com' is set on object 'Object Repository/Final Object Repo/Login Page/Internal User/Email Address'

2018-12-17 17:07:33 - [TEST_STEP][PASSED] - click: Object: 'Object Repository/Final Object Repo/Login Page/Internal User/Next Button' is clicked on

2018-12-17 17:07:33 - [MESSAGE][PASSED] - Object: 'Object Repository/Final Object Repo/Login Page/Internal User/Next Button' is clicked on

2018-12-17 17:07:33 - [TEST_STEP][PASSED] - delay: Delayed 2 second(s)

2018-12-17 17:07:35 - [MESSAGE][PASSED] - Delayed 2 second(s)

2018-12-17 17:07:35 - [TEST_STEP][PASSED] - setText: Text 'test' is set on object 'Object Repository/Final Object Repo/Login Page/Internal User/Password'

2018-12-17 17:07:36 - [MESSAGE][PASSED] - Text 'test' is set on object 'Object Repository/Final Object Repo/Login Page/Internal User/Password'

2018-12-17 17:07:36 - [TEST_STEP][PASSED] - delay: Delayed 2 second(s)

2018-12-17 17:07:38 - [MESSAGE][PASSED] - Delayed 2 second(s)

2018-12-17 17:07:38 - [TEST_STEP][PASSED] - click: Object: 'Object Repository/Final Object Repo/Login Page/Internal User/Login Button' is clicked on

2018-12-17 17:07:38 - [MESSAGE][PASSED] - Object: 'Object Repository/Final Object Repo/Login Page/Internal User/Login Button' is clicked on

2018-12-17 17:07:38 - [TEST_STEP][PASSED] - Statement - tester = com.kms.katalon.core.testobject.ObjectRepository.findTestObject(Final Object Repo/Landing Page/Select to English): Finding Test Object with id 'Object Repository/Final Object Repo/Landing Page/Select to English'

2018-12-17 17:07:38 - [TEST_STEP][PASSED] - Statement - Try: Delayed 2 second(s)

2018-12-17 17:07:38 - [TEST_STEP][PASSED] - Statement - Checker = com.kms.katalon.core.webui.keyword.WebUiBuiltInKeywords.verifyElementNotPresent(tester, 3): Web element with id: 'Object Repository/Final Object Repo/Landing Page/Select to English' located by 'By.xpath: //a[@class = 'taglib-language-list-text' and @lang = 'en-US' and (contains(text(), 'EN') or contains(., 'EN'))]' is not present after '3' second(s)

2018-12-17 17:07:40 - [MESSAGE][PASSED] - Web element with id: 'Object Repository/Final Object Repo/Landing Page/Select to English' located by 'By.xpath: //a[@class = 'taglib-language-list-text' and @lang = 'en-US' and (contains(text(), 'EN') or contains(., 'EN'))]' is not present after '3' second(s)

2018-12-17 17:07:40 - [TEST_STEP][PASSED] - Statement - If (Checker == false): null

2018-12-17 17:07:40 - [TEST_STEP][PASSED] - delay: Delayed 2 second(s)

2018-12-17 17:07:42 - [MESSAGE][PASSED] - Delayed 2 second(s)

2018-12-17 17:07:42 - [TEST_STEP][PASSED] - delay: Delayed 5 second(s)

2018-12-17 17:07:47 - [MESSAGE][PASSED] - Delayed 5 second(s)

2018-12-17 17:07:47 - [TEST_STEP][PASSED] - mouseOver: Object: 'Object Repository/Final Object Repo/Landing Page/WorkFlow Menu' is hovered

2018-12-17 17:07:47 - [MESSAGE][PASSED] - Object: 'Object Repository/Final Object Repo/Landing Page/WorkFlow Menu' is hovered

2018-12-17 17:07:47 - [TEST_STEP][PASSED] - delay: Delayed 2 second(s)

2018-12-17 17:07:49 - [MESSAGE][PASSED] - Delayed 2 second(s)

2018-12-17 17:07:49 - [TEST_STEP][PASSED] - click: Object: 'Object Repository/Final Object Repo/Landing Page/Select to Workflow Listing' is clicked on

2018-12-17 17:07:50 - [MESSAGE][PASSED] - Object: 'Object Repository/Final Object Repo/Landing Page/Select to Workflow Listing' is clicked on

2018-12-17 17:07:50 - [TEST_STEP][PASSED] - delay: Delayed 2 second(s)

2018-12-17 17:07:52 - [MESSAGE][PASSED] - Delayed 2 second(s)

2018-12-17 17:07:52 - [TEST_STEP][PASSED] - click: Object: 'Object Repository/Final Object Repo/WorkFlow Listing Page/Search Information - To Put Ref No' is clicked on

2018-12-17 17:07:52 - [MESSAGE][PASSED] - Object: 'Object Repository/Final Object Repo/WorkFlow Listing Page/Search Information - To Put Ref No' is clicked on

2018-12-17 17:07:52 - [TEST_STEP][PASSED] - delay: Delayed 2 second(s)

2018-12-17 17:07:54 - [MESSAGE][PASSED] - Delayed 2 second(s)

2018-12-17 17:07:54 - [TEST_STEP][PASSED] - callTestCase: Call Test Case 'Test Cases/Final Aug 2018 - PKS Automation/Common/Reference Number Getter' successfully

2018-12-17 17:07:55 - [TEST_CASE][PASSED] - Test Cases/Final Aug 2018 - PKS Automation/Common/Reference Number Getter: Test Cases/Final Aug 2018 - PKS Automation/Common/Reference Number Getter

2018-12-17 17:07:55 - [TEST_STEP][PASSED] - Statement - Try: null

2018-12-17 17:07:55 - [TEST_STEP][PASSED] - Statement - RefNo = new java.io.File(C://Users//Admin//Desktop//PKS//Automation Reference Point//KatalonReference.txt): null

2018-12-17 17:07:55 - [TEST_STEP][PASSED] - Statement - bufferread = new java.io.BufferedReader(new java.io.FileReader(RefNo)): null

2018-12-17 17:07:55 - [TEST_STEP][PASSED] - Statement - readedVal = bufferread.readLine(): null

2018-12-17 17:07:55 - [TEST_STEP][PASSED] - Statement - out.println(CaseReferenceNo): null

2018-12-17 17:07:55 - [TEST_STEP][PASSED] - Statement - out.println(readedVal): null

2018-12-17 17:07:55 - [TEST_STEP][PASSED] - Statement - CaseReferenceNo = "": null

2018-12-17 17:07:55 - [TEST_STEP][PASSED] - Statement - CaseReferenceNo = readedVal: null

2018-12-17 17:07:55 - [MESSAGE][PASSED] - Call Test Case 'Test Cases/Final Aug 2018 - PKS Automation/Common/Reference Number Getter' successfully

2018-12-17 17:07:55 - [TEST_STEP][PASSED] - setText: Text 'ERN122018C200002486' is set on object 'Object Repository/Final Object Repo/WorkFlow Listing Page/Ref No Set Text'

2018-12-17 17:07:55 - [MESSAGE][PASSED] - Text 'ERN122018C200002486' is set on object 'Object Repository/Final Object Repo/WorkFlow Listing Page/Ref No Set Text'

2018-12-17 17:07:55 - [TEST_STEP][PASSED] - delay: Delayed 2 second(s)

2018-12-17 17:07:57 - [MESSAGE][PASSED] - Delayed 2 second(s)

2018-12-17 17:07:57 - [TEST_STEP][PASSED] - click: Object: 'Object Repository/Final Object Repo/WorkFlow Listing Page/Search Ref No Search Button' is clicked on

2018-12-17 17:07:57 - [MESSAGE][PASSED] - Object: 'Object Repository/Final Object Repo/WorkFlow Listing Page/Search Ref No Search Button' is clicked on

2018-12-17 17:07:57 - [TEST_STEP][PASSED] - delay: Delayed 6 second(s)

2018-12-17 17:08:03 - [MESSAGE][PASSED] - Delayed 6 second(s)

2018-12-17 17:08:03 - [TEST_STEP][PASSED] - click: Object: 'Object Repository/Final Object Repo/WorkFlow Listing Page/Click Continue Tooltip' is clicked on

2018-12-17 17:08:04 - [MESSAGE][PASSED] - Object: 'Object Repository/Final Object Repo/WorkFlow Listing Page/Click Continue Tooltip' is clicked on

2018-12-17 17:08:04 - [TEST_STEP][PASSED] - delay: Delayed 5 second(s)

2018-12-17 17:08:09 - [MESSAGE][PASSED] - Delayed 5 second(s)

2018-12-17 17:08:09 - [TEST_STEP][PASSED] - doubleClick: Object: 'Object Repository/Final Object Repo/WorkFlow Listing Page/Workflow Found - Listing 1' is double clicked on

2018-12-17 17:08:09 - [MESSAGE][PASSED] - Object: 'Object Repository/Final Object Repo/WorkFlow Listing Page/Workflow Found - Listing 1' is double clicked on

2018-12-17 17:08:09 - [TEST_STEP][PASSED] - Statement - println(OwnerID): null

2018-12-17 17:08:09 - [TEST_STEP][PASSED] - Statement - OwnerID = com.kms.katalon.core.webui.keyword.WebUiBuiltInKeywords.getText(com.kms.katalon.core.testobject.ObjectRepository.findTestObject(Final Object Repo/WorkFlow Listing Page/Workflow Found - Listing 1), STOP_ON_FAILURE): Text of object 'Object Repository/Final Object Repo/WorkFlow Listing Page/Workflow Found - Listing 1' is: 'JOHORuo1'

2018-12-17 17:08:10 - [MESSAGE][PASSED] - Text of object 'Object Repository/Final Object Repo/WorkFlow Listing Page/Workflow Found - Listing 1' is: 'JOHORuo1'

2018-12-17 17:08:10 - [TEST_STEP][PASSED] - Statement - OwnerID = OwnerID.toLowerCase() + "@gmail.com": null

2018-12-17 17:08:10 - [TEST_STEP][PASSED] - Statement - println(OwnerID): null

2018-12-17 17:08:10 - [TEST_STEP][PASSED] - delay: Delayed 2 second(s)

2018-12-17 17:08:12 - [MESSAGE][PASSED] - Delayed 2 second(s)

2018-12-17 17:08:12 - [MESSAGE][PASSED] - Call Test Case 'Test Cases/Final Aug 2018 - PKS Automation/Common/Workflow Owner Finder' successfully

2018-12-17 17:08:12 - [TEST_STEP][PASSED] - delay: Delayed 1 second(s)

2018-12-17 17:08:13 - [MESSAGE][PASSED] - Delayed 1 second(s)

2018-12-17 17:08:13 - [TEST_STEP][PASSED] - navigateToUrl: Navigate to 'https://assist2-uat.perkeso.gov.my/c/portal/logout' successfully

2018-12-17 17:08:13 - [MESSAGE][PASSED] - Navigate to 'https://assist2-uat.perkeso.gov.my/c/portal/logout' successfully

2018-12-17 17:08:13 - [TEST_STEP][PASSED] - delay: Delayed 1 second(s)

2018-12-17 17:08:14 - [MESSAGE][PASSED] - Delayed 1 second(s)

2018-12-17 17:08:14 - [TEST_STEP][PASSED] - callTestCase: Call Test Case 'Test Cases/Final Aug 2018 - PKS Automation/Registration Module/Workflow/Login and Search Case For Workflow' successfully

2018-12-17 17:08:14 - [TEST_CASE][PASSED] - Test Cases/Final Aug 2018 - PKS Automation/Registration Module/Workflow/Login and Search Case For Workflow: Test Cases/Final Aug 2018 - PKS Automation/Registration Module/Workflow/Login and Search Case For Workflow

2018-12-17 17:08:14 - [TEST_STEP][PASSED] - navigateToUrl: Navigate to 'https://assist2-uat.perkeso.gov.my/login' successfully

2018-12-17 17:08:15 - [MESSAGE][PASSED] - Navigate to 'https://assist2-uat.perkeso.gov.my/login' successfully

2018-12-17 17:08:15 - [TEST_STEP][PASSED] - setText: Text 'johoruo1@gmail.com' is set on object 'Object Repository/Final Object Repo/Login Page/Internal User/Email Address'

2018-12-17 17:08:16 - [MESSAGE][PASSED] - Text 'johoruo1@gmail.com' is set on object 'Object Repository/Final Object Repo/Login Page/Internal User/Email Address'

2018-12-17 17:08:16 - [TEST_STEP][PASSED] - click: Object: 'Object Repository/Final Object Repo/Login Page/Internal User/Next Button' is clicked on

2018-12-17 17:08:16 - [MESSAGE][PASSED] - Object: 'Object Repository/Final Object Repo/Login Page/Internal User/Next Button' is clicked on

2018-12-17 17:08:16 - [TEST_STEP][PASSED] - delay: Delayed 1 second(s)

2018-12-17 17:08:17 - [MESSAGE][PASSED] - Delayed 1 second(s)

2018-12-17 17:08:17 - [TEST_STEP][PASSED] - setEncryptedText: Text ****** has been set on object 'Object Repository/Final Object Repo/Login Page/Internal User/Password'

2018-12-17 17:08:17 - [MESSAGE][PASSED] - Text ****** has been set on object 'Object Repository/Final Object Repo/Login Page/Internal User/Password'

2018-12-17 17:08:17 - [TEST_STEP][PASSED] - click: Object: 'Object Repository/Final Object Repo/Login Page/Internal User/Login Button' is clicked on

2018-12-17 17:08:17 - [MESSAGE][PASSED] - Object: 'Object Repository/Final Object Repo/Login Page/Internal User/Login Button' is clicked on

2018-12-17 17:08:17 - [TEST_STEP][PASSED] - delay: Delayed 2 second(s)

2018-12-17 17:08:19 - [MESSAGE][PASSED] - Delayed 2 second(s)

2018-12-17 17:08:19 - [TEST_STEP][PASSED] - Statement - Try: Delayed 2 second(s)

2018-12-17 17:08:19 - [TEST_STEP][PASSED] - Statement - Checker = false: null

2018-12-17 17:08:19 - [TEST_STEP][PASSED] - Statement - Checker = com.kms.katalon.core.webui.keyword.WebUiBuiltInKeywords.verifyElementHasAttribute(com.kms.katalon.core.testobject.ObjectRepository.findTestObject(Final Object Repo/Landing Page/BM Detecting), "href", 20, OPTIONAL): Object 'Object Repository/Final Object Repo/Landing Page/BM Detecting' has attribute 'href'

2018-12-17 17:08:19 - [MESSAGE][PASSED] - Object 'Object Repository/Final Object Repo/Landing Page/BM Detecting' has attribute 'href'

2018-12-17 17:08:19 - [TEST_STEP][PASSED] - Statement - out.println(Checker): null

2018-12-17 17:08:19 - [TEST_STEP][PASSED] - Statement - If (Checker == false): null

2018-12-17 17:08:19 - [TEST_STEP][PASSED] - Statement - Else: null

2018-12-17 17:08:19 - [TEST_STEP][PASSED] - delay: Delayed 2 second(s)

2018-12-17 17:08:21 - [MESSAGE][PASSED] - Delayed 2 second(s)

2018-12-17 17:08:21 - [TEST_STEP][PASSED] - click: Object: 'Object Repository/Final Object Repo/Page_MyASSIST - ASSIST - Search Pending Case For Add Supporting Document/Search Information' is clicked on

2018-12-17 17:08:21 - [MESSAGE][PASSED] - Object: 'Object Repository/Final Object Repo/Page_MyASSIST - ASSIST - Search Pending Case For Add Supporting Document/Search Information' is clicked on

2018-12-17 17:08:21 - [TEST_STEP][PASSED] - delay: Delayed 3 second(s)

2018-12-17 17:08:24 - [MESSAGE][PASSED] - Delayed 3 second(s)

2018-12-17 17:08:24 - [TEST_STEP][PASSED] - sendKeys: Keys 'ERN122018C200002486' sent to object: 'Object Repository/Final Object Repo/Page_MyASSIST - ASSIST - Search Pending Case For Add Supporting Document/Reference No'

2018-12-17 17:08:25 - [MESSAGE][PASSED] - Keys 'ERN122018C200002486' sent to object: 'Object Repository/Final Object Repo/Page_MyASSIST - ASSIST - Search Pending Case For Add Supporting Document/Reference No'

2018-12-17 17:08:25 - [TEST_STEP][PASSED] - click: Object: 'Object Repository/Final Object Repo/Page_MyASSIST - ASSIST - Search Pending Case For Add Supporting Document/Search Reference No' is clicked on

2018-12-17 17:08:25 - [MESSAGE][PASSED] - Object: 'Object Repository/Final Object Repo/Page_MyASSIST - ASSIST - Search Pending Case For Add Supporting Document/Search Reference No' is clicked on

2018-12-17 17:08:25 - [TEST_STEP][PASSED] - delay: Delayed 2 second(s)

2018-12-17 17:08:27 - [MESSAGE][PASSED] - Delayed 2 second(s)

2018-12-17 17:08:27 - [TEST_STEP][PASSED] - click: Object: 'Object Repository/Final Object Repo/Page_MyASSIST - ASSIST - Search Pending Case For Add Supporting Document/Continue' is clicked on

2018-12-17 17:08:30 - [MESSAGE][PASSED] - Object: 'Object Repository/Final Object Repo/Page_MyASSIST - ASSIST - Search Pending Case For Add Supporting Document/Continue' is clicked on

2018-12-17 17:08:30 - [TEST_STEP][PASSED] - delay: Delayed 20 second(s)

2018-12-17 17:08:50 - [MESSAGE][PASSED] - Delayed 20 second(s)

2018-12-17 17:08:50 - [MESSAGE][PASSED] - Call Test Case 'Test Cases/Final Aug 2018 - PKS Automation/Registration Module/Workflow/Login and Search Case For Workflow' successfully

2018-12-17 17:08:50 - [TEST_STEP][PASSED] - click: Object: 'Object Repository/Final Object Repo/Page_Form 3 EIS - Cessation as Employer/Page_Form 3 EIS - Cessation as Employer (Approve)/Save  Continue in Form 3 Page' is clicked on

2018-12-17 17:08:50 - [MESSAGE][PASSED] - Object: 'Object Repository/Final Object Repo/Page_Form 3 EIS - Cessation as Employer/Page_Form 3 EIS - Cessation as Employer (Approve)/Save  Continue in Form 3 Page' is clicked on

2018-12-17 17:08:50 - [TEST_STEP][PASSED] - delay: Delayed 2 second(s)

2018-12-17 17:08:52 - [MESSAGE][PASSED] - Delayed 2 second(s)

2018-12-17 17:08:52 - [TEST_STEP][PASSED] - click: Object: 'Object Repository/Final Object Repo/Page_Form 3 EIS - Cessation as Employer/Page_Form 3 EIS - Cessation as Employer (Approve)/Save  Continue in Resigned Page' is clicked on

2018-12-17 17:08:53 - [MESSAGE][PASSED] - Object: 'Object Repository/Final Object Repo/Page_Form 3 EIS - Cessation as Employer/Page_Form 3 EIS - Cessation as Employer (Approve)/Save  Continue in Resigned Page' is clicked on

2018-12-17 17:08:53 - [TEST_STEP][PASSED] - delay: Delayed 2 second(s)

2018-12-17 17:08:55 - [MESSAGE][PASSED] - Delayed 2 second(s)

2018-12-17 17:08:55 - [TEST_STEP][PASSED] - click: Object: 'Object Repository/Final Object Repo/Page_Form 3 EIS - Cessation as Employer/Page_Form 3 EIS - Cessation as Employer (Approve)/Save  Continue in Uploading Page' is clicked on

2018-12-17 17:08:56 - [MESSAGE][PASSED] - Object: 'Object Repository/Final Object Repo/Page_Form 3 EIS - Cessation as Employer/Page_Form 3 EIS - Cessation as Employer (Approve)/Save  Continue in Uploading Page' is clicked on

2018-12-17 17:08:56 - [TEST_STEP][PASSED] - delay: Delayed 2 second(s)

2018-12-17 17:08:58 - [MESSAGE][PASSED] - Delayed 2 second(s)

2018-12-17 17:08:58 - [TEST_STEP][PASSED] - click: Object: 'Object Repository/Final Object Repo/Page_Form 3 EIS - Cessation as Employer/Page_Form 3 EIS - Cessation as Employer (Reject)/Reject' is clicked on

2018-12-17 17:09:00 - [MESSAGE][PASSED] - Object: 'Object Repository/Final Object Repo/Page_Form 3 EIS - Cessation as Employer/Page_Form 3 EIS - Cessation as Employer (Reject)/Reject' is clicked on

2018-12-17 17:09:00 - [TEST_STEP][PASSED] - delay: Delayed 2 second(s)

2018-12-17 17:09:02 - [MESSAGE][PASSED] - Delayed 2 second(s)

2018-12-17 17:09:02 - [TEST_STEP][PASSED] - click: Object: 'Object Repository/Final Object Repo/Page_Form 3 EIS - Cessation as Employer/Page_Form 3 EIS - Cessation as Employer (Reject)/Confirm' is clicked on

2018-12-17 17:09:03 - [MESSAGE][PASSED] - Object: 'Object Repository/Final Object Repo/Page_Form 3 EIS - Cessation as Employer/Page_Form 3 EIS - Cessation as Employer (Reject)/Confirm' is clicked on

2018-12-17 17:09:03 - [TEST_STEP][PASSED] - delay: Delayed 2 second(s)

2018-12-17 17:09:05 - [MESSAGE][PASSED] - Delayed 2 second(s)

2018-12-17 17:09:05 - [TEST_STEP][PASSED] - click: Object: 'Object Repository/Final Object Repo/Page_Form 3 EIS - Cessation as Employer/Page_Form 3 EIS - Cessation as Employer (Reject)/Message This Case has been Rejected' is clicked on

2018-12-17 17:09:09 - [MESSAGE][PASSED] - Object: 'Object Repository/Final Object Repo/Page_Form 3 EIS - Cessation as Employer/Page_Form 3 EIS - Cessation as Employer (Reject)/Message This Case has been Rejected' is clicked on

2018-12-17 17:09:09 - [TEST_STEP][PASSED] - click: Object: 'Object Repository/Final Object Repo/Page_Form 3 EIS - Cessation as Employer/Page_Form 3 EIS - Cessation as Employer (Reject)/Letter of update rejection' is clicked on

2018-12-17 17:09:10 - [MESSAGE][PASSED] - Object: 'Object Repository/Final Object Repo/Page_Form 3 EIS - Cessation as Employer/Page_Form 3 EIS - Cessation as Employer (Reject)/Letter of update rejection' is clicked on

2018-12-17 17:09:10 - [MESSAGE][PASSED] - Call Test Case 'Test Cases/Final Aug 2018 - PKS Automation/Registration Module/Workflow/Form 3 EIS - Cessation As Employer/Template/Form 3 A - Cessation As Employer (Reject)' successfully]]></system-out>
         <system-err><![CDATA[]]></system-err>
      </testcase>
      <testcase name="Test Cases/Final Aug 2018 - PKS Automation/Registration Module/Workflow/Form 3 EIS - Cessation As Employer/Employer to UO (Under enforcement)" classname="Test Cases/Final Aug 2018 - PKS Automation/Registration Module/Workflow/Form 3 EIS - Cessation As Employer/Employer to UO (Under enforcement)" status="PASSED">
         <system-out><![CDATA[2018-12-17 17:09:10 - [TEST_CASE][PASSED] - Test Cases/Final Aug 2018 - PKS Automation/Registration Module/Workflow/Form 3 EIS - Cessation As Employer/Employer to UO (Under enforcement): Test Cases/Final Aug 2018 - PKS Automation/Registration Module/Workflow/Form 3 EIS - Cessation As Employer/Employer to UO (Under enforcement)

2018-12-17 17:09:10 - [TEST_STEP][PASSED] - callTestCase: Call Test Case 'Test Cases/Final Aug 2018 - PKS Automation/Registration Module/Workflow/Form 3 EIS - Cessation As Employer/Template/Form 3 A - Cessation As Employer (OTC)' successfully

2018-12-17 17:09:10 - [TEST_CASE][PASSED] - Test Cases/Final Aug 2018 - PKS Automation/Registration Module/Workflow/Form 3 EIS - Cessation As Employer/Template/Form 3 A - Cessation As Employer (OTC): Test Cases/Final Aug 2018 - PKS Automation/Registration Module/Workflow/Form 3 EIS - Cessation As Employer/Template/Form 3 A - Cessation As Employer (OTC)

2018-12-17 17:09:10 - [TEST_STEP][PASSED] - openBrowser: Browser is opened with url: ''

2018-12-17 17:09:10 - [MESSAGE][WARNING] - A browser is already opened. Closing browser and opening a new one

2018-12-17 17:09:13 - [MESSAGE][PASSED] - Browser is opened with url: ''

2018-12-17 17:09:13 - [TEST_STEP][PASSED] - navigateToUrl: Navigate to 'https://assist2-uat.perkeso.gov.my/login' successfully

2018-12-17 17:09:14 - [MESSAGE][PASSED] - Navigate to 'https://assist2-uat.perkeso.gov.my/login' successfully

2018-12-17 17:09:14 - [TEST_STEP][PASSED] - setText: Text 'johorotc1@gmail.com' is set on object 'Object Repository/Final Object Repo/Login Page/Internal User/Email Address'

2018-12-17 17:09:15 - [MESSAGE][PASSED] - Text 'johorotc1@gmail.com' is set on object 'Object Repository/Final Object Repo/Login Page/Internal User/Email Address'

2018-12-17 17:09:15 - [TEST_STEP][PASSED] - click: Object: 'Object Repository/Final Object Repo/Login Page/Internal User/Next Button' is clicked on

2018-12-17 17:09:15 - [MESSAGE][PASSED] - Object: 'Object Repository/Final Object Repo/Login Page/Internal User/Next Button' is clicked on

2018-12-17 17:09:15 - [TEST_STEP][PASSED] - delay: Delayed 1 second(s)

2018-12-17 17:09:16 - [MESSAGE][PASSED] - Delayed 1 second(s)

2018-12-17 17:09:16 - [TEST_STEP][PASSED] - setEncryptedText: Text ****** has been set on object 'Object Repository/Final Object Repo/Login Page/Internal User/Password'

2018-12-17 17:09:16 - [MESSAGE][PASSED] - Text ****** has been set on object 'Object Repository/Final Object Repo/Login Page/Internal User/Password'

2018-12-17 17:09:16 - [TEST_STEP][PASSED] - click: Object: 'Object Repository/Final Object Repo/Login Page/Internal User/Login Button' is clicked on

2018-12-17 17:09:16 - [MESSAGE][PASSED] - Object: 'Object Repository/Final Object Repo/Login Page/Internal User/Login Button' is clicked on

2018-12-17 17:09:16 - [TEST_STEP][PASSED] - delay: Delayed 1 second(s)

2018-12-17 17:09:17 - [MESSAGE][PASSED] - Delayed 1 second(s)

2018-12-17 17:09:17 - [TEST_STEP][PASSED] - Statement - Try: Delayed 2 second(s)

2018-12-17 17:09:17 - [TEST_STEP][PASSED] - Statement - Checker = false: null

2018-12-17 17:09:17 - [TEST_STEP][PASSED] - Statement - Checker = com.kms.katalon.core.webui.keyword.WebUiBuiltInKeywords.verifyElementHasAttribute(com.kms.katalon.core.testobject.ObjectRepository.findTestObject(Final Object Repo/Landing Page/BM Detecting), "href", 20, OPTIONAL): Object 'Object Repository/Final Object Repo/Landing Page/BM Detecting' has attribute 'href'

2018-12-17 17:09:18 - [MESSAGE][PASSED] - Object 'Object Repository/Final Object Repo/Landing Page/BM Detecting' has attribute 'href'

2018-12-17 17:09:18 - [TEST_STEP][PASSED] - Statement - out.println(Checker): null

2018-12-17 17:09:18 - [TEST_STEP][PASSED] - Statement - If (Checker == false): null

2018-12-17 17:09:18 - [TEST_STEP][PASSED] - Statement - Else: null

2018-12-17 17:09:18 - [TEST_STEP][PASSED] - delay: Delayed 2 second(s)

2018-12-17 17:09:20 - [MESSAGE][PASSED] - Delayed 2 second(s)

2018-12-17 17:09:20 - [TEST_STEP][PASSED] - navigateToUrl: Navigate to 'https://assist2-uat.perkeso.gov.my/web/registration/eis-update/form-3-eis-cessation-as-employer' successfully

2018-12-17 17:09:21 - [MESSAGE][PASSED] - Navigate to 'https://assist2-uat.perkeso.gov.my/web/registration/eis-update/form-3-eis-cessation-as-employer' successfully

2018-12-17 17:09:21 - [TEST_STEP][PASSED] - delay: Delayed 1 second(s)

2018-12-17 17:09:22 - [MESSAGE][PASSED] - Delayed 1 second(s)

2018-12-17 17:09:22 - [TEST_STEP][PASSED] - setText: Text 'E1102069769W' is set on object 'Object Repository/Final Object Repo/Page_Form 3 EIS - Cessation as Employer/Employer Code'

2018-12-17 17:09:22 - [MESSAGE][PASSED] - Text 'E1102069769W' is set on object 'Object Repository/Final Object Repo/Page_Form 3 EIS - Cessation as Employer/Employer Code'

2018-12-17 17:09:22 - [TEST_STEP][PASSED] - click: Object: 'Object Repository/Final Object Repo/Page_Form 3 EIS - Cessation as Employer/Search' is clicked on

2018-12-17 17:09:23 - [MESSAGE][PASSED] - Object: 'Object Repository/Final Object Repo/Page_Form 3 EIS - Cessation as Employer/Search' is clicked on

2018-12-17 17:09:23 - [TEST_STEP][PASSED] - click: Object: 'Object Repository/Final Object Repo/Page_Form 3 EIS - Cessation as Employer/Edit' is clicked on

2018-12-17 17:09:25 - [MESSAGE][PASSED] - Object: 'Object Repository/Final Object Repo/Page_Form 3 EIS - Cessation as Employer/Edit' is clicked on

2018-12-17 17:09:25 - [TEST_STEP][PASSED] - delay: Delayed 1 second(s)

2018-12-17 17:09:26 - [MESSAGE][PASSED] - Delayed 1 second(s)

2018-12-17 17:09:26 - [TEST_STEP][PASSED] - Statement - abc = com.kms.katalon.core.webui.keyword.WebUiBuiltInKeywords.getAttribute(com.kms.katalon.core.testobject.ObjectRepository.findTestObject(Final Object Repo/Page_Form 3 EIS - Cessation as Employer/Employer Status), "value"): Attribute 'value' of object 'Object Repository/Final Object Repo/Page_Form 3 EIS - Cessation as Employer/Employer Status' is: 'Active'

2018-12-17 17:09:26 - [MESSAGE][PASSED] - Attribute 'value' of object 'Object Repository/Final Object Repo/Page_Form 3 EIS - Cessation as Employer/Employer Status' is: 'Active'

2018-12-17 17:09:26 - [TEST_STEP][PASSED] - Statement - out.println(abc): null

2018-12-17 17:09:26 - [TEST_STEP][PASSED] - Statement - If (abc == "Active"): Object: 'Object Repository/Final Object Repo/Page_Form 3 EIS - Cessation as Employer/Dormant EIS' is clicked on

2018-12-17 17:09:26 - [TEST_STEP][PASSED] - click: Object: 'Object Repository/Final Object Repo/Page_Form 3 EIS - Cessation as Employer/Change Employer Status to' is clicked on

2018-12-17 17:09:26 - [MESSAGE][PASSED] - Object: 'Object Repository/Final Object Repo/Page_Form 3 EIS - Cessation as Employer/Change Employer Status to' is clicked on

2018-12-17 17:09:26 - [TEST_STEP][PASSED] - click: Object: 'Object Repository/Final Object Repo/Page_Form 3 EIS - Cessation as Employer/Dormant EIS' is clicked on

2018-12-17 17:09:26 - [MESSAGE][PASSED] - Object: 'Object Repository/Final Object Repo/Page_Form 3 EIS - Cessation as Employer/Dormant EIS' is clicked on

2018-12-17 17:09:26 - [TEST_STEP][PASSED] - click: Object: 'Object Repository/Final Object Repo/Page_Form 3 EIS - Cessation as Employer/Calender' is clicked on

2018-12-17 17:09:27 - [MESSAGE][PASSED] - Object: 'Object Repository/Final Object Repo/Page_Form 3 EIS - Cessation as Employer/Calender' is clicked on

2018-12-17 17:09:27 - [TEST_STEP][PASSED] - delay: Delayed 1 second(s)

2018-12-17 17:09:28 - [MESSAGE][PASSED] - Delayed 1 second(s)

2018-12-17 17:09:28 - [TEST_STEP][PASSED] - click: Object: 'Object Repository/Final Object Repo/Page_Form 3 EIS - Cessation as Employer/Calender - Date' is clicked on

2018-12-17 17:09:28 - [MESSAGE][PASSED] - Object: 'Object Repository/Final Object Repo/Page_Form 3 EIS - Cessation as Employer/Calender - Date' is clicked on

2018-12-17 17:09:28 - [TEST_STEP][PASSED] - click: Object: 'Object Repository/Final Object Repo/Page_Form 3 EIS - Cessation as Employer/Save  Continue in Form 3 EIS Page' is clicked on

2018-12-17 17:09:28 - [MESSAGE][PASSED] - Object: 'Object Repository/Final Object Repo/Page_Form 3 EIS - Cessation as Employer/Save  Continue in Form 3 EIS Page' is clicked on

2018-12-17 17:09:28 - [TEST_STEP][PASSED] - delay: Delayed 1 second(s)

2018-12-17 17:09:29 - [MESSAGE][PASSED] - Delayed 1 second(s)

2018-12-17 17:09:29 - [TEST_STEP][PASSED] - click: Object: 'Object Repository/Final Object Repo/Page_Form 3 EIS - Cessation as Employer/Employment Resign Date' is clicked on

2018-12-17 17:09:30 - [MESSAGE][PASSED] - Object: 'Object Repository/Final Object Repo/Page_Form 3 EIS - Cessation as Employer/Employment Resign Date' is clicked on

2018-12-17 17:09:30 - [TEST_STEP][PASSED] - selectOptionByValue: All options with value '2030' are selected in object 'Object Repository/Final Object Repo/Page_Form 3 EIS - Cessation as Employer/Employment Resign Date - Year' 

2018-12-17 17:09:30 - [MESSAGE][PASSED] - All options with value '2030' are selected in object 'Object Repository/Final Object Repo/Page_Form 3 EIS - Cessation as Employer/Employment Resign Date - Year' 

2018-12-17 17:09:30 - [TEST_STEP][PASSED] - delay: Delayed 2 second(s)

2018-12-17 17:09:32 - [MESSAGE][PASSED] - Delayed 2 second(s)

2018-12-17 17:09:32 - [TEST_STEP][PASSED] - click: Object: 'Object Repository/Final Object Repo/Page_Form 3 EIS - Cessation as Employer/Employment Resign Date - Year - Date' is clicked on

2018-12-17 17:09:32 - [MESSAGE][PASSED] - Object: 'Object Repository/Final Object Repo/Page_Form 3 EIS - Cessation as Employer/Employment Resign Date - Year - Date' is clicked on

2018-12-17 17:09:32 - [TEST_STEP][PASSED] - delay: Delayed 2 second(s)

2018-12-17 17:09:34 - [MESSAGE][PASSED] - Delayed 2 second(s)

2018-12-17 17:09:34 - [TEST_STEP][PASSED] - click: Object: 'Object Repository/Final Object Repo/Page_Form 3 EIS - Cessation as Employer/Save  Continue in Employment Resign Page' is clicked on

2018-12-17 17:09:35 - [MESSAGE][PASSED] - Object: 'Object Repository/Final Object Repo/Page_Form 3 EIS - Cessation as Employer/Save  Continue in Employment Resign Page' is clicked on

2018-12-17 17:09:35 - [TEST_STEP][PASSED] - delay: Delayed 2 second(s)

2018-12-17 17:09:37 - [MESSAGE][PASSED] - Delayed 2 second(s)

2018-12-17 17:09:37 - [TEST_STEP][PASSED] - click: Object: 'Object Repository/Final Object Repo/Page_Form 3 EIS - Cessation as Employer/Set Latest - Yes' is clicked on

2018-12-17 17:09:37 - [MESSAGE][PASSED] - Object: 'Object Repository/Final Object Repo/Page_Form 3 EIS - Cessation as Employer/Set Latest - Yes' is clicked on

2018-12-17 17:09:37 - [TEST_STEP][PASSED] - delay: Delayed 2 second(s)

2018-12-17 17:09:39 - [MESSAGE][PASSED] - Delayed 2 second(s)

2018-12-17 17:09:39 - [TEST_STEP][PASSED] - click: Object: 'Object Repository/Final Object Repo/Page_Form 3 EIS - Cessation as Employer/Add Document' is clicked on

2018-12-17 17:09:40 - [MESSAGE][PASSED] - Object: 'Object Repository/Final Object Repo/Page_Form 3 EIS - Cessation as Employer/Add Document' is clicked on

2018-12-17 17:09:40 - [TEST_STEP][PASSED] - delay: Delayed 3 second(s)

2018-12-17 17:09:43 - [MESSAGE][PASSED] - Delayed 3 second(s)

2018-12-17 17:09:43 - [TEST_STEP][PASSED] - click: Object: 'Object Repository/Final Object Repo/Page_Form 3 EIS - Cessation as Employer/Document Type' is clicked on

2018-12-17 17:09:44 - [MESSAGE][PASSED] - Object: 'Object Repository/Final Object Repo/Page_Form 3 EIS - Cessation as Employer/Document Type' is clicked on

2018-12-17 17:09:44 - [TEST_STEP][PASSED] - click: Object: 'Object Repository/Final Object Repo/Page_Form 3 EIS - Cessation as Employer/Document Type - Form 3' is clicked on

2018-12-17 17:09:44 - [MESSAGE][PASSED] - Object: 'Object Repository/Final Object Repo/Page_Form 3 EIS - Cessation as Employer/Document Type - Form 3' is clicked on

2018-12-17 17:09:44 - [TEST_STEP][PASSED] - delay: Delayed 2 second(s)

2018-12-17 17:09:46 - [MESSAGE][PASSED] - Delayed 2 second(s)

2018-12-17 17:09:46 - [TEST_STEP][PASSED] - sendKeys: Keys 'C:\Users\Public\Pictures\Sample Pictures\Koala.jpg' sent to object: 'Object Repository/Final Object Repo/Page_Form 3 EIS - Cessation as Employer/ploading File'

2018-12-17 17:09:46 - [MESSAGE][PASSED] - Keys 'C:\Users\Public\Pictures\Sample Pictures\Koala.jpg' sent to object: 'Object Repository/Final Object Repo/Page_Form 3 EIS - Cessation as Employer/ploading File'

2018-12-17 17:09:46 - [TEST_STEP][PASSED] - delay: Delayed 1 second(s)

2018-12-17 17:09:47 - [MESSAGE][PASSED] - Delayed 1 second(s)

2018-12-17 17:09:47 - [TEST_STEP][PASSED] - click: Object: 'Object Repository/Final Object Repo/Page_Form 3 EIS - Cessation as Employer/Add Document in Uploading Page' is clicked on

2018-12-17 17:09:47 - [MESSAGE][PASSED] - Object: 'Object Repository/Final Object Repo/Page_Form 3 EIS - Cessation as Employer/Add Document in Uploading Page' is clicked on

2018-12-17 17:09:47 - [TEST_STEP][PASSED] - delay: Delayed 2 second(s)

2018-12-17 17:09:49 - [MESSAGE][PASSED] - Delayed 2 second(s)

2018-12-17 17:09:49 - [TEST_STEP][PASSED] - Statement - CaseReferenceNo = com.kms.katalon.core.webui.keyword.WebUiBuiltInKeywords.getText(com.kms.katalon.core.testobject.ObjectRepository.findTestObject(Final Object Repo/Page_Update Employer Information/Reference Number in Update Employee Information Page)): Text of object 'Object Repository/Final Object Repo/Page_Update Employer Information/Reference Number in Update Employee Information Page' is: 'ERN122018C200002487'

2018-12-17 17:09:51 - [MESSAGE][PASSED] - Text of object 'Object Repository/Final Object Repo/Page_Update Employer Information/Reference Number in Update Employee Information Page' is: 'ERN122018C200002487'

2018-12-17 17:09:51 - [TEST_STEP][PASSED] - callTestCase: Call Test Case 'Test Cases/Final Aug 2018 - PKS Automation/Common/Reference Number Setter' successfully

2018-12-17 17:09:51 - [TEST_CASE][PASSED] - Test Cases/Final Aug 2018 - PKS Automation/Common/Reference Number Setter: Test Cases/Final Aug 2018 - PKS Automation/Common/Reference Number Setter

2018-12-17 17:09:51 - [TEST_STEP][PASSED] - Statement - RefNoOldFile = new java.io.File(C://Users//Admin//Desktop//PKS//Automation Reference Point//KatalonReference.txt): null

2018-12-17 17:09:51 - [TEST_STEP][PASSED] - Statement - RefNoOldFile.delete(): null

2018-12-17 17:09:51 - [TEST_STEP][PASSED] - delay: Delayed 5 second(s)

2018-12-17 17:09:56 - [MESSAGE][PASSED] - Delayed 5 second(s)

2018-12-17 17:09:56 - [TEST_STEP][PASSED] - Statement - RefNo = new java.io.File(C://Users//Admin//Desktop//PKS//Automation Reference Point//KatalonReference.txt): null

2018-12-17 17:09:56 - [TEST_STEP][PASSED] - Statement - f2 = new java.io.FileWriter(RefNo, false): null

2018-12-17 17:09:56 - [TEST_STEP][PASSED] - Statement - f2.write(CaseReferenceNo): null

2018-12-17 17:09:56 - [TEST_STEP][PASSED] - Statement - f2.close(): null

2018-12-17 17:09:56 - [TEST_STEP][PASSED] - Statement - out.println("


" + CaseReferenceNo + "


"): null

2018-12-17 17:09:56 - [MESSAGE][PASSED] - Call Test Case 'Test Cases/Final Aug 2018 - PKS Automation/Common/Reference Number Setter' successfully

2018-12-17 17:09:56 - [TEST_STEP][PASSED] - delay: Delayed 2 second(s)

2018-12-17 17:09:58 - [MESSAGE][PASSED] - Delayed 2 second(s)

2018-12-17 17:09:58 - [TEST_STEP][PASSED] - click: Object: 'Object Repository/Final Object Repo/Page_Form 3 EIS - Cessation as Employer/Save  Continue in Uploading Page' is clicked on

2018-12-17 17:09:59 - [MESSAGE][PASSED] - Object: 'Object Repository/Final Object Repo/Page_Form 3 EIS - Cessation as Employer/Save  Continue in Uploading Page' is clicked on

2018-12-17 17:09:59 - [TEST_STEP][PASSED] - delay: Delayed 2 second(s)

2018-12-17 17:10:01 - [MESSAGE][PASSED] - Delayed 2 second(s)

2018-12-17 17:10:01 - [TEST_STEP][PASSED] - click: Object: 'Object Repository/Final Object Repo/Page_Form 3 EIS - Cessation as Employer/Submit' is clicked on

2018-12-17 17:10:04 - [MESSAGE][PASSED] - Object: 'Object Repository/Final Object Repo/Page_Form 3 EIS - Cessation as Employer/Submit' is clicked on

2018-12-17 17:10:04 - [TEST_STEP][PASSED] - delay: Delayed 2 second(s)

2018-12-17 17:10:06 - [MESSAGE][PASSED] - Delayed 2 second(s)

2018-12-17 17:10:06 - [TEST_STEP][PASSED] - click: Object: 'Object Repository/Final Object Repo/Page_Form 3 EIS - Cessation as Employer/Confirm' is clicked on

2018-12-17 17:10:06 - [MESSAGE][PASSED] - Object: 'Object Repository/Final Object Repo/Page_Form 3 EIS - Cessation as Employer/Confirm' is clicked on

2018-12-17 17:10:06 - [TEST_STEP][PASSED] - delay: Delayed 2 second(s)

2018-12-17 17:10:08 - [MESSAGE][PASSED] - Delayed 2 second(s)

2018-12-17 17:10:08 - [TEST_STEP][PASSED] - click: Object: 'Object Repository/Final Object Repo/Page_Form 3 EIS - Cessation as Employer/Message Your Request will be routed to UO' is clicked on

2018-12-17 17:10:12 - [MESSAGE][PASSED] - Object: 'Object Repository/Final Object Repo/Page_Form 3 EIS - Cessation as Employer/Message Your Request will be routed to UO' is clicked on

2018-12-17 17:10:12 - [TEST_STEP][PASSED] - click: Object: 'Object Repository/Final Object Repo/Page_Form 3 EIS - Cessation as Employer/Letter of acknowledgement' is clicked on

2018-12-17 17:10:12 - [MESSAGE][PASSED] - Object: 'Object Repository/Final Object Repo/Page_Form 3 EIS - Cessation as Employer/Letter of acknowledgement' is clicked on

2018-12-17 17:10:12 - [MESSAGE][PASSED] - Call Test Case 'Test Cases/Final Aug 2018 - PKS Automation/Registration Module/Workflow/Form 3 EIS - Cessation As Employer/Template/Form 3 A - Cessation As Employer (OTC)' successfully

2018-12-17 17:10:12 - [TEST_STEP][PASSED] - callTestCase: Call Test Case 'Test Cases/Final Aug 2018 - PKS Automation/Registration Module/Workflow/Form 3 EIS - Cessation As Employer/Template/Form 3 A - Cessation As Employer (Under enforcement)' successfully

2018-12-17 17:10:12 - [TEST_CASE][PASSED] - Test Cases/Final Aug 2018 - PKS Automation/Registration Module/Workflow/Form 3 EIS - Cessation As Employer/Template/Form 3 A - Cessation As Employer (Under enforcement): Test Cases/Final Aug 2018 - PKS Automation/Registration Module/Workflow/Form 3 EIS - Cessation As Employer/Template/Form 3 A - Cessation As Employer (Under enforcement)

2018-12-17 17:10:13 - [TEST_STEP][NOT_RUN] - callTestCase: NOT_RUN: callTestCase

2018-12-17 17:10:13 - [MESSAGE][NOT_RUN] - NOT_RUN: callTestCase

2018-12-17 17:10:13 - [TEST_STEP][PASSED] - delay: Delayed 1 second(s)

2018-12-17 17:10:14 - [MESSAGE][PASSED] - Delayed 1 second(s)

2018-12-17 17:10:14 - [TEST_STEP][PASSED] - navigateToUrl: Navigate to 'https://assist2-uat.perkeso.gov.my/c/portal/logout' successfully

2018-12-17 17:10:14 - [MESSAGE][PASSED] - Navigate to 'https://assist2-uat.perkeso.gov.my/c/portal/logout' successfully

2018-12-17 17:10:14 - [TEST_STEP][PASSED] - delay: Delayed 1 second(s)

2018-12-17 17:10:15 - [MESSAGE][PASSED] - Delayed 1 second(s)

2018-12-17 17:10:15 - [TEST_STEP][PASSED] - callTestCase: Call Test Case 'Test Cases/Final Aug 2018 - PKS Automation/Common/Reference Number Getter' successfully

2018-12-17 17:10:16 - [TEST_CASE][PASSED] - Test Cases/Final Aug 2018 - PKS Automation/Common/Reference Number Getter: Test Cases/Final Aug 2018 - PKS Automation/Common/Reference Number Getter

2018-12-17 17:10:16 - [TEST_STEP][PASSED] - Statement - Try: null

2018-12-17 17:10:16 - [TEST_STEP][PASSED] - Statement - RefNo = new java.io.File(C://Users//Admin//Desktop//PKS//Automation Reference Point//KatalonReference.txt): null

2018-12-17 17:10:16 - [TEST_STEP][PASSED] - Statement - bufferread = new java.io.BufferedReader(new java.io.FileReader(RefNo)): null

2018-12-17 17:10:16 - [TEST_STEP][PASSED] - Statement - readedVal = bufferread.readLine(): null

2018-12-17 17:10:16 - [TEST_STEP][PASSED] - Statement - out.println(CaseReferenceNo): null

2018-12-17 17:10:16 - [TEST_STEP][PASSED] - Statement - out.println(readedVal): null

2018-12-17 17:10:16 - [TEST_STEP][PASSED] - Statement - CaseReferenceNo = "": null

2018-12-17 17:10:16 - [TEST_STEP][PASSED] - Statement - CaseReferenceNo = readedVal: null

2018-12-17 17:10:16 - [MESSAGE][PASSED] - Call Test Case 'Test Cases/Final Aug 2018 - PKS Automation/Common/Reference Number Getter' successfully

2018-12-17 17:10:16 - [TEST_STEP][PASSED] - callTestCase: Call Test Case 'Test Cases/Final Aug 2018 - PKS Automation/Common/Workflow Owner Finder' successfully

2018-12-17 17:10:16 - [TEST_CASE][PASSED] - Test Cases/Final Aug 2018 - PKS Automation/Common/Workflow Owner Finder: Test Cases/Final Aug 2018 - PKS Automation/Common/Workflow Owner Finder

2018-12-17 17:10:16 - [TEST_STEP][PASSED] - openBrowser: Browser is opened with url: ''

2018-12-17 17:10:16 - [MESSAGE][WARNING] - A browser is already opened. Closing browser and opening a new one

2018-12-17 17:10:19 - [MESSAGE][PASSED] - Browser is opened with url: ''

2018-12-17 17:10:19 - [TEST_STEP][PASSED] - navigateToUrl: Navigate to 'https://assist2-uat.perkeso.gov.my/login' successfully

2018-12-17 17:10:20 - [MESSAGE][PASSED] - Navigate to 'https://assist2-uat.perkeso.gov.my/login' successfully

2018-12-17 17:10:20 - [TEST_STEP][PASSED] - delay: Delayed 5 second(s)

2018-12-17 17:10:25 - [MESSAGE][PASSED] - Delayed 5 second(s)

2018-12-17 17:10:25 - [TEST_STEP][PASSED] - setText: Text 'test@liferay.com' is set on object 'Object Repository/Final Object Repo/Login Page/Internal User/Email Address'

2018-12-17 17:10:25 - [MESSAGE][PASSED] - Text 'test@liferay.com' is set on object 'Object Repository/Final Object Repo/Login Page/Internal User/Email Address'

2018-12-17 17:10:25 - [TEST_STEP][PASSED] - click: Object: 'Object Repository/Final Object Repo/Login Page/Internal User/Next Button' is clicked on

2018-12-17 17:10:25 - [MESSAGE][PASSED] - Object: 'Object Repository/Final Object Repo/Login Page/Internal User/Next Button' is clicked on

2018-12-17 17:10:25 - [TEST_STEP][PASSED] - delay: Delayed 2 second(s)

2018-12-17 17:10:27 - [MESSAGE][PASSED] - Delayed 2 second(s)

2018-12-17 17:10:27 - [TEST_STEP][PASSED] - setText: Text 'test' is set on object 'Object Repository/Final Object Repo/Login Page/Internal User/Password'

2018-12-17 17:10:27 - [MESSAGE][PASSED] - Text 'test' is set on object 'Object Repository/Final Object Repo/Login Page/Internal User/Password'

2018-12-17 17:10:27 - [TEST_STEP][PASSED] - delay: Delayed 2 second(s)

2018-12-17 17:10:29 - [MESSAGE][PASSED] - Delayed 2 second(s)

2018-12-17 17:10:29 - [TEST_STEP][PASSED] - click: Object: 'Object Repository/Final Object Repo/Login Page/Internal User/Login Button' is clicked on

2018-12-17 17:10:30 - [MESSAGE][PASSED] - Object: 'Object Repository/Final Object Repo/Login Page/Internal User/Login Button' is clicked on

2018-12-17 17:10:30 - [TEST_STEP][PASSED] - Statement - tester = com.kms.katalon.core.testobject.ObjectRepository.findTestObject(Final Object Repo/Landing Page/Select to English): Finding Test Object with id 'Object Repository/Final Object Repo/Landing Page/Select to English'

2018-12-17 17:10:30 - [TEST_STEP][PASSED] - Statement - Try: Delayed 2 second(s)

2018-12-17 17:10:30 - [TEST_STEP][PASSED] - Statement - Checker = com.kms.katalon.core.webui.keyword.WebUiBuiltInKeywords.verifyElementNotPresent(tester, 3): Web element with id: 'Object Repository/Final Object Repo/Landing Page/Select to English' located by 'By.xpath: //a[@class = 'taglib-language-list-text' and @lang = 'en-US' and (contains(text(), 'EN') or contains(., 'EN'))]' is not present after '3' second(s)

2018-12-17 17:10:32 - [MESSAGE][PASSED] - Web element with id: 'Object Repository/Final Object Repo/Landing Page/Select to English' located by 'By.xpath: //a[@class = 'taglib-language-list-text' and @lang = 'en-US' and (contains(text(), 'EN') or contains(., 'EN'))]' is not present after '3' second(s)

2018-12-17 17:10:32 - [TEST_STEP][PASSED] - Statement - If (Checker == false): null

2018-12-17 17:10:32 - [TEST_STEP][PASSED] - delay: Delayed 2 second(s)

2018-12-17 17:10:34 - [MESSAGE][PASSED] - Delayed 2 second(s)

2018-12-17 17:10:34 - [TEST_STEP][PASSED] - delay: Delayed 5 second(s)

2018-12-17 17:10:39 - [MESSAGE][PASSED] - Delayed 5 second(s)

2018-12-17 17:10:39 - [TEST_STEP][PASSED] - mouseOver: Object: 'Object Repository/Final Object Repo/Landing Page/WorkFlow Menu' is hovered

2018-12-17 17:10:39 - [MESSAGE][PASSED] - Object: 'Object Repository/Final Object Repo/Landing Page/WorkFlow Menu' is hovered

2018-12-17 17:10:39 - [TEST_STEP][PASSED] - delay: Delayed 2 second(s)

2018-12-17 17:10:41 - [MESSAGE][PASSED] - Delayed 2 second(s)

2018-12-17 17:10:41 - [TEST_STEP][PASSED] - click: Object: 'Object Repository/Final Object Repo/Landing Page/Select to Workflow Listing' is clicked on

2018-12-17 17:10:42 - [MESSAGE][PASSED] - Object: 'Object Repository/Final Object Repo/Landing Page/Select to Workflow Listing' is clicked on

2018-12-17 17:10:42 - [TEST_STEP][PASSED] - delay: Delayed 2 second(s)

2018-12-17 17:10:44 - [MESSAGE][PASSED] - Delayed 2 second(s)

2018-12-17 17:10:44 - [TEST_STEP][PASSED] - click: Object: 'Object Repository/Final Object Repo/WorkFlow Listing Page/Search Information - To Put Ref No' is clicked on

2018-12-17 17:10:44 - [MESSAGE][PASSED] - Object: 'Object Repository/Final Object Repo/WorkFlow Listing Page/Search Information - To Put Ref No' is clicked on

2018-12-17 17:10:44 - [TEST_STEP][PASSED] - delay: Delayed 2 second(s)

2018-12-17 17:10:46 - [MESSAGE][PASSED] - Delayed 2 second(s)

2018-12-17 17:10:46 - [TEST_STEP][PASSED] - callTestCase: Call Test Case 'Test Cases/Final Aug 2018 - PKS Automation/Common/Reference Number Getter' successfully

2018-12-17 17:10:46 - [TEST_CASE][PASSED] - Test Cases/Final Aug 2018 - PKS Automation/Common/Reference Number Getter: Test Cases/Final Aug 2018 - PKS Automation/Common/Reference Number Getter

2018-12-17 17:10:46 - [TEST_STEP][PASSED] - Statement - Try: null

2018-12-17 17:10:46 - [TEST_STEP][PASSED] - Statement - RefNo = new java.io.File(C://Users//Admin//Desktop//PKS//Automation Reference Point//KatalonReference.txt): null

2018-12-17 17:10:46 - [TEST_STEP][PASSED] - Statement - bufferread = new java.io.BufferedReader(new java.io.FileReader(RefNo)): null

2018-12-17 17:10:46 - [TEST_STEP][PASSED] - Statement - readedVal = bufferread.readLine(): null

2018-12-17 17:10:46 - [TEST_STEP][PASSED] - Statement - out.println(CaseReferenceNo): null

2018-12-17 17:10:46 - [TEST_STEP][PASSED] - Statement - out.println(readedVal): null

2018-12-17 17:10:46 - [TEST_STEP][PASSED] - Statement - CaseReferenceNo = "": null

2018-12-17 17:10:46 - [TEST_STEP][PASSED] - Statement - CaseReferenceNo = readedVal: null

2018-12-17 17:10:46 - [MESSAGE][PASSED] - Call Test Case 'Test Cases/Final Aug 2018 - PKS Automation/Common/Reference Number Getter' successfully

2018-12-17 17:10:46 - [TEST_STEP][PASSED] - setText: Text 'ERN122018C200002487' is set on object 'Object Repository/Final Object Repo/WorkFlow Listing Page/Ref No Set Text'

2018-12-17 17:10:47 - [MESSAGE][PASSED] - Text 'ERN122018C200002487' is set on object 'Object Repository/Final Object Repo/WorkFlow Listing Page/Ref No Set Text'

2018-12-17 17:10:47 - [TEST_STEP][PASSED] - delay: Delayed 2 second(s)

2018-12-17 17:10:49 - [MESSAGE][PASSED] - Delayed 2 second(s)

2018-12-17 17:10:49 - [TEST_STEP][PASSED] - click: Object: 'Object Repository/Final Object Repo/WorkFlow Listing Page/Search Ref No Search Button' is clicked on

2018-12-17 17:10:49 - [MESSAGE][PASSED] - Object: 'Object Repository/Final Object Repo/WorkFlow Listing Page/Search Ref No Search Button' is clicked on

2018-12-17 17:10:49 - [TEST_STEP][PASSED] - delay: Delayed 6 second(s)

2018-12-17 17:10:55 - [MESSAGE][PASSED] - Delayed 6 second(s)

2018-12-17 17:10:55 - [TEST_STEP][PASSED] - click: Object: 'Object Repository/Final Object Repo/WorkFlow Listing Page/Click Continue Tooltip' is clicked on

2018-12-17 17:10:56 - [MESSAGE][PASSED] - Object: 'Object Repository/Final Object Repo/WorkFlow Listing Page/Click Continue Tooltip' is clicked on

2018-12-17 17:10:56 - [TEST_STEP][PASSED] - delay: Delayed 5 second(s)

2018-12-17 17:11:01 - [MESSAGE][PASSED] - Delayed 5 second(s)

2018-12-17 17:11:01 - [TEST_STEP][PASSED] - doubleClick: Object: 'Object Repository/Final Object Repo/WorkFlow Listing Page/Workflow Found - Listing 1' is double clicked on

2018-12-17 17:11:01 - [MESSAGE][PASSED] - Object: 'Object Repository/Final Object Repo/WorkFlow Listing Page/Workflow Found - Listing 1' is double clicked on

2018-12-17 17:11:01 - [TEST_STEP][PASSED] - Statement - println(OwnerID): null

2018-12-17 17:11:01 - [TEST_STEP][PASSED] - Statement - OwnerID = com.kms.katalon.core.webui.keyword.WebUiBuiltInKeywords.getText(com.kms.katalon.core.testobject.ObjectRepository.findTestObject(Final Object Repo/WorkFlow Listing Page/Workflow Found - Listing 1), STOP_ON_FAILURE): Text of object 'Object Repository/Final Object Repo/WorkFlow Listing Page/Workflow Found - Listing 1' is: 'JOHORuo2'

2018-12-17 17:11:01 - [MESSAGE][PASSED] - Text of object 'Object Repository/Final Object Repo/WorkFlow Listing Page/Workflow Found - Listing 1' is: 'JOHORuo2'

2018-12-17 17:11:01 - [TEST_STEP][PASSED] - Statement - OwnerID = OwnerID.toLowerCase() + "@gmail.com": null

2018-12-17 17:11:01 - [TEST_STEP][PASSED] - Statement - println(OwnerID): null

2018-12-17 17:11:01 - [TEST_STEP][PASSED] - delay: Delayed 2 second(s)

2018-12-17 17:11:03 - [MESSAGE][PASSED] - Delayed 2 second(s)

2018-12-17 17:11:03 - [MESSAGE][PASSED] - Call Test Case 'Test Cases/Final Aug 2018 - PKS Automation/Common/Workflow Owner Finder' successfully

2018-12-17 17:11:03 - [TEST_STEP][PASSED] - delay: Delayed 1 second(s)

2018-12-17 17:11:04 - [MESSAGE][PASSED] - Delayed 1 second(s)

2018-12-17 17:11:04 - [TEST_STEP][PASSED] - navigateToUrl: Navigate to 'https://assist2-uat.perkeso.gov.my/c/portal/logout' successfully

2018-12-17 17:11:05 - [MESSAGE][PASSED] - Navigate to 'https://assist2-uat.perkeso.gov.my/c/portal/logout' successfully

2018-12-17 17:11:05 - [TEST_STEP][PASSED] - delay: Delayed 1 second(s)

2018-12-17 17:11:06 - [MESSAGE][PASSED] - Delayed 1 second(s)

2018-12-17 17:11:06 - [TEST_STEP][PASSED] - callTestCase: Call Test Case 'Test Cases/Final Aug 2018 - PKS Automation/Registration Module/Workflow/Login and Search Case For Workflow' successfully

2018-12-17 17:11:06 - [TEST_CASE][PASSED] - Test Cases/Final Aug 2018 - PKS Automation/Registration Module/Workflow/Login and Search Case For Workflow: Test Cases/Final Aug 2018 - PKS Automation/Registration Module/Workflow/Login and Search Case For Workflow

2018-12-17 17:11:06 - [TEST_STEP][PASSED] - navigateToUrl: Navigate to 'https://assist2-uat.perkeso.gov.my/login' successfully

2018-12-17 17:11:07 - [MESSAGE][PASSED] - Navigate to 'https://assist2-uat.perkeso.gov.my/login' successfully

2018-12-17 17:11:07 - [TEST_STEP][PASSED] - setText: Text 'johoruo2@gmail.com' is set on object 'Object Repository/Final Object Repo/Login Page/Internal User/Email Address'

2018-12-17 17:11:07 - [MESSAGE][PASSED] - Text 'johoruo2@gmail.com' is set on object 'Object Repository/Final Object Repo/Login Page/Internal User/Email Address'

2018-12-17 17:11:07 - [TEST_STEP][PASSED] - click: Object: 'Object Repository/Final Object Repo/Login Page/Internal User/Next Button' is clicked on

2018-12-17 17:11:07 - [MESSAGE][PASSED] - Object: 'Object Repository/Final Object Repo/Login Page/Internal User/Next Button' is clicked on

2018-12-17 17:11:07 - [TEST_STEP][PASSED] - delay: Delayed 1 second(s)

2018-12-17 17:11:08 - [MESSAGE][PASSED] - Delayed 1 second(s)

2018-12-17 17:11:08 - [TEST_STEP][PASSED] - setEncryptedText: Text ****** has been set on object 'Object Repository/Final Object Repo/Login Page/Internal User/Password'

2018-12-17 17:11:08 - [MESSAGE][PASSED] - Text ****** has been set on object 'Object Repository/Final Object Repo/Login Page/Internal User/Password'

2018-12-17 17:11:08 - [TEST_STEP][PASSED] - click: Object: 'Object Repository/Final Object Repo/Login Page/Internal User/Login Button' is clicked on

2018-12-17 17:11:09 - [MESSAGE][PASSED] - Object: 'Object Repository/Final Object Repo/Login Page/Internal User/Login Button' is clicked on

2018-12-17 17:11:09 - [TEST_STEP][PASSED] - delay: Delayed 2 second(s)

2018-12-17 17:11:11 - [MESSAGE][PASSED] - Delayed 2 second(s)

2018-12-17 17:11:11 - [TEST_STEP][PASSED] - Statement - Try: Delayed 2 second(s)

2018-12-17 17:11:11 - [TEST_STEP][PASSED] - Statement - Checker = false: null

2018-12-17 17:11:11 - [TEST_STEP][PASSED] - Statement - Checker = com.kms.katalon.core.webui.keyword.WebUiBuiltInKeywords.verifyElementHasAttribute(com.kms.katalon.core.testobject.ObjectRepository.findTestObject(Final Object Repo/Landing Page/BM Detecting), "href", 20, OPTIONAL): Object 'Object Repository/Final Object Repo/Landing Page/BM Detecting' has attribute 'href'

2018-12-17 17:11:11 - [MESSAGE][PASSED] - Object 'Object Repository/Final Object Repo/Landing Page/BM Detecting' has attribute 'href'

2018-12-17 17:11:11 - [TEST_STEP][PASSED] - Statement - out.println(Checker): null

2018-12-17 17:11:11 - [TEST_STEP][PASSED] - Statement - If (Checker == false): null

2018-12-17 17:11:11 - [TEST_STEP][PASSED] - Statement - Else: null

2018-12-17 17:11:11 - [TEST_STEP][PASSED] - delay: Delayed 2 second(s)

2018-12-17 17:11:13 - [MESSAGE][PASSED] - Delayed 2 second(s)

2018-12-17 17:11:13 - [TEST_STEP][PASSED] - click: Object: 'Object Repository/Final Object Repo/Page_MyASSIST - ASSIST - Search Pending Case For Add Supporting Document/Search Information' is clicked on

2018-12-17 17:11:13 - [MESSAGE][PASSED] - Object: 'Object Repository/Final Object Repo/Page_MyASSIST - ASSIST - Search Pending Case For Add Supporting Document/Search Information' is clicked on

2018-12-17 17:11:13 - [TEST_STEP][PASSED] - delay: Delayed 3 second(s)

2018-12-17 17:11:16 - [MESSAGE][PASSED] - Delayed 3 second(s)

2018-12-17 17:11:16 - [TEST_STEP][PASSED] - sendKeys: Keys 'ERN122018C200002487' sent to object: 'Object Repository/Final Object Repo/Page_MyASSIST - ASSIST - Search Pending Case For Add Supporting Document/Reference No'

2018-12-17 17:11:16 - [MESSAGE][PASSED] - Keys 'ERN122018C200002487' sent to object: 'Object Repository/Final Object Repo/Page_MyASSIST - ASSIST - Search Pending Case For Add Supporting Document/Reference No'

2018-12-17 17:11:16 - [TEST_STEP][PASSED] - click: Object: 'Object Repository/Final Object Repo/Page_MyASSIST - ASSIST - Search Pending Case For Add Supporting Document/Search Reference No' is clicked on

2018-12-17 17:11:16 - [MESSAGE][PASSED] - Object: 'Object Repository/Final Object Repo/Page_MyASSIST - ASSIST - Search Pending Case For Add Supporting Document/Search Reference No' is clicked on

2018-12-17 17:11:16 - [TEST_STEP][PASSED] - delay: Delayed 2 second(s)

2018-12-17 17:11:18 - [MESSAGE][PASSED] - Delayed 2 second(s)

2018-12-17 17:11:18 - [TEST_STEP][PASSED] - click: Object: 'Object Repository/Final Object Repo/Page_MyASSIST - ASSIST - Search Pending Case For Add Supporting Document/Continue' is clicked on

2018-12-17 17:11:22 - [MESSAGE][PASSED] - Object: 'Object Repository/Final Object Repo/Page_MyASSIST - ASSIST - Search Pending Case For Add Supporting Document/Continue' is clicked on

2018-12-17 17:11:22 - [TEST_STEP][PASSED] - delay: Delayed 20 second(s)

2018-12-17 17:11:42 - [MESSAGE][PASSED] - Delayed 20 second(s)

2018-12-17 17:11:42 - [MESSAGE][PASSED] - Call Test Case 'Test Cases/Final Aug 2018 - PKS Automation/Registration Module/Workflow/Login and Search Case For Workflow' successfully

2018-12-17 17:11:42 - [TEST_STEP][PASSED] - click: Object: 'Object Repository/Final Object Repo/Page_Form 3 EIS - Cessation as Employer/Page_Form 3 EIS - Cessation as Employer (Approve)/Save  Continue in Form 3 Page' is clicked on

2018-12-17 17:11:42 - [MESSAGE][PASSED] - Object: 'Object Repository/Final Object Repo/Page_Form 3 EIS - Cessation as Employer/Page_Form 3 EIS - Cessation as Employer (Approve)/Save  Continue in Form 3 Page' is clicked on

2018-12-17 17:11:42 - [TEST_STEP][PASSED] - delay: Delayed 2 second(s)

2018-12-17 17:11:44 - [MESSAGE][PASSED] - Delayed 2 second(s)

2018-12-17 17:11:44 - [TEST_STEP][PASSED] - click: Object: 'Object Repository/Final Object Repo/Page_Form 3 EIS - Cessation as Employer/Page_Form 3 EIS - Cessation as Employer (Approve)/Save  Continue in Resigned Page' is clicked on

2018-12-17 17:11:44 - [MESSAGE][PASSED] - Object: 'Object Repository/Final Object Repo/Page_Form 3 EIS - Cessation as Employer/Page_Form 3 EIS - Cessation as Employer (Approve)/Save  Continue in Resigned Page' is clicked on

2018-12-17 17:11:44 - [TEST_STEP][PASSED] - delay: Delayed 2 second(s)

2018-12-17 17:11:46 - [MESSAGE][PASSED] - Delayed 2 second(s)

2018-12-17 17:11:46 - [TEST_STEP][PASSED] - click: Object: 'Object Repository/Final Object Repo/Page_Form 3 EIS - Cessation as Employer/Page_Form 3 EIS - Cessation as Employer (Approve)/Save  Continue in Uploading Page' is clicked on

2018-12-17 17:11:47 - [MESSAGE][PASSED] - Object: 'Object Repository/Final Object Repo/Page_Form 3 EIS - Cessation as Employer/Page_Form 3 EIS - Cessation as Employer (Approve)/Save  Continue in Uploading Page' is clicked on

2018-12-17 17:11:47 - [TEST_STEP][PASSED] - delay: Delayed 2 second(s)

2018-12-17 17:11:49 - [MESSAGE][PASSED] - Delayed 2 second(s)

2018-12-17 17:11:49 - [TEST_STEP][PASSED] - click: Object: 'Object Repository/Final Object Repo/Page_Form 3 EIS - Cessation as Employer/Page_Form 3 EIS - Cessation as Employer (Under enforcement)/Underenforcement' is clicked on

2018-12-17 17:11:52 - [MESSAGE][PASSED] - Object: 'Object Repository/Final Object Repo/Page_Form 3 EIS - Cessation as Employer/Page_Form 3 EIS - Cessation as Employer (Under enforcement)/Underenforcement' is clicked on

2018-12-17 17:11:52 - [TEST_STEP][PASSED] - delay: Delayed 2 second(s)

2018-12-17 17:11:54 - [MESSAGE][PASSED] - Delayed 2 second(s)

2018-12-17 17:11:54 - [TEST_STEP][PASSED] - setText: Text 'Remark' is set on object 'Object Repository/Final Object Repo/Page_Form 3 EIS - Cessation as Employer/Page_Form 3 EIS - Cessation as Employer (Under enforcement)/Under enforcement - Remark'

2018-12-17 17:11:54 - [MESSAGE][PASSED] - Text 'Remark' is set on object 'Object Repository/Final Object Repo/Page_Form 3 EIS - Cessation as Employer/Page_Form 3 EIS - Cessation as Employer (Under enforcement)/Under enforcement - Remark'

2018-12-17 17:11:54 - [TEST_STEP][PASSED] - delay: Delayed 2 second(s)

2018-12-17 17:11:56 - [MESSAGE][PASSED] - Delayed 2 second(s)

2018-12-17 17:11:56 - [TEST_STEP][PASSED] - click: Object: 'Object Repository/Final Object Repo/Page_Form 3 EIS - Cessation as Employer/Page_Form 3 EIS - Cessation as Employer (Under enforcement)/Save  Continue in Under enforcement' is clicked on

2018-12-17 17:11:56 - [MESSAGE][PASSED] - Object: 'Object Repository/Final Object Repo/Page_Form 3 EIS - Cessation as Employer/Page_Form 3 EIS - Cessation as Employer (Under enforcement)/Save  Continue in Under enforcement' is clicked on

2018-12-17 17:11:56 - [TEST_STEP][PASSED] - doubleClick: Object: 'Object Repository/Final Object Repo/Page_Form 3 EIS - Cessation as Employer/Page_Form 3 EIS - Cessation as Employer (Under enforcement)/Message The case is under enforcement' is double clicked on

2018-12-17 17:12:00 - [MESSAGE][PASSED] - Object: 'Object Repository/Final Object Repo/Page_Form 3 EIS - Cessation as Employer/Page_Form 3 EIS - Cessation as Employer (Under enforcement)/Message The case is under enforcement' is double clicked on

2018-12-17 17:12:00 - [MESSAGE][PASSED] - Call Test Case 'Test Cases/Final Aug 2018 - PKS Automation/Registration Module/Workflow/Form 3 EIS - Cessation As Employer/Template/Form 3 A - Cessation As Employer (Under enforcement)' successfully]]></system-out>
         <system-err><![CDATA[]]></system-err>
      </testcase>
      <testcase name="Test Cases/Final Aug 2018 - PKS Automation/Registration Module/Workflow/Form 3 EIS - Cessation As Employer/OTC to UO (Approve)" classname="Test Cases/Final Aug 2018 - PKS Automation/Registration Module/Workflow/Form 3 EIS - Cessation As Employer/OTC to UO (Approve)" status="PASSED">
         <system-out><![CDATA[2018-12-17 17:12:00 - [TEST_CASE][PASSED] - Test Cases/Final Aug 2018 - PKS Automation/Registration Module/Workflow/Form 3 EIS - Cessation As Employer/OTC to UO (Approve): Test Cases/Final Aug 2018 - PKS Automation/Registration Module/Workflow/Form 3 EIS - Cessation As Employer/OTC to UO (Approve)

2018-12-17 17:12:01 - [TEST_STEP][PASSED] - callTestCase: Call Test Case 'Test Cases/Final Aug 2018 - PKS Automation/Registration Module/Workflow/Form 3 EIS - Cessation As Employer/Template/Form 3 A - Cessation As Employer (OTC)' successfully

2018-12-17 17:12:01 - [TEST_CASE][PASSED] - Test Cases/Final Aug 2018 - PKS Automation/Registration Module/Workflow/Form 3 EIS - Cessation As Employer/Template/Form 3 A - Cessation As Employer (OTC): Test Cases/Final Aug 2018 - PKS Automation/Registration Module/Workflow/Form 3 EIS - Cessation As Employer/Template/Form 3 A - Cessation As Employer (OTC)

2018-12-17 17:12:01 - [TEST_STEP][PASSED] - openBrowser: Browser is opened with url: ''

2018-12-17 17:12:01 - [MESSAGE][WARNING] - A browser is already opened. Closing browser and opening a new one

2018-12-17 17:12:04 - [MESSAGE][PASSED] - Browser is opened with url: ''

2018-12-17 17:12:04 - [TEST_STEP][PASSED] - navigateToUrl: Navigate to 'https://assist2-uat.perkeso.gov.my/login' successfully

2018-12-17 17:12:05 - [MESSAGE][PASSED] - Navigate to 'https://assist2-uat.perkeso.gov.my/login' successfully

2018-12-17 17:12:05 - [TEST_STEP][PASSED] - setText: Text 'johorotc1@gmail.com' is set on object 'Object Repository/Final Object Repo/Login Page/Internal User/Email Address'

2018-12-17 17:12:06 - [MESSAGE][PASSED] - Text 'johorotc1@gmail.com' is set on object 'Object Repository/Final Object Repo/Login Page/Internal User/Email Address'

2018-12-17 17:12:06 - [TEST_STEP][PASSED] - click: Object: 'Object Repository/Final Object Repo/Login Page/Internal User/Next Button' is clicked on

2018-12-17 17:12:06 - [MESSAGE][PASSED] - Object: 'Object Repository/Final Object Repo/Login Page/Internal User/Next Button' is clicked on

2018-12-17 17:12:06 - [TEST_STEP][PASSED] - delay: Delayed 1 second(s)

2018-12-17 17:12:07 - [MESSAGE][PASSED] - Delayed 1 second(s)

2018-12-17 17:12:07 - [TEST_STEP][PASSED] - setEncryptedText: Text ****** has been set on object 'Object Repository/Final Object Repo/Login Page/Internal User/Password'

2018-12-17 17:12:07 - [MESSAGE][PASSED] - Text ****** has been set on object 'Object Repository/Final Object Repo/Login Page/Internal User/Password'

2018-12-17 17:12:07 - [TEST_STEP][PASSED] - click: Object: 'Object Repository/Final Object Repo/Login Page/Internal User/Login Button' is clicked on

2018-12-17 17:12:07 - [MESSAGE][PASSED] - Object: 'Object Repository/Final Object Repo/Login Page/Internal User/Login Button' is clicked on

2018-12-17 17:12:07 - [TEST_STEP][PASSED] - delay: Delayed 1 second(s)

2018-12-17 17:12:08 - [MESSAGE][PASSED] - Delayed 1 second(s)

2018-12-17 17:12:08 - [TEST_STEP][PASSED] - Statement - Try: Delayed 2 second(s)

2018-12-17 17:12:08 - [TEST_STEP][PASSED] - Statement - Checker = false: null

2018-12-17 17:12:08 - [TEST_STEP][PASSED] - Statement - Checker = com.kms.katalon.core.webui.keyword.WebUiBuiltInKeywords.verifyElementHasAttribute(com.kms.katalon.core.testobject.ObjectRepository.findTestObject(Final Object Repo/Landing Page/BM Detecting), "href", 20, OPTIONAL): Object 'Object Repository/Final Object Repo/Landing Page/BM Detecting' has attribute 'href'

2018-12-17 17:12:09 - [MESSAGE][PASSED] - Object 'Object Repository/Final Object Repo/Landing Page/BM Detecting' has attribute 'href'

2018-12-17 17:12:09 - [TEST_STEP][PASSED] - Statement - out.println(Checker): null

2018-12-17 17:12:09 - [TEST_STEP][PASSED] - Statement - If (Checker == false): null

2018-12-17 17:12:09 - [TEST_STEP][PASSED] - Statement - Else: null

2018-12-17 17:12:09 - [TEST_STEP][PASSED] - delay: Delayed 2 second(s)

2018-12-17 17:12:11 - [MESSAGE][PASSED] - Delayed 2 second(s)

2018-12-17 17:12:11 - [TEST_STEP][PASSED] - navigateToUrl: Navigate to 'https://assist2-uat.perkeso.gov.my/web/registration/eis-update/form-3-eis-cessation-as-employer' successfully

2018-12-17 17:12:12 - [MESSAGE][PASSED] - Navigate to 'https://assist2-uat.perkeso.gov.my/web/registration/eis-update/form-3-eis-cessation-as-employer' successfully

2018-12-17 17:12:12 - [TEST_STEP][PASSED] - delay: Delayed 1 second(s)

2018-12-17 17:12:13 - [MESSAGE][PASSED] - Delayed 1 second(s)

2018-12-17 17:12:13 - [TEST_STEP][PASSED] - setText: Text 'E1102069769W' is set on object 'Object Repository/Final Object Repo/Page_Form 3 EIS - Cessation as Employer/Employer Code'

2018-12-17 17:12:14 - [MESSAGE][PASSED] - Text 'E1102069769W' is set on object 'Object Repository/Final Object Repo/Page_Form 3 EIS - Cessation as Employer/Employer Code'

2018-12-17 17:12:14 - [TEST_STEP][PASSED] - click: Object: 'Object Repository/Final Object Repo/Page_Form 3 EIS - Cessation as Employer/Search' is clicked on

2018-12-17 17:12:14 - [MESSAGE][PASSED] - Object: 'Object Repository/Final Object Repo/Page_Form 3 EIS - Cessation as Employer/Search' is clicked on

2018-12-17 17:12:14 - [TEST_STEP][PASSED] - click: Object: 'Object Repository/Final Object Repo/Page_Form 3 EIS - Cessation as Employer/Edit' is clicked on

2018-12-17 17:12:17 - [MESSAGE][PASSED] - Object: 'Object Repository/Final Object Repo/Page_Form 3 EIS - Cessation as Employer/Edit' is clicked on

2018-12-17 17:12:17 - [TEST_STEP][PASSED] - delay: Delayed 1 second(s)

2018-12-17 17:12:18 - [MESSAGE][PASSED] - Delayed 1 second(s)

2018-12-17 17:12:18 - [TEST_STEP][PASSED] - Statement - abc = com.kms.katalon.core.webui.keyword.WebUiBuiltInKeywords.getAttribute(com.kms.katalon.core.testobject.ObjectRepository.findTestObject(Final Object Repo/Page_Form 3 EIS - Cessation as Employer/Employer Status), "value"): Attribute 'value' of object 'Object Repository/Final Object Repo/Page_Form 3 EIS - Cessation as Employer/Employer Status' is: 'Active'

2018-12-17 17:12:18 - [MESSAGE][PASSED] - Attribute 'value' of object 'Object Repository/Final Object Repo/Page_Form 3 EIS - Cessation as Employer/Employer Status' is: 'Active'

2018-12-17 17:12:18 - [TEST_STEP][PASSED] - Statement - out.println(abc): null

2018-12-17 17:12:18 - [TEST_STEP][PASSED] - Statement - If (abc == "Active"): Object: 'Object Repository/Final Object Repo/Page_Form 3 EIS - Cessation as Employer/Dormant EIS' is clicked on

2018-12-17 17:12:18 - [TEST_STEP][PASSED] - click: Object: 'Object Repository/Final Object Repo/Page_Form 3 EIS - Cessation as Employer/Change Employer Status to' is clicked on

2018-12-17 17:12:18 - [MESSAGE][PASSED] - Object: 'Object Repository/Final Object Repo/Page_Form 3 EIS - Cessation as Employer/Change Employer Status to' is clicked on

2018-12-17 17:12:18 - [TEST_STEP][PASSED] - click: Object: 'Object Repository/Final Object Repo/Page_Form 3 EIS - Cessation as Employer/Dormant EIS' is clicked on

2018-12-17 17:12:18 - [MESSAGE][PASSED] - Object: 'Object Repository/Final Object Repo/Page_Form 3 EIS - Cessation as Employer/Dormant EIS' is clicked on

2018-12-17 17:12:18 - [TEST_STEP][PASSED] - click: Object: 'Object Repository/Final Object Repo/Page_Form 3 EIS - Cessation as Employer/Calender' is clicked on

2018-12-17 17:12:18 - [MESSAGE][PASSED] - Object: 'Object Repository/Final Object Repo/Page_Form 3 EIS - Cessation as Employer/Calender' is clicked on

2018-12-17 17:12:18 - [TEST_STEP][PASSED] - delay: Delayed 1 second(s)

2018-12-17 17:12:19 - [MESSAGE][PASSED] - Delayed 1 second(s)

2018-12-17 17:12:19 - [TEST_STEP][PASSED] - click: Object: 'Object Repository/Final Object Repo/Page_Form 3 EIS - Cessation as Employer/Calender - Date' is clicked on

2018-12-17 17:12:19 - [MESSAGE][PASSED] - Object: 'Object Repository/Final Object Repo/Page_Form 3 EIS - Cessation as Employer/Calender - Date' is clicked on

2018-12-17 17:12:19 - [TEST_STEP][PASSED] - click: Object: 'Object Repository/Final Object Repo/Page_Form 3 EIS - Cessation as Employer/Save  Continue in Form 3 EIS Page' is clicked on

2018-12-17 17:12:20 - [MESSAGE][PASSED] - Object: 'Object Repository/Final Object Repo/Page_Form 3 EIS - Cessation as Employer/Save  Continue in Form 3 EIS Page' is clicked on

2018-12-17 17:12:20 - [TEST_STEP][PASSED] - delay: Delayed 1 second(s)

2018-12-17 17:12:21 - [MESSAGE][PASSED] - Delayed 1 second(s)

2018-12-17 17:12:21 - [TEST_STEP][PASSED] - click: Object: 'Object Repository/Final Object Repo/Page_Form 3 EIS - Cessation as Employer/Employment Resign Date' is clicked on

2018-12-17 17:12:21 - [MESSAGE][PASSED] - Object: 'Object Repository/Final Object Repo/Page_Form 3 EIS - Cessation as Employer/Employment Resign Date' is clicked on

2018-12-17 17:12:21 - [TEST_STEP][PASSED] - selectOptionByValue: All options with value '2030' are selected in object 'Object Repository/Final Object Repo/Page_Form 3 EIS - Cessation as Employer/Employment Resign Date - Year' 

2018-12-17 17:12:22 - [MESSAGE][PASSED] - All options with value '2030' are selected in object 'Object Repository/Final Object Repo/Page_Form 3 EIS - Cessation as Employer/Employment Resign Date - Year' 

2018-12-17 17:12:22 - [TEST_STEP][PASSED] - delay: Delayed 2 second(s)

2018-12-17 17:12:24 - [MESSAGE][PASSED] - Delayed 2 second(s)

2018-12-17 17:12:24 - [TEST_STEP][PASSED] - click: Object: 'Object Repository/Final Object Repo/Page_Form 3 EIS - Cessation as Employer/Employment Resign Date - Year - Date' is clicked on

2018-12-17 17:12:24 - [MESSAGE][PASSED] - Object: 'Object Repository/Final Object Repo/Page_Form 3 EIS - Cessation as Employer/Employment Resign Date - Year - Date' is clicked on

2018-12-17 17:12:24 - [TEST_STEP][PASSED] - delay: Delayed 2 second(s)

2018-12-17 17:12:26 - [MESSAGE][PASSED] - Delayed 2 second(s)

2018-12-17 17:12:26 - [TEST_STEP][PASSED] - click: Object: 'Object Repository/Final Object Repo/Page_Form 3 EIS - Cessation as Employer/Save  Continue in Employment Resign Page' is clicked on

2018-12-17 17:12:26 - [MESSAGE][PASSED] - Object: 'Object Repository/Final Object Repo/Page_Form 3 EIS - Cessation as Employer/Save  Continue in Employment Resign Page' is clicked on

2018-12-17 17:12:26 - [TEST_STEP][PASSED] - delay: Delayed 2 second(s)

2018-12-17 17:12:28 - [MESSAGE][PASSED] - Delayed 2 second(s)

2018-12-17 17:12:28 - [TEST_STEP][PASSED] - click: Object: 'Object Repository/Final Object Repo/Page_Form 3 EIS - Cessation as Employer/Set Latest - Yes' is clicked on

2018-12-17 17:12:28 - [MESSAGE][PASSED] - Object: 'Object Repository/Final Object Repo/Page_Form 3 EIS - Cessation as Employer/Set Latest - Yes' is clicked on

2018-12-17 17:12:28 - [TEST_STEP][PASSED] - delay: Delayed 2 second(s)

2018-12-17 17:12:30 - [MESSAGE][PASSED] - Delayed 2 second(s)

2018-12-17 17:12:30 - [TEST_STEP][PASSED] - click: Object: 'Object Repository/Final Object Repo/Page_Form 3 EIS - Cessation as Employer/Add Document' is clicked on

2018-12-17 17:12:31 - [MESSAGE][PASSED] - Object: 'Object Repository/Final Object Repo/Page_Form 3 EIS - Cessation as Employer/Add Document' is clicked on

2018-12-17 17:12:31 - [TEST_STEP][PASSED] - delay: Delayed 3 second(s)

2018-12-17 17:12:34 - [MESSAGE][PASSED] - Delayed 3 second(s)

2018-12-17 17:12:34 - [TEST_STEP][PASSED] - click: Object: 'Object Repository/Final Object Repo/Page_Form 3 EIS - Cessation as Employer/Document Type' is clicked on

2018-12-17 17:12:35 - [MESSAGE][PASSED] - Object: 'Object Repository/Final Object Repo/Page_Form 3 EIS - Cessation as Employer/Document Type' is clicked on

2018-12-17 17:12:35 - [TEST_STEP][PASSED] - click: Object: 'Object Repository/Final Object Repo/Page_Form 3 EIS - Cessation as Employer/Document Type - Form 3' is clicked on

2018-12-17 17:12:35 - [MESSAGE][PASSED] - Object: 'Object Repository/Final Object Repo/Page_Form 3 EIS - Cessation as Employer/Document Type - Form 3' is clicked on

2018-12-17 17:12:35 - [TEST_STEP][PASSED] - delay: Delayed 2 second(s)

2018-12-17 17:12:37 - [MESSAGE][PASSED] - Delayed 2 second(s)

2018-12-17 17:12:37 - [TEST_STEP][PASSED] - sendKeys: Keys 'C:\Users\Public\Pictures\Sample Pictures\Koala.jpg' sent to object: 'Object Repository/Final Object Repo/Page_Form 3 EIS - Cessation as Employer/ploading File'

2018-12-17 17:12:37 - [MESSAGE][PASSED] - Keys 'C:\Users\Public\Pictures\Sample Pictures\Koala.jpg' sent to object: 'Object Repository/Final Object Repo/Page_Form 3 EIS - Cessation as Employer/ploading File'

2018-12-17 17:12:37 - [TEST_STEP][PASSED] - delay: Delayed 1 second(s)

2018-12-17 17:12:38 - [MESSAGE][PASSED] - Delayed 1 second(s)

2018-12-17 17:12:38 - [TEST_STEP][PASSED] - click: Object: 'Object Repository/Final Object Repo/Page_Form 3 EIS - Cessation as Employer/Add Document in Uploading Page' is clicked on

2018-12-17 17:12:38 - [MESSAGE][PASSED] - Object: 'Object Repository/Final Object Repo/Page_Form 3 EIS - Cessation as Employer/Add Document in Uploading Page' is clicked on

2018-12-17 17:12:38 - [TEST_STEP][PASSED] - delay: Delayed 2 second(s)

2018-12-17 17:12:40 - [MESSAGE][PASSED] - Delayed 2 second(s)

2018-12-17 17:12:40 - [TEST_STEP][PASSED] - Statement - CaseReferenceNo = com.kms.katalon.core.webui.keyword.WebUiBuiltInKeywords.getText(com.kms.katalon.core.testobject.ObjectRepository.findTestObject(Final Object Repo/Page_Update Employer Information/Reference Number in Update Employee Information Page)): Text of object 'Object Repository/Final Object Repo/Page_Update Employer Information/Reference Number in Update Employee Information Page' is: 'ERN122018C200002488'

2018-12-17 17:12:42 - [MESSAGE][PASSED] - Text of object 'Object Repository/Final Object Repo/Page_Update Employer Information/Reference Number in Update Employee Information Page' is: 'ERN122018C200002488'

2018-12-17 17:12:42 - [TEST_STEP][PASSED] - callTestCase: Call Test Case 'Test Cases/Final Aug 2018 - PKS Automation/Common/Reference Number Setter' successfully

2018-12-17 17:12:42 - [TEST_CASE][PASSED] - Test Cases/Final Aug 2018 - PKS Automation/Common/Reference Number Setter: Test Cases/Final Aug 2018 - PKS Automation/Common/Reference Number Setter

2018-12-17 17:12:42 - [TEST_STEP][PASSED] - Statement - RefNoOldFile = new java.io.File(C://Users//Admin//Desktop//PKS//Automation Reference Point//KatalonReference.txt): null

2018-12-17 17:12:42 - [TEST_STEP][PASSED] - Statement - RefNoOldFile.delete(): null

2018-12-17 17:12:42 - [TEST_STEP][PASSED] - delay: Delayed 5 second(s)

2018-12-17 17:12:47 - [MESSAGE][PASSED] - Delayed 5 second(s)

2018-12-17 17:12:47 - [TEST_STEP][PASSED] - Statement - RefNo = new java.io.File(C://Users//Admin//Desktop//PKS//Automation Reference Point//KatalonReference.txt): null

2018-12-17 17:12:47 - [TEST_STEP][PASSED] - Statement - f2 = new java.io.FileWriter(RefNo, false): null

2018-12-17 17:12:47 - [TEST_STEP][PASSED] - Statement - f2.write(CaseReferenceNo): null

2018-12-17 17:12:47 - [TEST_STEP][PASSED] - Statement - f2.close(): null

2018-12-17 17:12:47 - [TEST_STEP][PASSED] - Statement - out.println("


" + CaseReferenceNo + "


"): null

2018-12-17 17:12:47 - [MESSAGE][PASSED] - Call Test Case 'Test Cases/Final Aug 2018 - PKS Automation/Common/Reference Number Setter' successfully

2018-12-17 17:12:47 - [TEST_STEP][PASSED] - delay: Delayed 2 second(s)

2018-12-17 17:12:49 - [MESSAGE][PASSED] - Delayed 2 second(s)

2018-12-17 17:12:49 - [TEST_STEP][PASSED] - click: Object: 'Object Repository/Final Object Repo/Page_Form 3 EIS - Cessation as Employer/Save  Continue in Uploading Page' is clicked on

2018-12-17 17:12:50 - [MESSAGE][PASSED] - Object: 'Object Repository/Final Object Repo/Page_Form 3 EIS - Cessation as Employer/Save  Continue in Uploading Page' is clicked on

2018-12-17 17:12:50 - [TEST_STEP][PASSED] - delay: Delayed 2 second(s)

2018-12-17 17:12:52 - [MESSAGE][PASSED] - Delayed 2 second(s)

2018-12-17 17:12:52 - [TEST_STEP][PASSED] - click: Object: 'Object Repository/Final Object Repo/Page_Form 3 EIS - Cessation as Employer/Submit' is clicked on

2018-12-17 17:12:54 - [MESSAGE][PASSED] - Object: 'Object Repository/Final Object Repo/Page_Form 3 EIS - Cessation as Employer/Submit' is clicked on

2018-12-17 17:12:54 - [TEST_STEP][PASSED] - delay: Delayed 2 second(s)

2018-12-17 17:12:56 - [MESSAGE][PASSED] - Delayed 2 second(s)

2018-12-17 17:12:56 - [TEST_STEP][PASSED] - click: Object: 'Object Repository/Final Object Repo/Page_Form 3 EIS - Cessation as Employer/Confirm' is clicked on

2018-12-17 17:12:57 - [MESSAGE][PASSED] - Object: 'Object Repository/Final Object Repo/Page_Form 3 EIS - Cessation as Employer/Confirm' is clicked on

2018-12-17 17:12:57 - [TEST_STEP][PASSED] - delay: Delayed 2 second(s)

2018-12-17 17:12:59 - [MESSAGE][PASSED] - Delayed 2 second(s)

2018-12-17 17:12:59 - [TEST_STEP][PASSED] - click: Object: 'Object Repository/Final Object Repo/Page_Form 3 EIS - Cessation as Employer/Message Your Request will be routed to UO' is clicked on

2018-12-17 17:13:02 - [MESSAGE][PASSED] - Object: 'Object Repository/Final Object Repo/Page_Form 3 EIS - Cessation as Employer/Message Your Request will be routed to UO' is clicked on

2018-12-17 17:13:02 - [TEST_STEP][PASSED] - click: Object: 'Object Repository/Final Object Repo/Page_Form 3 EIS - Cessation as Employer/Letter of acknowledgement' is clicked on

2018-12-17 17:13:03 - [MESSAGE][PASSED] - Object: 'Object Repository/Final Object Repo/Page_Form 3 EIS - Cessation as Employer/Letter of acknowledgement' is clicked on

2018-12-17 17:13:03 - [MESSAGE][PASSED] - Call Test Case 'Test Cases/Final Aug 2018 - PKS Automation/Registration Module/Workflow/Form 3 EIS - Cessation As Employer/Template/Form 3 A - Cessation As Employer (OTC)' successfully

2018-12-17 17:13:03 - [TEST_STEP][PASSED] - callTestCase: Call Test Case 'Test Cases/Final Aug 2018 - PKS Automation/Registration Module/Workflow/Form 3 EIS - Cessation As Employer/Template/Form 3 A - Cessation As Employer (Approve)' successfully

2018-12-17 17:13:03 - [TEST_CASE][PASSED] - Test Cases/Final Aug 2018 - PKS Automation/Registration Module/Workflow/Form 3 EIS - Cessation As Employer/Template/Form 3 A - Cessation As Employer (Approve): Test Cases/Final Aug 2018 - PKS Automation/Registration Module/Workflow/Form 3 EIS - Cessation As Employer/Template/Form 3 A - Cessation As Employer (Approve)

2018-12-17 17:13:03 - [TEST_STEP][NOT_RUN] - callTestCase: NOT_RUN: callTestCase

2018-12-17 17:13:03 - [MESSAGE][NOT_RUN] - NOT_RUN: callTestCase

2018-12-17 17:13:03 - [TEST_STEP][PASSED] - delay: Delayed 1 second(s)

2018-12-17 17:13:04 - [MESSAGE][PASSED] - Delayed 1 second(s)

2018-12-17 17:13:04 - [TEST_STEP][PASSED] - navigateToUrl: Navigate to 'https://assist2-uat.perkeso.gov.my/c/portal/logout' successfully

2018-12-17 17:13:05 - [MESSAGE][PASSED] - Navigate to 'https://assist2-uat.perkeso.gov.my/c/portal/logout' successfully

2018-12-17 17:13:05 - [TEST_STEP][PASSED] - delay: Delayed 1 second(s)

2018-12-17 17:13:06 - [MESSAGE][PASSED] - Delayed 1 second(s)

2018-12-17 17:13:06 - [TEST_STEP][PASSED] - callTestCase: Call Test Case 'Test Cases/Final Aug 2018 - PKS Automation/Common/Reference Number Getter' successfully

2018-12-17 17:13:06 - [TEST_CASE][PASSED] - Test Cases/Final Aug 2018 - PKS Automation/Common/Reference Number Getter: Test Cases/Final Aug 2018 - PKS Automation/Common/Reference Number Getter

2018-12-17 17:13:06 - [TEST_STEP][PASSED] - Statement - Try: null

2018-12-17 17:13:06 - [TEST_STEP][PASSED] - Statement - RefNo = new java.io.File(C://Users//Admin//Desktop//PKS//Automation Reference Point//KatalonReference.txt): null

2018-12-17 17:13:06 - [TEST_STEP][PASSED] - Statement - bufferread = new java.io.BufferedReader(new java.io.FileReader(RefNo)): null

2018-12-17 17:13:06 - [TEST_STEP][PASSED] - Statement - readedVal = bufferread.readLine(): null

2018-12-17 17:13:06 - [TEST_STEP][PASSED] - Statement - out.println(CaseReferenceNo): null

2018-12-17 17:13:06 - [TEST_STEP][PASSED] - Statement - out.println(readedVal): null

2018-12-17 17:13:06 - [TEST_STEP][PASSED] - Statement - CaseReferenceNo = "": null

2018-12-17 17:13:06 - [TEST_STEP][PASSED] - Statement - CaseReferenceNo = readedVal: null

2018-12-17 17:13:06 - [MESSAGE][PASSED] - Call Test Case 'Test Cases/Final Aug 2018 - PKS Automation/Common/Reference Number Getter' successfully

2018-12-17 17:13:06 - [TEST_STEP][PASSED] - callTestCase: Call Test Case 'Test Cases/Final Aug 2018 - PKS Automation/Common/Workflow Owner Finder' successfully

2018-12-17 17:13:06 - [TEST_CASE][PASSED] - Test Cases/Final Aug 2018 - PKS Automation/Common/Workflow Owner Finder: Test Cases/Final Aug 2018 - PKS Automation/Common/Workflow Owner Finder

2018-12-17 17:13:06 - [TEST_STEP][PASSED] - openBrowser: Browser is opened with url: ''

2018-12-17 17:13:06 - [MESSAGE][WARNING] - A browser is already opened. Closing browser and opening a new one

2018-12-17 17:13:09 - [MESSAGE][PASSED] - Browser is opened with url: ''

2018-12-17 17:13:09 - [TEST_STEP][PASSED] - navigateToUrl: Navigate to 'https://assist2-uat.perkeso.gov.my/login' successfully

2018-12-17 17:13:10 - [MESSAGE][PASSED] - Navigate to 'https://assist2-uat.perkeso.gov.my/login' successfully

2018-12-17 17:13:10 - [TEST_STEP][PASSED] - delay: Delayed 5 second(s)

2018-12-17 17:13:15 - [MESSAGE][PASSED] - Delayed 5 second(s)

2018-12-17 17:13:15 - [TEST_STEP][PASSED] - setText: Text 'test@liferay.com' is set on object 'Object Repository/Final Object Repo/Login Page/Internal User/Email Address'

2018-12-17 17:13:15 - [MESSAGE][PASSED] - Text 'test@liferay.com' is set on object 'Object Repository/Final Object Repo/Login Page/Internal User/Email Address'

2018-12-17 17:13:15 - [TEST_STEP][PASSED] - click: Object: 'Object Repository/Final Object Repo/Login Page/Internal User/Next Button' is clicked on

2018-12-17 17:13:15 - [MESSAGE][PASSED] - Object: 'Object Repository/Final Object Repo/Login Page/Internal User/Next Button' is clicked on

2018-12-17 17:13:15 - [TEST_STEP][PASSED] - delay: Delayed 2 second(s)

2018-12-17 17:13:17 - [MESSAGE][PASSED] - Delayed 2 second(s)

2018-12-17 17:13:17 - [TEST_STEP][PASSED] - setText: Text 'test' is set on object 'Object Repository/Final Object Repo/Login Page/Internal User/Password'

2018-12-17 17:13:17 - [MESSAGE][PASSED] - Text 'test' is set on object 'Object Repository/Final Object Repo/Login Page/Internal User/Password'

2018-12-17 17:13:17 - [TEST_STEP][PASSED] - delay: Delayed 2 second(s)

2018-12-17 17:13:19 - [MESSAGE][PASSED] - Delayed 2 second(s)

2018-12-17 17:13:19 - [TEST_STEP][PASSED] - click: Object: 'Object Repository/Final Object Repo/Login Page/Internal User/Login Button' is clicked on

2018-12-17 17:13:20 - [MESSAGE][PASSED] - Object: 'Object Repository/Final Object Repo/Login Page/Internal User/Login Button' is clicked on

2018-12-17 17:13:20 - [TEST_STEP][PASSED] - Statement - tester = com.kms.katalon.core.testobject.ObjectRepository.findTestObject(Final Object Repo/Landing Page/Select to English): Finding Test Object with id 'Object Repository/Final Object Repo/Landing Page/Select to English'

2018-12-17 17:13:20 - [TEST_STEP][PASSED] - Statement - Try: Delayed 2 second(s)

2018-12-17 17:13:20 - [TEST_STEP][PASSED] - Statement - Checker = com.kms.katalon.core.webui.keyword.WebUiBuiltInKeywords.verifyElementNotPresent(tester, 3): Web element with id: 'Object Repository/Final Object Repo/Landing Page/Select to English' located by 'By.xpath: //a[@class = 'taglib-language-list-text' and @lang = 'en-US' and (contains(text(), 'EN') or contains(., 'EN'))]' is not present after '3' second(s)

2018-12-17 17:13:21 - [MESSAGE][PASSED] - Web element with id: 'Object Repository/Final Object Repo/Landing Page/Select to English' located by 'By.xpath: //a[@class = 'taglib-language-list-text' and @lang = 'en-US' and (contains(text(), 'EN') or contains(., 'EN'))]' is not present after '3' second(s)

2018-12-17 17:13:21 - [TEST_STEP][PASSED] - Statement - If (Checker == false): null

2018-12-17 17:13:21 - [TEST_STEP][PASSED] - delay: Delayed 2 second(s)

2018-12-17 17:13:23 - [MESSAGE][PASSED] - Delayed 2 second(s)

2018-12-17 17:13:23 - [TEST_STEP][PASSED] - delay: Delayed 5 second(s)

2018-12-17 17:13:28 - [MESSAGE][PASSED] - Delayed 5 second(s)

2018-12-17 17:13:28 - [TEST_STEP][PASSED] - mouseOver: Object: 'Object Repository/Final Object Repo/Landing Page/WorkFlow Menu' is hovered

2018-12-17 17:13:28 - [MESSAGE][PASSED] - Object: 'Object Repository/Final Object Repo/Landing Page/WorkFlow Menu' is hovered

2018-12-17 17:13:28 - [TEST_STEP][PASSED] - delay: Delayed 2 second(s)

2018-12-17 17:13:30 - [MESSAGE][PASSED] - Delayed 2 second(s)

2018-12-17 17:13:30 - [TEST_STEP][PASSED] - click: Object: 'Object Repository/Final Object Repo/Landing Page/Select to Workflow Listing' is clicked on

2018-12-17 17:13:31 - [MESSAGE][PASSED] - Object: 'Object Repository/Final Object Repo/Landing Page/Select to Workflow Listing' is clicked on

2018-12-17 17:13:31 - [TEST_STEP][PASSED] - delay: Delayed 2 second(s)

2018-12-17 17:13:33 - [MESSAGE][PASSED] - Delayed 2 second(s)

2018-12-17 17:13:33 - [TEST_STEP][PASSED] - click: Object: 'Object Repository/Final Object Repo/WorkFlow Listing Page/Search Information - To Put Ref No' is clicked on

2018-12-17 17:13:34 - [MESSAGE][PASSED] - Object: 'Object Repository/Final Object Repo/WorkFlow Listing Page/Search Information - To Put Ref No' is clicked on

2018-12-17 17:13:34 - [TEST_STEP][PASSED] - delay: Delayed 2 second(s)

2018-12-17 17:13:36 - [MESSAGE][PASSED] - Delayed 2 second(s)

2018-12-17 17:13:36 - [TEST_STEP][PASSED] - callTestCase: Call Test Case 'Test Cases/Final Aug 2018 - PKS Automation/Common/Reference Number Getter' successfully

2018-12-17 17:13:36 - [TEST_CASE][PASSED] - Test Cases/Final Aug 2018 - PKS Automation/Common/Reference Number Getter: Test Cases/Final Aug 2018 - PKS Automation/Common/Reference Number Getter

2018-12-17 17:13:36 - [TEST_STEP][PASSED] - Statement - Try: null

2018-12-17 17:13:36 - [TEST_STEP][PASSED] - Statement - RefNo = new java.io.File(C://Users//Admin//Desktop//PKS//Automation Reference Point//KatalonReference.txt): null

2018-12-17 17:13:36 - [TEST_STEP][PASSED] - Statement - bufferread = new java.io.BufferedReader(new java.io.FileReader(RefNo)): null

2018-12-17 17:13:36 - [TEST_STEP][PASSED] - Statement - readedVal = bufferread.readLine(): null

2018-12-17 17:13:36 - [TEST_STEP][PASSED] - Statement - out.println(CaseReferenceNo): null

2018-12-17 17:13:36 - [TEST_STEP][PASSED] - Statement - out.println(readedVal): null

2018-12-17 17:13:36 - [TEST_STEP][PASSED] - Statement - CaseReferenceNo = "": null

2018-12-17 17:13:36 - [TEST_STEP][PASSED] - Statement - CaseReferenceNo = readedVal: null

2018-12-17 17:13:36 - [MESSAGE][PASSED] - Call Test Case 'Test Cases/Final Aug 2018 - PKS Automation/Common/Reference Number Getter' successfully

2018-12-17 17:13:36 - [TEST_STEP][PASSED] - setText: Text 'ERN122018C200002488' is set on object 'Object Repository/Final Object Repo/WorkFlow Listing Page/Ref No Set Text'

2018-12-17 17:13:36 - [MESSAGE][PASSED] - Text 'ERN122018C200002488' is set on object 'Object Repository/Final Object Repo/WorkFlow Listing Page/Ref No Set Text'

2018-12-17 17:13:36 - [TEST_STEP][PASSED] - delay: Delayed 2 second(s)

2018-12-17 17:13:38 - [MESSAGE][PASSED] - Delayed 2 second(s)

2018-12-17 17:13:38 - [TEST_STEP][PASSED] - click: Object: 'Object Repository/Final Object Repo/WorkFlow Listing Page/Search Ref No Search Button' is clicked on

2018-12-17 17:13:38 - [MESSAGE][PASSED] - Object: 'Object Repository/Final Object Repo/WorkFlow Listing Page/Search Ref No Search Button' is clicked on

2018-12-17 17:13:38 - [TEST_STEP][PASSED] - delay: Delayed 6 second(s)

2018-12-17 17:13:44 - [MESSAGE][PASSED] - Delayed 6 second(s)

2018-12-17 17:13:44 - [TEST_STEP][PASSED] - click: Object: 'Object Repository/Final Object Repo/WorkFlow Listing Page/Click Continue Tooltip' is clicked on

2018-12-17 17:13:45 - [MESSAGE][PASSED] - Object: 'Object Repository/Final Object Repo/WorkFlow Listing Page/Click Continue Tooltip' is clicked on

2018-12-17 17:13:45 - [TEST_STEP][PASSED] - delay: Delayed 5 second(s)

2018-12-17 17:13:50 - [MESSAGE][PASSED] - Delayed 5 second(s)

2018-12-17 17:13:50 - [TEST_STEP][PASSED] - doubleClick: Object: 'Object Repository/Final Object Repo/WorkFlow Listing Page/Workflow Found - Listing 1' is double clicked on

2018-12-17 17:13:51 - [MESSAGE][PASSED] - Object: 'Object Repository/Final Object Repo/WorkFlow Listing Page/Workflow Found - Listing 1' is double clicked on

2018-12-17 17:13:51 - [TEST_STEP][PASSED] - Statement - println(OwnerID): null

2018-12-17 17:13:51 - [TEST_STEP][PASSED] - Statement - OwnerID = com.kms.katalon.core.webui.keyword.WebUiBuiltInKeywords.getText(com.kms.katalon.core.testobject.ObjectRepository.findTestObject(Final Object Repo/WorkFlow Listing Page/Workflow Found - Listing 1), STOP_ON_FAILURE): Text of object 'Object Repository/Final Object Repo/WorkFlow Listing Page/Workflow Found - Listing 1' is: 'JOHORuo3'

2018-12-17 17:13:51 - [MESSAGE][PASSED] - Text of object 'Object Repository/Final Object Repo/WorkFlow Listing Page/Workflow Found - Listing 1' is: 'JOHORuo3'

2018-12-17 17:13:51 - [TEST_STEP][PASSED] - Statement - OwnerID = OwnerID.toLowerCase() + "@gmail.com": null

2018-12-17 17:13:51 - [TEST_STEP][PASSED] - Statement - println(OwnerID): null

2018-12-17 17:13:51 - [TEST_STEP][PASSED] - delay: Delayed 2 second(s)

2018-12-17 17:13:53 - [MESSAGE][PASSED] - Delayed 2 second(s)

2018-12-17 17:13:53 - [MESSAGE][PASSED] - Call Test Case 'Test Cases/Final Aug 2018 - PKS Automation/Common/Workflow Owner Finder' successfully

2018-12-17 17:13:53 - [TEST_STEP][PASSED] - delay: Delayed 1 second(s)

2018-12-17 17:13:54 - [MESSAGE][PASSED] - Delayed 1 second(s)

2018-12-17 17:13:54 - [TEST_STEP][PASSED] - navigateToUrl: Navigate to 'https://assist2-uat.perkeso.gov.my/c/portal/logout' successfully

2018-12-17 17:13:55 - [MESSAGE][PASSED] - Navigate to 'https://assist2-uat.perkeso.gov.my/c/portal/logout' successfully

2018-12-17 17:13:55 - [TEST_STEP][PASSED] - delay: Delayed 1 second(s)

2018-12-17 17:13:56 - [MESSAGE][PASSED] - Delayed 1 second(s)

2018-12-17 17:13:56 - [TEST_STEP][PASSED] - callTestCase: Call Test Case 'Test Cases/Final Aug 2018 - PKS Automation/Registration Module/Workflow/Login and Search Case For Workflow' successfully

2018-12-17 17:13:56 - [TEST_CASE][PASSED] - Test Cases/Final Aug 2018 - PKS Automation/Registration Module/Workflow/Login and Search Case For Workflow: Test Cases/Final Aug 2018 - PKS Automation/Registration Module/Workflow/Login and Search Case For Workflow

2018-12-17 17:13:56 - [TEST_STEP][PASSED] - navigateToUrl: Navigate to 'https://assist2-uat.perkeso.gov.my/login' successfully

2018-12-17 17:13:56 - [MESSAGE][PASSED] - Navigate to 'https://assist2-uat.perkeso.gov.my/login' successfully

2018-12-17 17:13:56 - [TEST_STEP][PASSED] - setText: Text 'johoruo3@gmail.com' is set on object 'Object Repository/Final Object Repo/Login Page/Internal User/Email Address'

2018-12-17 17:13:56 - [MESSAGE][PASSED] - Text 'johoruo3@gmail.com' is set on object 'Object Repository/Final Object Repo/Login Page/Internal User/Email Address'

2018-12-17 17:13:56 - [TEST_STEP][PASSED] - click: Object: 'Object Repository/Final Object Repo/Login Page/Internal User/Next Button' is clicked on

2018-12-17 17:13:57 - [MESSAGE][PASSED] - Object: 'Object Repository/Final Object Repo/Login Page/Internal User/Next Button' is clicked on

2018-12-17 17:13:57 - [TEST_STEP][PASSED] - delay: Delayed 1 second(s)

2018-12-17 17:13:58 - [MESSAGE][PASSED] - Delayed 1 second(s)

2018-12-17 17:13:58 - [TEST_STEP][PASSED] - setEncryptedText: Text ****** has been set on object 'Object Repository/Final Object Repo/Login Page/Internal User/Password'

2018-12-17 17:13:58 - [MESSAGE][PASSED] - Text ****** has been set on object 'Object Repository/Final Object Repo/Login Page/Internal User/Password'

2018-12-17 17:13:58 - [TEST_STEP][PASSED] - click: Object: 'Object Repository/Final Object Repo/Login Page/Internal User/Login Button' is clicked on

2018-12-17 17:13:58 - [MESSAGE][PASSED] - Object: 'Object Repository/Final Object Repo/Login Page/Internal User/Login Button' is clicked on

2018-12-17 17:13:58 - [TEST_STEP][PASSED] - delay: Delayed 2 second(s)

2018-12-17 17:14:00 - [MESSAGE][PASSED] - Delayed 2 second(s)

2018-12-17 17:14:00 - [TEST_STEP][PASSED] - Statement - Try: Delayed 2 second(s)

2018-12-17 17:14:00 - [TEST_STEP][PASSED] - Statement - Checker = false: null

2018-12-17 17:14:00 - [TEST_STEP][PASSED] - Statement - Checker = com.kms.katalon.core.webui.keyword.WebUiBuiltInKeywords.verifyElementHasAttribute(com.kms.katalon.core.testobject.ObjectRepository.findTestObject(Final Object Repo/Landing Page/BM Detecting), "href", 20, OPTIONAL): Object 'Object Repository/Final Object Repo/Landing Page/BM Detecting' has attribute 'href'

2018-12-17 17:14:00 - [MESSAGE][PASSED] - Object 'Object Repository/Final Object Repo/Landing Page/BM Detecting' has attribute 'href'

2018-12-17 17:14:00 - [TEST_STEP][PASSED] - Statement - out.println(Checker): null

2018-12-17 17:14:00 - [TEST_STEP][PASSED] - Statement - If (Checker == false): null

2018-12-17 17:14:00 - [TEST_STEP][PASSED] - Statement - Else: null

2018-12-17 17:14:00 - [TEST_STEP][PASSED] - delay: Delayed 2 second(s)

2018-12-17 17:14:02 - [MESSAGE][PASSED] - Delayed 2 second(s)

2018-12-17 17:14:02 - [TEST_STEP][PASSED] - click: Object: 'Object Repository/Final Object Repo/Page_MyASSIST - ASSIST - Search Pending Case For Add Supporting Document/Search Information' is clicked on

2018-12-17 17:14:02 - [MESSAGE][PASSED] - Object: 'Object Repository/Final Object Repo/Page_MyASSIST - ASSIST - Search Pending Case For Add Supporting Document/Search Information' is clicked on

2018-12-17 17:14:02 - [TEST_STEP][PASSED] - delay: Delayed 3 second(s)

2018-12-17 17:14:05 - [MESSAGE][PASSED] - Delayed 3 second(s)

2018-12-17 17:14:05 - [TEST_STEP][PASSED] - sendKeys: Keys 'ERN122018C200002488' sent to object: 'Object Repository/Final Object Repo/Page_MyASSIST - ASSIST - Search Pending Case For Add Supporting Document/Reference No'

2018-12-17 17:14:06 - [MESSAGE][PASSED] - Keys 'ERN122018C200002488' sent to object: 'Object Repository/Final Object Repo/Page_MyASSIST - ASSIST - Search Pending Case For Add Supporting Document/Reference No'

2018-12-17 17:14:06 - [TEST_STEP][PASSED] - click: Object: 'Object Repository/Final Object Repo/Page_MyASSIST - ASSIST - Search Pending Case For Add Supporting Document/Search Reference No' is clicked on

2018-12-17 17:14:06 - [MESSAGE][PASSED] - Object: 'Object Repository/Final Object Repo/Page_MyASSIST - ASSIST - Search Pending Case For Add Supporting Document/Search Reference No' is clicked on

2018-12-17 17:14:06 - [TEST_STEP][PASSED] - delay: Delayed 2 second(s)

2018-12-17 17:14:08 - [MESSAGE][PASSED] - Delayed 2 second(s)

2018-12-17 17:14:08 - [TEST_STEP][PASSED] - click: Object: 'Object Repository/Final Object Repo/Page_MyASSIST - ASSIST - Search Pending Case For Add Supporting Document/Continue' is clicked on

2018-12-17 17:14:11 - [MESSAGE][PASSED] - Object: 'Object Repository/Final Object Repo/Page_MyASSIST - ASSIST - Search Pending Case For Add Supporting Document/Continue' is clicked on

2018-12-17 17:14:11 - [TEST_STEP][PASSED] - delay: Delayed 20 second(s)

2018-12-17 17:14:31 - [MESSAGE][PASSED] - Delayed 20 second(s)

2018-12-17 17:14:31 - [MESSAGE][PASSED] - Call Test Case 'Test Cases/Final Aug 2018 - PKS Automation/Registration Module/Workflow/Login and Search Case For Workflow' successfully

2018-12-17 17:14:31 - [TEST_STEP][PASSED] - click: Object: 'Object Repository/Final Object Repo/Page_Form 3 EIS - Cessation as Employer/Page_Form 3 EIS - Cessation as Employer (Approve)/Save  Continue in Form 3 Page' is clicked on

2018-12-17 17:14:31 - [MESSAGE][PASSED] - Object: 'Object Repository/Final Object Repo/Page_Form 3 EIS - Cessation as Employer/Page_Form 3 EIS - Cessation as Employer (Approve)/Save  Continue in Form 3 Page' is clicked on

2018-12-17 17:14:31 - [TEST_STEP][PASSED] - delay: Delayed 2 second(s)

2018-12-17 17:14:33 - [MESSAGE][PASSED] - Delayed 2 second(s)

2018-12-17 17:14:33 - [TEST_STEP][PASSED] - click: Object: 'Object Repository/Final Object Repo/Page_Form 3 EIS - Cessation as Employer/Page_Form 3 EIS - Cessation as Employer (Approve)/Save  Continue in Resigned Page' is clicked on

2018-12-17 17:14:33 - [MESSAGE][PASSED] - Object: 'Object Repository/Final Object Repo/Page_Form 3 EIS - Cessation as Employer/Page_Form 3 EIS - Cessation as Employer (Approve)/Save  Continue in Resigned Page' is clicked on

2018-12-17 17:14:33 - [TEST_STEP][PASSED] - delay: Delayed 2 second(s)

2018-12-17 17:14:35 - [MESSAGE][PASSED] - Delayed 2 second(s)

2018-12-17 17:14:35 - [TEST_STEP][PASSED] - click: Object: 'Object Repository/Final Object Repo/Page_Form 3 EIS - Cessation as Employer/Page_Form 3 EIS - Cessation as Employer (Approve)/Save  Continue in Uploading Page' is clicked on

2018-12-17 17:14:37 - [MESSAGE][PASSED] - Object: 'Object Repository/Final Object Repo/Page_Form 3 EIS - Cessation as Employer/Page_Form 3 EIS - Cessation as Employer (Approve)/Save  Continue in Uploading Page' is clicked on

2018-12-17 17:14:37 - [TEST_STEP][PASSED] - delay: Delayed 2 second(s)

2018-12-17 17:14:39 - [MESSAGE][PASSED] - Delayed 2 second(s)

2018-12-17 17:14:39 - [TEST_STEP][PASSED] - click: Object: 'Object Repository/Final Object Repo/Page_Form 3 EIS - Cessation as Employer/Page_Form 3 EIS - Cessation as Employer (Approve)/Approve' is clicked on

2018-12-17 17:14:41 - [MESSAGE][PASSED] - Object: 'Object Repository/Final Object Repo/Page_Form 3 EIS - Cessation as Employer/Page_Form 3 EIS - Cessation as Employer (Approve)/Approve' is clicked on

2018-12-17 17:14:41 - [TEST_STEP][PASSED] - delay: Delayed 2 second(s)

2018-12-17 17:14:43 - [MESSAGE][PASSED] - Delayed 2 second(s)

2018-12-17 17:14:43 - [TEST_STEP][PASSED] - click: Object: 'Object Repository/Final Object Repo/Page_Form 3 EIS - Cessation as Employer/Page_Form 3 EIS - Cessation as Employer (Approve)/Confirm' is clicked on

2018-12-17 17:14:44 - [MESSAGE][PASSED] - Object: 'Object Repository/Final Object Repo/Page_Form 3 EIS - Cessation as Employer/Page_Form 3 EIS - Cessation as Employer (Approve)/Confirm' is clicked on

2018-12-17 17:14:44 - [TEST_STEP][PASSED] - delay: Delayed 2 second(s)

2018-12-17 17:14:46 - [MESSAGE][PASSED] - Delayed 2 second(s)

2018-12-17 17:14:46 - [TEST_STEP][PASSED] - click: Object: 'Object Repository/Final Object Repo/Page_Form 3 EIS - Cessation as Employer/Page_Form 3 EIS - Cessation as Employer (Approve)/Message Your Request    Form 3 EIS' is clicked on

2018-12-17 17:14:51 - [MESSAGE][PASSED] - Object: 'Object Repository/Final Object Repo/Page_Form 3 EIS - Cessation as Employer/Page_Form 3 EIS - Cessation as Employer (Approve)/Message Your Request    Form 3 EIS' is clicked on

2018-12-17 17:14:51 - [TEST_STEP][PASSED] - click: Object: 'Object Repository/Final Object Repo/Page_Form 3 EIS - Cessation as Employer/Page_Form 3 EIS - Cessation as Employer (Approve)/Letter of successful update' is clicked on

2018-12-17 17:14:52 - [MESSAGE][PASSED] - Object: 'Object Repository/Final Object Repo/Page_Form 3 EIS - Cessation as Employer/Page_Form 3 EIS - Cessation as Employer (Approve)/Letter of successful update' is clicked on

2018-12-17 17:14:52 - [MESSAGE][PASSED] - Call Test Case 'Test Cases/Final Aug 2018 - PKS Automation/Registration Module/Workflow/Form 3 EIS - Cessation As Employer/Template/Form 3 A - Cessation As Employer (Approve)' successfully]]></system-out>
         <system-err><![CDATA[]]></system-err>
      </testcase>
      <testcase name="Test Cases/Final Aug 2018 - PKS Automation/Registration Module/Workflow/Form 3 EIS - Cessation As Employer/OTC to UO (Query)" classname="Test Cases/Final Aug 2018 - PKS Automation/Registration Module/Workflow/Form 3 EIS - Cessation As Employer/OTC to UO (Query)" status="FAILED">
         <failure type="FAILED" message="(Stack trace: com.kms.katalon.core.exception.StepFailedException: Unable to click on object 'Object Repository/Final Object Repo/Page_Form 3 EIS - Cessation as Employer/Page_Form 3 EIS - Cessation as Employer (Query - OTC - UO)/Next' (Root cause: com.kms.katalon.core.webui.exception.WebElementNotFoundException: Web element with id: 'Object Repository/Final Object Repo/Page_Form 3 EIS - Cessation as Employer/Page_Form 3 EIS - Cessation as Employer (Query - OTC - UO)/Next' located by 'By.xpath: //a[(contains(text(), 'NEXT') or contains(., 'NEXT'))]' not found)
	at com.kms.katalon.core.keyword.internal.KeywordMain.stepFailed(KeywordMain.groovy:32)
	at com.kms.katalon.core.webui.keyword.internal.WebUIKeywordMain.stepFailed(WebUIKeywordMain.groovy:65)
	at com.kms.katalon.core.webui.keyword.internal.WebUIKeywordMain.runKeyword(WebUIKeywordMain.groovy:27)
	at com.kms.katalon.core.webui.keyword.builtin.ClickKeyword.click(ClickKeyword.groovy:86)
	at com.kms.katalon.core.webui.keyword.builtin.ClickKeyword.execute(ClickKeyword.groovy:67)
	at com.kms.katalon.core.keyword.internal.KeywordExecutor.executeKeywordForPlatform(KeywordExecutor.groovy:53)
	at com.kms.katalon.core.webui.keyword.WebUiBuiltInKeywords.click(WebUiBuiltInKeywords.groovy:616)
	at com.kms.katalon.core.webui.keyword.WebUiBuiltInKeywords$click$2.call(Unknown Source)
	at Script1536114876563.run(Script1536114876563.groovy:87)
	at com.kms.katalon.core.main.ScriptEngine.run(ScriptEngine.java:183)
	at com.kms.katalon.core.main.ScriptEngine.runScriptAsRawText(ScriptEngine.java:108)
	at com.kms.katalon.core.main.TestCaseExecutor.runScript(TestCaseExecutor.java:294)
	at com.kms.katalon.core.main.TestCaseExecutor.doExecute(TestCaseExecutor.java:285)
	at com.kms.katalon.core.main.TestCaseExecutor.processExecutionPhase(TestCaseExecutor.java:264)
	at com.kms.katalon.core.main.TestCaseExecutor.accessMainPhase(TestCaseExecutor.java:256)
	at com.kms.katalon.core.main.TestCaseExecutor.execute(TestCaseExecutor.java:200)
	at com.kms.katalon.core.main.TestCaseMain.runTestCase(TestCaseMain.java:99)
	at com.kms.katalon.core.keyword.builtin.CallTestCaseKeyword$_callTestCase_closure1.doCall(CallTestCaseKeyword.groovy:60)
	at com.kms.katalon.core.keyword.builtin.CallTestCaseKeyword$_callTestCase_closure1.call(CallTestCaseKeyword.groovy)
	at com.kms.katalon.core.keyword.internal.KeywordMain.runKeyword(KeywordMain.groovy:54)
	at com.kms.katalon.core.keyword.builtin.CallTestCaseKeyword.callTestCase(CallTestCaseKeyword.groovy:81)
	at com.kms.katalon.core.keyword.builtin.CallTestCaseKeyword.execute(CallTestCaseKeyword.groovy:45)
	at com.kms.katalon.core.keyword.internal.KeywordExecutor.executeKeywordForPlatform(KeywordExecutor.groovy:53)
	at com.kms.katalon.core.keyword.BuiltinKeywords.callTestCase(BuiltinKeywords.groovy:334)
	at sun.reflect.GeneratedMethodAccessor13.invoke(Unknown Source)
	at sun.reflect.DelegatingMethodAccessorImpl.invoke(DelegatingMethodAccessorImpl.java:43)
	at java.lang.reflect.Method.invoke(Method.java:498)
	at org.codehaus.groovy.reflection.CachedMethod.invoke(CachedMethod.java:93)
	at groovy.lang.MetaMethod.doMethodInvoke(MetaMethod.java:325)
	at groovy.lang.MetaClassImpl.invokeStaticMethod(MetaClassImpl.java:1469)
	at org.codehaus.groovy.runtime.callsite.StaticMetaClassSite.call(StaticMetaClassSite.java:53)
	at org.codehaus.groovy.runtime.callsite.CallSiteArray.defaultCall(CallSiteArray.java:48)
	at org.codehaus.groovy.runtime.callsite.AbstractCallSite.call(AbstractCallSite.java:113)
	at org.codehaus.groovy.runtime.callsite.AbstractCallSite.call(AbstractCallSite.java:141)
	at Script1536204253481.run(Script1536204253481.groovy:25)
	at com.kms.katalon.core.main.ScriptEngine.run(ScriptEngine.java:183)
	at com.kms.katalon.core.main.ScriptEngine.runScriptAsRawText(ScriptEngine.java:108)
	at com.kms.katalon.core.main.TestCaseExecutor.runScript(TestCaseExecutor.java:294)
	at com.kms.katalon.core.main.TestCaseExecutor.doExecute(TestCaseExecutor.java:285)
	at com.kms.katalon.core.main.TestCaseExecutor.processExecutionPhase(TestCaseExecutor.java:264)
	at com.kms.katalon.core.main.TestCaseExecutor.accessMainPhase(TestCaseExecutor.java:256)
	at com.kms.katalon.core.main.TestCaseExecutor.execute(TestCaseExecutor.java:200)
	at com.kms.katalon.core.main.TestSuiteExecutor.accessTestCaseMainPhase(TestSuiteExecutor.java:129)
	at com.kms.katalon.core.main.TestSuiteExecutor.accessTestSuiteMainPhase(TestSuiteExecutor.java:112)
	at com.kms.katalon.core.main.TestSuiteExecutor.execute(TestSuiteExecutor.java:81)
	at com.kms.katalon.core.main.TestCaseMain.startTestSuite(TestCaseMain.java:142)
	at com.kms.katalon.core.main.TestCaseMain$startTestSuite$0.call(Unknown Source)
	at org.codehaus.groovy.runtime.callsite.CallSiteArray.defaultCall(CallSiteArray.java:48)
	at org.codehaus.groovy.runtime.callsite.AbstractCallSite.call(AbstractCallSite.java:113)
	at org.codehaus.groovy.runtime.callsite.AbstractCallSite.call(AbstractCallSite.java:141)
	at TempTestSuite1545036066283.run(TempTestSuite1545036066283.groovy:36)
	at groovy.lang.GroovyShell.runScriptOrMainOrTestOrRunnable(GroovyShell.java:263)
	at groovy.lang.GroovyShell.run(GroovyShell.java:518)
	at groovy.lang.GroovyShell.run(GroovyShell.java:507)
	at groovy.ui.GroovyMain.processOnce(GroovyMain.java:653)
	at groovy.ui.GroovyMain.run(GroovyMain.java:384)
	at groovy.ui.GroovyMain.process(GroovyMain.java:370)
	at groovy.ui.GroovyMain.processArgs(GroovyMain.java:129)
	at groovy.ui.GroovyMain.main(GroovyMain.java:109)
	at sun.reflect.NativeMethodAccessorImpl.invoke0(Native Method)
	at sun.reflect.NativeMethodAccessorImpl.invoke(NativeMethodAccessorImpl.java:62)
	at sun.reflect.DelegatingMethodAccessorImpl.invoke(DelegatingMethodAccessorImpl.java:43)
	at java.lang.reflect.Method.invoke(Method.java:498)
	at org.codehaus.groovy.tools.GroovyStarter.rootLoader(GroovyStarter.java:109)
	at org.codehaus.groovy.tools.GroovyStarter.main(GroovyStarter.java:131)
)"/>
         <system-out><![CDATA[2018-12-17 17:14:52 - [TEST_CASE][FAILED] - Test Cases/Final Aug 2018 - PKS Automation/Registration Module/Workflow/Form 3 EIS - Cessation As Employer/OTC to UO (Query): Test Cases/Final Aug 2018 - PKS Automation/Registration Module/Workflow/Form 3 EIS - Cessation As Employer/OTC to UO (Query) FAILED because (of) (Stack trace: com.kms.katalon.core.exception.StepFailedException: Unable to click on object 'Object Repository/Final Object Repo/Page_Form 3 EIS - Cessation as Employer/Page_Form 3 EIS - Cessation as Employer (Query - OTC - UO)/Next' (Root cause: com.kms.katalon.core.webui.exception.WebElementNotFoundException: Web element with id: 'Object Repository/Final Object Repo/Page_Form 3 EIS - Cessation as Employer/Page_Form 3 EIS - Cessation as Employer (Query - OTC - UO)/Next' located by 'By.xpath: //a[(contains(text(), 'NEXT') or contains(., 'NEXT'))]' not found)
	at com.kms.katalon.core.keyword.internal.KeywordMain.stepFailed(KeywordMain.groovy:32)
	at com.kms.katalon.core.webui.keyword.internal.WebUIKeywordMain.stepFailed(WebUIKeywordMain.groovy:65)
	at com.kms.katalon.core.webui.keyword.internal.WebUIKeywordMain.runKeyword(WebUIKeywordMain.groovy:27)
	at com.kms.katalon.core.webui.keyword.builtin.ClickKeyword.click(ClickKeyword.groovy:86)
	at com.kms.katalon.core.webui.keyword.builtin.ClickKeyword.execute(ClickKeyword.groovy:67)
	at com.kms.katalon.core.keyword.internal.KeywordExecutor.executeKeywordForPlatform(KeywordExecutor.groovy:53)
	at com.kms.katalon.core.webui.keyword.WebUiBuiltInKeywords.click(WebUiBuiltInKeywords.groovy:616)
	at com.kms.katalon.core.webui.keyword.WebUiBuiltInKeywords$click$2.call(Unknown Source)
	at Script1536114876563.run(Script1536114876563.groovy:87)
	at com.kms.katalon.core.main.ScriptEngine.run(ScriptEngine.java:183)
	at com.kms.katalon.core.main.ScriptEngine.runScriptAsRawText(ScriptEngine.java:108)
	at com.kms.katalon.core.main.TestCaseExecutor.runScript(TestCaseExecutor.java:294)
	at com.kms.katalon.core.main.TestCaseExecutor.doExecute(TestCaseExecutor.java:285)
	at com.kms.katalon.core.main.TestCaseExecutor.processExecutionPhase(TestCaseExecutor.java:264)
	at com.kms.katalon.core.main.TestCaseExecutor.accessMainPhase(TestCaseExecutor.java:256)
	at com.kms.katalon.core.main.TestCaseExecutor.execute(TestCaseExecutor.java:200)
	at com.kms.katalon.core.main.TestCaseMain.runTestCase(TestCaseMain.java:99)
	at com.kms.katalon.core.keyword.builtin.CallTestCaseKeyword$_callTestCase_closure1.doCall(CallTestCaseKeyword.groovy:60)
	at com.kms.katalon.core.keyword.builtin.CallTestCaseKeyword$_callTestCase_closure1.call(CallTestCaseKeyword.groovy)
	at com.kms.katalon.core.keyword.internal.KeywordMain.runKeyword(KeywordMain.groovy:54)
	at com.kms.katalon.core.keyword.builtin.CallTestCaseKeyword.callTestCase(CallTestCaseKeyword.groovy:81)
	at com.kms.katalon.core.keyword.builtin.CallTestCaseKeyword.execute(CallTestCaseKeyword.groovy:45)
	at com.kms.katalon.core.keyword.internal.KeywordExecutor.executeKeywordForPlatform(KeywordExecutor.groovy:53)
	at com.kms.katalon.core.keyword.BuiltinKeywords.callTestCase(BuiltinKeywords.groovy:334)
	at sun.reflect.GeneratedMethodAccessor13.invoke(Unknown Source)
	at sun.reflect.DelegatingMethodAccessorImpl.invoke(DelegatingMethodAccessorImpl.java:43)
	at java.lang.reflect.Method.invoke(Method.java:498)
	at org.codehaus.groovy.reflection.CachedMethod.invoke(CachedMethod.java:93)
	at groovy.lang.MetaMethod.doMethodInvoke(MetaMethod.java:325)
	at groovy.lang.MetaClassImpl.invokeStaticMethod(MetaClassImpl.java:1469)
	at org.codehaus.groovy.runtime.callsite.StaticMetaClassSite.call(StaticMetaClassSite.java:53)
	at org.codehaus.groovy.runtime.callsite.CallSiteArray.defaultCall(CallSiteArray.java:48)
	at org.codehaus.groovy.runtime.callsite.AbstractCallSite.call(AbstractCallSite.java:113)
	at org.codehaus.groovy.runtime.callsite.AbstractCallSite.call(AbstractCallSite.java:141)
	at Script1536204253481.run(Script1536204253481.groovy:25)
	at com.kms.katalon.core.main.ScriptEngine.run(ScriptEngine.java:183)
	at com.kms.katalon.core.main.ScriptEngine.runScriptAsRawText(ScriptEngine.java:108)
	at com.kms.katalon.core.main.TestCaseExecutor.runScript(TestCaseExecutor.java:294)
	at com.kms.katalon.core.main.TestCaseExecutor.doExecute(TestCaseExecutor.java:285)
	at com.kms.katalon.core.main.TestCaseExecutor.processExecutionPhase(TestCaseExecutor.java:264)
	at com.kms.katalon.core.main.TestCaseExecutor.accessMainPhase(TestCaseExecutor.java:256)
	at com.kms.katalon.core.main.TestCaseExecutor.execute(TestCaseExecutor.java:200)
	at com.kms.katalon.core.main.TestSuiteExecutor.accessTestCaseMainPhase(TestSuiteExecutor.java:129)
	at com.kms.katalon.core.main.TestSuiteExecutor.accessTestSuiteMainPhase(TestSuiteExecutor.java:112)
	at com.kms.katalon.core.main.TestSuiteExecutor.execute(TestSuiteExecutor.java:81)
	at com.kms.katalon.core.main.TestCaseMain.startTestSuite(TestCaseMain.java:142)
	at com.kms.katalon.core.main.TestCaseMain$startTestSuite$0.call(Unknown Source)
	at org.codehaus.groovy.runtime.callsite.CallSiteArray.defaultCall(CallSiteArray.java:48)
	at org.codehaus.groovy.runtime.callsite.AbstractCallSite.call(AbstractCallSite.java:113)
	at org.codehaus.groovy.runtime.callsite.AbstractCallSite.call(AbstractCallSite.java:141)
	at TempTestSuite1545036066283.run(TempTestSuite1545036066283.groovy:36)
	at groovy.lang.GroovyShell.runScriptOrMainOrTestOrRunnable(GroovyShell.java:263)
	at groovy.lang.GroovyShell.run(GroovyShell.java:518)
	at groovy.lang.GroovyShell.run(GroovyShell.java:507)
	at groovy.ui.GroovyMain.processOnce(GroovyMain.java:653)
	at groovy.ui.GroovyMain.run(GroovyMain.java:384)
	at groovy.ui.GroovyMain.process(GroovyMain.java:370)
	at groovy.ui.GroovyMain.processArgs(GroovyMain.java:129)
	at groovy.ui.GroovyMain.main(GroovyMain.java:109)
	at sun.reflect.NativeMethodAccessorImpl.invoke0(Native Method)
	at sun.reflect.NativeMethodAccessorImpl.invoke(NativeMethodAccessorImpl.java:62)
	at sun.reflect.DelegatingMethodAccessorImpl.invoke(DelegatingMethodAccessorImpl.java:43)
	at java.lang.reflect.Method.invoke(Method.java:498)
	at org.codehaus.groovy.tools.GroovyStarter.rootLoader(GroovyStarter.java:109)
	at org.codehaus.groovy.tools.GroovyStarter.main(GroovyStarter.java:131)
)

2018-12-17 17:14:52 - [TEST_STEP][PASSED] - callTestCase: Call Test Case 'Test Cases/Final Aug 2018 - PKS Automation/Registration Module/Workflow/Form 3 EIS - Cessation As Employer/Template/Form 3 A - Cessation As Employer (OTC)' successfully

2018-12-17 17:14:52 - [TEST_CASE][PASSED] - Test Cases/Final Aug 2018 - PKS Automation/Registration Module/Workflow/Form 3 EIS - Cessation As Employer/Template/Form 3 A - Cessation As Employer (OTC): Test Cases/Final Aug 2018 - PKS Automation/Registration Module/Workflow/Form 3 EIS - Cessation As Employer/Template/Form 3 A - Cessation As Employer (OTC)

2018-12-17 17:14:52 - [TEST_STEP][PASSED] - openBrowser: Browser is opened with url: ''

2018-12-17 17:14:52 - [MESSAGE][WARNING] - A browser is already opened. Closing browser and opening a new one

2018-12-17 17:14:55 - [MESSAGE][PASSED] - Browser is opened with url: ''

2018-12-17 17:14:55 - [TEST_STEP][PASSED] - navigateToUrl: Navigate to 'https://assist2-uat.perkeso.gov.my/login' successfully

2018-12-17 17:14:56 - [MESSAGE][PASSED] - Navigate to 'https://assist2-uat.perkeso.gov.my/login' successfully

2018-12-17 17:14:56 - [TEST_STEP][PASSED] - setText: Text 'johorotc1@gmail.com' is set on object 'Object Repository/Final Object Repo/Login Page/Internal User/Email Address'

2018-12-17 17:14:56 - [MESSAGE][PASSED] - Text 'johorotc1@gmail.com' is set on object 'Object Repository/Final Object Repo/Login Page/Internal User/Email Address'

2018-12-17 17:14:56 - [TEST_STEP][PASSED] - click: Object: 'Object Repository/Final Object Repo/Login Page/Internal User/Next Button' is clicked on

2018-12-17 17:14:56 - [MESSAGE][PASSED] - Object: 'Object Repository/Final Object Repo/Login Page/Internal User/Next Button' is clicked on

2018-12-17 17:14:56 - [TEST_STEP][PASSED] - delay: Delayed 1 second(s)

2018-12-17 17:14:57 - [MESSAGE][PASSED] - Delayed 1 second(s)

2018-12-17 17:14:57 - [TEST_STEP][PASSED] - setEncryptedText: Text ****** has been set on object 'Object Repository/Final Object Repo/Login Page/Internal User/Password'

2018-12-17 17:14:58 - [MESSAGE][PASSED] - Text ****** has been set on object 'Object Repository/Final Object Repo/Login Page/Internal User/Password'

2018-12-17 17:14:58 - [TEST_STEP][PASSED] - click: Object: 'Object Repository/Final Object Repo/Login Page/Internal User/Login Button' is clicked on

2018-12-17 17:14:58 - [MESSAGE][PASSED] - Object: 'Object Repository/Final Object Repo/Login Page/Internal User/Login Button' is clicked on

2018-12-17 17:14:58 - [TEST_STEP][PASSED] - delay: Delayed 1 second(s)

2018-12-17 17:14:59 - [MESSAGE][PASSED] - Delayed 1 second(s)

2018-12-17 17:14:59 - [TEST_STEP][PASSED] - Statement - Try: Delayed 2 second(s)

2018-12-17 17:14:59 - [TEST_STEP][PASSED] - Statement - Checker = false: null

2018-12-17 17:14:59 - [TEST_STEP][PASSED] - Statement - Checker = com.kms.katalon.core.webui.keyword.WebUiBuiltInKeywords.verifyElementHasAttribute(com.kms.katalon.core.testobject.ObjectRepository.findTestObject(Final Object Repo/Landing Page/BM Detecting), "href", 20, OPTIONAL): Object 'Object Repository/Final Object Repo/Landing Page/BM Detecting' has attribute 'href'

2018-12-17 17:15:00 - [MESSAGE][PASSED] - Object 'Object Repository/Final Object Repo/Landing Page/BM Detecting' has attribute 'href'

2018-12-17 17:15:00 - [TEST_STEP][PASSED] - Statement - out.println(Checker): null

2018-12-17 17:15:00 - [TEST_STEP][PASSED] - Statement - If (Checker == false): null

2018-12-17 17:15:00 - [TEST_STEP][PASSED] - Statement - Else: null

2018-12-17 17:15:00 - [TEST_STEP][PASSED] - delay: Delayed 2 second(s)

2018-12-17 17:15:02 - [MESSAGE][PASSED] - Delayed 2 second(s)

2018-12-17 17:15:02 - [TEST_STEP][PASSED] - navigateToUrl: Navigate to 'https://assist2-uat.perkeso.gov.my/web/registration/eis-update/form-3-eis-cessation-as-employer' successfully

2018-12-17 17:15:03 - [MESSAGE][PASSED] - Navigate to 'https://assist2-uat.perkeso.gov.my/web/registration/eis-update/form-3-eis-cessation-as-employer' successfully

2018-12-17 17:15:03 - [TEST_STEP][PASSED] - delay: Delayed 1 second(s)

2018-12-17 17:15:04 - [MESSAGE][PASSED] - Delayed 1 second(s)

2018-12-17 17:15:04 - [TEST_STEP][PASSED] - setText: Text 'E1102069769W' is set on object 'Object Repository/Final Object Repo/Page_Form 3 EIS - Cessation as Employer/Employer Code'

2018-12-17 17:15:04 - [MESSAGE][PASSED] - Text 'E1102069769W' is set on object 'Object Repository/Final Object Repo/Page_Form 3 EIS - Cessation as Employer/Employer Code'

2018-12-17 17:15:04 - [TEST_STEP][PASSED] - click: Object: 'Object Repository/Final Object Repo/Page_Form 3 EIS - Cessation as Employer/Search' is clicked on

2018-12-17 17:15:04 - [MESSAGE][PASSED] - Object: 'Object Repository/Final Object Repo/Page_Form 3 EIS - Cessation as Employer/Search' is clicked on

2018-12-17 17:15:04 - [TEST_STEP][PASSED] - click: Object: 'Object Repository/Final Object Repo/Page_Form 3 EIS - Cessation as Employer/Edit' is clicked on

2018-12-17 17:15:07 - [MESSAGE][PASSED] - Object: 'Object Repository/Final Object Repo/Page_Form 3 EIS - Cessation as Employer/Edit' is clicked on

2018-12-17 17:15:07 - [TEST_STEP][PASSED] - delay: Delayed 1 second(s)

2018-12-17 17:15:08 - [MESSAGE][PASSED] - Delayed 1 second(s)

2018-12-17 17:15:08 - [TEST_STEP][PASSED] - Statement - abc = com.kms.katalon.core.webui.keyword.WebUiBuiltInKeywords.getAttribute(com.kms.katalon.core.testobject.ObjectRepository.findTestObject(Final Object Repo/Page_Form 3 EIS - Cessation as Employer/Employer Status), "value"): Attribute 'value' of object 'Object Repository/Final Object Repo/Page_Form 3 EIS - Cessation as Employer/Employer Status' is: 'Active'

2018-12-17 17:15:08 - [MESSAGE][PASSED] - Attribute 'value' of object 'Object Repository/Final Object Repo/Page_Form 3 EIS - Cessation as Employer/Employer Status' is: 'Active'

2018-12-17 17:15:08 - [TEST_STEP][PASSED] - Statement - out.println(abc): null

2018-12-17 17:15:08 - [TEST_STEP][PASSED] - Statement - If (abc == "Active"): Object: 'Object Repository/Final Object Repo/Page_Form 3 EIS - Cessation as Employer/Dormant EIS' is clicked on

2018-12-17 17:15:08 - [TEST_STEP][PASSED] - click: Object: 'Object Repository/Final Object Repo/Page_Form 3 EIS - Cessation as Employer/Change Employer Status to' is clicked on

2018-12-17 17:15:08 - [MESSAGE][PASSED] - Object: 'Object Repository/Final Object Repo/Page_Form 3 EIS - Cessation as Employer/Change Employer Status to' is clicked on

2018-12-17 17:15:08 - [TEST_STEP][PASSED] - click: Object: 'Object Repository/Final Object Repo/Page_Form 3 EIS - Cessation as Employer/Dormant EIS' is clicked on

2018-12-17 17:15:08 - [MESSAGE][PASSED] - Object: 'Object Repository/Final Object Repo/Page_Form 3 EIS - Cessation as Employer/Dormant EIS' is clicked on

2018-12-17 17:15:08 - [TEST_STEP][PASSED] - click: Object: 'Object Repository/Final Object Repo/Page_Form 3 EIS - Cessation as Employer/Calender' is clicked on

2018-12-17 17:15:08 - [MESSAGE][PASSED] - Object: 'Object Repository/Final Object Repo/Page_Form 3 EIS - Cessation as Employer/Calender' is clicked on

2018-12-17 17:15:08 - [TEST_STEP][PASSED] - delay: Delayed 1 second(s)

2018-12-17 17:15:09 - [MESSAGE][PASSED] - Delayed 1 second(s)

2018-12-17 17:15:09 - [TEST_STEP][PASSED] - click: Object: 'Object Repository/Final Object Repo/Page_Form 3 EIS - Cessation as Employer/Calender - Date' is clicked on

2018-12-17 17:15:10 - [MESSAGE][PASSED] - Object: 'Object Repository/Final Object Repo/Page_Form 3 EIS - Cessation as Employer/Calender - Date' is clicked on

2018-12-17 17:15:10 - [TEST_STEP][PASSED] - click: Object: 'Object Repository/Final Object Repo/Page_Form 3 EIS - Cessation as Employer/Save  Continue in Form 3 EIS Page' is clicked on

2018-12-17 17:15:10 - [MESSAGE][PASSED] - Object: 'Object Repository/Final Object Repo/Page_Form 3 EIS - Cessation as Employer/Save  Continue in Form 3 EIS Page' is clicked on

2018-12-17 17:15:10 - [TEST_STEP][PASSED] - delay: Delayed 1 second(s)

2018-12-17 17:15:11 - [MESSAGE][PASSED] - Delayed 1 second(s)

2018-12-17 17:15:11 - [TEST_STEP][PASSED] - click: Object: 'Object Repository/Final Object Repo/Page_Form 3 EIS - Cessation as Employer/Employment Resign Date' is clicked on

2018-12-17 17:15:11 - [MESSAGE][PASSED] - Object: 'Object Repository/Final Object Repo/Page_Form 3 EIS - Cessation as Employer/Employment Resign Date' is clicked on

2018-12-17 17:15:11 - [TEST_STEP][PASSED] - selectOptionByValue: All options with value '2030' are selected in object 'Object Repository/Final Object Repo/Page_Form 3 EIS - Cessation as Employer/Employment Resign Date - Year' 

2018-12-17 17:15:12 - [MESSAGE][PASSED] - All options with value '2030' are selected in object 'Object Repository/Final Object Repo/Page_Form 3 EIS - Cessation as Employer/Employment Resign Date - Year' 

2018-12-17 17:15:12 - [TEST_STEP][PASSED] - delay: Delayed 2 second(s)

2018-12-17 17:15:14 - [MESSAGE][PASSED] - Delayed 2 second(s)

2018-12-17 17:15:14 - [TEST_STEP][PASSED] - click: Object: 'Object Repository/Final Object Repo/Page_Form 3 EIS - Cessation as Employer/Employment Resign Date - Year - Date' is clicked on

2018-12-17 17:15:14 - [MESSAGE][PASSED] - Object: 'Object Repository/Final Object Repo/Page_Form 3 EIS - Cessation as Employer/Employment Resign Date - Year - Date' is clicked on

2018-12-17 17:15:14 - [TEST_STEP][PASSED] - delay: Delayed 2 second(s)

2018-12-17 17:15:16 - [MESSAGE][PASSED] - Delayed 2 second(s)

2018-12-17 17:15:16 - [TEST_STEP][PASSED] - click: Object: 'Object Repository/Final Object Repo/Page_Form 3 EIS - Cessation as Employer/Save  Continue in Employment Resign Page' is clicked on

2018-12-17 17:15:16 - [MESSAGE][PASSED] - Object: 'Object Repository/Final Object Repo/Page_Form 3 EIS - Cessation as Employer/Save  Continue in Employment Resign Page' is clicked on

2018-12-17 17:15:16 - [TEST_STEP][PASSED] - delay: Delayed 2 second(s)

2018-12-17 17:15:18 - [MESSAGE][PASSED] - Delayed 2 second(s)

2018-12-17 17:15:18 - [TEST_STEP][PASSED] - click: Object: 'Object Repository/Final Object Repo/Page_Form 3 EIS - Cessation as Employer/Set Latest - Yes' is clicked on

2018-12-17 17:15:18 - [MESSAGE][PASSED] - Object: 'Object Repository/Final Object Repo/Page_Form 3 EIS - Cessation as Employer/Set Latest - Yes' is clicked on

2018-12-17 17:15:18 - [TEST_STEP][PASSED] - delay: Delayed 2 second(s)

2018-12-17 17:15:20 - [MESSAGE][PASSED] - Delayed 2 second(s)

2018-12-17 17:15:20 - [TEST_STEP][PASSED] - click: Object: 'Object Repository/Final Object Repo/Page_Form 3 EIS - Cessation as Employer/Add Document' is clicked on

2018-12-17 17:15:22 - [MESSAGE][PASSED] - Object: 'Object Repository/Final Object Repo/Page_Form 3 EIS - Cessation as Employer/Add Document' is clicked on

2018-12-17 17:15:22 - [TEST_STEP][PASSED] - delay: Delayed 3 second(s)

2018-12-17 17:15:25 - [MESSAGE][PASSED] - Delayed 3 second(s)

2018-12-17 17:15:25 - [TEST_STEP][PASSED] - click: Object: 'Object Repository/Final Object Repo/Page_Form 3 EIS - Cessation as Employer/Document Type' is clicked on

2018-12-17 17:15:25 - [MESSAGE][PASSED] - Object: 'Object Repository/Final Object Repo/Page_Form 3 EIS - Cessation as Employer/Document Type' is clicked on

2018-12-17 17:15:25 - [TEST_STEP][PASSED] - click: Object: 'Object Repository/Final Object Repo/Page_Form 3 EIS - Cessation as Employer/Document Type - Form 3' is clicked on

2018-12-17 17:15:25 - [MESSAGE][PASSED] - Object: 'Object Repository/Final Object Repo/Page_Form 3 EIS - Cessation as Employer/Document Type - Form 3' is clicked on

2018-12-17 17:15:25 - [TEST_STEP][PASSED] - delay: Delayed 2 second(s)

2018-12-17 17:15:27 - [MESSAGE][PASSED] - Delayed 2 second(s)

2018-12-17 17:15:27 - [TEST_STEP][PASSED] - sendKeys: Keys 'C:\Users\Public\Pictures\Sample Pictures\Koala.jpg' sent to object: 'Object Repository/Final Object Repo/Page_Form 3 EIS - Cessation as Employer/ploading File'

2018-12-17 17:15:27 - [MESSAGE][PASSED] - Keys 'C:\Users\Public\Pictures\Sample Pictures\Koala.jpg' sent to object: 'Object Repository/Final Object Repo/Page_Form 3 EIS - Cessation as Employer/ploading File'

2018-12-17 17:15:27 - [TEST_STEP][PASSED] - delay: Delayed 1 second(s)

2018-12-17 17:15:28 - [MESSAGE][PASSED] - Delayed 1 second(s)

2018-12-17 17:15:28 - [TEST_STEP][PASSED] - click: Object: 'Object Repository/Final Object Repo/Page_Form 3 EIS - Cessation as Employer/Add Document in Uploading Page' is clicked on

2018-12-17 17:15:28 - [MESSAGE][PASSED] - Object: 'Object Repository/Final Object Repo/Page_Form 3 EIS - Cessation as Employer/Add Document in Uploading Page' is clicked on

2018-12-17 17:15:28 - [TEST_STEP][PASSED] - delay: Delayed 2 second(s)

2018-12-17 17:15:30 - [MESSAGE][PASSED] - Delayed 2 second(s)

2018-12-17 17:15:30 - [TEST_STEP][PASSED] - Statement - CaseReferenceNo = com.kms.katalon.core.webui.keyword.WebUiBuiltInKeywords.getText(com.kms.katalon.core.testobject.ObjectRepository.findTestObject(Final Object Repo/Page_Update Employer Information/Reference Number in Update Employee Information Page)): Text of object 'Object Repository/Final Object Repo/Page_Update Employer Information/Reference Number in Update Employee Information Page' is: 'ERN122018C200002489'

2018-12-17 17:15:32 - [MESSAGE][PASSED] - Text of object 'Object Repository/Final Object Repo/Page_Update Employer Information/Reference Number in Update Employee Information Page' is: 'ERN122018C200002489'

2018-12-17 17:15:32 - [TEST_STEP][PASSED] - callTestCase: Call Test Case 'Test Cases/Final Aug 2018 - PKS Automation/Common/Reference Number Setter' successfully

2018-12-17 17:15:32 - [TEST_CASE][PASSED] - Test Cases/Final Aug 2018 - PKS Automation/Common/Reference Number Setter: Test Cases/Final Aug 2018 - PKS Automation/Common/Reference Number Setter

2018-12-17 17:15:32 - [TEST_STEP][PASSED] - Statement - RefNoOldFile = new java.io.File(C://Users//Admin//Desktop//PKS//Automation Reference Point//KatalonReference.txt): null

2018-12-17 17:15:32 - [TEST_STEP][PASSED] - Statement - RefNoOldFile.delete(): null

2018-12-17 17:15:32 - [TEST_STEP][PASSED] - delay: Delayed 5 second(s)

2018-12-17 17:15:37 - [MESSAGE][PASSED] - Delayed 5 second(s)

2018-12-17 17:15:37 - [TEST_STEP][PASSED] - Statement - RefNo = new java.io.File(C://Users//Admin//Desktop//PKS//Automation Reference Point//KatalonReference.txt): null

2018-12-17 17:15:37 - [TEST_STEP][PASSED] - Statement - f2 = new java.io.FileWriter(RefNo, false): null

2018-12-17 17:15:37 - [TEST_STEP][PASSED] - Statement - f2.write(CaseReferenceNo): null

2018-12-17 17:15:37 - [TEST_STEP][PASSED] - Statement - f2.close(): null

2018-12-17 17:15:37 - [TEST_STEP][PASSED] - Statement - out.println("


" + CaseReferenceNo + "


"): null

2018-12-17 17:15:37 - [MESSAGE][PASSED] - Call Test Case 'Test Cases/Final Aug 2018 - PKS Automation/Common/Reference Number Setter' successfully

2018-12-17 17:15:37 - [TEST_STEP][PASSED] - delay: Delayed 2 second(s)

2018-12-17 17:15:39 - [MESSAGE][PASSED] - Delayed 2 second(s)

2018-12-17 17:15:39 - [TEST_STEP][PASSED] - click: Object: 'Object Repository/Final Object Repo/Page_Form 3 EIS - Cessation as Employer/Save  Continue in Uploading Page' is clicked on

2018-12-17 17:15:39 - [MESSAGE][PASSED] - Object: 'Object Repository/Final Object Repo/Page_Form 3 EIS - Cessation as Employer/Save  Continue in Uploading Page' is clicked on

2018-12-17 17:15:39 - [TEST_STEP][PASSED] - delay: Delayed 2 second(s)

2018-12-17 17:15:41 - [MESSAGE][PASSED] - Delayed 2 second(s)

2018-12-17 17:15:41 - [TEST_STEP][PASSED] - click: Object: 'Object Repository/Final Object Repo/Page_Form 3 EIS - Cessation as Employer/Submit' is clicked on

2018-12-17 17:15:44 - [MESSAGE][PASSED] - Object: 'Object Repository/Final Object Repo/Page_Form 3 EIS - Cessation as Employer/Submit' is clicked on

2018-12-17 17:15:44 - [TEST_STEP][PASSED] - delay: Delayed 2 second(s)

2018-12-17 17:15:46 - [MESSAGE][PASSED] - Delayed 2 second(s)

2018-12-17 17:15:46 - [TEST_STEP][PASSED] - click: Object: 'Object Repository/Final Object Repo/Page_Form 3 EIS - Cessation as Employer/Confirm' is clicked on

2018-12-17 17:15:46 - [MESSAGE][PASSED] - Object: 'Object Repository/Final Object Repo/Page_Form 3 EIS - Cessation as Employer/Confirm' is clicked on

2018-12-17 17:15:46 - [TEST_STEP][PASSED] - delay: Delayed 2 second(s)

2018-12-17 17:15:48 - [MESSAGE][PASSED] - Delayed 2 second(s)

2018-12-17 17:15:48 - [TEST_STEP][PASSED] - click: Object: 'Object Repository/Final Object Repo/Page_Form 3 EIS - Cessation as Employer/Message Your Request will be routed to UO' is clicked on

2018-12-17 17:15:52 - [MESSAGE][PASSED] - Object: 'Object Repository/Final Object Repo/Page_Form 3 EIS - Cessation as Employer/Message Your Request will be routed to UO' is clicked on

2018-12-17 17:15:52 - [TEST_STEP][PASSED] - click: Object: 'Object Repository/Final Object Repo/Page_Form 3 EIS - Cessation as Employer/Letter of acknowledgement' is clicked on

2018-12-17 17:15:53 - [MESSAGE][PASSED] - Object: 'Object Repository/Final Object Repo/Page_Form 3 EIS - Cessation as Employer/Letter of acknowledgement' is clicked on

2018-12-17 17:15:53 - [MESSAGE][PASSED] - Call Test Case 'Test Cases/Final Aug 2018 - PKS Automation/Registration Module/Workflow/Form 3 EIS - Cessation As Employer/Template/Form 3 A - Cessation As Employer (OTC)' successfully

2018-12-17 17:15:53 - [TEST_STEP][FAILED] - callTestCase: Unable to call Test Case with id 'Test Cases/Final Aug 2018 - PKS Automation/Registration Module/Workflow/Form 3 EIS - Cessation As Employer/Template/Form 3 A - Cessation As Employer (Query)' (Root cause: Call Test Case 'Test Cases/Final Aug 2018 - PKS Automation/Registration Module/Workflow/Form 3 EIS - Cessation As Employer/Template/Form 3 A - Cessation As Employer (Query)' failed)

2018-12-17 17:15:53 - [TEST_CASE][FAILED] - Test Cases/Final Aug 2018 - PKS Automation/Registration Module/Workflow/Form 3 EIS - Cessation As Employer/Template/Form 3 A - Cessation As Employer (Query): Test Cases/Final Aug 2018 - PKS Automation/Registration Module/Workflow/Form 3 EIS - Cessation As Employer/Template/Form 3 A - Cessation As Employer (Query) FAILED because (of) (Stack trace: com.kms.katalon.core.exception.StepFailedException: Unable to click on object 'Object Repository/Final Object Repo/Page_Form 3 EIS - Cessation as Employer/Page_Form 3 EIS - Cessation as Employer (Query - OTC - UO)/Next' (Root cause: com.kms.katalon.core.webui.exception.WebElementNotFoundException: Web element with id: 'Object Repository/Final Object Repo/Page_Form 3 EIS - Cessation as Employer/Page_Form 3 EIS - Cessation as Employer (Query - OTC - UO)/Next' located by 'By.xpath: //a[(contains(text(), 'NEXT') or contains(., 'NEXT'))]' not found)
	at com.kms.katalon.core.keyword.internal.KeywordMain.stepFailed(KeywordMain.groovy:32)
	at com.kms.katalon.core.webui.keyword.internal.WebUIKeywordMain.stepFailed(WebUIKeywordMain.groovy:65)
	at com.kms.katalon.core.webui.keyword.internal.WebUIKeywordMain.runKeyword(WebUIKeywordMain.groovy:27)
	at com.kms.katalon.core.webui.keyword.builtin.ClickKeyword.click(ClickKeyword.groovy:86)
	at com.kms.katalon.core.webui.keyword.builtin.ClickKeyword.execute(ClickKeyword.groovy:67)
	at com.kms.katalon.core.keyword.internal.KeywordExecutor.executeKeywordForPlatform(KeywordExecutor.groovy:53)
	at com.kms.katalon.core.webui.keyword.WebUiBuiltInKeywords.click(WebUiBuiltInKeywords.groovy:616)
	at com.kms.katalon.core.webui.keyword.WebUiBuiltInKeywords$click$2.call(Unknown Source)
	at Script1536114876563.run(Script1536114876563.groovy:87)
	at com.kms.katalon.core.main.ScriptEngine.run(ScriptEngine.java:183)
	at com.kms.katalon.core.main.ScriptEngine.runScriptAsRawText(ScriptEngine.java:108)
	at com.kms.katalon.core.main.TestCaseExecutor.runScript(TestCaseExecutor.java:294)
	at com.kms.katalon.core.main.TestCaseExecutor.doExecute(TestCaseExecutor.java:285)
	at com.kms.katalon.core.main.TestCaseExecutor.processExecutionPhase(TestCaseExecutor.java:264)
	at com.kms.katalon.core.main.TestCaseExecutor.accessMainPhase(TestCaseExecutor.java:256)
	at com.kms.katalon.core.main.TestCaseExecutor.execute(TestCaseExecutor.java:200)
	at com.kms.katalon.core.main.TestCaseMain.runTestCase(TestCaseMain.java:99)
	at com.kms.katalon.core.keyword.builtin.CallTestCaseKeyword$_callTestCase_closure1.doCall(CallTestCaseKeyword.groovy:60)
	at com.kms.katalon.core.keyword.builtin.CallTestCaseKeyword$_callTestCase_closure1.call(CallTestCaseKeyword.groovy)
	at com.kms.katalon.core.keyword.internal.KeywordMain.runKeyword(KeywordMain.groovy:54)
	at com.kms.katalon.core.keyword.builtin.CallTestCaseKeyword.callTestCase(CallTestCaseKeyword.groovy:81)
	at com.kms.katalon.core.keyword.builtin.CallTestCaseKeyword.execute(CallTestCaseKeyword.groovy:45)
	at com.kms.katalon.core.keyword.internal.KeywordExecutor.executeKeywordForPlatform(KeywordExecutor.groovy:53)
	at com.kms.katalon.core.keyword.BuiltinKeywords.callTestCase(BuiltinKeywords.groovy:334)
	at sun.reflect.GeneratedMethodAccessor13.invoke(Unknown Source)
	at sun.reflect.DelegatingMethodAccessorImpl.invoke(DelegatingMethodAccessorImpl.java:43)
	at java.lang.reflect.Method.invoke(Method.java:498)
	at org.codehaus.groovy.reflection.CachedMethod.invoke(CachedMethod.java:93)
	at groovy.lang.MetaMethod.doMethodInvoke(MetaMethod.java:325)
	at groovy.lang.MetaClassImpl.invokeStaticMethod(MetaClassImpl.java:1469)
	at org.codehaus.groovy.runtime.callsite.StaticMetaClassSite.call(StaticMetaClassSite.java:53)
	at org.codehaus.groovy.runtime.callsite.CallSiteArray.defaultCall(CallSiteArray.java:48)
	at org.codehaus.groovy.runtime.callsite.AbstractCallSite.call(AbstractCallSite.java:113)
	at org.codehaus.groovy.runtime.callsite.AbstractCallSite.call(AbstractCallSite.java:141)
	at Script1536204253481.run(Script1536204253481.groovy:25)
	at com.kms.katalon.core.main.ScriptEngine.run(ScriptEngine.java:183)
	at com.kms.katalon.core.main.ScriptEngine.runScriptAsRawText(ScriptEngine.java:108)
	at com.kms.katalon.core.main.TestCaseExecutor.runScript(TestCaseExecutor.java:294)
	at com.kms.katalon.core.main.TestCaseExecutor.doExecute(TestCaseExecutor.java:285)
	at com.kms.katalon.core.main.TestCaseExecutor.processExecutionPhase(TestCaseExecutor.java:264)
	at com.kms.katalon.core.main.TestCaseExecutor.accessMainPhase(TestCaseExecutor.java:256)
	at com.kms.katalon.core.main.TestCaseExecutor.execute(TestCaseExecutor.java:200)
	at com.kms.katalon.core.main.TestSuiteExecutor.accessTestCaseMainPhase(TestSuiteExecutor.java:129)
	at com.kms.katalon.core.main.TestSuiteExecutor.accessTestSuiteMainPhase(TestSuiteExecutor.java:112)
	at com.kms.katalon.core.main.TestSuiteExecutor.execute(TestSuiteExecutor.java:81)
	at com.kms.katalon.core.main.TestCaseMain.startTestSuite(TestCaseMain.java:142)
	at com.kms.katalon.core.main.TestCaseMain$startTestSuite$0.call(Unknown Source)
	at org.codehaus.groovy.runtime.callsite.CallSiteArray.defaultCall(CallSiteArray.java:48)
	at org.codehaus.groovy.runtime.callsite.AbstractCallSite.call(AbstractCallSite.java:113)
	at org.codehaus.groovy.runtime.callsite.AbstractCallSite.call(AbstractCallSite.java:141)
	at TempTestSuite1545036066283.run(TempTestSuite1545036066283.groovy:36)
	at groovy.lang.GroovyShell.runScriptOrMainOrTestOrRunnable(GroovyShell.java:263)
	at groovy.lang.GroovyShell.run(GroovyShell.java:518)
	at groovy.lang.GroovyShell.run(GroovyShell.java:507)
	at groovy.ui.GroovyMain.processOnce(GroovyMain.java:653)
	at groovy.ui.GroovyMain.run(GroovyMain.java:384)
	at groovy.ui.GroovyMain.process(GroovyMain.java:370)
	at groovy.ui.GroovyMain.processArgs(GroovyMain.java:129)
	at groovy.ui.GroovyMain.main(GroovyMain.java:109)
	at sun.reflect.NativeMethodAccessorImpl.invoke0(Native Method)
	at sun.reflect.NativeMethodAccessorImpl.invoke(NativeMethodAccessorImpl.java:62)
	at sun.reflect.DelegatingMethodAccessorImpl.invoke(DelegatingMethodAccessorImpl.java:43)
	at java.lang.reflect.Method.invoke(Method.java:498)
	at org.codehaus.groovy.tools.GroovyStarter.rootLoader(GroovyStarter.java:109)
	at org.codehaus.groovy.tools.GroovyStarter.main(GroovyStarter.java:131)
)

2018-12-17 17:15:53 - [TEST_STEP][NOT_RUN] - callTestCase: NOT_RUN: callTestCase

2018-12-17 17:15:53 - [MESSAGE][NOT_RUN] - NOT_RUN: callTestCase

2018-12-17 17:15:53 - [TEST_STEP][PASSED] - delay: Delayed 1 second(s)

2018-12-17 17:15:54 - [MESSAGE][PASSED] - Delayed 1 second(s)

2018-12-17 17:15:54 - [TEST_STEP][PASSED] - navigateToUrl: Navigate to 'https://assist2-uat.perkeso.gov.my/c/portal/logout' successfully

2018-12-17 17:15:55 - [MESSAGE][PASSED] - Navigate to 'https://assist2-uat.perkeso.gov.my/c/portal/logout' successfully

2018-12-17 17:15:55 - [TEST_STEP][PASSED] - delay: Delayed 1 second(s)

2018-12-17 17:15:56 - [MESSAGE][PASSED] - Delayed 1 second(s)

2018-12-17 17:15:56 - [TEST_STEP][PASSED] - callTestCase: Call Test Case 'Test Cases/Final Aug 2018 - PKS Automation/Common/Reference Number Getter' successfully

2018-12-17 17:15:56 - [TEST_CASE][PASSED] - Test Cases/Final Aug 2018 - PKS Automation/Common/Reference Number Getter: Test Cases/Final Aug 2018 - PKS Automation/Common/Reference Number Getter

2018-12-17 17:15:56 - [TEST_STEP][PASSED] - Statement - Try: null

2018-12-17 17:15:56 - [TEST_STEP][PASSED] - Statement - RefNo = new java.io.File(C://Users//Admin//Desktop//PKS//Automation Reference Point//KatalonReference.txt): null

2018-12-17 17:15:56 - [TEST_STEP][PASSED] - Statement - bufferread = new java.io.BufferedReader(new java.io.FileReader(RefNo)): null

2018-12-17 17:15:56 - [TEST_STEP][PASSED] - Statement - readedVal = bufferread.readLine(): null

2018-12-17 17:15:56 - [TEST_STEP][PASSED] - Statement - out.println(CaseReferenceNo): null

2018-12-17 17:15:56 - [TEST_STEP][PASSED] - Statement - out.println(readedVal): null

2018-12-17 17:15:56 - [TEST_STEP][PASSED] - Statement - CaseReferenceNo = "": null

2018-12-17 17:15:56 - [TEST_STEP][PASSED] - Statement - CaseReferenceNo = readedVal: null

2018-12-17 17:15:56 - [MESSAGE][PASSED] - Call Test Case 'Test Cases/Final Aug 2018 - PKS Automation/Common/Reference Number Getter' successfully

2018-12-17 17:15:56 - [TEST_STEP][PASSED] - callTestCase: Call Test Case 'Test Cases/Final Aug 2018 - PKS Automation/Common/Workflow Owner Finder' successfully

2018-12-17 17:15:56 - [TEST_CASE][PASSED] - Test Cases/Final Aug 2018 - PKS Automation/Common/Workflow Owner Finder: Test Cases/Final Aug 2018 - PKS Automation/Common/Workflow Owner Finder

2018-12-17 17:15:56 - [TEST_STEP][PASSED] - openBrowser: Browser is opened with url: ''

2018-12-17 17:15:56 - [MESSAGE][WARNING] - A browser is already opened. Closing browser and opening a new one

2018-12-17 17:15:59 - [MESSAGE][PASSED] - Browser is opened with url: ''

2018-12-17 17:15:59 - [TEST_STEP][PASSED] - navigateToUrl: Navigate to 'https://assist2-uat.perkeso.gov.my/login' successfully

2018-12-17 17:16:00 - [MESSAGE][PASSED] - Navigate to 'https://assist2-uat.perkeso.gov.my/login' successfully

2018-12-17 17:16:00 - [TEST_STEP][PASSED] - delay: Delayed 5 second(s)

2018-12-17 17:16:05 - [MESSAGE][PASSED] - Delayed 5 second(s)

2018-12-17 17:16:05 - [TEST_STEP][PASSED] - setText: Text 'test@liferay.com' is set on object 'Object Repository/Final Object Repo/Login Page/Internal User/Email Address'

2018-12-17 17:16:05 - [MESSAGE][PASSED] - Text 'test@liferay.com' is set on object 'Object Repository/Final Object Repo/Login Page/Internal User/Email Address'

2018-12-17 17:16:05 - [TEST_STEP][PASSED] - click: Object: 'Object Repository/Final Object Repo/Login Page/Internal User/Next Button' is clicked on

2018-12-17 17:16:05 - [MESSAGE][PASSED] - Object: 'Object Repository/Final Object Repo/Login Page/Internal User/Next Button' is clicked on

2018-12-17 17:16:05 - [TEST_STEP][PASSED] - delay: Delayed 2 second(s)

2018-12-17 17:16:07 - [MESSAGE][PASSED] - Delayed 2 second(s)

2018-12-17 17:16:07 - [TEST_STEP][PASSED] - setText: Text 'test' is set on object 'Object Repository/Final Object Repo/Login Page/Internal User/Password'

2018-12-17 17:16:08 - [MESSAGE][PASSED] - Text 'test' is set on object 'Object Repository/Final Object Repo/Login Page/Internal User/Password'

2018-12-17 17:16:08 - [TEST_STEP][PASSED] - delay: Delayed 2 second(s)

2018-12-17 17:16:10 - [MESSAGE][PASSED] - Delayed 2 second(s)

2018-12-17 17:16:10 - [TEST_STEP][PASSED] - click: Object: 'Object Repository/Final Object Repo/Login Page/Internal User/Login Button' is clicked on

2018-12-17 17:16:10 - [MESSAGE][PASSED] - Object: 'Object Repository/Final Object Repo/Login Page/Internal User/Login Button' is clicked on

2018-12-17 17:16:10 - [TEST_STEP][PASSED] - Statement - tester = com.kms.katalon.core.testobject.ObjectRepository.findTestObject(Final Object Repo/Landing Page/Select to English): Finding Test Object with id 'Object Repository/Final Object Repo/Landing Page/Select to English'

2018-12-17 17:16:10 - [TEST_STEP][PASSED] - Statement - Try: Delayed 2 second(s)

2018-12-17 17:16:10 - [TEST_STEP][PASSED] - Statement - Checker = com.kms.katalon.core.webui.keyword.WebUiBuiltInKeywords.verifyElementNotPresent(tester, 3): Web element with id: 'Object Repository/Final Object Repo/Landing Page/Select to English' located by 'By.xpath: //a[@class = 'taglib-language-list-text' and @lang = 'en-US' and (contains(text(), 'EN') or contains(., 'EN'))]' is not present after '3' second(s)

2018-12-17 17:16:12 - [MESSAGE][PASSED] - Web element with id: 'Object Repository/Final Object Repo/Landing Page/Select to English' located by 'By.xpath: //a[@class = 'taglib-language-list-text' and @lang = 'en-US' and (contains(text(), 'EN') or contains(., 'EN'))]' is not present after '3' second(s)

2018-12-17 17:16:12 - [TEST_STEP][PASSED] - Statement - If (Checker == false): null

2018-12-17 17:16:12 - [TEST_STEP][PASSED] - delay: Delayed 2 second(s)

2018-12-17 17:16:14 - [MESSAGE][PASSED] - Delayed 2 second(s)

2018-12-17 17:16:14 - [TEST_STEP][PASSED] - delay: Delayed 5 second(s)

2018-12-17 17:16:19 - [MESSAGE][PASSED] - Delayed 5 second(s)

2018-12-17 17:16:19 - [TEST_STEP][PASSED] - mouseOver: Object: 'Object Repository/Final Object Repo/Landing Page/WorkFlow Menu' is hovered

2018-12-17 17:16:19 - [MESSAGE][PASSED] - Object: 'Object Repository/Final Object Repo/Landing Page/WorkFlow Menu' is hovered

2018-12-17 17:16:19 - [TEST_STEP][PASSED] - delay: Delayed 2 second(s)

2018-12-17 17:16:21 - [MESSAGE][PASSED] - Delayed 2 second(s)

2018-12-17 17:16:21 - [TEST_STEP][PASSED] - click: Object: 'Object Repository/Final Object Repo/Landing Page/Select to Workflow Listing' is clicked on

2018-12-17 17:16:22 - [MESSAGE][PASSED] - Object: 'Object Repository/Final Object Repo/Landing Page/Select to Workflow Listing' is clicked on

2018-12-17 17:16:22 - [TEST_STEP][PASSED] - delay: Delayed 2 second(s)

2018-12-17 17:16:24 - [MESSAGE][PASSED] - Delayed 2 second(s)

2018-12-17 17:16:24 - [TEST_STEP][PASSED] - click: Object: 'Object Repository/Final Object Repo/WorkFlow Listing Page/Search Information - To Put Ref No' is clicked on

2018-12-17 17:16:24 - [MESSAGE][PASSED] - Object: 'Object Repository/Final Object Repo/WorkFlow Listing Page/Search Information - To Put Ref No' is clicked on

2018-12-17 17:16:24 - [TEST_STEP][PASSED] - delay: Delayed 2 second(s)

2018-12-17 17:16:26 - [MESSAGE][PASSED] - Delayed 2 second(s)

2018-12-17 17:16:26 - [TEST_STEP][PASSED] - callTestCase: Call Test Case 'Test Cases/Final Aug 2018 - PKS Automation/Common/Reference Number Getter' successfully

2018-12-17 17:16:26 - [TEST_CASE][PASSED] - Test Cases/Final Aug 2018 - PKS Automation/Common/Reference Number Getter: Test Cases/Final Aug 2018 - PKS Automation/Common/Reference Number Getter

2018-12-17 17:16:26 - [TEST_STEP][PASSED] - Statement - Try: null

2018-12-17 17:16:26 - [TEST_STEP][PASSED] - Statement - RefNo = new java.io.File(C://Users//Admin//Desktop//PKS//Automation Reference Point//KatalonReference.txt): null

2018-12-17 17:16:26 - [TEST_STEP][PASSED] - Statement - bufferread = new java.io.BufferedReader(new java.io.FileReader(RefNo)): null

2018-12-17 17:16:26 - [TEST_STEP][PASSED] - Statement - readedVal = bufferread.readLine(): null

2018-12-17 17:16:26 - [TEST_STEP][PASSED] - Statement - out.println(CaseReferenceNo): null

2018-12-17 17:16:26 - [TEST_STEP][PASSED] - Statement - out.println(readedVal): null

2018-12-17 17:16:26 - [TEST_STEP][PASSED] - Statement - CaseReferenceNo = "": null

2018-12-17 17:16:26 - [TEST_STEP][PASSED] - Statement - CaseReferenceNo = readedVal: null

2018-12-17 17:16:26 - [MESSAGE][PASSED] - Call Test Case 'Test Cases/Final Aug 2018 - PKS Automation/Common/Reference Number Getter' successfully

2018-12-17 17:16:26 - [TEST_STEP][PASSED] - setText: Text 'ERN122018C200002489' is set on object 'Object Repository/Final Object Repo/WorkFlow Listing Page/Ref No Set Text'

2018-12-17 17:16:27 - [MESSAGE][PASSED] - Text 'ERN122018C200002489' is set on object 'Object Repository/Final Object Repo/WorkFlow Listing Page/Ref No Set Text'

2018-12-17 17:16:27 - [TEST_STEP][PASSED] - delay: Delayed 2 second(s)

2018-12-17 17:16:29 - [MESSAGE][PASSED] - Delayed 2 second(s)

2018-12-17 17:16:29 - [TEST_STEP][PASSED] - click: Object: 'Object Repository/Final Object Repo/WorkFlow Listing Page/Search Ref No Search Button' is clicked on

2018-12-17 17:16:29 - [MESSAGE][PASSED] - Object: 'Object Repository/Final Object Repo/WorkFlow Listing Page/Search Ref No Search Button' is clicked on

2018-12-17 17:16:29 - [TEST_STEP][PASSED] - delay: Delayed 6 second(s)

2018-12-17 17:16:35 - [MESSAGE][PASSED] - Delayed 6 second(s)

2018-12-17 17:16:35 - [TEST_STEP][PASSED] - click: Object: 'Object Repository/Final Object Repo/WorkFlow Listing Page/Click Continue Tooltip' is clicked on

2018-12-17 17:16:36 - [MESSAGE][PASSED] - Object: 'Object Repository/Final Object Repo/WorkFlow Listing Page/Click Continue Tooltip' is clicked on

2018-12-17 17:16:36 - [TEST_STEP][PASSED] - delay: Delayed 5 second(s)

2018-12-17 17:16:41 - [MESSAGE][PASSED] - Delayed 5 second(s)

2018-12-17 17:16:41 - [TEST_STEP][PASSED] - doubleClick: Object: 'Object Repository/Final Object Repo/WorkFlow Listing Page/Workflow Found - Listing 1' is double clicked on

2018-12-17 17:16:41 - [MESSAGE][PASSED] - Object: 'Object Repository/Final Object Repo/WorkFlow Listing Page/Workflow Found - Listing 1' is double clicked on

2018-12-17 17:16:41 - [TEST_STEP][PASSED] - Statement - println(OwnerID): null

2018-12-17 17:16:41 - [TEST_STEP][PASSED] - Statement - OwnerID = com.kms.katalon.core.webui.keyword.WebUiBuiltInKeywords.getText(com.kms.katalon.core.testobject.ObjectRepository.findTestObject(Final Object Repo/WorkFlow Listing Page/Workflow Found - Listing 1), STOP_ON_FAILURE): Text of object 'Object Repository/Final Object Repo/WorkFlow Listing Page/Workflow Found - Listing 1' is: 'JOHORuo1'

2018-12-17 17:16:41 - [MESSAGE][PASSED] - Text of object 'Object Repository/Final Object Repo/WorkFlow Listing Page/Workflow Found - Listing 1' is: 'JOHORuo1'

2018-12-17 17:16:41 - [TEST_STEP][PASSED] - Statement - OwnerID = OwnerID.toLowerCase() + "@gmail.com": null

2018-12-17 17:16:41 - [TEST_STEP][PASSED] - Statement - println(OwnerID): null

2018-12-17 17:16:41 - [TEST_STEP][PASSED] - delay: Delayed 2 second(s)

2018-12-17 17:16:43 - [MESSAGE][PASSED] - Delayed 2 second(s)

2018-12-17 17:16:43 - [MESSAGE][PASSED] - Call Test Case 'Test Cases/Final Aug 2018 - PKS Automation/Common/Workflow Owner Finder' successfully

2018-12-17 17:16:43 - [TEST_STEP][PASSED] - delay: Delayed 1 second(s)

2018-12-17 17:16:44 - [MESSAGE][PASSED] - Delayed 1 second(s)

2018-12-17 17:16:44 - [TEST_STEP][PASSED] - navigateToUrl: Navigate to 'https://assist2-uat.perkeso.gov.my/c/portal/logout' successfully

2018-12-17 17:16:45 - [MESSAGE][PASSED] - Navigate to 'https://assist2-uat.perkeso.gov.my/c/portal/logout' successfully

2018-12-17 17:16:45 - [TEST_STEP][PASSED] - delay: Delayed 1 second(s)

2018-12-17 17:16:46 - [MESSAGE][PASSED] - Delayed 1 second(s)

2018-12-17 17:16:46 - [TEST_STEP][PASSED] - callTestCase: Call Test Case 'Test Cases/Final Aug 2018 - PKS Automation/Registration Module/Workflow/Login and Search Case For Workflow' successfully

2018-12-17 17:16:46 - [TEST_CASE][PASSED] - Test Cases/Final Aug 2018 - PKS Automation/Registration Module/Workflow/Login and Search Case For Workflow: Test Cases/Final Aug 2018 - PKS Automation/Registration Module/Workflow/Login and Search Case For Workflow

2018-12-17 17:16:46 - [TEST_STEP][PASSED] - navigateToUrl: Navigate to 'https://assist2-uat.perkeso.gov.my/login' successfully

2018-12-17 17:16:47 - [MESSAGE][PASSED] - Navigate to 'https://assist2-uat.perkeso.gov.my/login' successfully

2018-12-17 17:16:47 - [TEST_STEP][PASSED] - setText: Text 'johoruo1@gmail.com' is set on object 'Object Repository/Final Object Repo/Login Page/Internal User/Email Address'

2018-12-17 17:16:47 - [MESSAGE][PASSED] - Text 'johoruo1@gmail.com' is set on object 'Object Repository/Final Object Repo/Login Page/Internal User/Email Address'

2018-12-17 17:16:47 - [TEST_STEP][PASSED] - click: Object: 'Object Repository/Final Object Repo/Login Page/Internal User/Next Button' is clicked on

2018-12-17 17:16:47 - [MESSAGE][PASSED] - Object: 'Object Repository/Final Object Repo/Login Page/Internal User/Next Button' is clicked on

2018-12-17 17:16:47 - [TEST_STEP][PASSED] - delay: Delayed 1 second(s)

2018-12-17 17:16:48 - [MESSAGE][PASSED] - Delayed 1 second(s)

2018-12-17 17:16:48 - [TEST_STEP][PASSED] - setEncryptedText: Text ****** has been set on object 'Object Repository/Final Object Repo/Login Page/Internal User/Password'

2018-12-17 17:16:49 - [MESSAGE][PASSED] - Text ****** has been set on object 'Object Repository/Final Object Repo/Login Page/Internal User/Password'

2018-12-17 17:16:49 - [TEST_STEP][PASSED] - click: Object: 'Object Repository/Final Object Repo/Login Page/Internal User/Login Button' is clicked on

2018-12-17 17:16:49 - [MESSAGE][PASSED] - Object: 'Object Repository/Final Object Repo/Login Page/Internal User/Login Button' is clicked on

2018-12-17 17:16:49 - [TEST_STEP][PASSED] - delay: Delayed 2 second(s)

2018-12-17 17:16:51 - [MESSAGE][PASSED] - Delayed 2 second(s)

2018-12-17 17:16:51 - [TEST_STEP][PASSED] - Statement - Try: Delayed 2 second(s)

2018-12-17 17:16:51 - [TEST_STEP][PASSED] - Statement - Checker = false: null

2018-12-17 17:16:51 - [TEST_STEP][PASSED] - Statement - Checker = com.kms.katalon.core.webui.keyword.WebUiBuiltInKeywords.verifyElementHasAttribute(com.kms.katalon.core.testobject.ObjectRepository.findTestObject(Final Object Repo/Landing Page/BM Detecting), "href", 20, OPTIONAL): Object 'Object Repository/Final Object Repo/Landing Page/BM Detecting' has attribute 'href'

2018-12-17 17:16:51 - [MESSAGE][PASSED] - Object 'Object Repository/Final Object Repo/Landing Page/BM Detecting' has attribute 'href'

2018-12-17 17:16:51 - [TEST_STEP][PASSED] - Statement - out.println(Checker): null

2018-12-17 17:16:51 - [TEST_STEP][PASSED] - Statement - If (Checker == false): null

2018-12-17 17:16:51 - [TEST_STEP][PASSED] - Statement - Else: null

2018-12-17 17:16:51 - [TEST_STEP][PASSED] - delay: Delayed 2 second(s)

2018-12-17 17:16:53 - [MESSAGE][PASSED] - Delayed 2 second(s)

2018-12-17 17:16:53 - [TEST_STEP][PASSED] - click: Object: 'Object Repository/Final Object Repo/Page_MyASSIST - ASSIST - Search Pending Case For Add Supporting Document/Search Information' is clicked on

2018-12-17 17:16:53 - [MESSAGE][PASSED] - Object: 'Object Repository/Final Object Repo/Page_MyASSIST - ASSIST - Search Pending Case For Add Supporting Document/Search Information' is clicked on

2018-12-17 17:16:53 - [TEST_STEP][PASSED] - delay: Delayed 3 second(s)

2018-12-17 17:16:56 - [MESSAGE][PASSED] - Delayed 3 second(s)

2018-12-17 17:16:56 - [TEST_STEP][PASSED] - sendKeys: Keys 'ERN122018C200002489' sent to object: 'Object Repository/Final Object Repo/Page_MyASSIST - ASSIST - Search Pending Case For Add Supporting Document/Reference No'

2018-12-17 17:16:56 - [MESSAGE][PASSED] - Keys 'ERN122018C200002489' sent to object: 'Object Repository/Final Object Repo/Page_MyASSIST - ASSIST - Search Pending Case For Add Supporting Document/Reference No'

2018-12-17 17:16:56 - [TEST_STEP][PASSED] - click: Object: 'Object Repository/Final Object Repo/Page_MyASSIST - ASSIST - Search Pending Case For Add Supporting Document/Search Reference No' is clicked on

2018-12-17 17:16:56 - [MESSAGE][PASSED] - Object: 'Object Repository/Final Object Repo/Page_MyASSIST - ASSIST - Search Pending Case For Add Supporting Document/Search Reference No' is clicked on

2018-12-17 17:16:56 - [TEST_STEP][PASSED] - delay: Delayed 2 second(s)

2018-12-17 17:16:58 - [MESSAGE][PASSED] - Delayed 2 second(s)

2018-12-17 17:16:58 - [TEST_STEP][PASSED] - click: Object: 'Object Repository/Final Object Repo/Page_MyASSIST - ASSIST - Search Pending Case For Add Supporting Document/Continue' is clicked on

2018-12-17 17:17:02 - [MESSAGE][PASSED] - Object: 'Object Repository/Final Object Repo/Page_MyASSIST - ASSIST - Search Pending Case For Add Supporting Document/Continue' is clicked on

2018-12-17 17:17:02 - [TEST_STEP][PASSED] - delay: Delayed 20 second(s)

2018-12-17 17:17:22 - [MESSAGE][PASSED] - Delayed 20 second(s)

2018-12-17 17:17:22 - [MESSAGE][PASSED] - Call Test Case 'Test Cases/Final Aug 2018 - PKS Automation/Registration Module/Workflow/Login and Search Case For Workflow' successfully

2018-12-17 17:17:22 - [TEST_STEP][PASSED] - click: Object: 'Object Repository/Final Object Repo/Page_Form 3 EIS - Cessation as Employer/Page_Form 3 EIS - Cessation as Employer (Approve)/Save  Continue in Form 3 Page' is clicked on

2018-12-17 17:17:22 - [MESSAGE][PASSED] - Object: 'Object Repository/Final Object Repo/Page_Form 3 EIS - Cessation as Employer/Page_Form 3 EIS - Cessation as Employer (Approve)/Save  Continue in Form 3 Page' is clicked on

2018-12-17 17:17:22 - [TEST_STEP][PASSED] - delay: Delayed 4 second(s)

2018-12-17 17:17:26 - [MESSAGE][PASSED] - Delayed 4 second(s)

2018-12-17 17:17:26 - [TEST_STEP][PASSED] - click: Object: 'Object Repository/Final Object Repo/Page_Form 3 EIS - Cessation as Employer/Page_Form 3 EIS - Cessation as Employer (Approve)/Save  Continue in Resigned Page' is clicked on

2018-12-17 17:17:26 - [MESSAGE][PASSED] - Object: 'Object Repository/Final Object Repo/Page_Form 3 EIS - Cessation as Employer/Page_Form 3 EIS - Cessation as Employer (Approve)/Save  Continue in Resigned Page' is clicked on

2018-12-17 17:17:26 - [TEST_STEP][PASSED] - delay: Delayed 2 second(s)

2018-12-17 17:17:28 - [MESSAGE][PASSED] - Delayed 2 second(s)

2018-12-17 17:17:28 - [TEST_STEP][PASSED] - setText: Text 'Remark' is set on object 'Object Repository/Final Object Repo/Page_Form 3 EIS - Cessation as Employer/Page_Form 3 EIS - Cessation as Employer (Query)/Query - Remark'

2018-12-17 17:17:29 - [MESSAGE][PASSED] - Text 'Remark' is set on object 'Object Repository/Final Object Repo/Page_Form 3 EIS - Cessation as Employer/Page_Form 3 EIS - Cessation as Employer (Query)/Query - Remark'

2018-12-17 17:17:29 - [TEST_STEP][PASSED] - delay: Delayed 2 second(s)

2018-12-17 17:17:31 - [MESSAGE][PASSED] - Delayed 2 second(s)

2018-12-17 17:17:31 - [TEST_STEP][PASSED] - click: Object: 'Object Repository/Final Object Repo/Page_Form 3 EIS - Cessation as Employer/Page_Form 3 EIS - Cessation as Employer (Query)/Save  Continue' is clicked on

2018-12-17 17:17:32 - [MESSAGE][PASSED] - Object: 'Object Repository/Final Object Repo/Page_Form 3 EIS - Cessation as Employer/Page_Form 3 EIS - Cessation as Employer (Query)/Save  Continue' is clicked on

2018-12-17 17:17:32 - [TEST_STEP][PASSED] - delay: Delayed 2 second(s)

2018-12-17 17:17:34 - [MESSAGE][PASSED] - Delayed 2 second(s)

2018-12-17 17:17:34 - [TEST_STEP][PASSED] - click: Object: 'Object Repository/Final Object Repo/Page_Form 3 EIS - Cessation as Employer/Page_Form 3 EIS - Cessation as Employer (Query)/Query' is clicked on

2018-12-17 17:17:36 - [MESSAGE][PASSED] - Object: 'Object Repository/Final Object Repo/Page_Form 3 EIS - Cessation as Employer/Page_Form 3 EIS - Cessation as Employer (Query)/Query' is clicked on

2018-12-17 17:17:36 - [TEST_STEP][PASSED] - delay: Delayed 2 second(s)

2018-12-17 17:17:38 - [MESSAGE][PASSED] - Delayed 2 second(s)

2018-12-17 17:17:38 - [TEST_STEP][PASSED] - click: Object: 'Object Repository/Final Object Repo/Page_Form 3 EIS - Cessation as Employer/Page_Form 3 EIS - Cessation as Employer (Query)/Confirm' is clicked on

2018-12-17 17:17:45 - [MESSAGE][PASSED] - Object: 'Object Repository/Final Object Repo/Page_Form 3 EIS - Cessation as Employer/Page_Form 3 EIS - Cessation as Employer (Query)/Confirm' is clicked on

2018-12-17 17:17:45 - [TEST_STEP][PASSED] - delay: Delayed 2 second(s)

2018-12-17 17:17:47 - [MESSAGE][PASSED] - Delayed 2 second(s)

2018-12-17 17:17:47 - [TEST_STEP][PASSED] - click: Object: 'Object Repository/Final Object Repo/Page_Form 3 EIS - Cessation as Employer/Page_Form 3 EIS - Cessation as Employer (Query)/Message The Case Is Under Query' is clicked on

2018-12-17 17:17:48 - [MESSAGE][PASSED] - Object: 'Object Repository/Final Object Repo/Page_Form 3 EIS - Cessation as Employer/Page_Form 3 EIS - Cessation as Employer (Query)/Message The Case Is Under Query' is clicked on

2018-12-17 17:17:48 - [TEST_STEP][PASSED] - click: Object: 'Object Repository/Final Object Repo/Page_Form 3 EIS - Cessation as Employer/Page_Form 3 EIS - Cessation as Employer (Query)/Letter of inquiry' is clicked on

2018-12-17 17:17:48 - [MESSAGE][PASSED] - Object: 'Object Repository/Final Object Repo/Page_Form 3 EIS - Cessation as Employer/Page_Form 3 EIS - Cessation as Employer (Query)/Letter of inquiry' is clicked on

2018-12-17 17:17:48 - [TEST_STEP][PASSED] - delay: Delayed 1 second(s)

2018-12-17 17:17:49 - [MESSAGE][PASSED] - Delayed 1 second(s)

2018-12-17 17:17:49 - [TEST_STEP][PASSED] - navigateToUrl: Navigate to 'https://assist2-uat.perkeso.gov.my/c/portal/logout' successfully

2018-12-17 17:17:50 - [MESSAGE][PASSED] - Navigate to 'https://assist2-uat.perkeso.gov.my/c/portal/logout' successfully

2018-12-17 17:17:50 - [TEST_STEP][PASSED] - delay: Delayed 1 second(s)

2018-12-17 17:17:51 - [MESSAGE][PASSED] - Delayed 1 second(s)

2018-12-17 17:17:51 - [TEST_STEP][PASSED] - callTestCase: Call Test Case 'Test Cases/Final Aug 2018 - PKS Automation/Registration Module/Workflow/Login and Search Case For Workflow' successfully

2018-12-17 17:17:51 - [TEST_CASE][PASSED] - Test Cases/Final Aug 2018 - PKS Automation/Registration Module/Workflow/Login and Search Case For Workflow: Test Cases/Final Aug 2018 - PKS Automation/Registration Module/Workflow/Login and Search Case For Workflow

2018-12-17 17:17:51 - [TEST_STEP][PASSED] - navigateToUrl: Navigate to 'https://assist2-uat.perkeso.gov.my/login' successfully

2018-12-17 17:17:51 - [MESSAGE][PASSED] - Navigate to 'https://assist2-uat.perkeso.gov.my/login' successfully

2018-12-17 17:17:51 - [TEST_STEP][PASSED] - setText: Text 'johoruo1@gmail.com' is set on object 'Object Repository/Final Object Repo/Login Page/Internal User/Email Address'

2018-12-17 17:17:52 - [MESSAGE][PASSED] - Text 'johoruo1@gmail.com' is set on object 'Object Repository/Final Object Repo/Login Page/Internal User/Email Address'

2018-12-17 17:17:52 - [TEST_STEP][PASSED] - click: Object: 'Object Repository/Final Object Repo/Login Page/Internal User/Next Button' is clicked on

2018-12-17 17:17:52 - [MESSAGE][PASSED] - Object: 'Object Repository/Final Object Repo/Login Page/Internal User/Next Button' is clicked on

2018-12-17 17:17:52 - [TEST_STEP][PASSED] - delay: Delayed 1 second(s)

2018-12-17 17:17:53 - [MESSAGE][PASSED] - Delayed 1 second(s)

2018-12-17 17:17:53 - [TEST_STEP][PASSED] - setEncryptedText: Text ****** has been set on object 'Object Repository/Final Object Repo/Login Page/Internal User/Password'

2018-12-17 17:17:53 - [MESSAGE][PASSED] - Text ****** has been set on object 'Object Repository/Final Object Repo/Login Page/Internal User/Password'

2018-12-17 17:17:53 - [TEST_STEP][PASSED] - click: Object: 'Object Repository/Final Object Repo/Login Page/Internal User/Login Button' is clicked on

2018-12-17 17:17:53 - [MESSAGE][PASSED] - Object: 'Object Repository/Final Object Repo/Login Page/Internal User/Login Button' is clicked on

2018-12-17 17:17:53 - [TEST_STEP][PASSED] - delay: Delayed 2 second(s)

2018-12-17 17:17:55 - [MESSAGE][PASSED] - Delayed 2 second(s)

2018-12-17 17:17:55 - [TEST_STEP][PASSED] - Statement - Try: Delayed 2 second(s)

2018-12-17 17:17:55 - [TEST_STEP][PASSED] - Statement - Checker = false: null

2018-12-17 17:17:55 - [TEST_STEP][PASSED] - Statement - Checker = com.kms.katalon.core.webui.keyword.WebUiBuiltInKeywords.verifyElementHasAttribute(com.kms.katalon.core.testobject.ObjectRepository.findTestObject(Final Object Repo/Landing Page/BM Detecting), "href", 20, OPTIONAL): Object 'Object Repository/Final Object Repo/Landing Page/BM Detecting' has attribute 'href'

2018-12-17 17:17:55 - [MESSAGE][PASSED] - Object 'Object Repository/Final Object Repo/Landing Page/BM Detecting' has attribute 'href'

2018-12-17 17:17:55 - [TEST_STEP][PASSED] - Statement - out.println(Checker): null

2018-12-17 17:17:55 - [TEST_STEP][PASSED] - Statement - If (Checker == false): null

2018-12-17 17:17:55 - [TEST_STEP][PASSED] - Statement - Else: null

2018-12-17 17:17:55 - [TEST_STEP][PASSED] - delay: Delayed 2 second(s)

2018-12-17 17:17:57 - [MESSAGE][PASSED] - Delayed 2 second(s)

2018-12-17 17:17:57 - [TEST_STEP][PASSED] - click: Object: 'Object Repository/Final Object Repo/Page_MyASSIST - ASSIST - Search Pending Case For Add Supporting Document/Search Information' is clicked on

2018-12-17 17:17:58 - [MESSAGE][PASSED] - Object: 'Object Repository/Final Object Repo/Page_MyASSIST - ASSIST - Search Pending Case For Add Supporting Document/Search Information' is clicked on

2018-12-17 17:17:58 - [TEST_STEP][PASSED] - delay: Delayed 3 second(s)

2018-12-17 17:18:01 - [MESSAGE][PASSED] - Delayed 3 second(s)

2018-12-17 17:18:01 - [TEST_STEP][PASSED] - sendKeys: Keys 'ERN122018C200002489' sent to object: 'Object Repository/Final Object Repo/Page_MyASSIST - ASSIST - Search Pending Case For Add Supporting Document/Reference No'

2018-12-17 17:18:01 - [MESSAGE][PASSED] - Keys 'ERN122018C200002489' sent to object: 'Object Repository/Final Object Repo/Page_MyASSIST - ASSIST - Search Pending Case For Add Supporting Document/Reference No'

2018-12-17 17:18:01 - [TEST_STEP][PASSED] - click: Object: 'Object Repository/Final Object Repo/Page_MyASSIST - ASSIST - Search Pending Case For Add Supporting Document/Search Reference No' is clicked on

2018-12-17 17:18:01 - [MESSAGE][PASSED] - Object: 'Object Repository/Final Object Repo/Page_MyASSIST - ASSIST - Search Pending Case For Add Supporting Document/Search Reference No' is clicked on

2018-12-17 17:18:01 - [TEST_STEP][PASSED] - delay: Delayed 2 second(s)

2018-12-17 17:18:03 - [MESSAGE][PASSED] - Delayed 2 second(s)

2018-12-17 17:18:03 - [TEST_STEP][PASSED] - click: Object: 'Object Repository/Final Object Repo/Page_MyASSIST - ASSIST - Search Pending Case For Add Supporting Document/Continue' is clicked on

2018-12-17 17:18:06 - [MESSAGE][PASSED] - Object: 'Object Repository/Final Object Repo/Page_MyASSIST - ASSIST - Search Pending Case For Add Supporting Document/Continue' is clicked on

2018-12-17 17:18:06 - [TEST_STEP][PASSED] - delay: Delayed 20 second(s)

2018-12-17 17:18:26 - [MESSAGE][PASSED] - Delayed 20 second(s)

2018-12-17 17:18:26 - [MESSAGE][PASSED] - Call Test Case 'Test Cases/Final Aug 2018 - PKS Automation/Registration Module/Workflow/Login and Search Case For Workflow' successfully

2018-12-17 17:18:26 - [TEST_STEP][PASSED] - navigateToUrl: Navigate to 'https://assist2-uat.perkeso.gov.my/web/registration/eis-update/form-3-eis-cessation-as-employer?p_p_id=searchforemployersip_WAR_registrationportlet&p_p_lifecycle=0&_searchforemployersip_WAR_registrationportlet_regViewKey=87&_searchforemployersip_WAR_registrationportlet_browserIdKey=1536115932192&_searchforemployersip_WAR_registrationportlet_tempEmployerIdKey=128990&_searchforemployersip_WAR_registrationportlet_employerIdKey=&_searchforemployersip_WAR_registrationportlet_refCaseNo=ERN092018C200002133&_searchforemployersip_WAR_registrationportlet_mvcPath=%2Fapps%2Freg%2Fdiscontinue_business_sip%2Fdiscontinue_business_sip_form.jsp&_searchforemployersip_WAR_registrationportlet_regSectionKey=215' successfully

2018-12-17 17:18:29 - [MESSAGE][PASSED] - Navigate to 'https://assist2-uat.perkeso.gov.my/web/registration/eis-update/form-3-eis-cessation-as-employer?p_p_id=searchforemployersip_WAR_registrationportlet&p_p_lifecycle=0&_searchforemployersip_WAR_registrationportlet_regViewKey=87&_searchforemployersip_WAR_registrationportlet_browserIdKey=1536115932192&_searchforemployersip_WAR_registrationportlet_tempEmployerIdKey=128990&_searchforemployersip_WAR_registrationportlet_employerIdKey=&_searchforemployersip_WAR_registrationportlet_refCaseNo=ERN092018C200002133&_searchforemployersip_WAR_registrationportlet_mvcPath=%2Fapps%2Freg%2Fdiscontinue_business_sip%2Fdiscontinue_business_sip_form.jsp&_searchforemployersip_WAR_registrationportlet_regSectionKey=215' successfully

2018-12-17 17:18:29 - [TEST_STEP][PASSED] - delay: Delayed 10 second(s)

2018-12-17 17:18:39 - [MESSAGE][PASSED] - Delayed 10 second(s)

2018-12-17 17:18:39 - [TEST_STEP][FAILED] - click: Unable to click on object 'Object Repository/Final Object Repo/Page_Form 3 EIS - Cessation as Employer/Page_Form 3 EIS - Cessation as Employer (Query - OTC - UO)/Next' (Root cause: com.kms.katalon.core.webui.exception.WebElementNotFoundException: Web element with id: 'Object Repository/Final Object Repo/Page_Form 3 EIS - Cessation as Employer/Page_Form 3 EIS - Cessation as Employer (Query - OTC - UO)/Next' located by 'By.xpath: //a[(contains(text(), 'NEXT') or contains(., 'NEXT'))]' not found)

2018-12-17 17:19:13 - [MESSAGE][FAILED] - Unable to click on object 'Object Repository/Final Object Repo/Page_Form 3 EIS - Cessation as Employer/Page_Form 3 EIS - Cessation as Employer (Query - OTC - UO)/Next' (Root cause: com.kms.katalon.core.webui.exception.WebElementNotFoundException: Web element with id: 'Object Repository/Final Object Repo/Page_Form 3 EIS - Cessation as Employer/Page_Form 3 EIS - Cessation as Employer (Query - OTC - UO)/Next' located by 'By.xpath: //a[(contains(text(), 'NEXT') or contains(., 'NEXT'))]' not found)
[[ATTACHMENT|C:\\Users\\Admin\\Desktop\\PKS\\Perkeso Phase A\\Reports\\Workflow\\Form 3 EIS - Cessation as Employer\\20181217_164106\\1545038352719.png]]

2018-12-17 17:19:13 - [TEST_STEP][PASSED] - delay: Delayed 2 second(s)

2018-12-17 17:19:15 - [MESSAGE][PASSED] - Delayed 2 second(s)

2018-12-17 17:19:15 - [TEST_STEP][FAILED] - click: Unable to click on object 'Object Repository/Final Object Repo/Page_Form 3 EIS - Cessation as Employer/Page_Form 3 EIS - Cessation as Employer (Query - OTC - UO)/Next in Resigned Page' (Root cause: com.kms.katalon.core.webui.exception.WebElementNotFoundException: Web element with id: 'Object Repository/Final Object Repo/Page_Form 3 EIS - Cessation as Employer/Page_Form 3 EIS - Cessation as Employer (Query - OTC - UO)/Next in Resigned Page' located by 'By.xpath: //a[(text() = ' NEXT
					' or . = ' NEXT
					')]' not found)

2018-12-17 17:19:47 - [MESSAGE][FAILED] - Unable to click on object 'Object Repository/Final Object Repo/Page_Form 3 EIS - Cessation as Employer/Page_Form 3 EIS - Cessation as Employer (Query - OTC - UO)/Next in Resigned Page' (Root cause: com.kms.katalon.core.webui.exception.WebElementNotFoundException: Web element with id: 'Object Repository/Final Object Repo/Page_Form 3 EIS - Cessation as Employer/Page_Form 3 EIS - Cessation as Employer (Query - OTC - UO)/Next in Resigned Page' located by 'By.xpath: //a[(text() = ' NEXT
					' or . = ' NEXT
					')]' not found)
[[ATTACHMENT|C:\\Users\\Admin\\Desktop\\PKS\\Perkeso Phase A\\Reports\\Workflow\\Form 3 EIS - Cessation as Employer\\20181217_164106\\1545038387433.png]]

2018-12-17 17:19:47 - [TEST_STEP][PASSED] - delay: Delayed 2 second(s)

2018-12-17 17:19:49 - [MESSAGE][PASSED] - Delayed 2 second(s)

2018-12-17 17:19:49 - [TEST_STEP][FAILED] - click: Unable to click on object 'Object Repository/Final Object Repo/Page_Form 3 EIS - Cessation as Employer/Page_Form 3 EIS - Cessation as Employer (Query - OTC - UO)/Add Document' (Root cause: com.kms.katalon.core.webui.exception.WebElementNotFoundException: Web element with id: 'Object Repository/Final Object Repo/Page_Form 3 EIS - Cessation as Employer/Page_Form 3 EIS - Cessation as Employer (Query - OTC - UO)/Add Document' located by 'By.xpath: //a[(text() = '
					ADD DOCUMENT
	             ' or . = '
					ADD DOCUMENT
	             ')]' not found)

2018-12-17 17:20:22 - [MESSAGE][FAILED] - Unable to click on object 'Object Repository/Final Object Repo/Page_Form 3 EIS - Cessation as Employer/Page_Form 3 EIS - Cessation as Employer (Query - OTC - UO)/Add Document' (Root cause: com.kms.katalon.core.webui.exception.WebElementNotFoundException: Web element with id: 'Object Repository/Final Object Repo/Page_Form 3 EIS - Cessation as Employer/Page_Form 3 EIS - Cessation as Employer (Query - OTC - UO)/Add Document' located by 'By.xpath: //a[(text() = '
					ADD DOCUMENT
	             ' or . = '
					ADD DOCUMENT
	             ')]' not found)
[[ATTACHMENT|C:\\Users\\Admin\\Desktop\\PKS\\Perkeso Phase A\\Reports\\Workflow\\Form 3 EIS - Cessation as Employer\\20181217_164106\\1545038422578.png]]

2018-12-17 17:20:22 - [TEST_STEP][PASSED] - delay: Delayed 2 second(s)

2018-12-17 17:20:24 - [MESSAGE][PASSED] - Delayed 2 second(s)

2018-12-17 17:20:24 - [TEST_STEP][FAILED] - click: Unable to click on object 'Object Repository/Final Object Repo/Page_Form 3 EIS - Cessation as Employer/Page_Form 3 EIS - Cessation as Employer (Query - OTC - UO)/Document Type' (Root cause: com.kms.katalon.core.webui.exception.WebElementNotFoundException: Web element with id: 'Object Repository/Final Object Repo/Page_Form 3 EIS - Cessation as Employer/Page_Form 3 EIS - Cessation as Employer (Query - OTC - UO)/Document Type' located by 'By.xpath: //span[@aria-labelledby = 'select2-_searchforemployersip_WAR_registrationportlet_objdocTypeId-container']' not found)

2018-12-17 17:21:01 - [MESSAGE][FAILED] - Unable to click on object 'Object Repository/Final Object Repo/Page_Form 3 EIS - Cessation as Employer/Page_Form 3 EIS - Cessation as Employer (Query - OTC - UO)/Document Type' (Root cause: com.kms.katalon.core.webui.exception.WebElementNotFoundException: Web element with id: 'Object Repository/Final Object Repo/Page_Form 3 EIS - Cessation as Employer/Page_Form 3 EIS - Cessation as Employer (Query - OTC - UO)/Document Type' located by 'By.xpath: //span[@aria-labelledby = 'select2-_searchforemployersip_WAR_registrationportlet_objdocTypeId-container']' not found)
[[ATTACHMENT|C:\\Users\\Admin\\Desktop\\PKS\\Perkeso Phase A\\Reports\\Workflow\\Form 3 EIS - Cessation as Employer\\20181217_164106\\1545038461551.png]]

2018-12-17 17:21:01 - [TEST_STEP][PASSED] - delay: Delayed 2 second(s)

2018-12-17 17:21:03 - [MESSAGE][PASSED] - Delayed 2 second(s)

2018-12-17 17:21:03 - [TEST_STEP][FAILED] - click: Unable to click on object 'Object Repository/Final Object Repo/Page_Form 3 EIS - Cessation as Employer/Page_Form 3 EIS - Cessation as Employer (Query - OTC - UO)/Document Type - Others' (Root cause: com.kms.katalon.core.webui.exception.WebElementNotFoundException: Web element with id: 'Object Repository/Final Object Repo/Page_Form 3 EIS - Cessation as Employer/Page_Form 3 EIS - Cessation as Employer (Query - OTC - UO)/Document Type - Others' located by 'By.xpath: //span[(text() = '


	Others
' or . = '


	Others
')]' not found)

2018-12-17 17:21:35 - [MESSAGE][FAILED] - Unable to click on object 'Object Repository/Final Object Repo/Page_Form 3 EIS - Cessation as Employer/Page_Form 3 EIS - Cessation as Employer (Query - OTC - UO)/Document Type - Others' (Root cause: com.kms.katalon.core.webui.exception.WebElementNotFoundException: Web element with id: 'Object Repository/Final Object Repo/Page_Form 3 EIS - Cessation as Employer/Page_Form 3 EIS - Cessation as Employer (Query - OTC - UO)/Document Type - Others' located by 'By.xpath: //span[(text() = '


	Others
' or . = '


	Others
')]' not found)
[[ATTACHMENT|C:\\Users\\Admin\\Desktop\\PKS\\Perkeso Phase A\\Reports\\Workflow\\Form 3 EIS - Cessation as Employer\\20181217_164106\\1545038495298.png]]

2018-12-17 17:21:35 - [TEST_STEP][PASSED] - delay: Delayed 2 second(s)

2018-12-17 17:21:37 - [MESSAGE][PASSED] - Delayed 2 second(s)

2018-12-17 17:21:37 - [TEST_STEP][FAILED] - sendKeys: Unable to send keys 'C:\Users\Public\Pictures\Sample Pictures\Koala.jpg' to object 'Object Repository/Final Object Repo/Page_Form 3 EIS - Cessation as Employer/Page_Form 3 EIS - Cessation as Employer (Query - OTC - UO)/ploading File' (Root cause: com.kms.katalon.core.webui.exception.WebElementNotFoundException: Web element with id: 'Object Repository/Final Object Repo/Page_Form 3 EIS - Cessation as Employer/Page_Form 3 EIS - Cessation as Employer (Query - OTC - UO)/ploading File' located by 'By.xpath: //input[@type = 'file' and @id = '_searchforemployersip_WAR_registrationportlet_uploadFile']' not found)

2018-12-17 17:22:10 - [MESSAGE][FAILED] - Unable to send keys 'C:\Users\Public\Pictures\Sample Pictures\Koala.jpg' to object 'Object Repository/Final Object Repo/Page_Form 3 EIS - Cessation as Employer/Page_Form 3 EIS - Cessation as Employer (Query - OTC - UO)/ploading File' (Root cause: com.kms.katalon.core.webui.exception.WebElementNotFoundException: Web element with id: 'Object Repository/Final Object Repo/Page_Form 3 EIS - Cessation as Employer/Page_Form 3 EIS - Cessation as Employer (Query - OTC - UO)/ploading File' located by 'By.xpath: //input[@type = 'file' and @id = '_searchforemployersip_WAR_registrationportlet_uploadFile']' not found)
[[ATTACHMENT|C:\\Users\\Admin\\Desktop\\PKS\\Perkeso Phase A\\Reports\\Workflow\\Form 3 EIS - Cessation as Employer\\20181217_164106\\1545038530246.png]]

2018-12-17 17:22:10 - [TEST_STEP][PASSED] - delay: Delayed 2 second(s)

2018-12-17 17:22:12 - [MESSAGE][PASSED] - Delayed 2 second(s)

2018-12-17 17:22:12 - [TEST_STEP][FAILED] - click: Unable to click on object 'Object Repository/Final Object Repo/Page_Form 3 EIS - Cessation as Employer/Page_Form 3 EIS - Cessation as Employer (Query - OTC - UO)/Add Document in Uploading Page' (Root cause: com.kms.katalon.core.webui.exception.WebElementNotFoundException: Web element with id: 'Object Repository/Final Object Repo/Page_Form 3 EIS - Cessation as Employer/Page_Form 3 EIS - Cessation as Employer (Query - OTC - UO)/Add Document in Uploading Page' located by 'By.xpath: //a[(text() = '
										ADD DOCUMENT
								     ' or . = '
										ADD DOCUMENT
								     ')]' not found)

2018-12-17 17:22:46 - [MESSAGE][FAILED] - Unable to click on object 'Object Repository/Final Object Repo/Page_Form 3 EIS - Cessation as Employer/Page_Form 3 EIS - Cessation as Employer (Query - OTC - UO)/Add Document in Uploading Page' (Root cause: com.kms.katalon.core.webui.exception.WebElementNotFoundException: Web element with id: 'Object Repository/Final Object Repo/Page_Form 3 EIS - Cessation as Employer/Page_Form 3 EIS - Cessation as Employer (Query - OTC - UO)/Add Document in Uploading Page' located by 'By.xpath: //a[(text() = '
										ADD DOCUMENT
								     ' or . = '
										ADD DOCUMENT
								     ')]' not found)
[[ATTACHMENT|C:\\Users\\Admin\\Desktop\\PKS\\Perkeso Phase A\\Reports\\Workflow\\Form 3 EIS - Cessation as Employer\\20181217_164106\\1545038566209.png]]

2018-12-17 17:22:46 - [TEST_STEP][PASSED] - delay: Delayed 2 second(s)

2018-12-17 17:22:48 - [MESSAGE][PASSED] - Delayed 2 second(s)

2018-12-17 17:22:48 - [TEST_STEP][FAILED] - click: Unable to click on object 'Object Repository/Final Object Repo/Page_Form 3 EIS - Cessation as Employer/Page_Form 3 EIS - Cessation as Employer (Query - OTC - UO)/Exit' (Root cause: com.kms.katalon.core.webui.exception.WebElementNotFoundException: Web element with id: 'Object Repository/Final Object Repo/Page_Form 3 EIS - Cessation as Employer/Page_Form 3 EIS - Cessation as Employer (Query - OTC - UO)/Exit' located by 'By.xpath: //a[(text() = '
									EXIT
				                ' or . = '
									EXIT
				                ')]' not found)

2018-12-17 17:23:21 - [MESSAGE][FAILED] - Unable to click on object 'Object Repository/Final Object Repo/Page_Form 3 EIS - Cessation as Employer/Page_Form 3 EIS - Cessation as Employer (Query - OTC - UO)/Exit' (Root cause: com.kms.katalon.core.webui.exception.WebElementNotFoundException: Web element with id: 'Object Repository/Final Object Repo/Page_Form 3 EIS - Cessation as Employer/Page_Form 3 EIS - Cessation as Employer (Query - OTC - UO)/Exit' located by 'By.xpath: //a[(text() = '
									EXIT
				                ' or . = '
									EXIT
				                ')]' not found)
[[ATTACHMENT|C:\\Users\\Admin\\Desktop\\PKS\\Perkeso Phase A\\Reports\\Workflow\\Form 3 EIS - Cessation as Employer\\20181217_164106\\1545038601339.png]]

2018-12-17 17:23:21 - [TEST_STEP][PASSED] - delay: Delayed 1 second(s)

2018-12-17 17:23:22 - [MESSAGE][PASSED] - Delayed 1 second(s)

2018-12-17 17:23:22 - [TEST_STEP][PASSED] - navigateToUrl: Navigate to 'https://assist2-uat.perkeso.gov.my/c/portal/logout' successfully

2018-12-17 17:23:23 - [MESSAGE][PASSED] - Navigate to 'https://assist2-uat.perkeso.gov.my/c/portal/logout' successfully

2018-12-17 17:23:23 - [TEST_STEP][PASSED] - delay: Delayed 1 second(s)

2018-12-17 17:23:24 - [MESSAGE][PASSED] - Delayed 1 second(s)

2018-12-17 17:23:24 - [TEST_STEP][PASSED] - callTestCase: Call Test Case 'Test Cases/Final Aug 2018 - PKS Automation/Registration Module/Workflow/Login and Search Case For Workflow' successfully

2018-12-17 17:23:24 - [TEST_CASE][PASSED] - Test Cases/Final Aug 2018 - PKS Automation/Registration Module/Workflow/Login and Search Case For Workflow: Test Cases/Final Aug 2018 - PKS Automation/Registration Module/Workflow/Login and Search Case For Workflow

2018-12-17 17:23:24 - [TEST_STEP][PASSED] - navigateToUrl: Navigate to 'https://assist2-uat.perkeso.gov.my/login' successfully

2018-12-17 17:23:25 - [MESSAGE][PASSED] - Navigate to 'https://assist2-uat.perkeso.gov.my/login' successfully

2018-12-17 17:23:25 - [TEST_STEP][PASSED] - setText: Text 'johoruo1@gmail.com' is set on object 'Object Repository/Final Object Repo/Login Page/Internal User/Email Address'

2018-12-17 17:23:25 - [MESSAGE][PASSED] - Text 'johoruo1@gmail.com' is set on object 'Object Repository/Final Object Repo/Login Page/Internal User/Email Address'

2018-12-17 17:23:25 - [TEST_STEP][PASSED] - click: Object: 'Object Repository/Final Object Repo/Login Page/Internal User/Next Button' is clicked on

2018-12-17 17:23:25 - [MESSAGE][PASSED] - Object: 'Object Repository/Final Object Repo/Login Page/Internal User/Next Button' is clicked on

2018-12-17 17:23:25 - [TEST_STEP][PASSED] - delay: Delayed 1 second(s)

2018-12-17 17:23:26 - [MESSAGE][PASSED] - Delayed 1 second(s)

2018-12-17 17:23:26 - [TEST_STEP][PASSED] - setEncryptedText: Text ****** has been set on object 'Object Repository/Final Object Repo/Login Page/Internal User/Password'

2018-12-17 17:23:26 - [MESSAGE][PASSED] - Text ****** has been set on object 'Object Repository/Final Object Repo/Login Page/Internal User/Password'

2018-12-17 17:23:26 - [TEST_STEP][PASSED] - click: Object: 'Object Repository/Final Object Repo/Login Page/Internal User/Login Button' is clicked on

2018-12-17 17:23:26 - [MESSAGE][PASSED] - Object: 'Object Repository/Final Object Repo/Login Page/Internal User/Login Button' is clicked on

2018-12-17 17:23:26 - [TEST_STEP][PASSED] - delay: Delayed 2 second(s)

2018-12-17 17:23:28 - [MESSAGE][PASSED] - Delayed 2 second(s)

2018-12-17 17:23:28 - [TEST_STEP][PASSED] - Statement - Try: Delayed 2 second(s)

2018-12-17 17:23:28 - [TEST_STEP][PASSED] - Statement - Checker = false: null

2018-12-17 17:23:28 - [TEST_STEP][PASSED] - Statement - Checker = com.kms.katalon.core.webui.keyword.WebUiBuiltInKeywords.verifyElementHasAttribute(com.kms.katalon.core.testobject.ObjectRepository.findTestObject(Final Object Repo/Landing Page/BM Detecting), "href", 20, OPTIONAL): Object 'Object Repository/Final Object Repo/Landing Page/BM Detecting' has attribute 'href'

2018-12-17 17:23:28 - [MESSAGE][PASSED] - Object 'Object Repository/Final Object Repo/Landing Page/BM Detecting' has attribute 'href'

2018-12-17 17:23:28 - [TEST_STEP][PASSED] - Statement - out.println(Checker): null

2018-12-17 17:23:28 - [TEST_STEP][PASSED] - Statement - If (Checker == false): null

2018-12-17 17:23:28 - [TEST_STEP][PASSED] - Statement - Else: null

2018-12-17 17:23:28 - [TEST_STEP][PASSED] - delay: Delayed 2 second(s)

2018-12-17 17:23:30 - [MESSAGE][PASSED] - Delayed 2 second(s)

2018-12-17 17:23:30 - [TEST_STEP][PASSED] - click: Object: 'Object Repository/Final Object Repo/Page_MyASSIST - ASSIST - Search Pending Case For Add Supporting Document/Search Information' is clicked on

2018-12-17 17:23:31 - [MESSAGE][PASSED] - Object: 'Object Repository/Final Object Repo/Page_MyASSIST - ASSIST - Search Pending Case For Add Supporting Document/Search Information' is clicked on

2018-12-17 17:23:31 - [TEST_STEP][PASSED] - delay: Delayed 3 second(s)

2018-12-17 17:23:34 - [MESSAGE][PASSED] - Delayed 3 second(s)

2018-12-17 17:23:34 - [TEST_STEP][PASSED] - sendKeys: Keys 'ERN122018C200002489' sent to object: 'Object Repository/Final Object Repo/Page_MyASSIST - ASSIST - Search Pending Case For Add Supporting Document/Reference No'

2018-12-17 17:23:34 - [MESSAGE][PASSED] - Keys 'ERN122018C200002489' sent to object: 'Object Repository/Final Object Repo/Page_MyASSIST - ASSIST - Search Pending Case For Add Supporting Document/Reference No'

2018-12-17 17:23:34 - [TEST_STEP][PASSED] - click: Object: 'Object Repository/Final Object Repo/Page_MyASSIST - ASSIST - Search Pending Case For Add Supporting Document/Search Reference No' is clicked on

2018-12-17 17:23:34 - [MESSAGE][PASSED] - Object: 'Object Repository/Final Object Repo/Page_MyASSIST - ASSIST - Search Pending Case For Add Supporting Document/Search Reference No' is clicked on

2018-12-17 17:23:34 - [TEST_STEP][PASSED] - delay: Delayed 2 second(s)

2018-12-17 17:23:36 - [MESSAGE][PASSED] - Delayed 2 second(s)

2018-12-17 17:23:36 - [TEST_STEP][PASSED] - click: Object: 'Object Repository/Final Object Repo/Page_MyASSIST - ASSIST - Search Pending Case For Add Supporting Document/Continue' is clicked on

2018-12-17 17:23:39 - [MESSAGE][PASSED] - Object: 'Object Repository/Final Object Repo/Page_MyASSIST - ASSIST - Search Pending Case For Add Supporting Document/Continue' is clicked on

2018-12-17 17:23:39 - [TEST_STEP][PASSED] - delay: Delayed 20 second(s)

2018-12-17 17:23:59 - [MESSAGE][PASSED] - Delayed 20 second(s)

2018-12-17 17:23:59 - [MESSAGE][PASSED] - Call Test Case 'Test Cases/Final Aug 2018 - PKS Automation/Registration Module/Workflow/Login and Search Case For Workflow' successfully

2018-12-17 17:23:59 - [TEST_STEP][PASSED] - click: Object: 'Object Repository/Final Object Repo/Page_Form 3 EIS - Cessation as Employer/Page_Form 3 EIS - Cessation as Employer (Approve)/Save  Continue in Form 3 Page' is clicked on

2018-12-17 17:24:00 - [MESSAGE][PASSED] - Object: 'Object Repository/Final Object Repo/Page_Form 3 EIS - Cessation as Employer/Page_Form 3 EIS - Cessation as Employer (Approve)/Save  Continue in Form 3 Page' is clicked on

2018-12-17 17:24:00 - [TEST_STEP][PASSED] - delay: Delayed 2 second(s)

2018-12-17 17:24:02 - [MESSAGE][PASSED] - Delayed 2 second(s)

2018-12-17 17:24:02 - [TEST_STEP][PASSED] - click: Object: 'Object Repository/Final Object Repo/Page_Form 3 EIS - Cessation as Employer/Page_Form 3 EIS - Cessation as Employer (Approve)/Save  Continue in Resigned Page' is clicked on

2018-12-17 17:24:02 - [MESSAGE][PASSED] - Object: 'Object Repository/Final Object Repo/Page_Form 3 EIS - Cessation as Employer/Page_Form 3 EIS - Cessation as Employer (Approve)/Save  Continue in Resigned Page' is clicked on

2018-12-17 17:24:02 - [TEST_STEP][PASSED] - delay: Delayed 2 second(s)

2018-12-17 17:24:04 - [MESSAGE][PASSED] - Delayed 2 second(s)

2018-12-17 17:24:04 - [TEST_STEP][PASSED] - click: Object: 'Object Repository/Final Object Repo/Page_Form 3 EIS - Cessation as Employer/Page_Form 3 EIS - Cessation as Employer (Approve)/Save  Continue in Uploading Page' is clicked on

2018-12-17 17:24:05 - [MESSAGE][PASSED] - Object: 'Object Repository/Final Object Repo/Page_Form 3 EIS - Cessation as Employer/Page_Form 3 EIS - Cessation as Employer (Approve)/Save  Continue in Uploading Page' is clicked on

2018-12-17 17:24:05 - [TEST_STEP][PASSED] - delay: Delayed 2 second(s)

2018-12-17 17:24:07 - [MESSAGE][PASSED] - Delayed 2 second(s)

2018-12-17 17:24:07 - [TEST_STEP][PASSED] - click: Object: 'Object Repository/Final Object Repo/Page_Form 3 EIS - Cessation as Employer/Page_Form 3 EIS - Cessation as Employer (Reject)/Reject' is clicked on

2018-12-17 17:24:10 - [MESSAGE][PASSED] - Object: 'Object Repository/Final Object Repo/Page_Form 3 EIS - Cessation as Employer/Page_Form 3 EIS - Cessation as Employer (Reject)/Reject' is clicked on

2018-12-17 17:24:10 - [TEST_STEP][PASSED] - delay: Delayed 2 second(s)

2018-12-17 17:24:12 - [MESSAGE][PASSED] - Delayed 2 second(s)

2018-12-17 17:24:12 - [TEST_STEP][PASSED] - click: Object: 'Object Repository/Final Object Repo/Page_Form 3 EIS - Cessation as Employer/Page_Form 3 EIS - Cessation as Employer (Reject)/Confirm' is clicked on

2018-12-17 17:24:12 - [MESSAGE][PASSED] - Object: 'Object Repository/Final Object Repo/Page_Form 3 EIS - Cessation as Employer/Page_Form 3 EIS - Cessation as Employer (Reject)/Confirm' is clicked on

2018-12-17 17:24:12 - [TEST_STEP][PASSED] - delay: Delayed 2 second(s)

2018-12-17 17:24:14 - [MESSAGE][PASSED] - Delayed 2 second(s)

2018-12-17 17:24:14 - [TEST_STEP][PASSED] - click: Object: 'Object Repository/Final Object Repo/Page_Form 3 EIS - Cessation as Employer/Page_Form 3 EIS - Cessation as Employer (Reject)/Message This Case has been Rejected' is clicked on

2018-12-17 17:24:18 - [MESSAGE][PASSED] - Object: 'Object Repository/Final Object Repo/Page_Form 3 EIS - Cessation as Employer/Page_Form 3 EIS - Cessation as Employer (Reject)/Message This Case has been Rejected' is clicked on

2018-12-17 17:24:18 - [TEST_STEP][PASSED] - click: Object: 'Object Repository/Final Object Repo/Page_Form 3 EIS - Cessation as Employer/Page_Form 3 EIS - Cessation as Employer (Reject)/Letter of update rejection' is clicked on

2018-12-17 17:24:18 - [MESSAGE][PASSED] - Object: 'Object Repository/Final Object Repo/Page_Form 3 EIS - Cessation as Employer/Page_Form 3 EIS - Cessation as Employer (Reject)/Letter of update rejection' is clicked on

2018-12-17 17:24:18 - [MESSAGE][FAILED] - Unable to call Test Case with id 'Test Cases/Final Aug 2018 - PKS Automation/Registration Module/Workflow/Form 3 EIS - Cessation As Employer/Template/Form 3 A - Cessation As Employer (Query)' (Root cause: Call Test Case 'Test Cases/Final Aug 2018 - PKS Automation/Registration Module/Workflow/Form 3 EIS - Cessation As Employer/Template/Form 3 A - Cessation As Employer (Query)' failed)]]></system-out>
         <system-err><![CDATA[2018-12-17 17:14:52 - [TEST_CASE][FAILED] - Test Cases/Final Aug 2018 - PKS Automation/Registration Module/Workflow/Form 3 EIS - Cessation As Employer/OTC to UO (Query): Test Cases/Final Aug 2018 - PKS Automation/Registration Module/Workflow/Form 3 EIS - Cessation As Employer/OTC to UO (Query) FAILED because (of) (Stack trace: com.kms.katalon.core.exception.StepFailedException: Unable to click on object 'Object Repository/Final Object Repo/Page_Form 3 EIS - Cessation as Employer/Page_Form 3 EIS - Cessation as Employer (Query - OTC - UO)/Next' (Root cause: com.kms.katalon.core.webui.exception.WebElementNotFoundException: Web element with id: 'Object Repository/Final Object Repo/Page_Form 3 EIS - Cessation as Employer/Page_Form 3 EIS - Cessation as Employer (Query - OTC - UO)/Next' located by 'By.xpath: //a[(contains(text(), 'NEXT') or contains(., 'NEXT'))]' not found)
	at com.kms.katalon.core.keyword.internal.KeywordMain.stepFailed(KeywordMain.groovy:32)
	at com.kms.katalon.core.webui.keyword.internal.WebUIKeywordMain.stepFailed(WebUIKeywordMain.groovy:65)
	at com.kms.katalon.core.webui.keyword.internal.WebUIKeywordMain.runKeyword(WebUIKeywordMain.groovy:27)
	at com.kms.katalon.core.webui.keyword.builtin.ClickKeyword.click(ClickKeyword.groovy:86)
	at com.kms.katalon.core.webui.keyword.builtin.ClickKeyword.execute(ClickKeyword.groovy:67)
	at com.kms.katalon.core.keyword.internal.KeywordExecutor.executeKeywordForPlatform(KeywordExecutor.groovy:53)
	at com.kms.katalon.core.webui.keyword.WebUiBuiltInKeywords.click(WebUiBuiltInKeywords.groovy:616)
	at com.kms.katalon.core.webui.keyword.WebUiBuiltInKeywords$click$2.call(Unknown Source)
	at Script1536114876563.run(Script1536114876563.groovy:87)
	at com.kms.katalon.core.main.ScriptEngine.run(ScriptEngine.java:183)
	at com.kms.katalon.core.main.ScriptEngine.runScriptAsRawText(ScriptEngine.java:108)
	at com.kms.katalon.core.main.TestCaseExecutor.runScript(TestCaseExecutor.java:294)
	at com.kms.katalon.core.main.TestCaseExecutor.doExecute(TestCaseExecutor.java:285)
	at com.kms.katalon.core.main.TestCaseExecutor.processExecutionPhase(TestCaseExecutor.java:264)
	at com.kms.katalon.core.main.TestCaseExecutor.accessMainPhase(TestCaseExecutor.java:256)
	at com.kms.katalon.core.main.TestCaseExecutor.execute(TestCaseExecutor.java:200)
	at com.kms.katalon.core.main.TestCaseMain.runTestCase(TestCaseMain.java:99)
	at com.kms.katalon.core.keyword.builtin.CallTestCaseKeyword$_callTestCase_closure1.doCall(CallTestCaseKeyword.groovy:60)
	at com.kms.katalon.core.keyword.builtin.CallTestCaseKeyword$_callTestCase_closure1.call(CallTestCaseKeyword.groovy)
	at com.kms.katalon.core.keyword.internal.KeywordMain.runKeyword(KeywordMain.groovy:54)
	at com.kms.katalon.core.keyword.builtin.CallTestCaseKeyword.callTestCase(CallTestCaseKeyword.groovy:81)
	at com.kms.katalon.core.keyword.builtin.CallTestCaseKeyword.execute(CallTestCaseKeyword.groovy:45)
	at com.kms.katalon.core.keyword.internal.KeywordExecutor.executeKeywordForPlatform(KeywordExecutor.groovy:53)
	at com.kms.katalon.core.keyword.BuiltinKeywords.callTestCase(BuiltinKeywords.groovy:334)
	at sun.reflect.GeneratedMethodAccessor13.invoke(Unknown Source)
	at sun.reflect.DelegatingMethodAccessorImpl.invoke(DelegatingMethodAccessorImpl.java:43)
	at java.lang.reflect.Method.invoke(Method.java:498)
	at org.codehaus.groovy.reflection.CachedMethod.invoke(CachedMethod.java:93)
	at groovy.lang.MetaMethod.doMethodInvoke(MetaMethod.java:325)
	at groovy.lang.MetaClassImpl.invokeStaticMethod(MetaClassImpl.java:1469)
	at org.codehaus.groovy.runtime.callsite.StaticMetaClassSite.call(StaticMetaClassSite.java:53)
	at org.codehaus.groovy.runtime.callsite.CallSiteArray.defaultCall(CallSiteArray.java:48)
	at org.codehaus.groovy.runtime.callsite.AbstractCallSite.call(AbstractCallSite.java:113)
	at org.codehaus.groovy.runtime.callsite.AbstractCallSite.call(AbstractCallSite.java:141)
	at Script1536204253481.run(Script1536204253481.groovy:25)
	at com.kms.katalon.core.main.ScriptEngine.run(ScriptEngine.java:183)
	at com.kms.katalon.core.main.ScriptEngine.runScriptAsRawText(ScriptEngine.java:108)
	at com.kms.katalon.core.main.TestCaseExecutor.runScript(TestCaseExecutor.java:294)
	at com.kms.katalon.core.main.TestCaseExecutor.doExecute(TestCaseExecutor.java:285)
	at com.kms.katalon.core.main.TestCaseExecutor.processExecutionPhase(TestCaseExecutor.java:264)
	at com.kms.katalon.core.main.TestCaseExecutor.accessMainPhase(TestCaseExecutor.java:256)
	at com.kms.katalon.core.main.TestCaseExecutor.execute(TestCaseExecutor.java:200)
	at com.kms.katalon.core.main.TestSuiteExecutor.accessTestCaseMainPhase(TestSuiteExecutor.java:129)
	at com.kms.katalon.core.main.TestSuiteExecutor.accessTestSuiteMainPhase(TestSuiteExecutor.java:112)
	at com.kms.katalon.core.main.TestSuiteExecutor.execute(TestSuiteExecutor.java:81)
	at com.kms.katalon.core.main.TestCaseMain.startTestSuite(TestCaseMain.java:142)
	at com.kms.katalon.core.main.TestCaseMain$startTestSuite$0.call(Unknown Source)
	at org.codehaus.groovy.runtime.callsite.CallSiteArray.defaultCall(CallSiteArray.java:48)
	at org.codehaus.groovy.runtime.callsite.AbstractCallSite.call(AbstractCallSite.java:113)
	at org.codehaus.groovy.runtime.callsite.AbstractCallSite.call(AbstractCallSite.java:141)
	at TempTestSuite1545036066283.run(TempTestSuite1545036066283.groovy:36)
	at groovy.lang.GroovyShell.runScriptOrMainOrTestOrRunnable(GroovyShell.java:263)
	at groovy.lang.GroovyShell.run(GroovyShell.java:518)
	at groovy.lang.GroovyShell.run(GroovyShell.java:507)
	at groovy.ui.GroovyMain.processOnce(GroovyMain.java:653)
	at groovy.ui.GroovyMain.run(GroovyMain.java:384)
	at groovy.ui.GroovyMain.process(GroovyMain.java:370)
	at groovy.ui.GroovyMain.processArgs(GroovyMain.java:129)
	at groovy.ui.GroovyMain.main(GroovyMain.java:109)
	at sun.reflect.NativeMethodAccessorImpl.invoke0(Native Method)
	at sun.reflect.NativeMethodAccessorImpl.invoke(NativeMethodAccessorImpl.java:62)
	at sun.reflect.DelegatingMethodAccessorImpl.invoke(DelegatingMethodAccessorImpl.java:43)
	at java.lang.reflect.Method.invoke(Method.java:498)
	at org.codehaus.groovy.tools.GroovyStarter.rootLoader(GroovyStarter.java:109)
	at org.codehaus.groovy.tools.GroovyStarter.main(GroovyStarter.java:131)
)]]></system-err>
      </testcase>
      <testcase name="Test Cases/Final Aug 2018 - PKS Automation/Registration Module/Workflow/Form 3 EIS - Cessation As Employer/OTC to UO (Reject)" classname="Test Cases/Final Aug 2018 - PKS Automation/Registration Module/Workflow/Form 3 EIS - Cessation As Employer/OTC to UO (Reject)" status="PASSED">
         <system-out><![CDATA[2018-12-17 17:24:19 - [TEST_CASE][PASSED] - Test Cases/Final Aug 2018 - PKS Automation/Registration Module/Workflow/Form 3 EIS - Cessation As Employer/OTC to UO (Reject): Test Cases/Final Aug 2018 - PKS Automation/Registration Module/Workflow/Form 3 EIS - Cessation As Employer/OTC to UO (Reject)

2018-12-17 17:24:19 - [TEST_STEP][PASSED] - callTestCase: Call Test Case 'Test Cases/Final Aug 2018 - PKS Automation/Registration Module/Workflow/Form 3 EIS - Cessation As Employer/Template/Form 3 A - Cessation As Employer (OTC)' successfully

2018-12-17 17:24:20 - [TEST_CASE][PASSED] - Test Cases/Final Aug 2018 - PKS Automation/Registration Module/Workflow/Form 3 EIS - Cessation As Employer/Template/Form 3 A - Cessation As Employer (OTC): Test Cases/Final Aug 2018 - PKS Automation/Registration Module/Workflow/Form 3 EIS - Cessation As Employer/Template/Form 3 A - Cessation As Employer (OTC)

2018-12-17 17:24:20 - [TEST_STEP][PASSED] - openBrowser: Browser is opened with url: ''

2018-12-17 17:24:20 - [MESSAGE][WARNING] - A browser is already opened. Closing browser and opening a new one

2018-12-17 17:24:23 - [MESSAGE][PASSED] - Browser is opened with url: ''

2018-12-17 17:24:23 - [TEST_STEP][PASSED] - navigateToUrl: Navigate to 'https://assist2-uat.perkeso.gov.my/login' successfully

2018-12-17 17:24:24 - [MESSAGE][PASSED] - Navigate to 'https://assist2-uat.perkeso.gov.my/login' successfully

2018-12-17 17:24:24 - [TEST_STEP][PASSED] - setText: Text 'johorotc1@gmail.com' is set on object 'Object Repository/Final Object Repo/Login Page/Internal User/Email Address'

2018-12-17 17:24:24 - [MESSAGE][PASSED] - Text 'johorotc1@gmail.com' is set on object 'Object Repository/Final Object Repo/Login Page/Internal User/Email Address'

2018-12-17 17:24:24 - [TEST_STEP][PASSED] - click: Object: 'Object Repository/Final Object Repo/Login Page/Internal User/Next Button' is clicked on

2018-12-17 17:24:24 - [MESSAGE][PASSED] - Object: 'Object Repository/Final Object Repo/Login Page/Internal User/Next Button' is clicked on

2018-12-17 17:24:24 - [TEST_STEP][PASSED] - delay: Delayed 1 second(s)

2018-12-17 17:24:25 - [MESSAGE][PASSED] - Delayed 1 second(s)

2018-12-17 17:24:25 - [TEST_STEP][PASSED] - setEncryptedText: Text ****** has been set on object 'Object Repository/Final Object Repo/Login Page/Internal User/Password'

2018-12-17 17:24:25 - [MESSAGE][PASSED] - Text ****** has been set on object 'Object Repository/Final Object Repo/Login Page/Internal User/Password'

2018-12-17 17:24:25 - [TEST_STEP][PASSED] - click: Object: 'Object Repository/Final Object Repo/Login Page/Internal User/Login Button' is clicked on

2018-12-17 17:24:25 - [MESSAGE][PASSED] - Object: 'Object Repository/Final Object Repo/Login Page/Internal User/Login Button' is clicked on

2018-12-17 17:24:25 - [TEST_STEP][PASSED] - delay: Delayed 1 second(s)

2018-12-17 17:24:26 - [MESSAGE][PASSED] - Delayed 1 second(s)

2018-12-17 17:24:26 - [TEST_STEP][PASSED] - Statement - Try: Delayed 2 second(s)

2018-12-17 17:24:26 - [TEST_STEP][PASSED] - Statement - Checker = false: null

2018-12-17 17:24:26 - [TEST_STEP][PASSED] - Statement - Checker = com.kms.katalon.core.webui.keyword.WebUiBuiltInKeywords.verifyElementHasAttribute(com.kms.katalon.core.testobject.ObjectRepository.findTestObject(Final Object Repo/Landing Page/BM Detecting), "href", 20, OPTIONAL): Object 'Object Repository/Final Object Repo/Landing Page/BM Detecting' has attribute 'href'

2018-12-17 17:24:27 - [MESSAGE][PASSED] - Object 'Object Repository/Final Object Repo/Landing Page/BM Detecting' has attribute 'href'

2018-12-17 17:24:27 - [TEST_STEP][PASSED] - Statement - out.println(Checker): null

2018-12-17 17:24:27 - [TEST_STEP][PASSED] - Statement - If (Checker == false): null

2018-12-17 17:24:27 - [TEST_STEP][PASSED] - Statement - Else: null

2018-12-17 17:24:27 - [TEST_STEP][PASSED] - delay: Delayed 2 second(s)

2018-12-17 17:24:29 - [MESSAGE][PASSED] - Delayed 2 second(s)

2018-12-17 17:24:29 - [TEST_STEP][PASSED] - navigateToUrl: Navigate to 'https://assist2-uat.perkeso.gov.my/web/registration/eis-update/form-3-eis-cessation-as-employer' successfully

2018-12-17 17:24:30 - [MESSAGE][PASSED] - Navigate to 'https://assist2-uat.perkeso.gov.my/web/registration/eis-update/form-3-eis-cessation-as-employer' successfully

2018-12-17 17:24:30 - [TEST_STEP][PASSED] - delay: Delayed 1 second(s)

2018-12-17 17:24:31 - [MESSAGE][PASSED] - Delayed 1 second(s)

2018-12-17 17:24:31 - [TEST_STEP][PASSED] - setText: Text 'E1102069769W' is set on object 'Object Repository/Final Object Repo/Page_Form 3 EIS - Cessation as Employer/Employer Code'

2018-12-17 17:24:31 - [MESSAGE][PASSED] - Text 'E1102069769W' is set on object 'Object Repository/Final Object Repo/Page_Form 3 EIS - Cessation as Employer/Employer Code'

2018-12-17 17:24:31 - [TEST_STEP][PASSED] - click: Object: 'Object Repository/Final Object Repo/Page_Form 3 EIS - Cessation as Employer/Search' is clicked on

2018-12-17 17:24:32 - [MESSAGE][PASSED] - Object: 'Object Repository/Final Object Repo/Page_Form 3 EIS - Cessation as Employer/Search' is clicked on

2018-12-17 17:24:32 - [TEST_STEP][PASSED] - click: Object: 'Object Repository/Final Object Repo/Page_Form 3 EIS - Cessation as Employer/Edit' is clicked on

2018-12-17 17:24:35 - [MESSAGE][PASSED] - Object: 'Object Repository/Final Object Repo/Page_Form 3 EIS - Cessation as Employer/Edit' is clicked on

2018-12-17 17:24:35 - [TEST_STEP][PASSED] - delay: Delayed 1 second(s)

2018-12-17 17:24:36 - [MESSAGE][PASSED] - Delayed 1 second(s)

2018-12-17 17:24:36 - [TEST_STEP][PASSED] - Statement - abc = com.kms.katalon.core.webui.keyword.WebUiBuiltInKeywords.getAttribute(com.kms.katalon.core.testobject.ObjectRepository.findTestObject(Final Object Repo/Page_Form 3 EIS - Cessation as Employer/Employer Status), "value"): Attribute 'value' of object 'Object Repository/Final Object Repo/Page_Form 3 EIS - Cessation as Employer/Employer Status' is: 'Active'

2018-12-17 17:24:36 - [MESSAGE][PASSED] - Attribute 'value' of object 'Object Repository/Final Object Repo/Page_Form 3 EIS - Cessation as Employer/Employer Status' is: 'Active'

2018-12-17 17:24:36 - [TEST_STEP][PASSED] - Statement - out.println(abc): null

2018-12-17 17:24:36 - [TEST_STEP][PASSED] - Statement - If (abc == "Active"): Object: 'Object Repository/Final Object Repo/Page_Form 3 EIS - Cessation as Employer/Dormant EIS' is clicked on

2018-12-17 17:24:36 - [TEST_STEP][PASSED] - click: Object: 'Object Repository/Final Object Repo/Page_Form 3 EIS - Cessation as Employer/Change Employer Status to' is clicked on

2018-12-17 17:24:36 - [MESSAGE][PASSED] - Object: 'Object Repository/Final Object Repo/Page_Form 3 EIS - Cessation as Employer/Change Employer Status to' is clicked on

2018-12-17 17:24:36 - [TEST_STEP][PASSED] - click: Object: 'Object Repository/Final Object Repo/Page_Form 3 EIS - Cessation as Employer/Dormant EIS' is clicked on

2018-12-17 17:24:36 - [MESSAGE][PASSED] - Object: 'Object Repository/Final Object Repo/Page_Form 3 EIS - Cessation as Employer/Dormant EIS' is clicked on

2018-12-17 17:24:36 - [TEST_STEP][PASSED] - click: Object: 'Object Repository/Final Object Repo/Page_Form 3 EIS - Cessation as Employer/Calender' is clicked on

2018-12-17 17:24:36 - [MESSAGE][PASSED] - Object: 'Object Repository/Final Object Repo/Page_Form 3 EIS - Cessation as Employer/Calender' is clicked on

2018-12-17 17:24:36 - [TEST_STEP][PASSED] - delay: Delayed 1 second(s)

2018-12-17 17:24:37 - [MESSAGE][PASSED] - Delayed 1 second(s)

2018-12-17 17:24:37 - [TEST_STEP][PASSED] - click: Object: 'Object Repository/Final Object Repo/Page_Form 3 EIS - Cessation as Employer/Calender - Date' is clicked on

2018-12-17 17:24:37 - [MESSAGE][PASSED] - Object: 'Object Repository/Final Object Repo/Page_Form 3 EIS - Cessation as Employer/Calender - Date' is clicked on

2018-12-17 17:24:37 - [TEST_STEP][PASSED] - click: Object: 'Object Repository/Final Object Repo/Page_Form 3 EIS - Cessation as Employer/Save  Continue in Form 3 EIS Page' is clicked on

2018-12-17 17:24:38 - [MESSAGE][PASSED] - Object: 'Object Repository/Final Object Repo/Page_Form 3 EIS - Cessation as Employer/Save  Continue in Form 3 EIS Page' is clicked on

2018-12-17 17:24:38 - [TEST_STEP][PASSED] - delay: Delayed 1 second(s)

2018-12-17 17:24:39 - [MESSAGE][PASSED] - Delayed 1 second(s)

2018-12-17 17:24:39 - [TEST_STEP][PASSED] - click: Object: 'Object Repository/Final Object Repo/Page_Form 3 EIS - Cessation as Employer/Employment Resign Date' is clicked on

2018-12-17 17:24:39 - [MESSAGE][PASSED] - Object: 'Object Repository/Final Object Repo/Page_Form 3 EIS - Cessation as Employer/Employment Resign Date' is clicked on

2018-12-17 17:24:39 - [TEST_STEP][PASSED] - selectOptionByValue: All options with value '2030' are selected in object 'Object Repository/Final Object Repo/Page_Form 3 EIS - Cessation as Employer/Employment Resign Date - Year' 

2018-12-17 17:24:39 - [MESSAGE][PASSED] - All options with value '2030' are selected in object 'Object Repository/Final Object Repo/Page_Form 3 EIS - Cessation as Employer/Employment Resign Date - Year' 

2018-12-17 17:24:39 - [TEST_STEP][PASSED] - delay: Delayed 2 second(s)

2018-12-17 17:24:42 - [MESSAGE][PASSED] - Delayed 2 second(s)

2018-12-17 17:24:42 - [TEST_STEP][PASSED] - click: Object: 'Object Repository/Final Object Repo/Page_Form 3 EIS - Cessation as Employer/Employment Resign Date - Year - Date' is clicked on

2018-12-17 17:24:42 - [MESSAGE][PASSED] - Object: 'Object Repository/Final Object Repo/Page_Form 3 EIS - Cessation as Employer/Employment Resign Date - Year - Date' is clicked on

2018-12-17 17:24:42 - [TEST_STEP][PASSED] - delay: Delayed 2 second(s)

2018-12-17 17:24:44 - [MESSAGE][PASSED] - Delayed 2 second(s)

2018-12-17 17:24:44 - [TEST_STEP][PASSED] - click: Object: 'Object Repository/Final Object Repo/Page_Form 3 EIS - Cessation as Employer/Save  Continue in Employment Resign Page' is clicked on

2018-12-17 17:24:44 - [MESSAGE][PASSED] - Object: 'Object Repository/Final Object Repo/Page_Form 3 EIS - Cessation as Employer/Save  Continue in Employment Resign Page' is clicked on

2018-12-17 17:24:44 - [TEST_STEP][PASSED] - delay: Delayed 2 second(s)

2018-12-17 17:24:46 - [MESSAGE][PASSED] - Delayed 2 second(s)

2018-12-17 17:24:46 - [TEST_STEP][PASSED] - click: Object: 'Object Repository/Final Object Repo/Page_Form 3 EIS - Cessation as Employer/Set Latest - Yes' is clicked on

2018-12-17 17:24:46 - [MESSAGE][PASSED] - Object: 'Object Repository/Final Object Repo/Page_Form 3 EIS - Cessation as Employer/Set Latest - Yes' is clicked on

2018-12-17 17:24:46 - [TEST_STEP][PASSED] - delay: Delayed 2 second(s)

2018-12-17 17:24:48 - [MESSAGE][PASSED] - Delayed 2 second(s)

2018-12-17 17:24:48 - [TEST_STEP][PASSED] - click: Object: 'Object Repository/Final Object Repo/Page_Form 3 EIS - Cessation as Employer/Add Document' is clicked on

2018-12-17 17:24:49 - [MESSAGE][PASSED] - Object: 'Object Repository/Final Object Repo/Page_Form 3 EIS - Cessation as Employer/Add Document' is clicked on

2018-12-17 17:24:49 - [TEST_STEP][PASSED] - delay: Delayed 3 second(s)

2018-12-17 17:24:52 - [MESSAGE][PASSED] - Delayed 3 second(s)

2018-12-17 17:24:52 - [TEST_STEP][PASSED] - click: Object: 'Object Repository/Final Object Repo/Page_Form 3 EIS - Cessation as Employer/Document Type' is clicked on

2018-12-17 17:24:52 - [MESSAGE][PASSED] - Object: 'Object Repository/Final Object Repo/Page_Form 3 EIS - Cessation as Employer/Document Type' is clicked on

2018-12-17 17:24:52 - [TEST_STEP][PASSED] - click: Object: 'Object Repository/Final Object Repo/Page_Form 3 EIS - Cessation as Employer/Document Type - Form 3' is clicked on

2018-12-17 17:24:53 - [MESSAGE][PASSED] - Object: 'Object Repository/Final Object Repo/Page_Form 3 EIS - Cessation as Employer/Document Type - Form 3' is clicked on

2018-12-17 17:24:53 - [TEST_STEP][PASSED] - delay: Delayed 2 second(s)

2018-12-17 17:24:55 - [MESSAGE][PASSED] - Delayed 2 second(s)

2018-12-17 17:24:55 - [TEST_STEP][PASSED] - sendKeys: Keys 'C:\Users\Public\Pictures\Sample Pictures\Koala.jpg' sent to object: 'Object Repository/Final Object Repo/Page_Form 3 EIS - Cessation as Employer/ploading File'

2018-12-17 17:24:55 - [MESSAGE][PASSED] - Keys 'C:\Users\Public\Pictures\Sample Pictures\Koala.jpg' sent to object: 'Object Repository/Final Object Repo/Page_Form 3 EIS - Cessation as Employer/ploading File'

2018-12-17 17:24:55 - [TEST_STEP][PASSED] - delay: Delayed 1 second(s)

2018-12-17 17:24:56 - [MESSAGE][PASSED] - Delayed 1 second(s)

2018-12-17 17:24:56 - [TEST_STEP][PASSED] - click: Object: 'Object Repository/Final Object Repo/Page_Form 3 EIS - Cessation as Employer/Add Document in Uploading Page' is clicked on

2018-12-17 17:24:56 - [MESSAGE][PASSED] - Object: 'Object Repository/Final Object Repo/Page_Form 3 EIS - Cessation as Employer/Add Document in Uploading Page' is clicked on

2018-12-17 17:24:56 - [TEST_STEP][PASSED] - delay: Delayed 2 second(s)

2018-12-17 17:24:58 - [MESSAGE][PASSED] - Delayed 2 second(s)

2018-12-17 17:24:58 - [TEST_STEP][PASSED] - Statement - CaseReferenceNo = com.kms.katalon.core.webui.keyword.WebUiBuiltInKeywords.getText(com.kms.katalon.core.testobject.ObjectRepository.findTestObject(Final Object Repo/Page_Update Employer Information/Reference Number in Update Employee Information Page)): Text of object 'Object Repository/Final Object Repo/Page_Update Employer Information/Reference Number in Update Employee Information Page' is: 'ERN122018C200002490'

2018-12-17 17:25:00 - [MESSAGE][PASSED] - Text of object 'Object Repository/Final Object Repo/Page_Update Employer Information/Reference Number in Update Employee Information Page' is: 'ERN122018C200002490'

2018-12-17 17:25:00 - [TEST_STEP][PASSED] - callTestCase: Call Test Case 'Test Cases/Final Aug 2018 - PKS Automation/Common/Reference Number Setter' successfully

2018-12-17 17:25:00 - [TEST_CASE][PASSED] - Test Cases/Final Aug 2018 - PKS Automation/Common/Reference Number Setter: Test Cases/Final Aug 2018 - PKS Automation/Common/Reference Number Setter

2018-12-17 17:25:00 - [TEST_STEP][PASSED] - Statement - RefNoOldFile = new java.io.File(C://Users//Admin//Desktop//PKS//Automation Reference Point//KatalonReference.txt): null

2018-12-17 17:25:00 - [TEST_STEP][PASSED] - Statement - RefNoOldFile.delete(): null

2018-12-17 17:25:00 - [TEST_STEP][PASSED] - delay: Delayed 5 second(s)

2018-12-17 17:25:05 - [MESSAGE][PASSED] - Delayed 5 second(s)

2018-12-17 17:25:05 - [TEST_STEP][PASSED] - Statement - RefNo = new java.io.File(C://Users//Admin//Desktop//PKS//Automation Reference Point//KatalonReference.txt): null

2018-12-17 17:25:05 - [TEST_STEP][PASSED] - Statement - f2 = new java.io.FileWriter(RefNo, false): null

2018-12-17 17:25:05 - [TEST_STEP][PASSED] - Statement - f2.write(CaseReferenceNo): null

2018-12-17 17:25:05 - [TEST_STEP][PASSED] - Statement - f2.close(): null

2018-12-17 17:25:05 - [TEST_STEP][PASSED] - Statement - out.println("


" + CaseReferenceNo + "


"): null

2018-12-17 17:25:05 - [MESSAGE][PASSED] - Call Test Case 'Test Cases/Final Aug 2018 - PKS Automation/Common/Reference Number Setter' successfully

2018-12-17 17:25:05 - [TEST_STEP][PASSED] - delay: Delayed 2 second(s)

2018-12-17 17:25:07 - [MESSAGE][PASSED] - Delayed 2 second(s)

2018-12-17 17:25:07 - [TEST_STEP][PASSED] - click: Object: 'Object Repository/Final Object Repo/Page_Form 3 EIS - Cessation as Employer/Save  Continue in Uploading Page' is clicked on

2018-12-17 17:25:07 - [MESSAGE][PASSED] - Object: 'Object Repository/Final Object Repo/Page_Form 3 EIS - Cessation as Employer/Save  Continue in Uploading Page' is clicked on

2018-12-17 17:25:07 - [TEST_STEP][PASSED] - delay: Delayed 2 second(s)

2018-12-17 17:25:09 - [MESSAGE][PASSED] - Delayed 2 second(s)

2018-12-17 17:25:09 - [TEST_STEP][PASSED] - click: Object: 'Object Repository/Final Object Repo/Page_Form 3 EIS - Cessation as Employer/Submit' is clicked on

2018-12-17 17:25:12 - [MESSAGE][PASSED] - Object: 'Object Repository/Final Object Repo/Page_Form 3 EIS - Cessation as Employer/Submit' is clicked on

2018-12-17 17:25:12 - [TEST_STEP][PASSED] - delay: Delayed 2 second(s)

2018-12-17 17:25:14 - [MESSAGE][PASSED] - Delayed 2 second(s)

2018-12-17 17:25:14 - [TEST_STEP][PASSED] - click: Object: 'Object Repository/Final Object Repo/Page_Form 3 EIS - Cessation as Employer/Confirm' is clicked on

2018-12-17 17:25:14 - [MESSAGE][PASSED] - Object: 'Object Repository/Final Object Repo/Page_Form 3 EIS - Cessation as Employer/Confirm' is clicked on

2018-12-17 17:25:14 - [TEST_STEP][PASSED] - delay: Delayed 2 second(s)

2018-12-17 17:25:16 - [MESSAGE][PASSED] - Delayed 2 second(s)

2018-12-17 17:25:16 - [TEST_STEP][PASSED] - click: Object: 'Object Repository/Final Object Repo/Page_Form 3 EIS - Cessation as Employer/Message Your Request will be routed to UO' is clicked on

2018-12-17 17:25:20 - [MESSAGE][PASSED] - Object: 'Object Repository/Final Object Repo/Page_Form 3 EIS - Cessation as Employer/Message Your Request will be routed to UO' is clicked on

2018-12-17 17:25:20 - [TEST_STEP][PASSED] - click: Object: 'Object Repository/Final Object Repo/Page_Form 3 EIS - Cessation as Employer/Letter of acknowledgement' is clicked on

2018-12-17 17:25:20 - [MESSAGE][PASSED] - Object: 'Object Repository/Final Object Repo/Page_Form 3 EIS - Cessation as Employer/Letter of acknowledgement' is clicked on

2018-12-17 17:25:20 - [MESSAGE][PASSED] - Call Test Case 'Test Cases/Final Aug 2018 - PKS Automation/Registration Module/Workflow/Form 3 EIS - Cessation As Employer/Template/Form 3 A - Cessation As Employer (OTC)' successfully

2018-12-17 17:25:20 - [TEST_STEP][PASSED] - callTestCase: Call Test Case 'Test Cases/Final Aug 2018 - PKS Automation/Registration Module/Workflow/Form 3 EIS - Cessation As Employer/Template/Form 3 A - Cessation As Employer (Reject)' successfully

2018-12-17 17:25:20 - [TEST_CASE][PASSED] - Test Cases/Final Aug 2018 - PKS Automation/Registration Module/Workflow/Form 3 EIS - Cessation As Employer/Template/Form 3 A - Cessation As Employer (Reject): Test Cases/Final Aug 2018 - PKS Automation/Registration Module/Workflow/Form 3 EIS - Cessation As Employer/Template/Form 3 A - Cessation As Employer (Reject)

2018-12-17 17:25:20 - [TEST_STEP][NOT_RUN] - callTestCase: NOT_RUN: callTestCase

2018-12-17 17:25:20 - [MESSAGE][NOT_RUN] - NOT_RUN: callTestCase

2018-12-17 17:25:20 - [TEST_STEP][PASSED] - delay: Delayed 1 second(s)

2018-12-17 17:25:21 - [MESSAGE][PASSED] - Delayed 1 second(s)

2018-12-17 17:25:21 - [TEST_STEP][PASSED] - navigateToUrl: Navigate to 'https://assist2-uat.perkeso.gov.my/c/portal/logout' successfully

2018-12-17 17:25:22 - [MESSAGE][PASSED] - Navigate to 'https://assist2-uat.perkeso.gov.my/c/portal/logout' successfully

2018-12-17 17:25:22 - [TEST_STEP][PASSED] - delay: Delayed 1 second(s)

2018-12-17 17:25:23 - [MESSAGE][PASSED] - Delayed 1 second(s)

2018-12-17 17:25:23 - [TEST_STEP][PASSED] - callTestCase: Call Test Case 'Test Cases/Final Aug 2018 - PKS Automation/Common/Reference Number Getter' successfully

2018-12-17 17:25:23 - [TEST_CASE][PASSED] - Test Cases/Final Aug 2018 - PKS Automation/Common/Reference Number Getter: Test Cases/Final Aug 2018 - PKS Automation/Common/Reference Number Getter

2018-12-17 17:25:23 - [TEST_STEP][PASSED] - Statement - Try: null

2018-12-17 17:25:23 - [TEST_STEP][PASSED] - Statement - RefNo = new java.io.File(C://Users//Admin//Desktop//PKS//Automation Reference Point//KatalonReference.txt): null

2018-12-17 17:25:23 - [TEST_STEP][PASSED] - Statement - bufferread = new java.io.BufferedReader(new java.io.FileReader(RefNo)): null

2018-12-17 17:25:23 - [TEST_STEP][PASSED] - Statement - readedVal = bufferread.readLine(): null

2018-12-17 17:25:23 - [TEST_STEP][PASSED] - Statement - out.println(CaseReferenceNo): null

2018-12-17 17:25:23 - [TEST_STEP][PASSED] - Statement - out.println(readedVal): null

2018-12-17 17:25:23 - [TEST_STEP][PASSED] - Statement - CaseReferenceNo = "": null

2018-12-17 17:25:23 - [TEST_STEP][PASSED] - Statement - CaseReferenceNo = readedVal: null

2018-12-17 17:25:23 - [MESSAGE][PASSED] - Call Test Case 'Test Cases/Final Aug 2018 - PKS Automation/Common/Reference Number Getter' successfully

2018-12-17 17:25:23 - [TEST_STEP][PASSED] - callTestCase: Call Test Case 'Test Cases/Final Aug 2018 - PKS Automation/Common/Workflow Owner Finder' successfully

2018-12-17 17:25:23 - [TEST_CASE][PASSED] - Test Cases/Final Aug 2018 - PKS Automation/Common/Workflow Owner Finder: Test Cases/Final Aug 2018 - PKS Automation/Common/Workflow Owner Finder

2018-12-17 17:25:23 - [TEST_STEP][PASSED] - openBrowser: Browser is opened with url: ''

2018-12-17 17:25:23 - [MESSAGE][WARNING] - A browser is already opened. Closing browser and opening a new one

2018-12-17 17:25:26 - [MESSAGE][PASSED] - Browser is opened with url: ''

2018-12-17 17:25:26 - [TEST_STEP][PASSED] - navigateToUrl: Navigate to 'https://assist2-uat.perkeso.gov.my/login' successfully

2018-12-17 17:25:27 - [MESSAGE][PASSED] - Navigate to 'https://assist2-uat.perkeso.gov.my/login' successfully

2018-12-17 17:25:27 - [TEST_STEP][PASSED] - delay: Delayed 5 second(s)

2018-12-17 17:25:32 - [MESSAGE][PASSED] - Delayed 5 second(s)

2018-12-17 17:25:32 - [TEST_STEP][PASSED] - setText: Text 'test@liferay.com' is set on object 'Object Repository/Final Object Repo/Login Page/Internal User/Email Address'

2018-12-17 17:25:33 - [MESSAGE][PASSED] - Text 'test@liferay.com' is set on object 'Object Repository/Final Object Repo/Login Page/Internal User/Email Address'

2018-12-17 17:25:33 - [TEST_STEP][PASSED] - click: Object: 'Object Repository/Final Object Repo/Login Page/Internal User/Next Button' is clicked on

2018-12-17 17:25:33 - [MESSAGE][PASSED] - Object: 'Object Repository/Final Object Repo/Login Page/Internal User/Next Button' is clicked on

2018-12-17 17:25:33 - [TEST_STEP][PASSED] - delay: Delayed 2 second(s)

2018-12-17 17:25:35 - [MESSAGE][PASSED] - Delayed 2 second(s)

2018-12-17 17:25:35 - [TEST_STEP][PASSED] - setText: Text 'test' is set on object 'Object Repository/Final Object Repo/Login Page/Internal User/Password'

2018-12-17 17:25:35 - [MESSAGE][PASSED] - Text 'test' is set on object 'Object Repository/Final Object Repo/Login Page/Internal User/Password'

2018-12-17 17:25:35 - [TEST_STEP][PASSED] - delay: Delayed 2 second(s)

2018-12-17 17:25:37 - [MESSAGE][PASSED] - Delayed 2 second(s)

2018-12-17 17:25:37 - [TEST_STEP][PASSED] - click: Object: 'Object Repository/Final Object Repo/Login Page/Internal User/Login Button' is clicked on

2018-12-17 17:25:37 - [MESSAGE][PASSED] - Object: 'Object Repository/Final Object Repo/Login Page/Internal User/Login Button' is clicked on

2018-12-17 17:25:37 - [TEST_STEP][PASSED] - Statement - tester = com.kms.katalon.core.testobject.ObjectRepository.findTestObject(Final Object Repo/Landing Page/Select to English): Finding Test Object with id 'Object Repository/Final Object Repo/Landing Page/Select to English'

2018-12-17 17:25:37 - [TEST_STEP][PASSED] - Statement - Try: Delayed 2 second(s)

2018-12-17 17:25:37 - [TEST_STEP][PASSED] - Statement - Checker = com.kms.katalon.core.webui.keyword.WebUiBuiltInKeywords.verifyElementNotPresent(tester, 3): Web element with id: 'Object Repository/Final Object Repo/Landing Page/Select to English' located by 'By.xpath: //a[@class = 'taglib-language-list-text' and @lang = 'en-US' and (contains(text(), 'EN') or contains(., 'EN'))]' is not present after '3' second(s)

2018-12-17 17:25:39 - [MESSAGE][PASSED] - Web element with id: 'Object Repository/Final Object Repo/Landing Page/Select to English' located by 'By.xpath: //a[@class = 'taglib-language-list-text' and @lang = 'en-US' and (contains(text(), 'EN') or contains(., 'EN'))]' is not present after '3' second(s)

2018-12-17 17:25:39 - [TEST_STEP][PASSED] - Statement - If (Checker == false): null

2018-12-17 17:25:39 - [TEST_STEP][PASSED] - delay: Delayed 2 second(s)

2018-12-17 17:25:41 - [MESSAGE][PASSED] - Delayed 2 second(s)

2018-12-17 17:25:41 - [TEST_STEP][PASSED] - delay: Delayed 5 second(s)

2018-12-17 17:25:46 - [MESSAGE][PASSED] - Delayed 5 second(s)

2018-12-17 17:25:46 - [TEST_STEP][PASSED] - mouseOver: Object: 'Object Repository/Final Object Repo/Landing Page/WorkFlow Menu' is hovered

2018-12-17 17:25:46 - [MESSAGE][PASSED] - Object: 'Object Repository/Final Object Repo/Landing Page/WorkFlow Menu' is hovered

2018-12-17 17:25:46 - [TEST_STEP][PASSED] - delay: Delayed 2 second(s)

2018-12-17 17:25:48 - [MESSAGE][PASSED] - Delayed 2 second(s)

2018-12-17 17:25:48 - [TEST_STEP][PASSED] - click: Object: 'Object Repository/Final Object Repo/Landing Page/Select to Workflow Listing' is clicked on

2018-12-17 17:25:49 - [MESSAGE][PASSED] - Object: 'Object Repository/Final Object Repo/Landing Page/Select to Workflow Listing' is clicked on

2018-12-17 17:25:49 - [TEST_STEP][PASSED] - delay: Delayed 2 second(s)

2018-12-17 17:25:51 - [MESSAGE][PASSED] - Delayed 2 second(s)

2018-12-17 17:25:51 - [TEST_STEP][PASSED] - click: Object: 'Object Repository/Final Object Repo/WorkFlow Listing Page/Search Information - To Put Ref No' is clicked on

2018-12-17 17:25:52 - [MESSAGE][PASSED] - Object: 'Object Repository/Final Object Repo/WorkFlow Listing Page/Search Information - To Put Ref No' is clicked on

2018-12-17 17:25:52 - [TEST_STEP][PASSED] - delay: Delayed 2 second(s)

2018-12-17 17:25:54 - [MESSAGE][PASSED] - Delayed 2 second(s)

2018-12-17 17:25:54 - [TEST_STEP][PASSED] - callTestCase: Call Test Case 'Test Cases/Final Aug 2018 - PKS Automation/Common/Reference Number Getter' successfully

2018-12-17 17:25:54 - [TEST_CASE][PASSED] - Test Cases/Final Aug 2018 - PKS Automation/Common/Reference Number Getter: Test Cases/Final Aug 2018 - PKS Automation/Common/Reference Number Getter

2018-12-17 17:25:54 - [TEST_STEP][PASSED] - Statement - Try: null

2018-12-17 17:25:54 - [TEST_STEP][PASSED] - Statement - RefNo = new java.io.File(C://Users//Admin//Desktop//PKS//Automation Reference Point//KatalonReference.txt): null

2018-12-17 17:25:54 - [TEST_STEP][PASSED] - Statement - bufferread = new java.io.BufferedReader(new java.io.FileReader(RefNo)): null

2018-12-17 17:25:54 - [TEST_STEP][PASSED] - Statement - readedVal = bufferread.readLine(): null

2018-12-17 17:25:54 - [TEST_STEP][PASSED] - Statement - out.println(CaseReferenceNo): null

2018-12-17 17:25:54 - [TEST_STEP][PASSED] - Statement - out.println(readedVal): null

2018-12-17 17:25:54 - [TEST_STEP][PASSED] - Statement - CaseReferenceNo = "": null

2018-12-17 17:25:54 - [TEST_STEP][PASSED] - Statement - CaseReferenceNo = readedVal: null

2018-12-17 17:25:54 - [MESSAGE][PASSED] - Call Test Case 'Test Cases/Final Aug 2018 - PKS Automation/Common/Reference Number Getter' successfully

2018-12-17 17:25:54 - [TEST_STEP][PASSED] - setText: Text 'ERN122018C200002490' is set on object 'Object Repository/Final Object Repo/WorkFlow Listing Page/Ref No Set Text'

2018-12-17 17:25:54 - [MESSAGE][PASSED] - Text 'ERN122018C200002490' is set on object 'Object Repository/Final Object Repo/WorkFlow Listing Page/Ref No Set Text'

2018-12-17 17:25:54 - [TEST_STEP][PASSED] - delay: Delayed 2 second(s)

2018-12-17 17:25:56 - [MESSAGE][PASSED] - Delayed 2 second(s)

2018-12-17 17:25:56 - [TEST_STEP][PASSED] - click: Object: 'Object Repository/Final Object Repo/WorkFlow Listing Page/Search Ref No Search Button' is clicked on

2018-12-17 17:25:56 - [MESSAGE][PASSED] - Object: 'Object Repository/Final Object Repo/WorkFlow Listing Page/Search Ref No Search Button' is clicked on

2018-12-17 17:25:56 - [TEST_STEP][PASSED] - delay: Delayed 6 second(s)

2018-12-17 17:26:02 - [MESSAGE][PASSED] - Delayed 6 second(s)

2018-12-17 17:26:02 - [TEST_STEP][PASSED] - click: Object: 'Object Repository/Final Object Repo/WorkFlow Listing Page/Click Continue Tooltip' is clicked on

2018-12-17 17:26:03 - [MESSAGE][PASSED] - Object: 'Object Repository/Final Object Repo/WorkFlow Listing Page/Click Continue Tooltip' is clicked on

2018-12-17 17:26:03 - [TEST_STEP][PASSED] - delay: Delayed 5 second(s)

2018-12-17 17:26:08 - [MESSAGE][PASSED] - Delayed 5 second(s)

2018-12-17 17:26:08 - [TEST_STEP][PASSED] - doubleClick: Object: 'Object Repository/Final Object Repo/WorkFlow Listing Page/Workflow Found - Listing 1' is double clicked on

2018-12-17 17:26:08 - [MESSAGE][PASSED] - Object: 'Object Repository/Final Object Repo/WorkFlow Listing Page/Workflow Found - Listing 1' is double clicked on

2018-12-17 17:26:08 - [TEST_STEP][PASSED] - Statement - println(OwnerID): null

2018-12-17 17:26:08 - [TEST_STEP][PASSED] - Statement - OwnerID = com.kms.katalon.core.webui.keyword.WebUiBuiltInKeywords.getText(com.kms.katalon.core.testobject.ObjectRepository.findTestObject(Final Object Repo/WorkFlow Listing Page/Workflow Found - Listing 1), STOP_ON_FAILURE): Text of object 'Object Repository/Final Object Repo/WorkFlow Listing Page/Workflow Found - Listing 1' is: 'JOHORuo2'

2018-12-17 17:26:08 - [MESSAGE][PASSED] - Text of object 'Object Repository/Final Object Repo/WorkFlow Listing Page/Workflow Found - Listing 1' is: 'JOHORuo2'

2018-12-17 17:26:08 - [TEST_STEP][PASSED] - Statement - OwnerID = OwnerID.toLowerCase() + "@gmail.com": null

2018-12-17 17:26:08 - [TEST_STEP][PASSED] - Statement - println(OwnerID): null

2018-12-17 17:26:08 - [TEST_STEP][PASSED] - delay: Delayed 2 second(s)

2018-12-17 17:26:10 - [MESSAGE][PASSED] - Delayed 2 second(s)

2018-12-17 17:26:10 - [MESSAGE][PASSED] - Call Test Case 'Test Cases/Final Aug 2018 - PKS Automation/Common/Workflow Owner Finder' successfully

2018-12-17 17:26:10 - [TEST_STEP][PASSED] - delay: Delayed 1 second(s)

2018-12-17 17:26:11 - [MESSAGE][PASSED] - Delayed 1 second(s)

2018-12-17 17:26:11 - [TEST_STEP][PASSED] - navigateToUrl: Navigate to 'https://assist2-uat.perkeso.gov.my/c/portal/logout' successfully

2018-12-17 17:26:12 - [MESSAGE][PASSED] - Navigate to 'https://assist2-uat.perkeso.gov.my/c/portal/logout' successfully

2018-12-17 17:26:12 - [TEST_STEP][PASSED] - delay: Delayed 1 second(s)

2018-12-17 17:26:13 - [MESSAGE][PASSED] - Delayed 1 second(s)

2018-12-17 17:26:13 - [TEST_STEP][PASSED] - callTestCase: Call Test Case 'Test Cases/Final Aug 2018 - PKS Automation/Registration Module/Workflow/Login and Search Case For Workflow' successfully

2018-12-17 17:26:13 - [TEST_CASE][PASSED] - Test Cases/Final Aug 2018 - PKS Automation/Registration Module/Workflow/Login and Search Case For Workflow: Test Cases/Final Aug 2018 - PKS Automation/Registration Module/Workflow/Login and Search Case For Workflow

2018-12-17 17:26:13 - [TEST_STEP][PASSED] - navigateToUrl: Navigate to 'https://assist2-uat.perkeso.gov.my/login' successfully

2018-12-17 17:26:14 - [MESSAGE][PASSED] - Navigate to 'https://assist2-uat.perkeso.gov.my/login' successfully

2018-12-17 17:26:14 - [TEST_STEP][PASSED] - setText: Text 'johoruo2@gmail.com' is set on object 'Object Repository/Final Object Repo/Login Page/Internal User/Email Address'

2018-12-17 17:26:14 - [MESSAGE][PASSED] - Text 'johoruo2@gmail.com' is set on object 'Object Repository/Final Object Repo/Login Page/Internal User/Email Address'

2018-12-17 17:26:14 - [TEST_STEP][PASSED] - click: Object: 'Object Repository/Final Object Repo/Login Page/Internal User/Next Button' is clicked on

2018-12-17 17:26:14 - [MESSAGE][PASSED] - Object: 'Object Repository/Final Object Repo/Login Page/Internal User/Next Button' is clicked on

2018-12-17 17:26:14 - [TEST_STEP][PASSED] - delay: Delayed 1 second(s)

2018-12-17 17:26:15 - [MESSAGE][PASSED] - Delayed 1 second(s)

2018-12-17 17:26:15 - [TEST_STEP][PASSED] - setEncryptedText: Text ****** has been set on object 'Object Repository/Final Object Repo/Login Page/Internal User/Password'

2018-12-17 17:26:16 - [MESSAGE][PASSED] - Text ****** has been set on object 'Object Repository/Final Object Repo/Login Page/Internal User/Password'

2018-12-17 17:26:16 - [TEST_STEP][PASSED] - click: Object: 'Object Repository/Final Object Repo/Login Page/Internal User/Login Button' is clicked on

2018-12-17 17:26:16 - [MESSAGE][PASSED] - Object: 'Object Repository/Final Object Repo/Login Page/Internal User/Login Button' is clicked on

2018-12-17 17:26:16 - [TEST_STEP][PASSED] - delay: Delayed 2 second(s)

2018-12-17 17:26:18 - [MESSAGE][PASSED] - Delayed 2 second(s)

2018-12-17 17:26:18 - [TEST_STEP][PASSED] - Statement - Try: Delayed 2 second(s)

2018-12-17 17:26:18 - [TEST_STEP][PASSED] - Statement - Checker = false: null

2018-12-17 17:26:18 - [TEST_STEP][PASSED] - Statement - Checker = com.kms.katalon.core.webui.keyword.WebUiBuiltInKeywords.verifyElementHasAttribute(com.kms.katalon.core.testobject.ObjectRepository.findTestObject(Final Object Repo/Landing Page/BM Detecting), "href", 20, OPTIONAL): Object 'Object Repository/Final Object Repo/Landing Page/BM Detecting' has attribute 'href'

2018-12-17 17:26:18 - [MESSAGE][PASSED] - Object 'Object Repository/Final Object Repo/Landing Page/BM Detecting' has attribute 'href'

2018-12-17 17:26:18 - [TEST_STEP][PASSED] - Statement - out.println(Checker): null

2018-12-17 17:26:18 - [TEST_STEP][PASSED] - Statement - If (Checker == false): null

2018-12-17 17:26:18 - [TEST_STEP][PASSED] - Statement - Else: null

2018-12-17 17:26:18 - [TEST_STEP][PASSED] - delay: Delayed 2 second(s)

2018-12-17 17:26:20 - [MESSAGE][PASSED] - Delayed 2 second(s)

2018-12-17 17:26:20 - [TEST_STEP][PASSED] - click: Object: 'Object Repository/Final Object Repo/Page_MyASSIST - ASSIST - Search Pending Case For Add Supporting Document/Search Information' is clicked on

2018-12-17 17:26:20 - [MESSAGE][PASSED] - Object: 'Object Repository/Final Object Repo/Page_MyASSIST - ASSIST - Search Pending Case For Add Supporting Document/Search Information' is clicked on

2018-12-17 17:26:20 - [TEST_STEP][PASSED] - delay: Delayed 3 second(s)

2018-12-17 17:26:23 - [MESSAGE][PASSED] - Delayed 3 second(s)

2018-12-17 17:26:23 - [TEST_STEP][PASSED] - sendKeys: Keys 'ERN122018C200002490' sent to object: 'Object Repository/Final Object Repo/Page_MyASSIST - ASSIST - Search Pending Case For Add Supporting Document/Reference No'

2018-12-17 17:26:23 - [MESSAGE][PASSED] - Keys 'ERN122018C200002490' sent to object: 'Object Repository/Final Object Repo/Page_MyASSIST - ASSIST - Search Pending Case For Add Supporting Document/Reference No'

2018-12-17 17:26:23 - [TEST_STEP][PASSED] - click: Object: 'Object Repository/Final Object Repo/Page_MyASSIST - ASSIST - Search Pending Case For Add Supporting Document/Search Reference No' is clicked on

2018-12-17 17:26:23 - [MESSAGE][PASSED] - Object: 'Object Repository/Final Object Repo/Page_MyASSIST - ASSIST - Search Pending Case For Add Supporting Document/Search Reference No' is clicked on

2018-12-17 17:26:23 - [TEST_STEP][PASSED] - delay: Delayed 2 second(s)

2018-12-17 17:26:25 - [MESSAGE][PASSED] - Delayed 2 second(s)

2018-12-17 17:26:25 - [TEST_STEP][PASSED] - click: Object: 'Object Repository/Final Object Repo/Page_MyASSIST - ASSIST - Search Pending Case For Add Supporting Document/Continue' is clicked on

2018-12-17 17:26:29 - [MESSAGE][PASSED] - Object: 'Object Repository/Final Object Repo/Page_MyASSIST - ASSIST - Search Pending Case For Add Supporting Document/Continue' is clicked on

2018-12-17 17:26:29 - [TEST_STEP][PASSED] - delay: Delayed 20 second(s)

2018-12-17 17:26:49 - [MESSAGE][PASSED] - Delayed 20 second(s)

2018-12-17 17:26:49 - [MESSAGE][PASSED] - Call Test Case 'Test Cases/Final Aug 2018 - PKS Automation/Registration Module/Workflow/Login and Search Case For Workflow' successfully

2018-12-17 17:26:49 - [TEST_STEP][PASSED] - click: Object: 'Object Repository/Final Object Repo/Page_Form 3 EIS - Cessation as Employer/Page_Form 3 EIS - Cessation as Employer (Approve)/Save  Continue in Form 3 Page' is clicked on

2018-12-17 17:26:49 - [MESSAGE][PASSED] - Object: 'Object Repository/Final Object Repo/Page_Form 3 EIS - Cessation as Employer/Page_Form 3 EIS - Cessation as Employer (Approve)/Save  Continue in Form 3 Page' is clicked on

2018-12-17 17:26:49 - [TEST_STEP][PASSED] - delay: Delayed 2 second(s)

2018-12-17 17:26:51 - [MESSAGE][PASSED] - Delayed 2 second(s)

2018-12-17 17:26:51 - [TEST_STEP][PASSED] - click: Object: 'Object Repository/Final Object Repo/Page_Form 3 EIS - Cessation as Employer/Page_Form 3 EIS - Cessation as Employer (Approve)/Save  Continue in Resigned Page' is clicked on

2018-12-17 17:26:51 - [MESSAGE][PASSED] - Object: 'Object Repository/Final Object Repo/Page_Form 3 EIS - Cessation as Employer/Page_Form 3 EIS - Cessation as Employer (Approve)/Save  Continue in Resigned Page' is clicked on

2018-12-17 17:26:51 - [TEST_STEP][PASSED] - delay: Delayed 2 second(s)

2018-12-17 17:26:53 - [MESSAGE][PASSED] - Delayed 2 second(s)

2018-12-17 17:26:53 - [TEST_STEP][PASSED] - click: Object: 'Object Repository/Final Object Repo/Page_Form 3 EIS - Cessation as Employer/Page_Form 3 EIS - Cessation as Employer (Approve)/Save  Continue in Uploading Page' is clicked on

2018-12-17 17:26:55 - [MESSAGE][PASSED] - Object: 'Object Repository/Final Object Repo/Page_Form 3 EIS - Cessation as Employer/Page_Form 3 EIS - Cessation as Employer (Approve)/Save  Continue in Uploading Page' is clicked on

2018-12-17 17:26:55 - [TEST_STEP][PASSED] - delay: Delayed 2 second(s)

2018-12-17 17:26:57 - [MESSAGE][PASSED] - Delayed 2 second(s)

2018-12-17 17:26:57 - [TEST_STEP][PASSED] - click: Object: 'Object Repository/Final Object Repo/Page_Form 3 EIS - Cessation as Employer/Page_Form 3 EIS - Cessation as Employer (Reject)/Reject' is clicked on

2018-12-17 17:26:59 - [MESSAGE][PASSED] - Object: 'Object Repository/Final Object Repo/Page_Form 3 EIS - Cessation as Employer/Page_Form 3 EIS - Cessation as Employer (Reject)/Reject' is clicked on

2018-12-17 17:26:59 - [TEST_STEP][PASSED] - delay: Delayed 2 second(s)

2018-12-17 17:27:01 - [MESSAGE][PASSED] - Delayed 2 second(s)

2018-12-17 17:27:01 - [TEST_STEP][PASSED] - click: Object: 'Object Repository/Final Object Repo/Page_Form 3 EIS - Cessation as Employer/Page_Form 3 EIS - Cessation as Employer (Reject)/Confirm' is clicked on

2018-12-17 17:27:02 - [MESSAGE][PASSED] - Object: 'Object Repository/Final Object Repo/Page_Form 3 EIS - Cessation as Employer/Page_Form 3 EIS - Cessation as Employer (Reject)/Confirm' is clicked on

2018-12-17 17:27:02 - [TEST_STEP][PASSED] - delay: Delayed 2 second(s)

2018-12-17 17:27:04 - [MESSAGE][PASSED] - Delayed 2 second(s)

2018-12-17 17:27:04 - [TEST_STEP][PASSED] - click: Object: 'Object Repository/Final Object Repo/Page_Form 3 EIS - Cessation as Employer/Page_Form 3 EIS - Cessation as Employer (Reject)/Message This Case has been Rejected' is clicked on

2018-12-17 17:27:08 - [MESSAGE][PASSED] - Object: 'Object Repository/Final Object Repo/Page_Form 3 EIS - Cessation as Employer/Page_Form 3 EIS - Cessation as Employer (Reject)/Message This Case has been Rejected' is clicked on

2018-12-17 17:27:08 - [TEST_STEP][PASSED] - click: Object: 'Object Repository/Final Object Repo/Page_Form 3 EIS - Cessation as Employer/Page_Form 3 EIS - Cessation as Employer (Reject)/Letter of update rejection' is clicked on

2018-12-17 17:27:08 - [MESSAGE][PASSED] - Object: 'Object Repository/Final Object Repo/Page_Form 3 EIS - Cessation as Employer/Page_Form 3 EIS - Cessation as Employer (Reject)/Letter of update rejection' is clicked on

2018-12-17 17:27:08 - [MESSAGE][PASSED] - Call Test Case 'Test Cases/Final Aug 2018 - PKS Automation/Registration Module/Workflow/Form 3 EIS - Cessation As Employer/Template/Form 3 A - Cessation As Employer (Reject)' successfully]]></system-out>
         <system-err><![CDATA[]]></system-err>
      </testcase>
      <testcase name="Test Cases/Final Aug 2018 - PKS Automation/Registration Module/Workflow/Form 3 EIS - Cessation As Employer/OTC to UO (Under enforcement)" classname="Test Cases/Final Aug 2018 - PKS Automation/Registration Module/Workflow/Form 3 EIS - Cessation As Employer/OTC to UO (Under enforcement)" status="PASSED">
         <system-out><![CDATA[2018-12-17 17:27:08 - [TEST_CASE][PASSED] - Test Cases/Final Aug 2018 - PKS Automation/Registration Module/Workflow/Form 3 EIS - Cessation As Employer/OTC to UO (Under enforcement): Test Cases/Final Aug 2018 - PKS Automation/Registration Module/Workflow/Form 3 EIS - Cessation As Employer/OTC to UO (Under enforcement)

2018-12-17 17:27:09 - [TEST_STEP][PASSED] - callTestCase: Call Test Case 'Test Cases/Final Aug 2018 - PKS Automation/Registration Module/Workflow/Form 3 EIS - Cessation As Employer/Template/Form 3 A - Cessation As Employer (OTC)' successfully

2018-12-17 17:27:09 - [TEST_CASE][PASSED] - Test Cases/Final Aug 2018 - PKS Automation/Registration Module/Workflow/Form 3 EIS - Cessation As Employer/Template/Form 3 A - Cessation As Employer (OTC): Test Cases/Final Aug 2018 - PKS Automation/Registration Module/Workflow/Form 3 EIS - Cessation As Employer/Template/Form 3 A - Cessation As Employer (OTC)

2018-12-17 17:27:09 - [TEST_STEP][PASSED] - openBrowser: Browser is opened with url: ''

2018-12-17 17:27:09 - [MESSAGE][WARNING] - A browser is already opened. Closing browser and opening a new one

2018-12-17 17:27:12 - [MESSAGE][PASSED] - Browser is opened with url: ''

2018-12-17 17:27:12 - [TEST_STEP][PASSED] - navigateToUrl: Navigate to 'https://assist2-uat.perkeso.gov.my/login' successfully

2018-12-17 17:27:13 - [MESSAGE][PASSED] - Navigate to 'https://assist2-uat.perkeso.gov.my/login' successfully

2018-12-17 17:27:13 - [TEST_STEP][PASSED] - setText: Text 'johorotc1@gmail.com' is set on object 'Object Repository/Final Object Repo/Login Page/Internal User/Email Address'

2018-12-17 17:27:13 - [MESSAGE][PASSED] - Text 'johorotc1@gmail.com' is set on object 'Object Repository/Final Object Repo/Login Page/Internal User/Email Address'

2018-12-17 17:27:13 - [TEST_STEP][PASSED] - click: Object: 'Object Repository/Final Object Repo/Login Page/Internal User/Next Button' is clicked on

2018-12-17 17:27:13 - [MESSAGE][PASSED] - Object: 'Object Repository/Final Object Repo/Login Page/Internal User/Next Button' is clicked on

2018-12-17 17:27:13 - [TEST_STEP][PASSED] - delay: Delayed 1 second(s)

2018-12-17 17:27:14 - [MESSAGE][PASSED] - Delayed 1 second(s)

2018-12-17 17:27:14 - [TEST_STEP][PASSED] - setEncryptedText: Text ****** has been set on object 'Object Repository/Final Object Repo/Login Page/Internal User/Password'

2018-12-17 17:27:14 - [MESSAGE][PASSED] - Text ****** has been set on object 'Object Repository/Final Object Repo/Login Page/Internal User/Password'

2018-12-17 17:27:14 - [TEST_STEP][PASSED] - click: Object: 'Object Repository/Final Object Repo/Login Page/Internal User/Login Button' is clicked on

2018-12-17 17:27:15 - [MESSAGE][PASSED] - Object: 'Object Repository/Final Object Repo/Login Page/Internal User/Login Button' is clicked on

2018-12-17 17:27:15 - [TEST_STEP][PASSED] - delay: Delayed 1 second(s)

2018-12-17 17:27:16 - [MESSAGE][PASSED] - Delayed 1 second(s)

2018-12-17 17:27:16 - [TEST_STEP][PASSED] - Statement - Try: Delayed 2 second(s)

2018-12-17 17:27:16 - [TEST_STEP][PASSED] - Statement - Checker = false: null

2018-12-17 17:27:16 - [TEST_STEP][PASSED] - Statement - Checker = com.kms.katalon.core.webui.keyword.WebUiBuiltInKeywords.verifyElementHasAttribute(com.kms.katalon.core.testobject.ObjectRepository.findTestObject(Final Object Repo/Landing Page/BM Detecting), "href", 20, OPTIONAL): Object 'Object Repository/Final Object Repo/Landing Page/BM Detecting' has attribute 'href'

2018-12-17 17:27:17 - [MESSAGE][PASSED] - Object 'Object Repository/Final Object Repo/Landing Page/BM Detecting' has attribute 'href'

2018-12-17 17:27:17 - [TEST_STEP][PASSED] - Statement - out.println(Checker): null

2018-12-17 17:27:17 - [TEST_STEP][PASSED] - Statement - If (Checker == false): null

2018-12-17 17:27:17 - [TEST_STEP][PASSED] - Statement - Else: null

2018-12-17 17:27:17 - [TEST_STEP][PASSED] - delay: Delayed 2 second(s)

2018-12-17 17:27:19 - [MESSAGE][PASSED] - Delayed 2 second(s)

2018-12-17 17:27:19 - [TEST_STEP][PASSED] - navigateToUrl: Navigate to 'https://assist2-uat.perkeso.gov.my/web/registration/eis-update/form-3-eis-cessation-as-employer' successfully

2018-12-17 17:27:19 - [MESSAGE][PASSED] - Navigate to 'https://assist2-uat.perkeso.gov.my/web/registration/eis-update/form-3-eis-cessation-as-employer' successfully

2018-12-17 17:27:19 - [TEST_STEP][PASSED] - delay: Delayed 1 second(s)

2018-12-17 17:27:20 - [MESSAGE][PASSED] - Delayed 1 second(s)

2018-12-17 17:27:20 - [TEST_STEP][PASSED] - setText: Text 'E1102069769W' is set on object 'Object Repository/Final Object Repo/Page_Form 3 EIS - Cessation as Employer/Employer Code'

2018-12-17 17:27:21 - [MESSAGE][PASSED] - Text 'E1102069769W' is set on object 'Object Repository/Final Object Repo/Page_Form 3 EIS - Cessation as Employer/Employer Code'

2018-12-17 17:27:21 - [TEST_STEP][PASSED] - click: Object: 'Object Repository/Final Object Repo/Page_Form 3 EIS - Cessation as Employer/Search' is clicked on

2018-12-17 17:27:21 - [MESSAGE][PASSED] - Object: 'Object Repository/Final Object Repo/Page_Form 3 EIS - Cessation as Employer/Search' is clicked on

2018-12-17 17:27:21 - [TEST_STEP][PASSED] - click: Object: 'Object Repository/Final Object Repo/Page_Form 3 EIS - Cessation as Employer/Edit' is clicked on

2018-12-17 17:27:23 - [MESSAGE][PASSED] - Object: 'Object Repository/Final Object Repo/Page_Form 3 EIS - Cessation as Employer/Edit' is clicked on

2018-12-17 17:27:23 - [TEST_STEP][PASSED] - delay: Delayed 1 second(s)

2018-12-17 17:27:24 - [MESSAGE][PASSED] - Delayed 1 second(s)

2018-12-17 17:27:24 - [TEST_STEP][PASSED] - Statement - abc = com.kms.katalon.core.webui.keyword.WebUiBuiltInKeywords.getAttribute(com.kms.katalon.core.testobject.ObjectRepository.findTestObject(Final Object Repo/Page_Form 3 EIS - Cessation as Employer/Employer Status), "value"): Attribute 'value' of object 'Object Repository/Final Object Repo/Page_Form 3 EIS - Cessation as Employer/Employer Status' is: 'Active'

2018-12-17 17:27:24 - [MESSAGE][PASSED] - Attribute 'value' of object 'Object Repository/Final Object Repo/Page_Form 3 EIS - Cessation as Employer/Employer Status' is: 'Active'

2018-12-17 17:27:24 - [TEST_STEP][PASSED] - Statement - out.println(abc): null

2018-12-17 17:27:24 - [TEST_STEP][PASSED] - Statement - If (abc == "Active"): Object: 'Object Repository/Final Object Repo/Page_Form 3 EIS - Cessation as Employer/Dormant EIS' is clicked on

2018-12-17 17:27:24 - [TEST_STEP][PASSED] - click: Object: 'Object Repository/Final Object Repo/Page_Form 3 EIS - Cessation as Employer/Change Employer Status to' is clicked on

2018-12-17 17:27:25 - [MESSAGE][PASSED] - Object: 'Object Repository/Final Object Repo/Page_Form 3 EIS - Cessation as Employer/Change Employer Status to' is clicked on

2018-12-17 17:27:25 - [TEST_STEP][PASSED] - click: Object: 'Object Repository/Final Object Repo/Page_Form 3 EIS - Cessation as Employer/Dormant EIS' is clicked on

2018-12-17 17:27:25 - [MESSAGE][PASSED] - Object: 'Object Repository/Final Object Repo/Page_Form 3 EIS - Cessation as Employer/Dormant EIS' is clicked on

2018-12-17 17:27:25 - [TEST_STEP][PASSED] - click: Object: 'Object Repository/Final Object Repo/Page_Form 3 EIS - Cessation as Employer/Calender' is clicked on

2018-12-17 17:27:25 - [MESSAGE][PASSED] - Object: 'Object Repository/Final Object Repo/Page_Form 3 EIS - Cessation as Employer/Calender' is clicked on

2018-12-17 17:27:25 - [TEST_STEP][PASSED] - delay: Delayed 1 second(s)

2018-12-17 17:27:26 - [MESSAGE][PASSED] - Delayed 1 second(s)

2018-12-17 17:27:26 - [TEST_STEP][PASSED] - click: Object: 'Object Repository/Final Object Repo/Page_Form 3 EIS - Cessation as Employer/Calender - Date' is clicked on

2018-12-17 17:27:26 - [MESSAGE][PASSED] - Object: 'Object Repository/Final Object Repo/Page_Form 3 EIS - Cessation as Employer/Calender - Date' is clicked on

2018-12-17 17:27:26 - [TEST_STEP][PASSED] - click: Object: 'Object Repository/Final Object Repo/Page_Form 3 EIS - Cessation as Employer/Save  Continue in Form 3 EIS Page' is clicked on

2018-12-17 17:27:26 - [MESSAGE][PASSED] - Object: 'Object Repository/Final Object Repo/Page_Form 3 EIS - Cessation as Employer/Save  Continue in Form 3 EIS Page' is clicked on

2018-12-17 17:27:26 - [TEST_STEP][PASSED] - delay: Delayed 1 second(s)

2018-12-17 17:27:27 - [MESSAGE][PASSED] - Delayed 1 second(s)

2018-12-17 17:27:27 - [TEST_STEP][PASSED] - click: Object: 'Object Repository/Final Object Repo/Page_Form 3 EIS - Cessation as Employer/Employment Resign Date' is clicked on

2018-12-17 17:27:28 - [MESSAGE][PASSED] - Object: 'Object Repository/Final Object Repo/Page_Form 3 EIS - Cessation as Employer/Employment Resign Date' is clicked on

2018-12-17 17:27:28 - [TEST_STEP][PASSED] - selectOptionByValue: All options with value '2030' are selected in object 'Object Repository/Final Object Repo/Page_Form 3 EIS - Cessation as Employer/Employment Resign Date - Year' 

2018-12-17 17:27:28 - [MESSAGE][PASSED] - All options with value '2030' are selected in object 'Object Repository/Final Object Repo/Page_Form 3 EIS - Cessation as Employer/Employment Resign Date - Year' 

2018-12-17 17:27:28 - [TEST_STEP][PASSED] - delay: Delayed 2 second(s)

2018-12-17 17:27:30 - [MESSAGE][PASSED] - Delayed 2 second(s)

2018-12-17 17:27:30 - [TEST_STEP][PASSED] - click: Object: 'Object Repository/Final Object Repo/Page_Form 3 EIS - Cessation as Employer/Employment Resign Date - Year - Date' is clicked on

2018-12-17 17:27:30 - [MESSAGE][PASSED] - Object: 'Object Repository/Final Object Repo/Page_Form 3 EIS - Cessation as Employer/Employment Resign Date - Year - Date' is clicked on

2018-12-17 17:27:30 - [TEST_STEP][PASSED] - delay: Delayed 2 second(s)

2018-12-17 17:27:32 - [MESSAGE][PASSED] - Delayed 2 second(s)

2018-12-17 17:27:32 - [TEST_STEP][PASSED] - click: Object: 'Object Repository/Final Object Repo/Page_Form 3 EIS - Cessation as Employer/Save  Continue in Employment Resign Page' is clicked on

2018-12-17 17:27:32 - [MESSAGE][PASSED] - Object: 'Object Repository/Final Object Repo/Page_Form 3 EIS - Cessation as Employer/Save  Continue in Employment Resign Page' is clicked on

2018-12-17 17:27:32 - [TEST_STEP][PASSED] - delay: Delayed 2 second(s)

2018-12-17 17:27:34 - [MESSAGE][PASSED] - Delayed 2 second(s)

2018-12-17 17:27:34 - [TEST_STEP][PASSED] - click: Object: 'Object Repository/Final Object Repo/Page_Form 3 EIS - Cessation as Employer/Set Latest - Yes' is clicked on

2018-12-17 17:27:34 - [MESSAGE][PASSED] - Object: 'Object Repository/Final Object Repo/Page_Form 3 EIS - Cessation as Employer/Set Latest - Yes' is clicked on

2018-12-17 17:27:34 - [TEST_STEP][PASSED] - delay: Delayed 2 second(s)

2018-12-17 17:27:36 - [MESSAGE][PASSED] - Delayed 2 second(s)

2018-12-17 17:27:36 - [TEST_STEP][PASSED] - click: Object: 'Object Repository/Final Object Repo/Page_Form 3 EIS - Cessation as Employer/Add Document' is clicked on

2018-12-17 17:27:38 - [MESSAGE][PASSED] - Object: 'Object Repository/Final Object Repo/Page_Form 3 EIS - Cessation as Employer/Add Document' is clicked on

2018-12-17 17:27:38 - [TEST_STEP][PASSED] - delay: Delayed 3 second(s)

2018-12-17 17:27:41 - [MESSAGE][PASSED] - Delayed 3 second(s)

2018-12-17 17:27:41 - [TEST_STEP][PASSED] - click: Object: 'Object Repository/Final Object Repo/Page_Form 3 EIS - Cessation as Employer/Document Type' is clicked on

2018-12-17 17:27:41 - [MESSAGE][PASSED] - Object: 'Object Repository/Final Object Repo/Page_Form 3 EIS - Cessation as Employer/Document Type' is clicked on

2018-12-17 17:27:41 - [TEST_STEP][PASSED] - click: Object: 'Object Repository/Final Object Repo/Page_Form 3 EIS - Cessation as Employer/Document Type - Form 3' is clicked on

2018-12-17 17:27:41 - [MESSAGE][PASSED] - Object: 'Object Repository/Final Object Repo/Page_Form 3 EIS - Cessation as Employer/Document Type - Form 3' is clicked on

2018-12-17 17:27:41 - [TEST_STEP][PASSED] - delay: Delayed 2 second(s)

2018-12-17 17:27:43 - [MESSAGE][PASSED] - Delayed 2 second(s)

2018-12-17 17:27:43 - [TEST_STEP][PASSED] - sendKeys: Keys 'C:\Users\Public\Pictures\Sample Pictures\Koala.jpg' sent to object: 'Object Repository/Final Object Repo/Page_Form 3 EIS - Cessation as Employer/ploading File'

2018-12-17 17:27:43 - [MESSAGE][PASSED] - Keys 'C:\Users\Public\Pictures\Sample Pictures\Koala.jpg' sent to object: 'Object Repository/Final Object Repo/Page_Form 3 EIS - Cessation as Employer/ploading File'

2018-12-17 17:27:43 - [TEST_STEP][PASSED] - delay: Delayed 1 second(s)

2018-12-17 17:27:44 - [MESSAGE][PASSED] - Delayed 1 second(s)

2018-12-17 17:27:44 - [TEST_STEP][PASSED] - click: Object: 'Object Repository/Final Object Repo/Page_Form 3 EIS - Cessation as Employer/Add Document in Uploading Page' is clicked on

2018-12-17 17:27:44 - [MESSAGE][PASSED] - Object: 'Object Repository/Final Object Repo/Page_Form 3 EIS - Cessation as Employer/Add Document in Uploading Page' is clicked on

2018-12-17 17:27:44 - [TEST_STEP][PASSED] - delay: Delayed 2 second(s)

2018-12-17 17:27:46 - [MESSAGE][PASSED] - Delayed 2 second(s)

2018-12-17 17:27:46 - [TEST_STEP][PASSED] - Statement - CaseReferenceNo = com.kms.katalon.core.webui.keyword.WebUiBuiltInKeywords.getText(com.kms.katalon.core.testobject.ObjectRepository.findTestObject(Final Object Repo/Page_Update Employer Information/Reference Number in Update Employee Information Page)): Text of object 'Object Repository/Final Object Repo/Page_Update Employer Information/Reference Number in Update Employee Information Page' is: 'ERN122018C200002491'

2018-12-17 17:27:48 - [MESSAGE][PASSED] - Text of object 'Object Repository/Final Object Repo/Page_Update Employer Information/Reference Number in Update Employee Information Page' is: 'ERN122018C200002491'

2018-12-17 17:27:48 - [TEST_STEP][PASSED] - callTestCase: Call Test Case 'Test Cases/Final Aug 2018 - PKS Automation/Common/Reference Number Setter' successfully

2018-12-17 17:27:48 - [TEST_CASE][PASSED] - Test Cases/Final Aug 2018 - PKS Automation/Common/Reference Number Setter: Test Cases/Final Aug 2018 - PKS Automation/Common/Reference Number Setter

2018-12-17 17:27:48 - [TEST_STEP][PASSED] - Statement - RefNoOldFile = new java.io.File(C://Users//Admin//Desktop//PKS//Automation Reference Point//KatalonReference.txt): null

2018-12-17 17:27:48 - [TEST_STEP][PASSED] - Statement - RefNoOldFile.delete(): null

2018-12-17 17:27:48 - [TEST_STEP][PASSED] - delay: Delayed 5 second(s)

2018-12-17 17:27:53 - [MESSAGE][PASSED] - Delayed 5 second(s)

2018-12-17 17:27:53 - [TEST_STEP][PASSED] - Statement - RefNo = new java.io.File(C://Users//Admin//Desktop//PKS//Automation Reference Point//KatalonReference.txt): null

2018-12-17 17:27:53 - [TEST_STEP][PASSED] - Statement - f2 = new java.io.FileWriter(RefNo, false): null

2018-12-17 17:27:53 - [TEST_STEP][PASSED] - Statement - f2.write(CaseReferenceNo): null

2018-12-17 17:27:53 - [TEST_STEP][PASSED] - Statement - f2.close(): null

2018-12-17 17:27:53 - [TEST_STEP][PASSED] - Statement - out.println("


" + CaseReferenceNo + "


"): null

2018-12-17 17:27:53 - [MESSAGE][PASSED] - Call Test Case 'Test Cases/Final Aug 2018 - PKS Automation/Common/Reference Number Setter' successfully

2018-12-17 17:27:53 - [TEST_STEP][PASSED] - delay: Delayed 2 second(s)

2018-12-17 17:27:55 - [MESSAGE][PASSED] - Delayed 2 second(s)

2018-12-17 17:27:55 - [TEST_STEP][PASSED] - click: Object: 'Object Repository/Final Object Repo/Page_Form 3 EIS - Cessation as Employer/Save  Continue in Uploading Page' is clicked on

2018-12-17 17:27:56 - [MESSAGE][PASSED] - Object: 'Object Repository/Final Object Repo/Page_Form 3 EIS - Cessation as Employer/Save  Continue in Uploading Page' is clicked on

2018-12-17 17:27:56 - [TEST_STEP][PASSED] - delay: Delayed 2 second(s)

2018-12-17 17:27:58 - [MESSAGE][PASSED] - Delayed 2 second(s)

2018-12-17 17:27:58 - [TEST_STEP][PASSED] - click: Object: 'Object Repository/Final Object Repo/Page_Form 3 EIS - Cessation as Employer/Submit' is clicked on

2018-12-17 17:28:00 - [MESSAGE][PASSED] - Object: 'Object Repository/Final Object Repo/Page_Form 3 EIS - Cessation as Employer/Submit' is clicked on

2018-12-17 17:28:00 - [TEST_STEP][PASSED] - delay: Delayed 2 second(s)

2018-12-17 17:28:02 - [MESSAGE][PASSED] - Delayed 2 second(s)

2018-12-17 17:28:02 - [TEST_STEP][PASSED] - click: Object: 'Object Repository/Final Object Repo/Page_Form 3 EIS - Cessation as Employer/Confirm' is clicked on

2018-12-17 17:28:02 - [MESSAGE][PASSED] - Object: 'Object Repository/Final Object Repo/Page_Form 3 EIS - Cessation as Employer/Confirm' is clicked on

2018-12-17 17:28:02 - [TEST_STEP][PASSED] - delay: Delayed 2 second(s)

2018-12-17 17:28:04 - [MESSAGE][PASSED] - Delayed 2 second(s)

2018-12-17 17:28:04 - [TEST_STEP][PASSED] - click: Object: 'Object Repository/Final Object Repo/Page_Form 3 EIS - Cessation as Employer/Message Your Request will be routed to UO' is clicked on

2018-12-17 17:28:08 - [MESSAGE][PASSED] - Object: 'Object Repository/Final Object Repo/Page_Form 3 EIS - Cessation as Employer/Message Your Request will be routed to UO' is clicked on

2018-12-17 17:28:08 - [TEST_STEP][PASSED] - click: Object: 'Object Repository/Final Object Repo/Page_Form 3 EIS - Cessation as Employer/Letter of acknowledgement' is clicked on

2018-12-17 17:28:08 - [MESSAGE][PASSED] - Object: 'Object Repository/Final Object Repo/Page_Form 3 EIS - Cessation as Employer/Letter of acknowledgement' is clicked on

2018-12-17 17:28:08 - [MESSAGE][PASSED] - Call Test Case 'Test Cases/Final Aug 2018 - PKS Automation/Registration Module/Workflow/Form 3 EIS - Cessation As Employer/Template/Form 3 A - Cessation As Employer (OTC)' successfully

2018-12-17 17:28:08 - [TEST_STEP][PASSED] - callTestCase: Call Test Case 'Test Cases/Final Aug 2018 - PKS Automation/Registration Module/Workflow/Form 3 EIS - Cessation As Employer/Template/Form 3 A - Cessation As Employer (Under enforcement)' successfully

2018-12-17 17:28:09 - [TEST_CASE][PASSED] - Test Cases/Final Aug 2018 - PKS Automation/Registration Module/Workflow/Form 3 EIS - Cessation As Employer/Template/Form 3 A - Cessation As Employer (Under enforcement): Test Cases/Final Aug 2018 - PKS Automation/Registration Module/Workflow/Form 3 EIS - Cessation As Employer/Template/Form 3 A - Cessation As Employer (Under enforcement)

2018-12-17 17:28:09 - [TEST_STEP][NOT_RUN] - callTestCase: NOT_RUN: callTestCase

2018-12-17 17:28:09 - [MESSAGE][NOT_RUN] - NOT_RUN: callTestCase

2018-12-17 17:28:09 - [TEST_STEP][PASSED] - delay: Delayed 1 second(s)

2018-12-17 17:28:10 - [MESSAGE][PASSED] - Delayed 1 second(s)

2018-12-17 17:28:10 - [TEST_STEP][PASSED] - navigateToUrl: Navigate to 'https://assist2-uat.perkeso.gov.my/c/portal/logout' successfully

2018-12-17 17:28:10 - [MESSAGE][PASSED] - Navigate to 'https://assist2-uat.perkeso.gov.my/c/portal/logout' successfully

2018-12-17 17:28:10 - [TEST_STEP][PASSED] - delay: Delayed 1 second(s)

2018-12-17 17:28:11 - [MESSAGE][PASSED] - Delayed 1 second(s)

2018-12-17 17:28:11 - [TEST_STEP][PASSED] - callTestCase: Call Test Case 'Test Cases/Final Aug 2018 - PKS Automation/Common/Reference Number Getter' successfully

2018-12-17 17:28:11 - [TEST_CASE][PASSED] - Test Cases/Final Aug 2018 - PKS Automation/Common/Reference Number Getter: Test Cases/Final Aug 2018 - PKS Automation/Common/Reference Number Getter

2018-12-17 17:28:11 - [TEST_STEP][PASSED] - Statement - Try: null

2018-12-17 17:28:11 - [TEST_STEP][PASSED] - Statement - RefNo = new java.io.File(C://Users//Admin//Desktop//PKS//Automation Reference Point//KatalonReference.txt): null

2018-12-17 17:28:11 - [TEST_STEP][PASSED] - Statement - bufferread = new java.io.BufferedReader(new java.io.FileReader(RefNo)): null

2018-12-17 17:28:11 - [TEST_STEP][PASSED] - Statement - readedVal = bufferread.readLine(): null

2018-12-17 17:28:11 - [TEST_STEP][PASSED] - Statement - out.println(CaseReferenceNo): null

2018-12-17 17:28:11 - [TEST_STEP][PASSED] - Statement - out.println(readedVal): null

2018-12-17 17:28:11 - [TEST_STEP][PASSED] - Statement - CaseReferenceNo = "": null

2018-12-17 17:28:11 - [TEST_STEP][PASSED] - Statement - CaseReferenceNo = readedVal: null

2018-12-17 17:28:11 - [MESSAGE][PASSED] - Call Test Case 'Test Cases/Final Aug 2018 - PKS Automation/Common/Reference Number Getter' successfully

2018-12-17 17:28:11 - [TEST_STEP][PASSED] - callTestCase: Call Test Case 'Test Cases/Final Aug 2018 - PKS Automation/Common/Workflow Owner Finder' successfully

2018-12-17 17:28:11 - [TEST_CASE][PASSED] - Test Cases/Final Aug 2018 - PKS Automation/Common/Workflow Owner Finder: Test Cases/Final Aug 2018 - PKS Automation/Common/Workflow Owner Finder

2018-12-17 17:28:11 - [TEST_STEP][PASSED] - openBrowser: Browser is opened with url: ''

2018-12-17 17:28:11 - [MESSAGE][WARNING] - A browser is already opened. Closing browser and opening a new one

2018-12-17 17:28:14 - [MESSAGE][PASSED] - Browser is opened with url: ''

2018-12-17 17:28:14 - [TEST_STEP][PASSED] - navigateToUrl: Navigate to 'https://assist2-uat.perkeso.gov.my/login' successfully

2018-12-17 17:28:15 - [MESSAGE][PASSED] - Navigate to 'https://assist2-uat.perkeso.gov.my/login' successfully

2018-12-17 17:28:15 - [TEST_STEP][PASSED] - delay: Delayed 5 second(s)

2018-12-17 17:28:20 - [MESSAGE][PASSED] - Delayed 5 second(s)

2018-12-17 17:28:20 - [TEST_STEP][PASSED] - setText: Text 'test@liferay.com' is set on object 'Object Repository/Final Object Repo/Login Page/Internal User/Email Address'

2018-12-17 17:28:21 - [MESSAGE][PASSED] - Text 'test@liferay.com' is set on object 'Object Repository/Final Object Repo/Login Page/Internal User/Email Address'

2018-12-17 17:28:21 - [TEST_STEP][PASSED] - click: Object: 'Object Repository/Final Object Repo/Login Page/Internal User/Next Button' is clicked on

2018-12-17 17:28:21 - [MESSAGE][PASSED] - Object: 'Object Repository/Final Object Repo/Login Page/Internal User/Next Button' is clicked on

2018-12-17 17:28:21 - [TEST_STEP][PASSED] - delay: Delayed 2 second(s)

2018-12-17 17:28:23 - [MESSAGE][PASSED] - Delayed 2 second(s)

2018-12-17 17:28:23 - [TEST_STEP][PASSED] - setText: Text 'test' is set on object 'Object Repository/Final Object Repo/Login Page/Internal User/Password'

2018-12-17 17:28:23 - [MESSAGE][PASSED] - Text 'test' is set on object 'Object Repository/Final Object Repo/Login Page/Internal User/Password'

2018-12-17 17:28:23 - [TEST_STEP][PASSED] - delay: Delayed 2 second(s)

2018-12-17 17:28:25 - [MESSAGE][PASSED] - Delayed 2 second(s)

2018-12-17 17:28:25 - [TEST_STEP][PASSED] - click: Object: 'Object Repository/Final Object Repo/Login Page/Internal User/Login Button' is clicked on

2018-12-17 17:28:25 - [MESSAGE][PASSED] - Object: 'Object Repository/Final Object Repo/Login Page/Internal User/Login Button' is clicked on

2018-12-17 17:28:25 - [TEST_STEP][PASSED] - Statement - tester = com.kms.katalon.core.testobject.ObjectRepository.findTestObject(Final Object Repo/Landing Page/Select to English): Finding Test Object with id 'Object Repository/Final Object Repo/Landing Page/Select to English'

2018-12-17 17:28:25 - [TEST_STEP][PASSED] - Statement - Try: Delayed 2 second(s)

2018-12-17 17:28:25 - [TEST_STEP][PASSED] - Statement - Checker = com.kms.katalon.core.webui.keyword.WebUiBuiltInKeywords.verifyElementNotPresent(tester, 3): Web element with id: 'Object Repository/Final Object Repo/Landing Page/Select to English' located by 'By.xpath: //a[@class = 'taglib-language-list-text' and @lang = 'en-US' and (contains(text(), 'EN') or contains(., 'EN'))]' is not present after '3' second(s)

2018-12-17 17:28:27 - [MESSAGE][PASSED] - Web element with id: 'Object Repository/Final Object Repo/Landing Page/Select to English' located by 'By.xpath: //a[@class = 'taglib-language-list-text' and @lang = 'en-US' and (contains(text(), 'EN') or contains(., 'EN'))]' is not present after '3' second(s)

2018-12-17 17:28:27 - [TEST_STEP][PASSED] - Statement - If (Checker == false): null

2018-12-17 17:28:27 - [TEST_STEP][PASSED] - delay: Delayed 2 second(s)

2018-12-17 17:28:29 - [MESSAGE][PASSED] - Delayed 2 second(s)

2018-12-17 17:28:29 - [TEST_STEP][PASSED] - delay: Delayed 5 second(s)

2018-12-17 17:28:34 - [MESSAGE][PASSED] - Delayed 5 second(s)

2018-12-17 17:28:34 - [TEST_STEP][PASSED] - mouseOver: Object: 'Object Repository/Final Object Repo/Landing Page/WorkFlow Menu' is hovered

2018-12-17 17:28:34 - [MESSAGE][PASSED] - Object: 'Object Repository/Final Object Repo/Landing Page/WorkFlow Menu' is hovered

2018-12-17 17:28:34 - [TEST_STEP][PASSED] - delay: Delayed 2 second(s)

2018-12-17 17:28:36 - [MESSAGE][PASSED] - Delayed 2 second(s)

2018-12-17 17:28:36 - [TEST_STEP][PASSED] - click: Object: 'Object Repository/Final Object Repo/Landing Page/Select to Workflow Listing' is clicked on

2018-12-17 17:28:37 - [MESSAGE][PASSED] - Object: 'Object Repository/Final Object Repo/Landing Page/Select to Workflow Listing' is clicked on

2018-12-17 17:28:37 - [TEST_STEP][PASSED] - delay: Delayed 2 second(s)

2018-12-17 17:28:39 - [MESSAGE][PASSED] - Delayed 2 second(s)

2018-12-17 17:28:39 - [TEST_STEP][PASSED] - click: Object: 'Object Repository/Final Object Repo/WorkFlow Listing Page/Search Information - To Put Ref No' is clicked on

2018-12-17 17:28:40 - [MESSAGE][PASSED] - Object: 'Object Repository/Final Object Repo/WorkFlow Listing Page/Search Information - To Put Ref No' is clicked on

2018-12-17 17:28:40 - [TEST_STEP][PASSED] - delay: Delayed 2 second(s)

2018-12-17 17:28:42 - [MESSAGE][PASSED] - Delayed 2 second(s)

2018-12-17 17:28:42 - [TEST_STEP][PASSED] - callTestCase: Call Test Case 'Test Cases/Final Aug 2018 - PKS Automation/Common/Reference Number Getter' successfully

2018-12-17 17:28:42 - [TEST_CASE][PASSED] - Test Cases/Final Aug 2018 - PKS Automation/Common/Reference Number Getter: Test Cases/Final Aug 2018 - PKS Automation/Common/Reference Number Getter

2018-12-17 17:28:42 - [TEST_STEP][PASSED] - Statement - Try: null

2018-12-17 17:28:42 - [TEST_STEP][PASSED] - Statement - RefNo = new java.io.File(C://Users//Admin//Desktop//PKS//Automation Reference Point//KatalonReference.txt): null

2018-12-17 17:28:42 - [TEST_STEP][PASSED] - Statement - bufferread = new java.io.BufferedReader(new java.io.FileReader(RefNo)): null

2018-12-17 17:28:42 - [TEST_STEP][PASSED] - Statement - readedVal = bufferread.readLine(): null

2018-12-17 17:28:42 - [TEST_STEP][PASSED] - Statement - out.println(CaseReferenceNo): null

2018-12-17 17:28:42 - [TEST_STEP][PASSED] - Statement - out.println(readedVal): null

2018-12-17 17:28:42 - [TEST_STEP][PASSED] - Statement - CaseReferenceNo = "": null

2018-12-17 17:28:42 - [TEST_STEP][PASSED] - Statement - CaseReferenceNo = readedVal: null

2018-12-17 17:28:42 - [MESSAGE][PASSED] - Call Test Case 'Test Cases/Final Aug 2018 - PKS Automation/Common/Reference Number Getter' successfully

2018-12-17 17:28:42 - [TEST_STEP][PASSED] - setText: Text 'ERN122018C200002491' is set on object 'Object Repository/Final Object Repo/WorkFlow Listing Page/Ref No Set Text'

2018-12-17 17:28:42 - [MESSAGE][PASSED] - Text 'ERN122018C200002491' is set on object 'Object Repository/Final Object Repo/WorkFlow Listing Page/Ref No Set Text'

2018-12-17 17:28:42 - [TEST_STEP][PASSED] - delay: Delayed 2 second(s)

2018-12-17 17:28:44 - [MESSAGE][PASSED] - Delayed 2 second(s)

2018-12-17 17:28:44 - [TEST_STEP][PASSED] - click: Object: 'Object Repository/Final Object Repo/WorkFlow Listing Page/Search Ref No Search Button' is clicked on

2018-12-17 17:28:44 - [MESSAGE][PASSED] - Object: 'Object Repository/Final Object Repo/WorkFlow Listing Page/Search Ref No Search Button' is clicked on

2018-12-17 17:28:44 - [TEST_STEP][PASSED] - delay: Delayed 6 second(s)

2018-12-17 17:28:50 - [MESSAGE][PASSED] - Delayed 6 second(s)

2018-12-17 17:28:50 - [TEST_STEP][PASSED] - click: Object: 'Object Repository/Final Object Repo/WorkFlow Listing Page/Click Continue Tooltip' is clicked on

2018-12-17 17:28:51 - [MESSAGE][PASSED] - Object: 'Object Repository/Final Object Repo/WorkFlow Listing Page/Click Continue Tooltip' is clicked on

2018-12-17 17:28:51 - [TEST_STEP][PASSED] - delay: Delayed 5 second(s)

2018-12-17 17:28:56 - [MESSAGE][PASSED] - Delayed 5 second(s)

2018-12-17 17:28:56 - [TEST_STEP][PASSED] - doubleClick: Object: 'Object Repository/Final Object Repo/WorkFlow Listing Page/Workflow Found - Listing 1' is double clicked on

2018-12-17 17:28:56 - [MESSAGE][PASSED] - Object: 'Object Repository/Final Object Repo/WorkFlow Listing Page/Workflow Found - Listing 1' is double clicked on

2018-12-17 17:28:56 - [TEST_STEP][PASSED] - Statement - println(OwnerID): null

2018-12-17 17:28:56 - [TEST_STEP][PASSED] - Statement - OwnerID = com.kms.katalon.core.webui.keyword.WebUiBuiltInKeywords.getText(com.kms.katalon.core.testobject.ObjectRepository.findTestObject(Final Object Repo/WorkFlow Listing Page/Workflow Found - Listing 1), STOP_ON_FAILURE): Text of object 'Object Repository/Final Object Repo/WorkFlow Listing Page/Workflow Found - Listing 1' is: 'JOHORuo3'

2018-12-17 17:28:56 - [MESSAGE][PASSED] - Text of object 'Object Repository/Final Object Repo/WorkFlow Listing Page/Workflow Found - Listing 1' is: 'JOHORuo3'

2018-12-17 17:28:56 - [TEST_STEP][PASSED] - Statement - OwnerID = OwnerID.toLowerCase() + "@gmail.com": null

2018-12-17 17:28:56 - [TEST_STEP][PASSED] - Statement - println(OwnerID): null

2018-12-17 17:28:56 - [TEST_STEP][PASSED] - delay: Delayed 2 second(s)

2018-12-17 17:28:58 - [MESSAGE][PASSED] - Delayed 2 second(s)

2018-12-17 17:28:58 - [MESSAGE][PASSED] - Call Test Case 'Test Cases/Final Aug 2018 - PKS Automation/Common/Workflow Owner Finder' successfully

2018-12-17 17:28:58 - [TEST_STEP][PASSED] - delay: Delayed 1 second(s)

2018-12-17 17:28:59 - [MESSAGE][PASSED] - Delayed 1 second(s)

2018-12-17 17:28:59 - [TEST_STEP][PASSED] - navigateToUrl: Navigate to 'https://assist2-uat.perkeso.gov.my/c/portal/logout' successfully

2018-12-17 17:29:00 - [MESSAGE][PASSED] - Navigate to 'https://assist2-uat.perkeso.gov.my/c/portal/logout' successfully

2018-12-17 17:29:00 - [TEST_STEP][PASSED] - delay: Delayed 1 second(s)

2018-12-17 17:29:01 - [MESSAGE][PASSED] - Delayed 1 second(s)

2018-12-17 17:29:01 - [TEST_STEP][PASSED] - callTestCase: Call Test Case 'Test Cases/Final Aug 2018 - PKS Automation/Registration Module/Workflow/Login and Search Case For Workflow' successfully

2018-12-17 17:29:01 - [TEST_CASE][PASSED] - Test Cases/Final Aug 2018 - PKS Automation/Registration Module/Workflow/Login and Search Case For Workflow: Test Cases/Final Aug 2018 - PKS Automation/Registration Module/Workflow/Login and Search Case For Workflow

2018-12-17 17:29:01 - [TEST_STEP][PASSED] - navigateToUrl: Navigate to 'https://assist2-uat.perkeso.gov.my/login' successfully

2018-12-17 17:29:02 - [MESSAGE][PASSED] - Navigate to 'https://assist2-uat.perkeso.gov.my/login' successfully

2018-12-17 17:29:02 - [TEST_STEP][PASSED] - setText: Text 'johoruo3@gmail.com' is set on object 'Object Repository/Final Object Repo/Login Page/Internal User/Email Address'

2018-12-17 17:29:02 - [MESSAGE][PASSED] - Text 'johoruo3@gmail.com' is set on object 'Object Repository/Final Object Repo/Login Page/Internal User/Email Address'

2018-12-17 17:29:02 - [TEST_STEP][PASSED] - click: Object: 'Object Repository/Final Object Repo/Login Page/Internal User/Next Button' is clicked on

2018-12-17 17:29:02 - [MESSAGE][PASSED] - Object: 'Object Repository/Final Object Repo/Login Page/Internal User/Next Button' is clicked on

2018-12-17 17:29:02 - [TEST_STEP][PASSED] - delay: Delayed 1 second(s)

2018-12-17 17:29:03 - [MESSAGE][PASSED] - Delayed 1 second(s)

2018-12-17 17:29:03 - [TEST_STEP][PASSED] - setEncryptedText: Text ****** has been set on object 'Object Repository/Final Object Repo/Login Page/Internal User/Password'

2018-12-17 17:29:03 - [MESSAGE][PASSED] - Text ****** has been set on object 'Object Repository/Final Object Repo/Login Page/Internal User/Password'

2018-12-17 17:29:03 - [TEST_STEP][PASSED] - click: Object: 'Object Repository/Final Object Repo/Login Page/Internal User/Login Button' is clicked on

2018-12-17 17:29:04 - [MESSAGE][PASSED] - Object: 'Object Repository/Final Object Repo/Login Page/Internal User/Login Button' is clicked on

2018-12-17 17:29:04 - [TEST_STEP][PASSED] - delay: Delayed 2 second(s)

2018-12-17 17:29:06 - [MESSAGE][PASSED] - Delayed 2 second(s)

2018-12-17 17:29:06 - [TEST_STEP][PASSED] - Statement - Try: Delayed 2 second(s)

2018-12-17 17:29:06 - [TEST_STEP][PASSED] - Statement - Checker = false: null

2018-12-17 17:29:06 - [TEST_STEP][PASSED] - Statement - Checker = com.kms.katalon.core.webui.keyword.WebUiBuiltInKeywords.verifyElementHasAttribute(com.kms.katalon.core.testobject.ObjectRepository.findTestObject(Final Object Repo/Landing Page/BM Detecting), "href", 20, OPTIONAL): Object 'Object Repository/Final Object Repo/Landing Page/BM Detecting' has attribute 'href'

2018-12-17 17:29:06 - [MESSAGE][PASSED] - Object 'Object Repository/Final Object Repo/Landing Page/BM Detecting' has attribute 'href'

2018-12-17 17:29:06 - [TEST_STEP][PASSED] - Statement - out.println(Checker): null

2018-12-17 17:29:06 - [TEST_STEP][PASSED] - Statement - If (Checker == false): null

2018-12-17 17:29:06 - [TEST_STEP][PASSED] - Statement - Else: null

2018-12-17 17:29:06 - [TEST_STEP][PASSED] - delay: Delayed 2 second(s)

2018-12-17 17:29:08 - [MESSAGE][PASSED] - Delayed 2 second(s)

2018-12-17 17:29:08 - [TEST_STEP][PASSED] - click: Object: 'Object Repository/Final Object Repo/Page_MyASSIST - ASSIST - Search Pending Case For Add Supporting Document/Search Information' is clicked on

2018-12-17 17:29:08 - [MESSAGE][PASSED] - Object: 'Object Repository/Final Object Repo/Page_MyASSIST - ASSIST - Search Pending Case For Add Supporting Document/Search Information' is clicked on

2018-12-17 17:29:08 - [TEST_STEP][PASSED] - delay: Delayed 3 second(s)

2018-12-17 17:29:11 - [MESSAGE][PASSED] - Delayed 3 second(s)

2018-12-17 17:29:11 - [TEST_STEP][PASSED] - sendKeys: Keys 'ERN122018C200002491' sent to object: 'Object Repository/Final Object Repo/Page_MyASSIST - ASSIST - Search Pending Case For Add Supporting Document/Reference No'

2018-12-17 17:29:11 - [MESSAGE][PASSED] - Keys 'ERN122018C200002491' sent to object: 'Object Repository/Final Object Repo/Page_MyASSIST - ASSIST - Search Pending Case For Add Supporting Document/Reference No'

2018-12-17 17:29:11 - [TEST_STEP][PASSED] - click: Object: 'Object Repository/Final Object Repo/Page_MyASSIST - ASSIST - Search Pending Case For Add Supporting Document/Search Reference No' is clicked on

2018-12-17 17:29:11 - [MESSAGE][PASSED] - Object: 'Object Repository/Final Object Repo/Page_MyASSIST - ASSIST - Search Pending Case For Add Supporting Document/Search Reference No' is clicked on

2018-12-17 17:29:11 - [TEST_STEP][PASSED] - delay: Delayed 2 second(s)

2018-12-17 17:29:13 - [MESSAGE][PASSED] - Delayed 2 second(s)

2018-12-17 17:29:13 - [TEST_STEP][PASSED] - click: Object: 'Object Repository/Final Object Repo/Page_MyASSIST - ASSIST - Search Pending Case For Add Supporting Document/Continue' is clicked on

2018-12-17 17:29:16 - [MESSAGE][PASSED] - Object: 'Object Repository/Final Object Repo/Page_MyASSIST - ASSIST - Search Pending Case For Add Supporting Document/Continue' is clicked on

2018-12-17 17:29:16 - [TEST_STEP][PASSED] - delay: Delayed 20 second(s)

2018-12-17 17:29:36 - [MESSAGE][PASSED] - Delayed 20 second(s)

2018-12-17 17:29:36 - [MESSAGE][PASSED] - Call Test Case 'Test Cases/Final Aug 2018 - PKS Automation/Registration Module/Workflow/Login and Search Case For Workflow' successfully

2018-12-17 17:29:36 - [TEST_STEP][PASSED] - click: Object: 'Object Repository/Final Object Repo/Page_Form 3 EIS - Cessation as Employer/Page_Form 3 EIS - Cessation as Employer (Approve)/Save  Continue in Form 3 Page' is clicked on

2018-12-17 17:29:37 - [MESSAGE][PASSED] - Object: 'Object Repository/Final Object Repo/Page_Form 3 EIS - Cessation as Employer/Page_Form 3 EIS - Cessation as Employer (Approve)/Save  Continue in Form 3 Page' is clicked on

2018-12-17 17:29:37 - [TEST_STEP][PASSED] - delay: Delayed 2 second(s)

2018-12-17 17:29:39 - [MESSAGE][PASSED] - Delayed 2 second(s)

2018-12-17 17:29:39 - [TEST_STEP][PASSED] - click: Object: 'Object Repository/Final Object Repo/Page_Form 3 EIS - Cessation as Employer/Page_Form 3 EIS - Cessation as Employer (Approve)/Save  Continue in Resigned Page' is clicked on

2018-12-17 17:29:39 - [MESSAGE][PASSED] - Object: 'Object Repository/Final Object Repo/Page_Form 3 EIS - Cessation as Employer/Page_Form 3 EIS - Cessation as Employer (Approve)/Save  Continue in Resigned Page' is clicked on

2018-12-17 17:29:39 - [TEST_STEP][PASSED] - delay: Delayed 2 second(s)

2018-12-17 17:29:41 - [MESSAGE][PASSED] - Delayed 2 second(s)

2018-12-17 17:29:41 - [TEST_STEP][PASSED] - click: Object: 'Object Repository/Final Object Repo/Page_Form 3 EIS - Cessation as Employer/Page_Form 3 EIS - Cessation as Employer (Approve)/Save  Continue in Uploading Page' is clicked on

2018-12-17 17:29:42 - [MESSAGE][PASSED] - Object: 'Object Repository/Final Object Repo/Page_Form 3 EIS - Cessation as Employer/Page_Form 3 EIS - Cessation as Employer (Approve)/Save  Continue in Uploading Page' is clicked on

2018-12-17 17:29:42 - [TEST_STEP][PASSED] - delay: Delayed 2 second(s)

2018-12-17 17:29:44 - [MESSAGE][PASSED] - Delayed 2 second(s)

2018-12-17 17:29:44 - [TEST_STEP][PASSED] - click: Object: 'Object Repository/Final Object Repo/Page_Form 3 EIS - Cessation as Employer/Page_Form 3 EIS - Cessation as Employer (Under enforcement)/Underenforcement' is clicked on

2018-12-17 17:29:47 - [MESSAGE][PASSED] - Object: 'Object Repository/Final Object Repo/Page_Form 3 EIS - Cessation as Employer/Page_Form 3 EIS - Cessation as Employer (Under enforcement)/Underenforcement' is clicked on

2018-12-17 17:29:47 - [TEST_STEP][PASSED] - delay: Delayed 2 second(s)

2018-12-17 17:29:49 - [MESSAGE][PASSED] - Delayed 2 second(s)

2018-12-17 17:29:49 - [TEST_STEP][PASSED] - setText: Text 'Remark' is set on object 'Object Repository/Final Object Repo/Page_Form 3 EIS - Cessation as Employer/Page_Form 3 EIS - Cessation as Employer (Under enforcement)/Under enforcement - Remark'

2018-12-17 17:29:49 - [MESSAGE][PASSED] - Text 'Remark' is set on object 'Object Repository/Final Object Repo/Page_Form 3 EIS - Cessation as Employer/Page_Form 3 EIS - Cessation as Employer (Under enforcement)/Under enforcement - Remark'

2018-12-17 17:29:49 - [TEST_STEP][PASSED] - delay: Delayed 2 second(s)

2018-12-17 17:29:51 - [MESSAGE][PASSED] - Delayed 2 second(s)

2018-12-17 17:29:51 - [TEST_STEP][PASSED] - click: Object: 'Object Repository/Final Object Repo/Page_Form 3 EIS - Cessation as Employer/Page_Form 3 EIS - Cessation as Employer (Under enforcement)/Save  Continue in Under enforcement' is clicked on

2018-12-17 17:29:51 - [MESSAGE][PASSED] - Object: 'Object Repository/Final Object Repo/Page_Form 3 EIS - Cessation as Employer/Page_Form 3 EIS - Cessation as Employer (Under enforcement)/Save  Continue in Under enforcement' is clicked on

2018-12-17 17:29:51 - [TEST_STEP][PASSED] - doubleClick: Object: 'Object Repository/Final Object Repo/Page_Form 3 EIS - Cessation as Employer/Page_Form 3 EIS - Cessation as Employer (Under enforcement)/Message The case is under enforcement' is double clicked on

2018-12-17 17:29:56 - [MESSAGE][PASSED] - Object: 'Object Repository/Final Object Repo/Page_Form 3 EIS - Cessation as Employer/Page_Form 3 EIS - Cessation as Employer (Under enforcement)/Message The case is under enforcement' is double clicked on

2018-12-17 17:29:56 - [MESSAGE][PASSED] - Call Test Case 'Test Cases/Final Aug 2018 - PKS Automation/Registration Module/Workflow/Form 3 EIS - Cessation As Employer/Template/Form 3 A - Cessation As Employer (Under enforcement)' successfully]]></system-out>
         <system-err><![CDATA[]]></system-err>
      </testcase>
      <testcase name="Test Cases/Final Aug 2018 - PKS Automation/Registration Module/Workflow/Form 3 EIS - Cessation As Employer/PKRBO to UO (Approve)" classname="Test Cases/Final Aug 2018 - PKS Automation/Registration Module/Workflow/Form 3 EIS - Cessation As Employer/PKRBO to UO (Approve)" status="PASSED">
         <system-out><![CDATA[2018-12-17 17:29:56 - [TEST_CASE][PASSED] - Test Cases/Final Aug 2018 - PKS Automation/Registration Module/Workflow/Form 3 EIS - Cessation As Employer/PKRBO to UO (Approve): Test Cases/Final Aug 2018 - PKS Automation/Registration Module/Workflow/Form 3 EIS - Cessation As Employer/PKRBO to UO (Approve)

2018-12-17 17:29:56 - [TEST_STEP][PASSED] - callTestCase: Call Test Case 'Test Cases/Final Aug 2018 - PKS Automation/Registration Module/Workflow/Form 3 EIS - Cessation As Employer/Template/Form 3 A - Cessation As Employer (PKRBO)' successfully

2018-12-17 17:29:56 - [TEST_CASE][PASSED] - Test Cases/Final Aug 2018 - PKS Automation/Registration Module/Workflow/Form 3 EIS - Cessation As Employer/Template/Form 3 A - Cessation As Employer (PKRBO): Test Cases/Final Aug 2018 - PKS Automation/Registration Module/Workflow/Form 3 EIS - Cessation As Employer/Template/Form 3 A - Cessation As Employer (PKRBO)

2018-12-17 17:29:56 - [TEST_STEP][PASSED] - openBrowser: Browser is opened with url: ''

2018-12-17 17:29:56 - [MESSAGE][WARNING] - A browser is already opened. Closing browser and opening a new one

2018-12-17 17:29:59 - [MESSAGE][PASSED] - Browser is opened with url: ''

2018-12-17 17:29:59 - [TEST_STEP][PASSED] - navigateToUrl: Navigate to 'https://assist2-uat.perkeso.gov.my/login' successfully

2018-12-17 17:30:00 - [MESSAGE][PASSED] - Navigate to 'https://assist2-uat.perkeso.gov.my/login' successfully

2018-12-17 17:30:00 - [TEST_STEP][PASSED] - setText: Text 'johorpkrbo1@gmail.com' is set on object 'Object Repository/Final Object Repo/Login Page/Internal User/Email Address'

2018-12-17 17:30:00 - [MESSAGE][PASSED] - Text 'johorpkrbo1@gmail.com' is set on object 'Object Repository/Final Object Repo/Login Page/Internal User/Email Address'

2018-12-17 17:30:00 - [TEST_STEP][PASSED] - click: Object: 'Object Repository/Final Object Repo/Login Page/Internal User/Next Button' is clicked on

2018-12-17 17:30:01 - [MESSAGE][PASSED] - Object: 'Object Repository/Final Object Repo/Login Page/Internal User/Next Button' is clicked on

2018-12-17 17:30:01 - [TEST_STEP][PASSED] - delay: Delayed 1 second(s)

2018-12-17 17:30:02 - [MESSAGE][PASSED] - Delayed 1 second(s)

2018-12-17 17:30:02 - [TEST_STEP][PASSED] - setEncryptedText: Text ****** has been set on object 'Object Repository/Final Object Repo/Login Page/Internal User/Password'

2018-12-17 17:30:02 - [MESSAGE][PASSED] - Text ****** has been set on object 'Object Repository/Final Object Repo/Login Page/Internal User/Password'

2018-12-17 17:30:02 - [TEST_STEP][PASSED] - click: Object: 'Object Repository/Final Object Repo/Login Page/Internal User/Login Button' is clicked on

2018-12-17 17:30:02 - [MESSAGE][PASSED] - Object: 'Object Repository/Final Object Repo/Login Page/Internal User/Login Button' is clicked on

2018-12-17 17:30:02 - [TEST_STEP][PASSED] - delay: Delayed 1 second(s)

2018-12-17 17:30:03 - [MESSAGE][PASSED] - Delayed 1 second(s)

2018-12-17 17:30:03 - [TEST_STEP][PASSED] - Statement - Try: Delayed 2 second(s)

2018-12-17 17:30:03 - [TEST_STEP][PASSED] - Statement - Checker = false: null

2018-12-17 17:30:03 - [TEST_STEP][PASSED] - Statement - Checker = com.kms.katalon.core.webui.keyword.WebUiBuiltInKeywords.verifyElementHasAttribute(com.kms.katalon.core.testobject.ObjectRepository.findTestObject(Final Object Repo/Landing Page/BM Detecting), "href", 20, OPTIONAL): Object 'Object Repository/Final Object Repo/Landing Page/BM Detecting' has attribute 'href'

2018-12-17 17:30:04 - [MESSAGE][PASSED] - Object 'Object Repository/Final Object Repo/Landing Page/BM Detecting' has attribute 'href'

2018-12-17 17:30:04 - [TEST_STEP][PASSED] - Statement - out.println(Checker): null

2018-12-17 17:30:04 - [TEST_STEP][PASSED] - Statement - If (Checker == false): null

2018-12-17 17:30:04 - [TEST_STEP][PASSED] - Statement - Else: null

2018-12-17 17:30:04 - [TEST_STEP][PASSED] - delay: Delayed 2 second(s)

2018-12-17 17:30:06 - [MESSAGE][PASSED] - Delayed 2 second(s)

2018-12-17 17:30:06 - [TEST_STEP][PASSED] - navigateToUrl: Navigate to 'https://assist2-uat.perkeso.gov.my/web/registration/eis-update/form-3-eis-cessation-as-employer' successfully

2018-12-17 17:30:07 - [MESSAGE][PASSED] - Navigate to 'https://assist2-uat.perkeso.gov.my/web/registration/eis-update/form-3-eis-cessation-as-employer' successfully

2018-12-17 17:30:07 - [TEST_STEP][PASSED] - delay: Delayed 1 second(s)

2018-12-17 17:30:08 - [MESSAGE][PASSED] - Delayed 1 second(s)

2018-12-17 17:30:08 - [TEST_STEP][PASSED] - setText: Text 'E1102069769W' is set on object 'Object Repository/Final Object Repo/Page_Form 3 EIS - Cessation as Employer/Employer Code'

2018-12-17 17:30:08 - [MESSAGE][PASSED] - Text 'E1102069769W' is set on object 'Object Repository/Final Object Repo/Page_Form 3 EIS - Cessation as Employer/Employer Code'

2018-12-17 17:30:08 - [TEST_STEP][PASSED] - click: Object: 'Object Repository/Final Object Repo/Page_Form 3 EIS - Cessation as Employer/Search' is clicked on

2018-12-17 17:30:09 - [MESSAGE][PASSED] - Object: 'Object Repository/Final Object Repo/Page_Form 3 EIS - Cessation as Employer/Search' is clicked on

2018-12-17 17:30:09 - [TEST_STEP][PASSED] - click: Object: 'Object Repository/Final Object Repo/Page_Form 3 EIS - Cessation as Employer/Edit' is clicked on

2018-12-17 17:30:11 - [MESSAGE][PASSED] - Object: 'Object Repository/Final Object Repo/Page_Form 3 EIS - Cessation as Employer/Edit' is clicked on

2018-12-17 17:30:11 - [TEST_STEP][PASSED] - delay: Delayed 1 second(s)

2018-12-17 17:30:12 - [MESSAGE][PASSED] - Delayed 1 second(s)

2018-12-17 17:30:12 - [TEST_STEP][PASSED] - Statement - abc = com.kms.katalon.core.webui.keyword.WebUiBuiltInKeywords.getAttribute(com.kms.katalon.core.testobject.ObjectRepository.findTestObject(Final Object Repo/Page_Form 3 EIS - Cessation as Employer/Employer Status), "value"): Attribute 'value' of object 'Object Repository/Final Object Repo/Page_Form 3 EIS - Cessation as Employer/Employer Status' is: 'Active'

2018-12-17 17:30:12 - [MESSAGE][PASSED] - Attribute 'value' of object 'Object Repository/Final Object Repo/Page_Form 3 EIS - Cessation as Employer/Employer Status' is: 'Active'

2018-12-17 17:30:12 - [TEST_STEP][PASSED] - Statement - out.println(abc): null

2018-12-17 17:30:12 - [TEST_STEP][PASSED] - Statement - If (abc == "Active"): Object: 'Object Repository/Final Object Repo/Page_Form 3 EIS - Cessation as Employer/Dormant EIS' is clicked on

2018-12-17 17:30:12 - [TEST_STEP][PASSED] - click: Object: 'Object Repository/Final Object Repo/Page_Form 3 EIS - Cessation as Employer/Change Employer Status to' is clicked on

2018-12-17 17:30:12 - [MESSAGE][PASSED] - Object: 'Object Repository/Final Object Repo/Page_Form 3 EIS - Cessation as Employer/Change Employer Status to' is clicked on

2018-12-17 17:30:12 - [TEST_STEP][PASSED] - click: Object: 'Object Repository/Final Object Repo/Page_Form 3 EIS - Cessation as Employer/Dormant EIS' is clicked on

2018-12-17 17:30:12 - [MESSAGE][PASSED] - Object: 'Object Repository/Final Object Repo/Page_Form 3 EIS - Cessation as Employer/Dormant EIS' is clicked on

2018-12-17 17:30:12 - [TEST_STEP][PASSED] - click: Object: 'Object Repository/Final Object Repo/Page_Form 3 EIS - Cessation as Employer/Calender' is clicked on

2018-12-17 17:30:13 - [MESSAGE][PASSED] - Object: 'Object Repository/Final Object Repo/Page_Form 3 EIS - Cessation as Employer/Calender' is clicked on

2018-12-17 17:30:13 - [TEST_STEP][PASSED] - delay: Delayed 1 second(s)

2018-12-17 17:30:14 - [MESSAGE][PASSED] - Delayed 1 second(s)

2018-12-17 17:30:14 - [TEST_STEP][PASSED] - click: Object: 'Object Repository/Final Object Repo/Page_Form 3 EIS - Cessation as Employer/Calender - Date' is clicked on

2018-12-17 17:30:14 - [MESSAGE][PASSED] - Object: 'Object Repository/Final Object Repo/Page_Form 3 EIS - Cessation as Employer/Calender - Date' is clicked on

2018-12-17 17:30:14 - [TEST_STEP][PASSED] - click: Object: 'Object Repository/Final Object Repo/Page_Form 3 EIS - Cessation as Employer/Save  Continue in Form 3 EIS Page' is clicked on

2018-12-17 17:30:14 - [MESSAGE][PASSED] - Object: 'Object Repository/Final Object Repo/Page_Form 3 EIS - Cessation as Employer/Save  Continue in Form 3 EIS Page' is clicked on

2018-12-17 17:30:14 - [TEST_STEP][PASSED] - delay: Delayed 1 second(s)

2018-12-17 17:30:15 - [MESSAGE][PASSED] - Delayed 1 second(s)

2018-12-17 17:30:15 - [TEST_STEP][PASSED] - click: Object: 'Object Repository/Final Object Repo/Page_Form 3 EIS - Cessation as Employer/Employment Resign Date' is clicked on

2018-12-17 17:30:15 - [MESSAGE][PASSED] - Object: 'Object Repository/Final Object Repo/Page_Form 3 EIS - Cessation as Employer/Employment Resign Date' is clicked on

2018-12-17 17:30:15 - [TEST_STEP][PASSED] - selectOptionByValue: All options with value '2030' are selected in object 'Object Repository/Final Object Repo/Page_Form 3 EIS - Cessation as Employer/Employment Resign Date - Year' 

2018-12-17 17:30:16 - [MESSAGE][PASSED] - All options with value '2030' are selected in object 'Object Repository/Final Object Repo/Page_Form 3 EIS - Cessation as Employer/Employment Resign Date - Year' 

2018-12-17 17:30:16 - [TEST_STEP][PASSED] - delay: Delayed 2 second(s)

2018-12-17 17:30:18 - [MESSAGE][PASSED] - Delayed 2 second(s)

2018-12-17 17:30:18 - [TEST_STEP][PASSED] - click: Object: 'Object Repository/Final Object Repo/Page_Form 3 EIS - Cessation as Employer/Employment Resign Date - Year - Date' is clicked on

2018-12-17 17:30:18 - [MESSAGE][PASSED] - Object: 'Object Repository/Final Object Repo/Page_Form 3 EIS - Cessation as Employer/Employment Resign Date - Year - Date' is clicked on

2018-12-17 17:30:18 - [TEST_STEP][PASSED] - delay: Delayed 2 second(s)

2018-12-17 17:30:20 - [MESSAGE][PASSED] - Delayed 2 second(s)

2018-12-17 17:30:20 - [TEST_STEP][PASSED] - click: Object: 'Object Repository/Final Object Repo/Page_Form 3 EIS - Cessation as Employer/Save  Continue in Employment Resign Page' is clicked on

2018-12-17 17:30:20 - [MESSAGE][PASSED] - Object: 'Object Repository/Final Object Repo/Page_Form 3 EIS - Cessation as Employer/Save  Continue in Employment Resign Page' is clicked on

2018-12-17 17:30:20 - [TEST_STEP][PASSED] - delay: Delayed 2 second(s)

2018-12-17 17:30:22 - [MESSAGE][PASSED] - Delayed 2 second(s)

2018-12-17 17:30:22 - [TEST_STEP][PASSED] - click: Object: 'Object Repository/Final Object Repo/Page_Form 3 EIS - Cessation as Employer/Set Latest - Yes' is clicked on

2018-12-17 17:30:22 - [MESSAGE][PASSED] - Object: 'Object Repository/Final Object Repo/Page_Form 3 EIS - Cessation as Employer/Set Latest - Yes' is clicked on

2018-12-17 17:30:22 - [TEST_STEP][PASSED] - delay: Delayed 2 second(s)

2018-12-17 17:30:24 - [MESSAGE][PASSED] - Delayed 2 second(s)

2018-12-17 17:30:24 - [TEST_STEP][PASSED] - click: Object: 'Object Repository/Final Object Repo/Page_Form 3 EIS - Cessation as Employer/Add Document' is clicked on

2018-12-17 17:30:25 - [MESSAGE][PASSED] - Object: 'Object Repository/Final Object Repo/Page_Form 3 EIS - Cessation as Employer/Add Document' is clicked on

2018-12-17 17:30:25 - [TEST_STEP][PASSED] - delay: Delayed 3 second(s)

2018-12-17 17:30:28 - [MESSAGE][PASSED] - Delayed 3 second(s)

2018-12-17 17:30:28 - [TEST_STEP][PASSED] - click: Object: 'Object Repository/Final Object Repo/Page_Form 3 EIS - Cessation as Employer/Document Type' is clicked on

2018-12-17 17:30:29 - [MESSAGE][PASSED] - Object: 'Object Repository/Final Object Repo/Page_Form 3 EIS - Cessation as Employer/Document Type' is clicked on

2018-12-17 17:30:29 - [TEST_STEP][PASSED] - click: Object: 'Object Repository/Final Object Repo/Page_Form 3 EIS - Cessation as Employer/Document Type - Form 3' is clicked on

2018-12-17 17:30:29 - [MESSAGE][PASSED] - Object: 'Object Repository/Final Object Repo/Page_Form 3 EIS - Cessation as Employer/Document Type - Form 3' is clicked on

2018-12-17 17:30:29 - [TEST_STEP][PASSED] - delay: Delayed 2 second(s)

2018-12-17 17:30:31 - [MESSAGE][PASSED] - Delayed 2 second(s)

2018-12-17 17:30:31 - [TEST_STEP][PASSED] - sendKeys: Keys 'C:\Users\Public\Pictures\Sample Pictures\Koala.jpg' sent to object: 'Object Repository/Final Object Repo/Page_Form 3 EIS - Cessation as Employer/ploading File'

2018-12-17 17:30:31 - [MESSAGE][PASSED] - Keys 'C:\Users\Public\Pictures\Sample Pictures\Koala.jpg' sent to object: 'Object Repository/Final Object Repo/Page_Form 3 EIS - Cessation as Employer/ploading File'

2018-12-17 17:30:31 - [TEST_STEP][PASSED] - delay: Delayed 1 second(s)

2018-12-17 17:30:32 - [MESSAGE][PASSED] - Delayed 1 second(s)

2018-12-17 17:30:32 - [TEST_STEP][PASSED] - click: Object: 'Object Repository/Final Object Repo/Page_Form 3 EIS - Cessation as Employer/Add Document in Uploading Page' is clicked on

2018-12-17 17:30:32 - [MESSAGE][PASSED] - Object: 'Object Repository/Final Object Repo/Page_Form 3 EIS - Cessation as Employer/Add Document in Uploading Page' is clicked on

2018-12-17 17:30:32 - [TEST_STEP][PASSED] - delay: Delayed 2 second(s)

2018-12-17 17:30:34 - [MESSAGE][PASSED] - Delayed 2 second(s)

2018-12-17 17:30:34 - [TEST_STEP][PASSED] - Statement - CaseReferenceNo = com.kms.katalon.core.webui.keyword.WebUiBuiltInKeywords.getText(com.kms.katalon.core.testobject.ObjectRepository.findTestObject(Final Object Repo/Page_Update Employer Information/Reference Number in Update Employee Information Page)): Text of object 'Object Repository/Final Object Repo/Page_Update Employer Information/Reference Number in Update Employee Information Page' is: 'ERN122018C200002492'

2018-12-17 17:30:36 - [MESSAGE][PASSED] - Text of object 'Object Repository/Final Object Repo/Page_Update Employer Information/Reference Number in Update Employee Information Page' is: 'ERN122018C200002492'

2018-12-17 17:30:36 - [TEST_STEP][PASSED] - callTestCase: Call Test Case 'Test Cases/Final Aug 2018 - PKS Automation/Common/Reference Number Setter' successfully

2018-12-17 17:30:36 - [TEST_CASE][PASSED] - Test Cases/Final Aug 2018 - PKS Automation/Common/Reference Number Setter: Test Cases/Final Aug 2018 - PKS Automation/Common/Reference Number Setter

2018-12-17 17:30:36 - [TEST_STEP][PASSED] - Statement - RefNoOldFile = new java.io.File(C://Users//Admin//Desktop//PKS//Automation Reference Point//KatalonReference.txt): null

2018-12-17 17:30:36 - [TEST_STEP][PASSED] - Statement - RefNoOldFile.delete(): null

2018-12-17 17:30:36 - [TEST_STEP][PASSED] - delay: Delayed 5 second(s)

2018-12-17 17:30:41 - [MESSAGE][PASSED] - Delayed 5 second(s)

2018-12-17 17:30:41 - [TEST_STEP][PASSED] - Statement - RefNo = new java.io.File(C://Users//Admin//Desktop//PKS//Automation Reference Point//KatalonReference.txt): null

2018-12-17 17:30:41 - [TEST_STEP][PASSED] - Statement - f2 = new java.io.FileWriter(RefNo, false): null

2018-12-17 17:30:41 - [TEST_STEP][PASSED] - Statement - f2.write(CaseReferenceNo): null

2018-12-17 17:30:41 - [TEST_STEP][PASSED] - Statement - f2.close(): null

2018-12-17 17:30:41 - [TEST_STEP][PASSED] - Statement - out.println("


" + CaseReferenceNo + "


"): null

2018-12-17 17:30:41 - [MESSAGE][PASSED] - Call Test Case 'Test Cases/Final Aug 2018 - PKS Automation/Common/Reference Number Setter' successfully

2018-12-17 17:30:41 - [TEST_STEP][PASSED] - delay: Delayed 2 second(s)

2018-12-17 17:30:43 - [MESSAGE][PASSED] - Delayed 2 second(s)

2018-12-17 17:30:43 - [TEST_STEP][PASSED] - click: Object: 'Object Repository/Final Object Repo/Page_Form 3 EIS - Cessation as Employer/Save  Continue in Uploading Page' is clicked on

2018-12-17 17:30:43 - [MESSAGE][PASSED] - Object: 'Object Repository/Final Object Repo/Page_Form 3 EIS - Cessation as Employer/Save  Continue in Uploading Page' is clicked on

2018-12-17 17:30:43 - [TEST_STEP][PASSED] - delay: Delayed 2 second(s)

2018-12-17 17:30:45 - [MESSAGE][PASSED] - Delayed 2 second(s)

2018-12-17 17:30:45 - [TEST_STEP][PASSED] - click: Object: 'Object Repository/Final Object Repo/Page_Form 3 EIS - Cessation as Employer/Submit' is clicked on

2018-12-17 17:30:48 - [MESSAGE][PASSED] - Object: 'Object Repository/Final Object Repo/Page_Form 3 EIS - Cessation as Employer/Submit' is clicked on

2018-12-17 17:30:48 - [TEST_STEP][PASSED] - delay: Delayed 2 second(s)

2018-12-17 17:30:50 - [MESSAGE][PASSED] - Delayed 2 second(s)

2018-12-17 17:30:50 - [TEST_STEP][PASSED] - click: Object: 'Object Repository/Final Object Repo/Page_Form 3 EIS - Cessation as Employer/Confirm' is clicked on

2018-12-17 17:30:50 - [MESSAGE][PASSED] - Object: 'Object Repository/Final Object Repo/Page_Form 3 EIS - Cessation as Employer/Confirm' is clicked on

2018-12-17 17:30:50 - [TEST_STEP][PASSED] - delay: Delayed 2 second(s)

2018-12-17 17:30:52 - [MESSAGE][PASSED] - Delayed 2 second(s)

2018-12-17 17:30:52 - [TEST_STEP][PASSED] - click: Object: 'Object Repository/Final Object Repo/Page_Form 3 EIS - Cessation as Employer/Message Your Request will be routed to UO' is clicked on

2018-12-17 17:30:56 - [MESSAGE][PASSED] - Object: 'Object Repository/Final Object Repo/Page_Form 3 EIS - Cessation as Employer/Message Your Request will be routed to UO' is clicked on

2018-12-17 17:30:56 - [TEST_STEP][PASSED] - click: Object: 'Object Repository/Final Object Repo/Page_Form 3 EIS - Cessation as Employer/Letter of acknowledgement' is clicked on

2018-12-17 17:30:56 - [MESSAGE][PASSED] - Object: 'Object Repository/Final Object Repo/Page_Form 3 EIS - Cessation as Employer/Letter of acknowledgement' is clicked on

2018-12-17 17:30:56 - [MESSAGE][PASSED] - Call Test Case 'Test Cases/Final Aug 2018 - PKS Automation/Registration Module/Workflow/Form 3 EIS - Cessation As Employer/Template/Form 3 A - Cessation As Employer (PKRBO)' successfully

2018-12-17 17:30:56 - [TEST_STEP][PASSED] - callTestCase: Call Test Case 'Test Cases/Final Aug 2018 - PKS Automation/Registration Module/Workflow/Form 3 EIS - Cessation As Employer/Template/Form 3 A - Cessation As Employer (Approve)' successfully

2018-12-17 17:30:57 - [TEST_CASE][PASSED] - Test Cases/Final Aug 2018 - PKS Automation/Registration Module/Workflow/Form 3 EIS - Cessation As Employer/Template/Form 3 A - Cessation As Employer (Approve): Test Cases/Final Aug 2018 - PKS Automation/Registration Module/Workflow/Form 3 EIS - Cessation As Employer/Template/Form 3 A - Cessation As Employer (Approve)

2018-12-17 17:30:57 - [TEST_STEP][NOT_RUN] - callTestCase: NOT_RUN: callTestCase

2018-12-17 17:30:57 - [MESSAGE][NOT_RUN] - NOT_RUN: callTestCase

2018-12-17 17:30:57 - [TEST_STEP][PASSED] - delay: Delayed 1 second(s)

2018-12-17 17:30:58 - [MESSAGE][PASSED] - Delayed 1 second(s)

2018-12-17 17:30:58 - [TEST_STEP][PASSED] - navigateToUrl: Navigate to 'https://assist2-uat.perkeso.gov.my/c/portal/logout' successfully

2018-12-17 17:30:58 - [MESSAGE][PASSED] - Navigate to 'https://assist2-uat.perkeso.gov.my/c/portal/logout' successfully

2018-12-17 17:30:58 - [TEST_STEP][PASSED] - delay: Delayed 1 second(s)

2018-12-17 17:30:59 - [MESSAGE][PASSED] - Delayed 1 second(s)

2018-12-17 17:30:59 - [TEST_STEP][PASSED] - callTestCase: Call Test Case 'Test Cases/Final Aug 2018 - PKS Automation/Common/Reference Number Getter' successfully

2018-12-17 17:30:59 - [TEST_CASE][PASSED] - Test Cases/Final Aug 2018 - PKS Automation/Common/Reference Number Getter: Test Cases/Final Aug 2018 - PKS Automation/Common/Reference Number Getter

2018-12-17 17:30:59 - [TEST_STEP][PASSED] - Statement - Try: null

2018-12-17 17:30:59 - [TEST_STEP][PASSED] - Statement - RefNo = new java.io.File(C://Users//Admin//Desktop//PKS//Automation Reference Point//KatalonReference.txt): null

2018-12-17 17:30:59 - [TEST_STEP][PASSED] - Statement - bufferread = new java.io.BufferedReader(new java.io.FileReader(RefNo)): null

2018-12-17 17:30:59 - [TEST_STEP][PASSED] - Statement - readedVal = bufferread.readLine(): null

2018-12-17 17:30:59 - [TEST_STEP][PASSED] - Statement - out.println(CaseReferenceNo): null

2018-12-17 17:30:59 - [TEST_STEP][PASSED] - Statement - out.println(readedVal): null

2018-12-17 17:30:59 - [TEST_STEP][PASSED] - Statement - CaseReferenceNo = "": null

2018-12-17 17:30:59 - [TEST_STEP][PASSED] - Statement - CaseReferenceNo = readedVal: null

2018-12-17 17:30:59 - [MESSAGE][PASSED] - Call Test Case 'Test Cases/Final Aug 2018 - PKS Automation/Common/Reference Number Getter' successfully

2018-12-17 17:30:59 - [TEST_STEP][PASSED] - callTestCase: Call Test Case 'Test Cases/Final Aug 2018 - PKS Automation/Common/Workflow Owner Finder' successfully

2018-12-17 17:31:00 - [TEST_CASE][PASSED] - Test Cases/Final Aug 2018 - PKS Automation/Common/Workflow Owner Finder: Test Cases/Final Aug 2018 - PKS Automation/Common/Workflow Owner Finder

2018-12-17 17:31:00 - [TEST_STEP][PASSED] - openBrowser: Browser is opened with url: ''

2018-12-17 17:31:00 - [MESSAGE][WARNING] - A browser is already opened. Closing browser and opening a new one

2018-12-17 17:31:02 - [MESSAGE][PASSED] - Browser is opened with url: ''

2018-12-17 17:31:02 - [TEST_STEP][PASSED] - navigateToUrl: Navigate to 'https://assist2-uat.perkeso.gov.my/login' successfully

2018-12-17 17:31:04 - [MESSAGE][PASSED] - Navigate to 'https://assist2-uat.perkeso.gov.my/login' successfully

2018-12-17 17:31:04 - [TEST_STEP][PASSED] - delay: Delayed 5 second(s)

2018-12-17 17:31:09 - [MESSAGE][PASSED] - Delayed 5 second(s)

2018-12-17 17:31:09 - [TEST_STEP][PASSED] - setText: Text 'test@liferay.com' is set on object 'Object Repository/Final Object Repo/Login Page/Internal User/Email Address'

2018-12-17 17:31:09 - [MESSAGE][PASSED] - Text 'test@liferay.com' is set on object 'Object Repository/Final Object Repo/Login Page/Internal User/Email Address'

2018-12-17 17:31:09 - [TEST_STEP][PASSED] - click: Object: 'Object Repository/Final Object Repo/Login Page/Internal User/Next Button' is clicked on

2018-12-17 17:31:09 - [MESSAGE][PASSED] - Object: 'Object Repository/Final Object Repo/Login Page/Internal User/Next Button' is clicked on

2018-12-17 17:31:09 - [TEST_STEP][PASSED] - delay: Delayed 2 second(s)

2018-12-17 17:31:11 - [MESSAGE][PASSED] - Delayed 2 second(s)

2018-12-17 17:31:11 - [TEST_STEP][PASSED] - setText: Text 'test' is set on object 'Object Repository/Final Object Repo/Login Page/Internal User/Password'

2018-12-17 17:31:11 - [MESSAGE][PASSED] - Text 'test' is set on object 'Object Repository/Final Object Repo/Login Page/Internal User/Password'

2018-12-17 17:31:11 - [TEST_STEP][PASSED] - delay: Delayed 2 second(s)

2018-12-17 17:31:13 - [MESSAGE][PASSED] - Delayed 2 second(s)

2018-12-17 17:31:13 - [TEST_STEP][PASSED] - click: Object: 'Object Repository/Final Object Repo/Login Page/Internal User/Login Button' is clicked on

2018-12-17 17:31:13 - [MESSAGE][PASSED] - Object: 'Object Repository/Final Object Repo/Login Page/Internal User/Login Button' is clicked on

2018-12-17 17:31:13 - [TEST_STEP][PASSED] - Statement - tester = com.kms.katalon.core.testobject.ObjectRepository.findTestObject(Final Object Repo/Landing Page/Select to English): Finding Test Object with id 'Object Repository/Final Object Repo/Landing Page/Select to English'

2018-12-17 17:31:13 - [TEST_STEP][PASSED] - Statement - Try: Delayed 2 second(s)

2018-12-17 17:31:13 - [TEST_STEP][PASSED] - Statement - Checker = com.kms.katalon.core.webui.keyword.WebUiBuiltInKeywords.verifyElementNotPresent(tester, 3): Web element with id: 'Object Repository/Final Object Repo/Landing Page/Select to English' located by 'By.xpath: //a[@class = 'taglib-language-list-text' and @lang = 'en-US' and (contains(text(), 'EN') or contains(., 'EN'))]' is not present after '3' second(s)

2018-12-17 17:31:15 - [MESSAGE][PASSED] - Web element with id: 'Object Repository/Final Object Repo/Landing Page/Select to English' located by 'By.xpath: //a[@class = 'taglib-language-list-text' and @lang = 'en-US' and (contains(text(), 'EN') or contains(., 'EN'))]' is not present after '3' second(s)

2018-12-17 17:31:15 - [TEST_STEP][PASSED] - Statement - If (Checker == false): null

2018-12-17 17:31:15 - [TEST_STEP][PASSED] - delay: Delayed 2 second(s)

2018-12-17 17:31:17 - [MESSAGE][PASSED] - Delayed 2 second(s)

2018-12-17 17:31:17 - [TEST_STEP][PASSED] - delay: Delayed 5 second(s)

2018-12-17 17:31:22 - [MESSAGE][PASSED] - Delayed 5 second(s)

2018-12-17 17:31:22 - [TEST_STEP][PASSED] - mouseOver: Object: 'Object Repository/Final Object Repo/Landing Page/WorkFlow Menu' is hovered

2018-12-17 17:31:23 - [MESSAGE][PASSED] - Object: 'Object Repository/Final Object Repo/Landing Page/WorkFlow Menu' is hovered

2018-12-17 17:31:23 - [TEST_STEP][PASSED] - delay: Delayed 2 second(s)

2018-12-17 17:31:25 - [MESSAGE][PASSED] - Delayed 2 second(s)

2018-12-17 17:31:25 - [TEST_STEP][PASSED] - click: Object: 'Object Repository/Final Object Repo/Landing Page/Select to Workflow Listing' is clicked on

2018-12-17 17:31:26 - [MESSAGE][PASSED] - Object: 'Object Repository/Final Object Repo/Landing Page/Select to Workflow Listing' is clicked on

2018-12-17 17:31:26 - [TEST_STEP][PASSED] - delay: Delayed 2 second(s)

2018-12-17 17:31:28 - [MESSAGE][PASSED] - Delayed 2 second(s)

2018-12-17 17:31:28 - [TEST_STEP][PASSED] - click: Object: 'Object Repository/Final Object Repo/WorkFlow Listing Page/Search Information - To Put Ref No' is clicked on

2018-12-17 17:31:28 - [MESSAGE][PASSED] - Object: 'Object Repository/Final Object Repo/WorkFlow Listing Page/Search Information - To Put Ref No' is clicked on

2018-12-17 17:31:28 - [TEST_STEP][PASSED] - delay: Delayed 2 second(s)

2018-12-17 17:31:30 - [MESSAGE][PASSED] - Delayed 2 second(s)

2018-12-17 17:31:30 - [TEST_STEP][PASSED] - callTestCase: Call Test Case 'Test Cases/Final Aug 2018 - PKS Automation/Common/Reference Number Getter' successfully

2018-12-17 17:31:30 - [TEST_CASE][PASSED] - Test Cases/Final Aug 2018 - PKS Automation/Common/Reference Number Getter: Test Cases/Final Aug 2018 - PKS Automation/Common/Reference Number Getter

2018-12-17 17:31:30 - [TEST_STEP][PASSED] - Statement - Try: null

2018-12-17 17:31:30 - [TEST_STEP][PASSED] - Statement - RefNo = new java.io.File(C://Users//Admin//Desktop//PKS//Automation Reference Point//KatalonReference.txt): null

2018-12-17 17:31:30 - [TEST_STEP][PASSED] - Statement - bufferread = new java.io.BufferedReader(new java.io.FileReader(RefNo)): null

2018-12-17 17:31:30 - [TEST_STEP][PASSED] - Statement - readedVal = bufferread.readLine(): null

2018-12-17 17:31:30 - [TEST_STEP][PASSED] - Statement - out.println(CaseReferenceNo): null

2018-12-17 17:31:30 - [TEST_STEP][PASSED] - Statement - out.println(readedVal): null

2018-12-17 17:31:30 - [TEST_STEP][PASSED] - Statement - CaseReferenceNo = "": null

2018-12-17 17:31:30 - [TEST_STEP][PASSED] - Statement - CaseReferenceNo = readedVal: null

2018-12-17 17:31:30 - [MESSAGE][PASSED] - Call Test Case 'Test Cases/Final Aug 2018 - PKS Automation/Common/Reference Number Getter' successfully

2018-12-17 17:31:30 - [TEST_STEP][PASSED] - setText: Text 'ERN122018C200002492' is set on object 'Object Repository/Final Object Repo/WorkFlow Listing Page/Ref No Set Text'

2018-12-17 17:31:31 - [MESSAGE][PASSED] - Text 'ERN122018C200002492' is set on object 'Object Repository/Final Object Repo/WorkFlow Listing Page/Ref No Set Text'

2018-12-17 17:31:31 - [TEST_STEP][PASSED] - delay: Delayed 2 second(s)

2018-12-17 17:31:33 - [MESSAGE][PASSED] - Delayed 2 second(s)

2018-12-17 17:31:33 - [TEST_STEP][PASSED] - click: Object: 'Object Repository/Final Object Repo/WorkFlow Listing Page/Search Ref No Search Button' is clicked on

2018-12-17 17:31:33 - [MESSAGE][PASSED] - Object: 'Object Repository/Final Object Repo/WorkFlow Listing Page/Search Ref No Search Button' is clicked on

2018-12-17 17:31:33 - [TEST_STEP][PASSED] - delay: Delayed 6 second(s)

2018-12-17 17:31:39 - [MESSAGE][PASSED] - Delayed 6 second(s)

2018-12-17 17:31:39 - [TEST_STEP][PASSED] - click: Object: 'Object Repository/Final Object Repo/WorkFlow Listing Page/Click Continue Tooltip' is clicked on

2018-12-17 17:31:40 - [MESSAGE][PASSED] - Object: 'Object Repository/Final Object Repo/WorkFlow Listing Page/Click Continue Tooltip' is clicked on

2018-12-17 17:31:40 - [TEST_STEP][PASSED] - delay: Delayed 5 second(s)

2018-12-17 17:31:45 - [MESSAGE][PASSED] - Delayed 5 second(s)

2018-12-17 17:31:45 - [TEST_STEP][PASSED] - doubleClick: Object: 'Object Repository/Final Object Repo/WorkFlow Listing Page/Workflow Found - Listing 1' is double clicked on

2018-12-17 17:31:45 - [MESSAGE][PASSED] - Object: 'Object Repository/Final Object Repo/WorkFlow Listing Page/Workflow Found - Listing 1' is double clicked on

2018-12-17 17:31:45 - [TEST_STEP][PASSED] - Statement - println(OwnerID): null

2018-12-17 17:31:45 - [TEST_STEP][PASSED] - Statement - OwnerID = com.kms.katalon.core.webui.keyword.WebUiBuiltInKeywords.getText(com.kms.katalon.core.testobject.ObjectRepository.findTestObject(Final Object Repo/WorkFlow Listing Page/Workflow Found - Listing 1), STOP_ON_FAILURE): Text of object 'Object Repository/Final Object Repo/WorkFlow Listing Page/Workflow Found - Listing 1' is: 'JOHORuo1'

2018-12-17 17:31:45 - [MESSAGE][PASSED] - Text of object 'Object Repository/Final Object Repo/WorkFlow Listing Page/Workflow Found - Listing 1' is: 'JOHORuo1'

2018-12-17 17:31:45 - [TEST_STEP][PASSED] - Statement - OwnerID = OwnerID.toLowerCase() + "@gmail.com": null

2018-12-17 17:31:45 - [TEST_STEP][PASSED] - Statement - println(OwnerID): null

2018-12-17 17:31:45 - [TEST_STEP][PASSED] - delay: Delayed 2 second(s)

2018-12-17 17:31:47 - [MESSAGE][PASSED] - Delayed 2 second(s)

2018-12-17 17:31:47 - [MESSAGE][PASSED] - Call Test Case 'Test Cases/Final Aug 2018 - PKS Automation/Common/Workflow Owner Finder' successfully

2018-12-17 17:31:47 - [TEST_STEP][PASSED] - delay: Delayed 1 second(s)

2018-12-17 17:31:48 - [MESSAGE][PASSED] - Delayed 1 second(s)

2018-12-17 17:31:48 - [TEST_STEP][PASSED] - navigateToUrl: Navigate to 'https://assist2-uat.perkeso.gov.my/c/portal/logout' successfully

2018-12-17 17:31:49 - [MESSAGE][PASSED] - Navigate to 'https://assist2-uat.perkeso.gov.my/c/portal/logout' successfully

2018-12-17 17:31:49 - [TEST_STEP][PASSED] - delay: Delayed 1 second(s)

2018-12-17 17:31:50 - [MESSAGE][PASSED] - Delayed 1 second(s)

2018-12-17 17:31:50 - [TEST_STEP][PASSED] - callTestCase: Call Test Case 'Test Cases/Final Aug 2018 - PKS Automation/Registration Module/Workflow/Login and Search Case For Workflow' successfully

2018-12-17 17:31:50 - [TEST_CASE][PASSED] - Test Cases/Final Aug 2018 - PKS Automation/Registration Module/Workflow/Login and Search Case For Workflow: Test Cases/Final Aug 2018 - PKS Automation/Registration Module/Workflow/Login and Search Case For Workflow

2018-12-17 17:31:50 - [TEST_STEP][PASSED] - navigateToUrl: Navigate to 'https://assist2-uat.perkeso.gov.my/login' successfully

2018-12-17 17:31:51 - [MESSAGE][PASSED] - Navigate to 'https://assist2-uat.perkeso.gov.my/login' successfully

2018-12-17 17:31:51 - [TEST_STEP][PASSED] - setText: Text 'johoruo1@gmail.com' is set on object 'Object Repository/Final Object Repo/Login Page/Internal User/Email Address'

2018-12-17 17:31:51 - [MESSAGE][PASSED] - Text 'johoruo1@gmail.com' is set on object 'Object Repository/Final Object Repo/Login Page/Internal User/Email Address'

2018-12-17 17:31:51 - [TEST_STEP][PASSED] - click: Object: 'Object Repository/Final Object Repo/Login Page/Internal User/Next Button' is clicked on

2018-12-17 17:31:52 - [MESSAGE][PASSED] - Object: 'Object Repository/Final Object Repo/Login Page/Internal User/Next Button' is clicked on

2018-12-17 17:31:52 - [TEST_STEP][PASSED] - delay: Delayed 1 second(s)

2018-12-17 17:31:53 - [MESSAGE][PASSED] - Delayed 1 second(s)

2018-12-17 17:31:53 - [TEST_STEP][PASSED] - setEncryptedText: Text ****** has been set on object 'Object Repository/Final Object Repo/Login Page/Internal User/Password'

2018-12-17 17:31:53 - [MESSAGE][PASSED] - Text ****** has been set on object 'Object Repository/Final Object Repo/Login Page/Internal User/Password'

2018-12-17 17:31:53 - [TEST_STEP][PASSED] - click: Object: 'Object Repository/Final Object Repo/Login Page/Internal User/Login Button' is clicked on

2018-12-17 17:31:53 - [MESSAGE][PASSED] - Object: 'Object Repository/Final Object Repo/Login Page/Internal User/Login Button' is clicked on

2018-12-17 17:31:53 - [TEST_STEP][PASSED] - delay: Delayed 2 second(s)

2018-12-17 17:31:55 - [MESSAGE][PASSED] - Delayed 2 second(s)

2018-12-17 17:31:55 - [TEST_STEP][PASSED] - Statement - Try: Delayed 2 second(s)

2018-12-17 17:31:55 - [TEST_STEP][PASSED] - Statement - Checker = false: null

2018-12-17 17:31:55 - [TEST_STEP][PASSED] - Statement - Checker = com.kms.katalon.core.webui.keyword.WebUiBuiltInKeywords.verifyElementHasAttribute(com.kms.katalon.core.testobject.ObjectRepository.findTestObject(Final Object Repo/Landing Page/BM Detecting), "href", 20, OPTIONAL): Object 'Object Repository/Final Object Repo/Landing Page/BM Detecting' has attribute 'href'

2018-12-17 17:31:55 - [MESSAGE][PASSED] - Object 'Object Repository/Final Object Repo/Landing Page/BM Detecting' has attribute 'href'

2018-12-17 17:31:55 - [TEST_STEP][PASSED] - Statement - out.println(Checker): null

2018-12-17 17:31:55 - [TEST_STEP][PASSED] - Statement - If (Checker == false): null

2018-12-17 17:31:55 - [TEST_STEP][PASSED] - Statement - Else: null

2018-12-17 17:31:55 - [TEST_STEP][PASSED] - delay: Delayed 2 second(s)

2018-12-17 17:31:57 - [MESSAGE][PASSED] - Delayed 2 second(s)

2018-12-17 17:31:57 - [TEST_STEP][PASSED] - click: Object: 'Object Repository/Final Object Repo/Page_MyASSIST - ASSIST - Search Pending Case For Add Supporting Document/Search Information' is clicked on

2018-12-17 17:31:57 - [MESSAGE][PASSED] - Object: 'Object Repository/Final Object Repo/Page_MyASSIST - ASSIST - Search Pending Case For Add Supporting Document/Search Information' is clicked on

2018-12-17 17:31:57 - [TEST_STEP][PASSED] - delay: Delayed 3 second(s)

2018-12-17 17:32:00 - [MESSAGE][PASSED] - Delayed 3 second(s)

2018-12-17 17:32:00 - [TEST_STEP][PASSED] - sendKeys: Keys 'ERN122018C200002492' sent to object: 'Object Repository/Final Object Repo/Page_MyASSIST - ASSIST - Search Pending Case For Add Supporting Document/Reference No'

2018-12-17 17:32:01 - [MESSAGE][PASSED] - Keys 'ERN122018C200002492' sent to object: 'Object Repository/Final Object Repo/Page_MyASSIST - ASSIST - Search Pending Case For Add Supporting Document/Reference No'

2018-12-17 17:32:01 - [TEST_STEP][PASSED] - click: Object: 'Object Repository/Final Object Repo/Page_MyASSIST - ASSIST - Search Pending Case For Add Supporting Document/Search Reference No' is clicked on

2018-12-17 17:32:01 - [MESSAGE][PASSED] - Object: 'Object Repository/Final Object Repo/Page_MyASSIST - ASSIST - Search Pending Case For Add Supporting Document/Search Reference No' is clicked on

2018-12-17 17:32:01 - [TEST_STEP][PASSED] - delay: Delayed 2 second(s)

2018-12-17 17:32:03 - [MESSAGE][PASSED] - Delayed 2 second(s)

2018-12-17 17:32:03 - [TEST_STEP][PASSED] - click: Object: 'Object Repository/Final Object Repo/Page_MyASSIST - ASSIST - Search Pending Case For Add Supporting Document/Continue' is clicked on

2018-12-17 17:32:06 - [MESSAGE][PASSED] - Object: 'Object Repository/Final Object Repo/Page_MyASSIST - ASSIST - Search Pending Case For Add Supporting Document/Continue' is clicked on

2018-12-17 17:32:06 - [TEST_STEP][PASSED] - delay: Delayed 20 second(s)

2018-12-17 17:32:26 - [MESSAGE][PASSED] - Delayed 20 second(s)

2018-12-17 17:32:26 - [MESSAGE][PASSED] - Call Test Case 'Test Cases/Final Aug 2018 - PKS Automation/Registration Module/Workflow/Login and Search Case For Workflow' successfully

2018-12-17 17:32:26 - [TEST_STEP][PASSED] - click: Object: 'Object Repository/Final Object Repo/Page_Form 3 EIS - Cessation as Employer/Page_Form 3 EIS - Cessation as Employer (Approve)/Save  Continue in Form 3 Page' is clicked on

2018-12-17 17:32:26 - [MESSAGE][PASSED] - Object: 'Object Repository/Final Object Repo/Page_Form 3 EIS - Cessation as Employer/Page_Form 3 EIS - Cessation as Employer (Approve)/Save  Continue in Form 3 Page' is clicked on

2018-12-17 17:32:26 - [TEST_STEP][PASSED] - delay: Delayed 2 second(s)

2018-12-17 17:32:28 - [MESSAGE][PASSED] - Delayed 2 second(s)

2018-12-17 17:32:28 - [TEST_STEP][PASSED] - click: Object: 'Object Repository/Final Object Repo/Page_Form 3 EIS - Cessation as Employer/Page_Form 3 EIS - Cessation as Employer (Approve)/Save  Continue in Resigned Page' is clicked on

2018-12-17 17:32:29 - [MESSAGE][PASSED] - Object: 'Object Repository/Final Object Repo/Page_Form 3 EIS - Cessation as Employer/Page_Form 3 EIS - Cessation as Employer (Approve)/Save  Continue in Resigned Page' is clicked on

2018-12-17 17:32:29 - [TEST_STEP][PASSED] - delay: Delayed 2 second(s)

2018-12-17 17:32:31 - [MESSAGE][PASSED] - Delayed 2 second(s)

2018-12-17 17:32:31 - [TEST_STEP][PASSED] - click: Object: 'Object Repository/Final Object Repo/Page_Form 3 EIS - Cessation as Employer/Page_Form 3 EIS - Cessation as Employer (Approve)/Save  Continue in Uploading Page' is clicked on

2018-12-17 17:32:32 - [MESSAGE][PASSED] - Object: 'Object Repository/Final Object Repo/Page_Form 3 EIS - Cessation as Employer/Page_Form 3 EIS - Cessation as Employer (Approve)/Save  Continue in Uploading Page' is clicked on

2018-12-17 17:32:32 - [TEST_STEP][PASSED] - delay: Delayed 2 second(s)

2018-12-17 17:32:34 - [MESSAGE][PASSED] - Delayed 2 second(s)

2018-12-17 17:32:34 - [TEST_STEP][PASSED] - click: Object: 'Object Repository/Final Object Repo/Page_Form 3 EIS - Cessation as Employer/Page_Form 3 EIS - Cessation as Employer (Approve)/Approve' is clicked on

2018-12-17 17:32:36 - [MESSAGE][PASSED] - Object: 'Object Repository/Final Object Repo/Page_Form 3 EIS - Cessation as Employer/Page_Form 3 EIS - Cessation as Employer (Approve)/Approve' is clicked on

2018-12-17 17:32:36 - [TEST_STEP][PASSED] - delay: Delayed 2 second(s)

2018-12-17 17:32:38 - [MESSAGE][PASSED] - Delayed 2 second(s)

2018-12-17 17:32:38 - [TEST_STEP][PASSED] - click: Object: 'Object Repository/Final Object Repo/Page_Form 3 EIS - Cessation as Employer/Page_Form 3 EIS - Cessation as Employer (Approve)/Confirm' is clicked on

2018-12-17 17:32:38 - [MESSAGE][PASSED] - Object: 'Object Repository/Final Object Repo/Page_Form 3 EIS - Cessation as Employer/Page_Form 3 EIS - Cessation as Employer (Approve)/Confirm' is clicked on

2018-12-17 17:32:38 - [TEST_STEP][PASSED] - delay: Delayed 2 second(s)

2018-12-17 17:32:40 - [MESSAGE][PASSED] - Delayed 2 second(s)

2018-12-17 17:32:40 - [TEST_STEP][PASSED] - click: Object: 'Object Repository/Final Object Repo/Page_Form 3 EIS - Cessation as Employer/Page_Form 3 EIS - Cessation as Employer (Approve)/Message Your Request    Form 3 EIS' is clicked on

2018-12-17 17:32:47 - [MESSAGE][PASSED] - Object: 'Object Repository/Final Object Repo/Page_Form 3 EIS - Cessation as Employer/Page_Form 3 EIS - Cessation as Employer (Approve)/Message Your Request    Form 3 EIS' is clicked on

2018-12-17 17:32:47 - [TEST_STEP][PASSED] - click: Object: 'Object Repository/Final Object Repo/Page_Form 3 EIS - Cessation as Employer/Page_Form 3 EIS - Cessation as Employer (Approve)/Letter of successful update' is clicked on

2018-12-17 17:32:47 - [MESSAGE][PASSED] - Object: 'Object Repository/Final Object Repo/Page_Form 3 EIS - Cessation as Employer/Page_Form 3 EIS - Cessation as Employer (Approve)/Letter of successful update' is clicked on

2018-12-17 17:32:47 - [MESSAGE][PASSED] - Call Test Case 'Test Cases/Final Aug 2018 - PKS Automation/Registration Module/Workflow/Form 3 EIS - Cessation As Employer/Template/Form 3 A - Cessation As Employer (Approve)' successfully]]></system-out>
         <system-err><![CDATA[]]></system-err>
      </testcase>
      <testcase name="Test Cases/Final Aug 2018 - PKS Automation/Registration Module/Workflow/Form 3 EIS - Cessation As Employer/PKRBO to UO (Query)" classname="Test Cases/Final Aug 2018 - PKS Automation/Registration Module/Workflow/Form 3 EIS - Cessation As Employer/PKRBO to UO (Query)" status="PASSED">
         <system-out><![CDATA[2018-12-17 17:32:47 - [TEST_CASE][PASSED] - Test Cases/Final Aug 2018 - PKS Automation/Registration Module/Workflow/Form 3 EIS - Cessation As Employer/PKRBO to UO (Query): Test Cases/Final Aug 2018 - PKS Automation/Registration Module/Workflow/Form 3 EIS - Cessation As Employer/PKRBO to UO (Query)

2018-12-17 17:32:48 - [TEST_STEP][PASSED] - callTestCase: Call Test Case 'Test Cases/Final Aug 2018 - PKS Automation/Registration Module/Workflow/Form 3 EIS - Cessation As Employer/Template/Form 3 A - Cessation As Employer (PKRBO)' successfully

2018-12-17 17:32:48 - [TEST_CASE][PASSED] - Test Cases/Final Aug 2018 - PKS Automation/Registration Module/Workflow/Form 3 EIS - Cessation As Employer/Template/Form 3 A - Cessation As Employer (PKRBO): Test Cases/Final Aug 2018 - PKS Automation/Registration Module/Workflow/Form 3 EIS - Cessation As Employer/Template/Form 3 A - Cessation As Employer (PKRBO)

2018-12-17 17:32:48 - [TEST_STEP][PASSED] - openBrowser: Browser is opened with url: ''

2018-12-17 17:32:48 - [MESSAGE][WARNING] - A browser is already opened. Closing browser and opening a new one

2018-12-17 17:32:51 - [MESSAGE][PASSED] - Browser is opened with url: ''

2018-12-17 17:32:51 - [TEST_STEP][PASSED] - navigateToUrl: Navigate to 'https://assist2-uat.perkeso.gov.my/login' successfully

2018-12-17 17:32:52 - [MESSAGE][PASSED] - Navigate to 'https://assist2-uat.perkeso.gov.my/login' successfully

2018-12-17 17:32:52 - [TEST_STEP][PASSED] - setText: Text 'johorpkrbo1@gmail.com' is set on object 'Object Repository/Final Object Repo/Login Page/Internal User/Email Address'

2018-12-17 17:32:52 - [MESSAGE][PASSED] - Text 'johorpkrbo1@gmail.com' is set on object 'Object Repository/Final Object Repo/Login Page/Internal User/Email Address'

2018-12-17 17:32:52 - [TEST_STEP][PASSED] - click: Object: 'Object Repository/Final Object Repo/Login Page/Internal User/Next Button' is clicked on

2018-12-17 17:32:52 - [MESSAGE][PASSED] - Object: 'Object Repository/Final Object Repo/Login Page/Internal User/Next Button' is clicked on

2018-12-17 17:32:52 - [TEST_STEP][PASSED] - delay: Delayed 1 second(s)

2018-12-17 17:32:53 - [MESSAGE][PASSED] - Delayed 1 second(s)

2018-12-17 17:32:53 - [TEST_STEP][PASSED] - setEncryptedText: Text ****** has been set on object 'Object Repository/Final Object Repo/Login Page/Internal User/Password'

2018-12-17 17:32:53 - [MESSAGE][PASSED] - Text ****** has been set on object 'Object Repository/Final Object Repo/Login Page/Internal User/Password'

2018-12-17 17:32:54 - [TEST_STEP][PASSED] - click: Object: 'Object Repository/Final Object Repo/Login Page/Internal User/Login Button' is clicked on

2018-12-17 17:32:54 - [MESSAGE][PASSED] - Object: 'Object Repository/Final Object Repo/Login Page/Internal User/Login Button' is clicked on

2018-12-17 17:32:54 - [TEST_STEP][PASSED] - delay: Delayed 1 second(s)

2018-12-17 17:32:55 - [MESSAGE][PASSED] - Delayed 1 second(s)

2018-12-17 17:32:55 - [TEST_STEP][PASSED] - Statement - Try: Delayed 2 second(s)

2018-12-17 17:32:55 - [TEST_STEP][PASSED] - Statement - Checker = false: null

2018-12-17 17:32:55 - [TEST_STEP][PASSED] - Statement - Checker = com.kms.katalon.core.webui.keyword.WebUiBuiltInKeywords.verifyElementHasAttribute(com.kms.katalon.core.testobject.ObjectRepository.findTestObject(Final Object Repo/Landing Page/BM Detecting), "href", 20, OPTIONAL): Object 'Object Repository/Final Object Repo/Landing Page/BM Detecting' has attribute 'href'

2018-12-17 17:32:56 - [MESSAGE][PASSED] - Object 'Object Repository/Final Object Repo/Landing Page/BM Detecting' has attribute 'href'

2018-12-17 17:32:56 - [TEST_STEP][PASSED] - Statement - out.println(Checker): null

2018-12-17 17:32:56 - [TEST_STEP][PASSED] - Statement - If (Checker == false): null

2018-12-17 17:32:56 - [TEST_STEP][PASSED] - Statement - Else: null

2018-12-17 17:32:56 - [TEST_STEP][PASSED] - delay: Delayed 2 second(s)

2018-12-17 17:32:58 - [MESSAGE][PASSED] - Delayed 2 second(s)

2018-12-17 17:32:58 - [TEST_STEP][PASSED] - navigateToUrl: Navigate to 'https://assist2-uat.perkeso.gov.my/web/registration/eis-update/form-3-eis-cessation-as-employer' successfully

2018-12-17 17:32:59 - [MESSAGE][PASSED] - Navigate to 'https://assist2-uat.perkeso.gov.my/web/registration/eis-update/form-3-eis-cessation-as-employer' successfully

2018-12-17 17:32:59 - [TEST_STEP][PASSED] - delay: Delayed 1 second(s)

2018-12-17 17:33:00 - [MESSAGE][PASSED] - Delayed 1 second(s)

2018-12-17 17:33:00 - [TEST_STEP][PASSED] - setText: Text 'E1102069769W' is set on object 'Object Repository/Final Object Repo/Page_Form 3 EIS - Cessation as Employer/Employer Code'

2018-12-17 17:33:00 - [MESSAGE][PASSED] - Text 'E1102069769W' is set on object 'Object Repository/Final Object Repo/Page_Form 3 EIS - Cessation as Employer/Employer Code'

2018-12-17 17:33:00 - [TEST_STEP][PASSED] - click: Object: 'Object Repository/Final Object Repo/Page_Form 3 EIS - Cessation as Employer/Search' is clicked on

2018-12-17 17:33:00 - [MESSAGE][PASSED] - Object: 'Object Repository/Final Object Repo/Page_Form 3 EIS - Cessation as Employer/Search' is clicked on

2018-12-17 17:33:00 - [TEST_STEP][PASSED] - click: Object: 'Object Repository/Final Object Repo/Page_Form 3 EIS - Cessation as Employer/Edit' is clicked on

2018-12-17 17:33:03 - [MESSAGE][PASSED] - Object: 'Object Repository/Final Object Repo/Page_Form 3 EIS - Cessation as Employer/Edit' is clicked on

2018-12-17 17:33:03 - [TEST_STEP][PASSED] - delay: Delayed 1 second(s)

2018-12-17 17:33:04 - [MESSAGE][PASSED] - Delayed 1 second(s)

2018-12-17 17:33:04 - [TEST_STEP][PASSED] - Statement - abc = com.kms.katalon.core.webui.keyword.WebUiBuiltInKeywords.getAttribute(com.kms.katalon.core.testobject.ObjectRepository.findTestObject(Final Object Repo/Page_Form 3 EIS - Cessation as Employer/Employer Status), "value"): Attribute 'value' of object 'Object Repository/Final Object Repo/Page_Form 3 EIS - Cessation as Employer/Employer Status' is: 'Active'

2018-12-17 17:33:04 - [MESSAGE][PASSED] - Attribute 'value' of object 'Object Repository/Final Object Repo/Page_Form 3 EIS - Cessation as Employer/Employer Status' is: 'Active'

2018-12-17 17:33:04 - [TEST_STEP][PASSED] - Statement - out.println(abc): null

2018-12-17 17:33:04 - [TEST_STEP][PASSED] - Statement - If (abc == "Active"): Object: 'Object Repository/Final Object Repo/Page_Form 3 EIS - Cessation as Employer/Dormant EIS' is clicked on

2018-12-17 17:33:04 - [TEST_STEP][PASSED] - click: Object: 'Object Repository/Final Object Repo/Page_Form 3 EIS - Cessation as Employer/Change Employer Status to' is clicked on

2018-12-17 17:33:04 - [MESSAGE][PASSED] - Object: 'Object Repository/Final Object Repo/Page_Form 3 EIS - Cessation as Employer/Change Employer Status to' is clicked on

2018-12-17 17:33:04 - [TEST_STEP][PASSED] - click: Object: 'Object Repository/Final Object Repo/Page_Form 3 EIS - Cessation as Employer/Dormant EIS' is clicked on

2018-12-17 17:33:04 - [MESSAGE][PASSED] - Object: 'Object Repository/Final Object Repo/Page_Form 3 EIS - Cessation as Employer/Dormant EIS' is clicked on

2018-12-17 17:33:04 - [TEST_STEP][PASSED] - click: Object: 'Object Repository/Final Object Repo/Page_Form 3 EIS - Cessation as Employer/Calender' is clicked on

2018-12-17 17:33:05 - [MESSAGE][PASSED] - Object: 'Object Repository/Final Object Repo/Page_Form 3 EIS - Cessation as Employer/Calender' is clicked on

2018-12-17 17:33:05 - [TEST_STEP][PASSED] - delay: Delayed 1 second(s)

2018-12-17 17:33:06 - [MESSAGE][PASSED] - Delayed 1 second(s)

2018-12-17 17:33:06 - [TEST_STEP][PASSED] - click: Object: 'Object Repository/Final Object Repo/Page_Form 3 EIS - Cessation as Employer/Calender - Date' is clicked on

2018-12-17 17:33:06 - [MESSAGE][PASSED] - Object: 'Object Repository/Final Object Repo/Page_Form 3 EIS - Cessation as Employer/Calender - Date' is clicked on

2018-12-17 17:33:06 - [TEST_STEP][PASSED] - click: Object: 'Object Repository/Final Object Repo/Page_Form 3 EIS - Cessation as Employer/Save  Continue in Form 3 EIS Page' is clicked on

2018-12-17 17:33:06 - [MESSAGE][PASSED] - Object: 'Object Repository/Final Object Repo/Page_Form 3 EIS - Cessation as Employer/Save  Continue in Form 3 EIS Page' is clicked on

2018-12-17 17:33:06 - [TEST_STEP][PASSED] - delay: Delayed 1 second(s)

2018-12-17 17:33:07 - [MESSAGE][PASSED] - Delayed 1 second(s)

2018-12-17 17:33:07 - [TEST_STEP][PASSED] - click: Object: 'Object Repository/Final Object Repo/Page_Form 3 EIS - Cessation as Employer/Employment Resign Date' is clicked on

2018-12-17 17:33:07 - [MESSAGE][PASSED] - Object: 'Object Repository/Final Object Repo/Page_Form 3 EIS - Cessation as Employer/Employment Resign Date' is clicked on

2018-12-17 17:33:07 - [TEST_STEP][PASSED] - selectOptionByValue: All options with value '2030' are selected in object 'Object Repository/Final Object Repo/Page_Form 3 EIS - Cessation as Employer/Employment Resign Date - Year' 

2018-12-17 17:33:08 - [MESSAGE][PASSED] - All options with value '2030' are selected in object 'Object Repository/Final Object Repo/Page_Form 3 EIS - Cessation as Employer/Employment Resign Date - Year' 

2018-12-17 17:33:08 - [TEST_STEP][PASSED] - delay: Delayed 2 second(s)

2018-12-17 17:33:10 - [MESSAGE][PASSED] - Delayed 2 second(s)

2018-12-17 17:33:10 - [TEST_STEP][PASSED] - click: Object: 'Object Repository/Final Object Repo/Page_Form 3 EIS - Cessation as Employer/Employment Resign Date - Year - Date' is clicked on

2018-12-17 17:33:10 - [MESSAGE][PASSED] - Object: 'Object Repository/Final Object Repo/Page_Form 3 EIS - Cessation as Employer/Employment Resign Date - Year - Date' is clicked on

2018-12-17 17:33:10 - [TEST_STEP][PASSED] - delay: Delayed 2 second(s)

2018-12-17 17:33:12 - [MESSAGE][PASSED] - Delayed 2 second(s)

2018-12-17 17:33:12 - [TEST_STEP][PASSED] - click: Object: 'Object Repository/Final Object Repo/Page_Form 3 EIS - Cessation as Employer/Save  Continue in Employment Resign Page' is clicked on

2018-12-17 17:33:12 - [MESSAGE][PASSED] - Object: 'Object Repository/Final Object Repo/Page_Form 3 EIS - Cessation as Employer/Save  Continue in Employment Resign Page' is clicked on

2018-12-17 17:33:12 - [TEST_STEP][PASSED] - delay: Delayed 2 second(s)

2018-12-17 17:33:14 - [MESSAGE][PASSED] - Delayed 2 second(s)

2018-12-17 17:33:14 - [TEST_STEP][PASSED] - click: Object: 'Object Repository/Final Object Repo/Page_Form 3 EIS - Cessation as Employer/Set Latest - Yes' is clicked on

2018-12-17 17:33:14 - [MESSAGE][PASSED] - Object: 'Object Repository/Final Object Repo/Page_Form 3 EIS - Cessation as Employer/Set Latest - Yes' is clicked on

2018-12-17 17:33:14 - [TEST_STEP][PASSED] - delay: Delayed 2 second(s)

2018-12-17 17:33:16 - [MESSAGE][PASSED] - Delayed 2 second(s)

2018-12-17 17:33:16 - [TEST_STEP][PASSED] - click: Object: 'Object Repository/Final Object Repo/Page_Form 3 EIS - Cessation as Employer/Add Document' is clicked on

2018-12-17 17:33:17 - [MESSAGE][PASSED] - Object: 'Object Repository/Final Object Repo/Page_Form 3 EIS - Cessation as Employer/Add Document' is clicked on

2018-12-17 17:33:17 - [TEST_STEP][PASSED] - delay: Delayed 3 second(s)

2018-12-17 17:33:20 - [MESSAGE][PASSED] - Delayed 3 second(s)

2018-12-17 17:33:20 - [TEST_STEP][PASSED] - click: Object: 'Object Repository/Final Object Repo/Page_Form 3 EIS - Cessation as Employer/Document Type' is clicked on

2018-12-17 17:33:21 - [MESSAGE][PASSED] - Object: 'Object Repository/Final Object Repo/Page_Form 3 EIS - Cessation as Employer/Document Type' is clicked on

2018-12-17 17:33:21 - [TEST_STEP][PASSED] - click: Object: 'Object Repository/Final Object Repo/Page_Form 3 EIS - Cessation as Employer/Document Type - Form 3' is clicked on

2018-12-17 17:33:21 - [MESSAGE][PASSED] - Object: 'Object Repository/Final Object Repo/Page_Form 3 EIS - Cessation as Employer/Document Type - Form 3' is clicked on

2018-12-17 17:33:21 - [TEST_STEP][PASSED] - delay: Delayed 2 second(s)

2018-12-17 17:33:23 - [MESSAGE][PASSED] - Delayed 2 second(s)

2018-12-17 17:33:23 - [TEST_STEP][PASSED] - sendKeys: Keys 'C:\Users\Public\Pictures\Sample Pictures\Koala.jpg' sent to object: 'Object Repository/Final Object Repo/Page_Form 3 EIS - Cessation as Employer/ploading File'

2018-12-17 17:33:23 - [MESSAGE][PASSED] - Keys 'C:\Users\Public\Pictures\Sample Pictures\Koala.jpg' sent to object: 'Object Repository/Final Object Repo/Page_Form 3 EIS - Cessation as Employer/ploading File'

2018-12-17 17:33:23 - [TEST_STEP][PASSED] - delay: Delayed 1 second(s)

2018-12-17 17:33:24 - [MESSAGE][PASSED] - Delayed 1 second(s)

2018-12-17 17:33:24 - [TEST_STEP][PASSED] - click: Object: 'Object Repository/Final Object Repo/Page_Form 3 EIS - Cessation as Employer/Add Document in Uploading Page' is clicked on

2018-12-17 17:33:24 - [MESSAGE][PASSED] - Object: 'Object Repository/Final Object Repo/Page_Form 3 EIS - Cessation as Employer/Add Document in Uploading Page' is clicked on

2018-12-17 17:33:24 - [TEST_STEP][PASSED] - delay: Delayed 2 second(s)

2018-12-17 17:33:26 - [MESSAGE][PASSED] - Delayed 2 second(s)

2018-12-17 17:33:26 - [TEST_STEP][PASSED] - Statement - CaseReferenceNo = com.kms.katalon.core.webui.keyword.WebUiBuiltInKeywords.getText(com.kms.katalon.core.testobject.ObjectRepository.findTestObject(Final Object Repo/Page_Update Employer Information/Reference Number in Update Employee Information Page)): Text of object 'Object Repository/Final Object Repo/Page_Update Employer Information/Reference Number in Update Employee Information Page' is: 'ERN122018C200002493'

2018-12-17 17:33:28 - [MESSAGE][PASSED] - Text of object 'Object Repository/Final Object Repo/Page_Update Employer Information/Reference Number in Update Employee Information Page' is: 'ERN122018C200002493'

2018-12-17 17:33:28 - [TEST_STEP][PASSED] - callTestCase: Call Test Case 'Test Cases/Final Aug 2018 - PKS Automation/Common/Reference Number Setter' successfully

2018-12-17 17:33:28 - [TEST_CASE][PASSED] - Test Cases/Final Aug 2018 - PKS Automation/Common/Reference Number Setter: Test Cases/Final Aug 2018 - PKS Automation/Common/Reference Number Setter

2018-12-17 17:33:28 - [TEST_STEP][PASSED] - Statement - RefNoOldFile = new java.io.File(C://Users//Admin//Desktop//PKS//Automation Reference Point//KatalonReference.txt): null

2018-12-17 17:33:28 - [TEST_STEP][PASSED] - Statement - RefNoOldFile.delete(): null

2018-12-17 17:33:28 - [TEST_STEP][PASSED] - delay: Delayed 5 second(s)

2018-12-17 17:33:33 - [MESSAGE][PASSED] - Delayed 5 second(s)

2018-12-17 17:33:33 - [TEST_STEP][PASSED] - Statement - RefNo = new java.io.File(C://Users//Admin//Desktop//PKS//Automation Reference Point//KatalonReference.txt): null

2018-12-17 17:33:33 - [TEST_STEP][PASSED] - Statement - f2 = new java.io.FileWriter(RefNo, false): null

2018-12-17 17:33:33 - [TEST_STEP][PASSED] - Statement - f2.write(CaseReferenceNo): null

2018-12-17 17:33:33 - [TEST_STEP][PASSED] - Statement - f2.close(): null

2018-12-17 17:33:33 - [TEST_STEP][PASSED] - Statement - out.println("


" + CaseReferenceNo + "


"): null

2018-12-17 17:33:33 - [MESSAGE][PASSED] - Call Test Case 'Test Cases/Final Aug 2018 - PKS Automation/Common/Reference Number Setter' successfully

2018-12-17 17:33:33 - [TEST_STEP][PASSED] - delay: Delayed 2 second(s)

2018-12-17 17:33:35 - [MESSAGE][PASSED] - Delayed 2 second(s)

2018-12-17 17:33:35 - [TEST_STEP][PASSED] - click: Object: 'Object Repository/Final Object Repo/Page_Form 3 EIS - Cessation as Employer/Save  Continue in Uploading Page' is clicked on

2018-12-17 17:33:35 - [MESSAGE][PASSED] - Object: 'Object Repository/Final Object Repo/Page_Form 3 EIS - Cessation as Employer/Save  Continue in Uploading Page' is clicked on

2018-12-17 17:33:35 - [TEST_STEP][PASSED] - delay: Delayed 2 second(s)

2018-12-17 17:33:37 - [MESSAGE][PASSED] - Delayed 2 second(s)

2018-12-17 17:33:37 - [TEST_STEP][PASSED] - click: Object: 'Object Repository/Final Object Repo/Page_Form 3 EIS - Cessation as Employer/Submit' is clicked on

2018-12-17 17:33:40 - [MESSAGE][PASSED] - Object: 'Object Repository/Final Object Repo/Page_Form 3 EIS - Cessation as Employer/Submit' is clicked on

2018-12-17 17:33:40 - [TEST_STEP][PASSED] - delay: Delayed 2 second(s)

2018-12-17 17:33:42 - [MESSAGE][PASSED] - Delayed 2 second(s)

2018-12-17 17:33:42 - [TEST_STEP][PASSED] - click: Object: 'Object Repository/Final Object Repo/Page_Form 3 EIS - Cessation as Employer/Confirm' is clicked on

2018-12-17 17:33:42 - [MESSAGE][PASSED] - Object: 'Object Repository/Final Object Repo/Page_Form 3 EIS - Cessation as Employer/Confirm' is clicked on

2018-12-17 17:33:42 - [TEST_STEP][PASSED] - delay: Delayed 2 second(s)

2018-12-17 17:33:44 - [MESSAGE][PASSED] - Delayed 2 second(s)

2018-12-17 17:33:44 - [TEST_STEP][PASSED] - click: Object: 'Object Repository/Final Object Repo/Page_Form 3 EIS - Cessation as Employer/Message Your Request will be routed to UO' is clicked on

2018-12-17 17:33:48 - [MESSAGE][PASSED] - Object: 'Object Repository/Final Object Repo/Page_Form 3 EIS - Cessation as Employer/Message Your Request will be routed to UO' is clicked on

2018-12-17 17:33:48 - [TEST_STEP][PASSED] - click: Object: 'Object Repository/Final Object Repo/Page_Form 3 EIS - Cessation as Employer/Letter of acknowledgement' is clicked on

2018-12-17 17:33:48 - [MESSAGE][PASSED] - Object: 'Object Repository/Final Object Repo/Page_Form 3 EIS - Cessation as Employer/Letter of acknowledgement' is clicked on

2018-12-17 17:33:48 - [MESSAGE][PASSED] - Call Test Case 'Test Cases/Final Aug 2018 - PKS Automation/Registration Module/Workflow/Form 3 EIS - Cessation As Employer/Template/Form 3 A - Cessation As Employer (PKRBO)' successfully

2018-12-17 17:33:48 - [TEST_STEP][PASSED] - callTestCase: Call Test Case 'Test Cases/Final Aug 2018 - PKS Automation/Registration Module/Workflow/Form 3 EIS - Cessation As Employer/Template/Form 3 A - Cessation As Employer (Query)' successfully

2018-12-17 17:33:48 - [TEST_CASE][PASSED] - Test Cases/Final Aug 2018 - PKS Automation/Registration Module/Workflow/Form 3 EIS - Cessation As Employer/Template/Form 3 A - Cessation As Employer (Query): Test Cases/Final Aug 2018 - PKS Automation/Registration Module/Workflow/Form 3 EIS - Cessation As Employer/Template/Form 3 A - Cessation As Employer (Query)

2018-12-17 17:33:48 - [TEST_STEP][NOT_RUN] - callTestCase: NOT_RUN: callTestCase

2018-12-17 17:33:48 - [MESSAGE][NOT_RUN] - NOT_RUN: callTestCase

2018-12-17 17:33:48 - [TEST_STEP][PASSED] - delay: Delayed 1 second(s)

2018-12-17 17:33:49 - [MESSAGE][PASSED] - Delayed 1 second(s)

2018-12-17 17:33:49 - [TEST_STEP][PASSED] - navigateToUrl: Navigate to 'https://assist2-uat.perkeso.gov.my/c/portal/logout' successfully

2018-12-17 17:33:50 - [MESSAGE][PASSED] - Navigate to 'https://assist2-uat.perkeso.gov.my/c/portal/logout' successfully

2018-12-17 17:33:50 - [TEST_STEP][PASSED] - delay: Delayed 1 second(s)

2018-12-17 17:33:51 - [MESSAGE][PASSED] - Delayed 1 second(s)

2018-12-17 17:33:51 - [TEST_STEP][PASSED] - callTestCase: Call Test Case 'Test Cases/Final Aug 2018 - PKS Automation/Common/Reference Number Getter' successfully

2018-12-17 17:33:51 - [TEST_CASE][PASSED] - Test Cases/Final Aug 2018 - PKS Automation/Common/Reference Number Getter: Test Cases/Final Aug 2018 - PKS Automation/Common/Reference Number Getter

2018-12-17 17:33:51 - [TEST_STEP][PASSED] - Statement - Try: null

2018-12-17 17:33:51 - [TEST_STEP][PASSED] - Statement - RefNo = new java.io.File(C://Users//Admin//Desktop//PKS//Automation Reference Point//KatalonReference.txt): null

2018-12-17 17:33:51 - [TEST_STEP][PASSED] - Statement - bufferread = new java.io.BufferedReader(new java.io.FileReader(RefNo)): null

2018-12-17 17:33:51 - [TEST_STEP][PASSED] - Statement - readedVal = bufferread.readLine(): null

2018-12-17 17:33:51 - [TEST_STEP][PASSED] - Statement - out.println(CaseReferenceNo): null

2018-12-17 17:33:51 - [TEST_STEP][PASSED] - Statement - out.println(readedVal): null

2018-12-17 17:33:51 - [TEST_STEP][PASSED] - Statement - CaseReferenceNo = "": null

2018-12-17 17:33:51 - [TEST_STEP][PASSED] - Statement - CaseReferenceNo = readedVal: null

2018-12-17 17:33:51 - [MESSAGE][PASSED] - Call Test Case 'Test Cases/Final Aug 2018 - PKS Automation/Common/Reference Number Getter' successfully

2018-12-17 17:33:51 - [TEST_STEP][PASSED] - callTestCase: Call Test Case 'Test Cases/Final Aug 2018 - PKS Automation/Common/Workflow Owner Finder' successfully

2018-12-17 17:33:51 - [TEST_CASE][PASSED] - Test Cases/Final Aug 2018 - PKS Automation/Common/Workflow Owner Finder: Test Cases/Final Aug 2018 - PKS Automation/Common/Workflow Owner Finder

2018-12-17 17:33:51 - [TEST_STEP][PASSED] - openBrowser: Browser is opened with url: ''

2018-12-17 17:33:51 - [MESSAGE][WARNING] - A browser is already opened. Closing browser and opening a new one

2018-12-17 17:33:54 - [MESSAGE][PASSED] - Browser is opened with url: ''

2018-12-17 17:33:54 - [TEST_STEP][PASSED] - navigateToUrl: Navigate to 'https://assist2-uat.perkeso.gov.my/login' successfully

2018-12-17 17:33:55 - [MESSAGE][PASSED] - Navigate to 'https://assist2-uat.perkeso.gov.my/login' successfully

2018-12-17 17:33:55 - [TEST_STEP][PASSED] - delay: Delayed 5 second(s)

2018-12-17 17:34:00 - [MESSAGE][PASSED] - Delayed 5 second(s)

2018-12-17 17:34:00 - [TEST_STEP][PASSED] - setText: Text 'test@liferay.com' is set on object 'Object Repository/Final Object Repo/Login Page/Internal User/Email Address'

2018-12-17 17:34:01 - [MESSAGE][PASSED] - Text 'test@liferay.com' is set on object 'Object Repository/Final Object Repo/Login Page/Internal User/Email Address'

2018-12-17 17:34:01 - [TEST_STEP][PASSED] - click: Object: 'Object Repository/Final Object Repo/Login Page/Internal User/Next Button' is clicked on

2018-12-17 17:34:01 - [MESSAGE][PASSED] - Object: 'Object Repository/Final Object Repo/Login Page/Internal User/Next Button' is clicked on

2018-12-17 17:34:01 - [TEST_STEP][PASSED] - delay: Delayed 2 second(s)

2018-12-17 17:34:03 - [MESSAGE][PASSED] - Delayed 2 second(s)

2018-12-17 17:34:03 - [TEST_STEP][PASSED] - setText: Text 'test' is set on object 'Object Repository/Final Object Repo/Login Page/Internal User/Password'

2018-12-17 17:34:03 - [MESSAGE][PASSED] - Text 'test' is set on object 'Object Repository/Final Object Repo/Login Page/Internal User/Password'

2018-12-17 17:34:03 - [TEST_STEP][PASSED] - delay: Delayed 2 second(s)

2018-12-17 17:34:05 - [MESSAGE][PASSED] - Delayed 2 second(s)

2018-12-17 17:34:05 - [TEST_STEP][PASSED] - click: Object: 'Object Repository/Final Object Repo/Login Page/Internal User/Login Button' is clicked on

2018-12-17 17:34:05 - [MESSAGE][PASSED] - Object: 'Object Repository/Final Object Repo/Login Page/Internal User/Login Button' is clicked on

2018-12-17 17:34:05 - [TEST_STEP][PASSED] - Statement - tester = com.kms.katalon.core.testobject.ObjectRepository.findTestObject(Final Object Repo/Landing Page/Select to English): Finding Test Object with id 'Object Repository/Final Object Repo/Landing Page/Select to English'

2018-12-17 17:34:05 - [TEST_STEP][PASSED] - Statement - Try: Delayed 2 second(s)

2018-12-17 17:34:05 - [TEST_STEP][PASSED] - Statement - Checker = com.kms.katalon.core.webui.keyword.WebUiBuiltInKeywords.verifyElementNotPresent(tester, 3): Web element with id: 'Object Repository/Final Object Repo/Landing Page/Select to English' located by 'By.xpath: //a[@class = 'taglib-language-list-text' and @lang = 'en-US' and (contains(text(), 'EN') or contains(., 'EN'))]' is not present after '3' second(s)

2018-12-17 17:34:07 - [MESSAGE][PASSED] - Web element with id: 'Object Repository/Final Object Repo/Landing Page/Select to English' located by 'By.xpath: //a[@class = 'taglib-language-list-text' and @lang = 'en-US' and (contains(text(), 'EN') or contains(., 'EN'))]' is not present after '3' second(s)

2018-12-17 17:34:07 - [TEST_STEP][PASSED] - Statement - If (Checker == false): null

2018-12-17 17:34:07 - [TEST_STEP][PASSED] - delay: Delayed 2 second(s)

2018-12-17 17:34:09 - [MESSAGE][PASSED] - Delayed 2 second(s)

2018-12-17 17:34:09 - [TEST_STEP][PASSED] - delay: Delayed 5 second(s)

2018-12-17 17:34:14 - [MESSAGE][PASSED] - Delayed 5 second(s)

2018-12-17 17:34:14 - [TEST_STEP][PASSED] - mouseOver: Object: 'Object Repository/Final Object Repo/Landing Page/WorkFlow Menu' is hovered

2018-12-17 17:34:14 - [MESSAGE][PASSED] - Object: 'Object Repository/Final Object Repo/Landing Page/WorkFlow Menu' is hovered

2018-12-17 17:34:14 - [TEST_STEP][PASSED] - delay: Delayed 2 second(s)

2018-12-17 17:34:16 - [MESSAGE][PASSED] - Delayed 2 second(s)

2018-12-17 17:34:16 - [TEST_STEP][PASSED] - click: Object: 'Object Repository/Final Object Repo/Landing Page/Select to Workflow Listing' is clicked on

2018-12-17 17:34:18 - [MESSAGE][PASSED] - Object: 'Object Repository/Final Object Repo/Landing Page/Select to Workflow Listing' is clicked on

2018-12-17 17:34:18 - [TEST_STEP][PASSED] - delay: Delayed 2 second(s)

2018-12-17 17:34:20 - [MESSAGE][PASSED] - Delayed 2 second(s)

2018-12-17 17:34:20 - [TEST_STEP][PASSED] - click: Object: 'Object Repository/Final Object Repo/WorkFlow Listing Page/Search Information - To Put Ref No' is clicked on

2018-12-17 17:34:20 - [MESSAGE][PASSED] - Object: 'Object Repository/Final Object Repo/WorkFlow Listing Page/Search Information - To Put Ref No' is clicked on

2018-12-17 17:34:20 - [TEST_STEP][PASSED] - delay: Delayed 2 second(s)

2018-12-17 17:34:22 - [MESSAGE][PASSED] - Delayed 2 second(s)

2018-12-17 17:34:22 - [TEST_STEP][PASSED] - callTestCase: Call Test Case 'Test Cases/Final Aug 2018 - PKS Automation/Common/Reference Number Getter' successfully

2018-12-17 17:34:22 - [TEST_CASE][PASSED] - Test Cases/Final Aug 2018 - PKS Automation/Common/Reference Number Getter: Test Cases/Final Aug 2018 - PKS Automation/Common/Reference Number Getter

2018-12-17 17:34:22 - [TEST_STEP][PASSED] - Statement - Try: null

2018-12-17 17:34:22 - [TEST_STEP][PASSED] - Statement - RefNo = new java.io.File(C://Users//Admin//Desktop//PKS//Automation Reference Point//KatalonReference.txt): null

2018-12-17 17:34:22 - [TEST_STEP][PASSED] - Statement - bufferread = new java.io.BufferedReader(new java.io.FileReader(RefNo)): null

2018-12-17 17:34:22 - [TEST_STEP][PASSED] - Statement - readedVal = bufferread.readLine(): null

2018-12-17 17:34:22 - [TEST_STEP][PASSED] - Statement - out.println(CaseReferenceNo): null

2018-12-17 17:34:22 - [TEST_STEP][PASSED] - Statement - out.println(readedVal): null

2018-12-17 17:34:22 - [TEST_STEP][PASSED] - Statement - CaseReferenceNo = "": null

2018-12-17 17:34:22 - [TEST_STEP][PASSED] - Statement - CaseReferenceNo = readedVal: null

2018-12-17 17:34:22 - [MESSAGE][PASSED] - Call Test Case 'Test Cases/Final Aug 2018 - PKS Automation/Common/Reference Number Getter' successfully

2018-12-17 17:34:22 - [TEST_STEP][PASSED] - setText: Text 'ERN122018C200002493' is set on object 'Object Repository/Final Object Repo/WorkFlow Listing Page/Ref No Set Text'

2018-12-17 17:34:22 - [MESSAGE][PASSED] - Text 'ERN122018C200002493' is set on object 'Object Repository/Final Object Repo/WorkFlow Listing Page/Ref No Set Text'

2018-12-17 17:34:22 - [TEST_STEP][PASSED] - delay: Delayed 2 second(s)

2018-12-17 17:34:24 - [MESSAGE][PASSED] - Delayed 2 second(s)

2018-12-17 17:34:24 - [TEST_STEP][PASSED] - click: Object: 'Object Repository/Final Object Repo/WorkFlow Listing Page/Search Ref No Search Button' is clicked on

2018-12-17 17:34:24 - [MESSAGE][PASSED] - Object: 'Object Repository/Final Object Repo/WorkFlow Listing Page/Search Ref No Search Button' is clicked on

2018-12-17 17:34:24 - [TEST_STEP][PASSED] - delay: Delayed 6 second(s)

2018-12-17 17:34:30 - [MESSAGE][PASSED] - Delayed 6 second(s)

2018-12-17 17:34:30 - [TEST_STEP][PASSED] - click: Object: 'Object Repository/Final Object Repo/WorkFlow Listing Page/Click Continue Tooltip' is clicked on

2018-12-17 17:34:31 - [MESSAGE][PASSED] - Object: 'Object Repository/Final Object Repo/WorkFlow Listing Page/Click Continue Tooltip' is clicked on

2018-12-17 17:34:31 - [TEST_STEP][PASSED] - delay: Delayed 5 second(s)

2018-12-17 17:34:36 - [MESSAGE][PASSED] - Delayed 5 second(s)

2018-12-17 17:34:36 - [TEST_STEP][PASSED] - doubleClick: Object: 'Object Repository/Final Object Repo/WorkFlow Listing Page/Workflow Found - Listing 1' is double clicked on

2018-12-17 17:34:37 - [MESSAGE][PASSED] - Object: 'Object Repository/Final Object Repo/WorkFlow Listing Page/Workflow Found - Listing 1' is double clicked on

2018-12-17 17:34:37 - [TEST_STEP][PASSED] - Statement - println(OwnerID): null

2018-12-17 17:34:37 - [TEST_STEP][PASSED] - Statement - OwnerID = com.kms.katalon.core.webui.keyword.WebUiBuiltInKeywords.getText(com.kms.katalon.core.testobject.ObjectRepository.findTestObject(Final Object Repo/WorkFlow Listing Page/Workflow Found - Listing 1), STOP_ON_FAILURE): Text of object 'Object Repository/Final Object Repo/WorkFlow Listing Page/Workflow Found - Listing 1' is: 'JOHORuo2'

2018-12-17 17:34:37 - [MESSAGE][PASSED] - Text of object 'Object Repository/Final Object Repo/WorkFlow Listing Page/Workflow Found - Listing 1' is: 'JOHORuo2'

2018-12-17 17:34:37 - [TEST_STEP][PASSED] - Statement - OwnerID = OwnerID.toLowerCase() + "@gmail.com": null

2018-12-17 17:34:37 - [TEST_STEP][PASSED] - Statement - println(OwnerID): null

2018-12-17 17:34:37 - [TEST_STEP][PASSED] - delay: Delayed 2 second(s)

2018-12-17 17:34:39 - [MESSAGE][PASSED] - Delayed 2 second(s)

2018-12-17 17:34:39 - [MESSAGE][PASSED] - Call Test Case 'Test Cases/Final Aug 2018 - PKS Automation/Common/Workflow Owner Finder' successfully

2018-12-17 17:34:39 - [TEST_STEP][PASSED] - delay: Delayed 1 second(s)

2018-12-17 17:34:40 - [MESSAGE][PASSED] - Delayed 1 second(s)

2018-12-17 17:34:40 - [TEST_STEP][PASSED] - navigateToUrl: Navigate to 'https://assist2-uat.perkeso.gov.my/c/portal/logout' successfully

2018-12-17 17:34:40 - [MESSAGE][PASSED] - Navigate to 'https://assist2-uat.perkeso.gov.my/c/portal/logout' successfully

2018-12-17 17:34:40 - [TEST_STEP][PASSED] - delay: Delayed 1 second(s)

2018-12-17 17:34:41 - [MESSAGE][PASSED] - Delayed 1 second(s)

2018-12-17 17:34:41 - [TEST_STEP][PASSED] - callTestCase: Call Test Case 'Test Cases/Final Aug 2018 - PKS Automation/Registration Module/Workflow/Login and Search Case For Workflow' successfully

2018-12-17 17:34:42 - [TEST_CASE][PASSED] - Test Cases/Final Aug 2018 - PKS Automation/Registration Module/Workflow/Login and Search Case For Workflow: Test Cases/Final Aug 2018 - PKS Automation/Registration Module/Workflow/Login and Search Case For Workflow

2018-12-17 17:34:42 - [TEST_STEP][PASSED] - navigateToUrl: Navigate to 'https://assist2-uat.perkeso.gov.my/login' successfully

2018-12-17 17:34:42 - [MESSAGE][PASSED] - Navigate to 'https://assist2-uat.perkeso.gov.my/login' successfully

2018-12-17 17:34:42 - [TEST_STEP][PASSED] - setText: Text 'johoruo2@gmail.com' is set on object 'Object Repository/Final Object Repo/Login Page/Internal User/Email Address'

2018-12-17 17:34:42 - [MESSAGE][PASSED] - Text 'johoruo2@gmail.com' is set on object 'Object Repository/Final Object Repo/Login Page/Internal User/Email Address'

2018-12-17 17:34:42 - [TEST_STEP][PASSED] - click: Object: 'Object Repository/Final Object Repo/Login Page/Internal User/Next Button' is clicked on

2018-12-17 17:34:42 - [MESSAGE][PASSED] - Object: 'Object Repository/Final Object Repo/Login Page/Internal User/Next Button' is clicked on

2018-12-17 17:34:42 - [TEST_STEP][PASSED] - delay: Delayed 1 second(s)

2018-12-17 17:34:43 - [MESSAGE][PASSED] - Delayed 1 second(s)

2018-12-17 17:34:43 - [TEST_STEP][PASSED] - setEncryptedText: Text ****** has been set on object 'Object Repository/Final Object Repo/Login Page/Internal User/Password'

2018-12-17 17:34:44 - [MESSAGE][PASSED] - Text ****** has been set on object 'Object Repository/Final Object Repo/Login Page/Internal User/Password'

2018-12-17 17:34:44 - [TEST_STEP][PASSED] - click: Object: 'Object Repository/Final Object Repo/Login Page/Internal User/Login Button' is clicked on

2018-12-17 17:34:44 - [MESSAGE][PASSED] - Object: 'Object Repository/Final Object Repo/Login Page/Internal User/Login Button' is clicked on

2018-12-17 17:34:44 - [TEST_STEP][PASSED] - delay: Delayed 2 second(s)

2018-12-17 17:34:46 - [MESSAGE][PASSED] - Delayed 2 second(s)

2018-12-17 17:34:46 - [TEST_STEP][PASSED] - Statement - Try: Delayed 2 second(s)

2018-12-17 17:34:46 - [TEST_STEP][PASSED] - Statement - Checker = false: null

2018-12-17 17:34:46 - [TEST_STEP][PASSED] - Statement - Checker = com.kms.katalon.core.webui.keyword.WebUiBuiltInKeywords.verifyElementHasAttribute(com.kms.katalon.core.testobject.ObjectRepository.findTestObject(Final Object Repo/Landing Page/BM Detecting), "href", 20, OPTIONAL): Object 'Object Repository/Final Object Repo/Landing Page/BM Detecting' has attribute 'href'

2018-12-17 17:34:46 - [MESSAGE][PASSED] - Object 'Object Repository/Final Object Repo/Landing Page/BM Detecting' has attribute 'href'

2018-12-17 17:34:46 - [TEST_STEP][PASSED] - Statement - out.println(Checker): null

2018-12-17 17:34:46 - [TEST_STEP][PASSED] - Statement - If (Checker == false): null

2018-12-17 17:34:46 - [TEST_STEP][PASSED] - Statement - Else: null

2018-12-17 17:34:46 - [TEST_STEP][PASSED] - delay: Delayed 2 second(s)

2018-12-17 17:34:48 - [MESSAGE][PASSED] - Delayed 2 second(s)

2018-12-17 17:34:48 - [TEST_STEP][PASSED] - click: Object: 'Object Repository/Final Object Repo/Page_MyASSIST - ASSIST - Search Pending Case For Add Supporting Document/Search Information' is clicked on

2018-12-17 17:34:48 - [MESSAGE][PASSED] - Object: 'Object Repository/Final Object Repo/Page_MyASSIST - ASSIST - Search Pending Case For Add Supporting Document/Search Information' is clicked on

2018-12-17 17:34:48 - [TEST_STEP][PASSED] - delay: Delayed 3 second(s)

2018-12-17 17:34:51 - [MESSAGE][PASSED] - Delayed 3 second(s)

2018-12-17 17:34:51 - [TEST_STEP][PASSED] - sendKeys: Keys 'ERN122018C200002493' sent to object: 'Object Repository/Final Object Repo/Page_MyASSIST - ASSIST - Search Pending Case For Add Supporting Document/Reference No'

2018-12-17 17:34:51 - [MESSAGE][PASSED] - Keys 'ERN122018C200002493' sent to object: 'Object Repository/Final Object Repo/Page_MyASSIST - ASSIST - Search Pending Case For Add Supporting Document/Reference No'

2018-12-17 17:34:51 - [TEST_STEP][PASSED] - click: Object: 'Object Repository/Final Object Repo/Page_MyASSIST - ASSIST - Search Pending Case For Add Supporting Document/Search Reference No' is clicked on

2018-12-17 17:34:52 - [MESSAGE][PASSED] - Object: 'Object Repository/Final Object Repo/Page_MyASSIST - ASSIST - Search Pending Case For Add Supporting Document/Search Reference No' is clicked on

2018-12-17 17:34:52 - [TEST_STEP][PASSED] - delay: Delayed 2 second(s)

2018-12-17 17:34:54 - [MESSAGE][PASSED] - Delayed 2 second(s)

2018-12-17 17:34:54 - [TEST_STEP][PASSED] - click: Object: 'Object Repository/Final Object Repo/Page_MyASSIST - ASSIST - Search Pending Case For Add Supporting Document/Continue' is clicked on

2018-12-17 17:34:57 - [MESSAGE][PASSED] - Object: 'Object Repository/Final Object Repo/Page_MyASSIST - ASSIST - Search Pending Case For Add Supporting Document/Continue' is clicked on

2018-12-17 17:34:57 - [TEST_STEP][PASSED] - delay: Delayed 20 second(s)

2018-12-17 17:35:17 - [MESSAGE][PASSED] - Delayed 20 second(s)

2018-12-17 17:35:17 - [MESSAGE][PASSED] - Call Test Case 'Test Cases/Final Aug 2018 - PKS Automation/Registration Module/Workflow/Login and Search Case For Workflow' successfully

2018-12-17 17:35:17 - [TEST_STEP][PASSED] - click: Object: 'Object Repository/Final Object Repo/Page_Form 3 EIS - Cessation as Employer/Page_Form 3 EIS - Cessation as Employer (Approve)/Save  Continue in Form 3 Page' is clicked on

2018-12-17 17:35:17 - [MESSAGE][PASSED] - Object: 'Object Repository/Final Object Repo/Page_Form 3 EIS - Cessation as Employer/Page_Form 3 EIS - Cessation as Employer (Approve)/Save  Continue in Form 3 Page' is clicked on

2018-12-17 17:35:17 - [TEST_STEP][PASSED] - delay: Delayed 4 second(s)

2018-12-17 17:35:21 - [MESSAGE][PASSED] - Delayed 4 second(s)

2018-12-17 17:35:21 - [TEST_STEP][PASSED] - click: Object: 'Object Repository/Final Object Repo/Page_Form 3 EIS - Cessation as Employer/Page_Form 3 EIS - Cessation as Employer (Approve)/Save  Continue in Resigned Page' is clicked on

2018-12-17 17:35:21 - [MESSAGE][PASSED] - Object: 'Object Repository/Final Object Repo/Page_Form 3 EIS - Cessation as Employer/Page_Form 3 EIS - Cessation as Employer (Approve)/Save  Continue in Resigned Page' is clicked on

2018-12-17 17:35:21 - [TEST_STEP][PASSED] - delay: Delayed 2 second(s)

2018-12-17 17:35:23 - [MESSAGE][PASSED] - Delayed 2 second(s)

2018-12-17 17:35:23 - [TEST_STEP][PASSED] - setText: Text 'Remark' is set on object 'Object Repository/Final Object Repo/Page_Form 3 EIS - Cessation as Employer/Page_Form 3 EIS - Cessation as Employer (Query)/Query - Remark'

2018-12-17 17:35:24 - [MESSAGE][PASSED] - Text 'Remark' is set on object 'Object Repository/Final Object Repo/Page_Form 3 EIS - Cessation as Employer/Page_Form 3 EIS - Cessation as Employer (Query)/Query - Remark'

2018-12-17 17:35:24 - [TEST_STEP][PASSED] - delay: Delayed 2 second(s)

2018-12-17 17:35:26 - [MESSAGE][PASSED] - Delayed 2 second(s)

2018-12-17 17:35:26 - [TEST_STEP][PASSED] - click: Object: 'Object Repository/Final Object Repo/Page_Form 3 EIS - Cessation as Employer/Page_Form 3 EIS - Cessation as Employer (Query)/Save  Continue' is clicked on

2018-12-17 17:35:27 - [MESSAGE][PASSED] - Object: 'Object Repository/Final Object Repo/Page_Form 3 EIS - Cessation as Employer/Page_Form 3 EIS - Cessation as Employer (Query)/Save  Continue' is clicked on

2018-12-17 17:35:27 - [TEST_STEP][PASSED] - delay: Delayed 2 second(s)

2018-12-17 17:35:29 - [MESSAGE][PASSED] - Delayed 2 second(s)

2018-12-17 17:35:29 - [TEST_STEP][PASSED] - click: Object: 'Object Repository/Final Object Repo/Page_Form 3 EIS - Cessation as Employer/Page_Form 3 EIS - Cessation as Employer (Query)/Query' is clicked on

2018-12-17 17:35:31 - [MESSAGE][PASSED] - Object: 'Object Repository/Final Object Repo/Page_Form 3 EIS - Cessation as Employer/Page_Form 3 EIS - Cessation as Employer (Query)/Query' is clicked on

2018-12-17 17:35:31 - [TEST_STEP][PASSED] - delay: Delayed 2 second(s)

2018-12-17 17:35:33 - [MESSAGE][PASSED] - Delayed 2 second(s)

2018-12-17 17:35:33 - [TEST_STEP][PASSED] - click: Object: 'Object Repository/Final Object Repo/Page_Form 3 EIS - Cessation as Employer/Page_Form 3 EIS - Cessation as Employer (Query)/Confirm' is clicked on

2018-12-17 17:35:40 - [MESSAGE][PASSED] - Object: 'Object Repository/Final Object Repo/Page_Form 3 EIS - Cessation as Employer/Page_Form 3 EIS - Cessation as Employer (Query)/Confirm' is clicked on

2018-12-17 17:35:40 - [TEST_STEP][PASSED] - delay: Delayed 2 second(s)

2018-12-17 17:35:42 - [MESSAGE][PASSED] - Delayed 2 second(s)

2018-12-17 17:35:42 - [TEST_STEP][PASSED] - click: Object: 'Object Repository/Final Object Repo/Page_Form 3 EIS - Cessation as Employer/Page_Form 3 EIS - Cessation as Employer (Query)/Message The Case Is Under Query' is clicked on

2018-12-17 17:35:42 - [MESSAGE][PASSED] - Object: 'Object Repository/Final Object Repo/Page_Form 3 EIS - Cessation as Employer/Page_Form 3 EIS - Cessation as Employer (Query)/Message The Case Is Under Query' is clicked on

2018-12-17 17:35:42 - [TEST_STEP][PASSED] - click: Object: 'Object Repository/Final Object Repo/Page_Form 3 EIS - Cessation as Employer/Page_Form 3 EIS - Cessation as Employer (Query)/Letter of inquiry' is clicked on

2018-12-17 17:35:43 - [MESSAGE][PASSED] - Object: 'Object Repository/Final Object Repo/Page_Form 3 EIS - Cessation as Employer/Page_Form 3 EIS - Cessation as Employer (Query)/Letter of inquiry' is clicked on

2018-12-17 17:35:43 - [TEST_STEP][PASSED] - delay: Delayed 1 second(s)

2018-12-17 17:35:44 - [MESSAGE][PASSED] - Delayed 1 second(s)

2018-12-17 17:35:44 - [TEST_STEP][PASSED] - navigateToUrl: Navigate to 'https://assist2-uat.perkeso.gov.my/c/portal/logout' successfully

2018-12-17 17:35:44 - [MESSAGE][PASSED] - Navigate to 'https://assist2-uat.perkeso.gov.my/c/portal/logout' successfully

2018-12-17 17:35:44 - [TEST_STEP][PASSED] - delay: Delayed 1 second(s)

2018-12-17 17:35:45 - [MESSAGE][PASSED] - Delayed 1 second(s)

2018-12-17 17:35:45 - [TEST_STEP][PASSED] - callTestCase: Call Test Case 'Test Cases/Final Aug 2018 - PKS Automation/Registration Module/Workflow/Login and Search Case For Workflow' successfully

2018-12-17 17:35:45 - [TEST_CASE][PASSED] - Test Cases/Final Aug 2018 - PKS Automation/Registration Module/Workflow/Login and Search Case For Workflow: Test Cases/Final Aug 2018 - PKS Automation/Registration Module/Workflow/Login and Search Case For Workflow

2018-12-17 17:35:45 - [TEST_STEP][PASSED] - navigateToUrl: Navigate to 'https://assist2-uat.perkeso.gov.my/login' successfully

2018-12-17 17:35:46 - [MESSAGE][PASSED] - Navigate to 'https://assist2-uat.perkeso.gov.my/login' successfully

2018-12-17 17:35:46 - [TEST_STEP][PASSED] - setText: Text 'johoruo2@gmail.com' is set on object 'Object Repository/Final Object Repo/Login Page/Internal User/Email Address'

2018-12-17 17:35:46 - [MESSAGE][PASSED] - Text 'johoruo2@gmail.com' is set on object 'Object Repository/Final Object Repo/Login Page/Internal User/Email Address'

2018-12-17 17:35:46 - [TEST_STEP][PASSED] - click: Object: 'Object Repository/Final Object Repo/Login Page/Internal User/Next Button' is clicked on

2018-12-17 17:35:46 - [MESSAGE][PASSED] - Object: 'Object Repository/Final Object Repo/Login Page/Internal User/Next Button' is clicked on

2018-12-17 17:35:46 - [TEST_STEP][PASSED] - delay: Delayed 1 second(s)

2018-12-17 17:35:47 - [MESSAGE][PASSED] - Delayed 1 second(s)

2018-12-17 17:35:47 - [TEST_STEP][PASSED] - setEncryptedText: Text ****** has been set on object 'Object Repository/Final Object Repo/Login Page/Internal User/Password'

2018-12-17 17:35:48 - [MESSAGE][PASSED] - Text ****** has been set on object 'Object Repository/Final Object Repo/Login Page/Internal User/Password'

2018-12-17 17:35:48 - [TEST_STEP][PASSED] - click: Object: 'Object Repository/Final Object Repo/Login Page/Internal User/Login Button' is clicked on

2018-12-17 17:35:48 - [MESSAGE][PASSED] - Object: 'Object Repository/Final Object Repo/Login Page/Internal User/Login Button' is clicked on

2018-12-17 17:35:48 - [TEST_STEP][PASSED] - delay: Delayed 2 second(s)

2018-12-17 17:35:50 - [MESSAGE][PASSED] - Delayed 2 second(s)

2018-12-17 17:35:50 - [TEST_STEP][PASSED] - Statement - Try: Delayed 2 second(s)

2018-12-17 17:35:50 - [TEST_STEP][PASSED] - Statement - Checker = false: null

2018-12-17 17:35:50 - [TEST_STEP][PASSED] - Statement - Checker = com.kms.katalon.core.webui.keyword.WebUiBuiltInKeywords.verifyElementHasAttribute(com.kms.katalon.core.testobject.ObjectRepository.findTestObject(Final Object Repo/Landing Page/BM Detecting), "href", 20, OPTIONAL): Object 'Object Repository/Final Object Repo/Landing Page/BM Detecting' has attribute 'href'

2018-12-17 17:35:50 - [MESSAGE][PASSED] - Object 'Object Repository/Final Object Repo/Landing Page/BM Detecting' has attribute 'href'

2018-12-17 17:35:50 - [TEST_STEP][PASSED] - Statement - out.println(Checker): null

2018-12-17 17:35:50 - [TEST_STEP][PASSED] - Statement - If (Checker == false): null

2018-12-17 17:35:50 - [TEST_STEP][PASSED] - Statement - Else: null

2018-12-17 17:35:50 - [TEST_STEP][PASSED] - delay: Delayed 2 second(s)

2018-12-17 17:35:52 - [MESSAGE][PASSED] - Delayed 2 second(s)

2018-12-17 17:35:52 - [TEST_STEP][PASSED] - click: Object: 'Object Repository/Final Object Repo/Page_MyASSIST - ASSIST - Search Pending Case For Add Supporting Document/Search Information' is clicked on

2018-12-17 17:35:52 - [MESSAGE][PASSED] - Object: 'Object Repository/Final Object Repo/Page_MyASSIST - ASSIST - Search Pending Case For Add Supporting Document/Search Information' is clicked on

2018-12-17 17:35:52 - [TEST_STEP][PASSED] - delay: Delayed 3 second(s)

2018-12-17 17:35:55 - [MESSAGE][PASSED] - Delayed 3 second(s)

2018-12-17 17:35:55 - [TEST_STEP][PASSED] - sendKeys: Keys 'ERN122018C200002493' sent to object: 'Object Repository/Final Object Repo/Page_MyASSIST - ASSIST - Search Pending Case For Add Supporting Document/Reference No'

2018-12-17 17:35:55 - [MESSAGE][PASSED] - Keys 'ERN122018C200002493' sent to object: 'Object Repository/Final Object Repo/Page_MyASSIST - ASSIST - Search Pending Case For Add Supporting Document/Reference No'

2018-12-17 17:35:55 - [TEST_STEP][PASSED] - click: Object: 'Object Repository/Final Object Repo/Page_MyASSIST - ASSIST - Search Pending Case For Add Supporting Document/Search Reference No' is clicked on

2018-12-17 17:35:55 - [MESSAGE][PASSED] - Object: 'Object Repository/Final Object Repo/Page_MyASSIST - ASSIST - Search Pending Case For Add Supporting Document/Search Reference No' is clicked on

2018-12-17 17:35:55 - [TEST_STEP][PASSED] - delay: Delayed 2 second(s)

2018-12-17 17:35:57 - [MESSAGE][PASSED] - Delayed 2 second(s)

2018-12-17 17:35:57 - [TEST_STEP][PASSED] - click: Object: 'Object Repository/Final Object Repo/Page_MyASSIST - ASSIST - Search Pending Case For Add Supporting Document/Continue' is clicked on

2018-12-17 17:36:00 - [MESSAGE][PASSED] - Object: 'Object Repository/Final Object Repo/Page_MyASSIST - ASSIST - Search Pending Case For Add Supporting Document/Continue' is clicked on

2018-12-17 17:36:00 - [TEST_STEP][PASSED] - delay: Delayed 20 second(s)

2018-12-17 17:36:20 - [MESSAGE][PASSED] - Delayed 20 second(s)

2018-12-17 17:36:20 - [MESSAGE][PASSED] - Call Test Case 'Test Cases/Final Aug 2018 - PKS Automation/Registration Module/Workflow/Login and Search Case For Workflow' successfully

2018-12-17 17:36:20 - [TEST_STEP][PASSED] - navigateToUrl: Navigate to 'https://assist2-uat.perkeso.gov.my/web/registration/eis-update/form-3-eis-cessation-as-employer?p_p_id=searchforemployersip_WAR_registrationportlet&p_p_lifecycle=0&_searchforemployersip_WAR_registrationportlet_regViewKey=87&_searchforemployersip_WAR_registrationportlet_browserIdKey=1536115932192&_searchforemployersip_WAR_registrationportlet_tempEmployerIdKey=128990&_searchforemployersip_WAR_registrationportlet_employerIdKey=&_searchforemployersip_WAR_registrationportlet_refCaseNo=ERN092018C200002133&_searchforemployersip_WAR_registrationportlet_mvcPath=%2Fapps%2Freg%2Fdiscontinue_business_sip%2Fdiscontinue_business_sip_form.jsp&_searchforemployersip_WAR_registrationportlet_regSectionKey=215' successfully

2018-12-17 17:36:24 - [MESSAGE][PASSED] - Navigate to 'https://assist2-uat.perkeso.gov.my/web/registration/eis-update/form-3-eis-cessation-as-employer?p_p_id=searchforemployersip_WAR_registrationportlet&p_p_lifecycle=0&_searchforemployersip_WAR_registrationportlet_regViewKey=87&_searchforemployersip_WAR_registrationportlet_browserIdKey=1536115932192&_searchforemployersip_WAR_registrationportlet_tempEmployerIdKey=128990&_searchforemployersip_WAR_registrationportlet_employerIdKey=&_searchforemployersip_WAR_registrationportlet_refCaseNo=ERN092018C200002133&_searchforemployersip_WAR_registrationportlet_mvcPath=%2Fapps%2Freg%2Fdiscontinue_business_sip%2Fdiscontinue_business_sip_form.jsp&_searchforemployersip_WAR_registrationportlet_regSectionKey=215' successfully

2018-12-17 17:36:24 - [TEST_STEP][PASSED] - delay: Delayed 10 second(s)

2018-12-17 17:36:34 - [MESSAGE][PASSED] - Delayed 10 second(s)

2018-12-17 17:36:34 - [TEST_STEP][PASSED] - click: Object: 'Object Repository/Final Object Repo/Page_Form 3 EIS - Cessation as Employer/Page_Form 3 EIS - Cessation as Employer (Query - OTC - UO)/Next' is clicked on

2018-12-17 17:36:35 - [MESSAGE][PASSED] - Object: 'Object Repository/Final Object Repo/Page_Form 3 EIS - Cessation as Employer/Page_Form 3 EIS - Cessation as Employer (Query - OTC - UO)/Next' is clicked on

2018-12-17 17:36:35 - [TEST_STEP][PASSED] - delay: Delayed 2 second(s)

2018-12-17 17:36:37 - [MESSAGE][PASSED] - Delayed 2 second(s)

2018-12-17 17:36:37 - [TEST_STEP][PASSED] - click: Object: 'Object Repository/Final Object Repo/Page_Form 3 EIS - Cessation as Employer/Page_Form 3 EIS - Cessation as Employer (Query - OTC - UO)/Next in Resigned Page' is clicked on

2018-12-17 17:36:40 - [MESSAGE][PASSED] - Object: 'Object Repository/Final Object Repo/Page_Form 3 EIS - Cessation as Employer/Page_Form 3 EIS - Cessation as Employer (Query - OTC - UO)/Next in Resigned Page' is clicked on

2018-12-17 17:36:40 - [TEST_STEP][PASSED] - delay: Delayed 2 second(s)

2018-12-17 17:36:42 - [MESSAGE][PASSED] - Delayed 2 second(s)

2018-12-17 17:36:42 - [TEST_STEP][PASSED] - click: Object: 'Object Repository/Final Object Repo/Page_Form 3 EIS - Cessation as Employer/Page_Form 3 EIS - Cessation as Employer (Query - OTC - UO)/Add Document' is clicked on

2018-12-17 17:36:43 - [MESSAGE][PASSED] - Object: 'Object Repository/Final Object Repo/Page_Form 3 EIS - Cessation as Employer/Page_Form 3 EIS - Cessation as Employer (Query - OTC - UO)/Add Document' is clicked on

2018-12-17 17:36:43 - [TEST_STEP][PASSED] - delay: Delayed 2 second(s)

2018-12-17 17:36:45 - [MESSAGE][PASSED] - Delayed 2 second(s)

2018-12-17 17:36:45 - [TEST_STEP][PASSED] - click: Object: 'Object Repository/Final Object Repo/Page_Form 3 EIS - Cessation as Employer/Page_Form 3 EIS - Cessation as Employer (Query - OTC - UO)/Document Type' is clicked on

2018-12-17 17:36:45 - [MESSAGE][PASSED] - Object: 'Object Repository/Final Object Repo/Page_Form 3 EIS - Cessation as Employer/Page_Form 3 EIS - Cessation as Employer (Query - OTC - UO)/Document Type' is clicked on

2018-12-17 17:36:45 - [TEST_STEP][PASSED] - delay: Delayed 2 second(s)

2018-12-17 17:36:47 - [MESSAGE][PASSED] - Delayed 2 second(s)

2018-12-17 17:36:47 - [TEST_STEP][PASSED] - click: Object: 'Object Repository/Final Object Repo/Page_Form 3 EIS - Cessation as Employer/Page_Form 3 EIS - Cessation as Employer (Query - OTC - UO)/Document Type - Others' is clicked on

2018-12-17 17:36:48 - [MESSAGE][PASSED] - Object: 'Object Repository/Final Object Repo/Page_Form 3 EIS - Cessation as Employer/Page_Form 3 EIS - Cessation as Employer (Query - OTC - UO)/Document Type - Others' is clicked on

2018-12-17 17:36:48 - [TEST_STEP][PASSED] - delay: Delayed 2 second(s)

2018-12-17 17:36:50 - [MESSAGE][PASSED] - Delayed 2 second(s)

2018-12-17 17:36:50 - [TEST_STEP][PASSED] - sendKeys: Keys 'C:\Users\Public\Pictures\Sample Pictures\Koala.jpg' sent to object: 'Object Repository/Final Object Repo/Page_Form 3 EIS - Cessation as Employer/Page_Form 3 EIS - Cessation as Employer (Query - OTC - UO)/ploading File'

2018-12-17 17:36:50 - [MESSAGE][PASSED] - Keys 'C:\Users\Public\Pictures\Sample Pictures\Koala.jpg' sent to object: 'Object Repository/Final Object Repo/Page_Form 3 EIS - Cessation as Employer/Page_Form 3 EIS - Cessation as Employer (Query - OTC - UO)/ploading File'

2018-12-17 17:36:50 - [TEST_STEP][PASSED] - delay: Delayed 2 second(s)

2018-12-17 17:36:52 - [MESSAGE][PASSED] - Delayed 2 second(s)

2018-12-17 17:36:52 - [TEST_STEP][PASSED] - click: Object: 'Object Repository/Final Object Repo/Page_Form 3 EIS - Cessation as Employer/Page_Form 3 EIS - Cessation as Employer (Query - OTC - UO)/Add Document in Uploading Page' is clicked on

2018-12-17 17:36:52 - [MESSAGE][PASSED] - Object: 'Object Repository/Final Object Repo/Page_Form 3 EIS - Cessation as Employer/Page_Form 3 EIS - Cessation as Employer (Query - OTC - UO)/Add Document in Uploading Page' is clicked on

2018-12-17 17:36:52 - [TEST_STEP][PASSED] - delay: Delayed 2 second(s)

2018-12-17 17:36:54 - [MESSAGE][PASSED] - Delayed 2 second(s)

2018-12-17 17:36:54 - [TEST_STEP][PASSED] - click: Object: 'Object Repository/Final Object Repo/Page_Form 3 EIS - Cessation as Employer/Page_Form 3 EIS - Cessation as Employer (Query - OTC - UO)/Exit' is clicked on

2018-12-17 17:36:57 - [MESSAGE][PASSED] - Object: 'Object Repository/Final Object Repo/Page_Form 3 EIS - Cessation as Employer/Page_Form 3 EIS - Cessation as Employer (Query - OTC - UO)/Exit' is clicked on

2018-12-17 17:36:57 - [TEST_STEP][PASSED] - delay: Delayed 1 second(s)

2018-12-17 17:36:58 - [MESSAGE][PASSED] - Delayed 1 second(s)

2018-12-17 17:36:58 - [TEST_STEP][PASSED] - navigateToUrl: Navigate to 'https://assist2-uat.perkeso.gov.my/c/portal/logout' successfully

2018-12-17 17:36:58 - [MESSAGE][PASSED] - Navigate to 'https://assist2-uat.perkeso.gov.my/c/portal/logout' successfully

2018-12-17 17:36:58 - [TEST_STEP][PASSED] - delay: Delayed 1 second(s)

2018-12-17 17:36:59 - [MESSAGE][PASSED] - Delayed 1 second(s)

2018-12-17 17:36:59 - [TEST_STEP][PASSED] - callTestCase: Call Test Case 'Test Cases/Final Aug 2018 - PKS Automation/Registration Module/Workflow/Login and Search Case For Workflow' successfully

2018-12-17 17:36:59 - [TEST_CASE][PASSED] - Test Cases/Final Aug 2018 - PKS Automation/Registration Module/Workflow/Login and Search Case For Workflow: Test Cases/Final Aug 2018 - PKS Automation/Registration Module/Workflow/Login and Search Case For Workflow

2018-12-17 17:36:59 - [TEST_STEP][PASSED] - navigateToUrl: Navigate to 'https://assist2-uat.perkeso.gov.my/login' successfully

2018-12-17 17:37:00 - [MESSAGE][PASSED] - Navigate to 'https://assist2-uat.perkeso.gov.my/login' successfully

2018-12-17 17:37:00 - [TEST_STEP][PASSED] - setText: Text 'johoruo2@gmail.com' is set on object 'Object Repository/Final Object Repo/Login Page/Internal User/Email Address'

2018-12-17 17:37:00 - [MESSAGE][PASSED] - Text 'johoruo2@gmail.com' is set on object 'Object Repository/Final Object Repo/Login Page/Internal User/Email Address'

2018-12-17 17:37:00 - [TEST_STEP][PASSED] - click: Object: 'Object Repository/Final Object Repo/Login Page/Internal User/Next Button' is clicked on

2018-12-17 17:37:00 - [MESSAGE][PASSED] - Object: 'Object Repository/Final Object Repo/Login Page/Internal User/Next Button' is clicked on

2018-12-17 17:37:00 - [TEST_STEP][PASSED] - delay: Delayed 1 second(s)

2018-12-17 17:37:01 - [MESSAGE][PASSED] - Delayed 1 second(s)

2018-12-17 17:37:01 - [TEST_STEP][PASSED] - setEncryptedText: Text ****** has been set on object 'Object Repository/Final Object Repo/Login Page/Internal User/Password'

2018-12-17 17:37:02 - [MESSAGE][PASSED] - Text ****** has been set on object 'Object Repository/Final Object Repo/Login Page/Internal User/Password'

2018-12-17 17:37:02 - [TEST_STEP][PASSED] - click: Object: 'Object Repository/Final Object Repo/Login Page/Internal User/Login Button' is clicked on

2018-12-17 17:37:02 - [MESSAGE][PASSED] - Object: 'Object Repository/Final Object Repo/Login Page/Internal User/Login Button' is clicked on

2018-12-17 17:37:02 - [TEST_STEP][PASSED] - delay: Delayed 2 second(s)

2018-12-17 17:37:04 - [MESSAGE][PASSED] - Delayed 2 second(s)

2018-12-17 17:37:04 - [TEST_STEP][PASSED] - Statement - Try: Delayed 2 second(s)

2018-12-17 17:37:04 - [TEST_STEP][PASSED] - Statement - Checker = false: null

2018-12-17 17:37:04 - [TEST_STEP][PASSED] - Statement - Checker = com.kms.katalon.core.webui.keyword.WebUiBuiltInKeywords.verifyElementHasAttribute(com.kms.katalon.core.testobject.ObjectRepository.findTestObject(Final Object Repo/Landing Page/BM Detecting), "href", 20, OPTIONAL): Object 'Object Repository/Final Object Repo/Landing Page/BM Detecting' has attribute 'href'

2018-12-17 17:37:04 - [MESSAGE][PASSED] - Object 'Object Repository/Final Object Repo/Landing Page/BM Detecting' has attribute 'href'

2018-12-17 17:37:04 - [TEST_STEP][PASSED] - Statement - out.println(Checker): null

2018-12-17 17:37:04 - [TEST_STEP][PASSED] - Statement - If (Checker == false): null

2018-12-17 17:37:04 - [TEST_STEP][PASSED] - Statement - Else: null

2018-12-17 17:37:04 - [TEST_STEP][PASSED] - delay: Delayed 2 second(s)

2018-12-17 17:37:06 - [MESSAGE][PASSED] - Delayed 2 second(s)

2018-12-17 17:37:06 - [TEST_STEP][PASSED] - click: Object: 'Object Repository/Final Object Repo/Page_MyASSIST - ASSIST - Search Pending Case For Add Supporting Document/Search Information' is clicked on

2018-12-17 17:37:06 - [MESSAGE][PASSED] - Object: 'Object Repository/Final Object Repo/Page_MyASSIST - ASSIST - Search Pending Case For Add Supporting Document/Search Information' is clicked on

2018-12-17 17:37:06 - [TEST_STEP][PASSED] - delay: Delayed 3 second(s)

2018-12-17 17:37:09 - [MESSAGE][PASSED] - Delayed 3 second(s)

2018-12-17 17:37:09 - [TEST_STEP][PASSED] - sendKeys: Keys 'ERN122018C200002493' sent to object: 'Object Repository/Final Object Repo/Page_MyASSIST - ASSIST - Search Pending Case For Add Supporting Document/Reference No'

2018-12-17 17:37:09 - [MESSAGE][PASSED] - Keys 'ERN122018C200002493' sent to object: 'Object Repository/Final Object Repo/Page_MyASSIST - ASSIST - Search Pending Case For Add Supporting Document/Reference No'

2018-12-17 17:37:09 - [TEST_STEP][PASSED] - click: Object: 'Object Repository/Final Object Repo/Page_MyASSIST - ASSIST - Search Pending Case For Add Supporting Document/Search Reference No' is clicked on

2018-12-17 17:37:10 - [MESSAGE][PASSED] - Object: 'Object Repository/Final Object Repo/Page_MyASSIST - ASSIST - Search Pending Case For Add Supporting Document/Search Reference No' is clicked on

2018-12-17 17:37:10 - [TEST_STEP][PASSED] - delay: Delayed 2 second(s)

2018-12-17 17:37:12 - [MESSAGE][PASSED] - Delayed 2 second(s)

2018-12-17 17:37:12 - [TEST_STEP][PASSED] - click: Object: 'Object Repository/Final Object Repo/Page_MyASSIST - ASSIST - Search Pending Case For Add Supporting Document/Continue' is clicked on

2018-12-17 17:37:14 - [MESSAGE][PASSED] - Object: 'Object Repository/Final Object Repo/Page_MyASSIST - ASSIST - Search Pending Case For Add Supporting Document/Continue' is clicked on

2018-12-17 17:37:14 - [TEST_STEP][PASSED] - delay: Delayed 20 second(s)

2018-12-17 17:37:34 - [MESSAGE][PASSED] - Delayed 20 second(s)

2018-12-17 17:37:34 - [MESSAGE][PASSED] - Call Test Case 'Test Cases/Final Aug 2018 - PKS Automation/Registration Module/Workflow/Login and Search Case For Workflow' successfully

2018-12-17 17:37:34 - [TEST_STEP][PASSED] - click: Object: 'Object Repository/Final Object Repo/Page_Form 3 EIS - Cessation as Employer/Page_Form 3 EIS - Cessation as Employer (Approve)/Save  Continue in Form 3 Page' is clicked on

2018-12-17 17:37:35 - [MESSAGE][PASSED] - Object: 'Object Repository/Final Object Repo/Page_Form 3 EIS - Cessation as Employer/Page_Form 3 EIS - Cessation as Employer (Approve)/Save  Continue in Form 3 Page' is clicked on

2018-12-17 17:37:35 - [TEST_STEP][PASSED] - delay: Delayed 2 second(s)

2018-12-17 17:37:37 - [MESSAGE][PASSED] - Delayed 2 second(s)

2018-12-17 17:37:37 - [TEST_STEP][PASSED] - click: Object: 'Object Repository/Final Object Repo/Page_Form 3 EIS - Cessation as Employer/Page_Form 3 EIS - Cessation as Employer (Approve)/Save  Continue in Resigned Page' is clicked on

2018-12-17 17:37:37 - [MESSAGE][PASSED] - Object: 'Object Repository/Final Object Repo/Page_Form 3 EIS - Cessation as Employer/Page_Form 3 EIS - Cessation as Employer (Approve)/Save  Continue in Resigned Page' is clicked on

2018-12-17 17:37:37 - [TEST_STEP][PASSED] - delay: Delayed 2 second(s)

2018-12-17 17:37:39 - [MESSAGE][PASSED] - Delayed 2 second(s)

2018-12-17 17:37:39 - [TEST_STEP][PASSED] - click: Object: 'Object Repository/Final Object Repo/Page_Form 3 EIS - Cessation as Employer/Page_Form 3 EIS - Cessation as Employer (Approve)/Save  Continue in Uploading Page' is clicked on

2018-12-17 17:37:40 - [MESSAGE][PASSED] - Object: 'Object Repository/Final Object Repo/Page_Form 3 EIS - Cessation as Employer/Page_Form 3 EIS - Cessation as Employer (Approve)/Save  Continue in Uploading Page' is clicked on

2018-12-17 17:37:40 - [TEST_STEP][PASSED] - delay: Delayed 2 second(s)

2018-12-17 17:37:42 - [MESSAGE][PASSED] - Delayed 2 second(s)

2018-12-17 17:37:42 - [TEST_STEP][PASSED] - click: Object: 'Object Repository/Final Object Repo/Page_Form 3 EIS - Cessation as Employer/Page_Form 3 EIS - Cessation as Employer (Reject)/Reject' is clicked on

2018-12-17 17:37:44 - [MESSAGE][PASSED] - Object: 'Object Repository/Final Object Repo/Page_Form 3 EIS - Cessation as Employer/Page_Form 3 EIS - Cessation as Employer (Reject)/Reject' is clicked on

2018-12-17 17:37:44 - [TEST_STEP][PASSED] - delay: Delayed 2 second(s)

2018-12-17 17:37:46 - [MESSAGE][PASSED] - Delayed 2 second(s)

2018-12-17 17:37:46 - [TEST_STEP][PASSED] - click: Object: 'Object Repository/Final Object Repo/Page_Form 3 EIS - Cessation as Employer/Page_Form 3 EIS - Cessation as Employer (Reject)/Confirm' is clicked on

2018-12-17 17:37:47 - [MESSAGE][PASSED] - Object: 'Object Repository/Final Object Repo/Page_Form 3 EIS - Cessation as Employer/Page_Form 3 EIS - Cessation as Employer (Reject)/Confirm' is clicked on

2018-12-17 17:37:47 - [TEST_STEP][PASSED] - delay: Delayed 2 second(s)

2018-12-17 17:37:49 - [MESSAGE][PASSED] - Delayed 2 second(s)

2018-12-17 17:37:49 - [TEST_STEP][PASSED] - click: Object: 'Object Repository/Final Object Repo/Page_Form 3 EIS - Cessation as Employer/Page_Form 3 EIS - Cessation as Employer (Reject)/Message This Case has been Rejected' is clicked on

2018-12-17 17:37:52 - [MESSAGE][PASSED] - Object: 'Object Repository/Final Object Repo/Page_Form 3 EIS - Cessation as Employer/Page_Form 3 EIS - Cessation as Employer (Reject)/Message This Case has been Rejected' is clicked on

2018-12-17 17:37:52 - [TEST_STEP][PASSED] - click: Object: 'Object Repository/Final Object Repo/Page_Form 3 EIS - Cessation as Employer/Page_Form 3 EIS - Cessation as Employer (Reject)/Letter of update rejection' is clicked on

2018-12-17 17:37:53 - [MESSAGE][PASSED] - Object: 'Object Repository/Final Object Repo/Page_Form 3 EIS - Cessation as Employer/Page_Form 3 EIS - Cessation as Employer (Reject)/Letter of update rejection' is clicked on

2018-12-17 17:37:53 - [MESSAGE][PASSED] - Call Test Case 'Test Cases/Final Aug 2018 - PKS Automation/Registration Module/Workflow/Form 3 EIS - Cessation As Employer/Template/Form 3 A - Cessation As Employer (Query)' successfully]]></system-out>
         <system-err><![CDATA[]]></system-err>
      </testcase>
      <testcase name="Test Cases/Final Aug 2018 - PKS Automation/Registration Module/Workflow/Form 3 EIS - Cessation As Employer/PKRBO to UO (Reject)" classname="Test Cases/Final Aug 2018 - PKS Automation/Registration Module/Workflow/Form 3 EIS - Cessation As Employer/PKRBO to UO (Reject)" status="PASSED">
         <system-out><![CDATA[2018-12-17 17:37:53 - [TEST_CASE][PASSED] - Test Cases/Final Aug 2018 - PKS Automation/Registration Module/Workflow/Form 3 EIS - Cessation As Employer/PKRBO to UO (Reject): Test Cases/Final Aug 2018 - PKS Automation/Registration Module/Workflow/Form 3 EIS - Cessation As Employer/PKRBO to UO (Reject)

2018-12-17 17:37:53 - [TEST_STEP][PASSED] - callTestCase: Call Test Case 'Test Cases/Final Aug 2018 - PKS Automation/Registration Module/Workflow/Form 3 EIS - Cessation As Employer/Template/Form 3 A - Cessation As Employer (PKRBO)' successfully

2018-12-17 17:37:53 - [TEST_CASE][PASSED] - Test Cases/Final Aug 2018 - PKS Automation/Registration Module/Workflow/Form 3 EIS - Cessation As Employer/Template/Form 3 A - Cessation As Employer (PKRBO): Test Cases/Final Aug 2018 - PKS Automation/Registration Module/Workflow/Form 3 EIS - Cessation As Employer/Template/Form 3 A - Cessation As Employer (PKRBO)

2018-12-17 17:37:53 - [TEST_STEP][PASSED] - openBrowser: Browser is opened with url: ''

2018-12-17 17:37:53 - [MESSAGE][WARNING] - A browser is already opened. Closing browser and opening a new one

2018-12-17 17:37:56 - [MESSAGE][PASSED] - Browser is opened with url: ''

2018-12-17 17:37:56 - [TEST_STEP][PASSED] - navigateToUrl: Navigate to 'https://assist2-uat.perkeso.gov.my/login' successfully

2018-12-17 17:37:57 - [MESSAGE][PASSED] - Navigate to 'https://assist2-uat.perkeso.gov.my/login' successfully

2018-12-17 17:37:57 - [TEST_STEP][PASSED] - setText: Text 'johorpkrbo1@gmail.com' is set on object 'Object Repository/Final Object Repo/Login Page/Internal User/Email Address'

2018-12-17 17:37:57 - [MESSAGE][PASSED] - Text 'johorpkrbo1@gmail.com' is set on object 'Object Repository/Final Object Repo/Login Page/Internal User/Email Address'

2018-12-17 17:37:57 - [TEST_STEP][PASSED] - click: Object: 'Object Repository/Final Object Repo/Login Page/Internal User/Next Button' is clicked on

2018-12-17 17:37:58 - [MESSAGE][PASSED] - Object: 'Object Repository/Final Object Repo/Login Page/Internal User/Next Button' is clicked on

2018-12-17 17:37:58 - [TEST_STEP][PASSED] - delay: Delayed 1 second(s)

2018-12-17 17:37:59 - [MESSAGE][PASSED] - Delayed 1 second(s)

2018-12-17 17:37:59 - [TEST_STEP][PASSED] - setEncryptedText: Text ****** has been set on object 'Object Repository/Final Object Repo/Login Page/Internal User/Password'

2018-12-17 17:37:59 - [MESSAGE][PASSED] - Text ****** has been set on object 'Object Repository/Final Object Repo/Login Page/Internal User/Password'

2018-12-17 17:37:59 - [TEST_STEP][PASSED] - click: Object: 'Object Repository/Final Object Repo/Login Page/Internal User/Login Button' is clicked on

2018-12-17 17:37:59 - [MESSAGE][PASSED] - Object: 'Object Repository/Final Object Repo/Login Page/Internal User/Login Button' is clicked on

2018-12-17 17:37:59 - [TEST_STEP][PASSED] - delay: Delayed 1 second(s)

2018-12-17 17:38:00 - [MESSAGE][PASSED] - Delayed 1 second(s)

2018-12-17 17:38:00 - [TEST_STEP][PASSED] - Statement - Try: Delayed 2 second(s)

2018-12-17 17:38:00 - [TEST_STEP][PASSED] - Statement - Checker = false: null

2018-12-17 17:38:00 - [TEST_STEP][PASSED] - Statement - Checker = com.kms.katalon.core.webui.keyword.WebUiBuiltInKeywords.verifyElementHasAttribute(com.kms.katalon.core.testobject.ObjectRepository.findTestObject(Final Object Repo/Landing Page/BM Detecting), "href", 20, OPTIONAL): Object 'Object Repository/Final Object Repo/Landing Page/BM Detecting' has attribute 'href'

2018-12-17 17:38:01 - [MESSAGE][PASSED] - Object 'Object Repository/Final Object Repo/Landing Page/BM Detecting' has attribute 'href'

2018-12-17 17:38:01 - [TEST_STEP][PASSED] - Statement - out.println(Checker): null

2018-12-17 17:38:01 - [TEST_STEP][PASSED] - Statement - If (Checker == false): null

2018-12-17 17:38:01 - [TEST_STEP][PASSED] - Statement - Else: null

2018-12-17 17:38:01 - [TEST_STEP][PASSED] - delay: Delayed 2 second(s)

2018-12-17 17:38:03 - [MESSAGE][PASSED] - Delayed 2 second(s)

2018-12-17 17:38:03 - [TEST_STEP][PASSED] - navigateToUrl: Navigate to 'https://assist2-uat.perkeso.gov.my/web/registration/eis-update/form-3-eis-cessation-as-employer' successfully

2018-12-17 17:38:04 - [MESSAGE][PASSED] - Navigate to 'https://assist2-uat.perkeso.gov.my/web/registration/eis-update/form-3-eis-cessation-as-employer' successfully

2018-12-17 17:38:04 - [TEST_STEP][PASSED] - delay: Delayed 1 second(s)

2018-12-17 17:38:05 - [MESSAGE][PASSED] - Delayed 1 second(s)

2018-12-17 17:38:05 - [TEST_STEP][PASSED] - setText: Text 'E1102069769W' is set on object 'Object Repository/Final Object Repo/Page_Form 3 EIS - Cessation as Employer/Employer Code'

2018-12-17 17:38:05 - [MESSAGE][PASSED] - Text 'E1102069769W' is set on object 'Object Repository/Final Object Repo/Page_Form 3 EIS - Cessation as Employer/Employer Code'

2018-12-17 17:38:05 - [TEST_STEP][PASSED] - click: Object: 'Object Repository/Final Object Repo/Page_Form 3 EIS - Cessation as Employer/Search' is clicked on

2018-12-17 17:38:05 - [MESSAGE][PASSED] - Object: 'Object Repository/Final Object Repo/Page_Form 3 EIS - Cessation as Employer/Search' is clicked on

2018-12-17 17:38:05 - [TEST_STEP][PASSED] - click: Object: 'Object Repository/Final Object Repo/Page_Form 3 EIS - Cessation as Employer/Edit' is clicked on

2018-12-17 17:38:08 - [MESSAGE][PASSED] - Object: 'Object Repository/Final Object Repo/Page_Form 3 EIS - Cessation as Employer/Edit' is clicked on

2018-12-17 17:38:08 - [TEST_STEP][PASSED] - delay: Delayed 1 second(s)

2018-12-17 17:38:09 - [MESSAGE][PASSED] - Delayed 1 second(s)

2018-12-17 17:38:09 - [TEST_STEP][PASSED] - Statement - abc = com.kms.katalon.core.webui.keyword.WebUiBuiltInKeywords.getAttribute(com.kms.katalon.core.testobject.ObjectRepository.findTestObject(Final Object Repo/Page_Form 3 EIS - Cessation as Employer/Employer Status), "value"): Attribute 'value' of object 'Object Repository/Final Object Repo/Page_Form 3 EIS - Cessation as Employer/Employer Status' is: 'Active'

2018-12-17 17:38:09 - [MESSAGE][PASSED] - Attribute 'value' of object 'Object Repository/Final Object Repo/Page_Form 3 EIS - Cessation as Employer/Employer Status' is: 'Active'

2018-12-17 17:38:09 - [TEST_STEP][PASSED] - Statement - out.println(abc): null

2018-12-17 17:38:09 - [TEST_STEP][PASSED] - Statement - If (abc == "Active"): Object: 'Object Repository/Final Object Repo/Page_Form 3 EIS - Cessation as Employer/Dormant EIS' is clicked on

2018-12-17 17:38:09 - [TEST_STEP][PASSED] - click: Object: 'Object Repository/Final Object Repo/Page_Form 3 EIS - Cessation as Employer/Change Employer Status to' is clicked on

2018-12-17 17:38:09 - [MESSAGE][PASSED] - Object: 'Object Repository/Final Object Repo/Page_Form 3 EIS - Cessation as Employer/Change Employer Status to' is clicked on

2018-12-17 17:38:09 - [TEST_STEP][PASSED] - click: Object: 'Object Repository/Final Object Repo/Page_Form 3 EIS - Cessation as Employer/Dormant EIS' is clicked on

2018-12-17 17:38:09 - [MESSAGE][PASSED] - Object: 'Object Repository/Final Object Repo/Page_Form 3 EIS - Cessation as Employer/Dormant EIS' is clicked on

2018-12-17 17:38:09 - [TEST_STEP][PASSED] - click: Object: 'Object Repository/Final Object Repo/Page_Form 3 EIS - Cessation as Employer/Calender' is clicked on

2018-12-17 17:38:09 - [MESSAGE][PASSED] - Object: 'Object Repository/Final Object Repo/Page_Form 3 EIS - Cessation as Employer/Calender' is clicked on

2018-12-17 17:38:09 - [TEST_STEP][PASSED] - delay: Delayed 1 second(s)

2018-12-17 17:38:10 - [MESSAGE][PASSED] - Delayed 1 second(s)

2018-12-17 17:38:10 - [TEST_STEP][PASSED] - click: Object: 'Object Repository/Final Object Repo/Page_Form 3 EIS - Cessation as Employer/Calender - Date' is clicked on

2018-12-17 17:38:10 - [MESSAGE][PASSED] - Object: 'Object Repository/Final Object Repo/Page_Form 3 EIS - Cessation as Employer/Calender - Date' is clicked on

2018-12-17 17:38:10 - [TEST_STEP][PASSED] - click: Object: 'Object Repository/Final Object Repo/Page_Form 3 EIS - Cessation as Employer/Save  Continue in Form 3 EIS Page' is clicked on

2018-12-17 17:38:11 - [MESSAGE][PASSED] - Object: 'Object Repository/Final Object Repo/Page_Form 3 EIS - Cessation as Employer/Save  Continue in Form 3 EIS Page' is clicked on

2018-12-17 17:38:11 - [TEST_STEP][PASSED] - delay: Delayed 1 second(s)

2018-12-17 17:38:12 - [MESSAGE][PASSED] - Delayed 1 second(s)

2018-12-17 17:38:12 - [TEST_STEP][PASSED] - click: Object: 'Object Repository/Final Object Repo/Page_Form 3 EIS - Cessation as Employer/Employment Resign Date' is clicked on

2018-12-17 17:38:12 - [MESSAGE][PASSED] - Object: 'Object Repository/Final Object Repo/Page_Form 3 EIS - Cessation as Employer/Employment Resign Date' is clicked on

2018-12-17 17:38:12 - [TEST_STEP][PASSED] - selectOptionByValue: All options with value '2030' are selected in object 'Object Repository/Final Object Repo/Page_Form 3 EIS - Cessation as Employer/Employment Resign Date - Year' 

2018-12-17 17:38:12 - [MESSAGE][PASSED] - All options with value '2030' are selected in object 'Object Repository/Final Object Repo/Page_Form 3 EIS - Cessation as Employer/Employment Resign Date - Year' 

2018-12-17 17:38:12 - [TEST_STEP][PASSED] - delay: Delayed 2 second(s)

2018-12-17 17:38:14 - [MESSAGE][PASSED] - Delayed 2 second(s)

2018-12-17 17:38:14 - [TEST_STEP][PASSED] - click: Object: 'Object Repository/Final Object Repo/Page_Form 3 EIS - Cessation as Employer/Employment Resign Date - Year - Date' is clicked on

2018-12-17 17:38:14 - [MESSAGE][PASSED] - Object: 'Object Repository/Final Object Repo/Page_Form 3 EIS - Cessation as Employer/Employment Resign Date - Year - Date' is clicked on

2018-12-17 17:38:14 - [TEST_STEP][PASSED] - delay: Delayed 2 second(s)

2018-12-17 17:38:16 - [MESSAGE][PASSED] - Delayed 2 second(s)

2018-12-17 17:38:16 - [TEST_STEP][PASSED] - click: Object: 'Object Repository/Final Object Repo/Page_Form 3 EIS - Cessation as Employer/Save  Continue in Employment Resign Page' is clicked on

2018-12-17 17:38:17 - [MESSAGE][PASSED] - Object: 'Object Repository/Final Object Repo/Page_Form 3 EIS - Cessation as Employer/Save  Continue in Employment Resign Page' is clicked on

2018-12-17 17:38:17 - [TEST_STEP][PASSED] - delay: Delayed 2 second(s)

2018-12-17 17:38:19 - [MESSAGE][PASSED] - Delayed 2 second(s)

2018-12-17 17:38:19 - [TEST_STEP][PASSED] - click: Object: 'Object Repository/Final Object Repo/Page_Form 3 EIS - Cessation as Employer/Set Latest - Yes' is clicked on

2018-12-17 17:38:19 - [MESSAGE][PASSED] - Object: 'Object Repository/Final Object Repo/Page_Form 3 EIS - Cessation as Employer/Set Latest - Yes' is clicked on

2018-12-17 17:38:19 - [TEST_STEP][PASSED] - delay: Delayed 2 second(s)

2018-12-17 17:38:21 - [MESSAGE][PASSED] - Delayed 2 second(s)

2018-12-17 17:38:21 - [TEST_STEP][PASSED] - click: Object: 'Object Repository/Final Object Repo/Page_Form 3 EIS - Cessation as Employer/Add Document' is clicked on

2018-12-17 17:38:22 - [MESSAGE][PASSED] - Object: 'Object Repository/Final Object Repo/Page_Form 3 EIS - Cessation as Employer/Add Document' is clicked on

2018-12-17 17:38:22 - [TEST_STEP][PASSED] - delay: Delayed 3 second(s)

2018-12-17 17:38:25 - [MESSAGE][PASSED] - Delayed 3 second(s)

2018-12-17 17:38:25 - [TEST_STEP][PASSED] - click: Object: 'Object Repository/Final Object Repo/Page_Form 3 EIS - Cessation as Employer/Document Type' is clicked on

2018-12-17 17:38:25 - [MESSAGE][PASSED] - Object: 'Object Repository/Final Object Repo/Page_Form 3 EIS - Cessation as Employer/Document Type' is clicked on

2018-12-17 17:38:25 - [TEST_STEP][PASSED] - click: Object: 'Object Repository/Final Object Repo/Page_Form 3 EIS - Cessation as Employer/Document Type - Form 3' is clicked on

2018-12-17 17:38:25 - [MESSAGE][PASSED] - Object: 'Object Repository/Final Object Repo/Page_Form 3 EIS - Cessation as Employer/Document Type - Form 3' is clicked on

2018-12-17 17:38:25 - [TEST_STEP][PASSED] - delay: Delayed 2 second(s)

2018-12-17 17:38:27 - [MESSAGE][PASSED] - Delayed 2 second(s)

2018-12-17 17:38:27 - [TEST_STEP][PASSED] - sendKeys: Keys 'C:\Users\Public\Pictures\Sample Pictures\Koala.jpg' sent to object: 'Object Repository/Final Object Repo/Page_Form 3 EIS - Cessation as Employer/ploading File'

2018-12-17 17:38:27 - [MESSAGE][PASSED] - Keys 'C:\Users\Public\Pictures\Sample Pictures\Koala.jpg' sent to object: 'Object Repository/Final Object Repo/Page_Form 3 EIS - Cessation as Employer/ploading File'

2018-12-17 17:38:27 - [TEST_STEP][PASSED] - delay: Delayed 1 second(s)

2018-12-17 17:38:28 - [MESSAGE][PASSED] - Delayed 1 second(s)

2018-12-17 17:38:28 - [TEST_STEP][PASSED] - click: Object: 'Object Repository/Final Object Repo/Page_Form 3 EIS - Cessation as Employer/Add Document in Uploading Page' is clicked on

2018-12-17 17:38:28 - [MESSAGE][PASSED] - Object: 'Object Repository/Final Object Repo/Page_Form 3 EIS - Cessation as Employer/Add Document in Uploading Page' is clicked on

2018-12-17 17:38:28 - [TEST_STEP][PASSED] - delay: Delayed 2 second(s)

2018-12-17 17:38:30 - [MESSAGE][PASSED] - Delayed 2 second(s)

2018-12-17 17:38:30 - [TEST_STEP][PASSED] - Statement - CaseReferenceNo = com.kms.katalon.core.webui.keyword.WebUiBuiltInKeywords.getText(com.kms.katalon.core.testobject.ObjectRepository.findTestObject(Final Object Repo/Page_Update Employer Information/Reference Number in Update Employee Information Page)): Text of object 'Object Repository/Final Object Repo/Page_Update Employer Information/Reference Number in Update Employee Information Page' is: 'ERN122018C200002494'

2018-12-17 17:38:32 - [MESSAGE][PASSED] - Text of object 'Object Repository/Final Object Repo/Page_Update Employer Information/Reference Number in Update Employee Information Page' is: 'ERN122018C200002494'

2018-12-17 17:38:32 - [TEST_STEP][PASSED] - callTestCase: Call Test Case 'Test Cases/Final Aug 2018 - PKS Automation/Common/Reference Number Setter' successfully

2018-12-17 17:38:32 - [TEST_CASE][PASSED] - Test Cases/Final Aug 2018 - PKS Automation/Common/Reference Number Setter: Test Cases/Final Aug 2018 - PKS Automation/Common/Reference Number Setter

2018-12-17 17:38:32 - [TEST_STEP][PASSED] - Statement - RefNoOldFile = new java.io.File(C://Users//Admin//Desktop//PKS//Automation Reference Point//KatalonReference.txt): null

2018-12-17 17:38:32 - [TEST_STEP][PASSED] - Statement - RefNoOldFile.delete(): null

2018-12-17 17:38:32 - [TEST_STEP][PASSED] - delay: Delayed 5 second(s)

2018-12-17 17:38:37 - [MESSAGE][PASSED] - Delayed 5 second(s)

2018-12-17 17:38:37 - [TEST_STEP][PASSED] - Statement - RefNo = new java.io.File(C://Users//Admin//Desktop//PKS//Automation Reference Point//KatalonReference.txt): null

2018-12-17 17:38:37 - [TEST_STEP][PASSED] - Statement - f2 = new java.io.FileWriter(RefNo, false): null

2018-12-17 17:38:37 - [TEST_STEP][PASSED] - Statement - f2.write(CaseReferenceNo): null

2018-12-17 17:38:37 - [TEST_STEP][PASSED] - Statement - f2.close(): null

2018-12-17 17:38:37 - [TEST_STEP][PASSED] - Statement - out.println("


" + CaseReferenceNo + "


"): null

2018-12-17 17:38:37 - [MESSAGE][PASSED] - Call Test Case 'Test Cases/Final Aug 2018 - PKS Automation/Common/Reference Number Setter' successfully

2018-12-17 17:38:37 - [TEST_STEP][PASSED] - delay: Delayed 2 second(s)

2018-12-17 17:38:39 - [MESSAGE][PASSED] - Delayed 2 second(s)

2018-12-17 17:38:39 - [TEST_STEP][PASSED] - click: Object: 'Object Repository/Final Object Repo/Page_Form 3 EIS - Cessation as Employer/Save  Continue in Uploading Page' is clicked on

2018-12-17 17:38:40 - [MESSAGE][PASSED] - Object: 'Object Repository/Final Object Repo/Page_Form 3 EIS - Cessation as Employer/Save  Continue in Uploading Page' is clicked on

2018-12-17 17:38:40 - [TEST_STEP][PASSED] - delay: Delayed 2 second(s)

2018-12-17 17:38:42 - [MESSAGE][PASSED] - Delayed 2 second(s)

2018-12-17 17:38:42 - [TEST_STEP][PASSED] - click: Object: 'Object Repository/Final Object Repo/Page_Form 3 EIS - Cessation as Employer/Submit' is clicked on

2018-12-17 17:38:45 - [MESSAGE][PASSED] - Object: 'Object Repository/Final Object Repo/Page_Form 3 EIS - Cessation as Employer/Submit' is clicked on

2018-12-17 17:38:45 - [TEST_STEP][PASSED] - delay: Delayed 2 second(s)

2018-12-17 17:38:47 - [MESSAGE][PASSED] - Delayed 2 second(s)

2018-12-17 17:38:47 - [TEST_STEP][PASSED] - click: Object: 'Object Repository/Final Object Repo/Page_Form 3 EIS - Cessation as Employer/Confirm' is clicked on

2018-12-17 17:38:47 - [MESSAGE][PASSED] - Object: 'Object Repository/Final Object Repo/Page_Form 3 EIS - Cessation as Employer/Confirm' is clicked on

2018-12-17 17:38:47 - [TEST_STEP][PASSED] - delay: Delayed 2 second(s)

2018-12-17 17:38:49 - [MESSAGE][PASSED] - Delayed 2 second(s)

2018-12-17 17:38:49 - [TEST_STEP][PASSED] - click: Object: 'Object Repository/Final Object Repo/Page_Form 3 EIS - Cessation as Employer/Message Your Request will be routed to UO' is clicked on

2018-12-17 17:38:53 - [MESSAGE][PASSED] - Object: 'Object Repository/Final Object Repo/Page_Form 3 EIS - Cessation as Employer/Message Your Request will be routed to UO' is clicked on

2018-12-17 17:38:53 - [TEST_STEP][PASSED] - click: Object: 'Object Repository/Final Object Repo/Page_Form 3 EIS - Cessation as Employer/Letter of acknowledgement' is clicked on

2018-12-17 17:38:53 - [MESSAGE][PASSED] - Object: 'Object Repository/Final Object Repo/Page_Form 3 EIS - Cessation as Employer/Letter of acknowledgement' is clicked on

2018-12-17 17:38:53 - [MESSAGE][PASSED] - Call Test Case 'Test Cases/Final Aug 2018 - PKS Automation/Registration Module/Workflow/Form 3 EIS - Cessation As Employer/Template/Form 3 A - Cessation As Employer (PKRBO)' successfully

2018-12-17 17:38:53 - [TEST_STEP][PASSED] - callTestCase: Call Test Case 'Test Cases/Final Aug 2018 - PKS Automation/Registration Module/Workflow/Form 3 EIS - Cessation As Employer/Template/Form 3 A - Cessation As Employer (Reject)' successfully

2018-12-17 17:38:53 - [TEST_CASE][PASSED] - Test Cases/Final Aug 2018 - PKS Automation/Registration Module/Workflow/Form 3 EIS - Cessation As Employer/Template/Form 3 A - Cessation As Employer (Reject): Test Cases/Final Aug 2018 - PKS Automation/Registration Module/Workflow/Form 3 EIS - Cessation As Employer/Template/Form 3 A - Cessation As Employer (Reject)

2018-12-17 17:38:53 - [TEST_STEP][NOT_RUN] - callTestCase: NOT_RUN: callTestCase

2018-12-17 17:38:53 - [MESSAGE][NOT_RUN] - NOT_RUN: callTestCase

2018-12-17 17:38:53 - [TEST_STEP][PASSED] - delay: Delayed 1 second(s)

2018-12-17 17:38:54 - [MESSAGE][PASSED] - Delayed 1 second(s)

2018-12-17 17:38:54 - [TEST_STEP][PASSED] - navigateToUrl: Navigate to 'https://assist2-uat.perkeso.gov.my/c/portal/logout' successfully

2018-12-17 17:38:55 - [MESSAGE][PASSED] - Navigate to 'https://assist2-uat.perkeso.gov.my/c/portal/logout' successfully

2018-12-17 17:38:55 - [TEST_STEP][PASSED] - delay: Delayed 1 second(s)

2018-12-17 17:38:56 - [MESSAGE][PASSED] - Delayed 1 second(s)

2018-12-17 17:38:56 - [TEST_STEP][PASSED] - callTestCase: Call Test Case 'Test Cases/Final Aug 2018 - PKS Automation/Common/Reference Number Getter' successfully

2018-12-17 17:38:56 - [TEST_CASE][PASSED] - Test Cases/Final Aug 2018 - PKS Automation/Common/Reference Number Getter: Test Cases/Final Aug 2018 - PKS Automation/Common/Reference Number Getter

2018-12-17 17:38:56 - [TEST_STEP][PASSED] - Statement - Try: null

2018-12-17 17:38:56 - [TEST_STEP][PASSED] - Statement - RefNo = new java.io.File(C://Users//Admin//Desktop//PKS//Automation Reference Point//KatalonReference.txt): null

2018-12-17 17:38:56 - [TEST_STEP][PASSED] - Statement - bufferread = new java.io.BufferedReader(new java.io.FileReader(RefNo)): null

2018-12-17 17:38:56 - [TEST_STEP][PASSED] - Statement - readedVal = bufferread.readLine(): null

2018-12-17 17:38:56 - [TEST_STEP][PASSED] - Statement - out.println(CaseReferenceNo): null

2018-12-17 17:38:56 - [TEST_STEP][PASSED] - Statement - out.println(readedVal): null

2018-12-17 17:38:56 - [TEST_STEP][PASSED] - Statement - CaseReferenceNo = "": null

2018-12-17 17:38:56 - [TEST_STEP][PASSED] - Statement - CaseReferenceNo = readedVal: null

2018-12-17 17:38:56 - [MESSAGE][PASSED] - Call Test Case 'Test Cases/Final Aug 2018 - PKS Automation/Common/Reference Number Getter' successfully

2018-12-17 17:38:56 - [TEST_STEP][PASSED] - callTestCase: Call Test Case 'Test Cases/Final Aug 2018 - PKS Automation/Common/Workflow Owner Finder' successfully

2018-12-17 17:38:56 - [TEST_CASE][PASSED] - Test Cases/Final Aug 2018 - PKS Automation/Common/Workflow Owner Finder: Test Cases/Final Aug 2018 - PKS Automation/Common/Workflow Owner Finder

2018-12-17 17:38:56 - [TEST_STEP][PASSED] - openBrowser: Browser is opened with url: ''

2018-12-17 17:38:56 - [MESSAGE][WARNING] - A browser is already opened. Closing browser and opening a new one

2018-12-17 17:38:59 - [MESSAGE][PASSED] - Browser is opened with url: ''

2018-12-17 17:38:59 - [TEST_STEP][PASSED] - navigateToUrl: Navigate to 'https://assist2-uat.perkeso.gov.my/login' successfully

2018-12-17 17:39:00 - [MESSAGE][PASSED] - Navigate to 'https://assist2-uat.perkeso.gov.my/login' successfully

2018-12-17 17:39:00 - [TEST_STEP][PASSED] - delay: Delayed 5 second(s)

2018-12-17 17:39:05 - [MESSAGE][PASSED] - Delayed 5 second(s)

2018-12-17 17:39:05 - [TEST_STEP][PASSED] - setText: Text 'test@liferay.com' is set on object 'Object Repository/Final Object Repo/Login Page/Internal User/Email Address'

2018-12-17 17:39:06 - [MESSAGE][PASSED] - Text 'test@liferay.com' is set on object 'Object Repository/Final Object Repo/Login Page/Internal User/Email Address'

2018-12-17 17:39:06 - [TEST_STEP][PASSED] - click: Object: 'Object Repository/Final Object Repo/Login Page/Internal User/Next Button' is clicked on

2018-12-17 17:39:06 - [MESSAGE][PASSED] - Object: 'Object Repository/Final Object Repo/Login Page/Internal User/Next Button' is clicked on

2018-12-17 17:39:06 - [TEST_STEP][PASSED] - delay: Delayed 2 second(s)

2018-12-17 17:39:08 - [MESSAGE][PASSED] - Delayed 2 second(s)

2018-12-17 17:39:08 - [TEST_STEP][PASSED] - setText: Text 'test' is set on object 'Object Repository/Final Object Repo/Login Page/Internal User/Password'

2018-12-17 17:39:08 - [MESSAGE][PASSED] - Text 'test' is set on object 'Object Repository/Final Object Repo/Login Page/Internal User/Password'

2018-12-17 17:39:08 - [TEST_STEP][PASSED] - delay: Delayed 2 second(s)

2018-12-17 17:39:10 - [MESSAGE][PASSED] - Delayed 2 second(s)

2018-12-17 17:39:10 - [TEST_STEP][PASSED] - click: Object: 'Object Repository/Final Object Repo/Login Page/Internal User/Login Button' is clicked on

2018-12-17 17:39:10 - [MESSAGE][PASSED] - Object: 'Object Repository/Final Object Repo/Login Page/Internal User/Login Button' is clicked on

2018-12-17 17:39:10 - [TEST_STEP][PASSED] - Statement - tester = com.kms.katalon.core.testobject.ObjectRepository.findTestObject(Final Object Repo/Landing Page/Select to English): Finding Test Object with id 'Object Repository/Final Object Repo/Landing Page/Select to English'

2018-12-17 17:39:10 - [TEST_STEP][PASSED] - Statement - Try: Delayed 2 second(s)

2018-12-17 17:39:10 - [TEST_STEP][PASSED] - Statement - Checker = com.kms.katalon.core.webui.keyword.WebUiBuiltInKeywords.verifyElementNotPresent(tester, 3): Web element with id: 'Object Repository/Final Object Repo/Landing Page/Select to English' located by 'By.xpath: //a[@class = 'taglib-language-list-text' and @lang = 'en-US' and (contains(text(), 'EN') or contains(., 'EN'))]' is not present after '3' second(s)

2018-12-17 17:39:12 - [MESSAGE][PASSED] - Web element with id: 'Object Repository/Final Object Repo/Landing Page/Select to English' located by 'By.xpath: //a[@class = 'taglib-language-list-text' and @lang = 'en-US' and (contains(text(), 'EN') or contains(., 'EN'))]' is not present after '3' second(s)

2018-12-17 17:39:12 - [TEST_STEP][PASSED] - Statement - If (Checker == false): null

2018-12-17 17:39:12 - [TEST_STEP][PASSED] - delay: Delayed 2 second(s)

2018-12-17 17:39:14 - [MESSAGE][PASSED] - Delayed 2 second(s)

2018-12-17 17:39:14 - [TEST_STEP][PASSED] - delay: Delayed 5 second(s)

2018-12-17 17:39:19 - [MESSAGE][PASSED] - Delayed 5 second(s)

2018-12-17 17:39:19 - [TEST_STEP][PASSED] - mouseOver: Object: 'Object Repository/Final Object Repo/Landing Page/WorkFlow Menu' is hovered

2018-12-17 17:39:19 - [MESSAGE][PASSED] - Object: 'Object Repository/Final Object Repo/Landing Page/WorkFlow Menu' is hovered

2018-12-17 17:39:19 - [TEST_STEP][PASSED] - delay: Delayed 2 second(s)

2018-12-17 17:39:21 - [MESSAGE][PASSED] - Delayed 2 second(s)

2018-12-17 17:39:21 - [TEST_STEP][PASSED] - click: Object: 'Object Repository/Final Object Repo/Landing Page/Select to Workflow Listing' is clicked on

2018-12-17 17:39:22 - [MESSAGE][PASSED] - Object: 'Object Repository/Final Object Repo/Landing Page/Select to Workflow Listing' is clicked on

2018-12-17 17:39:22 - [TEST_STEP][PASSED] - delay: Delayed 2 second(s)

2018-12-17 17:39:24 - [MESSAGE][PASSED] - Delayed 2 second(s)

2018-12-17 17:39:24 - [TEST_STEP][PASSED] - click: Object: 'Object Repository/Final Object Repo/WorkFlow Listing Page/Search Information - To Put Ref No' is clicked on

2018-12-17 17:39:24 - [MESSAGE][PASSED] - Object: 'Object Repository/Final Object Repo/WorkFlow Listing Page/Search Information - To Put Ref No' is clicked on

2018-12-17 17:39:24 - [TEST_STEP][PASSED] - delay: Delayed 2 second(s)

2018-12-17 17:39:26 - [MESSAGE][PASSED] - Delayed 2 second(s)

2018-12-17 17:39:26 - [TEST_STEP][PASSED] - callTestCase: Call Test Case 'Test Cases/Final Aug 2018 - PKS Automation/Common/Reference Number Getter' successfully

2018-12-17 17:39:26 - [TEST_CASE][PASSED] - Test Cases/Final Aug 2018 - PKS Automation/Common/Reference Number Getter: Test Cases/Final Aug 2018 - PKS Automation/Common/Reference Number Getter

2018-12-17 17:39:26 - [TEST_STEP][PASSED] - Statement - Try: null

2018-12-17 17:39:26 - [TEST_STEP][PASSED] - Statement - RefNo = new java.io.File(C://Users//Admin//Desktop//PKS//Automation Reference Point//KatalonReference.txt): null

2018-12-17 17:39:26 - [TEST_STEP][PASSED] - Statement - bufferread = new java.io.BufferedReader(new java.io.FileReader(RefNo)): null

2018-12-17 17:39:26 - [TEST_STEP][PASSED] - Statement - readedVal = bufferread.readLine(): null

2018-12-17 17:39:26 - [TEST_STEP][PASSED] - Statement - out.println(CaseReferenceNo): null

2018-12-17 17:39:26 - [TEST_STEP][PASSED] - Statement - out.println(readedVal): null

2018-12-17 17:39:26 - [TEST_STEP][PASSED] - Statement - CaseReferenceNo = "": null

2018-12-17 17:39:26 - [TEST_STEP][PASSED] - Statement - CaseReferenceNo = readedVal: null

2018-12-17 17:39:26 - [MESSAGE][PASSED] - Call Test Case 'Test Cases/Final Aug 2018 - PKS Automation/Common/Reference Number Getter' successfully

2018-12-17 17:39:26 - [TEST_STEP][PASSED] - setText: Text 'ERN122018C200002494' is set on object 'Object Repository/Final Object Repo/WorkFlow Listing Page/Ref No Set Text'

2018-12-17 17:39:27 - [MESSAGE][PASSED] - Text 'ERN122018C200002494' is set on object 'Object Repository/Final Object Repo/WorkFlow Listing Page/Ref No Set Text'

2018-12-17 17:39:27 - [TEST_STEP][PASSED] - delay: Delayed 2 second(s)

2018-12-17 17:39:29 - [MESSAGE][PASSED] - Delayed 2 second(s)

2018-12-17 17:39:29 - [TEST_STEP][PASSED] - click: Object: 'Object Repository/Final Object Repo/WorkFlow Listing Page/Search Ref No Search Button' is clicked on

2018-12-17 17:39:29 - [MESSAGE][PASSED] - Object: 'Object Repository/Final Object Repo/WorkFlow Listing Page/Search Ref No Search Button' is clicked on

2018-12-17 17:39:29 - [TEST_STEP][PASSED] - delay: Delayed 6 second(s)

2018-12-17 17:39:35 - [MESSAGE][PASSED] - Delayed 6 second(s)

2018-12-17 17:39:35 - [TEST_STEP][PASSED] - click: Object: 'Object Repository/Final Object Repo/WorkFlow Listing Page/Click Continue Tooltip' is clicked on

2018-12-17 17:39:36 - [MESSAGE][PASSED] - Object: 'Object Repository/Final Object Repo/WorkFlow Listing Page/Click Continue Tooltip' is clicked on

2018-12-17 17:39:36 - [TEST_STEP][PASSED] - delay: Delayed 5 second(s)

2018-12-17 17:39:41 - [MESSAGE][PASSED] - Delayed 5 second(s)

2018-12-17 17:39:41 - [TEST_STEP][PASSED] - doubleClick: Object: 'Object Repository/Final Object Repo/WorkFlow Listing Page/Workflow Found - Listing 1' is double clicked on

2018-12-17 17:39:41 - [MESSAGE][PASSED] - Object: 'Object Repository/Final Object Repo/WorkFlow Listing Page/Workflow Found - Listing 1' is double clicked on

2018-12-17 17:39:41 - [TEST_STEP][PASSED] - Statement - println(OwnerID): null

2018-12-17 17:39:41 - [TEST_STEP][PASSED] - Statement - OwnerID = com.kms.katalon.core.webui.keyword.WebUiBuiltInKeywords.getText(com.kms.katalon.core.testobject.ObjectRepository.findTestObject(Final Object Repo/WorkFlow Listing Page/Workflow Found - Listing 1), STOP_ON_FAILURE): Text of object 'Object Repository/Final Object Repo/WorkFlow Listing Page/Workflow Found - Listing 1' is: 'JOHORuo3'

2018-12-17 17:39:41 - [MESSAGE][PASSED] - Text of object 'Object Repository/Final Object Repo/WorkFlow Listing Page/Workflow Found - Listing 1' is: 'JOHORuo3'

2018-12-17 17:39:41 - [TEST_STEP][PASSED] - Statement - OwnerID = OwnerID.toLowerCase() + "@gmail.com": null

2018-12-17 17:39:41 - [TEST_STEP][PASSED] - Statement - println(OwnerID): null

2018-12-17 17:39:41 - [TEST_STEP][PASSED] - delay: Delayed 2 second(s)

2018-12-17 17:39:43 - [MESSAGE][PASSED] - Delayed 2 second(s)

2018-12-17 17:39:43 - [MESSAGE][PASSED] - Call Test Case 'Test Cases/Final Aug 2018 - PKS Automation/Common/Workflow Owner Finder' successfully

2018-12-17 17:39:43 - [TEST_STEP][PASSED] - delay: Delayed 1 second(s)

2018-12-17 17:39:44 - [MESSAGE][PASSED] - Delayed 1 second(s)

2018-12-17 17:39:44 - [TEST_STEP][PASSED] - navigateToUrl: Navigate to 'https://assist2-uat.perkeso.gov.my/c/portal/logout' successfully

2018-12-17 17:39:45 - [MESSAGE][PASSED] - Navigate to 'https://assist2-uat.perkeso.gov.my/c/portal/logout' successfully

2018-12-17 17:39:45 - [TEST_STEP][PASSED] - delay: Delayed 1 second(s)

2018-12-17 17:39:46 - [MESSAGE][PASSED] - Delayed 1 second(s)

2018-12-17 17:39:46 - [TEST_STEP][PASSED] - callTestCase: Call Test Case 'Test Cases/Final Aug 2018 - PKS Automation/Registration Module/Workflow/Login and Search Case For Workflow' successfully

2018-12-17 17:39:46 - [TEST_CASE][PASSED] - Test Cases/Final Aug 2018 - PKS Automation/Registration Module/Workflow/Login and Search Case For Workflow: Test Cases/Final Aug 2018 - PKS Automation/Registration Module/Workflow/Login and Search Case For Workflow

2018-12-17 17:39:46 - [TEST_STEP][PASSED] - navigateToUrl: Navigate to 'https://assist2-uat.perkeso.gov.my/login' successfully

2018-12-17 17:39:47 - [MESSAGE][PASSED] - Navigate to 'https://assist2-uat.perkeso.gov.my/login' successfully

2018-12-17 17:39:47 - [TEST_STEP][PASSED] - setText: Text 'johoruo3@gmail.com' is set on object 'Object Repository/Final Object Repo/Login Page/Internal User/Email Address'

2018-12-17 17:39:47 - [MESSAGE][PASSED] - Text 'johoruo3@gmail.com' is set on object 'Object Repository/Final Object Repo/Login Page/Internal User/Email Address'

2018-12-17 17:39:47 - [TEST_STEP][PASSED] - click: Object: 'Object Repository/Final Object Repo/Login Page/Internal User/Next Button' is clicked on

2018-12-17 17:39:47 - [MESSAGE][PASSED] - Object: 'Object Repository/Final Object Repo/Login Page/Internal User/Next Button' is clicked on

2018-12-17 17:39:47 - [TEST_STEP][PASSED] - delay: Delayed 1 second(s)

2018-12-17 17:39:48 - [MESSAGE][PASSED] - Delayed 1 second(s)

2018-12-17 17:39:48 - [TEST_STEP][PASSED] - setEncryptedText: Text ****** has been set on object 'Object Repository/Final Object Repo/Login Page/Internal User/Password'

2018-12-17 17:39:48 - [MESSAGE][PASSED] - Text ****** has been set on object 'Object Repository/Final Object Repo/Login Page/Internal User/Password'

2018-12-17 17:39:48 - [TEST_STEP][PASSED] - click: Object: 'Object Repository/Final Object Repo/Login Page/Internal User/Login Button' is clicked on

2018-12-17 17:39:49 - [MESSAGE][PASSED] - Object: 'Object Repository/Final Object Repo/Login Page/Internal User/Login Button' is clicked on

2018-12-17 17:39:49 - [TEST_STEP][PASSED] - delay: Delayed 2 second(s)

2018-12-17 17:39:51 - [MESSAGE][PASSED] - Delayed 2 second(s)

2018-12-17 17:39:51 - [TEST_STEP][PASSED] - Statement - Try: Delayed 2 second(s)

2018-12-17 17:39:51 - [TEST_STEP][PASSED] - Statement - Checker = false: null

2018-12-17 17:39:51 - [TEST_STEP][PASSED] - Statement - Checker = com.kms.katalon.core.webui.keyword.WebUiBuiltInKeywords.verifyElementHasAttribute(com.kms.katalon.core.testobject.ObjectRepository.findTestObject(Final Object Repo/Landing Page/BM Detecting), "href", 20, OPTIONAL): Object 'Object Repository/Final Object Repo/Landing Page/BM Detecting' has attribute 'href'

2018-12-17 17:39:51 - [MESSAGE][PASSED] - Object 'Object Repository/Final Object Repo/Landing Page/BM Detecting' has attribute 'href'

2018-12-17 17:39:51 - [TEST_STEP][PASSED] - Statement - out.println(Checker): null

2018-12-17 17:39:51 - [TEST_STEP][PASSED] - Statement - If (Checker == false): null

2018-12-17 17:39:51 - [TEST_STEP][PASSED] - Statement - Else: null

2018-12-17 17:39:51 - [TEST_STEP][PASSED] - delay: Delayed 2 second(s)

2018-12-17 17:39:53 - [MESSAGE][PASSED] - Delayed 2 second(s)

2018-12-17 17:39:53 - [TEST_STEP][PASSED] - click: Object: 'Object Repository/Final Object Repo/Page_MyASSIST - ASSIST - Search Pending Case For Add Supporting Document/Search Information' is clicked on

2018-12-17 17:39:53 - [MESSAGE][PASSED] - Object: 'Object Repository/Final Object Repo/Page_MyASSIST - ASSIST - Search Pending Case For Add Supporting Document/Search Information' is clicked on

2018-12-17 17:39:53 - [TEST_STEP][PASSED] - delay: Delayed 3 second(s)

2018-12-17 17:39:56 - [MESSAGE][PASSED] - Delayed 3 second(s)

2018-12-17 17:39:56 - [TEST_STEP][PASSED] - sendKeys: Keys 'ERN122018C200002494' sent to object: 'Object Repository/Final Object Repo/Page_MyASSIST - ASSIST - Search Pending Case For Add Supporting Document/Reference No'

2018-12-17 17:39:56 - [MESSAGE][PASSED] - Keys 'ERN122018C200002494' sent to object: 'Object Repository/Final Object Repo/Page_MyASSIST - ASSIST - Search Pending Case For Add Supporting Document/Reference No'

2018-12-17 17:39:56 - [TEST_STEP][PASSED] - click: Object: 'Object Repository/Final Object Repo/Page_MyASSIST - ASSIST - Search Pending Case For Add Supporting Document/Search Reference No' is clicked on

2018-12-17 17:39:56 - [MESSAGE][PASSED] - Object: 'Object Repository/Final Object Repo/Page_MyASSIST - ASSIST - Search Pending Case For Add Supporting Document/Search Reference No' is clicked on

2018-12-17 17:39:56 - [TEST_STEP][PASSED] - delay: Delayed 2 second(s)

2018-12-17 17:39:58 - [MESSAGE][PASSED] - Delayed 2 second(s)

2018-12-17 17:39:58 - [TEST_STEP][PASSED] - click: Object: 'Object Repository/Final Object Repo/Page_MyASSIST - ASSIST - Search Pending Case For Add Supporting Document/Continue' is clicked on

2018-12-17 17:40:01 - [MESSAGE][PASSED] - Object: 'Object Repository/Final Object Repo/Page_MyASSIST - ASSIST - Search Pending Case For Add Supporting Document/Continue' is clicked on

2018-12-17 17:40:01 - [TEST_STEP][PASSED] - delay: Delayed 20 second(s)

2018-12-17 17:40:21 - [MESSAGE][PASSED] - Delayed 20 second(s)

2018-12-17 17:40:21 - [MESSAGE][PASSED] - Call Test Case 'Test Cases/Final Aug 2018 - PKS Automation/Registration Module/Workflow/Login and Search Case For Workflow' successfully

2018-12-17 17:40:21 - [TEST_STEP][PASSED] - click: Object: 'Object Repository/Final Object Repo/Page_Form 3 EIS - Cessation as Employer/Page_Form 3 EIS - Cessation as Employer (Approve)/Save  Continue in Form 3 Page' is clicked on

2018-12-17 17:40:22 - [MESSAGE][PASSED] - Object: 'Object Repository/Final Object Repo/Page_Form 3 EIS - Cessation as Employer/Page_Form 3 EIS - Cessation as Employer (Approve)/Save  Continue in Form 3 Page' is clicked on

2018-12-17 17:40:22 - [TEST_STEP][PASSED] - delay: Delayed 2 second(s)

2018-12-17 17:40:24 - [MESSAGE][PASSED] - Delayed 2 second(s)

2018-12-17 17:40:24 - [TEST_STEP][PASSED] - click: Object: 'Object Repository/Final Object Repo/Page_Form 3 EIS - Cessation as Employer/Page_Form 3 EIS - Cessation as Employer (Approve)/Save  Continue in Resigned Page' is clicked on

2018-12-17 17:40:24 - [MESSAGE][PASSED] - Object: 'Object Repository/Final Object Repo/Page_Form 3 EIS - Cessation as Employer/Page_Form 3 EIS - Cessation as Employer (Approve)/Save  Continue in Resigned Page' is clicked on

2018-12-17 17:40:24 - [TEST_STEP][PASSED] - delay: Delayed 2 second(s)

2018-12-17 17:40:26 - [MESSAGE][PASSED] - Delayed 2 second(s)

2018-12-17 17:40:26 - [TEST_STEP][PASSED] - click: Object: 'Object Repository/Final Object Repo/Page_Form 3 EIS - Cessation as Employer/Page_Form 3 EIS - Cessation as Employer (Approve)/Save  Continue in Uploading Page' is clicked on

2018-12-17 17:40:27 - [MESSAGE][PASSED] - Object: 'Object Repository/Final Object Repo/Page_Form 3 EIS - Cessation as Employer/Page_Form 3 EIS - Cessation as Employer (Approve)/Save  Continue in Uploading Page' is clicked on

2018-12-17 17:40:27 - [TEST_STEP][PASSED] - delay: Delayed 2 second(s)

2018-12-17 17:40:29 - [MESSAGE][PASSED] - Delayed 2 second(s)

2018-12-17 17:40:29 - [TEST_STEP][PASSED] - click: Object: 'Object Repository/Final Object Repo/Page_Form 3 EIS - Cessation as Employer/Page_Form 3 EIS - Cessation as Employer (Reject)/Reject' is clicked on

2018-12-17 17:40:32 - [MESSAGE][PASSED] - Object: 'Object Repository/Final Object Repo/Page_Form 3 EIS - Cessation as Employer/Page_Form 3 EIS - Cessation as Employer (Reject)/Reject' is clicked on

2018-12-17 17:40:32 - [TEST_STEP][PASSED] - delay: Delayed 2 second(s)

2018-12-17 17:40:34 - [MESSAGE][PASSED] - Delayed 2 second(s)

2018-12-17 17:40:34 - [TEST_STEP][PASSED] - click: Object: 'Object Repository/Final Object Repo/Page_Form 3 EIS - Cessation as Employer/Page_Form 3 EIS - Cessation as Employer (Reject)/Confirm' is clicked on

2018-12-17 17:40:34 - [MESSAGE][PASSED] - Object: 'Object Repository/Final Object Repo/Page_Form 3 EIS - Cessation as Employer/Page_Form 3 EIS - Cessation as Employer (Reject)/Confirm' is clicked on

2018-12-17 17:40:34 - [TEST_STEP][PASSED] - delay: Delayed 2 second(s)

2018-12-17 17:40:36 - [MESSAGE][PASSED] - Delayed 2 second(s)

2018-12-17 17:40:36 - [TEST_STEP][PASSED] - click: Object: 'Object Repository/Final Object Repo/Page_Form 3 EIS - Cessation as Employer/Page_Form 3 EIS - Cessation as Employer (Reject)/Message This Case has been Rejected' is clicked on

2018-12-17 17:40:40 - [MESSAGE][PASSED] - Object: 'Object Repository/Final Object Repo/Page_Form 3 EIS - Cessation as Employer/Page_Form 3 EIS - Cessation as Employer (Reject)/Message This Case has been Rejected' is clicked on

2018-12-17 17:40:40 - [TEST_STEP][PASSED] - click: Object: 'Object Repository/Final Object Repo/Page_Form 3 EIS - Cessation as Employer/Page_Form 3 EIS - Cessation as Employer (Reject)/Letter of update rejection' is clicked on

2018-12-17 17:40:41 - [MESSAGE][PASSED] - Object: 'Object Repository/Final Object Repo/Page_Form 3 EIS - Cessation as Employer/Page_Form 3 EIS - Cessation as Employer (Reject)/Letter of update rejection' is clicked on

2018-12-17 17:40:41 - [MESSAGE][PASSED] - Call Test Case 'Test Cases/Final Aug 2018 - PKS Automation/Registration Module/Workflow/Form 3 EIS - Cessation As Employer/Template/Form 3 A - Cessation As Employer (Reject)' successfully]]></system-out>
         <system-err><![CDATA[]]></system-err>
      </testcase>
      <testcase name="Test Cases/Final Aug 2018 - PKS Automation/Registration Module/Workflow/Form 3 EIS - Cessation As Employer/PKRBO to UO (Under enforcement)" classname="Test Cases/Final Aug 2018 - PKS Automation/Registration Module/Workflow/Form 3 EIS - Cessation As Employer/PKRBO to UO (Under enforcement)" status="PASSED">
         <system-out><![CDATA[2018-12-17 17:40:41 - [TEST_CASE][PASSED] - Test Cases/Final Aug 2018 - PKS Automation/Registration Module/Workflow/Form 3 EIS - Cessation As Employer/PKRBO to UO (Under enforcement): Test Cases/Final Aug 2018 - PKS Automation/Registration Module/Workflow/Form 3 EIS - Cessation As Employer/PKRBO to UO (Under enforcement)

2018-12-17 17:40:41 - [TEST_STEP][PASSED] - callTestCase: Call Test Case 'Test Cases/Final Aug 2018 - PKS Automation/Registration Module/Workflow/Form 3 EIS - Cessation As Employer/Template/Form 3 A - Cessation As Employer (PKRBO)' successfully

2018-12-17 17:40:41 - [TEST_CASE][PASSED] - Test Cases/Final Aug 2018 - PKS Automation/Registration Module/Workflow/Form 3 EIS - Cessation As Employer/Template/Form 3 A - Cessation As Employer (PKRBO): Test Cases/Final Aug 2018 - PKS Automation/Registration Module/Workflow/Form 3 EIS - Cessation As Employer/Template/Form 3 A - Cessation As Employer (PKRBO)

2018-12-17 17:40:41 - [TEST_STEP][PASSED] - openBrowser: Browser is opened with url: ''

2018-12-17 17:40:41 - [MESSAGE][WARNING] - A browser is already opened. Closing browser and opening a new one

2018-12-17 17:40:44 - [MESSAGE][PASSED] - Browser is opened with url: ''

2018-12-17 17:40:44 - [TEST_STEP][PASSED] - navigateToUrl: Navigate to 'https://assist2-uat.perkeso.gov.my/login' successfully

2018-12-17 17:40:45 - [MESSAGE][PASSED] - Navigate to 'https://assist2-uat.perkeso.gov.my/login' successfully

2018-12-17 17:40:45 - [TEST_STEP][PASSED] - setText: Text 'johorpkrbo1@gmail.com' is set on object 'Object Repository/Final Object Repo/Login Page/Internal User/Email Address'

2018-12-17 17:40:45 - [MESSAGE][PASSED] - Text 'johorpkrbo1@gmail.com' is set on object 'Object Repository/Final Object Repo/Login Page/Internal User/Email Address'

2018-12-17 17:40:45 - [TEST_STEP][PASSED] - click: Object: 'Object Repository/Final Object Repo/Login Page/Internal User/Next Button' is clicked on

2018-12-17 17:40:46 - [MESSAGE][PASSED] - Object: 'Object Repository/Final Object Repo/Login Page/Internal User/Next Button' is clicked on

2018-12-17 17:40:46 - [TEST_STEP][PASSED] - delay: Delayed 1 second(s)

2018-12-17 17:40:47 - [MESSAGE][PASSED] - Delayed 1 second(s)

2018-12-17 17:40:47 - [TEST_STEP][PASSED] - setEncryptedText: Text ****** has been set on object 'Object Repository/Final Object Repo/Login Page/Internal User/Password'

2018-12-17 17:40:47 - [MESSAGE][PASSED] - Text ****** has been set on object 'Object Repository/Final Object Repo/Login Page/Internal User/Password'

2018-12-17 17:40:47 - [TEST_STEP][PASSED] - click: Object: 'Object Repository/Final Object Repo/Login Page/Internal User/Login Button' is clicked on

2018-12-17 17:40:47 - [MESSAGE][PASSED] - Object: 'Object Repository/Final Object Repo/Login Page/Internal User/Login Button' is clicked on

2018-12-17 17:40:47 - [TEST_STEP][PASSED] - delay: Delayed 1 second(s)

2018-12-17 17:40:48 - [MESSAGE][PASSED] - Delayed 1 second(s)

2018-12-17 17:40:48 - [TEST_STEP][PASSED] - Statement - Try: Delayed 2 second(s)

2018-12-17 17:40:48 - [TEST_STEP][PASSED] - Statement - Checker = false: null

2018-12-17 17:40:48 - [TEST_STEP][PASSED] - Statement - Checker = com.kms.katalon.core.webui.keyword.WebUiBuiltInKeywords.verifyElementHasAttribute(com.kms.katalon.core.testobject.ObjectRepository.findTestObject(Final Object Repo/Landing Page/BM Detecting), "href", 20, OPTIONAL): Object 'Object Repository/Final Object Repo/Landing Page/BM Detecting' has attribute 'href'

2018-12-17 17:40:49 - [MESSAGE][PASSED] - Object 'Object Repository/Final Object Repo/Landing Page/BM Detecting' has attribute 'href'

2018-12-17 17:40:49 - [TEST_STEP][PASSED] - Statement - out.println(Checker): null

2018-12-17 17:40:49 - [TEST_STEP][PASSED] - Statement - If (Checker == false): null

2018-12-17 17:40:49 - [TEST_STEP][PASSED] - Statement - Else: null

2018-12-17 17:40:49 - [TEST_STEP][PASSED] - delay: Delayed 2 second(s)

2018-12-17 17:40:51 - [MESSAGE][PASSED] - Delayed 2 second(s)

2018-12-17 17:40:51 - [TEST_STEP][PASSED] - navigateToUrl: Navigate to 'https://assist2-uat.perkeso.gov.my/web/registration/eis-update/form-3-eis-cessation-as-employer' successfully

2018-12-17 17:40:52 - [MESSAGE][PASSED] - Navigate to 'https://assist2-uat.perkeso.gov.my/web/registration/eis-update/form-3-eis-cessation-as-employer' successfully

2018-12-17 17:40:52 - [TEST_STEP][PASSED] - delay: Delayed 1 second(s)

2018-12-17 17:40:53 - [MESSAGE][PASSED] - Delayed 1 second(s)

2018-12-17 17:40:53 - [TEST_STEP][PASSED] - setText: Text 'E1102069769W' is set on object 'Object Repository/Final Object Repo/Page_Form 3 EIS - Cessation as Employer/Employer Code'

2018-12-17 17:40:53 - [MESSAGE][PASSED] - Text 'E1102069769W' is set on object 'Object Repository/Final Object Repo/Page_Form 3 EIS - Cessation as Employer/Employer Code'

2018-12-17 17:40:53 - [TEST_STEP][PASSED] - click: Object: 'Object Repository/Final Object Repo/Page_Form 3 EIS - Cessation as Employer/Search' is clicked on

2018-12-17 17:40:53 - [MESSAGE][PASSED] - Object: 'Object Repository/Final Object Repo/Page_Form 3 EIS - Cessation as Employer/Search' is clicked on

2018-12-17 17:40:53 - [TEST_STEP][PASSED] - click: Object: 'Object Repository/Final Object Repo/Page_Form 3 EIS - Cessation as Employer/Edit' is clicked on

2018-12-17 17:40:56 - [MESSAGE][PASSED] - Object: 'Object Repository/Final Object Repo/Page_Form 3 EIS - Cessation as Employer/Edit' is clicked on

2018-12-17 17:40:56 - [TEST_STEP][PASSED] - delay: Delayed 1 second(s)

2018-12-17 17:40:57 - [MESSAGE][PASSED] - Delayed 1 second(s)

2018-12-17 17:40:57 - [TEST_STEP][PASSED] - Statement - abc = com.kms.katalon.core.webui.keyword.WebUiBuiltInKeywords.getAttribute(com.kms.katalon.core.testobject.ObjectRepository.findTestObject(Final Object Repo/Page_Form 3 EIS - Cessation as Employer/Employer Status), "value"): Attribute 'value' of object 'Object Repository/Final Object Repo/Page_Form 3 EIS - Cessation as Employer/Employer Status' is: 'Active'

2018-12-17 17:40:57 - [MESSAGE][PASSED] - Attribute 'value' of object 'Object Repository/Final Object Repo/Page_Form 3 EIS - Cessation as Employer/Employer Status' is: 'Active'

2018-12-17 17:40:57 - [TEST_STEP][PASSED] - Statement - out.println(abc): null

2018-12-17 17:40:57 - [TEST_STEP][PASSED] - Statement - If (abc == "Active"): Object: 'Object Repository/Final Object Repo/Page_Form 3 EIS - Cessation as Employer/Dormant EIS' is clicked on

2018-12-17 17:40:57 - [TEST_STEP][PASSED] - click: Object: 'Object Repository/Final Object Repo/Page_Form 3 EIS - Cessation as Employer/Change Employer Status to' is clicked on

2018-12-17 17:40:57 - [MESSAGE][PASSED] - Object: 'Object Repository/Final Object Repo/Page_Form 3 EIS - Cessation as Employer/Change Employer Status to' is clicked on

2018-12-17 17:40:57 - [TEST_STEP][PASSED] - click: Object: 'Object Repository/Final Object Repo/Page_Form 3 EIS - Cessation as Employer/Dormant EIS' is clicked on

2018-12-17 17:40:57 - [MESSAGE][PASSED] - Object: 'Object Repository/Final Object Repo/Page_Form 3 EIS - Cessation as Employer/Dormant EIS' is clicked on

2018-12-17 17:40:57 - [TEST_STEP][PASSED] - click: Object: 'Object Repository/Final Object Repo/Page_Form 3 EIS - Cessation as Employer/Calender' is clicked on

2018-12-17 17:40:57 - [MESSAGE][PASSED] - Object: 'Object Repository/Final Object Repo/Page_Form 3 EIS - Cessation as Employer/Calender' is clicked on

2018-12-17 17:40:57 - [TEST_STEP][PASSED] - delay: Delayed 1 second(s)

2018-12-17 17:40:58 - [MESSAGE][PASSED] - Delayed 1 second(s)

2018-12-17 17:40:58 - [TEST_STEP][PASSED] - click: Object: 'Object Repository/Final Object Repo/Page_Form 3 EIS - Cessation as Employer/Calender - Date' is clicked on

2018-12-17 17:40:58 - [MESSAGE][PASSED] - Object: 'Object Repository/Final Object Repo/Page_Form 3 EIS - Cessation as Employer/Calender - Date' is clicked on

2018-12-17 17:40:58 - [TEST_STEP][PASSED] - click: Object: 'Object Repository/Final Object Repo/Page_Form 3 EIS - Cessation as Employer/Save  Continue in Form 3 EIS Page' is clicked on

2018-12-17 17:40:59 - [MESSAGE][PASSED] - Object: 'Object Repository/Final Object Repo/Page_Form 3 EIS - Cessation as Employer/Save  Continue in Form 3 EIS Page' is clicked on

2018-12-17 17:40:59 - [TEST_STEP][PASSED] - delay: Delayed 1 second(s)

2018-12-17 17:41:00 - [MESSAGE][PASSED] - Delayed 1 second(s)

2018-12-17 17:41:00 - [TEST_STEP][PASSED] - click: Object: 'Object Repository/Final Object Repo/Page_Form 3 EIS - Cessation as Employer/Employment Resign Date' is clicked on

2018-12-17 17:41:00 - [MESSAGE][PASSED] - Object: 'Object Repository/Final Object Repo/Page_Form 3 EIS - Cessation as Employer/Employment Resign Date' is clicked on

2018-12-17 17:41:00 - [TEST_STEP][PASSED] - selectOptionByValue: All options with value '2030' are selected in object 'Object Repository/Final Object Repo/Page_Form 3 EIS - Cessation as Employer/Employment Resign Date - Year' 

2018-12-17 17:41:00 - [MESSAGE][PASSED] - All options with value '2030' are selected in object 'Object Repository/Final Object Repo/Page_Form 3 EIS - Cessation as Employer/Employment Resign Date - Year' 

2018-12-17 17:41:00 - [TEST_STEP][PASSED] - delay: Delayed 2 second(s)

2018-12-17 17:41:02 - [MESSAGE][PASSED] - Delayed 2 second(s)

2018-12-17 17:41:02 - [TEST_STEP][PASSED] - click: Object: 'Object Repository/Final Object Repo/Page_Form 3 EIS - Cessation as Employer/Employment Resign Date - Year - Date' is clicked on

2018-12-17 17:41:02 - [MESSAGE][PASSED] - Object: 'Object Repository/Final Object Repo/Page_Form 3 EIS - Cessation as Employer/Employment Resign Date - Year - Date' is clicked on

2018-12-17 17:41:02 - [TEST_STEP][PASSED] - delay: Delayed 2 second(s)

2018-12-17 17:41:04 - [MESSAGE][PASSED] - Delayed 2 second(s)

2018-12-17 17:41:04 - [TEST_STEP][PASSED] - click: Object: 'Object Repository/Final Object Repo/Page_Form 3 EIS - Cessation as Employer/Save  Continue in Employment Resign Page' is clicked on

2018-12-17 17:41:05 - [MESSAGE][PASSED] - Object: 'Object Repository/Final Object Repo/Page_Form 3 EIS - Cessation as Employer/Save  Continue in Employment Resign Page' is clicked on

2018-12-17 17:41:05 - [TEST_STEP][PASSED] - delay: Delayed 2 second(s)

2018-12-17 17:41:07 - [MESSAGE][PASSED] - Delayed 2 second(s)

2018-12-17 17:41:07 - [TEST_STEP][PASSED] - click: Object: 'Object Repository/Final Object Repo/Page_Form 3 EIS - Cessation as Employer/Set Latest - Yes' is clicked on

2018-12-17 17:41:07 - [MESSAGE][PASSED] - Object: 'Object Repository/Final Object Repo/Page_Form 3 EIS - Cessation as Employer/Set Latest - Yes' is clicked on

2018-12-17 17:41:07 - [TEST_STEP][PASSED] - delay: Delayed 2 second(s)

2018-12-17 17:41:09 - [MESSAGE][PASSED] - Delayed 2 second(s)

2018-12-17 17:41:09 - [TEST_STEP][PASSED] - click: Object: 'Object Repository/Final Object Repo/Page_Form 3 EIS - Cessation as Employer/Add Document' is clicked on

2018-12-17 17:41:10 - [MESSAGE][PASSED] - Object: 'Object Repository/Final Object Repo/Page_Form 3 EIS - Cessation as Employer/Add Document' is clicked on

2018-12-17 17:41:10 - [TEST_STEP][PASSED] - delay: Delayed 3 second(s)

2018-12-17 17:41:13 - [MESSAGE][PASSED] - Delayed 3 second(s)

2018-12-17 17:41:13 - [TEST_STEP][PASSED] - click: Object: 'Object Repository/Final Object Repo/Page_Form 3 EIS - Cessation as Employer/Document Type' is clicked on

2018-12-17 17:41:13 - [MESSAGE][PASSED] - Object: 'Object Repository/Final Object Repo/Page_Form 3 EIS - Cessation as Employer/Document Type' is clicked on

2018-12-17 17:41:13 - [TEST_STEP][PASSED] - click: Object: 'Object Repository/Final Object Repo/Page_Form 3 EIS - Cessation as Employer/Document Type - Form 3' is clicked on

2018-12-17 17:41:13 - [MESSAGE][PASSED] - Object: 'Object Repository/Final Object Repo/Page_Form 3 EIS - Cessation as Employer/Document Type - Form 3' is clicked on

2018-12-17 17:41:13 - [TEST_STEP][PASSED] - delay: Delayed 2 second(s)

2018-12-17 17:41:15 - [MESSAGE][PASSED] - Delayed 2 second(s)

2018-12-17 17:41:15 - [TEST_STEP][PASSED] - sendKeys: Keys 'C:\Users\Public\Pictures\Sample Pictures\Koala.jpg' sent to object: 'Object Repository/Final Object Repo/Page_Form 3 EIS - Cessation as Employer/ploading File'

2018-12-17 17:41:15 - [MESSAGE][PASSED] - Keys 'C:\Users\Public\Pictures\Sample Pictures\Koala.jpg' sent to object: 'Object Repository/Final Object Repo/Page_Form 3 EIS - Cessation as Employer/ploading File'

2018-12-17 17:41:15 - [TEST_STEP][PASSED] - delay: Delayed 1 second(s)

2018-12-17 17:41:16 - [MESSAGE][PASSED] - Delayed 1 second(s)

2018-12-17 17:41:16 - [TEST_STEP][PASSED] - click: Object: 'Object Repository/Final Object Repo/Page_Form 3 EIS - Cessation as Employer/Add Document in Uploading Page' is clicked on

2018-12-17 17:41:17 - [MESSAGE][PASSED] - Object: 'Object Repository/Final Object Repo/Page_Form 3 EIS - Cessation as Employer/Add Document in Uploading Page' is clicked on

2018-12-17 17:41:17 - [TEST_STEP][PASSED] - delay: Delayed 2 second(s)

2018-12-17 17:41:19 - [MESSAGE][PASSED] - Delayed 2 second(s)

2018-12-17 17:41:19 - [TEST_STEP][PASSED] - Statement - CaseReferenceNo = com.kms.katalon.core.webui.keyword.WebUiBuiltInKeywords.getText(com.kms.katalon.core.testobject.ObjectRepository.findTestObject(Final Object Repo/Page_Update Employer Information/Reference Number in Update Employee Information Page)): Text of object 'Object Repository/Final Object Repo/Page_Update Employer Information/Reference Number in Update Employee Information Page' is: 'ERN122018C200002495'

2018-12-17 17:41:21 - [MESSAGE][PASSED] - Text of object 'Object Repository/Final Object Repo/Page_Update Employer Information/Reference Number in Update Employee Information Page' is: 'ERN122018C200002495'

2018-12-17 17:41:21 - [TEST_STEP][PASSED] - callTestCase: Call Test Case 'Test Cases/Final Aug 2018 - PKS Automation/Common/Reference Number Setter' successfully

2018-12-17 17:41:21 - [TEST_CASE][PASSED] - Test Cases/Final Aug 2018 - PKS Automation/Common/Reference Number Setter: Test Cases/Final Aug 2018 - PKS Automation/Common/Reference Number Setter

2018-12-17 17:41:21 - [TEST_STEP][PASSED] - Statement - RefNoOldFile = new java.io.File(C://Users//Admin//Desktop//PKS//Automation Reference Point//KatalonReference.txt): null

2018-12-17 17:41:21 - [TEST_STEP][PASSED] - Statement - RefNoOldFile.delete(): null

2018-12-17 17:41:21 - [TEST_STEP][PASSED] - delay: Delayed 5 second(s)

2018-12-17 17:41:26 - [MESSAGE][PASSED] - Delayed 5 second(s)

2018-12-17 17:41:26 - [TEST_STEP][PASSED] - Statement - RefNo = new java.io.File(C://Users//Admin//Desktop//PKS//Automation Reference Point//KatalonReference.txt): null

2018-12-17 17:41:26 - [TEST_STEP][PASSED] - Statement - f2 = new java.io.FileWriter(RefNo, false): null

2018-12-17 17:41:26 - [TEST_STEP][PASSED] - Statement - f2.write(CaseReferenceNo): null

2018-12-17 17:41:26 - [TEST_STEP][PASSED] - Statement - f2.close(): null

2018-12-17 17:41:26 - [TEST_STEP][PASSED] - Statement - out.println("


" + CaseReferenceNo + "


"): null

2018-12-17 17:41:26 - [MESSAGE][PASSED] - Call Test Case 'Test Cases/Final Aug 2018 - PKS Automation/Common/Reference Number Setter' successfully

2018-12-17 17:41:26 - [TEST_STEP][PASSED] - delay: Delayed 2 second(s)

2018-12-17 17:41:28 - [MESSAGE][PASSED] - Delayed 2 second(s)

2018-12-17 17:41:28 - [TEST_STEP][PASSED] - click: Object: 'Object Repository/Final Object Repo/Page_Form 3 EIS - Cessation as Employer/Save  Continue in Uploading Page' is clicked on

2018-12-17 17:41:28 - [MESSAGE][PASSED] - Object: 'Object Repository/Final Object Repo/Page_Form 3 EIS - Cessation as Employer/Save  Continue in Uploading Page' is clicked on

2018-12-17 17:41:28 - [TEST_STEP][PASSED] - delay: Delayed 2 second(s)

2018-12-17 17:41:30 - [MESSAGE][PASSED] - Delayed 2 second(s)

2018-12-17 17:41:30 - [TEST_STEP][PASSED] - click: Object: 'Object Repository/Final Object Repo/Page_Form 3 EIS - Cessation as Employer/Submit' is clicked on

2018-12-17 17:41:33 - [MESSAGE][PASSED] - Object: 'Object Repository/Final Object Repo/Page_Form 3 EIS - Cessation as Employer/Submit' is clicked on

2018-12-17 17:41:33 - [TEST_STEP][PASSED] - delay: Delayed 2 second(s)

2018-12-17 17:41:35 - [MESSAGE][PASSED] - Delayed 2 second(s)

2018-12-17 17:41:35 - [TEST_STEP][PASSED] - click: Object: 'Object Repository/Final Object Repo/Page_Form 3 EIS - Cessation as Employer/Confirm' is clicked on

2018-12-17 17:41:35 - [MESSAGE][PASSED] - Object: 'Object Repository/Final Object Repo/Page_Form 3 EIS - Cessation as Employer/Confirm' is clicked on

2018-12-17 17:41:35 - [TEST_STEP][PASSED] - delay: Delayed 2 second(s)

2018-12-17 17:41:37 - [MESSAGE][PASSED] - Delayed 2 second(s)

2018-12-17 17:41:37 - [TEST_STEP][PASSED] - click: Object: 'Object Repository/Final Object Repo/Page_Form 3 EIS - Cessation as Employer/Message Your Request will be routed to UO' is clicked on

2018-12-17 17:41:40 - [MESSAGE][PASSED] - Object: 'Object Repository/Final Object Repo/Page_Form 3 EIS - Cessation as Employer/Message Your Request will be routed to UO' is clicked on

2018-12-17 17:41:40 - [TEST_STEP][PASSED] - click: Object: 'Object Repository/Final Object Repo/Page_Form 3 EIS - Cessation as Employer/Letter of acknowledgement' is clicked on

2018-12-17 17:41:41 - [MESSAGE][PASSED] - Object: 'Object Repository/Final Object Repo/Page_Form 3 EIS - Cessation as Employer/Letter of acknowledgement' is clicked on

2018-12-17 17:41:41 - [MESSAGE][PASSED] - Call Test Case 'Test Cases/Final Aug 2018 - PKS Automation/Registration Module/Workflow/Form 3 EIS - Cessation As Employer/Template/Form 3 A - Cessation As Employer (PKRBO)' successfully

2018-12-17 17:41:41 - [TEST_STEP][PASSED] - callTestCase: Call Test Case 'Test Cases/Final Aug 2018 - PKS Automation/Registration Module/Workflow/Form 3 EIS - Cessation As Employer/Template/Form 3 A - Cessation As Employer (Under enforcement)' successfully

2018-12-17 17:41:41 - [TEST_CASE][PASSED] - Test Cases/Final Aug 2018 - PKS Automation/Registration Module/Workflow/Form 3 EIS - Cessation As Employer/Template/Form 3 A - Cessation As Employer (Under enforcement): Test Cases/Final Aug 2018 - PKS Automation/Registration Module/Workflow/Form 3 EIS - Cessation As Employer/Template/Form 3 A - Cessation As Employer (Under enforcement)

2018-12-17 17:41:41 - [TEST_STEP][NOT_RUN] - callTestCase: NOT_RUN: callTestCase

2018-12-17 17:41:41 - [MESSAGE][NOT_RUN] - NOT_RUN: callTestCase

2018-12-17 17:41:41 - [TEST_STEP][PASSED] - delay: Delayed 1 second(s)

2018-12-17 17:41:42 - [MESSAGE][PASSED] - Delayed 1 second(s)

2018-12-17 17:41:42 - [TEST_STEP][PASSED] - navigateToUrl: Navigate to 'https://assist2-uat.perkeso.gov.my/c/portal/logout' successfully

2018-12-17 17:41:43 - [MESSAGE][PASSED] - Navigate to 'https://assist2-uat.perkeso.gov.my/c/portal/logout' successfully

2018-12-17 17:41:43 - [TEST_STEP][PASSED] - delay: Delayed 1 second(s)

2018-12-17 17:41:44 - [MESSAGE][PASSED] - Delayed 1 second(s)

2018-12-17 17:41:44 - [TEST_STEP][PASSED] - callTestCase: Call Test Case 'Test Cases/Final Aug 2018 - PKS Automation/Common/Reference Number Getter' successfully

2018-12-17 17:41:44 - [TEST_CASE][PASSED] - Test Cases/Final Aug 2018 - PKS Automation/Common/Reference Number Getter: Test Cases/Final Aug 2018 - PKS Automation/Common/Reference Number Getter

2018-12-17 17:41:44 - [TEST_STEP][PASSED] - Statement - Try: null

2018-12-17 17:41:44 - [TEST_STEP][PASSED] - Statement - RefNo = new java.io.File(C://Users//Admin//Desktop//PKS//Automation Reference Point//KatalonReference.txt): null

2018-12-17 17:41:44 - [TEST_STEP][PASSED] - Statement - bufferread = new java.io.BufferedReader(new java.io.FileReader(RefNo)): null

2018-12-17 17:41:44 - [TEST_STEP][PASSED] - Statement - readedVal = bufferread.readLine(): null

2018-12-17 17:41:44 - [TEST_STEP][PASSED] - Statement - out.println(CaseReferenceNo): null

2018-12-17 17:41:44 - [TEST_STEP][PASSED] - Statement - out.println(readedVal): null

2018-12-17 17:41:44 - [TEST_STEP][PASSED] - Statement - CaseReferenceNo = "": null

2018-12-17 17:41:44 - [TEST_STEP][PASSED] - Statement - CaseReferenceNo = readedVal: null

2018-12-17 17:41:44 - [MESSAGE][PASSED] - Call Test Case 'Test Cases/Final Aug 2018 - PKS Automation/Common/Reference Number Getter' successfully

2018-12-17 17:41:44 - [TEST_STEP][PASSED] - callTestCase: Call Test Case 'Test Cases/Final Aug 2018 - PKS Automation/Common/Workflow Owner Finder' successfully

2018-12-17 17:41:44 - [TEST_CASE][PASSED] - Test Cases/Final Aug 2018 - PKS Automation/Common/Workflow Owner Finder: Test Cases/Final Aug 2018 - PKS Automation/Common/Workflow Owner Finder

2018-12-17 17:41:44 - [TEST_STEP][PASSED] - openBrowser: Browser is opened with url: ''

2018-12-17 17:41:44 - [MESSAGE][WARNING] - A browser is already opened. Closing browser and opening a new one

2018-12-17 17:41:47 - [MESSAGE][PASSED] - Browser is opened with url: ''

2018-12-17 17:41:47 - [TEST_STEP][PASSED] - navigateToUrl: Navigate to 'https://assist2-uat.perkeso.gov.my/login' successfully

2018-12-17 17:41:48 - [MESSAGE][PASSED] - Navigate to 'https://assist2-uat.perkeso.gov.my/login' successfully

2018-12-17 17:41:48 - [TEST_STEP][PASSED] - delay: Delayed 5 second(s)

2018-12-17 17:41:53 - [MESSAGE][PASSED] - Delayed 5 second(s)

2018-12-17 17:41:53 - [TEST_STEP][PASSED] - setText: Text 'test@liferay.com' is set on object 'Object Repository/Final Object Repo/Login Page/Internal User/Email Address'

2018-12-17 17:41:53 - [MESSAGE][PASSED] - Text 'test@liferay.com' is set on object 'Object Repository/Final Object Repo/Login Page/Internal User/Email Address'

2018-12-17 17:41:53 - [TEST_STEP][PASSED] - click: Object: 'Object Repository/Final Object Repo/Login Page/Internal User/Next Button' is clicked on

2018-12-17 17:41:54 - [MESSAGE][PASSED] - Object: 'Object Repository/Final Object Repo/Login Page/Internal User/Next Button' is clicked on

2018-12-17 17:41:54 - [TEST_STEP][PASSED] - delay: Delayed 2 second(s)

2018-12-17 17:41:56 - [MESSAGE][PASSED] - Delayed 2 second(s)

2018-12-17 17:41:56 - [TEST_STEP][PASSED] - setText: Text 'test' is set on object 'Object Repository/Final Object Repo/Login Page/Internal User/Password'

2018-12-17 17:41:56 - [MESSAGE][PASSED] - Text 'test' is set on object 'Object Repository/Final Object Repo/Login Page/Internal User/Password'

2018-12-17 17:41:56 - [TEST_STEP][PASSED] - delay: Delayed 2 second(s)

2018-12-17 17:41:58 - [MESSAGE][PASSED] - Delayed 2 second(s)

2018-12-17 17:41:58 - [TEST_STEP][PASSED] - click: Object: 'Object Repository/Final Object Repo/Login Page/Internal User/Login Button' is clicked on

2018-12-17 17:41:58 - [MESSAGE][PASSED] - Object: 'Object Repository/Final Object Repo/Login Page/Internal User/Login Button' is clicked on

2018-12-17 17:41:58 - [TEST_STEP][PASSED] - Statement - tester = com.kms.katalon.core.testobject.ObjectRepository.findTestObject(Final Object Repo/Landing Page/Select to English): Finding Test Object with id 'Object Repository/Final Object Repo/Landing Page/Select to English'

2018-12-17 17:41:58 - [TEST_STEP][PASSED] - Statement - Try: Delayed 2 second(s)

2018-12-17 17:41:58 - [TEST_STEP][PASSED] - Statement - Checker = com.kms.katalon.core.webui.keyword.WebUiBuiltInKeywords.verifyElementNotPresent(tester, 3): Web element with id: 'Object Repository/Final Object Repo/Landing Page/Select to English' located by 'By.xpath: //a[@class = 'taglib-language-list-text' and @lang = 'en-US' and (contains(text(), 'EN') or contains(., 'EN'))]' is not present after '3' second(s)

2018-12-17 17:42:00 - [MESSAGE][PASSED] - Web element with id: 'Object Repository/Final Object Repo/Landing Page/Select to English' located by 'By.xpath: //a[@class = 'taglib-language-list-text' and @lang = 'en-US' and (contains(text(), 'EN') or contains(., 'EN'))]' is not present after '3' second(s)

2018-12-17 17:42:00 - [TEST_STEP][PASSED] - Statement - If (Checker == false): null

2018-12-17 17:42:00 - [TEST_STEP][PASSED] - delay: Delayed 2 second(s)

2018-12-17 17:42:02 - [MESSAGE][PASSED] - Delayed 2 second(s)

2018-12-17 17:42:02 - [TEST_STEP][PASSED] - delay: Delayed 5 second(s)

2018-12-17 17:42:07 - [MESSAGE][PASSED] - Delayed 5 second(s)

2018-12-17 17:42:07 - [TEST_STEP][PASSED] - mouseOver: Object: 'Object Repository/Final Object Repo/Landing Page/WorkFlow Menu' is hovered

2018-12-17 17:42:07 - [MESSAGE][PASSED] - Object: 'Object Repository/Final Object Repo/Landing Page/WorkFlow Menu' is hovered

2018-12-17 17:42:07 - [TEST_STEP][PASSED] - delay: Delayed 2 second(s)

2018-12-17 17:42:09 - [MESSAGE][PASSED] - Delayed 2 second(s)

2018-12-17 17:42:09 - [TEST_STEP][PASSED] - click: Object: 'Object Repository/Final Object Repo/Landing Page/Select to Workflow Listing' is clicked on

2018-12-17 17:42:10 - [MESSAGE][PASSED] - Object: 'Object Repository/Final Object Repo/Landing Page/Select to Workflow Listing' is clicked on

2018-12-17 17:42:10 - [TEST_STEP][PASSED] - delay: Delayed 2 second(s)

2018-12-17 17:42:12 - [MESSAGE][PASSED] - Delayed 2 second(s)

2018-12-17 17:42:12 - [TEST_STEP][PASSED] - click: Object: 'Object Repository/Final Object Repo/WorkFlow Listing Page/Search Information - To Put Ref No' is clicked on

2018-12-17 17:42:12 - [MESSAGE][PASSED] - Object: 'Object Repository/Final Object Repo/WorkFlow Listing Page/Search Information - To Put Ref No' is clicked on

2018-12-17 17:42:12 - [TEST_STEP][PASSED] - delay: Delayed 2 second(s)

2018-12-17 17:42:14 - [MESSAGE][PASSED] - Delayed 2 second(s)

2018-12-17 17:42:14 - [TEST_STEP][PASSED] - callTestCase: Call Test Case 'Test Cases/Final Aug 2018 - PKS Automation/Common/Reference Number Getter' successfully

2018-12-17 17:42:14 - [TEST_CASE][PASSED] - Test Cases/Final Aug 2018 - PKS Automation/Common/Reference Number Getter: Test Cases/Final Aug 2018 - PKS Automation/Common/Reference Number Getter

2018-12-17 17:42:14 - [TEST_STEP][PASSED] - Statement - Try: null

2018-12-17 17:42:14 - [TEST_STEP][PASSED] - Statement - RefNo = new java.io.File(C://Users//Admin//Desktop//PKS//Automation Reference Point//KatalonReference.txt): null

2018-12-17 17:42:14 - [TEST_STEP][PASSED] - Statement - bufferread = new java.io.BufferedReader(new java.io.FileReader(RefNo)): null

2018-12-17 17:42:14 - [TEST_STEP][PASSED] - Statement - readedVal = bufferread.readLine(): null

2018-12-17 17:42:14 - [TEST_STEP][PASSED] - Statement - out.println(CaseReferenceNo): null

2018-12-17 17:42:14 - [TEST_STEP][PASSED] - Statement - out.println(readedVal): null

2018-12-17 17:42:14 - [TEST_STEP][PASSED] - Statement - CaseReferenceNo = "": null

2018-12-17 17:42:14 - [TEST_STEP][PASSED] - Statement - CaseReferenceNo = readedVal: null

2018-12-17 17:42:14 - [MESSAGE][PASSED] - Call Test Case 'Test Cases/Final Aug 2018 - PKS Automation/Common/Reference Number Getter' successfully

2018-12-17 17:42:14 - [TEST_STEP][PASSED] - setText: Text 'ERN122018C200002495' is set on object 'Object Repository/Final Object Repo/WorkFlow Listing Page/Ref No Set Text'

2018-12-17 17:42:15 - [MESSAGE][PASSED] - Text 'ERN122018C200002495' is set on object 'Object Repository/Final Object Repo/WorkFlow Listing Page/Ref No Set Text'

2018-12-17 17:42:15 - [TEST_STEP][PASSED] - delay: Delayed 2 second(s)

2018-12-17 17:42:17 - [MESSAGE][PASSED] - Delayed 2 second(s)

2018-12-17 17:42:17 - [TEST_STEP][PASSED] - click: Object: 'Object Repository/Final Object Repo/WorkFlow Listing Page/Search Ref No Search Button' is clicked on

2018-12-17 17:42:17 - [MESSAGE][PASSED] - Object: 'Object Repository/Final Object Repo/WorkFlow Listing Page/Search Ref No Search Button' is clicked on

2018-12-17 17:42:17 - [TEST_STEP][PASSED] - delay: Delayed 6 second(s)

2018-12-17 17:42:23 - [MESSAGE][PASSED] - Delayed 6 second(s)

2018-12-17 17:42:23 - [TEST_STEP][PASSED] - click: Object: 'Object Repository/Final Object Repo/WorkFlow Listing Page/Click Continue Tooltip' is clicked on

2018-12-17 17:42:24 - [MESSAGE][PASSED] - Object: 'Object Repository/Final Object Repo/WorkFlow Listing Page/Click Continue Tooltip' is clicked on

2018-12-17 17:42:24 - [TEST_STEP][PASSED] - delay: Delayed 5 second(s)

2018-12-17 17:42:29 - [MESSAGE][PASSED] - Delayed 5 second(s)

2018-12-17 17:42:29 - [TEST_STEP][PASSED] - doubleClick: Object: 'Object Repository/Final Object Repo/WorkFlow Listing Page/Workflow Found - Listing 1' is double clicked on

2018-12-17 17:42:29 - [MESSAGE][PASSED] - Object: 'Object Repository/Final Object Repo/WorkFlow Listing Page/Workflow Found - Listing 1' is double clicked on

2018-12-17 17:42:29 - [TEST_STEP][PASSED] - Statement - println(OwnerID): null

2018-12-17 17:42:29 - [TEST_STEP][PASSED] - Statement - OwnerID = com.kms.katalon.core.webui.keyword.WebUiBuiltInKeywords.getText(com.kms.katalon.core.testobject.ObjectRepository.findTestObject(Final Object Repo/WorkFlow Listing Page/Workflow Found - Listing 1), STOP_ON_FAILURE): Text of object 'Object Repository/Final Object Repo/WorkFlow Listing Page/Workflow Found - Listing 1' is: 'JOHORuo1'

2018-12-17 17:42:29 - [MESSAGE][PASSED] - Text of object 'Object Repository/Final Object Repo/WorkFlow Listing Page/Workflow Found - Listing 1' is: 'JOHORuo1'

2018-12-17 17:42:29 - [TEST_STEP][PASSED] - Statement - OwnerID = OwnerID.toLowerCase() + "@gmail.com": null

2018-12-17 17:42:29 - [TEST_STEP][PASSED] - Statement - println(OwnerID): null

2018-12-17 17:42:29 - [TEST_STEP][PASSED] - delay: Delayed 2 second(s)

2018-12-17 17:42:31 - [MESSAGE][PASSED] - Delayed 2 second(s)

2018-12-17 17:42:31 - [MESSAGE][PASSED] - Call Test Case 'Test Cases/Final Aug 2018 - PKS Automation/Common/Workflow Owner Finder' successfully

2018-12-17 17:42:31 - [TEST_STEP][PASSED] - delay: Delayed 1 second(s)

2018-12-17 17:42:32 - [MESSAGE][PASSED] - Delayed 1 second(s)

2018-12-17 17:42:32 - [TEST_STEP][PASSED] - navigateToUrl: Navigate to 'https://assist2-uat.perkeso.gov.my/c/portal/logout' successfully

2018-12-17 17:42:33 - [MESSAGE][PASSED] - Navigate to 'https://assist2-uat.perkeso.gov.my/c/portal/logout' successfully

2018-12-17 17:42:33 - [TEST_STEP][PASSED] - delay: Delayed 1 second(s)

2018-12-17 17:42:34 - [MESSAGE][PASSED] - Delayed 1 second(s)

2018-12-17 17:42:34 - [TEST_STEP][PASSED] - callTestCase: Call Test Case 'Test Cases/Final Aug 2018 - PKS Automation/Registration Module/Workflow/Login and Search Case For Workflow' successfully

2018-12-17 17:42:34 - [TEST_CASE][PASSED] - Test Cases/Final Aug 2018 - PKS Automation/Registration Module/Workflow/Login and Search Case For Workflow: Test Cases/Final Aug 2018 - PKS Automation/Registration Module/Workflow/Login and Search Case For Workflow

2018-12-17 17:42:34 - [TEST_STEP][PASSED] - navigateToUrl: Navigate to 'https://assist2-uat.perkeso.gov.my/login' successfully

2018-12-17 17:42:35 - [MESSAGE][PASSED] - Navigate to 'https://assist2-uat.perkeso.gov.my/login' successfully

2018-12-17 17:42:35 - [TEST_STEP][PASSED] - setText: Text 'johoruo1@gmail.com' is set on object 'Object Repository/Final Object Repo/Login Page/Internal User/Email Address'

2018-12-17 17:42:35 - [MESSAGE][PASSED] - Text 'johoruo1@gmail.com' is set on object 'Object Repository/Final Object Repo/Login Page/Internal User/Email Address'

2018-12-17 17:42:35 - [TEST_STEP][PASSED] - click: Object: 'Object Repository/Final Object Repo/Login Page/Internal User/Next Button' is clicked on

2018-12-17 17:42:35 - [MESSAGE][PASSED] - Object: 'Object Repository/Final Object Repo/Login Page/Internal User/Next Button' is clicked on

2018-12-17 17:42:35 - [TEST_STEP][PASSED] - delay: Delayed 1 second(s)

2018-12-17 17:42:36 - [MESSAGE][PASSED] - Delayed 1 second(s)

2018-12-17 17:42:36 - [TEST_STEP][PASSED] - setEncryptedText: Text ****** has been set on object 'Object Repository/Final Object Repo/Login Page/Internal User/Password'

2018-12-17 17:42:36 - [MESSAGE][PASSED] - Text ****** has been set on object 'Object Repository/Final Object Repo/Login Page/Internal User/Password'

2018-12-17 17:42:36 - [TEST_STEP][PASSED] - click: Object: 'Object Repository/Final Object Repo/Login Page/Internal User/Login Button' is clicked on

2018-12-17 17:42:37 - [MESSAGE][PASSED] - Object: 'Object Repository/Final Object Repo/Login Page/Internal User/Login Button' is clicked on

2018-12-17 17:42:37 - [TEST_STEP][PASSED] - delay: Delayed 2 second(s)

2018-12-17 17:42:39 - [MESSAGE][PASSED] - Delayed 2 second(s)

2018-12-17 17:42:39 - [TEST_STEP][PASSED] - Statement - Try: Delayed 2 second(s)

2018-12-17 17:42:39 - [TEST_STEP][PASSED] - Statement - Checker = false: null

2018-12-17 17:42:39 - [TEST_STEP][PASSED] - Statement - Checker = com.kms.katalon.core.webui.keyword.WebUiBuiltInKeywords.verifyElementHasAttribute(com.kms.katalon.core.testobject.ObjectRepository.findTestObject(Final Object Repo/Landing Page/BM Detecting), "href", 20, OPTIONAL): Object 'Object Repository/Final Object Repo/Landing Page/BM Detecting' has attribute 'href'

2018-12-17 17:42:39 - [MESSAGE][PASSED] - Object 'Object Repository/Final Object Repo/Landing Page/BM Detecting' has attribute 'href'

2018-12-17 17:42:39 - [TEST_STEP][PASSED] - Statement - out.println(Checker): null

2018-12-17 17:42:39 - [TEST_STEP][PASSED] - Statement - If (Checker == false): null

2018-12-17 17:42:39 - [TEST_STEP][PASSED] - Statement - Else: null

2018-12-17 17:42:39 - [TEST_STEP][PASSED] - delay: Delayed 2 second(s)

2018-12-17 17:42:41 - [MESSAGE][PASSED] - Delayed 2 second(s)

2018-12-17 17:42:41 - [TEST_STEP][PASSED] - click: Object: 'Object Repository/Final Object Repo/Page_MyASSIST - ASSIST - Search Pending Case For Add Supporting Document/Search Information' is clicked on

2018-12-17 17:42:41 - [MESSAGE][PASSED] - Object: 'Object Repository/Final Object Repo/Page_MyASSIST - ASSIST - Search Pending Case For Add Supporting Document/Search Information' is clicked on

2018-12-17 17:42:41 - [TEST_STEP][PASSED] - delay: Delayed 3 second(s)

2018-12-17 17:42:44 - [MESSAGE][PASSED] - Delayed 3 second(s)

2018-12-17 17:42:44 - [TEST_STEP][PASSED] - sendKeys: Keys 'ERN122018C200002495' sent to object: 'Object Repository/Final Object Repo/Page_MyASSIST - ASSIST - Search Pending Case For Add Supporting Document/Reference No'

2018-12-17 17:42:44 - [MESSAGE][PASSED] - Keys 'ERN122018C200002495' sent to object: 'Object Repository/Final Object Repo/Page_MyASSIST - ASSIST - Search Pending Case For Add Supporting Document/Reference No'

2018-12-17 17:42:44 - [TEST_STEP][PASSED] - click: Object: 'Object Repository/Final Object Repo/Page_MyASSIST - ASSIST - Search Pending Case For Add Supporting Document/Search Reference No' is clicked on

2018-12-17 17:42:44 - [MESSAGE][PASSED] - Object: 'Object Repository/Final Object Repo/Page_MyASSIST - ASSIST - Search Pending Case For Add Supporting Document/Search Reference No' is clicked on

2018-12-17 17:42:44 - [TEST_STEP][PASSED] - delay: Delayed 2 second(s)

2018-12-17 17:42:46 - [MESSAGE][PASSED] - Delayed 2 second(s)

2018-12-17 17:42:46 - [TEST_STEP][PASSED] - click: Object: 'Object Repository/Final Object Repo/Page_MyASSIST - ASSIST - Search Pending Case For Add Supporting Document/Continue' is clicked on

2018-12-17 17:42:49 - [MESSAGE][PASSED] - Object: 'Object Repository/Final Object Repo/Page_MyASSIST - ASSIST - Search Pending Case For Add Supporting Document/Continue' is clicked on

2018-12-17 17:42:49 - [TEST_STEP][PASSED] - delay: Delayed 20 second(s)

2018-12-17 17:43:09 - [MESSAGE][PASSED] - Delayed 20 second(s)

2018-12-17 17:43:09 - [MESSAGE][PASSED] - Call Test Case 'Test Cases/Final Aug 2018 - PKS Automation/Registration Module/Workflow/Login and Search Case For Workflow' successfully

2018-12-17 17:43:09 - [TEST_STEP][PASSED] - click: Object: 'Object Repository/Final Object Repo/Page_Form 3 EIS - Cessation as Employer/Page_Form 3 EIS - Cessation as Employer (Approve)/Save  Continue in Form 3 Page' is clicked on

2018-12-17 17:43:10 - [MESSAGE][PASSED] - Object: 'Object Repository/Final Object Repo/Page_Form 3 EIS - Cessation as Employer/Page_Form 3 EIS - Cessation as Employer (Approve)/Save  Continue in Form 3 Page' is clicked on

2018-12-17 17:43:10 - [TEST_STEP][PASSED] - delay: Delayed 2 second(s)

2018-12-17 17:43:12 - [MESSAGE][PASSED] - Delayed 2 second(s)

2018-12-17 17:43:12 - [TEST_STEP][PASSED] - click: Object: 'Object Repository/Final Object Repo/Page_Form 3 EIS - Cessation as Employer/Page_Form 3 EIS - Cessation as Employer (Approve)/Save  Continue in Resigned Page' is clicked on

2018-12-17 17:43:12 - [MESSAGE][PASSED] - Object: 'Object Repository/Final Object Repo/Page_Form 3 EIS - Cessation as Employer/Page_Form 3 EIS - Cessation as Employer (Approve)/Save  Continue in Resigned Page' is clicked on

2018-12-17 17:43:12 - [TEST_STEP][PASSED] - delay: Delayed 2 second(s)

2018-12-17 17:43:14 - [MESSAGE][PASSED] - Delayed 2 second(s)

2018-12-17 17:43:14 - [TEST_STEP][PASSED] - click: Object: 'Object Repository/Final Object Repo/Page_Form 3 EIS - Cessation as Employer/Page_Form 3 EIS - Cessation as Employer (Approve)/Save  Continue in Uploading Page' is clicked on

2018-12-17 17:43:15 - [MESSAGE][PASSED] - Object: 'Object Repository/Final Object Repo/Page_Form 3 EIS - Cessation as Employer/Page_Form 3 EIS - Cessation as Employer (Approve)/Save  Continue in Uploading Page' is clicked on

2018-12-17 17:43:15 - [TEST_STEP][PASSED] - delay: Delayed 2 second(s)

2018-12-17 17:43:17 - [MESSAGE][PASSED] - Delayed 2 second(s)

2018-12-17 17:43:17 - [TEST_STEP][PASSED] - click: Object: 'Object Repository/Final Object Repo/Page_Form 3 EIS - Cessation as Employer/Page_Form 3 EIS - Cessation as Employer (Under enforcement)/Underenforcement' is clicked on

2018-12-17 17:43:20 - [MESSAGE][PASSED] - Object: 'Object Repository/Final Object Repo/Page_Form 3 EIS - Cessation as Employer/Page_Form 3 EIS - Cessation as Employer (Under enforcement)/Underenforcement' is clicked on

2018-12-17 17:43:20 - [TEST_STEP][PASSED] - delay: Delayed 2 second(s)

2018-12-17 17:43:22 - [MESSAGE][PASSED] - Delayed 2 second(s)

2018-12-17 17:43:22 - [TEST_STEP][PASSED] - setText: Text 'Remark' is set on object 'Object Repository/Final Object Repo/Page_Form 3 EIS - Cessation as Employer/Page_Form 3 EIS - Cessation as Employer (Under enforcement)/Under enforcement - Remark'

2018-12-17 17:43:22 - [MESSAGE][PASSED] - Text 'Remark' is set on object 'Object Repository/Final Object Repo/Page_Form 3 EIS - Cessation as Employer/Page_Form 3 EIS - Cessation as Employer (Under enforcement)/Under enforcement - Remark'

2018-12-17 17:43:22 - [TEST_STEP][PASSED] - delay: Delayed 2 second(s)

2018-12-17 17:43:24 - [MESSAGE][PASSED] - Delayed 2 second(s)

2018-12-17 17:43:24 - [TEST_STEP][PASSED] - click: Object: 'Object Repository/Final Object Repo/Page_Form 3 EIS - Cessation as Employer/Page_Form 3 EIS - Cessation as Employer (Under enforcement)/Save  Continue in Under enforcement' is clicked on

2018-12-17 17:43:24 - [MESSAGE][PASSED] - Object: 'Object Repository/Final Object Repo/Page_Form 3 EIS - Cessation as Employer/Page_Form 3 EIS - Cessation as Employer (Under enforcement)/Save  Continue in Under enforcement' is clicked on

2018-12-17 17:43:24 - [TEST_STEP][PASSED] - doubleClick: Object: 'Object Repository/Final Object Repo/Page_Form 3 EIS - Cessation as Employer/Page_Form 3 EIS - Cessation as Employer (Under enforcement)/Message The case is under enforcement' is double clicked on

2018-12-17 17:43:29 - [MESSAGE][PASSED] - Object: 'Object Repository/Final Object Repo/Page_Form 3 EIS - Cessation as Employer/Page_Form 3 EIS - Cessation as Employer (Under enforcement)/Message The case is under enforcement' is double clicked on

2018-12-17 17:43:29 - [MESSAGE][PASSED] - Call Test Case 'Test Cases/Final Aug 2018 - PKS Automation/Registration Module/Workflow/Form 3 EIS - Cessation As Employer/Template/Form 3 A - Cessation As Employer (Under enforcement)' successfully]]></system-out>
         <system-err><![CDATA[]]></system-err>
      </testcase>
      <system-out><![CDATA[2018-12-17 16:41:08 - [TEST_SUITE][FAILED] - Form 3 EIS - Cessation as Employer: Test Cases/Final Aug 2018 - PKS Automation/Registration Module/Workflow/Form 3 EIS - Cessation As Employer/OTC to UO (Query) FAILED because (of) (Stack trace: com.kms.katalon.core.exception.StepFailedException: Unable to click on object 'Object Repository/Final Object Repo/Page_Form 3 EIS - Cessation as Employer/Page_Form 3 EIS - Cessation as Employer (Query - OTC - UO)/Next' (Root cause: com.kms.katalon.core.webui.exception.WebElementNotFoundException: Web element with id: 'Object Repository/Final Object Repo/Page_Form 3 EIS - Cessation as Employer/Page_Form 3 EIS - Cessation as Employer (Query - OTC - UO)/Next' located by 'By.xpath: //a[(contains(text(), 'NEXT') or contains(., 'NEXT'))]' not found)
	at com.kms.katalon.core.keyword.internal.KeywordMain.stepFailed(KeywordMain.groovy:32)
	at com.kms.katalon.core.webui.keyword.internal.WebUIKeywordMain.stepFailed(WebUIKeywordMain.groovy:65)
	at com.kms.katalon.core.webui.keyword.internal.WebUIKeywordMain.runKeyword(WebUIKeywordMain.groovy:27)
	at com.kms.katalon.core.webui.keyword.builtin.ClickKeyword.click(ClickKeyword.groovy:86)
	at com.kms.katalon.core.webui.keyword.builtin.ClickKeyword.execute(ClickKeyword.groovy:67)
	at com.kms.katalon.core.keyword.internal.KeywordExecutor.executeKeywordForPlatform(KeywordExecutor.groovy:53)
	at com.kms.katalon.core.webui.keyword.WebUiBuiltInKeywords.click(WebUiBuiltInKeywords.groovy:616)
	at com.kms.katalon.core.webui.keyword.WebUiBuiltInKeywords$click$2.call(Unknown Source)
	at Script1536114876563.run(Script1536114876563.groovy:87)
	at com.kms.katalon.core.main.ScriptEngine.run(ScriptEngine.java:183)
	at com.kms.katalon.core.main.ScriptEngine.runScriptAsRawText(ScriptEngine.java:108)
	at com.kms.katalon.core.main.TestCaseExecutor.runScript(TestCaseExecutor.java:294)
	at com.kms.katalon.core.main.TestCaseExecutor.doExecute(TestCaseExecutor.java:285)
	at com.kms.katalon.core.main.TestCaseExecutor.processExecutionPhase(TestCaseExecutor.java:264)
	at com.kms.katalon.core.main.TestCaseExecutor.accessMainPhase(TestCaseExecutor.java:256)
	at com.kms.katalon.core.main.TestCaseExecutor.execute(TestCaseExecutor.java:200)
	at com.kms.katalon.core.main.TestCaseMain.runTestCase(TestCaseMain.java:99)
	at com.kms.katalon.core.keyword.builtin.CallTestCaseKeyword$_callTestCase_closure1.doCall(CallTestCaseKeyword.groovy:60)
	at com.kms.katalon.core.keyword.builtin.CallTestCaseKeyword$_callTestCase_closure1.call(CallTestCaseKeyword.groovy)
	at com.kms.katalon.core.keyword.internal.KeywordMain.runKeyword(KeywordMain.groovy:54)
	at com.kms.katalon.core.keyword.builtin.CallTestCaseKeyword.callTestCase(CallTestCaseKeyword.groovy:81)
	at com.kms.katalon.core.keyword.builtin.CallTestCaseKeyword.execute(CallTestCaseKeyword.groovy:45)
	at com.kms.katalon.core.keyword.internal.KeywordExecutor.executeKeywordForPlatform(KeywordExecutor.groovy:53)
	at com.kms.katalon.core.keyword.BuiltinKeywords.callTestCase(BuiltinKeywords.groovy:334)
	at sun.reflect.GeneratedMethodAccessor13.invoke(Unknown Source)
	at sun.reflect.DelegatingMethodAccessorImpl.invoke(DelegatingMethodAccessorImpl.java:43)
	at java.lang.reflect.Method.invoke(Method.java:498)
	at org.codehaus.groovy.reflection.CachedMethod.invoke(CachedMethod.java:93)
	at groovy.lang.MetaMethod.doMethodInvoke(MetaMethod.java:325)
	at groovy.lang.MetaClassImpl.invokeStaticMethod(MetaClassImpl.java:1469)
	at org.codehaus.groovy.runtime.callsite.StaticMetaClassSite.call(StaticMetaClassSite.java:53)
	at org.codehaus.groovy.runtime.callsite.CallSiteArray.defaultCall(CallSiteArray.java:48)
	at org.codehaus.groovy.runtime.callsite.AbstractCallSite.call(AbstractCallSite.java:113)
	at org.codehaus.groovy.runtime.callsite.AbstractCallSite.call(AbstractCallSite.java:141)
	at Script1536204253481.run(Script1536204253481.groovy:25)
	at com.kms.katalon.core.main.ScriptEngine.run(ScriptEngine.java:183)
	at com.kms.katalon.core.main.ScriptEngine.runScriptAsRawText(ScriptEngine.java:108)
	at com.kms.katalon.core.main.TestCaseExecutor.runScript(TestCaseExecutor.java:294)
	at com.kms.katalon.core.main.TestCaseExecutor.doExecute(TestCaseExecutor.java:285)
	at com.kms.katalon.core.main.TestCaseExecutor.processExecutionPhase(TestCaseExecutor.java:264)
	at com.kms.katalon.core.main.TestCaseExecutor.accessMainPhase(TestCaseExecutor.java:256)
	at com.kms.katalon.core.main.TestCaseExecutor.execute(TestCaseExecutor.java:200)
	at com.kms.katalon.core.main.TestSuiteExecutor.accessTestCaseMainPhase(TestSuiteExecutor.java:129)
	at com.kms.katalon.core.main.TestSuiteExecutor.accessTestSuiteMainPhase(TestSuiteExecutor.java:112)
	at com.kms.katalon.core.main.TestSuiteExecutor.execute(TestSuiteExecutor.java:81)
	at com.kms.katalon.core.main.TestCaseMain.startTestSuite(TestCaseMain.java:142)
	at com.kms.katalon.core.main.TestCaseMain$startTestSuite$0.call(Unknown Source)
	at org.codehaus.groovy.runtime.callsite.CallSiteArray.defaultCall(CallSiteArray.java:48)
	at org.codehaus.groovy.runtime.callsite.AbstractCallSite.call(AbstractCallSite.java:113)
	at org.codehaus.groovy.runtime.callsite.AbstractCallSite.call(AbstractCallSite.java:141)
	at TempTestSuite1545036066283.run(TempTestSuite1545036066283.groovy:36)
	at groovy.lang.GroovyShell.runScriptOrMainOrTestOrRunnable(GroovyShell.java:263)
	at groovy.lang.GroovyShell.run(GroovyShell.java:518)
	at groovy.lang.GroovyShell.run(GroovyShell.java:507)
	at groovy.ui.GroovyMain.processOnce(GroovyMain.java:653)
	at groovy.ui.GroovyMain.run(GroovyMain.java:384)
	at groovy.ui.GroovyMain.process(GroovyMain.java:370)
	at groovy.ui.GroovyMain.processArgs(GroovyMain.java:129)
	at groovy.ui.GroovyMain.main(GroovyMain.java:109)
	at sun.reflect.NativeMethodAccessorImpl.invoke0(Native Method)
	at sun.reflect.NativeMethodAccessorImpl.invoke(NativeMethodAccessorImpl.java:62)
	at sun.reflect.DelegatingMethodAccessorImpl.invoke(DelegatingMethodAccessorImpl.java:43)
	at java.lang.reflect.Method.invoke(Method.java:498)
	at org.codehaus.groovy.tools.GroovyStarter.rootLoader(GroovyStarter.java:109)
	at org.codehaus.groovy.tools.GroovyStarter.main(GroovyStarter.java:131)
)]]></system-out>
      <system-err><![CDATA[2018-12-17 16:41:08 - [TEST_SUITE][FAILED] - Form 3 EIS - Cessation as Employer: Test Cases/Final Aug 2018 - PKS Automation/Registration Module/Workflow/Form 3 EIS - Cessation As Employer/OTC to UO (Query) FAILED because (of) (Stack trace: com.kms.katalon.core.exception.StepFailedException: Unable to click on object 'Object Repository/Final Object Repo/Page_Form 3 EIS - Cessation as Employer/Page_Form 3 EIS - Cessation as Employer (Query - OTC - UO)/Next' (Root cause: com.kms.katalon.core.webui.exception.WebElementNotFoundException: Web element with id: 'Object Repository/Final Object Repo/Page_Form 3 EIS - Cessation as Employer/Page_Form 3 EIS - Cessation as Employer (Query - OTC - UO)/Next' located by 'By.xpath: //a[(contains(text(), 'NEXT') or contains(., 'NEXT'))]' not found)
	at com.kms.katalon.core.keyword.internal.KeywordMain.stepFailed(KeywordMain.groovy:32)
	at com.kms.katalon.core.webui.keyword.internal.WebUIKeywordMain.stepFailed(WebUIKeywordMain.groovy:65)
	at com.kms.katalon.core.webui.keyword.internal.WebUIKeywordMain.runKeyword(WebUIKeywordMain.groovy:27)
	at com.kms.katalon.core.webui.keyword.builtin.ClickKeyword.click(ClickKeyword.groovy:86)
	at com.kms.katalon.core.webui.keyword.builtin.ClickKeyword.execute(ClickKeyword.groovy:67)
	at com.kms.katalon.core.keyword.internal.KeywordExecutor.executeKeywordForPlatform(KeywordExecutor.groovy:53)
	at com.kms.katalon.core.webui.keyword.WebUiBuiltInKeywords.click(WebUiBuiltInKeywords.groovy:616)
	at com.kms.katalon.core.webui.keyword.WebUiBuiltInKeywords$click$2.call(Unknown Source)
	at Script1536114876563.run(Script1536114876563.groovy:87)
	at com.kms.katalon.core.main.ScriptEngine.run(ScriptEngine.java:183)
	at com.kms.katalon.core.main.ScriptEngine.runScriptAsRawText(ScriptEngine.java:108)
	at com.kms.katalon.core.main.TestCaseExecutor.runScript(TestCaseExecutor.java:294)
	at com.kms.katalon.core.main.TestCaseExecutor.doExecute(TestCaseExecutor.java:285)
	at com.kms.katalon.core.main.TestCaseExecutor.processExecutionPhase(TestCaseExecutor.java:264)
	at com.kms.katalon.core.main.TestCaseExecutor.accessMainPhase(TestCaseExecutor.java:256)
	at com.kms.katalon.core.main.TestCaseExecutor.execute(TestCaseExecutor.java:200)
	at com.kms.katalon.core.main.TestCaseMain.runTestCase(TestCaseMain.java:99)
	at com.kms.katalon.core.keyword.builtin.CallTestCaseKeyword$_callTestCase_closure1.doCall(CallTestCaseKeyword.groovy:60)
	at com.kms.katalon.core.keyword.builtin.CallTestCaseKeyword$_callTestCase_closure1.call(CallTestCaseKeyword.groovy)
	at com.kms.katalon.core.keyword.internal.KeywordMain.runKeyword(KeywordMain.groovy:54)
	at com.kms.katalon.core.keyword.builtin.CallTestCaseKeyword.callTestCase(CallTestCaseKeyword.groovy:81)
	at com.kms.katalon.core.keyword.builtin.CallTestCaseKeyword.execute(CallTestCaseKeyword.groovy:45)
	at com.kms.katalon.core.keyword.internal.KeywordExecutor.executeKeywordForPlatform(KeywordExecutor.groovy:53)
	at com.kms.katalon.core.keyword.BuiltinKeywords.callTestCase(BuiltinKeywords.groovy:334)
	at sun.reflect.GeneratedMethodAccessor13.invoke(Unknown Source)
	at sun.reflect.DelegatingMethodAccessorImpl.invoke(DelegatingMethodAccessorImpl.java:43)
	at java.lang.reflect.Method.invoke(Method.java:498)
	at org.codehaus.groovy.reflection.CachedMethod.invoke(CachedMethod.java:93)
	at groovy.lang.MetaMethod.doMethodInvoke(MetaMethod.java:325)
	at groovy.lang.MetaClassImpl.invokeStaticMethod(MetaClassImpl.java:1469)
	at org.codehaus.groovy.runtime.callsite.StaticMetaClassSite.call(StaticMetaClassSite.java:53)
	at org.codehaus.groovy.runtime.callsite.CallSiteArray.defaultCall(CallSiteArray.java:48)
	at org.codehaus.groovy.runtime.callsite.AbstractCallSite.call(AbstractCallSite.java:113)
	at org.codehaus.groovy.runtime.callsite.AbstractCallSite.call(AbstractCallSite.java:141)
	at Script1536204253481.run(Script1536204253481.groovy:25)
	at com.kms.katalon.core.main.ScriptEngine.run(ScriptEngine.java:183)
	at com.kms.katalon.core.main.ScriptEngine.runScriptAsRawText(ScriptEngine.java:108)
	at com.kms.katalon.core.main.TestCaseExecutor.runScript(TestCaseExecutor.java:294)
	at com.kms.katalon.core.main.TestCaseExecutor.doExecute(TestCaseExecutor.java:285)
	at com.kms.katalon.core.main.TestCaseExecutor.processExecutionPhase(TestCaseExecutor.java:264)
	at com.kms.katalon.core.main.TestCaseExecutor.accessMainPhase(TestCaseExecutor.java:256)
	at com.kms.katalon.core.main.TestCaseExecutor.execute(TestCaseExecutor.java:200)
	at com.kms.katalon.core.main.TestSuiteExecutor.accessTestCaseMainPhase(TestSuiteExecutor.java:129)
	at com.kms.katalon.core.main.TestSuiteExecutor.accessTestSuiteMainPhase(TestSuiteExecutor.java:112)
	at com.kms.katalon.core.main.TestSuiteExecutor.execute(TestSuiteExecutor.java:81)
	at com.kms.katalon.core.main.TestCaseMain.startTestSuite(TestCaseMain.java:142)
	at com.kms.katalon.core.main.TestCaseMain$startTestSuite$0.call(Unknown Source)
	at org.codehaus.groovy.runtime.callsite.CallSiteArray.defaultCall(CallSiteArray.java:48)
	at org.codehaus.groovy.runtime.callsite.AbstractCallSite.call(AbstractCallSite.java:113)
	at org.codehaus.groovy.runtime.callsite.AbstractCallSite.call(AbstractCallSite.java:141)
	at TempTestSuite1545036066283.run(TempTestSuite1545036066283.groovy:36)
	at groovy.lang.GroovyShell.runScriptOrMainOrTestOrRunnable(GroovyShell.java:263)
	at groovy.lang.GroovyShell.run(GroovyShell.java:518)
	at groovy.lang.GroovyShell.run(GroovyShell.java:507)
	at groovy.ui.GroovyMain.processOnce(GroovyMain.java:653)
	at groovy.ui.GroovyMain.run(GroovyMain.java:384)
	at groovy.ui.GroovyMain.process(GroovyMain.java:370)
	at groovy.ui.GroovyMain.processArgs(GroovyMain.java:129)
	at groovy.ui.GroovyMain.main(GroovyMain.java:109)
	at sun.reflect.NativeMethodAccessorImpl.invoke0(Native Method)
	at sun.reflect.NativeMethodAccessorImpl.invoke(NativeMethodAccessorImpl.java:62)
	at sun.reflect.DelegatingMethodAccessorImpl.invoke(DelegatingMethodAccessorImpl.java:43)
	at java.lang.reflect.Method.invoke(Method.java:498)
	at org.codehaus.groovy.tools.GroovyStarter.rootLoader(GroovyStarter.java:109)
	at org.codehaus.groovy.tools.GroovyStarter.main(GroovyStarter.java:131)
)]]></system-err>
   </testsuite>
</testsuites>
