<?xml version="1.0" encoding="UTF-8"?>
<testsuites name="Form 3 EIS - Cessation as Employer" time="2756" tests="0" failures="11" errors="1">
   <testsuite name="Form 3 EIS - Cessation as Employer" tests="0" failures="11" errors="1" time="2756" timestamp="2018-10-20 23:21:20" hostname="Wei Zheng - WeiZheng" id="Test Suites/Workflow/Form 3 EIS - Cessation as Employer">
      <properties>
         <property name="deviceName" value=""/>
         <property name="devicePlatform" value=""/>
         <property name="logFolder" value="C:\\Users\\LENOVO\\Katalon Studio\\Perkeso Phase A\\Reports\\Workflow\\Form 3 EIS - Cessation as Employer\\20181020_165129"/>
         <property name="logFiles" value="C:\\Users\\LENOVO\\Katalon Studio\\Perkeso Phase A\\Reports\\Workflow\\Form 3 EIS - Cessation as Employer\\20181020_165129\\execution0.log"/>
         <property name="attachments" value="C:\\Users\\LENOVO\\Katalon Studio\\Perkeso Phase A\\Reports\\Workflow\\Form 3 EIS - Cessation as Employer\\20181020_165129\\1540049491867.png, C:\\Users\\LENOVO\\Katalon Studio\\Perkeso Phase A\\Reports\\Workflow\\Form 3 EIS - Cessation as Employer\\20181020_165129\\1540049534810.png, C:\\Users\\LENOVO\\Katalon Studio\\Perkeso Phase A\\Reports\\Workflow\\Form 3 EIS - Cessation as Employer\\20181020_165129\\1540049568128.png, C:\\Users\\LENOVO\\Katalon Studio\\Perkeso Phase A\\Reports\\Workflow\\Form 3 EIS - Cessation as Employer\\20181020_165129\\1540049603546.png, C:\\Users\\LENOVO\\Katalon Studio\\Perkeso Phase A\\Reports\\Workflow\\Form 3 EIS - Cessation as Employer\\20181020_165129\\1540049644184.png, C:\\Users\\LENOVO\\Katalon Studio\\Perkeso Phase A\\Reports\\Workflow\\Form 3 EIS - Cessation as Employer\\20181020_165129\\1540049687845.png, C:\\Users\\LENOVO\\Katalon Studio\\Perkeso Phase A\\Reports\\Workflow\\Form 3 EIS - Cessation as Employer\\20181020_165129\\1540049732740.png, C:\\Users\\LENOVO\\Katalon Studio\\Perkeso Phase A\\Reports\\Workflow\\Form 3 EIS - Cessation as Employer\\20181020_165129\\1540049768642.png, C:\\Users\\LENOVO\\Katalon Studio\\Perkeso Phase A\\Reports\\Workflow\\Form 3 EIS - Cessation as Employer\\20181020_165129\\1540049806561.png, C:\\Users\\LENOVO\\Katalon Studio\\Perkeso Phase A\\Reports\\Workflow\\Form 3 EIS - Cessation as Employer\\20181020_165129\\1540049843796.png, C:\\Users\\LENOVO\\Katalon Studio\\Perkeso Phase A\\Reports\\Workflow\\Form 3 EIS - Cessation as Employer\\20181020_165129\\1540049930953.png, C:\\Users\\LENOVO\\Katalon Studio\\Perkeso Phase A\\Reports\\Workflow\\Form 3 EIS - Cessation as Employer\\20181020_165129\\1540049971108.png, C:\\Users\\LENOVO\\Katalon Studio\\Perkeso Phase A\\Reports\\Workflow\\Form 3 EIS - Cessation as Employer\\20181020_165129\\1540050031612.png, C:\\Users\\LENOVO\\Katalon Studio\\Perkeso Phase A\\Reports\\Workflow\\Form 3 EIS - Cessation as Employer\\20181020_165129\\1540050064793.png, C:\\Users\\LENOVO\\Katalon Studio\\Perkeso Phase A\\Reports\\Workflow\\Form 3 EIS - Cessation as Employer\\20181020_165129\\1540050072643.png, C:\\Users\\LENOVO\\Katalon Studio\\Perkeso Phase A\\Reports\\Workflow\\Form 3 EIS - Cessation as Employer\\20181020_165129\\1540050112990.png, C:\\Users\\LENOVO\\Katalon Studio\\Perkeso Phase A\\Reports\\Workflow\\Form 3 EIS - Cessation as Employer\\20181020_165129\\1540050148817.png, C:\\Users\\LENOVO\\Katalon Studio\\Perkeso Phase A\\Reports\\Workflow\\Form 3 EIS - Cessation as Employer\\20181020_165129\\1540050185854.png, C:\\Users\\LENOVO\\Katalon Studio\\Perkeso Phase A\\Reports\\Workflow\\Form 3 EIS - Cessation as Employer\\20181020_165129\\1540050221098.png, C:\\Users\\LENOVO\\Katalon Studio\\Perkeso Phase A\\Reports\\Workflow\\Form 3 EIS - Cessation as Employer\\20181020_165129\\1540050302524.png, C:\\Users\\LENOVO\\Katalon Studio\\Perkeso Phase A\\Reports\\Workflow\\Form 3 EIS - Cessation as Employer\\20181020_165129\\1540050342338.png, C:\\Users\\LENOVO\\Katalon Studio\\Perkeso Phase A\\Reports\\Workflow\\Form 3 EIS - Cessation as Employer\\20181020_165129\\1540050450972.png, C:\\Users\\LENOVO\\Katalon Studio\\Perkeso Phase A\\Reports\\Workflow\\Form 3 EIS - Cessation as Employer\\20181020_165129\\1540050490944.png, C:\\Users\\LENOVO\\Katalon Studio\\Perkeso Phase A\\Reports\\Workflow\\Form 3 EIS - Cessation as Employer\\20181020_165129\\1540050546263.png, C:\\Users\\LENOVO\\Katalon Studio\\Perkeso Phase A\\Reports\\Workflow\\Form 3 EIS - Cessation as Employer\\20181020_165129\\1540050651744.png, C:\\Users\\LENOVO\\Katalon Studio\\Perkeso Phase A\\Reports\\Workflow\\Form 3 EIS - Cessation as Employer\\20181020_165129\\1540050691509.png, C:\\Users\\LENOVO\\Katalon Studio\\Perkeso Phase A\\Reports\\Workflow\\Form 3 EIS - Cessation as Employer\\20181020_165129\\1540050800894.png, C:\\Users\\LENOVO\\Katalon Studio\\Perkeso Phase A\\Reports\\Workflow\\Form 3 EIS - Cessation as Employer\\20181020_165129\\1540050840924.png, C:\\Users\\LENOVO\\Katalon Studio\\Perkeso Phase A\\Reports\\Workflow\\Form 3 EIS - Cessation as Employer\\20181020_165129\\1540050896398.png, C:\\Users\\LENOVO\\Katalon Studio\\Perkeso Phase A\\Reports\\Workflow\\Form 3 EIS - Cessation as Employer\\20181020_165129\\1540050934049.png, C:\\Users\\LENOVO\\Katalon Studio\\Perkeso Phase A\\Reports\\Workflow\\Form 3 EIS - Cessation as Employer\\20181020_165129\\1540051014380.png, C:\\Users\\LENOVO\\Katalon Studio\\Perkeso Phase A\\Reports\\Workflow\\Form 3 EIS - Cessation as Employer\\20181020_165129\\1540051054200.png, C:\\Users\\LENOVO\\Katalon Studio\\Perkeso Phase A\\Reports\\Workflow\\Form 3 EIS - Cessation as Employer\\20181020_165129\\1540051195218.png, C:\\Users\\LENOVO\\Katalon Studio\\Perkeso Phase A\\Reports\\Workflow\\Form 3 EIS - Cessation as Employer\\20181020_165129\\1540051235051.png, C:\\Users\\LENOVO\\Katalon Studio\\Perkeso Phase A\\Reports\\Workflow\\Form 3 EIS - Cessation as Employer\\20181020_165129\\1540051352610.png, C:\\Users\\LENOVO\\Katalon Studio\\Perkeso Phase A\\Reports\\Workflow\\Form 3 EIS - Cessation as Employer\\20181020_165129\\1540051392551.png, C:\\Users\\LENOVO\\Katalon Studio\\Perkeso Phase A\\Reports\\Workflow\\Form 3 EIS - Cessation as Employer\\20181020_165129\\1540051447960.png, C:\\Users\\LENOVO\\Katalon Studio\\Perkeso Phase A\\Reports\\Workflow\\Form 3 EIS - Cessation as Employer\\20181020_165129\\1540051485651.png, C:\\Users\\LENOVO\\Katalon Studio\\Perkeso Phase A\\Reports\\Workflow\\Form 3 EIS - Cessation as Employer\\20181020_165129\\1540051568054.png, C:\\Users\\LENOVO\\Katalon Studio\\Perkeso Phase A\\Reports\\Workflow\\Form 3 EIS - Cessation as Employer\\20181020_165129\\1540051608138.png"/>
         <property name="hostName" value="Wei Zheng - WeiZheng"/>
         <property name="os" value="Windows 7 64bit"/>
         <property name="katalonVersion" value="5.7.1.1"/>
         <property name="browser" value="Chrome 69.0.3497.100"/>
         <property name="hostAddress" value="192.168.137.1"/>
         <property name="sessionId" value="2a703f57b45f587ea5b6143ef6e81f86"/>
         <property name="seleniumVersion" value="3.7.1"/>
         <property name="proxyInformation" value="ProxyInformation{proxyOption=USE_SYSTEM, proxyServerType=HTTP, password=, proxyServerAddress=, proxyServerPort=0}"/>
         <property name="platform" value="Windows 7"/>
      </properties>
      <testcase name="Test Cases/Final Aug 2018 - PKS Automation/Registration Module/Workflow/Form 3 EIS - Cessation As Employer/Employer to UO (Approve)" classname="Test Cases/Final Aug 2018 - PKS Automation/Registration Module/Workflow/Form 3 EIS - Cessation As Employer/Employer to UO (Approve)" status="FAILED">
         <failure type="FAILED" message="(Stack trace: com.kms.katalon.core.exception.StepFailedException: Unable to click on object 'Object Repository/Final Object Repo/Page_Form 3 EIS - Cessation as Employer/Add Document' (Root cause: com.kms.katalon.core.webui.exception.WebElementNotFoundException: Web element with id: 'Object Repository/Final Object Repo/Page_Form 3 EIS - Cessation as Employer/Add Document' located by 'By.xpath: //a[(text() = '
					ADD DOCUMENT
	             ' or . = '
					ADD DOCUMENT
	             ')]' not found)
	at com.kms.katalon.core.keyword.internal.KeywordMain.stepFailed(KeywordMain.groovy:32)
	at com.kms.katalon.core.webui.keyword.internal.WebUIKeywordMain.stepFailed(WebUIKeywordMain.groovy:65)
	at com.kms.katalon.core.webui.keyword.internal.WebUIKeywordMain.runKeyword(WebUIKeywordMain.groovy:27)
	at com.kms.katalon.core.webui.keyword.builtin.ClickKeyword.click(ClickKeyword.groovy:86)
	at com.kms.katalon.core.webui.keyword.builtin.ClickKeyword.execute(ClickKeyword.groovy:67)
	at com.kms.katalon.core.keyword.internal.KeywordExecutor.executeKeywordForPlatform(KeywordExecutor.groovy:53)
	at com.kms.katalon.core.webui.keyword.WebUiBuiltInKeywords.click(WebUiBuiltInKeywords.groovy:616)
	at com.kms.katalon.core.webui.keyword.WebUiBuiltInKeywords$click$2.call(Unknown Source)
	at org.codehaus.groovy.runtime.callsite.CallSiteArray.defaultCall(CallSiteArray.java:48)
	at org.codehaus.groovy.runtime.callsite.AbstractCallSite.call(AbstractCallSite.java:113)
	at org.codehaus.groovy.runtime.callsite.AbstractCallSite.call(AbstractCallSite.java:125)
	at Script1536732166908.run(Script1536732166908.groovy:82)
	at com.kms.katalon.core.main.ScriptEngine.run(ScriptEngine.java:183)
	at com.kms.katalon.core.main.ScriptEngine.runScriptAsRawText(ScriptEngine.java:108)
	at com.kms.katalon.core.main.TestCaseExecutor.runScript(TestCaseExecutor.java:294)
	at com.kms.katalon.core.main.TestCaseExecutor.doExecute(TestCaseExecutor.java:285)
	at com.kms.katalon.core.main.TestCaseExecutor.processExecutionPhase(TestCaseExecutor.java:264)
	at com.kms.katalon.core.main.TestCaseExecutor.accessMainPhase(TestCaseExecutor.java:256)
	at com.kms.katalon.core.main.TestCaseExecutor.execute(TestCaseExecutor.java:200)
	at com.kms.katalon.core.main.TestCaseMain.runTestCase(TestCaseMain.java:99)
	at com.kms.katalon.core.keyword.builtin.CallTestCaseKeyword$_callTestCase_closure1.doCall(CallTestCaseKeyword.groovy:60)
	at com.kms.katalon.core.keyword.builtin.CallTestCaseKeyword$_callTestCase_closure1.call(CallTestCaseKeyword.groovy)
	at com.kms.katalon.core.keyword.internal.KeywordMain.runKeyword(KeywordMain.groovy:54)
	at com.kms.katalon.core.keyword.builtin.CallTestCaseKeyword.callTestCase(CallTestCaseKeyword.groovy:81)
	at com.kms.katalon.core.keyword.builtin.CallTestCaseKeyword.execute(CallTestCaseKeyword.groovy:45)
	at com.kms.katalon.core.keyword.internal.KeywordExecutor.executeKeywordForPlatform(KeywordExecutor.groovy:53)
	at com.kms.katalon.core.keyword.BuiltinKeywords.callTestCase(BuiltinKeywords.groovy:334)
	at sun.reflect.NativeMethodAccessorImpl.invoke0(Native Method)
	at sun.reflect.NativeMethodAccessorImpl.invoke(NativeMethodAccessorImpl.java:62)
	at sun.reflect.DelegatingMethodAccessorImpl.invoke(DelegatingMethodAccessorImpl.java:43)
	at java.lang.reflect.Method.invoke(Method.java:498)
	at org.codehaus.groovy.reflection.CachedMethod.invoke(CachedMethod.java:93)
	at groovy.lang.MetaMethod.doMethodInvoke(MetaMethod.java:325)
	at groovy.lang.MetaClassImpl.invokeStaticMethod(MetaClassImpl.java:1469)
	at org.codehaus.groovy.runtime.callsite.StaticMetaClassSite.call(StaticMetaClassSite.java:53)
	at org.codehaus.groovy.runtime.callsite.CallSiteArray.defaultCall(CallSiteArray.java:48)
	at org.codehaus.groovy.runtime.callsite.AbstractCallSite.call(AbstractCallSite.java:113)
	at org.codehaus.groovy.runtime.callsite.AbstractCallSite.call(AbstractCallSite.java:141)
	at Script1536733676931.run(Script1536733676931.groovy:22)
	at com.kms.katalon.core.main.ScriptEngine.run(ScriptEngine.java:183)
	at com.kms.katalon.core.main.ScriptEngine.runScriptAsRawText(ScriptEngine.java:108)
	at com.kms.katalon.core.main.TestCaseExecutor.runScript(TestCaseExecutor.java:294)
	at com.kms.katalon.core.main.TestCaseExecutor.doExecute(TestCaseExecutor.java:285)
	at com.kms.katalon.core.main.TestCaseExecutor.processExecutionPhase(TestCaseExecutor.java:264)
	at com.kms.katalon.core.main.TestCaseExecutor.accessMainPhase(TestCaseExecutor.java:256)
	at com.kms.katalon.core.main.TestCaseExecutor.execute(TestCaseExecutor.java:200)
	at com.kms.katalon.core.main.TestSuiteExecutor.accessTestCaseMainPhase(TestSuiteExecutor.java:129)
	at com.kms.katalon.core.main.TestSuiteExecutor.accessTestSuiteMainPhase(TestSuiteExecutor.java:112)
	at com.kms.katalon.core.main.TestSuiteExecutor.execute(TestSuiteExecutor.java:81)
	at com.kms.katalon.core.main.TestCaseMain.startTestSuite(TestCaseMain.java:142)
	at com.kms.katalon.core.main.TestCaseMain$startTestSuite$0.call(Unknown Source)
	at org.codehaus.groovy.runtime.callsite.CallSiteArray.defaultCall(CallSiteArray.java:48)
	at org.codehaus.groovy.runtime.callsite.AbstractCallSite.call(AbstractCallSite.java:113)
	at org.codehaus.groovy.runtime.callsite.AbstractCallSite.call(AbstractCallSite.java:141)
	at TempTestSuite1540025489648.run(TempTestSuite1540025489648.groovy:36)
	at groovy.lang.GroovyShell.runScriptOrMainOrTestOrRunnable(GroovyShell.java:263)
	at groovy.lang.GroovyShell.run(GroovyShell.java:518)
	at groovy.lang.GroovyShell.run(GroovyShell.java:507)
	at groovy.ui.GroovyMain.processOnce(GroovyMain.java:653)
	at groovy.ui.GroovyMain.run(GroovyMain.java:384)
	at groovy.ui.GroovyMain.process(GroovyMain.java:370)
	at groovy.ui.GroovyMain.processArgs(GroovyMain.java:129)
	at groovy.ui.GroovyMain.main(GroovyMain.java:109)
	at sun.reflect.NativeMethodAccessorImpl.invoke0(Native Method)
	at sun.reflect.NativeMethodAccessorImpl.invoke(NativeMethodAccessorImpl.java:62)
	at sun.reflect.DelegatingMethodAccessorImpl.invoke(DelegatingMethodAccessorImpl.java:43)
	at java.lang.reflect.Method.invoke(Method.java:498)
	at org.codehaus.groovy.tools.GroovyStarter.rootLoader(GroovyStarter.java:109)
	at org.codehaus.groovy.tools.GroovyStarter.main(GroovyStarter.java:131)
)"/>
         <system-out><![CDATA[2018-10-20 23:21:20 - [TEST_CASE][FAILED] - Test Cases/Final Aug 2018 - PKS Automation/Registration Module/Workflow/Form 3 EIS - Cessation As Employer/Employer to UO (Approve): Test Cases/Final Aug 2018 - PKS Automation/Registration Module/Workflow/Form 3 EIS - Cessation As Employer/Employer to UO (Approve) FAILED because (of) (Stack trace: com.kms.katalon.core.exception.StepFailedException: Unable to click on object 'Object Repository/Final Object Repo/Page_Form 3 EIS - Cessation as Employer/Add Document' (Root cause: com.kms.katalon.core.webui.exception.WebElementNotFoundException: Web element with id: 'Object Repository/Final Object Repo/Page_Form 3 EIS - Cessation as Employer/Add Document' located by 'By.xpath: //a[(text() = '
					ADD DOCUMENT
	             ' or . = '
					ADD DOCUMENT
	             ')]' not found)
	at com.kms.katalon.core.keyword.internal.KeywordMain.stepFailed(KeywordMain.groovy:32)
	at com.kms.katalon.core.webui.keyword.internal.WebUIKeywordMain.stepFailed(WebUIKeywordMain.groovy:65)
	at com.kms.katalon.core.webui.keyword.internal.WebUIKeywordMain.runKeyword(WebUIKeywordMain.groovy:27)
	at com.kms.katalon.core.webui.keyword.builtin.ClickKeyword.click(ClickKeyword.groovy:86)
	at com.kms.katalon.core.webui.keyword.builtin.ClickKeyword.execute(ClickKeyword.groovy:67)
	at com.kms.katalon.core.keyword.internal.KeywordExecutor.executeKeywordForPlatform(KeywordExecutor.groovy:53)
	at com.kms.katalon.core.webui.keyword.WebUiBuiltInKeywords.click(WebUiBuiltInKeywords.groovy:616)
	at com.kms.katalon.core.webui.keyword.WebUiBuiltInKeywords$click$2.call(Unknown Source)
	at org.codehaus.groovy.runtime.callsite.CallSiteArray.defaultCall(CallSiteArray.java:48)
	at org.codehaus.groovy.runtime.callsite.AbstractCallSite.call(AbstractCallSite.java:113)
	at org.codehaus.groovy.runtime.callsite.AbstractCallSite.call(AbstractCallSite.java:125)
	at Script1536732166908.run(Script1536732166908.groovy:82)
	at com.kms.katalon.core.main.ScriptEngine.run(ScriptEngine.java:183)
	at com.kms.katalon.core.main.ScriptEngine.runScriptAsRawText(ScriptEngine.java:108)
	at com.kms.katalon.core.main.TestCaseExecutor.runScript(TestCaseExecutor.java:294)
	at com.kms.katalon.core.main.TestCaseExecutor.doExecute(TestCaseExecutor.java:285)
	at com.kms.katalon.core.main.TestCaseExecutor.processExecutionPhase(TestCaseExecutor.java:264)
	at com.kms.katalon.core.main.TestCaseExecutor.accessMainPhase(TestCaseExecutor.java:256)
	at com.kms.katalon.core.main.TestCaseExecutor.execute(TestCaseExecutor.java:200)
	at com.kms.katalon.core.main.TestCaseMain.runTestCase(TestCaseMain.java:99)
	at com.kms.katalon.core.keyword.builtin.CallTestCaseKeyword$_callTestCase_closure1.doCall(CallTestCaseKeyword.groovy:60)
	at com.kms.katalon.core.keyword.builtin.CallTestCaseKeyword$_callTestCase_closure1.call(CallTestCaseKeyword.groovy)
	at com.kms.katalon.core.keyword.internal.KeywordMain.runKeyword(KeywordMain.groovy:54)
	at com.kms.katalon.core.keyword.builtin.CallTestCaseKeyword.callTestCase(CallTestCaseKeyword.groovy:81)
	at com.kms.katalon.core.keyword.builtin.CallTestCaseKeyword.execute(CallTestCaseKeyword.groovy:45)
	at com.kms.katalon.core.keyword.internal.KeywordExecutor.executeKeywordForPlatform(KeywordExecutor.groovy:53)
	at com.kms.katalon.core.keyword.BuiltinKeywords.callTestCase(BuiltinKeywords.groovy:334)
	at sun.reflect.NativeMethodAccessorImpl.invoke0(Native Method)
	at sun.reflect.NativeMethodAccessorImpl.invoke(NativeMethodAccessorImpl.java:62)
	at sun.reflect.DelegatingMethodAccessorImpl.invoke(DelegatingMethodAccessorImpl.java:43)
	at java.lang.reflect.Method.invoke(Method.java:498)
	at org.codehaus.groovy.reflection.CachedMethod.invoke(CachedMethod.java:93)
	at groovy.lang.MetaMethod.doMethodInvoke(MetaMethod.java:325)
	at groovy.lang.MetaClassImpl.invokeStaticMethod(MetaClassImpl.java:1469)
	at org.codehaus.groovy.runtime.callsite.StaticMetaClassSite.call(StaticMetaClassSite.java:53)
	at org.codehaus.groovy.runtime.callsite.CallSiteArray.defaultCall(CallSiteArray.java:48)
	at org.codehaus.groovy.runtime.callsite.AbstractCallSite.call(AbstractCallSite.java:113)
	at org.codehaus.groovy.runtime.callsite.AbstractCallSite.call(AbstractCallSite.java:141)
	at Script1536733676931.run(Script1536733676931.groovy:22)
	at com.kms.katalon.core.main.ScriptEngine.run(ScriptEngine.java:183)
	at com.kms.katalon.core.main.ScriptEngine.runScriptAsRawText(ScriptEngine.java:108)
	at com.kms.katalon.core.main.TestCaseExecutor.runScript(TestCaseExecutor.java:294)
	at com.kms.katalon.core.main.TestCaseExecutor.doExecute(TestCaseExecutor.java:285)
	at com.kms.katalon.core.main.TestCaseExecutor.processExecutionPhase(TestCaseExecutor.java:264)
	at com.kms.katalon.core.main.TestCaseExecutor.accessMainPhase(TestCaseExecutor.java:256)
	at com.kms.katalon.core.main.TestCaseExecutor.execute(TestCaseExecutor.java:200)
	at com.kms.katalon.core.main.TestSuiteExecutor.accessTestCaseMainPhase(TestSuiteExecutor.java:129)
	at com.kms.katalon.core.main.TestSuiteExecutor.accessTestSuiteMainPhase(TestSuiteExecutor.java:112)
	at com.kms.katalon.core.main.TestSuiteExecutor.execute(TestSuiteExecutor.java:81)
	at com.kms.katalon.core.main.TestCaseMain.startTestSuite(TestCaseMain.java:142)
	at com.kms.katalon.core.main.TestCaseMain$startTestSuite$0.call(Unknown Source)
	at org.codehaus.groovy.runtime.callsite.CallSiteArray.defaultCall(CallSiteArray.java:48)
	at org.codehaus.groovy.runtime.callsite.AbstractCallSite.call(AbstractCallSite.java:113)
	at org.codehaus.groovy.runtime.callsite.AbstractCallSite.call(AbstractCallSite.java:141)
	at TempTestSuite1540025489648.run(TempTestSuite1540025489648.groovy:36)
	at groovy.lang.GroovyShell.runScriptOrMainOrTestOrRunnable(GroovyShell.java:263)
	at groovy.lang.GroovyShell.run(GroovyShell.java:518)
	at groovy.lang.GroovyShell.run(GroovyShell.java:507)
	at groovy.ui.GroovyMain.processOnce(GroovyMain.java:653)
	at groovy.ui.GroovyMain.run(GroovyMain.java:384)
	at groovy.ui.GroovyMain.process(GroovyMain.java:370)
	at groovy.ui.GroovyMain.processArgs(GroovyMain.java:129)
	at groovy.ui.GroovyMain.main(GroovyMain.java:109)
	at sun.reflect.NativeMethodAccessorImpl.invoke0(Native Method)
	at sun.reflect.NativeMethodAccessorImpl.invoke(NativeMethodAccessorImpl.java:62)
	at sun.reflect.DelegatingMethodAccessorImpl.invoke(DelegatingMethodAccessorImpl.java:43)
	at java.lang.reflect.Method.invoke(Method.java:498)
	at org.codehaus.groovy.tools.GroovyStarter.rootLoader(GroovyStarter.java:109)
	at org.codehaus.groovy.tools.GroovyStarter.main(GroovyStarter.java:131)
)

2018-10-20 23:21:21 - [TEST_STEP][FAILED] - callTestCase: Unable to call Test Case with id 'Test Cases/Final Aug 2018 - PKS Automation/Registration Module/Workflow/Form 3 EIS - Cessation As Employer/Template/Form 3 A - Cessation As Employer (Employer)' (Root cause: Call Test Case 'Test Cases/Final Aug 2018 - PKS Automation/Registration Module/Workflow/Form 3 EIS - Cessation As Employer/Template/Form 3 A - Cessation As Employer (Employer)' failed)

2018-10-20 23:21:21 - [TEST_CASE][FAILED] - Test Cases/Final Aug 2018 - PKS Automation/Registration Module/Workflow/Form 3 EIS - Cessation As Employer/Template/Form 3 A - Cessation As Employer (Employer): Test Cases/Final Aug 2018 - PKS Automation/Registration Module/Workflow/Form 3 EIS - Cessation As Employer/Template/Form 3 A - Cessation As Employer (Employer) FAILED because (of) (Stack trace: com.kms.katalon.core.exception.StepFailedException: Unable to click on object 'Object Repository/Final Object Repo/Page_Form 3 EIS - Cessation as Employer/Add Document' (Root cause: com.kms.katalon.core.webui.exception.WebElementNotFoundException: Web element with id: 'Object Repository/Final Object Repo/Page_Form 3 EIS - Cessation as Employer/Add Document' located by 'By.xpath: //a[(text() = '
					ADD DOCUMENT
	             ' or . = '
					ADD DOCUMENT
	             ')]' not found)
	at com.kms.katalon.core.keyword.internal.KeywordMain.stepFailed(KeywordMain.groovy:32)
	at com.kms.katalon.core.webui.keyword.internal.WebUIKeywordMain.stepFailed(WebUIKeywordMain.groovy:65)
	at com.kms.katalon.core.webui.keyword.internal.WebUIKeywordMain.runKeyword(WebUIKeywordMain.groovy:27)
	at com.kms.katalon.core.webui.keyword.builtin.ClickKeyword.click(ClickKeyword.groovy:86)
	at com.kms.katalon.core.webui.keyword.builtin.ClickKeyword.execute(ClickKeyword.groovy:67)
	at com.kms.katalon.core.keyword.internal.KeywordExecutor.executeKeywordForPlatform(KeywordExecutor.groovy:53)
	at com.kms.katalon.core.webui.keyword.WebUiBuiltInKeywords.click(WebUiBuiltInKeywords.groovy:616)
	at com.kms.katalon.core.webui.keyword.WebUiBuiltInKeywords$click$2.call(Unknown Source)
	at org.codehaus.groovy.runtime.callsite.CallSiteArray.defaultCall(CallSiteArray.java:48)
	at org.codehaus.groovy.runtime.callsite.AbstractCallSite.call(AbstractCallSite.java:113)
	at org.codehaus.groovy.runtime.callsite.AbstractCallSite.call(AbstractCallSite.java:125)
	at Script1536732166908.run(Script1536732166908.groovy:82)
	at com.kms.katalon.core.main.ScriptEngine.run(ScriptEngine.java:183)
	at com.kms.katalon.core.main.ScriptEngine.runScriptAsRawText(ScriptEngine.java:108)
	at com.kms.katalon.core.main.TestCaseExecutor.runScript(TestCaseExecutor.java:294)
	at com.kms.katalon.core.main.TestCaseExecutor.doExecute(TestCaseExecutor.java:285)
	at com.kms.katalon.core.main.TestCaseExecutor.processExecutionPhase(TestCaseExecutor.java:264)
	at com.kms.katalon.core.main.TestCaseExecutor.accessMainPhase(TestCaseExecutor.java:256)
	at com.kms.katalon.core.main.TestCaseExecutor.execute(TestCaseExecutor.java:200)
	at com.kms.katalon.core.main.TestCaseMain.runTestCase(TestCaseMain.java:99)
	at com.kms.katalon.core.keyword.builtin.CallTestCaseKeyword$_callTestCase_closure1.doCall(CallTestCaseKeyword.groovy:60)
	at com.kms.katalon.core.keyword.builtin.CallTestCaseKeyword$_callTestCase_closure1.call(CallTestCaseKeyword.groovy)
	at com.kms.katalon.core.keyword.internal.KeywordMain.runKeyword(KeywordMain.groovy:54)
	at com.kms.katalon.core.keyword.builtin.CallTestCaseKeyword.callTestCase(CallTestCaseKeyword.groovy:81)
	at com.kms.katalon.core.keyword.builtin.CallTestCaseKeyword.execute(CallTestCaseKeyword.groovy:45)
	at com.kms.katalon.core.keyword.internal.KeywordExecutor.executeKeywordForPlatform(KeywordExecutor.groovy:53)
	at com.kms.katalon.core.keyword.BuiltinKeywords.callTestCase(BuiltinKeywords.groovy:334)
	at sun.reflect.NativeMethodAccessorImpl.invoke0(Native Method)
	at sun.reflect.NativeMethodAccessorImpl.invoke(NativeMethodAccessorImpl.java:62)
	at sun.reflect.DelegatingMethodAccessorImpl.invoke(DelegatingMethodAccessorImpl.java:43)
	at java.lang.reflect.Method.invoke(Method.java:498)
	at org.codehaus.groovy.reflection.CachedMethod.invoke(CachedMethod.java:93)
	at groovy.lang.MetaMethod.doMethodInvoke(MetaMethod.java:325)
	at groovy.lang.MetaClassImpl.invokeStaticMethod(MetaClassImpl.java:1469)
	at org.codehaus.groovy.runtime.callsite.StaticMetaClassSite.call(StaticMetaClassSite.java:53)
	at org.codehaus.groovy.runtime.callsite.CallSiteArray.defaultCall(CallSiteArray.java:48)
	at org.codehaus.groovy.runtime.callsite.AbstractCallSite.call(AbstractCallSite.java:113)
	at org.codehaus.groovy.runtime.callsite.AbstractCallSite.call(AbstractCallSite.java:141)
	at Script1536733676931.run(Script1536733676931.groovy:22)
	at com.kms.katalon.core.main.ScriptEngine.run(ScriptEngine.java:183)
	at com.kms.katalon.core.main.ScriptEngine.runScriptAsRawText(ScriptEngine.java:108)
	at com.kms.katalon.core.main.TestCaseExecutor.runScript(TestCaseExecutor.java:294)
	at com.kms.katalon.core.main.TestCaseExecutor.doExecute(TestCaseExecutor.java:285)
	at com.kms.katalon.core.main.TestCaseExecutor.processExecutionPhase(TestCaseExecutor.java:264)
	at com.kms.katalon.core.main.TestCaseExecutor.accessMainPhase(TestCaseExecutor.java:256)
	at com.kms.katalon.core.main.TestCaseExecutor.execute(TestCaseExecutor.java:200)
	at com.kms.katalon.core.main.TestSuiteExecutor.accessTestCaseMainPhase(TestSuiteExecutor.java:129)
	at com.kms.katalon.core.main.TestSuiteExecutor.accessTestSuiteMainPhase(TestSuiteExecutor.java:112)
	at com.kms.katalon.core.main.TestSuiteExecutor.execute(TestSuiteExecutor.java:81)
	at com.kms.katalon.core.main.TestCaseMain.startTestSuite(TestCaseMain.java:142)
	at com.kms.katalon.core.main.TestCaseMain$startTestSuite$0.call(Unknown Source)
	at org.codehaus.groovy.runtime.callsite.CallSiteArray.defaultCall(CallSiteArray.java:48)
	at org.codehaus.groovy.runtime.callsite.AbstractCallSite.call(AbstractCallSite.java:113)
	at org.codehaus.groovy.runtime.callsite.AbstractCallSite.call(AbstractCallSite.java:141)
	at TempTestSuite1540025489648.run(TempTestSuite1540025489648.groovy:36)
	at groovy.lang.GroovyShell.runScriptOrMainOrTestOrRunnable(GroovyShell.java:263)
	at groovy.lang.GroovyShell.run(GroovyShell.java:518)
	at groovy.lang.GroovyShell.run(GroovyShell.java:507)
	at groovy.ui.GroovyMain.processOnce(GroovyMain.java:653)
	at groovy.ui.GroovyMain.run(GroovyMain.java:384)
	at groovy.ui.GroovyMain.process(GroovyMain.java:370)
	at groovy.ui.GroovyMain.processArgs(GroovyMain.java:129)
	at groovy.ui.GroovyMain.main(GroovyMain.java:109)
	at sun.reflect.NativeMethodAccessorImpl.invoke0(Native Method)
	at sun.reflect.NativeMethodAccessorImpl.invoke(NativeMethodAccessorImpl.java:62)
	at sun.reflect.DelegatingMethodAccessorImpl.invoke(DelegatingMethodAccessorImpl.java:43)
	at java.lang.reflect.Method.invoke(Method.java:498)
	at org.codehaus.groovy.tools.GroovyStarter.rootLoader(GroovyStarter.java:109)
	at org.codehaus.groovy.tools.GroovyStarter.main(GroovyStarter.java:131)
)

2018-10-20 23:21:21 - [TEST_STEP][PASSED] - callTestCase: Call Test Case 'Test Cases/Final Aug 2018 - PKS Automation/Registration Module/Workflow/Update Add New Employee/Template/New Company for Update Add New - Employer' successfully

2018-10-20 23:21:21 - [TEST_CASE][PASSED] - Test Cases/Final Aug 2018 - PKS Automation/Registration Module/Workflow/Update Add New Employee/Template/New Company for Update Add New - Employer: Test Cases/Final Aug 2018 - PKS Automation/Registration Module/Workflow/Update Add New Employee/Template/New Company for Update Add New - Employer

2018-10-20 23:21:22 - [TEST_STEP][PASSED] - callTestCase: Call Test Case 'Test Cases/Final Aug 2018 - PKS Automation/Create Employer Acc/Create Employer Account' successfully

2018-10-20 23:21:22 - [TEST_CASE][PASSED] - Test Cases/Final Aug 2018 - PKS Automation/Create Employer Acc/Create Employer Account: Test Cases/Final Aug 2018 - PKS Automation/Create Employer Acc/Create Employer Account

2018-10-20 23:21:22 - [TEST_STEP][PASSED] - callTestCase: Call Test Case 'Test Cases/Final Aug 2018 - PKS Automation/Create Employer Acc/Template/Register Employer' successfully

2018-10-20 23:21:22 - [TEST_CASE][PASSED] - Test Cases/Final Aug 2018 - PKS Automation/Create Employer Acc/Template/Register Employer: Test Cases/Final Aug 2018 - PKS Automation/Create Employer Acc/Template/Register Employer

2018-10-20 23:21:22 - [TEST_STEP][PASSED] - openBrowser: Browser is opened with url: ''

2018-10-20 23:21:28 - [MESSAGE][PASSED] - Browser is opened with url: ''

2018-10-20 23:21:28 - [TEST_STEP][PASSED] - navigateToUrl: Navigate to 'https://assist2-uat.perkeso.gov.my/login' successfully

2018-10-20 23:21:37 - [MESSAGE][PASSED] - Navigate to 'https://assist2-uat.perkeso.gov.my/login' successfully

2018-10-20 23:21:37 - [TEST_STEP][PASSED] - setText: Text 'johorotc1@gmail.com' is set on object 'Object Repository/Final Object Repo/Login Page/Internal User/Email Address'

2018-10-20 23:21:38 - [MESSAGE][PASSED] - Text 'johorotc1@gmail.com' is set on object 'Object Repository/Final Object Repo/Login Page/Internal User/Email Address'

2018-10-20 23:21:38 - [TEST_STEP][PASSED] - click: Object: 'Object Repository/Final Object Repo/Login Page/Internal User/Next Button' is clicked on

2018-10-20 23:21:38 - [MESSAGE][PASSED] - Object: 'Object Repository/Final Object Repo/Login Page/Internal User/Next Button' is clicked on

2018-10-20 23:21:38 - [TEST_STEP][PASSED] - delay: Delayed 1 second(s)

2018-10-20 23:21:39 - [MESSAGE][PASSED] - Delayed 1 second(s)

2018-10-20 23:21:39 - [TEST_STEP][PASSED] - setEncryptedText: Text ****** has been set on object 'Object Repository/Final Object Repo/Login Page/Internal User/Password'

2018-10-20 23:21:39 - [MESSAGE][PASSED] - Text ****** has been set on object 'Object Repository/Final Object Repo/Login Page/Internal User/Password'

2018-10-20 23:21:39 - [TEST_STEP][PASSED] - click: Object: 'Object Repository/Final Object Repo/Login Page/Internal User/Login Button' is clicked on

2018-10-20 23:21:39 - [MESSAGE][PASSED] - Object: 'Object Repository/Final Object Repo/Login Page/Internal User/Login Button' is clicked on

2018-10-20 23:21:39 - [TEST_STEP][PASSED] - delay: Delayed 1 second(s)

2018-10-20 23:21:40 - [MESSAGE][PASSED] - Delayed 1 second(s)

2018-10-20 23:21:40 - [TEST_STEP][PASSED] - navigateToUrl: Navigate to 'https://assist2-uat.perkeso.gov.my/web/base/portal-id/registration' successfully

2018-10-20 23:21:46 - [MESSAGE][PASSED] - Navigate to 'https://assist2-uat.perkeso.gov.my/web/base/portal-id/registration' successfully

2018-10-20 23:21:46 - [TEST_STEP][PASSED] - setText: Text 'AUTOMATION EMPLOYER' is set on object 'Object Repository/Final Object Repo/Creating Employer Account/Page_Registration - ASSIST (Base)/Employer Name'

2018-10-20 23:21:46 - [MESSAGE][PASSED] - Text 'AUTOMATION EMPLOYER' is set on object 'Object Repository/Final Object Repo/Creating Employer Account/Page_Registration - ASSIST (Base)/Employer Name'

2018-10-20 23:21:46 - [TEST_STEP][PASSED] - delay: Delayed 2 second(s)

2018-10-20 23:21:48 - [MESSAGE][PASSED] - Delayed 2 second(s)

2018-10-20 23:21:48 - [TEST_STEP][PASSED] - click: Object: 'Object Repository/Final Object Repo/Creating Employer Account/Page_Registration - ASSIST (Base)/Registration Type' is clicked on

2018-10-20 23:21:49 - [MESSAGE][PASSED] - Object: 'Object Repository/Final Object Repo/Creating Employer Account/Page_Registration - ASSIST (Base)/Registration Type' is clicked on

2018-10-20 23:21:49 - [TEST_STEP][PASSED] - delay: Delayed 2 second(s)

2018-10-20 23:21:51 - [MESSAGE][PASSED] - Delayed 2 second(s)

2018-10-20 23:21:51 - [TEST_STEP][PASSED] - click: Object: 'Object Repository/Final Object Repo/Creating Employer Account/Page_Registration - ASSIST (Base)/Registration Type - Registration No' is clicked on

2018-10-20 23:21:51 - [MESSAGE][PASSED] - Object: 'Object Repository/Final Object Repo/Creating Employer Account/Page_Registration - ASSIST (Base)/Registration Type - Registration No' is clicked on

2018-10-20 23:21:51 - [TEST_STEP][PASSED] - delay: Delayed 2 second(s)

2018-10-20 23:21:53 - [MESSAGE][PASSED] - Delayed 2 second(s)

2018-10-20 23:21:53 - [TEST_STEP][PASSED] - setText: Text '1234567890' is set on object 'Object Repository/Final Object Repo/Creating Employer Account/Page_Registration - ASSIST (Base)/Registration Number'

2018-10-20 23:21:53 - [MESSAGE][PASSED] - Text '1234567890' is set on object 'Object Repository/Final Object Repo/Creating Employer Account/Page_Registration - ASSIST (Base)/Registration Number'

2018-10-20 23:21:53 - [TEST_STEP][PASSED] - delay: Delayed 2 second(s)

2018-10-20 23:21:55 - [MESSAGE][PASSED] - Delayed 2 second(s)

2018-10-20 23:21:55 - [TEST_STEP][PASSED] - setText: Text 'ADDRESS 1' is set on object 'Object Repository/Final Object Repo/Creating Employer Account/Page_Registration - ASSIST (Base)/Postal Address 1'

2018-10-20 23:21:55 - [MESSAGE][PASSED] - Text 'ADDRESS 1' is set on object 'Object Repository/Final Object Repo/Creating Employer Account/Page_Registration - ASSIST (Base)/Postal Address 1'

2018-10-20 23:21:55 - [TEST_STEP][PASSED] - setText: Text 'ADDRESS 2' is set on object 'Object Repository/Final Object Repo/Creating Employer Account/Page_Registration - ASSIST (Base)/Postal Address 2'

2018-10-20 23:21:56 - [MESSAGE][PASSED] - Text 'ADDRESS 2' is set on object 'Object Repository/Final Object Repo/Creating Employer Account/Page_Registration - ASSIST (Base)/Postal Address 2'

2018-10-20 23:21:56 - [TEST_STEP][PASSED] - click: Object: 'Object Repository/Final Object Repo/Creating Employer Account/Page_Registration - ASSIST (Base)/State' is clicked on

2018-10-20 23:21:56 - [MESSAGE][PASSED] - Object: 'Object Repository/Final Object Repo/Creating Employer Account/Page_Registration - ASSIST (Base)/State' is clicked on

2018-10-20 23:21:56 - [TEST_STEP][PASSED] - delay: Delayed 2 second(s)

2018-10-20 23:21:58 - [MESSAGE][PASSED] - Delayed 2 second(s)

2018-10-20 23:21:58 - [TEST_STEP][PASSED] - click: Object: 'Object Repository/Final Object Repo/Creating Employer Account/Page_Registration - ASSIST (Base)/State - Johor' is clicked on

2018-10-20 23:21:58 - [MESSAGE][PASSED] - Object: 'Object Repository/Final Object Repo/Creating Employer Account/Page_Registration - ASSIST (Base)/State - Johor' is clicked on

2018-10-20 23:21:58 - [TEST_STEP][PASSED] - delay: Delayed 2 second(s)

2018-10-20 23:22:00 - [MESSAGE][PASSED] - Delayed 2 second(s)

2018-10-20 23:22:00 - [TEST_STEP][PASSED] - click: Object: 'Object Repository/Final Object Repo/Creating Employer Account/Page_Registration - ASSIST (Base)/City' is clicked on

2018-10-20 23:22:00 - [MESSAGE][PASSED] - Object: 'Object Repository/Final Object Repo/Creating Employer Account/Page_Registration - ASSIST (Base)/City' is clicked on

2018-10-20 23:22:00 - [TEST_STEP][PASSED] - delay: Delayed 2 second(s)

2018-10-20 23:22:02 - [MESSAGE][PASSED] - Delayed 2 second(s)

2018-10-20 23:22:02 - [TEST_STEP][PASSED] - setText: Text 'joh' is set on object 'Object Repository/Final Object Repo/Creating Employer Account/Page_Registration - ASSIST (Base)/City - joh'

2018-10-20 23:22:02 - [MESSAGE][PASSED] - Text 'joh' is set on object 'Object Repository/Final Object Repo/Creating Employer Account/Page_Registration - ASSIST (Base)/City - joh'

2018-10-20 23:22:02 - [TEST_STEP][PASSED] - delay: Delayed 2 second(s)

2018-10-20 23:22:04 - [MESSAGE][PASSED] - Delayed 2 second(s)

2018-10-20 23:22:04 - [TEST_STEP][PASSED] - click: Object: 'Object Repository/Final Object Repo/Creating Employer Account/Page_Registration - ASSIST (Base)/City - Johor Bharu' is clicked on

2018-10-20 23:22:04 - [MESSAGE][PASSED] - Object: 'Object Repository/Final Object Repo/Creating Employer Account/Page_Registration - ASSIST (Base)/City - Johor Bharu' is clicked on

2018-10-20 23:22:05 - [TEST_STEP][PASSED] - delay: Delayed 2 second(s)

2018-10-20 23:22:07 - [MESSAGE][PASSED] - Delayed 2 second(s)

2018-10-20 23:22:07 - [TEST_STEP][PASSED] - click: Object: 'Object Repository/Final Object Repo/Creating Employer Account/Page_Registration - ASSIST (Base)/Post Code' is clicked on

2018-10-20 23:22:07 - [MESSAGE][PASSED] - Object: 'Object Repository/Final Object Repo/Creating Employer Account/Page_Registration - ASSIST (Base)/Post Code' is clicked on

2018-10-20 23:22:07 - [TEST_STEP][PASSED] - delay: Delayed 2 second(s)

2018-10-20 23:22:09 - [MESSAGE][PASSED] - Delayed 2 second(s)

2018-10-20 23:22:09 - [TEST_STEP][PASSED] - setText: Text '810' is set on object 'Object Repository/Final Object Repo/Creating Employer Account/Page_Registration - ASSIST (Base)/Post Code - 810'

2018-10-20 23:22:09 - [MESSAGE][PASSED] - Text '810' is set on object 'Object Repository/Final Object Repo/Creating Employer Account/Page_Registration - ASSIST (Base)/Post Code - 810'

2018-10-20 23:22:09 - [TEST_STEP][PASSED] - delay: Delayed 2 second(s)

2018-10-20 23:22:11 - [MESSAGE][PASSED] - Delayed 2 second(s)

2018-10-20 23:22:11 - [TEST_STEP][PASSED] - click: Object: 'Object Repository/Final Object Repo/Creating Employer Account/Page_Registration - ASSIST (Base)/Post Code - 81000' is clicked on

2018-10-20 23:22:11 - [MESSAGE][PASSED] - Object: 'Object Repository/Final Object Repo/Creating Employer Account/Page_Registration - ASSIST (Base)/Post Code - 81000' is clicked on

2018-10-20 23:22:11 - [TEST_STEP][PASSED] - delay: Delayed 2 second(s)

2018-10-20 23:22:13 - [MESSAGE][PASSED] - Delayed 2 second(s)

2018-10-20 23:22:13 - [TEST_STEP][PASSED] - setText: Text 'PERKESO' is set on object 'Object Repository/Final Object Repo/Creating Employer Account/Page_Registration - ASSIST (Base)/Full Name'

2018-10-20 23:22:13 - [MESSAGE][PASSED] - Text 'PERKESO' is set on object 'Object Repository/Final Object Repo/Creating Employer Account/Page_Registration - ASSIST (Base)/Full Name'

2018-10-20 23:22:13 - [TEST_STEP][PASSED] - Statement - rnd = new java.util.Random(): null

2018-10-20 23:22:13 - [TEST_STEP][PASSED] - Statement - snum = rnd.nextInt(899999 + 1) + 100000: null

2018-10-20 23:22:13 - [TEST_STEP][PASSED] - Statement - tnum = rnd.nextInt(899999 + 1) + 100000: null

2018-10-20 23:22:13 - [TEST_STEP][PASSED] - Statement - IC = java.lang.Integer.toString(snum) + java.lang.Integer.toString(tnum): null

2018-10-20 23:22:13 - [TEST_STEP][PASSED] - Statement - out.println(IC): null

2018-10-20 23:22:13 - [TEST_STEP][PASSED] - setText: Text '132780538523' is set on object 'Object Repository/Final Object Repo/Creating Employer Account/Page_Registration - ASSIST (Base)/Identification Number'

2018-10-20 23:22:14 - [MESSAGE][PASSED] - Text '132780538523' is set on object 'Object Repository/Final Object Repo/Creating Employer Account/Page_Registration - ASSIST (Base)/Identification Number'

2018-10-20 23:22:14 - [TEST_STEP][PASSED] - delay: Delayed 2 second(s)

2018-10-20 23:22:16 - [MESSAGE][PASSED] - Delayed 2 second(s)

2018-10-20 23:22:16 - [TEST_STEP][PASSED] - setText: Text '123456789012' is set on object 'Object Repository/Final Object Repo/Creating Employer Account/Page_Registration - ASSIST (Base)/Contact Number'

2018-10-20 23:22:16 - [MESSAGE][PASSED] - Text '123456789012' is set on object 'Object Repository/Final Object Repo/Creating Employer Account/Page_Registration - ASSIST (Base)/Contact Number'

2018-10-20 23:22:16 - [TEST_STEP][PASSED] - Statement - Email = "perkeso" + IC + "@gmail.com": null

2018-10-20 23:22:16 - [TEST_STEP][PASSED] - delay: Delayed 2 second(s)

2018-10-20 23:22:18 - [MESSAGE][PASSED] - Delayed 2 second(s)

2018-10-20 23:22:18 - [TEST_STEP][PASSED] - callTestCase: Call Test Case 'Test Cases/Final Aug 2018 - PKS Automation/Create Employer Acc/Template/Employer Email Settler' successfully

2018-10-20 23:22:18 - [TEST_CASE][PASSED] - Test Cases/Final Aug 2018 - PKS Automation/Create Employer Acc/Template/Employer Email Settler: Test Cases/Final Aug 2018 - PKS Automation/Create Employer Acc/Template/Employer Email Settler

2018-10-20 23:22:18 - [TEST_STEP][PASSED] - Statement - EmpEmailOld = new java.io.File(C://EmpEmail.txt): null

2018-10-20 23:22:18 - [TEST_STEP][PASSED] - Statement - EmpEmailOld.delete(): null

2018-10-20 23:22:18 - [TEST_STEP][PASSED] - Statement - EmpEmail = new java.io.File(C://EmpEmail.txt): null

2018-10-20 23:22:18 - [TEST_STEP][PASSED] - Statement - EmpEmail.append(Email): null

2018-10-20 23:22:18 - [TEST_STEP][PASSED] - Statement - out.println(Email): null

2018-10-20 23:22:18 - [MESSAGE][PASSED] - Call Test Case 'Test Cases/Final Aug 2018 - PKS Automation/Create Employer Acc/Template/Employer Email Settler' successfully

2018-10-20 23:22:18 - [TEST_STEP][PASSED] - delay: Delayed 2 second(s)

2018-10-20 23:22:20 - [MESSAGE][PASSED] - Delayed 2 second(s)

2018-10-20 23:22:20 - [TEST_STEP][PASSED] - setText: Text 'perkeso132780538523@gmail.com' is set on object 'Object Repository/Final Object Repo/Creating Employer Account/Page_Registration - ASSIST (Base)/Email'

2018-10-20 23:22:21 - [MESSAGE][PASSED] - Text 'perkeso132780538523@gmail.com' is set on object 'Object Repository/Final Object Repo/Creating Employer Account/Page_Registration - ASSIST (Base)/Email'

2018-10-20 23:22:21 - [TEST_STEP][PASSED] - setText: Text '123' is set on object 'Object Repository/Final Object Repo/Creating Employer Account/Page_Registration - ASSIST (Base)/Security Phase'

2018-10-20 23:22:21 - [MESSAGE][PASSED] - Text '123' is set on object 'Object Repository/Final Object Repo/Creating Employer Account/Page_Registration - ASSIST (Base)/Security Phase'

2018-10-20 23:22:21 - [TEST_STEP][PASSED] - click: Object: 'Object Repository/Final Object Repo/Creating Employer Account/Page_Registration - ASSIST (Base)/Save  Continue' is clicked on

2018-10-20 23:22:21 - [MESSAGE][PASSED] - Object: 'Object Repository/Final Object Repo/Creating Employer Account/Page_Registration - ASSIST (Base)/Save  Continue' is clicked on

2018-10-20 23:22:21 - [TEST_STEP][PASSED] - delay: Delayed 2 second(s)

2018-10-20 23:22:23 - [MESSAGE][PASSED] - Delayed 2 second(s)

2018-10-20 23:22:23 - [TEST_STEP][PASSED] - click: Object: 'Object Repository/Final Object Repo/Creating Employer Account/Page_Registration - ASSIST (Base)/Add Document' is clicked on

2018-10-20 23:22:24 - [MESSAGE][PASSED] - Object: 'Object Repository/Final Object Repo/Creating Employer Account/Page_Registration - ASSIST (Base)/Add Document' is clicked on

2018-10-20 23:22:24 - [TEST_STEP][PASSED] - delay: Delayed 2 second(s)

2018-10-20 23:22:26 - [MESSAGE][PASSED] - Delayed 2 second(s)

2018-10-20 23:22:26 - [TEST_STEP][PASSED] - click: Object: 'Object Repository/Final Object Repo/Creating Employer Account/Page_Registration - ASSIST (Base)/Document Type' is clicked on

2018-10-20 23:22:26 - [MESSAGE][PASSED] - Object: 'Object Repository/Final Object Repo/Creating Employer Account/Page_Registration - ASSIST (Base)/Document Type' is clicked on

2018-10-20 23:22:26 - [TEST_STEP][PASSED] - delay: Delayed 2 second(s)

2018-10-20 23:22:28 - [MESSAGE][PASSED] - Delayed 2 second(s)

2018-10-20 23:22:28 - [TEST_STEP][PASSED] - click: Object: 'Object Repository/Final Object Repo/Creating Employer Account/Page_Registration - ASSIST (Base)/Document Type - Letter of Authorization' is clicked on

2018-10-20 23:22:28 - [MESSAGE][PASSED] - Object: 'Object Repository/Final Object Repo/Creating Employer Account/Page_Registration - ASSIST (Base)/Document Type - Letter of Authorization' is clicked on

2018-10-20 23:22:28 - [TEST_STEP][PASSED] - delay: Delayed 2 second(s)

2018-10-20 23:22:30 - [MESSAGE][PASSED] - Delayed 2 second(s)

2018-10-20 23:22:30 - [TEST_STEP][PASSED] - sendKeys: Keys 'C:\Users\Public\Pictures\Sample Pictures\Act.jpg' sent to object: 'Object Repository/Final Object Repo/Creating Employer Account/Page_Registration - ASSIST (Base)/Uploading File'

2018-10-20 23:22:30 - [MESSAGE][PASSED] - Keys 'C:\Users\Public\Pictures\Sample Pictures\Act.jpg' sent to object: 'Object Repository/Final Object Repo/Creating Employer Account/Page_Registration - ASSIST (Base)/Uploading File'

2018-10-20 23:22:30 - [TEST_STEP][PASSED] - delay: Delayed 2 second(s)

2018-10-20 23:22:32 - [MESSAGE][PASSED] - Delayed 2 second(s)

2018-10-20 23:22:32 - [TEST_STEP][PASSED] - click: Object: 'Object Repository/Final Object Repo/Creating Employer Account/Page_Registration - ASSIST (Base)/Add Document in Uploading File' is clicked on

2018-10-20 23:22:32 - [MESSAGE][PASSED] - Object: 'Object Repository/Final Object Repo/Creating Employer Account/Page_Registration - ASSIST (Base)/Add Document in Uploading File' is clicked on

2018-10-20 23:22:32 - [TEST_STEP][PASSED] - delay: Delayed 2 second(s)

2018-10-20 23:22:34 - [MESSAGE][PASSED] - Delayed 2 second(s)

2018-10-20 23:22:34 - [TEST_STEP][PASSED] - click: Object: 'Object Repository/Final Object Repo/Creating Employer Account/Page_Registration - ASSIST (Base)/Save' is clicked on

2018-10-20 23:22:44 - [MESSAGE][PASSED] - Object: 'Object Repository/Final Object Repo/Creating Employer Account/Page_Registration - ASSIST (Base)/Save' is clicked on

2018-10-20 23:22:44 - [TEST_STEP][PASSED] - delay: Delayed 2 second(s)

2018-10-20 23:22:46 - [MESSAGE][PASSED] - Delayed 2 second(s)

2018-10-20 23:22:46 - [TEST_STEP][PASSED] - click: Object: 'Object Repository/Final Object Repo/Creating Employer Account/Page_Registration - ASSIST (Base)/Submit' is clicked on

2018-10-20 23:22:46 - [MESSAGE][PASSED] - Object: 'Object Repository/Final Object Repo/Creating Employer Account/Page_Registration - ASSIST (Base)/Submit' is clicked on

2018-10-20 23:22:46 - [TEST_STEP][PASSED] - delay: Delayed 2 second(s)

2018-10-20 23:22:48 - [MESSAGE][PASSED] - Delayed 2 second(s)

2018-10-20 23:22:48 - [TEST_STEP][PASSED] - click: Object: 'Object Repository/Final Object Repo/Creating Employer Account/Page_Registration - ASSIST (Base)/Confirm' is clicked on

2018-10-20 23:22:49 - [MESSAGE][PASSED] - Object: 'Object Repository/Final Object Repo/Creating Employer Account/Page_Registration - ASSIST (Base)/Confirm' is clicked on

2018-10-20 23:22:49 - [MESSAGE][PASSED] - Call Test Case 'Test Cases/Final Aug 2018 - PKS Automation/Create Employer Acc/Template/Register Employer' successfully

2018-10-20 23:22:49 - [TEST_STEP][PASSED] - delay: Delayed 1 second(s)

2018-10-20 23:22:50 - [MESSAGE][PASSED] - Delayed 1 second(s)

2018-10-20 23:22:50 - [TEST_STEP][PASSED] - navigateToUrl: Navigate to 'https://assist2-uat.perkeso.gov.my/c/portal/logout' successfully

2018-10-20 23:22:54 - [MESSAGE][PASSED] - Navigate to 'https://assist2-uat.perkeso.gov.my/c/portal/logout' successfully

2018-10-20 23:22:54 - [TEST_STEP][PASSED] - delay: Delayed 1 second(s)

2018-10-20 23:22:55 - [MESSAGE][PASSED] - Delayed 1 second(s)

2018-10-20 23:22:55 - [TEST_STEP][PASSED] - callTestCase: Call Test Case 'Test Cases/Final Aug 2018 - PKS Automation/Create Employer Acc/Template/Change Password of Employer' successfully

2018-10-20 23:22:55 - [TEST_CASE][PASSED] - Test Cases/Final Aug 2018 - PKS Automation/Create Employer Acc/Template/Change Password of Employer: Test Cases/Final Aug 2018 - PKS Automation/Create Employer Acc/Template/Change Password of Employer

2018-10-20 23:22:55 - [TEST_STEP][PASSED] - openBrowser: Browser is opened with url: ''

2018-10-20 23:22:55 - [MESSAGE][WARNING] - A browser is already opened. Closing browser and opening a new one

2018-10-20 23:22:59 - [MESSAGE][PASSED] - Browser is opened with url: ''

2018-10-20 23:22:59 - [TEST_STEP][PASSED] - navigateToUrl: Navigate to 'https://assist2-uat.perkeso.gov.my/login' successfully

2018-10-20 23:23:08 - [MESSAGE][PASSED] - Navigate to 'https://assist2-uat.perkeso.gov.my/login' successfully

2018-10-20 23:23:08 - [TEST_STEP][PASSED] - delay: Delayed 5 second(s)

2018-10-20 23:23:13 - [MESSAGE][PASSED] - Delayed 5 second(s)

2018-10-20 23:23:13 - [TEST_STEP][PASSED] - setText: Text 'test@liferay.com' is set on object 'Object Repository/Final Object Repo/Login Page/Internal User/Email Address'

2018-10-20 23:23:13 - [MESSAGE][PASSED] - Text 'test@liferay.com' is set on object 'Object Repository/Final Object Repo/Login Page/Internal User/Email Address'

2018-10-20 23:23:13 - [TEST_STEP][PASSED] - click: Object: 'Object Repository/Final Object Repo/Login Page/Internal User/Next Button' is clicked on

2018-10-20 23:23:13 - [MESSAGE][PASSED] - Object: 'Object Repository/Final Object Repo/Login Page/Internal User/Next Button' is clicked on

2018-10-20 23:23:13 - [TEST_STEP][PASSED] - delay: Delayed 2 second(s)

2018-10-20 23:23:15 - [MESSAGE][PASSED] - Delayed 2 second(s)

2018-10-20 23:23:15 - [TEST_STEP][PASSED] - setText: Text 'test' is set on object 'Object Repository/Final Object Repo/Login Page/Internal User/Password'

2018-10-20 23:23:16 - [MESSAGE][PASSED] - Text 'test' is set on object 'Object Repository/Final Object Repo/Login Page/Internal User/Password'

2018-10-20 23:23:16 - [TEST_STEP][PASSED] - delay: Delayed 2 second(s)

2018-10-20 23:23:18 - [MESSAGE][PASSED] - Delayed 2 second(s)

2018-10-20 23:23:18 - [TEST_STEP][PASSED] - click: Object: 'Object Repository/Final Object Repo/Login Page/Internal User/Login Button' is clicked on

2018-10-20 23:23:18 - [MESSAGE][PASSED] - Object: 'Object Repository/Final Object Repo/Login Page/Internal User/Login Button' is clicked on

2018-10-20 23:23:18 - [TEST_STEP][PASSED] - delay: Delayed 3 second(s)

2018-10-20 23:23:21 - [MESSAGE][PASSED] - Delayed 3 second(s)

2018-10-20 23:23:21 - [TEST_STEP][PASSED] - navigateToUrl: Navigate to 'https://assist2-uat.perkeso.gov.my/group/control_panel/manage?p_p_id=125&p_p_lifecycle=0&p_p_state=maximized&p_p_mode=view&refererPlid=20455&_125_usersListView=flat-users&_125_toolbarItem=view-all-users&_125_saveUsersListView=true&_125_struts_action=%2Fusers_admin%2Fview' successfully

2018-10-20 23:23:39 - [MESSAGE][PASSED] - Navigate to 'https://assist2-uat.perkeso.gov.my/group/control_panel/manage?p_p_id=125&p_p_lifecycle=0&p_p_state=maximized&p_p_mode=view&refererPlid=20455&_125_usersListView=flat-users&_125_toolbarItem=view-all-users&_125_saveUsersListView=true&_125_struts_action=%2Fusers_admin%2Fview' successfully

2018-10-20 23:23:39 - [TEST_STEP][PASSED] - delay: Delayed 3 second(s)

2018-10-20 23:23:42 - [MESSAGE][PASSED] - Delayed 3 second(s)

2018-10-20 23:23:42 - [TEST_STEP][PASSED] - setText: Text 'perkeso132780538523@gmail.com' is set on object 'Object Repository/Final Object Repo/Creating Employer Account/Page_Users and Organizations - ASSIST/Employer name'

2018-10-20 23:23:43 - [MESSAGE][PASSED] - Text 'perkeso132780538523@gmail.com' is set on object 'Object Repository/Final Object Repo/Creating Employer Account/Page_Users and Organizations - ASSIST/Employer name'

2018-10-20 23:23:43 - [TEST_STEP][PASSED] - delay: Delayed 3 second(s)

2018-10-20 23:23:46 - [MESSAGE][PASSED] - Delayed 3 second(s)

2018-10-20 23:23:46 - [TEST_STEP][PASSED] - click: Object: 'Object Repository/Final Object Repo/Creating Employer Account/Page_Users and Organizations - ASSIST/Search' is clicked on

2018-10-20 23:23:46 - [MESSAGE][PASSED] - Object: 'Object Repository/Final Object Repo/Creating Employer Account/Page_Users and Organizations - ASSIST/Search' is clicked on

2018-10-20 23:23:46 - [TEST_STEP][PASSED] - delay: Delayed 3 second(s)

2018-10-20 23:23:49 - [MESSAGE][PASSED] - Delayed 3 second(s)

2018-10-20 23:23:49 - [TEST_STEP][PASSED] - click: Object: 'Object Repository/Final Object Repo/Creating Employer Account/Page_Users and Organizations - ASSIST/Action' is clicked on

2018-10-20 23:23:49 - [MESSAGE][PASSED] - Object: 'Object Repository/Final Object Repo/Creating Employer Account/Page_Users and Organizations - ASSIST/Action' is clicked on

2018-10-20 23:23:49 - [TEST_STEP][PASSED] - delay: Delayed 3 second(s)

2018-10-20 23:23:52 - [MESSAGE][PASSED] - Delayed 3 second(s)

2018-10-20 23:23:52 - [TEST_STEP][PASSED] - click: Object: 'Object Repository/Final Object Repo/Creating Employer Account/Page_Users and Organizations - ASSIST/Edit' is clicked on

2018-10-20 23:23:55 - [MESSAGE][PASSED] - Object: 'Object Repository/Final Object Repo/Creating Employer Account/Page_Users and Organizations - ASSIST/Edit' is clicked on

2018-10-20 23:23:55 - [TEST_STEP][PASSED] - delay: Delayed 3 second(s)

2018-10-20 23:23:58 - [MESSAGE][PASSED] - Delayed 3 second(s)

2018-10-20 23:23:58 - [TEST_STEP][PASSED] - click: Object: 'Object Repository/Final Object Repo/Creating Employer Account/Page_PERKESO - Users and Organizati/a_Password (Modified)' is clicked on

2018-10-20 23:23:59 - [MESSAGE][PASSED] - Object: 'Object Repository/Final Object Repo/Creating Employer Account/Page_PERKESO - Users and Organizati/a_Password (Modified)' is clicked on

2018-10-20 23:23:59 - [TEST_STEP][PASSED] - delay: Delayed 3 second(s)

2018-10-20 23:24:02 - [MESSAGE][PASSED] - Delayed 3 second(s)

2018-10-20 23:24:02 - [TEST_STEP][PASSED] - setEncryptedText: Text ****** has been set on object 'Object Repository/Final Object Repo/Creating Employer Account/Page_PERKESO - Users and Organizati/input__125_password1'

2018-10-20 23:24:02 - [MESSAGE][PASSED] - Text ****** has been set on object 'Object Repository/Final Object Repo/Creating Employer Account/Page_PERKESO - Users and Organizati/input__125_password1'

2018-10-20 23:24:02 - [TEST_STEP][PASSED] - delay: Delayed 3 second(s)

2018-10-20 23:24:05 - [MESSAGE][PASSED] - Delayed 3 second(s)

2018-10-20 23:24:05 - [TEST_STEP][PASSED] - setEncryptedText: Text ****** has been set on object 'Object Repository/Final Object Repo/Creating Employer Account/Page_PERKESO - Users and Organizati/input__125_password2'

2018-10-20 23:24:05 - [MESSAGE][PASSED] - Text ****** has been set on object 'Object Repository/Final Object Repo/Creating Employer Account/Page_PERKESO - Users and Organizati/input__125_password2'

2018-10-20 23:24:05 - [TEST_STEP][PASSED] - delay: Delayed 3 second(s)

2018-10-20 23:24:08 - [MESSAGE][PASSED] - Delayed 3 second(s)

2018-10-20 23:24:08 - [TEST_STEP][PASSED] - click: Object: 'Object Repository/Final Object Repo/Creating Employer Account/Page_PERKESO - Users and Organizati/Save' is clicked on

2018-10-20 23:24:08 - [MESSAGE][PASSED] - Object: 'Object Repository/Final Object Repo/Creating Employer Account/Page_PERKESO - Users and Organizati/Save' is clicked on

2018-10-20 23:24:08 - [MESSAGE][PASSED] - Call Test Case 'Test Cases/Final Aug 2018 - PKS Automation/Create Employer Acc/Template/Change Password of Employer' successfully

2018-10-20 23:24:08 - [TEST_STEP][PASSED] - delay: Delayed 1 second(s)

2018-10-20 23:24:09 - [MESSAGE][PASSED] - Delayed 1 second(s)

2018-10-20 23:24:09 - [TEST_STEP][PASSED] - navigateToUrl: Navigate to 'https://assist2-uat.perkeso.gov.my/c/portal/logout' successfully

2018-10-20 23:24:16 - [MESSAGE][PASSED] - Navigate to 'https://assist2-uat.perkeso.gov.my/c/portal/logout' successfully

2018-10-20 23:24:16 - [TEST_STEP][PASSED] - delay: Delayed 1 second(s)

2018-10-20 23:24:17 - [MESSAGE][PASSED] - Delayed 1 second(s)

2018-10-20 23:24:17 - [TEST_STEP][PASSED] - callTestCase: Call Test Case 'Test Cases/Final Aug 2018 - PKS Automation/Create Employer Acc/Template/Login to Employer Account (First Time)' successfully

2018-10-20 23:24:17 - [TEST_CASE][PASSED] - Test Cases/Final Aug 2018 - PKS Automation/Create Employer Acc/Template/Login to Employer Account (First Time): Test Cases/Final Aug 2018 - PKS Automation/Create Employer Acc/Template/Login to Employer Account (First Time)

2018-10-20 23:24:17 - [TEST_STEP][PASSED] - openBrowser: Browser is opened with url: ''

2018-10-20 23:24:17 - [MESSAGE][WARNING] - A browser is already opened. Closing browser and opening a new one

2018-10-20 23:24:21 - [MESSAGE][PASSED] - Browser is opened with url: ''

2018-10-20 23:24:21 - [TEST_STEP][PASSED] - navigateToUrl: Navigate to 'https://assist2-uat.perkeso.gov.my/employer/login' successfully

2018-10-20 23:24:25 - [MESSAGE][PASSED] - Navigate to 'https://assist2-uat.perkeso.gov.my/employer/login' successfully

2018-10-20 23:24:25 - [TEST_STEP][PASSED] - delay: Delayed 3 second(s)

2018-10-20 23:24:28 - [MESSAGE][PASSED] - Delayed 3 second(s)

2018-10-20 23:24:28 - [TEST_STEP][PASSED] - callTestCase: Call Test Case 'Test Cases/Final Aug 2018 - PKS Automation/Create Employer Acc/Template/Employer Email Getter' successfully

2018-10-20 23:24:28 - [TEST_CASE][PASSED] - Test Cases/Final Aug 2018 - PKS Automation/Create Employer Acc/Template/Employer Email Getter: Test Cases/Final Aug 2018 - PKS Automation/Create Employer Acc/Template/Employer Email Getter

2018-10-20 23:24:29 - [TEST_STEP][PASSED] - Statement - Try: null

2018-10-20 23:24:29 - [TEST_STEP][PASSED] - Statement - EmpEmail = new java.io.File(C://EmpEmail.txt): null

2018-10-20 23:24:29 - [TEST_STEP][PASSED] - Statement - bufferread = new java.io.BufferedReader(new java.io.FileReader(EmpEmail)): null

2018-10-20 23:24:29 - [TEST_STEP][PASSED] - Statement - readedVal = bufferread.readLine(): null

2018-10-20 23:24:29 - [TEST_STEP][PASSED] - Statement - out.println(readedVal): null

2018-10-20 23:24:29 - [TEST_STEP][PASSED] - Statement - Email = readedVal: null

2018-10-20 23:24:29 - [MESSAGE][PASSED] - Call Test Case 'Test Cases/Final Aug 2018 - PKS Automation/Create Employer Acc/Template/Employer Email Getter' successfully

2018-10-20 23:24:29 - [TEST_STEP][PASSED] - setText: Text 'perkeso132780538523@gmail.com' is set on object 'Object Repository/Final Object Repo/Login Page/External Login Page/Email'

2018-10-20 23:24:29 - [MESSAGE][PASSED] - Text 'perkeso132780538523@gmail.com' is set on object 'Object Repository/Final Object Repo/Login Page/External Login Page/Email'

2018-10-20 23:24:29 - [TEST_STEP][PASSED] - click: Object: 'Object Repository/Final Object Repo/Login Page/External Login Page/Next' is clicked on

2018-10-20 23:24:30 - [MESSAGE][PASSED] - Object: 'Object Repository/Final Object Repo/Login Page/External Login Page/Next' is clicked on

2018-10-20 23:24:30 - [TEST_STEP][PASSED] - delay: Delayed 3 second(s)

2018-10-20 23:24:33 - [MESSAGE][PASSED] - Delayed 3 second(s)

2018-10-20 23:24:33 - [TEST_STEP][PASSED] - setEncryptedText: Text ****** has been set on object 'Object Repository/Final Object Repo/Login Page/External Login Page/Password'

2018-10-20 23:24:33 - [MESSAGE][PASSED] - Text ****** has been set on object 'Object Repository/Final Object Repo/Login Page/External Login Page/Password'

2018-10-20 23:24:33 - [TEST_STEP][PASSED] - click: Object: 'Object Repository/Final Object Repo/Login Page/External Login Page/Login' is clicked on

2018-10-20 23:24:33 - [MESSAGE][PASSED] - Object: 'Object Repository/Final Object Repo/Login Page/External Login Page/Login' is clicked on

2018-10-20 23:24:33 - [TEST_STEP][PASSED] - delay: Delayed 3 second(s)

2018-10-20 23:24:36 - [MESSAGE][PASSED] - Delayed 3 second(s)

2018-10-20 23:24:36 - [TEST_STEP][PASSED] - click: Object: 'Object Repository/Final Object Repo/Creating Employer Account/Page_Terms of Use - ASSIST/button_I Agree' is clicked on

2018-10-20 23:24:38 - [MESSAGE][PASSED] - Object: 'Object Repository/Final Object Repo/Creating Employer Account/Page_Terms of Use - ASSIST/button_I Agree' is clicked on

2018-10-20 23:24:38 - [TEST_STEP][PASSED] - delay: Delayed 2 second(s)

2018-10-20 23:24:40 - [MESSAGE][PASSED] - Delayed 2 second(s)

2018-10-20 23:24:40 - [TEST_STEP][PASSED] - setEncryptedText: Text ****** has been set on object 'Object Repository/Final Object Repo/Creating Employer Account/Page_New Password - ASSIST/input_password1'

2018-10-20 23:24:41 - [MESSAGE][PASSED] - Text ****** has been set on object 'Object Repository/Final Object Repo/Creating Employer Account/Page_New Password - ASSIST/input_password1'

2018-10-20 23:24:41 - [TEST_STEP][PASSED] - setEncryptedText: Text ****** has been set on object 'Object Repository/Final Object Repo/Creating Employer Account/Page_New Password - ASSIST/input_password2'

2018-10-20 23:24:41 - [MESSAGE][PASSED] - Text ****** has been set on object 'Object Repository/Final Object Repo/Creating Employer Account/Page_New Password - ASSIST/input_password2'

2018-10-20 23:24:41 - [TEST_STEP][PASSED] - delay: Delayed 2 second(s)

2018-10-20 23:24:43 - [MESSAGE][PASSED] - Delayed 2 second(s)

2018-10-20 23:24:43 - [TEST_STEP][PASSED] - click: Object: 'Object Repository/Final Object Repo/Creating Employer Account/Page_New Password - ASSIST/Save' is clicked on

2018-10-20 23:24:44 - [MESSAGE][PASSED] - Object: 'Object Repository/Final Object Repo/Creating Employer Account/Page_New Password - ASSIST/Save' is clicked on

2018-10-20 23:24:44 - [TEST_STEP][PASSED] - delay: Delayed 2 second(s)

2018-10-20 23:24:46 - [MESSAGE][PASSED] - Delayed 2 second(s)

2018-10-20 23:24:46 - [TEST_STEP][PASSED] - setText: Text 'test' is set on object 'Object Repository/Final Object Repo/Creating Employer Account/Page_Password Reminder - ASSIST/Reminder Query Answer'

2018-10-20 23:24:47 - [MESSAGE][PASSED] - Text 'test' is set on object 'Object Repository/Final Object Repo/Creating Employer Account/Page_Password Reminder - ASSIST/Reminder Query Answer'

2018-10-20 23:24:47 - [TEST_STEP][PASSED] - delay: Delayed 2 second(s)

2018-10-20 23:24:49 - [MESSAGE][PASSED] - Delayed 2 second(s)

2018-10-20 23:24:49 - [TEST_STEP][PASSED] - doubleClick: Object: 'Object Repository/Final Object Repo/Creating Employer Account/Page_Password Reminder - ASSIST/Save' is double clicked on

2018-10-20 23:24:49 - [MESSAGE][PASSED] - Object: 'Object Repository/Final Object Repo/Creating Employer Account/Page_Password Reminder - ASSIST/Save' is double clicked on

2018-10-20 23:24:49 - [MESSAGE][PASSED] - Call Test Case 'Test Cases/Final Aug 2018 - PKS Automation/Create Employer Acc/Template/Login to Employer Account (First Time)' successfully

2018-10-20 23:24:49 - [MESSAGE][PASSED] - Call Test Case 'Test Cases/Final Aug 2018 - PKS Automation/Create Employer Acc/Create Employer Account' successfully

2018-10-20 23:24:49 - [TEST_STEP][PASSED] - callTestCase: Call Test Case 'Test Cases/Final Aug 2018 - PKS Automation/Registration Module/Log Out/log out avoiding katalon tagging' successfully

2018-10-20 23:24:49 - [TEST_CASE][PASSED] - Test Cases/Final Aug 2018 - PKS Automation/Registration Module/Log Out/log out avoiding katalon tagging: Test Cases/Final Aug 2018 - PKS Automation/Registration Module/Log Out/log out avoiding katalon tagging

2018-10-20 23:24:49 - [TEST_STEP][PASSED] - navigateToUrl: Navigate to 'https://assist2-uat.perkeso.gov.my/c/portal/logout' successfully

2018-10-20 23:24:56 - [MESSAGE][PASSED] - Navigate to 'https://assist2-uat.perkeso.gov.my/c/portal/logout' successfully

2018-10-20 23:24:56 - [MESSAGE][PASSED] - Call Test Case 'Test Cases/Final Aug 2018 - PKS Automation/Registration Module/Log Out/log out avoiding katalon tagging' successfully

2018-10-20 23:24:56 - [TEST_STEP][PASSED] - callTestCase: Call Test Case 'Test Cases/Final Aug 2018 - PKS Automation/Create Employer Acc/Login to Employer Account (Second time)' successfully

2018-10-20 23:24:56 - [TEST_CASE][PASSED] - Test Cases/Final Aug 2018 - PKS Automation/Create Employer Acc/Login to Employer Account (Second time): Test Cases/Final Aug 2018 - PKS Automation/Create Employer Acc/Login to Employer Account (Second time)

2018-10-20 23:24:56 - [TEST_STEP][PASSED] - openBrowser: Browser is opened with url: ''

2018-10-20 23:24:56 - [MESSAGE][WARNING] - A browser is already opened. Closing browser and opening a new one

2018-10-20 23:25:00 - [MESSAGE][PASSED] - Browser is opened with url: ''

2018-10-20 23:25:00 - [TEST_STEP][PASSED] - navigateToUrl: Navigate to 'https://assist2-uat.perkeso.gov.my/employer/login' successfully

2018-10-20 23:25:04 - [MESSAGE][PASSED] - Navigate to 'https://assist2-uat.perkeso.gov.my/employer/login' successfully

2018-10-20 23:25:04 - [TEST_STEP][PASSED] - delay: Delayed 3 second(s)

2018-10-20 23:25:07 - [MESSAGE][PASSED] - Delayed 3 second(s)

2018-10-20 23:25:07 - [TEST_STEP][PASSED] - callTestCase: Call Test Case 'Test Cases/Final Aug 2018 - PKS Automation/Create Employer Acc/Template/Employer Email Getter' successfully

2018-10-20 23:25:07 - [TEST_CASE][PASSED] - Test Cases/Final Aug 2018 - PKS Automation/Create Employer Acc/Template/Employer Email Getter: Test Cases/Final Aug 2018 - PKS Automation/Create Employer Acc/Template/Employer Email Getter

2018-10-20 23:25:07 - [TEST_STEP][PASSED] - Statement - Try: null

2018-10-20 23:25:07 - [TEST_STEP][PASSED] - Statement - EmpEmail = new java.io.File(C://EmpEmail.txt): null

2018-10-20 23:25:07 - [TEST_STEP][PASSED] - Statement - bufferread = new java.io.BufferedReader(new java.io.FileReader(EmpEmail)): null

2018-10-20 23:25:07 - [TEST_STEP][PASSED] - Statement - readedVal = bufferread.readLine(): null

2018-10-20 23:25:07 - [TEST_STEP][PASSED] - Statement - out.println(readedVal): null

2018-10-20 23:25:07 - [TEST_STEP][PASSED] - Statement - Email = readedVal: null

2018-10-20 23:25:07 - [MESSAGE][PASSED] - Call Test Case 'Test Cases/Final Aug 2018 - PKS Automation/Create Employer Acc/Template/Employer Email Getter' successfully

2018-10-20 23:25:07 - [TEST_STEP][PASSED] - setText: Text 'perkeso132780538523@gmail.com' is set on object 'Object Repository/Final Object Repo/Login Page/External Login Page/Email'

2018-10-20 23:25:08 - [MESSAGE][PASSED] - Text 'perkeso132780538523@gmail.com' is set on object 'Object Repository/Final Object Repo/Login Page/External Login Page/Email'

2018-10-20 23:25:08 - [TEST_STEP][PASSED] - click: Object: 'Object Repository/Final Object Repo/Login Page/External Login Page/Next' is clicked on

2018-10-20 23:25:08 - [MESSAGE][PASSED] - Object: 'Object Repository/Final Object Repo/Login Page/External Login Page/Next' is clicked on

2018-10-20 23:25:08 - [TEST_STEP][PASSED] - delay: Delayed 3 second(s)

2018-10-20 23:25:11 - [MESSAGE][PASSED] - Delayed 3 second(s)

2018-10-20 23:25:11 - [TEST_STEP][PASSED] - setEncryptedText: Text ****** has been set on object 'Object Repository/Final Object Repo/Login Page/External Login Page/Password'

2018-10-20 23:25:11 - [MESSAGE][PASSED] - Text ****** has been set on object 'Object Repository/Final Object Repo/Login Page/External Login Page/Password'

2018-10-20 23:25:11 - [TEST_STEP][PASSED] - click: Object: 'Object Repository/Final Object Repo/Login Page/External Login Page/Login' is clicked on

2018-10-20 23:25:11 - [MESSAGE][PASSED] - Object: 'Object Repository/Final Object Repo/Login Page/External Login Page/Login' is clicked on

2018-10-20 23:25:11 - [TEST_STEP][PASSED] - delay: Delayed 5 second(s)

2018-10-20 23:25:16 - [MESSAGE][PASSED] - Delayed 5 second(s)

2018-10-20 23:25:16 - [MESSAGE][PASSED] - Call Test Case 'Test Cases/Final Aug 2018 - PKS Automation/Create Employer Acc/Login to Employer Account (Second time)' successfully

2018-10-20 23:25:16 - [TEST_STEP][PASSED] - Statement - Try: Delayed 2 second(s)

2018-10-20 23:25:16 - [TEST_STEP][PASSED] - Statement - Checker = false: null

2018-10-20 23:25:16 - [TEST_STEP][PASSED] - Statement - Checker = com.kms.katalon.core.webui.keyword.WebUiBuiltInKeywords.verifyElementHasAttribute(com.kms.katalon.core.testobject.ObjectRepository.findTestObject(Final Object Repo/Landing Page/BM Detecting), "href", 20, OPTIONAL): Object 'Object Repository/Final Object Repo/Landing Page/BM Detecting' has attribute 'href'

2018-10-20 23:25:18 - [MESSAGE][PASSED] - Object 'Object Repository/Final Object Repo/Landing Page/BM Detecting' has attribute 'href'

2018-10-20 23:25:18 - [TEST_STEP][PASSED] - Statement - out.println(Checker): null

2018-10-20 23:25:18 - [TEST_STEP][PASSED] - Statement - If (Checker == false): null

2018-10-20 23:25:18 - [TEST_STEP][PASSED] - Statement - Else: null

2018-10-20 23:25:18 - [TEST_STEP][PASSED] - delay: Delayed 2 second(s)

2018-10-20 23:25:20 - [MESSAGE][PASSED] - Delayed 2 second(s)

2018-10-20 23:25:20 - [TEST_STEP][PASSED] - delay: Delayed 4 second(s)

2018-10-20 23:25:24 - [MESSAGE][PASSED] - Delayed 4 second(s)

2018-10-20 23:25:24 - [TEST_STEP][PASSED] - click: Object: 'Object Repository/Final Object Repo/Landing Page/My Sites Drop Down' is clicked on

2018-10-20 23:25:24 - [MESSAGE][PASSED] - Object: 'Object Repository/Final Object Repo/Landing Page/My Sites Drop Down' is clicked on

2018-10-20 23:25:24 - [TEST_STEP][PASSED] - click: Object: 'Object Repository/Final Object Repo/Landing Page/Select to Registration Module' is clicked on

2018-10-20 23:25:24 - [MESSAGE][PASSED] - Object: 'Object Repository/Final Object Repo/Landing Page/Select to Registration Module' is clicked on

2018-10-20 23:25:24 - [TEST_STEP][PASSED] - click: Object: 'Object Repository/Final Object Repo/Landing Page/Registration Button' is clicked on

2018-10-20 23:25:29 - [MESSAGE][PASSED] - Object: 'Object Repository/Final Object Repo/Landing Page/Registration Button' is clicked on

2018-10-20 23:25:29 - [TEST_STEP][PASSED] - delay: Delayed 2 second(s)

2018-10-20 23:25:31 - [MESSAGE][PASSED] - Delayed 2 second(s)

2018-10-20 23:25:31 - [TEST_STEP][PASSED] - click: Object: 'Object Repository/Final Object Repo/New Registration - Registration Module Pages/New Reg - OTC to RO/Special Case - OTC - Form 1/AEC NO' is clicked on

2018-10-20 23:25:31 - [MESSAGE][PASSED] - Object: 'Object Repository/Final Object Repo/New Registration - Registration Module Pages/New Reg - OTC to RO/Special Case - OTC - Form 1/AEC NO' is clicked on

2018-10-20 23:25:31 - [TEST_STEP][PASSED] - click: Object: 'Object Repository/Final Object Repo/New Registration - Registration Module Pages/New Reg - OTC to RO/Special Case - OTC - Form 1/Business Entity - Please Select' is clicked on

2018-10-20 23:25:31 - [MESSAGE][PASSED] - Object: 'Object Repository/Final Object Repo/New Registration - Registration Module Pages/New Reg - OTC to RO/Special Case - OTC - Form 1/Business Entity - Please Select' is clicked on

2018-10-20 23:25:31 - [TEST_STEP][PASSED] - click: Object: 'Object Repository/Final Object Repo/New Registration - Registration Module Pages/New Reg - OTC to RO/Special Case - OTC - Form 1/Selected - Corporation' is clicked on

2018-10-20 23:25:32 - [MESSAGE][PASSED] - Object: 'Object Repository/Final Object Repo/New Registration - Registration Module Pages/New Reg - OTC to RO/Special Case - OTC - Form 1/Selected - Corporation' is clicked on

2018-10-20 23:25:32 - [TEST_STEP][PASSED] - delay: Delayed 2 second(s)

2018-10-20 23:25:34 - [MESSAGE][PASSED] - Delayed 2 second(s)

2018-10-20 23:25:34 - [TEST_STEP][PASSED] - click: Object: 'Object Repository/Final Object Repo/New Registration - Registration Module Pages/New Reg - OTC to RO/Special Case - OTC - Form 1/Sub Business Entity - Please Select' is clicked on

2018-10-20 23:25:34 - [MESSAGE][PASSED] - Object: 'Object Repository/Final Object Repo/New Registration - Registration Module Pages/New Reg - OTC to RO/Special Case - OTC - Form 1/Sub Business Entity - Please Select' is clicked on

2018-10-20 23:25:34 - [TEST_STEP][PASSED] - delay: Delayed 2 second(s)

2018-10-20 23:25:36 - [MESSAGE][PASSED] - Delayed 2 second(s)

2018-10-20 23:25:36 - [TEST_STEP][PASSED] - click: Object: 'Object Repository/Final Object Repo/New Registration - Registration Module Pages/New Reg - OTC to RO/Special Case - OTC - Form 1/Selected - Sendirian Berhad' is clicked on

2018-10-20 23:25:36 - [MESSAGE][PASSED] - Object: 'Object Repository/Final Object Repo/New Registration - Registration Module Pages/New Reg - OTC to RO/Special Case - OTC - Form 1/Selected - Sendirian Berhad' is clicked on

2018-10-20 23:25:36 - [TEST_STEP][PASSED] - setText: Text 'AUTOMATE001' is set on object 'Object Repository/Final Object Repo/New Registration - Registration Module Pages/New Reg - OTC to RO/Special Case - OTC - Form 1/Input BRN Number'

2018-10-20 23:25:36 - [MESSAGE][PASSED] - Text 'AUTOMATE001' is set on object 'Object Repository/Final Object Repo/New Registration - Registration Module Pages/New Reg - OTC to RO/Special Case - OTC - Form 1/Input BRN Number'

2018-10-20 23:25:36 - [TEST_STEP][PASSED] - delay: Delayed 2 second(s)

2018-10-20 23:25:38 - [MESSAGE][PASSED] - Delayed 2 second(s)

2018-10-20 23:25:38 - [TEST_STEP][PASSED] - click: Object: 'Object Repository/Final Object Repo/New Registration - Registration Module Pages/New Reg - OTC to RO/Special Case - OTC - Form 1/BRN Search' is clicked on

2018-10-20 23:25:39 - [MESSAGE][PASSED] - Object: 'Object Repository/Final Object Repo/New Registration - Registration Module Pages/New Reg - OTC to RO/Special Case - OTC - Form 1/BRN Search' is clicked on

2018-10-20 23:25:39 - [TEST_STEP][PASSED] - delay: Delayed 4 second(s)

2018-10-20 23:25:43 - [MESSAGE][PASSED] - Delayed 4 second(s)

2018-10-20 23:25:43 - [TEST_STEP][PASSED] - click: Object: 'Object Repository/Final Object Repo/New Registration - Registration Module Pages/New Reg - OTC to RO/Special Case - OTC - Form 1/Registered with SSM - After Feb 2017' is clicked on

2018-10-20 23:25:43 - [MESSAGE][PASSED] - Object: 'Object Repository/Final Object Repo/New Registration - Registration Module Pages/New Reg - OTC to RO/Special Case - OTC - Form 1/Registered with SSM - After Feb 2017' is clicked on

2018-10-20 23:25:43 - [TEST_STEP][PASSED] - delay: Delayed 2 second(s)

2018-10-20 23:25:45 - [MESSAGE][PASSED] - Delayed 2 second(s)

2018-10-20 23:25:45 - [TEST_STEP][PASSED] - click: Object: 'Object Repository/Final Object Repo/New Registration - Registration Module Pages/Form 1/Registered As a Branch - Yes' is clicked on

2018-10-20 23:25:45 - [MESSAGE][PASSED] - Object: 'Object Repository/Final Object Repo/New Registration - Registration Module Pages/Form 1/Registered As a Branch - Yes' is clicked on

2018-10-20 23:25:45 - [TEST_STEP][PASSED] - click: Object: 'Object Repository/Final Object Repo/New Registration - Registration Module Pages/New Reg - OTC to RO/Special Case - OTC - Form 1/Acknowledgement Ticked' is clicked on

2018-10-20 23:25:45 - [MESSAGE][PASSED] - Object: 'Object Repository/Final Object Repo/New Registration - Registration Module Pages/New Reg - OTC to RO/Special Case - OTC - Form 1/Acknowledgement Ticked' is clicked on

2018-10-20 23:25:45 - [TEST_STEP][PASSED] - setText: Text 'perkeso132780538523@gmail.com' is set on object 'Object Repository/Final Object Repo/New Registration - Registration Module Pages/Form 1/Email'

2018-10-20 23:25:46 - [MESSAGE][PASSED] - Text 'perkeso132780538523@gmail.com' is set on object 'Object Repository/Final Object Repo/New Registration - Registration Module Pages/Form 1/Email'

2018-10-20 23:25:46 - [TEST_STEP][PASSED] - click: Object: 'Object Repository/Final Object Repo/New Registration - Registration Module Pages/New Reg - OTC to RO/Special Case - OTC - Form 1/Submit Button' is clicked on

2018-10-20 23:25:46 - [MESSAGE][PASSED] - Object: 'Object Repository/Final Object Repo/New Registration - Registration Module Pages/New Reg - OTC to RO/Special Case - OTC - Form 1/Submit Button' is clicked on

2018-10-20 23:25:46 - [TEST_STEP][PASSED] - callTestCase: Call Test Case 'Test Cases/Final Aug 2018 - PKS Automation/Registration Module/New Registration/Form 2/Add 1 Eligible - Employer Account Use' successfully

2018-10-20 23:25:46 - [TEST_CASE][PASSED] - Test Cases/Final Aug 2018 - PKS Automation/Registration Module/New Registration/Form 2/Add 1 Eligible - Employer Account Use: Test Cases/Final Aug 2018 - PKS Automation/Registration Module/New Registration/Form 2/Add 1 Eligible - Employer Account Use

2018-10-20 23:25:46 - [TEST_STEP][PASSED] - delay: Delayed 2 second(s)

2018-10-20 23:25:48 - [MESSAGE][PASSED] - Delayed 2 second(s)

2018-10-20 23:25:48 - [TEST_STEP][PASSED] - callTestCase: Call Test Case 'Test Cases/Final Aug 2018 - PKS Automation/Registration Module/New Registration/Form 2/Date Updater' successfully

2018-10-20 23:25:48 - [TEST_CASE][PASSED] - Test Cases/Final Aug 2018 - PKS Automation/Registration Module/New Registration/Form 2/Date Updater: Test Cases/Final Aug 2018 - PKS Automation/Registration Module/New Registration/Form 2/Date Updater

2018-10-20 23:25:48 - [TEST_STEP][PASSED] - Statement - TodayDate = new java.util.Date(): null

2018-10-20 23:25:48 - [TEST_STEP][PASSED] - Statement - CurrentDateNoFilter = new java.text.SimpleDateFormat(): null

2018-10-20 23:25:48 - [TEST_STEP][PASSED] - Statement - CurrentDateNoFilter.applyPattern("dd"): null

2018-10-20 23:25:48 - [TEST_STEP][PASSED] - Statement - CurrentDate = CurrentDateNoFilter.format(TodayDate): null

2018-10-20 23:25:48 - [TEST_STEP][PASSED] - Statement - CurrentDate = java.lang.Integer.parseInt(CurrentDate): null

2018-10-20 23:25:48 - [TEST_STEP][PASSED] - Statement - CurrentDate = CurrentDate: null

2018-10-20 23:25:48 - [TEST_STEP][PASSED] - Statement - CurrentDay = java.lang.Integer.parseInt(CurrentDate): null

2018-10-20 23:25:48 - [TEST_STEP][PASSED] - Statement - aDayBefore = CurrentDay + 1: null

2018-10-20 23:25:48 - [TEST_STEP][PASSED] - Statement - DayBefore = aDayBefore.toString(): null

2018-10-20 23:25:48 - [TEST_STEP][PASSED] - Statement - OneDayBefore = DayBefore: null

2018-10-20 23:25:48 - [TEST_STEP][PASSED] - Statement - CurrentDateNoFilter.applyPattern("MM"): null

2018-10-20 23:25:48 - [TEST_STEP][PASSED] - Statement - monthContainerMatcher = java.lang.Integer.parseInt(CurrentDateNoFilter.format(TodayDate)): null

2018-10-20 23:25:48 - [TEST_STEP][PASSED] - Statement - monthContainerMatcher = monthContainerMatcher - 1: null

2018-10-20 23:25:48 - [TEST_STEP][PASSED] - Statement - CurrentMonth = monthContainerMatcher.toString(): null

2018-10-20 23:25:48 - [TEST_STEP][PASSED] - Statement - CurrentMonth = CurrentMonth: null

2018-10-20 23:25:48 - [TEST_STEP][PASSED] - Statement - CurrentDateNoFilter.applyPattern("yyyy"): null

2018-10-20 23:25:48 - [TEST_STEP][PASSED] - Statement - CurrentYear = CurrentDateNoFilter.format(TodayDate): null

2018-10-20 23:25:48 - [TEST_STEP][PASSED] - Statement - CurrentYear = CurrentYear: null

2018-10-20 23:25:48 - [TEST_STEP][PASSED] - Statement - intCurrentYear = java.lang.Integer.parseInt(CurrentDateNoFilter.format(TodayDate)): null

2018-10-20 23:25:48 - [TEST_STEP][PASSED] - Statement - eighteenYrsAgo = intCurrentYear - 18: null

2018-10-20 23:25:48 - [TEST_STEP][PASSED] - Statement - eighteenYrsBeforeThisYr = eighteenYrsAgo.toString(): null

2018-10-20 23:25:48 - [TEST_STEP][PASSED] - Statement - EighteenYrsBefore = eighteenYrsBeforeThisYr: null

2018-10-20 23:25:48 - [TEST_STEP][PASSED] - Statement - fiftysevenYrsAgo = intCurrentYear - 57: null

2018-10-20 23:25:48 - [TEST_STEP][PASSED] - Statement - fiftysevenYrsBeforeThisYr = fiftysevenYrsAgo.toString(): null

2018-10-20 23:25:48 - [TEST_STEP][PASSED] - Statement - FiftysevenYrsBefore = fiftysevenYrsBeforeThisYr: null

2018-10-20 23:25:48 - [MESSAGE][PASSED] - Call Test Case 'Test Cases/Final Aug 2018 - PKS Automation/Registration Module/New Registration/Form 2/Date Updater' successfully

2018-10-20 23:25:48 - [TEST_STEP][PASSED] - delay: Delayed 1 second(s)

2018-10-20 23:25:49 - [MESSAGE][PASSED] - Delayed 1 second(s)

2018-10-20 23:25:49 - [TEST_STEP][PASSED] - Statement - CaseReferenceNo = com.kms.katalon.core.webui.keyword.WebUiBuiltInKeywords.getText(com.kms.katalon.core.testobject.ObjectRepository.findTestObject(Final Object Repo/New Registration - Registration Module Pages/Form 2/RefNo Acquiring)): Text of object 'Object Repository/Final Object Repo/New Registration - Registration Module Pages/Form 2/RefNo Acquiring' is: 'CRN10201800122324'

2018-10-20 23:25:50 - [MESSAGE][PASSED] - Text of object 'Object Repository/Final Object Repo/New Registration - Registration Module Pages/Form 2/RefNo Acquiring' is: 'CRN10201800122324'

2018-10-20 23:25:50 - [TEST_STEP][PASSED] - delay: Delayed 1 second(s)

2018-10-20 23:25:51 - [MESSAGE][PASSED] - Delayed 1 second(s)

2018-10-20 23:25:51 - [TEST_STEP][PASSED] - click: Object: 'Object Repository/Final Object Repo/New Registration - Registration Module Pages/Form 2/Add Employee Button' is clicked on

2018-10-20 23:25:51 - [MESSAGE][PASSED] - Object: 'Object Repository/Final Object Repo/New Registration - Registration Module Pages/Form 2/Add Employee Button' is clicked on

2018-10-20 23:25:51 - [TEST_STEP][PASSED] - delay: Delayed 1 second(s)

2018-10-20 23:25:52 - [MESSAGE][PASSED] - Delayed 1 second(s)

2018-10-20 23:25:52 - [TEST_STEP][PASSED] - setText: Text '010903091948' is set on object 'Object Repository/Final Object Repo/New Registration - Registration Module Pages/Form 2/NRIC Input'

2018-10-20 23:25:52 - [MESSAGE][PASSED] - Text '010903091948' is set on object 'Object Repository/Final Object Repo/New Registration - Registration Module Pages/Form 2/NRIC Input'

2018-10-20 23:25:52 - [TEST_STEP][PASSED] - delay: Delayed 2 second(s)

2018-10-20 23:25:54 - [MESSAGE][PASSED] - Delayed 2 second(s)

2018-10-20 23:25:54 - [TEST_STEP][PASSED] - setText: Text 'Automate001 eligible 1' is set on object 'Object Repository/Final Object Repo/New Registration - Registration Module Pages/Form 2/Employee Name Input'

2018-10-20 23:25:54 - [MESSAGE][PASSED] - Text 'Automate001 eligible 1' is set on object 'Object Repository/Final Object Repo/New Registration - Registration Module Pages/Form 2/Employee Name Input'

2018-10-20 23:25:54 - [TEST_STEP][PASSED] - delay: Delayed 2 second(s)

2018-10-20 23:25:56 - [MESSAGE][PASSED] - Delayed 2 second(s)

2018-10-20 23:25:56 - [TEST_STEP][PASSED] - click: Object: 'Object Repository/Final Object Repo/New Registration - Registration Module Pages/Form 2/DatePicker Pop Up' is clicked on

2018-10-20 23:25:57 - [MESSAGE][PASSED] - Object: 'Object Repository/Final Object Repo/New Registration - Registration Module Pages/Form 2/DatePicker Pop Up' is clicked on

2018-10-20 23:25:57 - [TEST_STEP][PASSED] - click: Object: 'Object Repository/Final Object Repo/New Registration - Registration Module Pages/Form 2/DOB Month' is clicked on

2018-10-20 23:25:57 - [MESSAGE][PASSED] - Object: 'Object Repository/Final Object Repo/New Registration - Registration Module Pages/Form 2/DOB Month' is clicked on

2018-10-20 23:25:57 - [TEST_STEP][PASSED] - Statement - CurrentMonth = CurrentMonth: null

2018-10-20 23:25:57 - [TEST_STEP][PASSED] - Statement - selectMonth = new com.kms.katalon.core.testobject.TestObject(): null

2018-10-20 23:25:57 - [TEST_STEP][PASSED] - Statement - selectMonth.addProperty("xpath", EQUALS, "//body/div/div/div/select/option[@value='" + CurrentMonth + "']", true): null

2018-10-20 23:25:57 - [TEST_STEP][PASSED] - click: Object: '' is clicked on

2018-10-20 23:25:57 - [MESSAGE][PASSED] - Object: '' is clicked on

2018-10-20 23:25:57 - [TEST_STEP][PASSED] - click: Object: 'Object Repository/Final Object Repo/New Registration - Registration Module Pages/Form 2/DOB Year' is clicked on

2018-10-20 23:25:57 - [MESSAGE][PASSED] - Object: 'Object Repository/Final Object Repo/New Registration - Registration Module Pages/Form 2/DOB Year' is clicked on

2018-10-20 23:25:57 - [TEST_STEP][PASSED] - Statement - Eyearsbf = EighteenYrsBefore: null

2018-10-20 23:25:57 - [TEST_STEP][PASSED] - Statement - selectYear = new com.kms.katalon.core.testobject.TestObject(): null

2018-10-20 23:25:57 - [TEST_STEP][PASSED] - Statement - selectYear.addProperty("xpath", EQUALS, "//div/div/div/select/option[@value='" + Eyearsbf + "']", true): null

2018-10-20 23:25:57 - [TEST_STEP][PASSED] - click: Object: '' is clicked on

2018-10-20 23:25:57 - [MESSAGE][PASSED] - Object: '' is clicked on

2018-10-20 23:25:57 - [TEST_STEP][PASSED] - Statement - UpdatedSelectDate = com.kms.katalon.core.webui.keyword.WebUiBuiltInKeywords.modifyObjectProperty(com.kms.katalon.core.testobject.ObjectRepository.findTestObject(Final Object Repo/New Registration - Registration Module Pages/Form 2/DOB Date), "xpath", "equals", "//body/div/table/tbody/tr/td/a[text()="" + CurrentDate + ""]", true): Modify property of object successfully

2018-10-20 23:25:57 - [MESSAGE][PASSED] - Modify property of object successfully

2018-10-20 23:25:57 - [TEST_STEP][PASSED] - delay: Delayed 3 second(s)

2018-10-20 23:26:00 - [MESSAGE][PASSED] - Delayed 3 second(s)

2018-10-20 23:26:00 - [TEST_STEP][PASSED] - click: Object: 'Object Repository/Final Object Repo/New Registration - Registration Module Pages/Form 2/DOB Date' is clicked on

2018-10-20 23:26:00 - [MESSAGE][PASSED] - Object: 'Object Repository/Final Object Repo/New Registration - Registration Module Pages/Form 2/DOB Date' is clicked on

2018-10-20 23:26:00 - [TEST_STEP][PASSED] - delay: Delayed 2 second(s)

2018-10-20 23:26:02 - [MESSAGE][PASSED] - Delayed 2 second(s)

2018-10-20 23:26:02 - [TEST_STEP][PASSED] - click: Object: 'Object Repository/Final Object Repo/New Registration - Registration Module Pages/Form 2/EmploymentStartDate Pop Up' is clicked on

2018-10-20 23:26:03 - [MESSAGE][PASSED] - Object: 'Object Repository/Final Object Repo/New Registration - Registration Module Pages/Form 2/EmploymentStartDate Pop Up' is clicked on

2018-10-20 23:26:03 - [TEST_STEP][PASSED] - delay: Delayed 2 second(s)

2018-10-20 23:26:05 - [MESSAGE][PASSED] - Delayed 2 second(s)

2018-10-20 23:26:05 - [TEST_STEP][PASSED] - click: Object: 'Object Repository/Final Object Repo/New Registration - Registration Module Pages/Form 2/Socso Employment StartDate Month' is clicked on

2018-10-20 23:26:05 - [MESSAGE][PASSED] - Object: 'Object Repository/Final Object Repo/New Registration - Registration Module Pages/Form 2/Socso Employment StartDate Month' is clicked on

2018-10-20 23:26:05 - [TEST_STEP][PASSED] - delay: Delayed 1 second(s)

2018-10-20 23:26:06 - [MESSAGE][PASSED] - Delayed 1 second(s)

2018-10-20 23:26:06 - [TEST_STEP][PASSED] - click: Object: 'Object Repository/Final Object Repo/New Registration - Registration Module Pages/Form 2/Select Socso Employement Startdate Month' is clicked on

2018-10-20 23:26:06 - [MESSAGE][PASSED] - Object: 'Object Repository/Final Object Repo/New Registration - Registration Module Pages/Form 2/Select Socso Employement Startdate Month' is clicked on

2018-10-20 23:26:06 - [TEST_STEP][PASSED] - delay: Delayed 2 second(s)

2018-10-20 23:26:08 - [MESSAGE][PASSED] - Delayed 2 second(s)

2018-10-20 23:26:08 - [TEST_STEP][PASSED] - click: Object: 'Object Repository/Final Object Repo/New Registration - Registration Module Pages/Form 2/Socso Employment StartDate Year' is clicked on

2018-10-20 23:26:08 - [MESSAGE][PASSED] - Object: 'Object Repository/Final Object Repo/New Registration - Registration Module Pages/Form 2/Socso Employment StartDate Year' is clicked on

2018-10-20 23:26:08 - [TEST_STEP][PASSED] - delay: Delayed 1 second(s)

2018-10-20 23:26:09 - [MESSAGE][PASSED] - Delayed 1 second(s)

2018-10-20 23:26:09 - [TEST_STEP][PASSED] - click: Object: 'Object Repository/Final Object Repo/New Registration - Registration Module Pages/Form 2/Select Socso Employment Startdate Year' is clicked on

2018-10-20 23:26:09 - [MESSAGE][PASSED] - Object: 'Object Repository/Final Object Repo/New Registration - Registration Module Pages/Form 2/Select Socso Employment Startdate Year' is clicked on

2018-10-20 23:26:09 - [TEST_STEP][PASSED] - delay: Delayed 2 second(s)

2018-10-20 23:26:11 - [MESSAGE][PASSED] - Delayed 2 second(s)

2018-10-20 23:26:11 - [TEST_STEP][PASSED] - click: Object: 'Object Repository/Final Object Repo/New Registration - Registration Module Pages/Form 2/Socso Employment Start Date Day' is clicked on

2018-10-20 23:26:12 - [MESSAGE][PASSED] - Object: 'Object Repository/Final Object Repo/New Registration - Registration Module Pages/Form 2/Socso Employment Start Date Day' is clicked on

2018-10-20 23:26:12 - [TEST_STEP][PASSED] - delay: Delayed 2 second(s)

2018-10-20 23:26:14 - [MESSAGE][PASSED] - Delayed 2 second(s)

2018-10-20 23:26:14 - [TEST_STEP][PASSED] - click: Object: 'Object Repository/Final Object Repo/New Registration - Registration Module Pages/Form 2/Save Button for Add Employee' is clicked on

2018-10-20 23:26:14 - [MESSAGE][PASSED] - Object: 'Object Repository/Final Object Repo/New Registration - Registration Module Pages/Form 2/Save Button for Add Employee' is clicked on

2018-10-20 23:26:14 - [TEST_STEP][PASSED] - delay: Delayed 6 second(s)

2018-10-20 23:26:20 - [MESSAGE][PASSED] - Delayed 6 second(s)

2018-10-20 23:26:20 - [TEST_STEP][PASSED] - click: Object: 'Object Repository/Final Object Repo/New Registration - Registration Module Pages/Form 2/Save and Continue Form 2' is clicked on

2018-10-20 23:26:20 - [MESSAGE][PASSED] - Object: 'Object Repository/Final Object Repo/New Registration - Registration Module Pages/Form 2/Save and Continue Form 2' is clicked on

2018-10-20 23:26:20 - [MESSAGE][PASSED] - Call Test Case 'Test Cases/Final Aug 2018 - PKS Automation/Registration Module/New Registration/Form 2/Add 1 Eligible - Employer Account Use' successfully

2018-10-20 23:26:20 - [TEST_STEP][PASSED] - callTestCase: Call Test Case 'Test Cases/Final Aug 2018 - PKS Automation/Registration Module/New Registration/Flow of New Registration/Third Screen - Upload Supporting Doc - Preview' successfully

2018-10-20 23:26:20 - [TEST_CASE][PASSED] - Test Cases/Final Aug 2018 - PKS Automation/Registration Module/New Registration/Flow of New Registration/Third Screen - Upload Supporting Doc - Preview: Test Cases/Final Aug 2018 - PKS Automation/Registration Module/New Registration/Flow of New Registration/Third Screen - Upload Supporting Doc - Preview

2018-10-20 23:26:20 - [TEST_STEP][PASSED] - waitForPageLoad: Wait for page load successfully

2018-10-20 23:26:21 - [MESSAGE][PASSED] - Wait for page load successfully

2018-10-20 23:26:21 - [TEST_STEP][PASSED] - Statement - CaseReferenceNo = com.kms.katalon.core.webui.keyword.WebUiBuiltInKeywords.getText(com.kms.katalon.core.testobject.ObjectRepository.findTestObject(Final Object Repo/New Registration - Registration Module Pages/Third Screen - Upload Supporting Doc- Preview/RefNo Acquiring)): Text of object 'Object Repository/Final Object Repo/New Registration - Registration Module Pages/Third Screen - Upload Supporting Doc- Preview/RefNo Acquiring' is: 'CRN10201800122324'

2018-10-20 23:26:21 - [MESSAGE][PASSED] - Text of object 'Object Repository/Final Object Repo/New Registration - Registration Module Pages/Third Screen - Upload Supporting Doc- Preview/RefNo Acquiring' is: 'CRN10201800122324'

2018-10-20 23:26:21 - [TEST_STEP][PASSED] - delay: Delayed 2 second(s)

2018-10-20 23:26:23 - [MESSAGE][PASSED] - Delayed 2 second(s)

2018-10-20 23:26:23 - [TEST_STEP][PASSED] - callTestCase: Call Test Case 'Test Cases/Final Aug 2018 - PKS Automation/Common/Reference Number Setter' successfully

2018-10-20 23:26:23 - [TEST_CASE][PASSED] - Test Cases/Final Aug 2018 - PKS Automation/Common/Reference Number Setter: Test Cases/Final Aug 2018 - PKS Automation/Common/Reference Number Setter

2018-10-20 23:26:23 - [TEST_STEP][PASSED] - Statement - RefNoOldFile = new java.io.File(C://KatalonReference.txt): null

2018-10-20 23:26:23 - [TEST_STEP][PASSED] - Statement - RefNoOldFile.delete(): null

2018-10-20 23:26:23 - [TEST_STEP][PASSED] - Statement - RefNo = new java.io.File(C://KatalonReference.txt): null

2018-10-20 23:26:23 - [TEST_STEP][PASSED] - Statement - RefNo.append(CaseReferenceNo): null

2018-10-20 23:26:23 - [TEST_STEP][PASSED] - Statement - out.println("


" + CaseReferenceNo + "


"): null

2018-10-20 23:26:23 - [MESSAGE][PASSED] - Call Test Case 'Test Cases/Final Aug 2018 - PKS Automation/Common/Reference Number Setter' successfully

2018-10-20 23:26:23 - [TEST_STEP][PASSED] - waitForElementClickable: Object 'Object Repository/Final Object Repo/New Registration - Registration Module Pages/Third Screen - Upload Supporting Doc- Preview/Save n Continue in SIP Employee Listing Page' is clickable

2018-10-20 23:26:23 - [MESSAGE][PASSED] - Object 'Object Repository/Final Object Repo/New Registration - Registration Module Pages/Third Screen - Upload Supporting Doc- Preview/Save n Continue in SIP Employee Listing Page' is clickable

2018-10-20 23:26:23 - [TEST_STEP][PASSED] - click: Object: 'Object Repository/Final Object Repo/New Registration - Registration Module Pages/Third Screen - Upload Supporting Doc- Preview/Save n Continue in SIP Employee Listing Page' is clicked on

2018-10-20 23:26:29 - [MESSAGE][PASSED] - Object: 'Object Repository/Final Object Repo/New Registration - Registration Module Pages/Third Screen - Upload Supporting Doc- Preview/Save n Continue in SIP Employee Listing Page' is clicked on

2018-10-20 23:26:29 - [TEST_STEP][PASSED] - delay: Delayed 6 second(s)

2018-10-20 23:26:35 - [MESSAGE][PASSED] - Delayed 6 second(s)

2018-10-20 23:26:35 - [TEST_STEP][PASSED] - click: Object: 'Object Repository/Final Object Repo/New Registration - Registration Module Pages/Third Screen - Upload Supporting Doc- Preview/Add Document Button' is clicked on

2018-10-20 23:26:35 - [MESSAGE][PASSED] - Object: 'Object Repository/Final Object Repo/New Registration - Registration Module Pages/Third Screen - Upload Supporting Doc- Preview/Add Document Button' is clicked on

2018-10-20 23:26:35 - [TEST_STEP][PASSED] - delay: Delayed 30 second(s)

2018-10-20 23:27:05 - [MESSAGE][PASSED] - Delayed 30 second(s)

2018-10-20 23:27:05 - [TEST_STEP][PASSED] - click: Object: 'Object Repository/Final Object Repo/New Registration - Registration Module Pages/Third Screen - Upload Supporting Doc- Preview/Supporting Doc Please Select Drop Down' is clicked on

2018-10-20 23:27:06 - [MESSAGE][PASSED] - Object: 'Object Repository/Final Object Repo/New Registration - Registration Module Pages/Third Screen - Upload Supporting Doc- Preview/Supporting Doc Please Select Drop Down' is clicked on

2018-10-20 23:27:06 - [TEST_STEP][PASSED] - delay: Delayed 2 second(s)

2018-10-20 23:27:08 - [MESSAGE][PASSED] - Delayed 2 second(s)

2018-10-20 23:27:08 - [TEST_STEP][PASSED] - click: Object: 'Object Repository/Final Object Repo/New Registration - Registration Module Pages/Third Screen - Upload Supporting Doc- Preview/Select to Upload Form 1' is clicked on

2018-10-20 23:27:08 - [MESSAGE][PASSED] - Object: 'Object Repository/Final Object Repo/New Registration - Registration Module Pages/Third Screen - Upload Supporting Doc- Preview/Select to Upload Form 1' is clicked on

2018-10-20 23:27:08 - [TEST_STEP][PASSED] - delay: Delayed 2 second(s)

2018-10-20 23:27:10 - [MESSAGE][PASSED] - Delayed 2 second(s)

2018-10-20 23:27:10 - [TEST_STEP][PASSED] - uploadFile: File 'C:\Users\Public\Pictures\Sample Pictures\Act.jpg' sent to object: 'Object Repository/Final Object Repo/New Registration - Registration Module Pages/Third Screen - Upload Supporting Doc- Preview/Upload File Adding'

2018-10-20 23:27:10 - [MESSAGE][PASSED] - File 'C:\Users\Public\Pictures\Sample Pictures\Act.jpg' sent to object: 'Object Repository/Final Object Repo/New Registration - Registration Module Pages/Third Screen - Upload Supporting Doc- Preview/Upload File Adding'

2018-10-20 23:27:10 - [TEST_STEP][PASSED] - delay: Delayed 5 second(s)

2018-10-20 23:27:15 - [MESSAGE][PASSED] - Delayed 5 second(s)

2018-10-20 23:27:15 - [TEST_STEP][PASSED] - click: Object: 'Object Repository/Final Object Repo/New Registration - Registration Module Pages/Third Screen - Upload Supporting Doc- Preview/Inner Form Add Document Button' is clicked on

2018-10-20 23:27:15 - [MESSAGE][PASSED] - Object: 'Object Repository/Final Object Repo/New Registration - Registration Module Pages/Third Screen - Upload Supporting Doc- Preview/Inner Form Add Document Button' is clicked on

2018-10-20 23:27:15 - [TEST_STEP][PASSED] - delay: Delayed 3 second(s)

2018-10-20 23:27:18 - [MESSAGE][PASSED] - Delayed 3 second(s)

2018-10-20 23:27:18 - [TEST_STEP][PASSED] - click: Object: 'Object Repository/Final Object Repo/New Registration - Registration Module Pages/Third Screen - Upload Supporting Doc- Preview/Add Document Button' is clicked on

2018-10-20 23:27:21 - [MESSAGE][PASSED] - Object: 'Object Repository/Final Object Repo/New Registration - Registration Module Pages/Third Screen - Upload Supporting Doc- Preview/Add Document Button' is clicked on

2018-10-20 23:27:21 - [TEST_STEP][PASSED] - delay: Delayed 30 second(s)

2018-10-20 23:27:51 - [MESSAGE][PASSED] - Delayed 30 second(s)

2018-10-20 23:27:51 - [TEST_STEP][PASSED] - click: Object: 'Object Repository/Final Object Repo/New Registration - Registration Module Pages/Third Screen - Upload Supporting Doc- Preview/Supporting Doc Please Select Drop Down' is clicked on

2018-10-20 23:27:51 - [MESSAGE][PASSED] - Object: 'Object Repository/Final Object Repo/New Registration - Registration Module Pages/Third Screen - Upload Supporting Doc- Preview/Supporting Doc Please Select Drop Down' is clicked on

2018-10-20 23:27:51 - [TEST_STEP][PASSED] - delay: Delayed 2 second(s)

2018-10-20 23:27:53 - [MESSAGE][PASSED] - Delayed 2 second(s)

2018-10-20 23:27:53 - [TEST_STEP][PASSED] - click: Object: 'Object Repository/Final Object Repo/New Registration - Registration Module Pages/Third Screen - Upload Supporting Doc- Preview/Select to Upload Form 2' is clicked on

2018-10-20 23:27:53 - [MESSAGE][PASSED] - Object: 'Object Repository/Final Object Repo/New Registration - Registration Module Pages/Third Screen - Upload Supporting Doc- Preview/Select to Upload Form 2' is clicked on

2018-10-20 23:27:53 - [TEST_STEP][PASSED] - delay: Delayed 2 second(s)

2018-10-20 23:27:55 - [MESSAGE][PASSED] - Delayed 2 second(s)

2018-10-20 23:27:55 - [TEST_STEP][PASSED] - uploadFile: File 'C:\Users\Public\Pictures\Sample Pictures\Act.jpg' sent to object: 'Object Repository/Final Object Repo/New Registration - Registration Module Pages/Third Screen - Upload Supporting Doc- Preview/Upload File Adding'

2018-10-20 23:27:55 - [MESSAGE][PASSED] - File 'C:\Users\Public\Pictures\Sample Pictures\Act.jpg' sent to object: 'Object Repository/Final Object Repo/New Registration - Registration Module Pages/Third Screen - Upload Supporting Doc- Preview/Upload File Adding'

2018-10-20 23:27:55 - [TEST_STEP][PASSED] - click: Object: 'Object Repository/Final Object Repo/New Registration - Registration Module Pages/Third Screen - Upload Supporting Doc- Preview/Inner Form Add Document Button' is clicked on

2018-10-20 23:27:55 - [MESSAGE][PASSED] - Object: 'Object Repository/Final Object Repo/New Registration - Registration Module Pages/Third Screen - Upload Supporting Doc- Preview/Inner Form Add Document Button' is clicked on

2018-10-20 23:27:55 - [TEST_STEP][PASSED] - delay: Delayed 4 second(s)

2018-10-20 23:27:59 - [MESSAGE][PASSED] - Delayed 4 second(s)

2018-10-20 23:27:59 - [TEST_STEP][PASSED] - click: Object: 'Object Repository/Final Object Repo/New Registration - Registration Module Pages/Third Screen - Upload Supporting Doc- Preview/Add Document Button' is clicked on

2018-10-20 23:28:01 - [MESSAGE][PASSED] - Object: 'Object Repository/Final Object Repo/New Registration - Registration Module Pages/Third Screen - Upload Supporting Doc- Preview/Add Document Button' is clicked on

2018-10-20 23:28:01 - [TEST_STEP][PASSED] - delay: Delayed 30 second(s)

2018-10-20 23:28:31 - [MESSAGE][PASSED] - Delayed 30 second(s)

2018-10-20 23:28:31 - [TEST_STEP][PASSED] - click: Object: 'Object Repository/Final Object Repo/New Registration - Registration Module Pages/Third Screen - Upload Supporting Doc- Preview/Supporting Doc Please Select Drop Down' is clicked on

2018-10-20 23:28:31 - [MESSAGE][PASSED] - Object: 'Object Repository/Final Object Repo/New Registration - Registration Module Pages/Third Screen - Upload Supporting Doc- Preview/Supporting Doc Please Select Drop Down' is clicked on

2018-10-20 23:28:31 - [TEST_STEP][PASSED] - click: Object: 'Object Repository/Final Object Repo/New Registration - Registration Module Pages/Third Screen - Upload Supporting Doc- Preview/Select to Upload Borang SIP 1' is clicked on

2018-10-20 23:28:32 - [MESSAGE][PASSED] - Object: 'Object Repository/Final Object Repo/New Registration - Registration Module Pages/Third Screen - Upload Supporting Doc- Preview/Select to Upload Borang SIP 1' is clicked on

2018-10-20 23:28:32 - [TEST_STEP][PASSED] - delay: Delayed 2 second(s)

2018-10-20 23:28:34 - [MESSAGE][PASSED] - Delayed 2 second(s)

2018-10-20 23:28:34 - [TEST_STEP][PASSED] - uploadFile: File 'C:\Users\Public\Pictures\Sample Pictures\Act.jpg' sent to object: 'Object Repository/Final Object Repo/New Registration - Registration Module Pages/Third Screen - Upload Supporting Doc- Preview/Upload File Adding'

2018-10-20 23:28:34 - [MESSAGE][PASSED] - File 'C:\Users\Public\Pictures\Sample Pictures\Act.jpg' sent to object: 'Object Repository/Final Object Repo/New Registration - Registration Module Pages/Third Screen - Upload Supporting Doc- Preview/Upload File Adding'

2018-10-20 23:28:34 - [TEST_STEP][PASSED] - click: Object: 'Object Repository/Final Object Repo/New Registration - Registration Module Pages/Third Screen - Upload Supporting Doc- Preview/Inner Form Add Document Button' is clicked on

2018-10-20 23:28:34 - [MESSAGE][PASSED] - Object: 'Object Repository/Final Object Repo/New Registration - Registration Module Pages/Third Screen - Upload Supporting Doc- Preview/Inner Form Add Document Button' is clicked on

2018-10-20 23:28:34 - [TEST_STEP][PASSED] - delay: Delayed 5 second(s)

2018-10-20 23:28:39 - [MESSAGE][PASSED] - Delayed 5 second(s)

2018-10-20 23:28:39 - [TEST_STEP][PASSED] - click: Object: 'Object Repository/Final Object Repo/New Registration - Registration Module Pages/Third Screen - Upload Supporting Doc- Preview/Add Document Button' is clicked on

2018-10-20 23:28:39 - [MESSAGE][PASSED] - Object: 'Object Repository/Final Object Repo/New Registration - Registration Module Pages/Third Screen - Upload Supporting Doc- Preview/Add Document Button' is clicked on

2018-10-20 23:28:39 - [TEST_STEP][PASSED] - delay: Delayed 30 second(s)

2018-10-20 23:29:09 - [MESSAGE][PASSED] - Delayed 30 second(s)

2018-10-20 23:29:09 - [TEST_STEP][PASSED] - click: Object: 'Object Repository/Final Object Repo/New Registration - Registration Module Pages/Third Screen - Upload Supporting Doc- Preview/Supporting Doc Please Select Drop Down' is clicked on

2018-10-20 23:29:10 - [MESSAGE][PASSED] - Object: 'Object Repository/Final Object Repo/New Registration - Registration Module Pages/Third Screen - Upload Supporting Doc- Preview/Supporting Doc Please Select Drop Down' is clicked on

2018-10-20 23:29:10 - [TEST_STEP][PASSED] - delay: Delayed 3 second(s)

2018-10-20 23:29:13 - [MESSAGE][PASSED] - Delayed 3 second(s)

2018-10-20 23:29:13 - [TEST_STEP][PASSED] - click: Object: 'Object Repository/Final Object Repo/New Registration - Registration Module Pages/Third Screen - Upload Supporting Doc- Preview/Select to Upload Borang SIP 2' is clicked on

2018-10-20 23:29:13 - [MESSAGE][PASSED] - Object: 'Object Repository/Final Object Repo/New Registration - Registration Module Pages/Third Screen - Upload Supporting Doc- Preview/Select to Upload Borang SIP 2' is clicked on

2018-10-20 23:29:13 - [TEST_STEP][PASSED] - delay: Delayed 2 second(s)

2018-10-20 23:29:15 - [MESSAGE][PASSED] - Delayed 2 second(s)

2018-10-20 23:29:15 - [TEST_STEP][PASSED] - uploadFile: File 'C:\Users\Public\Pictures\Sample Pictures\Act.jpg' sent to object: 'Object Repository/Final Object Repo/New Registration - Registration Module Pages/Third Screen - Upload Supporting Doc- Preview/Upload File Adding'

2018-10-20 23:29:15 - [MESSAGE][PASSED] - File 'C:\Users\Public\Pictures\Sample Pictures\Act.jpg' sent to object: 'Object Repository/Final Object Repo/New Registration - Registration Module Pages/Third Screen - Upload Supporting Doc- Preview/Upload File Adding'

2018-10-20 23:29:15 - [TEST_STEP][PASSED] - delay: Delayed 5 second(s)

2018-10-20 23:29:20 - [MESSAGE][PASSED] - Delayed 5 second(s)

2018-10-20 23:29:20 - [TEST_STEP][PASSED] - click: Object: 'Object Repository/Final Object Repo/New Registration - Registration Module Pages/Third Screen - Upload Supporting Doc- Preview/Inner Form Add Document Button' is clicked on

2018-10-20 23:29:20 - [MESSAGE][PASSED] - Object: 'Object Repository/Final Object Repo/New Registration - Registration Module Pages/Third Screen - Upload Supporting Doc- Preview/Inner Form Add Document Button' is clicked on

2018-10-20 23:29:20 - [TEST_STEP][PASSED] - delay: Delayed 3 second(s)

2018-10-20 23:29:23 - [MESSAGE][PASSED] - Delayed 3 second(s)

2018-10-20 23:29:23 - [TEST_STEP][PASSED] - waitForElementClickable: Object 'Object Repository/Final Object Repo/New Registration - Registration Module Pages/Third Screen - Upload Supporting Doc- Preview/Save n Continue in Uploading Supporting Doc Page' is clickable

2018-10-20 23:29:29 - [MESSAGE][PASSED] - Object 'Object Repository/Final Object Repo/New Registration - Registration Module Pages/Third Screen - Upload Supporting Doc- Preview/Save n Continue in Uploading Supporting Doc Page' is clickable

2018-10-20 23:29:29 - [TEST_STEP][PASSED] - click: Object: 'Object Repository/Final Object Repo/New Registration - Registration Module Pages/Third Screen - Upload Supporting Doc- Preview/Save n Continue in Uploading Supporting Doc Page' is clicked on

2018-10-20 23:29:29 - [MESSAGE][PASSED] - Object: 'Object Repository/Final Object Repo/New Registration - Registration Module Pages/Third Screen - Upload Supporting Doc- Preview/Save n Continue in Uploading Supporting Doc Page' is clicked on

2018-10-20 23:29:29 - [MESSAGE][PASSED] - Call Test Case 'Test Cases/Final Aug 2018 - PKS Automation/Registration Module/New Registration/Flow of New Registration/Third Screen - Upload Supporting Doc - Preview' successfully

2018-10-20 23:29:29 - [TEST_STEP][PASSED] - setText: Text 'Tester' is set on object 'Object Repository/Final Object Repo/New Registration - Registration Module Pages/New Reg - OTC to RO/Special Case - All Related Objects/Employer Preview Name'

2018-10-20 23:29:35 - [MESSAGE][PASSED] - Text 'Tester' is set on object 'Object Repository/Final Object Repo/New Registration - Registration Module Pages/New Reg - OTC to RO/Special Case - All Related Objects/Employer Preview Name'

2018-10-20 23:29:35 - [TEST_STEP][PASSED] - click: Object: 'Object Repository/Final Object Repo/New Registration - Registration Module Pages/New Reg - OTC to RO/Special Case - All Related Objects/IC Type Drop Down' is clicked on

2018-10-20 23:29:36 - [MESSAGE][PASSED] - Object: 'Object Repository/Final Object Repo/New Registration - Registration Module Pages/New Reg - OTC to RO/Special Case - All Related Objects/IC Type Drop Down' is clicked on

2018-10-20 23:29:36 - [TEST_STEP][PASSED] - click: Object: 'Object Repository/Final Object Repo/New Registration - Registration Module Pages/New Reg - OTC to RO/Special Case - All Related Objects/Select to NRIC' is clicked on

2018-10-20 23:29:36 - [MESSAGE][PASSED] - Object: 'Object Repository/Final Object Repo/New Registration - Registration Module Pages/New Reg - OTC to RO/Special Case - All Related Objects/Select to NRIC' is clicked on

2018-10-20 23:29:36 - [TEST_STEP][PASSED] - setText: Text '133245561223' is set on object 'Object Repository/Final Object Repo/New Registration - Registration Module Pages/New Reg - OTC to RO/Special Case - All Related Objects/IC Value'

2018-10-20 23:29:36 - [MESSAGE][PASSED] - Text '133245561223' is set on object 'Object Repository/Final Object Repo/New Registration - Registration Module Pages/New Reg - OTC to RO/Special Case - All Related Objects/IC Value'

2018-10-20 23:29:36 - [TEST_STEP][PASSED] - setText: Text 'Auto' is set on object 'Object Repository/Final Object Repo/New Registration - Registration Module Pages/New Reg - OTC to RO/Special Case - All Related Objects/Designation'

2018-10-20 23:29:36 - [MESSAGE][PASSED] - Text 'Auto' is set on object 'Object Repository/Final Object Repo/New Registration - Registration Module Pages/New Reg - OTC to RO/Special Case - All Related Objects/Designation'

2018-10-20 23:29:36 - [TEST_STEP][PASSED] - callTestCase: Call Test Case 'Test Cases/Final Aug 2018 - PKS Automation/Registration Module/New Registration/Submit and Screenshot/Submit Registration and Screenshot - Copy' successfully

2018-10-20 23:29:36 - [TEST_CASE][PASSED] - Test Cases/Final Aug 2018 - PKS Automation/Registration Module/New Registration/Submit and Screenshot/Submit Registration and Screenshot - Copy: Test Cases/Final Aug 2018 - PKS Automation/Registration Module/New Registration/Submit and Screenshot/Submit Registration and Screenshot - Copy

2018-10-20 23:29:36 - [TEST_STEP][PASSED] - delay: Delayed 6 second(s)

2018-10-20 23:29:42 - [MESSAGE][PASSED] - Delayed 6 second(s)

2018-10-20 23:29:42 - [TEST_STEP][PASSED] - click: Object: 'Object Repository/Final Object Repo/New Registration - Registration Module Pages/Third Screen - Upload Supporting Doc- Preview/Preview Submit Button' is clicked on

2018-10-20 23:29:43 - [MESSAGE][PASSED] - Object: 'Object Repository/Final Object Repo/New Registration - Registration Module Pages/Third Screen - Upload Supporting Doc- Preview/Preview Submit Button' is clicked on

2018-10-20 23:29:43 - [TEST_STEP][PASSED] - delay: Delayed 2 second(s)

2018-10-20 23:29:45 - [MESSAGE][PASSED] - Delayed 2 second(s)

2018-10-20 23:29:45 - [TEST_STEP][PASSED] - click: Object: 'Object Repository/Final Object Repo/New Registration - Registration Module Pages/Third Screen - Upload Supporting Doc- Preview/Preview Submit - Confirm' is clicked on

2018-10-20 23:29:45 - [MESSAGE][PASSED] - Object: 'Object Repository/Final Object Repo/New Registration - Registration Module Pages/Third Screen - Upload Supporting Doc- Preview/Preview Submit - Confirm' is clicked on

2018-10-20 23:29:45 - [TEST_STEP][PASSED] - delay: Delayed 15 second(s)

2018-10-20 23:30:00 - [MESSAGE][PASSED] - Delayed 15 second(s)

2018-10-20 23:30:00 - [TEST_STEP][PASSED] - Statement - driver = com.kms.katalon.core.webui.driver.DriverFactory.getWebDriver(): null

2018-10-20 23:30:00 - [TEST_STEP][PASSED] - Statement - driver.manage().timeouts().implicitlyWait(10, SECONDS): null

2018-10-20 23:30:00 - [TEST_STEP][PASSED] - Statement - PresavePath = KatalonScreenshots: null

2018-10-20 23:30:00 - [TEST_STEP][PASSED] - Statement - pathPrefix = "C:\Users\Public\Pictures\Sample Pictures\Katalon Screenshots\Automate Ending Screen": null

2018-10-20 23:30:00 - [TEST_STEP][PASSED] - Statement - finalPath = <not implemented yet for class: org.codehaus.groovy.ast.expr.EmptyExpression>: null

2018-10-20 23:30:00 - [TEST_STEP][PASSED] - Statement - scrFile = driver.getScreenshotAs(FILE): null

2018-10-20 23:30:05 - [TEST_STEP][PASSED] - Statement - PreSaveFile = new java.io.File(PresavePath): null

2018-10-20 23:30:05 - [TEST_STEP][PASSED] - Statement - counter = 0: null

2018-10-20 23:30:05 - [TEST_STEP][PASSED] - Statement - If (PreSaveFile.exists()): null

2018-10-20 23:30:05 - [TEST_STEP][PASSED] - Statement - While (PreSaveFile.exists()): null

2018-10-20 23:30:05 - [TEST_STEP][PASSED] - Statement - counter = counter + 1: null

2018-10-20 23:30:05 - [TEST_STEP][PASSED] - Statement - PreSaveFile = new java.io.File(((pathPrefix + java.lang.Integer.toString(counter)) + .png)): null

2018-10-20 23:30:05 - [TEST_STEP][PASSED] - Statement - counter = counter + 1: null

2018-10-20 23:30:05 - [TEST_STEP][PASSED] - Statement - PreSaveFile = new java.io.File(((pathPrefix + java.lang.Integer.toString(counter)) + .png)): null

2018-10-20 23:30:05 - [TEST_STEP][PASSED] - Statement - counter = counter + 1: null

2018-10-20 23:30:05 - [TEST_STEP][PASSED] - Statement - PreSaveFile = new java.io.File(((pathPrefix + java.lang.Integer.toString(counter)) + .png)): null

2018-10-20 23:30:05 - [TEST_STEP][PASSED] - Statement - counter = counter + 1: null

2018-10-20 23:30:05 - [TEST_STEP][PASSED] - Statement - PreSaveFile = new java.io.File(((pathPrefix + java.lang.Integer.toString(counter)) + .png)): null

2018-10-20 23:30:05 - [TEST_STEP][PASSED] - Statement - counter = counter + 1: null

2018-10-20 23:30:05 - [TEST_STEP][PASSED] - Statement - PreSaveFile = new java.io.File(((pathPrefix + java.lang.Integer.toString(counter)) + .png)): null

2018-10-20 23:30:05 - [TEST_STEP][PASSED] - Statement - counter = counter + 1: null

2018-10-20 23:30:05 - [TEST_STEP][PASSED] - Statement - PreSaveFile = new java.io.File(((pathPrefix + java.lang.Integer.toString(counter)) + .png)): null

2018-10-20 23:30:05 - [TEST_STEP][PASSED] - Statement - counter = counter + 1: null

2018-10-20 23:30:05 - [TEST_STEP][PASSED] - Statement - PreSaveFile = new java.io.File(((pathPrefix + java.lang.Integer.toString(counter)) + .png)): null

2018-10-20 23:30:05 - [TEST_STEP][PASSED] - Statement - counter = counter + 1: null

2018-10-20 23:30:05 - [TEST_STEP][PASSED] - Statement - PreSaveFile = new java.io.File(((pathPrefix + java.lang.Integer.toString(counter)) + .png)): null

2018-10-20 23:30:05 - [TEST_STEP][PASSED] - Statement - counter = counter + 1: null

2018-10-20 23:30:05 - [TEST_STEP][PASSED] - Statement - PreSaveFile = new java.io.File(((pathPrefix + java.lang.Integer.toString(counter)) + .png)): null

2018-10-20 23:30:05 - [TEST_STEP][PASSED] - Statement - counter = counter + 1: null

2018-10-20 23:30:05 - [TEST_STEP][PASSED] - Statement - PreSaveFile = new java.io.File(((pathPrefix + java.lang.Integer.toString(counter)) + .png)): null

2018-10-20 23:30:05 - [TEST_STEP][PASSED] - Statement - counter = counter + 1: null

2018-10-20 23:30:05 - [TEST_STEP][PASSED] - Statement - PreSaveFile = new java.io.File(((pathPrefix + java.lang.Integer.toString(counter)) + .png)): null

2018-10-20 23:30:05 - [TEST_STEP][PASSED] - Statement - counter = counter + 1: null

2018-10-20 23:30:05 - [TEST_STEP][PASSED] - Statement - PreSaveFile = new java.io.File(((pathPrefix + java.lang.Integer.toString(counter)) + .png)): null

2018-10-20 23:30:05 - [TEST_STEP][PASSED] - Statement - counter = counter + 1: null

2018-10-20 23:30:05 - [TEST_STEP][PASSED] - Statement - PreSaveFile = new java.io.File(((pathPrefix + java.lang.Integer.toString(counter)) + .png)): null

2018-10-20 23:30:05 - [TEST_STEP][PASSED] - Statement - counter = counter + 1: null

2018-10-20 23:30:05 - [TEST_STEP][PASSED] - Statement - PreSaveFile = new java.io.File(((pathPrefix + java.lang.Integer.toString(counter)) + .png)): null

2018-10-20 23:30:05 - [TEST_STEP][PASSED] - Statement - counter = counter + 1: null

2018-10-20 23:30:05 - [TEST_STEP][PASSED] - Statement - PreSaveFile = new java.io.File(((pathPrefix + java.lang.Integer.toString(counter)) + .png)): null

2018-10-20 23:30:05 - [TEST_STEP][PASSED] - Statement - counter = counter + 1: null

2018-10-20 23:30:05 - [TEST_STEP][PASSED] - Statement - PreSaveFile = new java.io.File(((pathPrefix + java.lang.Integer.toString(counter)) + .png)): null

2018-10-20 23:30:05 - [TEST_STEP][PASSED] - Statement - counter = counter + 1: null

2018-10-20 23:30:05 - [TEST_STEP][PASSED] - Statement - PreSaveFile = new java.io.File(((pathPrefix + java.lang.Integer.toString(counter)) + .png)): null

2018-10-20 23:30:05 - [TEST_STEP][PASSED] - Statement - counter = counter + 1: null

2018-10-20 23:30:05 - [TEST_STEP][PASSED] - Statement - PreSaveFile = new java.io.File(((pathPrefix + java.lang.Integer.toString(counter)) + .png)): null

2018-10-20 23:30:05 - [TEST_STEP][PASSED] - Statement - counter = counter + 1: null

2018-10-20 23:30:05 - [TEST_STEP][PASSED] - Statement - PreSaveFile = new java.io.File(((pathPrefix + java.lang.Integer.toString(counter)) + .png)): null

2018-10-20 23:30:05 - [TEST_STEP][PASSED] - Statement - counter = counter + 1: null

2018-10-20 23:30:05 - [TEST_STEP][PASSED] - Statement - PreSaveFile = new java.io.File(((pathPrefix + java.lang.Integer.toString(counter)) + .png)): null

2018-10-20 23:30:05 - [TEST_STEP][PASSED] - Statement - counter = counter + 1: null

2018-10-20 23:30:05 - [TEST_STEP][PASSED] - Statement - PreSaveFile = new java.io.File(((pathPrefix + java.lang.Integer.toString(counter)) + .png)): null

2018-10-20 23:30:05 - [TEST_STEP][PASSED] - Statement - counter = counter + 1: null

2018-10-20 23:30:05 - [TEST_STEP][PASSED] - Statement - PreSaveFile = new java.io.File(((pathPrefix + java.lang.Integer.toString(counter)) + .png)): null

2018-10-20 23:30:05 - [TEST_STEP][PASSED] - Statement - counter = counter + 1: null

2018-10-20 23:30:05 - [TEST_STEP][PASSED] - Statement - PreSaveFile = new java.io.File(((pathPrefix + java.lang.Integer.toString(counter)) + .png)): null

2018-10-20 23:30:05 - [TEST_STEP][PASSED] - Statement - counter = counter + 1: null

2018-10-20 23:30:05 - [TEST_STEP][PASSED] - Statement - PreSaveFile = new java.io.File(((pathPrefix + java.lang.Integer.toString(counter)) + .png)): null

2018-10-20 23:30:05 - [TEST_STEP][PASSED] - Statement - counter = counter + 1: null

2018-10-20 23:30:05 - [TEST_STEP][PASSED] - Statement - PreSaveFile = new java.io.File(((pathPrefix + java.lang.Integer.toString(counter)) + .png)): null

2018-10-20 23:30:05 - [TEST_STEP][PASSED] - Statement - counter = counter + 1: null

2018-10-20 23:30:05 - [TEST_STEP][PASSED] - Statement - PreSaveFile = new java.io.File(((pathPrefix + java.lang.Integer.toString(counter)) + .png)): null

2018-10-20 23:30:05 - [TEST_STEP][PASSED] - Statement - counter = counter + 1: null

2018-10-20 23:30:05 - [TEST_STEP][PASSED] - Statement - PreSaveFile = new java.io.File(((pathPrefix + java.lang.Integer.toString(counter)) + .png)): null

2018-10-20 23:30:05 - [TEST_STEP][PASSED] - Statement - counter = counter + 1: null

2018-10-20 23:30:05 - [TEST_STEP][PASSED] - Statement - PreSaveFile = new java.io.File(((pathPrefix + java.lang.Integer.toString(counter)) + .png)): null

2018-10-20 23:30:05 - [TEST_STEP][PASSED] - Statement - counter = counter + 1: null

2018-10-20 23:30:05 - [TEST_STEP][PASSED] - Statement - PreSaveFile = new java.io.File(((pathPrefix + java.lang.Integer.toString(counter)) + .png)): null

2018-10-20 23:30:05 - [TEST_STEP][PASSED] - Statement - counter = counter + 1: null

2018-10-20 23:30:05 - [TEST_STEP][PASSED] - Statement - PreSaveFile = new java.io.File(((pathPrefix + java.lang.Integer.toString(counter)) + .png)): null

2018-10-20 23:30:05 - [TEST_STEP][PASSED] - Statement - counter = counter + 1: null

2018-10-20 23:30:05 - [TEST_STEP][PASSED] - Statement - PreSaveFile = new java.io.File(((pathPrefix + java.lang.Integer.toString(counter)) + .png)): null

2018-10-20 23:30:05 - [TEST_STEP][PASSED] - Statement - counter = counter + 1: null

2018-10-20 23:30:05 - [TEST_STEP][PASSED] - Statement - PreSaveFile = new java.io.File(((pathPrefix + java.lang.Integer.toString(counter)) + .png)): null

2018-10-20 23:30:05 - [TEST_STEP][PASSED] - Statement - counter = counter + 1: null

2018-10-20 23:30:05 - [TEST_STEP][PASSED] - Statement - PreSaveFile = new java.io.File(((pathPrefix + java.lang.Integer.toString(counter)) + .png)): null

2018-10-20 23:30:05 - [TEST_STEP][PASSED] - Statement - counter = counter + 1: null

2018-10-20 23:30:05 - [TEST_STEP][PASSED] - Statement - PreSaveFile = new java.io.File(((pathPrefix + java.lang.Integer.toString(counter)) + .png)): null

2018-10-20 23:30:05 - [TEST_STEP][PASSED] - Statement - counter = counter + 1: null

2018-10-20 23:30:05 - [TEST_STEP][PASSED] - Statement - PreSaveFile = new java.io.File(((pathPrefix + java.lang.Integer.toString(counter)) + .png)): null

2018-10-20 23:30:05 - [TEST_STEP][PASSED] - Statement - counter = counter + 1: null

2018-10-20 23:30:05 - [TEST_STEP][PASSED] - Statement - PreSaveFile = new java.io.File(((pathPrefix + java.lang.Integer.toString(counter)) + .png)): null

2018-10-20 23:30:05 - [TEST_STEP][PASSED] - Statement - counter = counter + 1: null

2018-10-20 23:30:05 - [TEST_STEP][PASSED] - Statement - PreSaveFile = new java.io.File(((pathPrefix + java.lang.Integer.toString(counter)) + .png)): null

2018-10-20 23:30:05 - [TEST_STEP][PASSED] - Statement - counter = counter + 1: null

2018-10-20 23:30:05 - [TEST_STEP][PASSED] - Statement - PreSaveFile = new java.io.File(((pathPrefix + java.lang.Integer.toString(counter)) + .png)): null

2018-10-20 23:30:05 - [TEST_STEP][PASSED] - Statement - counter = counter + 1: null

2018-10-20 23:30:05 - [TEST_STEP][PASSED] - Statement - PreSaveFile = new java.io.File(((pathPrefix + java.lang.Integer.toString(counter)) + .png)): null

2018-10-20 23:30:05 - [TEST_STEP][PASSED] - Statement - counter = counter + 1: null

2018-10-20 23:30:05 - [TEST_STEP][PASSED] - Statement - PreSaveFile = new java.io.File(((pathPrefix + java.lang.Integer.toString(counter)) + .png)): null

2018-10-20 23:30:05 - [TEST_STEP][PASSED] - Statement - counter = counter + 1: null

2018-10-20 23:30:05 - [TEST_STEP][PASSED] - Statement - PreSaveFile = new java.io.File(((pathPrefix + java.lang.Integer.toString(counter)) + .png)): null

2018-10-20 23:30:05 - [TEST_STEP][PASSED] - Statement - counter = counter + 1: null

2018-10-20 23:30:05 - [TEST_STEP][PASSED] - Statement - PreSaveFile = new java.io.File(((pathPrefix + java.lang.Integer.toString(counter)) + .png)): null

2018-10-20 23:30:05 - [TEST_STEP][PASSED] - Statement - counter = counter + 1: null

2018-10-20 23:30:05 - [TEST_STEP][PASSED] - Statement - PreSaveFile = new java.io.File(((pathPrefix + java.lang.Integer.toString(counter)) + .png)): null

2018-10-20 23:30:05 - [TEST_STEP][PASSED] - Statement - counter = counter + 1: null

2018-10-20 23:30:06 - [TEST_STEP][PASSED] - Statement - PreSaveFile = new java.io.File(((pathPrefix + java.lang.Integer.toString(counter)) + .png)): null

2018-10-20 23:30:06 - [TEST_STEP][PASSED] - Statement - counter = counter + 1: null

2018-10-20 23:30:06 - [TEST_STEP][PASSED] - Statement - PreSaveFile = new java.io.File(((pathPrefix + java.lang.Integer.toString(counter)) + .png)): null

2018-10-20 23:30:06 - [TEST_STEP][PASSED] - Statement - counter = counter + 1: null

2018-10-20 23:30:06 - [TEST_STEP][PASSED] - Statement - PreSaveFile = new java.io.File(((pathPrefix + java.lang.Integer.toString(counter)) + .png)): null

2018-10-20 23:30:06 - [TEST_STEP][PASSED] - Statement - counter = counter + 1: null

2018-10-20 23:30:06 - [TEST_STEP][PASSED] - Statement - PreSaveFile = new java.io.File(((pathPrefix + java.lang.Integer.toString(counter)) + .png)): null

2018-10-20 23:30:06 - [TEST_STEP][PASSED] - Statement - counter = counter + 1: null

2018-10-20 23:30:06 - [TEST_STEP][PASSED] - Statement - PreSaveFile = new java.io.File(((pathPrefix + java.lang.Integer.toString(counter)) + .png)): null

2018-10-20 23:30:06 - [TEST_STEP][PASSED] - Statement - counter = counter + 1: null

2018-10-20 23:30:06 - [TEST_STEP][PASSED] - Statement - PreSaveFile = new java.io.File(((pathPrefix + java.lang.Integer.toString(counter)) + .png)): null

2018-10-20 23:30:06 - [TEST_STEP][PASSED] - Statement - counter = counter + 1: null

2018-10-20 23:30:06 - [TEST_STEP][PASSED] - Statement - PreSaveFile = new java.io.File(((pathPrefix + java.lang.Integer.toString(counter)) + .png)): null

2018-10-20 23:30:06 - [TEST_STEP][PASSED] - Statement - counter = counter + 1: null

2018-10-20 23:30:06 - [TEST_STEP][PASSED] - Statement - PreSaveFile = new java.io.File(((pathPrefix + java.lang.Integer.toString(counter)) + .png)): null

2018-10-20 23:30:06 - [TEST_STEP][PASSED] - Statement - counter = counter + 1: null

2018-10-20 23:30:06 - [TEST_STEP][PASSED] - Statement - PreSaveFile = new java.io.File(((pathPrefix + java.lang.Integer.toString(counter)) + .png)): null

2018-10-20 23:30:06 - [TEST_STEP][PASSED] - Statement - counter = counter + 1: null

2018-10-20 23:30:06 - [TEST_STEP][PASSED] - Statement - PreSaveFile = new java.io.File(((pathPrefix + java.lang.Integer.toString(counter)) + .png)): null

2018-10-20 23:30:06 - [TEST_STEP][PASSED] - Statement - counter = counter + 1: null

2018-10-20 23:30:06 - [TEST_STEP][PASSED] - Statement - PreSaveFile = new java.io.File(((pathPrefix + java.lang.Integer.toString(counter)) + .png)): null

2018-10-20 23:30:06 - [TEST_STEP][PASSED] - Statement - counter = counter + 1: null

2018-10-20 23:30:06 - [TEST_STEP][PASSED] - Statement - PreSaveFile = new java.io.File(((pathPrefix + java.lang.Integer.toString(counter)) + .png)): null

2018-10-20 23:30:06 - [TEST_STEP][PASSED] - Statement - counter = counter + 1: null

2018-10-20 23:30:06 - [TEST_STEP][PASSED] - Statement - PreSaveFile = new java.io.File(((pathPrefix + java.lang.Integer.toString(counter)) + .png)): null

2018-10-20 23:30:06 - [TEST_STEP][PASSED] - Statement - counter = counter + 1: null

2018-10-20 23:30:06 - [TEST_STEP][PASSED] - Statement - PreSaveFile = new java.io.File(((pathPrefix + java.lang.Integer.toString(counter)) + .png)): null

2018-10-20 23:30:06 - [TEST_STEP][PASSED] - Statement - counter = counter + 1: null

2018-10-20 23:30:06 - [TEST_STEP][PASSED] - Statement - PreSaveFile = new java.io.File(((pathPrefix + java.lang.Integer.toString(counter)) + .png)): null

2018-10-20 23:30:06 - [TEST_STEP][PASSED] - Statement - counter = counter + 1: null

2018-10-20 23:30:06 - [TEST_STEP][PASSED] - Statement - PreSaveFile = new java.io.File(((pathPrefix + java.lang.Integer.toString(counter)) + .png)): null

2018-10-20 23:30:06 - [TEST_STEP][PASSED] - Statement - counter = counter + 1: null

2018-10-20 23:30:06 - [TEST_STEP][PASSED] - Statement - PreSaveFile = new java.io.File(((pathPrefix + java.lang.Integer.toString(counter)) + .png)): null

2018-10-20 23:30:06 - [TEST_STEP][PASSED] - Statement - counter = counter + 1: null

2018-10-20 23:30:06 - [TEST_STEP][PASSED] - Statement - PreSaveFile = new java.io.File(((pathPrefix + java.lang.Integer.toString(counter)) + .png)): null

2018-10-20 23:30:06 - [TEST_STEP][PASSED] - Statement - counter = counter + 1: null

2018-10-20 23:30:06 - [TEST_STEP][PASSED] - Statement - PreSaveFile = new java.io.File(((pathPrefix + java.lang.Integer.toString(counter)) + .png)): null

2018-10-20 23:30:06 - [TEST_STEP][PASSED] - Statement - counter = counter + 1: null

2018-10-20 23:30:06 - [TEST_STEP][PASSED] - Statement - PreSaveFile = new java.io.File(((pathPrefix + java.lang.Integer.toString(counter)) + .png)): null

2018-10-20 23:30:06 - [TEST_STEP][PASSED] - Statement - counter = counter + 1: null

2018-10-20 23:30:06 - [TEST_STEP][PASSED] - Statement - PreSaveFile = new java.io.File(((pathPrefix + java.lang.Integer.toString(counter)) + .png)): null

2018-10-20 23:30:06 - [TEST_STEP][PASSED] - Statement - counter = counter + 1: null

2018-10-20 23:30:06 - [TEST_STEP][PASSED] - Statement - PreSaveFile = new java.io.File(((pathPrefix + java.lang.Integer.toString(counter)) + .png)): null

2018-10-20 23:30:06 - [TEST_STEP][PASSED] - Statement - counter = counter + 1: null

2018-10-20 23:30:06 - [TEST_STEP][PASSED] - Statement - PreSaveFile = new java.io.File(((pathPrefix + java.lang.Integer.toString(counter)) + .png)): null

2018-10-20 23:30:06 - [TEST_STEP][PASSED] - Statement - counter = counter + 1: null

2018-10-20 23:30:06 - [TEST_STEP][PASSED] - Statement - PreSaveFile = new java.io.File(((pathPrefix + java.lang.Integer.toString(counter)) + .png)): null

2018-10-20 23:30:06 - [TEST_STEP][PASSED] - Statement - counter = counter + 1: null

2018-10-20 23:30:06 - [TEST_STEP][PASSED] - Statement - PreSaveFile = new java.io.File(((pathPrefix + java.lang.Integer.toString(counter)) + .png)): null

2018-10-20 23:30:06 - [TEST_STEP][PASSED] - Statement - counter = counter + 1: null

2018-10-20 23:30:06 - [TEST_STEP][PASSED] - Statement - PreSaveFile = new java.io.File(((pathPrefix + java.lang.Integer.toString(counter)) + .png)): null

2018-10-20 23:30:06 - [TEST_STEP][PASSED] - Statement - counter = counter + 1: null

2018-10-20 23:30:06 - [TEST_STEP][PASSED] - Statement - PreSaveFile = new java.io.File(((pathPrefix + java.lang.Integer.toString(counter)) + .png)): null

2018-10-20 23:30:06 - [TEST_STEP][PASSED] - Statement - counter = counter + 1: null

2018-10-20 23:30:06 - [TEST_STEP][PASSED] - Statement - PreSaveFile = new java.io.File(((pathPrefix + java.lang.Integer.toString(counter)) + .png)): null

2018-10-20 23:30:06 - [TEST_STEP][PASSED] - Statement - counter = counter + 1: null

2018-10-20 23:30:06 - [TEST_STEP][PASSED] - Statement - PreSaveFile = new java.io.File(((pathPrefix + java.lang.Integer.toString(counter)) + .png)): null

2018-10-20 23:30:06 - [TEST_STEP][PASSED] - Statement - counter = counter + 1: null

2018-10-20 23:30:06 - [TEST_STEP][PASSED] - Statement - PreSaveFile = new java.io.File(((pathPrefix + java.lang.Integer.toString(counter)) + .png)): null

2018-10-20 23:30:06 - [TEST_STEP][PASSED] - Statement - counter = counter + 1: null

2018-10-20 23:30:06 - [TEST_STEP][PASSED] - Statement - PreSaveFile = new java.io.File(((pathPrefix + java.lang.Integer.toString(counter)) + .png)): null

2018-10-20 23:30:06 - [TEST_STEP][PASSED] - Statement - counter = counter + 1: null

2018-10-20 23:30:06 - [TEST_STEP][PASSED] - Statement - PreSaveFile = new java.io.File(((pathPrefix + java.lang.Integer.toString(counter)) + .png)): null

2018-10-20 23:30:06 - [TEST_STEP][PASSED] - Statement - counter = counter + 1: null

2018-10-20 23:30:06 - [TEST_STEP][PASSED] - Statement - PreSaveFile = new java.io.File(((pathPrefix + java.lang.Integer.toString(counter)) + .png)): null

2018-10-20 23:30:06 - [TEST_STEP][PASSED] - Statement - counter = counter + 1: null

2018-10-20 23:30:06 - [TEST_STEP][PASSED] - Statement - PreSaveFile = new java.io.File(((pathPrefix + java.lang.Integer.toString(counter)) + .png)): null

2018-10-20 23:30:06 - [TEST_STEP][PASSED] - Statement - counter = counter + 1: null

2018-10-20 23:30:06 - [TEST_STEP][PASSED] - Statement - PreSaveFile = new java.io.File(((pathPrefix + java.lang.Integer.toString(counter)) + .png)): null

2018-10-20 23:30:06 - [TEST_STEP][PASSED] - Statement - counter = counter + 1: null

2018-10-20 23:30:06 - [TEST_STEP][PASSED] - Statement - PreSaveFile = new java.io.File(((pathPrefix + java.lang.Integer.toString(counter)) + .png)): null

2018-10-20 23:30:06 - [TEST_STEP][PASSED] - Statement - counter = counter + 1: null

2018-10-20 23:30:06 - [TEST_STEP][PASSED] - Statement - PreSaveFile = new java.io.File(((pathPrefix + java.lang.Integer.toString(counter)) + .png)): null

2018-10-20 23:30:06 - [TEST_STEP][PASSED] - Statement - counter = counter + 1: null

2018-10-20 23:30:06 - [TEST_STEP][PASSED] - Statement - PreSaveFile = new java.io.File(((pathPrefix + java.lang.Integer.toString(counter)) + .png)): null

2018-10-20 23:30:06 - [TEST_STEP][PASSED] - Statement - counter = counter + 1: null

2018-10-20 23:30:06 - [TEST_STEP][PASSED] - Statement - PreSaveFile = new java.io.File(((pathPrefix + java.lang.Integer.toString(counter)) + .png)): null

2018-10-20 23:30:06 - [TEST_STEP][PASSED] - Statement - counter = counter + 1: null

2018-10-20 23:30:06 - [TEST_STEP][PASSED] - Statement - PreSaveFile = new java.io.File(((pathPrefix + java.lang.Integer.toString(counter)) + .png)): null

2018-10-20 23:30:06 - [TEST_STEP][PASSED] - Statement - counter = counter + 1: null

2018-10-20 23:30:06 - [TEST_STEP][PASSED] - Statement - PreSaveFile = new java.io.File(((pathPrefix + java.lang.Integer.toString(counter)) + .png)): null

2018-10-20 23:30:06 - [TEST_STEP][PASSED] - Statement - counter = counter + 1: null

2018-10-20 23:30:06 - [TEST_STEP][PASSED] - Statement - PreSaveFile = new java.io.File(((pathPrefix + java.lang.Integer.toString(counter)) + .png)): null

2018-10-20 23:30:06 - [TEST_STEP][PASSED] - Statement - counter = counter + 1: null

2018-10-20 23:30:06 - [TEST_STEP][PASSED] - Statement - PreSaveFile = new java.io.File(((pathPrefix + java.lang.Integer.toString(counter)) + .png)): null

2018-10-20 23:30:06 - [TEST_STEP][PASSED] - Statement - counter = counter + 1: null

2018-10-20 23:30:06 - [TEST_STEP][PASSED] - Statement - PreSaveFile = new java.io.File(((pathPrefix + java.lang.Integer.toString(counter)) + .png)): null

2018-10-20 23:30:06 - [TEST_STEP][PASSED] - Statement - counter = counter + 1: null

2018-10-20 23:30:06 - [TEST_STEP][PASSED] - Statement - PreSaveFile = new java.io.File(((pathPrefix + java.lang.Integer.toString(counter)) + .png)): null

2018-10-20 23:30:06 - [TEST_STEP][PASSED] - Statement - counter = counter + 1: null

2018-10-20 23:30:06 - [TEST_STEP][PASSED] - Statement - PreSaveFile = new java.io.File(((pathPrefix + java.lang.Integer.toString(counter)) + .png)): null

2018-10-20 23:30:06 - [TEST_STEP][PASSED] - Statement - counter = counter + 1: null

2018-10-20 23:30:06 - [TEST_STEP][PASSED] - Statement - PreSaveFile = new java.io.File(((pathPrefix + java.lang.Integer.toString(counter)) + .png)): null

2018-10-20 23:30:06 - [TEST_STEP][PASSED] - Statement - counter = counter + 1: null

2018-10-20 23:30:06 - [TEST_STEP][PASSED] - Statement - PreSaveFile = new java.io.File(((pathPrefix + java.lang.Integer.toString(counter)) + .png)): null

2018-10-20 23:30:06 - [TEST_STEP][PASSED] - Statement - counter = counter + 1: null

2018-10-20 23:30:06 - [TEST_STEP][PASSED] - Statement - PreSaveFile = new java.io.File(((pathPrefix + java.lang.Integer.toString(counter)) + .png)): null

2018-10-20 23:30:06 - [TEST_STEP][PASSED] - Statement - counter = counter + 1: null

2018-10-20 23:30:06 - [TEST_STEP][PASSED] - Statement - PreSaveFile = new java.io.File(((pathPrefix + java.lang.Integer.toString(counter)) + .png)): null

2018-10-20 23:30:06 - [TEST_STEP][PASSED] - Statement - counter = counter + 1: null

2018-10-20 23:30:06 - [TEST_STEP][PASSED] - Statement - PreSaveFile = new java.io.File(((pathPrefix + java.lang.Integer.toString(counter)) + .png)): null

2018-10-20 23:30:06 - [TEST_STEP][PASSED] - Statement - counter = counter + 1: null

2018-10-20 23:30:06 - [TEST_STEP][PASSED] - Statement - PreSaveFile = new java.io.File(((pathPrefix + java.lang.Integer.toString(counter)) + .png)): null

2018-10-20 23:30:06 - [TEST_STEP][PASSED] - Statement - counter = counter + 1: null

2018-10-20 23:30:06 - [TEST_STEP][PASSED] - Statement - PreSaveFile = new java.io.File(((pathPrefix + java.lang.Integer.toString(counter)) + .png)): null

2018-10-20 23:30:06 - [TEST_STEP][PASSED] - Statement - counter = counter + 1: null

2018-10-20 23:30:06 - [TEST_STEP][PASSED] - Statement - PreSaveFile = new java.io.File(((pathPrefix + java.lang.Integer.toString(counter)) + .png)): null

2018-10-20 23:30:06 - [TEST_STEP][PASSED] - Statement - counter = counter + 1: null

2018-10-20 23:30:06 - [TEST_STEP][PASSED] - Statement - PreSaveFile = new java.io.File(((pathPrefix + java.lang.Integer.toString(counter)) + .png)): null

2018-10-20 23:30:06 - [TEST_STEP][PASSED] - Statement - counter = counter + 1: null

2018-10-20 23:30:06 - [TEST_STEP][PASSED] - Statement - PreSaveFile = new java.io.File(((pathPrefix + java.lang.Integer.toString(counter)) + .png)): null

2018-10-20 23:30:06 - [TEST_STEP][PASSED] - Statement - counter = counter + 1: null

2018-10-20 23:30:06 - [TEST_STEP][PASSED] - Statement - PreSaveFile = new java.io.File(((pathPrefix + java.lang.Integer.toString(counter)) + .png)): null

2018-10-20 23:30:06 - [TEST_STEP][PASSED] - Statement - counter = counter + 1: null

2018-10-20 23:30:06 - [TEST_STEP][PASSED] - Statement - PreSaveFile = new java.io.File(((pathPrefix + java.lang.Integer.toString(counter)) + .png)): null

2018-10-20 23:30:06 - [TEST_STEP][PASSED] - Statement - counter = counter + 1: null

2018-10-20 23:30:06 - [TEST_STEP][PASSED] - Statement - PreSaveFile = new java.io.File(((pathPrefix + java.lang.Integer.toString(counter)) + .png)): null

2018-10-20 23:30:06 - [TEST_STEP][PASSED] - Statement - counter = counter + 1: null

2018-10-20 23:30:06 - [TEST_STEP][PASSED] - Statement - PreSaveFile = new java.io.File(((pathPrefix + java.lang.Integer.toString(counter)) + .png)): null

2018-10-20 23:30:06 - [TEST_STEP][PASSED] - Statement - counter = counter + 1: null

2018-10-20 23:30:06 - [TEST_STEP][PASSED] - Statement - PreSaveFile = new java.io.File(((pathPrefix + java.lang.Integer.toString(counter)) + .png)): null

2018-10-20 23:30:06 - [TEST_STEP][PASSED] - Statement - counter = counter + 1: null

2018-10-20 23:30:06 - [TEST_STEP][PASSED] - Statement - PreSaveFile = new java.io.File(((pathPrefix + java.lang.Integer.toString(counter)) + .png)): null

2018-10-20 23:30:06 - [TEST_STEP][PASSED] - Statement - counter = counter + 1: null

2018-10-20 23:30:06 - [TEST_STEP][PASSED] - Statement - PreSaveFile = new java.io.File(((pathPrefix + java.lang.Integer.toString(counter)) + .png)): null

2018-10-20 23:30:06 - [TEST_STEP][PASSED] - Statement - counter = counter + 1: null

2018-10-20 23:30:06 - [TEST_STEP][PASSED] - Statement - PreSaveFile = new java.io.File(((pathPrefix + java.lang.Integer.toString(counter)) + .png)): null

2018-10-20 23:30:06 - [TEST_STEP][PASSED] - Statement - finalPath = pathPrefix + java.lang.Integer.toString(counter) + ".png": null

2018-10-20 23:30:06 - [TEST_STEP][PASSED] - Statement - SaveFile = new java.io.File(finalPath): null

2018-10-20 23:30:06 - [TEST_STEP][PASSED] - Statement - Try: null

2018-10-20 23:30:06 - [TEST_STEP][PASSED] - Statement - org.apache.commons.io.FileUtils.copyFile(scrFile, SaveFile): null

2018-10-20 23:30:06 - [TEST_STEP][PASSED] - Statement - out.println("file kept"): null

2018-10-20 23:30:06 - [TEST_STEP][PASSED] - delay: Delayed 10 second(s)

2018-10-20 23:30:16 - [MESSAGE][PASSED] - Delayed 10 second(s)

2018-10-20 23:30:16 - [MESSAGE][PASSED] - Call Test Case 'Test Cases/Final Aug 2018 - PKS Automation/Registration Module/New Registration/Submit and Screenshot/Submit Registration and Screenshot - Copy' successfully

2018-10-20 23:30:16 - [TEST_STEP][PASSED] - Statement - UpdateAddNewECode = com.kms.katalon.core.webui.keyword.WebUiBuiltInKeywords.getText(com.kms.katalon.core.testobject.ObjectRepository.findTestObject(Object Repository/Final Object Repo/Page_Update Add New Employee - ASSIST/getEmpCode)): Text of object 'Object Repository/Final Object Repo/Page_Update Add New Employee - ASSIST/getEmpCode' is: 'E1102070113B'

2018-10-20 23:30:16 - [MESSAGE][PASSED] - Text of object 'Object Repository/Final Object Repo/Page_Update Add New Employee - ASSIST/getEmpCode' is: 'E1102070113B'

2018-10-20 23:30:16 - [TEST_STEP][PASSED] - callTestCase: Call Test Case 'Test Cases/Final Aug 2018 - PKS Automation/Common/Emp Code Setter' successfully

2018-10-20 23:30:16 - [TEST_CASE][PASSED] - Test Cases/Final Aug 2018 - PKS Automation/Common/Emp Code Setter: Test Cases/Final Aug 2018 - PKS Automation/Common/Emp Code Setter

2018-10-20 23:30:16 - [TEST_STEP][PASSED] - Statement - EmpCodeOld = new java.io.File(C://EmpCode.txt): null

2018-10-20 23:30:16 - [TEST_STEP][PASSED] - Statement - EmpCodeOld.delete(): null

2018-10-20 23:30:16 - [TEST_STEP][PASSED] - Statement - EmpCode = new java.io.File(C://EmpCode.txt): null

2018-10-20 23:30:16 - [TEST_STEP][PASSED] - Statement - EmpCode.append(UpdateAddNewECode): null

2018-10-20 23:30:16 - [TEST_STEP][PASSED] - Statement - out.println("


" + UpdateAddNewECode + "


"): null

2018-10-20 23:30:16 - [MESSAGE][PASSED] - Call Test Case 'Test Cases/Final Aug 2018 - PKS Automation/Common/Emp Code Setter' successfully

2018-10-20 23:30:16 - [MESSAGE][PASSED] - Call Test Case 'Test Cases/Final Aug 2018 - PKS Automation/Registration Module/Workflow/Update Add New Employee/Template/New Company for Update Add New - Employer' successfully

2018-10-20 23:30:16 - [TEST_STEP][PASSED] - callTestCase: Call Test Case 'Test Cases/Final Aug 2018 - PKS Automation/Create Employer Acc/Login to Employer Account (Second time)' successfully

2018-10-20 23:30:17 - [TEST_CASE][PASSED] - Test Cases/Final Aug 2018 - PKS Automation/Create Employer Acc/Login to Employer Account (Second time): Test Cases/Final Aug 2018 - PKS Automation/Create Employer Acc/Login to Employer Account (Second time)

2018-10-20 23:30:17 - [TEST_STEP][PASSED] - openBrowser: Browser is opened with url: ''

2018-10-20 23:30:17 - [MESSAGE][WARNING] - A browser is already opened. Closing browser and opening a new one

2018-10-20 23:30:21 - [MESSAGE][PASSED] - Browser is opened with url: ''

2018-10-20 23:30:21 - [TEST_STEP][PASSED] - navigateToUrl: Navigate to 'https://assist2-uat.perkeso.gov.my/employer/login' successfully

2018-10-20 23:30:24 - [MESSAGE][PASSED] - Navigate to 'https://assist2-uat.perkeso.gov.my/employer/login' successfully

2018-10-20 23:30:24 - [TEST_STEP][PASSED] - delay: Delayed 3 second(s)

2018-10-20 23:30:27 - [MESSAGE][PASSED] - Delayed 3 second(s)

2018-10-20 23:30:27 - [TEST_STEP][PASSED] - callTestCase: Call Test Case 'Test Cases/Final Aug 2018 - PKS Automation/Create Employer Acc/Template/Employer Email Getter' successfully

2018-10-20 23:30:28 - [TEST_CASE][PASSED] - Test Cases/Final Aug 2018 - PKS Automation/Create Employer Acc/Template/Employer Email Getter: Test Cases/Final Aug 2018 - PKS Automation/Create Employer Acc/Template/Employer Email Getter

2018-10-20 23:30:28 - [TEST_STEP][PASSED] - Statement - Try: null

2018-10-20 23:30:28 - [TEST_STEP][PASSED] - Statement - EmpEmail = new java.io.File(C://EmpEmail.txt): null

2018-10-20 23:30:28 - [TEST_STEP][PASSED] - Statement - bufferread = new java.io.BufferedReader(new java.io.FileReader(EmpEmail)): null

2018-10-20 23:30:28 - [TEST_STEP][PASSED] - Statement - readedVal = bufferread.readLine(): null

2018-10-20 23:30:28 - [TEST_STEP][PASSED] - Statement - out.println(readedVal): null

2018-10-20 23:30:28 - [TEST_STEP][PASSED] - Statement - Email = readedVal: null

2018-10-20 23:30:28 - [MESSAGE][PASSED] - Call Test Case 'Test Cases/Final Aug 2018 - PKS Automation/Create Employer Acc/Template/Employer Email Getter' successfully

2018-10-20 23:30:28 - [TEST_STEP][PASSED] - setText: Text 'perkeso132780538523@gmail.com' is set on object 'Object Repository/Final Object Repo/Login Page/External Login Page/Email'

2018-10-20 23:30:28 - [MESSAGE][PASSED] - Text 'perkeso132780538523@gmail.com' is set on object 'Object Repository/Final Object Repo/Login Page/External Login Page/Email'

2018-10-20 23:30:28 - [TEST_STEP][PASSED] - click: Object: 'Object Repository/Final Object Repo/Login Page/External Login Page/Next' is clicked on

2018-10-20 23:30:28 - [MESSAGE][PASSED] - Object: 'Object Repository/Final Object Repo/Login Page/External Login Page/Next' is clicked on

2018-10-20 23:30:28 - [TEST_STEP][PASSED] - delay: Delayed 3 second(s)

2018-10-20 23:30:31 - [MESSAGE][PASSED] - Delayed 3 second(s)

2018-10-20 23:30:31 - [TEST_STEP][PASSED] - setEncryptedText: Text ****** has been set on object 'Object Repository/Final Object Repo/Login Page/External Login Page/Password'

2018-10-20 23:30:31 - [MESSAGE][PASSED] - Text ****** has been set on object 'Object Repository/Final Object Repo/Login Page/External Login Page/Password'

2018-10-20 23:30:31 - [TEST_STEP][PASSED] - click: Object: 'Object Repository/Final Object Repo/Login Page/External Login Page/Login' is clicked on

2018-10-20 23:30:32 - [MESSAGE][PASSED] - Object: 'Object Repository/Final Object Repo/Login Page/External Login Page/Login' is clicked on

2018-10-20 23:30:32 - [TEST_STEP][PASSED] - delay: Delayed 5 second(s)

2018-10-20 23:30:37 - [MESSAGE][PASSED] - Delayed 5 second(s)

2018-10-20 23:30:37 - [MESSAGE][PASSED] - Call Test Case 'Test Cases/Final Aug 2018 - PKS Automation/Create Employer Acc/Login to Employer Account (Second time)' successfully

2018-10-20 23:30:37 - [TEST_STEP][PASSED] - navigateToUrl: Navigate to 'https://assist2-uat.perkeso.gov.my/web/registration/eis-update/form-3-eis-cessation-as-employer' successfully

2018-10-20 23:30:39 - [MESSAGE][PASSED] - Navigate to 'https://assist2-uat.perkeso.gov.my/web/registration/eis-update/form-3-eis-cessation-as-employer' successfully

2018-10-20 23:30:39 - [TEST_STEP][PASSED] - delay: Delayed 1 second(s)

2018-10-20 23:30:40 - [MESSAGE][PASSED] - Delayed 1 second(s)

2018-10-20 23:30:40 - [TEST_STEP][PASSED] - click: Object: 'Object Repository/Final Object Repo/Page_Form 3 EIS - Cessation as Employer/Edit' is clicked on

2018-10-20 23:30:42 - [MESSAGE][PASSED] - Object: 'Object Repository/Final Object Repo/Page_Form 3 EIS - Cessation as Employer/Edit' is clicked on

2018-10-20 23:30:42 - [TEST_STEP][PASSED] - delay: Delayed 1 second(s)

2018-10-20 23:30:43 - [MESSAGE][PASSED] - Delayed 1 second(s)

2018-10-20 23:30:43 - [TEST_STEP][PASSED] - Statement - abc = com.kms.katalon.core.webui.keyword.WebUiBuiltInKeywords.getAttribute(com.kms.katalon.core.testobject.ObjectRepository.findTestObject(Final Object Repo/Page_Form 3 EIS - Cessation as Employer/Employer Status), "value"): Attribute 'value' of object 'Object Repository/Final Object Repo/Page_Form 3 EIS - Cessation as Employer/Employer Status' is: 'Active'

2018-10-20 23:30:43 - [MESSAGE][PASSED] - Attribute 'value' of object 'Object Repository/Final Object Repo/Page_Form 3 EIS - Cessation as Employer/Employer Status' is: 'Active'

2018-10-20 23:30:43 - [TEST_STEP][PASSED] - Statement - out.println(abc): null

2018-10-20 23:30:43 - [TEST_STEP][PASSED] - Statement - If (abc == "Active"): Object: 'Object Repository/Final Object Repo/Page_Form 3 EIS - Cessation as Employer/Dormant EIS' is clicked on

2018-10-20 23:30:43 - [TEST_STEP][PASSED] - click: Object: 'Object Repository/Final Object Repo/Page_Form 3 EIS - Cessation as Employer/Change Employer Status to' is clicked on

2018-10-20 23:30:43 - [MESSAGE][PASSED] - Object: 'Object Repository/Final Object Repo/Page_Form 3 EIS - Cessation as Employer/Change Employer Status to' is clicked on

2018-10-20 23:30:43 - [TEST_STEP][PASSED] - click: Object: 'Object Repository/Final Object Repo/Page_Form 3 EIS - Cessation as Employer/Dormant EIS' is clicked on

2018-10-20 23:30:43 - [MESSAGE][PASSED] - Object: 'Object Repository/Final Object Repo/Page_Form 3 EIS - Cessation as Employer/Dormant EIS' is clicked on

2018-10-20 23:30:43 - [TEST_STEP][PASSED] - click: Object: 'Object Repository/Final Object Repo/Page_Form 3 EIS - Cessation as Employer/Calender' is clicked on

2018-10-20 23:30:43 - [MESSAGE][PASSED] - Object: 'Object Repository/Final Object Repo/Page_Form 3 EIS - Cessation as Employer/Calender' is clicked on

2018-10-20 23:30:43 - [TEST_STEP][PASSED] - delay: Delayed 1 second(s)

2018-10-20 23:30:44 - [MESSAGE][PASSED] - Delayed 1 second(s)

2018-10-20 23:30:44 - [TEST_STEP][PASSED] - click: Object: 'Object Repository/Final Object Repo/Page_Form 3 EIS - Cessation as Employer/Calender - Date' is clicked on

2018-10-20 23:30:44 - [MESSAGE][PASSED] - Object: 'Object Repository/Final Object Repo/Page_Form 3 EIS - Cessation as Employer/Calender - Date' is clicked on

2018-10-20 23:30:44 - [TEST_STEP][PASSED] - click: Object: 'Object Repository/Final Object Repo/Page_Form 3 EIS - Cessation as Employer/Save  Continue in Form 3 EIS Page' is clicked on

2018-10-20 23:30:45 - [MESSAGE][PASSED] - Object: 'Object Repository/Final Object Repo/Page_Form 3 EIS - Cessation as Employer/Save  Continue in Form 3 EIS Page' is clicked on

2018-10-20 23:30:45 - [TEST_STEP][PASSED] - delay: Delayed 1 second(s)

2018-10-20 23:30:46 - [MESSAGE][PASSED] - Delayed 1 second(s)

2018-10-20 23:30:46 - [TEST_STEP][PASSED] - click: Object: 'Object Repository/Final Object Repo/Page_Form 3 EIS - Cessation as Employer/Employment Resign Date' is clicked on

2018-10-20 23:30:46 - [MESSAGE][PASSED] - Object: 'Object Repository/Final Object Repo/Page_Form 3 EIS - Cessation as Employer/Employment Resign Date' is clicked on

2018-10-20 23:30:46 - [TEST_STEP][PASSED] - selectOptionByValue: All options with value '2018' are selected in object 'Object Repository/Final Object Repo/Page_Form 3 EIS - Cessation as Employer/Employment Resign Date - Year' 

2018-10-20 23:30:47 - [MESSAGE][PASSED] - All options with value '2018' are selected in object 'Object Repository/Final Object Repo/Page_Form 3 EIS - Cessation as Employer/Employment Resign Date - Year' 

2018-10-20 23:30:47 - [TEST_STEP][PASSED] - delay: Delayed 2 second(s)

2018-10-20 23:30:49 - [MESSAGE][PASSED] - Delayed 2 second(s)

2018-10-20 23:30:49 - [TEST_STEP][PASSED] - click: Object: 'Object Repository/Final Object Repo/Page_Form 3 EIS - Cessation as Employer/Employment Resign Date - Year - Date' is clicked on

2018-10-20 23:30:49 - [MESSAGE][PASSED] - Object: 'Object Repository/Final Object Repo/Page_Form 3 EIS - Cessation as Employer/Employment Resign Date - Year - Date' is clicked on

2018-10-20 23:30:49 - [TEST_STEP][PASSED] - delay: Delayed 2 second(s)

2018-10-20 23:30:51 - [MESSAGE][PASSED] - Delayed 2 second(s)

2018-10-20 23:30:51 - [TEST_STEP][PASSED] - click: Object: 'Object Repository/Final Object Repo/Page_Form 3 EIS - Cessation as Employer/Save  Continue in Employment Resign Page' is clicked on

2018-10-20 23:30:51 - [MESSAGE][PASSED] - Object: 'Object Repository/Final Object Repo/Page_Form 3 EIS - Cessation as Employer/Save  Continue in Employment Resign Page' is clicked on

2018-10-20 23:30:51 - [TEST_STEP][PASSED] - delay: Delayed 2 second(s)

2018-10-20 23:30:53 - [MESSAGE][PASSED] - Delayed 2 second(s)

2018-10-20 23:30:53 - [TEST_STEP][FAILED] - click: Unable to click on object 'Object Repository/Final Object Repo/Page_Form 3 EIS - Cessation as Employer/Add Document' (Root cause: com.kms.katalon.core.webui.exception.WebElementNotFoundException: Web element with id: 'Object Repository/Final Object Repo/Page_Form 3 EIS - Cessation as Employer/Add Document' located by 'By.xpath: //a[(text() = '
					ADD DOCUMENT
	             ' or . = '
					ADD DOCUMENT
	             ')]' not found)

2018-10-20 23:31:32 - [MESSAGE][FAILED] - Unable to click on object 'Object Repository/Final Object Repo/Page_Form 3 EIS - Cessation as Employer/Add Document' (Root cause: com.kms.katalon.core.webui.exception.WebElementNotFoundException: Web element with id: 'Object Repository/Final Object Repo/Page_Form 3 EIS - Cessation as Employer/Add Document' located by 'By.xpath: //a[(text() = '
					ADD DOCUMENT
	             ' or . = '
					ADD DOCUMENT
	             ')]' not found)
[[ATTACHMENT|C:\\Users\\LENOVO\\Katalon Studio\\Perkeso Phase A\\Reports\\Workflow\\Form 3 EIS - Cessation as Employer\\20181020_165129\\1540049491867.png]]

2018-10-20 23:31:32 - [TEST_STEP][PASSED] - delay: Delayed 3 second(s)

2018-10-20 23:31:35 - [MESSAGE][PASSED] - Delayed 3 second(s)

2018-10-20 23:31:35 - [TEST_STEP][FAILED] - click: Unable to click on object 'Object Repository/Final Object Repo/Page_Form 3 EIS - Cessation as Employer/Document Type' (Root cause: com.kms.katalon.core.webui.exception.WebElementNotFoundException: Web element with id: 'Object Repository/Final Object Repo/Page_Form 3 EIS - Cessation as Employer/Document Type' located by 'By.xpath: //span[@aria-labelledby = 'select2-_searchforemployersip_WAR_registrationportlet_objdocTypeId-container']' not found)

2018-10-20 23:32:15 - [MESSAGE][FAILED] - Unable to click on object 'Object Repository/Final Object Repo/Page_Form 3 EIS - Cessation as Employer/Document Type' (Root cause: com.kms.katalon.core.webui.exception.WebElementNotFoundException: Web element with id: 'Object Repository/Final Object Repo/Page_Form 3 EIS - Cessation as Employer/Document Type' located by 'By.xpath: //span[@aria-labelledby = 'select2-_searchforemployersip_WAR_registrationportlet_objdocTypeId-container']' not found)
[[ATTACHMENT|C:\\Users\\LENOVO\\Katalon Studio\\Perkeso Phase A\\Reports\\Workflow\\Form 3 EIS - Cessation as Employer\\20181020_165129\\1540049534810.png]]

2018-10-20 23:32:15 - [TEST_STEP][FAILED] - click: Unable to click on object 'Object Repository/Final Object Repo/Page_Form 3 EIS - Cessation as Employer/Document Type - Form 3' (Root cause: com.kms.katalon.core.webui.exception.WebElementNotFoundException: Web element with id: 'Object Repository/Final Object Repo/Page_Form 3 EIS - Cessation as Employer/Document Type - Form 3' located by 'By.xpath: //span[(text() = '


	Form 3 - Cessation Of Employer
' or . = '


	Form 3 - Cessation Of Employer
')]' not found)

2018-10-20 23:32:48 - [MESSAGE][FAILED] - Unable to click on object 'Object Repository/Final Object Repo/Page_Form 3 EIS - Cessation as Employer/Document Type - Form 3' (Root cause: com.kms.katalon.core.webui.exception.WebElementNotFoundException: Web element with id: 'Object Repository/Final Object Repo/Page_Form 3 EIS - Cessation as Employer/Document Type - Form 3' located by 'By.xpath: //span[(text() = '


	Form 3 - Cessation Of Employer
' or . = '


	Form 3 - Cessation Of Employer
')]' not found)
[[ATTACHMENT|C:\\Users\\LENOVO\\Katalon Studio\\Perkeso Phase A\\Reports\\Workflow\\Form 3 EIS - Cessation as Employer\\20181020_165129\\1540049568128.png]]

2018-10-20 23:32:48 - [TEST_STEP][PASSED] - delay: Delayed 2 second(s)

2018-10-20 23:32:50 - [MESSAGE][PASSED] - Delayed 2 second(s)

2018-10-20 23:32:50 - [TEST_STEP][FAILED] - sendKeys: Unable to send keys 'C:\Users\Public\Pictures\Sample Pictures\Act.jpg' to object 'Object Repository/Final Object Repo/Page_Form 3 EIS - Cessation as Employer/ploading File' (Root cause: com.kms.katalon.core.webui.exception.WebElementNotFoundException: Web element with id: 'Object Repository/Final Object Repo/Page_Form 3 EIS - Cessation as Employer/ploading File' located by 'By.xpath: //input[@type = 'file' and @id = '_searchforemployersip_WAR_registrationportlet_uploadFile']' not found)

2018-10-20 23:33:23 - [MESSAGE][FAILED] - Unable to send keys 'C:\Users\Public\Pictures\Sample Pictures\Act.jpg' to object 'Object Repository/Final Object Repo/Page_Form 3 EIS - Cessation as Employer/ploading File' (Root cause: com.kms.katalon.core.webui.exception.WebElementNotFoundException: Web element with id: 'Object Repository/Final Object Repo/Page_Form 3 EIS - Cessation as Employer/ploading File' located by 'By.xpath: //input[@type = 'file' and @id = '_searchforemployersip_WAR_registrationportlet_uploadFile']' not found)
[[ATTACHMENT|C:\\Users\\LENOVO\\Katalon Studio\\Perkeso Phase A\\Reports\\Workflow\\Form 3 EIS - Cessation as Employer\\20181020_165129\\1540049603546.png]]

2018-10-20 23:33:23 - [TEST_STEP][PASSED] - delay: Delayed 1 second(s)

2018-10-20 23:33:24 - [MESSAGE][PASSED] - Delayed 1 second(s)

2018-10-20 23:33:24 - [TEST_STEP][FAILED] - click: Unable to click on object 'Object Repository/Final Object Repo/Page_Form 3 EIS - Cessation as Employer/Add Document in Uploading Page' (Root cause: com.kms.katalon.core.webui.exception.WebElementNotFoundException: Web element with id: 'Object Repository/Final Object Repo/Page_Form 3 EIS - Cessation as Employer/Add Document in Uploading Page' located by 'By.xpath: //a[(text() = '
										ADD DOCUMENT
								     ' or . = '
										ADD DOCUMENT
								     ')]' not found)

2018-10-20 23:34:04 - [MESSAGE][FAILED] - Unable to click on object 'Object Repository/Final Object Repo/Page_Form 3 EIS - Cessation as Employer/Add Document in Uploading Page' (Root cause: com.kms.katalon.core.webui.exception.WebElementNotFoundException: Web element with id: 'Object Repository/Final Object Repo/Page_Form 3 EIS - Cessation as Employer/Add Document in Uploading Page' located by 'By.xpath: //a[(text() = '
										ADD DOCUMENT
								     ' or . = '
										ADD DOCUMENT
								     ')]' not found)
[[ATTACHMENT|C:\\Users\\LENOVO\\Katalon Studio\\Perkeso Phase A\\Reports\\Workflow\\Form 3 EIS - Cessation as Employer\\20181020_165129\\1540049644184.png]]

2018-10-20 23:34:04 - [TEST_STEP][PASSED] - delay: Delayed 2 second(s)

2018-10-20 23:34:06 - [MESSAGE][PASSED] - Delayed 2 second(s)

2018-10-20 23:34:06 - [TEST_STEP][PASSED] - Statement - CaseReferenceNo = com.kms.katalon.core.webui.keyword.WebUiBuiltInKeywords.getText(com.kms.katalon.core.testobject.ObjectRepository.findTestObject(Final Object Repo/Page_Update Employer Information/Reference Number in Update Employee Information Page)): Text of object 'Object Repository/Final Object Repo/Page_Update Employer Information/Reference Number in Update Employee Information Page' is: 'ERN102018C200002198'

2018-10-20 23:34:06 - [MESSAGE][PASSED] - Text of object 'Object Repository/Final Object Repo/Page_Update Employer Information/Reference Number in Update Employee Information Page' is: 'ERN102018C200002198'

2018-10-20 23:34:06 - [TEST_STEP][PASSED] - callTestCase: Call Test Case 'Test Cases/Final Aug 2018 - PKS Automation/Common/Reference Number Setter' successfully

2018-10-20 23:34:06 - [TEST_CASE][PASSED] - Test Cases/Final Aug 2018 - PKS Automation/Common/Reference Number Setter: Test Cases/Final Aug 2018 - PKS Automation/Common/Reference Number Setter

2018-10-20 23:34:06 - [TEST_STEP][PASSED] - Statement - RefNoOldFile = new java.io.File(C://KatalonReference.txt): null

2018-10-20 23:34:06 - [TEST_STEP][PASSED] - Statement - RefNoOldFile.delete(): null

2018-10-20 23:34:06 - [TEST_STEP][PASSED] - Statement - RefNo = new java.io.File(C://KatalonReference.txt): null

2018-10-20 23:34:06 - [TEST_STEP][PASSED] - Statement - RefNo.append(CaseReferenceNo): null

2018-10-20 23:34:06 - [TEST_STEP][PASSED] - Statement - out.println("


" + CaseReferenceNo + "


"): null

2018-10-20 23:34:06 - [MESSAGE][PASSED] - Call Test Case 'Test Cases/Final Aug 2018 - PKS Automation/Common/Reference Number Setter' successfully

2018-10-20 23:34:06 - [TEST_STEP][PASSED] - delay: Delayed 2 second(s)

2018-10-20 23:34:08 - [MESSAGE][PASSED] - Delayed 2 second(s)

2018-10-20 23:34:08 - [TEST_STEP][FAILED] - click: Unable to click on object 'Object Repository/Final Object Repo/Page_Form 3 EIS - Cessation as Employer/Save  Continue in Uploading Page' (Root cause: com.kms.katalon.core.webui.exception.WebElementNotFoundException: Web element with id: 'Object Repository/Final Object Repo/Page_Form 3 EIS - Cessation as Employer/Save  Continue in Uploading Page' located by 'By.xpath: //a[(text() = '
									SAVE & CONTINUE	
				                ' or . = '
									SAVE & CONTINUE	
				                ')]' not found)

2018-10-20 23:34:48 - [MESSAGE][FAILED] - Unable to click on object 'Object Repository/Final Object Repo/Page_Form 3 EIS - Cessation as Employer/Save  Continue in Uploading Page' (Root cause: com.kms.katalon.core.webui.exception.WebElementNotFoundException: Web element with id: 'Object Repository/Final Object Repo/Page_Form 3 EIS - Cessation as Employer/Save  Continue in Uploading Page' located by 'By.xpath: //a[(text() = '
									SAVE & CONTINUE	
				                ' or . = '
									SAVE & CONTINUE	
				                ')]' not found)
[[ATTACHMENT|C:\\Users\\LENOVO\\Katalon Studio\\Perkeso Phase A\\Reports\\Workflow\\Form 3 EIS - Cessation as Employer\\20181020_165129\\1540049687845.png]]

2018-10-20 23:34:48 - [TEST_STEP][PASSED] - delay: Delayed 2 second(s)

2018-10-20 23:34:50 - [MESSAGE][PASSED] - Delayed 2 second(s)

2018-10-20 23:34:50 - [TEST_STEP][FAILED] - click: Unable to click on object 'Object Repository/Final Object Repo/Page_Form 3 EIS - Cessation as Employer/Submit' (Root cause: com.kms.katalon.core.webui.exception.WebElementNotFoundException: Web element with id: 'Object Repository/Final Object Repo/Page_Form 3 EIS - Cessation as Employer/Submit' located by 'By.xpath: //a[(text() = '
							SUBMIT
		            	' or . = '
							SUBMIT
		            	')]' not found)

2018-10-20 23:35:33 - [MESSAGE][FAILED] - Unable to click on object 'Object Repository/Final Object Repo/Page_Form 3 EIS - Cessation as Employer/Submit' (Root cause: com.kms.katalon.core.webui.exception.WebElementNotFoundException: Web element with id: 'Object Repository/Final Object Repo/Page_Form 3 EIS - Cessation as Employer/Submit' located by 'By.xpath: //a[(text() = '
							SUBMIT
		            	' or . = '
							SUBMIT
		            	')]' not found)
[[ATTACHMENT|C:\\Users\\LENOVO\\Katalon Studio\\Perkeso Phase A\\Reports\\Workflow\\Form 3 EIS - Cessation as Employer\\20181020_165129\\1540049732740.png]]

2018-10-20 23:35:33 - [TEST_STEP][PASSED] - delay: Delayed 2 second(s)

2018-10-20 23:35:35 - [MESSAGE][PASSED] - Delayed 2 second(s)

2018-10-20 23:35:35 - [TEST_STEP][FAILED] - click: Unable to click on object 'Object Repository/Final Object Repo/Page_Form 3 EIS - Cessation as Employer/Confirm' (Root cause: com.kms.katalon.core.webui.exception.WebElementNotFoundException: Web element with id: 'Object Repository/Final Object Repo/Page_Form 3 EIS - Cessation as Employer/Confirm' located by 'By.xpath: //span[(text() = 'CONFIRM' or . = 'CONFIRM')]' not found)

2018-10-20 23:36:08 - [MESSAGE][FAILED] - Unable to click on object 'Object Repository/Final Object Repo/Page_Form 3 EIS - Cessation as Employer/Confirm' (Root cause: com.kms.katalon.core.webui.exception.WebElementNotFoundException: Web element with id: 'Object Repository/Final Object Repo/Page_Form 3 EIS - Cessation as Employer/Confirm' located by 'By.xpath: //span[(text() = 'CONFIRM' or . = 'CONFIRM')]' not found)
[[ATTACHMENT|C:\\Users\\LENOVO\\Katalon Studio\\Perkeso Phase A\\Reports\\Workflow\\Form 3 EIS - Cessation as Employer\\20181020_165129\\1540049768642.png]]

2018-10-20 23:36:08 - [TEST_STEP][PASSED] - delay: Delayed 2 second(s)

2018-10-20 23:36:10 - [MESSAGE][PASSED] - Delayed 2 second(s)

2018-10-20 23:36:10 - [TEST_STEP][FAILED] - click: Unable to click on object 'Object Repository/Final Object Repo/Page_Form 3 EIS - Cessation as Employer/Message Your Request will be routed to UO' (Root cause: com.kms.katalon.core.webui.exception.WebElementNotFoundException: Web element with id: 'Object Repository/Final Object Repo/Page_Form 3 EIS - Cessation as Employer/Message Your Request will be routed to UO' located by 'By.xpath: //div[(text() = '
			    			
			    			
			    			
			    			
			    				Your Request will be routed to 
			    				UO
			    			
			    			
			    			









































































' or . = '
			    			
			    			
			    			
			    			
			    				Your Request will be routed to 
			    				UO
			    			
			    			
			    			









































































')]' not found)

2018-10-20 23:36:46 - [MESSAGE][FAILED] - Unable to click on object 'Object Repository/Final Object Repo/Page_Form 3 EIS - Cessation as Employer/Message Your Request will be routed to UO' (Root cause: com.kms.katalon.core.webui.exception.WebElementNotFoundException: Web element with id: 'Object Repository/Final Object Repo/Page_Form 3 EIS - Cessation as Employer/Message Your Request will be routed to UO' located by 'By.xpath: //div[(text() = '
			    			
			    			
			    			
			    			
			    				Your Request will be routed to 
			    				UO
			    			
			    			
			    			









































































' or . = '
			    			
			    			
			    			
			    			
			    				Your Request will be routed to 
			    				UO
			    			
			    			
			    			









































































')]' not found)
[[ATTACHMENT|C:\\Users\\LENOVO\\Katalon Studio\\Perkeso Phase A\\Reports\\Workflow\\Form 3 EIS - Cessation as Employer\\20181020_165129\\1540049806561.png]]

2018-10-20 23:36:46 - [TEST_STEP][FAILED] - click: Unable to click on object 'Object Repository/Final Object Repo/Page_Form 3 EIS - Cessation as Employer/Letter of acknowledgement' (Root cause: com.kms.katalon.core.webui.exception.WebElementNotFoundException: Web element with id: 'Object Repository/Final Object Repo/Page_Form 3 EIS - Cessation as Employer/Letter of acknowledgement' located by 'By.xpath: //a[(text() = '
							 
							Letter of acknowledgement.pdf
						' or . = '
							 
							Letter of acknowledgement.pdf
						')]' not found)

2018-10-20 23:37:24 - [MESSAGE][FAILED] - Unable to click on object 'Object Repository/Final Object Repo/Page_Form 3 EIS - Cessation as Employer/Letter of acknowledgement' (Root cause: com.kms.katalon.core.webui.exception.WebElementNotFoundException: Web element with id: 'Object Repository/Final Object Repo/Page_Form 3 EIS - Cessation as Employer/Letter of acknowledgement' located by 'By.xpath: //a[(text() = '
							 
							Letter of acknowledgement.pdf
						' or . = '
							 
							Letter of acknowledgement.pdf
						')]' not found)
[[ATTACHMENT|C:\\Users\\LENOVO\\Katalon Studio\\Perkeso Phase A\\Reports\\Workflow\\Form 3 EIS - Cessation as Employer\\20181020_165129\\1540049843796.png]]

2018-10-20 23:37:24 - [MESSAGE][FAILED] - Unable to call Test Case with id 'Test Cases/Final Aug 2018 - PKS Automation/Registration Module/Workflow/Form 3 EIS - Cessation As Employer/Template/Form 3 A - Cessation As Employer (Employer)' (Root cause: Call Test Case 'Test Cases/Final Aug 2018 - PKS Automation/Registration Module/Workflow/Form 3 EIS - Cessation As Employer/Template/Form 3 A - Cessation As Employer (Employer)' failed)]]></system-out>
         <system-err><![CDATA[2018-10-20 23:21:20 - [TEST_CASE][FAILED] - Test Cases/Final Aug 2018 - PKS Automation/Registration Module/Workflow/Form 3 EIS - Cessation As Employer/Employer to UO (Approve): Test Cases/Final Aug 2018 - PKS Automation/Registration Module/Workflow/Form 3 EIS - Cessation As Employer/Employer to UO (Approve) FAILED because (of) (Stack trace: com.kms.katalon.core.exception.StepFailedException: Unable to click on object 'Object Repository/Final Object Repo/Page_Form 3 EIS - Cessation as Employer/Add Document' (Root cause: com.kms.katalon.core.webui.exception.WebElementNotFoundException: Web element with id: 'Object Repository/Final Object Repo/Page_Form 3 EIS - Cessation as Employer/Add Document' located by 'By.xpath: //a[(text() = '
					ADD DOCUMENT
	             ' or . = '
					ADD DOCUMENT
	             ')]' not found)
	at com.kms.katalon.core.keyword.internal.KeywordMain.stepFailed(KeywordMain.groovy:32)
	at com.kms.katalon.core.webui.keyword.internal.WebUIKeywordMain.stepFailed(WebUIKeywordMain.groovy:65)
	at com.kms.katalon.core.webui.keyword.internal.WebUIKeywordMain.runKeyword(WebUIKeywordMain.groovy:27)
	at com.kms.katalon.core.webui.keyword.builtin.ClickKeyword.click(ClickKeyword.groovy:86)
	at com.kms.katalon.core.webui.keyword.builtin.ClickKeyword.execute(ClickKeyword.groovy:67)
	at com.kms.katalon.core.keyword.internal.KeywordExecutor.executeKeywordForPlatform(KeywordExecutor.groovy:53)
	at com.kms.katalon.core.webui.keyword.WebUiBuiltInKeywords.click(WebUiBuiltInKeywords.groovy:616)
	at com.kms.katalon.core.webui.keyword.WebUiBuiltInKeywords$click$2.call(Unknown Source)
	at org.codehaus.groovy.runtime.callsite.CallSiteArray.defaultCall(CallSiteArray.java:48)
	at org.codehaus.groovy.runtime.callsite.AbstractCallSite.call(AbstractCallSite.java:113)
	at org.codehaus.groovy.runtime.callsite.AbstractCallSite.call(AbstractCallSite.java:125)
	at Script1536732166908.run(Script1536732166908.groovy:82)
	at com.kms.katalon.core.main.ScriptEngine.run(ScriptEngine.java:183)
	at com.kms.katalon.core.main.ScriptEngine.runScriptAsRawText(ScriptEngine.java:108)
	at com.kms.katalon.core.main.TestCaseExecutor.runScript(TestCaseExecutor.java:294)
	at com.kms.katalon.core.main.TestCaseExecutor.doExecute(TestCaseExecutor.java:285)
	at com.kms.katalon.core.main.TestCaseExecutor.processExecutionPhase(TestCaseExecutor.java:264)
	at com.kms.katalon.core.main.TestCaseExecutor.accessMainPhase(TestCaseExecutor.java:256)
	at com.kms.katalon.core.main.TestCaseExecutor.execute(TestCaseExecutor.java:200)
	at com.kms.katalon.core.main.TestCaseMain.runTestCase(TestCaseMain.java:99)
	at com.kms.katalon.core.keyword.builtin.CallTestCaseKeyword$_callTestCase_closure1.doCall(CallTestCaseKeyword.groovy:60)
	at com.kms.katalon.core.keyword.builtin.CallTestCaseKeyword$_callTestCase_closure1.call(CallTestCaseKeyword.groovy)
	at com.kms.katalon.core.keyword.internal.KeywordMain.runKeyword(KeywordMain.groovy:54)
	at com.kms.katalon.core.keyword.builtin.CallTestCaseKeyword.callTestCase(CallTestCaseKeyword.groovy:81)
	at com.kms.katalon.core.keyword.builtin.CallTestCaseKeyword.execute(CallTestCaseKeyword.groovy:45)
	at com.kms.katalon.core.keyword.internal.KeywordExecutor.executeKeywordForPlatform(KeywordExecutor.groovy:53)
	at com.kms.katalon.core.keyword.BuiltinKeywords.callTestCase(BuiltinKeywords.groovy:334)
	at sun.reflect.NativeMethodAccessorImpl.invoke0(Native Method)
	at sun.reflect.NativeMethodAccessorImpl.invoke(NativeMethodAccessorImpl.java:62)
	at sun.reflect.DelegatingMethodAccessorImpl.invoke(DelegatingMethodAccessorImpl.java:43)
	at java.lang.reflect.Method.invoke(Method.java:498)
	at org.codehaus.groovy.reflection.CachedMethod.invoke(CachedMethod.java:93)
	at groovy.lang.MetaMethod.doMethodInvoke(MetaMethod.java:325)
	at groovy.lang.MetaClassImpl.invokeStaticMethod(MetaClassImpl.java:1469)
	at org.codehaus.groovy.runtime.callsite.StaticMetaClassSite.call(StaticMetaClassSite.java:53)
	at org.codehaus.groovy.runtime.callsite.CallSiteArray.defaultCall(CallSiteArray.java:48)
	at org.codehaus.groovy.runtime.callsite.AbstractCallSite.call(AbstractCallSite.java:113)
	at org.codehaus.groovy.runtime.callsite.AbstractCallSite.call(AbstractCallSite.java:141)
	at Script1536733676931.run(Script1536733676931.groovy:22)
	at com.kms.katalon.core.main.ScriptEngine.run(ScriptEngine.java:183)
	at com.kms.katalon.core.main.ScriptEngine.runScriptAsRawText(ScriptEngine.java:108)
	at com.kms.katalon.core.main.TestCaseExecutor.runScript(TestCaseExecutor.java:294)
	at com.kms.katalon.core.main.TestCaseExecutor.doExecute(TestCaseExecutor.java:285)
	at com.kms.katalon.core.main.TestCaseExecutor.processExecutionPhase(TestCaseExecutor.java:264)
	at com.kms.katalon.core.main.TestCaseExecutor.accessMainPhase(TestCaseExecutor.java:256)
	at com.kms.katalon.core.main.TestCaseExecutor.execute(TestCaseExecutor.java:200)
	at com.kms.katalon.core.main.TestSuiteExecutor.accessTestCaseMainPhase(TestSuiteExecutor.java:129)
	at com.kms.katalon.core.main.TestSuiteExecutor.accessTestSuiteMainPhase(TestSuiteExecutor.java:112)
	at com.kms.katalon.core.main.TestSuiteExecutor.execute(TestSuiteExecutor.java:81)
	at com.kms.katalon.core.main.TestCaseMain.startTestSuite(TestCaseMain.java:142)
	at com.kms.katalon.core.main.TestCaseMain$startTestSuite$0.call(Unknown Source)
	at org.codehaus.groovy.runtime.callsite.CallSiteArray.defaultCall(CallSiteArray.java:48)
	at org.codehaus.groovy.runtime.callsite.AbstractCallSite.call(AbstractCallSite.java:113)
	at org.codehaus.groovy.runtime.callsite.AbstractCallSite.call(AbstractCallSite.java:141)
	at TempTestSuite1540025489648.run(TempTestSuite1540025489648.groovy:36)
	at groovy.lang.GroovyShell.runScriptOrMainOrTestOrRunnable(GroovyShell.java:263)
	at groovy.lang.GroovyShell.run(GroovyShell.java:518)
	at groovy.lang.GroovyShell.run(GroovyShell.java:507)
	at groovy.ui.GroovyMain.processOnce(GroovyMain.java:653)
	at groovy.ui.GroovyMain.run(GroovyMain.java:384)
	at groovy.ui.GroovyMain.process(GroovyMain.java:370)
	at groovy.ui.GroovyMain.processArgs(GroovyMain.java:129)
	at groovy.ui.GroovyMain.main(GroovyMain.java:109)
	at sun.reflect.NativeMethodAccessorImpl.invoke0(Native Method)
	at sun.reflect.NativeMethodAccessorImpl.invoke(NativeMethodAccessorImpl.java:62)
	at sun.reflect.DelegatingMethodAccessorImpl.invoke(DelegatingMethodAccessorImpl.java:43)
	at java.lang.reflect.Method.invoke(Method.java:498)
	at org.codehaus.groovy.tools.GroovyStarter.rootLoader(GroovyStarter.java:109)
	at org.codehaus.groovy.tools.GroovyStarter.main(GroovyStarter.java:131)
)]]></system-err>
      </testcase>
      <testcase name="Test Cases/Final Aug 2018 - PKS Automation/Registration Module/Workflow/Form 3 EIS - Cessation As Employer/Employer to UO (Query)" classname="Test Cases/Final Aug 2018 - PKS Automation/Registration Module/Workflow/Form 3 EIS - Cessation As Employer/Employer to UO (Query)" status="FAILED">
         <failure type="FAILED" message="(Stack trace: com.kms.katalon.core.exception.StepFailedException: Unable to click on object 'Object Repository/Final Object Repo/Landing Page/Select to English' (Root cause: com.kms.katalon.core.webui.exception.WebElementNotFoundException: Web element with id: 'Object Repository/Final Object Repo/Landing Page/Select to English' located by 'By.xpath: //a[@class = 'taglib-language-list-text' and @lang = 'en-US' and (contains(text(), 'EN') or contains(., 'EN'))]' not found)
	at com.kms.katalon.core.keyword.internal.KeywordMain.stepFailed(KeywordMain.groovy:32)
	at com.kms.katalon.core.webui.keyword.internal.WebUIKeywordMain.stepFailed(WebUIKeywordMain.groovy:65)
	at com.kms.katalon.core.webui.keyword.internal.WebUIKeywordMain.runKeyword(WebUIKeywordMain.groovy:27)
	at com.kms.katalon.core.webui.keyword.builtin.ClickKeyword.click(ClickKeyword.groovy:86)
	at com.kms.katalon.core.webui.keyword.builtin.ClickKeyword.execute(ClickKeyword.groovy:67)
	at com.kms.katalon.core.keyword.internal.KeywordExecutor.executeKeywordForPlatform(KeywordExecutor.groovy:53)
	at com.kms.katalon.core.webui.keyword.WebUiBuiltInKeywords.click(WebUiBuiltInKeywords.groovy:604)
	at com.kms.katalon.core.webui.keyword.WebUiBuiltInKeywords$click$8.call(Unknown Source)
	at org.codehaus.groovy.runtime.callsite.CallSiteArray.defaultCall(CallSiteArray.java:48)
	at org.codehaus.groovy.runtime.callsite.AbstractCallSite.call(AbstractCallSite.java:113)
	at org.codehaus.groovy.runtime.callsite.AbstractCallSite.call(AbstractCallSite.java:133)
	at Script1534407542420.run(Script1534407542420.groovy:57)
	at com.kms.katalon.core.main.ScriptEngine.run(ScriptEngine.java:183)
	at com.kms.katalon.core.main.ScriptEngine.runScriptAsRawText(ScriptEngine.java:108)
	at com.kms.katalon.core.main.TestCaseExecutor.runScript(TestCaseExecutor.java:294)
	at com.kms.katalon.core.main.TestCaseExecutor.doExecute(TestCaseExecutor.java:285)
	at com.kms.katalon.core.main.TestCaseExecutor.processExecutionPhase(TestCaseExecutor.java:264)
	at com.kms.katalon.core.main.TestCaseExecutor.accessMainPhase(TestCaseExecutor.java:256)
	at com.kms.katalon.core.main.TestCaseExecutor.execute(TestCaseExecutor.java:200)
	at com.kms.katalon.core.main.TestCaseMain.runTestCase(TestCaseMain.java:99)
	at com.kms.katalon.core.keyword.builtin.CallTestCaseKeyword$_callTestCase_closure1.doCall(CallTestCaseKeyword.groovy:60)
	at com.kms.katalon.core.keyword.builtin.CallTestCaseKeyword$_callTestCase_closure1.call(CallTestCaseKeyword.groovy)
	at com.kms.katalon.core.keyword.internal.KeywordMain.runKeyword(KeywordMain.groovy:54)
	at com.kms.katalon.core.keyword.builtin.CallTestCaseKeyword.callTestCase(CallTestCaseKeyword.groovy:81)
	at com.kms.katalon.core.keyword.builtin.CallTestCaseKeyword.execute(CallTestCaseKeyword.groovy:45)
	at com.kms.katalon.core.keyword.internal.KeywordExecutor.executeKeywordForPlatform(KeywordExecutor.groovy:53)
	at com.kms.katalon.core.keyword.BuiltinKeywords.callTestCase(BuiltinKeywords.groovy:334)
	at sun.reflect.GeneratedMethodAccessor13.invoke(Unknown Source)
	at sun.reflect.DelegatingMethodAccessorImpl.invoke(DelegatingMethodAccessorImpl.java:43)
	at java.lang.reflect.Method.invoke(Method.java:498)
	at org.codehaus.groovy.reflection.CachedMethod.invoke(CachedMethod.java:93)
	at groovy.lang.MetaMethod.doMethodInvoke(MetaMethod.java:325)
	at groovy.lang.MetaClassImpl.invokeStaticMethod(MetaClassImpl.java:1469)
	at org.codehaus.groovy.runtime.callsite.StaticMetaClassSite.call(StaticMetaClassSite.java:53)
	at org.codehaus.groovy.runtime.callsite.CallSiteArray.defaultCall(CallSiteArray.java:48)
	at org.codehaus.groovy.runtime.callsite.AbstractCallSite.call(AbstractCallSite.java:113)
	at org.codehaus.groovy.runtime.callsite.AbstractCallSite.call(AbstractCallSite.java:141)
	at Script1536114876563.run(Script1536114876563.groovy:34)
	at com.kms.katalon.core.main.ScriptEngine.run(ScriptEngine.java:183)
	at com.kms.katalon.core.main.ScriptEngine.runScriptAsRawText(ScriptEngine.java:108)
	at com.kms.katalon.core.main.TestCaseExecutor.runScript(TestCaseExecutor.java:294)
	at com.kms.katalon.core.main.TestCaseExecutor.doExecute(TestCaseExecutor.java:285)
	at com.kms.katalon.core.main.TestCaseExecutor.processExecutionPhase(TestCaseExecutor.java:264)
	at com.kms.katalon.core.main.TestCaseExecutor.accessMainPhase(TestCaseExecutor.java:256)
	at com.kms.katalon.core.main.TestCaseExecutor.execute(TestCaseExecutor.java:200)
	at com.kms.katalon.core.main.TestCaseMain.runTestCase(TestCaseMain.java:99)
	at com.kms.katalon.core.keyword.builtin.CallTestCaseKeyword$_callTestCase_closure1.doCall(CallTestCaseKeyword.groovy:60)
	at com.kms.katalon.core.keyword.builtin.CallTestCaseKeyword$_callTestCase_closure1.call(CallTestCaseKeyword.groovy)
	at com.kms.katalon.core.keyword.internal.KeywordMain.runKeyword(KeywordMain.groovy:54)
	at com.kms.katalon.core.keyword.builtin.CallTestCaseKeyword.callTestCase(CallTestCaseKeyword.groovy:81)
	at com.kms.katalon.core.keyword.builtin.CallTestCaseKeyword.execute(CallTestCaseKeyword.groovy:45)
	at com.kms.katalon.core.keyword.internal.KeywordExecutor.executeKeywordForPlatform(KeywordExecutor.groovy:53)
	at com.kms.katalon.core.keyword.BuiltinKeywords.callTestCase(BuiltinKeywords.groovy:334)
	at sun.reflect.GeneratedMethodAccessor13.invoke(Unknown Source)
	at sun.reflect.DelegatingMethodAccessorImpl.invoke(DelegatingMethodAccessorImpl.java:43)
	at java.lang.reflect.Method.invoke(Method.java:498)
	at org.codehaus.groovy.reflection.CachedMethod.invoke(CachedMethod.java:93)
	at groovy.lang.MetaMethod.doMethodInvoke(MetaMethod.java:325)
	at groovy.lang.MetaClassImpl.invokeStaticMethod(MetaClassImpl.java:1469)
	at org.codehaus.groovy.runtime.callsite.StaticMetaClassSite.call(StaticMetaClassSite.java:53)
	at org.codehaus.groovy.runtime.callsite.CallSiteArray.defaultCall(CallSiteArray.java:48)
	at org.codehaus.groovy.runtime.callsite.AbstractCallSite.call(AbstractCallSite.java:113)
	at org.codehaus.groovy.runtime.callsite.AbstractCallSite.call(AbstractCallSite.java:141)
	at Script1536733709462.run(Script1536733709462.groovy:25)
	at com.kms.katalon.core.main.ScriptEngine.run(ScriptEngine.java:183)
	at com.kms.katalon.core.main.ScriptEngine.runScriptAsRawText(ScriptEngine.java:108)
	at com.kms.katalon.core.main.TestCaseExecutor.runScript(TestCaseExecutor.java:294)
	at com.kms.katalon.core.main.TestCaseExecutor.doExecute(TestCaseExecutor.java:285)
	at com.kms.katalon.core.main.TestCaseExecutor.processExecutionPhase(TestCaseExecutor.java:264)
	at com.kms.katalon.core.main.TestCaseExecutor.accessMainPhase(TestCaseExecutor.java:256)
	at com.kms.katalon.core.main.TestCaseExecutor.execute(TestCaseExecutor.java:200)
	at com.kms.katalon.core.main.TestSuiteExecutor.accessTestCaseMainPhase(TestSuiteExecutor.java:129)
	at com.kms.katalon.core.main.TestSuiteExecutor.accessTestSuiteMainPhase(TestSuiteExecutor.java:112)
	at com.kms.katalon.core.main.TestSuiteExecutor.execute(TestSuiteExecutor.java:81)
	at com.kms.katalon.core.main.TestCaseMain.startTestSuite(TestCaseMain.java:142)
	at com.kms.katalon.core.main.TestCaseMain$startTestSuite$0.call(Unknown Source)
	at org.codehaus.groovy.runtime.callsite.CallSiteArray.defaultCall(CallSiteArray.java:48)
	at org.codehaus.groovy.runtime.callsite.AbstractCallSite.call(AbstractCallSite.java:113)
	at org.codehaus.groovy.runtime.callsite.AbstractCallSite.call(AbstractCallSite.java:141)
	at TempTestSuite1540025489648.run(TempTestSuite1540025489648.groovy:36)
	at groovy.lang.GroovyShell.runScriptOrMainOrTestOrRunnable(GroovyShell.java:263)
	at groovy.lang.GroovyShell.run(GroovyShell.java:518)
	at groovy.lang.GroovyShell.run(GroovyShell.java:507)
	at groovy.ui.GroovyMain.processOnce(GroovyMain.java:653)
	at groovy.ui.GroovyMain.run(GroovyMain.java:384)
	at groovy.ui.GroovyMain.process(GroovyMain.java:370)
	at groovy.ui.GroovyMain.processArgs(GroovyMain.java:129)
	at groovy.ui.GroovyMain.main(GroovyMain.java:109)
	at sun.reflect.NativeMethodAccessorImpl.invoke0(Native Method)
	at sun.reflect.NativeMethodAccessorImpl.invoke(NativeMethodAccessorImpl.java:62)
	at sun.reflect.DelegatingMethodAccessorImpl.invoke(DelegatingMethodAccessorImpl.java:43)
	at java.lang.reflect.Method.invoke(Method.java:498)
	at org.codehaus.groovy.tools.GroovyStarter.rootLoader(GroovyStarter.java:109)
	at org.codehaus.groovy.tools.GroovyStarter.main(GroovyStarter.java:131)
)"/>
         <system-out><![CDATA[2018-10-20 23:37:24 - [TEST_CASE][FAILED] - Test Cases/Final Aug 2018 - PKS Automation/Registration Module/Workflow/Form 3 EIS - Cessation As Employer/Employer to UO (Query): Test Cases/Final Aug 2018 - PKS Automation/Registration Module/Workflow/Form 3 EIS - Cessation As Employer/Employer to UO (Query) FAILED because (of) (Stack trace: com.kms.katalon.core.exception.StepFailedException: Unable to click on object 'Object Repository/Final Object Repo/Landing Page/Select to English' (Root cause: com.kms.katalon.core.webui.exception.WebElementNotFoundException: Web element with id: 'Object Repository/Final Object Repo/Landing Page/Select to English' located by 'By.xpath: //a[@class = 'taglib-language-list-text' and @lang = 'en-US' and (contains(text(), 'EN') or contains(., 'EN'))]' not found)
	at com.kms.katalon.core.keyword.internal.KeywordMain.stepFailed(KeywordMain.groovy:32)
	at com.kms.katalon.core.webui.keyword.internal.WebUIKeywordMain.stepFailed(WebUIKeywordMain.groovy:65)
	at com.kms.katalon.core.webui.keyword.internal.WebUIKeywordMain.runKeyword(WebUIKeywordMain.groovy:27)
	at com.kms.katalon.core.webui.keyword.builtin.ClickKeyword.click(ClickKeyword.groovy:86)
	at com.kms.katalon.core.webui.keyword.builtin.ClickKeyword.execute(ClickKeyword.groovy:67)
	at com.kms.katalon.core.keyword.internal.KeywordExecutor.executeKeywordForPlatform(KeywordExecutor.groovy:53)
	at com.kms.katalon.core.webui.keyword.WebUiBuiltInKeywords.click(WebUiBuiltInKeywords.groovy:604)
	at com.kms.katalon.core.webui.keyword.WebUiBuiltInKeywords$click$8.call(Unknown Source)
	at org.codehaus.groovy.runtime.callsite.CallSiteArray.defaultCall(CallSiteArray.java:48)
	at org.codehaus.groovy.runtime.callsite.AbstractCallSite.call(AbstractCallSite.java:113)
	at org.codehaus.groovy.runtime.callsite.AbstractCallSite.call(AbstractCallSite.java:133)
	at Script1534407542420.run(Script1534407542420.groovy:57)
	at com.kms.katalon.core.main.ScriptEngine.run(ScriptEngine.java:183)
	at com.kms.katalon.core.main.ScriptEngine.runScriptAsRawText(ScriptEngine.java:108)
	at com.kms.katalon.core.main.TestCaseExecutor.runScript(TestCaseExecutor.java:294)
	at com.kms.katalon.core.main.TestCaseExecutor.doExecute(TestCaseExecutor.java:285)
	at com.kms.katalon.core.main.TestCaseExecutor.processExecutionPhase(TestCaseExecutor.java:264)
	at com.kms.katalon.core.main.TestCaseExecutor.accessMainPhase(TestCaseExecutor.java:256)
	at com.kms.katalon.core.main.TestCaseExecutor.execute(TestCaseExecutor.java:200)
	at com.kms.katalon.core.main.TestCaseMain.runTestCase(TestCaseMain.java:99)
	at com.kms.katalon.core.keyword.builtin.CallTestCaseKeyword$_callTestCase_closure1.doCall(CallTestCaseKeyword.groovy:60)
	at com.kms.katalon.core.keyword.builtin.CallTestCaseKeyword$_callTestCase_closure1.call(CallTestCaseKeyword.groovy)
	at com.kms.katalon.core.keyword.internal.KeywordMain.runKeyword(KeywordMain.groovy:54)
	at com.kms.katalon.core.keyword.builtin.CallTestCaseKeyword.callTestCase(CallTestCaseKeyword.groovy:81)
	at com.kms.katalon.core.keyword.builtin.CallTestCaseKeyword.execute(CallTestCaseKeyword.groovy:45)
	at com.kms.katalon.core.keyword.internal.KeywordExecutor.executeKeywordForPlatform(KeywordExecutor.groovy:53)
	at com.kms.katalon.core.keyword.BuiltinKeywords.callTestCase(BuiltinKeywords.groovy:334)
	at sun.reflect.GeneratedMethodAccessor13.invoke(Unknown Source)
	at sun.reflect.DelegatingMethodAccessorImpl.invoke(DelegatingMethodAccessorImpl.java:43)
	at java.lang.reflect.Method.invoke(Method.java:498)
	at org.codehaus.groovy.reflection.CachedMethod.invoke(CachedMethod.java:93)
	at groovy.lang.MetaMethod.doMethodInvoke(MetaMethod.java:325)
	at groovy.lang.MetaClassImpl.invokeStaticMethod(MetaClassImpl.java:1469)
	at org.codehaus.groovy.runtime.callsite.StaticMetaClassSite.call(StaticMetaClassSite.java:53)
	at org.codehaus.groovy.runtime.callsite.CallSiteArray.defaultCall(CallSiteArray.java:48)
	at org.codehaus.groovy.runtime.callsite.AbstractCallSite.call(AbstractCallSite.java:113)
	at org.codehaus.groovy.runtime.callsite.AbstractCallSite.call(AbstractCallSite.java:141)
	at Script1536114876563.run(Script1536114876563.groovy:34)
	at com.kms.katalon.core.main.ScriptEngine.run(ScriptEngine.java:183)
	at com.kms.katalon.core.main.ScriptEngine.runScriptAsRawText(ScriptEngine.java:108)
	at com.kms.katalon.core.main.TestCaseExecutor.runScript(TestCaseExecutor.java:294)
	at com.kms.katalon.core.main.TestCaseExecutor.doExecute(TestCaseExecutor.java:285)
	at com.kms.katalon.core.main.TestCaseExecutor.processExecutionPhase(TestCaseExecutor.java:264)
	at com.kms.katalon.core.main.TestCaseExecutor.accessMainPhase(TestCaseExecutor.java:256)
	at com.kms.katalon.core.main.TestCaseExecutor.execute(TestCaseExecutor.java:200)
	at com.kms.katalon.core.main.TestCaseMain.runTestCase(TestCaseMain.java:99)
	at com.kms.katalon.core.keyword.builtin.CallTestCaseKeyword$_callTestCase_closure1.doCall(CallTestCaseKeyword.groovy:60)
	at com.kms.katalon.core.keyword.builtin.CallTestCaseKeyword$_callTestCase_closure1.call(CallTestCaseKeyword.groovy)
	at com.kms.katalon.core.keyword.internal.KeywordMain.runKeyword(KeywordMain.groovy:54)
	at com.kms.katalon.core.keyword.builtin.CallTestCaseKeyword.callTestCase(CallTestCaseKeyword.groovy:81)
	at com.kms.katalon.core.keyword.builtin.CallTestCaseKeyword.execute(CallTestCaseKeyword.groovy:45)
	at com.kms.katalon.core.keyword.internal.KeywordExecutor.executeKeywordForPlatform(KeywordExecutor.groovy:53)
	at com.kms.katalon.core.keyword.BuiltinKeywords.callTestCase(BuiltinKeywords.groovy:334)
	at sun.reflect.GeneratedMethodAccessor13.invoke(Unknown Source)
	at sun.reflect.DelegatingMethodAccessorImpl.invoke(DelegatingMethodAccessorImpl.java:43)
	at java.lang.reflect.Method.invoke(Method.java:498)
	at org.codehaus.groovy.reflection.CachedMethod.invoke(CachedMethod.java:93)
	at groovy.lang.MetaMethod.doMethodInvoke(MetaMethod.java:325)
	at groovy.lang.MetaClassImpl.invokeStaticMethod(MetaClassImpl.java:1469)
	at org.codehaus.groovy.runtime.callsite.StaticMetaClassSite.call(StaticMetaClassSite.java:53)
	at org.codehaus.groovy.runtime.callsite.CallSiteArray.defaultCall(CallSiteArray.java:48)
	at org.codehaus.groovy.runtime.callsite.AbstractCallSite.call(AbstractCallSite.java:113)
	at org.codehaus.groovy.runtime.callsite.AbstractCallSite.call(AbstractCallSite.java:141)
	at Script1536733709462.run(Script1536733709462.groovy:25)
	at com.kms.katalon.core.main.ScriptEngine.run(ScriptEngine.java:183)
	at com.kms.katalon.core.main.ScriptEngine.runScriptAsRawText(ScriptEngine.java:108)
	at com.kms.katalon.core.main.TestCaseExecutor.runScript(TestCaseExecutor.java:294)
	at com.kms.katalon.core.main.TestCaseExecutor.doExecute(TestCaseExecutor.java:285)
	at com.kms.katalon.core.main.TestCaseExecutor.processExecutionPhase(TestCaseExecutor.java:264)
	at com.kms.katalon.core.main.TestCaseExecutor.accessMainPhase(TestCaseExecutor.java:256)
	at com.kms.katalon.core.main.TestCaseExecutor.execute(TestCaseExecutor.java:200)
	at com.kms.katalon.core.main.TestSuiteExecutor.accessTestCaseMainPhase(TestSuiteExecutor.java:129)
	at com.kms.katalon.core.main.TestSuiteExecutor.accessTestSuiteMainPhase(TestSuiteExecutor.java:112)
	at com.kms.katalon.core.main.TestSuiteExecutor.execute(TestSuiteExecutor.java:81)
	at com.kms.katalon.core.main.TestCaseMain.startTestSuite(TestCaseMain.java:142)
	at com.kms.katalon.core.main.TestCaseMain$startTestSuite$0.call(Unknown Source)
	at org.codehaus.groovy.runtime.callsite.CallSiteArray.defaultCall(CallSiteArray.java:48)
	at org.codehaus.groovy.runtime.callsite.AbstractCallSite.call(AbstractCallSite.java:113)
	at org.codehaus.groovy.runtime.callsite.AbstractCallSite.call(AbstractCallSite.java:141)
	at TempTestSuite1540025489648.run(TempTestSuite1540025489648.groovy:36)
	at groovy.lang.GroovyShell.runScriptOrMainOrTestOrRunnable(GroovyShell.java:263)
	at groovy.lang.GroovyShell.run(GroovyShell.java:518)
	at groovy.lang.GroovyShell.run(GroovyShell.java:507)
	at groovy.ui.GroovyMain.processOnce(GroovyMain.java:653)
	at groovy.ui.GroovyMain.run(GroovyMain.java:384)
	at groovy.ui.GroovyMain.process(GroovyMain.java:370)
	at groovy.ui.GroovyMain.processArgs(GroovyMain.java:129)
	at groovy.ui.GroovyMain.main(GroovyMain.java:109)
	at sun.reflect.NativeMethodAccessorImpl.invoke0(Native Method)
	at sun.reflect.NativeMethodAccessorImpl.invoke(NativeMethodAccessorImpl.java:62)
	at sun.reflect.DelegatingMethodAccessorImpl.invoke(DelegatingMethodAccessorImpl.java:43)
	at java.lang.reflect.Method.invoke(Method.java:498)
	at org.codehaus.groovy.tools.GroovyStarter.rootLoader(GroovyStarter.java:109)
	at org.codehaus.groovy.tools.GroovyStarter.main(GroovyStarter.java:131)
)

2018-10-20 23:37:24 - [TEST_STEP][PASSED] - callTestCase: Call Test Case 'Test Cases/Final Aug 2018 - PKS Automation/Registration Module/Workflow/Form 3 EIS - Cessation As Employer/Template/Form 3 A - Cessation As Employer (OTC)' successfully

2018-10-20 23:37:24 - [TEST_CASE][PASSED] - Test Cases/Final Aug 2018 - PKS Automation/Registration Module/Workflow/Form 3 EIS - Cessation As Employer/Template/Form 3 A - Cessation As Employer (OTC): Test Cases/Final Aug 2018 - PKS Automation/Registration Module/Workflow/Form 3 EIS - Cessation As Employer/Template/Form 3 A - Cessation As Employer (OTC)

2018-10-20 23:37:24 - [TEST_STEP][PASSED] - openBrowser: Browser is opened with url: ''

2018-10-20 23:37:24 - [MESSAGE][WARNING] - A browser is already opened. Closing browser and opening a new one

2018-10-20 23:37:28 - [MESSAGE][PASSED] - Browser is opened with url: ''

2018-10-20 23:37:28 - [TEST_STEP][PASSED] - navigateToUrl: Navigate to 'https://assist2-uat.perkeso.gov.my/login' successfully

2018-10-20 23:37:31 - [MESSAGE][PASSED] - Navigate to 'https://assist2-uat.perkeso.gov.my/login' successfully

2018-10-20 23:37:31 - [TEST_STEP][PASSED] - setText: Text 'johorotc1@gmail.com' is set on object 'Object Repository/Final Object Repo/Login Page/Internal User/Email Address'

2018-10-20 23:37:32 - [MESSAGE][PASSED] - Text 'johorotc1@gmail.com' is set on object 'Object Repository/Final Object Repo/Login Page/Internal User/Email Address'

2018-10-20 23:37:32 - [TEST_STEP][PASSED] - click: Object: 'Object Repository/Final Object Repo/Login Page/Internal User/Next Button' is clicked on

2018-10-20 23:37:32 - [MESSAGE][PASSED] - Object: 'Object Repository/Final Object Repo/Login Page/Internal User/Next Button' is clicked on

2018-10-20 23:37:32 - [TEST_STEP][PASSED] - delay: Delayed 1 second(s)

2018-10-20 23:37:33 - [MESSAGE][PASSED] - Delayed 1 second(s)

2018-10-20 23:37:33 - [TEST_STEP][PASSED] - setEncryptedText: Text ****** has been set on object 'Object Repository/Final Object Repo/Login Page/Internal User/Password'

2018-10-20 23:37:33 - [MESSAGE][PASSED] - Text ****** has been set on object 'Object Repository/Final Object Repo/Login Page/Internal User/Password'

2018-10-20 23:37:33 - [TEST_STEP][PASSED] - click: Object: 'Object Repository/Final Object Repo/Login Page/Internal User/Login Button' is clicked on

2018-10-20 23:37:33 - [MESSAGE][PASSED] - Object: 'Object Repository/Final Object Repo/Login Page/Internal User/Login Button' is clicked on

2018-10-20 23:37:33 - [TEST_STEP][PASSED] - delay: Delayed 1 second(s)

2018-10-20 23:37:34 - [MESSAGE][PASSED] - Delayed 1 second(s)

2018-10-20 23:37:34 - [TEST_STEP][PASSED] - Statement - Try: Delayed 2 second(s)

2018-10-20 23:37:34 - [TEST_STEP][PASSED] - Statement - Checker = false: null

2018-10-20 23:37:34 - [TEST_STEP][PASSED] - Statement - Checker = com.kms.katalon.core.webui.keyword.WebUiBuiltInKeywords.verifyElementHasAttribute(com.kms.katalon.core.testobject.ObjectRepository.findTestObject(Final Object Repo/Landing Page/BM Detecting), "href", 20, OPTIONAL): Object 'Object Repository/Final Object Repo/Landing Page/BM Detecting' has attribute 'href'

2018-10-20 23:37:38 - [MESSAGE][PASSED] - Object 'Object Repository/Final Object Repo/Landing Page/BM Detecting' has attribute 'href'

2018-10-20 23:37:38 - [TEST_STEP][PASSED] - Statement - out.println(Checker): null

2018-10-20 23:37:38 - [TEST_STEP][PASSED] - Statement - If (Checker == false): null

2018-10-20 23:37:38 - [TEST_STEP][PASSED] - Statement - Else: null

2018-10-20 23:37:38 - [TEST_STEP][PASSED] - delay: Delayed 2 second(s)

2018-10-20 23:37:40 - [MESSAGE][PASSED] - Delayed 2 second(s)

2018-10-20 23:37:40 - [TEST_STEP][PASSED] - navigateToUrl: Navigate to 'https://assist2-uat.perkeso.gov.my/web/registration/eis-update/form-3-eis-cessation-as-employer' successfully

2018-10-20 23:37:41 - [MESSAGE][PASSED] - Navigate to 'https://assist2-uat.perkeso.gov.my/web/registration/eis-update/form-3-eis-cessation-as-employer' successfully

2018-10-20 23:37:41 - [TEST_STEP][PASSED] - delay: Delayed 1 second(s)

2018-10-20 23:37:42 - [MESSAGE][PASSED] - Delayed 1 second(s)

2018-10-20 23:37:42 - [TEST_STEP][PASSED] - setText: Text 'E1102069769W' is set on object 'Object Repository/Final Object Repo/Page_Form 3 EIS - Cessation as Employer/Employer Code'

2018-10-20 23:37:42 - [MESSAGE][PASSED] - Text 'E1102069769W' is set on object 'Object Repository/Final Object Repo/Page_Form 3 EIS - Cessation as Employer/Employer Code'

2018-10-20 23:37:42 - [TEST_STEP][PASSED] - click: Object: 'Object Repository/Final Object Repo/Page_Form 3 EIS - Cessation as Employer/Search' is clicked on

2018-10-20 23:37:42 - [MESSAGE][PASSED] - Object: 'Object Repository/Final Object Repo/Page_Form 3 EIS - Cessation as Employer/Search' is clicked on

2018-10-20 23:37:42 - [TEST_STEP][PASSED] - click: Object: 'Object Repository/Final Object Repo/Page_Form 3 EIS - Cessation as Employer/Edit' is clicked on

2018-10-20 23:37:45 - [MESSAGE][PASSED] - Object: 'Object Repository/Final Object Repo/Page_Form 3 EIS - Cessation as Employer/Edit' is clicked on

2018-10-20 23:37:45 - [TEST_STEP][PASSED] - delay: Delayed 1 second(s)

2018-10-20 23:37:46 - [MESSAGE][PASSED] - Delayed 1 second(s)

2018-10-20 23:37:46 - [TEST_STEP][PASSED] - Statement - abc = com.kms.katalon.core.webui.keyword.WebUiBuiltInKeywords.getAttribute(com.kms.katalon.core.testobject.ObjectRepository.findTestObject(Final Object Repo/Page_Form 3 EIS - Cessation as Employer/Employer Status), "value"): Attribute 'value' of object 'Object Repository/Final Object Repo/Page_Form 3 EIS - Cessation as Employer/Employer Status' is: 'Active'

2018-10-20 23:37:46 - [MESSAGE][PASSED] - Attribute 'value' of object 'Object Repository/Final Object Repo/Page_Form 3 EIS - Cessation as Employer/Employer Status' is: 'Active'

2018-10-20 23:37:46 - [TEST_STEP][PASSED] - Statement - out.println(abc): null

2018-10-20 23:37:46 - [TEST_STEP][PASSED] - Statement - If (abc == "Active"): Object: 'Object Repository/Final Object Repo/Page_Form 3 EIS - Cessation as Employer/Dormant EIS' is clicked on

2018-10-20 23:37:46 - [TEST_STEP][PASSED] - click: Object: 'Object Repository/Final Object Repo/Page_Form 3 EIS - Cessation as Employer/Change Employer Status to' is clicked on

2018-10-20 23:37:46 - [MESSAGE][PASSED] - Object: 'Object Repository/Final Object Repo/Page_Form 3 EIS - Cessation as Employer/Change Employer Status to' is clicked on

2018-10-20 23:37:46 - [TEST_STEP][PASSED] - click: Object: 'Object Repository/Final Object Repo/Page_Form 3 EIS - Cessation as Employer/Dormant EIS' is clicked on

2018-10-20 23:37:46 - [MESSAGE][PASSED] - Object: 'Object Repository/Final Object Repo/Page_Form 3 EIS - Cessation as Employer/Dormant EIS' is clicked on

2018-10-20 23:37:46 - [TEST_STEP][PASSED] - click: Object: 'Object Repository/Final Object Repo/Page_Form 3 EIS - Cessation as Employer/Calender' is clicked on

2018-10-20 23:37:46 - [MESSAGE][PASSED] - Object: 'Object Repository/Final Object Repo/Page_Form 3 EIS - Cessation as Employer/Calender' is clicked on

2018-10-20 23:37:46 - [TEST_STEP][PASSED] - delay: Delayed 1 second(s)

2018-10-20 23:37:47 - [MESSAGE][PASSED] - Delayed 1 second(s)

2018-10-20 23:37:47 - [TEST_STEP][PASSED] - click: Object: 'Object Repository/Final Object Repo/Page_Form 3 EIS - Cessation as Employer/Calender - Date' is clicked on

2018-10-20 23:37:47 - [MESSAGE][PASSED] - Object: 'Object Repository/Final Object Repo/Page_Form 3 EIS - Cessation as Employer/Calender - Date' is clicked on

2018-10-20 23:37:47 - [TEST_STEP][PASSED] - click: Object: 'Object Repository/Final Object Repo/Page_Form 3 EIS - Cessation as Employer/Save  Continue in Form 3 EIS Page' is clicked on

2018-10-20 23:37:48 - [MESSAGE][PASSED] - Object: 'Object Repository/Final Object Repo/Page_Form 3 EIS - Cessation as Employer/Save  Continue in Form 3 EIS Page' is clicked on

2018-10-20 23:37:48 - [TEST_STEP][PASSED] - delay: Delayed 1 second(s)

2018-10-20 23:37:49 - [MESSAGE][PASSED] - Delayed 1 second(s)

2018-10-20 23:37:49 - [TEST_STEP][PASSED] - click: Object: 'Object Repository/Final Object Repo/Page_Form 3 EIS - Cessation as Employer/Employment Resign Date' is clicked on

2018-10-20 23:37:49 - [MESSAGE][PASSED] - Object: 'Object Repository/Final Object Repo/Page_Form 3 EIS - Cessation as Employer/Employment Resign Date' is clicked on

2018-10-20 23:37:49 - [TEST_STEP][PASSED] - selectOptionByValue: All options with value '2018' are selected in object 'Object Repository/Final Object Repo/Page_Form 3 EIS - Cessation as Employer/Employment Resign Date - Year' 

2018-10-20 23:37:50 - [MESSAGE][PASSED] - All options with value '2018' are selected in object 'Object Repository/Final Object Repo/Page_Form 3 EIS - Cessation as Employer/Employment Resign Date - Year' 

2018-10-20 23:37:50 - [TEST_STEP][PASSED] - delay: Delayed 2 second(s)

2018-10-20 23:37:52 - [MESSAGE][PASSED] - Delayed 2 second(s)

2018-10-20 23:37:52 - [TEST_STEP][PASSED] - click: Object: 'Object Repository/Final Object Repo/Page_Form 3 EIS - Cessation as Employer/Employment Resign Date - Year - Date' is clicked on

2018-10-20 23:37:52 - [MESSAGE][PASSED] - Object: 'Object Repository/Final Object Repo/Page_Form 3 EIS - Cessation as Employer/Employment Resign Date - Year - Date' is clicked on

2018-10-20 23:37:52 - [TEST_STEP][PASSED] - delay: Delayed 2 second(s)

2018-10-20 23:37:54 - [MESSAGE][PASSED] - Delayed 2 second(s)

2018-10-20 23:37:54 - [TEST_STEP][PASSED] - click: Object: 'Object Repository/Final Object Repo/Page_Form 3 EIS - Cessation as Employer/Save  Continue in Employment Resign Page' is clicked on

2018-10-20 23:37:54 - [MESSAGE][PASSED] - Object: 'Object Repository/Final Object Repo/Page_Form 3 EIS - Cessation as Employer/Save  Continue in Employment Resign Page' is clicked on

2018-10-20 23:37:54 - [TEST_STEP][PASSED] - delay: Delayed 2 second(s)

2018-10-20 23:37:56 - [MESSAGE][PASSED] - Delayed 2 second(s)

2018-10-20 23:37:56 - [TEST_STEP][PASSED] - click: Object: 'Object Repository/Final Object Repo/Page_Form 3 EIS - Cessation as Employer/Add Document' is clicked on

2018-10-20 23:37:57 - [MESSAGE][PASSED] - Object: 'Object Repository/Final Object Repo/Page_Form 3 EIS - Cessation as Employer/Add Document' is clicked on

2018-10-20 23:37:57 - [TEST_STEP][PASSED] - delay: Delayed 3 second(s)

2018-10-20 23:38:00 - [MESSAGE][PASSED] - Delayed 3 second(s)

2018-10-20 23:38:00 - [TEST_STEP][PASSED] - click: Object: 'Object Repository/Final Object Repo/Page_Form 3 EIS - Cessation as Employer/Document Type' is clicked on

2018-10-20 23:38:01 - [MESSAGE][PASSED] - Object: 'Object Repository/Final Object Repo/Page_Form 3 EIS - Cessation as Employer/Document Type' is clicked on

2018-10-20 23:38:01 - [TEST_STEP][PASSED] - click: Object: 'Object Repository/Final Object Repo/Page_Form 3 EIS - Cessation as Employer/Document Type - Form 3' is clicked on

2018-10-20 23:38:01 - [MESSAGE][PASSED] - Object: 'Object Repository/Final Object Repo/Page_Form 3 EIS - Cessation as Employer/Document Type - Form 3' is clicked on

2018-10-20 23:38:01 - [TEST_STEP][PASSED] - delay: Delayed 2 second(s)

2018-10-20 23:38:03 - [MESSAGE][PASSED] - Delayed 2 second(s)

2018-10-20 23:38:03 - [TEST_STEP][PASSED] - sendKeys: Keys 'C:\Users\Public\Pictures\Sample Pictures\Act.jpg' sent to object: 'Object Repository/Final Object Repo/Page_Form 3 EIS - Cessation as Employer/ploading File'

2018-10-20 23:38:03 - [MESSAGE][PASSED] - Keys 'C:\Users\Public\Pictures\Sample Pictures\Act.jpg' sent to object: 'Object Repository/Final Object Repo/Page_Form 3 EIS - Cessation as Employer/ploading File'

2018-10-20 23:38:03 - [TEST_STEP][PASSED] - delay: Delayed 1 second(s)

2018-10-20 23:38:04 - [MESSAGE][PASSED] - Delayed 1 second(s)

2018-10-20 23:38:04 - [TEST_STEP][PASSED] - click: Object: 'Object Repository/Final Object Repo/Page_Form 3 EIS - Cessation as Employer/Add Document in Uploading Page' is clicked on

2018-10-20 23:38:05 - [MESSAGE][PASSED] - Object: 'Object Repository/Final Object Repo/Page_Form 3 EIS - Cessation as Employer/Add Document in Uploading Page' is clicked on

2018-10-20 23:38:05 - [TEST_STEP][PASSED] - delay: Delayed 2 second(s)

2018-10-20 23:38:07 - [MESSAGE][PASSED] - Delayed 2 second(s)

2018-10-20 23:38:07 - [TEST_STEP][PASSED] - Statement - CaseReferenceNo = com.kms.katalon.core.webui.keyword.WebUiBuiltInKeywords.getText(com.kms.katalon.core.testobject.ObjectRepository.findTestObject(Final Object Repo/Page_Update Employer Information/Reference Number in Update Employee Information Page)): Text of object 'Object Repository/Final Object Repo/Page_Update Employer Information/Reference Number in Update Employee Information Page' is: 'ERN102018C200002199'

2018-10-20 23:38:10 - [MESSAGE][PASSED] - Text of object 'Object Repository/Final Object Repo/Page_Update Employer Information/Reference Number in Update Employee Information Page' is: 'ERN102018C200002199'

2018-10-20 23:38:10 - [TEST_STEP][PASSED] - callTestCase: Call Test Case 'Test Cases/Final Aug 2018 - PKS Automation/Common/Reference Number Setter' successfully

2018-10-20 23:38:10 - [TEST_CASE][PASSED] - Test Cases/Final Aug 2018 - PKS Automation/Common/Reference Number Setter: Test Cases/Final Aug 2018 - PKS Automation/Common/Reference Number Setter

2018-10-20 23:38:10 - [TEST_STEP][PASSED] - Statement - RefNoOldFile = new java.io.File(C://KatalonReference.txt): null

2018-10-20 23:38:10 - [TEST_STEP][PASSED] - Statement - RefNoOldFile.delete(): null

2018-10-20 23:38:10 - [TEST_STEP][PASSED] - Statement - RefNo = new java.io.File(C://KatalonReference.txt): null

2018-10-20 23:38:10 - [TEST_STEP][PASSED] - Statement - RefNo.append(CaseReferenceNo): null

2018-10-20 23:38:10 - [TEST_STEP][PASSED] - Statement - out.println("


" + CaseReferenceNo + "


"): null

2018-10-20 23:38:10 - [MESSAGE][PASSED] - Call Test Case 'Test Cases/Final Aug 2018 - PKS Automation/Common/Reference Number Setter' successfully

2018-10-20 23:38:10 - [TEST_STEP][PASSED] - delay: Delayed 2 second(s)

2018-10-20 23:38:12 - [MESSAGE][PASSED] - Delayed 2 second(s)

2018-10-20 23:38:12 - [TEST_STEP][PASSED] - click: Object: 'Object Repository/Final Object Repo/Page_Form 3 EIS - Cessation as Employer/Save  Continue in Uploading Page' is clicked on

2018-10-20 23:38:12 - [MESSAGE][PASSED] - Object: 'Object Repository/Final Object Repo/Page_Form 3 EIS - Cessation as Employer/Save  Continue in Uploading Page' is clicked on

2018-10-20 23:38:12 - [TEST_STEP][PASSED] - delay: Delayed 2 second(s)

2018-10-20 23:38:14 - [MESSAGE][PASSED] - Delayed 2 second(s)

2018-10-20 23:38:14 - [TEST_STEP][PASSED] - click: Object: 'Object Repository/Final Object Repo/Page_Form 3 EIS - Cessation as Employer/Submit' is clicked on

2018-10-20 23:38:18 - [MESSAGE][PASSED] - Object: 'Object Repository/Final Object Repo/Page_Form 3 EIS - Cessation as Employer/Submit' is clicked on

2018-10-20 23:38:18 - [TEST_STEP][PASSED] - delay: Delayed 2 second(s)

2018-10-20 23:38:20 - [MESSAGE][PASSED] - Delayed 2 second(s)

2018-10-20 23:38:20 - [TEST_STEP][PASSED] - click: Object: 'Object Repository/Final Object Repo/Page_Form 3 EIS - Cessation as Employer/Confirm' is clicked on

2018-10-20 23:38:20 - [MESSAGE][PASSED] - Object: 'Object Repository/Final Object Repo/Page_Form 3 EIS - Cessation as Employer/Confirm' is clicked on

2018-10-20 23:38:20 - [TEST_STEP][PASSED] - delay: Delayed 2 second(s)

2018-10-20 23:38:22 - [MESSAGE][PASSED] - Delayed 2 second(s)

2018-10-20 23:38:22 - [TEST_STEP][PASSED] - click: Object: 'Object Repository/Final Object Repo/Page_Form 3 EIS - Cessation as Employer/Message Your Request will be routed to UO' is clicked on

2018-10-20 23:38:27 - [MESSAGE][PASSED] - Object: 'Object Repository/Final Object Repo/Page_Form 3 EIS - Cessation as Employer/Message Your Request will be routed to UO' is clicked on

2018-10-20 23:38:27 - [TEST_STEP][PASSED] - click: Object: 'Object Repository/Final Object Repo/Page_Form 3 EIS - Cessation as Employer/Letter of acknowledgement' is clicked on

2018-10-20 23:38:27 - [MESSAGE][PASSED] - Object: 'Object Repository/Final Object Repo/Page_Form 3 EIS - Cessation as Employer/Letter of acknowledgement' is clicked on

2018-10-20 23:38:27 - [MESSAGE][PASSED] - Call Test Case 'Test Cases/Final Aug 2018 - PKS Automation/Registration Module/Workflow/Form 3 EIS - Cessation As Employer/Template/Form 3 A - Cessation As Employer (OTC)' successfully

2018-10-20 23:38:27 - [TEST_STEP][FAILED] - callTestCase: Unable to call Test Case with id 'Test Cases/Final Aug 2018 - PKS Automation/Registration Module/Workflow/Form 3 EIS - Cessation As Employer/Template/Form 3 A - Cessation As Employer (Query)' (Root cause: Call Test Case 'Test Cases/Final Aug 2018 - PKS Automation/Registration Module/Workflow/Form 3 EIS - Cessation As Employer/Template/Form 3 A - Cessation As Employer (Query)' failed)

2018-10-20 23:38:28 - [TEST_CASE][FAILED] - Test Cases/Final Aug 2018 - PKS Automation/Registration Module/Workflow/Form 3 EIS - Cessation As Employer/Template/Form 3 A - Cessation As Employer (Query): Test Cases/Final Aug 2018 - PKS Automation/Registration Module/Workflow/Form 3 EIS - Cessation As Employer/Template/Form 3 A - Cessation As Employer (Query) FAILED because (of) (Stack trace: com.kms.katalon.core.exception.StepFailedException: Unable to click on object 'Object Repository/Final Object Repo/Landing Page/Select to English' (Root cause: com.kms.katalon.core.webui.exception.WebElementNotFoundException: Web element with id: 'Object Repository/Final Object Repo/Landing Page/Select to English' located by 'By.xpath: //a[@class = 'taglib-language-list-text' and @lang = 'en-US' and (contains(text(), 'EN') or contains(., 'EN'))]' not found)
	at com.kms.katalon.core.keyword.internal.KeywordMain.stepFailed(KeywordMain.groovy:32)
	at com.kms.katalon.core.webui.keyword.internal.WebUIKeywordMain.stepFailed(WebUIKeywordMain.groovy:65)
	at com.kms.katalon.core.webui.keyword.internal.WebUIKeywordMain.runKeyword(WebUIKeywordMain.groovy:27)
	at com.kms.katalon.core.webui.keyword.builtin.ClickKeyword.click(ClickKeyword.groovy:86)
	at com.kms.katalon.core.webui.keyword.builtin.ClickKeyword.execute(ClickKeyword.groovy:67)
	at com.kms.katalon.core.keyword.internal.KeywordExecutor.executeKeywordForPlatform(KeywordExecutor.groovy:53)
	at com.kms.katalon.core.webui.keyword.WebUiBuiltInKeywords.click(WebUiBuiltInKeywords.groovy:604)
	at com.kms.katalon.core.webui.keyword.WebUiBuiltInKeywords$click$8.call(Unknown Source)
	at org.codehaus.groovy.runtime.callsite.CallSiteArray.defaultCall(CallSiteArray.java:48)
	at org.codehaus.groovy.runtime.callsite.AbstractCallSite.call(AbstractCallSite.java:113)
	at org.codehaus.groovy.runtime.callsite.AbstractCallSite.call(AbstractCallSite.java:133)
	at Script1534407542420.run(Script1534407542420.groovy:57)
	at com.kms.katalon.core.main.ScriptEngine.run(ScriptEngine.java:183)
	at com.kms.katalon.core.main.ScriptEngine.runScriptAsRawText(ScriptEngine.java:108)
	at com.kms.katalon.core.main.TestCaseExecutor.runScript(TestCaseExecutor.java:294)
	at com.kms.katalon.core.main.TestCaseExecutor.doExecute(TestCaseExecutor.java:285)
	at com.kms.katalon.core.main.TestCaseExecutor.processExecutionPhase(TestCaseExecutor.java:264)
	at com.kms.katalon.core.main.TestCaseExecutor.accessMainPhase(TestCaseExecutor.java:256)
	at com.kms.katalon.core.main.TestCaseExecutor.execute(TestCaseExecutor.java:200)
	at com.kms.katalon.core.main.TestCaseMain.runTestCase(TestCaseMain.java:99)
	at com.kms.katalon.core.keyword.builtin.CallTestCaseKeyword$_callTestCase_closure1.doCall(CallTestCaseKeyword.groovy:60)
	at com.kms.katalon.core.keyword.builtin.CallTestCaseKeyword$_callTestCase_closure1.call(CallTestCaseKeyword.groovy)
	at com.kms.katalon.core.keyword.internal.KeywordMain.runKeyword(KeywordMain.groovy:54)
	at com.kms.katalon.core.keyword.builtin.CallTestCaseKeyword.callTestCase(CallTestCaseKeyword.groovy:81)
	at com.kms.katalon.core.keyword.builtin.CallTestCaseKeyword.execute(CallTestCaseKeyword.groovy:45)
	at com.kms.katalon.core.keyword.internal.KeywordExecutor.executeKeywordForPlatform(KeywordExecutor.groovy:53)
	at com.kms.katalon.core.keyword.BuiltinKeywords.callTestCase(BuiltinKeywords.groovy:334)
	at sun.reflect.GeneratedMethodAccessor13.invoke(Unknown Source)
	at sun.reflect.DelegatingMethodAccessorImpl.invoke(DelegatingMethodAccessorImpl.java:43)
	at java.lang.reflect.Method.invoke(Method.java:498)
	at org.codehaus.groovy.reflection.CachedMethod.invoke(CachedMethod.java:93)
	at groovy.lang.MetaMethod.doMethodInvoke(MetaMethod.java:325)
	at groovy.lang.MetaClassImpl.invokeStaticMethod(MetaClassImpl.java:1469)
	at org.codehaus.groovy.runtime.callsite.StaticMetaClassSite.call(StaticMetaClassSite.java:53)
	at org.codehaus.groovy.runtime.callsite.CallSiteArray.defaultCall(CallSiteArray.java:48)
	at org.codehaus.groovy.runtime.callsite.AbstractCallSite.call(AbstractCallSite.java:113)
	at org.codehaus.groovy.runtime.callsite.AbstractCallSite.call(AbstractCallSite.java:141)
	at Script1536114876563.run(Script1536114876563.groovy:34)
	at com.kms.katalon.core.main.ScriptEngine.run(ScriptEngine.java:183)
	at com.kms.katalon.core.main.ScriptEngine.runScriptAsRawText(ScriptEngine.java:108)
	at com.kms.katalon.core.main.TestCaseExecutor.runScript(TestCaseExecutor.java:294)
	at com.kms.katalon.core.main.TestCaseExecutor.doExecute(TestCaseExecutor.java:285)
	at com.kms.katalon.core.main.TestCaseExecutor.processExecutionPhase(TestCaseExecutor.java:264)
	at com.kms.katalon.core.main.TestCaseExecutor.accessMainPhase(TestCaseExecutor.java:256)
	at com.kms.katalon.core.main.TestCaseExecutor.execute(TestCaseExecutor.java:200)
	at com.kms.katalon.core.main.TestCaseMain.runTestCase(TestCaseMain.java:99)
	at com.kms.katalon.core.keyword.builtin.CallTestCaseKeyword$_callTestCase_closure1.doCall(CallTestCaseKeyword.groovy:60)
	at com.kms.katalon.core.keyword.builtin.CallTestCaseKeyword$_callTestCase_closure1.call(CallTestCaseKeyword.groovy)
	at com.kms.katalon.core.keyword.internal.KeywordMain.runKeyword(KeywordMain.groovy:54)
	at com.kms.katalon.core.keyword.builtin.CallTestCaseKeyword.callTestCase(CallTestCaseKeyword.groovy:81)
	at com.kms.katalon.core.keyword.builtin.CallTestCaseKeyword.execute(CallTestCaseKeyword.groovy:45)
	at com.kms.katalon.core.keyword.internal.KeywordExecutor.executeKeywordForPlatform(KeywordExecutor.groovy:53)
	at com.kms.katalon.core.keyword.BuiltinKeywords.callTestCase(BuiltinKeywords.groovy:334)
	at sun.reflect.GeneratedMethodAccessor13.invoke(Unknown Source)
	at sun.reflect.DelegatingMethodAccessorImpl.invoke(DelegatingMethodAccessorImpl.java:43)
	at java.lang.reflect.Method.invoke(Method.java:498)
	at org.codehaus.groovy.reflection.CachedMethod.invoke(CachedMethod.java:93)
	at groovy.lang.MetaMethod.doMethodInvoke(MetaMethod.java:325)
	at groovy.lang.MetaClassImpl.invokeStaticMethod(MetaClassImpl.java:1469)
	at org.codehaus.groovy.runtime.callsite.StaticMetaClassSite.call(StaticMetaClassSite.java:53)
	at org.codehaus.groovy.runtime.callsite.CallSiteArray.defaultCall(CallSiteArray.java:48)
	at org.codehaus.groovy.runtime.callsite.AbstractCallSite.call(AbstractCallSite.java:113)
	at org.codehaus.groovy.runtime.callsite.AbstractCallSite.call(AbstractCallSite.java:141)
	at Script1536733709462.run(Script1536733709462.groovy:25)
	at com.kms.katalon.core.main.ScriptEngine.run(ScriptEngine.java:183)
	at com.kms.katalon.core.main.ScriptEngine.runScriptAsRawText(ScriptEngine.java:108)
	at com.kms.katalon.core.main.TestCaseExecutor.runScript(TestCaseExecutor.java:294)
	at com.kms.katalon.core.main.TestCaseExecutor.doExecute(TestCaseExecutor.java:285)
	at com.kms.katalon.core.main.TestCaseExecutor.processExecutionPhase(TestCaseExecutor.java:264)
	at com.kms.katalon.core.main.TestCaseExecutor.accessMainPhase(TestCaseExecutor.java:256)
	at com.kms.katalon.core.main.TestCaseExecutor.execute(TestCaseExecutor.java:200)
	at com.kms.katalon.core.main.TestSuiteExecutor.accessTestCaseMainPhase(TestSuiteExecutor.java:129)
	at com.kms.katalon.core.main.TestSuiteExecutor.accessTestSuiteMainPhase(TestSuiteExecutor.java:112)
	at com.kms.katalon.core.main.TestSuiteExecutor.execute(TestSuiteExecutor.java:81)
	at com.kms.katalon.core.main.TestCaseMain.startTestSuite(TestCaseMain.java:142)
	at com.kms.katalon.core.main.TestCaseMain$startTestSuite$0.call(Unknown Source)
	at org.codehaus.groovy.runtime.callsite.CallSiteArray.defaultCall(CallSiteArray.java:48)
	at org.codehaus.groovy.runtime.callsite.AbstractCallSite.call(AbstractCallSite.java:113)
	at org.codehaus.groovy.runtime.callsite.AbstractCallSite.call(AbstractCallSite.java:141)
	at TempTestSuite1540025489648.run(TempTestSuite1540025489648.groovy:36)
	at groovy.lang.GroovyShell.runScriptOrMainOrTestOrRunnable(GroovyShell.java:263)
	at groovy.lang.GroovyShell.run(GroovyShell.java:518)
	at groovy.lang.GroovyShell.run(GroovyShell.java:507)
	at groovy.ui.GroovyMain.processOnce(GroovyMain.java:653)
	at groovy.ui.GroovyMain.run(GroovyMain.java:384)
	at groovy.ui.GroovyMain.process(GroovyMain.java:370)
	at groovy.ui.GroovyMain.processArgs(GroovyMain.java:129)
	at groovy.ui.GroovyMain.main(GroovyMain.java:109)
	at sun.reflect.NativeMethodAccessorImpl.invoke0(Native Method)
	at sun.reflect.NativeMethodAccessorImpl.invoke(NativeMethodAccessorImpl.java:62)
	at sun.reflect.DelegatingMethodAccessorImpl.invoke(DelegatingMethodAccessorImpl.java:43)
	at java.lang.reflect.Method.invoke(Method.java:498)
	at org.codehaus.groovy.tools.GroovyStarter.rootLoader(GroovyStarter.java:109)
	at org.codehaus.groovy.tools.GroovyStarter.main(GroovyStarter.java:131)
)

2018-10-20 23:38:28 - [TEST_STEP][NOT_RUN] - callTestCase: NOT_RUN: callTestCase

2018-10-20 23:38:28 - [MESSAGE][NOT_RUN] - NOT_RUN: callTestCase

2018-10-20 23:38:28 - [TEST_STEP][PASSED] - delay: Delayed 1 second(s)

2018-10-20 23:38:29 - [MESSAGE][PASSED] - Delayed 1 second(s)

2018-10-20 23:38:29 - [TEST_STEP][PASSED] - navigateToUrl: Navigate to 'https://assist2-uat.perkeso.gov.my/c/portal/logout' successfully

2018-10-20 23:38:30 - [MESSAGE][PASSED] - Navigate to 'https://assist2-uat.perkeso.gov.my/c/portal/logout' successfully

2018-10-20 23:38:30 - [TEST_STEP][PASSED] - delay: Delayed 1 second(s)

2018-10-20 23:38:31 - [MESSAGE][PASSED] - Delayed 1 second(s)

2018-10-20 23:38:31 - [TEST_STEP][PASSED] - callTestCase: Call Test Case 'Test Cases/Final Aug 2018 - PKS Automation/Common/Reference Number Getter' successfully

2018-10-20 23:38:31 - [TEST_CASE][PASSED] - Test Cases/Final Aug 2018 - PKS Automation/Common/Reference Number Getter: Test Cases/Final Aug 2018 - PKS Automation/Common/Reference Number Getter

2018-10-20 23:38:31 - [TEST_STEP][PASSED] - Statement - Try: null

2018-10-20 23:38:31 - [TEST_STEP][PASSED] - Statement - RefNo = new java.io.File(C://KatalonReference.txt): null

2018-10-20 23:38:31 - [TEST_STEP][PASSED] - Statement - bufferread = new java.io.BufferedReader(new java.io.FileReader(RefNo)): null

2018-10-20 23:38:31 - [TEST_STEP][PASSED] - Statement - readedVal = bufferread.readLine(): null

2018-10-20 23:38:31 - [TEST_STEP][PASSED] - Statement - out.println(CaseReferenceNo): null

2018-10-20 23:38:31 - [TEST_STEP][PASSED] - Statement - out.println(readedVal): null

2018-10-20 23:38:31 - [TEST_STEP][PASSED] - Statement - CaseReferenceNo = readedVal: null

2018-10-20 23:38:31 - [MESSAGE][PASSED] - Call Test Case 'Test Cases/Final Aug 2018 - PKS Automation/Common/Reference Number Getter' successfully

2018-10-20 23:38:31 - [TEST_STEP][FAILED] - callTestCase: Unable to call Test Case with id 'Test Cases/Final Aug 2018 - PKS Automation/Common/Workflow Owner Finder' (Root cause: Call Test Case 'Test Cases/Final Aug 2018 - PKS Automation/Common/Workflow Owner Finder' failed)

2018-10-20 23:38:31 - [TEST_CASE][FAILED] - Test Cases/Final Aug 2018 - PKS Automation/Common/Workflow Owner Finder: Test Cases/Final Aug 2018 - PKS Automation/Common/Workflow Owner Finder FAILED because (of) (Stack trace: com.kms.katalon.core.exception.StepFailedException: Unable to click on object 'Object Repository/Final Object Repo/Landing Page/Select to English' (Root cause: com.kms.katalon.core.webui.exception.WebElementNotFoundException: Web element with id: 'Object Repository/Final Object Repo/Landing Page/Select to English' located by 'By.xpath: //a[@class = 'taglib-language-list-text' and @lang = 'en-US' and (contains(text(), 'EN') or contains(., 'EN'))]' not found)
	at com.kms.katalon.core.keyword.internal.KeywordMain.stepFailed(KeywordMain.groovy:32)
	at com.kms.katalon.core.webui.keyword.internal.WebUIKeywordMain.stepFailed(WebUIKeywordMain.groovy:65)
	at com.kms.katalon.core.webui.keyword.internal.WebUIKeywordMain.runKeyword(WebUIKeywordMain.groovy:27)
	at com.kms.katalon.core.webui.keyword.builtin.ClickKeyword.click(ClickKeyword.groovy:86)
	at com.kms.katalon.core.webui.keyword.builtin.ClickKeyword.execute(ClickKeyword.groovy:67)
	at com.kms.katalon.core.keyword.internal.KeywordExecutor.executeKeywordForPlatform(KeywordExecutor.groovy:53)
	at com.kms.katalon.core.webui.keyword.WebUiBuiltInKeywords.click(WebUiBuiltInKeywords.groovy:604)
	at com.kms.katalon.core.webui.keyword.WebUiBuiltInKeywords$click$8.call(Unknown Source)
	at org.codehaus.groovy.runtime.callsite.CallSiteArray.defaultCall(CallSiteArray.java:48)
	at org.codehaus.groovy.runtime.callsite.AbstractCallSite.call(AbstractCallSite.java:113)
	at org.codehaus.groovy.runtime.callsite.AbstractCallSite.call(AbstractCallSite.java:133)
	at Script1534407542420.run(Script1534407542420.groovy:57)
	at com.kms.katalon.core.main.ScriptEngine.run(ScriptEngine.java:183)
	at com.kms.katalon.core.main.ScriptEngine.runScriptAsRawText(ScriptEngine.java:108)
	at com.kms.katalon.core.main.TestCaseExecutor.runScript(TestCaseExecutor.java:294)
	at com.kms.katalon.core.main.TestCaseExecutor.doExecute(TestCaseExecutor.java:285)
	at com.kms.katalon.core.main.TestCaseExecutor.processExecutionPhase(TestCaseExecutor.java:264)
	at com.kms.katalon.core.main.TestCaseExecutor.accessMainPhase(TestCaseExecutor.java:256)
	at com.kms.katalon.core.main.TestCaseExecutor.execute(TestCaseExecutor.java:200)
	at com.kms.katalon.core.main.TestCaseMain.runTestCase(TestCaseMain.java:99)
	at com.kms.katalon.core.keyword.builtin.CallTestCaseKeyword$_callTestCase_closure1.doCall(CallTestCaseKeyword.groovy:60)
	at com.kms.katalon.core.keyword.builtin.CallTestCaseKeyword$_callTestCase_closure1.call(CallTestCaseKeyword.groovy)
	at com.kms.katalon.core.keyword.internal.KeywordMain.runKeyword(KeywordMain.groovy:54)
	at com.kms.katalon.core.keyword.builtin.CallTestCaseKeyword.callTestCase(CallTestCaseKeyword.groovy:81)
	at com.kms.katalon.core.keyword.builtin.CallTestCaseKeyword.execute(CallTestCaseKeyword.groovy:45)
	at com.kms.katalon.core.keyword.internal.KeywordExecutor.executeKeywordForPlatform(KeywordExecutor.groovy:53)
	at com.kms.katalon.core.keyword.BuiltinKeywords.callTestCase(BuiltinKeywords.groovy:334)
	at sun.reflect.GeneratedMethodAccessor13.invoke(Unknown Source)
	at sun.reflect.DelegatingMethodAccessorImpl.invoke(DelegatingMethodAccessorImpl.java:43)
	at java.lang.reflect.Method.invoke(Method.java:498)
	at org.codehaus.groovy.reflection.CachedMethod.invoke(CachedMethod.java:93)
	at groovy.lang.MetaMethod.doMethodInvoke(MetaMethod.java:325)
	at groovy.lang.MetaClassImpl.invokeStaticMethod(MetaClassImpl.java:1469)
	at org.codehaus.groovy.runtime.callsite.StaticMetaClassSite.call(StaticMetaClassSite.java:53)
	at org.codehaus.groovy.runtime.callsite.CallSiteArray.defaultCall(CallSiteArray.java:48)
	at org.codehaus.groovy.runtime.callsite.AbstractCallSite.call(AbstractCallSite.java:113)
	at org.codehaus.groovy.runtime.callsite.AbstractCallSite.call(AbstractCallSite.java:141)
	at Script1536114876563.run(Script1536114876563.groovy:34)
	at com.kms.katalon.core.main.ScriptEngine.run(ScriptEngine.java:183)
	at com.kms.katalon.core.main.ScriptEngine.runScriptAsRawText(ScriptEngine.java:108)
	at com.kms.katalon.core.main.TestCaseExecutor.runScript(TestCaseExecutor.java:294)
	at com.kms.katalon.core.main.TestCaseExecutor.doExecute(TestCaseExecutor.java:285)
	at com.kms.katalon.core.main.TestCaseExecutor.processExecutionPhase(TestCaseExecutor.java:264)
	at com.kms.katalon.core.main.TestCaseExecutor.accessMainPhase(TestCaseExecutor.java:256)
	at com.kms.katalon.core.main.TestCaseExecutor.execute(TestCaseExecutor.java:200)
	at com.kms.katalon.core.main.TestCaseMain.runTestCase(TestCaseMain.java:99)
	at com.kms.katalon.core.keyword.builtin.CallTestCaseKeyword$_callTestCase_closure1.doCall(CallTestCaseKeyword.groovy:60)
	at com.kms.katalon.core.keyword.builtin.CallTestCaseKeyword$_callTestCase_closure1.call(CallTestCaseKeyword.groovy)
	at com.kms.katalon.core.keyword.internal.KeywordMain.runKeyword(KeywordMain.groovy:54)
	at com.kms.katalon.core.keyword.builtin.CallTestCaseKeyword.callTestCase(CallTestCaseKeyword.groovy:81)
	at com.kms.katalon.core.keyword.builtin.CallTestCaseKeyword.execute(CallTestCaseKeyword.groovy:45)
	at com.kms.katalon.core.keyword.internal.KeywordExecutor.executeKeywordForPlatform(KeywordExecutor.groovy:53)
	at com.kms.katalon.core.keyword.BuiltinKeywords.callTestCase(BuiltinKeywords.groovy:334)
	at sun.reflect.GeneratedMethodAccessor13.invoke(Unknown Source)
	at sun.reflect.DelegatingMethodAccessorImpl.invoke(DelegatingMethodAccessorImpl.java:43)
	at java.lang.reflect.Method.invoke(Method.java:498)
	at org.codehaus.groovy.reflection.CachedMethod.invoke(CachedMethod.java:93)
	at groovy.lang.MetaMethod.doMethodInvoke(MetaMethod.java:325)
	at groovy.lang.MetaClassImpl.invokeStaticMethod(MetaClassImpl.java:1469)
	at org.codehaus.groovy.runtime.callsite.StaticMetaClassSite.call(StaticMetaClassSite.java:53)
	at org.codehaus.groovy.runtime.callsite.CallSiteArray.defaultCall(CallSiteArray.java:48)
	at org.codehaus.groovy.runtime.callsite.AbstractCallSite.call(AbstractCallSite.java:113)
	at org.codehaus.groovy.runtime.callsite.AbstractCallSite.call(AbstractCallSite.java:141)
	at Script1536733709462.run(Script1536733709462.groovy:25)
	at com.kms.katalon.core.main.ScriptEngine.run(ScriptEngine.java:183)
	at com.kms.katalon.core.main.ScriptEngine.runScriptAsRawText(ScriptEngine.java:108)
	at com.kms.katalon.core.main.TestCaseExecutor.runScript(TestCaseExecutor.java:294)
	at com.kms.katalon.core.main.TestCaseExecutor.doExecute(TestCaseExecutor.java:285)
	at com.kms.katalon.core.main.TestCaseExecutor.processExecutionPhase(TestCaseExecutor.java:264)
	at com.kms.katalon.core.main.TestCaseExecutor.accessMainPhase(TestCaseExecutor.java:256)
	at com.kms.katalon.core.main.TestCaseExecutor.execute(TestCaseExecutor.java:200)
	at com.kms.katalon.core.main.TestSuiteExecutor.accessTestCaseMainPhase(TestSuiteExecutor.java:129)
	at com.kms.katalon.core.main.TestSuiteExecutor.accessTestSuiteMainPhase(TestSuiteExecutor.java:112)
	at com.kms.katalon.core.main.TestSuiteExecutor.execute(TestSuiteExecutor.java:81)
	at com.kms.katalon.core.main.TestCaseMain.startTestSuite(TestCaseMain.java:142)
	at com.kms.katalon.core.main.TestCaseMain$startTestSuite$0.call(Unknown Source)
	at org.codehaus.groovy.runtime.callsite.CallSiteArray.defaultCall(CallSiteArray.java:48)
	at org.codehaus.groovy.runtime.callsite.AbstractCallSite.call(AbstractCallSite.java:113)
	at org.codehaus.groovy.runtime.callsite.AbstractCallSite.call(AbstractCallSite.java:141)
	at TempTestSuite1540025489648.run(TempTestSuite1540025489648.groovy:36)
	at groovy.lang.GroovyShell.runScriptOrMainOrTestOrRunnable(GroovyShell.java:263)
	at groovy.lang.GroovyShell.run(GroovyShell.java:518)
	at groovy.lang.GroovyShell.run(GroovyShell.java:507)
	at groovy.ui.GroovyMain.processOnce(GroovyMain.java:653)
	at groovy.ui.GroovyMain.run(GroovyMain.java:384)
	at groovy.ui.GroovyMain.process(GroovyMain.java:370)
	at groovy.ui.GroovyMain.processArgs(GroovyMain.java:129)
	at groovy.ui.GroovyMain.main(GroovyMain.java:109)
	at sun.reflect.NativeMethodAccessorImpl.invoke0(Native Method)
	at sun.reflect.NativeMethodAccessorImpl.invoke(NativeMethodAccessorImpl.java:62)
	at sun.reflect.DelegatingMethodAccessorImpl.invoke(DelegatingMethodAccessorImpl.java:43)
	at java.lang.reflect.Method.invoke(Method.java:498)
	at org.codehaus.groovy.tools.GroovyStarter.rootLoader(GroovyStarter.java:109)
	at org.codehaus.groovy.tools.GroovyStarter.main(GroovyStarter.java:131)
)

2018-10-20 23:38:32 - [TEST_STEP][PASSED] - openBrowser: Browser is opened with url: ''

2018-10-20 23:38:32 - [MESSAGE][WARNING] - A browser is already opened. Closing browser and opening a new one

2018-10-20 23:38:36 - [MESSAGE][PASSED] - Browser is opened with url: ''

2018-10-20 23:38:36 - [TEST_STEP][PASSED] - navigateToUrl: Navigate to 'https://assist2-uat.perkeso.gov.my/login' successfully

2018-10-20 23:38:38 - [MESSAGE][PASSED] - Navigate to 'https://assist2-uat.perkeso.gov.my/login' successfully

2018-10-20 23:38:38 - [TEST_STEP][PASSED] - delay: Delayed 5 second(s)

2018-10-20 23:38:43 - [MESSAGE][PASSED] - Delayed 5 second(s)

2018-10-20 23:38:43 - [TEST_STEP][PASSED] - setText: Text 'test@liferay.com' is set on object 'Object Repository/Final Object Repo/Login Page/Internal User/Email Address'

2018-10-20 23:38:43 - [MESSAGE][PASSED] - Text 'test@liferay.com' is set on object 'Object Repository/Final Object Repo/Login Page/Internal User/Email Address'

2018-10-20 23:38:43 - [TEST_STEP][PASSED] - click: Object: 'Object Repository/Final Object Repo/Login Page/Internal User/Next Button' is clicked on

2018-10-20 23:38:43 - [MESSAGE][PASSED] - Object: 'Object Repository/Final Object Repo/Login Page/Internal User/Next Button' is clicked on

2018-10-20 23:38:43 - [TEST_STEP][PASSED] - delay: Delayed 2 second(s)

2018-10-20 23:38:45 - [MESSAGE][PASSED] - Delayed 2 second(s)

2018-10-20 23:38:45 - [TEST_STEP][PASSED] - setText: Text 'test' is set on object 'Object Repository/Final Object Repo/Login Page/Internal User/Password'

2018-10-20 23:38:45 - [MESSAGE][PASSED] - Text 'test' is set on object 'Object Repository/Final Object Repo/Login Page/Internal User/Password'

2018-10-20 23:38:45 - [TEST_STEP][PASSED] - delay: Delayed 2 second(s)

2018-10-20 23:38:47 - [MESSAGE][PASSED] - Delayed 2 second(s)

2018-10-20 23:38:47 - [TEST_STEP][PASSED] - click: Object: 'Object Repository/Final Object Repo/Login Page/Internal User/Login Button' is clicked on

2018-10-20 23:38:47 - [MESSAGE][PASSED] - Object: 'Object Repository/Final Object Repo/Login Page/Internal User/Login Button' is clicked on

2018-10-20 23:38:47 - [TEST_STEP][FAILED] - Statement - Try: Delayed 2 second(s)

2018-10-20 23:38:47 - [TEST_STEP][PASSED] - Statement - Checker = false: null

2018-10-20 23:38:47 - [TEST_STEP][PASSED] - Statement - Checker = com.kms.katalon.core.webui.keyword.WebUiBuiltInKeywords.verifyElementHasAttribute(com.kms.katalon.core.testobject.ObjectRepository.findTestObject(Final Object Repo/Landing Page/BM Detecting), "href", 20, OPTIONAL): Unable to verify if object 'Object Repository/Final Object Repo/Landing Page/BM Detecting' has attribute 'href' (Root cause: org.openqa.selenium.StaleElementReferenceException: stale element reference: element is not attached to the page document
  (Session info: chrome=69.0.3497.100)
  (Driver info: chromedriver=2.35.528161 (5b82f2d2aae0ca24b877009200ced9065a772e73),platform=Windows NT 6.1.7601 SP1 x86_64) (WARNING: The server did not provide any stacktrace information)
Command duration or timeout: 0 milliseconds
For documentation on this error, please visit: http://seleniumhq.org/exceptions/stale_element_reference.html
Build info: version: '3.7.1', revision: '8a0099a', time: '2017-11-06T21:07:36.161Z'
System info: host: 'WEIZHENG', ip: '192.168.137.1', os.name: 'Windows 7', os.arch: 'amd64', os.version: '6.1', java.version: '1.8.0_181'
Driver info: com.kms.katalon.selenium.driver.CChromeDriver
Capabilities {acceptInsecureCerts: false, acceptSslCerts: false, applicationCacheEnabled: false, browserConnectionEnabled: false, browserName: chrome, chrome: {chromedriverVersion: 2.35.528161 (5b82f2d2aae0ca..., userDataDir: C:\Users\WEIZHE~1\AppData\L...}, cssSelectorsEnabled: true, databaseEnabled: false, handlesAlerts: true, hasTouchScreen: false, javascriptEnabled: true, locationContextEnabled: true, mobileEmulationEnabled: false, nativeEvents: true, networkConnectionEnabled: false, pageLoadStrategy: normal, platform: XP, platformName: XP, rotatable: false, setWindowRect: true, takesHeapSnapshot: true, takesScreenshot: true, unexpectedAlertBehaviour: , unhandledPromptBehavior: , version: 69.0.3497.100, webStorageEnabled: true}
Session ID: e212190f18fab78c0c0894a2ec4d0ca2)

2018-10-20 23:38:51 - [MESSAGE][WARNING] - Unable to verify if object 'Object Repository/Final Object Repo/Landing Page/BM Detecting' has attribute 'href' (Root cause: org.openqa.selenium.StaleElementReferenceException: stale element reference: element is not attached to the page document
  (Session info: chrome=69.0.3497.100)
  (Driver info: chromedriver=2.35.528161 (5b82f2d2aae0ca24b877009200ced9065a772e73),platform=Windows NT 6.1.7601 SP1 x86_64) (WARNING: The server did not provide any stacktrace information)
Command duration or timeout: 0 milliseconds
For documentation on this error, please visit: http://seleniumhq.org/exceptions/stale_element_reference.html
Build info: version: '3.7.1', revision: '8a0099a', time: '2017-11-06T21:07:36.161Z'
System info: host: 'WEIZHENG', ip: '192.168.137.1', os.name: 'Windows 7', os.arch: 'amd64', os.version: '6.1', java.version: '1.8.0_181'
Driver info: com.kms.katalon.selenium.driver.CChromeDriver
Capabilities {acceptInsecureCerts: false, acceptSslCerts: false, applicationCacheEnabled: false, browserConnectionEnabled: false, browserName: chrome, chrome: {chromedriverVersion: 2.35.528161 (5b82f2d2aae0ca..., userDataDir: C:\Users\WEIZHE~1\AppData\L...}, cssSelectorsEnabled: true, databaseEnabled: false, handlesAlerts: true, hasTouchScreen: false, javascriptEnabled: true, locationContextEnabled: true, mobileEmulationEnabled: false, nativeEvents: true, networkConnectionEnabled: false, pageLoadStrategy: normal, platform: XP, platformName: XP, rotatable: false, setWindowRect: true, takesHeapSnapshot: true, takesScreenshot: true, unexpectedAlertBehaviour: , unhandledPromptBehavior: , version: 69.0.3497.100, webStorageEnabled: true}
Session ID: e212190f18fab78c0c0894a2ec4d0ca2)
[[ATTACHMENT|C:\\Users\\LENOVO\\Katalon Studio\\Perkeso Phase A\\Reports\\Workflow\\Form 3 EIS - Cessation as Employer\\20181020_165129\\1540049930953.png]]

2018-10-20 23:38:51 - [TEST_STEP][PASSED] - Statement - out.println(Checker): null

2018-10-20 23:38:51 - [TEST_STEP][FAILED] - Statement - If (Checker == false): Unable to click on object 'Object Repository/Final Object Repo/Landing Page/Select to English' (Root cause: com.kms.katalon.core.webui.exception.WebElementNotFoundException: Web element with id: 'Object Repository/Final Object Repo/Landing Page/Select to English' located by 'By.xpath: //a[@class = 'taglib-language-list-text' and @lang = 'en-US' and (contains(text(), 'EN') or contains(., 'EN'))]' not found)

2018-10-20 23:38:51 - [TEST_STEP][FAILED] - click: Unable to click on object 'Object Repository/Final Object Repo/Landing Page/Select to English' (Root cause: com.kms.katalon.core.webui.exception.WebElementNotFoundException: Web element with id: 'Object Repository/Final Object Repo/Landing Page/Select to English' located by 'By.xpath: //a[@class = 'taglib-language-list-text' and @lang = 'en-US' and (contains(text(), 'EN') or contains(., 'EN'))]' not found)

2018-10-20 23:39:31 - [MESSAGE][FAILED] - Unable to click on object 'Object Repository/Final Object Repo/Landing Page/Select to English' (Root cause: com.kms.katalon.core.webui.exception.WebElementNotFoundException: Web element with id: 'Object Repository/Final Object Repo/Landing Page/Select to English' located by 'By.xpath: //a[@class = 'taglib-language-list-text' and @lang = 'en-US' and (contains(text(), 'EN') or contains(., 'EN'))]' not found)
[[ATTACHMENT|C:\\Users\\LENOVO\\Katalon Studio\\Perkeso Phase A\\Reports\\Workflow\\Form 3 EIS - Cessation as Employer\\20181020_165129\\1540049971108.png]]

2018-10-20 23:39:31 - [TEST_STEP][PASSED] - delay: Delayed 2 second(s)

2018-10-20 23:39:33 - [MESSAGE][PASSED] - Delayed 2 second(s)

2018-10-20 23:39:33 - [TEST_STEP][PASSED] - delay: Delayed 3 second(s)

2018-10-20 23:39:36 - [MESSAGE][PASSED] - Delayed 3 second(s)

2018-10-20 23:39:36 - [TEST_STEP][PASSED] - mouseOver: Object: 'Object Repository/Final Object Repo/Landing Page/WorkFlow Menu' is hovered

2018-10-20 23:39:36 - [MESSAGE][PASSED] - Object: 'Object Repository/Final Object Repo/Landing Page/WorkFlow Menu' is hovered

2018-10-20 23:39:36 - [TEST_STEP][PASSED] - delay: Delayed 2 second(s)

2018-10-20 23:39:38 - [MESSAGE][PASSED] - Delayed 2 second(s)

2018-10-20 23:39:38 - [TEST_STEP][PASSED] - click: Object: 'Object Repository/Final Object Repo/Landing Page/Select to Workflow Listing' is clicked on

2018-10-20 23:39:39 - [MESSAGE][PASSED] - Object: 'Object Repository/Final Object Repo/Landing Page/Select to Workflow Listing' is clicked on

2018-10-20 23:39:39 - [TEST_STEP][PASSED] - delay: Delayed 2 second(s)

2018-10-20 23:39:41 - [MESSAGE][PASSED] - Delayed 2 second(s)

2018-10-20 23:39:41 - [TEST_STEP][PASSED] - click: Object: 'Object Repository/Final Object Repo/WorkFlow Listing Page/Search Information - To Put Ref No' is clicked on

2018-10-20 23:39:41 - [MESSAGE][PASSED] - Object: 'Object Repository/Final Object Repo/WorkFlow Listing Page/Search Information - To Put Ref No' is clicked on

2018-10-20 23:39:41 - [TEST_STEP][PASSED] - delay: Delayed 2 second(s)

2018-10-20 23:39:43 - [MESSAGE][PASSED] - Delayed 2 second(s)

2018-10-20 23:39:43 - [TEST_STEP][PASSED] - callTestCase: Call Test Case 'Test Cases/Final Aug 2018 - PKS Automation/Common/Reference Number Getter' successfully

2018-10-20 23:39:43 - [TEST_CASE][PASSED] - Test Cases/Final Aug 2018 - PKS Automation/Common/Reference Number Getter: Test Cases/Final Aug 2018 - PKS Automation/Common/Reference Number Getter

2018-10-20 23:39:43 - [TEST_STEP][PASSED] - Statement - Try: null

2018-10-20 23:39:43 - [TEST_STEP][PASSED] - Statement - RefNo = new java.io.File(C://KatalonReference.txt): null

2018-10-20 23:39:43 - [TEST_STEP][PASSED] - Statement - bufferread = new java.io.BufferedReader(new java.io.FileReader(RefNo)): null

2018-10-20 23:39:43 - [TEST_STEP][PASSED] - Statement - readedVal = bufferread.readLine(): null

2018-10-20 23:39:43 - [TEST_STEP][PASSED] - Statement - out.println(CaseReferenceNo): null

2018-10-20 23:39:43 - [TEST_STEP][PASSED] - Statement - out.println(readedVal): null

2018-10-20 23:39:43 - [TEST_STEP][PASSED] - Statement - CaseReferenceNo = readedVal: null

2018-10-20 23:39:43 - [MESSAGE][PASSED] - Call Test Case 'Test Cases/Final Aug 2018 - PKS Automation/Common/Reference Number Getter' successfully

2018-10-20 23:39:43 - [TEST_STEP][PASSED] - setText: Text 'ERN102018C200002199' is set on object 'Object Repository/Final Object Repo/WorkFlow Listing Page/Ref No Set Text'

2018-10-20 23:39:44 - [MESSAGE][PASSED] - Text 'ERN102018C200002199' is set on object 'Object Repository/Final Object Repo/WorkFlow Listing Page/Ref No Set Text'

2018-10-20 23:39:44 - [TEST_STEP][PASSED] - delay: Delayed 2 second(s)

2018-10-20 23:39:46 - [MESSAGE][PASSED] - Delayed 2 second(s)

2018-10-20 23:39:46 - [TEST_STEP][PASSED] - click: Object: 'Object Repository/Final Object Repo/WorkFlow Listing Page/Search Ref No Search Button' is clicked on

2018-10-20 23:39:46 - [MESSAGE][PASSED] - Object: 'Object Repository/Final Object Repo/WorkFlow Listing Page/Search Ref No Search Button' is clicked on

2018-10-20 23:39:46 - [TEST_STEP][PASSED] - delay: Delayed 4 second(s)

2018-10-20 23:39:50 - [MESSAGE][PASSED] - Delayed 4 second(s)

2018-10-20 23:39:50 - [TEST_STEP][PASSED] - click: Object: 'Object Repository/Final Object Repo/WorkFlow Listing Page/Click Continue Tooltip' is clicked on

2018-10-20 23:39:51 - [MESSAGE][PASSED] - Object: 'Object Repository/Final Object Repo/WorkFlow Listing Page/Click Continue Tooltip' is clicked on

2018-10-20 23:39:51 - [TEST_STEP][PASSED] - delay: Delayed 5 second(s)

2018-10-20 23:39:56 - [MESSAGE][PASSED] - Delayed 5 second(s)

2018-10-20 23:39:56 - [TEST_STEP][PASSED] - doubleClick: Object: 'Object Repository/Final Object Repo/WorkFlow Listing Page/Workflow Found - Listing 1' is double clicked on

2018-10-20 23:39:56 - [MESSAGE][PASSED] - Object: 'Object Repository/Final Object Repo/WorkFlow Listing Page/Workflow Found - Listing 1' is double clicked on

2018-10-20 23:39:56 - [TEST_STEP][PASSED] - Statement - println(OwnerID): null

2018-10-20 23:39:56 - [TEST_STEP][PASSED] - Statement - OwnerID = com.kms.katalon.core.webui.keyword.WebUiBuiltInKeywords.getText(com.kms.katalon.core.testobject.ObjectRepository.findTestObject(Final Object Repo/WorkFlow Listing Page/Workflow Found - Listing 1), STOP_ON_FAILURE): Text of object 'Object Repository/Final Object Repo/WorkFlow Listing Page/Workflow Found - Listing 1' is: 'JOHORuo1'

2018-10-20 23:39:56 - [MESSAGE][PASSED] - Text of object 'Object Repository/Final Object Repo/WorkFlow Listing Page/Workflow Found - Listing 1' is: 'JOHORuo1'

2018-10-20 23:39:56 - [TEST_STEP][PASSED] - Statement - OwnerID = OwnerID.toLowerCase() + "@gmail.com": null

2018-10-20 23:39:56 - [TEST_STEP][PASSED] - Statement - println(OwnerID): null

2018-10-20 23:39:56 - [TEST_STEP][PASSED] - delay: Delayed 2 second(s)

2018-10-20 23:39:58 - [MESSAGE][PASSED] - Delayed 2 second(s)

2018-10-20 23:39:58 - [MESSAGE][FAILED] - Unable to call Test Case with id 'Test Cases/Final Aug 2018 - PKS Automation/Common/Workflow Owner Finder' (Root cause: Call Test Case 'Test Cases/Final Aug 2018 - PKS Automation/Common/Workflow Owner Finder' failed)

2018-10-20 23:39:58 - [MESSAGE][FAILED] - Unable to call Test Case with id 'Test Cases/Final Aug 2018 - PKS Automation/Registration Module/Workflow/Form 3 EIS - Cessation As Employer/Template/Form 3 A - Cessation As Employer (Query)' (Root cause: Call Test Case 'Test Cases/Final Aug 2018 - PKS Automation/Registration Module/Workflow/Form 3 EIS - Cessation As Employer/Template/Form 3 A - Cessation As Employer (Query)' failed)]]></system-out>
         <system-err><![CDATA[2018-10-20 23:37:24 - [TEST_CASE][FAILED] - Test Cases/Final Aug 2018 - PKS Automation/Registration Module/Workflow/Form 3 EIS - Cessation As Employer/Employer to UO (Query): Test Cases/Final Aug 2018 - PKS Automation/Registration Module/Workflow/Form 3 EIS - Cessation As Employer/Employer to UO (Query) FAILED because (of) (Stack trace: com.kms.katalon.core.exception.StepFailedException: Unable to click on object 'Object Repository/Final Object Repo/Landing Page/Select to English' (Root cause: com.kms.katalon.core.webui.exception.WebElementNotFoundException: Web element with id: 'Object Repository/Final Object Repo/Landing Page/Select to English' located by 'By.xpath: //a[@class = 'taglib-language-list-text' and @lang = 'en-US' and (contains(text(), 'EN') or contains(., 'EN'))]' not found)
	at com.kms.katalon.core.keyword.internal.KeywordMain.stepFailed(KeywordMain.groovy:32)
	at com.kms.katalon.core.webui.keyword.internal.WebUIKeywordMain.stepFailed(WebUIKeywordMain.groovy:65)
	at com.kms.katalon.core.webui.keyword.internal.WebUIKeywordMain.runKeyword(WebUIKeywordMain.groovy:27)
	at com.kms.katalon.core.webui.keyword.builtin.ClickKeyword.click(ClickKeyword.groovy:86)
	at com.kms.katalon.core.webui.keyword.builtin.ClickKeyword.execute(ClickKeyword.groovy:67)
	at com.kms.katalon.core.keyword.internal.KeywordExecutor.executeKeywordForPlatform(KeywordExecutor.groovy:53)
	at com.kms.katalon.core.webui.keyword.WebUiBuiltInKeywords.click(WebUiBuiltInKeywords.groovy:604)
	at com.kms.katalon.core.webui.keyword.WebUiBuiltInKeywords$click$8.call(Unknown Source)
	at org.codehaus.groovy.runtime.callsite.CallSiteArray.defaultCall(CallSiteArray.java:48)
	at org.codehaus.groovy.runtime.callsite.AbstractCallSite.call(AbstractCallSite.java:113)
	at org.codehaus.groovy.runtime.callsite.AbstractCallSite.call(AbstractCallSite.java:133)
	at Script1534407542420.run(Script1534407542420.groovy:57)
	at com.kms.katalon.core.main.ScriptEngine.run(ScriptEngine.java:183)
	at com.kms.katalon.core.main.ScriptEngine.runScriptAsRawText(ScriptEngine.java:108)
	at com.kms.katalon.core.main.TestCaseExecutor.runScript(TestCaseExecutor.java:294)
	at com.kms.katalon.core.main.TestCaseExecutor.doExecute(TestCaseExecutor.java:285)
	at com.kms.katalon.core.main.TestCaseExecutor.processExecutionPhase(TestCaseExecutor.java:264)
	at com.kms.katalon.core.main.TestCaseExecutor.accessMainPhase(TestCaseExecutor.java:256)
	at com.kms.katalon.core.main.TestCaseExecutor.execute(TestCaseExecutor.java:200)
	at com.kms.katalon.core.main.TestCaseMain.runTestCase(TestCaseMain.java:99)
	at com.kms.katalon.core.keyword.builtin.CallTestCaseKeyword$_callTestCase_closure1.doCall(CallTestCaseKeyword.groovy:60)
	at com.kms.katalon.core.keyword.builtin.CallTestCaseKeyword$_callTestCase_closure1.call(CallTestCaseKeyword.groovy)
	at com.kms.katalon.core.keyword.internal.KeywordMain.runKeyword(KeywordMain.groovy:54)
	at com.kms.katalon.core.keyword.builtin.CallTestCaseKeyword.callTestCase(CallTestCaseKeyword.groovy:81)
	at com.kms.katalon.core.keyword.builtin.CallTestCaseKeyword.execute(CallTestCaseKeyword.groovy:45)
	at com.kms.katalon.core.keyword.internal.KeywordExecutor.executeKeywordForPlatform(KeywordExecutor.groovy:53)
	at com.kms.katalon.core.keyword.BuiltinKeywords.callTestCase(BuiltinKeywords.groovy:334)
	at sun.reflect.GeneratedMethodAccessor13.invoke(Unknown Source)
	at sun.reflect.DelegatingMethodAccessorImpl.invoke(DelegatingMethodAccessorImpl.java:43)
	at java.lang.reflect.Method.invoke(Method.java:498)
	at org.codehaus.groovy.reflection.CachedMethod.invoke(CachedMethod.java:93)
	at groovy.lang.MetaMethod.doMethodInvoke(MetaMethod.java:325)
	at groovy.lang.MetaClassImpl.invokeStaticMethod(MetaClassImpl.java:1469)
	at org.codehaus.groovy.runtime.callsite.StaticMetaClassSite.call(StaticMetaClassSite.java:53)
	at org.codehaus.groovy.runtime.callsite.CallSiteArray.defaultCall(CallSiteArray.java:48)
	at org.codehaus.groovy.runtime.callsite.AbstractCallSite.call(AbstractCallSite.java:113)
	at org.codehaus.groovy.runtime.callsite.AbstractCallSite.call(AbstractCallSite.java:141)
	at Script1536114876563.run(Script1536114876563.groovy:34)
	at com.kms.katalon.core.main.ScriptEngine.run(ScriptEngine.java:183)
	at com.kms.katalon.core.main.ScriptEngine.runScriptAsRawText(ScriptEngine.java:108)
	at com.kms.katalon.core.main.TestCaseExecutor.runScript(TestCaseExecutor.java:294)
	at com.kms.katalon.core.main.TestCaseExecutor.doExecute(TestCaseExecutor.java:285)
	at com.kms.katalon.core.main.TestCaseExecutor.processExecutionPhase(TestCaseExecutor.java:264)
	at com.kms.katalon.core.main.TestCaseExecutor.accessMainPhase(TestCaseExecutor.java:256)
	at com.kms.katalon.core.main.TestCaseExecutor.execute(TestCaseExecutor.java:200)
	at com.kms.katalon.core.main.TestCaseMain.runTestCase(TestCaseMain.java:99)
	at com.kms.katalon.core.keyword.builtin.CallTestCaseKeyword$_callTestCase_closure1.doCall(CallTestCaseKeyword.groovy:60)
	at com.kms.katalon.core.keyword.builtin.CallTestCaseKeyword$_callTestCase_closure1.call(CallTestCaseKeyword.groovy)
	at com.kms.katalon.core.keyword.internal.KeywordMain.runKeyword(KeywordMain.groovy:54)
	at com.kms.katalon.core.keyword.builtin.CallTestCaseKeyword.callTestCase(CallTestCaseKeyword.groovy:81)
	at com.kms.katalon.core.keyword.builtin.CallTestCaseKeyword.execute(CallTestCaseKeyword.groovy:45)
	at com.kms.katalon.core.keyword.internal.KeywordExecutor.executeKeywordForPlatform(KeywordExecutor.groovy:53)
	at com.kms.katalon.core.keyword.BuiltinKeywords.callTestCase(BuiltinKeywords.groovy:334)
	at sun.reflect.GeneratedMethodAccessor13.invoke(Unknown Source)
	at sun.reflect.DelegatingMethodAccessorImpl.invoke(DelegatingMethodAccessorImpl.java:43)
	at java.lang.reflect.Method.invoke(Method.java:498)
	at org.codehaus.groovy.reflection.CachedMethod.invoke(CachedMethod.java:93)
	at groovy.lang.MetaMethod.doMethodInvoke(MetaMethod.java:325)
	at groovy.lang.MetaClassImpl.invokeStaticMethod(MetaClassImpl.java:1469)
	at org.codehaus.groovy.runtime.callsite.StaticMetaClassSite.call(StaticMetaClassSite.java:53)
	at org.codehaus.groovy.runtime.callsite.CallSiteArray.defaultCall(CallSiteArray.java:48)
	at org.codehaus.groovy.runtime.callsite.AbstractCallSite.call(AbstractCallSite.java:113)
	at org.codehaus.groovy.runtime.callsite.AbstractCallSite.call(AbstractCallSite.java:141)
	at Script1536733709462.run(Script1536733709462.groovy:25)
	at com.kms.katalon.core.main.ScriptEngine.run(ScriptEngine.java:183)
	at com.kms.katalon.core.main.ScriptEngine.runScriptAsRawText(ScriptEngine.java:108)
	at com.kms.katalon.core.main.TestCaseExecutor.runScript(TestCaseExecutor.java:294)
	at com.kms.katalon.core.main.TestCaseExecutor.doExecute(TestCaseExecutor.java:285)
	at com.kms.katalon.core.main.TestCaseExecutor.processExecutionPhase(TestCaseExecutor.java:264)
	at com.kms.katalon.core.main.TestCaseExecutor.accessMainPhase(TestCaseExecutor.java:256)
	at com.kms.katalon.core.main.TestCaseExecutor.execute(TestCaseExecutor.java:200)
	at com.kms.katalon.core.main.TestSuiteExecutor.accessTestCaseMainPhase(TestSuiteExecutor.java:129)
	at com.kms.katalon.core.main.TestSuiteExecutor.accessTestSuiteMainPhase(TestSuiteExecutor.java:112)
	at com.kms.katalon.core.main.TestSuiteExecutor.execute(TestSuiteExecutor.java:81)
	at com.kms.katalon.core.main.TestCaseMain.startTestSuite(TestCaseMain.java:142)
	at com.kms.katalon.core.main.TestCaseMain$startTestSuite$0.call(Unknown Source)
	at org.codehaus.groovy.runtime.callsite.CallSiteArray.defaultCall(CallSiteArray.java:48)
	at org.codehaus.groovy.runtime.callsite.AbstractCallSite.call(AbstractCallSite.java:113)
	at org.codehaus.groovy.runtime.callsite.AbstractCallSite.call(AbstractCallSite.java:141)
	at TempTestSuite1540025489648.run(TempTestSuite1540025489648.groovy:36)
	at groovy.lang.GroovyShell.runScriptOrMainOrTestOrRunnable(GroovyShell.java:263)
	at groovy.lang.GroovyShell.run(GroovyShell.java:518)
	at groovy.lang.GroovyShell.run(GroovyShell.java:507)
	at groovy.ui.GroovyMain.processOnce(GroovyMain.java:653)
	at groovy.ui.GroovyMain.run(GroovyMain.java:384)
	at groovy.ui.GroovyMain.process(GroovyMain.java:370)
	at groovy.ui.GroovyMain.processArgs(GroovyMain.java:129)
	at groovy.ui.GroovyMain.main(GroovyMain.java:109)
	at sun.reflect.NativeMethodAccessorImpl.invoke0(Native Method)
	at sun.reflect.NativeMethodAccessorImpl.invoke(NativeMethodAccessorImpl.java:62)
	at sun.reflect.DelegatingMethodAccessorImpl.invoke(DelegatingMethodAccessorImpl.java:43)
	at java.lang.reflect.Method.invoke(Method.java:498)
	at org.codehaus.groovy.tools.GroovyStarter.rootLoader(GroovyStarter.java:109)
	at org.codehaus.groovy.tools.GroovyStarter.main(GroovyStarter.java:131)
)]]></system-err>
      </testcase>
      <testcase name="Test Cases/Final Aug 2018 - PKS Automation/Registration Module/Workflow/Form 3 EIS - Cessation As Employer/Employer to UO (Reject) " classname="Test Cases/Final Aug 2018 - PKS Automation/Registration Module/Workflow/Form 3 EIS - Cessation As Employer/Employer to UO (Reject) " status="ERROR">
         <error type="ERROR" message="Test Cases/Final Aug 2018 - PKS Automation/Registration Module/Workflow/Form 3 EIS - Cessation As Employer/Employer to UO (Reject)  has ERROR(s) because (of) java.io.FileNotFoundException: File '' does not exist"/>
         <system-out><![CDATA[2018-10-20 23:39:58 - [TEST_CASE][ERROR] - Test Cases/Final Aug 2018 - PKS Automation/Registration Module/Workflow/Form 3 EIS - Cessation As Employer/Employer to UO (Reject) : Test Cases/Final Aug 2018 - PKS Automation/Registration Module/Workflow/Form 3 EIS - Cessation As Employer/Employer to UO (Reject)  has ERROR(s) because (of) java.io.FileNotFoundException: File '' does not exist]]></system-out>
         <system-err><![CDATA[2018-10-20 23:39:58 - [TEST_CASE][ERROR] - Test Cases/Final Aug 2018 - PKS Automation/Registration Module/Workflow/Form 3 EIS - Cessation As Employer/Employer to UO (Reject) : Test Cases/Final Aug 2018 - PKS Automation/Registration Module/Workflow/Form 3 EIS - Cessation As Employer/Employer to UO (Reject)  has ERROR(s) because (of) java.io.FileNotFoundException: File '' does not exist]]></system-err>
      </testcase>
      <testcase name="Test Cases/Final Aug 2018 - PKS Automation/Registration Module/Workflow/Form 3 EIS - Cessation As Employer/Employer to UO (Under enforcement)" classname="Test Cases/Final Aug 2018 - PKS Automation/Registration Module/Workflow/Form 3 EIS - Cessation As Employer/Employer to UO (Under enforcement)" status="FAILED">
         <failure type="FAILED" message="(Stack trace: com.kms.katalon.core.exception.StepFailedException: Unable to click on object 'Object Repository/Final Object Repo/Page_Form 3 EIS - Cessation as Employer/Document Type' (Root cause: org.openqa.selenium.WebDriverException: unknown error: Element &lt;span class=&quot;select2-selection select2-selection--single&quot; role=&quot;combobox&quot; aria-haspopup=&quot;true&quot; aria-expanded=&quot;false&quot; tabindex=&quot;0&quot; aria-labelledby=&quot;select2-_searchforemployersip_WAR_registrationportlet_objdocTypeId-container&quot;>...&lt;/span> is not clickable at point (368, 205). Other element would receive the click: &lt;div class=&quot;blockUI blockOverlay&quot; style=&quot;z-index: 2000; border: none; margin: 0px; padding: 0px; width: 100%; height: 100%; top: 0px; left: 0px; background-color: rgb(0, 0, 0); opacity: 0.000591981; cursor: default; position: fixed;&quot;>&lt;/div>
  (Session info: chrome=69.0.3497.100)
  (Driver info: chromedriver=2.35.528161 (5b82f2d2aae0ca24b877009200ced9065a772e73),platform=Windows NT 6.1.7601 SP1 x86_64) (WARNING: The server did not provide any stacktrace information)
Command duration or timeout: 0 milliseconds
Build info: version: '3.7.1', revision: '8a0099a', time: '2017-11-06T21:07:36.161Z'
System info: host: 'WEIZHENG', ip: '192.168.137.1', os.name: 'Windows 7', os.arch: 'amd64', os.version: '6.1', java.version: '1.8.0_181'
Driver info: com.kms.katalon.selenium.driver.CChromeDriver
Capabilities {acceptInsecureCerts: false, acceptSslCerts: false, applicationCacheEnabled: false, browserConnectionEnabled: false, browserName: chrome, chrome: {chromedriverVersion: 2.35.528161 (5b82f2d2aae0ca..., userDataDir: C:\Users\WEIZHE~1\AppData\L...}, cssSelectorsEnabled: true, databaseEnabled: false, handlesAlerts: true, hasTouchScreen: false, javascriptEnabled: true, locationContextEnabled: true, mobileEmulationEnabled: false, nativeEvents: true, networkConnectionEnabled: false, pageLoadStrategy: normal, platform: XP, platformName: XP, rotatable: false, setWindowRect: true, takesHeapSnapshot: true, takesScreenshot: true, unexpectedAlertBehaviour: , unhandledPromptBehavior: , version: 69.0.3497.100, webStorageEnabled: true}
Session ID: 9dbfaaccfac8b2748338af5a89241398)
	at com.kms.katalon.core.keyword.internal.KeywordMain.stepFailed(KeywordMain.groovy:32)
	at com.kms.katalon.core.webui.keyword.internal.WebUIKeywordMain.stepFailed(WebUIKeywordMain.groovy:65)
	at com.kms.katalon.core.webui.keyword.internal.WebUIKeywordMain.runKeyword(WebUIKeywordMain.groovy:27)
	at com.kms.katalon.core.webui.keyword.builtin.ClickKeyword.click(ClickKeyword.groovy:86)
	at com.kms.katalon.core.webui.keyword.builtin.ClickKeyword.execute(ClickKeyword.groovy:67)
	at com.kms.katalon.core.keyword.internal.KeywordExecutor.executeKeywordForPlatform(KeywordExecutor.groovy:53)
	at com.kms.katalon.core.webui.keyword.WebUiBuiltInKeywords.click(WebUiBuiltInKeywords.groovy:616)
	at com.kms.katalon.core.webui.keyword.WebUiBuiltInKeywords$click$2.call(Unknown Source)
	at Script1536203520626.run(Script1536203520626.groovy:119)
	at com.kms.katalon.core.main.ScriptEngine.run(ScriptEngine.java:183)
	at com.kms.katalon.core.main.ScriptEngine.runScriptAsRawText(ScriptEngine.java:108)
	at com.kms.katalon.core.main.TestCaseExecutor.runScript(TestCaseExecutor.java:294)
	at com.kms.katalon.core.main.TestCaseExecutor.doExecute(TestCaseExecutor.java:285)
	at com.kms.katalon.core.main.TestCaseExecutor.processExecutionPhase(TestCaseExecutor.java:264)
	at com.kms.katalon.core.main.TestCaseExecutor.accessMainPhase(TestCaseExecutor.java:256)
	at com.kms.katalon.core.main.TestCaseExecutor.execute(TestCaseExecutor.java:200)
	at com.kms.katalon.core.main.TestCaseMain.runTestCase(TestCaseMain.java:99)
	at com.kms.katalon.core.keyword.builtin.CallTestCaseKeyword$_callTestCase_closure1.doCall(CallTestCaseKeyword.groovy:60)
	at com.kms.katalon.core.keyword.builtin.CallTestCaseKeyword$_callTestCase_closure1.call(CallTestCaseKeyword.groovy)
	at com.kms.katalon.core.keyword.internal.KeywordMain.runKeyword(KeywordMain.groovy:54)
	at com.kms.katalon.core.keyword.builtin.CallTestCaseKeyword.callTestCase(CallTestCaseKeyword.groovy:81)
	at com.kms.katalon.core.keyword.builtin.CallTestCaseKeyword.execute(CallTestCaseKeyword.groovy:45)
	at com.kms.katalon.core.keyword.internal.KeywordExecutor.executeKeywordForPlatform(KeywordExecutor.groovy:53)
	at com.kms.katalon.core.keyword.BuiltinKeywords.callTestCase(BuiltinKeywords.groovy:334)
	at sun.reflect.GeneratedMethodAccessor13.invoke(Unknown Source)
	at sun.reflect.DelegatingMethodAccessorImpl.invoke(DelegatingMethodAccessorImpl.java:43)
	at java.lang.reflect.Method.invoke(Method.java:498)
	at org.codehaus.groovy.reflection.CachedMethod.invoke(CachedMethod.java:93)
	at groovy.lang.MetaMethod.doMethodInvoke(MetaMethod.java:325)
	at groovy.lang.MetaClassImpl.invokeStaticMethod(MetaClassImpl.java:1469)
	at org.codehaus.groovy.runtime.callsite.StaticMetaClassSite.call(StaticMetaClassSite.java:53)
	at org.codehaus.groovy.runtime.callsite.CallSiteArray.defaultCall(CallSiteArray.java:48)
	at org.codehaus.groovy.runtime.callsite.AbstractCallSite.call(AbstractCallSite.java:113)
	at org.codehaus.groovy.runtime.callsite.AbstractCallSite.call(AbstractCallSite.java:141)
	at Script1536733775156.run(Script1536733775156.groovy:22)
	at com.kms.katalon.core.main.ScriptEngine.run(ScriptEngine.java:183)
	at com.kms.katalon.core.main.ScriptEngine.runScriptAsRawText(ScriptEngine.java:108)
	at com.kms.katalon.core.main.TestCaseExecutor.runScript(TestCaseExecutor.java:294)
	at com.kms.katalon.core.main.TestCaseExecutor.doExecute(TestCaseExecutor.java:285)
	at com.kms.katalon.core.main.TestCaseExecutor.processExecutionPhase(TestCaseExecutor.java:264)
	at com.kms.katalon.core.main.TestCaseExecutor.accessMainPhase(TestCaseExecutor.java:256)
	at com.kms.katalon.core.main.TestCaseExecutor.execute(TestCaseExecutor.java:200)
	at com.kms.katalon.core.main.TestSuiteExecutor.accessTestCaseMainPhase(TestSuiteExecutor.java:129)
	at com.kms.katalon.core.main.TestSuiteExecutor.accessTestSuiteMainPhase(TestSuiteExecutor.java:112)
	at com.kms.katalon.core.main.TestSuiteExecutor.execute(TestSuiteExecutor.java:81)
	at com.kms.katalon.core.main.TestCaseMain.startTestSuite(TestCaseMain.java:142)
	at com.kms.katalon.core.main.TestCaseMain$startTestSuite$0.call(Unknown Source)
	at org.codehaus.groovy.runtime.callsite.CallSiteArray.defaultCall(CallSiteArray.java:48)
	at org.codehaus.groovy.runtime.callsite.AbstractCallSite.call(AbstractCallSite.java:113)
	at org.codehaus.groovy.runtime.callsite.AbstractCallSite.call(AbstractCallSite.java:141)
	at TempTestSuite1540025489648.run(TempTestSuite1540025489648.groovy:36)
	at groovy.lang.GroovyShell.runScriptOrMainOrTestOrRunnable(GroovyShell.java:263)
	at groovy.lang.GroovyShell.run(GroovyShell.java:518)
	at groovy.lang.GroovyShell.run(GroovyShell.java:507)
	at groovy.ui.GroovyMain.processOnce(GroovyMain.java:653)
	at groovy.ui.GroovyMain.run(GroovyMain.java:384)
	at groovy.ui.GroovyMain.process(GroovyMain.java:370)
	at groovy.ui.GroovyMain.processArgs(GroovyMain.java:129)
	at groovy.ui.GroovyMain.main(GroovyMain.java:109)
	at sun.reflect.NativeMethodAccessorImpl.invoke0(Native Method)
	at sun.reflect.NativeMethodAccessorImpl.invoke(NativeMethodAccessorImpl.java:62)
	at sun.reflect.DelegatingMethodAccessorImpl.invoke(DelegatingMethodAccessorImpl.java:43)
	at java.lang.reflect.Method.invoke(Method.java:498)
	at org.codehaus.groovy.tools.GroovyStarter.rootLoader(GroovyStarter.java:109)
	at org.codehaus.groovy.tools.GroovyStarter.main(GroovyStarter.java:131)
)"/>
         <system-out><![CDATA[2018-10-20 23:39:58 - [TEST_CASE][FAILED] - Test Cases/Final Aug 2018 - PKS Automation/Registration Module/Workflow/Form 3 EIS - Cessation As Employer/Employer to UO (Under enforcement): Test Cases/Final Aug 2018 - PKS Automation/Registration Module/Workflow/Form 3 EIS - Cessation As Employer/Employer to UO (Under enforcement) FAILED because (of) (Stack trace: com.kms.katalon.core.exception.StepFailedException: Unable to click on object 'Object Repository/Final Object Repo/Page_Form 3 EIS - Cessation as Employer/Document Type' (Root cause: org.openqa.selenium.WebDriverException: unknown error: Element <span class="select2-selection select2-selection--single" role="combobox" aria-haspopup="true" aria-expanded="false" tabindex="0" aria-labelledby="select2-_searchforemployersip_WAR_registrationportlet_objdocTypeId-container">...</span> is not clickable at point (368, 205). Other element would receive the click: <div class="blockUI blockOverlay" style="z-index: 2000; border: none; margin: 0px; padding: 0px; width: 100%; height: 100%; top: 0px; left: 0px; background-color: rgb(0, 0, 0); opacity: 0.000591981; cursor: default; position: fixed;"></div>
  (Session info: chrome=69.0.3497.100)
  (Driver info: chromedriver=2.35.528161 (5b82f2d2aae0ca24b877009200ced9065a772e73),platform=Windows NT 6.1.7601 SP1 x86_64) (WARNING: The server did not provide any stacktrace information)
Command duration or timeout: 0 milliseconds
Build info: version: '3.7.1', revision: '8a0099a', time: '2017-11-06T21:07:36.161Z'
System info: host: 'WEIZHENG', ip: '192.168.137.1', os.name: 'Windows 7', os.arch: 'amd64', os.version: '6.1', java.version: '1.8.0_181'
Driver info: com.kms.katalon.selenium.driver.CChromeDriver
Capabilities {acceptInsecureCerts: false, acceptSslCerts: false, applicationCacheEnabled: false, browserConnectionEnabled: false, browserName: chrome, chrome: {chromedriverVersion: 2.35.528161 (5b82f2d2aae0ca..., userDataDir: C:\Users\WEIZHE~1\AppData\L...}, cssSelectorsEnabled: true, databaseEnabled: false, handlesAlerts: true, hasTouchScreen: false, javascriptEnabled: true, locationContextEnabled: true, mobileEmulationEnabled: false, nativeEvents: true, networkConnectionEnabled: false, pageLoadStrategy: normal, platform: XP, platformName: XP, rotatable: false, setWindowRect: true, takesHeapSnapshot: true, takesScreenshot: true, unexpectedAlertBehaviour: , unhandledPromptBehavior: , version: 69.0.3497.100, webStorageEnabled: true}
Session ID: 9dbfaaccfac8b2748338af5a89241398)
	at com.kms.katalon.core.keyword.internal.KeywordMain.stepFailed(KeywordMain.groovy:32)
	at com.kms.katalon.core.webui.keyword.internal.WebUIKeywordMain.stepFailed(WebUIKeywordMain.groovy:65)
	at com.kms.katalon.core.webui.keyword.internal.WebUIKeywordMain.runKeyword(WebUIKeywordMain.groovy:27)
	at com.kms.katalon.core.webui.keyword.builtin.ClickKeyword.click(ClickKeyword.groovy:86)
	at com.kms.katalon.core.webui.keyword.builtin.ClickKeyword.execute(ClickKeyword.groovy:67)
	at com.kms.katalon.core.keyword.internal.KeywordExecutor.executeKeywordForPlatform(KeywordExecutor.groovy:53)
	at com.kms.katalon.core.webui.keyword.WebUiBuiltInKeywords.click(WebUiBuiltInKeywords.groovy:616)
	at com.kms.katalon.core.webui.keyword.WebUiBuiltInKeywords$click$2.call(Unknown Source)
	at Script1536203520626.run(Script1536203520626.groovy:119)
	at com.kms.katalon.core.main.ScriptEngine.run(ScriptEngine.java:183)
	at com.kms.katalon.core.main.ScriptEngine.runScriptAsRawText(ScriptEngine.java:108)
	at com.kms.katalon.core.main.TestCaseExecutor.runScript(TestCaseExecutor.java:294)
	at com.kms.katalon.core.main.TestCaseExecutor.doExecute(TestCaseExecutor.java:285)
	at com.kms.katalon.core.main.TestCaseExecutor.processExecutionPhase(TestCaseExecutor.java:264)
	at com.kms.katalon.core.main.TestCaseExecutor.accessMainPhase(TestCaseExecutor.java:256)
	at com.kms.katalon.core.main.TestCaseExecutor.execute(TestCaseExecutor.java:200)
	at com.kms.katalon.core.main.TestCaseMain.runTestCase(TestCaseMain.java:99)
	at com.kms.katalon.core.keyword.builtin.CallTestCaseKeyword$_callTestCase_closure1.doCall(CallTestCaseKeyword.groovy:60)
	at com.kms.katalon.core.keyword.builtin.CallTestCaseKeyword$_callTestCase_closure1.call(CallTestCaseKeyword.groovy)
	at com.kms.katalon.core.keyword.internal.KeywordMain.runKeyword(KeywordMain.groovy:54)
	at com.kms.katalon.core.keyword.builtin.CallTestCaseKeyword.callTestCase(CallTestCaseKeyword.groovy:81)
	at com.kms.katalon.core.keyword.builtin.CallTestCaseKeyword.execute(CallTestCaseKeyword.groovy:45)
	at com.kms.katalon.core.keyword.internal.KeywordExecutor.executeKeywordForPlatform(KeywordExecutor.groovy:53)
	at com.kms.katalon.core.keyword.BuiltinKeywords.callTestCase(BuiltinKeywords.groovy:334)
	at sun.reflect.GeneratedMethodAccessor13.invoke(Unknown Source)
	at sun.reflect.DelegatingMethodAccessorImpl.invoke(DelegatingMethodAccessorImpl.java:43)
	at java.lang.reflect.Method.invoke(Method.java:498)
	at org.codehaus.groovy.reflection.CachedMethod.invoke(CachedMethod.java:93)
	at groovy.lang.MetaMethod.doMethodInvoke(MetaMethod.java:325)
	at groovy.lang.MetaClassImpl.invokeStaticMethod(MetaClassImpl.java:1469)
	at org.codehaus.groovy.runtime.callsite.StaticMetaClassSite.call(StaticMetaClassSite.java:53)
	at org.codehaus.groovy.runtime.callsite.CallSiteArray.defaultCall(CallSiteArray.java:48)
	at org.codehaus.groovy.runtime.callsite.AbstractCallSite.call(AbstractCallSite.java:113)
	at org.codehaus.groovy.runtime.callsite.AbstractCallSite.call(AbstractCallSite.java:141)
	at Script1536733775156.run(Script1536733775156.groovy:22)
	at com.kms.katalon.core.main.ScriptEngine.run(ScriptEngine.java:183)
	at com.kms.katalon.core.main.ScriptEngine.runScriptAsRawText(ScriptEngine.java:108)
	at com.kms.katalon.core.main.TestCaseExecutor.runScript(TestCaseExecutor.java:294)
	at com.kms.katalon.core.main.TestCaseExecutor.doExecute(TestCaseExecutor.java:285)
	at com.kms.katalon.core.main.TestCaseExecutor.processExecutionPhase(TestCaseExecutor.java:264)
	at com.kms.katalon.core.main.TestCaseExecutor.accessMainPhase(TestCaseExecutor.java:256)
	at com.kms.katalon.core.main.TestCaseExecutor.execute(TestCaseExecutor.java:200)
	at com.kms.katalon.core.main.TestSuiteExecutor.accessTestCaseMainPhase(TestSuiteExecutor.java:129)
	at com.kms.katalon.core.main.TestSuiteExecutor.accessTestSuiteMainPhase(TestSuiteExecutor.java:112)
	at com.kms.katalon.core.main.TestSuiteExecutor.execute(TestSuiteExecutor.java:81)
	at com.kms.katalon.core.main.TestCaseMain.startTestSuite(TestCaseMain.java:142)
	at com.kms.katalon.core.main.TestCaseMain$startTestSuite$0.call(Unknown Source)
	at org.codehaus.groovy.runtime.callsite.CallSiteArray.defaultCall(CallSiteArray.java:48)
	at org.codehaus.groovy.runtime.callsite.AbstractCallSite.call(AbstractCallSite.java:113)
	at org.codehaus.groovy.runtime.callsite.AbstractCallSite.call(AbstractCallSite.java:141)
	at TempTestSuite1540025489648.run(TempTestSuite1540025489648.groovy:36)
	at groovy.lang.GroovyShell.runScriptOrMainOrTestOrRunnable(GroovyShell.java:263)
	at groovy.lang.GroovyShell.run(GroovyShell.java:518)
	at groovy.lang.GroovyShell.run(GroovyShell.java:507)
	at groovy.ui.GroovyMain.processOnce(GroovyMain.java:653)
	at groovy.ui.GroovyMain.run(GroovyMain.java:384)
	at groovy.ui.GroovyMain.process(GroovyMain.java:370)
	at groovy.ui.GroovyMain.processArgs(GroovyMain.java:129)
	at groovy.ui.GroovyMain.main(GroovyMain.java:109)
	at sun.reflect.NativeMethodAccessorImpl.invoke0(Native Method)
	at sun.reflect.NativeMethodAccessorImpl.invoke(NativeMethodAccessorImpl.java:62)
	at sun.reflect.DelegatingMethodAccessorImpl.invoke(DelegatingMethodAccessorImpl.java:43)
	at java.lang.reflect.Method.invoke(Method.java:498)
	at org.codehaus.groovy.tools.GroovyStarter.rootLoader(GroovyStarter.java:109)
	at org.codehaus.groovy.tools.GroovyStarter.main(GroovyStarter.java:131)
)

2018-10-20 23:39:58 - [TEST_STEP][FAILED] - callTestCase: Unable to call Test Case with id 'Test Cases/Final Aug 2018 - PKS Automation/Registration Module/Workflow/Form 3 EIS - Cessation As Employer/Template/Form 3 A - Cessation As Employer (OTC)' (Root cause: Call Test Case 'Test Cases/Final Aug 2018 - PKS Automation/Registration Module/Workflow/Form 3 EIS - Cessation As Employer/Template/Form 3 A - Cessation As Employer (OTC)' failed)

2018-10-20 23:39:58 - [TEST_CASE][FAILED] - Test Cases/Final Aug 2018 - PKS Automation/Registration Module/Workflow/Form 3 EIS - Cessation As Employer/Template/Form 3 A - Cessation As Employer (OTC): Test Cases/Final Aug 2018 - PKS Automation/Registration Module/Workflow/Form 3 EIS - Cessation As Employer/Template/Form 3 A - Cessation As Employer (OTC) FAILED because (of) (Stack trace: com.kms.katalon.core.exception.StepFailedException: Unable to click on object 'Object Repository/Final Object Repo/Page_Form 3 EIS - Cessation as Employer/Document Type' (Root cause: org.openqa.selenium.WebDriverException: unknown error: Element <span class="select2-selection select2-selection--single" role="combobox" aria-haspopup="true" aria-expanded="false" tabindex="0" aria-labelledby="select2-_searchforemployersip_WAR_registrationportlet_objdocTypeId-container">...</span> is not clickable at point (368, 205). Other element would receive the click: <div class="blockUI blockOverlay" style="z-index: 2000; border: none; margin: 0px; padding: 0px; width: 100%; height: 100%; top: 0px; left: 0px; background-color: rgb(0, 0, 0); opacity: 0.000591981; cursor: default; position: fixed;"></div>
  (Session info: chrome=69.0.3497.100)
  (Driver info: chromedriver=2.35.528161 (5b82f2d2aae0ca24b877009200ced9065a772e73),platform=Windows NT 6.1.7601 SP1 x86_64) (WARNING: The server did not provide any stacktrace information)
Command duration or timeout: 0 milliseconds
Build info: version: '3.7.1', revision: '8a0099a', time: '2017-11-06T21:07:36.161Z'
System info: host: 'WEIZHENG', ip: '192.168.137.1', os.name: 'Windows 7', os.arch: 'amd64', os.version: '6.1', java.version: '1.8.0_181'
Driver info: com.kms.katalon.selenium.driver.CChromeDriver
Capabilities {acceptInsecureCerts: false, acceptSslCerts: false, applicationCacheEnabled: false, browserConnectionEnabled: false, browserName: chrome, chrome: {chromedriverVersion: 2.35.528161 (5b82f2d2aae0ca..., userDataDir: C:\Users\WEIZHE~1\AppData\L...}, cssSelectorsEnabled: true, databaseEnabled: false, handlesAlerts: true, hasTouchScreen: false, javascriptEnabled: true, locationContextEnabled: true, mobileEmulationEnabled: false, nativeEvents: true, networkConnectionEnabled: false, pageLoadStrategy: normal, platform: XP, platformName: XP, rotatable: false, setWindowRect: true, takesHeapSnapshot: true, takesScreenshot: true, unexpectedAlertBehaviour: , unhandledPromptBehavior: , version: 69.0.3497.100, webStorageEnabled: true}
Session ID: 9dbfaaccfac8b2748338af5a89241398)
	at com.kms.katalon.core.keyword.internal.KeywordMain.stepFailed(KeywordMain.groovy:32)
	at com.kms.katalon.core.webui.keyword.internal.WebUIKeywordMain.stepFailed(WebUIKeywordMain.groovy:65)
	at com.kms.katalon.core.webui.keyword.internal.WebUIKeywordMain.runKeyword(WebUIKeywordMain.groovy:27)
	at com.kms.katalon.core.webui.keyword.builtin.ClickKeyword.click(ClickKeyword.groovy:86)
	at com.kms.katalon.core.webui.keyword.builtin.ClickKeyword.execute(ClickKeyword.groovy:67)
	at com.kms.katalon.core.keyword.internal.KeywordExecutor.executeKeywordForPlatform(KeywordExecutor.groovy:53)
	at com.kms.katalon.core.webui.keyword.WebUiBuiltInKeywords.click(WebUiBuiltInKeywords.groovy:616)
	at com.kms.katalon.core.webui.keyword.WebUiBuiltInKeywords$click$2.call(Unknown Source)
	at Script1536203520626.run(Script1536203520626.groovy:119)
	at com.kms.katalon.core.main.ScriptEngine.run(ScriptEngine.java:183)
	at com.kms.katalon.core.main.ScriptEngine.runScriptAsRawText(ScriptEngine.java:108)
	at com.kms.katalon.core.main.TestCaseExecutor.runScript(TestCaseExecutor.java:294)
	at com.kms.katalon.core.main.TestCaseExecutor.doExecute(TestCaseExecutor.java:285)
	at com.kms.katalon.core.main.TestCaseExecutor.processExecutionPhase(TestCaseExecutor.java:264)
	at com.kms.katalon.core.main.TestCaseExecutor.accessMainPhase(TestCaseExecutor.java:256)
	at com.kms.katalon.core.main.TestCaseExecutor.execute(TestCaseExecutor.java:200)
	at com.kms.katalon.core.main.TestCaseMain.runTestCase(TestCaseMain.java:99)
	at com.kms.katalon.core.keyword.builtin.CallTestCaseKeyword$_callTestCase_closure1.doCall(CallTestCaseKeyword.groovy:60)
	at com.kms.katalon.core.keyword.builtin.CallTestCaseKeyword$_callTestCase_closure1.call(CallTestCaseKeyword.groovy)
	at com.kms.katalon.core.keyword.internal.KeywordMain.runKeyword(KeywordMain.groovy:54)
	at com.kms.katalon.core.keyword.builtin.CallTestCaseKeyword.callTestCase(CallTestCaseKeyword.groovy:81)
	at com.kms.katalon.core.keyword.builtin.CallTestCaseKeyword.execute(CallTestCaseKeyword.groovy:45)
	at com.kms.katalon.core.keyword.internal.KeywordExecutor.executeKeywordForPlatform(KeywordExecutor.groovy:53)
	at com.kms.katalon.core.keyword.BuiltinKeywords.callTestCase(BuiltinKeywords.groovy:334)
	at sun.reflect.GeneratedMethodAccessor13.invoke(Unknown Source)
	at sun.reflect.DelegatingMethodAccessorImpl.invoke(DelegatingMethodAccessorImpl.java:43)
	at java.lang.reflect.Method.invoke(Method.java:498)
	at org.codehaus.groovy.reflection.CachedMethod.invoke(CachedMethod.java:93)
	at groovy.lang.MetaMethod.doMethodInvoke(MetaMethod.java:325)
	at groovy.lang.MetaClassImpl.invokeStaticMethod(MetaClassImpl.java:1469)
	at org.codehaus.groovy.runtime.callsite.StaticMetaClassSite.call(StaticMetaClassSite.java:53)
	at org.codehaus.groovy.runtime.callsite.CallSiteArray.defaultCall(CallSiteArray.java:48)
	at org.codehaus.groovy.runtime.callsite.AbstractCallSite.call(AbstractCallSite.java:113)
	at org.codehaus.groovy.runtime.callsite.AbstractCallSite.call(AbstractCallSite.java:141)
	at Script1536733775156.run(Script1536733775156.groovy:22)
	at com.kms.katalon.core.main.ScriptEngine.run(ScriptEngine.java:183)
	at com.kms.katalon.core.main.ScriptEngine.runScriptAsRawText(ScriptEngine.java:108)
	at com.kms.katalon.core.main.TestCaseExecutor.runScript(TestCaseExecutor.java:294)
	at com.kms.katalon.core.main.TestCaseExecutor.doExecute(TestCaseExecutor.java:285)
	at com.kms.katalon.core.main.TestCaseExecutor.processExecutionPhase(TestCaseExecutor.java:264)
	at com.kms.katalon.core.main.TestCaseExecutor.accessMainPhase(TestCaseExecutor.java:256)
	at com.kms.katalon.core.main.TestCaseExecutor.execute(TestCaseExecutor.java:200)
	at com.kms.katalon.core.main.TestSuiteExecutor.accessTestCaseMainPhase(TestSuiteExecutor.java:129)
	at com.kms.katalon.core.main.TestSuiteExecutor.accessTestSuiteMainPhase(TestSuiteExecutor.java:112)
	at com.kms.katalon.core.main.TestSuiteExecutor.execute(TestSuiteExecutor.java:81)
	at com.kms.katalon.core.main.TestCaseMain.startTestSuite(TestCaseMain.java:142)
	at com.kms.katalon.core.main.TestCaseMain$startTestSuite$0.call(Unknown Source)
	at org.codehaus.groovy.runtime.callsite.CallSiteArray.defaultCall(CallSiteArray.java:48)
	at org.codehaus.groovy.runtime.callsite.AbstractCallSite.call(AbstractCallSite.java:113)
	at org.codehaus.groovy.runtime.callsite.AbstractCallSite.call(AbstractCallSite.java:141)
	at TempTestSuite1540025489648.run(TempTestSuite1540025489648.groovy:36)
	at groovy.lang.GroovyShell.runScriptOrMainOrTestOrRunnable(GroovyShell.java:263)
	at groovy.lang.GroovyShell.run(GroovyShell.java:518)
	at groovy.lang.GroovyShell.run(GroovyShell.java:507)
	at groovy.ui.GroovyMain.processOnce(GroovyMain.java:653)
	at groovy.ui.GroovyMain.run(GroovyMain.java:384)
	at groovy.ui.GroovyMain.process(GroovyMain.java:370)
	at groovy.ui.GroovyMain.processArgs(GroovyMain.java:129)
	at groovy.ui.GroovyMain.main(GroovyMain.java:109)
	at sun.reflect.NativeMethodAccessorImpl.invoke0(Native Method)
	at sun.reflect.NativeMethodAccessorImpl.invoke(NativeMethodAccessorImpl.java:62)
	at sun.reflect.DelegatingMethodAccessorImpl.invoke(DelegatingMethodAccessorImpl.java:43)
	at java.lang.reflect.Method.invoke(Method.java:498)
	at org.codehaus.groovy.tools.GroovyStarter.rootLoader(GroovyStarter.java:109)
	at org.codehaus.groovy.tools.GroovyStarter.main(GroovyStarter.java:131)
)

2018-10-20 23:39:58 - [TEST_STEP][PASSED] - openBrowser: Browser is opened with url: ''

2018-10-20 23:39:58 - [MESSAGE][WARNING] - A browser is already opened. Closing browser and opening a new one

2018-10-20 23:40:02 - [MESSAGE][PASSED] - Browser is opened with url: ''

2018-10-20 23:40:02 - [TEST_STEP][PASSED] - navigateToUrl: Navigate to 'https://assist2-uat.perkeso.gov.my/login' successfully

2018-10-20 23:40:05 - [MESSAGE][PASSED] - Navigate to 'https://assist2-uat.perkeso.gov.my/login' successfully

2018-10-20 23:40:05 - [TEST_STEP][PASSED] - setText: Text 'johorotc1@gmail.com' is set on object 'Object Repository/Final Object Repo/Login Page/Internal User/Email Address'

2018-10-20 23:40:05 - [MESSAGE][PASSED] - Text 'johorotc1@gmail.com' is set on object 'Object Repository/Final Object Repo/Login Page/Internal User/Email Address'

2018-10-20 23:40:05 - [TEST_STEP][PASSED] - click: Object: 'Object Repository/Final Object Repo/Login Page/Internal User/Next Button' is clicked on

2018-10-20 23:40:05 - [MESSAGE][PASSED] - Object: 'Object Repository/Final Object Repo/Login Page/Internal User/Next Button' is clicked on

2018-10-20 23:40:05 - [TEST_STEP][PASSED] - delay: Delayed 1 second(s)

2018-10-20 23:40:06 - [MESSAGE][PASSED] - Delayed 1 second(s)

2018-10-20 23:40:06 - [TEST_STEP][PASSED] - setEncryptedText: Text ****** has been set on object 'Object Repository/Final Object Repo/Login Page/Internal User/Password'

2018-10-20 23:40:06 - [MESSAGE][PASSED] - Text ****** has been set on object 'Object Repository/Final Object Repo/Login Page/Internal User/Password'

2018-10-20 23:40:06 - [TEST_STEP][PASSED] - click: Object: 'Object Repository/Final Object Repo/Login Page/Internal User/Login Button' is clicked on

2018-10-20 23:40:06 - [MESSAGE][PASSED] - Object: 'Object Repository/Final Object Repo/Login Page/Internal User/Login Button' is clicked on

2018-10-20 23:40:06 - [TEST_STEP][PASSED] - delay: Delayed 1 second(s)

2018-10-20 23:40:07 - [MESSAGE][PASSED] - Delayed 1 second(s)

2018-10-20 23:40:07 - [TEST_STEP][PASSED] - Statement - Try: Delayed 2 second(s)

2018-10-20 23:40:07 - [TEST_STEP][PASSED] - Statement - Checker = false: null

2018-10-20 23:40:07 - [TEST_STEP][PASSED] - Statement - Checker = com.kms.katalon.core.webui.keyword.WebUiBuiltInKeywords.verifyElementHasAttribute(com.kms.katalon.core.testobject.ObjectRepository.findTestObject(Final Object Repo/Landing Page/BM Detecting), "href", 20, OPTIONAL): Object 'Object Repository/Final Object Repo/Landing Page/BM Detecting' has attribute 'href'

2018-10-20 23:40:09 - [MESSAGE][PASSED] - Object 'Object Repository/Final Object Repo/Landing Page/BM Detecting' has attribute 'href'

2018-10-20 23:40:09 - [TEST_STEP][PASSED] - Statement - out.println(Checker): null

2018-10-20 23:40:09 - [TEST_STEP][PASSED] - Statement - If (Checker == false): null

2018-10-20 23:40:09 - [TEST_STEP][PASSED] - Statement - Else: null

2018-10-20 23:40:09 - [TEST_STEP][PASSED] - delay: Delayed 2 second(s)

2018-10-20 23:40:11 - [MESSAGE][PASSED] - Delayed 2 second(s)

2018-10-20 23:40:11 - [TEST_STEP][PASSED] - navigateToUrl: Navigate to 'https://assist2-uat.perkeso.gov.my/web/registration/eis-update/form-3-eis-cessation-as-employer' successfully

2018-10-20 23:40:12 - [MESSAGE][PASSED] - Navigate to 'https://assist2-uat.perkeso.gov.my/web/registration/eis-update/form-3-eis-cessation-as-employer' successfully

2018-10-20 23:40:12 - [TEST_STEP][PASSED] - delay: Delayed 1 second(s)

2018-10-20 23:40:13 - [MESSAGE][PASSED] - Delayed 1 second(s)

2018-10-20 23:40:13 - [TEST_STEP][PASSED] - setText: Text 'E1102069769W' is set on object 'Object Repository/Final Object Repo/Page_Form 3 EIS - Cessation as Employer/Employer Code'

2018-10-20 23:40:13 - [MESSAGE][PASSED] - Text 'E1102069769W' is set on object 'Object Repository/Final Object Repo/Page_Form 3 EIS - Cessation as Employer/Employer Code'

2018-10-20 23:40:13 - [TEST_STEP][PASSED] - click: Object: 'Object Repository/Final Object Repo/Page_Form 3 EIS - Cessation as Employer/Search' is clicked on

2018-10-20 23:40:13 - [MESSAGE][PASSED] - Object: 'Object Repository/Final Object Repo/Page_Form 3 EIS - Cessation as Employer/Search' is clicked on

2018-10-20 23:40:13 - [TEST_STEP][PASSED] - click: Object: 'Object Repository/Final Object Repo/Page_Form 3 EIS - Cessation as Employer/Edit' is clicked on

2018-10-20 23:40:15 - [MESSAGE][PASSED] - Object: 'Object Repository/Final Object Repo/Page_Form 3 EIS - Cessation as Employer/Edit' is clicked on

2018-10-20 23:40:15 - [TEST_STEP][PASSED] - delay: Delayed 1 second(s)

2018-10-20 23:40:16 - [MESSAGE][PASSED] - Delayed 1 second(s)

2018-10-20 23:40:16 - [TEST_STEP][PASSED] - Statement - abc = com.kms.katalon.core.webui.keyword.WebUiBuiltInKeywords.getAttribute(com.kms.katalon.core.testobject.ObjectRepository.findTestObject(Final Object Repo/Page_Form 3 EIS - Cessation as Employer/Employer Status), "value"): Attribute 'value' of object 'Object Repository/Final Object Repo/Page_Form 3 EIS - Cessation as Employer/Employer Status' is: 'Active'

2018-10-20 23:40:16 - [MESSAGE][PASSED] - Attribute 'value' of object 'Object Repository/Final Object Repo/Page_Form 3 EIS - Cessation as Employer/Employer Status' is: 'Active'

2018-10-20 23:40:16 - [TEST_STEP][PASSED] - Statement - out.println(abc): null

2018-10-20 23:40:16 - [TEST_STEP][PASSED] - Statement - If (abc == "Active"): Object: 'Object Repository/Final Object Repo/Page_Form 3 EIS - Cessation as Employer/Dormant EIS' is clicked on

2018-10-20 23:40:16 - [TEST_STEP][PASSED] - click: Object: 'Object Repository/Final Object Repo/Page_Form 3 EIS - Cessation as Employer/Change Employer Status to' is clicked on

2018-10-20 23:40:16 - [MESSAGE][PASSED] - Object: 'Object Repository/Final Object Repo/Page_Form 3 EIS - Cessation as Employer/Change Employer Status to' is clicked on

2018-10-20 23:40:16 - [TEST_STEP][PASSED] - click: Object: 'Object Repository/Final Object Repo/Page_Form 3 EIS - Cessation as Employer/Dormant EIS' is clicked on

2018-10-20 23:40:17 - [MESSAGE][PASSED] - Object: 'Object Repository/Final Object Repo/Page_Form 3 EIS - Cessation as Employer/Dormant EIS' is clicked on

2018-10-20 23:40:17 - [TEST_STEP][PASSED] - click: Object: 'Object Repository/Final Object Repo/Page_Form 3 EIS - Cessation as Employer/Calender' is clicked on

2018-10-20 23:40:17 - [MESSAGE][PASSED] - Object: 'Object Repository/Final Object Repo/Page_Form 3 EIS - Cessation as Employer/Calender' is clicked on

2018-10-20 23:40:17 - [TEST_STEP][PASSED] - delay: Delayed 1 second(s)

2018-10-20 23:40:18 - [MESSAGE][PASSED] - Delayed 1 second(s)

2018-10-20 23:40:18 - [TEST_STEP][PASSED] - click: Object: 'Object Repository/Final Object Repo/Page_Form 3 EIS - Cessation as Employer/Calender - Date' is clicked on

2018-10-20 23:40:18 - [MESSAGE][PASSED] - Object: 'Object Repository/Final Object Repo/Page_Form 3 EIS - Cessation as Employer/Calender - Date' is clicked on

2018-10-20 23:40:18 - [TEST_STEP][PASSED] - click: Object: 'Object Repository/Final Object Repo/Page_Form 3 EIS - Cessation as Employer/Save  Continue in Form 3 EIS Page' is clicked on

2018-10-20 23:40:18 - [MESSAGE][PASSED] - Object: 'Object Repository/Final Object Repo/Page_Form 3 EIS - Cessation as Employer/Save  Continue in Form 3 EIS Page' is clicked on

2018-10-20 23:40:18 - [TEST_STEP][PASSED] - delay: Delayed 1 second(s)

2018-10-20 23:40:19 - [MESSAGE][PASSED] - Delayed 1 second(s)

2018-10-20 23:40:19 - [TEST_STEP][PASSED] - click: Object: 'Object Repository/Final Object Repo/Page_Form 3 EIS - Cessation as Employer/Employment Resign Date' is clicked on

2018-10-20 23:40:20 - [MESSAGE][PASSED] - Object: 'Object Repository/Final Object Repo/Page_Form 3 EIS - Cessation as Employer/Employment Resign Date' is clicked on

2018-10-20 23:40:20 - [TEST_STEP][PASSED] - selectOptionByValue: All options with value '2018' are selected in object 'Object Repository/Final Object Repo/Page_Form 3 EIS - Cessation as Employer/Employment Resign Date - Year' 

2018-10-20 23:40:20 - [MESSAGE][PASSED] - All options with value '2018' are selected in object 'Object Repository/Final Object Repo/Page_Form 3 EIS - Cessation as Employer/Employment Resign Date - Year' 

2018-10-20 23:40:20 - [TEST_STEP][PASSED] - delay: Delayed 2 second(s)

2018-10-20 23:40:22 - [MESSAGE][PASSED] - Delayed 2 second(s)

2018-10-20 23:40:22 - [TEST_STEP][PASSED] - click: Object: 'Object Repository/Final Object Repo/Page_Form 3 EIS - Cessation as Employer/Employment Resign Date - Year - Date' is clicked on

2018-10-20 23:40:22 - [MESSAGE][PASSED] - Object: 'Object Repository/Final Object Repo/Page_Form 3 EIS - Cessation as Employer/Employment Resign Date - Year - Date' is clicked on

2018-10-20 23:40:22 - [TEST_STEP][PASSED] - delay: Delayed 2 second(s)

2018-10-20 23:40:24 - [MESSAGE][PASSED] - Delayed 2 second(s)

2018-10-20 23:40:24 - [TEST_STEP][PASSED] - click: Object: 'Object Repository/Final Object Repo/Page_Form 3 EIS - Cessation as Employer/Save  Continue in Employment Resign Page' is clicked on

2018-10-20 23:40:24 - [MESSAGE][PASSED] - Object: 'Object Repository/Final Object Repo/Page_Form 3 EIS - Cessation as Employer/Save  Continue in Employment Resign Page' is clicked on

2018-10-20 23:40:24 - [TEST_STEP][PASSED] - delay: Delayed 2 second(s)

2018-10-20 23:40:26 - [MESSAGE][PASSED] - Delayed 2 second(s)

2018-10-20 23:40:26 - [TEST_STEP][PASSED] - click: Object: 'Object Repository/Final Object Repo/Page_Form 3 EIS - Cessation as Employer/Add Document' is clicked on

2018-10-20 23:40:28 - [MESSAGE][PASSED] - Object: 'Object Repository/Final Object Repo/Page_Form 3 EIS - Cessation as Employer/Add Document' is clicked on

2018-10-20 23:40:28 - [TEST_STEP][PASSED] - delay: Delayed 3 second(s)

2018-10-20 23:40:31 - [MESSAGE][PASSED] - Delayed 3 second(s)

2018-10-20 23:40:31 - [TEST_STEP][FAILED] - click: Unable to click on object 'Object Repository/Final Object Repo/Page_Form 3 EIS - Cessation as Employer/Document Type' (Root cause: org.openqa.selenium.WebDriverException: unknown error: Element <span class="select2-selection select2-selection--single" role="combobox" aria-haspopup="true" aria-expanded="false" tabindex="0" aria-labelledby="select2-_searchforemployersip_WAR_registrationportlet_objdocTypeId-container">...</span> is not clickable at point (368, 205). Other element would receive the click: <div class="blockUI blockOverlay" style="z-index: 2000; border: none; margin: 0px; padding: 0px; width: 100%; height: 100%; top: 0px; left: 0px; background-color: rgb(0, 0, 0); opacity: 0.000591981; cursor: default; position: fixed;"></div>
  (Session info: chrome=69.0.3497.100)
  (Driver info: chromedriver=2.35.528161 (5b82f2d2aae0ca24b877009200ced9065a772e73),platform=Windows NT 6.1.7601 SP1 x86_64) (WARNING: The server did not provide any stacktrace information)
Command duration or timeout: 0 milliseconds
Build info: version: '3.7.1', revision: '8a0099a', time: '2017-11-06T21:07:36.161Z'
System info: host: 'WEIZHENG', ip: '192.168.137.1', os.name: 'Windows 7', os.arch: 'amd64', os.version: '6.1', java.version: '1.8.0_181'
Driver info: com.kms.katalon.selenium.driver.CChromeDriver
Capabilities {acceptInsecureCerts: false, acceptSslCerts: false, applicationCacheEnabled: false, browserConnectionEnabled: false, browserName: chrome, chrome: {chromedriverVersion: 2.35.528161 (5b82f2d2aae0ca..., userDataDir: C:\Users\WEIZHE~1\AppData\L...}, cssSelectorsEnabled: true, databaseEnabled: false, handlesAlerts: true, hasTouchScreen: false, javascriptEnabled: true, locationContextEnabled: true, mobileEmulationEnabled: false, nativeEvents: true, networkConnectionEnabled: false, pageLoadStrategy: normal, platform: XP, platformName: XP, rotatable: false, setWindowRect: true, takesHeapSnapshot: true, takesScreenshot: true, unexpectedAlertBehaviour: , unhandledPromptBehavior: , version: 69.0.3497.100, webStorageEnabled: true}
Session ID: 9dbfaaccfac8b2748338af5a89241398)

2018-10-20 23:40:31 - [MESSAGE][FAILED] - Unable to click on object 'Object Repository/Final Object Repo/Page_Form 3 EIS - Cessation as Employer/Document Type' (Root cause: org.openqa.selenium.WebDriverException: unknown error: Element <span class="select2-selection select2-selection--single" role="combobox" aria-haspopup="true" aria-expanded="false" tabindex="0" aria-labelledby="select2-_searchforemployersip_WAR_registrationportlet_objdocTypeId-container">...</span> is not clickable at point (368, 205). Other element would receive the click: <div class="blockUI blockOverlay" style="z-index: 2000; border: none; margin: 0px; padding: 0px; width: 100%; height: 100%; top: 0px; left: 0px; background-color: rgb(0, 0, 0); opacity: 0.000591981; cursor: default; position: fixed;"></div>
  (Session info: chrome=69.0.3497.100)
  (Driver info: chromedriver=2.35.528161 (5b82f2d2aae0ca24b877009200ced9065a772e73),platform=Windows NT 6.1.7601 SP1 x86_64) (WARNING: The server did not provide any stacktrace information)
Command duration or timeout: 0 milliseconds
Build info: version: '3.7.1', revision: '8a0099a', time: '2017-11-06T21:07:36.161Z'
System info: host: 'WEIZHENG', ip: '192.168.137.1', os.name: 'Windows 7', os.arch: 'amd64', os.version: '6.1', java.version: '1.8.0_181'
Driver info: com.kms.katalon.selenium.driver.CChromeDriver
Capabilities {acceptInsecureCerts: false, acceptSslCerts: false, applicationCacheEnabled: false, browserConnectionEnabled: false, browserName: chrome, chrome: {chromedriverVersion: 2.35.528161 (5b82f2d2aae0ca..., userDataDir: C:\Users\WEIZHE~1\AppData\L...}, cssSelectorsEnabled: true, databaseEnabled: false, handlesAlerts: true, hasTouchScreen: false, javascriptEnabled: true, locationContextEnabled: true, mobileEmulationEnabled: false, nativeEvents: true, networkConnectionEnabled: false, pageLoadStrategy: normal, platform: XP, platformName: XP, rotatable: false, setWindowRect: true, takesHeapSnapshot: true, takesScreenshot: true, unexpectedAlertBehaviour: , unhandledPromptBehavior: , version: 69.0.3497.100, webStorageEnabled: true}
Session ID: 9dbfaaccfac8b2748338af5a89241398)
[[ATTACHMENT|C:\\Users\\LENOVO\\Katalon Studio\\Perkeso Phase A\\Reports\\Workflow\\Form 3 EIS - Cessation as Employer\\20181020_165129\\1540050031612.png]]

2018-10-20 23:40:31 - [TEST_STEP][FAILED] - click: Unable to click on object 'Object Repository/Final Object Repo/Page_Form 3 EIS - Cessation as Employer/Document Type - Form 3' (Root cause: com.kms.katalon.core.webui.exception.WebElementNotFoundException: Web element with id: 'Object Repository/Final Object Repo/Page_Form 3 EIS - Cessation as Employer/Document Type - Form 3' located by 'By.xpath: //span[(text() = '


	Form 3 - Cessation Of Employer
' or . = '


	Form 3 - Cessation Of Employer
')]' not found)

2018-10-20 23:41:05 - [MESSAGE][FAILED] - Unable to click on object 'Object Repository/Final Object Repo/Page_Form 3 EIS - Cessation as Employer/Document Type - Form 3' (Root cause: com.kms.katalon.core.webui.exception.WebElementNotFoundException: Web element with id: 'Object Repository/Final Object Repo/Page_Form 3 EIS - Cessation as Employer/Document Type - Form 3' located by 'By.xpath: //span[(text() = '


	Form 3 - Cessation Of Employer
' or . = '


	Form 3 - Cessation Of Employer
')]' not found)
[[ATTACHMENT|C:\\Users\\LENOVO\\Katalon Studio\\Perkeso Phase A\\Reports\\Workflow\\Form 3 EIS - Cessation as Employer\\20181020_165129\\1540050064793.png]]

2018-10-20 23:41:05 - [TEST_STEP][PASSED] - delay: Delayed 2 second(s)

2018-10-20 23:41:07 - [MESSAGE][PASSED] - Delayed 2 second(s)

2018-10-20 23:41:07 - [TEST_STEP][PASSED] - sendKeys: Keys 'C:\Users\Public\Pictures\Sample Pictures\Act.jpg' sent to object: 'Object Repository/Final Object Repo/Page_Form 3 EIS - Cessation as Employer/ploading File'

2018-10-20 23:41:07 - [MESSAGE][PASSED] - Keys 'C:\Users\Public\Pictures\Sample Pictures\Act.jpg' sent to object: 'Object Repository/Final Object Repo/Page_Form 3 EIS - Cessation as Employer/ploading File'

2018-10-20 23:41:07 - [TEST_STEP][PASSED] - delay: Delayed 1 second(s)

2018-10-20 23:41:08 - [MESSAGE][PASSED] - Delayed 1 second(s)

2018-10-20 23:41:08 - [TEST_STEP][PASSED] - click: Object: 'Object Repository/Final Object Repo/Page_Form 3 EIS - Cessation as Employer/Add Document in Uploading Page' is clicked on

2018-10-20 23:41:08 - [MESSAGE][PASSED] - Object: 'Object Repository/Final Object Repo/Page_Form 3 EIS - Cessation as Employer/Add Document in Uploading Page' is clicked on

2018-10-20 23:41:08 - [TEST_STEP][PASSED] - delay: Delayed 2 second(s)

2018-10-20 23:41:10 - [MESSAGE][PASSED] - Delayed 2 second(s)

2018-10-20 23:41:10 - [TEST_STEP][PASSED] - Statement - CaseReferenceNo = com.kms.katalon.core.webui.keyword.WebUiBuiltInKeywords.getText(com.kms.katalon.core.testobject.ObjectRepository.findTestObject(Final Object Repo/Page_Update Employer Information/Reference Number in Update Employee Information Page)): Text of object 'Object Repository/Final Object Repo/Page_Update Employer Information/Reference Number in Update Employee Information Page' is: 'ERN102018C200002200'

2018-10-20 23:41:10 - [MESSAGE][PASSED] - Text of object 'Object Repository/Final Object Repo/Page_Update Employer Information/Reference Number in Update Employee Information Page' is: 'ERN102018C200002200'

2018-10-20 23:41:10 - [TEST_STEP][PASSED] - callTestCase: Call Test Case 'Test Cases/Final Aug 2018 - PKS Automation/Common/Reference Number Setter' successfully

2018-10-20 23:41:10 - [TEST_CASE][PASSED] - Test Cases/Final Aug 2018 - PKS Automation/Common/Reference Number Setter: Test Cases/Final Aug 2018 - PKS Automation/Common/Reference Number Setter

2018-10-20 23:41:10 - [TEST_STEP][PASSED] - Statement - RefNoOldFile = new java.io.File(C://KatalonReference.txt): null

2018-10-20 23:41:10 - [TEST_STEP][PASSED] - Statement - RefNoOldFile.delete(): null

2018-10-20 23:41:10 - [TEST_STEP][PASSED] - Statement - RefNo = new java.io.File(C://KatalonReference.txt): null

2018-10-20 23:41:10 - [TEST_STEP][PASSED] - Statement - RefNo.append(CaseReferenceNo): null

2018-10-20 23:41:10 - [TEST_STEP][PASSED] - Statement - out.println("


" + CaseReferenceNo + "


"): null

2018-10-20 23:41:10 - [MESSAGE][PASSED] - Call Test Case 'Test Cases/Final Aug 2018 - PKS Automation/Common/Reference Number Setter' successfully

2018-10-20 23:41:10 - [TEST_STEP][PASSED] - delay: Delayed 2 second(s)

2018-10-20 23:41:12 - [MESSAGE][PASSED] - Delayed 2 second(s)

2018-10-20 23:41:12 - [TEST_STEP][FAILED] - click: Unable to click on object 'Object Repository/Final Object Repo/Page_Form 3 EIS - Cessation as Employer/Save  Continue in Uploading Page' (Root cause: org.openqa.selenium.ElementNotVisibleException: element not visible
  (Session info: chrome=69.0.3497.100)
  (Driver info: chromedriver=2.35.528161 (5b82f2d2aae0ca24b877009200ced9065a772e73),platform=Windows NT 6.1.7601 SP1 x86_64) (WARNING: The server did not provide any stacktrace information)
Command duration or timeout: 0 milliseconds
Build info: version: '3.7.1', revision: '8a0099a', time: '2017-11-06T21:07:36.161Z'
System info: host: 'WEIZHENG', ip: '192.168.137.1', os.name: 'Windows 7', os.arch: 'amd64', os.version: '6.1', java.version: '1.8.0_181'
Driver info: com.kms.katalon.selenium.driver.CChromeDriver
Capabilities {acceptInsecureCerts: false, acceptSslCerts: false, applicationCacheEnabled: false, browserConnectionEnabled: false, browserName: chrome, chrome: {chromedriverVersion: 2.35.528161 (5b82f2d2aae0ca..., userDataDir: C:\Users\WEIZHE~1\AppData\L...}, cssSelectorsEnabled: true, databaseEnabled: false, handlesAlerts: true, hasTouchScreen: false, javascriptEnabled: true, locationContextEnabled: true, mobileEmulationEnabled: false, nativeEvents: true, networkConnectionEnabled: false, pageLoadStrategy: normal, platform: XP, platformName: XP, rotatable: false, setWindowRect: true, takesHeapSnapshot: true, takesScreenshot: true, unexpectedAlertBehaviour: , unhandledPromptBehavior: , version: 69.0.3497.100, webStorageEnabled: true}
Session ID: 9dbfaaccfac8b2748338af5a89241398)

2018-10-20 23:41:12 - [MESSAGE][FAILED] - Unable to click on object 'Object Repository/Final Object Repo/Page_Form 3 EIS - Cessation as Employer/Save  Continue in Uploading Page' (Root cause: org.openqa.selenium.ElementNotVisibleException: element not visible
  (Session info: chrome=69.0.3497.100)
  (Driver info: chromedriver=2.35.528161 (5b82f2d2aae0ca24b877009200ced9065a772e73),platform=Windows NT 6.1.7601 SP1 x86_64) (WARNING: The server did not provide any stacktrace information)
Command duration or timeout: 0 milliseconds
Build info: version: '3.7.1', revision: '8a0099a', time: '2017-11-06T21:07:36.161Z'
System info: host: 'WEIZHENG', ip: '192.168.137.1', os.name: 'Windows 7', os.arch: 'amd64', os.version: '6.1', java.version: '1.8.0_181'
Driver info: com.kms.katalon.selenium.driver.CChromeDriver
Capabilities {acceptInsecureCerts: false, acceptSslCerts: false, applicationCacheEnabled: false, browserConnectionEnabled: false, browserName: chrome, chrome: {chromedriverVersion: 2.35.528161 (5b82f2d2aae0ca..., userDataDir: C:\Users\WEIZHE~1\AppData\L...}, cssSelectorsEnabled: true, databaseEnabled: false, handlesAlerts: true, hasTouchScreen: false, javascriptEnabled: true, locationContextEnabled: true, mobileEmulationEnabled: false, nativeEvents: true, networkConnectionEnabled: false, pageLoadStrategy: normal, platform: XP, platformName: XP, rotatable: false, setWindowRect: true, takesHeapSnapshot: true, takesScreenshot: true, unexpectedAlertBehaviour: , unhandledPromptBehavior: , version: 69.0.3497.100, webStorageEnabled: true}
Session ID: 9dbfaaccfac8b2748338af5a89241398)
[[ATTACHMENT|C:\\Users\\LENOVO\\Katalon Studio\\Perkeso Phase A\\Reports\\Workflow\\Form 3 EIS - Cessation as Employer\\20181020_165129\\1540050072643.png]]

2018-10-20 23:41:12 - [TEST_STEP][PASSED] - delay: Delayed 2 second(s)

2018-10-20 23:41:14 - [MESSAGE][PASSED] - Delayed 2 second(s)

2018-10-20 23:41:14 - [TEST_STEP][FAILED] - click: Unable to click on object 'Object Repository/Final Object Repo/Page_Form 3 EIS - Cessation as Employer/Submit' (Root cause: com.kms.katalon.core.webui.exception.WebElementNotFoundException: Web element with id: 'Object Repository/Final Object Repo/Page_Form 3 EIS - Cessation as Employer/Submit' located by 'By.xpath: //a[(text() = '
							SUBMIT
		            	' or . = '
							SUBMIT
		            	')]' not found)

2018-10-20 23:41:53 - [MESSAGE][FAILED] - Unable to click on object 'Object Repository/Final Object Repo/Page_Form 3 EIS - Cessation as Employer/Submit' (Root cause: com.kms.katalon.core.webui.exception.WebElementNotFoundException: Web element with id: 'Object Repository/Final Object Repo/Page_Form 3 EIS - Cessation as Employer/Submit' located by 'By.xpath: //a[(text() = '
							SUBMIT
		            	' or . = '
							SUBMIT
		            	')]' not found)
[[ATTACHMENT|C:\\Users\\LENOVO\\Katalon Studio\\Perkeso Phase A\\Reports\\Workflow\\Form 3 EIS - Cessation as Employer\\20181020_165129\\1540050112990.png]]

2018-10-20 23:41:53 - [TEST_STEP][PASSED] - delay: Delayed 2 second(s)

2018-10-20 23:41:55 - [MESSAGE][PASSED] - Delayed 2 second(s)

2018-10-20 23:41:55 - [TEST_STEP][FAILED] - click: Unable to click on object 'Object Repository/Final Object Repo/Page_Form 3 EIS - Cessation as Employer/Confirm' (Root cause: com.kms.katalon.core.webui.exception.WebElementNotFoundException: Web element with id: 'Object Repository/Final Object Repo/Page_Form 3 EIS - Cessation as Employer/Confirm' located by 'By.xpath: //span[(text() = 'CONFIRM' or . = 'CONFIRM')]' not found)

2018-10-20 23:42:29 - [MESSAGE][FAILED] - Unable to click on object 'Object Repository/Final Object Repo/Page_Form 3 EIS - Cessation as Employer/Confirm' (Root cause: com.kms.katalon.core.webui.exception.WebElementNotFoundException: Web element with id: 'Object Repository/Final Object Repo/Page_Form 3 EIS - Cessation as Employer/Confirm' located by 'By.xpath: //span[(text() = 'CONFIRM' or . = 'CONFIRM')]' not found)
[[ATTACHMENT|C:\\Users\\LENOVO\\Katalon Studio\\Perkeso Phase A\\Reports\\Workflow\\Form 3 EIS - Cessation as Employer\\20181020_165129\\1540050148817.png]]

2018-10-20 23:42:29 - [TEST_STEP][PASSED] - delay: Delayed 2 second(s)

2018-10-20 23:42:31 - [MESSAGE][PASSED] - Delayed 2 second(s)

2018-10-20 23:42:31 - [TEST_STEP][FAILED] - click: Unable to click on object 'Object Repository/Final Object Repo/Page_Form 3 EIS - Cessation as Employer/Message Your Request will be routed to UO' (Root cause: com.kms.katalon.core.webui.exception.WebElementNotFoundException: Web element with id: 'Object Repository/Final Object Repo/Page_Form 3 EIS - Cessation as Employer/Message Your Request will be routed to UO' located by 'By.xpath: //div[(text() = '
			    			
			    			
			    			
			    			
			    				Your Request will be routed to 
			    				UO
			    			
			    			
			    			









































































' or . = '
			    			
			    			
			    			
			    			
			    				Your Request will be routed to 
			    				UO
			    			
			    			
			    			









































































')]' not found)

2018-10-20 23:43:06 - [MESSAGE][FAILED] - Unable to click on object 'Object Repository/Final Object Repo/Page_Form 3 EIS - Cessation as Employer/Message Your Request will be routed to UO' (Root cause: com.kms.katalon.core.webui.exception.WebElementNotFoundException: Web element with id: 'Object Repository/Final Object Repo/Page_Form 3 EIS - Cessation as Employer/Message Your Request will be routed to UO' located by 'By.xpath: //div[(text() = '
			    			
			    			
			    			
			    			
			    				Your Request will be routed to 
			    				UO
			    			
			    			
			    			









































































' or . = '
			    			
			    			
			    			
			    			
			    				Your Request will be routed to 
			    				UO
			    			
			    			
			    			









































































')]' not found)
[[ATTACHMENT|C:\\Users\\LENOVO\\Katalon Studio\\Perkeso Phase A\\Reports\\Workflow\\Form 3 EIS - Cessation as Employer\\20181020_165129\\1540050185854.png]]

2018-10-20 23:43:06 - [TEST_STEP][FAILED] - click: Unable to click on object 'Object Repository/Final Object Repo/Page_Form 3 EIS - Cessation as Employer/Letter of acknowledgement' (Root cause: com.kms.katalon.core.webui.exception.WebElementNotFoundException: Web element with id: 'Object Repository/Final Object Repo/Page_Form 3 EIS - Cessation as Employer/Letter of acknowledgement' located by 'By.xpath: //a[(text() = '
							 
							Letter of acknowledgement.pdf
						' or . = '
							 
							Letter of acknowledgement.pdf
						')]' not found)

2018-10-20 23:43:41 - [MESSAGE][FAILED] - Unable to click on object 'Object Repository/Final Object Repo/Page_Form 3 EIS - Cessation as Employer/Letter of acknowledgement' (Root cause: com.kms.katalon.core.webui.exception.WebElementNotFoundException: Web element with id: 'Object Repository/Final Object Repo/Page_Form 3 EIS - Cessation as Employer/Letter of acknowledgement' located by 'By.xpath: //a[(text() = '
							 
							Letter of acknowledgement.pdf
						' or . = '
							 
							Letter of acknowledgement.pdf
						')]' not found)
[[ATTACHMENT|C:\\Users\\LENOVO\\Katalon Studio\\Perkeso Phase A\\Reports\\Workflow\\Form 3 EIS - Cessation as Employer\\20181020_165129\\1540050221098.png]]

2018-10-20 23:43:41 - [MESSAGE][FAILED] - Unable to call Test Case with id 'Test Cases/Final Aug 2018 - PKS Automation/Registration Module/Workflow/Form 3 EIS - Cessation As Employer/Template/Form 3 A - Cessation As Employer (OTC)' (Root cause: Call Test Case 'Test Cases/Final Aug 2018 - PKS Automation/Registration Module/Workflow/Form 3 EIS - Cessation As Employer/Template/Form 3 A - Cessation As Employer (OTC)' failed)]]></system-out>
         <system-err><![CDATA[2018-10-20 23:39:58 - [TEST_CASE][FAILED] - Test Cases/Final Aug 2018 - PKS Automation/Registration Module/Workflow/Form 3 EIS - Cessation As Employer/Employer to UO (Under enforcement): Test Cases/Final Aug 2018 - PKS Automation/Registration Module/Workflow/Form 3 EIS - Cessation As Employer/Employer to UO (Under enforcement) FAILED because (of) (Stack trace: com.kms.katalon.core.exception.StepFailedException: Unable to click on object 'Object Repository/Final Object Repo/Page_Form 3 EIS - Cessation as Employer/Document Type' (Root cause: org.openqa.selenium.WebDriverException: unknown error: Element <span class="select2-selection select2-selection--single" role="combobox" aria-haspopup="true" aria-expanded="false" tabindex="0" aria-labelledby="select2-_searchforemployersip_WAR_registrationportlet_objdocTypeId-container">...</span> is not clickable at point (368, 205). Other element would receive the click: <div class="blockUI blockOverlay" style="z-index: 2000; border: none; margin: 0px; padding: 0px; width: 100%; height: 100%; top: 0px; left: 0px; background-color: rgb(0, 0, 0); opacity: 0.000591981; cursor: default; position: fixed;"></div>
  (Session info: chrome=69.0.3497.100)
  (Driver info: chromedriver=2.35.528161 (5b82f2d2aae0ca24b877009200ced9065a772e73),platform=Windows NT 6.1.7601 SP1 x86_64) (WARNING: The server did not provide any stacktrace information)
Command duration or timeout: 0 milliseconds
Build info: version: '3.7.1', revision: '8a0099a', time: '2017-11-06T21:07:36.161Z'
System info: host: 'WEIZHENG', ip: '192.168.137.1', os.name: 'Windows 7', os.arch: 'amd64', os.version: '6.1', java.version: '1.8.0_181'
Driver info: com.kms.katalon.selenium.driver.CChromeDriver
Capabilities {acceptInsecureCerts: false, acceptSslCerts: false, applicationCacheEnabled: false, browserConnectionEnabled: false, browserName: chrome, chrome: {chromedriverVersion: 2.35.528161 (5b82f2d2aae0ca..., userDataDir: C:\Users\WEIZHE~1\AppData\L...}, cssSelectorsEnabled: true, databaseEnabled: false, handlesAlerts: true, hasTouchScreen: false, javascriptEnabled: true, locationContextEnabled: true, mobileEmulationEnabled: false, nativeEvents: true, networkConnectionEnabled: false, pageLoadStrategy: normal, platform: XP, platformName: XP, rotatable: false, setWindowRect: true, takesHeapSnapshot: true, takesScreenshot: true, unexpectedAlertBehaviour: , unhandledPromptBehavior: , version: 69.0.3497.100, webStorageEnabled: true}
Session ID: 9dbfaaccfac8b2748338af5a89241398)
	at com.kms.katalon.core.keyword.internal.KeywordMain.stepFailed(KeywordMain.groovy:32)
	at com.kms.katalon.core.webui.keyword.internal.WebUIKeywordMain.stepFailed(WebUIKeywordMain.groovy:65)
	at com.kms.katalon.core.webui.keyword.internal.WebUIKeywordMain.runKeyword(WebUIKeywordMain.groovy:27)
	at com.kms.katalon.core.webui.keyword.builtin.ClickKeyword.click(ClickKeyword.groovy:86)
	at com.kms.katalon.core.webui.keyword.builtin.ClickKeyword.execute(ClickKeyword.groovy:67)
	at com.kms.katalon.core.keyword.internal.KeywordExecutor.executeKeywordForPlatform(KeywordExecutor.groovy:53)
	at com.kms.katalon.core.webui.keyword.WebUiBuiltInKeywords.click(WebUiBuiltInKeywords.groovy:616)
	at com.kms.katalon.core.webui.keyword.WebUiBuiltInKeywords$click$2.call(Unknown Source)
	at Script1536203520626.run(Script1536203520626.groovy:119)
	at com.kms.katalon.core.main.ScriptEngine.run(ScriptEngine.java:183)
	at com.kms.katalon.core.main.ScriptEngine.runScriptAsRawText(ScriptEngine.java:108)
	at com.kms.katalon.core.main.TestCaseExecutor.runScript(TestCaseExecutor.java:294)
	at com.kms.katalon.core.main.TestCaseExecutor.doExecute(TestCaseExecutor.java:285)
	at com.kms.katalon.core.main.TestCaseExecutor.processExecutionPhase(TestCaseExecutor.java:264)
	at com.kms.katalon.core.main.TestCaseExecutor.accessMainPhase(TestCaseExecutor.java:256)
	at com.kms.katalon.core.main.TestCaseExecutor.execute(TestCaseExecutor.java:200)
	at com.kms.katalon.core.main.TestCaseMain.runTestCase(TestCaseMain.java:99)
	at com.kms.katalon.core.keyword.builtin.CallTestCaseKeyword$_callTestCase_closure1.doCall(CallTestCaseKeyword.groovy:60)
	at com.kms.katalon.core.keyword.builtin.CallTestCaseKeyword$_callTestCase_closure1.call(CallTestCaseKeyword.groovy)
	at com.kms.katalon.core.keyword.internal.KeywordMain.runKeyword(KeywordMain.groovy:54)
	at com.kms.katalon.core.keyword.builtin.CallTestCaseKeyword.callTestCase(CallTestCaseKeyword.groovy:81)
	at com.kms.katalon.core.keyword.builtin.CallTestCaseKeyword.execute(CallTestCaseKeyword.groovy:45)
	at com.kms.katalon.core.keyword.internal.KeywordExecutor.executeKeywordForPlatform(KeywordExecutor.groovy:53)
	at com.kms.katalon.core.keyword.BuiltinKeywords.callTestCase(BuiltinKeywords.groovy:334)
	at sun.reflect.GeneratedMethodAccessor13.invoke(Unknown Source)
	at sun.reflect.DelegatingMethodAccessorImpl.invoke(DelegatingMethodAccessorImpl.java:43)
	at java.lang.reflect.Method.invoke(Method.java:498)
	at org.codehaus.groovy.reflection.CachedMethod.invoke(CachedMethod.java:93)
	at groovy.lang.MetaMethod.doMethodInvoke(MetaMethod.java:325)
	at groovy.lang.MetaClassImpl.invokeStaticMethod(MetaClassImpl.java:1469)
	at org.codehaus.groovy.runtime.callsite.StaticMetaClassSite.call(StaticMetaClassSite.java:53)
	at org.codehaus.groovy.runtime.callsite.CallSiteArray.defaultCall(CallSiteArray.java:48)
	at org.codehaus.groovy.runtime.callsite.AbstractCallSite.call(AbstractCallSite.java:113)
	at org.codehaus.groovy.runtime.callsite.AbstractCallSite.call(AbstractCallSite.java:141)
	at Script1536733775156.run(Script1536733775156.groovy:22)
	at com.kms.katalon.core.main.ScriptEngine.run(ScriptEngine.java:183)
	at com.kms.katalon.core.main.ScriptEngine.runScriptAsRawText(ScriptEngine.java:108)
	at com.kms.katalon.core.main.TestCaseExecutor.runScript(TestCaseExecutor.java:294)
	at com.kms.katalon.core.main.TestCaseExecutor.doExecute(TestCaseExecutor.java:285)
	at com.kms.katalon.core.main.TestCaseExecutor.processExecutionPhase(TestCaseExecutor.java:264)
	at com.kms.katalon.core.main.TestCaseExecutor.accessMainPhase(TestCaseExecutor.java:256)
	at com.kms.katalon.core.main.TestCaseExecutor.execute(TestCaseExecutor.java:200)
	at com.kms.katalon.core.main.TestSuiteExecutor.accessTestCaseMainPhase(TestSuiteExecutor.java:129)
	at com.kms.katalon.core.main.TestSuiteExecutor.accessTestSuiteMainPhase(TestSuiteExecutor.java:112)
	at com.kms.katalon.core.main.TestSuiteExecutor.execute(TestSuiteExecutor.java:81)
	at com.kms.katalon.core.main.TestCaseMain.startTestSuite(TestCaseMain.java:142)
	at com.kms.katalon.core.main.TestCaseMain$startTestSuite$0.call(Unknown Source)
	at org.codehaus.groovy.runtime.callsite.CallSiteArray.defaultCall(CallSiteArray.java:48)
	at org.codehaus.groovy.runtime.callsite.AbstractCallSite.call(AbstractCallSite.java:113)
	at org.codehaus.groovy.runtime.callsite.AbstractCallSite.call(AbstractCallSite.java:141)
	at TempTestSuite1540025489648.run(TempTestSuite1540025489648.groovy:36)
	at groovy.lang.GroovyShell.runScriptOrMainOrTestOrRunnable(GroovyShell.java:263)
	at groovy.lang.GroovyShell.run(GroovyShell.java:518)
	at groovy.lang.GroovyShell.run(GroovyShell.java:507)
	at groovy.ui.GroovyMain.processOnce(GroovyMain.java:653)
	at groovy.ui.GroovyMain.run(GroovyMain.java:384)
	at groovy.ui.GroovyMain.process(GroovyMain.java:370)
	at groovy.ui.GroovyMain.processArgs(GroovyMain.java:129)
	at groovy.ui.GroovyMain.main(GroovyMain.java:109)
	at sun.reflect.NativeMethodAccessorImpl.invoke0(Native Method)
	at sun.reflect.NativeMethodAccessorImpl.invoke(NativeMethodAccessorImpl.java:62)
	at sun.reflect.DelegatingMethodAccessorImpl.invoke(DelegatingMethodAccessorImpl.java:43)
	at java.lang.reflect.Method.invoke(Method.java:498)
	at org.codehaus.groovy.tools.GroovyStarter.rootLoader(GroovyStarter.java:109)
	at org.codehaus.groovy.tools.GroovyStarter.main(GroovyStarter.java:131)
)]]></system-err>
      </testcase>
      <testcase name="Test Cases/Final Aug 2018 - PKS Automation/Registration Module/Workflow/Form 3 EIS - Cessation As Employer/OTC to UO (Approve)" classname="Test Cases/Final Aug 2018 - PKS Automation/Registration Module/Workflow/Form 3 EIS - Cessation As Employer/OTC to UO (Approve)" status="FAILED">
         <failure type="FAILED" message="(Stack trace: com.kms.katalon.core.exception.StepFailedException: Unable to click on object 'Object Repository/Final Object Repo/Landing Page/Select to English' (Root cause: com.kms.katalon.core.webui.exception.WebElementNotFoundException: Web element with id: 'Object Repository/Final Object Repo/Landing Page/Select to English' located by 'By.xpath: //a[@class = 'taglib-language-list-text' and @lang = 'en-US' and (contains(text(), 'EN') or contains(., 'EN'))]' not found)
	at com.kms.katalon.core.keyword.internal.KeywordMain.stepFailed(KeywordMain.groovy:32)
	at com.kms.katalon.core.webui.keyword.internal.WebUIKeywordMain.stepFailed(WebUIKeywordMain.groovy:65)
	at com.kms.katalon.core.webui.keyword.internal.WebUIKeywordMain.runKeyword(WebUIKeywordMain.groovy:27)
	at com.kms.katalon.core.webui.keyword.builtin.ClickKeyword.click(ClickKeyword.groovy:86)
	at com.kms.katalon.core.webui.keyword.builtin.ClickKeyword.execute(ClickKeyword.groovy:67)
	at com.kms.katalon.core.keyword.internal.KeywordExecutor.executeKeywordForPlatform(KeywordExecutor.groovy:53)
	at com.kms.katalon.core.webui.keyword.WebUiBuiltInKeywords.click(WebUiBuiltInKeywords.groovy:604)
	at com.kms.katalon.core.webui.keyword.WebUiBuiltInKeywords$click$8.call(Unknown Source)
	at Script1534407542420.run(Script1534407542420.groovy:57)
	at com.kms.katalon.core.main.ScriptEngine.run(ScriptEngine.java:183)
	at com.kms.katalon.core.main.ScriptEngine.runScriptAsRawText(ScriptEngine.java:108)
	at com.kms.katalon.core.main.TestCaseExecutor.runScript(TestCaseExecutor.java:294)
	at com.kms.katalon.core.main.TestCaseExecutor.doExecute(TestCaseExecutor.java:285)
	at com.kms.katalon.core.main.TestCaseExecutor.processExecutionPhase(TestCaseExecutor.java:264)
	at com.kms.katalon.core.main.TestCaseExecutor.accessMainPhase(TestCaseExecutor.java:256)
	at com.kms.katalon.core.main.TestCaseExecutor.execute(TestCaseExecutor.java:200)
	at com.kms.katalon.core.main.TestCaseMain.runTestCase(TestCaseMain.java:99)
	at com.kms.katalon.core.keyword.builtin.CallTestCaseKeyword$_callTestCase_closure1.doCall(CallTestCaseKeyword.groovy:60)
	at com.kms.katalon.core.keyword.builtin.CallTestCaseKeyword$_callTestCase_closure1.call(CallTestCaseKeyword.groovy)
	at com.kms.katalon.core.keyword.internal.KeywordMain.runKeyword(KeywordMain.groovy:54)
	at com.kms.katalon.core.keyword.builtin.CallTestCaseKeyword.callTestCase(CallTestCaseKeyword.groovy:81)
	at com.kms.katalon.core.keyword.builtin.CallTestCaseKeyword.execute(CallTestCaseKeyword.groovy:45)
	at com.kms.katalon.core.keyword.internal.KeywordExecutor.executeKeywordForPlatform(KeywordExecutor.groovy:53)
	at com.kms.katalon.core.keyword.BuiltinKeywords.callTestCase(BuiltinKeywords.groovy:334)
	at sun.reflect.GeneratedMethodAccessor13.invoke(Unknown Source)
	at sun.reflect.DelegatingMethodAccessorImpl.invoke(DelegatingMethodAccessorImpl.java:43)
	at java.lang.reflect.Method.invoke(Method.java:498)
	at org.codehaus.groovy.reflection.CachedMethod.invoke(CachedMethod.java:93)
	at groovy.lang.MetaMethod.doMethodInvoke(MetaMethod.java:325)
	at groovy.lang.MetaClassImpl.invokeStaticMethod(MetaClassImpl.java:1469)
	at org.codehaus.groovy.runtime.callsite.StaticMetaClassSite.call(StaticMetaClassSite.java:53)
	at org.codehaus.groovy.runtime.callsite.CallSiteArray.defaultCall(CallSiteArray.java:48)
	at org.codehaus.groovy.runtime.callsite.AbstractCallSite.call(AbstractCallSite.java:113)
	at org.codehaus.groovy.runtime.callsite.AbstractCallSite.call(AbstractCallSite.java:141)
	at Script1536043843412.run(Script1536043843412.groovy:34)
	at com.kms.katalon.core.main.ScriptEngine.run(ScriptEngine.java:183)
	at com.kms.katalon.core.main.ScriptEngine.runScriptAsRawText(ScriptEngine.java:108)
	at com.kms.katalon.core.main.TestCaseExecutor.runScript(TestCaseExecutor.java:294)
	at com.kms.katalon.core.main.TestCaseExecutor.doExecute(TestCaseExecutor.java:285)
	at com.kms.katalon.core.main.TestCaseExecutor.processExecutionPhase(TestCaseExecutor.java:264)
	at com.kms.katalon.core.main.TestCaseExecutor.accessMainPhase(TestCaseExecutor.java:256)
	at com.kms.katalon.core.main.TestCaseExecutor.execute(TestCaseExecutor.java:200)
	at com.kms.katalon.core.main.TestCaseMain.runTestCase(TestCaseMain.java:99)
	at com.kms.katalon.core.keyword.builtin.CallTestCaseKeyword$_callTestCase_closure1.doCall(CallTestCaseKeyword.groovy:60)
	at com.kms.katalon.core.keyword.builtin.CallTestCaseKeyword$_callTestCase_closure1.call(CallTestCaseKeyword.groovy)
	at com.kms.katalon.core.keyword.internal.KeywordMain.runKeyword(KeywordMain.groovy:54)
	at com.kms.katalon.core.keyword.builtin.CallTestCaseKeyword.callTestCase(CallTestCaseKeyword.groovy:81)
	at com.kms.katalon.core.keyword.builtin.CallTestCaseKeyword.execute(CallTestCaseKeyword.groovy:45)
	at com.kms.katalon.core.keyword.internal.KeywordExecutor.executeKeywordForPlatform(KeywordExecutor.groovy:53)
	at com.kms.katalon.core.keyword.BuiltinKeywords.callTestCase(BuiltinKeywords.groovy:334)
	at sun.reflect.GeneratedMethodAccessor13.invoke(Unknown Source)
	at sun.reflect.DelegatingMethodAccessorImpl.invoke(DelegatingMethodAccessorImpl.java:43)
	at java.lang.reflect.Method.invoke(Method.java:498)
	at org.codehaus.groovy.reflection.CachedMethod.invoke(CachedMethod.java:93)
	at groovy.lang.MetaMethod.doMethodInvoke(MetaMethod.java:325)
	at groovy.lang.MetaClassImpl.invokeStaticMethod(MetaClassImpl.java:1469)
	at org.codehaus.groovy.runtime.callsite.StaticMetaClassSite.call(StaticMetaClassSite.java:53)
	at org.codehaus.groovy.runtime.callsite.CallSiteArray.defaultCall(CallSiteArray.java:48)
	at org.codehaus.groovy.runtime.callsite.AbstractCallSite.call(AbstractCallSite.java:113)
	at org.codehaus.groovy.runtime.callsite.AbstractCallSite.call(AbstractCallSite.java:141)
	at Script1536203236794.run(Script1536203236794.groovy:25)
	at com.kms.katalon.core.main.ScriptEngine.run(ScriptEngine.java:183)
	at com.kms.katalon.core.main.ScriptEngine.runScriptAsRawText(ScriptEngine.java:108)
	at com.kms.katalon.core.main.TestCaseExecutor.runScript(TestCaseExecutor.java:294)
	at com.kms.katalon.core.main.TestCaseExecutor.doExecute(TestCaseExecutor.java:285)
	at com.kms.katalon.core.main.TestCaseExecutor.processExecutionPhase(TestCaseExecutor.java:264)
	at com.kms.katalon.core.main.TestCaseExecutor.accessMainPhase(TestCaseExecutor.java:256)
	at com.kms.katalon.core.main.TestCaseExecutor.execute(TestCaseExecutor.java:200)
	at com.kms.katalon.core.main.TestSuiteExecutor.accessTestCaseMainPhase(TestSuiteExecutor.java:129)
	at com.kms.katalon.core.main.TestSuiteExecutor.accessTestSuiteMainPhase(TestSuiteExecutor.java:112)
	at com.kms.katalon.core.main.TestSuiteExecutor.execute(TestSuiteExecutor.java:81)
	at com.kms.katalon.core.main.TestCaseMain.startTestSuite(TestCaseMain.java:142)
	at com.kms.katalon.core.main.TestCaseMain$startTestSuite$0.call(Unknown Source)
	at org.codehaus.groovy.runtime.callsite.CallSiteArray.defaultCall(CallSiteArray.java:48)
	at org.codehaus.groovy.runtime.callsite.AbstractCallSite.call(AbstractCallSite.java:113)
	at org.codehaus.groovy.runtime.callsite.AbstractCallSite.call(AbstractCallSite.java:141)
	at TempTestSuite1540025489648.run(TempTestSuite1540025489648.groovy:36)
	at groovy.lang.GroovyShell.runScriptOrMainOrTestOrRunnable(GroovyShell.java:263)
	at groovy.lang.GroovyShell.run(GroovyShell.java:518)
	at groovy.lang.GroovyShell.run(GroovyShell.java:507)
	at groovy.ui.GroovyMain.processOnce(GroovyMain.java:653)
	at groovy.ui.GroovyMain.run(GroovyMain.java:384)
	at groovy.ui.GroovyMain.process(GroovyMain.java:370)
	at groovy.ui.GroovyMain.processArgs(GroovyMain.java:129)
	at groovy.ui.GroovyMain.main(GroovyMain.java:109)
	at sun.reflect.NativeMethodAccessorImpl.invoke0(Native Method)
	at sun.reflect.NativeMethodAccessorImpl.invoke(NativeMethodAccessorImpl.java:62)
	at sun.reflect.DelegatingMethodAccessorImpl.invoke(DelegatingMethodAccessorImpl.java:43)
	at java.lang.reflect.Method.invoke(Method.java:498)
	at org.codehaus.groovy.tools.GroovyStarter.rootLoader(GroovyStarter.java:109)
	at org.codehaus.groovy.tools.GroovyStarter.main(GroovyStarter.java:131)
)"/>
         <system-out><![CDATA[2018-10-20 23:43:41 - [TEST_CASE][FAILED] - Test Cases/Final Aug 2018 - PKS Automation/Registration Module/Workflow/Form 3 EIS - Cessation As Employer/OTC to UO (Approve): Test Cases/Final Aug 2018 - PKS Automation/Registration Module/Workflow/Form 3 EIS - Cessation As Employer/OTC to UO (Approve) FAILED because (of) (Stack trace: com.kms.katalon.core.exception.StepFailedException: Unable to click on object 'Object Repository/Final Object Repo/Landing Page/Select to English' (Root cause: com.kms.katalon.core.webui.exception.WebElementNotFoundException: Web element with id: 'Object Repository/Final Object Repo/Landing Page/Select to English' located by 'By.xpath: //a[@class = 'taglib-language-list-text' and @lang = 'en-US' and (contains(text(), 'EN') or contains(., 'EN'))]' not found)
	at com.kms.katalon.core.keyword.internal.KeywordMain.stepFailed(KeywordMain.groovy:32)
	at com.kms.katalon.core.webui.keyword.internal.WebUIKeywordMain.stepFailed(WebUIKeywordMain.groovy:65)
	at com.kms.katalon.core.webui.keyword.internal.WebUIKeywordMain.runKeyword(WebUIKeywordMain.groovy:27)
	at com.kms.katalon.core.webui.keyword.builtin.ClickKeyword.click(ClickKeyword.groovy:86)
	at com.kms.katalon.core.webui.keyword.builtin.ClickKeyword.execute(ClickKeyword.groovy:67)
	at com.kms.katalon.core.keyword.internal.KeywordExecutor.executeKeywordForPlatform(KeywordExecutor.groovy:53)
	at com.kms.katalon.core.webui.keyword.WebUiBuiltInKeywords.click(WebUiBuiltInKeywords.groovy:604)
	at com.kms.katalon.core.webui.keyword.WebUiBuiltInKeywords$click$8.call(Unknown Source)
	at Script1534407542420.run(Script1534407542420.groovy:57)
	at com.kms.katalon.core.main.ScriptEngine.run(ScriptEngine.java:183)
	at com.kms.katalon.core.main.ScriptEngine.runScriptAsRawText(ScriptEngine.java:108)
	at com.kms.katalon.core.main.TestCaseExecutor.runScript(TestCaseExecutor.java:294)
	at com.kms.katalon.core.main.TestCaseExecutor.doExecute(TestCaseExecutor.java:285)
	at com.kms.katalon.core.main.TestCaseExecutor.processExecutionPhase(TestCaseExecutor.java:264)
	at com.kms.katalon.core.main.TestCaseExecutor.accessMainPhase(TestCaseExecutor.java:256)
	at com.kms.katalon.core.main.TestCaseExecutor.execute(TestCaseExecutor.java:200)
	at com.kms.katalon.core.main.TestCaseMain.runTestCase(TestCaseMain.java:99)
	at com.kms.katalon.core.keyword.builtin.CallTestCaseKeyword$_callTestCase_closure1.doCall(CallTestCaseKeyword.groovy:60)
	at com.kms.katalon.core.keyword.builtin.CallTestCaseKeyword$_callTestCase_closure1.call(CallTestCaseKeyword.groovy)
	at com.kms.katalon.core.keyword.internal.KeywordMain.runKeyword(KeywordMain.groovy:54)
	at com.kms.katalon.core.keyword.builtin.CallTestCaseKeyword.callTestCase(CallTestCaseKeyword.groovy:81)
	at com.kms.katalon.core.keyword.builtin.CallTestCaseKeyword.execute(CallTestCaseKeyword.groovy:45)
	at com.kms.katalon.core.keyword.internal.KeywordExecutor.executeKeywordForPlatform(KeywordExecutor.groovy:53)
	at com.kms.katalon.core.keyword.BuiltinKeywords.callTestCase(BuiltinKeywords.groovy:334)
	at sun.reflect.GeneratedMethodAccessor13.invoke(Unknown Source)
	at sun.reflect.DelegatingMethodAccessorImpl.invoke(DelegatingMethodAccessorImpl.java:43)
	at java.lang.reflect.Method.invoke(Method.java:498)
	at org.codehaus.groovy.reflection.CachedMethod.invoke(CachedMethod.java:93)
	at groovy.lang.MetaMethod.doMethodInvoke(MetaMethod.java:325)
	at groovy.lang.MetaClassImpl.invokeStaticMethod(MetaClassImpl.java:1469)
	at org.codehaus.groovy.runtime.callsite.StaticMetaClassSite.call(StaticMetaClassSite.java:53)
	at org.codehaus.groovy.runtime.callsite.CallSiteArray.defaultCall(CallSiteArray.java:48)
	at org.codehaus.groovy.runtime.callsite.AbstractCallSite.call(AbstractCallSite.java:113)
	at org.codehaus.groovy.runtime.callsite.AbstractCallSite.call(AbstractCallSite.java:141)
	at Script1536043843412.run(Script1536043843412.groovy:34)
	at com.kms.katalon.core.main.ScriptEngine.run(ScriptEngine.java:183)
	at com.kms.katalon.core.main.ScriptEngine.runScriptAsRawText(ScriptEngine.java:108)
	at com.kms.katalon.core.main.TestCaseExecutor.runScript(TestCaseExecutor.java:294)
	at com.kms.katalon.core.main.TestCaseExecutor.doExecute(TestCaseExecutor.java:285)
	at com.kms.katalon.core.main.TestCaseExecutor.processExecutionPhase(TestCaseExecutor.java:264)
	at com.kms.katalon.core.main.TestCaseExecutor.accessMainPhase(TestCaseExecutor.java:256)
	at com.kms.katalon.core.main.TestCaseExecutor.execute(TestCaseExecutor.java:200)
	at com.kms.katalon.core.main.TestCaseMain.runTestCase(TestCaseMain.java:99)
	at com.kms.katalon.core.keyword.builtin.CallTestCaseKeyword$_callTestCase_closure1.doCall(CallTestCaseKeyword.groovy:60)
	at com.kms.katalon.core.keyword.builtin.CallTestCaseKeyword$_callTestCase_closure1.call(CallTestCaseKeyword.groovy)
	at com.kms.katalon.core.keyword.internal.KeywordMain.runKeyword(KeywordMain.groovy:54)
	at com.kms.katalon.core.keyword.builtin.CallTestCaseKeyword.callTestCase(CallTestCaseKeyword.groovy:81)
	at com.kms.katalon.core.keyword.builtin.CallTestCaseKeyword.execute(CallTestCaseKeyword.groovy:45)
	at com.kms.katalon.core.keyword.internal.KeywordExecutor.executeKeywordForPlatform(KeywordExecutor.groovy:53)
	at com.kms.katalon.core.keyword.BuiltinKeywords.callTestCase(BuiltinKeywords.groovy:334)
	at sun.reflect.GeneratedMethodAccessor13.invoke(Unknown Source)
	at sun.reflect.DelegatingMethodAccessorImpl.invoke(DelegatingMethodAccessorImpl.java:43)
	at java.lang.reflect.Method.invoke(Method.java:498)
	at org.codehaus.groovy.reflection.CachedMethod.invoke(CachedMethod.java:93)
	at groovy.lang.MetaMethod.doMethodInvoke(MetaMethod.java:325)
	at groovy.lang.MetaClassImpl.invokeStaticMethod(MetaClassImpl.java:1469)
	at org.codehaus.groovy.runtime.callsite.StaticMetaClassSite.call(StaticMetaClassSite.java:53)
	at org.codehaus.groovy.runtime.callsite.CallSiteArray.defaultCall(CallSiteArray.java:48)
	at org.codehaus.groovy.runtime.callsite.AbstractCallSite.call(AbstractCallSite.java:113)
	at org.codehaus.groovy.runtime.callsite.AbstractCallSite.call(AbstractCallSite.java:141)
	at Script1536203236794.run(Script1536203236794.groovy:25)
	at com.kms.katalon.core.main.ScriptEngine.run(ScriptEngine.java:183)
	at com.kms.katalon.core.main.ScriptEngine.runScriptAsRawText(ScriptEngine.java:108)
	at com.kms.katalon.core.main.TestCaseExecutor.runScript(TestCaseExecutor.java:294)
	at com.kms.katalon.core.main.TestCaseExecutor.doExecute(TestCaseExecutor.java:285)
	at com.kms.katalon.core.main.TestCaseExecutor.processExecutionPhase(TestCaseExecutor.java:264)
	at com.kms.katalon.core.main.TestCaseExecutor.accessMainPhase(TestCaseExecutor.java:256)
	at com.kms.katalon.core.main.TestCaseExecutor.execute(TestCaseExecutor.java:200)
	at com.kms.katalon.core.main.TestSuiteExecutor.accessTestCaseMainPhase(TestSuiteExecutor.java:129)
	at com.kms.katalon.core.main.TestSuiteExecutor.accessTestSuiteMainPhase(TestSuiteExecutor.java:112)
	at com.kms.katalon.core.main.TestSuiteExecutor.execute(TestSuiteExecutor.java:81)
	at com.kms.katalon.core.main.TestCaseMain.startTestSuite(TestCaseMain.java:142)
	at com.kms.katalon.core.main.TestCaseMain$startTestSuite$0.call(Unknown Source)
	at org.codehaus.groovy.runtime.callsite.CallSiteArray.defaultCall(CallSiteArray.java:48)
	at org.codehaus.groovy.runtime.callsite.AbstractCallSite.call(AbstractCallSite.java:113)
	at org.codehaus.groovy.runtime.callsite.AbstractCallSite.call(AbstractCallSite.java:141)
	at TempTestSuite1540025489648.run(TempTestSuite1540025489648.groovy:36)
	at groovy.lang.GroovyShell.runScriptOrMainOrTestOrRunnable(GroovyShell.java:263)
	at groovy.lang.GroovyShell.run(GroovyShell.java:518)
	at groovy.lang.GroovyShell.run(GroovyShell.java:507)
	at groovy.ui.GroovyMain.processOnce(GroovyMain.java:653)
	at groovy.ui.GroovyMain.run(GroovyMain.java:384)
	at groovy.ui.GroovyMain.process(GroovyMain.java:370)
	at groovy.ui.GroovyMain.processArgs(GroovyMain.java:129)
	at groovy.ui.GroovyMain.main(GroovyMain.java:109)
	at sun.reflect.NativeMethodAccessorImpl.invoke0(Native Method)
	at sun.reflect.NativeMethodAccessorImpl.invoke(NativeMethodAccessorImpl.java:62)
	at sun.reflect.DelegatingMethodAccessorImpl.invoke(DelegatingMethodAccessorImpl.java:43)
	at java.lang.reflect.Method.invoke(Method.java:498)
	at org.codehaus.groovy.tools.GroovyStarter.rootLoader(GroovyStarter.java:109)
	at org.codehaus.groovy.tools.GroovyStarter.main(GroovyStarter.java:131)
)

2018-10-20 23:43:41 - [TEST_STEP][PASSED] - callTestCase: Call Test Case 'Test Cases/Final Aug 2018 - PKS Automation/Registration Module/Workflow/Form 3 EIS - Cessation As Employer/Template/Form 3 A - Cessation As Employer (OTC)' successfully

2018-10-20 23:43:41 - [TEST_CASE][PASSED] - Test Cases/Final Aug 2018 - PKS Automation/Registration Module/Workflow/Form 3 EIS - Cessation As Employer/Template/Form 3 A - Cessation As Employer (OTC): Test Cases/Final Aug 2018 - PKS Automation/Registration Module/Workflow/Form 3 EIS - Cessation As Employer/Template/Form 3 A - Cessation As Employer (OTC)

2018-10-20 23:43:41 - [TEST_STEP][PASSED] - openBrowser: Browser is opened with url: ''

2018-10-20 23:43:41 - [MESSAGE][WARNING] - A browser is already opened. Closing browser and opening a new one

2018-10-20 23:43:45 - [MESSAGE][PASSED] - Browser is opened with url: ''

2018-10-20 23:43:45 - [TEST_STEP][PASSED] - navigateToUrl: Navigate to 'https://assist2-uat.perkeso.gov.my/login' successfully

2018-10-20 23:43:47 - [MESSAGE][PASSED] - Navigate to 'https://assist2-uat.perkeso.gov.my/login' successfully

2018-10-20 23:43:47 - [TEST_STEP][PASSED] - setText: Text 'johorotc1@gmail.com' is set on object 'Object Repository/Final Object Repo/Login Page/Internal User/Email Address'

2018-10-20 23:43:47 - [MESSAGE][PASSED] - Text 'johorotc1@gmail.com' is set on object 'Object Repository/Final Object Repo/Login Page/Internal User/Email Address'

2018-10-20 23:43:47 - [TEST_STEP][PASSED] - click: Object: 'Object Repository/Final Object Repo/Login Page/Internal User/Next Button' is clicked on

2018-10-20 23:43:48 - [MESSAGE][PASSED] - Object: 'Object Repository/Final Object Repo/Login Page/Internal User/Next Button' is clicked on

2018-10-20 23:43:48 - [TEST_STEP][PASSED] - delay: Delayed 1 second(s)

2018-10-20 23:43:49 - [MESSAGE][PASSED] - Delayed 1 second(s)

2018-10-20 23:43:49 - [TEST_STEP][PASSED] - setEncryptedText: Text ****** has been set on object 'Object Repository/Final Object Repo/Login Page/Internal User/Password'

2018-10-20 23:43:49 - [MESSAGE][PASSED] - Text ****** has been set on object 'Object Repository/Final Object Repo/Login Page/Internal User/Password'

2018-10-20 23:43:49 - [TEST_STEP][PASSED] - click: Object: 'Object Repository/Final Object Repo/Login Page/Internal User/Login Button' is clicked on

2018-10-20 23:43:49 - [MESSAGE][PASSED] - Object: 'Object Repository/Final Object Repo/Login Page/Internal User/Login Button' is clicked on

2018-10-20 23:43:49 - [TEST_STEP][PASSED] - delay: Delayed 1 second(s)

2018-10-20 23:43:50 - [MESSAGE][PASSED] - Delayed 1 second(s)

2018-10-20 23:43:50 - [TEST_STEP][PASSED] - Statement - Try: Delayed 2 second(s)

2018-10-20 23:43:50 - [TEST_STEP][PASSED] - Statement - Checker = false: null

2018-10-20 23:43:50 - [TEST_STEP][PASSED] - Statement - Checker = com.kms.katalon.core.webui.keyword.WebUiBuiltInKeywords.verifyElementHasAttribute(com.kms.katalon.core.testobject.ObjectRepository.findTestObject(Final Object Repo/Landing Page/BM Detecting), "href", 20, OPTIONAL): Object 'Object Repository/Final Object Repo/Landing Page/BM Detecting' has attribute 'href'

2018-10-20 23:43:52 - [MESSAGE][PASSED] - Object 'Object Repository/Final Object Repo/Landing Page/BM Detecting' has attribute 'href'

2018-10-20 23:43:52 - [TEST_STEP][PASSED] - Statement - out.println(Checker): null

2018-10-20 23:43:52 - [TEST_STEP][PASSED] - Statement - If (Checker == false): null

2018-10-20 23:43:52 - [TEST_STEP][PASSED] - Statement - Else: null

2018-10-20 23:43:52 - [TEST_STEP][PASSED] - delay: Delayed 2 second(s)

2018-10-20 23:43:54 - [MESSAGE][PASSED] - Delayed 2 second(s)

2018-10-20 23:43:54 - [TEST_STEP][PASSED] - navigateToUrl: Navigate to 'https://assist2-uat.perkeso.gov.my/web/registration/eis-update/form-3-eis-cessation-as-employer' successfully

2018-10-20 23:43:55 - [MESSAGE][PASSED] - Navigate to 'https://assist2-uat.perkeso.gov.my/web/registration/eis-update/form-3-eis-cessation-as-employer' successfully

2018-10-20 23:43:55 - [TEST_STEP][PASSED] - delay: Delayed 1 second(s)

2018-10-20 23:43:56 - [MESSAGE][PASSED] - Delayed 1 second(s)

2018-10-20 23:43:56 - [TEST_STEP][PASSED] - setText: Text 'E1102069769W' is set on object 'Object Repository/Final Object Repo/Page_Form 3 EIS - Cessation as Employer/Employer Code'

2018-10-20 23:43:56 - [MESSAGE][PASSED] - Text 'E1102069769W' is set on object 'Object Repository/Final Object Repo/Page_Form 3 EIS - Cessation as Employer/Employer Code'

2018-10-20 23:43:56 - [TEST_STEP][PASSED] - click: Object: 'Object Repository/Final Object Repo/Page_Form 3 EIS - Cessation as Employer/Search' is clicked on

2018-10-20 23:43:56 - [MESSAGE][PASSED] - Object: 'Object Repository/Final Object Repo/Page_Form 3 EIS - Cessation as Employer/Search' is clicked on

2018-10-20 23:43:56 - [TEST_STEP][PASSED] - click: Object: 'Object Repository/Final Object Repo/Page_Form 3 EIS - Cessation as Employer/Edit' is clicked on

2018-10-20 23:43:58 - [MESSAGE][PASSED] - Object: 'Object Repository/Final Object Repo/Page_Form 3 EIS - Cessation as Employer/Edit' is clicked on

2018-10-20 23:43:58 - [TEST_STEP][PASSED] - delay: Delayed 1 second(s)

2018-10-20 23:43:59 - [MESSAGE][PASSED] - Delayed 1 second(s)

2018-10-20 23:43:59 - [TEST_STEP][PASSED] - Statement - abc = com.kms.katalon.core.webui.keyword.WebUiBuiltInKeywords.getAttribute(com.kms.katalon.core.testobject.ObjectRepository.findTestObject(Final Object Repo/Page_Form 3 EIS - Cessation as Employer/Employer Status), "value"): Attribute 'value' of object 'Object Repository/Final Object Repo/Page_Form 3 EIS - Cessation as Employer/Employer Status' is: 'Active'

2018-10-20 23:43:59 - [MESSAGE][PASSED] - Attribute 'value' of object 'Object Repository/Final Object Repo/Page_Form 3 EIS - Cessation as Employer/Employer Status' is: 'Active'

2018-10-20 23:43:59 - [TEST_STEP][PASSED] - Statement - out.println(abc): null

2018-10-20 23:43:59 - [TEST_STEP][PASSED] - Statement - If (abc == "Active"): Object: 'Object Repository/Final Object Repo/Page_Form 3 EIS - Cessation as Employer/Dormant EIS' is clicked on

2018-10-20 23:43:59 - [TEST_STEP][PASSED] - click: Object: 'Object Repository/Final Object Repo/Page_Form 3 EIS - Cessation as Employer/Change Employer Status to' is clicked on

2018-10-20 23:43:59 - [MESSAGE][PASSED] - Object: 'Object Repository/Final Object Repo/Page_Form 3 EIS - Cessation as Employer/Change Employer Status to' is clicked on

2018-10-20 23:43:59 - [TEST_STEP][PASSED] - click: Object: 'Object Repository/Final Object Repo/Page_Form 3 EIS - Cessation as Employer/Dormant EIS' is clicked on

2018-10-20 23:43:59 - [MESSAGE][PASSED] - Object: 'Object Repository/Final Object Repo/Page_Form 3 EIS - Cessation as Employer/Dormant EIS' is clicked on

2018-10-20 23:43:59 - [TEST_STEP][PASSED] - click: Object: 'Object Repository/Final Object Repo/Page_Form 3 EIS - Cessation as Employer/Calender' is clicked on

2018-10-20 23:43:59 - [MESSAGE][PASSED] - Object: 'Object Repository/Final Object Repo/Page_Form 3 EIS - Cessation as Employer/Calender' is clicked on

2018-10-20 23:43:59 - [TEST_STEP][PASSED] - delay: Delayed 1 second(s)

2018-10-20 23:44:00 - [MESSAGE][PASSED] - Delayed 1 second(s)

2018-10-20 23:44:00 - [TEST_STEP][PASSED] - click: Object: 'Object Repository/Final Object Repo/Page_Form 3 EIS - Cessation as Employer/Calender - Date' is clicked on

2018-10-20 23:44:01 - [MESSAGE][PASSED] - Object: 'Object Repository/Final Object Repo/Page_Form 3 EIS - Cessation as Employer/Calender - Date' is clicked on

2018-10-20 23:44:01 - [TEST_STEP][PASSED] - click: Object: 'Object Repository/Final Object Repo/Page_Form 3 EIS - Cessation as Employer/Save  Continue in Form 3 EIS Page' is clicked on

2018-10-20 23:44:01 - [MESSAGE][PASSED] - Object: 'Object Repository/Final Object Repo/Page_Form 3 EIS - Cessation as Employer/Save  Continue in Form 3 EIS Page' is clicked on

2018-10-20 23:44:01 - [TEST_STEP][PASSED] - delay: Delayed 1 second(s)

2018-10-20 23:44:02 - [MESSAGE][PASSED] - Delayed 1 second(s)

2018-10-20 23:44:02 - [TEST_STEP][PASSED] - click: Object: 'Object Repository/Final Object Repo/Page_Form 3 EIS - Cessation as Employer/Employment Resign Date' is clicked on

2018-10-20 23:44:02 - [MESSAGE][PASSED] - Object: 'Object Repository/Final Object Repo/Page_Form 3 EIS - Cessation as Employer/Employment Resign Date' is clicked on

2018-10-20 23:44:02 - [TEST_STEP][PASSED] - selectOptionByValue: All options with value '2018' are selected in object 'Object Repository/Final Object Repo/Page_Form 3 EIS - Cessation as Employer/Employment Resign Date - Year' 

2018-10-20 23:44:03 - [MESSAGE][PASSED] - All options with value '2018' are selected in object 'Object Repository/Final Object Repo/Page_Form 3 EIS - Cessation as Employer/Employment Resign Date - Year' 

2018-10-20 23:44:03 - [TEST_STEP][PASSED] - delay: Delayed 2 second(s)

2018-10-20 23:44:05 - [MESSAGE][PASSED] - Delayed 2 second(s)

2018-10-20 23:44:05 - [TEST_STEP][PASSED] - click: Object: 'Object Repository/Final Object Repo/Page_Form 3 EIS - Cessation as Employer/Employment Resign Date - Year - Date' is clicked on

2018-10-20 23:44:05 - [MESSAGE][PASSED] - Object: 'Object Repository/Final Object Repo/Page_Form 3 EIS - Cessation as Employer/Employment Resign Date - Year - Date' is clicked on

2018-10-20 23:44:05 - [TEST_STEP][PASSED] - delay: Delayed 2 second(s)

2018-10-20 23:44:07 - [MESSAGE][PASSED] - Delayed 2 second(s)

2018-10-20 23:44:07 - [TEST_STEP][PASSED] - click: Object: 'Object Repository/Final Object Repo/Page_Form 3 EIS - Cessation as Employer/Save  Continue in Employment Resign Page' is clicked on

2018-10-20 23:44:07 - [MESSAGE][PASSED] - Object: 'Object Repository/Final Object Repo/Page_Form 3 EIS - Cessation as Employer/Save  Continue in Employment Resign Page' is clicked on

2018-10-20 23:44:07 - [TEST_STEP][PASSED] - delay: Delayed 2 second(s)

2018-10-20 23:44:09 - [MESSAGE][PASSED] - Delayed 2 second(s)

2018-10-20 23:44:09 - [TEST_STEP][PASSED] - click: Object: 'Object Repository/Final Object Repo/Page_Form 3 EIS - Cessation as Employer/Add Document' is clicked on

2018-10-20 23:44:11 - [MESSAGE][PASSED] - Object: 'Object Repository/Final Object Repo/Page_Form 3 EIS - Cessation as Employer/Add Document' is clicked on

2018-10-20 23:44:11 - [TEST_STEP][PASSED] - delay: Delayed 3 second(s)

2018-10-20 23:44:14 - [MESSAGE][PASSED] - Delayed 3 second(s)

2018-10-20 23:44:14 - [TEST_STEP][PASSED] - click: Object: 'Object Repository/Final Object Repo/Page_Form 3 EIS - Cessation as Employer/Document Type' is clicked on

2018-10-20 23:44:14 - [MESSAGE][PASSED] - Object: 'Object Repository/Final Object Repo/Page_Form 3 EIS - Cessation as Employer/Document Type' is clicked on

2018-10-20 23:44:14 - [TEST_STEP][PASSED] - click: Object: 'Object Repository/Final Object Repo/Page_Form 3 EIS - Cessation as Employer/Document Type - Form 3' is clicked on

2018-10-20 23:44:14 - [MESSAGE][PASSED] - Object: 'Object Repository/Final Object Repo/Page_Form 3 EIS - Cessation as Employer/Document Type - Form 3' is clicked on

2018-10-20 23:44:14 - [TEST_STEP][PASSED] - delay: Delayed 2 second(s)

2018-10-20 23:44:16 - [MESSAGE][PASSED] - Delayed 2 second(s)

2018-10-20 23:44:16 - [TEST_STEP][PASSED] - sendKeys: Keys 'C:\Users\Public\Pictures\Sample Pictures\Act.jpg' sent to object: 'Object Repository/Final Object Repo/Page_Form 3 EIS - Cessation as Employer/ploading File'

2018-10-20 23:44:16 - [MESSAGE][PASSED] - Keys 'C:\Users\Public\Pictures\Sample Pictures\Act.jpg' sent to object: 'Object Repository/Final Object Repo/Page_Form 3 EIS - Cessation as Employer/ploading File'

2018-10-20 23:44:16 - [TEST_STEP][PASSED] - delay: Delayed 1 second(s)

2018-10-20 23:44:17 - [MESSAGE][PASSED] - Delayed 1 second(s)

2018-10-20 23:44:17 - [TEST_STEP][PASSED] - click: Object: 'Object Repository/Final Object Repo/Page_Form 3 EIS - Cessation as Employer/Add Document in Uploading Page' is clicked on

2018-10-20 23:44:17 - [MESSAGE][PASSED] - Object: 'Object Repository/Final Object Repo/Page_Form 3 EIS - Cessation as Employer/Add Document in Uploading Page' is clicked on

2018-10-20 23:44:17 - [TEST_STEP][PASSED] - delay: Delayed 2 second(s)

2018-10-20 23:44:19 - [MESSAGE][PASSED] - Delayed 2 second(s)

2018-10-20 23:44:19 - [TEST_STEP][PASSED] - Statement - CaseReferenceNo = com.kms.katalon.core.webui.keyword.WebUiBuiltInKeywords.getText(com.kms.katalon.core.testobject.ObjectRepository.findTestObject(Final Object Repo/Page_Update Employer Information/Reference Number in Update Employee Information Page)): Text of object 'Object Repository/Final Object Repo/Page_Update Employer Information/Reference Number in Update Employee Information Page' is: 'ERN102018C200002201'

2018-10-20 23:44:22 - [MESSAGE][PASSED] - Text of object 'Object Repository/Final Object Repo/Page_Update Employer Information/Reference Number in Update Employee Information Page' is: 'ERN102018C200002201'

2018-10-20 23:44:22 - [TEST_STEP][PASSED] - callTestCase: Call Test Case 'Test Cases/Final Aug 2018 - PKS Automation/Common/Reference Number Setter' successfully

2018-10-20 23:44:23 - [TEST_CASE][PASSED] - Test Cases/Final Aug 2018 - PKS Automation/Common/Reference Number Setter: Test Cases/Final Aug 2018 - PKS Automation/Common/Reference Number Setter

2018-10-20 23:44:23 - [TEST_STEP][PASSED] - Statement - RefNoOldFile = new java.io.File(C://KatalonReference.txt): null

2018-10-20 23:44:23 - [TEST_STEP][PASSED] - Statement - RefNoOldFile.delete(): null

2018-10-20 23:44:23 - [TEST_STEP][PASSED] - Statement - RefNo = new java.io.File(C://KatalonReference.txt): null

2018-10-20 23:44:23 - [TEST_STEP][PASSED] - Statement - RefNo.append(CaseReferenceNo): null

2018-10-20 23:44:23 - [TEST_STEP][PASSED] - Statement - out.println("


" + CaseReferenceNo + "


"): null

2018-10-20 23:44:23 - [MESSAGE][PASSED] - Call Test Case 'Test Cases/Final Aug 2018 - PKS Automation/Common/Reference Number Setter' successfully

2018-10-20 23:44:23 - [TEST_STEP][PASSED] - delay: Delayed 2 second(s)

2018-10-20 23:44:25 - [MESSAGE][PASSED] - Delayed 2 second(s)

2018-10-20 23:44:25 - [TEST_STEP][PASSED] - click: Object: 'Object Repository/Final Object Repo/Page_Form 3 EIS - Cessation as Employer/Save  Continue in Uploading Page' is clicked on

2018-10-20 23:44:25 - [MESSAGE][PASSED] - Object: 'Object Repository/Final Object Repo/Page_Form 3 EIS - Cessation as Employer/Save  Continue in Uploading Page' is clicked on

2018-10-20 23:44:25 - [TEST_STEP][PASSED] - delay: Delayed 2 second(s)

2018-10-20 23:44:27 - [MESSAGE][PASSED] - Delayed 2 second(s)

2018-10-20 23:44:27 - [TEST_STEP][PASSED] - click: Object: 'Object Repository/Final Object Repo/Page_Form 3 EIS - Cessation as Employer/Submit' is clicked on

2018-10-20 23:44:30 - [MESSAGE][PASSED] - Object: 'Object Repository/Final Object Repo/Page_Form 3 EIS - Cessation as Employer/Submit' is clicked on

2018-10-20 23:44:30 - [TEST_STEP][PASSED] - delay: Delayed 2 second(s)

2018-10-20 23:44:32 - [MESSAGE][PASSED] - Delayed 2 second(s)

2018-10-20 23:44:32 - [TEST_STEP][PASSED] - click: Object: 'Object Repository/Final Object Repo/Page_Form 3 EIS - Cessation as Employer/Confirm' is clicked on

2018-10-20 23:44:32 - [MESSAGE][PASSED] - Object: 'Object Repository/Final Object Repo/Page_Form 3 EIS - Cessation as Employer/Confirm' is clicked on

2018-10-20 23:44:32 - [TEST_STEP][PASSED] - delay: Delayed 2 second(s)

2018-10-20 23:44:34 - [MESSAGE][PASSED] - Delayed 2 second(s)

2018-10-20 23:44:34 - [TEST_STEP][PASSED] - click: Object: 'Object Repository/Final Object Repo/Page_Form 3 EIS - Cessation as Employer/Message Your Request will be routed to UO' is clicked on

2018-10-20 23:44:39 - [MESSAGE][PASSED] - Object: 'Object Repository/Final Object Repo/Page_Form 3 EIS - Cessation as Employer/Message Your Request will be routed to UO' is clicked on

2018-10-20 23:44:39 - [TEST_STEP][PASSED] - click: Object: 'Object Repository/Final Object Repo/Page_Form 3 EIS - Cessation as Employer/Letter of acknowledgement' is clicked on

2018-10-20 23:44:40 - [MESSAGE][PASSED] - Object: 'Object Repository/Final Object Repo/Page_Form 3 EIS - Cessation as Employer/Letter of acknowledgement' is clicked on

2018-10-20 23:44:40 - [MESSAGE][PASSED] - Call Test Case 'Test Cases/Final Aug 2018 - PKS Automation/Registration Module/Workflow/Form 3 EIS - Cessation As Employer/Template/Form 3 A - Cessation As Employer (OTC)' successfully

2018-10-20 23:44:40 - [TEST_STEP][FAILED] - callTestCase: Unable to call Test Case with id 'Test Cases/Final Aug 2018 - PKS Automation/Registration Module/Workflow/Form 3 EIS - Cessation As Employer/Template/Form 3 A - Cessation As Employer (Approve)' (Root cause: Call Test Case 'Test Cases/Final Aug 2018 - PKS Automation/Registration Module/Workflow/Form 3 EIS - Cessation As Employer/Template/Form 3 A - Cessation As Employer (Approve)' failed)

2018-10-20 23:44:40 - [TEST_CASE][FAILED] - Test Cases/Final Aug 2018 - PKS Automation/Registration Module/Workflow/Form 3 EIS - Cessation As Employer/Template/Form 3 A - Cessation As Employer (Approve): Test Cases/Final Aug 2018 - PKS Automation/Registration Module/Workflow/Form 3 EIS - Cessation As Employer/Template/Form 3 A - Cessation As Employer (Approve) FAILED because (of) (Stack trace: com.kms.katalon.core.exception.StepFailedException: Unable to click on object 'Object Repository/Final Object Repo/Landing Page/Select to English' (Root cause: com.kms.katalon.core.webui.exception.WebElementNotFoundException: Web element with id: 'Object Repository/Final Object Repo/Landing Page/Select to English' located by 'By.xpath: //a[@class = 'taglib-language-list-text' and @lang = 'en-US' and (contains(text(), 'EN') or contains(., 'EN'))]' not found)
	at com.kms.katalon.core.keyword.internal.KeywordMain.stepFailed(KeywordMain.groovy:32)
	at com.kms.katalon.core.webui.keyword.internal.WebUIKeywordMain.stepFailed(WebUIKeywordMain.groovy:65)
	at com.kms.katalon.core.webui.keyword.internal.WebUIKeywordMain.runKeyword(WebUIKeywordMain.groovy:27)
	at com.kms.katalon.core.webui.keyword.builtin.ClickKeyword.click(ClickKeyword.groovy:86)
	at com.kms.katalon.core.webui.keyword.builtin.ClickKeyword.execute(ClickKeyword.groovy:67)
	at com.kms.katalon.core.keyword.internal.KeywordExecutor.executeKeywordForPlatform(KeywordExecutor.groovy:53)
	at com.kms.katalon.core.webui.keyword.WebUiBuiltInKeywords.click(WebUiBuiltInKeywords.groovy:604)
	at com.kms.katalon.core.webui.keyword.WebUiBuiltInKeywords$click$8.call(Unknown Source)
	at Script1534407542420.run(Script1534407542420.groovy:57)
	at com.kms.katalon.core.main.ScriptEngine.run(ScriptEngine.java:183)
	at com.kms.katalon.core.main.ScriptEngine.runScriptAsRawText(ScriptEngine.java:108)
	at com.kms.katalon.core.main.TestCaseExecutor.runScript(TestCaseExecutor.java:294)
	at com.kms.katalon.core.main.TestCaseExecutor.doExecute(TestCaseExecutor.java:285)
	at com.kms.katalon.core.main.TestCaseExecutor.processExecutionPhase(TestCaseExecutor.java:264)
	at com.kms.katalon.core.main.TestCaseExecutor.accessMainPhase(TestCaseExecutor.java:256)
	at com.kms.katalon.core.main.TestCaseExecutor.execute(TestCaseExecutor.java:200)
	at com.kms.katalon.core.main.TestCaseMain.runTestCase(TestCaseMain.java:99)
	at com.kms.katalon.core.keyword.builtin.CallTestCaseKeyword$_callTestCase_closure1.doCall(CallTestCaseKeyword.groovy:60)
	at com.kms.katalon.core.keyword.builtin.CallTestCaseKeyword$_callTestCase_closure1.call(CallTestCaseKeyword.groovy)
	at com.kms.katalon.core.keyword.internal.KeywordMain.runKeyword(KeywordMain.groovy:54)
	at com.kms.katalon.core.keyword.builtin.CallTestCaseKeyword.callTestCase(CallTestCaseKeyword.groovy:81)
	at com.kms.katalon.core.keyword.builtin.CallTestCaseKeyword.execute(CallTestCaseKeyword.groovy:45)
	at com.kms.katalon.core.keyword.internal.KeywordExecutor.executeKeywordForPlatform(KeywordExecutor.groovy:53)
	at com.kms.katalon.core.keyword.BuiltinKeywords.callTestCase(BuiltinKeywords.groovy:334)
	at sun.reflect.GeneratedMethodAccessor13.invoke(Unknown Source)
	at sun.reflect.DelegatingMethodAccessorImpl.invoke(DelegatingMethodAccessorImpl.java:43)
	at java.lang.reflect.Method.invoke(Method.java:498)
	at org.codehaus.groovy.reflection.CachedMethod.invoke(CachedMethod.java:93)
	at groovy.lang.MetaMethod.doMethodInvoke(MetaMethod.java:325)
	at groovy.lang.MetaClassImpl.invokeStaticMethod(MetaClassImpl.java:1469)
	at org.codehaus.groovy.runtime.callsite.StaticMetaClassSite.call(StaticMetaClassSite.java:53)
	at org.codehaus.groovy.runtime.callsite.CallSiteArray.defaultCall(CallSiteArray.java:48)
	at org.codehaus.groovy.runtime.callsite.AbstractCallSite.call(AbstractCallSite.java:113)
	at org.codehaus.groovy.runtime.callsite.AbstractCallSite.call(AbstractCallSite.java:141)
	at Script1536043843412.run(Script1536043843412.groovy:34)
	at com.kms.katalon.core.main.ScriptEngine.run(ScriptEngine.java:183)
	at com.kms.katalon.core.main.ScriptEngine.runScriptAsRawText(ScriptEngine.java:108)
	at com.kms.katalon.core.main.TestCaseExecutor.runScript(TestCaseExecutor.java:294)
	at com.kms.katalon.core.main.TestCaseExecutor.doExecute(TestCaseExecutor.java:285)
	at com.kms.katalon.core.main.TestCaseExecutor.processExecutionPhase(TestCaseExecutor.java:264)
	at com.kms.katalon.core.main.TestCaseExecutor.accessMainPhase(TestCaseExecutor.java:256)
	at com.kms.katalon.core.main.TestCaseExecutor.execute(TestCaseExecutor.java:200)
	at com.kms.katalon.core.main.TestCaseMain.runTestCase(TestCaseMain.java:99)
	at com.kms.katalon.core.keyword.builtin.CallTestCaseKeyword$_callTestCase_closure1.doCall(CallTestCaseKeyword.groovy:60)
	at com.kms.katalon.core.keyword.builtin.CallTestCaseKeyword$_callTestCase_closure1.call(CallTestCaseKeyword.groovy)
	at com.kms.katalon.core.keyword.internal.KeywordMain.runKeyword(KeywordMain.groovy:54)
	at com.kms.katalon.core.keyword.builtin.CallTestCaseKeyword.callTestCase(CallTestCaseKeyword.groovy:81)
	at com.kms.katalon.core.keyword.builtin.CallTestCaseKeyword.execute(CallTestCaseKeyword.groovy:45)
	at com.kms.katalon.core.keyword.internal.KeywordExecutor.executeKeywordForPlatform(KeywordExecutor.groovy:53)
	at com.kms.katalon.core.keyword.BuiltinKeywords.callTestCase(BuiltinKeywords.groovy:334)
	at sun.reflect.GeneratedMethodAccessor13.invoke(Unknown Source)
	at sun.reflect.DelegatingMethodAccessorImpl.invoke(DelegatingMethodAccessorImpl.java:43)
	at java.lang.reflect.Method.invoke(Method.java:498)
	at org.codehaus.groovy.reflection.CachedMethod.invoke(CachedMethod.java:93)
	at groovy.lang.MetaMethod.doMethodInvoke(MetaMethod.java:325)
	at groovy.lang.MetaClassImpl.invokeStaticMethod(MetaClassImpl.java:1469)
	at org.codehaus.groovy.runtime.callsite.StaticMetaClassSite.call(StaticMetaClassSite.java:53)
	at org.codehaus.groovy.runtime.callsite.CallSiteArray.defaultCall(CallSiteArray.java:48)
	at org.codehaus.groovy.runtime.callsite.AbstractCallSite.call(AbstractCallSite.java:113)
	at org.codehaus.groovy.runtime.callsite.AbstractCallSite.call(AbstractCallSite.java:141)
	at Script1536203236794.run(Script1536203236794.groovy:25)
	at com.kms.katalon.core.main.ScriptEngine.run(ScriptEngine.java:183)
	at com.kms.katalon.core.main.ScriptEngine.runScriptAsRawText(ScriptEngine.java:108)
	at com.kms.katalon.core.main.TestCaseExecutor.runScript(TestCaseExecutor.java:294)
	at com.kms.katalon.core.main.TestCaseExecutor.doExecute(TestCaseExecutor.java:285)
	at com.kms.katalon.core.main.TestCaseExecutor.processExecutionPhase(TestCaseExecutor.java:264)
	at com.kms.katalon.core.main.TestCaseExecutor.accessMainPhase(TestCaseExecutor.java:256)
	at com.kms.katalon.core.main.TestCaseExecutor.execute(TestCaseExecutor.java:200)
	at com.kms.katalon.core.main.TestSuiteExecutor.accessTestCaseMainPhase(TestSuiteExecutor.java:129)
	at com.kms.katalon.core.main.TestSuiteExecutor.accessTestSuiteMainPhase(TestSuiteExecutor.java:112)
	at com.kms.katalon.core.main.TestSuiteExecutor.execute(TestSuiteExecutor.java:81)
	at com.kms.katalon.core.main.TestCaseMain.startTestSuite(TestCaseMain.java:142)
	at com.kms.katalon.core.main.TestCaseMain$startTestSuite$0.call(Unknown Source)
	at org.codehaus.groovy.runtime.callsite.CallSiteArray.defaultCall(CallSiteArray.java:48)
	at org.codehaus.groovy.runtime.callsite.AbstractCallSite.call(AbstractCallSite.java:113)
	at org.codehaus.groovy.runtime.callsite.AbstractCallSite.call(AbstractCallSite.java:141)
	at TempTestSuite1540025489648.run(TempTestSuite1540025489648.groovy:36)
	at groovy.lang.GroovyShell.runScriptOrMainOrTestOrRunnable(GroovyShell.java:263)
	at groovy.lang.GroovyShell.run(GroovyShell.java:518)
	at groovy.lang.GroovyShell.run(GroovyShell.java:507)
	at groovy.ui.GroovyMain.processOnce(GroovyMain.java:653)
	at groovy.ui.GroovyMain.run(GroovyMain.java:384)
	at groovy.ui.GroovyMain.process(GroovyMain.java:370)
	at groovy.ui.GroovyMain.processArgs(GroovyMain.java:129)
	at groovy.ui.GroovyMain.main(GroovyMain.java:109)
	at sun.reflect.NativeMethodAccessorImpl.invoke0(Native Method)
	at sun.reflect.NativeMethodAccessorImpl.invoke(NativeMethodAccessorImpl.java:62)
	at sun.reflect.DelegatingMethodAccessorImpl.invoke(DelegatingMethodAccessorImpl.java:43)
	at java.lang.reflect.Method.invoke(Method.java:498)
	at org.codehaus.groovy.tools.GroovyStarter.rootLoader(GroovyStarter.java:109)
	at org.codehaus.groovy.tools.GroovyStarter.main(GroovyStarter.java:131)
)

2018-10-20 23:44:40 - [TEST_STEP][NOT_RUN] - callTestCase: NOT_RUN: callTestCase

2018-10-20 23:44:40 - [MESSAGE][NOT_RUN] - NOT_RUN: callTestCase

2018-10-20 23:44:40 - [TEST_STEP][PASSED] - delay: Delayed 1 second(s)

2018-10-20 23:44:41 - [MESSAGE][PASSED] - Delayed 1 second(s)

2018-10-20 23:44:41 - [TEST_STEP][PASSED] - navigateToUrl: Navigate to 'https://assist2-uat.perkeso.gov.my/c/portal/logout' successfully

2018-10-20 23:44:42 - [MESSAGE][PASSED] - Navigate to 'https://assist2-uat.perkeso.gov.my/c/portal/logout' successfully

2018-10-20 23:44:42 - [TEST_STEP][PASSED] - delay: Delayed 1 second(s)

2018-10-20 23:44:43 - [MESSAGE][PASSED] - Delayed 1 second(s)

2018-10-20 23:44:43 - [TEST_STEP][PASSED] - callTestCase: Call Test Case 'Test Cases/Final Aug 2018 - PKS Automation/Common/Reference Number Getter' successfully

2018-10-20 23:44:43 - [TEST_CASE][PASSED] - Test Cases/Final Aug 2018 - PKS Automation/Common/Reference Number Getter: Test Cases/Final Aug 2018 - PKS Automation/Common/Reference Number Getter

2018-10-20 23:44:43 - [TEST_STEP][PASSED] - Statement - Try: null

2018-10-20 23:44:43 - [TEST_STEP][PASSED] - Statement - RefNo = new java.io.File(C://KatalonReference.txt): null

2018-10-20 23:44:43 - [TEST_STEP][PASSED] - Statement - bufferread = new java.io.BufferedReader(new java.io.FileReader(RefNo)): null

2018-10-20 23:44:43 - [TEST_STEP][PASSED] - Statement - readedVal = bufferread.readLine(): null

2018-10-20 23:44:43 - [TEST_STEP][PASSED] - Statement - out.println(CaseReferenceNo): null

2018-10-20 23:44:43 - [TEST_STEP][PASSED] - Statement - out.println(readedVal): null

2018-10-20 23:44:43 - [TEST_STEP][PASSED] - Statement - CaseReferenceNo = readedVal: null

2018-10-20 23:44:43 - [MESSAGE][PASSED] - Call Test Case 'Test Cases/Final Aug 2018 - PKS Automation/Common/Reference Number Getter' successfully

2018-10-20 23:44:43 - [TEST_STEP][FAILED] - callTestCase: Unable to call Test Case with id 'Test Cases/Final Aug 2018 - PKS Automation/Common/Workflow Owner Finder' (Root cause: Call Test Case 'Test Cases/Final Aug 2018 - PKS Automation/Common/Workflow Owner Finder' failed)

2018-10-20 23:44:43 - [TEST_CASE][FAILED] - Test Cases/Final Aug 2018 - PKS Automation/Common/Workflow Owner Finder: Test Cases/Final Aug 2018 - PKS Automation/Common/Workflow Owner Finder FAILED because (of) (Stack trace: com.kms.katalon.core.exception.StepFailedException: Unable to click on object 'Object Repository/Final Object Repo/Landing Page/Select to English' (Root cause: com.kms.katalon.core.webui.exception.WebElementNotFoundException: Web element with id: 'Object Repository/Final Object Repo/Landing Page/Select to English' located by 'By.xpath: //a[@class = 'taglib-language-list-text' and @lang = 'en-US' and (contains(text(), 'EN') or contains(., 'EN'))]' not found)
	at com.kms.katalon.core.keyword.internal.KeywordMain.stepFailed(KeywordMain.groovy:32)
	at com.kms.katalon.core.webui.keyword.internal.WebUIKeywordMain.stepFailed(WebUIKeywordMain.groovy:65)
	at com.kms.katalon.core.webui.keyword.internal.WebUIKeywordMain.runKeyword(WebUIKeywordMain.groovy:27)
	at com.kms.katalon.core.webui.keyword.builtin.ClickKeyword.click(ClickKeyword.groovy:86)
	at com.kms.katalon.core.webui.keyword.builtin.ClickKeyword.execute(ClickKeyword.groovy:67)
	at com.kms.katalon.core.keyword.internal.KeywordExecutor.executeKeywordForPlatform(KeywordExecutor.groovy:53)
	at com.kms.katalon.core.webui.keyword.WebUiBuiltInKeywords.click(WebUiBuiltInKeywords.groovy:604)
	at com.kms.katalon.core.webui.keyword.WebUiBuiltInKeywords$click$8.call(Unknown Source)
	at Script1534407542420.run(Script1534407542420.groovy:57)
	at com.kms.katalon.core.main.ScriptEngine.run(ScriptEngine.java:183)
	at com.kms.katalon.core.main.ScriptEngine.runScriptAsRawText(ScriptEngine.java:108)
	at com.kms.katalon.core.main.TestCaseExecutor.runScript(TestCaseExecutor.java:294)
	at com.kms.katalon.core.main.TestCaseExecutor.doExecute(TestCaseExecutor.java:285)
	at com.kms.katalon.core.main.TestCaseExecutor.processExecutionPhase(TestCaseExecutor.java:264)
	at com.kms.katalon.core.main.TestCaseExecutor.accessMainPhase(TestCaseExecutor.java:256)
	at com.kms.katalon.core.main.TestCaseExecutor.execute(TestCaseExecutor.java:200)
	at com.kms.katalon.core.main.TestCaseMain.runTestCase(TestCaseMain.java:99)
	at com.kms.katalon.core.keyword.builtin.CallTestCaseKeyword$_callTestCase_closure1.doCall(CallTestCaseKeyword.groovy:60)
	at com.kms.katalon.core.keyword.builtin.CallTestCaseKeyword$_callTestCase_closure1.call(CallTestCaseKeyword.groovy)
	at com.kms.katalon.core.keyword.internal.KeywordMain.runKeyword(KeywordMain.groovy:54)
	at com.kms.katalon.core.keyword.builtin.CallTestCaseKeyword.callTestCase(CallTestCaseKeyword.groovy:81)
	at com.kms.katalon.core.keyword.builtin.CallTestCaseKeyword.execute(CallTestCaseKeyword.groovy:45)
	at com.kms.katalon.core.keyword.internal.KeywordExecutor.executeKeywordForPlatform(KeywordExecutor.groovy:53)
	at com.kms.katalon.core.keyword.BuiltinKeywords.callTestCase(BuiltinKeywords.groovy:334)
	at sun.reflect.GeneratedMethodAccessor13.invoke(Unknown Source)
	at sun.reflect.DelegatingMethodAccessorImpl.invoke(DelegatingMethodAccessorImpl.java:43)
	at java.lang.reflect.Method.invoke(Method.java:498)
	at org.codehaus.groovy.reflection.CachedMethod.invoke(CachedMethod.java:93)
	at groovy.lang.MetaMethod.doMethodInvoke(MetaMethod.java:325)
	at groovy.lang.MetaClassImpl.invokeStaticMethod(MetaClassImpl.java:1469)
	at org.codehaus.groovy.runtime.callsite.StaticMetaClassSite.call(StaticMetaClassSite.java:53)
	at org.codehaus.groovy.runtime.callsite.CallSiteArray.defaultCall(CallSiteArray.java:48)
	at org.codehaus.groovy.runtime.callsite.AbstractCallSite.call(AbstractCallSite.java:113)
	at org.codehaus.groovy.runtime.callsite.AbstractCallSite.call(AbstractCallSite.java:141)
	at Script1536043843412.run(Script1536043843412.groovy:34)
	at com.kms.katalon.core.main.ScriptEngine.run(ScriptEngine.java:183)
	at com.kms.katalon.core.main.ScriptEngine.runScriptAsRawText(ScriptEngine.java:108)
	at com.kms.katalon.core.main.TestCaseExecutor.runScript(TestCaseExecutor.java:294)
	at com.kms.katalon.core.main.TestCaseExecutor.doExecute(TestCaseExecutor.java:285)
	at com.kms.katalon.core.main.TestCaseExecutor.processExecutionPhase(TestCaseExecutor.java:264)
	at com.kms.katalon.core.main.TestCaseExecutor.accessMainPhase(TestCaseExecutor.java:256)
	at com.kms.katalon.core.main.TestCaseExecutor.execute(TestCaseExecutor.java:200)
	at com.kms.katalon.core.main.TestCaseMain.runTestCase(TestCaseMain.java:99)
	at com.kms.katalon.core.keyword.builtin.CallTestCaseKeyword$_callTestCase_closure1.doCall(CallTestCaseKeyword.groovy:60)
	at com.kms.katalon.core.keyword.builtin.CallTestCaseKeyword$_callTestCase_closure1.call(CallTestCaseKeyword.groovy)
	at com.kms.katalon.core.keyword.internal.KeywordMain.runKeyword(KeywordMain.groovy:54)
	at com.kms.katalon.core.keyword.builtin.CallTestCaseKeyword.callTestCase(CallTestCaseKeyword.groovy:81)
	at com.kms.katalon.core.keyword.builtin.CallTestCaseKeyword.execute(CallTestCaseKeyword.groovy:45)
	at com.kms.katalon.core.keyword.internal.KeywordExecutor.executeKeywordForPlatform(KeywordExecutor.groovy:53)
	at com.kms.katalon.core.keyword.BuiltinKeywords.callTestCase(BuiltinKeywords.groovy:334)
	at sun.reflect.GeneratedMethodAccessor13.invoke(Unknown Source)
	at sun.reflect.DelegatingMethodAccessorImpl.invoke(DelegatingMethodAccessorImpl.java:43)
	at java.lang.reflect.Method.invoke(Method.java:498)
	at org.codehaus.groovy.reflection.CachedMethod.invoke(CachedMethod.java:93)
	at groovy.lang.MetaMethod.doMethodInvoke(MetaMethod.java:325)
	at groovy.lang.MetaClassImpl.invokeStaticMethod(MetaClassImpl.java:1469)
	at org.codehaus.groovy.runtime.callsite.StaticMetaClassSite.call(StaticMetaClassSite.java:53)
	at org.codehaus.groovy.runtime.callsite.CallSiteArray.defaultCall(CallSiteArray.java:48)
	at org.codehaus.groovy.runtime.callsite.AbstractCallSite.call(AbstractCallSite.java:113)
	at org.codehaus.groovy.runtime.callsite.AbstractCallSite.call(AbstractCallSite.java:141)
	at Script1536203236794.run(Script1536203236794.groovy:25)
	at com.kms.katalon.core.main.ScriptEngine.run(ScriptEngine.java:183)
	at com.kms.katalon.core.main.ScriptEngine.runScriptAsRawText(ScriptEngine.java:108)
	at com.kms.katalon.core.main.TestCaseExecutor.runScript(TestCaseExecutor.java:294)
	at com.kms.katalon.core.main.TestCaseExecutor.doExecute(TestCaseExecutor.java:285)
	at com.kms.katalon.core.main.TestCaseExecutor.processExecutionPhase(TestCaseExecutor.java:264)
	at com.kms.katalon.core.main.TestCaseExecutor.accessMainPhase(TestCaseExecutor.java:256)
	at com.kms.katalon.core.main.TestCaseExecutor.execute(TestCaseExecutor.java:200)
	at com.kms.katalon.core.main.TestSuiteExecutor.accessTestCaseMainPhase(TestSuiteExecutor.java:129)
	at com.kms.katalon.core.main.TestSuiteExecutor.accessTestSuiteMainPhase(TestSuiteExecutor.java:112)
	at com.kms.katalon.core.main.TestSuiteExecutor.execute(TestSuiteExecutor.java:81)
	at com.kms.katalon.core.main.TestCaseMain.startTestSuite(TestCaseMain.java:142)
	at com.kms.katalon.core.main.TestCaseMain$startTestSuite$0.call(Unknown Source)
	at org.codehaus.groovy.runtime.callsite.CallSiteArray.defaultCall(CallSiteArray.java:48)
	at org.codehaus.groovy.runtime.callsite.AbstractCallSite.call(AbstractCallSite.java:113)
	at org.codehaus.groovy.runtime.callsite.AbstractCallSite.call(AbstractCallSite.java:141)
	at TempTestSuite1540025489648.run(TempTestSuite1540025489648.groovy:36)
	at groovy.lang.GroovyShell.runScriptOrMainOrTestOrRunnable(GroovyShell.java:263)
	at groovy.lang.GroovyShell.run(GroovyShell.java:518)
	at groovy.lang.GroovyShell.run(GroovyShell.java:507)
	at groovy.ui.GroovyMain.processOnce(GroovyMain.java:653)
	at groovy.ui.GroovyMain.run(GroovyMain.java:384)
	at groovy.ui.GroovyMain.process(GroovyMain.java:370)
	at groovy.ui.GroovyMain.processArgs(GroovyMain.java:129)
	at groovy.ui.GroovyMain.main(GroovyMain.java:109)
	at sun.reflect.NativeMethodAccessorImpl.invoke0(Native Method)
	at sun.reflect.NativeMethodAccessorImpl.invoke(NativeMethodAccessorImpl.java:62)
	at sun.reflect.DelegatingMethodAccessorImpl.invoke(DelegatingMethodAccessorImpl.java:43)
	at java.lang.reflect.Method.invoke(Method.java:498)
	at org.codehaus.groovy.tools.GroovyStarter.rootLoader(GroovyStarter.java:109)
	at org.codehaus.groovy.tools.GroovyStarter.main(GroovyStarter.java:131)
)

2018-10-20 23:44:43 - [TEST_STEP][PASSED] - openBrowser: Browser is opened with url: ''

2018-10-20 23:44:43 - [MESSAGE][WARNING] - A browser is already opened. Closing browser and opening a new one

2018-10-20 23:44:47 - [MESSAGE][PASSED] - Browser is opened with url: ''

2018-10-20 23:44:47 - [TEST_STEP][PASSED] - navigateToUrl: Navigate to 'https://assist2-uat.perkeso.gov.my/login' successfully

2018-10-20 23:44:49 - [MESSAGE][PASSED] - Navigate to 'https://assist2-uat.perkeso.gov.my/login' successfully

2018-10-20 23:44:49 - [TEST_STEP][PASSED] - delay: Delayed 5 second(s)

2018-10-20 23:44:54 - [MESSAGE][PASSED] - Delayed 5 second(s)

2018-10-20 23:44:54 - [TEST_STEP][PASSED] - setText: Text 'test@liferay.com' is set on object 'Object Repository/Final Object Repo/Login Page/Internal User/Email Address'

2018-10-20 23:44:55 - [MESSAGE][PASSED] - Text 'test@liferay.com' is set on object 'Object Repository/Final Object Repo/Login Page/Internal User/Email Address'

2018-10-20 23:44:55 - [TEST_STEP][PASSED] - click: Object: 'Object Repository/Final Object Repo/Login Page/Internal User/Next Button' is clicked on

2018-10-20 23:44:55 - [MESSAGE][PASSED] - Object: 'Object Repository/Final Object Repo/Login Page/Internal User/Next Button' is clicked on

2018-10-20 23:44:55 - [TEST_STEP][PASSED] - delay: Delayed 2 second(s)

2018-10-20 23:44:57 - [MESSAGE][PASSED] - Delayed 2 second(s)

2018-10-20 23:44:57 - [TEST_STEP][PASSED] - setText: Text 'test' is set on object 'Object Repository/Final Object Repo/Login Page/Internal User/Password'

2018-10-20 23:44:57 - [MESSAGE][PASSED] - Text 'test' is set on object 'Object Repository/Final Object Repo/Login Page/Internal User/Password'

2018-10-20 23:44:57 - [TEST_STEP][PASSED] - delay: Delayed 2 second(s)

2018-10-20 23:44:59 - [MESSAGE][PASSED] - Delayed 2 second(s)

2018-10-20 23:44:59 - [TEST_STEP][PASSED] - click: Object: 'Object Repository/Final Object Repo/Login Page/Internal User/Login Button' is clicked on

2018-10-20 23:44:59 - [MESSAGE][PASSED] - Object: 'Object Repository/Final Object Repo/Login Page/Internal User/Login Button' is clicked on

2018-10-20 23:44:59 - [TEST_STEP][FAILED] - Statement - Try: Delayed 2 second(s)

2018-10-20 23:44:59 - [TEST_STEP][PASSED] - Statement - Checker = false: null

2018-10-20 23:44:59 - [TEST_STEP][PASSED] - Statement - Checker = com.kms.katalon.core.webui.keyword.WebUiBuiltInKeywords.verifyElementHasAttribute(com.kms.katalon.core.testobject.ObjectRepository.findTestObject(Final Object Repo/Landing Page/BM Detecting), "href", 20, OPTIONAL): Unable to verify if object 'Object Repository/Final Object Repo/Landing Page/BM Detecting' has attribute 'href' (Root cause: org.openqa.selenium.StaleElementReferenceException: stale element reference: element is not attached to the page document
  (Session info: chrome=69.0.3497.100)
  (Driver info: chromedriver=2.35.528161 (5b82f2d2aae0ca24b877009200ced9065a772e73),platform=Windows NT 6.1.7601 SP1 x86_64) (WARNING: The server did not provide any stacktrace information)
Command duration or timeout: 0 milliseconds
For documentation on this error, please visit: http://seleniumhq.org/exceptions/stale_element_reference.html
Build info: version: '3.7.1', revision: '8a0099a', time: '2017-11-06T21:07:36.161Z'
System info: host: 'WEIZHENG', ip: '192.168.137.1', os.name: 'Windows 7', os.arch: 'amd64', os.version: '6.1', java.version: '1.8.0_181'
Driver info: com.kms.katalon.selenium.driver.CChromeDriver
Capabilities {acceptInsecureCerts: false, acceptSslCerts: false, applicationCacheEnabled: false, browserConnectionEnabled: false, browserName: chrome, chrome: {chromedriverVersion: 2.35.528161 (5b82f2d2aae0ca..., userDataDir: C:\Users\WEIZHE~1\AppData\L...}, cssSelectorsEnabled: true, databaseEnabled: false, handlesAlerts: true, hasTouchScreen: false, javascriptEnabled: true, locationContextEnabled: true, mobileEmulationEnabled: false, nativeEvents: true, networkConnectionEnabled: false, pageLoadStrategy: normal, platform: XP, platformName: XP, rotatable: false, setWindowRect: true, takesHeapSnapshot: true, takesScreenshot: true, unexpectedAlertBehaviour: , unhandledPromptBehavior: , version: 69.0.3497.100, webStorageEnabled: true}
Session ID: ad1c398e37898977da50ce56281c3ce5)

2018-10-20 23:45:02 - [MESSAGE][WARNING] - Unable to verify if object 'Object Repository/Final Object Repo/Landing Page/BM Detecting' has attribute 'href' (Root cause: org.openqa.selenium.StaleElementReferenceException: stale element reference: element is not attached to the page document
  (Session info: chrome=69.0.3497.100)
  (Driver info: chromedriver=2.35.528161 (5b82f2d2aae0ca24b877009200ced9065a772e73),platform=Windows NT 6.1.7601 SP1 x86_64) (WARNING: The server did not provide any stacktrace information)
Command duration or timeout: 0 milliseconds
For documentation on this error, please visit: http://seleniumhq.org/exceptions/stale_element_reference.html
Build info: version: '3.7.1', revision: '8a0099a', time: '2017-11-06T21:07:36.161Z'
System info: host: 'WEIZHENG', ip: '192.168.137.1', os.name: 'Windows 7', os.arch: 'amd64', os.version: '6.1', java.version: '1.8.0_181'
Driver info: com.kms.katalon.selenium.driver.CChromeDriver
Capabilities {acceptInsecureCerts: false, acceptSslCerts: false, applicationCacheEnabled: false, browserConnectionEnabled: false, browserName: chrome, chrome: {chromedriverVersion: 2.35.528161 (5b82f2d2aae0ca..., userDataDir: C:\Users\WEIZHE~1\AppData\L...}, cssSelectorsEnabled: true, databaseEnabled: false, handlesAlerts: true, hasTouchScreen: false, javascriptEnabled: true, locationContextEnabled: true, mobileEmulationEnabled: false, nativeEvents: true, networkConnectionEnabled: false, pageLoadStrategy: normal, platform: XP, platformName: XP, rotatable: false, setWindowRect: true, takesHeapSnapshot: true, takesScreenshot: true, unexpectedAlertBehaviour: , unhandledPromptBehavior: , version: 69.0.3497.100, webStorageEnabled: true}
Session ID: ad1c398e37898977da50ce56281c3ce5)
[[ATTACHMENT|C:\\Users\\LENOVO\\Katalon Studio\\Perkeso Phase A\\Reports\\Workflow\\Form 3 EIS - Cessation as Employer\\20181020_165129\\1540050302524.png]]

2018-10-20 23:45:02 - [TEST_STEP][PASSED] - Statement - out.println(Checker): null

2018-10-20 23:45:02 - [TEST_STEP][FAILED] - Statement - If (Checker == false): Unable to click on object 'Object Repository/Final Object Repo/Landing Page/Select to English' (Root cause: com.kms.katalon.core.webui.exception.WebElementNotFoundException: Web element with id: 'Object Repository/Final Object Repo/Landing Page/Select to English' located by 'By.xpath: //a[@class = 'taglib-language-list-text' and @lang = 'en-US' and (contains(text(), 'EN') or contains(., 'EN'))]' not found)

2018-10-20 23:45:02 - [TEST_STEP][FAILED] - click: Unable to click on object 'Object Repository/Final Object Repo/Landing Page/Select to English' (Root cause: com.kms.katalon.core.webui.exception.WebElementNotFoundException: Web element with id: 'Object Repository/Final Object Repo/Landing Page/Select to English' located by 'By.xpath: //a[@class = 'taglib-language-list-text' and @lang = 'en-US' and (contains(text(), 'EN') or contains(., 'EN'))]' not found)

2018-10-20 23:45:42 - [MESSAGE][FAILED] - Unable to click on object 'Object Repository/Final Object Repo/Landing Page/Select to English' (Root cause: com.kms.katalon.core.webui.exception.WebElementNotFoundException: Web element with id: 'Object Repository/Final Object Repo/Landing Page/Select to English' located by 'By.xpath: //a[@class = 'taglib-language-list-text' and @lang = 'en-US' and (contains(text(), 'EN') or contains(., 'EN'))]' not found)
[[ATTACHMENT|C:\\Users\\LENOVO\\Katalon Studio\\Perkeso Phase A\\Reports\\Workflow\\Form 3 EIS - Cessation as Employer\\20181020_165129\\1540050342338.png]]

2018-10-20 23:45:42 - [TEST_STEP][PASSED] - delay: Delayed 2 second(s)

2018-10-20 23:45:44 - [MESSAGE][PASSED] - Delayed 2 second(s)

2018-10-20 23:45:44 - [TEST_STEP][PASSED] - delay: Delayed 3 second(s)

2018-10-20 23:45:47 - [MESSAGE][PASSED] - Delayed 3 second(s)

2018-10-20 23:45:47 - [TEST_STEP][PASSED] - mouseOver: Object: 'Object Repository/Final Object Repo/Landing Page/WorkFlow Menu' is hovered

2018-10-20 23:45:47 - [MESSAGE][PASSED] - Object: 'Object Repository/Final Object Repo/Landing Page/WorkFlow Menu' is hovered

2018-10-20 23:45:47 - [TEST_STEP][PASSED] - delay: Delayed 2 second(s)

2018-10-20 23:45:49 - [MESSAGE][PASSED] - Delayed 2 second(s)

2018-10-20 23:45:49 - [TEST_STEP][PASSED] - click: Object: 'Object Repository/Final Object Repo/Landing Page/Select to Workflow Listing' is clicked on

2018-10-20 23:45:50 - [MESSAGE][PASSED] - Object: 'Object Repository/Final Object Repo/Landing Page/Select to Workflow Listing' is clicked on

2018-10-20 23:45:50 - [TEST_STEP][PASSED] - delay: Delayed 2 second(s)

2018-10-20 23:45:52 - [MESSAGE][PASSED] - Delayed 2 second(s)

2018-10-20 23:45:52 - [TEST_STEP][PASSED] - click: Object: 'Object Repository/Final Object Repo/WorkFlow Listing Page/Search Information - To Put Ref No' is clicked on

2018-10-20 23:45:53 - [MESSAGE][PASSED] - Object: 'Object Repository/Final Object Repo/WorkFlow Listing Page/Search Information - To Put Ref No' is clicked on

2018-10-20 23:45:53 - [TEST_STEP][PASSED] - delay: Delayed 2 second(s)

2018-10-20 23:45:55 - [MESSAGE][PASSED] - Delayed 2 second(s)

2018-10-20 23:45:55 - [TEST_STEP][PASSED] - callTestCase: Call Test Case 'Test Cases/Final Aug 2018 - PKS Automation/Common/Reference Number Getter' successfully

2018-10-20 23:45:55 - [TEST_CASE][PASSED] - Test Cases/Final Aug 2018 - PKS Automation/Common/Reference Number Getter: Test Cases/Final Aug 2018 - PKS Automation/Common/Reference Number Getter

2018-10-20 23:45:55 - [TEST_STEP][PASSED] - Statement - Try: null

2018-10-20 23:45:55 - [TEST_STEP][PASSED] - Statement - RefNo = new java.io.File(C://KatalonReference.txt): null

2018-10-20 23:45:55 - [TEST_STEP][PASSED] - Statement - bufferread = new java.io.BufferedReader(new java.io.FileReader(RefNo)): null

2018-10-20 23:45:55 - [TEST_STEP][PASSED] - Statement - readedVal = bufferread.readLine(): null

2018-10-20 23:45:55 - [TEST_STEP][PASSED] - Statement - out.println(CaseReferenceNo): null

2018-10-20 23:45:55 - [TEST_STEP][PASSED] - Statement - out.println(readedVal): null

2018-10-20 23:45:55 - [TEST_STEP][PASSED] - Statement - CaseReferenceNo = readedVal: null

2018-10-20 23:45:55 - [MESSAGE][PASSED] - Call Test Case 'Test Cases/Final Aug 2018 - PKS Automation/Common/Reference Number Getter' successfully

2018-10-20 23:45:55 - [TEST_STEP][PASSED] - setText: Text 'ERN102018C200002201' is set on object 'Object Repository/Final Object Repo/WorkFlow Listing Page/Ref No Set Text'

2018-10-20 23:45:55 - [MESSAGE][PASSED] - Text 'ERN102018C200002201' is set on object 'Object Repository/Final Object Repo/WorkFlow Listing Page/Ref No Set Text'

2018-10-20 23:45:55 - [TEST_STEP][PASSED] - delay: Delayed 2 second(s)

2018-10-20 23:45:57 - [MESSAGE][PASSED] - Delayed 2 second(s)

2018-10-20 23:45:57 - [TEST_STEP][PASSED] - click: Object: 'Object Repository/Final Object Repo/WorkFlow Listing Page/Search Ref No Search Button' is clicked on

2018-10-20 23:45:57 - [MESSAGE][PASSED] - Object: 'Object Repository/Final Object Repo/WorkFlow Listing Page/Search Ref No Search Button' is clicked on

2018-10-20 23:45:57 - [TEST_STEP][PASSED] - delay: Delayed 4 second(s)

2018-10-20 23:46:01 - [MESSAGE][PASSED] - Delayed 4 second(s)

2018-10-20 23:46:01 - [TEST_STEP][PASSED] - click: Object: 'Object Repository/Final Object Repo/WorkFlow Listing Page/Click Continue Tooltip' is clicked on

2018-10-20 23:46:02 - [MESSAGE][PASSED] - Object: 'Object Repository/Final Object Repo/WorkFlow Listing Page/Click Continue Tooltip' is clicked on

2018-10-20 23:46:02 - [TEST_STEP][PASSED] - delay: Delayed 5 second(s)

2018-10-20 23:46:07 - [MESSAGE][PASSED] - Delayed 5 second(s)

2018-10-20 23:46:07 - [TEST_STEP][PASSED] - doubleClick: Object: 'Object Repository/Final Object Repo/WorkFlow Listing Page/Workflow Found - Listing 1' is double clicked on

2018-10-20 23:46:07 - [MESSAGE][PASSED] - Object: 'Object Repository/Final Object Repo/WorkFlow Listing Page/Workflow Found - Listing 1' is double clicked on

2018-10-20 23:46:07 - [TEST_STEP][PASSED] - Statement - println(OwnerID): null

2018-10-20 23:46:07 - [TEST_STEP][PASSED] - Statement - OwnerID = com.kms.katalon.core.webui.keyword.WebUiBuiltInKeywords.getText(com.kms.katalon.core.testobject.ObjectRepository.findTestObject(Final Object Repo/WorkFlow Listing Page/Workflow Found - Listing 1), STOP_ON_FAILURE): Text of object 'Object Repository/Final Object Repo/WorkFlow Listing Page/Workflow Found - Listing 1' is: 'JOHORuo2'

2018-10-20 23:46:07 - [MESSAGE][PASSED] - Text of object 'Object Repository/Final Object Repo/WorkFlow Listing Page/Workflow Found - Listing 1' is: 'JOHORuo2'

2018-10-20 23:46:07 - [TEST_STEP][PASSED] - Statement - OwnerID = OwnerID.toLowerCase() + "@gmail.com": null

2018-10-20 23:46:07 - [TEST_STEP][PASSED] - Statement - println(OwnerID): null

2018-10-20 23:46:07 - [TEST_STEP][PASSED] - delay: Delayed 2 second(s)

2018-10-20 23:46:09 - [MESSAGE][PASSED] - Delayed 2 second(s)

2018-10-20 23:46:09 - [MESSAGE][FAILED] - Unable to call Test Case with id 'Test Cases/Final Aug 2018 - PKS Automation/Common/Workflow Owner Finder' (Root cause: Call Test Case 'Test Cases/Final Aug 2018 - PKS Automation/Common/Workflow Owner Finder' failed)

2018-10-20 23:46:09 - [MESSAGE][FAILED] - Unable to call Test Case with id 'Test Cases/Final Aug 2018 - PKS Automation/Registration Module/Workflow/Form 3 EIS - Cessation As Employer/Template/Form 3 A - Cessation As Employer (Approve)' (Root cause: Call Test Case 'Test Cases/Final Aug 2018 - PKS Automation/Registration Module/Workflow/Form 3 EIS - Cessation As Employer/Template/Form 3 A - Cessation As Employer (Approve)' failed)]]></system-out>
         <system-err><![CDATA[2018-10-20 23:43:41 - [TEST_CASE][FAILED] - Test Cases/Final Aug 2018 - PKS Automation/Registration Module/Workflow/Form 3 EIS - Cessation As Employer/OTC to UO (Approve): Test Cases/Final Aug 2018 - PKS Automation/Registration Module/Workflow/Form 3 EIS - Cessation As Employer/OTC to UO (Approve) FAILED because (of) (Stack trace: com.kms.katalon.core.exception.StepFailedException: Unable to click on object 'Object Repository/Final Object Repo/Landing Page/Select to English' (Root cause: com.kms.katalon.core.webui.exception.WebElementNotFoundException: Web element with id: 'Object Repository/Final Object Repo/Landing Page/Select to English' located by 'By.xpath: //a[@class = 'taglib-language-list-text' and @lang = 'en-US' and (contains(text(), 'EN') or contains(., 'EN'))]' not found)
	at com.kms.katalon.core.keyword.internal.KeywordMain.stepFailed(KeywordMain.groovy:32)
	at com.kms.katalon.core.webui.keyword.internal.WebUIKeywordMain.stepFailed(WebUIKeywordMain.groovy:65)
	at com.kms.katalon.core.webui.keyword.internal.WebUIKeywordMain.runKeyword(WebUIKeywordMain.groovy:27)
	at com.kms.katalon.core.webui.keyword.builtin.ClickKeyword.click(ClickKeyword.groovy:86)
	at com.kms.katalon.core.webui.keyword.builtin.ClickKeyword.execute(ClickKeyword.groovy:67)
	at com.kms.katalon.core.keyword.internal.KeywordExecutor.executeKeywordForPlatform(KeywordExecutor.groovy:53)
	at com.kms.katalon.core.webui.keyword.WebUiBuiltInKeywords.click(WebUiBuiltInKeywords.groovy:604)
	at com.kms.katalon.core.webui.keyword.WebUiBuiltInKeywords$click$8.call(Unknown Source)
	at Script1534407542420.run(Script1534407542420.groovy:57)
	at com.kms.katalon.core.main.ScriptEngine.run(ScriptEngine.java:183)
	at com.kms.katalon.core.main.ScriptEngine.runScriptAsRawText(ScriptEngine.java:108)
	at com.kms.katalon.core.main.TestCaseExecutor.runScript(TestCaseExecutor.java:294)
	at com.kms.katalon.core.main.TestCaseExecutor.doExecute(TestCaseExecutor.java:285)
	at com.kms.katalon.core.main.TestCaseExecutor.processExecutionPhase(TestCaseExecutor.java:264)
	at com.kms.katalon.core.main.TestCaseExecutor.accessMainPhase(TestCaseExecutor.java:256)
	at com.kms.katalon.core.main.TestCaseExecutor.execute(TestCaseExecutor.java:200)
	at com.kms.katalon.core.main.TestCaseMain.runTestCase(TestCaseMain.java:99)
	at com.kms.katalon.core.keyword.builtin.CallTestCaseKeyword$_callTestCase_closure1.doCall(CallTestCaseKeyword.groovy:60)
	at com.kms.katalon.core.keyword.builtin.CallTestCaseKeyword$_callTestCase_closure1.call(CallTestCaseKeyword.groovy)
	at com.kms.katalon.core.keyword.internal.KeywordMain.runKeyword(KeywordMain.groovy:54)
	at com.kms.katalon.core.keyword.builtin.CallTestCaseKeyword.callTestCase(CallTestCaseKeyword.groovy:81)
	at com.kms.katalon.core.keyword.builtin.CallTestCaseKeyword.execute(CallTestCaseKeyword.groovy:45)
	at com.kms.katalon.core.keyword.internal.KeywordExecutor.executeKeywordForPlatform(KeywordExecutor.groovy:53)
	at com.kms.katalon.core.keyword.BuiltinKeywords.callTestCase(BuiltinKeywords.groovy:334)
	at sun.reflect.GeneratedMethodAccessor13.invoke(Unknown Source)
	at sun.reflect.DelegatingMethodAccessorImpl.invoke(DelegatingMethodAccessorImpl.java:43)
	at java.lang.reflect.Method.invoke(Method.java:498)
	at org.codehaus.groovy.reflection.CachedMethod.invoke(CachedMethod.java:93)
	at groovy.lang.MetaMethod.doMethodInvoke(MetaMethod.java:325)
	at groovy.lang.MetaClassImpl.invokeStaticMethod(MetaClassImpl.java:1469)
	at org.codehaus.groovy.runtime.callsite.StaticMetaClassSite.call(StaticMetaClassSite.java:53)
	at org.codehaus.groovy.runtime.callsite.CallSiteArray.defaultCall(CallSiteArray.java:48)
	at org.codehaus.groovy.runtime.callsite.AbstractCallSite.call(AbstractCallSite.java:113)
	at org.codehaus.groovy.runtime.callsite.AbstractCallSite.call(AbstractCallSite.java:141)
	at Script1536043843412.run(Script1536043843412.groovy:34)
	at com.kms.katalon.core.main.ScriptEngine.run(ScriptEngine.java:183)
	at com.kms.katalon.core.main.ScriptEngine.runScriptAsRawText(ScriptEngine.java:108)
	at com.kms.katalon.core.main.TestCaseExecutor.runScript(TestCaseExecutor.java:294)
	at com.kms.katalon.core.main.TestCaseExecutor.doExecute(TestCaseExecutor.java:285)
	at com.kms.katalon.core.main.TestCaseExecutor.processExecutionPhase(TestCaseExecutor.java:264)
	at com.kms.katalon.core.main.TestCaseExecutor.accessMainPhase(TestCaseExecutor.java:256)
	at com.kms.katalon.core.main.TestCaseExecutor.execute(TestCaseExecutor.java:200)
	at com.kms.katalon.core.main.TestCaseMain.runTestCase(TestCaseMain.java:99)
	at com.kms.katalon.core.keyword.builtin.CallTestCaseKeyword$_callTestCase_closure1.doCall(CallTestCaseKeyword.groovy:60)
	at com.kms.katalon.core.keyword.builtin.CallTestCaseKeyword$_callTestCase_closure1.call(CallTestCaseKeyword.groovy)
	at com.kms.katalon.core.keyword.internal.KeywordMain.runKeyword(KeywordMain.groovy:54)
	at com.kms.katalon.core.keyword.builtin.CallTestCaseKeyword.callTestCase(CallTestCaseKeyword.groovy:81)
	at com.kms.katalon.core.keyword.builtin.CallTestCaseKeyword.execute(CallTestCaseKeyword.groovy:45)
	at com.kms.katalon.core.keyword.internal.KeywordExecutor.executeKeywordForPlatform(KeywordExecutor.groovy:53)
	at com.kms.katalon.core.keyword.BuiltinKeywords.callTestCase(BuiltinKeywords.groovy:334)
	at sun.reflect.GeneratedMethodAccessor13.invoke(Unknown Source)
	at sun.reflect.DelegatingMethodAccessorImpl.invoke(DelegatingMethodAccessorImpl.java:43)
	at java.lang.reflect.Method.invoke(Method.java:498)
	at org.codehaus.groovy.reflection.CachedMethod.invoke(CachedMethod.java:93)
	at groovy.lang.MetaMethod.doMethodInvoke(MetaMethod.java:325)
	at groovy.lang.MetaClassImpl.invokeStaticMethod(MetaClassImpl.java:1469)
	at org.codehaus.groovy.runtime.callsite.StaticMetaClassSite.call(StaticMetaClassSite.java:53)
	at org.codehaus.groovy.runtime.callsite.CallSiteArray.defaultCall(CallSiteArray.java:48)
	at org.codehaus.groovy.runtime.callsite.AbstractCallSite.call(AbstractCallSite.java:113)
	at org.codehaus.groovy.runtime.callsite.AbstractCallSite.call(AbstractCallSite.java:141)
	at Script1536203236794.run(Script1536203236794.groovy:25)
	at com.kms.katalon.core.main.ScriptEngine.run(ScriptEngine.java:183)
	at com.kms.katalon.core.main.ScriptEngine.runScriptAsRawText(ScriptEngine.java:108)
	at com.kms.katalon.core.main.TestCaseExecutor.runScript(TestCaseExecutor.java:294)
	at com.kms.katalon.core.main.TestCaseExecutor.doExecute(TestCaseExecutor.java:285)
	at com.kms.katalon.core.main.TestCaseExecutor.processExecutionPhase(TestCaseExecutor.java:264)
	at com.kms.katalon.core.main.TestCaseExecutor.accessMainPhase(TestCaseExecutor.java:256)
	at com.kms.katalon.core.main.TestCaseExecutor.execute(TestCaseExecutor.java:200)
	at com.kms.katalon.core.main.TestSuiteExecutor.accessTestCaseMainPhase(TestSuiteExecutor.java:129)
	at com.kms.katalon.core.main.TestSuiteExecutor.accessTestSuiteMainPhase(TestSuiteExecutor.java:112)
	at com.kms.katalon.core.main.TestSuiteExecutor.execute(TestSuiteExecutor.java:81)
	at com.kms.katalon.core.main.TestCaseMain.startTestSuite(TestCaseMain.java:142)
	at com.kms.katalon.core.main.TestCaseMain$startTestSuite$0.call(Unknown Source)
	at org.codehaus.groovy.runtime.callsite.CallSiteArray.defaultCall(CallSiteArray.java:48)
	at org.codehaus.groovy.runtime.callsite.AbstractCallSite.call(AbstractCallSite.java:113)
	at org.codehaus.groovy.runtime.callsite.AbstractCallSite.call(AbstractCallSite.java:141)
	at TempTestSuite1540025489648.run(TempTestSuite1540025489648.groovy:36)
	at groovy.lang.GroovyShell.runScriptOrMainOrTestOrRunnable(GroovyShell.java:263)
	at groovy.lang.GroovyShell.run(GroovyShell.java:518)
	at groovy.lang.GroovyShell.run(GroovyShell.java:507)
	at groovy.ui.GroovyMain.processOnce(GroovyMain.java:653)
	at groovy.ui.GroovyMain.run(GroovyMain.java:384)
	at groovy.ui.GroovyMain.process(GroovyMain.java:370)
	at groovy.ui.GroovyMain.processArgs(GroovyMain.java:129)
	at groovy.ui.GroovyMain.main(GroovyMain.java:109)
	at sun.reflect.NativeMethodAccessorImpl.invoke0(Native Method)
	at sun.reflect.NativeMethodAccessorImpl.invoke(NativeMethodAccessorImpl.java:62)
	at sun.reflect.DelegatingMethodAccessorImpl.invoke(DelegatingMethodAccessorImpl.java:43)
	at java.lang.reflect.Method.invoke(Method.java:498)
	at org.codehaus.groovy.tools.GroovyStarter.rootLoader(GroovyStarter.java:109)
	at org.codehaus.groovy.tools.GroovyStarter.main(GroovyStarter.java:131)
)]]></system-err>
      </testcase>
      <testcase name="Test Cases/Final Aug 2018 - PKS Automation/Registration Module/Workflow/Form 3 EIS - Cessation As Employer/OTC to UO (Query)" classname="Test Cases/Final Aug 2018 - PKS Automation/Registration Module/Workflow/Form 3 EIS - Cessation As Employer/OTC to UO (Query)" status="FAILED">
         <failure type="FAILED" message="(Stack trace: com.kms.katalon.core.exception.StepFailedException: Unable to click on object 'Object Repository/Final Object Repo/Landing Page/Select to English' (Root cause: com.kms.katalon.core.webui.exception.WebElementNotFoundException: Web element with id: 'Object Repository/Final Object Repo/Landing Page/Select to English' located by 'By.xpath: //a[@class = 'taglib-language-list-text' and @lang = 'en-US' and (contains(text(), 'EN') or contains(., 'EN'))]' not found)
	at com.kms.katalon.core.keyword.internal.KeywordMain.stepFailed(KeywordMain.groovy:32)
	at com.kms.katalon.core.webui.keyword.internal.WebUIKeywordMain.stepFailed(WebUIKeywordMain.groovy:65)
	at com.kms.katalon.core.webui.keyword.internal.WebUIKeywordMain.runKeyword(WebUIKeywordMain.groovy:27)
	at com.kms.katalon.core.webui.keyword.builtin.ClickKeyword.click(ClickKeyword.groovy:86)
	at com.kms.katalon.core.webui.keyword.builtin.ClickKeyword.execute(ClickKeyword.groovy:67)
	at com.kms.katalon.core.keyword.internal.KeywordExecutor.executeKeywordForPlatform(KeywordExecutor.groovy:53)
	at com.kms.katalon.core.webui.keyword.WebUiBuiltInKeywords.click(WebUiBuiltInKeywords.groovy:604)
	at com.kms.katalon.core.webui.keyword.WebUiBuiltInKeywords$click$8.call(Unknown Source)
	at Script1534407542420.run(Script1534407542420.groovy:57)
	at com.kms.katalon.core.main.ScriptEngine.run(ScriptEngine.java:183)
	at com.kms.katalon.core.main.ScriptEngine.runScriptAsRawText(ScriptEngine.java:108)
	at com.kms.katalon.core.main.TestCaseExecutor.runScript(TestCaseExecutor.java:294)
	at com.kms.katalon.core.main.TestCaseExecutor.doExecute(TestCaseExecutor.java:285)
	at com.kms.katalon.core.main.TestCaseExecutor.processExecutionPhase(TestCaseExecutor.java:264)
	at com.kms.katalon.core.main.TestCaseExecutor.accessMainPhase(TestCaseExecutor.java:256)
	at com.kms.katalon.core.main.TestCaseExecutor.execute(TestCaseExecutor.java:200)
	at com.kms.katalon.core.main.TestCaseMain.runTestCase(TestCaseMain.java:99)
	at com.kms.katalon.core.keyword.builtin.CallTestCaseKeyword$_callTestCase_closure1.doCall(CallTestCaseKeyword.groovy:60)
	at com.kms.katalon.core.keyword.builtin.CallTestCaseKeyword$_callTestCase_closure1.call(CallTestCaseKeyword.groovy)
	at com.kms.katalon.core.keyword.internal.KeywordMain.runKeyword(KeywordMain.groovy:54)
	at com.kms.katalon.core.keyword.builtin.CallTestCaseKeyword.callTestCase(CallTestCaseKeyword.groovy:81)
	at com.kms.katalon.core.keyword.builtin.CallTestCaseKeyword.execute(CallTestCaseKeyword.groovy:45)
	at com.kms.katalon.core.keyword.internal.KeywordExecutor.executeKeywordForPlatform(KeywordExecutor.groovy:53)
	at com.kms.katalon.core.keyword.BuiltinKeywords.callTestCase(BuiltinKeywords.groovy:334)
	at sun.reflect.GeneratedMethodAccessor13.invoke(Unknown Source)
	at sun.reflect.DelegatingMethodAccessorImpl.invoke(DelegatingMethodAccessorImpl.java:43)
	at java.lang.reflect.Method.invoke(Method.java:498)
	at org.codehaus.groovy.reflection.CachedMethod.invoke(CachedMethod.java:93)
	at groovy.lang.MetaMethod.doMethodInvoke(MetaMethod.java:325)
	at groovy.lang.MetaClassImpl.invokeStaticMethod(MetaClassImpl.java:1469)
	at org.codehaus.groovy.runtime.callsite.StaticMetaClassSite.call(StaticMetaClassSite.java:53)
	at org.codehaus.groovy.runtime.callsite.AbstractCallSite.call(AbstractCallSite.java:141)
	at Script1536114876563.run(Script1536114876563.groovy:34)
	at com.kms.katalon.core.main.ScriptEngine.run(ScriptEngine.java:183)
	at com.kms.katalon.core.main.ScriptEngine.runScriptAsRawText(ScriptEngine.java:108)
	at com.kms.katalon.core.main.TestCaseExecutor.runScript(TestCaseExecutor.java:294)
	at com.kms.katalon.core.main.TestCaseExecutor.doExecute(TestCaseExecutor.java:285)
	at com.kms.katalon.core.main.TestCaseExecutor.processExecutionPhase(TestCaseExecutor.java:264)
	at com.kms.katalon.core.main.TestCaseExecutor.accessMainPhase(TestCaseExecutor.java:256)
	at com.kms.katalon.core.main.TestCaseExecutor.execute(TestCaseExecutor.java:200)
	at com.kms.katalon.core.main.TestCaseMain.runTestCase(TestCaseMain.java:99)
	at com.kms.katalon.core.keyword.builtin.CallTestCaseKeyword$_callTestCase_closure1.doCall(CallTestCaseKeyword.groovy:60)
	at com.kms.katalon.core.keyword.builtin.CallTestCaseKeyword$_callTestCase_closure1.call(CallTestCaseKeyword.groovy)
	at com.kms.katalon.core.keyword.internal.KeywordMain.runKeyword(KeywordMain.groovy:54)
	at com.kms.katalon.core.keyword.builtin.CallTestCaseKeyword.callTestCase(CallTestCaseKeyword.groovy:81)
	at com.kms.katalon.core.keyword.builtin.CallTestCaseKeyword.execute(CallTestCaseKeyword.groovy:45)
	at com.kms.katalon.core.keyword.internal.KeywordExecutor.executeKeywordForPlatform(KeywordExecutor.groovy:53)
	at com.kms.katalon.core.keyword.BuiltinKeywords.callTestCase(BuiltinKeywords.groovy:334)
	at sun.reflect.GeneratedMethodAccessor13.invoke(Unknown Source)
	at sun.reflect.DelegatingMethodAccessorImpl.invoke(DelegatingMethodAccessorImpl.java:43)
	at java.lang.reflect.Method.invoke(Method.java:498)
	at org.codehaus.groovy.reflection.CachedMethod.invoke(CachedMethod.java:93)
	at groovy.lang.MetaMethod.doMethodInvoke(MetaMethod.java:325)
	at groovy.lang.MetaClassImpl.invokeStaticMethod(MetaClassImpl.java:1469)
	at org.codehaus.groovy.runtime.callsite.StaticMetaClassSite.call(StaticMetaClassSite.java:53)
	at org.codehaus.groovy.runtime.callsite.CallSiteArray.defaultCall(CallSiteArray.java:48)
	at org.codehaus.groovy.runtime.callsite.AbstractCallSite.call(AbstractCallSite.java:113)
	at org.codehaus.groovy.runtime.callsite.AbstractCallSite.call(AbstractCallSite.java:141)
	at Script1536204253481.run(Script1536204253481.groovy:25)
	at com.kms.katalon.core.main.ScriptEngine.run(ScriptEngine.java:183)
	at com.kms.katalon.core.main.ScriptEngine.runScriptAsRawText(ScriptEngine.java:108)
	at com.kms.katalon.core.main.TestCaseExecutor.runScript(TestCaseExecutor.java:294)
	at com.kms.katalon.core.main.TestCaseExecutor.doExecute(TestCaseExecutor.java:285)
	at com.kms.katalon.core.main.TestCaseExecutor.processExecutionPhase(TestCaseExecutor.java:264)
	at com.kms.katalon.core.main.TestCaseExecutor.accessMainPhase(TestCaseExecutor.java:256)
	at com.kms.katalon.core.main.TestCaseExecutor.execute(TestCaseExecutor.java:200)
	at com.kms.katalon.core.main.TestSuiteExecutor.accessTestCaseMainPhase(TestSuiteExecutor.java:129)
	at com.kms.katalon.core.main.TestSuiteExecutor.accessTestSuiteMainPhase(TestSuiteExecutor.java:112)
	at com.kms.katalon.core.main.TestSuiteExecutor.execute(TestSuiteExecutor.java:81)
	at com.kms.katalon.core.main.TestCaseMain.startTestSuite(TestCaseMain.java:142)
	at com.kms.katalon.core.main.TestCaseMain$startTestSuite$0.call(Unknown Source)
	at org.codehaus.groovy.runtime.callsite.CallSiteArray.defaultCall(CallSiteArray.java:48)
	at org.codehaus.groovy.runtime.callsite.AbstractCallSite.call(AbstractCallSite.java:113)
	at org.codehaus.groovy.runtime.callsite.AbstractCallSite.call(AbstractCallSite.java:141)
	at TempTestSuite1540025489648.run(TempTestSuite1540025489648.groovy:36)
	at groovy.lang.GroovyShell.runScriptOrMainOrTestOrRunnable(GroovyShell.java:263)
	at groovy.lang.GroovyShell.run(GroovyShell.java:518)
	at groovy.lang.GroovyShell.run(GroovyShell.java:507)
	at groovy.ui.GroovyMain.processOnce(GroovyMain.java:653)
	at groovy.ui.GroovyMain.run(GroovyMain.java:384)
	at groovy.ui.GroovyMain.process(GroovyMain.java:370)
	at groovy.ui.GroovyMain.processArgs(GroovyMain.java:129)
	at groovy.ui.GroovyMain.main(GroovyMain.java:109)
	at sun.reflect.NativeMethodAccessorImpl.invoke0(Native Method)
	at sun.reflect.NativeMethodAccessorImpl.invoke(NativeMethodAccessorImpl.java:62)
	at sun.reflect.DelegatingMethodAccessorImpl.invoke(DelegatingMethodAccessorImpl.java:43)
	at java.lang.reflect.Method.invoke(Method.java:498)
	at org.codehaus.groovy.tools.GroovyStarter.rootLoader(GroovyStarter.java:109)
	at org.codehaus.groovy.tools.GroovyStarter.main(GroovyStarter.java:131)
)"/>
         <system-out><![CDATA[2018-10-20 23:46:09 - [TEST_CASE][FAILED] - Test Cases/Final Aug 2018 - PKS Automation/Registration Module/Workflow/Form 3 EIS - Cessation As Employer/OTC to UO (Query): Test Cases/Final Aug 2018 - PKS Automation/Registration Module/Workflow/Form 3 EIS - Cessation As Employer/OTC to UO (Query) FAILED because (of) (Stack trace: com.kms.katalon.core.exception.StepFailedException: Unable to click on object 'Object Repository/Final Object Repo/Landing Page/Select to English' (Root cause: com.kms.katalon.core.webui.exception.WebElementNotFoundException: Web element with id: 'Object Repository/Final Object Repo/Landing Page/Select to English' located by 'By.xpath: //a[@class = 'taglib-language-list-text' and @lang = 'en-US' and (contains(text(), 'EN') or contains(., 'EN'))]' not found)
	at com.kms.katalon.core.keyword.internal.KeywordMain.stepFailed(KeywordMain.groovy:32)
	at com.kms.katalon.core.webui.keyword.internal.WebUIKeywordMain.stepFailed(WebUIKeywordMain.groovy:65)
	at com.kms.katalon.core.webui.keyword.internal.WebUIKeywordMain.runKeyword(WebUIKeywordMain.groovy:27)
	at com.kms.katalon.core.webui.keyword.builtin.ClickKeyword.click(ClickKeyword.groovy:86)
	at com.kms.katalon.core.webui.keyword.builtin.ClickKeyword.execute(ClickKeyword.groovy:67)
	at com.kms.katalon.core.keyword.internal.KeywordExecutor.executeKeywordForPlatform(KeywordExecutor.groovy:53)
	at com.kms.katalon.core.webui.keyword.WebUiBuiltInKeywords.click(WebUiBuiltInKeywords.groovy:604)
	at com.kms.katalon.core.webui.keyword.WebUiBuiltInKeywords$click$8.call(Unknown Source)
	at Script1534407542420.run(Script1534407542420.groovy:57)
	at com.kms.katalon.core.main.ScriptEngine.run(ScriptEngine.java:183)
	at com.kms.katalon.core.main.ScriptEngine.runScriptAsRawText(ScriptEngine.java:108)
	at com.kms.katalon.core.main.TestCaseExecutor.runScript(TestCaseExecutor.java:294)
	at com.kms.katalon.core.main.TestCaseExecutor.doExecute(TestCaseExecutor.java:285)
	at com.kms.katalon.core.main.TestCaseExecutor.processExecutionPhase(TestCaseExecutor.java:264)
	at com.kms.katalon.core.main.TestCaseExecutor.accessMainPhase(TestCaseExecutor.java:256)
	at com.kms.katalon.core.main.TestCaseExecutor.execute(TestCaseExecutor.java:200)
	at com.kms.katalon.core.main.TestCaseMain.runTestCase(TestCaseMain.java:99)
	at com.kms.katalon.core.keyword.builtin.CallTestCaseKeyword$_callTestCase_closure1.doCall(CallTestCaseKeyword.groovy:60)
	at com.kms.katalon.core.keyword.builtin.CallTestCaseKeyword$_callTestCase_closure1.call(CallTestCaseKeyword.groovy)
	at com.kms.katalon.core.keyword.internal.KeywordMain.runKeyword(KeywordMain.groovy:54)
	at com.kms.katalon.core.keyword.builtin.CallTestCaseKeyword.callTestCase(CallTestCaseKeyword.groovy:81)
	at com.kms.katalon.core.keyword.builtin.CallTestCaseKeyword.execute(CallTestCaseKeyword.groovy:45)
	at com.kms.katalon.core.keyword.internal.KeywordExecutor.executeKeywordForPlatform(KeywordExecutor.groovy:53)
	at com.kms.katalon.core.keyword.BuiltinKeywords.callTestCase(BuiltinKeywords.groovy:334)
	at sun.reflect.GeneratedMethodAccessor13.invoke(Unknown Source)
	at sun.reflect.DelegatingMethodAccessorImpl.invoke(DelegatingMethodAccessorImpl.java:43)
	at java.lang.reflect.Method.invoke(Method.java:498)
	at org.codehaus.groovy.reflection.CachedMethod.invoke(CachedMethod.java:93)
	at groovy.lang.MetaMethod.doMethodInvoke(MetaMethod.java:325)
	at groovy.lang.MetaClassImpl.invokeStaticMethod(MetaClassImpl.java:1469)
	at org.codehaus.groovy.runtime.callsite.StaticMetaClassSite.call(StaticMetaClassSite.java:53)
	at org.codehaus.groovy.runtime.callsite.AbstractCallSite.call(AbstractCallSite.java:141)
	at Script1536114876563.run(Script1536114876563.groovy:34)
	at com.kms.katalon.core.main.ScriptEngine.run(ScriptEngine.java:183)
	at com.kms.katalon.core.main.ScriptEngine.runScriptAsRawText(ScriptEngine.java:108)
	at com.kms.katalon.core.main.TestCaseExecutor.runScript(TestCaseExecutor.java:294)
	at com.kms.katalon.core.main.TestCaseExecutor.doExecute(TestCaseExecutor.java:285)
	at com.kms.katalon.core.main.TestCaseExecutor.processExecutionPhase(TestCaseExecutor.java:264)
	at com.kms.katalon.core.main.TestCaseExecutor.accessMainPhase(TestCaseExecutor.java:256)
	at com.kms.katalon.core.main.TestCaseExecutor.execute(TestCaseExecutor.java:200)
	at com.kms.katalon.core.main.TestCaseMain.runTestCase(TestCaseMain.java:99)
	at com.kms.katalon.core.keyword.builtin.CallTestCaseKeyword$_callTestCase_closure1.doCall(CallTestCaseKeyword.groovy:60)
	at com.kms.katalon.core.keyword.builtin.CallTestCaseKeyword$_callTestCase_closure1.call(CallTestCaseKeyword.groovy)
	at com.kms.katalon.core.keyword.internal.KeywordMain.runKeyword(KeywordMain.groovy:54)
	at com.kms.katalon.core.keyword.builtin.CallTestCaseKeyword.callTestCase(CallTestCaseKeyword.groovy:81)
	at com.kms.katalon.core.keyword.builtin.CallTestCaseKeyword.execute(CallTestCaseKeyword.groovy:45)
	at com.kms.katalon.core.keyword.internal.KeywordExecutor.executeKeywordForPlatform(KeywordExecutor.groovy:53)
	at com.kms.katalon.core.keyword.BuiltinKeywords.callTestCase(BuiltinKeywords.groovy:334)
	at sun.reflect.GeneratedMethodAccessor13.invoke(Unknown Source)
	at sun.reflect.DelegatingMethodAccessorImpl.invoke(DelegatingMethodAccessorImpl.java:43)
	at java.lang.reflect.Method.invoke(Method.java:498)
	at org.codehaus.groovy.reflection.CachedMethod.invoke(CachedMethod.java:93)
	at groovy.lang.MetaMethod.doMethodInvoke(MetaMethod.java:325)
	at groovy.lang.MetaClassImpl.invokeStaticMethod(MetaClassImpl.java:1469)
	at org.codehaus.groovy.runtime.callsite.StaticMetaClassSite.call(StaticMetaClassSite.java:53)
	at org.codehaus.groovy.runtime.callsite.CallSiteArray.defaultCall(CallSiteArray.java:48)
	at org.codehaus.groovy.runtime.callsite.AbstractCallSite.call(AbstractCallSite.java:113)
	at org.codehaus.groovy.runtime.callsite.AbstractCallSite.call(AbstractCallSite.java:141)
	at Script1536204253481.run(Script1536204253481.groovy:25)
	at com.kms.katalon.core.main.ScriptEngine.run(ScriptEngine.java:183)
	at com.kms.katalon.core.main.ScriptEngine.runScriptAsRawText(ScriptEngine.java:108)
	at com.kms.katalon.core.main.TestCaseExecutor.runScript(TestCaseExecutor.java:294)
	at com.kms.katalon.core.main.TestCaseExecutor.doExecute(TestCaseExecutor.java:285)
	at com.kms.katalon.core.main.TestCaseExecutor.processExecutionPhase(TestCaseExecutor.java:264)
	at com.kms.katalon.core.main.TestCaseExecutor.accessMainPhase(TestCaseExecutor.java:256)
	at com.kms.katalon.core.main.TestCaseExecutor.execute(TestCaseExecutor.java:200)
	at com.kms.katalon.core.main.TestSuiteExecutor.accessTestCaseMainPhase(TestSuiteExecutor.java:129)
	at com.kms.katalon.core.main.TestSuiteExecutor.accessTestSuiteMainPhase(TestSuiteExecutor.java:112)
	at com.kms.katalon.core.main.TestSuiteExecutor.execute(TestSuiteExecutor.java:81)
	at com.kms.katalon.core.main.TestCaseMain.startTestSuite(TestCaseMain.java:142)
	at com.kms.katalon.core.main.TestCaseMain$startTestSuite$0.call(Unknown Source)
	at org.codehaus.groovy.runtime.callsite.CallSiteArray.defaultCall(CallSiteArray.java:48)
	at org.codehaus.groovy.runtime.callsite.AbstractCallSite.call(AbstractCallSite.java:113)
	at org.codehaus.groovy.runtime.callsite.AbstractCallSite.call(AbstractCallSite.java:141)
	at TempTestSuite1540025489648.run(TempTestSuite1540025489648.groovy:36)
	at groovy.lang.GroovyShell.runScriptOrMainOrTestOrRunnable(GroovyShell.java:263)
	at groovy.lang.GroovyShell.run(GroovyShell.java:518)
	at groovy.lang.GroovyShell.run(GroovyShell.java:507)
	at groovy.ui.GroovyMain.processOnce(GroovyMain.java:653)
	at groovy.ui.GroovyMain.run(GroovyMain.java:384)
	at groovy.ui.GroovyMain.process(GroovyMain.java:370)
	at groovy.ui.GroovyMain.processArgs(GroovyMain.java:129)
	at groovy.ui.GroovyMain.main(GroovyMain.java:109)
	at sun.reflect.NativeMethodAccessorImpl.invoke0(Native Method)
	at sun.reflect.NativeMethodAccessorImpl.invoke(NativeMethodAccessorImpl.java:62)
	at sun.reflect.DelegatingMethodAccessorImpl.invoke(DelegatingMethodAccessorImpl.java:43)
	at java.lang.reflect.Method.invoke(Method.java:498)
	at org.codehaus.groovy.tools.GroovyStarter.rootLoader(GroovyStarter.java:109)
	at org.codehaus.groovy.tools.GroovyStarter.main(GroovyStarter.java:131)
)

2018-10-20 23:46:10 - [TEST_STEP][PASSED] - callTestCase: Call Test Case 'Test Cases/Final Aug 2018 - PKS Automation/Registration Module/Workflow/Form 3 EIS - Cessation As Employer/Template/Form 3 A - Cessation As Employer (OTC)' successfully

2018-10-20 23:46:10 - [TEST_CASE][PASSED] - Test Cases/Final Aug 2018 - PKS Automation/Registration Module/Workflow/Form 3 EIS - Cessation As Employer/Template/Form 3 A - Cessation As Employer (OTC): Test Cases/Final Aug 2018 - PKS Automation/Registration Module/Workflow/Form 3 EIS - Cessation As Employer/Template/Form 3 A - Cessation As Employer (OTC)

2018-10-20 23:46:10 - [TEST_STEP][PASSED] - openBrowser: Browser is opened with url: ''

2018-10-20 23:46:10 - [MESSAGE][WARNING] - A browser is already opened. Closing browser and opening a new one

2018-10-20 23:46:14 - [MESSAGE][PASSED] - Browser is opened with url: ''

2018-10-20 23:46:14 - [TEST_STEP][PASSED] - navigateToUrl: Navigate to 'https://assist2-uat.perkeso.gov.my/login' successfully

2018-10-20 23:46:16 - [MESSAGE][PASSED] - Navigate to 'https://assist2-uat.perkeso.gov.my/login' successfully

2018-10-20 23:46:16 - [TEST_STEP][PASSED] - setText: Text 'johorotc1@gmail.com' is set on object 'Object Repository/Final Object Repo/Login Page/Internal User/Email Address'

2018-10-20 23:46:16 - [MESSAGE][PASSED] - Text 'johorotc1@gmail.com' is set on object 'Object Repository/Final Object Repo/Login Page/Internal User/Email Address'

2018-10-20 23:46:16 - [TEST_STEP][PASSED] - click: Object: 'Object Repository/Final Object Repo/Login Page/Internal User/Next Button' is clicked on

2018-10-20 23:46:16 - [MESSAGE][PASSED] - Object: 'Object Repository/Final Object Repo/Login Page/Internal User/Next Button' is clicked on

2018-10-20 23:46:16 - [TEST_STEP][PASSED] - delay: Delayed 1 second(s)

2018-10-20 23:46:17 - [MESSAGE][PASSED] - Delayed 1 second(s)

2018-10-20 23:46:17 - [TEST_STEP][PASSED] - setEncryptedText: Text ****** has been set on object 'Object Repository/Final Object Repo/Login Page/Internal User/Password'

2018-10-20 23:46:18 - [MESSAGE][PASSED] - Text ****** has been set on object 'Object Repository/Final Object Repo/Login Page/Internal User/Password'

2018-10-20 23:46:18 - [TEST_STEP][PASSED] - click: Object: 'Object Repository/Final Object Repo/Login Page/Internal User/Login Button' is clicked on

2018-10-20 23:46:18 - [MESSAGE][PASSED] - Object: 'Object Repository/Final Object Repo/Login Page/Internal User/Login Button' is clicked on

2018-10-20 23:46:18 - [TEST_STEP][PASSED] - delay: Delayed 1 second(s)

2018-10-20 23:46:19 - [MESSAGE][PASSED] - Delayed 1 second(s)

2018-10-20 23:46:19 - [TEST_STEP][PASSED] - Statement - Try: Delayed 2 second(s)

2018-10-20 23:46:19 - [TEST_STEP][PASSED] - Statement - Checker = false: null

2018-10-20 23:46:19 - [TEST_STEP][PASSED] - Statement - Checker = com.kms.katalon.core.webui.keyword.WebUiBuiltInKeywords.verifyElementHasAttribute(com.kms.katalon.core.testobject.ObjectRepository.findTestObject(Final Object Repo/Landing Page/BM Detecting), "href", 20, OPTIONAL): Object 'Object Repository/Final Object Repo/Landing Page/BM Detecting' has attribute 'href'

2018-10-20 23:46:20 - [MESSAGE][PASSED] - Object 'Object Repository/Final Object Repo/Landing Page/BM Detecting' has attribute 'href'

2018-10-20 23:46:20 - [TEST_STEP][PASSED] - Statement - out.println(Checker): null

2018-10-20 23:46:20 - [TEST_STEP][PASSED] - Statement - If (Checker == false): null

2018-10-20 23:46:20 - [TEST_STEP][PASSED] - Statement - Else: null

2018-10-20 23:46:20 - [TEST_STEP][PASSED] - delay: Delayed 2 second(s)

2018-10-20 23:46:22 - [MESSAGE][PASSED] - Delayed 2 second(s)

2018-10-20 23:46:22 - [TEST_STEP][PASSED] - navigateToUrl: Navigate to 'https://assist2-uat.perkeso.gov.my/web/registration/eis-update/form-3-eis-cessation-as-employer' successfully

2018-10-20 23:46:23 - [MESSAGE][PASSED] - Navigate to 'https://assist2-uat.perkeso.gov.my/web/registration/eis-update/form-3-eis-cessation-as-employer' successfully

2018-10-20 23:46:23 - [TEST_STEP][PASSED] - delay: Delayed 1 second(s)

2018-10-20 23:46:24 - [MESSAGE][PASSED] - Delayed 1 second(s)

2018-10-20 23:46:24 - [TEST_STEP][PASSED] - setText: Text 'E1102069769W' is set on object 'Object Repository/Final Object Repo/Page_Form 3 EIS - Cessation as Employer/Employer Code'

2018-10-20 23:46:25 - [MESSAGE][PASSED] - Text 'E1102069769W' is set on object 'Object Repository/Final Object Repo/Page_Form 3 EIS - Cessation as Employer/Employer Code'

2018-10-20 23:46:25 - [TEST_STEP][PASSED] - click: Object: 'Object Repository/Final Object Repo/Page_Form 3 EIS - Cessation as Employer/Search' is clicked on

2018-10-20 23:46:25 - [MESSAGE][PASSED] - Object: 'Object Repository/Final Object Repo/Page_Form 3 EIS - Cessation as Employer/Search' is clicked on

2018-10-20 23:46:25 - [TEST_STEP][PASSED] - click: Object: 'Object Repository/Final Object Repo/Page_Form 3 EIS - Cessation as Employer/Edit' is clicked on

2018-10-20 23:46:27 - [MESSAGE][PASSED] - Object: 'Object Repository/Final Object Repo/Page_Form 3 EIS - Cessation as Employer/Edit' is clicked on

2018-10-20 23:46:27 - [TEST_STEP][PASSED] - delay: Delayed 1 second(s)

2018-10-20 23:46:28 - [MESSAGE][PASSED] - Delayed 1 second(s)

2018-10-20 23:46:28 - [TEST_STEP][PASSED] - Statement - abc = com.kms.katalon.core.webui.keyword.WebUiBuiltInKeywords.getAttribute(com.kms.katalon.core.testobject.ObjectRepository.findTestObject(Final Object Repo/Page_Form 3 EIS - Cessation as Employer/Employer Status), "value"): Attribute 'value' of object 'Object Repository/Final Object Repo/Page_Form 3 EIS - Cessation as Employer/Employer Status' is: 'Active'

2018-10-20 23:46:28 - [MESSAGE][PASSED] - Attribute 'value' of object 'Object Repository/Final Object Repo/Page_Form 3 EIS - Cessation as Employer/Employer Status' is: 'Active'

2018-10-20 23:46:28 - [TEST_STEP][PASSED] - Statement - out.println(abc): null

2018-10-20 23:46:28 - [TEST_STEP][PASSED] - Statement - If (abc == "Active"): Object: 'Object Repository/Final Object Repo/Page_Form 3 EIS - Cessation as Employer/Dormant EIS' is clicked on

2018-10-20 23:46:28 - [TEST_STEP][PASSED] - click: Object: 'Object Repository/Final Object Repo/Page_Form 3 EIS - Cessation as Employer/Change Employer Status to' is clicked on

2018-10-20 23:46:28 - [MESSAGE][PASSED] - Object: 'Object Repository/Final Object Repo/Page_Form 3 EIS - Cessation as Employer/Change Employer Status to' is clicked on

2018-10-20 23:46:28 - [TEST_STEP][PASSED] - click: Object: 'Object Repository/Final Object Repo/Page_Form 3 EIS - Cessation as Employer/Dormant EIS' is clicked on

2018-10-20 23:46:29 - [MESSAGE][PASSED] - Object: 'Object Repository/Final Object Repo/Page_Form 3 EIS - Cessation as Employer/Dormant EIS' is clicked on

2018-10-20 23:46:29 - [TEST_STEP][PASSED] - click: Object: 'Object Repository/Final Object Repo/Page_Form 3 EIS - Cessation as Employer/Calender' is clicked on

2018-10-20 23:46:29 - [MESSAGE][PASSED] - Object: 'Object Repository/Final Object Repo/Page_Form 3 EIS - Cessation as Employer/Calender' is clicked on

2018-10-20 23:46:29 - [TEST_STEP][PASSED] - delay: Delayed 1 second(s)

2018-10-20 23:46:30 - [MESSAGE][PASSED] - Delayed 1 second(s)

2018-10-20 23:46:30 - [TEST_STEP][PASSED] - click: Object: 'Object Repository/Final Object Repo/Page_Form 3 EIS - Cessation as Employer/Calender - Date' is clicked on

2018-10-20 23:46:30 - [MESSAGE][PASSED] - Object: 'Object Repository/Final Object Repo/Page_Form 3 EIS - Cessation as Employer/Calender - Date' is clicked on

2018-10-20 23:46:30 - [TEST_STEP][PASSED] - click: Object: 'Object Repository/Final Object Repo/Page_Form 3 EIS - Cessation as Employer/Save  Continue in Form 3 EIS Page' is clicked on

2018-10-20 23:46:30 - [MESSAGE][PASSED] - Object: 'Object Repository/Final Object Repo/Page_Form 3 EIS - Cessation as Employer/Save  Continue in Form 3 EIS Page' is clicked on

2018-10-20 23:46:30 - [TEST_STEP][PASSED] - delay: Delayed 1 second(s)

2018-10-20 23:46:31 - [MESSAGE][PASSED] - Delayed 1 second(s)

2018-10-20 23:46:31 - [TEST_STEP][PASSED] - click: Object: 'Object Repository/Final Object Repo/Page_Form 3 EIS - Cessation as Employer/Employment Resign Date' is clicked on

2018-10-20 23:46:32 - [MESSAGE][PASSED] - Object: 'Object Repository/Final Object Repo/Page_Form 3 EIS - Cessation as Employer/Employment Resign Date' is clicked on

2018-10-20 23:46:32 - [TEST_STEP][PASSED] - selectOptionByValue: All options with value '2018' are selected in object 'Object Repository/Final Object Repo/Page_Form 3 EIS - Cessation as Employer/Employment Resign Date - Year' 

2018-10-20 23:46:32 - [MESSAGE][PASSED] - All options with value '2018' are selected in object 'Object Repository/Final Object Repo/Page_Form 3 EIS - Cessation as Employer/Employment Resign Date - Year' 

2018-10-20 23:46:32 - [TEST_STEP][PASSED] - delay: Delayed 2 second(s)

2018-10-20 23:46:34 - [MESSAGE][PASSED] - Delayed 2 second(s)

2018-10-20 23:46:34 - [TEST_STEP][PASSED] - click: Object: 'Object Repository/Final Object Repo/Page_Form 3 EIS - Cessation as Employer/Employment Resign Date - Year - Date' is clicked on

2018-10-20 23:46:34 - [MESSAGE][PASSED] - Object: 'Object Repository/Final Object Repo/Page_Form 3 EIS - Cessation as Employer/Employment Resign Date - Year - Date' is clicked on

2018-10-20 23:46:34 - [TEST_STEP][PASSED] - delay: Delayed 2 second(s)

2018-10-20 23:46:36 - [MESSAGE][PASSED] - Delayed 2 second(s)

2018-10-20 23:46:36 - [TEST_STEP][PASSED] - click: Object: 'Object Repository/Final Object Repo/Page_Form 3 EIS - Cessation as Employer/Save  Continue in Employment Resign Page' is clicked on

2018-10-20 23:46:36 - [MESSAGE][PASSED] - Object: 'Object Repository/Final Object Repo/Page_Form 3 EIS - Cessation as Employer/Save  Continue in Employment Resign Page' is clicked on

2018-10-20 23:46:36 - [TEST_STEP][PASSED] - delay: Delayed 2 second(s)

2018-10-20 23:46:38 - [MESSAGE][PASSED] - Delayed 2 second(s)

2018-10-20 23:46:38 - [TEST_STEP][PASSED] - click: Object: 'Object Repository/Final Object Repo/Page_Form 3 EIS - Cessation as Employer/Add Document' is clicked on

2018-10-20 23:46:40 - [MESSAGE][PASSED] - Object: 'Object Repository/Final Object Repo/Page_Form 3 EIS - Cessation as Employer/Add Document' is clicked on

2018-10-20 23:46:40 - [TEST_STEP][PASSED] - delay: Delayed 3 second(s)

2018-10-20 23:46:43 - [MESSAGE][PASSED] - Delayed 3 second(s)

2018-10-20 23:46:43 - [TEST_STEP][PASSED] - click: Object: 'Object Repository/Final Object Repo/Page_Form 3 EIS - Cessation as Employer/Document Type' is clicked on

2018-10-20 23:46:43 - [MESSAGE][PASSED] - Object: 'Object Repository/Final Object Repo/Page_Form 3 EIS - Cessation as Employer/Document Type' is clicked on

2018-10-20 23:46:43 - [TEST_STEP][PASSED] - click: Object: 'Object Repository/Final Object Repo/Page_Form 3 EIS - Cessation as Employer/Document Type - Form 3' is clicked on

2018-10-20 23:46:44 - [MESSAGE][PASSED] - Object: 'Object Repository/Final Object Repo/Page_Form 3 EIS - Cessation as Employer/Document Type - Form 3' is clicked on

2018-10-20 23:46:44 - [TEST_STEP][PASSED] - delay: Delayed 2 second(s)

2018-10-20 23:46:46 - [MESSAGE][PASSED] - Delayed 2 second(s)

2018-10-20 23:46:46 - [TEST_STEP][PASSED] - sendKeys: Keys 'C:\Users\Public\Pictures\Sample Pictures\Act.jpg' sent to object: 'Object Repository/Final Object Repo/Page_Form 3 EIS - Cessation as Employer/ploading File'

2018-10-20 23:46:46 - [MESSAGE][PASSED] - Keys 'C:\Users\Public\Pictures\Sample Pictures\Act.jpg' sent to object: 'Object Repository/Final Object Repo/Page_Form 3 EIS - Cessation as Employer/ploading File'

2018-10-20 23:46:46 - [TEST_STEP][PASSED] - delay: Delayed 1 second(s)

2018-10-20 23:46:47 - [MESSAGE][PASSED] - Delayed 1 second(s)

2018-10-20 23:46:47 - [TEST_STEP][PASSED] - click: Object: 'Object Repository/Final Object Repo/Page_Form 3 EIS - Cessation as Employer/Add Document in Uploading Page' is clicked on

2018-10-20 23:46:47 - [MESSAGE][PASSED] - Object: 'Object Repository/Final Object Repo/Page_Form 3 EIS - Cessation as Employer/Add Document in Uploading Page' is clicked on

2018-10-20 23:46:47 - [TEST_STEP][PASSED] - delay: Delayed 2 second(s)

2018-10-20 23:46:49 - [MESSAGE][PASSED] - Delayed 2 second(s)

2018-10-20 23:46:49 - [TEST_STEP][PASSED] - Statement - CaseReferenceNo = com.kms.katalon.core.webui.keyword.WebUiBuiltInKeywords.getText(com.kms.katalon.core.testobject.ObjectRepository.findTestObject(Final Object Repo/Page_Update Employer Information/Reference Number in Update Employee Information Page)): Text of object 'Object Repository/Final Object Repo/Page_Update Employer Information/Reference Number in Update Employee Information Page' is: 'ERN102018C200002202'

2018-10-20 23:46:52 - [MESSAGE][PASSED] - Text of object 'Object Repository/Final Object Repo/Page_Update Employer Information/Reference Number in Update Employee Information Page' is: 'ERN102018C200002202'

2018-10-20 23:46:52 - [TEST_STEP][PASSED] - callTestCase: Call Test Case 'Test Cases/Final Aug 2018 - PKS Automation/Common/Reference Number Setter' successfully

2018-10-20 23:46:52 - [TEST_CASE][PASSED] - Test Cases/Final Aug 2018 - PKS Automation/Common/Reference Number Setter: Test Cases/Final Aug 2018 - PKS Automation/Common/Reference Number Setter

2018-10-20 23:46:52 - [TEST_STEP][PASSED] - Statement - RefNoOldFile = new java.io.File(C://KatalonReference.txt): null

2018-10-20 23:46:52 - [TEST_STEP][PASSED] - Statement - RefNoOldFile.delete(): null

2018-10-20 23:46:52 - [TEST_STEP][PASSED] - Statement - RefNo = new java.io.File(C://KatalonReference.txt): null

2018-10-20 23:46:52 - [TEST_STEP][PASSED] - Statement - RefNo.append(CaseReferenceNo): null

2018-10-20 23:46:52 - [TEST_STEP][PASSED] - Statement - out.println("


" + CaseReferenceNo + "


"): null

2018-10-20 23:46:52 - [MESSAGE][PASSED] - Call Test Case 'Test Cases/Final Aug 2018 - PKS Automation/Common/Reference Number Setter' successfully

2018-10-20 23:46:52 - [TEST_STEP][PASSED] - delay: Delayed 2 second(s)

2018-10-20 23:46:54 - [MESSAGE][PASSED] - Delayed 2 second(s)

2018-10-20 23:46:54 - [TEST_STEP][PASSED] - click: Object: 'Object Repository/Final Object Repo/Page_Form 3 EIS - Cessation as Employer/Save  Continue in Uploading Page' is clicked on

2018-10-20 23:46:54 - [MESSAGE][PASSED] - Object: 'Object Repository/Final Object Repo/Page_Form 3 EIS - Cessation as Employer/Save  Continue in Uploading Page' is clicked on

2018-10-20 23:46:54 - [TEST_STEP][PASSED] - delay: Delayed 2 second(s)

2018-10-20 23:46:56 - [MESSAGE][PASSED] - Delayed 2 second(s)

2018-10-20 23:46:56 - [TEST_STEP][PASSED] - click: Object: 'Object Repository/Final Object Repo/Page_Form 3 EIS - Cessation as Employer/Submit' is clicked on

2018-10-20 23:47:00 - [MESSAGE][PASSED] - Object: 'Object Repository/Final Object Repo/Page_Form 3 EIS - Cessation as Employer/Submit' is clicked on

2018-10-20 23:47:00 - [TEST_STEP][PASSED] - delay: Delayed 2 second(s)

2018-10-20 23:47:02 - [MESSAGE][PASSED] - Delayed 2 second(s)

2018-10-20 23:47:02 - [TEST_STEP][PASSED] - click: Object: 'Object Repository/Final Object Repo/Page_Form 3 EIS - Cessation as Employer/Confirm' is clicked on

2018-10-20 23:47:02 - [MESSAGE][PASSED] - Object: 'Object Repository/Final Object Repo/Page_Form 3 EIS - Cessation as Employer/Confirm' is clicked on

2018-10-20 23:47:02 - [TEST_STEP][PASSED] - delay: Delayed 2 second(s)

2018-10-20 23:47:04 - [MESSAGE][PASSED] - Delayed 2 second(s)

2018-10-20 23:47:04 - [TEST_STEP][PASSED] - click: Object: 'Object Repository/Final Object Repo/Page_Form 3 EIS - Cessation as Employer/Message Your Request will be routed to UO' is clicked on

2018-10-20 23:47:08 - [MESSAGE][PASSED] - Object: 'Object Repository/Final Object Repo/Page_Form 3 EIS - Cessation as Employer/Message Your Request will be routed to UO' is clicked on

2018-10-20 23:47:08 - [TEST_STEP][PASSED] - click: Object: 'Object Repository/Final Object Repo/Page_Form 3 EIS - Cessation as Employer/Letter of acknowledgement' is clicked on

2018-10-20 23:47:09 - [MESSAGE][PASSED] - Object: 'Object Repository/Final Object Repo/Page_Form 3 EIS - Cessation as Employer/Letter of acknowledgement' is clicked on

2018-10-20 23:47:09 - [MESSAGE][PASSED] - Call Test Case 'Test Cases/Final Aug 2018 - PKS Automation/Registration Module/Workflow/Form 3 EIS - Cessation As Employer/Template/Form 3 A - Cessation As Employer (OTC)' successfully

2018-10-20 23:47:09 - [TEST_STEP][FAILED] - callTestCase: Unable to call Test Case with id 'Test Cases/Final Aug 2018 - PKS Automation/Registration Module/Workflow/Form 3 EIS - Cessation As Employer/Template/Form 3 A - Cessation As Employer (Query)' (Root cause: Call Test Case 'Test Cases/Final Aug 2018 - PKS Automation/Registration Module/Workflow/Form 3 EIS - Cessation As Employer/Template/Form 3 A - Cessation As Employer (Query)' failed)

2018-10-20 23:47:09 - [TEST_CASE][FAILED] - Test Cases/Final Aug 2018 - PKS Automation/Registration Module/Workflow/Form 3 EIS - Cessation As Employer/Template/Form 3 A - Cessation As Employer (Query): Test Cases/Final Aug 2018 - PKS Automation/Registration Module/Workflow/Form 3 EIS - Cessation As Employer/Template/Form 3 A - Cessation As Employer (Query) FAILED because (of) (Stack trace: com.kms.katalon.core.exception.StepFailedException: Unable to click on object 'Object Repository/Final Object Repo/Landing Page/Select to English' (Root cause: com.kms.katalon.core.webui.exception.WebElementNotFoundException: Web element with id: 'Object Repository/Final Object Repo/Landing Page/Select to English' located by 'By.xpath: //a[@class = 'taglib-language-list-text' and @lang = 'en-US' and (contains(text(), 'EN') or contains(., 'EN'))]' not found)
	at com.kms.katalon.core.keyword.internal.KeywordMain.stepFailed(KeywordMain.groovy:32)
	at com.kms.katalon.core.webui.keyword.internal.WebUIKeywordMain.stepFailed(WebUIKeywordMain.groovy:65)
	at com.kms.katalon.core.webui.keyword.internal.WebUIKeywordMain.runKeyword(WebUIKeywordMain.groovy:27)
	at com.kms.katalon.core.webui.keyword.builtin.ClickKeyword.click(ClickKeyword.groovy:86)
	at com.kms.katalon.core.webui.keyword.builtin.ClickKeyword.execute(ClickKeyword.groovy:67)
	at com.kms.katalon.core.keyword.internal.KeywordExecutor.executeKeywordForPlatform(KeywordExecutor.groovy:53)
	at com.kms.katalon.core.webui.keyword.WebUiBuiltInKeywords.click(WebUiBuiltInKeywords.groovy:604)
	at com.kms.katalon.core.webui.keyword.WebUiBuiltInKeywords$click$8.call(Unknown Source)
	at Script1534407542420.run(Script1534407542420.groovy:57)
	at com.kms.katalon.core.main.ScriptEngine.run(ScriptEngine.java:183)
	at com.kms.katalon.core.main.ScriptEngine.runScriptAsRawText(ScriptEngine.java:108)
	at com.kms.katalon.core.main.TestCaseExecutor.runScript(TestCaseExecutor.java:294)
	at com.kms.katalon.core.main.TestCaseExecutor.doExecute(TestCaseExecutor.java:285)
	at com.kms.katalon.core.main.TestCaseExecutor.processExecutionPhase(TestCaseExecutor.java:264)
	at com.kms.katalon.core.main.TestCaseExecutor.accessMainPhase(TestCaseExecutor.java:256)
	at com.kms.katalon.core.main.TestCaseExecutor.execute(TestCaseExecutor.java:200)
	at com.kms.katalon.core.main.TestCaseMain.runTestCase(TestCaseMain.java:99)
	at com.kms.katalon.core.keyword.builtin.CallTestCaseKeyword$_callTestCase_closure1.doCall(CallTestCaseKeyword.groovy:60)
	at com.kms.katalon.core.keyword.builtin.CallTestCaseKeyword$_callTestCase_closure1.call(CallTestCaseKeyword.groovy)
	at com.kms.katalon.core.keyword.internal.KeywordMain.runKeyword(KeywordMain.groovy:54)
	at com.kms.katalon.core.keyword.builtin.CallTestCaseKeyword.callTestCase(CallTestCaseKeyword.groovy:81)
	at com.kms.katalon.core.keyword.builtin.CallTestCaseKeyword.execute(CallTestCaseKeyword.groovy:45)
	at com.kms.katalon.core.keyword.internal.KeywordExecutor.executeKeywordForPlatform(KeywordExecutor.groovy:53)
	at com.kms.katalon.core.keyword.BuiltinKeywords.callTestCase(BuiltinKeywords.groovy:334)
	at sun.reflect.GeneratedMethodAccessor13.invoke(Unknown Source)
	at sun.reflect.DelegatingMethodAccessorImpl.invoke(DelegatingMethodAccessorImpl.java:43)
	at java.lang.reflect.Method.invoke(Method.java:498)
	at org.codehaus.groovy.reflection.CachedMethod.invoke(CachedMethod.java:93)
	at groovy.lang.MetaMethod.doMethodInvoke(MetaMethod.java:325)
	at groovy.lang.MetaClassImpl.invokeStaticMethod(MetaClassImpl.java:1469)
	at org.codehaus.groovy.runtime.callsite.StaticMetaClassSite.call(StaticMetaClassSite.java:53)
	at org.codehaus.groovy.runtime.callsite.AbstractCallSite.call(AbstractCallSite.java:141)
	at Script1536114876563.run(Script1536114876563.groovy:34)
	at com.kms.katalon.core.main.ScriptEngine.run(ScriptEngine.java:183)
	at com.kms.katalon.core.main.ScriptEngine.runScriptAsRawText(ScriptEngine.java:108)
	at com.kms.katalon.core.main.TestCaseExecutor.runScript(TestCaseExecutor.java:294)
	at com.kms.katalon.core.main.TestCaseExecutor.doExecute(TestCaseExecutor.java:285)
	at com.kms.katalon.core.main.TestCaseExecutor.processExecutionPhase(TestCaseExecutor.java:264)
	at com.kms.katalon.core.main.TestCaseExecutor.accessMainPhase(TestCaseExecutor.java:256)
	at com.kms.katalon.core.main.TestCaseExecutor.execute(TestCaseExecutor.java:200)
	at com.kms.katalon.core.main.TestCaseMain.runTestCase(TestCaseMain.java:99)
	at com.kms.katalon.core.keyword.builtin.CallTestCaseKeyword$_callTestCase_closure1.doCall(CallTestCaseKeyword.groovy:60)
	at com.kms.katalon.core.keyword.builtin.CallTestCaseKeyword$_callTestCase_closure1.call(CallTestCaseKeyword.groovy)
	at com.kms.katalon.core.keyword.internal.KeywordMain.runKeyword(KeywordMain.groovy:54)
	at com.kms.katalon.core.keyword.builtin.CallTestCaseKeyword.callTestCase(CallTestCaseKeyword.groovy:81)
	at com.kms.katalon.core.keyword.builtin.CallTestCaseKeyword.execute(CallTestCaseKeyword.groovy:45)
	at com.kms.katalon.core.keyword.internal.KeywordExecutor.executeKeywordForPlatform(KeywordExecutor.groovy:53)
	at com.kms.katalon.core.keyword.BuiltinKeywords.callTestCase(BuiltinKeywords.groovy:334)
	at sun.reflect.GeneratedMethodAccessor13.invoke(Unknown Source)
	at sun.reflect.DelegatingMethodAccessorImpl.invoke(DelegatingMethodAccessorImpl.java:43)
	at java.lang.reflect.Method.invoke(Method.java:498)
	at org.codehaus.groovy.reflection.CachedMethod.invoke(CachedMethod.java:93)
	at groovy.lang.MetaMethod.doMethodInvoke(MetaMethod.java:325)
	at groovy.lang.MetaClassImpl.invokeStaticMethod(MetaClassImpl.java:1469)
	at org.codehaus.groovy.runtime.callsite.StaticMetaClassSite.call(StaticMetaClassSite.java:53)
	at org.codehaus.groovy.runtime.callsite.CallSiteArray.defaultCall(CallSiteArray.java:48)
	at org.codehaus.groovy.runtime.callsite.AbstractCallSite.call(AbstractCallSite.java:113)
	at org.codehaus.groovy.runtime.callsite.AbstractCallSite.call(AbstractCallSite.java:141)
	at Script1536204253481.run(Script1536204253481.groovy:25)
	at com.kms.katalon.core.main.ScriptEngine.run(ScriptEngine.java:183)
	at com.kms.katalon.core.main.ScriptEngine.runScriptAsRawText(ScriptEngine.java:108)
	at com.kms.katalon.core.main.TestCaseExecutor.runScript(TestCaseExecutor.java:294)
	at com.kms.katalon.core.main.TestCaseExecutor.doExecute(TestCaseExecutor.java:285)
	at com.kms.katalon.core.main.TestCaseExecutor.processExecutionPhase(TestCaseExecutor.java:264)
	at com.kms.katalon.core.main.TestCaseExecutor.accessMainPhase(TestCaseExecutor.java:256)
	at com.kms.katalon.core.main.TestCaseExecutor.execute(TestCaseExecutor.java:200)
	at com.kms.katalon.core.main.TestSuiteExecutor.accessTestCaseMainPhase(TestSuiteExecutor.java:129)
	at com.kms.katalon.core.main.TestSuiteExecutor.accessTestSuiteMainPhase(TestSuiteExecutor.java:112)
	at com.kms.katalon.core.main.TestSuiteExecutor.execute(TestSuiteExecutor.java:81)
	at com.kms.katalon.core.main.TestCaseMain.startTestSuite(TestCaseMain.java:142)
	at com.kms.katalon.core.main.TestCaseMain$startTestSuite$0.call(Unknown Source)
	at org.codehaus.groovy.runtime.callsite.CallSiteArray.defaultCall(CallSiteArray.java:48)
	at org.codehaus.groovy.runtime.callsite.AbstractCallSite.call(AbstractCallSite.java:113)
	at org.codehaus.groovy.runtime.callsite.AbstractCallSite.call(AbstractCallSite.java:141)
	at TempTestSuite1540025489648.run(TempTestSuite1540025489648.groovy:36)
	at groovy.lang.GroovyShell.runScriptOrMainOrTestOrRunnable(GroovyShell.java:263)
	at groovy.lang.GroovyShell.run(GroovyShell.java:518)
	at groovy.lang.GroovyShell.run(GroovyShell.java:507)
	at groovy.ui.GroovyMain.processOnce(GroovyMain.java:653)
	at groovy.ui.GroovyMain.run(GroovyMain.java:384)
	at groovy.ui.GroovyMain.process(GroovyMain.java:370)
	at groovy.ui.GroovyMain.processArgs(GroovyMain.java:129)
	at groovy.ui.GroovyMain.main(GroovyMain.java:109)
	at sun.reflect.NativeMethodAccessorImpl.invoke0(Native Method)
	at sun.reflect.NativeMethodAccessorImpl.invoke(NativeMethodAccessorImpl.java:62)
	at sun.reflect.DelegatingMethodAccessorImpl.invoke(DelegatingMethodAccessorImpl.java:43)
	at java.lang.reflect.Method.invoke(Method.java:498)
	at org.codehaus.groovy.tools.GroovyStarter.rootLoader(GroovyStarter.java:109)
	at org.codehaus.groovy.tools.GroovyStarter.main(GroovyStarter.java:131)
)

2018-10-20 23:47:09 - [TEST_STEP][NOT_RUN] - callTestCase: NOT_RUN: callTestCase

2018-10-20 23:47:09 - [MESSAGE][NOT_RUN] - NOT_RUN: callTestCase

2018-10-20 23:47:09 - [TEST_STEP][PASSED] - delay: Delayed 1 second(s)

2018-10-20 23:47:10 - [MESSAGE][PASSED] - Delayed 1 second(s)

2018-10-20 23:47:10 - [TEST_STEP][PASSED] - navigateToUrl: Navigate to 'https://assist2-uat.perkeso.gov.my/c/portal/logout' successfully

2018-10-20 23:47:11 - [MESSAGE][PASSED] - Navigate to 'https://assist2-uat.perkeso.gov.my/c/portal/logout' successfully

2018-10-20 23:47:11 - [TEST_STEP][PASSED] - delay: Delayed 1 second(s)

2018-10-20 23:47:12 - [MESSAGE][PASSED] - Delayed 1 second(s)

2018-10-20 23:47:12 - [TEST_STEP][PASSED] - callTestCase: Call Test Case 'Test Cases/Final Aug 2018 - PKS Automation/Common/Reference Number Getter' successfully

2018-10-20 23:47:12 - [TEST_CASE][PASSED] - Test Cases/Final Aug 2018 - PKS Automation/Common/Reference Number Getter: Test Cases/Final Aug 2018 - PKS Automation/Common/Reference Number Getter

2018-10-20 23:47:12 - [TEST_STEP][PASSED] - Statement - Try: null

2018-10-20 23:47:12 - [TEST_STEP][PASSED] - Statement - RefNo = new java.io.File(C://KatalonReference.txt): null

2018-10-20 23:47:12 - [TEST_STEP][PASSED] - Statement - bufferread = new java.io.BufferedReader(new java.io.FileReader(RefNo)): null

2018-10-20 23:47:12 - [TEST_STEP][PASSED] - Statement - readedVal = bufferread.readLine(): null

2018-10-20 23:47:12 - [TEST_STEP][PASSED] - Statement - out.println(CaseReferenceNo): null

2018-10-20 23:47:12 - [TEST_STEP][PASSED] - Statement - out.println(readedVal): null

2018-10-20 23:47:12 - [TEST_STEP][PASSED] - Statement - CaseReferenceNo = readedVal: null

2018-10-20 23:47:12 - [MESSAGE][PASSED] - Call Test Case 'Test Cases/Final Aug 2018 - PKS Automation/Common/Reference Number Getter' successfully

2018-10-20 23:47:12 - [TEST_STEP][FAILED] - callTestCase: Unable to call Test Case with id 'Test Cases/Final Aug 2018 - PKS Automation/Common/Workflow Owner Finder' (Root cause: Call Test Case 'Test Cases/Final Aug 2018 - PKS Automation/Common/Workflow Owner Finder' failed)

2018-10-20 23:47:12 - [TEST_CASE][FAILED] - Test Cases/Final Aug 2018 - PKS Automation/Common/Workflow Owner Finder: Test Cases/Final Aug 2018 - PKS Automation/Common/Workflow Owner Finder FAILED because (of) (Stack trace: com.kms.katalon.core.exception.StepFailedException: Unable to click on object 'Object Repository/Final Object Repo/Landing Page/Select to English' (Root cause: com.kms.katalon.core.webui.exception.WebElementNotFoundException: Web element with id: 'Object Repository/Final Object Repo/Landing Page/Select to English' located by 'By.xpath: //a[@class = 'taglib-language-list-text' and @lang = 'en-US' and (contains(text(), 'EN') or contains(., 'EN'))]' not found)
	at com.kms.katalon.core.keyword.internal.KeywordMain.stepFailed(KeywordMain.groovy:32)
	at com.kms.katalon.core.webui.keyword.internal.WebUIKeywordMain.stepFailed(WebUIKeywordMain.groovy:65)
	at com.kms.katalon.core.webui.keyword.internal.WebUIKeywordMain.runKeyword(WebUIKeywordMain.groovy:27)
	at com.kms.katalon.core.webui.keyword.builtin.ClickKeyword.click(ClickKeyword.groovy:86)
	at com.kms.katalon.core.webui.keyword.builtin.ClickKeyword.execute(ClickKeyword.groovy:67)
	at com.kms.katalon.core.keyword.internal.KeywordExecutor.executeKeywordForPlatform(KeywordExecutor.groovy:53)
	at com.kms.katalon.core.webui.keyword.WebUiBuiltInKeywords.click(WebUiBuiltInKeywords.groovy:604)
	at com.kms.katalon.core.webui.keyword.WebUiBuiltInKeywords$click$8.call(Unknown Source)
	at Script1534407542420.run(Script1534407542420.groovy:57)
	at com.kms.katalon.core.main.ScriptEngine.run(ScriptEngine.java:183)
	at com.kms.katalon.core.main.ScriptEngine.runScriptAsRawText(ScriptEngine.java:108)
	at com.kms.katalon.core.main.TestCaseExecutor.runScript(TestCaseExecutor.java:294)
	at com.kms.katalon.core.main.TestCaseExecutor.doExecute(TestCaseExecutor.java:285)
	at com.kms.katalon.core.main.TestCaseExecutor.processExecutionPhase(TestCaseExecutor.java:264)
	at com.kms.katalon.core.main.TestCaseExecutor.accessMainPhase(TestCaseExecutor.java:256)
	at com.kms.katalon.core.main.TestCaseExecutor.execute(TestCaseExecutor.java:200)
	at com.kms.katalon.core.main.TestCaseMain.runTestCase(TestCaseMain.java:99)
	at com.kms.katalon.core.keyword.builtin.CallTestCaseKeyword$_callTestCase_closure1.doCall(CallTestCaseKeyword.groovy:60)
	at com.kms.katalon.core.keyword.builtin.CallTestCaseKeyword$_callTestCase_closure1.call(CallTestCaseKeyword.groovy)
	at com.kms.katalon.core.keyword.internal.KeywordMain.runKeyword(KeywordMain.groovy:54)
	at com.kms.katalon.core.keyword.builtin.CallTestCaseKeyword.callTestCase(CallTestCaseKeyword.groovy:81)
	at com.kms.katalon.core.keyword.builtin.CallTestCaseKeyword.execute(CallTestCaseKeyword.groovy:45)
	at com.kms.katalon.core.keyword.internal.KeywordExecutor.executeKeywordForPlatform(KeywordExecutor.groovy:53)
	at com.kms.katalon.core.keyword.BuiltinKeywords.callTestCase(BuiltinKeywords.groovy:334)
	at sun.reflect.GeneratedMethodAccessor13.invoke(Unknown Source)
	at sun.reflect.DelegatingMethodAccessorImpl.invoke(DelegatingMethodAccessorImpl.java:43)
	at java.lang.reflect.Method.invoke(Method.java:498)
	at org.codehaus.groovy.reflection.CachedMethod.invoke(CachedMethod.java:93)
	at groovy.lang.MetaMethod.doMethodInvoke(MetaMethod.java:325)
	at groovy.lang.MetaClassImpl.invokeStaticMethod(MetaClassImpl.java:1469)
	at org.codehaus.groovy.runtime.callsite.StaticMetaClassSite.call(StaticMetaClassSite.java:53)
	at org.codehaus.groovy.runtime.callsite.AbstractCallSite.call(AbstractCallSite.java:141)
	at Script1536114876563.run(Script1536114876563.groovy:34)
	at com.kms.katalon.core.main.ScriptEngine.run(ScriptEngine.java:183)
	at com.kms.katalon.core.main.ScriptEngine.runScriptAsRawText(ScriptEngine.java:108)
	at com.kms.katalon.core.main.TestCaseExecutor.runScript(TestCaseExecutor.java:294)
	at com.kms.katalon.core.main.TestCaseExecutor.doExecute(TestCaseExecutor.java:285)
	at com.kms.katalon.core.main.TestCaseExecutor.processExecutionPhase(TestCaseExecutor.java:264)
	at com.kms.katalon.core.main.TestCaseExecutor.accessMainPhase(TestCaseExecutor.java:256)
	at com.kms.katalon.core.main.TestCaseExecutor.execute(TestCaseExecutor.java:200)
	at com.kms.katalon.core.main.TestCaseMain.runTestCase(TestCaseMain.java:99)
	at com.kms.katalon.core.keyword.builtin.CallTestCaseKeyword$_callTestCase_closure1.doCall(CallTestCaseKeyword.groovy:60)
	at com.kms.katalon.core.keyword.builtin.CallTestCaseKeyword$_callTestCase_closure1.call(CallTestCaseKeyword.groovy)
	at com.kms.katalon.core.keyword.internal.KeywordMain.runKeyword(KeywordMain.groovy:54)
	at com.kms.katalon.core.keyword.builtin.CallTestCaseKeyword.callTestCase(CallTestCaseKeyword.groovy:81)
	at com.kms.katalon.core.keyword.builtin.CallTestCaseKeyword.execute(CallTestCaseKeyword.groovy:45)
	at com.kms.katalon.core.keyword.internal.KeywordExecutor.executeKeywordForPlatform(KeywordExecutor.groovy:53)
	at com.kms.katalon.core.keyword.BuiltinKeywords.callTestCase(BuiltinKeywords.groovy:334)
	at sun.reflect.GeneratedMethodAccessor13.invoke(Unknown Source)
	at sun.reflect.DelegatingMethodAccessorImpl.invoke(DelegatingMethodAccessorImpl.java:43)
	at java.lang.reflect.Method.invoke(Method.java:498)
	at org.codehaus.groovy.reflection.CachedMethod.invoke(CachedMethod.java:93)
	at groovy.lang.MetaMethod.doMethodInvoke(MetaMethod.java:325)
	at groovy.lang.MetaClassImpl.invokeStaticMethod(MetaClassImpl.java:1469)
	at org.codehaus.groovy.runtime.callsite.StaticMetaClassSite.call(StaticMetaClassSite.java:53)
	at org.codehaus.groovy.runtime.callsite.CallSiteArray.defaultCall(CallSiteArray.java:48)
	at org.codehaus.groovy.runtime.callsite.AbstractCallSite.call(AbstractCallSite.java:113)
	at org.codehaus.groovy.runtime.callsite.AbstractCallSite.call(AbstractCallSite.java:141)
	at Script1536204253481.run(Script1536204253481.groovy:25)
	at com.kms.katalon.core.main.ScriptEngine.run(ScriptEngine.java:183)
	at com.kms.katalon.core.main.ScriptEngine.runScriptAsRawText(ScriptEngine.java:108)
	at com.kms.katalon.core.main.TestCaseExecutor.runScript(TestCaseExecutor.java:294)
	at com.kms.katalon.core.main.TestCaseExecutor.doExecute(TestCaseExecutor.java:285)
	at com.kms.katalon.core.main.TestCaseExecutor.processExecutionPhase(TestCaseExecutor.java:264)
	at com.kms.katalon.core.main.TestCaseExecutor.accessMainPhase(TestCaseExecutor.java:256)
	at com.kms.katalon.core.main.TestCaseExecutor.execute(TestCaseExecutor.java:200)
	at com.kms.katalon.core.main.TestSuiteExecutor.accessTestCaseMainPhase(TestSuiteExecutor.java:129)
	at com.kms.katalon.core.main.TestSuiteExecutor.accessTestSuiteMainPhase(TestSuiteExecutor.java:112)
	at com.kms.katalon.core.main.TestSuiteExecutor.execute(TestSuiteExecutor.java:81)
	at com.kms.katalon.core.main.TestCaseMain.startTestSuite(TestCaseMain.java:142)
	at com.kms.katalon.core.main.TestCaseMain$startTestSuite$0.call(Unknown Source)
	at org.codehaus.groovy.runtime.callsite.CallSiteArray.defaultCall(CallSiteArray.java:48)
	at org.codehaus.groovy.runtime.callsite.AbstractCallSite.call(AbstractCallSite.java:113)
	at org.codehaus.groovy.runtime.callsite.AbstractCallSite.call(AbstractCallSite.java:141)
	at TempTestSuite1540025489648.run(TempTestSuite1540025489648.groovy:36)
	at groovy.lang.GroovyShell.runScriptOrMainOrTestOrRunnable(GroovyShell.java:263)
	at groovy.lang.GroovyShell.run(GroovyShell.java:518)
	at groovy.lang.GroovyShell.run(GroovyShell.java:507)
	at groovy.ui.GroovyMain.processOnce(GroovyMain.java:653)
	at groovy.ui.GroovyMain.run(GroovyMain.java:384)
	at groovy.ui.GroovyMain.process(GroovyMain.java:370)
	at groovy.ui.GroovyMain.processArgs(GroovyMain.java:129)
	at groovy.ui.GroovyMain.main(GroovyMain.java:109)
	at sun.reflect.NativeMethodAccessorImpl.invoke0(Native Method)
	at sun.reflect.NativeMethodAccessorImpl.invoke(NativeMethodAccessorImpl.java:62)
	at sun.reflect.DelegatingMethodAccessorImpl.invoke(DelegatingMethodAccessorImpl.java:43)
	at java.lang.reflect.Method.invoke(Method.java:498)
	at org.codehaus.groovy.tools.GroovyStarter.rootLoader(GroovyStarter.java:109)
	at org.codehaus.groovy.tools.GroovyStarter.main(GroovyStarter.java:131)
)

2018-10-20 23:47:12 - [TEST_STEP][PASSED] - openBrowser: Browser is opened with url: ''

2018-10-20 23:47:12 - [MESSAGE][WARNING] - A browser is already opened. Closing browser and opening a new one

2018-10-20 23:47:16 - [MESSAGE][PASSED] - Browser is opened with url: ''

2018-10-20 23:47:16 - [TEST_STEP][PASSED] - navigateToUrl: Navigate to 'https://assist2-uat.perkeso.gov.my/login' successfully

2018-10-20 23:47:18 - [MESSAGE][PASSED] - Navigate to 'https://assist2-uat.perkeso.gov.my/login' successfully

2018-10-20 23:47:18 - [TEST_STEP][PASSED] - delay: Delayed 5 second(s)

2018-10-20 23:47:23 - [MESSAGE][PASSED] - Delayed 5 second(s)

2018-10-20 23:47:23 - [TEST_STEP][PASSED] - setText: Text 'test@liferay.com' is set on object 'Object Repository/Final Object Repo/Login Page/Internal User/Email Address'

2018-10-20 23:47:23 - [MESSAGE][PASSED] - Text 'test@liferay.com' is set on object 'Object Repository/Final Object Repo/Login Page/Internal User/Email Address'

2018-10-20 23:47:23 - [TEST_STEP][PASSED] - click: Object: 'Object Repository/Final Object Repo/Login Page/Internal User/Next Button' is clicked on

2018-10-20 23:47:23 - [MESSAGE][PASSED] - Object: 'Object Repository/Final Object Repo/Login Page/Internal User/Next Button' is clicked on

2018-10-20 23:47:23 - [TEST_STEP][PASSED] - delay: Delayed 2 second(s)

2018-10-20 23:47:25 - [MESSAGE][PASSED] - Delayed 2 second(s)

2018-10-20 23:47:25 - [TEST_STEP][PASSED] - setText: Text 'test' is set on object 'Object Repository/Final Object Repo/Login Page/Internal User/Password'

2018-10-20 23:47:26 - [MESSAGE][PASSED] - Text 'test' is set on object 'Object Repository/Final Object Repo/Login Page/Internal User/Password'

2018-10-20 23:47:26 - [TEST_STEP][PASSED] - delay: Delayed 2 second(s)

2018-10-20 23:47:28 - [MESSAGE][PASSED] - Delayed 2 second(s)

2018-10-20 23:47:28 - [TEST_STEP][PASSED] - click: Object: 'Object Repository/Final Object Repo/Login Page/Internal User/Login Button' is clicked on

2018-10-20 23:47:28 - [MESSAGE][PASSED] - Object: 'Object Repository/Final Object Repo/Login Page/Internal User/Login Button' is clicked on

2018-10-20 23:47:28 - [TEST_STEP][FAILED] - Statement - Try: Delayed 2 second(s)

2018-10-20 23:47:28 - [TEST_STEP][PASSED] - Statement - Checker = false: null

2018-10-20 23:47:28 - [TEST_STEP][PASSED] - Statement - Checker = com.kms.katalon.core.webui.keyword.WebUiBuiltInKeywords.verifyElementHasAttribute(com.kms.katalon.core.testobject.ObjectRepository.findTestObject(Final Object Repo/Landing Page/BM Detecting), "href", 20, OPTIONAL): Unable to verify if object 'Object Repository/Final Object Repo/Landing Page/BM Detecting' has attribute 'href' (Root cause: org.openqa.selenium.StaleElementReferenceException: stale element reference: element is not attached to the page document
  (Session info: chrome=69.0.3497.100)
  (Driver info: chromedriver=2.35.528161 (5b82f2d2aae0ca24b877009200ced9065a772e73),platform=Windows NT 6.1.7601 SP1 x86_64) (WARNING: The server did not provide any stacktrace information)
Command duration or timeout: 0 milliseconds
For documentation on this error, please visit: http://seleniumhq.org/exceptions/stale_element_reference.html
Build info: version: '3.7.1', revision: '8a0099a', time: '2017-11-06T21:07:36.161Z'
System info: host: 'WEIZHENG', ip: '192.168.137.1', os.name: 'Windows 7', os.arch: 'amd64', os.version: '6.1', java.version: '1.8.0_181'
Driver info: com.kms.katalon.selenium.driver.CChromeDriver
Capabilities {acceptInsecureCerts: false, acceptSslCerts: false, applicationCacheEnabled: false, browserConnectionEnabled: false, browserName: chrome, chrome: {chromedriverVersion: 2.35.528161 (5b82f2d2aae0ca..., userDataDir: C:\Users\WEIZHE~1\AppData\L...}, cssSelectorsEnabled: true, databaseEnabled: false, handlesAlerts: true, hasTouchScreen: false, javascriptEnabled: true, locationContextEnabled: true, mobileEmulationEnabled: false, nativeEvents: true, networkConnectionEnabled: false, pageLoadStrategy: normal, platform: XP, platformName: XP, rotatable: false, setWindowRect: true, takesHeapSnapshot: true, takesScreenshot: true, unexpectedAlertBehaviour: , unhandledPromptBehavior: , version: 69.0.3497.100, webStorageEnabled: true}
Session ID: 7d6534f092bce05eab0a870e38ee0693)

2018-10-20 23:47:31 - [MESSAGE][WARNING] - Unable to verify if object 'Object Repository/Final Object Repo/Landing Page/BM Detecting' has attribute 'href' (Root cause: org.openqa.selenium.StaleElementReferenceException: stale element reference: element is not attached to the page document
  (Session info: chrome=69.0.3497.100)
  (Driver info: chromedriver=2.35.528161 (5b82f2d2aae0ca24b877009200ced9065a772e73),platform=Windows NT 6.1.7601 SP1 x86_64) (WARNING: The server did not provide any stacktrace information)
Command duration or timeout: 0 milliseconds
For documentation on this error, please visit: http://seleniumhq.org/exceptions/stale_element_reference.html
Build info: version: '3.7.1', revision: '8a0099a', time: '2017-11-06T21:07:36.161Z'
System info: host: 'WEIZHENG', ip: '192.168.137.1', os.name: 'Windows 7', os.arch: 'amd64', os.version: '6.1', java.version: '1.8.0_181'
Driver info: com.kms.katalon.selenium.driver.CChromeDriver
Capabilities {acceptInsecureCerts: false, acceptSslCerts: false, applicationCacheEnabled: false, browserConnectionEnabled: false, browserName: chrome, chrome: {chromedriverVersion: 2.35.528161 (5b82f2d2aae0ca..., userDataDir: C:\Users\WEIZHE~1\AppData\L...}, cssSelectorsEnabled: true, databaseEnabled: false, handlesAlerts: true, hasTouchScreen: false, javascriptEnabled: true, locationContextEnabled: true, mobileEmulationEnabled: false, nativeEvents: true, networkConnectionEnabled: false, pageLoadStrategy: normal, platform: XP, platformName: XP, rotatable: false, setWindowRect: true, takesHeapSnapshot: true, takesScreenshot: true, unexpectedAlertBehaviour: , unhandledPromptBehavior: , version: 69.0.3497.100, webStorageEnabled: true}
Session ID: 7d6534f092bce05eab0a870e38ee0693)
[[ATTACHMENT|C:\\Users\\LENOVO\\Katalon Studio\\Perkeso Phase A\\Reports\\Workflow\\Form 3 EIS - Cessation as Employer\\20181020_165129\\1540050450972.png]]

2018-10-20 23:47:31 - [TEST_STEP][PASSED] - Statement - out.println(Checker): null

2018-10-20 23:47:31 - [TEST_STEP][FAILED] - Statement - If (Checker == false): Unable to click on object 'Object Repository/Final Object Repo/Landing Page/Select to English' (Root cause: com.kms.katalon.core.webui.exception.WebElementNotFoundException: Web element with id: 'Object Repository/Final Object Repo/Landing Page/Select to English' located by 'By.xpath: //a[@class = 'taglib-language-list-text' and @lang = 'en-US' and (contains(text(), 'EN') or contains(., 'EN'))]' not found)

2018-10-20 23:47:31 - [TEST_STEP][FAILED] - click: Unable to click on object 'Object Repository/Final Object Repo/Landing Page/Select to English' (Root cause: com.kms.katalon.core.webui.exception.WebElementNotFoundException: Web element with id: 'Object Repository/Final Object Repo/Landing Page/Select to English' located by 'By.xpath: //a[@class = 'taglib-language-list-text' and @lang = 'en-US' and (contains(text(), 'EN') or contains(., 'EN'))]' not found)

2018-10-20 23:48:11 - [MESSAGE][FAILED] - Unable to click on object 'Object Repository/Final Object Repo/Landing Page/Select to English' (Root cause: com.kms.katalon.core.webui.exception.WebElementNotFoundException: Web element with id: 'Object Repository/Final Object Repo/Landing Page/Select to English' located by 'By.xpath: //a[@class = 'taglib-language-list-text' and @lang = 'en-US' and (contains(text(), 'EN') or contains(., 'EN'))]' not found)
[[ATTACHMENT|C:\\Users\\LENOVO\\Katalon Studio\\Perkeso Phase A\\Reports\\Workflow\\Form 3 EIS - Cessation as Employer\\20181020_165129\\1540050490944.png]]

2018-10-20 23:48:11 - [TEST_STEP][PASSED] - delay: Delayed 2 second(s)

2018-10-20 23:48:13 - [MESSAGE][PASSED] - Delayed 2 second(s)

2018-10-20 23:48:13 - [TEST_STEP][PASSED] - delay: Delayed 3 second(s)

2018-10-20 23:48:16 - [MESSAGE][PASSED] - Delayed 3 second(s)

2018-10-20 23:48:16 - [TEST_STEP][PASSED] - mouseOver: Object: 'Object Repository/Final Object Repo/Landing Page/WorkFlow Menu' is hovered

2018-10-20 23:48:16 - [MESSAGE][PASSED] - Object: 'Object Repository/Final Object Repo/Landing Page/WorkFlow Menu' is hovered

2018-10-20 23:48:16 - [TEST_STEP][PASSED] - delay: Delayed 2 second(s)

2018-10-20 23:48:18 - [MESSAGE][PASSED] - Delayed 2 second(s)

2018-10-20 23:48:18 - [TEST_STEP][PASSED] - click: Object: 'Object Repository/Final Object Repo/Landing Page/Select to Workflow Listing' is clicked on

2018-10-20 23:48:19 - [MESSAGE][PASSED] - Object: 'Object Repository/Final Object Repo/Landing Page/Select to Workflow Listing' is clicked on

2018-10-20 23:48:19 - [TEST_STEP][PASSED] - delay: Delayed 2 second(s)

2018-10-20 23:48:21 - [MESSAGE][PASSED] - Delayed 2 second(s)

2018-10-20 23:48:21 - [TEST_STEP][PASSED] - click: Object: 'Object Repository/Final Object Repo/WorkFlow Listing Page/Search Information - To Put Ref No' is clicked on

2018-10-20 23:48:21 - [MESSAGE][PASSED] - Object: 'Object Repository/Final Object Repo/WorkFlow Listing Page/Search Information - To Put Ref No' is clicked on

2018-10-20 23:48:21 - [TEST_STEP][PASSED] - delay: Delayed 2 second(s)

2018-10-20 23:48:23 - [MESSAGE][PASSED] - Delayed 2 second(s)

2018-10-20 23:48:23 - [TEST_STEP][PASSED] - callTestCase: Call Test Case 'Test Cases/Final Aug 2018 - PKS Automation/Common/Reference Number Getter' successfully

2018-10-20 23:48:23 - [TEST_CASE][PASSED] - Test Cases/Final Aug 2018 - PKS Automation/Common/Reference Number Getter: Test Cases/Final Aug 2018 - PKS Automation/Common/Reference Number Getter

2018-10-20 23:48:24 - [TEST_STEP][PASSED] - Statement - Try: null

2018-10-20 23:48:24 - [TEST_STEP][PASSED] - Statement - RefNo = new java.io.File(C://KatalonReference.txt): null

2018-10-20 23:48:24 - [TEST_STEP][PASSED] - Statement - bufferread = new java.io.BufferedReader(new java.io.FileReader(RefNo)): null

2018-10-20 23:48:24 - [TEST_STEP][PASSED] - Statement - readedVal = bufferread.readLine(): null

2018-10-20 23:48:24 - [TEST_STEP][PASSED] - Statement - out.println(CaseReferenceNo): null

2018-10-20 23:48:24 - [TEST_STEP][PASSED] - Statement - out.println(readedVal): null

2018-10-20 23:48:24 - [TEST_STEP][PASSED] - Statement - CaseReferenceNo = readedVal: null

2018-10-20 23:48:24 - [MESSAGE][PASSED] - Call Test Case 'Test Cases/Final Aug 2018 - PKS Automation/Common/Reference Number Getter' successfully

2018-10-20 23:48:24 - [TEST_STEP][PASSED] - setText: Text 'ERN102018C200002201ERN102018C200002202' is set on object 'Object Repository/Final Object Repo/WorkFlow Listing Page/Ref No Set Text'

2018-10-20 23:48:24 - [MESSAGE][PASSED] - Text 'ERN102018C200002201ERN102018C200002202' is set on object 'Object Repository/Final Object Repo/WorkFlow Listing Page/Ref No Set Text'

2018-10-20 23:48:24 - [TEST_STEP][PASSED] - delay: Delayed 2 second(s)

2018-10-20 23:48:26 - [MESSAGE][PASSED] - Delayed 2 second(s)

2018-10-20 23:48:26 - [TEST_STEP][PASSED] - click: Object: 'Object Repository/Final Object Repo/WorkFlow Listing Page/Search Ref No Search Button' is clicked on

2018-10-20 23:48:26 - [MESSAGE][PASSED] - Object: 'Object Repository/Final Object Repo/WorkFlow Listing Page/Search Ref No Search Button' is clicked on

2018-10-20 23:48:26 - [TEST_STEP][PASSED] - delay: Delayed 4 second(s)

2018-10-20 23:48:30 - [MESSAGE][PASSED] - Delayed 4 second(s)

2018-10-20 23:48:30 - [TEST_STEP][FAILED] - click: Unable to click on object 'Object Repository/Final Object Repo/WorkFlow Listing Page/Click Continue Tooltip' (Root cause: com.kms.katalon.core.webui.exception.WebElementNotFoundException: Web element with id: 'Object Repository/Final Object Repo/WorkFlow Listing Page/Click Continue Tooltip' located by 'By.xpath: //i[@aria-hidden = 'true' and @data-toggle = 'tooltip' and @data-original-title = 'Continue']' not found)

2018-10-20 23:49:06 - [MESSAGE][FAILED] - Unable to click on object 'Object Repository/Final Object Repo/WorkFlow Listing Page/Click Continue Tooltip' (Root cause: com.kms.katalon.core.webui.exception.WebElementNotFoundException: Web element with id: 'Object Repository/Final Object Repo/WorkFlow Listing Page/Click Continue Tooltip' located by 'By.xpath: //i[@aria-hidden = 'true' and @data-toggle = 'tooltip' and @data-original-title = 'Continue']' not found)
[[ATTACHMENT|C:\\Users\\LENOVO\\Katalon Studio\\Perkeso Phase A\\Reports\\Workflow\\Form 3 EIS - Cessation as Employer\\20181020_165129\\1540050546263.png]]

2018-10-20 23:49:06 - [TEST_STEP][PASSED] - delay: Delayed 5 second(s)

2018-10-20 23:49:11 - [MESSAGE][PASSED] - Delayed 5 second(s)

2018-10-20 23:49:11 - [TEST_STEP][PASSED] - doubleClick: Object: 'Object Repository/Final Object Repo/WorkFlow Listing Page/Workflow Found - Listing 1' is double clicked on

2018-10-20 23:49:24 - [MESSAGE][PASSED] - Object: 'Object Repository/Final Object Repo/WorkFlow Listing Page/Workflow Found - Listing 1' is double clicked on

2018-10-20 23:49:24 - [TEST_STEP][PASSED] - Statement - println(OwnerID): null

2018-10-20 23:49:24 - [TEST_STEP][PASSED] - Statement - OwnerID = com.kms.katalon.core.webui.keyword.WebUiBuiltInKeywords.getText(com.kms.katalon.core.testobject.ObjectRepository.findTestObject(Final Object Repo/WorkFlow Listing Page/Workflow Found - Listing 1), STOP_ON_FAILURE): Text of object 'Object Repository/Final Object Repo/WorkFlow Listing Page/Workflow Found - Listing 1' is: 'JOHORuo3'

2018-10-20 23:49:24 - [MESSAGE][PASSED] - Text of object 'Object Repository/Final Object Repo/WorkFlow Listing Page/Workflow Found - Listing 1' is: 'JOHORuo3'

2018-10-20 23:49:24 - [TEST_STEP][PASSED] - Statement - OwnerID = OwnerID.toLowerCase() + "@gmail.com": null

2018-10-20 23:49:24 - [TEST_STEP][PASSED] - Statement - println(OwnerID): null

2018-10-20 23:49:24 - [TEST_STEP][PASSED] - delay: Delayed 2 second(s)

2018-10-20 23:49:26 - [MESSAGE][PASSED] - Delayed 2 second(s)

2018-10-20 23:49:26 - [MESSAGE][FAILED] - Unable to call Test Case with id 'Test Cases/Final Aug 2018 - PKS Automation/Common/Workflow Owner Finder' (Root cause: Call Test Case 'Test Cases/Final Aug 2018 - PKS Automation/Common/Workflow Owner Finder' failed)

2018-10-20 23:49:26 - [MESSAGE][FAILED] - Unable to call Test Case with id 'Test Cases/Final Aug 2018 - PKS Automation/Registration Module/Workflow/Form 3 EIS - Cessation As Employer/Template/Form 3 A - Cessation As Employer (Query)' (Root cause: Call Test Case 'Test Cases/Final Aug 2018 - PKS Automation/Registration Module/Workflow/Form 3 EIS - Cessation As Employer/Template/Form 3 A - Cessation As Employer (Query)' failed)]]></system-out>
         <system-err><![CDATA[2018-10-20 23:46:09 - [TEST_CASE][FAILED] - Test Cases/Final Aug 2018 - PKS Automation/Registration Module/Workflow/Form 3 EIS - Cessation As Employer/OTC to UO (Query): Test Cases/Final Aug 2018 - PKS Automation/Registration Module/Workflow/Form 3 EIS - Cessation As Employer/OTC to UO (Query) FAILED because (of) (Stack trace: com.kms.katalon.core.exception.StepFailedException: Unable to click on object 'Object Repository/Final Object Repo/Landing Page/Select to English' (Root cause: com.kms.katalon.core.webui.exception.WebElementNotFoundException: Web element with id: 'Object Repository/Final Object Repo/Landing Page/Select to English' located by 'By.xpath: //a[@class = 'taglib-language-list-text' and @lang = 'en-US' and (contains(text(), 'EN') or contains(., 'EN'))]' not found)
	at com.kms.katalon.core.keyword.internal.KeywordMain.stepFailed(KeywordMain.groovy:32)
	at com.kms.katalon.core.webui.keyword.internal.WebUIKeywordMain.stepFailed(WebUIKeywordMain.groovy:65)
	at com.kms.katalon.core.webui.keyword.internal.WebUIKeywordMain.runKeyword(WebUIKeywordMain.groovy:27)
	at com.kms.katalon.core.webui.keyword.builtin.ClickKeyword.click(ClickKeyword.groovy:86)
	at com.kms.katalon.core.webui.keyword.builtin.ClickKeyword.execute(ClickKeyword.groovy:67)
	at com.kms.katalon.core.keyword.internal.KeywordExecutor.executeKeywordForPlatform(KeywordExecutor.groovy:53)
	at com.kms.katalon.core.webui.keyword.WebUiBuiltInKeywords.click(WebUiBuiltInKeywords.groovy:604)
	at com.kms.katalon.core.webui.keyword.WebUiBuiltInKeywords$click$8.call(Unknown Source)
	at Script1534407542420.run(Script1534407542420.groovy:57)
	at com.kms.katalon.core.main.ScriptEngine.run(ScriptEngine.java:183)
	at com.kms.katalon.core.main.ScriptEngine.runScriptAsRawText(ScriptEngine.java:108)
	at com.kms.katalon.core.main.TestCaseExecutor.runScript(TestCaseExecutor.java:294)
	at com.kms.katalon.core.main.TestCaseExecutor.doExecute(TestCaseExecutor.java:285)
	at com.kms.katalon.core.main.TestCaseExecutor.processExecutionPhase(TestCaseExecutor.java:264)
	at com.kms.katalon.core.main.TestCaseExecutor.accessMainPhase(TestCaseExecutor.java:256)
	at com.kms.katalon.core.main.TestCaseExecutor.execute(TestCaseExecutor.java:200)
	at com.kms.katalon.core.main.TestCaseMain.runTestCase(TestCaseMain.java:99)
	at com.kms.katalon.core.keyword.builtin.CallTestCaseKeyword$_callTestCase_closure1.doCall(CallTestCaseKeyword.groovy:60)
	at com.kms.katalon.core.keyword.builtin.CallTestCaseKeyword$_callTestCase_closure1.call(CallTestCaseKeyword.groovy)
	at com.kms.katalon.core.keyword.internal.KeywordMain.runKeyword(KeywordMain.groovy:54)
	at com.kms.katalon.core.keyword.builtin.CallTestCaseKeyword.callTestCase(CallTestCaseKeyword.groovy:81)
	at com.kms.katalon.core.keyword.builtin.CallTestCaseKeyword.execute(CallTestCaseKeyword.groovy:45)
	at com.kms.katalon.core.keyword.internal.KeywordExecutor.executeKeywordForPlatform(KeywordExecutor.groovy:53)
	at com.kms.katalon.core.keyword.BuiltinKeywords.callTestCase(BuiltinKeywords.groovy:334)
	at sun.reflect.GeneratedMethodAccessor13.invoke(Unknown Source)
	at sun.reflect.DelegatingMethodAccessorImpl.invoke(DelegatingMethodAccessorImpl.java:43)
	at java.lang.reflect.Method.invoke(Method.java:498)
	at org.codehaus.groovy.reflection.CachedMethod.invoke(CachedMethod.java:93)
	at groovy.lang.MetaMethod.doMethodInvoke(MetaMethod.java:325)
	at groovy.lang.MetaClassImpl.invokeStaticMethod(MetaClassImpl.java:1469)
	at org.codehaus.groovy.runtime.callsite.StaticMetaClassSite.call(StaticMetaClassSite.java:53)
	at org.codehaus.groovy.runtime.callsite.AbstractCallSite.call(AbstractCallSite.java:141)
	at Script1536114876563.run(Script1536114876563.groovy:34)
	at com.kms.katalon.core.main.ScriptEngine.run(ScriptEngine.java:183)
	at com.kms.katalon.core.main.ScriptEngine.runScriptAsRawText(ScriptEngine.java:108)
	at com.kms.katalon.core.main.TestCaseExecutor.runScript(TestCaseExecutor.java:294)
	at com.kms.katalon.core.main.TestCaseExecutor.doExecute(TestCaseExecutor.java:285)
	at com.kms.katalon.core.main.TestCaseExecutor.processExecutionPhase(TestCaseExecutor.java:264)
	at com.kms.katalon.core.main.TestCaseExecutor.accessMainPhase(TestCaseExecutor.java:256)
	at com.kms.katalon.core.main.TestCaseExecutor.execute(TestCaseExecutor.java:200)
	at com.kms.katalon.core.main.TestCaseMain.runTestCase(TestCaseMain.java:99)
	at com.kms.katalon.core.keyword.builtin.CallTestCaseKeyword$_callTestCase_closure1.doCall(CallTestCaseKeyword.groovy:60)
	at com.kms.katalon.core.keyword.builtin.CallTestCaseKeyword$_callTestCase_closure1.call(CallTestCaseKeyword.groovy)
	at com.kms.katalon.core.keyword.internal.KeywordMain.runKeyword(KeywordMain.groovy:54)
	at com.kms.katalon.core.keyword.builtin.CallTestCaseKeyword.callTestCase(CallTestCaseKeyword.groovy:81)
	at com.kms.katalon.core.keyword.builtin.CallTestCaseKeyword.execute(CallTestCaseKeyword.groovy:45)
	at com.kms.katalon.core.keyword.internal.KeywordExecutor.executeKeywordForPlatform(KeywordExecutor.groovy:53)
	at com.kms.katalon.core.keyword.BuiltinKeywords.callTestCase(BuiltinKeywords.groovy:334)
	at sun.reflect.GeneratedMethodAccessor13.invoke(Unknown Source)
	at sun.reflect.DelegatingMethodAccessorImpl.invoke(DelegatingMethodAccessorImpl.java:43)
	at java.lang.reflect.Method.invoke(Method.java:498)
	at org.codehaus.groovy.reflection.CachedMethod.invoke(CachedMethod.java:93)
	at groovy.lang.MetaMethod.doMethodInvoke(MetaMethod.java:325)
	at groovy.lang.MetaClassImpl.invokeStaticMethod(MetaClassImpl.java:1469)
	at org.codehaus.groovy.runtime.callsite.StaticMetaClassSite.call(StaticMetaClassSite.java:53)
	at org.codehaus.groovy.runtime.callsite.CallSiteArray.defaultCall(CallSiteArray.java:48)
	at org.codehaus.groovy.runtime.callsite.AbstractCallSite.call(AbstractCallSite.java:113)
	at org.codehaus.groovy.runtime.callsite.AbstractCallSite.call(AbstractCallSite.java:141)
	at Script1536204253481.run(Script1536204253481.groovy:25)
	at com.kms.katalon.core.main.ScriptEngine.run(ScriptEngine.java:183)
	at com.kms.katalon.core.main.ScriptEngine.runScriptAsRawText(ScriptEngine.java:108)
	at com.kms.katalon.core.main.TestCaseExecutor.runScript(TestCaseExecutor.java:294)
	at com.kms.katalon.core.main.TestCaseExecutor.doExecute(TestCaseExecutor.java:285)
	at com.kms.katalon.core.main.TestCaseExecutor.processExecutionPhase(TestCaseExecutor.java:264)
	at com.kms.katalon.core.main.TestCaseExecutor.accessMainPhase(TestCaseExecutor.java:256)
	at com.kms.katalon.core.main.TestCaseExecutor.execute(TestCaseExecutor.java:200)
	at com.kms.katalon.core.main.TestSuiteExecutor.accessTestCaseMainPhase(TestSuiteExecutor.java:129)
	at com.kms.katalon.core.main.TestSuiteExecutor.accessTestSuiteMainPhase(TestSuiteExecutor.java:112)
	at com.kms.katalon.core.main.TestSuiteExecutor.execute(TestSuiteExecutor.java:81)
	at com.kms.katalon.core.main.TestCaseMain.startTestSuite(TestCaseMain.java:142)
	at com.kms.katalon.core.main.TestCaseMain$startTestSuite$0.call(Unknown Source)
	at org.codehaus.groovy.runtime.callsite.CallSiteArray.defaultCall(CallSiteArray.java:48)
	at org.codehaus.groovy.runtime.callsite.AbstractCallSite.call(AbstractCallSite.java:113)
	at org.codehaus.groovy.runtime.callsite.AbstractCallSite.call(AbstractCallSite.java:141)
	at TempTestSuite1540025489648.run(TempTestSuite1540025489648.groovy:36)
	at groovy.lang.GroovyShell.runScriptOrMainOrTestOrRunnable(GroovyShell.java:263)
	at groovy.lang.GroovyShell.run(GroovyShell.java:518)
	at groovy.lang.GroovyShell.run(GroovyShell.java:507)
	at groovy.ui.GroovyMain.processOnce(GroovyMain.java:653)
	at groovy.ui.GroovyMain.run(GroovyMain.java:384)
	at groovy.ui.GroovyMain.process(GroovyMain.java:370)
	at groovy.ui.GroovyMain.processArgs(GroovyMain.java:129)
	at groovy.ui.GroovyMain.main(GroovyMain.java:109)
	at sun.reflect.NativeMethodAccessorImpl.invoke0(Native Method)
	at sun.reflect.NativeMethodAccessorImpl.invoke(NativeMethodAccessorImpl.java:62)
	at sun.reflect.DelegatingMethodAccessorImpl.invoke(DelegatingMethodAccessorImpl.java:43)
	at java.lang.reflect.Method.invoke(Method.java:498)
	at org.codehaus.groovy.tools.GroovyStarter.rootLoader(GroovyStarter.java:109)
	at org.codehaus.groovy.tools.GroovyStarter.main(GroovyStarter.java:131)
)]]></system-err>
      </testcase>
      <testcase name="Test Cases/Final Aug 2018 - PKS Automation/Registration Module/Workflow/Form 3 EIS - Cessation As Employer/OTC to UO (Reject)" classname="Test Cases/Final Aug 2018 - PKS Automation/Registration Module/Workflow/Form 3 EIS - Cessation As Employer/OTC to UO (Reject)" status="FAILED">
         <failure type="FAILED" message="(Stack trace: com.kms.katalon.core.exception.StepFailedException: Unable to click on object 'Object Repository/Final Object Repo/Landing Page/Select to English' (Root cause: com.kms.katalon.core.webui.exception.WebElementNotFoundException: Web element with id: 'Object Repository/Final Object Repo/Landing Page/Select to English' located by 'By.xpath: //a[@class = 'taglib-language-list-text' and @lang = 'en-US' and (contains(text(), 'EN') or contains(., 'EN'))]' not found)
	at com.kms.katalon.core.keyword.internal.KeywordMain.stepFailed(KeywordMain.groovy:32)
	at com.kms.katalon.core.webui.keyword.internal.WebUIKeywordMain.stepFailed(WebUIKeywordMain.groovy:65)
	at com.kms.katalon.core.webui.keyword.internal.WebUIKeywordMain.runKeyword(WebUIKeywordMain.groovy:27)
	at com.kms.katalon.core.webui.keyword.builtin.ClickKeyword.click(ClickKeyword.groovy:86)
	at com.kms.katalon.core.webui.keyword.builtin.ClickKeyword.execute(ClickKeyword.groovy:67)
	at com.kms.katalon.core.keyword.internal.KeywordExecutor.executeKeywordForPlatform(KeywordExecutor.groovy:53)
	at com.kms.katalon.core.webui.keyword.WebUiBuiltInKeywords.click(WebUiBuiltInKeywords.groovy:604)
	at com.kms.katalon.core.webui.keyword.WebUiBuiltInKeywords$click$8.call(Unknown Source)
	at Script1534407542420.run(Script1534407542420.groovy:57)
	at com.kms.katalon.core.main.ScriptEngine.run(ScriptEngine.java:183)
	at com.kms.katalon.core.main.ScriptEngine.runScriptAsRawText(ScriptEngine.java:108)
	at com.kms.katalon.core.main.TestCaseExecutor.runScript(TestCaseExecutor.java:294)
	at com.kms.katalon.core.main.TestCaseExecutor.doExecute(TestCaseExecutor.java:285)
	at com.kms.katalon.core.main.TestCaseExecutor.processExecutionPhase(TestCaseExecutor.java:264)
	at com.kms.katalon.core.main.TestCaseExecutor.accessMainPhase(TestCaseExecutor.java:256)
	at com.kms.katalon.core.main.TestCaseExecutor.execute(TestCaseExecutor.java:200)
	at com.kms.katalon.core.main.TestCaseMain.runTestCase(TestCaseMain.java:99)
	at com.kms.katalon.core.keyword.builtin.CallTestCaseKeyword$_callTestCase_closure1.doCall(CallTestCaseKeyword.groovy:60)
	at com.kms.katalon.core.keyword.builtin.CallTestCaseKeyword$_callTestCase_closure1.call(CallTestCaseKeyword.groovy)
	at com.kms.katalon.core.keyword.internal.KeywordMain.runKeyword(KeywordMain.groovy:54)
	at com.kms.katalon.core.keyword.builtin.CallTestCaseKeyword.callTestCase(CallTestCaseKeyword.groovy:81)
	at com.kms.katalon.core.keyword.builtin.CallTestCaseKeyword.execute(CallTestCaseKeyword.groovy:45)
	at com.kms.katalon.core.keyword.internal.KeywordExecutor.executeKeywordForPlatform(KeywordExecutor.groovy:53)
	at com.kms.katalon.core.keyword.BuiltinKeywords.callTestCase(BuiltinKeywords.groovy:334)
	at sun.reflect.GeneratedMethodAccessor13.invoke(Unknown Source)
	at sun.reflect.DelegatingMethodAccessorImpl.invoke(DelegatingMethodAccessorImpl.java:43)
	at java.lang.reflect.Method.invoke(Method.java:498)
	at org.codehaus.groovy.reflection.CachedMethod.invoke(CachedMethod.java:93)
	at groovy.lang.MetaMethod.doMethodInvoke(MetaMethod.java:325)
	at groovy.lang.MetaClassImpl.invokeStaticMethod(MetaClassImpl.java:1469)
	at org.codehaus.groovy.runtime.callsite.StaticMetaClassSite.call(StaticMetaClassSite.java:53)
	at org.codehaus.groovy.runtime.callsite.CallSiteArray.defaultCall(CallSiteArray.java:48)
	at org.codehaus.groovy.runtime.callsite.AbstractCallSite.call(AbstractCallSite.java:113)
	at org.codehaus.groovy.runtime.callsite.AbstractCallSite.call(AbstractCallSite.java:141)
	at Script1536044453581.run(Script1536044453581.groovy:34)
	at com.kms.katalon.core.main.ScriptEngine.run(ScriptEngine.java:183)
	at com.kms.katalon.core.main.ScriptEngine.runScriptAsRawText(ScriptEngine.java:108)
	at com.kms.katalon.core.main.TestCaseExecutor.runScript(TestCaseExecutor.java:294)
	at com.kms.katalon.core.main.TestCaseExecutor.doExecute(TestCaseExecutor.java:285)
	at com.kms.katalon.core.main.TestCaseExecutor.processExecutionPhase(TestCaseExecutor.java:264)
	at com.kms.katalon.core.main.TestCaseExecutor.accessMainPhase(TestCaseExecutor.java:256)
	at com.kms.katalon.core.main.TestCaseExecutor.execute(TestCaseExecutor.java:200)
	at com.kms.katalon.core.main.TestCaseMain.runTestCase(TestCaseMain.java:99)
	at com.kms.katalon.core.keyword.builtin.CallTestCaseKeyword$_callTestCase_closure1.doCall(CallTestCaseKeyword.groovy:60)
	at com.kms.katalon.core.keyword.builtin.CallTestCaseKeyword$_callTestCase_closure1.call(CallTestCaseKeyword.groovy)
	at com.kms.katalon.core.keyword.internal.KeywordMain.runKeyword(KeywordMain.groovy:54)
	at com.kms.katalon.core.keyword.builtin.CallTestCaseKeyword.callTestCase(CallTestCaseKeyword.groovy:81)
	at com.kms.katalon.core.keyword.builtin.CallTestCaseKeyword.execute(CallTestCaseKeyword.groovy:45)
	at com.kms.katalon.core.keyword.internal.KeywordExecutor.executeKeywordForPlatform(KeywordExecutor.groovy:53)
	at com.kms.katalon.core.keyword.BuiltinKeywords.callTestCase(BuiltinKeywords.groovy:334)
	at sun.reflect.GeneratedMethodAccessor13.invoke(Unknown Source)
	at sun.reflect.DelegatingMethodAccessorImpl.invoke(DelegatingMethodAccessorImpl.java:43)
	at java.lang.reflect.Method.invoke(Method.java:498)
	at org.codehaus.groovy.reflection.CachedMethod.invoke(CachedMethod.java:93)
	at groovy.lang.MetaMethod.doMethodInvoke(MetaMethod.java:325)
	at groovy.lang.MetaClassImpl.invokeStaticMethod(MetaClassImpl.java:1469)
	at org.codehaus.groovy.runtime.callsite.StaticMetaClassSite.call(StaticMetaClassSite.java:53)
	at org.codehaus.groovy.runtime.callsite.CallSiteArray.defaultCall(CallSiteArray.java:48)
	at org.codehaus.groovy.runtime.callsite.AbstractCallSite.call(AbstractCallSite.java:113)
	at org.codehaus.groovy.runtime.callsite.AbstractCallSite.call(AbstractCallSite.java:141)
	at Script1536204204129.run(Script1536204204129.groovy:25)
	at com.kms.katalon.core.main.ScriptEngine.run(ScriptEngine.java:183)
	at com.kms.katalon.core.main.ScriptEngine.runScriptAsRawText(ScriptEngine.java:108)
	at com.kms.katalon.core.main.TestCaseExecutor.runScript(TestCaseExecutor.java:294)
	at com.kms.katalon.core.main.TestCaseExecutor.doExecute(TestCaseExecutor.java:285)
	at com.kms.katalon.core.main.TestCaseExecutor.processExecutionPhase(TestCaseExecutor.java:264)
	at com.kms.katalon.core.main.TestCaseExecutor.accessMainPhase(TestCaseExecutor.java:256)
	at com.kms.katalon.core.main.TestCaseExecutor.execute(TestCaseExecutor.java:200)
	at com.kms.katalon.core.main.TestSuiteExecutor.accessTestCaseMainPhase(TestSuiteExecutor.java:129)
	at com.kms.katalon.core.main.TestSuiteExecutor.accessTestSuiteMainPhase(TestSuiteExecutor.java:112)
	at com.kms.katalon.core.main.TestSuiteExecutor.execute(TestSuiteExecutor.java:81)
	at com.kms.katalon.core.main.TestCaseMain.startTestSuite(TestCaseMain.java:142)
	at com.kms.katalon.core.main.TestCaseMain$startTestSuite$0.call(Unknown Source)
	at org.codehaus.groovy.runtime.callsite.CallSiteArray.defaultCall(CallSiteArray.java:48)
	at org.codehaus.groovy.runtime.callsite.AbstractCallSite.call(AbstractCallSite.java:113)
	at org.codehaus.groovy.runtime.callsite.AbstractCallSite.call(AbstractCallSite.java:141)
	at TempTestSuite1540025489648.run(TempTestSuite1540025489648.groovy:36)
	at groovy.lang.GroovyShell.runScriptOrMainOrTestOrRunnable(GroovyShell.java:263)
	at groovy.lang.GroovyShell.run(GroovyShell.java:518)
	at groovy.lang.GroovyShell.run(GroovyShell.java:507)
	at groovy.ui.GroovyMain.processOnce(GroovyMain.java:653)
	at groovy.ui.GroovyMain.run(GroovyMain.java:384)
	at groovy.ui.GroovyMain.process(GroovyMain.java:370)
	at groovy.ui.GroovyMain.processArgs(GroovyMain.java:129)
	at groovy.ui.GroovyMain.main(GroovyMain.java:109)
	at sun.reflect.NativeMethodAccessorImpl.invoke0(Native Method)
	at sun.reflect.NativeMethodAccessorImpl.invoke(NativeMethodAccessorImpl.java:62)
	at sun.reflect.DelegatingMethodAccessorImpl.invoke(DelegatingMethodAccessorImpl.java:43)
	at java.lang.reflect.Method.invoke(Method.java:498)
	at org.codehaus.groovy.tools.GroovyStarter.rootLoader(GroovyStarter.java:109)
	at org.codehaus.groovy.tools.GroovyStarter.main(GroovyStarter.java:131)
)"/>
         <system-out><![CDATA[2018-10-20 23:49:26 - [TEST_CASE][FAILED] - Test Cases/Final Aug 2018 - PKS Automation/Registration Module/Workflow/Form 3 EIS - Cessation As Employer/OTC to UO (Reject): Test Cases/Final Aug 2018 - PKS Automation/Registration Module/Workflow/Form 3 EIS - Cessation As Employer/OTC to UO (Reject) FAILED because (of) (Stack trace: com.kms.katalon.core.exception.StepFailedException: Unable to click on object 'Object Repository/Final Object Repo/Landing Page/Select to English' (Root cause: com.kms.katalon.core.webui.exception.WebElementNotFoundException: Web element with id: 'Object Repository/Final Object Repo/Landing Page/Select to English' located by 'By.xpath: //a[@class = 'taglib-language-list-text' and @lang = 'en-US' and (contains(text(), 'EN') or contains(., 'EN'))]' not found)
	at com.kms.katalon.core.keyword.internal.KeywordMain.stepFailed(KeywordMain.groovy:32)
	at com.kms.katalon.core.webui.keyword.internal.WebUIKeywordMain.stepFailed(WebUIKeywordMain.groovy:65)
	at com.kms.katalon.core.webui.keyword.internal.WebUIKeywordMain.runKeyword(WebUIKeywordMain.groovy:27)
	at com.kms.katalon.core.webui.keyword.builtin.ClickKeyword.click(ClickKeyword.groovy:86)
	at com.kms.katalon.core.webui.keyword.builtin.ClickKeyword.execute(ClickKeyword.groovy:67)
	at com.kms.katalon.core.keyword.internal.KeywordExecutor.executeKeywordForPlatform(KeywordExecutor.groovy:53)
	at com.kms.katalon.core.webui.keyword.WebUiBuiltInKeywords.click(WebUiBuiltInKeywords.groovy:604)
	at com.kms.katalon.core.webui.keyword.WebUiBuiltInKeywords$click$8.call(Unknown Source)
	at Script1534407542420.run(Script1534407542420.groovy:57)
	at com.kms.katalon.core.main.ScriptEngine.run(ScriptEngine.java:183)
	at com.kms.katalon.core.main.ScriptEngine.runScriptAsRawText(ScriptEngine.java:108)
	at com.kms.katalon.core.main.TestCaseExecutor.runScript(TestCaseExecutor.java:294)
	at com.kms.katalon.core.main.TestCaseExecutor.doExecute(TestCaseExecutor.java:285)
	at com.kms.katalon.core.main.TestCaseExecutor.processExecutionPhase(TestCaseExecutor.java:264)
	at com.kms.katalon.core.main.TestCaseExecutor.accessMainPhase(TestCaseExecutor.java:256)
	at com.kms.katalon.core.main.TestCaseExecutor.execute(TestCaseExecutor.java:200)
	at com.kms.katalon.core.main.TestCaseMain.runTestCase(TestCaseMain.java:99)
	at com.kms.katalon.core.keyword.builtin.CallTestCaseKeyword$_callTestCase_closure1.doCall(CallTestCaseKeyword.groovy:60)
	at com.kms.katalon.core.keyword.builtin.CallTestCaseKeyword$_callTestCase_closure1.call(CallTestCaseKeyword.groovy)
	at com.kms.katalon.core.keyword.internal.KeywordMain.runKeyword(KeywordMain.groovy:54)
	at com.kms.katalon.core.keyword.builtin.CallTestCaseKeyword.callTestCase(CallTestCaseKeyword.groovy:81)
	at com.kms.katalon.core.keyword.builtin.CallTestCaseKeyword.execute(CallTestCaseKeyword.groovy:45)
	at com.kms.katalon.core.keyword.internal.KeywordExecutor.executeKeywordForPlatform(KeywordExecutor.groovy:53)
	at com.kms.katalon.core.keyword.BuiltinKeywords.callTestCase(BuiltinKeywords.groovy:334)
	at sun.reflect.GeneratedMethodAccessor13.invoke(Unknown Source)
	at sun.reflect.DelegatingMethodAccessorImpl.invoke(DelegatingMethodAccessorImpl.java:43)
	at java.lang.reflect.Method.invoke(Method.java:498)
	at org.codehaus.groovy.reflection.CachedMethod.invoke(CachedMethod.java:93)
	at groovy.lang.MetaMethod.doMethodInvoke(MetaMethod.java:325)
	at groovy.lang.MetaClassImpl.invokeStaticMethod(MetaClassImpl.java:1469)
	at org.codehaus.groovy.runtime.callsite.StaticMetaClassSite.call(StaticMetaClassSite.java:53)
	at org.codehaus.groovy.runtime.callsite.CallSiteArray.defaultCall(CallSiteArray.java:48)
	at org.codehaus.groovy.runtime.callsite.AbstractCallSite.call(AbstractCallSite.java:113)
	at org.codehaus.groovy.runtime.callsite.AbstractCallSite.call(AbstractCallSite.java:141)
	at Script1536044453581.run(Script1536044453581.groovy:34)
	at com.kms.katalon.core.main.ScriptEngine.run(ScriptEngine.java:183)
	at com.kms.katalon.core.main.ScriptEngine.runScriptAsRawText(ScriptEngine.java:108)
	at com.kms.katalon.core.main.TestCaseExecutor.runScript(TestCaseExecutor.java:294)
	at com.kms.katalon.core.main.TestCaseExecutor.doExecute(TestCaseExecutor.java:285)
	at com.kms.katalon.core.main.TestCaseExecutor.processExecutionPhase(TestCaseExecutor.java:264)
	at com.kms.katalon.core.main.TestCaseExecutor.accessMainPhase(TestCaseExecutor.java:256)
	at com.kms.katalon.core.main.TestCaseExecutor.execute(TestCaseExecutor.java:200)
	at com.kms.katalon.core.main.TestCaseMain.runTestCase(TestCaseMain.java:99)
	at com.kms.katalon.core.keyword.builtin.CallTestCaseKeyword$_callTestCase_closure1.doCall(CallTestCaseKeyword.groovy:60)
	at com.kms.katalon.core.keyword.builtin.CallTestCaseKeyword$_callTestCase_closure1.call(CallTestCaseKeyword.groovy)
	at com.kms.katalon.core.keyword.internal.KeywordMain.runKeyword(KeywordMain.groovy:54)
	at com.kms.katalon.core.keyword.builtin.CallTestCaseKeyword.callTestCase(CallTestCaseKeyword.groovy:81)
	at com.kms.katalon.core.keyword.builtin.CallTestCaseKeyword.execute(CallTestCaseKeyword.groovy:45)
	at com.kms.katalon.core.keyword.internal.KeywordExecutor.executeKeywordForPlatform(KeywordExecutor.groovy:53)
	at com.kms.katalon.core.keyword.BuiltinKeywords.callTestCase(BuiltinKeywords.groovy:334)
	at sun.reflect.GeneratedMethodAccessor13.invoke(Unknown Source)
	at sun.reflect.DelegatingMethodAccessorImpl.invoke(DelegatingMethodAccessorImpl.java:43)
	at java.lang.reflect.Method.invoke(Method.java:498)
	at org.codehaus.groovy.reflection.CachedMethod.invoke(CachedMethod.java:93)
	at groovy.lang.MetaMethod.doMethodInvoke(MetaMethod.java:325)
	at groovy.lang.MetaClassImpl.invokeStaticMethod(MetaClassImpl.java:1469)
	at org.codehaus.groovy.runtime.callsite.StaticMetaClassSite.call(StaticMetaClassSite.java:53)
	at org.codehaus.groovy.runtime.callsite.CallSiteArray.defaultCall(CallSiteArray.java:48)
	at org.codehaus.groovy.runtime.callsite.AbstractCallSite.call(AbstractCallSite.java:113)
	at org.codehaus.groovy.runtime.callsite.AbstractCallSite.call(AbstractCallSite.java:141)
	at Script1536204204129.run(Script1536204204129.groovy:25)
	at com.kms.katalon.core.main.ScriptEngine.run(ScriptEngine.java:183)
	at com.kms.katalon.core.main.ScriptEngine.runScriptAsRawText(ScriptEngine.java:108)
	at com.kms.katalon.core.main.TestCaseExecutor.runScript(TestCaseExecutor.java:294)
	at com.kms.katalon.core.main.TestCaseExecutor.doExecute(TestCaseExecutor.java:285)
	at com.kms.katalon.core.main.TestCaseExecutor.processExecutionPhase(TestCaseExecutor.java:264)
	at com.kms.katalon.core.main.TestCaseExecutor.accessMainPhase(TestCaseExecutor.java:256)
	at com.kms.katalon.core.main.TestCaseExecutor.execute(TestCaseExecutor.java:200)
	at com.kms.katalon.core.main.TestSuiteExecutor.accessTestCaseMainPhase(TestSuiteExecutor.java:129)
	at com.kms.katalon.core.main.TestSuiteExecutor.accessTestSuiteMainPhase(TestSuiteExecutor.java:112)
	at com.kms.katalon.core.main.TestSuiteExecutor.execute(TestSuiteExecutor.java:81)
	at com.kms.katalon.core.main.TestCaseMain.startTestSuite(TestCaseMain.java:142)
	at com.kms.katalon.core.main.TestCaseMain$startTestSuite$0.call(Unknown Source)
	at org.codehaus.groovy.runtime.callsite.CallSiteArray.defaultCall(CallSiteArray.java:48)
	at org.codehaus.groovy.runtime.callsite.AbstractCallSite.call(AbstractCallSite.java:113)
	at org.codehaus.groovy.runtime.callsite.AbstractCallSite.call(AbstractCallSite.java:141)
	at TempTestSuite1540025489648.run(TempTestSuite1540025489648.groovy:36)
	at groovy.lang.GroovyShell.runScriptOrMainOrTestOrRunnable(GroovyShell.java:263)
	at groovy.lang.GroovyShell.run(GroovyShell.java:518)
	at groovy.lang.GroovyShell.run(GroovyShell.java:507)
	at groovy.ui.GroovyMain.processOnce(GroovyMain.java:653)
	at groovy.ui.GroovyMain.run(GroovyMain.java:384)
	at groovy.ui.GroovyMain.process(GroovyMain.java:370)
	at groovy.ui.GroovyMain.processArgs(GroovyMain.java:129)
	at groovy.ui.GroovyMain.main(GroovyMain.java:109)
	at sun.reflect.NativeMethodAccessorImpl.invoke0(Native Method)
	at sun.reflect.NativeMethodAccessorImpl.invoke(NativeMethodAccessorImpl.java:62)
	at sun.reflect.DelegatingMethodAccessorImpl.invoke(DelegatingMethodAccessorImpl.java:43)
	at java.lang.reflect.Method.invoke(Method.java:498)
	at org.codehaus.groovy.tools.GroovyStarter.rootLoader(GroovyStarter.java:109)
	at org.codehaus.groovy.tools.GroovyStarter.main(GroovyStarter.java:131)
)

2018-10-20 23:49:26 - [TEST_STEP][PASSED] - callTestCase: Call Test Case 'Test Cases/Final Aug 2018 - PKS Automation/Registration Module/Workflow/Form 3 EIS - Cessation As Employer/Template/Form 3 A - Cessation As Employer (OTC)' successfully

2018-10-20 23:49:26 - [TEST_CASE][PASSED] - Test Cases/Final Aug 2018 - PKS Automation/Registration Module/Workflow/Form 3 EIS - Cessation As Employer/Template/Form 3 A - Cessation As Employer (OTC): Test Cases/Final Aug 2018 - PKS Automation/Registration Module/Workflow/Form 3 EIS - Cessation As Employer/Template/Form 3 A - Cessation As Employer (OTC)

2018-10-20 23:49:26 - [TEST_STEP][PASSED] - openBrowser: Browser is opened with url: ''

2018-10-20 23:49:26 - [MESSAGE][WARNING] - A browser is already opened. Closing browser and opening a new one

2018-10-20 23:49:30 - [MESSAGE][PASSED] - Browser is opened with url: ''

2018-10-20 23:49:30 - [TEST_STEP][PASSED] - navigateToUrl: Navigate to 'https://assist2-uat.perkeso.gov.my/login' successfully

2018-10-20 23:49:32 - [MESSAGE][PASSED] - Navigate to 'https://assist2-uat.perkeso.gov.my/login' successfully

2018-10-20 23:49:32 - [TEST_STEP][PASSED] - setText: Text 'johorotc1@gmail.com' is set on object 'Object Repository/Final Object Repo/Login Page/Internal User/Email Address'

2018-10-20 23:49:33 - [MESSAGE][PASSED] - Text 'johorotc1@gmail.com' is set on object 'Object Repository/Final Object Repo/Login Page/Internal User/Email Address'

2018-10-20 23:49:33 - [TEST_STEP][PASSED] - click: Object: 'Object Repository/Final Object Repo/Login Page/Internal User/Next Button' is clicked on

2018-10-20 23:49:33 - [MESSAGE][PASSED] - Object: 'Object Repository/Final Object Repo/Login Page/Internal User/Next Button' is clicked on

2018-10-20 23:49:33 - [TEST_STEP][PASSED] - delay: Delayed 1 second(s)

2018-10-20 23:49:34 - [MESSAGE][PASSED] - Delayed 1 second(s)

2018-10-20 23:49:34 - [TEST_STEP][PASSED] - setEncryptedText: Text ****** has been set on object 'Object Repository/Final Object Repo/Login Page/Internal User/Password'

2018-10-20 23:49:34 - [MESSAGE][PASSED] - Text ****** has been set on object 'Object Repository/Final Object Repo/Login Page/Internal User/Password'

2018-10-20 23:49:34 - [TEST_STEP][PASSED] - click: Object: 'Object Repository/Final Object Repo/Login Page/Internal User/Login Button' is clicked on

2018-10-20 23:49:34 - [MESSAGE][PASSED] - Object: 'Object Repository/Final Object Repo/Login Page/Internal User/Login Button' is clicked on

2018-10-20 23:49:34 - [TEST_STEP][PASSED] - delay: Delayed 1 second(s)

2018-10-20 23:49:35 - [MESSAGE][PASSED] - Delayed 1 second(s)

2018-10-20 23:49:35 - [TEST_STEP][PASSED] - Statement - Try: Delayed 2 second(s)

2018-10-20 23:49:35 - [TEST_STEP][PASSED] - Statement - Checker = false: null

2018-10-20 23:49:35 - [TEST_STEP][PASSED] - Statement - Checker = com.kms.katalon.core.webui.keyword.WebUiBuiltInKeywords.verifyElementHasAttribute(com.kms.katalon.core.testobject.ObjectRepository.findTestObject(Final Object Repo/Landing Page/BM Detecting), "href", 20, OPTIONAL): Object 'Object Repository/Final Object Repo/Landing Page/BM Detecting' has attribute 'href'

2018-10-20 23:49:38 - [MESSAGE][PASSED] - Object 'Object Repository/Final Object Repo/Landing Page/BM Detecting' has attribute 'href'

2018-10-20 23:49:38 - [TEST_STEP][PASSED] - Statement - out.println(Checker): null

2018-10-20 23:49:38 - [TEST_STEP][PASSED] - Statement - If (Checker == false): null

2018-10-20 23:49:38 - [TEST_STEP][PASSED] - Statement - Else: null

2018-10-20 23:49:38 - [TEST_STEP][PASSED] - delay: Delayed 2 second(s)

2018-10-20 23:49:40 - [MESSAGE][PASSED] - Delayed 2 second(s)

2018-10-20 23:49:40 - [TEST_STEP][PASSED] - navigateToUrl: Navigate to 'https://assist2-uat.perkeso.gov.my/web/registration/eis-update/form-3-eis-cessation-as-employer' successfully

2018-10-20 23:49:41 - [MESSAGE][PASSED] - Navigate to 'https://assist2-uat.perkeso.gov.my/web/registration/eis-update/form-3-eis-cessation-as-employer' successfully

2018-10-20 23:49:41 - [TEST_STEP][PASSED] - delay: Delayed 1 second(s)

2018-10-20 23:49:42 - [MESSAGE][PASSED] - Delayed 1 second(s)

2018-10-20 23:49:42 - [TEST_STEP][PASSED] - setText: Text 'E1102069769W' is set on object 'Object Repository/Final Object Repo/Page_Form 3 EIS - Cessation as Employer/Employer Code'

2018-10-20 23:49:43 - [MESSAGE][PASSED] - Text 'E1102069769W' is set on object 'Object Repository/Final Object Repo/Page_Form 3 EIS - Cessation as Employer/Employer Code'

2018-10-20 23:49:43 - [TEST_STEP][PASSED] - click: Object: 'Object Repository/Final Object Repo/Page_Form 3 EIS - Cessation as Employer/Search' is clicked on

2018-10-20 23:49:43 - [MESSAGE][PASSED] - Object: 'Object Repository/Final Object Repo/Page_Form 3 EIS - Cessation as Employer/Search' is clicked on

2018-10-20 23:49:43 - [TEST_STEP][PASSED] - click: Object: 'Object Repository/Final Object Repo/Page_Form 3 EIS - Cessation as Employer/Edit' is clicked on

2018-10-20 23:49:45 - [MESSAGE][PASSED] - Object: 'Object Repository/Final Object Repo/Page_Form 3 EIS - Cessation as Employer/Edit' is clicked on

2018-10-20 23:49:45 - [TEST_STEP][PASSED] - delay: Delayed 1 second(s)

2018-10-20 23:49:46 - [MESSAGE][PASSED] - Delayed 1 second(s)

2018-10-20 23:49:46 - [TEST_STEP][PASSED] - Statement - abc = com.kms.katalon.core.webui.keyword.WebUiBuiltInKeywords.getAttribute(com.kms.katalon.core.testobject.ObjectRepository.findTestObject(Final Object Repo/Page_Form 3 EIS - Cessation as Employer/Employer Status), "value"): Attribute 'value' of object 'Object Repository/Final Object Repo/Page_Form 3 EIS - Cessation as Employer/Employer Status' is: 'Active'

2018-10-20 23:49:46 - [MESSAGE][PASSED] - Attribute 'value' of object 'Object Repository/Final Object Repo/Page_Form 3 EIS - Cessation as Employer/Employer Status' is: 'Active'

2018-10-20 23:49:46 - [TEST_STEP][PASSED] - Statement - out.println(abc): null

2018-10-20 23:49:46 - [TEST_STEP][PASSED] - Statement - If (abc == "Active"): Object: 'Object Repository/Final Object Repo/Page_Form 3 EIS - Cessation as Employer/Dormant EIS' is clicked on

2018-10-20 23:49:46 - [TEST_STEP][PASSED] - click: Object: 'Object Repository/Final Object Repo/Page_Form 3 EIS - Cessation as Employer/Change Employer Status to' is clicked on

2018-10-20 23:49:47 - [MESSAGE][PASSED] - Object: 'Object Repository/Final Object Repo/Page_Form 3 EIS - Cessation as Employer/Change Employer Status to' is clicked on

2018-10-20 23:49:47 - [TEST_STEP][PASSED] - click: Object: 'Object Repository/Final Object Repo/Page_Form 3 EIS - Cessation as Employer/Dormant EIS' is clicked on

2018-10-20 23:49:47 - [MESSAGE][PASSED] - Object: 'Object Repository/Final Object Repo/Page_Form 3 EIS - Cessation as Employer/Dormant EIS' is clicked on

2018-10-20 23:49:47 - [TEST_STEP][PASSED] - click: Object: 'Object Repository/Final Object Repo/Page_Form 3 EIS - Cessation as Employer/Calender' is clicked on

2018-10-20 23:49:47 - [MESSAGE][PASSED] - Object: 'Object Repository/Final Object Repo/Page_Form 3 EIS - Cessation as Employer/Calender' is clicked on

2018-10-20 23:49:47 - [TEST_STEP][PASSED] - delay: Delayed 1 second(s)

2018-10-20 23:49:48 - [MESSAGE][PASSED] - Delayed 1 second(s)

2018-10-20 23:49:48 - [TEST_STEP][PASSED] - click: Object: 'Object Repository/Final Object Repo/Page_Form 3 EIS - Cessation as Employer/Calender - Date' is clicked on

2018-10-20 23:49:48 - [MESSAGE][PASSED] - Object: 'Object Repository/Final Object Repo/Page_Form 3 EIS - Cessation as Employer/Calender - Date' is clicked on

2018-10-20 23:49:48 - [TEST_STEP][PASSED] - click: Object: 'Object Repository/Final Object Repo/Page_Form 3 EIS - Cessation as Employer/Save  Continue in Form 3 EIS Page' is clicked on

2018-10-20 23:49:48 - [MESSAGE][PASSED] - Object: 'Object Repository/Final Object Repo/Page_Form 3 EIS - Cessation as Employer/Save  Continue in Form 3 EIS Page' is clicked on

2018-10-20 23:49:48 - [TEST_STEP][PASSED] - delay: Delayed 1 second(s)

2018-10-20 23:49:49 - [MESSAGE][PASSED] - Delayed 1 second(s)

2018-10-20 23:49:49 - [TEST_STEP][PASSED] - click: Object: 'Object Repository/Final Object Repo/Page_Form 3 EIS - Cessation as Employer/Employment Resign Date' is clicked on

2018-10-20 23:49:50 - [MESSAGE][PASSED] - Object: 'Object Repository/Final Object Repo/Page_Form 3 EIS - Cessation as Employer/Employment Resign Date' is clicked on

2018-10-20 23:49:50 - [TEST_STEP][PASSED] - selectOptionByValue: All options with value '2018' are selected in object 'Object Repository/Final Object Repo/Page_Form 3 EIS - Cessation as Employer/Employment Resign Date - Year' 

2018-10-20 23:49:50 - [MESSAGE][PASSED] - All options with value '2018' are selected in object 'Object Repository/Final Object Repo/Page_Form 3 EIS - Cessation as Employer/Employment Resign Date - Year' 

2018-10-20 23:49:50 - [TEST_STEP][PASSED] - delay: Delayed 2 second(s)

2018-10-20 23:49:52 - [MESSAGE][PASSED] - Delayed 2 second(s)

2018-10-20 23:49:52 - [TEST_STEP][PASSED] - click: Object: 'Object Repository/Final Object Repo/Page_Form 3 EIS - Cessation as Employer/Employment Resign Date - Year - Date' is clicked on

2018-10-20 23:49:52 - [MESSAGE][PASSED] - Object: 'Object Repository/Final Object Repo/Page_Form 3 EIS - Cessation as Employer/Employment Resign Date - Year - Date' is clicked on

2018-10-20 23:49:52 - [TEST_STEP][PASSED] - delay: Delayed 2 second(s)

2018-10-20 23:49:54 - [MESSAGE][PASSED] - Delayed 2 second(s)

2018-10-20 23:49:54 - [TEST_STEP][PASSED] - click: Object: 'Object Repository/Final Object Repo/Page_Form 3 EIS - Cessation as Employer/Save  Continue in Employment Resign Page' is clicked on

2018-10-20 23:49:55 - [MESSAGE][PASSED] - Object: 'Object Repository/Final Object Repo/Page_Form 3 EIS - Cessation as Employer/Save  Continue in Employment Resign Page' is clicked on

2018-10-20 23:49:55 - [TEST_STEP][PASSED] - delay: Delayed 2 second(s)

2018-10-20 23:49:57 - [MESSAGE][PASSED] - Delayed 2 second(s)

2018-10-20 23:49:57 - [TEST_STEP][PASSED] - click: Object: 'Object Repository/Final Object Repo/Page_Form 3 EIS - Cessation as Employer/Add Document' is clicked on

2018-10-20 23:49:58 - [MESSAGE][PASSED] - Object: 'Object Repository/Final Object Repo/Page_Form 3 EIS - Cessation as Employer/Add Document' is clicked on

2018-10-20 23:49:58 - [TEST_STEP][PASSED] - delay: Delayed 3 second(s)

2018-10-20 23:50:01 - [MESSAGE][PASSED] - Delayed 3 second(s)

2018-10-20 23:50:01 - [TEST_STEP][PASSED] - click: Object: 'Object Repository/Final Object Repo/Page_Form 3 EIS - Cessation as Employer/Document Type' is clicked on

2018-10-20 23:50:01 - [MESSAGE][PASSED] - Object: 'Object Repository/Final Object Repo/Page_Form 3 EIS - Cessation as Employer/Document Type' is clicked on

2018-10-20 23:50:01 - [TEST_STEP][PASSED] - click: Object: 'Object Repository/Final Object Repo/Page_Form 3 EIS - Cessation as Employer/Document Type - Form 3' is clicked on

2018-10-20 23:50:02 - [MESSAGE][PASSED] - Object: 'Object Repository/Final Object Repo/Page_Form 3 EIS - Cessation as Employer/Document Type - Form 3' is clicked on

2018-10-20 23:50:02 - [TEST_STEP][PASSED] - delay: Delayed 2 second(s)

2018-10-20 23:50:04 - [MESSAGE][PASSED] - Delayed 2 second(s)

2018-10-20 23:50:04 - [TEST_STEP][PASSED] - sendKeys: Keys 'C:\Users\Public\Pictures\Sample Pictures\Act.jpg' sent to object: 'Object Repository/Final Object Repo/Page_Form 3 EIS - Cessation as Employer/ploading File'

2018-10-20 23:50:04 - [MESSAGE][PASSED] - Keys 'C:\Users\Public\Pictures\Sample Pictures\Act.jpg' sent to object: 'Object Repository/Final Object Repo/Page_Form 3 EIS - Cessation as Employer/ploading File'

2018-10-20 23:50:04 - [TEST_STEP][PASSED] - delay: Delayed 1 second(s)

2018-10-20 23:50:05 - [MESSAGE][PASSED] - Delayed 1 second(s)

2018-10-20 23:50:05 - [TEST_STEP][PASSED] - click: Object: 'Object Repository/Final Object Repo/Page_Form 3 EIS - Cessation as Employer/Add Document in Uploading Page' is clicked on

2018-10-20 23:50:05 - [MESSAGE][PASSED] - Object: 'Object Repository/Final Object Repo/Page_Form 3 EIS - Cessation as Employer/Add Document in Uploading Page' is clicked on

2018-10-20 23:50:05 - [TEST_STEP][PASSED] - delay: Delayed 2 second(s)

2018-10-20 23:50:07 - [MESSAGE][PASSED] - Delayed 2 second(s)

2018-10-20 23:50:07 - [TEST_STEP][PASSED] - Statement - CaseReferenceNo = com.kms.katalon.core.webui.keyword.WebUiBuiltInKeywords.getText(com.kms.katalon.core.testobject.ObjectRepository.findTestObject(Final Object Repo/Page_Update Employer Information/Reference Number in Update Employee Information Page)): Text of object 'Object Repository/Final Object Repo/Page_Update Employer Information/Reference Number in Update Employee Information Page' is: 'ERN102018C200002203'

2018-10-20 23:50:10 - [MESSAGE][PASSED] - Text of object 'Object Repository/Final Object Repo/Page_Update Employer Information/Reference Number in Update Employee Information Page' is: 'ERN102018C200002203'

2018-10-20 23:50:10 - [TEST_STEP][PASSED] - callTestCase: Call Test Case 'Test Cases/Final Aug 2018 - PKS Automation/Common/Reference Number Setter' successfully

2018-10-20 23:50:10 - [TEST_CASE][PASSED] - Test Cases/Final Aug 2018 - PKS Automation/Common/Reference Number Setter: Test Cases/Final Aug 2018 - PKS Automation/Common/Reference Number Setter

2018-10-20 23:50:10 - [TEST_STEP][PASSED] - Statement - RefNoOldFile = new java.io.File(C://KatalonReference.txt): null

2018-10-20 23:50:10 - [TEST_STEP][PASSED] - Statement - RefNoOldFile.delete(): null

2018-10-20 23:50:10 - [TEST_STEP][PASSED] - Statement - RefNo = new java.io.File(C://KatalonReference.txt): null

2018-10-20 23:50:10 - [TEST_STEP][PASSED] - Statement - RefNo.append(CaseReferenceNo): null

2018-10-20 23:50:10 - [TEST_STEP][PASSED] - Statement - out.println("


" + CaseReferenceNo + "


"): null

2018-10-20 23:50:10 - [MESSAGE][PASSED] - Call Test Case 'Test Cases/Final Aug 2018 - PKS Automation/Common/Reference Number Setter' successfully

2018-10-20 23:50:10 - [TEST_STEP][PASSED] - delay: Delayed 2 second(s)

2018-10-20 23:50:12 - [MESSAGE][PASSED] - Delayed 2 second(s)

2018-10-20 23:50:12 - [TEST_STEP][PASSED] - click: Object: 'Object Repository/Final Object Repo/Page_Form 3 EIS - Cessation as Employer/Save  Continue in Uploading Page' is clicked on

2018-10-20 23:50:13 - [MESSAGE][PASSED] - Object: 'Object Repository/Final Object Repo/Page_Form 3 EIS - Cessation as Employer/Save  Continue in Uploading Page' is clicked on

2018-10-20 23:50:13 - [TEST_STEP][PASSED] - delay: Delayed 2 second(s)

2018-10-20 23:50:15 - [MESSAGE][PASSED] - Delayed 2 second(s)

2018-10-20 23:50:15 - [TEST_STEP][PASSED] - click: Object: 'Object Repository/Final Object Repo/Page_Form 3 EIS - Cessation as Employer/Submit' is clicked on

2018-10-20 23:50:18 - [MESSAGE][PASSED] - Object: 'Object Repository/Final Object Repo/Page_Form 3 EIS - Cessation as Employer/Submit' is clicked on

2018-10-20 23:50:18 - [TEST_STEP][PASSED] - delay: Delayed 2 second(s)

2018-10-20 23:50:20 - [MESSAGE][PASSED] - Delayed 2 second(s)

2018-10-20 23:50:20 - [TEST_STEP][PASSED] - click: Object: 'Object Repository/Final Object Repo/Page_Form 3 EIS - Cessation as Employer/Confirm' is clicked on

2018-10-20 23:50:20 - [MESSAGE][PASSED] - Object: 'Object Repository/Final Object Repo/Page_Form 3 EIS - Cessation as Employer/Confirm' is clicked on

2018-10-20 23:50:20 - [TEST_STEP][PASSED] - delay: Delayed 2 second(s)

2018-10-20 23:50:22 - [MESSAGE][PASSED] - Delayed 2 second(s)

2018-10-20 23:50:22 - [TEST_STEP][PASSED] - click: Object: 'Object Repository/Final Object Repo/Page_Form 3 EIS - Cessation as Employer/Message Your Request will be routed to UO' is clicked on

2018-10-20 23:50:27 - [MESSAGE][PASSED] - Object: 'Object Repository/Final Object Repo/Page_Form 3 EIS - Cessation as Employer/Message Your Request will be routed to UO' is clicked on

2018-10-20 23:50:27 - [TEST_STEP][PASSED] - click: Object: 'Object Repository/Final Object Repo/Page_Form 3 EIS - Cessation as Employer/Letter of acknowledgement' is clicked on

2018-10-20 23:50:28 - [MESSAGE][PASSED] - Object: 'Object Repository/Final Object Repo/Page_Form 3 EIS - Cessation as Employer/Letter of acknowledgement' is clicked on

2018-10-20 23:50:28 - [MESSAGE][PASSED] - Call Test Case 'Test Cases/Final Aug 2018 - PKS Automation/Registration Module/Workflow/Form 3 EIS - Cessation As Employer/Template/Form 3 A - Cessation As Employer (OTC)' successfully

2018-10-20 23:50:28 - [TEST_STEP][FAILED] - callTestCase: Unable to call Test Case with id 'Test Cases/Final Aug 2018 - PKS Automation/Registration Module/Workflow/Form 3 EIS - Cessation As Employer/Template/Form 3 A - Cessation As Employer (Reject)' (Root cause: Call Test Case 'Test Cases/Final Aug 2018 - PKS Automation/Registration Module/Workflow/Form 3 EIS - Cessation As Employer/Template/Form 3 A - Cessation As Employer (Reject)' failed)

2018-10-20 23:50:28 - [TEST_CASE][FAILED] - Test Cases/Final Aug 2018 - PKS Automation/Registration Module/Workflow/Form 3 EIS - Cessation As Employer/Template/Form 3 A - Cessation As Employer (Reject): Test Cases/Final Aug 2018 - PKS Automation/Registration Module/Workflow/Form 3 EIS - Cessation As Employer/Template/Form 3 A - Cessation As Employer (Reject) FAILED because (of) (Stack trace: com.kms.katalon.core.exception.StepFailedException: Unable to click on object 'Object Repository/Final Object Repo/Landing Page/Select to English' (Root cause: com.kms.katalon.core.webui.exception.WebElementNotFoundException: Web element with id: 'Object Repository/Final Object Repo/Landing Page/Select to English' located by 'By.xpath: //a[@class = 'taglib-language-list-text' and @lang = 'en-US' and (contains(text(), 'EN') or contains(., 'EN'))]' not found)
	at com.kms.katalon.core.keyword.internal.KeywordMain.stepFailed(KeywordMain.groovy:32)
	at com.kms.katalon.core.webui.keyword.internal.WebUIKeywordMain.stepFailed(WebUIKeywordMain.groovy:65)
	at com.kms.katalon.core.webui.keyword.internal.WebUIKeywordMain.runKeyword(WebUIKeywordMain.groovy:27)
	at com.kms.katalon.core.webui.keyword.builtin.ClickKeyword.click(ClickKeyword.groovy:86)
	at com.kms.katalon.core.webui.keyword.builtin.ClickKeyword.execute(ClickKeyword.groovy:67)
	at com.kms.katalon.core.keyword.internal.KeywordExecutor.executeKeywordForPlatform(KeywordExecutor.groovy:53)
	at com.kms.katalon.core.webui.keyword.WebUiBuiltInKeywords.click(WebUiBuiltInKeywords.groovy:604)
	at com.kms.katalon.core.webui.keyword.WebUiBuiltInKeywords$click$8.call(Unknown Source)
	at Script1534407542420.run(Script1534407542420.groovy:57)
	at com.kms.katalon.core.main.ScriptEngine.run(ScriptEngine.java:183)
	at com.kms.katalon.core.main.ScriptEngine.runScriptAsRawText(ScriptEngine.java:108)
	at com.kms.katalon.core.main.TestCaseExecutor.runScript(TestCaseExecutor.java:294)
	at com.kms.katalon.core.main.TestCaseExecutor.doExecute(TestCaseExecutor.java:285)
	at com.kms.katalon.core.main.TestCaseExecutor.processExecutionPhase(TestCaseExecutor.java:264)
	at com.kms.katalon.core.main.TestCaseExecutor.accessMainPhase(TestCaseExecutor.java:256)
	at com.kms.katalon.core.main.TestCaseExecutor.execute(TestCaseExecutor.java:200)
	at com.kms.katalon.core.main.TestCaseMain.runTestCase(TestCaseMain.java:99)
	at com.kms.katalon.core.keyword.builtin.CallTestCaseKeyword$_callTestCase_closure1.doCall(CallTestCaseKeyword.groovy:60)
	at com.kms.katalon.core.keyword.builtin.CallTestCaseKeyword$_callTestCase_closure1.call(CallTestCaseKeyword.groovy)
	at com.kms.katalon.core.keyword.internal.KeywordMain.runKeyword(KeywordMain.groovy:54)
	at com.kms.katalon.core.keyword.builtin.CallTestCaseKeyword.callTestCase(CallTestCaseKeyword.groovy:81)
	at com.kms.katalon.core.keyword.builtin.CallTestCaseKeyword.execute(CallTestCaseKeyword.groovy:45)
	at com.kms.katalon.core.keyword.internal.KeywordExecutor.executeKeywordForPlatform(KeywordExecutor.groovy:53)
	at com.kms.katalon.core.keyword.BuiltinKeywords.callTestCase(BuiltinKeywords.groovy:334)
	at sun.reflect.GeneratedMethodAccessor13.invoke(Unknown Source)
	at sun.reflect.DelegatingMethodAccessorImpl.invoke(DelegatingMethodAccessorImpl.java:43)
	at java.lang.reflect.Method.invoke(Method.java:498)
	at org.codehaus.groovy.reflection.CachedMethod.invoke(CachedMethod.java:93)
	at groovy.lang.MetaMethod.doMethodInvoke(MetaMethod.java:325)
	at groovy.lang.MetaClassImpl.invokeStaticMethod(MetaClassImpl.java:1469)
	at org.codehaus.groovy.runtime.callsite.StaticMetaClassSite.call(StaticMetaClassSite.java:53)
	at org.codehaus.groovy.runtime.callsite.CallSiteArray.defaultCall(CallSiteArray.java:48)
	at org.codehaus.groovy.runtime.callsite.AbstractCallSite.call(AbstractCallSite.java:113)
	at org.codehaus.groovy.runtime.callsite.AbstractCallSite.call(AbstractCallSite.java:141)
	at Script1536044453581.run(Script1536044453581.groovy:34)
	at com.kms.katalon.core.main.ScriptEngine.run(ScriptEngine.java:183)
	at com.kms.katalon.core.main.ScriptEngine.runScriptAsRawText(ScriptEngine.java:108)
	at com.kms.katalon.core.main.TestCaseExecutor.runScript(TestCaseExecutor.java:294)
	at com.kms.katalon.core.main.TestCaseExecutor.doExecute(TestCaseExecutor.java:285)
	at com.kms.katalon.core.main.TestCaseExecutor.processExecutionPhase(TestCaseExecutor.java:264)
	at com.kms.katalon.core.main.TestCaseExecutor.accessMainPhase(TestCaseExecutor.java:256)
	at com.kms.katalon.core.main.TestCaseExecutor.execute(TestCaseExecutor.java:200)
	at com.kms.katalon.core.main.TestCaseMain.runTestCase(TestCaseMain.java:99)
	at com.kms.katalon.core.keyword.builtin.CallTestCaseKeyword$_callTestCase_closure1.doCall(CallTestCaseKeyword.groovy:60)
	at com.kms.katalon.core.keyword.builtin.CallTestCaseKeyword$_callTestCase_closure1.call(CallTestCaseKeyword.groovy)
	at com.kms.katalon.core.keyword.internal.KeywordMain.runKeyword(KeywordMain.groovy:54)
	at com.kms.katalon.core.keyword.builtin.CallTestCaseKeyword.callTestCase(CallTestCaseKeyword.groovy:81)
	at com.kms.katalon.core.keyword.builtin.CallTestCaseKeyword.execute(CallTestCaseKeyword.groovy:45)
	at com.kms.katalon.core.keyword.internal.KeywordExecutor.executeKeywordForPlatform(KeywordExecutor.groovy:53)
	at com.kms.katalon.core.keyword.BuiltinKeywords.callTestCase(BuiltinKeywords.groovy:334)
	at sun.reflect.GeneratedMethodAccessor13.invoke(Unknown Source)
	at sun.reflect.DelegatingMethodAccessorImpl.invoke(DelegatingMethodAccessorImpl.java:43)
	at java.lang.reflect.Method.invoke(Method.java:498)
	at org.codehaus.groovy.reflection.CachedMethod.invoke(CachedMethod.java:93)
	at groovy.lang.MetaMethod.doMethodInvoke(MetaMethod.java:325)
	at groovy.lang.MetaClassImpl.invokeStaticMethod(MetaClassImpl.java:1469)
	at org.codehaus.groovy.runtime.callsite.StaticMetaClassSite.call(StaticMetaClassSite.java:53)
	at org.codehaus.groovy.runtime.callsite.CallSiteArray.defaultCall(CallSiteArray.java:48)
	at org.codehaus.groovy.runtime.callsite.AbstractCallSite.call(AbstractCallSite.java:113)
	at org.codehaus.groovy.runtime.callsite.AbstractCallSite.call(AbstractCallSite.java:141)
	at Script1536204204129.run(Script1536204204129.groovy:25)
	at com.kms.katalon.core.main.ScriptEngine.run(ScriptEngine.java:183)
	at com.kms.katalon.core.main.ScriptEngine.runScriptAsRawText(ScriptEngine.java:108)
	at com.kms.katalon.core.main.TestCaseExecutor.runScript(TestCaseExecutor.java:294)
	at com.kms.katalon.core.main.TestCaseExecutor.doExecute(TestCaseExecutor.java:285)
	at com.kms.katalon.core.main.TestCaseExecutor.processExecutionPhase(TestCaseExecutor.java:264)
	at com.kms.katalon.core.main.TestCaseExecutor.accessMainPhase(TestCaseExecutor.java:256)
	at com.kms.katalon.core.main.TestCaseExecutor.execute(TestCaseExecutor.java:200)
	at com.kms.katalon.core.main.TestSuiteExecutor.accessTestCaseMainPhase(TestSuiteExecutor.java:129)
	at com.kms.katalon.core.main.TestSuiteExecutor.accessTestSuiteMainPhase(TestSuiteExecutor.java:112)
	at com.kms.katalon.core.main.TestSuiteExecutor.execute(TestSuiteExecutor.java:81)
	at com.kms.katalon.core.main.TestCaseMain.startTestSuite(TestCaseMain.java:142)
	at com.kms.katalon.core.main.TestCaseMain$startTestSuite$0.call(Unknown Source)
	at org.codehaus.groovy.runtime.callsite.CallSiteArray.defaultCall(CallSiteArray.java:48)
	at org.codehaus.groovy.runtime.callsite.AbstractCallSite.call(AbstractCallSite.java:113)
	at org.codehaus.groovy.runtime.callsite.AbstractCallSite.call(AbstractCallSite.java:141)
	at TempTestSuite1540025489648.run(TempTestSuite1540025489648.groovy:36)
	at groovy.lang.GroovyShell.runScriptOrMainOrTestOrRunnable(GroovyShell.java:263)
	at groovy.lang.GroovyShell.run(GroovyShell.java:518)
	at groovy.lang.GroovyShell.run(GroovyShell.java:507)
	at groovy.ui.GroovyMain.processOnce(GroovyMain.java:653)
	at groovy.ui.GroovyMain.run(GroovyMain.java:384)
	at groovy.ui.GroovyMain.process(GroovyMain.java:370)
	at groovy.ui.GroovyMain.processArgs(GroovyMain.java:129)
	at groovy.ui.GroovyMain.main(GroovyMain.java:109)
	at sun.reflect.NativeMethodAccessorImpl.invoke0(Native Method)
	at sun.reflect.NativeMethodAccessorImpl.invoke(NativeMethodAccessorImpl.java:62)
	at sun.reflect.DelegatingMethodAccessorImpl.invoke(DelegatingMethodAccessorImpl.java:43)
	at java.lang.reflect.Method.invoke(Method.java:498)
	at org.codehaus.groovy.tools.GroovyStarter.rootLoader(GroovyStarter.java:109)
	at org.codehaus.groovy.tools.GroovyStarter.main(GroovyStarter.java:131)
)

2018-10-20 23:50:29 - [TEST_STEP][NOT_RUN] - callTestCase: NOT_RUN: callTestCase

2018-10-20 23:50:29 - [MESSAGE][NOT_RUN] - NOT_RUN: callTestCase

2018-10-20 23:50:29 - [TEST_STEP][PASSED] - delay: Delayed 1 second(s)

2018-10-20 23:50:30 - [MESSAGE][PASSED] - Delayed 1 second(s)

2018-10-20 23:50:30 - [TEST_STEP][PASSED] - navigateToUrl: Navigate to 'https://assist2-uat.perkeso.gov.my/c/portal/logout' successfully

2018-10-20 23:50:31 - [MESSAGE][PASSED] - Navigate to 'https://assist2-uat.perkeso.gov.my/c/portal/logout' successfully

2018-10-20 23:50:31 - [TEST_STEP][PASSED] - delay: Delayed 1 second(s)

2018-10-20 23:50:32 - [MESSAGE][PASSED] - Delayed 1 second(s)

2018-10-20 23:50:32 - [TEST_STEP][PASSED] - callTestCase: Call Test Case 'Test Cases/Final Aug 2018 - PKS Automation/Common/Reference Number Getter' successfully

2018-10-20 23:50:32 - [TEST_CASE][PASSED] - Test Cases/Final Aug 2018 - PKS Automation/Common/Reference Number Getter: Test Cases/Final Aug 2018 - PKS Automation/Common/Reference Number Getter

2018-10-20 23:50:32 - [TEST_STEP][PASSED] - Statement - Try: null

2018-10-20 23:50:32 - [TEST_STEP][PASSED] - Statement - RefNo = new java.io.File(C://KatalonReference.txt): null

2018-10-20 23:50:32 - [TEST_STEP][PASSED] - Statement - bufferread = new java.io.BufferedReader(new java.io.FileReader(RefNo)): null

2018-10-20 23:50:32 - [TEST_STEP][PASSED] - Statement - readedVal = bufferread.readLine(): null

2018-10-20 23:50:32 - [TEST_STEP][PASSED] - Statement - out.println(CaseReferenceNo): null

2018-10-20 23:50:32 - [TEST_STEP][PASSED] - Statement - out.println(readedVal): null

2018-10-20 23:50:32 - [TEST_STEP][PASSED] - Statement - CaseReferenceNo = readedVal: null

2018-10-20 23:50:32 - [MESSAGE][PASSED] - Call Test Case 'Test Cases/Final Aug 2018 - PKS Automation/Common/Reference Number Getter' successfully

2018-10-20 23:50:32 - [TEST_STEP][FAILED] - callTestCase: Unable to call Test Case with id 'Test Cases/Final Aug 2018 - PKS Automation/Common/Workflow Owner Finder' (Root cause: Call Test Case 'Test Cases/Final Aug 2018 - PKS Automation/Common/Workflow Owner Finder' failed)

2018-10-20 23:50:32 - [TEST_CASE][FAILED] - Test Cases/Final Aug 2018 - PKS Automation/Common/Workflow Owner Finder: Test Cases/Final Aug 2018 - PKS Automation/Common/Workflow Owner Finder FAILED because (of) (Stack trace: com.kms.katalon.core.exception.StepFailedException: Unable to click on object 'Object Repository/Final Object Repo/Landing Page/Select to English' (Root cause: com.kms.katalon.core.webui.exception.WebElementNotFoundException: Web element with id: 'Object Repository/Final Object Repo/Landing Page/Select to English' located by 'By.xpath: //a[@class = 'taglib-language-list-text' and @lang = 'en-US' and (contains(text(), 'EN') or contains(., 'EN'))]' not found)
	at com.kms.katalon.core.keyword.internal.KeywordMain.stepFailed(KeywordMain.groovy:32)
	at com.kms.katalon.core.webui.keyword.internal.WebUIKeywordMain.stepFailed(WebUIKeywordMain.groovy:65)
	at com.kms.katalon.core.webui.keyword.internal.WebUIKeywordMain.runKeyword(WebUIKeywordMain.groovy:27)
	at com.kms.katalon.core.webui.keyword.builtin.ClickKeyword.click(ClickKeyword.groovy:86)
	at com.kms.katalon.core.webui.keyword.builtin.ClickKeyword.execute(ClickKeyword.groovy:67)
	at com.kms.katalon.core.keyword.internal.KeywordExecutor.executeKeywordForPlatform(KeywordExecutor.groovy:53)
	at com.kms.katalon.core.webui.keyword.WebUiBuiltInKeywords.click(WebUiBuiltInKeywords.groovy:604)
	at com.kms.katalon.core.webui.keyword.WebUiBuiltInKeywords$click$8.call(Unknown Source)
	at Script1534407542420.run(Script1534407542420.groovy:57)
	at com.kms.katalon.core.main.ScriptEngine.run(ScriptEngine.java:183)
	at com.kms.katalon.core.main.ScriptEngine.runScriptAsRawText(ScriptEngine.java:108)
	at com.kms.katalon.core.main.TestCaseExecutor.runScript(TestCaseExecutor.java:294)
	at com.kms.katalon.core.main.TestCaseExecutor.doExecute(TestCaseExecutor.java:285)
	at com.kms.katalon.core.main.TestCaseExecutor.processExecutionPhase(TestCaseExecutor.java:264)
	at com.kms.katalon.core.main.TestCaseExecutor.accessMainPhase(TestCaseExecutor.java:256)
	at com.kms.katalon.core.main.TestCaseExecutor.execute(TestCaseExecutor.java:200)
	at com.kms.katalon.core.main.TestCaseMain.runTestCase(TestCaseMain.java:99)
	at com.kms.katalon.core.keyword.builtin.CallTestCaseKeyword$_callTestCase_closure1.doCall(CallTestCaseKeyword.groovy:60)
	at com.kms.katalon.core.keyword.builtin.CallTestCaseKeyword$_callTestCase_closure1.call(CallTestCaseKeyword.groovy)
	at com.kms.katalon.core.keyword.internal.KeywordMain.runKeyword(KeywordMain.groovy:54)
	at com.kms.katalon.core.keyword.builtin.CallTestCaseKeyword.callTestCase(CallTestCaseKeyword.groovy:81)
	at com.kms.katalon.core.keyword.builtin.CallTestCaseKeyword.execute(CallTestCaseKeyword.groovy:45)
	at com.kms.katalon.core.keyword.internal.KeywordExecutor.executeKeywordForPlatform(KeywordExecutor.groovy:53)
	at com.kms.katalon.core.keyword.BuiltinKeywords.callTestCase(BuiltinKeywords.groovy:334)
	at sun.reflect.GeneratedMethodAccessor13.invoke(Unknown Source)
	at sun.reflect.DelegatingMethodAccessorImpl.invoke(DelegatingMethodAccessorImpl.java:43)
	at java.lang.reflect.Method.invoke(Method.java:498)
	at org.codehaus.groovy.reflection.CachedMethod.invoke(CachedMethod.java:93)
	at groovy.lang.MetaMethod.doMethodInvoke(MetaMethod.java:325)
	at groovy.lang.MetaClassImpl.invokeStaticMethod(MetaClassImpl.java:1469)
	at org.codehaus.groovy.runtime.callsite.StaticMetaClassSite.call(StaticMetaClassSite.java:53)
	at org.codehaus.groovy.runtime.callsite.CallSiteArray.defaultCall(CallSiteArray.java:48)
	at org.codehaus.groovy.runtime.callsite.AbstractCallSite.call(AbstractCallSite.java:113)
	at org.codehaus.groovy.runtime.callsite.AbstractCallSite.call(AbstractCallSite.java:141)
	at Script1536044453581.run(Script1536044453581.groovy:34)
	at com.kms.katalon.core.main.ScriptEngine.run(ScriptEngine.java:183)
	at com.kms.katalon.core.main.ScriptEngine.runScriptAsRawText(ScriptEngine.java:108)
	at com.kms.katalon.core.main.TestCaseExecutor.runScript(TestCaseExecutor.java:294)
	at com.kms.katalon.core.main.TestCaseExecutor.doExecute(TestCaseExecutor.java:285)
	at com.kms.katalon.core.main.TestCaseExecutor.processExecutionPhase(TestCaseExecutor.java:264)
	at com.kms.katalon.core.main.TestCaseExecutor.accessMainPhase(TestCaseExecutor.java:256)
	at com.kms.katalon.core.main.TestCaseExecutor.execute(TestCaseExecutor.java:200)
	at com.kms.katalon.core.main.TestCaseMain.runTestCase(TestCaseMain.java:99)
	at com.kms.katalon.core.keyword.builtin.CallTestCaseKeyword$_callTestCase_closure1.doCall(CallTestCaseKeyword.groovy:60)
	at com.kms.katalon.core.keyword.builtin.CallTestCaseKeyword$_callTestCase_closure1.call(CallTestCaseKeyword.groovy)
	at com.kms.katalon.core.keyword.internal.KeywordMain.runKeyword(KeywordMain.groovy:54)
	at com.kms.katalon.core.keyword.builtin.CallTestCaseKeyword.callTestCase(CallTestCaseKeyword.groovy:81)
	at com.kms.katalon.core.keyword.builtin.CallTestCaseKeyword.execute(CallTestCaseKeyword.groovy:45)
	at com.kms.katalon.core.keyword.internal.KeywordExecutor.executeKeywordForPlatform(KeywordExecutor.groovy:53)
	at com.kms.katalon.core.keyword.BuiltinKeywords.callTestCase(BuiltinKeywords.groovy:334)
	at sun.reflect.GeneratedMethodAccessor13.invoke(Unknown Source)
	at sun.reflect.DelegatingMethodAccessorImpl.invoke(DelegatingMethodAccessorImpl.java:43)
	at java.lang.reflect.Method.invoke(Method.java:498)
	at org.codehaus.groovy.reflection.CachedMethod.invoke(CachedMethod.java:93)
	at groovy.lang.MetaMethod.doMethodInvoke(MetaMethod.java:325)
	at groovy.lang.MetaClassImpl.invokeStaticMethod(MetaClassImpl.java:1469)
	at org.codehaus.groovy.runtime.callsite.StaticMetaClassSite.call(StaticMetaClassSite.java:53)
	at org.codehaus.groovy.runtime.callsite.CallSiteArray.defaultCall(CallSiteArray.java:48)
	at org.codehaus.groovy.runtime.callsite.AbstractCallSite.call(AbstractCallSite.java:113)
	at org.codehaus.groovy.runtime.callsite.AbstractCallSite.call(AbstractCallSite.java:141)
	at Script1536204204129.run(Script1536204204129.groovy:25)
	at com.kms.katalon.core.main.ScriptEngine.run(ScriptEngine.java:183)
	at com.kms.katalon.core.main.ScriptEngine.runScriptAsRawText(ScriptEngine.java:108)
	at com.kms.katalon.core.main.TestCaseExecutor.runScript(TestCaseExecutor.java:294)
	at com.kms.katalon.core.main.TestCaseExecutor.doExecute(TestCaseExecutor.java:285)
	at com.kms.katalon.core.main.TestCaseExecutor.processExecutionPhase(TestCaseExecutor.java:264)
	at com.kms.katalon.core.main.TestCaseExecutor.accessMainPhase(TestCaseExecutor.java:256)
	at com.kms.katalon.core.main.TestCaseExecutor.execute(TestCaseExecutor.java:200)
	at com.kms.katalon.core.main.TestSuiteExecutor.accessTestCaseMainPhase(TestSuiteExecutor.java:129)
	at com.kms.katalon.core.main.TestSuiteExecutor.accessTestSuiteMainPhase(TestSuiteExecutor.java:112)
	at com.kms.katalon.core.main.TestSuiteExecutor.execute(TestSuiteExecutor.java:81)
	at com.kms.katalon.core.main.TestCaseMain.startTestSuite(TestCaseMain.java:142)
	at com.kms.katalon.core.main.TestCaseMain$startTestSuite$0.call(Unknown Source)
	at org.codehaus.groovy.runtime.callsite.CallSiteArray.defaultCall(CallSiteArray.java:48)
	at org.codehaus.groovy.runtime.callsite.AbstractCallSite.call(AbstractCallSite.java:113)
	at org.codehaus.groovy.runtime.callsite.AbstractCallSite.call(AbstractCallSite.java:141)
	at TempTestSuite1540025489648.run(TempTestSuite1540025489648.groovy:36)
	at groovy.lang.GroovyShell.runScriptOrMainOrTestOrRunnable(GroovyShell.java:263)
	at groovy.lang.GroovyShell.run(GroovyShell.java:518)
	at groovy.lang.GroovyShell.run(GroovyShell.java:507)
	at groovy.ui.GroovyMain.processOnce(GroovyMain.java:653)
	at groovy.ui.GroovyMain.run(GroovyMain.java:384)
	at groovy.ui.GroovyMain.process(GroovyMain.java:370)
	at groovy.ui.GroovyMain.processArgs(GroovyMain.java:129)
	at groovy.ui.GroovyMain.main(GroovyMain.java:109)
	at sun.reflect.NativeMethodAccessorImpl.invoke0(Native Method)
	at sun.reflect.NativeMethodAccessorImpl.invoke(NativeMethodAccessorImpl.java:62)
	at sun.reflect.DelegatingMethodAccessorImpl.invoke(DelegatingMethodAccessorImpl.java:43)
	at java.lang.reflect.Method.invoke(Method.java:498)
	at org.codehaus.groovy.tools.GroovyStarter.rootLoader(GroovyStarter.java:109)
	at org.codehaus.groovy.tools.GroovyStarter.main(GroovyStarter.java:131)
)

2018-10-20 23:50:32 - [TEST_STEP][PASSED] - openBrowser: Browser is opened with url: ''

2018-10-20 23:50:32 - [MESSAGE][WARNING] - A browser is already opened. Closing browser and opening a new one

2018-10-20 23:50:36 - [MESSAGE][PASSED] - Browser is opened with url: ''

2018-10-20 23:50:36 - [TEST_STEP][PASSED] - navigateToUrl: Navigate to 'https://assist2-uat.perkeso.gov.my/login' successfully

2018-10-20 23:50:38 - [MESSAGE][PASSED] - Navigate to 'https://assist2-uat.perkeso.gov.my/login' successfully

2018-10-20 23:50:38 - [TEST_STEP][PASSED] - delay: Delayed 5 second(s)

2018-10-20 23:50:43 - [MESSAGE][PASSED] - Delayed 5 second(s)

2018-10-20 23:50:43 - [TEST_STEP][PASSED] - setText: Text 'test@liferay.com' is set on object 'Object Repository/Final Object Repo/Login Page/Internal User/Email Address'

2018-10-20 23:50:44 - [MESSAGE][PASSED] - Text 'test@liferay.com' is set on object 'Object Repository/Final Object Repo/Login Page/Internal User/Email Address'

2018-10-20 23:50:44 - [TEST_STEP][PASSED] - click: Object: 'Object Repository/Final Object Repo/Login Page/Internal User/Next Button' is clicked on

2018-10-20 23:50:44 - [MESSAGE][PASSED] - Object: 'Object Repository/Final Object Repo/Login Page/Internal User/Next Button' is clicked on

2018-10-20 23:50:44 - [TEST_STEP][PASSED] - delay: Delayed 2 second(s)

2018-10-20 23:50:46 - [MESSAGE][PASSED] - Delayed 2 second(s)

2018-10-20 23:50:46 - [TEST_STEP][PASSED] - setText: Text 'test' is set on object 'Object Repository/Final Object Repo/Login Page/Internal User/Password'

2018-10-20 23:50:46 - [MESSAGE][PASSED] - Text 'test' is set on object 'Object Repository/Final Object Repo/Login Page/Internal User/Password'

2018-10-20 23:50:46 - [TEST_STEP][PASSED] - delay: Delayed 2 second(s)

2018-10-20 23:50:48 - [MESSAGE][PASSED] - Delayed 2 second(s)

2018-10-20 23:50:48 - [TEST_STEP][PASSED] - click: Object: 'Object Repository/Final Object Repo/Login Page/Internal User/Login Button' is clicked on

2018-10-20 23:50:48 - [MESSAGE][PASSED] - Object: 'Object Repository/Final Object Repo/Login Page/Internal User/Login Button' is clicked on

2018-10-20 23:50:48 - [TEST_STEP][FAILED] - Statement - Try: Delayed 2 second(s)

2018-10-20 23:50:48 - [TEST_STEP][PASSED] - Statement - Checker = false: null

2018-10-20 23:50:48 - [TEST_STEP][PASSED] - Statement - Checker = com.kms.katalon.core.webui.keyword.WebUiBuiltInKeywords.verifyElementHasAttribute(com.kms.katalon.core.testobject.ObjectRepository.findTestObject(Final Object Repo/Landing Page/BM Detecting), "href", 20, OPTIONAL): Unable to verify if object 'Object Repository/Final Object Repo/Landing Page/BM Detecting' has attribute 'href' (Root cause: org.openqa.selenium.StaleElementReferenceException: stale element reference: element is not attached to the page document
  (Session info: chrome=69.0.3497.100)
  (Driver info: chromedriver=2.35.528161 (5b82f2d2aae0ca24b877009200ced9065a772e73),platform=Windows NT 6.1.7601 SP1 x86_64) (WARNING: The server did not provide any stacktrace information)
Command duration or timeout: 0 milliseconds
For documentation on this error, please visit: http://seleniumhq.org/exceptions/stale_element_reference.html
Build info: version: '3.7.1', revision: '8a0099a', time: '2017-11-06T21:07:36.161Z'
System info: host: 'WEIZHENG', ip: '192.168.137.1', os.name: 'Windows 7', os.arch: 'amd64', os.version: '6.1', java.version: '1.8.0_181'
Driver info: com.kms.katalon.selenium.driver.CChromeDriver
Capabilities {acceptInsecureCerts: false, acceptSslCerts: false, applicationCacheEnabled: false, browserConnectionEnabled: false, browserName: chrome, chrome: {chromedriverVersion: 2.35.528161 (5b82f2d2aae0ca..., userDataDir: C:\Users\WEIZHE~1\AppData\L...}, cssSelectorsEnabled: true, databaseEnabled: false, handlesAlerts: true, hasTouchScreen: false, javascriptEnabled: true, locationContextEnabled: true, mobileEmulationEnabled: false, nativeEvents: true, networkConnectionEnabled: false, pageLoadStrategy: normal, platform: XP, platformName: XP, rotatable: false, setWindowRect: true, takesHeapSnapshot: true, takesScreenshot: true, unexpectedAlertBehaviour: , unhandledPromptBehavior: , version: 69.0.3497.100, webStorageEnabled: true}
Session ID: c31d5fe7c4c52af117d5ed3ea2ca448f)

2018-10-20 23:50:52 - [MESSAGE][WARNING] - Unable to verify if object 'Object Repository/Final Object Repo/Landing Page/BM Detecting' has attribute 'href' (Root cause: org.openqa.selenium.StaleElementReferenceException: stale element reference: element is not attached to the page document
  (Session info: chrome=69.0.3497.100)
  (Driver info: chromedriver=2.35.528161 (5b82f2d2aae0ca24b877009200ced9065a772e73),platform=Windows NT 6.1.7601 SP1 x86_64) (WARNING: The server did not provide any stacktrace information)
Command duration or timeout: 0 milliseconds
For documentation on this error, please visit: http://seleniumhq.org/exceptions/stale_element_reference.html
Build info: version: '3.7.1', revision: '8a0099a', time: '2017-11-06T21:07:36.161Z'
System info: host: 'WEIZHENG', ip: '192.168.137.1', os.name: 'Windows 7', os.arch: 'amd64', os.version: '6.1', java.version: '1.8.0_181'
Driver info: com.kms.katalon.selenium.driver.CChromeDriver
Capabilities {acceptInsecureCerts: false, acceptSslCerts: false, applicationCacheEnabled: false, browserConnectionEnabled: false, browserName: chrome, chrome: {chromedriverVersion: 2.35.528161 (5b82f2d2aae0ca..., userDataDir: C:\Users\WEIZHE~1\AppData\L...}, cssSelectorsEnabled: true, databaseEnabled: false, handlesAlerts: true, hasTouchScreen: false, javascriptEnabled: true, locationContextEnabled: true, mobileEmulationEnabled: false, nativeEvents: true, networkConnectionEnabled: false, pageLoadStrategy: normal, platform: XP, platformName: XP, rotatable: false, setWindowRect: true, takesHeapSnapshot: true, takesScreenshot: true, unexpectedAlertBehaviour: , unhandledPromptBehavior: , version: 69.0.3497.100, webStorageEnabled: true}
Session ID: c31d5fe7c4c52af117d5ed3ea2ca448f)
[[ATTACHMENT|C:\\Users\\LENOVO\\Katalon Studio\\Perkeso Phase A\\Reports\\Workflow\\Form 3 EIS - Cessation as Employer\\20181020_165129\\1540050651744.png]]

2018-10-20 23:50:52 - [TEST_STEP][PASSED] - Statement - out.println(Checker): null

2018-10-20 23:50:52 - [TEST_STEP][FAILED] - Statement - If (Checker == false): Unable to click on object 'Object Repository/Final Object Repo/Landing Page/Select to English' (Root cause: com.kms.katalon.core.webui.exception.WebElementNotFoundException: Web element with id: 'Object Repository/Final Object Repo/Landing Page/Select to English' located by 'By.xpath: //a[@class = 'taglib-language-list-text' and @lang = 'en-US' and (contains(text(), 'EN') or contains(., 'EN'))]' not found)

2018-10-20 23:50:52 - [TEST_STEP][FAILED] - click: Unable to click on object 'Object Repository/Final Object Repo/Landing Page/Select to English' (Root cause: com.kms.katalon.core.webui.exception.WebElementNotFoundException: Web element with id: 'Object Repository/Final Object Repo/Landing Page/Select to English' located by 'By.xpath: //a[@class = 'taglib-language-list-text' and @lang = 'en-US' and (contains(text(), 'EN') or contains(., 'EN'))]' not found)

2018-10-20 23:51:31 - [MESSAGE][FAILED] - Unable to click on object 'Object Repository/Final Object Repo/Landing Page/Select to English' (Root cause: com.kms.katalon.core.webui.exception.WebElementNotFoundException: Web element with id: 'Object Repository/Final Object Repo/Landing Page/Select to English' located by 'By.xpath: //a[@class = 'taglib-language-list-text' and @lang = 'en-US' and (contains(text(), 'EN') or contains(., 'EN'))]' not found)
[[ATTACHMENT|C:\\Users\\LENOVO\\Katalon Studio\\Perkeso Phase A\\Reports\\Workflow\\Form 3 EIS - Cessation as Employer\\20181020_165129\\1540050691509.png]]

2018-10-20 23:51:31 - [TEST_STEP][PASSED] - delay: Delayed 2 second(s)

2018-10-20 23:51:33 - [MESSAGE][PASSED] - Delayed 2 second(s)

2018-10-20 23:51:33 - [TEST_STEP][PASSED] - delay: Delayed 3 second(s)

2018-10-20 23:51:36 - [MESSAGE][PASSED] - Delayed 3 second(s)

2018-10-20 23:51:36 - [TEST_STEP][PASSED] - mouseOver: Object: 'Object Repository/Final Object Repo/Landing Page/WorkFlow Menu' is hovered

2018-10-20 23:51:36 - [MESSAGE][PASSED] - Object: 'Object Repository/Final Object Repo/Landing Page/WorkFlow Menu' is hovered

2018-10-20 23:51:36 - [TEST_STEP][PASSED] - delay: Delayed 2 second(s)

2018-10-20 23:51:38 - [MESSAGE][PASSED] - Delayed 2 second(s)

2018-10-20 23:51:38 - [TEST_STEP][PASSED] - click: Object: 'Object Repository/Final Object Repo/Landing Page/Select to Workflow Listing' is clicked on

2018-10-20 23:51:40 - [MESSAGE][PASSED] - Object: 'Object Repository/Final Object Repo/Landing Page/Select to Workflow Listing' is clicked on

2018-10-20 23:51:40 - [TEST_STEP][PASSED] - delay: Delayed 2 second(s)

2018-10-20 23:51:42 - [MESSAGE][PASSED] - Delayed 2 second(s)

2018-10-20 23:51:42 - [TEST_STEP][PASSED] - click: Object: 'Object Repository/Final Object Repo/WorkFlow Listing Page/Search Information - To Put Ref No' is clicked on

2018-10-20 23:51:42 - [MESSAGE][PASSED] - Object: 'Object Repository/Final Object Repo/WorkFlow Listing Page/Search Information - To Put Ref No' is clicked on

2018-10-20 23:51:42 - [TEST_STEP][PASSED] - delay: Delayed 2 second(s)

2018-10-20 23:51:44 - [MESSAGE][PASSED] - Delayed 2 second(s)

2018-10-20 23:51:44 - [TEST_STEP][PASSED] - callTestCase: Call Test Case 'Test Cases/Final Aug 2018 - PKS Automation/Common/Reference Number Getter' successfully

2018-10-20 23:51:44 - [TEST_CASE][PASSED] - Test Cases/Final Aug 2018 - PKS Automation/Common/Reference Number Getter: Test Cases/Final Aug 2018 - PKS Automation/Common/Reference Number Getter

2018-10-20 23:51:44 - [TEST_STEP][PASSED] - Statement - Try: null

2018-10-20 23:51:44 - [TEST_STEP][PASSED] - Statement - RefNo = new java.io.File(C://KatalonReference.txt): null

2018-10-20 23:51:44 - [TEST_STEP][PASSED] - Statement - bufferread = new java.io.BufferedReader(new java.io.FileReader(RefNo)): null

2018-10-20 23:51:44 - [TEST_STEP][PASSED] - Statement - readedVal = bufferread.readLine(): null

2018-10-20 23:51:44 - [TEST_STEP][PASSED] - Statement - out.println(CaseReferenceNo): null

2018-10-20 23:51:44 - [TEST_STEP][PASSED] - Statement - out.println(readedVal): null

2018-10-20 23:51:44 - [TEST_STEP][PASSED] - Statement - CaseReferenceNo = readedVal: null

2018-10-20 23:51:44 - [MESSAGE][PASSED] - Call Test Case 'Test Cases/Final Aug 2018 - PKS Automation/Common/Reference Number Getter' successfully

2018-10-20 23:51:44 - [TEST_STEP][PASSED] - setText: Text 'ERN102018C200002203' is set on object 'Object Repository/Final Object Repo/WorkFlow Listing Page/Ref No Set Text'

2018-10-20 23:51:44 - [MESSAGE][PASSED] - Text 'ERN102018C200002203' is set on object 'Object Repository/Final Object Repo/WorkFlow Listing Page/Ref No Set Text'

2018-10-20 23:51:44 - [TEST_STEP][PASSED] - delay: Delayed 2 second(s)

2018-10-20 23:51:46 - [MESSAGE][PASSED] - Delayed 2 second(s)

2018-10-20 23:51:46 - [TEST_STEP][PASSED] - click: Object: 'Object Repository/Final Object Repo/WorkFlow Listing Page/Search Ref No Search Button' is clicked on

2018-10-20 23:51:46 - [MESSAGE][PASSED] - Object: 'Object Repository/Final Object Repo/WorkFlow Listing Page/Search Ref No Search Button' is clicked on

2018-10-20 23:51:46 - [TEST_STEP][PASSED] - delay: Delayed 4 second(s)

2018-10-20 23:51:50 - [MESSAGE][PASSED] - Delayed 4 second(s)

2018-10-20 23:51:50 - [TEST_STEP][PASSED] - click: Object: 'Object Repository/Final Object Repo/WorkFlow Listing Page/Click Continue Tooltip' is clicked on

2018-10-20 23:51:51 - [MESSAGE][PASSED] - Object: 'Object Repository/Final Object Repo/WorkFlow Listing Page/Click Continue Tooltip' is clicked on

2018-10-20 23:51:51 - [TEST_STEP][PASSED] - delay: Delayed 5 second(s)

2018-10-20 23:51:56 - [MESSAGE][PASSED] - Delayed 5 second(s)

2018-10-20 23:51:56 - [TEST_STEP][PASSED] - doubleClick: Object: 'Object Repository/Final Object Repo/WorkFlow Listing Page/Workflow Found - Listing 1' is double clicked on

2018-10-20 23:51:57 - [MESSAGE][PASSED] - Object: 'Object Repository/Final Object Repo/WorkFlow Listing Page/Workflow Found - Listing 1' is double clicked on

2018-10-20 23:51:57 - [TEST_STEP][PASSED] - Statement - println(OwnerID): null

2018-10-20 23:51:57 - [TEST_STEP][PASSED] - Statement - OwnerID = com.kms.katalon.core.webui.keyword.WebUiBuiltInKeywords.getText(com.kms.katalon.core.testobject.ObjectRepository.findTestObject(Final Object Repo/WorkFlow Listing Page/Workflow Found - Listing 1), STOP_ON_FAILURE): Text of object 'Object Repository/Final Object Repo/WorkFlow Listing Page/Workflow Found - Listing 1' is: 'JOHORuo1'

2018-10-20 23:51:57 - [MESSAGE][PASSED] - Text of object 'Object Repository/Final Object Repo/WorkFlow Listing Page/Workflow Found - Listing 1' is: 'JOHORuo1'

2018-10-20 23:51:57 - [TEST_STEP][PASSED] - Statement - OwnerID = OwnerID.toLowerCase() + "@gmail.com": null

2018-10-20 23:51:57 - [TEST_STEP][PASSED] - Statement - println(OwnerID): null

2018-10-20 23:51:57 - [TEST_STEP][PASSED] - delay: Delayed 2 second(s)

2018-10-20 23:51:59 - [MESSAGE][PASSED] - Delayed 2 second(s)

2018-10-20 23:51:59 - [MESSAGE][FAILED] - Unable to call Test Case with id 'Test Cases/Final Aug 2018 - PKS Automation/Common/Workflow Owner Finder' (Root cause: Call Test Case 'Test Cases/Final Aug 2018 - PKS Automation/Common/Workflow Owner Finder' failed)

2018-10-20 23:51:59 - [MESSAGE][FAILED] - Unable to call Test Case with id 'Test Cases/Final Aug 2018 - PKS Automation/Registration Module/Workflow/Form 3 EIS - Cessation As Employer/Template/Form 3 A - Cessation As Employer (Reject)' (Root cause: Call Test Case 'Test Cases/Final Aug 2018 - PKS Automation/Registration Module/Workflow/Form 3 EIS - Cessation As Employer/Template/Form 3 A - Cessation As Employer (Reject)' failed)]]></system-out>
         <system-err><![CDATA[2018-10-20 23:49:26 - [TEST_CASE][FAILED] - Test Cases/Final Aug 2018 - PKS Automation/Registration Module/Workflow/Form 3 EIS - Cessation As Employer/OTC to UO (Reject): Test Cases/Final Aug 2018 - PKS Automation/Registration Module/Workflow/Form 3 EIS - Cessation As Employer/OTC to UO (Reject) FAILED because (of) (Stack trace: com.kms.katalon.core.exception.StepFailedException: Unable to click on object 'Object Repository/Final Object Repo/Landing Page/Select to English' (Root cause: com.kms.katalon.core.webui.exception.WebElementNotFoundException: Web element with id: 'Object Repository/Final Object Repo/Landing Page/Select to English' located by 'By.xpath: //a[@class = 'taglib-language-list-text' and @lang = 'en-US' and (contains(text(), 'EN') or contains(., 'EN'))]' not found)
	at com.kms.katalon.core.keyword.internal.KeywordMain.stepFailed(KeywordMain.groovy:32)
	at com.kms.katalon.core.webui.keyword.internal.WebUIKeywordMain.stepFailed(WebUIKeywordMain.groovy:65)
	at com.kms.katalon.core.webui.keyword.internal.WebUIKeywordMain.runKeyword(WebUIKeywordMain.groovy:27)
	at com.kms.katalon.core.webui.keyword.builtin.ClickKeyword.click(ClickKeyword.groovy:86)
	at com.kms.katalon.core.webui.keyword.builtin.ClickKeyword.execute(ClickKeyword.groovy:67)
	at com.kms.katalon.core.keyword.internal.KeywordExecutor.executeKeywordForPlatform(KeywordExecutor.groovy:53)
	at com.kms.katalon.core.webui.keyword.WebUiBuiltInKeywords.click(WebUiBuiltInKeywords.groovy:604)
	at com.kms.katalon.core.webui.keyword.WebUiBuiltInKeywords$click$8.call(Unknown Source)
	at Script1534407542420.run(Script1534407542420.groovy:57)
	at com.kms.katalon.core.main.ScriptEngine.run(ScriptEngine.java:183)
	at com.kms.katalon.core.main.ScriptEngine.runScriptAsRawText(ScriptEngine.java:108)
	at com.kms.katalon.core.main.TestCaseExecutor.runScript(TestCaseExecutor.java:294)
	at com.kms.katalon.core.main.TestCaseExecutor.doExecute(TestCaseExecutor.java:285)
	at com.kms.katalon.core.main.TestCaseExecutor.processExecutionPhase(TestCaseExecutor.java:264)
	at com.kms.katalon.core.main.TestCaseExecutor.accessMainPhase(TestCaseExecutor.java:256)
	at com.kms.katalon.core.main.TestCaseExecutor.execute(TestCaseExecutor.java:200)
	at com.kms.katalon.core.main.TestCaseMain.runTestCase(TestCaseMain.java:99)
	at com.kms.katalon.core.keyword.builtin.CallTestCaseKeyword$_callTestCase_closure1.doCall(CallTestCaseKeyword.groovy:60)
	at com.kms.katalon.core.keyword.builtin.CallTestCaseKeyword$_callTestCase_closure1.call(CallTestCaseKeyword.groovy)
	at com.kms.katalon.core.keyword.internal.KeywordMain.runKeyword(KeywordMain.groovy:54)
	at com.kms.katalon.core.keyword.builtin.CallTestCaseKeyword.callTestCase(CallTestCaseKeyword.groovy:81)
	at com.kms.katalon.core.keyword.builtin.CallTestCaseKeyword.execute(CallTestCaseKeyword.groovy:45)
	at com.kms.katalon.core.keyword.internal.KeywordExecutor.executeKeywordForPlatform(KeywordExecutor.groovy:53)
	at com.kms.katalon.core.keyword.BuiltinKeywords.callTestCase(BuiltinKeywords.groovy:334)
	at sun.reflect.GeneratedMethodAccessor13.invoke(Unknown Source)
	at sun.reflect.DelegatingMethodAccessorImpl.invoke(DelegatingMethodAccessorImpl.java:43)
	at java.lang.reflect.Method.invoke(Method.java:498)
	at org.codehaus.groovy.reflection.CachedMethod.invoke(CachedMethod.java:93)
	at groovy.lang.MetaMethod.doMethodInvoke(MetaMethod.java:325)
	at groovy.lang.MetaClassImpl.invokeStaticMethod(MetaClassImpl.java:1469)
	at org.codehaus.groovy.runtime.callsite.StaticMetaClassSite.call(StaticMetaClassSite.java:53)
	at org.codehaus.groovy.runtime.callsite.CallSiteArray.defaultCall(CallSiteArray.java:48)
	at org.codehaus.groovy.runtime.callsite.AbstractCallSite.call(AbstractCallSite.java:113)
	at org.codehaus.groovy.runtime.callsite.AbstractCallSite.call(AbstractCallSite.java:141)
	at Script1536044453581.run(Script1536044453581.groovy:34)
	at com.kms.katalon.core.main.ScriptEngine.run(ScriptEngine.java:183)
	at com.kms.katalon.core.main.ScriptEngine.runScriptAsRawText(ScriptEngine.java:108)
	at com.kms.katalon.core.main.TestCaseExecutor.runScript(TestCaseExecutor.java:294)
	at com.kms.katalon.core.main.TestCaseExecutor.doExecute(TestCaseExecutor.java:285)
	at com.kms.katalon.core.main.TestCaseExecutor.processExecutionPhase(TestCaseExecutor.java:264)
	at com.kms.katalon.core.main.TestCaseExecutor.accessMainPhase(TestCaseExecutor.java:256)
	at com.kms.katalon.core.main.TestCaseExecutor.execute(TestCaseExecutor.java:200)
	at com.kms.katalon.core.main.TestCaseMain.runTestCase(TestCaseMain.java:99)
	at com.kms.katalon.core.keyword.builtin.CallTestCaseKeyword$_callTestCase_closure1.doCall(CallTestCaseKeyword.groovy:60)
	at com.kms.katalon.core.keyword.builtin.CallTestCaseKeyword$_callTestCase_closure1.call(CallTestCaseKeyword.groovy)
	at com.kms.katalon.core.keyword.internal.KeywordMain.runKeyword(KeywordMain.groovy:54)
	at com.kms.katalon.core.keyword.builtin.CallTestCaseKeyword.callTestCase(CallTestCaseKeyword.groovy:81)
	at com.kms.katalon.core.keyword.builtin.CallTestCaseKeyword.execute(CallTestCaseKeyword.groovy:45)
	at com.kms.katalon.core.keyword.internal.KeywordExecutor.executeKeywordForPlatform(KeywordExecutor.groovy:53)
	at com.kms.katalon.core.keyword.BuiltinKeywords.callTestCase(BuiltinKeywords.groovy:334)
	at sun.reflect.GeneratedMethodAccessor13.invoke(Unknown Source)
	at sun.reflect.DelegatingMethodAccessorImpl.invoke(DelegatingMethodAccessorImpl.java:43)
	at java.lang.reflect.Method.invoke(Method.java:498)
	at org.codehaus.groovy.reflection.CachedMethod.invoke(CachedMethod.java:93)
	at groovy.lang.MetaMethod.doMethodInvoke(MetaMethod.java:325)
	at groovy.lang.MetaClassImpl.invokeStaticMethod(MetaClassImpl.java:1469)
	at org.codehaus.groovy.runtime.callsite.StaticMetaClassSite.call(StaticMetaClassSite.java:53)
	at org.codehaus.groovy.runtime.callsite.CallSiteArray.defaultCall(CallSiteArray.java:48)
	at org.codehaus.groovy.runtime.callsite.AbstractCallSite.call(AbstractCallSite.java:113)
	at org.codehaus.groovy.runtime.callsite.AbstractCallSite.call(AbstractCallSite.java:141)
	at Script1536204204129.run(Script1536204204129.groovy:25)
	at com.kms.katalon.core.main.ScriptEngine.run(ScriptEngine.java:183)
	at com.kms.katalon.core.main.ScriptEngine.runScriptAsRawText(ScriptEngine.java:108)
	at com.kms.katalon.core.main.TestCaseExecutor.runScript(TestCaseExecutor.java:294)
	at com.kms.katalon.core.main.TestCaseExecutor.doExecute(TestCaseExecutor.java:285)
	at com.kms.katalon.core.main.TestCaseExecutor.processExecutionPhase(TestCaseExecutor.java:264)
	at com.kms.katalon.core.main.TestCaseExecutor.accessMainPhase(TestCaseExecutor.java:256)
	at com.kms.katalon.core.main.TestCaseExecutor.execute(TestCaseExecutor.java:200)
	at com.kms.katalon.core.main.TestSuiteExecutor.accessTestCaseMainPhase(TestSuiteExecutor.java:129)
	at com.kms.katalon.core.main.TestSuiteExecutor.accessTestSuiteMainPhase(TestSuiteExecutor.java:112)
	at com.kms.katalon.core.main.TestSuiteExecutor.execute(TestSuiteExecutor.java:81)
	at com.kms.katalon.core.main.TestCaseMain.startTestSuite(TestCaseMain.java:142)
	at com.kms.katalon.core.main.TestCaseMain$startTestSuite$0.call(Unknown Source)
	at org.codehaus.groovy.runtime.callsite.CallSiteArray.defaultCall(CallSiteArray.java:48)
	at org.codehaus.groovy.runtime.callsite.AbstractCallSite.call(AbstractCallSite.java:113)
	at org.codehaus.groovy.runtime.callsite.AbstractCallSite.call(AbstractCallSite.java:141)
	at TempTestSuite1540025489648.run(TempTestSuite1540025489648.groovy:36)
	at groovy.lang.GroovyShell.runScriptOrMainOrTestOrRunnable(GroovyShell.java:263)
	at groovy.lang.GroovyShell.run(GroovyShell.java:518)
	at groovy.lang.GroovyShell.run(GroovyShell.java:507)
	at groovy.ui.GroovyMain.processOnce(GroovyMain.java:653)
	at groovy.ui.GroovyMain.run(GroovyMain.java:384)
	at groovy.ui.GroovyMain.process(GroovyMain.java:370)
	at groovy.ui.GroovyMain.processArgs(GroovyMain.java:129)
	at groovy.ui.GroovyMain.main(GroovyMain.java:109)
	at sun.reflect.NativeMethodAccessorImpl.invoke0(Native Method)
	at sun.reflect.NativeMethodAccessorImpl.invoke(NativeMethodAccessorImpl.java:62)
	at sun.reflect.DelegatingMethodAccessorImpl.invoke(DelegatingMethodAccessorImpl.java:43)
	at java.lang.reflect.Method.invoke(Method.java:498)
	at org.codehaus.groovy.tools.GroovyStarter.rootLoader(GroovyStarter.java:109)
	at org.codehaus.groovy.tools.GroovyStarter.main(GroovyStarter.java:131)
)]]></system-err>
      </testcase>
      <testcase name="Test Cases/Final Aug 2018 - PKS Automation/Registration Module/Workflow/Form 3 EIS - Cessation As Employer/OTC to UO (Under enforcement)" classname="Test Cases/Final Aug 2018 - PKS Automation/Registration Module/Workflow/Form 3 EIS - Cessation As Employer/OTC to UO (Under enforcement)" status="FAILED">
         <failure type="FAILED" message="(Stack trace: com.kms.katalon.core.exception.StepFailedException: Unable to click on object 'Object Repository/Final Object Repo/Landing Page/Select to English' (Root cause: com.kms.katalon.core.webui.exception.WebElementNotFoundException: Web element with id: 'Object Repository/Final Object Repo/Landing Page/Select to English' located by 'By.xpath: //a[@class = 'taglib-language-list-text' and @lang = 'en-US' and (contains(text(), 'EN') or contains(., 'EN'))]' not found)
	at com.kms.katalon.core.keyword.internal.KeywordMain.stepFailed(KeywordMain.groovy:32)
	at com.kms.katalon.core.webui.keyword.internal.WebUIKeywordMain.stepFailed(WebUIKeywordMain.groovy:65)
	at com.kms.katalon.core.webui.keyword.internal.WebUIKeywordMain.runKeyword(WebUIKeywordMain.groovy:27)
	at com.kms.katalon.core.webui.keyword.builtin.ClickKeyword.click(ClickKeyword.groovy:86)
	at com.kms.katalon.core.webui.keyword.builtin.ClickKeyword.execute(ClickKeyword.groovy:67)
	at com.kms.katalon.core.keyword.internal.KeywordExecutor.executeKeywordForPlatform(KeywordExecutor.groovy:53)
	at com.kms.katalon.core.webui.keyword.WebUiBuiltInKeywords.click(WebUiBuiltInKeywords.groovy:604)
	at com.kms.katalon.core.webui.keyword.WebUiBuiltInKeywords$click$8.call(Unknown Source)
	at Script1534407542420.run(Script1534407542420.groovy:57)
	at com.kms.katalon.core.main.ScriptEngine.run(ScriptEngine.java:183)
	at com.kms.katalon.core.main.ScriptEngine.runScriptAsRawText(ScriptEngine.java:108)
	at com.kms.katalon.core.main.TestCaseExecutor.runScript(TestCaseExecutor.java:294)
	at com.kms.katalon.core.main.TestCaseExecutor.doExecute(TestCaseExecutor.java:285)
	at com.kms.katalon.core.main.TestCaseExecutor.processExecutionPhase(TestCaseExecutor.java:264)
	at com.kms.katalon.core.main.TestCaseExecutor.accessMainPhase(TestCaseExecutor.java:256)
	at com.kms.katalon.core.main.TestCaseExecutor.execute(TestCaseExecutor.java:200)
	at com.kms.katalon.core.main.TestCaseMain.runTestCase(TestCaseMain.java:99)
	at com.kms.katalon.core.keyword.builtin.CallTestCaseKeyword$_callTestCase_closure1.doCall(CallTestCaseKeyword.groovy:60)
	at com.kms.katalon.core.keyword.builtin.CallTestCaseKeyword$_callTestCase_closure1.call(CallTestCaseKeyword.groovy)
	at com.kms.katalon.core.keyword.internal.KeywordMain.runKeyword(KeywordMain.groovy:54)
	at com.kms.katalon.core.keyword.builtin.CallTestCaseKeyword.callTestCase(CallTestCaseKeyword.groovy:81)
	at com.kms.katalon.core.keyword.builtin.CallTestCaseKeyword.execute(CallTestCaseKeyword.groovy:45)
	at com.kms.katalon.core.keyword.internal.KeywordExecutor.executeKeywordForPlatform(KeywordExecutor.groovy:53)
	at com.kms.katalon.core.keyword.BuiltinKeywords.callTestCase(BuiltinKeywords.groovy:334)
	at sun.reflect.GeneratedMethodAccessor13.invoke(Unknown Source)
	at sun.reflect.DelegatingMethodAccessorImpl.invoke(DelegatingMethodAccessorImpl.java:43)
	at java.lang.reflect.Method.invoke(Method.java:498)
	at org.codehaus.groovy.reflection.CachedMethod.invoke(CachedMethod.java:93)
	at groovy.lang.MetaMethod.doMethodInvoke(MetaMethod.java:325)
	at groovy.lang.MetaClassImpl.invokeStaticMethod(MetaClassImpl.java:1469)
	at org.codehaus.groovy.runtime.callsite.StaticMetaClassSite.call(StaticMetaClassSite.java:53)
	at org.codehaus.groovy.runtime.callsite.CallSiteArray.defaultCall(CallSiteArray.java:48)
	at org.codehaus.groovy.runtime.callsite.AbstractCallSite.call(AbstractCallSite.java:113)
	at org.codehaus.groovy.runtime.callsite.AbstractCallSite.call(AbstractCallSite.java:141)
	at Script1536113546450.run(Script1536113546450.groovy:34)
	at com.kms.katalon.core.main.ScriptEngine.run(ScriptEngine.java:183)
	at com.kms.katalon.core.main.ScriptEngine.runScriptAsRawText(ScriptEngine.java:108)
	at com.kms.katalon.core.main.TestCaseExecutor.runScript(TestCaseExecutor.java:294)
	at com.kms.katalon.core.main.TestCaseExecutor.doExecute(TestCaseExecutor.java:285)
	at com.kms.katalon.core.main.TestCaseExecutor.processExecutionPhase(TestCaseExecutor.java:264)
	at com.kms.katalon.core.main.TestCaseExecutor.accessMainPhase(TestCaseExecutor.java:256)
	at com.kms.katalon.core.main.TestCaseExecutor.execute(TestCaseExecutor.java:200)
	at com.kms.katalon.core.main.TestCaseMain.runTestCase(TestCaseMain.java:99)
	at com.kms.katalon.core.keyword.builtin.CallTestCaseKeyword$_callTestCase_closure1.doCall(CallTestCaseKeyword.groovy:60)
	at com.kms.katalon.core.keyword.builtin.CallTestCaseKeyword$_callTestCase_closure1.call(CallTestCaseKeyword.groovy)
	at com.kms.katalon.core.keyword.internal.KeywordMain.runKeyword(KeywordMain.groovy:54)
	at com.kms.katalon.core.keyword.builtin.CallTestCaseKeyword.callTestCase(CallTestCaseKeyword.groovy:81)
	at com.kms.katalon.core.keyword.builtin.CallTestCaseKeyword.execute(CallTestCaseKeyword.groovy:45)
	at com.kms.katalon.core.keyword.internal.KeywordExecutor.executeKeywordForPlatform(KeywordExecutor.groovy:53)
	at com.kms.katalon.core.keyword.BuiltinKeywords.callTestCase(BuiltinKeywords.groovy:334)
	at sun.reflect.GeneratedMethodAccessor13.invoke(Unknown Source)
	at sun.reflect.DelegatingMethodAccessorImpl.invoke(DelegatingMethodAccessorImpl.java:43)
	at java.lang.reflect.Method.invoke(Method.java:498)
	at org.codehaus.groovy.reflection.CachedMethod.invoke(CachedMethod.java:93)
	at groovy.lang.MetaMethod.doMethodInvoke(MetaMethod.java:325)
	at groovy.lang.MetaClassImpl.invokeStaticMethod(MetaClassImpl.java:1469)
	at org.codehaus.groovy.runtime.callsite.StaticMetaClassSite.call(StaticMetaClassSite.java:53)
	at org.codehaus.groovy.runtime.callsite.CallSiteArray.defaultCall(CallSiteArray.java:48)
	at org.codehaus.groovy.runtime.callsite.AbstractCallSite.call(AbstractCallSite.java:113)
	at org.codehaus.groovy.runtime.callsite.AbstractCallSite.call(AbstractCallSite.java:141)
	at Script1536204214757.run(Script1536204214757.groovy:25)
	at com.kms.katalon.core.main.ScriptEngine.run(ScriptEngine.java:183)
	at com.kms.katalon.core.main.ScriptEngine.runScriptAsRawText(ScriptEngine.java:108)
	at com.kms.katalon.core.main.TestCaseExecutor.runScript(TestCaseExecutor.java:294)
	at com.kms.katalon.core.main.TestCaseExecutor.doExecute(TestCaseExecutor.java:285)
	at com.kms.katalon.core.main.TestCaseExecutor.processExecutionPhase(TestCaseExecutor.java:264)
	at com.kms.katalon.core.main.TestCaseExecutor.accessMainPhase(TestCaseExecutor.java:256)
	at com.kms.katalon.core.main.TestCaseExecutor.execute(TestCaseExecutor.java:200)
	at com.kms.katalon.core.main.TestSuiteExecutor.accessTestCaseMainPhase(TestSuiteExecutor.java:129)
	at com.kms.katalon.core.main.TestSuiteExecutor.accessTestSuiteMainPhase(TestSuiteExecutor.java:112)
	at com.kms.katalon.core.main.TestSuiteExecutor.execute(TestSuiteExecutor.java:81)
	at com.kms.katalon.core.main.TestCaseMain.startTestSuite(TestCaseMain.java:142)
	at com.kms.katalon.core.main.TestCaseMain$startTestSuite$0.call(Unknown Source)
	at org.codehaus.groovy.runtime.callsite.CallSiteArray.defaultCall(CallSiteArray.java:48)
	at org.codehaus.groovy.runtime.callsite.AbstractCallSite.call(AbstractCallSite.java:113)
	at org.codehaus.groovy.runtime.callsite.AbstractCallSite.call(AbstractCallSite.java:141)
	at TempTestSuite1540025489648.run(TempTestSuite1540025489648.groovy:36)
	at groovy.lang.GroovyShell.runScriptOrMainOrTestOrRunnable(GroovyShell.java:263)
	at groovy.lang.GroovyShell.run(GroovyShell.java:518)
	at groovy.lang.GroovyShell.run(GroovyShell.java:507)
	at groovy.ui.GroovyMain.processOnce(GroovyMain.java:653)
	at groovy.ui.GroovyMain.run(GroovyMain.java:384)
	at groovy.ui.GroovyMain.process(GroovyMain.java:370)
	at groovy.ui.GroovyMain.processArgs(GroovyMain.java:129)
	at groovy.ui.GroovyMain.main(GroovyMain.java:109)
	at sun.reflect.NativeMethodAccessorImpl.invoke0(Native Method)
	at sun.reflect.NativeMethodAccessorImpl.invoke(NativeMethodAccessorImpl.java:62)
	at sun.reflect.DelegatingMethodAccessorImpl.invoke(DelegatingMethodAccessorImpl.java:43)
	at java.lang.reflect.Method.invoke(Method.java:498)
	at org.codehaus.groovy.tools.GroovyStarter.rootLoader(GroovyStarter.java:109)
	at org.codehaus.groovy.tools.GroovyStarter.main(GroovyStarter.java:131)
)"/>
         <system-out><![CDATA[2018-10-20 23:51:59 - [TEST_CASE][FAILED] - Test Cases/Final Aug 2018 - PKS Automation/Registration Module/Workflow/Form 3 EIS - Cessation As Employer/OTC to UO (Under enforcement): Test Cases/Final Aug 2018 - PKS Automation/Registration Module/Workflow/Form 3 EIS - Cessation As Employer/OTC to UO (Under enforcement) FAILED because (of) (Stack trace: com.kms.katalon.core.exception.StepFailedException: Unable to click on object 'Object Repository/Final Object Repo/Landing Page/Select to English' (Root cause: com.kms.katalon.core.webui.exception.WebElementNotFoundException: Web element with id: 'Object Repository/Final Object Repo/Landing Page/Select to English' located by 'By.xpath: //a[@class = 'taglib-language-list-text' and @lang = 'en-US' and (contains(text(), 'EN') or contains(., 'EN'))]' not found)
	at com.kms.katalon.core.keyword.internal.KeywordMain.stepFailed(KeywordMain.groovy:32)
	at com.kms.katalon.core.webui.keyword.internal.WebUIKeywordMain.stepFailed(WebUIKeywordMain.groovy:65)
	at com.kms.katalon.core.webui.keyword.internal.WebUIKeywordMain.runKeyword(WebUIKeywordMain.groovy:27)
	at com.kms.katalon.core.webui.keyword.builtin.ClickKeyword.click(ClickKeyword.groovy:86)
	at com.kms.katalon.core.webui.keyword.builtin.ClickKeyword.execute(ClickKeyword.groovy:67)
	at com.kms.katalon.core.keyword.internal.KeywordExecutor.executeKeywordForPlatform(KeywordExecutor.groovy:53)
	at com.kms.katalon.core.webui.keyword.WebUiBuiltInKeywords.click(WebUiBuiltInKeywords.groovy:604)
	at com.kms.katalon.core.webui.keyword.WebUiBuiltInKeywords$click$8.call(Unknown Source)
	at Script1534407542420.run(Script1534407542420.groovy:57)
	at com.kms.katalon.core.main.ScriptEngine.run(ScriptEngine.java:183)
	at com.kms.katalon.core.main.ScriptEngine.runScriptAsRawText(ScriptEngine.java:108)
	at com.kms.katalon.core.main.TestCaseExecutor.runScript(TestCaseExecutor.java:294)
	at com.kms.katalon.core.main.TestCaseExecutor.doExecute(TestCaseExecutor.java:285)
	at com.kms.katalon.core.main.TestCaseExecutor.processExecutionPhase(TestCaseExecutor.java:264)
	at com.kms.katalon.core.main.TestCaseExecutor.accessMainPhase(TestCaseExecutor.java:256)
	at com.kms.katalon.core.main.TestCaseExecutor.execute(TestCaseExecutor.java:200)
	at com.kms.katalon.core.main.TestCaseMain.runTestCase(TestCaseMain.java:99)
	at com.kms.katalon.core.keyword.builtin.CallTestCaseKeyword$_callTestCase_closure1.doCall(CallTestCaseKeyword.groovy:60)
	at com.kms.katalon.core.keyword.builtin.CallTestCaseKeyword$_callTestCase_closure1.call(CallTestCaseKeyword.groovy)
	at com.kms.katalon.core.keyword.internal.KeywordMain.runKeyword(KeywordMain.groovy:54)
	at com.kms.katalon.core.keyword.builtin.CallTestCaseKeyword.callTestCase(CallTestCaseKeyword.groovy:81)
	at com.kms.katalon.core.keyword.builtin.CallTestCaseKeyword.execute(CallTestCaseKeyword.groovy:45)
	at com.kms.katalon.core.keyword.internal.KeywordExecutor.executeKeywordForPlatform(KeywordExecutor.groovy:53)
	at com.kms.katalon.core.keyword.BuiltinKeywords.callTestCase(BuiltinKeywords.groovy:334)
	at sun.reflect.GeneratedMethodAccessor13.invoke(Unknown Source)
	at sun.reflect.DelegatingMethodAccessorImpl.invoke(DelegatingMethodAccessorImpl.java:43)
	at java.lang.reflect.Method.invoke(Method.java:498)
	at org.codehaus.groovy.reflection.CachedMethod.invoke(CachedMethod.java:93)
	at groovy.lang.MetaMethod.doMethodInvoke(MetaMethod.java:325)
	at groovy.lang.MetaClassImpl.invokeStaticMethod(MetaClassImpl.java:1469)
	at org.codehaus.groovy.runtime.callsite.StaticMetaClassSite.call(StaticMetaClassSite.java:53)
	at org.codehaus.groovy.runtime.callsite.CallSiteArray.defaultCall(CallSiteArray.java:48)
	at org.codehaus.groovy.runtime.callsite.AbstractCallSite.call(AbstractCallSite.java:113)
	at org.codehaus.groovy.runtime.callsite.AbstractCallSite.call(AbstractCallSite.java:141)
	at Script1536113546450.run(Script1536113546450.groovy:34)
	at com.kms.katalon.core.main.ScriptEngine.run(ScriptEngine.java:183)
	at com.kms.katalon.core.main.ScriptEngine.runScriptAsRawText(ScriptEngine.java:108)
	at com.kms.katalon.core.main.TestCaseExecutor.runScript(TestCaseExecutor.java:294)
	at com.kms.katalon.core.main.TestCaseExecutor.doExecute(TestCaseExecutor.java:285)
	at com.kms.katalon.core.main.TestCaseExecutor.processExecutionPhase(TestCaseExecutor.java:264)
	at com.kms.katalon.core.main.TestCaseExecutor.accessMainPhase(TestCaseExecutor.java:256)
	at com.kms.katalon.core.main.TestCaseExecutor.execute(TestCaseExecutor.java:200)
	at com.kms.katalon.core.main.TestCaseMain.runTestCase(TestCaseMain.java:99)
	at com.kms.katalon.core.keyword.builtin.CallTestCaseKeyword$_callTestCase_closure1.doCall(CallTestCaseKeyword.groovy:60)
	at com.kms.katalon.core.keyword.builtin.CallTestCaseKeyword$_callTestCase_closure1.call(CallTestCaseKeyword.groovy)
	at com.kms.katalon.core.keyword.internal.KeywordMain.runKeyword(KeywordMain.groovy:54)
	at com.kms.katalon.core.keyword.builtin.CallTestCaseKeyword.callTestCase(CallTestCaseKeyword.groovy:81)
	at com.kms.katalon.core.keyword.builtin.CallTestCaseKeyword.execute(CallTestCaseKeyword.groovy:45)
	at com.kms.katalon.core.keyword.internal.KeywordExecutor.executeKeywordForPlatform(KeywordExecutor.groovy:53)
	at com.kms.katalon.core.keyword.BuiltinKeywords.callTestCase(BuiltinKeywords.groovy:334)
	at sun.reflect.GeneratedMethodAccessor13.invoke(Unknown Source)
	at sun.reflect.DelegatingMethodAccessorImpl.invoke(DelegatingMethodAccessorImpl.java:43)
	at java.lang.reflect.Method.invoke(Method.java:498)
	at org.codehaus.groovy.reflection.CachedMethod.invoke(CachedMethod.java:93)
	at groovy.lang.MetaMethod.doMethodInvoke(MetaMethod.java:325)
	at groovy.lang.MetaClassImpl.invokeStaticMethod(MetaClassImpl.java:1469)
	at org.codehaus.groovy.runtime.callsite.StaticMetaClassSite.call(StaticMetaClassSite.java:53)
	at org.codehaus.groovy.runtime.callsite.CallSiteArray.defaultCall(CallSiteArray.java:48)
	at org.codehaus.groovy.runtime.callsite.AbstractCallSite.call(AbstractCallSite.java:113)
	at org.codehaus.groovy.runtime.callsite.AbstractCallSite.call(AbstractCallSite.java:141)
	at Script1536204214757.run(Script1536204214757.groovy:25)
	at com.kms.katalon.core.main.ScriptEngine.run(ScriptEngine.java:183)
	at com.kms.katalon.core.main.ScriptEngine.runScriptAsRawText(ScriptEngine.java:108)
	at com.kms.katalon.core.main.TestCaseExecutor.runScript(TestCaseExecutor.java:294)
	at com.kms.katalon.core.main.TestCaseExecutor.doExecute(TestCaseExecutor.java:285)
	at com.kms.katalon.core.main.TestCaseExecutor.processExecutionPhase(TestCaseExecutor.java:264)
	at com.kms.katalon.core.main.TestCaseExecutor.accessMainPhase(TestCaseExecutor.java:256)
	at com.kms.katalon.core.main.TestCaseExecutor.execute(TestCaseExecutor.java:200)
	at com.kms.katalon.core.main.TestSuiteExecutor.accessTestCaseMainPhase(TestSuiteExecutor.java:129)
	at com.kms.katalon.core.main.TestSuiteExecutor.accessTestSuiteMainPhase(TestSuiteExecutor.java:112)
	at com.kms.katalon.core.main.TestSuiteExecutor.execute(TestSuiteExecutor.java:81)
	at com.kms.katalon.core.main.TestCaseMain.startTestSuite(TestCaseMain.java:142)
	at com.kms.katalon.core.main.TestCaseMain$startTestSuite$0.call(Unknown Source)
	at org.codehaus.groovy.runtime.callsite.CallSiteArray.defaultCall(CallSiteArray.java:48)
	at org.codehaus.groovy.runtime.callsite.AbstractCallSite.call(AbstractCallSite.java:113)
	at org.codehaus.groovy.runtime.callsite.AbstractCallSite.call(AbstractCallSite.java:141)
	at TempTestSuite1540025489648.run(TempTestSuite1540025489648.groovy:36)
	at groovy.lang.GroovyShell.runScriptOrMainOrTestOrRunnable(GroovyShell.java:263)
	at groovy.lang.GroovyShell.run(GroovyShell.java:518)
	at groovy.lang.GroovyShell.run(GroovyShell.java:507)
	at groovy.ui.GroovyMain.processOnce(GroovyMain.java:653)
	at groovy.ui.GroovyMain.run(GroovyMain.java:384)
	at groovy.ui.GroovyMain.process(GroovyMain.java:370)
	at groovy.ui.GroovyMain.processArgs(GroovyMain.java:129)
	at groovy.ui.GroovyMain.main(GroovyMain.java:109)
	at sun.reflect.NativeMethodAccessorImpl.invoke0(Native Method)
	at sun.reflect.NativeMethodAccessorImpl.invoke(NativeMethodAccessorImpl.java:62)
	at sun.reflect.DelegatingMethodAccessorImpl.invoke(DelegatingMethodAccessorImpl.java:43)
	at java.lang.reflect.Method.invoke(Method.java:498)
	at org.codehaus.groovy.tools.GroovyStarter.rootLoader(GroovyStarter.java:109)
	at org.codehaus.groovy.tools.GroovyStarter.main(GroovyStarter.java:131)
)

2018-10-20 23:51:59 - [TEST_STEP][PASSED] - callTestCase: Call Test Case 'Test Cases/Final Aug 2018 - PKS Automation/Registration Module/Workflow/Form 3 EIS - Cessation As Employer/Template/Form 3 A - Cessation As Employer (OTC)' successfully

2018-10-20 23:51:59 - [TEST_CASE][PASSED] - Test Cases/Final Aug 2018 - PKS Automation/Registration Module/Workflow/Form 3 EIS - Cessation As Employer/Template/Form 3 A - Cessation As Employer (OTC): Test Cases/Final Aug 2018 - PKS Automation/Registration Module/Workflow/Form 3 EIS - Cessation As Employer/Template/Form 3 A - Cessation As Employer (OTC)

2018-10-20 23:51:59 - [TEST_STEP][PASSED] - openBrowser: Browser is opened with url: ''

2018-10-20 23:51:59 - [MESSAGE][WARNING] - A browser is already opened. Closing browser and opening a new one

2018-10-20 23:52:03 - [MESSAGE][PASSED] - Browser is opened with url: ''

2018-10-20 23:52:03 - [TEST_STEP][PASSED] - navigateToUrl: Navigate to 'https://assist2-uat.perkeso.gov.my/login' successfully

2018-10-20 23:52:05 - [MESSAGE][PASSED] - Navigate to 'https://assist2-uat.perkeso.gov.my/login' successfully

2018-10-20 23:52:05 - [TEST_STEP][PASSED] - setText: Text 'johorotc1@gmail.com' is set on object 'Object Repository/Final Object Repo/Login Page/Internal User/Email Address'

2018-10-20 23:52:05 - [MESSAGE][PASSED] - Text 'johorotc1@gmail.com' is set on object 'Object Repository/Final Object Repo/Login Page/Internal User/Email Address'

2018-10-20 23:52:05 - [TEST_STEP][PASSED] - click: Object: 'Object Repository/Final Object Repo/Login Page/Internal User/Next Button' is clicked on

2018-10-20 23:52:06 - [MESSAGE][PASSED] - Object: 'Object Repository/Final Object Repo/Login Page/Internal User/Next Button' is clicked on

2018-10-20 23:52:06 - [TEST_STEP][PASSED] - delay: Delayed 1 second(s)

2018-10-20 23:52:07 - [MESSAGE][PASSED] - Delayed 1 second(s)

2018-10-20 23:52:07 - [TEST_STEP][PASSED] - setEncryptedText: Text ****** has been set on object 'Object Repository/Final Object Repo/Login Page/Internal User/Password'

2018-10-20 23:52:07 - [MESSAGE][PASSED] - Text ****** has been set on object 'Object Repository/Final Object Repo/Login Page/Internal User/Password'

2018-10-20 23:52:07 - [TEST_STEP][PASSED] - click: Object: 'Object Repository/Final Object Repo/Login Page/Internal User/Login Button' is clicked on

2018-10-20 23:52:07 - [MESSAGE][PASSED] - Object: 'Object Repository/Final Object Repo/Login Page/Internal User/Login Button' is clicked on

2018-10-20 23:52:07 - [TEST_STEP][PASSED] - delay: Delayed 1 second(s)

2018-10-20 23:52:08 - [MESSAGE][PASSED] - Delayed 1 second(s)

2018-10-20 23:52:08 - [TEST_STEP][PASSED] - Statement - Try: Delayed 2 second(s)

2018-10-20 23:52:08 - [TEST_STEP][PASSED] - Statement - Checker = false: null

2018-10-20 23:52:08 - [TEST_STEP][PASSED] - Statement - Checker = com.kms.katalon.core.webui.keyword.WebUiBuiltInKeywords.verifyElementHasAttribute(com.kms.katalon.core.testobject.ObjectRepository.findTestObject(Final Object Repo/Landing Page/BM Detecting), "href", 20, OPTIONAL): Object 'Object Repository/Final Object Repo/Landing Page/BM Detecting' has attribute 'href'

2018-10-20 23:52:10 - [MESSAGE][PASSED] - Object 'Object Repository/Final Object Repo/Landing Page/BM Detecting' has attribute 'href'

2018-10-20 23:52:10 - [TEST_STEP][PASSED] - Statement - out.println(Checker): null

2018-10-20 23:52:10 - [TEST_STEP][PASSED] - Statement - If (Checker == false): null

2018-10-20 23:52:10 - [TEST_STEP][PASSED] - Statement - Else: null

2018-10-20 23:52:10 - [TEST_STEP][PASSED] - delay: Delayed 2 second(s)

2018-10-20 23:52:12 - [MESSAGE][PASSED] - Delayed 2 second(s)

2018-10-20 23:52:12 - [TEST_STEP][PASSED] - navigateToUrl: Navigate to 'https://assist2-uat.perkeso.gov.my/web/registration/eis-update/form-3-eis-cessation-as-employer' successfully

2018-10-20 23:52:13 - [MESSAGE][PASSED] - Navigate to 'https://assist2-uat.perkeso.gov.my/web/registration/eis-update/form-3-eis-cessation-as-employer' successfully

2018-10-20 23:52:13 - [TEST_STEP][PASSED] - delay: Delayed 1 second(s)

2018-10-20 23:52:14 - [MESSAGE][PASSED] - Delayed 1 second(s)

2018-10-20 23:52:14 - [TEST_STEP][PASSED] - setText: Text 'E1102069769W' is set on object 'Object Repository/Final Object Repo/Page_Form 3 EIS - Cessation as Employer/Employer Code'

2018-10-20 23:52:14 - [MESSAGE][PASSED] - Text 'E1102069769W' is set on object 'Object Repository/Final Object Repo/Page_Form 3 EIS - Cessation as Employer/Employer Code'

2018-10-20 23:52:14 - [TEST_STEP][PASSED] - click: Object: 'Object Repository/Final Object Repo/Page_Form 3 EIS - Cessation as Employer/Search' is clicked on

2018-10-20 23:52:14 - [MESSAGE][PASSED] - Object: 'Object Repository/Final Object Repo/Page_Form 3 EIS - Cessation as Employer/Search' is clicked on

2018-10-20 23:52:14 - [TEST_STEP][PASSED] - click: Object: 'Object Repository/Final Object Repo/Page_Form 3 EIS - Cessation as Employer/Edit' is clicked on

2018-10-20 23:52:17 - [MESSAGE][PASSED] - Object: 'Object Repository/Final Object Repo/Page_Form 3 EIS - Cessation as Employer/Edit' is clicked on

2018-10-20 23:52:17 - [TEST_STEP][PASSED] - delay: Delayed 1 second(s)

2018-10-20 23:52:18 - [MESSAGE][PASSED] - Delayed 1 second(s)

2018-10-20 23:52:18 - [TEST_STEP][PASSED] - Statement - abc = com.kms.katalon.core.webui.keyword.WebUiBuiltInKeywords.getAttribute(com.kms.katalon.core.testobject.ObjectRepository.findTestObject(Final Object Repo/Page_Form 3 EIS - Cessation as Employer/Employer Status), "value"): Attribute 'value' of object 'Object Repository/Final Object Repo/Page_Form 3 EIS - Cessation as Employer/Employer Status' is: 'Active'

2018-10-20 23:52:18 - [MESSAGE][PASSED] - Attribute 'value' of object 'Object Repository/Final Object Repo/Page_Form 3 EIS - Cessation as Employer/Employer Status' is: 'Active'

2018-10-20 23:52:18 - [TEST_STEP][PASSED] - Statement - out.println(abc): null

2018-10-20 23:52:18 - [TEST_STEP][PASSED] - Statement - If (abc == "Active"): Object: 'Object Repository/Final Object Repo/Page_Form 3 EIS - Cessation as Employer/Dormant EIS' is clicked on

2018-10-20 23:52:18 - [TEST_STEP][PASSED] - click: Object: 'Object Repository/Final Object Repo/Page_Form 3 EIS - Cessation as Employer/Change Employer Status to' is clicked on

2018-10-20 23:52:18 - [MESSAGE][PASSED] - Object: 'Object Repository/Final Object Repo/Page_Form 3 EIS - Cessation as Employer/Change Employer Status to' is clicked on

2018-10-20 23:52:18 - [TEST_STEP][PASSED] - click: Object: 'Object Repository/Final Object Repo/Page_Form 3 EIS - Cessation as Employer/Dormant EIS' is clicked on

2018-10-20 23:52:18 - [MESSAGE][PASSED] - Object: 'Object Repository/Final Object Repo/Page_Form 3 EIS - Cessation as Employer/Dormant EIS' is clicked on

2018-10-20 23:52:18 - [TEST_STEP][PASSED] - click: Object: 'Object Repository/Final Object Repo/Page_Form 3 EIS - Cessation as Employer/Calender' is clicked on

2018-10-20 23:52:18 - [MESSAGE][PASSED] - Object: 'Object Repository/Final Object Repo/Page_Form 3 EIS - Cessation as Employer/Calender' is clicked on

2018-10-20 23:52:18 - [TEST_STEP][PASSED] - delay: Delayed 1 second(s)

2018-10-20 23:52:19 - [MESSAGE][PASSED] - Delayed 1 second(s)

2018-10-20 23:52:19 - [TEST_STEP][PASSED] - click: Object: 'Object Repository/Final Object Repo/Page_Form 3 EIS - Cessation as Employer/Calender - Date' is clicked on

2018-10-20 23:52:19 - [MESSAGE][PASSED] - Object: 'Object Repository/Final Object Repo/Page_Form 3 EIS - Cessation as Employer/Calender - Date' is clicked on

2018-10-20 23:52:19 - [TEST_STEP][PASSED] - click: Object: 'Object Repository/Final Object Repo/Page_Form 3 EIS - Cessation as Employer/Save  Continue in Form 3 EIS Page' is clicked on

2018-10-20 23:52:20 - [MESSAGE][PASSED] - Object: 'Object Repository/Final Object Repo/Page_Form 3 EIS - Cessation as Employer/Save  Continue in Form 3 EIS Page' is clicked on

2018-10-20 23:52:20 - [TEST_STEP][PASSED] - delay: Delayed 1 second(s)

2018-10-20 23:52:21 - [MESSAGE][PASSED] - Delayed 1 second(s)

2018-10-20 23:52:21 - [TEST_STEP][PASSED] - click: Object: 'Object Repository/Final Object Repo/Page_Form 3 EIS - Cessation as Employer/Employment Resign Date' is clicked on

2018-10-20 23:52:21 - [MESSAGE][PASSED] - Object: 'Object Repository/Final Object Repo/Page_Form 3 EIS - Cessation as Employer/Employment Resign Date' is clicked on

2018-10-20 23:52:21 - [TEST_STEP][PASSED] - selectOptionByValue: All options with value '2018' are selected in object 'Object Repository/Final Object Repo/Page_Form 3 EIS - Cessation as Employer/Employment Resign Date - Year' 

2018-10-20 23:52:21 - [MESSAGE][PASSED] - All options with value '2018' are selected in object 'Object Repository/Final Object Repo/Page_Form 3 EIS - Cessation as Employer/Employment Resign Date - Year' 

2018-10-20 23:52:21 - [TEST_STEP][PASSED] - delay: Delayed 2 second(s)

2018-10-20 23:52:23 - [MESSAGE][PASSED] - Delayed 2 second(s)

2018-10-20 23:52:23 - [TEST_STEP][PASSED] - click: Object: 'Object Repository/Final Object Repo/Page_Form 3 EIS - Cessation as Employer/Employment Resign Date - Year - Date' is clicked on

2018-10-20 23:52:24 - [MESSAGE][PASSED] - Object: 'Object Repository/Final Object Repo/Page_Form 3 EIS - Cessation as Employer/Employment Resign Date - Year - Date' is clicked on

2018-10-20 23:52:24 - [TEST_STEP][PASSED] - delay: Delayed 2 second(s)

2018-10-20 23:52:26 - [MESSAGE][PASSED] - Delayed 2 second(s)

2018-10-20 23:52:26 - [TEST_STEP][PASSED] - click: Object: 'Object Repository/Final Object Repo/Page_Form 3 EIS - Cessation as Employer/Save  Continue in Employment Resign Page' is clicked on

2018-10-20 23:52:26 - [MESSAGE][PASSED] - Object: 'Object Repository/Final Object Repo/Page_Form 3 EIS - Cessation as Employer/Save  Continue in Employment Resign Page' is clicked on

2018-10-20 23:52:26 - [TEST_STEP][PASSED] - delay: Delayed 2 second(s)

2018-10-20 23:52:28 - [MESSAGE][PASSED] - Delayed 2 second(s)

2018-10-20 23:52:28 - [TEST_STEP][PASSED] - click: Object: 'Object Repository/Final Object Repo/Page_Form 3 EIS - Cessation as Employer/Add Document' is clicked on

2018-10-20 23:52:29 - [MESSAGE][PASSED] - Object: 'Object Repository/Final Object Repo/Page_Form 3 EIS - Cessation as Employer/Add Document' is clicked on

2018-10-20 23:52:29 - [TEST_STEP][PASSED] - delay: Delayed 3 second(s)

2018-10-20 23:52:32 - [MESSAGE][PASSED] - Delayed 3 second(s)

2018-10-20 23:52:32 - [TEST_STEP][PASSED] - click: Object: 'Object Repository/Final Object Repo/Page_Form 3 EIS - Cessation as Employer/Document Type' is clicked on

2018-10-20 23:52:32 - [MESSAGE][PASSED] - Object: 'Object Repository/Final Object Repo/Page_Form 3 EIS - Cessation as Employer/Document Type' is clicked on

2018-10-20 23:52:32 - [TEST_STEP][PASSED] - click: Object: 'Object Repository/Final Object Repo/Page_Form 3 EIS - Cessation as Employer/Document Type - Form 3' is clicked on

2018-10-20 23:52:33 - [MESSAGE][PASSED] - Object: 'Object Repository/Final Object Repo/Page_Form 3 EIS - Cessation as Employer/Document Type - Form 3' is clicked on

2018-10-20 23:52:33 - [TEST_STEP][PASSED] - delay: Delayed 2 second(s)

2018-10-20 23:52:35 - [MESSAGE][PASSED] - Delayed 2 second(s)

2018-10-20 23:52:35 - [TEST_STEP][PASSED] - sendKeys: Keys 'C:\Users\Public\Pictures\Sample Pictures\Act.jpg' sent to object: 'Object Repository/Final Object Repo/Page_Form 3 EIS - Cessation as Employer/ploading File'

2018-10-20 23:52:35 - [MESSAGE][PASSED] - Keys 'C:\Users\Public\Pictures\Sample Pictures\Act.jpg' sent to object: 'Object Repository/Final Object Repo/Page_Form 3 EIS - Cessation as Employer/ploading File'

2018-10-20 23:52:35 - [TEST_STEP][PASSED] - delay: Delayed 1 second(s)

2018-10-20 23:52:36 - [MESSAGE][PASSED] - Delayed 1 second(s)

2018-10-20 23:52:36 - [TEST_STEP][PASSED] - click: Object: 'Object Repository/Final Object Repo/Page_Form 3 EIS - Cessation as Employer/Add Document in Uploading Page' is clicked on

2018-10-20 23:52:36 - [MESSAGE][PASSED] - Object: 'Object Repository/Final Object Repo/Page_Form 3 EIS - Cessation as Employer/Add Document in Uploading Page' is clicked on

2018-10-20 23:52:36 - [TEST_STEP][PASSED] - delay: Delayed 2 second(s)

2018-10-20 23:52:38 - [MESSAGE][PASSED] - Delayed 2 second(s)

2018-10-20 23:52:38 - [TEST_STEP][PASSED] - Statement - CaseReferenceNo = com.kms.katalon.core.webui.keyword.WebUiBuiltInKeywords.getText(com.kms.katalon.core.testobject.ObjectRepository.findTestObject(Final Object Repo/Page_Update Employer Information/Reference Number in Update Employee Information Page)): Text of object 'Object Repository/Final Object Repo/Page_Update Employer Information/Reference Number in Update Employee Information Page' is: 'ERN102018C200002204'

2018-10-20 23:52:41 - [MESSAGE][PASSED] - Text of object 'Object Repository/Final Object Repo/Page_Update Employer Information/Reference Number in Update Employee Information Page' is: 'ERN102018C200002204'

2018-10-20 23:52:41 - [TEST_STEP][PASSED] - callTestCase: Call Test Case 'Test Cases/Final Aug 2018 - PKS Automation/Common/Reference Number Setter' successfully

2018-10-20 23:52:41 - [TEST_CASE][PASSED] - Test Cases/Final Aug 2018 - PKS Automation/Common/Reference Number Setter: Test Cases/Final Aug 2018 - PKS Automation/Common/Reference Number Setter

2018-10-20 23:52:41 - [TEST_STEP][PASSED] - Statement - RefNoOldFile = new java.io.File(C://KatalonReference.txt): null

2018-10-20 23:52:41 - [TEST_STEP][PASSED] - Statement - RefNoOldFile.delete(): null

2018-10-20 23:52:41 - [TEST_STEP][PASSED] - Statement - RefNo = new java.io.File(C://KatalonReference.txt): null

2018-10-20 23:52:41 - [TEST_STEP][PASSED] - Statement - RefNo.append(CaseReferenceNo): null

2018-10-20 23:52:41 - [TEST_STEP][PASSED] - Statement - out.println("


" + CaseReferenceNo + "


"): null

2018-10-20 23:52:41 - [MESSAGE][PASSED] - Call Test Case 'Test Cases/Final Aug 2018 - PKS Automation/Common/Reference Number Setter' successfully

2018-10-20 23:52:41 - [TEST_STEP][PASSED] - delay: Delayed 2 second(s)

2018-10-20 23:52:43 - [MESSAGE][PASSED] - Delayed 2 second(s)

2018-10-20 23:52:43 - [TEST_STEP][PASSED] - click: Object: 'Object Repository/Final Object Repo/Page_Form 3 EIS - Cessation as Employer/Save  Continue in Uploading Page' is clicked on

2018-10-20 23:52:43 - [MESSAGE][PASSED] - Object: 'Object Repository/Final Object Repo/Page_Form 3 EIS - Cessation as Employer/Save  Continue in Uploading Page' is clicked on

2018-10-20 23:52:43 - [TEST_STEP][PASSED] - delay: Delayed 2 second(s)

2018-10-20 23:52:45 - [MESSAGE][PASSED] - Delayed 2 second(s)

2018-10-20 23:52:45 - [TEST_STEP][PASSED] - click: Object: 'Object Repository/Final Object Repo/Page_Form 3 EIS - Cessation as Employer/Submit' is clicked on

2018-10-20 23:52:48 - [MESSAGE][PASSED] - Object: 'Object Repository/Final Object Repo/Page_Form 3 EIS - Cessation as Employer/Submit' is clicked on

2018-10-20 23:52:48 - [TEST_STEP][PASSED] - delay: Delayed 2 second(s)

2018-10-20 23:52:50 - [MESSAGE][PASSED] - Delayed 2 second(s)

2018-10-20 23:52:50 - [TEST_STEP][PASSED] - click: Object: 'Object Repository/Final Object Repo/Page_Form 3 EIS - Cessation as Employer/Confirm' is clicked on

2018-10-20 23:52:51 - [MESSAGE][PASSED] - Object: 'Object Repository/Final Object Repo/Page_Form 3 EIS - Cessation as Employer/Confirm' is clicked on

2018-10-20 23:52:51 - [TEST_STEP][PASSED] - delay: Delayed 2 second(s)

2018-10-20 23:52:53 - [MESSAGE][PASSED] - Delayed 2 second(s)

2018-10-20 23:52:53 - [TEST_STEP][PASSED] - click: Object: 'Object Repository/Final Object Repo/Page_Form 3 EIS - Cessation as Employer/Message Your Request will be routed to UO' is clicked on

2018-10-20 23:52:57 - [MESSAGE][PASSED] - Object: 'Object Repository/Final Object Repo/Page_Form 3 EIS - Cessation as Employer/Message Your Request will be routed to UO' is clicked on

2018-10-20 23:52:57 - [TEST_STEP][PASSED] - click: Object: 'Object Repository/Final Object Repo/Page_Form 3 EIS - Cessation as Employer/Letter of acknowledgement' is clicked on

2018-10-20 23:52:58 - [MESSAGE][PASSED] - Object: 'Object Repository/Final Object Repo/Page_Form 3 EIS - Cessation as Employer/Letter of acknowledgement' is clicked on

2018-10-20 23:52:58 - [MESSAGE][PASSED] - Call Test Case 'Test Cases/Final Aug 2018 - PKS Automation/Registration Module/Workflow/Form 3 EIS - Cessation As Employer/Template/Form 3 A - Cessation As Employer (OTC)' successfully

2018-10-20 23:52:58 - [TEST_STEP][FAILED] - callTestCase: Unable to call Test Case with id 'Test Cases/Final Aug 2018 - PKS Automation/Registration Module/Workflow/Form 3 EIS - Cessation As Employer/Template/Form 3 A - Cessation As Employer (Under enforcement)' (Root cause: Call Test Case 'Test Cases/Final Aug 2018 - PKS Automation/Registration Module/Workflow/Form 3 EIS - Cessation As Employer/Template/Form 3 A - Cessation As Employer (Under enforcement)' failed)

2018-10-20 23:52:58 - [TEST_CASE][FAILED] - Test Cases/Final Aug 2018 - PKS Automation/Registration Module/Workflow/Form 3 EIS - Cessation As Employer/Template/Form 3 A - Cessation As Employer (Under enforcement): Test Cases/Final Aug 2018 - PKS Automation/Registration Module/Workflow/Form 3 EIS - Cessation As Employer/Template/Form 3 A - Cessation As Employer (Under enforcement) FAILED because (of) (Stack trace: com.kms.katalon.core.exception.StepFailedException: Unable to click on object 'Object Repository/Final Object Repo/Landing Page/Select to English' (Root cause: com.kms.katalon.core.webui.exception.WebElementNotFoundException: Web element with id: 'Object Repository/Final Object Repo/Landing Page/Select to English' located by 'By.xpath: //a[@class = 'taglib-language-list-text' and @lang = 'en-US' and (contains(text(), 'EN') or contains(., 'EN'))]' not found)
	at com.kms.katalon.core.keyword.internal.KeywordMain.stepFailed(KeywordMain.groovy:32)
	at com.kms.katalon.core.webui.keyword.internal.WebUIKeywordMain.stepFailed(WebUIKeywordMain.groovy:65)
	at com.kms.katalon.core.webui.keyword.internal.WebUIKeywordMain.runKeyword(WebUIKeywordMain.groovy:27)
	at com.kms.katalon.core.webui.keyword.builtin.ClickKeyword.click(ClickKeyword.groovy:86)
	at com.kms.katalon.core.webui.keyword.builtin.ClickKeyword.execute(ClickKeyword.groovy:67)
	at com.kms.katalon.core.keyword.internal.KeywordExecutor.executeKeywordForPlatform(KeywordExecutor.groovy:53)
	at com.kms.katalon.core.webui.keyword.WebUiBuiltInKeywords.click(WebUiBuiltInKeywords.groovy:604)
	at com.kms.katalon.core.webui.keyword.WebUiBuiltInKeywords$click$8.call(Unknown Source)
	at Script1534407542420.run(Script1534407542420.groovy:57)
	at com.kms.katalon.core.main.ScriptEngine.run(ScriptEngine.java:183)
	at com.kms.katalon.core.main.ScriptEngine.runScriptAsRawText(ScriptEngine.java:108)
	at com.kms.katalon.core.main.TestCaseExecutor.runScript(TestCaseExecutor.java:294)
	at com.kms.katalon.core.main.TestCaseExecutor.doExecute(TestCaseExecutor.java:285)
	at com.kms.katalon.core.main.TestCaseExecutor.processExecutionPhase(TestCaseExecutor.java:264)
	at com.kms.katalon.core.main.TestCaseExecutor.accessMainPhase(TestCaseExecutor.java:256)
	at com.kms.katalon.core.main.TestCaseExecutor.execute(TestCaseExecutor.java:200)
	at com.kms.katalon.core.main.TestCaseMain.runTestCase(TestCaseMain.java:99)
	at com.kms.katalon.core.keyword.builtin.CallTestCaseKeyword$_callTestCase_closure1.doCall(CallTestCaseKeyword.groovy:60)
	at com.kms.katalon.core.keyword.builtin.CallTestCaseKeyword$_callTestCase_closure1.call(CallTestCaseKeyword.groovy)
	at com.kms.katalon.core.keyword.internal.KeywordMain.runKeyword(KeywordMain.groovy:54)
	at com.kms.katalon.core.keyword.builtin.CallTestCaseKeyword.callTestCase(CallTestCaseKeyword.groovy:81)
	at com.kms.katalon.core.keyword.builtin.CallTestCaseKeyword.execute(CallTestCaseKeyword.groovy:45)
	at com.kms.katalon.core.keyword.internal.KeywordExecutor.executeKeywordForPlatform(KeywordExecutor.groovy:53)
	at com.kms.katalon.core.keyword.BuiltinKeywords.callTestCase(BuiltinKeywords.groovy:334)
	at sun.reflect.GeneratedMethodAccessor13.invoke(Unknown Source)
	at sun.reflect.DelegatingMethodAccessorImpl.invoke(DelegatingMethodAccessorImpl.java:43)
	at java.lang.reflect.Method.invoke(Method.java:498)
	at org.codehaus.groovy.reflection.CachedMethod.invoke(CachedMethod.java:93)
	at groovy.lang.MetaMethod.doMethodInvoke(MetaMethod.java:325)
	at groovy.lang.MetaClassImpl.invokeStaticMethod(MetaClassImpl.java:1469)
	at org.codehaus.groovy.runtime.callsite.StaticMetaClassSite.call(StaticMetaClassSite.java:53)
	at org.codehaus.groovy.runtime.callsite.CallSiteArray.defaultCall(CallSiteArray.java:48)
	at org.codehaus.groovy.runtime.callsite.AbstractCallSite.call(AbstractCallSite.java:113)
	at org.codehaus.groovy.runtime.callsite.AbstractCallSite.call(AbstractCallSite.java:141)
	at Script1536113546450.run(Script1536113546450.groovy:34)
	at com.kms.katalon.core.main.ScriptEngine.run(ScriptEngine.java:183)
	at com.kms.katalon.core.main.ScriptEngine.runScriptAsRawText(ScriptEngine.java:108)
	at com.kms.katalon.core.main.TestCaseExecutor.runScript(TestCaseExecutor.java:294)
	at com.kms.katalon.core.main.TestCaseExecutor.doExecute(TestCaseExecutor.java:285)
	at com.kms.katalon.core.main.TestCaseExecutor.processExecutionPhase(TestCaseExecutor.java:264)
	at com.kms.katalon.core.main.TestCaseExecutor.accessMainPhase(TestCaseExecutor.java:256)
	at com.kms.katalon.core.main.TestCaseExecutor.execute(TestCaseExecutor.java:200)
	at com.kms.katalon.core.main.TestCaseMain.runTestCase(TestCaseMain.java:99)
	at com.kms.katalon.core.keyword.builtin.CallTestCaseKeyword$_callTestCase_closure1.doCall(CallTestCaseKeyword.groovy:60)
	at com.kms.katalon.core.keyword.builtin.CallTestCaseKeyword$_callTestCase_closure1.call(CallTestCaseKeyword.groovy)
	at com.kms.katalon.core.keyword.internal.KeywordMain.runKeyword(KeywordMain.groovy:54)
	at com.kms.katalon.core.keyword.builtin.CallTestCaseKeyword.callTestCase(CallTestCaseKeyword.groovy:81)
	at com.kms.katalon.core.keyword.builtin.CallTestCaseKeyword.execute(CallTestCaseKeyword.groovy:45)
	at com.kms.katalon.core.keyword.internal.KeywordExecutor.executeKeywordForPlatform(KeywordExecutor.groovy:53)
	at com.kms.katalon.core.keyword.BuiltinKeywords.callTestCase(BuiltinKeywords.groovy:334)
	at sun.reflect.GeneratedMethodAccessor13.invoke(Unknown Source)
	at sun.reflect.DelegatingMethodAccessorImpl.invoke(DelegatingMethodAccessorImpl.java:43)
	at java.lang.reflect.Method.invoke(Method.java:498)
	at org.codehaus.groovy.reflection.CachedMethod.invoke(CachedMethod.java:93)
	at groovy.lang.MetaMethod.doMethodInvoke(MetaMethod.java:325)
	at groovy.lang.MetaClassImpl.invokeStaticMethod(MetaClassImpl.java:1469)
	at org.codehaus.groovy.runtime.callsite.StaticMetaClassSite.call(StaticMetaClassSite.java:53)
	at org.codehaus.groovy.runtime.callsite.CallSiteArray.defaultCall(CallSiteArray.java:48)
	at org.codehaus.groovy.runtime.callsite.AbstractCallSite.call(AbstractCallSite.java:113)
	at org.codehaus.groovy.runtime.callsite.AbstractCallSite.call(AbstractCallSite.java:141)
	at Script1536204214757.run(Script1536204214757.groovy:25)
	at com.kms.katalon.core.main.ScriptEngine.run(ScriptEngine.java:183)
	at com.kms.katalon.core.main.ScriptEngine.runScriptAsRawText(ScriptEngine.java:108)
	at com.kms.katalon.core.main.TestCaseExecutor.runScript(TestCaseExecutor.java:294)
	at com.kms.katalon.core.main.TestCaseExecutor.doExecute(TestCaseExecutor.java:285)
	at com.kms.katalon.core.main.TestCaseExecutor.processExecutionPhase(TestCaseExecutor.java:264)
	at com.kms.katalon.core.main.TestCaseExecutor.accessMainPhase(TestCaseExecutor.java:256)
	at com.kms.katalon.core.main.TestCaseExecutor.execute(TestCaseExecutor.java:200)
	at com.kms.katalon.core.main.TestSuiteExecutor.accessTestCaseMainPhase(TestSuiteExecutor.java:129)
	at com.kms.katalon.core.main.TestSuiteExecutor.accessTestSuiteMainPhase(TestSuiteExecutor.java:112)
	at com.kms.katalon.core.main.TestSuiteExecutor.execute(TestSuiteExecutor.java:81)
	at com.kms.katalon.core.main.TestCaseMain.startTestSuite(TestCaseMain.java:142)
	at com.kms.katalon.core.main.TestCaseMain$startTestSuite$0.call(Unknown Source)
	at org.codehaus.groovy.runtime.callsite.CallSiteArray.defaultCall(CallSiteArray.java:48)
	at org.codehaus.groovy.runtime.callsite.AbstractCallSite.call(AbstractCallSite.java:113)
	at org.codehaus.groovy.runtime.callsite.AbstractCallSite.call(AbstractCallSite.java:141)
	at TempTestSuite1540025489648.run(TempTestSuite1540025489648.groovy:36)
	at groovy.lang.GroovyShell.runScriptOrMainOrTestOrRunnable(GroovyShell.java:263)
	at groovy.lang.GroovyShell.run(GroovyShell.java:518)
	at groovy.lang.GroovyShell.run(GroovyShell.java:507)
	at groovy.ui.GroovyMain.processOnce(GroovyMain.java:653)
	at groovy.ui.GroovyMain.run(GroovyMain.java:384)
	at groovy.ui.GroovyMain.process(GroovyMain.java:370)
	at groovy.ui.GroovyMain.processArgs(GroovyMain.java:129)
	at groovy.ui.GroovyMain.main(GroovyMain.java:109)
	at sun.reflect.NativeMethodAccessorImpl.invoke0(Native Method)
	at sun.reflect.NativeMethodAccessorImpl.invoke(NativeMethodAccessorImpl.java:62)
	at sun.reflect.DelegatingMethodAccessorImpl.invoke(DelegatingMethodAccessorImpl.java:43)
	at java.lang.reflect.Method.invoke(Method.java:498)
	at org.codehaus.groovy.tools.GroovyStarter.rootLoader(GroovyStarter.java:109)
	at org.codehaus.groovy.tools.GroovyStarter.main(GroovyStarter.java:131)
)

2018-10-20 23:52:58 - [TEST_STEP][NOT_RUN] - callTestCase: NOT_RUN: callTestCase

2018-10-20 23:52:58 - [MESSAGE][NOT_RUN] - NOT_RUN: callTestCase

2018-10-20 23:52:58 - [TEST_STEP][PASSED] - delay: Delayed 1 second(s)

2018-10-20 23:52:59 - [MESSAGE][PASSED] - Delayed 1 second(s)

2018-10-20 23:52:59 - [TEST_STEP][PASSED] - navigateToUrl: Navigate to 'https://assist2-uat.perkeso.gov.my/c/portal/logout' successfully

2018-10-20 23:53:00 - [MESSAGE][PASSED] - Navigate to 'https://assist2-uat.perkeso.gov.my/c/portal/logout' successfully

2018-10-20 23:53:00 - [TEST_STEP][PASSED] - delay: Delayed 1 second(s)

2018-10-20 23:53:01 - [MESSAGE][PASSED] - Delayed 1 second(s)

2018-10-20 23:53:01 - [TEST_STEP][PASSED] - callTestCase: Call Test Case 'Test Cases/Final Aug 2018 - PKS Automation/Common/Reference Number Getter' successfully

2018-10-20 23:53:01 - [TEST_CASE][PASSED] - Test Cases/Final Aug 2018 - PKS Automation/Common/Reference Number Getter: Test Cases/Final Aug 2018 - PKS Automation/Common/Reference Number Getter

2018-10-20 23:53:01 - [TEST_STEP][PASSED] - Statement - Try: null

2018-10-20 23:53:01 - [TEST_STEP][PASSED] - Statement - RefNo = new java.io.File(C://KatalonReference.txt): null

2018-10-20 23:53:01 - [TEST_STEP][PASSED] - Statement - bufferread = new java.io.BufferedReader(new java.io.FileReader(RefNo)): null

2018-10-20 23:53:01 - [TEST_STEP][PASSED] - Statement - readedVal = bufferread.readLine(): null

2018-10-20 23:53:01 - [TEST_STEP][PASSED] - Statement - out.println(CaseReferenceNo): null

2018-10-20 23:53:01 - [TEST_STEP][PASSED] - Statement - out.println(readedVal): null

2018-10-20 23:53:01 - [TEST_STEP][PASSED] - Statement - CaseReferenceNo = readedVal: null

2018-10-20 23:53:01 - [MESSAGE][PASSED] - Call Test Case 'Test Cases/Final Aug 2018 - PKS Automation/Common/Reference Number Getter' successfully

2018-10-20 23:53:01 - [TEST_STEP][FAILED] - callTestCase: Unable to call Test Case with id 'Test Cases/Final Aug 2018 - PKS Automation/Common/Workflow Owner Finder' (Root cause: Call Test Case 'Test Cases/Final Aug 2018 - PKS Automation/Common/Workflow Owner Finder' failed)

2018-10-20 23:53:01 - [TEST_CASE][FAILED] - Test Cases/Final Aug 2018 - PKS Automation/Common/Workflow Owner Finder: Test Cases/Final Aug 2018 - PKS Automation/Common/Workflow Owner Finder FAILED because (of) (Stack trace: com.kms.katalon.core.exception.StepFailedException: Unable to click on object 'Object Repository/Final Object Repo/Landing Page/Select to English' (Root cause: com.kms.katalon.core.webui.exception.WebElementNotFoundException: Web element with id: 'Object Repository/Final Object Repo/Landing Page/Select to English' located by 'By.xpath: //a[@class = 'taglib-language-list-text' and @lang = 'en-US' and (contains(text(), 'EN') or contains(., 'EN'))]' not found)
	at com.kms.katalon.core.keyword.internal.KeywordMain.stepFailed(KeywordMain.groovy:32)
	at com.kms.katalon.core.webui.keyword.internal.WebUIKeywordMain.stepFailed(WebUIKeywordMain.groovy:65)
	at com.kms.katalon.core.webui.keyword.internal.WebUIKeywordMain.runKeyword(WebUIKeywordMain.groovy:27)
	at com.kms.katalon.core.webui.keyword.builtin.ClickKeyword.click(ClickKeyword.groovy:86)
	at com.kms.katalon.core.webui.keyword.builtin.ClickKeyword.execute(ClickKeyword.groovy:67)
	at com.kms.katalon.core.keyword.internal.KeywordExecutor.executeKeywordForPlatform(KeywordExecutor.groovy:53)
	at com.kms.katalon.core.webui.keyword.WebUiBuiltInKeywords.click(WebUiBuiltInKeywords.groovy:604)
	at com.kms.katalon.core.webui.keyword.WebUiBuiltInKeywords$click$8.call(Unknown Source)
	at Script1534407542420.run(Script1534407542420.groovy:57)
	at com.kms.katalon.core.main.ScriptEngine.run(ScriptEngine.java:183)
	at com.kms.katalon.core.main.ScriptEngine.runScriptAsRawText(ScriptEngine.java:108)
	at com.kms.katalon.core.main.TestCaseExecutor.runScript(TestCaseExecutor.java:294)
	at com.kms.katalon.core.main.TestCaseExecutor.doExecute(TestCaseExecutor.java:285)
	at com.kms.katalon.core.main.TestCaseExecutor.processExecutionPhase(TestCaseExecutor.java:264)
	at com.kms.katalon.core.main.TestCaseExecutor.accessMainPhase(TestCaseExecutor.java:256)
	at com.kms.katalon.core.main.TestCaseExecutor.execute(TestCaseExecutor.java:200)
	at com.kms.katalon.core.main.TestCaseMain.runTestCase(TestCaseMain.java:99)
	at com.kms.katalon.core.keyword.builtin.CallTestCaseKeyword$_callTestCase_closure1.doCall(CallTestCaseKeyword.groovy:60)
	at com.kms.katalon.core.keyword.builtin.CallTestCaseKeyword$_callTestCase_closure1.call(CallTestCaseKeyword.groovy)
	at com.kms.katalon.core.keyword.internal.KeywordMain.runKeyword(KeywordMain.groovy:54)
	at com.kms.katalon.core.keyword.builtin.CallTestCaseKeyword.callTestCase(CallTestCaseKeyword.groovy:81)
	at com.kms.katalon.core.keyword.builtin.CallTestCaseKeyword.execute(CallTestCaseKeyword.groovy:45)
	at com.kms.katalon.core.keyword.internal.KeywordExecutor.executeKeywordForPlatform(KeywordExecutor.groovy:53)
	at com.kms.katalon.core.keyword.BuiltinKeywords.callTestCase(BuiltinKeywords.groovy:334)
	at sun.reflect.GeneratedMethodAccessor13.invoke(Unknown Source)
	at sun.reflect.DelegatingMethodAccessorImpl.invoke(DelegatingMethodAccessorImpl.java:43)
	at java.lang.reflect.Method.invoke(Method.java:498)
	at org.codehaus.groovy.reflection.CachedMethod.invoke(CachedMethod.java:93)
	at groovy.lang.MetaMethod.doMethodInvoke(MetaMethod.java:325)
	at groovy.lang.MetaClassImpl.invokeStaticMethod(MetaClassImpl.java:1469)
	at org.codehaus.groovy.runtime.callsite.StaticMetaClassSite.call(StaticMetaClassSite.java:53)
	at org.codehaus.groovy.runtime.callsite.CallSiteArray.defaultCall(CallSiteArray.java:48)
	at org.codehaus.groovy.runtime.callsite.AbstractCallSite.call(AbstractCallSite.java:113)
	at org.codehaus.groovy.runtime.callsite.AbstractCallSite.call(AbstractCallSite.java:141)
	at Script1536113546450.run(Script1536113546450.groovy:34)
	at com.kms.katalon.core.main.ScriptEngine.run(ScriptEngine.java:183)
	at com.kms.katalon.core.main.ScriptEngine.runScriptAsRawText(ScriptEngine.java:108)
	at com.kms.katalon.core.main.TestCaseExecutor.runScript(TestCaseExecutor.java:294)
	at com.kms.katalon.core.main.TestCaseExecutor.doExecute(TestCaseExecutor.java:285)
	at com.kms.katalon.core.main.TestCaseExecutor.processExecutionPhase(TestCaseExecutor.java:264)
	at com.kms.katalon.core.main.TestCaseExecutor.accessMainPhase(TestCaseExecutor.java:256)
	at com.kms.katalon.core.main.TestCaseExecutor.execute(TestCaseExecutor.java:200)
	at com.kms.katalon.core.main.TestCaseMain.runTestCase(TestCaseMain.java:99)
	at com.kms.katalon.core.keyword.builtin.CallTestCaseKeyword$_callTestCase_closure1.doCall(CallTestCaseKeyword.groovy:60)
	at com.kms.katalon.core.keyword.builtin.CallTestCaseKeyword$_callTestCase_closure1.call(CallTestCaseKeyword.groovy)
	at com.kms.katalon.core.keyword.internal.KeywordMain.runKeyword(KeywordMain.groovy:54)
	at com.kms.katalon.core.keyword.builtin.CallTestCaseKeyword.callTestCase(CallTestCaseKeyword.groovy:81)
	at com.kms.katalon.core.keyword.builtin.CallTestCaseKeyword.execute(CallTestCaseKeyword.groovy:45)
	at com.kms.katalon.core.keyword.internal.KeywordExecutor.executeKeywordForPlatform(KeywordExecutor.groovy:53)
	at com.kms.katalon.core.keyword.BuiltinKeywords.callTestCase(BuiltinKeywords.groovy:334)
	at sun.reflect.GeneratedMethodAccessor13.invoke(Unknown Source)
	at sun.reflect.DelegatingMethodAccessorImpl.invoke(DelegatingMethodAccessorImpl.java:43)
	at java.lang.reflect.Method.invoke(Method.java:498)
	at org.codehaus.groovy.reflection.CachedMethod.invoke(CachedMethod.java:93)
	at groovy.lang.MetaMethod.doMethodInvoke(MetaMethod.java:325)
	at groovy.lang.MetaClassImpl.invokeStaticMethod(MetaClassImpl.java:1469)
	at org.codehaus.groovy.runtime.callsite.StaticMetaClassSite.call(StaticMetaClassSite.java:53)
	at org.codehaus.groovy.runtime.callsite.CallSiteArray.defaultCall(CallSiteArray.java:48)
	at org.codehaus.groovy.runtime.callsite.AbstractCallSite.call(AbstractCallSite.java:113)
	at org.codehaus.groovy.runtime.callsite.AbstractCallSite.call(AbstractCallSite.java:141)
	at Script1536204214757.run(Script1536204214757.groovy:25)
	at com.kms.katalon.core.main.ScriptEngine.run(ScriptEngine.java:183)
	at com.kms.katalon.core.main.ScriptEngine.runScriptAsRawText(ScriptEngine.java:108)
	at com.kms.katalon.core.main.TestCaseExecutor.runScript(TestCaseExecutor.java:294)
	at com.kms.katalon.core.main.TestCaseExecutor.doExecute(TestCaseExecutor.java:285)
	at com.kms.katalon.core.main.TestCaseExecutor.processExecutionPhase(TestCaseExecutor.java:264)
	at com.kms.katalon.core.main.TestCaseExecutor.accessMainPhase(TestCaseExecutor.java:256)
	at com.kms.katalon.core.main.TestCaseExecutor.execute(TestCaseExecutor.java:200)
	at com.kms.katalon.core.main.TestSuiteExecutor.accessTestCaseMainPhase(TestSuiteExecutor.java:129)
	at com.kms.katalon.core.main.TestSuiteExecutor.accessTestSuiteMainPhase(TestSuiteExecutor.java:112)
	at com.kms.katalon.core.main.TestSuiteExecutor.execute(TestSuiteExecutor.java:81)
	at com.kms.katalon.core.main.TestCaseMain.startTestSuite(TestCaseMain.java:142)
	at com.kms.katalon.core.main.TestCaseMain$startTestSuite$0.call(Unknown Source)
	at org.codehaus.groovy.runtime.callsite.CallSiteArray.defaultCall(CallSiteArray.java:48)
	at org.codehaus.groovy.runtime.callsite.AbstractCallSite.call(AbstractCallSite.java:113)
	at org.codehaus.groovy.runtime.callsite.AbstractCallSite.call(AbstractCallSite.java:141)
	at TempTestSuite1540025489648.run(TempTestSuite1540025489648.groovy:36)
	at groovy.lang.GroovyShell.runScriptOrMainOrTestOrRunnable(GroovyShell.java:263)
	at groovy.lang.GroovyShell.run(GroovyShell.java:518)
	at groovy.lang.GroovyShell.run(GroovyShell.java:507)
	at groovy.ui.GroovyMain.processOnce(GroovyMain.java:653)
	at groovy.ui.GroovyMain.run(GroovyMain.java:384)
	at groovy.ui.GroovyMain.process(GroovyMain.java:370)
	at groovy.ui.GroovyMain.processArgs(GroovyMain.java:129)
	at groovy.ui.GroovyMain.main(GroovyMain.java:109)
	at sun.reflect.NativeMethodAccessorImpl.invoke0(Native Method)
	at sun.reflect.NativeMethodAccessorImpl.invoke(NativeMethodAccessorImpl.java:62)
	at sun.reflect.DelegatingMethodAccessorImpl.invoke(DelegatingMethodAccessorImpl.java:43)
	at java.lang.reflect.Method.invoke(Method.java:498)
	at org.codehaus.groovy.tools.GroovyStarter.rootLoader(GroovyStarter.java:109)
	at org.codehaus.groovy.tools.GroovyStarter.main(GroovyStarter.java:131)
)

2018-10-20 23:53:02 - [TEST_STEP][PASSED] - openBrowser: Browser is opened with url: ''

2018-10-20 23:53:02 - [MESSAGE][WARNING] - A browser is already opened. Closing browser and opening a new one

2018-10-20 23:53:05 - [MESSAGE][PASSED] - Browser is opened with url: ''

2018-10-20 23:53:05 - [TEST_STEP][PASSED] - navigateToUrl: Navigate to 'https://assist2-uat.perkeso.gov.my/login' successfully

2018-10-20 23:53:08 - [MESSAGE][PASSED] - Navigate to 'https://assist2-uat.perkeso.gov.my/login' successfully

2018-10-20 23:53:08 - [TEST_STEP][PASSED] - delay: Delayed 5 second(s)

2018-10-20 23:53:13 - [MESSAGE][PASSED] - Delayed 5 second(s)

2018-10-20 23:53:13 - [TEST_STEP][PASSED] - setText: Text 'test@liferay.com' is set on object 'Object Repository/Final Object Repo/Login Page/Internal User/Email Address'

2018-10-20 23:53:13 - [MESSAGE][PASSED] - Text 'test@liferay.com' is set on object 'Object Repository/Final Object Repo/Login Page/Internal User/Email Address'

2018-10-20 23:53:13 - [TEST_STEP][PASSED] - click: Object: 'Object Repository/Final Object Repo/Login Page/Internal User/Next Button' is clicked on

2018-10-20 23:53:13 - [MESSAGE][PASSED] - Object: 'Object Repository/Final Object Repo/Login Page/Internal User/Next Button' is clicked on

2018-10-20 23:53:13 - [TEST_STEP][PASSED] - delay: Delayed 2 second(s)

2018-10-20 23:53:15 - [MESSAGE][PASSED] - Delayed 2 second(s)

2018-10-20 23:53:15 - [TEST_STEP][PASSED] - setText: Text 'test' is set on object 'Object Repository/Final Object Repo/Login Page/Internal User/Password'

2018-10-20 23:53:15 - [MESSAGE][PASSED] - Text 'test' is set on object 'Object Repository/Final Object Repo/Login Page/Internal User/Password'

2018-10-20 23:53:15 - [TEST_STEP][PASSED] - delay: Delayed 2 second(s)

2018-10-20 23:53:17 - [MESSAGE][PASSED] - Delayed 2 second(s)

2018-10-20 23:53:17 - [TEST_STEP][PASSED] - click: Object: 'Object Repository/Final Object Repo/Login Page/Internal User/Login Button' is clicked on

2018-10-20 23:53:18 - [MESSAGE][PASSED] - Object: 'Object Repository/Final Object Repo/Login Page/Internal User/Login Button' is clicked on

2018-10-20 23:53:18 - [TEST_STEP][FAILED] - Statement - Try: Delayed 2 second(s)

2018-10-20 23:53:18 - [TEST_STEP][PASSED] - Statement - Checker = false: null

2018-10-20 23:53:18 - [TEST_STEP][PASSED] - Statement - Checker = com.kms.katalon.core.webui.keyword.WebUiBuiltInKeywords.verifyElementHasAttribute(com.kms.katalon.core.testobject.ObjectRepository.findTestObject(Final Object Repo/Landing Page/BM Detecting), "href", 20, OPTIONAL): Unable to verify if object 'Object Repository/Final Object Repo/Landing Page/BM Detecting' has attribute 'href' (Root cause: org.openqa.selenium.StaleElementReferenceException: stale element reference: element is not attached to the page document
  (Session info: chrome=69.0.3497.100)
  (Driver info: chromedriver=2.35.528161 (5b82f2d2aae0ca24b877009200ced9065a772e73),platform=Windows NT 6.1.7601 SP1 x86_64) (WARNING: The server did not provide any stacktrace information)
Command duration or timeout: 0 milliseconds
For documentation on this error, please visit: http://seleniumhq.org/exceptions/stale_element_reference.html
Build info: version: '3.7.1', revision: '8a0099a', time: '2017-11-06T21:07:36.161Z'
System info: host: 'WEIZHENG', ip: '192.168.137.1', os.name: 'Windows 7', os.arch: 'amd64', os.version: '6.1', java.version: '1.8.0_181'
Driver info: com.kms.katalon.selenium.driver.CChromeDriver
Capabilities {acceptInsecureCerts: false, acceptSslCerts: false, applicationCacheEnabled: false, browserConnectionEnabled: false, browserName: chrome, chrome: {chromedriverVersion: 2.35.528161 (5b82f2d2aae0ca..., userDataDir: C:\Users\WEIZHE~1\AppData\L...}, cssSelectorsEnabled: true, databaseEnabled: false, handlesAlerts: true, hasTouchScreen: false, javascriptEnabled: true, locationContextEnabled: true, mobileEmulationEnabled: false, nativeEvents: true, networkConnectionEnabled: false, pageLoadStrategy: normal, platform: XP, platformName: XP, rotatable: false, setWindowRect: true, takesHeapSnapshot: true, takesScreenshot: true, unexpectedAlertBehaviour: , unhandledPromptBehavior: , version: 69.0.3497.100, webStorageEnabled: true}
Session ID: 5ca7216140f282ae6f6fbad11ed44984)

2018-10-20 23:53:21 - [MESSAGE][WARNING] - Unable to verify if object 'Object Repository/Final Object Repo/Landing Page/BM Detecting' has attribute 'href' (Root cause: org.openqa.selenium.StaleElementReferenceException: stale element reference: element is not attached to the page document
  (Session info: chrome=69.0.3497.100)
  (Driver info: chromedriver=2.35.528161 (5b82f2d2aae0ca24b877009200ced9065a772e73),platform=Windows NT 6.1.7601 SP1 x86_64) (WARNING: The server did not provide any stacktrace information)
Command duration or timeout: 0 milliseconds
For documentation on this error, please visit: http://seleniumhq.org/exceptions/stale_element_reference.html
Build info: version: '3.7.1', revision: '8a0099a', time: '2017-11-06T21:07:36.161Z'
System info: host: 'WEIZHENG', ip: '192.168.137.1', os.name: 'Windows 7', os.arch: 'amd64', os.version: '6.1', java.version: '1.8.0_181'
Driver info: com.kms.katalon.selenium.driver.CChromeDriver
Capabilities {acceptInsecureCerts: false, acceptSslCerts: false, applicationCacheEnabled: false, browserConnectionEnabled: false, browserName: chrome, chrome: {chromedriverVersion: 2.35.528161 (5b82f2d2aae0ca..., userDataDir: C:\Users\WEIZHE~1\AppData\L...}, cssSelectorsEnabled: true, databaseEnabled: false, handlesAlerts: true, hasTouchScreen: false, javascriptEnabled: true, locationContextEnabled: true, mobileEmulationEnabled: false, nativeEvents: true, networkConnectionEnabled: false, pageLoadStrategy: normal, platform: XP, platformName: XP, rotatable: false, setWindowRect: true, takesHeapSnapshot: true, takesScreenshot: true, unexpectedAlertBehaviour: , unhandledPromptBehavior: , version: 69.0.3497.100, webStorageEnabled: true}
Session ID: 5ca7216140f282ae6f6fbad11ed44984)
[[ATTACHMENT|C:\\Users\\LENOVO\\Katalon Studio\\Perkeso Phase A\\Reports\\Workflow\\Form 3 EIS - Cessation as Employer\\20181020_165129\\1540050800894.png]]

2018-10-20 23:53:21 - [TEST_STEP][PASSED] - Statement - out.println(Checker): null

2018-10-20 23:53:21 - [TEST_STEP][FAILED] - Statement - If (Checker == false): Unable to click on object 'Object Repository/Final Object Repo/Landing Page/Select to English' (Root cause: com.kms.katalon.core.webui.exception.WebElementNotFoundException: Web element with id: 'Object Repository/Final Object Repo/Landing Page/Select to English' located by 'By.xpath: //a[@class = 'taglib-language-list-text' and @lang = 'en-US' and (contains(text(), 'EN') or contains(., 'EN'))]' not found)

2018-10-20 23:53:21 - [TEST_STEP][FAILED] - click: Unable to click on object 'Object Repository/Final Object Repo/Landing Page/Select to English' (Root cause: com.kms.katalon.core.webui.exception.WebElementNotFoundException: Web element with id: 'Object Repository/Final Object Repo/Landing Page/Select to English' located by 'By.xpath: //a[@class = 'taglib-language-list-text' and @lang = 'en-US' and (contains(text(), 'EN') or contains(., 'EN'))]' not found)

2018-10-20 23:54:01 - [MESSAGE][FAILED] - Unable to click on object 'Object Repository/Final Object Repo/Landing Page/Select to English' (Root cause: com.kms.katalon.core.webui.exception.WebElementNotFoundException: Web element with id: 'Object Repository/Final Object Repo/Landing Page/Select to English' located by 'By.xpath: //a[@class = 'taglib-language-list-text' and @lang = 'en-US' and (contains(text(), 'EN') or contains(., 'EN'))]' not found)
[[ATTACHMENT|C:\\Users\\LENOVO\\Katalon Studio\\Perkeso Phase A\\Reports\\Workflow\\Form 3 EIS - Cessation as Employer\\20181020_165129\\1540050840924.png]]

2018-10-20 23:54:01 - [TEST_STEP][PASSED] - delay: Delayed 2 second(s)

2018-10-20 23:54:03 - [MESSAGE][PASSED] - Delayed 2 second(s)

2018-10-20 23:54:03 - [TEST_STEP][PASSED] - delay: Delayed 3 second(s)

2018-10-20 23:54:06 - [MESSAGE][PASSED] - Delayed 3 second(s)

2018-10-20 23:54:06 - [TEST_STEP][PASSED] - mouseOver: Object: 'Object Repository/Final Object Repo/Landing Page/WorkFlow Menu' is hovered

2018-10-20 23:54:06 - [MESSAGE][PASSED] - Object: 'Object Repository/Final Object Repo/Landing Page/WorkFlow Menu' is hovered

2018-10-20 23:54:06 - [TEST_STEP][PASSED] - delay: Delayed 2 second(s)

2018-10-20 23:54:08 - [MESSAGE][PASSED] - Delayed 2 second(s)

2018-10-20 23:54:08 - [TEST_STEP][PASSED] - click: Object: 'Object Repository/Final Object Repo/Landing Page/Select to Workflow Listing' is clicked on

2018-10-20 23:54:09 - [MESSAGE][PASSED] - Object: 'Object Repository/Final Object Repo/Landing Page/Select to Workflow Listing' is clicked on

2018-10-20 23:54:09 - [TEST_STEP][PASSED] - delay: Delayed 2 second(s)

2018-10-20 23:54:11 - [MESSAGE][PASSED] - Delayed 2 second(s)

2018-10-20 23:54:11 - [TEST_STEP][PASSED] - click: Object: 'Object Repository/Final Object Repo/WorkFlow Listing Page/Search Information - To Put Ref No' is clicked on

2018-10-20 23:54:11 - [MESSAGE][PASSED] - Object: 'Object Repository/Final Object Repo/WorkFlow Listing Page/Search Information - To Put Ref No' is clicked on

2018-10-20 23:54:11 - [TEST_STEP][PASSED] - delay: Delayed 2 second(s)

2018-10-20 23:54:13 - [MESSAGE][PASSED] - Delayed 2 second(s)

2018-10-20 23:54:13 - [TEST_STEP][PASSED] - callTestCase: Call Test Case 'Test Cases/Final Aug 2018 - PKS Automation/Common/Reference Number Getter' successfully

2018-10-20 23:54:13 - [TEST_CASE][PASSED] - Test Cases/Final Aug 2018 - PKS Automation/Common/Reference Number Getter: Test Cases/Final Aug 2018 - PKS Automation/Common/Reference Number Getter

2018-10-20 23:54:13 - [TEST_STEP][PASSED] - Statement - Try: null

2018-10-20 23:54:13 - [TEST_STEP][PASSED] - Statement - RefNo = new java.io.File(C://KatalonReference.txt): null

2018-10-20 23:54:13 - [TEST_STEP][PASSED] - Statement - bufferread = new java.io.BufferedReader(new java.io.FileReader(RefNo)): null

2018-10-20 23:54:13 - [TEST_STEP][PASSED] - Statement - readedVal = bufferread.readLine(): null

2018-10-20 23:54:13 - [TEST_STEP][PASSED] - Statement - out.println(CaseReferenceNo): null

2018-10-20 23:54:13 - [TEST_STEP][PASSED] - Statement - out.println(readedVal): null

2018-10-20 23:54:13 - [TEST_STEP][PASSED] - Statement - CaseReferenceNo = readedVal: null

2018-10-20 23:54:13 - [MESSAGE][PASSED] - Call Test Case 'Test Cases/Final Aug 2018 - PKS Automation/Common/Reference Number Getter' successfully

2018-10-20 23:54:13 - [TEST_STEP][PASSED] - setText: Text 'ERN102018C200002203ERN102018C200002204' is set on object 'Object Repository/Final Object Repo/WorkFlow Listing Page/Ref No Set Text'

2018-10-20 23:54:14 - [MESSAGE][PASSED] - Text 'ERN102018C200002203ERN102018C200002204' is set on object 'Object Repository/Final Object Repo/WorkFlow Listing Page/Ref No Set Text'

2018-10-20 23:54:14 - [TEST_STEP][PASSED] - delay: Delayed 2 second(s)

2018-10-20 23:54:16 - [MESSAGE][PASSED] - Delayed 2 second(s)

2018-10-20 23:54:16 - [TEST_STEP][PASSED] - click: Object: 'Object Repository/Final Object Repo/WorkFlow Listing Page/Search Ref No Search Button' is clicked on

2018-10-20 23:54:16 - [MESSAGE][PASSED] - Object: 'Object Repository/Final Object Repo/WorkFlow Listing Page/Search Ref No Search Button' is clicked on

2018-10-20 23:54:16 - [TEST_STEP][PASSED] - delay: Delayed 4 second(s)

2018-10-20 23:54:20 - [MESSAGE][PASSED] - Delayed 4 second(s)

2018-10-20 23:54:20 - [TEST_STEP][FAILED] - click: Unable to click on object 'Object Repository/Final Object Repo/WorkFlow Listing Page/Click Continue Tooltip' (Root cause: com.kms.katalon.core.webui.exception.WebElementNotFoundException: Web element with id: 'Object Repository/Final Object Repo/WorkFlow Listing Page/Click Continue Tooltip' located by 'By.xpath: //i[@aria-hidden = 'true' and @data-toggle = 'tooltip' and @data-original-title = 'Continue']' not found)

2018-10-20 23:54:56 - [MESSAGE][FAILED] - Unable to click on object 'Object Repository/Final Object Repo/WorkFlow Listing Page/Click Continue Tooltip' (Root cause: com.kms.katalon.core.webui.exception.WebElementNotFoundException: Web element with id: 'Object Repository/Final Object Repo/WorkFlow Listing Page/Click Continue Tooltip' located by 'By.xpath: //i[@aria-hidden = 'true' and @data-toggle = 'tooltip' and @data-original-title = 'Continue']' not found)
[[ATTACHMENT|C:\\Users\\LENOVO\\Katalon Studio\\Perkeso Phase A\\Reports\\Workflow\\Form 3 EIS - Cessation as Employer\\20181020_165129\\1540050896398.png]]

2018-10-20 23:54:56 - [TEST_STEP][PASSED] - delay: Delayed 5 second(s)

2018-10-20 23:55:01 - [MESSAGE][PASSED] - Delayed 5 second(s)

2018-10-20 23:55:01 - [TEST_STEP][FAILED] - doubleClick: Unable to double click on object 'Object Repository/Final Object Repo/WorkFlow Listing Page/Workflow Found - Listing 1' (Root cause: com.kms.katalon.core.webui.exception.WebElementNotFoundException: Web element with id: 'Object Repository/Final Object Repo/WorkFlow Listing Page/Workflow Found - Listing 1' located by 'By.xpath: //body/div/div/div/div/div/div/div/div/div/div/div/div/div/div/div/div/table/tbody/tr/td[@class='table-cell  first']/following-sibling::td[1]' not found)

2018-10-20 23:55:34 - [MESSAGE][FAILED] - Unable to double click on object 'Object Repository/Final Object Repo/WorkFlow Listing Page/Workflow Found - Listing 1' (Root cause: com.kms.katalon.core.webui.exception.WebElementNotFoundException: Web element with id: 'Object Repository/Final Object Repo/WorkFlow Listing Page/Workflow Found - Listing 1' located by 'By.xpath: //body/div/div/div/div/div/div/div/div/div/div/div/div/div/div/div/div/table/tbody/tr/td[@class='table-cell  first']/following-sibling::td[1]' not found)
[[ATTACHMENT|C:\\Users\\LENOVO\\Katalon Studio\\Perkeso Phase A\\Reports\\Workflow\\Form 3 EIS - Cessation as Employer\\20181020_165129\\1540050934049.png]]

2018-10-20 23:55:34 - [MESSAGE][FAILED] - Unable to call Test Case with id 'Test Cases/Final Aug 2018 - PKS Automation/Common/Workflow Owner Finder' (Root cause: Call Test Case 'Test Cases/Final Aug 2018 - PKS Automation/Common/Workflow Owner Finder' failed)

2018-10-20 23:55:34 - [MESSAGE][FAILED] - Unable to call Test Case with id 'Test Cases/Final Aug 2018 - PKS Automation/Registration Module/Workflow/Form 3 EIS - Cessation As Employer/Template/Form 3 A - Cessation As Employer (Under enforcement)' (Root cause: Call Test Case 'Test Cases/Final Aug 2018 - PKS Automation/Registration Module/Workflow/Form 3 EIS - Cessation As Employer/Template/Form 3 A - Cessation As Employer (Under enforcement)' failed)]]></system-out>
         <system-err><![CDATA[2018-10-20 23:51:59 - [TEST_CASE][FAILED] - Test Cases/Final Aug 2018 - PKS Automation/Registration Module/Workflow/Form 3 EIS - Cessation As Employer/OTC to UO (Under enforcement): Test Cases/Final Aug 2018 - PKS Automation/Registration Module/Workflow/Form 3 EIS - Cessation As Employer/OTC to UO (Under enforcement) FAILED because (of) (Stack trace: com.kms.katalon.core.exception.StepFailedException: Unable to click on object 'Object Repository/Final Object Repo/Landing Page/Select to English' (Root cause: com.kms.katalon.core.webui.exception.WebElementNotFoundException: Web element with id: 'Object Repository/Final Object Repo/Landing Page/Select to English' located by 'By.xpath: //a[@class = 'taglib-language-list-text' and @lang = 'en-US' and (contains(text(), 'EN') or contains(., 'EN'))]' not found)
	at com.kms.katalon.core.keyword.internal.KeywordMain.stepFailed(KeywordMain.groovy:32)
	at com.kms.katalon.core.webui.keyword.internal.WebUIKeywordMain.stepFailed(WebUIKeywordMain.groovy:65)
	at com.kms.katalon.core.webui.keyword.internal.WebUIKeywordMain.runKeyword(WebUIKeywordMain.groovy:27)
	at com.kms.katalon.core.webui.keyword.builtin.ClickKeyword.click(ClickKeyword.groovy:86)
	at com.kms.katalon.core.webui.keyword.builtin.ClickKeyword.execute(ClickKeyword.groovy:67)
	at com.kms.katalon.core.keyword.internal.KeywordExecutor.executeKeywordForPlatform(KeywordExecutor.groovy:53)
	at com.kms.katalon.core.webui.keyword.WebUiBuiltInKeywords.click(WebUiBuiltInKeywords.groovy:604)
	at com.kms.katalon.core.webui.keyword.WebUiBuiltInKeywords$click$8.call(Unknown Source)
	at Script1534407542420.run(Script1534407542420.groovy:57)
	at com.kms.katalon.core.main.ScriptEngine.run(ScriptEngine.java:183)
	at com.kms.katalon.core.main.ScriptEngine.runScriptAsRawText(ScriptEngine.java:108)
	at com.kms.katalon.core.main.TestCaseExecutor.runScript(TestCaseExecutor.java:294)
	at com.kms.katalon.core.main.TestCaseExecutor.doExecute(TestCaseExecutor.java:285)
	at com.kms.katalon.core.main.TestCaseExecutor.processExecutionPhase(TestCaseExecutor.java:264)
	at com.kms.katalon.core.main.TestCaseExecutor.accessMainPhase(TestCaseExecutor.java:256)
	at com.kms.katalon.core.main.TestCaseExecutor.execute(TestCaseExecutor.java:200)
	at com.kms.katalon.core.main.TestCaseMain.runTestCase(TestCaseMain.java:99)
	at com.kms.katalon.core.keyword.builtin.CallTestCaseKeyword$_callTestCase_closure1.doCall(CallTestCaseKeyword.groovy:60)
	at com.kms.katalon.core.keyword.builtin.CallTestCaseKeyword$_callTestCase_closure1.call(CallTestCaseKeyword.groovy)
	at com.kms.katalon.core.keyword.internal.KeywordMain.runKeyword(KeywordMain.groovy:54)
	at com.kms.katalon.core.keyword.builtin.CallTestCaseKeyword.callTestCase(CallTestCaseKeyword.groovy:81)
	at com.kms.katalon.core.keyword.builtin.CallTestCaseKeyword.execute(CallTestCaseKeyword.groovy:45)
	at com.kms.katalon.core.keyword.internal.KeywordExecutor.executeKeywordForPlatform(KeywordExecutor.groovy:53)
	at com.kms.katalon.core.keyword.BuiltinKeywords.callTestCase(BuiltinKeywords.groovy:334)
	at sun.reflect.GeneratedMethodAccessor13.invoke(Unknown Source)
	at sun.reflect.DelegatingMethodAccessorImpl.invoke(DelegatingMethodAccessorImpl.java:43)
	at java.lang.reflect.Method.invoke(Method.java:498)
	at org.codehaus.groovy.reflection.CachedMethod.invoke(CachedMethod.java:93)
	at groovy.lang.MetaMethod.doMethodInvoke(MetaMethod.java:325)
	at groovy.lang.MetaClassImpl.invokeStaticMethod(MetaClassImpl.java:1469)
	at org.codehaus.groovy.runtime.callsite.StaticMetaClassSite.call(StaticMetaClassSite.java:53)
	at org.codehaus.groovy.runtime.callsite.CallSiteArray.defaultCall(CallSiteArray.java:48)
	at org.codehaus.groovy.runtime.callsite.AbstractCallSite.call(AbstractCallSite.java:113)
	at org.codehaus.groovy.runtime.callsite.AbstractCallSite.call(AbstractCallSite.java:141)
	at Script1536113546450.run(Script1536113546450.groovy:34)
	at com.kms.katalon.core.main.ScriptEngine.run(ScriptEngine.java:183)
	at com.kms.katalon.core.main.ScriptEngine.runScriptAsRawText(ScriptEngine.java:108)
	at com.kms.katalon.core.main.TestCaseExecutor.runScript(TestCaseExecutor.java:294)
	at com.kms.katalon.core.main.TestCaseExecutor.doExecute(TestCaseExecutor.java:285)
	at com.kms.katalon.core.main.TestCaseExecutor.processExecutionPhase(TestCaseExecutor.java:264)
	at com.kms.katalon.core.main.TestCaseExecutor.accessMainPhase(TestCaseExecutor.java:256)
	at com.kms.katalon.core.main.TestCaseExecutor.execute(TestCaseExecutor.java:200)
	at com.kms.katalon.core.main.TestCaseMain.runTestCase(TestCaseMain.java:99)
	at com.kms.katalon.core.keyword.builtin.CallTestCaseKeyword$_callTestCase_closure1.doCall(CallTestCaseKeyword.groovy:60)
	at com.kms.katalon.core.keyword.builtin.CallTestCaseKeyword$_callTestCase_closure1.call(CallTestCaseKeyword.groovy)
	at com.kms.katalon.core.keyword.internal.KeywordMain.runKeyword(KeywordMain.groovy:54)
	at com.kms.katalon.core.keyword.builtin.CallTestCaseKeyword.callTestCase(CallTestCaseKeyword.groovy:81)
	at com.kms.katalon.core.keyword.builtin.CallTestCaseKeyword.execute(CallTestCaseKeyword.groovy:45)
	at com.kms.katalon.core.keyword.internal.KeywordExecutor.executeKeywordForPlatform(KeywordExecutor.groovy:53)
	at com.kms.katalon.core.keyword.BuiltinKeywords.callTestCase(BuiltinKeywords.groovy:334)
	at sun.reflect.GeneratedMethodAccessor13.invoke(Unknown Source)
	at sun.reflect.DelegatingMethodAccessorImpl.invoke(DelegatingMethodAccessorImpl.java:43)
	at java.lang.reflect.Method.invoke(Method.java:498)
	at org.codehaus.groovy.reflection.CachedMethod.invoke(CachedMethod.java:93)
	at groovy.lang.MetaMethod.doMethodInvoke(MetaMethod.java:325)
	at groovy.lang.MetaClassImpl.invokeStaticMethod(MetaClassImpl.java:1469)
	at org.codehaus.groovy.runtime.callsite.StaticMetaClassSite.call(StaticMetaClassSite.java:53)
	at org.codehaus.groovy.runtime.callsite.CallSiteArray.defaultCall(CallSiteArray.java:48)
	at org.codehaus.groovy.runtime.callsite.AbstractCallSite.call(AbstractCallSite.java:113)
	at org.codehaus.groovy.runtime.callsite.AbstractCallSite.call(AbstractCallSite.java:141)
	at Script1536204214757.run(Script1536204214757.groovy:25)
	at com.kms.katalon.core.main.ScriptEngine.run(ScriptEngine.java:183)
	at com.kms.katalon.core.main.ScriptEngine.runScriptAsRawText(ScriptEngine.java:108)
	at com.kms.katalon.core.main.TestCaseExecutor.runScript(TestCaseExecutor.java:294)
	at com.kms.katalon.core.main.TestCaseExecutor.doExecute(TestCaseExecutor.java:285)
	at com.kms.katalon.core.main.TestCaseExecutor.processExecutionPhase(TestCaseExecutor.java:264)
	at com.kms.katalon.core.main.TestCaseExecutor.accessMainPhase(TestCaseExecutor.java:256)
	at com.kms.katalon.core.main.TestCaseExecutor.execute(TestCaseExecutor.java:200)
	at com.kms.katalon.core.main.TestSuiteExecutor.accessTestCaseMainPhase(TestSuiteExecutor.java:129)
	at com.kms.katalon.core.main.TestSuiteExecutor.accessTestSuiteMainPhase(TestSuiteExecutor.java:112)
	at com.kms.katalon.core.main.TestSuiteExecutor.execute(TestSuiteExecutor.java:81)
	at com.kms.katalon.core.main.TestCaseMain.startTestSuite(TestCaseMain.java:142)
	at com.kms.katalon.core.main.TestCaseMain$startTestSuite$0.call(Unknown Source)
	at org.codehaus.groovy.runtime.callsite.CallSiteArray.defaultCall(CallSiteArray.java:48)
	at org.codehaus.groovy.runtime.callsite.AbstractCallSite.call(AbstractCallSite.java:113)
	at org.codehaus.groovy.runtime.callsite.AbstractCallSite.call(AbstractCallSite.java:141)
	at TempTestSuite1540025489648.run(TempTestSuite1540025489648.groovy:36)
	at groovy.lang.GroovyShell.runScriptOrMainOrTestOrRunnable(GroovyShell.java:263)
	at groovy.lang.GroovyShell.run(GroovyShell.java:518)
	at groovy.lang.GroovyShell.run(GroovyShell.java:507)
	at groovy.ui.GroovyMain.processOnce(GroovyMain.java:653)
	at groovy.ui.GroovyMain.run(GroovyMain.java:384)
	at groovy.ui.GroovyMain.process(GroovyMain.java:370)
	at groovy.ui.GroovyMain.processArgs(GroovyMain.java:129)
	at groovy.ui.GroovyMain.main(GroovyMain.java:109)
	at sun.reflect.NativeMethodAccessorImpl.invoke0(Native Method)
	at sun.reflect.NativeMethodAccessorImpl.invoke(NativeMethodAccessorImpl.java:62)
	at sun.reflect.DelegatingMethodAccessorImpl.invoke(DelegatingMethodAccessorImpl.java:43)
	at java.lang.reflect.Method.invoke(Method.java:498)
	at org.codehaus.groovy.tools.GroovyStarter.rootLoader(GroovyStarter.java:109)
	at org.codehaus.groovy.tools.GroovyStarter.main(GroovyStarter.java:131)
)]]></system-err>
      </testcase>
      <testcase name="Test Cases/Final Aug 2018 - PKS Automation/Registration Module/Workflow/Form 3 EIS - Cessation As Employer/PKRBO to UO (Approve)" classname="Test Cases/Final Aug 2018 - PKS Automation/Registration Module/Workflow/Form 3 EIS - Cessation As Employer/PKRBO to UO (Approve)" status="FAILED">
         <failure type="FAILED" message="(Stack trace: com.kms.katalon.core.exception.StepFailedException: Unable to click on object 'Object Repository/Final Object Repo/Landing Page/Select to English' (Root cause: com.kms.katalon.core.webui.exception.WebElementNotFoundException: Web element with id: 'Object Repository/Final Object Repo/Landing Page/Select to English' located by 'By.xpath: //a[@class = 'taglib-language-list-text' and @lang = 'en-US' and (contains(text(), 'EN') or contains(., 'EN'))]' not found)
	at com.kms.katalon.core.keyword.internal.KeywordMain.stepFailed(KeywordMain.groovy:32)
	at com.kms.katalon.core.webui.keyword.internal.WebUIKeywordMain.stepFailed(WebUIKeywordMain.groovy:65)
	at com.kms.katalon.core.webui.keyword.internal.WebUIKeywordMain.runKeyword(WebUIKeywordMain.groovy:27)
	at com.kms.katalon.core.webui.keyword.builtin.ClickKeyword.click(ClickKeyword.groovy:86)
	at com.kms.katalon.core.webui.keyword.builtin.ClickKeyword.execute(ClickKeyword.groovy:67)
	at com.kms.katalon.core.keyword.internal.KeywordExecutor.executeKeywordForPlatform(KeywordExecutor.groovy:53)
	at com.kms.katalon.core.webui.keyword.WebUiBuiltInKeywords.click(WebUiBuiltInKeywords.groovy:604)
	at com.kms.katalon.core.webui.keyword.WebUiBuiltInKeywords$click$8.call(Unknown Source)
	at Script1534407542420.run(Script1534407542420.groovy:57)
	at com.kms.katalon.core.main.ScriptEngine.run(ScriptEngine.java:183)
	at com.kms.katalon.core.main.ScriptEngine.runScriptAsRawText(ScriptEngine.java:108)
	at com.kms.katalon.core.main.TestCaseExecutor.runScript(TestCaseExecutor.java:294)
	at com.kms.katalon.core.main.TestCaseExecutor.doExecute(TestCaseExecutor.java:285)
	at com.kms.katalon.core.main.TestCaseExecutor.processExecutionPhase(TestCaseExecutor.java:264)
	at com.kms.katalon.core.main.TestCaseExecutor.accessMainPhase(TestCaseExecutor.java:256)
	at com.kms.katalon.core.main.TestCaseExecutor.execute(TestCaseExecutor.java:200)
	at com.kms.katalon.core.main.TestCaseMain.runTestCase(TestCaseMain.java:99)
	at com.kms.katalon.core.keyword.builtin.CallTestCaseKeyword$_callTestCase_closure1.doCall(CallTestCaseKeyword.groovy:60)
	at com.kms.katalon.core.keyword.builtin.CallTestCaseKeyword$_callTestCase_closure1.call(CallTestCaseKeyword.groovy)
	at com.kms.katalon.core.keyword.internal.KeywordMain.runKeyword(KeywordMain.groovy:54)
	at com.kms.katalon.core.keyword.builtin.CallTestCaseKeyword.callTestCase(CallTestCaseKeyword.groovy:81)
	at com.kms.katalon.core.keyword.builtin.CallTestCaseKeyword.execute(CallTestCaseKeyword.groovy:45)
	at com.kms.katalon.core.keyword.internal.KeywordExecutor.executeKeywordForPlatform(KeywordExecutor.groovy:53)
	at com.kms.katalon.core.keyword.BuiltinKeywords.callTestCase(BuiltinKeywords.groovy:334)
	at sun.reflect.GeneratedMethodAccessor13.invoke(Unknown Source)
	at sun.reflect.DelegatingMethodAccessorImpl.invoke(DelegatingMethodAccessorImpl.java:43)
	at java.lang.reflect.Method.invoke(Method.java:498)
	at org.codehaus.groovy.reflection.CachedMethod.invoke(CachedMethod.java:93)
	at groovy.lang.MetaMethod.doMethodInvoke(MetaMethod.java:325)
	at groovy.lang.MetaClassImpl.invokeStaticMethod(MetaClassImpl.java:1469)
	at org.codehaus.groovy.runtime.callsite.StaticMetaClassSite.call(StaticMetaClassSite.java:53)
	at org.codehaus.groovy.runtime.callsite.AbstractCallSite.call(AbstractCallSite.java:141)
	at Script1536043843412.run(Script1536043843412.groovy:34)
	at com.kms.katalon.core.main.ScriptEngine.run(ScriptEngine.java:183)
	at com.kms.katalon.core.main.ScriptEngine.runScriptAsRawText(ScriptEngine.java:108)
	at com.kms.katalon.core.main.TestCaseExecutor.runScript(TestCaseExecutor.java:294)
	at com.kms.katalon.core.main.TestCaseExecutor.doExecute(TestCaseExecutor.java:285)
	at com.kms.katalon.core.main.TestCaseExecutor.processExecutionPhase(TestCaseExecutor.java:264)
	at com.kms.katalon.core.main.TestCaseExecutor.accessMainPhase(TestCaseExecutor.java:256)
	at com.kms.katalon.core.main.TestCaseExecutor.execute(TestCaseExecutor.java:200)
	at com.kms.katalon.core.main.TestCaseMain.runTestCase(TestCaseMain.java:99)
	at com.kms.katalon.core.keyword.builtin.CallTestCaseKeyword$_callTestCase_closure1.doCall(CallTestCaseKeyword.groovy:60)
	at com.kms.katalon.core.keyword.builtin.CallTestCaseKeyword$_callTestCase_closure1.call(CallTestCaseKeyword.groovy)
	at com.kms.katalon.core.keyword.internal.KeywordMain.runKeyword(KeywordMain.groovy:54)
	at com.kms.katalon.core.keyword.builtin.CallTestCaseKeyword.callTestCase(CallTestCaseKeyword.groovy:81)
	at com.kms.katalon.core.keyword.builtin.CallTestCaseKeyword.execute(CallTestCaseKeyword.groovy:45)
	at com.kms.katalon.core.keyword.internal.KeywordExecutor.executeKeywordForPlatform(KeywordExecutor.groovy:53)
	at com.kms.katalon.core.keyword.BuiltinKeywords.callTestCase(BuiltinKeywords.groovy:334)
	at sun.reflect.GeneratedMethodAccessor13.invoke(Unknown Source)
	at sun.reflect.DelegatingMethodAccessorImpl.invoke(DelegatingMethodAccessorImpl.java:43)
	at java.lang.reflect.Method.invoke(Method.java:498)
	at org.codehaus.groovy.reflection.CachedMethod.invoke(CachedMethod.java:93)
	at groovy.lang.MetaMethod.doMethodInvoke(MetaMethod.java:325)
	at groovy.lang.MetaClassImpl.invokeStaticMethod(MetaClassImpl.java:1469)
	at org.codehaus.groovy.runtime.callsite.StaticMetaClassSite.call(StaticMetaClassSite.java:53)
	at org.codehaus.groovy.runtime.callsite.CallSiteArray.defaultCall(CallSiteArray.java:48)
	at org.codehaus.groovy.runtime.callsite.AbstractCallSite.call(AbstractCallSite.java:113)
	at org.codehaus.groovy.runtime.callsite.AbstractCallSite.call(AbstractCallSite.java:141)
	at Script1536204583402.run(Script1536204583402.groovy:25)
	at com.kms.katalon.core.main.ScriptEngine.run(ScriptEngine.java:183)
	at com.kms.katalon.core.main.ScriptEngine.runScriptAsRawText(ScriptEngine.java:108)
	at com.kms.katalon.core.main.TestCaseExecutor.runScript(TestCaseExecutor.java:294)
	at com.kms.katalon.core.main.TestCaseExecutor.doExecute(TestCaseExecutor.java:285)
	at com.kms.katalon.core.main.TestCaseExecutor.processExecutionPhase(TestCaseExecutor.java:264)
	at com.kms.katalon.core.main.TestCaseExecutor.accessMainPhase(TestCaseExecutor.java:256)
	at com.kms.katalon.core.main.TestCaseExecutor.execute(TestCaseExecutor.java:200)
	at com.kms.katalon.core.main.TestSuiteExecutor.accessTestCaseMainPhase(TestSuiteExecutor.java:129)
	at com.kms.katalon.core.main.TestSuiteExecutor.accessTestSuiteMainPhase(TestSuiteExecutor.java:112)
	at com.kms.katalon.core.main.TestSuiteExecutor.execute(TestSuiteExecutor.java:81)
	at com.kms.katalon.core.main.TestCaseMain.startTestSuite(TestCaseMain.java:142)
	at com.kms.katalon.core.main.TestCaseMain$startTestSuite$0.call(Unknown Source)
	at org.codehaus.groovy.runtime.callsite.CallSiteArray.defaultCall(CallSiteArray.java:48)
	at org.codehaus.groovy.runtime.callsite.AbstractCallSite.call(AbstractCallSite.java:113)
	at org.codehaus.groovy.runtime.callsite.AbstractCallSite.call(AbstractCallSite.java:141)
	at TempTestSuite1540025489648.run(TempTestSuite1540025489648.groovy:36)
	at groovy.lang.GroovyShell.runScriptOrMainOrTestOrRunnable(GroovyShell.java:263)
	at groovy.lang.GroovyShell.run(GroovyShell.java:518)
	at groovy.lang.GroovyShell.run(GroovyShell.java:507)
	at groovy.ui.GroovyMain.processOnce(GroovyMain.java:653)
	at groovy.ui.GroovyMain.run(GroovyMain.java:384)
	at groovy.ui.GroovyMain.process(GroovyMain.java:370)
	at groovy.ui.GroovyMain.processArgs(GroovyMain.java:129)
	at groovy.ui.GroovyMain.main(GroovyMain.java:109)
	at sun.reflect.NativeMethodAccessorImpl.invoke0(Native Method)
	at sun.reflect.NativeMethodAccessorImpl.invoke(NativeMethodAccessorImpl.java:62)
	at sun.reflect.DelegatingMethodAccessorImpl.invoke(DelegatingMethodAccessorImpl.java:43)
	at java.lang.reflect.Method.invoke(Method.java:498)
	at org.codehaus.groovy.tools.GroovyStarter.rootLoader(GroovyStarter.java:109)
	at org.codehaus.groovy.tools.GroovyStarter.main(GroovyStarter.java:131)
)"/>
         <system-out><![CDATA[2018-10-20 23:55:34 - [TEST_CASE][FAILED] - Test Cases/Final Aug 2018 - PKS Automation/Registration Module/Workflow/Form 3 EIS - Cessation As Employer/PKRBO to UO (Approve): Test Cases/Final Aug 2018 - PKS Automation/Registration Module/Workflow/Form 3 EIS - Cessation As Employer/PKRBO to UO (Approve) FAILED because (of) (Stack trace: com.kms.katalon.core.exception.StepFailedException: Unable to click on object 'Object Repository/Final Object Repo/Landing Page/Select to English' (Root cause: com.kms.katalon.core.webui.exception.WebElementNotFoundException: Web element with id: 'Object Repository/Final Object Repo/Landing Page/Select to English' located by 'By.xpath: //a[@class = 'taglib-language-list-text' and @lang = 'en-US' and (contains(text(), 'EN') or contains(., 'EN'))]' not found)
	at com.kms.katalon.core.keyword.internal.KeywordMain.stepFailed(KeywordMain.groovy:32)
	at com.kms.katalon.core.webui.keyword.internal.WebUIKeywordMain.stepFailed(WebUIKeywordMain.groovy:65)
	at com.kms.katalon.core.webui.keyword.internal.WebUIKeywordMain.runKeyword(WebUIKeywordMain.groovy:27)
	at com.kms.katalon.core.webui.keyword.builtin.ClickKeyword.click(ClickKeyword.groovy:86)
	at com.kms.katalon.core.webui.keyword.builtin.ClickKeyword.execute(ClickKeyword.groovy:67)
	at com.kms.katalon.core.keyword.internal.KeywordExecutor.executeKeywordForPlatform(KeywordExecutor.groovy:53)
	at com.kms.katalon.core.webui.keyword.WebUiBuiltInKeywords.click(WebUiBuiltInKeywords.groovy:604)
	at com.kms.katalon.core.webui.keyword.WebUiBuiltInKeywords$click$8.call(Unknown Source)
	at Script1534407542420.run(Script1534407542420.groovy:57)
	at com.kms.katalon.core.main.ScriptEngine.run(ScriptEngine.java:183)
	at com.kms.katalon.core.main.ScriptEngine.runScriptAsRawText(ScriptEngine.java:108)
	at com.kms.katalon.core.main.TestCaseExecutor.runScript(TestCaseExecutor.java:294)
	at com.kms.katalon.core.main.TestCaseExecutor.doExecute(TestCaseExecutor.java:285)
	at com.kms.katalon.core.main.TestCaseExecutor.processExecutionPhase(TestCaseExecutor.java:264)
	at com.kms.katalon.core.main.TestCaseExecutor.accessMainPhase(TestCaseExecutor.java:256)
	at com.kms.katalon.core.main.TestCaseExecutor.execute(TestCaseExecutor.java:200)
	at com.kms.katalon.core.main.TestCaseMain.runTestCase(TestCaseMain.java:99)
	at com.kms.katalon.core.keyword.builtin.CallTestCaseKeyword$_callTestCase_closure1.doCall(CallTestCaseKeyword.groovy:60)
	at com.kms.katalon.core.keyword.builtin.CallTestCaseKeyword$_callTestCase_closure1.call(CallTestCaseKeyword.groovy)
	at com.kms.katalon.core.keyword.internal.KeywordMain.runKeyword(KeywordMain.groovy:54)
	at com.kms.katalon.core.keyword.builtin.CallTestCaseKeyword.callTestCase(CallTestCaseKeyword.groovy:81)
	at com.kms.katalon.core.keyword.builtin.CallTestCaseKeyword.execute(CallTestCaseKeyword.groovy:45)
	at com.kms.katalon.core.keyword.internal.KeywordExecutor.executeKeywordForPlatform(KeywordExecutor.groovy:53)
	at com.kms.katalon.core.keyword.BuiltinKeywords.callTestCase(BuiltinKeywords.groovy:334)
	at sun.reflect.GeneratedMethodAccessor13.invoke(Unknown Source)
	at sun.reflect.DelegatingMethodAccessorImpl.invoke(DelegatingMethodAccessorImpl.java:43)
	at java.lang.reflect.Method.invoke(Method.java:498)
	at org.codehaus.groovy.reflection.CachedMethod.invoke(CachedMethod.java:93)
	at groovy.lang.MetaMethod.doMethodInvoke(MetaMethod.java:325)
	at groovy.lang.MetaClassImpl.invokeStaticMethod(MetaClassImpl.java:1469)
	at org.codehaus.groovy.runtime.callsite.StaticMetaClassSite.call(StaticMetaClassSite.java:53)
	at org.codehaus.groovy.runtime.callsite.AbstractCallSite.call(AbstractCallSite.java:141)
	at Script1536043843412.run(Script1536043843412.groovy:34)
	at com.kms.katalon.core.main.ScriptEngine.run(ScriptEngine.java:183)
	at com.kms.katalon.core.main.ScriptEngine.runScriptAsRawText(ScriptEngine.java:108)
	at com.kms.katalon.core.main.TestCaseExecutor.runScript(TestCaseExecutor.java:294)
	at com.kms.katalon.core.main.TestCaseExecutor.doExecute(TestCaseExecutor.java:285)
	at com.kms.katalon.core.main.TestCaseExecutor.processExecutionPhase(TestCaseExecutor.java:264)
	at com.kms.katalon.core.main.TestCaseExecutor.accessMainPhase(TestCaseExecutor.java:256)
	at com.kms.katalon.core.main.TestCaseExecutor.execute(TestCaseExecutor.java:200)
	at com.kms.katalon.core.main.TestCaseMain.runTestCase(TestCaseMain.java:99)
	at com.kms.katalon.core.keyword.builtin.CallTestCaseKeyword$_callTestCase_closure1.doCall(CallTestCaseKeyword.groovy:60)
	at com.kms.katalon.core.keyword.builtin.CallTestCaseKeyword$_callTestCase_closure1.call(CallTestCaseKeyword.groovy)
	at com.kms.katalon.core.keyword.internal.KeywordMain.runKeyword(KeywordMain.groovy:54)
	at com.kms.katalon.core.keyword.builtin.CallTestCaseKeyword.callTestCase(CallTestCaseKeyword.groovy:81)
	at com.kms.katalon.core.keyword.builtin.CallTestCaseKeyword.execute(CallTestCaseKeyword.groovy:45)
	at com.kms.katalon.core.keyword.internal.KeywordExecutor.executeKeywordForPlatform(KeywordExecutor.groovy:53)
	at com.kms.katalon.core.keyword.BuiltinKeywords.callTestCase(BuiltinKeywords.groovy:334)
	at sun.reflect.GeneratedMethodAccessor13.invoke(Unknown Source)
	at sun.reflect.DelegatingMethodAccessorImpl.invoke(DelegatingMethodAccessorImpl.java:43)
	at java.lang.reflect.Method.invoke(Method.java:498)
	at org.codehaus.groovy.reflection.CachedMethod.invoke(CachedMethod.java:93)
	at groovy.lang.MetaMethod.doMethodInvoke(MetaMethod.java:325)
	at groovy.lang.MetaClassImpl.invokeStaticMethod(MetaClassImpl.java:1469)
	at org.codehaus.groovy.runtime.callsite.StaticMetaClassSite.call(StaticMetaClassSite.java:53)
	at org.codehaus.groovy.runtime.callsite.CallSiteArray.defaultCall(CallSiteArray.java:48)
	at org.codehaus.groovy.runtime.callsite.AbstractCallSite.call(AbstractCallSite.java:113)
	at org.codehaus.groovy.runtime.callsite.AbstractCallSite.call(AbstractCallSite.java:141)
	at Script1536204583402.run(Script1536204583402.groovy:25)
	at com.kms.katalon.core.main.ScriptEngine.run(ScriptEngine.java:183)
	at com.kms.katalon.core.main.ScriptEngine.runScriptAsRawText(ScriptEngine.java:108)
	at com.kms.katalon.core.main.TestCaseExecutor.runScript(TestCaseExecutor.java:294)
	at com.kms.katalon.core.main.TestCaseExecutor.doExecute(TestCaseExecutor.java:285)
	at com.kms.katalon.core.main.TestCaseExecutor.processExecutionPhase(TestCaseExecutor.java:264)
	at com.kms.katalon.core.main.TestCaseExecutor.accessMainPhase(TestCaseExecutor.java:256)
	at com.kms.katalon.core.main.TestCaseExecutor.execute(TestCaseExecutor.java:200)
	at com.kms.katalon.core.main.TestSuiteExecutor.accessTestCaseMainPhase(TestSuiteExecutor.java:129)
	at com.kms.katalon.core.main.TestSuiteExecutor.accessTestSuiteMainPhase(TestSuiteExecutor.java:112)
	at com.kms.katalon.core.main.TestSuiteExecutor.execute(TestSuiteExecutor.java:81)
	at com.kms.katalon.core.main.TestCaseMain.startTestSuite(TestCaseMain.java:142)
	at com.kms.katalon.core.main.TestCaseMain$startTestSuite$0.call(Unknown Source)
	at org.codehaus.groovy.runtime.callsite.CallSiteArray.defaultCall(CallSiteArray.java:48)
	at org.codehaus.groovy.runtime.callsite.AbstractCallSite.call(AbstractCallSite.java:113)
	at org.codehaus.groovy.runtime.callsite.AbstractCallSite.call(AbstractCallSite.java:141)
	at TempTestSuite1540025489648.run(TempTestSuite1540025489648.groovy:36)
	at groovy.lang.GroovyShell.runScriptOrMainOrTestOrRunnable(GroovyShell.java:263)
	at groovy.lang.GroovyShell.run(GroovyShell.java:518)
	at groovy.lang.GroovyShell.run(GroovyShell.java:507)
	at groovy.ui.GroovyMain.processOnce(GroovyMain.java:653)
	at groovy.ui.GroovyMain.run(GroovyMain.java:384)
	at groovy.ui.GroovyMain.process(GroovyMain.java:370)
	at groovy.ui.GroovyMain.processArgs(GroovyMain.java:129)
	at groovy.ui.GroovyMain.main(GroovyMain.java:109)
	at sun.reflect.NativeMethodAccessorImpl.invoke0(Native Method)
	at sun.reflect.NativeMethodAccessorImpl.invoke(NativeMethodAccessorImpl.java:62)
	at sun.reflect.DelegatingMethodAccessorImpl.invoke(DelegatingMethodAccessorImpl.java:43)
	at java.lang.reflect.Method.invoke(Method.java:498)
	at org.codehaus.groovy.tools.GroovyStarter.rootLoader(GroovyStarter.java:109)
	at org.codehaus.groovy.tools.GroovyStarter.main(GroovyStarter.java:131)
)

2018-10-20 23:55:34 - [TEST_STEP][PASSED] - callTestCase: Call Test Case 'Test Cases/Final Aug 2018 - PKS Automation/Registration Module/Workflow/Form 3 EIS - Cessation As Employer/Template/Form 3 A - Cessation As Employer (PKRBO)' successfully

2018-10-20 23:55:34 - [TEST_CASE][PASSED] - Test Cases/Final Aug 2018 - PKS Automation/Registration Module/Workflow/Form 3 EIS - Cessation As Employer/Template/Form 3 A - Cessation As Employer (PKRBO): Test Cases/Final Aug 2018 - PKS Automation/Registration Module/Workflow/Form 3 EIS - Cessation As Employer/Template/Form 3 A - Cessation As Employer (PKRBO)

2018-10-20 23:55:34 - [TEST_STEP][PASSED] - openBrowser: Browser is opened with url: ''

2018-10-20 23:55:34 - [MESSAGE][WARNING] - A browser is already opened. Closing browser and opening a new one

2018-10-20 23:55:38 - [MESSAGE][PASSED] - Browser is opened with url: ''

2018-10-20 23:55:38 - [TEST_STEP][PASSED] - navigateToUrl: Navigate to 'https://assist2-uat.perkeso.gov.my/login' successfully

2018-10-20 23:55:40 - [MESSAGE][PASSED] - Navigate to 'https://assist2-uat.perkeso.gov.my/login' successfully

2018-10-20 23:55:40 - [TEST_STEP][PASSED] - setText: Text 'johorpkrbo1@gmail.com' is set on object 'Object Repository/Final Object Repo/Login Page/Internal User/Email Address'

2018-10-20 23:55:40 - [MESSAGE][PASSED] - Text 'johorpkrbo1@gmail.com' is set on object 'Object Repository/Final Object Repo/Login Page/Internal User/Email Address'

2018-10-20 23:55:40 - [TEST_STEP][PASSED] - click: Object: 'Object Repository/Final Object Repo/Login Page/Internal User/Next Button' is clicked on

2018-10-20 23:55:41 - [MESSAGE][PASSED] - Object: 'Object Repository/Final Object Repo/Login Page/Internal User/Next Button' is clicked on

2018-10-20 23:55:41 - [TEST_STEP][PASSED] - delay: Delayed 1 second(s)

2018-10-20 23:55:42 - [MESSAGE][PASSED] - Delayed 1 second(s)

2018-10-20 23:55:42 - [TEST_STEP][PASSED] - setEncryptedText: Text ****** has been set on object 'Object Repository/Final Object Repo/Login Page/Internal User/Password'

2018-10-20 23:55:42 - [MESSAGE][PASSED] - Text ****** has been set on object 'Object Repository/Final Object Repo/Login Page/Internal User/Password'

2018-10-20 23:55:42 - [TEST_STEP][PASSED] - click: Object: 'Object Repository/Final Object Repo/Login Page/Internal User/Login Button' is clicked on

2018-10-20 23:55:42 - [MESSAGE][PASSED] - Object: 'Object Repository/Final Object Repo/Login Page/Internal User/Login Button' is clicked on

2018-10-20 23:55:42 - [TEST_STEP][PASSED] - delay: Delayed 1 second(s)

2018-10-20 23:55:43 - [MESSAGE][PASSED] - Delayed 1 second(s)

2018-10-20 23:55:43 - [TEST_STEP][PASSED] - Statement - Try: Delayed 2 second(s)

2018-10-20 23:55:43 - [TEST_STEP][PASSED] - Statement - Checker = false: null

2018-10-20 23:55:43 - [TEST_STEP][PASSED] - Statement - Checker = com.kms.katalon.core.webui.keyword.WebUiBuiltInKeywords.verifyElementHasAttribute(com.kms.katalon.core.testobject.ObjectRepository.findTestObject(Final Object Repo/Landing Page/BM Detecting), "href", 20, OPTIONAL): Object 'Object Repository/Final Object Repo/Landing Page/BM Detecting' has attribute 'href'

2018-10-20 23:55:45 - [MESSAGE][PASSED] - Object 'Object Repository/Final Object Repo/Landing Page/BM Detecting' has attribute 'href'

2018-10-20 23:55:45 - [TEST_STEP][PASSED] - Statement - out.println(Checker): null

2018-10-20 23:55:45 - [TEST_STEP][PASSED] - Statement - If (Checker == false): null

2018-10-20 23:55:45 - [TEST_STEP][PASSED] - Statement - Else: null

2018-10-20 23:55:45 - [TEST_STEP][PASSED] - delay: Delayed 2 second(s)

2018-10-20 23:55:47 - [MESSAGE][PASSED] - Delayed 2 second(s)

2018-10-20 23:55:47 - [TEST_STEP][PASSED] - navigateToUrl: Navigate to 'https://assist2-uat.perkeso.gov.my/web/registration/eis-update/form-3-eis-cessation-as-employer' successfully

2018-10-20 23:55:48 - [MESSAGE][PASSED] - Navigate to 'https://assist2-uat.perkeso.gov.my/web/registration/eis-update/form-3-eis-cessation-as-employer' successfully

2018-10-20 23:55:48 - [TEST_STEP][PASSED] - delay: Delayed 1 second(s)

2018-10-20 23:55:49 - [MESSAGE][PASSED] - Delayed 1 second(s)

2018-10-20 23:55:49 - [TEST_STEP][PASSED] - setText: Text 'E1102069769W' is set on object 'Object Repository/Final Object Repo/Page_Form 3 EIS - Cessation as Employer/Employer Code'

2018-10-20 23:55:49 - [MESSAGE][PASSED] - Text 'E1102069769W' is set on object 'Object Repository/Final Object Repo/Page_Form 3 EIS - Cessation as Employer/Employer Code'

2018-10-20 23:55:49 - [TEST_STEP][PASSED] - click: Object: 'Object Repository/Final Object Repo/Page_Form 3 EIS - Cessation as Employer/Search' is clicked on

2018-10-20 23:55:49 - [MESSAGE][PASSED] - Object: 'Object Repository/Final Object Repo/Page_Form 3 EIS - Cessation as Employer/Search' is clicked on

2018-10-20 23:55:49 - [TEST_STEP][PASSED] - click: Object: 'Object Repository/Final Object Repo/Page_Form 3 EIS - Cessation as Employer/Edit' is clicked on

2018-10-20 23:55:51 - [MESSAGE][PASSED] - Object: 'Object Repository/Final Object Repo/Page_Form 3 EIS - Cessation as Employer/Edit' is clicked on

2018-10-20 23:55:51 - [TEST_STEP][PASSED] - delay: Delayed 1 second(s)

2018-10-20 23:55:52 - [MESSAGE][PASSED] - Delayed 1 second(s)

2018-10-20 23:55:52 - [TEST_STEP][PASSED] - Statement - abc = com.kms.katalon.core.webui.keyword.WebUiBuiltInKeywords.getAttribute(com.kms.katalon.core.testobject.ObjectRepository.findTestObject(Final Object Repo/Page_Form 3 EIS - Cessation as Employer/Employer Status), "value"): Attribute 'value' of object 'Object Repository/Final Object Repo/Page_Form 3 EIS - Cessation as Employer/Employer Status' is: 'Active'

2018-10-20 23:55:52 - [MESSAGE][PASSED] - Attribute 'value' of object 'Object Repository/Final Object Repo/Page_Form 3 EIS - Cessation as Employer/Employer Status' is: 'Active'

2018-10-20 23:55:52 - [TEST_STEP][PASSED] - Statement - out.println(abc): null

2018-10-20 23:55:52 - [TEST_STEP][PASSED] - Statement - If (abc == "Active"): Object: 'Object Repository/Final Object Repo/Page_Form 3 EIS - Cessation as Employer/Dormant EIS' is clicked on

2018-10-20 23:55:52 - [TEST_STEP][PASSED] - click: Object: 'Object Repository/Final Object Repo/Page_Form 3 EIS - Cessation as Employer/Change Employer Status to' is clicked on

2018-10-20 23:55:53 - [MESSAGE][PASSED] - Object: 'Object Repository/Final Object Repo/Page_Form 3 EIS - Cessation as Employer/Change Employer Status to' is clicked on

2018-10-20 23:55:53 - [TEST_STEP][PASSED] - click: Object: 'Object Repository/Final Object Repo/Page_Form 3 EIS - Cessation as Employer/Dormant EIS' is clicked on

2018-10-20 23:55:53 - [MESSAGE][PASSED] - Object: 'Object Repository/Final Object Repo/Page_Form 3 EIS - Cessation as Employer/Dormant EIS' is clicked on

2018-10-20 23:55:53 - [TEST_STEP][PASSED] - click: Object: 'Object Repository/Final Object Repo/Page_Form 3 EIS - Cessation as Employer/Calender' is clicked on

2018-10-20 23:55:53 - [MESSAGE][PASSED] - Object: 'Object Repository/Final Object Repo/Page_Form 3 EIS - Cessation as Employer/Calender' is clicked on

2018-10-20 23:55:53 - [TEST_STEP][PASSED] - delay: Delayed 1 second(s)

2018-10-20 23:55:54 - [MESSAGE][PASSED] - Delayed 1 second(s)

2018-10-20 23:55:54 - [TEST_STEP][PASSED] - click: Object: 'Object Repository/Final Object Repo/Page_Form 3 EIS - Cessation as Employer/Calender - Date' is clicked on

2018-10-20 23:55:54 - [MESSAGE][PASSED] - Object: 'Object Repository/Final Object Repo/Page_Form 3 EIS - Cessation as Employer/Calender - Date' is clicked on

2018-10-20 23:55:54 - [TEST_STEP][PASSED] - click: Object: 'Object Repository/Final Object Repo/Page_Form 3 EIS - Cessation as Employer/Save  Continue in Form 3 EIS Page' is clicked on

2018-10-20 23:55:54 - [MESSAGE][PASSED] - Object: 'Object Repository/Final Object Repo/Page_Form 3 EIS - Cessation as Employer/Save  Continue in Form 3 EIS Page' is clicked on

2018-10-20 23:55:54 - [TEST_STEP][PASSED] - delay: Delayed 1 second(s)

2018-10-20 23:55:55 - [MESSAGE][PASSED] - Delayed 1 second(s)

2018-10-20 23:55:55 - [TEST_STEP][PASSED] - click: Object: 'Object Repository/Final Object Repo/Page_Form 3 EIS - Cessation as Employer/Employment Resign Date' is clicked on

2018-10-20 23:55:56 - [MESSAGE][PASSED] - Object: 'Object Repository/Final Object Repo/Page_Form 3 EIS - Cessation as Employer/Employment Resign Date' is clicked on

2018-10-20 23:55:56 - [TEST_STEP][PASSED] - selectOptionByValue: All options with value '2018' are selected in object 'Object Repository/Final Object Repo/Page_Form 3 EIS - Cessation as Employer/Employment Resign Date - Year' 

2018-10-20 23:55:56 - [MESSAGE][PASSED] - All options with value '2018' are selected in object 'Object Repository/Final Object Repo/Page_Form 3 EIS - Cessation as Employer/Employment Resign Date - Year' 

2018-10-20 23:55:56 - [TEST_STEP][PASSED] - delay: Delayed 2 second(s)

2018-10-20 23:55:58 - [MESSAGE][PASSED] - Delayed 2 second(s)

2018-10-20 23:55:58 - [TEST_STEP][PASSED] - click: Object: 'Object Repository/Final Object Repo/Page_Form 3 EIS - Cessation as Employer/Employment Resign Date - Year - Date' is clicked on

2018-10-20 23:55:58 - [MESSAGE][PASSED] - Object: 'Object Repository/Final Object Repo/Page_Form 3 EIS - Cessation as Employer/Employment Resign Date - Year - Date' is clicked on

2018-10-20 23:55:58 - [TEST_STEP][PASSED] - delay: Delayed 2 second(s)

2018-10-20 23:56:00 - [MESSAGE][PASSED] - Delayed 2 second(s)

2018-10-20 23:56:00 - [TEST_STEP][PASSED] - click: Object: 'Object Repository/Final Object Repo/Page_Form 3 EIS - Cessation as Employer/Save  Continue in Employment Resign Page' is clicked on

2018-10-20 23:56:00 - [MESSAGE][PASSED] - Object: 'Object Repository/Final Object Repo/Page_Form 3 EIS - Cessation as Employer/Save  Continue in Employment Resign Page' is clicked on

2018-10-20 23:56:00 - [TEST_STEP][PASSED] - delay: Delayed 2 second(s)

2018-10-20 23:56:02 - [MESSAGE][PASSED] - Delayed 2 second(s)

2018-10-20 23:56:02 - [TEST_STEP][PASSED] - click: Object: 'Object Repository/Final Object Repo/Page_Form 3 EIS - Cessation as Employer/Add Document' is clicked on

2018-10-20 23:56:04 - [MESSAGE][PASSED] - Object: 'Object Repository/Final Object Repo/Page_Form 3 EIS - Cessation as Employer/Add Document' is clicked on

2018-10-20 23:56:04 - [TEST_STEP][PASSED] - delay: Delayed 3 second(s)

2018-10-20 23:56:07 - [MESSAGE][PASSED] - Delayed 3 second(s)

2018-10-20 23:56:07 - [TEST_STEP][PASSED] - click: Object: 'Object Repository/Final Object Repo/Page_Form 3 EIS - Cessation as Employer/Document Type' is clicked on

2018-10-20 23:56:07 - [MESSAGE][PASSED] - Object: 'Object Repository/Final Object Repo/Page_Form 3 EIS - Cessation as Employer/Document Type' is clicked on

2018-10-20 23:56:07 - [TEST_STEP][PASSED] - click: Object: 'Object Repository/Final Object Repo/Page_Form 3 EIS - Cessation as Employer/Document Type - Form 3' is clicked on

2018-10-20 23:56:07 - [MESSAGE][PASSED] - Object: 'Object Repository/Final Object Repo/Page_Form 3 EIS - Cessation as Employer/Document Type - Form 3' is clicked on

2018-10-20 23:56:07 - [TEST_STEP][PASSED] - delay: Delayed 2 second(s)

2018-10-20 23:56:09 - [MESSAGE][PASSED] - Delayed 2 second(s)

2018-10-20 23:56:09 - [TEST_STEP][PASSED] - sendKeys: Keys 'C:\Users\Public\Pictures\Sample Pictures\Act.jpg' sent to object: 'Object Repository/Final Object Repo/Page_Form 3 EIS - Cessation as Employer/ploading File'

2018-10-20 23:56:09 - [MESSAGE][PASSED] - Keys 'C:\Users\Public\Pictures\Sample Pictures\Act.jpg' sent to object: 'Object Repository/Final Object Repo/Page_Form 3 EIS - Cessation as Employer/ploading File'

2018-10-20 23:56:09 - [TEST_STEP][PASSED] - delay: Delayed 1 second(s)

2018-10-20 23:56:10 - [MESSAGE][PASSED] - Delayed 1 second(s)

2018-10-20 23:56:10 - [TEST_STEP][PASSED] - click: Object: 'Object Repository/Final Object Repo/Page_Form 3 EIS - Cessation as Employer/Add Document in Uploading Page' is clicked on

2018-10-20 23:56:11 - [MESSAGE][PASSED] - Object: 'Object Repository/Final Object Repo/Page_Form 3 EIS - Cessation as Employer/Add Document in Uploading Page' is clicked on

2018-10-20 23:56:11 - [TEST_STEP][PASSED] - delay: Delayed 2 second(s)

2018-10-20 23:56:13 - [MESSAGE][PASSED] - Delayed 2 second(s)

2018-10-20 23:56:13 - [TEST_STEP][PASSED] - Statement - CaseReferenceNo = com.kms.katalon.core.webui.keyword.WebUiBuiltInKeywords.getText(com.kms.katalon.core.testobject.ObjectRepository.findTestObject(Final Object Repo/Page_Update Employer Information/Reference Number in Update Employee Information Page)): Text of object 'Object Repository/Final Object Repo/Page_Update Employer Information/Reference Number in Update Employee Information Page' is: 'ERN102018C200002205'

2018-10-20 23:56:16 - [MESSAGE][PASSED] - Text of object 'Object Repository/Final Object Repo/Page_Update Employer Information/Reference Number in Update Employee Information Page' is: 'ERN102018C200002205'

2018-10-20 23:56:16 - [TEST_STEP][PASSED] - callTestCase: Call Test Case 'Test Cases/Final Aug 2018 - PKS Automation/Common/Reference Number Setter' successfully

2018-10-20 23:56:16 - [TEST_CASE][PASSED] - Test Cases/Final Aug 2018 - PKS Automation/Common/Reference Number Setter: Test Cases/Final Aug 2018 - PKS Automation/Common/Reference Number Setter

2018-10-20 23:56:16 - [TEST_STEP][PASSED] - Statement - RefNoOldFile = new java.io.File(C://KatalonReference.txt): null

2018-10-20 23:56:16 - [TEST_STEP][PASSED] - Statement - RefNoOldFile.delete(): null

2018-10-20 23:56:16 - [TEST_STEP][PASSED] - Statement - RefNo = new java.io.File(C://KatalonReference.txt): null

2018-10-20 23:56:16 - [TEST_STEP][PASSED] - Statement - RefNo.append(CaseReferenceNo): null

2018-10-20 23:56:16 - [TEST_STEP][PASSED] - Statement - out.println("


" + CaseReferenceNo + "


"): null

2018-10-20 23:56:16 - [MESSAGE][PASSED] - Call Test Case 'Test Cases/Final Aug 2018 - PKS Automation/Common/Reference Number Setter' successfully

2018-10-20 23:56:16 - [TEST_STEP][PASSED] - delay: Delayed 2 second(s)

2018-10-20 23:56:18 - [MESSAGE][PASSED] - Delayed 2 second(s)

2018-10-20 23:56:18 - [TEST_STEP][PASSED] - click: Object: 'Object Repository/Final Object Repo/Page_Form 3 EIS - Cessation as Employer/Save  Continue in Uploading Page' is clicked on

2018-10-20 23:56:18 - [MESSAGE][PASSED] - Object: 'Object Repository/Final Object Repo/Page_Form 3 EIS - Cessation as Employer/Save  Continue in Uploading Page' is clicked on

2018-10-20 23:56:18 - [TEST_STEP][PASSED] - delay: Delayed 2 second(s)

2018-10-20 23:56:20 - [MESSAGE][PASSED] - Delayed 2 second(s)

2018-10-20 23:56:20 - [TEST_STEP][PASSED] - click: Object: 'Object Repository/Final Object Repo/Page_Form 3 EIS - Cessation as Employer/Submit' is clicked on

2018-10-20 23:56:23 - [MESSAGE][PASSED] - Object: 'Object Repository/Final Object Repo/Page_Form 3 EIS - Cessation as Employer/Submit' is clicked on

2018-10-20 23:56:23 - [TEST_STEP][PASSED] - delay: Delayed 2 second(s)

2018-10-20 23:56:25 - [MESSAGE][PASSED] - Delayed 2 second(s)

2018-10-20 23:56:25 - [TEST_STEP][PASSED] - click: Object: 'Object Repository/Final Object Repo/Page_Form 3 EIS - Cessation as Employer/Confirm' is clicked on

2018-10-20 23:56:25 - [MESSAGE][PASSED] - Object: 'Object Repository/Final Object Repo/Page_Form 3 EIS - Cessation as Employer/Confirm' is clicked on

2018-10-20 23:56:25 - [TEST_STEP][PASSED] - delay: Delayed 2 second(s)

2018-10-20 23:56:27 - [MESSAGE][PASSED] - Delayed 2 second(s)

2018-10-20 23:56:27 - [TEST_STEP][PASSED] - click: Object: 'Object Repository/Final Object Repo/Page_Form 3 EIS - Cessation as Employer/Message Your Request will be routed to UO' is clicked on

2018-10-20 23:56:31 - [MESSAGE][PASSED] - Object: 'Object Repository/Final Object Repo/Page_Form 3 EIS - Cessation as Employer/Message Your Request will be routed to UO' is clicked on

2018-10-20 23:56:31 - [TEST_STEP][PASSED] - click: Object: 'Object Repository/Final Object Repo/Page_Form 3 EIS - Cessation as Employer/Letter of acknowledgement' is clicked on

2018-10-20 23:56:32 - [MESSAGE][PASSED] - Object: 'Object Repository/Final Object Repo/Page_Form 3 EIS - Cessation as Employer/Letter of acknowledgement' is clicked on

2018-10-20 23:56:32 - [MESSAGE][PASSED] - Call Test Case 'Test Cases/Final Aug 2018 - PKS Automation/Registration Module/Workflow/Form 3 EIS - Cessation As Employer/Template/Form 3 A - Cessation As Employer (PKRBO)' successfully

2018-10-20 23:56:32 - [TEST_STEP][FAILED] - callTestCase: Unable to call Test Case with id 'Test Cases/Final Aug 2018 - PKS Automation/Registration Module/Workflow/Form 3 EIS - Cessation As Employer/Template/Form 3 A - Cessation As Employer (Approve)' (Root cause: Call Test Case 'Test Cases/Final Aug 2018 - PKS Automation/Registration Module/Workflow/Form 3 EIS - Cessation As Employer/Template/Form 3 A - Cessation As Employer (Approve)' failed)

2018-10-20 23:56:32 - [TEST_CASE][FAILED] - Test Cases/Final Aug 2018 - PKS Automation/Registration Module/Workflow/Form 3 EIS - Cessation As Employer/Template/Form 3 A - Cessation As Employer (Approve): Test Cases/Final Aug 2018 - PKS Automation/Registration Module/Workflow/Form 3 EIS - Cessation As Employer/Template/Form 3 A - Cessation As Employer (Approve) FAILED because (of) (Stack trace: com.kms.katalon.core.exception.StepFailedException: Unable to click on object 'Object Repository/Final Object Repo/Landing Page/Select to English' (Root cause: com.kms.katalon.core.webui.exception.WebElementNotFoundException: Web element with id: 'Object Repository/Final Object Repo/Landing Page/Select to English' located by 'By.xpath: //a[@class = 'taglib-language-list-text' and @lang = 'en-US' and (contains(text(), 'EN') or contains(., 'EN'))]' not found)
	at com.kms.katalon.core.keyword.internal.KeywordMain.stepFailed(KeywordMain.groovy:32)
	at com.kms.katalon.core.webui.keyword.internal.WebUIKeywordMain.stepFailed(WebUIKeywordMain.groovy:65)
	at com.kms.katalon.core.webui.keyword.internal.WebUIKeywordMain.runKeyword(WebUIKeywordMain.groovy:27)
	at com.kms.katalon.core.webui.keyword.builtin.ClickKeyword.click(ClickKeyword.groovy:86)
	at com.kms.katalon.core.webui.keyword.builtin.ClickKeyword.execute(ClickKeyword.groovy:67)
	at com.kms.katalon.core.keyword.internal.KeywordExecutor.executeKeywordForPlatform(KeywordExecutor.groovy:53)
	at com.kms.katalon.core.webui.keyword.WebUiBuiltInKeywords.click(WebUiBuiltInKeywords.groovy:604)
	at com.kms.katalon.core.webui.keyword.WebUiBuiltInKeywords$click$8.call(Unknown Source)
	at Script1534407542420.run(Script1534407542420.groovy:57)
	at com.kms.katalon.core.main.ScriptEngine.run(ScriptEngine.java:183)
	at com.kms.katalon.core.main.ScriptEngine.runScriptAsRawText(ScriptEngine.java:108)
	at com.kms.katalon.core.main.TestCaseExecutor.runScript(TestCaseExecutor.java:294)
	at com.kms.katalon.core.main.TestCaseExecutor.doExecute(TestCaseExecutor.java:285)
	at com.kms.katalon.core.main.TestCaseExecutor.processExecutionPhase(TestCaseExecutor.java:264)
	at com.kms.katalon.core.main.TestCaseExecutor.accessMainPhase(TestCaseExecutor.java:256)
	at com.kms.katalon.core.main.TestCaseExecutor.execute(TestCaseExecutor.java:200)
	at com.kms.katalon.core.main.TestCaseMain.runTestCase(TestCaseMain.java:99)
	at com.kms.katalon.core.keyword.builtin.CallTestCaseKeyword$_callTestCase_closure1.doCall(CallTestCaseKeyword.groovy:60)
	at com.kms.katalon.core.keyword.builtin.CallTestCaseKeyword$_callTestCase_closure1.call(CallTestCaseKeyword.groovy)
	at com.kms.katalon.core.keyword.internal.KeywordMain.runKeyword(KeywordMain.groovy:54)
	at com.kms.katalon.core.keyword.builtin.CallTestCaseKeyword.callTestCase(CallTestCaseKeyword.groovy:81)
	at com.kms.katalon.core.keyword.builtin.CallTestCaseKeyword.execute(CallTestCaseKeyword.groovy:45)
	at com.kms.katalon.core.keyword.internal.KeywordExecutor.executeKeywordForPlatform(KeywordExecutor.groovy:53)
	at com.kms.katalon.core.keyword.BuiltinKeywords.callTestCase(BuiltinKeywords.groovy:334)
	at sun.reflect.GeneratedMethodAccessor13.invoke(Unknown Source)
	at sun.reflect.DelegatingMethodAccessorImpl.invoke(DelegatingMethodAccessorImpl.java:43)
	at java.lang.reflect.Method.invoke(Method.java:498)
	at org.codehaus.groovy.reflection.CachedMethod.invoke(CachedMethod.java:93)
	at groovy.lang.MetaMethod.doMethodInvoke(MetaMethod.java:325)
	at groovy.lang.MetaClassImpl.invokeStaticMethod(MetaClassImpl.java:1469)
	at org.codehaus.groovy.runtime.callsite.StaticMetaClassSite.call(StaticMetaClassSite.java:53)
	at org.codehaus.groovy.runtime.callsite.AbstractCallSite.call(AbstractCallSite.java:141)
	at Script1536043843412.run(Script1536043843412.groovy:34)
	at com.kms.katalon.core.main.ScriptEngine.run(ScriptEngine.java:183)
	at com.kms.katalon.core.main.ScriptEngine.runScriptAsRawText(ScriptEngine.java:108)
	at com.kms.katalon.core.main.TestCaseExecutor.runScript(TestCaseExecutor.java:294)
	at com.kms.katalon.core.main.TestCaseExecutor.doExecute(TestCaseExecutor.java:285)
	at com.kms.katalon.core.main.TestCaseExecutor.processExecutionPhase(TestCaseExecutor.java:264)
	at com.kms.katalon.core.main.TestCaseExecutor.accessMainPhase(TestCaseExecutor.java:256)
	at com.kms.katalon.core.main.TestCaseExecutor.execute(TestCaseExecutor.java:200)
	at com.kms.katalon.core.main.TestCaseMain.runTestCase(TestCaseMain.java:99)
	at com.kms.katalon.core.keyword.builtin.CallTestCaseKeyword$_callTestCase_closure1.doCall(CallTestCaseKeyword.groovy:60)
	at com.kms.katalon.core.keyword.builtin.CallTestCaseKeyword$_callTestCase_closure1.call(CallTestCaseKeyword.groovy)
	at com.kms.katalon.core.keyword.internal.KeywordMain.runKeyword(KeywordMain.groovy:54)
	at com.kms.katalon.core.keyword.builtin.CallTestCaseKeyword.callTestCase(CallTestCaseKeyword.groovy:81)
	at com.kms.katalon.core.keyword.builtin.CallTestCaseKeyword.execute(CallTestCaseKeyword.groovy:45)
	at com.kms.katalon.core.keyword.internal.KeywordExecutor.executeKeywordForPlatform(KeywordExecutor.groovy:53)
	at com.kms.katalon.core.keyword.BuiltinKeywords.callTestCase(BuiltinKeywords.groovy:334)
	at sun.reflect.GeneratedMethodAccessor13.invoke(Unknown Source)
	at sun.reflect.DelegatingMethodAccessorImpl.invoke(DelegatingMethodAccessorImpl.java:43)
	at java.lang.reflect.Method.invoke(Method.java:498)
	at org.codehaus.groovy.reflection.CachedMethod.invoke(CachedMethod.java:93)
	at groovy.lang.MetaMethod.doMethodInvoke(MetaMethod.java:325)
	at groovy.lang.MetaClassImpl.invokeStaticMethod(MetaClassImpl.java:1469)
	at org.codehaus.groovy.runtime.callsite.StaticMetaClassSite.call(StaticMetaClassSite.java:53)
	at org.codehaus.groovy.runtime.callsite.CallSiteArray.defaultCall(CallSiteArray.java:48)
	at org.codehaus.groovy.runtime.callsite.AbstractCallSite.call(AbstractCallSite.java:113)
	at org.codehaus.groovy.runtime.callsite.AbstractCallSite.call(AbstractCallSite.java:141)
	at Script1536204583402.run(Script1536204583402.groovy:25)
	at com.kms.katalon.core.main.ScriptEngine.run(ScriptEngine.java:183)
	at com.kms.katalon.core.main.ScriptEngine.runScriptAsRawText(ScriptEngine.java:108)
	at com.kms.katalon.core.main.TestCaseExecutor.runScript(TestCaseExecutor.java:294)
	at com.kms.katalon.core.main.TestCaseExecutor.doExecute(TestCaseExecutor.java:285)
	at com.kms.katalon.core.main.TestCaseExecutor.processExecutionPhase(TestCaseExecutor.java:264)
	at com.kms.katalon.core.main.TestCaseExecutor.accessMainPhase(TestCaseExecutor.java:256)
	at com.kms.katalon.core.main.TestCaseExecutor.execute(TestCaseExecutor.java:200)
	at com.kms.katalon.core.main.TestSuiteExecutor.accessTestCaseMainPhase(TestSuiteExecutor.java:129)
	at com.kms.katalon.core.main.TestSuiteExecutor.accessTestSuiteMainPhase(TestSuiteExecutor.java:112)
	at com.kms.katalon.core.main.TestSuiteExecutor.execute(TestSuiteExecutor.java:81)
	at com.kms.katalon.core.main.TestCaseMain.startTestSuite(TestCaseMain.java:142)
	at com.kms.katalon.core.main.TestCaseMain$startTestSuite$0.call(Unknown Source)
	at org.codehaus.groovy.runtime.callsite.CallSiteArray.defaultCall(CallSiteArray.java:48)
	at org.codehaus.groovy.runtime.callsite.AbstractCallSite.call(AbstractCallSite.java:113)
	at org.codehaus.groovy.runtime.callsite.AbstractCallSite.call(AbstractCallSite.java:141)
	at TempTestSuite1540025489648.run(TempTestSuite1540025489648.groovy:36)
	at groovy.lang.GroovyShell.runScriptOrMainOrTestOrRunnable(GroovyShell.java:263)
	at groovy.lang.GroovyShell.run(GroovyShell.java:518)
	at groovy.lang.GroovyShell.run(GroovyShell.java:507)
	at groovy.ui.GroovyMain.processOnce(GroovyMain.java:653)
	at groovy.ui.GroovyMain.run(GroovyMain.java:384)
	at groovy.ui.GroovyMain.process(GroovyMain.java:370)
	at groovy.ui.GroovyMain.processArgs(GroovyMain.java:129)
	at groovy.ui.GroovyMain.main(GroovyMain.java:109)
	at sun.reflect.NativeMethodAccessorImpl.invoke0(Native Method)
	at sun.reflect.NativeMethodAccessorImpl.invoke(NativeMethodAccessorImpl.java:62)
	at sun.reflect.DelegatingMethodAccessorImpl.invoke(DelegatingMethodAccessorImpl.java:43)
	at java.lang.reflect.Method.invoke(Method.java:498)
	at org.codehaus.groovy.tools.GroovyStarter.rootLoader(GroovyStarter.java:109)
	at org.codehaus.groovy.tools.GroovyStarter.main(GroovyStarter.java:131)
)

2018-10-20 23:56:32 - [TEST_STEP][NOT_RUN] - callTestCase: NOT_RUN: callTestCase

2018-10-20 23:56:32 - [MESSAGE][NOT_RUN] - NOT_RUN: callTestCase

2018-10-20 23:56:32 - [TEST_STEP][PASSED] - delay: Delayed 1 second(s)

2018-10-20 23:56:33 - [MESSAGE][PASSED] - Delayed 1 second(s)

2018-10-20 23:56:33 - [TEST_STEP][PASSED] - navigateToUrl: Navigate to 'https://assist2-uat.perkeso.gov.my/c/portal/logout' successfully

2018-10-20 23:56:34 - [MESSAGE][PASSED] - Navigate to 'https://assist2-uat.perkeso.gov.my/c/portal/logout' successfully

2018-10-20 23:56:34 - [TEST_STEP][PASSED] - delay: Delayed 1 second(s)

2018-10-20 23:56:35 - [MESSAGE][PASSED] - Delayed 1 second(s)

2018-10-20 23:56:35 - [TEST_STEP][PASSED] - callTestCase: Call Test Case 'Test Cases/Final Aug 2018 - PKS Automation/Common/Reference Number Getter' successfully

2018-10-20 23:56:35 - [TEST_CASE][PASSED] - Test Cases/Final Aug 2018 - PKS Automation/Common/Reference Number Getter: Test Cases/Final Aug 2018 - PKS Automation/Common/Reference Number Getter

2018-10-20 23:56:35 - [TEST_STEP][PASSED] - Statement - Try: null

2018-10-20 23:56:35 - [TEST_STEP][PASSED] - Statement - RefNo = new java.io.File(C://KatalonReference.txt): null

2018-10-20 23:56:35 - [TEST_STEP][PASSED] - Statement - bufferread = new java.io.BufferedReader(new java.io.FileReader(RefNo)): null

2018-10-20 23:56:35 - [TEST_STEP][PASSED] - Statement - readedVal = bufferread.readLine(): null

2018-10-20 23:56:35 - [TEST_STEP][PASSED] - Statement - out.println(CaseReferenceNo): null

2018-10-20 23:56:35 - [TEST_STEP][PASSED] - Statement - out.println(readedVal): null

2018-10-20 23:56:35 - [TEST_STEP][PASSED] - Statement - CaseReferenceNo = readedVal: null

2018-10-20 23:56:35 - [MESSAGE][PASSED] - Call Test Case 'Test Cases/Final Aug 2018 - PKS Automation/Common/Reference Number Getter' successfully

2018-10-20 23:56:35 - [TEST_STEP][FAILED] - callTestCase: Unable to call Test Case with id 'Test Cases/Final Aug 2018 - PKS Automation/Common/Workflow Owner Finder' (Root cause: Call Test Case 'Test Cases/Final Aug 2018 - PKS Automation/Common/Workflow Owner Finder' failed)

2018-10-20 23:56:35 - [TEST_CASE][FAILED] - Test Cases/Final Aug 2018 - PKS Automation/Common/Workflow Owner Finder: Test Cases/Final Aug 2018 - PKS Automation/Common/Workflow Owner Finder FAILED because (of) (Stack trace: com.kms.katalon.core.exception.StepFailedException: Unable to click on object 'Object Repository/Final Object Repo/Landing Page/Select to English' (Root cause: com.kms.katalon.core.webui.exception.WebElementNotFoundException: Web element with id: 'Object Repository/Final Object Repo/Landing Page/Select to English' located by 'By.xpath: //a[@class = 'taglib-language-list-text' and @lang = 'en-US' and (contains(text(), 'EN') or contains(., 'EN'))]' not found)
	at com.kms.katalon.core.keyword.internal.KeywordMain.stepFailed(KeywordMain.groovy:32)
	at com.kms.katalon.core.webui.keyword.internal.WebUIKeywordMain.stepFailed(WebUIKeywordMain.groovy:65)
	at com.kms.katalon.core.webui.keyword.internal.WebUIKeywordMain.runKeyword(WebUIKeywordMain.groovy:27)
	at com.kms.katalon.core.webui.keyword.builtin.ClickKeyword.click(ClickKeyword.groovy:86)
	at com.kms.katalon.core.webui.keyword.builtin.ClickKeyword.execute(ClickKeyword.groovy:67)
	at com.kms.katalon.core.keyword.internal.KeywordExecutor.executeKeywordForPlatform(KeywordExecutor.groovy:53)
	at com.kms.katalon.core.webui.keyword.WebUiBuiltInKeywords.click(WebUiBuiltInKeywords.groovy:604)
	at com.kms.katalon.core.webui.keyword.WebUiBuiltInKeywords$click$8.call(Unknown Source)
	at Script1534407542420.run(Script1534407542420.groovy:57)
	at com.kms.katalon.core.main.ScriptEngine.run(ScriptEngine.java:183)
	at com.kms.katalon.core.main.ScriptEngine.runScriptAsRawText(ScriptEngine.java:108)
	at com.kms.katalon.core.main.TestCaseExecutor.runScript(TestCaseExecutor.java:294)
	at com.kms.katalon.core.main.TestCaseExecutor.doExecute(TestCaseExecutor.java:285)
	at com.kms.katalon.core.main.TestCaseExecutor.processExecutionPhase(TestCaseExecutor.java:264)
	at com.kms.katalon.core.main.TestCaseExecutor.accessMainPhase(TestCaseExecutor.java:256)
	at com.kms.katalon.core.main.TestCaseExecutor.execute(TestCaseExecutor.java:200)
	at com.kms.katalon.core.main.TestCaseMain.runTestCase(TestCaseMain.java:99)
	at com.kms.katalon.core.keyword.builtin.CallTestCaseKeyword$_callTestCase_closure1.doCall(CallTestCaseKeyword.groovy:60)
	at com.kms.katalon.core.keyword.builtin.CallTestCaseKeyword$_callTestCase_closure1.call(CallTestCaseKeyword.groovy)
	at com.kms.katalon.core.keyword.internal.KeywordMain.runKeyword(KeywordMain.groovy:54)
	at com.kms.katalon.core.keyword.builtin.CallTestCaseKeyword.callTestCase(CallTestCaseKeyword.groovy:81)
	at com.kms.katalon.core.keyword.builtin.CallTestCaseKeyword.execute(CallTestCaseKeyword.groovy:45)
	at com.kms.katalon.core.keyword.internal.KeywordExecutor.executeKeywordForPlatform(KeywordExecutor.groovy:53)
	at com.kms.katalon.core.keyword.BuiltinKeywords.callTestCase(BuiltinKeywords.groovy:334)
	at sun.reflect.GeneratedMethodAccessor13.invoke(Unknown Source)
	at sun.reflect.DelegatingMethodAccessorImpl.invoke(DelegatingMethodAccessorImpl.java:43)
	at java.lang.reflect.Method.invoke(Method.java:498)
	at org.codehaus.groovy.reflection.CachedMethod.invoke(CachedMethod.java:93)
	at groovy.lang.MetaMethod.doMethodInvoke(MetaMethod.java:325)
	at groovy.lang.MetaClassImpl.invokeStaticMethod(MetaClassImpl.java:1469)
	at org.codehaus.groovy.runtime.callsite.StaticMetaClassSite.call(StaticMetaClassSite.java:53)
	at org.codehaus.groovy.runtime.callsite.AbstractCallSite.call(AbstractCallSite.java:141)
	at Script1536043843412.run(Script1536043843412.groovy:34)
	at com.kms.katalon.core.main.ScriptEngine.run(ScriptEngine.java:183)
	at com.kms.katalon.core.main.ScriptEngine.runScriptAsRawText(ScriptEngine.java:108)
	at com.kms.katalon.core.main.TestCaseExecutor.runScript(TestCaseExecutor.java:294)
	at com.kms.katalon.core.main.TestCaseExecutor.doExecute(TestCaseExecutor.java:285)
	at com.kms.katalon.core.main.TestCaseExecutor.processExecutionPhase(TestCaseExecutor.java:264)
	at com.kms.katalon.core.main.TestCaseExecutor.accessMainPhase(TestCaseExecutor.java:256)
	at com.kms.katalon.core.main.TestCaseExecutor.execute(TestCaseExecutor.java:200)
	at com.kms.katalon.core.main.TestCaseMain.runTestCase(TestCaseMain.java:99)
	at com.kms.katalon.core.keyword.builtin.CallTestCaseKeyword$_callTestCase_closure1.doCall(CallTestCaseKeyword.groovy:60)
	at com.kms.katalon.core.keyword.builtin.CallTestCaseKeyword$_callTestCase_closure1.call(CallTestCaseKeyword.groovy)
	at com.kms.katalon.core.keyword.internal.KeywordMain.runKeyword(KeywordMain.groovy:54)
	at com.kms.katalon.core.keyword.builtin.CallTestCaseKeyword.callTestCase(CallTestCaseKeyword.groovy:81)
	at com.kms.katalon.core.keyword.builtin.CallTestCaseKeyword.execute(CallTestCaseKeyword.groovy:45)
	at com.kms.katalon.core.keyword.internal.KeywordExecutor.executeKeywordForPlatform(KeywordExecutor.groovy:53)
	at com.kms.katalon.core.keyword.BuiltinKeywords.callTestCase(BuiltinKeywords.groovy:334)
	at sun.reflect.GeneratedMethodAccessor13.invoke(Unknown Source)
	at sun.reflect.DelegatingMethodAccessorImpl.invoke(DelegatingMethodAccessorImpl.java:43)
	at java.lang.reflect.Method.invoke(Method.java:498)
	at org.codehaus.groovy.reflection.CachedMethod.invoke(CachedMethod.java:93)
	at groovy.lang.MetaMethod.doMethodInvoke(MetaMethod.java:325)
	at groovy.lang.MetaClassImpl.invokeStaticMethod(MetaClassImpl.java:1469)
	at org.codehaus.groovy.runtime.callsite.StaticMetaClassSite.call(StaticMetaClassSite.java:53)
	at org.codehaus.groovy.runtime.callsite.CallSiteArray.defaultCall(CallSiteArray.java:48)
	at org.codehaus.groovy.runtime.callsite.AbstractCallSite.call(AbstractCallSite.java:113)
	at org.codehaus.groovy.runtime.callsite.AbstractCallSite.call(AbstractCallSite.java:141)
	at Script1536204583402.run(Script1536204583402.groovy:25)
	at com.kms.katalon.core.main.ScriptEngine.run(ScriptEngine.java:183)
	at com.kms.katalon.core.main.ScriptEngine.runScriptAsRawText(ScriptEngine.java:108)
	at com.kms.katalon.core.main.TestCaseExecutor.runScript(TestCaseExecutor.java:294)
	at com.kms.katalon.core.main.TestCaseExecutor.doExecute(TestCaseExecutor.java:285)
	at com.kms.katalon.core.main.TestCaseExecutor.processExecutionPhase(TestCaseExecutor.java:264)
	at com.kms.katalon.core.main.TestCaseExecutor.accessMainPhase(TestCaseExecutor.java:256)
	at com.kms.katalon.core.main.TestCaseExecutor.execute(TestCaseExecutor.java:200)
	at com.kms.katalon.core.main.TestSuiteExecutor.accessTestCaseMainPhase(TestSuiteExecutor.java:129)
	at com.kms.katalon.core.main.TestSuiteExecutor.accessTestSuiteMainPhase(TestSuiteExecutor.java:112)
	at com.kms.katalon.core.main.TestSuiteExecutor.execute(TestSuiteExecutor.java:81)
	at com.kms.katalon.core.main.TestCaseMain.startTestSuite(TestCaseMain.java:142)
	at com.kms.katalon.core.main.TestCaseMain$startTestSuite$0.call(Unknown Source)
	at org.codehaus.groovy.runtime.callsite.CallSiteArray.defaultCall(CallSiteArray.java:48)
	at org.codehaus.groovy.runtime.callsite.AbstractCallSite.call(AbstractCallSite.java:113)
	at org.codehaus.groovy.runtime.callsite.AbstractCallSite.call(AbstractCallSite.java:141)
	at TempTestSuite1540025489648.run(TempTestSuite1540025489648.groovy:36)
	at groovy.lang.GroovyShell.runScriptOrMainOrTestOrRunnable(GroovyShell.java:263)
	at groovy.lang.GroovyShell.run(GroovyShell.java:518)
	at groovy.lang.GroovyShell.run(GroovyShell.java:507)
	at groovy.ui.GroovyMain.processOnce(GroovyMain.java:653)
	at groovy.ui.GroovyMain.run(GroovyMain.java:384)
	at groovy.ui.GroovyMain.process(GroovyMain.java:370)
	at groovy.ui.GroovyMain.processArgs(GroovyMain.java:129)
	at groovy.ui.GroovyMain.main(GroovyMain.java:109)
	at sun.reflect.NativeMethodAccessorImpl.invoke0(Native Method)
	at sun.reflect.NativeMethodAccessorImpl.invoke(NativeMethodAccessorImpl.java:62)
	at sun.reflect.DelegatingMethodAccessorImpl.invoke(DelegatingMethodAccessorImpl.java:43)
	at java.lang.reflect.Method.invoke(Method.java:498)
	at org.codehaus.groovy.tools.GroovyStarter.rootLoader(GroovyStarter.java:109)
	at org.codehaus.groovy.tools.GroovyStarter.main(GroovyStarter.java:131)
)

2018-10-20 23:56:35 - [TEST_STEP][PASSED] - openBrowser: Browser is opened with url: ''

2018-10-20 23:56:35 - [MESSAGE][WARNING] - A browser is already opened. Closing browser and opening a new one

2018-10-20 23:56:39 - [MESSAGE][PASSED] - Browser is opened with url: ''

2018-10-20 23:56:39 - [TEST_STEP][PASSED] - navigateToUrl: Navigate to 'https://assist2-uat.perkeso.gov.my/login' successfully

2018-10-20 23:56:41 - [MESSAGE][PASSED] - Navigate to 'https://assist2-uat.perkeso.gov.my/login' successfully

2018-10-20 23:56:41 - [TEST_STEP][PASSED] - delay: Delayed 5 second(s)

2018-10-20 23:56:46 - [MESSAGE][PASSED] - Delayed 5 second(s)

2018-10-20 23:56:46 - [TEST_STEP][PASSED] - setText: Text 'test@liferay.com' is set on object 'Object Repository/Final Object Repo/Login Page/Internal User/Email Address'

2018-10-20 23:56:47 - [MESSAGE][PASSED] - Text 'test@liferay.com' is set on object 'Object Repository/Final Object Repo/Login Page/Internal User/Email Address'

2018-10-20 23:56:47 - [TEST_STEP][PASSED] - click: Object: 'Object Repository/Final Object Repo/Login Page/Internal User/Next Button' is clicked on

2018-10-20 23:56:47 - [MESSAGE][PASSED] - Object: 'Object Repository/Final Object Repo/Login Page/Internal User/Next Button' is clicked on

2018-10-20 23:56:47 - [TEST_STEP][PASSED] - delay: Delayed 2 second(s)

2018-10-20 23:56:49 - [MESSAGE][PASSED] - Delayed 2 second(s)

2018-10-20 23:56:49 - [TEST_STEP][PASSED] - setText: Text 'test' is set on object 'Object Repository/Final Object Repo/Login Page/Internal User/Password'

2018-10-20 23:56:49 - [MESSAGE][PASSED] - Text 'test' is set on object 'Object Repository/Final Object Repo/Login Page/Internal User/Password'

2018-10-20 23:56:49 - [TEST_STEP][PASSED] - delay: Delayed 2 second(s)

2018-10-20 23:56:51 - [MESSAGE][PASSED] - Delayed 2 second(s)

2018-10-20 23:56:51 - [TEST_STEP][PASSED] - click: Object: 'Object Repository/Final Object Repo/Login Page/Internal User/Login Button' is clicked on

2018-10-20 23:56:51 - [MESSAGE][PASSED] - Object: 'Object Repository/Final Object Repo/Login Page/Internal User/Login Button' is clicked on

2018-10-20 23:56:51 - [TEST_STEP][FAILED] - Statement - Try: Delayed 2 second(s)

2018-10-20 23:56:51 - [TEST_STEP][PASSED] - Statement - Checker = false: null

2018-10-20 23:56:51 - [TEST_STEP][PASSED] - Statement - Checker = com.kms.katalon.core.webui.keyword.WebUiBuiltInKeywords.verifyElementHasAttribute(com.kms.katalon.core.testobject.ObjectRepository.findTestObject(Final Object Repo/Landing Page/BM Detecting), "href", 20, OPTIONAL): Unable to verify if object 'Object Repository/Final Object Repo/Landing Page/BM Detecting' has attribute 'href' (Root cause: org.openqa.selenium.StaleElementReferenceException: stale element reference: element is not attached to the page document
  (Session info: chrome=69.0.3497.100)
  (Driver info: chromedriver=2.35.528161 (5b82f2d2aae0ca24b877009200ced9065a772e73),platform=Windows NT 6.1.7601 SP1 x86_64) (WARNING: The server did not provide any stacktrace information)
Command duration or timeout: 0 milliseconds
For documentation on this error, please visit: http://seleniumhq.org/exceptions/stale_element_reference.html
Build info: version: '3.7.1', revision: '8a0099a', time: '2017-11-06T21:07:36.161Z'
System info: host: 'WEIZHENG', ip: '192.168.137.1', os.name: 'Windows 7', os.arch: 'amd64', os.version: '6.1', java.version: '1.8.0_181'
Driver info: com.kms.katalon.selenium.driver.CChromeDriver
Capabilities {acceptInsecureCerts: false, acceptSslCerts: false, applicationCacheEnabled: false, browserConnectionEnabled: false, browserName: chrome, chrome: {chromedriverVersion: 2.35.528161 (5b82f2d2aae0ca..., userDataDir: C:\Users\WEIZHE~1\AppData\L...}, cssSelectorsEnabled: true, databaseEnabled: false, handlesAlerts: true, hasTouchScreen: false, javascriptEnabled: true, locationContextEnabled: true, mobileEmulationEnabled: false, nativeEvents: true, networkConnectionEnabled: false, pageLoadStrategy: normal, platform: XP, platformName: XP, rotatable: false, setWindowRect: true, takesHeapSnapshot: true, takesScreenshot: true, unexpectedAlertBehaviour: , unhandledPromptBehavior: , version: 69.0.3497.100, webStorageEnabled: true}
Session ID: 6a97d4a78de8ec284ce033302c811a57)

2018-10-20 23:56:54 - [MESSAGE][WARNING] - Unable to verify if object 'Object Repository/Final Object Repo/Landing Page/BM Detecting' has attribute 'href' (Root cause: org.openqa.selenium.StaleElementReferenceException: stale element reference: element is not attached to the page document
  (Session info: chrome=69.0.3497.100)
  (Driver info: chromedriver=2.35.528161 (5b82f2d2aae0ca24b877009200ced9065a772e73),platform=Windows NT 6.1.7601 SP1 x86_64) (WARNING: The server did not provide any stacktrace information)
Command duration or timeout: 0 milliseconds
For documentation on this error, please visit: http://seleniumhq.org/exceptions/stale_element_reference.html
Build info: version: '3.7.1', revision: '8a0099a', time: '2017-11-06T21:07:36.161Z'
System info: host: 'WEIZHENG', ip: '192.168.137.1', os.name: 'Windows 7', os.arch: 'amd64', os.version: '6.1', java.version: '1.8.0_181'
Driver info: com.kms.katalon.selenium.driver.CChromeDriver
Capabilities {acceptInsecureCerts: false, acceptSslCerts: false, applicationCacheEnabled: false, browserConnectionEnabled: false, browserName: chrome, chrome: {chromedriverVersion: 2.35.528161 (5b82f2d2aae0ca..., userDataDir: C:\Users\WEIZHE~1\AppData\L...}, cssSelectorsEnabled: true, databaseEnabled: false, handlesAlerts: true, hasTouchScreen: false, javascriptEnabled: true, locationContextEnabled: true, mobileEmulationEnabled: false, nativeEvents: true, networkConnectionEnabled: false, pageLoadStrategy: normal, platform: XP, platformName: XP, rotatable: false, setWindowRect: true, takesHeapSnapshot: true, takesScreenshot: true, unexpectedAlertBehaviour: , unhandledPromptBehavior: , version: 69.0.3497.100, webStorageEnabled: true}
Session ID: 6a97d4a78de8ec284ce033302c811a57)
[[ATTACHMENT|C:\\Users\\LENOVO\\Katalon Studio\\Perkeso Phase A\\Reports\\Workflow\\Form 3 EIS - Cessation as Employer\\20181020_165129\\1540051014380.png]]

2018-10-20 23:56:54 - [TEST_STEP][PASSED] - Statement - out.println(Checker): null

2018-10-20 23:56:54 - [TEST_STEP][FAILED] - Statement - If (Checker == false): Unable to click on object 'Object Repository/Final Object Repo/Landing Page/Select to English' (Root cause: com.kms.katalon.core.webui.exception.WebElementNotFoundException: Web element with id: 'Object Repository/Final Object Repo/Landing Page/Select to English' located by 'By.xpath: //a[@class = 'taglib-language-list-text' and @lang = 'en-US' and (contains(text(), 'EN') or contains(., 'EN'))]' not found)

2018-10-20 23:56:54 - [TEST_STEP][FAILED] - click: Unable to click on object 'Object Repository/Final Object Repo/Landing Page/Select to English' (Root cause: com.kms.katalon.core.webui.exception.WebElementNotFoundException: Web element with id: 'Object Repository/Final Object Repo/Landing Page/Select to English' located by 'By.xpath: //a[@class = 'taglib-language-list-text' and @lang = 'en-US' and (contains(text(), 'EN') or contains(., 'EN'))]' not found)

2018-10-20 23:57:34 - [MESSAGE][FAILED] - Unable to click on object 'Object Repository/Final Object Repo/Landing Page/Select to English' (Root cause: com.kms.katalon.core.webui.exception.WebElementNotFoundException: Web element with id: 'Object Repository/Final Object Repo/Landing Page/Select to English' located by 'By.xpath: //a[@class = 'taglib-language-list-text' and @lang = 'en-US' and (contains(text(), 'EN') or contains(., 'EN'))]' not found)
[[ATTACHMENT|C:\\Users\\LENOVO\\Katalon Studio\\Perkeso Phase A\\Reports\\Workflow\\Form 3 EIS - Cessation as Employer\\20181020_165129\\1540051054200.png]]

2018-10-20 23:57:34 - [TEST_STEP][PASSED] - delay: Delayed 2 second(s)

2018-10-20 23:57:36 - [MESSAGE][PASSED] - Delayed 2 second(s)

2018-10-20 23:57:36 - [TEST_STEP][PASSED] - delay: Delayed 3 second(s)

2018-10-20 23:57:39 - [MESSAGE][PASSED] - Delayed 3 second(s)

2018-10-20 23:57:39 - [TEST_STEP][PASSED] - mouseOver: Object: 'Object Repository/Final Object Repo/Landing Page/WorkFlow Menu' is hovered

2018-10-20 23:57:39 - [MESSAGE][PASSED] - Object: 'Object Repository/Final Object Repo/Landing Page/WorkFlow Menu' is hovered

2018-10-20 23:57:39 - [TEST_STEP][PASSED] - delay: Delayed 2 second(s)

2018-10-20 23:57:41 - [MESSAGE][PASSED] - Delayed 2 second(s)

2018-10-20 23:57:41 - [TEST_STEP][PASSED] - click: Object: 'Object Repository/Final Object Repo/Landing Page/Select to Workflow Listing' is clicked on

2018-10-20 23:57:42 - [MESSAGE][PASSED] - Object: 'Object Repository/Final Object Repo/Landing Page/Select to Workflow Listing' is clicked on

2018-10-20 23:57:42 - [TEST_STEP][PASSED] - delay: Delayed 2 second(s)

2018-10-20 23:57:44 - [MESSAGE][PASSED] - Delayed 2 second(s)

2018-10-20 23:57:44 - [TEST_STEP][PASSED] - click: Object: 'Object Repository/Final Object Repo/WorkFlow Listing Page/Search Information - To Put Ref No' is clicked on

2018-10-20 23:57:45 - [MESSAGE][PASSED] - Object: 'Object Repository/Final Object Repo/WorkFlow Listing Page/Search Information - To Put Ref No' is clicked on

2018-10-20 23:57:45 - [TEST_STEP][PASSED] - delay: Delayed 2 second(s)

2018-10-20 23:57:47 - [MESSAGE][PASSED] - Delayed 2 second(s)

2018-10-20 23:57:47 - [TEST_STEP][PASSED] - callTestCase: Call Test Case 'Test Cases/Final Aug 2018 - PKS Automation/Common/Reference Number Getter' successfully

2018-10-20 23:57:47 - [TEST_CASE][PASSED] - Test Cases/Final Aug 2018 - PKS Automation/Common/Reference Number Getter: Test Cases/Final Aug 2018 - PKS Automation/Common/Reference Number Getter

2018-10-20 23:57:47 - [TEST_STEP][PASSED] - Statement - Try: null

2018-10-20 23:57:47 - [TEST_STEP][PASSED] - Statement - RefNo = new java.io.File(C://KatalonReference.txt): null

2018-10-20 23:57:47 - [TEST_STEP][PASSED] - Statement - bufferread = new java.io.BufferedReader(new java.io.FileReader(RefNo)): null

2018-10-20 23:57:47 - [TEST_STEP][PASSED] - Statement - readedVal = bufferread.readLine(): null

2018-10-20 23:57:47 - [TEST_STEP][PASSED] - Statement - out.println(CaseReferenceNo): null

2018-10-20 23:57:47 - [TEST_STEP][PASSED] - Statement - out.println(readedVal): null

2018-10-20 23:57:47 - [TEST_STEP][PASSED] - Statement - CaseReferenceNo = readedVal: null

2018-10-20 23:57:47 - [MESSAGE][PASSED] - Call Test Case 'Test Cases/Final Aug 2018 - PKS Automation/Common/Reference Number Getter' successfully

2018-10-20 23:57:47 - [TEST_STEP][PASSED] - setText: Text 'ERN102018C200002203ERN102018C200002204ERN102018C200002205' is set on object 'Object Repository/Final Object Repo/WorkFlow Listing Page/Ref No Set Text'

2018-10-20 23:57:47 - [MESSAGE][PASSED] - Text 'ERN102018C200002203ERN102018C200002204ERN102018C200002205' is set on object 'Object Repository/Final Object Repo/WorkFlow Listing Page/Ref No Set Text'

2018-10-20 23:57:47 - [TEST_STEP][PASSED] - delay: Delayed 2 second(s)

2018-10-20 23:57:49 - [MESSAGE][PASSED] - Delayed 2 second(s)

2018-10-20 23:57:49 - [TEST_STEP][PASSED] - click: Object: 'Object Repository/Final Object Repo/WorkFlow Listing Page/Search Ref No Search Button' is clicked on

2018-10-20 23:57:49 - [MESSAGE][PASSED] - Object: 'Object Repository/Final Object Repo/WorkFlow Listing Page/Search Ref No Search Button' is clicked on

2018-10-20 23:57:49 - [TEST_STEP][PASSED] - delay: Delayed 4 second(s)

2018-10-20 23:57:53 - [MESSAGE][PASSED] - Delayed 4 second(s)

2018-10-20 23:57:53 - [TEST_STEP][PASSED] - click: Object: 'Object Repository/Final Object Repo/WorkFlow Listing Page/Click Continue Tooltip' is clicked on

2018-10-20 23:58:26 - [MESSAGE][PASSED] - Object: 'Object Repository/Final Object Repo/WorkFlow Listing Page/Click Continue Tooltip' is clicked on

2018-10-20 23:58:26 - [TEST_STEP][PASSED] - delay: Delayed 5 second(s)

2018-10-20 23:58:31 - [MESSAGE][PASSED] - Delayed 5 second(s)

2018-10-20 23:58:31 - [TEST_STEP][PASSED] - doubleClick: Object: 'Object Repository/Final Object Repo/WorkFlow Listing Page/Workflow Found - Listing 1' is double clicked on

2018-10-20 23:58:31 - [MESSAGE][PASSED] - Object: 'Object Repository/Final Object Repo/WorkFlow Listing Page/Workflow Found - Listing 1' is double clicked on

2018-10-20 23:58:31 - [TEST_STEP][PASSED] - Statement - println(OwnerID): null

2018-10-20 23:58:31 - [TEST_STEP][PASSED] - Statement - OwnerID = com.kms.katalon.core.webui.keyword.WebUiBuiltInKeywords.getText(com.kms.katalon.core.testobject.ObjectRepository.findTestObject(Final Object Repo/WorkFlow Listing Page/Workflow Found - Listing 1), STOP_ON_FAILURE): Text of object 'Object Repository/Final Object Repo/WorkFlow Listing Page/Workflow Found - Listing 1' is: 'JOHORuo3'

2018-10-20 23:58:31 - [MESSAGE][PASSED] - Text of object 'Object Repository/Final Object Repo/WorkFlow Listing Page/Workflow Found - Listing 1' is: 'JOHORuo3'

2018-10-20 23:58:31 - [TEST_STEP][PASSED] - Statement - OwnerID = OwnerID.toLowerCase() + "@gmail.com": null

2018-10-20 23:58:31 - [TEST_STEP][PASSED] - Statement - println(OwnerID): null

2018-10-20 23:58:31 - [TEST_STEP][PASSED] - delay: Delayed 2 second(s)

2018-10-20 23:58:33 - [MESSAGE][PASSED] - Delayed 2 second(s)

2018-10-20 23:58:33 - [MESSAGE][FAILED] - Unable to call Test Case with id 'Test Cases/Final Aug 2018 - PKS Automation/Common/Workflow Owner Finder' (Root cause: Call Test Case 'Test Cases/Final Aug 2018 - PKS Automation/Common/Workflow Owner Finder' failed)

2018-10-20 23:58:33 - [MESSAGE][FAILED] - Unable to call Test Case with id 'Test Cases/Final Aug 2018 - PKS Automation/Registration Module/Workflow/Form 3 EIS - Cessation As Employer/Template/Form 3 A - Cessation As Employer (Approve)' (Root cause: Call Test Case 'Test Cases/Final Aug 2018 - PKS Automation/Registration Module/Workflow/Form 3 EIS - Cessation As Employer/Template/Form 3 A - Cessation As Employer (Approve)' failed)]]></system-out>
         <system-err><![CDATA[2018-10-20 23:55:34 - [TEST_CASE][FAILED] - Test Cases/Final Aug 2018 - PKS Automation/Registration Module/Workflow/Form 3 EIS - Cessation As Employer/PKRBO to UO (Approve): Test Cases/Final Aug 2018 - PKS Automation/Registration Module/Workflow/Form 3 EIS - Cessation As Employer/PKRBO to UO (Approve) FAILED because (of) (Stack trace: com.kms.katalon.core.exception.StepFailedException: Unable to click on object 'Object Repository/Final Object Repo/Landing Page/Select to English' (Root cause: com.kms.katalon.core.webui.exception.WebElementNotFoundException: Web element with id: 'Object Repository/Final Object Repo/Landing Page/Select to English' located by 'By.xpath: //a[@class = 'taglib-language-list-text' and @lang = 'en-US' and (contains(text(), 'EN') or contains(., 'EN'))]' not found)
	at com.kms.katalon.core.keyword.internal.KeywordMain.stepFailed(KeywordMain.groovy:32)
	at com.kms.katalon.core.webui.keyword.internal.WebUIKeywordMain.stepFailed(WebUIKeywordMain.groovy:65)
	at com.kms.katalon.core.webui.keyword.internal.WebUIKeywordMain.runKeyword(WebUIKeywordMain.groovy:27)
	at com.kms.katalon.core.webui.keyword.builtin.ClickKeyword.click(ClickKeyword.groovy:86)
	at com.kms.katalon.core.webui.keyword.builtin.ClickKeyword.execute(ClickKeyword.groovy:67)
	at com.kms.katalon.core.keyword.internal.KeywordExecutor.executeKeywordForPlatform(KeywordExecutor.groovy:53)
	at com.kms.katalon.core.webui.keyword.WebUiBuiltInKeywords.click(WebUiBuiltInKeywords.groovy:604)
	at com.kms.katalon.core.webui.keyword.WebUiBuiltInKeywords$click$8.call(Unknown Source)
	at Script1534407542420.run(Script1534407542420.groovy:57)
	at com.kms.katalon.core.main.ScriptEngine.run(ScriptEngine.java:183)
	at com.kms.katalon.core.main.ScriptEngine.runScriptAsRawText(ScriptEngine.java:108)
	at com.kms.katalon.core.main.TestCaseExecutor.runScript(TestCaseExecutor.java:294)
	at com.kms.katalon.core.main.TestCaseExecutor.doExecute(TestCaseExecutor.java:285)
	at com.kms.katalon.core.main.TestCaseExecutor.processExecutionPhase(TestCaseExecutor.java:264)
	at com.kms.katalon.core.main.TestCaseExecutor.accessMainPhase(TestCaseExecutor.java:256)
	at com.kms.katalon.core.main.TestCaseExecutor.execute(TestCaseExecutor.java:200)
	at com.kms.katalon.core.main.TestCaseMain.runTestCase(TestCaseMain.java:99)
	at com.kms.katalon.core.keyword.builtin.CallTestCaseKeyword$_callTestCase_closure1.doCall(CallTestCaseKeyword.groovy:60)
	at com.kms.katalon.core.keyword.builtin.CallTestCaseKeyword$_callTestCase_closure1.call(CallTestCaseKeyword.groovy)
	at com.kms.katalon.core.keyword.internal.KeywordMain.runKeyword(KeywordMain.groovy:54)
	at com.kms.katalon.core.keyword.builtin.CallTestCaseKeyword.callTestCase(CallTestCaseKeyword.groovy:81)
	at com.kms.katalon.core.keyword.builtin.CallTestCaseKeyword.execute(CallTestCaseKeyword.groovy:45)
	at com.kms.katalon.core.keyword.internal.KeywordExecutor.executeKeywordForPlatform(KeywordExecutor.groovy:53)
	at com.kms.katalon.core.keyword.BuiltinKeywords.callTestCase(BuiltinKeywords.groovy:334)
	at sun.reflect.GeneratedMethodAccessor13.invoke(Unknown Source)
	at sun.reflect.DelegatingMethodAccessorImpl.invoke(DelegatingMethodAccessorImpl.java:43)
	at java.lang.reflect.Method.invoke(Method.java:498)
	at org.codehaus.groovy.reflection.CachedMethod.invoke(CachedMethod.java:93)
	at groovy.lang.MetaMethod.doMethodInvoke(MetaMethod.java:325)
	at groovy.lang.MetaClassImpl.invokeStaticMethod(MetaClassImpl.java:1469)
	at org.codehaus.groovy.runtime.callsite.StaticMetaClassSite.call(StaticMetaClassSite.java:53)
	at org.codehaus.groovy.runtime.callsite.AbstractCallSite.call(AbstractCallSite.java:141)
	at Script1536043843412.run(Script1536043843412.groovy:34)
	at com.kms.katalon.core.main.ScriptEngine.run(ScriptEngine.java:183)
	at com.kms.katalon.core.main.ScriptEngine.runScriptAsRawText(ScriptEngine.java:108)
	at com.kms.katalon.core.main.TestCaseExecutor.runScript(TestCaseExecutor.java:294)
	at com.kms.katalon.core.main.TestCaseExecutor.doExecute(TestCaseExecutor.java:285)
	at com.kms.katalon.core.main.TestCaseExecutor.processExecutionPhase(TestCaseExecutor.java:264)
	at com.kms.katalon.core.main.TestCaseExecutor.accessMainPhase(TestCaseExecutor.java:256)
	at com.kms.katalon.core.main.TestCaseExecutor.execute(TestCaseExecutor.java:200)
	at com.kms.katalon.core.main.TestCaseMain.runTestCase(TestCaseMain.java:99)
	at com.kms.katalon.core.keyword.builtin.CallTestCaseKeyword$_callTestCase_closure1.doCall(CallTestCaseKeyword.groovy:60)
	at com.kms.katalon.core.keyword.builtin.CallTestCaseKeyword$_callTestCase_closure1.call(CallTestCaseKeyword.groovy)
	at com.kms.katalon.core.keyword.internal.KeywordMain.runKeyword(KeywordMain.groovy:54)
	at com.kms.katalon.core.keyword.builtin.CallTestCaseKeyword.callTestCase(CallTestCaseKeyword.groovy:81)
	at com.kms.katalon.core.keyword.builtin.CallTestCaseKeyword.execute(CallTestCaseKeyword.groovy:45)
	at com.kms.katalon.core.keyword.internal.KeywordExecutor.executeKeywordForPlatform(KeywordExecutor.groovy:53)
	at com.kms.katalon.core.keyword.BuiltinKeywords.callTestCase(BuiltinKeywords.groovy:334)
	at sun.reflect.GeneratedMethodAccessor13.invoke(Unknown Source)
	at sun.reflect.DelegatingMethodAccessorImpl.invoke(DelegatingMethodAccessorImpl.java:43)
	at java.lang.reflect.Method.invoke(Method.java:498)
	at org.codehaus.groovy.reflection.CachedMethod.invoke(CachedMethod.java:93)
	at groovy.lang.MetaMethod.doMethodInvoke(MetaMethod.java:325)
	at groovy.lang.MetaClassImpl.invokeStaticMethod(MetaClassImpl.java:1469)
	at org.codehaus.groovy.runtime.callsite.StaticMetaClassSite.call(StaticMetaClassSite.java:53)
	at org.codehaus.groovy.runtime.callsite.CallSiteArray.defaultCall(CallSiteArray.java:48)
	at org.codehaus.groovy.runtime.callsite.AbstractCallSite.call(AbstractCallSite.java:113)
	at org.codehaus.groovy.runtime.callsite.AbstractCallSite.call(AbstractCallSite.java:141)
	at Script1536204583402.run(Script1536204583402.groovy:25)
	at com.kms.katalon.core.main.ScriptEngine.run(ScriptEngine.java:183)
	at com.kms.katalon.core.main.ScriptEngine.runScriptAsRawText(ScriptEngine.java:108)
	at com.kms.katalon.core.main.TestCaseExecutor.runScript(TestCaseExecutor.java:294)
	at com.kms.katalon.core.main.TestCaseExecutor.doExecute(TestCaseExecutor.java:285)
	at com.kms.katalon.core.main.TestCaseExecutor.processExecutionPhase(TestCaseExecutor.java:264)
	at com.kms.katalon.core.main.TestCaseExecutor.accessMainPhase(TestCaseExecutor.java:256)
	at com.kms.katalon.core.main.TestCaseExecutor.execute(TestCaseExecutor.java:200)
	at com.kms.katalon.core.main.TestSuiteExecutor.accessTestCaseMainPhase(TestSuiteExecutor.java:129)
	at com.kms.katalon.core.main.TestSuiteExecutor.accessTestSuiteMainPhase(TestSuiteExecutor.java:112)
	at com.kms.katalon.core.main.TestSuiteExecutor.execute(TestSuiteExecutor.java:81)
	at com.kms.katalon.core.main.TestCaseMain.startTestSuite(TestCaseMain.java:142)
	at com.kms.katalon.core.main.TestCaseMain$startTestSuite$0.call(Unknown Source)
	at org.codehaus.groovy.runtime.callsite.CallSiteArray.defaultCall(CallSiteArray.java:48)
	at org.codehaus.groovy.runtime.callsite.AbstractCallSite.call(AbstractCallSite.java:113)
	at org.codehaus.groovy.runtime.callsite.AbstractCallSite.call(AbstractCallSite.java:141)
	at TempTestSuite1540025489648.run(TempTestSuite1540025489648.groovy:36)
	at groovy.lang.GroovyShell.runScriptOrMainOrTestOrRunnable(GroovyShell.java:263)
	at groovy.lang.GroovyShell.run(GroovyShell.java:518)
	at groovy.lang.GroovyShell.run(GroovyShell.java:507)
	at groovy.ui.GroovyMain.processOnce(GroovyMain.java:653)
	at groovy.ui.GroovyMain.run(GroovyMain.java:384)
	at groovy.ui.GroovyMain.process(GroovyMain.java:370)
	at groovy.ui.GroovyMain.processArgs(GroovyMain.java:129)
	at groovy.ui.GroovyMain.main(GroovyMain.java:109)
	at sun.reflect.NativeMethodAccessorImpl.invoke0(Native Method)
	at sun.reflect.NativeMethodAccessorImpl.invoke(NativeMethodAccessorImpl.java:62)
	at sun.reflect.DelegatingMethodAccessorImpl.invoke(DelegatingMethodAccessorImpl.java:43)
	at java.lang.reflect.Method.invoke(Method.java:498)
	at org.codehaus.groovy.tools.GroovyStarter.rootLoader(GroovyStarter.java:109)
	at org.codehaus.groovy.tools.GroovyStarter.main(GroovyStarter.java:131)
)]]></system-err>
      </testcase>
      <testcase name="Test Cases/Final Aug 2018 - PKS Automation/Registration Module/Workflow/Form 3 EIS - Cessation As Employer/PKRBO to UO (Query)" classname="Test Cases/Final Aug 2018 - PKS Automation/Registration Module/Workflow/Form 3 EIS - Cessation As Employer/PKRBO to UO (Query)" status="FAILED">
         <failure type="FAILED" message="(Stack trace: com.kms.katalon.core.exception.StepFailedException: Unable to click on object 'Object Repository/Final Object Repo/Landing Page/Select to English' (Root cause: com.kms.katalon.core.webui.exception.WebElementNotFoundException: Web element with id: 'Object Repository/Final Object Repo/Landing Page/Select to English' located by 'By.xpath: //a[@class = 'taglib-language-list-text' and @lang = 'en-US' and (contains(text(), 'EN') or contains(., 'EN'))]' not found)
	at com.kms.katalon.core.keyword.internal.KeywordMain.stepFailed(KeywordMain.groovy:32)
	at com.kms.katalon.core.webui.keyword.internal.WebUIKeywordMain.stepFailed(WebUIKeywordMain.groovy:65)
	at com.kms.katalon.core.webui.keyword.internal.WebUIKeywordMain.runKeyword(WebUIKeywordMain.groovy:27)
	at com.kms.katalon.core.webui.keyword.builtin.ClickKeyword.click(ClickKeyword.groovy:86)
	at com.kms.katalon.core.webui.keyword.builtin.ClickKeyword.execute(ClickKeyword.groovy:67)
	at com.kms.katalon.core.keyword.internal.KeywordExecutor.executeKeywordForPlatform(KeywordExecutor.groovy:53)
	at com.kms.katalon.core.webui.keyword.WebUiBuiltInKeywords.click(WebUiBuiltInKeywords.groovy:604)
	at com.kms.katalon.core.webui.keyword.WebUiBuiltInKeywords$click$8.call(Unknown Source)
	at Script1534407542420.run(Script1534407542420.groovy:57)
	at com.kms.katalon.core.main.ScriptEngine.run(ScriptEngine.java:183)
	at com.kms.katalon.core.main.ScriptEngine.runScriptAsRawText(ScriptEngine.java:108)
	at com.kms.katalon.core.main.TestCaseExecutor.runScript(TestCaseExecutor.java:294)
	at com.kms.katalon.core.main.TestCaseExecutor.doExecute(TestCaseExecutor.java:285)
	at com.kms.katalon.core.main.TestCaseExecutor.processExecutionPhase(TestCaseExecutor.java:264)
	at com.kms.katalon.core.main.TestCaseExecutor.accessMainPhase(TestCaseExecutor.java:256)
	at com.kms.katalon.core.main.TestCaseExecutor.execute(TestCaseExecutor.java:200)
	at com.kms.katalon.core.main.TestCaseMain.runTestCase(TestCaseMain.java:99)
	at com.kms.katalon.core.keyword.builtin.CallTestCaseKeyword$_callTestCase_closure1.doCall(CallTestCaseKeyword.groovy:60)
	at com.kms.katalon.core.keyword.builtin.CallTestCaseKeyword$_callTestCase_closure1.call(CallTestCaseKeyword.groovy)
	at com.kms.katalon.core.keyword.internal.KeywordMain.runKeyword(KeywordMain.groovy:54)
	at com.kms.katalon.core.keyword.builtin.CallTestCaseKeyword.callTestCase(CallTestCaseKeyword.groovy:81)
	at com.kms.katalon.core.keyword.builtin.CallTestCaseKeyword.execute(CallTestCaseKeyword.groovy:45)
	at com.kms.katalon.core.keyword.internal.KeywordExecutor.executeKeywordForPlatform(KeywordExecutor.groovy:53)
	at com.kms.katalon.core.keyword.BuiltinKeywords.callTestCase(BuiltinKeywords.groovy:334)
	at sun.reflect.GeneratedMethodAccessor13.invoke(Unknown Source)
	at sun.reflect.DelegatingMethodAccessorImpl.invoke(DelegatingMethodAccessorImpl.java:43)
	at java.lang.reflect.Method.invoke(Method.java:498)
	at org.codehaus.groovy.reflection.CachedMethod.invoke(CachedMethod.java:93)
	at groovy.lang.MetaMethod.doMethodInvoke(MetaMethod.java:325)
	at groovy.lang.MetaClassImpl.invokeStaticMethod(MetaClassImpl.java:1469)
	at org.codehaus.groovy.runtime.callsite.StaticMetaClassSite.call(StaticMetaClassSite.java:53)
	at org.codehaus.groovy.runtime.callsite.AbstractCallSite.call(AbstractCallSite.java:141)
	at Script1536114876563.run(Script1536114876563.groovy:34)
	at com.kms.katalon.core.main.ScriptEngine.run(ScriptEngine.java:183)
	at com.kms.katalon.core.main.ScriptEngine.runScriptAsRawText(ScriptEngine.java:108)
	at com.kms.katalon.core.main.TestCaseExecutor.runScript(TestCaseExecutor.java:294)
	at com.kms.katalon.core.main.TestCaseExecutor.doExecute(TestCaseExecutor.java:285)
	at com.kms.katalon.core.main.TestCaseExecutor.processExecutionPhase(TestCaseExecutor.java:264)
	at com.kms.katalon.core.main.TestCaseExecutor.accessMainPhase(TestCaseExecutor.java:256)
	at com.kms.katalon.core.main.TestCaseExecutor.execute(TestCaseExecutor.java:200)
	at com.kms.katalon.core.main.TestCaseMain.runTestCase(TestCaseMain.java:99)
	at com.kms.katalon.core.keyword.builtin.CallTestCaseKeyword$_callTestCase_closure1.doCall(CallTestCaseKeyword.groovy:60)
	at com.kms.katalon.core.keyword.builtin.CallTestCaseKeyword$_callTestCase_closure1.call(CallTestCaseKeyword.groovy)
	at com.kms.katalon.core.keyword.internal.KeywordMain.runKeyword(KeywordMain.groovy:54)
	at com.kms.katalon.core.keyword.builtin.CallTestCaseKeyword.callTestCase(CallTestCaseKeyword.groovy:81)
	at com.kms.katalon.core.keyword.builtin.CallTestCaseKeyword.execute(CallTestCaseKeyword.groovy:45)
	at com.kms.katalon.core.keyword.internal.KeywordExecutor.executeKeywordForPlatform(KeywordExecutor.groovy:53)
	at com.kms.katalon.core.keyword.BuiltinKeywords.callTestCase(BuiltinKeywords.groovy:334)
	at sun.reflect.GeneratedMethodAccessor13.invoke(Unknown Source)
	at sun.reflect.DelegatingMethodAccessorImpl.invoke(DelegatingMethodAccessorImpl.java:43)
	at java.lang.reflect.Method.invoke(Method.java:498)
	at org.codehaus.groovy.reflection.CachedMethod.invoke(CachedMethod.java:93)
	at groovy.lang.MetaMethod.doMethodInvoke(MetaMethod.java:325)
	at groovy.lang.MetaClassImpl.invokeStaticMethod(MetaClassImpl.java:1469)
	at org.codehaus.groovy.runtime.callsite.StaticMetaClassSite.call(StaticMetaClassSite.java:53)
	at org.codehaus.groovy.runtime.callsite.CallSiteArray.defaultCall(CallSiteArray.java:48)
	at org.codehaus.groovy.runtime.callsite.AbstractCallSite.call(AbstractCallSite.java:113)
	at org.codehaus.groovy.runtime.callsite.AbstractCallSite.call(AbstractCallSite.java:141)
	at Script1536204651962.run(Script1536204651962.groovy:25)
	at com.kms.katalon.core.main.ScriptEngine.run(ScriptEngine.java:183)
	at com.kms.katalon.core.main.ScriptEngine.runScriptAsRawText(ScriptEngine.java:108)
	at com.kms.katalon.core.main.TestCaseExecutor.runScript(TestCaseExecutor.java:294)
	at com.kms.katalon.core.main.TestCaseExecutor.doExecute(TestCaseExecutor.java:285)
	at com.kms.katalon.core.main.TestCaseExecutor.processExecutionPhase(TestCaseExecutor.java:264)
	at com.kms.katalon.core.main.TestCaseExecutor.accessMainPhase(TestCaseExecutor.java:256)
	at com.kms.katalon.core.main.TestCaseExecutor.execute(TestCaseExecutor.java:200)
	at com.kms.katalon.core.main.TestSuiteExecutor.accessTestCaseMainPhase(TestSuiteExecutor.java:129)
	at com.kms.katalon.core.main.TestSuiteExecutor.accessTestSuiteMainPhase(TestSuiteExecutor.java:112)
	at com.kms.katalon.core.main.TestSuiteExecutor.execute(TestSuiteExecutor.java:81)
	at com.kms.katalon.core.main.TestCaseMain.startTestSuite(TestCaseMain.java:142)
	at com.kms.katalon.core.main.TestCaseMain$startTestSuite$0.call(Unknown Source)
	at org.codehaus.groovy.runtime.callsite.CallSiteArray.defaultCall(CallSiteArray.java:48)
	at org.codehaus.groovy.runtime.callsite.AbstractCallSite.call(AbstractCallSite.java:113)
	at org.codehaus.groovy.runtime.callsite.AbstractCallSite.call(AbstractCallSite.java:141)
	at TempTestSuite1540025489648.run(TempTestSuite1540025489648.groovy:36)
	at groovy.lang.GroovyShell.runScriptOrMainOrTestOrRunnable(GroovyShell.java:263)
	at groovy.lang.GroovyShell.run(GroovyShell.java:518)
	at groovy.lang.GroovyShell.run(GroovyShell.java:507)
	at groovy.ui.GroovyMain.processOnce(GroovyMain.java:653)
	at groovy.ui.GroovyMain.run(GroovyMain.java:384)
	at groovy.ui.GroovyMain.process(GroovyMain.java:370)
	at groovy.ui.GroovyMain.processArgs(GroovyMain.java:129)
	at groovy.ui.GroovyMain.main(GroovyMain.java:109)
	at sun.reflect.NativeMethodAccessorImpl.invoke0(Native Method)
	at sun.reflect.NativeMethodAccessorImpl.invoke(NativeMethodAccessorImpl.java:62)
	at sun.reflect.DelegatingMethodAccessorImpl.invoke(DelegatingMethodAccessorImpl.java:43)
	at java.lang.reflect.Method.invoke(Method.java:498)
	at org.codehaus.groovy.tools.GroovyStarter.rootLoader(GroovyStarter.java:109)
	at org.codehaus.groovy.tools.GroovyStarter.main(GroovyStarter.java:131)
)"/>
         <system-out><![CDATA[2018-10-20 23:58:33 - [TEST_CASE][FAILED] - Test Cases/Final Aug 2018 - PKS Automation/Registration Module/Workflow/Form 3 EIS - Cessation As Employer/PKRBO to UO (Query): Test Cases/Final Aug 2018 - PKS Automation/Registration Module/Workflow/Form 3 EIS - Cessation As Employer/PKRBO to UO (Query) FAILED because (of) (Stack trace: com.kms.katalon.core.exception.StepFailedException: Unable to click on object 'Object Repository/Final Object Repo/Landing Page/Select to English' (Root cause: com.kms.katalon.core.webui.exception.WebElementNotFoundException: Web element with id: 'Object Repository/Final Object Repo/Landing Page/Select to English' located by 'By.xpath: //a[@class = 'taglib-language-list-text' and @lang = 'en-US' and (contains(text(), 'EN') or contains(., 'EN'))]' not found)
	at com.kms.katalon.core.keyword.internal.KeywordMain.stepFailed(KeywordMain.groovy:32)
	at com.kms.katalon.core.webui.keyword.internal.WebUIKeywordMain.stepFailed(WebUIKeywordMain.groovy:65)
	at com.kms.katalon.core.webui.keyword.internal.WebUIKeywordMain.runKeyword(WebUIKeywordMain.groovy:27)
	at com.kms.katalon.core.webui.keyword.builtin.ClickKeyword.click(ClickKeyword.groovy:86)
	at com.kms.katalon.core.webui.keyword.builtin.ClickKeyword.execute(ClickKeyword.groovy:67)
	at com.kms.katalon.core.keyword.internal.KeywordExecutor.executeKeywordForPlatform(KeywordExecutor.groovy:53)
	at com.kms.katalon.core.webui.keyword.WebUiBuiltInKeywords.click(WebUiBuiltInKeywords.groovy:604)
	at com.kms.katalon.core.webui.keyword.WebUiBuiltInKeywords$click$8.call(Unknown Source)
	at Script1534407542420.run(Script1534407542420.groovy:57)
	at com.kms.katalon.core.main.ScriptEngine.run(ScriptEngine.java:183)
	at com.kms.katalon.core.main.ScriptEngine.runScriptAsRawText(ScriptEngine.java:108)
	at com.kms.katalon.core.main.TestCaseExecutor.runScript(TestCaseExecutor.java:294)
	at com.kms.katalon.core.main.TestCaseExecutor.doExecute(TestCaseExecutor.java:285)
	at com.kms.katalon.core.main.TestCaseExecutor.processExecutionPhase(TestCaseExecutor.java:264)
	at com.kms.katalon.core.main.TestCaseExecutor.accessMainPhase(TestCaseExecutor.java:256)
	at com.kms.katalon.core.main.TestCaseExecutor.execute(TestCaseExecutor.java:200)
	at com.kms.katalon.core.main.TestCaseMain.runTestCase(TestCaseMain.java:99)
	at com.kms.katalon.core.keyword.builtin.CallTestCaseKeyword$_callTestCase_closure1.doCall(CallTestCaseKeyword.groovy:60)
	at com.kms.katalon.core.keyword.builtin.CallTestCaseKeyword$_callTestCase_closure1.call(CallTestCaseKeyword.groovy)
	at com.kms.katalon.core.keyword.internal.KeywordMain.runKeyword(KeywordMain.groovy:54)
	at com.kms.katalon.core.keyword.builtin.CallTestCaseKeyword.callTestCase(CallTestCaseKeyword.groovy:81)
	at com.kms.katalon.core.keyword.builtin.CallTestCaseKeyword.execute(CallTestCaseKeyword.groovy:45)
	at com.kms.katalon.core.keyword.internal.KeywordExecutor.executeKeywordForPlatform(KeywordExecutor.groovy:53)
	at com.kms.katalon.core.keyword.BuiltinKeywords.callTestCase(BuiltinKeywords.groovy:334)
	at sun.reflect.GeneratedMethodAccessor13.invoke(Unknown Source)
	at sun.reflect.DelegatingMethodAccessorImpl.invoke(DelegatingMethodAccessorImpl.java:43)
	at java.lang.reflect.Method.invoke(Method.java:498)
	at org.codehaus.groovy.reflection.CachedMethod.invoke(CachedMethod.java:93)
	at groovy.lang.MetaMethod.doMethodInvoke(MetaMethod.java:325)
	at groovy.lang.MetaClassImpl.invokeStaticMethod(MetaClassImpl.java:1469)
	at org.codehaus.groovy.runtime.callsite.StaticMetaClassSite.call(StaticMetaClassSite.java:53)
	at org.codehaus.groovy.runtime.callsite.AbstractCallSite.call(AbstractCallSite.java:141)
	at Script1536114876563.run(Script1536114876563.groovy:34)
	at com.kms.katalon.core.main.ScriptEngine.run(ScriptEngine.java:183)
	at com.kms.katalon.core.main.ScriptEngine.runScriptAsRawText(ScriptEngine.java:108)
	at com.kms.katalon.core.main.TestCaseExecutor.runScript(TestCaseExecutor.java:294)
	at com.kms.katalon.core.main.TestCaseExecutor.doExecute(TestCaseExecutor.java:285)
	at com.kms.katalon.core.main.TestCaseExecutor.processExecutionPhase(TestCaseExecutor.java:264)
	at com.kms.katalon.core.main.TestCaseExecutor.accessMainPhase(TestCaseExecutor.java:256)
	at com.kms.katalon.core.main.TestCaseExecutor.execute(TestCaseExecutor.java:200)
	at com.kms.katalon.core.main.TestCaseMain.runTestCase(TestCaseMain.java:99)
	at com.kms.katalon.core.keyword.builtin.CallTestCaseKeyword$_callTestCase_closure1.doCall(CallTestCaseKeyword.groovy:60)
	at com.kms.katalon.core.keyword.builtin.CallTestCaseKeyword$_callTestCase_closure1.call(CallTestCaseKeyword.groovy)
	at com.kms.katalon.core.keyword.internal.KeywordMain.runKeyword(KeywordMain.groovy:54)
	at com.kms.katalon.core.keyword.builtin.CallTestCaseKeyword.callTestCase(CallTestCaseKeyword.groovy:81)
	at com.kms.katalon.core.keyword.builtin.CallTestCaseKeyword.execute(CallTestCaseKeyword.groovy:45)
	at com.kms.katalon.core.keyword.internal.KeywordExecutor.executeKeywordForPlatform(KeywordExecutor.groovy:53)
	at com.kms.katalon.core.keyword.BuiltinKeywords.callTestCase(BuiltinKeywords.groovy:334)
	at sun.reflect.GeneratedMethodAccessor13.invoke(Unknown Source)
	at sun.reflect.DelegatingMethodAccessorImpl.invoke(DelegatingMethodAccessorImpl.java:43)
	at java.lang.reflect.Method.invoke(Method.java:498)
	at org.codehaus.groovy.reflection.CachedMethod.invoke(CachedMethod.java:93)
	at groovy.lang.MetaMethod.doMethodInvoke(MetaMethod.java:325)
	at groovy.lang.MetaClassImpl.invokeStaticMethod(MetaClassImpl.java:1469)
	at org.codehaus.groovy.runtime.callsite.StaticMetaClassSite.call(StaticMetaClassSite.java:53)
	at org.codehaus.groovy.runtime.callsite.CallSiteArray.defaultCall(CallSiteArray.java:48)
	at org.codehaus.groovy.runtime.callsite.AbstractCallSite.call(AbstractCallSite.java:113)
	at org.codehaus.groovy.runtime.callsite.AbstractCallSite.call(AbstractCallSite.java:141)
	at Script1536204651962.run(Script1536204651962.groovy:25)
	at com.kms.katalon.core.main.ScriptEngine.run(ScriptEngine.java:183)
	at com.kms.katalon.core.main.ScriptEngine.runScriptAsRawText(ScriptEngine.java:108)
	at com.kms.katalon.core.main.TestCaseExecutor.runScript(TestCaseExecutor.java:294)
	at com.kms.katalon.core.main.TestCaseExecutor.doExecute(TestCaseExecutor.java:285)
	at com.kms.katalon.core.main.TestCaseExecutor.processExecutionPhase(TestCaseExecutor.java:264)
	at com.kms.katalon.core.main.TestCaseExecutor.accessMainPhase(TestCaseExecutor.java:256)
	at com.kms.katalon.core.main.TestCaseExecutor.execute(TestCaseExecutor.java:200)
	at com.kms.katalon.core.main.TestSuiteExecutor.accessTestCaseMainPhase(TestSuiteExecutor.java:129)
	at com.kms.katalon.core.main.TestSuiteExecutor.accessTestSuiteMainPhase(TestSuiteExecutor.java:112)
	at com.kms.katalon.core.main.TestSuiteExecutor.execute(TestSuiteExecutor.java:81)
	at com.kms.katalon.core.main.TestCaseMain.startTestSuite(TestCaseMain.java:142)
	at com.kms.katalon.core.main.TestCaseMain$startTestSuite$0.call(Unknown Source)
	at org.codehaus.groovy.runtime.callsite.CallSiteArray.defaultCall(CallSiteArray.java:48)
	at org.codehaus.groovy.runtime.callsite.AbstractCallSite.call(AbstractCallSite.java:113)
	at org.codehaus.groovy.runtime.callsite.AbstractCallSite.call(AbstractCallSite.java:141)
	at TempTestSuite1540025489648.run(TempTestSuite1540025489648.groovy:36)
	at groovy.lang.GroovyShell.runScriptOrMainOrTestOrRunnable(GroovyShell.java:263)
	at groovy.lang.GroovyShell.run(GroovyShell.java:518)
	at groovy.lang.GroovyShell.run(GroovyShell.java:507)
	at groovy.ui.GroovyMain.processOnce(GroovyMain.java:653)
	at groovy.ui.GroovyMain.run(GroovyMain.java:384)
	at groovy.ui.GroovyMain.process(GroovyMain.java:370)
	at groovy.ui.GroovyMain.processArgs(GroovyMain.java:129)
	at groovy.ui.GroovyMain.main(GroovyMain.java:109)
	at sun.reflect.NativeMethodAccessorImpl.invoke0(Native Method)
	at sun.reflect.NativeMethodAccessorImpl.invoke(NativeMethodAccessorImpl.java:62)
	at sun.reflect.DelegatingMethodAccessorImpl.invoke(DelegatingMethodAccessorImpl.java:43)
	at java.lang.reflect.Method.invoke(Method.java:498)
	at org.codehaus.groovy.tools.GroovyStarter.rootLoader(GroovyStarter.java:109)
	at org.codehaus.groovy.tools.GroovyStarter.main(GroovyStarter.java:131)
)

2018-10-20 23:58:33 - [TEST_STEP][PASSED] - callTestCase: Call Test Case 'Test Cases/Final Aug 2018 - PKS Automation/Registration Module/Workflow/Form 3 EIS - Cessation As Employer/Template/Form 3 A - Cessation As Employer (PKRBO)' successfully

2018-10-20 23:58:34 - [TEST_CASE][PASSED] - Test Cases/Final Aug 2018 - PKS Automation/Registration Module/Workflow/Form 3 EIS - Cessation As Employer/Template/Form 3 A - Cessation As Employer (PKRBO): Test Cases/Final Aug 2018 - PKS Automation/Registration Module/Workflow/Form 3 EIS - Cessation As Employer/Template/Form 3 A - Cessation As Employer (PKRBO)

2018-10-20 23:58:34 - [TEST_STEP][PASSED] - openBrowser: Browser is opened with url: ''

2018-10-20 23:58:34 - [MESSAGE][WARNING] - A browser is already opened. Closing browser and opening a new one

2018-10-20 23:58:38 - [MESSAGE][PASSED] - Browser is opened with url: ''

2018-10-20 23:58:38 - [TEST_STEP][PASSED] - navigateToUrl: Navigate to 'https://assist2-uat.perkeso.gov.my/login' successfully

2018-10-20 23:58:40 - [MESSAGE][PASSED] - Navigate to 'https://assist2-uat.perkeso.gov.my/login' successfully

2018-10-20 23:58:40 - [TEST_STEP][PASSED] - setText: Text 'johorpkrbo1@gmail.com' is set on object 'Object Repository/Final Object Repo/Login Page/Internal User/Email Address'

2018-10-20 23:58:40 - [MESSAGE][PASSED] - Text 'johorpkrbo1@gmail.com' is set on object 'Object Repository/Final Object Repo/Login Page/Internal User/Email Address'

2018-10-20 23:58:40 - [TEST_STEP][PASSED] - click: Object: 'Object Repository/Final Object Repo/Login Page/Internal User/Next Button' is clicked on

2018-10-20 23:58:40 - [MESSAGE][PASSED] - Object: 'Object Repository/Final Object Repo/Login Page/Internal User/Next Button' is clicked on

2018-10-20 23:58:40 - [TEST_STEP][PASSED] - delay: Delayed 1 second(s)

2018-10-20 23:58:41 - [MESSAGE][PASSED] - Delayed 1 second(s)

2018-10-20 23:58:41 - [TEST_STEP][PASSED] - setEncryptedText: Text ****** has been set on object 'Object Repository/Final Object Repo/Login Page/Internal User/Password'

2018-10-20 23:58:41 - [MESSAGE][PASSED] - Text ****** has been set on object 'Object Repository/Final Object Repo/Login Page/Internal User/Password'

2018-10-20 23:58:41 - [TEST_STEP][PASSED] - click: Object: 'Object Repository/Final Object Repo/Login Page/Internal User/Login Button' is clicked on

2018-10-20 23:58:41 - [MESSAGE][PASSED] - Object: 'Object Repository/Final Object Repo/Login Page/Internal User/Login Button' is clicked on

2018-10-20 23:58:41 - [TEST_STEP][PASSED] - delay: Delayed 1 second(s)

2018-10-20 23:58:42 - [MESSAGE][PASSED] - Delayed 1 second(s)

2018-10-20 23:58:42 - [TEST_STEP][PASSED] - Statement - Try: Delayed 2 second(s)

2018-10-20 23:58:42 - [TEST_STEP][PASSED] - Statement - Checker = false: null

2018-10-20 23:58:42 - [TEST_STEP][PASSED] - Statement - Checker = com.kms.katalon.core.webui.keyword.WebUiBuiltInKeywords.verifyElementHasAttribute(com.kms.katalon.core.testobject.ObjectRepository.findTestObject(Final Object Repo/Landing Page/BM Detecting), "href", 20, OPTIONAL): Object 'Object Repository/Final Object Repo/Landing Page/BM Detecting' has attribute 'href'

2018-10-20 23:58:44 - [MESSAGE][PASSED] - Object 'Object Repository/Final Object Repo/Landing Page/BM Detecting' has attribute 'href'

2018-10-20 23:58:44 - [TEST_STEP][PASSED] - Statement - out.println(Checker): null

2018-10-20 23:58:44 - [TEST_STEP][PASSED] - Statement - If (Checker == false): null

2018-10-20 23:58:44 - [TEST_STEP][PASSED] - Statement - Else: null

2018-10-20 23:58:44 - [TEST_STEP][PASSED] - delay: Delayed 2 second(s)

2018-10-20 23:58:46 - [MESSAGE][PASSED] - Delayed 2 second(s)

2018-10-20 23:58:46 - [TEST_STEP][PASSED] - navigateToUrl: Navigate to 'https://assist2-uat.perkeso.gov.my/web/registration/eis-update/form-3-eis-cessation-as-employer' successfully

2018-10-20 23:58:47 - [MESSAGE][PASSED] - Navigate to 'https://assist2-uat.perkeso.gov.my/web/registration/eis-update/form-3-eis-cessation-as-employer' successfully

2018-10-20 23:58:47 - [TEST_STEP][PASSED] - delay: Delayed 1 second(s)

2018-10-20 23:58:48 - [MESSAGE][PASSED] - Delayed 1 second(s)

2018-10-20 23:58:48 - [TEST_STEP][PASSED] - setText: Text 'E1102069769W' is set on object 'Object Repository/Final Object Repo/Page_Form 3 EIS - Cessation as Employer/Employer Code'

2018-10-20 23:58:48 - [MESSAGE][PASSED] - Text 'E1102069769W' is set on object 'Object Repository/Final Object Repo/Page_Form 3 EIS - Cessation as Employer/Employer Code'

2018-10-20 23:58:48 - [TEST_STEP][PASSED] - click: Object: 'Object Repository/Final Object Repo/Page_Form 3 EIS - Cessation as Employer/Search' is clicked on

2018-10-20 23:58:48 - [MESSAGE][PASSED] - Object: 'Object Repository/Final Object Repo/Page_Form 3 EIS - Cessation as Employer/Search' is clicked on

2018-10-20 23:58:48 - [TEST_STEP][PASSED] - click: Object: 'Object Repository/Final Object Repo/Page_Form 3 EIS - Cessation as Employer/Edit' is clicked on

2018-10-20 23:58:50 - [MESSAGE][PASSED] - Object: 'Object Repository/Final Object Repo/Page_Form 3 EIS - Cessation as Employer/Edit' is clicked on

2018-10-20 23:58:50 - [TEST_STEP][PASSED] - delay: Delayed 1 second(s)

2018-10-20 23:58:51 - [MESSAGE][PASSED] - Delayed 1 second(s)

2018-10-20 23:58:51 - [TEST_STEP][PASSED] - Statement - abc = com.kms.katalon.core.webui.keyword.WebUiBuiltInKeywords.getAttribute(com.kms.katalon.core.testobject.ObjectRepository.findTestObject(Final Object Repo/Page_Form 3 EIS - Cessation as Employer/Employer Status), "value"): Attribute 'value' of object 'Object Repository/Final Object Repo/Page_Form 3 EIS - Cessation as Employer/Employer Status' is: 'Active'

2018-10-20 23:58:51 - [MESSAGE][PASSED] - Attribute 'value' of object 'Object Repository/Final Object Repo/Page_Form 3 EIS - Cessation as Employer/Employer Status' is: 'Active'

2018-10-20 23:58:51 - [TEST_STEP][PASSED] - Statement - out.println(abc): null

2018-10-20 23:58:51 - [TEST_STEP][PASSED] - Statement - If (abc == "Active"): Object: 'Object Repository/Final Object Repo/Page_Form 3 EIS - Cessation as Employer/Dormant EIS' is clicked on

2018-10-20 23:58:51 - [TEST_STEP][PASSED] - click: Object: 'Object Repository/Final Object Repo/Page_Form 3 EIS - Cessation as Employer/Change Employer Status to' is clicked on

2018-10-20 23:58:52 - [MESSAGE][PASSED] - Object: 'Object Repository/Final Object Repo/Page_Form 3 EIS - Cessation as Employer/Change Employer Status to' is clicked on

2018-10-20 23:58:52 - [TEST_STEP][PASSED] - click: Object: 'Object Repository/Final Object Repo/Page_Form 3 EIS - Cessation as Employer/Dormant EIS' is clicked on

2018-10-20 23:58:52 - [MESSAGE][PASSED] - Object: 'Object Repository/Final Object Repo/Page_Form 3 EIS - Cessation as Employer/Dormant EIS' is clicked on

2018-10-20 23:58:52 - [TEST_STEP][PASSED] - click: Object: 'Object Repository/Final Object Repo/Page_Form 3 EIS - Cessation as Employer/Calender' is clicked on

2018-10-20 23:58:52 - [MESSAGE][PASSED] - Object: 'Object Repository/Final Object Repo/Page_Form 3 EIS - Cessation as Employer/Calender' is clicked on

2018-10-20 23:58:52 - [TEST_STEP][PASSED] - delay: Delayed 1 second(s)

2018-10-20 23:58:53 - [MESSAGE][PASSED] - Delayed 1 second(s)

2018-10-20 23:58:53 - [TEST_STEP][PASSED] - click: Object: 'Object Repository/Final Object Repo/Page_Form 3 EIS - Cessation as Employer/Calender - Date' is clicked on

2018-10-20 23:58:53 - [MESSAGE][PASSED] - Object: 'Object Repository/Final Object Repo/Page_Form 3 EIS - Cessation as Employer/Calender - Date' is clicked on

2018-10-20 23:58:53 - [TEST_STEP][PASSED] - click: Object: 'Object Repository/Final Object Repo/Page_Form 3 EIS - Cessation as Employer/Save  Continue in Form 3 EIS Page' is clicked on

2018-10-20 23:58:53 - [MESSAGE][PASSED] - Object: 'Object Repository/Final Object Repo/Page_Form 3 EIS - Cessation as Employer/Save  Continue in Form 3 EIS Page' is clicked on

2018-10-20 23:58:53 - [TEST_STEP][PASSED] - delay: Delayed 1 second(s)

2018-10-20 23:58:54 - [MESSAGE][PASSED] - Delayed 1 second(s)

2018-10-20 23:58:54 - [TEST_STEP][PASSED] - click: Object: 'Object Repository/Final Object Repo/Page_Form 3 EIS - Cessation as Employer/Employment Resign Date' is clicked on

2018-10-20 23:58:55 - [MESSAGE][PASSED] - Object: 'Object Repository/Final Object Repo/Page_Form 3 EIS - Cessation as Employer/Employment Resign Date' is clicked on

2018-10-20 23:58:55 - [TEST_STEP][PASSED] - selectOptionByValue: All options with value '2018' are selected in object 'Object Repository/Final Object Repo/Page_Form 3 EIS - Cessation as Employer/Employment Resign Date - Year' 

2018-10-20 23:58:55 - [MESSAGE][PASSED] - All options with value '2018' are selected in object 'Object Repository/Final Object Repo/Page_Form 3 EIS - Cessation as Employer/Employment Resign Date - Year' 

2018-10-20 23:58:55 - [TEST_STEP][PASSED] - delay: Delayed 2 second(s)

2018-10-20 23:58:57 - [MESSAGE][PASSED] - Delayed 2 second(s)

2018-10-20 23:58:57 - [TEST_STEP][PASSED] - click: Object: 'Object Repository/Final Object Repo/Page_Form 3 EIS - Cessation as Employer/Employment Resign Date - Year - Date' is clicked on

2018-10-20 23:58:57 - [MESSAGE][PASSED] - Object: 'Object Repository/Final Object Repo/Page_Form 3 EIS - Cessation as Employer/Employment Resign Date - Year - Date' is clicked on

2018-10-20 23:58:57 - [TEST_STEP][PASSED] - delay: Delayed 2 second(s)

2018-10-20 23:58:59 - [MESSAGE][PASSED] - Delayed 2 second(s)

2018-10-20 23:58:59 - [TEST_STEP][PASSED] - click: Object: 'Object Repository/Final Object Repo/Page_Form 3 EIS - Cessation as Employer/Save  Continue in Employment Resign Page' is clicked on

2018-10-20 23:59:00 - [MESSAGE][PASSED] - Object: 'Object Repository/Final Object Repo/Page_Form 3 EIS - Cessation as Employer/Save  Continue in Employment Resign Page' is clicked on

2018-10-20 23:59:00 - [TEST_STEP][PASSED] - delay: Delayed 2 second(s)

2018-10-20 23:59:02 - [MESSAGE][PASSED] - Delayed 2 second(s)

2018-10-20 23:59:02 - [TEST_STEP][PASSED] - click: Object: 'Object Repository/Final Object Repo/Page_Form 3 EIS - Cessation as Employer/Add Document' is clicked on

2018-10-20 23:59:03 - [MESSAGE][PASSED] - Object: 'Object Repository/Final Object Repo/Page_Form 3 EIS - Cessation as Employer/Add Document' is clicked on

2018-10-20 23:59:03 - [TEST_STEP][PASSED] - delay: Delayed 3 second(s)

2018-10-20 23:59:06 - [MESSAGE][PASSED] - Delayed 3 second(s)

2018-10-20 23:59:06 - [TEST_STEP][PASSED] - click: Object: 'Object Repository/Final Object Repo/Page_Form 3 EIS - Cessation as Employer/Document Type' is clicked on

2018-10-20 23:59:06 - [MESSAGE][PASSED] - Object: 'Object Repository/Final Object Repo/Page_Form 3 EIS - Cessation as Employer/Document Type' is clicked on

2018-10-20 23:59:06 - [TEST_STEP][PASSED] - click: Object: 'Object Repository/Final Object Repo/Page_Form 3 EIS - Cessation as Employer/Document Type - Form 3' is clicked on

2018-10-20 23:59:07 - [MESSAGE][PASSED] - Object: 'Object Repository/Final Object Repo/Page_Form 3 EIS - Cessation as Employer/Document Type - Form 3' is clicked on

2018-10-20 23:59:07 - [TEST_STEP][PASSED] - delay: Delayed 2 second(s)

2018-10-20 23:59:09 - [MESSAGE][PASSED] - Delayed 2 second(s)

2018-10-20 23:59:09 - [TEST_STEP][PASSED] - sendKeys: Keys 'C:\Users\Public\Pictures\Sample Pictures\Act.jpg' sent to object: 'Object Repository/Final Object Repo/Page_Form 3 EIS - Cessation as Employer/ploading File'

2018-10-20 23:59:09 - [MESSAGE][PASSED] - Keys 'C:\Users\Public\Pictures\Sample Pictures\Act.jpg' sent to object: 'Object Repository/Final Object Repo/Page_Form 3 EIS - Cessation as Employer/ploading File'

2018-10-20 23:59:09 - [TEST_STEP][PASSED] - delay: Delayed 1 second(s)

2018-10-20 23:59:10 - [MESSAGE][PASSED] - Delayed 1 second(s)

2018-10-20 23:59:10 - [TEST_STEP][PASSED] - click: Object: 'Object Repository/Final Object Repo/Page_Form 3 EIS - Cessation as Employer/Add Document in Uploading Page' is clicked on

2018-10-20 23:59:10 - [MESSAGE][PASSED] - Object: 'Object Repository/Final Object Repo/Page_Form 3 EIS - Cessation as Employer/Add Document in Uploading Page' is clicked on

2018-10-20 23:59:10 - [TEST_STEP][PASSED] - delay: Delayed 2 second(s)

2018-10-20 23:59:12 - [MESSAGE][PASSED] - Delayed 2 second(s)

2018-10-20 23:59:12 - [TEST_STEP][PASSED] - Statement - CaseReferenceNo = com.kms.katalon.core.webui.keyword.WebUiBuiltInKeywords.getText(com.kms.katalon.core.testobject.ObjectRepository.findTestObject(Final Object Repo/Page_Update Employer Information/Reference Number in Update Employee Information Page)): Text of object 'Object Repository/Final Object Repo/Page_Update Employer Information/Reference Number in Update Employee Information Page' is: 'ERN102018C200002206'

2018-10-20 23:59:16 - [MESSAGE][PASSED] - Text of object 'Object Repository/Final Object Repo/Page_Update Employer Information/Reference Number in Update Employee Information Page' is: 'ERN102018C200002206'

2018-10-20 23:59:16 - [TEST_STEP][PASSED] - callTestCase: Call Test Case 'Test Cases/Final Aug 2018 - PKS Automation/Common/Reference Number Setter' successfully

2018-10-20 23:59:16 - [TEST_CASE][PASSED] - Test Cases/Final Aug 2018 - PKS Automation/Common/Reference Number Setter: Test Cases/Final Aug 2018 - PKS Automation/Common/Reference Number Setter

2018-10-20 23:59:16 - [TEST_STEP][PASSED] - Statement - RefNoOldFile = new java.io.File(C://KatalonReference.txt): null

2018-10-20 23:59:16 - [TEST_STEP][PASSED] - Statement - RefNoOldFile.delete(): null

2018-10-20 23:59:16 - [TEST_STEP][PASSED] - Statement - RefNo = new java.io.File(C://KatalonReference.txt): null

2018-10-20 23:59:16 - [TEST_STEP][PASSED] - Statement - RefNo.append(CaseReferenceNo): null

2018-10-20 23:59:16 - [TEST_STEP][PASSED] - Statement - out.println("


" + CaseReferenceNo + "


"): null

2018-10-20 23:59:16 - [MESSAGE][PASSED] - Call Test Case 'Test Cases/Final Aug 2018 - PKS Automation/Common/Reference Number Setter' successfully

2018-10-20 23:59:16 - [TEST_STEP][PASSED] - delay: Delayed 2 second(s)

2018-10-20 23:59:18 - [MESSAGE][PASSED] - Delayed 2 second(s)

2018-10-20 23:59:18 - [TEST_STEP][PASSED] - click: Object: 'Object Repository/Final Object Repo/Page_Form 3 EIS - Cessation as Employer/Save  Continue in Uploading Page' is clicked on

2018-10-20 23:59:18 - [MESSAGE][PASSED] - Object: 'Object Repository/Final Object Repo/Page_Form 3 EIS - Cessation as Employer/Save  Continue in Uploading Page' is clicked on

2018-10-20 23:59:18 - [TEST_STEP][PASSED] - delay: Delayed 2 second(s)

2018-10-20 23:59:20 - [MESSAGE][PASSED] - Delayed 2 second(s)

2018-10-20 23:59:20 - [TEST_STEP][PASSED] - click: Object: 'Object Repository/Final Object Repo/Page_Form 3 EIS - Cessation as Employer/Submit' is clicked on

2018-10-20 23:59:24 - [MESSAGE][PASSED] - Object: 'Object Repository/Final Object Repo/Page_Form 3 EIS - Cessation as Employer/Submit' is clicked on

2018-10-20 23:59:24 - [TEST_STEP][PASSED] - delay: Delayed 2 second(s)

2018-10-20 23:59:26 - [MESSAGE][PASSED] - Delayed 2 second(s)

2018-10-20 23:59:26 - [TEST_STEP][PASSED] - click: Object: 'Object Repository/Final Object Repo/Page_Form 3 EIS - Cessation as Employer/Confirm' is clicked on

2018-10-20 23:59:26 - [MESSAGE][PASSED] - Object: 'Object Repository/Final Object Repo/Page_Form 3 EIS - Cessation as Employer/Confirm' is clicked on

2018-10-20 23:59:26 - [TEST_STEP][PASSED] - delay: Delayed 2 second(s)

2018-10-20 23:59:28 - [MESSAGE][PASSED] - Delayed 2 second(s)

2018-10-20 23:59:28 - [TEST_STEP][PASSED] - click: Object: 'Object Repository/Final Object Repo/Page_Form 3 EIS - Cessation as Employer/Message Your Request will be routed to UO' is clicked on

2018-10-20 23:59:32 - [MESSAGE][PASSED] - Object: 'Object Repository/Final Object Repo/Page_Form 3 EIS - Cessation as Employer/Message Your Request will be routed to UO' is clicked on

2018-10-20 23:59:32 - [TEST_STEP][PASSED] - click: Object: 'Object Repository/Final Object Repo/Page_Form 3 EIS - Cessation as Employer/Letter of acknowledgement' is clicked on

2018-10-20 23:59:33 - [MESSAGE][PASSED] - Object: 'Object Repository/Final Object Repo/Page_Form 3 EIS - Cessation as Employer/Letter of acknowledgement' is clicked on

2018-10-20 23:59:33 - [MESSAGE][PASSED] - Call Test Case 'Test Cases/Final Aug 2018 - PKS Automation/Registration Module/Workflow/Form 3 EIS - Cessation As Employer/Template/Form 3 A - Cessation As Employer (PKRBO)' successfully

2018-10-20 23:59:33 - [TEST_STEP][FAILED] - callTestCase: Unable to call Test Case with id 'Test Cases/Final Aug 2018 - PKS Automation/Registration Module/Workflow/Form 3 EIS - Cessation As Employer/Template/Form 3 A - Cessation As Employer (Query)' (Root cause: Call Test Case 'Test Cases/Final Aug 2018 - PKS Automation/Registration Module/Workflow/Form 3 EIS - Cessation As Employer/Template/Form 3 A - Cessation As Employer (Query)' failed)

2018-10-20 23:59:33 - [TEST_CASE][FAILED] - Test Cases/Final Aug 2018 - PKS Automation/Registration Module/Workflow/Form 3 EIS - Cessation As Employer/Template/Form 3 A - Cessation As Employer (Query): Test Cases/Final Aug 2018 - PKS Automation/Registration Module/Workflow/Form 3 EIS - Cessation As Employer/Template/Form 3 A - Cessation As Employer (Query) FAILED because (of) (Stack trace: com.kms.katalon.core.exception.StepFailedException: Unable to click on object 'Object Repository/Final Object Repo/Landing Page/Select to English' (Root cause: com.kms.katalon.core.webui.exception.WebElementNotFoundException: Web element with id: 'Object Repository/Final Object Repo/Landing Page/Select to English' located by 'By.xpath: //a[@class = 'taglib-language-list-text' and @lang = 'en-US' and (contains(text(), 'EN') or contains(., 'EN'))]' not found)
	at com.kms.katalon.core.keyword.internal.KeywordMain.stepFailed(KeywordMain.groovy:32)
	at com.kms.katalon.core.webui.keyword.internal.WebUIKeywordMain.stepFailed(WebUIKeywordMain.groovy:65)
	at com.kms.katalon.core.webui.keyword.internal.WebUIKeywordMain.runKeyword(WebUIKeywordMain.groovy:27)
	at com.kms.katalon.core.webui.keyword.builtin.ClickKeyword.click(ClickKeyword.groovy:86)
	at com.kms.katalon.core.webui.keyword.builtin.ClickKeyword.execute(ClickKeyword.groovy:67)
	at com.kms.katalon.core.keyword.internal.KeywordExecutor.executeKeywordForPlatform(KeywordExecutor.groovy:53)
	at com.kms.katalon.core.webui.keyword.WebUiBuiltInKeywords.click(WebUiBuiltInKeywords.groovy:604)
	at com.kms.katalon.core.webui.keyword.WebUiBuiltInKeywords$click$8.call(Unknown Source)
	at Script1534407542420.run(Script1534407542420.groovy:57)
	at com.kms.katalon.core.main.ScriptEngine.run(ScriptEngine.java:183)
	at com.kms.katalon.core.main.ScriptEngine.runScriptAsRawText(ScriptEngine.java:108)
	at com.kms.katalon.core.main.TestCaseExecutor.runScript(TestCaseExecutor.java:294)
	at com.kms.katalon.core.main.TestCaseExecutor.doExecute(TestCaseExecutor.java:285)
	at com.kms.katalon.core.main.TestCaseExecutor.processExecutionPhase(TestCaseExecutor.java:264)
	at com.kms.katalon.core.main.TestCaseExecutor.accessMainPhase(TestCaseExecutor.java:256)
	at com.kms.katalon.core.main.TestCaseExecutor.execute(TestCaseExecutor.java:200)
	at com.kms.katalon.core.main.TestCaseMain.runTestCase(TestCaseMain.java:99)
	at com.kms.katalon.core.keyword.builtin.CallTestCaseKeyword$_callTestCase_closure1.doCall(CallTestCaseKeyword.groovy:60)
	at com.kms.katalon.core.keyword.builtin.CallTestCaseKeyword$_callTestCase_closure1.call(CallTestCaseKeyword.groovy)
	at com.kms.katalon.core.keyword.internal.KeywordMain.runKeyword(KeywordMain.groovy:54)
	at com.kms.katalon.core.keyword.builtin.CallTestCaseKeyword.callTestCase(CallTestCaseKeyword.groovy:81)
	at com.kms.katalon.core.keyword.builtin.CallTestCaseKeyword.execute(CallTestCaseKeyword.groovy:45)
	at com.kms.katalon.core.keyword.internal.KeywordExecutor.executeKeywordForPlatform(KeywordExecutor.groovy:53)
	at com.kms.katalon.core.keyword.BuiltinKeywords.callTestCase(BuiltinKeywords.groovy:334)
	at sun.reflect.GeneratedMethodAccessor13.invoke(Unknown Source)
	at sun.reflect.DelegatingMethodAccessorImpl.invoke(DelegatingMethodAccessorImpl.java:43)
	at java.lang.reflect.Method.invoke(Method.java:498)
	at org.codehaus.groovy.reflection.CachedMethod.invoke(CachedMethod.java:93)
	at groovy.lang.MetaMethod.doMethodInvoke(MetaMethod.java:325)
	at groovy.lang.MetaClassImpl.invokeStaticMethod(MetaClassImpl.java:1469)
	at org.codehaus.groovy.runtime.callsite.StaticMetaClassSite.call(StaticMetaClassSite.java:53)
	at org.codehaus.groovy.runtime.callsite.AbstractCallSite.call(AbstractCallSite.java:141)
	at Script1536114876563.run(Script1536114876563.groovy:34)
	at com.kms.katalon.core.main.ScriptEngine.run(ScriptEngine.java:183)
	at com.kms.katalon.core.main.ScriptEngine.runScriptAsRawText(ScriptEngine.java:108)
	at com.kms.katalon.core.main.TestCaseExecutor.runScript(TestCaseExecutor.java:294)
	at com.kms.katalon.core.main.TestCaseExecutor.doExecute(TestCaseExecutor.java:285)
	at com.kms.katalon.core.main.TestCaseExecutor.processExecutionPhase(TestCaseExecutor.java:264)
	at com.kms.katalon.core.main.TestCaseExecutor.accessMainPhase(TestCaseExecutor.java:256)
	at com.kms.katalon.core.main.TestCaseExecutor.execute(TestCaseExecutor.java:200)
	at com.kms.katalon.core.main.TestCaseMain.runTestCase(TestCaseMain.java:99)
	at com.kms.katalon.core.keyword.builtin.CallTestCaseKeyword$_callTestCase_closure1.doCall(CallTestCaseKeyword.groovy:60)
	at com.kms.katalon.core.keyword.builtin.CallTestCaseKeyword$_callTestCase_closure1.call(CallTestCaseKeyword.groovy)
	at com.kms.katalon.core.keyword.internal.KeywordMain.runKeyword(KeywordMain.groovy:54)
	at com.kms.katalon.core.keyword.builtin.CallTestCaseKeyword.callTestCase(CallTestCaseKeyword.groovy:81)
	at com.kms.katalon.core.keyword.builtin.CallTestCaseKeyword.execute(CallTestCaseKeyword.groovy:45)
	at com.kms.katalon.core.keyword.internal.KeywordExecutor.executeKeywordForPlatform(KeywordExecutor.groovy:53)
	at com.kms.katalon.core.keyword.BuiltinKeywords.callTestCase(BuiltinKeywords.groovy:334)
	at sun.reflect.GeneratedMethodAccessor13.invoke(Unknown Source)
	at sun.reflect.DelegatingMethodAccessorImpl.invoke(DelegatingMethodAccessorImpl.java:43)
	at java.lang.reflect.Method.invoke(Method.java:498)
	at org.codehaus.groovy.reflection.CachedMethod.invoke(CachedMethod.java:93)
	at groovy.lang.MetaMethod.doMethodInvoke(MetaMethod.java:325)
	at groovy.lang.MetaClassImpl.invokeStaticMethod(MetaClassImpl.java:1469)
	at org.codehaus.groovy.runtime.callsite.StaticMetaClassSite.call(StaticMetaClassSite.java:53)
	at org.codehaus.groovy.runtime.callsite.CallSiteArray.defaultCall(CallSiteArray.java:48)
	at org.codehaus.groovy.runtime.callsite.AbstractCallSite.call(AbstractCallSite.java:113)
	at org.codehaus.groovy.runtime.callsite.AbstractCallSite.call(AbstractCallSite.java:141)
	at Script1536204651962.run(Script1536204651962.groovy:25)
	at com.kms.katalon.core.main.ScriptEngine.run(ScriptEngine.java:183)
	at com.kms.katalon.core.main.ScriptEngine.runScriptAsRawText(ScriptEngine.java:108)
	at com.kms.katalon.core.main.TestCaseExecutor.runScript(TestCaseExecutor.java:294)
	at com.kms.katalon.core.main.TestCaseExecutor.doExecute(TestCaseExecutor.java:285)
	at com.kms.katalon.core.main.TestCaseExecutor.processExecutionPhase(TestCaseExecutor.java:264)
	at com.kms.katalon.core.main.TestCaseExecutor.accessMainPhase(TestCaseExecutor.java:256)
	at com.kms.katalon.core.main.TestCaseExecutor.execute(TestCaseExecutor.java:200)
	at com.kms.katalon.core.main.TestSuiteExecutor.accessTestCaseMainPhase(TestSuiteExecutor.java:129)
	at com.kms.katalon.core.main.TestSuiteExecutor.accessTestSuiteMainPhase(TestSuiteExecutor.java:112)
	at com.kms.katalon.core.main.TestSuiteExecutor.execute(TestSuiteExecutor.java:81)
	at com.kms.katalon.core.main.TestCaseMain.startTestSuite(TestCaseMain.java:142)
	at com.kms.katalon.core.main.TestCaseMain$startTestSuite$0.call(Unknown Source)
	at org.codehaus.groovy.runtime.callsite.CallSiteArray.defaultCall(CallSiteArray.java:48)
	at org.codehaus.groovy.runtime.callsite.AbstractCallSite.call(AbstractCallSite.java:113)
	at org.codehaus.groovy.runtime.callsite.AbstractCallSite.call(AbstractCallSite.java:141)
	at TempTestSuite1540025489648.run(TempTestSuite1540025489648.groovy:36)
	at groovy.lang.GroovyShell.runScriptOrMainOrTestOrRunnable(GroovyShell.java:263)
	at groovy.lang.GroovyShell.run(GroovyShell.java:518)
	at groovy.lang.GroovyShell.run(GroovyShell.java:507)
	at groovy.ui.GroovyMain.processOnce(GroovyMain.java:653)
	at groovy.ui.GroovyMain.run(GroovyMain.java:384)
	at groovy.ui.GroovyMain.process(GroovyMain.java:370)
	at groovy.ui.GroovyMain.processArgs(GroovyMain.java:129)
	at groovy.ui.GroovyMain.main(GroovyMain.java:109)
	at sun.reflect.NativeMethodAccessorImpl.invoke0(Native Method)
	at sun.reflect.NativeMethodAccessorImpl.invoke(NativeMethodAccessorImpl.java:62)
	at sun.reflect.DelegatingMethodAccessorImpl.invoke(DelegatingMethodAccessorImpl.java:43)
	at java.lang.reflect.Method.invoke(Method.java:498)
	at org.codehaus.groovy.tools.GroovyStarter.rootLoader(GroovyStarter.java:109)
	at org.codehaus.groovy.tools.GroovyStarter.main(GroovyStarter.java:131)
)

2018-10-20 23:59:33 - [TEST_STEP][NOT_RUN] - callTestCase: NOT_RUN: callTestCase

2018-10-20 23:59:33 - [MESSAGE][NOT_RUN] - NOT_RUN: callTestCase

2018-10-20 23:59:33 - [TEST_STEP][PASSED] - delay: Delayed 1 second(s)

2018-10-20 23:59:34 - [MESSAGE][PASSED] - Delayed 1 second(s)

2018-10-20 23:59:34 - [TEST_STEP][PASSED] - navigateToUrl: Navigate to 'https://assist2-uat.perkeso.gov.my/c/portal/logout' successfully

2018-10-20 23:59:35 - [MESSAGE][PASSED] - Navigate to 'https://assist2-uat.perkeso.gov.my/c/portal/logout' successfully

2018-10-20 23:59:35 - [TEST_STEP][PASSED] - delay: Delayed 1 second(s)

2018-10-20 23:59:36 - [MESSAGE][PASSED] - Delayed 1 second(s)

2018-10-20 23:59:36 - [TEST_STEP][PASSED] - callTestCase: Call Test Case 'Test Cases/Final Aug 2018 - PKS Automation/Common/Reference Number Getter' successfully

2018-10-20 23:59:36 - [TEST_CASE][PASSED] - Test Cases/Final Aug 2018 - PKS Automation/Common/Reference Number Getter: Test Cases/Final Aug 2018 - PKS Automation/Common/Reference Number Getter

2018-10-20 23:59:36 - [TEST_STEP][PASSED] - Statement - Try: null

2018-10-20 23:59:36 - [TEST_STEP][PASSED] - Statement - RefNo = new java.io.File(C://KatalonReference.txt): null

2018-10-20 23:59:36 - [TEST_STEP][PASSED] - Statement - bufferread = new java.io.BufferedReader(new java.io.FileReader(RefNo)): null

2018-10-20 23:59:36 - [TEST_STEP][PASSED] - Statement - readedVal = bufferread.readLine(): null

2018-10-20 23:59:36 - [TEST_STEP][PASSED] - Statement - out.println(CaseReferenceNo): null

2018-10-20 23:59:36 - [TEST_STEP][PASSED] - Statement - out.println(readedVal): null

2018-10-20 23:59:36 - [TEST_STEP][PASSED] - Statement - CaseReferenceNo = readedVal: null

2018-10-20 23:59:36 - [MESSAGE][PASSED] - Call Test Case 'Test Cases/Final Aug 2018 - PKS Automation/Common/Reference Number Getter' successfully

2018-10-20 23:59:36 - [TEST_STEP][FAILED] - callTestCase: Unable to call Test Case with id 'Test Cases/Final Aug 2018 - PKS Automation/Common/Workflow Owner Finder' (Root cause: Call Test Case 'Test Cases/Final Aug 2018 - PKS Automation/Common/Workflow Owner Finder' failed)

2018-10-20 23:59:36 - [TEST_CASE][FAILED] - Test Cases/Final Aug 2018 - PKS Automation/Common/Workflow Owner Finder: Test Cases/Final Aug 2018 - PKS Automation/Common/Workflow Owner Finder FAILED because (of) (Stack trace: com.kms.katalon.core.exception.StepFailedException: Unable to click on object 'Object Repository/Final Object Repo/Landing Page/Select to English' (Root cause: com.kms.katalon.core.webui.exception.WebElementNotFoundException: Web element with id: 'Object Repository/Final Object Repo/Landing Page/Select to English' located by 'By.xpath: //a[@class = 'taglib-language-list-text' and @lang = 'en-US' and (contains(text(), 'EN') or contains(., 'EN'))]' not found)
	at com.kms.katalon.core.keyword.internal.KeywordMain.stepFailed(KeywordMain.groovy:32)
	at com.kms.katalon.core.webui.keyword.internal.WebUIKeywordMain.stepFailed(WebUIKeywordMain.groovy:65)
	at com.kms.katalon.core.webui.keyword.internal.WebUIKeywordMain.runKeyword(WebUIKeywordMain.groovy:27)
	at com.kms.katalon.core.webui.keyword.builtin.ClickKeyword.click(ClickKeyword.groovy:86)
	at com.kms.katalon.core.webui.keyword.builtin.ClickKeyword.execute(ClickKeyword.groovy:67)
	at com.kms.katalon.core.keyword.internal.KeywordExecutor.executeKeywordForPlatform(KeywordExecutor.groovy:53)
	at com.kms.katalon.core.webui.keyword.WebUiBuiltInKeywords.click(WebUiBuiltInKeywords.groovy:604)
	at com.kms.katalon.core.webui.keyword.WebUiBuiltInKeywords$click$8.call(Unknown Source)
	at Script1534407542420.run(Script1534407542420.groovy:57)
	at com.kms.katalon.core.main.ScriptEngine.run(ScriptEngine.java:183)
	at com.kms.katalon.core.main.ScriptEngine.runScriptAsRawText(ScriptEngine.java:108)
	at com.kms.katalon.core.main.TestCaseExecutor.runScript(TestCaseExecutor.java:294)
	at com.kms.katalon.core.main.TestCaseExecutor.doExecute(TestCaseExecutor.java:285)
	at com.kms.katalon.core.main.TestCaseExecutor.processExecutionPhase(TestCaseExecutor.java:264)
	at com.kms.katalon.core.main.TestCaseExecutor.accessMainPhase(TestCaseExecutor.java:256)
	at com.kms.katalon.core.main.TestCaseExecutor.execute(TestCaseExecutor.java:200)
	at com.kms.katalon.core.main.TestCaseMain.runTestCase(TestCaseMain.java:99)
	at com.kms.katalon.core.keyword.builtin.CallTestCaseKeyword$_callTestCase_closure1.doCall(CallTestCaseKeyword.groovy:60)
	at com.kms.katalon.core.keyword.builtin.CallTestCaseKeyword$_callTestCase_closure1.call(CallTestCaseKeyword.groovy)
	at com.kms.katalon.core.keyword.internal.KeywordMain.runKeyword(KeywordMain.groovy:54)
	at com.kms.katalon.core.keyword.builtin.CallTestCaseKeyword.callTestCase(CallTestCaseKeyword.groovy:81)
	at com.kms.katalon.core.keyword.builtin.CallTestCaseKeyword.execute(CallTestCaseKeyword.groovy:45)
	at com.kms.katalon.core.keyword.internal.KeywordExecutor.executeKeywordForPlatform(KeywordExecutor.groovy:53)
	at com.kms.katalon.core.keyword.BuiltinKeywords.callTestCase(BuiltinKeywords.groovy:334)
	at sun.reflect.GeneratedMethodAccessor13.invoke(Unknown Source)
	at sun.reflect.DelegatingMethodAccessorImpl.invoke(DelegatingMethodAccessorImpl.java:43)
	at java.lang.reflect.Method.invoke(Method.java:498)
	at org.codehaus.groovy.reflection.CachedMethod.invoke(CachedMethod.java:93)
	at groovy.lang.MetaMethod.doMethodInvoke(MetaMethod.java:325)
	at groovy.lang.MetaClassImpl.invokeStaticMethod(MetaClassImpl.java:1469)
	at org.codehaus.groovy.runtime.callsite.StaticMetaClassSite.call(StaticMetaClassSite.java:53)
	at org.codehaus.groovy.runtime.callsite.AbstractCallSite.call(AbstractCallSite.java:141)
	at Script1536114876563.run(Script1536114876563.groovy:34)
	at com.kms.katalon.core.main.ScriptEngine.run(ScriptEngine.java:183)
	at com.kms.katalon.core.main.ScriptEngine.runScriptAsRawText(ScriptEngine.java:108)
	at com.kms.katalon.core.main.TestCaseExecutor.runScript(TestCaseExecutor.java:294)
	at com.kms.katalon.core.main.TestCaseExecutor.doExecute(TestCaseExecutor.java:285)
	at com.kms.katalon.core.main.TestCaseExecutor.processExecutionPhase(TestCaseExecutor.java:264)
	at com.kms.katalon.core.main.TestCaseExecutor.accessMainPhase(TestCaseExecutor.java:256)
	at com.kms.katalon.core.main.TestCaseExecutor.execute(TestCaseExecutor.java:200)
	at com.kms.katalon.core.main.TestCaseMain.runTestCase(TestCaseMain.java:99)
	at com.kms.katalon.core.keyword.builtin.CallTestCaseKeyword$_callTestCase_closure1.doCall(CallTestCaseKeyword.groovy:60)
	at com.kms.katalon.core.keyword.builtin.CallTestCaseKeyword$_callTestCase_closure1.call(CallTestCaseKeyword.groovy)
	at com.kms.katalon.core.keyword.internal.KeywordMain.runKeyword(KeywordMain.groovy:54)
	at com.kms.katalon.core.keyword.builtin.CallTestCaseKeyword.callTestCase(CallTestCaseKeyword.groovy:81)
	at com.kms.katalon.core.keyword.builtin.CallTestCaseKeyword.execute(CallTestCaseKeyword.groovy:45)
	at com.kms.katalon.core.keyword.internal.KeywordExecutor.executeKeywordForPlatform(KeywordExecutor.groovy:53)
	at com.kms.katalon.core.keyword.BuiltinKeywords.callTestCase(BuiltinKeywords.groovy:334)
	at sun.reflect.GeneratedMethodAccessor13.invoke(Unknown Source)
	at sun.reflect.DelegatingMethodAccessorImpl.invoke(DelegatingMethodAccessorImpl.java:43)
	at java.lang.reflect.Method.invoke(Method.java:498)
	at org.codehaus.groovy.reflection.CachedMethod.invoke(CachedMethod.java:93)
	at groovy.lang.MetaMethod.doMethodInvoke(MetaMethod.java:325)
	at groovy.lang.MetaClassImpl.invokeStaticMethod(MetaClassImpl.java:1469)
	at org.codehaus.groovy.runtime.callsite.StaticMetaClassSite.call(StaticMetaClassSite.java:53)
	at org.codehaus.groovy.runtime.callsite.CallSiteArray.defaultCall(CallSiteArray.java:48)
	at org.codehaus.groovy.runtime.callsite.AbstractCallSite.call(AbstractCallSite.java:113)
	at org.codehaus.groovy.runtime.callsite.AbstractCallSite.call(AbstractCallSite.java:141)
	at Script1536204651962.run(Script1536204651962.groovy:25)
	at com.kms.katalon.core.main.ScriptEngine.run(ScriptEngine.java:183)
	at com.kms.katalon.core.main.ScriptEngine.runScriptAsRawText(ScriptEngine.java:108)
	at com.kms.katalon.core.main.TestCaseExecutor.runScript(TestCaseExecutor.java:294)
	at com.kms.katalon.core.main.TestCaseExecutor.doExecute(TestCaseExecutor.java:285)
	at com.kms.katalon.core.main.TestCaseExecutor.processExecutionPhase(TestCaseExecutor.java:264)
	at com.kms.katalon.core.main.TestCaseExecutor.accessMainPhase(TestCaseExecutor.java:256)
	at com.kms.katalon.core.main.TestCaseExecutor.execute(TestCaseExecutor.java:200)
	at com.kms.katalon.core.main.TestSuiteExecutor.accessTestCaseMainPhase(TestSuiteExecutor.java:129)
	at com.kms.katalon.core.main.TestSuiteExecutor.accessTestSuiteMainPhase(TestSuiteExecutor.java:112)
	at com.kms.katalon.core.main.TestSuiteExecutor.execute(TestSuiteExecutor.java:81)
	at com.kms.katalon.core.main.TestCaseMain.startTestSuite(TestCaseMain.java:142)
	at com.kms.katalon.core.main.TestCaseMain$startTestSuite$0.call(Unknown Source)
	at org.codehaus.groovy.runtime.callsite.CallSiteArray.defaultCall(CallSiteArray.java:48)
	at org.codehaus.groovy.runtime.callsite.AbstractCallSite.call(AbstractCallSite.java:113)
	at org.codehaus.groovy.runtime.callsite.AbstractCallSite.call(AbstractCallSite.java:141)
	at TempTestSuite1540025489648.run(TempTestSuite1540025489648.groovy:36)
	at groovy.lang.GroovyShell.runScriptOrMainOrTestOrRunnable(GroovyShell.java:263)
	at groovy.lang.GroovyShell.run(GroovyShell.java:518)
	at groovy.lang.GroovyShell.run(GroovyShell.java:507)
	at groovy.ui.GroovyMain.processOnce(GroovyMain.java:653)
	at groovy.ui.GroovyMain.run(GroovyMain.java:384)
	at groovy.ui.GroovyMain.process(GroovyMain.java:370)
	at groovy.ui.GroovyMain.processArgs(GroovyMain.java:129)
	at groovy.ui.GroovyMain.main(GroovyMain.java:109)
	at sun.reflect.NativeMethodAccessorImpl.invoke0(Native Method)
	at sun.reflect.NativeMethodAccessorImpl.invoke(NativeMethodAccessorImpl.java:62)
	at sun.reflect.DelegatingMethodAccessorImpl.invoke(DelegatingMethodAccessorImpl.java:43)
	at java.lang.reflect.Method.invoke(Method.java:498)
	at org.codehaus.groovy.tools.GroovyStarter.rootLoader(GroovyStarter.java:109)
	at org.codehaus.groovy.tools.GroovyStarter.main(GroovyStarter.java:131)
)

2018-10-20 23:59:36 - [TEST_STEP][PASSED] - openBrowser: Browser is opened with url: ''

2018-10-20 23:59:36 - [MESSAGE][WARNING] - A browser is already opened. Closing browser and opening a new one

2018-10-20 23:59:40 - [MESSAGE][PASSED] - Browser is opened with url: ''

2018-10-20 23:59:40 - [TEST_STEP][PASSED] - navigateToUrl: Navigate to 'https://assist2-uat.perkeso.gov.my/login' successfully

2018-10-20 23:59:42 - [MESSAGE][PASSED] - Navigate to 'https://assist2-uat.perkeso.gov.my/login' successfully

2018-10-20 23:59:42 - [TEST_STEP][PASSED] - delay: Delayed 5 second(s)

2018-10-20 23:59:47 - [MESSAGE][PASSED] - Delayed 5 second(s)

2018-10-20 23:59:47 - [TEST_STEP][PASSED] - setText: Text 'test@liferay.com' is set on object 'Object Repository/Final Object Repo/Login Page/Internal User/Email Address'

2018-10-20 23:59:47 - [MESSAGE][PASSED] - Text 'test@liferay.com' is set on object 'Object Repository/Final Object Repo/Login Page/Internal User/Email Address'

2018-10-20 23:59:47 - [TEST_STEP][PASSED] - click: Object: 'Object Repository/Final Object Repo/Login Page/Internal User/Next Button' is clicked on

2018-10-20 23:59:48 - [MESSAGE][PASSED] - Object: 'Object Repository/Final Object Repo/Login Page/Internal User/Next Button' is clicked on

2018-10-20 23:59:48 - [TEST_STEP][PASSED] - delay: Delayed 2 second(s)

2018-10-20 23:59:50 - [MESSAGE][PASSED] - Delayed 2 second(s)

2018-10-20 23:59:50 - [TEST_STEP][PASSED] - setText: Text 'test' is set on object 'Object Repository/Final Object Repo/Login Page/Internal User/Password'

2018-10-20 23:59:50 - [MESSAGE][PASSED] - Text 'test' is set on object 'Object Repository/Final Object Repo/Login Page/Internal User/Password'

2018-10-20 23:59:50 - [TEST_STEP][PASSED] - delay: Delayed 2 second(s)

2018-10-20 23:59:52 - [MESSAGE][PASSED] - Delayed 2 second(s)

2018-10-20 23:59:52 - [TEST_STEP][PASSED] - click: Object: 'Object Repository/Final Object Repo/Login Page/Internal User/Login Button' is clicked on

2018-10-20 23:59:52 - [MESSAGE][PASSED] - Object: 'Object Repository/Final Object Repo/Login Page/Internal User/Login Button' is clicked on

2018-10-20 23:59:52 - [TEST_STEP][FAILED] - Statement - Try: Delayed 2 second(s)

2018-10-20 23:59:52 - [TEST_STEP][PASSED] - Statement - Checker = false: null

2018-10-20 23:59:52 - [TEST_STEP][PASSED] - Statement - Checker = com.kms.katalon.core.webui.keyword.WebUiBuiltInKeywords.verifyElementHasAttribute(com.kms.katalon.core.testobject.ObjectRepository.findTestObject(Final Object Repo/Landing Page/BM Detecting), "href", 20, OPTIONAL): Unable to verify if object 'Object Repository/Final Object Repo/Landing Page/BM Detecting' has attribute 'href' (Root cause: org.openqa.selenium.StaleElementReferenceException: stale element reference: element is not attached to the page document
  (Session info: chrome=69.0.3497.100)
  (Driver info: chromedriver=2.35.528161 (5b82f2d2aae0ca24b877009200ced9065a772e73),platform=Windows NT 6.1.7601 SP1 x86_64) (WARNING: The server did not provide any stacktrace information)
Command duration or timeout: 0 milliseconds
For documentation on this error, please visit: http://seleniumhq.org/exceptions/stale_element_reference.html
Build info: version: '3.7.1', revision: '8a0099a', time: '2017-11-06T21:07:36.161Z'
System info: host: 'WEIZHENG', ip: '192.168.137.1', os.name: 'Windows 7', os.arch: 'amd64', os.version: '6.1', java.version: '1.8.0_181'
Driver info: com.kms.katalon.selenium.driver.CChromeDriver
Capabilities {acceptInsecureCerts: false, acceptSslCerts: false, applicationCacheEnabled: false, browserConnectionEnabled: false, browserName: chrome, chrome: {chromedriverVersion: 2.35.528161 (5b82f2d2aae0ca..., userDataDir: C:\Users\WEIZHE~1\AppData\L...}, cssSelectorsEnabled: true, databaseEnabled: false, handlesAlerts: true, hasTouchScreen: false, javascriptEnabled: true, locationContextEnabled: true, mobileEmulationEnabled: false, nativeEvents: true, networkConnectionEnabled: false, pageLoadStrategy: normal, platform: XP, platformName: XP, rotatable: false, setWindowRect: true, takesHeapSnapshot: true, takesScreenshot: true, unexpectedAlertBehaviour: , unhandledPromptBehavior: , version: 69.0.3497.100, webStorageEnabled: true}
Session ID: 05ae690e444541c2d6abe2a7cdef1033)

2018-10-20 23:59:55 - [MESSAGE][WARNING] - Unable to verify if object 'Object Repository/Final Object Repo/Landing Page/BM Detecting' has attribute 'href' (Root cause: org.openqa.selenium.StaleElementReferenceException: stale element reference: element is not attached to the page document
  (Session info: chrome=69.0.3497.100)
  (Driver info: chromedriver=2.35.528161 (5b82f2d2aae0ca24b877009200ced9065a772e73),platform=Windows NT 6.1.7601 SP1 x86_64) (WARNING: The server did not provide any stacktrace information)
Command duration or timeout: 0 milliseconds
For documentation on this error, please visit: http://seleniumhq.org/exceptions/stale_element_reference.html
Build info: version: '3.7.1', revision: '8a0099a', time: '2017-11-06T21:07:36.161Z'
System info: host: 'WEIZHENG', ip: '192.168.137.1', os.name: 'Windows 7', os.arch: 'amd64', os.version: '6.1', java.version: '1.8.0_181'
Driver info: com.kms.katalon.selenium.driver.CChromeDriver
Capabilities {acceptInsecureCerts: false, acceptSslCerts: false, applicationCacheEnabled: false, browserConnectionEnabled: false, browserName: chrome, chrome: {chromedriverVersion: 2.35.528161 (5b82f2d2aae0ca..., userDataDir: C:\Users\WEIZHE~1\AppData\L...}, cssSelectorsEnabled: true, databaseEnabled: false, handlesAlerts: true, hasTouchScreen: false, javascriptEnabled: true, locationContextEnabled: true, mobileEmulationEnabled: false, nativeEvents: true, networkConnectionEnabled: false, pageLoadStrategy: normal, platform: XP, platformName: XP, rotatable: false, setWindowRect: true, takesHeapSnapshot: true, takesScreenshot: true, unexpectedAlertBehaviour: , unhandledPromptBehavior: , version: 69.0.3497.100, webStorageEnabled: true}
Session ID: 05ae690e444541c2d6abe2a7cdef1033)
[[ATTACHMENT|C:\\Users\\LENOVO\\Katalon Studio\\Perkeso Phase A\\Reports\\Workflow\\Form 3 EIS - Cessation as Employer\\20181020_165129\\1540051195218.png]]

2018-10-20 23:59:55 - [TEST_STEP][PASSED] - Statement - out.println(Checker): null

2018-10-20 23:59:55 - [TEST_STEP][FAILED] - Statement - If (Checker == false): Unable to click on object 'Object Repository/Final Object Repo/Landing Page/Select to English' (Root cause: com.kms.katalon.core.webui.exception.WebElementNotFoundException: Web element with id: 'Object Repository/Final Object Repo/Landing Page/Select to English' located by 'By.xpath: //a[@class = 'taglib-language-list-text' and @lang = 'en-US' and (contains(text(), 'EN') or contains(., 'EN'))]' not found)

2018-10-20 23:59:55 - [TEST_STEP][FAILED] - click: Unable to click on object 'Object Repository/Final Object Repo/Landing Page/Select to English' (Root cause: com.kms.katalon.core.webui.exception.WebElementNotFoundException: Web element with id: 'Object Repository/Final Object Repo/Landing Page/Select to English' located by 'By.xpath: //a[@class = 'taglib-language-list-text' and @lang = 'en-US' and (contains(text(), 'EN') or contains(., 'EN'))]' not found)

2018-10-21 00:00:35 - [MESSAGE][FAILED] - Unable to click on object 'Object Repository/Final Object Repo/Landing Page/Select to English' (Root cause: com.kms.katalon.core.webui.exception.WebElementNotFoundException: Web element with id: 'Object Repository/Final Object Repo/Landing Page/Select to English' located by 'By.xpath: //a[@class = 'taglib-language-list-text' and @lang = 'en-US' and (contains(text(), 'EN') or contains(., 'EN'))]' not found)
[[ATTACHMENT|C:\\Users\\LENOVO\\Katalon Studio\\Perkeso Phase A\\Reports\\Workflow\\Form 3 EIS - Cessation as Employer\\20181020_165129\\1540051235051.png]]

2018-10-21 00:00:35 - [TEST_STEP][PASSED] - delay: Delayed 2 second(s)

2018-10-21 00:00:37 - [MESSAGE][PASSED] - Delayed 2 second(s)

2018-10-21 00:00:37 - [TEST_STEP][PASSED] - delay: Delayed 3 second(s)

2018-10-21 00:00:40 - [MESSAGE][PASSED] - Delayed 3 second(s)

2018-10-21 00:00:40 - [TEST_STEP][PASSED] - mouseOver: Object: 'Object Repository/Final Object Repo/Landing Page/WorkFlow Menu' is hovered

2018-10-21 00:00:40 - [MESSAGE][PASSED] - Object: 'Object Repository/Final Object Repo/Landing Page/WorkFlow Menu' is hovered

2018-10-21 00:00:40 - [TEST_STEP][PASSED] - delay: Delayed 2 second(s)

2018-10-21 00:00:42 - [MESSAGE][PASSED] - Delayed 2 second(s)

2018-10-21 00:00:42 - [TEST_STEP][PASSED] - click: Object: 'Object Repository/Final Object Repo/Landing Page/Select to Workflow Listing' is clicked on

2018-10-21 00:00:43 - [MESSAGE][PASSED] - Object: 'Object Repository/Final Object Repo/Landing Page/Select to Workflow Listing' is clicked on

2018-10-21 00:00:43 - [TEST_STEP][PASSED] - delay: Delayed 2 second(s)

2018-10-21 00:00:45 - [MESSAGE][PASSED] - Delayed 2 second(s)

2018-10-21 00:00:45 - [TEST_STEP][PASSED] - click: Object: 'Object Repository/Final Object Repo/WorkFlow Listing Page/Search Information - To Put Ref No' is clicked on

2018-10-21 00:00:45 - [MESSAGE][PASSED] - Object: 'Object Repository/Final Object Repo/WorkFlow Listing Page/Search Information - To Put Ref No' is clicked on

2018-10-21 00:00:45 - [TEST_STEP][PASSED] - delay: Delayed 2 second(s)

2018-10-21 00:00:47 - [MESSAGE][PASSED] - Delayed 2 second(s)

2018-10-21 00:00:47 - [TEST_STEP][PASSED] - callTestCase: Call Test Case 'Test Cases/Final Aug 2018 - PKS Automation/Common/Reference Number Getter' successfully

2018-10-21 00:00:47 - [TEST_CASE][PASSED] - Test Cases/Final Aug 2018 - PKS Automation/Common/Reference Number Getter: Test Cases/Final Aug 2018 - PKS Automation/Common/Reference Number Getter

2018-10-21 00:00:47 - [TEST_STEP][PASSED] - Statement - Try: null

2018-10-21 00:00:47 - [TEST_STEP][PASSED] - Statement - RefNo = new java.io.File(C://KatalonReference.txt): null

2018-10-21 00:00:47 - [TEST_STEP][PASSED] - Statement - bufferread = new java.io.BufferedReader(new java.io.FileReader(RefNo)): null

2018-10-21 00:00:47 - [TEST_STEP][PASSED] - Statement - readedVal = bufferread.readLine(): null

2018-10-21 00:00:47 - [TEST_STEP][PASSED] - Statement - out.println(CaseReferenceNo): null

2018-10-21 00:00:47 - [TEST_STEP][PASSED] - Statement - out.println(readedVal): null

2018-10-21 00:00:47 - [TEST_STEP][PASSED] - Statement - CaseReferenceNo = readedVal: null

2018-10-21 00:00:47 - [MESSAGE][PASSED] - Call Test Case 'Test Cases/Final Aug 2018 - PKS Automation/Common/Reference Number Getter' successfully

2018-10-21 00:00:47 - [TEST_STEP][PASSED] - setText: Text 'ERN102018C200002206' is set on object 'Object Repository/Final Object Repo/WorkFlow Listing Page/Ref No Set Text'

2018-10-21 00:00:48 - [MESSAGE][PASSED] - Text 'ERN102018C200002206' is set on object 'Object Repository/Final Object Repo/WorkFlow Listing Page/Ref No Set Text'

2018-10-21 00:00:48 - [TEST_STEP][PASSED] - delay: Delayed 2 second(s)

2018-10-21 00:00:50 - [MESSAGE][PASSED] - Delayed 2 second(s)

2018-10-21 00:00:50 - [TEST_STEP][PASSED] - click: Object: 'Object Repository/Final Object Repo/WorkFlow Listing Page/Search Ref No Search Button' is clicked on

2018-10-21 00:00:50 - [MESSAGE][PASSED] - Object: 'Object Repository/Final Object Repo/WorkFlow Listing Page/Search Ref No Search Button' is clicked on

2018-10-21 00:00:50 - [TEST_STEP][PASSED] - delay: Delayed 4 second(s)

2018-10-21 00:00:54 - [MESSAGE][PASSED] - Delayed 4 second(s)

2018-10-21 00:00:54 - [TEST_STEP][PASSED] - click: Object: 'Object Repository/Final Object Repo/WorkFlow Listing Page/Click Continue Tooltip' is clicked on

2018-10-21 00:00:55 - [MESSAGE][PASSED] - Object: 'Object Repository/Final Object Repo/WorkFlow Listing Page/Click Continue Tooltip' is clicked on

2018-10-21 00:00:55 - [TEST_STEP][PASSED] - delay: Delayed 5 second(s)

2018-10-21 00:01:00 - [MESSAGE][PASSED] - Delayed 5 second(s)

2018-10-21 00:01:00 - [TEST_STEP][PASSED] - doubleClick: Object: 'Object Repository/Final Object Repo/WorkFlow Listing Page/Workflow Found - Listing 1' is double clicked on

2018-10-21 00:01:00 - [MESSAGE][PASSED] - Object: 'Object Repository/Final Object Repo/WorkFlow Listing Page/Workflow Found - Listing 1' is double clicked on

2018-10-21 00:01:00 - [TEST_STEP][PASSED] - Statement - println(OwnerID): null

2018-10-21 00:01:00 - [TEST_STEP][PASSED] - Statement - OwnerID = com.kms.katalon.core.webui.keyword.WebUiBuiltInKeywords.getText(com.kms.katalon.core.testobject.ObjectRepository.findTestObject(Final Object Repo/WorkFlow Listing Page/Workflow Found - Listing 1), STOP_ON_FAILURE): Text of object 'Object Repository/Final Object Repo/WorkFlow Listing Page/Workflow Found - Listing 1' is: 'JOHORuo1'

2018-10-21 00:01:00 - [MESSAGE][PASSED] - Text of object 'Object Repository/Final Object Repo/WorkFlow Listing Page/Workflow Found - Listing 1' is: 'JOHORuo1'

2018-10-21 00:01:00 - [TEST_STEP][PASSED] - Statement - OwnerID = OwnerID.toLowerCase() + "@gmail.com": null

2018-10-21 00:01:00 - [TEST_STEP][PASSED] - Statement - println(OwnerID): null

2018-10-21 00:01:00 - [TEST_STEP][PASSED] - delay: Delayed 2 second(s)

2018-10-21 00:01:02 - [MESSAGE][PASSED] - Delayed 2 second(s)

2018-10-21 00:01:02 - [MESSAGE][FAILED] - Unable to call Test Case with id 'Test Cases/Final Aug 2018 - PKS Automation/Common/Workflow Owner Finder' (Root cause: Call Test Case 'Test Cases/Final Aug 2018 - PKS Automation/Common/Workflow Owner Finder' failed)

2018-10-21 00:01:02 - [MESSAGE][FAILED] - Unable to call Test Case with id 'Test Cases/Final Aug 2018 - PKS Automation/Registration Module/Workflow/Form 3 EIS - Cessation As Employer/Template/Form 3 A - Cessation As Employer (Query)' (Root cause: Call Test Case 'Test Cases/Final Aug 2018 - PKS Automation/Registration Module/Workflow/Form 3 EIS - Cessation As Employer/Template/Form 3 A - Cessation As Employer (Query)' failed)]]></system-out>
         <system-err><![CDATA[2018-10-20 23:58:33 - [TEST_CASE][FAILED] - Test Cases/Final Aug 2018 - PKS Automation/Registration Module/Workflow/Form 3 EIS - Cessation As Employer/PKRBO to UO (Query): Test Cases/Final Aug 2018 - PKS Automation/Registration Module/Workflow/Form 3 EIS - Cessation As Employer/PKRBO to UO (Query) FAILED because (of) (Stack trace: com.kms.katalon.core.exception.StepFailedException: Unable to click on object 'Object Repository/Final Object Repo/Landing Page/Select to English' (Root cause: com.kms.katalon.core.webui.exception.WebElementNotFoundException: Web element with id: 'Object Repository/Final Object Repo/Landing Page/Select to English' located by 'By.xpath: //a[@class = 'taglib-language-list-text' and @lang = 'en-US' and (contains(text(), 'EN') or contains(., 'EN'))]' not found)
	at com.kms.katalon.core.keyword.internal.KeywordMain.stepFailed(KeywordMain.groovy:32)
	at com.kms.katalon.core.webui.keyword.internal.WebUIKeywordMain.stepFailed(WebUIKeywordMain.groovy:65)
	at com.kms.katalon.core.webui.keyword.internal.WebUIKeywordMain.runKeyword(WebUIKeywordMain.groovy:27)
	at com.kms.katalon.core.webui.keyword.builtin.ClickKeyword.click(ClickKeyword.groovy:86)
	at com.kms.katalon.core.webui.keyword.builtin.ClickKeyword.execute(ClickKeyword.groovy:67)
	at com.kms.katalon.core.keyword.internal.KeywordExecutor.executeKeywordForPlatform(KeywordExecutor.groovy:53)
	at com.kms.katalon.core.webui.keyword.WebUiBuiltInKeywords.click(WebUiBuiltInKeywords.groovy:604)
	at com.kms.katalon.core.webui.keyword.WebUiBuiltInKeywords$click$8.call(Unknown Source)
	at Script1534407542420.run(Script1534407542420.groovy:57)
	at com.kms.katalon.core.main.ScriptEngine.run(ScriptEngine.java:183)
	at com.kms.katalon.core.main.ScriptEngine.runScriptAsRawText(ScriptEngine.java:108)
	at com.kms.katalon.core.main.TestCaseExecutor.runScript(TestCaseExecutor.java:294)
	at com.kms.katalon.core.main.TestCaseExecutor.doExecute(TestCaseExecutor.java:285)
	at com.kms.katalon.core.main.TestCaseExecutor.processExecutionPhase(TestCaseExecutor.java:264)
	at com.kms.katalon.core.main.TestCaseExecutor.accessMainPhase(TestCaseExecutor.java:256)
	at com.kms.katalon.core.main.TestCaseExecutor.execute(TestCaseExecutor.java:200)
	at com.kms.katalon.core.main.TestCaseMain.runTestCase(TestCaseMain.java:99)
	at com.kms.katalon.core.keyword.builtin.CallTestCaseKeyword$_callTestCase_closure1.doCall(CallTestCaseKeyword.groovy:60)
	at com.kms.katalon.core.keyword.builtin.CallTestCaseKeyword$_callTestCase_closure1.call(CallTestCaseKeyword.groovy)
	at com.kms.katalon.core.keyword.internal.KeywordMain.runKeyword(KeywordMain.groovy:54)
	at com.kms.katalon.core.keyword.builtin.CallTestCaseKeyword.callTestCase(CallTestCaseKeyword.groovy:81)
	at com.kms.katalon.core.keyword.builtin.CallTestCaseKeyword.execute(CallTestCaseKeyword.groovy:45)
	at com.kms.katalon.core.keyword.internal.KeywordExecutor.executeKeywordForPlatform(KeywordExecutor.groovy:53)
	at com.kms.katalon.core.keyword.BuiltinKeywords.callTestCase(BuiltinKeywords.groovy:334)
	at sun.reflect.GeneratedMethodAccessor13.invoke(Unknown Source)
	at sun.reflect.DelegatingMethodAccessorImpl.invoke(DelegatingMethodAccessorImpl.java:43)
	at java.lang.reflect.Method.invoke(Method.java:498)
	at org.codehaus.groovy.reflection.CachedMethod.invoke(CachedMethod.java:93)
	at groovy.lang.MetaMethod.doMethodInvoke(MetaMethod.java:325)
	at groovy.lang.MetaClassImpl.invokeStaticMethod(MetaClassImpl.java:1469)
	at org.codehaus.groovy.runtime.callsite.StaticMetaClassSite.call(StaticMetaClassSite.java:53)
	at org.codehaus.groovy.runtime.callsite.AbstractCallSite.call(AbstractCallSite.java:141)
	at Script1536114876563.run(Script1536114876563.groovy:34)
	at com.kms.katalon.core.main.ScriptEngine.run(ScriptEngine.java:183)
	at com.kms.katalon.core.main.ScriptEngine.runScriptAsRawText(ScriptEngine.java:108)
	at com.kms.katalon.core.main.TestCaseExecutor.runScript(TestCaseExecutor.java:294)
	at com.kms.katalon.core.main.TestCaseExecutor.doExecute(TestCaseExecutor.java:285)
	at com.kms.katalon.core.main.TestCaseExecutor.processExecutionPhase(TestCaseExecutor.java:264)
	at com.kms.katalon.core.main.TestCaseExecutor.accessMainPhase(TestCaseExecutor.java:256)
	at com.kms.katalon.core.main.TestCaseExecutor.execute(TestCaseExecutor.java:200)
	at com.kms.katalon.core.main.TestCaseMain.runTestCase(TestCaseMain.java:99)
	at com.kms.katalon.core.keyword.builtin.CallTestCaseKeyword$_callTestCase_closure1.doCall(CallTestCaseKeyword.groovy:60)
	at com.kms.katalon.core.keyword.builtin.CallTestCaseKeyword$_callTestCase_closure1.call(CallTestCaseKeyword.groovy)
	at com.kms.katalon.core.keyword.internal.KeywordMain.runKeyword(KeywordMain.groovy:54)
	at com.kms.katalon.core.keyword.builtin.CallTestCaseKeyword.callTestCase(CallTestCaseKeyword.groovy:81)
	at com.kms.katalon.core.keyword.builtin.CallTestCaseKeyword.execute(CallTestCaseKeyword.groovy:45)
	at com.kms.katalon.core.keyword.internal.KeywordExecutor.executeKeywordForPlatform(KeywordExecutor.groovy:53)
	at com.kms.katalon.core.keyword.BuiltinKeywords.callTestCase(BuiltinKeywords.groovy:334)
	at sun.reflect.GeneratedMethodAccessor13.invoke(Unknown Source)
	at sun.reflect.DelegatingMethodAccessorImpl.invoke(DelegatingMethodAccessorImpl.java:43)
	at java.lang.reflect.Method.invoke(Method.java:498)
	at org.codehaus.groovy.reflection.CachedMethod.invoke(CachedMethod.java:93)
	at groovy.lang.MetaMethod.doMethodInvoke(MetaMethod.java:325)
	at groovy.lang.MetaClassImpl.invokeStaticMethod(MetaClassImpl.java:1469)
	at org.codehaus.groovy.runtime.callsite.StaticMetaClassSite.call(StaticMetaClassSite.java:53)
	at org.codehaus.groovy.runtime.callsite.CallSiteArray.defaultCall(CallSiteArray.java:48)
	at org.codehaus.groovy.runtime.callsite.AbstractCallSite.call(AbstractCallSite.java:113)
	at org.codehaus.groovy.runtime.callsite.AbstractCallSite.call(AbstractCallSite.java:141)
	at Script1536204651962.run(Script1536204651962.groovy:25)
	at com.kms.katalon.core.main.ScriptEngine.run(ScriptEngine.java:183)
	at com.kms.katalon.core.main.ScriptEngine.runScriptAsRawText(ScriptEngine.java:108)
	at com.kms.katalon.core.main.TestCaseExecutor.runScript(TestCaseExecutor.java:294)
	at com.kms.katalon.core.main.TestCaseExecutor.doExecute(TestCaseExecutor.java:285)
	at com.kms.katalon.core.main.TestCaseExecutor.processExecutionPhase(TestCaseExecutor.java:264)
	at com.kms.katalon.core.main.TestCaseExecutor.accessMainPhase(TestCaseExecutor.java:256)
	at com.kms.katalon.core.main.TestCaseExecutor.execute(TestCaseExecutor.java:200)
	at com.kms.katalon.core.main.TestSuiteExecutor.accessTestCaseMainPhase(TestSuiteExecutor.java:129)
	at com.kms.katalon.core.main.TestSuiteExecutor.accessTestSuiteMainPhase(TestSuiteExecutor.java:112)
	at com.kms.katalon.core.main.TestSuiteExecutor.execute(TestSuiteExecutor.java:81)
	at com.kms.katalon.core.main.TestCaseMain.startTestSuite(TestCaseMain.java:142)
	at com.kms.katalon.core.main.TestCaseMain$startTestSuite$0.call(Unknown Source)
	at org.codehaus.groovy.runtime.callsite.CallSiteArray.defaultCall(CallSiteArray.java:48)
	at org.codehaus.groovy.runtime.callsite.AbstractCallSite.call(AbstractCallSite.java:113)
	at org.codehaus.groovy.runtime.callsite.AbstractCallSite.call(AbstractCallSite.java:141)
	at TempTestSuite1540025489648.run(TempTestSuite1540025489648.groovy:36)
	at groovy.lang.GroovyShell.runScriptOrMainOrTestOrRunnable(GroovyShell.java:263)
	at groovy.lang.GroovyShell.run(GroovyShell.java:518)
	at groovy.lang.GroovyShell.run(GroovyShell.java:507)
	at groovy.ui.GroovyMain.processOnce(GroovyMain.java:653)
	at groovy.ui.GroovyMain.run(GroovyMain.java:384)
	at groovy.ui.GroovyMain.process(GroovyMain.java:370)
	at groovy.ui.GroovyMain.processArgs(GroovyMain.java:129)
	at groovy.ui.GroovyMain.main(GroovyMain.java:109)
	at sun.reflect.NativeMethodAccessorImpl.invoke0(Native Method)
	at sun.reflect.NativeMethodAccessorImpl.invoke(NativeMethodAccessorImpl.java:62)
	at sun.reflect.DelegatingMethodAccessorImpl.invoke(DelegatingMethodAccessorImpl.java:43)
	at java.lang.reflect.Method.invoke(Method.java:498)
	at org.codehaus.groovy.tools.GroovyStarter.rootLoader(GroovyStarter.java:109)
	at org.codehaus.groovy.tools.GroovyStarter.main(GroovyStarter.java:131)
)]]></system-err>
      </testcase>
      <testcase name="Test Cases/Final Aug 2018 - PKS Automation/Registration Module/Workflow/Form 3 EIS - Cessation As Employer/PKRBO to UO (Reject)" classname="Test Cases/Final Aug 2018 - PKS Automation/Registration Module/Workflow/Form 3 EIS - Cessation As Employer/PKRBO to UO (Reject)" status="FAILED">
         <failure type="FAILED" message="(Stack trace: com.kms.katalon.core.exception.StepFailedException: Unable to click on object 'Object Repository/Final Object Repo/Landing Page/Select to English' (Root cause: com.kms.katalon.core.webui.exception.WebElementNotFoundException: Web element with id: 'Object Repository/Final Object Repo/Landing Page/Select to English' located by 'By.xpath: //a[@class = 'taglib-language-list-text' and @lang = 'en-US' and (contains(text(), 'EN') or contains(., 'EN'))]' not found)
	at com.kms.katalon.core.keyword.internal.KeywordMain.stepFailed(KeywordMain.groovy:32)
	at com.kms.katalon.core.webui.keyword.internal.WebUIKeywordMain.stepFailed(WebUIKeywordMain.groovy:65)
	at com.kms.katalon.core.webui.keyword.internal.WebUIKeywordMain.runKeyword(WebUIKeywordMain.groovy:27)
	at com.kms.katalon.core.webui.keyword.builtin.ClickKeyword.click(ClickKeyword.groovy:86)
	at com.kms.katalon.core.webui.keyword.builtin.ClickKeyword.execute(ClickKeyword.groovy:67)
	at com.kms.katalon.core.keyword.internal.KeywordExecutor.executeKeywordForPlatform(KeywordExecutor.groovy:53)
	at com.kms.katalon.core.webui.keyword.WebUiBuiltInKeywords.click(WebUiBuiltInKeywords.groovy:604)
	at com.kms.katalon.core.webui.keyword.WebUiBuiltInKeywords$click$8.call(Unknown Source)
	at Script1534407542420.run(Script1534407542420.groovy:57)
	at com.kms.katalon.core.main.ScriptEngine.run(ScriptEngine.java:183)
	at com.kms.katalon.core.main.ScriptEngine.runScriptAsRawText(ScriptEngine.java:108)
	at com.kms.katalon.core.main.TestCaseExecutor.runScript(TestCaseExecutor.java:294)
	at com.kms.katalon.core.main.TestCaseExecutor.doExecute(TestCaseExecutor.java:285)
	at com.kms.katalon.core.main.TestCaseExecutor.processExecutionPhase(TestCaseExecutor.java:264)
	at com.kms.katalon.core.main.TestCaseExecutor.accessMainPhase(TestCaseExecutor.java:256)
	at com.kms.katalon.core.main.TestCaseExecutor.execute(TestCaseExecutor.java:200)
	at com.kms.katalon.core.main.TestCaseMain.runTestCase(TestCaseMain.java:99)
	at com.kms.katalon.core.keyword.builtin.CallTestCaseKeyword$_callTestCase_closure1.doCall(CallTestCaseKeyword.groovy:60)
	at com.kms.katalon.core.keyword.builtin.CallTestCaseKeyword$_callTestCase_closure1.call(CallTestCaseKeyword.groovy)
	at com.kms.katalon.core.keyword.internal.KeywordMain.runKeyword(KeywordMain.groovy:54)
	at com.kms.katalon.core.keyword.builtin.CallTestCaseKeyword.callTestCase(CallTestCaseKeyword.groovy:81)
	at com.kms.katalon.core.keyword.builtin.CallTestCaseKeyword.execute(CallTestCaseKeyword.groovy:45)
	at com.kms.katalon.core.keyword.internal.KeywordExecutor.executeKeywordForPlatform(KeywordExecutor.groovy:53)
	at com.kms.katalon.core.keyword.BuiltinKeywords.callTestCase(BuiltinKeywords.groovy:334)
	at sun.reflect.GeneratedMethodAccessor13.invoke(Unknown Source)
	at sun.reflect.DelegatingMethodAccessorImpl.invoke(DelegatingMethodAccessorImpl.java:43)
	at java.lang.reflect.Method.invoke(Method.java:498)
	at org.codehaus.groovy.reflection.CachedMethod.invoke(CachedMethod.java:93)
	at groovy.lang.MetaMethod.doMethodInvoke(MetaMethod.java:325)
	at groovy.lang.MetaClassImpl.invokeStaticMethod(MetaClassImpl.java:1469)
	at org.codehaus.groovy.runtime.callsite.StaticMetaClassSite.call(StaticMetaClassSite.java:53)
	at org.codehaus.groovy.runtime.callsite.AbstractCallSite.call(AbstractCallSite.java:141)
	at Script1536044453581.run(Script1536044453581.groovy:34)
	at com.kms.katalon.core.main.ScriptEngine.run(ScriptEngine.java:183)
	at com.kms.katalon.core.main.ScriptEngine.runScriptAsRawText(ScriptEngine.java:108)
	at com.kms.katalon.core.main.TestCaseExecutor.runScript(TestCaseExecutor.java:294)
	at com.kms.katalon.core.main.TestCaseExecutor.doExecute(TestCaseExecutor.java:285)
	at com.kms.katalon.core.main.TestCaseExecutor.processExecutionPhase(TestCaseExecutor.java:264)
	at com.kms.katalon.core.main.TestCaseExecutor.accessMainPhase(TestCaseExecutor.java:256)
	at com.kms.katalon.core.main.TestCaseExecutor.execute(TestCaseExecutor.java:200)
	at com.kms.katalon.core.main.TestCaseMain.runTestCase(TestCaseMain.java:99)
	at com.kms.katalon.core.keyword.builtin.CallTestCaseKeyword$_callTestCase_closure1.doCall(CallTestCaseKeyword.groovy:60)
	at com.kms.katalon.core.keyword.builtin.CallTestCaseKeyword$_callTestCase_closure1.call(CallTestCaseKeyword.groovy)
	at com.kms.katalon.core.keyword.internal.KeywordMain.runKeyword(KeywordMain.groovy:54)
	at com.kms.katalon.core.keyword.builtin.CallTestCaseKeyword.callTestCase(CallTestCaseKeyword.groovy:81)
	at com.kms.katalon.core.keyword.builtin.CallTestCaseKeyword.execute(CallTestCaseKeyword.groovy:45)
	at com.kms.katalon.core.keyword.internal.KeywordExecutor.executeKeywordForPlatform(KeywordExecutor.groovy:53)
	at com.kms.katalon.core.keyword.BuiltinKeywords.callTestCase(BuiltinKeywords.groovy:334)
	at sun.reflect.GeneratedMethodAccessor13.invoke(Unknown Source)
	at sun.reflect.DelegatingMethodAccessorImpl.invoke(DelegatingMethodAccessorImpl.java:43)
	at java.lang.reflect.Method.invoke(Method.java:498)
	at org.codehaus.groovy.reflection.CachedMethod.invoke(CachedMethod.java:93)
	at groovy.lang.MetaMethod.doMethodInvoke(MetaMethod.java:325)
	at groovy.lang.MetaClassImpl.invokeStaticMethod(MetaClassImpl.java:1469)
	at org.codehaus.groovy.runtime.callsite.StaticMetaClassSite.call(StaticMetaClassSite.java:53)
	at org.codehaus.groovy.runtime.callsite.CallSiteArray.defaultCall(CallSiteArray.java:48)
	at org.codehaus.groovy.runtime.callsite.AbstractCallSite.call(AbstractCallSite.java:113)
	at org.codehaus.groovy.runtime.callsite.AbstractCallSite.call(AbstractCallSite.java:141)
	at Script1536204625076.run(Script1536204625076.groovy:25)
	at com.kms.katalon.core.main.ScriptEngine.run(ScriptEngine.java:183)
	at com.kms.katalon.core.main.ScriptEngine.runScriptAsRawText(ScriptEngine.java:108)
	at com.kms.katalon.core.main.TestCaseExecutor.runScript(TestCaseExecutor.java:294)
	at com.kms.katalon.core.main.TestCaseExecutor.doExecute(TestCaseExecutor.java:285)
	at com.kms.katalon.core.main.TestCaseExecutor.processExecutionPhase(TestCaseExecutor.java:264)
	at com.kms.katalon.core.main.TestCaseExecutor.accessMainPhase(TestCaseExecutor.java:256)
	at com.kms.katalon.core.main.TestCaseExecutor.execute(TestCaseExecutor.java:200)
	at com.kms.katalon.core.main.TestSuiteExecutor.accessTestCaseMainPhase(TestSuiteExecutor.java:129)
	at com.kms.katalon.core.main.TestSuiteExecutor.accessTestSuiteMainPhase(TestSuiteExecutor.java:112)
	at com.kms.katalon.core.main.TestSuiteExecutor.execute(TestSuiteExecutor.java:81)
	at com.kms.katalon.core.main.TestCaseMain.startTestSuite(TestCaseMain.java:142)
	at com.kms.katalon.core.main.TestCaseMain$startTestSuite$0.call(Unknown Source)
	at org.codehaus.groovy.runtime.callsite.CallSiteArray.defaultCall(CallSiteArray.java:48)
	at org.codehaus.groovy.runtime.callsite.AbstractCallSite.call(AbstractCallSite.java:113)
	at org.codehaus.groovy.runtime.callsite.AbstractCallSite.call(AbstractCallSite.java:141)
	at TempTestSuite1540025489648.run(TempTestSuite1540025489648.groovy:36)
	at groovy.lang.GroovyShell.runScriptOrMainOrTestOrRunnable(GroovyShell.java:263)
	at groovy.lang.GroovyShell.run(GroovyShell.java:518)
	at groovy.lang.GroovyShell.run(GroovyShell.java:507)
	at groovy.ui.GroovyMain.processOnce(GroovyMain.java:653)
	at groovy.ui.GroovyMain.run(GroovyMain.java:384)
	at groovy.ui.GroovyMain.process(GroovyMain.java:370)
	at groovy.ui.GroovyMain.processArgs(GroovyMain.java:129)
	at groovy.ui.GroovyMain.main(GroovyMain.java:109)
	at sun.reflect.NativeMethodAccessorImpl.invoke0(Native Method)
	at sun.reflect.NativeMethodAccessorImpl.invoke(NativeMethodAccessorImpl.java:62)
	at sun.reflect.DelegatingMethodAccessorImpl.invoke(DelegatingMethodAccessorImpl.java:43)
	at java.lang.reflect.Method.invoke(Method.java:498)
	at org.codehaus.groovy.tools.GroovyStarter.rootLoader(GroovyStarter.java:109)
	at org.codehaus.groovy.tools.GroovyStarter.main(GroovyStarter.java:131)
)"/>
         <system-out><![CDATA[2018-10-21 00:01:02 - [TEST_CASE][FAILED] - Test Cases/Final Aug 2018 - PKS Automation/Registration Module/Workflow/Form 3 EIS - Cessation As Employer/PKRBO to UO (Reject): Test Cases/Final Aug 2018 - PKS Automation/Registration Module/Workflow/Form 3 EIS - Cessation As Employer/PKRBO to UO (Reject) FAILED because (of) (Stack trace: com.kms.katalon.core.exception.StepFailedException: Unable to click on object 'Object Repository/Final Object Repo/Landing Page/Select to English' (Root cause: com.kms.katalon.core.webui.exception.WebElementNotFoundException: Web element with id: 'Object Repository/Final Object Repo/Landing Page/Select to English' located by 'By.xpath: //a[@class = 'taglib-language-list-text' and @lang = 'en-US' and (contains(text(), 'EN') or contains(., 'EN'))]' not found)
	at com.kms.katalon.core.keyword.internal.KeywordMain.stepFailed(KeywordMain.groovy:32)
	at com.kms.katalon.core.webui.keyword.internal.WebUIKeywordMain.stepFailed(WebUIKeywordMain.groovy:65)
	at com.kms.katalon.core.webui.keyword.internal.WebUIKeywordMain.runKeyword(WebUIKeywordMain.groovy:27)
	at com.kms.katalon.core.webui.keyword.builtin.ClickKeyword.click(ClickKeyword.groovy:86)
	at com.kms.katalon.core.webui.keyword.builtin.ClickKeyword.execute(ClickKeyword.groovy:67)
	at com.kms.katalon.core.keyword.internal.KeywordExecutor.executeKeywordForPlatform(KeywordExecutor.groovy:53)
	at com.kms.katalon.core.webui.keyword.WebUiBuiltInKeywords.click(WebUiBuiltInKeywords.groovy:604)
	at com.kms.katalon.core.webui.keyword.WebUiBuiltInKeywords$click$8.call(Unknown Source)
	at Script1534407542420.run(Script1534407542420.groovy:57)
	at com.kms.katalon.core.main.ScriptEngine.run(ScriptEngine.java:183)
	at com.kms.katalon.core.main.ScriptEngine.runScriptAsRawText(ScriptEngine.java:108)
	at com.kms.katalon.core.main.TestCaseExecutor.runScript(TestCaseExecutor.java:294)
	at com.kms.katalon.core.main.TestCaseExecutor.doExecute(TestCaseExecutor.java:285)
	at com.kms.katalon.core.main.TestCaseExecutor.processExecutionPhase(TestCaseExecutor.java:264)
	at com.kms.katalon.core.main.TestCaseExecutor.accessMainPhase(TestCaseExecutor.java:256)
	at com.kms.katalon.core.main.TestCaseExecutor.execute(TestCaseExecutor.java:200)
	at com.kms.katalon.core.main.TestCaseMain.runTestCase(TestCaseMain.java:99)
	at com.kms.katalon.core.keyword.builtin.CallTestCaseKeyword$_callTestCase_closure1.doCall(CallTestCaseKeyword.groovy:60)
	at com.kms.katalon.core.keyword.builtin.CallTestCaseKeyword$_callTestCase_closure1.call(CallTestCaseKeyword.groovy)
	at com.kms.katalon.core.keyword.internal.KeywordMain.runKeyword(KeywordMain.groovy:54)
	at com.kms.katalon.core.keyword.builtin.CallTestCaseKeyword.callTestCase(CallTestCaseKeyword.groovy:81)
	at com.kms.katalon.core.keyword.builtin.CallTestCaseKeyword.execute(CallTestCaseKeyword.groovy:45)
	at com.kms.katalon.core.keyword.internal.KeywordExecutor.executeKeywordForPlatform(KeywordExecutor.groovy:53)
	at com.kms.katalon.core.keyword.BuiltinKeywords.callTestCase(BuiltinKeywords.groovy:334)
	at sun.reflect.GeneratedMethodAccessor13.invoke(Unknown Source)
	at sun.reflect.DelegatingMethodAccessorImpl.invoke(DelegatingMethodAccessorImpl.java:43)
	at java.lang.reflect.Method.invoke(Method.java:498)
	at org.codehaus.groovy.reflection.CachedMethod.invoke(CachedMethod.java:93)
	at groovy.lang.MetaMethod.doMethodInvoke(MetaMethod.java:325)
	at groovy.lang.MetaClassImpl.invokeStaticMethod(MetaClassImpl.java:1469)
	at org.codehaus.groovy.runtime.callsite.StaticMetaClassSite.call(StaticMetaClassSite.java:53)
	at org.codehaus.groovy.runtime.callsite.AbstractCallSite.call(AbstractCallSite.java:141)
	at Script1536044453581.run(Script1536044453581.groovy:34)
	at com.kms.katalon.core.main.ScriptEngine.run(ScriptEngine.java:183)
	at com.kms.katalon.core.main.ScriptEngine.runScriptAsRawText(ScriptEngine.java:108)
	at com.kms.katalon.core.main.TestCaseExecutor.runScript(TestCaseExecutor.java:294)
	at com.kms.katalon.core.main.TestCaseExecutor.doExecute(TestCaseExecutor.java:285)
	at com.kms.katalon.core.main.TestCaseExecutor.processExecutionPhase(TestCaseExecutor.java:264)
	at com.kms.katalon.core.main.TestCaseExecutor.accessMainPhase(TestCaseExecutor.java:256)
	at com.kms.katalon.core.main.TestCaseExecutor.execute(TestCaseExecutor.java:200)
	at com.kms.katalon.core.main.TestCaseMain.runTestCase(TestCaseMain.java:99)
	at com.kms.katalon.core.keyword.builtin.CallTestCaseKeyword$_callTestCase_closure1.doCall(CallTestCaseKeyword.groovy:60)
	at com.kms.katalon.core.keyword.builtin.CallTestCaseKeyword$_callTestCase_closure1.call(CallTestCaseKeyword.groovy)
	at com.kms.katalon.core.keyword.internal.KeywordMain.runKeyword(KeywordMain.groovy:54)
	at com.kms.katalon.core.keyword.builtin.CallTestCaseKeyword.callTestCase(CallTestCaseKeyword.groovy:81)
	at com.kms.katalon.core.keyword.builtin.CallTestCaseKeyword.execute(CallTestCaseKeyword.groovy:45)
	at com.kms.katalon.core.keyword.internal.KeywordExecutor.executeKeywordForPlatform(KeywordExecutor.groovy:53)
	at com.kms.katalon.core.keyword.BuiltinKeywords.callTestCase(BuiltinKeywords.groovy:334)
	at sun.reflect.GeneratedMethodAccessor13.invoke(Unknown Source)
	at sun.reflect.DelegatingMethodAccessorImpl.invoke(DelegatingMethodAccessorImpl.java:43)
	at java.lang.reflect.Method.invoke(Method.java:498)
	at org.codehaus.groovy.reflection.CachedMethod.invoke(CachedMethod.java:93)
	at groovy.lang.MetaMethod.doMethodInvoke(MetaMethod.java:325)
	at groovy.lang.MetaClassImpl.invokeStaticMethod(MetaClassImpl.java:1469)
	at org.codehaus.groovy.runtime.callsite.StaticMetaClassSite.call(StaticMetaClassSite.java:53)
	at org.codehaus.groovy.runtime.callsite.CallSiteArray.defaultCall(CallSiteArray.java:48)
	at org.codehaus.groovy.runtime.callsite.AbstractCallSite.call(AbstractCallSite.java:113)
	at org.codehaus.groovy.runtime.callsite.AbstractCallSite.call(AbstractCallSite.java:141)
	at Script1536204625076.run(Script1536204625076.groovy:25)
	at com.kms.katalon.core.main.ScriptEngine.run(ScriptEngine.java:183)
	at com.kms.katalon.core.main.ScriptEngine.runScriptAsRawText(ScriptEngine.java:108)
	at com.kms.katalon.core.main.TestCaseExecutor.runScript(TestCaseExecutor.java:294)
	at com.kms.katalon.core.main.TestCaseExecutor.doExecute(TestCaseExecutor.java:285)
	at com.kms.katalon.core.main.TestCaseExecutor.processExecutionPhase(TestCaseExecutor.java:264)
	at com.kms.katalon.core.main.TestCaseExecutor.accessMainPhase(TestCaseExecutor.java:256)
	at com.kms.katalon.core.main.TestCaseExecutor.execute(TestCaseExecutor.java:200)
	at com.kms.katalon.core.main.TestSuiteExecutor.accessTestCaseMainPhase(TestSuiteExecutor.java:129)
	at com.kms.katalon.core.main.TestSuiteExecutor.accessTestSuiteMainPhase(TestSuiteExecutor.java:112)
	at com.kms.katalon.core.main.TestSuiteExecutor.execute(TestSuiteExecutor.java:81)
	at com.kms.katalon.core.main.TestCaseMain.startTestSuite(TestCaseMain.java:142)
	at com.kms.katalon.core.main.TestCaseMain$startTestSuite$0.call(Unknown Source)
	at org.codehaus.groovy.runtime.callsite.CallSiteArray.defaultCall(CallSiteArray.java:48)
	at org.codehaus.groovy.runtime.callsite.AbstractCallSite.call(AbstractCallSite.java:113)
	at org.codehaus.groovy.runtime.callsite.AbstractCallSite.call(AbstractCallSite.java:141)
	at TempTestSuite1540025489648.run(TempTestSuite1540025489648.groovy:36)
	at groovy.lang.GroovyShell.runScriptOrMainOrTestOrRunnable(GroovyShell.java:263)
	at groovy.lang.GroovyShell.run(GroovyShell.java:518)
	at groovy.lang.GroovyShell.run(GroovyShell.java:507)
	at groovy.ui.GroovyMain.processOnce(GroovyMain.java:653)
	at groovy.ui.GroovyMain.run(GroovyMain.java:384)
	at groovy.ui.GroovyMain.process(GroovyMain.java:370)
	at groovy.ui.GroovyMain.processArgs(GroovyMain.java:129)
	at groovy.ui.GroovyMain.main(GroovyMain.java:109)
	at sun.reflect.NativeMethodAccessorImpl.invoke0(Native Method)
	at sun.reflect.NativeMethodAccessorImpl.invoke(NativeMethodAccessorImpl.java:62)
	at sun.reflect.DelegatingMethodAccessorImpl.invoke(DelegatingMethodAccessorImpl.java:43)
	at java.lang.reflect.Method.invoke(Method.java:498)
	at org.codehaus.groovy.tools.GroovyStarter.rootLoader(GroovyStarter.java:109)
	at org.codehaus.groovy.tools.GroovyStarter.main(GroovyStarter.java:131)
)

2018-10-21 00:01:02 - [TEST_STEP][PASSED] - callTestCase: Call Test Case 'Test Cases/Final Aug 2018 - PKS Automation/Registration Module/Workflow/Form 3 EIS - Cessation As Employer/Template/Form 3 A - Cessation As Employer (PKRBO)' successfully

2018-10-21 00:01:02 - [TEST_CASE][PASSED] - Test Cases/Final Aug 2018 - PKS Automation/Registration Module/Workflow/Form 3 EIS - Cessation As Employer/Template/Form 3 A - Cessation As Employer (PKRBO): Test Cases/Final Aug 2018 - PKS Automation/Registration Module/Workflow/Form 3 EIS - Cessation As Employer/Template/Form 3 A - Cessation As Employer (PKRBO)

2018-10-21 00:01:02 - [TEST_STEP][PASSED] - openBrowser: Browser is opened with url: ''

2018-10-21 00:01:02 - [MESSAGE][WARNING] - A browser is already opened. Closing browser and opening a new one

2018-10-21 00:01:07 - [MESSAGE][PASSED] - Browser is opened with url: ''

2018-10-21 00:01:07 - [TEST_STEP][PASSED] - navigateToUrl: Navigate to 'https://assist2-uat.perkeso.gov.my/login' successfully

2018-10-21 00:01:09 - [MESSAGE][PASSED] - Navigate to 'https://assist2-uat.perkeso.gov.my/login' successfully

2018-10-21 00:01:09 - [TEST_STEP][PASSED] - setText: Text 'johorpkrbo1@gmail.com' is set on object 'Object Repository/Final Object Repo/Login Page/Internal User/Email Address'

2018-10-21 00:01:09 - [MESSAGE][PASSED] - Text 'johorpkrbo1@gmail.com' is set on object 'Object Repository/Final Object Repo/Login Page/Internal User/Email Address'

2018-10-21 00:01:09 - [TEST_STEP][PASSED] - click: Object: 'Object Repository/Final Object Repo/Login Page/Internal User/Next Button' is clicked on

2018-10-21 00:01:09 - [MESSAGE][PASSED] - Object: 'Object Repository/Final Object Repo/Login Page/Internal User/Next Button' is clicked on

2018-10-21 00:01:09 - [TEST_STEP][PASSED] - delay: Delayed 1 second(s)

2018-10-21 00:01:10 - [MESSAGE][PASSED] - Delayed 1 second(s)

2018-10-21 00:01:10 - [TEST_STEP][PASSED] - setEncryptedText: Text ****** has been set on object 'Object Repository/Final Object Repo/Login Page/Internal User/Password'

2018-10-21 00:01:10 - [MESSAGE][PASSED] - Text ****** has been set on object 'Object Repository/Final Object Repo/Login Page/Internal User/Password'

2018-10-21 00:01:10 - [TEST_STEP][PASSED] - click: Object: 'Object Repository/Final Object Repo/Login Page/Internal User/Login Button' is clicked on

2018-10-21 00:01:11 - [MESSAGE][PASSED] - Object: 'Object Repository/Final Object Repo/Login Page/Internal User/Login Button' is clicked on

2018-10-21 00:01:11 - [TEST_STEP][PASSED] - delay: Delayed 1 second(s)

2018-10-21 00:01:12 - [MESSAGE][PASSED] - Delayed 1 second(s)

2018-10-21 00:01:12 - [TEST_STEP][PASSED] - Statement - Try: Delayed 2 second(s)

2018-10-21 00:01:12 - [TEST_STEP][PASSED] - Statement - Checker = false: null

2018-10-21 00:01:12 - [TEST_STEP][PASSED] - Statement - Checker = com.kms.katalon.core.webui.keyword.WebUiBuiltInKeywords.verifyElementHasAttribute(com.kms.katalon.core.testobject.ObjectRepository.findTestObject(Final Object Repo/Landing Page/BM Detecting), "href", 20, OPTIONAL): Object 'Object Repository/Final Object Repo/Landing Page/BM Detecting' has attribute 'href'

2018-10-21 00:01:13 - [MESSAGE][PASSED] - Object 'Object Repository/Final Object Repo/Landing Page/BM Detecting' has attribute 'href'

2018-10-21 00:01:13 - [TEST_STEP][PASSED] - Statement - out.println(Checker): null

2018-10-21 00:01:13 - [TEST_STEP][PASSED] - Statement - If (Checker == false): null

2018-10-21 00:01:13 - [TEST_STEP][PASSED] - Statement - Else: null

2018-10-21 00:01:13 - [TEST_STEP][PASSED] - delay: Delayed 2 second(s)

2018-10-21 00:01:15 - [MESSAGE][PASSED] - Delayed 2 second(s)

2018-10-21 00:01:15 - [TEST_STEP][PASSED] - navigateToUrl: Navigate to 'https://assist2-uat.perkeso.gov.my/web/registration/eis-update/form-3-eis-cessation-as-employer' successfully

2018-10-21 00:01:16 - [MESSAGE][PASSED] - Navigate to 'https://assist2-uat.perkeso.gov.my/web/registration/eis-update/form-3-eis-cessation-as-employer' successfully

2018-10-21 00:01:16 - [TEST_STEP][PASSED] - delay: Delayed 1 second(s)

2018-10-21 00:01:17 - [MESSAGE][PASSED] - Delayed 1 second(s)

2018-10-21 00:01:17 - [TEST_STEP][PASSED] - setText: Text 'E1102069769W' is set on object 'Object Repository/Final Object Repo/Page_Form 3 EIS - Cessation as Employer/Employer Code'

2018-10-21 00:01:18 - [MESSAGE][PASSED] - Text 'E1102069769W' is set on object 'Object Repository/Final Object Repo/Page_Form 3 EIS - Cessation as Employer/Employer Code'

2018-10-21 00:01:18 - [TEST_STEP][PASSED] - click: Object: 'Object Repository/Final Object Repo/Page_Form 3 EIS - Cessation as Employer/Search' is clicked on

2018-10-21 00:01:18 - [MESSAGE][PASSED] - Object: 'Object Repository/Final Object Repo/Page_Form 3 EIS - Cessation as Employer/Search' is clicked on

2018-10-21 00:01:18 - [TEST_STEP][PASSED] - click: Object: 'Object Repository/Final Object Repo/Page_Form 3 EIS - Cessation as Employer/Edit' is clicked on

2018-10-21 00:01:20 - [MESSAGE][PASSED] - Object: 'Object Repository/Final Object Repo/Page_Form 3 EIS - Cessation as Employer/Edit' is clicked on

2018-10-21 00:01:20 - [TEST_STEP][PASSED] - delay: Delayed 1 second(s)

2018-10-21 00:01:21 - [MESSAGE][PASSED] - Delayed 1 second(s)

2018-10-21 00:01:21 - [TEST_STEP][PASSED] - Statement - abc = com.kms.katalon.core.webui.keyword.WebUiBuiltInKeywords.getAttribute(com.kms.katalon.core.testobject.ObjectRepository.findTestObject(Final Object Repo/Page_Form 3 EIS - Cessation as Employer/Employer Status), "value"): Attribute 'value' of object 'Object Repository/Final Object Repo/Page_Form 3 EIS - Cessation as Employer/Employer Status' is: 'Active'

2018-10-21 00:01:21 - [MESSAGE][PASSED] - Attribute 'value' of object 'Object Repository/Final Object Repo/Page_Form 3 EIS - Cessation as Employer/Employer Status' is: 'Active'

2018-10-21 00:01:21 - [TEST_STEP][PASSED] - Statement - out.println(abc): null

2018-10-21 00:01:21 - [TEST_STEP][PASSED] - Statement - If (abc == "Active"): Object: 'Object Repository/Final Object Repo/Page_Form 3 EIS - Cessation as Employer/Dormant EIS' is clicked on

2018-10-21 00:01:21 - [TEST_STEP][PASSED] - click: Object: 'Object Repository/Final Object Repo/Page_Form 3 EIS - Cessation as Employer/Change Employer Status to' is clicked on

2018-10-21 00:01:21 - [MESSAGE][PASSED] - Object: 'Object Repository/Final Object Repo/Page_Form 3 EIS - Cessation as Employer/Change Employer Status to' is clicked on

2018-10-21 00:01:21 - [TEST_STEP][PASSED] - click: Object: 'Object Repository/Final Object Repo/Page_Form 3 EIS - Cessation as Employer/Dormant EIS' is clicked on

2018-10-21 00:01:21 - [MESSAGE][PASSED] - Object: 'Object Repository/Final Object Repo/Page_Form 3 EIS - Cessation as Employer/Dormant EIS' is clicked on

2018-10-21 00:01:21 - [TEST_STEP][PASSED] - click: Object: 'Object Repository/Final Object Repo/Page_Form 3 EIS - Cessation as Employer/Calender' is clicked on

2018-10-21 00:01:21 - [MESSAGE][PASSED] - Object: 'Object Repository/Final Object Repo/Page_Form 3 EIS - Cessation as Employer/Calender' is clicked on

2018-10-21 00:01:21 - [TEST_STEP][PASSED] - delay: Delayed 1 second(s)

2018-10-21 00:01:22 - [MESSAGE][PASSED] - Delayed 1 second(s)

2018-10-21 00:01:22 - [TEST_STEP][PASSED] - click: Object: 'Object Repository/Final Object Repo/Page_Form 3 EIS - Cessation as Employer/Calender - Date' is clicked on

2018-10-21 00:01:22 - [MESSAGE][PASSED] - Object: 'Object Repository/Final Object Repo/Page_Form 3 EIS - Cessation as Employer/Calender - Date' is clicked on

2018-10-21 00:01:22 - [TEST_STEP][PASSED] - click: Object: 'Object Repository/Final Object Repo/Page_Form 3 EIS - Cessation as Employer/Save  Continue in Form 3 EIS Page' is clicked on

2018-10-21 00:01:23 - [MESSAGE][PASSED] - Object: 'Object Repository/Final Object Repo/Page_Form 3 EIS - Cessation as Employer/Save  Continue in Form 3 EIS Page' is clicked on

2018-10-21 00:01:23 - [TEST_STEP][PASSED] - delay: Delayed 1 second(s)

2018-10-21 00:01:24 - [MESSAGE][PASSED] - Delayed 1 second(s)

2018-10-21 00:01:24 - [TEST_STEP][PASSED] - click: Object: 'Object Repository/Final Object Repo/Page_Form 3 EIS - Cessation as Employer/Employment Resign Date' is clicked on

2018-10-21 00:01:24 - [MESSAGE][PASSED] - Object: 'Object Repository/Final Object Repo/Page_Form 3 EIS - Cessation as Employer/Employment Resign Date' is clicked on

2018-10-21 00:01:24 - [TEST_STEP][PASSED] - selectOptionByValue: All options with value '2018' are selected in object 'Object Repository/Final Object Repo/Page_Form 3 EIS - Cessation as Employer/Employment Resign Date - Year' 

2018-10-21 00:01:24 - [MESSAGE][PASSED] - All options with value '2018' are selected in object 'Object Repository/Final Object Repo/Page_Form 3 EIS - Cessation as Employer/Employment Resign Date - Year' 

2018-10-21 00:01:24 - [TEST_STEP][PASSED] - delay: Delayed 2 second(s)

2018-10-21 00:01:26 - [MESSAGE][PASSED] - Delayed 2 second(s)

2018-10-21 00:01:26 - [TEST_STEP][PASSED] - click: Object: 'Object Repository/Final Object Repo/Page_Form 3 EIS - Cessation as Employer/Employment Resign Date - Year - Date' is clicked on

2018-10-21 00:01:27 - [MESSAGE][PASSED] - Object: 'Object Repository/Final Object Repo/Page_Form 3 EIS - Cessation as Employer/Employment Resign Date - Year - Date' is clicked on

2018-10-21 00:01:27 - [TEST_STEP][PASSED] - delay: Delayed 2 second(s)

2018-10-21 00:01:29 - [MESSAGE][PASSED] - Delayed 2 second(s)

2018-10-21 00:01:29 - [TEST_STEP][PASSED] - click: Object: 'Object Repository/Final Object Repo/Page_Form 3 EIS - Cessation as Employer/Save  Continue in Employment Resign Page' is clicked on

2018-10-21 00:01:29 - [MESSAGE][PASSED] - Object: 'Object Repository/Final Object Repo/Page_Form 3 EIS - Cessation as Employer/Save  Continue in Employment Resign Page' is clicked on

2018-10-21 00:01:29 - [TEST_STEP][PASSED] - delay: Delayed 2 second(s)

2018-10-21 00:01:31 - [MESSAGE][PASSED] - Delayed 2 second(s)

2018-10-21 00:01:31 - [TEST_STEP][PASSED] - click: Object: 'Object Repository/Final Object Repo/Page_Form 3 EIS - Cessation as Employer/Add Document' is clicked on

2018-10-21 00:01:32 - [MESSAGE][PASSED] - Object: 'Object Repository/Final Object Repo/Page_Form 3 EIS - Cessation as Employer/Add Document' is clicked on

2018-10-21 00:01:32 - [TEST_STEP][PASSED] - delay: Delayed 3 second(s)

2018-10-21 00:01:35 - [MESSAGE][PASSED] - Delayed 3 second(s)

2018-10-21 00:01:35 - [TEST_STEP][PASSED] - click: Object: 'Object Repository/Final Object Repo/Page_Form 3 EIS - Cessation as Employer/Document Type' is clicked on

2018-10-21 00:01:36 - [MESSAGE][PASSED] - Object: 'Object Repository/Final Object Repo/Page_Form 3 EIS - Cessation as Employer/Document Type' is clicked on

2018-10-21 00:01:36 - [TEST_STEP][PASSED] - click: Object: 'Object Repository/Final Object Repo/Page_Form 3 EIS - Cessation as Employer/Document Type - Form 3' is clicked on

2018-10-21 00:01:36 - [MESSAGE][PASSED] - Object: 'Object Repository/Final Object Repo/Page_Form 3 EIS - Cessation as Employer/Document Type - Form 3' is clicked on

2018-10-21 00:01:36 - [TEST_STEP][PASSED] - delay: Delayed 2 second(s)

2018-10-21 00:01:38 - [MESSAGE][PASSED] - Delayed 2 second(s)

2018-10-21 00:01:38 - [TEST_STEP][PASSED] - sendKeys: Keys 'C:\Users\Public\Pictures\Sample Pictures\Act.jpg' sent to object: 'Object Repository/Final Object Repo/Page_Form 3 EIS - Cessation as Employer/ploading File'

2018-10-21 00:01:38 - [MESSAGE][PASSED] - Keys 'C:\Users\Public\Pictures\Sample Pictures\Act.jpg' sent to object: 'Object Repository/Final Object Repo/Page_Form 3 EIS - Cessation as Employer/ploading File'

2018-10-21 00:01:38 - [TEST_STEP][PASSED] - delay: Delayed 1 second(s)

2018-10-21 00:01:39 - [MESSAGE][PASSED] - Delayed 1 second(s)

2018-10-21 00:01:39 - [TEST_STEP][PASSED] - click: Object: 'Object Repository/Final Object Repo/Page_Form 3 EIS - Cessation as Employer/Add Document in Uploading Page' is clicked on

2018-10-21 00:01:39 - [MESSAGE][PASSED] - Object: 'Object Repository/Final Object Repo/Page_Form 3 EIS - Cessation as Employer/Add Document in Uploading Page' is clicked on

2018-10-21 00:01:39 - [TEST_STEP][PASSED] - delay: Delayed 2 second(s)

2018-10-21 00:01:41 - [MESSAGE][PASSED] - Delayed 2 second(s)

2018-10-21 00:01:41 - [TEST_STEP][PASSED] - Statement - CaseReferenceNo = com.kms.katalon.core.webui.keyword.WebUiBuiltInKeywords.getText(com.kms.katalon.core.testobject.ObjectRepository.findTestObject(Final Object Repo/Page_Update Employer Information/Reference Number in Update Employee Information Page)): Text of object 'Object Repository/Final Object Repo/Page_Update Employer Information/Reference Number in Update Employee Information Page' is: 'ERN102018C200002207'

2018-10-21 00:01:45 - [MESSAGE][PASSED] - Text of object 'Object Repository/Final Object Repo/Page_Update Employer Information/Reference Number in Update Employee Information Page' is: 'ERN102018C200002207'

2018-10-21 00:01:45 - [TEST_STEP][PASSED] - callTestCase: Call Test Case 'Test Cases/Final Aug 2018 - PKS Automation/Common/Reference Number Setter' successfully

2018-10-21 00:01:45 - [TEST_CASE][PASSED] - Test Cases/Final Aug 2018 - PKS Automation/Common/Reference Number Setter: Test Cases/Final Aug 2018 - PKS Automation/Common/Reference Number Setter

2018-10-21 00:01:45 - [TEST_STEP][PASSED] - Statement - RefNoOldFile = new java.io.File(C://KatalonReference.txt): null

2018-10-21 00:01:45 - [TEST_STEP][PASSED] - Statement - RefNoOldFile.delete(): null

2018-10-21 00:01:45 - [TEST_STEP][PASSED] - Statement - RefNo = new java.io.File(C://KatalonReference.txt): null

2018-10-21 00:01:45 - [TEST_STEP][PASSED] - Statement - RefNo.append(CaseReferenceNo): null

2018-10-21 00:01:45 - [TEST_STEP][PASSED] - Statement - out.println("


" + CaseReferenceNo + "


"): null

2018-10-21 00:01:45 - [MESSAGE][PASSED] - Call Test Case 'Test Cases/Final Aug 2018 - PKS Automation/Common/Reference Number Setter' successfully

2018-10-21 00:01:45 - [TEST_STEP][PASSED] - delay: Delayed 2 second(s)

2018-10-21 00:01:47 - [MESSAGE][PASSED] - Delayed 2 second(s)

2018-10-21 00:01:47 - [TEST_STEP][PASSED] - click: Object: 'Object Repository/Final Object Repo/Page_Form 3 EIS - Cessation as Employer/Save  Continue in Uploading Page' is clicked on

2018-10-21 00:01:47 - [MESSAGE][PASSED] - Object: 'Object Repository/Final Object Repo/Page_Form 3 EIS - Cessation as Employer/Save  Continue in Uploading Page' is clicked on

2018-10-21 00:01:47 - [TEST_STEP][PASSED] - delay: Delayed 2 second(s)

2018-10-21 00:01:49 - [MESSAGE][PASSED] - Delayed 2 second(s)

2018-10-21 00:01:49 - [TEST_STEP][PASSED] - click: Object: 'Object Repository/Final Object Repo/Page_Form 3 EIS - Cessation as Employer/Submit' is clicked on

2018-10-21 00:01:53 - [MESSAGE][PASSED] - Object: 'Object Repository/Final Object Repo/Page_Form 3 EIS - Cessation as Employer/Submit' is clicked on

2018-10-21 00:01:53 - [TEST_STEP][PASSED] - delay: Delayed 2 second(s)

2018-10-21 00:01:55 - [MESSAGE][PASSED] - Delayed 2 second(s)

2018-10-21 00:01:55 - [TEST_STEP][PASSED] - click: Object: 'Object Repository/Final Object Repo/Page_Form 3 EIS - Cessation as Employer/Confirm' is clicked on

2018-10-21 00:01:55 - [MESSAGE][PASSED] - Object: 'Object Repository/Final Object Repo/Page_Form 3 EIS - Cessation as Employer/Confirm' is clicked on

2018-10-21 00:01:55 - [TEST_STEP][PASSED] - delay: Delayed 2 second(s)

2018-10-21 00:01:57 - [MESSAGE][PASSED] - Delayed 2 second(s)

2018-10-21 00:01:57 - [TEST_STEP][PASSED] - click: Object: 'Object Repository/Final Object Repo/Page_Form 3 EIS - Cessation as Employer/Message Your Request will be routed to UO' is clicked on

2018-10-21 00:02:01 - [MESSAGE][PASSED] - Object: 'Object Repository/Final Object Repo/Page_Form 3 EIS - Cessation as Employer/Message Your Request will be routed to UO' is clicked on

2018-10-21 00:02:01 - [TEST_STEP][PASSED] - click: Object: 'Object Repository/Final Object Repo/Page_Form 3 EIS - Cessation as Employer/Letter of acknowledgement' is clicked on

2018-10-21 00:02:02 - [MESSAGE][PASSED] - Object: 'Object Repository/Final Object Repo/Page_Form 3 EIS - Cessation as Employer/Letter of acknowledgement' is clicked on

2018-10-21 00:02:02 - [MESSAGE][PASSED] - Call Test Case 'Test Cases/Final Aug 2018 - PKS Automation/Registration Module/Workflow/Form 3 EIS - Cessation As Employer/Template/Form 3 A - Cessation As Employer (PKRBO)' successfully

2018-10-21 00:02:02 - [TEST_STEP][FAILED] - callTestCase: Unable to call Test Case with id 'Test Cases/Final Aug 2018 - PKS Automation/Registration Module/Workflow/Form 3 EIS - Cessation As Employer/Template/Form 3 A - Cessation As Employer (Reject)' (Root cause: Call Test Case 'Test Cases/Final Aug 2018 - PKS Automation/Registration Module/Workflow/Form 3 EIS - Cessation As Employer/Template/Form 3 A - Cessation As Employer (Reject)' failed)

2018-10-21 00:02:02 - [TEST_CASE][FAILED] - Test Cases/Final Aug 2018 - PKS Automation/Registration Module/Workflow/Form 3 EIS - Cessation As Employer/Template/Form 3 A - Cessation As Employer (Reject): Test Cases/Final Aug 2018 - PKS Automation/Registration Module/Workflow/Form 3 EIS - Cessation As Employer/Template/Form 3 A - Cessation As Employer (Reject) FAILED because (of) (Stack trace: com.kms.katalon.core.exception.StepFailedException: Unable to click on object 'Object Repository/Final Object Repo/Landing Page/Select to English' (Root cause: com.kms.katalon.core.webui.exception.WebElementNotFoundException: Web element with id: 'Object Repository/Final Object Repo/Landing Page/Select to English' located by 'By.xpath: //a[@class = 'taglib-language-list-text' and @lang = 'en-US' and (contains(text(), 'EN') or contains(., 'EN'))]' not found)
	at com.kms.katalon.core.keyword.internal.KeywordMain.stepFailed(KeywordMain.groovy:32)
	at com.kms.katalon.core.webui.keyword.internal.WebUIKeywordMain.stepFailed(WebUIKeywordMain.groovy:65)
	at com.kms.katalon.core.webui.keyword.internal.WebUIKeywordMain.runKeyword(WebUIKeywordMain.groovy:27)
	at com.kms.katalon.core.webui.keyword.builtin.ClickKeyword.click(ClickKeyword.groovy:86)
	at com.kms.katalon.core.webui.keyword.builtin.ClickKeyword.execute(ClickKeyword.groovy:67)
	at com.kms.katalon.core.keyword.internal.KeywordExecutor.executeKeywordForPlatform(KeywordExecutor.groovy:53)
	at com.kms.katalon.core.webui.keyword.WebUiBuiltInKeywords.click(WebUiBuiltInKeywords.groovy:604)
	at com.kms.katalon.core.webui.keyword.WebUiBuiltInKeywords$click$8.call(Unknown Source)
	at Script1534407542420.run(Script1534407542420.groovy:57)
	at com.kms.katalon.core.main.ScriptEngine.run(ScriptEngine.java:183)
	at com.kms.katalon.core.main.ScriptEngine.runScriptAsRawText(ScriptEngine.java:108)
	at com.kms.katalon.core.main.TestCaseExecutor.runScript(TestCaseExecutor.java:294)
	at com.kms.katalon.core.main.TestCaseExecutor.doExecute(TestCaseExecutor.java:285)
	at com.kms.katalon.core.main.TestCaseExecutor.processExecutionPhase(TestCaseExecutor.java:264)
	at com.kms.katalon.core.main.TestCaseExecutor.accessMainPhase(TestCaseExecutor.java:256)
	at com.kms.katalon.core.main.TestCaseExecutor.execute(TestCaseExecutor.java:200)
	at com.kms.katalon.core.main.TestCaseMain.runTestCase(TestCaseMain.java:99)
	at com.kms.katalon.core.keyword.builtin.CallTestCaseKeyword$_callTestCase_closure1.doCall(CallTestCaseKeyword.groovy:60)
	at com.kms.katalon.core.keyword.builtin.CallTestCaseKeyword$_callTestCase_closure1.call(CallTestCaseKeyword.groovy)
	at com.kms.katalon.core.keyword.internal.KeywordMain.runKeyword(KeywordMain.groovy:54)
	at com.kms.katalon.core.keyword.builtin.CallTestCaseKeyword.callTestCase(CallTestCaseKeyword.groovy:81)
	at com.kms.katalon.core.keyword.builtin.CallTestCaseKeyword.execute(CallTestCaseKeyword.groovy:45)
	at com.kms.katalon.core.keyword.internal.KeywordExecutor.executeKeywordForPlatform(KeywordExecutor.groovy:53)
	at com.kms.katalon.core.keyword.BuiltinKeywords.callTestCase(BuiltinKeywords.groovy:334)
	at sun.reflect.GeneratedMethodAccessor13.invoke(Unknown Source)
	at sun.reflect.DelegatingMethodAccessorImpl.invoke(DelegatingMethodAccessorImpl.java:43)
	at java.lang.reflect.Method.invoke(Method.java:498)
	at org.codehaus.groovy.reflection.CachedMethod.invoke(CachedMethod.java:93)
	at groovy.lang.MetaMethod.doMethodInvoke(MetaMethod.java:325)
	at groovy.lang.MetaClassImpl.invokeStaticMethod(MetaClassImpl.java:1469)
	at org.codehaus.groovy.runtime.callsite.StaticMetaClassSite.call(StaticMetaClassSite.java:53)
	at org.codehaus.groovy.runtime.callsite.AbstractCallSite.call(AbstractCallSite.java:141)
	at Script1536044453581.run(Script1536044453581.groovy:34)
	at com.kms.katalon.core.main.ScriptEngine.run(ScriptEngine.java:183)
	at com.kms.katalon.core.main.ScriptEngine.runScriptAsRawText(ScriptEngine.java:108)
	at com.kms.katalon.core.main.TestCaseExecutor.runScript(TestCaseExecutor.java:294)
	at com.kms.katalon.core.main.TestCaseExecutor.doExecute(TestCaseExecutor.java:285)
	at com.kms.katalon.core.main.TestCaseExecutor.processExecutionPhase(TestCaseExecutor.java:264)
	at com.kms.katalon.core.main.TestCaseExecutor.accessMainPhase(TestCaseExecutor.java:256)
	at com.kms.katalon.core.main.TestCaseExecutor.execute(TestCaseExecutor.java:200)
	at com.kms.katalon.core.main.TestCaseMain.runTestCase(TestCaseMain.java:99)
	at com.kms.katalon.core.keyword.builtin.CallTestCaseKeyword$_callTestCase_closure1.doCall(CallTestCaseKeyword.groovy:60)
	at com.kms.katalon.core.keyword.builtin.CallTestCaseKeyword$_callTestCase_closure1.call(CallTestCaseKeyword.groovy)
	at com.kms.katalon.core.keyword.internal.KeywordMain.runKeyword(KeywordMain.groovy:54)
	at com.kms.katalon.core.keyword.builtin.CallTestCaseKeyword.callTestCase(CallTestCaseKeyword.groovy:81)
	at com.kms.katalon.core.keyword.builtin.CallTestCaseKeyword.execute(CallTestCaseKeyword.groovy:45)
	at com.kms.katalon.core.keyword.internal.KeywordExecutor.executeKeywordForPlatform(KeywordExecutor.groovy:53)
	at com.kms.katalon.core.keyword.BuiltinKeywords.callTestCase(BuiltinKeywords.groovy:334)
	at sun.reflect.GeneratedMethodAccessor13.invoke(Unknown Source)
	at sun.reflect.DelegatingMethodAccessorImpl.invoke(DelegatingMethodAccessorImpl.java:43)
	at java.lang.reflect.Method.invoke(Method.java:498)
	at org.codehaus.groovy.reflection.CachedMethod.invoke(CachedMethod.java:93)
	at groovy.lang.MetaMethod.doMethodInvoke(MetaMethod.java:325)
	at groovy.lang.MetaClassImpl.invokeStaticMethod(MetaClassImpl.java:1469)
	at org.codehaus.groovy.runtime.callsite.StaticMetaClassSite.call(StaticMetaClassSite.java:53)
	at org.codehaus.groovy.runtime.callsite.CallSiteArray.defaultCall(CallSiteArray.java:48)
	at org.codehaus.groovy.runtime.callsite.AbstractCallSite.call(AbstractCallSite.java:113)
	at org.codehaus.groovy.runtime.callsite.AbstractCallSite.call(AbstractCallSite.java:141)
	at Script1536204625076.run(Script1536204625076.groovy:25)
	at com.kms.katalon.core.main.ScriptEngine.run(ScriptEngine.java:183)
	at com.kms.katalon.core.main.ScriptEngine.runScriptAsRawText(ScriptEngine.java:108)
	at com.kms.katalon.core.main.TestCaseExecutor.runScript(TestCaseExecutor.java:294)
	at com.kms.katalon.core.main.TestCaseExecutor.doExecute(TestCaseExecutor.java:285)
	at com.kms.katalon.core.main.TestCaseExecutor.processExecutionPhase(TestCaseExecutor.java:264)
	at com.kms.katalon.core.main.TestCaseExecutor.accessMainPhase(TestCaseExecutor.java:256)
	at com.kms.katalon.core.main.TestCaseExecutor.execute(TestCaseExecutor.java:200)
	at com.kms.katalon.core.main.TestSuiteExecutor.accessTestCaseMainPhase(TestSuiteExecutor.java:129)
	at com.kms.katalon.core.main.TestSuiteExecutor.accessTestSuiteMainPhase(TestSuiteExecutor.java:112)
	at com.kms.katalon.core.main.TestSuiteExecutor.execute(TestSuiteExecutor.java:81)
	at com.kms.katalon.core.main.TestCaseMain.startTestSuite(TestCaseMain.java:142)
	at com.kms.katalon.core.main.TestCaseMain$startTestSuite$0.call(Unknown Source)
	at org.codehaus.groovy.runtime.callsite.CallSiteArray.defaultCall(CallSiteArray.java:48)
	at org.codehaus.groovy.runtime.callsite.AbstractCallSite.call(AbstractCallSite.java:113)
	at org.codehaus.groovy.runtime.callsite.AbstractCallSite.call(AbstractCallSite.java:141)
	at TempTestSuite1540025489648.run(TempTestSuite1540025489648.groovy:36)
	at groovy.lang.GroovyShell.runScriptOrMainOrTestOrRunnable(GroovyShell.java:263)
	at groovy.lang.GroovyShell.run(GroovyShell.java:518)
	at groovy.lang.GroovyShell.run(GroovyShell.java:507)
	at groovy.ui.GroovyMain.processOnce(GroovyMain.java:653)
	at groovy.ui.GroovyMain.run(GroovyMain.java:384)
	at groovy.ui.GroovyMain.process(GroovyMain.java:370)
	at groovy.ui.GroovyMain.processArgs(GroovyMain.java:129)
	at groovy.ui.GroovyMain.main(GroovyMain.java:109)
	at sun.reflect.NativeMethodAccessorImpl.invoke0(Native Method)
	at sun.reflect.NativeMethodAccessorImpl.invoke(NativeMethodAccessorImpl.java:62)
	at sun.reflect.DelegatingMethodAccessorImpl.invoke(DelegatingMethodAccessorImpl.java:43)
	at java.lang.reflect.Method.invoke(Method.java:498)
	at org.codehaus.groovy.tools.GroovyStarter.rootLoader(GroovyStarter.java:109)
	at org.codehaus.groovy.tools.GroovyStarter.main(GroovyStarter.java:131)
)

2018-10-21 00:02:02 - [TEST_STEP][NOT_RUN] - callTestCase: NOT_RUN: callTestCase

2018-10-21 00:02:02 - [MESSAGE][NOT_RUN] - NOT_RUN: callTestCase

2018-10-21 00:02:02 - [TEST_STEP][PASSED] - delay: Delayed 1 second(s)

2018-10-21 00:02:03 - [MESSAGE][PASSED] - Delayed 1 second(s)

2018-10-21 00:02:03 - [TEST_STEP][PASSED] - navigateToUrl: Navigate to 'https://assist2-uat.perkeso.gov.my/c/portal/logout' successfully

2018-10-21 00:02:04 - [MESSAGE][PASSED] - Navigate to 'https://assist2-uat.perkeso.gov.my/c/portal/logout' successfully

2018-10-21 00:02:04 - [TEST_STEP][PASSED] - delay: Delayed 1 second(s)

2018-10-21 00:02:05 - [MESSAGE][PASSED] - Delayed 1 second(s)

2018-10-21 00:02:05 - [TEST_STEP][PASSED] - callTestCase: Call Test Case 'Test Cases/Final Aug 2018 - PKS Automation/Common/Reference Number Getter' successfully

2018-10-21 00:02:05 - [TEST_CASE][PASSED] - Test Cases/Final Aug 2018 - PKS Automation/Common/Reference Number Getter: Test Cases/Final Aug 2018 - PKS Automation/Common/Reference Number Getter

2018-10-21 00:02:05 - [TEST_STEP][PASSED] - Statement - Try: null

2018-10-21 00:02:05 - [TEST_STEP][PASSED] - Statement - RefNo = new java.io.File(C://KatalonReference.txt): null

2018-10-21 00:02:05 - [TEST_STEP][PASSED] - Statement - bufferread = new java.io.BufferedReader(new java.io.FileReader(RefNo)): null

2018-10-21 00:02:05 - [TEST_STEP][PASSED] - Statement - readedVal = bufferread.readLine(): null

2018-10-21 00:02:05 - [TEST_STEP][PASSED] - Statement - out.println(CaseReferenceNo): null

2018-10-21 00:02:05 - [TEST_STEP][PASSED] - Statement - out.println(readedVal): null

2018-10-21 00:02:05 - [TEST_STEP][PASSED] - Statement - CaseReferenceNo = readedVal: null

2018-10-21 00:02:05 - [MESSAGE][PASSED] - Call Test Case 'Test Cases/Final Aug 2018 - PKS Automation/Common/Reference Number Getter' successfully

2018-10-21 00:02:05 - [TEST_STEP][FAILED] - callTestCase: Unable to call Test Case with id 'Test Cases/Final Aug 2018 - PKS Automation/Common/Workflow Owner Finder' (Root cause: Call Test Case 'Test Cases/Final Aug 2018 - PKS Automation/Common/Workflow Owner Finder' failed)

2018-10-21 00:02:05 - [TEST_CASE][FAILED] - Test Cases/Final Aug 2018 - PKS Automation/Common/Workflow Owner Finder: Test Cases/Final Aug 2018 - PKS Automation/Common/Workflow Owner Finder FAILED because (of) (Stack trace: com.kms.katalon.core.exception.StepFailedException: Unable to click on object 'Object Repository/Final Object Repo/Landing Page/Select to English' (Root cause: com.kms.katalon.core.webui.exception.WebElementNotFoundException: Web element with id: 'Object Repository/Final Object Repo/Landing Page/Select to English' located by 'By.xpath: //a[@class = 'taglib-language-list-text' and @lang = 'en-US' and (contains(text(), 'EN') or contains(., 'EN'))]' not found)
	at com.kms.katalon.core.keyword.internal.KeywordMain.stepFailed(KeywordMain.groovy:32)
	at com.kms.katalon.core.webui.keyword.internal.WebUIKeywordMain.stepFailed(WebUIKeywordMain.groovy:65)
	at com.kms.katalon.core.webui.keyword.internal.WebUIKeywordMain.runKeyword(WebUIKeywordMain.groovy:27)
	at com.kms.katalon.core.webui.keyword.builtin.ClickKeyword.click(ClickKeyword.groovy:86)
	at com.kms.katalon.core.webui.keyword.builtin.ClickKeyword.execute(ClickKeyword.groovy:67)
	at com.kms.katalon.core.keyword.internal.KeywordExecutor.executeKeywordForPlatform(KeywordExecutor.groovy:53)
	at com.kms.katalon.core.webui.keyword.WebUiBuiltInKeywords.click(WebUiBuiltInKeywords.groovy:604)
	at com.kms.katalon.core.webui.keyword.WebUiBuiltInKeywords$click$8.call(Unknown Source)
	at Script1534407542420.run(Script1534407542420.groovy:57)
	at com.kms.katalon.core.main.ScriptEngine.run(ScriptEngine.java:183)
	at com.kms.katalon.core.main.ScriptEngine.runScriptAsRawText(ScriptEngine.java:108)
	at com.kms.katalon.core.main.TestCaseExecutor.runScript(TestCaseExecutor.java:294)
	at com.kms.katalon.core.main.TestCaseExecutor.doExecute(TestCaseExecutor.java:285)
	at com.kms.katalon.core.main.TestCaseExecutor.processExecutionPhase(TestCaseExecutor.java:264)
	at com.kms.katalon.core.main.TestCaseExecutor.accessMainPhase(TestCaseExecutor.java:256)
	at com.kms.katalon.core.main.TestCaseExecutor.execute(TestCaseExecutor.java:200)
	at com.kms.katalon.core.main.TestCaseMain.runTestCase(TestCaseMain.java:99)
	at com.kms.katalon.core.keyword.builtin.CallTestCaseKeyword$_callTestCase_closure1.doCall(CallTestCaseKeyword.groovy:60)
	at com.kms.katalon.core.keyword.builtin.CallTestCaseKeyword$_callTestCase_closure1.call(CallTestCaseKeyword.groovy)
	at com.kms.katalon.core.keyword.internal.KeywordMain.runKeyword(KeywordMain.groovy:54)
	at com.kms.katalon.core.keyword.builtin.CallTestCaseKeyword.callTestCase(CallTestCaseKeyword.groovy:81)
	at com.kms.katalon.core.keyword.builtin.CallTestCaseKeyword.execute(CallTestCaseKeyword.groovy:45)
	at com.kms.katalon.core.keyword.internal.KeywordExecutor.executeKeywordForPlatform(KeywordExecutor.groovy:53)
	at com.kms.katalon.core.keyword.BuiltinKeywords.callTestCase(BuiltinKeywords.groovy:334)
	at sun.reflect.GeneratedMethodAccessor13.invoke(Unknown Source)
	at sun.reflect.DelegatingMethodAccessorImpl.invoke(DelegatingMethodAccessorImpl.java:43)
	at java.lang.reflect.Method.invoke(Method.java:498)
	at org.codehaus.groovy.reflection.CachedMethod.invoke(CachedMethod.java:93)
	at groovy.lang.MetaMethod.doMethodInvoke(MetaMethod.java:325)
	at groovy.lang.MetaClassImpl.invokeStaticMethod(MetaClassImpl.java:1469)
	at org.codehaus.groovy.runtime.callsite.StaticMetaClassSite.call(StaticMetaClassSite.java:53)
	at org.codehaus.groovy.runtime.callsite.AbstractCallSite.call(AbstractCallSite.java:141)
	at Script1536044453581.run(Script1536044453581.groovy:34)
	at com.kms.katalon.core.main.ScriptEngine.run(ScriptEngine.java:183)
	at com.kms.katalon.core.main.ScriptEngine.runScriptAsRawText(ScriptEngine.java:108)
	at com.kms.katalon.core.main.TestCaseExecutor.runScript(TestCaseExecutor.java:294)
	at com.kms.katalon.core.main.TestCaseExecutor.doExecute(TestCaseExecutor.java:285)
	at com.kms.katalon.core.main.TestCaseExecutor.processExecutionPhase(TestCaseExecutor.java:264)
	at com.kms.katalon.core.main.TestCaseExecutor.accessMainPhase(TestCaseExecutor.java:256)
	at com.kms.katalon.core.main.TestCaseExecutor.execute(TestCaseExecutor.java:200)
	at com.kms.katalon.core.main.TestCaseMain.runTestCase(TestCaseMain.java:99)
	at com.kms.katalon.core.keyword.builtin.CallTestCaseKeyword$_callTestCase_closure1.doCall(CallTestCaseKeyword.groovy:60)
	at com.kms.katalon.core.keyword.builtin.CallTestCaseKeyword$_callTestCase_closure1.call(CallTestCaseKeyword.groovy)
	at com.kms.katalon.core.keyword.internal.KeywordMain.runKeyword(KeywordMain.groovy:54)
	at com.kms.katalon.core.keyword.builtin.CallTestCaseKeyword.callTestCase(CallTestCaseKeyword.groovy:81)
	at com.kms.katalon.core.keyword.builtin.CallTestCaseKeyword.execute(CallTestCaseKeyword.groovy:45)
	at com.kms.katalon.core.keyword.internal.KeywordExecutor.executeKeywordForPlatform(KeywordExecutor.groovy:53)
	at com.kms.katalon.core.keyword.BuiltinKeywords.callTestCase(BuiltinKeywords.groovy:334)
	at sun.reflect.GeneratedMethodAccessor13.invoke(Unknown Source)
	at sun.reflect.DelegatingMethodAccessorImpl.invoke(DelegatingMethodAccessorImpl.java:43)
	at java.lang.reflect.Method.invoke(Method.java:498)
	at org.codehaus.groovy.reflection.CachedMethod.invoke(CachedMethod.java:93)
	at groovy.lang.MetaMethod.doMethodInvoke(MetaMethod.java:325)
	at groovy.lang.MetaClassImpl.invokeStaticMethod(MetaClassImpl.java:1469)
	at org.codehaus.groovy.runtime.callsite.StaticMetaClassSite.call(StaticMetaClassSite.java:53)
	at org.codehaus.groovy.runtime.callsite.CallSiteArray.defaultCall(CallSiteArray.java:48)
	at org.codehaus.groovy.runtime.callsite.AbstractCallSite.call(AbstractCallSite.java:113)
	at org.codehaus.groovy.runtime.callsite.AbstractCallSite.call(AbstractCallSite.java:141)
	at Script1536204625076.run(Script1536204625076.groovy:25)
	at com.kms.katalon.core.main.ScriptEngine.run(ScriptEngine.java:183)
	at com.kms.katalon.core.main.ScriptEngine.runScriptAsRawText(ScriptEngine.java:108)
	at com.kms.katalon.core.main.TestCaseExecutor.runScript(TestCaseExecutor.java:294)
	at com.kms.katalon.core.main.TestCaseExecutor.doExecute(TestCaseExecutor.java:285)
	at com.kms.katalon.core.main.TestCaseExecutor.processExecutionPhase(TestCaseExecutor.java:264)
	at com.kms.katalon.core.main.TestCaseExecutor.accessMainPhase(TestCaseExecutor.java:256)
	at com.kms.katalon.core.main.TestCaseExecutor.execute(TestCaseExecutor.java:200)
	at com.kms.katalon.core.main.TestSuiteExecutor.accessTestCaseMainPhase(TestSuiteExecutor.java:129)
	at com.kms.katalon.core.main.TestSuiteExecutor.accessTestSuiteMainPhase(TestSuiteExecutor.java:112)
	at com.kms.katalon.core.main.TestSuiteExecutor.execute(TestSuiteExecutor.java:81)
	at com.kms.katalon.core.main.TestCaseMain.startTestSuite(TestCaseMain.java:142)
	at com.kms.katalon.core.main.TestCaseMain$startTestSuite$0.call(Unknown Source)
	at org.codehaus.groovy.runtime.callsite.CallSiteArray.defaultCall(CallSiteArray.java:48)
	at org.codehaus.groovy.runtime.callsite.AbstractCallSite.call(AbstractCallSite.java:113)
	at org.codehaus.groovy.runtime.callsite.AbstractCallSite.call(AbstractCallSite.java:141)
	at TempTestSuite1540025489648.run(TempTestSuite1540025489648.groovy:36)
	at groovy.lang.GroovyShell.runScriptOrMainOrTestOrRunnable(GroovyShell.java:263)
	at groovy.lang.GroovyShell.run(GroovyShell.java:518)
	at groovy.lang.GroovyShell.run(GroovyShell.java:507)
	at groovy.ui.GroovyMain.processOnce(GroovyMain.java:653)
	at groovy.ui.GroovyMain.run(GroovyMain.java:384)
	at groovy.ui.GroovyMain.process(GroovyMain.java:370)
	at groovy.ui.GroovyMain.processArgs(GroovyMain.java:129)
	at groovy.ui.GroovyMain.main(GroovyMain.java:109)
	at sun.reflect.NativeMethodAccessorImpl.invoke0(Native Method)
	at sun.reflect.NativeMethodAccessorImpl.invoke(NativeMethodAccessorImpl.java:62)
	at sun.reflect.DelegatingMethodAccessorImpl.invoke(DelegatingMethodAccessorImpl.java:43)
	at java.lang.reflect.Method.invoke(Method.java:498)
	at org.codehaus.groovy.tools.GroovyStarter.rootLoader(GroovyStarter.java:109)
	at org.codehaus.groovy.tools.GroovyStarter.main(GroovyStarter.java:131)
)

2018-10-21 00:02:05 - [TEST_STEP][PASSED] - openBrowser: Browser is opened with url: ''

2018-10-21 00:02:05 - [MESSAGE][WARNING] - A browser is already opened. Closing browser and opening a new one

2018-10-21 00:02:09 - [MESSAGE][PASSED] - Browser is opened with url: ''

2018-10-21 00:02:09 - [TEST_STEP][PASSED] - navigateToUrl: Navigate to 'https://assist2-uat.perkeso.gov.my/login' successfully

2018-10-21 00:02:17 - [MESSAGE][PASSED] - Navigate to 'https://assist2-uat.perkeso.gov.my/login' successfully

2018-10-21 00:02:17 - [TEST_STEP][PASSED] - delay: Delayed 5 second(s)

2018-10-21 00:02:22 - [MESSAGE][PASSED] - Delayed 5 second(s)

2018-10-21 00:02:22 - [TEST_STEP][PASSED] - setText: Text 'test@liferay.com' is set on object 'Object Repository/Final Object Repo/Login Page/Internal User/Email Address'

2018-10-21 00:02:22 - [MESSAGE][PASSED] - Text 'test@liferay.com' is set on object 'Object Repository/Final Object Repo/Login Page/Internal User/Email Address'

2018-10-21 00:02:22 - [TEST_STEP][PASSED] - click: Object: 'Object Repository/Final Object Repo/Login Page/Internal User/Next Button' is clicked on

2018-10-21 00:02:23 - [MESSAGE][PASSED] - Object: 'Object Repository/Final Object Repo/Login Page/Internal User/Next Button' is clicked on

2018-10-21 00:02:23 - [TEST_STEP][PASSED] - delay: Delayed 2 second(s)

2018-10-21 00:02:25 - [MESSAGE][PASSED] - Delayed 2 second(s)

2018-10-21 00:02:25 - [TEST_STEP][PASSED] - setText: Text 'test' is set on object 'Object Repository/Final Object Repo/Login Page/Internal User/Password'

2018-10-21 00:02:25 - [MESSAGE][PASSED] - Text 'test' is set on object 'Object Repository/Final Object Repo/Login Page/Internal User/Password'

2018-10-21 00:02:25 - [TEST_STEP][PASSED] - delay: Delayed 2 second(s)

2018-10-21 00:02:27 - [MESSAGE][PASSED] - Delayed 2 second(s)

2018-10-21 00:02:27 - [TEST_STEP][PASSED] - click: Object: 'Object Repository/Final Object Repo/Login Page/Internal User/Login Button' is clicked on

2018-10-21 00:02:27 - [MESSAGE][PASSED] - Object: 'Object Repository/Final Object Repo/Login Page/Internal User/Login Button' is clicked on

2018-10-21 00:02:27 - [TEST_STEP][FAILED] - Statement - Try: Delayed 2 second(s)

2018-10-21 00:02:27 - [TEST_STEP][PASSED] - Statement - Checker = false: null

2018-10-21 00:02:27 - [TEST_STEP][PASSED] - Statement - Checker = com.kms.katalon.core.webui.keyword.WebUiBuiltInKeywords.verifyElementHasAttribute(com.kms.katalon.core.testobject.ObjectRepository.findTestObject(Final Object Repo/Landing Page/BM Detecting), "href", 20, OPTIONAL): Unable to verify if object 'Object Repository/Final Object Repo/Landing Page/BM Detecting' has attribute 'href' (Root cause: org.openqa.selenium.StaleElementReferenceException: stale element reference: element is not attached to the page document
  (Session info: chrome=69.0.3497.100)
  (Driver info: chromedriver=2.35.528161 (5b82f2d2aae0ca24b877009200ced9065a772e73),platform=Windows NT 6.1.7601 SP1 x86_64) (WARNING: The server did not provide any stacktrace information)
Command duration or timeout: 0 milliseconds
For documentation on this error, please visit: http://seleniumhq.org/exceptions/stale_element_reference.html
Build info: version: '3.7.1', revision: '8a0099a', time: '2017-11-06T21:07:36.161Z'
System info: host: 'WEIZHENG', ip: '192.168.137.1', os.name: 'Windows 7', os.arch: 'amd64', os.version: '6.1', java.version: '1.8.0_181'
Driver info: com.kms.katalon.selenium.driver.CChromeDriver
Capabilities {acceptInsecureCerts: false, acceptSslCerts: false, applicationCacheEnabled: false, browserConnectionEnabled: false, browserName: chrome, chrome: {chromedriverVersion: 2.35.528161 (5b82f2d2aae0ca..., userDataDir: C:\Users\WEIZHE~1\AppData\L...}, cssSelectorsEnabled: true, databaseEnabled: false, handlesAlerts: true, hasTouchScreen: false, javascriptEnabled: true, locationContextEnabled: true, mobileEmulationEnabled: false, nativeEvents: true, networkConnectionEnabled: false, pageLoadStrategy: normal, platform: XP, platformName: XP, rotatable: false, setWindowRect: true, takesHeapSnapshot: true, takesScreenshot: true, unexpectedAlertBehaviour: , unhandledPromptBehavior: , version: 69.0.3497.100, webStorageEnabled: true}
Session ID: 44baa061cfaa4f7253819ee85ad163b2)

2018-10-21 00:02:32 - [MESSAGE][WARNING] - Unable to verify if object 'Object Repository/Final Object Repo/Landing Page/BM Detecting' has attribute 'href' (Root cause: org.openqa.selenium.StaleElementReferenceException: stale element reference: element is not attached to the page document
  (Session info: chrome=69.0.3497.100)
  (Driver info: chromedriver=2.35.528161 (5b82f2d2aae0ca24b877009200ced9065a772e73),platform=Windows NT 6.1.7601 SP1 x86_64) (WARNING: The server did not provide any stacktrace information)
Command duration or timeout: 0 milliseconds
For documentation on this error, please visit: http://seleniumhq.org/exceptions/stale_element_reference.html
Build info: version: '3.7.1', revision: '8a0099a', time: '2017-11-06T21:07:36.161Z'
System info: host: 'WEIZHENG', ip: '192.168.137.1', os.name: 'Windows 7', os.arch: 'amd64', os.version: '6.1', java.version: '1.8.0_181'
Driver info: com.kms.katalon.selenium.driver.CChromeDriver
Capabilities {acceptInsecureCerts: false, acceptSslCerts: false, applicationCacheEnabled: false, browserConnectionEnabled: false, browserName: chrome, chrome: {chromedriverVersion: 2.35.528161 (5b82f2d2aae0ca..., userDataDir: C:\Users\WEIZHE~1\AppData\L...}, cssSelectorsEnabled: true, databaseEnabled: false, handlesAlerts: true, hasTouchScreen: false, javascriptEnabled: true, locationContextEnabled: true, mobileEmulationEnabled: false, nativeEvents: true, networkConnectionEnabled: false, pageLoadStrategy: normal, platform: XP, platformName: XP, rotatable: false, setWindowRect: true, takesHeapSnapshot: true, takesScreenshot: true, unexpectedAlertBehaviour: , unhandledPromptBehavior: , version: 69.0.3497.100, webStorageEnabled: true}
Session ID: 44baa061cfaa4f7253819ee85ad163b2)
[[ATTACHMENT|C:\\Users\\LENOVO\\Katalon Studio\\Perkeso Phase A\\Reports\\Workflow\\Form 3 EIS - Cessation as Employer\\20181020_165129\\1540051352610.png]]

2018-10-21 00:02:32 - [TEST_STEP][PASSED] - Statement - out.println(Checker): null

2018-10-21 00:02:32 - [TEST_STEP][FAILED] - Statement - If (Checker == false): Unable to click on object 'Object Repository/Final Object Repo/Landing Page/Select to English' (Root cause: com.kms.katalon.core.webui.exception.WebElementNotFoundException: Web element with id: 'Object Repository/Final Object Repo/Landing Page/Select to English' located by 'By.xpath: //a[@class = 'taglib-language-list-text' and @lang = 'en-US' and (contains(text(), 'EN') or contains(., 'EN'))]' not found)

2018-10-21 00:02:32 - [TEST_STEP][FAILED] - click: Unable to click on object 'Object Repository/Final Object Repo/Landing Page/Select to English' (Root cause: com.kms.katalon.core.webui.exception.WebElementNotFoundException: Web element with id: 'Object Repository/Final Object Repo/Landing Page/Select to English' located by 'By.xpath: //a[@class = 'taglib-language-list-text' and @lang = 'en-US' and (contains(text(), 'EN') or contains(., 'EN'))]' not found)

2018-10-21 00:03:12 - [MESSAGE][FAILED] - Unable to click on object 'Object Repository/Final Object Repo/Landing Page/Select to English' (Root cause: com.kms.katalon.core.webui.exception.WebElementNotFoundException: Web element with id: 'Object Repository/Final Object Repo/Landing Page/Select to English' located by 'By.xpath: //a[@class = 'taglib-language-list-text' and @lang = 'en-US' and (contains(text(), 'EN') or contains(., 'EN'))]' not found)
[[ATTACHMENT|C:\\Users\\LENOVO\\Katalon Studio\\Perkeso Phase A\\Reports\\Workflow\\Form 3 EIS - Cessation as Employer\\20181020_165129\\1540051392551.png]]

2018-10-21 00:03:12 - [TEST_STEP][PASSED] - delay: Delayed 2 second(s)

2018-10-21 00:03:14 - [MESSAGE][PASSED] - Delayed 2 second(s)

2018-10-21 00:03:14 - [TEST_STEP][PASSED] - delay: Delayed 3 second(s)

2018-10-21 00:03:17 - [MESSAGE][PASSED] - Delayed 3 second(s)

2018-10-21 00:03:17 - [TEST_STEP][PASSED] - mouseOver: Object: 'Object Repository/Final Object Repo/Landing Page/WorkFlow Menu' is hovered

2018-10-21 00:03:17 - [MESSAGE][PASSED] - Object: 'Object Repository/Final Object Repo/Landing Page/WorkFlow Menu' is hovered

2018-10-21 00:03:17 - [TEST_STEP][PASSED] - delay: Delayed 2 second(s)

2018-10-21 00:03:19 - [MESSAGE][PASSED] - Delayed 2 second(s)

2018-10-21 00:03:19 - [TEST_STEP][PASSED] - click: Object: 'Object Repository/Final Object Repo/Landing Page/Select to Workflow Listing' is clicked on

2018-10-21 00:03:21 - [MESSAGE][PASSED] - Object: 'Object Repository/Final Object Repo/Landing Page/Select to Workflow Listing' is clicked on

2018-10-21 00:03:21 - [TEST_STEP][PASSED] - delay: Delayed 2 second(s)

2018-10-21 00:03:23 - [MESSAGE][PASSED] - Delayed 2 second(s)

2018-10-21 00:03:23 - [TEST_STEP][PASSED] - click: Object: 'Object Repository/Final Object Repo/WorkFlow Listing Page/Search Information - To Put Ref No' is clicked on

2018-10-21 00:03:23 - [MESSAGE][PASSED] - Object: 'Object Repository/Final Object Repo/WorkFlow Listing Page/Search Information - To Put Ref No' is clicked on

2018-10-21 00:03:23 - [TEST_STEP][PASSED] - delay: Delayed 2 second(s)

2018-10-21 00:03:25 - [MESSAGE][PASSED] - Delayed 2 second(s)

2018-10-21 00:03:25 - [TEST_STEP][PASSED] - callTestCase: Call Test Case 'Test Cases/Final Aug 2018 - PKS Automation/Common/Reference Number Getter' successfully

2018-10-21 00:03:25 - [TEST_CASE][PASSED] - Test Cases/Final Aug 2018 - PKS Automation/Common/Reference Number Getter: Test Cases/Final Aug 2018 - PKS Automation/Common/Reference Number Getter

2018-10-21 00:03:25 - [TEST_STEP][PASSED] - Statement - Try: null

2018-10-21 00:03:25 - [TEST_STEP][PASSED] - Statement - RefNo = new java.io.File(C://KatalonReference.txt): null

2018-10-21 00:03:25 - [TEST_STEP][PASSED] - Statement - bufferread = new java.io.BufferedReader(new java.io.FileReader(RefNo)): null

2018-10-21 00:03:25 - [TEST_STEP][PASSED] - Statement - readedVal = bufferread.readLine(): null

2018-10-21 00:03:25 - [TEST_STEP][PASSED] - Statement - out.println(CaseReferenceNo): null

2018-10-21 00:03:25 - [TEST_STEP][PASSED] - Statement - out.println(readedVal): null

2018-10-21 00:03:25 - [TEST_STEP][PASSED] - Statement - CaseReferenceNo = readedVal: null

2018-10-21 00:03:25 - [MESSAGE][PASSED] - Call Test Case 'Test Cases/Final Aug 2018 - PKS Automation/Common/Reference Number Getter' successfully

2018-10-21 00:03:25 - [TEST_STEP][PASSED] - setText: Text 'ERN102018C200002206ERN102018C200002207' is set on object 'Object Repository/Final Object Repo/WorkFlow Listing Page/Ref No Set Text'

2018-10-21 00:03:25 - [MESSAGE][PASSED] - Text 'ERN102018C200002206ERN102018C200002207' is set on object 'Object Repository/Final Object Repo/WorkFlow Listing Page/Ref No Set Text'

2018-10-21 00:03:25 - [TEST_STEP][PASSED] - delay: Delayed 2 second(s)

2018-10-21 00:03:27 - [MESSAGE][PASSED] - Delayed 2 second(s)

2018-10-21 00:03:27 - [TEST_STEP][PASSED] - click: Object: 'Object Repository/Final Object Repo/WorkFlow Listing Page/Search Ref No Search Button' is clicked on

2018-10-21 00:03:27 - [MESSAGE][PASSED] - Object: 'Object Repository/Final Object Repo/WorkFlow Listing Page/Search Ref No Search Button' is clicked on

2018-10-21 00:03:27 - [TEST_STEP][PASSED] - delay: Delayed 4 second(s)

2018-10-21 00:03:31 - [MESSAGE][PASSED] - Delayed 4 second(s)

2018-10-21 00:03:31 - [TEST_STEP][FAILED] - click: Unable to click on object 'Object Repository/Final Object Repo/WorkFlow Listing Page/Click Continue Tooltip' (Root cause: com.kms.katalon.core.webui.exception.WebElementNotFoundException: Web element with id: 'Object Repository/Final Object Repo/WorkFlow Listing Page/Click Continue Tooltip' located by 'By.xpath: //i[@aria-hidden = 'true' and @data-toggle = 'tooltip' and @data-original-title = 'Continue']' not found)

2018-10-21 00:04:08 - [MESSAGE][FAILED] - Unable to click on object 'Object Repository/Final Object Repo/WorkFlow Listing Page/Click Continue Tooltip' (Root cause: com.kms.katalon.core.webui.exception.WebElementNotFoundException: Web element with id: 'Object Repository/Final Object Repo/WorkFlow Listing Page/Click Continue Tooltip' located by 'By.xpath: //i[@aria-hidden = 'true' and @data-toggle = 'tooltip' and @data-original-title = 'Continue']' not found)
[[ATTACHMENT|C:\\Users\\LENOVO\\Katalon Studio\\Perkeso Phase A\\Reports\\Workflow\\Form 3 EIS - Cessation as Employer\\20181020_165129\\1540051447960.png]]

2018-10-21 00:04:08 - [TEST_STEP][PASSED] - delay: Delayed 5 second(s)

2018-10-21 00:04:13 - [MESSAGE][PASSED] - Delayed 5 second(s)

2018-10-21 00:04:13 - [TEST_STEP][FAILED] - doubleClick: Unable to double click on object 'Object Repository/Final Object Repo/WorkFlow Listing Page/Workflow Found - Listing 1' (Root cause: com.kms.katalon.core.webui.exception.WebElementNotFoundException: Web element with id: 'Object Repository/Final Object Repo/WorkFlow Listing Page/Workflow Found - Listing 1' located by 'By.xpath: //body/div/div/div/div/div/div/div/div/div/div/div/div/div/div/div/div/table/tbody/tr/td[@class='table-cell  first']/following-sibling::td[1]' not found)

2018-10-21 00:04:45 - [MESSAGE][FAILED] - Unable to double click on object 'Object Repository/Final Object Repo/WorkFlow Listing Page/Workflow Found - Listing 1' (Root cause: com.kms.katalon.core.webui.exception.WebElementNotFoundException: Web element with id: 'Object Repository/Final Object Repo/WorkFlow Listing Page/Workflow Found - Listing 1' located by 'By.xpath: //body/div/div/div/div/div/div/div/div/div/div/div/div/div/div/div/div/table/tbody/tr/td[@class='table-cell  first']/following-sibling::td[1]' not found)
[[ATTACHMENT|C:\\Users\\LENOVO\\Katalon Studio\\Perkeso Phase A\\Reports\\Workflow\\Form 3 EIS - Cessation as Employer\\20181020_165129\\1540051485651.png]]

2018-10-21 00:04:45 - [MESSAGE][FAILED] - Unable to call Test Case with id 'Test Cases/Final Aug 2018 - PKS Automation/Common/Workflow Owner Finder' (Root cause: Call Test Case 'Test Cases/Final Aug 2018 - PKS Automation/Common/Workflow Owner Finder' failed)

2018-10-21 00:04:45 - [MESSAGE][FAILED] - Unable to call Test Case with id 'Test Cases/Final Aug 2018 - PKS Automation/Registration Module/Workflow/Form 3 EIS - Cessation As Employer/Template/Form 3 A - Cessation As Employer (Reject)' (Root cause: Call Test Case 'Test Cases/Final Aug 2018 - PKS Automation/Registration Module/Workflow/Form 3 EIS - Cessation As Employer/Template/Form 3 A - Cessation As Employer (Reject)' failed)]]></system-out>
         <system-err><![CDATA[2018-10-21 00:01:02 - [TEST_CASE][FAILED] - Test Cases/Final Aug 2018 - PKS Automation/Registration Module/Workflow/Form 3 EIS - Cessation As Employer/PKRBO to UO (Reject): Test Cases/Final Aug 2018 - PKS Automation/Registration Module/Workflow/Form 3 EIS - Cessation As Employer/PKRBO to UO (Reject) FAILED because (of) (Stack trace: com.kms.katalon.core.exception.StepFailedException: Unable to click on object 'Object Repository/Final Object Repo/Landing Page/Select to English' (Root cause: com.kms.katalon.core.webui.exception.WebElementNotFoundException: Web element with id: 'Object Repository/Final Object Repo/Landing Page/Select to English' located by 'By.xpath: //a[@class = 'taglib-language-list-text' and @lang = 'en-US' and (contains(text(), 'EN') or contains(., 'EN'))]' not found)
	at com.kms.katalon.core.keyword.internal.KeywordMain.stepFailed(KeywordMain.groovy:32)
	at com.kms.katalon.core.webui.keyword.internal.WebUIKeywordMain.stepFailed(WebUIKeywordMain.groovy:65)
	at com.kms.katalon.core.webui.keyword.internal.WebUIKeywordMain.runKeyword(WebUIKeywordMain.groovy:27)
	at com.kms.katalon.core.webui.keyword.builtin.ClickKeyword.click(ClickKeyword.groovy:86)
	at com.kms.katalon.core.webui.keyword.builtin.ClickKeyword.execute(ClickKeyword.groovy:67)
	at com.kms.katalon.core.keyword.internal.KeywordExecutor.executeKeywordForPlatform(KeywordExecutor.groovy:53)
	at com.kms.katalon.core.webui.keyword.WebUiBuiltInKeywords.click(WebUiBuiltInKeywords.groovy:604)
	at com.kms.katalon.core.webui.keyword.WebUiBuiltInKeywords$click$8.call(Unknown Source)
	at Script1534407542420.run(Script1534407542420.groovy:57)
	at com.kms.katalon.core.main.ScriptEngine.run(ScriptEngine.java:183)
	at com.kms.katalon.core.main.ScriptEngine.runScriptAsRawText(ScriptEngine.java:108)
	at com.kms.katalon.core.main.TestCaseExecutor.runScript(TestCaseExecutor.java:294)
	at com.kms.katalon.core.main.TestCaseExecutor.doExecute(TestCaseExecutor.java:285)
	at com.kms.katalon.core.main.TestCaseExecutor.processExecutionPhase(TestCaseExecutor.java:264)
	at com.kms.katalon.core.main.TestCaseExecutor.accessMainPhase(TestCaseExecutor.java:256)
	at com.kms.katalon.core.main.TestCaseExecutor.execute(TestCaseExecutor.java:200)
	at com.kms.katalon.core.main.TestCaseMain.runTestCase(TestCaseMain.java:99)
	at com.kms.katalon.core.keyword.builtin.CallTestCaseKeyword$_callTestCase_closure1.doCall(CallTestCaseKeyword.groovy:60)
	at com.kms.katalon.core.keyword.builtin.CallTestCaseKeyword$_callTestCase_closure1.call(CallTestCaseKeyword.groovy)
	at com.kms.katalon.core.keyword.internal.KeywordMain.runKeyword(KeywordMain.groovy:54)
	at com.kms.katalon.core.keyword.builtin.CallTestCaseKeyword.callTestCase(CallTestCaseKeyword.groovy:81)
	at com.kms.katalon.core.keyword.builtin.CallTestCaseKeyword.execute(CallTestCaseKeyword.groovy:45)
	at com.kms.katalon.core.keyword.internal.KeywordExecutor.executeKeywordForPlatform(KeywordExecutor.groovy:53)
	at com.kms.katalon.core.keyword.BuiltinKeywords.callTestCase(BuiltinKeywords.groovy:334)
	at sun.reflect.GeneratedMethodAccessor13.invoke(Unknown Source)
	at sun.reflect.DelegatingMethodAccessorImpl.invoke(DelegatingMethodAccessorImpl.java:43)
	at java.lang.reflect.Method.invoke(Method.java:498)
	at org.codehaus.groovy.reflection.CachedMethod.invoke(CachedMethod.java:93)
	at groovy.lang.MetaMethod.doMethodInvoke(MetaMethod.java:325)
	at groovy.lang.MetaClassImpl.invokeStaticMethod(MetaClassImpl.java:1469)
	at org.codehaus.groovy.runtime.callsite.StaticMetaClassSite.call(StaticMetaClassSite.java:53)
	at org.codehaus.groovy.runtime.callsite.AbstractCallSite.call(AbstractCallSite.java:141)
	at Script1536044453581.run(Script1536044453581.groovy:34)
	at com.kms.katalon.core.main.ScriptEngine.run(ScriptEngine.java:183)
	at com.kms.katalon.core.main.ScriptEngine.runScriptAsRawText(ScriptEngine.java:108)
	at com.kms.katalon.core.main.TestCaseExecutor.runScript(TestCaseExecutor.java:294)
	at com.kms.katalon.core.main.TestCaseExecutor.doExecute(TestCaseExecutor.java:285)
	at com.kms.katalon.core.main.TestCaseExecutor.processExecutionPhase(TestCaseExecutor.java:264)
	at com.kms.katalon.core.main.TestCaseExecutor.accessMainPhase(TestCaseExecutor.java:256)
	at com.kms.katalon.core.main.TestCaseExecutor.execute(TestCaseExecutor.java:200)
	at com.kms.katalon.core.main.TestCaseMain.runTestCase(TestCaseMain.java:99)
	at com.kms.katalon.core.keyword.builtin.CallTestCaseKeyword$_callTestCase_closure1.doCall(CallTestCaseKeyword.groovy:60)
	at com.kms.katalon.core.keyword.builtin.CallTestCaseKeyword$_callTestCase_closure1.call(CallTestCaseKeyword.groovy)
	at com.kms.katalon.core.keyword.internal.KeywordMain.runKeyword(KeywordMain.groovy:54)
	at com.kms.katalon.core.keyword.builtin.CallTestCaseKeyword.callTestCase(CallTestCaseKeyword.groovy:81)
	at com.kms.katalon.core.keyword.builtin.CallTestCaseKeyword.execute(CallTestCaseKeyword.groovy:45)
	at com.kms.katalon.core.keyword.internal.KeywordExecutor.executeKeywordForPlatform(KeywordExecutor.groovy:53)
	at com.kms.katalon.core.keyword.BuiltinKeywords.callTestCase(BuiltinKeywords.groovy:334)
	at sun.reflect.GeneratedMethodAccessor13.invoke(Unknown Source)
	at sun.reflect.DelegatingMethodAccessorImpl.invoke(DelegatingMethodAccessorImpl.java:43)
	at java.lang.reflect.Method.invoke(Method.java:498)
	at org.codehaus.groovy.reflection.CachedMethod.invoke(CachedMethod.java:93)
	at groovy.lang.MetaMethod.doMethodInvoke(MetaMethod.java:325)
	at groovy.lang.MetaClassImpl.invokeStaticMethod(MetaClassImpl.java:1469)
	at org.codehaus.groovy.runtime.callsite.StaticMetaClassSite.call(StaticMetaClassSite.java:53)
	at org.codehaus.groovy.runtime.callsite.CallSiteArray.defaultCall(CallSiteArray.java:48)
	at org.codehaus.groovy.runtime.callsite.AbstractCallSite.call(AbstractCallSite.java:113)
	at org.codehaus.groovy.runtime.callsite.AbstractCallSite.call(AbstractCallSite.java:141)
	at Script1536204625076.run(Script1536204625076.groovy:25)
	at com.kms.katalon.core.main.ScriptEngine.run(ScriptEngine.java:183)
	at com.kms.katalon.core.main.ScriptEngine.runScriptAsRawText(ScriptEngine.java:108)
	at com.kms.katalon.core.main.TestCaseExecutor.runScript(TestCaseExecutor.java:294)
	at com.kms.katalon.core.main.TestCaseExecutor.doExecute(TestCaseExecutor.java:285)
	at com.kms.katalon.core.main.TestCaseExecutor.processExecutionPhase(TestCaseExecutor.java:264)
	at com.kms.katalon.core.main.TestCaseExecutor.accessMainPhase(TestCaseExecutor.java:256)
	at com.kms.katalon.core.main.TestCaseExecutor.execute(TestCaseExecutor.java:200)
	at com.kms.katalon.core.main.TestSuiteExecutor.accessTestCaseMainPhase(TestSuiteExecutor.java:129)
	at com.kms.katalon.core.main.TestSuiteExecutor.accessTestSuiteMainPhase(TestSuiteExecutor.java:112)
	at com.kms.katalon.core.main.TestSuiteExecutor.execute(TestSuiteExecutor.java:81)
	at com.kms.katalon.core.main.TestCaseMain.startTestSuite(TestCaseMain.java:142)
	at com.kms.katalon.core.main.TestCaseMain$startTestSuite$0.call(Unknown Source)
	at org.codehaus.groovy.runtime.callsite.CallSiteArray.defaultCall(CallSiteArray.java:48)
	at org.codehaus.groovy.runtime.callsite.AbstractCallSite.call(AbstractCallSite.java:113)
	at org.codehaus.groovy.runtime.callsite.AbstractCallSite.call(AbstractCallSite.java:141)
	at TempTestSuite1540025489648.run(TempTestSuite1540025489648.groovy:36)
	at groovy.lang.GroovyShell.runScriptOrMainOrTestOrRunnable(GroovyShell.java:263)
	at groovy.lang.GroovyShell.run(GroovyShell.java:518)
	at groovy.lang.GroovyShell.run(GroovyShell.java:507)
	at groovy.ui.GroovyMain.processOnce(GroovyMain.java:653)
	at groovy.ui.GroovyMain.run(GroovyMain.java:384)
	at groovy.ui.GroovyMain.process(GroovyMain.java:370)
	at groovy.ui.GroovyMain.processArgs(GroovyMain.java:129)
	at groovy.ui.GroovyMain.main(GroovyMain.java:109)
	at sun.reflect.NativeMethodAccessorImpl.invoke0(Native Method)
	at sun.reflect.NativeMethodAccessorImpl.invoke(NativeMethodAccessorImpl.java:62)
	at sun.reflect.DelegatingMethodAccessorImpl.invoke(DelegatingMethodAccessorImpl.java:43)
	at java.lang.reflect.Method.invoke(Method.java:498)
	at org.codehaus.groovy.tools.GroovyStarter.rootLoader(GroovyStarter.java:109)
	at org.codehaus.groovy.tools.GroovyStarter.main(GroovyStarter.java:131)
)]]></system-err>
      </testcase>
      <testcase name="Test Cases/Final Aug 2018 - PKS Automation/Registration Module/Workflow/Form 3 EIS - Cessation As Employer/PKRBO to UO (Under enforcement)" classname="Test Cases/Final Aug 2018 - PKS Automation/Registration Module/Workflow/Form 3 EIS - Cessation As Employer/PKRBO to UO (Under enforcement)" status="FAILED">
         <failure type="FAILED" message="(Stack trace: com.kms.katalon.core.exception.StepFailedException: Unable to click on object 'Object Repository/Final Object Repo/Landing Page/Select to English' (Root cause: com.kms.katalon.core.webui.exception.WebElementNotFoundException: Web element with id: 'Object Repository/Final Object Repo/Landing Page/Select to English' located by 'By.xpath: //a[@class = 'taglib-language-list-text' and @lang = 'en-US' and (contains(text(), 'EN') or contains(., 'EN'))]' not found)
	at com.kms.katalon.core.keyword.internal.KeywordMain.stepFailed(KeywordMain.groovy:32)
	at com.kms.katalon.core.webui.keyword.internal.WebUIKeywordMain.stepFailed(WebUIKeywordMain.groovy:65)
	at com.kms.katalon.core.webui.keyword.internal.WebUIKeywordMain.runKeyword(WebUIKeywordMain.groovy:27)
	at com.kms.katalon.core.webui.keyword.builtin.ClickKeyword.click(ClickKeyword.groovy:86)
	at com.kms.katalon.core.webui.keyword.builtin.ClickKeyword.execute(ClickKeyword.groovy:67)
	at com.kms.katalon.core.keyword.internal.KeywordExecutor.executeKeywordForPlatform(KeywordExecutor.groovy:53)
	at com.kms.katalon.core.webui.keyword.WebUiBuiltInKeywords.click(WebUiBuiltInKeywords.groovy:604)
	at com.kms.katalon.core.webui.keyword.WebUiBuiltInKeywords$click$8.call(Unknown Source)
	at Script1534407542420.run(Script1534407542420.groovy:57)
	at com.kms.katalon.core.main.ScriptEngine.run(ScriptEngine.java:183)
	at com.kms.katalon.core.main.ScriptEngine.runScriptAsRawText(ScriptEngine.java:108)
	at com.kms.katalon.core.main.TestCaseExecutor.runScript(TestCaseExecutor.java:294)
	at com.kms.katalon.core.main.TestCaseExecutor.doExecute(TestCaseExecutor.java:285)
	at com.kms.katalon.core.main.TestCaseExecutor.processExecutionPhase(TestCaseExecutor.java:264)
	at com.kms.katalon.core.main.TestCaseExecutor.accessMainPhase(TestCaseExecutor.java:256)
	at com.kms.katalon.core.main.TestCaseExecutor.execute(TestCaseExecutor.java:200)
	at com.kms.katalon.core.main.TestCaseMain.runTestCase(TestCaseMain.java:99)
	at com.kms.katalon.core.keyword.builtin.CallTestCaseKeyword$_callTestCase_closure1.doCall(CallTestCaseKeyword.groovy:60)
	at com.kms.katalon.core.keyword.builtin.CallTestCaseKeyword$_callTestCase_closure1.call(CallTestCaseKeyword.groovy)
	at com.kms.katalon.core.keyword.internal.KeywordMain.runKeyword(KeywordMain.groovy:54)
	at com.kms.katalon.core.keyword.builtin.CallTestCaseKeyword.callTestCase(CallTestCaseKeyword.groovy:81)
	at com.kms.katalon.core.keyword.builtin.CallTestCaseKeyword.execute(CallTestCaseKeyword.groovy:45)
	at com.kms.katalon.core.keyword.internal.KeywordExecutor.executeKeywordForPlatform(KeywordExecutor.groovy:53)
	at com.kms.katalon.core.keyword.BuiltinKeywords.callTestCase(BuiltinKeywords.groovy:334)
	at sun.reflect.GeneratedMethodAccessor13.invoke(Unknown Source)
	at sun.reflect.DelegatingMethodAccessorImpl.invoke(DelegatingMethodAccessorImpl.java:43)
	at java.lang.reflect.Method.invoke(Method.java:498)
	at org.codehaus.groovy.reflection.CachedMethod.invoke(CachedMethod.java:93)
	at groovy.lang.MetaMethod.doMethodInvoke(MetaMethod.java:325)
	at groovy.lang.MetaClassImpl.invokeStaticMethod(MetaClassImpl.java:1469)
	at org.codehaus.groovy.runtime.callsite.StaticMetaClassSite.call(StaticMetaClassSite.java:53)
	at org.codehaus.groovy.runtime.callsite.AbstractCallSite.call(AbstractCallSite.java:141)
	at Script1536113546450.run(Script1536113546450.groovy:34)
	at com.kms.katalon.core.main.ScriptEngine.run(ScriptEngine.java:183)
	at com.kms.katalon.core.main.ScriptEngine.runScriptAsRawText(ScriptEngine.java:108)
	at com.kms.katalon.core.main.TestCaseExecutor.runScript(TestCaseExecutor.java:294)
	at com.kms.katalon.core.main.TestCaseExecutor.doExecute(TestCaseExecutor.java:285)
	at com.kms.katalon.core.main.TestCaseExecutor.processExecutionPhase(TestCaseExecutor.java:264)
	at com.kms.katalon.core.main.TestCaseExecutor.accessMainPhase(TestCaseExecutor.java:256)
	at com.kms.katalon.core.main.TestCaseExecutor.execute(TestCaseExecutor.java:200)
	at com.kms.katalon.core.main.TestCaseMain.runTestCase(TestCaseMain.java:99)
	at com.kms.katalon.core.keyword.builtin.CallTestCaseKeyword$_callTestCase_closure1.doCall(CallTestCaseKeyword.groovy:60)
	at com.kms.katalon.core.keyword.builtin.CallTestCaseKeyword$_callTestCase_closure1.call(CallTestCaseKeyword.groovy)
	at com.kms.katalon.core.keyword.internal.KeywordMain.runKeyword(KeywordMain.groovy:54)
	at com.kms.katalon.core.keyword.builtin.CallTestCaseKeyword.callTestCase(CallTestCaseKeyword.groovy:81)
	at com.kms.katalon.core.keyword.builtin.CallTestCaseKeyword.execute(CallTestCaseKeyword.groovy:45)
	at com.kms.katalon.core.keyword.internal.KeywordExecutor.executeKeywordForPlatform(KeywordExecutor.groovy:53)
	at com.kms.katalon.core.keyword.BuiltinKeywords.callTestCase(BuiltinKeywords.groovy:334)
	at sun.reflect.GeneratedMethodAccessor13.invoke(Unknown Source)
	at sun.reflect.DelegatingMethodAccessorImpl.invoke(DelegatingMethodAccessorImpl.java:43)
	at java.lang.reflect.Method.invoke(Method.java:498)
	at org.codehaus.groovy.reflection.CachedMethod.invoke(CachedMethod.java:93)
	at groovy.lang.MetaMethod.doMethodInvoke(MetaMethod.java:325)
	at groovy.lang.MetaClassImpl.invokeStaticMethod(MetaClassImpl.java:1469)
	at org.codehaus.groovy.runtime.callsite.StaticMetaClassSite.call(StaticMetaClassSite.java:53)
	at org.codehaus.groovy.runtime.callsite.CallSiteArray.defaultCall(CallSiteArray.java:48)
	at org.codehaus.groovy.runtime.callsite.AbstractCallSite.call(AbstractCallSite.java:113)
	at org.codehaus.groovy.runtime.callsite.AbstractCallSite.call(AbstractCallSite.java:141)
	at Script1536204639269.run(Script1536204639269.groovy:25)
	at com.kms.katalon.core.main.ScriptEngine.run(ScriptEngine.java:183)
	at com.kms.katalon.core.main.ScriptEngine.runScriptAsRawText(ScriptEngine.java:108)
	at com.kms.katalon.core.main.TestCaseExecutor.runScript(TestCaseExecutor.java:294)
	at com.kms.katalon.core.main.TestCaseExecutor.doExecute(TestCaseExecutor.java:285)
	at com.kms.katalon.core.main.TestCaseExecutor.processExecutionPhase(TestCaseExecutor.java:264)
	at com.kms.katalon.core.main.TestCaseExecutor.accessMainPhase(TestCaseExecutor.java:256)
	at com.kms.katalon.core.main.TestCaseExecutor.execute(TestCaseExecutor.java:200)
	at com.kms.katalon.core.main.TestSuiteExecutor.accessTestCaseMainPhase(TestSuiteExecutor.java:129)
	at com.kms.katalon.core.main.TestSuiteExecutor.accessTestSuiteMainPhase(TestSuiteExecutor.java:112)
	at com.kms.katalon.core.main.TestSuiteExecutor.execute(TestSuiteExecutor.java:81)
	at com.kms.katalon.core.main.TestCaseMain.startTestSuite(TestCaseMain.java:142)
	at com.kms.katalon.core.main.TestCaseMain$startTestSuite$0.call(Unknown Source)
	at org.codehaus.groovy.runtime.callsite.CallSiteArray.defaultCall(CallSiteArray.java:48)
	at org.codehaus.groovy.runtime.callsite.AbstractCallSite.call(AbstractCallSite.java:113)
	at org.codehaus.groovy.runtime.callsite.AbstractCallSite.call(AbstractCallSite.java:141)
	at TempTestSuite1540025489648.run(TempTestSuite1540025489648.groovy:36)
	at groovy.lang.GroovyShell.runScriptOrMainOrTestOrRunnable(GroovyShell.java:263)
	at groovy.lang.GroovyShell.run(GroovyShell.java:518)
	at groovy.lang.GroovyShell.run(GroovyShell.java:507)
	at groovy.ui.GroovyMain.processOnce(GroovyMain.java:653)
	at groovy.ui.GroovyMain.run(GroovyMain.java:384)
	at groovy.ui.GroovyMain.process(GroovyMain.java:370)
	at groovy.ui.GroovyMain.processArgs(GroovyMain.java:129)
	at groovy.ui.GroovyMain.main(GroovyMain.java:109)
	at sun.reflect.NativeMethodAccessorImpl.invoke0(Native Method)
	at sun.reflect.NativeMethodAccessorImpl.invoke(NativeMethodAccessorImpl.java:62)
	at sun.reflect.DelegatingMethodAccessorImpl.invoke(DelegatingMethodAccessorImpl.java:43)
	at java.lang.reflect.Method.invoke(Method.java:498)
	at org.codehaus.groovy.tools.GroovyStarter.rootLoader(GroovyStarter.java:109)
	at org.codehaus.groovy.tools.GroovyStarter.main(GroovyStarter.java:131)
)"/>
         <system-out><![CDATA[2018-10-21 00:04:45 - [TEST_CASE][FAILED] - Test Cases/Final Aug 2018 - PKS Automation/Registration Module/Workflow/Form 3 EIS - Cessation As Employer/PKRBO to UO (Under enforcement): Test Cases/Final Aug 2018 - PKS Automation/Registration Module/Workflow/Form 3 EIS - Cessation As Employer/PKRBO to UO (Under enforcement) FAILED because (of) (Stack trace: com.kms.katalon.core.exception.StepFailedException: Unable to click on object 'Object Repository/Final Object Repo/Landing Page/Select to English' (Root cause: com.kms.katalon.core.webui.exception.WebElementNotFoundException: Web element with id: 'Object Repository/Final Object Repo/Landing Page/Select to English' located by 'By.xpath: //a[@class = 'taglib-language-list-text' and @lang = 'en-US' and (contains(text(), 'EN') or contains(., 'EN'))]' not found)
	at com.kms.katalon.core.keyword.internal.KeywordMain.stepFailed(KeywordMain.groovy:32)
	at com.kms.katalon.core.webui.keyword.internal.WebUIKeywordMain.stepFailed(WebUIKeywordMain.groovy:65)
	at com.kms.katalon.core.webui.keyword.internal.WebUIKeywordMain.runKeyword(WebUIKeywordMain.groovy:27)
	at com.kms.katalon.core.webui.keyword.builtin.ClickKeyword.click(ClickKeyword.groovy:86)
	at com.kms.katalon.core.webui.keyword.builtin.ClickKeyword.execute(ClickKeyword.groovy:67)
	at com.kms.katalon.core.keyword.internal.KeywordExecutor.executeKeywordForPlatform(KeywordExecutor.groovy:53)
	at com.kms.katalon.core.webui.keyword.WebUiBuiltInKeywords.click(WebUiBuiltInKeywords.groovy:604)
	at com.kms.katalon.core.webui.keyword.WebUiBuiltInKeywords$click$8.call(Unknown Source)
	at Script1534407542420.run(Script1534407542420.groovy:57)
	at com.kms.katalon.core.main.ScriptEngine.run(ScriptEngine.java:183)
	at com.kms.katalon.core.main.ScriptEngine.runScriptAsRawText(ScriptEngine.java:108)
	at com.kms.katalon.core.main.TestCaseExecutor.runScript(TestCaseExecutor.java:294)
	at com.kms.katalon.core.main.TestCaseExecutor.doExecute(TestCaseExecutor.java:285)
	at com.kms.katalon.core.main.TestCaseExecutor.processExecutionPhase(TestCaseExecutor.java:264)
	at com.kms.katalon.core.main.TestCaseExecutor.accessMainPhase(TestCaseExecutor.java:256)
	at com.kms.katalon.core.main.TestCaseExecutor.execute(TestCaseExecutor.java:200)
	at com.kms.katalon.core.main.TestCaseMain.runTestCase(TestCaseMain.java:99)
	at com.kms.katalon.core.keyword.builtin.CallTestCaseKeyword$_callTestCase_closure1.doCall(CallTestCaseKeyword.groovy:60)
	at com.kms.katalon.core.keyword.builtin.CallTestCaseKeyword$_callTestCase_closure1.call(CallTestCaseKeyword.groovy)
	at com.kms.katalon.core.keyword.internal.KeywordMain.runKeyword(KeywordMain.groovy:54)
	at com.kms.katalon.core.keyword.builtin.CallTestCaseKeyword.callTestCase(CallTestCaseKeyword.groovy:81)
	at com.kms.katalon.core.keyword.builtin.CallTestCaseKeyword.execute(CallTestCaseKeyword.groovy:45)
	at com.kms.katalon.core.keyword.internal.KeywordExecutor.executeKeywordForPlatform(KeywordExecutor.groovy:53)
	at com.kms.katalon.core.keyword.BuiltinKeywords.callTestCase(BuiltinKeywords.groovy:334)
	at sun.reflect.GeneratedMethodAccessor13.invoke(Unknown Source)
	at sun.reflect.DelegatingMethodAccessorImpl.invoke(DelegatingMethodAccessorImpl.java:43)
	at java.lang.reflect.Method.invoke(Method.java:498)
	at org.codehaus.groovy.reflection.CachedMethod.invoke(CachedMethod.java:93)
	at groovy.lang.MetaMethod.doMethodInvoke(MetaMethod.java:325)
	at groovy.lang.MetaClassImpl.invokeStaticMethod(MetaClassImpl.java:1469)
	at org.codehaus.groovy.runtime.callsite.StaticMetaClassSite.call(StaticMetaClassSite.java:53)
	at org.codehaus.groovy.runtime.callsite.AbstractCallSite.call(AbstractCallSite.java:141)
	at Script1536113546450.run(Script1536113546450.groovy:34)
	at com.kms.katalon.core.main.ScriptEngine.run(ScriptEngine.java:183)
	at com.kms.katalon.core.main.ScriptEngine.runScriptAsRawText(ScriptEngine.java:108)
	at com.kms.katalon.core.main.TestCaseExecutor.runScript(TestCaseExecutor.java:294)
	at com.kms.katalon.core.main.TestCaseExecutor.doExecute(TestCaseExecutor.java:285)
	at com.kms.katalon.core.main.TestCaseExecutor.processExecutionPhase(TestCaseExecutor.java:264)
	at com.kms.katalon.core.main.TestCaseExecutor.accessMainPhase(TestCaseExecutor.java:256)
	at com.kms.katalon.core.main.TestCaseExecutor.execute(TestCaseExecutor.java:200)
	at com.kms.katalon.core.main.TestCaseMain.runTestCase(TestCaseMain.java:99)
	at com.kms.katalon.core.keyword.builtin.CallTestCaseKeyword$_callTestCase_closure1.doCall(CallTestCaseKeyword.groovy:60)
	at com.kms.katalon.core.keyword.builtin.CallTestCaseKeyword$_callTestCase_closure1.call(CallTestCaseKeyword.groovy)
	at com.kms.katalon.core.keyword.internal.KeywordMain.runKeyword(KeywordMain.groovy:54)
	at com.kms.katalon.core.keyword.builtin.CallTestCaseKeyword.callTestCase(CallTestCaseKeyword.groovy:81)
	at com.kms.katalon.core.keyword.builtin.CallTestCaseKeyword.execute(CallTestCaseKeyword.groovy:45)
	at com.kms.katalon.core.keyword.internal.KeywordExecutor.executeKeywordForPlatform(KeywordExecutor.groovy:53)
	at com.kms.katalon.core.keyword.BuiltinKeywords.callTestCase(BuiltinKeywords.groovy:334)
	at sun.reflect.GeneratedMethodAccessor13.invoke(Unknown Source)
	at sun.reflect.DelegatingMethodAccessorImpl.invoke(DelegatingMethodAccessorImpl.java:43)
	at java.lang.reflect.Method.invoke(Method.java:498)
	at org.codehaus.groovy.reflection.CachedMethod.invoke(CachedMethod.java:93)
	at groovy.lang.MetaMethod.doMethodInvoke(MetaMethod.java:325)
	at groovy.lang.MetaClassImpl.invokeStaticMethod(MetaClassImpl.java:1469)
	at org.codehaus.groovy.runtime.callsite.StaticMetaClassSite.call(StaticMetaClassSite.java:53)
	at org.codehaus.groovy.runtime.callsite.CallSiteArray.defaultCall(CallSiteArray.java:48)
	at org.codehaus.groovy.runtime.callsite.AbstractCallSite.call(AbstractCallSite.java:113)
	at org.codehaus.groovy.runtime.callsite.AbstractCallSite.call(AbstractCallSite.java:141)
	at Script1536204639269.run(Script1536204639269.groovy:25)
	at com.kms.katalon.core.main.ScriptEngine.run(ScriptEngine.java:183)
	at com.kms.katalon.core.main.ScriptEngine.runScriptAsRawText(ScriptEngine.java:108)
	at com.kms.katalon.core.main.TestCaseExecutor.runScript(TestCaseExecutor.java:294)
	at com.kms.katalon.core.main.TestCaseExecutor.doExecute(TestCaseExecutor.java:285)
	at com.kms.katalon.core.main.TestCaseExecutor.processExecutionPhase(TestCaseExecutor.java:264)
	at com.kms.katalon.core.main.TestCaseExecutor.accessMainPhase(TestCaseExecutor.java:256)
	at com.kms.katalon.core.main.TestCaseExecutor.execute(TestCaseExecutor.java:200)
	at com.kms.katalon.core.main.TestSuiteExecutor.accessTestCaseMainPhase(TestSuiteExecutor.java:129)
	at com.kms.katalon.core.main.TestSuiteExecutor.accessTestSuiteMainPhase(TestSuiteExecutor.java:112)
	at com.kms.katalon.core.main.TestSuiteExecutor.execute(TestSuiteExecutor.java:81)
	at com.kms.katalon.core.main.TestCaseMain.startTestSuite(TestCaseMain.java:142)
	at com.kms.katalon.core.main.TestCaseMain$startTestSuite$0.call(Unknown Source)
	at org.codehaus.groovy.runtime.callsite.CallSiteArray.defaultCall(CallSiteArray.java:48)
	at org.codehaus.groovy.runtime.callsite.AbstractCallSite.call(AbstractCallSite.java:113)
	at org.codehaus.groovy.runtime.callsite.AbstractCallSite.call(AbstractCallSite.java:141)
	at TempTestSuite1540025489648.run(TempTestSuite1540025489648.groovy:36)
	at groovy.lang.GroovyShell.runScriptOrMainOrTestOrRunnable(GroovyShell.java:263)
	at groovy.lang.GroovyShell.run(GroovyShell.java:518)
	at groovy.lang.GroovyShell.run(GroovyShell.java:507)
	at groovy.ui.GroovyMain.processOnce(GroovyMain.java:653)
	at groovy.ui.GroovyMain.run(GroovyMain.java:384)
	at groovy.ui.GroovyMain.process(GroovyMain.java:370)
	at groovy.ui.GroovyMain.processArgs(GroovyMain.java:129)
	at groovy.ui.GroovyMain.main(GroovyMain.java:109)
	at sun.reflect.NativeMethodAccessorImpl.invoke0(Native Method)
	at sun.reflect.NativeMethodAccessorImpl.invoke(NativeMethodAccessorImpl.java:62)
	at sun.reflect.DelegatingMethodAccessorImpl.invoke(DelegatingMethodAccessorImpl.java:43)
	at java.lang.reflect.Method.invoke(Method.java:498)
	at org.codehaus.groovy.tools.GroovyStarter.rootLoader(GroovyStarter.java:109)
	at org.codehaus.groovy.tools.GroovyStarter.main(GroovyStarter.java:131)
)

2018-10-21 00:04:46 - [TEST_STEP][PASSED] - callTestCase: Call Test Case 'Test Cases/Final Aug 2018 - PKS Automation/Registration Module/Workflow/Form 3 EIS - Cessation As Employer/Template/Form 3 A - Cessation As Employer (PKRBO)' successfully

2018-10-21 00:04:46 - [TEST_CASE][PASSED] - Test Cases/Final Aug 2018 - PKS Automation/Registration Module/Workflow/Form 3 EIS - Cessation As Employer/Template/Form 3 A - Cessation As Employer (PKRBO): Test Cases/Final Aug 2018 - PKS Automation/Registration Module/Workflow/Form 3 EIS - Cessation As Employer/Template/Form 3 A - Cessation As Employer (PKRBO)

2018-10-21 00:04:46 - [TEST_STEP][PASSED] - openBrowser: Browser is opened with url: ''

2018-10-21 00:04:46 - [MESSAGE][WARNING] - A browser is already opened. Closing browser and opening a new one

2018-10-21 00:04:50 - [MESSAGE][PASSED] - Browser is opened with url: ''

2018-10-21 00:04:50 - [TEST_STEP][PASSED] - navigateToUrl: Navigate to 'https://assist2-uat.perkeso.gov.my/login' successfully

2018-10-21 00:04:52 - [MESSAGE][PASSED] - Navigate to 'https://assist2-uat.perkeso.gov.my/login' successfully

2018-10-21 00:04:52 - [TEST_STEP][PASSED] - setText: Text 'johorpkrbo1@gmail.com' is set on object 'Object Repository/Final Object Repo/Login Page/Internal User/Email Address'

2018-10-21 00:04:52 - [MESSAGE][PASSED] - Text 'johorpkrbo1@gmail.com' is set on object 'Object Repository/Final Object Repo/Login Page/Internal User/Email Address'

2018-10-21 00:04:52 - [TEST_STEP][PASSED] - click: Object: 'Object Repository/Final Object Repo/Login Page/Internal User/Next Button' is clicked on

2018-10-21 00:04:52 - [MESSAGE][PASSED] - Object: 'Object Repository/Final Object Repo/Login Page/Internal User/Next Button' is clicked on

2018-10-21 00:04:52 - [TEST_STEP][PASSED] - delay: Delayed 1 second(s)

2018-10-21 00:04:53 - [MESSAGE][PASSED] - Delayed 1 second(s)

2018-10-21 00:04:53 - [TEST_STEP][PASSED] - setEncryptedText: Text ****** has been set on object 'Object Repository/Final Object Repo/Login Page/Internal User/Password'

2018-10-21 00:04:53 - [MESSAGE][PASSED] - Text ****** has been set on object 'Object Repository/Final Object Repo/Login Page/Internal User/Password'

2018-10-21 00:04:53 - [TEST_STEP][PASSED] - click: Object: 'Object Repository/Final Object Repo/Login Page/Internal User/Login Button' is clicked on

2018-10-21 00:04:54 - [MESSAGE][PASSED] - Object: 'Object Repository/Final Object Repo/Login Page/Internal User/Login Button' is clicked on

2018-10-21 00:04:54 - [TEST_STEP][PASSED] - delay: Delayed 1 second(s)

2018-10-21 00:04:55 - [MESSAGE][PASSED] - Delayed 1 second(s)

2018-10-21 00:04:55 - [TEST_STEP][PASSED] - Statement - Try: Delayed 2 second(s)

2018-10-21 00:04:55 - [TEST_STEP][PASSED] - Statement - Checker = false: null

2018-10-21 00:04:55 - [TEST_STEP][PASSED] - Statement - Checker = com.kms.katalon.core.webui.keyword.WebUiBuiltInKeywords.verifyElementHasAttribute(com.kms.katalon.core.testobject.ObjectRepository.findTestObject(Final Object Repo/Landing Page/BM Detecting), "href", 20, OPTIONAL): Object 'Object Repository/Final Object Repo/Landing Page/BM Detecting' has attribute 'href'

2018-10-21 00:04:57 - [MESSAGE][PASSED] - Object 'Object Repository/Final Object Repo/Landing Page/BM Detecting' has attribute 'href'

2018-10-21 00:04:57 - [TEST_STEP][PASSED] - Statement - out.println(Checker): null

2018-10-21 00:04:57 - [TEST_STEP][PASSED] - Statement - If (Checker == false): null

2018-10-21 00:04:57 - [TEST_STEP][PASSED] - Statement - Else: null

2018-10-21 00:04:57 - [TEST_STEP][PASSED] - delay: Delayed 2 second(s)

2018-10-21 00:04:59 - [MESSAGE][PASSED] - Delayed 2 second(s)

2018-10-21 00:04:59 - [TEST_STEP][PASSED] - navigateToUrl: Navigate to 'https://assist2-uat.perkeso.gov.my/web/registration/eis-update/form-3-eis-cessation-as-employer' successfully

2018-10-21 00:05:00 - [MESSAGE][PASSED] - Navigate to 'https://assist2-uat.perkeso.gov.my/web/registration/eis-update/form-3-eis-cessation-as-employer' successfully

2018-10-21 00:05:00 - [TEST_STEP][PASSED] - delay: Delayed 1 second(s)

2018-10-21 00:05:01 - [MESSAGE][PASSED] - Delayed 1 second(s)

2018-10-21 00:05:01 - [TEST_STEP][PASSED] - setText: Text 'E1102069769W' is set on object 'Object Repository/Final Object Repo/Page_Form 3 EIS - Cessation as Employer/Employer Code'

2018-10-21 00:05:01 - [MESSAGE][PASSED] - Text 'E1102069769W' is set on object 'Object Repository/Final Object Repo/Page_Form 3 EIS - Cessation as Employer/Employer Code'

2018-10-21 00:05:01 - [TEST_STEP][PASSED] - click: Object: 'Object Repository/Final Object Repo/Page_Form 3 EIS - Cessation as Employer/Search' is clicked on

2018-10-21 00:05:01 - [MESSAGE][PASSED] - Object: 'Object Repository/Final Object Repo/Page_Form 3 EIS - Cessation as Employer/Search' is clicked on

2018-10-21 00:05:01 - [TEST_STEP][PASSED] - click: Object: 'Object Repository/Final Object Repo/Page_Form 3 EIS - Cessation as Employer/Edit' is clicked on

2018-10-21 00:05:03 - [MESSAGE][PASSED] - Object: 'Object Repository/Final Object Repo/Page_Form 3 EIS - Cessation as Employer/Edit' is clicked on

2018-10-21 00:05:03 - [TEST_STEP][PASSED] - delay: Delayed 1 second(s)

2018-10-21 00:05:04 - [MESSAGE][PASSED] - Delayed 1 second(s)

2018-10-21 00:05:04 - [TEST_STEP][PASSED] - Statement - abc = com.kms.katalon.core.webui.keyword.WebUiBuiltInKeywords.getAttribute(com.kms.katalon.core.testobject.ObjectRepository.findTestObject(Final Object Repo/Page_Form 3 EIS - Cessation as Employer/Employer Status), "value"): Attribute 'value' of object 'Object Repository/Final Object Repo/Page_Form 3 EIS - Cessation as Employer/Employer Status' is: 'Active'

2018-10-21 00:05:04 - [MESSAGE][PASSED] - Attribute 'value' of object 'Object Repository/Final Object Repo/Page_Form 3 EIS - Cessation as Employer/Employer Status' is: 'Active'

2018-10-21 00:05:04 - [TEST_STEP][PASSED] - Statement - out.println(abc): null

2018-10-21 00:05:04 - [TEST_STEP][PASSED] - Statement - If (abc == "Active"): Object: 'Object Repository/Final Object Repo/Page_Form 3 EIS - Cessation as Employer/Dormant EIS' is clicked on

2018-10-21 00:05:04 - [TEST_STEP][PASSED] - click: Object: 'Object Repository/Final Object Repo/Page_Form 3 EIS - Cessation as Employer/Change Employer Status to' is clicked on

2018-10-21 00:05:05 - [MESSAGE][PASSED] - Object: 'Object Repository/Final Object Repo/Page_Form 3 EIS - Cessation as Employer/Change Employer Status to' is clicked on

2018-10-21 00:05:05 - [TEST_STEP][PASSED] - click: Object: 'Object Repository/Final Object Repo/Page_Form 3 EIS - Cessation as Employer/Dormant EIS' is clicked on

2018-10-21 00:05:05 - [MESSAGE][PASSED] - Object: 'Object Repository/Final Object Repo/Page_Form 3 EIS - Cessation as Employer/Dormant EIS' is clicked on

2018-10-21 00:05:05 - [TEST_STEP][PASSED] - click: Object: 'Object Repository/Final Object Repo/Page_Form 3 EIS - Cessation as Employer/Calender' is clicked on

2018-10-21 00:05:05 - [MESSAGE][PASSED] - Object: 'Object Repository/Final Object Repo/Page_Form 3 EIS - Cessation as Employer/Calender' is clicked on

2018-10-21 00:05:05 - [TEST_STEP][PASSED] - delay: Delayed 1 second(s)

2018-10-21 00:05:06 - [MESSAGE][PASSED] - Delayed 1 second(s)

2018-10-21 00:05:06 - [TEST_STEP][PASSED] - click: Object: 'Object Repository/Final Object Repo/Page_Form 3 EIS - Cessation as Employer/Calender - Date' is clicked on

2018-10-21 00:05:06 - [MESSAGE][PASSED] - Object: 'Object Repository/Final Object Repo/Page_Form 3 EIS - Cessation as Employer/Calender - Date' is clicked on

2018-10-21 00:05:06 - [TEST_STEP][PASSED] - click: Object: 'Object Repository/Final Object Repo/Page_Form 3 EIS - Cessation as Employer/Save  Continue in Form 3 EIS Page' is clicked on

2018-10-21 00:05:06 - [MESSAGE][PASSED] - Object: 'Object Repository/Final Object Repo/Page_Form 3 EIS - Cessation as Employer/Save  Continue in Form 3 EIS Page' is clicked on

2018-10-21 00:05:06 - [TEST_STEP][PASSED] - delay: Delayed 1 second(s)

2018-10-21 00:05:07 - [MESSAGE][PASSED] - Delayed 1 second(s)

2018-10-21 00:05:07 - [TEST_STEP][PASSED] - click: Object: 'Object Repository/Final Object Repo/Page_Form 3 EIS - Cessation as Employer/Employment Resign Date' is clicked on

2018-10-21 00:05:08 - [MESSAGE][PASSED] - Object: 'Object Repository/Final Object Repo/Page_Form 3 EIS - Cessation as Employer/Employment Resign Date' is clicked on

2018-10-21 00:05:08 - [TEST_STEP][PASSED] - selectOptionByValue: All options with value '2018' are selected in object 'Object Repository/Final Object Repo/Page_Form 3 EIS - Cessation as Employer/Employment Resign Date - Year' 

2018-10-21 00:05:08 - [MESSAGE][PASSED] - All options with value '2018' are selected in object 'Object Repository/Final Object Repo/Page_Form 3 EIS - Cessation as Employer/Employment Resign Date - Year' 

2018-10-21 00:05:08 - [TEST_STEP][PASSED] - delay: Delayed 2 second(s)

2018-10-21 00:05:10 - [MESSAGE][PASSED] - Delayed 2 second(s)

2018-10-21 00:05:10 - [TEST_STEP][PASSED] - click: Object: 'Object Repository/Final Object Repo/Page_Form 3 EIS - Cessation as Employer/Employment Resign Date - Year - Date' is clicked on

2018-10-21 00:05:10 - [MESSAGE][PASSED] - Object: 'Object Repository/Final Object Repo/Page_Form 3 EIS - Cessation as Employer/Employment Resign Date - Year - Date' is clicked on

2018-10-21 00:05:10 - [TEST_STEP][PASSED] - delay: Delayed 2 second(s)

2018-10-21 00:05:12 - [MESSAGE][PASSED] - Delayed 2 second(s)

2018-10-21 00:05:12 - [TEST_STEP][PASSED] - click: Object: 'Object Repository/Final Object Repo/Page_Form 3 EIS - Cessation as Employer/Save  Continue in Employment Resign Page' is clicked on

2018-10-21 00:05:13 - [MESSAGE][PASSED] - Object: 'Object Repository/Final Object Repo/Page_Form 3 EIS - Cessation as Employer/Save  Continue in Employment Resign Page' is clicked on

2018-10-21 00:05:13 - [TEST_STEP][PASSED] - delay: Delayed 2 second(s)

2018-10-21 00:05:15 - [MESSAGE][PASSED] - Delayed 2 second(s)

2018-10-21 00:05:15 - [TEST_STEP][PASSED] - click: Object: 'Object Repository/Final Object Repo/Page_Form 3 EIS - Cessation as Employer/Add Document' is clicked on

2018-10-21 00:05:16 - [MESSAGE][PASSED] - Object: 'Object Repository/Final Object Repo/Page_Form 3 EIS - Cessation as Employer/Add Document' is clicked on

2018-10-21 00:05:16 - [TEST_STEP][PASSED] - delay: Delayed 3 second(s)

2018-10-21 00:05:19 - [MESSAGE][PASSED] - Delayed 3 second(s)

2018-10-21 00:05:19 - [TEST_STEP][PASSED] - click: Object: 'Object Repository/Final Object Repo/Page_Form 3 EIS - Cessation as Employer/Document Type' is clicked on

2018-10-21 00:05:19 - [MESSAGE][PASSED] - Object: 'Object Repository/Final Object Repo/Page_Form 3 EIS - Cessation as Employer/Document Type' is clicked on

2018-10-21 00:05:19 - [TEST_STEP][PASSED] - click: Object: 'Object Repository/Final Object Repo/Page_Form 3 EIS - Cessation as Employer/Document Type - Form 3' is clicked on

2018-10-21 00:05:19 - [MESSAGE][PASSED] - Object: 'Object Repository/Final Object Repo/Page_Form 3 EIS - Cessation as Employer/Document Type - Form 3' is clicked on

2018-10-21 00:05:19 - [TEST_STEP][PASSED] - delay: Delayed 2 second(s)

2018-10-21 00:05:21 - [MESSAGE][PASSED] - Delayed 2 second(s)

2018-10-21 00:05:21 - [TEST_STEP][PASSED] - sendKeys: Keys 'C:\Users\Public\Pictures\Sample Pictures\Act.jpg' sent to object: 'Object Repository/Final Object Repo/Page_Form 3 EIS - Cessation as Employer/ploading File'

2018-10-21 00:05:21 - [MESSAGE][PASSED] - Keys 'C:\Users\Public\Pictures\Sample Pictures\Act.jpg' sent to object: 'Object Repository/Final Object Repo/Page_Form 3 EIS - Cessation as Employer/ploading File'

2018-10-21 00:05:21 - [TEST_STEP][PASSED] - delay: Delayed 1 second(s)

2018-10-21 00:05:22 - [MESSAGE][PASSED] - Delayed 1 second(s)

2018-10-21 00:05:22 - [TEST_STEP][PASSED] - click: Object: 'Object Repository/Final Object Repo/Page_Form 3 EIS - Cessation as Employer/Add Document in Uploading Page' is clicked on

2018-10-21 00:05:23 - [MESSAGE][PASSED] - Object: 'Object Repository/Final Object Repo/Page_Form 3 EIS - Cessation as Employer/Add Document in Uploading Page' is clicked on

2018-10-21 00:05:23 - [TEST_STEP][PASSED] - delay: Delayed 2 second(s)

2018-10-21 00:05:25 - [MESSAGE][PASSED] - Delayed 2 second(s)

2018-10-21 00:05:25 - [TEST_STEP][PASSED] - Statement - CaseReferenceNo = com.kms.katalon.core.webui.keyword.WebUiBuiltInKeywords.getText(com.kms.katalon.core.testobject.ObjectRepository.findTestObject(Final Object Repo/Page_Update Employer Information/Reference Number in Update Employee Information Page)): Text of object 'Object Repository/Final Object Repo/Page_Update Employer Information/Reference Number in Update Employee Information Page' is: 'ERN102018C200002208'

2018-10-21 00:05:29 - [MESSAGE][PASSED] - Text of object 'Object Repository/Final Object Repo/Page_Update Employer Information/Reference Number in Update Employee Information Page' is: 'ERN102018C200002208'

2018-10-21 00:05:29 - [TEST_STEP][PASSED] - callTestCase: Call Test Case 'Test Cases/Final Aug 2018 - PKS Automation/Common/Reference Number Setter' successfully

2018-10-21 00:05:29 - [TEST_CASE][PASSED] - Test Cases/Final Aug 2018 - PKS Automation/Common/Reference Number Setter: Test Cases/Final Aug 2018 - PKS Automation/Common/Reference Number Setter

2018-10-21 00:05:29 - [TEST_STEP][PASSED] - Statement - RefNoOldFile = new java.io.File(C://KatalonReference.txt): null

2018-10-21 00:05:29 - [TEST_STEP][PASSED] - Statement - RefNoOldFile.delete(): null

2018-10-21 00:05:29 - [TEST_STEP][PASSED] - Statement - RefNo = new java.io.File(C://KatalonReference.txt): null

2018-10-21 00:05:29 - [TEST_STEP][PASSED] - Statement - RefNo.append(CaseReferenceNo): null

2018-10-21 00:05:29 - [TEST_STEP][PASSED] - Statement - out.println("


" + CaseReferenceNo + "


"): null

2018-10-21 00:05:29 - [MESSAGE][PASSED] - Call Test Case 'Test Cases/Final Aug 2018 - PKS Automation/Common/Reference Number Setter' successfully

2018-10-21 00:05:29 - [TEST_STEP][PASSED] - delay: Delayed 2 second(s)

2018-10-21 00:05:31 - [MESSAGE][PASSED] - Delayed 2 second(s)

2018-10-21 00:05:31 - [TEST_STEP][PASSED] - click: Object: 'Object Repository/Final Object Repo/Page_Form 3 EIS - Cessation as Employer/Save  Continue in Uploading Page' is clicked on

2018-10-21 00:05:31 - [MESSAGE][PASSED] - Object: 'Object Repository/Final Object Repo/Page_Form 3 EIS - Cessation as Employer/Save  Continue in Uploading Page' is clicked on

2018-10-21 00:05:31 - [TEST_STEP][PASSED] - delay: Delayed 2 second(s)

2018-10-21 00:05:33 - [MESSAGE][PASSED] - Delayed 2 second(s)

2018-10-21 00:05:33 - [TEST_STEP][PASSED] - click: Object: 'Object Repository/Final Object Repo/Page_Form 3 EIS - Cessation as Employer/Submit' is clicked on

2018-10-21 00:05:37 - [MESSAGE][PASSED] - Object: 'Object Repository/Final Object Repo/Page_Form 3 EIS - Cessation as Employer/Submit' is clicked on

2018-10-21 00:05:37 - [TEST_STEP][PASSED] - delay: Delayed 2 second(s)

2018-10-21 00:05:39 - [MESSAGE][PASSED] - Delayed 2 second(s)

2018-10-21 00:05:39 - [TEST_STEP][PASSED] - click: Object: 'Object Repository/Final Object Repo/Page_Form 3 EIS - Cessation as Employer/Confirm' is clicked on

2018-10-21 00:05:39 - [MESSAGE][PASSED] - Object: 'Object Repository/Final Object Repo/Page_Form 3 EIS - Cessation as Employer/Confirm' is clicked on

2018-10-21 00:05:39 - [TEST_STEP][PASSED] - delay: Delayed 2 second(s)

2018-10-21 00:05:41 - [MESSAGE][PASSED] - Delayed 2 second(s)

2018-10-21 00:05:41 - [TEST_STEP][PASSED] - click: Object: 'Object Repository/Final Object Repo/Page_Form 3 EIS - Cessation as Employer/Message Your Request will be routed to UO' is clicked on

2018-10-21 00:05:45 - [MESSAGE][PASSED] - Object: 'Object Repository/Final Object Repo/Page_Form 3 EIS - Cessation as Employer/Message Your Request will be routed to UO' is clicked on

2018-10-21 00:05:45 - [TEST_STEP][PASSED] - click: Object: 'Object Repository/Final Object Repo/Page_Form 3 EIS - Cessation as Employer/Letter of acknowledgement' is clicked on

2018-10-21 00:05:46 - [MESSAGE][PASSED] - Object: 'Object Repository/Final Object Repo/Page_Form 3 EIS - Cessation as Employer/Letter of acknowledgement' is clicked on

2018-10-21 00:05:46 - [MESSAGE][PASSED] - Call Test Case 'Test Cases/Final Aug 2018 - PKS Automation/Registration Module/Workflow/Form 3 EIS - Cessation As Employer/Template/Form 3 A - Cessation As Employer (PKRBO)' successfully

2018-10-21 00:05:46 - [TEST_STEP][FAILED] - callTestCase: Unable to call Test Case with id 'Test Cases/Final Aug 2018 - PKS Automation/Registration Module/Workflow/Form 3 EIS - Cessation As Employer/Template/Form 3 A - Cessation As Employer (Under enforcement)' (Root cause: Call Test Case 'Test Cases/Final Aug 2018 - PKS Automation/Registration Module/Workflow/Form 3 EIS - Cessation As Employer/Template/Form 3 A - Cessation As Employer (Under enforcement)' failed)

2018-10-21 00:05:46 - [TEST_CASE][FAILED] - Test Cases/Final Aug 2018 - PKS Automation/Registration Module/Workflow/Form 3 EIS - Cessation As Employer/Template/Form 3 A - Cessation As Employer (Under enforcement): Test Cases/Final Aug 2018 - PKS Automation/Registration Module/Workflow/Form 3 EIS - Cessation As Employer/Template/Form 3 A - Cessation As Employer (Under enforcement) FAILED because (of) (Stack trace: com.kms.katalon.core.exception.StepFailedException: Unable to click on object 'Object Repository/Final Object Repo/Landing Page/Select to English' (Root cause: com.kms.katalon.core.webui.exception.WebElementNotFoundException: Web element with id: 'Object Repository/Final Object Repo/Landing Page/Select to English' located by 'By.xpath: //a[@class = 'taglib-language-list-text' and @lang = 'en-US' and (contains(text(), 'EN') or contains(., 'EN'))]' not found)
	at com.kms.katalon.core.keyword.internal.KeywordMain.stepFailed(KeywordMain.groovy:32)
	at com.kms.katalon.core.webui.keyword.internal.WebUIKeywordMain.stepFailed(WebUIKeywordMain.groovy:65)
	at com.kms.katalon.core.webui.keyword.internal.WebUIKeywordMain.runKeyword(WebUIKeywordMain.groovy:27)
	at com.kms.katalon.core.webui.keyword.builtin.ClickKeyword.click(ClickKeyword.groovy:86)
	at com.kms.katalon.core.webui.keyword.builtin.ClickKeyword.execute(ClickKeyword.groovy:67)
	at com.kms.katalon.core.keyword.internal.KeywordExecutor.executeKeywordForPlatform(KeywordExecutor.groovy:53)
	at com.kms.katalon.core.webui.keyword.WebUiBuiltInKeywords.click(WebUiBuiltInKeywords.groovy:604)
	at com.kms.katalon.core.webui.keyword.WebUiBuiltInKeywords$click$8.call(Unknown Source)
	at Script1534407542420.run(Script1534407542420.groovy:57)
	at com.kms.katalon.core.main.ScriptEngine.run(ScriptEngine.java:183)
	at com.kms.katalon.core.main.ScriptEngine.runScriptAsRawText(ScriptEngine.java:108)
	at com.kms.katalon.core.main.TestCaseExecutor.runScript(TestCaseExecutor.java:294)
	at com.kms.katalon.core.main.TestCaseExecutor.doExecute(TestCaseExecutor.java:285)
	at com.kms.katalon.core.main.TestCaseExecutor.processExecutionPhase(TestCaseExecutor.java:264)
	at com.kms.katalon.core.main.TestCaseExecutor.accessMainPhase(TestCaseExecutor.java:256)
	at com.kms.katalon.core.main.TestCaseExecutor.execute(TestCaseExecutor.java:200)
	at com.kms.katalon.core.main.TestCaseMain.runTestCase(TestCaseMain.java:99)
	at com.kms.katalon.core.keyword.builtin.CallTestCaseKeyword$_callTestCase_closure1.doCall(CallTestCaseKeyword.groovy:60)
	at com.kms.katalon.core.keyword.builtin.CallTestCaseKeyword$_callTestCase_closure1.call(CallTestCaseKeyword.groovy)
	at com.kms.katalon.core.keyword.internal.KeywordMain.runKeyword(KeywordMain.groovy:54)
	at com.kms.katalon.core.keyword.builtin.CallTestCaseKeyword.callTestCase(CallTestCaseKeyword.groovy:81)
	at com.kms.katalon.core.keyword.builtin.CallTestCaseKeyword.execute(CallTestCaseKeyword.groovy:45)
	at com.kms.katalon.core.keyword.internal.KeywordExecutor.executeKeywordForPlatform(KeywordExecutor.groovy:53)
	at com.kms.katalon.core.keyword.BuiltinKeywords.callTestCase(BuiltinKeywords.groovy:334)
	at sun.reflect.GeneratedMethodAccessor13.invoke(Unknown Source)
	at sun.reflect.DelegatingMethodAccessorImpl.invoke(DelegatingMethodAccessorImpl.java:43)
	at java.lang.reflect.Method.invoke(Method.java:498)
	at org.codehaus.groovy.reflection.CachedMethod.invoke(CachedMethod.java:93)
	at groovy.lang.MetaMethod.doMethodInvoke(MetaMethod.java:325)
	at groovy.lang.MetaClassImpl.invokeStaticMethod(MetaClassImpl.java:1469)
	at org.codehaus.groovy.runtime.callsite.StaticMetaClassSite.call(StaticMetaClassSite.java:53)
	at org.codehaus.groovy.runtime.callsite.AbstractCallSite.call(AbstractCallSite.java:141)
	at Script1536113546450.run(Script1536113546450.groovy:34)
	at com.kms.katalon.core.main.ScriptEngine.run(ScriptEngine.java:183)
	at com.kms.katalon.core.main.ScriptEngine.runScriptAsRawText(ScriptEngine.java:108)
	at com.kms.katalon.core.main.TestCaseExecutor.runScript(TestCaseExecutor.java:294)
	at com.kms.katalon.core.main.TestCaseExecutor.doExecute(TestCaseExecutor.java:285)
	at com.kms.katalon.core.main.TestCaseExecutor.processExecutionPhase(TestCaseExecutor.java:264)
	at com.kms.katalon.core.main.TestCaseExecutor.accessMainPhase(TestCaseExecutor.java:256)
	at com.kms.katalon.core.main.TestCaseExecutor.execute(TestCaseExecutor.java:200)
	at com.kms.katalon.core.main.TestCaseMain.runTestCase(TestCaseMain.java:99)
	at com.kms.katalon.core.keyword.builtin.CallTestCaseKeyword$_callTestCase_closure1.doCall(CallTestCaseKeyword.groovy:60)
	at com.kms.katalon.core.keyword.builtin.CallTestCaseKeyword$_callTestCase_closure1.call(CallTestCaseKeyword.groovy)
	at com.kms.katalon.core.keyword.internal.KeywordMain.runKeyword(KeywordMain.groovy:54)
	at com.kms.katalon.core.keyword.builtin.CallTestCaseKeyword.callTestCase(CallTestCaseKeyword.groovy:81)
	at com.kms.katalon.core.keyword.builtin.CallTestCaseKeyword.execute(CallTestCaseKeyword.groovy:45)
	at com.kms.katalon.core.keyword.internal.KeywordExecutor.executeKeywordForPlatform(KeywordExecutor.groovy:53)
	at com.kms.katalon.core.keyword.BuiltinKeywords.callTestCase(BuiltinKeywords.groovy:334)
	at sun.reflect.GeneratedMethodAccessor13.invoke(Unknown Source)
	at sun.reflect.DelegatingMethodAccessorImpl.invoke(DelegatingMethodAccessorImpl.java:43)
	at java.lang.reflect.Method.invoke(Method.java:498)
	at org.codehaus.groovy.reflection.CachedMethod.invoke(CachedMethod.java:93)
	at groovy.lang.MetaMethod.doMethodInvoke(MetaMethod.java:325)
	at groovy.lang.MetaClassImpl.invokeStaticMethod(MetaClassImpl.java:1469)
	at org.codehaus.groovy.runtime.callsite.StaticMetaClassSite.call(StaticMetaClassSite.java:53)
	at org.codehaus.groovy.runtime.callsite.CallSiteArray.defaultCall(CallSiteArray.java:48)
	at org.codehaus.groovy.runtime.callsite.AbstractCallSite.call(AbstractCallSite.java:113)
	at org.codehaus.groovy.runtime.callsite.AbstractCallSite.call(AbstractCallSite.java:141)
	at Script1536204639269.run(Script1536204639269.groovy:25)
	at com.kms.katalon.core.main.ScriptEngine.run(ScriptEngine.java:183)
	at com.kms.katalon.core.main.ScriptEngine.runScriptAsRawText(ScriptEngine.java:108)
	at com.kms.katalon.core.main.TestCaseExecutor.runScript(TestCaseExecutor.java:294)
	at com.kms.katalon.core.main.TestCaseExecutor.doExecute(TestCaseExecutor.java:285)
	at com.kms.katalon.core.main.TestCaseExecutor.processExecutionPhase(TestCaseExecutor.java:264)
	at com.kms.katalon.core.main.TestCaseExecutor.accessMainPhase(TestCaseExecutor.java:256)
	at com.kms.katalon.core.main.TestCaseExecutor.execute(TestCaseExecutor.java:200)
	at com.kms.katalon.core.main.TestSuiteExecutor.accessTestCaseMainPhase(TestSuiteExecutor.java:129)
	at com.kms.katalon.core.main.TestSuiteExecutor.accessTestSuiteMainPhase(TestSuiteExecutor.java:112)
	at com.kms.katalon.core.main.TestSuiteExecutor.execute(TestSuiteExecutor.java:81)
	at com.kms.katalon.core.main.TestCaseMain.startTestSuite(TestCaseMain.java:142)
	at com.kms.katalon.core.main.TestCaseMain$startTestSuite$0.call(Unknown Source)
	at org.codehaus.groovy.runtime.callsite.CallSiteArray.defaultCall(CallSiteArray.java:48)
	at org.codehaus.groovy.runtime.callsite.AbstractCallSite.call(AbstractCallSite.java:113)
	at org.codehaus.groovy.runtime.callsite.AbstractCallSite.call(AbstractCallSite.java:141)
	at TempTestSuite1540025489648.run(TempTestSuite1540025489648.groovy:36)
	at groovy.lang.GroovyShell.runScriptOrMainOrTestOrRunnable(GroovyShell.java:263)
	at groovy.lang.GroovyShell.run(GroovyShell.java:518)
	at groovy.lang.GroovyShell.run(GroovyShell.java:507)
	at groovy.ui.GroovyMain.processOnce(GroovyMain.java:653)
	at groovy.ui.GroovyMain.run(GroovyMain.java:384)
	at groovy.ui.GroovyMain.process(GroovyMain.java:370)
	at groovy.ui.GroovyMain.processArgs(GroovyMain.java:129)
	at groovy.ui.GroovyMain.main(GroovyMain.java:109)
	at sun.reflect.NativeMethodAccessorImpl.invoke0(Native Method)
	at sun.reflect.NativeMethodAccessorImpl.invoke(NativeMethodAccessorImpl.java:62)
	at sun.reflect.DelegatingMethodAccessorImpl.invoke(DelegatingMethodAccessorImpl.java:43)
	at java.lang.reflect.Method.invoke(Method.java:498)
	at org.codehaus.groovy.tools.GroovyStarter.rootLoader(GroovyStarter.java:109)
	at org.codehaus.groovy.tools.GroovyStarter.main(GroovyStarter.java:131)
)

2018-10-21 00:05:46 - [TEST_STEP][NOT_RUN] - callTestCase: NOT_RUN: callTestCase

2018-10-21 00:05:46 - [MESSAGE][NOT_RUN] - NOT_RUN: callTestCase

2018-10-21 00:05:46 - [TEST_STEP][PASSED] - delay: Delayed 1 second(s)

2018-10-21 00:05:47 - [MESSAGE][PASSED] - Delayed 1 second(s)

2018-10-21 00:05:47 - [TEST_STEP][PASSED] - navigateToUrl: Navigate to 'https://assist2-uat.perkeso.gov.my/c/portal/logout' successfully

2018-10-21 00:05:48 - [MESSAGE][PASSED] - Navigate to 'https://assist2-uat.perkeso.gov.my/c/portal/logout' successfully

2018-10-21 00:05:48 - [TEST_STEP][PASSED] - delay: Delayed 1 second(s)

2018-10-21 00:05:49 - [MESSAGE][PASSED] - Delayed 1 second(s)

2018-10-21 00:05:49 - [TEST_STEP][PASSED] - callTestCase: Call Test Case 'Test Cases/Final Aug 2018 - PKS Automation/Common/Reference Number Getter' successfully

2018-10-21 00:05:49 - [TEST_CASE][PASSED] - Test Cases/Final Aug 2018 - PKS Automation/Common/Reference Number Getter: Test Cases/Final Aug 2018 - PKS Automation/Common/Reference Number Getter

2018-10-21 00:05:49 - [TEST_STEP][PASSED] - Statement - Try: null

2018-10-21 00:05:49 - [TEST_STEP][PASSED] - Statement - RefNo = new java.io.File(C://KatalonReference.txt): null

2018-10-21 00:05:49 - [TEST_STEP][PASSED] - Statement - bufferread = new java.io.BufferedReader(new java.io.FileReader(RefNo)): null

2018-10-21 00:05:49 - [TEST_STEP][PASSED] - Statement - readedVal = bufferread.readLine(): null

2018-10-21 00:05:49 - [TEST_STEP][PASSED] - Statement - out.println(CaseReferenceNo): null

2018-10-21 00:05:49 - [TEST_STEP][PASSED] - Statement - out.println(readedVal): null

2018-10-21 00:05:49 - [TEST_STEP][PASSED] - Statement - CaseReferenceNo = readedVal: null

2018-10-21 00:05:49 - [MESSAGE][PASSED] - Call Test Case 'Test Cases/Final Aug 2018 - PKS Automation/Common/Reference Number Getter' successfully

2018-10-21 00:05:49 - [TEST_STEP][FAILED] - callTestCase: Unable to call Test Case with id 'Test Cases/Final Aug 2018 - PKS Automation/Common/Workflow Owner Finder' (Root cause: Call Test Case 'Test Cases/Final Aug 2018 - PKS Automation/Common/Workflow Owner Finder' failed)

2018-10-21 00:05:49 - [TEST_CASE][FAILED] - Test Cases/Final Aug 2018 - PKS Automation/Common/Workflow Owner Finder: Test Cases/Final Aug 2018 - PKS Automation/Common/Workflow Owner Finder FAILED because (of) (Stack trace: com.kms.katalon.core.exception.StepFailedException: Unable to click on object 'Object Repository/Final Object Repo/Landing Page/Select to English' (Root cause: com.kms.katalon.core.webui.exception.WebElementNotFoundException: Web element with id: 'Object Repository/Final Object Repo/Landing Page/Select to English' located by 'By.xpath: //a[@class = 'taglib-language-list-text' and @lang = 'en-US' and (contains(text(), 'EN') or contains(., 'EN'))]' not found)
	at com.kms.katalon.core.keyword.internal.KeywordMain.stepFailed(KeywordMain.groovy:32)
	at com.kms.katalon.core.webui.keyword.internal.WebUIKeywordMain.stepFailed(WebUIKeywordMain.groovy:65)
	at com.kms.katalon.core.webui.keyword.internal.WebUIKeywordMain.runKeyword(WebUIKeywordMain.groovy:27)
	at com.kms.katalon.core.webui.keyword.builtin.ClickKeyword.click(ClickKeyword.groovy:86)
	at com.kms.katalon.core.webui.keyword.builtin.ClickKeyword.execute(ClickKeyword.groovy:67)
	at com.kms.katalon.core.keyword.internal.KeywordExecutor.executeKeywordForPlatform(KeywordExecutor.groovy:53)
	at com.kms.katalon.core.webui.keyword.WebUiBuiltInKeywords.click(WebUiBuiltInKeywords.groovy:604)
	at com.kms.katalon.core.webui.keyword.WebUiBuiltInKeywords$click$8.call(Unknown Source)
	at Script1534407542420.run(Script1534407542420.groovy:57)
	at com.kms.katalon.core.main.ScriptEngine.run(ScriptEngine.java:183)
	at com.kms.katalon.core.main.ScriptEngine.runScriptAsRawText(ScriptEngine.java:108)
	at com.kms.katalon.core.main.TestCaseExecutor.runScript(TestCaseExecutor.java:294)
	at com.kms.katalon.core.main.TestCaseExecutor.doExecute(TestCaseExecutor.java:285)
	at com.kms.katalon.core.main.TestCaseExecutor.processExecutionPhase(TestCaseExecutor.java:264)
	at com.kms.katalon.core.main.TestCaseExecutor.accessMainPhase(TestCaseExecutor.java:256)
	at com.kms.katalon.core.main.TestCaseExecutor.execute(TestCaseExecutor.java:200)
	at com.kms.katalon.core.main.TestCaseMain.runTestCase(TestCaseMain.java:99)
	at com.kms.katalon.core.keyword.builtin.CallTestCaseKeyword$_callTestCase_closure1.doCall(CallTestCaseKeyword.groovy:60)
	at com.kms.katalon.core.keyword.builtin.CallTestCaseKeyword$_callTestCase_closure1.call(CallTestCaseKeyword.groovy)
	at com.kms.katalon.core.keyword.internal.KeywordMain.runKeyword(KeywordMain.groovy:54)
	at com.kms.katalon.core.keyword.builtin.CallTestCaseKeyword.callTestCase(CallTestCaseKeyword.groovy:81)
	at com.kms.katalon.core.keyword.builtin.CallTestCaseKeyword.execute(CallTestCaseKeyword.groovy:45)
	at com.kms.katalon.core.keyword.internal.KeywordExecutor.executeKeywordForPlatform(KeywordExecutor.groovy:53)
	at com.kms.katalon.core.keyword.BuiltinKeywords.callTestCase(BuiltinKeywords.groovy:334)
	at sun.reflect.GeneratedMethodAccessor13.invoke(Unknown Source)
	at sun.reflect.DelegatingMethodAccessorImpl.invoke(DelegatingMethodAccessorImpl.java:43)
	at java.lang.reflect.Method.invoke(Method.java:498)
	at org.codehaus.groovy.reflection.CachedMethod.invoke(CachedMethod.java:93)
	at groovy.lang.MetaMethod.doMethodInvoke(MetaMethod.java:325)
	at groovy.lang.MetaClassImpl.invokeStaticMethod(MetaClassImpl.java:1469)
	at org.codehaus.groovy.runtime.callsite.StaticMetaClassSite.call(StaticMetaClassSite.java:53)
	at org.codehaus.groovy.runtime.callsite.AbstractCallSite.call(AbstractCallSite.java:141)
	at Script1536113546450.run(Script1536113546450.groovy:34)
	at com.kms.katalon.core.main.ScriptEngine.run(ScriptEngine.java:183)
	at com.kms.katalon.core.main.ScriptEngine.runScriptAsRawText(ScriptEngine.java:108)
	at com.kms.katalon.core.main.TestCaseExecutor.runScript(TestCaseExecutor.java:294)
	at com.kms.katalon.core.main.TestCaseExecutor.doExecute(TestCaseExecutor.java:285)
	at com.kms.katalon.core.main.TestCaseExecutor.processExecutionPhase(TestCaseExecutor.java:264)
	at com.kms.katalon.core.main.TestCaseExecutor.accessMainPhase(TestCaseExecutor.java:256)
	at com.kms.katalon.core.main.TestCaseExecutor.execute(TestCaseExecutor.java:200)
	at com.kms.katalon.core.main.TestCaseMain.runTestCase(TestCaseMain.java:99)
	at com.kms.katalon.core.keyword.builtin.CallTestCaseKeyword$_callTestCase_closure1.doCall(CallTestCaseKeyword.groovy:60)
	at com.kms.katalon.core.keyword.builtin.CallTestCaseKeyword$_callTestCase_closure1.call(CallTestCaseKeyword.groovy)
	at com.kms.katalon.core.keyword.internal.KeywordMain.runKeyword(KeywordMain.groovy:54)
	at com.kms.katalon.core.keyword.builtin.CallTestCaseKeyword.callTestCase(CallTestCaseKeyword.groovy:81)
	at com.kms.katalon.core.keyword.builtin.CallTestCaseKeyword.execute(CallTestCaseKeyword.groovy:45)
	at com.kms.katalon.core.keyword.internal.KeywordExecutor.executeKeywordForPlatform(KeywordExecutor.groovy:53)
	at com.kms.katalon.core.keyword.BuiltinKeywords.callTestCase(BuiltinKeywords.groovy:334)
	at sun.reflect.GeneratedMethodAccessor13.invoke(Unknown Source)
	at sun.reflect.DelegatingMethodAccessorImpl.invoke(DelegatingMethodAccessorImpl.java:43)
	at java.lang.reflect.Method.invoke(Method.java:498)
	at org.codehaus.groovy.reflection.CachedMethod.invoke(CachedMethod.java:93)
	at groovy.lang.MetaMethod.doMethodInvoke(MetaMethod.java:325)
	at groovy.lang.MetaClassImpl.invokeStaticMethod(MetaClassImpl.java:1469)
	at org.codehaus.groovy.runtime.callsite.StaticMetaClassSite.call(StaticMetaClassSite.java:53)
	at org.codehaus.groovy.runtime.callsite.CallSiteArray.defaultCall(CallSiteArray.java:48)
	at org.codehaus.groovy.runtime.callsite.AbstractCallSite.call(AbstractCallSite.java:113)
	at org.codehaus.groovy.runtime.callsite.AbstractCallSite.call(AbstractCallSite.java:141)
	at Script1536204639269.run(Script1536204639269.groovy:25)
	at com.kms.katalon.core.main.ScriptEngine.run(ScriptEngine.java:183)
	at com.kms.katalon.core.main.ScriptEngine.runScriptAsRawText(ScriptEngine.java:108)
	at com.kms.katalon.core.main.TestCaseExecutor.runScript(TestCaseExecutor.java:294)
	at com.kms.katalon.core.main.TestCaseExecutor.doExecute(TestCaseExecutor.java:285)
	at com.kms.katalon.core.main.TestCaseExecutor.processExecutionPhase(TestCaseExecutor.java:264)
	at com.kms.katalon.core.main.TestCaseExecutor.accessMainPhase(TestCaseExecutor.java:256)
	at com.kms.katalon.core.main.TestCaseExecutor.execute(TestCaseExecutor.java:200)
	at com.kms.katalon.core.main.TestSuiteExecutor.accessTestCaseMainPhase(TestSuiteExecutor.java:129)
	at com.kms.katalon.core.main.TestSuiteExecutor.accessTestSuiteMainPhase(TestSuiteExecutor.java:112)
	at com.kms.katalon.core.main.TestSuiteExecutor.execute(TestSuiteExecutor.java:81)
	at com.kms.katalon.core.main.TestCaseMain.startTestSuite(TestCaseMain.java:142)
	at com.kms.katalon.core.main.TestCaseMain$startTestSuite$0.call(Unknown Source)
	at org.codehaus.groovy.runtime.callsite.CallSiteArray.defaultCall(CallSiteArray.java:48)
	at org.codehaus.groovy.runtime.callsite.AbstractCallSite.call(AbstractCallSite.java:113)
	at org.codehaus.groovy.runtime.callsite.AbstractCallSite.call(AbstractCallSite.java:141)
	at TempTestSuite1540025489648.run(TempTestSuite1540025489648.groovy:36)
	at groovy.lang.GroovyShell.runScriptOrMainOrTestOrRunnable(GroovyShell.java:263)
	at groovy.lang.GroovyShell.run(GroovyShell.java:518)
	at groovy.lang.GroovyShell.run(GroovyShell.java:507)
	at groovy.ui.GroovyMain.processOnce(GroovyMain.java:653)
	at groovy.ui.GroovyMain.run(GroovyMain.java:384)
	at groovy.ui.GroovyMain.process(GroovyMain.java:370)
	at groovy.ui.GroovyMain.processArgs(GroovyMain.java:129)
	at groovy.ui.GroovyMain.main(GroovyMain.java:109)
	at sun.reflect.NativeMethodAccessorImpl.invoke0(Native Method)
	at sun.reflect.NativeMethodAccessorImpl.invoke(NativeMethodAccessorImpl.java:62)
	at sun.reflect.DelegatingMethodAccessorImpl.invoke(DelegatingMethodAccessorImpl.java:43)
	at java.lang.reflect.Method.invoke(Method.java:498)
	at org.codehaus.groovy.tools.GroovyStarter.rootLoader(GroovyStarter.java:109)
	at org.codehaus.groovy.tools.GroovyStarter.main(GroovyStarter.java:131)
)

2018-10-21 00:05:49 - [TEST_STEP][PASSED] - openBrowser: Browser is opened with url: ''

2018-10-21 00:05:49 - [MESSAGE][WARNING] - A browser is already opened. Closing browser and opening a new one

2018-10-21 00:05:53 - [MESSAGE][PASSED] - Browser is opened with url: ''

2018-10-21 00:05:53 - [TEST_STEP][PASSED] - navigateToUrl: Navigate to 'https://assist2-uat.perkeso.gov.my/login' successfully

2018-10-21 00:05:55 - [MESSAGE][PASSED] - Navigate to 'https://assist2-uat.perkeso.gov.my/login' successfully

2018-10-21 00:05:55 - [TEST_STEP][PASSED] - delay: Delayed 5 second(s)

2018-10-21 00:06:00 - [MESSAGE][PASSED] - Delayed 5 second(s)

2018-10-21 00:06:00 - [TEST_STEP][PASSED] - setText: Text 'test@liferay.com' is set on object 'Object Repository/Final Object Repo/Login Page/Internal User/Email Address'

2018-10-21 00:06:00 - [MESSAGE][PASSED] - Text 'test@liferay.com' is set on object 'Object Repository/Final Object Repo/Login Page/Internal User/Email Address'

2018-10-21 00:06:00 - [TEST_STEP][PASSED] - click: Object: 'Object Repository/Final Object Repo/Login Page/Internal User/Next Button' is clicked on

2018-10-21 00:06:00 - [MESSAGE][PASSED] - Object: 'Object Repository/Final Object Repo/Login Page/Internal User/Next Button' is clicked on

2018-10-21 00:06:00 - [TEST_STEP][PASSED] - delay: Delayed 2 second(s)

2018-10-21 00:06:02 - [MESSAGE][PASSED] - Delayed 2 second(s)

2018-10-21 00:06:02 - [TEST_STEP][PASSED] - setText: Text 'test' is set on object 'Object Repository/Final Object Repo/Login Page/Internal User/Password'

2018-10-21 00:06:02 - [MESSAGE][PASSED] - Text 'test' is set on object 'Object Repository/Final Object Repo/Login Page/Internal User/Password'

2018-10-21 00:06:02 - [TEST_STEP][PASSED] - delay: Delayed 2 second(s)

2018-10-21 00:06:04 - [MESSAGE][PASSED] - Delayed 2 second(s)

2018-10-21 00:06:04 - [TEST_STEP][PASSED] - click: Object: 'Object Repository/Final Object Repo/Login Page/Internal User/Login Button' is clicked on

2018-10-21 00:06:05 - [MESSAGE][PASSED] - Object: 'Object Repository/Final Object Repo/Login Page/Internal User/Login Button' is clicked on

2018-10-21 00:06:05 - [TEST_STEP][FAILED] - Statement - Try: Delayed 2 second(s)

2018-10-21 00:06:05 - [TEST_STEP][PASSED] - Statement - Checker = false: null

2018-10-21 00:06:05 - [TEST_STEP][PASSED] - Statement - Checker = com.kms.katalon.core.webui.keyword.WebUiBuiltInKeywords.verifyElementHasAttribute(com.kms.katalon.core.testobject.ObjectRepository.findTestObject(Final Object Repo/Landing Page/BM Detecting), "href", 20, OPTIONAL): Unable to verify if object 'Object Repository/Final Object Repo/Landing Page/BM Detecting' has attribute 'href' (Root cause: org.openqa.selenium.StaleElementReferenceException: stale element reference: element is not attached to the page document
  (Session info: chrome=69.0.3497.100)
  (Driver info: chromedriver=2.35.528161 (5b82f2d2aae0ca24b877009200ced9065a772e73),platform=Windows NT 6.1.7601 SP1 x86_64) (WARNING: The server did not provide any stacktrace information)
Command duration or timeout: 0 milliseconds
For documentation on this error, please visit: http://seleniumhq.org/exceptions/stale_element_reference.html
Build info: version: '3.7.1', revision: '8a0099a', time: '2017-11-06T21:07:36.161Z'
System info: host: 'WEIZHENG', ip: '192.168.137.1', os.name: 'Windows 7', os.arch: 'amd64', os.version: '6.1', java.version: '1.8.0_181'
Driver info: com.kms.katalon.selenium.driver.CChromeDriver
Capabilities {acceptInsecureCerts: false, acceptSslCerts: false, applicationCacheEnabled: false, browserConnectionEnabled: false, browserName: chrome, chrome: {chromedriverVersion: 2.35.528161 (5b82f2d2aae0ca..., userDataDir: C:\Users\WEIZHE~1\AppData\L...}, cssSelectorsEnabled: true, databaseEnabled: false, handlesAlerts: true, hasTouchScreen: false, javascriptEnabled: true, locationContextEnabled: true, mobileEmulationEnabled: false, nativeEvents: true, networkConnectionEnabled: false, pageLoadStrategy: normal, platform: XP, platformName: XP, rotatable: false, setWindowRect: true, takesHeapSnapshot: true, takesScreenshot: true, unexpectedAlertBehaviour: , unhandledPromptBehavior: , version: 69.0.3497.100, webStorageEnabled: true}
Session ID: 2a703f57b45f587ea5b6143ef6e81f86)

2018-10-21 00:06:08 - [MESSAGE][WARNING] - Unable to verify if object 'Object Repository/Final Object Repo/Landing Page/BM Detecting' has attribute 'href' (Root cause: org.openqa.selenium.StaleElementReferenceException: stale element reference: element is not attached to the page document
  (Session info: chrome=69.0.3497.100)
  (Driver info: chromedriver=2.35.528161 (5b82f2d2aae0ca24b877009200ced9065a772e73),platform=Windows NT 6.1.7601 SP1 x86_64) (WARNING: The server did not provide any stacktrace information)
Command duration or timeout: 0 milliseconds
For documentation on this error, please visit: http://seleniumhq.org/exceptions/stale_element_reference.html
Build info: version: '3.7.1', revision: '8a0099a', time: '2017-11-06T21:07:36.161Z'
System info: host: 'WEIZHENG', ip: '192.168.137.1', os.name: 'Windows 7', os.arch: 'amd64', os.version: '6.1', java.version: '1.8.0_181'
Driver info: com.kms.katalon.selenium.driver.CChromeDriver
Capabilities {acceptInsecureCerts: false, acceptSslCerts: false, applicationCacheEnabled: false, browserConnectionEnabled: false, browserName: chrome, chrome: {chromedriverVersion: 2.35.528161 (5b82f2d2aae0ca..., userDataDir: C:\Users\WEIZHE~1\AppData\L...}, cssSelectorsEnabled: true, databaseEnabled: false, handlesAlerts: true, hasTouchScreen: false, javascriptEnabled: true, locationContextEnabled: true, mobileEmulationEnabled: false, nativeEvents: true, networkConnectionEnabled: false, pageLoadStrategy: normal, platform: XP, platformName: XP, rotatable: false, setWindowRect: true, takesHeapSnapshot: true, takesScreenshot: true, unexpectedAlertBehaviour: , unhandledPromptBehavior: , version: 69.0.3497.100, webStorageEnabled: true}
Session ID: 2a703f57b45f587ea5b6143ef6e81f86)
[[ATTACHMENT|C:\\Users\\LENOVO\\Katalon Studio\\Perkeso Phase A\\Reports\\Workflow\\Form 3 EIS - Cessation as Employer\\20181020_165129\\1540051568054.png]]

2018-10-21 00:06:08 - [TEST_STEP][PASSED] - Statement - out.println(Checker): null

2018-10-21 00:06:08 - [TEST_STEP][FAILED] - Statement - If (Checker == false): Unable to click on object 'Object Repository/Final Object Repo/Landing Page/Select to English' (Root cause: com.kms.katalon.core.webui.exception.WebElementNotFoundException: Web element with id: 'Object Repository/Final Object Repo/Landing Page/Select to English' located by 'By.xpath: //a[@class = 'taglib-language-list-text' and @lang = 'en-US' and (contains(text(), 'EN') or contains(., 'EN'))]' not found)

2018-10-21 00:06:08 - [TEST_STEP][FAILED] - click: Unable to click on object 'Object Repository/Final Object Repo/Landing Page/Select to English' (Root cause: com.kms.katalon.core.webui.exception.WebElementNotFoundException: Web element with id: 'Object Repository/Final Object Repo/Landing Page/Select to English' located by 'By.xpath: //a[@class = 'taglib-language-list-text' and @lang = 'en-US' and (contains(text(), 'EN') or contains(., 'EN'))]' not found)

2018-10-21 00:06:48 - [MESSAGE][FAILED] - Unable to click on object 'Object Repository/Final Object Repo/Landing Page/Select to English' (Root cause: com.kms.katalon.core.webui.exception.WebElementNotFoundException: Web element with id: 'Object Repository/Final Object Repo/Landing Page/Select to English' located by 'By.xpath: //a[@class = 'taglib-language-list-text' and @lang = 'en-US' and (contains(text(), 'EN') or contains(., 'EN'))]' not found)
[[ATTACHMENT|C:\\Users\\LENOVO\\Katalon Studio\\Perkeso Phase A\\Reports\\Workflow\\Form 3 EIS - Cessation as Employer\\20181020_165129\\1540051608138.png]]

2018-10-21 00:06:48 - [TEST_STEP][PASSED] - delay: Delayed 2 second(s)

2018-10-21 00:06:50 - [MESSAGE][PASSED] - Delayed 2 second(s)

2018-10-21 00:06:50 - [TEST_STEP][PASSED] - delay: Delayed 3 second(s)

2018-10-21 00:06:53 - [MESSAGE][PASSED] - Delayed 3 second(s)

2018-10-21 00:06:53 - [TEST_STEP][PASSED] - mouseOver: Object: 'Object Repository/Final Object Repo/Landing Page/WorkFlow Menu' is hovered

2018-10-21 00:06:53 - [MESSAGE][PASSED] - Object: 'Object Repository/Final Object Repo/Landing Page/WorkFlow Menu' is hovered

2018-10-21 00:06:53 - [TEST_STEP][PASSED] - delay: Delayed 2 second(s)

2018-10-21 00:06:55 - [MESSAGE][PASSED] - Delayed 2 second(s)

2018-10-21 00:06:55 - [TEST_STEP][PASSED] - click: Object: 'Object Repository/Final Object Repo/Landing Page/Select to Workflow Listing' is clicked on

2018-10-21 00:06:56 - [MESSAGE][PASSED] - Object: 'Object Repository/Final Object Repo/Landing Page/Select to Workflow Listing' is clicked on

2018-10-21 00:06:56 - [TEST_STEP][PASSED] - delay: Delayed 2 second(s)

2018-10-21 00:06:58 - [MESSAGE][PASSED] - Delayed 2 second(s)

2018-10-21 00:06:58 - [TEST_STEP][PASSED] - click: Object: 'Object Repository/Final Object Repo/WorkFlow Listing Page/Search Information - To Put Ref No' is clicked on

2018-10-21 00:06:58 - [MESSAGE][PASSED] - Object: 'Object Repository/Final Object Repo/WorkFlow Listing Page/Search Information - To Put Ref No' is clicked on

2018-10-21 00:06:58 - [TEST_STEP][PASSED] - delay: Delayed 2 second(s)

2018-10-21 00:07:00 - [MESSAGE][PASSED] - Delayed 2 second(s)

2018-10-21 00:07:00 - [TEST_STEP][PASSED] - callTestCase: Call Test Case 'Test Cases/Final Aug 2018 - PKS Automation/Common/Reference Number Getter' successfully

2018-10-21 00:07:00 - [TEST_CASE][PASSED] - Test Cases/Final Aug 2018 - PKS Automation/Common/Reference Number Getter: Test Cases/Final Aug 2018 - PKS Automation/Common/Reference Number Getter

2018-10-21 00:07:01 - [TEST_STEP][PASSED] - Statement - Try: null

2018-10-21 00:07:01 - [TEST_STEP][PASSED] - Statement - RefNo = new java.io.File(C://KatalonReference.txt): null

2018-10-21 00:07:01 - [TEST_STEP][PASSED] - Statement - bufferread = new java.io.BufferedReader(new java.io.FileReader(RefNo)): null

2018-10-21 00:07:01 - [TEST_STEP][PASSED] - Statement - readedVal = bufferread.readLine(): null

2018-10-21 00:07:01 - [TEST_STEP][PASSED] - Statement - out.println(CaseReferenceNo): null

2018-10-21 00:07:01 - [TEST_STEP][PASSED] - Statement - out.println(readedVal): null

2018-10-21 00:07:01 - [TEST_STEP][PASSED] - Statement - CaseReferenceNo = readedVal: null

2018-10-21 00:07:01 - [MESSAGE][PASSED] - Call Test Case 'Test Cases/Final Aug 2018 - PKS Automation/Common/Reference Number Getter' successfully

2018-10-21 00:07:01 - [TEST_STEP][PASSED] - setText: Text 'ERN102018C200002208' is set on object 'Object Repository/Final Object Repo/WorkFlow Listing Page/Ref No Set Text'

2018-10-21 00:07:01 - [MESSAGE][PASSED] - Text 'ERN102018C200002208' is set on object 'Object Repository/Final Object Repo/WorkFlow Listing Page/Ref No Set Text'

2018-10-21 00:07:01 - [TEST_STEP][PASSED] - delay: Delayed 2 second(s)

2018-10-21 00:07:03 - [MESSAGE][PASSED] - Delayed 2 second(s)

2018-10-21 00:07:03 - [TEST_STEP][PASSED] - click: Object: 'Object Repository/Final Object Repo/WorkFlow Listing Page/Search Ref No Search Button' is clicked on

2018-10-21 00:07:03 - [MESSAGE][PASSED] - Object: 'Object Repository/Final Object Repo/WorkFlow Listing Page/Search Ref No Search Button' is clicked on

2018-10-21 00:07:03 - [TEST_STEP][PASSED] - delay: Delayed 4 second(s)

2018-10-21 00:07:07 - [MESSAGE][PASSED] - Delayed 4 second(s)

2018-10-21 00:07:07 - [TEST_STEP][PASSED] - click: Object: 'Object Repository/Final Object Repo/WorkFlow Listing Page/Click Continue Tooltip' is clicked on

2018-10-21 00:07:08 - [MESSAGE][PASSED] - Object: 'Object Repository/Final Object Repo/WorkFlow Listing Page/Click Continue Tooltip' is clicked on

2018-10-21 00:07:08 - [TEST_STEP][PASSED] - delay: Delayed 5 second(s)

2018-10-21 00:07:13 - [MESSAGE][PASSED] - Delayed 5 second(s)

2018-10-21 00:07:13 - [TEST_STEP][PASSED] - doubleClick: Object: 'Object Repository/Final Object Repo/WorkFlow Listing Page/Workflow Found - Listing 1' is double clicked on

2018-10-21 00:07:13 - [MESSAGE][PASSED] - Object: 'Object Repository/Final Object Repo/WorkFlow Listing Page/Workflow Found - Listing 1' is double clicked on

2018-10-21 00:07:13 - [TEST_STEP][PASSED] - Statement - println(OwnerID): null

2018-10-21 00:07:13 - [TEST_STEP][PASSED] - Statement - OwnerID = com.kms.katalon.core.webui.keyword.WebUiBuiltInKeywords.getText(com.kms.katalon.core.testobject.ObjectRepository.findTestObject(Final Object Repo/WorkFlow Listing Page/Workflow Found - Listing 1), STOP_ON_FAILURE): Text of object 'Object Repository/Final Object Repo/WorkFlow Listing Page/Workflow Found - Listing 1' is: 'JOHORuo3'

2018-10-21 00:07:13 - [MESSAGE][PASSED] - Text of object 'Object Repository/Final Object Repo/WorkFlow Listing Page/Workflow Found - Listing 1' is: 'JOHORuo3'

2018-10-21 00:07:13 - [TEST_STEP][PASSED] - Statement - OwnerID = OwnerID.toLowerCase() + "@gmail.com": null

2018-10-21 00:07:13 - [TEST_STEP][PASSED] - Statement - println(OwnerID): null

2018-10-21 00:07:13 - [TEST_STEP][PASSED] - delay: Delayed 2 second(s)

2018-10-21 00:07:15 - [MESSAGE][PASSED] - Delayed 2 second(s)

2018-10-21 00:07:15 - [MESSAGE][FAILED] - Unable to call Test Case with id 'Test Cases/Final Aug 2018 - PKS Automation/Common/Workflow Owner Finder' (Root cause: Call Test Case 'Test Cases/Final Aug 2018 - PKS Automation/Common/Workflow Owner Finder' failed)

2018-10-21 00:07:15 - [MESSAGE][FAILED] - Unable to call Test Case with id 'Test Cases/Final Aug 2018 - PKS Automation/Registration Module/Workflow/Form 3 EIS - Cessation As Employer/Template/Form 3 A - Cessation As Employer (Under enforcement)' (Root cause: Call Test Case 'Test Cases/Final Aug 2018 - PKS Automation/Registration Module/Workflow/Form 3 EIS - Cessation As Employer/Template/Form 3 A - Cessation As Employer (Under enforcement)' failed)]]></system-out>
         <system-err><![CDATA[2018-10-21 00:04:45 - [TEST_CASE][FAILED] - Test Cases/Final Aug 2018 - PKS Automation/Registration Module/Workflow/Form 3 EIS - Cessation As Employer/PKRBO to UO (Under enforcement): Test Cases/Final Aug 2018 - PKS Automation/Registration Module/Workflow/Form 3 EIS - Cessation As Employer/PKRBO to UO (Under enforcement) FAILED because (of) (Stack trace: com.kms.katalon.core.exception.StepFailedException: Unable to click on object 'Object Repository/Final Object Repo/Landing Page/Select to English' (Root cause: com.kms.katalon.core.webui.exception.WebElementNotFoundException: Web element with id: 'Object Repository/Final Object Repo/Landing Page/Select to English' located by 'By.xpath: //a[@class = 'taglib-language-list-text' and @lang = 'en-US' and (contains(text(), 'EN') or contains(., 'EN'))]' not found)
	at com.kms.katalon.core.keyword.internal.KeywordMain.stepFailed(KeywordMain.groovy:32)
	at com.kms.katalon.core.webui.keyword.internal.WebUIKeywordMain.stepFailed(WebUIKeywordMain.groovy:65)
	at com.kms.katalon.core.webui.keyword.internal.WebUIKeywordMain.runKeyword(WebUIKeywordMain.groovy:27)
	at com.kms.katalon.core.webui.keyword.builtin.ClickKeyword.click(ClickKeyword.groovy:86)
	at com.kms.katalon.core.webui.keyword.builtin.ClickKeyword.execute(ClickKeyword.groovy:67)
	at com.kms.katalon.core.keyword.internal.KeywordExecutor.executeKeywordForPlatform(KeywordExecutor.groovy:53)
	at com.kms.katalon.core.webui.keyword.WebUiBuiltInKeywords.click(WebUiBuiltInKeywords.groovy:604)
	at com.kms.katalon.core.webui.keyword.WebUiBuiltInKeywords$click$8.call(Unknown Source)
	at Script1534407542420.run(Script1534407542420.groovy:57)
	at com.kms.katalon.core.main.ScriptEngine.run(ScriptEngine.java:183)
	at com.kms.katalon.core.main.ScriptEngine.runScriptAsRawText(ScriptEngine.java:108)
	at com.kms.katalon.core.main.TestCaseExecutor.runScript(TestCaseExecutor.java:294)
	at com.kms.katalon.core.main.TestCaseExecutor.doExecute(TestCaseExecutor.java:285)
	at com.kms.katalon.core.main.TestCaseExecutor.processExecutionPhase(TestCaseExecutor.java:264)
	at com.kms.katalon.core.main.TestCaseExecutor.accessMainPhase(TestCaseExecutor.java:256)
	at com.kms.katalon.core.main.TestCaseExecutor.execute(TestCaseExecutor.java:200)
	at com.kms.katalon.core.main.TestCaseMain.runTestCase(TestCaseMain.java:99)
	at com.kms.katalon.core.keyword.builtin.CallTestCaseKeyword$_callTestCase_closure1.doCall(CallTestCaseKeyword.groovy:60)
	at com.kms.katalon.core.keyword.builtin.CallTestCaseKeyword$_callTestCase_closure1.call(CallTestCaseKeyword.groovy)
	at com.kms.katalon.core.keyword.internal.KeywordMain.runKeyword(KeywordMain.groovy:54)
	at com.kms.katalon.core.keyword.builtin.CallTestCaseKeyword.callTestCase(CallTestCaseKeyword.groovy:81)
	at com.kms.katalon.core.keyword.builtin.CallTestCaseKeyword.execute(CallTestCaseKeyword.groovy:45)
	at com.kms.katalon.core.keyword.internal.KeywordExecutor.executeKeywordForPlatform(KeywordExecutor.groovy:53)
	at com.kms.katalon.core.keyword.BuiltinKeywords.callTestCase(BuiltinKeywords.groovy:334)
	at sun.reflect.GeneratedMethodAccessor13.invoke(Unknown Source)
	at sun.reflect.DelegatingMethodAccessorImpl.invoke(DelegatingMethodAccessorImpl.java:43)
	at java.lang.reflect.Method.invoke(Method.java:498)
	at org.codehaus.groovy.reflection.CachedMethod.invoke(CachedMethod.java:93)
	at groovy.lang.MetaMethod.doMethodInvoke(MetaMethod.java:325)
	at groovy.lang.MetaClassImpl.invokeStaticMethod(MetaClassImpl.java:1469)
	at org.codehaus.groovy.runtime.callsite.StaticMetaClassSite.call(StaticMetaClassSite.java:53)
	at org.codehaus.groovy.runtime.callsite.AbstractCallSite.call(AbstractCallSite.java:141)
	at Script1536113546450.run(Script1536113546450.groovy:34)
	at com.kms.katalon.core.main.ScriptEngine.run(ScriptEngine.java:183)
	at com.kms.katalon.core.main.ScriptEngine.runScriptAsRawText(ScriptEngine.java:108)
	at com.kms.katalon.core.main.TestCaseExecutor.runScript(TestCaseExecutor.java:294)
	at com.kms.katalon.core.main.TestCaseExecutor.doExecute(TestCaseExecutor.java:285)
	at com.kms.katalon.core.main.TestCaseExecutor.processExecutionPhase(TestCaseExecutor.java:264)
	at com.kms.katalon.core.main.TestCaseExecutor.accessMainPhase(TestCaseExecutor.java:256)
	at com.kms.katalon.core.main.TestCaseExecutor.execute(TestCaseExecutor.java:200)
	at com.kms.katalon.core.main.TestCaseMain.runTestCase(TestCaseMain.java:99)
	at com.kms.katalon.core.keyword.builtin.CallTestCaseKeyword$_callTestCase_closure1.doCall(CallTestCaseKeyword.groovy:60)
	at com.kms.katalon.core.keyword.builtin.CallTestCaseKeyword$_callTestCase_closure1.call(CallTestCaseKeyword.groovy)
	at com.kms.katalon.core.keyword.internal.KeywordMain.runKeyword(KeywordMain.groovy:54)
	at com.kms.katalon.core.keyword.builtin.CallTestCaseKeyword.callTestCase(CallTestCaseKeyword.groovy:81)
	at com.kms.katalon.core.keyword.builtin.CallTestCaseKeyword.execute(CallTestCaseKeyword.groovy:45)
	at com.kms.katalon.core.keyword.internal.KeywordExecutor.executeKeywordForPlatform(KeywordExecutor.groovy:53)
	at com.kms.katalon.core.keyword.BuiltinKeywords.callTestCase(BuiltinKeywords.groovy:334)
	at sun.reflect.GeneratedMethodAccessor13.invoke(Unknown Source)
	at sun.reflect.DelegatingMethodAccessorImpl.invoke(DelegatingMethodAccessorImpl.java:43)
	at java.lang.reflect.Method.invoke(Method.java:498)
	at org.codehaus.groovy.reflection.CachedMethod.invoke(CachedMethod.java:93)
	at groovy.lang.MetaMethod.doMethodInvoke(MetaMethod.java:325)
	at groovy.lang.MetaClassImpl.invokeStaticMethod(MetaClassImpl.java:1469)
	at org.codehaus.groovy.runtime.callsite.StaticMetaClassSite.call(StaticMetaClassSite.java:53)
	at org.codehaus.groovy.runtime.callsite.CallSiteArray.defaultCall(CallSiteArray.java:48)
	at org.codehaus.groovy.runtime.callsite.AbstractCallSite.call(AbstractCallSite.java:113)
	at org.codehaus.groovy.runtime.callsite.AbstractCallSite.call(AbstractCallSite.java:141)
	at Script1536204639269.run(Script1536204639269.groovy:25)
	at com.kms.katalon.core.main.ScriptEngine.run(ScriptEngine.java:183)
	at com.kms.katalon.core.main.ScriptEngine.runScriptAsRawText(ScriptEngine.java:108)
	at com.kms.katalon.core.main.TestCaseExecutor.runScript(TestCaseExecutor.java:294)
	at com.kms.katalon.core.main.TestCaseExecutor.doExecute(TestCaseExecutor.java:285)
	at com.kms.katalon.core.main.TestCaseExecutor.processExecutionPhase(TestCaseExecutor.java:264)
	at com.kms.katalon.core.main.TestCaseExecutor.accessMainPhase(TestCaseExecutor.java:256)
	at com.kms.katalon.core.main.TestCaseExecutor.execute(TestCaseExecutor.java:200)
	at com.kms.katalon.core.main.TestSuiteExecutor.accessTestCaseMainPhase(TestSuiteExecutor.java:129)
	at com.kms.katalon.core.main.TestSuiteExecutor.accessTestSuiteMainPhase(TestSuiteExecutor.java:112)
	at com.kms.katalon.core.main.TestSuiteExecutor.execute(TestSuiteExecutor.java:81)
	at com.kms.katalon.core.main.TestCaseMain.startTestSuite(TestCaseMain.java:142)
	at com.kms.katalon.core.main.TestCaseMain$startTestSuite$0.call(Unknown Source)
	at org.codehaus.groovy.runtime.callsite.CallSiteArray.defaultCall(CallSiteArray.java:48)
	at org.codehaus.groovy.runtime.callsite.AbstractCallSite.call(AbstractCallSite.java:113)
	at org.codehaus.groovy.runtime.callsite.AbstractCallSite.call(AbstractCallSite.java:141)
	at TempTestSuite1540025489648.run(TempTestSuite1540025489648.groovy:36)
	at groovy.lang.GroovyShell.runScriptOrMainOrTestOrRunnable(GroovyShell.java:263)
	at groovy.lang.GroovyShell.run(GroovyShell.java:518)
	at groovy.lang.GroovyShell.run(GroovyShell.java:507)
	at groovy.ui.GroovyMain.processOnce(GroovyMain.java:653)
	at groovy.ui.GroovyMain.run(GroovyMain.java:384)
	at groovy.ui.GroovyMain.process(GroovyMain.java:370)
	at groovy.ui.GroovyMain.processArgs(GroovyMain.java:129)
	at groovy.ui.GroovyMain.main(GroovyMain.java:109)
	at sun.reflect.NativeMethodAccessorImpl.invoke0(Native Method)
	at sun.reflect.NativeMethodAccessorImpl.invoke(NativeMethodAccessorImpl.java:62)
	at sun.reflect.DelegatingMethodAccessorImpl.invoke(DelegatingMethodAccessorImpl.java:43)
	at java.lang.reflect.Method.invoke(Method.java:498)
	at org.codehaus.groovy.tools.GroovyStarter.rootLoader(GroovyStarter.java:109)
	at org.codehaus.groovy.tools.GroovyStarter.main(GroovyStarter.java:131)
)]]></system-err>
      </testcase>
      <system-out><![CDATA[2018-10-20 23:21:20 - [TEST_SUITE][FAILED] - Form 3 EIS - Cessation as Employer: Test Cases/Final Aug 2018 - PKS Automation/Registration Module/Workflow/Form 3 EIS - Cessation As Employer/Employer to UO (Approve) FAILED because (of) (Stack trace: com.kms.katalon.core.exception.StepFailedException: Unable to click on object 'Object Repository/Final Object Repo/Page_Form 3 EIS - Cessation as Employer/Add Document' (Root cause: com.kms.katalon.core.webui.exception.WebElementNotFoundException: Web element with id: 'Object Repository/Final Object Repo/Page_Form 3 EIS - Cessation as Employer/Add Document' located by 'By.xpath: //a[(text() = '
					ADD DOCUMENT
	             ' or . = '
					ADD DOCUMENT
	             ')]' not found)
	at com.kms.katalon.core.keyword.internal.KeywordMain.stepFailed(KeywordMain.groovy:32)
	at com.kms.katalon.core.webui.keyword.internal.WebUIKeywordMain.stepFailed(WebUIKeywordMain.groovy:65)
	at com.kms.katalon.core.webui.keyword.internal.WebUIKeywordMain.runKeyword(WebUIKeywordMain.groovy:27)
	at com.kms.katalon.core.webui.keyword.builtin.ClickKeyword.click(ClickKeyword.groovy:86)
	at com.kms.katalon.core.webui.keyword.builtin.ClickKeyword.execute(ClickKeyword.groovy:67)
	at com.kms.katalon.core.keyword.internal.KeywordExecutor.executeKeywordForPlatform(KeywordExecutor.groovy:53)
	at com.kms.katalon.core.webui.keyword.WebUiBuiltInKeywords.click(WebUiBuiltInKeywords.groovy:616)
	at com.kms.katalon.core.webui.keyword.WebUiBuiltInKeywords$click$2.call(Unknown Source)
	at org.codehaus.groovy.runtime.callsite.CallSiteArray.defaultCall(CallSiteArray.java:48)
	at org.codehaus.groovy.runtime.callsite.AbstractCallSite.call(AbstractCallSite.java:113)
	at org.codehaus.groovy.runtime.callsite.AbstractCallSite.call(AbstractCallSite.java:125)
	at Script1536732166908.run(Script1536732166908.groovy:82)
	at com.kms.katalon.core.main.ScriptEngine.run(ScriptEngine.java:183)
	at com.kms.katalon.core.main.ScriptEngine.runScriptAsRawText(ScriptEngine.java:108)
	at com.kms.katalon.core.main.TestCaseExecutor.runScript(TestCaseExecutor.java:294)
	at com.kms.katalon.core.main.TestCaseExecutor.doExecute(TestCaseExecutor.java:285)
	at com.kms.katalon.core.main.TestCaseExecutor.processExecutionPhase(TestCaseExecutor.java:264)
	at com.kms.katalon.core.main.TestCaseExecutor.accessMainPhase(TestCaseExecutor.java:256)
	at com.kms.katalon.core.main.TestCaseExecutor.execute(TestCaseExecutor.java:200)
	at com.kms.katalon.core.main.TestCaseMain.runTestCase(TestCaseMain.java:99)
	at com.kms.katalon.core.keyword.builtin.CallTestCaseKeyword$_callTestCase_closure1.doCall(CallTestCaseKeyword.groovy:60)
	at com.kms.katalon.core.keyword.builtin.CallTestCaseKeyword$_callTestCase_closure1.call(CallTestCaseKeyword.groovy)
	at com.kms.katalon.core.keyword.internal.KeywordMain.runKeyword(KeywordMain.groovy:54)
	at com.kms.katalon.core.keyword.builtin.CallTestCaseKeyword.callTestCase(CallTestCaseKeyword.groovy:81)
	at com.kms.katalon.core.keyword.builtin.CallTestCaseKeyword.execute(CallTestCaseKeyword.groovy:45)
	at com.kms.katalon.core.keyword.internal.KeywordExecutor.executeKeywordForPlatform(KeywordExecutor.groovy:53)
	at com.kms.katalon.core.keyword.BuiltinKeywords.callTestCase(BuiltinKeywords.groovy:334)
	at sun.reflect.NativeMethodAccessorImpl.invoke0(Native Method)
	at sun.reflect.NativeMethodAccessorImpl.invoke(NativeMethodAccessorImpl.java:62)
	at sun.reflect.DelegatingMethodAccessorImpl.invoke(DelegatingMethodAccessorImpl.java:43)
	at java.lang.reflect.Method.invoke(Method.java:498)
	at org.codehaus.groovy.reflection.CachedMethod.invoke(CachedMethod.java:93)
	at groovy.lang.MetaMethod.doMethodInvoke(MetaMethod.java:325)
	at groovy.lang.MetaClassImpl.invokeStaticMethod(MetaClassImpl.java:1469)
	at org.codehaus.groovy.runtime.callsite.StaticMetaClassSite.call(StaticMetaClassSite.java:53)
	at org.codehaus.groovy.runtime.callsite.CallSiteArray.defaultCall(CallSiteArray.java:48)
	at org.codehaus.groovy.runtime.callsite.AbstractCallSite.call(AbstractCallSite.java:113)
	at org.codehaus.groovy.runtime.callsite.AbstractCallSite.call(AbstractCallSite.java:141)
	at Script1536733676931.run(Script1536733676931.groovy:22)
	at com.kms.katalon.core.main.ScriptEngine.run(ScriptEngine.java:183)
	at com.kms.katalon.core.main.ScriptEngine.runScriptAsRawText(ScriptEngine.java:108)
	at com.kms.katalon.core.main.TestCaseExecutor.runScript(TestCaseExecutor.java:294)
	at com.kms.katalon.core.main.TestCaseExecutor.doExecute(TestCaseExecutor.java:285)
	at com.kms.katalon.core.main.TestCaseExecutor.processExecutionPhase(TestCaseExecutor.java:264)
	at com.kms.katalon.core.main.TestCaseExecutor.accessMainPhase(TestCaseExecutor.java:256)
	at com.kms.katalon.core.main.TestCaseExecutor.execute(TestCaseExecutor.java:200)
	at com.kms.katalon.core.main.TestSuiteExecutor.accessTestCaseMainPhase(TestSuiteExecutor.java:129)
	at com.kms.katalon.core.main.TestSuiteExecutor.accessTestSuiteMainPhase(TestSuiteExecutor.java:112)
	at com.kms.katalon.core.main.TestSuiteExecutor.execute(TestSuiteExecutor.java:81)
	at com.kms.katalon.core.main.TestCaseMain.startTestSuite(TestCaseMain.java:142)
	at com.kms.katalon.core.main.TestCaseMain$startTestSuite$0.call(Unknown Source)
	at org.codehaus.groovy.runtime.callsite.CallSiteArray.defaultCall(CallSiteArray.java:48)
	at org.codehaus.groovy.runtime.callsite.AbstractCallSite.call(AbstractCallSite.java:113)
	at org.codehaus.groovy.runtime.callsite.AbstractCallSite.call(AbstractCallSite.java:141)
	at TempTestSuite1540025489648.run(TempTestSuite1540025489648.groovy:36)
	at groovy.lang.GroovyShell.runScriptOrMainOrTestOrRunnable(GroovyShell.java:263)
	at groovy.lang.GroovyShell.run(GroovyShell.java:518)
	at groovy.lang.GroovyShell.run(GroovyShell.java:507)
	at groovy.ui.GroovyMain.processOnce(GroovyMain.java:653)
	at groovy.ui.GroovyMain.run(GroovyMain.java:384)
	at groovy.ui.GroovyMain.process(GroovyMain.java:370)
	at groovy.ui.GroovyMain.processArgs(GroovyMain.java:129)
	at groovy.ui.GroovyMain.main(GroovyMain.java:109)
	at sun.reflect.NativeMethodAccessorImpl.invoke0(Native Method)
	at sun.reflect.NativeMethodAccessorImpl.invoke(NativeMethodAccessorImpl.java:62)
	at sun.reflect.DelegatingMethodAccessorImpl.invoke(DelegatingMethodAccessorImpl.java:43)
	at java.lang.reflect.Method.invoke(Method.java:498)
	at org.codehaus.groovy.tools.GroovyStarter.rootLoader(GroovyStarter.java:109)
	at org.codehaus.groovy.tools.GroovyStarter.main(GroovyStarter.java:131)
)]]></system-out>
      <system-err><![CDATA[2018-10-20 23:21:20 - [TEST_SUITE][FAILED] - Form 3 EIS - Cessation as Employer: Test Cases/Final Aug 2018 - PKS Automation/Registration Module/Workflow/Form 3 EIS - Cessation As Employer/Employer to UO (Approve) FAILED because (of) (Stack trace: com.kms.katalon.core.exception.StepFailedException: Unable to click on object 'Object Repository/Final Object Repo/Page_Form 3 EIS - Cessation as Employer/Add Document' (Root cause: com.kms.katalon.core.webui.exception.WebElementNotFoundException: Web element with id: 'Object Repository/Final Object Repo/Page_Form 3 EIS - Cessation as Employer/Add Document' located by 'By.xpath: //a[(text() = '
					ADD DOCUMENT
	             ' or . = '
					ADD DOCUMENT
	             ')]' not found)
	at com.kms.katalon.core.keyword.internal.KeywordMain.stepFailed(KeywordMain.groovy:32)
	at com.kms.katalon.core.webui.keyword.internal.WebUIKeywordMain.stepFailed(WebUIKeywordMain.groovy:65)
	at com.kms.katalon.core.webui.keyword.internal.WebUIKeywordMain.runKeyword(WebUIKeywordMain.groovy:27)
	at com.kms.katalon.core.webui.keyword.builtin.ClickKeyword.click(ClickKeyword.groovy:86)
	at com.kms.katalon.core.webui.keyword.builtin.ClickKeyword.execute(ClickKeyword.groovy:67)
	at com.kms.katalon.core.keyword.internal.KeywordExecutor.executeKeywordForPlatform(KeywordExecutor.groovy:53)
	at com.kms.katalon.core.webui.keyword.WebUiBuiltInKeywords.click(WebUiBuiltInKeywords.groovy:616)
	at com.kms.katalon.core.webui.keyword.WebUiBuiltInKeywords$click$2.call(Unknown Source)
	at org.codehaus.groovy.runtime.callsite.CallSiteArray.defaultCall(CallSiteArray.java:48)
	at org.codehaus.groovy.runtime.callsite.AbstractCallSite.call(AbstractCallSite.java:113)
	at org.codehaus.groovy.runtime.callsite.AbstractCallSite.call(AbstractCallSite.java:125)
	at Script1536732166908.run(Script1536732166908.groovy:82)
	at com.kms.katalon.core.main.ScriptEngine.run(ScriptEngine.java:183)
	at com.kms.katalon.core.main.ScriptEngine.runScriptAsRawText(ScriptEngine.java:108)
	at com.kms.katalon.core.main.TestCaseExecutor.runScript(TestCaseExecutor.java:294)
	at com.kms.katalon.core.main.TestCaseExecutor.doExecute(TestCaseExecutor.java:285)
	at com.kms.katalon.core.main.TestCaseExecutor.processExecutionPhase(TestCaseExecutor.java:264)
	at com.kms.katalon.core.main.TestCaseExecutor.accessMainPhase(TestCaseExecutor.java:256)
	at com.kms.katalon.core.main.TestCaseExecutor.execute(TestCaseExecutor.java:200)
	at com.kms.katalon.core.main.TestCaseMain.runTestCase(TestCaseMain.java:99)
	at com.kms.katalon.core.keyword.builtin.CallTestCaseKeyword$_callTestCase_closure1.doCall(CallTestCaseKeyword.groovy:60)
	at com.kms.katalon.core.keyword.builtin.CallTestCaseKeyword$_callTestCase_closure1.call(CallTestCaseKeyword.groovy)
	at com.kms.katalon.core.keyword.internal.KeywordMain.runKeyword(KeywordMain.groovy:54)
	at com.kms.katalon.core.keyword.builtin.CallTestCaseKeyword.callTestCase(CallTestCaseKeyword.groovy:81)
	at com.kms.katalon.core.keyword.builtin.CallTestCaseKeyword.execute(CallTestCaseKeyword.groovy:45)
	at com.kms.katalon.core.keyword.internal.KeywordExecutor.executeKeywordForPlatform(KeywordExecutor.groovy:53)
	at com.kms.katalon.core.keyword.BuiltinKeywords.callTestCase(BuiltinKeywords.groovy:334)
	at sun.reflect.NativeMethodAccessorImpl.invoke0(Native Method)
	at sun.reflect.NativeMethodAccessorImpl.invoke(NativeMethodAccessorImpl.java:62)
	at sun.reflect.DelegatingMethodAccessorImpl.invoke(DelegatingMethodAccessorImpl.java:43)
	at java.lang.reflect.Method.invoke(Method.java:498)
	at org.codehaus.groovy.reflection.CachedMethod.invoke(CachedMethod.java:93)
	at groovy.lang.MetaMethod.doMethodInvoke(MetaMethod.java:325)
	at groovy.lang.MetaClassImpl.invokeStaticMethod(MetaClassImpl.java:1469)
	at org.codehaus.groovy.runtime.callsite.StaticMetaClassSite.call(StaticMetaClassSite.java:53)
	at org.codehaus.groovy.runtime.callsite.CallSiteArray.defaultCall(CallSiteArray.java:48)
	at org.codehaus.groovy.runtime.callsite.AbstractCallSite.call(AbstractCallSite.java:113)
	at org.codehaus.groovy.runtime.callsite.AbstractCallSite.call(AbstractCallSite.java:141)
	at Script1536733676931.run(Script1536733676931.groovy:22)
	at com.kms.katalon.core.main.ScriptEngine.run(ScriptEngine.java:183)
	at com.kms.katalon.core.main.ScriptEngine.runScriptAsRawText(ScriptEngine.java:108)
	at com.kms.katalon.core.main.TestCaseExecutor.runScript(TestCaseExecutor.java:294)
	at com.kms.katalon.core.main.TestCaseExecutor.doExecute(TestCaseExecutor.java:285)
	at com.kms.katalon.core.main.TestCaseExecutor.processExecutionPhase(TestCaseExecutor.java:264)
	at com.kms.katalon.core.main.TestCaseExecutor.accessMainPhase(TestCaseExecutor.java:256)
	at com.kms.katalon.core.main.TestCaseExecutor.execute(TestCaseExecutor.java:200)
	at com.kms.katalon.core.main.TestSuiteExecutor.accessTestCaseMainPhase(TestSuiteExecutor.java:129)
	at com.kms.katalon.core.main.TestSuiteExecutor.accessTestSuiteMainPhase(TestSuiteExecutor.java:112)
	at com.kms.katalon.core.main.TestSuiteExecutor.execute(TestSuiteExecutor.java:81)
	at com.kms.katalon.core.main.TestCaseMain.startTestSuite(TestCaseMain.java:142)
	at com.kms.katalon.core.main.TestCaseMain$startTestSuite$0.call(Unknown Source)
	at org.codehaus.groovy.runtime.callsite.CallSiteArray.defaultCall(CallSiteArray.java:48)
	at org.codehaus.groovy.runtime.callsite.AbstractCallSite.call(AbstractCallSite.java:113)
	at org.codehaus.groovy.runtime.callsite.AbstractCallSite.call(AbstractCallSite.java:141)
	at TempTestSuite1540025489648.run(TempTestSuite1540025489648.groovy:36)
	at groovy.lang.GroovyShell.runScriptOrMainOrTestOrRunnable(GroovyShell.java:263)
	at groovy.lang.GroovyShell.run(GroovyShell.java:518)
	at groovy.lang.GroovyShell.run(GroovyShell.java:507)
	at groovy.ui.GroovyMain.processOnce(GroovyMain.java:653)
	at groovy.ui.GroovyMain.run(GroovyMain.java:384)
	at groovy.ui.GroovyMain.process(GroovyMain.java:370)
	at groovy.ui.GroovyMain.processArgs(GroovyMain.java:129)
	at groovy.ui.GroovyMain.main(GroovyMain.java:109)
	at sun.reflect.NativeMethodAccessorImpl.invoke0(Native Method)
	at sun.reflect.NativeMethodAccessorImpl.invoke(NativeMethodAccessorImpl.java:62)
	at sun.reflect.DelegatingMethodAccessorImpl.invoke(DelegatingMethodAccessorImpl.java:43)
	at java.lang.reflect.Method.invoke(Method.java:498)
	at org.codehaus.groovy.tools.GroovyStarter.rootLoader(GroovyStarter.java:109)
	at org.codehaus.groovy.tools.GroovyStarter.main(GroovyStarter.java:131)
)]]></system-err>
   </testsuite>
</testsuites>
