<?xml version="1.0" encoding="UTF-8"?>
<testsuites name="New Registration" time="2476" tests="3" failures="1" errors="0">
   <testsuite name="New Registration" tests="3" failures="1" errors="0" time="2476" timestamp="2018-12-12 13:12:17" hostname="Admin - Win7Test02" id="Test Suites/Workflow/New Registration">
      <properties>
         <property name="deviceName" value=""/>
         <property name="devicePlatform" value=""/>
         <property name="logFolder" value="C:\\Users\\Admin\\Desktop\\PKS\\Perkeso Phase A\\Reports\\Workflow\\New Registration\\20181211_151731"/>
         <property name="logFiles" value="C:\\Users\\Admin\\Desktop\\PKS\\Perkeso Phase A\\Reports\\Workflow\\New Registration\\20181211_151731\\execution0.log"/>
         <property name="attachments" value="C:\\Users\\Admin\\Desktop\\PKS\\Perkeso Phase A\\Reports\\Workflow\\New Registration\\20181211_151731\\1544593294524.png"/>
         <property name="hostName" value="Admin - Win7Test02"/>
         <property name="os" value="Windows 7 64bit"/>
         <property name="katalonVersion" value="5.8.6.1"/>
         <property name="browser" value="Chrome 70.0.3538.110"/>
         <property name="hostAddress" value="10.20.3.72"/>
         <property name="sessionId" value="f4748e0e984202d70357379a52eeedf0"/>
         <property name="seleniumVersion" value="3.7.1"/>
         <property name="proxyInformation" value="ProxyInformation{proxyOption=NO_PROXY, proxyServerType=HTTP, password=, proxyServerAddress=, proxyServerPort=0}"/>
         <property name="platform" value="Windows 7"/>
      </properties>
      <testcase name="Test Cases/Final Aug 2018 - PKS Automation/Registration Module/Workflow/New Registration/Case PKR BO to RO - Query - Submit" classname="Test Cases/Final Aug 2018 - PKS Automation/Registration Module/Workflow/New Registration/Case PKR BO to RO - Query - Submit" status="PASSED">
         <system-out><![CDATA[2018-12-12 13:12:18 - [TEST_CASE][PASSED] - Test Cases/Final Aug 2018 - PKS Automation/Registration Module/Workflow/New Registration/Case PKR BO to RO - Query - Submit: Test Cases/Final Aug 2018 - PKS Automation/Registration Module/Workflow/New Registration/Case PKR BO to RO - Query - Submit

2018-12-12 13:12:18 - [TEST_STEP][PASSED] - callTestCase: Call Test Case 'Test Cases/Final Aug 2018 - PKS Automation/Registration Module/Workflow/New Registration/Template/Special Case - PKR BO - Form 1' successfully

2018-12-12 13:12:19 - [TEST_CASE][PASSED] - Test Cases/Final Aug 2018 - PKS Automation/Registration Module/Workflow/New Registration/Template/Special Case - PKR BO - Form 1: Test Cases/Final Aug 2018 - PKS Automation/Registration Module/Workflow/New Registration/Template/Special Case - PKR BO - Form 1

2018-12-12 13:12:19 - [TEST_STEP][PASSED] - openBrowser: Browser is opened with url: ''

2018-12-12 13:12:24 - [MESSAGE][PASSED] - Browser is opened with url: ''

2018-12-12 13:12:24 - [TEST_STEP][PASSED] - navigateToUrl: Navigate to 'https://assist2-uat.perkeso.gov.my/login' successfully

2018-12-12 13:12:25 - [MESSAGE][PASSED] - Navigate to 'https://assist2-uat.perkeso.gov.my/login' successfully

2018-12-12 13:12:25 - [TEST_STEP][PASSED] - delay: Delayed 2 second(s)

2018-12-12 13:12:27 - [MESSAGE][PASSED] - Delayed 2 second(s)

2018-12-12 13:12:27 - [TEST_STEP][PASSED] - setText: Text 'klpkrbo2@gmail.com' is set on object 'Object Repository/Final Object Repo/Login Page/Internal User/Email Address'

2018-12-12 13:12:28 - [MESSAGE][PASSED] - Text 'klpkrbo2@gmail.com' is set on object 'Object Repository/Final Object Repo/Login Page/Internal User/Email Address'

2018-12-12 13:12:28 - [TEST_STEP][PASSED] - click: Object: 'Object Repository/Final Object Repo/Login Page/Internal User/Next Button' is clicked on

2018-12-12 13:12:28 - [MESSAGE][PASSED] - Object: 'Object Repository/Final Object Repo/Login Page/Internal User/Next Button' is clicked on

2018-12-12 13:12:28 - [TEST_STEP][PASSED] - delay: Delayed 2 second(s)

2018-12-12 13:12:30 - [MESSAGE][PASSED] - Delayed 2 second(s)

2018-12-12 13:12:30 - [TEST_STEP][PASSED] - setText: Text 'Test1@3456789' is set on object 'Object Repository/Final Object Repo/Login Page/Internal User/Password'

2018-12-12 13:12:30 - [MESSAGE][PASSED] - Text 'Test1@3456789' is set on object 'Object Repository/Final Object Repo/Login Page/Internal User/Password'

2018-12-12 13:12:30 - [TEST_STEP][PASSED] - delay: Delayed 2 second(s)

2018-12-12 13:12:32 - [MESSAGE][PASSED] - Delayed 2 second(s)

2018-12-12 13:12:32 - [TEST_STEP][PASSED] - click: Object: 'Object Repository/Final Object Repo/Login Page/Internal User/Login Button' is clicked on

2018-12-12 13:12:33 - [MESSAGE][PASSED] - Object: 'Object Repository/Final Object Repo/Login Page/Internal User/Login Button' is clicked on

2018-12-12 13:12:33 - [TEST_STEP][PASSED] - Statement - Try: null

2018-12-12 13:12:33 - [TEST_STEP][PASSED] - Statement - Checker = com.kms.katalon.core.webui.keyword.WebUiBuiltInKeywords.verifyElementNotPresent("Final Object Repo/Landing Page/Select to English", 3): null

2018-12-12 13:12:33 - [TEST_STEP][PASSED] - Statement - Catch (Exception e): null

2018-12-12 13:12:33 - [TEST_STEP][PASSED] - Statement - e.printStackTrace(): null

2018-12-12 13:12:33 - [TEST_STEP][PASSED] - delay: Delayed 5 second(s)

2018-12-12 13:12:38 - [MESSAGE][PASSED] - Delayed 5 second(s)

2018-12-12 13:12:38 - [TEST_STEP][PASSED] - click: Object: 'Object Repository/Final Object Repo/Landing Page/My Sites Drop Down' is clicked on

2018-12-12 13:12:38 - [MESSAGE][PASSED] - Object: 'Object Repository/Final Object Repo/Landing Page/My Sites Drop Down' is clicked on

2018-12-12 13:12:38 - [TEST_STEP][PASSED] - click: Object: 'Object Repository/Final Object Repo/Landing Page/Select to Registration Module' is clicked on

2018-12-12 13:12:39 - [MESSAGE][PASSED] - Object: 'Object Repository/Final Object Repo/Landing Page/Select to Registration Module' is clicked on

2018-12-12 13:12:39 - [TEST_STEP][PASSED] - click: Object: 'Object Repository/Final Object Repo/Landing Page/Registration Button' is clicked on

2018-12-12 13:12:41 - [MESSAGE][PASSED] - Object: 'Object Repository/Final Object Repo/Landing Page/Registration Button' is clicked on

2018-12-12 13:12:41 - [TEST_STEP][PASSED] - delay: Delayed 2 second(s)

2018-12-12 13:12:43 - [MESSAGE][PASSED] - Delayed 2 second(s)

2018-12-12 13:12:43 - [TEST_STEP][PASSED] - click: Object: 'Object Repository/Final Object Repo/New Registration - Registration Module Pages/New Reg - OTC to RO/Special Case - OTC - Form 1/AEC NO' is clicked on

2018-12-12 13:12:43 - [MESSAGE][PASSED] - Object: 'Object Repository/Final Object Repo/New Registration - Registration Module Pages/New Reg - OTC to RO/Special Case - OTC - Form 1/AEC NO' is clicked on

2018-12-12 13:12:43 - [TEST_STEP][PASSED] - click: Object: 'Object Repository/Final Object Repo/New Registration - Registration Module Pages/New Reg - OTC to RO/Special Case - OTC - Form 1/Business Entity - Please Select' is clicked on

2018-12-12 13:12:43 - [MESSAGE][PASSED] - Object: 'Object Repository/Final Object Repo/New Registration - Registration Module Pages/New Reg - OTC to RO/Special Case - OTC - Form 1/Business Entity - Please Select' is clicked on

2018-12-12 13:12:43 - [TEST_STEP][PASSED] - click: Object: 'Object Repository/Final Object Repo/New Registration - Registration Module Pages/New Reg - OTC to RO/Special Case - OTC - Form 1/Selected - Corporation' is clicked on

2018-12-12 13:12:43 - [MESSAGE][PASSED] - Object: 'Object Repository/Final Object Repo/New Registration - Registration Module Pages/New Reg - OTC to RO/Special Case - OTC - Form 1/Selected - Corporation' is clicked on

2018-12-12 13:12:43 - [TEST_STEP][PASSED] - delay: Delayed 2 second(s)

2018-12-12 13:12:45 - [MESSAGE][PASSED] - Delayed 2 second(s)

2018-12-12 13:12:45 - [TEST_STEP][PASSED] - click: Object: 'Object Repository/Final Object Repo/New Registration - Registration Module Pages/New Reg - OTC to RO/Special Case - OTC - Form 1/Sub Business Entity - Please Select' is clicked on

2018-12-12 13:12:45 - [MESSAGE][PASSED] - Object: 'Object Repository/Final Object Repo/New Registration - Registration Module Pages/New Reg - OTC to RO/Special Case - OTC - Form 1/Sub Business Entity - Please Select' is clicked on

2018-12-12 13:12:45 - [TEST_STEP][PASSED] - delay: Delayed 2 second(s)

2018-12-12 13:12:47 - [MESSAGE][PASSED] - Delayed 2 second(s)

2018-12-12 13:12:47 - [TEST_STEP][PASSED] - click: Object: 'Object Repository/Final Object Repo/New Registration - Registration Module Pages/New Reg - OTC to RO/Special Case - OTC - Form 1/Selected - Sendirian Berhad' is clicked on

2018-12-12 13:12:48 - [MESSAGE][PASSED] - Object: 'Object Repository/Final Object Repo/New Registration - Registration Module Pages/New Reg - OTC to RO/Special Case - OTC - Form 1/Selected - Sendirian Berhad' is clicked on

2018-12-12 13:12:48 - [TEST_STEP][PASSED] - setText: Text 'AUTOMATE001' is set on object 'Object Repository/Final Object Repo/New Registration - Registration Module Pages/New Reg - OTC to RO/Special Case - OTC - Form 1/Input BRN Number'

2018-12-12 13:12:48 - [MESSAGE][PASSED] - Text 'AUTOMATE001' is set on object 'Object Repository/Final Object Repo/New Registration - Registration Module Pages/New Reg - OTC to RO/Special Case - OTC - Form 1/Input BRN Number'

2018-12-12 13:12:48 - [TEST_STEP][PASSED] - delay: Delayed 2 second(s)

2018-12-12 13:12:50 - [MESSAGE][PASSED] - Delayed 2 second(s)

2018-12-12 13:12:50 - [TEST_STEP][PASSED] - click: Object: 'Object Repository/Final Object Repo/New Registration - Registration Module Pages/New Reg - OTC to RO/Special Case - OTC - Form 1/BRN Search' is clicked on

2018-12-12 13:12:50 - [MESSAGE][PASSED] - Object: 'Object Repository/Final Object Repo/New Registration - Registration Module Pages/New Reg - OTC to RO/Special Case - OTC - Form 1/BRN Search' is clicked on

2018-12-12 13:12:50 - [TEST_STEP][PASSED] - delay: Delayed 4 second(s)

2018-12-12 13:12:54 - [MESSAGE][PASSED] - Delayed 4 second(s)

2018-12-12 13:12:54 - [TEST_STEP][PASSED] - click: Object: 'Object Repository/Final Object Repo/New Registration - Registration Module Pages/New Reg - OTC to RO/Special Case - OTC - Form 1/Registered with SSM - After Feb 2017' is clicked on

2018-12-12 13:12:55 - [MESSAGE][PASSED] - Object: 'Object Repository/Final Object Repo/New Registration - Registration Module Pages/New Reg - OTC to RO/Special Case - OTC - Form 1/Registered with SSM - After Feb 2017' is clicked on

2018-12-12 13:12:55 - [TEST_STEP][PASSED] - delay: Delayed 2 second(s)

2018-12-12 13:12:57 - [MESSAGE][PASSED] - Delayed 2 second(s)

2018-12-12 13:12:57 - [TEST_STEP][PASSED] - click: Object: 'Object Repository/Final Object Repo/New Registration - Registration Module Pages/New Reg - OTC to RO/Special Case - OTC - Form 1/Registering As A Branch - No' is clicked on

2018-12-12 13:12:57 - [MESSAGE][PASSED] - Object: 'Object Repository/Final Object Repo/New Registration - Registration Module Pages/New Reg - OTC to RO/Special Case - OTC - Form 1/Registering As A Branch - No' is clicked on

2018-12-12 13:12:57 - [TEST_STEP][PASSED] - click: Object: 'Object Repository/Final Object Repo/New Registration - Registration Module Pages/New Reg - OTC to RO/Special Case - OTC - Form 1/Acknowledgement Ticked' is clicked on

2018-12-12 13:12:57 - [MESSAGE][PASSED] - Object: 'Object Repository/Final Object Repo/New Registration - Registration Module Pages/New Reg - OTC to RO/Special Case - OTC - Form 1/Acknowledgement Ticked' is clicked on

2018-12-12 13:12:57 - [TEST_STEP][PASSED] - click: Object: 'Object Repository/Final Object Repo/New Registration - Registration Module Pages/New Reg - OTC to RO/Special Case - OTC - Form 1/Submit Button' is clicked on

2018-12-12 13:12:57 - [MESSAGE][PASSED] - Object: 'Object Repository/Final Object Repo/New Registration - Registration Module Pages/New Reg - OTC to RO/Special Case - OTC - Form 1/Submit Button' is clicked on

2018-12-12 13:12:57 - [TEST_STEP][PASSED] - delay: Delayed 2 second(s)

2018-12-12 13:12:59 - [MESSAGE][PASSED] - Delayed 2 second(s)

2018-12-12 13:12:59 - [TEST_STEP][PASSED] - click: Object: 'Object Repository/Final Object Repo/New Registration - Registration Module Pages/New Reg - OTC to RO/Special Case - OTC - Form 1/Confirm No Flagging as Branch' is clicked on

2018-12-12 13:12:59 - [MESSAGE][PASSED] - Object: 'Object Repository/Final Object Repo/New Registration - Registration Module Pages/New Reg - OTC to RO/Special Case - OTC - Form 1/Confirm No Flagging as Branch' is clicked on

2018-12-12 13:12:59 - [MESSAGE][PASSED] - Call Test Case 'Test Cases/Final Aug 2018 - PKS Automation/Registration Module/Workflow/New Registration/Template/Special Case - PKR BO - Form 1' successfully

2018-12-12 13:12:59 - [TEST_STEP][PASSED] - callTestCase: Call Test Case 'Test Cases/Final Aug 2018 - PKS Automation/Registration Module/New Registration/Form 2/Add 1 Eligible' successfully

2018-12-12 13:12:59 - [TEST_CASE][PASSED] - Test Cases/Final Aug 2018 - PKS Automation/Registration Module/New Registration/Form 2/Add 1 Eligible: Test Cases/Final Aug 2018 - PKS Automation/Registration Module/New Registration/Form 2/Add 1 Eligible

2018-12-12 13:13:00 - [TEST_STEP][PASSED] - delay: Delayed 2 second(s)

2018-12-12 13:13:02 - [MESSAGE][PASSED] - Delayed 2 second(s)

2018-12-12 13:13:02 - [TEST_STEP][PASSED] - callTestCase: Call Test Case 'Test Cases/Final Aug 2018 - PKS Automation/Registration Module/New Registration/Form 2/Date Updater' successfully

2018-12-12 13:13:02 - [TEST_CASE][PASSED] - Test Cases/Final Aug 2018 - PKS Automation/Registration Module/New Registration/Form 2/Date Updater: Test Cases/Final Aug 2018 - PKS Automation/Registration Module/New Registration/Form 2/Date Updater

2018-12-12 13:13:02 - [TEST_STEP][PASSED] - Statement - TodayDate = new java.util.Date(): null

2018-12-12 13:13:02 - [TEST_STEP][PASSED] - Statement - CurrentDateNoFilter = new java.text.SimpleDateFormat(): null

2018-12-12 13:13:02 - [TEST_STEP][PASSED] - Statement - CurrentDateNoFilter.applyPattern("MM"): null

2018-12-12 13:13:02 - [TEST_STEP][PASSED] - Statement - monthContainerMatcher = java.lang.Integer.parseInt(CurrentDateNoFilter.format(TodayDate)): null

2018-12-12 13:13:02 - [TEST_STEP][PASSED] - Statement - monthContainerMatcher = monthContainerMatcher - 1: null

2018-12-12 13:13:02 - [TEST_STEP][PASSED] - Statement - CurrentMonth = monthContainerMatcher.toString(): null

2018-12-12 13:13:02 - [TEST_STEP][PASSED] - Statement - CurrentMonth = CurrentMonth: null

2018-12-12 13:13:02 - [TEST_STEP][PASSED] - Statement - CurrentDateNoFilter.applyPattern("yyyy"): null

2018-12-12 13:13:02 - [TEST_STEP][PASSED] - Statement - CurrentYear = CurrentDateNoFilter.format(TodayDate): null

2018-12-12 13:13:02 - [TEST_STEP][PASSED] - Statement - CurrentYear = CurrentYear: null

2018-12-12 13:13:02 - [TEST_STEP][PASSED] - Statement - intCurrentYear = java.lang.Integer.parseInt(CurrentDateNoFilter.format(TodayDate)): null

2018-12-12 13:13:02 - [TEST_STEP][PASSED] - Statement - eighteenYrsAgo = intCurrentYear - 18: null

2018-12-12 13:13:02 - [TEST_STEP][PASSED] - Statement - eighteenYrsBeforeThisYr = eighteenYrsAgo.toString(): null

2018-12-12 13:13:02 - [TEST_STEP][PASSED] - Statement - EighteenYrsBefore = eighteenYrsBeforeThisYr: null

2018-12-12 13:13:02 - [TEST_STEP][PASSED] - Statement - fiftysevenYrsAgo = intCurrentYear - 57: null

2018-12-12 13:13:02 - [TEST_STEP][PASSED] - Statement - fiftysevenYrsBeforeThisYr = fiftysevenYrsAgo.toString(): null

2018-12-12 13:13:02 - [TEST_STEP][PASSED] - Statement - FiftysevenYrsBefore = fiftysevenYrsBeforeThisYr: null

2018-12-12 13:13:02 - [TEST_STEP][PASSED] - Statement - leapYear = false: null

2018-12-12 13:13:02 - [TEST_STEP][PASSED] - Statement - leapYear = intCurrentYear % 4 == 0: null

2018-12-12 13:13:02 - [TEST_STEP][PASSED] - Statement - CurrentDateNoFilter.applyPattern("dd"): null

2018-12-12 13:13:02 - [TEST_STEP][PASSED] - Statement - CurrentDate = CurrentDateNoFilter.format(TodayDate): null

2018-12-12 13:13:02 - [TEST_STEP][PASSED] - Statement - CurrentDate = java.lang.Integer.parseInt(CurrentDate): null

2018-12-12 13:13:02 - [TEST_STEP][PASSED] - Statement - CurrentDate = CurrentDate: null

2018-12-12 13:13:02 - [TEST_STEP][PASSED] - Statement - CurrentDay = java.lang.Integer.parseInt(CurrentDate): null

2018-12-12 13:13:02 - [TEST_STEP][PASSED] - Statement - ConfAdder = <not implemented yet for class: org.codehaus.groovy.ast.expr.EmptyExpression>: null

2018-12-12 13:13:02 - [TEST_STEP][PASSED] - Statement - out.println(CurrentMonth): null

2018-12-12 13:13:02 - [TEST_STEP][PASSED] - Statement - out.println(CurrentDate): null

2018-12-12 13:13:02 - [TEST_STEP][PASSED] - Statement - switch (CurrentDate): null

2018-12-12 13:13:02 - [TEST_STEP][PASSED] - Statement - Default: null

2018-12-12 13:13:02 - [TEST_STEP][PASSED] - Statement - ConfAdder = true: null

2018-12-12 13:13:02 - [TEST_STEP][PASSED] - Statement - Break: null

2018-12-12 13:13:02 - [TEST_STEP][PASSED] - Statement - aDayBefore = <not implemented yet for class: org.codehaus.groovy.ast.expr.EmptyExpression>: null

2018-12-12 13:13:02 - [TEST_STEP][PASSED] - Statement - out.println(ConfAdder): null

2018-12-12 13:13:02 - [TEST_STEP][PASSED] - Statement - If (ConfAdder == true): null

2018-12-12 13:13:02 - [TEST_STEP][PASSED] - Statement - aDayBefore = CurrentDay + 1: null

2018-12-12 13:13:02 - [TEST_STEP][PASSED] - Statement - out.println(aDayBefore): null

2018-12-12 13:13:02 - [TEST_STEP][PASSED] - Statement - If (aDayBefore == 1 && CurrentMonth == 11): null

2018-12-12 13:13:02 - [TEST_STEP][PASSED] - Statement - DayBefore = aDayBefore.toString(): null

2018-12-12 13:13:02 - [TEST_STEP][PASSED] - Statement - OneDayBefore = DayBefore: null

2018-12-12 13:13:02 - [MESSAGE][PASSED] - Call Test Case 'Test Cases/Final Aug 2018 - PKS Automation/Registration Module/New Registration/Form 2/Date Updater' successfully

2018-12-12 13:13:02 - [TEST_STEP][PASSED] - delay: Delayed 1 second(s)

2018-12-12 13:13:03 - [MESSAGE][PASSED] - Delayed 1 second(s)

2018-12-12 13:13:03 - [TEST_STEP][PASSED] - Statement - CaseReferenceNo = com.kms.katalon.core.webui.keyword.WebUiBuiltInKeywords.getText(com.kms.katalon.core.testobject.ObjectRepository.findTestObject(Final Object Repo/New Registration - Registration Module Pages/Form 2/RefNo Acquiring)): Text of object 'Object Repository/Final Object Repo/New Registration - Registration Module Pages/Form 2/RefNo Acquiring' is: 'CRN12201800123196'

2018-12-12 13:13:03 - [MESSAGE][PASSED] - Text of object 'Object Repository/Final Object Repo/New Registration - Registration Module Pages/Form 2/RefNo Acquiring' is: 'CRN12201800123196'

2018-12-12 13:13:03 - [TEST_STEP][PASSED] - delay: Delayed 1 second(s)

2018-12-12 13:13:04 - [MESSAGE][PASSED] - Delayed 1 second(s)

2018-12-12 13:13:04 - [TEST_STEP][PASSED] - click: Object: 'Object Repository/Final Object Repo/New Registration - Registration Module Pages/Form 2/Add Employee Button' is clicked on

2018-12-12 13:13:05 - [MESSAGE][PASSED] - Object: 'Object Repository/Final Object Repo/New Registration - Registration Module Pages/Form 2/Add Employee Button' is clicked on

2018-12-12 13:13:05 - [TEST_STEP][PASSED] - delay: Delayed 1 second(s)

2018-12-12 13:13:06 - [MESSAGE][PASSED] - Delayed 1 second(s)

2018-12-12 13:13:06 - [TEST_STEP][PASSED] - setText: Text '010903091963' is set on object 'Object Repository/Final Object Repo/New Registration - Registration Module Pages/Form 2/NRIC Input'

2018-12-12 13:13:06 - [MESSAGE][PASSED] - Text '010903091963' is set on object 'Object Repository/Final Object Repo/New Registration - Registration Module Pages/Form 2/NRIC Input'

2018-12-12 13:13:06 - [TEST_STEP][PASSED] - click: Object: 'Object Repository/Final Object Repo/New Registration - Registration Module Pages/Form 2/button for search for IC' is clicked on

2018-12-12 13:13:06 - [MESSAGE][PASSED] - Object: 'Object Repository/Final Object Repo/New Registration - Registration Module Pages/Form 2/button for search for IC' is clicked on

2018-12-12 13:13:06 - [TEST_STEP][PASSED] - delay: Delayed 2 second(s)

2018-12-12 13:13:08 - [MESSAGE][PASSED] - Delayed 2 second(s)

2018-12-12 13:13:08 - [TEST_STEP][PASSED] - setText: Text 'Automate001 eligible 1' is set on object 'Object Repository/Final Object Repo/New Registration - Registration Module Pages/Form 2/Employee Name Input'

2018-12-12 13:13:09 - [MESSAGE][PASSED] - Text 'Automate001 eligible 1' is set on object 'Object Repository/Final Object Repo/New Registration - Registration Module Pages/Form 2/Employee Name Input'

2018-12-12 13:13:09 - [TEST_STEP][PASSED] - delay: Delayed 2 second(s)

2018-12-12 13:13:11 - [MESSAGE][PASSED] - Delayed 2 second(s)

2018-12-12 13:13:11 - [TEST_STEP][PASSED] - click: Object: 'Object Repository/Final Object Repo/New Registration - Registration Module Pages/Form 2/DatePicker Pop Up' is clicked on

2018-12-12 13:13:11 - [MESSAGE][PASSED] - Object: 'Object Repository/Final Object Repo/New Registration - Registration Module Pages/Form 2/DatePicker Pop Up' is clicked on

2018-12-12 13:13:11 - [TEST_STEP][PASSED] - click: Object: 'Object Repository/Final Object Repo/New Registration - Registration Module Pages/Form 2/DOB Month' is clicked on

2018-12-12 13:13:11 - [MESSAGE][PASSED] - Object: 'Object Repository/Final Object Repo/New Registration - Registration Module Pages/Form 2/DOB Month' is clicked on

2018-12-12 13:13:11 - [TEST_STEP][PASSED] - Statement - CurrentMonth = CurrentMonth: null

2018-12-12 13:13:11 - [TEST_STEP][PASSED] - Statement - selectMonth = new com.kms.katalon.core.testobject.TestObject(): null

2018-12-12 13:13:11 - [TEST_STEP][PASSED] - Statement - selectMonth.addProperty("xpath", EQUALS, "//body/div/div/div/select/option[@value='" + CurrentMonth + "']", true): null

2018-12-12 13:13:11 - [TEST_STEP][PASSED] - click: Object: '' is clicked on

2018-12-12 13:13:11 - [MESSAGE][PASSED] - Object: '' is clicked on

2018-12-12 13:13:11 - [TEST_STEP][PASSED] - click: Object: 'Object Repository/Final Object Repo/New Registration - Registration Module Pages/Form 2/DOB Year' is clicked on

2018-12-12 13:13:12 - [MESSAGE][PASSED] - Object: 'Object Repository/Final Object Repo/New Registration - Registration Module Pages/Form 2/DOB Year' is clicked on

2018-12-12 13:13:12 - [TEST_STEP][PASSED] - Statement - Eyearsbf = EighteenYrsBefore: null

2018-12-12 13:13:12 - [TEST_STEP][PASSED] - Statement - selectYear = new com.kms.katalon.core.testobject.TestObject(): null

2018-12-12 13:13:12 - [TEST_STEP][PASSED] - Statement - selectYear.addProperty("xpath", EQUALS, "//div/div/div/select/option[@value='" + Eyearsbf + "']", true): null

2018-12-12 13:13:12 - [TEST_STEP][PASSED] - click: Object: '' is clicked on

2018-12-12 13:13:12 - [MESSAGE][PASSED] - Object: '' is clicked on

2018-12-12 13:13:12 - [TEST_STEP][PASSED] - Statement - UpdatedSelectDate = com.kms.katalon.core.webui.keyword.WebUiBuiltInKeywords.modifyObjectProperty(com.kms.katalon.core.testobject.ObjectRepository.findTestObject(Final Object Repo/New Registration - Registration Module Pages/Form 2/DOB Date), "xpath", "equals", "//body/div/table/tbody/tr/td/a[text()="" + CurrentDate + ""]", true): Modify property of object successfully

2018-12-12 13:13:12 - [MESSAGE][PASSED] - Modify property of object successfully

2018-12-12 13:13:12 - [TEST_STEP][PASSED] - delay: Delayed 3 second(s)

2018-12-12 13:13:15 - [MESSAGE][PASSED] - Delayed 3 second(s)

2018-12-12 13:13:15 - [TEST_STEP][PASSED] - click: Object: 'Object Repository/Final Object Repo/New Registration - Registration Module Pages/Form 2/DOB Date' is clicked on

2018-12-12 13:13:15 - [MESSAGE][PASSED] - Object: 'Object Repository/Final Object Repo/New Registration - Registration Module Pages/Form 2/DOB Date' is clicked on

2018-12-12 13:13:15 - [TEST_STEP][PASSED] - delay: Delayed 2 second(s)

2018-12-12 13:13:17 - [MESSAGE][PASSED] - Delayed 2 second(s)

2018-12-12 13:13:17 - [TEST_STEP][PASSED] - click: Object: 'Object Repository/Final Object Repo/New Registration - Registration Module Pages/Form 2/EmploymentStartDate Pop Up' is clicked on

2018-12-12 13:13:17 - [MESSAGE][PASSED] - Object: 'Object Repository/Final Object Repo/New Registration - Registration Module Pages/Form 2/EmploymentStartDate Pop Up' is clicked on

2018-12-12 13:13:17 - [TEST_STEP][PASSED] - delay: Delayed 2 second(s)

2018-12-12 13:13:19 - [MESSAGE][PASSED] - Delayed 2 second(s)

2018-12-12 13:13:19 - [TEST_STEP][PASSED] - click: Object: 'Object Repository/Final Object Repo/New Registration - Registration Module Pages/Form 2/Socso Employment StartDate Month' is clicked on

2018-12-12 13:13:19 - [MESSAGE][PASSED] - Object: 'Object Repository/Final Object Repo/New Registration - Registration Module Pages/Form 2/Socso Employment StartDate Month' is clicked on

2018-12-12 13:13:19 - [TEST_STEP][PASSED] - delay: Delayed 1 second(s)

2018-12-12 13:13:20 - [MESSAGE][PASSED] - Delayed 1 second(s)

2018-12-12 13:13:20 - [TEST_STEP][PASSED] - click: Object: 'Object Repository/Final Object Repo/New Registration - Registration Module Pages/Form 2/Select Socso Employement Startdate Month' is clicked on

2018-12-12 13:13:20 - [MESSAGE][PASSED] - Object: 'Object Repository/Final Object Repo/New Registration - Registration Module Pages/Form 2/Select Socso Employement Startdate Month' is clicked on

2018-12-12 13:13:20 - [TEST_STEP][PASSED] - delay: Delayed 2 second(s)

2018-12-12 13:13:22 - [MESSAGE][PASSED] - Delayed 2 second(s)

2018-12-12 13:13:22 - [TEST_STEP][PASSED] - click: Object: 'Object Repository/Final Object Repo/New Registration - Registration Module Pages/Form 2/Socso Employment StartDate Year' is clicked on

2018-12-12 13:13:23 - [MESSAGE][PASSED] - Object: 'Object Repository/Final Object Repo/New Registration - Registration Module Pages/Form 2/Socso Employment StartDate Year' is clicked on

2018-12-12 13:13:23 - [TEST_STEP][PASSED] - delay: Delayed 1 second(s)

2018-12-12 13:13:24 - [MESSAGE][PASSED] - Delayed 1 second(s)

2018-12-12 13:13:24 - [TEST_STEP][PASSED] - click: Object: 'Object Repository/Final Object Repo/New Registration - Registration Module Pages/Form 2/Select Socso Employment Startdate Year' is clicked on

2018-12-12 13:13:24 - [MESSAGE][PASSED] - Object: 'Object Repository/Final Object Repo/New Registration - Registration Module Pages/Form 2/Select Socso Employment Startdate Year' is clicked on

2018-12-12 13:13:24 - [TEST_STEP][PASSED] - delay: Delayed 2 second(s)

2018-12-12 13:13:26 - [MESSAGE][PASSED] - Delayed 2 second(s)

2018-12-12 13:13:26 - [TEST_STEP][PASSED] - click: Object: 'Object Repository/Final Object Repo/New Registration - Registration Module Pages/Form 2/Socso Employment Start Date Day' is clicked on

2018-12-12 13:13:26 - [MESSAGE][PASSED] - Object: 'Object Repository/Final Object Repo/New Registration - Registration Module Pages/Form 2/Socso Employment Start Date Day' is clicked on

2018-12-12 13:13:26 - [TEST_STEP][PASSED] - delay: Delayed 2 second(s)

2018-12-12 13:13:28 - [MESSAGE][PASSED] - Delayed 2 second(s)

2018-12-12 13:13:28 - [TEST_STEP][PASSED] - click: Object: 'Object Repository/Final Object Repo/New Registration - Registration Module Pages/Form 2/Save Button for Add Employee' is clicked on

2018-12-12 13:13:28 - [MESSAGE][PASSED] - Object: 'Object Repository/Final Object Repo/New Registration - Registration Module Pages/Form 2/Save Button for Add Employee' is clicked on

2018-12-12 13:13:28 - [TEST_STEP][PASSED] - delay: Delayed 6 second(s)

2018-12-12 13:13:34 - [MESSAGE][PASSED] - Delayed 6 second(s)

2018-12-12 13:13:34 - [TEST_STEP][PASSED] - click: Object: 'Object Repository/Final Object Repo/New Registration - Registration Module Pages/Form 2/Save and Continue Form 2' is clicked on

2018-12-12 13:13:34 - [MESSAGE][PASSED] - Object: 'Object Repository/Final Object Repo/New Registration - Registration Module Pages/Form 2/Save and Continue Form 2' is clicked on

2018-12-12 13:13:34 - [MESSAGE][PASSED] - Call Test Case 'Test Cases/Final Aug 2018 - PKS Automation/Registration Module/New Registration/Form 2/Add 1 Eligible' successfully

2018-12-12 13:13:34 - [TEST_STEP][PASSED] - callTestCase: Call Test Case 'Test Cases/Final Aug 2018 - PKS Automation/Registration Module/New Registration/Flow of New Registration/Third Screen - Upload Supporting Doc - Preview' successfully

2018-12-12 13:13:34 - [TEST_CASE][PASSED] - Test Cases/Final Aug 2018 - PKS Automation/Registration Module/New Registration/Flow of New Registration/Third Screen - Upload Supporting Doc - Preview: Test Cases/Final Aug 2018 - PKS Automation/Registration Module/New Registration/Flow of New Registration/Third Screen - Upload Supporting Doc - Preview

2018-12-12 13:13:35 - [TEST_STEP][PASSED] - waitForPageLoad: Wait for page load successfully

2018-12-12 13:13:35 - [MESSAGE][PASSED] - Wait for page load successfully

2018-12-12 13:13:35 - [TEST_STEP][PASSED] - Statement - CaseReferenceNo = com.kms.katalon.core.webui.keyword.WebUiBuiltInKeywords.getText(com.kms.katalon.core.testobject.ObjectRepository.findTestObject(Final Object Repo/New Registration - Registration Module Pages/Third Screen - Upload Supporting Doc- Preview/RefNo Acquiring)): Text of object 'Object Repository/Final Object Repo/New Registration - Registration Module Pages/Third Screen - Upload Supporting Doc- Preview/RefNo Acquiring' is: 'CRN12201800123196'

2018-12-12 13:13:35 - [MESSAGE][PASSED] - Text of object 'Object Repository/Final Object Repo/New Registration - Registration Module Pages/Third Screen - Upload Supporting Doc- Preview/RefNo Acquiring' is: 'CRN12201800123196'

2018-12-12 13:13:35 - [TEST_STEP][PASSED] - delay: Delayed 2 second(s)

2018-12-12 13:13:37 - [MESSAGE][PASSED] - Delayed 2 second(s)

2018-12-12 13:13:37 - [TEST_STEP][PASSED] - callTestCase: Call Test Case 'Test Cases/Final Aug 2018 - PKS Automation/Common/Reference Number Setter' successfully

2018-12-12 13:13:37 - [TEST_CASE][PASSED] - Test Cases/Final Aug 2018 - PKS Automation/Common/Reference Number Setter: Test Cases/Final Aug 2018 - PKS Automation/Common/Reference Number Setter

2018-12-12 13:13:38 - [TEST_STEP][PASSED] - Statement - RefNoOldFile = new java.io.File(C://Users//Admin//Desktop//PKS//Automation Reference Point//KatalonReference.txt): null

2018-12-12 13:13:38 - [TEST_STEP][PASSED] - Statement - RefNoOldFile.delete(): null

2018-12-12 13:13:38 - [TEST_STEP][PASSED] - delay: Delayed 5 second(s)

2018-12-12 13:13:43 - [MESSAGE][PASSED] - Delayed 5 second(s)

2018-12-12 13:13:43 - [TEST_STEP][PASSED] - Statement - RefNo = new java.io.File(C://Users//Admin//Desktop//PKS//Automation Reference Point//KatalonReference.txt): null

2018-12-12 13:13:43 - [TEST_STEP][PASSED] - Statement - f2 = new java.io.FileWriter(RefNo, false): null

2018-12-12 13:13:43 - [TEST_STEP][PASSED] - Statement - f2.write(CaseReferenceNo): null

2018-12-12 13:13:43 - [TEST_STEP][PASSED] - Statement - f2.close(): null

2018-12-12 13:13:43 - [TEST_STEP][PASSED] - Statement - out.println("


" + CaseReferenceNo + "


"): null

2018-12-12 13:13:43 - [MESSAGE][PASSED] - Call Test Case 'Test Cases/Final Aug 2018 - PKS Automation/Common/Reference Number Setter' successfully

2018-12-12 13:13:43 - [TEST_STEP][PASSED] - waitForElementClickable: Object 'Object Repository/Final Object Repo/New Registration - Registration Module Pages/Third Screen - Upload Supporting Doc- Preview/Save n Continue in SIP Employee Listing Page' is clickable

2018-12-12 13:13:43 - [MESSAGE][PASSED] - Object 'Object Repository/Final Object Repo/New Registration - Registration Module Pages/Third Screen - Upload Supporting Doc- Preview/Save n Continue in SIP Employee Listing Page' is clickable

2018-12-12 13:13:43 - [TEST_STEP][PASSED] - click: Object: 'Object Repository/Final Object Repo/New Registration - Registration Module Pages/Third Screen - Upload Supporting Doc- Preview/Save n Continue in SIP Employee Listing Page' is clicked on

2018-12-12 13:13:48 - [MESSAGE][PASSED] - Object: 'Object Repository/Final Object Repo/New Registration - Registration Module Pages/Third Screen - Upload Supporting Doc- Preview/Save n Continue in SIP Employee Listing Page' is clicked on

2018-12-12 13:13:48 - [TEST_STEP][PASSED] - delay: Delayed 7 second(s)

2018-12-12 13:13:55 - [MESSAGE][PASSED] - Delayed 7 second(s)

2018-12-12 13:13:55 - [TEST_STEP][PASSED] - click: Object: 'Object Repository/Final Object Repo/New Registration - Registration Module Pages/Third Screen - Upload Supporting Doc- Preview/Add Document Button' is clicked on

2018-12-12 13:13:56 - [MESSAGE][PASSED] - Object: 'Object Repository/Final Object Repo/New Registration - Registration Module Pages/Third Screen - Upload Supporting Doc- Preview/Add Document Button' is clicked on

2018-12-12 13:13:56 - [TEST_STEP][PASSED] - delay: Delayed 30 second(s)

2018-12-12 13:14:26 - [MESSAGE][PASSED] - Delayed 30 second(s)

2018-12-12 13:14:26 - [TEST_STEP][PASSED] - click: Object: 'Object Repository/Final Object Repo/New Registration - Registration Module Pages/Third Screen - Upload Supporting Doc- Preview/Supporting Doc Please Select Drop Down' is clicked on

2018-12-12 13:14:26 - [MESSAGE][PASSED] - Object: 'Object Repository/Final Object Repo/New Registration - Registration Module Pages/Third Screen - Upload Supporting Doc- Preview/Supporting Doc Please Select Drop Down' is clicked on

2018-12-12 13:14:26 - [TEST_STEP][PASSED] - delay: Delayed 2 second(s)

2018-12-12 13:14:28 - [MESSAGE][PASSED] - Delayed 2 second(s)

2018-12-12 13:14:28 - [TEST_STEP][PASSED] - click: Object: 'Object Repository/Final Object Repo/New Registration - Registration Module Pages/Third Screen - Upload Supporting Doc- Preview/Select to Upload Form 1' is clicked on

2018-12-12 13:14:28 - [MESSAGE][PASSED] - Object: 'Object Repository/Final Object Repo/New Registration - Registration Module Pages/Third Screen - Upload Supporting Doc- Preview/Select to Upload Form 1' is clicked on

2018-12-12 13:14:28 - [TEST_STEP][PASSED] - delay: Delayed 2 second(s)

2018-12-12 13:14:30 - [MESSAGE][PASSED] - Delayed 2 second(s)

2018-12-12 13:14:30 - [TEST_STEP][PASSED] - uploadFile: File 'C:\Users\Public\Pictures\Sample Pictures\Koala.jpg' sent to object: 'Object Repository/Final Object Repo/New Registration - Registration Module Pages/Third Screen - Upload Supporting Doc- Preview/Upload File Adding'

2018-12-12 13:14:30 - [MESSAGE][PASSED] - File 'C:\Users\Public\Pictures\Sample Pictures\Koala.jpg' sent to object: 'Object Repository/Final Object Repo/New Registration - Registration Module Pages/Third Screen - Upload Supporting Doc- Preview/Upload File Adding'

2018-12-12 13:14:30 - [TEST_STEP][PASSED] - delay: Delayed 5 second(s)

2018-12-12 13:14:35 - [MESSAGE][PASSED] - Delayed 5 second(s)

2018-12-12 13:14:35 - [TEST_STEP][PASSED] - click: Object: 'Object Repository/Final Object Repo/New Registration - Registration Module Pages/Third Screen - Upload Supporting Doc- Preview/Inner Form Add Document Button' is clicked on

2018-12-12 13:14:35 - [MESSAGE][PASSED] - Object: 'Object Repository/Final Object Repo/New Registration - Registration Module Pages/Third Screen - Upload Supporting Doc- Preview/Inner Form Add Document Button' is clicked on

2018-12-12 13:14:35 - [TEST_STEP][PASSED] - delay: Delayed 3 second(s)

2018-12-12 13:14:38 - [MESSAGE][PASSED] - Delayed 3 second(s)

2018-12-12 13:14:38 - [TEST_STEP][PASSED] - click: Object: 'Object Repository/Final Object Repo/New Registration - Registration Module Pages/Third Screen - Upload Supporting Doc- Preview/Add Document Button' is clicked on

2018-12-12 13:14:40 - [MESSAGE][PASSED] - Object: 'Object Repository/Final Object Repo/New Registration - Registration Module Pages/Third Screen - Upload Supporting Doc- Preview/Add Document Button' is clicked on

2018-12-12 13:14:40 - [TEST_STEP][PASSED] - delay: Delayed 30 second(s)

2018-12-12 13:15:10 - [MESSAGE][PASSED] - Delayed 30 second(s)

2018-12-12 13:15:10 - [TEST_STEP][PASSED] - click: Object: 'Object Repository/Final Object Repo/New Registration - Registration Module Pages/Third Screen - Upload Supporting Doc- Preview/Supporting Doc Please Select Drop Down' is clicked on

2018-12-12 13:15:10 - [MESSAGE][PASSED] - Object: 'Object Repository/Final Object Repo/New Registration - Registration Module Pages/Third Screen - Upload Supporting Doc- Preview/Supporting Doc Please Select Drop Down' is clicked on

2018-12-12 13:15:10 - [TEST_STEP][PASSED] - delay: Delayed 4 second(s)

2018-12-12 13:15:14 - [MESSAGE][PASSED] - Delayed 4 second(s)

2018-12-12 13:15:14 - [TEST_STEP][PASSED] - click: Object: 'Object Repository/Final Object Repo/New Registration - Registration Module Pages/Third Screen - Upload Supporting Doc- Preview/Select to Upload Form 2' is clicked on

2018-12-12 13:15:14 - [MESSAGE][PASSED] - Object: 'Object Repository/Final Object Repo/New Registration - Registration Module Pages/Third Screen - Upload Supporting Doc- Preview/Select to Upload Form 2' is clicked on

2018-12-12 13:15:14 - [TEST_STEP][PASSED] - delay: Delayed 2 second(s)

2018-12-12 13:15:16 - [MESSAGE][PASSED] - Delayed 2 second(s)

2018-12-12 13:15:16 - [TEST_STEP][PASSED] - uploadFile: File 'C:\Users\Public\Pictures\Sample Pictures\Koala.jpg' sent to object: 'Object Repository/Final Object Repo/New Registration - Registration Module Pages/Third Screen - Upload Supporting Doc- Preview/Upload File Adding'

2018-12-12 13:15:16 - [MESSAGE][PASSED] - File 'C:\Users\Public\Pictures\Sample Pictures\Koala.jpg' sent to object: 'Object Repository/Final Object Repo/New Registration - Registration Module Pages/Third Screen - Upload Supporting Doc- Preview/Upload File Adding'

2018-12-12 13:15:16 - [TEST_STEP][PASSED] - click: Object: 'Object Repository/Final Object Repo/New Registration - Registration Module Pages/Third Screen - Upload Supporting Doc- Preview/Inner Form Add Document Button' is clicked on

2018-12-12 13:15:16 - [MESSAGE][PASSED] - Object: 'Object Repository/Final Object Repo/New Registration - Registration Module Pages/Third Screen - Upload Supporting Doc- Preview/Inner Form Add Document Button' is clicked on

2018-12-12 13:15:16 - [TEST_STEP][PASSED] - delay: Delayed 5 second(s)

2018-12-12 13:15:21 - [MESSAGE][PASSED] - Delayed 5 second(s)

2018-12-12 13:15:21 - [TEST_STEP][PASSED] - click: Object: 'Object Repository/Final Object Repo/New Registration - Registration Module Pages/Third Screen - Upload Supporting Doc- Preview/Add Document Button' is clicked on

2018-12-12 13:15:22 - [MESSAGE][PASSED] - Object: 'Object Repository/Final Object Repo/New Registration - Registration Module Pages/Third Screen - Upload Supporting Doc- Preview/Add Document Button' is clicked on

2018-12-12 13:15:22 - [TEST_STEP][PASSED] - delay: Delayed 30 second(s)

2018-12-12 13:15:52 - [MESSAGE][PASSED] - Delayed 30 second(s)

2018-12-12 13:15:52 - [TEST_STEP][PASSED] - click: Object: 'Object Repository/Final Object Repo/New Registration - Registration Module Pages/Third Screen - Upload Supporting Doc- Preview/Supporting Doc Please Select Drop Down' is clicked on

2018-12-12 13:15:52 - [MESSAGE][PASSED] - Object: 'Object Repository/Final Object Repo/New Registration - Registration Module Pages/Third Screen - Upload Supporting Doc- Preview/Supporting Doc Please Select Drop Down' is clicked on

2018-12-12 13:15:52 - [TEST_STEP][PASSED] - click: Object: 'Object Repository/Final Object Repo/New Registration - Registration Module Pages/Third Screen - Upload Supporting Doc- Preview/Select to Upload Borang SIP 1' is clicked on

2018-12-12 13:15:52 - [MESSAGE][PASSED] - Object: 'Object Repository/Final Object Repo/New Registration - Registration Module Pages/Third Screen - Upload Supporting Doc- Preview/Select to Upload Borang SIP 1' is clicked on

2018-12-12 13:15:52 - [TEST_STEP][PASSED] - delay: Delayed 2 second(s)

2018-12-12 13:15:54 - [MESSAGE][PASSED] - Delayed 2 second(s)

2018-12-12 13:15:54 - [TEST_STEP][PASSED] - uploadFile: File 'C:\Users\Public\Pictures\Sample Pictures\Koala.jpg' sent to object: 'Object Repository/Final Object Repo/New Registration - Registration Module Pages/Third Screen - Upload Supporting Doc- Preview/Upload File Adding'

2018-12-12 13:15:54 - [MESSAGE][PASSED] - File 'C:\Users\Public\Pictures\Sample Pictures\Koala.jpg' sent to object: 'Object Repository/Final Object Repo/New Registration - Registration Module Pages/Third Screen - Upload Supporting Doc- Preview/Upload File Adding'

2018-12-12 13:15:54 - [TEST_STEP][PASSED] - click: Object: 'Object Repository/Final Object Repo/New Registration - Registration Module Pages/Third Screen - Upload Supporting Doc- Preview/Inner Form Add Document Button' is clicked on

2018-12-12 13:15:54 - [MESSAGE][PASSED] - Object: 'Object Repository/Final Object Repo/New Registration - Registration Module Pages/Third Screen - Upload Supporting Doc- Preview/Inner Form Add Document Button' is clicked on

2018-12-12 13:15:54 - [TEST_STEP][PASSED] - delay: Delayed 5 second(s)

2018-12-12 13:15:59 - [MESSAGE][PASSED] - Delayed 5 second(s)

2018-12-12 13:15:59 - [TEST_STEP][PASSED] - click: Object: 'Object Repository/Final Object Repo/New Registration - Registration Module Pages/Third Screen - Upload Supporting Doc- Preview/Add Document Button' is clicked on

2018-12-12 13:15:59 - [MESSAGE][PASSED] - Object: 'Object Repository/Final Object Repo/New Registration - Registration Module Pages/Third Screen - Upload Supporting Doc- Preview/Add Document Button' is clicked on

2018-12-12 13:15:59 - [TEST_STEP][PASSED] - delay: Delayed 30 second(s)

2018-12-12 13:16:29 - [MESSAGE][PASSED] - Delayed 30 second(s)

2018-12-12 13:16:29 - [TEST_STEP][PASSED] - click: Object: 'Object Repository/Final Object Repo/New Registration - Registration Module Pages/Third Screen - Upload Supporting Doc- Preview/Supporting Doc Please Select Drop Down' is clicked on

2018-12-12 13:16:30 - [MESSAGE][PASSED] - Object: 'Object Repository/Final Object Repo/New Registration - Registration Module Pages/Third Screen - Upload Supporting Doc- Preview/Supporting Doc Please Select Drop Down' is clicked on

2018-12-12 13:16:30 - [TEST_STEP][PASSED] - delay: Delayed 3 second(s)

2018-12-12 13:16:33 - [MESSAGE][PASSED] - Delayed 3 second(s)

2018-12-12 13:16:33 - [TEST_STEP][PASSED] - click: Object: 'Object Repository/Final Object Repo/New Registration - Registration Module Pages/Third Screen - Upload Supporting Doc- Preview/Select to Upload Borang SIP 2' is clicked on

2018-12-12 13:16:33 - [MESSAGE][PASSED] - Object: 'Object Repository/Final Object Repo/New Registration - Registration Module Pages/Third Screen - Upload Supporting Doc- Preview/Select to Upload Borang SIP 2' is clicked on

2018-12-12 13:16:33 - [TEST_STEP][PASSED] - delay: Delayed 2 second(s)

2018-12-12 13:16:35 - [MESSAGE][PASSED] - Delayed 2 second(s)

2018-12-12 13:16:35 - [TEST_STEP][PASSED] - uploadFile: File 'C:\Users\Public\Pictures\Sample Pictures\Koala.jpg' sent to object: 'Object Repository/Final Object Repo/New Registration - Registration Module Pages/Third Screen - Upload Supporting Doc- Preview/Upload File Adding'

2018-12-12 13:16:35 - [MESSAGE][PASSED] - File 'C:\Users\Public\Pictures\Sample Pictures\Koala.jpg' sent to object: 'Object Repository/Final Object Repo/New Registration - Registration Module Pages/Third Screen - Upload Supporting Doc- Preview/Upload File Adding'

2018-12-12 13:16:35 - [TEST_STEP][PASSED] - delay: Delayed 5 second(s)

2018-12-12 13:16:40 - [MESSAGE][PASSED] - Delayed 5 second(s)

2018-12-12 13:16:40 - [TEST_STEP][PASSED] - click: Object: 'Object Repository/Final Object Repo/New Registration - Registration Module Pages/Third Screen - Upload Supporting Doc- Preview/Inner Form Add Document Button' is clicked on

2018-12-12 13:16:40 - [MESSAGE][PASSED] - Object: 'Object Repository/Final Object Repo/New Registration - Registration Module Pages/Third Screen - Upload Supporting Doc- Preview/Inner Form Add Document Button' is clicked on

2018-12-12 13:16:40 - [TEST_STEP][PASSED] - delay: Delayed 3 second(s)

2018-12-12 13:16:43 - [MESSAGE][PASSED] - Delayed 3 second(s)

2018-12-12 13:16:43 - [TEST_STEP][PASSED] - waitForElementClickable: Object 'Object Repository/Final Object Repo/New Registration - Registration Module Pages/Third Screen - Upload Supporting Doc- Preview/Save n Continue in Uploading Supporting Doc Page' is clickable

2018-12-12 13:16:44 - [MESSAGE][PASSED] - Object 'Object Repository/Final Object Repo/New Registration - Registration Module Pages/Third Screen - Upload Supporting Doc- Preview/Save n Continue in Uploading Supporting Doc Page' is clickable

2018-12-12 13:16:44 - [TEST_STEP][PASSED] - click: Object: 'Object Repository/Final Object Repo/New Registration - Registration Module Pages/Third Screen - Upload Supporting Doc- Preview/Save n Continue in Uploading Supporting Doc Page' is clicked on

2018-12-12 13:16:45 - [MESSAGE][PASSED] - Object: 'Object Repository/Final Object Repo/New Registration - Registration Module Pages/Third Screen - Upload Supporting Doc- Preview/Save n Continue in Uploading Supporting Doc Page' is clicked on

2018-12-12 13:16:45 - [MESSAGE][PASSED] - Call Test Case 'Test Cases/Final Aug 2018 - PKS Automation/Registration Module/New Registration/Flow of New Registration/Third Screen - Upload Supporting Doc - Preview' successfully

2018-12-12 13:16:45 - [TEST_STEP][PASSED] - callTestCase: Call Test Case 'Test Cases/Final Aug 2018 - PKS Automation/Registration Module/New Registration/Submit and Screenshot/Submit Registration and Screenshot' successfully

2018-12-12 13:16:45 - [TEST_CASE][PASSED] - Test Cases/Final Aug 2018 - PKS Automation/Registration Module/New Registration/Submit and Screenshot/Submit Registration and Screenshot: Test Cases/Final Aug 2018 - PKS Automation/Registration Module/New Registration/Submit and Screenshot/Submit Registration and Screenshot

2018-12-12 13:16:45 - [TEST_STEP][PASSED] - delay: Delayed 6 second(s)

2018-12-12 13:16:51 - [MESSAGE][PASSED] - Delayed 6 second(s)

2018-12-12 13:16:51 - [TEST_STEP][PASSED] - click: Object: 'Object Repository/Final Object Repo/New Registration - Registration Module Pages/Third Screen - Upload Supporting Doc- Preview/Preview Submit Button' is clicked on

2018-12-12 13:16:51 - [MESSAGE][PASSED] - Object: 'Object Repository/Final Object Repo/New Registration - Registration Module Pages/Third Screen - Upload Supporting Doc- Preview/Preview Submit Button' is clicked on

2018-12-12 13:16:51 - [TEST_STEP][PASSED] - delay: Delayed 2 second(s)

2018-12-12 13:16:53 - [MESSAGE][PASSED] - Delayed 2 second(s)

2018-12-12 13:16:53 - [TEST_STEP][PASSED] - click: Object: 'Object Repository/Final Object Repo/New Registration - Registration Module Pages/Third Screen - Upload Supporting Doc- Preview/Preview Submit - Confirm' is clicked on

2018-12-12 13:16:53 - [MESSAGE][PASSED] - Object: 'Object Repository/Final Object Repo/New Registration - Registration Module Pages/Third Screen - Upload Supporting Doc- Preview/Preview Submit - Confirm' is clicked on

2018-12-12 13:16:53 - [TEST_STEP][PASSED] - delay: Delayed 15 second(s)

2018-12-12 13:17:08 - [MESSAGE][PASSED] - Delayed 15 second(s)

2018-12-12 13:17:08 - [TEST_STEP][PASSED] - Statement - driver = com.kms.katalon.core.webui.driver.DriverFactory.getWebDriver(): null

2018-12-12 13:17:08 - [TEST_STEP][PASSED] - Statement - driver.manage().timeouts().implicitlyWait(10, SECONDS): null

2018-12-12 13:17:08 - [TEST_STEP][PASSED] - Statement - PresavePath = KatalonScreenshots: null

2018-12-12 13:17:08 - [TEST_STEP][PASSED] - Statement - pathPrefix = "C:\Users\Public\Pictures\Sample Pictures\Katalon Screenshots\Automate Ending Screen": null

2018-12-12 13:17:08 - [TEST_STEP][PASSED] - Statement - finalPath = <not implemented yet for class: org.codehaus.groovy.ast.expr.EmptyExpression>: null

2018-12-12 13:17:08 - [TEST_STEP][PASSED] - Statement - scrFile = driver.getScreenshotAs(FILE): null

2018-12-12 13:17:09 - [TEST_STEP][PASSED] - Statement - PreSaveFile = new java.io.File(PresavePath): null

2018-12-12 13:17:09 - [TEST_STEP][PASSED] - Statement - counter = 0: null

2018-12-12 13:17:09 - [TEST_STEP][PASSED] - Statement - If (PreSaveFile.exists()): null

2018-12-12 13:17:09 - [TEST_STEP][PASSED] - Statement - While (PreSaveFile.exists()): null

2018-12-12 13:17:09 - [TEST_STEP][PASSED] - Statement - counter = counter + 1: null

2018-12-12 13:17:09 - [TEST_STEP][PASSED] - Statement - PreSaveFile = new java.io.File(((pathPrefix + java.lang.Integer.toString(counter)) + .png)): null

2018-12-12 13:17:09 - [TEST_STEP][PASSED] - Statement - counter = counter + 1: null

2018-12-12 13:17:09 - [TEST_STEP][PASSED] - Statement - PreSaveFile = new java.io.File(((pathPrefix + java.lang.Integer.toString(counter)) + .png)): null

2018-12-12 13:17:09 - [TEST_STEP][PASSED] - Statement - counter = counter + 1: null

2018-12-12 13:17:09 - [TEST_STEP][PASSED] - Statement - PreSaveFile = new java.io.File(((pathPrefix + java.lang.Integer.toString(counter)) + .png)): null

2018-12-12 13:17:09 - [TEST_STEP][PASSED] - Statement - counter = counter + 1: null

2018-12-12 13:17:09 - [TEST_STEP][PASSED] - Statement - PreSaveFile = new java.io.File(((pathPrefix + java.lang.Integer.toString(counter)) + .png)): null

2018-12-12 13:17:09 - [TEST_STEP][PASSED] - Statement - counter = counter + 1: null

2018-12-12 13:17:09 - [TEST_STEP][PASSED] - Statement - PreSaveFile = new java.io.File(((pathPrefix + java.lang.Integer.toString(counter)) + .png)): null

2018-12-12 13:17:09 - [TEST_STEP][PASSED] - Statement - counter = counter + 1: null

2018-12-12 13:17:09 - [TEST_STEP][PASSED] - Statement - PreSaveFile = new java.io.File(((pathPrefix + java.lang.Integer.toString(counter)) + .png)): null

2018-12-12 13:17:09 - [TEST_STEP][PASSED] - Statement - counter = counter + 1: null

2018-12-12 13:17:09 - [TEST_STEP][PASSED] - Statement - PreSaveFile = new java.io.File(((pathPrefix + java.lang.Integer.toString(counter)) + .png)): null

2018-12-12 13:17:09 - [TEST_STEP][PASSED] - Statement - counter = counter + 1: null

2018-12-12 13:17:09 - [TEST_STEP][PASSED] - Statement - PreSaveFile = new java.io.File(((pathPrefix + java.lang.Integer.toString(counter)) + .png)): null

2018-12-12 13:17:09 - [TEST_STEP][PASSED] - Statement - counter = counter + 1: null

2018-12-12 13:17:09 - [TEST_STEP][PASSED] - Statement - PreSaveFile = new java.io.File(((pathPrefix + java.lang.Integer.toString(counter)) + .png)): null

2018-12-12 13:17:09 - [TEST_STEP][PASSED] - Statement - counter = counter + 1: null

2018-12-12 13:17:09 - [TEST_STEP][PASSED] - Statement - PreSaveFile = new java.io.File(((pathPrefix + java.lang.Integer.toString(counter)) + .png)): null

2018-12-12 13:17:09 - [TEST_STEP][PASSED] - Statement - counter = counter + 1: null

2018-12-12 13:17:09 - [TEST_STEP][PASSED] - Statement - PreSaveFile = new java.io.File(((pathPrefix + java.lang.Integer.toString(counter)) + .png)): null

2018-12-12 13:17:09 - [TEST_STEP][PASSED] - Statement - counter = counter + 1: null

2018-12-12 13:17:09 - [TEST_STEP][PASSED] - Statement - PreSaveFile = new java.io.File(((pathPrefix + java.lang.Integer.toString(counter)) + .png)): null

2018-12-12 13:17:09 - [TEST_STEP][PASSED] - Statement - counter = counter + 1: null

2018-12-12 13:17:09 - [TEST_STEP][PASSED] - Statement - PreSaveFile = new java.io.File(((pathPrefix + java.lang.Integer.toString(counter)) + .png)): null

2018-12-12 13:17:09 - [TEST_STEP][PASSED] - Statement - counter = counter + 1: null

2018-12-12 13:17:09 - [TEST_STEP][PASSED] - Statement - PreSaveFile = new java.io.File(((pathPrefix + java.lang.Integer.toString(counter)) + .png)): null

2018-12-12 13:17:09 - [TEST_STEP][PASSED] - Statement - counter = counter + 1: null

2018-12-12 13:17:09 - [TEST_STEP][PASSED] - Statement - PreSaveFile = new java.io.File(((pathPrefix + java.lang.Integer.toString(counter)) + .png)): null

2018-12-12 13:17:09 - [TEST_STEP][PASSED] - Statement - counter = counter + 1: null

2018-12-12 13:17:09 - [TEST_STEP][PASSED] - Statement - PreSaveFile = new java.io.File(((pathPrefix + java.lang.Integer.toString(counter)) + .png)): null

2018-12-12 13:17:09 - [TEST_STEP][PASSED] - Statement - counter = counter + 1: null

2018-12-12 13:17:09 - [TEST_STEP][PASSED] - Statement - PreSaveFile = new java.io.File(((pathPrefix + java.lang.Integer.toString(counter)) + .png)): null

2018-12-12 13:17:09 - [TEST_STEP][PASSED] - Statement - counter = counter + 1: null

2018-12-12 13:17:09 - [TEST_STEP][PASSED] - Statement - PreSaveFile = new java.io.File(((pathPrefix + java.lang.Integer.toString(counter)) + .png)): null

2018-12-12 13:17:09 - [TEST_STEP][PASSED] - Statement - counter = counter + 1: null

2018-12-12 13:17:09 - [TEST_STEP][PASSED] - Statement - PreSaveFile = new java.io.File(((pathPrefix + java.lang.Integer.toString(counter)) + .png)): null

2018-12-12 13:17:09 - [TEST_STEP][PASSED] - Statement - counter = counter + 1: null

2018-12-12 13:17:09 - [TEST_STEP][PASSED] - Statement - PreSaveFile = new java.io.File(((pathPrefix + java.lang.Integer.toString(counter)) + .png)): null

2018-12-12 13:17:09 - [TEST_STEP][PASSED] - Statement - counter = counter + 1: null

2018-12-12 13:17:09 - [TEST_STEP][PASSED] - Statement - PreSaveFile = new java.io.File(((pathPrefix + java.lang.Integer.toString(counter)) + .png)): null

2018-12-12 13:17:09 - [TEST_STEP][PASSED] - Statement - counter = counter + 1: null

2018-12-12 13:17:09 - [TEST_STEP][PASSED] - Statement - PreSaveFile = new java.io.File(((pathPrefix + java.lang.Integer.toString(counter)) + .png)): null

2018-12-12 13:17:09 - [TEST_STEP][PASSED] - Statement - counter = counter + 1: null

2018-12-12 13:17:09 - [TEST_STEP][PASSED] - Statement - PreSaveFile = new java.io.File(((pathPrefix + java.lang.Integer.toString(counter)) + .png)): null

2018-12-12 13:17:09 - [TEST_STEP][PASSED] - Statement - counter = counter + 1: null

2018-12-12 13:17:09 - [TEST_STEP][PASSED] - Statement - PreSaveFile = new java.io.File(((pathPrefix + java.lang.Integer.toString(counter)) + .png)): null

2018-12-12 13:17:09 - [TEST_STEP][PASSED] - Statement - counter = counter + 1: null

2018-12-12 13:17:09 - [TEST_STEP][PASSED] - Statement - PreSaveFile = new java.io.File(((pathPrefix + java.lang.Integer.toString(counter)) + .png)): null

2018-12-12 13:17:09 - [TEST_STEP][PASSED] - Statement - counter = counter + 1: null

2018-12-12 13:17:09 - [TEST_STEP][PASSED] - Statement - PreSaveFile = new java.io.File(((pathPrefix + java.lang.Integer.toString(counter)) + .png)): null

2018-12-12 13:17:09 - [TEST_STEP][PASSED] - Statement - counter = counter + 1: null

2018-12-12 13:17:09 - [TEST_STEP][PASSED] - Statement - PreSaveFile = new java.io.File(((pathPrefix + java.lang.Integer.toString(counter)) + .png)): null

2018-12-12 13:17:09 - [TEST_STEP][PASSED] - Statement - counter = counter + 1: null

2018-12-12 13:17:09 - [TEST_STEP][PASSED] - Statement - PreSaveFile = new java.io.File(((pathPrefix + java.lang.Integer.toString(counter)) + .png)): null

2018-12-12 13:17:09 - [TEST_STEP][PASSED] - Statement - counter = counter + 1: null

2018-12-12 13:17:09 - [TEST_STEP][PASSED] - Statement - PreSaveFile = new java.io.File(((pathPrefix + java.lang.Integer.toString(counter)) + .png)): null

2018-12-12 13:17:09 - [TEST_STEP][PASSED] - Statement - counter = counter + 1: null

2018-12-12 13:17:09 - [TEST_STEP][PASSED] - Statement - PreSaveFile = new java.io.File(((pathPrefix + java.lang.Integer.toString(counter)) + .png)): null

2018-12-12 13:17:09 - [TEST_STEP][PASSED] - Statement - counter = counter + 1: null

2018-12-12 13:17:09 - [TEST_STEP][PASSED] - Statement - PreSaveFile = new java.io.File(((pathPrefix + java.lang.Integer.toString(counter)) + .png)): null

2018-12-12 13:17:09 - [TEST_STEP][PASSED] - Statement - counter = counter + 1: null

2018-12-12 13:17:09 - [TEST_STEP][PASSED] - Statement - PreSaveFile = new java.io.File(((pathPrefix + java.lang.Integer.toString(counter)) + .png)): null

2018-12-12 13:17:09 - [TEST_STEP][PASSED] - Statement - counter = counter + 1: null

2018-12-12 13:17:09 - [TEST_STEP][PASSED] - Statement - PreSaveFile = new java.io.File(((pathPrefix + java.lang.Integer.toString(counter)) + .png)): null

2018-12-12 13:17:09 - [TEST_STEP][PASSED] - Statement - counter = counter + 1: null

2018-12-12 13:17:09 - [TEST_STEP][PASSED] - Statement - PreSaveFile = new java.io.File(((pathPrefix + java.lang.Integer.toString(counter)) + .png)): null

2018-12-12 13:17:09 - [TEST_STEP][PASSED] - Statement - counter = counter + 1: null

2018-12-12 13:17:09 - [TEST_STEP][PASSED] - Statement - PreSaveFile = new java.io.File(((pathPrefix + java.lang.Integer.toString(counter)) + .png)): null

2018-12-12 13:17:09 - [TEST_STEP][PASSED] - Statement - counter = counter + 1: null

2018-12-12 13:17:09 - [TEST_STEP][PASSED] - Statement - PreSaveFile = new java.io.File(((pathPrefix + java.lang.Integer.toString(counter)) + .png)): null

2018-12-12 13:17:09 - [TEST_STEP][PASSED] - Statement - counter = counter + 1: null

2018-12-12 13:17:09 - [TEST_STEP][PASSED] - Statement - PreSaveFile = new java.io.File(((pathPrefix + java.lang.Integer.toString(counter)) + .png)): null

2018-12-12 13:17:09 - [TEST_STEP][PASSED] - Statement - counter = counter + 1: null

2018-12-12 13:17:09 - [TEST_STEP][PASSED] - Statement - PreSaveFile = new java.io.File(((pathPrefix + java.lang.Integer.toString(counter)) + .png)): null

2018-12-12 13:17:09 - [TEST_STEP][PASSED] - Statement - counter = counter + 1: null

2018-12-12 13:17:09 - [TEST_STEP][PASSED] - Statement - PreSaveFile = new java.io.File(((pathPrefix + java.lang.Integer.toString(counter)) + .png)): null

2018-12-12 13:17:09 - [TEST_STEP][PASSED] - Statement - counter = counter + 1: null

2018-12-12 13:17:09 - [TEST_STEP][PASSED] - Statement - PreSaveFile = new java.io.File(((pathPrefix + java.lang.Integer.toString(counter)) + .png)): null

2018-12-12 13:17:09 - [TEST_STEP][PASSED] - Statement - counter = counter + 1: null

2018-12-12 13:17:09 - [TEST_STEP][PASSED] - Statement - PreSaveFile = new java.io.File(((pathPrefix + java.lang.Integer.toString(counter)) + .png)): null

2018-12-12 13:17:09 - [TEST_STEP][PASSED] - Statement - counter = counter + 1: null

2018-12-12 13:17:09 - [TEST_STEP][PASSED] - Statement - PreSaveFile = new java.io.File(((pathPrefix + java.lang.Integer.toString(counter)) + .png)): null

2018-12-12 13:17:09 - [TEST_STEP][PASSED] - Statement - counter = counter + 1: null

2018-12-12 13:17:09 - [TEST_STEP][PASSED] - Statement - PreSaveFile = new java.io.File(((pathPrefix + java.lang.Integer.toString(counter)) + .png)): null

2018-12-12 13:17:09 - [TEST_STEP][PASSED] - Statement - counter = counter + 1: null

2018-12-12 13:17:09 - [TEST_STEP][PASSED] - Statement - PreSaveFile = new java.io.File(((pathPrefix + java.lang.Integer.toString(counter)) + .png)): null

2018-12-12 13:17:09 - [TEST_STEP][PASSED] - Statement - counter = counter + 1: null

2018-12-12 13:17:09 - [TEST_STEP][PASSED] - Statement - PreSaveFile = new java.io.File(((pathPrefix + java.lang.Integer.toString(counter)) + .png)): null

2018-12-12 13:17:09 - [TEST_STEP][PASSED] - Statement - counter = counter + 1: null

2018-12-12 13:17:09 - [TEST_STEP][PASSED] - Statement - PreSaveFile = new java.io.File(((pathPrefix + java.lang.Integer.toString(counter)) + .png)): null

2018-12-12 13:17:09 - [TEST_STEP][PASSED] - Statement - counter = counter + 1: null

2018-12-12 13:17:09 - [TEST_STEP][PASSED] - Statement - PreSaveFile = new java.io.File(((pathPrefix + java.lang.Integer.toString(counter)) + .png)): null

2018-12-12 13:17:09 - [TEST_STEP][PASSED] - Statement - counter = counter + 1: null

2018-12-12 13:17:09 - [TEST_STEP][PASSED] - Statement - PreSaveFile = new java.io.File(((pathPrefix + java.lang.Integer.toString(counter)) + .png)): null

2018-12-12 13:17:09 - [TEST_STEP][PASSED] - Statement - counter = counter + 1: null

2018-12-12 13:17:09 - [TEST_STEP][PASSED] - Statement - PreSaveFile = new java.io.File(((pathPrefix + java.lang.Integer.toString(counter)) + .png)): null

2018-12-12 13:17:09 - [TEST_STEP][PASSED] - Statement - counter = counter + 1: null

2018-12-12 13:17:09 - [TEST_STEP][PASSED] - Statement - PreSaveFile = new java.io.File(((pathPrefix + java.lang.Integer.toString(counter)) + .png)): null

2018-12-12 13:17:09 - [TEST_STEP][PASSED] - Statement - counter = counter + 1: null

2018-12-12 13:17:09 - [TEST_STEP][PASSED] - Statement - PreSaveFile = new java.io.File(((pathPrefix + java.lang.Integer.toString(counter)) + .png)): null

2018-12-12 13:17:09 - [TEST_STEP][PASSED] - Statement - counter = counter + 1: null

2018-12-12 13:17:09 - [TEST_STEP][PASSED] - Statement - PreSaveFile = new java.io.File(((pathPrefix + java.lang.Integer.toString(counter)) + .png)): null

2018-12-12 13:17:09 - [TEST_STEP][PASSED] - Statement - counter = counter + 1: null

2018-12-12 13:17:09 - [TEST_STEP][PASSED] - Statement - PreSaveFile = new java.io.File(((pathPrefix + java.lang.Integer.toString(counter)) + .png)): null

2018-12-12 13:17:09 - [TEST_STEP][PASSED] - Statement - counter = counter + 1: null

2018-12-12 13:17:09 - [TEST_STEP][PASSED] - Statement - PreSaveFile = new java.io.File(((pathPrefix + java.lang.Integer.toString(counter)) + .png)): null

2018-12-12 13:17:09 - [TEST_STEP][PASSED] - Statement - counter = counter + 1: null

2018-12-12 13:17:09 - [TEST_STEP][PASSED] - Statement - PreSaveFile = new java.io.File(((pathPrefix + java.lang.Integer.toString(counter)) + .png)): null

2018-12-12 13:17:09 - [TEST_STEP][PASSED] - Statement - counter = counter + 1: null

2018-12-12 13:17:09 - [TEST_STEP][PASSED] - Statement - PreSaveFile = new java.io.File(((pathPrefix + java.lang.Integer.toString(counter)) + .png)): null

2018-12-12 13:17:09 - [TEST_STEP][PASSED] - Statement - counter = counter + 1: null

2018-12-12 13:17:09 - [TEST_STEP][PASSED] - Statement - PreSaveFile = new java.io.File(((pathPrefix + java.lang.Integer.toString(counter)) + .png)): null

2018-12-12 13:17:09 - [TEST_STEP][PASSED] - Statement - counter = counter + 1: null

2018-12-12 13:17:09 - [TEST_STEP][PASSED] - Statement - PreSaveFile = new java.io.File(((pathPrefix + java.lang.Integer.toString(counter)) + .png)): null

2018-12-12 13:17:09 - [TEST_STEP][PASSED] - Statement - counter = counter + 1: null

2018-12-12 13:17:09 - [TEST_STEP][PASSED] - Statement - PreSaveFile = new java.io.File(((pathPrefix + java.lang.Integer.toString(counter)) + .png)): null

2018-12-12 13:17:09 - [TEST_STEP][PASSED] - Statement - counter = counter + 1: null

2018-12-12 13:17:09 - [TEST_STEP][PASSED] - Statement - PreSaveFile = new java.io.File(((pathPrefix + java.lang.Integer.toString(counter)) + .png)): null

2018-12-12 13:17:09 - [TEST_STEP][PASSED] - Statement - counter = counter + 1: null

2018-12-12 13:17:09 - [TEST_STEP][PASSED] - Statement - PreSaveFile = new java.io.File(((pathPrefix + java.lang.Integer.toString(counter)) + .png)): null

2018-12-12 13:17:09 - [TEST_STEP][PASSED] - Statement - counter = counter + 1: null

2018-12-12 13:17:09 - [TEST_STEP][PASSED] - Statement - PreSaveFile = new java.io.File(((pathPrefix + java.lang.Integer.toString(counter)) + .png)): null

2018-12-12 13:17:09 - [TEST_STEP][PASSED] - Statement - counter = counter + 1: null

2018-12-12 13:17:09 - [TEST_STEP][PASSED] - Statement - PreSaveFile = new java.io.File(((pathPrefix + java.lang.Integer.toString(counter)) + .png)): null

2018-12-12 13:17:09 - [TEST_STEP][PASSED] - Statement - counter = counter + 1: null

2018-12-12 13:17:09 - [TEST_STEP][PASSED] - Statement - PreSaveFile = new java.io.File(((pathPrefix + java.lang.Integer.toString(counter)) + .png)): null

2018-12-12 13:17:09 - [TEST_STEP][PASSED] - Statement - counter = counter + 1: null

2018-12-12 13:17:09 - [TEST_STEP][PASSED] - Statement - PreSaveFile = new java.io.File(((pathPrefix + java.lang.Integer.toString(counter)) + .png)): null

2018-12-12 13:17:09 - [TEST_STEP][PASSED] - Statement - counter = counter + 1: null

2018-12-12 13:17:09 - [TEST_STEP][PASSED] - Statement - PreSaveFile = new java.io.File(((pathPrefix + java.lang.Integer.toString(counter)) + .png)): null

2018-12-12 13:17:09 - [TEST_STEP][PASSED] - Statement - counter = counter + 1: null

2018-12-12 13:17:09 - [TEST_STEP][PASSED] - Statement - PreSaveFile = new java.io.File(((pathPrefix + java.lang.Integer.toString(counter)) + .png)): null

2018-12-12 13:17:09 - [TEST_STEP][PASSED] - Statement - counter = counter + 1: null

2018-12-12 13:17:09 - [TEST_STEP][PASSED] - Statement - PreSaveFile = new java.io.File(((pathPrefix + java.lang.Integer.toString(counter)) + .png)): null

2018-12-12 13:17:09 - [TEST_STEP][PASSED] - Statement - counter = counter + 1: null

2018-12-12 13:17:09 - [TEST_STEP][PASSED] - Statement - PreSaveFile = new java.io.File(((pathPrefix + java.lang.Integer.toString(counter)) + .png)): null

2018-12-12 13:17:09 - [TEST_STEP][PASSED] - Statement - counter = counter + 1: null

2018-12-12 13:17:09 - [TEST_STEP][PASSED] - Statement - PreSaveFile = new java.io.File(((pathPrefix + java.lang.Integer.toString(counter)) + .png)): null

2018-12-12 13:17:09 - [TEST_STEP][PASSED] - Statement - counter = counter + 1: null

2018-12-12 13:17:09 - [TEST_STEP][PASSED] - Statement - PreSaveFile = new java.io.File(((pathPrefix + java.lang.Integer.toString(counter)) + .png)): null

2018-12-12 13:17:09 - [TEST_STEP][PASSED] - Statement - counter = counter + 1: null

2018-12-12 13:17:09 - [TEST_STEP][PASSED] - Statement - PreSaveFile = new java.io.File(((pathPrefix + java.lang.Integer.toString(counter)) + .png)): null

2018-12-12 13:17:09 - [TEST_STEP][PASSED] - Statement - counter = counter + 1: null

2018-12-12 13:17:09 - [TEST_STEP][PASSED] - Statement - PreSaveFile = new java.io.File(((pathPrefix + java.lang.Integer.toString(counter)) + .png)): null

2018-12-12 13:17:09 - [TEST_STEP][PASSED] - Statement - counter = counter + 1: null

2018-12-12 13:17:09 - [TEST_STEP][PASSED] - Statement - PreSaveFile = new java.io.File(((pathPrefix + java.lang.Integer.toString(counter)) + .png)): null

2018-12-12 13:17:09 - [TEST_STEP][PASSED] - Statement - counter = counter + 1: null

2018-12-12 13:17:09 - [TEST_STEP][PASSED] - Statement - PreSaveFile = new java.io.File(((pathPrefix + java.lang.Integer.toString(counter)) + .png)): null

2018-12-12 13:17:09 - [TEST_STEP][PASSED] - Statement - counter = counter + 1: null

2018-12-12 13:17:09 - [TEST_STEP][PASSED] - Statement - PreSaveFile = new java.io.File(((pathPrefix + java.lang.Integer.toString(counter)) + .png)): null

2018-12-12 13:17:09 - [TEST_STEP][PASSED] - Statement - counter = counter + 1: null

2018-12-12 13:17:09 - [TEST_STEP][PASSED] - Statement - PreSaveFile = new java.io.File(((pathPrefix + java.lang.Integer.toString(counter)) + .png)): null

2018-12-12 13:17:09 - [TEST_STEP][PASSED] - Statement - counter = counter + 1: null

2018-12-12 13:17:09 - [TEST_STEP][PASSED] - Statement - PreSaveFile = new java.io.File(((pathPrefix + java.lang.Integer.toString(counter)) + .png)): null

2018-12-12 13:17:09 - [TEST_STEP][PASSED] - Statement - counter = counter + 1: null

2018-12-12 13:17:09 - [TEST_STEP][PASSED] - Statement - PreSaveFile = new java.io.File(((pathPrefix + java.lang.Integer.toString(counter)) + .png)): null

2018-12-12 13:17:09 - [TEST_STEP][PASSED] - Statement - counter = counter + 1: null

2018-12-12 13:17:09 - [TEST_STEP][PASSED] - Statement - PreSaveFile = new java.io.File(((pathPrefix + java.lang.Integer.toString(counter)) + .png)): null

2018-12-12 13:17:09 - [TEST_STEP][PASSED] - Statement - counter = counter + 1: null

2018-12-12 13:17:09 - [TEST_STEP][PASSED] - Statement - PreSaveFile = new java.io.File(((pathPrefix + java.lang.Integer.toString(counter)) + .png)): null

2018-12-12 13:17:09 - [TEST_STEP][PASSED] - Statement - counter = counter + 1: null

2018-12-12 13:17:09 - [TEST_STEP][PASSED] - Statement - PreSaveFile = new java.io.File(((pathPrefix + java.lang.Integer.toString(counter)) + .png)): null

2018-12-12 13:17:09 - [TEST_STEP][PASSED] - Statement - counter = counter + 1: null

2018-12-12 13:17:09 - [TEST_STEP][PASSED] - Statement - PreSaveFile = new java.io.File(((pathPrefix + java.lang.Integer.toString(counter)) + .png)): null

2018-12-12 13:17:09 - [TEST_STEP][PASSED] - Statement - counter = counter + 1: null

2018-12-12 13:17:09 - [TEST_STEP][PASSED] - Statement - PreSaveFile = new java.io.File(((pathPrefix + java.lang.Integer.toString(counter)) + .png)): null

2018-12-12 13:17:09 - [TEST_STEP][PASSED] - Statement - counter = counter + 1: null

2018-12-12 13:17:09 - [TEST_STEP][PASSED] - Statement - PreSaveFile = new java.io.File(((pathPrefix + java.lang.Integer.toString(counter)) + .png)): null

2018-12-12 13:17:09 - [TEST_STEP][PASSED] - Statement - counter = counter + 1: null

2018-12-12 13:17:09 - [TEST_STEP][PASSED] - Statement - PreSaveFile = new java.io.File(((pathPrefix + java.lang.Integer.toString(counter)) + .png)): null

2018-12-12 13:17:09 - [TEST_STEP][PASSED] - Statement - counter = counter + 1: null

2018-12-12 13:17:09 - [TEST_STEP][PASSED] - Statement - PreSaveFile = new java.io.File(((pathPrefix + java.lang.Integer.toString(counter)) + .png)): null

2018-12-12 13:17:09 - [TEST_STEP][PASSED] - Statement - counter = counter + 1: null

2018-12-12 13:17:09 - [TEST_STEP][PASSED] - Statement - PreSaveFile = new java.io.File(((pathPrefix + java.lang.Integer.toString(counter)) + .png)): null

2018-12-12 13:17:09 - [TEST_STEP][PASSED] - Statement - counter = counter + 1: null

2018-12-12 13:17:09 - [TEST_STEP][PASSED] - Statement - PreSaveFile = new java.io.File(((pathPrefix + java.lang.Integer.toString(counter)) + .png)): null

2018-12-12 13:17:09 - [TEST_STEP][PASSED] - Statement - counter = counter + 1: null

2018-12-12 13:17:09 - [TEST_STEP][PASSED] - Statement - PreSaveFile = new java.io.File(((pathPrefix + java.lang.Integer.toString(counter)) + .png)): null

2018-12-12 13:17:09 - [TEST_STEP][PASSED] - Statement - counter = counter + 1: null

2018-12-12 13:17:09 - [TEST_STEP][PASSED] - Statement - PreSaveFile = new java.io.File(((pathPrefix + java.lang.Integer.toString(counter)) + .png)): null

2018-12-12 13:17:09 - [TEST_STEP][PASSED] - Statement - counter = counter + 1: null

2018-12-12 13:17:09 - [TEST_STEP][PASSED] - Statement - PreSaveFile = new java.io.File(((pathPrefix + java.lang.Integer.toString(counter)) + .png)): null

2018-12-12 13:17:09 - [TEST_STEP][PASSED] - Statement - counter = counter + 1: null

2018-12-12 13:17:09 - [TEST_STEP][PASSED] - Statement - PreSaveFile = new java.io.File(((pathPrefix + java.lang.Integer.toString(counter)) + .png)): null

2018-12-12 13:17:09 - [TEST_STEP][PASSED] - Statement - counter = counter + 1: null

2018-12-12 13:17:09 - [TEST_STEP][PASSED] - Statement - PreSaveFile = new java.io.File(((pathPrefix + java.lang.Integer.toString(counter)) + .png)): null

2018-12-12 13:17:09 - [TEST_STEP][PASSED] - Statement - counter = counter + 1: null

2018-12-12 13:17:09 - [TEST_STEP][PASSED] - Statement - PreSaveFile = new java.io.File(((pathPrefix + java.lang.Integer.toString(counter)) + .png)): null

2018-12-12 13:17:09 - [TEST_STEP][PASSED] - Statement - counter = counter + 1: null

2018-12-12 13:17:09 - [TEST_STEP][PASSED] - Statement - PreSaveFile = new java.io.File(((pathPrefix + java.lang.Integer.toString(counter)) + .png)): null

2018-12-12 13:17:09 - [TEST_STEP][PASSED] - Statement - counter = counter + 1: null

2018-12-12 13:17:09 - [TEST_STEP][PASSED] - Statement - PreSaveFile = new java.io.File(((pathPrefix + java.lang.Integer.toString(counter)) + .png)): null

2018-12-12 13:17:09 - [TEST_STEP][PASSED] - Statement - counter = counter + 1: null

2018-12-12 13:17:09 - [TEST_STEP][PASSED] - Statement - PreSaveFile = new java.io.File(((pathPrefix + java.lang.Integer.toString(counter)) + .png)): null

2018-12-12 13:17:09 - [TEST_STEP][PASSED] - Statement - counter = counter + 1: null

2018-12-12 13:17:09 - [TEST_STEP][PASSED] - Statement - PreSaveFile = new java.io.File(((pathPrefix + java.lang.Integer.toString(counter)) + .png)): null

2018-12-12 13:17:09 - [TEST_STEP][PASSED] - Statement - counter = counter + 1: null

2018-12-12 13:17:09 - [TEST_STEP][PASSED] - Statement - PreSaveFile = new java.io.File(((pathPrefix + java.lang.Integer.toString(counter)) + .png)): null

2018-12-12 13:17:09 - [TEST_STEP][PASSED] - Statement - counter = counter + 1: null

2018-12-12 13:17:09 - [TEST_STEP][PASSED] - Statement - PreSaveFile = new java.io.File(((pathPrefix + java.lang.Integer.toString(counter)) + .png)): null

2018-12-12 13:17:09 - [TEST_STEP][PASSED] - Statement - counter = counter + 1: null

2018-12-12 13:17:09 - [TEST_STEP][PASSED] - Statement - PreSaveFile = new java.io.File(((pathPrefix + java.lang.Integer.toString(counter)) + .png)): null

2018-12-12 13:17:09 - [TEST_STEP][PASSED] - Statement - counter = counter + 1: null

2018-12-12 13:17:09 - [TEST_STEP][PASSED] - Statement - PreSaveFile = new java.io.File(((pathPrefix + java.lang.Integer.toString(counter)) + .png)): null

2018-12-12 13:17:09 - [TEST_STEP][PASSED] - Statement - counter = counter + 1: null

2018-12-12 13:17:09 - [TEST_STEP][PASSED] - Statement - PreSaveFile = new java.io.File(((pathPrefix + java.lang.Integer.toString(counter)) + .png)): null

2018-12-12 13:17:09 - [TEST_STEP][PASSED] - Statement - counter = counter + 1: null

2018-12-12 13:17:09 - [TEST_STEP][PASSED] - Statement - PreSaveFile = new java.io.File(((pathPrefix + java.lang.Integer.toString(counter)) + .png)): null

2018-12-12 13:17:09 - [TEST_STEP][PASSED] - Statement - counter = counter + 1: null

2018-12-12 13:17:09 - [TEST_STEP][PASSED] - Statement - PreSaveFile = new java.io.File(((pathPrefix + java.lang.Integer.toString(counter)) + .png)): null

2018-12-12 13:17:09 - [TEST_STEP][PASSED] - Statement - counter = counter + 1: null

2018-12-12 13:17:09 - [TEST_STEP][PASSED] - Statement - PreSaveFile = new java.io.File(((pathPrefix + java.lang.Integer.toString(counter)) + .png)): null

2018-12-12 13:17:09 - [TEST_STEP][PASSED] - Statement - counter = counter + 1: null

2018-12-12 13:17:09 - [TEST_STEP][PASSED] - Statement - PreSaveFile = new java.io.File(((pathPrefix + java.lang.Integer.toString(counter)) + .png)): null

2018-12-12 13:17:09 - [TEST_STEP][PASSED] - Statement - counter = counter + 1: null

2018-12-12 13:17:09 - [TEST_STEP][PASSED] - Statement - PreSaveFile = new java.io.File(((pathPrefix + java.lang.Integer.toString(counter)) + .png)): null

2018-12-12 13:17:09 - [TEST_STEP][PASSED] - Statement - counter = counter + 1: null

2018-12-12 13:17:09 - [TEST_STEP][PASSED] - Statement - PreSaveFile = new java.io.File(((pathPrefix + java.lang.Integer.toString(counter)) + .png)): null

2018-12-12 13:17:09 - [TEST_STEP][PASSED] - Statement - counter = counter + 1: null

2018-12-12 13:17:09 - [TEST_STEP][PASSED] - Statement - PreSaveFile = new java.io.File(((pathPrefix + java.lang.Integer.toString(counter)) + .png)): null

2018-12-12 13:17:09 - [TEST_STEP][PASSED] - Statement - counter = counter + 1: null

2018-12-12 13:17:09 - [TEST_STEP][PASSED] - Statement - PreSaveFile = new java.io.File(((pathPrefix + java.lang.Integer.toString(counter)) + .png)): null

2018-12-12 13:17:09 - [TEST_STEP][PASSED] - Statement - counter = counter + 1: null

2018-12-12 13:17:09 - [TEST_STEP][PASSED] - Statement - PreSaveFile = new java.io.File(((pathPrefix + java.lang.Integer.toString(counter)) + .png)): null

2018-12-12 13:17:09 - [TEST_STEP][PASSED] - Statement - counter = counter + 1: null

2018-12-12 13:17:09 - [TEST_STEP][PASSED] - Statement - PreSaveFile = new java.io.File(((pathPrefix + java.lang.Integer.toString(counter)) + .png)): null

2018-12-12 13:17:09 - [TEST_STEP][PASSED] - Statement - counter = counter + 1: null

2018-12-12 13:17:09 - [TEST_STEP][PASSED] - Statement - PreSaveFile = new java.io.File(((pathPrefix + java.lang.Integer.toString(counter)) + .png)): null

2018-12-12 13:17:09 - [TEST_STEP][PASSED] - Statement - counter = counter + 1: null

2018-12-12 13:17:09 - [TEST_STEP][PASSED] - Statement - PreSaveFile = new java.io.File(((pathPrefix + java.lang.Integer.toString(counter)) + .png)): null

2018-12-12 13:17:09 - [TEST_STEP][PASSED] - Statement - counter = counter + 1: null

2018-12-12 13:17:09 - [TEST_STEP][PASSED] - Statement - PreSaveFile = new java.io.File(((pathPrefix + java.lang.Integer.toString(counter)) + .png)): null

2018-12-12 13:17:09 - [TEST_STEP][PASSED] - Statement - finalPath = pathPrefix + java.lang.Integer.toString(counter) + ".png": null

2018-12-12 13:17:09 - [TEST_STEP][PASSED] - Statement - SaveFile = new java.io.File(finalPath): null

2018-12-12 13:17:09 - [TEST_STEP][PASSED] - Statement - Try: null

2018-12-12 13:17:09 - [TEST_STEP][PASSED] - Statement - org.apache.commons.io.FileUtils.copyFile(scrFile, SaveFile): null

2018-12-12 13:17:09 - [TEST_STEP][PASSED] - Statement - out.println("file kept"): null

2018-12-12 13:17:09 - [TEST_STEP][PASSED] - delay: Delayed 10 second(s)

2018-12-12 13:17:19 - [MESSAGE][PASSED] - Delayed 10 second(s)

2018-12-12 13:17:19 - [MESSAGE][PASSED] - Call Test Case 'Test Cases/Final Aug 2018 - PKS Automation/Registration Module/New Registration/Submit and Screenshot/Submit Registration and Screenshot' successfully

2018-12-12 13:17:19 - [TEST_STEP][PASSED] - callTestCase: Call Test Case 'Test Cases/Final Aug 2018 - PKS Automation/Registration Module/Log Out/log out avoiding katalon tagging' successfully

2018-12-12 13:17:19 - [TEST_CASE][PASSED] - Test Cases/Final Aug 2018 - PKS Automation/Registration Module/Log Out/log out avoiding katalon tagging: Test Cases/Final Aug 2018 - PKS Automation/Registration Module/Log Out/log out avoiding katalon tagging

2018-12-12 13:17:20 - [TEST_STEP][PASSED] - navigateToUrl: Navigate to 'https://assist2-uat.perkeso.gov.my/c/portal/logout' successfully

2018-12-12 13:17:20 - [MESSAGE][PASSED] - Navigate to 'https://assist2-uat.perkeso.gov.my/c/portal/logout' successfully

2018-12-12 13:17:20 - [MESSAGE][PASSED] - Call Test Case 'Test Cases/Final Aug 2018 - PKS Automation/Registration Module/Log Out/log out avoiding katalon tagging' successfully

2018-12-12 13:17:20 - [TEST_STEP][PASSED] - callTestCase: Call Test Case 'Test Cases/Final Aug 2018 - PKS Automation/Common/Workflow Owner Finder' successfully

2018-12-12 13:17:20 - [TEST_CASE][PASSED] - Test Cases/Final Aug 2018 - PKS Automation/Common/Workflow Owner Finder: Test Cases/Final Aug 2018 - PKS Automation/Common/Workflow Owner Finder

2018-12-12 13:17:21 - [TEST_STEP][PASSED] - openBrowser: Browser is opened with url: ''

2018-12-12 13:17:21 - [MESSAGE][WARNING] - A browser is already opened. Closing browser and opening a new one

2018-12-12 13:17:25 - [MESSAGE][PASSED] - Browser is opened with url: ''

2018-12-12 13:17:25 - [TEST_STEP][PASSED] - navigateToUrl: Navigate to 'https://assist2-uat.perkeso.gov.my/login' successfully

2018-12-12 13:17:26 - [MESSAGE][PASSED] - Navigate to 'https://assist2-uat.perkeso.gov.my/login' successfully

2018-12-12 13:17:26 - [TEST_STEP][PASSED] - delay: Delayed 5 second(s)

2018-12-12 13:17:31 - [MESSAGE][PASSED] - Delayed 5 second(s)

2018-12-12 13:17:31 - [TEST_STEP][PASSED] - setText: Text 'test@liferay.com' is set on object 'Object Repository/Final Object Repo/Login Page/Internal User/Email Address'

2018-12-12 13:17:32 - [MESSAGE][PASSED] - Text 'test@liferay.com' is set on object 'Object Repository/Final Object Repo/Login Page/Internal User/Email Address'

2018-12-12 13:17:32 - [TEST_STEP][PASSED] - click: Object: 'Object Repository/Final Object Repo/Login Page/Internal User/Next Button' is clicked on

2018-12-12 13:17:32 - [MESSAGE][PASSED] - Object: 'Object Repository/Final Object Repo/Login Page/Internal User/Next Button' is clicked on

2018-12-12 13:17:32 - [TEST_STEP][PASSED] - delay: Delayed 2 second(s)

2018-12-12 13:17:34 - [MESSAGE][PASSED] - Delayed 2 second(s)

2018-12-12 13:17:34 - [TEST_STEP][PASSED] - setText: Text 'test' is set on object 'Object Repository/Final Object Repo/Login Page/Internal User/Password'

2018-12-12 13:17:34 - [MESSAGE][PASSED] - Text 'test' is set on object 'Object Repository/Final Object Repo/Login Page/Internal User/Password'

2018-12-12 13:17:34 - [TEST_STEP][PASSED] - delay: Delayed 2 second(s)

2018-12-12 13:17:36 - [MESSAGE][PASSED] - Delayed 2 second(s)

2018-12-12 13:17:36 - [TEST_STEP][PASSED] - click: Object: 'Object Repository/Final Object Repo/Login Page/Internal User/Login Button' is clicked on

2018-12-12 13:17:36 - [MESSAGE][PASSED] - Object: 'Object Repository/Final Object Repo/Login Page/Internal User/Login Button' is clicked on

2018-12-12 13:17:36 - [TEST_STEP][PASSED] - Statement - tester = com.kms.katalon.core.testobject.ObjectRepository.findTestObject(Final Object Repo/Landing Page/Select to English): Finding Test Object with id 'Object Repository/Final Object Repo/Landing Page/Select to English'

2018-12-12 13:17:36 - [TEST_STEP][PASSED] - Statement - Try: Delayed 2 second(s)

2018-12-12 13:17:36 - [TEST_STEP][PASSED] - Statement - Checker = com.kms.katalon.core.webui.keyword.WebUiBuiltInKeywords.verifyElementNotPresent(tester, 3): Web element with id: 'Object Repository/Final Object Repo/Landing Page/Select to English' located by 'By.xpath: //a[@class = 'taglib-language-list-text' and @lang = 'en-US' and (contains(text(), 'EN') or contains(., 'EN'))]' is not present after '3' second(s)

2018-12-12 13:17:38 - [MESSAGE][PASSED] - Web element with id: 'Object Repository/Final Object Repo/Landing Page/Select to English' located by 'By.xpath: //a[@class = 'taglib-language-list-text' and @lang = 'en-US' and (contains(text(), 'EN') or contains(., 'EN'))]' is not present after '3' second(s)

2018-12-12 13:17:38 - [TEST_STEP][PASSED] - Statement - If (Checker == false): null

2018-12-12 13:17:38 - [TEST_STEP][PASSED] - delay: Delayed 2 second(s)

2018-12-12 13:17:40 - [MESSAGE][PASSED] - Delayed 2 second(s)

2018-12-12 13:17:40 - [TEST_STEP][PASSED] - delay: Delayed 5 second(s)

2018-12-12 13:17:45 - [MESSAGE][PASSED] - Delayed 5 second(s)

2018-12-12 13:17:45 - [TEST_STEP][PASSED] - mouseOver: Object: 'Object Repository/Final Object Repo/Landing Page/WorkFlow Menu' is hovered

2018-12-12 13:17:46 - [MESSAGE][PASSED] - Object: 'Object Repository/Final Object Repo/Landing Page/WorkFlow Menu' is hovered

2018-12-12 13:17:46 - [TEST_STEP][PASSED] - delay: Delayed 2 second(s)

2018-12-12 13:17:48 - [MESSAGE][PASSED] - Delayed 2 second(s)

2018-12-12 13:17:48 - [TEST_STEP][PASSED] - click: Object: 'Object Repository/Final Object Repo/Landing Page/Select to Workflow Listing' is clicked on

2018-12-12 13:17:49 - [MESSAGE][PASSED] - Object: 'Object Repository/Final Object Repo/Landing Page/Select to Workflow Listing' is clicked on

2018-12-12 13:17:49 - [TEST_STEP][PASSED] - delay: Delayed 2 second(s)

2018-12-12 13:17:51 - [MESSAGE][PASSED] - Delayed 2 second(s)

2018-12-12 13:17:51 - [TEST_STEP][PASSED] - click: Object: 'Object Repository/Final Object Repo/WorkFlow Listing Page/Search Information - To Put Ref No' is clicked on

2018-12-12 13:17:51 - [MESSAGE][PASSED] - Object: 'Object Repository/Final Object Repo/WorkFlow Listing Page/Search Information - To Put Ref No' is clicked on

2018-12-12 13:17:51 - [TEST_STEP][PASSED] - delay: Delayed 2 second(s)

2018-12-12 13:17:53 - [MESSAGE][PASSED] - Delayed 2 second(s)

2018-12-12 13:17:53 - [TEST_STEP][PASSED] - callTestCase: Call Test Case 'Test Cases/Final Aug 2018 - PKS Automation/Common/Reference Number Getter' successfully

2018-12-12 13:17:53 - [TEST_CASE][PASSED] - Test Cases/Final Aug 2018 - PKS Automation/Common/Reference Number Getter: Test Cases/Final Aug 2018 - PKS Automation/Common/Reference Number Getter

2018-12-12 13:17:53 - [TEST_STEP][PASSED] - Statement - Try: null

2018-12-12 13:17:53 - [TEST_STEP][PASSED] - Statement - RefNo = new java.io.File(C://Users//Admin//Desktop//PKS//Automation Reference Point//KatalonReference.txt): null

2018-12-12 13:17:53 - [TEST_STEP][PASSED] - Statement - bufferread = new java.io.BufferedReader(new java.io.FileReader(RefNo)): null

2018-12-12 13:17:53 - [TEST_STEP][PASSED] - Statement - readedVal = bufferread.readLine(): null

2018-12-12 13:17:53 - [TEST_STEP][PASSED] - Statement - out.println(CaseReferenceNo): null

2018-12-12 13:17:53 - [TEST_STEP][PASSED] - Statement - out.println(readedVal): null

2018-12-12 13:17:53 - [TEST_STEP][PASSED] - Statement - CaseReferenceNo = "": null

2018-12-12 13:17:53 - [TEST_STEP][PASSED] - Statement - CaseReferenceNo = readedVal: null

2018-12-12 13:17:53 - [MESSAGE][PASSED] - Call Test Case 'Test Cases/Final Aug 2018 - PKS Automation/Common/Reference Number Getter' successfully

2018-12-12 13:17:53 - [TEST_STEP][PASSED] - setText: Text 'CRN12201800123196' is set on object 'Object Repository/Final Object Repo/WorkFlow Listing Page/Ref No Set Text'

2018-12-12 13:17:54 - [MESSAGE][PASSED] - Text 'CRN12201800123196' is set on object 'Object Repository/Final Object Repo/WorkFlow Listing Page/Ref No Set Text'

2018-12-12 13:17:54 - [TEST_STEP][PASSED] - delay: Delayed 2 second(s)

2018-12-12 13:17:56 - [MESSAGE][PASSED] - Delayed 2 second(s)

2018-12-12 13:17:56 - [TEST_STEP][PASSED] - click: Object: 'Object Repository/Final Object Repo/WorkFlow Listing Page/Search Ref No Search Button' is clicked on

2018-12-12 13:17:56 - [MESSAGE][PASSED] - Object: 'Object Repository/Final Object Repo/WorkFlow Listing Page/Search Ref No Search Button' is clicked on

2018-12-12 13:17:56 - [TEST_STEP][PASSED] - delay: Delayed 6 second(s)

2018-12-12 13:18:02 - [MESSAGE][PASSED] - Delayed 6 second(s)

2018-12-12 13:18:02 - [TEST_STEP][PASSED] - click: Object: 'Object Repository/Final Object Repo/WorkFlow Listing Page/Click Continue Tooltip' is clicked on

2018-12-12 13:18:03 - [MESSAGE][PASSED] - Object: 'Object Repository/Final Object Repo/WorkFlow Listing Page/Click Continue Tooltip' is clicked on

2018-12-12 13:18:03 - [TEST_STEP][PASSED] - delay: Delayed 5 second(s)

2018-12-12 13:18:08 - [MESSAGE][PASSED] - Delayed 5 second(s)

2018-12-12 13:18:08 - [TEST_STEP][PASSED] - doubleClick: Object: 'Object Repository/Final Object Repo/WorkFlow Listing Page/Workflow Found - Listing 1' is double clicked on

2018-12-12 13:18:08 - [MESSAGE][PASSED] - Object: 'Object Repository/Final Object Repo/WorkFlow Listing Page/Workflow Found - Listing 1' is double clicked on

2018-12-12 13:18:08 - [TEST_STEP][PASSED] - Statement - println(OwnerID): null

2018-12-12 13:18:08 - [TEST_STEP][PASSED] - Statement - OwnerID = com.kms.katalon.core.webui.keyword.WebUiBuiltInKeywords.getText(com.kms.katalon.core.testobject.ObjectRepository.findTestObject(Final Object Repo/WorkFlow Listing Page/Workflow Found - Listing 1), STOP_ON_FAILURE): Text of object 'Object Repository/Final Object Repo/WorkFlow Listing Page/Workflow Found - Listing 1' is: 'JOHORro3'

2018-12-12 13:18:08 - [MESSAGE][PASSED] - Text of object 'Object Repository/Final Object Repo/WorkFlow Listing Page/Workflow Found - Listing 1' is: 'JOHORro3'

2018-12-12 13:18:08 - [TEST_STEP][PASSED] - Statement - OwnerID = OwnerID.toLowerCase() + "@gmail.com": null

2018-12-12 13:18:08 - [TEST_STEP][PASSED] - Statement - println(OwnerID): null

2018-12-12 13:18:08 - [TEST_STEP][PASSED] - delay: Delayed 2 second(s)

2018-12-12 13:18:10 - [MESSAGE][PASSED] - Delayed 2 second(s)

2018-12-12 13:18:10 - [MESSAGE][PASSED] - Call Test Case 'Test Cases/Final Aug 2018 - PKS Automation/Common/Workflow Owner Finder' successfully

2018-12-12 13:18:10 - [TEST_STEP][PASSED] - callTestCase: Call Test Case 'Test Cases/Final Aug 2018 - PKS Automation/Registration Module/Log Out/log out avoiding katalon tagging' successfully

2018-12-12 13:18:10 - [TEST_CASE][PASSED] - Test Cases/Final Aug 2018 - PKS Automation/Registration Module/Log Out/log out avoiding katalon tagging: Test Cases/Final Aug 2018 - PKS Automation/Registration Module/Log Out/log out avoiding katalon tagging

2018-12-12 13:18:10 - [TEST_STEP][PASSED] - navigateToUrl: Navigate to 'https://assist2-uat.perkeso.gov.my/c/portal/logout' successfully

2018-12-12 13:18:11 - [MESSAGE][PASSED] - Navigate to 'https://assist2-uat.perkeso.gov.my/c/portal/logout' successfully

2018-12-12 13:18:11 - [MESSAGE][PASSED] - Call Test Case 'Test Cases/Final Aug 2018 - PKS Automation/Registration Module/Log Out/log out avoiding katalon tagging' successfully

2018-12-12 13:18:11 - [TEST_STEP][PASSED] - delay: Delayed 2 second(s)

2018-12-12 13:18:13 - [MESSAGE][PASSED] - Delayed 2 second(s)

2018-12-12 13:18:13 - [TEST_STEP][PASSED] - setText: Text 'johorro3@gmail.com' is set on object 'Object Repository/Final Object Repo/New Registration - Registration Module Pages/New Reg - OTC to RO/Special Case - All Related Objects/Email TextBox'

2018-12-12 13:18:14 - [MESSAGE][PASSED] - Text 'johorro3@gmail.com' is set on object 'Object Repository/Final Object Repo/New Registration - Registration Module Pages/New Reg - OTC to RO/Special Case - All Related Objects/Email TextBox'

2018-12-12 13:18:14 - [TEST_STEP][PASSED] - click: Object: 'Object Repository/Final Object Repo/New Registration - Registration Module Pages/New Reg - OTC to RO/Special Case - All Related Objects/Next Button' is clicked on

2018-12-12 13:18:14 - [MESSAGE][PASSED] - Object: 'Object Repository/Final Object Repo/New Registration - Registration Module Pages/New Reg - OTC to RO/Special Case - All Related Objects/Next Button' is clicked on

2018-12-12 13:18:14 - [TEST_STEP][PASSED] - delay: Delayed 2 second(s)

2018-12-12 13:18:16 - [MESSAGE][PASSED] - Delayed 2 second(s)

2018-12-12 13:18:16 - [TEST_STEP][PASSED] - setText: Text 'Test1@3456789' is set on object 'Object Repository/Final Object Repo/New Registration - Registration Module Pages/New Reg - OTC to RO/Special Case - All Related Objects/Password TextBox'

2018-12-12 13:18:16 - [MESSAGE][PASSED] - Text 'Test1@3456789' is set on object 'Object Repository/Final Object Repo/New Registration - Registration Module Pages/New Reg - OTC to RO/Special Case - All Related Objects/Password TextBox'

2018-12-12 13:18:16 - [TEST_STEP][PASSED] - delay: Delayed 2 second(s)

2018-12-12 13:18:18 - [MESSAGE][PASSED] - Delayed 2 second(s)

2018-12-12 13:18:18 - [TEST_STEP][PASSED] - click: Object: 'Object Repository/Final Object Repo/New Registration - Registration Module Pages/New Reg - OTC to RO/Special Case - All Related Objects/Login Button' is clicked on

2018-12-12 13:18:18 - [MESSAGE][PASSED] - Object: 'Object Repository/Final Object Repo/New Registration - Registration Module Pages/New Reg - OTC to RO/Special Case - All Related Objects/Login Button' is clicked on

2018-12-12 13:18:18 - [TEST_STEP][PASSED] - delay: Delayed 2 second(s)

2018-12-12 13:18:20 - [MESSAGE][PASSED] - Delayed 2 second(s)

2018-12-12 13:18:20 - [TEST_STEP][PASSED] - Statement - Try: null

2018-12-12 13:18:20 - [TEST_STEP][PASSED] - Statement - Checker = com.kms.katalon.core.webui.keyword.WebUiBuiltInKeywords.verifyElementNotPresent("Final Object Repo/Landing Page/Select to English", 3): null

2018-12-12 13:18:20 - [TEST_STEP][PASSED] - Statement - Catch (Exception e): null

2018-12-12 13:18:20 - [TEST_STEP][PASSED] - Statement - e.printStackTrace(): null

2018-12-12 13:18:20 - [TEST_STEP][PASSED] - click: Object: 'Object Repository/Final Object Repo/New Registration - Registration Module Pages/New Reg - OTC to RO/Special Case - All Related Objects/Expand to Search' is clicked on

2018-12-12 13:18:21 - [MESSAGE][PASSED] - Object: 'Object Repository/Final Object Repo/New Registration - Registration Module Pages/New Reg - OTC to RO/Special Case - All Related Objects/Expand to Search' is clicked on

2018-12-12 13:18:21 - [TEST_STEP][PASSED] - setText: Text 'CRN12201800123196' is set on object 'Object Repository/Final Object Repo/New Registration - Registration Module Pages/New Reg - OTC to RO/Special Case - All Related Objects/TextBox RefNo in Workbasket'

2018-12-12 13:18:21 - [MESSAGE][PASSED] - Text 'CRN12201800123196' is set on object 'Object Repository/Final Object Repo/New Registration - Registration Module Pages/New Reg - OTC to RO/Special Case - All Related Objects/TextBox RefNo in Workbasket'

2018-12-12 13:18:21 - [TEST_STEP][PASSED] - delay: Delayed 2 second(s)

2018-12-12 13:18:23 - [MESSAGE][PASSED] - Delayed 2 second(s)

2018-12-12 13:18:23 - [TEST_STEP][PASSED] - click: Object: 'Object Repository/Final Object Repo/New Registration - Registration Module Pages/New Reg - OTC to RO/Special Case - All Related Objects/Click Search' is clicked on

2018-12-12 13:18:23 - [MESSAGE][PASSED] - Object: 'Object Repository/Final Object Repo/New Registration - Registration Module Pages/New Reg - OTC to RO/Special Case - All Related Objects/Click Search' is clicked on

2018-12-12 13:18:23 - [TEST_STEP][PASSED] - delay: Delayed 2 second(s)

2018-12-12 13:18:25 - [MESSAGE][PASSED] - Delayed 2 second(s)

2018-12-12 13:18:25 - [TEST_STEP][PASSED] - click: Object: 'Object Repository/Final Object Repo/New Registration - Registration Module Pages/New Reg - OTC to RO/Special Case - All Related Objects/Click to Continue Workflow' is clicked on

2018-12-12 13:18:29 - [MESSAGE][PASSED] - Object: 'Object Repository/Final Object Repo/New Registration - Registration Module Pages/New Reg - OTC to RO/Special Case - All Related Objects/Click to Continue Workflow' is clicked on

2018-12-12 13:18:29 - [TEST_STEP][PASSED] - delay: Delayed 2 second(s)

2018-12-12 13:18:31 - [MESSAGE][PASSED] - Delayed 2 second(s)

2018-12-12 13:18:31 - [TEST_STEP][PASSED] - click: Object: 'Object Repository/Final Object Repo/New Registration - Registration Module Pages/New Reg - OTC to RO/Special Case - All Related Objects/Continue Button in verifying case' is clicked on

2018-12-12 13:18:33 - [MESSAGE][PASSED] - Object: 'Object Repository/Final Object Repo/New Registration - Registration Module Pages/New Reg - OTC to RO/Special Case - All Related Objects/Continue Button in verifying case' is clicked on

2018-12-12 13:18:33 - [TEST_STEP][PASSED] - delay: Delayed 2 second(s)

2018-12-12 13:18:35 - [MESSAGE][PASSED] - Delayed 2 second(s)

2018-12-12 13:18:35 - [TEST_STEP][PASSED] - click: Object: 'Object Repository/Final Object Repo/New Registration - Registration Module Pages/Form 1/Registered As a Branch - Yes' is clicked on

2018-12-12 13:18:35 - [MESSAGE][PASSED] - Object: 'Object Repository/Final Object Repo/New Registration - Registration Module Pages/Form 1/Registered As a Branch - Yes' is clicked on

2018-12-12 13:18:35 - [TEST_STEP][PASSED] - delay: Delayed 2 second(s)

2018-12-12 13:18:37 - [MESSAGE][PASSED] - Delayed 2 second(s)

2018-12-12 13:18:37 - [TEST_STEP][PASSED] - click: Object: 'Object Repository/Final Object Repo/New Registration - Registration Module Pages/New Reg - OTC to RO/Special Case - All Related Objects/Form 1 Save n Continue' is clicked on

2018-12-12 13:18:37 - [MESSAGE][PASSED] - Object: 'Object Repository/Final Object Repo/New Registration - Registration Module Pages/New Reg - OTC to RO/Special Case - All Related Objects/Form 1 Save n Continue' is clicked on

2018-12-12 13:18:37 - [TEST_STEP][PASSED] - delay: Delayed 2 second(s)

2018-12-12 13:18:39 - [MESSAGE][PASSED] - Delayed 2 second(s)

2018-12-12 13:18:39 - [TEST_STEP][PASSED] - click: Object: 'Object Repository/Final Object Repo/New Registration - Registration Module Pages/New Reg - OTC to RO/Special Case - All Related Objects/Form 2 Save n Continue' is clicked on

2018-12-12 13:18:39 - [MESSAGE][PASSED] - Object: 'Object Repository/Final Object Repo/New Registration - Registration Module Pages/New Reg - OTC to RO/Special Case - All Related Objects/Form 2 Save n Continue' is clicked on

2018-12-12 13:18:39 - [TEST_STEP][PASSED] - delay: Delayed 2 second(s)

2018-12-12 13:18:41 - [MESSAGE][PASSED] - Delayed 2 second(s)

2018-12-12 13:18:41 - [TEST_STEP][PASSED] - click: Object: 'Object Repository/Final Object Repo/New Registration - Registration Module Pages/New Reg - OTC to RO/Special Case - All Related Objects/Third Screen Save n Continue' is clicked on

2018-12-12 13:18:46 - [MESSAGE][PASSED] - Object: 'Object Repository/Final Object Repo/New Registration - Registration Module Pages/New Reg - OTC to RO/Special Case - All Related Objects/Third Screen Save n Continue' is clicked on

2018-12-12 13:18:46 - [TEST_STEP][PASSED] - delay: Delayed 5 second(s)

2018-12-12 13:18:51 - [MESSAGE][PASSED] - Delayed 5 second(s)

2018-12-12 13:18:51 - [TEST_STEP][PASSED] - setText: Text 'Query case' is set on object 'Object Repository/Final Object Repo/New Registration - Registration Module Pages/New Reg - OTC to RO/Special Case - All Related Objects/Query Text Input'

2018-12-12 13:18:52 - [MESSAGE][PASSED] - Text 'Query case' is set on object 'Object Repository/Final Object Repo/New Registration - Registration Module Pages/New Reg - OTC to RO/Special Case - All Related Objects/Query Text Input'

2018-12-12 13:18:52 - [TEST_STEP][PASSED] - delay: Delayed 5 second(s)

2018-12-12 13:18:57 - [MESSAGE][PASSED] - Delayed 5 second(s)

2018-12-12 13:18:57 - [TEST_STEP][PASSED] - click: Object: 'Object Repository/Final Object Repo/New Registration - Registration Module Pages/New Reg - OTC to RO/Special Case - All Related Objects/Upload Doc Page Save n Continue' is clicked on

2018-12-12 13:18:57 - [MESSAGE][PASSED] - Object: 'Object Repository/Final Object Repo/New Registration - Registration Module Pages/New Reg - OTC to RO/Special Case - All Related Objects/Upload Doc Page Save n Continue' is clicked on

2018-12-12 13:18:57 - [TEST_STEP][PASSED] - click: Object: 'Object Repository/Final Object Repo/New Registration - Registration Module Pages/New Reg - OTC to RO/Special Case - All Related Objects/Query Button' is clicked on

2018-12-12 13:19:01 - [MESSAGE][PASSED] - Object: 'Object Repository/Final Object Repo/New Registration - Registration Module Pages/New Reg - OTC to RO/Special Case - All Related Objects/Query Button' is clicked on

2018-12-12 13:19:01 - [TEST_STEP][PASSED] - click: Object: 'Object Repository/Final Object Repo/New Registration - Registration Module Pages/New Reg - OTC to RO/Special Case - All Related Objects/Confirm to Query' is clicked on

2018-12-12 13:19:02 - [MESSAGE][PASSED] - Object: 'Object Repository/Final Object Repo/New Registration - Registration Module Pages/New Reg - OTC to RO/Special Case - All Related Objects/Confirm to Query' is clicked on

2018-12-12 13:19:02 - [TEST_STEP][PASSED] - callTestCase: Call Test Case 'Test Cases/Final Aug 2018 - PKS Automation/Registration Module/Log Out/log out avoiding katalon tagging' successfully

2018-12-12 13:19:02 - [TEST_CASE][PASSED] - Test Cases/Final Aug 2018 - PKS Automation/Registration Module/Log Out/log out avoiding katalon tagging: Test Cases/Final Aug 2018 - PKS Automation/Registration Module/Log Out/log out avoiding katalon tagging

2018-12-12 13:19:02 - [TEST_STEP][PASSED] - navigateToUrl: Navigate to 'https://assist2-uat.perkeso.gov.my/c/portal/logout' successfully

2018-12-12 13:19:09 - [MESSAGE][PASSED] - Navigate to 'https://assist2-uat.perkeso.gov.my/c/portal/logout' successfully

2018-12-12 13:19:09 - [MESSAGE][PASSED] - Call Test Case 'Test Cases/Final Aug 2018 - PKS Automation/Registration Module/Log Out/log out avoiding katalon tagging' successfully

2018-12-12 13:19:09 - [TEST_STEP][PASSED] - delay: Delayed 2 second(s)

2018-12-12 13:19:11 - [MESSAGE][PASSED] - Delayed 2 second(s)

2018-12-12 13:19:11 - [TEST_STEP][PASSED] - setText: Text 'klotc2@gmail.com' is set on object 'Object Repository/Final Object Repo/Login Page/Internal User/Email Address'

2018-12-12 13:19:11 - [MESSAGE][PASSED] - Text 'klotc2@gmail.com' is set on object 'Object Repository/Final Object Repo/Login Page/Internal User/Email Address'

2018-12-12 13:19:11 - [TEST_STEP][PASSED] - click: Object: 'Object Repository/Final Object Repo/Login Page/Internal User/Next Button' is clicked on

2018-12-12 13:19:12 - [MESSAGE][PASSED] - Object: 'Object Repository/Final Object Repo/Login Page/Internal User/Next Button' is clicked on

2018-12-12 13:19:12 - [TEST_STEP][PASSED] - delay: Delayed 2 second(s)

2018-12-12 13:19:14 - [MESSAGE][PASSED] - Delayed 2 second(s)

2018-12-12 13:19:14 - [TEST_STEP][PASSED] - setText: Text 'Test1@3456789' is set on object 'Object Repository/Final Object Repo/Login Page/Internal User/Password'

2018-12-12 13:19:14 - [MESSAGE][PASSED] - Text 'Test1@3456789' is set on object 'Object Repository/Final Object Repo/Login Page/Internal User/Password'

2018-12-12 13:19:14 - [TEST_STEP][PASSED] - delay: Delayed 2 second(s)

2018-12-12 13:19:16 - [MESSAGE][PASSED] - Delayed 2 second(s)

2018-12-12 13:19:16 - [TEST_STEP][PASSED] - click: Object: 'Object Repository/Final Object Repo/Login Page/Internal User/Login Button' is clicked on

2018-12-12 13:19:16 - [MESSAGE][PASSED] - Object: 'Object Repository/Final Object Repo/Login Page/Internal User/Login Button' is clicked on

2018-12-12 13:19:16 - [TEST_STEP][PASSED] - delay: Delayed 2 second(s)

2018-12-12 13:19:18 - [MESSAGE][PASSED] - Delayed 2 second(s)

2018-12-12 13:19:18 - [TEST_STEP][PASSED] - Statement - Try: null

2018-12-12 13:19:18 - [TEST_STEP][PASSED] - Statement - Checker = com.kms.katalon.core.webui.keyword.WebUiBuiltInKeywords.verifyElementNotPresent("PKS_SIP_Updated_RegModule/Attempt/Page_MyASSIST - ASSIST/Select to English", 3): null

2018-12-12 13:19:18 - [TEST_STEP][PASSED] - Statement - Catch (Exception e): null

2018-12-12 13:19:18 - [TEST_STEP][PASSED] - Statement - e.printStackTrace(): null

2018-12-12 13:19:18 - [TEST_STEP][PASSED] - delay: Delayed 4 second(s)

2018-12-12 13:19:22 - [MESSAGE][PASSED] - Delayed 4 second(s)

2018-12-12 13:19:22 - [TEST_STEP][PASSED] - click: Object: 'Object Repository/Final Object Repo/Landing Page/My Sites Drop Down' is clicked on

2018-12-12 13:19:22 - [MESSAGE][PASSED] - Object: 'Object Repository/Final Object Repo/Landing Page/My Sites Drop Down' is clicked on

2018-12-12 13:19:22 - [TEST_STEP][PASSED] - click: Object: 'Object Repository/Final Object Repo/Landing Page/Select to Registration Module' is clicked on

2018-12-12 13:19:23 - [MESSAGE][PASSED] - Object: 'Object Repository/Final Object Repo/Landing Page/Select to Registration Module' is clicked on

2018-12-12 13:19:23 - [TEST_STEP][PASSED] - delay: Delayed 2 second(s)

2018-12-12 13:19:25 - [MESSAGE][PASSED] - Delayed 2 second(s)

2018-12-12 13:19:25 - [TEST_STEP][PASSED] - mouseOver: Object: 'Object Repository/Final Object Repo/New Registration - Registration Module Pages/New Reg - OTC to RO/Special Case - All Related Objects/Hover Over Search Drop Down' is hovered

2018-12-12 13:19:25 - [MESSAGE][PASSED] - Object: 'Object Repository/Final Object Repo/New Registration - Registration Module Pages/New Reg - OTC to RO/Special Case - All Related Objects/Hover Over Search Drop Down' is hovered

2018-12-12 13:19:25 - [TEST_STEP][PASSED] - click: Object: 'Object Repository/Final Object Repo/New Registration - Registration Module Pages/New Reg - OTC to RO/Special Case - All Related Objects/Select Search Pending Case' is clicked on

2018-12-12 13:19:26 - [MESSAGE][PASSED] - Object: 'Object Repository/Final Object Repo/New Registration - Registration Module Pages/New Reg - OTC to RO/Special Case - All Related Objects/Select Search Pending Case' is clicked on

2018-12-12 13:19:26 - [TEST_STEP][PASSED] - click: Object: 'Object Repository/Final Object Repo/New Registration - Registration Module Pages/New Reg - OTC to RO/Special Case - All Related Objects/Select Searching Method (Employer Code)' is clicked on

2018-12-12 13:19:26 - [MESSAGE][PASSED] - Object: 'Object Repository/Final Object Repo/New Registration - Registration Module Pages/New Reg - OTC to RO/Special Case - All Related Objects/Select Searching Method (Employer Code)' is clicked on

2018-12-12 13:19:26 - [TEST_STEP][PASSED] - click: Object: 'Object Repository/Final Object Repo/New Registration - Registration Module Pages/New Reg - OTC to RO/Special Case - All Related Objects/Select Searching Method to Reference ID' is clicked on

2018-12-12 13:19:26 - [MESSAGE][PASSED] - Object: 'Object Repository/Final Object Repo/New Registration - Registration Module Pages/New Reg - OTC to RO/Special Case - All Related Objects/Select Searching Method to Reference ID' is clicked on

2018-12-12 13:19:26 - [TEST_STEP][PASSED] - setText: Text 'CRN12201800123196' is set on object 'Object Repository/Final Object Repo/New Registration - Registration Module Pages/New Reg - OTC to RO/Special Case - All Related Objects/Pending Case Ref NO'

2018-12-12 13:19:27 - [MESSAGE][PASSED] - Text 'CRN12201800123196' is set on object 'Object Repository/Final Object Repo/New Registration - Registration Module Pages/New Reg - OTC to RO/Special Case - All Related Objects/Pending Case Ref NO'

2018-12-12 13:19:27 - [TEST_STEP][PASSED] - click: Object: 'Object Repository/Final Object Repo/New Registration - Registration Module Pages/New Reg - OTC to RO/Special Case - All Related Objects/Search Pending Case Based on Ref No' is clicked on

2018-12-12 13:19:27 - [MESSAGE][PASSED] - Object: 'Object Repository/Final Object Repo/New Registration - Registration Module Pages/New Reg - OTC to RO/Special Case - All Related Objects/Search Pending Case Based on Ref No' is clicked on

2018-12-12 13:19:27 - [TEST_STEP][PASSED] - click: Object: 'Object Repository/Final Object Repo/New Registration - Registration Module Pages/New Reg - OTC to RO/Special Case - All Related Objects/Action Button after found case' is clicked on

2018-12-12 13:19:30 - [MESSAGE][PASSED] - Object: 'Object Repository/Final Object Repo/New Registration - Registration Module Pages/New Reg - OTC to RO/Special Case - All Related Objects/Action Button after found case' is clicked on

2018-12-12 13:19:30 - [TEST_STEP][PASSED] - click: Object: 'Object Repository/Final Object Repo/New Registration - Registration Module Pages/New Reg - OTC to RO/Special Case - All Related Objects/Next Button in Pending Case Form 1' is clicked on

2018-12-12 13:19:31 - [MESSAGE][PASSED] - Object: 'Object Repository/Final Object Repo/New Registration - Registration Module Pages/New Reg - OTC to RO/Special Case - All Related Objects/Next Button in Pending Case Form 1' is clicked on

2018-12-12 13:19:31 - [TEST_STEP][PASSED] - click: Object: 'Object Repository/Final Object Repo/New Registration - Registration Module Pages/New Reg - OTC to RO/Special Case - All Related Objects/Next Button in Pending Case Form 2' is clicked on

2018-12-12 13:19:32 - [MESSAGE][PASSED] - Object: 'Object Repository/Final Object Repo/New Registration - Registration Module Pages/New Reg - OTC to RO/Special Case - All Related Objects/Next Button in Pending Case Form 2' is clicked on

2018-12-12 13:19:32 - [TEST_STEP][PASSED] - click: Object: 'Object Repository/Final Object Repo/New Registration - Registration Module Pages/New Reg - OTC to RO/Special Case - All Related Objects/Next Button in Third Screen' is clicked on

2018-12-12 13:19:35 - [MESSAGE][PASSED] - Object: 'Object Repository/Final Object Repo/New Registration - Registration Module Pages/New Reg - OTC to RO/Special Case - All Related Objects/Next Button in Third Screen' is clicked on

2018-12-12 13:19:35 - [TEST_STEP][PASSED] - click: Object: 'Object Repository/Final Object Repo/New Registration - Registration Module Pages/New Reg - OTC to RO/Special Case - All Related Objects/Add Document for Pending Case' is clicked on

2018-12-12 13:19:35 - [MESSAGE][PASSED] - Object: 'Object Repository/Final Object Repo/New Registration - Registration Module Pages/New Reg - OTC to RO/Special Case - All Related Objects/Add Document for Pending Case' is clicked on

2018-12-12 13:19:35 - [TEST_STEP][PASSED] - delay: Delayed 2 second(s)

2018-12-12 13:19:37 - [MESSAGE][PASSED] - Delayed 2 second(s)

2018-12-12 13:19:37 - [TEST_STEP][PASSED] - click: Object: 'Object Repository/Final Object Repo/New Registration - Registration Module Pages/New Reg - OTC to RO/Special Case - All Related Objects/Upload Pending Doc - Please Select' is clicked on

2018-12-12 13:19:38 - [MESSAGE][PASSED] - Object: 'Object Repository/Final Object Repo/New Registration - Registration Module Pages/New Reg - OTC to RO/Special Case - All Related Objects/Upload Pending Doc - Please Select' is clicked on

2018-12-12 13:19:38 - [TEST_STEP][PASSED] - click: Object: 'Object Repository/Final Object Repo/New Registration - Registration Module Pages/New Reg - OTC to RO/Special Case - All Related Objects/Select to Others to Upload' is clicked on

2018-12-12 13:19:38 - [MESSAGE][PASSED] - Object: 'Object Repository/Final Object Repo/New Registration - Registration Module Pages/New Reg - OTC to RO/Special Case - All Related Objects/Select to Others to Upload' is clicked on

2018-12-12 13:19:38 - [TEST_STEP][PASSED] - delay: Delayed 2 second(s)

2018-12-12 13:19:40 - [MESSAGE][PASSED] - Delayed 2 second(s)

2018-12-12 13:19:40 - [TEST_STEP][PASSED] - uploadFile: File 'C:\Users\Public\Pictures\Sample Pictures\Koala.jpg' sent to object: 'Object Repository/Final Object Repo/New Registration - Registration Module Pages/New Reg - OTC to RO/Special Case - All Related Objects/Uploading Pending Case Action'

2018-12-12 13:19:40 - [MESSAGE][PASSED] - File 'C:\Users\Public\Pictures\Sample Pictures\Koala.jpg' sent to object: 'Object Repository/Final Object Repo/New Registration - Registration Module Pages/New Reg - OTC to RO/Special Case - All Related Objects/Uploading Pending Case Action'

2018-12-12 13:19:40 - [TEST_STEP][PASSED] - click: Object: 'Object Repository/Final Object Repo/New Registration - Registration Module Pages/New Reg - OTC to RO/Special Case - All Related Objects/Inner form Add Document Button Pending Case' is clicked on

2018-12-12 13:19:41 - [MESSAGE][PASSED] - Object: 'Object Repository/Final Object Repo/New Registration - Registration Module Pages/New Reg - OTC to RO/Special Case - All Related Objects/Inner form Add Document Button Pending Case' is clicked on

2018-12-12 13:19:41 - [TEST_STEP][PASSED] - click: Object: 'Object Repository/Final Object Repo/New Registration - Registration Module Pages/New Reg - OTC to RO/Special Case - All Related Objects/Pending Case Exit' is clicked on

2018-12-12 13:19:46 - [MESSAGE][PASSED] - Object: 'Object Repository/Final Object Repo/New Registration - Registration Module Pages/New Reg - OTC to RO/Special Case - All Related Objects/Pending Case Exit' is clicked on

2018-12-12 13:19:46 - [TEST_STEP][PASSED] - callTestCase: Call Test Case 'Test Cases/Final Aug 2018 - PKS Automation/Registration Module/Log Out/log out avoiding katalon tagging' successfully

2018-12-12 13:19:46 - [TEST_CASE][PASSED] - Test Cases/Final Aug 2018 - PKS Automation/Registration Module/Log Out/log out avoiding katalon tagging: Test Cases/Final Aug 2018 - PKS Automation/Registration Module/Log Out/log out avoiding katalon tagging

2018-12-12 13:19:46 - [TEST_STEP][PASSED] - navigateToUrl: Navigate to 'https://assist2-uat.perkeso.gov.my/c/portal/logout' successfully

2018-12-12 13:19:46 - [MESSAGE][PASSED] - Navigate to 'https://assist2-uat.perkeso.gov.my/c/portal/logout' successfully

2018-12-12 13:19:46 - [MESSAGE][PASSED] - Call Test Case 'Test Cases/Final Aug 2018 - PKS Automation/Registration Module/Log Out/log out avoiding katalon tagging' successfully

2018-12-12 13:19:46 - [TEST_STEP][PASSED] - delay: Delayed 2 second(s)

2018-12-12 13:19:48 - [MESSAGE][PASSED] - Delayed 2 second(s)

2018-12-12 13:19:48 - [TEST_STEP][PASSED] - callTestCase: Call Test Case 'Test Cases/Final Aug 2018 - PKS Automation/Common/Workflow Owner Finder' successfully

2018-12-12 13:19:48 - [TEST_CASE][PASSED] - Test Cases/Final Aug 2018 - PKS Automation/Common/Workflow Owner Finder: Test Cases/Final Aug 2018 - PKS Automation/Common/Workflow Owner Finder

2018-12-12 13:19:48 - [TEST_STEP][PASSED] - openBrowser: Browser is opened with url: ''

2018-12-12 13:19:48 - [MESSAGE][WARNING] - A browser is already opened. Closing browser and opening a new one

2018-12-12 13:19:53 - [MESSAGE][PASSED] - Browser is opened with url: ''

2018-12-12 13:19:53 - [TEST_STEP][PASSED] - navigateToUrl: Navigate to 'https://assist2-uat.perkeso.gov.my/login' successfully

2018-12-12 13:19:54 - [MESSAGE][PASSED] - Navigate to 'https://assist2-uat.perkeso.gov.my/login' successfully

2018-12-12 13:19:54 - [TEST_STEP][PASSED] - delay: Delayed 5 second(s)

2018-12-12 13:19:59 - [MESSAGE][PASSED] - Delayed 5 second(s)

2018-12-12 13:19:59 - [TEST_STEP][PASSED] - setText: Text 'test@liferay.com' is set on object 'Object Repository/Final Object Repo/Login Page/Internal User/Email Address'

2018-12-12 13:19:59 - [MESSAGE][PASSED] - Text 'test@liferay.com' is set on object 'Object Repository/Final Object Repo/Login Page/Internal User/Email Address'

2018-12-12 13:19:59 - [TEST_STEP][PASSED] - click: Object: 'Object Repository/Final Object Repo/Login Page/Internal User/Next Button' is clicked on

2018-12-12 13:20:00 - [MESSAGE][PASSED] - Object: 'Object Repository/Final Object Repo/Login Page/Internal User/Next Button' is clicked on

2018-12-12 13:20:00 - [TEST_STEP][PASSED] - delay: Delayed 2 second(s)

2018-12-12 13:20:02 - [MESSAGE][PASSED] - Delayed 2 second(s)

2018-12-12 13:20:02 - [TEST_STEP][PASSED] - setText: Text 'test' is set on object 'Object Repository/Final Object Repo/Login Page/Internal User/Password'

2018-12-12 13:20:02 - [MESSAGE][PASSED] - Text 'test' is set on object 'Object Repository/Final Object Repo/Login Page/Internal User/Password'

2018-12-12 13:20:02 - [TEST_STEP][PASSED] - delay: Delayed 2 second(s)

2018-12-12 13:20:04 - [MESSAGE][PASSED] - Delayed 2 second(s)

2018-12-12 13:20:04 - [TEST_STEP][PASSED] - click: Object: 'Object Repository/Final Object Repo/Login Page/Internal User/Login Button' is clicked on

2018-12-12 13:20:04 - [MESSAGE][PASSED] - Object: 'Object Repository/Final Object Repo/Login Page/Internal User/Login Button' is clicked on

2018-12-12 13:20:04 - [TEST_STEP][PASSED] - Statement - tester = com.kms.katalon.core.testobject.ObjectRepository.findTestObject(Final Object Repo/Landing Page/Select to English): Finding Test Object with id 'Object Repository/Final Object Repo/Landing Page/Select to English'

2018-12-12 13:20:04 - [TEST_STEP][PASSED] - Statement - Try: Delayed 2 second(s)

2018-12-12 13:20:04 - [TEST_STEP][PASSED] - Statement - Checker = com.kms.katalon.core.webui.keyword.WebUiBuiltInKeywords.verifyElementNotPresent(tester, 3): Web element with id: 'Object Repository/Final Object Repo/Landing Page/Select to English' located by 'By.xpath: //a[@class = 'taglib-language-list-text' and @lang = 'en-US' and (contains(text(), 'EN') or contains(., 'EN'))]' is not present after '3' second(s)

2018-12-12 13:20:06 - [MESSAGE][PASSED] - Web element with id: 'Object Repository/Final Object Repo/Landing Page/Select to English' located by 'By.xpath: //a[@class = 'taglib-language-list-text' and @lang = 'en-US' and (contains(text(), 'EN') or contains(., 'EN'))]' is not present after '3' second(s)

2018-12-12 13:20:06 - [TEST_STEP][PASSED] - Statement - If (Checker == false): null

2018-12-12 13:20:06 - [TEST_STEP][PASSED] - delay: Delayed 2 second(s)

2018-12-12 13:20:08 - [MESSAGE][PASSED] - Delayed 2 second(s)

2018-12-12 13:20:08 - [TEST_STEP][PASSED] - delay: Delayed 5 second(s)

2018-12-12 13:20:13 - [MESSAGE][PASSED] - Delayed 5 second(s)

2018-12-12 13:20:13 - [TEST_STEP][PASSED] - mouseOver: Object: 'Object Repository/Final Object Repo/Landing Page/WorkFlow Menu' is hovered

2018-12-12 13:20:13 - [MESSAGE][PASSED] - Object: 'Object Repository/Final Object Repo/Landing Page/WorkFlow Menu' is hovered

2018-12-12 13:20:13 - [TEST_STEP][PASSED] - delay: Delayed 2 second(s)

2018-12-12 13:20:15 - [MESSAGE][PASSED] - Delayed 2 second(s)

2018-12-12 13:20:15 - [TEST_STEP][PASSED] - click: Object: 'Object Repository/Final Object Repo/Landing Page/Select to Workflow Listing' is clicked on

2018-12-12 13:20:16 - [MESSAGE][PASSED] - Object: 'Object Repository/Final Object Repo/Landing Page/Select to Workflow Listing' is clicked on

2018-12-12 13:20:16 - [TEST_STEP][PASSED] - delay: Delayed 2 second(s)

2018-12-12 13:20:18 - [MESSAGE][PASSED] - Delayed 2 second(s)

2018-12-12 13:20:18 - [TEST_STEP][PASSED] - click: Object: 'Object Repository/Final Object Repo/WorkFlow Listing Page/Search Information - To Put Ref No' is clicked on

2018-12-12 13:20:19 - [MESSAGE][PASSED] - Object: 'Object Repository/Final Object Repo/WorkFlow Listing Page/Search Information - To Put Ref No' is clicked on

2018-12-12 13:20:19 - [TEST_STEP][PASSED] - delay: Delayed 2 second(s)

2018-12-12 13:20:21 - [MESSAGE][PASSED] - Delayed 2 second(s)

2018-12-12 13:20:21 - [TEST_STEP][PASSED] - callTestCase: Call Test Case 'Test Cases/Final Aug 2018 - PKS Automation/Common/Reference Number Getter' successfully

2018-12-12 13:20:21 - [TEST_CASE][PASSED] - Test Cases/Final Aug 2018 - PKS Automation/Common/Reference Number Getter: Test Cases/Final Aug 2018 - PKS Automation/Common/Reference Number Getter

2018-12-12 13:20:21 - [TEST_STEP][PASSED] - Statement - Try: null

2018-12-12 13:20:21 - [TEST_STEP][PASSED] - Statement - RefNo = new java.io.File(C://Users//Admin//Desktop//PKS//Automation Reference Point//KatalonReference.txt): null

2018-12-12 13:20:21 - [TEST_STEP][PASSED] - Statement - bufferread = new java.io.BufferedReader(new java.io.FileReader(RefNo)): null

2018-12-12 13:20:21 - [TEST_STEP][PASSED] - Statement - readedVal = bufferread.readLine(): null

2018-12-12 13:20:21 - [TEST_STEP][PASSED] - Statement - out.println(CaseReferenceNo): null

2018-12-12 13:20:21 - [TEST_STEP][PASSED] - Statement - out.println(readedVal): null

2018-12-12 13:20:21 - [TEST_STEP][PASSED] - Statement - CaseReferenceNo = "": null

2018-12-12 13:20:21 - [TEST_STEP][PASSED] - Statement - CaseReferenceNo = readedVal: null

2018-12-12 13:20:21 - [MESSAGE][PASSED] - Call Test Case 'Test Cases/Final Aug 2018 - PKS Automation/Common/Reference Number Getter' successfully

2018-12-12 13:20:21 - [TEST_STEP][PASSED] - setText: Text 'CRN12201800123196' is set on object 'Object Repository/Final Object Repo/WorkFlow Listing Page/Ref No Set Text'

2018-12-12 13:20:21 - [MESSAGE][PASSED] - Text 'CRN12201800123196' is set on object 'Object Repository/Final Object Repo/WorkFlow Listing Page/Ref No Set Text'

2018-12-12 13:20:21 - [TEST_STEP][PASSED] - delay: Delayed 2 second(s)

2018-12-12 13:20:23 - [MESSAGE][PASSED] - Delayed 2 second(s)

2018-12-12 13:20:23 - [TEST_STEP][PASSED] - click: Object: 'Object Repository/Final Object Repo/WorkFlow Listing Page/Search Ref No Search Button' is clicked on

2018-12-12 13:20:23 - [MESSAGE][PASSED] - Object: 'Object Repository/Final Object Repo/WorkFlow Listing Page/Search Ref No Search Button' is clicked on

2018-12-12 13:20:23 - [TEST_STEP][PASSED] - delay: Delayed 6 second(s)

2018-12-12 13:20:29 - [MESSAGE][PASSED] - Delayed 6 second(s)

2018-12-12 13:20:29 - [TEST_STEP][PASSED] - click: Object: 'Object Repository/Final Object Repo/WorkFlow Listing Page/Click Continue Tooltip' is clicked on

2018-12-12 13:20:30 - [MESSAGE][PASSED] - Object: 'Object Repository/Final Object Repo/WorkFlow Listing Page/Click Continue Tooltip' is clicked on

2018-12-12 13:20:30 - [TEST_STEP][PASSED] - delay: Delayed 5 second(s)

2018-12-12 13:20:35 - [MESSAGE][PASSED] - Delayed 5 second(s)

2018-12-12 13:20:35 - [TEST_STEP][PASSED] - doubleClick: Object: 'Object Repository/Final Object Repo/WorkFlow Listing Page/Workflow Found - Listing 1' is double clicked on

2018-12-12 13:20:36 - [MESSAGE][PASSED] - Object: 'Object Repository/Final Object Repo/WorkFlow Listing Page/Workflow Found - Listing 1' is double clicked on

2018-12-12 13:20:36 - [TEST_STEP][PASSED] - Statement - println(OwnerID): null

2018-12-12 13:20:36 - [TEST_STEP][PASSED] - Statement - OwnerID = com.kms.katalon.core.webui.keyword.WebUiBuiltInKeywords.getText(com.kms.katalon.core.testobject.ObjectRepository.findTestObject(Final Object Repo/WorkFlow Listing Page/Workflow Found - Listing 1), STOP_ON_FAILURE): Text of object 'Object Repository/Final Object Repo/WorkFlow Listing Page/Workflow Found - Listing 1' is: 'JOHORro3'

2018-12-12 13:20:36 - [MESSAGE][PASSED] - Text of object 'Object Repository/Final Object Repo/WorkFlow Listing Page/Workflow Found - Listing 1' is: 'JOHORro3'

2018-12-12 13:20:36 - [TEST_STEP][PASSED] - Statement - OwnerID = OwnerID.toLowerCase() + "@gmail.com": null

2018-12-12 13:20:36 - [TEST_STEP][PASSED] - Statement - println(OwnerID): null

2018-12-12 13:20:36 - [TEST_STEP][PASSED] - delay: Delayed 2 second(s)

2018-12-12 13:20:38 - [MESSAGE][PASSED] - Delayed 2 second(s)

2018-12-12 13:20:38 - [MESSAGE][PASSED] - Call Test Case 'Test Cases/Final Aug 2018 - PKS Automation/Common/Workflow Owner Finder' successfully

2018-12-12 13:20:38 - [TEST_STEP][PASSED] - callTestCase: Call Test Case 'Test Cases/Final Aug 2018 - PKS Automation/Registration Module/Log Out/log out avoiding katalon tagging' successfully

2018-12-12 13:20:38 - [TEST_CASE][PASSED] - Test Cases/Final Aug 2018 - PKS Automation/Registration Module/Log Out/log out avoiding katalon tagging: Test Cases/Final Aug 2018 - PKS Automation/Registration Module/Log Out/log out avoiding katalon tagging

2018-12-12 13:20:38 - [TEST_STEP][PASSED] - navigateToUrl: Navigate to 'https://assist2-uat.perkeso.gov.my/c/portal/logout' successfully

2018-12-12 13:20:38 - [MESSAGE][PASSED] - Navigate to 'https://assist2-uat.perkeso.gov.my/c/portal/logout' successfully

2018-12-12 13:20:38 - [MESSAGE][PASSED] - Call Test Case 'Test Cases/Final Aug 2018 - PKS Automation/Registration Module/Log Out/log out avoiding katalon tagging' successfully

2018-12-12 13:20:38 - [TEST_STEP][PASSED] - delay: Delayed 2 second(s)

2018-12-12 13:20:40 - [MESSAGE][PASSED] - Delayed 2 second(s)

2018-12-12 13:20:40 - [TEST_STEP][PASSED] - setText: Text 'johorro3@gmail.com' is set on object 'Object Repository/Final Object Repo/Login Page/Internal User/Email Address'

2018-12-12 13:20:41 - [MESSAGE][PASSED] - Text 'johorro3@gmail.com' is set on object 'Object Repository/Final Object Repo/Login Page/Internal User/Email Address'

2018-12-12 13:20:41 - [TEST_STEP][PASSED] - click: Object: 'Object Repository/Final Object Repo/Login Page/Internal User/Next Button' is clicked on

2018-12-12 13:20:41 - [MESSAGE][PASSED] - Object: 'Object Repository/Final Object Repo/Login Page/Internal User/Next Button' is clicked on

2018-12-12 13:20:41 - [TEST_STEP][PASSED] - delay: Delayed 2 second(s)

2018-12-12 13:20:43 - [MESSAGE][PASSED] - Delayed 2 second(s)

2018-12-12 13:20:43 - [TEST_STEP][PASSED] - setText: Text 'Test1@3456789' is set on object 'Object Repository/Final Object Repo/Login Page/Internal User/Password'

2018-12-12 13:20:43 - [MESSAGE][PASSED] - Text 'Test1@3456789' is set on object 'Object Repository/Final Object Repo/Login Page/Internal User/Password'

2018-12-12 13:20:43 - [TEST_STEP][PASSED] - delay: Delayed 2 second(s)

2018-12-12 13:20:45 - [MESSAGE][PASSED] - Delayed 2 second(s)

2018-12-12 13:20:45 - [TEST_STEP][PASSED] - click: Object: 'Object Repository/Final Object Repo/Login Page/Internal User/Login Button' is clicked on

2018-12-12 13:20:45 - [MESSAGE][PASSED] - Object: 'Object Repository/Final Object Repo/Login Page/Internal User/Login Button' is clicked on

2018-12-12 13:20:45 - [TEST_STEP][PASSED] - delay: Delayed 2 second(s)

2018-12-12 13:20:47 - [MESSAGE][PASSED] - Delayed 2 second(s)

2018-12-12 13:20:47 - [TEST_STEP][PASSED] - Statement - Try: null

2018-12-12 13:20:47 - [TEST_STEP][PASSED] - Statement - Checker = com.kms.katalon.core.webui.keyword.WebUiBuiltInKeywords.verifyElementNotPresent("Final Object Repo/Landing Page/Select to English", 3): null

2018-12-12 13:20:47 - [TEST_STEP][PASSED] - Statement - Catch (Exception e): null

2018-12-12 13:20:47 - [TEST_STEP][PASSED] - Statement - e.printStackTrace(): null

2018-12-12 13:20:48 - [TEST_STEP][PASSED] - click: Object: 'Object Repository/Final Object Repo/New Registration - Registration Module Pages/New Reg - OTC to RO/Special Case - All Related Objects/Expand to Search' is clicked on

2018-12-12 13:20:48 - [MESSAGE][PASSED] - Object: 'Object Repository/Final Object Repo/New Registration - Registration Module Pages/New Reg - OTC to RO/Special Case - All Related Objects/Expand to Search' is clicked on

2018-12-12 13:20:48 - [TEST_STEP][PASSED] - callTestCase: Call Test Case 'Test Cases/Final Aug 2018 - PKS Automation/Common/Reference Number Getter' successfully

2018-12-12 13:20:48 - [TEST_CASE][PASSED] - Test Cases/Final Aug 2018 - PKS Automation/Common/Reference Number Getter: Test Cases/Final Aug 2018 - PKS Automation/Common/Reference Number Getter

2018-12-12 13:20:48 - [TEST_STEP][PASSED] - Statement - Try: null

2018-12-12 13:20:48 - [TEST_STEP][PASSED] - Statement - RefNo = new java.io.File(C://Users//Admin//Desktop//PKS//Automation Reference Point//KatalonReference.txt): null

2018-12-12 13:20:48 - [TEST_STEP][PASSED] - Statement - bufferread = new java.io.BufferedReader(new java.io.FileReader(RefNo)): null

2018-12-12 13:20:48 - [TEST_STEP][PASSED] - Statement - readedVal = bufferread.readLine(): null

2018-12-12 13:20:48 - [TEST_STEP][PASSED] - Statement - out.println(CaseReferenceNo): null

2018-12-12 13:20:48 - [TEST_STEP][PASSED] - Statement - out.println(readedVal): null

2018-12-12 13:20:48 - [TEST_STEP][PASSED] - Statement - CaseReferenceNo = "": null

2018-12-12 13:20:48 - [TEST_STEP][PASSED] - Statement - CaseReferenceNo = readedVal: null

2018-12-12 13:20:48 - [MESSAGE][PASSED] - Call Test Case 'Test Cases/Final Aug 2018 - PKS Automation/Common/Reference Number Getter' successfully

2018-12-12 13:20:48 - [TEST_STEP][PASSED] - setText: Text 'CRN12201800123196' is set on object 'Object Repository/Final Object Repo/New Registration - Registration Module Pages/New Reg - OTC to RO/Special Case - All Related Objects/TextBox RefNo in Workbasket'

2018-12-12 13:20:48 - [MESSAGE][PASSED] - Text 'CRN12201800123196' is set on object 'Object Repository/Final Object Repo/New Registration - Registration Module Pages/New Reg - OTC to RO/Special Case - All Related Objects/TextBox RefNo in Workbasket'

2018-12-12 13:20:48 - [TEST_STEP][PASSED] - delay: Delayed 2 second(s)

2018-12-12 13:20:50 - [MESSAGE][PASSED] - Delayed 2 second(s)

2018-12-12 13:20:50 - [TEST_STEP][PASSED] - click: Object: 'Object Repository/Final Object Repo/New Registration - Registration Module Pages/New Reg - OTC to RO/Special Case - All Related Objects/Click Search' is clicked on

2018-12-12 13:20:50 - [MESSAGE][PASSED] - Object: 'Object Repository/Final Object Repo/New Registration - Registration Module Pages/New Reg - OTC to RO/Special Case - All Related Objects/Click Search' is clicked on

2018-12-12 13:20:50 - [TEST_STEP][PASSED] - delay: Delayed 2 second(s)

2018-12-12 13:20:52 - [MESSAGE][PASSED] - Delayed 2 second(s)

2018-12-12 13:20:52 - [TEST_STEP][PASSED] - click: Object: 'Object Repository/Final Object Repo/New Registration - Registration Module Pages/New Reg - OTC to RO/Special Case - All Related Objects/Click to Continue Workflow' is clicked on

2018-12-12 13:20:56 - [MESSAGE][PASSED] - Object: 'Object Repository/Final Object Repo/New Registration - Registration Module Pages/New Reg - OTC to RO/Special Case - All Related Objects/Click to Continue Workflow' is clicked on

2018-12-12 13:20:56 - [TEST_STEP][PASSED] - delay: Delayed 2 second(s)

2018-12-12 13:20:58 - [MESSAGE][PASSED] - Delayed 2 second(s)

2018-12-12 13:20:58 - [TEST_STEP][PASSED] - click: Object: 'Object Repository/Final Object Repo/New Registration - Registration Module Pages/New Reg - OTC to RO/Special Case - All Related Objects/Continue Button in verifying case' is clicked on

2018-12-12 13:21:00 - [MESSAGE][PASSED] - Object: 'Object Repository/Final Object Repo/New Registration - Registration Module Pages/New Reg - OTC to RO/Special Case - All Related Objects/Continue Button in verifying case' is clicked on

2018-12-12 13:21:00 - [TEST_STEP][PASSED] - delay: Delayed 2 second(s)

2018-12-12 13:21:02 - [MESSAGE][PASSED] - Delayed 2 second(s)

2018-12-12 13:21:02 - [TEST_STEP][PASSED] - click: Object: 'Object Repository/Final Object Repo/New Registration - Registration Module Pages/New Reg - OTC to RO/Special Case - All Related Objects/Form 1 Save n Continue' is clicked on

2018-12-12 13:21:02 - [MESSAGE][PASSED] - Object: 'Object Repository/Final Object Repo/New Registration - Registration Module Pages/New Reg - OTC to RO/Special Case - All Related Objects/Form 1 Save n Continue' is clicked on

2018-12-12 13:21:02 - [TEST_STEP][PASSED] - delay: Delayed 2 second(s)

2018-12-12 13:21:04 - [MESSAGE][PASSED] - Delayed 2 second(s)

2018-12-12 13:21:04 - [TEST_STEP][PASSED] - click: Object: 'Object Repository/Final Object Repo/New Registration - Registration Module Pages/New Reg - OTC to RO/Special Case - All Related Objects/Form 2 Save n Continue' is clicked on

2018-12-12 13:21:04 - [MESSAGE][PASSED] - Object: 'Object Repository/Final Object Repo/New Registration - Registration Module Pages/New Reg - OTC to RO/Special Case - All Related Objects/Form 2 Save n Continue' is clicked on

2018-12-12 13:21:04 - [TEST_STEP][PASSED] - delay: Delayed 2 second(s)

2018-12-12 13:21:06 - [MESSAGE][PASSED] - Delayed 2 second(s)

2018-12-12 13:21:06 - [TEST_STEP][PASSED] - click: Object: 'Object Repository/Final Object Repo/New Registration - Registration Module Pages/New Reg - OTC to RO/Special Case - All Related Objects/Third Screen Save n Continue' is clicked on

2018-12-12 13:21:12 - [MESSAGE][PASSED] - Object: 'Object Repository/Final Object Repo/New Registration - Registration Module Pages/New Reg - OTC to RO/Special Case - All Related Objects/Third Screen Save n Continue' is clicked on

2018-12-12 13:21:12 - [TEST_STEP][PASSED] - delay: Delayed 5 second(s)

2018-12-12 13:21:17 - [MESSAGE][PASSED] - Delayed 5 second(s)

2018-12-12 13:21:17 - [TEST_STEP][PASSED] - click: Object: 'Object Repository/Final Object Repo/New Registration - Registration Module Pages/New Reg - OTC to RO/Special Case - All Related Objects/Upload Doc Page Save n Continue' is clicked on

2018-12-12 13:21:17 - [MESSAGE][PASSED] - Object: 'Object Repository/Final Object Repo/New Registration - Registration Module Pages/New Reg - OTC to RO/Special Case - All Related Objects/Upload Doc Page Save n Continue' is clicked on

2018-12-12 13:21:17 - [TEST_STEP][PASSED] - delay: Delayed 5 second(s)

2018-12-12 13:21:22 - [MESSAGE][PASSED] - Delayed 5 second(s)

2018-12-12 13:21:22 - [TEST_STEP][PASSED] - callTestCase: Call Test Case 'Test Cases/Final Aug 2018 - PKS Automation/Registration Module/New Registration/Submit and Screenshot/Submit Registration and Screenshot' successfully

2018-12-12 13:21:22 - [TEST_CASE][PASSED] - Test Cases/Final Aug 2018 - PKS Automation/Registration Module/New Registration/Submit and Screenshot/Submit Registration and Screenshot: Test Cases/Final Aug 2018 - PKS Automation/Registration Module/New Registration/Submit and Screenshot/Submit Registration and Screenshot

2018-12-12 13:21:22 - [TEST_STEP][PASSED] - delay: Delayed 6 second(s)

2018-12-12 13:21:28 - [MESSAGE][PASSED] - Delayed 6 second(s)

2018-12-12 13:21:28 - [TEST_STEP][PASSED] - click: Object: 'Object Repository/Final Object Repo/New Registration - Registration Module Pages/Third Screen - Upload Supporting Doc- Preview/Preview Submit Button' is clicked on

2018-12-12 13:21:28 - [MESSAGE][PASSED] - Object: 'Object Repository/Final Object Repo/New Registration - Registration Module Pages/Third Screen - Upload Supporting Doc- Preview/Preview Submit Button' is clicked on

2018-12-12 13:21:28 - [TEST_STEP][PASSED] - delay: Delayed 2 second(s)

2018-12-12 13:21:30 - [MESSAGE][PASSED] - Delayed 2 second(s)

2018-12-12 13:21:30 - [TEST_STEP][PASSED] - click: Object: 'Object Repository/Final Object Repo/New Registration - Registration Module Pages/Third Screen - Upload Supporting Doc- Preview/Preview Submit - Confirm' is clicked on

2018-12-12 13:21:30 - [MESSAGE][PASSED] - Object: 'Object Repository/Final Object Repo/New Registration - Registration Module Pages/Third Screen - Upload Supporting Doc- Preview/Preview Submit - Confirm' is clicked on

2018-12-12 13:21:30 - [TEST_STEP][PASSED] - delay: Delayed 15 second(s)

2018-12-12 13:21:45 - [MESSAGE][PASSED] - Delayed 15 second(s)

2018-12-12 13:21:45 - [TEST_STEP][PASSED] - Statement - driver = com.kms.katalon.core.webui.driver.DriverFactory.getWebDriver(): null

2018-12-12 13:21:45 - [TEST_STEP][PASSED] - Statement - driver.manage().timeouts().implicitlyWait(10, SECONDS): null

2018-12-12 13:21:45 - [TEST_STEP][PASSED] - Statement - PresavePath = KatalonScreenshots: null

2018-12-12 13:21:45 - [TEST_STEP][PASSED] - Statement - pathPrefix = "C:\Users\Public\Pictures\Sample Pictures\Katalon Screenshots\Automate Ending Screen": null

2018-12-12 13:21:45 - [TEST_STEP][PASSED] - Statement - finalPath = <not implemented yet for class: org.codehaus.groovy.ast.expr.EmptyExpression>: null

2018-12-12 13:21:45 - [TEST_STEP][PASSED] - Statement - scrFile = driver.getScreenshotAs(FILE): null

2018-12-12 13:21:46 - [TEST_STEP][PASSED] - Statement - PreSaveFile = new java.io.File(PresavePath): null

2018-12-12 13:21:46 - [TEST_STEP][PASSED] - Statement - counter = 0: null

2018-12-12 13:21:46 - [TEST_STEP][PASSED] - Statement - If (PreSaveFile.exists()): null

2018-12-12 13:21:46 - [TEST_STEP][PASSED] - Statement - While (PreSaveFile.exists()): null

2018-12-12 13:21:46 - [TEST_STEP][PASSED] - Statement - counter = counter + 1: null

2018-12-12 13:21:46 - [TEST_STEP][PASSED] - Statement - PreSaveFile = new java.io.File(((pathPrefix + java.lang.Integer.toString(counter)) + .png)): null

2018-12-12 13:21:46 - [TEST_STEP][PASSED] - Statement - counter = counter + 1: null

2018-12-12 13:21:46 - [TEST_STEP][PASSED] - Statement - PreSaveFile = new java.io.File(((pathPrefix + java.lang.Integer.toString(counter)) + .png)): null

2018-12-12 13:21:46 - [TEST_STEP][PASSED] - Statement - counter = counter + 1: null

2018-12-12 13:21:46 - [TEST_STEP][PASSED] - Statement - PreSaveFile = new java.io.File(((pathPrefix + java.lang.Integer.toString(counter)) + .png)): null

2018-12-12 13:21:46 - [TEST_STEP][PASSED] - Statement - counter = counter + 1: null

2018-12-12 13:21:46 - [TEST_STEP][PASSED] - Statement - PreSaveFile = new java.io.File(((pathPrefix + java.lang.Integer.toString(counter)) + .png)): null

2018-12-12 13:21:46 - [TEST_STEP][PASSED] - Statement - counter = counter + 1: null

2018-12-12 13:21:46 - [TEST_STEP][PASSED] - Statement - PreSaveFile = new java.io.File(((pathPrefix + java.lang.Integer.toString(counter)) + .png)): null

2018-12-12 13:21:46 - [TEST_STEP][PASSED] - Statement - counter = counter + 1: null

2018-12-12 13:21:46 - [TEST_STEP][PASSED] - Statement - PreSaveFile = new java.io.File(((pathPrefix + java.lang.Integer.toString(counter)) + .png)): null

2018-12-12 13:21:46 - [TEST_STEP][PASSED] - Statement - counter = counter + 1: null

2018-12-12 13:21:46 - [TEST_STEP][PASSED] - Statement - PreSaveFile = new java.io.File(((pathPrefix + java.lang.Integer.toString(counter)) + .png)): null

2018-12-12 13:21:46 - [TEST_STEP][PASSED] - Statement - counter = counter + 1: null

2018-12-12 13:21:46 - [TEST_STEP][PASSED] - Statement - PreSaveFile = new java.io.File(((pathPrefix + java.lang.Integer.toString(counter)) + .png)): null

2018-12-12 13:21:46 - [TEST_STEP][PASSED] - Statement - counter = counter + 1: null

2018-12-12 13:21:46 - [TEST_STEP][PASSED] - Statement - PreSaveFile = new java.io.File(((pathPrefix + java.lang.Integer.toString(counter)) + .png)): null

2018-12-12 13:21:46 - [TEST_STEP][PASSED] - Statement - counter = counter + 1: null

2018-12-12 13:21:46 - [TEST_STEP][PASSED] - Statement - PreSaveFile = new java.io.File(((pathPrefix + java.lang.Integer.toString(counter)) + .png)): null

2018-12-12 13:21:46 - [TEST_STEP][PASSED] - Statement - counter = counter + 1: null

2018-12-12 13:21:46 - [TEST_STEP][PASSED] - Statement - PreSaveFile = new java.io.File(((pathPrefix + java.lang.Integer.toString(counter)) + .png)): null

2018-12-12 13:21:46 - [TEST_STEP][PASSED] - Statement - counter = counter + 1: null

2018-12-12 13:21:46 - [TEST_STEP][PASSED] - Statement - PreSaveFile = new java.io.File(((pathPrefix + java.lang.Integer.toString(counter)) + .png)): null

2018-12-12 13:21:46 - [TEST_STEP][PASSED] - Statement - counter = counter + 1: null

2018-12-12 13:21:46 - [TEST_STEP][PASSED] - Statement - PreSaveFile = new java.io.File(((pathPrefix + java.lang.Integer.toString(counter)) + .png)): null

2018-12-12 13:21:46 - [TEST_STEP][PASSED] - Statement - counter = counter + 1: null

2018-12-12 13:21:46 - [TEST_STEP][PASSED] - Statement - PreSaveFile = new java.io.File(((pathPrefix + java.lang.Integer.toString(counter)) + .png)): null

2018-12-12 13:21:46 - [TEST_STEP][PASSED] - Statement - counter = counter + 1: null

2018-12-12 13:21:46 - [TEST_STEP][PASSED] - Statement - PreSaveFile = new java.io.File(((pathPrefix + java.lang.Integer.toString(counter)) + .png)): null

2018-12-12 13:21:46 - [TEST_STEP][PASSED] - Statement - counter = counter + 1: null

2018-12-12 13:21:46 - [TEST_STEP][PASSED] - Statement - PreSaveFile = new java.io.File(((pathPrefix + java.lang.Integer.toString(counter)) + .png)): null

2018-12-12 13:21:46 - [TEST_STEP][PASSED] - Statement - counter = counter + 1: null

2018-12-12 13:21:46 - [TEST_STEP][PASSED] - Statement - PreSaveFile = new java.io.File(((pathPrefix + java.lang.Integer.toString(counter)) + .png)): null

2018-12-12 13:21:46 - [TEST_STEP][PASSED] - Statement - counter = counter + 1: null

2018-12-12 13:21:46 - [TEST_STEP][PASSED] - Statement - PreSaveFile = new java.io.File(((pathPrefix + java.lang.Integer.toString(counter)) + .png)): null

2018-12-12 13:21:46 - [TEST_STEP][PASSED] - Statement - counter = counter + 1: null

2018-12-12 13:21:46 - [TEST_STEP][PASSED] - Statement - PreSaveFile = new java.io.File(((pathPrefix + java.lang.Integer.toString(counter)) + .png)): null

2018-12-12 13:21:46 - [TEST_STEP][PASSED] - Statement - counter = counter + 1: null

2018-12-12 13:21:46 - [TEST_STEP][PASSED] - Statement - PreSaveFile = new java.io.File(((pathPrefix + java.lang.Integer.toString(counter)) + .png)): null

2018-12-12 13:21:46 - [TEST_STEP][PASSED] - Statement - counter = counter + 1: null

2018-12-12 13:21:46 - [TEST_STEP][PASSED] - Statement - PreSaveFile = new java.io.File(((pathPrefix + java.lang.Integer.toString(counter)) + .png)): null

2018-12-12 13:21:46 - [TEST_STEP][PASSED] - Statement - counter = counter + 1: null

2018-12-12 13:21:46 - [TEST_STEP][PASSED] - Statement - PreSaveFile = new java.io.File(((pathPrefix + java.lang.Integer.toString(counter)) + .png)): null

2018-12-12 13:21:46 - [TEST_STEP][PASSED] - Statement - counter = counter + 1: null

2018-12-12 13:21:46 - [TEST_STEP][PASSED] - Statement - PreSaveFile = new java.io.File(((pathPrefix + java.lang.Integer.toString(counter)) + .png)): null

2018-12-12 13:21:46 - [TEST_STEP][PASSED] - Statement - counter = counter + 1: null

2018-12-12 13:21:46 - [TEST_STEP][PASSED] - Statement - PreSaveFile = new java.io.File(((pathPrefix + java.lang.Integer.toString(counter)) + .png)): null

2018-12-12 13:21:46 - [TEST_STEP][PASSED] - Statement - counter = counter + 1: null

2018-12-12 13:21:46 - [TEST_STEP][PASSED] - Statement - PreSaveFile = new java.io.File(((pathPrefix + java.lang.Integer.toString(counter)) + .png)): null

2018-12-12 13:21:46 - [TEST_STEP][PASSED] - Statement - counter = counter + 1: null

2018-12-12 13:21:46 - [TEST_STEP][PASSED] - Statement - PreSaveFile = new java.io.File(((pathPrefix + java.lang.Integer.toString(counter)) + .png)): null

2018-12-12 13:21:46 - [TEST_STEP][PASSED] - Statement - counter = counter + 1: null

2018-12-12 13:21:46 - [TEST_STEP][PASSED] - Statement - PreSaveFile = new java.io.File(((pathPrefix + java.lang.Integer.toString(counter)) + .png)): null

2018-12-12 13:21:46 - [TEST_STEP][PASSED] - Statement - counter = counter + 1: null

2018-12-12 13:21:46 - [TEST_STEP][PASSED] - Statement - PreSaveFile = new java.io.File(((pathPrefix + java.lang.Integer.toString(counter)) + .png)): null

2018-12-12 13:21:46 - [TEST_STEP][PASSED] - Statement - counter = counter + 1: null

2018-12-12 13:21:46 - [TEST_STEP][PASSED] - Statement - PreSaveFile = new java.io.File(((pathPrefix + java.lang.Integer.toString(counter)) + .png)): null

2018-12-12 13:21:46 - [TEST_STEP][PASSED] - Statement - counter = counter + 1: null

2018-12-12 13:21:46 - [TEST_STEP][PASSED] - Statement - PreSaveFile = new java.io.File(((pathPrefix + java.lang.Integer.toString(counter)) + .png)): null

2018-12-12 13:21:46 - [TEST_STEP][PASSED] - Statement - counter = counter + 1: null

2018-12-12 13:21:46 - [TEST_STEP][PASSED] - Statement - PreSaveFile = new java.io.File(((pathPrefix + java.lang.Integer.toString(counter)) + .png)): null

2018-12-12 13:21:46 - [TEST_STEP][PASSED] - Statement - counter = counter + 1: null

2018-12-12 13:21:46 - [TEST_STEP][PASSED] - Statement - PreSaveFile = new java.io.File(((pathPrefix + java.lang.Integer.toString(counter)) + .png)): null

2018-12-12 13:21:46 - [TEST_STEP][PASSED] - Statement - counter = counter + 1: null

2018-12-12 13:21:46 - [TEST_STEP][PASSED] - Statement - PreSaveFile = new java.io.File(((pathPrefix + java.lang.Integer.toString(counter)) + .png)): null

2018-12-12 13:21:46 - [TEST_STEP][PASSED] - Statement - counter = counter + 1: null

2018-12-12 13:21:46 - [TEST_STEP][PASSED] - Statement - PreSaveFile = new java.io.File(((pathPrefix + java.lang.Integer.toString(counter)) + .png)): null

2018-12-12 13:21:46 - [TEST_STEP][PASSED] - Statement - counter = counter + 1: null

2018-12-12 13:21:46 - [TEST_STEP][PASSED] - Statement - PreSaveFile = new java.io.File(((pathPrefix + java.lang.Integer.toString(counter)) + .png)): null

2018-12-12 13:21:46 - [TEST_STEP][PASSED] - Statement - counter = counter + 1: null

2018-12-12 13:21:46 - [TEST_STEP][PASSED] - Statement - PreSaveFile = new java.io.File(((pathPrefix + java.lang.Integer.toString(counter)) + .png)): null

2018-12-12 13:21:46 - [TEST_STEP][PASSED] - Statement - counter = counter + 1: null

2018-12-12 13:21:46 - [TEST_STEP][PASSED] - Statement - PreSaveFile = new java.io.File(((pathPrefix + java.lang.Integer.toString(counter)) + .png)): null

2018-12-12 13:21:46 - [TEST_STEP][PASSED] - Statement - counter = counter + 1: null

2018-12-12 13:21:46 - [TEST_STEP][PASSED] - Statement - PreSaveFile = new java.io.File(((pathPrefix + java.lang.Integer.toString(counter)) + .png)): null

2018-12-12 13:21:46 - [TEST_STEP][PASSED] - Statement - counter = counter + 1: null

2018-12-12 13:21:46 - [TEST_STEP][PASSED] - Statement - PreSaveFile = new java.io.File(((pathPrefix + java.lang.Integer.toString(counter)) + .png)): null

2018-12-12 13:21:46 - [TEST_STEP][PASSED] - Statement - counter = counter + 1: null

2018-12-12 13:21:46 - [TEST_STEP][PASSED] - Statement - PreSaveFile = new java.io.File(((pathPrefix + java.lang.Integer.toString(counter)) + .png)): null

2018-12-12 13:21:46 - [TEST_STEP][PASSED] - Statement - counter = counter + 1: null

2018-12-12 13:21:46 - [TEST_STEP][PASSED] - Statement - PreSaveFile = new java.io.File(((pathPrefix + java.lang.Integer.toString(counter)) + .png)): null

2018-12-12 13:21:46 - [TEST_STEP][PASSED] - Statement - counter = counter + 1: null

2018-12-12 13:21:46 - [TEST_STEP][PASSED] - Statement - PreSaveFile = new java.io.File(((pathPrefix + java.lang.Integer.toString(counter)) + .png)): null

2018-12-12 13:21:46 - [TEST_STEP][PASSED] - Statement - counter = counter + 1: null

2018-12-12 13:21:46 - [TEST_STEP][PASSED] - Statement - PreSaveFile = new java.io.File(((pathPrefix + java.lang.Integer.toString(counter)) + .png)): null

2018-12-12 13:21:46 - [TEST_STEP][PASSED] - Statement - counter = counter + 1: null

2018-12-12 13:21:46 - [TEST_STEP][PASSED] - Statement - PreSaveFile = new java.io.File(((pathPrefix + java.lang.Integer.toString(counter)) + .png)): null

2018-12-12 13:21:46 - [TEST_STEP][PASSED] - Statement - counter = counter + 1: null

2018-12-12 13:21:46 - [TEST_STEP][PASSED] - Statement - PreSaveFile = new java.io.File(((pathPrefix + java.lang.Integer.toString(counter)) + .png)): null

2018-12-12 13:21:46 - [TEST_STEP][PASSED] - Statement - counter = counter + 1: null

2018-12-12 13:21:46 - [TEST_STEP][PASSED] - Statement - PreSaveFile = new java.io.File(((pathPrefix + java.lang.Integer.toString(counter)) + .png)): null

2018-12-12 13:21:46 - [TEST_STEP][PASSED] - Statement - counter = counter + 1: null

2018-12-12 13:21:46 - [TEST_STEP][PASSED] - Statement - PreSaveFile = new java.io.File(((pathPrefix + java.lang.Integer.toString(counter)) + .png)): null

2018-12-12 13:21:46 - [TEST_STEP][PASSED] - Statement - counter = counter + 1: null

2018-12-12 13:21:46 - [TEST_STEP][PASSED] - Statement - PreSaveFile = new java.io.File(((pathPrefix + java.lang.Integer.toString(counter)) + .png)): null

2018-12-12 13:21:46 - [TEST_STEP][PASSED] - Statement - counter = counter + 1: null

2018-12-12 13:21:46 - [TEST_STEP][PASSED] - Statement - PreSaveFile = new java.io.File(((pathPrefix + java.lang.Integer.toString(counter)) + .png)): null

2018-12-12 13:21:46 - [TEST_STEP][PASSED] - Statement - counter = counter + 1: null

2018-12-12 13:21:46 - [TEST_STEP][PASSED] - Statement - PreSaveFile = new java.io.File(((pathPrefix + java.lang.Integer.toString(counter)) + .png)): null

2018-12-12 13:21:46 - [TEST_STEP][PASSED] - Statement - counter = counter + 1: null

2018-12-12 13:21:46 - [TEST_STEP][PASSED] - Statement - PreSaveFile = new java.io.File(((pathPrefix + java.lang.Integer.toString(counter)) + .png)): null

2018-12-12 13:21:46 - [TEST_STEP][PASSED] - Statement - counter = counter + 1: null

2018-12-12 13:21:46 - [TEST_STEP][PASSED] - Statement - PreSaveFile = new java.io.File(((pathPrefix + java.lang.Integer.toString(counter)) + .png)): null

2018-12-12 13:21:46 - [TEST_STEP][PASSED] - Statement - counter = counter + 1: null

2018-12-12 13:21:46 - [TEST_STEP][PASSED] - Statement - PreSaveFile = new java.io.File(((pathPrefix + java.lang.Integer.toString(counter)) + .png)): null

2018-12-12 13:21:46 - [TEST_STEP][PASSED] - Statement - counter = counter + 1: null

2018-12-12 13:21:46 - [TEST_STEP][PASSED] - Statement - PreSaveFile = new java.io.File(((pathPrefix + java.lang.Integer.toString(counter)) + .png)): null

2018-12-12 13:21:46 - [TEST_STEP][PASSED] - Statement - counter = counter + 1: null

2018-12-12 13:21:46 - [TEST_STEP][PASSED] - Statement - PreSaveFile = new java.io.File(((pathPrefix + java.lang.Integer.toString(counter)) + .png)): null

2018-12-12 13:21:46 - [TEST_STEP][PASSED] - Statement - counter = counter + 1: null

2018-12-12 13:21:46 - [TEST_STEP][PASSED] - Statement - PreSaveFile = new java.io.File(((pathPrefix + java.lang.Integer.toString(counter)) + .png)): null

2018-12-12 13:21:46 - [TEST_STEP][PASSED] - Statement - counter = counter + 1: null

2018-12-12 13:21:46 - [TEST_STEP][PASSED] - Statement - PreSaveFile = new java.io.File(((pathPrefix + java.lang.Integer.toString(counter)) + .png)): null

2018-12-12 13:21:46 - [TEST_STEP][PASSED] - Statement - counter = counter + 1: null

2018-12-12 13:21:46 - [TEST_STEP][PASSED] - Statement - PreSaveFile = new java.io.File(((pathPrefix + java.lang.Integer.toString(counter)) + .png)): null

2018-12-12 13:21:46 - [TEST_STEP][PASSED] - Statement - counter = counter + 1: null

2018-12-12 13:21:46 - [TEST_STEP][PASSED] - Statement - PreSaveFile = new java.io.File(((pathPrefix + java.lang.Integer.toString(counter)) + .png)): null

2018-12-12 13:21:46 - [TEST_STEP][PASSED] - Statement - counter = counter + 1: null

2018-12-12 13:21:46 - [TEST_STEP][PASSED] - Statement - PreSaveFile = new java.io.File(((pathPrefix + java.lang.Integer.toString(counter)) + .png)): null

2018-12-12 13:21:46 - [TEST_STEP][PASSED] - Statement - counter = counter + 1: null

2018-12-12 13:21:46 - [TEST_STEP][PASSED] - Statement - PreSaveFile = new java.io.File(((pathPrefix + java.lang.Integer.toString(counter)) + .png)): null

2018-12-12 13:21:46 - [TEST_STEP][PASSED] - Statement - counter = counter + 1: null

2018-12-12 13:21:46 - [TEST_STEP][PASSED] - Statement - PreSaveFile = new java.io.File(((pathPrefix + java.lang.Integer.toString(counter)) + .png)): null

2018-12-12 13:21:46 - [TEST_STEP][PASSED] - Statement - counter = counter + 1: null

2018-12-12 13:21:46 - [TEST_STEP][PASSED] - Statement - PreSaveFile = new java.io.File(((pathPrefix + java.lang.Integer.toString(counter)) + .png)): null

2018-12-12 13:21:46 - [TEST_STEP][PASSED] - Statement - counter = counter + 1: null

2018-12-12 13:21:46 - [TEST_STEP][PASSED] - Statement - PreSaveFile = new java.io.File(((pathPrefix + java.lang.Integer.toString(counter)) + .png)): null

2018-12-12 13:21:46 - [TEST_STEP][PASSED] - Statement - counter = counter + 1: null

2018-12-12 13:21:46 - [TEST_STEP][PASSED] - Statement - PreSaveFile = new java.io.File(((pathPrefix + java.lang.Integer.toString(counter)) + .png)): null

2018-12-12 13:21:46 - [TEST_STEP][PASSED] - Statement - counter = counter + 1: null

2018-12-12 13:21:46 - [TEST_STEP][PASSED] - Statement - PreSaveFile = new java.io.File(((pathPrefix + java.lang.Integer.toString(counter)) + .png)): null

2018-12-12 13:21:46 - [TEST_STEP][PASSED] - Statement - counter = counter + 1: null

2018-12-12 13:21:46 - [TEST_STEP][PASSED] - Statement - PreSaveFile = new java.io.File(((pathPrefix + java.lang.Integer.toString(counter)) + .png)): null

2018-12-12 13:21:46 - [TEST_STEP][PASSED] - Statement - counter = counter + 1: null

2018-12-12 13:21:46 - [TEST_STEP][PASSED] - Statement - PreSaveFile = new java.io.File(((pathPrefix + java.lang.Integer.toString(counter)) + .png)): null

2018-12-12 13:21:46 - [TEST_STEP][PASSED] - Statement - counter = counter + 1: null

2018-12-12 13:21:46 - [TEST_STEP][PASSED] - Statement - PreSaveFile = new java.io.File(((pathPrefix + java.lang.Integer.toString(counter)) + .png)): null

2018-12-12 13:21:46 - [TEST_STEP][PASSED] - Statement - counter = counter + 1: null

2018-12-12 13:21:46 - [TEST_STEP][PASSED] - Statement - PreSaveFile = new java.io.File(((pathPrefix + java.lang.Integer.toString(counter)) + .png)): null

2018-12-12 13:21:46 - [TEST_STEP][PASSED] - Statement - counter = counter + 1: null

2018-12-12 13:21:46 - [TEST_STEP][PASSED] - Statement - PreSaveFile = new java.io.File(((pathPrefix + java.lang.Integer.toString(counter)) + .png)): null

2018-12-12 13:21:46 - [TEST_STEP][PASSED] - Statement - counter = counter + 1: null

2018-12-12 13:21:46 - [TEST_STEP][PASSED] - Statement - PreSaveFile = new java.io.File(((pathPrefix + java.lang.Integer.toString(counter)) + .png)): null

2018-12-12 13:21:46 - [TEST_STEP][PASSED] - Statement - counter = counter + 1: null

2018-12-12 13:21:46 - [TEST_STEP][PASSED] - Statement - PreSaveFile = new java.io.File(((pathPrefix + java.lang.Integer.toString(counter)) + .png)): null

2018-12-12 13:21:46 - [TEST_STEP][PASSED] - Statement - counter = counter + 1: null

2018-12-12 13:21:46 - [TEST_STEP][PASSED] - Statement - PreSaveFile = new java.io.File(((pathPrefix + java.lang.Integer.toString(counter)) + .png)): null

2018-12-12 13:21:46 - [TEST_STEP][PASSED] - Statement - counter = counter + 1: null

2018-12-12 13:21:46 - [TEST_STEP][PASSED] - Statement - PreSaveFile = new java.io.File(((pathPrefix + java.lang.Integer.toString(counter)) + .png)): null

2018-12-12 13:21:46 - [TEST_STEP][PASSED] - Statement - counter = counter + 1: null

2018-12-12 13:21:46 - [TEST_STEP][PASSED] - Statement - PreSaveFile = new java.io.File(((pathPrefix + java.lang.Integer.toString(counter)) + .png)): null

2018-12-12 13:21:46 - [TEST_STEP][PASSED] - Statement - counter = counter + 1: null

2018-12-12 13:21:46 - [TEST_STEP][PASSED] - Statement - PreSaveFile = new java.io.File(((pathPrefix + java.lang.Integer.toString(counter)) + .png)): null

2018-12-12 13:21:46 - [TEST_STEP][PASSED] - Statement - counter = counter + 1: null

2018-12-12 13:21:46 - [TEST_STEP][PASSED] - Statement - PreSaveFile = new java.io.File(((pathPrefix + java.lang.Integer.toString(counter)) + .png)): null

2018-12-12 13:21:46 - [TEST_STEP][PASSED] - Statement - counter = counter + 1: null

2018-12-12 13:21:46 - [TEST_STEP][PASSED] - Statement - PreSaveFile = new java.io.File(((pathPrefix + java.lang.Integer.toString(counter)) + .png)): null

2018-12-12 13:21:46 - [TEST_STEP][PASSED] - Statement - counter = counter + 1: null

2018-12-12 13:21:46 - [TEST_STEP][PASSED] - Statement - PreSaveFile = new java.io.File(((pathPrefix + java.lang.Integer.toString(counter)) + .png)): null

2018-12-12 13:21:46 - [TEST_STEP][PASSED] - Statement - counter = counter + 1: null

2018-12-12 13:21:46 - [TEST_STEP][PASSED] - Statement - PreSaveFile = new java.io.File(((pathPrefix + java.lang.Integer.toString(counter)) + .png)): null

2018-12-12 13:21:46 - [TEST_STEP][PASSED] - Statement - counter = counter + 1: null

2018-12-12 13:21:46 - [TEST_STEP][PASSED] - Statement - PreSaveFile = new java.io.File(((pathPrefix + java.lang.Integer.toString(counter)) + .png)): null

2018-12-12 13:21:46 - [TEST_STEP][PASSED] - Statement - counter = counter + 1: null

2018-12-12 13:21:46 - [TEST_STEP][PASSED] - Statement - PreSaveFile = new java.io.File(((pathPrefix + java.lang.Integer.toString(counter)) + .png)): null

2018-12-12 13:21:46 - [TEST_STEP][PASSED] - Statement - counter = counter + 1: null

2018-12-12 13:21:46 - [TEST_STEP][PASSED] - Statement - PreSaveFile = new java.io.File(((pathPrefix + java.lang.Integer.toString(counter)) + .png)): null

2018-12-12 13:21:46 - [TEST_STEP][PASSED] - Statement - counter = counter + 1: null

2018-12-12 13:21:46 - [TEST_STEP][PASSED] - Statement - PreSaveFile = new java.io.File(((pathPrefix + java.lang.Integer.toString(counter)) + .png)): null

2018-12-12 13:21:46 - [TEST_STEP][PASSED] - Statement - counter = counter + 1: null

2018-12-12 13:21:46 - [TEST_STEP][PASSED] - Statement - PreSaveFile = new java.io.File(((pathPrefix + java.lang.Integer.toString(counter)) + .png)): null

2018-12-12 13:21:46 - [TEST_STEP][PASSED] - Statement - counter = counter + 1: null

2018-12-12 13:21:46 - [TEST_STEP][PASSED] - Statement - PreSaveFile = new java.io.File(((pathPrefix + java.lang.Integer.toString(counter)) + .png)): null

2018-12-12 13:21:46 - [TEST_STEP][PASSED] - Statement - counter = counter + 1: null

2018-12-12 13:21:46 - [TEST_STEP][PASSED] - Statement - PreSaveFile = new java.io.File(((pathPrefix + java.lang.Integer.toString(counter)) + .png)): null

2018-12-12 13:21:46 - [TEST_STEP][PASSED] - Statement - counter = counter + 1: null

2018-12-12 13:21:46 - [TEST_STEP][PASSED] - Statement - PreSaveFile = new java.io.File(((pathPrefix + java.lang.Integer.toString(counter)) + .png)): null

2018-12-12 13:21:46 - [TEST_STEP][PASSED] - Statement - counter = counter + 1: null

2018-12-12 13:21:46 - [TEST_STEP][PASSED] - Statement - PreSaveFile = new java.io.File(((pathPrefix + java.lang.Integer.toString(counter)) + .png)): null

2018-12-12 13:21:46 - [TEST_STEP][PASSED] - Statement - counter = counter + 1: null

2018-12-12 13:21:46 - [TEST_STEP][PASSED] - Statement - PreSaveFile = new java.io.File(((pathPrefix + java.lang.Integer.toString(counter)) + .png)): null

2018-12-12 13:21:46 - [TEST_STEP][PASSED] - Statement - counter = counter + 1: null

2018-12-12 13:21:46 - [TEST_STEP][PASSED] - Statement - PreSaveFile = new java.io.File(((pathPrefix + java.lang.Integer.toString(counter)) + .png)): null

2018-12-12 13:21:46 - [TEST_STEP][PASSED] - Statement - counter = counter + 1: null

2018-12-12 13:21:46 - [TEST_STEP][PASSED] - Statement - PreSaveFile = new java.io.File(((pathPrefix + java.lang.Integer.toString(counter)) + .png)): null

2018-12-12 13:21:46 - [TEST_STEP][PASSED] - Statement - counter = counter + 1: null

2018-12-12 13:21:46 - [TEST_STEP][PASSED] - Statement - PreSaveFile = new java.io.File(((pathPrefix + java.lang.Integer.toString(counter)) + .png)): null

2018-12-12 13:21:46 - [TEST_STEP][PASSED] - Statement - counter = counter + 1: null

2018-12-12 13:21:46 - [TEST_STEP][PASSED] - Statement - PreSaveFile = new java.io.File(((pathPrefix + java.lang.Integer.toString(counter)) + .png)): null

2018-12-12 13:21:46 - [TEST_STEP][PASSED] - Statement - counter = counter + 1: null

2018-12-12 13:21:46 - [TEST_STEP][PASSED] - Statement - PreSaveFile = new java.io.File(((pathPrefix + java.lang.Integer.toString(counter)) + .png)): null

2018-12-12 13:21:46 - [TEST_STEP][PASSED] - Statement - counter = counter + 1: null

2018-12-12 13:21:46 - [TEST_STEP][PASSED] - Statement - PreSaveFile = new java.io.File(((pathPrefix + java.lang.Integer.toString(counter)) + .png)): null

2018-12-12 13:21:46 - [TEST_STEP][PASSED] - Statement - counter = counter + 1: null

2018-12-12 13:21:46 - [TEST_STEP][PASSED] - Statement - PreSaveFile = new java.io.File(((pathPrefix + java.lang.Integer.toString(counter)) + .png)): null

2018-12-12 13:21:46 - [TEST_STEP][PASSED] - Statement - counter = counter + 1: null

2018-12-12 13:21:46 - [TEST_STEP][PASSED] - Statement - PreSaveFile = new java.io.File(((pathPrefix + java.lang.Integer.toString(counter)) + .png)): null

2018-12-12 13:21:46 - [TEST_STEP][PASSED] - Statement - counter = counter + 1: null

2018-12-12 13:21:46 - [TEST_STEP][PASSED] - Statement - PreSaveFile = new java.io.File(((pathPrefix + java.lang.Integer.toString(counter)) + .png)): null

2018-12-12 13:21:46 - [TEST_STEP][PASSED] - Statement - counter = counter + 1: null

2018-12-12 13:21:46 - [TEST_STEP][PASSED] - Statement - PreSaveFile = new java.io.File(((pathPrefix + java.lang.Integer.toString(counter)) + .png)): null

2018-12-12 13:21:46 - [TEST_STEP][PASSED] - Statement - counter = counter + 1: null

2018-12-12 13:21:46 - [TEST_STEP][PASSED] - Statement - PreSaveFile = new java.io.File(((pathPrefix + java.lang.Integer.toString(counter)) + .png)): null

2018-12-12 13:21:46 - [TEST_STEP][PASSED] - Statement - counter = counter + 1: null

2018-12-12 13:21:46 - [TEST_STEP][PASSED] - Statement - PreSaveFile = new java.io.File(((pathPrefix + java.lang.Integer.toString(counter)) + .png)): null

2018-12-12 13:21:46 - [TEST_STEP][PASSED] - Statement - counter = counter + 1: null

2018-12-12 13:21:46 - [TEST_STEP][PASSED] - Statement - PreSaveFile = new java.io.File(((pathPrefix + java.lang.Integer.toString(counter)) + .png)): null

2018-12-12 13:21:46 - [TEST_STEP][PASSED] - Statement - counter = counter + 1: null

2018-12-12 13:21:46 - [TEST_STEP][PASSED] - Statement - PreSaveFile = new java.io.File(((pathPrefix + java.lang.Integer.toString(counter)) + .png)): null

2018-12-12 13:21:46 - [TEST_STEP][PASSED] - Statement - counter = counter + 1: null

2018-12-12 13:21:46 - [TEST_STEP][PASSED] - Statement - PreSaveFile = new java.io.File(((pathPrefix + java.lang.Integer.toString(counter)) + .png)): null

2018-12-12 13:21:46 - [TEST_STEP][PASSED] - Statement - counter = counter + 1: null

2018-12-12 13:21:46 - [TEST_STEP][PASSED] - Statement - PreSaveFile = new java.io.File(((pathPrefix + java.lang.Integer.toString(counter)) + .png)): null

2018-12-12 13:21:46 - [TEST_STEP][PASSED] - Statement - counter = counter + 1: null

2018-12-12 13:21:46 - [TEST_STEP][PASSED] - Statement - PreSaveFile = new java.io.File(((pathPrefix + java.lang.Integer.toString(counter)) + .png)): null

2018-12-12 13:21:46 - [TEST_STEP][PASSED] - Statement - counter = counter + 1: null

2018-12-12 13:21:46 - [TEST_STEP][PASSED] - Statement - PreSaveFile = new java.io.File(((pathPrefix + java.lang.Integer.toString(counter)) + .png)): null

2018-12-12 13:21:46 - [TEST_STEP][PASSED] - Statement - counter = counter + 1: null

2018-12-12 13:21:46 - [TEST_STEP][PASSED] - Statement - PreSaveFile = new java.io.File(((pathPrefix + java.lang.Integer.toString(counter)) + .png)): null

2018-12-12 13:21:46 - [TEST_STEP][PASSED] - Statement - counter = counter + 1: null

2018-12-12 13:21:46 - [TEST_STEP][PASSED] - Statement - PreSaveFile = new java.io.File(((pathPrefix + java.lang.Integer.toString(counter)) + .png)): null

2018-12-12 13:21:46 - [TEST_STEP][PASSED] - Statement - counter = counter + 1: null

2018-12-12 13:21:46 - [TEST_STEP][PASSED] - Statement - PreSaveFile = new java.io.File(((pathPrefix + java.lang.Integer.toString(counter)) + .png)): null

2018-12-12 13:21:46 - [TEST_STEP][PASSED] - Statement - counter = counter + 1: null

2018-12-12 13:21:46 - [TEST_STEP][PASSED] - Statement - PreSaveFile = new java.io.File(((pathPrefix + java.lang.Integer.toString(counter)) + .png)): null

2018-12-12 13:21:46 - [TEST_STEP][PASSED] - Statement - counter = counter + 1: null

2018-12-12 13:21:46 - [TEST_STEP][PASSED] - Statement - PreSaveFile = new java.io.File(((pathPrefix + java.lang.Integer.toString(counter)) + .png)): null

2018-12-12 13:21:46 - [TEST_STEP][PASSED] - Statement - counter = counter + 1: null

2018-12-12 13:21:46 - [TEST_STEP][PASSED] - Statement - PreSaveFile = new java.io.File(((pathPrefix + java.lang.Integer.toString(counter)) + .png)): null

2018-12-12 13:21:46 - [TEST_STEP][PASSED] - Statement - counter = counter + 1: null

2018-12-12 13:21:46 - [TEST_STEP][PASSED] - Statement - PreSaveFile = new java.io.File(((pathPrefix + java.lang.Integer.toString(counter)) + .png)): null

2018-12-12 13:21:46 - [TEST_STEP][PASSED] - Statement - counter = counter + 1: null

2018-12-12 13:21:46 - [TEST_STEP][PASSED] - Statement - PreSaveFile = new java.io.File(((pathPrefix + java.lang.Integer.toString(counter)) + .png)): null

2018-12-12 13:21:46 - [TEST_STEP][PASSED] - Statement - counter = counter + 1: null

2018-12-12 13:21:46 - [TEST_STEP][PASSED] - Statement - PreSaveFile = new java.io.File(((pathPrefix + java.lang.Integer.toString(counter)) + .png)): null

2018-12-12 13:21:46 - [TEST_STEP][PASSED] - Statement - finalPath = pathPrefix + java.lang.Integer.toString(counter) + ".png": null

2018-12-12 13:21:46 - [TEST_STEP][PASSED] - Statement - SaveFile = new java.io.File(finalPath): null

2018-12-12 13:21:46 - [TEST_STEP][PASSED] - Statement - Try: null

2018-12-12 13:21:46 - [TEST_STEP][PASSED] - Statement - org.apache.commons.io.FileUtils.copyFile(scrFile, SaveFile): null

2018-12-12 13:21:46 - [TEST_STEP][PASSED] - Statement - out.println("file kept"): null

2018-12-12 13:21:46 - [TEST_STEP][PASSED] - delay: Delayed 10 second(s)

2018-12-12 13:21:56 - [MESSAGE][PASSED] - Delayed 10 second(s)

2018-12-12 13:21:56 - [MESSAGE][PASSED] - Call Test Case 'Test Cases/Final Aug 2018 - PKS Automation/Registration Module/New Registration/Submit and Screenshot/Submit Registration and Screenshot' successfully]]></system-out>
         <system-err><![CDATA[]]></system-err>
      </testcase>
      <testcase name="Test Cases/Final Aug 2018 - PKS Automation/Registration Module/Workflow/New Registration/Employer to RO - RO Under Enforcement" classname="Test Cases/Final Aug 2018 - PKS Automation/Registration Module/Workflow/New Registration/Employer to RO - RO Under Enforcement" status="PASSED">
         <system-out><![CDATA[2018-12-12 13:21:56 - [TEST_CASE][PASSED] - Test Cases/Final Aug 2018 - PKS Automation/Registration Module/Workflow/New Registration/Employer to RO - RO Under Enforcement: Test Cases/Final Aug 2018 - PKS Automation/Registration Module/Workflow/New Registration/Employer to RO - RO Under Enforcement

2018-12-12 13:21:57 - [TEST_STEP][PASSED] - callTestCase: Call Test Case 'Test Cases/Final Aug 2018 - PKS Automation/Registration Module/Workflow/New Registration/Template/Special Case - Employer - Form 1' successfully

2018-12-12 13:21:57 - [TEST_CASE][PASSED] - Test Cases/Final Aug 2018 - PKS Automation/Registration Module/Workflow/New Registration/Template/Special Case - Employer - Form 1: Test Cases/Final Aug 2018 - PKS Automation/Registration Module/Workflow/New Registration/Template/Special Case - Employer - Form 1

2018-12-12 13:21:57 - [TEST_STEP][PASSED] - callTestCase: Call Test Case 'Test Cases/Final Aug 2018 - PKS Automation/Create Employer Acc/Create Employer Account' successfully

2018-12-12 13:21:57 - [TEST_CASE][PASSED] - Test Cases/Final Aug 2018 - PKS Automation/Create Employer Acc/Create Employer Account: Test Cases/Final Aug 2018 - PKS Automation/Create Employer Acc/Create Employer Account

2018-12-12 13:21:57 - [TEST_STEP][PASSED] - callTestCase: Call Test Case 'Test Cases/Final Aug 2018 - PKS Automation/Create Employer Acc/Template/Register Employer' successfully

2018-12-12 13:21:57 - [TEST_CASE][PASSED] - Test Cases/Final Aug 2018 - PKS Automation/Create Employer Acc/Template/Register Employer: Test Cases/Final Aug 2018 - PKS Automation/Create Employer Acc/Template/Register Employer

2018-12-12 13:21:58 - [TEST_STEP][PASSED] - openBrowser: Browser is opened with url: ''

2018-12-12 13:21:58 - [MESSAGE][WARNING] - A browser is already opened. Closing browser and opening a new one

2018-12-12 13:22:02 - [MESSAGE][PASSED] - Browser is opened with url: ''

2018-12-12 13:22:02 - [TEST_STEP][PASSED] - navigateToUrl: Navigate to 'https://assist2-uat.perkeso.gov.my/login' successfully

2018-12-12 13:22:03 - [MESSAGE][PASSED] - Navigate to 'https://assist2-uat.perkeso.gov.my/login' successfully

2018-12-12 13:22:03 - [TEST_STEP][PASSED] - setText: Text 'johorotc1@gmail.com' is set on object 'Object Repository/Final Object Repo/Login Page/Internal User/Email Address'

2018-12-12 13:22:04 - [MESSAGE][PASSED] - Text 'johorotc1@gmail.com' is set on object 'Object Repository/Final Object Repo/Login Page/Internal User/Email Address'

2018-12-12 13:22:04 - [TEST_STEP][PASSED] - click: Object: 'Object Repository/Final Object Repo/Login Page/Internal User/Next Button' is clicked on

2018-12-12 13:22:04 - [MESSAGE][PASSED] - Object: 'Object Repository/Final Object Repo/Login Page/Internal User/Next Button' is clicked on

2018-12-12 13:22:04 - [TEST_STEP][PASSED] - delay: Delayed 1 second(s)

2018-12-12 13:22:05 - [MESSAGE][PASSED] - Delayed 1 second(s)

2018-12-12 13:22:05 - [TEST_STEP][PASSED] - setEncryptedText: Text ****** has been set on object 'Object Repository/Final Object Repo/Login Page/Internal User/Password'

2018-12-12 13:22:05 - [MESSAGE][PASSED] - Text ****** has been set on object 'Object Repository/Final Object Repo/Login Page/Internal User/Password'

2018-12-12 13:22:05 - [TEST_STEP][PASSED] - click: Object: 'Object Repository/Final Object Repo/Login Page/Internal User/Login Button' is clicked on

2018-12-12 13:22:05 - [MESSAGE][PASSED] - Object: 'Object Repository/Final Object Repo/Login Page/Internal User/Login Button' is clicked on

2018-12-12 13:22:05 - [TEST_STEP][PASSED] - delay: Delayed 1 second(s)

2018-12-12 13:22:06 - [MESSAGE][PASSED] - Delayed 1 second(s)

2018-12-12 13:22:06 - [TEST_STEP][PASSED] - navigateToUrl: Navigate to 'https://assist2-uat.perkeso.gov.my/web/base/portal-id/registration' successfully

2018-12-12 13:22:08 - [MESSAGE][PASSED] - Navigate to 'https://assist2-uat.perkeso.gov.my/web/base/portal-id/registration' successfully

2018-12-12 13:22:08 - [TEST_STEP][PASSED] - setText: Text 'AUTOMATION EMPLOYER' is set on object 'Object Repository/Final Object Repo/Creating Employer Account/Page_Registration - ASSIST (Base)/Employer Name'

2018-12-12 13:22:09 - [MESSAGE][PASSED] - Text 'AUTOMATION EMPLOYER' is set on object 'Object Repository/Final Object Repo/Creating Employer Account/Page_Registration - ASSIST (Base)/Employer Name'

2018-12-12 13:22:09 - [TEST_STEP][PASSED] - delay: Delayed 2 second(s)

2018-12-12 13:22:11 - [MESSAGE][PASSED] - Delayed 2 second(s)

2018-12-12 13:22:11 - [TEST_STEP][PASSED] - click: Object: 'Object Repository/Final Object Repo/Creating Employer Account/Page_Registration - ASSIST (Base)/Registration Type' is clicked on

2018-12-12 13:22:11 - [MESSAGE][PASSED] - Object: 'Object Repository/Final Object Repo/Creating Employer Account/Page_Registration - ASSIST (Base)/Registration Type' is clicked on

2018-12-12 13:22:11 - [TEST_STEP][PASSED] - delay: Delayed 2 second(s)

2018-12-12 13:22:13 - [MESSAGE][PASSED] - Delayed 2 second(s)

2018-12-12 13:22:13 - [TEST_STEP][PASSED] - click: Object: 'Object Repository/Final Object Repo/Creating Employer Account/Page_Registration - ASSIST (Base)/Registration Type - Registration No' is clicked on

2018-12-12 13:22:13 - [MESSAGE][PASSED] - Object: 'Object Repository/Final Object Repo/Creating Employer Account/Page_Registration - ASSIST (Base)/Registration Type - Registration No' is clicked on

2018-12-12 13:22:13 - [TEST_STEP][PASSED] - delay: Delayed 2 second(s)

2018-12-12 13:22:15 - [MESSAGE][PASSED] - Delayed 2 second(s)

2018-12-12 13:22:15 - [TEST_STEP][PASSED] - setText: Text 'AUTOMATE001' is set on object 'Object Repository/Final Object Repo/Creating Employer Account/Page_Registration - ASSIST (Base)/Registration Number'

2018-12-12 13:22:16 - [MESSAGE][PASSED] - Text 'AUTOMATE001' is set on object 'Object Repository/Final Object Repo/Creating Employer Account/Page_Registration - ASSIST (Base)/Registration Number'

2018-12-12 13:22:16 - [TEST_STEP][PASSED] - delay: Delayed 2 second(s)

2018-12-12 13:22:18 - [MESSAGE][PASSED] - Delayed 2 second(s)

2018-12-12 13:22:18 - [TEST_STEP][PASSED] - setText: Text 'ADDRESS 1' is set on object 'Object Repository/Final Object Repo/Creating Employer Account/Page_Registration - ASSIST (Base)/Postal Address 1'

2018-12-12 13:22:18 - [MESSAGE][PASSED] - Text 'ADDRESS 1' is set on object 'Object Repository/Final Object Repo/Creating Employer Account/Page_Registration - ASSIST (Base)/Postal Address 1'

2018-12-12 13:22:18 - [TEST_STEP][PASSED] - setText: Text 'ADDRESS 2' is set on object 'Object Repository/Final Object Repo/Creating Employer Account/Page_Registration - ASSIST (Base)/Postal Address 2'

2018-12-12 13:22:18 - [MESSAGE][PASSED] - Text 'ADDRESS 2' is set on object 'Object Repository/Final Object Repo/Creating Employer Account/Page_Registration - ASSIST (Base)/Postal Address 2'

2018-12-12 13:22:18 - [TEST_STEP][PASSED] - click: Object: 'Object Repository/Final Object Repo/Creating Employer Account/Page_Registration - ASSIST (Base)/State' is clicked on

2018-12-12 13:22:19 - [MESSAGE][PASSED] - Object: 'Object Repository/Final Object Repo/Creating Employer Account/Page_Registration - ASSIST (Base)/State' is clicked on

2018-12-12 13:22:19 - [TEST_STEP][PASSED] - delay: Delayed 2 second(s)

2018-12-12 13:22:21 - [MESSAGE][PASSED] - Delayed 2 second(s)

2018-12-12 13:22:21 - [TEST_STEP][PASSED] - click: Object: 'Object Repository/Final Object Repo/Creating Employer Account/Page_Registration - ASSIST (Base)/State - Johor' is clicked on

2018-12-12 13:22:21 - [MESSAGE][PASSED] - Object: 'Object Repository/Final Object Repo/Creating Employer Account/Page_Registration - ASSIST (Base)/State - Johor' is clicked on

2018-12-12 13:22:21 - [TEST_STEP][PASSED] - delay: Delayed 2 second(s)

2018-12-12 13:22:23 - [MESSAGE][PASSED] - Delayed 2 second(s)

2018-12-12 13:22:23 - [TEST_STEP][PASSED] - click: Object: 'Object Repository/Final Object Repo/Creating Employer Account/Page_Registration - ASSIST (Base)/City' is clicked on

2018-12-12 13:22:23 - [MESSAGE][PASSED] - Object: 'Object Repository/Final Object Repo/Creating Employer Account/Page_Registration - ASSIST (Base)/City' is clicked on

2018-12-12 13:22:23 - [TEST_STEP][PASSED] - delay: Delayed 2 second(s)

2018-12-12 13:22:25 - [MESSAGE][PASSED] - Delayed 2 second(s)

2018-12-12 13:22:25 - [TEST_STEP][PASSED] - setText: Text 'joh' is set on object 'Object Repository/Final Object Repo/Creating Employer Account/Page_Registration - ASSIST (Base)/City - joh'

2018-12-12 13:22:25 - [MESSAGE][PASSED] - Text 'joh' is set on object 'Object Repository/Final Object Repo/Creating Employer Account/Page_Registration - ASSIST (Base)/City - joh'

2018-12-12 13:22:25 - [TEST_STEP][PASSED] - delay: Delayed 2 second(s)

2018-12-12 13:22:27 - [MESSAGE][PASSED] - Delayed 2 second(s)

2018-12-12 13:22:27 - [TEST_STEP][PASSED] - click: Object: 'Object Repository/Final Object Repo/Creating Employer Account/Page_Registration - ASSIST (Base)/City - Johor Bharu' is clicked on

2018-12-12 13:22:27 - [MESSAGE][PASSED] - Object: 'Object Repository/Final Object Repo/Creating Employer Account/Page_Registration - ASSIST (Base)/City - Johor Bharu' is clicked on

2018-12-12 13:22:27 - [TEST_STEP][PASSED] - delay: Delayed 2 second(s)

2018-12-12 13:22:29 - [MESSAGE][PASSED] - Delayed 2 second(s)

2018-12-12 13:22:29 - [TEST_STEP][PASSED] - click: Object: 'Object Repository/Final Object Repo/Creating Employer Account/Page_Registration - ASSIST (Base)/Post Code' is clicked on

2018-12-12 13:22:30 - [MESSAGE][PASSED] - Object: 'Object Repository/Final Object Repo/Creating Employer Account/Page_Registration - ASSIST (Base)/Post Code' is clicked on

2018-12-12 13:22:30 - [TEST_STEP][PASSED] - delay: Delayed 2 second(s)

2018-12-12 13:22:32 - [MESSAGE][PASSED] - Delayed 2 second(s)

2018-12-12 13:22:32 - [TEST_STEP][PASSED] - setText: Text '810' is set on object 'Object Repository/Final Object Repo/Creating Employer Account/Page_Registration - ASSIST (Base)/Post Code - 810'

2018-12-12 13:22:32 - [MESSAGE][PASSED] - Text '810' is set on object 'Object Repository/Final Object Repo/Creating Employer Account/Page_Registration - ASSIST (Base)/Post Code - 810'

2018-12-12 13:22:32 - [TEST_STEP][PASSED] - delay: Delayed 2 second(s)

2018-12-12 13:22:34 - [MESSAGE][PASSED] - Delayed 2 second(s)

2018-12-12 13:22:34 - [TEST_STEP][PASSED] - click: Object: 'Object Repository/Final Object Repo/Creating Employer Account/Page_Registration - ASSIST (Base)/Post Code - 81000' is clicked on

2018-12-12 13:22:34 - [MESSAGE][PASSED] - Object: 'Object Repository/Final Object Repo/Creating Employer Account/Page_Registration - ASSIST (Base)/Post Code - 81000' is clicked on

2018-12-12 13:22:34 - [TEST_STEP][PASSED] - delay: Delayed 2 second(s)

2018-12-12 13:22:36 - [MESSAGE][PASSED] - Delayed 2 second(s)

2018-12-12 13:22:36 - [TEST_STEP][PASSED] - setText: Text 'PERKESO' is set on object 'Object Repository/Final Object Repo/Creating Employer Account/Page_Registration - ASSIST (Base)/Full Name'

2018-12-12 13:22:36 - [MESSAGE][PASSED] - Text 'PERKESO' is set on object 'Object Repository/Final Object Repo/Creating Employer Account/Page_Registration - ASSIST (Base)/Full Name'

2018-12-12 13:22:36 - [TEST_STEP][PASSED] - Statement - rnd = new java.util.Random(): null

2018-12-12 13:22:36 - [TEST_STEP][PASSED] - Statement - snum = rnd.nextInt(899999 + 1) + 100000: null

2018-12-12 13:22:36 - [TEST_STEP][PASSED] - Statement - tnum = rnd.nextInt(899999 + 1) + 100000: null

2018-12-12 13:22:36 - [TEST_STEP][PASSED] - Statement - IC = java.lang.Integer.toString(snum) + java.lang.Integer.toString(tnum): null

2018-12-12 13:22:36 - [TEST_STEP][PASSED] - Statement - out.println(IC): null

2018-12-12 13:22:36 - [TEST_STEP][PASSED] - setText: Text '270472279992' is set on object 'Object Repository/Final Object Repo/Creating Employer Account/Page_Registration - ASSIST (Base)/Identification Number'

2018-12-12 13:22:37 - [MESSAGE][PASSED] - Text '270472279992' is set on object 'Object Repository/Final Object Repo/Creating Employer Account/Page_Registration - ASSIST (Base)/Identification Number'

2018-12-12 13:22:37 - [TEST_STEP][PASSED] - delay: Delayed 2 second(s)

2018-12-12 13:22:39 - [MESSAGE][PASSED] - Delayed 2 second(s)

2018-12-12 13:22:39 - [TEST_STEP][PASSED] - setText: Text '123456789012' is set on object 'Object Repository/Final Object Repo/Creating Employer Account/Page_Registration - ASSIST (Base)/Contact Number'

2018-12-12 13:22:39 - [MESSAGE][PASSED] - Text '123456789012' is set on object 'Object Repository/Final Object Repo/Creating Employer Account/Page_Registration - ASSIST (Base)/Contact Number'

2018-12-12 13:22:39 - [TEST_STEP][PASSED] - Statement - Email = "perkeso" + IC + "@gmail.com": null

2018-12-12 13:22:39 - [TEST_STEP][PASSED] - delay: Delayed 2 second(s)

2018-12-12 13:22:41 - [MESSAGE][PASSED] - Delayed 2 second(s)

2018-12-12 13:22:41 - [TEST_STEP][PASSED] - callTestCase: Call Test Case 'Test Cases/Final Aug 2018 - PKS Automation/Create Employer Acc/Template/Employer Email Settler' successfully

2018-12-12 13:22:41 - [TEST_CASE][PASSED] - Test Cases/Final Aug 2018 - PKS Automation/Create Employer Acc/Template/Employer Email Settler: Test Cases/Final Aug 2018 - PKS Automation/Create Employer Acc/Template/Employer Email Settler

2018-12-12 13:22:41 - [TEST_STEP][PASSED] - Statement - EmpEmailOld = new java.io.File(C://Users//Admin//Desktop//PKS//Automation Reference Point//EmpEmail.txt): null

2018-12-12 13:22:41 - [TEST_STEP][PASSED] - Statement - EmpEmailOld.delete(): null

2018-12-12 13:22:41 - [TEST_STEP][PASSED] - delay: Delayed 5 second(s)

2018-12-12 13:22:46 - [MESSAGE][PASSED] - Delayed 5 second(s)

2018-12-12 13:22:46 - [TEST_STEP][PASSED] - Statement - EmpEmail = new java.io.File(C://Users//Admin//Desktop//PKS//Automation Reference Point//EmpEmail.txt): null

2018-12-12 13:22:46 - [TEST_STEP][PASSED] - Statement - f2 = new java.io.FileWriter(EmpEmail, false): null

2018-12-12 13:22:46 - [TEST_STEP][PASSED] - Statement - f2.write(Email): null

2018-12-12 13:22:46 - [TEST_STEP][PASSED] - Statement - f2.close(): null

2018-12-12 13:22:46 - [TEST_STEP][PASSED] - Statement - out.println(Email): null

2018-12-12 13:22:46 - [MESSAGE][PASSED] - Call Test Case 'Test Cases/Final Aug 2018 - PKS Automation/Create Employer Acc/Template/Employer Email Settler' successfully

2018-12-12 13:22:46 - [TEST_STEP][PASSED] - delay: Delayed 2 second(s)

2018-12-12 13:22:48 - [MESSAGE][PASSED] - Delayed 2 second(s)

2018-12-12 13:22:48 - [TEST_STEP][PASSED] - setText: Text 'perkeso270472279992@gmail.com' is set on object 'Object Repository/Final Object Repo/Creating Employer Account/Page_Registration - ASSIST (Base)/Email'

2018-12-12 13:22:49 - [MESSAGE][PASSED] - Text 'perkeso270472279992@gmail.com' is set on object 'Object Repository/Final Object Repo/Creating Employer Account/Page_Registration - ASSIST (Base)/Email'

2018-12-12 13:22:49 - [TEST_STEP][PASSED] - setText: Text '123' is set on object 'Object Repository/Final Object Repo/Creating Employer Account/Page_Registration - ASSIST (Base)/Security Phase'

2018-12-12 13:22:49 - [MESSAGE][PASSED] - Text '123' is set on object 'Object Repository/Final Object Repo/Creating Employer Account/Page_Registration - ASSIST (Base)/Security Phase'

2018-12-12 13:22:49 - [TEST_STEP][PASSED] - click: Object: 'Object Repository/Final Object Repo/Creating Employer Account/Page_Registration - ASSIST (Base)/Save  Continue' is clicked on

2018-12-12 13:22:49 - [MESSAGE][PASSED] - Object: 'Object Repository/Final Object Repo/Creating Employer Account/Page_Registration - ASSIST (Base)/Save  Continue' is clicked on

2018-12-12 13:22:49 - [TEST_STEP][PASSED] - delay: Delayed 2 second(s)

2018-12-12 13:22:51 - [MESSAGE][PASSED] - Delayed 2 second(s)

2018-12-12 13:22:51 - [TEST_STEP][PASSED] - click: Object: 'Object Repository/Final Object Repo/Creating Employer Account/Page_Registration - ASSIST (Base)/Add Document' is clicked on

2018-12-12 13:22:52 - [MESSAGE][PASSED] - Object: 'Object Repository/Final Object Repo/Creating Employer Account/Page_Registration - ASSIST (Base)/Add Document' is clicked on

2018-12-12 13:22:52 - [TEST_STEP][PASSED] - delay: Delayed 2 second(s)

2018-12-12 13:22:54 - [MESSAGE][PASSED] - Delayed 2 second(s)

2018-12-12 13:22:54 - [TEST_STEP][PASSED] - click: Object: 'Object Repository/Final Object Repo/Creating Employer Account/Page_Registration - ASSIST (Base)/Document Type' is clicked on

2018-12-12 13:22:54 - [MESSAGE][PASSED] - Object: 'Object Repository/Final Object Repo/Creating Employer Account/Page_Registration - ASSIST (Base)/Document Type' is clicked on

2018-12-12 13:22:54 - [TEST_STEP][PASSED] - delay: Delayed 2 second(s)

2018-12-12 13:22:56 - [MESSAGE][PASSED] - Delayed 2 second(s)

2018-12-12 13:22:56 - [TEST_STEP][PASSED] - click: Object: 'Object Repository/Final Object Repo/Creating Employer Account/Page_Registration - ASSIST (Base)/Document Type - Letter of Authorization' is clicked on

2018-12-12 13:22:56 - [MESSAGE][PASSED] - Object: 'Object Repository/Final Object Repo/Creating Employer Account/Page_Registration - ASSIST (Base)/Document Type - Letter of Authorization' is clicked on

2018-12-12 13:22:56 - [TEST_STEP][PASSED] - delay: Delayed 2 second(s)

2018-12-12 13:22:58 - [MESSAGE][PASSED] - Delayed 2 second(s)

2018-12-12 13:22:58 - [TEST_STEP][PASSED] - sendKeys: Keys 'C:\Users\Public\Pictures\Sample Pictures\Koala.jpg' sent to object: 'Object Repository/Final Object Repo/Creating Employer Account/Page_Registration - ASSIST (Base)/Uploading File'

2018-12-12 13:22:58 - [MESSAGE][PASSED] - Keys 'C:\Users\Public\Pictures\Sample Pictures\Koala.jpg' sent to object: 'Object Repository/Final Object Repo/Creating Employer Account/Page_Registration - ASSIST (Base)/Uploading File'

2018-12-12 13:22:58 - [TEST_STEP][PASSED] - delay: Delayed 2 second(s)

2018-12-12 13:23:00 - [MESSAGE][PASSED] - Delayed 2 second(s)

2018-12-12 13:23:00 - [TEST_STEP][PASSED] - click: Object: 'Object Repository/Final Object Repo/Creating Employer Account/Page_Registration - ASSIST (Base)/Add Document in Uploading File' is clicked on

2018-12-12 13:23:00 - [MESSAGE][PASSED] - Object: 'Object Repository/Final Object Repo/Creating Employer Account/Page_Registration - ASSIST (Base)/Add Document in Uploading File' is clicked on

2018-12-12 13:23:00 - [TEST_STEP][PASSED] - delay: Delayed 2 second(s)

2018-12-12 13:23:02 - [MESSAGE][PASSED] - Delayed 2 second(s)

2018-12-12 13:23:02 - [TEST_STEP][PASSED] - click: Object: 'Object Repository/Final Object Repo/Creating Employer Account/Page_Registration - ASSIST (Base)/Save' is clicked on

2018-12-12 13:23:03 - [MESSAGE][PASSED] - Object: 'Object Repository/Final Object Repo/Creating Employer Account/Page_Registration - ASSIST (Base)/Save' is clicked on

2018-12-12 13:23:03 - [TEST_STEP][PASSED] - delay: Delayed 2 second(s)

2018-12-12 13:23:05 - [MESSAGE][PASSED] - Delayed 2 second(s)

2018-12-12 13:23:05 - [TEST_STEP][PASSED] - click: Object: 'Object Repository/Final Object Repo/Creating Employer Account/Page_Registration - ASSIST (Base)/Submit' is clicked on

2018-12-12 13:23:05 - [MESSAGE][PASSED] - Object: 'Object Repository/Final Object Repo/Creating Employer Account/Page_Registration - ASSIST (Base)/Submit' is clicked on

2018-12-12 13:23:05 - [TEST_STEP][PASSED] - delay: Delayed 2 second(s)

2018-12-12 13:23:07 - [MESSAGE][PASSED] - Delayed 2 second(s)

2018-12-12 13:23:07 - [TEST_STEP][PASSED] - click: Object: 'Object Repository/Final Object Repo/Creating Employer Account/Page_Registration - ASSIST (Base)/Confirm' is clicked on

2018-12-12 13:23:07 - [MESSAGE][PASSED] - Object: 'Object Repository/Final Object Repo/Creating Employer Account/Page_Registration - ASSIST (Base)/Confirm' is clicked on

2018-12-12 13:23:07 - [MESSAGE][PASSED] - Call Test Case 'Test Cases/Final Aug 2018 - PKS Automation/Create Employer Acc/Template/Register Employer' successfully

2018-12-12 13:23:07 - [TEST_STEP][PASSED] - delay: Delayed 1 second(s)

2018-12-12 13:23:08 - [MESSAGE][PASSED] - Delayed 1 second(s)

2018-12-12 13:23:08 - [TEST_STEP][PASSED] - navigateToUrl: Navigate to 'https://assist2-uat.perkeso.gov.my/c/portal/logout' successfully

2018-12-12 13:23:09 - [MESSAGE][PASSED] - Navigate to 'https://assist2-uat.perkeso.gov.my/c/portal/logout' successfully

2018-12-12 13:23:09 - [TEST_STEP][PASSED] - delay: Delayed 1 second(s)

2018-12-12 13:23:10 - [MESSAGE][PASSED] - Delayed 1 second(s)

2018-12-12 13:23:10 - [TEST_STEP][PASSED] - callTestCase: Call Test Case 'Test Cases/Final Aug 2018 - PKS Automation/Create Employer Acc/Template/Change Password of Employer' successfully

2018-12-12 13:23:10 - [TEST_CASE][PASSED] - Test Cases/Final Aug 2018 - PKS Automation/Create Employer Acc/Template/Change Password of Employer: Test Cases/Final Aug 2018 - PKS Automation/Create Employer Acc/Template/Change Password of Employer

2018-12-12 13:23:11 - [TEST_STEP][PASSED] - openBrowser: Browser is opened with url: ''

2018-12-12 13:23:11 - [MESSAGE][WARNING] - A browser is already opened. Closing browser and opening a new one

2018-12-12 13:23:15 - [MESSAGE][PASSED] - Browser is opened with url: ''

2018-12-12 13:23:15 - [TEST_STEP][PASSED] - navigateToUrl: Navigate to 'https://assist2-uat.perkeso.gov.my/login' successfully

2018-12-12 13:23:16 - [MESSAGE][PASSED] - Navigate to 'https://assist2-uat.perkeso.gov.my/login' successfully

2018-12-12 13:23:16 - [TEST_STEP][PASSED] - delay: Delayed 5 second(s)

2018-12-12 13:23:21 - [MESSAGE][PASSED] - Delayed 5 second(s)

2018-12-12 13:23:21 - [TEST_STEP][PASSED] - setText: Text 'test@liferay.com' is set on object 'Object Repository/Final Object Repo/Login Page/Internal User/Email Address'

2018-12-12 13:23:21 - [MESSAGE][PASSED] - Text 'test@liferay.com' is set on object 'Object Repository/Final Object Repo/Login Page/Internal User/Email Address'

2018-12-12 13:23:21 - [TEST_STEP][PASSED] - click: Object: 'Object Repository/Final Object Repo/Login Page/Internal User/Next Button' is clicked on

2018-12-12 13:23:22 - [MESSAGE][PASSED] - Object: 'Object Repository/Final Object Repo/Login Page/Internal User/Next Button' is clicked on

2018-12-12 13:23:22 - [TEST_STEP][PASSED] - delay: Delayed 2 second(s)

2018-12-12 13:23:24 - [MESSAGE][PASSED] - Delayed 2 second(s)

2018-12-12 13:23:24 - [TEST_STEP][PASSED] - setText: Text 'test' is set on object 'Object Repository/Final Object Repo/Login Page/Internal User/Password'

2018-12-12 13:23:24 - [MESSAGE][PASSED] - Text 'test' is set on object 'Object Repository/Final Object Repo/Login Page/Internal User/Password'

2018-12-12 13:23:24 - [TEST_STEP][PASSED] - delay: Delayed 2 second(s)

2018-12-12 13:23:26 - [MESSAGE][PASSED] - Delayed 2 second(s)

2018-12-12 13:23:26 - [TEST_STEP][PASSED] - click: Object: 'Object Repository/Final Object Repo/Login Page/Internal User/Login Button' is clicked on

2018-12-12 13:23:26 - [MESSAGE][PASSED] - Object: 'Object Repository/Final Object Repo/Login Page/Internal User/Login Button' is clicked on

2018-12-12 13:23:26 - [TEST_STEP][PASSED] - delay: Delayed 3 second(s)

2018-12-12 13:23:29 - [MESSAGE][PASSED] - Delayed 3 second(s)

2018-12-12 13:23:29 - [TEST_STEP][PASSED] - navigateToUrl: Navigate to 'https://assist2-uat.perkeso.gov.my/group/control_panel/manage?p_p_id=125&p_p_lifecycle=0&p_p_state=maximized&p_p_mode=view&refererPlid=20455&_125_usersListView=flat-users&_125_toolbarItem=view-all-users&_125_saveUsersListView=true&_125_struts_action=%2Fusers_admin%2Fview' successfully

2018-12-12 13:23:30 - [MESSAGE][PASSED] - Navigate to 'https://assist2-uat.perkeso.gov.my/group/control_panel/manage?p_p_id=125&p_p_lifecycle=0&p_p_state=maximized&p_p_mode=view&refererPlid=20455&_125_usersListView=flat-users&_125_toolbarItem=view-all-users&_125_saveUsersListView=true&_125_struts_action=%2Fusers_admin%2Fview' successfully

2018-12-12 13:23:30 - [TEST_STEP][PASSED] - delay: Delayed 3 second(s)

2018-12-12 13:23:33 - [MESSAGE][PASSED] - Delayed 3 second(s)

2018-12-12 13:23:33 - [TEST_STEP][PASSED] - setText: Text 'perkeso270472279992@gmail.com' is set on object 'Object Repository/Final Object Repo/Creating Employer Account/Page_Users and Organizations - ASSIST/Employer name'

2018-12-12 13:23:34 - [MESSAGE][PASSED] - Text 'perkeso270472279992@gmail.com' is set on object 'Object Repository/Final Object Repo/Creating Employer Account/Page_Users and Organizations - ASSIST/Employer name'

2018-12-12 13:23:34 - [TEST_STEP][PASSED] - delay: Delayed 3 second(s)

2018-12-12 13:23:37 - [MESSAGE][PASSED] - Delayed 3 second(s)

2018-12-12 13:23:37 - [TEST_STEP][PASSED] - click: Object: 'Object Repository/Final Object Repo/Creating Employer Account/Page_Users and Organizations - ASSIST/Search' is clicked on

2018-12-12 13:23:37 - [MESSAGE][PASSED] - Object: 'Object Repository/Final Object Repo/Creating Employer Account/Page_Users and Organizations - ASSIST/Search' is clicked on

2018-12-12 13:23:37 - [TEST_STEP][PASSED] - delay: Delayed 3 second(s)

2018-12-12 13:23:40 - [MESSAGE][PASSED] - Delayed 3 second(s)

2018-12-12 13:23:40 - [TEST_STEP][PASSED] - click: Object: 'Object Repository/Final Object Repo/Creating Employer Account/Page_Users and Organizations - ASSIST/Action' is clicked on

2018-12-12 13:23:41 - [MESSAGE][PASSED] - Object: 'Object Repository/Final Object Repo/Creating Employer Account/Page_Users and Organizations - ASSIST/Action' is clicked on

2018-12-12 13:23:41 - [TEST_STEP][PASSED] - delay: Delayed 3 second(s)

2018-12-12 13:23:44 - [MESSAGE][PASSED] - Delayed 3 second(s)

2018-12-12 13:23:44 - [TEST_STEP][PASSED] - click: Object: 'Object Repository/Final Object Repo/Creating Employer Account/Page_Users and Organizations - ASSIST/Edit' is clicked on

2018-12-12 13:23:45 - [MESSAGE][PASSED] - Object: 'Object Repository/Final Object Repo/Creating Employer Account/Page_Users and Organizations - ASSIST/Edit' is clicked on

2018-12-12 13:23:45 - [TEST_STEP][PASSED] - delay: Delayed 3 second(s)

2018-12-12 13:23:48 - [MESSAGE][PASSED] - Delayed 3 second(s)

2018-12-12 13:23:48 - [TEST_STEP][PASSED] - click: Object: 'Object Repository/Final Object Repo/Creating Employer Account/Page_PERKESO - Users and Organizati/a_Password (Modified)' is clicked on

2018-12-12 13:23:48 - [MESSAGE][PASSED] - Object: 'Object Repository/Final Object Repo/Creating Employer Account/Page_PERKESO - Users and Organizati/a_Password (Modified)' is clicked on

2018-12-12 13:23:48 - [TEST_STEP][PASSED] - delay: Delayed 3 second(s)

2018-12-12 13:23:51 - [MESSAGE][PASSED] - Delayed 3 second(s)

2018-12-12 13:23:51 - [TEST_STEP][PASSED] - setEncryptedText: Text ****** has been set on object 'Object Repository/Final Object Repo/Creating Employer Account/Page_PERKESO - Users and Organizati/input__125_password1'

2018-12-12 13:23:51 - [MESSAGE][PASSED] - Text ****** has been set on object 'Object Repository/Final Object Repo/Creating Employer Account/Page_PERKESO - Users and Organizati/input__125_password1'

2018-12-12 13:23:51 - [TEST_STEP][PASSED] - delay: Delayed 3 second(s)

2018-12-12 13:23:54 - [MESSAGE][PASSED] - Delayed 3 second(s)

2018-12-12 13:23:54 - [TEST_STEP][PASSED] - setEncryptedText: Text ****** has been set on object 'Object Repository/Final Object Repo/Creating Employer Account/Page_PERKESO - Users and Organizati/input__125_password2'

2018-12-12 13:23:54 - [MESSAGE][PASSED] - Text ****** has been set on object 'Object Repository/Final Object Repo/Creating Employer Account/Page_PERKESO - Users and Organizati/input__125_password2'

2018-12-12 13:23:54 - [TEST_STEP][PASSED] - delay: Delayed 3 second(s)

2018-12-12 13:23:57 - [MESSAGE][PASSED] - Delayed 3 second(s)

2018-12-12 13:23:57 - [TEST_STEP][PASSED] - click: Object: 'Object Repository/Final Object Repo/Creating Employer Account/Page_PERKESO - Users and Organizati/Save' is clicked on

2018-12-12 13:23:59 - [MESSAGE][PASSED] - Object: 'Object Repository/Final Object Repo/Creating Employer Account/Page_PERKESO - Users and Organizati/Save' is clicked on

2018-12-12 13:23:59 - [MESSAGE][PASSED] - Call Test Case 'Test Cases/Final Aug 2018 - PKS Automation/Create Employer Acc/Template/Change Password of Employer' successfully

2018-12-12 13:23:59 - [TEST_STEP][PASSED] - delay: Delayed 1 second(s)

2018-12-12 13:24:00 - [MESSAGE][PASSED] - Delayed 1 second(s)

2018-12-12 13:24:00 - [TEST_STEP][PASSED] - navigateToUrl: Navigate to 'https://assist2-uat.perkeso.gov.my/c/portal/logout' successfully

2018-12-12 13:24:01 - [MESSAGE][PASSED] - Navigate to 'https://assist2-uat.perkeso.gov.my/c/portal/logout' successfully

2018-12-12 13:24:01 - [TEST_STEP][PASSED] - delay: Delayed 1 second(s)

2018-12-12 13:24:02 - [MESSAGE][PASSED] - Delayed 1 second(s)

2018-12-12 13:24:02 - [TEST_STEP][PASSED] - callTestCase: Call Test Case 'Test Cases/Final Aug 2018 - PKS Automation/Create Employer Acc/Template/Login to Employer Account (First Time)' successfully

2018-12-12 13:24:02 - [TEST_CASE][PASSED] - Test Cases/Final Aug 2018 - PKS Automation/Create Employer Acc/Template/Login to Employer Account (First Time): Test Cases/Final Aug 2018 - PKS Automation/Create Employer Acc/Template/Login to Employer Account (First Time)

2018-12-12 13:24:03 - [TEST_STEP][PASSED] - openBrowser: Browser is opened with url: ''

2018-12-12 13:24:03 - [MESSAGE][WARNING] - A browser is already opened. Closing browser and opening a new one

2018-12-12 13:24:07 - [MESSAGE][PASSED] - Browser is opened with url: ''

2018-12-12 13:24:07 - [TEST_STEP][PASSED] - navigateToUrl: Navigate to 'https://assist2-uat.perkeso.gov.my/employer/login' successfully

2018-12-12 13:24:08 - [MESSAGE][PASSED] - Navigate to 'https://assist2-uat.perkeso.gov.my/employer/login' successfully

2018-12-12 13:24:08 - [TEST_STEP][PASSED] - delay: Delayed 3 second(s)

2018-12-12 13:24:11 - [MESSAGE][PASSED] - Delayed 3 second(s)

2018-12-12 13:24:11 - [TEST_STEP][PASSED] - callTestCase: Call Test Case 'Test Cases/Final Aug 2018 - PKS Automation/Create Employer Acc/Template/Employer Email Getter' successfully

2018-12-12 13:24:11 - [TEST_CASE][PASSED] - Test Cases/Final Aug 2018 - PKS Automation/Create Employer Acc/Template/Employer Email Getter: Test Cases/Final Aug 2018 - PKS Automation/Create Employer Acc/Template/Employer Email Getter

2018-12-12 13:24:12 - [TEST_STEP][PASSED] - Statement - Try: null

2018-12-12 13:24:12 - [TEST_STEP][PASSED] - Statement - EmpEmail = new java.io.File(C://Users//Admin//Desktop//PKS//Automation Reference Point//EmpEmail.txt): null

2018-12-12 13:24:12 - [TEST_STEP][PASSED] - Statement - bufferread = new java.io.BufferedReader(new java.io.FileReader(EmpEmail)): null

2018-12-12 13:24:12 - [TEST_STEP][PASSED] - Statement - readedVal = bufferread.readLine(): null

2018-12-12 13:24:12 - [TEST_STEP][PASSED] - Statement - out.println(readedVal): null

2018-12-12 13:24:12 - [TEST_STEP][PASSED] - Statement - Email = readedVal: null

2018-12-12 13:24:12 - [MESSAGE][PASSED] - Call Test Case 'Test Cases/Final Aug 2018 - PKS Automation/Create Employer Acc/Template/Employer Email Getter' successfully

2018-12-12 13:24:12 - [TEST_STEP][PASSED] - setText: Text 'perkeso270472279992@gmail.com' is set on object 'Object Repository/Final Object Repo/Login Page/External Login Page/Email'

2018-12-12 13:24:12 - [MESSAGE][PASSED] - Text 'perkeso270472279992@gmail.com' is set on object 'Object Repository/Final Object Repo/Login Page/External Login Page/Email'

2018-12-12 13:24:12 - [TEST_STEP][PASSED] - click: Object: 'Object Repository/Final Object Repo/Login Page/External Login Page/Next' is clicked on

2018-12-12 13:24:12 - [MESSAGE][PASSED] - Object: 'Object Repository/Final Object Repo/Login Page/External Login Page/Next' is clicked on

2018-12-12 13:24:12 - [TEST_STEP][PASSED] - delay: Delayed 3 second(s)

2018-12-12 13:24:15 - [MESSAGE][PASSED] - Delayed 3 second(s)

2018-12-12 13:24:15 - [TEST_STEP][PASSED] - setEncryptedText: Text ****** has been set on object 'Object Repository/Final Object Repo/Login Page/External Login Page/Password'

2018-12-12 13:24:15 - [MESSAGE][PASSED] - Text ****** has been set on object 'Object Repository/Final Object Repo/Login Page/External Login Page/Password'

2018-12-12 13:24:15 - [TEST_STEP][PASSED] - click: Object: 'Object Repository/Final Object Repo/Login Page/External Login Page/Login' is clicked on

2018-12-12 13:24:16 - [MESSAGE][PASSED] - Object: 'Object Repository/Final Object Repo/Login Page/External Login Page/Login' is clicked on

2018-12-12 13:24:16 - [TEST_STEP][PASSED] - delay: Delayed 3 second(s)

2018-12-12 13:24:19 - [MESSAGE][PASSED] - Delayed 3 second(s)

2018-12-12 13:24:19 - [TEST_STEP][PASSED] - click: Object: 'Object Repository/Final Object Repo/Creating Employer Account/Page_Terms of Use - ASSIST/button_I Agree' is clicked on

2018-12-12 13:24:19 - [MESSAGE][PASSED] - Object: 'Object Repository/Final Object Repo/Creating Employer Account/Page_Terms of Use - ASSIST/button_I Agree' is clicked on

2018-12-12 13:24:19 - [TEST_STEP][PASSED] - delay: Delayed 2 second(s)

2018-12-12 13:24:21 - [MESSAGE][PASSED] - Delayed 2 second(s)

2018-12-12 13:24:21 - [TEST_STEP][PASSED] - setEncryptedText: Text ****** has been set on object 'Object Repository/Final Object Repo/Creating Employer Account/Page_New Password - ASSIST/input_password1'

2018-12-12 13:24:21 - [MESSAGE][PASSED] - Text ****** has been set on object 'Object Repository/Final Object Repo/Creating Employer Account/Page_New Password - ASSIST/input_password1'

2018-12-12 13:24:21 - [TEST_STEP][PASSED] - setEncryptedText: Text ****** has been set on object 'Object Repository/Final Object Repo/Creating Employer Account/Page_New Password - ASSIST/input_password2'

2018-12-12 13:24:21 - [MESSAGE][PASSED] - Text ****** has been set on object 'Object Repository/Final Object Repo/Creating Employer Account/Page_New Password - ASSIST/input_password2'

2018-12-12 13:24:21 - [TEST_STEP][PASSED] - delay: Delayed 2 second(s)

2018-12-12 13:24:23 - [MESSAGE][PASSED] - Delayed 2 second(s)

2018-12-12 13:24:23 - [TEST_STEP][PASSED] - click: Object: 'Object Repository/Final Object Repo/Creating Employer Account/Page_New Password - ASSIST/Save' is clicked on

2018-12-12 13:24:24 - [MESSAGE][PASSED] - Object: 'Object Repository/Final Object Repo/Creating Employer Account/Page_New Password - ASSIST/Save' is clicked on

2018-12-12 13:24:24 - [TEST_STEP][PASSED] - delay: Delayed 2 second(s)

2018-12-12 13:24:26 - [MESSAGE][PASSED] - Delayed 2 second(s)

2018-12-12 13:24:26 - [TEST_STEP][PASSED] - setText: Text 'test' is set on object 'Object Repository/Final Object Repo/Creating Employer Account/Page_Password Reminder - ASSIST/Reminder Query Answer'

2018-12-12 13:24:26 - [MESSAGE][PASSED] - Text 'test' is set on object 'Object Repository/Final Object Repo/Creating Employer Account/Page_Password Reminder - ASSIST/Reminder Query Answer'

2018-12-12 13:24:26 - [TEST_STEP][PASSED] - delay: Delayed 2 second(s)

2018-12-12 13:24:28 - [MESSAGE][PASSED] - Delayed 2 second(s)

2018-12-12 13:24:28 - [TEST_STEP][PASSED] - doubleClick: Object: 'Object Repository/Final Object Repo/Creating Employer Account/Page_Password Reminder - ASSIST/Save' is double clicked on

2018-12-12 13:24:28 - [MESSAGE][PASSED] - Object: 'Object Repository/Final Object Repo/Creating Employer Account/Page_Password Reminder - ASSIST/Save' is double clicked on

2018-12-12 13:24:28 - [MESSAGE][PASSED] - Call Test Case 'Test Cases/Final Aug 2018 - PKS Automation/Create Employer Acc/Template/Login to Employer Account (First Time)' successfully

2018-12-12 13:24:28 - [MESSAGE][PASSED] - Call Test Case 'Test Cases/Final Aug 2018 - PKS Automation/Create Employer Acc/Create Employer Account' successfully

2018-12-12 13:24:28 - [TEST_STEP][PASSED] - callTestCase: Call Test Case 'Test Cases/Final Aug 2018 - PKS Automation/Registration Module/Log Out/log out avoiding katalon tagging' successfully

2018-12-12 13:24:28 - [TEST_CASE][PASSED] - Test Cases/Final Aug 2018 - PKS Automation/Registration Module/Log Out/log out avoiding katalon tagging: Test Cases/Final Aug 2018 - PKS Automation/Registration Module/Log Out/log out avoiding katalon tagging

2018-12-12 13:24:28 - [TEST_STEP][PASSED] - navigateToUrl: Navigate to 'https://assist2-uat.perkeso.gov.my/c/portal/logout' successfully

2018-12-12 13:24:31 - [MESSAGE][PASSED] - Navigate to 'https://assist2-uat.perkeso.gov.my/c/portal/logout' successfully

2018-12-12 13:24:31 - [MESSAGE][PASSED] - Call Test Case 'Test Cases/Final Aug 2018 - PKS Automation/Registration Module/Log Out/log out avoiding katalon tagging' successfully

2018-12-12 13:24:31 - [TEST_STEP][PASSED] - callTestCase: Call Test Case 'Test Cases/Final Aug 2018 - PKS Automation/Create Employer Acc/Login to Employer Account (Second time)' successfully

2018-12-12 13:24:31 - [TEST_CASE][PASSED] - Test Cases/Final Aug 2018 - PKS Automation/Create Employer Acc/Login to Employer Account (Second time): Test Cases/Final Aug 2018 - PKS Automation/Create Employer Acc/Login to Employer Account (Second time)

2018-12-12 13:24:32 - [TEST_STEP][PASSED] - openBrowser: Browser is opened with url: ''

2018-12-12 13:24:32 - [MESSAGE][WARNING] - A browser is already opened. Closing browser and opening a new one

2018-12-12 13:24:36 - [MESSAGE][PASSED] - Browser is opened with url: ''

2018-12-12 13:24:36 - [TEST_STEP][PASSED] - navigateToUrl: Navigate to 'https://assist2-uat.perkeso.gov.my/employer/login' successfully

2018-12-12 13:24:37 - [MESSAGE][PASSED] - Navigate to 'https://assist2-uat.perkeso.gov.my/employer/login' successfully

2018-12-12 13:24:37 - [TEST_STEP][PASSED] - delay: Delayed 3 second(s)

2018-12-12 13:24:40 - [MESSAGE][PASSED] - Delayed 3 second(s)

2018-12-12 13:24:40 - [TEST_STEP][PASSED] - callTestCase: Call Test Case 'Test Cases/Final Aug 2018 - PKS Automation/Create Employer Acc/Template/Employer Email Getter' successfully

2018-12-12 13:24:40 - [TEST_CASE][PASSED] - Test Cases/Final Aug 2018 - PKS Automation/Create Employer Acc/Template/Employer Email Getter: Test Cases/Final Aug 2018 - PKS Automation/Create Employer Acc/Template/Employer Email Getter

2018-12-12 13:24:40 - [TEST_STEP][PASSED] - Statement - Try: null

2018-12-12 13:24:40 - [TEST_STEP][PASSED] - Statement - EmpEmail = new java.io.File(C://Users//Admin//Desktop//PKS//Automation Reference Point//EmpEmail.txt): null

2018-12-12 13:24:40 - [TEST_STEP][PASSED] - Statement - bufferread = new java.io.BufferedReader(new java.io.FileReader(EmpEmail)): null

2018-12-12 13:24:40 - [TEST_STEP][PASSED] - Statement - readedVal = bufferread.readLine(): null

2018-12-12 13:24:40 - [TEST_STEP][PASSED] - Statement - out.println(readedVal): null

2018-12-12 13:24:40 - [TEST_STEP][PASSED] - Statement - Email = readedVal: null

2018-12-12 13:24:40 - [MESSAGE][PASSED] - Call Test Case 'Test Cases/Final Aug 2018 - PKS Automation/Create Employer Acc/Template/Employer Email Getter' successfully

2018-12-12 13:24:40 - [TEST_STEP][PASSED] - setText: Text 'perkeso270472279992@gmail.com' is set on object 'Object Repository/Final Object Repo/Login Page/External Login Page/Email'

2018-12-12 13:24:40 - [MESSAGE][PASSED] - Text 'perkeso270472279992@gmail.com' is set on object 'Object Repository/Final Object Repo/Login Page/External Login Page/Email'

2018-12-12 13:24:40 - [TEST_STEP][PASSED] - click: Object: 'Object Repository/Final Object Repo/Login Page/External Login Page/Next' is clicked on

2018-12-12 13:24:41 - [MESSAGE][PASSED] - Object: 'Object Repository/Final Object Repo/Login Page/External Login Page/Next' is clicked on

2018-12-12 13:24:41 - [TEST_STEP][PASSED] - delay: Delayed 3 second(s)

2018-12-12 13:24:44 - [MESSAGE][PASSED] - Delayed 3 second(s)

2018-12-12 13:24:44 - [TEST_STEP][PASSED] - setEncryptedText: Text ****** has been set on object 'Object Repository/Final Object Repo/Login Page/External Login Page/Password'

2018-12-12 13:24:44 - [MESSAGE][PASSED] - Text ****** has been set on object 'Object Repository/Final Object Repo/Login Page/External Login Page/Password'

2018-12-12 13:24:44 - [TEST_STEP][PASSED] - click: Object: 'Object Repository/Final Object Repo/Login Page/External Login Page/Login' is clicked on

2018-12-12 13:24:44 - [MESSAGE][PASSED] - Object: 'Object Repository/Final Object Repo/Login Page/External Login Page/Login' is clicked on

2018-12-12 13:24:44 - [TEST_STEP][PASSED] - delay: Delayed 5 second(s)

2018-12-12 13:24:49 - [MESSAGE][PASSED] - Delayed 5 second(s)

2018-12-12 13:24:49 - [MESSAGE][PASSED] - Call Test Case 'Test Cases/Final Aug 2018 - PKS Automation/Create Employer Acc/Login to Employer Account (Second time)' successfully

2018-12-12 13:24:49 - [TEST_STEP][PASSED] - Statement - Try: null

2018-12-12 13:24:49 - [TEST_STEP][PASSED] - Statement - Checker = com.kms.katalon.core.webui.keyword.WebUiBuiltInKeywords.verifyElementNotPresent("Final Object Repo/Landing Page/Select to English", 3): null

2018-12-12 13:24:49 - [TEST_STEP][PASSED] - Statement - Catch (Exception e): null

2018-12-12 13:24:49 - [TEST_STEP][PASSED] - Statement - e.printStackTrace(): null

2018-12-12 13:24:49 - [TEST_STEP][PASSED] - delay: Delayed 5 second(s)

2018-12-12 13:24:54 - [MESSAGE][PASSED] - Delayed 5 second(s)

2018-12-12 13:24:54 - [TEST_STEP][PASSED] - click: Object: 'Object Repository/Final Object Repo/Landing Page/My Sites Drop Down' is clicked on

2018-12-12 13:24:54 - [MESSAGE][PASSED] - Object: 'Object Repository/Final Object Repo/Landing Page/My Sites Drop Down' is clicked on

2018-12-12 13:24:54 - [TEST_STEP][PASSED] - click: Object: 'Object Repository/Final Object Repo/Landing Page/Select to Registration Module' is clicked on

2018-12-12 13:24:57 - [MESSAGE][PASSED] - Object: 'Object Repository/Final Object Repo/Landing Page/Select to Registration Module' is clicked on

2018-12-12 13:24:57 - [TEST_STEP][PASSED] - click: Object: 'Object Repository/Final Object Repo/Landing Page/Registration Button' is clicked on

2018-12-12 13:24:58 - [MESSAGE][PASSED] - Object: 'Object Repository/Final Object Repo/Landing Page/Registration Button' is clicked on

2018-12-12 13:24:58 - [TEST_STEP][PASSED] - delay: Delayed 2 second(s)

2018-12-12 13:25:00 - [MESSAGE][PASSED] - Delayed 2 second(s)

2018-12-12 13:25:00 - [TEST_STEP][PASSED] - click: Object: 'Object Repository/Final Object Repo/New Registration - Registration Module Pages/New Reg - OTC to RO/Special Case - OTC - Form 1/AEC NO' is clicked on

2018-12-12 13:25:00 - [MESSAGE][PASSED] - Object: 'Object Repository/Final Object Repo/New Registration - Registration Module Pages/New Reg - OTC to RO/Special Case - OTC - Form 1/AEC NO' is clicked on

2018-12-12 13:25:00 - [TEST_STEP][PASSED] - click: Object: 'Object Repository/Final Object Repo/New Registration - Registration Module Pages/New Reg - OTC to RO/Special Case - OTC - Form 1/Business Entity - Please Select' is clicked on

2018-12-12 13:25:00 - [MESSAGE][PASSED] - Object: 'Object Repository/Final Object Repo/New Registration - Registration Module Pages/New Reg - OTC to RO/Special Case - OTC - Form 1/Business Entity - Please Select' is clicked on

2018-12-12 13:25:00 - [TEST_STEP][PASSED] - click: Object: 'Object Repository/Final Object Repo/New Registration - Registration Module Pages/New Reg - OTC to RO/Special Case - OTC - Form 1/Selected - Corporation' is clicked on

2018-12-12 13:25:01 - [MESSAGE][PASSED] - Object: 'Object Repository/Final Object Repo/New Registration - Registration Module Pages/New Reg - OTC to RO/Special Case - OTC - Form 1/Selected - Corporation' is clicked on

2018-12-12 13:25:01 - [TEST_STEP][PASSED] - delay: Delayed 2 second(s)

2018-12-12 13:25:03 - [MESSAGE][PASSED] - Delayed 2 second(s)

2018-12-12 13:25:03 - [TEST_STEP][PASSED] - click: Object: 'Object Repository/Final Object Repo/New Registration - Registration Module Pages/New Reg - OTC to RO/Special Case - OTC - Form 1/Sub Business Entity - Please Select' is clicked on

2018-12-12 13:25:03 - [MESSAGE][PASSED] - Object: 'Object Repository/Final Object Repo/New Registration - Registration Module Pages/New Reg - OTC to RO/Special Case - OTC - Form 1/Sub Business Entity - Please Select' is clicked on

2018-12-12 13:25:03 - [TEST_STEP][PASSED] - delay: Delayed 2 second(s)

2018-12-12 13:25:05 - [MESSAGE][PASSED] - Delayed 2 second(s)

2018-12-12 13:25:05 - [TEST_STEP][PASSED] - click: Object: 'Object Repository/Final Object Repo/New Registration - Registration Module Pages/New Reg - OTC to RO/Special Case - OTC - Form 1/Selected - Sendirian Berhad' is clicked on

2018-12-12 13:25:05 - [MESSAGE][PASSED] - Object: 'Object Repository/Final Object Repo/New Registration - Registration Module Pages/New Reg - OTC to RO/Special Case - OTC - Form 1/Selected - Sendirian Berhad' is clicked on

2018-12-12 13:25:05 - [TEST_STEP][PASSED] - setText: Text 'AUTOMATE001' is set on object 'Object Repository/Final Object Repo/New Registration - Registration Module Pages/New Reg - OTC to RO/Special Case - OTC - Form 1/Input BRN Number'

2018-12-12 13:25:06 - [MESSAGE][PASSED] - Text 'AUTOMATE001' is set on object 'Object Repository/Final Object Repo/New Registration - Registration Module Pages/New Reg - OTC to RO/Special Case - OTC - Form 1/Input BRN Number'

2018-12-12 13:25:06 - [TEST_STEP][PASSED] - delay: Delayed 2 second(s)

2018-12-12 13:25:08 - [MESSAGE][PASSED] - Delayed 2 second(s)

2018-12-12 13:25:08 - [TEST_STEP][PASSED] - click: Object: 'Object Repository/Final Object Repo/New Registration - Registration Module Pages/New Reg - OTC to RO/Special Case - OTC - Form 1/BRN Search' is clicked on

2018-12-12 13:25:08 - [MESSAGE][PASSED] - Object: 'Object Repository/Final Object Repo/New Registration - Registration Module Pages/New Reg - OTC to RO/Special Case - OTC - Form 1/BRN Search' is clicked on

2018-12-12 13:25:08 - [TEST_STEP][PASSED] - delay: Delayed 4 second(s)

2018-12-12 13:25:12 - [MESSAGE][PASSED] - Delayed 4 second(s)

2018-12-12 13:25:12 - [TEST_STEP][PASSED] - click: Object: 'Object Repository/Final Object Repo/New Registration - Registration Module Pages/New Reg - OTC to RO/Special Case - OTC - Form 1/Registered with SSM - After Feb 2017' is clicked on

2018-12-12 13:25:12 - [MESSAGE][PASSED] - Object: 'Object Repository/Final Object Repo/New Registration - Registration Module Pages/New Reg - OTC to RO/Special Case - OTC - Form 1/Registered with SSM - After Feb 2017' is clicked on

2018-12-12 13:25:12 - [TEST_STEP][PASSED] - delay: Delayed 2 second(s)

2018-12-12 13:25:14 - [MESSAGE][PASSED] - Delayed 2 second(s)

2018-12-12 13:25:14 - [TEST_STEP][PASSED] - click: Object: 'Object Repository/Final Object Repo/New Registration - Registration Module Pages/New Reg - OTC to RO/Special Case - OTC - Form 1/Registering As A Branch - No' is clicked on

2018-12-12 13:25:14 - [MESSAGE][PASSED] - Object: 'Object Repository/Final Object Repo/New Registration - Registration Module Pages/New Reg - OTC to RO/Special Case - OTC - Form 1/Registering As A Branch - No' is clicked on

2018-12-12 13:25:14 - [TEST_STEP][PASSED] - click: Object: 'Object Repository/Final Object Repo/New Registration - Registration Module Pages/New Reg - OTC to RO/Special Case - OTC - Form 1/Acknowledgement Ticked' is clicked on

2018-12-12 13:25:14 - [MESSAGE][PASSED] - Object: 'Object Repository/Final Object Repo/New Registration - Registration Module Pages/New Reg - OTC to RO/Special Case - OTC - Form 1/Acknowledgement Ticked' is clicked on

2018-12-12 13:25:14 - [TEST_STEP][PASSED] - delay: Delayed 2 second(s)

2018-12-12 13:25:16 - [MESSAGE][PASSED] - Delayed 2 second(s)

2018-12-12 13:25:16 - [TEST_STEP][PASSED] - callTestCase: Call Test Case 'Test Cases/Final Aug 2018 - PKS Automation/Create Employer Acc/Template/Employer Email Getter' successfully

2018-12-12 13:25:16 - [TEST_CASE][PASSED] - Test Cases/Final Aug 2018 - PKS Automation/Create Employer Acc/Template/Employer Email Getter: Test Cases/Final Aug 2018 - PKS Automation/Create Employer Acc/Template/Employer Email Getter

2018-12-12 13:25:16 - [TEST_STEP][PASSED] - Statement - Try: null

2018-12-12 13:25:16 - [TEST_STEP][PASSED] - Statement - EmpEmail = new java.io.File(C://Users//Admin//Desktop//PKS//Automation Reference Point//EmpEmail.txt): null

2018-12-12 13:25:16 - [TEST_STEP][PASSED] - Statement - bufferread = new java.io.BufferedReader(new java.io.FileReader(EmpEmail)): null

2018-12-12 13:25:16 - [TEST_STEP][PASSED] - Statement - readedVal = bufferread.readLine(): null

2018-12-12 13:25:16 - [TEST_STEP][PASSED] - Statement - out.println(readedVal): null

2018-12-12 13:25:16 - [TEST_STEP][PASSED] - Statement - Email = readedVal: null

2018-12-12 13:25:16 - [MESSAGE][PASSED] - Call Test Case 'Test Cases/Final Aug 2018 - PKS Automation/Create Employer Acc/Template/Employer Email Getter' successfully

2018-12-12 13:25:16 - [TEST_STEP][PASSED] - setText: Text 'perkeso270472279992@gmail.com' is set on object 'Object Repository/Final Object Repo/Creating Employer Account/Email'

2018-12-12 13:25:17 - [MESSAGE][PASSED] - Text 'perkeso270472279992@gmail.com' is set on object 'Object Repository/Final Object Repo/Creating Employer Account/Email'

2018-12-12 13:25:17 - [TEST_STEP][PASSED] - delay: Delayed 2 second(s)

2018-12-12 13:25:19 - [MESSAGE][PASSED] - Delayed 2 second(s)

2018-12-12 13:25:19 - [TEST_STEP][PASSED] - click: Object: 'Object Repository/Final Object Repo/New Registration - Registration Module Pages/New Reg - OTC to RO/Special Case - OTC - Form 1/Submit Button' is clicked on

2018-12-12 13:25:19 - [MESSAGE][PASSED] - Object: 'Object Repository/Final Object Repo/New Registration - Registration Module Pages/New Reg - OTC to RO/Special Case - OTC - Form 1/Submit Button' is clicked on

2018-12-12 13:25:19 - [TEST_STEP][PASSED] - delay: Delayed 2 second(s)

2018-12-12 13:25:21 - [MESSAGE][PASSED] - Delayed 2 second(s)

2018-12-12 13:25:21 - [TEST_STEP][PASSED] - click: Object: 'Object Repository/Final Object Repo/New Registration - Registration Module Pages/New Reg - OTC to RO/Special Case - OTC - Form 1/Confirm No Flagging as Branch' is clicked on

2018-12-12 13:25:22 - [MESSAGE][PASSED] - Object: 'Object Repository/Final Object Repo/New Registration - Registration Module Pages/New Reg - OTC to RO/Special Case - OTC - Form 1/Confirm No Flagging as Branch' is clicked on

2018-12-12 13:25:22 - [MESSAGE][PASSED] - Call Test Case 'Test Cases/Final Aug 2018 - PKS Automation/Registration Module/Workflow/New Registration/Template/Special Case - Employer - Form 1' successfully

2018-12-12 13:25:22 - [TEST_STEP][PASSED] - callTestCase: Call Test Case 'Test Cases/Final Aug 2018 - PKS Automation/Registration Module/New Registration/Form 2/Add 1 Eligible - Employer Account Use' successfully

2018-12-12 13:25:22 - [TEST_CASE][PASSED] - Test Cases/Final Aug 2018 - PKS Automation/Registration Module/New Registration/Form 2/Add 1 Eligible - Employer Account Use: Test Cases/Final Aug 2018 - PKS Automation/Registration Module/New Registration/Form 2/Add 1 Eligible - Employer Account Use

2018-12-12 13:25:22 - [TEST_STEP][PASSED] - delay: Delayed 2 second(s)

2018-12-12 13:25:24 - [MESSAGE][PASSED] - Delayed 2 second(s)

2018-12-12 13:25:24 - [TEST_STEP][PASSED] - callTestCase: Call Test Case 'Test Cases/Final Aug 2018 - PKS Automation/Registration Module/New Registration/Form 2/Date Updater' successfully

2018-12-12 13:25:24 - [TEST_CASE][PASSED] - Test Cases/Final Aug 2018 - PKS Automation/Registration Module/New Registration/Form 2/Date Updater: Test Cases/Final Aug 2018 - PKS Automation/Registration Module/New Registration/Form 2/Date Updater

2018-12-12 13:25:24 - [TEST_STEP][PASSED] - Statement - TodayDate = new java.util.Date(): null

2018-12-12 13:25:24 - [TEST_STEP][PASSED] - Statement - CurrentDateNoFilter = new java.text.SimpleDateFormat(): null

2018-12-12 13:25:24 - [TEST_STEP][PASSED] - Statement - CurrentDateNoFilter.applyPattern("MM"): null

2018-12-12 13:25:24 - [TEST_STEP][PASSED] - Statement - monthContainerMatcher = java.lang.Integer.parseInt(CurrentDateNoFilter.format(TodayDate)): null

2018-12-12 13:25:24 - [TEST_STEP][PASSED] - Statement - monthContainerMatcher = monthContainerMatcher - 1: null

2018-12-12 13:25:24 - [TEST_STEP][PASSED] - Statement - CurrentMonth = monthContainerMatcher.toString(): null

2018-12-12 13:25:24 - [TEST_STEP][PASSED] - Statement - CurrentMonth = CurrentMonth: null

2018-12-12 13:25:24 - [TEST_STEP][PASSED] - Statement - CurrentDateNoFilter.applyPattern("yyyy"): null

2018-12-12 13:25:24 - [TEST_STEP][PASSED] - Statement - CurrentYear = CurrentDateNoFilter.format(TodayDate): null

2018-12-12 13:25:24 - [TEST_STEP][PASSED] - Statement - CurrentYear = CurrentYear: null

2018-12-12 13:25:24 - [TEST_STEP][PASSED] - Statement - intCurrentYear = java.lang.Integer.parseInt(CurrentDateNoFilter.format(TodayDate)): null

2018-12-12 13:25:24 - [TEST_STEP][PASSED] - Statement - eighteenYrsAgo = intCurrentYear - 18: null

2018-12-12 13:25:24 - [TEST_STEP][PASSED] - Statement - eighteenYrsBeforeThisYr = eighteenYrsAgo.toString(): null

2018-12-12 13:25:24 - [TEST_STEP][PASSED] - Statement - EighteenYrsBefore = eighteenYrsBeforeThisYr: null

2018-12-12 13:25:24 - [TEST_STEP][PASSED] - Statement - fiftysevenYrsAgo = intCurrentYear - 57: null

2018-12-12 13:25:24 - [TEST_STEP][PASSED] - Statement - fiftysevenYrsBeforeThisYr = fiftysevenYrsAgo.toString(): null

2018-12-12 13:25:24 - [TEST_STEP][PASSED] - Statement - FiftysevenYrsBefore = fiftysevenYrsBeforeThisYr: null

2018-12-12 13:25:24 - [TEST_STEP][PASSED] - Statement - leapYear = false: null

2018-12-12 13:25:24 - [TEST_STEP][PASSED] - Statement - leapYear = intCurrentYear % 4 == 0: null

2018-12-12 13:25:24 - [TEST_STEP][PASSED] - Statement - CurrentDateNoFilter.applyPattern("dd"): null

2018-12-12 13:25:24 - [TEST_STEP][PASSED] - Statement - CurrentDate = CurrentDateNoFilter.format(TodayDate): null

2018-12-12 13:25:24 - [TEST_STEP][PASSED] - Statement - CurrentDate = java.lang.Integer.parseInt(CurrentDate): null

2018-12-12 13:25:24 - [TEST_STEP][PASSED] - Statement - CurrentDate = CurrentDate: null

2018-12-12 13:25:24 - [TEST_STEP][PASSED] - Statement - CurrentDay = java.lang.Integer.parseInt(CurrentDate): null

2018-12-12 13:25:24 - [TEST_STEP][PASSED] - Statement - ConfAdder = <not implemented yet for class: org.codehaus.groovy.ast.expr.EmptyExpression>: null

2018-12-12 13:25:24 - [TEST_STEP][PASSED] - Statement - out.println(CurrentMonth): null

2018-12-12 13:25:24 - [TEST_STEP][PASSED] - Statement - out.println(CurrentDate): null

2018-12-12 13:25:24 - [TEST_STEP][PASSED] - Statement - switch (CurrentDate): null

2018-12-12 13:25:24 - [TEST_STEP][PASSED] - Statement - Default: null

2018-12-12 13:25:24 - [TEST_STEP][PASSED] - Statement - ConfAdder = true: null

2018-12-12 13:25:24 - [TEST_STEP][PASSED] - Statement - Break: null

2018-12-12 13:25:24 - [TEST_STEP][PASSED] - Statement - aDayBefore = <not implemented yet for class: org.codehaus.groovy.ast.expr.EmptyExpression>: null

2018-12-12 13:25:24 - [TEST_STEP][PASSED] - Statement - out.println(ConfAdder): null

2018-12-12 13:25:24 - [TEST_STEP][PASSED] - Statement - If (ConfAdder == true): null

2018-12-12 13:25:24 - [TEST_STEP][PASSED] - Statement - aDayBefore = CurrentDay + 1: null

2018-12-12 13:25:24 - [TEST_STEP][PASSED] - Statement - out.println(aDayBefore): null

2018-12-12 13:25:24 - [TEST_STEP][PASSED] - Statement - If (aDayBefore == 1 && CurrentMonth == 11): null

2018-12-12 13:25:24 - [TEST_STEP][PASSED] - Statement - DayBefore = aDayBefore.toString(): null

2018-12-12 13:25:24 - [TEST_STEP][PASSED] - Statement - OneDayBefore = DayBefore: null

2018-12-12 13:25:24 - [MESSAGE][PASSED] - Call Test Case 'Test Cases/Final Aug 2018 - PKS Automation/Registration Module/New Registration/Form 2/Date Updater' successfully

2018-12-12 13:25:24 - [TEST_STEP][PASSED] - delay: Delayed 1 second(s)

2018-12-12 13:25:25 - [MESSAGE][PASSED] - Delayed 1 second(s)

2018-12-12 13:25:25 - [TEST_STEP][PASSED] - Statement - CaseReferenceNo = com.kms.katalon.core.webui.keyword.WebUiBuiltInKeywords.getText(com.kms.katalon.core.testobject.ObjectRepository.findTestObject(Final Object Repo/New Registration - Registration Module Pages/Form 2/RefNo Acquiring)): Text of object 'Object Repository/Final Object Repo/New Registration - Registration Module Pages/Form 2/RefNo Acquiring' is: 'CRN12201800123197'

2018-12-12 13:25:25 - [MESSAGE][PASSED] - Text of object 'Object Repository/Final Object Repo/New Registration - Registration Module Pages/Form 2/RefNo Acquiring' is: 'CRN12201800123197'

2018-12-12 13:25:25 - [TEST_STEP][PASSED] - delay: Delayed 1 second(s)

2018-12-12 13:25:26 - [MESSAGE][PASSED] - Delayed 1 second(s)

2018-12-12 13:25:26 - [TEST_STEP][PASSED] - click: Object: 'Object Repository/Final Object Repo/New Registration - Registration Module Pages/Form 2/Add Employee Button' is clicked on

2018-12-12 13:25:27 - [MESSAGE][PASSED] - Object: 'Object Repository/Final Object Repo/New Registration - Registration Module Pages/Form 2/Add Employee Button' is clicked on

2018-12-12 13:25:27 - [TEST_STEP][PASSED] - delay: Delayed 1 second(s)

2018-12-12 13:25:28 - [MESSAGE][PASSED] - Delayed 1 second(s)

2018-12-12 13:25:28 - [TEST_STEP][PASSED] - setText: Text '010903091948' is set on object 'Object Repository/Final Object Repo/New Registration - Registration Module Pages/Form 2/NRIC Input'

2018-12-12 13:25:28 - [MESSAGE][PASSED] - Text '010903091948' is set on object 'Object Repository/Final Object Repo/New Registration - Registration Module Pages/Form 2/NRIC Input'

2018-12-12 13:25:28 - [TEST_STEP][PASSED] - delay: Delayed 2 second(s)

2018-12-12 13:25:30 - [MESSAGE][PASSED] - Delayed 2 second(s)

2018-12-12 13:25:30 - [TEST_STEP][PASSED] - setText: Text 'Automate001 eligible 1' is set on object 'Object Repository/Final Object Repo/New Registration - Registration Module Pages/Form 2/Employee Name Input'

2018-12-12 13:25:30 - [MESSAGE][PASSED] - Text 'Automate001 eligible 1' is set on object 'Object Repository/Final Object Repo/New Registration - Registration Module Pages/Form 2/Employee Name Input'

2018-12-12 13:25:30 - [TEST_STEP][PASSED] - delay: Delayed 2 second(s)

2018-12-12 13:25:32 - [MESSAGE][PASSED] - Delayed 2 second(s)

2018-12-12 13:25:32 - [TEST_STEP][PASSED] - click: Object: 'Object Repository/Final Object Repo/New Registration - Registration Module Pages/Form 2/DatePicker Pop Up' is clicked on

2018-12-12 13:25:33 - [MESSAGE][PASSED] - Object: 'Object Repository/Final Object Repo/New Registration - Registration Module Pages/Form 2/DatePicker Pop Up' is clicked on

2018-12-12 13:25:33 - [TEST_STEP][PASSED] - click: Object: 'Object Repository/Final Object Repo/New Registration - Registration Module Pages/Form 2/DOB Month' is clicked on

2018-12-12 13:25:33 - [MESSAGE][PASSED] - Object: 'Object Repository/Final Object Repo/New Registration - Registration Module Pages/Form 2/DOB Month' is clicked on

2018-12-12 13:25:33 - [TEST_STEP][PASSED] - Statement - CurrentMonth = CurrentMonth: null

2018-12-12 13:25:33 - [TEST_STEP][PASSED] - Statement - selectMonth = new com.kms.katalon.core.testobject.TestObject(): null

2018-12-12 13:25:33 - [TEST_STEP][PASSED] - Statement - selectMonth.addProperty("xpath", EQUALS, "//body/div/div/div/select/option[@value='" + CurrentMonth + "']", true): null

2018-12-12 13:25:33 - [TEST_STEP][PASSED] - click: Object: '' is clicked on

2018-12-12 13:25:33 - [MESSAGE][PASSED] - Object: '' is clicked on

2018-12-12 13:25:33 - [TEST_STEP][PASSED] - click: Object: 'Object Repository/Final Object Repo/New Registration - Registration Module Pages/Form 2/DOB Year' is clicked on

2018-12-12 13:25:33 - [MESSAGE][PASSED] - Object: 'Object Repository/Final Object Repo/New Registration - Registration Module Pages/Form 2/DOB Year' is clicked on

2018-12-12 13:25:33 - [TEST_STEP][PASSED] - Statement - Eyearsbf = EighteenYrsBefore: null

2018-12-12 13:25:33 - [TEST_STEP][PASSED] - Statement - selectYear = new com.kms.katalon.core.testobject.TestObject(): null

2018-12-12 13:25:33 - [TEST_STEP][PASSED] - Statement - selectYear.addProperty("xpath", EQUALS, "//div/div/div/select/option[@value='" + Eyearsbf + "']", true): null

2018-12-12 13:25:33 - [TEST_STEP][PASSED] - click: Object: '' is clicked on

2018-12-12 13:25:33 - [MESSAGE][PASSED] - Object: '' is clicked on

2018-12-12 13:25:33 - [TEST_STEP][PASSED] - Statement - UpdatedSelectDate = com.kms.katalon.core.webui.keyword.WebUiBuiltInKeywords.modifyObjectProperty(com.kms.katalon.core.testobject.ObjectRepository.findTestObject(Final Object Repo/New Registration - Registration Module Pages/Form 2/DOB Date), "xpath", "equals", "//body/div/table/tbody/tr/td/a[text()="" + CurrentDate + ""]", true): Modify property of object successfully

2018-12-12 13:25:33 - [MESSAGE][PASSED] - Modify property of object successfully

2018-12-12 13:25:33 - [TEST_STEP][PASSED] - delay: Delayed 3 second(s)

2018-12-12 13:25:36 - [MESSAGE][PASSED] - Delayed 3 second(s)

2018-12-12 13:25:36 - [TEST_STEP][PASSED] - click: Object: 'Object Repository/Final Object Repo/New Registration - Registration Module Pages/Form 2/DOB Date' is clicked on

2018-12-12 13:25:37 - [MESSAGE][PASSED] - Object: 'Object Repository/Final Object Repo/New Registration - Registration Module Pages/Form 2/DOB Date' is clicked on

2018-12-12 13:25:37 - [TEST_STEP][PASSED] - delay: Delayed 2 second(s)

2018-12-12 13:25:39 - [MESSAGE][PASSED] - Delayed 2 second(s)

2018-12-12 13:25:39 - [TEST_STEP][PASSED] - click: Object: 'Object Repository/Final Object Repo/New Registration - Registration Module Pages/Form 2/EmploymentStartDate Pop Up' is clicked on

2018-12-12 13:25:39 - [MESSAGE][PASSED] - Object: 'Object Repository/Final Object Repo/New Registration - Registration Module Pages/Form 2/EmploymentStartDate Pop Up' is clicked on

2018-12-12 13:25:39 - [TEST_STEP][PASSED] - delay: Delayed 2 second(s)

2018-12-12 13:25:41 - [MESSAGE][PASSED] - Delayed 2 second(s)

2018-12-12 13:25:41 - [TEST_STEP][PASSED] - click: Object: 'Object Repository/Final Object Repo/New Registration - Registration Module Pages/Form 2/Socso Employment StartDate Month' is clicked on

2018-12-12 13:25:41 - [MESSAGE][PASSED] - Object: 'Object Repository/Final Object Repo/New Registration - Registration Module Pages/Form 2/Socso Employment StartDate Month' is clicked on

2018-12-12 13:25:41 - [TEST_STEP][PASSED] - delay: Delayed 1 second(s)

2018-12-12 13:25:42 - [MESSAGE][PASSED] - Delayed 1 second(s)

2018-12-12 13:25:42 - [TEST_STEP][PASSED] - click: Object: 'Object Repository/Final Object Repo/New Registration - Registration Module Pages/Form 2/Select Socso Employement Startdate Month' is clicked on

2018-12-12 13:25:42 - [MESSAGE][PASSED] - Object: 'Object Repository/Final Object Repo/New Registration - Registration Module Pages/Form 2/Select Socso Employement Startdate Month' is clicked on

2018-12-12 13:25:42 - [TEST_STEP][PASSED] - delay: Delayed 2 second(s)

2018-12-12 13:25:44 - [MESSAGE][PASSED] - Delayed 2 second(s)

2018-12-12 13:25:44 - [TEST_STEP][PASSED] - click: Object: 'Object Repository/Final Object Repo/New Registration - Registration Module Pages/Form 2/Socso Employment StartDate Year' is clicked on

2018-12-12 13:25:44 - [MESSAGE][PASSED] - Object: 'Object Repository/Final Object Repo/New Registration - Registration Module Pages/Form 2/Socso Employment StartDate Year' is clicked on

2018-12-12 13:25:44 - [TEST_STEP][PASSED] - delay: Delayed 1 second(s)

2018-12-12 13:25:45 - [MESSAGE][PASSED] - Delayed 1 second(s)

2018-12-12 13:25:45 - [TEST_STEP][PASSED] - click: Object: 'Object Repository/Final Object Repo/New Registration - Registration Module Pages/Form 2/Select Socso Employment Startdate Year' is clicked on

2018-12-12 13:25:45 - [MESSAGE][PASSED] - Object: 'Object Repository/Final Object Repo/New Registration - Registration Module Pages/Form 2/Select Socso Employment Startdate Year' is clicked on

2018-12-12 13:25:45 - [TEST_STEP][PASSED] - delay: Delayed 2 second(s)

2018-12-12 13:25:47 - [MESSAGE][PASSED] - Delayed 2 second(s)

2018-12-12 13:25:47 - [TEST_STEP][PASSED] - click: Object: 'Object Repository/Final Object Repo/New Registration - Registration Module Pages/Form 2/Socso Employment Start Date Day' is clicked on

2018-12-12 13:25:48 - [MESSAGE][PASSED] - Object: 'Object Repository/Final Object Repo/New Registration - Registration Module Pages/Form 2/Socso Employment Start Date Day' is clicked on

2018-12-12 13:25:48 - [TEST_STEP][PASSED] - delay: Delayed 2 second(s)

2018-12-12 13:25:50 - [MESSAGE][PASSED] - Delayed 2 second(s)

2018-12-12 13:25:50 - [TEST_STEP][PASSED] - click: Object: 'Object Repository/Final Object Repo/New Registration - Registration Module Pages/Form 2/Save Button for Add Employee' is clicked on

2018-12-12 13:25:50 - [MESSAGE][PASSED] - Object: 'Object Repository/Final Object Repo/New Registration - Registration Module Pages/Form 2/Save Button for Add Employee' is clicked on

2018-12-12 13:25:50 - [TEST_STEP][PASSED] - delay: Delayed 6 second(s)

2018-12-12 13:25:56 - [MESSAGE][PASSED] - Delayed 6 second(s)

2018-12-12 13:25:56 - [TEST_STEP][PASSED] - click: Object: 'Object Repository/Final Object Repo/New Registration - Registration Module Pages/Form 2/Save and Continue Form 2' is clicked on

2018-12-12 13:25:56 - [MESSAGE][PASSED] - Object: 'Object Repository/Final Object Repo/New Registration - Registration Module Pages/Form 2/Save and Continue Form 2' is clicked on

2018-12-12 13:25:56 - [MESSAGE][PASSED] - Call Test Case 'Test Cases/Final Aug 2018 - PKS Automation/Registration Module/New Registration/Form 2/Add 1 Eligible - Employer Account Use' successfully

2018-12-12 13:25:56 - [TEST_STEP][PASSED] - callTestCase: Call Test Case 'Test Cases/Final Aug 2018 - PKS Automation/Registration Module/New Registration/Flow of New Registration/Third Screen - Upload Supporting Doc - Preview' successfully

2018-12-12 13:25:56 - [TEST_CASE][PASSED] - Test Cases/Final Aug 2018 - PKS Automation/Registration Module/New Registration/Flow of New Registration/Third Screen - Upload Supporting Doc - Preview: Test Cases/Final Aug 2018 - PKS Automation/Registration Module/New Registration/Flow of New Registration/Third Screen - Upload Supporting Doc - Preview

2018-12-12 13:25:56 - [TEST_STEP][PASSED] - waitForPageLoad: Wait for page load successfully

2018-12-12 13:25:57 - [MESSAGE][PASSED] - Wait for page load successfully

2018-12-12 13:25:57 - [TEST_STEP][PASSED] - Statement - CaseReferenceNo = com.kms.katalon.core.webui.keyword.WebUiBuiltInKeywords.getText(com.kms.katalon.core.testobject.ObjectRepository.findTestObject(Final Object Repo/New Registration - Registration Module Pages/Third Screen - Upload Supporting Doc- Preview/RefNo Acquiring)): Text of object 'Object Repository/Final Object Repo/New Registration - Registration Module Pages/Third Screen - Upload Supporting Doc- Preview/RefNo Acquiring' is: 'CRN12201800123197'

2018-12-12 13:25:57 - [MESSAGE][PASSED] - Text of object 'Object Repository/Final Object Repo/New Registration - Registration Module Pages/Third Screen - Upload Supporting Doc- Preview/RefNo Acquiring' is: 'CRN12201800123197'

2018-12-12 13:25:57 - [TEST_STEP][PASSED] - delay: Delayed 2 second(s)

2018-12-12 13:25:59 - [MESSAGE][PASSED] - Delayed 2 second(s)

2018-12-12 13:25:59 - [TEST_STEP][PASSED] - callTestCase: Call Test Case 'Test Cases/Final Aug 2018 - PKS Automation/Common/Reference Number Setter' successfully

2018-12-12 13:25:59 - [TEST_CASE][PASSED] - Test Cases/Final Aug 2018 - PKS Automation/Common/Reference Number Setter: Test Cases/Final Aug 2018 - PKS Automation/Common/Reference Number Setter

2018-12-12 13:25:59 - [TEST_STEP][PASSED] - Statement - RefNoOldFile = new java.io.File(C://Users//Admin//Desktop//PKS//Automation Reference Point//KatalonReference.txt): null

2018-12-12 13:25:59 - [TEST_STEP][PASSED] - Statement - RefNoOldFile.delete(): null

2018-12-12 13:25:59 - [TEST_STEP][PASSED] - delay: Delayed 5 second(s)

2018-12-12 13:26:04 - [MESSAGE][PASSED] - Delayed 5 second(s)

2018-12-12 13:26:04 - [TEST_STEP][PASSED] - Statement - RefNo = new java.io.File(C://Users//Admin//Desktop//PKS//Automation Reference Point//KatalonReference.txt): null

2018-12-12 13:26:04 - [TEST_STEP][PASSED] - Statement - f2 = new java.io.FileWriter(RefNo, false): null

2018-12-12 13:26:04 - [TEST_STEP][PASSED] - Statement - f2.write(CaseReferenceNo): null

2018-12-12 13:26:04 - [TEST_STEP][PASSED] - Statement - f2.close(): null

2018-12-12 13:26:04 - [TEST_STEP][PASSED] - Statement - out.println("


" + CaseReferenceNo + "


"): null

2018-12-12 13:26:04 - [MESSAGE][PASSED] - Call Test Case 'Test Cases/Final Aug 2018 - PKS Automation/Common/Reference Number Setter' successfully

2018-12-12 13:26:04 - [TEST_STEP][PASSED] - waitForElementClickable: Object 'Object Repository/Final Object Repo/New Registration - Registration Module Pages/Third Screen - Upload Supporting Doc- Preview/Save n Continue in SIP Employee Listing Page' is clickable

2018-12-12 13:26:04 - [MESSAGE][PASSED] - Object 'Object Repository/Final Object Repo/New Registration - Registration Module Pages/Third Screen - Upload Supporting Doc- Preview/Save n Continue in SIP Employee Listing Page' is clickable

2018-12-12 13:26:04 - [TEST_STEP][PASSED] - click: Object: 'Object Repository/Final Object Repo/New Registration - Registration Module Pages/Third Screen - Upload Supporting Doc- Preview/Save n Continue in SIP Employee Listing Page' is clicked on

2018-12-12 13:26:09 - [MESSAGE][PASSED] - Object: 'Object Repository/Final Object Repo/New Registration - Registration Module Pages/Third Screen - Upload Supporting Doc- Preview/Save n Continue in SIP Employee Listing Page' is clicked on

2018-12-12 13:26:09 - [TEST_STEP][PASSED] - delay: Delayed 7 second(s)

2018-12-12 13:26:16 - [MESSAGE][PASSED] - Delayed 7 second(s)

2018-12-12 13:26:16 - [TEST_STEP][PASSED] - click: Object: 'Object Repository/Final Object Repo/New Registration - Registration Module Pages/Third Screen - Upload Supporting Doc- Preview/Add Document Button' is clicked on

2018-12-12 13:26:16 - [MESSAGE][PASSED] - Object: 'Object Repository/Final Object Repo/New Registration - Registration Module Pages/Third Screen - Upload Supporting Doc- Preview/Add Document Button' is clicked on

2018-12-12 13:26:16 - [TEST_STEP][PASSED] - delay: Delayed 30 second(s)

2018-12-12 13:26:46 - [MESSAGE][PASSED] - Delayed 30 second(s)

2018-12-12 13:26:46 - [TEST_STEP][PASSED] - click: Object: 'Object Repository/Final Object Repo/New Registration - Registration Module Pages/Third Screen - Upload Supporting Doc- Preview/Supporting Doc Please Select Drop Down' is clicked on

2018-12-12 13:26:47 - [MESSAGE][PASSED] - Object: 'Object Repository/Final Object Repo/New Registration - Registration Module Pages/Third Screen - Upload Supporting Doc- Preview/Supporting Doc Please Select Drop Down' is clicked on

2018-12-12 13:26:47 - [TEST_STEP][PASSED] - delay: Delayed 2 second(s)

2018-12-12 13:26:49 - [MESSAGE][PASSED] - Delayed 2 second(s)

2018-12-12 13:26:49 - [TEST_STEP][PASSED] - click: Object: 'Object Repository/Final Object Repo/New Registration - Registration Module Pages/Third Screen - Upload Supporting Doc- Preview/Select to Upload Form 1' is clicked on

2018-12-12 13:26:49 - [MESSAGE][PASSED] - Object: 'Object Repository/Final Object Repo/New Registration - Registration Module Pages/Third Screen - Upload Supporting Doc- Preview/Select to Upload Form 1' is clicked on

2018-12-12 13:26:49 - [TEST_STEP][PASSED] - delay: Delayed 2 second(s)

2018-12-12 13:26:51 - [MESSAGE][PASSED] - Delayed 2 second(s)

2018-12-12 13:26:51 - [TEST_STEP][PASSED] - uploadFile: File 'C:\Users\Public\Pictures\Sample Pictures\Koala.jpg' sent to object: 'Object Repository/Final Object Repo/New Registration - Registration Module Pages/Third Screen - Upload Supporting Doc- Preview/Upload File Adding'

2018-12-12 13:26:51 - [MESSAGE][PASSED] - File 'C:\Users\Public\Pictures\Sample Pictures\Koala.jpg' sent to object: 'Object Repository/Final Object Repo/New Registration - Registration Module Pages/Third Screen - Upload Supporting Doc- Preview/Upload File Adding'

2018-12-12 13:26:51 - [TEST_STEP][PASSED] - delay: Delayed 5 second(s)

2018-12-12 13:26:56 - [MESSAGE][PASSED] - Delayed 5 second(s)

2018-12-12 13:26:56 - [TEST_STEP][PASSED] - click: Object: 'Object Repository/Final Object Repo/New Registration - Registration Module Pages/Third Screen - Upload Supporting Doc- Preview/Inner Form Add Document Button' is clicked on

2018-12-12 13:26:56 - [MESSAGE][PASSED] - Object: 'Object Repository/Final Object Repo/New Registration - Registration Module Pages/Third Screen - Upload Supporting Doc- Preview/Inner Form Add Document Button' is clicked on

2018-12-12 13:26:56 - [TEST_STEP][PASSED] - delay: Delayed 3 second(s)

2018-12-12 13:26:59 - [MESSAGE][PASSED] - Delayed 3 second(s)

2018-12-12 13:26:59 - [TEST_STEP][PASSED] - click: Object: 'Object Repository/Final Object Repo/New Registration - Registration Module Pages/Third Screen - Upload Supporting Doc- Preview/Add Document Button' is clicked on

2018-12-12 13:27:00 - [MESSAGE][PASSED] - Object: 'Object Repository/Final Object Repo/New Registration - Registration Module Pages/Third Screen - Upload Supporting Doc- Preview/Add Document Button' is clicked on

2018-12-12 13:27:00 - [TEST_STEP][PASSED] - delay: Delayed 30 second(s)

2018-12-12 13:27:30 - [MESSAGE][PASSED] - Delayed 30 second(s)

2018-12-12 13:27:30 - [TEST_STEP][PASSED] - click: Object: 'Object Repository/Final Object Repo/New Registration - Registration Module Pages/Third Screen - Upload Supporting Doc- Preview/Supporting Doc Please Select Drop Down' is clicked on

2018-12-12 13:27:30 - [MESSAGE][PASSED] - Object: 'Object Repository/Final Object Repo/New Registration - Registration Module Pages/Third Screen - Upload Supporting Doc- Preview/Supporting Doc Please Select Drop Down' is clicked on

2018-12-12 13:27:30 - [TEST_STEP][PASSED] - delay: Delayed 4 second(s)

2018-12-12 13:27:34 - [MESSAGE][PASSED] - Delayed 4 second(s)

2018-12-12 13:27:34 - [TEST_STEP][PASSED] - click: Object: 'Object Repository/Final Object Repo/New Registration - Registration Module Pages/Third Screen - Upload Supporting Doc- Preview/Select to Upload Form 2' is clicked on

2018-12-12 13:27:34 - [MESSAGE][PASSED] - Object: 'Object Repository/Final Object Repo/New Registration - Registration Module Pages/Third Screen - Upload Supporting Doc- Preview/Select to Upload Form 2' is clicked on

2018-12-12 13:27:34 - [TEST_STEP][PASSED] - delay: Delayed 2 second(s)

2018-12-12 13:27:36 - [MESSAGE][PASSED] - Delayed 2 second(s)

2018-12-12 13:27:36 - [TEST_STEP][PASSED] - uploadFile: File 'C:\Users\Public\Pictures\Sample Pictures\Koala.jpg' sent to object: 'Object Repository/Final Object Repo/New Registration - Registration Module Pages/Third Screen - Upload Supporting Doc- Preview/Upload File Adding'

2018-12-12 13:27:36 - [MESSAGE][PASSED] - File 'C:\Users\Public\Pictures\Sample Pictures\Koala.jpg' sent to object: 'Object Repository/Final Object Repo/New Registration - Registration Module Pages/Third Screen - Upload Supporting Doc- Preview/Upload File Adding'

2018-12-12 13:27:36 - [TEST_STEP][PASSED] - click: Object: 'Object Repository/Final Object Repo/New Registration - Registration Module Pages/Third Screen - Upload Supporting Doc- Preview/Inner Form Add Document Button' is clicked on

2018-12-12 13:27:37 - [MESSAGE][PASSED] - Object: 'Object Repository/Final Object Repo/New Registration - Registration Module Pages/Third Screen - Upload Supporting Doc- Preview/Inner Form Add Document Button' is clicked on

2018-12-12 13:27:37 - [TEST_STEP][PASSED] - delay: Delayed 5 second(s)

2018-12-12 13:27:42 - [MESSAGE][PASSED] - Delayed 5 second(s)

2018-12-12 13:27:42 - [TEST_STEP][PASSED] - click: Object: 'Object Repository/Final Object Repo/New Registration - Registration Module Pages/Third Screen - Upload Supporting Doc- Preview/Add Document Button' is clicked on

2018-12-12 13:27:42 - [MESSAGE][PASSED] - Object: 'Object Repository/Final Object Repo/New Registration - Registration Module Pages/Third Screen - Upload Supporting Doc- Preview/Add Document Button' is clicked on

2018-12-12 13:27:42 - [TEST_STEP][PASSED] - delay: Delayed 30 second(s)

2018-12-12 13:28:12 - [MESSAGE][PASSED] - Delayed 30 second(s)

2018-12-12 13:28:12 - [TEST_STEP][PASSED] - click: Object: 'Object Repository/Final Object Repo/New Registration - Registration Module Pages/Third Screen - Upload Supporting Doc- Preview/Supporting Doc Please Select Drop Down' is clicked on

2018-12-12 13:28:12 - [MESSAGE][PASSED] - Object: 'Object Repository/Final Object Repo/New Registration - Registration Module Pages/Third Screen - Upload Supporting Doc- Preview/Supporting Doc Please Select Drop Down' is clicked on

2018-12-12 13:28:12 - [TEST_STEP][PASSED] - click: Object: 'Object Repository/Final Object Repo/New Registration - Registration Module Pages/Third Screen - Upload Supporting Doc- Preview/Select to Upload Borang SIP 1' is clicked on

2018-12-12 13:28:12 - [MESSAGE][PASSED] - Object: 'Object Repository/Final Object Repo/New Registration - Registration Module Pages/Third Screen - Upload Supporting Doc- Preview/Select to Upload Borang SIP 1' is clicked on

2018-12-12 13:28:12 - [TEST_STEP][PASSED] - delay: Delayed 2 second(s)

2018-12-12 13:28:14 - [MESSAGE][PASSED] - Delayed 2 second(s)

2018-12-12 13:28:14 - [TEST_STEP][PASSED] - uploadFile: File 'C:\Users\Public\Pictures\Sample Pictures\Koala.jpg' sent to object: 'Object Repository/Final Object Repo/New Registration - Registration Module Pages/Third Screen - Upload Supporting Doc- Preview/Upload File Adding'

2018-12-12 13:28:14 - [MESSAGE][PASSED] - File 'C:\Users\Public\Pictures\Sample Pictures\Koala.jpg' sent to object: 'Object Repository/Final Object Repo/New Registration - Registration Module Pages/Third Screen - Upload Supporting Doc- Preview/Upload File Adding'

2018-12-12 13:28:14 - [TEST_STEP][PASSED] - click: Object: 'Object Repository/Final Object Repo/New Registration - Registration Module Pages/Third Screen - Upload Supporting Doc- Preview/Inner Form Add Document Button' is clicked on

2018-12-12 13:28:15 - [MESSAGE][PASSED] - Object: 'Object Repository/Final Object Repo/New Registration - Registration Module Pages/Third Screen - Upload Supporting Doc- Preview/Inner Form Add Document Button' is clicked on

2018-12-12 13:28:15 - [TEST_STEP][PASSED] - delay: Delayed 5 second(s)

2018-12-12 13:28:20 - [MESSAGE][PASSED] - Delayed 5 second(s)

2018-12-12 13:28:20 - [TEST_STEP][PASSED] - click: Object: 'Object Repository/Final Object Repo/New Registration - Registration Module Pages/Third Screen - Upload Supporting Doc- Preview/Add Document Button' is clicked on

2018-12-12 13:28:20 - [MESSAGE][PASSED] - Object: 'Object Repository/Final Object Repo/New Registration - Registration Module Pages/Third Screen - Upload Supporting Doc- Preview/Add Document Button' is clicked on

2018-12-12 13:28:20 - [TEST_STEP][PASSED] - delay: Delayed 30 second(s)

2018-12-12 13:28:50 - [MESSAGE][PASSED] - Delayed 30 second(s)

2018-12-12 13:28:50 - [TEST_STEP][PASSED] - click: Object: 'Object Repository/Final Object Repo/New Registration - Registration Module Pages/Third Screen - Upload Supporting Doc- Preview/Supporting Doc Please Select Drop Down' is clicked on

2018-12-12 13:28:50 - [MESSAGE][PASSED] - Object: 'Object Repository/Final Object Repo/New Registration - Registration Module Pages/Third Screen - Upload Supporting Doc- Preview/Supporting Doc Please Select Drop Down' is clicked on

2018-12-12 13:28:50 - [TEST_STEP][PASSED] - delay: Delayed 3 second(s)

2018-12-12 13:28:53 - [MESSAGE][PASSED] - Delayed 3 second(s)

2018-12-12 13:28:53 - [TEST_STEP][PASSED] - click: Object: 'Object Repository/Final Object Repo/New Registration - Registration Module Pages/Third Screen - Upload Supporting Doc- Preview/Select to Upload Borang SIP 2' is clicked on

2018-12-12 13:28:53 - [MESSAGE][PASSED] - Object: 'Object Repository/Final Object Repo/New Registration - Registration Module Pages/Third Screen - Upload Supporting Doc- Preview/Select to Upload Borang SIP 2' is clicked on

2018-12-12 13:28:53 - [TEST_STEP][PASSED] - delay: Delayed 2 second(s)

2018-12-12 13:28:55 - [MESSAGE][PASSED] - Delayed 2 second(s)

2018-12-12 13:28:55 - [TEST_STEP][PASSED] - uploadFile: File 'C:\Users\Public\Pictures\Sample Pictures\Koala.jpg' sent to object: 'Object Repository/Final Object Repo/New Registration - Registration Module Pages/Third Screen - Upload Supporting Doc- Preview/Upload File Adding'

2018-12-12 13:28:55 - [MESSAGE][PASSED] - File 'C:\Users\Public\Pictures\Sample Pictures\Koala.jpg' sent to object: 'Object Repository/Final Object Repo/New Registration - Registration Module Pages/Third Screen - Upload Supporting Doc- Preview/Upload File Adding'

2018-12-12 13:28:55 - [TEST_STEP][PASSED] - delay: Delayed 5 second(s)

2018-12-12 13:29:00 - [MESSAGE][PASSED] - Delayed 5 second(s)

2018-12-12 13:29:00 - [TEST_STEP][PASSED] - click: Object: 'Object Repository/Final Object Repo/New Registration - Registration Module Pages/Third Screen - Upload Supporting Doc- Preview/Inner Form Add Document Button' is clicked on

2018-12-12 13:29:00 - [MESSAGE][PASSED] - Object: 'Object Repository/Final Object Repo/New Registration - Registration Module Pages/Third Screen - Upload Supporting Doc- Preview/Inner Form Add Document Button' is clicked on

2018-12-12 13:29:00 - [TEST_STEP][PASSED] - delay: Delayed 3 second(s)

2018-12-12 13:29:03 - [MESSAGE][PASSED] - Delayed 3 second(s)

2018-12-12 13:29:03 - [TEST_STEP][PASSED] - waitForElementClickable: Object 'Object Repository/Final Object Repo/New Registration - Registration Module Pages/Third Screen - Upload Supporting Doc- Preview/Save n Continue in Uploading Supporting Doc Page' is clickable

2018-12-12 13:29:05 - [MESSAGE][PASSED] - Object 'Object Repository/Final Object Repo/New Registration - Registration Module Pages/Third Screen - Upload Supporting Doc- Preview/Save n Continue in Uploading Supporting Doc Page' is clickable

2018-12-12 13:29:05 - [TEST_STEP][PASSED] - click: Object: 'Object Repository/Final Object Repo/New Registration - Registration Module Pages/Third Screen - Upload Supporting Doc- Preview/Save n Continue in Uploading Supporting Doc Page' is clicked on

2018-12-12 13:29:05 - [MESSAGE][PASSED] - Object: 'Object Repository/Final Object Repo/New Registration - Registration Module Pages/Third Screen - Upload Supporting Doc- Preview/Save n Continue in Uploading Supporting Doc Page' is clicked on

2018-12-12 13:29:05 - [MESSAGE][PASSED] - Call Test Case 'Test Cases/Final Aug 2018 - PKS Automation/Registration Module/New Registration/Flow of New Registration/Third Screen - Upload Supporting Doc - Preview' successfully

2018-12-12 13:29:05 - [TEST_STEP][PASSED] - setText: Text 'Tester' is set on object 'Object Repository/Final Object Repo/New Registration - Registration Module Pages/New Reg - OTC to RO/Special Case - All Related Objects/Employer Preview Name'

2018-12-12 13:29:10 - [MESSAGE][PASSED] - Text 'Tester' is set on object 'Object Repository/Final Object Repo/New Registration - Registration Module Pages/New Reg - OTC to RO/Special Case - All Related Objects/Employer Preview Name'

2018-12-12 13:29:10 - [TEST_STEP][PASSED] - click: Object: 'Object Repository/Final Object Repo/New Registration - Registration Module Pages/New Reg - OTC to RO/Special Case - All Related Objects/IC Type Drop Down' is clicked on

2018-12-12 13:29:10 - [MESSAGE][PASSED] - Object: 'Object Repository/Final Object Repo/New Registration - Registration Module Pages/New Reg - OTC to RO/Special Case - All Related Objects/IC Type Drop Down' is clicked on

2018-12-12 13:29:10 - [TEST_STEP][PASSED] - click: Object: 'Object Repository/Final Object Repo/New Registration - Registration Module Pages/New Reg - OTC to RO/Special Case - All Related Objects/Select to NRIC' is clicked on

2018-12-12 13:29:10 - [MESSAGE][PASSED] - Object: 'Object Repository/Final Object Repo/New Registration - Registration Module Pages/New Reg - OTC to RO/Special Case - All Related Objects/Select to NRIC' is clicked on

2018-12-12 13:29:10 - [TEST_STEP][PASSED] - setText: Text '133245561223' is set on object 'Object Repository/Final Object Repo/New Registration - Registration Module Pages/New Reg - OTC to RO/Special Case - All Related Objects/IC Value'

2018-12-12 13:29:10 - [MESSAGE][PASSED] - Text '133245561223' is set on object 'Object Repository/Final Object Repo/New Registration - Registration Module Pages/New Reg - OTC to RO/Special Case - All Related Objects/IC Value'

2018-12-12 13:29:10 - [TEST_STEP][PASSED] - setText: Text 'Auto' is set on object 'Object Repository/Final Object Repo/New Registration - Registration Module Pages/New Reg - OTC to RO/Special Case - All Related Objects/Designation'

2018-12-12 13:29:10 - [MESSAGE][PASSED] - Text 'Auto' is set on object 'Object Repository/Final Object Repo/New Registration - Registration Module Pages/New Reg - OTC to RO/Special Case - All Related Objects/Designation'

2018-12-12 13:29:10 - [TEST_STEP][PASSED] - callTestCase: Call Test Case 'Test Cases/Final Aug 2018 - PKS Automation/Registration Module/New Registration/Submit and Screenshot/Submit Registration and Screenshot' successfully

2018-12-12 13:29:11 - [TEST_CASE][PASSED] - Test Cases/Final Aug 2018 - PKS Automation/Registration Module/New Registration/Submit and Screenshot/Submit Registration and Screenshot: Test Cases/Final Aug 2018 - PKS Automation/Registration Module/New Registration/Submit and Screenshot/Submit Registration and Screenshot

2018-12-12 13:29:11 - [TEST_STEP][PASSED] - delay: Delayed 6 second(s)

2018-12-12 13:29:17 - [MESSAGE][PASSED] - Delayed 6 second(s)

2018-12-12 13:29:17 - [TEST_STEP][PASSED] - click: Object: 'Object Repository/Final Object Repo/New Registration - Registration Module Pages/Third Screen - Upload Supporting Doc- Preview/Preview Submit Button' is clicked on

2018-12-12 13:29:17 - [MESSAGE][PASSED] - Object: 'Object Repository/Final Object Repo/New Registration - Registration Module Pages/Third Screen - Upload Supporting Doc- Preview/Preview Submit Button' is clicked on

2018-12-12 13:29:17 - [TEST_STEP][PASSED] - delay: Delayed 2 second(s)

2018-12-12 13:29:19 - [MESSAGE][PASSED] - Delayed 2 second(s)

2018-12-12 13:29:19 - [TEST_STEP][PASSED] - click: Object: 'Object Repository/Final Object Repo/New Registration - Registration Module Pages/Third Screen - Upload Supporting Doc- Preview/Preview Submit - Confirm' is clicked on

2018-12-12 13:29:19 - [MESSAGE][PASSED] - Object: 'Object Repository/Final Object Repo/New Registration - Registration Module Pages/Third Screen - Upload Supporting Doc- Preview/Preview Submit - Confirm' is clicked on

2018-12-12 13:29:19 - [TEST_STEP][PASSED] - delay: Delayed 15 second(s)

2018-12-12 13:29:34 - [MESSAGE][PASSED] - Delayed 15 second(s)

2018-12-12 13:29:34 - [TEST_STEP][PASSED] - Statement - driver = com.kms.katalon.core.webui.driver.DriverFactory.getWebDriver(): null

2018-12-12 13:29:34 - [TEST_STEP][PASSED] - Statement - driver.manage().timeouts().implicitlyWait(10, SECONDS): null

2018-12-12 13:29:34 - [TEST_STEP][PASSED] - Statement - PresavePath = KatalonScreenshots: null

2018-12-12 13:29:34 - [TEST_STEP][PASSED] - Statement - pathPrefix = "C:\Users\Public\Pictures\Sample Pictures\Katalon Screenshots\Automate Ending Screen": null

2018-12-12 13:29:34 - [TEST_STEP][PASSED] - Statement - finalPath = <not implemented yet for class: org.codehaus.groovy.ast.expr.EmptyExpression>: null

2018-12-12 13:29:34 - [TEST_STEP][PASSED] - Statement - scrFile = driver.getScreenshotAs(FILE): null

2018-12-12 13:29:35 - [TEST_STEP][PASSED] - Statement - PreSaveFile = new java.io.File(PresavePath): null

2018-12-12 13:29:35 - [TEST_STEP][PASSED] - Statement - counter = 0: null

2018-12-12 13:29:35 - [TEST_STEP][PASSED] - Statement - If (PreSaveFile.exists()): null

2018-12-12 13:29:35 - [TEST_STEP][PASSED] - Statement - While (PreSaveFile.exists()): null

2018-12-12 13:29:35 - [TEST_STEP][PASSED] - Statement - counter = counter + 1: null

2018-12-12 13:29:35 - [TEST_STEP][PASSED] - Statement - PreSaveFile = new java.io.File(((pathPrefix + java.lang.Integer.toString(counter)) + .png)): null

2018-12-12 13:29:35 - [TEST_STEP][PASSED] - Statement - counter = counter + 1: null

2018-12-12 13:29:35 - [TEST_STEP][PASSED] - Statement - PreSaveFile = new java.io.File(((pathPrefix + java.lang.Integer.toString(counter)) + .png)): null

2018-12-12 13:29:35 - [TEST_STEP][PASSED] - Statement - counter = counter + 1: null

2018-12-12 13:29:35 - [TEST_STEP][PASSED] - Statement - PreSaveFile = new java.io.File(((pathPrefix + java.lang.Integer.toString(counter)) + .png)): null

2018-12-12 13:29:35 - [TEST_STEP][PASSED] - Statement - counter = counter + 1: null

2018-12-12 13:29:35 - [TEST_STEP][PASSED] - Statement - PreSaveFile = new java.io.File(((pathPrefix + java.lang.Integer.toString(counter)) + .png)): null

2018-12-12 13:29:35 - [TEST_STEP][PASSED] - Statement - counter = counter + 1: null

2018-12-12 13:29:35 - [TEST_STEP][PASSED] - Statement - PreSaveFile = new java.io.File(((pathPrefix + java.lang.Integer.toString(counter)) + .png)): null

2018-12-12 13:29:35 - [TEST_STEP][PASSED] - Statement - counter = counter + 1: null

2018-12-12 13:29:35 - [TEST_STEP][PASSED] - Statement - PreSaveFile = new java.io.File(((pathPrefix + java.lang.Integer.toString(counter)) + .png)): null

2018-12-12 13:29:35 - [TEST_STEP][PASSED] - Statement - counter = counter + 1: null

2018-12-12 13:29:35 - [TEST_STEP][PASSED] - Statement - PreSaveFile = new java.io.File(((pathPrefix + java.lang.Integer.toString(counter)) + .png)): null

2018-12-12 13:29:35 - [TEST_STEP][PASSED] - Statement - counter = counter + 1: null

2018-12-12 13:29:35 - [TEST_STEP][PASSED] - Statement - PreSaveFile = new java.io.File(((pathPrefix + java.lang.Integer.toString(counter)) + .png)): null

2018-12-12 13:29:35 - [TEST_STEP][PASSED] - Statement - counter = counter + 1: null

2018-12-12 13:29:35 - [TEST_STEP][PASSED] - Statement - PreSaveFile = new java.io.File(((pathPrefix + java.lang.Integer.toString(counter)) + .png)): null

2018-12-12 13:29:35 - [TEST_STEP][PASSED] - Statement - counter = counter + 1: null

2018-12-12 13:29:35 - [TEST_STEP][PASSED] - Statement - PreSaveFile = new java.io.File(((pathPrefix + java.lang.Integer.toString(counter)) + .png)): null

2018-12-12 13:29:35 - [TEST_STEP][PASSED] - Statement - counter = counter + 1: null

2018-12-12 13:29:35 - [TEST_STEP][PASSED] - Statement - PreSaveFile = new java.io.File(((pathPrefix + java.lang.Integer.toString(counter)) + .png)): null

2018-12-12 13:29:35 - [TEST_STEP][PASSED] - Statement - counter = counter + 1: null

2018-12-12 13:29:35 - [TEST_STEP][PASSED] - Statement - PreSaveFile = new java.io.File(((pathPrefix + java.lang.Integer.toString(counter)) + .png)): null

2018-12-12 13:29:35 - [TEST_STEP][PASSED] - Statement - counter = counter + 1: null

2018-12-12 13:29:35 - [TEST_STEP][PASSED] - Statement - PreSaveFile = new java.io.File(((pathPrefix + java.lang.Integer.toString(counter)) + .png)): null

2018-12-12 13:29:35 - [TEST_STEP][PASSED] - Statement - counter = counter + 1: null

2018-12-12 13:29:35 - [TEST_STEP][PASSED] - Statement - PreSaveFile = new java.io.File(((pathPrefix + java.lang.Integer.toString(counter)) + .png)): null

2018-12-12 13:29:35 - [TEST_STEP][PASSED] - Statement - counter = counter + 1: null

2018-12-12 13:29:35 - [TEST_STEP][PASSED] - Statement - PreSaveFile = new java.io.File(((pathPrefix + java.lang.Integer.toString(counter)) + .png)): null

2018-12-12 13:29:35 - [TEST_STEP][PASSED] - Statement - counter = counter + 1: null

2018-12-12 13:29:35 - [TEST_STEP][PASSED] - Statement - PreSaveFile = new java.io.File(((pathPrefix + java.lang.Integer.toString(counter)) + .png)): null

2018-12-12 13:29:35 - [TEST_STEP][PASSED] - Statement - counter = counter + 1: null

2018-12-12 13:29:35 - [TEST_STEP][PASSED] - Statement - PreSaveFile = new java.io.File(((pathPrefix + java.lang.Integer.toString(counter)) + .png)): null

2018-12-12 13:29:35 - [TEST_STEP][PASSED] - Statement - counter = counter + 1: null

2018-12-12 13:29:35 - [TEST_STEP][PASSED] - Statement - PreSaveFile = new java.io.File(((pathPrefix + java.lang.Integer.toString(counter)) + .png)): null

2018-12-12 13:29:35 - [TEST_STEP][PASSED] - Statement - counter = counter + 1: null

2018-12-12 13:29:35 - [TEST_STEP][PASSED] - Statement - PreSaveFile = new java.io.File(((pathPrefix + java.lang.Integer.toString(counter)) + .png)): null

2018-12-12 13:29:35 - [TEST_STEP][PASSED] - Statement - counter = counter + 1: null

2018-12-12 13:29:35 - [TEST_STEP][PASSED] - Statement - PreSaveFile = new java.io.File(((pathPrefix + java.lang.Integer.toString(counter)) + .png)): null

2018-12-12 13:29:35 - [TEST_STEP][PASSED] - Statement - counter = counter + 1: null

2018-12-12 13:29:35 - [TEST_STEP][PASSED] - Statement - PreSaveFile = new java.io.File(((pathPrefix + java.lang.Integer.toString(counter)) + .png)): null

2018-12-12 13:29:35 - [TEST_STEP][PASSED] - Statement - counter = counter + 1: null

2018-12-12 13:29:35 - [TEST_STEP][PASSED] - Statement - PreSaveFile = new java.io.File(((pathPrefix + java.lang.Integer.toString(counter)) + .png)): null

2018-12-12 13:29:35 - [TEST_STEP][PASSED] - Statement - counter = counter + 1: null

2018-12-12 13:29:35 - [TEST_STEP][PASSED] - Statement - PreSaveFile = new java.io.File(((pathPrefix + java.lang.Integer.toString(counter)) + .png)): null

2018-12-12 13:29:35 - [TEST_STEP][PASSED] - Statement - counter = counter + 1: null

2018-12-12 13:29:35 - [TEST_STEP][PASSED] - Statement - PreSaveFile = new java.io.File(((pathPrefix + java.lang.Integer.toString(counter)) + .png)): null

2018-12-12 13:29:35 - [TEST_STEP][PASSED] - Statement - counter = counter + 1: null

2018-12-12 13:29:35 - [TEST_STEP][PASSED] - Statement - PreSaveFile = new java.io.File(((pathPrefix + java.lang.Integer.toString(counter)) + .png)): null

2018-12-12 13:29:35 - [TEST_STEP][PASSED] - Statement - counter = counter + 1: null

2018-12-12 13:29:35 - [TEST_STEP][PASSED] - Statement - PreSaveFile = new java.io.File(((pathPrefix + java.lang.Integer.toString(counter)) + .png)): null

2018-12-12 13:29:35 - [TEST_STEP][PASSED] - Statement - counter = counter + 1: null

2018-12-12 13:29:35 - [TEST_STEP][PASSED] - Statement - PreSaveFile = new java.io.File(((pathPrefix + java.lang.Integer.toString(counter)) + .png)): null

2018-12-12 13:29:35 - [TEST_STEP][PASSED] - Statement - counter = counter + 1: null

2018-12-12 13:29:35 - [TEST_STEP][PASSED] - Statement - PreSaveFile = new java.io.File(((pathPrefix + java.lang.Integer.toString(counter)) + .png)): null

2018-12-12 13:29:35 - [TEST_STEP][PASSED] - Statement - counter = counter + 1: null

2018-12-12 13:29:35 - [TEST_STEP][PASSED] - Statement - PreSaveFile = new java.io.File(((pathPrefix + java.lang.Integer.toString(counter)) + .png)): null

2018-12-12 13:29:35 - [TEST_STEP][PASSED] - Statement - counter = counter + 1: null

2018-12-12 13:29:35 - [TEST_STEP][PASSED] - Statement - PreSaveFile = new java.io.File(((pathPrefix + java.lang.Integer.toString(counter)) + .png)): null

2018-12-12 13:29:35 - [TEST_STEP][PASSED] - Statement - counter = counter + 1: null

2018-12-12 13:29:35 - [TEST_STEP][PASSED] - Statement - PreSaveFile = new java.io.File(((pathPrefix + java.lang.Integer.toString(counter)) + .png)): null

2018-12-12 13:29:35 - [TEST_STEP][PASSED] - Statement - counter = counter + 1: null

2018-12-12 13:29:35 - [TEST_STEP][PASSED] - Statement - PreSaveFile = new java.io.File(((pathPrefix + java.lang.Integer.toString(counter)) + .png)): null

2018-12-12 13:29:35 - [TEST_STEP][PASSED] - Statement - counter = counter + 1: null

2018-12-12 13:29:35 - [TEST_STEP][PASSED] - Statement - PreSaveFile = new java.io.File(((pathPrefix + java.lang.Integer.toString(counter)) + .png)): null

2018-12-12 13:29:35 - [TEST_STEP][PASSED] - Statement - counter = counter + 1: null

2018-12-12 13:29:35 - [TEST_STEP][PASSED] - Statement - PreSaveFile = new java.io.File(((pathPrefix + java.lang.Integer.toString(counter)) + .png)): null

2018-12-12 13:29:35 - [TEST_STEP][PASSED] - Statement - counter = counter + 1: null

2018-12-12 13:29:35 - [TEST_STEP][PASSED] - Statement - PreSaveFile = new java.io.File(((pathPrefix + java.lang.Integer.toString(counter)) + .png)): null

2018-12-12 13:29:35 - [TEST_STEP][PASSED] - Statement - counter = counter + 1: null

2018-12-12 13:29:35 - [TEST_STEP][PASSED] - Statement - PreSaveFile = new java.io.File(((pathPrefix + java.lang.Integer.toString(counter)) + .png)): null

2018-12-12 13:29:35 - [TEST_STEP][PASSED] - Statement - counter = counter + 1: null

2018-12-12 13:29:35 - [TEST_STEP][PASSED] - Statement - PreSaveFile = new java.io.File(((pathPrefix + java.lang.Integer.toString(counter)) + .png)): null

2018-12-12 13:29:35 - [TEST_STEP][PASSED] - Statement - counter = counter + 1: null

2018-12-12 13:29:35 - [TEST_STEP][PASSED] - Statement - PreSaveFile = new java.io.File(((pathPrefix + java.lang.Integer.toString(counter)) + .png)): null

2018-12-12 13:29:35 - [TEST_STEP][PASSED] - Statement - counter = counter + 1: null

2018-12-12 13:29:35 - [TEST_STEP][PASSED] - Statement - PreSaveFile = new java.io.File(((pathPrefix + java.lang.Integer.toString(counter)) + .png)): null

2018-12-12 13:29:35 - [TEST_STEP][PASSED] - Statement - counter = counter + 1: null

2018-12-12 13:29:35 - [TEST_STEP][PASSED] - Statement - PreSaveFile = new java.io.File(((pathPrefix + java.lang.Integer.toString(counter)) + .png)): null

2018-12-12 13:29:35 - [TEST_STEP][PASSED] - Statement - counter = counter + 1: null

2018-12-12 13:29:35 - [TEST_STEP][PASSED] - Statement - PreSaveFile = new java.io.File(((pathPrefix + java.lang.Integer.toString(counter)) + .png)): null

2018-12-12 13:29:35 - [TEST_STEP][PASSED] - Statement - counter = counter + 1: null

2018-12-12 13:29:35 - [TEST_STEP][PASSED] - Statement - PreSaveFile = new java.io.File(((pathPrefix + java.lang.Integer.toString(counter)) + .png)): null

2018-12-12 13:29:35 - [TEST_STEP][PASSED] - Statement - counter = counter + 1: null

2018-12-12 13:29:35 - [TEST_STEP][PASSED] - Statement - PreSaveFile = new java.io.File(((pathPrefix + java.lang.Integer.toString(counter)) + .png)): null

2018-12-12 13:29:35 - [TEST_STEP][PASSED] - Statement - counter = counter + 1: null

2018-12-12 13:29:35 - [TEST_STEP][PASSED] - Statement - PreSaveFile = new java.io.File(((pathPrefix + java.lang.Integer.toString(counter)) + .png)): null

2018-12-12 13:29:35 - [TEST_STEP][PASSED] - Statement - counter = counter + 1: null

2018-12-12 13:29:35 - [TEST_STEP][PASSED] - Statement - PreSaveFile = new java.io.File(((pathPrefix + java.lang.Integer.toString(counter)) + .png)): null

2018-12-12 13:29:35 - [TEST_STEP][PASSED] - Statement - counter = counter + 1: null

2018-12-12 13:29:35 - [TEST_STEP][PASSED] - Statement - PreSaveFile = new java.io.File(((pathPrefix + java.lang.Integer.toString(counter)) + .png)): null

2018-12-12 13:29:35 - [TEST_STEP][PASSED] - Statement - counter = counter + 1: null

2018-12-12 13:29:35 - [TEST_STEP][PASSED] - Statement - PreSaveFile = new java.io.File(((pathPrefix + java.lang.Integer.toString(counter)) + .png)): null

2018-12-12 13:29:35 - [TEST_STEP][PASSED] - Statement - counter = counter + 1: null

2018-12-12 13:29:35 - [TEST_STEP][PASSED] - Statement - PreSaveFile = new java.io.File(((pathPrefix + java.lang.Integer.toString(counter)) + .png)): null

2018-12-12 13:29:35 - [TEST_STEP][PASSED] - Statement - counter = counter + 1: null

2018-12-12 13:29:35 - [TEST_STEP][PASSED] - Statement - PreSaveFile = new java.io.File(((pathPrefix + java.lang.Integer.toString(counter)) + .png)): null

2018-12-12 13:29:35 - [TEST_STEP][PASSED] - Statement - counter = counter + 1: null

2018-12-12 13:29:35 - [TEST_STEP][PASSED] - Statement - PreSaveFile = new java.io.File(((pathPrefix + java.lang.Integer.toString(counter)) + .png)): null

2018-12-12 13:29:35 - [TEST_STEP][PASSED] - Statement - counter = counter + 1: null

2018-12-12 13:29:35 - [TEST_STEP][PASSED] - Statement - PreSaveFile = new java.io.File(((pathPrefix + java.lang.Integer.toString(counter)) + .png)): null

2018-12-12 13:29:35 - [TEST_STEP][PASSED] - Statement - counter = counter + 1: null

2018-12-12 13:29:35 - [TEST_STEP][PASSED] - Statement - PreSaveFile = new java.io.File(((pathPrefix + java.lang.Integer.toString(counter)) + .png)): null

2018-12-12 13:29:35 - [TEST_STEP][PASSED] - Statement - counter = counter + 1: null

2018-12-12 13:29:35 - [TEST_STEP][PASSED] - Statement - PreSaveFile = new java.io.File(((pathPrefix + java.lang.Integer.toString(counter)) + .png)): null

2018-12-12 13:29:35 - [TEST_STEP][PASSED] - Statement - counter = counter + 1: null

2018-12-12 13:29:35 - [TEST_STEP][PASSED] - Statement - PreSaveFile = new java.io.File(((pathPrefix + java.lang.Integer.toString(counter)) + .png)): null

2018-12-12 13:29:35 - [TEST_STEP][PASSED] - Statement - counter = counter + 1: null

2018-12-12 13:29:35 - [TEST_STEP][PASSED] - Statement - PreSaveFile = new java.io.File(((pathPrefix + java.lang.Integer.toString(counter)) + .png)): null

2018-12-12 13:29:35 - [TEST_STEP][PASSED] - Statement - counter = counter + 1: null

2018-12-12 13:29:35 - [TEST_STEP][PASSED] - Statement - PreSaveFile = new java.io.File(((pathPrefix + java.lang.Integer.toString(counter)) + .png)): null

2018-12-12 13:29:35 - [TEST_STEP][PASSED] - Statement - counter = counter + 1: null

2018-12-12 13:29:35 - [TEST_STEP][PASSED] - Statement - PreSaveFile = new java.io.File(((pathPrefix + java.lang.Integer.toString(counter)) + .png)): null

2018-12-12 13:29:35 - [TEST_STEP][PASSED] - Statement - counter = counter + 1: null

2018-12-12 13:29:35 - [TEST_STEP][PASSED] - Statement - PreSaveFile = new java.io.File(((pathPrefix + java.lang.Integer.toString(counter)) + .png)): null

2018-12-12 13:29:35 - [TEST_STEP][PASSED] - Statement - counter = counter + 1: null

2018-12-12 13:29:35 - [TEST_STEP][PASSED] - Statement - PreSaveFile = new java.io.File(((pathPrefix + java.lang.Integer.toString(counter)) + .png)): null

2018-12-12 13:29:35 - [TEST_STEP][PASSED] - Statement - counter = counter + 1: null

2018-12-12 13:29:35 - [TEST_STEP][PASSED] - Statement - PreSaveFile = new java.io.File(((pathPrefix + java.lang.Integer.toString(counter)) + .png)): null

2018-12-12 13:29:35 - [TEST_STEP][PASSED] - Statement - counter = counter + 1: null

2018-12-12 13:29:35 - [TEST_STEP][PASSED] - Statement - PreSaveFile = new java.io.File(((pathPrefix + java.lang.Integer.toString(counter)) + .png)): null

2018-12-12 13:29:35 - [TEST_STEP][PASSED] - Statement - counter = counter + 1: null

2018-12-12 13:29:35 - [TEST_STEP][PASSED] - Statement - PreSaveFile = new java.io.File(((pathPrefix + java.lang.Integer.toString(counter)) + .png)): null

2018-12-12 13:29:35 - [TEST_STEP][PASSED] - Statement - counter = counter + 1: null

2018-12-12 13:29:35 - [TEST_STEP][PASSED] - Statement - PreSaveFile = new java.io.File(((pathPrefix + java.lang.Integer.toString(counter)) + .png)): null

2018-12-12 13:29:35 - [TEST_STEP][PASSED] - Statement - counter = counter + 1: null

2018-12-12 13:29:35 - [TEST_STEP][PASSED] - Statement - PreSaveFile = new java.io.File(((pathPrefix + java.lang.Integer.toString(counter)) + .png)): null

2018-12-12 13:29:35 - [TEST_STEP][PASSED] - Statement - counter = counter + 1: null

2018-12-12 13:29:35 - [TEST_STEP][PASSED] - Statement - PreSaveFile = new java.io.File(((pathPrefix + java.lang.Integer.toString(counter)) + .png)): null

2018-12-12 13:29:35 - [TEST_STEP][PASSED] - Statement - counter = counter + 1: null

2018-12-12 13:29:35 - [TEST_STEP][PASSED] - Statement - PreSaveFile = new java.io.File(((pathPrefix + java.lang.Integer.toString(counter)) + .png)): null

2018-12-12 13:29:35 - [TEST_STEP][PASSED] - Statement - counter = counter + 1: null

2018-12-12 13:29:35 - [TEST_STEP][PASSED] - Statement - PreSaveFile = new java.io.File(((pathPrefix + java.lang.Integer.toString(counter)) + .png)): null

2018-12-12 13:29:35 - [TEST_STEP][PASSED] - Statement - counter = counter + 1: null

2018-12-12 13:29:35 - [TEST_STEP][PASSED] - Statement - PreSaveFile = new java.io.File(((pathPrefix + java.lang.Integer.toString(counter)) + .png)): null

2018-12-12 13:29:35 - [TEST_STEP][PASSED] - Statement - counter = counter + 1: null

2018-12-12 13:29:35 - [TEST_STEP][PASSED] - Statement - PreSaveFile = new java.io.File(((pathPrefix + java.lang.Integer.toString(counter)) + .png)): null

2018-12-12 13:29:35 - [TEST_STEP][PASSED] - Statement - counter = counter + 1: null

2018-12-12 13:29:35 - [TEST_STEP][PASSED] - Statement - PreSaveFile = new java.io.File(((pathPrefix + java.lang.Integer.toString(counter)) + .png)): null

2018-12-12 13:29:35 - [TEST_STEP][PASSED] - Statement - counter = counter + 1: null

2018-12-12 13:29:35 - [TEST_STEP][PASSED] - Statement - PreSaveFile = new java.io.File(((pathPrefix + java.lang.Integer.toString(counter)) + .png)): null

2018-12-12 13:29:35 - [TEST_STEP][PASSED] - Statement - counter = counter + 1: null

2018-12-12 13:29:35 - [TEST_STEP][PASSED] - Statement - PreSaveFile = new java.io.File(((pathPrefix + java.lang.Integer.toString(counter)) + .png)): null

2018-12-12 13:29:35 - [TEST_STEP][PASSED] - Statement - counter = counter + 1: null

2018-12-12 13:29:35 - [TEST_STEP][PASSED] - Statement - PreSaveFile = new java.io.File(((pathPrefix + java.lang.Integer.toString(counter)) + .png)): null

2018-12-12 13:29:35 - [TEST_STEP][PASSED] - Statement - counter = counter + 1: null

2018-12-12 13:29:35 - [TEST_STEP][PASSED] - Statement - PreSaveFile = new java.io.File(((pathPrefix + java.lang.Integer.toString(counter)) + .png)): null

2018-12-12 13:29:35 - [TEST_STEP][PASSED] - Statement - counter = counter + 1: null

2018-12-12 13:29:35 - [TEST_STEP][PASSED] - Statement - PreSaveFile = new java.io.File(((pathPrefix + java.lang.Integer.toString(counter)) + .png)): null

2018-12-12 13:29:35 - [TEST_STEP][PASSED] - Statement - counter = counter + 1: null

2018-12-12 13:29:35 - [TEST_STEP][PASSED] - Statement - PreSaveFile = new java.io.File(((pathPrefix + java.lang.Integer.toString(counter)) + .png)): null

2018-12-12 13:29:35 - [TEST_STEP][PASSED] - Statement - counter = counter + 1: null

2018-12-12 13:29:35 - [TEST_STEP][PASSED] - Statement - PreSaveFile = new java.io.File(((pathPrefix + java.lang.Integer.toString(counter)) + .png)): null

2018-12-12 13:29:35 - [TEST_STEP][PASSED] - Statement - counter = counter + 1: null

2018-12-12 13:29:35 - [TEST_STEP][PASSED] - Statement - PreSaveFile = new java.io.File(((pathPrefix + java.lang.Integer.toString(counter)) + .png)): null

2018-12-12 13:29:35 - [TEST_STEP][PASSED] - Statement - counter = counter + 1: null

2018-12-12 13:29:35 - [TEST_STEP][PASSED] - Statement - PreSaveFile = new java.io.File(((pathPrefix + java.lang.Integer.toString(counter)) + .png)): null

2018-12-12 13:29:35 - [TEST_STEP][PASSED] - Statement - counter = counter + 1: null

2018-12-12 13:29:35 - [TEST_STEP][PASSED] - Statement - PreSaveFile = new java.io.File(((pathPrefix + java.lang.Integer.toString(counter)) + .png)): null

2018-12-12 13:29:35 - [TEST_STEP][PASSED] - Statement - counter = counter + 1: null

2018-12-12 13:29:35 - [TEST_STEP][PASSED] - Statement - PreSaveFile = new java.io.File(((pathPrefix + java.lang.Integer.toString(counter)) + .png)): null

2018-12-12 13:29:35 - [TEST_STEP][PASSED] - Statement - counter = counter + 1: null

2018-12-12 13:29:35 - [TEST_STEP][PASSED] - Statement - PreSaveFile = new java.io.File(((pathPrefix + java.lang.Integer.toString(counter)) + .png)): null

2018-12-12 13:29:35 - [TEST_STEP][PASSED] - Statement - counter = counter + 1: null

2018-12-12 13:29:35 - [TEST_STEP][PASSED] - Statement - PreSaveFile = new java.io.File(((pathPrefix + java.lang.Integer.toString(counter)) + .png)): null

2018-12-12 13:29:35 - [TEST_STEP][PASSED] - Statement - counter = counter + 1: null

2018-12-12 13:29:35 - [TEST_STEP][PASSED] - Statement - PreSaveFile = new java.io.File(((pathPrefix + java.lang.Integer.toString(counter)) + .png)): null

2018-12-12 13:29:35 - [TEST_STEP][PASSED] - Statement - counter = counter + 1: null

2018-12-12 13:29:35 - [TEST_STEP][PASSED] - Statement - PreSaveFile = new java.io.File(((pathPrefix + java.lang.Integer.toString(counter)) + .png)): null

2018-12-12 13:29:35 - [TEST_STEP][PASSED] - Statement - counter = counter + 1: null

2018-12-12 13:29:35 - [TEST_STEP][PASSED] - Statement - PreSaveFile = new java.io.File(((pathPrefix + java.lang.Integer.toString(counter)) + .png)): null

2018-12-12 13:29:35 - [TEST_STEP][PASSED] - Statement - counter = counter + 1: null

2018-12-12 13:29:35 - [TEST_STEP][PASSED] - Statement - PreSaveFile = new java.io.File(((pathPrefix + java.lang.Integer.toString(counter)) + .png)): null

2018-12-12 13:29:35 - [TEST_STEP][PASSED] - Statement - counter = counter + 1: null

2018-12-12 13:29:35 - [TEST_STEP][PASSED] - Statement - PreSaveFile = new java.io.File(((pathPrefix + java.lang.Integer.toString(counter)) + .png)): null

2018-12-12 13:29:35 - [TEST_STEP][PASSED] - Statement - counter = counter + 1: null

2018-12-12 13:29:35 - [TEST_STEP][PASSED] - Statement - PreSaveFile = new java.io.File(((pathPrefix + java.lang.Integer.toString(counter)) + .png)): null

2018-12-12 13:29:35 - [TEST_STEP][PASSED] - Statement - counter = counter + 1: null

2018-12-12 13:29:35 - [TEST_STEP][PASSED] - Statement - PreSaveFile = new java.io.File(((pathPrefix + java.lang.Integer.toString(counter)) + .png)): null

2018-12-12 13:29:35 - [TEST_STEP][PASSED] - Statement - counter = counter + 1: null

2018-12-12 13:29:35 - [TEST_STEP][PASSED] - Statement - PreSaveFile = new java.io.File(((pathPrefix + java.lang.Integer.toString(counter)) + .png)): null

2018-12-12 13:29:35 - [TEST_STEP][PASSED] - Statement - counter = counter + 1: null

2018-12-12 13:29:35 - [TEST_STEP][PASSED] - Statement - PreSaveFile = new java.io.File(((pathPrefix + java.lang.Integer.toString(counter)) + .png)): null

2018-12-12 13:29:35 - [TEST_STEP][PASSED] - Statement - counter = counter + 1: null

2018-12-12 13:29:35 - [TEST_STEP][PASSED] - Statement - PreSaveFile = new java.io.File(((pathPrefix + java.lang.Integer.toString(counter)) + .png)): null

2018-12-12 13:29:35 - [TEST_STEP][PASSED] - Statement - counter = counter + 1: null

2018-12-12 13:29:35 - [TEST_STEP][PASSED] - Statement - PreSaveFile = new java.io.File(((pathPrefix + java.lang.Integer.toString(counter)) + .png)): null

2018-12-12 13:29:35 - [TEST_STEP][PASSED] - Statement - counter = counter + 1: null

2018-12-12 13:29:35 - [TEST_STEP][PASSED] - Statement - PreSaveFile = new java.io.File(((pathPrefix + java.lang.Integer.toString(counter)) + .png)): null

2018-12-12 13:29:35 - [TEST_STEP][PASSED] - Statement - counter = counter + 1: null

2018-12-12 13:29:35 - [TEST_STEP][PASSED] - Statement - PreSaveFile = new java.io.File(((pathPrefix + java.lang.Integer.toString(counter)) + .png)): null

2018-12-12 13:29:35 - [TEST_STEP][PASSED] - Statement - counter = counter + 1: null

2018-12-12 13:29:35 - [TEST_STEP][PASSED] - Statement - PreSaveFile = new java.io.File(((pathPrefix + java.lang.Integer.toString(counter)) + .png)): null

2018-12-12 13:29:35 - [TEST_STEP][PASSED] - Statement - counter = counter + 1: null

2018-12-12 13:29:35 - [TEST_STEP][PASSED] - Statement - PreSaveFile = new java.io.File(((pathPrefix + java.lang.Integer.toString(counter)) + .png)): null

2018-12-12 13:29:35 - [TEST_STEP][PASSED] - Statement - counter = counter + 1: null

2018-12-12 13:29:35 - [TEST_STEP][PASSED] - Statement - PreSaveFile = new java.io.File(((pathPrefix + java.lang.Integer.toString(counter)) + .png)): null

2018-12-12 13:29:35 - [TEST_STEP][PASSED] - Statement - counter = counter + 1: null

2018-12-12 13:29:35 - [TEST_STEP][PASSED] - Statement - PreSaveFile = new java.io.File(((pathPrefix + java.lang.Integer.toString(counter)) + .png)): null

2018-12-12 13:29:35 - [TEST_STEP][PASSED] - Statement - counter = counter + 1: null

2018-12-12 13:29:35 - [TEST_STEP][PASSED] - Statement - PreSaveFile = new java.io.File(((pathPrefix + java.lang.Integer.toString(counter)) + .png)): null

2018-12-12 13:29:35 - [TEST_STEP][PASSED] - Statement - counter = counter + 1: null

2018-12-12 13:29:35 - [TEST_STEP][PASSED] - Statement - PreSaveFile = new java.io.File(((pathPrefix + java.lang.Integer.toString(counter)) + .png)): null

2018-12-12 13:29:35 - [TEST_STEP][PASSED] - Statement - counter = counter + 1: null

2018-12-12 13:29:35 - [TEST_STEP][PASSED] - Statement - PreSaveFile = new java.io.File(((pathPrefix + java.lang.Integer.toString(counter)) + .png)): null

2018-12-12 13:29:35 - [TEST_STEP][PASSED] - Statement - counter = counter + 1: null

2018-12-12 13:29:35 - [TEST_STEP][PASSED] - Statement - PreSaveFile = new java.io.File(((pathPrefix + java.lang.Integer.toString(counter)) + .png)): null

2018-12-12 13:29:35 - [TEST_STEP][PASSED] - Statement - counter = counter + 1: null

2018-12-12 13:29:35 - [TEST_STEP][PASSED] - Statement - PreSaveFile = new java.io.File(((pathPrefix + java.lang.Integer.toString(counter)) + .png)): null

2018-12-12 13:29:35 - [TEST_STEP][PASSED] - Statement - counter = counter + 1: null

2018-12-12 13:29:35 - [TEST_STEP][PASSED] - Statement - PreSaveFile = new java.io.File(((pathPrefix + java.lang.Integer.toString(counter)) + .png)): null

2018-12-12 13:29:35 - [TEST_STEP][PASSED] - Statement - counter = counter + 1: null

2018-12-12 13:29:35 - [TEST_STEP][PASSED] - Statement - PreSaveFile = new java.io.File(((pathPrefix + java.lang.Integer.toString(counter)) + .png)): null

2018-12-12 13:29:35 - [TEST_STEP][PASSED] - Statement - counter = counter + 1: null

2018-12-12 13:29:35 - [TEST_STEP][PASSED] - Statement - PreSaveFile = new java.io.File(((pathPrefix + java.lang.Integer.toString(counter)) + .png)): null

2018-12-12 13:29:35 - [TEST_STEP][PASSED] - Statement - counter = counter + 1: null

2018-12-12 13:29:35 - [TEST_STEP][PASSED] - Statement - PreSaveFile = new java.io.File(((pathPrefix + java.lang.Integer.toString(counter)) + .png)): null

2018-12-12 13:29:35 - [TEST_STEP][PASSED] - Statement - counter = counter + 1: null

2018-12-12 13:29:35 - [TEST_STEP][PASSED] - Statement - PreSaveFile = new java.io.File(((pathPrefix + java.lang.Integer.toString(counter)) + .png)): null

2018-12-12 13:29:35 - [TEST_STEP][PASSED] - Statement - counter = counter + 1: null

2018-12-12 13:29:35 - [TEST_STEP][PASSED] - Statement - PreSaveFile = new java.io.File(((pathPrefix + java.lang.Integer.toString(counter)) + .png)): null

2018-12-12 13:29:35 - [TEST_STEP][PASSED] - Statement - counter = counter + 1: null

2018-12-12 13:29:35 - [TEST_STEP][PASSED] - Statement - PreSaveFile = new java.io.File(((pathPrefix + java.lang.Integer.toString(counter)) + .png)): null

2018-12-12 13:29:35 - [TEST_STEP][PASSED] - Statement - counter = counter + 1: null

2018-12-12 13:29:35 - [TEST_STEP][PASSED] - Statement - PreSaveFile = new java.io.File(((pathPrefix + java.lang.Integer.toString(counter)) + .png)): null

2018-12-12 13:29:35 - [TEST_STEP][PASSED] - Statement - counter = counter + 1: null

2018-12-12 13:29:35 - [TEST_STEP][PASSED] - Statement - PreSaveFile = new java.io.File(((pathPrefix + java.lang.Integer.toString(counter)) + .png)): null

2018-12-12 13:29:35 - [TEST_STEP][PASSED] - Statement - counter = counter + 1: null

2018-12-12 13:29:35 - [TEST_STEP][PASSED] - Statement - PreSaveFile = new java.io.File(((pathPrefix + java.lang.Integer.toString(counter)) + .png)): null

2018-12-12 13:29:35 - [TEST_STEP][PASSED] - Statement - counter = counter + 1: null

2018-12-12 13:29:35 - [TEST_STEP][PASSED] - Statement - PreSaveFile = new java.io.File(((pathPrefix + java.lang.Integer.toString(counter)) + .png)): null

2018-12-12 13:29:35 - [TEST_STEP][PASSED] - Statement - counter = counter + 1: null

2018-12-12 13:29:35 - [TEST_STEP][PASSED] - Statement - PreSaveFile = new java.io.File(((pathPrefix + java.lang.Integer.toString(counter)) + .png)): null

2018-12-12 13:29:35 - [TEST_STEP][PASSED] - Statement - counter = counter + 1: null

2018-12-12 13:29:35 - [TEST_STEP][PASSED] - Statement - PreSaveFile = new java.io.File(((pathPrefix + java.lang.Integer.toString(counter)) + .png)): null

2018-12-12 13:29:35 - [TEST_STEP][PASSED] - Statement - counter = counter + 1: null

2018-12-12 13:29:35 - [TEST_STEP][PASSED] - Statement - PreSaveFile = new java.io.File(((pathPrefix + java.lang.Integer.toString(counter)) + .png)): null

2018-12-12 13:29:35 - [TEST_STEP][PASSED] - Statement - finalPath = pathPrefix + java.lang.Integer.toString(counter) + ".png": null

2018-12-12 13:29:35 - [TEST_STEP][PASSED] - Statement - SaveFile = new java.io.File(finalPath): null

2018-12-12 13:29:35 - [TEST_STEP][PASSED] - Statement - Try: null

2018-12-12 13:29:35 - [TEST_STEP][PASSED] - Statement - org.apache.commons.io.FileUtils.copyFile(scrFile, SaveFile): null

2018-12-12 13:29:35 - [TEST_STEP][PASSED] - Statement - out.println("file kept"): null

2018-12-12 13:29:35 - [TEST_STEP][PASSED] - delay: Delayed 10 second(s)

2018-12-12 13:29:45 - [MESSAGE][PASSED] - Delayed 10 second(s)

2018-12-12 13:29:45 - [MESSAGE][PASSED] - Call Test Case 'Test Cases/Final Aug 2018 - PKS Automation/Registration Module/New Registration/Submit and Screenshot/Submit Registration and Screenshot' successfully

2018-12-12 13:29:45 - [TEST_STEP][PASSED] - callTestCase: Call Test Case 'Test Cases/Final Aug 2018 - PKS Automation/Registration Module/Log Out/log out avoiding katalon tagging' successfully

2018-12-12 13:29:45 - [TEST_CASE][PASSED] - Test Cases/Final Aug 2018 - PKS Automation/Registration Module/Log Out/log out avoiding katalon tagging: Test Cases/Final Aug 2018 - PKS Automation/Registration Module/Log Out/log out avoiding katalon tagging

2018-12-12 13:29:45 - [TEST_STEP][PASSED] - navigateToUrl: Navigate to 'https://assist2-uat.perkeso.gov.my/c/portal/logout' successfully

2018-12-12 13:29:46 - [MESSAGE][PASSED] - Navigate to 'https://assist2-uat.perkeso.gov.my/c/portal/logout' successfully

2018-12-12 13:29:46 - [MESSAGE][PASSED] - Call Test Case 'Test Cases/Final Aug 2018 - PKS Automation/Registration Module/Log Out/log out avoiding katalon tagging' successfully

2018-12-12 13:29:46 - [TEST_STEP][PASSED] - callTestCase: Call Test Case 'Test Cases/Final Aug 2018 - PKS Automation/Common/Workflow Owner Finder' successfully

2018-12-12 13:29:46 - [TEST_CASE][PASSED] - Test Cases/Final Aug 2018 - PKS Automation/Common/Workflow Owner Finder: Test Cases/Final Aug 2018 - PKS Automation/Common/Workflow Owner Finder

2018-12-12 13:29:46 - [TEST_STEP][PASSED] - openBrowser: Browser is opened with url: ''

2018-12-12 13:29:46 - [MESSAGE][WARNING] - A browser is already opened. Closing browser and opening a new one

2018-12-12 13:29:50 - [MESSAGE][PASSED] - Browser is opened with url: ''

2018-12-12 13:29:50 - [TEST_STEP][PASSED] - navigateToUrl: Navigate to 'https://assist2-uat.perkeso.gov.my/login' successfully

2018-12-12 13:29:51 - [MESSAGE][PASSED] - Navigate to 'https://assist2-uat.perkeso.gov.my/login' successfully

2018-12-12 13:29:51 - [TEST_STEP][PASSED] - delay: Delayed 5 second(s)

2018-12-12 13:29:56 - [MESSAGE][PASSED] - Delayed 5 second(s)

2018-12-12 13:29:56 - [TEST_STEP][PASSED] - setText: Text 'test@liferay.com' is set on object 'Object Repository/Final Object Repo/Login Page/Internal User/Email Address'

2018-12-12 13:29:57 - [MESSAGE][PASSED] - Text 'test@liferay.com' is set on object 'Object Repository/Final Object Repo/Login Page/Internal User/Email Address'

2018-12-12 13:29:57 - [TEST_STEP][PASSED] - click: Object: 'Object Repository/Final Object Repo/Login Page/Internal User/Next Button' is clicked on

2018-12-12 13:29:57 - [MESSAGE][PASSED] - Object: 'Object Repository/Final Object Repo/Login Page/Internal User/Next Button' is clicked on

2018-12-12 13:29:57 - [TEST_STEP][PASSED] - delay: Delayed 2 second(s)

2018-12-12 13:29:59 - [MESSAGE][PASSED] - Delayed 2 second(s)

2018-12-12 13:29:59 - [TEST_STEP][PASSED] - setText: Text 'test' is set on object 'Object Repository/Final Object Repo/Login Page/Internal User/Password'

2018-12-12 13:29:59 - [MESSAGE][PASSED] - Text 'test' is set on object 'Object Repository/Final Object Repo/Login Page/Internal User/Password'

2018-12-12 13:29:59 - [TEST_STEP][PASSED] - delay: Delayed 2 second(s)

2018-12-12 13:30:01 - [MESSAGE][PASSED] - Delayed 2 second(s)

2018-12-12 13:30:01 - [TEST_STEP][PASSED] - click: Object: 'Object Repository/Final Object Repo/Login Page/Internal User/Login Button' is clicked on

2018-12-12 13:30:01 - [MESSAGE][PASSED] - Object: 'Object Repository/Final Object Repo/Login Page/Internal User/Login Button' is clicked on

2018-12-12 13:30:01 - [TEST_STEP][PASSED] - Statement - tester = com.kms.katalon.core.testobject.ObjectRepository.findTestObject(Final Object Repo/Landing Page/Select to English): Finding Test Object with id 'Object Repository/Final Object Repo/Landing Page/Select to English'

2018-12-12 13:30:01 - [TEST_STEP][PASSED] - Statement - Try: Delayed 2 second(s)

2018-12-12 13:30:01 - [TEST_STEP][PASSED] - Statement - Checker = com.kms.katalon.core.webui.keyword.WebUiBuiltInKeywords.verifyElementNotPresent(tester, 3): Web element with id: 'Object Repository/Final Object Repo/Landing Page/Select to English' located by 'By.xpath: //a[@class = 'taglib-language-list-text' and @lang = 'en-US' and (contains(text(), 'EN') or contains(., 'EN'))]' is not present after '3' second(s)

2018-12-12 13:30:03 - [MESSAGE][PASSED] - Web element with id: 'Object Repository/Final Object Repo/Landing Page/Select to English' located by 'By.xpath: //a[@class = 'taglib-language-list-text' and @lang = 'en-US' and (contains(text(), 'EN') or contains(., 'EN'))]' is not present after '3' second(s)

2018-12-12 13:30:03 - [TEST_STEP][PASSED] - Statement - If (Checker == false): null

2018-12-12 13:30:03 - [TEST_STEP][PASSED] - delay: Delayed 2 second(s)

2018-12-12 13:30:05 - [MESSAGE][PASSED] - Delayed 2 second(s)

2018-12-12 13:30:05 - [TEST_STEP][PASSED] - delay: Delayed 5 second(s)

2018-12-12 13:30:10 - [MESSAGE][PASSED] - Delayed 5 second(s)

2018-12-12 13:30:10 - [TEST_STEP][PASSED] - mouseOver: Object: 'Object Repository/Final Object Repo/Landing Page/WorkFlow Menu' is hovered

2018-12-12 13:30:11 - [MESSAGE][PASSED] - Object: 'Object Repository/Final Object Repo/Landing Page/WorkFlow Menu' is hovered

2018-12-12 13:30:11 - [TEST_STEP][PASSED] - delay: Delayed 2 second(s)

2018-12-12 13:30:13 - [MESSAGE][PASSED] - Delayed 2 second(s)

2018-12-12 13:30:13 - [TEST_STEP][PASSED] - click: Object: 'Object Repository/Final Object Repo/Landing Page/Select to Workflow Listing' is clicked on

2018-12-12 13:30:14 - [MESSAGE][PASSED] - Object: 'Object Repository/Final Object Repo/Landing Page/Select to Workflow Listing' is clicked on

2018-12-12 13:30:14 - [TEST_STEP][PASSED] - delay: Delayed 2 second(s)

2018-12-12 13:30:16 - [MESSAGE][PASSED] - Delayed 2 second(s)

2018-12-12 13:30:16 - [TEST_STEP][PASSED] - click: Object: 'Object Repository/Final Object Repo/WorkFlow Listing Page/Search Information - To Put Ref No' is clicked on

2018-12-12 13:30:16 - [MESSAGE][PASSED] - Object: 'Object Repository/Final Object Repo/WorkFlow Listing Page/Search Information - To Put Ref No' is clicked on

2018-12-12 13:30:16 - [TEST_STEP][PASSED] - delay: Delayed 2 second(s)

2018-12-12 13:30:18 - [MESSAGE][PASSED] - Delayed 2 second(s)

2018-12-12 13:30:18 - [TEST_STEP][PASSED] - callTestCase: Call Test Case 'Test Cases/Final Aug 2018 - PKS Automation/Common/Reference Number Getter' successfully

2018-12-12 13:30:18 - [TEST_CASE][PASSED] - Test Cases/Final Aug 2018 - PKS Automation/Common/Reference Number Getter: Test Cases/Final Aug 2018 - PKS Automation/Common/Reference Number Getter

2018-12-12 13:30:18 - [TEST_STEP][PASSED] - Statement - Try: null

2018-12-12 13:30:18 - [TEST_STEP][PASSED] - Statement - RefNo = new java.io.File(C://Users//Admin//Desktop//PKS//Automation Reference Point//KatalonReference.txt): null

2018-12-12 13:30:18 - [TEST_STEP][PASSED] - Statement - bufferread = new java.io.BufferedReader(new java.io.FileReader(RefNo)): null

2018-12-12 13:30:18 - [TEST_STEP][PASSED] - Statement - readedVal = bufferread.readLine(): null

2018-12-12 13:30:18 - [TEST_STEP][PASSED] - Statement - out.println(CaseReferenceNo): null

2018-12-12 13:30:18 - [TEST_STEP][PASSED] - Statement - out.println(readedVal): null

2018-12-12 13:30:18 - [TEST_STEP][PASSED] - Statement - CaseReferenceNo = "": null

2018-12-12 13:30:18 - [TEST_STEP][PASSED] - Statement - CaseReferenceNo = readedVal: null

2018-12-12 13:30:18 - [MESSAGE][PASSED] - Call Test Case 'Test Cases/Final Aug 2018 - PKS Automation/Common/Reference Number Getter' successfully

2018-12-12 13:30:18 - [TEST_STEP][PASSED] - setText: Text 'CRN12201800123197' is set on object 'Object Repository/Final Object Repo/WorkFlow Listing Page/Ref No Set Text'

2018-12-12 13:30:18 - [MESSAGE][PASSED] - Text 'CRN12201800123197' is set on object 'Object Repository/Final Object Repo/WorkFlow Listing Page/Ref No Set Text'

2018-12-12 13:30:18 - [TEST_STEP][PASSED] - delay: Delayed 2 second(s)

2018-12-12 13:30:20 - [MESSAGE][PASSED] - Delayed 2 second(s)

2018-12-12 13:30:20 - [TEST_STEP][PASSED] - click: Object: 'Object Repository/Final Object Repo/WorkFlow Listing Page/Search Ref No Search Button' is clicked on

2018-12-12 13:30:20 - [MESSAGE][PASSED] - Object: 'Object Repository/Final Object Repo/WorkFlow Listing Page/Search Ref No Search Button' is clicked on

2018-12-12 13:30:20 - [TEST_STEP][PASSED] - delay: Delayed 6 second(s)

2018-12-12 13:30:26 - [MESSAGE][PASSED] - Delayed 6 second(s)

2018-12-12 13:30:26 - [TEST_STEP][PASSED] - click: Object: 'Object Repository/Final Object Repo/WorkFlow Listing Page/Click Continue Tooltip' is clicked on

2018-12-12 13:30:27 - [MESSAGE][PASSED] - Object: 'Object Repository/Final Object Repo/WorkFlow Listing Page/Click Continue Tooltip' is clicked on

2018-12-12 13:30:27 - [TEST_STEP][PASSED] - delay: Delayed 5 second(s)

2018-12-12 13:30:32 - [MESSAGE][PASSED] - Delayed 5 second(s)

2018-12-12 13:30:32 - [TEST_STEP][PASSED] - doubleClick: Object: 'Object Repository/Final Object Repo/WorkFlow Listing Page/Workflow Found - Listing 1' is double clicked on

2018-12-12 13:30:33 - [MESSAGE][PASSED] - Object: 'Object Repository/Final Object Repo/WorkFlow Listing Page/Workflow Found - Listing 1' is double clicked on

2018-12-12 13:30:33 - [TEST_STEP][PASSED] - Statement - println(OwnerID): null

2018-12-12 13:30:33 - [TEST_STEP][PASSED] - Statement - OwnerID = com.kms.katalon.core.webui.keyword.WebUiBuiltInKeywords.getText(com.kms.katalon.core.testobject.ObjectRepository.findTestObject(Final Object Repo/WorkFlow Listing Page/Workflow Found - Listing 1), STOP_ON_FAILURE): Text of object 'Object Repository/Final Object Repo/WorkFlow Listing Page/Workflow Found - Listing 1' is: 'JOHORro1'

2018-12-12 13:30:33 - [MESSAGE][PASSED] - Text of object 'Object Repository/Final Object Repo/WorkFlow Listing Page/Workflow Found - Listing 1' is: 'JOHORro1'

2018-12-12 13:30:33 - [TEST_STEP][PASSED] - Statement - OwnerID = OwnerID.toLowerCase() + "@gmail.com": null

2018-12-12 13:30:33 - [TEST_STEP][PASSED] - Statement - println(OwnerID): null

2018-12-12 13:30:33 - [TEST_STEP][PASSED] - delay: Delayed 2 second(s)

2018-12-12 13:30:35 - [MESSAGE][PASSED] - Delayed 2 second(s)

2018-12-12 13:30:35 - [MESSAGE][PASSED] - Call Test Case 'Test Cases/Final Aug 2018 - PKS Automation/Common/Workflow Owner Finder' successfully

2018-12-12 13:30:35 - [TEST_STEP][PASSED] - callTestCase: Call Test Case 'Test Cases/Final Aug 2018 - PKS Automation/Registration Module/Log Out/log out avoiding katalon tagging' successfully

2018-12-12 13:30:35 - [TEST_CASE][PASSED] - Test Cases/Final Aug 2018 - PKS Automation/Registration Module/Log Out/log out avoiding katalon tagging: Test Cases/Final Aug 2018 - PKS Automation/Registration Module/Log Out/log out avoiding katalon tagging

2018-12-12 13:30:35 - [TEST_STEP][PASSED] - navigateToUrl: Navigate to 'https://assist2-uat.perkeso.gov.my/c/portal/logout' successfully

2018-12-12 13:30:36 - [MESSAGE][PASSED] - Navigate to 'https://assist2-uat.perkeso.gov.my/c/portal/logout' successfully

2018-12-12 13:30:36 - [MESSAGE][PASSED] - Call Test Case 'Test Cases/Final Aug 2018 - PKS Automation/Registration Module/Log Out/log out avoiding katalon tagging' successfully

2018-12-12 13:30:36 - [TEST_STEP][PASSED] - delay: Delayed 2 second(s)

2018-12-12 13:30:38 - [MESSAGE][PASSED] - Delayed 2 second(s)

2018-12-12 13:30:38 - [TEST_STEP][PASSED] - setText: Text 'johorro1@gmail.com' is set on object 'Object Repository/Final Object Repo/New Registration - Registration Module Pages/New Reg - OTC to RO/Special Case - All Related Objects/Email TextBox'

2018-12-12 13:30:38 - [MESSAGE][PASSED] - Text 'johorro1@gmail.com' is set on object 'Object Repository/Final Object Repo/New Registration - Registration Module Pages/New Reg - OTC to RO/Special Case - All Related Objects/Email TextBox'

2018-12-12 13:30:38 - [TEST_STEP][PASSED] - click: Object: 'Object Repository/Final Object Repo/New Registration - Registration Module Pages/New Reg - OTC to RO/Special Case - All Related Objects/Next Button' is clicked on

2018-12-12 13:30:38 - [MESSAGE][PASSED] - Object: 'Object Repository/Final Object Repo/New Registration - Registration Module Pages/New Reg - OTC to RO/Special Case - All Related Objects/Next Button' is clicked on

2018-12-12 13:30:38 - [TEST_STEP][PASSED] - delay: Delayed 2 second(s)

2018-12-12 13:30:40 - [MESSAGE][PASSED] - Delayed 2 second(s)

2018-12-12 13:30:40 - [TEST_STEP][PASSED] - setText: Text 'Test1@3456789' is set on object 'Object Repository/Final Object Repo/New Registration - Registration Module Pages/New Reg - OTC to RO/Special Case - All Related Objects/Password TextBox'

2018-12-12 13:30:40 - [MESSAGE][PASSED] - Text 'Test1@3456789' is set on object 'Object Repository/Final Object Repo/New Registration - Registration Module Pages/New Reg - OTC to RO/Special Case - All Related Objects/Password TextBox'

2018-12-12 13:30:40 - [TEST_STEP][PASSED] - delay: Delayed 2 second(s)

2018-12-12 13:30:42 - [MESSAGE][PASSED] - Delayed 2 second(s)

2018-12-12 13:30:42 - [TEST_STEP][PASSED] - click: Object: 'Object Repository/Final Object Repo/New Registration - Registration Module Pages/New Reg - OTC to RO/Special Case - All Related Objects/Login Button' is clicked on

2018-12-12 13:30:43 - [MESSAGE][PASSED] - Object: 'Object Repository/Final Object Repo/New Registration - Registration Module Pages/New Reg - OTC to RO/Special Case - All Related Objects/Login Button' is clicked on

2018-12-12 13:30:43 - [TEST_STEP][PASSED] - delay: Delayed 2 second(s)

2018-12-12 13:30:45 - [MESSAGE][PASSED] - Delayed 2 second(s)

2018-12-12 13:30:45 - [TEST_STEP][PASSED] - Statement - Try: null

2018-12-12 13:30:45 - [TEST_STEP][PASSED] - Statement - Checker = com.kms.katalon.core.webui.keyword.WebUiBuiltInKeywords.verifyElementNotPresent("Final Object Repo/Landing Page/Select to English", 3): null

2018-12-12 13:30:45 - [TEST_STEP][PASSED] - Statement - Catch (Exception e): null

2018-12-12 13:30:45 - [TEST_STEP][PASSED] - Statement - e.printStackTrace(): null

2018-12-12 13:30:45 - [TEST_STEP][PASSED] - click: Object: 'Object Repository/Final Object Repo/New Registration - Registration Module Pages/New Reg - OTC to RO/Special Case - All Related Objects/Expand to Search' is clicked on

2018-12-12 13:30:45 - [MESSAGE][PASSED] - Object: 'Object Repository/Final Object Repo/New Registration - Registration Module Pages/New Reg - OTC to RO/Special Case - All Related Objects/Expand to Search' is clicked on

2018-12-12 13:30:45 - [TEST_STEP][PASSED] - setText: Text 'CRN12201800123197' is set on object 'Object Repository/Final Object Repo/New Registration - Registration Module Pages/New Reg - OTC to RO/Special Case - All Related Objects/TextBox RefNo in Workbasket'

2018-12-12 13:30:45 - [MESSAGE][PASSED] - Text 'CRN12201800123197' is set on object 'Object Repository/Final Object Repo/New Registration - Registration Module Pages/New Reg - OTC to RO/Special Case - All Related Objects/TextBox RefNo in Workbasket'

2018-12-12 13:30:45 - [TEST_STEP][PASSED] - delay: Delayed 2 second(s)

2018-12-12 13:30:47 - [MESSAGE][PASSED] - Delayed 2 second(s)

2018-12-12 13:30:47 - [TEST_STEP][PASSED] - click: Object: 'Object Repository/Final Object Repo/New Registration - Registration Module Pages/New Reg - OTC to RO/Special Case - All Related Objects/Click Search' is clicked on

2018-12-12 13:30:47 - [MESSAGE][PASSED] - Object: 'Object Repository/Final Object Repo/New Registration - Registration Module Pages/New Reg - OTC to RO/Special Case - All Related Objects/Click Search' is clicked on

2018-12-12 13:30:47 - [TEST_STEP][PASSED] - delay: Delayed 2 second(s)

2018-12-12 13:30:49 - [MESSAGE][PASSED] - Delayed 2 second(s)

2018-12-12 13:30:49 - [TEST_STEP][PASSED] - click: Object: 'Object Repository/Final Object Repo/New Registration - Registration Module Pages/New Reg - OTC to RO/Special Case - All Related Objects/Click to Continue Workflow' is clicked on

2018-12-12 13:30:53 - [MESSAGE][PASSED] - Object: 'Object Repository/Final Object Repo/New Registration - Registration Module Pages/New Reg - OTC to RO/Special Case - All Related Objects/Click to Continue Workflow' is clicked on

2018-12-12 13:30:53 - [TEST_STEP][PASSED] - delay: Delayed 2 second(s)

2018-12-12 13:30:55 - [MESSAGE][PASSED] - Delayed 2 second(s)

2018-12-12 13:30:55 - [TEST_STEP][PASSED] - click: Object: 'Object Repository/Final Object Repo/New Registration - Registration Module Pages/New Reg - OTC to RO/Special Case - All Related Objects/Continue Button in verifying case' is clicked on

2018-12-12 13:30:56 - [MESSAGE][PASSED] - Object: 'Object Repository/Final Object Repo/New Registration - Registration Module Pages/New Reg - OTC to RO/Special Case - All Related Objects/Continue Button in verifying case' is clicked on

2018-12-12 13:30:56 - [TEST_STEP][PASSED] - delay: Delayed 2 second(s)

2018-12-12 13:30:58 - [MESSAGE][PASSED] - Delayed 2 second(s)

2018-12-12 13:30:58 - [TEST_STEP][PASSED] - click: Object: 'Object Repository/Final Object Repo/New Registration - Registration Module Pages/Form 1/Registered As a Branch - Yes' is clicked on

2018-12-12 13:30:59 - [MESSAGE][PASSED] - Object: 'Object Repository/Final Object Repo/New Registration - Registration Module Pages/Form 1/Registered As a Branch - Yes' is clicked on

2018-12-12 13:30:59 - [TEST_STEP][PASSED] - delay: Delayed 2 second(s)

2018-12-12 13:31:01 - [MESSAGE][PASSED] - Delayed 2 second(s)

2018-12-12 13:31:01 - [TEST_STEP][PASSED] - click: Object: 'Object Repository/Final Object Repo/New Registration - Registration Module Pages/New Reg - OTC to RO/Special Case - All Related Objects/Form 1 Save n Continue' is clicked on

2018-12-12 13:31:01 - [MESSAGE][PASSED] - Object: 'Object Repository/Final Object Repo/New Registration - Registration Module Pages/New Reg - OTC to RO/Special Case - All Related Objects/Form 1 Save n Continue' is clicked on

2018-12-12 13:31:01 - [TEST_STEP][PASSED] - delay: Delayed 2 second(s)

2018-12-12 13:31:03 - [MESSAGE][PASSED] - Delayed 2 second(s)

2018-12-12 13:31:03 - [TEST_STEP][PASSED] - click: Object: 'Object Repository/Final Object Repo/New Registration - Registration Module Pages/New Reg - OTC to RO/Special Case - All Related Objects/Form 2 Save n Continue' is clicked on

2018-12-12 13:31:03 - [MESSAGE][PASSED] - Object: 'Object Repository/Final Object Repo/New Registration - Registration Module Pages/New Reg - OTC to RO/Special Case - All Related Objects/Form 2 Save n Continue' is clicked on

2018-12-12 13:31:03 - [TEST_STEP][PASSED] - delay: Delayed 2 second(s)

2018-12-12 13:31:05 - [MESSAGE][PASSED] - Delayed 2 second(s)

2018-12-12 13:31:05 - [TEST_STEP][PASSED] - click: Object: 'Object Repository/Final Object Repo/New Registration - Registration Module Pages/New Reg - OTC to RO/Special Case - All Related Objects/Third Screen Save n Continue' is clicked on

2018-12-12 13:31:10 - [MESSAGE][PASSED] - Object: 'Object Repository/Final Object Repo/New Registration - Registration Module Pages/New Reg - OTC to RO/Special Case - All Related Objects/Third Screen Save n Continue' is clicked on

2018-12-12 13:31:10 - [TEST_STEP][PASSED] - delay: Delayed 5 second(s)

2018-12-12 13:31:15 - [MESSAGE][PASSED] - Delayed 5 second(s)

2018-12-12 13:31:15 - [TEST_STEP][PASSED] - click: Object: 'Object Repository/Final Object Repo/New Registration - Registration Module Pages/New Reg - OTC to RO/Special Case - All Related Objects/Upload Doc Page Save n Continue' is clicked on

2018-12-12 13:31:15 - [MESSAGE][PASSED] - Object: 'Object Repository/Final Object Repo/New Registration - Registration Module Pages/New Reg - OTC to RO/Special Case - All Related Objects/Upload Doc Page Save n Continue' is clicked on

2018-12-12 13:31:15 - [TEST_STEP][PASSED] - delay: Delayed 5 second(s)

2018-12-12 13:31:20 - [MESSAGE][PASSED] - Delayed 5 second(s)

2018-12-12 13:31:20 - [TEST_STEP][PASSED] - click: Object: 'Object Repository/Final Object Repo/New Registration - Registration Module Pages/New Reg - OTC to RO/Special Case - All Related Objects/Under Enforcement Button at Preview Screen of RO' is clicked on

2018-12-12 13:31:20 - [MESSAGE][PASSED] - Object: 'Object Repository/Final Object Repo/New Registration - Registration Module Pages/New Reg - OTC to RO/Special Case - All Related Objects/Under Enforcement Button at Preview Screen of RO' is clicked on

2018-12-12 13:31:20 - [TEST_STEP][PASSED] - delay: Delayed 5 second(s)

2018-12-12 13:31:25 - [MESSAGE][PASSED] - Delayed 5 second(s)

2018-12-12 13:31:25 - [TEST_STEP][PASSED] - click: Object: 'Object Repository/Final Object Repo/New Registration - Registration Module Pages/New Reg - OTC to RO/Special Case - All Related Objects/Under Enforcement - inner form' is clicked on

2018-12-12 13:31:26 - [MESSAGE][PASSED] - Object: 'Object Repository/Final Object Repo/New Registration - Registration Module Pages/New Reg - OTC to RO/Special Case - All Related Objects/Under Enforcement - inner form' is clicked on

2018-12-12 13:31:26 - [TEST_STEP][PASSED] - callTestCase: Call Test Case 'Test Cases/Final Aug 2018 - PKS Automation/Common/Screenshoting tool' successfully

2018-12-12 13:31:26 - [TEST_CASE][PASSED] - Test Cases/Final Aug 2018 - PKS Automation/Common/Screenshoting tool: Test Cases/Final Aug 2018 - PKS Automation/Common/Screenshoting tool

2018-12-12 13:31:26 - [TEST_STEP][PASSED] - delay: Delayed 15 second(s)

2018-12-12 13:31:41 - [MESSAGE][PASSED] - Delayed 15 second(s)

2018-12-12 13:31:41 - [TEST_STEP][PASSED] - Statement - driver = com.kms.katalon.core.webui.driver.DriverFactory.getWebDriver(): null

2018-12-12 13:31:41 - [TEST_STEP][PASSED] - Statement - driver.manage().timeouts().implicitlyWait(10, SECONDS): null

2018-12-12 13:31:41 - [TEST_STEP][PASSED] - Statement - PresavePath = KatalonScreenshots: null

2018-12-12 13:31:41 - [TEST_STEP][PASSED] - Statement - pathPrefix = "C:\Users\Public\Pictures\Sample Pictures\Katalon Screenshots\Automate Ending Screen": null

2018-12-12 13:31:41 - [TEST_STEP][PASSED] - Statement - finalPath = <not implemented yet for class: org.codehaus.groovy.ast.expr.EmptyExpression>: null

2018-12-12 13:31:41 - [TEST_STEP][PASSED] - Statement - scrFile = driver.getScreenshotAs(FILE): null

2018-12-12 13:31:41 - [TEST_STEP][PASSED] - Statement - PreSaveFile = new java.io.File(PresavePath): null

2018-12-12 13:31:41 - [TEST_STEP][PASSED] - Statement - counter = 0: null

2018-12-12 13:31:41 - [TEST_STEP][PASSED] - Statement - If (PreSaveFile.exists()): null

2018-12-12 13:31:41 - [TEST_STEP][PASSED] - Statement - While (PreSaveFile.exists()): null

2018-12-12 13:31:41 - [TEST_STEP][PASSED] - Statement - counter = counter + 1: null

2018-12-12 13:31:41 - [TEST_STEP][PASSED] - Statement - PreSaveFile = new java.io.File(((pathPrefix + java.lang.Integer.toString(counter)) + .png)): null

2018-12-12 13:31:41 - [TEST_STEP][PASSED] - Statement - counter = counter + 1: null

2018-12-12 13:31:41 - [TEST_STEP][PASSED] - Statement - PreSaveFile = new java.io.File(((pathPrefix + java.lang.Integer.toString(counter)) + .png)): null

2018-12-12 13:31:41 - [TEST_STEP][PASSED] - Statement - counter = counter + 1: null

2018-12-12 13:31:41 - [TEST_STEP][PASSED] - Statement - PreSaveFile = new java.io.File(((pathPrefix + java.lang.Integer.toString(counter)) + .png)): null

2018-12-12 13:31:41 - [TEST_STEP][PASSED] - Statement - counter = counter + 1: null

2018-12-12 13:31:41 - [TEST_STEP][PASSED] - Statement - PreSaveFile = new java.io.File(((pathPrefix + java.lang.Integer.toString(counter)) + .png)): null

2018-12-12 13:31:41 - [TEST_STEP][PASSED] - Statement - counter = counter + 1: null

2018-12-12 13:31:41 - [TEST_STEP][PASSED] - Statement - PreSaveFile = new java.io.File(((pathPrefix + java.lang.Integer.toString(counter)) + .png)): null

2018-12-12 13:31:41 - [TEST_STEP][PASSED] - Statement - counter = counter + 1: null

2018-12-12 13:31:41 - [TEST_STEP][PASSED] - Statement - PreSaveFile = new java.io.File(((pathPrefix + java.lang.Integer.toString(counter)) + .png)): null

2018-12-12 13:31:41 - [TEST_STEP][PASSED] - Statement - counter = counter + 1: null

2018-12-12 13:31:41 - [TEST_STEP][PASSED] - Statement - PreSaveFile = new java.io.File(((pathPrefix + java.lang.Integer.toString(counter)) + .png)): null

2018-12-12 13:31:41 - [TEST_STEP][PASSED] - Statement - counter = counter + 1: null

2018-12-12 13:31:41 - [TEST_STEP][PASSED] - Statement - PreSaveFile = new java.io.File(((pathPrefix + java.lang.Integer.toString(counter)) + .png)): null

2018-12-12 13:31:41 - [TEST_STEP][PASSED] - Statement - counter = counter + 1: null

2018-12-12 13:31:42 - [TEST_STEP][PASSED] - Statement - PreSaveFile = new java.io.File(((pathPrefix + java.lang.Integer.toString(counter)) + .png)): null

2018-12-12 13:31:42 - [TEST_STEP][PASSED] - Statement - counter = counter + 1: null

2018-12-12 13:31:42 - [TEST_STEP][PASSED] - Statement - PreSaveFile = new java.io.File(((pathPrefix + java.lang.Integer.toString(counter)) + .png)): null

2018-12-12 13:31:42 - [TEST_STEP][PASSED] - Statement - counter = counter + 1: null

2018-12-12 13:31:42 - [TEST_STEP][PASSED] - Statement - PreSaveFile = new java.io.File(((pathPrefix + java.lang.Integer.toString(counter)) + .png)): null

2018-12-12 13:31:42 - [TEST_STEP][PASSED] - Statement - counter = counter + 1: null

2018-12-12 13:31:42 - [TEST_STEP][PASSED] - Statement - PreSaveFile = new java.io.File(((pathPrefix + java.lang.Integer.toString(counter)) + .png)): null

2018-12-12 13:31:42 - [TEST_STEP][PASSED] - Statement - counter = counter + 1: null

2018-12-12 13:31:42 - [TEST_STEP][PASSED] - Statement - PreSaveFile = new java.io.File(((pathPrefix + java.lang.Integer.toString(counter)) + .png)): null

2018-12-12 13:31:42 - [TEST_STEP][PASSED] - Statement - counter = counter + 1: null

2018-12-12 13:31:42 - [TEST_STEP][PASSED] - Statement - PreSaveFile = new java.io.File(((pathPrefix + java.lang.Integer.toString(counter)) + .png)): null

2018-12-12 13:31:42 - [TEST_STEP][PASSED] - Statement - counter = counter + 1: null

2018-12-12 13:31:42 - [TEST_STEP][PASSED] - Statement - PreSaveFile = new java.io.File(((pathPrefix + java.lang.Integer.toString(counter)) + .png)): null

2018-12-12 13:31:42 - [TEST_STEP][PASSED] - Statement - counter = counter + 1: null

2018-12-12 13:31:42 - [TEST_STEP][PASSED] - Statement - PreSaveFile = new java.io.File(((pathPrefix + java.lang.Integer.toString(counter)) + .png)): null

2018-12-12 13:31:42 - [TEST_STEP][PASSED] - Statement - counter = counter + 1: null

2018-12-12 13:31:42 - [TEST_STEP][PASSED] - Statement - PreSaveFile = new java.io.File(((pathPrefix + java.lang.Integer.toString(counter)) + .png)): null

2018-12-12 13:31:42 - [TEST_STEP][PASSED] - Statement - counter = counter + 1: null

2018-12-12 13:31:42 - [TEST_STEP][PASSED] - Statement - PreSaveFile = new java.io.File(((pathPrefix + java.lang.Integer.toString(counter)) + .png)): null

2018-12-12 13:31:42 - [TEST_STEP][PASSED] - Statement - counter = counter + 1: null

2018-12-12 13:31:42 - [TEST_STEP][PASSED] - Statement - PreSaveFile = new java.io.File(((pathPrefix + java.lang.Integer.toString(counter)) + .png)): null

2018-12-12 13:31:42 - [TEST_STEP][PASSED] - Statement - counter = counter + 1: null

2018-12-12 13:31:42 - [TEST_STEP][PASSED] - Statement - PreSaveFile = new java.io.File(((pathPrefix + java.lang.Integer.toString(counter)) + .png)): null

2018-12-12 13:31:42 - [TEST_STEP][PASSED] - Statement - counter = counter + 1: null

2018-12-12 13:31:42 - [TEST_STEP][PASSED] - Statement - PreSaveFile = new java.io.File(((pathPrefix + java.lang.Integer.toString(counter)) + .png)): null

2018-12-12 13:31:42 - [TEST_STEP][PASSED] - Statement - counter = counter + 1: null

2018-12-12 13:31:42 - [TEST_STEP][PASSED] - Statement - PreSaveFile = new java.io.File(((pathPrefix + java.lang.Integer.toString(counter)) + .png)): null

2018-12-12 13:31:42 - [TEST_STEP][PASSED] - Statement - counter = counter + 1: null

2018-12-12 13:31:42 - [TEST_STEP][PASSED] - Statement - PreSaveFile = new java.io.File(((pathPrefix + java.lang.Integer.toString(counter)) + .png)): null

2018-12-12 13:31:42 - [TEST_STEP][PASSED] - Statement - counter = counter + 1: null

2018-12-12 13:31:42 - [TEST_STEP][PASSED] - Statement - PreSaveFile = new java.io.File(((pathPrefix + java.lang.Integer.toString(counter)) + .png)): null

2018-12-12 13:31:42 - [TEST_STEP][PASSED] - Statement - counter = counter + 1: null

2018-12-12 13:31:42 - [TEST_STEP][PASSED] - Statement - PreSaveFile = new java.io.File(((pathPrefix + java.lang.Integer.toString(counter)) + .png)): null

2018-12-12 13:31:42 - [TEST_STEP][PASSED] - Statement - counter = counter + 1: null

2018-12-12 13:31:42 - [TEST_STEP][PASSED] - Statement - PreSaveFile = new java.io.File(((pathPrefix + java.lang.Integer.toString(counter)) + .png)): null

2018-12-12 13:31:42 - [TEST_STEP][PASSED] - Statement - counter = counter + 1: null

2018-12-12 13:31:42 - [TEST_STEP][PASSED] - Statement - PreSaveFile = new java.io.File(((pathPrefix + java.lang.Integer.toString(counter)) + .png)): null

2018-12-12 13:31:42 - [TEST_STEP][PASSED] - Statement - counter = counter + 1: null

2018-12-12 13:31:42 - [TEST_STEP][PASSED] - Statement - PreSaveFile = new java.io.File(((pathPrefix + java.lang.Integer.toString(counter)) + .png)): null

2018-12-12 13:31:42 - [TEST_STEP][PASSED] - Statement - counter = counter + 1: null

2018-12-12 13:31:42 - [TEST_STEP][PASSED] - Statement - PreSaveFile = new java.io.File(((pathPrefix + java.lang.Integer.toString(counter)) + .png)): null

2018-12-12 13:31:42 - [TEST_STEP][PASSED] - Statement - counter = counter + 1: null

2018-12-12 13:31:42 - [TEST_STEP][PASSED] - Statement - PreSaveFile = new java.io.File(((pathPrefix + java.lang.Integer.toString(counter)) + .png)): null

2018-12-12 13:31:42 - [TEST_STEP][PASSED] - Statement - counter = counter + 1: null

2018-12-12 13:31:42 - [TEST_STEP][PASSED] - Statement - PreSaveFile = new java.io.File(((pathPrefix + java.lang.Integer.toString(counter)) + .png)): null

2018-12-12 13:31:42 - [TEST_STEP][PASSED] - Statement - counter = counter + 1: null

2018-12-12 13:31:42 - [TEST_STEP][PASSED] - Statement - PreSaveFile = new java.io.File(((pathPrefix + java.lang.Integer.toString(counter)) + .png)): null

2018-12-12 13:31:42 - [TEST_STEP][PASSED] - Statement - counter = counter + 1: null

2018-12-12 13:31:42 - [TEST_STEP][PASSED] - Statement - PreSaveFile = new java.io.File(((pathPrefix + java.lang.Integer.toString(counter)) + .png)): null

2018-12-12 13:31:42 - [TEST_STEP][PASSED] - Statement - counter = counter + 1: null

2018-12-12 13:31:42 - [TEST_STEP][PASSED] - Statement - PreSaveFile = new java.io.File(((pathPrefix + java.lang.Integer.toString(counter)) + .png)): null

2018-12-12 13:31:42 - [TEST_STEP][PASSED] - Statement - counter = counter + 1: null

2018-12-12 13:31:42 - [TEST_STEP][PASSED] - Statement - PreSaveFile = new java.io.File(((pathPrefix + java.lang.Integer.toString(counter)) + .png)): null

2018-12-12 13:31:42 - [TEST_STEP][PASSED] - Statement - counter = counter + 1: null

2018-12-12 13:31:42 - [TEST_STEP][PASSED] - Statement - PreSaveFile = new java.io.File(((pathPrefix + java.lang.Integer.toString(counter)) + .png)): null

2018-12-12 13:31:42 - [TEST_STEP][PASSED] - Statement - counter = counter + 1: null

2018-12-12 13:31:42 - [TEST_STEP][PASSED] - Statement - PreSaveFile = new java.io.File(((pathPrefix + java.lang.Integer.toString(counter)) + .png)): null

2018-12-12 13:31:42 - [TEST_STEP][PASSED] - Statement - counter = counter + 1: null

2018-12-12 13:31:42 - [TEST_STEP][PASSED] - Statement - PreSaveFile = new java.io.File(((pathPrefix + java.lang.Integer.toString(counter)) + .png)): null

2018-12-12 13:31:42 - [TEST_STEP][PASSED] - Statement - counter = counter + 1: null

2018-12-12 13:31:42 - [TEST_STEP][PASSED] - Statement - PreSaveFile = new java.io.File(((pathPrefix + java.lang.Integer.toString(counter)) + .png)): null

2018-12-12 13:31:42 - [TEST_STEP][PASSED] - Statement - counter = counter + 1: null

2018-12-12 13:31:42 - [TEST_STEP][PASSED] - Statement - PreSaveFile = new java.io.File(((pathPrefix + java.lang.Integer.toString(counter)) + .png)): null

2018-12-12 13:31:42 - [TEST_STEP][PASSED] - Statement - counter = counter + 1: null

2018-12-12 13:31:42 - [TEST_STEP][PASSED] - Statement - PreSaveFile = new java.io.File(((pathPrefix + java.lang.Integer.toString(counter)) + .png)): null

2018-12-12 13:31:42 - [TEST_STEP][PASSED] - Statement - counter = counter + 1: null

2018-12-12 13:31:42 - [TEST_STEP][PASSED] - Statement - PreSaveFile = new java.io.File(((pathPrefix + java.lang.Integer.toString(counter)) + .png)): null

2018-12-12 13:31:42 - [TEST_STEP][PASSED] - Statement - counter = counter + 1: null

2018-12-12 13:31:42 - [TEST_STEP][PASSED] - Statement - PreSaveFile = new java.io.File(((pathPrefix + java.lang.Integer.toString(counter)) + .png)): null

2018-12-12 13:31:42 - [TEST_STEP][PASSED] - Statement - counter = counter + 1: null

2018-12-12 13:31:42 - [TEST_STEP][PASSED] - Statement - PreSaveFile = new java.io.File(((pathPrefix + java.lang.Integer.toString(counter)) + .png)): null

2018-12-12 13:31:42 - [TEST_STEP][PASSED] - Statement - counter = counter + 1: null

2018-12-12 13:31:42 - [TEST_STEP][PASSED] - Statement - PreSaveFile = new java.io.File(((pathPrefix + java.lang.Integer.toString(counter)) + .png)): null

2018-12-12 13:31:42 - [TEST_STEP][PASSED] - Statement - counter = counter + 1: null

2018-12-12 13:31:42 - [TEST_STEP][PASSED] - Statement - PreSaveFile = new java.io.File(((pathPrefix + java.lang.Integer.toString(counter)) + .png)): null

2018-12-12 13:31:42 - [TEST_STEP][PASSED] - Statement - counter = counter + 1: null

2018-12-12 13:31:42 - [TEST_STEP][PASSED] - Statement - PreSaveFile = new java.io.File(((pathPrefix + java.lang.Integer.toString(counter)) + .png)): null

2018-12-12 13:31:42 - [TEST_STEP][PASSED] - Statement - counter = counter + 1: null

2018-12-12 13:31:42 - [TEST_STEP][PASSED] - Statement - PreSaveFile = new java.io.File(((pathPrefix + java.lang.Integer.toString(counter)) + .png)): null

2018-12-12 13:31:42 - [TEST_STEP][PASSED] - Statement - counter = counter + 1: null

2018-12-12 13:31:42 - [TEST_STEP][PASSED] - Statement - PreSaveFile = new java.io.File(((pathPrefix + java.lang.Integer.toString(counter)) + .png)): null

2018-12-12 13:31:42 - [TEST_STEP][PASSED] - Statement - counter = counter + 1: null

2018-12-12 13:31:42 - [TEST_STEP][PASSED] - Statement - PreSaveFile = new java.io.File(((pathPrefix + java.lang.Integer.toString(counter)) + .png)): null

2018-12-12 13:31:42 - [TEST_STEP][PASSED] - Statement - counter = counter + 1: null

2018-12-12 13:31:42 - [TEST_STEP][PASSED] - Statement - PreSaveFile = new java.io.File(((pathPrefix + java.lang.Integer.toString(counter)) + .png)): null

2018-12-12 13:31:42 - [TEST_STEP][PASSED] - Statement - counter = counter + 1: null

2018-12-12 13:31:42 - [TEST_STEP][PASSED] - Statement - PreSaveFile = new java.io.File(((pathPrefix + java.lang.Integer.toString(counter)) + .png)): null

2018-12-12 13:31:42 - [TEST_STEP][PASSED] - Statement - counter = counter + 1: null

2018-12-12 13:31:42 - [TEST_STEP][PASSED] - Statement - PreSaveFile = new java.io.File(((pathPrefix + java.lang.Integer.toString(counter)) + .png)): null

2018-12-12 13:31:42 - [TEST_STEP][PASSED] - Statement - counter = counter + 1: null

2018-12-12 13:31:42 - [TEST_STEP][PASSED] - Statement - PreSaveFile = new java.io.File(((pathPrefix + java.lang.Integer.toString(counter)) + .png)): null

2018-12-12 13:31:42 - [TEST_STEP][PASSED] - Statement - counter = counter + 1: null

2018-12-12 13:31:42 - [TEST_STEP][PASSED] - Statement - PreSaveFile = new java.io.File(((pathPrefix + java.lang.Integer.toString(counter)) + .png)): null

2018-12-12 13:31:42 - [TEST_STEP][PASSED] - Statement - counter = counter + 1: null

2018-12-12 13:31:42 - [TEST_STEP][PASSED] - Statement - PreSaveFile = new java.io.File(((pathPrefix + java.lang.Integer.toString(counter)) + .png)): null

2018-12-12 13:31:42 - [TEST_STEP][PASSED] - Statement - counter = counter + 1: null

2018-12-12 13:31:42 - [TEST_STEP][PASSED] - Statement - PreSaveFile = new java.io.File(((pathPrefix + java.lang.Integer.toString(counter)) + .png)): null

2018-12-12 13:31:42 - [TEST_STEP][PASSED] - Statement - counter = counter + 1: null

2018-12-12 13:31:42 - [TEST_STEP][PASSED] - Statement - PreSaveFile = new java.io.File(((pathPrefix + java.lang.Integer.toString(counter)) + .png)): null

2018-12-12 13:31:42 - [TEST_STEP][PASSED] - Statement - counter = counter + 1: null

2018-12-12 13:31:42 - [TEST_STEP][PASSED] - Statement - PreSaveFile = new java.io.File(((pathPrefix + java.lang.Integer.toString(counter)) + .png)): null

2018-12-12 13:31:42 - [TEST_STEP][PASSED] - Statement - counter = counter + 1: null

2018-12-12 13:31:42 - [TEST_STEP][PASSED] - Statement - PreSaveFile = new java.io.File(((pathPrefix + java.lang.Integer.toString(counter)) + .png)): null

2018-12-12 13:31:42 - [TEST_STEP][PASSED] - Statement - counter = counter + 1: null

2018-12-12 13:31:42 - [TEST_STEP][PASSED] - Statement - PreSaveFile = new java.io.File(((pathPrefix + java.lang.Integer.toString(counter)) + .png)): null

2018-12-12 13:31:42 - [TEST_STEP][PASSED] - Statement - counter = counter + 1: null

2018-12-12 13:31:42 - [TEST_STEP][PASSED] - Statement - PreSaveFile = new java.io.File(((pathPrefix + java.lang.Integer.toString(counter)) + .png)): null

2018-12-12 13:31:42 - [TEST_STEP][PASSED] - Statement - counter = counter + 1: null

2018-12-12 13:31:42 - [TEST_STEP][PASSED] - Statement - PreSaveFile = new java.io.File(((pathPrefix + java.lang.Integer.toString(counter)) + .png)): null

2018-12-12 13:31:42 - [TEST_STEP][PASSED] - Statement - counter = counter + 1: null

2018-12-12 13:31:42 - [TEST_STEP][PASSED] - Statement - PreSaveFile = new java.io.File(((pathPrefix + java.lang.Integer.toString(counter)) + .png)): null

2018-12-12 13:31:42 - [TEST_STEP][PASSED] - Statement - counter = counter + 1: null

2018-12-12 13:31:42 - [TEST_STEP][PASSED] - Statement - PreSaveFile = new java.io.File(((pathPrefix + java.lang.Integer.toString(counter)) + .png)): null

2018-12-12 13:31:42 - [TEST_STEP][PASSED] - Statement - counter = counter + 1: null

2018-12-12 13:31:42 - [TEST_STEP][PASSED] - Statement - PreSaveFile = new java.io.File(((pathPrefix + java.lang.Integer.toString(counter)) + .png)): null

2018-12-12 13:31:42 - [TEST_STEP][PASSED] - Statement - counter = counter + 1: null

2018-12-12 13:31:42 - [TEST_STEP][PASSED] - Statement - PreSaveFile = new java.io.File(((pathPrefix + java.lang.Integer.toString(counter)) + .png)): null

2018-12-12 13:31:42 - [TEST_STEP][PASSED] - Statement - counter = counter + 1: null

2018-12-12 13:31:42 - [TEST_STEP][PASSED] - Statement - PreSaveFile = new java.io.File(((pathPrefix + java.lang.Integer.toString(counter)) + .png)): null

2018-12-12 13:31:42 - [TEST_STEP][PASSED] - Statement - counter = counter + 1: null

2018-12-12 13:31:42 - [TEST_STEP][PASSED] - Statement - PreSaveFile = new java.io.File(((pathPrefix + java.lang.Integer.toString(counter)) + .png)): null

2018-12-12 13:31:42 - [TEST_STEP][PASSED] - Statement - counter = counter + 1: null

2018-12-12 13:31:42 - [TEST_STEP][PASSED] - Statement - PreSaveFile = new java.io.File(((pathPrefix + java.lang.Integer.toString(counter)) + .png)): null

2018-12-12 13:31:42 - [TEST_STEP][PASSED] - Statement - counter = counter + 1: null

2018-12-12 13:31:42 - [TEST_STEP][PASSED] - Statement - PreSaveFile = new java.io.File(((pathPrefix + java.lang.Integer.toString(counter)) + .png)): null

2018-12-12 13:31:42 - [TEST_STEP][PASSED] - Statement - counter = counter + 1: null

2018-12-12 13:31:42 - [TEST_STEP][PASSED] - Statement - PreSaveFile = new java.io.File(((pathPrefix + java.lang.Integer.toString(counter)) + .png)): null

2018-12-12 13:31:42 - [TEST_STEP][PASSED] - Statement - counter = counter + 1: null

2018-12-12 13:31:42 - [TEST_STEP][PASSED] - Statement - PreSaveFile = new java.io.File(((pathPrefix + java.lang.Integer.toString(counter)) + .png)): null

2018-12-12 13:31:42 - [TEST_STEP][PASSED] - Statement - counter = counter + 1: null

2018-12-12 13:31:42 - [TEST_STEP][PASSED] - Statement - PreSaveFile = new java.io.File(((pathPrefix + java.lang.Integer.toString(counter)) + .png)): null

2018-12-12 13:31:42 - [TEST_STEP][PASSED] - Statement - counter = counter + 1: null

2018-12-12 13:31:42 - [TEST_STEP][PASSED] - Statement - PreSaveFile = new java.io.File(((pathPrefix + java.lang.Integer.toString(counter)) + .png)): null

2018-12-12 13:31:42 - [TEST_STEP][PASSED] - Statement - counter = counter + 1: null

2018-12-12 13:31:42 - [TEST_STEP][PASSED] - Statement - PreSaveFile = new java.io.File(((pathPrefix + java.lang.Integer.toString(counter)) + .png)): null

2018-12-12 13:31:42 - [TEST_STEP][PASSED] - Statement - counter = counter + 1: null

2018-12-12 13:31:42 - [TEST_STEP][PASSED] - Statement - PreSaveFile = new java.io.File(((pathPrefix + java.lang.Integer.toString(counter)) + .png)): null

2018-12-12 13:31:42 - [TEST_STEP][PASSED] - Statement - counter = counter + 1: null

2018-12-12 13:31:42 - [TEST_STEP][PASSED] - Statement - PreSaveFile = new java.io.File(((pathPrefix + java.lang.Integer.toString(counter)) + .png)): null

2018-12-12 13:31:42 - [TEST_STEP][PASSED] - Statement - counter = counter + 1: null

2018-12-12 13:31:42 - [TEST_STEP][PASSED] - Statement - PreSaveFile = new java.io.File(((pathPrefix + java.lang.Integer.toString(counter)) + .png)): null

2018-12-12 13:31:42 - [TEST_STEP][PASSED] - Statement - counter = counter + 1: null

2018-12-12 13:31:42 - [TEST_STEP][PASSED] - Statement - PreSaveFile = new java.io.File(((pathPrefix + java.lang.Integer.toString(counter)) + .png)): null

2018-12-12 13:31:42 - [TEST_STEP][PASSED] - Statement - counter = counter + 1: null

2018-12-12 13:31:42 - [TEST_STEP][PASSED] - Statement - PreSaveFile = new java.io.File(((pathPrefix + java.lang.Integer.toString(counter)) + .png)): null

2018-12-12 13:31:42 - [TEST_STEP][PASSED] - Statement - counter = counter + 1: null

2018-12-12 13:31:42 - [TEST_STEP][PASSED] - Statement - PreSaveFile = new java.io.File(((pathPrefix + java.lang.Integer.toString(counter)) + .png)): null

2018-12-12 13:31:42 - [TEST_STEP][PASSED] - Statement - counter = counter + 1: null

2018-12-12 13:31:42 - [TEST_STEP][PASSED] - Statement - PreSaveFile = new java.io.File(((pathPrefix + java.lang.Integer.toString(counter)) + .png)): null

2018-12-12 13:31:42 - [TEST_STEP][PASSED] - Statement - counter = counter + 1: null

2018-12-12 13:31:42 - [TEST_STEP][PASSED] - Statement - PreSaveFile = new java.io.File(((pathPrefix + java.lang.Integer.toString(counter)) + .png)): null

2018-12-12 13:31:42 - [TEST_STEP][PASSED] - Statement - counter = counter + 1: null

2018-12-12 13:31:42 - [TEST_STEP][PASSED] - Statement - PreSaveFile = new java.io.File(((pathPrefix + java.lang.Integer.toString(counter)) + .png)): null

2018-12-12 13:31:42 - [TEST_STEP][PASSED] - Statement - counter = counter + 1: null

2018-12-12 13:31:42 - [TEST_STEP][PASSED] - Statement - PreSaveFile = new java.io.File(((pathPrefix + java.lang.Integer.toString(counter)) + .png)): null

2018-12-12 13:31:42 - [TEST_STEP][PASSED] - Statement - counter = counter + 1: null

2018-12-12 13:31:42 - [TEST_STEP][PASSED] - Statement - PreSaveFile = new java.io.File(((pathPrefix + java.lang.Integer.toString(counter)) + .png)): null

2018-12-12 13:31:42 - [TEST_STEP][PASSED] - Statement - counter = counter + 1: null

2018-12-12 13:31:42 - [TEST_STEP][PASSED] - Statement - PreSaveFile = new java.io.File(((pathPrefix + java.lang.Integer.toString(counter)) + .png)): null

2018-12-12 13:31:42 - [TEST_STEP][PASSED] - Statement - counter = counter + 1: null

2018-12-12 13:31:42 - [TEST_STEP][PASSED] - Statement - PreSaveFile = new java.io.File(((pathPrefix + java.lang.Integer.toString(counter)) + .png)): null

2018-12-12 13:31:42 - [TEST_STEP][PASSED] - Statement - counter = counter + 1: null

2018-12-12 13:31:42 - [TEST_STEP][PASSED] - Statement - PreSaveFile = new java.io.File(((pathPrefix + java.lang.Integer.toString(counter)) + .png)): null

2018-12-12 13:31:42 - [TEST_STEP][PASSED] - Statement - counter = counter + 1: null

2018-12-12 13:31:42 - [TEST_STEP][PASSED] - Statement - PreSaveFile = new java.io.File(((pathPrefix + java.lang.Integer.toString(counter)) + .png)): null

2018-12-12 13:31:42 - [TEST_STEP][PASSED] - Statement - counter = counter + 1: null

2018-12-12 13:31:42 - [TEST_STEP][PASSED] - Statement - PreSaveFile = new java.io.File(((pathPrefix + java.lang.Integer.toString(counter)) + .png)): null

2018-12-12 13:31:42 - [TEST_STEP][PASSED] - Statement - counter = counter + 1: null

2018-12-12 13:31:42 - [TEST_STEP][PASSED] - Statement - PreSaveFile = new java.io.File(((pathPrefix + java.lang.Integer.toString(counter)) + .png)): null

2018-12-12 13:31:42 - [TEST_STEP][PASSED] - Statement - counter = counter + 1: null

2018-12-12 13:31:42 - [TEST_STEP][PASSED] - Statement - PreSaveFile = new java.io.File(((pathPrefix + java.lang.Integer.toString(counter)) + .png)): null

2018-12-12 13:31:42 - [TEST_STEP][PASSED] - Statement - counter = counter + 1: null

2018-12-12 13:31:42 - [TEST_STEP][PASSED] - Statement - PreSaveFile = new java.io.File(((pathPrefix + java.lang.Integer.toString(counter)) + .png)): null

2018-12-12 13:31:42 - [TEST_STEP][PASSED] - Statement - counter = counter + 1: null

2018-12-12 13:31:42 - [TEST_STEP][PASSED] - Statement - PreSaveFile = new java.io.File(((pathPrefix + java.lang.Integer.toString(counter)) + .png)): null

2018-12-12 13:31:42 - [TEST_STEP][PASSED] - Statement - counter = counter + 1: null

2018-12-12 13:31:42 - [TEST_STEP][PASSED] - Statement - PreSaveFile = new java.io.File(((pathPrefix + java.lang.Integer.toString(counter)) + .png)): null

2018-12-12 13:31:42 - [TEST_STEP][PASSED] - Statement - counter = counter + 1: null

2018-12-12 13:31:42 - [TEST_STEP][PASSED] - Statement - PreSaveFile = new java.io.File(((pathPrefix + java.lang.Integer.toString(counter)) + .png)): null

2018-12-12 13:31:42 - [TEST_STEP][PASSED] - Statement - counter = counter + 1: null

2018-12-12 13:31:42 - [TEST_STEP][PASSED] - Statement - PreSaveFile = new java.io.File(((pathPrefix + java.lang.Integer.toString(counter)) + .png)): null

2018-12-12 13:31:42 - [TEST_STEP][PASSED] - Statement - counter = counter + 1: null

2018-12-12 13:31:42 - [TEST_STEP][PASSED] - Statement - PreSaveFile = new java.io.File(((pathPrefix + java.lang.Integer.toString(counter)) + .png)): null

2018-12-12 13:31:42 - [TEST_STEP][PASSED] - Statement - counter = counter + 1: null

2018-12-12 13:31:42 - [TEST_STEP][PASSED] - Statement - PreSaveFile = new java.io.File(((pathPrefix + java.lang.Integer.toString(counter)) + .png)): null

2018-12-12 13:31:42 - [TEST_STEP][PASSED] - Statement - counter = counter + 1: null

2018-12-12 13:31:42 - [TEST_STEP][PASSED] - Statement - PreSaveFile = new java.io.File(((pathPrefix + java.lang.Integer.toString(counter)) + .png)): null

2018-12-12 13:31:42 - [TEST_STEP][PASSED] - Statement - counter = counter + 1: null

2018-12-12 13:31:42 - [TEST_STEP][PASSED] - Statement - PreSaveFile = new java.io.File(((pathPrefix + java.lang.Integer.toString(counter)) + .png)): null

2018-12-12 13:31:42 - [TEST_STEP][PASSED] - Statement - counter = counter + 1: null

2018-12-12 13:31:42 - [TEST_STEP][PASSED] - Statement - PreSaveFile = new java.io.File(((pathPrefix + java.lang.Integer.toString(counter)) + .png)): null

2018-12-12 13:31:42 - [TEST_STEP][PASSED] - Statement - counter = counter + 1: null

2018-12-12 13:31:42 - [TEST_STEP][PASSED] - Statement - PreSaveFile = new java.io.File(((pathPrefix + java.lang.Integer.toString(counter)) + .png)): null

2018-12-12 13:31:42 - [TEST_STEP][PASSED] - Statement - counter = counter + 1: null

2018-12-12 13:31:42 - [TEST_STEP][PASSED] - Statement - PreSaveFile = new java.io.File(((pathPrefix + java.lang.Integer.toString(counter)) + .png)): null

2018-12-12 13:31:42 - [TEST_STEP][PASSED] - Statement - counter = counter + 1: null

2018-12-12 13:31:42 - [TEST_STEP][PASSED] - Statement - PreSaveFile = new java.io.File(((pathPrefix + java.lang.Integer.toString(counter)) + .png)): null

2018-12-12 13:31:42 - [TEST_STEP][PASSED] - Statement - counter = counter + 1: null

2018-12-12 13:31:42 - [TEST_STEP][PASSED] - Statement - PreSaveFile = new java.io.File(((pathPrefix + java.lang.Integer.toString(counter)) + .png)): null

2018-12-12 13:31:42 - [TEST_STEP][PASSED] - Statement - counter = counter + 1: null

2018-12-12 13:31:42 - [TEST_STEP][PASSED] - Statement - PreSaveFile = new java.io.File(((pathPrefix + java.lang.Integer.toString(counter)) + .png)): null

2018-12-12 13:31:42 - [TEST_STEP][PASSED] - Statement - counter = counter + 1: null

2018-12-12 13:31:42 - [TEST_STEP][PASSED] - Statement - PreSaveFile = new java.io.File(((pathPrefix + java.lang.Integer.toString(counter)) + .png)): null

2018-12-12 13:31:42 - [TEST_STEP][PASSED] - Statement - counter = counter + 1: null

2018-12-12 13:31:42 - [TEST_STEP][PASSED] - Statement - PreSaveFile = new java.io.File(((pathPrefix + java.lang.Integer.toString(counter)) + .png)): null

2018-12-12 13:31:42 - [TEST_STEP][PASSED] - Statement - counter = counter + 1: null

2018-12-12 13:31:42 - [TEST_STEP][PASSED] - Statement - PreSaveFile = new java.io.File(((pathPrefix + java.lang.Integer.toString(counter)) + .png)): null

2018-12-12 13:31:42 - [TEST_STEP][PASSED] - Statement - counter = counter + 1: null

2018-12-12 13:31:42 - [TEST_STEP][PASSED] - Statement - PreSaveFile = new java.io.File(((pathPrefix + java.lang.Integer.toString(counter)) + .png)): null

2018-12-12 13:31:42 - [TEST_STEP][PASSED] - Statement - counter = counter + 1: null

2018-12-12 13:31:42 - [TEST_STEP][PASSED] - Statement - PreSaveFile = new java.io.File(((pathPrefix + java.lang.Integer.toString(counter)) + .png)): null

2018-12-12 13:31:42 - [TEST_STEP][PASSED] - Statement - counter = counter + 1: null

2018-12-12 13:31:42 - [TEST_STEP][PASSED] - Statement - PreSaveFile = new java.io.File(((pathPrefix + java.lang.Integer.toString(counter)) + .png)): null

2018-12-12 13:31:42 - [TEST_STEP][PASSED] - Statement - counter = counter + 1: null

2018-12-12 13:31:42 - [TEST_STEP][PASSED] - Statement - PreSaveFile = new java.io.File(((pathPrefix + java.lang.Integer.toString(counter)) + .png)): null

2018-12-12 13:31:42 - [TEST_STEP][PASSED] - Statement - counter = counter + 1: null

2018-12-12 13:31:42 - [TEST_STEP][PASSED] - Statement - PreSaveFile = new java.io.File(((pathPrefix + java.lang.Integer.toString(counter)) + .png)): null

2018-12-12 13:31:42 - [TEST_STEP][PASSED] - Statement - counter = counter + 1: null

2018-12-12 13:31:42 - [TEST_STEP][PASSED] - Statement - PreSaveFile = new java.io.File(((pathPrefix + java.lang.Integer.toString(counter)) + .png)): null

2018-12-12 13:31:42 - [TEST_STEP][PASSED] - Statement - counter = counter + 1: null

2018-12-12 13:31:42 - [TEST_STEP][PASSED] - Statement - PreSaveFile = new java.io.File(((pathPrefix + java.lang.Integer.toString(counter)) + .png)): null

2018-12-12 13:31:42 - [TEST_STEP][PASSED] - Statement - counter = counter + 1: null

2018-12-12 13:31:42 - [TEST_STEP][PASSED] - Statement - PreSaveFile = new java.io.File(((pathPrefix + java.lang.Integer.toString(counter)) + .png)): null

2018-12-12 13:31:42 - [TEST_STEP][PASSED] - Statement - finalPath = pathPrefix + java.lang.Integer.toString(counter) + ".png": null

2018-12-12 13:31:42 - [TEST_STEP][PASSED] - Statement - SaveFile = new java.io.File(finalPath): null

2018-12-12 13:31:42 - [TEST_STEP][PASSED] - Statement - Try: null

2018-12-12 13:31:42 - [TEST_STEP][PASSED] - Statement - org.apache.commons.io.FileUtils.copyFile(scrFile, SaveFile): null

2018-12-12 13:31:42 - [TEST_STEP][PASSED] - Statement - out.println("file kept"): null

2018-12-12 13:31:42 - [TEST_STEP][PASSED] - delay: Delayed 10 second(s)

2018-12-12 13:31:52 - [MESSAGE][PASSED] - Delayed 10 second(s)

2018-12-12 13:31:52 - [MESSAGE][PASSED] - Call Test Case 'Test Cases/Final Aug 2018 - PKS Automation/Common/Screenshoting tool' successfully

2018-12-12 13:31:52 - [TEST_STEP][PASSED] - callTestCase: Call Test Case 'Test Cases/Final Aug 2018 - PKS Automation/Registration Module/Log Out/log out avoiding katalon tagging' successfully

2018-12-12 13:31:52 - [TEST_CASE][PASSED] - Test Cases/Final Aug 2018 - PKS Automation/Registration Module/Log Out/log out avoiding katalon tagging: Test Cases/Final Aug 2018 - PKS Automation/Registration Module/Log Out/log out avoiding katalon tagging

2018-12-12 13:31:52 - [TEST_STEP][PASSED] - navigateToUrl: Navigate to 'https://assist2-uat.perkeso.gov.my/c/portal/logout' successfully

2018-12-12 13:31:53 - [MESSAGE][PASSED] - Navigate to 'https://assist2-uat.perkeso.gov.my/c/portal/logout' successfully

2018-12-12 13:31:53 - [MESSAGE][PASSED] - Call Test Case 'Test Cases/Final Aug 2018 - PKS Automation/Registration Module/Log Out/log out avoiding katalon tagging' successfully

2018-12-12 13:31:53 - [TEST_STEP][PASSED] - delay: Delayed 2 second(s)

2018-12-12 13:31:55 - [MESSAGE][PASSED] - Delayed 2 second(s)

2018-12-12 13:31:55 - [TEST_STEP][PASSED] - setText: Text 'johorro1@gmail.com' is set on object 'Object Repository/Final Object Repo/New Registration - Registration Module Pages/New Reg - OTC to RO/Special Case - All Related Objects/Email TextBox'

2018-12-12 13:31:55 - [MESSAGE][PASSED] - Text 'johorro1@gmail.com' is set on object 'Object Repository/Final Object Repo/New Registration - Registration Module Pages/New Reg - OTC to RO/Special Case - All Related Objects/Email TextBox'

2018-12-12 13:31:55 - [TEST_STEP][PASSED] - click: Object: 'Object Repository/Final Object Repo/New Registration - Registration Module Pages/New Reg - OTC to RO/Special Case - All Related Objects/Next Button' is clicked on

2018-12-12 13:31:56 - [MESSAGE][PASSED] - Object: 'Object Repository/Final Object Repo/New Registration - Registration Module Pages/New Reg - OTC to RO/Special Case - All Related Objects/Next Button' is clicked on

2018-12-12 13:31:56 - [TEST_STEP][PASSED] - delay: Delayed 2 second(s)

2018-12-12 13:31:58 - [MESSAGE][PASSED] - Delayed 2 second(s)

2018-12-12 13:31:58 - [TEST_STEP][PASSED] - setText: Text 'Test1@3456789' is set on object 'Object Repository/Final Object Repo/New Registration - Registration Module Pages/New Reg - OTC to RO/Special Case - All Related Objects/Password TextBox'

2018-12-12 13:31:58 - [MESSAGE][PASSED] - Text 'Test1@3456789' is set on object 'Object Repository/Final Object Repo/New Registration - Registration Module Pages/New Reg - OTC to RO/Special Case - All Related Objects/Password TextBox'

2018-12-12 13:31:58 - [TEST_STEP][PASSED] - delay: Delayed 2 second(s)

2018-12-12 13:32:00 - [MESSAGE][PASSED] - Delayed 2 second(s)

2018-12-12 13:32:00 - [TEST_STEP][PASSED] - click: Object: 'Object Repository/Final Object Repo/New Registration - Registration Module Pages/New Reg - OTC to RO/Special Case - All Related Objects/Login Button' is clicked on

2018-12-12 13:32:00 - [MESSAGE][PASSED] - Object: 'Object Repository/Final Object Repo/New Registration - Registration Module Pages/New Reg - OTC to RO/Special Case - All Related Objects/Login Button' is clicked on

2018-12-12 13:32:00 - [TEST_STEP][PASSED] - delay: Delayed 2 second(s)

2018-12-12 13:32:02 - [MESSAGE][PASSED] - Delayed 2 second(s)

2018-12-12 13:32:02 - [TEST_STEP][PASSED] - Statement - Try: null

2018-12-12 13:32:02 - [TEST_STEP][PASSED] - Statement - Checker = com.kms.katalon.core.webui.keyword.WebUiBuiltInKeywords.verifyElementNotPresent("Final Object Repo/Landing Page/Select to English", 3): null

2018-12-12 13:32:02 - [TEST_STEP][PASSED] - Statement - Catch (Exception e): null

2018-12-12 13:32:02 - [TEST_STEP][PASSED] - Statement - e.printStackTrace(): null

2018-12-12 13:32:02 - [TEST_STEP][PASSED] - click: Object: 'Object Repository/Final Object Repo/New Registration - Registration Module Pages/New Reg - OTC to RO/Special Case - All Related Objects/Expand to Search' is clicked on

2018-12-12 13:32:02 - [MESSAGE][PASSED] - Object: 'Object Repository/Final Object Repo/New Registration - Registration Module Pages/New Reg - OTC to RO/Special Case - All Related Objects/Expand to Search' is clicked on

2018-12-12 13:32:02 - [TEST_STEP][PASSED] - setText: Text 'CRN12201800123197' is set on object 'Object Repository/Final Object Repo/New Registration - Registration Module Pages/New Reg - OTC to RO/Special Case - All Related Objects/TextBox RefNo in Workbasket'

2018-12-12 13:32:03 - [MESSAGE][PASSED] - Text 'CRN12201800123197' is set on object 'Object Repository/Final Object Repo/New Registration - Registration Module Pages/New Reg - OTC to RO/Special Case - All Related Objects/TextBox RefNo in Workbasket'

2018-12-12 13:32:03 - [TEST_STEP][PASSED] - delay: Delayed 2 second(s)

2018-12-12 13:32:05 - [MESSAGE][PASSED] - Delayed 2 second(s)

2018-12-12 13:32:05 - [TEST_STEP][PASSED] - click: Object: 'Object Repository/Final Object Repo/New Registration - Registration Module Pages/New Reg - OTC to RO/Special Case - All Related Objects/Click Search' is clicked on

2018-12-12 13:32:05 - [MESSAGE][PASSED] - Object: 'Object Repository/Final Object Repo/New Registration - Registration Module Pages/New Reg - OTC to RO/Special Case - All Related Objects/Click Search' is clicked on

2018-12-12 13:32:05 - [TEST_STEP][PASSED] - delay: Delayed 2 second(s)

2018-12-12 13:32:07 - [MESSAGE][PASSED] - Delayed 2 second(s)

2018-12-12 13:32:07 - [TEST_STEP][PASSED] - click: Object: 'Object Repository/Final Object Repo/New Registration - Registration Module Pages/New Reg - OTC to RO/Special Case - All Related Objects/Click to Continue Workflow' is clicked on

2018-12-12 13:32:10 - [MESSAGE][PASSED] - Object: 'Object Repository/Final Object Repo/New Registration - Registration Module Pages/New Reg - OTC to RO/Special Case - All Related Objects/Click to Continue Workflow' is clicked on

2018-12-12 13:32:10 - [TEST_STEP][PASSED] - delay: Delayed 2 second(s)

2018-12-12 13:32:12 - [MESSAGE][PASSED] - Delayed 2 second(s)

2018-12-12 13:32:12 - [TEST_STEP][PASSED] - click: Object: 'Object Repository/Final Object Repo/New Registration - Registration Module Pages/New Reg - OTC to RO/Special Case - All Related Objects/Continue Button in verifying case' is clicked on

2018-12-12 13:32:14 - [MESSAGE][PASSED] - Object: 'Object Repository/Final Object Repo/New Registration - Registration Module Pages/New Reg - OTC to RO/Special Case - All Related Objects/Continue Button in verifying case' is clicked on

2018-12-12 13:32:14 - [TEST_STEP][PASSED] - delay: Delayed 2 second(s)

2018-12-12 13:32:16 - [MESSAGE][PASSED] - Delayed 2 second(s)

2018-12-12 13:32:16 - [TEST_STEP][PASSED] - click: Object: 'Object Repository/Final Object Repo/New Registration - Registration Module Pages/Form 1/Registered As a Branch - Yes' is clicked on

2018-12-12 13:32:16 - [MESSAGE][PASSED] - Object: 'Object Repository/Final Object Repo/New Registration - Registration Module Pages/Form 1/Registered As a Branch - Yes' is clicked on

2018-12-12 13:32:16 - [TEST_STEP][PASSED] - delay: Delayed 2 second(s)

2018-12-12 13:32:18 - [MESSAGE][PASSED] - Delayed 2 second(s)

2018-12-12 13:32:18 - [TEST_STEP][PASSED] - click: Object: 'Object Repository/Final Object Repo/New Registration - Registration Module Pages/New Reg - OTC to RO/Special Case - All Related Objects/Form 1 Save n Continue' is clicked on

2018-12-12 13:32:18 - [MESSAGE][PASSED] - Object: 'Object Repository/Final Object Repo/New Registration - Registration Module Pages/New Reg - OTC to RO/Special Case - All Related Objects/Form 1 Save n Continue' is clicked on

2018-12-12 13:32:18 - [TEST_STEP][PASSED] - delay: Delayed 2 second(s)

2018-12-12 13:32:20 - [MESSAGE][PASSED] - Delayed 2 second(s)

2018-12-12 13:32:20 - [TEST_STEP][PASSED] - click: Object: 'Object Repository/Final Object Repo/New Registration - Registration Module Pages/New Reg - OTC to RO/Special Case - All Related Objects/Form 2 Save n Continue' is clicked on

2018-12-12 13:32:20 - [MESSAGE][PASSED] - Object: 'Object Repository/Final Object Repo/New Registration - Registration Module Pages/New Reg - OTC to RO/Special Case - All Related Objects/Form 2 Save n Continue' is clicked on

2018-12-12 13:32:20 - [TEST_STEP][PASSED] - delay: Delayed 2 second(s)

2018-12-12 13:32:22 - [MESSAGE][PASSED] - Delayed 2 second(s)

2018-12-12 13:32:22 - [TEST_STEP][PASSED] - click: Object: 'Object Repository/Final Object Repo/New Registration - Registration Module Pages/New Reg - OTC to RO/Special Case - All Related Objects/Third Screen Save n Continue' is clicked on

2018-12-12 13:32:28 - [MESSAGE][PASSED] - Object: 'Object Repository/Final Object Repo/New Registration - Registration Module Pages/New Reg - OTC to RO/Special Case - All Related Objects/Third Screen Save n Continue' is clicked on

2018-12-12 13:32:28 - [TEST_STEP][PASSED] - delay: Delayed 5 second(s)

2018-12-12 13:32:33 - [MESSAGE][PASSED] - Delayed 5 second(s)

2018-12-12 13:32:33 - [TEST_STEP][PASSED] - click: Object: 'Object Repository/Final Object Repo/New Registration - Registration Module Pages/New Reg - OTC to RO/Special Case - All Related Objects/Upload Doc Page Save n Continue' is clicked on

2018-12-12 13:32:33 - [MESSAGE][PASSED] - Object: 'Object Repository/Final Object Repo/New Registration - Registration Module Pages/New Reg - OTC to RO/Special Case - All Related Objects/Upload Doc Page Save n Continue' is clicked on

2018-12-12 13:32:33 - [TEST_STEP][PASSED] - delay: Delayed 5 second(s)

2018-12-12 13:32:38 - [MESSAGE][PASSED] - Delayed 5 second(s)

2018-12-12 13:32:38 - [TEST_STEP][PASSED] - callTestCase: Call Test Case 'Test Cases/Final Aug 2018 - PKS Automation/Registration Module/New Registration/Submit and Screenshot/Submit Registration and Screenshot' successfully

2018-12-12 13:32:38 - [TEST_CASE][PASSED] - Test Cases/Final Aug 2018 - PKS Automation/Registration Module/New Registration/Submit and Screenshot/Submit Registration and Screenshot: Test Cases/Final Aug 2018 - PKS Automation/Registration Module/New Registration/Submit and Screenshot/Submit Registration and Screenshot

2018-12-12 13:32:38 - [TEST_STEP][PASSED] - delay: Delayed 6 second(s)

2018-12-12 13:32:44 - [MESSAGE][PASSED] - Delayed 6 second(s)

2018-12-12 13:32:44 - [TEST_STEP][PASSED] - click: Object: 'Object Repository/Final Object Repo/New Registration - Registration Module Pages/Third Screen - Upload Supporting Doc- Preview/Preview Submit Button' is clicked on

2018-12-12 13:32:44 - [MESSAGE][PASSED] - Object: 'Object Repository/Final Object Repo/New Registration - Registration Module Pages/Third Screen - Upload Supporting Doc- Preview/Preview Submit Button' is clicked on

2018-12-12 13:32:44 - [TEST_STEP][PASSED] - delay: Delayed 2 second(s)

2018-12-12 13:32:46 - [MESSAGE][PASSED] - Delayed 2 second(s)

2018-12-12 13:32:46 - [TEST_STEP][PASSED] - click: Object: 'Object Repository/Final Object Repo/New Registration - Registration Module Pages/Third Screen - Upload Supporting Doc- Preview/Preview Submit - Confirm' is clicked on

2018-12-12 13:32:46 - [MESSAGE][PASSED] - Object: 'Object Repository/Final Object Repo/New Registration - Registration Module Pages/Third Screen - Upload Supporting Doc- Preview/Preview Submit - Confirm' is clicked on

2018-12-12 13:32:46 - [TEST_STEP][PASSED] - delay: Delayed 15 second(s)

2018-12-12 13:33:01 - [MESSAGE][PASSED] - Delayed 15 second(s)

2018-12-12 13:33:01 - [TEST_STEP][PASSED] - Statement - driver = com.kms.katalon.core.webui.driver.DriverFactory.getWebDriver(): null

2018-12-12 13:33:01 - [TEST_STEP][PASSED] - Statement - driver.manage().timeouts().implicitlyWait(10, SECONDS): null

2018-12-12 13:33:01 - [TEST_STEP][PASSED] - Statement - PresavePath = KatalonScreenshots: null

2018-12-12 13:33:01 - [TEST_STEP][PASSED] - Statement - pathPrefix = "C:\Users\Public\Pictures\Sample Pictures\Katalon Screenshots\Automate Ending Screen": null

2018-12-12 13:33:01 - [TEST_STEP][PASSED] - Statement - finalPath = <not implemented yet for class: org.codehaus.groovy.ast.expr.EmptyExpression>: null

2018-12-12 13:33:01 - [TEST_STEP][PASSED] - Statement - scrFile = driver.getScreenshotAs(FILE): null

2018-12-12 13:33:02 - [TEST_STEP][PASSED] - Statement - PreSaveFile = new java.io.File(PresavePath): null

2018-12-12 13:33:02 - [TEST_STEP][PASSED] - Statement - counter = 0: null

2018-12-12 13:33:02 - [TEST_STEP][PASSED] - Statement - If (PreSaveFile.exists()): null

2018-12-12 13:33:02 - [TEST_STEP][PASSED] - Statement - While (PreSaveFile.exists()): null

2018-12-12 13:33:02 - [TEST_STEP][PASSED] - Statement - counter = counter + 1: null

2018-12-12 13:33:02 - [TEST_STEP][PASSED] - Statement - PreSaveFile = new java.io.File(((pathPrefix + java.lang.Integer.toString(counter)) + .png)): null

2018-12-12 13:33:02 - [TEST_STEP][PASSED] - Statement - counter = counter + 1: null

2018-12-12 13:33:02 - [TEST_STEP][PASSED] - Statement - PreSaveFile = new java.io.File(((pathPrefix + java.lang.Integer.toString(counter)) + .png)): null

2018-12-12 13:33:02 - [TEST_STEP][PASSED] - Statement - counter = counter + 1: null

2018-12-12 13:33:02 - [TEST_STEP][PASSED] - Statement - PreSaveFile = new java.io.File(((pathPrefix + java.lang.Integer.toString(counter)) + .png)): null

2018-12-12 13:33:02 - [TEST_STEP][PASSED] - Statement - counter = counter + 1: null

2018-12-12 13:33:02 - [TEST_STEP][PASSED] - Statement - PreSaveFile = new java.io.File(((pathPrefix + java.lang.Integer.toString(counter)) + .png)): null

2018-12-12 13:33:02 - [TEST_STEP][PASSED] - Statement - counter = counter + 1: null

2018-12-12 13:33:02 - [TEST_STEP][PASSED] - Statement - PreSaveFile = new java.io.File(((pathPrefix + java.lang.Integer.toString(counter)) + .png)): null

2018-12-12 13:33:02 - [TEST_STEP][PASSED] - Statement - counter = counter + 1: null

2018-12-12 13:33:02 - [TEST_STEP][PASSED] - Statement - PreSaveFile = new java.io.File(((pathPrefix + java.lang.Integer.toString(counter)) + .png)): null

2018-12-12 13:33:02 - [TEST_STEP][PASSED] - Statement - counter = counter + 1: null

2018-12-12 13:33:02 - [TEST_STEP][PASSED] - Statement - PreSaveFile = new java.io.File(((pathPrefix + java.lang.Integer.toString(counter)) + .png)): null

2018-12-12 13:33:02 - [TEST_STEP][PASSED] - Statement - counter = counter + 1: null

2018-12-12 13:33:02 - [TEST_STEP][PASSED] - Statement - PreSaveFile = new java.io.File(((pathPrefix + java.lang.Integer.toString(counter)) + .png)): null

2018-12-12 13:33:02 - [TEST_STEP][PASSED] - Statement - counter = counter + 1: null

2018-12-12 13:33:02 - [TEST_STEP][PASSED] - Statement - PreSaveFile = new java.io.File(((pathPrefix + java.lang.Integer.toString(counter)) + .png)): null

2018-12-12 13:33:02 - [TEST_STEP][PASSED] - Statement - counter = counter + 1: null

2018-12-12 13:33:02 - [TEST_STEP][PASSED] - Statement - PreSaveFile = new java.io.File(((pathPrefix + java.lang.Integer.toString(counter)) + .png)): null

2018-12-12 13:33:02 - [TEST_STEP][PASSED] - Statement - counter = counter + 1: null

2018-12-12 13:33:02 - [TEST_STEP][PASSED] - Statement - PreSaveFile = new java.io.File(((pathPrefix + java.lang.Integer.toString(counter)) + .png)): null

2018-12-12 13:33:02 - [TEST_STEP][PASSED] - Statement - counter = counter + 1: null

2018-12-12 13:33:02 - [TEST_STEP][PASSED] - Statement - PreSaveFile = new java.io.File(((pathPrefix + java.lang.Integer.toString(counter)) + .png)): null

2018-12-12 13:33:02 - [TEST_STEP][PASSED] - Statement - counter = counter + 1: null

2018-12-12 13:33:02 - [TEST_STEP][PASSED] - Statement - PreSaveFile = new java.io.File(((pathPrefix + java.lang.Integer.toString(counter)) + .png)): null

2018-12-12 13:33:02 - [TEST_STEP][PASSED] - Statement - counter = counter + 1: null

2018-12-12 13:33:02 - [TEST_STEP][PASSED] - Statement - PreSaveFile = new java.io.File(((pathPrefix + java.lang.Integer.toString(counter)) + .png)): null

2018-12-12 13:33:02 - [TEST_STEP][PASSED] - Statement - counter = counter + 1: null

2018-12-12 13:33:02 - [TEST_STEP][PASSED] - Statement - PreSaveFile = new java.io.File(((pathPrefix + java.lang.Integer.toString(counter)) + .png)): null

2018-12-12 13:33:02 - [TEST_STEP][PASSED] - Statement - counter = counter + 1: null

2018-12-12 13:33:02 - [TEST_STEP][PASSED] - Statement - PreSaveFile = new java.io.File(((pathPrefix + java.lang.Integer.toString(counter)) + .png)): null

2018-12-12 13:33:02 - [TEST_STEP][PASSED] - Statement - counter = counter + 1: null

2018-12-12 13:33:02 - [TEST_STEP][PASSED] - Statement - PreSaveFile = new java.io.File(((pathPrefix + java.lang.Integer.toString(counter)) + .png)): null

2018-12-12 13:33:02 - [TEST_STEP][PASSED] - Statement - counter = counter + 1: null

2018-12-12 13:33:02 - [TEST_STEP][PASSED] - Statement - PreSaveFile = new java.io.File(((pathPrefix + java.lang.Integer.toString(counter)) + .png)): null

2018-12-12 13:33:02 - [TEST_STEP][PASSED] - Statement - counter = counter + 1: null

2018-12-12 13:33:02 - [TEST_STEP][PASSED] - Statement - PreSaveFile = new java.io.File(((pathPrefix + java.lang.Integer.toString(counter)) + .png)): null

2018-12-12 13:33:02 - [TEST_STEP][PASSED] - Statement - counter = counter + 1: null

2018-12-12 13:33:02 - [TEST_STEP][PASSED] - Statement - PreSaveFile = new java.io.File(((pathPrefix + java.lang.Integer.toString(counter)) + .png)): null

2018-12-12 13:33:02 - [TEST_STEP][PASSED] - Statement - counter = counter + 1: null

2018-12-12 13:33:02 - [TEST_STEP][PASSED] - Statement - PreSaveFile = new java.io.File(((pathPrefix + java.lang.Integer.toString(counter)) + .png)): null

2018-12-12 13:33:02 - [TEST_STEP][PASSED] - Statement - counter = counter + 1: null

2018-12-12 13:33:02 - [TEST_STEP][PASSED] - Statement - PreSaveFile = new java.io.File(((pathPrefix + java.lang.Integer.toString(counter)) + .png)): null

2018-12-12 13:33:02 - [TEST_STEP][PASSED] - Statement - counter = counter + 1: null

2018-12-12 13:33:02 - [TEST_STEP][PASSED] - Statement - PreSaveFile = new java.io.File(((pathPrefix + java.lang.Integer.toString(counter)) + .png)): null

2018-12-12 13:33:02 - [TEST_STEP][PASSED] - Statement - counter = counter + 1: null

2018-12-12 13:33:02 - [TEST_STEP][PASSED] - Statement - PreSaveFile = new java.io.File(((pathPrefix + java.lang.Integer.toString(counter)) + .png)): null

2018-12-12 13:33:02 - [TEST_STEP][PASSED] - Statement - counter = counter + 1: null

2018-12-12 13:33:02 - [TEST_STEP][PASSED] - Statement - PreSaveFile = new java.io.File(((pathPrefix + java.lang.Integer.toString(counter)) + .png)): null

2018-12-12 13:33:02 - [TEST_STEP][PASSED] - Statement - counter = counter + 1: null

2018-12-12 13:33:02 - [TEST_STEP][PASSED] - Statement - PreSaveFile = new java.io.File(((pathPrefix + java.lang.Integer.toString(counter)) + .png)): null

2018-12-12 13:33:02 - [TEST_STEP][PASSED] - Statement - counter = counter + 1: null

2018-12-12 13:33:02 - [TEST_STEP][PASSED] - Statement - PreSaveFile = new java.io.File(((pathPrefix + java.lang.Integer.toString(counter)) + .png)): null

2018-12-12 13:33:02 - [TEST_STEP][PASSED] - Statement - counter = counter + 1: null

2018-12-12 13:33:02 - [TEST_STEP][PASSED] - Statement - PreSaveFile = new java.io.File(((pathPrefix + java.lang.Integer.toString(counter)) + .png)): null

2018-12-12 13:33:02 - [TEST_STEP][PASSED] - Statement - counter = counter + 1: null

2018-12-12 13:33:02 - [TEST_STEP][PASSED] - Statement - PreSaveFile = new java.io.File(((pathPrefix + java.lang.Integer.toString(counter)) + .png)): null

2018-12-12 13:33:02 - [TEST_STEP][PASSED] - Statement - counter = counter + 1: null

2018-12-12 13:33:02 - [TEST_STEP][PASSED] - Statement - PreSaveFile = new java.io.File(((pathPrefix + java.lang.Integer.toString(counter)) + .png)): null

2018-12-12 13:33:02 - [TEST_STEP][PASSED] - Statement - counter = counter + 1: null

2018-12-12 13:33:02 - [TEST_STEP][PASSED] - Statement - PreSaveFile = new java.io.File(((pathPrefix + java.lang.Integer.toString(counter)) + .png)): null

2018-12-12 13:33:02 - [TEST_STEP][PASSED] - Statement - counter = counter + 1: null

2018-12-12 13:33:02 - [TEST_STEP][PASSED] - Statement - PreSaveFile = new java.io.File(((pathPrefix + java.lang.Integer.toString(counter)) + .png)): null

2018-12-12 13:33:02 - [TEST_STEP][PASSED] - Statement - counter = counter + 1: null

2018-12-12 13:33:02 - [TEST_STEP][PASSED] - Statement - PreSaveFile = new java.io.File(((pathPrefix + java.lang.Integer.toString(counter)) + .png)): null

2018-12-12 13:33:02 - [TEST_STEP][PASSED] - Statement - counter = counter + 1: null

2018-12-12 13:33:02 - [TEST_STEP][PASSED] - Statement - PreSaveFile = new java.io.File(((pathPrefix + java.lang.Integer.toString(counter)) + .png)): null

2018-12-12 13:33:02 - [TEST_STEP][PASSED] - Statement - counter = counter + 1: null

2018-12-12 13:33:02 - [TEST_STEP][PASSED] - Statement - PreSaveFile = new java.io.File(((pathPrefix + java.lang.Integer.toString(counter)) + .png)): null

2018-12-12 13:33:02 - [TEST_STEP][PASSED] - Statement - counter = counter + 1: null

2018-12-12 13:33:02 - [TEST_STEP][PASSED] - Statement - PreSaveFile = new java.io.File(((pathPrefix + java.lang.Integer.toString(counter)) + .png)): null

2018-12-12 13:33:02 - [TEST_STEP][PASSED] - Statement - counter = counter + 1: null

2018-12-12 13:33:02 - [TEST_STEP][PASSED] - Statement - PreSaveFile = new java.io.File(((pathPrefix + java.lang.Integer.toString(counter)) + .png)): null

2018-12-12 13:33:02 - [TEST_STEP][PASSED] - Statement - counter = counter + 1: null

2018-12-12 13:33:02 - [TEST_STEP][PASSED] - Statement - PreSaveFile = new java.io.File(((pathPrefix + java.lang.Integer.toString(counter)) + .png)): null

2018-12-12 13:33:02 - [TEST_STEP][PASSED] - Statement - counter = counter + 1: null

2018-12-12 13:33:02 - [TEST_STEP][PASSED] - Statement - PreSaveFile = new java.io.File(((pathPrefix + java.lang.Integer.toString(counter)) + .png)): null

2018-12-12 13:33:02 - [TEST_STEP][PASSED] - Statement - counter = counter + 1: null

2018-12-12 13:33:02 - [TEST_STEP][PASSED] - Statement - PreSaveFile = new java.io.File(((pathPrefix + java.lang.Integer.toString(counter)) + .png)): null

2018-12-12 13:33:02 - [TEST_STEP][PASSED] - Statement - counter = counter + 1: null

2018-12-12 13:33:02 - [TEST_STEP][PASSED] - Statement - PreSaveFile = new java.io.File(((pathPrefix + java.lang.Integer.toString(counter)) + .png)): null

2018-12-12 13:33:02 - [TEST_STEP][PASSED] - Statement - counter = counter + 1: null

2018-12-12 13:33:02 - [TEST_STEP][PASSED] - Statement - PreSaveFile = new java.io.File(((pathPrefix + java.lang.Integer.toString(counter)) + .png)): null

2018-12-12 13:33:02 - [TEST_STEP][PASSED] - Statement - counter = counter + 1: null

2018-12-12 13:33:02 - [TEST_STEP][PASSED] - Statement - PreSaveFile = new java.io.File(((pathPrefix + java.lang.Integer.toString(counter)) + .png)): null

2018-12-12 13:33:02 - [TEST_STEP][PASSED] - Statement - counter = counter + 1: null

2018-12-12 13:33:02 - [TEST_STEP][PASSED] - Statement - PreSaveFile = new java.io.File(((pathPrefix + java.lang.Integer.toString(counter)) + .png)): null

2018-12-12 13:33:02 - [TEST_STEP][PASSED] - Statement - counter = counter + 1: null

2018-12-12 13:33:02 - [TEST_STEP][PASSED] - Statement - PreSaveFile = new java.io.File(((pathPrefix + java.lang.Integer.toString(counter)) + .png)): null

2018-12-12 13:33:02 - [TEST_STEP][PASSED] - Statement - counter = counter + 1: null

2018-12-12 13:33:02 - [TEST_STEP][PASSED] - Statement - PreSaveFile = new java.io.File(((pathPrefix + java.lang.Integer.toString(counter)) + .png)): null

2018-12-12 13:33:02 - [TEST_STEP][PASSED] - Statement - counter = counter + 1: null

2018-12-12 13:33:02 - [TEST_STEP][PASSED] - Statement - PreSaveFile = new java.io.File(((pathPrefix + java.lang.Integer.toString(counter)) + .png)): null

2018-12-12 13:33:02 - [TEST_STEP][PASSED] - Statement - counter = counter + 1: null

2018-12-12 13:33:02 - [TEST_STEP][PASSED] - Statement - PreSaveFile = new java.io.File(((pathPrefix + java.lang.Integer.toString(counter)) + .png)): null

2018-12-12 13:33:02 - [TEST_STEP][PASSED] - Statement - counter = counter + 1: null

2018-12-12 13:33:02 - [TEST_STEP][PASSED] - Statement - PreSaveFile = new java.io.File(((pathPrefix + java.lang.Integer.toString(counter)) + .png)): null

2018-12-12 13:33:02 - [TEST_STEP][PASSED] - Statement - counter = counter + 1: null

2018-12-12 13:33:02 - [TEST_STEP][PASSED] - Statement - PreSaveFile = new java.io.File(((pathPrefix + java.lang.Integer.toString(counter)) + .png)): null

2018-12-12 13:33:02 - [TEST_STEP][PASSED] - Statement - counter = counter + 1: null

2018-12-12 13:33:02 - [TEST_STEP][PASSED] - Statement - PreSaveFile = new java.io.File(((pathPrefix + java.lang.Integer.toString(counter)) + .png)): null

2018-12-12 13:33:02 - [TEST_STEP][PASSED] - Statement - counter = counter + 1: null

2018-12-12 13:33:02 - [TEST_STEP][PASSED] - Statement - PreSaveFile = new java.io.File(((pathPrefix + java.lang.Integer.toString(counter)) + .png)): null

2018-12-12 13:33:02 - [TEST_STEP][PASSED] - Statement - counter = counter + 1: null

2018-12-12 13:33:02 - [TEST_STEP][PASSED] - Statement - PreSaveFile = new java.io.File(((pathPrefix + java.lang.Integer.toString(counter)) + .png)): null

2018-12-12 13:33:02 - [TEST_STEP][PASSED] - Statement - counter = counter + 1: null

2018-12-12 13:33:02 - [TEST_STEP][PASSED] - Statement - PreSaveFile = new java.io.File(((pathPrefix + java.lang.Integer.toString(counter)) + .png)): null

2018-12-12 13:33:02 - [TEST_STEP][PASSED] - Statement - counter = counter + 1: null

2018-12-12 13:33:02 - [TEST_STEP][PASSED] - Statement - PreSaveFile = new java.io.File(((pathPrefix + java.lang.Integer.toString(counter)) + .png)): null

2018-12-12 13:33:02 - [TEST_STEP][PASSED] - Statement - counter = counter + 1: null

2018-12-12 13:33:02 - [TEST_STEP][PASSED] - Statement - PreSaveFile = new java.io.File(((pathPrefix + java.lang.Integer.toString(counter)) + .png)): null

2018-12-12 13:33:02 - [TEST_STEP][PASSED] - Statement - counter = counter + 1: null

2018-12-12 13:33:02 - [TEST_STEP][PASSED] - Statement - PreSaveFile = new java.io.File(((pathPrefix + java.lang.Integer.toString(counter)) + .png)): null

2018-12-12 13:33:02 - [TEST_STEP][PASSED] - Statement - counter = counter + 1: null

2018-12-12 13:33:02 - [TEST_STEP][PASSED] - Statement - PreSaveFile = new java.io.File(((pathPrefix + java.lang.Integer.toString(counter)) + .png)): null

2018-12-12 13:33:02 - [TEST_STEP][PASSED] - Statement - counter = counter + 1: null

2018-12-12 13:33:02 - [TEST_STEP][PASSED] - Statement - PreSaveFile = new java.io.File(((pathPrefix + java.lang.Integer.toString(counter)) + .png)): null

2018-12-12 13:33:02 - [TEST_STEP][PASSED] - Statement - counter = counter + 1: null

2018-12-12 13:33:02 - [TEST_STEP][PASSED] - Statement - PreSaveFile = new java.io.File(((pathPrefix + java.lang.Integer.toString(counter)) + .png)): null

2018-12-12 13:33:02 - [TEST_STEP][PASSED] - Statement - counter = counter + 1: null

2018-12-12 13:33:02 - [TEST_STEP][PASSED] - Statement - PreSaveFile = new java.io.File(((pathPrefix + java.lang.Integer.toString(counter)) + .png)): null

2018-12-12 13:33:02 - [TEST_STEP][PASSED] - Statement - counter = counter + 1: null

2018-12-12 13:33:02 - [TEST_STEP][PASSED] - Statement - PreSaveFile = new java.io.File(((pathPrefix + java.lang.Integer.toString(counter)) + .png)): null

2018-12-12 13:33:02 - [TEST_STEP][PASSED] - Statement - counter = counter + 1: null

2018-12-12 13:33:02 - [TEST_STEP][PASSED] - Statement - PreSaveFile = new java.io.File(((pathPrefix + java.lang.Integer.toString(counter)) + .png)): null

2018-12-12 13:33:02 - [TEST_STEP][PASSED] - Statement - counter = counter + 1: null

2018-12-12 13:33:02 - [TEST_STEP][PASSED] - Statement - PreSaveFile = new java.io.File(((pathPrefix + java.lang.Integer.toString(counter)) + .png)): null

2018-12-12 13:33:02 - [TEST_STEP][PASSED] - Statement - counter = counter + 1: null

2018-12-12 13:33:02 - [TEST_STEP][PASSED] - Statement - PreSaveFile = new java.io.File(((pathPrefix + java.lang.Integer.toString(counter)) + .png)): null

2018-12-12 13:33:02 - [TEST_STEP][PASSED] - Statement - counter = counter + 1: null

2018-12-12 13:33:02 - [TEST_STEP][PASSED] - Statement - PreSaveFile = new java.io.File(((pathPrefix + java.lang.Integer.toString(counter)) + .png)): null

2018-12-12 13:33:02 - [TEST_STEP][PASSED] - Statement - counter = counter + 1: null

2018-12-12 13:33:02 - [TEST_STEP][PASSED] - Statement - PreSaveFile = new java.io.File(((pathPrefix + java.lang.Integer.toString(counter)) + .png)): null

2018-12-12 13:33:02 - [TEST_STEP][PASSED] - Statement - counter = counter + 1: null

2018-12-12 13:33:02 - [TEST_STEP][PASSED] - Statement - PreSaveFile = new java.io.File(((pathPrefix + java.lang.Integer.toString(counter)) + .png)): null

2018-12-12 13:33:02 - [TEST_STEP][PASSED] - Statement - counter = counter + 1: null

2018-12-12 13:33:02 - [TEST_STEP][PASSED] - Statement - PreSaveFile = new java.io.File(((pathPrefix + java.lang.Integer.toString(counter)) + .png)): null

2018-12-12 13:33:02 - [TEST_STEP][PASSED] - Statement - counter = counter + 1: null

2018-12-12 13:33:02 - [TEST_STEP][PASSED] - Statement - PreSaveFile = new java.io.File(((pathPrefix + java.lang.Integer.toString(counter)) + .png)): null

2018-12-12 13:33:02 - [TEST_STEP][PASSED] - Statement - counter = counter + 1: null

2018-12-12 13:33:02 - [TEST_STEP][PASSED] - Statement - PreSaveFile = new java.io.File(((pathPrefix + java.lang.Integer.toString(counter)) + .png)): null

2018-12-12 13:33:02 - [TEST_STEP][PASSED] - Statement - counter = counter + 1: null

2018-12-12 13:33:02 - [TEST_STEP][PASSED] - Statement - PreSaveFile = new java.io.File(((pathPrefix + java.lang.Integer.toString(counter)) + .png)): null

2018-12-12 13:33:02 - [TEST_STEP][PASSED] - Statement - counter = counter + 1: null

2018-12-12 13:33:02 - [TEST_STEP][PASSED] - Statement - PreSaveFile = new java.io.File(((pathPrefix + java.lang.Integer.toString(counter)) + .png)): null

2018-12-12 13:33:02 - [TEST_STEP][PASSED] - Statement - counter = counter + 1: null

2018-12-12 13:33:02 - [TEST_STEP][PASSED] - Statement - PreSaveFile = new java.io.File(((pathPrefix + java.lang.Integer.toString(counter)) + .png)): null

2018-12-12 13:33:02 - [TEST_STEP][PASSED] - Statement - counter = counter + 1: null

2018-12-12 13:33:02 - [TEST_STEP][PASSED] - Statement - PreSaveFile = new java.io.File(((pathPrefix + java.lang.Integer.toString(counter)) + .png)): null

2018-12-12 13:33:02 - [TEST_STEP][PASSED] - Statement - counter = counter + 1: null

2018-12-12 13:33:02 - [TEST_STEP][PASSED] - Statement - PreSaveFile = new java.io.File(((pathPrefix + java.lang.Integer.toString(counter)) + .png)): null

2018-12-12 13:33:02 - [TEST_STEP][PASSED] - Statement - counter = counter + 1: null

2018-12-12 13:33:02 - [TEST_STEP][PASSED] - Statement - PreSaveFile = new java.io.File(((pathPrefix + java.lang.Integer.toString(counter)) + .png)): null

2018-12-12 13:33:02 - [TEST_STEP][PASSED] - Statement - counter = counter + 1: null

2018-12-12 13:33:02 - [TEST_STEP][PASSED] - Statement - PreSaveFile = new java.io.File(((pathPrefix + java.lang.Integer.toString(counter)) + .png)): null

2018-12-12 13:33:02 - [TEST_STEP][PASSED] - Statement - counter = counter + 1: null

2018-12-12 13:33:02 - [TEST_STEP][PASSED] - Statement - PreSaveFile = new java.io.File(((pathPrefix + java.lang.Integer.toString(counter)) + .png)): null

2018-12-12 13:33:02 - [TEST_STEP][PASSED] - Statement - counter = counter + 1: null

2018-12-12 13:33:02 - [TEST_STEP][PASSED] - Statement - PreSaveFile = new java.io.File(((pathPrefix + java.lang.Integer.toString(counter)) + .png)): null

2018-12-12 13:33:02 - [TEST_STEP][PASSED] - Statement - counter = counter + 1: null

2018-12-12 13:33:02 - [TEST_STEP][PASSED] - Statement - PreSaveFile = new java.io.File(((pathPrefix + java.lang.Integer.toString(counter)) + .png)): null

2018-12-12 13:33:02 - [TEST_STEP][PASSED] - Statement - counter = counter + 1: null

2018-12-12 13:33:02 - [TEST_STEP][PASSED] - Statement - PreSaveFile = new java.io.File(((pathPrefix + java.lang.Integer.toString(counter)) + .png)): null

2018-12-12 13:33:02 - [TEST_STEP][PASSED] - Statement - counter = counter + 1: null

2018-12-12 13:33:02 - [TEST_STEP][PASSED] - Statement - PreSaveFile = new java.io.File(((pathPrefix + java.lang.Integer.toString(counter)) + .png)): null

2018-12-12 13:33:02 - [TEST_STEP][PASSED] - Statement - counter = counter + 1: null

2018-12-12 13:33:02 - [TEST_STEP][PASSED] - Statement - PreSaveFile = new java.io.File(((pathPrefix + java.lang.Integer.toString(counter)) + .png)): null

2018-12-12 13:33:02 - [TEST_STEP][PASSED] - Statement - counter = counter + 1: null

2018-12-12 13:33:02 - [TEST_STEP][PASSED] - Statement - PreSaveFile = new java.io.File(((pathPrefix + java.lang.Integer.toString(counter)) + .png)): null

2018-12-12 13:33:02 - [TEST_STEP][PASSED] - Statement - counter = counter + 1: null

2018-12-12 13:33:02 - [TEST_STEP][PASSED] - Statement - PreSaveFile = new java.io.File(((pathPrefix + java.lang.Integer.toString(counter)) + .png)): null

2018-12-12 13:33:02 - [TEST_STEP][PASSED] - Statement - counter = counter + 1: null

2018-12-12 13:33:02 - [TEST_STEP][PASSED] - Statement - PreSaveFile = new java.io.File(((pathPrefix + java.lang.Integer.toString(counter)) + .png)): null

2018-12-12 13:33:02 - [TEST_STEP][PASSED] - Statement - counter = counter + 1: null

2018-12-12 13:33:02 - [TEST_STEP][PASSED] - Statement - PreSaveFile = new java.io.File(((pathPrefix + java.lang.Integer.toString(counter)) + .png)): null

2018-12-12 13:33:02 - [TEST_STEP][PASSED] - Statement - counter = counter + 1: null

2018-12-12 13:33:02 - [TEST_STEP][PASSED] - Statement - PreSaveFile = new java.io.File(((pathPrefix + java.lang.Integer.toString(counter)) + .png)): null

2018-12-12 13:33:02 - [TEST_STEP][PASSED] - Statement - counter = counter + 1: null

2018-12-12 13:33:02 - [TEST_STEP][PASSED] - Statement - PreSaveFile = new java.io.File(((pathPrefix + java.lang.Integer.toString(counter)) + .png)): null

2018-12-12 13:33:02 - [TEST_STEP][PASSED] - Statement - counter = counter + 1: null

2018-12-12 13:33:02 - [TEST_STEP][PASSED] - Statement - PreSaveFile = new java.io.File(((pathPrefix + java.lang.Integer.toString(counter)) + .png)): null

2018-12-12 13:33:02 - [TEST_STEP][PASSED] - Statement - counter = counter + 1: null

2018-12-12 13:33:02 - [TEST_STEP][PASSED] - Statement - PreSaveFile = new java.io.File(((pathPrefix + java.lang.Integer.toString(counter)) + .png)): null

2018-12-12 13:33:02 - [TEST_STEP][PASSED] - Statement - counter = counter + 1: null

2018-12-12 13:33:02 - [TEST_STEP][PASSED] - Statement - PreSaveFile = new java.io.File(((pathPrefix + java.lang.Integer.toString(counter)) + .png)): null

2018-12-12 13:33:02 - [TEST_STEP][PASSED] - Statement - counter = counter + 1: null

2018-12-12 13:33:02 - [TEST_STEP][PASSED] - Statement - PreSaveFile = new java.io.File(((pathPrefix + java.lang.Integer.toString(counter)) + .png)): null

2018-12-12 13:33:02 - [TEST_STEP][PASSED] - Statement - counter = counter + 1: null

2018-12-12 13:33:02 - [TEST_STEP][PASSED] - Statement - PreSaveFile = new java.io.File(((pathPrefix + java.lang.Integer.toString(counter)) + .png)): null

2018-12-12 13:33:02 - [TEST_STEP][PASSED] - Statement - counter = counter + 1: null

2018-12-12 13:33:02 - [TEST_STEP][PASSED] - Statement - PreSaveFile = new java.io.File(((pathPrefix + java.lang.Integer.toString(counter)) + .png)): null

2018-12-12 13:33:02 - [TEST_STEP][PASSED] - Statement - counter = counter + 1: null

2018-12-12 13:33:02 - [TEST_STEP][PASSED] - Statement - PreSaveFile = new java.io.File(((pathPrefix + java.lang.Integer.toString(counter)) + .png)): null

2018-12-12 13:33:02 - [TEST_STEP][PASSED] - Statement - counter = counter + 1: null

2018-12-12 13:33:02 - [TEST_STEP][PASSED] - Statement - PreSaveFile = new java.io.File(((pathPrefix + java.lang.Integer.toString(counter)) + .png)): null

2018-12-12 13:33:02 - [TEST_STEP][PASSED] - Statement - counter = counter + 1: null

2018-12-12 13:33:02 - [TEST_STEP][PASSED] - Statement - PreSaveFile = new java.io.File(((pathPrefix + java.lang.Integer.toString(counter)) + .png)): null

2018-12-12 13:33:02 - [TEST_STEP][PASSED] - Statement - counter = counter + 1: null

2018-12-12 13:33:02 - [TEST_STEP][PASSED] - Statement - PreSaveFile = new java.io.File(((pathPrefix + java.lang.Integer.toString(counter)) + .png)): null

2018-12-12 13:33:02 - [TEST_STEP][PASSED] - Statement - counter = counter + 1: null

2018-12-12 13:33:02 - [TEST_STEP][PASSED] - Statement - PreSaveFile = new java.io.File(((pathPrefix + java.lang.Integer.toString(counter)) + .png)): null

2018-12-12 13:33:02 - [TEST_STEP][PASSED] - Statement - counter = counter + 1: null

2018-12-12 13:33:02 - [TEST_STEP][PASSED] - Statement - PreSaveFile = new java.io.File(((pathPrefix + java.lang.Integer.toString(counter)) + .png)): null

2018-12-12 13:33:02 - [TEST_STEP][PASSED] - Statement - counter = counter + 1: null

2018-12-12 13:33:02 - [TEST_STEP][PASSED] - Statement - PreSaveFile = new java.io.File(((pathPrefix + java.lang.Integer.toString(counter)) + .png)): null

2018-12-12 13:33:02 - [TEST_STEP][PASSED] - Statement - counter = counter + 1: null

2018-12-12 13:33:02 - [TEST_STEP][PASSED] - Statement - PreSaveFile = new java.io.File(((pathPrefix + java.lang.Integer.toString(counter)) + .png)): null

2018-12-12 13:33:02 - [TEST_STEP][PASSED] - Statement - counter = counter + 1: null

2018-12-12 13:33:02 - [TEST_STEP][PASSED] - Statement - PreSaveFile = new java.io.File(((pathPrefix + java.lang.Integer.toString(counter)) + .png)): null

2018-12-12 13:33:02 - [TEST_STEP][PASSED] - Statement - counter = counter + 1: null

2018-12-12 13:33:02 - [TEST_STEP][PASSED] - Statement - PreSaveFile = new java.io.File(((pathPrefix + java.lang.Integer.toString(counter)) + .png)): null

2018-12-12 13:33:02 - [TEST_STEP][PASSED] - Statement - counter = counter + 1: null

2018-12-12 13:33:02 - [TEST_STEP][PASSED] - Statement - PreSaveFile = new java.io.File(((pathPrefix + java.lang.Integer.toString(counter)) + .png)): null

2018-12-12 13:33:02 - [TEST_STEP][PASSED] - Statement - counter = counter + 1: null

2018-12-12 13:33:02 - [TEST_STEP][PASSED] - Statement - PreSaveFile = new java.io.File(((pathPrefix + java.lang.Integer.toString(counter)) + .png)): null

2018-12-12 13:33:02 - [TEST_STEP][PASSED] - Statement - counter = counter + 1: null

2018-12-12 13:33:02 - [TEST_STEP][PASSED] - Statement - PreSaveFile = new java.io.File(((pathPrefix + java.lang.Integer.toString(counter)) + .png)): null

2018-12-12 13:33:02 - [TEST_STEP][PASSED] - Statement - counter = counter + 1: null

2018-12-12 13:33:02 - [TEST_STEP][PASSED] - Statement - PreSaveFile = new java.io.File(((pathPrefix + java.lang.Integer.toString(counter)) + .png)): null

2018-12-12 13:33:02 - [TEST_STEP][PASSED] - Statement - counter = counter + 1: null

2018-12-12 13:33:02 - [TEST_STEP][PASSED] - Statement - PreSaveFile = new java.io.File(((pathPrefix + java.lang.Integer.toString(counter)) + .png)): null

2018-12-12 13:33:02 - [TEST_STEP][PASSED] - Statement - counter = counter + 1: null

2018-12-12 13:33:02 - [TEST_STEP][PASSED] - Statement - PreSaveFile = new java.io.File(((pathPrefix + java.lang.Integer.toString(counter)) + .png)): null

2018-12-12 13:33:02 - [TEST_STEP][PASSED] - Statement - counter = counter + 1: null

2018-12-12 13:33:02 - [TEST_STEP][PASSED] - Statement - PreSaveFile = new java.io.File(((pathPrefix + java.lang.Integer.toString(counter)) + .png)): null

2018-12-12 13:33:02 - [TEST_STEP][PASSED] - Statement - counter = counter + 1: null

2018-12-12 13:33:02 - [TEST_STEP][PASSED] - Statement - PreSaveFile = new java.io.File(((pathPrefix + java.lang.Integer.toString(counter)) + .png)): null

2018-12-12 13:33:02 - [TEST_STEP][PASSED] - Statement - counter = counter + 1: null

2018-12-12 13:33:02 - [TEST_STEP][PASSED] - Statement - PreSaveFile = new java.io.File(((pathPrefix + java.lang.Integer.toString(counter)) + .png)): null

2018-12-12 13:33:02 - [TEST_STEP][PASSED] - Statement - counter = counter + 1: null

2018-12-12 13:33:02 - [TEST_STEP][PASSED] - Statement - PreSaveFile = new java.io.File(((pathPrefix + java.lang.Integer.toString(counter)) + .png)): null

2018-12-12 13:33:02 - [TEST_STEP][PASSED] - Statement - counter = counter + 1: null

2018-12-12 13:33:02 - [TEST_STEP][PASSED] - Statement - PreSaveFile = new java.io.File(((pathPrefix + java.lang.Integer.toString(counter)) + .png)): null

2018-12-12 13:33:02 - [TEST_STEP][PASSED] - Statement - counter = counter + 1: null

2018-12-12 13:33:02 - [TEST_STEP][PASSED] - Statement - PreSaveFile = new java.io.File(((pathPrefix + java.lang.Integer.toString(counter)) + .png)): null

2018-12-12 13:33:02 - [TEST_STEP][PASSED] - Statement - counter = counter + 1: null

2018-12-12 13:33:02 - [TEST_STEP][PASSED] - Statement - PreSaveFile = new java.io.File(((pathPrefix + java.lang.Integer.toString(counter)) + .png)): null

2018-12-12 13:33:02 - [TEST_STEP][PASSED] - Statement - counter = counter + 1: null

2018-12-12 13:33:02 - [TEST_STEP][PASSED] - Statement - PreSaveFile = new java.io.File(((pathPrefix + java.lang.Integer.toString(counter)) + .png)): null

2018-12-12 13:33:02 - [TEST_STEP][PASSED] - Statement - counter = counter + 1: null

2018-12-12 13:33:02 - [TEST_STEP][PASSED] - Statement - PreSaveFile = new java.io.File(((pathPrefix + java.lang.Integer.toString(counter)) + .png)): null

2018-12-12 13:33:02 - [TEST_STEP][PASSED] - Statement - finalPath = pathPrefix + java.lang.Integer.toString(counter) + ".png": null

2018-12-12 13:33:02 - [TEST_STEP][PASSED] - Statement - SaveFile = new java.io.File(finalPath): null

2018-12-12 13:33:02 - [TEST_STEP][PASSED] - Statement - Try: null

2018-12-12 13:33:02 - [TEST_STEP][PASSED] - Statement - org.apache.commons.io.FileUtils.copyFile(scrFile, SaveFile): null

2018-12-12 13:33:02 - [TEST_STEP][PASSED] - Statement - out.println("file kept"): null

2018-12-12 13:33:02 - [TEST_STEP][PASSED] - delay: Delayed 10 second(s)

2018-12-12 13:33:12 - [MESSAGE][PASSED] - Delayed 10 second(s)

2018-12-12 13:33:12 - [MESSAGE][PASSED] - Call Test Case 'Test Cases/Final Aug 2018 - PKS Automation/Registration Module/New Registration/Submit and Screenshot/Submit Registration and Screenshot' successfully

2018-12-12 13:33:12 - [TEST_STEP][PASSED] - callTestCase: Call Test Case 'Test Cases/Final Aug 2018 - PKS Automation/Registration Module/Log Out/log out avoiding katalon tagging' successfully

2018-12-12 13:33:12 - [TEST_CASE][PASSED] - Test Cases/Final Aug 2018 - PKS Automation/Registration Module/Log Out/log out avoiding katalon tagging: Test Cases/Final Aug 2018 - PKS Automation/Registration Module/Log Out/log out avoiding katalon tagging

2018-12-12 13:33:12 - [TEST_STEP][PASSED] - navigateToUrl: Navigate to 'https://assist2-uat.perkeso.gov.my/c/portal/logout' successfully

2018-12-12 13:33:13 - [MESSAGE][PASSED] - Navigate to 'https://assist2-uat.perkeso.gov.my/c/portal/logout' successfully

2018-12-12 13:33:13 - [MESSAGE][PASSED] - Call Test Case 'Test Cases/Final Aug 2018 - PKS Automation/Registration Module/Log Out/log out avoiding katalon tagging' successfully]]></system-out>
         <system-err><![CDATA[]]></system-err>
      </testcase>
      <testcase name="Test Cases/Final Aug 2018 - PKS Automation/Registration Module/Workflow/New Registration/OTC - PKR BO - RO Submit(Routed 2 Time)" classname="Test Cases/Final Aug 2018 - PKS Automation/Registration Module/Workflow/New Registration/OTC - PKR BO - RO Submit(Routed 2 Time)" status="FAILED">
         <failure type="FAILED" message="(Stack trace: com.kms.katalon.core.exception.StepFailedException: Unable to click on object 'Object Repository/Final Object Repo/New Registration - Registration Module Pages/New Reg - OTC to RO/Special Case - All Related Objects/Continue Button in verifying case' (Root cause: org.openqa.selenium.ElementNotVisibleException: element not interactable
  (Session info: chrome=70.0.3538.110)
  (Driver info: chromedriver=2.43.600210 (68dcf5eebde37173d4027fa8635e332711d2874a),platform=Windows NT 6.1.7601 SP1 x86_64) (WARNING: The server did not provide any stacktrace information)
Command duration or timeout: 0 milliseconds
Build info: version: '3.7.1', revision: '8a0099a', time: '2017-11-06T21:07:36.161Z'
System info: host: 'WIN7TEST02', ip: '10.20.3.72', os.name: 'Windows 7', os.arch: 'amd64', os.version: '6.1', java.version: '1.8.0_181'
Driver info: com.kms.katalon.selenium.driver.CChromeDriver
Capabilities {acceptInsecureCerts: false, acceptSslCerts: false, applicationCacheEnabled: false, browserConnectionEnabled: false, browserName: chrome, chrome: {chromedriverVersion: 2.43.600210 (68dcf5eebde371..., userDataDir: C:\Users\Admin\AppData\Loca...}, cssSelectorsEnabled: true, databaseEnabled: false, goog:chromeOptions: {debuggerAddress: localhost:51117}, handlesAlerts: true, hasTouchScreen: false, javascriptEnabled: true, locationContextEnabled: true, mobileEmulationEnabled: false, nativeEvents: true, networkConnectionEnabled: false, pageLoadStrategy: normal, platform: XP, platformName: XP, rotatable: false, setWindowRect: true, takesHeapSnapshot: true, takesScreenshot: true, unexpectedAlertBehaviour: , unhandledPromptBehavior: , version: 70.0.3538.110, webStorageEnabled: true}
Session ID: a7c3ed21dc741ea9442b4bd96face2e5)
	at com.kms.katalon.core.keyword.internal.KeywordMain.stepFailed(KeywordMain.groovy:32)
	at com.kms.katalon.core.webui.keyword.internal.WebUIKeywordMain.stepFailed(WebUIKeywordMain.groovy:65)
	at com.kms.katalon.core.webui.keyword.internal.WebUIKeywordMain.runKeyword(WebUIKeywordMain.groovy:27)
	at com.kms.katalon.core.webui.keyword.builtin.ClickKeyword.click(ClickKeyword.groovy:86)
	at com.kms.katalon.core.webui.keyword.builtin.ClickKeyword.execute(ClickKeyword.groovy:67)
	at com.kms.katalon.core.keyword.internal.KeywordExecutor.executeKeywordForPlatform(KeywordExecutor.groovy:53)
	at com.kms.katalon.core.webui.keyword.WebUiBuiltInKeywords.click(WebUiBuiltInKeywords.groovy:616)
	at com.kms.katalon.core.webui.keyword.WebUiBuiltInKeywords$click$2.call(Unknown Source)
	at org.codehaus.groovy.runtime.callsite.CallSiteArray.defaultCall(CallSiteArray.java:48)
	at org.codehaus.groovy.runtime.callsite.AbstractCallSite.call(AbstractCallSite.java:113)
	at org.codehaus.groovy.runtime.callsite.AbstractCallSite.call(AbstractCallSite.java:125)
	at Script1535599368022.run(Script1535599368022.groovy:165)
	at com.kms.katalon.core.main.ScriptEngine.run(ScriptEngine.java:183)
	at com.kms.katalon.core.main.ScriptEngine.runScriptAsRawText(ScriptEngine.java:108)
	at com.kms.katalon.core.main.TestCaseExecutor.runScript(TestCaseExecutor.java:294)
	at com.kms.katalon.core.main.TestCaseExecutor.doExecute(TestCaseExecutor.java:285)
	at com.kms.katalon.core.main.TestCaseExecutor.processExecutionPhase(TestCaseExecutor.java:264)
	at com.kms.katalon.core.main.TestCaseExecutor.accessMainPhase(TestCaseExecutor.java:256)
	at com.kms.katalon.core.main.TestCaseExecutor.execute(TestCaseExecutor.java:200)
	at com.kms.katalon.core.main.TestSuiteExecutor.accessTestCaseMainPhase(TestSuiteExecutor.java:129)
	at com.kms.katalon.core.main.TestSuiteExecutor.accessTestSuiteMainPhase(TestSuiteExecutor.java:112)
	at com.kms.katalon.core.main.TestSuiteExecutor.execute(TestSuiteExecutor.java:81)
	at com.kms.katalon.core.main.TestCaseMain.startTestSuite(TestCaseMain.java:142)
	at com.kms.katalon.core.main.TestCaseMain$startTestSuite$0.call(Unknown Source)
	at org.codehaus.groovy.runtime.callsite.CallSiteArray.defaultCall(CallSiteArray.java:48)
	at org.codehaus.groovy.runtime.callsite.AbstractCallSite.call(AbstractCallSite.java:113)
	at org.codehaus.groovy.runtime.callsite.AbstractCallSite.call(AbstractCallSite.java:141)
	at TempTestSuite1544512651851.run(TempTestSuite1544512651851.groovy:36)
	at groovy.lang.GroovyShell.runScriptOrMainOrTestOrRunnable(GroovyShell.java:263)
	at groovy.lang.GroovyShell.run(GroovyShell.java:518)
	at groovy.lang.GroovyShell.run(GroovyShell.java:507)
	at groovy.ui.GroovyMain.processOnce(GroovyMain.java:653)
	at groovy.ui.GroovyMain.run(GroovyMain.java:384)
	at groovy.ui.GroovyMain.process(GroovyMain.java:370)
	at groovy.ui.GroovyMain.processArgs(GroovyMain.java:129)
	at groovy.ui.GroovyMain.main(GroovyMain.java:109)
	at sun.reflect.NativeMethodAccessorImpl.invoke0(Native Method)
	at sun.reflect.NativeMethodAccessorImpl.invoke(NativeMethodAccessorImpl.java:62)
	at sun.reflect.DelegatingMethodAccessorImpl.invoke(DelegatingMethodAccessorImpl.java:43)
	at java.lang.reflect.Method.invoke(Method.java:498)
	at org.codehaus.groovy.tools.GroovyStarter.rootLoader(GroovyStarter.java:109)
	at org.codehaus.groovy.tools.GroovyStarter.main(GroovyStarter.java:131)
)"/>
         <system-out><![CDATA[2018-12-12 13:33:13 - [TEST_CASE][FAILED] - Test Cases/Final Aug 2018 - PKS Automation/Registration Module/Workflow/New Registration/OTC - PKR BO - RO Submit(Routed 2 Time): Test Cases/Final Aug 2018 - PKS Automation/Registration Module/Workflow/New Registration/OTC - PKR BO - RO Submit(Routed 2 Time) FAILED because (of) (Stack trace: com.kms.katalon.core.exception.StepFailedException: Unable to click on object 'Object Repository/Final Object Repo/New Registration - Registration Module Pages/New Reg - OTC to RO/Special Case - All Related Objects/Continue Button in verifying case' (Root cause: org.openqa.selenium.ElementNotVisibleException: element not interactable
  (Session info: chrome=70.0.3538.110)
  (Driver info: chromedriver=2.43.600210 (68dcf5eebde37173d4027fa8635e332711d2874a),platform=Windows NT 6.1.7601 SP1 x86_64) (WARNING: The server did not provide any stacktrace information)
Command duration or timeout: 0 milliseconds
Build info: version: '3.7.1', revision: '8a0099a', time: '2017-11-06T21:07:36.161Z'
System info: host: 'WIN7TEST02', ip: '10.20.3.72', os.name: 'Windows 7', os.arch: 'amd64', os.version: '6.1', java.version: '1.8.0_181'
Driver info: com.kms.katalon.selenium.driver.CChromeDriver
Capabilities {acceptInsecureCerts: false, acceptSslCerts: false, applicationCacheEnabled: false, browserConnectionEnabled: false, browserName: chrome, chrome: {chromedriverVersion: 2.43.600210 (68dcf5eebde371..., userDataDir: C:\Users\Admin\AppData\Loca...}, cssSelectorsEnabled: true, databaseEnabled: false, goog:chromeOptions: {debuggerAddress: localhost:51117}, handlesAlerts: true, hasTouchScreen: false, javascriptEnabled: true, locationContextEnabled: true, mobileEmulationEnabled: false, nativeEvents: true, networkConnectionEnabled: false, pageLoadStrategy: normal, platform: XP, platformName: XP, rotatable: false, setWindowRect: true, takesHeapSnapshot: true, takesScreenshot: true, unexpectedAlertBehaviour: , unhandledPromptBehavior: , version: 70.0.3538.110, webStorageEnabled: true}
Session ID: a7c3ed21dc741ea9442b4bd96face2e5)
	at com.kms.katalon.core.keyword.internal.KeywordMain.stepFailed(KeywordMain.groovy:32)
	at com.kms.katalon.core.webui.keyword.internal.WebUIKeywordMain.stepFailed(WebUIKeywordMain.groovy:65)
	at com.kms.katalon.core.webui.keyword.internal.WebUIKeywordMain.runKeyword(WebUIKeywordMain.groovy:27)
	at com.kms.katalon.core.webui.keyword.builtin.ClickKeyword.click(ClickKeyword.groovy:86)
	at com.kms.katalon.core.webui.keyword.builtin.ClickKeyword.execute(ClickKeyword.groovy:67)
	at com.kms.katalon.core.keyword.internal.KeywordExecutor.executeKeywordForPlatform(KeywordExecutor.groovy:53)
	at com.kms.katalon.core.webui.keyword.WebUiBuiltInKeywords.click(WebUiBuiltInKeywords.groovy:616)
	at com.kms.katalon.core.webui.keyword.WebUiBuiltInKeywords$click$2.call(Unknown Source)
	at org.codehaus.groovy.runtime.callsite.CallSiteArray.defaultCall(CallSiteArray.java:48)
	at org.codehaus.groovy.runtime.callsite.AbstractCallSite.call(AbstractCallSite.java:113)
	at org.codehaus.groovy.runtime.callsite.AbstractCallSite.call(AbstractCallSite.java:125)
	at Script1535599368022.run(Script1535599368022.groovy:165)
	at com.kms.katalon.core.main.ScriptEngine.run(ScriptEngine.java:183)
	at com.kms.katalon.core.main.ScriptEngine.runScriptAsRawText(ScriptEngine.java:108)
	at com.kms.katalon.core.main.TestCaseExecutor.runScript(TestCaseExecutor.java:294)
	at com.kms.katalon.core.main.TestCaseExecutor.doExecute(TestCaseExecutor.java:285)
	at com.kms.katalon.core.main.TestCaseExecutor.processExecutionPhase(TestCaseExecutor.java:264)
	at com.kms.katalon.core.main.TestCaseExecutor.accessMainPhase(TestCaseExecutor.java:256)
	at com.kms.katalon.core.main.TestCaseExecutor.execute(TestCaseExecutor.java:200)
	at com.kms.katalon.core.main.TestSuiteExecutor.accessTestCaseMainPhase(TestSuiteExecutor.java:129)
	at com.kms.katalon.core.main.TestSuiteExecutor.accessTestSuiteMainPhase(TestSuiteExecutor.java:112)
	at com.kms.katalon.core.main.TestSuiteExecutor.execute(TestSuiteExecutor.java:81)
	at com.kms.katalon.core.main.TestCaseMain.startTestSuite(TestCaseMain.java:142)
	at com.kms.katalon.core.main.TestCaseMain$startTestSuite$0.call(Unknown Source)
	at org.codehaus.groovy.runtime.callsite.CallSiteArray.defaultCall(CallSiteArray.java:48)
	at org.codehaus.groovy.runtime.callsite.AbstractCallSite.call(AbstractCallSite.java:113)
	at org.codehaus.groovy.runtime.callsite.AbstractCallSite.call(AbstractCallSite.java:141)
	at TempTestSuite1544512651851.run(TempTestSuite1544512651851.groovy:36)
	at groovy.lang.GroovyShell.runScriptOrMainOrTestOrRunnable(GroovyShell.java:263)
	at groovy.lang.GroovyShell.run(GroovyShell.java:518)
	at groovy.lang.GroovyShell.run(GroovyShell.java:507)
	at groovy.ui.GroovyMain.processOnce(GroovyMain.java:653)
	at groovy.ui.GroovyMain.run(GroovyMain.java:384)
	at groovy.ui.GroovyMain.process(GroovyMain.java:370)
	at groovy.ui.GroovyMain.processArgs(GroovyMain.java:129)
	at groovy.ui.GroovyMain.main(GroovyMain.java:109)
	at sun.reflect.NativeMethodAccessorImpl.invoke0(Native Method)
	at sun.reflect.NativeMethodAccessorImpl.invoke(NativeMethodAccessorImpl.java:62)
	at sun.reflect.DelegatingMethodAccessorImpl.invoke(DelegatingMethodAccessorImpl.java:43)
	at java.lang.reflect.Method.invoke(Method.java:498)
	at org.codehaus.groovy.tools.GroovyStarter.rootLoader(GroovyStarter.java:109)
	at org.codehaus.groovy.tools.GroovyStarter.main(GroovyStarter.java:131)
)

2018-12-12 13:33:13 - [TEST_STEP][PASSED] - callTestCase: Call Test Case 'Test Cases/Final Aug 2018 - PKS Automation/Registration Module/Workflow/New Registration/Template/Special Case - OTC - Form 1' successfully

2018-12-12 13:33:13 - [TEST_CASE][PASSED] - Test Cases/Final Aug 2018 - PKS Automation/Registration Module/Workflow/New Registration/Template/Special Case - OTC - Form 1: Test Cases/Final Aug 2018 - PKS Automation/Registration Module/Workflow/New Registration/Template/Special Case - OTC - Form 1

2018-12-12 13:33:13 - [TEST_STEP][PASSED] - openBrowser: Browser is opened with url: ''

2018-12-12 13:33:13 - [MESSAGE][WARNING] - A browser is already opened. Closing browser and opening a new one

2018-12-12 13:33:18 - [MESSAGE][PASSED] - Browser is opened with url: ''

2018-12-12 13:33:18 - [TEST_STEP][PASSED] - navigateToUrl: Navigate to 'https://assist2-uat.perkeso.gov.my/login' successfully

2018-12-12 13:33:19 - [MESSAGE][PASSED] - Navigate to 'https://assist2-uat.perkeso.gov.my/login' successfully

2018-12-12 13:33:19 - [TEST_STEP][PASSED] - delay: Delayed 2 second(s)

2018-12-12 13:33:21 - [MESSAGE][PASSED] - Delayed 2 second(s)

2018-12-12 13:33:21 - [TEST_STEP][PASSED] - setText: Text 'klotc2@gmail.com' is set on object 'Object Repository/Final Object Repo/Login Page/Internal User/Email Address'

2018-12-12 13:33:21 - [MESSAGE][PASSED] - Text 'klotc2@gmail.com' is set on object 'Object Repository/Final Object Repo/Login Page/Internal User/Email Address'

2018-12-12 13:33:21 - [TEST_STEP][PASSED] - click: Object: 'Object Repository/Final Object Repo/Login Page/Internal User/Next Button' is clicked on

2018-12-12 13:33:22 - [MESSAGE][PASSED] - Object: 'Object Repository/Final Object Repo/Login Page/Internal User/Next Button' is clicked on

2018-12-12 13:33:22 - [TEST_STEP][PASSED] - delay: Delayed 2 second(s)

2018-12-12 13:33:24 - [MESSAGE][PASSED] - Delayed 2 second(s)

2018-12-12 13:33:24 - [TEST_STEP][PASSED] - setText: Text 'Test1@3456789' is set on object 'Object Repository/Final Object Repo/Login Page/Internal User/Password'

2018-12-12 13:33:24 - [MESSAGE][PASSED] - Text 'Test1@3456789' is set on object 'Object Repository/Final Object Repo/Login Page/Internal User/Password'

2018-12-12 13:33:24 - [TEST_STEP][PASSED] - delay: Delayed 2 second(s)

2018-12-12 13:33:26 - [MESSAGE][PASSED] - Delayed 2 second(s)

2018-12-12 13:33:26 - [TEST_STEP][PASSED] - click: Object: 'Object Repository/Final Object Repo/Login Page/Internal User/Login Button' is clicked on

2018-12-12 13:33:26 - [MESSAGE][PASSED] - Object: 'Object Repository/Final Object Repo/Login Page/Internal User/Login Button' is clicked on

2018-12-12 13:33:26 - [TEST_STEP][PASSED] - Statement - Try: null

2018-12-12 13:33:26 - [TEST_STEP][PASSED] - Statement - Checker = com.kms.katalon.core.webui.keyword.WebUiBuiltInKeywords.verifyElementNotPresent("Final Object Repo/Landing Page/Select to English", 3): null

2018-12-12 13:33:26 - [TEST_STEP][PASSED] - Statement - Catch (Exception e): null

2018-12-12 13:33:26 - [TEST_STEP][PASSED] - Statement - e.printStackTrace(): null

2018-12-12 13:33:26 - [TEST_STEP][PASSED] - delay: Delayed 5 second(s)

2018-12-12 13:33:31 - [MESSAGE][PASSED] - Delayed 5 second(s)

2018-12-12 13:33:31 - [TEST_STEP][PASSED] - click: Object: 'Object Repository/Final Object Repo/Landing Page/My Sites Drop Down' is clicked on

2018-12-12 13:33:31 - [MESSAGE][PASSED] - Object: 'Object Repository/Final Object Repo/Landing Page/My Sites Drop Down' is clicked on

2018-12-12 13:33:31 - [TEST_STEP][PASSED] - click: Object: 'Object Repository/Final Object Repo/Landing Page/Select to Registration Module' is clicked on

2018-12-12 13:33:32 - [MESSAGE][PASSED] - Object: 'Object Repository/Final Object Repo/Landing Page/Select to Registration Module' is clicked on

2018-12-12 13:33:32 - [TEST_STEP][PASSED] - click: Object: 'Object Repository/Final Object Repo/Landing Page/Registration Button' is clicked on

2018-12-12 13:33:34 - [MESSAGE][PASSED] - Object: 'Object Repository/Final Object Repo/Landing Page/Registration Button' is clicked on

2018-12-12 13:33:34 - [TEST_STEP][PASSED] - delay: Delayed 2 second(s)

2018-12-12 13:33:36 - [MESSAGE][PASSED] - Delayed 2 second(s)

2018-12-12 13:33:36 - [TEST_STEP][PASSED] - click: Object: 'Object Repository/Final Object Repo/New Registration - Registration Module Pages/New Reg - OTC to RO/Special Case - OTC - Form 1/AEC NO' is clicked on

2018-12-12 13:33:36 - [MESSAGE][PASSED] - Object: 'Object Repository/Final Object Repo/New Registration - Registration Module Pages/New Reg - OTC to RO/Special Case - OTC - Form 1/AEC NO' is clicked on

2018-12-12 13:33:36 - [TEST_STEP][PASSED] - click: Object: 'Object Repository/Final Object Repo/New Registration - Registration Module Pages/New Reg - OTC to RO/Special Case - OTC - Form 1/Business Entity - Please Select' is clicked on

2018-12-12 13:33:36 - [MESSAGE][PASSED] - Object: 'Object Repository/Final Object Repo/New Registration - Registration Module Pages/New Reg - OTC to RO/Special Case - OTC - Form 1/Business Entity - Please Select' is clicked on

2018-12-12 13:33:36 - [TEST_STEP][PASSED] - click: Object: 'Object Repository/Final Object Repo/New Registration - Registration Module Pages/New Reg - OTC to RO/Special Case - OTC - Form 1/Selected - Corporation' is clicked on

2018-12-12 13:33:36 - [MESSAGE][PASSED] - Object: 'Object Repository/Final Object Repo/New Registration - Registration Module Pages/New Reg - OTC to RO/Special Case - OTC - Form 1/Selected - Corporation' is clicked on

2018-12-12 13:33:36 - [TEST_STEP][PASSED] - delay: Delayed 2 second(s)

2018-12-12 13:33:38 - [MESSAGE][PASSED] - Delayed 2 second(s)

2018-12-12 13:33:38 - [TEST_STEP][PASSED] - click: Object: 'Object Repository/Final Object Repo/New Registration - Registration Module Pages/New Reg - OTC to RO/Special Case - OTC - Form 1/Sub Business Entity - Please Select' is clicked on

2018-12-12 13:33:38 - [MESSAGE][PASSED] - Object: 'Object Repository/Final Object Repo/New Registration - Registration Module Pages/New Reg - OTC to RO/Special Case - OTC - Form 1/Sub Business Entity - Please Select' is clicked on

2018-12-12 13:33:38 - [TEST_STEP][PASSED] - delay: Delayed 2 second(s)

2018-12-12 13:33:40 - [MESSAGE][PASSED] - Delayed 2 second(s)

2018-12-12 13:33:40 - [TEST_STEP][PASSED] - click: Object: 'Object Repository/Final Object Repo/New Registration - Registration Module Pages/New Reg - OTC to RO/Special Case - OTC - Form 1/Selected - Sendirian Berhad' is clicked on

2018-12-12 13:33:41 - [MESSAGE][PASSED] - Object: 'Object Repository/Final Object Repo/New Registration - Registration Module Pages/New Reg - OTC to RO/Special Case - OTC - Form 1/Selected - Sendirian Berhad' is clicked on

2018-12-12 13:33:41 - [TEST_STEP][PASSED] - setText: Text 'AUTOMATE001' is set on object 'Object Repository/Final Object Repo/New Registration - Registration Module Pages/New Reg - OTC to RO/Special Case - OTC - Form 1/Input BRN Number'

2018-12-12 13:33:41 - [MESSAGE][PASSED] - Text 'AUTOMATE001' is set on object 'Object Repository/Final Object Repo/New Registration - Registration Module Pages/New Reg - OTC to RO/Special Case - OTC - Form 1/Input BRN Number'

2018-12-12 13:33:41 - [TEST_STEP][PASSED] - delay: Delayed 2 second(s)

2018-12-12 13:33:43 - [MESSAGE][PASSED] - Delayed 2 second(s)

2018-12-12 13:33:43 - [TEST_STEP][PASSED] - click: Object: 'Object Repository/Final Object Repo/New Registration - Registration Module Pages/New Reg - OTC to RO/Special Case - OTC - Form 1/BRN Search' is clicked on

2018-12-12 13:33:43 - [MESSAGE][PASSED] - Object: 'Object Repository/Final Object Repo/New Registration - Registration Module Pages/New Reg - OTC to RO/Special Case - OTC - Form 1/BRN Search' is clicked on

2018-12-12 13:33:43 - [TEST_STEP][PASSED] - delay: Delayed 4 second(s)

2018-12-12 13:33:47 - [MESSAGE][PASSED] - Delayed 4 second(s)

2018-12-12 13:33:47 - [TEST_STEP][PASSED] - click: Object: 'Object Repository/Final Object Repo/New Registration - Registration Module Pages/New Reg - OTC to RO/Special Case - OTC - Form 1/Registered with SSM - After Feb 2017' is clicked on

2018-12-12 13:33:47 - [MESSAGE][PASSED] - Object: 'Object Repository/Final Object Repo/New Registration - Registration Module Pages/New Reg - OTC to RO/Special Case - OTC - Form 1/Registered with SSM - After Feb 2017' is clicked on

2018-12-12 13:33:47 - [TEST_STEP][PASSED] - delay: Delayed 2 second(s)

2018-12-12 13:33:49 - [MESSAGE][PASSED] - Delayed 2 second(s)

2018-12-12 13:33:49 - [TEST_STEP][PASSED] - click: Object: 'Object Repository/Final Object Repo/New Registration - Registration Module Pages/New Reg - OTC to RO/Special Case - OTC - Form 1/Registering As A Branch - No' is clicked on

2018-12-12 13:33:50 - [MESSAGE][PASSED] - Object: 'Object Repository/Final Object Repo/New Registration - Registration Module Pages/New Reg - OTC to RO/Special Case - OTC - Form 1/Registering As A Branch - No' is clicked on

2018-12-12 13:33:50 - [TEST_STEP][PASSED] - click: Object: 'Object Repository/Final Object Repo/New Registration - Registration Module Pages/New Reg - OTC to RO/Special Case - OTC - Form 1/Acknowledgement Ticked' is clicked on

2018-12-12 13:33:50 - [MESSAGE][PASSED] - Object: 'Object Repository/Final Object Repo/New Registration - Registration Module Pages/New Reg - OTC to RO/Special Case - OTC - Form 1/Acknowledgement Ticked' is clicked on

2018-12-12 13:33:50 - [TEST_STEP][PASSED] - click: Object: 'Object Repository/Final Object Repo/New Registration - Registration Module Pages/New Reg - OTC to RO/Special Case - OTC - Form 1/Submit Button' is clicked on

2018-12-12 13:33:50 - [MESSAGE][PASSED] - Object: 'Object Repository/Final Object Repo/New Registration - Registration Module Pages/New Reg - OTC to RO/Special Case - OTC - Form 1/Submit Button' is clicked on

2018-12-12 13:33:50 - [TEST_STEP][PASSED] - delay: Delayed 2 second(s)

2018-12-12 13:33:52 - [MESSAGE][PASSED] - Delayed 2 second(s)

2018-12-12 13:33:52 - [TEST_STEP][PASSED] - click: Object: 'Object Repository/Final Object Repo/New Registration - Registration Module Pages/New Reg - OTC to RO/Special Case - OTC - Form 1/Confirm No Flagging as Branch' is clicked on

2018-12-12 13:33:52 - [MESSAGE][PASSED] - Object: 'Object Repository/Final Object Repo/New Registration - Registration Module Pages/New Reg - OTC to RO/Special Case - OTC - Form 1/Confirm No Flagging as Branch' is clicked on

2018-12-12 13:33:52 - [MESSAGE][PASSED] - Call Test Case 'Test Cases/Final Aug 2018 - PKS Automation/Registration Module/Workflow/New Registration/Template/Special Case - OTC - Form 1' successfully

2018-12-12 13:33:52 - [TEST_STEP][PASSED] - callTestCase: Call Test Case 'Test Cases/Final Aug 2018 - PKS Automation/Registration Module/New Registration/Form 2/Add 1 Eligible - Incomplete' successfully

2018-12-12 13:33:52 - [TEST_CASE][PASSED] - Test Cases/Final Aug 2018 - PKS Automation/Registration Module/New Registration/Form 2/Add 1 Eligible - Incomplete: Test Cases/Final Aug 2018 - PKS Automation/Registration Module/New Registration/Form 2/Add 1 Eligible - Incomplete

2018-12-12 13:33:53 - [TEST_STEP][PASSED] - delay: Delayed 2 second(s)

2018-12-12 13:33:55 - [MESSAGE][PASSED] - Delayed 2 second(s)

2018-12-12 13:33:55 - [TEST_STEP][PASSED] - callTestCase: Call Test Case 'Test Cases/Final Aug 2018 - PKS Automation/Registration Module/New Registration/Form 2/Date Updater' successfully

2018-12-12 13:33:55 - [TEST_CASE][PASSED] - Test Cases/Final Aug 2018 - PKS Automation/Registration Module/New Registration/Form 2/Date Updater: Test Cases/Final Aug 2018 - PKS Automation/Registration Module/New Registration/Form 2/Date Updater

2018-12-12 13:33:55 - [TEST_STEP][PASSED] - Statement - TodayDate = new java.util.Date(): null

2018-12-12 13:33:55 - [TEST_STEP][PASSED] - Statement - CurrentDateNoFilter = new java.text.SimpleDateFormat(): null

2018-12-12 13:33:55 - [TEST_STEP][PASSED] - Statement - CurrentDateNoFilter.applyPattern("MM"): null

2018-12-12 13:33:55 - [TEST_STEP][PASSED] - Statement - monthContainerMatcher = java.lang.Integer.parseInt(CurrentDateNoFilter.format(TodayDate)): null

2018-12-12 13:33:55 - [TEST_STEP][PASSED] - Statement - monthContainerMatcher = monthContainerMatcher - 1: null

2018-12-12 13:33:55 - [TEST_STEP][PASSED] - Statement - CurrentMonth = monthContainerMatcher.toString(): null

2018-12-12 13:33:55 - [TEST_STEP][PASSED] - Statement - CurrentMonth = CurrentMonth: null

2018-12-12 13:33:55 - [TEST_STEP][PASSED] - Statement - CurrentDateNoFilter.applyPattern("yyyy"): null

2018-12-12 13:33:55 - [TEST_STEP][PASSED] - Statement - CurrentYear = CurrentDateNoFilter.format(TodayDate): null

2018-12-12 13:33:55 - [TEST_STEP][PASSED] - Statement - CurrentYear = CurrentYear: null

2018-12-12 13:33:55 - [TEST_STEP][PASSED] - Statement - intCurrentYear = java.lang.Integer.parseInt(CurrentDateNoFilter.format(TodayDate)): null

2018-12-12 13:33:55 - [TEST_STEP][PASSED] - Statement - eighteenYrsAgo = intCurrentYear - 18: null

2018-12-12 13:33:55 - [TEST_STEP][PASSED] - Statement - eighteenYrsBeforeThisYr = eighteenYrsAgo.toString(): null

2018-12-12 13:33:55 - [TEST_STEP][PASSED] - Statement - EighteenYrsBefore = eighteenYrsBeforeThisYr: null

2018-12-12 13:33:55 - [TEST_STEP][PASSED] - Statement - fiftysevenYrsAgo = intCurrentYear - 57: null

2018-12-12 13:33:55 - [TEST_STEP][PASSED] - Statement - fiftysevenYrsBeforeThisYr = fiftysevenYrsAgo.toString(): null

2018-12-12 13:33:55 - [TEST_STEP][PASSED] - Statement - FiftysevenYrsBefore = fiftysevenYrsBeforeThisYr: null

2018-12-12 13:33:55 - [TEST_STEP][PASSED] - Statement - leapYear = false: null

2018-12-12 13:33:55 - [TEST_STEP][PASSED] - Statement - leapYear = intCurrentYear % 4 == 0: null

2018-12-12 13:33:55 - [TEST_STEP][PASSED] - Statement - CurrentDateNoFilter.applyPattern("dd"): null

2018-12-12 13:33:55 - [TEST_STEP][PASSED] - Statement - CurrentDate = CurrentDateNoFilter.format(TodayDate): null

2018-12-12 13:33:55 - [TEST_STEP][PASSED] - Statement - CurrentDate = java.lang.Integer.parseInt(CurrentDate): null

2018-12-12 13:33:55 - [TEST_STEP][PASSED] - Statement - CurrentDate = CurrentDate: null

2018-12-12 13:33:55 - [TEST_STEP][PASSED] - Statement - CurrentDay = java.lang.Integer.parseInt(CurrentDate): null

2018-12-12 13:33:55 - [TEST_STEP][PASSED] - Statement - ConfAdder = <not implemented yet for class: org.codehaus.groovy.ast.expr.EmptyExpression>: null

2018-12-12 13:33:55 - [TEST_STEP][PASSED] - Statement - out.println(CurrentMonth): null

2018-12-12 13:33:55 - [TEST_STEP][PASSED] - Statement - out.println(CurrentDate): null

2018-12-12 13:33:55 - [TEST_STEP][PASSED] - Statement - switch (CurrentDate): null

2018-12-12 13:33:55 - [TEST_STEP][PASSED] - Statement - Default: null

2018-12-12 13:33:55 - [TEST_STEP][PASSED] - Statement - ConfAdder = true: null

2018-12-12 13:33:55 - [TEST_STEP][PASSED] - Statement - Break: null

2018-12-12 13:33:55 - [TEST_STEP][PASSED] - Statement - aDayBefore = <not implemented yet for class: org.codehaus.groovy.ast.expr.EmptyExpression>: null

2018-12-12 13:33:55 - [TEST_STEP][PASSED] - Statement - out.println(ConfAdder): null

2018-12-12 13:33:55 - [TEST_STEP][PASSED] - Statement - If (ConfAdder == true): null

2018-12-12 13:33:55 - [TEST_STEP][PASSED] - Statement - aDayBefore = CurrentDay + 1: null

2018-12-12 13:33:55 - [TEST_STEP][PASSED] - Statement - out.println(aDayBefore): null

2018-12-12 13:33:55 - [TEST_STEP][PASSED] - Statement - If (aDayBefore == 1 && CurrentMonth == 11): null

2018-12-12 13:33:55 - [TEST_STEP][PASSED] - Statement - DayBefore = aDayBefore.toString(): null

2018-12-12 13:33:55 - [TEST_STEP][PASSED] - Statement - OneDayBefore = DayBefore: null

2018-12-12 13:33:55 - [MESSAGE][PASSED] - Call Test Case 'Test Cases/Final Aug 2018 - PKS Automation/Registration Module/New Registration/Form 2/Date Updater' successfully

2018-12-12 13:33:55 - [TEST_STEP][PASSED] - Statement - CaseReferenceNo = com.kms.katalon.core.webui.keyword.WebUiBuiltInKeywords.getText(com.kms.katalon.core.testobject.ObjectRepository.findTestObject(Final Object Repo/New Registration - Registration Module Pages/Form 2/RefNo Acquiring)): Text of object 'Object Repository/Final Object Repo/New Registration - Registration Module Pages/Form 2/RefNo Acquiring' is: 'CRN12201800123198'

2018-12-12 13:33:55 - [MESSAGE][PASSED] - Text of object 'Object Repository/Final Object Repo/New Registration - Registration Module Pages/Form 2/RefNo Acquiring' is: 'CRN12201800123198'

2018-12-12 13:33:55 - [TEST_STEP][PASSED] - delay: Delayed 4 second(s)

2018-12-12 13:33:59 - [MESSAGE][PASSED] - Delayed 4 second(s)

2018-12-12 13:33:59 - [TEST_STEP][PASSED] - click: Object: 'Object Repository/Final Object Repo/New Registration - Registration Module Pages/Form 2/Add Employee Button' is clicked on

2018-12-12 13:33:59 - [MESSAGE][PASSED] - Object: 'Object Repository/Final Object Repo/New Registration - Registration Module Pages/Form 2/Add Employee Button' is clicked on

2018-12-12 13:33:59 - [TEST_STEP][PASSED] - delay: Delayed 1 second(s)

2018-12-12 13:34:00 - [MESSAGE][PASSED] - Delayed 1 second(s)

2018-12-12 13:34:00 - [TEST_STEP][PASSED] - setText: Text '010903091984' is set on object 'Object Repository/Final Object Repo/New Registration - Registration Module Pages/Form 2/NRIC Input'

2018-12-12 13:34:00 - [MESSAGE][PASSED] - Text '010903091984' is set on object 'Object Repository/Final Object Repo/New Registration - Registration Module Pages/Form 2/NRIC Input'

2018-12-12 13:34:00 - [TEST_STEP][PASSED] - click: Object: 'Object Repository/Final Object Repo/New Registration - Registration Module Pages/Form 2/button for search for IC' is clicked on

2018-12-12 13:34:01 - [MESSAGE][PASSED] - Object: 'Object Repository/Final Object Repo/New Registration - Registration Module Pages/Form 2/button for search for IC' is clicked on

2018-12-12 13:34:01 - [TEST_STEP][PASSED] - delay: Delayed 2 second(s)

2018-12-12 13:34:03 - [MESSAGE][PASSED] - Delayed 2 second(s)

2018-12-12 13:34:03 - [TEST_STEP][PASSED] - setText: Text 'Automate001 eligible 1' is set on object 'Object Repository/Final Object Repo/New Registration - Registration Module Pages/Form 2/Employee Name Input'

2018-12-12 13:34:03 - [MESSAGE][PASSED] - Text 'Automate001 eligible 1' is set on object 'Object Repository/Final Object Repo/New Registration - Registration Module Pages/Form 2/Employee Name Input'

2018-12-12 13:34:03 - [TEST_STEP][PASSED] - delay: Delayed 2 second(s)

2018-12-12 13:34:05 - [MESSAGE][PASSED] - Delayed 2 second(s)

2018-12-12 13:34:05 - [TEST_STEP][PASSED] - click: Object: 'Object Repository/Final Object Repo/New Registration - Registration Module Pages/Form 2/DatePicker Pop Up' is clicked on

2018-12-12 13:34:05 - [MESSAGE][PASSED] - Object: 'Object Repository/Final Object Repo/New Registration - Registration Module Pages/Form 2/DatePicker Pop Up' is clicked on

2018-12-12 13:34:05 - [TEST_STEP][PASSED] - click: Object: 'Object Repository/Final Object Repo/New Registration - Registration Module Pages/Form 2/DOB Month' is clicked on

2018-12-12 13:34:06 - [MESSAGE][PASSED] - Object: 'Object Repository/Final Object Repo/New Registration - Registration Module Pages/Form 2/DOB Month' is clicked on

2018-12-12 13:34:06 - [TEST_STEP][PASSED] - Statement - CurrentMonth = CurrentMonth: null

2018-12-12 13:34:06 - [TEST_STEP][PASSED] - Statement - selectMonth = new com.kms.katalon.core.testobject.TestObject(): null

2018-12-12 13:34:06 - [TEST_STEP][PASSED] - Statement - selectMonth.addProperty("xpath", EQUALS, "//body/div/div/div/select/option[@value='" + CurrentMonth + "']", true): null

2018-12-12 13:34:06 - [TEST_STEP][PASSED] - click: Object: '' is clicked on

2018-12-12 13:34:06 - [MESSAGE][PASSED] - Object: '' is clicked on

2018-12-12 13:34:06 - [TEST_STEP][PASSED] - click: Object: 'Object Repository/Final Object Repo/New Registration - Registration Module Pages/Form 2/DOB Year' is clicked on

2018-12-12 13:34:06 - [MESSAGE][PASSED] - Object: 'Object Repository/Final Object Repo/New Registration - Registration Module Pages/Form 2/DOB Year' is clicked on

2018-12-12 13:34:06 - [TEST_STEP][PASSED] - Statement - Eyearsbf = EighteenYrsBefore: null

2018-12-12 13:34:06 - [TEST_STEP][PASSED] - Statement - selectYear = new com.kms.katalon.core.testobject.TestObject(): null

2018-12-12 13:34:06 - [TEST_STEP][PASSED] - Statement - selectYear.addProperty("xpath", EQUALS, "//div/div/div/select/option[@value='" + Eyearsbf + "']", true): null

2018-12-12 13:34:06 - [TEST_STEP][PASSED] - click: Object: '' is clicked on

2018-12-12 13:34:06 - [MESSAGE][PASSED] - Object: '' is clicked on

2018-12-12 13:34:06 - [TEST_STEP][PASSED] - Statement - UpdatedSelectDate = com.kms.katalon.core.webui.keyword.WebUiBuiltInKeywords.modifyObjectProperty(com.kms.katalon.core.testobject.ObjectRepository.findTestObject(Final Object Repo/New Registration - Registration Module Pages/Form 2/DOB Date), "xpath", "equals", "//body/div/table/tbody/tr/td/a[text()="" + CurrentDate + ""]", true): Modify property of object successfully

2018-12-12 13:34:06 - [MESSAGE][PASSED] - Modify property of object successfully

2018-12-12 13:34:06 - [TEST_STEP][PASSED] - delay: Delayed 3 second(s)

2018-12-12 13:34:09 - [MESSAGE][PASSED] - Delayed 3 second(s)

2018-12-12 13:34:09 - [TEST_STEP][PASSED] - click: Object: 'Object Repository/Final Object Repo/New Registration - Registration Module Pages/Form 2/DOB Date' is clicked on

2018-12-12 13:34:09 - [MESSAGE][PASSED] - Object: 'Object Repository/Final Object Repo/New Registration - Registration Module Pages/Form 2/DOB Date' is clicked on

2018-12-12 13:34:09 - [TEST_STEP][PASSED] - delay: Delayed 2 second(s)

2018-12-12 13:34:11 - [MESSAGE][PASSED] - Delayed 2 second(s)

2018-12-12 13:34:11 - [TEST_STEP][PASSED] - click: Object: 'Object Repository/Final Object Repo/New Registration - Registration Module Pages/Form 2/EmploymentStartDate Pop Up' is clicked on

2018-12-12 13:34:11 - [MESSAGE][PASSED] - Object: 'Object Repository/Final Object Repo/New Registration - Registration Module Pages/Form 2/EmploymentStartDate Pop Up' is clicked on

2018-12-12 13:34:11 - [TEST_STEP][PASSED] - delay: Delayed 2 second(s)

2018-12-12 13:34:13 - [MESSAGE][PASSED] - Delayed 2 second(s)

2018-12-12 13:34:13 - [TEST_STEP][PASSED] - click: Object: 'Object Repository/Final Object Repo/New Registration - Registration Module Pages/Form 2/Socso Employment StartDate Month' is clicked on

2018-12-12 13:34:13 - [MESSAGE][PASSED] - Object: 'Object Repository/Final Object Repo/New Registration - Registration Module Pages/Form 2/Socso Employment StartDate Month' is clicked on

2018-12-12 13:34:13 - [TEST_STEP][PASSED] - delay: Delayed 1 second(s)

2018-12-12 13:34:14 - [MESSAGE][PASSED] - Delayed 1 second(s)

2018-12-12 13:34:14 - [TEST_STEP][PASSED] - click: Object: 'Object Repository/Final Object Repo/New Registration - Registration Module Pages/Form 2/Select Socso Employement Startdate Month' is clicked on

2018-12-12 13:34:15 - [MESSAGE][PASSED] - Object: 'Object Repository/Final Object Repo/New Registration - Registration Module Pages/Form 2/Select Socso Employement Startdate Month' is clicked on

2018-12-12 13:34:15 - [TEST_STEP][PASSED] - delay: Delayed 2 second(s)

2018-12-12 13:34:17 - [MESSAGE][PASSED] - Delayed 2 second(s)

2018-12-12 13:34:17 - [TEST_STEP][PASSED] - click: Object: 'Object Repository/Final Object Repo/New Registration - Registration Module Pages/Form 2/Socso Employment StartDate Year' is clicked on

2018-12-12 13:34:17 - [MESSAGE][PASSED] - Object: 'Object Repository/Final Object Repo/New Registration - Registration Module Pages/Form 2/Socso Employment StartDate Year' is clicked on

2018-12-12 13:34:17 - [TEST_STEP][PASSED] - delay: Delayed 1 second(s)

2018-12-12 13:34:18 - [MESSAGE][PASSED] - Delayed 1 second(s)

2018-12-12 13:34:18 - [TEST_STEP][PASSED] - click: Object: 'Object Repository/Final Object Repo/New Registration - Registration Module Pages/Form 2/Select Socso Employment Startdate Year' is clicked on

2018-12-12 13:34:18 - [MESSAGE][PASSED] - Object: 'Object Repository/Final Object Repo/New Registration - Registration Module Pages/Form 2/Select Socso Employment Startdate Year' is clicked on

2018-12-12 13:34:18 - [TEST_STEP][PASSED] - delay: Delayed 2 second(s)

2018-12-12 13:34:20 - [MESSAGE][PASSED] - Delayed 2 second(s)

2018-12-12 13:34:20 - [TEST_STEP][PASSED] - click: Object: 'Object Repository/Final Object Repo/New Registration - Registration Module Pages/Form 2/Socso Employment Start Date Day' is clicked on

2018-12-12 13:34:20 - [MESSAGE][PASSED] - Object: 'Object Repository/Final Object Repo/New Registration - Registration Module Pages/Form 2/Socso Employment Start Date Day' is clicked on

2018-12-12 13:34:20 - [TEST_STEP][PASSED] - delay: Delayed 2 second(s)

2018-12-12 13:34:22 - [MESSAGE][PASSED] - Delayed 2 second(s)

2018-12-12 13:34:22 - [TEST_STEP][PASSED] - click: Object: 'Object Repository/Final Object Repo/New Registration - Registration Module Pages/Form 2/Save Button for Add Employee' is clicked on

2018-12-12 13:34:22 - [MESSAGE][PASSED] - Object: 'Object Repository/Final Object Repo/New Registration - Registration Module Pages/Form 2/Save Button for Add Employee' is clicked on

2018-12-12 13:34:22 - [TEST_STEP][PASSED] - delay: Delayed 6 second(s)

2018-12-12 13:34:28 - [MESSAGE][PASSED] - Delayed 6 second(s)

2018-12-12 13:34:28 - [TEST_STEP][PASSED] - click: Object: 'Object Repository/Final Object Repo/New Registration - Registration Module Pages/Form 2/Incomplete Checkbox' is clicked on

2018-12-12 13:34:29 - [MESSAGE][PASSED] - Object: 'Object Repository/Final Object Repo/New Registration - Registration Module Pages/Form 2/Incomplete Checkbox' is clicked on

2018-12-12 13:34:29 - [TEST_STEP][PASSED] - delay: Delayed 2 second(s)

2018-12-12 13:34:31 - [MESSAGE][PASSED] - Delayed 2 second(s)

2018-12-12 13:34:31 - [TEST_STEP][PASSED] - click: Object: 'Object Repository/Final Object Repo/New Registration - Registration Module Pages/Form 2/Save and Continue Form 2' is clicked on

2018-12-12 13:34:31 - [MESSAGE][PASSED] - Object: 'Object Repository/Final Object Repo/New Registration - Registration Module Pages/Form 2/Save and Continue Form 2' is clicked on

2018-12-12 13:34:31 - [MESSAGE][PASSED] - Call Test Case 'Test Cases/Final Aug 2018 - PKS Automation/Registration Module/New Registration/Form 2/Add 1 Eligible - Incomplete' successfully

2018-12-12 13:34:31 - [TEST_STEP][PASSED] - callTestCase: Call Test Case 'Test Cases/Final Aug 2018 - PKS Automation/Registration Module/New Registration/Flow of New Registration/Third Screen - Upload Supporting Doc - Preview' successfully

2018-12-12 13:34:31 - [TEST_CASE][PASSED] - Test Cases/Final Aug 2018 - PKS Automation/Registration Module/New Registration/Flow of New Registration/Third Screen - Upload Supporting Doc - Preview: Test Cases/Final Aug 2018 - PKS Automation/Registration Module/New Registration/Flow of New Registration/Third Screen - Upload Supporting Doc - Preview

2018-12-12 13:34:31 - [TEST_STEP][PASSED] - waitForPageLoad: Wait for page load successfully

2018-12-12 13:34:32 - [MESSAGE][PASSED] - Wait for page load successfully

2018-12-12 13:34:32 - [TEST_STEP][PASSED] - Statement - CaseReferenceNo = com.kms.katalon.core.webui.keyword.WebUiBuiltInKeywords.getText(com.kms.katalon.core.testobject.ObjectRepository.findTestObject(Final Object Repo/New Registration - Registration Module Pages/Third Screen - Upload Supporting Doc- Preview/RefNo Acquiring)): Text of object 'Object Repository/Final Object Repo/New Registration - Registration Module Pages/Third Screen - Upload Supporting Doc- Preview/RefNo Acquiring' is: 'CRN12201800123198'

2018-12-12 13:34:32 - [MESSAGE][PASSED] - Text of object 'Object Repository/Final Object Repo/New Registration - Registration Module Pages/Third Screen - Upload Supporting Doc- Preview/RefNo Acquiring' is: 'CRN12201800123198'

2018-12-12 13:34:32 - [TEST_STEP][PASSED] - delay: Delayed 2 second(s)

2018-12-12 13:34:34 - [MESSAGE][PASSED] - Delayed 2 second(s)

2018-12-12 13:34:34 - [TEST_STEP][PASSED] - callTestCase: Call Test Case 'Test Cases/Final Aug 2018 - PKS Automation/Common/Reference Number Setter' successfully

2018-12-12 13:34:34 - [TEST_CASE][PASSED] - Test Cases/Final Aug 2018 - PKS Automation/Common/Reference Number Setter: Test Cases/Final Aug 2018 - PKS Automation/Common/Reference Number Setter

2018-12-12 13:34:34 - [TEST_STEP][PASSED] - Statement - RefNoOldFile = new java.io.File(C://Users//Admin//Desktop//PKS//Automation Reference Point//KatalonReference.txt): null

2018-12-12 13:34:34 - [TEST_STEP][PASSED] - Statement - RefNoOldFile.delete(): null

2018-12-12 13:34:34 - [TEST_STEP][PASSED] - delay: Delayed 5 second(s)

2018-12-12 13:34:39 - [MESSAGE][PASSED] - Delayed 5 second(s)

2018-12-12 13:34:39 - [TEST_STEP][PASSED] - Statement - RefNo = new java.io.File(C://Users//Admin//Desktop//PKS//Automation Reference Point//KatalonReference.txt): null

2018-12-12 13:34:39 - [TEST_STEP][PASSED] - Statement - f2 = new java.io.FileWriter(RefNo, false): null

2018-12-12 13:34:39 - [TEST_STEP][PASSED] - Statement - f2.write(CaseReferenceNo): null

2018-12-12 13:34:39 - [TEST_STEP][PASSED] - Statement - f2.close(): null

2018-12-12 13:34:39 - [TEST_STEP][PASSED] - Statement - out.println("


" + CaseReferenceNo + "


"): null

2018-12-12 13:34:39 - [MESSAGE][PASSED] - Call Test Case 'Test Cases/Final Aug 2018 - PKS Automation/Common/Reference Number Setter' successfully

2018-12-12 13:34:39 - [TEST_STEP][PASSED] - waitForElementClickable: Object 'Object Repository/Final Object Repo/New Registration - Registration Module Pages/Third Screen - Upload Supporting Doc- Preview/Save n Continue in SIP Employee Listing Page' is clickable

2018-12-12 13:34:39 - [MESSAGE][PASSED] - Object 'Object Repository/Final Object Repo/New Registration - Registration Module Pages/Third Screen - Upload Supporting Doc- Preview/Save n Continue in SIP Employee Listing Page' is clickable

2018-12-12 13:34:39 - [TEST_STEP][PASSED] - click: Object: 'Object Repository/Final Object Repo/New Registration - Registration Module Pages/Third Screen - Upload Supporting Doc- Preview/Save n Continue in SIP Employee Listing Page' is clicked on

2018-12-12 13:34:44 - [MESSAGE][PASSED] - Object: 'Object Repository/Final Object Repo/New Registration - Registration Module Pages/Third Screen - Upload Supporting Doc- Preview/Save n Continue in SIP Employee Listing Page' is clicked on

2018-12-12 13:34:44 - [TEST_STEP][PASSED] - delay: Delayed 7 second(s)

2018-12-12 13:34:51 - [MESSAGE][PASSED] - Delayed 7 second(s)

2018-12-12 13:34:51 - [TEST_STEP][PASSED] - click: Object: 'Object Repository/Final Object Repo/New Registration - Registration Module Pages/Third Screen - Upload Supporting Doc- Preview/Add Document Button' is clicked on

2018-12-12 13:34:51 - [MESSAGE][PASSED] - Object: 'Object Repository/Final Object Repo/New Registration - Registration Module Pages/Third Screen - Upload Supporting Doc- Preview/Add Document Button' is clicked on

2018-12-12 13:34:51 - [TEST_STEP][PASSED] - delay: Delayed 30 second(s)

2018-12-12 13:35:21 - [MESSAGE][PASSED] - Delayed 30 second(s)

2018-12-12 13:35:21 - [TEST_STEP][PASSED] - click: Object: 'Object Repository/Final Object Repo/New Registration - Registration Module Pages/Third Screen - Upload Supporting Doc- Preview/Supporting Doc Please Select Drop Down' is clicked on

2018-12-12 13:35:22 - [MESSAGE][PASSED] - Object: 'Object Repository/Final Object Repo/New Registration - Registration Module Pages/Third Screen - Upload Supporting Doc- Preview/Supporting Doc Please Select Drop Down' is clicked on

2018-12-12 13:35:22 - [TEST_STEP][PASSED] - delay: Delayed 2 second(s)

2018-12-12 13:35:24 - [MESSAGE][PASSED] - Delayed 2 second(s)

2018-12-12 13:35:24 - [TEST_STEP][PASSED] - click: Object: 'Object Repository/Final Object Repo/New Registration - Registration Module Pages/Third Screen - Upload Supporting Doc- Preview/Select to Upload Form 1' is clicked on

2018-12-12 13:35:24 - [MESSAGE][PASSED] - Object: 'Object Repository/Final Object Repo/New Registration - Registration Module Pages/Third Screen - Upload Supporting Doc- Preview/Select to Upload Form 1' is clicked on

2018-12-12 13:35:24 - [TEST_STEP][PASSED] - delay: Delayed 2 second(s)

2018-12-12 13:35:26 - [MESSAGE][PASSED] - Delayed 2 second(s)

2018-12-12 13:35:26 - [TEST_STEP][PASSED] - uploadFile: File 'C:\Users\Public\Pictures\Sample Pictures\Koala.jpg' sent to object: 'Object Repository/Final Object Repo/New Registration - Registration Module Pages/Third Screen - Upload Supporting Doc- Preview/Upload File Adding'

2018-12-12 13:35:26 - [MESSAGE][PASSED] - File 'C:\Users\Public\Pictures\Sample Pictures\Koala.jpg' sent to object: 'Object Repository/Final Object Repo/New Registration - Registration Module Pages/Third Screen - Upload Supporting Doc- Preview/Upload File Adding'

2018-12-12 13:35:26 - [TEST_STEP][PASSED] - delay: Delayed 5 second(s)

2018-12-12 13:35:31 - [MESSAGE][PASSED] - Delayed 5 second(s)

2018-12-12 13:35:31 - [TEST_STEP][PASSED] - click: Object: 'Object Repository/Final Object Repo/New Registration - Registration Module Pages/Third Screen - Upload Supporting Doc- Preview/Inner Form Add Document Button' is clicked on

2018-12-12 13:35:31 - [MESSAGE][PASSED] - Object: 'Object Repository/Final Object Repo/New Registration - Registration Module Pages/Third Screen - Upload Supporting Doc- Preview/Inner Form Add Document Button' is clicked on

2018-12-12 13:35:31 - [TEST_STEP][PASSED] - delay: Delayed 3 second(s)

2018-12-12 13:35:34 - [MESSAGE][PASSED] - Delayed 3 second(s)

2018-12-12 13:35:34 - [TEST_STEP][PASSED] - click: Object: 'Object Repository/Final Object Repo/New Registration - Registration Module Pages/Third Screen - Upload Supporting Doc- Preview/Add Document Button' is clicked on

2018-12-12 13:35:35 - [MESSAGE][PASSED] - Object: 'Object Repository/Final Object Repo/New Registration - Registration Module Pages/Third Screen - Upload Supporting Doc- Preview/Add Document Button' is clicked on

2018-12-12 13:35:35 - [TEST_STEP][PASSED] - delay: Delayed 30 second(s)

2018-12-12 13:36:05 - [MESSAGE][PASSED] - Delayed 30 second(s)

2018-12-12 13:36:05 - [TEST_STEP][PASSED] - click: Object: 'Object Repository/Final Object Repo/New Registration - Registration Module Pages/Third Screen - Upload Supporting Doc- Preview/Supporting Doc Please Select Drop Down' is clicked on

2018-12-12 13:36:05 - [MESSAGE][PASSED] - Object: 'Object Repository/Final Object Repo/New Registration - Registration Module Pages/Third Screen - Upload Supporting Doc- Preview/Supporting Doc Please Select Drop Down' is clicked on

2018-12-12 13:36:05 - [TEST_STEP][PASSED] - delay: Delayed 4 second(s)

2018-12-12 13:36:09 - [MESSAGE][PASSED] - Delayed 4 second(s)

2018-12-12 13:36:09 - [TEST_STEP][PASSED] - click: Object: 'Object Repository/Final Object Repo/New Registration - Registration Module Pages/Third Screen - Upload Supporting Doc- Preview/Select to Upload Form 2' is clicked on

2018-12-12 13:36:10 - [MESSAGE][PASSED] - Object: 'Object Repository/Final Object Repo/New Registration - Registration Module Pages/Third Screen - Upload Supporting Doc- Preview/Select to Upload Form 2' is clicked on

2018-12-12 13:36:10 - [TEST_STEP][PASSED] - delay: Delayed 2 second(s)

2018-12-12 13:36:12 - [MESSAGE][PASSED] - Delayed 2 second(s)

2018-12-12 13:36:12 - [TEST_STEP][PASSED] - uploadFile: File 'C:\Users\Public\Pictures\Sample Pictures\Koala.jpg' sent to object: 'Object Repository/Final Object Repo/New Registration - Registration Module Pages/Third Screen - Upload Supporting Doc- Preview/Upload File Adding'

2018-12-12 13:36:12 - [MESSAGE][PASSED] - File 'C:\Users\Public\Pictures\Sample Pictures\Koala.jpg' sent to object: 'Object Repository/Final Object Repo/New Registration - Registration Module Pages/Third Screen - Upload Supporting Doc- Preview/Upload File Adding'

2018-12-12 13:36:12 - [TEST_STEP][PASSED] - click: Object: 'Object Repository/Final Object Repo/New Registration - Registration Module Pages/Third Screen - Upload Supporting Doc- Preview/Inner Form Add Document Button' is clicked on

2018-12-12 13:36:12 - [MESSAGE][PASSED] - Object: 'Object Repository/Final Object Repo/New Registration - Registration Module Pages/Third Screen - Upload Supporting Doc- Preview/Inner Form Add Document Button' is clicked on

2018-12-12 13:36:12 - [TEST_STEP][PASSED] - delay: Delayed 5 second(s)

2018-12-12 13:36:17 - [MESSAGE][PASSED] - Delayed 5 second(s)

2018-12-12 13:36:17 - [TEST_STEP][PASSED] - click: Object: 'Object Repository/Final Object Repo/New Registration - Registration Module Pages/Third Screen - Upload Supporting Doc- Preview/Add Document Button' is clicked on

2018-12-12 13:36:17 - [MESSAGE][PASSED] - Object: 'Object Repository/Final Object Repo/New Registration - Registration Module Pages/Third Screen - Upload Supporting Doc- Preview/Add Document Button' is clicked on

2018-12-12 13:36:17 - [TEST_STEP][PASSED] - delay: Delayed 30 second(s)

2018-12-12 13:36:47 - [MESSAGE][PASSED] - Delayed 30 second(s)

2018-12-12 13:36:47 - [TEST_STEP][PASSED] - click: Object: 'Object Repository/Final Object Repo/New Registration - Registration Module Pages/Third Screen - Upload Supporting Doc- Preview/Supporting Doc Please Select Drop Down' is clicked on

2018-12-12 13:36:47 - [MESSAGE][PASSED] - Object: 'Object Repository/Final Object Repo/New Registration - Registration Module Pages/Third Screen - Upload Supporting Doc- Preview/Supporting Doc Please Select Drop Down' is clicked on

2018-12-12 13:36:47 - [TEST_STEP][PASSED] - click: Object: 'Object Repository/Final Object Repo/New Registration - Registration Module Pages/Third Screen - Upload Supporting Doc- Preview/Select to Upload Borang SIP 1' is clicked on

2018-12-12 13:36:47 - [MESSAGE][PASSED] - Object: 'Object Repository/Final Object Repo/New Registration - Registration Module Pages/Third Screen - Upload Supporting Doc- Preview/Select to Upload Borang SIP 1' is clicked on

2018-12-12 13:36:47 - [TEST_STEP][PASSED] - delay: Delayed 2 second(s)

2018-12-12 13:36:49 - [MESSAGE][PASSED] - Delayed 2 second(s)

2018-12-12 13:36:49 - [TEST_STEP][PASSED] - uploadFile: File 'C:\Users\Public\Pictures\Sample Pictures\Koala.jpg' sent to object: 'Object Repository/Final Object Repo/New Registration - Registration Module Pages/Third Screen - Upload Supporting Doc- Preview/Upload File Adding'

2018-12-12 13:36:50 - [MESSAGE][PASSED] - File 'C:\Users\Public\Pictures\Sample Pictures\Koala.jpg' sent to object: 'Object Repository/Final Object Repo/New Registration - Registration Module Pages/Third Screen - Upload Supporting Doc- Preview/Upload File Adding'

2018-12-12 13:36:50 - [TEST_STEP][PASSED] - click: Object: 'Object Repository/Final Object Repo/New Registration - Registration Module Pages/Third Screen - Upload Supporting Doc- Preview/Inner Form Add Document Button' is clicked on

2018-12-12 13:36:50 - [MESSAGE][PASSED] - Object: 'Object Repository/Final Object Repo/New Registration - Registration Module Pages/Third Screen - Upload Supporting Doc- Preview/Inner Form Add Document Button' is clicked on

2018-12-12 13:36:50 - [TEST_STEP][PASSED] - delay: Delayed 5 second(s)

2018-12-12 13:36:55 - [MESSAGE][PASSED] - Delayed 5 second(s)

2018-12-12 13:36:55 - [TEST_STEP][PASSED] - click: Object: 'Object Repository/Final Object Repo/New Registration - Registration Module Pages/Third Screen - Upload Supporting Doc- Preview/Add Document Button' is clicked on

2018-12-12 13:36:55 - [MESSAGE][PASSED] - Object: 'Object Repository/Final Object Repo/New Registration - Registration Module Pages/Third Screen - Upload Supporting Doc- Preview/Add Document Button' is clicked on

2018-12-12 13:36:55 - [TEST_STEP][PASSED] - delay: Delayed 30 second(s)

2018-12-12 13:37:25 - [MESSAGE][PASSED] - Delayed 30 second(s)

2018-12-12 13:37:25 - [TEST_STEP][PASSED] - click: Object: 'Object Repository/Final Object Repo/New Registration - Registration Module Pages/Third Screen - Upload Supporting Doc- Preview/Supporting Doc Please Select Drop Down' is clicked on

2018-12-12 13:37:25 - [MESSAGE][PASSED] - Object: 'Object Repository/Final Object Repo/New Registration - Registration Module Pages/Third Screen - Upload Supporting Doc- Preview/Supporting Doc Please Select Drop Down' is clicked on

2018-12-12 13:37:25 - [TEST_STEP][PASSED] - delay: Delayed 3 second(s)

2018-12-12 13:37:28 - [MESSAGE][PASSED] - Delayed 3 second(s)

2018-12-12 13:37:28 - [TEST_STEP][PASSED] - click: Object: 'Object Repository/Final Object Repo/New Registration - Registration Module Pages/Third Screen - Upload Supporting Doc- Preview/Select to Upload Borang SIP 2' is clicked on

2018-12-12 13:37:28 - [MESSAGE][PASSED] - Object: 'Object Repository/Final Object Repo/New Registration - Registration Module Pages/Third Screen - Upload Supporting Doc- Preview/Select to Upload Borang SIP 2' is clicked on

2018-12-12 13:37:28 - [TEST_STEP][PASSED] - delay: Delayed 2 second(s)

2018-12-12 13:37:30 - [MESSAGE][PASSED] - Delayed 2 second(s)

2018-12-12 13:37:30 - [TEST_STEP][PASSED] - uploadFile: File 'C:\Users\Public\Pictures\Sample Pictures\Koala.jpg' sent to object: 'Object Repository/Final Object Repo/New Registration - Registration Module Pages/Third Screen - Upload Supporting Doc- Preview/Upload File Adding'

2018-12-12 13:37:30 - [MESSAGE][PASSED] - File 'C:\Users\Public\Pictures\Sample Pictures\Koala.jpg' sent to object: 'Object Repository/Final Object Repo/New Registration - Registration Module Pages/Third Screen - Upload Supporting Doc- Preview/Upload File Adding'

2018-12-12 13:37:30 - [TEST_STEP][PASSED] - delay: Delayed 5 second(s)

2018-12-12 13:37:35 - [MESSAGE][PASSED] - Delayed 5 second(s)

2018-12-12 13:37:35 - [TEST_STEP][PASSED] - click: Object: 'Object Repository/Final Object Repo/New Registration - Registration Module Pages/Third Screen - Upload Supporting Doc- Preview/Inner Form Add Document Button' is clicked on

2018-12-12 13:37:36 - [MESSAGE][PASSED] - Object: 'Object Repository/Final Object Repo/New Registration - Registration Module Pages/Third Screen - Upload Supporting Doc- Preview/Inner Form Add Document Button' is clicked on

2018-12-12 13:37:36 - [TEST_STEP][PASSED] - delay: Delayed 3 second(s)

2018-12-12 13:37:39 - [MESSAGE][PASSED] - Delayed 3 second(s)

2018-12-12 13:37:39 - [TEST_STEP][PASSED] - waitForElementClickable: Object 'Object Repository/Final Object Repo/New Registration - Registration Module Pages/Third Screen - Upload Supporting Doc- Preview/Save n Continue in Uploading Supporting Doc Page' is clickable

2018-12-12 13:37:40 - [MESSAGE][PASSED] - Object 'Object Repository/Final Object Repo/New Registration - Registration Module Pages/Third Screen - Upload Supporting Doc- Preview/Save n Continue in Uploading Supporting Doc Page' is clickable

2018-12-12 13:37:40 - [TEST_STEP][PASSED] - click: Object: 'Object Repository/Final Object Repo/New Registration - Registration Module Pages/Third Screen - Upload Supporting Doc- Preview/Save n Continue in Uploading Supporting Doc Page' is clicked on

2018-12-12 13:37:40 - [MESSAGE][PASSED] - Object: 'Object Repository/Final Object Repo/New Registration - Registration Module Pages/Third Screen - Upload Supporting Doc- Preview/Save n Continue in Uploading Supporting Doc Page' is clicked on

2018-12-12 13:37:40 - [MESSAGE][PASSED] - Call Test Case 'Test Cases/Final Aug 2018 - PKS Automation/Registration Module/New Registration/Flow of New Registration/Third Screen - Upload Supporting Doc - Preview' successfully

2018-12-12 13:37:40 - [TEST_STEP][PASSED] - callTestCase: Call Test Case 'Test Cases/Final Aug 2018 - PKS Automation/Registration Module/New Registration/Submit and Screenshot/Submit Registration and Screenshot' successfully

2018-12-12 13:37:40 - [TEST_CASE][PASSED] - Test Cases/Final Aug 2018 - PKS Automation/Registration Module/New Registration/Submit and Screenshot/Submit Registration and Screenshot: Test Cases/Final Aug 2018 - PKS Automation/Registration Module/New Registration/Submit and Screenshot/Submit Registration and Screenshot

2018-12-12 13:37:40 - [TEST_STEP][PASSED] - delay: Delayed 6 second(s)

2018-12-12 13:37:46 - [MESSAGE][PASSED] - Delayed 6 second(s)

2018-12-12 13:37:46 - [TEST_STEP][PASSED] - click: Object: 'Object Repository/Final Object Repo/New Registration - Registration Module Pages/Third Screen - Upload Supporting Doc- Preview/Preview Submit Button' is clicked on

2018-12-12 13:37:46 - [MESSAGE][PASSED] - Object: 'Object Repository/Final Object Repo/New Registration - Registration Module Pages/Third Screen - Upload Supporting Doc- Preview/Preview Submit Button' is clicked on

2018-12-12 13:37:46 - [TEST_STEP][PASSED] - delay: Delayed 2 second(s)

2018-12-12 13:37:48 - [MESSAGE][PASSED] - Delayed 2 second(s)

2018-12-12 13:37:48 - [TEST_STEP][PASSED] - click: Object: 'Object Repository/Final Object Repo/New Registration - Registration Module Pages/Third Screen - Upload Supporting Doc- Preview/Preview Submit - Confirm' is clicked on

2018-12-12 13:37:48 - [MESSAGE][PASSED] - Object: 'Object Repository/Final Object Repo/New Registration - Registration Module Pages/Third Screen - Upload Supporting Doc- Preview/Preview Submit - Confirm' is clicked on

2018-12-12 13:37:48 - [TEST_STEP][PASSED] - delay: Delayed 15 second(s)

2018-12-12 13:38:03 - [MESSAGE][PASSED] - Delayed 15 second(s)

2018-12-12 13:38:03 - [TEST_STEP][PASSED] - Statement - driver = com.kms.katalon.core.webui.driver.DriverFactory.getWebDriver(): null

2018-12-12 13:38:03 - [TEST_STEP][PASSED] - Statement - driver.manage().timeouts().implicitlyWait(10, SECONDS): null

2018-12-12 13:38:03 - [TEST_STEP][PASSED] - Statement - PresavePath = KatalonScreenshots: null

2018-12-12 13:38:03 - [TEST_STEP][PASSED] - Statement - pathPrefix = "C:\Users\Public\Pictures\Sample Pictures\Katalon Screenshots\Automate Ending Screen": null

2018-12-12 13:38:03 - [TEST_STEP][PASSED] - Statement - finalPath = <not implemented yet for class: org.codehaus.groovy.ast.expr.EmptyExpression>: null

2018-12-12 13:38:03 - [TEST_STEP][PASSED] - Statement - scrFile = driver.getScreenshotAs(FILE): null

2018-12-12 13:38:04 - [TEST_STEP][PASSED] - Statement - PreSaveFile = new java.io.File(PresavePath): null

2018-12-12 13:38:04 - [TEST_STEP][PASSED] - Statement - counter = 0: null

2018-12-12 13:38:04 - [TEST_STEP][PASSED] - Statement - If (PreSaveFile.exists()): null

2018-12-12 13:38:04 - [TEST_STEP][PASSED] - Statement - While (PreSaveFile.exists()): null

2018-12-12 13:38:04 - [TEST_STEP][PASSED] - Statement - counter = counter + 1: null

2018-12-12 13:38:04 - [TEST_STEP][PASSED] - Statement - PreSaveFile = new java.io.File(((pathPrefix + java.lang.Integer.toString(counter)) + .png)): null

2018-12-12 13:38:04 - [TEST_STEP][PASSED] - Statement - counter = counter + 1: null

2018-12-12 13:38:04 - [TEST_STEP][PASSED] - Statement - PreSaveFile = new java.io.File(((pathPrefix + java.lang.Integer.toString(counter)) + .png)): null

2018-12-12 13:38:04 - [TEST_STEP][PASSED] - Statement - counter = counter + 1: null

2018-12-12 13:38:04 - [TEST_STEP][PASSED] - Statement - PreSaveFile = new java.io.File(((pathPrefix + java.lang.Integer.toString(counter)) + .png)): null

2018-12-12 13:38:04 - [TEST_STEP][PASSED] - Statement - counter = counter + 1: null

2018-12-12 13:38:04 - [TEST_STEP][PASSED] - Statement - PreSaveFile = new java.io.File(((pathPrefix + java.lang.Integer.toString(counter)) + .png)): null

2018-12-12 13:38:04 - [TEST_STEP][PASSED] - Statement - counter = counter + 1: null

2018-12-12 13:38:04 - [TEST_STEP][PASSED] - Statement - PreSaveFile = new java.io.File(((pathPrefix + java.lang.Integer.toString(counter)) + .png)): null

2018-12-12 13:38:04 - [TEST_STEP][PASSED] - Statement - counter = counter + 1: null

2018-12-12 13:38:04 - [TEST_STEP][PASSED] - Statement - PreSaveFile = new java.io.File(((pathPrefix + java.lang.Integer.toString(counter)) + .png)): null

2018-12-12 13:38:04 - [TEST_STEP][PASSED] - Statement - counter = counter + 1: null

2018-12-12 13:38:04 - [TEST_STEP][PASSED] - Statement - PreSaveFile = new java.io.File(((pathPrefix + java.lang.Integer.toString(counter)) + .png)): null

2018-12-12 13:38:04 - [TEST_STEP][PASSED] - Statement - counter = counter + 1: null

2018-12-12 13:38:04 - [TEST_STEP][PASSED] - Statement - PreSaveFile = new java.io.File(((pathPrefix + java.lang.Integer.toString(counter)) + .png)): null

2018-12-12 13:38:04 - [TEST_STEP][PASSED] - Statement - counter = counter + 1: null

2018-12-12 13:38:04 - [TEST_STEP][PASSED] - Statement - PreSaveFile = new java.io.File(((pathPrefix + java.lang.Integer.toString(counter)) + .png)): null

2018-12-12 13:38:04 - [TEST_STEP][PASSED] - Statement - counter = counter + 1: null

2018-12-12 13:38:04 - [TEST_STEP][PASSED] - Statement - PreSaveFile = new java.io.File(((pathPrefix + java.lang.Integer.toString(counter)) + .png)): null

2018-12-12 13:38:04 - [TEST_STEP][PASSED] - Statement - counter = counter + 1: null

2018-12-12 13:38:04 - [TEST_STEP][PASSED] - Statement - PreSaveFile = new java.io.File(((pathPrefix + java.lang.Integer.toString(counter)) + .png)): null

2018-12-12 13:38:04 - [TEST_STEP][PASSED] - Statement - counter = counter + 1: null

2018-12-12 13:38:04 - [TEST_STEP][PASSED] - Statement - PreSaveFile = new java.io.File(((pathPrefix + java.lang.Integer.toString(counter)) + .png)): null

2018-12-12 13:38:04 - [TEST_STEP][PASSED] - Statement - counter = counter + 1: null

2018-12-12 13:38:04 - [TEST_STEP][PASSED] - Statement - PreSaveFile = new java.io.File(((pathPrefix + java.lang.Integer.toString(counter)) + .png)): null

2018-12-12 13:38:04 - [TEST_STEP][PASSED] - Statement - counter = counter + 1: null

2018-12-12 13:38:04 - [TEST_STEP][PASSED] - Statement - PreSaveFile = new java.io.File(((pathPrefix + java.lang.Integer.toString(counter)) + .png)): null

2018-12-12 13:38:04 - [TEST_STEP][PASSED] - Statement - counter = counter + 1: null

2018-12-12 13:38:04 - [TEST_STEP][PASSED] - Statement - PreSaveFile = new java.io.File(((pathPrefix + java.lang.Integer.toString(counter)) + .png)): null

2018-12-12 13:38:04 - [TEST_STEP][PASSED] - Statement - counter = counter + 1: null

2018-12-12 13:38:04 - [TEST_STEP][PASSED] - Statement - PreSaveFile = new java.io.File(((pathPrefix + java.lang.Integer.toString(counter)) + .png)): null

2018-12-12 13:38:04 - [TEST_STEP][PASSED] - Statement - counter = counter + 1: null

2018-12-12 13:38:04 - [TEST_STEP][PASSED] - Statement - PreSaveFile = new java.io.File(((pathPrefix + java.lang.Integer.toString(counter)) + .png)): null

2018-12-12 13:38:04 - [TEST_STEP][PASSED] - Statement - counter = counter + 1: null

2018-12-12 13:38:04 - [TEST_STEP][PASSED] - Statement - PreSaveFile = new java.io.File(((pathPrefix + java.lang.Integer.toString(counter)) + .png)): null

2018-12-12 13:38:04 - [TEST_STEP][PASSED] - Statement - counter = counter + 1: null

2018-12-12 13:38:04 - [TEST_STEP][PASSED] - Statement - PreSaveFile = new java.io.File(((pathPrefix + java.lang.Integer.toString(counter)) + .png)): null

2018-12-12 13:38:04 - [TEST_STEP][PASSED] - Statement - counter = counter + 1: null

2018-12-12 13:38:04 - [TEST_STEP][PASSED] - Statement - PreSaveFile = new java.io.File(((pathPrefix + java.lang.Integer.toString(counter)) + .png)): null

2018-12-12 13:38:04 - [TEST_STEP][PASSED] - Statement - counter = counter + 1: null

2018-12-12 13:38:04 - [TEST_STEP][PASSED] - Statement - PreSaveFile = new java.io.File(((pathPrefix + java.lang.Integer.toString(counter)) + .png)): null

2018-12-12 13:38:04 - [TEST_STEP][PASSED] - Statement - counter = counter + 1: null

2018-12-12 13:38:04 - [TEST_STEP][PASSED] - Statement - PreSaveFile = new java.io.File(((pathPrefix + java.lang.Integer.toString(counter)) + .png)): null

2018-12-12 13:38:04 - [TEST_STEP][PASSED] - Statement - counter = counter + 1: null

2018-12-12 13:38:04 - [TEST_STEP][PASSED] - Statement - PreSaveFile = new java.io.File(((pathPrefix + java.lang.Integer.toString(counter)) + .png)): null

2018-12-12 13:38:04 - [TEST_STEP][PASSED] - Statement - counter = counter + 1: null

2018-12-12 13:38:04 - [TEST_STEP][PASSED] - Statement - PreSaveFile = new java.io.File(((pathPrefix + java.lang.Integer.toString(counter)) + .png)): null

2018-12-12 13:38:04 - [TEST_STEP][PASSED] - Statement - counter = counter + 1: null

2018-12-12 13:38:04 - [TEST_STEP][PASSED] - Statement - PreSaveFile = new java.io.File(((pathPrefix + java.lang.Integer.toString(counter)) + .png)): null

2018-12-12 13:38:04 - [TEST_STEP][PASSED] - Statement - counter = counter + 1: null

2018-12-12 13:38:04 - [TEST_STEP][PASSED] - Statement - PreSaveFile = new java.io.File(((pathPrefix + java.lang.Integer.toString(counter)) + .png)): null

2018-12-12 13:38:04 - [TEST_STEP][PASSED] - Statement - counter = counter + 1: null

2018-12-12 13:38:04 - [TEST_STEP][PASSED] - Statement - PreSaveFile = new java.io.File(((pathPrefix + java.lang.Integer.toString(counter)) + .png)): null

2018-12-12 13:38:04 - [TEST_STEP][PASSED] - Statement - counter = counter + 1: null

2018-12-12 13:38:04 - [TEST_STEP][PASSED] - Statement - PreSaveFile = new java.io.File(((pathPrefix + java.lang.Integer.toString(counter)) + .png)): null

2018-12-12 13:38:04 - [TEST_STEP][PASSED] - Statement - counter = counter + 1: null

2018-12-12 13:38:04 - [TEST_STEP][PASSED] - Statement - PreSaveFile = new java.io.File(((pathPrefix + java.lang.Integer.toString(counter)) + .png)): null

2018-12-12 13:38:04 - [TEST_STEP][PASSED] - Statement - counter = counter + 1: null

2018-12-12 13:38:04 - [TEST_STEP][PASSED] - Statement - PreSaveFile = new java.io.File(((pathPrefix + java.lang.Integer.toString(counter)) + .png)): null

2018-12-12 13:38:04 - [TEST_STEP][PASSED] - Statement - counter = counter + 1: null

2018-12-12 13:38:04 - [TEST_STEP][PASSED] - Statement - PreSaveFile = new java.io.File(((pathPrefix + java.lang.Integer.toString(counter)) + .png)): null

2018-12-12 13:38:04 - [TEST_STEP][PASSED] - Statement - counter = counter + 1: null

2018-12-12 13:38:04 - [TEST_STEP][PASSED] - Statement - PreSaveFile = new java.io.File(((pathPrefix + java.lang.Integer.toString(counter)) + .png)): null

2018-12-12 13:38:04 - [TEST_STEP][PASSED] - Statement - counter = counter + 1: null

2018-12-12 13:38:04 - [TEST_STEP][PASSED] - Statement - PreSaveFile = new java.io.File(((pathPrefix + java.lang.Integer.toString(counter)) + .png)): null

2018-12-12 13:38:04 - [TEST_STEP][PASSED] - Statement - counter = counter + 1: null

2018-12-12 13:38:04 - [TEST_STEP][PASSED] - Statement - PreSaveFile = new java.io.File(((pathPrefix + java.lang.Integer.toString(counter)) + .png)): null

2018-12-12 13:38:04 - [TEST_STEP][PASSED] - Statement - counter = counter + 1: null

2018-12-12 13:38:04 - [TEST_STEP][PASSED] - Statement - PreSaveFile = new java.io.File(((pathPrefix + java.lang.Integer.toString(counter)) + .png)): null

2018-12-12 13:38:04 - [TEST_STEP][PASSED] - Statement - counter = counter + 1: null

2018-12-12 13:38:04 - [TEST_STEP][PASSED] - Statement - PreSaveFile = new java.io.File(((pathPrefix + java.lang.Integer.toString(counter)) + .png)): null

2018-12-12 13:38:04 - [TEST_STEP][PASSED] - Statement - counter = counter + 1: null

2018-12-12 13:38:04 - [TEST_STEP][PASSED] - Statement - PreSaveFile = new java.io.File(((pathPrefix + java.lang.Integer.toString(counter)) + .png)): null

2018-12-12 13:38:04 - [TEST_STEP][PASSED] - Statement - counter = counter + 1: null

2018-12-12 13:38:04 - [TEST_STEP][PASSED] - Statement - PreSaveFile = new java.io.File(((pathPrefix + java.lang.Integer.toString(counter)) + .png)): null

2018-12-12 13:38:04 - [TEST_STEP][PASSED] - Statement - counter = counter + 1: null

2018-12-12 13:38:04 - [TEST_STEP][PASSED] - Statement - PreSaveFile = new java.io.File(((pathPrefix + java.lang.Integer.toString(counter)) + .png)): null

2018-12-12 13:38:04 - [TEST_STEP][PASSED] - Statement - counter = counter + 1: null

2018-12-12 13:38:04 - [TEST_STEP][PASSED] - Statement - PreSaveFile = new java.io.File(((pathPrefix + java.lang.Integer.toString(counter)) + .png)): null

2018-12-12 13:38:04 - [TEST_STEP][PASSED] - Statement - counter = counter + 1: null

2018-12-12 13:38:04 - [TEST_STEP][PASSED] - Statement - PreSaveFile = new java.io.File(((pathPrefix + java.lang.Integer.toString(counter)) + .png)): null

2018-12-12 13:38:04 - [TEST_STEP][PASSED] - Statement - counter = counter + 1: null

2018-12-12 13:38:04 - [TEST_STEP][PASSED] - Statement - PreSaveFile = new java.io.File(((pathPrefix + java.lang.Integer.toString(counter)) + .png)): null

2018-12-12 13:38:04 - [TEST_STEP][PASSED] - Statement - counter = counter + 1: null

2018-12-12 13:38:04 - [TEST_STEP][PASSED] - Statement - PreSaveFile = new java.io.File(((pathPrefix + java.lang.Integer.toString(counter)) + .png)): null

2018-12-12 13:38:04 - [TEST_STEP][PASSED] - Statement - counter = counter + 1: null

2018-12-12 13:38:04 - [TEST_STEP][PASSED] - Statement - PreSaveFile = new java.io.File(((pathPrefix + java.lang.Integer.toString(counter)) + .png)): null

2018-12-12 13:38:04 - [TEST_STEP][PASSED] - Statement - counter = counter + 1: null

2018-12-12 13:38:04 - [TEST_STEP][PASSED] - Statement - PreSaveFile = new java.io.File(((pathPrefix + java.lang.Integer.toString(counter)) + .png)): null

2018-12-12 13:38:04 - [TEST_STEP][PASSED] - Statement - counter = counter + 1: null

2018-12-12 13:38:04 - [TEST_STEP][PASSED] - Statement - PreSaveFile = new java.io.File(((pathPrefix + java.lang.Integer.toString(counter)) + .png)): null

2018-12-12 13:38:04 - [TEST_STEP][PASSED] - Statement - counter = counter + 1: null

2018-12-12 13:38:04 - [TEST_STEP][PASSED] - Statement - PreSaveFile = new java.io.File(((pathPrefix + java.lang.Integer.toString(counter)) + .png)): null

2018-12-12 13:38:04 - [TEST_STEP][PASSED] - Statement - counter = counter + 1: null

2018-12-12 13:38:04 - [TEST_STEP][PASSED] - Statement - PreSaveFile = new java.io.File(((pathPrefix + java.lang.Integer.toString(counter)) + .png)): null

2018-12-12 13:38:04 - [TEST_STEP][PASSED] - Statement - counter = counter + 1: null

2018-12-12 13:38:04 - [TEST_STEP][PASSED] - Statement - PreSaveFile = new java.io.File(((pathPrefix + java.lang.Integer.toString(counter)) + .png)): null

2018-12-12 13:38:04 - [TEST_STEP][PASSED] - Statement - counter = counter + 1: null

2018-12-12 13:38:04 - [TEST_STEP][PASSED] - Statement - PreSaveFile = new java.io.File(((pathPrefix + java.lang.Integer.toString(counter)) + .png)): null

2018-12-12 13:38:04 - [TEST_STEP][PASSED] - Statement - counter = counter + 1: null

2018-12-12 13:38:04 - [TEST_STEP][PASSED] - Statement - PreSaveFile = new java.io.File(((pathPrefix + java.lang.Integer.toString(counter)) + .png)): null

2018-12-12 13:38:04 - [TEST_STEP][PASSED] - Statement - counter = counter + 1: null

2018-12-12 13:38:04 - [TEST_STEP][PASSED] - Statement - PreSaveFile = new java.io.File(((pathPrefix + java.lang.Integer.toString(counter)) + .png)): null

2018-12-12 13:38:04 - [TEST_STEP][PASSED] - Statement - counter = counter + 1: null

2018-12-12 13:38:04 - [TEST_STEP][PASSED] - Statement - PreSaveFile = new java.io.File(((pathPrefix + java.lang.Integer.toString(counter)) + .png)): null

2018-12-12 13:38:04 - [TEST_STEP][PASSED] - Statement - counter = counter + 1: null

2018-12-12 13:38:04 - [TEST_STEP][PASSED] - Statement - PreSaveFile = new java.io.File(((pathPrefix + java.lang.Integer.toString(counter)) + .png)): null

2018-12-12 13:38:04 - [TEST_STEP][PASSED] - Statement - counter = counter + 1: null

2018-12-12 13:38:04 - [TEST_STEP][PASSED] - Statement - PreSaveFile = new java.io.File(((pathPrefix + java.lang.Integer.toString(counter)) + .png)): null

2018-12-12 13:38:04 - [TEST_STEP][PASSED] - Statement - counter = counter + 1: null

2018-12-12 13:38:04 - [TEST_STEP][PASSED] - Statement - PreSaveFile = new java.io.File(((pathPrefix + java.lang.Integer.toString(counter)) + .png)): null

2018-12-12 13:38:04 - [TEST_STEP][PASSED] - Statement - counter = counter + 1: null

2018-12-12 13:38:04 - [TEST_STEP][PASSED] - Statement - PreSaveFile = new java.io.File(((pathPrefix + java.lang.Integer.toString(counter)) + .png)): null

2018-12-12 13:38:04 - [TEST_STEP][PASSED] - Statement - counter = counter + 1: null

2018-12-12 13:38:04 - [TEST_STEP][PASSED] - Statement - PreSaveFile = new java.io.File(((pathPrefix + java.lang.Integer.toString(counter)) + .png)): null

2018-12-12 13:38:04 - [TEST_STEP][PASSED] - Statement - counter = counter + 1: null

2018-12-12 13:38:04 - [TEST_STEP][PASSED] - Statement - PreSaveFile = new java.io.File(((pathPrefix + java.lang.Integer.toString(counter)) + .png)): null

2018-12-12 13:38:04 - [TEST_STEP][PASSED] - Statement - counter = counter + 1: null

2018-12-12 13:38:04 - [TEST_STEP][PASSED] - Statement - PreSaveFile = new java.io.File(((pathPrefix + java.lang.Integer.toString(counter)) + .png)): null

2018-12-12 13:38:04 - [TEST_STEP][PASSED] - Statement - counter = counter + 1: null

2018-12-12 13:38:04 - [TEST_STEP][PASSED] - Statement - PreSaveFile = new java.io.File(((pathPrefix + java.lang.Integer.toString(counter)) + .png)): null

2018-12-12 13:38:04 - [TEST_STEP][PASSED] - Statement - counter = counter + 1: null

2018-12-12 13:38:04 - [TEST_STEP][PASSED] - Statement - PreSaveFile = new java.io.File(((pathPrefix + java.lang.Integer.toString(counter)) + .png)): null

2018-12-12 13:38:04 - [TEST_STEP][PASSED] - Statement - counter = counter + 1: null

2018-12-12 13:38:04 - [TEST_STEP][PASSED] - Statement - PreSaveFile = new java.io.File(((pathPrefix + java.lang.Integer.toString(counter)) + .png)): null

2018-12-12 13:38:04 - [TEST_STEP][PASSED] - Statement - counter = counter + 1: null

2018-12-12 13:38:04 - [TEST_STEP][PASSED] - Statement - PreSaveFile = new java.io.File(((pathPrefix + java.lang.Integer.toString(counter)) + .png)): null

2018-12-12 13:38:04 - [TEST_STEP][PASSED] - Statement - counter = counter + 1: null

2018-12-12 13:38:04 - [TEST_STEP][PASSED] - Statement - PreSaveFile = new java.io.File(((pathPrefix + java.lang.Integer.toString(counter)) + .png)): null

2018-12-12 13:38:04 - [TEST_STEP][PASSED] - Statement - counter = counter + 1: null

2018-12-12 13:38:04 - [TEST_STEP][PASSED] - Statement - PreSaveFile = new java.io.File(((pathPrefix + java.lang.Integer.toString(counter)) + .png)): null

2018-12-12 13:38:04 - [TEST_STEP][PASSED] - Statement - counter = counter + 1: null

2018-12-12 13:38:04 - [TEST_STEP][PASSED] - Statement - PreSaveFile = new java.io.File(((pathPrefix + java.lang.Integer.toString(counter)) + .png)): null

2018-12-12 13:38:04 - [TEST_STEP][PASSED] - Statement - counter = counter + 1: null

2018-12-12 13:38:04 - [TEST_STEP][PASSED] - Statement - PreSaveFile = new java.io.File(((pathPrefix + java.lang.Integer.toString(counter)) + .png)): null

2018-12-12 13:38:04 - [TEST_STEP][PASSED] - Statement - counter = counter + 1: null

2018-12-12 13:38:04 - [TEST_STEP][PASSED] - Statement - PreSaveFile = new java.io.File(((pathPrefix + java.lang.Integer.toString(counter)) + .png)): null

2018-12-12 13:38:04 - [TEST_STEP][PASSED] - Statement - counter = counter + 1: null

2018-12-12 13:38:04 - [TEST_STEP][PASSED] - Statement - PreSaveFile = new java.io.File(((pathPrefix + java.lang.Integer.toString(counter)) + .png)): null

2018-12-12 13:38:04 - [TEST_STEP][PASSED] - Statement - counter = counter + 1: null

2018-12-12 13:38:04 - [TEST_STEP][PASSED] - Statement - PreSaveFile = new java.io.File(((pathPrefix + java.lang.Integer.toString(counter)) + .png)): null

2018-12-12 13:38:04 - [TEST_STEP][PASSED] - Statement - counter = counter + 1: null

2018-12-12 13:38:04 - [TEST_STEP][PASSED] - Statement - PreSaveFile = new java.io.File(((pathPrefix + java.lang.Integer.toString(counter)) + .png)): null

2018-12-12 13:38:04 - [TEST_STEP][PASSED] - Statement - counter = counter + 1: null

2018-12-12 13:38:04 - [TEST_STEP][PASSED] - Statement - PreSaveFile = new java.io.File(((pathPrefix + java.lang.Integer.toString(counter)) + .png)): null

2018-12-12 13:38:04 - [TEST_STEP][PASSED] - Statement - counter = counter + 1: null

2018-12-12 13:38:04 - [TEST_STEP][PASSED] - Statement - PreSaveFile = new java.io.File(((pathPrefix + java.lang.Integer.toString(counter)) + .png)): null

2018-12-12 13:38:04 - [TEST_STEP][PASSED] - Statement - counter = counter + 1: null

2018-12-12 13:38:04 - [TEST_STEP][PASSED] - Statement - PreSaveFile = new java.io.File(((pathPrefix + java.lang.Integer.toString(counter)) + .png)): null

2018-12-12 13:38:04 - [TEST_STEP][PASSED] - Statement - counter = counter + 1: null

2018-12-12 13:38:04 - [TEST_STEP][PASSED] - Statement - PreSaveFile = new java.io.File(((pathPrefix + java.lang.Integer.toString(counter)) + .png)): null

2018-12-12 13:38:04 - [TEST_STEP][PASSED] - Statement - counter = counter + 1: null

2018-12-12 13:38:04 - [TEST_STEP][PASSED] - Statement - PreSaveFile = new java.io.File(((pathPrefix + java.lang.Integer.toString(counter)) + .png)): null

2018-12-12 13:38:04 - [TEST_STEP][PASSED] - Statement - counter = counter + 1: null

2018-12-12 13:38:04 - [TEST_STEP][PASSED] - Statement - PreSaveFile = new java.io.File(((pathPrefix + java.lang.Integer.toString(counter)) + .png)): null

2018-12-12 13:38:04 - [TEST_STEP][PASSED] - Statement - counter = counter + 1: null

2018-12-12 13:38:04 - [TEST_STEP][PASSED] - Statement - PreSaveFile = new java.io.File(((pathPrefix + java.lang.Integer.toString(counter)) + .png)): null

2018-12-12 13:38:04 - [TEST_STEP][PASSED] - Statement - counter = counter + 1: null

2018-12-12 13:38:04 - [TEST_STEP][PASSED] - Statement - PreSaveFile = new java.io.File(((pathPrefix + java.lang.Integer.toString(counter)) + .png)): null

2018-12-12 13:38:04 - [TEST_STEP][PASSED] - Statement - counter = counter + 1: null

2018-12-12 13:38:04 - [TEST_STEP][PASSED] - Statement - PreSaveFile = new java.io.File(((pathPrefix + java.lang.Integer.toString(counter)) + .png)): null

2018-12-12 13:38:04 - [TEST_STEP][PASSED] - Statement - counter = counter + 1: null

2018-12-12 13:38:04 - [TEST_STEP][PASSED] - Statement - PreSaveFile = new java.io.File(((pathPrefix + java.lang.Integer.toString(counter)) + .png)): null

2018-12-12 13:38:04 - [TEST_STEP][PASSED] - Statement - counter = counter + 1: null

2018-12-12 13:38:04 - [TEST_STEP][PASSED] - Statement - PreSaveFile = new java.io.File(((pathPrefix + java.lang.Integer.toString(counter)) + .png)): null

2018-12-12 13:38:04 - [TEST_STEP][PASSED] - Statement - counter = counter + 1: null

2018-12-12 13:38:04 - [TEST_STEP][PASSED] - Statement - PreSaveFile = new java.io.File(((pathPrefix + java.lang.Integer.toString(counter)) + .png)): null

2018-12-12 13:38:04 - [TEST_STEP][PASSED] - Statement - counter = counter + 1: null

2018-12-12 13:38:04 - [TEST_STEP][PASSED] - Statement - PreSaveFile = new java.io.File(((pathPrefix + java.lang.Integer.toString(counter)) + .png)): null

2018-12-12 13:38:04 - [TEST_STEP][PASSED] - Statement - counter = counter + 1: null

2018-12-12 13:38:04 - [TEST_STEP][PASSED] - Statement - PreSaveFile = new java.io.File(((pathPrefix + java.lang.Integer.toString(counter)) + .png)): null

2018-12-12 13:38:04 - [TEST_STEP][PASSED] - Statement - counter = counter + 1: null

2018-12-12 13:38:04 - [TEST_STEP][PASSED] - Statement - PreSaveFile = new java.io.File(((pathPrefix + java.lang.Integer.toString(counter)) + .png)): null

2018-12-12 13:38:04 - [TEST_STEP][PASSED] - Statement - counter = counter + 1: null

2018-12-12 13:38:04 - [TEST_STEP][PASSED] - Statement - PreSaveFile = new java.io.File(((pathPrefix + java.lang.Integer.toString(counter)) + .png)): null

2018-12-12 13:38:04 - [TEST_STEP][PASSED] - Statement - counter = counter + 1: null

2018-12-12 13:38:04 - [TEST_STEP][PASSED] - Statement - PreSaveFile = new java.io.File(((pathPrefix + java.lang.Integer.toString(counter)) + .png)): null

2018-12-12 13:38:04 - [TEST_STEP][PASSED] - Statement - counter = counter + 1: null

2018-12-12 13:38:04 - [TEST_STEP][PASSED] - Statement - PreSaveFile = new java.io.File(((pathPrefix + java.lang.Integer.toString(counter)) + .png)): null

2018-12-12 13:38:04 - [TEST_STEP][PASSED] - Statement - counter = counter + 1: null

2018-12-12 13:38:04 - [TEST_STEP][PASSED] - Statement - PreSaveFile = new java.io.File(((pathPrefix + java.lang.Integer.toString(counter)) + .png)): null

2018-12-12 13:38:04 - [TEST_STEP][PASSED] - Statement - counter = counter + 1: null

2018-12-12 13:38:04 - [TEST_STEP][PASSED] - Statement - PreSaveFile = new java.io.File(((pathPrefix + java.lang.Integer.toString(counter)) + .png)): null

2018-12-12 13:38:04 - [TEST_STEP][PASSED] - Statement - counter = counter + 1: null

2018-12-12 13:38:04 - [TEST_STEP][PASSED] - Statement - PreSaveFile = new java.io.File(((pathPrefix + java.lang.Integer.toString(counter)) + .png)): null

2018-12-12 13:38:04 - [TEST_STEP][PASSED] - Statement - counter = counter + 1: null

2018-12-12 13:38:04 - [TEST_STEP][PASSED] - Statement - PreSaveFile = new java.io.File(((pathPrefix + java.lang.Integer.toString(counter)) + .png)): null

2018-12-12 13:38:04 - [TEST_STEP][PASSED] - Statement - counter = counter + 1: null

2018-12-12 13:38:04 - [TEST_STEP][PASSED] - Statement - PreSaveFile = new java.io.File(((pathPrefix + java.lang.Integer.toString(counter)) + .png)): null

2018-12-12 13:38:04 - [TEST_STEP][PASSED] - Statement - counter = counter + 1: null

2018-12-12 13:38:04 - [TEST_STEP][PASSED] - Statement - PreSaveFile = new java.io.File(((pathPrefix + java.lang.Integer.toString(counter)) + .png)): null

2018-12-12 13:38:04 - [TEST_STEP][PASSED] - Statement - counter = counter + 1: null

2018-12-12 13:38:04 - [TEST_STEP][PASSED] - Statement - PreSaveFile = new java.io.File(((pathPrefix + java.lang.Integer.toString(counter)) + .png)): null

2018-12-12 13:38:04 - [TEST_STEP][PASSED] - Statement - counter = counter + 1: null

2018-12-12 13:38:04 - [TEST_STEP][PASSED] - Statement - PreSaveFile = new java.io.File(((pathPrefix + java.lang.Integer.toString(counter)) + .png)): null

2018-12-12 13:38:04 - [TEST_STEP][PASSED] - Statement - counter = counter + 1: null

2018-12-12 13:38:04 - [TEST_STEP][PASSED] - Statement - PreSaveFile = new java.io.File(((pathPrefix + java.lang.Integer.toString(counter)) + .png)): null

2018-12-12 13:38:04 - [TEST_STEP][PASSED] - Statement - counter = counter + 1: null

2018-12-12 13:38:04 - [TEST_STEP][PASSED] - Statement - PreSaveFile = new java.io.File(((pathPrefix + java.lang.Integer.toString(counter)) + .png)): null

2018-12-12 13:38:04 - [TEST_STEP][PASSED] - Statement - counter = counter + 1: null

2018-12-12 13:38:04 - [TEST_STEP][PASSED] - Statement - PreSaveFile = new java.io.File(((pathPrefix + java.lang.Integer.toString(counter)) + .png)): null

2018-12-12 13:38:04 - [TEST_STEP][PASSED] - Statement - counter = counter + 1: null

2018-12-12 13:38:04 - [TEST_STEP][PASSED] - Statement - PreSaveFile = new java.io.File(((pathPrefix + java.lang.Integer.toString(counter)) + .png)): null

2018-12-12 13:38:04 - [TEST_STEP][PASSED] - Statement - counter = counter + 1: null

2018-12-12 13:38:04 - [TEST_STEP][PASSED] - Statement - PreSaveFile = new java.io.File(((pathPrefix + java.lang.Integer.toString(counter)) + .png)): null

2018-12-12 13:38:04 - [TEST_STEP][PASSED] - Statement - counter = counter + 1: null

2018-12-12 13:38:04 - [TEST_STEP][PASSED] - Statement - PreSaveFile = new java.io.File(((pathPrefix + java.lang.Integer.toString(counter)) + .png)): null

2018-12-12 13:38:04 - [TEST_STEP][PASSED] - Statement - counter = counter + 1: null

2018-12-12 13:38:04 - [TEST_STEP][PASSED] - Statement - PreSaveFile = new java.io.File(((pathPrefix + java.lang.Integer.toString(counter)) + .png)): null

2018-12-12 13:38:04 - [TEST_STEP][PASSED] - Statement - counter = counter + 1: null

2018-12-12 13:38:04 - [TEST_STEP][PASSED] - Statement - PreSaveFile = new java.io.File(((pathPrefix + java.lang.Integer.toString(counter)) + .png)): null

2018-12-12 13:38:04 - [TEST_STEP][PASSED] - Statement - counter = counter + 1: null

2018-12-12 13:38:04 - [TEST_STEP][PASSED] - Statement - PreSaveFile = new java.io.File(((pathPrefix + java.lang.Integer.toString(counter)) + .png)): null

2018-12-12 13:38:04 - [TEST_STEP][PASSED] - Statement - counter = counter + 1: null

2018-12-12 13:38:04 - [TEST_STEP][PASSED] - Statement - PreSaveFile = new java.io.File(((pathPrefix + java.lang.Integer.toString(counter)) + .png)): null

2018-12-12 13:38:04 - [TEST_STEP][PASSED] - Statement - counter = counter + 1: null

2018-12-12 13:38:04 - [TEST_STEP][PASSED] - Statement - PreSaveFile = new java.io.File(((pathPrefix + java.lang.Integer.toString(counter)) + .png)): null

2018-12-12 13:38:04 - [TEST_STEP][PASSED] - Statement - counter = counter + 1: null

2018-12-12 13:38:04 - [TEST_STEP][PASSED] - Statement - PreSaveFile = new java.io.File(((pathPrefix + java.lang.Integer.toString(counter)) + .png)): null

2018-12-12 13:38:04 - [TEST_STEP][PASSED] - Statement - counter = counter + 1: null

2018-12-12 13:38:04 - [TEST_STEP][PASSED] - Statement - PreSaveFile = new java.io.File(((pathPrefix + java.lang.Integer.toString(counter)) + .png)): null

2018-12-12 13:38:04 - [TEST_STEP][PASSED] - Statement - counter = counter + 1: null

2018-12-12 13:38:04 - [TEST_STEP][PASSED] - Statement - PreSaveFile = new java.io.File(((pathPrefix + java.lang.Integer.toString(counter)) + .png)): null

2018-12-12 13:38:04 - [TEST_STEP][PASSED] - Statement - counter = counter + 1: null

2018-12-12 13:38:04 - [TEST_STEP][PASSED] - Statement - PreSaveFile = new java.io.File(((pathPrefix + java.lang.Integer.toString(counter)) + .png)): null

2018-12-12 13:38:04 - [TEST_STEP][PASSED] - Statement - counter = counter + 1: null

2018-12-12 13:38:04 - [TEST_STEP][PASSED] - Statement - PreSaveFile = new java.io.File(((pathPrefix + java.lang.Integer.toString(counter)) + .png)): null

2018-12-12 13:38:04 - [TEST_STEP][PASSED] - Statement - counter = counter + 1: null

2018-12-12 13:38:04 - [TEST_STEP][PASSED] - Statement - PreSaveFile = new java.io.File(((pathPrefix + java.lang.Integer.toString(counter)) + .png)): null

2018-12-12 13:38:04 - [TEST_STEP][PASSED] - Statement - counter = counter + 1: null

2018-12-12 13:38:04 - [TEST_STEP][PASSED] - Statement - PreSaveFile = new java.io.File(((pathPrefix + java.lang.Integer.toString(counter)) + .png)): null

2018-12-12 13:38:04 - [TEST_STEP][PASSED] - Statement - counter = counter + 1: null

2018-12-12 13:38:04 - [TEST_STEP][PASSED] - Statement - PreSaveFile = new java.io.File(((pathPrefix + java.lang.Integer.toString(counter)) + .png)): null

2018-12-12 13:38:04 - [TEST_STEP][PASSED] - Statement - counter = counter + 1: null

2018-12-12 13:38:04 - [TEST_STEP][PASSED] - Statement - PreSaveFile = new java.io.File(((pathPrefix + java.lang.Integer.toString(counter)) + .png)): null

2018-12-12 13:38:04 - [TEST_STEP][PASSED] - Statement - counter = counter + 1: null

2018-12-12 13:38:04 - [TEST_STEP][PASSED] - Statement - PreSaveFile = new java.io.File(((pathPrefix + java.lang.Integer.toString(counter)) + .png)): null

2018-12-12 13:38:04 - [TEST_STEP][PASSED] - Statement - counter = counter + 1: null

2018-12-12 13:38:04 - [TEST_STEP][PASSED] - Statement - PreSaveFile = new java.io.File(((pathPrefix + java.lang.Integer.toString(counter)) + .png)): null

2018-12-12 13:38:04 - [TEST_STEP][PASSED] - Statement - counter = counter + 1: null

2018-12-12 13:38:04 - [TEST_STEP][PASSED] - Statement - PreSaveFile = new java.io.File(((pathPrefix + java.lang.Integer.toString(counter)) + .png)): null

2018-12-12 13:38:04 - [TEST_STEP][PASSED] - Statement - counter = counter + 1: null

2018-12-12 13:38:04 - [TEST_STEP][PASSED] - Statement - PreSaveFile = new java.io.File(((pathPrefix + java.lang.Integer.toString(counter)) + .png)): null

2018-12-12 13:38:04 - [TEST_STEP][PASSED] - Statement - finalPath = pathPrefix + java.lang.Integer.toString(counter) + ".png": null

2018-12-12 13:38:04 - [TEST_STEP][PASSED] - Statement - SaveFile = new java.io.File(finalPath): null

2018-12-12 13:38:04 - [TEST_STEP][PASSED] - Statement - Try: null

2018-12-12 13:38:04 - [TEST_STEP][PASSED] - Statement - org.apache.commons.io.FileUtils.copyFile(scrFile, SaveFile): null

2018-12-12 13:38:04 - [TEST_STEP][PASSED] - Statement - out.println("file kept"): null

2018-12-12 13:38:04 - [TEST_STEP][PASSED] - delay: Delayed 10 second(s)

2018-12-12 13:38:14 - [MESSAGE][PASSED] - Delayed 10 second(s)

2018-12-12 13:38:14 - [MESSAGE][PASSED] - Call Test Case 'Test Cases/Final Aug 2018 - PKS Automation/Registration Module/New Registration/Submit and Screenshot/Submit Registration and Screenshot' successfully

2018-12-12 13:38:14 - [TEST_STEP][PASSED] - callTestCase: Call Test Case 'Test Cases/Final Aug 2018 - PKS Automation/Registration Module/Log Out/log out avoiding katalon tagging' successfully

2018-12-12 13:38:14 - [TEST_CASE][PASSED] - Test Cases/Final Aug 2018 - PKS Automation/Registration Module/Log Out/log out avoiding katalon tagging: Test Cases/Final Aug 2018 - PKS Automation/Registration Module/Log Out/log out avoiding katalon tagging

2018-12-12 13:38:14 - [TEST_STEP][PASSED] - navigateToUrl: Navigate to 'https://assist2-uat.perkeso.gov.my/c/portal/logout' successfully

2018-12-12 13:38:15 - [MESSAGE][PASSED] - Navigate to 'https://assist2-uat.perkeso.gov.my/c/portal/logout' successfully

2018-12-12 13:38:15 - [MESSAGE][PASSED] - Call Test Case 'Test Cases/Final Aug 2018 - PKS Automation/Registration Module/Log Out/log out avoiding katalon tagging' successfully

2018-12-12 13:38:15 - [TEST_STEP][PASSED] - callTestCase: Call Test Case 'Test Cases/Final Aug 2018 - PKS Automation/Common/Workflow Owner Finder' successfully

2018-12-12 13:38:15 - [TEST_CASE][PASSED] - Test Cases/Final Aug 2018 - PKS Automation/Common/Workflow Owner Finder: Test Cases/Final Aug 2018 - PKS Automation/Common/Workflow Owner Finder

2018-12-12 13:38:15 - [TEST_STEP][PASSED] - openBrowser: Browser is opened with url: ''

2018-12-12 13:38:15 - [MESSAGE][WARNING] - A browser is already opened. Closing browser and opening a new one

2018-12-12 13:38:19 - [MESSAGE][PASSED] - Browser is opened with url: ''

2018-12-12 13:38:19 - [TEST_STEP][PASSED] - navigateToUrl: Navigate to 'https://assist2-uat.perkeso.gov.my/login' successfully

2018-12-12 13:38:20 - [MESSAGE][PASSED] - Navigate to 'https://assist2-uat.perkeso.gov.my/login' successfully

2018-12-12 13:38:20 - [TEST_STEP][PASSED] - delay: Delayed 5 second(s)

2018-12-12 13:38:25 - [MESSAGE][PASSED] - Delayed 5 second(s)

2018-12-12 13:38:25 - [TEST_STEP][PASSED] - setText: Text 'test@liferay.com' is set on object 'Object Repository/Final Object Repo/Login Page/Internal User/Email Address'

2018-12-12 13:38:26 - [MESSAGE][PASSED] - Text 'test@liferay.com' is set on object 'Object Repository/Final Object Repo/Login Page/Internal User/Email Address'

2018-12-12 13:38:26 - [TEST_STEP][PASSED] - click: Object: 'Object Repository/Final Object Repo/Login Page/Internal User/Next Button' is clicked on

2018-12-12 13:38:26 - [MESSAGE][PASSED] - Object: 'Object Repository/Final Object Repo/Login Page/Internal User/Next Button' is clicked on

2018-12-12 13:38:26 - [TEST_STEP][PASSED] - delay: Delayed 2 second(s)

2018-12-12 13:38:28 - [MESSAGE][PASSED] - Delayed 2 second(s)

2018-12-12 13:38:28 - [TEST_STEP][PASSED] - setText: Text 'test' is set on object 'Object Repository/Final Object Repo/Login Page/Internal User/Password'

2018-12-12 13:38:28 - [MESSAGE][PASSED] - Text 'test' is set on object 'Object Repository/Final Object Repo/Login Page/Internal User/Password'

2018-12-12 13:38:28 - [TEST_STEP][PASSED] - delay: Delayed 2 second(s)

2018-12-12 13:38:30 - [MESSAGE][PASSED] - Delayed 2 second(s)

2018-12-12 13:38:30 - [TEST_STEP][PASSED] - click: Object: 'Object Repository/Final Object Repo/Login Page/Internal User/Login Button' is clicked on

2018-12-12 13:38:30 - [MESSAGE][PASSED] - Object: 'Object Repository/Final Object Repo/Login Page/Internal User/Login Button' is clicked on

2018-12-12 13:38:30 - [TEST_STEP][PASSED] - Statement - tester = com.kms.katalon.core.testobject.ObjectRepository.findTestObject(Final Object Repo/Landing Page/Select to English): Finding Test Object with id 'Object Repository/Final Object Repo/Landing Page/Select to English'

2018-12-12 13:38:30 - [TEST_STEP][PASSED] - Statement - Try: Delayed 2 second(s)

2018-12-12 13:38:30 - [TEST_STEP][PASSED] - Statement - Checker = com.kms.katalon.core.webui.keyword.WebUiBuiltInKeywords.verifyElementNotPresent(tester, 3): Web element with id: 'Object Repository/Final Object Repo/Landing Page/Select to English' located by 'By.xpath: //a[@class = 'taglib-language-list-text' and @lang = 'en-US' and (contains(text(), 'EN') or contains(., 'EN'))]' is not present after '3' second(s)

2018-12-12 13:38:32 - [MESSAGE][PASSED] - Web element with id: 'Object Repository/Final Object Repo/Landing Page/Select to English' located by 'By.xpath: //a[@class = 'taglib-language-list-text' and @lang = 'en-US' and (contains(text(), 'EN') or contains(., 'EN'))]' is not present after '3' second(s)

2018-12-12 13:38:32 - [TEST_STEP][PASSED] - Statement - If (Checker == false): null

2018-12-12 13:38:32 - [TEST_STEP][PASSED] - delay: Delayed 2 second(s)

2018-12-12 13:38:34 - [MESSAGE][PASSED] - Delayed 2 second(s)

2018-12-12 13:38:34 - [TEST_STEP][PASSED] - delay: Delayed 5 second(s)

2018-12-12 13:38:39 - [MESSAGE][PASSED] - Delayed 5 second(s)

2018-12-12 13:38:39 - [TEST_STEP][PASSED] - mouseOver: Object: 'Object Repository/Final Object Repo/Landing Page/WorkFlow Menu' is hovered

2018-12-12 13:38:40 - [MESSAGE][PASSED] - Object: 'Object Repository/Final Object Repo/Landing Page/WorkFlow Menu' is hovered

2018-12-12 13:38:40 - [TEST_STEP][PASSED] - delay: Delayed 2 second(s)

2018-12-12 13:38:42 - [MESSAGE][PASSED] - Delayed 2 second(s)

2018-12-12 13:38:42 - [TEST_STEP][PASSED] - click: Object: 'Object Repository/Final Object Repo/Landing Page/Select to Workflow Listing' is clicked on

2018-12-12 13:38:43 - [MESSAGE][PASSED] - Object: 'Object Repository/Final Object Repo/Landing Page/Select to Workflow Listing' is clicked on

2018-12-12 13:38:43 - [TEST_STEP][PASSED] - delay: Delayed 2 second(s)

2018-12-12 13:38:45 - [MESSAGE][PASSED] - Delayed 2 second(s)

2018-12-12 13:38:45 - [TEST_STEP][PASSED] - click: Object: 'Object Repository/Final Object Repo/WorkFlow Listing Page/Search Information - To Put Ref No' is clicked on

2018-12-12 13:38:45 - [MESSAGE][PASSED] - Object: 'Object Repository/Final Object Repo/WorkFlow Listing Page/Search Information - To Put Ref No' is clicked on

2018-12-12 13:38:45 - [TEST_STEP][PASSED] - delay: Delayed 2 second(s)

2018-12-12 13:38:47 - [MESSAGE][PASSED] - Delayed 2 second(s)

2018-12-12 13:38:47 - [TEST_STEP][PASSED] - callTestCase: Call Test Case 'Test Cases/Final Aug 2018 - PKS Automation/Common/Reference Number Getter' successfully

2018-12-12 13:38:47 - [TEST_CASE][PASSED] - Test Cases/Final Aug 2018 - PKS Automation/Common/Reference Number Getter: Test Cases/Final Aug 2018 - PKS Automation/Common/Reference Number Getter

2018-12-12 13:38:47 - [TEST_STEP][PASSED] - Statement - Try: null

2018-12-12 13:38:47 - [TEST_STEP][PASSED] - Statement - RefNo = new java.io.File(C://Users//Admin//Desktop//PKS//Automation Reference Point//KatalonReference.txt): null

2018-12-12 13:38:47 - [TEST_STEP][PASSED] - Statement - bufferread = new java.io.BufferedReader(new java.io.FileReader(RefNo)): null

2018-12-12 13:38:47 - [TEST_STEP][PASSED] - Statement - readedVal = bufferread.readLine(): null

2018-12-12 13:38:47 - [TEST_STEP][PASSED] - Statement - out.println(CaseReferenceNo): null

2018-12-12 13:38:47 - [TEST_STEP][PASSED] - Statement - out.println(readedVal): null

2018-12-12 13:38:47 - [TEST_STEP][PASSED] - Statement - CaseReferenceNo = "": null

2018-12-12 13:38:47 - [TEST_STEP][PASSED] - Statement - CaseReferenceNo = readedVal: null

2018-12-12 13:38:47 - [MESSAGE][PASSED] - Call Test Case 'Test Cases/Final Aug 2018 - PKS Automation/Common/Reference Number Getter' successfully

2018-12-12 13:38:47 - [TEST_STEP][PASSED] - setText: Text 'CRN12201800123198' is set on object 'Object Repository/Final Object Repo/WorkFlow Listing Page/Ref No Set Text'

2018-12-12 13:38:47 - [MESSAGE][PASSED] - Text 'CRN12201800123198' is set on object 'Object Repository/Final Object Repo/WorkFlow Listing Page/Ref No Set Text'

2018-12-12 13:38:47 - [TEST_STEP][PASSED] - delay: Delayed 2 second(s)

2018-12-12 13:38:49 - [MESSAGE][PASSED] - Delayed 2 second(s)

2018-12-12 13:38:49 - [TEST_STEP][PASSED] - click: Object: 'Object Repository/Final Object Repo/WorkFlow Listing Page/Search Ref No Search Button' is clicked on

2018-12-12 13:38:50 - [MESSAGE][PASSED] - Object: 'Object Repository/Final Object Repo/WorkFlow Listing Page/Search Ref No Search Button' is clicked on

2018-12-12 13:38:50 - [TEST_STEP][PASSED] - delay: Delayed 6 second(s)

2018-12-12 13:38:56 - [MESSAGE][PASSED] - Delayed 6 second(s)

2018-12-12 13:38:56 - [TEST_STEP][PASSED] - click: Object: 'Object Repository/Final Object Repo/WorkFlow Listing Page/Click Continue Tooltip' is clicked on

2018-12-12 13:38:57 - [MESSAGE][PASSED] - Object: 'Object Repository/Final Object Repo/WorkFlow Listing Page/Click Continue Tooltip' is clicked on

2018-12-12 13:38:57 - [TEST_STEP][PASSED] - delay: Delayed 5 second(s)

2018-12-12 13:39:02 - [MESSAGE][PASSED] - Delayed 5 second(s)

2018-12-12 13:39:02 - [TEST_STEP][PASSED] - doubleClick: Object: 'Object Repository/Final Object Repo/WorkFlow Listing Page/Workflow Found - Listing 1' is double clicked on

2018-12-12 13:39:02 - [MESSAGE][PASSED] - Object: 'Object Repository/Final Object Repo/WorkFlow Listing Page/Workflow Found - Listing 1' is double clicked on

2018-12-12 13:39:02 - [TEST_STEP][PASSED] - Statement - println(OwnerID): null

2018-12-12 13:39:02 - [TEST_STEP][PASSED] - Statement - OwnerID = com.kms.katalon.core.webui.keyword.WebUiBuiltInKeywords.getText(com.kms.katalon.core.testobject.ObjectRepository.findTestObject(Final Object Repo/WorkFlow Listing Page/Workflow Found - Listing 1), STOP_ON_FAILURE): Text of object 'Object Repository/Final Object Repo/WorkFlow Listing Page/Workflow Found - Listing 1' is: 'KLpkrbo2'

2018-12-12 13:39:02 - [MESSAGE][PASSED] - Text of object 'Object Repository/Final Object Repo/WorkFlow Listing Page/Workflow Found - Listing 1' is: 'KLpkrbo2'

2018-12-12 13:39:02 - [TEST_STEP][PASSED] - Statement - OwnerID = OwnerID.toLowerCase() + "@gmail.com": null

2018-12-12 13:39:02 - [TEST_STEP][PASSED] - Statement - println(OwnerID): null

2018-12-12 13:39:02 - [TEST_STEP][PASSED] - delay: Delayed 2 second(s)

2018-12-12 13:39:04 - [MESSAGE][PASSED] - Delayed 2 second(s)

2018-12-12 13:39:04 - [MESSAGE][PASSED] - Call Test Case 'Test Cases/Final Aug 2018 - PKS Automation/Common/Workflow Owner Finder' successfully

2018-12-12 13:39:04 - [TEST_STEP][PASSED] - callTestCase: Call Test Case 'Test Cases/Final Aug 2018 - PKS Automation/Registration Module/Log Out/log out avoiding katalon tagging' successfully

2018-12-12 13:39:04 - [TEST_CASE][PASSED] - Test Cases/Final Aug 2018 - PKS Automation/Registration Module/Log Out/log out avoiding katalon tagging: Test Cases/Final Aug 2018 - PKS Automation/Registration Module/Log Out/log out avoiding katalon tagging

2018-12-12 13:39:04 - [TEST_STEP][PASSED] - navigateToUrl: Navigate to 'https://assist2-uat.perkeso.gov.my/c/portal/logout' successfully

2018-12-12 13:39:05 - [MESSAGE][PASSED] - Navigate to 'https://assist2-uat.perkeso.gov.my/c/portal/logout' successfully

2018-12-12 13:39:05 - [MESSAGE][PASSED] - Call Test Case 'Test Cases/Final Aug 2018 - PKS Automation/Registration Module/Log Out/log out avoiding katalon tagging' successfully

2018-12-12 13:39:05 - [TEST_STEP][PASSED] - delay: Delayed 2 second(s)

2018-12-12 13:39:07 - [MESSAGE][PASSED] - Delayed 2 second(s)

2018-12-12 13:39:07 - [TEST_STEP][PASSED] - setText: Text 'klpkrbo2@gmail.com' is set on object 'Object Repository/Final Object Repo/New Registration - Registration Module Pages/New Reg - OTC to RO/Special Case - All Related Objects/Email TextBox'

2018-12-12 13:39:07 - [MESSAGE][PASSED] - Text 'klpkrbo2@gmail.com' is set on object 'Object Repository/Final Object Repo/New Registration - Registration Module Pages/New Reg - OTC to RO/Special Case - All Related Objects/Email TextBox'

2018-12-12 13:39:07 - [TEST_STEP][PASSED] - click: Object: 'Object Repository/Final Object Repo/New Registration - Registration Module Pages/New Reg - OTC to RO/Special Case - All Related Objects/Next Button' is clicked on

2018-12-12 13:39:07 - [MESSAGE][PASSED] - Object: 'Object Repository/Final Object Repo/New Registration - Registration Module Pages/New Reg - OTC to RO/Special Case - All Related Objects/Next Button' is clicked on

2018-12-12 13:39:07 - [TEST_STEP][PASSED] - delay: Delayed 2 second(s)

2018-12-12 13:39:09 - [MESSAGE][PASSED] - Delayed 2 second(s)

2018-12-12 13:39:09 - [TEST_STEP][PASSED] - setText: Text 'Test1@3456789' is set on object 'Object Repository/Final Object Repo/New Registration - Registration Module Pages/New Reg - OTC to RO/Special Case - All Related Objects/Password TextBox'

2018-12-12 13:39:10 - [MESSAGE][PASSED] - Text 'Test1@3456789' is set on object 'Object Repository/Final Object Repo/New Registration - Registration Module Pages/New Reg - OTC to RO/Special Case - All Related Objects/Password TextBox'

2018-12-12 13:39:10 - [TEST_STEP][PASSED] - delay: Delayed 2 second(s)

2018-12-12 13:39:12 - [MESSAGE][PASSED] - Delayed 2 second(s)

2018-12-12 13:39:12 - [TEST_STEP][PASSED] - click: Object: 'Object Repository/Final Object Repo/New Registration - Registration Module Pages/New Reg - OTC to RO/Special Case - All Related Objects/Login Button' is clicked on

2018-12-12 13:39:12 - [MESSAGE][PASSED] - Object: 'Object Repository/Final Object Repo/New Registration - Registration Module Pages/New Reg - OTC to RO/Special Case - All Related Objects/Login Button' is clicked on

2018-12-12 13:39:12 - [TEST_STEP][PASSED] - delay: Delayed 2 second(s)

2018-12-12 13:39:14 - [MESSAGE][PASSED] - Delayed 2 second(s)

2018-12-12 13:39:14 - [TEST_STEP][PASSED] - Statement - Try: null

2018-12-12 13:39:14 - [TEST_STEP][PASSED] - Statement - Checker = com.kms.katalon.core.webui.keyword.WebUiBuiltInKeywords.verifyElementNotPresent("Final Object Repo/Landing Page/Select to English", 3): null

2018-12-12 13:39:14 - [TEST_STEP][PASSED] - Statement - Catch (Exception e): null

2018-12-12 13:39:14 - [TEST_STEP][PASSED] - Statement - e.printStackTrace(): null

2018-12-12 13:39:14 - [TEST_STEP][PASSED] - click: Object: 'Object Repository/Final Object Repo/New Registration - Registration Module Pages/New Reg - OTC to RO/Special Case - All Related Objects/Expand to Search' is clicked on

2018-12-12 13:39:14 - [MESSAGE][PASSED] - Object: 'Object Repository/Final Object Repo/New Registration - Registration Module Pages/New Reg - OTC to RO/Special Case - All Related Objects/Expand to Search' is clicked on

2018-12-12 13:39:14 - [TEST_STEP][PASSED] - delay: Delayed 2 second(s)

2018-12-12 13:39:16 - [MESSAGE][PASSED] - Delayed 2 second(s)

2018-12-12 13:39:16 - [TEST_STEP][PASSED] - setText: Text 'CRN12201800123198' is set on object 'Object Repository/Final Object Repo/New Registration - Registration Module Pages/New Reg - OTC to RO/Special Case - All Related Objects/TextBox RefNo in Workbasket'

2018-12-12 13:39:16 - [MESSAGE][PASSED] - Text 'CRN12201800123198' is set on object 'Object Repository/Final Object Repo/New Registration - Registration Module Pages/New Reg - OTC to RO/Special Case - All Related Objects/TextBox RefNo in Workbasket'

2018-12-12 13:39:16 - [TEST_STEP][PASSED] - delay: Delayed 2 second(s)

2018-12-12 13:39:18 - [MESSAGE][PASSED] - Delayed 2 second(s)

2018-12-12 13:39:18 - [TEST_STEP][PASSED] - click: Object: 'Object Repository/Final Object Repo/New Registration - Registration Module Pages/New Reg - OTC to RO/Special Case - All Related Objects/Click Search' is clicked on

2018-12-12 13:39:19 - [MESSAGE][PASSED] - Object: 'Object Repository/Final Object Repo/New Registration - Registration Module Pages/New Reg - OTC to RO/Special Case - All Related Objects/Click Search' is clicked on

2018-12-12 13:39:19 - [TEST_STEP][PASSED] - delay: Delayed 2 second(s)

2018-12-12 13:39:21 - [MESSAGE][PASSED] - Delayed 2 second(s)

2018-12-12 13:39:21 - [TEST_STEP][PASSED] - click: Object: 'Object Repository/Final Object Repo/New Registration - Registration Module Pages/New Reg - OTC to RO/Special Case - All Related Objects/Click to Continue Workflow' is clicked on

2018-12-12 13:39:23 - [MESSAGE][PASSED] - Object: 'Object Repository/Final Object Repo/New Registration - Registration Module Pages/New Reg - OTC to RO/Special Case - All Related Objects/Click to Continue Workflow' is clicked on

2018-12-12 13:39:23 - [TEST_STEP][PASSED] - delay: Delayed 2 second(s)

2018-12-12 13:39:25 - [MESSAGE][PASSED] - Delayed 2 second(s)

2018-12-12 13:39:25 - [TEST_STEP][PASSED] - click: Object: 'Object Repository/Final Object Repo/New Registration - Registration Module Pages/New Reg - OTC to RO/Special Case - All Related Objects/Form 1 Save n Continue' is clicked on

2018-12-12 13:39:25 - [MESSAGE][PASSED] - Object: 'Object Repository/Final Object Repo/New Registration - Registration Module Pages/New Reg - OTC to RO/Special Case - All Related Objects/Form 1 Save n Continue' is clicked on

2018-12-12 13:39:25 - [TEST_STEP][PASSED] - delay: Delayed 5 second(s)

2018-12-12 13:39:30 - [MESSAGE][PASSED] - Delayed 5 second(s)

2018-12-12 13:39:30 - [TEST_STEP][PASSED] - click: Object: 'Object Repository/Final Object Repo/New Registration - Registration Module Pages/New Reg - OTC to RO/Special Case - OTC - Form 1/Confirm No Flagging as Branch' is clicked on

2018-12-12 13:39:30 - [MESSAGE][PASSED] - Object: 'Object Repository/Final Object Repo/New Registration - Registration Module Pages/New Reg - OTC to RO/Special Case - OTC - Form 1/Confirm No Flagging as Branch' is clicked on

2018-12-12 13:39:30 - [TEST_STEP][PASSED] - delay: Delayed 2 second(s)

2018-12-12 13:39:32 - [MESSAGE][PASSED] - Delayed 2 second(s)

2018-12-12 13:39:32 - [TEST_STEP][PASSED] - click: Object: 'Object Repository/Final Object Repo/New Registration - Registration Module Pages/New Reg - OTC to RO/Special Case - All Related Objects/Form 2 Save n Continue' is clicked on

2018-12-12 13:39:32 - [MESSAGE][PASSED] - Object: 'Object Repository/Final Object Repo/New Registration - Registration Module Pages/New Reg - OTC to RO/Special Case - All Related Objects/Form 2 Save n Continue' is clicked on

2018-12-12 13:39:32 - [TEST_STEP][PASSED] - delay: Delayed 2 second(s)

2018-12-12 13:39:34 - [MESSAGE][PASSED] - Delayed 2 second(s)

2018-12-12 13:39:34 - [TEST_STEP][PASSED] - click: Object: 'Object Repository/Final Object Repo/New Registration - Registration Module Pages/New Reg - OTC to RO/Special Case - All Related Objects/Third Screen Save n Continue' is clicked on

2018-12-12 13:39:39 - [MESSAGE][PASSED] - Object: 'Object Repository/Final Object Repo/New Registration - Registration Module Pages/New Reg - OTC to RO/Special Case - All Related Objects/Third Screen Save n Continue' is clicked on

2018-12-12 13:39:39 - [TEST_STEP][PASSED] - delay: Delayed 5 second(s)

2018-12-12 13:39:44 - [MESSAGE][PASSED] - Delayed 5 second(s)

2018-12-12 13:39:44 - [TEST_STEP][PASSED] - click: Object: 'Object Repository/Final Object Repo/New Registration - Registration Module Pages/New Reg - OTC to RO/Special Case - All Related Objects/Upload Doc Page Save n Continue' is clicked on

2018-12-12 13:39:44 - [MESSAGE][PASSED] - Object: 'Object Repository/Final Object Repo/New Registration - Registration Module Pages/New Reg - OTC to RO/Special Case - All Related Objects/Upload Doc Page Save n Continue' is clicked on

2018-12-12 13:39:44 - [TEST_STEP][PASSED] - callTestCase: Call Test Case 'Test Cases/Final Aug 2018 - PKS Automation/Registration Module/New Registration/Submit and Screenshot/Submit Registration and Screenshot' successfully

2018-12-12 13:39:45 - [TEST_CASE][PASSED] - Test Cases/Final Aug 2018 - PKS Automation/Registration Module/New Registration/Submit and Screenshot/Submit Registration and Screenshot: Test Cases/Final Aug 2018 - PKS Automation/Registration Module/New Registration/Submit and Screenshot/Submit Registration and Screenshot

2018-12-12 13:39:45 - [TEST_STEP][PASSED] - delay: Delayed 6 second(s)

2018-12-12 13:39:51 - [MESSAGE][PASSED] - Delayed 6 second(s)

2018-12-12 13:39:51 - [TEST_STEP][PASSED] - click: Object: 'Object Repository/Final Object Repo/New Registration - Registration Module Pages/Third Screen - Upload Supporting Doc- Preview/Preview Submit Button' is clicked on

2018-12-12 13:39:51 - [MESSAGE][PASSED] - Object: 'Object Repository/Final Object Repo/New Registration - Registration Module Pages/Third Screen - Upload Supporting Doc- Preview/Preview Submit Button' is clicked on

2018-12-12 13:39:51 - [TEST_STEP][PASSED] - delay: Delayed 2 second(s)

2018-12-12 13:39:53 - [MESSAGE][PASSED] - Delayed 2 second(s)

2018-12-12 13:39:53 - [TEST_STEP][PASSED] - click: Object: 'Object Repository/Final Object Repo/New Registration - Registration Module Pages/Third Screen - Upload Supporting Doc- Preview/Preview Submit - Confirm' is clicked on

2018-12-12 13:39:53 - [MESSAGE][PASSED] - Object: 'Object Repository/Final Object Repo/New Registration - Registration Module Pages/Third Screen - Upload Supporting Doc- Preview/Preview Submit - Confirm' is clicked on

2018-12-12 13:39:53 - [TEST_STEP][PASSED] - delay: Delayed 15 second(s)

2018-12-12 13:40:08 - [MESSAGE][PASSED] - Delayed 15 second(s)

2018-12-12 13:40:08 - [TEST_STEP][PASSED] - Statement - driver = com.kms.katalon.core.webui.driver.DriverFactory.getWebDriver(): null

2018-12-12 13:40:08 - [TEST_STEP][PASSED] - Statement - driver.manage().timeouts().implicitlyWait(10, SECONDS): null

2018-12-12 13:40:08 - [TEST_STEP][PASSED] - Statement - PresavePath = KatalonScreenshots: null

2018-12-12 13:40:08 - [TEST_STEP][PASSED] - Statement - pathPrefix = "C:\Users\Public\Pictures\Sample Pictures\Katalon Screenshots\Automate Ending Screen": null

2018-12-12 13:40:08 - [TEST_STEP][PASSED] - Statement - finalPath = <not implemented yet for class: org.codehaus.groovy.ast.expr.EmptyExpression>: null

2018-12-12 13:40:08 - [TEST_STEP][PASSED] - Statement - scrFile = driver.getScreenshotAs(FILE): null

2018-12-12 13:40:08 - [TEST_STEP][PASSED] - Statement - PreSaveFile = new java.io.File(PresavePath): null

2018-12-12 13:40:08 - [TEST_STEP][PASSED] - Statement - counter = 0: null

2018-12-12 13:40:08 - [TEST_STEP][PASSED] - Statement - If (PreSaveFile.exists()): null

2018-12-12 13:40:08 - [TEST_STEP][PASSED] - Statement - While (PreSaveFile.exists()): null

2018-12-12 13:40:08 - [TEST_STEP][PASSED] - Statement - counter = counter + 1: null

2018-12-12 13:40:08 - [TEST_STEP][PASSED] - Statement - PreSaveFile = new java.io.File(((pathPrefix + java.lang.Integer.toString(counter)) + .png)): null

2018-12-12 13:40:08 - [TEST_STEP][PASSED] - Statement - counter = counter + 1: null

2018-12-12 13:40:08 - [TEST_STEP][PASSED] - Statement - PreSaveFile = new java.io.File(((pathPrefix + java.lang.Integer.toString(counter)) + .png)): null

2018-12-12 13:40:08 - [TEST_STEP][PASSED] - Statement - counter = counter + 1: null

2018-12-12 13:40:08 - [TEST_STEP][PASSED] - Statement - PreSaveFile = new java.io.File(((pathPrefix + java.lang.Integer.toString(counter)) + .png)): null

2018-12-12 13:40:08 - [TEST_STEP][PASSED] - Statement - counter = counter + 1: null

2018-12-12 13:40:08 - [TEST_STEP][PASSED] - Statement - PreSaveFile = new java.io.File(((pathPrefix + java.lang.Integer.toString(counter)) + .png)): null

2018-12-12 13:40:08 - [TEST_STEP][PASSED] - Statement - counter = counter + 1: null

2018-12-12 13:40:08 - [TEST_STEP][PASSED] - Statement - PreSaveFile = new java.io.File(((pathPrefix + java.lang.Integer.toString(counter)) + .png)): null

2018-12-12 13:40:08 - [TEST_STEP][PASSED] - Statement - counter = counter + 1: null

2018-12-12 13:40:08 - [TEST_STEP][PASSED] - Statement - PreSaveFile = new java.io.File(((pathPrefix + java.lang.Integer.toString(counter)) + .png)): null

2018-12-12 13:40:08 - [TEST_STEP][PASSED] - Statement - counter = counter + 1: null

2018-12-12 13:40:08 - [TEST_STEP][PASSED] - Statement - PreSaveFile = new java.io.File(((pathPrefix + java.lang.Integer.toString(counter)) + .png)): null

2018-12-12 13:40:08 - [TEST_STEP][PASSED] - Statement - counter = counter + 1: null

2018-12-12 13:40:08 - [TEST_STEP][PASSED] - Statement - PreSaveFile = new java.io.File(((pathPrefix + java.lang.Integer.toString(counter)) + .png)): null

2018-12-12 13:40:08 - [TEST_STEP][PASSED] - Statement - counter = counter + 1: null

2018-12-12 13:40:08 - [TEST_STEP][PASSED] - Statement - PreSaveFile = new java.io.File(((pathPrefix + java.lang.Integer.toString(counter)) + .png)): null

2018-12-12 13:40:08 - [TEST_STEP][PASSED] - Statement - counter = counter + 1: null

2018-12-12 13:40:08 - [TEST_STEP][PASSED] - Statement - PreSaveFile = new java.io.File(((pathPrefix + java.lang.Integer.toString(counter)) + .png)): null

2018-12-12 13:40:08 - [TEST_STEP][PASSED] - Statement - counter = counter + 1: null

2018-12-12 13:40:08 - [TEST_STEP][PASSED] - Statement - PreSaveFile = new java.io.File(((pathPrefix + java.lang.Integer.toString(counter)) + .png)): null

2018-12-12 13:40:08 - [TEST_STEP][PASSED] - Statement - counter = counter + 1: null

2018-12-12 13:40:08 - [TEST_STEP][PASSED] - Statement - PreSaveFile = new java.io.File(((pathPrefix + java.lang.Integer.toString(counter)) + .png)): null

2018-12-12 13:40:08 - [TEST_STEP][PASSED] - Statement - counter = counter + 1: null

2018-12-12 13:40:08 - [TEST_STEP][PASSED] - Statement - PreSaveFile = new java.io.File(((pathPrefix + java.lang.Integer.toString(counter)) + .png)): null

2018-12-12 13:40:08 - [TEST_STEP][PASSED] - Statement - counter = counter + 1: null

2018-12-12 13:40:08 - [TEST_STEP][PASSED] - Statement - PreSaveFile = new java.io.File(((pathPrefix + java.lang.Integer.toString(counter)) + .png)): null

2018-12-12 13:40:08 - [TEST_STEP][PASSED] - Statement - counter = counter + 1: null

2018-12-12 13:40:08 - [TEST_STEP][PASSED] - Statement - PreSaveFile = new java.io.File(((pathPrefix + java.lang.Integer.toString(counter)) + .png)): null

2018-12-12 13:40:08 - [TEST_STEP][PASSED] - Statement - counter = counter + 1: null

2018-12-12 13:40:08 - [TEST_STEP][PASSED] - Statement - PreSaveFile = new java.io.File(((pathPrefix + java.lang.Integer.toString(counter)) + .png)): null

2018-12-12 13:40:08 - [TEST_STEP][PASSED] - Statement - counter = counter + 1: null

2018-12-12 13:40:08 - [TEST_STEP][PASSED] - Statement - PreSaveFile = new java.io.File(((pathPrefix + java.lang.Integer.toString(counter)) + .png)): null

2018-12-12 13:40:08 - [TEST_STEP][PASSED] - Statement - counter = counter + 1: null

2018-12-12 13:40:08 - [TEST_STEP][PASSED] - Statement - PreSaveFile = new java.io.File(((pathPrefix + java.lang.Integer.toString(counter)) + .png)): null

2018-12-12 13:40:08 - [TEST_STEP][PASSED] - Statement - counter = counter + 1: null

2018-12-12 13:40:08 - [TEST_STEP][PASSED] - Statement - PreSaveFile = new java.io.File(((pathPrefix + java.lang.Integer.toString(counter)) + .png)): null

2018-12-12 13:40:08 - [TEST_STEP][PASSED] - Statement - counter = counter + 1: null

2018-12-12 13:40:08 - [TEST_STEP][PASSED] - Statement - PreSaveFile = new java.io.File(((pathPrefix + java.lang.Integer.toString(counter)) + .png)): null

2018-12-12 13:40:08 - [TEST_STEP][PASSED] - Statement - counter = counter + 1: null

2018-12-12 13:40:08 - [TEST_STEP][PASSED] - Statement - PreSaveFile = new java.io.File(((pathPrefix + java.lang.Integer.toString(counter)) + .png)): null

2018-12-12 13:40:08 - [TEST_STEP][PASSED] - Statement - counter = counter + 1: null

2018-12-12 13:40:08 - [TEST_STEP][PASSED] - Statement - PreSaveFile = new java.io.File(((pathPrefix + java.lang.Integer.toString(counter)) + .png)): null

2018-12-12 13:40:08 - [TEST_STEP][PASSED] - Statement - counter = counter + 1: null

2018-12-12 13:40:08 - [TEST_STEP][PASSED] - Statement - PreSaveFile = new java.io.File(((pathPrefix + java.lang.Integer.toString(counter)) + .png)): null

2018-12-12 13:40:08 - [TEST_STEP][PASSED] - Statement - counter = counter + 1: null

2018-12-12 13:40:08 - [TEST_STEP][PASSED] - Statement - PreSaveFile = new java.io.File(((pathPrefix + java.lang.Integer.toString(counter)) + .png)): null

2018-12-12 13:40:08 - [TEST_STEP][PASSED] - Statement - counter = counter + 1: null

2018-12-12 13:40:08 - [TEST_STEP][PASSED] - Statement - PreSaveFile = new java.io.File(((pathPrefix + java.lang.Integer.toString(counter)) + .png)): null

2018-12-12 13:40:08 - [TEST_STEP][PASSED] - Statement - counter = counter + 1: null

2018-12-12 13:40:08 - [TEST_STEP][PASSED] - Statement - PreSaveFile = new java.io.File(((pathPrefix + java.lang.Integer.toString(counter)) + .png)): null

2018-12-12 13:40:08 - [TEST_STEP][PASSED] - Statement - counter = counter + 1: null

2018-12-12 13:40:08 - [TEST_STEP][PASSED] - Statement - PreSaveFile = new java.io.File(((pathPrefix + java.lang.Integer.toString(counter)) + .png)): null

2018-12-12 13:40:08 - [TEST_STEP][PASSED] - Statement - counter = counter + 1: null

2018-12-12 13:40:08 - [TEST_STEP][PASSED] - Statement - PreSaveFile = new java.io.File(((pathPrefix + java.lang.Integer.toString(counter)) + .png)): null

2018-12-12 13:40:08 - [TEST_STEP][PASSED] - Statement - counter = counter + 1: null

2018-12-12 13:40:08 - [TEST_STEP][PASSED] - Statement - PreSaveFile = new java.io.File(((pathPrefix + java.lang.Integer.toString(counter)) + .png)): null

2018-12-12 13:40:08 - [TEST_STEP][PASSED] - Statement - counter = counter + 1: null

2018-12-12 13:40:08 - [TEST_STEP][PASSED] - Statement - PreSaveFile = new java.io.File(((pathPrefix + java.lang.Integer.toString(counter)) + .png)): null

2018-12-12 13:40:08 - [TEST_STEP][PASSED] - Statement - counter = counter + 1: null

2018-12-12 13:40:08 - [TEST_STEP][PASSED] - Statement - PreSaveFile = new java.io.File(((pathPrefix + java.lang.Integer.toString(counter)) + .png)): null

2018-12-12 13:40:08 - [TEST_STEP][PASSED] - Statement - counter = counter + 1: null

2018-12-12 13:40:08 - [TEST_STEP][PASSED] - Statement - PreSaveFile = new java.io.File(((pathPrefix + java.lang.Integer.toString(counter)) + .png)): null

2018-12-12 13:40:08 - [TEST_STEP][PASSED] - Statement - counter = counter + 1: null

2018-12-12 13:40:08 - [TEST_STEP][PASSED] - Statement - PreSaveFile = new java.io.File(((pathPrefix + java.lang.Integer.toString(counter)) + .png)): null

2018-12-12 13:40:08 - [TEST_STEP][PASSED] - Statement - counter = counter + 1: null

2018-12-12 13:40:08 - [TEST_STEP][PASSED] - Statement - PreSaveFile = new java.io.File(((pathPrefix + java.lang.Integer.toString(counter)) + .png)): null

2018-12-12 13:40:08 - [TEST_STEP][PASSED] - Statement - counter = counter + 1: null

2018-12-12 13:40:08 - [TEST_STEP][PASSED] - Statement - PreSaveFile = new java.io.File(((pathPrefix + java.lang.Integer.toString(counter)) + .png)): null

2018-12-12 13:40:08 - [TEST_STEP][PASSED] - Statement - counter = counter + 1: null

2018-12-12 13:40:08 - [TEST_STEP][PASSED] - Statement - PreSaveFile = new java.io.File(((pathPrefix + java.lang.Integer.toString(counter)) + .png)): null

2018-12-12 13:40:08 - [TEST_STEP][PASSED] - Statement - counter = counter + 1: null

2018-12-12 13:40:08 - [TEST_STEP][PASSED] - Statement - PreSaveFile = new java.io.File(((pathPrefix + java.lang.Integer.toString(counter)) + .png)): null

2018-12-12 13:40:08 - [TEST_STEP][PASSED] - Statement - counter = counter + 1: null

2018-12-12 13:40:08 - [TEST_STEP][PASSED] - Statement - PreSaveFile = new java.io.File(((pathPrefix + java.lang.Integer.toString(counter)) + .png)): null

2018-12-12 13:40:08 - [TEST_STEP][PASSED] - Statement - counter = counter + 1: null

2018-12-12 13:40:08 - [TEST_STEP][PASSED] - Statement - PreSaveFile = new java.io.File(((pathPrefix + java.lang.Integer.toString(counter)) + .png)): null

2018-12-12 13:40:08 - [TEST_STEP][PASSED] - Statement - counter = counter + 1: null

2018-12-12 13:40:08 - [TEST_STEP][PASSED] - Statement - PreSaveFile = new java.io.File(((pathPrefix + java.lang.Integer.toString(counter)) + .png)): null

2018-12-12 13:40:08 - [TEST_STEP][PASSED] - Statement - counter = counter + 1: null

2018-12-12 13:40:08 - [TEST_STEP][PASSED] - Statement - PreSaveFile = new java.io.File(((pathPrefix + java.lang.Integer.toString(counter)) + .png)): null

2018-12-12 13:40:08 - [TEST_STEP][PASSED] - Statement - counter = counter + 1: null

2018-12-12 13:40:08 - [TEST_STEP][PASSED] - Statement - PreSaveFile = new java.io.File(((pathPrefix + java.lang.Integer.toString(counter)) + .png)): null

2018-12-12 13:40:08 - [TEST_STEP][PASSED] - Statement - counter = counter + 1: null

2018-12-12 13:40:08 - [TEST_STEP][PASSED] - Statement - PreSaveFile = new java.io.File(((pathPrefix + java.lang.Integer.toString(counter)) + .png)): null

2018-12-12 13:40:08 - [TEST_STEP][PASSED] - Statement - counter = counter + 1: null

2018-12-12 13:40:08 - [TEST_STEP][PASSED] - Statement - PreSaveFile = new java.io.File(((pathPrefix + java.lang.Integer.toString(counter)) + .png)): null

2018-12-12 13:40:08 - [TEST_STEP][PASSED] - Statement - counter = counter + 1: null

2018-12-12 13:40:08 - [TEST_STEP][PASSED] - Statement - PreSaveFile = new java.io.File(((pathPrefix + java.lang.Integer.toString(counter)) + .png)): null

2018-12-12 13:40:08 - [TEST_STEP][PASSED] - Statement - counter = counter + 1: null

2018-12-12 13:40:08 - [TEST_STEP][PASSED] - Statement - PreSaveFile = new java.io.File(((pathPrefix + java.lang.Integer.toString(counter)) + .png)): null

2018-12-12 13:40:08 - [TEST_STEP][PASSED] - Statement - counter = counter + 1: null

2018-12-12 13:40:08 - [TEST_STEP][PASSED] - Statement - PreSaveFile = new java.io.File(((pathPrefix + java.lang.Integer.toString(counter)) + .png)): null

2018-12-12 13:40:08 - [TEST_STEP][PASSED] - Statement - counter = counter + 1: null

2018-12-12 13:40:08 - [TEST_STEP][PASSED] - Statement - PreSaveFile = new java.io.File(((pathPrefix + java.lang.Integer.toString(counter)) + .png)): null

2018-12-12 13:40:08 - [TEST_STEP][PASSED] - Statement - counter = counter + 1: null

2018-12-12 13:40:08 - [TEST_STEP][PASSED] - Statement - PreSaveFile = new java.io.File(((pathPrefix + java.lang.Integer.toString(counter)) + .png)): null

2018-12-12 13:40:08 - [TEST_STEP][PASSED] - Statement - counter = counter + 1: null

2018-12-12 13:40:08 - [TEST_STEP][PASSED] - Statement - PreSaveFile = new java.io.File(((pathPrefix + java.lang.Integer.toString(counter)) + .png)): null

2018-12-12 13:40:08 - [TEST_STEP][PASSED] - Statement - counter = counter + 1: null

2018-12-12 13:40:08 - [TEST_STEP][PASSED] - Statement - PreSaveFile = new java.io.File(((pathPrefix + java.lang.Integer.toString(counter)) + .png)): null

2018-12-12 13:40:08 - [TEST_STEP][PASSED] - Statement - counter = counter + 1: null

2018-12-12 13:40:08 - [TEST_STEP][PASSED] - Statement - PreSaveFile = new java.io.File(((pathPrefix + java.lang.Integer.toString(counter)) + .png)): null

2018-12-12 13:40:08 - [TEST_STEP][PASSED] - Statement - counter = counter + 1: null

2018-12-12 13:40:08 - [TEST_STEP][PASSED] - Statement - PreSaveFile = new java.io.File(((pathPrefix + java.lang.Integer.toString(counter)) + .png)): null

2018-12-12 13:40:08 - [TEST_STEP][PASSED] - Statement - counter = counter + 1: null

2018-12-12 13:40:08 - [TEST_STEP][PASSED] - Statement - PreSaveFile = new java.io.File(((pathPrefix + java.lang.Integer.toString(counter)) + .png)): null

2018-12-12 13:40:08 - [TEST_STEP][PASSED] - Statement - counter = counter + 1: null

2018-12-12 13:40:08 - [TEST_STEP][PASSED] - Statement - PreSaveFile = new java.io.File(((pathPrefix + java.lang.Integer.toString(counter)) + .png)): null

2018-12-12 13:40:08 - [TEST_STEP][PASSED] - Statement - counter = counter + 1: null

2018-12-12 13:40:08 - [TEST_STEP][PASSED] - Statement - PreSaveFile = new java.io.File(((pathPrefix + java.lang.Integer.toString(counter)) + .png)): null

2018-12-12 13:40:08 - [TEST_STEP][PASSED] - Statement - counter = counter + 1: null

2018-12-12 13:40:08 - [TEST_STEP][PASSED] - Statement - PreSaveFile = new java.io.File(((pathPrefix + java.lang.Integer.toString(counter)) + .png)): null

2018-12-12 13:40:08 - [TEST_STEP][PASSED] - Statement - counter = counter + 1: null

2018-12-12 13:40:08 - [TEST_STEP][PASSED] - Statement - PreSaveFile = new java.io.File(((pathPrefix + java.lang.Integer.toString(counter)) + .png)): null

2018-12-12 13:40:08 - [TEST_STEP][PASSED] - Statement - counter = counter + 1: null

2018-12-12 13:40:08 - [TEST_STEP][PASSED] - Statement - PreSaveFile = new java.io.File(((pathPrefix + java.lang.Integer.toString(counter)) + .png)): null

2018-12-12 13:40:08 - [TEST_STEP][PASSED] - Statement - counter = counter + 1: null

2018-12-12 13:40:08 - [TEST_STEP][PASSED] - Statement - PreSaveFile = new java.io.File(((pathPrefix + java.lang.Integer.toString(counter)) + .png)): null

2018-12-12 13:40:08 - [TEST_STEP][PASSED] - Statement - counter = counter + 1: null

2018-12-12 13:40:08 - [TEST_STEP][PASSED] - Statement - PreSaveFile = new java.io.File(((pathPrefix + java.lang.Integer.toString(counter)) + .png)): null

2018-12-12 13:40:08 - [TEST_STEP][PASSED] - Statement - counter = counter + 1: null

2018-12-12 13:40:09 - [TEST_STEP][PASSED] - Statement - PreSaveFile = new java.io.File(((pathPrefix + java.lang.Integer.toString(counter)) + .png)): null

2018-12-12 13:40:09 - [TEST_STEP][PASSED] - Statement - counter = counter + 1: null

2018-12-12 13:40:09 - [TEST_STEP][PASSED] - Statement - PreSaveFile = new java.io.File(((pathPrefix + java.lang.Integer.toString(counter)) + .png)): null

2018-12-12 13:40:09 - [TEST_STEP][PASSED] - Statement - counter = counter + 1: null

2018-12-12 13:40:09 - [TEST_STEP][PASSED] - Statement - PreSaveFile = new java.io.File(((pathPrefix + java.lang.Integer.toString(counter)) + .png)): null

2018-12-12 13:40:09 - [TEST_STEP][PASSED] - Statement - counter = counter + 1: null

2018-12-12 13:40:09 - [TEST_STEP][PASSED] - Statement - PreSaveFile = new java.io.File(((pathPrefix + java.lang.Integer.toString(counter)) + .png)): null

2018-12-12 13:40:09 - [TEST_STEP][PASSED] - Statement - counter = counter + 1: null

2018-12-12 13:40:09 - [TEST_STEP][PASSED] - Statement - PreSaveFile = new java.io.File(((pathPrefix + java.lang.Integer.toString(counter)) + .png)): null

2018-12-12 13:40:09 - [TEST_STEP][PASSED] - Statement - counter = counter + 1: null

2018-12-12 13:40:09 - [TEST_STEP][PASSED] - Statement - PreSaveFile = new java.io.File(((pathPrefix + java.lang.Integer.toString(counter)) + .png)): null

2018-12-12 13:40:09 - [TEST_STEP][PASSED] - Statement - counter = counter + 1: null

2018-12-12 13:40:09 - [TEST_STEP][PASSED] - Statement - PreSaveFile = new java.io.File(((pathPrefix + java.lang.Integer.toString(counter)) + .png)): null

2018-12-12 13:40:09 - [TEST_STEP][PASSED] - Statement - counter = counter + 1: null

2018-12-12 13:40:09 - [TEST_STEP][PASSED] - Statement - PreSaveFile = new java.io.File(((pathPrefix + java.lang.Integer.toString(counter)) + .png)): null

2018-12-12 13:40:09 - [TEST_STEP][PASSED] - Statement - counter = counter + 1: null

2018-12-12 13:40:09 - [TEST_STEP][PASSED] - Statement - PreSaveFile = new java.io.File(((pathPrefix + java.lang.Integer.toString(counter)) + .png)): null

2018-12-12 13:40:09 - [TEST_STEP][PASSED] - Statement - counter = counter + 1: null

2018-12-12 13:40:09 - [TEST_STEP][PASSED] - Statement - PreSaveFile = new java.io.File(((pathPrefix + java.lang.Integer.toString(counter)) + .png)): null

2018-12-12 13:40:09 - [TEST_STEP][PASSED] - Statement - counter = counter + 1: null

2018-12-12 13:40:09 - [TEST_STEP][PASSED] - Statement - PreSaveFile = new java.io.File(((pathPrefix + java.lang.Integer.toString(counter)) + .png)): null

2018-12-12 13:40:09 - [TEST_STEP][PASSED] - Statement - counter = counter + 1: null

2018-12-12 13:40:09 - [TEST_STEP][PASSED] - Statement - PreSaveFile = new java.io.File(((pathPrefix + java.lang.Integer.toString(counter)) + .png)): null

2018-12-12 13:40:09 - [TEST_STEP][PASSED] - Statement - counter = counter + 1: null

2018-12-12 13:40:09 - [TEST_STEP][PASSED] - Statement - PreSaveFile = new java.io.File(((pathPrefix + java.lang.Integer.toString(counter)) + .png)): null

2018-12-12 13:40:09 - [TEST_STEP][PASSED] - Statement - counter = counter + 1: null

2018-12-12 13:40:09 - [TEST_STEP][PASSED] - Statement - PreSaveFile = new java.io.File(((pathPrefix + java.lang.Integer.toString(counter)) + .png)): null

2018-12-12 13:40:09 - [TEST_STEP][PASSED] - Statement - counter = counter + 1: null

2018-12-12 13:40:09 - [TEST_STEP][PASSED] - Statement - PreSaveFile = new java.io.File(((pathPrefix + java.lang.Integer.toString(counter)) + .png)): null

2018-12-12 13:40:09 - [TEST_STEP][PASSED] - Statement - counter = counter + 1: null

2018-12-12 13:40:09 - [TEST_STEP][PASSED] - Statement - PreSaveFile = new java.io.File(((pathPrefix + java.lang.Integer.toString(counter)) + .png)): null

2018-12-12 13:40:09 - [TEST_STEP][PASSED] - Statement - counter = counter + 1: null

2018-12-12 13:40:09 - [TEST_STEP][PASSED] - Statement - PreSaveFile = new java.io.File(((pathPrefix + java.lang.Integer.toString(counter)) + .png)): null

2018-12-12 13:40:09 - [TEST_STEP][PASSED] - Statement - counter = counter + 1: null

2018-12-12 13:40:09 - [TEST_STEP][PASSED] - Statement - PreSaveFile = new java.io.File(((pathPrefix + java.lang.Integer.toString(counter)) + .png)): null

2018-12-12 13:40:09 - [TEST_STEP][PASSED] - Statement - counter = counter + 1: null

2018-12-12 13:40:09 - [TEST_STEP][PASSED] - Statement - PreSaveFile = new java.io.File(((pathPrefix + java.lang.Integer.toString(counter)) + .png)): null

2018-12-12 13:40:09 - [TEST_STEP][PASSED] - Statement - counter = counter + 1: null

2018-12-12 13:40:09 - [TEST_STEP][PASSED] - Statement - PreSaveFile = new java.io.File(((pathPrefix + java.lang.Integer.toString(counter)) + .png)): null

2018-12-12 13:40:09 - [TEST_STEP][PASSED] - Statement - counter = counter + 1: null

2018-12-12 13:40:09 - [TEST_STEP][PASSED] - Statement - PreSaveFile = new java.io.File(((pathPrefix + java.lang.Integer.toString(counter)) + .png)): null

2018-12-12 13:40:09 - [TEST_STEP][PASSED] - Statement - counter = counter + 1: null

2018-12-12 13:40:09 - [TEST_STEP][PASSED] - Statement - PreSaveFile = new java.io.File(((pathPrefix + java.lang.Integer.toString(counter)) + .png)): null

2018-12-12 13:40:09 - [TEST_STEP][PASSED] - Statement - counter = counter + 1: null

2018-12-12 13:40:09 - [TEST_STEP][PASSED] - Statement - PreSaveFile = new java.io.File(((pathPrefix + java.lang.Integer.toString(counter)) + .png)): null

2018-12-12 13:40:09 - [TEST_STEP][PASSED] - Statement - counter = counter + 1: null

2018-12-12 13:40:09 - [TEST_STEP][PASSED] - Statement - PreSaveFile = new java.io.File(((pathPrefix + java.lang.Integer.toString(counter)) + .png)): null

2018-12-12 13:40:09 - [TEST_STEP][PASSED] - Statement - counter = counter + 1: null

2018-12-12 13:40:09 - [TEST_STEP][PASSED] - Statement - PreSaveFile = new java.io.File(((pathPrefix + java.lang.Integer.toString(counter)) + .png)): null

2018-12-12 13:40:09 - [TEST_STEP][PASSED] - Statement - counter = counter + 1: null

2018-12-12 13:40:09 - [TEST_STEP][PASSED] - Statement - PreSaveFile = new java.io.File(((pathPrefix + java.lang.Integer.toString(counter)) + .png)): null

2018-12-12 13:40:09 - [TEST_STEP][PASSED] - Statement - counter = counter + 1: null

2018-12-12 13:40:09 - [TEST_STEP][PASSED] - Statement - PreSaveFile = new java.io.File(((pathPrefix + java.lang.Integer.toString(counter)) + .png)): null

2018-12-12 13:40:09 - [TEST_STEP][PASSED] - Statement - counter = counter + 1: null

2018-12-12 13:40:09 - [TEST_STEP][PASSED] - Statement - PreSaveFile = new java.io.File(((pathPrefix + java.lang.Integer.toString(counter)) + .png)): null

2018-12-12 13:40:09 - [TEST_STEP][PASSED] - Statement - counter = counter + 1: null

2018-12-12 13:40:09 - [TEST_STEP][PASSED] - Statement - PreSaveFile = new java.io.File(((pathPrefix + java.lang.Integer.toString(counter)) + .png)): null

2018-12-12 13:40:09 - [TEST_STEP][PASSED] - Statement - counter = counter + 1: null

2018-12-12 13:40:09 - [TEST_STEP][PASSED] - Statement - PreSaveFile = new java.io.File(((pathPrefix + java.lang.Integer.toString(counter)) + .png)): null

2018-12-12 13:40:09 - [TEST_STEP][PASSED] - Statement - counter = counter + 1: null

2018-12-12 13:40:09 - [TEST_STEP][PASSED] - Statement - PreSaveFile = new java.io.File(((pathPrefix + java.lang.Integer.toString(counter)) + .png)): null

2018-12-12 13:40:09 - [TEST_STEP][PASSED] - Statement - counter = counter + 1: null

2018-12-12 13:40:09 - [TEST_STEP][PASSED] - Statement - PreSaveFile = new java.io.File(((pathPrefix + java.lang.Integer.toString(counter)) + .png)): null

2018-12-12 13:40:09 - [TEST_STEP][PASSED] - Statement - counter = counter + 1: null

2018-12-12 13:40:09 - [TEST_STEP][PASSED] - Statement - PreSaveFile = new java.io.File(((pathPrefix + java.lang.Integer.toString(counter)) + .png)): null

2018-12-12 13:40:09 - [TEST_STEP][PASSED] - Statement - counter = counter + 1: null

2018-12-12 13:40:09 - [TEST_STEP][PASSED] - Statement - PreSaveFile = new java.io.File(((pathPrefix + java.lang.Integer.toString(counter)) + .png)): null

2018-12-12 13:40:09 - [TEST_STEP][PASSED] - Statement - counter = counter + 1: null

2018-12-12 13:40:09 - [TEST_STEP][PASSED] - Statement - PreSaveFile = new java.io.File(((pathPrefix + java.lang.Integer.toString(counter)) + .png)): null

2018-12-12 13:40:09 - [TEST_STEP][PASSED] - Statement - counter = counter + 1: null

2018-12-12 13:40:09 - [TEST_STEP][PASSED] - Statement - PreSaveFile = new java.io.File(((pathPrefix + java.lang.Integer.toString(counter)) + .png)): null

2018-12-12 13:40:09 - [TEST_STEP][PASSED] - Statement - counter = counter + 1: null

2018-12-12 13:40:09 - [TEST_STEP][PASSED] - Statement - PreSaveFile = new java.io.File(((pathPrefix + java.lang.Integer.toString(counter)) + .png)): null

2018-12-12 13:40:09 - [TEST_STEP][PASSED] - Statement - counter = counter + 1: null

2018-12-12 13:40:09 - [TEST_STEP][PASSED] - Statement - PreSaveFile = new java.io.File(((pathPrefix + java.lang.Integer.toString(counter)) + .png)): null

2018-12-12 13:40:09 - [TEST_STEP][PASSED] - Statement - counter = counter + 1: null

2018-12-12 13:40:09 - [TEST_STEP][PASSED] - Statement - PreSaveFile = new java.io.File(((pathPrefix + java.lang.Integer.toString(counter)) + .png)): null

2018-12-12 13:40:09 - [TEST_STEP][PASSED] - Statement - counter = counter + 1: null

2018-12-12 13:40:09 - [TEST_STEP][PASSED] - Statement - PreSaveFile = new java.io.File(((pathPrefix + java.lang.Integer.toString(counter)) + .png)): null

2018-12-12 13:40:09 - [TEST_STEP][PASSED] - Statement - counter = counter + 1: null

2018-12-12 13:40:09 - [TEST_STEP][PASSED] - Statement - PreSaveFile = new java.io.File(((pathPrefix + java.lang.Integer.toString(counter)) + .png)): null

2018-12-12 13:40:09 - [TEST_STEP][PASSED] - Statement - counter = counter + 1: null

2018-12-12 13:40:09 - [TEST_STEP][PASSED] - Statement - PreSaveFile = new java.io.File(((pathPrefix + java.lang.Integer.toString(counter)) + .png)): null

2018-12-12 13:40:09 - [TEST_STEP][PASSED] - Statement - counter = counter + 1: null

2018-12-12 13:40:09 - [TEST_STEP][PASSED] - Statement - PreSaveFile = new java.io.File(((pathPrefix + java.lang.Integer.toString(counter)) + .png)): null

2018-12-12 13:40:09 - [TEST_STEP][PASSED] - Statement - counter = counter + 1: null

2018-12-12 13:40:09 - [TEST_STEP][PASSED] - Statement - PreSaveFile = new java.io.File(((pathPrefix + java.lang.Integer.toString(counter)) + .png)): null

2018-12-12 13:40:09 - [TEST_STEP][PASSED] - Statement - counter = counter + 1: null

2018-12-12 13:40:09 - [TEST_STEP][PASSED] - Statement - PreSaveFile = new java.io.File(((pathPrefix + java.lang.Integer.toString(counter)) + .png)): null

2018-12-12 13:40:09 - [TEST_STEP][PASSED] - Statement - counter = counter + 1: null

2018-12-12 13:40:09 - [TEST_STEP][PASSED] - Statement - PreSaveFile = new java.io.File(((pathPrefix + java.lang.Integer.toString(counter)) + .png)): null

2018-12-12 13:40:09 - [TEST_STEP][PASSED] - Statement - counter = counter + 1: null

2018-12-12 13:40:09 - [TEST_STEP][PASSED] - Statement - PreSaveFile = new java.io.File(((pathPrefix + java.lang.Integer.toString(counter)) + .png)): null

2018-12-12 13:40:09 - [TEST_STEP][PASSED] - Statement - counter = counter + 1: null

2018-12-12 13:40:09 - [TEST_STEP][PASSED] - Statement - PreSaveFile = new java.io.File(((pathPrefix + java.lang.Integer.toString(counter)) + .png)): null

2018-12-12 13:40:09 - [TEST_STEP][PASSED] - Statement - counter = counter + 1: null

2018-12-12 13:40:09 - [TEST_STEP][PASSED] - Statement - PreSaveFile = new java.io.File(((pathPrefix + java.lang.Integer.toString(counter)) + .png)): null

2018-12-12 13:40:09 - [TEST_STEP][PASSED] - Statement - counter = counter + 1: null

2018-12-12 13:40:09 - [TEST_STEP][PASSED] - Statement - PreSaveFile = new java.io.File(((pathPrefix + java.lang.Integer.toString(counter)) + .png)): null

2018-12-12 13:40:09 - [TEST_STEP][PASSED] - Statement - counter = counter + 1: null

2018-12-12 13:40:09 - [TEST_STEP][PASSED] - Statement - PreSaveFile = new java.io.File(((pathPrefix + java.lang.Integer.toString(counter)) + .png)): null

2018-12-12 13:40:09 - [TEST_STEP][PASSED] - Statement - counter = counter + 1: null

2018-12-12 13:40:09 - [TEST_STEP][PASSED] - Statement - PreSaveFile = new java.io.File(((pathPrefix + java.lang.Integer.toString(counter)) + .png)): null

2018-12-12 13:40:09 - [TEST_STEP][PASSED] - Statement - counter = counter + 1: null

2018-12-12 13:40:09 - [TEST_STEP][PASSED] - Statement - PreSaveFile = new java.io.File(((pathPrefix + java.lang.Integer.toString(counter)) + .png)): null

2018-12-12 13:40:09 - [TEST_STEP][PASSED] - Statement - counter = counter + 1: null

2018-12-12 13:40:09 - [TEST_STEP][PASSED] - Statement - PreSaveFile = new java.io.File(((pathPrefix + java.lang.Integer.toString(counter)) + .png)): null

2018-12-12 13:40:09 - [TEST_STEP][PASSED] - Statement - counter = counter + 1: null

2018-12-12 13:40:09 - [TEST_STEP][PASSED] - Statement - PreSaveFile = new java.io.File(((pathPrefix + java.lang.Integer.toString(counter)) + .png)): null

2018-12-12 13:40:09 - [TEST_STEP][PASSED] - Statement - counter = counter + 1: null

2018-12-12 13:40:09 - [TEST_STEP][PASSED] - Statement - PreSaveFile = new java.io.File(((pathPrefix + java.lang.Integer.toString(counter)) + .png)): null

2018-12-12 13:40:09 - [TEST_STEP][PASSED] - Statement - counter = counter + 1: null

2018-12-12 13:40:09 - [TEST_STEP][PASSED] - Statement - PreSaveFile = new java.io.File(((pathPrefix + java.lang.Integer.toString(counter)) + .png)): null

2018-12-12 13:40:09 - [TEST_STEP][PASSED] - Statement - counter = counter + 1: null

2018-12-12 13:40:09 - [TEST_STEP][PASSED] - Statement - PreSaveFile = new java.io.File(((pathPrefix + java.lang.Integer.toString(counter)) + .png)): null

2018-12-12 13:40:09 - [TEST_STEP][PASSED] - Statement - counter = counter + 1: null

2018-12-12 13:40:09 - [TEST_STEP][PASSED] - Statement - PreSaveFile = new java.io.File(((pathPrefix + java.lang.Integer.toString(counter)) + .png)): null

2018-12-12 13:40:09 - [TEST_STEP][PASSED] - Statement - counter = counter + 1: null

2018-12-12 13:40:09 - [TEST_STEP][PASSED] - Statement - PreSaveFile = new java.io.File(((pathPrefix + java.lang.Integer.toString(counter)) + .png)): null

2018-12-12 13:40:09 - [TEST_STEP][PASSED] - Statement - counter = counter + 1: null

2018-12-12 13:40:09 - [TEST_STEP][PASSED] - Statement - PreSaveFile = new java.io.File(((pathPrefix + java.lang.Integer.toString(counter)) + .png)): null

2018-12-12 13:40:09 - [TEST_STEP][PASSED] - Statement - counter = counter + 1: null

2018-12-12 13:40:09 - [TEST_STEP][PASSED] - Statement - PreSaveFile = new java.io.File(((pathPrefix + java.lang.Integer.toString(counter)) + .png)): null

2018-12-12 13:40:09 - [TEST_STEP][PASSED] - Statement - finalPath = pathPrefix + java.lang.Integer.toString(counter) + ".png": null

2018-12-12 13:40:09 - [TEST_STEP][PASSED] - Statement - SaveFile = new java.io.File(finalPath): null

2018-12-12 13:40:09 - [TEST_STEP][PASSED] - Statement - Try: null

2018-12-12 13:40:09 - [TEST_STEP][PASSED] - Statement - org.apache.commons.io.FileUtils.copyFile(scrFile, SaveFile): null

2018-12-12 13:40:09 - [TEST_STEP][PASSED] - Statement - out.println("file kept"): null

2018-12-12 13:40:09 - [TEST_STEP][PASSED] - delay: Delayed 10 second(s)

2018-12-12 13:40:19 - [MESSAGE][PASSED] - Delayed 10 second(s)

2018-12-12 13:40:19 - [MESSAGE][PASSED] - Call Test Case 'Test Cases/Final Aug 2018 - PKS Automation/Registration Module/New Registration/Submit and Screenshot/Submit Registration and Screenshot' successfully

2018-12-12 13:40:19 - [TEST_STEP][PASSED] - delay: Delayed 5 second(s)

2018-12-12 13:40:24 - [MESSAGE][PASSED] - Delayed 5 second(s)

2018-12-12 13:40:24 - [TEST_STEP][PASSED] - callTestCase: Call Test Case 'Test Cases/Final Aug 2018 - PKS Automation/Registration Module/Log Out/log out avoiding katalon tagging' successfully

2018-12-12 13:40:24 - [TEST_CASE][PASSED] - Test Cases/Final Aug 2018 - PKS Automation/Registration Module/Log Out/log out avoiding katalon tagging: Test Cases/Final Aug 2018 - PKS Automation/Registration Module/Log Out/log out avoiding katalon tagging

2018-12-12 13:40:24 - [TEST_STEP][PASSED] - navigateToUrl: Navigate to 'https://assist2-uat.perkeso.gov.my/c/portal/logout' successfully

2018-12-12 13:40:25 - [MESSAGE][PASSED] - Navigate to 'https://assist2-uat.perkeso.gov.my/c/portal/logout' successfully

2018-12-12 13:40:25 - [MESSAGE][PASSED] - Call Test Case 'Test Cases/Final Aug 2018 - PKS Automation/Registration Module/Log Out/log out avoiding katalon tagging' successfully

2018-12-12 13:40:25 - [TEST_STEP][PASSED] - callTestCase: Call Test Case 'Test Cases/Final Aug 2018 - PKS Automation/Common/Workflow Owner Finder' successfully

2018-12-12 13:40:25 - [TEST_CASE][PASSED] - Test Cases/Final Aug 2018 - PKS Automation/Common/Workflow Owner Finder: Test Cases/Final Aug 2018 - PKS Automation/Common/Workflow Owner Finder

2018-12-12 13:40:25 - [TEST_STEP][PASSED] - openBrowser: Browser is opened with url: ''

2018-12-12 13:40:25 - [MESSAGE][WARNING] - A browser is already opened. Closing browser and opening a new one

2018-12-12 13:40:29 - [MESSAGE][PASSED] - Browser is opened with url: ''

2018-12-12 13:40:29 - [TEST_STEP][PASSED] - navigateToUrl: Navigate to 'https://assist2-uat.perkeso.gov.my/login' successfully

2018-12-12 13:40:30 - [MESSAGE][PASSED] - Navigate to 'https://assist2-uat.perkeso.gov.my/login' successfully

2018-12-12 13:40:30 - [TEST_STEP][PASSED] - delay: Delayed 5 second(s)

2018-12-12 13:40:35 - [MESSAGE][PASSED] - Delayed 5 second(s)

2018-12-12 13:40:35 - [TEST_STEP][PASSED] - setText: Text 'test@liferay.com' is set on object 'Object Repository/Final Object Repo/Login Page/Internal User/Email Address'

2018-12-12 13:40:36 - [MESSAGE][PASSED] - Text 'test@liferay.com' is set on object 'Object Repository/Final Object Repo/Login Page/Internal User/Email Address'

2018-12-12 13:40:36 - [TEST_STEP][PASSED] - click: Object: 'Object Repository/Final Object Repo/Login Page/Internal User/Next Button' is clicked on

2018-12-12 13:40:36 - [MESSAGE][PASSED] - Object: 'Object Repository/Final Object Repo/Login Page/Internal User/Next Button' is clicked on

2018-12-12 13:40:36 - [TEST_STEP][PASSED] - delay: Delayed 2 second(s)

2018-12-12 13:40:38 - [MESSAGE][PASSED] - Delayed 2 second(s)

2018-12-12 13:40:38 - [TEST_STEP][PASSED] - setText: Text 'test' is set on object 'Object Repository/Final Object Repo/Login Page/Internal User/Password'

2018-12-12 13:40:38 - [MESSAGE][PASSED] - Text 'test' is set on object 'Object Repository/Final Object Repo/Login Page/Internal User/Password'

2018-12-12 13:40:38 - [TEST_STEP][PASSED] - delay: Delayed 2 second(s)

2018-12-12 13:40:40 - [MESSAGE][PASSED] - Delayed 2 second(s)

2018-12-12 13:40:40 - [TEST_STEP][PASSED] - click: Object: 'Object Repository/Final Object Repo/Login Page/Internal User/Login Button' is clicked on

2018-12-12 13:40:40 - [MESSAGE][PASSED] - Object: 'Object Repository/Final Object Repo/Login Page/Internal User/Login Button' is clicked on

2018-12-12 13:40:40 - [TEST_STEP][PASSED] - Statement - tester = com.kms.katalon.core.testobject.ObjectRepository.findTestObject(Final Object Repo/Landing Page/Select to English): Finding Test Object with id 'Object Repository/Final Object Repo/Landing Page/Select to English'

2018-12-12 13:40:40 - [TEST_STEP][PASSED] - Statement - Try: Delayed 2 second(s)

2018-12-12 13:40:40 - [TEST_STEP][PASSED] - Statement - Checker = com.kms.katalon.core.webui.keyword.WebUiBuiltInKeywords.verifyElementNotPresent(tester, 3): Web element with id: 'Object Repository/Final Object Repo/Landing Page/Select to English' located by 'By.xpath: //a[@class = 'taglib-language-list-text' and @lang = 'en-US' and (contains(text(), 'EN') or contains(., 'EN'))]' is not present after '3' second(s)

2018-12-12 13:40:42 - [MESSAGE][PASSED] - Web element with id: 'Object Repository/Final Object Repo/Landing Page/Select to English' located by 'By.xpath: //a[@class = 'taglib-language-list-text' and @lang = 'en-US' and (contains(text(), 'EN') or contains(., 'EN'))]' is not present after '3' second(s)

2018-12-12 13:40:42 - [TEST_STEP][PASSED] - Statement - If (Checker == false): null

2018-12-12 13:40:42 - [TEST_STEP][PASSED] - delay: Delayed 2 second(s)

2018-12-12 13:40:44 - [MESSAGE][PASSED] - Delayed 2 second(s)

2018-12-12 13:40:44 - [TEST_STEP][PASSED] - delay: Delayed 5 second(s)

2018-12-12 13:40:49 - [MESSAGE][PASSED] - Delayed 5 second(s)

2018-12-12 13:40:49 - [TEST_STEP][PASSED] - mouseOver: Object: 'Object Repository/Final Object Repo/Landing Page/WorkFlow Menu' is hovered

2018-12-12 13:40:49 - [MESSAGE][PASSED] - Object: 'Object Repository/Final Object Repo/Landing Page/WorkFlow Menu' is hovered

2018-12-12 13:40:49 - [TEST_STEP][PASSED] - delay: Delayed 2 second(s)

2018-12-12 13:40:51 - [MESSAGE][PASSED] - Delayed 2 second(s)

2018-12-12 13:40:51 - [TEST_STEP][PASSED] - click: Object: 'Object Repository/Final Object Repo/Landing Page/Select to Workflow Listing' is clicked on

2018-12-12 13:40:52 - [MESSAGE][PASSED] - Object: 'Object Repository/Final Object Repo/Landing Page/Select to Workflow Listing' is clicked on

2018-12-12 13:40:52 - [TEST_STEP][PASSED] - delay: Delayed 2 second(s)

2018-12-12 13:40:54 - [MESSAGE][PASSED] - Delayed 2 second(s)

2018-12-12 13:40:54 - [TEST_STEP][PASSED] - click: Object: 'Object Repository/Final Object Repo/WorkFlow Listing Page/Search Information - To Put Ref No' is clicked on

2018-12-12 13:40:55 - [MESSAGE][PASSED] - Object: 'Object Repository/Final Object Repo/WorkFlow Listing Page/Search Information - To Put Ref No' is clicked on

2018-12-12 13:40:55 - [TEST_STEP][PASSED] - delay: Delayed 2 second(s)

2018-12-12 13:40:57 - [MESSAGE][PASSED] - Delayed 2 second(s)

2018-12-12 13:40:57 - [TEST_STEP][PASSED] - callTestCase: Call Test Case 'Test Cases/Final Aug 2018 - PKS Automation/Common/Reference Number Getter' successfully

2018-12-12 13:40:57 - [TEST_CASE][PASSED] - Test Cases/Final Aug 2018 - PKS Automation/Common/Reference Number Getter: Test Cases/Final Aug 2018 - PKS Automation/Common/Reference Number Getter

2018-12-12 13:40:57 - [TEST_STEP][PASSED] - Statement - Try: null

2018-12-12 13:40:57 - [TEST_STEP][PASSED] - Statement - RefNo = new java.io.File(C://Users//Admin//Desktop//PKS//Automation Reference Point//KatalonReference.txt): null

2018-12-12 13:40:57 - [TEST_STEP][PASSED] - Statement - bufferread = new java.io.BufferedReader(new java.io.FileReader(RefNo)): null

2018-12-12 13:40:57 - [TEST_STEP][PASSED] - Statement - readedVal = bufferread.readLine(): null

2018-12-12 13:40:57 - [TEST_STEP][PASSED] - Statement - out.println(CaseReferenceNo): null

2018-12-12 13:40:57 - [TEST_STEP][PASSED] - Statement - out.println(readedVal): null

2018-12-12 13:40:57 - [TEST_STEP][PASSED] - Statement - CaseReferenceNo = "": null

2018-12-12 13:40:57 - [TEST_STEP][PASSED] - Statement - CaseReferenceNo = readedVal: null

2018-12-12 13:40:57 - [MESSAGE][PASSED] - Call Test Case 'Test Cases/Final Aug 2018 - PKS Automation/Common/Reference Number Getter' successfully

2018-12-12 13:40:57 - [TEST_STEP][PASSED] - setText: Text 'CRN12201800123198' is set on object 'Object Repository/Final Object Repo/WorkFlow Listing Page/Ref No Set Text'

2018-12-12 13:40:57 - [MESSAGE][PASSED] - Text 'CRN12201800123198' is set on object 'Object Repository/Final Object Repo/WorkFlow Listing Page/Ref No Set Text'

2018-12-12 13:40:57 - [TEST_STEP][PASSED] - delay: Delayed 2 second(s)

2018-12-12 13:40:59 - [MESSAGE][PASSED] - Delayed 2 second(s)

2018-12-12 13:40:59 - [TEST_STEP][PASSED] - click: Object: 'Object Repository/Final Object Repo/WorkFlow Listing Page/Search Ref No Search Button' is clicked on

2018-12-12 13:40:59 - [MESSAGE][PASSED] - Object: 'Object Repository/Final Object Repo/WorkFlow Listing Page/Search Ref No Search Button' is clicked on

2018-12-12 13:40:59 - [TEST_STEP][PASSED] - delay: Delayed 6 second(s)

2018-12-12 13:41:05 - [MESSAGE][PASSED] - Delayed 6 second(s)

2018-12-12 13:41:05 - [TEST_STEP][PASSED] - click: Object: 'Object Repository/Final Object Repo/WorkFlow Listing Page/Click Continue Tooltip' is clicked on

2018-12-12 13:41:06 - [MESSAGE][PASSED] - Object: 'Object Repository/Final Object Repo/WorkFlow Listing Page/Click Continue Tooltip' is clicked on

2018-12-12 13:41:06 - [TEST_STEP][PASSED] - delay: Delayed 5 second(s)

2018-12-12 13:41:11 - [MESSAGE][PASSED] - Delayed 5 second(s)

2018-12-12 13:41:11 - [TEST_STEP][PASSED] - doubleClick: Object: 'Object Repository/Final Object Repo/WorkFlow Listing Page/Workflow Found - Listing 1' is double clicked on

2018-12-12 13:41:11 - [MESSAGE][PASSED] - Object: 'Object Repository/Final Object Repo/WorkFlow Listing Page/Workflow Found - Listing 1' is double clicked on

2018-12-12 13:41:11 - [TEST_STEP][PASSED] - Statement - println(OwnerID): null

2018-12-12 13:41:11 - [TEST_STEP][PASSED] - Statement - OwnerID = com.kms.katalon.core.webui.keyword.WebUiBuiltInKeywords.getText(com.kms.katalon.core.testobject.ObjectRepository.findTestObject(Final Object Repo/WorkFlow Listing Page/Workflow Found - Listing 1), STOP_ON_FAILURE): Text of object 'Object Repository/Final Object Repo/WorkFlow Listing Page/Workflow Found - Listing 1' is: 'KLpkrbo2'

2018-12-12 13:41:11 - [MESSAGE][PASSED] - Text of object 'Object Repository/Final Object Repo/WorkFlow Listing Page/Workflow Found - Listing 1' is: 'KLpkrbo2'

2018-12-12 13:41:11 - [TEST_STEP][PASSED] - Statement - OwnerID = OwnerID.toLowerCase() + "@gmail.com": null

2018-12-12 13:41:11 - [TEST_STEP][PASSED] - Statement - println(OwnerID): null

2018-12-12 13:41:11 - [TEST_STEP][PASSED] - delay: Delayed 2 second(s)

2018-12-12 13:41:13 - [MESSAGE][PASSED] - Delayed 2 second(s)

2018-12-12 13:41:13 - [MESSAGE][PASSED] - Call Test Case 'Test Cases/Final Aug 2018 - PKS Automation/Common/Workflow Owner Finder' successfully

2018-12-12 13:41:13 - [TEST_STEP][PASSED] - callTestCase: Call Test Case 'Test Cases/Final Aug 2018 - PKS Automation/Registration Module/Log Out/log out avoiding katalon tagging' successfully

2018-12-12 13:41:13 - [TEST_CASE][PASSED] - Test Cases/Final Aug 2018 - PKS Automation/Registration Module/Log Out/log out avoiding katalon tagging: Test Cases/Final Aug 2018 - PKS Automation/Registration Module/Log Out/log out avoiding katalon tagging

2018-12-12 13:41:13 - [TEST_STEP][PASSED] - navigateToUrl: Navigate to 'https://assist2-uat.perkeso.gov.my/c/portal/logout' successfully

2018-12-12 13:41:14 - [MESSAGE][PASSED] - Navigate to 'https://assist2-uat.perkeso.gov.my/c/portal/logout' successfully

2018-12-12 13:41:14 - [MESSAGE][PASSED] - Call Test Case 'Test Cases/Final Aug 2018 - PKS Automation/Registration Module/Log Out/log out avoiding katalon tagging' successfully

2018-12-12 13:41:14 - [TEST_STEP][PASSED] - delay: Delayed 2 second(s)

2018-12-12 13:41:16 - [MESSAGE][PASSED] - Delayed 2 second(s)

2018-12-12 13:41:16 - [TEST_STEP][PASSED] - setText: Text 'klpkrbo2@gmail.com' is set on object 'Object Repository/Final Object Repo/New Registration - Registration Module Pages/New Reg - OTC to RO/Special Case - All Related Objects/Email TextBox'

2018-12-12 13:41:17 - [MESSAGE][PASSED] - Text 'klpkrbo2@gmail.com' is set on object 'Object Repository/Final Object Repo/New Registration - Registration Module Pages/New Reg - OTC to RO/Special Case - All Related Objects/Email TextBox'

2018-12-12 13:41:17 - [TEST_STEP][PASSED] - click: Object: 'Object Repository/Final Object Repo/New Registration - Registration Module Pages/New Reg - OTC to RO/Special Case - All Related Objects/Next Button' is clicked on

2018-12-12 13:41:17 - [MESSAGE][PASSED] - Object: 'Object Repository/Final Object Repo/New Registration - Registration Module Pages/New Reg - OTC to RO/Special Case - All Related Objects/Next Button' is clicked on

2018-12-12 13:41:17 - [TEST_STEP][PASSED] - delay: Delayed 2 second(s)

2018-12-12 13:41:19 - [MESSAGE][PASSED] - Delayed 2 second(s)

2018-12-12 13:41:19 - [TEST_STEP][PASSED] - setText: Text 'Test1@3456789' is set on object 'Object Repository/Final Object Repo/New Registration - Registration Module Pages/New Reg - OTC to RO/Special Case - All Related Objects/Password TextBox'

2018-12-12 13:41:19 - [MESSAGE][PASSED] - Text 'Test1@3456789' is set on object 'Object Repository/Final Object Repo/New Registration - Registration Module Pages/New Reg - OTC to RO/Special Case - All Related Objects/Password TextBox'

2018-12-12 13:41:19 - [TEST_STEP][PASSED] - delay: Delayed 2 second(s)

2018-12-12 13:41:21 - [MESSAGE][PASSED] - Delayed 2 second(s)

2018-12-12 13:41:21 - [TEST_STEP][PASSED] - click: Object: 'Object Repository/Final Object Repo/New Registration - Registration Module Pages/New Reg - OTC to RO/Special Case - All Related Objects/Login Button' is clicked on

2018-12-12 13:41:21 - [MESSAGE][PASSED] - Object: 'Object Repository/Final Object Repo/New Registration - Registration Module Pages/New Reg - OTC to RO/Special Case - All Related Objects/Login Button' is clicked on

2018-12-12 13:41:21 - [TEST_STEP][PASSED] - delay: Delayed 2 second(s)

2018-12-12 13:41:23 - [MESSAGE][PASSED] - Delayed 2 second(s)

2018-12-12 13:41:23 - [TEST_STEP][PASSED] - Statement - Try: null

2018-12-12 13:41:23 - [TEST_STEP][PASSED] - Statement - Checker = com.kms.katalon.core.webui.keyword.WebUiBuiltInKeywords.verifyElementNotPresent("Final Object Repo/Landing Page/Select to English", 3): null

2018-12-12 13:41:23 - [TEST_STEP][PASSED] - Statement - Catch (Exception e): null

2018-12-12 13:41:23 - [TEST_STEP][PASSED] - Statement - e.printStackTrace(): null

2018-12-12 13:41:23 - [TEST_STEP][PASSED] - click: Object: 'Object Repository/Final Object Repo/New Registration - Registration Module Pages/New Reg - OTC to RO/Special Case - All Related Objects/Expand to Search' is clicked on

2018-12-12 13:41:23 - [MESSAGE][PASSED] - Object: 'Object Repository/Final Object Repo/New Registration - Registration Module Pages/New Reg - OTC to RO/Special Case - All Related Objects/Expand to Search' is clicked on

2018-12-12 13:41:23 - [TEST_STEP][PASSED] - delay: Delayed 2 second(s)

2018-12-12 13:41:25 - [MESSAGE][PASSED] - Delayed 2 second(s)

2018-12-12 13:41:25 - [TEST_STEP][PASSED] - setText: Text 'CRN12201800123198' is set on object 'Object Repository/Final Object Repo/New Registration - Registration Module Pages/New Reg - OTC to RO/Special Case - All Related Objects/TextBox RefNo in Workbasket'

2018-12-12 13:41:26 - [MESSAGE][PASSED] - Text 'CRN12201800123198' is set on object 'Object Repository/Final Object Repo/New Registration - Registration Module Pages/New Reg - OTC to RO/Special Case - All Related Objects/TextBox RefNo in Workbasket'

2018-12-12 13:41:26 - [TEST_STEP][PASSED] - delay: Delayed 2 second(s)

2018-12-12 13:41:28 - [MESSAGE][PASSED] - Delayed 2 second(s)

2018-12-12 13:41:28 - [TEST_STEP][PASSED] - click: Object: 'Object Repository/Final Object Repo/New Registration - Registration Module Pages/New Reg - OTC to RO/Special Case - All Related Objects/Click Search' is clicked on

2018-12-12 13:41:28 - [MESSAGE][PASSED] - Object: 'Object Repository/Final Object Repo/New Registration - Registration Module Pages/New Reg - OTC to RO/Special Case - All Related Objects/Click Search' is clicked on

2018-12-12 13:41:28 - [TEST_STEP][PASSED] - delay: Delayed 2 second(s)

2018-12-12 13:41:30 - [MESSAGE][PASSED] - Delayed 2 second(s)

2018-12-12 13:41:30 - [TEST_STEP][PASSED] - click: Object: 'Object Repository/Final Object Repo/New Registration - Registration Module Pages/New Reg - OTC to RO/Special Case - All Related Objects/Click to Continue Workflow' is clicked on

2018-12-12 13:41:32 - [MESSAGE][PASSED] - Object: 'Object Repository/Final Object Repo/New Registration - Registration Module Pages/New Reg - OTC to RO/Special Case - All Related Objects/Click to Continue Workflow' is clicked on

2018-12-12 13:41:32 - [TEST_STEP][PASSED] - delay: Delayed 2 second(s)

2018-12-12 13:41:34 - [MESSAGE][PASSED] - Delayed 2 second(s)

2018-12-12 13:41:34 - [TEST_STEP][FAILED] - click: Unable to click on object 'Object Repository/Final Object Repo/New Registration - Registration Module Pages/New Reg - OTC to RO/Special Case - All Related Objects/Continue Button in verifying case' (Root cause: org.openqa.selenium.ElementNotVisibleException: element not interactable
  (Session info: chrome=70.0.3538.110)
  (Driver info: chromedriver=2.43.600210 (68dcf5eebde37173d4027fa8635e332711d2874a),platform=Windows NT 6.1.7601 SP1 x86_64) (WARNING: The server did not provide any stacktrace information)
Command duration or timeout: 0 milliseconds
Build info: version: '3.7.1', revision: '8a0099a', time: '2017-11-06T21:07:36.161Z'
System info: host: 'WIN7TEST02', ip: '10.20.3.72', os.name: 'Windows 7', os.arch: 'amd64', os.version: '6.1', java.version: '1.8.0_181'
Driver info: com.kms.katalon.selenium.driver.CChromeDriver
Capabilities {acceptInsecureCerts: false, acceptSslCerts: false, applicationCacheEnabled: false, browserConnectionEnabled: false, browserName: chrome, chrome: {chromedriverVersion: 2.43.600210 (68dcf5eebde371..., userDataDir: C:\Users\Admin\AppData\Loca...}, cssSelectorsEnabled: true, databaseEnabled: false, goog:chromeOptions: {debuggerAddress: localhost:51117}, handlesAlerts: true, hasTouchScreen: false, javascriptEnabled: true, locationContextEnabled: true, mobileEmulationEnabled: false, nativeEvents: true, networkConnectionEnabled: false, pageLoadStrategy: normal, platform: XP, platformName: XP, rotatable: false, setWindowRect: true, takesHeapSnapshot: true, takesScreenshot: true, unexpectedAlertBehaviour: , unhandledPromptBehavior: , version: 70.0.3538.110, webStorageEnabled: true}
Session ID: a7c3ed21dc741ea9442b4bd96face2e5)

2018-12-12 13:41:34 - [MESSAGE][FAILED] - Unable to click on object 'Object Repository/Final Object Repo/New Registration - Registration Module Pages/New Reg - OTC to RO/Special Case - All Related Objects/Continue Button in verifying case' (Root cause: org.openqa.selenium.ElementNotVisibleException: element not interactable
  (Session info: chrome=70.0.3538.110)
  (Driver info: chromedriver=2.43.600210 (68dcf5eebde37173d4027fa8635e332711d2874a),platform=Windows NT 6.1.7601 SP1 x86_64) (WARNING: The server did not provide any stacktrace information)
Command duration or timeout: 0 milliseconds
Build info: version: '3.7.1', revision: '8a0099a', time: '2017-11-06T21:07:36.161Z'
System info: host: 'WIN7TEST02', ip: '10.20.3.72', os.name: 'Windows 7', os.arch: 'amd64', os.version: '6.1', java.version: '1.8.0_181'
Driver info: com.kms.katalon.selenium.driver.CChromeDriver
Capabilities {acceptInsecureCerts: false, acceptSslCerts: false, applicationCacheEnabled: false, browserConnectionEnabled: false, browserName: chrome, chrome: {chromedriverVersion: 2.43.600210 (68dcf5eebde371..., userDataDir: C:\Users\Admin\AppData\Loca...}, cssSelectorsEnabled: true, databaseEnabled: false, goog:chromeOptions: {debuggerAddress: localhost:51117}, handlesAlerts: true, hasTouchScreen: false, javascriptEnabled: true, locationContextEnabled: true, mobileEmulationEnabled: false, nativeEvents: true, networkConnectionEnabled: false, pageLoadStrategy: normal, platform: XP, platformName: XP, rotatable: false, setWindowRect: true, takesHeapSnapshot: true, takesScreenshot: true, unexpectedAlertBehaviour: , unhandledPromptBehavior: , version: 70.0.3538.110, webStorageEnabled: true}
Session ID: a7c3ed21dc741ea9442b4bd96face2e5)
[[ATTACHMENT|C:\\Users\\Admin\\Desktop\\PKS\\Perkeso Phase A\\Reports\\Workflow\\New Registration\\20181211_151731\\1544593294524.png]]

2018-12-12 13:41:34 - [TEST_STEP][PASSED] - delay: Delayed 2 second(s)

2018-12-12 13:41:36 - [MESSAGE][PASSED] - Delayed 2 second(s)

2018-12-12 13:41:36 - [TEST_STEP][PASSED] - click: Object: 'Object Repository/Final Object Repo/New Registration - Registration Module Pages/Form 1/Registered As a Branch - Yes' is clicked on

2018-12-12 13:41:37 - [MESSAGE][PASSED] - Object: 'Object Repository/Final Object Repo/New Registration - Registration Module Pages/Form 1/Registered As a Branch - Yes' is clicked on

2018-12-12 13:41:37 - [TEST_STEP][PASSED] - delay: Delayed 2 second(s)

2018-12-12 13:41:39 - [MESSAGE][PASSED] - Delayed 2 second(s)

2018-12-12 13:41:39 - [TEST_STEP][PASSED] - click: Object: 'Object Repository/Final Object Repo/New Registration - Registration Module Pages/New Reg - OTC to RO/Special Case - All Related Objects/Form 1 Save n Continue' is clicked on

2018-12-12 13:41:39 - [MESSAGE][PASSED] - Object: 'Object Repository/Final Object Repo/New Registration - Registration Module Pages/New Reg - OTC to RO/Special Case - All Related Objects/Form 1 Save n Continue' is clicked on

2018-12-12 13:41:39 - [TEST_STEP][PASSED] - delay: Delayed 2 second(s)

2018-12-12 13:41:41 - [MESSAGE][PASSED] - Delayed 2 second(s)

2018-12-12 13:41:41 - [TEST_STEP][PASSED] - click: Object: 'Object Repository/Final Object Repo/New Registration - Registration Module Pages/New Reg - OTC to RO/Special Case - All Related Objects/Form 2 Save n Continue' is clicked on

2018-12-12 13:41:41 - [MESSAGE][PASSED] - Object: 'Object Repository/Final Object Repo/New Registration - Registration Module Pages/New Reg - OTC to RO/Special Case - All Related Objects/Form 2 Save n Continue' is clicked on

2018-12-12 13:41:41 - [TEST_STEP][PASSED] - delay: Delayed 2 second(s)

2018-12-12 13:41:43 - [MESSAGE][PASSED] - Delayed 2 second(s)

2018-12-12 13:41:43 - [TEST_STEP][PASSED] - click: Object: 'Object Repository/Final Object Repo/New Registration - Registration Module Pages/New Reg - OTC to RO/Special Case - All Related Objects/Third Screen Save n Continue' is clicked on

2018-12-12 13:41:48 - [MESSAGE][PASSED] - Object: 'Object Repository/Final Object Repo/New Registration - Registration Module Pages/New Reg - OTC to RO/Special Case - All Related Objects/Third Screen Save n Continue' is clicked on

2018-12-12 13:41:48 - [TEST_STEP][PASSED] - delay: Delayed 5 second(s)

2018-12-12 13:41:53 - [MESSAGE][PASSED] - Delayed 5 second(s)

2018-12-12 13:41:53 - [TEST_STEP][PASSED] - click: Object: 'Object Repository/Final Object Repo/New Registration - Registration Module Pages/New Reg - OTC to RO/Special Case - All Related Objects/Upload Doc Page Save n Continue' is clicked on

2018-12-12 13:41:54 - [MESSAGE][PASSED] - Object: 'Object Repository/Final Object Repo/New Registration - Registration Module Pages/New Reg - OTC to RO/Special Case - All Related Objects/Upload Doc Page Save n Continue' is clicked on

2018-12-12 13:41:54 - [TEST_STEP][PASSED] - callTestCase: Call Test Case 'Test Cases/Final Aug 2018 - PKS Automation/Registration Module/New Registration/Submit and Screenshot/Submit Registration and Screenshot' successfully

2018-12-12 13:41:54 - [TEST_CASE][PASSED] - Test Cases/Final Aug 2018 - PKS Automation/Registration Module/New Registration/Submit and Screenshot/Submit Registration and Screenshot: Test Cases/Final Aug 2018 - PKS Automation/Registration Module/New Registration/Submit and Screenshot/Submit Registration and Screenshot

2018-12-12 13:41:54 - [TEST_STEP][PASSED] - delay: Delayed 6 second(s)

2018-12-12 13:42:00 - [MESSAGE][PASSED] - Delayed 6 second(s)

2018-12-12 13:42:00 - [TEST_STEP][PASSED] - click: Object: 'Object Repository/Final Object Repo/New Registration - Registration Module Pages/Third Screen - Upload Supporting Doc- Preview/Preview Submit Button' is clicked on

2018-12-12 13:42:00 - [MESSAGE][PASSED] - Object: 'Object Repository/Final Object Repo/New Registration - Registration Module Pages/Third Screen - Upload Supporting Doc- Preview/Preview Submit Button' is clicked on

2018-12-12 13:42:00 - [TEST_STEP][PASSED] - delay: Delayed 2 second(s)

2018-12-12 13:42:02 - [MESSAGE][PASSED] - Delayed 2 second(s)

2018-12-12 13:42:02 - [TEST_STEP][PASSED] - click: Object: 'Object Repository/Final Object Repo/New Registration - Registration Module Pages/Third Screen - Upload Supporting Doc- Preview/Preview Submit - Confirm' is clicked on

2018-12-12 13:42:02 - [MESSAGE][PASSED] - Object: 'Object Repository/Final Object Repo/New Registration - Registration Module Pages/Third Screen - Upload Supporting Doc- Preview/Preview Submit - Confirm' is clicked on

2018-12-12 13:42:02 - [TEST_STEP][PASSED] - delay: Delayed 15 second(s)

2018-12-12 13:42:17 - [MESSAGE][PASSED] - Delayed 15 second(s)

2018-12-12 13:42:17 - [TEST_STEP][PASSED] - Statement - driver = com.kms.katalon.core.webui.driver.DriverFactory.getWebDriver(): null

2018-12-12 13:42:17 - [TEST_STEP][PASSED] - Statement - driver.manage().timeouts().implicitlyWait(10, SECONDS): null

2018-12-12 13:42:17 - [TEST_STEP][PASSED] - Statement - PresavePath = KatalonScreenshots: null

2018-12-12 13:42:17 - [TEST_STEP][PASSED] - Statement - pathPrefix = "C:\Users\Public\Pictures\Sample Pictures\Katalon Screenshots\Automate Ending Screen": null

2018-12-12 13:42:17 - [TEST_STEP][PASSED] - Statement - finalPath = <not implemented yet for class: org.codehaus.groovy.ast.expr.EmptyExpression>: null

2018-12-12 13:42:17 - [TEST_STEP][PASSED] - Statement - scrFile = driver.getScreenshotAs(FILE): null

2018-12-12 13:42:17 - [TEST_STEP][PASSED] - Statement - PreSaveFile = new java.io.File(PresavePath): null

2018-12-12 13:42:17 - [TEST_STEP][PASSED] - Statement - counter = 0: null

2018-12-12 13:42:17 - [TEST_STEP][PASSED] - Statement - If (PreSaveFile.exists()): null

2018-12-12 13:42:17 - [TEST_STEP][PASSED] - Statement - While (PreSaveFile.exists()): null

2018-12-12 13:42:17 - [TEST_STEP][PASSED] - Statement - counter = counter + 1: null

2018-12-12 13:42:17 - [TEST_STEP][PASSED] - Statement - PreSaveFile = new java.io.File(((pathPrefix + java.lang.Integer.toString(counter)) + .png)): null

2018-12-12 13:42:17 - [TEST_STEP][PASSED] - Statement - counter = counter + 1: null

2018-12-12 13:42:17 - [TEST_STEP][PASSED] - Statement - PreSaveFile = new java.io.File(((pathPrefix + java.lang.Integer.toString(counter)) + .png)): null

2018-12-12 13:42:17 - [TEST_STEP][PASSED] - Statement - counter = counter + 1: null

2018-12-12 13:42:17 - [TEST_STEP][PASSED] - Statement - PreSaveFile = new java.io.File(((pathPrefix + java.lang.Integer.toString(counter)) + .png)): null

2018-12-12 13:42:17 - [TEST_STEP][PASSED] - Statement - counter = counter + 1: null

2018-12-12 13:42:17 - [TEST_STEP][PASSED] - Statement - PreSaveFile = new java.io.File(((pathPrefix + java.lang.Integer.toString(counter)) + .png)): null

2018-12-12 13:42:17 - [TEST_STEP][PASSED] - Statement - counter = counter + 1: null

2018-12-12 13:42:17 - [TEST_STEP][PASSED] - Statement - PreSaveFile = new java.io.File(((pathPrefix + java.lang.Integer.toString(counter)) + .png)): null

2018-12-12 13:42:17 - [TEST_STEP][PASSED] - Statement - counter = counter + 1: null

2018-12-12 13:42:17 - [TEST_STEP][PASSED] - Statement - PreSaveFile = new java.io.File(((pathPrefix + java.lang.Integer.toString(counter)) + .png)): null

2018-12-12 13:42:17 - [TEST_STEP][PASSED] - Statement - counter = counter + 1: null

2018-12-12 13:42:17 - [TEST_STEP][PASSED] - Statement - PreSaveFile = new java.io.File(((pathPrefix + java.lang.Integer.toString(counter)) + .png)): null

2018-12-12 13:42:17 - [TEST_STEP][PASSED] - Statement - counter = counter + 1: null

2018-12-12 13:42:17 - [TEST_STEP][PASSED] - Statement - PreSaveFile = new java.io.File(((pathPrefix + java.lang.Integer.toString(counter)) + .png)): null

2018-12-12 13:42:17 - [TEST_STEP][PASSED] - Statement - counter = counter + 1: null

2018-12-12 13:42:17 - [TEST_STEP][PASSED] - Statement - PreSaveFile = new java.io.File(((pathPrefix + java.lang.Integer.toString(counter)) + .png)): null

2018-12-12 13:42:17 - [TEST_STEP][PASSED] - Statement - counter = counter + 1: null

2018-12-12 13:42:17 - [TEST_STEP][PASSED] - Statement - PreSaveFile = new java.io.File(((pathPrefix + java.lang.Integer.toString(counter)) + .png)): null

2018-12-12 13:42:17 - [TEST_STEP][PASSED] - Statement - counter = counter + 1: null

2018-12-12 13:42:17 - [TEST_STEP][PASSED] - Statement - PreSaveFile = new java.io.File(((pathPrefix + java.lang.Integer.toString(counter)) + .png)): null

2018-12-12 13:42:17 - [TEST_STEP][PASSED] - Statement - counter = counter + 1: null

2018-12-12 13:42:17 - [TEST_STEP][PASSED] - Statement - PreSaveFile = new java.io.File(((pathPrefix + java.lang.Integer.toString(counter)) + .png)): null

2018-12-12 13:42:17 - [TEST_STEP][PASSED] - Statement - counter = counter + 1: null

2018-12-12 13:42:17 - [TEST_STEP][PASSED] - Statement - PreSaveFile = new java.io.File(((pathPrefix + java.lang.Integer.toString(counter)) + .png)): null

2018-12-12 13:42:17 - [TEST_STEP][PASSED] - Statement - counter = counter + 1: null

2018-12-12 13:42:17 - [TEST_STEP][PASSED] - Statement - PreSaveFile = new java.io.File(((pathPrefix + java.lang.Integer.toString(counter)) + .png)): null

2018-12-12 13:42:17 - [TEST_STEP][PASSED] - Statement - counter = counter + 1: null

2018-12-12 13:42:17 - [TEST_STEP][PASSED] - Statement - PreSaveFile = new java.io.File(((pathPrefix + java.lang.Integer.toString(counter)) + .png)): null

2018-12-12 13:42:17 - [TEST_STEP][PASSED] - Statement - counter = counter + 1: null

2018-12-12 13:42:17 - [TEST_STEP][PASSED] - Statement - PreSaveFile = new java.io.File(((pathPrefix + java.lang.Integer.toString(counter)) + .png)): null

2018-12-12 13:42:17 - [TEST_STEP][PASSED] - Statement - counter = counter + 1: null

2018-12-12 13:42:17 - [TEST_STEP][PASSED] - Statement - PreSaveFile = new java.io.File(((pathPrefix + java.lang.Integer.toString(counter)) + .png)): null

2018-12-12 13:42:17 - [TEST_STEP][PASSED] - Statement - counter = counter + 1: null

2018-12-12 13:42:17 - [TEST_STEP][PASSED] - Statement - PreSaveFile = new java.io.File(((pathPrefix + java.lang.Integer.toString(counter)) + .png)): null

2018-12-12 13:42:17 - [TEST_STEP][PASSED] - Statement - counter = counter + 1: null

2018-12-12 13:42:17 - [TEST_STEP][PASSED] - Statement - PreSaveFile = new java.io.File(((pathPrefix + java.lang.Integer.toString(counter)) + .png)): null

2018-12-12 13:42:17 - [TEST_STEP][PASSED] - Statement - counter = counter + 1: null

2018-12-12 13:42:17 - [TEST_STEP][PASSED] - Statement - PreSaveFile = new java.io.File(((pathPrefix + java.lang.Integer.toString(counter)) + .png)): null

2018-12-12 13:42:17 - [TEST_STEP][PASSED] - Statement - counter = counter + 1: null

2018-12-12 13:42:17 - [TEST_STEP][PASSED] - Statement - PreSaveFile = new java.io.File(((pathPrefix + java.lang.Integer.toString(counter)) + .png)): null

2018-12-12 13:42:17 - [TEST_STEP][PASSED] - Statement - counter = counter + 1: null

2018-12-12 13:42:17 - [TEST_STEP][PASSED] - Statement - PreSaveFile = new java.io.File(((pathPrefix + java.lang.Integer.toString(counter)) + .png)): null

2018-12-12 13:42:17 - [TEST_STEP][PASSED] - Statement - counter = counter + 1: null

2018-12-12 13:42:17 - [TEST_STEP][PASSED] - Statement - PreSaveFile = new java.io.File(((pathPrefix + java.lang.Integer.toString(counter)) + .png)): null

2018-12-12 13:42:17 - [TEST_STEP][PASSED] - Statement - counter = counter + 1: null

2018-12-12 13:42:17 - [TEST_STEP][PASSED] - Statement - PreSaveFile = new java.io.File(((pathPrefix + java.lang.Integer.toString(counter)) + .png)): null

2018-12-12 13:42:17 - [TEST_STEP][PASSED] - Statement - counter = counter + 1: null

2018-12-12 13:42:17 - [TEST_STEP][PASSED] - Statement - PreSaveFile = new java.io.File(((pathPrefix + java.lang.Integer.toString(counter)) + .png)): null

2018-12-12 13:42:17 - [TEST_STEP][PASSED] - Statement - counter = counter + 1: null

2018-12-12 13:42:17 - [TEST_STEP][PASSED] - Statement - PreSaveFile = new java.io.File(((pathPrefix + java.lang.Integer.toString(counter)) + .png)): null

2018-12-12 13:42:17 - [TEST_STEP][PASSED] - Statement - counter = counter + 1: null

2018-12-12 13:42:17 - [TEST_STEP][PASSED] - Statement - PreSaveFile = new java.io.File(((pathPrefix + java.lang.Integer.toString(counter)) + .png)): null

2018-12-12 13:42:17 - [TEST_STEP][PASSED] - Statement - counter = counter + 1: null

2018-12-12 13:42:17 - [TEST_STEP][PASSED] - Statement - PreSaveFile = new java.io.File(((pathPrefix + java.lang.Integer.toString(counter)) + .png)): null

2018-12-12 13:42:17 - [TEST_STEP][PASSED] - Statement - counter = counter + 1: null

2018-12-12 13:42:17 - [TEST_STEP][PASSED] - Statement - PreSaveFile = new java.io.File(((pathPrefix + java.lang.Integer.toString(counter)) + .png)): null

2018-12-12 13:42:17 - [TEST_STEP][PASSED] - Statement - counter = counter + 1: null

2018-12-12 13:42:17 - [TEST_STEP][PASSED] - Statement - PreSaveFile = new java.io.File(((pathPrefix + java.lang.Integer.toString(counter)) + .png)): null

2018-12-12 13:42:17 - [TEST_STEP][PASSED] - Statement - counter = counter + 1: null

2018-12-12 13:42:17 - [TEST_STEP][PASSED] - Statement - PreSaveFile = new java.io.File(((pathPrefix + java.lang.Integer.toString(counter)) + .png)): null

2018-12-12 13:42:17 - [TEST_STEP][PASSED] - Statement - counter = counter + 1: null

2018-12-12 13:42:17 - [TEST_STEP][PASSED] - Statement - PreSaveFile = new java.io.File(((pathPrefix + java.lang.Integer.toString(counter)) + .png)): null

2018-12-12 13:42:17 - [TEST_STEP][PASSED] - Statement - counter = counter + 1: null

2018-12-12 13:42:17 - [TEST_STEP][PASSED] - Statement - PreSaveFile = new java.io.File(((pathPrefix + java.lang.Integer.toString(counter)) + .png)): null

2018-12-12 13:42:17 - [TEST_STEP][PASSED] - Statement - counter = counter + 1: null

2018-12-12 13:42:17 - [TEST_STEP][PASSED] - Statement - PreSaveFile = new java.io.File(((pathPrefix + java.lang.Integer.toString(counter)) + .png)): null

2018-12-12 13:42:17 - [TEST_STEP][PASSED] - Statement - counter = counter + 1: null

2018-12-12 13:42:17 - [TEST_STEP][PASSED] - Statement - PreSaveFile = new java.io.File(((pathPrefix + java.lang.Integer.toString(counter)) + .png)): null

2018-12-12 13:42:17 - [TEST_STEP][PASSED] - Statement - counter = counter + 1: null

2018-12-12 13:42:17 - [TEST_STEP][PASSED] - Statement - PreSaveFile = new java.io.File(((pathPrefix + java.lang.Integer.toString(counter)) + .png)): null

2018-12-12 13:42:17 - [TEST_STEP][PASSED] - Statement - counter = counter + 1: null

2018-12-12 13:42:17 - [TEST_STEP][PASSED] - Statement - PreSaveFile = new java.io.File(((pathPrefix + java.lang.Integer.toString(counter)) + .png)): null

2018-12-12 13:42:17 - [TEST_STEP][PASSED] - Statement - counter = counter + 1: null

2018-12-12 13:42:17 - [TEST_STEP][PASSED] - Statement - PreSaveFile = new java.io.File(((pathPrefix + java.lang.Integer.toString(counter)) + .png)): null

2018-12-12 13:42:17 - [TEST_STEP][PASSED] - Statement - counter = counter + 1: null

2018-12-12 13:42:17 - [TEST_STEP][PASSED] - Statement - PreSaveFile = new java.io.File(((pathPrefix + java.lang.Integer.toString(counter)) + .png)): null

2018-12-12 13:42:17 - [TEST_STEP][PASSED] - Statement - counter = counter + 1: null

2018-12-12 13:42:17 - [TEST_STEP][PASSED] - Statement - PreSaveFile = new java.io.File(((pathPrefix + java.lang.Integer.toString(counter)) + .png)): null

2018-12-12 13:42:17 - [TEST_STEP][PASSED] - Statement - counter = counter + 1: null

2018-12-12 13:42:17 - [TEST_STEP][PASSED] - Statement - PreSaveFile = new java.io.File(((pathPrefix + java.lang.Integer.toString(counter)) + .png)): null

2018-12-12 13:42:17 - [TEST_STEP][PASSED] - Statement - counter = counter + 1: null

2018-12-12 13:42:17 - [TEST_STEP][PASSED] - Statement - PreSaveFile = new java.io.File(((pathPrefix + java.lang.Integer.toString(counter)) + .png)): null

2018-12-12 13:42:17 - [TEST_STEP][PASSED] - Statement - counter = counter + 1: null

2018-12-12 13:42:17 - [TEST_STEP][PASSED] - Statement - PreSaveFile = new java.io.File(((pathPrefix + java.lang.Integer.toString(counter)) + .png)): null

2018-12-12 13:42:17 - [TEST_STEP][PASSED] - Statement - counter = counter + 1: null

2018-12-12 13:42:17 - [TEST_STEP][PASSED] - Statement - PreSaveFile = new java.io.File(((pathPrefix + java.lang.Integer.toString(counter)) + .png)): null

2018-12-12 13:42:17 - [TEST_STEP][PASSED] - Statement - counter = counter + 1: null

2018-12-12 13:42:17 - [TEST_STEP][PASSED] - Statement - PreSaveFile = new java.io.File(((pathPrefix + java.lang.Integer.toString(counter)) + .png)): null

2018-12-12 13:42:17 - [TEST_STEP][PASSED] - Statement - counter = counter + 1: null

2018-12-12 13:42:17 - [TEST_STEP][PASSED] - Statement - PreSaveFile = new java.io.File(((pathPrefix + java.lang.Integer.toString(counter)) + .png)): null

2018-12-12 13:42:17 - [TEST_STEP][PASSED] - Statement - counter = counter + 1: null

2018-12-12 13:42:17 - [TEST_STEP][PASSED] - Statement - PreSaveFile = new java.io.File(((pathPrefix + java.lang.Integer.toString(counter)) + .png)): null

2018-12-12 13:42:17 - [TEST_STEP][PASSED] - Statement - counter = counter + 1: null

2018-12-12 13:42:17 - [TEST_STEP][PASSED] - Statement - PreSaveFile = new java.io.File(((pathPrefix + java.lang.Integer.toString(counter)) + .png)): null

2018-12-12 13:42:17 - [TEST_STEP][PASSED] - Statement - counter = counter + 1: null

2018-12-12 13:42:17 - [TEST_STEP][PASSED] - Statement - PreSaveFile = new java.io.File(((pathPrefix + java.lang.Integer.toString(counter)) + .png)): null

2018-12-12 13:42:17 - [TEST_STEP][PASSED] - Statement - counter = counter + 1: null

2018-12-12 13:42:17 - [TEST_STEP][PASSED] - Statement - PreSaveFile = new java.io.File(((pathPrefix + java.lang.Integer.toString(counter)) + .png)): null

2018-12-12 13:42:17 - [TEST_STEP][PASSED] - Statement - counter = counter + 1: null

2018-12-12 13:42:17 - [TEST_STEP][PASSED] - Statement - PreSaveFile = new java.io.File(((pathPrefix + java.lang.Integer.toString(counter)) + .png)): null

2018-12-12 13:42:17 - [TEST_STEP][PASSED] - Statement - counter = counter + 1: null

2018-12-12 13:42:17 - [TEST_STEP][PASSED] - Statement - PreSaveFile = new java.io.File(((pathPrefix + java.lang.Integer.toString(counter)) + .png)): null

2018-12-12 13:42:17 - [TEST_STEP][PASSED] - Statement - counter = counter + 1: null

2018-12-12 13:42:17 - [TEST_STEP][PASSED] - Statement - PreSaveFile = new java.io.File(((pathPrefix + java.lang.Integer.toString(counter)) + .png)): null

2018-12-12 13:42:17 - [TEST_STEP][PASSED] - Statement - counter = counter + 1: null

2018-12-12 13:42:17 - [TEST_STEP][PASSED] - Statement - PreSaveFile = new java.io.File(((pathPrefix + java.lang.Integer.toString(counter)) + .png)): null

2018-12-12 13:42:17 - [TEST_STEP][PASSED] - Statement - counter = counter + 1: null

2018-12-12 13:42:17 - [TEST_STEP][PASSED] - Statement - PreSaveFile = new java.io.File(((pathPrefix + java.lang.Integer.toString(counter)) + .png)): null

2018-12-12 13:42:17 - [TEST_STEP][PASSED] - Statement - counter = counter + 1: null

2018-12-12 13:42:18 - [TEST_STEP][PASSED] - Statement - PreSaveFile = new java.io.File(((pathPrefix + java.lang.Integer.toString(counter)) + .png)): null

2018-12-12 13:42:18 - [TEST_STEP][PASSED] - Statement - counter = counter + 1: null

2018-12-12 13:42:18 - [TEST_STEP][PASSED] - Statement - PreSaveFile = new java.io.File(((pathPrefix + java.lang.Integer.toString(counter)) + .png)): null

2018-12-12 13:42:18 - [TEST_STEP][PASSED] - Statement - counter = counter + 1: null

2018-12-12 13:42:18 - [TEST_STEP][PASSED] - Statement - PreSaveFile = new java.io.File(((pathPrefix + java.lang.Integer.toString(counter)) + .png)): null

2018-12-12 13:42:18 - [TEST_STEP][PASSED] - Statement - counter = counter + 1: null

2018-12-12 13:42:18 - [TEST_STEP][PASSED] - Statement - PreSaveFile = new java.io.File(((pathPrefix + java.lang.Integer.toString(counter)) + .png)): null

2018-12-12 13:42:18 - [TEST_STEP][PASSED] - Statement - counter = counter + 1: null

2018-12-12 13:42:18 - [TEST_STEP][PASSED] - Statement - PreSaveFile = new java.io.File(((pathPrefix + java.lang.Integer.toString(counter)) + .png)): null

2018-12-12 13:42:18 - [TEST_STEP][PASSED] - Statement - counter = counter + 1: null

2018-12-12 13:42:18 - [TEST_STEP][PASSED] - Statement - PreSaveFile = new java.io.File(((pathPrefix + java.lang.Integer.toString(counter)) + .png)): null

2018-12-12 13:42:18 - [TEST_STEP][PASSED] - Statement - counter = counter + 1: null

2018-12-12 13:42:18 - [TEST_STEP][PASSED] - Statement - PreSaveFile = new java.io.File(((pathPrefix + java.lang.Integer.toString(counter)) + .png)): null

2018-12-12 13:42:18 - [TEST_STEP][PASSED] - Statement - counter = counter + 1: null

2018-12-12 13:42:18 - [TEST_STEP][PASSED] - Statement - PreSaveFile = new java.io.File(((pathPrefix + java.lang.Integer.toString(counter)) + .png)): null

2018-12-12 13:42:18 - [TEST_STEP][PASSED] - Statement - counter = counter + 1: null

2018-12-12 13:42:18 - [TEST_STEP][PASSED] - Statement - PreSaveFile = new java.io.File(((pathPrefix + java.lang.Integer.toString(counter)) + .png)): null

2018-12-12 13:42:18 - [TEST_STEP][PASSED] - Statement - counter = counter + 1: null

2018-12-12 13:42:18 - [TEST_STEP][PASSED] - Statement - PreSaveFile = new java.io.File(((pathPrefix + java.lang.Integer.toString(counter)) + .png)): null

2018-12-12 13:42:18 - [TEST_STEP][PASSED] - Statement - counter = counter + 1: null

2018-12-12 13:42:18 - [TEST_STEP][PASSED] - Statement - PreSaveFile = new java.io.File(((pathPrefix + java.lang.Integer.toString(counter)) + .png)): null

2018-12-12 13:42:18 - [TEST_STEP][PASSED] - Statement - counter = counter + 1: null

2018-12-12 13:42:18 - [TEST_STEP][PASSED] - Statement - PreSaveFile = new java.io.File(((pathPrefix + java.lang.Integer.toString(counter)) + .png)): null

2018-12-12 13:42:18 - [TEST_STEP][PASSED] - Statement - counter = counter + 1: null

2018-12-12 13:42:18 - [TEST_STEP][PASSED] - Statement - PreSaveFile = new java.io.File(((pathPrefix + java.lang.Integer.toString(counter)) + .png)): null

2018-12-12 13:42:18 - [TEST_STEP][PASSED] - Statement - counter = counter + 1: null

2018-12-12 13:42:18 - [TEST_STEP][PASSED] - Statement - PreSaveFile = new java.io.File(((pathPrefix + java.lang.Integer.toString(counter)) + .png)): null

2018-12-12 13:42:18 - [TEST_STEP][PASSED] - Statement - counter = counter + 1: null

2018-12-12 13:42:18 - [TEST_STEP][PASSED] - Statement - PreSaveFile = new java.io.File(((pathPrefix + java.lang.Integer.toString(counter)) + .png)): null

2018-12-12 13:42:18 - [TEST_STEP][PASSED] - Statement - counter = counter + 1: null

2018-12-12 13:42:18 - [TEST_STEP][PASSED] - Statement - PreSaveFile = new java.io.File(((pathPrefix + java.lang.Integer.toString(counter)) + .png)): null

2018-12-12 13:42:18 - [TEST_STEP][PASSED] - Statement - counter = counter + 1: null

2018-12-12 13:42:18 - [TEST_STEP][PASSED] - Statement - PreSaveFile = new java.io.File(((pathPrefix + java.lang.Integer.toString(counter)) + .png)): null

2018-12-12 13:42:18 - [TEST_STEP][PASSED] - Statement - counter = counter + 1: null

2018-12-12 13:42:18 - [TEST_STEP][PASSED] - Statement - PreSaveFile = new java.io.File(((pathPrefix + java.lang.Integer.toString(counter)) + .png)): null

2018-12-12 13:42:18 - [TEST_STEP][PASSED] - Statement - counter = counter + 1: null

2018-12-12 13:42:18 - [TEST_STEP][PASSED] - Statement - PreSaveFile = new java.io.File(((pathPrefix + java.lang.Integer.toString(counter)) + .png)): null

2018-12-12 13:42:18 - [TEST_STEP][PASSED] - Statement - counter = counter + 1: null

2018-12-12 13:42:18 - [TEST_STEP][PASSED] - Statement - PreSaveFile = new java.io.File(((pathPrefix + java.lang.Integer.toString(counter)) + .png)): null

2018-12-12 13:42:18 - [TEST_STEP][PASSED] - Statement - counter = counter + 1: null

2018-12-12 13:42:18 - [TEST_STEP][PASSED] - Statement - PreSaveFile = new java.io.File(((pathPrefix + java.lang.Integer.toString(counter)) + .png)): null

2018-12-12 13:42:18 - [TEST_STEP][PASSED] - Statement - counter = counter + 1: null

2018-12-12 13:42:18 - [TEST_STEP][PASSED] - Statement - PreSaveFile = new java.io.File(((pathPrefix + java.lang.Integer.toString(counter)) + .png)): null

2018-12-12 13:42:18 - [TEST_STEP][PASSED] - Statement - counter = counter + 1: null

2018-12-12 13:42:18 - [TEST_STEP][PASSED] - Statement - PreSaveFile = new java.io.File(((pathPrefix + java.lang.Integer.toString(counter)) + .png)): null

2018-12-12 13:42:18 - [TEST_STEP][PASSED] - Statement - counter = counter + 1: null

2018-12-12 13:42:18 - [TEST_STEP][PASSED] - Statement - PreSaveFile = new java.io.File(((pathPrefix + java.lang.Integer.toString(counter)) + .png)): null

2018-12-12 13:42:18 - [TEST_STEP][PASSED] - Statement - counter = counter + 1: null

2018-12-12 13:42:18 - [TEST_STEP][PASSED] - Statement - PreSaveFile = new java.io.File(((pathPrefix + java.lang.Integer.toString(counter)) + .png)): null

2018-12-12 13:42:18 - [TEST_STEP][PASSED] - Statement - counter = counter + 1: null

2018-12-12 13:42:18 - [TEST_STEP][PASSED] - Statement - PreSaveFile = new java.io.File(((pathPrefix + java.lang.Integer.toString(counter)) + .png)): null

2018-12-12 13:42:18 - [TEST_STEP][PASSED] - Statement - counter = counter + 1: null

2018-12-12 13:42:18 - [TEST_STEP][PASSED] - Statement - PreSaveFile = new java.io.File(((pathPrefix + java.lang.Integer.toString(counter)) + .png)): null

2018-12-12 13:42:18 - [TEST_STEP][PASSED] - Statement - counter = counter + 1: null

2018-12-12 13:42:18 - [TEST_STEP][PASSED] - Statement - PreSaveFile = new java.io.File(((pathPrefix + java.lang.Integer.toString(counter)) + .png)): null

2018-12-12 13:42:18 - [TEST_STEP][PASSED] - Statement - counter = counter + 1: null

2018-12-12 13:42:18 - [TEST_STEP][PASSED] - Statement - PreSaveFile = new java.io.File(((pathPrefix + java.lang.Integer.toString(counter)) + .png)): null

2018-12-12 13:42:18 - [TEST_STEP][PASSED] - Statement - counter = counter + 1: null

2018-12-12 13:42:18 - [TEST_STEP][PASSED] - Statement - PreSaveFile = new java.io.File(((pathPrefix + java.lang.Integer.toString(counter)) + .png)): null

2018-12-12 13:42:18 - [TEST_STEP][PASSED] - Statement - counter = counter + 1: null

2018-12-12 13:42:18 - [TEST_STEP][PASSED] - Statement - PreSaveFile = new java.io.File(((pathPrefix + java.lang.Integer.toString(counter)) + .png)): null

2018-12-12 13:42:18 - [TEST_STEP][PASSED] - Statement - counter = counter + 1: null

2018-12-12 13:42:18 - [TEST_STEP][PASSED] - Statement - PreSaveFile = new java.io.File(((pathPrefix + java.lang.Integer.toString(counter)) + .png)): null

2018-12-12 13:42:18 - [TEST_STEP][PASSED] - Statement - counter = counter + 1: null

2018-12-12 13:42:18 - [TEST_STEP][PASSED] - Statement - PreSaveFile = new java.io.File(((pathPrefix + java.lang.Integer.toString(counter)) + .png)): null

2018-12-12 13:42:18 - [TEST_STEP][PASSED] - Statement - counter = counter + 1: null

2018-12-12 13:42:18 - [TEST_STEP][PASSED] - Statement - PreSaveFile = new java.io.File(((pathPrefix + java.lang.Integer.toString(counter)) + .png)): null

2018-12-12 13:42:18 - [TEST_STEP][PASSED] - Statement - counter = counter + 1: null

2018-12-12 13:42:18 - [TEST_STEP][PASSED] - Statement - PreSaveFile = new java.io.File(((pathPrefix + java.lang.Integer.toString(counter)) + .png)): null

2018-12-12 13:42:18 - [TEST_STEP][PASSED] - Statement - counter = counter + 1: null

2018-12-12 13:42:18 - [TEST_STEP][PASSED] - Statement - PreSaveFile = new java.io.File(((pathPrefix + java.lang.Integer.toString(counter)) + .png)): null

2018-12-12 13:42:18 - [TEST_STEP][PASSED] - Statement - counter = counter + 1: null

2018-12-12 13:42:18 - [TEST_STEP][PASSED] - Statement - PreSaveFile = new java.io.File(((pathPrefix + java.lang.Integer.toString(counter)) + .png)): null

2018-12-12 13:42:18 - [TEST_STEP][PASSED] - Statement - counter = counter + 1: null

2018-12-12 13:42:18 - [TEST_STEP][PASSED] - Statement - PreSaveFile = new java.io.File(((pathPrefix + java.lang.Integer.toString(counter)) + .png)): null

2018-12-12 13:42:18 - [TEST_STEP][PASSED] - Statement - counter = counter + 1: null

2018-12-12 13:42:18 - [TEST_STEP][PASSED] - Statement - PreSaveFile = new java.io.File(((pathPrefix + java.lang.Integer.toString(counter)) + .png)): null

2018-12-12 13:42:18 - [TEST_STEP][PASSED] - Statement - counter = counter + 1: null

2018-12-12 13:42:18 - [TEST_STEP][PASSED] - Statement - PreSaveFile = new java.io.File(((pathPrefix + java.lang.Integer.toString(counter)) + .png)): null

2018-12-12 13:42:18 - [TEST_STEP][PASSED] - Statement - counter = counter + 1: null

2018-12-12 13:42:18 - [TEST_STEP][PASSED] - Statement - PreSaveFile = new java.io.File(((pathPrefix + java.lang.Integer.toString(counter)) + .png)): null

2018-12-12 13:42:18 - [TEST_STEP][PASSED] - Statement - counter = counter + 1: null

2018-12-12 13:42:18 - [TEST_STEP][PASSED] - Statement - PreSaveFile = new java.io.File(((pathPrefix + java.lang.Integer.toString(counter)) + .png)): null

2018-12-12 13:42:18 - [TEST_STEP][PASSED] - Statement - counter = counter + 1: null

2018-12-12 13:42:18 - [TEST_STEP][PASSED] - Statement - PreSaveFile = new java.io.File(((pathPrefix + java.lang.Integer.toString(counter)) + .png)): null

2018-12-12 13:42:18 - [TEST_STEP][PASSED] - Statement - counter = counter + 1: null

2018-12-12 13:42:18 - [TEST_STEP][PASSED] - Statement - PreSaveFile = new java.io.File(((pathPrefix + java.lang.Integer.toString(counter)) + .png)): null

2018-12-12 13:42:18 - [TEST_STEP][PASSED] - Statement - counter = counter + 1: null

2018-12-12 13:42:18 - [TEST_STEP][PASSED] - Statement - PreSaveFile = new java.io.File(((pathPrefix + java.lang.Integer.toString(counter)) + .png)): null

2018-12-12 13:42:18 - [TEST_STEP][PASSED] - Statement - counter = counter + 1: null

2018-12-12 13:42:18 - [TEST_STEP][PASSED] - Statement - PreSaveFile = new java.io.File(((pathPrefix + java.lang.Integer.toString(counter)) + .png)): null

2018-12-12 13:42:18 - [TEST_STEP][PASSED] - Statement - counter = counter + 1: null

2018-12-12 13:42:18 - [TEST_STEP][PASSED] - Statement - PreSaveFile = new java.io.File(((pathPrefix + java.lang.Integer.toString(counter)) + .png)): null

2018-12-12 13:42:18 - [TEST_STEP][PASSED] - Statement - counter = counter + 1: null

2018-12-12 13:42:18 - [TEST_STEP][PASSED] - Statement - PreSaveFile = new java.io.File(((pathPrefix + java.lang.Integer.toString(counter)) + .png)): null

2018-12-12 13:42:18 - [TEST_STEP][PASSED] - Statement - counter = counter + 1: null

2018-12-12 13:42:18 - [TEST_STEP][PASSED] - Statement - PreSaveFile = new java.io.File(((pathPrefix + java.lang.Integer.toString(counter)) + .png)): null

2018-12-12 13:42:18 - [TEST_STEP][PASSED] - Statement - counter = counter + 1: null

2018-12-12 13:42:18 - [TEST_STEP][PASSED] - Statement - PreSaveFile = new java.io.File(((pathPrefix + java.lang.Integer.toString(counter)) + .png)): null

2018-12-12 13:42:18 - [TEST_STEP][PASSED] - Statement - counter = counter + 1: null

2018-12-12 13:42:18 - [TEST_STEP][PASSED] - Statement - PreSaveFile = new java.io.File(((pathPrefix + java.lang.Integer.toString(counter)) + .png)): null

2018-12-12 13:42:18 - [TEST_STEP][PASSED] - Statement - counter = counter + 1: null

2018-12-12 13:42:18 - [TEST_STEP][PASSED] - Statement - PreSaveFile = new java.io.File(((pathPrefix + java.lang.Integer.toString(counter)) + .png)): null

2018-12-12 13:42:18 - [TEST_STEP][PASSED] - Statement - counter = counter + 1: null

2018-12-12 13:42:18 - [TEST_STEP][PASSED] - Statement - PreSaveFile = new java.io.File(((pathPrefix + java.lang.Integer.toString(counter)) + .png)): null

2018-12-12 13:42:18 - [TEST_STEP][PASSED] - Statement - counter = counter + 1: null

2018-12-12 13:42:18 - [TEST_STEP][PASSED] - Statement - PreSaveFile = new java.io.File(((pathPrefix + java.lang.Integer.toString(counter)) + .png)): null

2018-12-12 13:42:18 - [TEST_STEP][PASSED] - Statement - counter = counter + 1: null

2018-12-12 13:42:18 - [TEST_STEP][PASSED] - Statement - PreSaveFile = new java.io.File(((pathPrefix + java.lang.Integer.toString(counter)) + .png)): null

2018-12-12 13:42:18 - [TEST_STEP][PASSED] - Statement - counter = counter + 1: null

2018-12-12 13:42:18 - [TEST_STEP][PASSED] - Statement - PreSaveFile = new java.io.File(((pathPrefix + java.lang.Integer.toString(counter)) + .png)): null

2018-12-12 13:42:18 - [TEST_STEP][PASSED] - Statement - counter = counter + 1: null

2018-12-12 13:42:18 - [TEST_STEP][PASSED] - Statement - PreSaveFile = new java.io.File(((pathPrefix + java.lang.Integer.toString(counter)) + .png)): null

2018-12-12 13:42:18 - [TEST_STEP][PASSED] - Statement - counter = counter + 1: null

2018-12-12 13:42:18 - [TEST_STEP][PASSED] - Statement - PreSaveFile = new java.io.File(((pathPrefix + java.lang.Integer.toString(counter)) + .png)): null

2018-12-12 13:42:18 - [TEST_STEP][PASSED] - Statement - counter = counter + 1: null

2018-12-12 13:42:18 - [TEST_STEP][PASSED] - Statement - PreSaveFile = new java.io.File(((pathPrefix + java.lang.Integer.toString(counter)) + .png)): null

2018-12-12 13:42:18 - [TEST_STEP][PASSED] - Statement - counter = counter + 1: null

2018-12-12 13:42:18 - [TEST_STEP][PASSED] - Statement - PreSaveFile = new java.io.File(((pathPrefix + java.lang.Integer.toString(counter)) + .png)): null

2018-12-12 13:42:18 - [TEST_STEP][PASSED] - Statement - counter = counter + 1: null

2018-12-12 13:42:18 - [TEST_STEP][PASSED] - Statement - PreSaveFile = new java.io.File(((pathPrefix + java.lang.Integer.toString(counter)) + .png)): null

2018-12-12 13:42:18 - [TEST_STEP][PASSED] - Statement - counter = counter + 1: null

2018-12-12 13:42:18 - [TEST_STEP][PASSED] - Statement - PreSaveFile = new java.io.File(((pathPrefix + java.lang.Integer.toString(counter)) + .png)): null

2018-12-12 13:42:18 - [TEST_STEP][PASSED] - Statement - counter = counter + 1: null

2018-12-12 13:42:18 - [TEST_STEP][PASSED] - Statement - PreSaveFile = new java.io.File(((pathPrefix + java.lang.Integer.toString(counter)) + .png)): null

2018-12-12 13:42:18 - [TEST_STEP][PASSED] - Statement - counter = counter + 1: null

2018-12-12 13:42:18 - [TEST_STEP][PASSED] - Statement - PreSaveFile = new java.io.File(((pathPrefix + java.lang.Integer.toString(counter)) + .png)): null

2018-12-12 13:42:18 - [TEST_STEP][PASSED] - Statement - counter = counter + 1: null

2018-12-12 13:42:18 - [TEST_STEP][PASSED] - Statement - PreSaveFile = new java.io.File(((pathPrefix + java.lang.Integer.toString(counter)) + .png)): null

2018-12-12 13:42:18 - [TEST_STEP][PASSED] - Statement - counter = counter + 1: null

2018-12-12 13:42:18 - [TEST_STEP][PASSED] - Statement - PreSaveFile = new java.io.File(((pathPrefix + java.lang.Integer.toString(counter)) + .png)): null

2018-12-12 13:42:18 - [TEST_STEP][PASSED] - Statement - counter = counter + 1: null

2018-12-12 13:42:18 - [TEST_STEP][PASSED] - Statement - PreSaveFile = new java.io.File(((pathPrefix + java.lang.Integer.toString(counter)) + .png)): null

2018-12-12 13:42:18 - [TEST_STEP][PASSED] - Statement - counter = counter + 1: null

2018-12-12 13:42:18 - [TEST_STEP][PASSED] - Statement - PreSaveFile = new java.io.File(((pathPrefix + java.lang.Integer.toString(counter)) + .png)): null

2018-12-12 13:42:18 - [TEST_STEP][PASSED] - Statement - counter = counter + 1: null

2018-12-12 13:42:18 - [TEST_STEP][PASSED] - Statement - PreSaveFile = new java.io.File(((pathPrefix + java.lang.Integer.toString(counter)) + .png)): null

2018-12-12 13:42:18 - [TEST_STEP][PASSED] - Statement - finalPath = pathPrefix + java.lang.Integer.toString(counter) + ".png": null

2018-12-12 13:42:18 - [TEST_STEP][PASSED] - Statement - SaveFile = new java.io.File(finalPath): null

2018-12-12 13:42:18 - [TEST_STEP][PASSED] - Statement - Try: null

2018-12-12 13:42:18 - [TEST_STEP][PASSED] - Statement - org.apache.commons.io.FileUtils.copyFile(scrFile, SaveFile): null

2018-12-12 13:42:18 - [TEST_STEP][PASSED] - Statement - out.println("file kept"): null

2018-12-12 13:42:18 - [TEST_STEP][PASSED] - delay: Delayed 10 second(s)

2018-12-12 13:42:28 - [MESSAGE][PASSED] - Delayed 10 second(s)

2018-12-12 13:42:28 - [MESSAGE][PASSED] - Call Test Case 'Test Cases/Final Aug 2018 - PKS Automation/Registration Module/New Registration/Submit and Screenshot/Submit Registration and Screenshot' successfully]]></system-out>
         <system-err><![CDATA[2018-12-12 13:33:13 - [TEST_CASE][FAILED] - Test Cases/Final Aug 2018 - PKS Automation/Registration Module/Workflow/New Registration/OTC - PKR BO - RO Submit(Routed 2 Time): Test Cases/Final Aug 2018 - PKS Automation/Registration Module/Workflow/New Registration/OTC - PKR BO - RO Submit(Routed 2 Time) FAILED because (of) (Stack trace: com.kms.katalon.core.exception.StepFailedException: Unable to click on object 'Object Repository/Final Object Repo/New Registration - Registration Module Pages/New Reg - OTC to RO/Special Case - All Related Objects/Continue Button in verifying case' (Root cause: org.openqa.selenium.ElementNotVisibleException: element not interactable
  (Session info: chrome=70.0.3538.110)
  (Driver info: chromedriver=2.43.600210 (68dcf5eebde37173d4027fa8635e332711d2874a),platform=Windows NT 6.1.7601 SP1 x86_64) (WARNING: The server did not provide any stacktrace information)
Command duration or timeout: 0 milliseconds
Build info: version: '3.7.1', revision: '8a0099a', time: '2017-11-06T21:07:36.161Z'
System info: host: 'WIN7TEST02', ip: '10.20.3.72', os.name: 'Windows 7', os.arch: 'amd64', os.version: '6.1', java.version: '1.8.0_181'
Driver info: com.kms.katalon.selenium.driver.CChromeDriver
Capabilities {acceptInsecureCerts: false, acceptSslCerts: false, applicationCacheEnabled: false, browserConnectionEnabled: false, browserName: chrome, chrome: {chromedriverVersion: 2.43.600210 (68dcf5eebde371..., userDataDir: C:\Users\Admin\AppData\Loca...}, cssSelectorsEnabled: true, databaseEnabled: false, goog:chromeOptions: {debuggerAddress: localhost:51117}, handlesAlerts: true, hasTouchScreen: false, javascriptEnabled: true, locationContextEnabled: true, mobileEmulationEnabled: false, nativeEvents: true, networkConnectionEnabled: false, pageLoadStrategy: normal, platform: XP, platformName: XP, rotatable: false, setWindowRect: true, takesHeapSnapshot: true, takesScreenshot: true, unexpectedAlertBehaviour: , unhandledPromptBehavior: , version: 70.0.3538.110, webStorageEnabled: true}
Session ID: a7c3ed21dc741ea9442b4bd96face2e5)
	at com.kms.katalon.core.keyword.internal.KeywordMain.stepFailed(KeywordMain.groovy:32)
	at com.kms.katalon.core.webui.keyword.internal.WebUIKeywordMain.stepFailed(WebUIKeywordMain.groovy:65)
	at com.kms.katalon.core.webui.keyword.internal.WebUIKeywordMain.runKeyword(WebUIKeywordMain.groovy:27)
	at com.kms.katalon.core.webui.keyword.builtin.ClickKeyword.click(ClickKeyword.groovy:86)
	at com.kms.katalon.core.webui.keyword.builtin.ClickKeyword.execute(ClickKeyword.groovy:67)
	at com.kms.katalon.core.keyword.internal.KeywordExecutor.executeKeywordForPlatform(KeywordExecutor.groovy:53)
	at com.kms.katalon.core.webui.keyword.WebUiBuiltInKeywords.click(WebUiBuiltInKeywords.groovy:616)
	at com.kms.katalon.core.webui.keyword.WebUiBuiltInKeywords$click$2.call(Unknown Source)
	at org.codehaus.groovy.runtime.callsite.CallSiteArray.defaultCall(CallSiteArray.java:48)
	at org.codehaus.groovy.runtime.callsite.AbstractCallSite.call(AbstractCallSite.java:113)
	at org.codehaus.groovy.runtime.callsite.AbstractCallSite.call(AbstractCallSite.java:125)
	at Script1535599368022.run(Script1535599368022.groovy:165)
	at com.kms.katalon.core.main.ScriptEngine.run(ScriptEngine.java:183)
	at com.kms.katalon.core.main.ScriptEngine.runScriptAsRawText(ScriptEngine.java:108)
	at com.kms.katalon.core.main.TestCaseExecutor.runScript(TestCaseExecutor.java:294)
	at com.kms.katalon.core.main.TestCaseExecutor.doExecute(TestCaseExecutor.java:285)
	at com.kms.katalon.core.main.TestCaseExecutor.processExecutionPhase(TestCaseExecutor.java:264)
	at com.kms.katalon.core.main.TestCaseExecutor.accessMainPhase(TestCaseExecutor.java:256)
	at com.kms.katalon.core.main.TestCaseExecutor.execute(TestCaseExecutor.java:200)
	at com.kms.katalon.core.main.TestSuiteExecutor.accessTestCaseMainPhase(TestSuiteExecutor.java:129)
	at com.kms.katalon.core.main.TestSuiteExecutor.accessTestSuiteMainPhase(TestSuiteExecutor.java:112)
	at com.kms.katalon.core.main.TestSuiteExecutor.execute(TestSuiteExecutor.java:81)
	at com.kms.katalon.core.main.TestCaseMain.startTestSuite(TestCaseMain.java:142)
	at com.kms.katalon.core.main.TestCaseMain$startTestSuite$0.call(Unknown Source)
	at org.codehaus.groovy.runtime.callsite.CallSiteArray.defaultCall(CallSiteArray.java:48)
	at org.codehaus.groovy.runtime.callsite.AbstractCallSite.call(AbstractCallSite.java:113)
	at org.codehaus.groovy.runtime.callsite.AbstractCallSite.call(AbstractCallSite.java:141)
	at TempTestSuite1544512651851.run(TempTestSuite1544512651851.groovy:36)
	at groovy.lang.GroovyShell.runScriptOrMainOrTestOrRunnable(GroovyShell.java:263)
	at groovy.lang.GroovyShell.run(GroovyShell.java:518)
	at groovy.lang.GroovyShell.run(GroovyShell.java:507)
	at groovy.ui.GroovyMain.processOnce(GroovyMain.java:653)
	at groovy.ui.GroovyMain.run(GroovyMain.java:384)
	at groovy.ui.GroovyMain.process(GroovyMain.java:370)
	at groovy.ui.GroovyMain.processArgs(GroovyMain.java:129)
	at groovy.ui.GroovyMain.main(GroovyMain.java:109)
	at sun.reflect.NativeMethodAccessorImpl.invoke0(Native Method)
	at sun.reflect.NativeMethodAccessorImpl.invoke(NativeMethodAccessorImpl.java:62)
	at sun.reflect.DelegatingMethodAccessorImpl.invoke(DelegatingMethodAccessorImpl.java:43)
	at java.lang.reflect.Method.invoke(Method.java:498)
	at org.codehaus.groovy.tools.GroovyStarter.rootLoader(GroovyStarter.java:109)
	at org.codehaus.groovy.tools.GroovyStarter.main(GroovyStarter.java:131)
)]]></system-err>
      </testcase>
      <testcase name="Test Cases/Final Aug 2018 - PKS Automation/Registration Module/Workflow/New Registration/OTC - PKR BO - RO Under Enforcement(Routed 2 Time)" classname="Test Cases/Final Aug 2018 - PKS Automation/Registration Module/Workflow/New Registration/OTC - PKR BO - RO Under Enforcement(Routed 2 Time)" status="PASSED">
         <system-out><![CDATA[2018-12-12 13:42:28 - [TEST_CASE][PASSED] - Test Cases/Final Aug 2018 - PKS Automation/Registration Module/Workflow/New Registration/OTC - PKR BO - RO Under Enforcement(Routed 2 Time): Test Cases/Final Aug 2018 - PKS Automation/Registration Module/Workflow/New Registration/OTC - PKR BO - RO Under Enforcement(Routed 2 Time)

2018-12-12 13:42:28 - [TEST_STEP][PASSED] - callTestCase: Call Test Case 'Test Cases/Final Aug 2018 - PKS Automation/Registration Module/Workflow/New Registration/Template/Special Case - OTC - Form 1' successfully

2018-12-12 13:42:28 - [TEST_CASE][PASSED] - Test Cases/Final Aug 2018 - PKS Automation/Registration Module/Workflow/New Registration/Template/Special Case - OTC - Form 1: Test Cases/Final Aug 2018 - PKS Automation/Registration Module/Workflow/New Registration/Template/Special Case - OTC - Form 1

2018-12-12 13:42:28 - [TEST_STEP][PASSED] - openBrowser: Browser is opened with url: ''

2018-12-12 13:42:28 - [MESSAGE][WARNING] - A browser is already opened. Closing browser and opening a new one

2018-12-12 13:42:33 - [MESSAGE][PASSED] - Browser is opened with url: ''

2018-12-12 13:42:33 - [TEST_STEP][PASSED] - navigateToUrl: Navigate to 'https://assist2-uat.perkeso.gov.my/login' successfully

2018-12-12 13:42:34 - [MESSAGE][PASSED] - Navigate to 'https://assist2-uat.perkeso.gov.my/login' successfully

2018-12-12 13:42:34 - [TEST_STEP][PASSED] - delay: Delayed 2 second(s)

2018-12-12 13:42:36 - [MESSAGE][PASSED] - Delayed 2 second(s)

2018-12-12 13:42:36 - [TEST_STEP][PASSED] - setText: Text 'klotc2@gmail.com' is set on object 'Object Repository/Final Object Repo/Login Page/Internal User/Email Address'

2018-12-12 13:42:36 - [MESSAGE][PASSED] - Text 'klotc2@gmail.com' is set on object 'Object Repository/Final Object Repo/Login Page/Internal User/Email Address'

2018-12-12 13:42:36 - [TEST_STEP][PASSED] - click: Object: 'Object Repository/Final Object Repo/Login Page/Internal User/Next Button' is clicked on

2018-12-12 13:42:36 - [MESSAGE][PASSED] - Object: 'Object Repository/Final Object Repo/Login Page/Internal User/Next Button' is clicked on

2018-12-12 13:42:36 - [TEST_STEP][PASSED] - delay: Delayed 2 second(s)

2018-12-12 13:42:38 - [MESSAGE][PASSED] - Delayed 2 second(s)

2018-12-12 13:42:38 - [TEST_STEP][PASSED] - setText: Text 'Test1@3456789' is set on object 'Object Repository/Final Object Repo/Login Page/Internal User/Password'

2018-12-12 13:42:38 - [MESSAGE][PASSED] - Text 'Test1@3456789' is set on object 'Object Repository/Final Object Repo/Login Page/Internal User/Password'

2018-12-12 13:42:38 - [TEST_STEP][PASSED] - delay: Delayed 2 second(s)

2018-12-12 13:42:40 - [MESSAGE][PASSED] - Delayed 2 second(s)

2018-12-12 13:42:40 - [TEST_STEP][PASSED] - click: Object: 'Object Repository/Final Object Repo/Login Page/Internal User/Login Button' is clicked on

2018-12-12 13:42:41 - [MESSAGE][PASSED] - Object: 'Object Repository/Final Object Repo/Login Page/Internal User/Login Button' is clicked on

2018-12-12 13:42:41 - [TEST_STEP][PASSED] - Statement - Try: null

2018-12-12 13:42:41 - [TEST_STEP][PASSED] - Statement - Checker = com.kms.katalon.core.webui.keyword.WebUiBuiltInKeywords.verifyElementNotPresent("Final Object Repo/Landing Page/Select to English", 3): null

2018-12-12 13:42:41 - [TEST_STEP][PASSED] - Statement - Catch (Exception e): null

2018-12-12 13:42:41 - [TEST_STEP][PASSED] - Statement - e.printStackTrace(): null

2018-12-12 13:42:41 - [TEST_STEP][PASSED] - delay: Delayed 5 second(s)

2018-12-12 13:42:46 - [MESSAGE][PASSED] - Delayed 5 second(s)

2018-12-12 13:42:46 - [TEST_STEP][PASSED] - click: Object: 'Object Repository/Final Object Repo/Landing Page/My Sites Drop Down' is clicked on

2018-12-12 13:42:46 - [MESSAGE][PASSED] - Object: 'Object Repository/Final Object Repo/Landing Page/My Sites Drop Down' is clicked on

2018-12-12 13:42:46 - [TEST_STEP][PASSED] - click: Object: 'Object Repository/Final Object Repo/Landing Page/Select to Registration Module' is clicked on

2018-12-12 13:42:47 - [MESSAGE][PASSED] - Object: 'Object Repository/Final Object Repo/Landing Page/Select to Registration Module' is clicked on

2018-12-12 13:42:47 - [TEST_STEP][PASSED] - click: Object: 'Object Repository/Final Object Repo/Landing Page/Registration Button' is clicked on

2018-12-12 13:42:48 - [MESSAGE][PASSED] - Object: 'Object Repository/Final Object Repo/Landing Page/Registration Button' is clicked on

2018-12-12 13:42:48 - [TEST_STEP][PASSED] - delay: Delayed 2 second(s)

2018-12-12 13:42:50 - [MESSAGE][PASSED] - Delayed 2 second(s)

2018-12-12 13:42:50 - [TEST_STEP][PASSED] - click: Object: 'Object Repository/Final Object Repo/New Registration - Registration Module Pages/New Reg - OTC to RO/Special Case - OTC - Form 1/AEC NO' is clicked on

2018-12-12 13:42:51 - [MESSAGE][PASSED] - Object: 'Object Repository/Final Object Repo/New Registration - Registration Module Pages/New Reg - OTC to RO/Special Case - OTC - Form 1/AEC NO' is clicked on

2018-12-12 13:42:51 - [TEST_STEP][PASSED] - click: Object: 'Object Repository/Final Object Repo/New Registration - Registration Module Pages/New Reg - OTC to RO/Special Case - OTC - Form 1/Business Entity - Please Select' is clicked on

2018-12-12 13:42:51 - [MESSAGE][PASSED] - Object: 'Object Repository/Final Object Repo/New Registration - Registration Module Pages/New Reg - OTC to RO/Special Case - OTC - Form 1/Business Entity - Please Select' is clicked on

2018-12-12 13:42:51 - [TEST_STEP][PASSED] - click: Object: 'Object Repository/Final Object Repo/New Registration - Registration Module Pages/New Reg - OTC to RO/Special Case - OTC - Form 1/Selected - Corporation' is clicked on

2018-12-12 13:42:51 - [MESSAGE][PASSED] - Object: 'Object Repository/Final Object Repo/New Registration - Registration Module Pages/New Reg - OTC to RO/Special Case - OTC - Form 1/Selected - Corporation' is clicked on

2018-12-12 13:42:51 - [TEST_STEP][PASSED] - delay: Delayed 2 second(s)

2018-12-12 13:42:53 - [MESSAGE][PASSED] - Delayed 2 second(s)

2018-12-12 13:42:53 - [TEST_STEP][PASSED] - click: Object: 'Object Repository/Final Object Repo/New Registration - Registration Module Pages/New Reg - OTC to RO/Special Case - OTC - Form 1/Sub Business Entity - Please Select' is clicked on

2018-12-12 13:42:53 - [MESSAGE][PASSED] - Object: 'Object Repository/Final Object Repo/New Registration - Registration Module Pages/New Reg - OTC to RO/Special Case - OTC - Form 1/Sub Business Entity - Please Select' is clicked on

2018-12-12 13:42:53 - [TEST_STEP][PASSED] - delay: Delayed 2 second(s)

2018-12-12 13:42:55 - [MESSAGE][PASSED] - Delayed 2 second(s)

2018-12-12 13:42:55 - [TEST_STEP][PASSED] - click: Object: 'Object Repository/Final Object Repo/New Registration - Registration Module Pages/New Reg - OTC to RO/Special Case - OTC - Form 1/Selected - Sendirian Berhad' is clicked on

2018-12-12 13:42:55 - [MESSAGE][PASSED] - Object: 'Object Repository/Final Object Repo/New Registration - Registration Module Pages/New Reg - OTC to RO/Special Case - OTC - Form 1/Selected - Sendirian Berhad' is clicked on

2018-12-12 13:42:55 - [TEST_STEP][PASSED] - setText: Text 'AUTOMATE001' is set on object 'Object Repository/Final Object Repo/New Registration - Registration Module Pages/New Reg - OTC to RO/Special Case - OTC - Form 1/Input BRN Number'

2018-12-12 13:42:56 - [MESSAGE][PASSED] - Text 'AUTOMATE001' is set on object 'Object Repository/Final Object Repo/New Registration - Registration Module Pages/New Reg - OTC to RO/Special Case - OTC - Form 1/Input BRN Number'

2018-12-12 13:42:56 - [TEST_STEP][PASSED] - delay: Delayed 2 second(s)

2018-12-12 13:42:58 - [MESSAGE][PASSED] - Delayed 2 second(s)

2018-12-12 13:42:58 - [TEST_STEP][PASSED] - click: Object: 'Object Repository/Final Object Repo/New Registration - Registration Module Pages/New Reg - OTC to RO/Special Case - OTC - Form 1/BRN Search' is clicked on

2018-12-12 13:42:58 - [MESSAGE][PASSED] - Object: 'Object Repository/Final Object Repo/New Registration - Registration Module Pages/New Reg - OTC to RO/Special Case - OTC - Form 1/BRN Search' is clicked on

2018-12-12 13:42:58 - [TEST_STEP][PASSED] - delay: Delayed 4 second(s)

2018-12-12 13:43:02 - [MESSAGE][PASSED] - Delayed 4 second(s)

2018-12-12 13:43:02 - [TEST_STEP][PASSED] - click: Object: 'Object Repository/Final Object Repo/New Registration - Registration Module Pages/New Reg - OTC to RO/Special Case - OTC - Form 1/Registered with SSM - After Feb 2017' is clicked on

2018-12-12 13:43:02 - [MESSAGE][PASSED] - Object: 'Object Repository/Final Object Repo/New Registration - Registration Module Pages/New Reg - OTC to RO/Special Case - OTC - Form 1/Registered with SSM - After Feb 2017' is clicked on

2018-12-12 13:43:02 - [TEST_STEP][PASSED] - delay: Delayed 2 second(s)

2018-12-12 13:43:04 - [MESSAGE][PASSED] - Delayed 2 second(s)

2018-12-12 13:43:04 - [TEST_STEP][PASSED] - click: Object: 'Object Repository/Final Object Repo/New Registration - Registration Module Pages/New Reg - OTC to RO/Special Case - OTC - Form 1/Registering As A Branch - No' is clicked on

2018-12-12 13:43:04 - [MESSAGE][PASSED] - Object: 'Object Repository/Final Object Repo/New Registration - Registration Module Pages/New Reg - OTC to RO/Special Case - OTC - Form 1/Registering As A Branch - No' is clicked on

2018-12-12 13:43:04 - [TEST_STEP][PASSED] - click: Object: 'Object Repository/Final Object Repo/New Registration - Registration Module Pages/New Reg - OTC to RO/Special Case - OTC - Form 1/Acknowledgement Ticked' is clicked on

2018-12-12 13:43:05 - [MESSAGE][PASSED] - Object: 'Object Repository/Final Object Repo/New Registration - Registration Module Pages/New Reg - OTC to RO/Special Case - OTC - Form 1/Acknowledgement Ticked' is clicked on

2018-12-12 13:43:05 - [TEST_STEP][PASSED] - click: Object: 'Object Repository/Final Object Repo/New Registration - Registration Module Pages/New Reg - OTC to RO/Special Case - OTC - Form 1/Submit Button' is clicked on

2018-12-12 13:43:05 - [MESSAGE][PASSED] - Object: 'Object Repository/Final Object Repo/New Registration - Registration Module Pages/New Reg - OTC to RO/Special Case - OTC - Form 1/Submit Button' is clicked on

2018-12-12 13:43:05 - [TEST_STEP][PASSED] - delay: Delayed 2 second(s)

2018-12-12 13:43:07 - [MESSAGE][PASSED] - Delayed 2 second(s)

2018-12-12 13:43:07 - [TEST_STEP][PASSED] - click: Object: 'Object Repository/Final Object Repo/New Registration - Registration Module Pages/New Reg - OTC to RO/Special Case - OTC - Form 1/Confirm No Flagging as Branch' is clicked on

2018-12-12 13:43:07 - [MESSAGE][PASSED] - Object: 'Object Repository/Final Object Repo/New Registration - Registration Module Pages/New Reg - OTC to RO/Special Case - OTC - Form 1/Confirm No Flagging as Branch' is clicked on

2018-12-12 13:43:07 - [MESSAGE][PASSED] - Call Test Case 'Test Cases/Final Aug 2018 - PKS Automation/Registration Module/Workflow/New Registration/Template/Special Case - OTC - Form 1' successfully

2018-12-12 13:43:07 - [TEST_STEP][PASSED] - callTestCase: Call Test Case 'Test Cases/Final Aug 2018 - PKS Automation/Registration Module/New Registration/Form 2/Add 1 Eligible - Incomplete' successfully

2018-12-12 13:43:07 - [TEST_CASE][PASSED] - Test Cases/Final Aug 2018 - PKS Automation/Registration Module/New Registration/Form 2/Add 1 Eligible - Incomplete: Test Cases/Final Aug 2018 - PKS Automation/Registration Module/New Registration/Form 2/Add 1 Eligible - Incomplete

2018-12-12 13:43:07 - [TEST_STEP][PASSED] - delay: Delayed 2 second(s)

2018-12-12 13:43:09 - [MESSAGE][PASSED] - Delayed 2 second(s)

2018-12-12 13:43:09 - [TEST_STEP][PASSED] - callTestCase: Call Test Case 'Test Cases/Final Aug 2018 - PKS Automation/Registration Module/New Registration/Form 2/Date Updater' successfully

2018-12-12 13:43:09 - [TEST_CASE][PASSED] - Test Cases/Final Aug 2018 - PKS Automation/Registration Module/New Registration/Form 2/Date Updater: Test Cases/Final Aug 2018 - PKS Automation/Registration Module/New Registration/Form 2/Date Updater

2018-12-12 13:43:09 - [TEST_STEP][PASSED] - Statement - TodayDate = new java.util.Date(): null

2018-12-12 13:43:09 - [TEST_STEP][PASSED] - Statement - CurrentDateNoFilter = new java.text.SimpleDateFormat(): null

2018-12-12 13:43:09 - [TEST_STEP][PASSED] - Statement - CurrentDateNoFilter.applyPattern("MM"): null

2018-12-12 13:43:09 - [TEST_STEP][PASSED] - Statement - monthContainerMatcher = java.lang.Integer.parseInt(CurrentDateNoFilter.format(TodayDate)): null

2018-12-12 13:43:09 - [TEST_STEP][PASSED] - Statement - monthContainerMatcher = monthContainerMatcher - 1: null

2018-12-12 13:43:09 - [TEST_STEP][PASSED] - Statement - CurrentMonth = monthContainerMatcher.toString(): null

2018-12-12 13:43:09 - [TEST_STEP][PASSED] - Statement - CurrentMonth = CurrentMonth: null

2018-12-12 13:43:09 - [TEST_STEP][PASSED] - Statement - CurrentDateNoFilter.applyPattern("yyyy"): null

2018-12-12 13:43:09 - [TEST_STEP][PASSED] - Statement - CurrentYear = CurrentDateNoFilter.format(TodayDate): null

2018-12-12 13:43:09 - [TEST_STEP][PASSED] - Statement - CurrentYear = CurrentYear: null

2018-12-12 13:43:09 - [TEST_STEP][PASSED] - Statement - intCurrentYear = java.lang.Integer.parseInt(CurrentDateNoFilter.format(TodayDate)): null

2018-12-12 13:43:09 - [TEST_STEP][PASSED] - Statement - eighteenYrsAgo = intCurrentYear - 18: null

2018-12-12 13:43:09 - [TEST_STEP][PASSED] - Statement - eighteenYrsBeforeThisYr = eighteenYrsAgo.toString(): null

2018-12-12 13:43:09 - [TEST_STEP][PASSED] - Statement - EighteenYrsBefore = eighteenYrsBeforeThisYr: null

2018-12-12 13:43:09 - [TEST_STEP][PASSED] - Statement - fiftysevenYrsAgo = intCurrentYear - 57: null

2018-12-12 13:43:09 - [TEST_STEP][PASSED] - Statement - fiftysevenYrsBeforeThisYr = fiftysevenYrsAgo.toString(): null

2018-12-12 13:43:09 - [TEST_STEP][PASSED] - Statement - FiftysevenYrsBefore = fiftysevenYrsBeforeThisYr: null

2018-12-12 13:43:09 - [TEST_STEP][PASSED] - Statement - leapYear = false: null

2018-12-12 13:43:09 - [TEST_STEP][PASSED] - Statement - leapYear = intCurrentYear % 4 == 0: null

2018-12-12 13:43:09 - [TEST_STEP][PASSED] - Statement - CurrentDateNoFilter.applyPattern("dd"): null

2018-12-12 13:43:09 - [TEST_STEP][PASSED] - Statement - CurrentDate = CurrentDateNoFilter.format(TodayDate): null

2018-12-12 13:43:09 - [TEST_STEP][PASSED] - Statement - CurrentDate = java.lang.Integer.parseInt(CurrentDate): null

2018-12-12 13:43:09 - [TEST_STEP][PASSED] - Statement - CurrentDate = CurrentDate: null

2018-12-12 13:43:09 - [TEST_STEP][PASSED] - Statement - CurrentDay = java.lang.Integer.parseInt(CurrentDate): null

2018-12-12 13:43:09 - [TEST_STEP][PASSED] - Statement - ConfAdder = <not implemented yet for class: org.codehaus.groovy.ast.expr.EmptyExpression>: null

2018-12-12 13:43:09 - [TEST_STEP][PASSED] - Statement - out.println(CurrentMonth): null

2018-12-12 13:43:09 - [TEST_STEP][PASSED] - Statement - out.println(CurrentDate): null

2018-12-12 13:43:09 - [TEST_STEP][PASSED] - Statement - switch (CurrentDate): null

2018-12-12 13:43:09 - [TEST_STEP][PASSED] - Statement - Default: null

2018-12-12 13:43:09 - [TEST_STEP][PASSED] - Statement - ConfAdder = true: null

2018-12-12 13:43:09 - [TEST_STEP][PASSED] - Statement - Break: null

2018-12-12 13:43:09 - [TEST_STEP][PASSED] - Statement - aDayBefore = <not implemented yet for class: org.codehaus.groovy.ast.expr.EmptyExpression>: null

2018-12-12 13:43:09 - [TEST_STEP][PASSED] - Statement - out.println(ConfAdder): null

2018-12-12 13:43:09 - [TEST_STEP][PASSED] - Statement - If (ConfAdder == true): null

2018-12-12 13:43:09 - [TEST_STEP][PASSED] - Statement - aDayBefore = CurrentDay + 1: null

2018-12-12 13:43:09 - [TEST_STEP][PASSED] - Statement - out.println(aDayBefore): null

2018-12-12 13:43:09 - [TEST_STEP][PASSED] - Statement - If (aDayBefore == 1 && CurrentMonth == 11): null

2018-12-12 13:43:09 - [TEST_STEP][PASSED] - Statement - DayBefore = aDayBefore.toString(): null

2018-12-12 13:43:09 - [TEST_STEP][PASSED] - Statement - OneDayBefore = DayBefore: null

2018-12-12 13:43:09 - [MESSAGE][PASSED] - Call Test Case 'Test Cases/Final Aug 2018 - PKS Automation/Registration Module/New Registration/Form 2/Date Updater' successfully

2018-12-12 13:43:09 - [TEST_STEP][PASSED] - Statement - CaseReferenceNo = com.kms.katalon.core.webui.keyword.WebUiBuiltInKeywords.getText(com.kms.katalon.core.testobject.ObjectRepository.findTestObject(Final Object Repo/New Registration - Registration Module Pages/Form 2/RefNo Acquiring)): Text of object 'Object Repository/Final Object Repo/New Registration - Registration Module Pages/Form 2/RefNo Acquiring' is: 'CRN12201800123199'

2018-12-12 13:43:09 - [MESSAGE][PASSED] - Text of object 'Object Repository/Final Object Repo/New Registration - Registration Module Pages/Form 2/RefNo Acquiring' is: 'CRN12201800123199'

2018-12-12 13:43:09 - [TEST_STEP][PASSED] - delay: Delayed 4 second(s)

2018-12-12 13:43:13 - [MESSAGE][PASSED] - Delayed 4 second(s)

2018-12-12 13:43:13 - [TEST_STEP][PASSED] - click: Object: 'Object Repository/Final Object Repo/New Registration - Registration Module Pages/Form 2/Add Employee Button' is clicked on

2018-12-12 13:43:14 - [MESSAGE][PASSED] - Object: 'Object Repository/Final Object Repo/New Registration - Registration Module Pages/Form 2/Add Employee Button' is clicked on

2018-12-12 13:43:14 - [TEST_STEP][PASSED] - delay: Delayed 1 second(s)

2018-12-12 13:43:15 - [MESSAGE][PASSED] - Delayed 1 second(s)

2018-12-12 13:43:15 - [TEST_STEP][PASSED] - setText: Text '010903091984' is set on object 'Object Repository/Final Object Repo/New Registration - Registration Module Pages/Form 2/NRIC Input'

2018-12-12 13:43:15 - [MESSAGE][PASSED] - Text '010903091984' is set on object 'Object Repository/Final Object Repo/New Registration - Registration Module Pages/Form 2/NRIC Input'

2018-12-12 13:43:15 - [TEST_STEP][PASSED] - click: Object: 'Object Repository/Final Object Repo/New Registration - Registration Module Pages/Form 2/button for search for IC' is clicked on

2018-12-12 13:43:15 - [MESSAGE][PASSED] - Object: 'Object Repository/Final Object Repo/New Registration - Registration Module Pages/Form 2/button for search for IC' is clicked on

2018-12-12 13:43:15 - [TEST_STEP][PASSED] - delay: Delayed 2 second(s)

2018-12-12 13:43:17 - [MESSAGE][PASSED] - Delayed 2 second(s)

2018-12-12 13:43:17 - [TEST_STEP][PASSED] - setText: Text 'Automate001 eligible 1' is set on object 'Object Repository/Final Object Repo/New Registration - Registration Module Pages/Form 2/Employee Name Input'

2018-12-12 13:43:18 - [MESSAGE][PASSED] - Text 'Automate001 eligible 1' is set on object 'Object Repository/Final Object Repo/New Registration - Registration Module Pages/Form 2/Employee Name Input'

2018-12-12 13:43:18 - [TEST_STEP][PASSED] - delay: Delayed 2 second(s)

2018-12-12 13:43:20 - [MESSAGE][PASSED] - Delayed 2 second(s)

2018-12-12 13:43:20 - [TEST_STEP][PASSED] - click: Object: 'Object Repository/Final Object Repo/New Registration - Registration Module Pages/Form 2/DatePicker Pop Up' is clicked on

2018-12-12 13:43:20 - [MESSAGE][PASSED] - Object: 'Object Repository/Final Object Repo/New Registration - Registration Module Pages/Form 2/DatePicker Pop Up' is clicked on

2018-12-12 13:43:20 - [TEST_STEP][PASSED] - click: Object: 'Object Repository/Final Object Repo/New Registration - Registration Module Pages/Form 2/DOB Month' is clicked on

2018-12-12 13:43:20 - [MESSAGE][PASSED] - Object: 'Object Repository/Final Object Repo/New Registration - Registration Module Pages/Form 2/DOB Month' is clicked on

2018-12-12 13:43:20 - [TEST_STEP][PASSED] - Statement - CurrentMonth = CurrentMonth: null

2018-12-12 13:43:20 - [TEST_STEP][PASSED] - Statement - selectMonth = new com.kms.katalon.core.testobject.TestObject(): null

2018-12-12 13:43:20 - [TEST_STEP][PASSED] - Statement - selectMonth.addProperty("xpath", EQUALS, "//body/div/div/div/select/option[@value='" + CurrentMonth + "']", true): null

2018-12-12 13:43:20 - [TEST_STEP][PASSED] - click: Object: '' is clicked on

2018-12-12 13:43:20 - [MESSAGE][PASSED] - Object: '' is clicked on

2018-12-12 13:43:20 - [TEST_STEP][PASSED] - click: Object: 'Object Repository/Final Object Repo/New Registration - Registration Module Pages/Form 2/DOB Year' is clicked on

2018-12-12 13:43:20 - [MESSAGE][PASSED] - Object: 'Object Repository/Final Object Repo/New Registration - Registration Module Pages/Form 2/DOB Year' is clicked on

2018-12-12 13:43:20 - [TEST_STEP][PASSED] - Statement - Eyearsbf = EighteenYrsBefore: null

2018-12-12 13:43:20 - [TEST_STEP][PASSED] - Statement - selectYear = new com.kms.katalon.core.testobject.TestObject(): null

2018-12-12 13:43:20 - [TEST_STEP][PASSED] - Statement - selectYear.addProperty("xpath", EQUALS, "//div/div/div/select/option[@value='" + Eyearsbf + "']", true): null

2018-12-12 13:43:20 - [TEST_STEP][PASSED] - click: Object: '' is clicked on

2018-12-12 13:43:21 - [MESSAGE][PASSED] - Object: '' is clicked on

2018-12-12 13:43:21 - [TEST_STEP][PASSED] - Statement - UpdatedSelectDate = com.kms.katalon.core.webui.keyword.WebUiBuiltInKeywords.modifyObjectProperty(com.kms.katalon.core.testobject.ObjectRepository.findTestObject(Final Object Repo/New Registration - Registration Module Pages/Form 2/DOB Date), "xpath", "equals", "//body/div/table/tbody/tr/td/a[text()="" + CurrentDate + ""]", true): Modify property of object successfully

2018-12-12 13:43:21 - [MESSAGE][PASSED] - Modify property of object successfully

2018-12-12 13:43:21 - [TEST_STEP][PASSED] - delay: Delayed 3 second(s)

2018-12-12 13:43:24 - [MESSAGE][PASSED] - Delayed 3 second(s)

2018-12-12 13:43:24 - [TEST_STEP][PASSED] - click: Object: 'Object Repository/Final Object Repo/New Registration - Registration Module Pages/Form 2/DOB Date' is clicked on

2018-12-12 13:43:24 - [MESSAGE][PASSED] - Object: 'Object Repository/Final Object Repo/New Registration - Registration Module Pages/Form 2/DOB Date' is clicked on

2018-12-12 13:43:24 - [TEST_STEP][PASSED] - delay: Delayed 2 second(s)

2018-12-12 13:43:26 - [MESSAGE][PASSED] - Delayed 2 second(s)

2018-12-12 13:43:26 - [TEST_STEP][PASSED] - click: Object: 'Object Repository/Final Object Repo/New Registration - Registration Module Pages/Form 2/EmploymentStartDate Pop Up' is clicked on

2018-12-12 13:43:26 - [MESSAGE][PASSED] - Object: 'Object Repository/Final Object Repo/New Registration - Registration Module Pages/Form 2/EmploymentStartDate Pop Up' is clicked on

2018-12-12 13:43:26 - [TEST_STEP][PASSED] - delay: Delayed 2 second(s)

2018-12-12 13:43:28 - [MESSAGE][PASSED] - Delayed 2 second(s)

2018-12-12 13:43:28 - [TEST_STEP][PASSED] - click: Object: 'Object Repository/Final Object Repo/New Registration - Registration Module Pages/Form 2/Socso Employment StartDate Month' is clicked on

2018-12-12 13:43:28 - [MESSAGE][PASSED] - Object: 'Object Repository/Final Object Repo/New Registration - Registration Module Pages/Form 2/Socso Employment StartDate Month' is clicked on

2018-12-12 13:43:28 - [TEST_STEP][PASSED] - delay: Delayed 1 second(s)

2018-12-12 13:43:29 - [MESSAGE][PASSED] - Delayed 1 second(s)

2018-12-12 13:43:29 - [TEST_STEP][PASSED] - click: Object: 'Object Repository/Final Object Repo/New Registration - Registration Module Pages/Form 2/Select Socso Employement Startdate Month' is clicked on

2018-12-12 13:43:29 - [MESSAGE][PASSED] - Object: 'Object Repository/Final Object Repo/New Registration - Registration Module Pages/Form 2/Select Socso Employement Startdate Month' is clicked on

2018-12-12 13:43:29 - [TEST_STEP][PASSED] - delay: Delayed 2 second(s)

2018-12-12 13:43:31 - [MESSAGE][PASSED] - Delayed 2 second(s)

2018-12-12 13:43:31 - [TEST_STEP][PASSED] - click: Object: 'Object Repository/Final Object Repo/New Registration - Registration Module Pages/Form 2/Socso Employment StartDate Year' is clicked on

2018-12-12 13:43:31 - [MESSAGE][PASSED] - Object: 'Object Repository/Final Object Repo/New Registration - Registration Module Pages/Form 2/Socso Employment StartDate Year' is clicked on

2018-12-12 13:43:31 - [TEST_STEP][PASSED] - delay: Delayed 1 second(s)

2018-12-12 13:43:32 - [MESSAGE][PASSED] - Delayed 1 second(s)

2018-12-12 13:43:32 - [TEST_STEP][PASSED] - click: Object: 'Object Repository/Final Object Repo/New Registration - Registration Module Pages/Form 2/Select Socso Employment Startdate Year' is clicked on

2018-12-12 13:43:33 - [MESSAGE][PASSED] - Object: 'Object Repository/Final Object Repo/New Registration - Registration Module Pages/Form 2/Select Socso Employment Startdate Year' is clicked on

2018-12-12 13:43:33 - [TEST_STEP][PASSED] - delay: Delayed 2 second(s)

2018-12-12 13:43:35 - [MESSAGE][PASSED] - Delayed 2 second(s)

2018-12-12 13:43:35 - [TEST_STEP][PASSED] - click: Object: 'Object Repository/Final Object Repo/New Registration - Registration Module Pages/Form 2/Socso Employment Start Date Day' is clicked on

2018-12-12 13:43:35 - [MESSAGE][PASSED] - Object: 'Object Repository/Final Object Repo/New Registration - Registration Module Pages/Form 2/Socso Employment Start Date Day' is clicked on

2018-12-12 13:43:35 - [TEST_STEP][PASSED] - delay: Delayed 2 second(s)

2018-12-12 13:43:37 - [MESSAGE][PASSED] - Delayed 2 second(s)

2018-12-12 13:43:37 - [TEST_STEP][PASSED] - click: Object: 'Object Repository/Final Object Repo/New Registration - Registration Module Pages/Form 2/Save Button for Add Employee' is clicked on

2018-12-12 13:43:37 - [MESSAGE][PASSED] - Object: 'Object Repository/Final Object Repo/New Registration - Registration Module Pages/Form 2/Save Button for Add Employee' is clicked on

2018-12-12 13:43:37 - [TEST_STEP][PASSED] - delay: Delayed 6 second(s)

2018-12-12 13:43:43 - [MESSAGE][PASSED] - Delayed 6 second(s)

2018-12-12 13:43:43 - [TEST_STEP][PASSED] - click: Object: 'Object Repository/Final Object Repo/New Registration - Registration Module Pages/Form 2/Incomplete Checkbox' is clicked on

2018-12-12 13:43:43 - [MESSAGE][PASSED] - Object: 'Object Repository/Final Object Repo/New Registration - Registration Module Pages/Form 2/Incomplete Checkbox' is clicked on

2018-12-12 13:43:43 - [TEST_STEP][PASSED] - delay: Delayed 2 second(s)

2018-12-12 13:43:45 - [MESSAGE][PASSED] - Delayed 2 second(s)

2018-12-12 13:43:45 - [TEST_STEP][PASSED] - click: Object: 'Object Repository/Final Object Repo/New Registration - Registration Module Pages/Form 2/Save and Continue Form 2' is clicked on

2018-12-12 13:43:45 - [MESSAGE][PASSED] - Object: 'Object Repository/Final Object Repo/New Registration - Registration Module Pages/Form 2/Save and Continue Form 2' is clicked on

2018-12-12 13:43:45 - [MESSAGE][PASSED] - Call Test Case 'Test Cases/Final Aug 2018 - PKS Automation/Registration Module/New Registration/Form 2/Add 1 Eligible - Incomplete' successfully

2018-12-12 13:43:45 - [TEST_STEP][PASSED] - callTestCase: Call Test Case 'Test Cases/Final Aug 2018 - PKS Automation/Registration Module/New Registration/Flow of New Registration/Third Screen - Upload Supporting Doc - Preview' successfully

2018-12-12 13:43:45 - [TEST_CASE][PASSED] - Test Cases/Final Aug 2018 - PKS Automation/Registration Module/New Registration/Flow of New Registration/Third Screen - Upload Supporting Doc - Preview: Test Cases/Final Aug 2018 - PKS Automation/Registration Module/New Registration/Flow of New Registration/Third Screen - Upload Supporting Doc - Preview

2018-12-12 13:43:45 - [TEST_STEP][PASSED] - waitForPageLoad: Wait for page load successfully

2018-12-12 13:43:46 - [MESSAGE][PASSED] - Wait for page load successfully

2018-12-12 13:43:46 - [TEST_STEP][PASSED] - Statement - CaseReferenceNo = com.kms.katalon.core.webui.keyword.WebUiBuiltInKeywords.getText(com.kms.katalon.core.testobject.ObjectRepository.findTestObject(Final Object Repo/New Registration - Registration Module Pages/Third Screen - Upload Supporting Doc- Preview/RefNo Acquiring)): Text of object 'Object Repository/Final Object Repo/New Registration - Registration Module Pages/Third Screen - Upload Supporting Doc- Preview/RefNo Acquiring' is: 'CRN12201800123199'

2018-12-12 13:43:46 - [MESSAGE][PASSED] - Text of object 'Object Repository/Final Object Repo/New Registration - Registration Module Pages/Third Screen - Upload Supporting Doc- Preview/RefNo Acquiring' is: 'CRN12201800123199'

2018-12-12 13:43:46 - [TEST_STEP][PASSED] - delay: Delayed 2 second(s)

2018-12-12 13:43:48 - [MESSAGE][PASSED] - Delayed 2 second(s)

2018-12-12 13:43:48 - [TEST_STEP][PASSED] - callTestCase: Call Test Case 'Test Cases/Final Aug 2018 - PKS Automation/Common/Reference Number Setter' successfully

2018-12-12 13:43:48 - [TEST_CASE][PASSED] - Test Cases/Final Aug 2018 - PKS Automation/Common/Reference Number Setter: Test Cases/Final Aug 2018 - PKS Automation/Common/Reference Number Setter

2018-12-12 13:43:48 - [TEST_STEP][PASSED] - Statement - RefNoOldFile = new java.io.File(C://Users//Admin//Desktop//PKS//Automation Reference Point//KatalonReference.txt): null

2018-12-12 13:43:48 - [TEST_STEP][PASSED] - Statement - RefNoOldFile.delete(): null

2018-12-12 13:43:48 - [TEST_STEP][PASSED] - delay: Delayed 5 second(s)

2018-12-12 13:43:53 - [MESSAGE][PASSED] - Delayed 5 second(s)

2018-12-12 13:43:53 - [TEST_STEP][PASSED] - Statement - RefNo = new java.io.File(C://Users//Admin//Desktop//PKS//Automation Reference Point//KatalonReference.txt): null

2018-12-12 13:43:53 - [TEST_STEP][PASSED] - Statement - f2 = new java.io.FileWriter(RefNo, false): null

2018-12-12 13:43:53 - [TEST_STEP][PASSED] - Statement - f2.write(CaseReferenceNo): null

2018-12-12 13:43:53 - [TEST_STEP][PASSED] - Statement - f2.close(): null

2018-12-12 13:43:53 - [TEST_STEP][PASSED] - Statement - out.println("


" + CaseReferenceNo + "


"): null

2018-12-12 13:43:53 - [MESSAGE][PASSED] - Call Test Case 'Test Cases/Final Aug 2018 - PKS Automation/Common/Reference Number Setter' successfully

2018-12-12 13:43:53 - [TEST_STEP][PASSED] - waitForElementClickable: Object 'Object Repository/Final Object Repo/New Registration - Registration Module Pages/Third Screen - Upload Supporting Doc- Preview/Save n Continue in SIP Employee Listing Page' is clickable

2018-12-12 13:43:53 - [MESSAGE][PASSED] - Object 'Object Repository/Final Object Repo/New Registration - Registration Module Pages/Third Screen - Upload Supporting Doc- Preview/Save n Continue in SIP Employee Listing Page' is clickable

2018-12-12 13:43:53 - [TEST_STEP][PASSED] - click: Object: 'Object Repository/Final Object Repo/New Registration - Registration Module Pages/Third Screen - Upload Supporting Doc- Preview/Save n Continue in SIP Employee Listing Page' is clicked on

2018-12-12 13:43:59 - [MESSAGE][PASSED] - Object: 'Object Repository/Final Object Repo/New Registration - Registration Module Pages/Third Screen - Upload Supporting Doc- Preview/Save n Continue in SIP Employee Listing Page' is clicked on

2018-12-12 13:43:59 - [TEST_STEP][PASSED] - delay: Delayed 7 second(s)

2018-12-12 13:44:06 - [MESSAGE][PASSED] - Delayed 7 second(s)

2018-12-12 13:44:06 - [TEST_STEP][PASSED] - click: Object: 'Object Repository/Final Object Repo/New Registration - Registration Module Pages/Third Screen - Upload Supporting Doc- Preview/Add Document Button' is clicked on

2018-12-12 13:44:06 - [MESSAGE][PASSED] - Object: 'Object Repository/Final Object Repo/New Registration - Registration Module Pages/Third Screen - Upload Supporting Doc- Preview/Add Document Button' is clicked on

2018-12-12 13:44:06 - [TEST_STEP][PASSED] - delay: Delayed 30 second(s)

2018-12-12 13:44:36 - [MESSAGE][PASSED] - Delayed 30 second(s)

2018-12-12 13:44:36 - [TEST_STEP][PASSED] - click: Object: 'Object Repository/Final Object Repo/New Registration - Registration Module Pages/Third Screen - Upload Supporting Doc- Preview/Supporting Doc Please Select Drop Down' is clicked on

2018-12-12 13:44:36 - [MESSAGE][PASSED] - Object: 'Object Repository/Final Object Repo/New Registration - Registration Module Pages/Third Screen - Upload Supporting Doc- Preview/Supporting Doc Please Select Drop Down' is clicked on

2018-12-12 13:44:36 - [TEST_STEP][PASSED] - delay: Delayed 2 second(s)

2018-12-12 13:44:38 - [MESSAGE][PASSED] - Delayed 2 second(s)

2018-12-12 13:44:38 - [TEST_STEP][PASSED] - click: Object: 'Object Repository/Final Object Repo/New Registration - Registration Module Pages/Third Screen - Upload Supporting Doc- Preview/Select to Upload Form 1' is clicked on

2018-12-12 13:44:38 - [MESSAGE][PASSED] - Object: 'Object Repository/Final Object Repo/New Registration - Registration Module Pages/Third Screen - Upload Supporting Doc- Preview/Select to Upload Form 1' is clicked on

2018-12-12 13:44:38 - [TEST_STEP][PASSED] - delay: Delayed 2 second(s)

2018-12-12 13:44:40 - [MESSAGE][PASSED] - Delayed 2 second(s)

2018-12-12 13:44:40 - [TEST_STEP][PASSED] - uploadFile: File 'C:\Users\Public\Pictures\Sample Pictures\Koala.jpg' sent to object: 'Object Repository/Final Object Repo/New Registration - Registration Module Pages/Third Screen - Upload Supporting Doc- Preview/Upload File Adding'

2018-12-12 13:44:40 - [MESSAGE][PASSED] - File 'C:\Users\Public\Pictures\Sample Pictures\Koala.jpg' sent to object: 'Object Repository/Final Object Repo/New Registration - Registration Module Pages/Third Screen - Upload Supporting Doc- Preview/Upload File Adding'

2018-12-12 13:44:40 - [TEST_STEP][PASSED] - delay: Delayed 5 second(s)

2018-12-12 13:44:45 - [MESSAGE][PASSED] - Delayed 5 second(s)

2018-12-12 13:44:45 - [TEST_STEP][PASSED] - click: Object: 'Object Repository/Final Object Repo/New Registration - Registration Module Pages/Third Screen - Upload Supporting Doc- Preview/Inner Form Add Document Button' is clicked on

2018-12-12 13:44:46 - [MESSAGE][PASSED] - Object: 'Object Repository/Final Object Repo/New Registration - Registration Module Pages/Third Screen - Upload Supporting Doc- Preview/Inner Form Add Document Button' is clicked on

2018-12-12 13:44:46 - [TEST_STEP][PASSED] - delay: Delayed 3 second(s)

2018-12-12 13:44:49 - [MESSAGE][PASSED] - Delayed 3 second(s)

2018-12-12 13:44:49 - [TEST_STEP][PASSED] - click: Object: 'Object Repository/Final Object Repo/New Registration - Registration Module Pages/Third Screen - Upload Supporting Doc- Preview/Add Document Button' is clicked on

2018-12-12 13:44:50 - [MESSAGE][PASSED] - Object: 'Object Repository/Final Object Repo/New Registration - Registration Module Pages/Third Screen - Upload Supporting Doc- Preview/Add Document Button' is clicked on

2018-12-12 13:44:50 - [TEST_STEP][PASSED] - delay: Delayed 30 second(s)

2018-12-12 13:45:20 - [MESSAGE][PASSED] - Delayed 30 second(s)

2018-12-12 13:45:20 - [TEST_STEP][PASSED] - click: Object: 'Object Repository/Final Object Repo/New Registration - Registration Module Pages/Third Screen - Upload Supporting Doc- Preview/Supporting Doc Please Select Drop Down' is clicked on

2018-12-12 13:45:20 - [MESSAGE][PASSED] - Object: 'Object Repository/Final Object Repo/New Registration - Registration Module Pages/Third Screen - Upload Supporting Doc- Preview/Supporting Doc Please Select Drop Down' is clicked on

2018-12-12 13:45:20 - [TEST_STEP][PASSED] - delay: Delayed 4 second(s)

2018-12-12 13:45:24 - [MESSAGE][PASSED] - Delayed 4 second(s)

2018-12-12 13:45:24 - [TEST_STEP][PASSED] - click: Object: 'Object Repository/Final Object Repo/New Registration - Registration Module Pages/Third Screen - Upload Supporting Doc- Preview/Select to Upload Form 2' is clicked on

2018-12-12 13:45:24 - [MESSAGE][PASSED] - Object: 'Object Repository/Final Object Repo/New Registration - Registration Module Pages/Third Screen - Upload Supporting Doc- Preview/Select to Upload Form 2' is clicked on

2018-12-12 13:45:24 - [TEST_STEP][PASSED] - delay: Delayed 2 second(s)

2018-12-12 13:45:26 - [MESSAGE][PASSED] - Delayed 2 second(s)

2018-12-12 13:45:26 - [TEST_STEP][PASSED] - uploadFile: File 'C:\Users\Public\Pictures\Sample Pictures\Koala.jpg' sent to object: 'Object Repository/Final Object Repo/New Registration - Registration Module Pages/Third Screen - Upload Supporting Doc- Preview/Upload File Adding'

2018-12-12 13:45:26 - [MESSAGE][PASSED] - File 'C:\Users\Public\Pictures\Sample Pictures\Koala.jpg' sent to object: 'Object Repository/Final Object Repo/New Registration - Registration Module Pages/Third Screen - Upload Supporting Doc- Preview/Upload File Adding'

2018-12-12 13:45:26 - [TEST_STEP][PASSED] - click: Object: 'Object Repository/Final Object Repo/New Registration - Registration Module Pages/Third Screen - Upload Supporting Doc- Preview/Inner Form Add Document Button' is clicked on

2018-12-12 13:45:27 - [MESSAGE][PASSED] - Object: 'Object Repository/Final Object Repo/New Registration - Registration Module Pages/Third Screen - Upload Supporting Doc- Preview/Inner Form Add Document Button' is clicked on

2018-12-12 13:45:27 - [TEST_STEP][PASSED] - delay: Delayed 5 second(s)

2018-12-12 13:45:32 - [MESSAGE][PASSED] - Delayed 5 second(s)

2018-12-12 13:45:32 - [TEST_STEP][PASSED] - click: Object: 'Object Repository/Final Object Repo/New Registration - Registration Module Pages/Third Screen - Upload Supporting Doc- Preview/Add Document Button' is clicked on

2018-12-12 13:45:32 - [MESSAGE][PASSED] - Object: 'Object Repository/Final Object Repo/New Registration - Registration Module Pages/Third Screen - Upload Supporting Doc- Preview/Add Document Button' is clicked on

2018-12-12 13:45:32 - [TEST_STEP][PASSED] - delay: Delayed 30 second(s)

2018-12-12 13:46:02 - [MESSAGE][PASSED] - Delayed 30 second(s)

2018-12-12 13:46:02 - [TEST_STEP][PASSED] - click: Object: 'Object Repository/Final Object Repo/New Registration - Registration Module Pages/Third Screen - Upload Supporting Doc- Preview/Supporting Doc Please Select Drop Down' is clicked on

2018-12-12 13:46:02 - [MESSAGE][PASSED] - Object: 'Object Repository/Final Object Repo/New Registration - Registration Module Pages/Third Screen - Upload Supporting Doc- Preview/Supporting Doc Please Select Drop Down' is clicked on

2018-12-12 13:46:02 - [TEST_STEP][PASSED] - click: Object: 'Object Repository/Final Object Repo/New Registration - Registration Module Pages/Third Screen - Upload Supporting Doc- Preview/Select to Upload Borang SIP 1' is clicked on

2018-12-12 13:46:02 - [MESSAGE][PASSED] - Object: 'Object Repository/Final Object Repo/New Registration - Registration Module Pages/Third Screen - Upload Supporting Doc- Preview/Select to Upload Borang SIP 1' is clicked on

2018-12-12 13:46:02 - [TEST_STEP][PASSED] - delay: Delayed 2 second(s)

2018-12-12 13:46:04 - [MESSAGE][PASSED] - Delayed 2 second(s)

2018-12-12 13:46:04 - [TEST_STEP][PASSED] - uploadFile: File 'C:\Users\Public\Pictures\Sample Pictures\Koala.jpg' sent to object: 'Object Repository/Final Object Repo/New Registration - Registration Module Pages/Third Screen - Upload Supporting Doc- Preview/Upload File Adding'

2018-12-12 13:46:04 - [MESSAGE][PASSED] - File 'C:\Users\Public\Pictures\Sample Pictures\Koala.jpg' sent to object: 'Object Repository/Final Object Repo/New Registration - Registration Module Pages/Third Screen - Upload Supporting Doc- Preview/Upload File Adding'

2018-12-12 13:46:04 - [TEST_STEP][PASSED] - click: Object: 'Object Repository/Final Object Repo/New Registration - Registration Module Pages/Third Screen - Upload Supporting Doc- Preview/Inner Form Add Document Button' is clicked on

2018-12-12 13:46:04 - [MESSAGE][PASSED] - Object: 'Object Repository/Final Object Repo/New Registration - Registration Module Pages/Third Screen - Upload Supporting Doc- Preview/Inner Form Add Document Button' is clicked on

2018-12-12 13:46:04 - [TEST_STEP][PASSED] - delay: Delayed 5 second(s)

2018-12-12 13:46:09 - [MESSAGE][PASSED] - Delayed 5 second(s)

2018-12-12 13:46:09 - [TEST_STEP][PASSED] - click: Object: 'Object Repository/Final Object Repo/New Registration - Registration Module Pages/Third Screen - Upload Supporting Doc- Preview/Add Document Button' is clicked on

2018-12-12 13:46:10 - [MESSAGE][PASSED] - Object: 'Object Repository/Final Object Repo/New Registration - Registration Module Pages/Third Screen - Upload Supporting Doc- Preview/Add Document Button' is clicked on

2018-12-12 13:46:10 - [TEST_STEP][PASSED] - delay: Delayed 30 second(s)

2018-12-12 13:46:40 - [MESSAGE][PASSED] - Delayed 30 second(s)

2018-12-12 13:46:40 - [TEST_STEP][PASSED] - click: Object: 'Object Repository/Final Object Repo/New Registration - Registration Module Pages/Third Screen - Upload Supporting Doc- Preview/Supporting Doc Please Select Drop Down' is clicked on

2018-12-12 13:46:40 - [MESSAGE][PASSED] - Object: 'Object Repository/Final Object Repo/New Registration - Registration Module Pages/Third Screen - Upload Supporting Doc- Preview/Supporting Doc Please Select Drop Down' is clicked on

2018-12-12 13:46:40 - [TEST_STEP][PASSED] - delay: Delayed 3 second(s)

2018-12-12 13:46:43 - [MESSAGE][PASSED] - Delayed 3 second(s)

2018-12-12 13:46:43 - [TEST_STEP][PASSED] - click: Object: 'Object Repository/Final Object Repo/New Registration - Registration Module Pages/Third Screen - Upload Supporting Doc- Preview/Select to Upload Borang SIP 2' is clicked on

2018-12-12 13:46:43 - [MESSAGE][PASSED] - Object: 'Object Repository/Final Object Repo/New Registration - Registration Module Pages/Third Screen - Upload Supporting Doc- Preview/Select to Upload Borang SIP 2' is clicked on

2018-12-12 13:46:43 - [TEST_STEP][PASSED] - delay: Delayed 2 second(s)

2018-12-12 13:46:45 - [MESSAGE][PASSED] - Delayed 2 second(s)

2018-12-12 13:46:45 - [TEST_STEP][PASSED] - uploadFile: File 'C:\Users\Public\Pictures\Sample Pictures\Koala.jpg' sent to object: 'Object Repository/Final Object Repo/New Registration - Registration Module Pages/Third Screen - Upload Supporting Doc- Preview/Upload File Adding'

2018-12-12 13:46:45 - [MESSAGE][PASSED] - File 'C:\Users\Public\Pictures\Sample Pictures\Koala.jpg' sent to object: 'Object Repository/Final Object Repo/New Registration - Registration Module Pages/Third Screen - Upload Supporting Doc- Preview/Upload File Adding'

2018-12-12 13:46:45 - [TEST_STEP][PASSED] - delay: Delayed 5 second(s)

2018-12-12 13:46:50 - [MESSAGE][PASSED] - Delayed 5 second(s)

2018-12-12 13:46:50 - [TEST_STEP][PASSED] - click: Object: 'Object Repository/Final Object Repo/New Registration - Registration Module Pages/Third Screen - Upload Supporting Doc- Preview/Inner Form Add Document Button' is clicked on

2018-12-12 13:46:50 - [MESSAGE][PASSED] - Object: 'Object Repository/Final Object Repo/New Registration - Registration Module Pages/Third Screen - Upload Supporting Doc- Preview/Inner Form Add Document Button' is clicked on

2018-12-12 13:46:50 - [TEST_STEP][PASSED] - delay: Delayed 3 second(s)

2018-12-12 13:46:53 - [MESSAGE][PASSED] - Delayed 3 second(s)

2018-12-12 13:46:53 - [TEST_STEP][PASSED] - waitForElementClickable: Object 'Object Repository/Final Object Repo/New Registration - Registration Module Pages/Third Screen - Upload Supporting Doc- Preview/Save n Continue in Uploading Supporting Doc Page' is clickable

2018-12-12 13:46:55 - [MESSAGE][PASSED] - Object 'Object Repository/Final Object Repo/New Registration - Registration Module Pages/Third Screen - Upload Supporting Doc- Preview/Save n Continue in Uploading Supporting Doc Page' is clickable

2018-12-12 13:46:55 - [TEST_STEP][PASSED] - click: Object: 'Object Repository/Final Object Repo/New Registration - Registration Module Pages/Third Screen - Upload Supporting Doc- Preview/Save n Continue in Uploading Supporting Doc Page' is clicked on

2018-12-12 13:46:55 - [MESSAGE][PASSED] - Object: 'Object Repository/Final Object Repo/New Registration - Registration Module Pages/Third Screen - Upload Supporting Doc- Preview/Save n Continue in Uploading Supporting Doc Page' is clicked on

2018-12-12 13:46:55 - [MESSAGE][PASSED] - Call Test Case 'Test Cases/Final Aug 2018 - PKS Automation/Registration Module/New Registration/Flow of New Registration/Third Screen - Upload Supporting Doc - Preview' successfully

2018-12-12 13:46:55 - [TEST_STEP][PASSED] - callTestCase: Call Test Case 'Test Cases/Final Aug 2018 - PKS Automation/Registration Module/New Registration/Submit and Screenshot/Submit Registration and Screenshot' successfully

2018-12-12 13:46:55 - [TEST_CASE][PASSED] - Test Cases/Final Aug 2018 - PKS Automation/Registration Module/New Registration/Submit and Screenshot/Submit Registration and Screenshot: Test Cases/Final Aug 2018 - PKS Automation/Registration Module/New Registration/Submit and Screenshot/Submit Registration and Screenshot

2018-12-12 13:46:55 - [TEST_STEP][PASSED] - delay: Delayed 6 second(s)

2018-12-12 13:47:01 - [MESSAGE][PASSED] - Delayed 6 second(s)

2018-12-12 13:47:01 - [TEST_STEP][PASSED] - click: Object: 'Object Repository/Final Object Repo/New Registration - Registration Module Pages/Third Screen - Upload Supporting Doc- Preview/Preview Submit Button' is clicked on

2018-12-12 13:47:01 - [MESSAGE][PASSED] - Object: 'Object Repository/Final Object Repo/New Registration - Registration Module Pages/Third Screen - Upload Supporting Doc- Preview/Preview Submit Button' is clicked on

2018-12-12 13:47:01 - [TEST_STEP][PASSED] - delay: Delayed 2 second(s)

2018-12-12 13:47:03 - [MESSAGE][PASSED] - Delayed 2 second(s)

2018-12-12 13:47:03 - [TEST_STEP][PASSED] - click: Object: 'Object Repository/Final Object Repo/New Registration - Registration Module Pages/Third Screen - Upload Supporting Doc- Preview/Preview Submit - Confirm' is clicked on

2018-12-12 13:47:03 - [MESSAGE][PASSED] - Object: 'Object Repository/Final Object Repo/New Registration - Registration Module Pages/Third Screen - Upload Supporting Doc- Preview/Preview Submit - Confirm' is clicked on

2018-12-12 13:47:03 - [TEST_STEP][PASSED] - delay: Delayed 15 second(s)

2018-12-12 13:47:18 - [MESSAGE][PASSED] - Delayed 15 second(s)

2018-12-12 13:47:18 - [TEST_STEP][PASSED] - Statement - driver = com.kms.katalon.core.webui.driver.DriverFactory.getWebDriver(): null

2018-12-12 13:47:18 - [TEST_STEP][PASSED] - Statement - driver.manage().timeouts().implicitlyWait(10, SECONDS): null

2018-12-12 13:47:18 - [TEST_STEP][PASSED] - Statement - PresavePath = KatalonScreenshots: null

2018-12-12 13:47:18 - [TEST_STEP][PASSED] - Statement - pathPrefix = "C:\Users\Public\Pictures\Sample Pictures\Katalon Screenshots\Automate Ending Screen": null

2018-12-12 13:47:18 - [TEST_STEP][PASSED] - Statement - finalPath = <not implemented yet for class: org.codehaus.groovy.ast.expr.EmptyExpression>: null

2018-12-12 13:47:18 - [TEST_STEP][PASSED] - Statement - scrFile = driver.getScreenshotAs(FILE): null

2018-12-12 13:47:18 - [TEST_STEP][PASSED] - Statement - PreSaveFile = new java.io.File(PresavePath): null

2018-12-12 13:47:18 - [TEST_STEP][PASSED] - Statement - counter = 0: null

2018-12-12 13:47:18 - [TEST_STEP][PASSED] - Statement - If (PreSaveFile.exists()): null

2018-12-12 13:47:18 - [TEST_STEP][PASSED] - Statement - While (PreSaveFile.exists()): null

2018-12-12 13:47:18 - [TEST_STEP][PASSED] - Statement - counter = counter + 1: null

2018-12-12 13:47:18 - [TEST_STEP][PASSED] - Statement - PreSaveFile = new java.io.File(((pathPrefix + java.lang.Integer.toString(counter)) + .png)): null

2018-12-12 13:47:18 - [TEST_STEP][PASSED] - Statement - counter = counter + 1: null

2018-12-12 13:47:18 - [TEST_STEP][PASSED] - Statement - PreSaveFile = new java.io.File(((pathPrefix + java.lang.Integer.toString(counter)) + .png)): null

2018-12-12 13:47:18 - [TEST_STEP][PASSED] - Statement - counter = counter + 1: null

2018-12-12 13:47:18 - [TEST_STEP][PASSED] - Statement - PreSaveFile = new java.io.File(((pathPrefix + java.lang.Integer.toString(counter)) + .png)): null

2018-12-12 13:47:18 - [TEST_STEP][PASSED] - Statement - counter = counter + 1: null

2018-12-12 13:47:18 - [TEST_STEP][PASSED] - Statement - PreSaveFile = new java.io.File(((pathPrefix + java.lang.Integer.toString(counter)) + .png)): null

2018-12-12 13:47:18 - [TEST_STEP][PASSED] - Statement - counter = counter + 1: null

2018-12-12 13:47:18 - [TEST_STEP][PASSED] - Statement - PreSaveFile = new java.io.File(((pathPrefix + java.lang.Integer.toString(counter)) + .png)): null

2018-12-12 13:47:18 - [TEST_STEP][PASSED] - Statement - counter = counter + 1: null

2018-12-12 13:47:18 - [TEST_STEP][PASSED] - Statement - PreSaveFile = new java.io.File(((pathPrefix + java.lang.Integer.toString(counter)) + .png)): null

2018-12-12 13:47:18 - [TEST_STEP][PASSED] - Statement - counter = counter + 1: null

2018-12-12 13:47:18 - [TEST_STEP][PASSED] - Statement - PreSaveFile = new java.io.File(((pathPrefix + java.lang.Integer.toString(counter)) + .png)): null

2018-12-12 13:47:18 - [TEST_STEP][PASSED] - Statement - counter = counter + 1: null

2018-12-12 13:47:18 - [TEST_STEP][PASSED] - Statement - PreSaveFile = new java.io.File(((pathPrefix + java.lang.Integer.toString(counter)) + .png)): null

2018-12-12 13:47:18 - [TEST_STEP][PASSED] - Statement - counter = counter + 1: null

2018-12-12 13:47:18 - [TEST_STEP][PASSED] - Statement - PreSaveFile = new java.io.File(((pathPrefix + java.lang.Integer.toString(counter)) + .png)): null

2018-12-12 13:47:18 - [TEST_STEP][PASSED] - Statement - counter = counter + 1: null

2018-12-12 13:47:18 - [TEST_STEP][PASSED] - Statement - PreSaveFile = new java.io.File(((pathPrefix + java.lang.Integer.toString(counter)) + .png)): null

2018-12-12 13:47:18 - [TEST_STEP][PASSED] - Statement - counter = counter + 1: null

2018-12-12 13:47:18 - [TEST_STEP][PASSED] - Statement - PreSaveFile = new java.io.File(((pathPrefix + java.lang.Integer.toString(counter)) + .png)): null

2018-12-12 13:47:18 - [TEST_STEP][PASSED] - Statement - counter = counter + 1: null

2018-12-12 13:47:18 - [TEST_STEP][PASSED] - Statement - PreSaveFile = new java.io.File(((pathPrefix + java.lang.Integer.toString(counter)) + .png)): null

2018-12-12 13:47:18 - [TEST_STEP][PASSED] - Statement - counter = counter + 1: null

2018-12-12 13:47:18 - [TEST_STEP][PASSED] - Statement - PreSaveFile = new java.io.File(((pathPrefix + java.lang.Integer.toString(counter)) + .png)): null

2018-12-12 13:47:18 - [TEST_STEP][PASSED] - Statement - counter = counter + 1: null

2018-12-12 13:47:18 - [TEST_STEP][PASSED] - Statement - PreSaveFile = new java.io.File(((pathPrefix + java.lang.Integer.toString(counter)) + .png)): null

2018-12-12 13:47:18 - [TEST_STEP][PASSED] - Statement - counter = counter + 1: null

2018-12-12 13:47:18 - [TEST_STEP][PASSED] - Statement - PreSaveFile = new java.io.File(((pathPrefix + java.lang.Integer.toString(counter)) + .png)): null

2018-12-12 13:47:18 - [TEST_STEP][PASSED] - Statement - counter = counter + 1: null

2018-12-12 13:47:18 - [TEST_STEP][PASSED] - Statement - PreSaveFile = new java.io.File(((pathPrefix + java.lang.Integer.toString(counter)) + .png)): null

2018-12-12 13:47:18 - [TEST_STEP][PASSED] - Statement - counter = counter + 1: null

2018-12-12 13:47:18 - [TEST_STEP][PASSED] - Statement - PreSaveFile = new java.io.File(((pathPrefix + java.lang.Integer.toString(counter)) + .png)): null

2018-12-12 13:47:18 - [TEST_STEP][PASSED] - Statement - counter = counter + 1: null

2018-12-12 13:47:18 - [TEST_STEP][PASSED] - Statement - PreSaveFile = new java.io.File(((pathPrefix + java.lang.Integer.toString(counter)) + .png)): null

2018-12-12 13:47:18 - [TEST_STEP][PASSED] - Statement - counter = counter + 1: null

2018-12-12 13:47:18 - [TEST_STEP][PASSED] - Statement - PreSaveFile = new java.io.File(((pathPrefix + java.lang.Integer.toString(counter)) + .png)): null

2018-12-12 13:47:18 - [TEST_STEP][PASSED] - Statement - counter = counter + 1: null

2018-12-12 13:47:18 - [TEST_STEP][PASSED] - Statement - PreSaveFile = new java.io.File(((pathPrefix + java.lang.Integer.toString(counter)) + .png)): null

2018-12-12 13:47:18 - [TEST_STEP][PASSED] - Statement - counter = counter + 1: null

2018-12-12 13:47:18 - [TEST_STEP][PASSED] - Statement - PreSaveFile = new java.io.File(((pathPrefix + java.lang.Integer.toString(counter)) + .png)): null

2018-12-12 13:47:18 - [TEST_STEP][PASSED] - Statement - counter = counter + 1: null

2018-12-12 13:47:18 - [TEST_STEP][PASSED] - Statement - PreSaveFile = new java.io.File(((pathPrefix + java.lang.Integer.toString(counter)) + .png)): null

2018-12-12 13:47:19 - [TEST_STEP][PASSED] - Statement - counter = counter + 1: null

2018-12-12 13:47:19 - [TEST_STEP][PASSED] - Statement - PreSaveFile = new java.io.File(((pathPrefix + java.lang.Integer.toString(counter)) + .png)): null

2018-12-12 13:47:19 - [TEST_STEP][PASSED] - Statement - counter = counter + 1: null

2018-12-12 13:47:19 - [TEST_STEP][PASSED] - Statement - PreSaveFile = new java.io.File(((pathPrefix + java.lang.Integer.toString(counter)) + .png)): null

2018-12-12 13:47:19 - [TEST_STEP][PASSED] - Statement - counter = counter + 1: null

2018-12-12 13:47:19 - [TEST_STEP][PASSED] - Statement - PreSaveFile = new java.io.File(((pathPrefix + java.lang.Integer.toString(counter)) + .png)): null

2018-12-12 13:47:19 - [TEST_STEP][PASSED] - Statement - counter = counter + 1: null

2018-12-12 13:47:19 - [TEST_STEP][PASSED] - Statement - PreSaveFile = new java.io.File(((pathPrefix + java.lang.Integer.toString(counter)) + .png)): null

2018-12-12 13:47:19 - [TEST_STEP][PASSED] - Statement - counter = counter + 1: null

2018-12-12 13:47:19 - [TEST_STEP][PASSED] - Statement - PreSaveFile = new java.io.File(((pathPrefix + java.lang.Integer.toString(counter)) + .png)): null

2018-12-12 13:47:19 - [TEST_STEP][PASSED] - Statement - counter = counter + 1: null

2018-12-12 13:47:19 - [TEST_STEP][PASSED] - Statement - PreSaveFile = new java.io.File(((pathPrefix + java.lang.Integer.toString(counter)) + .png)): null

2018-12-12 13:47:19 - [TEST_STEP][PASSED] - Statement - counter = counter + 1: null

2018-12-12 13:47:19 - [TEST_STEP][PASSED] - Statement - PreSaveFile = new java.io.File(((pathPrefix + java.lang.Integer.toString(counter)) + .png)): null

2018-12-12 13:47:19 - [TEST_STEP][PASSED] - Statement - counter = counter + 1: null

2018-12-12 13:47:19 - [TEST_STEP][PASSED] - Statement - PreSaveFile = new java.io.File(((pathPrefix + java.lang.Integer.toString(counter)) + .png)): null

2018-12-12 13:47:19 - [TEST_STEP][PASSED] - Statement - counter = counter + 1: null

2018-12-12 13:47:19 - [TEST_STEP][PASSED] - Statement - PreSaveFile = new java.io.File(((pathPrefix + java.lang.Integer.toString(counter)) + .png)): null

2018-12-12 13:47:19 - [TEST_STEP][PASSED] - Statement - counter = counter + 1: null

2018-12-12 13:47:19 - [TEST_STEP][PASSED] - Statement - PreSaveFile = new java.io.File(((pathPrefix + java.lang.Integer.toString(counter)) + .png)): null

2018-12-12 13:47:19 - [TEST_STEP][PASSED] - Statement - counter = counter + 1: null

2018-12-12 13:47:19 - [TEST_STEP][PASSED] - Statement - PreSaveFile = new java.io.File(((pathPrefix + java.lang.Integer.toString(counter)) + .png)): null

2018-12-12 13:47:19 - [TEST_STEP][PASSED] - Statement - counter = counter + 1: null

2018-12-12 13:47:19 - [TEST_STEP][PASSED] - Statement - PreSaveFile = new java.io.File(((pathPrefix + java.lang.Integer.toString(counter)) + .png)): null

2018-12-12 13:47:19 - [TEST_STEP][PASSED] - Statement - counter = counter + 1: null

2018-12-12 13:47:19 - [TEST_STEP][PASSED] - Statement - PreSaveFile = new java.io.File(((pathPrefix + java.lang.Integer.toString(counter)) + .png)): null

2018-12-12 13:47:19 - [TEST_STEP][PASSED] - Statement - counter = counter + 1: null

2018-12-12 13:47:19 - [TEST_STEP][PASSED] - Statement - PreSaveFile = new java.io.File(((pathPrefix + java.lang.Integer.toString(counter)) + .png)): null

2018-12-12 13:47:19 - [TEST_STEP][PASSED] - Statement - counter = counter + 1: null

2018-12-12 13:47:19 - [TEST_STEP][PASSED] - Statement - PreSaveFile = new java.io.File(((pathPrefix + java.lang.Integer.toString(counter)) + .png)): null

2018-12-12 13:47:19 - [TEST_STEP][PASSED] - Statement - counter = counter + 1: null

2018-12-12 13:47:19 - [TEST_STEP][PASSED] - Statement - PreSaveFile = new java.io.File(((pathPrefix + java.lang.Integer.toString(counter)) + .png)): null

2018-12-12 13:47:19 - [TEST_STEP][PASSED] - Statement - counter = counter + 1: null

2018-12-12 13:47:19 - [TEST_STEP][PASSED] - Statement - PreSaveFile = new java.io.File(((pathPrefix + java.lang.Integer.toString(counter)) + .png)): null

2018-12-12 13:47:19 - [TEST_STEP][PASSED] - Statement - counter = counter + 1: null

2018-12-12 13:47:19 - [TEST_STEP][PASSED] - Statement - PreSaveFile = new java.io.File(((pathPrefix + java.lang.Integer.toString(counter)) + .png)): null

2018-12-12 13:47:19 - [TEST_STEP][PASSED] - Statement - counter = counter + 1: null

2018-12-12 13:47:19 - [TEST_STEP][PASSED] - Statement - PreSaveFile = new java.io.File(((pathPrefix + java.lang.Integer.toString(counter)) + .png)): null

2018-12-12 13:47:19 - [TEST_STEP][PASSED] - Statement - counter = counter + 1: null

2018-12-12 13:47:19 - [TEST_STEP][PASSED] - Statement - PreSaveFile = new java.io.File(((pathPrefix + java.lang.Integer.toString(counter)) + .png)): null

2018-12-12 13:47:19 - [TEST_STEP][PASSED] - Statement - counter = counter + 1: null

2018-12-12 13:47:19 - [TEST_STEP][PASSED] - Statement - PreSaveFile = new java.io.File(((pathPrefix + java.lang.Integer.toString(counter)) + .png)): null

2018-12-12 13:47:19 - [TEST_STEP][PASSED] - Statement - counter = counter + 1: null

2018-12-12 13:47:19 - [TEST_STEP][PASSED] - Statement - PreSaveFile = new java.io.File(((pathPrefix + java.lang.Integer.toString(counter)) + .png)): null

2018-12-12 13:47:19 - [TEST_STEP][PASSED] - Statement - counter = counter + 1: null

2018-12-12 13:47:19 - [TEST_STEP][PASSED] - Statement - PreSaveFile = new java.io.File(((pathPrefix + java.lang.Integer.toString(counter)) + .png)): null

2018-12-12 13:47:19 - [TEST_STEP][PASSED] - Statement - counter = counter + 1: null

2018-12-12 13:47:19 - [TEST_STEP][PASSED] - Statement - PreSaveFile = new java.io.File(((pathPrefix + java.lang.Integer.toString(counter)) + .png)): null

2018-12-12 13:47:19 - [TEST_STEP][PASSED] - Statement - counter = counter + 1: null

2018-12-12 13:47:19 - [TEST_STEP][PASSED] - Statement - PreSaveFile = new java.io.File(((pathPrefix + java.lang.Integer.toString(counter)) + .png)): null

2018-12-12 13:47:19 - [TEST_STEP][PASSED] - Statement - counter = counter + 1: null

2018-12-12 13:47:19 - [TEST_STEP][PASSED] - Statement - PreSaveFile = new java.io.File(((pathPrefix + java.lang.Integer.toString(counter)) + .png)): null

2018-12-12 13:47:19 - [TEST_STEP][PASSED] - Statement - counter = counter + 1: null

2018-12-12 13:47:19 - [TEST_STEP][PASSED] - Statement - PreSaveFile = new java.io.File(((pathPrefix + java.lang.Integer.toString(counter)) + .png)): null

2018-12-12 13:47:19 - [TEST_STEP][PASSED] - Statement - counter = counter + 1: null

2018-12-12 13:47:19 - [TEST_STEP][PASSED] - Statement - PreSaveFile = new java.io.File(((pathPrefix + java.lang.Integer.toString(counter)) + .png)): null

2018-12-12 13:47:19 - [TEST_STEP][PASSED] - Statement - counter = counter + 1: null

2018-12-12 13:47:19 - [TEST_STEP][PASSED] - Statement - PreSaveFile = new java.io.File(((pathPrefix + java.lang.Integer.toString(counter)) + .png)): null

2018-12-12 13:47:19 - [TEST_STEP][PASSED] - Statement - counter = counter + 1: null

2018-12-12 13:47:19 - [TEST_STEP][PASSED] - Statement - PreSaveFile = new java.io.File(((pathPrefix + java.lang.Integer.toString(counter)) + .png)): null

2018-12-12 13:47:19 - [TEST_STEP][PASSED] - Statement - counter = counter + 1: null

2018-12-12 13:47:19 - [TEST_STEP][PASSED] - Statement - PreSaveFile = new java.io.File(((pathPrefix + java.lang.Integer.toString(counter)) + .png)): null

2018-12-12 13:47:19 - [TEST_STEP][PASSED] - Statement - counter = counter + 1: null

2018-12-12 13:47:19 - [TEST_STEP][PASSED] - Statement - PreSaveFile = new java.io.File(((pathPrefix + java.lang.Integer.toString(counter)) + .png)): null

2018-12-12 13:47:19 - [TEST_STEP][PASSED] - Statement - counter = counter + 1: null

2018-12-12 13:47:19 - [TEST_STEP][PASSED] - Statement - PreSaveFile = new java.io.File(((pathPrefix + java.lang.Integer.toString(counter)) + .png)): null

2018-12-12 13:47:19 - [TEST_STEP][PASSED] - Statement - counter = counter + 1: null

2018-12-12 13:47:19 - [TEST_STEP][PASSED] - Statement - PreSaveFile = new java.io.File(((pathPrefix + java.lang.Integer.toString(counter)) + .png)): null

2018-12-12 13:47:19 - [TEST_STEP][PASSED] - Statement - counter = counter + 1: null

2018-12-12 13:47:19 - [TEST_STEP][PASSED] - Statement - PreSaveFile = new java.io.File(((pathPrefix + java.lang.Integer.toString(counter)) + .png)): null

2018-12-12 13:47:19 - [TEST_STEP][PASSED] - Statement - counter = counter + 1: null

2018-12-12 13:47:19 - [TEST_STEP][PASSED] - Statement - PreSaveFile = new java.io.File(((pathPrefix + java.lang.Integer.toString(counter)) + .png)): null

2018-12-12 13:47:19 - [TEST_STEP][PASSED] - Statement - counter = counter + 1: null

2018-12-12 13:47:19 - [TEST_STEP][PASSED] - Statement - PreSaveFile = new java.io.File(((pathPrefix + java.lang.Integer.toString(counter)) + .png)): null

2018-12-12 13:47:19 - [TEST_STEP][PASSED] - Statement - counter = counter + 1: null

2018-12-12 13:47:19 - [TEST_STEP][PASSED] - Statement - PreSaveFile = new java.io.File(((pathPrefix + java.lang.Integer.toString(counter)) + .png)): null

2018-12-12 13:47:19 - [TEST_STEP][PASSED] - Statement - counter = counter + 1: null

2018-12-12 13:47:19 - [TEST_STEP][PASSED] - Statement - PreSaveFile = new java.io.File(((pathPrefix + java.lang.Integer.toString(counter)) + .png)): null

2018-12-12 13:47:19 - [TEST_STEP][PASSED] - Statement - counter = counter + 1: null

2018-12-12 13:47:19 - [TEST_STEP][PASSED] - Statement - PreSaveFile = new java.io.File(((pathPrefix + java.lang.Integer.toString(counter)) + .png)): null

2018-12-12 13:47:19 - [TEST_STEP][PASSED] - Statement - counter = counter + 1: null

2018-12-12 13:47:19 - [TEST_STEP][PASSED] - Statement - PreSaveFile = new java.io.File(((pathPrefix + java.lang.Integer.toString(counter)) + .png)): null

2018-12-12 13:47:19 - [TEST_STEP][PASSED] - Statement - counter = counter + 1: null

2018-12-12 13:47:19 - [TEST_STEP][PASSED] - Statement - PreSaveFile = new java.io.File(((pathPrefix + java.lang.Integer.toString(counter)) + .png)): null

2018-12-12 13:47:19 - [TEST_STEP][PASSED] - Statement - counter = counter + 1: null

2018-12-12 13:47:19 - [TEST_STEP][PASSED] - Statement - PreSaveFile = new java.io.File(((pathPrefix + java.lang.Integer.toString(counter)) + .png)): null

2018-12-12 13:47:19 - [TEST_STEP][PASSED] - Statement - counter = counter + 1: null

2018-12-12 13:47:19 - [TEST_STEP][PASSED] - Statement - PreSaveFile = new java.io.File(((pathPrefix + java.lang.Integer.toString(counter)) + .png)): null

2018-12-12 13:47:19 - [TEST_STEP][PASSED] - Statement - counter = counter + 1: null

2018-12-12 13:47:19 - [TEST_STEP][PASSED] - Statement - PreSaveFile = new java.io.File(((pathPrefix + java.lang.Integer.toString(counter)) + .png)): null

2018-12-12 13:47:19 - [TEST_STEP][PASSED] - Statement - counter = counter + 1: null

2018-12-12 13:47:19 - [TEST_STEP][PASSED] - Statement - PreSaveFile = new java.io.File(((pathPrefix + java.lang.Integer.toString(counter)) + .png)): null

2018-12-12 13:47:19 - [TEST_STEP][PASSED] - Statement - counter = counter + 1: null

2018-12-12 13:47:19 - [TEST_STEP][PASSED] - Statement - PreSaveFile = new java.io.File(((pathPrefix + java.lang.Integer.toString(counter)) + .png)): null

2018-12-12 13:47:19 - [TEST_STEP][PASSED] - Statement - counter = counter + 1: null

2018-12-12 13:47:19 - [TEST_STEP][PASSED] - Statement - PreSaveFile = new java.io.File(((pathPrefix + java.lang.Integer.toString(counter)) + .png)): null

2018-12-12 13:47:19 - [TEST_STEP][PASSED] - Statement - counter = counter + 1: null

2018-12-12 13:47:19 - [TEST_STEP][PASSED] - Statement - PreSaveFile = new java.io.File(((pathPrefix + java.lang.Integer.toString(counter)) + .png)): null

2018-12-12 13:47:19 - [TEST_STEP][PASSED] - Statement - counter = counter + 1: null

2018-12-12 13:47:19 - [TEST_STEP][PASSED] - Statement - PreSaveFile = new java.io.File(((pathPrefix + java.lang.Integer.toString(counter)) + .png)): null

2018-12-12 13:47:19 - [TEST_STEP][PASSED] - Statement - counter = counter + 1: null

2018-12-12 13:47:19 - [TEST_STEP][PASSED] - Statement - PreSaveFile = new java.io.File(((pathPrefix + java.lang.Integer.toString(counter)) + .png)): null

2018-12-12 13:47:19 - [TEST_STEP][PASSED] - Statement - counter = counter + 1: null

2018-12-12 13:47:19 - [TEST_STEP][PASSED] - Statement - PreSaveFile = new java.io.File(((pathPrefix + java.lang.Integer.toString(counter)) + .png)): null

2018-12-12 13:47:19 - [TEST_STEP][PASSED] - Statement - counter = counter + 1: null

2018-12-12 13:47:19 - [TEST_STEP][PASSED] - Statement - PreSaveFile = new java.io.File(((pathPrefix + java.lang.Integer.toString(counter)) + .png)): null

2018-12-12 13:47:19 - [TEST_STEP][PASSED] - Statement - counter = counter + 1: null

2018-12-12 13:47:19 - [TEST_STEP][PASSED] - Statement - PreSaveFile = new java.io.File(((pathPrefix + java.lang.Integer.toString(counter)) + .png)): null

2018-12-12 13:47:19 - [TEST_STEP][PASSED] - Statement - counter = counter + 1: null

2018-12-12 13:47:19 - [TEST_STEP][PASSED] - Statement - PreSaveFile = new java.io.File(((pathPrefix + java.lang.Integer.toString(counter)) + .png)): null

2018-12-12 13:47:19 - [TEST_STEP][PASSED] - Statement - counter = counter + 1: null

2018-12-12 13:47:19 - [TEST_STEP][PASSED] - Statement - PreSaveFile = new java.io.File(((pathPrefix + java.lang.Integer.toString(counter)) + .png)): null

2018-12-12 13:47:19 - [TEST_STEP][PASSED] - Statement - counter = counter + 1: null

2018-12-12 13:47:19 - [TEST_STEP][PASSED] - Statement - PreSaveFile = new java.io.File(((pathPrefix + java.lang.Integer.toString(counter)) + .png)): null

2018-12-12 13:47:19 - [TEST_STEP][PASSED] - Statement - counter = counter + 1: null

2018-12-12 13:47:19 - [TEST_STEP][PASSED] - Statement - PreSaveFile = new java.io.File(((pathPrefix + java.lang.Integer.toString(counter)) + .png)): null

2018-12-12 13:47:19 - [TEST_STEP][PASSED] - Statement - counter = counter + 1: null

2018-12-12 13:47:19 - [TEST_STEP][PASSED] - Statement - PreSaveFile = new java.io.File(((pathPrefix + java.lang.Integer.toString(counter)) + .png)): null

2018-12-12 13:47:19 - [TEST_STEP][PASSED] - Statement - counter = counter + 1: null

2018-12-12 13:47:19 - [TEST_STEP][PASSED] - Statement - PreSaveFile = new java.io.File(((pathPrefix + java.lang.Integer.toString(counter)) + .png)): null

2018-12-12 13:47:19 - [TEST_STEP][PASSED] - Statement - counter = counter + 1: null

2018-12-12 13:47:19 - [TEST_STEP][PASSED] - Statement - PreSaveFile = new java.io.File(((pathPrefix + java.lang.Integer.toString(counter)) + .png)): null

2018-12-12 13:47:19 - [TEST_STEP][PASSED] - Statement - counter = counter + 1: null

2018-12-12 13:47:19 - [TEST_STEP][PASSED] - Statement - PreSaveFile = new java.io.File(((pathPrefix + java.lang.Integer.toString(counter)) + .png)): null

2018-12-12 13:47:19 - [TEST_STEP][PASSED] - Statement - counter = counter + 1: null

2018-12-12 13:47:19 - [TEST_STEP][PASSED] - Statement - PreSaveFile = new java.io.File(((pathPrefix + java.lang.Integer.toString(counter)) + .png)): null

2018-12-12 13:47:19 - [TEST_STEP][PASSED] - Statement - counter = counter + 1: null

2018-12-12 13:47:19 - [TEST_STEP][PASSED] - Statement - PreSaveFile = new java.io.File(((pathPrefix + java.lang.Integer.toString(counter)) + .png)): null

2018-12-12 13:47:19 - [TEST_STEP][PASSED] - Statement - counter = counter + 1: null

2018-12-12 13:47:19 - [TEST_STEP][PASSED] - Statement - PreSaveFile = new java.io.File(((pathPrefix + java.lang.Integer.toString(counter)) + .png)): null

2018-12-12 13:47:19 - [TEST_STEP][PASSED] - Statement - counter = counter + 1: null

2018-12-12 13:47:19 - [TEST_STEP][PASSED] - Statement - PreSaveFile = new java.io.File(((pathPrefix + java.lang.Integer.toString(counter)) + .png)): null

2018-12-12 13:47:19 - [TEST_STEP][PASSED] - Statement - counter = counter + 1: null

2018-12-12 13:47:19 - [TEST_STEP][PASSED] - Statement - PreSaveFile = new java.io.File(((pathPrefix + java.lang.Integer.toString(counter)) + .png)): null

2018-12-12 13:47:19 - [TEST_STEP][PASSED] - Statement - counter = counter + 1: null

2018-12-12 13:47:19 - [TEST_STEP][PASSED] - Statement - PreSaveFile = new java.io.File(((pathPrefix + java.lang.Integer.toString(counter)) + .png)): null

2018-12-12 13:47:19 - [TEST_STEP][PASSED] - Statement - counter = counter + 1: null

2018-12-12 13:47:19 - [TEST_STEP][PASSED] - Statement - PreSaveFile = new java.io.File(((pathPrefix + java.lang.Integer.toString(counter)) + .png)): null

2018-12-12 13:47:19 - [TEST_STEP][PASSED] - Statement - counter = counter + 1: null

2018-12-12 13:47:19 - [TEST_STEP][PASSED] - Statement - PreSaveFile = new java.io.File(((pathPrefix + java.lang.Integer.toString(counter)) + .png)): null

2018-12-12 13:47:19 - [TEST_STEP][PASSED] - Statement - counter = counter + 1: null

2018-12-12 13:47:19 - [TEST_STEP][PASSED] - Statement - PreSaveFile = new java.io.File(((pathPrefix + java.lang.Integer.toString(counter)) + .png)): null

2018-12-12 13:47:19 - [TEST_STEP][PASSED] - Statement - counter = counter + 1: null

2018-12-12 13:47:19 - [TEST_STEP][PASSED] - Statement - PreSaveFile = new java.io.File(((pathPrefix + java.lang.Integer.toString(counter)) + .png)): null

2018-12-12 13:47:19 - [TEST_STEP][PASSED] - Statement - counter = counter + 1: null

2018-12-12 13:47:19 - [TEST_STEP][PASSED] - Statement - PreSaveFile = new java.io.File(((pathPrefix + java.lang.Integer.toString(counter)) + .png)): null

2018-12-12 13:47:19 - [TEST_STEP][PASSED] - Statement - counter = counter + 1: null

2018-12-12 13:47:19 - [TEST_STEP][PASSED] - Statement - PreSaveFile = new java.io.File(((pathPrefix + java.lang.Integer.toString(counter)) + .png)): null

2018-12-12 13:47:19 - [TEST_STEP][PASSED] - Statement - counter = counter + 1: null

2018-12-12 13:47:19 - [TEST_STEP][PASSED] - Statement - PreSaveFile = new java.io.File(((pathPrefix + java.lang.Integer.toString(counter)) + .png)): null

2018-12-12 13:47:19 - [TEST_STEP][PASSED] - Statement - counter = counter + 1: null

2018-12-12 13:47:19 - [TEST_STEP][PASSED] - Statement - PreSaveFile = new java.io.File(((pathPrefix + java.lang.Integer.toString(counter)) + .png)): null

2018-12-12 13:47:19 - [TEST_STEP][PASSED] - Statement - counter = counter + 1: null

2018-12-12 13:47:19 - [TEST_STEP][PASSED] - Statement - PreSaveFile = new java.io.File(((pathPrefix + java.lang.Integer.toString(counter)) + .png)): null

2018-12-12 13:47:19 - [TEST_STEP][PASSED] - Statement - counter = counter + 1: null

2018-12-12 13:47:19 - [TEST_STEP][PASSED] - Statement - PreSaveFile = new java.io.File(((pathPrefix + java.lang.Integer.toString(counter)) + .png)): null

2018-12-12 13:47:19 - [TEST_STEP][PASSED] - Statement - counter = counter + 1: null

2018-12-12 13:47:19 - [TEST_STEP][PASSED] - Statement - PreSaveFile = new java.io.File(((pathPrefix + java.lang.Integer.toString(counter)) + .png)): null

2018-12-12 13:47:19 - [TEST_STEP][PASSED] - Statement - counter = counter + 1: null

2018-12-12 13:47:19 - [TEST_STEP][PASSED] - Statement - PreSaveFile = new java.io.File(((pathPrefix + java.lang.Integer.toString(counter)) + .png)): null

2018-12-12 13:47:19 - [TEST_STEP][PASSED] - Statement - counter = counter + 1: null

2018-12-12 13:47:19 - [TEST_STEP][PASSED] - Statement - PreSaveFile = new java.io.File(((pathPrefix + java.lang.Integer.toString(counter)) + .png)): null

2018-12-12 13:47:19 - [TEST_STEP][PASSED] - Statement - counter = counter + 1: null

2018-12-12 13:47:19 - [TEST_STEP][PASSED] - Statement - PreSaveFile = new java.io.File(((pathPrefix + java.lang.Integer.toString(counter)) + .png)): null

2018-12-12 13:47:19 - [TEST_STEP][PASSED] - Statement - counter = counter + 1: null

2018-12-12 13:47:19 - [TEST_STEP][PASSED] - Statement - PreSaveFile = new java.io.File(((pathPrefix + java.lang.Integer.toString(counter)) + .png)): null

2018-12-12 13:47:19 - [TEST_STEP][PASSED] - Statement - counter = counter + 1: null

2018-12-12 13:47:19 - [TEST_STEP][PASSED] - Statement - PreSaveFile = new java.io.File(((pathPrefix + java.lang.Integer.toString(counter)) + .png)): null

2018-12-12 13:47:19 - [TEST_STEP][PASSED] - Statement - counter = counter + 1: null

2018-12-12 13:47:19 - [TEST_STEP][PASSED] - Statement - PreSaveFile = new java.io.File(((pathPrefix + java.lang.Integer.toString(counter)) + .png)): null

2018-12-12 13:47:19 - [TEST_STEP][PASSED] - Statement - counter = counter + 1: null

2018-12-12 13:47:19 - [TEST_STEP][PASSED] - Statement - PreSaveFile = new java.io.File(((pathPrefix + java.lang.Integer.toString(counter)) + .png)): null

2018-12-12 13:47:19 - [TEST_STEP][PASSED] - Statement - counter = counter + 1: null

2018-12-12 13:47:19 - [TEST_STEP][PASSED] - Statement - PreSaveFile = new java.io.File(((pathPrefix + java.lang.Integer.toString(counter)) + .png)): null

2018-12-12 13:47:19 - [TEST_STEP][PASSED] - Statement - counter = counter + 1: null

2018-12-12 13:47:19 - [TEST_STEP][PASSED] - Statement - PreSaveFile = new java.io.File(((pathPrefix + java.lang.Integer.toString(counter)) + .png)): null

2018-12-12 13:47:19 - [TEST_STEP][PASSED] - Statement - counter = counter + 1: null

2018-12-12 13:47:19 - [TEST_STEP][PASSED] - Statement - PreSaveFile = new java.io.File(((pathPrefix + java.lang.Integer.toString(counter)) + .png)): null

2018-12-12 13:47:19 - [TEST_STEP][PASSED] - Statement - counter = counter + 1: null

2018-12-12 13:47:19 - [TEST_STEP][PASSED] - Statement - PreSaveFile = new java.io.File(((pathPrefix + java.lang.Integer.toString(counter)) + .png)): null

2018-12-12 13:47:19 - [TEST_STEP][PASSED] - Statement - counter = counter + 1: null

2018-12-12 13:47:19 - [TEST_STEP][PASSED] - Statement - PreSaveFile = new java.io.File(((pathPrefix + java.lang.Integer.toString(counter)) + .png)): null

2018-12-12 13:47:19 - [TEST_STEP][PASSED] - Statement - counter = counter + 1: null

2018-12-12 13:47:19 - [TEST_STEP][PASSED] - Statement - PreSaveFile = new java.io.File(((pathPrefix + java.lang.Integer.toString(counter)) + .png)): null

2018-12-12 13:47:19 - [TEST_STEP][PASSED] - Statement - counter = counter + 1: null

2018-12-12 13:47:19 - [TEST_STEP][PASSED] - Statement - PreSaveFile = new java.io.File(((pathPrefix + java.lang.Integer.toString(counter)) + .png)): null

2018-12-12 13:47:19 - [TEST_STEP][PASSED] - Statement - counter = counter + 1: null

2018-12-12 13:47:19 - [TEST_STEP][PASSED] - Statement - PreSaveFile = new java.io.File(((pathPrefix + java.lang.Integer.toString(counter)) + .png)): null

2018-12-12 13:47:19 - [TEST_STEP][PASSED] - Statement - counter = counter + 1: null

2018-12-12 13:47:19 - [TEST_STEP][PASSED] - Statement - PreSaveFile = new java.io.File(((pathPrefix + java.lang.Integer.toString(counter)) + .png)): null

2018-12-12 13:47:19 - [TEST_STEP][PASSED] - Statement - counter = counter + 1: null

2018-12-12 13:47:19 - [TEST_STEP][PASSED] - Statement - PreSaveFile = new java.io.File(((pathPrefix + java.lang.Integer.toString(counter)) + .png)): null

2018-12-12 13:47:19 - [TEST_STEP][PASSED] - Statement - counter = counter + 1: null

2018-12-12 13:47:19 - [TEST_STEP][PASSED] - Statement - PreSaveFile = new java.io.File(((pathPrefix + java.lang.Integer.toString(counter)) + .png)): null

2018-12-12 13:47:19 - [TEST_STEP][PASSED] - Statement - counter = counter + 1: null

2018-12-12 13:47:19 - [TEST_STEP][PASSED] - Statement - PreSaveFile = new java.io.File(((pathPrefix + java.lang.Integer.toString(counter)) + .png)): null

2018-12-12 13:47:19 - [TEST_STEP][PASSED] - Statement - counter = counter + 1: null

2018-12-12 13:47:19 - [TEST_STEP][PASSED] - Statement - PreSaveFile = new java.io.File(((pathPrefix + java.lang.Integer.toString(counter)) + .png)): null

2018-12-12 13:47:19 - [TEST_STEP][PASSED] - Statement - counter = counter + 1: null

2018-12-12 13:47:19 - [TEST_STEP][PASSED] - Statement - PreSaveFile = new java.io.File(((pathPrefix + java.lang.Integer.toString(counter)) + .png)): null

2018-12-12 13:47:19 - [TEST_STEP][PASSED] - Statement - counter = counter + 1: null

2018-12-12 13:47:19 - [TEST_STEP][PASSED] - Statement - PreSaveFile = new java.io.File(((pathPrefix + java.lang.Integer.toString(counter)) + .png)): null

2018-12-12 13:47:19 - [TEST_STEP][PASSED] - Statement - counter = counter + 1: null

2018-12-12 13:47:19 - [TEST_STEP][PASSED] - Statement - PreSaveFile = new java.io.File(((pathPrefix + java.lang.Integer.toString(counter)) + .png)): null

2018-12-12 13:47:19 - [TEST_STEP][PASSED] - Statement - counter = counter + 1: null

2018-12-12 13:47:19 - [TEST_STEP][PASSED] - Statement - PreSaveFile = new java.io.File(((pathPrefix + java.lang.Integer.toString(counter)) + .png)): null

2018-12-12 13:47:19 - [TEST_STEP][PASSED] - Statement - finalPath = pathPrefix + java.lang.Integer.toString(counter) + ".png": null

2018-12-12 13:47:19 - [TEST_STEP][PASSED] - Statement - SaveFile = new java.io.File(finalPath): null

2018-12-12 13:47:19 - [TEST_STEP][PASSED] - Statement - Try: null

2018-12-12 13:47:19 - [TEST_STEP][PASSED] - Statement - org.apache.commons.io.FileUtils.copyFile(scrFile, SaveFile): null

2018-12-12 13:47:19 - [TEST_STEP][PASSED] - Statement - out.println("file kept"): null

2018-12-12 13:47:19 - [TEST_STEP][PASSED] - delay: Delayed 10 second(s)

2018-12-12 13:47:29 - [MESSAGE][PASSED] - Delayed 10 second(s)

2018-12-12 13:47:29 - [MESSAGE][PASSED] - Call Test Case 'Test Cases/Final Aug 2018 - PKS Automation/Registration Module/New Registration/Submit and Screenshot/Submit Registration and Screenshot' successfully

2018-12-12 13:47:29 - [TEST_STEP][PASSED] - callTestCase: Call Test Case 'Test Cases/Final Aug 2018 - PKS Automation/Registration Module/Log Out/log out avoiding katalon tagging' successfully

2018-12-12 13:47:29 - [TEST_CASE][PASSED] - Test Cases/Final Aug 2018 - PKS Automation/Registration Module/Log Out/log out avoiding katalon tagging: Test Cases/Final Aug 2018 - PKS Automation/Registration Module/Log Out/log out avoiding katalon tagging

2018-12-12 13:47:29 - [TEST_STEP][PASSED] - navigateToUrl: Navigate to 'https://assist2-uat.perkeso.gov.my/c/portal/logout' successfully

2018-12-12 13:47:30 - [MESSAGE][PASSED] - Navigate to 'https://assist2-uat.perkeso.gov.my/c/portal/logout' successfully

2018-12-12 13:47:30 - [MESSAGE][PASSED] - Call Test Case 'Test Cases/Final Aug 2018 - PKS Automation/Registration Module/Log Out/log out avoiding katalon tagging' successfully

2018-12-12 13:47:30 - [TEST_STEP][PASSED] - callTestCase: Call Test Case 'Test Cases/Final Aug 2018 - PKS Automation/Common/Workflow Owner Finder' successfully

2018-12-12 13:47:30 - [TEST_CASE][PASSED] - Test Cases/Final Aug 2018 - PKS Automation/Common/Workflow Owner Finder: Test Cases/Final Aug 2018 - PKS Automation/Common/Workflow Owner Finder

2018-12-12 13:47:30 - [TEST_STEP][PASSED] - openBrowser: Browser is opened with url: ''

2018-12-12 13:47:30 - [MESSAGE][WARNING] - A browser is already opened. Closing browser and opening a new one

2018-12-12 13:47:34 - [MESSAGE][PASSED] - Browser is opened with url: ''

2018-12-12 13:47:34 - [TEST_STEP][PASSED] - navigateToUrl: Navigate to 'https://assist2-uat.perkeso.gov.my/login' successfully

2018-12-12 13:47:35 - [MESSAGE][PASSED] - Navigate to 'https://assist2-uat.perkeso.gov.my/login' successfully

2018-12-12 13:47:35 - [TEST_STEP][PASSED] - delay: Delayed 5 second(s)

2018-12-12 13:47:40 - [MESSAGE][PASSED] - Delayed 5 second(s)

2018-12-12 13:47:40 - [TEST_STEP][PASSED] - setText: Text 'test@liferay.com' is set on object 'Object Repository/Final Object Repo/Login Page/Internal User/Email Address'

2018-12-12 13:47:41 - [MESSAGE][PASSED] - Text 'test@liferay.com' is set on object 'Object Repository/Final Object Repo/Login Page/Internal User/Email Address'

2018-12-12 13:47:41 - [TEST_STEP][PASSED] - click: Object: 'Object Repository/Final Object Repo/Login Page/Internal User/Next Button' is clicked on

2018-12-12 13:47:41 - [MESSAGE][PASSED] - Object: 'Object Repository/Final Object Repo/Login Page/Internal User/Next Button' is clicked on

2018-12-12 13:47:41 - [TEST_STEP][PASSED] - delay: Delayed 2 second(s)

2018-12-12 13:47:43 - [MESSAGE][PASSED] - Delayed 2 second(s)

2018-12-12 13:47:43 - [TEST_STEP][PASSED] - setText: Text 'test' is set on object 'Object Repository/Final Object Repo/Login Page/Internal User/Password'

2018-12-12 13:47:43 - [MESSAGE][PASSED] - Text 'test' is set on object 'Object Repository/Final Object Repo/Login Page/Internal User/Password'

2018-12-12 13:47:43 - [TEST_STEP][PASSED] - delay: Delayed 2 second(s)

2018-12-12 13:47:45 - [MESSAGE][PASSED] - Delayed 2 second(s)

2018-12-12 13:47:45 - [TEST_STEP][PASSED] - click: Object: 'Object Repository/Final Object Repo/Login Page/Internal User/Login Button' is clicked on

2018-12-12 13:47:45 - [MESSAGE][PASSED] - Object: 'Object Repository/Final Object Repo/Login Page/Internal User/Login Button' is clicked on

2018-12-12 13:47:45 - [TEST_STEP][PASSED] - Statement - tester = com.kms.katalon.core.testobject.ObjectRepository.findTestObject(Final Object Repo/Landing Page/Select to English): Finding Test Object with id 'Object Repository/Final Object Repo/Landing Page/Select to English'

2018-12-12 13:47:45 - [TEST_STEP][PASSED] - Statement - Try: Delayed 2 second(s)

2018-12-12 13:47:45 - [TEST_STEP][PASSED] - Statement - Checker = com.kms.katalon.core.webui.keyword.WebUiBuiltInKeywords.verifyElementNotPresent(tester, 3): Web element with id: 'Object Repository/Final Object Repo/Landing Page/Select to English' located by 'By.xpath: //a[@class = 'taglib-language-list-text' and @lang = 'en-US' and (contains(text(), 'EN') or contains(., 'EN'))]' is not present after '3' second(s)

2018-12-12 13:47:48 - [MESSAGE][PASSED] - Web element with id: 'Object Repository/Final Object Repo/Landing Page/Select to English' located by 'By.xpath: //a[@class = 'taglib-language-list-text' and @lang = 'en-US' and (contains(text(), 'EN') or contains(., 'EN'))]' is not present after '3' second(s)

2018-12-12 13:47:48 - [TEST_STEP][PASSED] - Statement - If (Checker == false): null

2018-12-12 13:47:48 - [TEST_STEP][PASSED] - delay: Delayed 2 second(s)

2018-12-12 13:47:50 - [MESSAGE][PASSED] - Delayed 2 second(s)

2018-12-12 13:47:50 - [TEST_STEP][PASSED] - delay: Delayed 5 second(s)

2018-12-12 13:47:55 - [MESSAGE][PASSED] - Delayed 5 second(s)

2018-12-12 13:47:55 - [TEST_STEP][PASSED] - mouseOver: Object: 'Object Repository/Final Object Repo/Landing Page/WorkFlow Menu' is hovered

2018-12-12 13:47:55 - [MESSAGE][PASSED] - Object: 'Object Repository/Final Object Repo/Landing Page/WorkFlow Menu' is hovered

2018-12-12 13:47:55 - [TEST_STEP][PASSED] - delay: Delayed 2 second(s)

2018-12-12 13:47:57 - [MESSAGE][PASSED] - Delayed 2 second(s)

2018-12-12 13:47:57 - [TEST_STEP][PASSED] - click: Object: 'Object Repository/Final Object Repo/Landing Page/Select to Workflow Listing' is clicked on

2018-12-12 13:47:58 - [MESSAGE][PASSED] - Object: 'Object Repository/Final Object Repo/Landing Page/Select to Workflow Listing' is clicked on

2018-12-12 13:47:58 - [TEST_STEP][PASSED] - delay: Delayed 2 second(s)

2018-12-12 13:48:00 - [MESSAGE][PASSED] - Delayed 2 second(s)

2018-12-12 13:48:00 - [TEST_STEP][PASSED] - click: Object: 'Object Repository/Final Object Repo/WorkFlow Listing Page/Search Information - To Put Ref No' is clicked on

2018-12-12 13:48:00 - [MESSAGE][PASSED] - Object: 'Object Repository/Final Object Repo/WorkFlow Listing Page/Search Information - To Put Ref No' is clicked on

2018-12-12 13:48:00 - [TEST_STEP][PASSED] - delay: Delayed 2 second(s)

2018-12-12 13:48:02 - [MESSAGE][PASSED] - Delayed 2 second(s)

2018-12-12 13:48:02 - [TEST_STEP][PASSED] - callTestCase: Call Test Case 'Test Cases/Final Aug 2018 - PKS Automation/Common/Reference Number Getter' successfully

2018-12-12 13:48:02 - [TEST_CASE][PASSED] - Test Cases/Final Aug 2018 - PKS Automation/Common/Reference Number Getter: Test Cases/Final Aug 2018 - PKS Automation/Common/Reference Number Getter

2018-12-12 13:48:02 - [TEST_STEP][PASSED] - Statement - Try: null

2018-12-12 13:48:02 - [TEST_STEP][PASSED] - Statement - RefNo = new java.io.File(C://Users//Admin//Desktop//PKS//Automation Reference Point//KatalonReference.txt): null

2018-12-12 13:48:02 - [TEST_STEP][PASSED] - Statement - bufferread = new java.io.BufferedReader(new java.io.FileReader(RefNo)): null

2018-12-12 13:48:02 - [TEST_STEP][PASSED] - Statement - readedVal = bufferread.readLine(): null

2018-12-12 13:48:02 - [TEST_STEP][PASSED] - Statement - out.println(CaseReferenceNo): null

2018-12-12 13:48:02 - [TEST_STEP][PASSED] - Statement - out.println(readedVal): null

2018-12-12 13:48:02 - [TEST_STEP][PASSED] - Statement - CaseReferenceNo = "": null

2018-12-12 13:48:02 - [TEST_STEP][PASSED] - Statement - CaseReferenceNo = readedVal: null

2018-12-12 13:48:02 - [MESSAGE][PASSED] - Call Test Case 'Test Cases/Final Aug 2018 - PKS Automation/Common/Reference Number Getter' successfully

2018-12-12 13:48:02 - [TEST_STEP][PASSED] - setText: Text 'CRN12201800123199' is set on object 'Object Repository/Final Object Repo/WorkFlow Listing Page/Ref No Set Text'

2018-12-12 13:48:03 - [MESSAGE][PASSED] - Text 'CRN12201800123199' is set on object 'Object Repository/Final Object Repo/WorkFlow Listing Page/Ref No Set Text'

2018-12-12 13:48:03 - [TEST_STEP][PASSED] - delay: Delayed 2 second(s)

2018-12-12 13:48:05 - [MESSAGE][PASSED] - Delayed 2 second(s)

2018-12-12 13:48:05 - [TEST_STEP][PASSED] - click: Object: 'Object Repository/Final Object Repo/WorkFlow Listing Page/Search Ref No Search Button' is clicked on

2018-12-12 13:48:05 - [MESSAGE][PASSED] - Object: 'Object Repository/Final Object Repo/WorkFlow Listing Page/Search Ref No Search Button' is clicked on

2018-12-12 13:48:05 - [TEST_STEP][PASSED] - delay: Delayed 6 second(s)

2018-12-12 13:48:11 - [MESSAGE][PASSED] - Delayed 6 second(s)

2018-12-12 13:48:11 - [TEST_STEP][PASSED] - click: Object: 'Object Repository/Final Object Repo/WorkFlow Listing Page/Click Continue Tooltip' is clicked on

2018-12-12 13:48:12 - [MESSAGE][PASSED] - Object: 'Object Repository/Final Object Repo/WorkFlow Listing Page/Click Continue Tooltip' is clicked on

2018-12-12 13:48:12 - [TEST_STEP][PASSED] - delay: Delayed 5 second(s)

2018-12-12 13:48:17 - [MESSAGE][PASSED] - Delayed 5 second(s)

2018-12-12 13:48:17 - [TEST_STEP][PASSED] - doubleClick: Object: 'Object Repository/Final Object Repo/WorkFlow Listing Page/Workflow Found - Listing 1' is double clicked on

2018-12-12 13:48:17 - [MESSAGE][PASSED] - Object: 'Object Repository/Final Object Repo/WorkFlow Listing Page/Workflow Found - Listing 1' is double clicked on

2018-12-12 13:48:17 - [TEST_STEP][PASSED] - Statement - println(OwnerID): null

2018-12-12 13:48:17 - [TEST_STEP][PASSED] - Statement - OwnerID = com.kms.katalon.core.webui.keyword.WebUiBuiltInKeywords.getText(com.kms.katalon.core.testobject.ObjectRepository.findTestObject(Final Object Repo/WorkFlow Listing Page/Workflow Found - Listing 1), STOP_ON_FAILURE): Text of object 'Object Repository/Final Object Repo/WorkFlow Listing Page/Workflow Found - Listing 1' is: 'KLpkrbo3'

2018-12-12 13:48:17 - [MESSAGE][PASSED] - Text of object 'Object Repository/Final Object Repo/WorkFlow Listing Page/Workflow Found - Listing 1' is: 'KLpkrbo3'

2018-12-12 13:48:17 - [TEST_STEP][PASSED] - Statement - OwnerID = OwnerID.toLowerCase() + "@gmail.com": null

2018-12-12 13:48:17 - [TEST_STEP][PASSED] - Statement - println(OwnerID): null

2018-12-12 13:48:17 - [TEST_STEP][PASSED] - delay: Delayed 2 second(s)

2018-12-12 13:48:19 - [MESSAGE][PASSED] - Delayed 2 second(s)

2018-12-12 13:48:19 - [MESSAGE][PASSED] - Call Test Case 'Test Cases/Final Aug 2018 - PKS Automation/Common/Workflow Owner Finder' successfully

2018-12-12 13:48:19 - [TEST_STEP][PASSED] - callTestCase: Call Test Case 'Test Cases/Final Aug 2018 - PKS Automation/Registration Module/Log Out/log out avoiding katalon tagging' successfully

2018-12-12 13:48:19 - [TEST_CASE][PASSED] - Test Cases/Final Aug 2018 - PKS Automation/Registration Module/Log Out/log out avoiding katalon tagging: Test Cases/Final Aug 2018 - PKS Automation/Registration Module/Log Out/log out avoiding katalon tagging

2018-12-12 13:48:19 - [TEST_STEP][PASSED] - navigateToUrl: Navigate to 'https://assist2-uat.perkeso.gov.my/c/portal/logout' successfully

2018-12-12 13:48:20 - [MESSAGE][PASSED] - Navigate to 'https://assist2-uat.perkeso.gov.my/c/portal/logout' successfully

2018-12-12 13:48:20 - [MESSAGE][PASSED] - Call Test Case 'Test Cases/Final Aug 2018 - PKS Automation/Registration Module/Log Out/log out avoiding katalon tagging' successfully

2018-12-12 13:48:20 - [TEST_STEP][PASSED] - delay: Delayed 2 second(s)

2018-12-12 13:48:22 - [MESSAGE][PASSED] - Delayed 2 second(s)

2018-12-12 13:48:22 - [TEST_STEP][PASSED] - setText: Text 'klpkrbo3@gmail.com' is set on object 'Object Repository/Final Object Repo/New Registration - Registration Module Pages/New Reg - OTC to RO/Special Case - All Related Objects/Email TextBox'

2018-12-12 13:48:22 - [MESSAGE][PASSED] - Text 'klpkrbo3@gmail.com' is set on object 'Object Repository/Final Object Repo/New Registration - Registration Module Pages/New Reg - OTC to RO/Special Case - All Related Objects/Email TextBox'

2018-12-12 13:48:22 - [TEST_STEP][PASSED] - click: Object: 'Object Repository/Final Object Repo/New Registration - Registration Module Pages/New Reg - OTC to RO/Special Case - All Related Objects/Next Button' is clicked on

2018-12-12 13:48:22 - [MESSAGE][PASSED] - Object: 'Object Repository/Final Object Repo/New Registration - Registration Module Pages/New Reg - OTC to RO/Special Case - All Related Objects/Next Button' is clicked on

2018-12-12 13:48:22 - [TEST_STEP][PASSED] - delay: Delayed 2 second(s)

2018-12-12 13:48:24 - [MESSAGE][PASSED] - Delayed 2 second(s)

2018-12-12 13:48:24 - [TEST_STEP][PASSED] - setText: Text 'Test1@3456789' is set on object 'Object Repository/Final Object Repo/New Registration - Registration Module Pages/New Reg - OTC to RO/Special Case - All Related Objects/Password TextBox'

2018-12-12 13:48:25 - [MESSAGE][PASSED] - Text 'Test1@3456789' is set on object 'Object Repository/Final Object Repo/New Registration - Registration Module Pages/New Reg - OTC to RO/Special Case - All Related Objects/Password TextBox'

2018-12-12 13:48:25 - [TEST_STEP][PASSED] - delay: Delayed 2 second(s)

2018-12-12 13:48:27 - [MESSAGE][PASSED] - Delayed 2 second(s)

2018-12-12 13:48:27 - [TEST_STEP][PASSED] - click: Object: 'Object Repository/Final Object Repo/New Registration - Registration Module Pages/New Reg - OTC to RO/Special Case - All Related Objects/Login Button' is clicked on

2018-12-12 13:48:27 - [MESSAGE][PASSED] - Object: 'Object Repository/Final Object Repo/New Registration - Registration Module Pages/New Reg - OTC to RO/Special Case - All Related Objects/Login Button' is clicked on

2018-12-12 13:48:27 - [TEST_STEP][PASSED] - delay: Delayed 2 second(s)

2018-12-12 13:48:29 - [MESSAGE][PASSED] - Delayed 2 second(s)

2018-12-12 13:48:29 - [TEST_STEP][PASSED] - Statement - Try: null

2018-12-12 13:48:29 - [TEST_STEP][PASSED] - Statement - Checker = com.kms.katalon.core.webui.keyword.WebUiBuiltInKeywords.verifyElementNotPresent("Final Object Repo/Landing Page/Select to English", 3): null

2018-12-12 13:48:29 - [TEST_STEP][PASSED] - Statement - Catch (Exception e): null

2018-12-12 13:48:29 - [TEST_STEP][PASSED] - Statement - e.printStackTrace(): null

2018-12-12 13:48:29 - [TEST_STEP][PASSED] - click: Object: 'Object Repository/Final Object Repo/New Registration - Registration Module Pages/New Reg - OTC to RO/Special Case - All Related Objects/Expand to Search' is clicked on

2018-12-12 13:48:29 - [MESSAGE][PASSED] - Object: 'Object Repository/Final Object Repo/New Registration - Registration Module Pages/New Reg - OTC to RO/Special Case - All Related Objects/Expand to Search' is clicked on

2018-12-12 13:48:29 - [TEST_STEP][PASSED] - delay: Delayed 2 second(s)

2018-12-12 13:48:31 - [MESSAGE][PASSED] - Delayed 2 second(s)

2018-12-12 13:48:31 - [TEST_STEP][PASSED] - setText: Text 'CRN12201800123199' is set on object 'Object Repository/Final Object Repo/New Registration - Registration Module Pages/New Reg - OTC to RO/Special Case - All Related Objects/TextBox RefNo in Workbasket'

2018-12-12 13:48:31 - [MESSAGE][PASSED] - Text 'CRN12201800123199' is set on object 'Object Repository/Final Object Repo/New Registration - Registration Module Pages/New Reg - OTC to RO/Special Case - All Related Objects/TextBox RefNo in Workbasket'

2018-12-12 13:48:31 - [TEST_STEP][PASSED] - delay: Delayed 2 second(s)

2018-12-12 13:48:33 - [MESSAGE][PASSED] - Delayed 2 second(s)

2018-12-12 13:48:33 - [TEST_STEP][PASSED] - click: Object: 'Object Repository/Final Object Repo/New Registration - Registration Module Pages/New Reg - OTC to RO/Special Case - All Related Objects/Click Search' is clicked on

2018-12-12 13:48:34 - [MESSAGE][PASSED] - Object: 'Object Repository/Final Object Repo/New Registration - Registration Module Pages/New Reg - OTC to RO/Special Case - All Related Objects/Click Search' is clicked on

2018-12-12 13:48:34 - [TEST_STEP][PASSED] - delay: Delayed 2 second(s)

2018-12-12 13:48:36 - [MESSAGE][PASSED] - Delayed 2 second(s)

2018-12-12 13:48:36 - [TEST_STEP][PASSED] - click: Object: 'Object Repository/Final Object Repo/New Registration - Registration Module Pages/New Reg - OTC to RO/Special Case - All Related Objects/Click to Continue Workflow' is clicked on

2018-12-12 13:48:38 - [MESSAGE][PASSED] - Object: 'Object Repository/Final Object Repo/New Registration - Registration Module Pages/New Reg - OTC to RO/Special Case - All Related Objects/Click to Continue Workflow' is clicked on

2018-12-12 13:48:38 - [TEST_STEP][PASSED] - delay: Delayed 2 second(s)

2018-12-12 13:48:40 - [MESSAGE][PASSED] - Delayed 2 second(s)

2018-12-12 13:48:40 - [TEST_STEP][PASSED] - click: Object: 'Object Repository/Final Object Repo/New Registration - Registration Module Pages/New Reg - OTC to RO/Special Case - All Related Objects/Form 1 Save n Continue' is clicked on

2018-12-12 13:48:40 - [MESSAGE][PASSED] - Object: 'Object Repository/Final Object Repo/New Registration - Registration Module Pages/New Reg - OTC to RO/Special Case - All Related Objects/Form 1 Save n Continue' is clicked on

2018-12-12 13:48:40 - [TEST_STEP][PASSED] - delay: Delayed 5 second(s)

2018-12-12 13:48:45 - [MESSAGE][PASSED] - Delayed 5 second(s)

2018-12-12 13:48:45 - [TEST_STEP][PASSED] - click: Object: 'Object Repository/Final Object Repo/New Registration - Registration Module Pages/New Reg - OTC to RO/Special Case - OTC - Form 1/Confirm No Flagging as Branch' is clicked on

2018-12-12 13:48:46 - [MESSAGE][PASSED] - Object: 'Object Repository/Final Object Repo/New Registration - Registration Module Pages/New Reg - OTC to RO/Special Case - OTC - Form 1/Confirm No Flagging as Branch' is clicked on

2018-12-12 13:48:46 - [TEST_STEP][PASSED] - delay: Delayed 2 second(s)

2018-12-12 13:48:48 - [MESSAGE][PASSED] - Delayed 2 second(s)

2018-12-12 13:48:48 - [TEST_STEP][PASSED] - click: Object: 'Object Repository/Final Object Repo/New Registration - Registration Module Pages/New Reg - OTC to RO/Special Case - All Related Objects/Form 2 Save n Continue' is clicked on

2018-12-12 13:48:48 - [MESSAGE][PASSED] - Object: 'Object Repository/Final Object Repo/New Registration - Registration Module Pages/New Reg - OTC to RO/Special Case - All Related Objects/Form 2 Save n Continue' is clicked on

2018-12-12 13:48:48 - [TEST_STEP][PASSED] - delay: Delayed 2 second(s)

2018-12-12 13:48:50 - [MESSAGE][PASSED] - Delayed 2 second(s)

2018-12-12 13:48:50 - [TEST_STEP][PASSED] - click: Object: 'Object Repository/Final Object Repo/New Registration - Registration Module Pages/New Reg - OTC to RO/Special Case - All Related Objects/Third Screen Save n Continue' is clicked on

2018-12-12 13:48:55 - [MESSAGE][PASSED] - Object: 'Object Repository/Final Object Repo/New Registration - Registration Module Pages/New Reg - OTC to RO/Special Case - All Related Objects/Third Screen Save n Continue' is clicked on

2018-12-12 13:48:55 - [TEST_STEP][PASSED] - delay: Delayed 5 second(s)

2018-12-12 13:49:00 - [MESSAGE][PASSED] - Delayed 5 second(s)

2018-12-12 13:49:00 - [TEST_STEP][PASSED] - click: Object: 'Object Repository/Final Object Repo/New Registration - Registration Module Pages/New Reg - OTC to RO/Special Case - All Related Objects/Upload Doc Page Save n Continue' is clicked on

2018-12-12 13:49:00 - [MESSAGE][PASSED] - Object: 'Object Repository/Final Object Repo/New Registration - Registration Module Pages/New Reg - OTC to RO/Special Case - All Related Objects/Upload Doc Page Save n Continue' is clicked on

2018-12-12 13:49:00 - [TEST_STEP][PASSED] - callTestCase: Call Test Case 'Test Cases/Final Aug 2018 - PKS Automation/Registration Module/New Registration/Submit and Screenshot/Submit Registration and Screenshot' successfully

2018-12-12 13:49:00 - [TEST_CASE][PASSED] - Test Cases/Final Aug 2018 - PKS Automation/Registration Module/New Registration/Submit and Screenshot/Submit Registration and Screenshot: Test Cases/Final Aug 2018 - PKS Automation/Registration Module/New Registration/Submit and Screenshot/Submit Registration and Screenshot

2018-12-12 13:49:00 - [TEST_STEP][PASSED] - delay: Delayed 6 second(s)

2018-12-12 13:49:06 - [MESSAGE][PASSED] - Delayed 6 second(s)

2018-12-12 13:49:06 - [TEST_STEP][PASSED] - click: Object: 'Object Repository/Final Object Repo/New Registration - Registration Module Pages/Third Screen - Upload Supporting Doc- Preview/Preview Submit Button' is clicked on

2018-12-12 13:49:06 - [MESSAGE][PASSED] - Object: 'Object Repository/Final Object Repo/New Registration - Registration Module Pages/Third Screen - Upload Supporting Doc- Preview/Preview Submit Button' is clicked on

2018-12-12 13:49:06 - [TEST_STEP][PASSED] - delay: Delayed 2 second(s)

2018-12-12 13:49:08 - [MESSAGE][PASSED] - Delayed 2 second(s)

2018-12-12 13:49:08 - [TEST_STEP][PASSED] - click: Object: 'Object Repository/Final Object Repo/New Registration - Registration Module Pages/Third Screen - Upload Supporting Doc- Preview/Preview Submit - Confirm' is clicked on

2018-12-12 13:49:08 - [MESSAGE][PASSED] - Object: 'Object Repository/Final Object Repo/New Registration - Registration Module Pages/Third Screen - Upload Supporting Doc- Preview/Preview Submit - Confirm' is clicked on

2018-12-12 13:49:08 - [TEST_STEP][PASSED] - delay: Delayed 15 second(s)

2018-12-12 13:49:23 - [MESSAGE][PASSED] - Delayed 15 second(s)

2018-12-12 13:49:23 - [TEST_STEP][PASSED] - Statement - driver = com.kms.katalon.core.webui.driver.DriverFactory.getWebDriver(): null

2018-12-12 13:49:23 - [TEST_STEP][PASSED] - Statement - driver.manage().timeouts().implicitlyWait(10, SECONDS): null

2018-12-12 13:49:23 - [TEST_STEP][PASSED] - Statement - PresavePath = KatalonScreenshots: null

2018-12-12 13:49:23 - [TEST_STEP][PASSED] - Statement - pathPrefix = "C:\Users\Public\Pictures\Sample Pictures\Katalon Screenshots\Automate Ending Screen": null

2018-12-12 13:49:23 - [TEST_STEP][PASSED] - Statement - finalPath = <not implemented yet for class: org.codehaus.groovy.ast.expr.EmptyExpression>: null

2018-12-12 13:49:23 - [TEST_STEP][PASSED] - Statement - scrFile = driver.getScreenshotAs(FILE): null

2018-12-12 13:49:24 - [TEST_STEP][PASSED] - Statement - PreSaveFile = new java.io.File(PresavePath): null

2018-12-12 13:49:24 - [TEST_STEP][PASSED] - Statement - counter = 0: null

2018-12-12 13:49:24 - [TEST_STEP][PASSED] - Statement - If (PreSaveFile.exists()): null

2018-12-12 13:49:24 - [TEST_STEP][PASSED] - Statement - While (PreSaveFile.exists()): null

2018-12-12 13:49:24 - [TEST_STEP][PASSED] - Statement - counter = counter + 1: null

2018-12-12 13:49:24 - [TEST_STEP][PASSED] - Statement - PreSaveFile = new java.io.File(((pathPrefix + java.lang.Integer.toString(counter)) + .png)): null

2018-12-12 13:49:24 - [TEST_STEP][PASSED] - Statement - counter = counter + 1: null

2018-12-12 13:49:24 - [TEST_STEP][PASSED] - Statement - PreSaveFile = new java.io.File(((pathPrefix + java.lang.Integer.toString(counter)) + .png)): null

2018-12-12 13:49:24 - [TEST_STEP][PASSED] - Statement - counter = counter + 1: null

2018-12-12 13:49:24 - [TEST_STEP][PASSED] - Statement - PreSaveFile = new java.io.File(((pathPrefix + java.lang.Integer.toString(counter)) + .png)): null

2018-12-12 13:49:24 - [TEST_STEP][PASSED] - Statement - counter = counter + 1: null

2018-12-12 13:49:24 - [TEST_STEP][PASSED] - Statement - PreSaveFile = new java.io.File(((pathPrefix + java.lang.Integer.toString(counter)) + .png)): null

2018-12-12 13:49:24 - [TEST_STEP][PASSED] - Statement - counter = counter + 1: null

2018-12-12 13:49:24 - [TEST_STEP][PASSED] - Statement - PreSaveFile = new java.io.File(((pathPrefix + java.lang.Integer.toString(counter)) + .png)): null

2018-12-12 13:49:24 - [TEST_STEP][PASSED] - Statement - counter = counter + 1: null

2018-12-12 13:49:24 - [TEST_STEP][PASSED] - Statement - PreSaveFile = new java.io.File(((pathPrefix + java.lang.Integer.toString(counter)) + .png)): null

2018-12-12 13:49:24 - [TEST_STEP][PASSED] - Statement - counter = counter + 1: null

2018-12-12 13:49:24 - [TEST_STEP][PASSED] - Statement - PreSaveFile = new java.io.File(((pathPrefix + java.lang.Integer.toString(counter)) + .png)): null

2018-12-12 13:49:24 - [TEST_STEP][PASSED] - Statement - counter = counter + 1: null

2018-12-12 13:49:24 - [TEST_STEP][PASSED] - Statement - PreSaveFile = new java.io.File(((pathPrefix + java.lang.Integer.toString(counter)) + .png)): null

2018-12-12 13:49:24 - [TEST_STEP][PASSED] - Statement - counter = counter + 1: null

2018-12-12 13:49:24 - [TEST_STEP][PASSED] - Statement - PreSaveFile = new java.io.File(((pathPrefix + java.lang.Integer.toString(counter)) + .png)): null

2018-12-12 13:49:24 - [TEST_STEP][PASSED] - Statement - counter = counter + 1: null

2018-12-12 13:49:24 - [TEST_STEP][PASSED] - Statement - PreSaveFile = new java.io.File(((pathPrefix + java.lang.Integer.toString(counter)) + .png)): null

2018-12-12 13:49:24 - [TEST_STEP][PASSED] - Statement - counter = counter + 1: null

2018-12-12 13:49:24 - [TEST_STEP][PASSED] - Statement - PreSaveFile = new java.io.File(((pathPrefix + java.lang.Integer.toString(counter)) + .png)): null

2018-12-12 13:49:24 - [TEST_STEP][PASSED] - Statement - counter = counter + 1: null

2018-12-12 13:49:24 - [TEST_STEP][PASSED] - Statement - PreSaveFile = new java.io.File(((pathPrefix + java.lang.Integer.toString(counter)) + .png)): null

2018-12-12 13:49:24 - [TEST_STEP][PASSED] - Statement - counter = counter + 1: null

2018-12-12 13:49:24 - [TEST_STEP][PASSED] - Statement - PreSaveFile = new java.io.File(((pathPrefix + java.lang.Integer.toString(counter)) + .png)): null

2018-12-12 13:49:24 - [TEST_STEP][PASSED] - Statement - counter = counter + 1: null

2018-12-12 13:49:24 - [TEST_STEP][PASSED] - Statement - PreSaveFile = new java.io.File(((pathPrefix + java.lang.Integer.toString(counter)) + .png)): null

2018-12-12 13:49:24 - [TEST_STEP][PASSED] - Statement - counter = counter + 1: null

2018-12-12 13:49:24 - [TEST_STEP][PASSED] - Statement - PreSaveFile = new java.io.File(((pathPrefix + java.lang.Integer.toString(counter)) + .png)): null

2018-12-12 13:49:24 - [TEST_STEP][PASSED] - Statement - counter = counter + 1: null

2018-12-12 13:49:24 - [TEST_STEP][PASSED] - Statement - PreSaveFile = new java.io.File(((pathPrefix + java.lang.Integer.toString(counter)) + .png)): null

2018-12-12 13:49:24 - [TEST_STEP][PASSED] - Statement - counter = counter + 1: null

2018-12-12 13:49:24 - [TEST_STEP][PASSED] - Statement - PreSaveFile = new java.io.File(((pathPrefix + java.lang.Integer.toString(counter)) + .png)): null

2018-12-12 13:49:24 - [TEST_STEP][PASSED] - Statement - counter = counter + 1: null

2018-12-12 13:49:24 - [TEST_STEP][PASSED] - Statement - PreSaveFile = new java.io.File(((pathPrefix + java.lang.Integer.toString(counter)) + .png)): null

2018-12-12 13:49:24 - [TEST_STEP][PASSED] - Statement - counter = counter + 1: null

2018-12-12 13:49:24 - [TEST_STEP][PASSED] - Statement - PreSaveFile = new java.io.File(((pathPrefix + java.lang.Integer.toString(counter)) + .png)): null

2018-12-12 13:49:24 - [TEST_STEP][PASSED] - Statement - counter = counter + 1: null

2018-12-12 13:49:24 - [TEST_STEP][PASSED] - Statement - PreSaveFile = new java.io.File(((pathPrefix + java.lang.Integer.toString(counter)) + .png)): null

2018-12-12 13:49:24 - [TEST_STEP][PASSED] - Statement - counter = counter + 1: null

2018-12-12 13:49:24 - [TEST_STEP][PASSED] - Statement - PreSaveFile = new java.io.File(((pathPrefix + java.lang.Integer.toString(counter)) + .png)): null

2018-12-12 13:49:24 - [TEST_STEP][PASSED] - Statement - counter = counter + 1: null

2018-12-12 13:49:24 - [TEST_STEP][PASSED] - Statement - PreSaveFile = new java.io.File(((pathPrefix + java.lang.Integer.toString(counter)) + .png)): null

2018-12-12 13:49:24 - [TEST_STEP][PASSED] - Statement - counter = counter + 1: null

2018-12-12 13:49:24 - [TEST_STEP][PASSED] - Statement - PreSaveFile = new java.io.File(((pathPrefix + java.lang.Integer.toString(counter)) + .png)): null

2018-12-12 13:49:24 - [TEST_STEP][PASSED] - Statement - counter = counter + 1: null

2018-12-12 13:49:24 - [TEST_STEP][PASSED] - Statement - PreSaveFile = new java.io.File(((pathPrefix + java.lang.Integer.toString(counter)) + .png)): null

2018-12-12 13:49:24 - [TEST_STEP][PASSED] - Statement - counter = counter + 1: null

2018-12-12 13:49:24 - [TEST_STEP][PASSED] - Statement - PreSaveFile = new java.io.File(((pathPrefix + java.lang.Integer.toString(counter)) + .png)): null

2018-12-12 13:49:24 - [TEST_STEP][PASSED] - Statement - counter = counter + 1: null

2018-12-12 13:49:24 - [TEST_STEP][PASSED] - Statement - PreSaveFile = new java.io.File(((pathPrefix + java.lang.Integer.toString(counter)) + .png)): null

2018-12-12 13:49:24 - [TEST_STEP][PASSED] - Statement - counter = counter + 1: null

2018-12-12 13:49:24 - [TEST_STEP][PASSED] - Statement - PreSaveFile = new java.io.File(((pathPrefix + java.lang.Integer.toString(counter)) + .png)): null

2018-12-12 13:49:24 - [TEST_STEP][PASSED] - Statement - counter = counter + 1: null

2018-12-12 13:49:24 - [TEST_STEP][PASSED] - Statement - PreSaveFile = new java.io.File(((pathPrefix + java.lang.Integer.toString(counter)) + .png)): null

2018-12-12 13:49:24 - [TEST_STEP][PASSED] - Statement - counter = counter + 1: null

2018-12-12 13:49:24 - [TEST_STEP][PASSED] - Statement - PreSaveFile = new java.io.File(((pathPrefix + java.lang.Integer.toString(counter)) + .png)): null

2018-12-12 13:49:24 - [TEST_STEP][PASSED] - Statement - counter = counter + 1: null

2018-12-12 13:49:24 - [TEST_STEP][PASSED] - Statement - PreSaveFile = new java.io.File(((pathPrefix + java.lang.Integer.toString(counter)) + .png)): null

2018-12-12 13:49:24 - [TEST_STEP][PASSED] - Statement - counter = counter + 1: null

2018-12-12 13:49:24 - [TEST_STEP][PASSED] - Statement - PreSaveFile = new java.io.File(((pathPrefix + java.lang.Integer.toString(counter)) + .png)): null

2018-12-12 13:49:24 - [TEST_STEP][PASSED] - Statement - counter = counter + 1: null

2018-12-12 13:49:24 - [TEST_STEP][PASSED] - Statement - PreSaveFile = new java.io.File(((pathPrefix + java.lang.Integer.toString(counter)) + .png)): null

2018-12-12 13:49:24 - [TEST_STEP][PASSED] - Statement - counter = counter + 1: null

2018-12-12 13:49:24 - [TEST_STEP][PASSED] - Statement - PreSaveFile = new java.io.File(((pathPrefix + java.lang.Integer.toString(counter)) + .png)): null

2018-12-12 13:49:24 - [TEST_STEP][PASSED] - Statement - counter = counter + 1: null

2018-12-12 13:49:24 - [TEST_STEP][PASSED] - Statement - PreSaveFile = new java.io.File(((pathPrefix + java.lang.Integer.toString(counter)) + .png)): null

2018-12-12 13:49:24 - [TEST_STEP][PASSED] - Statement - counter = counter + 1: null

2018-12-12 13:49:24 - [TEST_STEP][PASSED] - Statement - PreSaveFile = new java.io.File(((pathPrefix + java.lang.Integer.toString(counter)) + .png)): null

2018-12-12 13:49:24 - [TEST_STEP][PASSED] - Statement - counter = counter + 1: null

2018-12-12 13:49:24 - [TEST_STEP][PASSED] - Statement - PreSaveFile = new java.io.File(((pathPrefix + java.lang.Integer.toString(counter)) + .png)): null

2018-12-12 13:49:24 - [TEST_STEP][PASSED] - Statement - counter = counter + 1: null

2018-12-12 13:49:24 - [TEST_STEP][PASSED] - Statement - PreSaveFile = new java.io.File(((pathPrefix + java.lang.Integer.toString(counter)) + .png)): null

2018-12-12 13:49:24 - [TEST_STEP][PASSED] - Statement - counter = counter + 1: null

2018-12-12 13:49:24 - [TEST_STEP][PASSED] - Statement - PreSaveFile = new java.io.File(((pathPrefix + java.lang.Integer.toString(counter)) + .png)): null

2018-12-12 13:49:24 - [TEST_STEP][PASSED] - Statement - counter = counter + 1: null

2018-12-12 13:49:24 - [TEST_STEP][PASSED] - Statement - PreSaveFile = new java.io.File(((pathPrefix + java.lang.Integer.toString(counter)) + .png)): null

2018-12-12 13:49:24 - [TEST_STEP][PASSED] - Statement - counter = counter + 1: null

2018-12-12 13:49:24 - [TEST_STEP][PASSED] - Statement - PreSaveFile = new java.io.File(((pathPrefix + java.lang.Integer.toString(counter)) + .png)): null

2018-12-12 13:49:24 - [TEST_STEP][PASSED] - Statement - counter = counter + 1: null

2018-12-12 13:49:24 - [TEST_STEP][PASSED] - Statement - PreSaveFile = new java.io.File(((pathPrefix + java.lang.Integer.toString(counter)) + .png)): null

2018-12-12 13:49:24 - [TEST_STEP][PASSED] - Statement - counter = counter + 1: null

2018-12-12 13:49:24 - [TEST_STEP][PASSED] - Statement - PreSaveFile = new java.io.File(((pathPrefix + java.lang.Integer.toString(counter)) + .png)): null

2018-12-12 13:49:24 - [TEST_STEP][PASSED] - Statement - counter = counter + 1: null

2018-12-12 13:49:24 - [TEST_STEP][PASSED] - Statement - PreSaveFile = new java.io.File(((pathPrefix + java.lang.Integer.toString(counter)) + .png)): null

2018-12-12 13:49:24 - [TEST_STEP][PASSED] - Statement - counter = counter + 1: null

2018-12-12 13:49:24 - [TEST_STEP][PASSED] - Statement - PreSaveFile = new java.io.File(((pathPrefix + java.lang.Integer.toString(counter)) + .png)): null

2018-12-12 13:49:24 - [TEST_STEP][PASSED] - Statement - counter = counter + 1: null

2018-12-12 13:49:24 - [TEST_STEP][PASSED] - Statement - PreSaveFile = new java.io.File(((pathPrefix + java.lang.Integer.toString(counter)) + .png)): null

2018-12-12 13:49:24 - [TEST_STEP][PASSED] - Statement - counter = counter + 1: null

2018-12-12 13:49:24 - [TEST_STEP][PASSED] - Statement - PreSaveFile = new java.io.File(((pathPrefix + java.lang.Integer.toString(counter)) + .png)): null

2018-12-12 13:49:24 - [TEST_STEP][PASSED] - Statement - counter = counter + 1: null

2018-12-12 13:49:24 - [TEST_STEP][PASSED] - Statement - PreSaveFile = new java.io.File(((pathPrefix + java.lang.Integer.toString(counter)) + .png)): null

2018-12-12 13:49:24 - [TEST_STEP][PASSED] - Statement - counter = counter + 1: null

2018-12-12 13:49:24 - [TEST_STEP][PASSED] - Statement - PreSaveFile = new java.io.File(((pathPrefix + java.lang.Integer.toString(counter)) + .png)): null

2018-12-12 13:49:24 - [TEST_STEP][PASSED] - Statement - counter = counter + 1: null

2018-12-12 13:49:24 - [TEST_STEP][PASSED] - Statement - PreSaveFile = new java.io.File(((pathPrefix + java.lang.Integer.toString(counter)) + .png)): null

2018-12-12 13:49:24 - [TEST_STEP][PASSED] - Statement - counter = counter + 1: null

2018-12-12 13:49:24 - [TEST_STEP][PASSED] - Statement - PreSaveFile = new java.io.File(((pathPrefix + java.lang.Integer.toString(counter)) + .png)): null

2018-12-12 13:49:24 - [TEST_STEP][PASSED] - Statement - counter = counter + 1: null

2018-12-12 13:49:24 - [TEST_STEP][PASSED] - Statement - PreSaveFile = new java.io.File(((pathPrefix + java.lang.Integer.toString(counter)) + .png)): null

2018-12-12 13:49:24 - [TEST_STEP][PASSED] - Statement - counter = counter + 1: null

2018-12-12 13:49:24 - [TEST_STEP][PASSED] - Statement - PreSaveFile = new java.io.File(((pathPrefix + java.lang.Integer.toString(counter)) + .png)): null

2018-12-12 13:49:24 - [TEST_STEP][PASSED] - Statement - counter = counter + 1: null

2018-12-12 13:49:24 - [TEST_STEP][PASSED] - Statement - PreSaveFile = new java.io.File(((pathPrefix + java.lang.Integer.toString(counter)) + .png)): null

2018-12-12 13:49:24 - [TEST_STEP][PASSED] - Statement - counter = counter + 1: null

2018-12-12 13:49:24 - [TEST_STEP][PASSED] - Statement - PreSaveFile = new java.io.File(((pathPrefix + java.lang.Integer.toString(counter)) + .png)): null

2018-12-12 13:49:24 - [TEST_STEP][PASSED] - Statement - counter = counter + 1: null

2018-12-12 13:49:24 - [TEST_STEP][PASSED] - Statement - PreSaveFile = new java.io.File(((pathPrefix + java.lang.Integer.toString(counter)) + .png)): null

2018-12-12 13:49:24 - [TEST_STEP][PASSED] - Statement - counter = counter + 1: null

2018-12-12 13:49:24 - [TEST_STEP][PASSED] - Statement - PreSaveFile = new java.io.File(((pathPrefix + java.lang.Integer.toString(counter)) + .png)): null

2018-12-12 13:49:24 - [TEST_STEP][PASSED] - Statement - counter = counter + 1: null

2018-12-12 13:49:24 - [TEST_STEP][PASSED] - Statement - PreSaveFile = new java.io.File(((pathPrefix + java.lang.Integer.toString(counter)) + .png)): null

2018-12-12 13:49:24 - [TEST_STEP][PASSED] - Statement - counter = counter + 1: null

2018-12-12 13:49:24 - [TEST_STEP][PASSED] - Statement - PreSaveFile = new java.io.File(((pathPrefix + java.lang.Integer.toString(counter)) + .png)): null

2018-12-12 13:49:24 - [TEST_STEP][PASSED] - Statement - counter = counter + 1: null

2018-12-12 13:49:24 - [TEST_STEP][PASSED] - Statement - PreSaveFile = new java.io.File(((pathPrefix + java.lang.Integer.toString(counter)) + .png)): null

2018-12-12 13:49:24 - [TEST_STEP][PASSED] - Statement - counter = counter + 1: null

2018-12-12 13:49:24 - [TEST_STEP][PASSED] - Statement - PreSaveFile = new java.io.File(((pathPrefix + java.lang.Integer.toString(counter)) + .png)): null

2018-12-12 13:49:24 - [TEST_STEP][PASSED] - Statement - counter = counter + 1: null

2018-12-12 13:49:24 - [TEST_STEP][PASSED] - Statement - PreSaveFile = new java.io.File(((pathPrefix + java.lang.Integer.toString(counter)) + .png)): null

2018-12-12 13:49:24 - [TEST_STEP][PASSED] - Statement - counter = counter + 1: null

2018-12-12 13:49:24 - [TEST_STEP][PASSED] - Statement - PreSaveFile = new java.io.File(((pathPrefix + java.lang.Integer.toString(counter)) + .png)): null

2018-12-12 13:49:24 - [TEST_STEP][PASSED] - Statement - counter = counter + 1: null

2018-12-12 13:49:24 - [TEST_STEP][PASSED] - Statement - PreSaveFile = new java.io.File(((pathPrefix + java.lang.Integer.toString(counter)) + .png)): null

2018-12-12 13:49:24 - [TEST_STEP][PASSED] - Statement - counter = counter + 1: null

2018-12-12 13:49:24 - [TEST_STEP][PASSED] - Statement - PreSaveFile = new java.io.File(((pathPrefix + java.lang.Integer.toString(counter)) + .png)): null

2018-12-12 13:49:24 - [TEST_STEP][PASSED] - Statement - counter = counter + 1: null

2018-12-12 13:49:24 - [TEST_STEP][PASSED] - Statement - PreSaveFile = new java.io.File(((pathPrefix + java.lang.Integer.toString(counter)) + .png)): null

2018-12-12 13:49:24 - [TEST_STEP][PASSED] - Statement - counter = counter + 1: null

2018-12-12 13:49:24 - [TEST_STEP][PASSED] - Statement - PreSaveFile = new java.io.File(((pathPrefix + java.lang.Integer.toString(counter)) + .png)): null

2018-12-12 13:49:24 - [TEST_STEP][PASSED] - Statement - counter = counter + 1: null

2018-12-12 13:49:24 - [TEST_STEP][PASSED] - Statement - PreSaveFile = new java.io.File(((pathPrefix + java.lang.Integer.toString(counter)) + .png)): null

2018-12-12 13:49:24 - [TEST_STEP][PASSED] - Statement - counter = counter + 1: null

2018-12-12 13:49:24 - [TEST_STEP][PASSED] - Statement - PreSaveFile = new java.io.File(((pathPrefix + java.lang.Integer.toString(counter)) + .png)): null

2018-12-12 13:49:24 - [TEST_STEP][PASSED] - Statement - counter = counter + 1: null

2018-12-12 13:49:24 - [TEST_STEP][PASSED] - Statement - PreSaveFile = new java.io.File(((pathPrefix + java.lang.Integer.toString(counter)) + .png)): null

2018-12-12 13:49:24 - [TEST_STEP][PASSED] - Statement - counter = counter + 1: null

2018-12-12 13:49:24 - [TEST_STEP][PASSED] - Statement - PreSaveFile = new java.io.File(((pathPrefix + java.lang.Integer.toString(counter)) + .png)): null

2018-12-12 13:49:24 - [TEST_STEP][PASSED] - Statement - counter = counter + 1: null

2018-12-12 13:49:24 - [TEST_STEP][PASSED] - Statement - PreSaveFile = new java.io.File(((pathPrefix + java.lang.Integer.toString(counter)) + .png)): null

2018-12-12 13:49:24 - [TEST_STEP][PASSED] - Statement - counter = counter + 1: null

2018-12-12 13:49:24 - [TEST_STEP][PASSED] - Statement - PreSaveFile = new java.io.File(((pathPrefix + java.lang.Integer.toString(counter)) + .png)): null

2018-12-12 13:49:24 - [TEST_STEP][PASSED] - Statement - counter = counter + 1: null

2018-12-12 13:49:24 - [TEST_STEP][PASSED] - Statement - PreSaveFile = new java.io.File(((pathPrefix + java.lang.Integer.toString(counter)) + .png)): null

2018-12-12 13:49:24 - [TEST_STEP][PASSED] - Statement - counter = counter + 1: null

2018-12-12 13:49:24 - [TEST_STEP][PASSED] - Statement - PreSaveFile = new java.io.File(((pathPrefix + java.lang.Integer.toString(counter)) + .png)): null

2018-12-12 13:49:24 - [TEST_STEP][PASSED] - Statement - counter = counter + 1: null

2018-12-12 13:49:24 - [TEST_STEP][PASSED] - Statement - PreSaveFile = new java.io.File(((pathPrefix + java.lang.Integer.toString(counter)) + .png)): null

2018-12-12 13:49:24 - [TEST_STEP][PASSED] - Statement - counter = counter + 1: null

2018-12-12 13:49:24 - [TEST_STEP][PASSED] - Statement - PreSaveFile = new java.io.File(((pathPrefix + java.lang.Integer.toString(counter)) + .png)): null

2018-12-12 13:49:24 - [TEST_STEP][PASSED] - Statement - counter = counter + 1: null

2018-12-12 13:49:24 - [TEST_STEP][PASSED] - Statement - PreSaveFile = new java.io.File(((pathPrefix + java.lang.Integer.toString(counter)) + .png)): null

2018-12-12 13:49:24 - [TEST_STEP][PASSED] - Statement - counter = counter + 1: null

2018-12-12 13:49:24 - [TEST_STEP][PASSED] - Statement - PreSaveFile = new java.io.File(((pathPrefix + java.lang.Integer.toString(counter)) + .png)): null

2018-12-12 13:49:24 - [TEST_STEP][PASSED] - Statement - counter = counter + 1: null

2018-12-12 13:49:24 - [TEST_STEP][PASSED] - Statement - PreSaveFile = new java.io.File(((pathPrefix + java.lang.Integer.toString(counter)) + .png)): null

2018-12-12 13:49:24 - [TEST_STEP][PASSED] - Statement - counter = counter + 1: null

2018-12-12 13:49:24 - [TEST_STEP][PASSED] - Statement - PreSaveFile = new java.io.File(((pathPrefix + java.lang.Integer.toString(counter)) + .png)): null

2018-12-12 13:49:24 - [TEST_STEP][PASSED] - Statement - counter = counter + 1: null

2018-12-12 13:49:24 - [TEST_STEP][PASSED] - Statement - PreSaveFile = new java.io.File(((pathPrefix + java.lang.Integer.toString(counter)) + .png)): null

2018-12-12 13:49:24 - [TEST_STEP][PASSED] - Statement - counter = counter + 1: null

2018-12-12 13:49:24 - [TEST_STEP][PASSED] - Statement - PreSaveFile = new java.io.File(((pathPrefix + java.lang.Integer.toString(counter)) + .png)): null

2018-12-12 13:49:24 - [TEST_STEP][PASSED] - Statement - counter = counter + 1: null

2018-12-12 13:49:24 - [TEST_STEP][PASSED] - Statement - PreSaveFile = new java.io.File(((pathPrefix + java.lang.Integer.toString(counter)) + .png)): null

2018-12-12 13:49:24 - [TEST_STEP][PASSED] - Statement - counter = counter + 1: null

2018-12-12 13:49:24 - [TEST_STEP][PASSED] - Statement - PreSaveFile = new java.io.File(((pathPrefix + java.lang.Integer.toString(counter)) + .png)): null

2018-12-12 13:49:24 - [TEST_STEP][PASSED] - Statement - counter = counter + 1: null

2018-12-12 13:49:24 - [TEST_STEP][PASSED] - Statement - PreSaveFile = new java.io.File(((pathPrefix + java.lang.Integer.toString(counter)) + .png)): null

2018-12-12 13:49:24 - [TEST_STEP][PASSED] - Statement - counter = counter + 1: null

2018-12-12 13:49:24 - [TEST_STEP][PASSED] - Statement - PreSaveFile = new java.io.File(((pathPrefix + java.lang.Integer.toString(counter)) + .png)): null

2018-12-12 13:49:24 - [TEST_STEP][PASSED] - Statement - counter = counter + 1: null

2018-12-12 13:49:24 - [TEST_STEP][PASSED] - Statement - PreSaveFile = new java.io.File(((pathPrefix + java.lang.Integer.toString(counter)) + .png)): null

2018-12-12 13:49:24 - [TEST_STEP][PASSED] - Statement - counter = counter + 1: null

2018-12-12 13:49:24 - [TEST_STEP][PASSED] - Statement - PreSaveFile = new java.io.File(((pathPrefix + java.lang.Integer.toString(counter)) + .png)): null

2018-12-12 13:49:24 - [TEST_STEP][PASSED] - Statement - counter = counter + 1: null

2018-12-12 13:49:24 - [TEST_STEP][PASSED] - Statement - PreSaveFile = new java.io.File(((pathPrefix + java.lang.Integer.toString(counter)) + .png)): null

2018-12-12 13:49:24 - [TEST_STEP][PASSED] - Statement - counter = counter + 1: null

2018-12-12 13:49:24 - [TEST_STEP][PASSED] - Statement - PreSaveFile = new java.io.File(((pathPrefix + java.lang.Integer.toString(counter)) + .png)): null

2018-12-12 13:49:24 - [TEST_STEP][PASSED] - Statement - counter = counter + 1: null

2018-12-12 13:49:24 - [TEST_STEP][PASSED] - Statement - PreSaveFile = new java.io.File(((pathPrefix + java.lang.Integer.toString(counter)) + .png)): null

2018-12-12 13:49:24 - [TEST_STEP][PASSED] - Statement - counter = counter + 1: null

2018-12-12 13:49:24 - [TEST_STEP][PASSED] - Statement - PreSaveFile = new java.io.File(((pathPrefix + java.lang.Integer.toString(counter)) + .png)): null

2018-12-12 13:49:24 - [TEST_STEP][PASSED] - Statement - counter = counter + 1: null

2018-12-12 13:49:24 - [TEST_STEP][PASSED] - Statement - PreSaveFile = new java.io.File(((pathPrefix + java.lang.Integer.toString(counter)) + .png)): null

2018-12-12 13:49:24 - [TEST_STEP][PASSED] - Statement - counter = counter + 1: null

2018-12-12 13:49:24 - [TEST_STEP][PASSED] - Statement - PreSaveFile = new java.io.File(((pathPrefix + java.lang.Integer.toString(counter)) + .png)): null

2018-12-12 13:49:24 - [TEST_STEP][PASSED] - Statement - counter = counter + 1: null

2018-12-12 13:49:24 - [TEST_STEP][PASSED] - Statement - PreSaveFile = new java.io.File(((pathPrefix + java.lang.Integer.toString(counter)) + .png)): null

2018-12-12 13:49:24 - [TEST_STEP][PASSED] - Statement - counter = counter + 1: null

2018-12-12 13:49:24 - [TEST_STEP][PASSED] - Statement - PreSaveFile = new java.io.File(((pathPrefix + java.lang.Integer.toString(counter)) + .png)): null

2018-12-12 13:49:24 - [TEST_STEP][PASSED] - Statement - counter = counter + 1: null

2018-12-12 13:49:24 - [TEST_STEP][PASSED] - Statement - PreSaveFile = new java.io.File(((pathPrefix + java.lang.Integer.toString(counter)) + .png)): null

2018-12-12 13:49:24 - [TEST_STEP][PASSED] - Statement - counter = counter + 1: null

2018-12-12 13:49:24 - [TEST_STEP][PASSED] - Statement - PreSaveFile = new java.io.File(((pathPrefix + java.lang.Integer.toString(counter)) + .png)): null

2018-12-12 13:49:24 - [TEST_STEP][PASSED] - Statement - counter = counter + 1: null

2018-12-12 13:49:24 - [TEST_STEP][PASSED] - Statement - PreSaveFile = new java.io.File(((pathPrefix + java.lang.Integer.toString(counter)) + .png)): null

2018-12-12 13:49:24 - [TEST_STEP][PASSED] - Statement - counter = counter + 1: null

2018-12-12 13:49:24 - [TEST_STEP][PASSED] - Statement - PreSaveFile = new java.io.File(((pathPrefix + java.lang.Integer.toString(counter)) + .png)): null

2018-12-12 13:49:24 - [TEST_STEP][PASSED] - Statement - counter = counter + 1: null

2018-12-12 13:49:24 - [TEST_STEP][PASSED] - Statement - PreSaveFile = new java.io.File(((pathPrefix + java.lang.Integer.toString(counter)) + .png)): null

2018-12-12 13:49:24 - [TEST_STEP][PASSED] - Statement - counter = counter + 1: null

2018-12-12 13:49:24 - [TEST_STEP][PASSED] - Statement - PreSaveFile = new java.io.File(((pathPrefix + java.lang.Integer.toString(counter)) + .png)): null

2018-12-12 13:49:24 - [TEST_STEP][PASSED] - Statement - counter = counter + 1: null

2018-12-12 13:49:24 - [TEST_STEP][PASSED] - Statement - PreSaveFile = new java.io.File(((pathPrefix + java.lang.Integer.toString(counter)) + .png)): null

2018-12-12 13:49:24 - [TEST_STEP][PASSED] - Statement - counter = counter + 1: null

2018-12-12 13:49:24 - [TEST_STEP][PASSED] - Statement - PreSaveFile = new java.io.File(((pathPrefix + java.lang.Integer.toString(counter)) + .png)): null

2018-12-12 13:49:24 - [TEST_STEP][PASSED] - Statement - counter = counter + 1: null

2018-12-12 13:49:24 - [TEST_STEP][PASSED] - Statement - PreSaveFile = new java.io.File(((pathPrefix + java.lang.Integer.toString(counter)) + .png)): null

2018-12-12 13:49:24 - [TEST_STEP][PASSED] - Statement - counter = counter + 1: null

2018-12-12 13:49:24 - [TEST_STEP][PASSED] - Statement - PreSaveFile = new java.io.File(((pathPrefix + java.lang.Integer.toString(counter)) + .png)): null

2018-12-12 13:49:24 - [TEST_STEP][PASSED] - Statement - counter = counter + 1: null

2018-12-12 13:49:24 - [TEST_STEP][PASSED] - Statement - PreSaveFile = new java.io.File(((pathPrefix + java.lang.Integer.toString(counter)) + .png)): null

2018-12-12 13:49:24 - [TEST_STEP][PASSED] - Statement - counter = counter + 1: null

2018-12-12 13:49:24 - [TEST_STEP][PASSED] - Statement - PreSaveFile = new java.io.File(((pathPrefix + java.lang.Integer.toString(counter)) + .png)): null

2018-12-12 13:49:24 - [TEST_STEP][PASSED] - Statement - counter = counter + 1: null

2018-12-12 13:49:24 - [TEST_STEP][PASSED] - Statement - PreSaveFile = new java.io.File(((pathPrefix + java.lang.Integer.toString(counter)) + .png)): null

2018-12-12 13:49:24 - [TEST_STEP][PASSED] - Statement - counter = counter + 1: null

2018-12-12 13:49:24 - [TEST_STEP][PASSED] - Statement - PreSaveFile = new java.io.File(((pathPrefix + java.lang.Integer.toString(counter)) + .png)): null

2018-12-12 13:49:24 - [TEST_STEP][PASSED] - Statement - counter = counter + 1: null

2018-12-12 13:49:24 - [TEST_STEP][PASSED] - Statement - PreSaveFile = new java.io.File(((pathPrefix + java.lang.Integer.toString(counter)) + .png)): null

2018-12-12 13:49:24 - [TEST_STEP][PASSED] - Statement - counter = counter + 1: null

2018-12-12 13:49:24 - [TEST_STEP][PASSED] - Statement - PreSaveFile = new java.io.File(((pathPrefix + java.lang.Integer.toString(counter)) + .png)): null

2018-12-12 13:49:24 - [TEST_STEP][PASSED] - Statement - counter = counter + 1: null

2018-12-12 13:49:24 - [TEST_STEP][PASSED] - Statement - PreSaveFile = new java.io.File(((pathPrefix + java.lang.Integer.toString(counter)) + .png)): null

2018-12-12 13:49:24 - [TEST_STEP][PASSED] - Statement - counter = counter + 1: null

2018-12-12 13:49:24 - [TEST_STEP][PASSED] - Statement - PreSaveFile = new java.io.File(((pathPrefix + java.lang.Integer.toString(counter)) + .png)): null

2018-12-12 13:49:24 - [TEST_STEP][PASSED] - Statement - counter = counter + 1: null

2018-12-12 13:49:24 - [TEST_STEP][PASSED] - Statement - PreSaveFile = new java.io.File(((pathPrefix + java.lang.Integer.toString(counter)) + .png)): null

2018-12-12 13:49:24 - [TEST_STEP][PASSED] - Statement - counter = counter + 1: null

2018-12-12 13:49:24 - [TEST_STEP][PASSED] - Statement - PreSaveFile = new java.io.File(((pathPrefix + java.lang.Integer.toString(counter)) + .png)): null

2018-12-12 13:49:24 - [TEST_STEP][PASSED] - Statement - counter = counter + 1: null

2018-12-12 13:49:24 - [TEST_STEP][PASSED] - Statement - PreSaveFile = new java.io.File(((pathPrefix + java.lang.Integer.toString(counter)) + .png)): null

2018-12-12 13:49:24 - [TEST_STEP][PASSED] - Statement - counter = counter + 1: null

2018-12-12 13:49:24 - [TEST_STEP][PASSED] - Statement - PreSaveFile = new java.io.File(((pathPrefix + java.lang.Integer.toString(counter)) + .png)): null

2018-12-12 13:49:24 - [TEST_STEP][PASSED] - Statement - counter = counter + 1: null

2018-12-12 13:49:24 - [TEST_STEP][PASSED] - Statement - PreSaveFile = new java.io.File(((pathPrefix + java.lang.Integer.toString(counter)) + .png)): null

2018-12-12 13:49:24 - [TEST_STEP][PASSED] - Statement - counter = counter + 1: null

2018-12-12 13:49:24 - [TEST_STEP][PASSED] - Statement - PreSaveFile = new java.io.File(((pathPrefix + java.lang.Integer.toString(counter)) + .png)): null

2018-12-12 13:49:24 - [TEST_STEP][PASSED] - Statement - counter = counter + 1: null

2018-12-12 13:49:24 - [TEST_STEP][PASSED] - Statement - PreSaveFile = new java.io.File(((pathPrefix + java.lang.Integer.toString(counter)) + .png)): null

2018-12-12 13:49:24 - [TEST_STEP][PASSED] - Statement - counter = counter + 1: null

2018-12-12 13:49:24 - [TEST_STEP][PASSED] - Statement - PreSaveFile = new java.io.File(((pathPrefix + java.lang.Integer.toString(counter)) + .png)): null

2018-12-12 13:49:24 - [TEST_STEP][PASSED] - Statement - counter = counter + 1: null

2018-12-12 13:49:24 - [TEST_STEP][PASSED] - Statement - PreSaveFile = new java.io.File(((pathPrefix + java.lang.Integer.toString(counter)) + .png)): null

2018-12-12 13:49:24 - [TEST_STEP][PASSED] - Statement - counter = counter + 1: null

2018-12-12 13:49:24 - [TEST_STEP][PASSED] - Statement - PreSaveFile = new java.io.File(((pathPrefix + java.lang.Integer.toString(counter)) + .png)): null

2018-12-12 13:49:24 - [TEST_STEP][PASSED] - Statement - counter = counter + 1: null

2018-12-12 13:49:24 - [TEST_STEP][PASSED] - Statement - PreSaveFile = new java.io.File(((pathPrefix + java.lang.Integer.toString(counter)) + .png)): null

2018-12-12 13:49:24 - [TEST_STEP][PASSED] - Statement - counter = counter + 1: null

2018-12-12 13:49:24 - [TEST_STEP][PASSED] - Statement - PreSaveFile = new java.io.File(((pathPrefix + java.lang.Integer.toString(counter)) + .png)): null

2018-12-12 13:49:24 - [TEST_STEP][PASSED] - Statement - finalPath = pathPrefix + java.lang.Integer.toString(counter) + ".png": null

2018-12-12 13:49:24 - [TEST_STEP][PASSED] - Statement - SaveFile = new java.io.File(finalPath): null

2018-12-12 13:49:24 - [TEST_STEP][PASSED] - Statement - Try: null

2018-12-12 13:49:24 - [TEST_STEP][PASSED] - Statement - org.apache.commons.io.FileUtils.copyFile(scrFile, SaveFile): null

2018-12-12 13:49:24 - [TEST_STEP][PASSED] - Statement - out.println("file kept"): null

2018-12-12 13:49:24 - [TEST_STEP][PASSED] - delay: Delayed 10 second(s)

2018-12-12 13:49:34 - [MESSAGE][PASSED] - Delayed 10 second(s)

2018-12-12 13:49:34 - [MESSAGE][PASSED] - Call Test Case 'Test Cases/Final Aug 2018 - PKS Automation/Registration Module/New Registration/Submit and Screenshot/Submit Registration and Screenshot' successfully

2018-12-12 13:49:34 - [TEST_STEP][PASSED] - delay: Delayed 5 second(s)

2018-12-12 13:49:39 - [MESSAGE][PASSED] - Delayed 5 second(s)

2018-12-12 13:49:39 - [TEST_STEP][PASSED] - callTestCase: Call Test Case 'Test Cases/Final Aug 2018 - PKS Automation/Registration Module/Log Out/log out avoiding katalon tagging' successfully

2018-12-12 13:49:39 - [TEST_CASE][PASSED] - Test Cases/Final Aug 2018 - PKS Automation/Registration Module/Log Out/log out avoiding katalon tagging: Test Cases/Final Aug 2018 - PKS Automation/Registration Module/Log Out/log out avoiding katalon tagging

2018-12-12 13:49:39 - [TEST_STEP][PASSED] - navigateToUrl: Navigate to 'https://assist2-uat.perkeso.gov.my/c/portal/logout' successfully

2018-12-12 13:49:40 - [MESSAGE][PASSED] - Navigate to 'https://assist2-uat.perkeso.gov.my/c/portal/logout' successfully

2018-12-12 13:49:40 - [MESSAGE][PASSED] - Call Test Case 'Test Cases/Final Aug 2018 - PKS Automation/Registration Module/Log Out/log out avoiding katalon tagging' successfully

2018-12-12 13:49:40 - [TEST_STEP][PASSED] - callTestCase: Call Test Case 'Test Cases/Final Aug 2018 - PKS Automation/Common/Workflow Owner Finder' successfully

2018-12-12 13:49:40 - [TEST_CASE][PASSED] - Test Cases/Final Aug 2018 - PKS Automation/Common/Workflow Owner Finder: Test Cases/Final Aug 2018 - PKS Automation/Common/Workflow Owner Finder

2018-12-12 13:49:40 - [TEST_STEP][PASSED] - openBrowser: Browser is opened with url: ''

2018-12-12 13:49:40 - [MESSAGE][WARNING] - A browser is already opened. Closing browser and opening a new one

2018-12-12 13:49:45 - [MESSAGE][PASSED] - Browser is opened with url: ''

2018-12-12 13:49:45 - [TEST_STEP][PASSED] - navigateToUrl: Navigate to 'https://assist2-uat.perkeso.gov.my/login' successfully

2018-12-12 13:49:46 - [MESSAGE][PASSED] - Navigate to 'https://assist2-uat.perkeso.gov.my/login' successfully

2018-12-12 13:49:46 - [TEST_STEP][PASSED] - delay: Delayed 5 second(s)

2018-12-12 13:49:51 - [MESSAGE][PASSED] - Delayed 5 second(s)

2018-12-12 13:49:51 - [TEST_STEP][PASSED] - setText: Text 'test@liferay.com' is set on object 'Object Repository/Final Object Repo/Login Page/Internal User/Email Address'

2018-12-12 13:49:51 - [MESSAGE][PASSED] - Text 'test@liferay.com' is set on object 'Object Repository/Final Object Repo/Login Page/Internal User/Email Address'

2018-12-12 13:49:51 - [TEST_STEP][PASSED] - click: Object: 'Object Repository/Final Object Repo/Login Page/Internal User/Next Button' is clicked on

2018-12-12 13:49:51 - [MESSAGE][PASSED] - Object: 'Object Repository/Final Object Repo/Login Page/Internal User/Next Button' is clicked on

2018-12-12 13:49:51 - [TEST_STEP][PASSED] - delay: Delayed 2 second(s)

2018-12-12 13:49:53 - [MESSAGE][PASSED] - Delayed 2 second(s)

2018-12-12 13:49:53 - [TEST_STEP][PASSED] - setText: Text 'test' is set on object 'Object Repository/Final Object Repo/Login Page/Internal User/Password'

2018-12-12 13:49:54 - [MESSAGE][PASSED] - Text 'test' is set on object 'Object Repository/Final Object Repo/Login Page/Internal User/Password'

2018-12-12 13:49:54 - [TEST_STEP][PASSED] - delay: Delayed 2 second(s)

2018-12-12 13:49:56 - [MESSAGE][PASSED] - Delayed 2 second(s)

2018-12-12 13:49:56 - [TEST_STEP][PASSED] - click: Object: 'Object Repository/Final Object Repo/Login Page/Internal User/Login Button' is clicked on

2018-12-12 13:49:56 - [MESSAGE][PASSED] - Object: 'Object Repository/Final Object Repo/Login Page/Internal User/Login Button' is clicked on

2018-12-12 13:49:56 - [TEST_STEP][PASSED] - Statement - tester = com.kms.katalon.core.testobject.ObjectRepository.findTestObject(Final Object Repo/Landing Page/Select to English): Finding Test Object with id 'Object Repository/Final Object Repo/Landing Page/Select to English'

2018-12-12 13:49:56 - [TEST_STEP][PASSED] - Statement - Try: Delayed 2 second(s)

2018-12-12 13:49:56 - [TEST_STEP][PASSED] - Statement - Checker = com.kms.katalon.core.webui.keyword.WebUiBuiltInKeywords.verifyElementNotPresent(tester, 3): Web element with id: 'Object Repository/Final Object Repo/Landing Page/Select to English' located by 'By.xpath: //a[@class = 'taglib-language-list-text' and @lang = 'en-US' and (contains(text(), 'EN') or contains(., 'EN'))]' is not present after '3' second(s)

2018-12-12 13:49:58 - [MESSAGE][PASSED] - Web element with id: 'Object Repository/Final Object Repo/Landing Page/Select to English' located by 'By.xpath: //a[@class = 'taglib-language-list-text' and @lang = 'en-US' and (contains(text(), 'EN') or contains(., 'EN'))]' is not present after '3' second(s)

2018-12-12 13:49:58 - [TEST_STEP][PASSED] - Statement - If (Checker == false): null

2018-12-12 13:49:58 - [TEST_STEP][PASSED] - delay: Delayed 2 second(s)

2018-12-12 13:50:00 - [MESSAGE][PASSED] - Delayed 2 second(s)

2018-12-12 13:50:00 - [TEST_STEP][PASSED] - delay: Delayed 5 second(s)

2018-12-12 13:50:05 - [MESSAGE][PASSED] - Delayed 5 second(s)

2018-12-12 13:50:05 - [TEST_STEP][PASSED] - mouseOver: Object: 'Object Repository/Final Object Repo/Landing Page/WorkFlow Menu' is hovered

2018-12-12 13:50:05 - [MESSAGE][PASSED] - Object: 'Object Repository/Final Object Repo/Landing Page/WorkFlow Menu' is hovered

2018-12-12 13:50:05 - [TEST_STEP][PASSED] - delay: Delayed 2 second(s)

2018-12-12 13:50:07 - [MESSAGE][PASSED] - Delayed 2 second(s)

2018-12-12 13:50:07 - [TEST_STEP][PASSED] - click: Object: 'Object Repository/Final Object Repo/Landing Page/Select to Workflow Listing' is clicked on

2018-12-12 13:50:08 - [MESSAGE][PASSED] - Object: 'Object Repository/Final Object Repo/Landing Page/Select to Workflow Listing' is clicked on

2018-12-12 13:50:08 - [TEST_STEP][PASSED] - delay: Delayed 2 second(s)

2018-12-12 13:50:10 - [MESSAGE][PASSED] - Delayed 2 second(s)

2018-12-12 13:50:10 - [TEST_STEP][PASSED] - click: Object: 'Object Repository/Final Object Repo/WorkFlow Listing Page/Search Information - To Put Ref No' is clicked on

2018-12-12 13:50:10 - [MESSAGE][PASSED] - Object: 'Object Repository/Final Object Repo/WorkFlow Listing Page/Search Information - To Put Ref No' is clicked on

2018-12-12 13:50:10 - [TEST_STEP][PASSED] - delay: Delayed 2 second(s)

2018-12-12 13:50:12 - [MESSAGE][PASSED] - Delayed 2 second(s)

2018-12-12 13:50:12 - [TEST_STEP][PASSED] - callTestCase: Call Test Case 'Test Cases/Final Aug 2018 - PKS Automation/Common/Reference Number Getter' successfully

2018-12-12 13:50:12 - [TEST_CASE][PASSED] - Test Cases/Final Aug 2018 - PKS Automation/Common/Reference Number Getter: Test Cases/Final Aug 2018 - PKS Automation/Common/Reference Number Getter

2018-12-12 13:50:12 - [TEST_STEP][PASSED] - Statement - Try: null

2018-12-12 13:50:12 - [TEST_STEP][PASSED] - Statement - RefNo = new java.io.File(C://Users//Admin//Desktop//PKS//Automation Reference Point//KatalonReference.txt): null

2018-12-12 13:50:12 - [TEST_STEP][PASSED] - Statement - bufferread = new java.io.BufferedReader(new java.io.FileReader(RefNo)): null

2018-12-12 13:50:12 - [TEST_STEP][PASSED] - Statement - readedVal = bufferread.readLine(): null

2018-12-12 13:50:12 - [TEST_STEP][PASSED] - Statement - out.println(CaseReferenceNo): null

2018-12-12 13:50:12 - [TEST_STEP][PASSED] - Statement - out.println(readedVal): null

2018-12-12 13:50:12 - [TEST_STEP][PASSED] - Statement - CaseReferenceNo = "": null

2018-12-12 13:50:12 - [TEST_STEP][PASSED] - Statement - CaseReferenceNo = readedVal: null

2018-12-12 13:50:12 - [MESSAGE][PASSED] - Call Test Case 'Test Cases/Final Aug 2018 - PKS Automation/Common/Reference Number Getter' successfully

2018-12-12 13:50:12 - [TEST_STEP][PASSED] - setText: Text 'CRN12201800123199' is set on object 'Object Repository/Final Object Repo/WorkFlow Listing Page/Ref No Set Text'

2018-12-12 13:50:13 - [MESSAGE][PASSED] - Text 'CRN12201800123199' is set on object 'Object Repository/Final Object Repo/WorkFlow Listing Page/Ref No Set Text'

2018-12-12 13:50:13 - [TEST_STEP][PASSED] - delay: Delayed 2 second(s)

2018-12-12 13:50:15 - [MESSAGE][PASSED] - Delayed 2 second(s)

2018-12-12 13:50:15 - [TEST_STEP][PASSED] - click: Object: 'Object Repository/Final Object Repo/WorkFlow Listing Page/Search Ref No Search Button' is clicked on

2018-12-12 13:50:15 - [MESSAGE][PASSED] - Object: 'Object Repository/Final Object Repo/WorkFlow Listing Page/Search Ref No Search Button' is clicked on

2018-12-12 13:50:15 - [TEST_STEP][PASSED] - delay: Delayed 6 second(s)

2018-12-12 13:50:21 - [MESSAGE][PASSED] - Delayed 6 second(s)

2018-12-12 13:50:21 - [TEST_STEP][PASSED] - click: Object: 'Object Repository/Final Object Repo/WorkFlow Listing Page/Click Continue Tooltip' is clicked on

2018-12-12 13:50:22 - [MESSAGE][PASSED] - Object: 'Object Repository/Final Object Repo/WorkFlow Listing Page/Click Continue Tooltip' is clicked on

2018-12-12 13:50:22 - [TEST_STEP][PASSED] - delay: Delayed 5 second(s)

2018-12-12 13:50:27 - [MESSAGE][PASSED] - Delayed 5 second(s)

2018-12-12 13:50:27 - [TEST_STEP][PASSED] - doubleClick: Object: 'Object Repository/Final Object Repo/WorkFlow Listing Page/Workflow Found - Listing 1' is double clicked on

2018-12-12 13:50:27 - [MESSAGE][PASSED] - Object: 'Object Repository/Final Object Repo/WorkFlow Listing Page/Workflow Found - Listing 1' is double clicked on

2018-12-12 13:50:27 - [TEST_STEP][PASSED] - Statement - println(OwnerID): null

2018-12-12 13:50:27 - [TEST_STEP][PASSED] - Statement - OwnerID = com.kms.katalon.core.webui.keyword.WebUiBuiltInKeywords.getText(com.kms.katalon.core.testobject.ObjectRepository.findTestObject(Final Object Repo/WorkFlow Listing Page/Workflow Found - Listing 1), STOP_ON_FAILURE): Text of object 'Object Repository/Final Object Repo/WorkFlow Listing Page/Workflow Found - Listing 1' is: 'JOHORro2'

2018-12-12 13:50:27 - [MESSAGE][PASSED] - Text of object 'Object Repository/Final Object Repo/WorkFlow Listing Page/Workflow Found - Listing 1' is: 'JOHORro2'

2018-12-12 13:50:27 - [TEST_STEP][PASSED] - Statement - OwnerID = OwnerID.toLowerCase() + "@gmail.com": null

2018-12-12 13:50:27 - [TEST_STEP][PASSED] - Statement - println(OwnerID): null

2018-12-12 13:50:27 - [TEST_STEP][PASSED] - delay: Delayed 2 second(s)

2018-12-12 13:50:29 - [MESSAGE][PASSED] - Delayed 2 second(s)

2018-12-12 13:50:29 - [MESSAGE][PASSED] - Call Test Case 'Test Cases/Final Aug 2018 - PKS Automation/Common/Workflow Owner Finder' successfully

2018-12-12 13:50:29 - [TEST_STEP][PASSED] - callTestCase: Call Test Case 'Test Cases/Final Aug 2018 - PKS Automation/Registration Module/Log Out/log out avoiding katalon tagging' successfully

2018-12-12 13:50:29 - [TEST_CASE][PASSED] - Test Cases/Final Aug 2018 - PKS Automation/Registration Module/Log Out/log out avoiding katalon tagging: Test Cases/Final Aug 2018 - PKS Automation/Registration Module/Log Out/log out avoiding katalon tagging

2018-12-12 13:50:29 - [TEST_STEP][PASSED] - navigateToUrl: Navigate to 'https://assist2-uat.perkeso.gov.my/c/portal/logout' successfully

2018-12-12 13:50:30 - [MESSAGE][PASSED] - Navigate to 'https://assist2-uat.perkeso.gov.my/c/portal/logout' successfully

2018-12-12 13:50:30 - [MESSAGE][PASSED] - Call Test Case 'Test Cases/Final Aug 2018 - PKS Automation/Registration Module/Log Out/log out avoiding katalon tagging' successfully

2018-12-12 13:50:30 - [TEST_STEP][PASSED] - delay: Delayed 2 second(s)

2018-12-12 13:50:32 - [MESSAGE][PASSED] - Delayed 2 second(s)

2018-12-12 13:50:32 - [TEST_STEP][PASSED] - setText: Text 'johorro2@gmail.com' is set on object 'Object Repository/Final Object Repo/New Registration - Registration Module Pages/New Reg - OTC to RO/Special Case - All Related Objects/Email TextBox'

2018-12-12 13:50:32 - [MESSAGE][PASSED] - Text 'johorro2@gmail.com' is set on object 'Object Repository/Final Object Repo/New Registration - Registration Module Pages/New Reg - OTC to RO/Special Case - All Related Objects/Email TextBox'

2018-12-12 13:50:32 - [TEST_STEP][PASSED] - click: Object: 'Object Repository/Final Object Repo/New Registration - Registration Module Pages/New Reg - OTC to RO/Special Case - All Related Objects/Next Button' is clicked on

2018-12-12 13:50:33 - [MESSAGE][PASSED] - Object: 'Object Repository/Final Object Repo/New Registration - Registration Module Pages/New Reg - OTC to RO/Special Case - All Related Objects/Next Button' is clicked on

2018-12-12 13:50:33 - [TEST_STEP][PASSED] - delay: Delayed 2 second(s)

2018-12-12 13:50:35 - [MESSAGE][PASSED] - Delayed 2 second(s)

2018-12-12 13:50:35 - [TEST_STEP][PASSED] - setText: Text 'Test1@3456789' is set on object 'Object Repository/Final Object Repo/New Registration - Registration Module Pages/New Reg - OTC to RO/Special Case - All Related Objects/Password TextBox'

2018-12-12 13:50:35 - [MESSAGE][PASSED] - Text 'Test1@3456789' is set on object 'Object Repository/Final Object Repo/New Registration - Registration Module Pages/New Reg - OTC to RO/Special Case - All Related Objects/Password TextBox'

2018-12-12 13:50:35 - [TEST_STEP][PASSED] - delay: Delayed 2 second(s)

2018-12-12 13:50:37 - [MESSAGE][PASSED] - Delayed 2 second(s)

2018-12-12 13:50:37 - [TEST_STEP][PASSED] - click: Object: 'Object Repository/Final Object Repo/New Registration - Registration Module Pages/New Reg - OTC to RO/Special Case - All Related Objects/Login Button' is clicked on

2018-12-12 13:50:37 - [MESSAGE][PASSED] - Object: 'Object Repository/Final Object Repo/New Registration - Registration Module Pages/New Reg - OTC to RO/Special Case - All Related Objects/Login Button' is clicked on

2018-12-12 13:50:37 - [TEST_STEP][PASSED] - delay: Delayed 2 second(s)

2018-12-12 13:50:39 - [MESSAGE][PASSED] - Delayed 2 second(s)

2018-12-12 13:50:39 - [TEST_STEP][PASSED] - Statement - Try: null

2018-12-12 13:50:39 - [TEST_STEP][PASSED] - Statement - Checker = com.kms.katalon.core.webui.keyword.WebUiBuiltInKeywords.verifyElementNotPresent("Final Object Repo/Landing Page/Select to English", 3): null

2018-12-12 13:50:39 - [TEST_STEP][PASSED] - Statement - Catch (Exception e): null

2018-12-12 13:50:39 - [TEST_STEP][PASSED] - Statement - e.printStackTrace(): null

2018-12-12 13:50:39 - [TEST_STEP][PASSED] - click: Object: 'Object Repository/Final Object Repo/New Registration - Registration Module Pages/New Reg - OTC to RO/Special Case - All Related Objects/Expand to Search' is clicked on

2018-12-12 13:50:39 - [MESSAGE][PASSED] - Object: 'Object Repository/Final Object Repo/New Registration - Registration Module Pages/New Reg - OTC to RO/Special Case - All Related Objects/Expand to Search' is clicked on

2018-12-12 13:50:39 - [TEST_STEP][PASSED] - delay: Delayed 2 second(s)

2018-12-12 13:50:41 - [MESSAGE][PASSED] - Delayed 2 second(s)

2018-12-12 13:50:41 - [TEST_STEP][PASSED] - setText: Text 'CRN12201800123199' is set on object 'Object Repository/Final Object Repo/New Registration - Registration Module Pages/New Reg - OTC to RO/Special Case - All Related Objects/TextBox RefNo in Workbasket'

2018-12-12 13:50:42 - [MESSAGE][PASSED] - Text 'CRN12201800123199' is set on object 'Object Repository/Final Object Repo/New Registration - Registration Module Pages/New Reg - OTC to RO/Special Case - All Related Objects/TextBox RefNo in Workbasket'

2018-12-12 13:50:42 - [TEST_STEP][PASSED] - delay: Delayed 2 second(s)

2018-12-12 13:50:44 - [MESSAGE][PASSED] - Delayed 2 second(s)

2018-12-12 13:50:44 - [TEST_STEP][PASSED] - click: Object: 'Object Repository/Final Object Repo/New Registration - Registration Module Pages/New Reg - OTC to RO/Special Case - All Related Objects/Click Search' is clicked on

2018-12-12 13:50:44 - [MESSAGE][PASSED] - Object: 'Object Repository/Final Object Repo/New Registration - Registration Module Pages/New Reg - OTC to RO/Special Case - All Related Objects/Click Search' is clicked on

2018-12-12 13:50:44 - [TEST_STEP][PASSED] - delay: Delayed 2 second(s)

2018-12-12 13:50:46 - [MESSAGE][PASSED] - Delayed 2 second(s)

2018-12-12 13:50:46 - [TEST_STEP][PASSED] - click: Object: 'Object Repository/Final Object Repo/New Registration - Registration Module Pages/New Reg - OTC to RO/Special Case - All Related Objects/Click to Continue Workflow' is clicked on

2018-12-12 13:50:49 - [MESSAGE][PASSED] - Object: 'Object Repository/Final Object Repo/New Registration - Registration Module Pages/New Reg - OTC to RO/Special Case - All Related Objects/Click to Continue Workflow' is clicked on

2018-12-12 13:50:49 - [TEST_STEP][PASSED] - delay: Delayed 8 second(s)

2018-12-12 13:50:57 - [MESSAGE][PASSED] - Delayed 8 second(s)

2018-12-12 13:50:57 - [TEST_STEP][PASSED] - click: Object: 'Object Repository/Final Object Repo/New Registration - Registration Module Pages/New Reg - OTC to RO/Special Case - All Related Objects/Continue Button in verifying case' is clicked on

2018-12-12 13:50:59 - [MESSAGE][PASSED] - Object: 'Object Repository/Final Object Repo/New Registration - Registration Module Pages/New Reg - OTC to RO/Special Case - All Related Objects/Continue Button in verifying case' is clicked on

2018-12-12 13:50:59 - [TEST_STEP][PASSED] - delay: Delayed 2 second(s)

2018-12-12 13:51:01 - [MESSAGE][PASSED] - Delayed 2 second(s)

2018-12-12 13:51:01 - [TEST_STEP][PASSED] - click: Object: 'Object Repository/Final Object Repo/New Registration - Registration Module Pages/Form 1/Registered As a Branch - Yes' is clicked on

2018-12-12 13:51:02 - [MESSAGE][PASSED] - Object: 'Object Repository/Final Object Repo/New Registration - Registration Module Pages/Form 1/Registered As a Branch - Yes' is clicked on

2018-12-12 13:51:02 - [TEST_STEP][PASSED] - delay: Delayed 2 second(s)

2018-12-12 13:51:04 - [MESSAGE][PASSED] - Delayed 2 second(s)

2018-12-12 13:51:04 - [TEST_STEP][PASSED] - click: Object: 'Object Repository/Final Object Repo/New Registration - Registration Module Pages/New Reg - OTC to RO/Special Case - All Related Objects/Form 1 Save n Continue' is clicked on

2018-12-12 13:51:05 - [MESSAGE][PASSED] - Object: 'Object Repository/Final Object Repo/New Registration - Registration Module Pages/New Reg - OTC to RO/Special Case - All Related Objects/Form 1 Save n Continue' is clicked on

2018-12-12 13:51:05 - [TEST_STEP][PASSED] - delay: Delayed 2 second(s)

2018-12-12 13:51:07 - [MESSAGE][PASSED] - Delayed 2 second(s)

2018-12-12 13:51:07 - [TEST_STEP][PASSED] - click: Object: 'Object Repository/Final Object Repo/New Registration - Registration Module Pages/New Reg - OTC to RO/Special Case - All Related Objects/Form 2 Save n Continue' is clicked on

2018-12-12 13:51:10 - [MESSAGE][PASSED] - Object: 'Object Repository/Final Object Repo/New Registration - Registration Module Pages/New Reg - OTC to RO/Special Case - All Related Objects/Form 2 Save n Continue' is clicked on

2018-12-12 13:51:10 - [TEST_STEP][PASSED] - delay: Delayed 2 second(s)

2018-12-12 13:51:12 - [MESSAGE][PASSED] - Delayed 2 second(s)

2018-12-12 13:51:12 - [TEST_STEP][PASSED] - click: Object: 'Object Repository/Final Object Repo/New Registration - Registration Module Pages/New Reg - OTC to RO/Special Case - All Related Objects/Third Screen Save n Continue' is clicked on

2018-12-12 13:51:18 - [MESSAGE][PASSED] - Object: 'Object Repository/Final Object Repo/New Registration - Registration Module Pages/New Reg - OTC to RO/Special Case - All Related Objects/Third Screen Save n Continue' is clicked on

2018-12-12 13:51:18 - [TEST_STEP][PASSED] - delay: Delayed 5 second(s)

2018-12-12 13:51:23 - [MESSAGE][PASSED] - Delayed 5 second(s)

2018-12-12 13:51:23 - [TEST_STEP][PASSED] - click: Object: 'Object Repository/Final Object Repo/New Registration - Registration Module Pages/New Reg - OTC to RO/Special Case - All Related Objects/Upload Doc Page Save n Continue' is clicked on

2018-12-12 13:51:27 - [MESSAGE][PASSED] - Object: 'Object Repository/Final Object Repo/New Registration - Registration Module Pages/New Reg - OTC to RO/Special Case - All Related Objects/Upload Doc Page Save n Continue' is clicked on

2018-12-12 13:51:27 - [TEST_STEP][PASSED] - delay: Delayed 5 second(s)

2018-12-12 13:51:32 - [MESSAGE][PASSED] - Delayed 5 second(s)

2018-12-12 13:51:32 - [TEST_STEP][PASSED] - click: Object: 'Object Repository/Final Object Repo/New Registration - Registration Module Pages/New Reg - OTC to RO/Special Case - All Related Objects/Under Enforcement Button at Preview Screen of RO' is clicked on

2018-12-12 13:51:33 - [MESSAGE][PASSED] - Object: 'Object Repository/Final Object Repo/New Registration - Registration Module Pages/New Reg - OTC to RO/Special Case - All Related Objects/Under Enforcement Button at Preview Screen of RO' is clicked on

2018-12-12 13:51:33 - [TEST_STEP][PASSED] - delay: Delayed 5 second(s)

2018-12-12 13:51:38 - [MESSAGE][PASSED] - Delayed 5 second(s)

2018-12-12 13:51:38 - [TEST_STEP][PASSED] - click: Object: 'Object Repository/Final Object Repo/New Registration - Registration Module Pages/New Reg - OTC to RO/Special Case - All Related Objects/Under Enforcement - inner form' is clicked on

2018-12-12 13:51:38 - [MESSAGE][PASSED] - Object: 'Object Repository/Final Object Repo/New Registration - Registration Module Pages/New Reg - OTC to RO/Special Case - All Related Objects/Under Enforcement - inner form' is clicked on

2018-12-12 13:51:38 - [TEST_STEP][PASSED] - callTestCase: Call Test Case 'Test Cases/Final Aug 2018 - PKS Automation/Common/Screenshoting tool' successfully

2018-12-12 13:51:38 - [TEST_CASE][PASSED] - Test Cases/Final Aug 2018 - PKS Automation/Common/Screenshoting tool: Test Cases/Final Aug 2018 - PKS Automation/Common/Screenshoting tool

2018-12-12 13:51:38 - [TEST_STEP][PASSED] - delay: Delayed 15 second(s)

2018-12-12 13:51:53 - [MESSAGE][PASSED] - Delayed 15 second(s)

2018-12-12 13:51:53 - [TEST_STEP][PASSED] - Statement - driver = com.kms.katalon.core.webui.driver.DriverFactory.getWebDriver(): null

2018-12-12 13:51:53 - [TEST_STEP][PASSED] - Statement - driver.manage().timeouts().implicitlyWait(10, SECONDS): null

2018-12-12 13:51:53 - [TEST_STEP][PASSED] - Statement - PresavePath = KatalonScreenshots: null

2018-12-12 13:51:53 - [TEST_STEP][PASSED] - Statement - pathPrefix = "C:\Users\Public\Pictures\Sample Pictures\Katalon Screenshots\Automate Ending Screen": null

2018-12-12 13:51:53 - [TEST_STEP][PASSED] - Statement - finalPath = <not implemented yet for class: org.codehaus.groovy.ast.expr.EmptyExpression>: null

2018-12-12 13:51:53 - [TEST_STEP][PASSED] - Statement - scrFile = driver.getScreenshotAs(FILE): null

2018-12-12 13:51:53 - [TEST_STEP][PASSED] - Statement - PreSaveFile = new java.io.File(PresavePath): null

2018-12-12 13:51:53 - [TEST_STEP][PASSED] - Statement - counter = 0: null

2018-12-12 13:51:53 - [TEST_STEP][PASSED] - Statement - If (PreSaveFile.exists()): null

2018-12-12 13:51:53 - [TEST_STEP][PASSED] - Statement - While (PreSaveFile.exists()): null

2018-12-12 13:51:53 - [TEST_STEP][PASSED] - Statement - counter = counter + 1: null

2018-12-12 13:51:53 - [TEST_STEP][PASSED] - Statement - PreSaveFile = new java.io.File(((pathPrefix + java.lang.Integer.toString(counter)) + .png)): null

2018-12-12 13:51:53 - [TEST_STEP][PASSED] - Statement - counter = counter + 1: null

2018-12-12 13:51:53 - [TEST_STEP][PASSED] - Statement - PreSaveFile = new java.io.File(((pathPrefix + java.lang.Integer.toString(counter)) + .png)): null

2018-12-12 13:51:53 - [TEST_STEP][PASSED] - Statement - counter = counter + 1: null

2018-12-12 13:51:53 - [TEST_STEP][PASSED] - Statement - PreSaveFile = new java.io.File(((pathPrefix + java.lang.Integer.toString(counter)) + .png)): null

2018-12-12 13:51:53 - [TEST_STEP][PASSED] - Statement - counter = counter + 1: null

2018-12-12 13:51:53 - [TEST_STEP][PASSED] - Statement - PreSaveFile = new java.io.File(((pathPrefix + java.lang.Integer.toString(counter)) + .png)): null

2018-12-12 13:51:53 - [TEST_STEP][PASSED] - Statement - counter = counter + 1: null

2018-12-12 13:51:53 - [TEST_STEP][PASSED] - Statement - PreSaveFile = new java.io.File(((pathPrefix + java.lang.Integer.toString(counter)) + .png)): null

2018-12-12 13:51:53 - [TEST_STEP][PASSED] - Statement - counter = counter + 1: null

2018-12-12 13:51:53 - [TEST_STEP][PASSED] - Statement - PreSaveFile = new java.io.File(((pathPrefix + java.lang.Integer.toString(counter)) + .png)): null

2018-12-12 13:51:53 - [TEST_STEP][PASSED] - Statement - counter = counter + 1: null

2018-12-12 13:51:53 - [TEST_STEP][PASSED] - Statement - PreSaveFile = new java.io.File(((pathPrefix + java.lang.Integer.toString(counter)) + .png)): null

2018-12-12 13:51:53 - [TEST_STEP][PASSED] - Statement - counter = counter + 1: null

2018-12-12 13:51:53 - [TEST_STEP][PASSED] - Statement - PreSaveFile = new java.io.File(((pathPrefix + java.lang.Integer.toString(counter)) + .png)): null

2018-12-12 13:51:53 - [TEST_STEP][PASSED] - Statement - counter = counter + 1: null

2018-12-12 13:51:53 - [TEST_STEP][PASSED] - Statement - PreSaveFile = new java.io.File(((pathPrefix + java.lang.Integer.toString(counter)) + .png)): null

2018-12-12 13:51:53 - [TEST_STEP][PASSED] - Statement - counter = counter + 1: null

2018-12-12 13:51:53 - [TEST_STEP][PASSED] - Statement - PreSaveFile = new java.io.File(((pathPrefix + java.lang.Integer.toString(counter)) + .png)): null

2018-12-12 13:51:53 - [TEST_STEP][PASSED] - Statement - counter = counter + 1: null

2018-12-12 13:51:53 - [TEST_STEP][PASSED] - Statement - PreSaveFile = new java.io.File(((pathPrefix + java.lang.Integer.toString(counter)) + .png)): null

2018-12-12 13:51:53 - [TEST_STEP][PASSED] - Statement - counter = counter + 1: null

2018-12-12 13:51:53 - [TEST_STEP][PASSED] - Statement - PreSaveFile = new java.io.File(((pathPrefix + java.lang.Integer.toString(counter)) + .png)): null

2018-12-12 13:51:53 - [TEST_STEP][PASSED] - Statement - counter = counter + 1: null

2018-12-12 13:51:53 - [TEST_STEP][PASSED] - Statement - PreSaveFile = new java.io.File(((pathPrefix + java.lang.Integer.toString(counter)) + .png)): null

2018-12-12 13:51:53 - [TEST_STEP][PASSED] - Statement - counter = counter + 1: null

2018-12-12 13:51:53 - [TEST_STEP][PASSED] - Statement - PreSaveFile = new java.io.File(((pathPrefix + java.lang.Integer.toString(counter)) + .png)): null

2018-12-12 13:51:53 - [TEST_STEP][PASSED] - Statement - counter = counter + 1: null

2018-12-12 13:51:53 - [TEST_STEP][PASSED] - Statement - PreSaveFile = new java.io.File(((pathPrefix + java.lang.Integer.toString(counter)) + .png)): null

2018-12-12 13:51:53 - [TEST_STEP][PASSED] - Statement - counter = counter + 1: null

2018-12-12 13:51:53 - [TEST_STEP][PASSED] - Statement - PreSaveFile = new java.io.File(((pathPrefix + java.lang.Integer.toString(counter)) + .png)): null

2018-12-12 13:51:53 - [TEST_STEP][PASSED] - Statement - counter = counter + 1: null

2018-12-12 13:51:53 - [TEST_STEP][PASSED] - Statement - PreSaveFile = new java.io.File(((pathPrefix + java.lang.Integer.toString(counter)) + .png)): null

2018-12-12 13:51:53 - [TEST_STEP][PASSED] - Statement - counter = counter + 1: null

2018-12-12 13:51:53 - [TEST_STEP][PASSED] - Statement - PreSaveFile = new java.io.File(((pathPrefix + java.lang.Integer.toString(counter)) + .png)): null

2018-12-12 13:51:53 - [TEST_STEP][PASSED] - Statement - counter = counter + 1: null

2018-12-12 13:51:53 - [TEST_STEP][PASSED] - Statement - PreSaveFile = new java.io.File(((pathPrefix + java.lang.Integer.toString(counter)) + .png)): null

2018-12-12 13:51:53 - [TEST_STEP][PASSED] - Statement - counter = counter + 1: null

2018-12-12 13:51:53 - [TEST_STEP][PASSED] - Statement - PreSaveFile = new java.io.File(((pathPrefix + java.lang.Integer.toString(counter)) + .png)): null

2018-12-12 13:51:53 - [TEST_STEP][PASSED] - Statement - counter = counter + 1: null

2018-12-12 13:51:53 - [TEST_STEP][PASSED] - Statement - PreSaveFile = new java.io.File(((pathPrefix + java.lang.Integer.toString(counter)) + .png)): null

2018-12-12 13:51:53 - [TEST_STEP][PASSED] - Statement - counter = counter + 1: null

2018-12-12 13:51:53 - [TEST_STEP][PASSED] - Statement - PreSaveFile = new java.io.File(((pathPrefix + java.lang.Integer.toString(counter)) + .png)): null

2018-12-12 13:51:53 - [TEST_STEP][PASSED] - Statement - counter = counter + 1: null

2018-12-12 13:51:53 - [TEST_STEP][PASSED] - Statement - PreSaveFile = new java.io.File(((pathPrefix + java.lang.Integer.toString(counter)) + .png)): null

2018-12-12 13:51:53 - [TEST_STEP][PASSED] - Statement - counter = counter + 1: null

2018-12-12 13:51:53 - [TEST_STEP][PASSED] - Statement - PreSaveFile = new java.io.File(((pathPrefix + java.lang.Integer.toString(counter)) + .png)): null

2018-12-12 13:51:53 - [TEST_STEP][PASSED] - Statement - counter = counter + 1: null

2018-12-12 13:51:53 - [TEST_STEP][PASSED] - Statement - PreSaveFile = new java.io.File(((pathPrefix + java.lang.Integer.toString(counter)) + .png)): null

2018-12-12 13:51:53 - [TEST_STEP][PASSED] - Statement - counter = counter + 1: null

2018-12-12 13:51:53 - [TEST_STEP][PASSED] - Statement - PreSaveFile = new java.io.File(((pathPrefix + java.lang.Integer.toString(counter)) + .png)): null

2018-12-12 13:51:53 - [TEST_STEP][PASSED] - Statement - counter = counter + 1: null

2018-12-12 13:51:53 - [TEST_STEP][PASSED] - Statement - PreSaveFile = new java.io.File(((pathPrefix + java.lang.Integer.toString(counter)) + .png)): null

2018-12-12 13:51:53 - [TEST_STEP][PASSED] - Statement - counter = counter + 1: null

2018-12-12 13:51:53 - [TEST_STEP][PASSED] - Statement - PreSaveFile = new java.io.File(((pathPrefix + java.lang.Integer.toString(counter)) + .png)): null

2018-12-12 13:51:53 - [TEST_STEP][PASSED] - Statement - counter = counter + 1: null

2018-12-12 13:51:53 - [TEST_STEP][PASSED] - Statement - PreSaveFile = new java.io.File(((pathPrefix + java.lang.Integer.toString(counter)) + .png)): null

2018-12-12 13:51:53 - [TEST_STEP][PASSED] - Statement - counter = counter + 1: null

2018-12-12 13:51:53 - [TEST_STEP][PASSED] - Statement - PreSaveFile = new java.io.File(((pathPrefix + java.lang.Integer.toString(counter)) + .png)): null

2018-12-12 13:51:53 - [TEST_STEP][PASSED] - Statement - counter = counter + 1: null

2018-12-12 13:51:53 - [TEST_STEP][PASSED] - Statement - PreSaveFile = new java.io.File(((pathPrefix + java.lang.Integer.toString(counter)) + .png)): null

2018-12-12 13:51:53 - [TEST_STEP][PASSED] - Statement - counter = counter + 1: null

2018-12-12 13:51:53 - [TEST_STEP][PASSED] - Statement - PreSaveFile = new java.io.File(((pathPrefix + java.lang.Integer.toString(counter)) + .png)): null

2018-12-12 13:51:53 - [TEST_STEP][PASSED] - Statement - counter = counter + 1: null

2018-12-12 13:51:53 - [TEST_STEP][PASSED] - Statement - PreSaveFile = new java.io.File(((pathPrefix + java.lang.Integer.toString(counter)) + .png)): null

2018-12-12 13:51:53 - [TEST_STEP][PASSED] - Statement - counter = counter + 1: null

2018-12-12 13:51:53 - [TEST_STEP][PASSED] - Statement - PreSaveFile = new java.io.File(((pathPrefix + java.lang.Integer.toString(counter)) + .png)): null

2018-12-12 13:51:53 - [TEST_STEP][PASSED] - Statement - counter = counter + 1: null

2018-12-12 13:51:53 - [TEST_STEP][PASSED] - Statement - PreSaveFile = new java.io.File(((pathPrefix + java.lang.Integer.toString(counter)) + .png)): null

2018-12-12 13:51:53 - [TEST_STEP][PASSED] - Statement - counter = counter + 1: null

2018-12-12 13:51:53 - [TEST_STEP][PASSED] - Statement - PreSaveFile = new java.io.File(((pathPrefix + java.lang.Integer.toString(counter)) + .png)): null

2018-12-12 13:51:53 - [TEST_STEP][PASSED] - Statement - counter = counter + 1: null

2018-12-12 13:51:53 - [TEST_STEP][PASSED] - Statement - PreSaveFile = new java.io.File(((pathPrefix + java.lang.Integer.toString(counter)) + .png)): null

2018-12-12 13:51:53 - [TEST_STEP][PASSED] - Statement - counter = counter + 1: null

2018-12-12 13:51:53 - [TEST_STEP][PASSED] - Statement - PreSaveFile = new java.io.File(((pathPrefix + java.lang.Integer.toString(counter)) + .png)): null

2018-12-12 13:51:53 - [TEST_STEP][PASSED] - Statement - counter = counter + 1: null

2018-12-12 13:51:53 - [TEST_STEP][PASSED] - Statement - PreSaveFile = new java.io.File(((pathPrefix + java.lang.Integer.toString(counter)) + .png)): null

2018-12-12 13:51:53 - [TEST_STEP][PASSED] - Statement - counter = counter + 1: null

2018-12-12 13:51:53 - [TEST_STEP][PASSED] - Statement - PreSaveFile = new java.io.File(((pathPrefix + java.lang.Integer.toString(counter)) + .png)): null

2018-12-12 13:51:53 - [TEST_STEP][PASSED] - Statement - counter = counter + 1: null

2018-12-12 13:51:53 - [TEST_STEP][PASSED] - Statement - PreSaveFile = new java.io.File(((pathPrefix + java.lang.Integer.toString(counter)) + .png)): null

2018-12-12 13:51:53 - [TEST_STEP][PASSED] - Statement - counter = counter + 1: null

2018-12-12 13:51:53 - [TEST_STEP][PASSED] - Statement - PreSaveFile = new java.io.File(((pathPrefix + java.lang.Integer.toString(counter)) + .png)): null

2018-12-12 13:51:53 - [TEST_STEP][PASSED] - Statement - counter = counter + 1: null

2018-12-12 13:51:53 - [TEST_STEP][PASSED] - Statement - PreSaveFile = new java.io.File(((pathPrefix + java.lang.Integer.toString(counter)) + .png)): null

2018-12-12 13:51:53 - [TEST_STEP][PASSED] - Statement - counter = counter + 1: null

2018-12-12 13:51:53 - [TEST_STEP][PASSED] - Statement - PreSaveFile = new java.io.File(((pathPrefix + java.lang.Integer.toString(counter)) + .png)): null

2018-12-12 13:51:53 - [TEST_STEP][PASSED] - Statement - counter = counter + 1: null

2018-12-12 13:51:53 - [TEST_STEP][PASSED] - Statement - PreSaveFile = new java.io.File(((pathPrefix + java.lang.Integer.toString(counter)) + .png)): null

2018-12-12 13:51:53 - [TEST_STEP][PASSED] - Statement - counter = counter + 1: null

2018-12-12 13:51:53 - [TEST_STEP][PASSED] - Statement - PreSaveFile = new java.io.File(((pathPrefix + java.lang.Integer.toString(counter)) + .png)): null

2018-12-12 13:51:53 - [TEST_STEP][PASSED] - Statement - counter = counter + 1: null

2018-12-12 13:51:53 - [TEST_STEP][PASSED] - Statement - PreSaveFile = new java.io.File(((pathPrefix + java.lang.Integer.toString(counter)) + .png)): null

2018-12-12 13:51:53 - [TEST_STEP][PASSED] - Statement - counter = counter + 1: null

2018-12-12 13:51:53 - [TEST_STEP][PASSED] - Statement - PreSaveFile = new java.io.File(((pathPrefix + java.lang.Integer.toString(counter)) + .png)): null

2018-12-12 13:51:53 - [TEST_STEP][PASSED] - Statement - counter = counter + 1: null

2018-12-12 13:51:53 - [TEST_STEP][PASSED] - Statement - PreSaveFile = new java.io.File(((pathPrefix + java.lang.Integer.toString(counter)) + .png)): null

2018-12-12 13:51:53 - [TEST_STEP][PASSED] - Statement - counter = counter + 1: null

2018-12-12 13:51:53 - [TEST_STEP][PASSED] - Statement - PreSaveFile = new java.io.File(((pathPrefix + java.lang.Integer.toString(counter)) + .png)): null

2018-12-12 13:51:53 - [TEST_STEP][PASSED] - Statement - counter = counter + 1: null

2018-12-12 13:51:53 - [TEST_STEP][PASSED] - Statement - PreSaveFile = new java.io.File(((pathPrefix + java.lang.Integer.toString(counter)) + .png)): null

2018-12-12 13:51:53 - [TEST_STEP][PASSED] - Statement - counter = counter + 1: null

2018-12-12 13:51:53 - [TEST_STEP][PASSED] - Statement - PreSaveFile = new java.io.File(((pathPrefix + java.lang.Integer.toString(counter)) + .png)): null

2018-12-12 13:51:53 - [TEST_STEP][PASSED] - Statement - counter = counter + 1: null

2018-12-12 13:51:53 - [TEST_STEP][PASSED] - Statement - PreSaveFile = new java.io.File(((pathPrefix + java.lang.Integer.toString(counter)) + .png)): null

2018-12-12 13:51:53 - [TEST_STEP][PASSED] - Statement - counter = counter + 1: null

2018-12-12 13:51:53 - [TEST_STEP][PASSED] - Statement - PreSaveFile = new java.io.File(((pathPrefix + java.lang.Integer.toString(counter)) + .png)): null

2018-12-12 13:51:53 - [TEST_STEP][PASSED] - Statement - counter = counter + 1: null

2018-12-12 13:51:53 - [TEST_STEP][PASSED] - Statement - PreSaveFile = new java.io.File(((pathPrefix + java.lang.Integer.toString(counter)) + .png)): null

2018-12-12 13:51:53 - [TEST_STEP][PASSED] - Statement - counter = counter + 1: null

2018-12-12 13:51:53 - [TEST_STEP][PASSED] - Statement - PreSaveFile = new java.io.File(((pathPrefix + java.lang.Integer.toString(counter)) + .png)): null

2018-12-12 13:51:53 - [TEST_STEP][PASSED] - Statement - counter = counter + 1: null

2018-12-12 13:51:53 - [TEST_STEP][PASSED] - Statement - PreSaveFile = new java.io.File(((pathPrefix + java.lang.Integer.toString(counter)) + .png)): null

2018-12-12 13:51:53 - [TEST_STEP][PASSED] - Statement - counter = counter + 1: null

2018-12-12 13:51:53 - [TEST_STEP][PASSED] - Statement - PreSaveFile = new java.io.File(((pathPrefix + java.lang.Integer.toString(counter)) + .png)): null

2018-12-12 13:51:53 - [TEST_STEP][PASSED] - Statement - counter = counter + 1: null

2018-12-12 13:51:53 - [TEST_STEP][PASSED] - Statement - PreSaveFile = new java.io.File(((pathPrefix + java.lang.Integer.toString(counter)) + .png)): null

2018-12-12 13:51:53 - [TEST_STEP][PASSED] - Statement - counter = counter + 1: null

2018-12-12 13:51:53 - [TEST_STEP][PASSED] - Statement - PreSaveFile = new java.io.File(((pathPrefix + java.lang.Integer.toString(counter)) + .png)): null

2018-12-12 13:51:53 - [TEST_STEP][PASSED] - Statement - counter = counter + 1: null

2018-12-12 13:51:53 - [TEST_STEP][PASSED] - Statement - PreSaveFile = new java.io.File(((pathPrefix + java.lang.Integer.toString(counter)) + .png)): null

2018-12-12 13:51:53 - [TEST_STEP][PASSED] - Statement - counter = counter + 1: null

2018-12-12 13:51:53 - [TEST_STEP][PASSED] - Statement - PreSaveFile = new java.io.File(((pathPrefix + java.lang.Integer.toString(counter)) + .png)): null

2018-12-12 13:51:53 - [TEST_STEP][PASSED] - Statement - counter = counter + 1: null

2018-12-12 13:51:53 - [TEST_STEP][PASSED] - Statement - PreSaveFile = new java.io.File(((pathPrefix + java.lang.Integer.toString(counter)) + .png)): null

2018-12-12 13:51:53 - [TEST_STEP][PASSED] - Statement - counter = counter + 1: null

2018-12-12 13:51:53 - [TEST_STEP][PASSED] - Statement - PreSaveFile = new java.io.File(((pathPrefix + java.lang.Integer.toString(counter)) + .png)): null

2018-12-12 13:51:53 - [TEST_STEP][PASSED] - Statement - counter = counter + 1: null

2018-12-12 13:51:53 - [TEST_STEP][PASSED] - Statement - PreSaveFile = new java.io.File(((pathPrefix + java.lang.Integer.toString(counter)) + .png)): null

2018-12-12 13:51:53 - [TEST_STEP][PASSED] - Statement - counter = counter + 1: null

2018-12-12 13:51:53 - [TEST_STEP][PASSED] - Statement - PreSaveFile = new java.io.File(((pathPrefix + java.lang.Integer.toString(counter)) + .png)): null

2018-12-12 13:51:53 - [TEST_STEP][PASSED] - Statement - counter = counter + 1: null

2018-12-12 13:51:53 - [TEST_STEP][PASSED] - Statement - PreSaveFile = new java.io.File(((pathPrefix + java.lang.Integer.toString(counter)) + .png)): null

2018-12-12 13:51:53 - [TEST_STEP][PASSED] - Statement - counter = counter + 1: null

2018-12-12 13:51:53 - [TEST_STEP][PASSED] - Statement - PreSaveFile = new java.io.File(((pathPrefix + java.lang.Integer.toString(counter)) + .png)): null

2018-12-12 13:51:53 - [TEST_STEP][PASSED] - Statement - counter = counter + 1: null

2018-12-12 13:51:53 - [TEST_STEP][PASSED] - Statement - PreSaveFile = new java.io.File(((pathPrefix + java.lang.Integer.toString(counter)) + .png)): null

2018-12-12 13:51:53 - [TEST_STEP][PASSED] - Statement - counter = counter + 1: null

2018-12-12 13:51:53 - [TEST_STEP][PASSED] - Statement - PreSaveFile = new java.io.File(((pathPrefix + java.lang.Integer.toString(counter)) + .png)): null

2018-12-12 13:51:53 - [TEST_STEP][PASSED] - Statement - counter = counter + 1: null

2018-12-12 13:51:53 - [TEST_STEP][PASSED] - Statement - PreSaveFile = new java.io.File(((pathPrefix + java.lang.Integer.toString(counter)) + .png)): null

2018-12-12 13:51:53 - [TEST_STEP][PASSED] - Statement - counter = counter + 1: null

2018-12-12 13:51:53 - [TEST_STEP][PASSED] - Statement - PreSaveFile = new java.io.File(((pathPrefix + java.lang.Integer.toString(counter)) + .png)): null

2018-12-12 13:51:53 - [TEST_STEP][PASSED] - Statement - counter = counter + 1: null

2018-12-12 13:51:53 - [TEST_STEP][PASSED] - Statement - PreSaveFile = new java.io.File(((pathPrefix + java.lang.Integer.toString(counter)) + .png)): null

2018-12-12 13:51:53 - [TEST_STEP][PASSED] - Statement - counter = counter + 1: null

2018-12-12 13:51:53 - [TEST_STEP][PASSED] - Statement - PreSaveFile = new java.io.File(((pathPrefix + java.lang.Integer.toString(counter)) + .png)): null

2018-12-12 13:51:53 - [TEST_STEP][PASSED] - Statement - counter = counter + 1: null

2018-12-12 13:51:53 - [TEST_STEP][PASSED] - Statement - PreSaveFile = new java.io.File(((pathPrefix + java.lang.Integer.toString(counter)) + .png)): null

2018-12-12 13:51:53 - [TEST_STEP][PASSED] - Statement - counter = counter + 1: null

2018-12-12 13:51:53 - [TEST_STEP][PASSED] - Statement - PreSaveFile = new java.io.File(((pathPrefix + java.lang.Integer.toString(counter)) + .png)): null

2018-12-12 13:51:53 - [TEST_STEP][PASSED] - Statement - counter = counter + 1: null

2018-12-12 13:51:53 - [TEST_STEP][PASSED] - Statement - PreSaveFile = new java.io.File(((pathPrefix + java.lang.Integer.toString(counter)) + .png)): null

2018-12-12 13:51:53 - [TEST_STEP][PASSED] - Statement - counter = counter + 1: null

2018-12-12 13:51:53 - [TEST_STEP][PASSED] - Statement - PreSaveFile = new java.io.File(((pathPrefix + java.lang.Integer.toString(counter)) + .png)): null

2018-12-12 13:51:53 - [TEST_STEP][PASSED] - Statement - counter = counter + 1: null

2018-12-12 13:51:53 - [TEST_STEP][PASSED] - Statement - PreSaveFile = new java.io.File(((pathPrefix + java.lang.Integer.toString(counter)) + .png)): null

2018-12-12 13:51:53 - [TEST_STEP][PASSED] - Statement - counter = counter + 1: null

2018-12-12 13:51:53 - [TEST_STEP][PASSED] - Statement - PreSaveFile = new java.io.File(((pathPrefix + java.lang.Integer.toString(counter)) + .png)): null

2018-12-12 13:51:53 - [TEST_STEP][PASSED] - Statement - counter = counter + 1: null

2018-12-12 13:51:53 - [TEST_STEP][PASSED] - Statement - PreSaveFile = new java.io.File(((pathPrefix + java.lang.Integer.toString(counter)) + .png)): null

2018-12-12 13:51:53 - [TEST_STEP][PASSED] - Statement - counter = counter + 1: null

2018-12-12 13:51:53 - [TEST_STEP][PASSED] - Statement - PreSaveFile = new java.io.File(((pathPrefix + java.lang.Integer.toString(counter)) + .png)): null

2018-12-12 13:51:53 - [TEST_STEP][PASSED] - Statement - counter = counter + 1: null

2018-12-12 13:51:53 - [TEST_STEP][PASSED] - Statement - PreSaveFile = new java.io.File(((pathPrefix + java.lang.Integer.toString(counter)) + .png)): null

2018-12-12 13:51:53 - [TEST_STEP][PASSED] - Statement - counter = counter + 1: null

2018-12-12 13:51:53 - [TEST_STEP][PASSED] - Statement - PreSaveFile = new java.io.File(((pathPrefix + java.lang.Integer.toString(counter)) + .png)): null

2018-12-12 13:51:53 - [TEST_STEP][PASSED] - Statement - counter = counter + 1: null

2018-12-12 13:51:53 - [TEST_STEP][PASSED] - Statement - PreSaveFile = new java.io.File(((pathPrefix + java.lang.Integer.toString(counter)) + .png)): null

2018-12-12 13:51:53 - [TEST_STEP][PASSED] - Statement - counter = counter + 1: null

2018-12-12 13:51:53 - [TEST_STEP][PASSED] - Statement - PreSaveFile = new java.io.File(((pathPrefix + java.lang.Integer.toString(counter)) + .png)): null

2018-12-12 13:51:53 - [TEST_STEP][PASSED] - Statement - counter = counter + 1: null

2018-12-12 13:51:53 - [TEST_STEP][PASSED] - Statement - PreSaveFile = new java.io.File(((pathPrefix + java.lang.Integer.toString(counter)) + .png)): null

2018-12-12 13:51:53 - [TEST_STEP][PASSED] - Statement - counter = counter + 1: null

2018-12-12 13:51:53 - [TEST_STEP][PASSED] - Statement - PreSaveFile = new java.io.File(((pathPrefix + java.lang.Integer.toString(counter)) + .png)): null

2018-12-12 13:51:53 - [TEST_STEP][PASSED] - Statement - counter = counter + 1: null

2018-12-12 13:51:53 - [TEST_STEP][PASSED] - Statement - PreSaveFile = new java.io.File(((pathPrefix + java.lang.Integer.toString(counter)) + .png)): null

2018-12-12 13:51:53 - [TEST_STEP][PASSED] - Statement - counter = counter + 1: null

2018-12-12 13:51:53 - [TEST_STEP][PASSED] - Statement - PreSaveFile = new java.io.File(((pathPrefix + java.lang.Integer.toString(counter)) + .png)): null

2018-12-12 13:51:53 - [TEST_STEP][PASSED] - Statement - counter = counter + 1: null

2018-12-12 13:51:53 - [TEST_STEP][PASSED] - Statement - PreSaveFile = new java.io.File(((pathPrefix + java.lang.Integer.toString(counter)) + .png)): null

2018-12-12 13:51:53 - [TEST_STEP][PASSED] - Statement - counter = counter + 1: null

2018-12-12 13:51:53 - [TEST_STEP][PASSED] - Statement - PreSaveFile = new java.io.File(((pathPrefix + java.lang.Integer.toString(counter)) + .png)): null

2018-12-12 13:51:53 - [TEST_STEP][PASSED] - Statement - counter = counter + 1: null

2018-12-12 13:51:53 - [TEST_STEP][PASSED] - Statement - PreSaveFile = new java.io.File(((pathPrefix + java.lang.Integer.toString(counter)) + .png)): null

2018-12-12 13:51:53 - [TEST_STEP][PASSED] - Statement - counter = counter + 1: null

2018-12-12 13:51:53 - [TEST_STEP][PASSED] - Statement - PreSaveFile = new java.io.File(((pathPrefix + java.lang.Integer.toString(counter)) + .png)): null

2018-12-12 13:51:53 - [TEST_STEP][PASSED] - Statement - counter = counter + 1: null

2018-12-12 13:51:53 - [TEST_STEP][PASSED] - Statement - PreSaveFile = new java.io.File(((pathPrefix + java.lang.Integer.toString(counter)) + .png)): null

2018-12-12 13:51:53 - [TEST_STEP][PASSED] - Statement - counter = counter + 1: null

2018-12-12 13:51:53 - [TEST_STEP][PASSED] - Statement - PreSaveFile = new java.io.File(((pathPrefix + java.lang.Integer.toString(counter)) + .png)): null

2018-12-12 13:51:53 - [TEST_STEP][PASSED] - Statement - counter = counter + 1: null

2018-12-12 13:51:53 - [TEST_STEP][PASSED] - Statement - PreSaveFile = new java.io.File(((pathPrefix + java.lang.Integer.toString(counter)) + .png)): null

2018-12-12 13:51:53 - [TEST_STEP][PASSED] - Statement - counter = counter + 1: null

2018-12-12 13:51:53 - [TEST_STEP][PASSED] - Statement - PreSaveFile = new java.io.File(((pathPrefix + java.lang.Integer.toString(counter)) + .png)): null

2018-12-12 13:51:53 - [TEST_STEP][PASSED] - Statement - counter = counter + 1: null

2018-12-12 13:51:53 - [TEST_STEP][PASSED] - Statement - PreSaveFile = new java.io.File(((pathPrefix + java.lang.Integer.toString(counter)) + .png)): null

2018-12-12 13:51:53 - [TEST_STEP][PASSED] - Statement - counter = counter + 1: null

2018-12-12 13:51:53 - [TEST_STEP][PASSED] - Statement - PreSaveFile = new java.io.File(((pathPrefix + java.lang.Integer.toString(counter)) + .png)): null

2018-12-12 13:51:53 - [TEST_STEP][PASSED] - Statement - counter = counter + 1: null

2018-12-12 13:51:54 - [TEST_STEP][PASSED] - Statement - PreSaveFile = new java.io.File(((pathPrefix + java.lang.Integer.toString(counter)) + .png)): null

2018-12-12 13:51:54 - [TEST_STEP][PASSED] - Statement - counter = counter + 1: null

2018-12-12 13:51:54 - [TEST_STEP][PASSED] - Statement - PreSaveFile = new java.io.File(((pathPrefix + java.lang.Integer.toString(counter)) + .png)): null

2018-12-12 13:51:54 - [TEST_STEP][PASSED] - Statement - counter = counter + 1: null

2018-12-12 13:51:54 - [TEST_STEP][PASSED] - Statement - PreSaveFile = new java.io.File(((pathPrefix + java.lang.Integer.toString(counter)) + .png)): null

2018-12-12 13:51:54 - [TEST_STEP][PASSED] - Statement - counter = counter + 1: null

2018-12-12 13:51:54 - [TEST_STEP][PASSED] - Statement - PreSaveFile = new java.io.File(((pathPrefix + java.lang.Integer.toString(counter)) + .png)): null

2018-12-12 13:51:54 - [TEST_STEP][PASSED] - Statement - counter = counter + 1: null

2018-12-12 13:51:54 - [TEST_STEP][PASSED] - Statement - PreSaveFile = new java.io.File(((pathPrefix + java.lang.Integer.toString(counter)) + .png)): null

2018-12-12 13:51:54 - [TEST_STEP][PASSED] - Statement - counter = counter + 1: null

2018-12-12 13:51:54 - [TEST_STEP][PASSED] - Statement - PreSaveFile = new java.io.File(((pathPrefix + java.lang.Integer.toString(counter)) + .png)): null

2018-12-12 13:51:54 - [TEST_STEP][PASSED] - Statement - counter = counter + 1: null

2018-12-12 13:51:54 - [TEST_STEP][PASSED] - Statement - PreSaveFile = new java.io.File(((pathPrefix + java.lang.Integer.toString(counter)) + .png)): null

2018-12-12 13:51:54 - [TEST_STEP][PASSED] - Statement - counter = counter + 1: null

2018-12-12 13:51:54 - [TEST_STEP][PASSED] - Statement - PreSaveFile = new java.io.File(((pathPrefix + java.lang.Integer.toString(counter)) + .png)): null

2018-12-12 13:51:54 - [TEST_STEP][PASSED] - Statement - counter = counter + 1: null

2018-12-12 13:51:54 - [TEST_STEP][PASSED] - Statement - PreSaveFile = new java.io.File(((pathPrefix + java.lang.Integer.toString(counter)) + .png)): null

2018-12-12 13:51:54 - [TEST_STEP][PASSED] - Statement - counter = counter + 1: null

2018-12-12 13:51:54 - [TEST_STEP][PASSED] - Statement - PreSaveFile = new java.io.File(((pathPrefix + java.lang.Integer.toString(counter)) + .png)): null

2018-12-12 13:51:54 - [TEST_STEP][PASSED] - Statement - counter = counter + 1: null

2018-12-12 13:51:54 - [TEST_STEP][PASSED] - Statement - PreSaveFile = new java.io.File(((pathPrefix + java.lang.Integer.toString(counter)) + .png)): null

2018-12-12 13:51:54 - [TEST_STEP][PASSED] - Statement - counter = counter + 1: null

2018-12-12 13:51:54 - [TEST_STEP][PASSED] - Statement - PreSaveFile = new java.io.File(((pathPrefix + java.lang.Integer.toString(counter)) + .png)): null

2018-12-12 13:51:54 - [TEST_STEP][PASSED] - Statement - counter = counter + 1: null

2018-12-12 13:51:54 - [TEST_STEP][PASSED] - Statement - PreSaveFile = new java.io.File(((pathPrefix + java.lang.Integer.toString(counter)) + .png)): null

2018-12-12 13:51:54 - [TEST_STEP][PASSED] - Statement - counter = counter + 1: null

2018-12-12 13:51:54 - [TEST_STEP][PASSED] - Statement - PreSaveFile = new java.io.File(((pathPrefix + java.lang.Integer.toString(counter)) + .png)): null

2018-12-12 13:51:54 - [TEST_STEP][PASSED] - Statement - counter = counter + 1: null

2018-12-12 13:51:54 - [TEST_STEP][PASSED] - Statement - PreSaveFile = new java.io.File(((pathPrefix + java.lang.Integer.toString(counter)) + .png)): null

2018-12-12 13:51:54 - [TEST_STEP][PASSED] - Statement - counter = counter + 1: null

2018-12-12 13:51:54 - [TEST_STEP][PASSED] - Statement - PreSaveFile = new java.io.File(((pathPrefix + java.lang.Integer.toString(counter)) + .png)): null

2018-12-12 13:51:54 - [TEST_STEP][PASSED] - Statement - counter = counter + 1: null

2018-12-12 13:51:54 - [TEST_STEP][PASSED] - Statement - PreSaveFile = new java.io.File(((pathPrefix + java.lang.Integer.toString(counter)) + .png)): null

2018-12-12 13:51:54 - [TEST_STEP][PASSED] - Statement - counter = counter + 1: null

2018-12-12 13:51:54 - [TEST_STEP][PASSED] - Statement - PreSaveFile = new java.io.File(((pathPrefix + java.lang.Integer.toString(counter)) + .png)): null

2018-12-12 13:51:54 - [TEST_STEP][PASSED] - Statement - counter = counter + 1: null

2018-12-12 13:51:54 - [TEST_STEP][PASSED] - Statement - PreSaveFile = new java.io.File(((pathPrefix + java.lang.Integer.toString(counter)) + .png)): null

2018-12-12 13:51:54 - [TEST_STEP][PASSED] - Statement - counter = counter + 1: null

2018-12-12 13:51:54 - [TEST_STEP][PASSED] - Statement - PreSaveFile = new java.io.File(((pathPrefix + java.lang.Integer.toString(counter)) + .png)): null

2018-12-12 13:51:54 - [TEST_STEP][PASSED] - Statement - counter = counter + 1: null

2018-12-12 13:51:54 - [TEST_STEP][PASSED] - Statement - PreSaveFile = new java.io.File(((pathPrefix + java.lang.Integer.toString(counter)) + .png)): null

2018-12-12 13:51:54 - [TEST_STEP][PASSED] - Statement - counter = counter + 1: null

2018-12-12 13:51:54 - [TEST_STEP][PASSED] - Statement - PreSaveFile = new java.io.File(((pathPrefix + java.lang.Integer.toString(counter)) + .png)): null

2018-12-12 13:51:54 - [TEST_STEP][PASSED] - Statement - counter = counter + 1: null

2018-12-12 13:51:54 - [TEST_STEP][PASSED] - Statement - PreSaveFile = new java.io.File(((pathPrefix + java.lang.Integer.toString(counter)) + .png)): null

2018-12-12 13:51:54 - [TEST_STEP][PASSED] - Statement - counter = counter + 1: null

2018-12-12 13:51:54 - [TEST_STEP][PASSED] - Statement - PreSaveFile = new java.io.File(((pathPrefix + java.lang.Integer.toString(counter)) + .png)): null

2018-12-12 13:51:54 - [TEST_STEP][PASSED] - Statement - counter = counter + 1: null

2018-12-12 13:51:54 - [TEST_STEP][PASSED] - Statement - PreSaveFile = new java.io.File(((pathPrefix + java.lang.Integer.toString(counter)) + .png)): null

2018-12-12 13:51:54 - [TEST_STEP][PASSED] - Statement - counter = counter + 1: null

2018-12-12 13:51:54 - [TEST_STEP][PASSED] - Statement - PreSaveFile = new java.io.File(((pathPrefix + java.lang.Integer.toString(counter)) + .png)): null

2018-12-12 13:51:54 - [TEST_STEP][PASSED] - Statement - counter = counter + 1: null

2018-12-12 13:51:54 - [TEST_STEP][PASSED] - Statement - PreSaveFile = new java.io.File(((pathPrefix + java.lang.Integer.toString(counter)) + .png)): null

2018-12-12 13:51:54 - [TEST_STEP][PASSED] - Statement - finalPath = pathPrefix + java.lang.Integer.toString(counter) + ".png": null

2018-12-12 13:51:54 - [TEST_STEP][PASSED] - Statement - SaveFile = new java.io.File(finalPath): null

2018-12-12 13:51:54 - [TEST_STEP][PASSED] - Statement - Try: null

2018-12-12 13:51:54 - [TEST_STEP][PASSED] - Statement - org.apache.commons.io.FileUtils.copyFile(scrFile, SaveFile): null

2018-12-12 13:51:54 - [TEST_STEP][PASSED] - Statement - out.println("file kept"): null

2018-12-12 13:51:54 - [TEST_STEP][PASSED] - delay: Delayed 10 second(s)

2018-12-12 13:52:04 - [MESSAGE][PASSED] - Delayed 10 second(s)

2018-12-12 13:52:04 - [MESSAGE][PASSED] - Call Test Case 'Test Cases/Final Aug 2018 - PKS Automation/Common/Screenshoting tool' successfully

2018-12-12 13:52:04 - [TEST_STEP][PASSED] - callTestCase: Call Test Case 'Test Cases/Final Aug 2018 - PKS Automation/Registration Module/Log Out/log out avoiding katalon tagging' successfully

2018-12-12 13:52:04 - [TEST_CASE][PASSED] - Test Cases/Final Aug 2018 - PKS Automation/Registration Module/Log Out/log out avoiding katalon tagging: Test Cases/Final Aug 2018 - PKS Automation/Registration Module/Log Out/log out avoiding katalon tagging

2018-12-12 13:52:04 - [TEST_STEP][PASSED] - navigateToUrl: Navigate to 'https://assist2-uat.perkeso.gov.my/c/portal/logout' successfully

2018-12-12 13:52:04 - [MESSAGE][PASSED] - Navigate to 'https://assist2-uat.perkeso.gov.my/c/portal/logout' successfully

2018-12-12 13:52:04 - [MESSAGE][PASSED] - Call Test Case 'Test Cases/Final Aug 2018 - PKS Automation/Registration Module/Log Out/log out avoiding katalon tagging' successfully

2018-12-12 13:52:04 - [TEST_STEP][PASSED] - delay: Delayed 2 second(s)

2018-12-12 13:52:06 - [MESSAGE][PASSED] - Delayed 2 second(s)

2018-12-12 13:52:06 - [TEST_STEP][PASSED] - setText: Text 'johorro2@gmail.com' is set on object 'Object Repository/Final Object Repo/New Registration - Registration Module Pages/New Reg - OTC to RO/Special Case - All Related Objects/Email TextBox'

2018-12-12 13:52:07 - [MESSAGE][PASSED] - Text 'johorro2@gmail.com' is set on object 'Object Repository/Final Object Repo/New Registration - Registration Module Pages/New Reg - OTC to RO/Special Case - All Related Objects/Email TextBox'

2018-12-12 13:52:07 - [TEST_STEP][PASSED] - click: Object: 'Object Repository/Final Object Repo/New Registration - Registration Module Pages/New Reg - OTC to RO/Special Case - All Related Objects/Next Button' is clicked on

2018-12-12 13:52:07 - [MESSAGE][PASSED] - Object: 'Object Repository/Final Object Repo/New Registration - Registration Module Pages/New Reg - OTC to RO/Special Case - All Related Objects/Next Button' is clicked on

2018-12-12 13:52:07 - [TEST_STEP][PASSED] - delay: Delayed 2 second(s)

2018-12-12 13:52:09 - [MESSAGE][PASSED] - Delayed 2 second(s)

2018-12-12 13:52:09 - [TEST_STEP][PASSED] - setText: Text 'Test1@3456789' is set on object 'Object Repository/Final Object Repo/New Registration - Registration Module Pages/New Reg - OTC to RO/Special Case - All Related Objects/Password TextBox'

2018-12-12 13:52:09 - [MESSAGE][PASSED] - Text 'Test1@3456789' is set on object 'Object Repository/Final Object Repo/New Registration - Registration Module Pages/New Reg - OTC to RO/Special Case - All Related Objects/Password TextBox'

2018-12-12 13:52:09 - [TEST_STEP][PASSED] - delay: Delayed 2 second(s)

2018-12-12 13:52:11 - [MESSAGE][PASSED] - Delayed 2 second(s)

2018-12-12 13:52:11 - [TEST_STEP][PASSED] - click: Object: 'Object Repository/Final Object Repo/New Registration - Registration Module Pages/New Reg - OTC to RO/Special Case - All Related Objects/Login Button' is clicked on

2018-12-12 13:52:11 - [MESSAGE][PASSED] - Object: 'Object Repository/Final Object Repo/New Registration - Registration Module Pages/New Reg - OTC to RO/Special Case - All Related Objects/Login Button' is clicked on

2018-12-12 13:52:11 - [TEST_STEP][PASSED] - delay: Delayed 2 second(s)

2018-12-12 13:52:13 - [MESSAGE][PASSED] - Delayed 2 second(s)

2018-12-12 13:52:13 - [TEST_STEP][PASSED] - Statement - Try: null

2018-12-12 13:52:13 - [TEST_STEP][PASSED] - Statement - Checker = com.kms.katalon.core.webui.keyword.WebUiBuiltInKeywords.verifyElementNotPresent("Final Object Repo/Landing Page/Select to English", 3): null

2018-12-12 13:52:13 - [TEST_STEP][PASSED] - Statement - Catch (Exception e): null

2018-12-12 13:52:13 - [TEST_STEP][PASSED] - Statement - e.printStackTrace(): null

2018-12-12 13:52:13 - [TEST_STEP][PASSED] - click: Object: 'Object Repository/Final Object Repo/New Registration - Registration Module Pages/New Reg - OTC to RO/Special Case - All Related Objects/Expand to Search' is clicked on

2018-12-12 13:52:14 - [MESSAGE][PASSED] - Object: 'Object Repository/Final Object Repo/New Registration - Registration Module Pages/New Reg - OTC to RO/Special Case - All Related Objects/Expand to Search' is clicked on

2018-12-12 13:52:14 - [TEST_STEP][PASSED] - delay: Delayed 2 second(s)

2018-12-12 13:52:16 - [MESSAGE][PASSED] - Delayed 2 second(s)

2018-12-12 13:52:16 - [TEST_STEP][PASSED] - setText: Text 'CRN12201800123199' is set on object 'Object Repository/Final Object Repo/New Registration - Registration Module Pages/New Reg - OTC to RO/Special Case - All Related Objects/TextBox RefNo in Workbasket'

2018-12-12 13:52:17 - [MESSAGE][PASSED] - Text 'CRN12201800123199' is set on object 'Object Repository/Final Object Repo/New Registration - Registration Module Pages/New Reg - OTC to RO/Special Case - All Related Objects/TextBox RefNo in Workbasket'

2018-12-12 13:52:17 - [TEST_STEP][PASSED] - delay: Delayed 2 second(s)

2018-12-12 13:52:19 - [MESSAGE][PASSED] - Delayed 2 second(s)

2018-12-12 13:52:19 - [TEST_STEP][PASSED] - click: Object: 'Object Repository/Final Object Repo/New Registration - Registration Module Pages/New Reg - OTC to RO/Special Case - All Related Objects/Click Search' is clicked on

2018-12-12 13:52:19 - [MESSAGE][PASSED] - Object: 'Object Repository/Final Object Repo/New Registration - Registration Module Pages/New Reg - OTC to RO/Special Case - All Related Objects/Click Search' is clicked on

2018-12-12 13:52:19 - [TEST_STEP][PASSED] - delay: Delayed 2 second(s)

2018-12-12 13:52:21 - [MESSAGE][PASSED] - Delayed 2 second(s)

2018-12-12 13:52:21 - [TEST_STEP][PASSED] - click: Object: 'Object Repository/Final Object Repo/New Registration - Registration Module Pages/New Reg - OTC to RO/Special Case - All Related Objects/Click to Continue Workflow' is clicked on

2018-12-12 13:52:24 - [MESSAGE][PASSED] - Object: 'Object Repository/Final Object Repo/New Registration - Registration Module Pages/New Reg - OTC to RO/Special Case - All Related Objects/Click to Continue Workflow' is clicked on

2018-12-12 13:52:24 - [TEST_STEP][PASSED] - delay: Delayed 4 second(s)

2018-12-12 13:52:28 - [MESSAGE][PASSED] - Delayed 4 second(s)

2018-12-12 13:52:28 - [TEST_STEP][PASSED] - click: Object: 'Object Repository/Final Object Repo/New Registration - Registration Module Pages/New Reg - OTC to RO/Special Case - All Related Objects/Continue Button in verifying case' is clicked on

2018-12-12 13:52:30 - [MESSAGE][PASSED] - Object: 'Object Repository/Final Object Repo/New Registration - Registration Module Pages/New Reg - OTC to RO/Special Case - All Related Objects/Continue Button in verifying case' is clicked on

2018-12-12 13:52:30 - [TEST_STEP][PASSED] - delay: Delayed 2 second(s)

2018-12-12 13:52:32 - [MESSAGE][PASSED] - Delayed 2 second(s)

2018-12-12 13:52:32 - [TEST_STEP][PASSED] - click: Object: 'Object Repository/Final Object Repo/New Registration - Registration Module Pages/Form 1/Registered As a Branch - Yes' is clicked on

2018-12-12 13:52:32 - [MESSAGE][PASSED] - Object: 'Object Repository/Final Object Repo/New Registration - Registration Module Pages/Form 1/Registered As a Branch - Yes' is clicked on

2018-12-12 13:52:32 - [TEST_STEP][PASSED] - delay: Delayed 2 second(s)

2018-12-12 13:52:34 - [MESSAGE][PASSED] - Delayed 2 second(s)

2018-12-12 13:52:34 - [TEST_STEP][PASSED] - click: Object: 'Object Repository/Final Object Repo/New Registration - Registration Module Pages/New Reg - OTC to RO/Special Case - All Related Objects/Form 1 Save n Continue' is clicked on

2018-12-12 13:52:35 - [MESSAGE][PASSED] - Object: 'Object Repository/Final Object Repo/New Registration - Registration Module Pages/New Reg - OTC to RO/Special Case - All Related Objects/Form 1 Save n Continue' is clicked on

2018-12-12 13:52:35 - [TEST_STEP][PASSED] - delay: Delayed 2 second(s)

2018-12-12 13:52:37 - [MESSAGE][PASSED] - Delayed 2 second(s)

2018-12-12 13:52:37 - [TEST_STEP][PASSED] - click: Object: 'Object Repository/Final Object Repo/New Registration - Registration Module Pages/New Reg - OTC to RO/Special Case - All Related Objects/Form 2 Save n Continue' is clicked on

2018-12-12 13:52:40 - [MESSAGE][PASSED] - Object: 'Object Repository/Final Object Repo/New Registration - Registration Module Pages/New Reg - OTC to RO/Special Case - All Related Objects/Form 2 Save n Continue' is clicked on

2018-12-12 13:52:40 - [TEST_STEP][PASSED] - delay: Delayed 2 second(s)

2018-12-12 13:52:42 - [MESSAGE][PASSED] - Delayed 2 second(s)

2018-12-12 13:52:42 - [TEST_STEP][PASSED] - click: Object: 'Object Repository/Final Object Repo/New Registration - Registration Module Pages/New Reg - OTC to RO/Special Case - All Related Objects/Third Screen Save n Continue' is clicked on

2018-12-12 13:52:47 - [MESSAGE][PASSED] - Object: 'Object Repository/Final Object Repo/New Registration - Registration Module Pages/New Reg - OTC to RO/Special Case - All Related Objects/Third Screen Save n Continue' is clicked on

2018-12-12 13:52:47 - [TEST_STEP][PASSED] - delay: Delayed 5 second(s)

2018-12-12 13:52:52 - [MESSAGE][PASSED] - Delayed 5 second(s)

2018-12-12 13:52:52 - [TEST_STEP][PASSED] - click: Object: 'Object Repository/Final Object Repo/New Registration - Registration Module Pages/New Reg - OTC to RO/Special Case - All Related Objects/Upload Doc Page Save n Continue' is clicked on

2018-12-12 13:52:52 - [MESSAGE][PASSED] - Object: 'Object Repository/Final Object Repo/New Registration - Registration Module Pages/New Reg - OTC to RO/Special Case - All Related Objects/Upload Doc Page Save n Continue' is clicked on

2018-12-12 13:52:52 - [TEST_STEP][PASSED] - delay: Delayed 5 second(s)

2018-12-12 13:52:57 - [MESSAGE][PASSED] - Delayed 5 second(s)

2018-12-12 13:52:57 - [TEST_STEP][PASSED] - callTestCase: Call Test Case 'Test Cases/Final Aug 2018 - PKS Automation/Registration Module/New Registration/Submit and Screenshot/Submit Registration and Screenshot' successfully

2018-12-12 13:52:57 - [TEST_CASE][PASSED] - Test Cases/Final Aug 2018 - PKS Automation/Registration Module/New Registration/Submit and Screenshot/Submit Registration and Screenshot: Test Cases/Final Aug 2018 - PKS Automation/Registration Module/New Registration/Submit and Screenshot/Submit Registration and Screenshot

2018-12-12 13:52:57 - [TEST_STEP][PASSED] - delay: Delayed 6 second(s)

2018-12-12 13:53:03 - [MESSAGE][PASSED] - Delayed 6 second(s)

2018-12-12 13:53:03 - [TEST_STEP][PASSED] - click: Object: 'Object Repository/Final Object Repo/New Registration - Registration Module Pages/Third Screen - Upload Supporting Doc- Preview/Preview Submit Button' is clicked on

2018-12-12 13:53:03 - [MESSAGE][PASSED] - Object: 'Object Repository/Final Object Repo/New Registration - Registration Module Pages/Third Screen - Upload Supporting Doc- Preview/Preview Submit Button' is clicked on

2018-12-12 13:53:03 - [TEST_STEP][PASSED] - delay: Delayed 2 second(s)

2018-12-12 13:53:05 - [MESSAGE][PASSED] - Delayed 2 second(s)

2018-12-12 13:53:05 - [TEST_STEP][PASSED] - click: Object: 'Object Repository/Final Object Repo/New Registration - Registration Module Pages/Third Screen - Upload Supporting Doc- Preview/Preview Submit - Confirm' is clicked on

2018-12-12 13:53:06 - [MESSAGE][PASSED] - Object: 'Object Repository/Final Object Repo/New Registration - Registration Module Pages/Third Screen - Upload Supporting Doc- Preview/Preview Submit - Confirm' is clicked on

2018-12-12 13:53:06 - [TEST_STEP][PASSED] - delay: Delayed 15 second(s)

2018-12-12 13:53:21 - [MESSAGE][PASSED] - Delayed 15 second(s)

2018-12-12 13:53:21 - [TEST_STEP][PASSED] - Statement - driver = com.kms.katalon.core.webui.driver.DriverFactory.getWebDriver(): null

2018-12-12 13:53:21 - [TEST_STEP][PASSED] - Statement - driver.manage().timeouts().implicitlyWait(10, SECONDS): null

2018-12-12 13:53:21 - [TEST_STEP][PASSED] - Statement - PresavePath = KatalonScreenshots: null

2018-12-12 13:53:21 - [TEST_STEP][PASSED] - Statement - pathPrefix = "C:\Users\Public\Pictures\Sample Pictures\Katalon Screenshots\Automate Ending Screen": null

2018-12-12 13:53:21 - [TEST_STEP][PASSED] - Statement - finalPath = <not implemented yet for class: org.codehaus.groovy.ast.expr.EmptyExpression>: null

2018-12-12 13:53:21 - [TEST_STEP][PASSED] - Statement - scrFile = driver.getScreenshotAs(FILE): null

2018-12-12 13:53:21 - [TEST_STEP][PASSED] - Statement - PreSaveFile = new java.io.File(PresavePath): null

2018-12-12 13:53:21 - [TEST_STEP][PASSED] - Statement - counter = 0: null

2018-12-12 13:53:21 - [TEST_STEP][PASSED] - Statement - If (PreSaveFile.exists()): null

2018-12-12 13:53:21 - [TEST_STEP][PASSED] - Statement - While (PreSaveFile.exists()): null

2018-12-12 13:53:21 - [TEST_STEP][PASSED] - Statement - counter = counter + 1: null

2018-12-12 13:53:21 - [TEST_STEP][PASSED] - Statement - PreSaveFile = new java.io.File(((pathPrefix + java.lang.Integer.toString(counter)) + .png)): null

2018-12-12 13:53:21 - [TEST_STEP][PASSED] - Statement - counter = counter + 1: null

2018-12-12 13:53:21 - [TEST_STEP][PASSED] - Statement - PreSaveFile = new java.io.File(((pathPrefix + java.lang.Integer.toString(counter)) + .png)): null

2018-12-12 13:53:21 - [TEST_STEP][PASSED] - Statement - counter = counter + 1: null

2018-12-12 13:53:21 - [TEST_STEP][PASSED] - Statement - PreSaveFile = new java.io.File(((pathPrefix + java.lang.Integer.toString(counter)) + .png)): null

2018-12-12 13:53:21 - [TEST_STEP][PASSED] - Statement - counter = counter + 1: null

2018-12-12 13:53:21 - [TEST_STEP][PASSED] - Statement - PreSaveFile = new java.io.File(((pathPrefix + java.lang.Integer.toString(counter)) + .png)): null

2018-12-12 13:53:21 - [TEST_STEP][PASSED] - Statement - counter = counter + 1: null

2018-12-12 13:53:21 - [TEST_STEP][PASSED] - Statement - PreSaveFile = new java.io.File(((pathPrefix + java.lang.Integer.toString(counter)) + .png)): null

2018-12-12 13:53:21 - [TEST_STEP][PASSED] - Statement - counter = counter + 1: null

2018-12-12 13:53:21 - [TEST_STEP][PASSED] - Statement - PreSaveFile = new java.io.File(((pathPrefix + java.lang.Integer.toString(counter)) + .png)): null

2018-12-12 13:53:21 - [TEST_STEP][PASSED] - Statement - counter = counter + 1: null

2018-12-12 13:53:21 - [TEST_STEP][PASSED] - Statement - PreSaveFile = new java.io.File(((pathPrefix + java.lang.Integer.toString(counter)) + .png)): null

2018-12-12 13:53:21 - [TEST_STEP][PASSED] - Statement - counter = counter + 1: null

2018-12-12 13:53:21 - [TEST_STEP][PASSED] - Statement - PreSaveFile = new java.io.File(((pathPrefix + java.lang.Integer.toString(counter)) + .png)): null

2018-12-12 13:53:21 - [TEST_STEP][PASSED] - Statement - counter = counter + 1: null

2018-12-12 13:53:21 - [TEST_STEP][PASSED] - Statement - PreSaveFile = new java.io.File(((pathPrefix + java.lang.Integer.toString(counter)) + .png)): null

2018-12-12 13:53:21 - [TEST_STEP][PASSED] - Statement - counter = counter + 1: null

2018-12-12 13:53:21 - [TEST_STEP][PASSED] - Statement - PreSaveFile = new java.io.File(((pathPrefix + java.lang.Integer.toString(counter)) + .png)): null

2018-12-12 13:53:21 - [TEST_STEP][PASSED] - Statement - counter = counter + 1: null

2018-12-12 13:53:21 - [TEST_STEP][PASSED] - Statement - PreSaveFile = new java.io.File(((pathPrefix + java.lang.Integer.toString(counter)) + .png)): null

2018-12-12 13:53:21 - [TEST_STEP][PASSED] - Statement - counter = counter + 1: null

2018-12-12 13:53:21 - [TEST_STEP][PASSED] - Statement - PreSaveFile = new java.io.File(((pathPrefix + java.lang.Integer.toString(counter)) + .png)): null

2018-12-12 13:53:21 - [TEST_STEP][PASSED] - Statement - counter = counter + 1: null

2018-12-12 13:53:21 - [TEST_STEP][PASSED] - Statement - PreSaveFile = new java.io.File(((pathPrefix + java.lang.Integer.toString(counter)) + .png)): null

2018-12-12 13:53:21 - [TEST_STEP][PASSED] - Statement - counter = counter + 1: null

2018-12-12 13:53:21 - [TEST_STEP][PASSED] - Statement - PreSaveFile = new java.io.File(((pathPrefix + java.lang.Integer.toString(counter)) + .png)): null

2018-12-12 13:53:21 - [TEST_STEP][PASSED] - Statement - counter = counter + 1: null

2018-12-12 13:53:21 - [TEST_STEP][PASSED] - Statement - PreSaveFile = new java.io.File(((pathPrefix + java.lang.Integer.toString(counter)) + .png)): null

2018-12-12 13:53:21 - [TEST_STEP][PASSED] - Statement - counter = counter + 1: null

2018-12-12 13:53:21 - [TEST_STEP][PASSED] - Statement - PreSaveFile = new java.io.File(((pathPrefix + java.lang.Integer.toString(counter)) + .png)): null

2018-12-12 13:53:21 - [TEST_STEP][PASSED] - Statement - counter = counter + 1: null

2018-12-12 13:53:21 - [TEST_STEP][PASSED] - Statement - PreSaveFile = new java.io.File(((pathPrefix + java.lang.Integer.toString(counter)) + .png)): null

2018-12-12 13:53:21 - [TEST_STEP][PASSED] - Statement - counter = counter + 1: null

2018-12-12 13:53:21 - [TEST_STEP][PASSED] - Statement - PreSaveFile = new java.io.File(((pathPrefix + java.lang.Integer.toString(counter)) + .png)): null

2018-12-12 13:53:21 - [TEST_STEP][PASSED] - Statement - counter = counter + 1: null

2018-12-12 13:53:21 - [TEST_STEP][PASSED] - Statement - PreSaveFile = new java.io.File(((pathPrefix + java.lang.Integer.toString(counter)) + .png)): null

2018-12-12 13:53:21 - [TEST_STEP][PASSED] - Statement - counter = counter + 1: null

2018-12-12 13:53:21 - [TEST_STEP][PASSED] - Statement - PreSaveFile = new java.io.File(((pathPrefix + java.lang.Integer.toString(counter)) + .png)): null

2018-12-12 13:53:21 - [TEST_STEP][PASSED] - Statement - counter = counter + 1: null

2018-12-12 13:53:21 - [TEST_STEP][PASSED] - Statement - PreSaveFile = new java.io.File(((pathPrefix + java.lang.Integer.toString(counter)) + .png)): null

2018-12-12 13:53:21 - [TEST_STEP][PASSED] - Statement - counter = counter + 1: null

2018-12-12 13:53:21 - [TEST_STEP][PASSED] - Statement - PreSaveFile = new java.io.File(((pathPrefix + java.lang.Integer.toString(counter)) + .png)): null

2018-12-12 13:53:21 - [TEST_STEP][PASSED] - Statement - counter = counter + 1: null

2018-12-12 13:53:21 - [TEST_STEP][PASSED] - Statement - PreSaveFile = new java.io.File(((pathPrefix + java.lang.Integer.toString(counter)) + .png)): null

2018-12-12 13:53:21 - [TEST_STEP][PASSED] - Statement - counter = counter + 1: null

2018-12-12 13:53:21 - [TEST_STEP][PASSED] - Statement - PreSaveFile = new java.io.File(((pathPrefix + java.lang.Integer.toString(counter)) + .png)): null

2018-12-12 13:53:21 - [TEST_STEP][PASSED] - Statement - counter = counter + 1: null

2018-12-12 13:53:21 - [TEST_STEP][PASSED] - Statement - PreSaveFile = new java.io.File(((pathPrefix + java.lang.Integer.toString(counter)) + .png)): null

2018-12-12 13:53:21 - [TEST_STEP][PASSED] - Statement - counter = counter + 1: null

2018-12-12 13:53:21 - [TEST_STEP][PASSED] - Statement - PreSaveFile = new java.io.File(((pathPrefix + java.lang.Integer.toString(counter)) + .png)): null

2018-12-12 13:53:21 - [TEST_STEP][PASSED] - Statement - counter = counter + 1: null

2018-12-12 13:53:21 - [TEST_STEP][PASSED] - Statement - PreSaveFile = new java.io.File(((pathPrefix + java.lang.Integer.toString(counter)) + .png)): null

2018-12-12 13:53:21 - [TEST_STEP][PASSED] - Statement - counter = counter + 1: null

2018-12-12 13:53:21 - [TEST_STEP][PASSED] - Statement - PreSaveFile = new java.io.File(((pathPrefix + java.lang.Integer.toString(counter)) + .png)): null

2018-12-12 13:53:21 - [TEST_STEP][PASSED] - Statement - counter = counter + 1: null

2018-12-12 13:53:21 - [TEST_STEP][PASSED] - Statement - PreSaveFile = new java.io.File(((pathPrefix + java.lang.Integer.toString(counter)) + .png)): null

2018-12-12 13:53:21 - [TEST_STEP][PASSED] - Statement - counter = counter + 1: null

2018-12-12 13:53:21 - [TEST_STEP][PASSED] - Statement - PreSaveFile = new java.io.File(((pathPrefix + java.lang.Integer.toString(counter)) + .png)): null

2018-12-12 13:53:21 - [TEST_STEP][PASSED] - Statement - counter = counter + 1: null

2018-12-12 13:53:21 - [TEST_STEP][PASSED] - Statement - PreSaveFile = new java.io.File(((pathPrefix + java.lang.Integer.toString(counter)) + .png)): null

2018-12-12 13:53:21 - [TEST_STEP][PASSED] - Statement - counter = counter + 1: null

2018-12-12 13:53:21 - [TEST_STEP][PASSED] - Statement - PreSaveFile = new java.io.File(((pathPrefix + java.lang.Integer.toString(counter)) + .png)): null

2018-12-12 13:53:21 - [TEST_STEP][PASSED] - Statement - counter = counter + 1: null

2018-12-12 13:53:21 - [TEST_STEP][PASSED] - Statement - PreSaveFile = new java.io.File(((pathPrefix + java.lang.Integer.toString(counter)) + .png)): null

2018-12-12 13:53:21 - [TEST_STEP][PASSED] - Statement - counter = counter + 1: null

2018-12-12 13:53:21 - [TEST_STEP][PASSED] - Statement - PreSaveFile = new java.io.File(((pathPrefix + java.lang.Integer.toString(counter)) + .png)): null

2018-12-12 13:53:21 - [TEST_STEP][PASSED] - Statement - counter = counter + 1: null

2018-12-12 13:53:21 - [TEST_STEP][PASSED] - Statement - PreSaveFile = new java.io.File(((pathPrefix + java.lang.Integer.toString(counter)) + .png)): null

2018-12-12 13:53:21 - [TEST_STEP][PASSED] - Statement - counter = counter + 1: null

2018-12-12 13:53:21 - [TEST_STEP][PASSED] - Statement - PreSaveFile = new java.io.File(((pathPrefix + java.lang.Integer.toString(counter)) + .png)): null

2018-12-12 13:53:21 - [TEST_STEP][PASSED] - Statement - counter = counter + 1: null

2018-12-12 13:53:21 - [TEST_STEP][PASSED] - Statement - PreSaveFile = new java.io.File(((pathPrefix + java.lang.Integer.toString(counter)) + .png)): null

2018-12-12 13:53:21 - [TEST_STEP][PASSED] - Statement - counter = counter + 1: null

2018-12-12 13:53:21 - [TEST_STEP][PASSED] - Statement - PreSaveFile = new java.io.File(((pathPrefix + java.lang.Integer.toString(counter)) + .png)): null

2018-12-12 13:53:21 - [TEST_STEP][PASSED] - Statement - counter = counter + 1: null

2018-12-12 13:53:21 - [TEST_STEP][PASSED] - Statement - PreSaveFile = new java.io.File(((pathPrefix + java.lang.Integer.toString(counter)) + .png)): null

2018-12-12 13:53:21 - [TEST_STEP][PASSED] - Statement - counter = counter + 1: null

2018-12-12 13:53:21 - [TEST_STEP][PASSED] - Statement - PreSaveFile = new java.io.File(((pathPrefix + java.lang.Integer.toString(counter)) + .png)): null

2018-12-12 13:53:21 - [TEST_STEP][PASSED] - Statement - counter = counter + 1: null

2018-12-12 13:53:21 - [TEST_STEP][PASSED] - Statement - PreSaveFile = new java.io.File(((pathPrefix + java.lang.Integer.toString(counter)) + .png)): null

2018-12-12 13:53:21 - [TEST_STEP][PASSED] - Statement - counter = counter + 1: null

2018-12-12 13:53:21 - [TEST_STEP][PASSED] - Statement - PreSaveFile = new java.io.File(((pathPrefix + java.lang.Integer.toString(counter)) + .png)): null

2018-12-12 13:53:21 - [TEST_STEP][PASSED] - Statement - counter = counter + 1: null

2018-12-12 13:53:21 - [TEST_STEP][PASSED] - Statement - PreSaveFile = new java.io.File(((pathPrefix + java.lang.Integer.toString(counter)) + .png)): null

2018-12-12 13:53:21 - [TEST_STEP][PASSED] - Statement - counter = counter + 1: null

2018-12-12 13:53:21 - [TEST_STEP][PASSED] - Statement - PreSaveFile = new java.io.File(((pathPrefix + java.lang.Integer.toString(counter)) + .png)): null

2018-12-12 13:53:21 - [TEST_STEP][PASSED] - Statement - counter = counter + 1: null

2018-12-12 13:53:21 - [TEST_STEP][PASSED] - Statement - PreSaveFile = new java.io.File(((pathPrefix + java.lang.Integer.toString(counter)) + .png)): null

2018-12-12 13:53:21 - [TEST_STEP][PASSED] - Statement - counter = counter + 1: null

2018-12-12 13:53:21 - [TEST_STEP][PASSED] - Statement - PreSaveFile = new java.io.File(((pathPrefix + java.lang.Integer.toString(counter)) + .png)): null

2018-12-12 13:53:21 - [TEST_STEP][PASSED] - Statement - counter = counter + 1: null

2018-12-12 13:53:21 - [TEST_STEP][PASSED] - Statement - PreSaveFile = new java.io.File(((pathPrefix + java.lang.Integer.toString(counter)) + .png)): null

2018-12-12 13:53:21 - [TEST_STEP][PASSED] - Statement - counter = counter + 1: null

2018-12-12 13:53:21 - [TEST_STEP][PASSED] - Statement - PreSaveFile = new java.io.File(((pathPrefix + java.lang.Integer.toString(counter)) + .png)): null

2018-12-12 13:53:21 - [TEST_STEP][PASSED] - Statement - counter = counter + 1: null

2018-12-12 13:53:21 - [TEST_STEP][PASSED] - Statement - PreSaveFile = new java.io.File(((pathPrefix + java.lang.Integer.toString(counter)) + .png)): null

2018-12-12 13:53:21 - [TEST_STEP][PASSED] - Statement - counter = counter + 1: null

2018-12-12 13:53:21 - [TEST_STEP][PASSED] - Statement - PreSaveFile = new java.io.File(((pathPrefix + java.lang.Integer.toString(counter)) + .png)): null

2018-12-12 13:53:21 - [TEST_STEP][PASSED] - Statement - counter = counter + 1: null

2018-12-12 13:53:21 - [TEST_STEP][PASSED] - Statement - PreSaveFile = new java.io.File(((pathPrefix + java.lang.Integer.toString(counter)) + .png)): null

2018-12-12 13:53:21 - [TEST_STEP][PASSED] - Statement - counter = counter + 1: null

2018-12-12 13:53:21 - [TEST_STEP][PASSED] - Statement - PreSaveFile = new java.io.File(((pathPrefix + java.lang.Integer.toString(counter)) + .png)): null

2018-12-12 13:53:21 - [TEST_STEP][PASSED] - Statement - counter = counter + 1: null

2018-12-12 13:53:21 - [TEST_STEP][PASSED] - Statement - PreSaveFile = new java.io.File(((pathPrefix + java.lang.Integer.toString(counter)) + .png)): null

2018-12-12 13:53:21 - [TEST_STEP][PASSED] - Statement - counter = counter + 1: null

2018-12-12 13:53:21 - [TEST_STEP][PASSED] - Statement - PreSaveFile = new java.io.File(((pathPrefix + java.lang.Integer.toString(counter)) + .png)): null

2018-12-12 13:53:21 - [TEST_STEP][PASSED] - Statement - counter = counter + 1: null

2018-12-12 13:53:21 - [TEST_STEP][PASSED] - Statement - PreSaveFile = new java.io.File(((pathPrefix + java.lang.Integer.toString(counter)) + .png)): null

2018-12-12 13:53:21 - [TEST_STEP][PASSED] - Statement - counter = counter + 1: null

2018-12-12 13:53:21 - [TEST_STEP][PASSED] - Statement - PreSaveFile = new java.io.File(((pathPrefix + java.lang.Integer.toString(counter)) + .png)): null

2018-12-12 13:53:21 - [TEST_STEP][PASSED] - Statement - counter = counter + 1: null

2018-12-12 13:53:21 - [TEST_STEP][PASSED] - Statement - PreSaveFile = new java.io.File(((pathPrefix + java.lang.Integer.toString(counter)) + .png)): null

2018-12-12 13:53:21 - [TEST_STEP][PASSED] - Statement - counter = counter + 1: null

2018-12-12 13:53:21 - [TEST_STEP][PASSED] - Statement - PreSaveFile = new java.io.File(((pathPrefix + java.lang.Integer.toString(counter)) + .png)): null

2018-12-12 13:53:21 - [TEST_STEP][PASSED] - Statement - counter = counter + 1: null

2018-12-12 13:53:21 - [TEST_STEP][PASSED] - Statement - PreSaveFile = new java.io.File(((pathPrefix + java.lang.Integer.toString(counter)) + .png)): null

2018-12-12 13:53:21 - [TEST_STEP][PASSED] - Statement - counter = counter + 1: null

2018-12-12 13:53:21 - [TEST_STEP][PASSED] - Statement - PreSaveFile = new java.io.File(((pathPrefix + java.lang.Integer.toString(counter)) + .png)): null

2018-12-12 13:53:21 - [TEST_STEP][PASSED] - Statement - counter = counter + 1: null

2018-12-12 13:53:21 - [TEST_STEP][PASSED] - Statement - PreSaveFile = new java.io.File(((pathPrefix + java.lang.Integer.toString(counter)) + .png)): null

2018-12-12 13:53:21 - [TEST_STEP][PASSED] - Statement - counter = counter + 1: null

2018-12-12 13:53:21 - [TEST_STEP][PASSED] - Statement - PreSaveFile = new java.io.File(((pathPrefix + java.lang.Integer.toString(counter)) + .png)): null

2018-12-12 13:53:21 - [TEST_STEP][PASSED] - Statement - counter = counter + 1: null

2018-12-12 13:53:21 - [TEST_STEP][PASSED] - Statement - PreSaveFile = new java.io.File(((pathPrefix + java.lang.Integer.toString(counter)) + .png)): null

2018-12-12 13:53:21 - [TEST_STEP][PASSED] - Statement - counter = counter + 1: null

2018-12-12 13:53:21 - [TEST_STEP][PASSED] - Statement - PreSaveFile = new java.io.File(((pathPrefix + java.lang.Integer.toString(counter)) + .png)): null

2018-12-12 13:53:21 - [TEST_STEP][PASSED] - Statement - counter = counter + 1: null

2018-12-12 13:53:21 - [TEST_STEP][PASSED] - Statement - PreSaveFile = new java.io.File(((pathPrefix + java.lang.Integer.toString(counter)) + .png)): null

2018-12-12 13:53:21 - [TEST_STEP][PASSED] - Statement - counter = counter + 1: null

2018-12-12 13:53:21 - [TEST_STEP][PASSED] - Statement - PreSaveFile = new java.io.File(((pathPrefix + java.lang.Integer.toString(counter)) + .png)): null

2018-12-12 13:53:21 - [TEST_STEP][PASSED] - Statement - counter = counter + 1: null

2018-12-12 13:53:21 - [TEST_STEP][PASSED] - Statement - PreSaveFile = new java.io.File(((pathPrefix + java.lang.Integer.toString(counter)) + .png)): null

2018-12-12 13:53:21 - [TEST_STEP][PASSED] - Statement - counter = counter + 1: null

2018-12-12 13:53:21 - [TEST_STEP][PASSED] - Statement - PreSaveFile = new java.io.File(((pathPrefix + java.lang.Integer.toString(counter)) + .png)): null

2018-12-12 13:53:21 - [TEST_STEP][PASSED] - Statement - counter = counter + 1: null

2018-12-12 13:53:21 - [TEST_STEP][PASSED] - Statement - PreSaveFile = new java.io.File(((pathPrefix + java.lang.Integer.toString(counter)) + .png)): null

2018-12-12 13:53:21 - [TEST_STEP][PASSED] - Statement - counter = counter + 1: null

2018-12-12 13:53:21 - [TEST_STEP][PASSED] - Statement - PreSaveFile = new java.io.File(((pathPrefix + java.lang.Integer.toString(counter)) + .png)): null

2018-12-12 13:53:21 - [TEST_STEP][PASSED] - Statement - counter = counter + 1: null

2018-12-12 13:53:21 - [TEST_STEP][PASSED] - Statement - PreSaveFile = new java.io.File(((pathPrefix + java.lang.Integer.toString(counter)) + .png)): null

2018-12-12 13:53:21 - [TEST_STEP][PASSED] - Statement - counter = counter + 1: null

2018-12-12 13:53:21 - [TEST_STEP][PASSED] - Statement - PreSaveFile = new java.io.File(((pathPrefix + java.lang.Integer.toString(counter)) + .png)): null

2018-12-12 13:53:21 - [TEST_STEP][PASSED] - Statement - counter = counter + 1: null

2018-12-12 13:53:21 - [TEST_STEP][PASSED] - Statement - PreSaveFile = new java.io.File(((pathPrefix + java.lang.Integer.toString(counter)) + .png)): null

2018-12-12 13:53:21 - [TEST_STEP][PASSED] - Statement - counter = counter + 1: null

2018-12-12 13:53:21 - [TEST_STEP][PASSED] - Statement - PreSaveFile = new java.io.File(((pathPrefix + java.lang.Integer.toString(counter)) + .png)): null

2018-12-12 13:53:21 - [TEST_STEP][PASSED] - Statement - counter = counter + 1: null

2018-12-12 13:53:21 - [TEST_STEP][PASSED] - Statement - PreSaveFile = new java.io.File(((pathPrefix + java.lang.Integer.toString(counter)) + .png)): null

2018-12-12 13:53:21 - [TEST_STEP][PASSED] - Statement - counter = counter + 1: null

2018-12-12 13:53:21 - [TEST_STEP][PASSED] - Statement - PreSaveFile = new java.io.File(((pathPrefix + java.lang.Integer.toString(counter)) + .png)): null

2018-12-12 13:53:21 - [TEST_STEP][PASSED] - Statement - counter = counter + 1: null

2018-12-12 13:53:21 - [TEST_STEP][PASSED] - Statement - PreSaveFile = new java.io.File(((pathPrefix + java.lang.Integer.toString(counter)) + .png)): null

2018-12-12 13:53:21 - [TEST_STEP][PASSED] - Statement - counter = counter + 1: null

2018-12-12 13:53:21 - [TEST_STEP][PASSED] - Statement - PreSaveFile = new java.io.File(((pathPrefix + java.lang.Integer.toString(counter)) + .png)): null

2018-12-12 13:53:21 - [TEST_STEP][PASSED] - Statement - counter = counter + 1: null

2018-12-12 13:53:21 - [TEST_STEP][PASSED] - Statement - PreSaveFile = new java.io.File(((pathPrefix + java.lang.Integer.toString(counter)) + .png)): null

2018-12-12 13:53:21 - [TEST_STEP][PASSED] - Statement - counter = counter + 1: null

2018-12-12 13:53:21 - [TEST_STEP][PASSED] - Statement - PreSaveFile = new java.io.File(((pathPrefix + java.lang.Integer.toString(counter)) + .png)): null

2018-12-12 13:53:21 - [TEST_STEP][PASSED] - Statement - counter = counter + 1: null

2018-12-12 13:53:21 - [TEST_STEP][PASSED] - Statement - PreSaveFile = new java.io.File(((pathPrefix + java.lang.Integer.toString(counter)) + .png)): null

2018-12-12 13:53:21 - [TEST_STEP][PASSED] - Statement - counter = counter + 1: null

2018-12-12 13:53:21 - [TEST_STEP][PASSED] - Statement - PreSaveFile = new java.io.File(((pathPrefix + java.lang.Integer.toString(counter)) + .png)): null

2018-12-12 13:53:21 - [TEST_STEP][PASSED] - Statement - counter = counter + 1: null

2018-12-12 13:53:21 - [TEST_STEP][PASSED] - Statement - PreSaveFile = new java.io.File(((pathPrefix + java.lang.Integer.toString(counter)) + .png)): null

2018-12-12 13:53:21 - [TEST_STEP][PASSED] - Statement - counter = counter + 1: null

2018-12-12 13:53:21 - [TEST_STEP][PASSED] - Statement - PreSaveFile = new java.io.File(((pathPrefix + java.lang.Integer.toString(counter)) + .png)): null

2018-12-12 13:53:21 - [TEST_STEP][PASSED] - Statement - counter = counter + 1: null

2018-12-12 13:53:21 - [TEST_STEP][PASSED] - Statement - PreSaveFile = new java.io.File(((pathPrefix + java.lang.Integer.toString(counter)) + .png)): null

2018-12-12 13:53:21 - [TEST_STEP][PASSED] - Statement - counter = counter + 1: null

2018-12-12 13:53:21 - [TEST_STEP][PASSED] - Statement - PreSaveFile = new java.io.File(((pathPrefix + java.lang.Integer.toString(counter)) + .png)): null

2018-12-12 13:53:21 - [TEST_STEP][PASSED] - Statement - counter = counter + 1: null

2018-12-12 13:53:21 - [TEST_STEP][PASSED] - Statement - PreSaveFile = new java.io.File(((pathPrefix + java.lang.Integer.toString(counter)) + .png)): null

2018-12-12 13:53:21 - [TEST_STEP][PASSED] - Statement - counter = counter + 1: null

2018-12-12 13:53:21 - [TEST_STEP][PASSED] - Statement - PreSaveFile = new java.io.File(((pathPrefix + java.lang.Integer.toString(counter)) + .png)): null

2018-12-12 13:53:21 - [TEST_STEP][PASSED] - Statement - counter = counter + 1: null

2018-12-12 13:53:21 - [TEST_STEP][PASSED] - Statement - PreSaveFile = new java.io.File(((pathPrefix + java.lang.Integer.toString(counter)) + .png)): null

2018-12-12 13:53:21 - [TEST_STEP][PASSED] - Statement - counter = counter + 1: null

2018-12-12 13:53:21 - [TEST_STEP][PASSED] - Statement - PreSaveFile = new java.io.File(((pathPrefix + java.lang.Integer.toString(counter)) + .png)): null

2018-12-12 13:53:21 - [TEST_STEP][PASSED] - Statement - counter = counter + 1: null

2018-12-12 13:53:21 - [TEST_STEP][PASSED] - Statement - PreSaveFile = new java.io.File(((pathPrefix + java.lang.Integer.toString(counter)) + .png)): null

2018-12-12 13:53:21 - [TEST_STEP][PASSED] - Statement - counter = counter + 1: null

2018-12-12 13:53:21 - [TEST_STEP][PASSED] - Statement - PreSaveFile = new java.io.File(((pathPrefix + java.lang.Integer.toString(counter)) + .png)): null

2018-12-12 13:53:21 - [TEST_STEP][PASSED] - Statement - counter = counter + 1: null

2018-12-12 13:53:21 - [TEST_STEP][PASSED] - Statement - PreSaveFile = new java.io.File(((pathPrefix + java.lang.Integer.toString(counter)) + .png)): null

2018-12-12 13:53:21 - [TEST_STEP][PASSED] - Statement - counter = counter + 1: null

2018-12-12 13:53:21 - [TEST_STEP][PASSED] - Statement - PreSaveFile = new java.io.File(((pathPrefix + java.lang.Integer.toString(counter)) + .png)): null

2018-12-12 13:53:21 - [TEST_STEP][PASSED] - Statement - counter = counter + 1: null

2018-12-12 13:53:21 - [TEST_STEP][PASSED] - Statement - PreSaveFile = new java.io.File(((pathPrefix + java.lang.Integer.toString(counter)) + .png)): null

2018-12-12 13:53:21 - [TEST_STEP][PASSED] - Statement - counter = counter + 1: null

2018-12-12 13:53:21 - [TEST_STEP][PASSED] - Statement - PreSaveFile = new java.io.File(((pathPrefix + java.lang.Integer.toString(counter)) + .png)): null

2018-12-12 13:53:21 - [TEST_STEP][PASSED] - Statement - counter = counter + 1: null

2018-12-12 13:53:21 - [TEST_STEP][PASSED] - Statement - PreSaveFile = new java.io.File(((pathPrefix + java.lang.Integer.toString(counter)) + .png)): null

2018-12-12 13:53:21 - [TEST_STEP][PASSED] - Statement - counter = counter + 1: null

2018-12-12 13:53:21 - [TEST_STEP][PASSED] - Statement - PreSaveFile = new java.io.File(((pathPrefix + java.lang.Integer.toString(counter)) + .png)): null

2018-12-12 13:53:21 - [TEST_STEP][PASSED] - Statement - counter = counter + 1: null

2018-12-12 13:53:21 - [TEST_STEP][PASSED] - Statement - PreSaveFile = new java.io.File(((pathPrefix + java.lang.Integer.toString(counter)) + .png)): null

2018-12-12 13:53:21 - [TEST_STEP][PASSED] - Statement - counter = counter + 1: null

2018-12-12 13:53:21 - [TEST_STEP][PASSED] - Statement - PreSaveFile = new java.io.File(((pathPrefix + java.lang.Integer.toString(counter)) + .png)): null

2018-12-12 13:53:21 - [TEST_STEP][PASSED] - Statement - counter = counter + 1: null

2018-12-12 13:53:21 - [TEST_STEP][PASSED] - Statement - PreSaveFile = new java.io.File(((pathPrefix + java.lang.Integer.toString(counter)) + .png)): null

2018-12-12 13:53:21 - [TEST_STEP][PASSED] - Statement - counter = counter + 1: null

2018-12-12 13:53:21 - [TEST_STEP][PASSED] - Statement - PreSaveFile = new java.io.File(((pathPrefix + java.lang.Integer.toString(counter)) + .png)): null

2018-12-12 13:53:21 - [TEST_STEP][PASSED] - Statement - counter = counter + 1: null

2018-12-12 13:53:21 - [TEST_STEP][PASSED] - Statement - PreSaveFile = new java.io.File(((pathPrefix + java.lang.Integer.toString(counter)) + .png)): null

2018-12-12 13:53:21 - [TEST_STEP][PASSED] - Statement - counter = counter + 1: null

2018-12-12 13:53:21 - [TEST_STEP][PASSED] - Statement - PreSaveFile = new java.io.File(((pathPrefix + java.lang.Integer.toString(counter)) + .png)): null

2018-12-12 13:53:21 - [TEST_STEP][PASSED] - Statement - counter = counter + 1: null

2018-12-12 13:53:21 - [TEST_STEP][PASSED] - Statement - PreSaveFile = new java.io.File(((pathPrefix + java.lang.Integer.toString(counter)) + .png)): null

2018-12-12 13:53:21 - [TEST_STEP][PASSED] - Statement - counter = counter + 1: null

2018-12-12 13:53:21 - [TEST_STEP][PASSED] - Statement - PreSaveFile = new java.io.File(((pathPrefix + java.lang.Integer.toString(counter)) + .png)): null

2018-12-12 13:53:21 - [TEST_STEP][PASSED] - Statement - counter = counter + 1: null

2018-12-12 13:53:21 - [TEST_STEP][PASSED] - Statement - PreSaveFile = new java.io.File(((pathPrefix + java.lang.Integer.toString(counter)) + .png)): null

2018-12-12 13:53:21 - [TEST_STEP][PASSED] - Statement - counter = counter + 1: null

2018-12-12 13:53:21 - [TEST_STEP][PASSED] - Statement - PreSaveFile = new java.io.File(((pathPrefix + java.lang.Integer.toString(counter)) + .png)): null

2018-12-12 13:53:21 - [TEST_STEP][PASSED] - Statement - counter = counter + 1: null

2018-12-12 13:53:21 - [TEST_STEP][PASSED] - Statement - PreSaveFile = new java.io.File(((pathPrefix + java.lang.Integer.toString(counter)) + .png)): null

2018-12-12 13:53:21 - [TEST_STEP][PASSED] - Statement - counter = counter + 1: null

2018-12-12 13:53:21 - [TEST_STEP][PASSED] - Statement - PreSaveFile = new java.io.File(((pathPrefix + java.lang.Integer.toString(counter)) + .png)): null

2018-12-12 13:53:21 - [TEST_STEP][PASSED] - Statement - counter = counter + 1: null

2018-12-12 13:53:21 - [TEST_STEP][PASSED] - Statement - PreSaveFile = new java.io.File(((pathPrefix + java.lang.Integer.toString(counter)) + .png)): null

2018-12-12 13:53:21 - [TEST_STEP][PASSED] - Statement - counter = counter + 1: null

2018-12-12 13:53:21 - [TEST_STEP][PASSED] - Statement - PreSaveFile = new java.io.File(((pathPrefix + java.lang.Integer.toString(counter)) + .png)): null

2018-12-12 13:53:21 - [TEST_STEP][PASSED] - Statement - counter = counter + 1: null

2018-12-12 13:53:21 - [TEST_STEP][PASSED] - Statement - PreSaveFile = new java.io.File(((pathPrefix + java.lang.Integer.toString(counter)) + .png)): null

2018-12-12 13:53:21 - [TEST_STEP][PASSED] - Statement - counter = counter + 1: null

2018-12-12 13:53:21 - [TEST_STEP][PASSED] - Statement - PreSaveFile = new java.io.File(((pathPrefix + java.lang.Integer.toString(counter)) + .png)): null

2018-12-12 13:53:21 - [TEST_STEP][PASSED] - Statement - counter = counter + 1: null

2018-12-12 13:53:21 - [TEST_STEP][PASSED] - Statement - PreSaveFile = new java.io.File(((pathPrefix + java.lang.Integer.toString(counter)) + .png)): null

2018-12-12 13:53:21 - [TEST_STEP][PASSED] - Statement - counter = counter + 1: null

2018-12-12 13:53:21 - [TEST_STEP][PASSED] - Statement - PreSaveFile = new java.io.File(((pathPrefix + java.lang.Integer.toString(counter)) + .png)): null

2018-12-12 13:53:21 - [TEST_STEP][PASSED] - Statement - counter = counter + 1: null

2018-12-12 13:53:21 - [TEST_STEP][PASSED] - Statement - PreSaveFile = new java.io.File(((pathPrefix + java.lang.Integer.toString(counter)) + .png)): null

2018-12-12 13:53:21 - [TEST_STEP][PASSED] - Statement - counter = counter + 1: null

2018-12-12 13:53:21 - [TEST_STEP][PASSED] - Statement - PreSaveFile = new java.io.File(((pathPrefix + java.lang.Integer.toString(counter)) + .png)): null

2018-12-12 13:53:21 - [TEST_STEP][PASSED] - Statement - counter = counter + 1: null

2018-12-12 13:53:21 - [TEST_STEP][PASSED] - Statement - PreSaveFile = new java.io.File(((pathPrefix + java.lang.Integer.toString(counter)) + .png)): null

2018-12-12 13:53:21 - [TEST_STEP][PASSED] - Statement - counter = counter + 1: null

2018-12-12 13:53:21 - [TEST_STEP][PASSED] - Statement - PreSaveFile = new java.io.File(((pathPrefix + java.lang.Integer.toString(counter)) + .png)): null

2018-12-12 13:53:21 - [TEST_STEP][PASSED] - Statement - counter = counter + 1: null

2018-12-12 13:53:21 - [TEST_STEP][PASSED] - Statement - PreSaveFile = new java.io.File(((pathPrefix + java.lang.Integer.toString(counter)) + .png)): null

2018-12-12 13:53:21 - [TEST_STEP][PASSED] - Statement - counter = counter + 1: null

2018-12-12 13:53:21 - [TEST_STEP][PASSED] - Statement - PreSaveFile = new java.io.File(((pathPrefix + java.lang.Integer.toString(counter)) + .png)): null

2018-12-12 13:53:21 - [TEST_STEP][PASSED] - Statement - counter = counter + 1: null

2018-12-12 13:53:21 - [TEST_STEP][PASSED] - Statement - PreSaveFile = new java.io.File(((pathPrefix + java.lang.Integer.toString(counter)) + .png)): null

2018-12-12 13:53:21 - [TEST_STEP][PASSED] - Statement - counter = counter + 1: null

2018-12-12 13:53:21 - [TEST_STEP][PASSED] - Statement - PreSaveFile = new java.io.File(((pathPrefix + java.lang.Integer.toString(counter)) + .png)): null

2018-12-12 13:53:21 - [TEST_STEP][PASSED] - Statement - counter = counter + 1: null

2018-12-12 13:53:21 - [TEST_STEP][PASSED] - Statement - PreSaveFile = new java.io.File(((pathPrefix + java.lang.Integer.toString(counter)) + .png)): null

2018-12-12 13:53:21 - [TEST_STEP][PASSED] - Statement - counter = counter + 1: null

2018-12-12 13:53:21 - [TEST_STEP][PASSED] - Statement - PreSaveFile = new java.io.File(((pathPrefix + java.lang.Integer.toString(counter)) + .png)): null

2018-12-12 13:53:21 - [TEST_STEP][PASSED] - Statement - counter = counter + 1: null

2018-12-12 13:53:21 - [TEST_STEP][PASSED] - Statement - PreSaveFile = new java.io.File(((pathPrefix + java.lang.Integer.toString(counter)) + .png)): null

2018-12-12 13:53:21 - [TEST_STEP][PASSED] - Statement - counter = counter + 1: null

2018-12-12 13:53:21 - [TEST_STEP][PASSED] - Statement - PreSaveFile = new java.io.File(((pathPrefix + java.lang.Integer.toString(counter)) + .png)): null

2018-12-12 13:53:21 - [TEST_STEP][PASSED] - Statement - finalPath = pathPrefix + java.lang.Integer.toString(counter) + ".png": null

2018-12-12 13:53:21 - [TEST_STEP][PASSED] - Statement - SaveFile = new java.io.File(finalPath): null

2018-12-12 13:53:21 - [TEST_STEP][PASSED] - Statement - Try: null

2018-12-12 13:53:21 - [TEST_STEP][PASSED] - Statement - org.apache.commons.io.FileUtils.copyFile(scrFile, SaveFile): null

2018-12-12 13:53:21 - [TEST_STEP][PASSED] - Statement - out.println("file kept"): null

2018-12-12 13:53:21 - [TEST_STEP][PASSED] - delay: Delayed 10 second(s)

2018-12-12 13:53:31 - [MESSAGE][PASSED] - Delayed 10 second(s)

2018-12-12 13:53:31 - [MESSAGE][PASSED] - Call Test Case 'Test Cases/Final Aug 2018 - PKS Automation/Registration Module/New Registration/Submit and Screenshot/Submit Registration and Screenshot' successfully

2018-12-12 13:53:31 - [TEST_STEP][PASSED] - callTestCase: Call Test Case 'Test Cases/Final Aug 2018 - PKS Automation/Registration Module/Log Out/log out avoiding katalon tagging' successfully

2018-12-12 13:53:32 - [TEST_CASE][PASSED] - Test Cases/Final Aug 2018 - PKS Automation/Registration Module/Log Out/log out avoiding katalon tagging: Test Cases/Final Aug 2018 - PKS Automation/Registration Module/Log Out/log out avoiding katalon tagging

2018-12-12 13:53:32 - [TEST_STEP][PASSED] - navigateToUrl: Navigate to 'https://assist2-uat.perkeso.gov.my/c/portal/logout' successfully

2018-12-12 13:53:32 - [MESSAGE][PASSED] - Navigate to 'https://assist2-uat.perkeso.gov.my/c/portal/logout' successfully

2018-12-12 13:53:32 - [MESSAGE][PASSED] - Call Test Case 'Test Cases/Final Aug 2018 - PKS Automation/Registration Module/Log Out/log out avoiding katalon tagging' successfully]]></system-out>
         <system-err><![CDATA[]]></system-err>
      </testcase>
      <system-out><![CDATA[2018-12-12 13:12:17 - [TEST_SUITE][FAILED] - New Registration: Test Cases/Final Aug 2018 - PKS Automation/Registration Module/Workflow/New Registration/OTC - PKR BO - RO Submit(Routed 2 Time) FAILED because (of) (Stack trace: com.kms.katalon.core.exception.StepFailedException: Unable to click on object 'Object Repository/Final Object Repo/New Registration - Registration Module Pages/New Reg - OTC to RO/Special Case - All Related Objects/Continue Button in verifying case' (Root cause: org.openqa.selenium.ElementNotVisibleException: element not interactable
  (Session info: chrome=70.0.3538.110)
  (Driver info: chromedriver=2.43.600210 (68dcf5eebde37173d4027fa8635e332711d2874a),platform=Windows NT 6.1.7601 SP1 x86_64) (WARNING: The server did not provide any stacktrace information)
Command duration or timeout: 0 milliseconds
Build info: version: '3.7.1', revision: '8a0099a', time: '2017-11-06T21:07:36.161Z'
System info: host: 'WIN7TEST02', ip: '10.20.3.72', os.name: 'Windows 7', os.arch: 'amd64', os.version: '6.1', java.version: '1.8.0_181'
Driver info: com.kms.katalon.selenium.driver.CChromeDriver
Capabilities {acceptInsecureCerts: false, acceptSslCerts: false, applicationCacheEnabled: false, browserConnectionEnabled: false, browserName: chrome, chrome: {chromedriverVersion: 2.43.600210 (68dcf5eebde371..., userDataDir: C:\Users\Admin\AppData\Loca...}, cssSelectorsEnabled: true, databaseEnabled: false, goog:chromeOptions: {debuggerAddress: localhost:51117}, handlesAlerts: true, hasTouchScreen: false, javascriptEnabled: true, locationContextEnabled: true, mobileEmulationEnabled: false, nativeEvents: true, networkConnectionEnabled: false, pageLoadStrategy: normal, platform: XP, platformName: XP, rotatable: false, setWindowRect: true, takesHeapSnapshot: true, takesScreenshot: true, unexpectedAlertBehaviour: , unhandledPromptBehavior: , version: 70.0.3538.110, webStorageEnabled: true}
Session ID: a7c3ed21dc741ea9442b4bd96face2e5)
	at com.kms.katalon.core.keyword.internal.KeywordMain.stepFailed(KeywordMain.groovy:32)
	at com.kms.katalon.core.webui.keyword.internal.WebUIKeywordMain.stepFailed(WebUIKeywordMain.groovy:65)
	at com.kms.katalon.core.webui.keyword.internal.WebUIKeywordMain.runKeyword(WebUIKeywordMain.groovy:27)
	at com.kms.katalon.core.webui.keyword.builtin.ClickKeyword.click(ClickKeyword.groovy:86)
	at com.kms.katalon.core.webui.keyword.builtin.ClickKeyword.execute(ClickKeyword.groovy:67)
	at com.kms.katalon.core.keyword.internal.KeywordExecutor.executeKeywordForPlatform(KeywordExecutor.groovy:53)
	at com.kms.katalon.core.webui.keyword.WebUiBuiltInKeywords.click(WebUiBuiltInKeywords.groovy:616)
	at com.kms.katalon.core.webui.keyword.WebUiBuiltInKeywords$click$2.call(Unknown Source)
	at org.codehaus.groovy.runtime.callsite.CallSiteArray.defaultCall(CallSiteArray.java:48)
	at org.codehaus.groovy.runtime.callsite.AbstractCallSite.call(AbstractCallSite.java:113)
	at org.codehaus.groovy.runtime.callsite.AbstractCallSite.call(AbstractCallSite.java:125)
	at Script1535599368022.run(Script1535599368022.groovy:165)
	at com.kms.katalon.core.main.ScriptEngine.run(ScriptEngine.java:183)
	at com.kms.katalon.core.main.ScriptEngine.runScriptAsRawText(ScriptEngine.java:108)
	at com.kms.katalon.core.main.TestCaseExecutor.runScript(TestCaseExecutor.java:294)
	at com.kms.katalon.core.main.TestCaseExecutor.doExecute(TestCaseExecutor.java:285)
	at com.kms.katalon.core.main.TestCaseExecutor.processExecutionPhase(TestCaseExecutor.java:264)
	at com.kms.katalon.core.main.TestCaseExecutor.accessMainPhase(TestCaseExecutor.java:256)
	at com.kms.katalon.core.main.TestCaseExecutor.execute(TestCaseExecutor.java:200)
	at com.kms.katalon.core.main.TestSuiteExecutor.accessTestCaseMainPhase(TestSuiteExecutor.java:129)
	at com.kms.katalon.core.main.TestSuiteExecutor.accessTestSuiteMainPhase(TestSuiteExecutor.java:112)
	at com.kms.katalon.core.main.TestSuiteExecutor.execute(TestSuiteExecutor.java:81)
	at com.kms.katalon.core.main.TestCaseMain.startTestSuite(TestCaseMain.java:142)
	at com.kms.katalon.core.main.TestCaseMain$startTestSuite$0.call(Unknown Source)
	at org.codehaus.groovy.runtime.callsite.CallSiteArray.defaultCall(CallSiteArray.java:48)
	at org.codehaus.groovy.runtime.callsite.AbstractCallSite.call(AbstractCallSite.java:113)
	at org.codehaus.groovy.runtime.callsite.AbstractCallSite.call(AbstractCallSite.java:141)
	at TempTestSuite1544512651851.run(TempTestSuite1544512651851.groovy:36)
	at groovy.lang.GroovyShell.runScriptOrMainOrTestOrRunnable(GroovyShell.java:263)
	at groovy.lang.GroovyShell.run(GroovyShell.java:518)
	at groovy.lang.GroovyShell.run(GroovyShell.java:507)
	at groovy.ui.GroovyMain.processOnce(GroovyMain.java:653)
	at groovy.ui.GroovyMain.run(GroovyMain.java:384)
	at groovy.ui.GroovyMain.process(GroovyMain.java:370)
	at groovy.ui.GroovyMain.processArgs(GroovyMain.java:129)
	at groovy.ui.GroovyMain.main(GroovyMain.java:109)
	at sun.reflect.NativeMethodAccessorImpl.invoke0(Native Method)
	at sun.reflect.NativeMethodAccessorImpl.invoke(NativeMethodAccessorImpl.java:62)
	at sun.reflect.DelegatingMethodAccessorImpl.invoke(DelegatingMethodAccessorImpl.java:43)
	at java.lang.reflect.Method.invoke(Method.java:498)
	at org.codehaus.groovy.tools.GroovyStarter.rootLoader(GroovyStarter.java:109)
	at org.codehaus.groovy.tools.GroovyStarter.main(GroovyStarter.java:131)
)]]></system-out>
      <system-err><![CDATA[2018-12-12 13:12:17 - [TEST_SUITE][FAILED] - New Registration: Test Cases/Final Aug 2018 - PKS Automation/Registration Module/Workflow/New Registration/OTC - PKR BO - RO Submit(Routed 2 Time) FAILED because (of) (Stack trace: com.kms.katalon.core.exception.StepFailedException: Unable to click on object 'Object Repository/Final Object Repo/New Registration - Registration Module Pages/New Reg - OTC to RO/Special Case - All Related Objects/Continue Button in verifying case' (Root cause: org.openqa.selenium.ElementNotVisibleException: element not interactable
  (Session info: chrome=70.0.3538.110)
  (Driver info: chromedriver=2.43.600210 (68dcf5eebde37173d4027fa8635e332711d2874a),platform=Windows NT 6.1.7601 SP1 x86_64) (WARNING: The server did not provide any stacktrace information)
Command duration or timeout: 0 milliseconds
Build info: version: '3.7.1', revision: '8a0099a', time: '2017-11-06T21:07:36.161Z'
System info: host: 'WIN7TEST02', ip: '10.20.3.72', os.name: 'Windows 7', os.arch: 'amd64', os.version: '6.1', java.version: '1.8.0_181'
Driver info: com.kms.katalon.selenium.driver.CChromeDriver
Capabilities {acceptInsecureCerts: false, acceptSslCerts: false, applicationCacheEnabled: false, browserConnectionEnabled: false, browserName: chrome, chrome: {chromedriverVersion: 2.43.600210 (68dcf5eebde371..., userDataDir: C:\Users\Admin\AppData\Loca...}, cssSelectorsEnabled: true, databaseEnabled: false, goog:chromeOptions: {debuggerAddress: localhost:51117}, handlesAlerts: true, hasTouchScreen: false, javascriptEnabled: true, locationContextEnabled: true, mobileEmulationEnabled: false, nativeEvents: true, networkConnectionEnabled: false, pageLoadStrategy: normal, platform: XP, platformName: XP, rotatable: false, setWindowRect: true, takesHeapSnapshot: true, takesScreenshot: true, unexpectedAlertBehaviour: , unhandledPromptBehavior: , version: 70.0.3538.110, webStorageEnabled: true}
Session ID: a7c3ed21dc741ea9442b4bd96face2e5)
	at com.kms.katalon.core.keyword.internal.KeywordMain.stepFailed(KeywordMain.groovy:32)
	at com.kms.katalon.core.webui.keyword.internal.WebUIKeywordMain.stepFailed(WebUIKeywordMain.groovy:65)
	at com.kms.katalon.core.webui.keyword.internal.WebUIKeywordMain.runKeyword(WebUIKeywordMain.groovy:27)
	at com.kms.katalon.core.webui.keyword.builtin.ClickKeyword.click(ClickKeyword.groovy:86)
	at com.kms.katalon.core.webui.keyword.builtin.ClickKeyword.execute(ClickKeyword.groovy:67)
	at com.kms.katalon.core.keyword.internal.KeywordExecutor.executeKeywordForPlatform(KeywordExecutor.groovy:53)
	at com.kms.katalon.core.webui.keyword.WebUiBuiltInKeywords.click(WebUiBuiltInKeywords.groovy:616)
	at com.kms.katalon.core.webui.keyword.WebUiBuiltInKeywords$click$2.call(Unknown Source)
	at org.codehaus.groovy.runtime.callsite.CallSiteArray.defaultCall(CallSiteArray.java:48)
	at org.codehaus.groovy.runtime.callsite.AbstractCallSite.call(AbstractCallSite.java:113)
	at org.codehaus.groovy.runtime.callsite.AbstractCallSite.call(AbstractCallSite.java:125)
	at Script1535599368022.run(Script1535599368022.groovy:165)
	at com.kms.katalon.core.main.ScriptEngine.run(ScriptEngine.java:183)
	at com.kms.katalon.core.main.ScriptEngine.runScriptAsRawText(ScriptEngine.java:108)
	at com.kms.katalon.core.main.TestCaseExecutor.runScript(TestCaseExecutor.java:294)
	at com.kms.katalon.core.main.TestCaseExecutor.doExecute(TestCaseExecutor.java:285)
	at com.kms.katalon.core.main.TestCaseExecutor.processExecutionPhase(TestCaseExecutor.java:264)
	at com.kms.katalon.core.main.TestCaseExecutor.accessMainPhase(TestCaseExecutor.java:256)
	at com.kms.katalon.core.main.TestCaseExecutor.execute(TestCaseExecutor.java:200)
	at com.kms.katalon.core.main.TestSuiteExecutor.accessTestCaseMainPhase(TestSuiteExecutor.java:129)
	at com.kms.katalon.core.main.TestSuiteExecutor.accessTestSuiteMainPhase(TestSuiteExecutor.java:112)
	at com.kms.katalon.core.main.TestSuiteExecutor.execute(TestSuiteExecutor.java:81)
	at com.kms.katalon.core.main.TestCaseMain.startTestSuite(TestCaseMain.java:142)
	at com.kms.katalon.core.main.TestCaseMain$startTestSuite$0.call(Unknown Source)
	at org.codehaus.groovy.runtime.callsite.CallSiteArray.defaultCall(CallSiteArray.java:48)
	at org.codehaus.groovy.runtime.callsite.AbstractCallSite.call(AbstractCallSite.java:113)
	at org.codehaus.groovy.runtime.callsite.AbstractCallSite.call(AbstractCallSite.java:141)
	at TempTestSuite1544512651851.run(TempTestSuite1544512651851.groovy:36)
	at groovy.lang.GroovyShell.runScriptOrMainOrTestOrRunnable(GroovyShell.java:263)
	at groovy.lang.GroovyShell.run(GroovyShell.java:518)
	at groovy.lang.GroovyShell.run(GroovyShell.java:507)
	at groovy.ui.GroovyMain.processOnce(GroovyMain.java:653)
	at groovy.ui.GroovyMain.run(GroovyMain.java:384)
	at groovy.ui.GroovyMain.process(GroovyMain.java:370)
	at groovy.ui.GroovyMain.processArgs(GroovyMain.java:129)
	at groovy.ui.GroovyMain.main(GroovyMain.java:109)
	at sun.reflect.NativeMethodAccessorImpl.invoke0(Native Method)
	at sun.reflect.NativeMethodAccessorImpl.invoke(NativeMethodAccessorImpl.java:62)
	at sun.reflect.DelegatingMethodAccessorImpl.invoke(DelegatingMethodAccessorImpl.java:43)
	at java.lang.reflect.Method.invoke(Method.java:498)
	at org.codehaus.groovy.tools.GroovyStarter.rootLoader(GroovyStarter.java:109)
	at org.codehaus.groovy.tools.GroovyStarter.main(GroovyStarter.java:131)
)]]></system-err>
   </testsuite>
</testsuites>
