<?xml version="1.0" encoding="UTF-8"?>
<testsuites name="Update Employer Information" time="3234" tests="16" failures="0" errors="0">
   <testsuite name="Update Employer Information" tests="16" failures="0" errors="0" time="3234" timestamp="2019-01-03 22:27:02" hostname="Admin - Win7Test02" id="Test Suites/Workflow/Update Employer Information">
      <properties>
         <property name="deviceName" value=""/>
         <property name="devicePlatform" value=""/>
         <property name="logFolder" value="C:\\Users\\Admin\\Desktop\\PKS\\Perkeso Phase A\\Reports\\Workflow\\Update Employer Information\\20190103_102114"/>
         <property name="logFiles" value="C:\\Users\\Admin\\Desktop\\PKS\\Perkeso Phase A\\Reports\\Workflow\\Update Employer Information\\20190103_102114\\execution0.log"/>
         <property name="attachments" value=""/>
         <property name="hostName" value="Admin - Win7Test02"/>
         <property name="os" value="Windows 7 64bit"/>
         <property name="katalonVersion" value="5.8.6.1"/>
         <property name="browser" value="Chrome 71.0.3578.98"/>
         <property name="hostAddress" value="10.20.3.72"/>
         <property name="sessionId" value="98de0e70799844c77274e9d4835ed350"/>
         <property name="seleniumVersion" value="3.7.1"/>
         <property name="proxyInformation" value="ProxyInformation{proxyOption=NO_PROXY, proxyServerType=HTTP, password=, proxyServerAddress=, proxyServerPort=0}"/>
         <property name="platform" value="Windows 7"/>
      </properties>
      <testcase name="Test Cases/Final Aug 2018 - PKS Automation/Registration Module/Workflow/Update Employer Information/Employer - UO (Approve)" classname="Test Cases/Final Aug 2018 - PKS Automation/Registration Module/Workflow/Update Employer Information/Employer - UO (Approve)" status="PASSED">
         <system-out><![CDATA[2019-01-03 22:27:02 - [TEST_CASE][PASSED] - Test Cases/Final Aug 2018 - PKS Automation/Registration Module/Workflow/Update Employer Information/Employer - UO (Approve): Test Cases/Final Aug 2018 - PKS Automation/Registration Module/Workflow/Update Employer Information/Employer - UO (Approve)

2019-01-03 22:27:03 - [TEST_STEP][PASSED] - callTestCase: Call Test Case 'Test Cases/Final Aug 2018 - PKS Automation/Registration Module/Workflow/Update Employer Information/Template/Update Employer Information - Special Case (Employer)' successfully

2019-01-03 22:27:03 - [TEST_CASE][PASSED] - Test Cases/Final Aug 2018 - PKS Automation/Registration Module/Workflow/Update Employer Information/Template/Update Employer Information - Special Case (Employer): Test Cases/Final Aug 2018 - PKS Automation/Registration Module/Workflow/Update Employer Information/Template/Update Employer Information - Special Case (Employer)

2019-01-03 22:27:03 - [TEST_STEP][PASSED] - callTestCase: Call Test Case 'Test Cases/Final Aug 2018 - PKS Automation/Create Employer Acc/Login to Employer Account (Second time)' successfully

2019-01-03 22:27:03 - [TEST_CASE][PASSED] - Test Cases/Final Aug 2018 - PKS Automation/Create Employer Acc/Login to Employer Account (Second time): Test Cases/Final Aug 2018 - PKS Automation/Create Employer Acc/Login to Employer Account (Second time)

2019-01-03 22:27:04 - [TEST_STEP][PASSED] - openBrowser: Browser is opened with url: ''

2019-01-03 22:27:08 - [MESSAGE][PASSED] - Browser is opened with url: ''

2019-01-03 22:27:08 - [TEST_STEP][PASSED] - navigateToUrl: Navigate to 'https://assist2-uat.perkeso.gov.my/employer/login' successfully

2019-01-03 22:27:09 - [MESSAGE][PASSED] - Navigate to 'https://assist2-uat.perkeso.gov.my/employer/login' successfully

2019-01-03 22:27:09 - [TEST_STEP][PASSED] - delay: Delayed 3 second(s)

2019-01-03 22:27:12 - [MESSAGE][PASSED] - Delayed 3 second(s)

2019-01-03 22:27:12 - [TEST_STEP][PASSED] - callTestCase: Call Test Case 'Test Cases/Final Aug 2018 - PKS Automation/Create Employer Acc/Template/Employer Email Getter' successfully

2019-01-03 22:27:12 - [TEST_CASE][PASSED] - Test Cases/Final Aug 2018 - PKS Automation/Create Employer Acc/Template/Employer Email Getter: Test Cases/Final Aug 2018 - PKS Automation/Create Employer Acc/Template/Employer Email Getter

2019-01-03 22:27:13 - [TEST_STEP][PASSED] - Statement - Try: null

2019-01-03 22:27:13 - [TEST_STEP][PASSED] - Statement - EmpEmail = new java.io.File(C://Users//Admin//Desktop//PKS//Automation Reference Point//EmpEmail.txt): null

2019-01-03 22:27:13 - [TEST_STEP][PASSED] - Statement - bufferread = new java.io.BufferedReader(new java.io.FileReader(EmpEmail)): null

2019-01-03 22:27:13 - [TEST_STEP][PASSED] - Statement - readedVal = bufferread.readLine(): null

2019-01-03 22:27:13 - [TEST_STEP][PASSED] - Statement - out.println(readedVal): null

2019-01-03 22:27:13 - [TEST_STEP][PASSED] - Statement - Email = readedVal: null

2019-01-03 22:27:13 - [MESSAGE][PASSED] - Call Test Case 'Test Cases/Final Aug 2018 - PKS Automation/Create Employer Acc/Template/Employer Email Getter' successfully

2019-01-03 22:27:13 - [TEST_STEP][PASSED] - setText: Text 'perkeso682795300325@gmail.com' is set on object 'Object Repository/Final Object Repo/Login Page/External Login Page/Email'

2019-01-03 22:27:13 - [MESSAGE][PASSED] - Text 'perkeso682795300325@gmail.com' is set on object 'Object Repository/Final Object Repo/Login Page/External Login Page/Email'

2019-01-03 22:27:13 - [TEST_STEP][PASSED] - click: Object: 'Object Repository/Final Object Repo/Login Page/External Login Page/Next' is clicked on

2019-01-03 22:27:14 - [MESSAGE][PASSED] - Object: 'Object Repository/Final Object Repo/Login Page/External Login Page/Next' is clicked on

2019-01-03 22:27:14 - [TEST_STEP][PASSED] - delay: Delayed 3 second(s)

2019-01-03 22:27:17 - [MESSAGE][PASSED] - Delayed 3 second(s)

2019-01-03 22:27:17 - [TEST_STEP][PASSED] - setEncryptedText: Text ****** has been set on object 'Object Repository/Final Object Repo/Login Page/External Login Page/Password'

2019-01-03 22:27:17 - [MESSAGE][PASSED] - Text ****** has been set on object 'Object Repository/Final Object Repo/Login Page/External Login Page/Password'

2019-01-03 22:27:17 - [TEST_STEP][PASSED] - click: Object: 'Object Repository/Final Object Repo/Login Page/External Login Page/Login' is clicked on

2019-01-03 22:27:17 - [MESSAGE][PASSED] - Object: 'Object Repository/Final Object Repo/Login Page/External Login Page/Login' is clicked on

2019-01-03 22:27:17 - [TEST_STEP][PASSED] - delay: Delayed 5 second(s)

2019-01-03 22:27:22 - [MESSAGE][PASSED] - Delayed 5 second(s)

2019-01-03 22:27:22 - [MESSAGE][PASSED] - Call Test Case 'Test Cases/Final Aug 2018 - PKS Automation/Create Employer Acc/Login to Employer Account (Second time)' successfully

2019-01-03 22:27:22 - [TEST_STEP][PASSED] - Statement - tester = com.kms.katalon.core.testobject.ObjectRepository.findTestObject(Final Object Repo/Landing Page/Select to English): Finding Test Object with id 'Object Repository/Final Object Repo/Landing Page/Select to English'

2019-01-03 22:27:22 - [TEST_STEP][PASSED] - Statement - Try: Delayed 2 second(s)

2019-01-03 22:27:22 - [TEST_STEP][PASSED] - Statement - Checker = com.kms.katalon.core.webui.keyword.WebUiBuiltInKeywords.verifyElementNotPresent(tester, 3): Web element with id: 'Object Repository/Final Object Repo/Landing Page/Select to English' located by 'By.xpath: //a[@class = 'taglib-language-list-text' and @lang = 'en-US' and (contains(text(), 'EN') or contains(., 'EN'))]' is not present after '3' second(s)

2019-01-03 22:27:22 - [MESSAGE][PASSED] - Web element with id: 'Object Repository/Final Object Repo/Landing Page/Select to English' located by 'By.xpath: //a[@class = 'taglib-language-list-text' and @lang = 'en-US' and (contains(text(), 'EN') or contains(., 'EN'))]' is not present after '3' second(s)

2019-01-03 22:27:22 - [TEST_STEP][PASSED] - Statement - If (Checker == false): null

2019-01-03 22:27:22 - [TEST_STEP][PASSED] - delay: Delayed 2 second(s)

2019-01-03 22:27:24 - [MESSAGE][PASSED] - Delayed 2 second(s)

2019-01-03 22:27:24 - [TEST_STEP][PASSED] - delay: Delayed 5 second(s)

2019-01-03 22:27:29 - [MESSAGE][PASSED] - Delayed 5 second(s)

2019-01-03 22:27:29 - [TEST_STEP][PASSED] - navigateToUrl: Navigate to 'https://assist2-uat.perkeso.gov.my/web/registration/update/update-employer-information' successfully

2019-01-03 22:27:30 - [MESSAGE][PASSED] - Navigate to 'https://assist2-uat.perkeso.gov.my/web/registration/update/update-employer-information' successfully

2019-01-03 22:27:30 - [TEST_STEP][PASSED] - click: Object: 'Object Repository/Final Object Repo/Page_Update Employer Information/Edit Button' is clicked on

2019-01-03 22:27:33 - [MESSAGE][PASSED] - Object: 'Object Repository/Final Object Repo/Page_Update Employer Information/Edit Button' is clicked on

2019-01-03 22:27:33 - [TEST_STEP][PASSED] - click: Object: 'Object Repository/Final Object Repo/Page_Update Employer Information/Business Entity' is clicked on

2019-01-03 22:27:33 - [MESSAGE][PASSED] - Object: 'Object Repository/Final Object Repo/Page_Update Employer Information/Business Entity' is clicked on

2019-01-03 22:27:33 - [TEST_STEP][PASSED] - Statement - CurrentBusinessEntity = "": null

2019-01-03 22:27:33 - [TEST_STEP][PASSED] - Statement - CurrentBusinessEntity = com.kms.katalon.core.webui.keyword.WebUiBuiltInKeywords.getText(com.kms.katalon.core.testobject.ObjectRepository.findTestObject(Final Object Repo/Page_Update Employer Information/Current Business Entity)): Text of object 'Object Repository/Final Object Repo/Page_Update Employer Information/Current Business Entity' is: 'Corporation'

2019-01-03 22:27:33 - [MESSAGE][PASSED] - Text of object 'Object Repository/Final Object Repo/Page_Update Employer Information/Current Business Entity' is: 'Corporation'

2019-01-03 22:27:33 - [TEST_STEP][PASSED] - Statement - out.println(CurrentBusinessEntity): null

2019-01-03 22:27:33 - [TEST_STEP][PASSED] - Statement - If (CurrentBusinessEntity == "Corporation"): Delayed 3 second(s)

2019-01-03 22:27:33 - [TEST_STEP][PASSED] - Statement - obj = com.kms.katalon.core.webui.keyword.WebUiBuiltInKeywords.modifyObjectProperty(com.kms.katalon.core.testobject.ObjectRepository.findTestObject(Final Object Repo/Page_Update Employer Information/change to this Business Entity), "xpath", "equals", "//ul/li/span[contains(text(),"Partnership")]", true, STOP_ON_FAILURE): Modify property of object successfully

2019-01-03 22:27:33 - [MESSAGE][PASSED] - Modify property of object successfully

2019-01-03 22:27:33 - [TEST_STEP][PASSED] - click: Object: 'Object Repository/Final Object Repo/Page_Update Employer Information/change to this Business Entity' is clicked on

2019-01-03 22:27:34 - [MESSAGE][PASSED] - Object: 'Object Repository/Final Object Repo/Page_Update Employer Information/change to this Business Entity' is clicked on

2019-01-03 22:27:34 - [TEST_STEP][PASSED] - delay: Delayed 1 second(s)

2019-01-03 22:27:35 - [MESSAGE][PASSED] - Delayed 1 second(s)

2019-01-03 22:27:35 - [TEST_STEP][PASSED] - click: Object: 'Object Repository/Final Object Repo/Page_Update Employer Information/Sub Business Entity' is clicked on

2019-01-03 22:27:35 - [MESSAGE][PASSED] - Object: 'Object Repository/Final Object Repo/Page_Update Employer Information/Sub Business Entity' is clicked on

2019-01-03 22:27:35 - [TEST_STEP][PASSED] - click: Object: 'Object Repository/Final Object Repo/Page_Update Employer Information/Sub Business Entity - Partnership - Registered With other Agencies' is clicked on

2019-01-03 22:27:35 - [MESSAGE][PASSED] - Object: 'Object Repository/Final Object Repo/Page_Update Employer Information/Sub Business Entity - Partnership - Registered With other Agencies' is clicked on

2019-01-03 22:27:35 - [TEST_STEP][PASSED] - delay: Delayed 3 second(s)

2019-01-03 22:27:38 - [MESSAGE][PASSED] - Delayed 3 second(s)

2019-01-03 22:27:38 - [TEST_STEP][PASSED] - delay: Delayed 4 second(s)

2019-01-03 22:27:42 - [MESSAGE][PASSED] - Delayed 4 second(s)

2019-01-03 22:27:42 - [TEST_STEP][PASSED] - click: Object: 'Object Repository/Final Object Repo/Page_Update Employer Information/Save  Continue' is clicked on

2019-01-03 22:27:42 - [MESSAGE][PASSED] - Object: 'Object Repository/Final Object Repo/Page_Update Employer Information/Save  Continue' is clicked on

2019-01-03 22:27:42 - [TEST_STEP][PASSED] - delay: Delayed 4 second(s)

2019-01-03 22:27:46 - [MESSAGE][PASSED] - Delayed 4 second(s)

2019-01-03 22:27:46 - [TEST_STEP][PASSED] - click: Object: 'Object Repository/Final Object Repo/Page_Update Employer Information/Save  Continue (1)' is clicked on

2019-01-03 22:27:47 - [MESSAGE][PASSED] - Object: 'Object Repository/Final Object Repo/Page_Update Employer Information/Save  Continue (1)' is clicked on

2019-01-03 22:27:47 - [TEST_STEP][PASSED] - delay: Delayed 4 second(s)

2019-01-03 22:27:51 - [MESSAGE][PASSED] - Delayed 4 second(s)

2019-01-03 22:27:51 - [TEST_STEP][PASSED] - Statement - CaseReferenceNo = com.kms.katalon.core.webui.keyword.WebUiBuiltInKeywords.getText(com.kms.katalon.core.testobject.ObjectRepository.findTestObject(Final Object Repo/Page_Update Employer Information/Reference Number in Update Employee Information Page)): Text of object 'Object Repository/Final Object Repo/Page_Update Employer Information/Reference Number in Update Employee Information Page' is: 'CUN012019C100006178'

2019-01-03 22:27:51 - [MESSAGE][PASSED] - Text of object 'Object Repository/Final Object Repo/Page_Update Employer Information/Reference Number in Update Employee Information Page' is: 'CUN012019C100006178'

2019-01-03 22:27:51 - [TEST_STEP][PASSED] - callTestCase: Call Test Case 'Test Cases/Final Aug 2018 - PKS Automation/Common/Reference Number Setter' successfully

2019-01-03 22:27:51 - [TEST_CASE][PASSED] - Test Cases/Final Aug 2018 - PKS Automation/Common/Reference Number Setter: Test Cases/Final Aug 2018 - PKS Automation/Common/Reference Number Setter

2019-01-03 22:27:51 - [TEST_STEP][PASSED] - Statement - RefNoOldFile = new java.io.File(C://Users//Admin//Desktop//PKS//Automation Reference Point//KatalonReference.txt): null

2019-01-03 22:27:51 - [TEST_STEP][PASSED] - Statement - RefNoOldFile.delete(): null

2019-01-03 22:27:51 - [TEST_STEP][PASSED] - delay: Delayed 5 second(s)

2019-01-03 22:27:56 - [MESSAGE][PASSED] - Delayed 5 second(s)

2019-01-03 22:27:56 - [TEST_STEP][PASSED] - Statement - RefNo = new java.io.File(C://Users//Admin//Desktop//PKS//Automation Reference Point//KatalonReference.txt): null

2019-01-03 22:27:56 - [TEST_STEP][PASSED] - Statement - f2 = new java.io.FileWriter(RefNo, false): null

2019-01-03 22:27:56 - [TEST_STEP][PASSED] - Statement - f2.write(CaseReferenceNo): null

2019-01-03 22:27:56 - [TEST_STEP][PASSED] - Statement - f2.close(): null

2019-01-03 22:27:56 - [TEST_STEP][PASSED] - Statement - out.println("


" + CaseReferenceNo + "


"): null

2019-01-03 22:27:56 - [MESSAGE][PASSED] - Call Test Case 'Test Cases/Final Aug 2018 - PKS Automation/Common/Reference Number Setter' successfully

2019-01-03 22:27:56 - [TEST_STEP][PASSED] - delay: Delayed 4 second(s)

2019-01-03 22:28:00 - [MESSAGE][PASSED] - Delayed 4 second(s)

2019-01-03 22:28:00 - [TEST_STEP][PASSED] - click: Object: 'Object Repository/Final Object Repo/Page_Update Employer Information/Submit - Copy' is clicked on

2019-01-03 22:28:01 - [MESSAGE][PASSED] - Object: 'Object Repository/Final Object Repo/Page_Update Employer Information/Submit - Copy' is clicked on

2019-01-03 22:28:01 - [TEST_STEP][PASSED] - delay: Delayed 2 second(s)

2019-01-03 22:28:03 - [MESSAGE][PASSED] - Delayed 2 second(s)

2019-01-03 22:28:03 - [TEST_STEP][PASSED] - click: Object: 'Object Repository/Final Object Repo/Page_Update Employer Information/Confirm' is clicked on

2019-01-03 22:28:03 - [MESSAGE][PASSED] - Object: 'Object Repository/Final Object Repo/Page_Update Employer Information/Confirm' is clicked on

2019-01-03 22:28:03 - [TEST_STEP][PASSED] - delay: Delayed 2 second(s)

2019-01-03 22:28:05 - [MESSAGE][PASSED] - Delayed 2 second(s)

2019-01-03 22:28:05 - [TEST_STEP][PASSED] - click: Object: 'Object Repository/Final Object Repo/Page_Update Employer Information/Message Your Request will be route' is clicked on

2019-01-03 22:28:09 - [MESSAGE][PASSED] - Object: 'Object Repository/Final Object Repo/Page_Update Employer Information/Message Your Request will be route' is clicked on

2019-01-03 22:28:09 - [MESSAGE][PASSED] - Call Test Case 'Test Cases/Final Aug 2018 - PKS Automation/Registration Module/Workflow/Update Employer Information/Template/Update Employer Information - Special Case (Employer)' successfully

2019-01-03 22:28:09 - [TEST_STEP][PASSED] - callTestCase: Call Test Case 'Test Cases/Final Aug 2018 - PKS Automation/Registration Module/Workflow/Update Employer Information/Template/Update Employer Information - Special Case - UO (Approve)' successfully

2019-01-03 22:28:09 - [TEST_CASE][PASSED] - Test Cases/Final Aug 2018 - PKS Automation/Registration Module/Workflow/Update Employer Information/Template/Update Employer Information - Special Case - UO (Approve): Test Cases/Final Aug 2018 - PKS Automation/Registration Module/Workflow/Update Employer Information/Template/Update Employer Information - Special Case - UO (Approve)

2019-01-03 22:28:09 - [TEST_STEP][NOT_RUN] - callTestCase: NOT_RUN: callTestCase

2019-01-03 22:28:09 - [MESSAGE][NOT_RUN] - NOT_RUN: callTestCase

2019-01-03 22:28:09 - [TEST_STEP][NOT_RUN] - delay: NOT_RUN: delay

2019-01-03 22:28:09 - [MESSAGE][NOT_RUN] - NOT_RUN: delay

2019-01-03 22:28:09 - [TEST_STEP][NOT_RUN] - navigateToUrl: NOT_RUN: navigateToUrl

2019-01-03 22:28:09 - [MESSAGE][NOT_RUN] - NOT_RUN: navigateToUrl

2019-01-03 22:28:09 - [TEST_STEP][PASSED] - delay: Delayed 1 second(s)

2019-01-03 22:28:10 - [MESSAGE][PASSED] - Delayed 1 second(s)

2019-01-03 22:28:10 - [TEST_STEP][PASSED] - callTestCase: Call Test Case 'Test Cases/Final Aug 2018 - PKS Automation/Common/Reference Number Getter' successfully

2019-01-03 22:28:10 - [TEST_CASE][PASSED] - Test Cases/Final Aug 2018 - PKS Automation/Common/Reference Number Getter: Test Cases/Final Aug 2018 - PKS Automation/Common/Reference Number Getter

2019-01-03 22:28:10 - [TEST_STEP][PASSED] - Statement - Try: null

2019-01-03 22:28:10 - [TEST_STEP][PASSED] - Statement - RefNo = new java.io.File(C://Users//Admin//Desktop//PKS//Automation Reference Point//KatalonReference.txt): null

2019-01-03 22:28:10 - [TEST_STEP][PASSED] - Statement - bufferread = new java.io.BufferedReader(new java.io.FileReader(RefNo)): null

2019-01-03 22:28:10 - [TEST_STEP][PASSED] - Statement - readedVal = bufferread.readLine(): null

2019-01-03 22:28:10 - [TEST_STEP][PASSED] - Statement - out.println(CaseReferenceNo): null

2019-01-03 22:28:10 - [TEST_STEP][PASSED] - Statement - out.println(readedVal): null

2019-01-03 22:28:10 - [TEST_STEP][PASSED] - Statement - CaseReferenceNo = "": null

2019-01-03 22:28:10 - [TEST_STEP][PASSED] - Statement - CaseReferenceNo = readedVal: null

2019-01-03 22:28:10 - [MESSAGE][PASSED] - Call Test Case 'Test Cases/Final Aug 2018 - PKS Automation/Common/Reference Number Getter' successfully

2019-01-03 22:28:10 - [TEST_STEP][PASSED] - callTestCase: Call Test Case 'Test Cases/Final Aug 2018 - PKS Automation/Common/Workflow Owner Finder' successfully

2019-01-03 22:28:10 - [TEST_CASE][PASSED] - Test Cases/Final Aug 2018 - PKS Automation/Common/Workflow Owner Finder: Test Cases/Final Aug 2018 - PKS Automation/Common/Workflow Owner Finder

2019-01-03 22:28:11 - [TEST_STEP][PASSED] - openBrowser: Browser is opened with url: ''

2019-01-03 22:28:11 - [MESSAGE][WARNING] - A browser is already opened. Closing browser and opening a new one

2019-01-03 22:28:15 - [MESSAGE][PASSED] - Browser is opened with url: ''

2019-01-03 22:28:15 - [TEST_STEP][PASSED] - navigateToUrl: Navigate to 'https://assist2-uat.perkeso.gov.my/login' successfully

2019-01-03 22:28:16 - [MESSAGE][PASSED] - Navigate to 'https://assist2-uat.perkeso.gov.my/login' successfully

2019-01-03 22:28:16 - [TEST_STEP][PASSED] - delay: Delayed 5 second(s)

2019-01-03 22:28:21 - [MESSAGE][PASSED] - Delayed 5 second(s)

2019-01-03 22:28:21 - [TEST_STEP][PASSED] - setText: Text 'test@liferay.com' is set on object 'Object Repository/Final Object Repo/Login Page/Internal User/Email Address'

2019-01-03 22:28:21 - [MESSAGE][PASSED] - Text 'test@liferay.com' is set on object 'Object Repository/Final Object Repo/Login Page/Internal User/Email Address'

2019-01-03 22:28:21 - [TEST_STEP][PASSED] - click: Object: 'Object Repository/Final Object Repo/Login Page/Internal User/Next Button' is clicked on

2019-01-03 22:28:21 - [MESSAGE][PASSED] - Object: 'Object Repository/Final Object Repo/Login Page/Internal User/Next Button' is clicked on

2019-01-03 22:28:21 - [TEST_STEP][PASSED] - delay: Delayed 2 second(s)

2019-01-03 22:28:23 - [MESSAGE][PASSED] - Delayed 2 second(s)

2019-01-03 22:28:23 - [TEST_STEP][PASSED] - setText: Text 'test' is set on object 'Object Repository/Final Object Repo/Login Page/Internal User/Password'

2019-01-03 22:28:23 - [MESSAGE][PASSED] - Text 'test' is set on object 'Object Repository/Final Object Repo/Login Page/Internal User/Password'

2019-01-03 22:28:23 - [TEST_STEP][PASSED] - delay: Delayed 2 second(s)

2019-01-03 22:28:25 - [MESSAGE][PASSED] - Delayed 2 second(s)

2019-01-03 22:28:25 - [TEST_STEP][PASSED] - click: Object: 'Object Repository/Final Object Repo/Login Page/Internal User/Login Button' is clicked on

2019-01-03 22:28:26 - [MESSAGE][PASSED] - Object: 'Object Repository/Final Object Repo/Login Page/Internal User/Login Button' is clicked on

2019-01-03 22:28:26 - [TEST_STEP][PASSED] - Statement - tester = com.kms.katalon.core.testobject.ObjectRepository.findTestObject(Final Object Repo/Landing Page/Select to English): Finding Test Object with id 'Object Repository/Final Object Repo/Landing Page/Select to English'

2019-01-03 22:28:26 - [TEST_STEP][PASSED] - Statement - Try: Delayed 2 second(s)

2019-01-03 22:28:26 - [TEST_STEP][PASSED] - Statement - Checker = com.kms.katalon.core.webui.keyword.WebUiBuiltInKeywords.verifyElementNotPresent(tester, 3): Web element with id: 'Object Repository/Final Object Repo/Landing Page/Select to English' located by 'By.xpath: //a[@class = 'taglib-language-list-text' and @lang = 'en-US' and (contains(text(), 'EN') or contains(., 'EN'))]' is not present after '3' second(s)

2019-01-03 22:28:27 - [MESSAGE][PASSED] - Web element with id: 'Object Repository/Final Object Repo/Landing Page/Select to English' located by 'By.xpath: //a[@class = 'taglib-language-list-text' and @lang = 'en-US' and (contains(text(), 'EN') or contains(., 'EN'))]' is not present after '3' second(s)

2019-01-03 22:28:27 - [TEST_STEP][PASSED] - Statement - If (Checker == false): null

2019-01-03 22:28:27 - [TEST_STEP][PASSED] - delay: Delayed 2 second(s)

2019-01-03 22:28:29 - [MESSAGE][PASSED] - Delayed 2 second(s)

2019-01-03 22:28:29 - [TEST_STEP][PASSED] - delay: Delayed 5 second(s)

2019-01-03 22:28:34 - [MESSAGE][PASSED] - Delayed 5 second(s)

2019-01-03 22:28:34 - [TEST_STEP][PASSED] - mouseOver: Object: 'Object Repository/Final Object Repo/Landing Page/WorkFlow Menu' is hovered

2019-01-03 22:28:35 - [MESSAGE][PASSED] - Object: 'Object Repository/Final Object Repo/Landing Page/WorkFlow Menu' is hovered

2019-01-03 22:28:35 - [TEST_STEP][PASSED] - delay: Delayed 2 second(s)

2019-01-03 22:28:37 - [MESSAGE][PASSED] - Delayed 2 second(s)

2019-01-03 22:28:37 - [TEST_STEP][PASSED] - click: Object: 'Object Repository/Final Object Repo/Landing Page/Select to Workflow Listing' is clicked on

2019-01-03 22:28:38 - [MESSAGE][PASSED] - Object: 'Object Repository/Final Object Repo/Landing Page/Select to Workflow Listing' is clicked on

2019-01-03 22:28:38 - [TEST_STEP][PASSED] - delay: Delayed 2 second(s)

2019-01-03 22:28:40 - [MESSAGE][PASSED] - Delayed 2 second(s)

2019-01-03 22:28:40 - [TEST_STEP][PASSED] - click: Object: 'Object Repository/Final Object Repo/WorkFlow Listing Page/Search Information - To Put Ref No' is clicked on

2019-01-03 22:28:40 - [MESSAGE][PASSED] - Object: 'Object Repository/Final Object Repo/WorkFlow Listing Page/Search Information - To Put Ref No' is clicked on

2019-01-03 22:28:40 - [TEST_STEP][PASSED] - delay: Delayed 2 second(s)

2019-01-03 22:28:42 - [MESSAGE][PASSED] - Delayed 2 second(s)

2019-01-03 22:28:42 - [TEST_STEP][PASSED] - callTestCase: Call Test Case 'Test Cases/Final Aug 2018 - PKS Automation/Common/Reference Number Getter' successfully

2019-01-03 22:28:42 - [TEST_CASE][PASSED] - Test Cases/Final Aug 2018 - PKS Automation/Common/Reference Number Getter: Test Cases/Final Aug 2018 - PKS Automation/Common/Reference Number Getter

2019-01-03 22:28:42 - [TEST_STEP][PASSED] - Statement - Try: null

2019-01-03 22:28:42 - [TEST_STEP][PASSED] - Statement - RefNo = new java.io.File(C://Users//Admin//Desktop//PKS//Automation Reference Point//KatalonReference.txt): null

2019-01-03 22:28:42 - [TEST_STEP][PASSED] - Statement - bufferread = new java.io.BufferedReader(new java.io.FileReader(RefNo)): null

2019-01-03 22:28:42 - [TEST_STEP][PASSED] - Statement - readedVal = bufferread.readLine(): null

2019-01-03 22:28:42 - [TEST_STEP][PASSED] - Statement - out.println(CaseReferenceNo): null

2019-01-03 22:28:42 - [TEST_STEP][PASSED] - Statement - out.println(readedVal): null

2019-01-03 22:28:42 - [TEST_STEP][PASSED] - Statement - CaseReferenceNo = "": null

2019-01-03 22:28:42 - [TEST_STEP][PASSED] - Statement - CaseReferenceNo = readedVal: null

2019-01-03 22:28:42 - [MESSAGE][PASSED] - Call Test Case 'Test Cases/Final Aug 2018 - PKS Automation/Common/Reference Number Getter' successfully

2019-01-03 22:28:42 - [TEST_STEP][PASSED] - setText: Text 'CUN012019C100006178' is set on object 'Object Repository/Final Object Repo/WorkFlow Listing Page/Ref No Set Text'

2019-01-03 22:28:42 - [MESSAGE][PASSED] - Text 'CUN012019C100006178' is set on object 'Object Repository/Final Object Repo/WorkFlow Listing Page/Ref No Set Text'

2019-01-03 22:28:42 - [TEST_STEP][PASSED] - delay: Delayed 2 second(s)

2019-01-03 22:28:44 - [MESSAGE][PASSED] - Delayed 2 second(s)

2019-01-03 22:28:44 - [TEST_STEP][PASSED] - click: Object: 'Object Repository/Final Object Repo/WorkFlow Listing Page/Search Ref No Search Button' is clicked on

2019-01-03 22:28:44 - [MESSAGE][PASSED] - Object: 'Object Repository/Final Object Repo/WorkFlow Listing Page/Search Ref No Search Button' is clicked on

2019-01-03 22:28:44 - [TEST_STEP][PASSED] - delay: Delayed 6 second(s)

2019-01-03 22:28:50 - [MESSAGE][PASSED] - Delayed 6 second(s)

2019-01-03 22:28:50 - [TEST_STEP][PASSED] - click: Object: 'Object Repository/Final Object Repo/WorkFlow Listing Page/Click Continue Tooltip' is clicked on

2019-01-03 22:28:51 - [MESSAGE][PASSED] - Object: 'Object Repository/Final Object Repo/WorkFlow Listing Page/Click Continue Tooltip' is clicked on

2019-01-03 22:28:51 - [TEST_STEP][PASSED] - delay: Delayed 5 second(s)

2019-01-03 22:28:56 - [MESSAGE][PASSED] - Delayed 5 second(s)

2019-01-03 22:28:56 - [TEST_STEP][PASSED] - doubleClick: Object: 'Object Repository/Final Object Repo/WorkFlow Listing Page/Workflow Found - Listing 1' is double clicked on

2019-01-03 22:28:56 - [MESSAGE][PASSED] - Object: 'Object Repository/Final Object Repo/WorkFlow Listing Page/Workflow Found - Listing 1' is double clicked on

2019-01-03 22:28:56 - [TEST_STEP][PASSED] - Statement - println(OwnerID): null

2019-01-03 22:28:56 - [TEST_STEP][PASSED] - Statement - OwnerID = com.kms.katalon.core.webui.keyword.WebUiBuiltInKeywords.getText(com.kms.katalon.core.testobject.ObjectRepository.findTestObject(Final Object Repo/WorkFlow Listing Page/Workflow Found - Listing 1), STOP_ON_FAILURE): Text of object 'Object Repository/Final Object Repo/WorkFlow Listing Page/Workflow Found - Listing 1' is: 'JOHORuo1'

2019-01-03 22:28:57 - [MESSAGE][PASSED] - Text of object 'Object Repository/Final Object Repo/WorkFlow Listing Page/Workflow Found - Listing 1' is: 'JOHORuo1'

2019-01-03 22:28:57 - [TEST_STEP][PASSED] - Statement - OwnerID = OwnerID.toLowerCase() + "@gmail.com": null

2019-01-03 22:28:57 - [TEST_STEP][PASSED] - Statement - println(OwnerID): null

2019-01-03 22:28:57 - [TEST_STEP][PASSED] - delay: Delayed 2 second(s)

2019-01-03 22:28:59 - [MESSAGE][PASSED] - Delayed 2 second(s)

2019-01-03 22:28:59 - [MESSAGE][PASSED] - Call Test Case 'Test Cases/Final Aug 2018 - PKS Automation/Common/Workflow Owner Finder' successfully

2019-01-03 22:28:59 - [TEST_STEP][PASSED] - delay: Delayed 1 second(s)

2019-01-03 22:29:00 - [MESSAGE][PASSED] - Delayed 1 second(s)

2019-01-03 22:29:00 - [TEST_STEP][PASSED] - navigateToUrl: Navigate to 'https://assist2-uat.perkeso.gov.my/c/portal/logout' successfully

2019-01-03 22:29:00 - [MESSAGE][PASSED] - Navigate to 'https://assist2-uat.perkeso.gov.my/c/portal/logout' successfully

2019-01-03 22:29:00 - [TEST_STEP][PASSED] - callTestCase: Call Test Case 'Test Cases/Final Aug 2018 - PKS Automation/Registration Module/Workflow/Login and Search Case For Workflow' successfully

2019-01-03 22:29:00 - [TEST_CASE][PASSED] - Test Cases/Final Aug 2018 - PKS Automation/Registration Module/Workflow/Login and Search Case For Workflow: Test Cases/Final Aug 2018 - PKS Automation/Registration Module/Workflow/Login and Search Case For Workflow

2019-01-03 22:29:01 - [TEST_STEP][PASSED] - navigateToUrl: Navigate to 'https://assist2-uat.perkeso.gov.my/login' successfully

2019-01-03 22:29:01 - [MESSAGE][PASSED] - Navigate to 'https://assist2-uat.perkeso.gov.my/login' successfully

2019-01-03 22:29:01 - [TEST_STEP][PASSED] - setText: Text 'johoruo1@gmail.com' is set on object 'Object Repository/Final Object Repo/Login Page/Internal User/Email Address'

2019-01-03 22:29:02 - [MESSAGE][PASSED] - Text 'johoruo1@gmail.com' is set on object 'Object Repository/Final Object Repo/Login Page/Internal User/Email Address'

2019-01-03 22:29:02 - [TEST_STEP][PASSED] - click: Object: 'Object Repository/Final Object Repo/Login Page/Internal User/Next Button' is clicked on

2019-01-03 22:29:02 - [MESSAGE][PASSED] - Object: 'Object Repository/Final Object Repo/Login Page/Internal User/Next Button' is clicked on

2019-01-03 22:29:02 - [TEST_STEP][PASSED] - delay: Delayed 1 second(s)

2019-01-03 22:29:03 - [MESSAGE][PASSED] - Delayed 1 second(s)

2019-01-03 22:29:03 - [TEST_STEP][PASSED] - setEncryptedText: Text ****** has been set on object 'Object Repository/Final Object Repo/Login Page/Internal User/Password'

2019-01-03 22:29:03 - [MESSAGE][PASSED] - Text ****** has been set on object 'Object Repository/Final Object Repo/Login Page/Internal User/Password'

2019-01-03 22:29:03 - [TEST_STEP][PASSED] - click: Object: 'Object Repository/Final Object Repo/Login Page/Internal User/Login Button' is clicked on

2019-01-03 22:29:03 - [MESSAGE][PASSED] - Object: 'Object Repository/Final Object Repo/Login Page/Internal User/Login Button' is clicked on

2019-01-03 22:29:03 - [TEST_STEP][PASSED] - delay: Delayed 2 second(s)

2019-01-03 22:29:05 - [MESSAGE][PASSED] - Delayed 2 second(s)

2019-01-03 22:29:05 - [TEST_STEP][PASSED] - Statement - Try: Delayed 2 second(s)

2019-01-03 22:29:05 - [TEST_STEP][PASSED] - Statement - Checker = false: null

2019-01-03 22:29:05 - [TEST_STEP][PASSED] - Statement - Checker = com.kms.katalon.core.webui.keyword.WebUiBuiltInKeywords.verifyElementHasAttribute(com.kms.katalon.core.testobject.ObjectRepository.findTestObject(Final Object Repo/Landing Page/BM Detecting), "href", 20, OPTIONAL): Object 'Object Repository/Final Object Repo/Landing Page/BM Detecting' has attribute 'href'

2019-01-03 22:29:05 - [MESSAGE][PASSED] - Object 'Object Repository/Final Object Repo/Landing Page/BM Detecting' has attribute 'href'

2019-01-03 22:29:05 - [TEST_STEP][PASSED] - Statement - out.println(Checker): null

2019-01-03 22:29:05 - [TEST_STEP][PASSED] - Statement - If (Checker == false): null

2019-01-03 22:29:05 - [TEST_STEP][PASSED] - Statement - Else: null

2019-01-03 22:29:05 - [TEST_STEP][PASSED] - delay: Delayed 2 second(s)

2019-01-03 22:29:07 - [MESSAGE][PASSED] - Delayed 2 second(s)

2019-01-03 22:29:07 - [TEST_STEP][PASSED] - click: Object: 'Object Repository/Final Object Repo/Page_MyASSIST - ASSIST - Search Pending Case For Add Supporting Document/Search Information' is clicked on

2019-01-03 22:29:07 - [MESSAGE][PASSED] - Object: 'Object Repository/Final Object Repo/Page_MyASSIST - ASSIST - Search Pending Case For Add Supporting Document/Search Information' is clicked on

2019-01-03 22:29:07 - [TEST_STEP][PASSED] - delay: Delayed 3 second(s)

2019-01-03 22:29:10 - [MESSAGE][PASSED] - Delayed 3 second(s)

2019-01-03 22:29:10 - [TEST_STEP][PASSED] - sendKeys: Keys 'CUN012019C100006178' sent to object: 'Object Repository/Final Object Repo/Page_MyASSIST - ASSIST - Search Pending Case For Add Supporting Document/Reference No'

2019-01-03 22:29:11 - [MESSAGE][PASSED] - Keys 'CUN012019C100006178' sent to object: 'Object Repository/Final Object Repo/Page_MyASSIST - ASSIST - Search Pending Case For Add Supporting Document/Reference No'

2019-01-03 22:29:11 - [TEST_STEP][PASSED] - click: Object: 'Object Repository/Final Object Repo/Page_MyASSIST - ASSIST - Search Pending Case For Add Supporting Document/Search Reference No' is clicked on

2019-01-03 22:29:11 - [MESSAGE][PASSED] - Object: 'Object Repository/Final Object Repo/Page_MyASSIST - ASSIST - Search Pending Case For Add Supporting Document/Search Reference No' is clicked on

2019-01-03 22:29:11 - [TEST_STEP][PASSED] - delay: Delayed 2 second(s)

2019-01-03 22:29:13 - [MESSAGE][PASSED] - Delayed 2 second(s)

2019-01-03 22:29:13 - [TEST_STEP][PASSED] - click: Object: 'Object Repository/Final Object Repo/Page_MyASSIST - ASSIST - Search Pending Case For Add Supporting Document/Continue' is clicked on

2019-01-03 22:29:17 - [MESSAGE][PASSED] - Object: 'Object Repository/Final Object Repo/Page_MyASSIST - ASSIST - Search Pending Case For Add Supporting Document/Continue' is clicked on

2019-01-03 22:29:17 - [TEST_STEP][PASSED] - delay: Delayed 20 second(s)

2019-01-03 22:29:37 - [MESSAGE][PASSED] - Delayed 20 second(s)

2019-01-03 22:29:37 - [MESSAGE][PASSED] - Call Test Case 'Test Cases/Final Aug 2018 - PKS Automation/Registration Module/Workflow/Login and Search Case For Workflow' successfully

2019-01-03 22:29:37 - [TEST_STEP][PASSED] - delay: Delayed 10 second(s)

2019-01-03 22:29:47 - [MESSAGE][PASSED] - Delayed 10 second(s)

2019-01-03 22:29:47 - [TEST_STEP][PASSED] - click: Object: 'Object Repository/Final Object Repo/Page_Update Employer Information/Page_Update Employer Information UO (Approve)/Continue' is clicked on

2019-01-03 22:29:51 - [MESSAGE][PASSED] - Object: 'Object Repository/Final Object Repo/Page_Update Employer Information/Page_Update Employer Information UO (Approve)/Continue' is clicked on

2019-01-03 22:29:51 - [TEST_STEP][PASSED] - delay: Delayed 10 second(s)

2019-01-03 22:30:01 - [MESSAGE][PASSED] - Delayed 10 second(s)

2019-01-03 22:30:01 - [TEST_STEP][PASSED] - click: Object: 'Object Repository/Final Object Repo/Page_Update Employer Information/Page_Update Employer Information UO (Approve)/Save  Continue in Update Employer Information Page' is clicked on

2019-01-03 22:30:01 - [MESSAGE][PASSED] - Object: 'Object Repository/Final Object Repo/Page_Update Employer Information/Page_Update Employer Information UO (Approve)/Save  Continue in Update Employer Information Page' is clicked on

2019-01-03 22:30:01 - [TEST_STEP][PASSED] - delay: Delayed 3 second(s)

2019-01-03 22:30:04 - [MESSAGE][PASSED] - Delayed 3 second(s)

2019-01-03 22:30:04 - [TEST_STEP][PASSED] - click: Object: 'Object Repository/Final Object Repo/Page_Update Employer Information/Page_Update Employer Information UO (Approve)/Save  Continue in Uploading Supporting Document Page' is clicked on

2019-01-03 22:30:06 - [MESSAGE][PASSED] - Object: 'Object Repository/Final Object Repo/Page_Update Employer Information/Page_Update Employer Information UO (Approve)/Save  Continue in Uploading Supporting Document Page' is clicked on

2019-01-03 22:30:06 - [TEST_STEP][PASSED] - delay: Delayed 3 second(s)

2019-01-03 22:30:09 - [MESSAGE][PASSED] - Delayed 3 second(s)

2019-01-03 22:30:09 - [TEST_STEP][PASSED] - click: Object: 'Object Repository/Final Object Repo/Page_Update Employer Information/Page_Update Employer Information UO (Approve)/Approve' is clicked on

2019-01-03 22:30:10 - [MESSAGE][PASSED] - Object: 'Object Repository/Final Object Repo/Page_Update Employer Information/Page_Update Employer Information UO (Approve)/Approve' is clicked on

2019-01-03 22:30:10 - [TEST_STEP][PASSED] - delay: Delayed 2 second(s)

2019-01-03 22:30:12 - [MESSAGE][PASSED] - Delayed 2 second(s)

2019-01-03 22:30:12 - [TEST_STEP][PASSED] - click: Object: 'Object Repository/Final Object Repo/Page_Update Employer Information/Page_Update Employer Information UO (Approve)/Confirm' is clicked on

2019-01-03 22:30:12 - [MESSAGE][PASSED] - Object: 'Object Repository/Final Object Repo/Page_Update Employer Information/Page_Update Employer Information UO (Approve)/Confirm' is clicked on

2019-01-03 22:30:12 - [TEST_STEP][PASSED] - delay: Delayed 2 second(s)

2019-01-03 22:30:14 - [MESSAGE][PASSED] - Delayed 2 second(s)

2019-01-03 22:30:14 - [TEST_STEP][PASSED] - verifyElementVisible: Object 'Object Repository/Final Object Repo/Page_Update Employer Information/Page_Update Employer Information UO (Approve)/Message Your Request' is visible

2019-01-03 22:30:20 - [MESSAGE][PASSED] - Object 'Object Repository/Final Object Repo/Page_Update Employer Information/Page_Update Employer Information UO (Approve)/Message Your Request' is visible

2019-01-03 22:30:20 - [TEST_STEP][PASSED] - verifyElementVisible: Object 'Object Repository/Final Object Repo/Page_Update Employer Information/Page_Update Employer Information UO (Approve)/Letter of successful update' is visible

2019-01-03 22:30:20 - [MESSAGE][PASSED] - Object 'Object Repository/Final Object Repo/Page_Update Employer Information/Page_Update Employer Information UO (Approve)/Letter of successful update' is visible

2019-01-03 22:30:21 - [MESSAGE][PASSED] - Call Test Case 'Test Cases/Final Aug 2018 - PKS Automation/Registration Module/Workflow/Update Employer Information/Template/Update Employer Information - Special Case - UO (Approve)' successfully]]></system-out>
         <system-err><![CDATA[]]></system-err>
      </testcase>
      <testcase name="Test Cases/Final Aug 2018 - PKS Automation/Registration Module/Workflow/Update Employer Information/Employer - UO (Query)" classname="Test Cases/Final Aug 2018 - PKS Automation/Registration Module/Workflow/Update Employer Information/Employer - UO (Query)" status="PASSED">
         <system-out><![CDATA[2019-01-03 22:30:21 - [TEST_CASE][PASSED] - Test Cases/Final Aug 2018 - PKS Automation/Registration Module/Workflow/Update Employer Information/Employer - UO (Query): Test Cases/Final Aug 2018 - PKS Automation/Registration Module/Workflow/Update Employer Information/Employer - UO (Query)

2019-01-03 22:30:21 - [TEST_STEP][PASSED] - callTestCase: Call Test Case 'Test Cases/Final Aug 2018 - PKS Automation/Registration Module/Workflow/Update Employer Information/Template/Update Employer Information - Special Case (Employer)' successfully

2019-01-03 22:30:21 - [TEST_CASE][PASSED] - Test Cases/Final Aug 2018 - PKS Automation/Registration Module/Workflow/Update Employer Information/Template/Update Employer Information - Special Case (Employer): Test Cases/Final Aug 2018 - PKS Automation/Registration Module/Workflow/Update Employer Information/Template/Update Employer Information - Special Case (Employer)

2019-01-03 22:30:21 - [TEST_STEP][PASSED] - callTestCase: Call Test Case 'Test Cases/Final Aug 2018 - PKS Automation/Create Employer Acc/Login to Employer Account (Second time)' successfully

2019-01-03 22:30:21 - [TEST_CASE][PASSED] - Test Cases/Final Aug 2018 - PKS Automation/Create Employer Acc/Login to Employer Account (Second time): Test Cases/Final Aug 2018 - PKS Automation/Create Employer Acc/Login to Employer Account (Second time)

2019-01-03 22:30:21 - [TEST_STEP][PASSED] - openBrowser: Browser is opened with url: ''

2019-01-03 22:30:21 - [MESSAGE][WARNING] - A browser is already opened. Closing browser and opening a new one

2019-01-03 22:30:25 - [MESSAGE][PASSED] - Browser is opened with url: ''

2019-01-03 22:30:25 - [TEST_STEP][PASSED] - navigateToUrl: Navigate to 'https://assist2-uat.perkeso.gov.my/employer/login' successfully

2019-01-03 22:30:26 - [MESSAGE][PASSED] - Navigate to 'https://assist2-uat.perkeso.gov.my/employer/login' successfully

2019-01-03 22:30:26 - [TEST_STEP][PASSED] - delay: Delayed 3 second(s)

2019-01-03 22:30:29 - [MESSAGE][PASSED] - Delayed 3 second(s)

2019-01-03 22:30:29 - [TEST_STEP][PASSED] - callTestCase: Call Test Case 'Test Cases/Final Aug 2018 - PKS Automation/Create Employer Acc/Template/Employer Email Getter' successfully

2019-01-03 22:30:29 - [TEST_CASE][PASSED] - Test Cases/Final Aug 2018 - PKS Automation/Create Employer Acc/Template/Employer Email Getter: Test Cases/Final Aug 2018 - PKS Automation/Create Employer Acc/Template/Employer Email Getter

2019-01-03 22:30:29 - [TEST_STEP][PASSED] - Statement - Try: null

2019-01-03 22:30:29 - [TEST_STEP][PASSED] - Statement - EmpEmail = new java.io.File(C://Users//Admin//Desktop//PKS//Automation Reference Point//EmpEmail.txt): null

2019-01-03 22:30:29 - [TEST_STEP][PASSED] - Statement - bufferread = new java.io.BufferedReader(new java.io.FileReader(EmpEmail)): null

2019-01-03 22:30:29 - [TEST_STEP][PASSED] - Statement - readedVal = bufferread.readLine(): null

2019-01-03 22:30:29 - [TEST_STEP][PASSED] - Statement - out.println(readedVal): null

2019-01-03 22:30:29 - [TEST_STEP][PASSED] - Statement - Email = readedVal: null

2019-01-03 22:30:29 - [MESSAGE][PASSED] - Call Test Case 'Test Cases/Final Aug 2018 - PKS Automation/Create Employer Acc/Template/Employer Email Getter' successfully

2019-01-03 22:30:29 - [TEST_STEP][PASSED] - setText: Text 'perkeso682795300325@gmail.com' is set on object 'Object Repository/Final Object Repo/Login Page/External Login Page/Email'

2019-01-03 22:30:29 - [MESSAGE][PASSED] - Text 'perkeso682795300325@gmail.com' is set on object 'Object Repository/Final Object Repo/Login Page/External Login Page/Email'

2019-01-03 22:30:29 - [TEST_STEP][PASSED] - click: Object: 'Object Repository/Final Object Repo/Login Page/External Login Page/Next' is clicked on

2019-01-03 22:30:29 - [MESSAGE][PASSED] - Object: 'Object Repository/Final Object Repo/Login Page/External Login Page/Next' is clicked on

2019-01-03 22:30:29 - [TEST_STEP][PASSED] - delay: Delayed 3 second(s)

2019-01-03 22:30:32 - [MESSAGE][PASSED] - Delayed 3 second(s)

2019-01-03 22:30:32 - [TEST_STEP][PASSED] - setEncryptedText: Text ****** has been set on object 'Object Repository/Final Object Repo/Login Page/External Login Page/Password'

2019-01-03 22:30:33 - [MESSAGE][PASSED] - Text ****** has been set on object 'Object Repository/Final Object Repo/Login Page/External Login Page/Password'

2019-01-03 22:30:33 - [TEST_STEP][PASSED] - click: Object: 'Object Repository/Final Object Repo/Login Page/External Login Page/Login' is clicked on

2019-01-03 22:30:33 - [MESSAGE][PASSED] - Object: 'Object Repository/Final Object Repo/Login Page/External Login Page/Login' is clicked on

2019-01-03 22:30:33 - [TEST_STEP][PASSED] - delay: Delayed 5 second(s)

2019-01-03 22:30:38 - [MESSAGE][PASSED] - Delayed 5 second(s)

2019-01-03 22:30:38 - [MESSAGE][PASSED] - Call Test Case 'Test Cases/Final Aug 2018 - PKS Automation/Create Employer Acc/Login to Employer Account (Second time)' successfully

2019-01-03 22:30:38 - [TEST_STEP][PASSED] - Statement - tester = com.kms.katalon.core.testobject.ObjectRepository.findTestObject(Final Object Repo/Landing Page/Select to English): Finding Test Object with id 'Object Repository/Final Object Repo/Landing Page/Select to English'

2019-01-03 22:30:38 - [TEST_STEP][PASSED] - Statement - Try: Delayed 2 second(s)

2019-01-03 22:30:38 - [TEST_STEP][PASSED] - Statement - Checker = com.kms.katalon.core.webui.keyword.WebUiBuiltInKeywords.verifyElementNotPresent(tester, 3): Web element with id: 'Object Repository/Final Object Repo/Landing Page/Select to English' located by 'By.xpath: //a[@class = 'taglib-language-list-text' and @lang = 'en-US' and (contains(text(), 'EN') or contains(., 'EN'))]' is not present after '3' second(s)

2019-01-03 22:30:38 - [MESSAGE][PASSED] - Web element with id: 'Object Repository/Final Object Repo/Landing Page/Select to English' located by 'By.xpath: //a[@class = 'taglib-language-list-text' and @lang = 'en-US' and (contains(text(), 'EN') or contains(., 'EN'))]' is not present after '3' second(s)

2019-01-03 22:30:38 - [TEST_STEP][PASSED] - Statement - If (Checker == false): null

2019-01-03 22:30:38 - [TEST_STEP][PASSED] - delay: Delayed 2 second(s)

2019-01-03 22:30:40 - [MESSAGE][PASSED] - Delayed 2 second(s)

2019-01-03 22:30:40 - [TEST_STEP][PASSED] - delay: Delayed 5 second(s)

2019-01-03 22:30:45 - [MESSAGE][PASSED] - Delayed 5 second(s)

2019-01-03 22:30:45 - [TEST_STEP][PASSED] - navigateToUrl: Navigate to 'https://assist2-uat.perkeso.gov.my/web/registration/update/update-employer-information' successfully

2019-01-03 22:30:46 - [MESSAGE][PASSED] - Navigate to 'https://assist2-uat.perkeso.gov.my/web/registration/update/update-employer-information' successfully

2019-01-03 22:30:46 - [TEST_STEP][PASSED] - click: Object: 'Object Repository/Final Object Repo/Page_Update Employer Information/Edit Button' is clicked on

2019-01-03 22:30:48 - [MESSAGE][PASSED] - Object: 'Object Repository/Final Object Repo/Page_Update Employer Information/Edit Button' is clicked on

2019-01-03 22:30:48 - [TEST_STEP][PASSED] - click: Object: 'Object Repository/Final Object Repo/Page_Update Employer Information/Business Entity' is clicked on

2019-01-03 22:30:48 - [MESSAGE][PASSED] - Object: 'Object Repository/Final Object Repo/Page_Update Employer Information/Business Entity' is clicked on

2019-01-03 22:30:48 - [TEST_STEP][PASSED] - Statement - CurrentBusinessEntity = "": null

2019-01-03 22:30:48 - [TEST_STEP][PASSED] - Statement - CurrentBusinessEntity = com.kms.katalon.core.webui.keyword.WebUiBuiltInKeywords.getText(com.kms.katalon.core.testobject.ObjectRepository.findTestObject(Final Object Repo/Page_Update Employer Information/Current Business Entity)): Text of object 'Object Repository/Final Object Repo/Page_Update Employer Information/Current Business Entity' is: 'Partnership'

2019-01-03 22:30:48 - [MESSAGE][PASSED] - Text of object 'Object Repository/Final Object Repo/Page_Update Employer Information/Current Business Entity' is: 'Partnership'

2019-01-03 22:30:48 - [TEST_STEP][PASSED] - Statement - out.println(CurrentBusinessEntity): null

2019-01-03 22:30:48 - [TEST_STEP][PASSED] - Statement - If (CurrentBusinessEntity == "Corporation"): null

2019-01-03 22:30:48 - [TEST_STEP][PASSED] - Statement - Else If (CurrentBusinessEntity == "Partnership"): Delayed 3 second(s)

2019-01-03 22:30:48 - [TEST_STEP][PASSED] - Statement - obj = com.kms.katalon.core.webui.keyword.WebUiBuiltInKeywords.modifyObjectProperty(com.kms.katalon.core.testobject.ObjectRepository.findTestObject(Final Object Repo/Page_Update Employer Information/change to this Business Entity), "xpath", "equals", "//ul/li/span[contains(text(),"Sole Proprietor / Individual Business")]", true, STOP_ON_FAILURE): Modify property of object successfully

2019-01-03 22:30:48 - [MESSAGE][PASSED] - Modify property of object successfully

2019-01-03 22:30:48 - [TEST_STEP][PASSED] - click: Object: 'Object Repository/Final Object Repo/Page_Update Employer Information/change to this Business Entity' is clicked on

2019-01-03 22:30:48 - [MESSAGE][PASSED] - Object: 'Object Repository/Final Object Repo/Page_Update Employer Information/change to this Business Entity' is clicked on

2019-01-03 22:30:48 - [TEST_STEP][PASSED] - delay: Delayed 1 second(s)

2019-01-03 22:30:49 - [MESSAGE][PASSED] - Delayed 1 second(s)

2019-01-03 22:30:49 - [TEST_STEP][PASSED] - click: Object: 'Object Repository/Final Object Repo/Page_Update Employer Information/Sub Business Entity' is clicked on

2019-01-03 22:30:49 - [MESSAGE][PASSED] - Object: 'Object Repository/Final Object Repo/Page_Update Employer Information/Sub Business Entity' is clicked on

2019-01-03 22:30:49 - [TEST_STEP][PASSED] - click: Object: 'Object Repository/Final Object Repo/Page_Update Employer Information/Sub Business Entity - Sole Properietor - Registered with other Agencies' is clicked on

2019-01-03 22:30:50 - [MESSAGE][PASSED] - Object: 'Object Repository/Final Object Repo/Page_Update Employer Information/Sub Business Entity - Sole Properietor - Registered with other Agencies' is clicked on

2019-01-03 22:30:50 - [TEST_STEP][PASSED] - delay: Delayed 3 second(s)

2019-01-03 22:30:53 - [MESSAGE][PASSED] - Delayed 3 second(s)

2019-01-03 22:30:53 - [TEST_STEP][PASSED] - delay: Delayed 4 second(s)

2019-01-03 22:30:57 - [MESSAGE][PASSED] - Delayed 4 second(s)

2019-01-03 22:30:57 - [TEST_STEP][PASSED] - click: Object: 'Object Repository/Final Object Repo/Page_Update Employer Information/Save  Continue' is clicked on

2019-01-03 22:30:57 - [MESSAGE][PASSED] - Object: 'Object Repository/Final Object Repo/Page_Update Employer Information/Save  Continue' is clicked on

2019-01-03 22:30:57 - [TEST_STEP][PASSED] - delay: Delayed 4 second(s)

2019-01-03 22:31:01 - [MESSAGE][PASSED] - Delayed 4 second(s)

2019-01-03 22:31:01 - [TEST_STEP][PASSED] - click: Object: 'Object Repository/Final Object Repo/Page_Update Employer Information/Save  Continue (1)' is clicked on

2019-01-03 22:31:01 - [MESSAGE][PASSED] - Object: 'Object Repository/Final Object Repo/Page_Update Employer Information/Save  Continue (1)' is clicked on

2019-01-03 22:31:01 - [TEST_STEP][PASSED] - delay: Delayed 4 second(s)

2019-01-03 22:31:05 - [MESSAGE][PASSED] - Delayed 4 second(s)

2019-01-03 22:31:05 - [TEST_STEP][PASSED] - Statement - CaseReferenceNo = com.kms.katalon.core.webui.keyword.WebUiBuiltInKeywords.getText(com.kms.katalon.core.testobject.ObjectRepository.findTestObject(Final Object Repo/Page_Update Employer Information/Reference Number in Update Employee Information Page)): Text of object 'Object Repository/Final Object Repo/Page_Update Employer Information/Reference Number in Update Employee Information Page' is: 'CUN012019C100006179'

2019-01-03 22:31:05 - [MESSAGE][PASSED] - Text of object 'Object Repository/Final Object Repo/Page_Update Employer Information/Reference Number in Update Employee Information Page' is: 'CUN012019C100006179'

2019-01-03 22:31:05 - [TEST_STEP][PASSED] - callTestCase: Call Test Case 'Test Cases/Final Aug 2018 - PKS Automation/Common/Reference Number Setter' successfully

2019-01-03 22:31:06 - [TEST_CASE][PASSED] - Test Cases/Final Aug 2018 - PKS Automation/Common/Reference Number Setter: Test Cases/Final Aug 2018 - PKS Automation/Common/Reference Number Setter

2019-01-03 22:31:06 - [TEST_STEP][PASSED] - Statement - RefNoOldFile = new java.io.File(C://Users//Admin//Desktop//PKS//Automation Reference Point//KatalonReference.txt): null

2019-01-03 22:31:06 - [TEST_STEP][PASSED] - Statement - RefNoOldFile.delete(): null

2019-01-03 22:31:06 - [TEST_STEP][PASSED] - delay: Delayed 5 second(s)

2019-01-03 22:31:11 - [MESSAGE][PASSED] - Delayed 5 second(s)

2019-01-03 22:31:11 - [TEST_STEP][PASSED] - Statement - RefNo = new java.io.File(C://Users//Admin//Desktop//PKS//Automation Reference Point//KatalonReference.txt): null

2019-01-03 22:31:11 - [TEST_STEP][PASSED] - Statement - f2 = new java.io.FileWriter(RefNo, false): null

2019-01-03 22:31:11 - [TEST_STEP][PASSED] - Statement - f2.write(CaseReferenceNo): null

2019-01-03 22:31:11 - [TEST_STEP][PASSED] - Statement - f2.close(): null

2019-01-03 22:31:11 - [TEST_STEP][PASSED] - Statement - out.println("


" + CaseReferenceNo + "


"): null

2019-01-03 22:31:11 - [MESSAGE][PASSED] - Call Test Case 'Test Cases/Final Aug 2018 - PKS Automation/Common/Reference Number Setter' successfully

2019-01-03 22:31:11 - [TEST_STEP][PASSED] - delay: Delayed 4 second(s)

2019-01-03 22:31:15 - [MESSAGE][PASSED] - Delayed 4 second(s)

2019-01-03 22:31:15 - [TEST_STEP][PASSED] - click: Object: 'Object Repository/Final Object Repo/Page_Update Employer Information/Submit - Copy' is clicked on

2019-01-03 22:31:15 - [MESSAGE][PASSED] - Object: 'Object Repository/Final Object Repo/Page_Update Employer Information/Submit - Copy' is clicked on

2019-01-03 22:31:15 - [TEST_STEP][PASSED] - delay: Delayed 2 second(s)

2019-01-03 22:31:17 - [MESSAGE][PASSED] - Delayed 2 second(s)

2019-01-03 22:31:17 - [TEST_STEP][PASSED] - click: Object: 'Object Repository/Final Object Repo/Page_Update Employer Information/Confirm' is clicked on

2019-01-03 22:31:17 - [MESSAGE][PASSED] - Object: 'Object Repository/Final Object Repo/Page_Update Employer Information/Confirm' is clicked on

2019-01-03 22:31:17 - [TEST_STEP][PASSED] - delay: Delayed 2 second(s)

2019-01-03 22:31:19 - [MESSAGE][PASSED] - Delayed 2 second(s)

2019-01-03 22:31:19 - [TEST_STEP][PASSED] - click: Object: 'Object Repository/Final Object Repo/Page_Update Employer Information/Message Your Request will be route' is clicked on

2019-01-03 22:31:23 - [MESSAGE][PASSED] - Object: 'Object Repository/Final Object Repo/Page_Update Employer Information/Message Your Request will be route' is clicked on

2019-01-03 22:31:23 - [MESSAGE][PASSED] - Call Test Case 'Test Cases/Final Aug 2018 - PKS Automation/Registration Module/Workflow/Update Employer Information/Template/Update Employer Information - Special Case (Employer)' successfully

2019-01-03 22:31:23 - [TEST_STEP][PASSED] - callTestCase: Call Test Case 'Test Cases/Final Aug 2018 - PKS Automation/Registration Module/Workflow/Update Employer Information/Template/Update Employer Information - Special Case - UO (Query)' successfully

2019-01-03 22:31:23 - [TEST_CASE][PASSED] - Test Cases/Final Aug 2018 - PKS Automation/Registration Module/Workflow/Update Employer Information/Template/Update Employer Information - Special Case - UO (Query): Test Cases/Final Aug 2018 - PKS Automation/Registration Module/Workflow/Update Employer Information/Template/Update Employer Information - Special Case - UO (Query)

2019-01-03 22:31:23 - [TEST_STEP][NOT_RUN] - callTestCase: NOT_RUN: callTestCase

2019-01-03 22:31:23 - [MESSAGE][NOT_RUN] - NOT_RUN: callTestCase

2019-01-03 22:31:23 - [TEST_STEP][PASSED] - delay: Delayed 1 second(s)

2019-01-03 22:31:24 - [MESSAGE][PASSED] - Delayed 1 second(s)

2019-01-03 22:31:24 - [TEST_STEP][PASSED] - navigateToUrl: Navigate to 'https://assist2-uat.perkeso.gov.my/c/portal/logout' successfully

2019-01-03 22:31:25 - [MESSAGE][PASSED] - Navigate to 'https://assist2-uat.perkeso.gov.my/c/portal/logout' successfully

2019-01-03 22:31:25 - [TEST_STEP][PASSED] - delay: Delayed 1 second(s)

2019-01-03 22:31:26 - [MESSAGE][PASSED] - Delayed 1 second(s)

2019-01-03 22:31:26 - [TEST_STEP][PASSED] - callTestCase: Call Test Case 'Test Cases/Final Aug 2018 - PKS Automation/Common/Reference Number Getter' successfully

2019-01-03 22:31:26 - [TEST_CASE][PASSED] - Test Cases/Final Aug 2018 - PKS Automation/Common/Reference Number Getter: Test Cases/Final Aug 2018 - PKS Automation/Common/Reference Number Getter

2019-01-03 22:31:26 - [TEST_STEP][PASSED] - Statement - Try: null

2019-01-03 22:31:26 - [TEST_STEP][PASSED] - Statement - RefNo = new java.io.File(C://Users//Admin//Desktop//PKS//Automation Reference Point//KatalonReference.txt): null

2019-01-03 22:31:26 - [TEST_STEP][PASSED] - Statement - bufferread = new java.io.BufferedReader(new java.io.FileReader(RefNo)): null

2019-01-03 22:31:26 - [TEST_STEP][PASSED] - Statement - readedVal = bufferread.readLine(): null

2019-01-03 22:31:26 - [TEST_STEP][PASSED] - Statement - out.println(CaseReferenceNo): null

2019-01-03 22:31:26 - [TEST_STEP][PASSED] - Statement - out.println(readedVal): null

2019-01-03 22:31:26 - [TEST_STEP][PASSED] - Statement - CaseReferenceNo = "": null

2019-01-03 22:31:26 - [TEST_STEP][PASSED] - Statement - CaseReferenceNo = readedVal: null

2019-01-03 22:31:26 - [MESSAGE][PASSED] - Call Test Case 'Test Cases/Final Aug 2018 - PKS Automation/Common/Reference Number Getter' successfully

2019-01-03 22:31:26 - [TEST_STEP][PASSED] - callTestCase: Call Test Case 'Test Cases/Final Aug 2018 - PKS Automation/Common/Workflow Owner Finder' successfully

2019-01-03 22:31:26 - [TEST_CASE][PASSED] - Test Cases/Final Aug 2018 - PKS Automation/Common/Workflow Owner Finder: Test Cases/Final Aug 2018 - PKS Automation/Common/Workflow Owner Finder

2019-01-03 22:31:26 - [TEST_STEP][PASSED] - openBrowser: Browser is opened with url: ''

2019-01-03 22:31:26 - [MESSAGE][WARNING] - A browser is already opened. Closing browser and opening a new one

2019-01-03 22:31:30 - [MESSAGE][PASSED] - Browser is opened with url: ''

2019-01-03 22:31:30 - [TEST_STEP][PASSED] - navigateToUrl: Navigate to 'https://assist2-uat.perkeso.gov.my/login' successfully

2019-01-03 22:31:31 - [MESSAGE][PASSED] - Navigate to 'https://assist2-uat.perkeso.gov.my/login' successfully

2019-01-03 22:31:31 - [TEST_STEP][PASSED] - delay: Delayed 5 second(s)

2019-01-03 22:31:36 - [MESSAGE][PASSED] - Delayed 5 second(s)

2019-01-03 22:31:36 - [TEST_STEP][PASSED] - setText: Text 'test@liferay.com' is set on object 'Object Repository/Final Object Repo/Login Page/Internal User/Email Address'

2019-01-03 22:31:36 - [MESSAGE][PASSED] - Text 'test@liferay.com' is set on object 'Object Repository/Final Object Repo/Login Page/Internal User/Email Address'

2019-01-03 22:31:36 - [TEST_STEP][PASSED] - click: Object: 'Object Repository/Final Object Repo/Login Page/Internal User/Next Button' is clicked on

2019-01-03 22:31:36 - [MESSAGE][PASSED] - Object: 'Object Repository/Final Object Repo/Login Page/Internal User/Next Button' is clicked on

2019-01-03 22:31:36 - [TEST_STEP][PASSED] - delay: Delayed 2 second(s)

2019-01-03 22:31:38 - [MESSAGE][PASSED] - Delayed 2 second(s)

2019-01-03 22:31:38 - [TEST_STEP][PASSED] - setText: Text 'test' is set on object 'Object Repository/Final Object Repo/Login Page/Internal User/Password'

2019-01-03 22:31:39 - [MESSAGE][PASSED] - Text 'test' is set on object 'Object Repository/Final Object Repo/Login Page/Internal User/Password'

2019-01-03 22:31:39 - [TEST_STEP][PASSED] - delay: Delayed 2 second(s)

2019-01-03 22:31:41 - [MESSAGE][PASSED] - Delayed 2 second(s)

2019-01-03 22:31:41 - [TEST_STEP][PASSED] - click: Object: 'Object Repository/Final Object Repo/Login Page/Internal User/Login Button' is clicked on

2019-01-03 22:31:41 - [MESSAGE][PASSED] - Object: 'Object Repository/Final Object Repo/Login Page/Internal User/Login Button' is clicked on

2019-01-03 22:31:41 - [TEST_STEP][PASSED] - Statement - tester = com.kms.katalon.core.testobject.ObjectRepository.findTestObject(Final Object Repo/Landing Page/Select to English): Finding Test Object with id 'Object Repository/Final Object Repo/Landing Page/Select to English'

2019-01-03 22:31:41 - [TEST_STEP][PASSED] - Statement - Try: Delayed 2 second(s)

2019-01-03 22:31:41 - [TEST_STEP][PASSED] - Statement - Checker = com.kms.katalon.core.webui.keyword.WebUiBuiltInKeywords.verifyElementNotPresent(tester, 3): Web element with id: 'Object Repository/Final Object Repo/Landing Page/Select to English' located by 'By.xpath: //a[@class = 'taglib-language-list-text' and @lang = 'en-US' and (contains(text(), 'EN') or contains(., 'EN'))]' is not present after '3' second(s)

2019-01-03 22:31:43 - [MESSAGE][PASSED] - Web element with id: 'Object Repository/Final Object Repo/Landing Page/Select to English' located by 'By.xpath: //a[@class = 'taglib-language-list-text' and @lang = 'en-US' and (contains(text(), 'EN') or contains(., 'EN'))]' is not present after '3' second(s)

2019-01-03 22:31:43 - [TEST_STEP][PASSED] - Statement - If (Checker == false): null

2019-01-03 22:31:43 - [TEST_STEP][PASSED] - delay: Delayed 2 second(s)

2019-01-03 22:31:45 - [MESSAGE][PASSED] - Delayed 2 second(s)

2019-01-03 22:31:45 - [TEST_STEP][PASSED] - delay: Delayed 5 second(s)

2019-01-03 22:31:50 - [MESSAGE][PASSED] - Delayed 5 second(s)

2019-01-03 22:31:50 - [TEST_STEP][PASSED] - mouseOver: Object: 'Object Repository/Final Object Repo/Landing Page/WorkFlow Menu' is hovered

2019-01-03 22:31:50 - [MESSAGE][PASSED] - Object: 'Object Repository/Final Object Repo/Landing Page/WorkFlow Menu' is hovered

2019-01-03 22:31:50 - [TEST_STEP][PASSED] - delay: Delayed 2 second(s)

2019-01-03 22:31:52 - [MESSAGE][PASSED] - Delayed 2 second(s)

2019-01-03 22:31:52 - [TEST_STEP][PASSED] - click: Object: 'Object Repository/Final Object Repo/Landing Page/Select to Workflow Listing' is clicked on

2019-01-03 22:31:53 - [MESSAGE][PASSED] - Object: 'Object Repository/Final Object Repo/Landing Page/Select to Workflow Listing' is clicked on

2019-01-03 22:31:53 - [TEST_STEP][PASSED] - delay: Delayed 2 second(s)

2019-01-03 22:31:55 - [MESSAGE][PASSED] - Delayed 2 second(s)

2019-01-03 22:31:55 - [TEST_STEP][PASSED] - click: Object: 'Object Repository/Final Object Repo/WorkFlow Listing Page/Search Information - To Put Ref No' is clicked on

2019-01-03 22:31:55 - [MESSAGE][PASSED] - Object: 'Object Repository/Final Object Repo/WorkFlow Listing Page/Search Information - To Put Ref No' is clicked on

2019-01-03 22:31:55 - [TEST_STEP][PASSED] - delay: Delayed 2 second(s)

2019-01-03 22:31:57 - [MESSAGE][PASSED] - Delayed 2 second(s)

2019-01-03 22:31:57 - [TEST_STEP][PASSED] - callTestCase: Call Test Case 'Test Cases/Final Aug 2018 - PKS Automation/Common/Reference Number Getter' successfully

2019-01-03 22:31:57 - [TEST_CASE][PASSED] - Test Cases/Final Aug 2018 - PKS Automation/Common/Reference Number Getter: Test Cases/Final Aug 2018 - PKS Automation/Common/Reference Number Getter

2019-01-03 22:31:57 - [TEST_STEP][PASSED] - Statement - Try: null

2019-01-03 22:31:57 - [TEST_STEP][PASSED] - Statement - RefNo = new java.io.File(C://Users//Admin//Desktop//PKS//Automation Reference Point//KatalonReference.txt): null

2019-01-03 22:31:57 - [TEST_STEP][PASSED] - Statement - bufferread = new java.io.BufferedReader(new java.io.FileReader(RefNo)): null

2019-01-03 22:31:57 - [TEST_STEP][PASSED] - Statement - readedVal = bufferread.readLine(): null

2019-01-03 22:31:57 - [TEST_STEP][PASSED] - Statement - out.println(CaseReferenceNo): null

2019-01-03 22:31:57 - [TEST_STEP][PASSED] - Statement - out.println(readedVal): null

2019-01-03 22:31:57 - [TEST_STEP][PASSED] - Statement - CaseReferenceNo = "": null

2019-01-03 22:31:57 - [TEST_STEP][PASSED] - Statement - CaseReferenceNo = readedVal: null

2019-01-03 22:31:57 - [MESSAGE][PASSED] - Call Test Case 'Test Cases/Final Aug 2018 - PKS Automation/Common/Reference Number Getter' successfully

2019-01-03 22:31:57 - [TEST_STEP][PASSED] - setText: Text 'CUN012019C100006179' is set on object 'Object Repository/Final Object Repo/WorkFlow Listing Page/Ref No Set Text'

2019-01-03 22:31:58 - [MESSAGE][PASSED] - Text 'CUN012019C100006179' is set on object 'Object Repository/Final Object Repo/WorkFlow Listing Page/Ref No Set Text'

2019-01-03 22:31:58 - [TEST_STEP][PASSED] - delay: Delayed 2 second(s)

2019-01-03 22:32:00 - [MESSAGE][PASSED] - Delayed 2 second(s)

2019-01-03 22:32:00 - [TEST_STEP][PASSED] - click: Object: 'Object Repository/Final Object Repo/WorkFlow Listing Page/Search Ref No Search Button' is clicked on

2019-01-03 22:32:00 - [MESSAGE][PASSED] - Object: 'Object Repository/Final Object Repo/WorkFlow Listing Page/Search Ref No Search Button' is clicked on

2019-01-03 22:32:00 - [TEST_STEP][PASSED] - delay: Delayed 6 second(s)

2019-01-03 22:32:06 - [MESSAGE][PASSED] - Delayed 6 second(s)

2019-01-03 22:32:06 - [TEST_STEP][PASSED] - click: Object: 'Object Repository/Final Object Repo/WorkFlow Listing Page/Click Continue Tooltip' is clicked on

2019-01-03 22:32:07 - [MESSAGE][PASSED] - Object: 'Object Repository/Final Object Repo/WorkFlow Listing Page/Click Continue Tooltip' is clicked on

2019-01-03 22:32:07 - [TEST_STEP][PASSED] - delay: Delayed 5 second(s)

2019-01-03 22:32:12 - [MESSAGE][PASSED] - Delayed 5 second(s)

2019-01-03 22:32:12 - [TEST_STEP][PASSED] - doubleClick: Object: 'Object Repository/Final Object Repo/WorkFlow Listing Page/Workflow Found - Listing 1' is double clicked on

2019-01-03 22:32:12 - [MESSAGE][PASSED] - Object: 'Object Repository/Final Object Repo/WorkFlow Listing Page/Workflow Found - Listing 1' is double clicked on

2019-01-03 22:32:12 - [TEST_STEP][PASSED] - Statement - println(OwnerID): null

2019-01-03 22:32:12 - [TEST_STEP][PASSED] - Statement - OwnerID = com.kms.katalon.core.webui.keyword.WebUiBuiltInKeywords.getText(com.kms.katalon.core.testobject.ObjectRepository.findTestObject(Final Object Repo/WorkFlow Listing Page/Workflow Found - Listing 1), STOP_ON_FAILURE): Text of object 'Object Repository/Final Object Repo/WorkFlow Listing Page/Workflow Found - Listing 1' is: 'JOHORuo2'

2019-01-03 22:32:12 - [MESSAGE][PASSED] - Text of object 'Object Repository/Final Object Repo/WorkFlow Listing Page/Workflow Found - Listing 1' is: 'JOHORuo2'

2019-01-03 22:32:12 - [TEST_STEP][PASSED] - Statement - OwnerID = OwnerID.toLowerCase() + "@gmail.com": null

2019-01-03 22:32:12 - [TEST_STEP][PASSED] - Statement - println(OwnerID): null

2019-01-03 22:32:12 - [TEST_STEP][PASSED] - delay: Delayed 2 second(s)

2019-01-03 22:32:14 - [MESSAGE][PASSED] - Delayed 2 second(s)

2019-01-03 22:32:14 - [MESSAGE][PASSED] - Call Test Case 'Test Cases/Final Aug 2018 - PKS Automation/Common/Workflow Owner Finder' successfully

2019-01-03 22:32:14 - [TEST_STEP][PASSED] - delay: Delayed 1 second(s)

2019-01-03 22:32:15 - [MESSAGE][PASSED] - Delayed 1 second(s)

2019-01-03 22:32:15 - [TEST_STEP][PASSED] - navigateToUrl: Navigate to 'https://assist2-uat.perkeso.gov.my/c/portal/logout' successfully

2019-01-03 22:32:16 - [MESSAGE][PASSED] - Navigate to 'https://assist2-uat.perkeso.gov.my/c/portal/logout' successfully

2019-01-03 22:32:16 - [TEST_STEP][PASSED] - delay: Delayed 1 second(s)

2019-01-03 22:32:17 - [MESSAGE][PASSED] - Delayed 1 second(s)

2019-01-03 22:32:17 - [TEST_STEP][PASSED] - callTestCase: Call Test Case 'Test Cases/Final Aug 2018 - PKS Automation/Registration Module/Workflow/Login and Search Case For Workflow' successfully

2019-01-03 22:32:17 - [TEST_CASE][PASSED] - Test Cases/Final Aug 2018 - PKS Automation/Registration Module/Workflow/Login and Search Case For Workflow: Test Cases/Final Aug 2018 - PKS Automation/Registration Module/Workflow/Login and Search Case For Workflow

2019-01-03 22:32:17 - [TEST_STEP][PASSED] - navigateToUrl: Navigate to 'https://assist2-uat.perkeso.gov.my/login' successfully

2019-01-03 22:32:17 - [MESSAGE][PASSED] - Navigate to 'https://assist2-uat.perkeso.gov.my/login' successfully

2019-01-03 22:32:17 - [TEST_STEP][PASSED] - setText: Text 'johoruo2@gmail.com' is set on object 'Object Repository/Final Object Repo/Login Page/Internal User/Email Address'

2019-01-03 22:32:18 - [MESSAGE][PASSED] - Text 'johoruo2@gmail.com' is set on object 'Object Repository/Final Object Repo/Login Page/Internal User/Email Address'

2019-01-03 22:32:18 - [TEST_STEP][PASSED] - click: Object: 'Object Repository/Final Object Repo/Login Page/Internal User/Next Button' is clicked on

2019-01-03 22:32:18 - [MESSAGE][PASSED] - Object: 'Object Repository/Final Object Repo/Login Page/Internal User/Next Button' is clicked on

2019-01-03 22:32:18 - [TEST_STEP][PASSED] - delay: Delayed 1 second(s)

2019-01-03 22:32:19 - [MESSAGE][PASSED] - Delayed 1 second(s)

2019-01-03 22:32:19 - [TEST_STEP][PASSED] - setEncryptedText: Text ****** has been set on object 'Object Repository/Final Object Repo/Login Page/Internal User/Password'

2019-01-03 22:32:19 - [MESSAGE][PASSED] - Text ****** has been set on object 'Object Repository/Final Object Repo/Login Page/Internal User/Password'

2019-01-03 22:32:19 - [TEST_STEP][PASSED] - click: Object: 'Object Repository/Final Object Repo/Login Page/Internal User/Login Button' is clicked on

2019-01-03 22:32:19 - [MESSAGE][PASSED] - Object: 'Object Repository/Final Object Repo/Login Page/Internal User/Login Button' is clicked on

2019-01-03 22:32:19 - [TEST_STEP][PASSED] - delay: Delayed 2 second(s)

2019-01-03 22:32:21 - [MESSAGE][PASSED] - Delayed 2 second(s)

2019-01-03 22:32:21 - [TEST_STEP][PASSED] - Statement - Try: Delayed 2 second(s)

2019-01-03 22:32:21 - [TEST_STEP][PASSED] - Statement - Checker = false: null

2019-01-03 22:32:21 - [TEST_STEP][PASSED] - Statement - Checker = com.kms.katalon.core.webui.keyword.WebUiBuiltInKeywords.verifyElementHasAttribute(com.kms.katalon.core.testobject.ObjectRepository.findTestObject(Final Object Repo/Landing Page/BM Detecting), "href", 20, OPTIONAL): Object 'Object Repository/Final Object Repo/Landing Page/BM Detecting' has attribute 'href'

2019-01-03 22:32:21 - [MESSAGE][PASSED] - Object 'Object Repository/Final Object Repo/Landing Page/BM Detecting' has attribute 'href'

2019-01-03 22:32:21 - [TEST_STEP][PASSED] - Statement - out.println(Checker): null

2019-01-03 22:32:21 - [TEST_STEP][PASSED] - Statement - If (Checker == false): null

2019-01-03 22:32:21 - [TEST_STEP][PASSED] - Statement - Else: null

2019-01-03 22:32:21 - [TEST_STEP][PASSED] - delay: Delayed 2 second(s)

2019-01-03 22:32:23 - [MESSAGE][PASSED] - Delayed 2 second(s)

2019-01-03 22:32:23 - [TEST_STEP][PASSED] - click: Object: 'Object Repository/Final Object Repo/Page_MyASSIST - ASSIST - Search Pending Case For Add Supporting Document/Search Information' is clicked on

2019-01-03 22:32:23 - [MESSAGE][PASSED] - Object: 'Object Repository/Final Object Repo/Page_MyASSIST - ASSIST - Search Pending Case For Add Supporting Document/Search Information' is clicked on

2019-01-03 22:32:23 - [TEST_STEP][PASSED] - delay: Delayed 3 second(s)

2019-01-03 22:32:26 - [MESSAGE][PASSED] - Delayed 3 second(s)

2019-01-03 22:32:26 - [TEST_STEP][PASSED] - sendKeys: Keys 'CUN012019C100006179' sent to object: 'Object Repository/Final Object Repo/Page_MyASSIST - ASSIST - Search Pending Case For Add Supporting Document/Reference No'

2019-01-03 22:32:27 - [MESSAGE][PASSED] - Keys 'CUN012019C100006179' sent to object: 'Object Repository/Final Object Repo/Page_MyASSIST - ASSIST - Search Pending Case For Add Supporting Document/Reference No'

2019-01-03 22:32:27 - [TEST_STEP][PASSED] - click: Object: 'Object Repository/Final Object Repo/Page_MyASSIST - ASSIST - Search Pending Case For Add Supporting Document/Search Reference No' is clicked on

2019-01-03 22:32:27 - [MESSAGE][PASSED] - Object: 'Object Repository/Final Object Repo/Page_MyASSIST - ASSIST - Search Pending Case For Add Supporting Document/Search Reference No' is clicked on

2019-01-03 22:32:27 - [TEST_STEP][PASSED] - delay: Delayed 2 second(s)

2019-01-03 22:32:29 - [MESSAGE][PASSED] - Delayed 2 second(s)

2019-01-03 22:32:29 - [TEST_STEP][PASSED] - click: Object: 'Object Repository/Final Object Repo/Page_MyASSIST - ASSIST - Search Pending Case For Add Supporting Document/Continue' is clicked on

2019-01-03 22:32:33 - [MESSAGE][PASSED] - Object: 'Object Repository/Final Object Repo/Page_MyASSIST - ASSIST - Search Pending Case For Add Supporting Document/Continue' is clicked on

2019-01-03 22:32:33 - [TEST_STEP][PASSED] - delay: Delayed 20 second(s)

2019-01-03 22:32:53 - [MESSAGE][PASSED] - Delayed 20 second(s)

2019-01-03 22:32:53 - [MESSAGE][PASSED] - Call Test Case 'Test Cases/Final Aug 2018 - PKS Automation/Registration Module/Workflow/Login and Search Case For Workflow' successfully

2019-01-03 22:32:53 - [TEST_STEP][PASSED] - delay: Delayed 2 second(s)

2019-01-03 22:32:55 - [MESSAGE][PASSED] - Delayed 2 second(s)

2019-01-03 22:32:55 - [TEST_STEP][PASSED] - click: Object: 'Object Repository/Final Object Repo/Page_Update Employer Information/Page_Update Employer Information UO (Approve)/Continue' is clicked on

2019-01-03 22:32:58 - [MESSAGE][PASSED] - Object: 'Object Repository/Final Object Repo/Page_Update Employer Information/Page_Update Employer Information UO (Approve)/Continue' is clicked on

2019-01-03 22:32:58 - [TEST_STEP][PASSED] - delay: Delayed 2 second(s)

2019-01-03 22:33:00 - [MESSAGE][PASSED] - Delayed 2 second(s)

2019-01-03 22:33:00 - [TEST_STEP][PASSED] - click: Object: 'Object Repository/Final Object Repo/Page_Update Employer Information/Page_Update Employer Information UO (Approve)/Save  Continue in Update Employer Information Page' is clicked on

2019-01-03 22:33:00 - [MESSAGE][PASSED] - Object: 'Object Repository/Final Object Repo/Page_Update Employer Information/Page_Update Employer Information UO (Approve)/Save  Continue in Update Employer Information Page' is clicked on

2019-01-03 22:33:00 - [TEST_STEP][PASSED] - delay: Delayed 2 second(s)

2019-01-03 22:33:02 - [MESSAGE][PASSED] - Delayed 2 second(s)

2019-01-03 22:33:02 - [TEST_STEP][PASSED] - setText: Text 'Query' is set on object 'Object Repository/Final Object Repo/Page_Update Employer Information/Page_Update Employer Information UO (Query)/Query - Remark'

2019-01-03 22:33:05 - [MESSAGE][PASSED] - Text 'Query' is set on object 'Object Repository/Final Object Repo/Page_Update Employer Information/Page_Update Employer Information UO (Query)/Query - Remark'

2019-01-03 22:33:05 - [TEST_STEP][PASSED] - delay: Delayed 2 second(s)

2019-01-03 22:33:07 - [MESSAGE][PASSED] - Delayed 2 second(s)

2019-01-03 22:33:07 - [TEST_STEP][PASSED] - click: Object: 'Object Repository/Final Object Repo/Page_Update Employer Information/Page_Update Employer Information UO (Approve)/Save  Continue in Uploading Supporting Document Page' is clicked on

2019-01-03 22:33:08 - [MESSAGE][PASSED] - Object: 'Object Repository/Final Object Repo/Page_Update Employer Information/Page_Update Employer Information UO (Approve)/Save  Continue in Uploading Supporting Document Page' is clicked on

2019-01-03 22:33:08 - [TEST_STEP][PASSED] - delay: Delayed 2 second(s)

2019-01-03 22:33:10 - [MESSAGE][PASSED] - Delayed 2 second(s)

2019-01-03 22:33:10 - [TEST_STEP][PASSED] - click: Object: 'Object Repository/Final Object Repo/Page_Update Employer Information/Page_Update Employer Information UO (Query)/Query' is clicked on

2019-01-03 22:33:12 - [MESSAGE][PASSED] - Object: 'Object Repository/Final Object Repo/Page_Update Employer Information/Page_Update Employer Information UO (Query)/Query' is clicked on

2019-01-03 22:33:12 - [TEST_STEP][PASSED] - delay: Delayed 2 second(s)

2019-01-03 22:33:14 - [MESSAGE][PASSED] - Delayed 2 second(s)

2019-01-03 22:33:14 - [TEST_STEP][PASSED] - click: Object: 'Object Repository/Final Object Repo/Page_Update Employer Information/Page_Update Employer Information UO (Query)/Confirm' is clicked on

2019-01-03 22:33:14 - [MESSAGE][PASSED] - Object: 'Object Repository/Final Object Repo/Page_Update Employer Information/Page_Update Employer Information UO (Query)/Confirm' is clicked on

2019-01-03 22:33:14 - [TEST_STEP][PASSED] - delay: Delayed 2 second(s)

2019-01-03 22:33:16 - [MESSAGE][PASSED] - Delayed 2 second(s)

2019-01-03 22:33:16 - [TEST_STEP][PASSED] - doubleClick: Object: 'Object Repository/Final Object Repo/Page_Update Employer Information/Page_Update Employer Information UO (Query)/Message The Case Is Under Query' is double clicked on

2019-01-03 22:33:20 - [MESSAGE][PASSED] - Object: 'Object Repository/Final Object Repo/Page_Update Employer Information/Page_Update Employer Information UO (Query)/Message The Case Is Under Query' is double clicked on

2019-01-03 22:33:20 - [TEST_STEP][PASSED] - delay: Delayed 2 second(s)

2019-01-03 22:33:22 - [MESSAGE][PASSED] - Delayed 2 second(s)

2019-01-03 22:33:22 - [TEST_STEP][PASSED] - click: Object: 'Object Repository/Final Object Repo/Page_Update Employer Information/Page_Update Employer Information UO (Query)/Letter of inquiry.pdf' is clicked on

2019-01-03 22:33:23 - [MESSAGE][PASSED] - Object: 'Object Repository/Final Object Repo/Page_Update Employer Information/Page_Update Employer Information UO (Query)/Letter of inquiry.pdf' is clicked on

2019-01-03 22:33:23 - [TEST_STEP][PASSED] - delay: Delayed 1 second(s)

2019-01-03 22:33:24 - [MESSAGE][PASSED] - Delayed 1 second(s)

2019-01-03 22:33:24 - [TEST_STEP][PASSED] - callTestCase: Call Test Case 'Test Cases/Final Aug 2018 - PKS Automation/Registration Module/Log Out/log out avoiding katalon tagging' successfully

2019-01-03 22:33:24 - [TEST_CASE][PASSED] - Test Cases/Final Aug 2018 - PKS Automation/Registration Module/Log Out/log out avoiding katalon tagging: Test Cases/Final Aug 2018 - PKS Automation/Registration Module/Log Out/log out avoiding katalon tagging

2019-01-03 22:33:24 - [TEST_STEP][PASSED] - navigateToUrl: Navigate to 'https://assist2-uat.perkeso.gov.my/c/portal/logout' successfully

2019-01-03 22:33:25 - [MESSAGE][PASSED] - Navigate to 'https://assist2-uat.perkeso.gov.my/c/portal/logout' successfully

2019-01-03 22:33:25 - [MESSAGE][PASSED] - Call Test Case 'Test Cases/Final Aug 2018 - PKS Automation/Registration Module/Log Out/log out avoiding katalon tagging' successfully

2019-01-03 22:33:25 - [TEST_STEP][NOT_RUN] - navigateToUrl: NOT_RUN: navigateToUrl

2019-01-03 22:33:25 - [MESSAGE][NOT_RUN] - NOT_RUN: navigateToUrl

2019-01-03 22:33:25 - [TEST_STEP][PASSED] - delay: Delayed 1 second(s)

2019-01-03 22:33:26 - [MESSAGE][PASSED] - Delayed 1 second(s)

2019-01-03 22:33:26 - [TEST_STEP][PASSED] - callTestCase: Call Test Case 'Test Cases/Final Aug 2018 - PKS Automation/Registration Module/Workflow/Search Pending Case For Add Supporting Document (OTC)' successfully

2019-01-03 22:33:26 - [TEST_CASE][PASSED] - Test Cases/Final Aug 2018 - PKS Automation/Registration Module/Workflow/Search Pending Case For Add Supporting Document (OTC): Test Cases/Final Aug 2018 - PKS Automation/Registration Module/Workflow/Search Pending Case For Add Supporting Document (OTC)

2019-01-03 22:33:26 - [TEST_STEP][PASSED] - openBrowser: Browser is opened with url: ''

2019-01-03 22:33:26 - [MESSAGE][WARNING] - A browser is already opened. Closing browser and opening a new one

2019-01-03 22:33:30 - [MESSAGE][PASSED] - Browser is opened with url: ''

2019-01-03 22:33:30 - [TEST_STEP][PASSED] - navigateToUrl: Navigate to 'https://assist2-uat.perkeso.gov.my/login' successfully

2019-01-03 22:33:31 - [MESSAGE][PASSED] - Navigate to 'https://assist2-uat.perkeso.gov.my/login' successfully

2019-01-03 22:33:31 - [TEST_STEP][PASSED] - setText: Text 'johorotc1@gmail.com' is set on object 'Object Repository/Final Object Repo/Login Page/Internal User/Email Address'

2019-01-03 22:33:31 - [MESSAGE][PASSED] - Text 'johorotc1@gmail.com' is set on object 'Object Repository/Final Object Repo/Login Page/Internal User/Email Address'

2019-01-03 22:33:31 - [TEST_STEP][PASSED] - click: Object: 'Object Repository/Final Object Repo/Login Page/Internal User/Next Button' is clicked on

2019-01-03 22:33:31 - [MESSAGE][PASSED] - Object: 'Object Repository/Final Object Repo/Login Page/Internal User/Next Button' is clicked on

2019-01-03 22:33:31 - [TEST_STEP][PASSED] - delay: Delayed 1 second(s)

2019-01-03 22:33:32 - [MESSAGE][PASSED] - Delayed 1 second(s)

2019-01-03 22:33:32 - [TEST_STEP][PASSED] - setEncryptedText: Text ****** has been set on object 'Object Repository/Final Object Repo/Login Page/Internal User/Password'

2019-01-03 22:33:33 - [MESSAGE][PASSED] - Text ****** has been set on object 'Object Repository/Final Object Repo/Login Page/Internal User/Password'

2019-01-03 22:33:33 - [TEST_STEP][PASSED] - click: Object: 'Object Repository/Final Object Repo/Login Page/Internal User/Login Button' is clicked on

2019-01-03 22:33:33 - [MESSAGE][PASSED] - Object: 'Object Repository/Final Object Repo/Login Page/Internal User/Login Button' is clicked on

2019-01-03 22:33:33 - [TEST_STEP][PASSED] - delay: Delayed 1 second(s)

2019-01-03 22:33:34 - [MESSAGE][PASSED] - Delayed 1 second(s)

2019-01-03 22:33:34 - [TEST_STEP][PASSED] - Statement - Try: Delayed 2 second(s)

2019-01-03 22:33:34 - [TEST_STEP][PASSED] - Statement - Checker = false: null

2019-01-03 22:33:34 - [TEST_STEP][PASSED] - Statement - Checker = com.kms.katalon.core.webui.keyword.WebUiBuiltInKeywords.verifyElementHasAttribute(com.kms.katalon.core.testobject.ObjectRepository.findTestObject(Final Object Repo/Landing Page/BM Detecting), "href", 20, OPTIONAL): Object 'Object Repository/Final Object Repo/Landing Page/BM Detecting' has attribute 'href'

2019-01-03 22:33:35 - [MESSAGE][PASSED] - Object 'Object Repository/Final Object Repo/Landing Page/BM Detecting' has attribute 'href'

2019-01-03 22:33:35 - [TEST_STEP][PASSED] - Statement - out.println(Checker): null

2019-01-03 22:33:35 - [TEST_STEP][PASSED] - Statement - If (Checker == false): null

2019-01-03 22:33:35 - [TEST_STEP][PASSED] - Statement - Else: null

2019-01-03 22:33:35 - [TEST_STEP][PASSED] - delay: Delayed 2 second(s)

2019-01-03 22:33:37 - [MESSAGE][PASSED] - Delayed 2 second(s)

2019-01-03 22:33:37 - [TEST_STEP][PASSED] - navigateToUrl: Navigate to 'https://assist2-uat.perkeso.gov.my/web/registration/search/search-pending-case-for-add-supporting-document' successfully

2019-01-03 22:33:37 - [MESSAGE][PASSED] - Navigate to 'https://assist2-uat.perkeso.gov.my/web/registration/search/search-pending-case-for-add-supporting-document' successfully

2019-01-03 22:33:37 - [TEST_STEP][PASSED] - click: Object: 'Object Repository/Final Object Repo/Page_Search Pending Case For Add Suporting Document/Search By' is clicked on

2019-01-03 22:33:37 - [MESSAGE][PASSED] - Object: 'Object Repository/Final Object Repo/Page_Search Pending Case For Add Suporting Document/Search By' is clicked on

2019-01-03 22:33:37 - [TEST_STEP][PASSED] - click: Object: 'Object Repository/Final Object Repo/Page_Search Pending Case For Add Suporting Document/Search By - Reference ID' is clicked on

2019-01-03 22:33:38 - [MESSAGE][PASSED] - Object: 'Object Repository/Final Object Repo/Page_Search Pending Case For Add Suporting Document/Search By - Reference ID' is clicked on

2019-01-03 22:33:38 - [TEST_STEP][PASSED] - delay: Delayed 2 second(s)

2019-01-03 22:33:40 - [MESSAGE][PASSED] - Delayed 2 second(s)

2019-01-03 22:33:40 - [TEST_STEP][PASSED] - setText: Text 'CUN012019C100006179' is set on object 'Object Repository/Final Object Repo/Page_Search Pending Case For Add Suporting Document/Reference ID'

2019-01-03 22:33:40 - [MESSAGE][PASSED] - Text 'CUN012019C100006179' is set on object 'Object Repository/Final Object Repo/Page_Search Pending Case For Add Suporting Document/Reference ID'

2019-01-03 22:33:40 - [TEST_STEP][PASSED] - click: Object: 'Object Repository/Final Object Repo/Page_Search Pending Case For Add Suporting Document/Search' is clicked on

2019-01-03 22:33:40 - [MESSAGE][PASSED] - Object: 'Object Repository/Final Object Repo/Page_Search Pending Case For Add Suporting Document/Search' is clicked on

2019-01-03 22:33:40 - [TEST_STEP][PASSED] - delay: Delayed 2 second(s)

2019-01-03 22:33:42 - [MESSAGE][PASSED] - Delayed 2 second(s)

2019-01-03 22:33:42 - [TEST_STEP][PASSED] - click: Object: 'Object Repository/Final Object Repo/Page_Search Pending Case For Add Suporting Document/Edit' is clicked on

2019-01-03 22:33:46 - [MESSAGE][PASSED] - Object: 'Object Repository/Final Object Repo/Page_Search Pending Case For Add Suporting Document/Edit' is clicked on

2019-01-03 22:33:46 - [MESSAGE][PASSED] - Call Test Case 'Test Cases/Final Aug 2018 - PKS Automation/Registration Module/Workflow/Search Pending Case For Add Supporting Document (OTC)' successfully

2019-01-03 22:33:46 - [TEST_STEP][PASSED] - click: Object: 'Object Repository/Final Object Repo/Page_Update Employer Information/Page_Update Employer Information UO (Query -OTC -UO)/Next' is clicked on

2019-01-03 22:33:49 - [MESSAGE][PASSED] - Object: 'Object Repository/Final Object Repo/Page_Update Employer Information/Page_Update Employer Information UO (Query -OTC -UO)/Next' is clicked on

2019-01-03 22:33:49 - [TEST_STEP][PASSED] - delay: Delayed 2 second(s)

2019-01-03 22:33:51 - [MESSAGE][PASSED] - Delayed 2 second(s)

2019-01-03 22:33:51 - [TEST_STEP][PASSED] - click: Object: 'Object Repository/Final Object Repo/Page_Update Employer Information/Page_Update Employer Information UO (Query -OTC -UO)/Add Document' is clicked on

2019-01-03 22:33:51 - [MESSAGE][PASSED] - Object: 'Object Repository/Final Object Repo/Page_Update Employer Information/Page_Update Employer Information UO (Query -OTC -UO)/Add Document' is clicked on

2019-01-03 22:33:51 - [TEST_STEP][PASSED] - delay: Delayed 2 second(s)

2019-01-03 22:33:53 - [MESSAGE][PASSED] - Delayed 2 second(s)

2019-01-03 22:33:53 - [TEST_STEP][PASSED] - click: Object: 'Object Repository/Final Object Repo/Page_Update Employer Information/Page_Update Employer Information UO (Query -OTC -UO)/Document Type' is clicked on

2019-01-03 22:33:54 - [MESSAGE][PASSED] - Object: 'Object Repository/Final Object Repo/Page_Update Employer Information/Page_Update Employer Information UO (Query -OTC -UO)/Document Type' is clicked on

2019-01-03 22:33:54 - [TEST_STEP][PASSED] - click: Object: 'Object Repository/Final Object Repo/Page_Update Employer Information/Page_Update Employer Information UO (Query -OTC -UO)/Document Type - Other' is clicked on

2019-01-03 22:33:54 - [MESSAGE][PASSED] - Object: 'Object Repository/Final Object Repo/Page_Update Employer Information/Page_Update Employer Information UO (Query -OTC -UO)/Document Type - Other' is clicked on

2019-01-03 22:33:54 - [TEST_STEP][PASSED] - delay: Delayed 2 second(s)

2019-01-03 22:33:56 - [MESSAGE][PASSED] - Delayed 2 second(s)

2019-01-03 22:33:56 - [TEST_STEP][PASSED] - sendKeys: Keys 'C:\Users\Public\Pictures\Sample Pictures\Koala.jpg' sent to object: 'Object Repository/Final Object Repo/Page_Update Employer Information/Page_Update Employer Information UO (Query -OTC -UO)/Uploading File'

2019-01-03 22:33:56 - [MESSAGE][PASSED] - Keys 'C:\Users\Public\Pictures\Sample Pictures\Koala.jpg' sent to object: 'Object Repository/Final Object Repo/Page_Update Employer Information/Page_Update Employer Information UO (Query -OTC -UO)/Uploading File'

2019-01-03 22:33:56 - [TEST_STEP][PASSED] - delay: Delayed 2 second(s)

2019-01-03 22:33:58 - [MESSAGE][PASSED] - Delayed 2 second(s)

2019-01-03 22:33:58 - [TEST_STEP][PASSED] - click: Object: 'Object Repository/Final Object Repo/Page_Update Employer Information/Page_Update Employer Information UO (Query -OTC -UO)/Add Document in Uploading Page' is clicked on

2019-01-03 22:33:58 - [MESSAGE][PASSED] - Object: 'Object Repository/Final Object Repo/Page_Update Employer Information/Page_Update Employer Information UO (Query -OTC -UO)/Add Document in Uploading Page' is clicked on

2019-01-03 22:33:58 - [TEST_STEP][PASSED] - delay: Delayed 2 second(s)

2019-01-03 22:34:00 - [MESSAGE][PASSED] - Delayed 2 second(s)

2019-01-03 22:34:00 - [TEST_STEP][PASSED] - click: Object: 'Object Repository/Final Object Repo/Page_Update Employer Information/Page_Update Employer Information UO (Query -OTC -UO)/Exit' is clicked on

2019-01-03 22:34:04 - [MESSAGE][PASSED] - Object: 'Object Repository/Final Object Repo/Page_Update Employer Information/Page_Update Employer Information UO (Query -OTC -UO)/Exit' is clicked on

2019-01-03 22:34:04 - [TEST_STEP][PASSED] - delay: Delayed 2 second(s)

2019-01-03 22:34:06 - [MESSAGE][PASSED] - Delayed 2 second(s)

2019-01-03 22:34:06 - [TEST_STEP][PASSED] - delay: Delayed 1 second(s)

2019-01-03 22:34:07 - [MESSAGE][PASSED] - Delayed 1 second(s)

2019-01-03 22:34:07 - [TEST_STEP][PASSED] - navigateToUrl: Navigate to 'https://assist2-uat.perkeso.gov.my/c/portal/logout' successfully

2019-01-03 22:34:07 - [MESSAGE][PASSED] - Navigate to 'https://assist2-uat.perkeso.gov.my/c/portal/logout' successfully

2019-01-03 22:34:07 - [TEST_STEP][PASSED] - delay: Delayed 1 second(s)

2019-01-03 22:34:08 - [MESSAGE][PASSED] - Delayed 1 second(s)

2019-01-03 22:34:08 - [TEST_STEP][PASSED] - callTestCase: Call Test Case 'Test Cases/Final Aug 2018 - PKS Automation/Registration Module/Workflow/Login and Search Case For Workflow' successfully

2019-01-03 22:34:08 - [TEST_CASE][PASSED] - Test Cases/Final Aug 2018 - PKS Automation/Registration Module/Workflow/Login and Search Case For Workflow: Test Cases/Final Aug 2018 - PKS Automation/Registration Module/Workflow/Login and Search Case For Workflow

2019-01-03 22:34:08 - [TEST_STEP][PASSED] - navigateToUrl: Navigate to 'https://assist2-uat.perkeso.gov.my/login' successfully

2019-01-03 22:34:09 - [MESSAGE][PASSED] - Navigate to 'https://assist2-uat.perkeso.gov.my/login' successfully

2019-01-03 22:34:09 - [TEST_STEP][PASSED] - setText: Text 'johoruo2@gmail.com' is set on object 'Object Repository/Final Object Repo/Login Page/Internal User/Email Address'

2019-01-03 22:34:09 - [MESSAGE][PASSED] - Text 'johoruo2@gmail.com' is set on object 'Object Repository/Final Object Repo/Login Page/Internal User/Email Address'

2019-01-03 22:34:09 - [TEST_STEP][PASSED] - click: Object: 'Object Repository/Final Object Repo/Login Page/Internal User/Next Button' is clicked on

2019-01-03 22:34:09 - [MESSAGE][PASSED] - Object: 'Object Repository/Final Object Repo/Login Page/Internal User/Next Button' is clicked on

2019-01-03 22:34:09 - [TEST_STEP][PASSED] - delay: Delayed 1 second(s)

2019-01-03 22:34:10 - [MESSAGE][PASSED] - Delayed 1 second(s)

2019-01-03 22:34:10 - [TEST_STEP][PASSED] - setEncryptedText: Text ****** has been set on object 'Object Repository/Final Object Repo/Login Page/Internal User/Password'

2019-01-03 22:34:11 - [MESSAGE][PASSED] - Text ****** has been set on object 'Object Repository/Final Object Repo/Login Page/Internal User/Password'

2019-01-03 22:34:11 - [TEST_STEP][PASSED] - click: Object: 'Object Repository/Final Object Repo/Login Page/Internal User/Login Button' is clicked on

2019-01-03 22:34:11 - [MESSAGE][PASSED] - Object: 'Object Repository/Final Object Repo/Login Page/Internal User/Login Button' is clicked on

2019-01-03 22:34:11 - [TEST_STEP][PASSED] - delay: Delayed 2 second(s)

2019-01-03 22:34:13 - [MESSAGE][PASSED] - Delayed 2 second(s)

2019-01-03 22:34:13 - [TEST_STEP][PASSED] - Statement - Try: Delayed 2 second(s)

2019-01-03 22:34:13 - [TEST_STEP][PASSED] - Statement - Checker = false: null

2019-01-03 22:34:13 - [TEST_STEP][PASSED] - Statement - Checker = com.kms.katalon.core.webui.keyword.WebUiBuiltInKeywords.verifyElementHasAttribute(com.kms.katalon.core.testobject.ObjectRepository.findTestObject(Final Object Repo/Landing Page/BM Detecting), "href", 20, OPTIONAL): Object 'Object Repository/Final Object Repo/Landing Page/BM Detecting' has attribute 'href'

2019-01-03 22:34:13 - [MESSAGE][PASSED] - Object 'Object Repository/Final Object Repo/Landing Page/BM Detecting' has attribute 'href'

2019-01-03 22:34:13 - [TEST_STEP][PASSED] - Statement - out.println(Checker): null

2019-01-03 22:34:13 - [TEST_STEP][PASSED] - Statement - If (Checker == false): null

2019-01-03 22:34:13 - [TEST_STEP][PASSED] - Statement - Else: null

2019-01-03 22:34:13 - [TEST_STEP][PASSED] - delay: Delayed 2 second(s)

2019-01-03 22:34:15 - [MESSAGE][PASSED] - Delayed 2 second(s)

2019-01-03 22:34:15 - [TEST_STEP][PASSED] - click: Object: 'Object Repository/Final Object Repo/Page_MyASSIST - ASSIST - Search Pending Case For Add Supporting Document/Search Information' is clicked on

2019-01-03 22:34:15 - [MESSAGE][PASSED] - Object: 'Object Repository/Final Object Repo/Page_MyASSIST - ASSIST - Search Pending Case For Add Supporting Document/Search Information' is clicked on

2019-01-03 22:34:15 - [TEST_STEP][PASSED] - delay: Delayed 3 second(s)

2019-01-03 22:34:18 - [MESSAGE][PASSED] - Delayed 3 second(s)

2019-01-03 22:34:18 - [TEST_STEP][PASSED] - sendKeys: Keys 'CUN012019C100006179' sent to object: 'Object Repository/Final Object Repo/Page_MyASSIST - ASSIST - Search Pending Case For Add Supporting Document/Reference No'

2019-01-03 22:34:18 - [MESSAGE][PASSED] - Keys 'CUN012019C100006179' sent to object: 'Object Repository/Final Object Repo/Page_MyASSIST - ASSIST - Search Pending Case For Add Supporting Document/Reference No'

2019-01-03 22:34:18 - [TEST_STEP][PASSED] - click: Object: 'Object Repository/Final Object Repo/Page_MyASSIST - ASSIST - Search Pending Case For Add Supporting Document/Search Reference No' is clicked on

2019-01-03 22:34:18 - [MESSAGE][PASSED] - Object: 'Object Repository/Final Object Repo/Page_MyASSIST - ASSIST - Search Pending Case For Add Supporting Document/Search Reference No' is clicked on

2019-01-03 22:34:18 - [TEST_STEP][PASSED] - delay: Delayed 2 second(s)

2019-01-03 22:34:20 - [MESSAGE][PASSED] - Delayed 2 second(s)

2019-01-03 22:34:20 - [TEST_STEP][PASSED] - click: Object: 'Object Repository/Final Object Repo/Page_MyASSIST - ASSIST - Search Pending Case For Add Supporting Document/Continue' is clicked on

2019-01-03 22:34:24 - [MESSAGE][PASSED] - Object: 'Object Repository/Final Object Repo/Page_MyASSIST - ASSIST - Search Pending Case For Add Supporting Document/Continue' is clicked on

2019-01-03 22:34:24 - [TEST_STEP][PASSED] - delay: Delayed 20 second(s)

2019-01-03 22:34:44 - [MESSAGE][PASSED] - Delayed 20 second(s)

2019-01-03 22:34:44 - [MESSAGE][PASSED] - Call Test Case 'Test Cases/Final Aug 2018 - PKS Automation/Registration Module/Workflow/Login and Search Case For Workflow' successfully

2019-01-03 22:34:44 - [TEST_STEP][PASSED] - click: Object: 'Object Repository/Final Object Repo/Page_Update Employer Information/Page_Update Employer Information UO (Approve)/Continue' is clicked on

2019-01-03 22:34:47 - [MESSAGE][PASSED] - Object: 'Object Repository/Final Object Repo/Page_Update Employer Information/Page_Update Employer Information UO (Approve)/Continue' is clicked on

2019-01-03 22:34:47 - [TEST_STEP][PASSED] - delay: Delayed 2 second(s)

2019-01-03 22:34:49 - [MESSAGE][PASSED] - Delayed 2 second(s)

2019-01-03 22:34:49 - [TEST_STEP][PASSED] - click: Object: 'Object Repository/Final Object Repo/Page_Update Employer Information/Page_Update Employer Information UO (Approve)/Save  Continue in Update Employer Information Page' is clicked on

2019-01-03 22:34:50 - [MESSAGE][PASSED] - Object: 'Object Repository/Final Object Repo/Page_Update Employer Information/Page_Update Employer Information UO (Approve)/Save  Continue in Update Employer Information Page' is clicked on

2019-01-03 22:34:50 - [TEST_STEP][PASSED] - delay: Delayed 2 second(s)

2019-01-03 22:34:52 - [MESSAGE][PASSED] - Delayed 2 second(s)

2019-01-03 22:34:52 - [TEST_STEP][PASSED] - click: Object: 'Object Repository/Final Object Repo/Page_Update Employer Information/Page_Update Employer Information UO (Approve)/Save  Continue in Uploading Supporting Document Page' is clicked on

2019-01-03 22:34:54 - [MESSAGE][PASSED] - Object: 'Object Repository/Final Object Repo/Page_Update Employer Information/Page_Update Employer Information UO (Approve)/Save  Continue in Uploading Supporting Document Page' is clicked on

2019-01-03 22:34:54 - [TEST_STEP][PASSED] - delay: Delayed 2 second(s)

2019-01-03 22:34:56 - [MESSAGE][PASSED] - Delayed 2 second(s)

2019-01-03 22:34:56 - [TEST_STEP][PASSED] - click: Object: 'Object Repository/Final Object Repo/Page_Update Employer Information/Page_Update Employer Information UO (Approve)/Approve' is clicked on

2019-01-03 22:34:58 - [MESSAGE][PASSED] - Object: 'Object Repository/Final Object Repo/Page_Update Employer Information/Page_Update Employer Information UO (Approve)/Approve' is clicked on

2019-01-03 22:34:58 - [TEST_STEP][PASSED] - delay: Delayed 2 second(s)

2019-01-03 22:35:00 - [MESSAGE][PASSED] - Delayed 2 second(s)

2019-01-03 22:35:00 - [TEST_STEP][PASSED] - click: Object: 'Object Repository/Final Object Repo/Page_Update Employer Information/Page_Update Employer Information UO (Approve)/Confirm' is clicked on

2019-01-03 22:35:00 - [MESSAGE][PASSED] - Object: 'Object Repository/Final Object Repo/Page_Update Employer Information/Page_Update Employer Information UO (Approve)/Confirm' is clicked on

2019-01-03 22:35:00 - [TEST_STEP][PASSED] - delay: Delayed 2 second(s)

2019-01-03 22:35:02 - [MESSAGE][PASSED] - Delayed 2 second(s)

2019-01-03 22:35:02 - [TEST_STEP][PASSED] - verifyElementVisible: Object 'Object Repository/Final Object Repo/Page_Update Employer Information/Page_Update Employer Information UO (Approve)/Message Your Request' is visible

2019-01-03 22:35:10 - [MESSAGE][PASSED] - Object 'Object Repository/Final Object Repo/Page_Update Employer Information/Page_Update Employer Information UO (Approve)/Message Your Request' is visible

2019-01-03 22:35:10 - [TEST_STEP][PASSED] - verifyElementVisible: Object 'Object Repository/Final Object Repo/Page_Update Employer Information/Page_Update Employer Information UO (Approve)/Letter of successful update' is visible

2019-01-03 22:35:10 - [MESSAGE][PASSED] - Object 'Object Repository/Final Object Repo/Page_Update Employer Information/Page_Update Employer Information UO (Approve)/Letter of successful update' is visible

2019-01-03 22:35:10 - [MESSAGE][PASSED] - Call Test Case 'Test Cases/Final Aug 2018 - PKS Automation/Registration Module/Workflow/Update Employer Information/Template/Update Employer Information - Special Case - UO (Query)' successfully]]></system-out>
         <system-err><![CDATA[]]></system-err>
      </testcase>
      <testcase name="Test Cases/Final Aug 2018 - PKS Automation/Registration Module/Workflow/Update Employer Information/Employer - UO (Reject)" classname="Test Cases/Final Aug 2018 - PKS Automation/Registration Module/Workflow/Update Employer Information/Employer - UO (Reject)" status="PASSED">
         <system-out><![CDATA[2019-01-03 22:35:10 - [TEST_CASE][PASSED] - Test Cases/Final Aug 2018 - PKS Automation/Registration Module/Workflow/Update Employer Information/Employer - UO (Reject): Test Cases/Final Aug 2018 - PKS Automation/Registration Module/Workflow/Update Employer Information/Employer - UO (Reject)

2019-01-03 22:35:10 - [TEST_STEP][PASSED] - callTestCase: Call Test Case 'Test Cases/Final Aug 2018 - PKS Automation/Registration Module/Workflow/Update Employer Information/Template/Update Employer Information - Special Case (Employer)' successfully

2019-01-03 22:35:10 - [TEST_CASE][PASSED] - Test Cases/Final Aug 2018 - PKS Automation/Registration Module/Workflow/Update Employer Information/Template/Update Employer Information - Special Case (Employer): Test Cases/Final Aug 2018 - PKS Automation/Registration Module/Workflow/Update Employer Information/Template/Update Employer Information - Special Case (Employer)

2019-01-03 22:35:10 - [TEST_STEP][PASSED] - callTestCase: Call Test Case 'Test Cases/Final Aug 2018 - PKS Automation/Create Employer Acc/Login to Employer Account (Second time)' successfully

2019-01-03 22:35:10 - [TEST_CASE][PASSED] - Test Cases/Final Aug 2018 - PKS Automation/Create Employer Acc/Login to Employer Account (Second time): Test Cases/Final Aug 2018 - PKS Automation/Create Employer Acc/Login to Employer Account (Second time)

2019-01-03 22:35:10 - [TEST_STEP][PASSED] - openBrowser: Browser is opened with url: ''

2019-01-03 22:35:10 - [MESSAGE][WARNING] - A browser is already opened. Closing browser and opening a new one

2019-01-03 22:35:14 - [MESSAGE][PASSED] - Browser is opened with url: ''

2019-01-03 22:35:14 - [TEST_STEP][PASSED] - navigateToUrl: Navigate to 'https://assist2-uat.perkeso.gov.my/employer/login' successfully

2019-01-03 22:35:15 - [MESSAGE][PASSED] - Navigate to 'https://assist2-uat.perkeso.gov.my/employer/login' successfully

2019-01-03 22:35:15 - [TEST_STEP][PASSED] - delay: Delayed 3 second(s)

2019-01-03 22:35:18 - [MESSAGE][PASSED] - Delayed 3 second(s)

2019-01-03 22:35:18 - [TEST_STEP][PASSED] - callTestCase: Call Test Case 'Test Cases/Final Aug 2018 - PKS Automation/Create Employer Acc/Template/Employer Email Getter' successfully

2019-01-03 22:35:18 - [TEST_CASE][PASSED] - Test Cases/Final Aug 2018 - PKS Automation/Create Employer Acc/Template/Employer Email Getter: Test Cases/Final Aug 2018 - PKS Automation/Create Employer Acc/Template/Employer Email Getter

2019-01-03 22:35:18 - [TEST_STEP][PASSED] - Statement - Try: null

2019-01-03 22:35:18 - [TEST_STEP][PASSED] - Statement - EmpEmail = new java.io.File(C://Users//Admin//Desktop//PKS//Automation Reference Point//EmpEmail.txt): null

2019-01-03 22:35:18 - [TEST_STEP][PASSED] - Statement - bufferread = new java.io.BufferedReader(new java.io.FileReader(EmpEmail)): null

2019-01-03 22:35:18 - [TEST_STEP][PASSED] - Statement - readedVal = bufferread.readLine(): null

2019-01-03 22:35:18 - [TEST_STEP][PASSED] - Statement - out.println(readedVal): null

2019-01-03 22:35:18 - [TEST_STEP][PASSED] - Statement - Email = readedVal: null

2019-01-03 22:35:18 - [MESSAGE][PASSED] - Call Test Case 'Test Cases/Final Aug 2018 - PKS Automation/Create Employer Acc/Template/Employer Email Getter' successfully

2019-01-03 22:35:18 - [TEST_STEP][PASSED] - setText: Text 'perkeso682795300325@gmail.com' is set on object 'Object Repository/Final Object Repo/Login Page/External Login Page/Email'

2019-01-03 22:35:18 - [MESSAGE][PASSED] - Text 'perkeso682795300325@gmail.com' is set on object 'Object Repository/Final Object Repo/Login Page/External Login Page/Email'

2019-01-03 22:35:18 - [TEST_STEP][PASSED] - click: Object: 'Object Repository/Final Object Repo/Login Page/External Login Page/Next' is clicked on

2019-01-03 22:35:19 - [MESSAGE][PASSED] - Object: 'Object Repository/Final Object Repo/Login Page/External Login Page/Next' is clicked on

2019-01-03 22:35:19 - [TEST_STEP][PASSED] - delay: Delayed 3 second(s)

2019-01-03 22:35:22 - [MESSAGE][PASSED] - Delayed 3 second(s)

2019-01-03 22:35:22 - [TEST_STEP][PASSED] - setEncryptedText: Text ****** has been set on object 'Object Repository/Final Object Repo/Login Page/External Login Page/Password'

2019-01-03 22:35:22 - [MESSAGE][PASSED] - Text ****** has been set on object 'Object Repository/Final Object Repo/Login Page/External Login Page/Password'

2019-01-03 22:35:22 - [TEST_STEP][PASSED] - click: Object: 'Object Repository/Final Object Repo/Login Page/External Login Page/Login' is clicked on

2019-01-03 22:35:22 - [MESSAGE][PASSED] - Object: 'Object Repository/Final Object Repo/Login Page/External Login Page/Login' is clicked on

2019-01-03 22:35:22 - [TEST_STEP][PASSED] - delay: Delayed 5 second(s)

2019-01-03 22:35:27 - [MESSAGE][PASSED] - Delayed 5 second(s)

2019-01-03 22:35:27 - [MESSAGE][PASSED] - Call Test Case 'Test Cases/Final Aug 2018 - PKS Automation/Create Employer Acc/Login to Employer Account (Second time)' successfully

2019-01-03 22:35:27 - [TEST_STEP][PASSED] - Statement - tester = com.kms.katalon.core.testobject.ObjectRepository.findTestObject(Final Object Repo/Landing Page/Select to English): Finding Test Object with id 'Object Repository/Final Object Repo/Landing Page/Select to English'

2019-01-03 22:35:27 - [TEST_STEP][PASSED] - Statement - Try: Delayed 2 second(s)

2019-01-03 22:35:27 - [TEST_STEP][PASSED] - Statement - Checker = com.kms.katalon.core.webui.keyword.WebUiBuiltInKeywords.verifyElementNotPresent(tester, 3): Web element with id: 'Object Repository/Final Object Repo/Landing Page/Select to English' located by 'By.xpath: //a[@class = 'taglib-language-list-text' and @lang = 'en-US' and (contains(text(), 'EN') or contains(., 'EN'))]' is not present after '3' second(s)

2019-01-03 22:35:27 - [MESSAGE][PASSED] - Web element with id: 'Object Repository/Final Object Repo/Landing Page/Select to English' located by 'By.xpath: //a[@class = 'taglib-language-list-text' and @lang = 'en-US' and (contains(text(), 'EN') or contains(., 'EN'))]' is not present after '3' second(s)

2019-01-03 22:35:27 - [TEST_STEP][PASSED] - Statement - If (Checker == false): null

2019-01-03 22:35:27 - [TEST_STEP][PASSED] - delay: Delayed 2 second(s)

2019-01-03 22:35:29 - [MESSAGE][PASSED] - Delayed 2 second(s)

2019-01-03 22:35:29 - [TEST_STEP][PASSED] - delay: Delayed 5 second(s)

2019-01-03 22:35:34 - [MESSAGE][PASSED] - Delayed 5 second(s)

2019-01-03 22:35:34 - [TEST_STEP][PASSED] - navigateToUrl: Navigate to 'https://assist2-uat.perkeso.gov.my/web/registration/update/update-employer-information' successfully

2019-01-03 22:35:35 - [MESSAGE][PASSED] - Navigate to 'https://assist2-uat.perkeso.gov.my/web/registration/update/update-employer-information' successfully

2019-01-03 22:35:35 - [TEST_STEP][PASSED] - click: Object: 'Object Repository/Final Object Repo/Page_Update Employer Information/Edit Button' is clicked on

2019-01-03 22:35:38 - [MESSAGE][PASSED] - Object: 'Object Repository/Final Object Repo/Page_Update Employer Information/Edit Button' is clicked on

2019-01-03 22:35:38 - [TEST_STEP][PASSED] - click: Object: 'Object Repository/Final Object Repo/Page_Update Employer Information/Business Entity' is clicked on

2019-01-03 22:35:38 - [MESSAGE][PASSED] - Object: 'Object Repository/Final Object Repo/Page_Update Employer Information/Business Entity' is clicked on

2019-01-03 22:35:38 - [TEST_STEP][PASSED] - Statement - CurrentBusinessEntity = "": null

2019-01-03 22:35:38 - [TEST_STEP][PASSED] - Statement - CurrentBusinessEntity = com.kms.katalon.core.webui.keyword.WebUiBuiltInKeywords.getText(com.kms.katalon.core.testobject.ObjectRepository.findTestObject(Final Object Repo/Page_Update Employer Information/Current Business Entity)): Text of object 'Object Repository/Final Object Repo/Page_Update Employer Information/Current Business Entity' is: 'Sole Proprietor / Individual Business'

2019-01-03 22:35:38 - [MESSAGE][PASSED] - Text of object 'Object Repository/Final Object Repo/Page_Update Employer Information/Current Business Entity' is: 'Sole Proprietor / Individual Business'

2019-01-03 22:35:38 - [TEST_STEP][PASSED] - Statement - out.println(CurrentBusinessEntity): null

2019-01-03 22:35:38 - [TEST_STEP][PASSED] - Statement - If (CurrentBusinessEntity == "Corporation"): null

2019-01-03 22:35:38 - [TEST_STEP][PASSED] - Statement - Else If (CurrentBusinessEntity == "Partnership"): null

2019-01-03 22:35:38 - [TEST_STEP][PASSED] - Statement - Else If (CurrentBusinessEntity == "Sole Proprietor / Individual Business"): Delayed 3 second(s)

2019-01-03 22:35:38 - [TEST_STEP][PASSED] - Statement - obj = com.kms.katalon.core.webui.keyword.WebUiBuiltInKeywords.modifyObjectProperty(com.kms.katalon.core.testobject.ObjectRepository.findTestObject(Final Object Repo/Page_Update Employer Information/change to this Business Entity), "xpath", "equals", "//ul/li/span[contains(text(),"Others")]", true, STOP_ON_FAILURE): Modify property of object successfully

2019-01-03 22:35:38 - [MESSAGE][PASSED] - Modify property of object successfully

2019-01-03 22:35:38 - [TEST_STEP][PASSED] - click: Object: 'Object Repository/Final Object Repo/Page_Update Employer Information/change to this Business Entity' is clicked on

2019-01-03 22:35:38 - [MESSAGE][PASSED] - Object: 'Object Repository/Final Object Repo/Page_Update Employer Information/change to this Business Entity' is clicked on

2019-01-03 22:35:38 - [TEST_STEP][PASSED] - delay: Delayed 1 second(s)

2019-01-03 22:35:39 - [MESSAGE][PASSED] - Delayed 1 second(s)

2019-01-03 22:35:39 - [TEST_STEP][PASSED] - click: Object: 'Object Repository/Final Object Repo/Page_Update Employer Information/Sub Business Entity' is clicked on

2019-01-03 22:35:39 - [MESSAGE][PASSED] - Object: 'Object Repository/Final Object Repo/Page_Update Employer Information/Sub Business Entity' is clicked on

2019-01-03 22:35:39 - [TEST_STEP][PASSED] - click: Object: 'Object Repository/Final Object Repo/Page_Update Employer Information/Sub Business Entity List - Others - Federal Government Agency' is clicked on

2019-01-03 22:35:39 - [MESSAGE][PASSED] - Object: 'Object Repository/Final Object Repo/Page_Update Employer Information/Sub Business Entity List - Others - Federal Government Agency' is clicked on

2019-01-03 22:35:39 - [TEST_STEP][PASSED] - delay: Delayed 1 second(s)

2019-01-03 22:35:40 - [MESSAGE][PASSED] - Delayed 1 second(s)

2019-01-03 22:35:40 - [TEST_STEP][PASSED] - click: Object: 'Object Repository/Final Object Repo/Page_Update Employer Information/Sub Business Entity List' is clicked on

2019-01-03 22:35:41 - [MESSAGE][PASSED] - Object: 'Object Repository/Final Object Repo/Page_Update Employer Information/Sub Business Entity List' is clicked on

2019-01-03 22:35:41 - [TEST_STEP][PASSED] - click: Object: 'Object Repository/Final Object Repo/Page_Update Employer Information/Sub Business Entity - Others - Federal Government Agency - Kementerian' is clicked on

2019-01-03 22:35:41 - [MESSAGE][PASSED] - Object: 'Object Repository/Final Object Repo/Page_Update Employer Information/Sub Business Entity - Others - Federal Government Agency - Kementerian' is clicked on

2019-01-03 22:35:41 - [TEST_STEP][PASSED] - delay: Delayed 3 second(s)

2019-01-03 22:35:44 - [MESSAGE][PASSED] - Delayed 3 second(s)

2019-01-03 22:35:44 - [TEST_STEP][PASSED] - delay: Delayed 4 second(s)

2019-01-03 22:35:48 - [MESSAGE][PASSED] - Delayed 4 second(s)

2019-01-03 22:35:48 - [TEST_STEP][PASSED] - click: Object: 'Object Repository/Final Object Repo/Page_Update Employer Information/Save  Continue' is clicked on

2019-01-03 22:35:48 - [MESSAGE][PASSED] - Object: 'Object Repository/Final Object Repo/Page_Update Employer Information/Save  Continue' is clicked on

2019-01-03 22:35:48 - [TEST_STEP][PASSED] - delay: Delayed 4 second(s)

2019-01-03 22:35:52 - [MESSAGE][PASSED] - Delayed 4 second(s)

2019-01-03 22:35:52 - [TEST_STEP][PASSED] - click: Object: 'Object Repository/Final Object Repo/Page_Update Employer Information/Save  Continue (1)' is clicked on

2019-01-03 22:35:52 - [MESSAGE][PASSED] - Object: 'Object Repository/Final Object Repo/Page_Update Employer Information/Save  Continue (1)' is clicked on

2019-01-03 22:35:52 - [TEST_STEP][PASSED] - delay: Delayed 4 second(s)

2019-01-03 22:35:56 - [MESSAGE][PASSED] - Delayed 4 second(s)

2019-01-03 22:35:56 - [TEST_STEP][PASSED] - Statement - CaseReferenceNo = com.kms.katalon.core.webui.keyword.WebUiBuiltInKeywords.getText(com.kms.katalon.core.testobject.ObjectRepository.findTestObject(Final Object Repo/Page_Update Employer Information/Reference Number in Update Employee Information Page)): Text of object 'Object Repository/Final Object Repo/Page_Update Employer Information/Reference Number in Update Employee Information Page' is: 'CUN012019C100006180'

2019-01-03 22:35:57 - [MESSAGE][PASSED] - Text of object 'Object Repository/Final Object Repo/Page_Update Employer Information/Reference Number in Update Employee Information Page' is: 'CUN012019C100006180'

2019-01-03 22:35:57 - [TEST_STEP][PASSED] - callTestCase: Call Test Case 'Test Cases/Final Aug 2018 - PKS Automation/Common/Reference Number Setter' successfully

2019-01-03 22:35:57 - [TEST_CASE][PASSED] - Test Cases/Final Aug 2018 - PKS Automation/Common/Reference Number Setter: Test Cases/Final Aug 2018 - PKS Automation/Common/Reference Number Setter

2019-01-03 22:35:57 - [TEST_STEP][PASSED] - Statement - RefNoOldFile = new java.io.File(C://Users//Admin//Desktop//PKS//Automation Reference Point//KatalonReference.txt): null

2019-01-03 22:35:57 - [TEST_STEP][PASSED] - Statement - RefNoOldFile.delete(): null

2019-01-03 22:35:57 - [TEST_STEP][PASSED] - delay: Delayed 5 second(s)

2019-01-03 22:36:02 - [MESSAGE][PASSED] - Delayed 5 second(s)

2019-01-03 22:36:02 - [TEST_STEP][PASSED] - Statement - RefNo = new java.io.File(C://Users//Admin//Desktop//PKS//Automation Reference Point//KatalonReference.txt): null

2019-01-03 22:36:02 - [TEST_STEP][PASSED] - Statement - f2 = new java.io.FileWriter(RefNo, false): null

2019-01-03 22:36:02 - [TEST_STEP][PASSED] - Statement - f2.write(CaseReferenceNo): null

2019-01-03 22:36:02 - [TEST_STEP][PASSED] - Statement - f2.close(): null

2019-01-03 22:36:02 - [TEST_STEP][PASSED] - Statement - out.println("


" + CaseReferenceNo + "


"): null

2019-01-03 22:36:02 - [MESSAGE][PASSED] - Call Test Case 'Test Cases/Final Aug 2018 - PKS Automation/Common/Reference Number Setter' successfully

2019-01-03 22:36:02 - [TEST_STEP][PASSED] - delay: Delayed 4 second(s)

2019-01-03 22:36:06 - [MESSAGE][PASSED] - Delayed 4 second(s)

2019-01-03 22:36:06 - [TEST_STEP][PASSED] - click: Object: 'Object Repository/Final Object Repo/Page_Update Employer Information/Submit - Copy' is clicked on

2019-01-03 22:36:06 - [MESSAGE][PASSED] - Object: 'Object Repository/Final Object Repo/Page_Update Employer Information/Submit - Copy' is clicked on

2019-01-03 22:36:06 - [TEST_STEP][PASSED] - delay: Delayed 2 second(s)

2019-01-03 22:36:08 - [MESSAGE][PASSED] - Delayed 2 second(s)

2019-01-03 22:36:08 - [TEST_STEP][PASSED] - click: Object: 'Object Repository/Final Object Repo/Page_Update Employer Information/Confirm' is clicked on

2019-01-03 22:36:08 - [MESSAGE][PASSED] - Object: 'Object Repository/Final Object Repo/Page_Update Employer Information/Confirm' is clicked on

2019-01-03 22:36:08 - [TEST_STEP][PASSED] - delay: Delayed 2 second(s)

2019-01-03 22:36:10 - [MESSAGE][PASSED] - Delayed 2 second(s)

2019-01-03 22:36:10 - [TEST_STEP][PASSED] - click: Object: 'Object Repository/Final Object Repo/Page_Update Employer Information/Message Your Request will be route' is clicked on

2019-01-03 22:36:14 - [MESSAGE][PASSED] - Object: 'Object Repository/Final Object Repo/Page_Update Employer Information/Message Your Request will be route' is clicked on

2019-01-03 22:36:14 - [MESSAGE][PASSED] - Call Test Case 'Test Cases/Final Aug 2018 - PKS Automation/Registration Module/Workflow/Update Employer Information/Template/Update Employer Information - Special Case (Employer)' successfully

2019-01-03 22:36:14 - [TEST_STEP][PASSED] - callTestCase: Call Test Case 'Test Cases/Final Aug 2018 - PKS Automation/Registration Module/Workflow/Update Employer Information/Template/Update Employer Information - Special Case - UO (Reject)' successfully

2019-01-03 22:36:14 - [TEST_CASE][PASSED] - Test Cases/Final Aug 2018 - PKS Automation/Registration Module/Workflow/Update Employer Information/Template/Update Employer Information - Special Case - UO (Reject): Test Cases/Final Aug 2018 - PKS Automation/Registration Module/Workflow/Update Employer Information/Template/Update Employer Information - Special Case - UO (Reject)

2019-01-03 22:36:14 - [TEST_STEP][NOT_RUN] - callTestCase: NOT_RUN: callTestCase

2019-01-03 22:36:14 - [MESSAGE][NOT_RUN] - NOT_RUN: callTestCase

2019-01-03 22:36:14 - [TEST_STEP][PASSED] - delay: Delayed 1 second(s)

2019-01-03 22:36:15 - [MESSAGE][PASSED] - Delayed 1 second(s)

2019-01-03 22:36:15 - [TEST_STEP][PASSED] - navigateToUrl: Navigate to 'https://assist2-uat.perkeso.gov.my/c/portal/logout' successfully

2019-01-03 22:36:16 - [MESSAGE][PASSED] - Navigate to 'https://assist2-uat.perkeso.gov.my/c/portal/logout' successfully

2019-01-03 22:36:16 - [TEST_STEP][PASSED] - delay: Delayed 1 second(s)

2019-01-03 22:36:17 - [MESSAGE][PASSED] - Delayed 1 second(s)

2019-01-03 22:36:17 - [TEST_STEP][PASSED] - callTestCase: Call Test Case 'Test Cases/Final Aug 2018 - PKS Automation/Common/Reference Number Getter' successfully

2019-01-03 22:36:17 - [TEST_CASE][PASSED] - Test Cases/Final Aug 2018 - PKS Automation/Common/Reference Number Getter: Test Cases/Final Aug 2018 - PKS Automation/Common/Reference Number Getter

2019-01-03 22:36:17 - [TEST_STEP][PASSED] - Statement - Try: null

2019-01-03 22:36:17 - [TEST_STEP][PASSED] - Statement - RefNo = new java.io.File(C://Users//Admin//Desktop//PKS//Automation Reference Point//KatalonReference.txt): null

2019-01-03 22:36:17 - [TEST_STEP][PASSED] - Statement - bufferread = new java.io.BufferedReader(new java.io.FileReader(RefNo)): null

2019-01-03 22:36:17 - [TEST_STEP][PASSED] - Statement - readedVal = bufferread.readLine(): null

2019-01-03 22:36:17 - [TEST_STEP][PASSED] - Statement - out.println(CaseReferenceNo): null

2019-01-03 22:36:17 - [TEST_STEP][PASSED] - Statement - out.println(readedVal): null

2019-01-03 22:36:17 - [TEST_STEP][PASSED] - Statement - CaseReferenceNo = "": null

2019-01-03 22:36:17 - [TEST_STEP][PASSED] - Statement - CaseReferenceNo = readedVal: null

2019-01-03 22:36:17 - [MESSAGE][PASSED] - Call Test Case 'Test Cases/Final Aug 2018 - PKS Automation/Common/Reference Number Getter' successfully

2019-01-03 22:36:17 - [TEST_STEP][PASSED] - callTestCase: Call Test Case 'Test Cases/Final Aug 2018 - PKS Automation/Common/Workflow Owner Finder' successfully

2019-01-03 22:36:17 - [TEST_CASE][PASSED] - Test Cases/Final Aug 2018 - PKS Automation/Common/Workflow Owner Finder: Test Cases/Final Aug 2018 - PKS Automation/Common/Workflow Owner Finder

2019-01-03 22:36:17 - [TEST_STEP][PASSED] - openBrowser: Browser is opened with url: ''

2019-01-03 22:36:17 - [MESSAGE][WARNING] - A browser is already opened. Closing browser and opening a new one

2019-01-03 22:36:21 - [MESSAGE][PASSED] - Browser is opened with url: ''

2019-01-03 22:36:21 - [TEST_STEP][PASSED] - navigateToUrl: Navigate to 'https://assist2-uat.perkeso.gov.my/login' successfully

2019-01-03 22:36:22 - [MESSAGE][PASSED] - Navigate to 'https://assist2-uat.perkeso.gov.my/login' successfully

2019-01-03 22:36:22 - [TEST_STEP][PASSED] - delay: Delayed 5 second(s)

2019-01-03 22:36:27 - [MESSAGE][PASSED] - Delayed 5 second(s)

2019-01-03 22:36:27 - [TEST_STEP][PASSED] - setText: Text 'test@liferay.com' is set on object 'Object Repository/Final Object Repo/Login Page/Internal User/Email Address'

2019-01-03 22:36:28 - [MESSAGE][PASSED] - Text 'test@liferay.com' is set on object 'Object Repository/Final Object Repo/Login Page/Internal User/Email Address'

2019-01-03 22:36:28 - [TEST_STEP][PASSED] - click: Object: 'Object Repository/Final Object Repo/Login Page/Internal User/Next Button' is clicked on

2019-01-03 22:36:28 - [MESSAGE][PASSED] - Object: 'Object Repository/Final Object Repo/Login Page/Internal User/Next Button' is clicked on

2019-01-03 22:36:28 - [TEST_STEP][PASSED] - delay: Delayed 2 second(s)

2019-01-03 22:36:30 - [MESSAGE][PASSED] - Delayed 2 second(s)

2019-01-03 22:36:30 - [TEST_STEP][PASSED] - setText: Text 'test' is set on object 'Object Repository/Final Object Repo/Login Page/Internal User/Password'

2019-01-03 22:36:30 - [MESSAGE][PASSED] - Text 'test' is set on object 'Object Repository/Final Object Repo/Login Page/Internal User/Password'

2019-01-03 22:36:30 - [TEST_STEP][PASSED] - delay: Delayed 2 second(s)

2019-01-03 22:36:32 - [MESSAGE][PASSED] - Delayed 2 second(s)

2019-01-03 22:36:32 - [TEST_STEP][PASSED] - click: Object: 'Object Repository/Final Object Repo/Login Page/Internal User/Login Button' is clicked on

2019-01-03 22:36:32 - [MESSAGE][PASSED] - Object: 'Object Repository/Final Object Repo/Login Page/Internal User/Login Button' is clicked on

2019-01-03 22:36:32 - [TEST_STEP][PASSED] - Statement - tester = com.kms.katalon.core.testobject.ObjectRepository.findTestObject(Final Object Repo/Landing Page/Select to English): Finding Test Object with id 'Object Repository/Final Object Repo/Landing Page/Select to English'

2019-01-03 22:36:32 - [TEST_STEP][PASSED] - Statement - Try: Delayed 2 second(s)

2019-01-03 22:36:32 - [TEST_STEP][PASSED] - Statement - Checker = com.kms.katalon.core.webui.keyword.WebUiBuiltInKeywords.verifyElementNotPresent(tester, 3): Web element with id: 'Object Repository/Final Object Repo/Landing Page/Select to English' located by 'By.xpath: //a[@class = 'taglib-language-list-text' and @lang = 'en-US' and (contains(text(), 'EN') or contains(., 'EN'))]' is not present after '3' second(s)

2019-01-03 22:36:34 - [MESSAGE][PASSED] - Web element with id: 'Object Repository/Final Object Repo/Landing Page/Select to English' located by 'By.xpath: //a[@class = 'taglib-language-list-text' and @lang = 'en-US' and (contains(text(), 'EN') or contains(., 'EN'))]' is not present after '3' second(s)

2019-01-03 22:36:34 - [TEST_STEP][PASSED] - Statement - If (Checker == false): null

2019-01-03 22:36:34 - [TEST_STEP][PASSED] - delay: Delayed 2 second(s)

2019-01-03 22:36:36 - [MESSAGE][PASSED] - Delayed 2 second(s)

2019-01-03 22:36:36 - [TEST_STEP][PASSED] - delay: Delayed 5 second(s)

2019-01-03 22:36:41 - [MESSAGE][PASSED] - Delayed 5 second(s)

2019-01-03 22:36:41 - [TEST_STEP][PASSED] - mouseOver: Object: 'Object Repository/Final Object Repo/Landing Page/WorkFlow Menu' is hovered

2019-01-03 22:36:41 - [MESSAGE][PASSED] - Object: 'Object Repository/Final Object Repo/Landing Page/WorkFlow Menu' is hovered

2019-01-03 22:36:41 - [TEST_STEP][PASSED] - delay: Delayed 2 second(s)

2019-01-03 22:36:43 - [MESSAGE][PASSED] - Delayed 2 second(s)

2019-01-03 22:36:43 - [TEST_STEP][PASSED] - click: Object: 'Object Repository/Final Object Repo/Landing Page/Select to Workflow Listing' is clicked on

2019-01-03 22:36:44 - [MESSAGE][PASSED] - Object: 'Object Repository/Final Object Repo/Landing Page/Select to Workflow Listing' is clicked on

2019-01-03 22:36:44 - [TEST_STEP][PASSED] - delay: Delayed 2 second(s)

2019-01-03 22:36:46 - [MESSAGE][PASSED] - Delayed 2 second(s)

2019-01-03 22:36:46 - [TEST_STEP][PASSED] - click: Object: 'Object Repository/Final Object Repo/WorkFlow Listing Page/Search Information - To Put Ref No' is clicked on

2019-01-03 22:36:47 - [MESSAGE][PASSED] - Object: 'Object Repository/Final Object Repo/WorkFlow Listing Page/Search Information - To Put Ref No' is clicked on

2019-01-03 22:36:47 - [TEST_STEP][PASSED] - delay: Delayed 2 second(s)

2019-01-03 22:36:49 - [MESSAGE][PASSED] - Delayed 2 second(s)

2019-01-03 22:36:49 - [TEST_STEP][PASSED] - callTestCase: Call Test Case 'Test Cases/Final Aug 2018 - PKS Automation/Common/Reference Number Getter' successfully

2019-01-03 22:36:49 - [TEST_CASE][PASSED] - Test Cases/Final Aug 2018 - PKS Automation/Common/Reference Number Getter: Test Cases/Final Aug 2018 - PKS Automation/Common/Reference Number Getter

2019-01-03 22:36:49 - [TEST_STEP][PASSED] - Statement - Try: null

2019-01-03 22:36:49 - [TEST_STEP][PASSED] - Statement - RefNo = new java.io.File(C://Users//Admin//Desktop//PKS//Automation Reference Point//KatalonReference.txt): null

2019-01-03 22:36:49 - [TEST_STEP][PASSED] - Statement - bufferread = new java.io.BufferedReader(new java.io.FileReader(RefNo)): null

2019-01-03 22:36:49 - [TEST_STEP][PASSED] - Statement - readedVal = bufferread.readLine(): null

2019-01-03 22:36:49 - [TEST_STEP][PASSED] - Statement - out.println(CaseReferenceNo): null

2019-01-03 22:36:49 - [TEST_STEP][PASSED] - Statement - out.println(readedVal): null

2019-01-03 22:36:49 - [TEST_STEP][PASSED] - Statement - CaseReferenceNo = "": null

2019-01-03 22:36:49 - [TEST_STEP][PASSED] - Statement - CaseReferenceNo = readedVal: null

2019-01-03 22:36:49 - [MESSAGE][PASSED] - Call Test Case 'Test Cases/Final Aug 2018 - PKS Automation/Common/Reference Number Getter' successfully

2019-01-03 22:36:49 - [TEST_STEP][PASSED] - setText: Text 'CUN012019C100006180' is set on object 'Object Repository/Final Object Repo/WorkFlow Listing Page/Ref No Set Text'

2019-01-03 22:36:49 - [MESSAGE][PASSED] - Text 'CUN012019C100006180' is set on object 'Object Repository/Final Object Repo/WorkFlow Listing Page/Ref No Set Text'

2019-01-03 22:36:49 - [TEST_STEP][PASSED] - delay: Delayed 2 second(s)

2019-01-03 22:36:51 - [MESSAGE][PASSED] - Delayed 2 second(s)

2019-01-03 22:36:51 - [TEST_STEP][PASSED] - click: Object: 'Object Repository/Final Object Repo/WorkFlow Listing Page/Search Ref No Search Button' is clicked on

2019-01-03 22:36:51 - [MESSAGE][PASSED] - Object: 'Object Repository/Final Object Repo/WorkFlow Listing Page/Search Ref No Search Button' is clicked on

2019-01-03 22:36:51 - [TEST_STEP][PASSED] - delay: Delayed 6 second(s)

2019-01-03 22:36:57 - [MESSAGE][PASSED] - Delayed 6 second(s)

2019-01-03 22:36:57 - [TEST_STEP][PASSED] - click: Object: 'Object Repository/Final Object Repo/WorkFlow Listing Page/Click Continue Tooltip' is clicked on

2019-01-03 22:36:58 - [MESSAGE][PASSED] - Object: 'Object Repository/Final Object Repo/WorkFlow Listing Page/Click Continue Tooltip' is clicked on

2019-01-03 22:36:58 - [TEST_STEP][PASSED] - delay: Delayed 5 second(s)

2019-01-03 22:37:03 - [MESSAGE][PASSED] - Delayed 5 second(s)

2019-01-03 22:37:03 - [TEST_STEP][PASSED] - doubleClick: Object: 'Object Repository/Final Object Repo/WorkFlow Listing Page/Workflow Found - Listing 1' is double clicked on

2019-01-03 22:37:03 - [MESSAGE][PASSED] - Object: 'Object Repository/Final Object Repo/WorkFlow Listing Page/Workflow Found - Listing 1' is double clicked on

2019-01-03 22:37:03 - [TEST_STEP][PASSED] - Statement - println(OwnerID): null

2019-01-03 22:37:03 - [TEST_STEP][PASSED] - Statement - OwnerID = com.kms.katalon.core.webui.keyword.WebUiBuiltInKeywords.getText(com.kms.katalon.core.testobject.ObjectRepository.findTestObject(Final Object Repo/WorkFlow Listing Page/Workflow Found - Listing 1), STOP_ON_FAILURE): Text of object 'Object Repository/Final Object Repo/WorkFlow Listing Page/Workflow Found - Listing 1' is: 'JOHORuo3'

2019-01-03 22:37:03 - [MESSAGE][PASSED] - Text of object 'Object Repository/Final Object Repo/WorkFlow Listing Page/Workflow Found - Listing 1' is: 'JOHORuo3'

2019-01-03 22:37:03 - [TEST_STEP][PASSED] - Statement - OwnerID = OwnerID.toLowerCase() + "@gmail.com": null

2019-01-03 22:37:03 - [TEST_STEP][PASSED] - Statement - println(OwnerID): null

2019-01-03 22:37:03 - [TEST_STEP][PASSED] - delay: Delayed 2 second(s)

2019-01-03 22:37:05 - [MESSAGE][PASSED] - Delayed 2 second(s)

2019-01-03 22:37:05 - [MESSAGE][PASSED] - Call Test Case 'Test Cases/Final Aug 2018 - PKS Automation/Common/Workflow Owner Finder' successfully

2019-01-03 22:37:05 - [TEST_STEP][PASSED] - delay: Delayed 1 second(s)

2019-01-03 22:37:06 - [MESSAGE][PASSED] - Delayed 1 second(s)

2019-01-03 22:37:06 - [TEST_STEP][PASSED] - navigateToUrl: Navigate to 'https://assist2-uat.perkeso.gov.my/c/portal/logout' successfully

2019-01-03 22:37:07 - [MESSAGE][PASSED] - Navigate to 'https://assist2-uat.perkeso.gov.my/c/portal/logout' successfully

2019-01-03 22:37:07 - [TEST_STEP][PASSED] - delay: Delayed 1 second(s)

2019-01-03 22:37:08 - [MESSAGE][PASSED] - Delayed 1 second(s)

2019-01-03 22:37:08 - [TEST_STEP][PASSED] - callTestCase: Call Test Case 'Test Cases/Final Aug 2018 - PKS Automation/Registration Module/Workflow/Login and Search Case For Workflow' successfully

2019-01-03 22:37:08 - [TEST_CASE][PASSED] - Test Cases/Final Aug 2018 - PKS Automation/Registration Module/Workflow/Login and Search Case For Workflow: Test Cases/Final Aug 2018 - PKS Automation/Registration Module/Workflow/Login and Search Case For Workflow

2019-01-03 22:37:08 - [TEST_STEP][PASSED] - navigateToUrl: Navigate to 'https://assist2-uat.perkeso.gov.my/login' successfully

2019-01-03 22:37:08 - [MESSAGE][PASSED] - Navigate to 'https://assist2-uat.perkeso.gov.my/login' successfully

2019-01-03 22:37:08 - [TEST_STEP][PASSED] - setText: Text 'johoruo3@gmail.com' is set on object 'Object Repository/Final Object Repo/Login Page/Internal User/Email Address'

2019-01-03 22:37:09 - [MESSAGE][PASSED] - Text 'johoruo3@gmail.com' is set on object 'Object Repository/Final Object Repo/Login Page/Internal User/Email Address'

2019-01-03 22:37:09 - [TEST_STEP][PASSED] - click: Object: 'Object Repository/Final Object Repo/Login Page/Internal User/Next Button' is clicked on

2019-01-03 22:37:09 - [MESSAGE][PASSED] - Object: 'Object Repository/Final Object Repo/Login Page/Internal User/Next Button' is clicked on

2019-01-03 22:37:09 - [TEST_STEP][PASSED] - delay: Delayed 1 second(s)

2019-01-03 22:37:10 - [MESSAGE][PASSED] - Delayed 1 second(s)

2019-01-03 22:37:10 - [TEST_STEP][PASSED] - setEncryptedText: Text ****** has been set on object 'Object Repository/Final Object Repo/Login Page/Internal User/Password'

2019-01-03 22:37:10 - [MESSAGE][PASSED] - Text ****** has been set on object 'Object Repository/Final Object Repo/Login Page/Internal User/Password'

2019-01-03 22:37:10 - [TEST_STEP][PASSED] - click: Object: 'Object Repository/Final Object Repo/Login Page/Internal User/Login Button' is clicked on

2019-01-03 22:37:10 - [MESSAGE][PASSED] - Object: 'Object Repository/Final Object Repo/Login Page/Internal User/Login Button' is clicked on

2019-01-03 22:37:10 - [TEST_STEP][PASSED] - delay: Delayed 2 second(s)

2019-01-03 22:37:12 - [MESSAGE][PASSED] - Delayed 2 second(s)

2019-01-03 22:37:12 - [TEST_STEP][PASSED] - Statement - Try: Delayed 2 second(s)

2019-01-03 22:37:12 - [TEST_STEP][PASSED] - Statement - Checker = false: null

2019-01-03 22:37:12 - [TEST_STEP][PASSED] - Statement - Checker = com.kms.katalon.core.webui.keyword.WebUiBuiltInKeywords.verifyElementHasAttribute(com.kms.katalon.core.testobject.ObjectRepository.findTestObject(Final Object Repo/Landing Page/BM Detecting), "href", 20, OPTIONAL): Object 'Object Repository/Final Object Repo/Landing Page/BM Detecting' has attribute 'href'

2019-01-03 22:37:12 - [MESSAGE][PASSED] - Object 'Object Repository/Final Object Repo/Landing Page/BM Detecting' has attribute 'href'

2019-01-03 22:37:12 - [TEST_STEP][PASSED] - Statement - out.println(Checker): null

2019-01-03 22:37:12 - [TEST_STEP][PASSED] - Statement - If (Checker == false): null

2019-01-03 22:37:12 - [TEST_STEP][PASSED] - Statement - Else: null

2019-01-03 22:37:12 - [TEST_STEP][PASSED] - delay: Delayed 2 second(s)

2019-01-03 22:37:14 - [MESSAGE][PASSED] - Delayed 2 second(s)

2019-01-03 22:37:14 - [TEST_STEP][PASSED] - click: Object: 'Object Repository/Final Object Repo/Page_MyASSIST - ASSIST - Search Pending Case For Add Supporting Document/Search Information' is clicked on

2019-01-03 22:37:15 - [MESSAGE][PASSED] - Object: 'Object Repository/Final Object Repo/Page_MyASSIST - ASSIST - Search Pending Case For Add Supporting Document/Search Information' is clicked on

2019-01-03 22:37:15 - [TEST_STEP][PASSED] - delay: Delayed 3 second(s)

2019-01-03 22:37:18 - [MESSAGE][PASSED] - Delayed 3 second(s)

2019-01-03 22:37:18 - [TEST_STEP][PASSED] - sendKeys: Keys 'CUN012019C100006180' sent to object: 'Object Repository/Final Object Repo/Page_MyASSIST - ASSIST - Search Pending Case For Add Supporting Document/Reference No'

2019-01-03 22:37:18 - [MESSAGE][PASSED] - Keys 'CUN012019C100006180' sent to object: 'Object Repository/Final Object Repo/Page_MyASSIST - ASSIST - Search Pending Case For Add Supporting Document/Reference No'

2019-01-03 22:37:18 - [TEST_STEP][PASSED] - click: Object: 'Object Repository/Final Object Repo/Page_MyASSIST - ASSIST - Search Pending Case For Add Supporting Document/Search Reference No' is clicked on

2019-01-03 22:37:18 - [MESSAGE][PASSED] - Object: 'Object Repository/Final Object Repo/Page_MyASSIST - ASSIST - Search Pending Case For Add Supporting Document/Search Reference No' is clicked on

2019-01-03 22:37:18 - [TEST_STEP][PASSED] - delay: Delayed 2 second(s)

2019-01-03 22:37:20 - [MESSAGE][PASSED] - Delayed 2 second(s)

2019-01-03 22:37:20 - [TEST_STEP][PASSED] - click: Object: 'Object Repository/Final Object Repo/Page_MyASSIST - ASSIST - Search Pending Case For Add Supporting Document/Continue' is clicked on

2019-01-03 22:37:24 - [MESSAGE][PASSED] - Object: 'Object Repository/Final Object Repo/Page_MyASSIST - ASSIST - Search Pending Case For Add Supporting Document/Continue' is clicked on

2019-01-03 22:37:24 - [TEST_STEP][PASSED] - delay: Delayed 20 second(s)

2019-01-03 22:37:44 - [MESSAGE][PASSED] - Delayed 20 second(s)

2019-01-03 22:37:44 - [MESSAGE][PASSED] - Call Test Case 'Test Cases/Final Aug 2018 - PKS Automation/Registration Module/Workflow/Login and Search Case For Workflow' successfully

2019-01-03 22:37:44 - [TEST_STEP][PASSED] - delay: Delayed 2 second(s)

2019-01-03 22:37:46 - [MESSAGE][PASSED] - Delayed 2 second(s)

2019-01-03 22:37:46 - [TEST_STEP][PASSED] - click: Object: 'Object Repository/Final Object Repo/Page_Update Employer Information/Page_Update Employer Information UO (Approve)/Continue' is clicked on

2019-01-03 22:37:49 - [MESSAGE][PASSED] - Object: 'Object Repository/Final Object Repo/Page_Update Employer Information/Page_Update Employer Information UO (Approve)/Continue' is clicked on

2019-01-03 22:37:49 - [TEST_STEP][PASSED] - delay: Delayed 2 second(s)

2019-01-03 22:37:51 - [MESSAGE][PASSED] - Delayed 2 second(s)

2019-01-03 22:37:51 - [TEST_STEP][PASSED] - click: Object: 'Object Repository/Final Object Repo/Page_Update Employer Information/Page_Update Employer Information UO (Approve)/Save  Continue in Update Employer Information Page' is clicked on

2019-01-03 22:37:51 - [MESSAGE][PASSED] - Object: 'Object Repository/Final Object Repo/Page_Update Employer Information/Page_Update Employer Information UO (Approve)/Save  Continue in Update Employer Information Page' is clicked on

2019-01-03 22:37:51 - [TEST_STEP][PASSED] - delay: Delayed 2 second(s)

2019-01-03 22:37:53 - [MESSAGE][PASSED] - Delayed 2 second(s)

2019-01-03 22:37:53 - [TEST_STEP][PASSED] - click: Object: 'Object Repository/Final Object Repo/Page_Update Employer Information/Page_Update Employer Information UO (Approve)/Save  Continue in Uploading Supporting Document Page' is clicked on

2019-01-03 22:37:56 - [MESSAGE][PASSED] - Object: 'Object Repository/Final Object Repo/Page_Update Employer Information/Page_Update Employer Information UO (Approve)/Save  Continue in Uploading Supporting Document Page' is clicked on

2019-01-03 22:37:56 - [TEST_STEP][PASSED] - delay: Delayed 2 second(s)

2019-01-03 22:37:58 - [MESSAGE][PASSED] - Delayed 2 second(s)

2019-01-03 22:37:58 - [TEST_STEP][PASSED] - click: Object: 'Object Repository/Final Object Repo/Page_Update Employer Information/Page_Update Employer Information UO (Reject)/Reject' is clicked on

2019-01-03 22:38:00 - [MESSAGE][PASSED] - Object: 'Object Repository/Final Object Repo/Page_Update Employer Information/Page_Update Employer Information UO (Reject)/Reject' is clicked on

2019-01-03 22:38:00 - [TEST_STEP][PASSED] - delay: Delayed 2 second(s)

2019-01-03 22:38:02 - [MESSAGE][PASSED] - Delayed 2 second(s)

2019-01-03 22:38:02 - [TEST_STEP][PASSED] - click: Object: 'Object Repository/Final Object Repo/Page_Update Employer Information/Page_Update Employer Information UO (Reject)/Confirm' is clicked on

2019-01-03 22:38:03 - [MESSAGE][PASSED] - Object: 'Object Repository/Final Object Repo/Page_Update Employer Information/Page_Update Employer Information UO (Reject)/Confirm' is clicked on

2019-01-03 22:38:03 - [TEST_STEP][PASSED] - delay: Delayed 2 second(s)

2019-01-03 22:38:05 - [MESSAGE][PASSED] - Delayed 2 second(s)

2019-01-03 22:38:05 - [TEST_STEP][PASSED] - click: Object: 'Object Repository/Final Object Repo/Page_Update Employer Information/Page_Update Employer Information UO (Reject)/Message This Case has been Rejected' is clicked on

2019-01-03 22:38:06 - [MESSAGE][PASSED] - Object: 'Object Repository/Final Object Repo/Page_Update Employer Information/Page_Update Employer Information UO (Reject)/Message This Case has been Rejected' is clicked on

2019-01-03 22:38:06 - [MESSAGE][PASSED] - Call Test Case 'Test Cases/Final Aug 2018 - PKS Automation/Registration Module/Workflow/Update Employer Information/Template/Update Employer Information - Special Case - UO (Reject)' successfully]]></system-out>
         <system-err><![CDATA[]]></system-err>
      </testcase>
      <testcase name="Test Cases/Final Aug 2018 - PKS Automation/Registration Module/Workflow/Update Employer Information/Employer - UO (Under enforcement)" classname="Test Cases/Final Aug 2018 - PKS Automation/Registration Module/Workflow/Update Employer Information/Employer - UO (Under enforcement)" status="PASSED">
         <system-out><![CDATA[2019-01-03 22:38:06 - [TEST_CASE][PASSED] - Test Cases/Final Aug 2018 - PKS Automation/Registration Module/Workflow/Update Employer Information/Employer - UO (Under enforcement): Test Cases/Final Aug 2018 - PKS Automation/Registration Module/Workflow/Update Employer Information/Employer - UO (Under enforcement)

2019-01-03 22:38:06 - [TEST_STEP][PASSED] - callTestCase: Call Test Case 'Test Cases/Final Aug 2018 - PKS Automation/Registration Module/Workflow/Update Employer Information/Template/Update Employer Information - Special Case (Employer)' successfully

2019-01-03 22:38:06 - [TEST_CASE][PASSED] - Test Cases/Final Aug 2018 - PKS Automation/Registration Module/Workflow/Update Employer Information/Template/Update Employer Information - Special Case (Employer): Test Cases/Final Aug 2018 - PKS Automation/Registration Module/Workflow/Update Employer Information/Template/Update Employer Information - Special Case (Employer)

2019-01-03 22:38:06 - [TEST_STEP][PASSED] - callTestCase: Call Test Case 'Test Cases/Final Aug 2018 - PKS Automation/Create Employer Acc/Login to Employer Account (Second time)' successfully

2019-01-03 22:38:06 - [TEST_CASE][PASSED] - Test Cases/Final Aug 2018 - PKS Automation/Create Employer Acc/Login to Employer Account (Second time): Test Cases/Final Aug 2018 - PKS Automation/Create Employer Acc/Login to Employer Account (Second time)

2019-01-03 22:38:06 - [TEST_STEP][PASSED] - openBrowser: Browser is opened with url: ''

2019-01-03 22:38:06 - [MESSAGE][WARNING] - A browser is already opened. Closing browser and opening a new one

2019-01-03 22:38:10 - [MESSAGE][PASSED] - Browser is opened with url: ''

2019-01-03 22:38:10 - [TEST_STEP][PASSED] - navigateToUrl: Navigate to 'https://assist2-uat.perkeso.gov.my/employer/login' successfully

2019-01-03 22:38:11 - [MESSAGE][PASSED] - Navigate to 'https://assist2-uat.perkeso.gov.my/employer/login' successfully

2019-01-03 22:38:11 - [TEST_STEP][PASSED] - delay: Delayed 3 second(s)

2019-01-03 22:38:14 - [MESSAGE][PASSED] - Delayed 3 second(s)

2019-01-03 22:38:14 - [TEST_STEP][PASSED] - callTestCase: Call Test Case 'Test Cases/Final Aug 2018 - PKS Automation/Create Employer Acc/Template/Employer Email Getter' successfully

2019-01-03 22:38:14 - [TEST_CASE][PASSED] - Test Cases/Final Aug 2018 - PKS Automation/Create Employer Acc/Template/Employer Email Getter: Test Cases/Final Aug 2018 - PKS Automation/Create Employer Acc/Template/Employer Email Getter

2019-01-03 22:38:14 - [TEST_STEP][PASSED] - Statement - Try: null

2019-01-03 22:38:14 - [TEST_STEP][PASSED] - Statement - EmpEmail = new java.io.File(C://Users//Admin//Desktop//PKS//Automation Reference Point//EmpEmail.txt): null

2019-01-03 22:38:14 - [TEST_STEP][PASSED] - Statement - bufferread = new java.io.BufferedReader(new java.io.FileReader(EmpEmail)): null

2019-01-03 22:38:14 - [TEST_STEP][PASSED] - Statement - readedVal = bufferread.readLine(): null

2019-01-03 22:38:14 - [TEST_STEP][PASSED] - Statement - out.println(readedVal): null

2019-01-03 22:38:14 - [TEST_STEP][PASSED] - Statement - Email = readedVal: null

2019-01-03 22:38:14 - [MESSAGE][PASSED] - Call Test Case 'Test Cases/Final Aug 2018 - PKS Automation/Create Employer Acc/Template/Employer Email Getter' successfully

2019-01-03 22:38:14 - [TEST_STEP][PASSED] - setText: Text 'perkeso682795300325@gmail.com' is set on object 'Object Repository/Final Object Repo/Login Page/External Login Page/Email'

2019-01-03 22:38:15 - [MESSAGE][PASSED] - Text 'perkeso682795300325@gmail.com' is set on object 'Object Repository/Final Object Repo/Login Page/External Login Page/Email'

2019-01-03 22:38:15 - [TEST_STEP][PASSED] - click: Object: 'Object Repository/Final Object Repo/Login Page/External Login Page/Next' is clicked on

2019-01-03 22:38:15 - [MESSAGE][PASSED] - Object: 'Object Repository/Final Object Repo/Login Page/External Login Page/Next' is clicked on

2019-01-03 22:38:15 - [TEST_STEP][PASSED] - delay: Delayed 3 second(s)

2019-01-03 22:38:18 - [MESSAGE][PASSED] - Delayed 3 second(s)

2019-01-03 22:38:18 - [TEST_STEP][PASSED] - setEncryptedText: Text ****** has been set on object 'Object Repository/Final Object Repo/Login Page/External Login Page/Password'

2019-01-03 22:38:18 - [MESSAGE][PASSED] - Text ****** has been set on object 'Object Repository/Final Object Repo/Login Page/External Login Page/Password'

2019-01-03 22:38:18 - [TEST_STEP][PASSED] - click: Object: 'Object Repository/Final Object Repo/Login Page/External Login Page/Login' is clicked on

2019-01-03 22:38:18 - [MESSAGE][PASSED] - Object: 'Object Repository/Final Object Repo/Login Page/External Login Page/Login' is clicked on

2019-01-03 22:38:18 - [TEST_STEP][PASSED] - delay: Delayed 5 second(s)

2019-01-03 22:38:23 - [MESSAGE][PASSED] - Delayed 5 second(s)

2019-01-03 22:38:23 - [MESSAGE][PASSED] - Call Test Case 'Test Cases/Final Aug 2018 - PKS Automation/Create Employer Acc/Login to Employer Account (Second time)' successfully

2019-01-03 22:38:23 - [TEST_STEP][PASSED] - Statement - tester = com.kms.katalon.core.testobject.ObjectRepository.findTestObject(Final Object Repo/Landing Page/Select to English): Finding Test Object with id 'Object Repository/Final Object Repo/Landing Page/Select to English'

2019-01-03 22:38:23 - [TEST_STEP][PASSED] - Statement - Try: Delayed 2 second(s)

2019-01-03 22:38:23 - [TEST_STEP][PASSED] - Statement - Checker = com.kms.katalon.core.webui.keyword.WebUiBuiltInKeywords.verifyElementNotPresent(tester, 3): Web element with id: 'Object Repository/Final Object Repo/Landing Page/Select to English' located by 'By.xpath: //a[@class = 'taglib-language-list-text' and @lang = 'en-US' and (contains(text(), 'EN') or contains(., 'EN'))]' is not present after '3' second(s)

2019-01-03 22:38:23 - [MESSAGE][PASSED] - Web element with id: 'Object Repository/Final Object Repo/Landing Page/Select to English' located by 'By.xpath: //a[@class = 'taglib-language-list-text' and @lang = 'en-US' and (contains(text(), 'EN') or contains(., 'EN'))]' is not present after '3' second(s)

2019-01-03 22:38:23 - [TEST_STEP][PASSED] - Statement - If (Checker == false): null

2019-01-03 22:38:23 - [TEST_STEP][PASSED] - delay: Delayed 2 second(s)

2019-01-03 22:38:25 - [MESSAGE][PASSED] - Delayed 2 second(s)

2019-01-03 22:38:25 - [TEST_STEP][PASSED] - delay: Delayed 5 second(s)

2019-01-03 22:38:30 - [MESSAGE][PASSED] - Delayed 5 second(s)

2019-01-03 22:38:30 - [TEST_STEP][PASSED] - navigateToUrl: Navigate to 'https://assist2-uat.perkeso.gov.my/web/registration/update/update-employer-information' successfully

2019-01-03 22:38:31 - [MESSAGE][PASSED] - Navigate to 'https://assist2-uat.perkeso.gov.my/web/registration/update/update-employer-information' successfully

2019-01-03 22:38:31 - [TEST_STEP][PASSED] - click: Object: 'Object Repository/Final Object Repo/Page_Update Employer Information/Edit Button' is clicked on

2019-01-03 22:38:33 - [MESSAGE][PASSED] - Object: 'Object Repository/Final Object Repo/Page_Update Employer Information/Edit Button' is clicked on

2019-01-03 22:38:33 - [TEST_STEP][PASSED] - click: Object: 'Object Repository/Final Object Repo/Page_Update Employer Information/Business Entity' is clicked on

2019-01-03 22:38:33 - [MESSAGE][PASSED] - Object: 'Object Repository/Final Object Repo/Page_Update Employer Information/Business Entity' is clicked on

2019-01-03 22:38:33 - [TEST_STEP][PASSED] - Statement - CurrentBusinessEntity = "": null

2019-01-03 22:38:33 - [TEST_STEP][PASSED] - Statement - CurrentBusinessEntity = com.kms.katalon.core.webui.keyword.WebUiBuiltInKeywords.getText(com.kms.katalon.core.testobject.ObjectRepository.findTestObject(Final Object Repo/Page_Update Employer Information/Current Business Entity)): Text of object 'Object Repository/Final Object Repo/Page_Update Employer Information/Current Business Entity' is: 'Sole Proprietor / Individual Business'

2019-01-03 22:38:33 - [MESSAGE][PASSED] - Text of object 'Object Repository/Final Object Repo/Page_Update Employer Information/Current Business Entity' is: 'Sole Proprietor / Individual Business'

2019-01-03 22:38:33 - [TEST_STEP][PASSED] - Statement - out.println(CurrentBusinessEntity): null

2019-01-03 22:38:33 - [TEST_STEP][PASSED] - Statement - If (CurrentBusinessEntity == "Corporation"): null

2019-01-03 22:38:33 - [TEST_STEP][PASSED] - Statement - Else If (CurrentBusinessEntity == "Partnership"): null

2019-01-03 22:38:33 - [TEST_STEP][PASSED] - Statement - Else If (CurrentBusinessEntity == "Sole Proprietor / Individual Business"): Delayed 3 second(s)

2019-01-03 22:38:33 - [TEST_STEP][PASSED] - Statement - obj = com.kms.katalon.core.webui.keyword.WebUiBuiltInKeywords.modifyObjectProperty(com.kms.katalon.core.testobject.ObjectRepository.findTestObject(Final Object Repo/Page_Update Employer Information/change to this Business Entity), "xpath", "equals", "//ul/li/span[contains(text(),"Others")]", true, STOP_ON_FAILURE): Modify property of object successfully

2019-01-03 22:38:33 - [MESSAGE][PASSED] - Modify property of object successfully

2019-01-03 22:38:33 - [TEST_STEP][PASSED] - click: Object: 'Object Repository/Final Object Repo/Page_Update Employer Information/change to this Business Entity' is clicked on

2019-01-03 22:38:34 - [MESSAGE][PASSED] - Object: 'Object Repository/Final Object Repo/Page_Update Employer Information/change to this Business Entity' is clicked on

2019-01-03 22:38:34 - [TEST_STEP][PASSED] - delay: Delayed 1 second(s)

2019-01-03 22:38:35 - [MESSAGE][PASSED] - Delayed 1 second(s)

2019-01-03 22:38:35 - [TEST_STEP][PASSED] - click: Object: 'Object Repository/Final Object Repo/Page_Update Employer Information/Sub Business Entity' is clicked on

2019-01-03 22:38:35 - [MESSAGE][PASSED] - Object: 'Object Repository/Final Object Repo/Page_Update Employer Information/Sub Business Entity' is clicked on

2019-01-03 22:38:35 - [TEST_STEP][PASSED] - click: Object: 'Object Repository/Final Object Repo/Page_Update Employer Information/Sub Business Entity List - Others - Federal Government Agency' is clicked on

2019-01-03 22:38:35 - [MESSAGE][PASSED] - Object: 'Object Repository/Final Object Repo/Page_Update Employer Information/Sub Business Entity List - Others - Federal Government Agency' is clicked on

2019-01-03 22:38:35 - [TEST_STEP][PASSED] - delay: Delayed 1 second(s)

2019-01-03 22:38:36 - [MESSAGE][PASSED] - Delayed 1 second(s)

2019-01-03 22:38:36 - [TEST_STEP][PASSED] - click: Object: 'Object Repository/Final Object Repo/Page_Update Employer Information/Sub Business Entity List' is clicked on

2019-01-03 22:38:36 - [MESSAGE][PASSED] - Object: 'Object Repository/Final Object Repo/Page_Update Employer Information/Sub Business Entity List' is clicked on

2019-01-03 22:38:36 - [TEST_STEP][PASSED] - click: Object: 'Object Repository/Final Object Repo/Page_Update Employer Information/Sub Business Entity - Others - Federal Government Agency - Kementerian' is clicked on

2019-01-03 22:38:36 - [MESSAGE][PASSED] - Object: 'Object Repository/Final Object Repo/Page_Update Employer Information/Sub Business Entity - Others - Federal Government Agency - Kementerian' is clicked on

2019-01-03 22:38:36 - [TEST_STEP][PASSED] - delay: Delayed 3 second(s)

2019-01-03 22:38:39 - [MESSAGE][PASSED] - Delayed 3 second(s)

2019-01-03 22:38:39 - [TEST_STEP][PASSED] - delay: Delayed 4 second(s)

2019-01-03 22:38:43 - [MESSAGE][PASSED] - Delayed 4 second(s)

2019-01-03 22:38:43 - [TEST_STEP][PASSED] - click: Object: 'Object Repository/Final Object Repo/Page_Update Employer Information/Save  Continue' is clicked on

2019-01-03 22:38:44 - [MESSAGE][PASSED] - Object: 'Object Repository/Final Object Repo/Page_Update Employer Information/Save  Continue' is clicked on

2019-01-03 22:38:44 - [TEST_STEP][PASSED] - delay: Delayed 4 second(s)

2019-01-03 22:38:48 - [MESSAGE][PASSED] - Delayed 4 second(s)

2019-01-03 22:38:48 - [TEST_STEP][PASSED] - click: Object: 'Object Repository/Final Object Repo/Page_Update Employer Information/Save  Continue (1)' is clicked on

2019-01-03 22:38:48 - [MESSAGE][PASSED] - Object: 'Object Repository/Final Object Repo/Page_Update Employer Information/Save  Continue (1)' is clicked on

2019-01-03 22:38:48 - [TEST_STEP][PASSED] - delay: Delayed 4 second(s)

2019-01-03 22:38:52 - [MESSAGE][PASSED] - Delayed 4 second(s)

2019-01-03 22:38:52 - [TEST_STEP][PASSED] - Statement - CaseReferenceNo = com.kms.katalon.core.webui.keyword.WebUiBuiltInKeywords.getText(com.kms.katalon.core.testobject.ObjectRepository.findTestObject(Final Object Repo/Page_Update Employer Information/Reference Number in Update Employee Information Page)): Text of object 'Object Repository/Final Object Repo/Page_Update Employer Information/Reference Number in Update Employee Information Page' is: 'CUN012019C100006181'

2019-01-03 22:38:52 - [MESSAGE][PASSED] - Text of object 'Object Repository/Final Object Repo/Page_Update Employer Information/Reference Number in Update Employee Information Page' is: 'CUN012019C100006181'

2019-01-03 22:38:52 - [TEST_STEP][PASSED] - callTestCase: Call Test Case 'Test Cases/Final Aug 2018 - PKS Automation/Common/Reference Number Setter' successfully

2019-01-03 22:38:52 - [TEST_CASE][PASSED] - Test Cases/Final Aug 2018 - PKS Automation/Common/Reference Number Setter: Test Cases/Final Aug 2018 - PKS Automation/Common/Reference Number Setter

2019-01-03 22:38:52 - [TEST_STEP][PASSED] - Statement - RefNoOldFile = new java.io.File(C://Users//Admin//Desktop//PKS//Automation Reference Point//KatalonReference.txt): null

2019-01-03 22:38:52 - [TEST_STEP][PASSED] - Statement - RefNoOldFile.delete(): null

2019-01-03 22:38:52 - [TEST_STEP][PASSED] - delay: Delayed 5 second(s)

2019-01-03 22:38:57 - [MESSAGE][PASSED] - Delayed 5 second(s)

2019-01-03 22:38:57 - [TEST_STEP][PASSED] - Statement - RefNo = new java.io.File(C://Users//Admin//Desktop//PKS//Automation Reference Point//KatalonReference.txt): null

2019-01-03 22:38:57 - [TEST_STEP][PASSED] - Statement - f2 = new java.io.FileWriter(RefNo, false): null

2019-01-03 22:38:57 - [TEST_STEP][PASSED] - Statement - f2.write(CaseReferenceNo): null

2019-01-03 22:38:57 - [TEST_STEP][PASSED] - Statement - f2.close(): null

2019-01-03 22:38:57 - [TEST_STEP][PASSED] - Statement - out.println("


" + CaseReferenceNo + "


"): null

2019-01-03 22:38:57 - [MESSAGE][PASSED] - Call Test Case 'Test Cases/Final Aug 2018 - PKS Automation/Common/Reference Number Setter' successfully

2019-01-03 22:38:57 - [TEST_STEP][PASSED] - delay: Delayed 4 second(s)

2019-01-03 22:39:01 - [MESSAGE][PASSED] - Delayed 4 second(s)

2019-01-03 22:39:01 - [TEST_STEP][PASSED] - click: Object: 'Object Repository/Final Object Repo/Page_Update Employer Information/Submit - Copy' is clicked on

2019-01-03 22:39:01 - [MESSAGE][PASSED] - Object: 'Object Repository/Final Object Repo/Page_Update Employer Information/Submit - Copy' is clicked on

2019-01-03 22:39:01 - [TEST_STEP][PASSED] - delay: Delayed 2 second(s)

2019-01-03 22:39:03 - [MESSAGE][PASSED] - Delayed 2 second(s)

2019-01-03 22:39:03 - [TEST_STEP][PASSED] - click: Object: 'Object Repository/Final Object Repo/Page_Update Employer Information/Confirm' is clicked on

2019-01-03 22:39:03 - [MESSAGE][PASSED] - Object: 'Object Repository/Final Object Repo/Page_Update Employer Information/Confirm' is clicked on

2019-01-03 22:39:03 - [TEST_STEP][PASSED] - delay: Delayed 2 second(s)

2019-01-03 22:39:05 - [MESSAGE][PASSED] - Delayed 2 second(s)

2019-01-03 22:39:05 - [TEST_STEP][PASSED] - click: Object: 'Object Repository/Final Object Repo/Page_Update Employer Information/Message Your Request will be route' is clicked on

2019-01-03 22:39:09 - [MESSAGE][PASSED] - Object: 'Object Repository/Final Object Repo/Page_Update Employer Information/Message Your Request will be route' is clicked on

2019-01-03 22:39:09 - [MESSAGE][PASSED] - Call Test Case 'Test Cases/Final Aug 2018 - PKS Automation/Registration Module/Workflow/Update Employer Information/Template/Update Employer Information - Special Case (Employer)' successfully

2019-01-03 22:39:09 - [TEST_STEP][PASSED] - callTestCase: Call Test Case 'Test Cases/Final Aug 2018 - PKS Automation/Registration Module/Workflow/Update Employer Information/Template/Update Employer Information - Special Case - UO (Under enforcement)' successfully

2019-01-03 22:39:09 - [TEST_CASE][PASSED] - Test Cases/Final Aug 2018 - PKS Automation/Registration Module/Workflow/Update Employer Information/Template/Update Employer Information - Special Case - UO (Under enforcement): Test Cases/Final Aug 2018 - PKS Automation/Registration Module/Workflow/Update Employer Information/Template/Update Employer Information - Special Case - UO (Under enforcement)

2019-01-03 22:39:09 - [TEST_STEP][NOT_RUN] - callTestCase: NOT_RUN: callTestCase

2019-01-03 22:39:09 - [MESSAGE][NOT_RUN] - NOT_RUN: callTestCase

2019-01-03 22:39:09 - [TEST_STEP][PASSED] - delay: Delayed 1 second(s)

2019-01-03 22:39:10 - [MESSAGE][PASSED] - Delayed 1 second(s)

2019-01-03 22:39:10 - [TEST_STEP][PASSED] - navigateToUrl: Navigate to 'https://assist2-uat.perkeso.gov.my/c/portal/logout' successfully

2019-01-03 22:39:11 - [MESSAGE][PASSED] - Navigate to 'https://assist2-uat.perkeso.gov.my/c/portal/logout' successfully

2019-01-03 22:39:11 - [TEST_STEP][PASSED] - delay: Delayed 1 second(s)

2019-01-03 22:39:12 - [MESSAGE][PASSED] - Delayed 1 second(s)

2019-01-03 22:39:12 - [TEST_STEP][PASSED] - callTestCase: Call Test Case 'Test Cases/Final Aug 2018 - PKS Automation/Common/Reference Number Getter' successfully

2019-01-03 22:39:12 - [TEST_CASE][PASSED] - Test Cases/Final Aug 2018 - PKS Automation/Common/Reference Number Getter: Test Cases/Final Aug 2018 - PKS Automation/Common/Reference Number Getter

2019-01-03 22:39:12 - [TEST_STEP][PASSED] - Statement - Try: null

2019-01-03 22:39:12 - [TEST_STEP][PASSED] - Statement - RefNo = new java.io.File(C://Users//Admin//Desktop//PKS//Automation Reference Point//KatalonReference.txt): null

2019-01-03 22:39:12 - [TEST_STEP][PASSED] - Statement - bufferread = new java.io.BufferedReader(new java.io.FileReader(RefNo)): null

2019-01-03 22:39:12 - [TEST_STEP][PASSED] - Statement - readedVal = bufferread.readLine(): null

2019-01-03 22:39:12 - [TEST_STEP][PASSED] - Statement - out.println(CaseReferenceNo): null

2019-01-03 22:39:12 - [TEST_STEP][PASSED] - Statement - out.println(readedVal): null

2019-01-03 22:39:12 - [TEST_STEP][PASSED] - Statement - CaseReferenceNo = "": null

2019-01-03 22:39:12 - [TEST_STEP][PASSED] - Statement - CaseReferenceNo = readedVal: null

2019-01-03 22:39:12 - [MESSAGE][PASSED] - Call Test Case 'Test Cases/Final Aug 2018 - PKS Automation/Common/Reference Number Getter' successfully

2019-01-03 22:39:12 - [TEST_STEP][PASSED] - callTestCase: Call Test Case 'Test Cases/Final Aug 2018 - PKS Automation/Common/Workflow Owner Finder' successfully

2019-01-03 22:39:12 - [TEST_CASE][PASSED] - Test Cases/Final Aug 2018 - PKS Automation/Common/Workflow Owner Finder: Test Cases/Final Aug 2018 - PKS Automation/Common/Workflow Owner Finder

2019-01-03 22:39:12 - [TEST_STEP][PASSED] - openBrowser: Browser is opened with url: ''

2019-01-03 22:39:12 - [MESSAGE][WARNING] - A browser is already opened. Closing browser and opening a new one

2019-01-03 22:39:16 - [MESSAGE][PASSED] - Browser is opened with url: ''

2019-01-03 22:39:16 - [TEST_STEP][PASSED] - navigateToUrl: Navigate to 'https://assist2-uat.perkeso.gov.my/login' successfully

2019-01-03 22:39:17 - [MESSAGE][PASSED] - Navigate to 'https://assist2-uat.perkeso.gov.my/login' successfully

2019-01-03 22:39:17 - [TEST_STEP][PASSED] - delay: Delayed 5 second(s)

2019-01-03 22:39:22 - [MESSAGE][PASSED] - Delayed 5 second(s)

2019-01-03 22:39:22 - [TEST_STEP][PASSED] - setText: Text 'test@liferay.com' is set on object 'Object Repository/Final Object Repo/Login Page/Internal User/Email Address'

2019-01-03 22:39:22 - [MESSAGE][PASSED] - Text 'test@liferay.com' is set on object 'Object Repository/Final Object Repo/Login Page/Internal User/Email Address'

2019-01-03 22:39:22 - [TEST_STEP][PASSED] - click: Object: 'Object Repository/Final Object Repo/Login Page/Internal User/Next Button' is clicked on

2019-01-03 22:39:23 - [MESSAGE][PASSED] - Object: 'Object Repository/Final Object Repo/Login Page/Internal User/Next Button' is clicked on

2019-01-03 22:39:23 - [TEST_STEP][PASSED] - delay: Delayed 2 second(s)

2019-01-03 22:39:25 - [MESSAGE][PASSED] - Delayed 2 second(s)

2019-01-03 22:39:25 - [TEST_STEP][PASSED] - setText: Text 'test' is set on object 'Object Repository/Final Object Repo/Login Page/Internal User/Password'

2019-01-03 22:39:25 - [MESSAGE][PASSED] - Text 'test' is set on object 'Object Repository/Final Object Repo/Login Page/Internal User/Password'

2019-01-03 22:39:25 - [TEST_STEP][PASSED] - delay: Delayed 2 second(s)

2019-01-03 22:39:27 - [MESSAGE][PASSED] - Delayed 2 second(s)

2019-01-03 22:39:27 - [TEST_STEP][PASSED] - click: Object: 'Object Repository/Final Object Repo/Login Page/Internal User/Login Button' is clicked on

2019-01-03 22:39:27 - [MESSAGE][PASSED] - Object: 'Object Repository/Final Object Repo/Login Page/Internal User/Login Button' is clicked on

2019-01-03 22:39:27 - [TEST_STEP][PASSED] - Statement - tester = com.kms.katalon.core.testobject.ObjectRepository.findTestObject(Final Object Repo/Landing Page/Select to English): Finding Test Object with id 'Object Repository/Final Object Repo/Landing Page/Select to English'

2019-01-03 22:39:27 - [TEST_STEP][PASSED] - Statement - Try: Delayed 2 second(s)

2019-01-03 22:39:27 - [TEST_STEP][PASSED] - Statement - Checker = com.kms.katalon.core.webui.keyword.WebUiBuiltInKeywords.verifyElementNotPresent(tester, 3): Web element with id: 'Object Repository/Final Object Repo/Landing Page/Select to English' located by 'By.xpath: //a[@class = 'taglib-language-list-text' and @lang = 'en-US' and (contains(text(), 'EN') or contains(., 'EN'))]' is not present after '3' second(s)

2019-01-03 22:39:29 - [MESSAGE][PASSED] - Web element with id: 'Object Repository/Final Object Repo/Landing Page/Select to English' located by 'By.xpath: //a[@class = 'taglib-language-list-text' and @lang = 'en-US' and (contains(text(), 'EN') or contains(., 'EN'))]' is not present after '3' second(s)

2019-01-03 22:39:29 - [TEST_STEP][PASSED] - Statement - If (Checker == false): null

2019-01-03 22:39:29 - [TEST_STEP][PASSED] - delay: Delayed 2 second(s)

2019-01-03 22:39:31 - [MESSAGE][PASSED] - Delayed 2 second(s)

2019-01-03 22:39:31 - [TEST_STEP][PASSED] - delay: Delayed 5 second(s)

2019-01-03 22:39:36 - [MESSAGE][PASSED] - Delayed 5 second(s)

2019-01-03 22:39:36 - [TEST_STEP][PASSED] - mouseOver: Object: 'Object Repository/Final Object Repo/Landing Page/WorkFlow Menu' is hovered

2019-01-03 22:39:36 - [MESSAGE][PASSED] - Object: 'Object Repository/Final Object Repo/Landing Page/WorkFlow Menu' is hovered

2019-01-03 22:39:36 - [TEST_STEP][PASSED] - delay: Delayed 2 second(s)

2019-01-03 22:39:38 - [MESSAGE][PASSED] - Delayed 2 second(s)

2019-01-03 22:39:38 - [TEST_STEP][PASSED] - click: Object: 'Object Repository/Final Object Repo/Landing Page/Select to Workflow Listing' is clicked on

2019-01-03 22:39:39 - [MESSAGE][PASSED] - Object: 'Object Repository/Final Object Repo/Landing Page/Select to Workflow Listing' is clicked on

2019-01-03 22:39:39 - [TEST_STEP][PASSED] - delay: Delayed 2 second(s)

2019-01-03 22:39:41 - [MESSAGE][PASSED] - Delayed 2 second(s)

2019-01-03 22:39:41 - [TEST_STEP][PASSED] - click: Object: 'Object Repository/Final Object Repo/WorkFlow Listing Page/Search Information - To Put Ref No' is clicked on

2019-01-03 22:39:41 - [MESSAGE][PASSED] - Object: 'Object Repository/Final Object Repo/WorkFlow Listing Page/Search Information - To Put Ref No' is clicked on

2019-01-03 22:39:41 - [TEST_STEP][PASSED] - delay: Delayed 2 second(s)

2019-01-03 22:39:43 - [MESSAGE][PASSED] - Delayed 2 second(s)

2019-01-03 22:39:43 - [TEST_STEP][PASSED] - callTestCase: Call Test Case 'Test Cases/Final Aug 2018 - PKS Automation/Common/Reference Number Getter' successfully

2019-01-03 22:39:43 - [TEST_CASE][PASSED] - Test Cases/Final Aug 2018 - PKS Automation/Common/Reference Number Getter: Test Cases/Final Aug 2018 - PKS Automation/Common/Reference Number Getter

2019-01-03 22:39:43 - [TEST_STEP][PASSED] - Statement - Try: null

2019-01-03 22:39:43 - [TEST_STEP][PASSED] - Statement - RefNo = new java.io.File(C://Users//Admin//Desktop//PKS//Automation Reference Point//KatalonReference.txt): null

2019-01-03 22:39:43 - [TEST_STEP][PASSED] - Statement - bufferread = new java.io.BufferedReader(new java.io.FileReader(RefNo)): null

2019-01-03 22:39:43 - [TEST_STEP][PASSED] - Statement - readedVal = bufferread.readLine(): null

2019-01-03 22:39:43 - [TEST_STEP][PASSED] - Statement - out.println(CaseReferenceNo): null

2019-01-03 22:39:43 - [TEST_STEP][PASSED] - Statement - out.println(readedVal): null

2019-01-03 22:39:43 - [TEST_STEP][PASSED] - Statement - CaseReferenceNo = "": null

2019-01-03 22:39:43 - [TEST_STEP][PASSED] - Statement - CaseReferenceNo = readedVal: null

2019-01-03 22:39:43 - [MESSAGE][PASSED] - Call Test Case 'Test Cases/Final Aug 2018 - PKS Automation/Common/Reference Number Getter' successfully

2019-01-03 22:39:43 - [TEST_STEP][PASSED] - setText: Text 'CUN012019C100006181' is set on object 'Object Repository/Final Object Repo/WorkFlow Listing Page/Ref No Set Text'

2019-01-03 22:39:43 - [MESSAGE][PASSED] - Text 'CUN012019C100006181' is set on object 'Object Repository/Final Object Repo/WorkFlow Listing Page/Ref No Set Text'

2019-01-03 22:39:43 - [TEST_STEP][PASSED] - delay: Delayed 2 second(s)

2019-01-03 22:39:45 - [MESSAGE][PASSED] - Delayed 2 second(s)

2019-01-03 22:39:45 - [TEST_STEP][PASSED] - click: Object: 'Object Repository/Final Object Repo/WorkFlow Listing Page/Search Ref No Search Button' is clicked on

2019-01-03 22:39:46 - [MESSAGE][PASSED] - Object: 'Object Repository/Final Object Repo/WorkFlow Listing Page/Search Ref No Search Button' is clicked on

2019-01-03 22:39:46 - [TEST_STEP][PASSED] - delay: Delayed 6 second(s)

2019-01-03 22:39:52 - [MESSAGE][PASSED] - Delayed 6 second(s)

2019-01-03 22:39:52 - [TEST_STEP][PASSED] - click: Object: 'Object Repository/Final Object Repo/WorkFlow Listing Page/Click Continue Tooltip' is clicked on

2019-01-03 22:39:52 - [MESSAGE][PASSED] - Object: 'Object Repository/Final Object Repo/WorkFlow Listing Page/Click Continue Tooltip' is clicked on

2019-01-03 22:39:52 - [TEST_STEP][PASSED] - delay: Delayed 5 second(s)

2019-01-03 22:39:57 - [MESSAGE][PASSED] - Delayed 5 second(s)

2019-01-03 22:39:57 - [TEST_STEP][PASSED] - doubleClick: Object: 'Object Repository/Final Object Repo/WorkFlow Listing Page/Workflow Found - Listing 1' is double clicked on

2019-01-03 22:39:58 - [MESSAGE][PASSED] - Object: 'Object Repository/Final Object Repo/WorkFlow Listing Page/Workflow Found - Listing 1' is double clicked on

2019-01-03 22:39:58 - [TEST_STEP][PASSED] - Statement - println(OwnerID): null

2019-01-03 22:39:58 - [TEST_STEP][PASSED] - Statement - OwnerID = com.kms.katalon.core.webui.keyword.WebUiBuiltInKeywords.getText(com.kms.katalon.core.testobject.ObjectRepository.findTestObject(Final Object Repo/WorkFlow Listing Page/Workflow Found - Listing 1), STOP_ON_FAILURE): Text of object 'Object Repository/Final Object Repo/WorkFlow Listing Page/Workflow Found - Listing 1' is: 'JOHORuo1'

2019-01-03 22:39:58 - [MESSAGE][PASSED] - Text of object 'Object Repository/Final Object Repo/WorkFlow Listing Page/Workflow Found - Listing 1' is: 'JOHORuo1'

2019-01-03 22:39:58 - [TEST_STEP][PASSED] - Statement - OwnerID = OwnerID.toLowerCase() + "@gmail.com": null

2019-01-03 22:39:58 - [TEST_STEP][PASSED] - Statement - println(OwnerID): null

2019-01-03 22:39:58 - [TEST_STEP][PASSED] - delay: Delayed 2 second(s)

2019-01-03 22:40:00 - [MESSAGE][PASSED] - Delayed 2 second(s)

2019-01-03 22:40:00 - [MESSAGE][PASSED] - Call Test Case 'Test Cases/Final Aug 2018 - PKS Automation/Common/Workflow Owner Finder' successfully

2019-01-03 22:40:00 - [TEST_STEP][PASSED] - delay: Delayed 1 second(s)

2019-01-03 22:40:01 - [MESSAGE][PASSED] - Delayed 1 second(s)

2019-01-03 22:40:01 - [TEST_STEP][PASSED] - navigateToUrl: Navigate to 'https://assist2-uat.perkeso.gov.my/c/portal/logout' successfully

2019-01-03 22:40:02 - [MESSAGE][PASSED] - Navigate to 'https://assist2-uat.perkeso.gov.my/c/portal/logout' successfully

2019-01-03 22:40:02 - [TEST_STEP][PASSED] - delay: Delayed 1 second(s)

2019-01-03 22:40:03 - [MESSAGE][PASSED] - Delayed 1 second(s)

2019-01-03 22:40:03 - [TEST_STEP][PASSED] - callTestCase: Call Test Case 'Test Cases/Final Aug 2018 - PKS Automation/Registration Module/Workflow/Login and Search Case For Workflow' successfully

2019-01-03 22:40:03 - [TEST_CASE][PASSED] - Test Cases/Final Aug 2018 - PKS Automation/Registration Module/Workflow/Login and Search Case For Workflow: Test Cases/Final Aug 2018 - PKS Automation/Registration Module/Workflow/Login and Search Case For Workflow

2019-01-03 22:40:03 - [TEST_STEP][PASSED] - navigateToUrl: Navigate to 'https://assist2-uat.perkeso.gov.my/login' successfully

2019-01-03 22:40:03 - [MESSAGE][PASSED] - Navigate to 'https://assist2-uat.perkeso.gov.my/login' successfully

2019-01-03 22:40:03 - [TEST_STEP][PASSED] - setText: Text 'johoruo1@gmail.com' is set on object 'Object Repository/Final Object Repo/Login Page/Internal User/Email Address'

2019-01-03 22:40:03 - [MESSAGE][PASSED] - Text 'johoruo1@gmail.com' is set on object 'Object Repository/Final Object Repo/Login Page/Internal User/Email Address'

2019-01-03 22:40:03 - [TEST_STEP][PASSED] - click: Object: 'Object Repository/Final Object Repo/Login Page/Internal User/Next Button' is clicked on

2019-01-03 22:40:04 - [MESSAGE][PASSED] - Object: 'Object Repository/Final Object Repo/Login Page/Internal User/Next Button' is clicked on

2019-01-03 22:40:04 - [TEST_STEP][PASSED] - delay: Delayed 1 second(s)

2019-01-03 22:40:05 - [MESSAGE][PASSED] - Delayed 1 second(s)

2019-01-03 22:40:05 - [TEST_STEP][PASSED] - setEncryptedText: Text ****** has been set on object 'Object Repository/Final Object Repo/Login Page/Internal User/Password'

2019-01-03 22:40:05 - [MESSAGE][PASSED] - Text ****** has been set on object 'Object Repository/Final Object Repo/Login Page/Internal User/Password'

2019-01-03 22:40:05 - [TEST_STEP][PASSED] - click: Object: 'Object Repository/Final Object Repo/Login Page/Internal User/Login Button' is clicked on

2019-01-03 22:40:05 - [MESSAGE][PASSED] - Object: 'Object Repository/Final Object Repo/Login Page/Internal User/Login Button' is clicked on

2019-01-03 22:40:05 - [TEST_STEP][PASSED] - delay: Delayed 2 second(s)

2019-01-03 22:40:07 - [MESSAGE][PASSED] - Delayed 2 second(s)

2019-01-03 22:40:07 - [TEST_STEP][PASSED] - Statement - Try: Delayed 2 second(s)

2019-01-03 22:40:07 - [TEST_STEP][PASSED] - Statement - Checker = false: null

2019-01-03 22:40:07 - [TEST_STEP][PASSED] - Statement - Checker = com.kms.katalon.core.webui.keyword.WebUiBuiltInKeywords.verifyElementHasAttribute(com.kms.katalon.core.testobject.ObjectRepository.findTestObject(Final Object Repo/Landing Page/BM Detecting), "href", 20, OPTIONAL): Object 'Object Repository/Final Object Repo/Landing Page/BM Detecting' has attribute 'href'

2019-01-03 22:40:07 - [MESSAGE][PASSED] - Object 'Object Repository/Final Object Repo/Landing Page/BM Detecting' has attribute 'href'

2019-01-03 22:40:07 - [TEST_STEP][PASSED] - Statement - out.println(Checker): null

2019-01-03 22:40:07 - [TEST_STEP][PASSED] - Statement - If (Checker == false): null

2019-01-03 22:40:07 - [TEST_STEP][PASSED] - Statement - Else: null

2019-01-03 22:40:07 - [TEST_STEP][PASSED] - delay: Delayed 2 second(s)

2019-01-03 22:40:09 - [MESSAGE][PASSED] - Delayed 2 second(s)

2019-01-03 22:40:09 - [TEST_STEP][PASSED] - click: Object: 'Object Repository/Final Object Repo/Page_MyASSIST - ASSIST - Search Pending Case For Add Supporting Document/Search Information' is clicked on

2019-01-03 22:40:09 - [MESSAGE][PASSED] - Object: 'Object Repository/Final Object Repo/Page_MyASSIST - ASSIST - Search Pending Case For Add Supporting Document/Search Information' is clicked on

2019-01-03 22:40:09 - [TEST_STEP][PASSED] - delay: Delayed 3 second(s)

2019-01-03 22:40:12 - [MESSAGE][PASSED] - Delayed 3 second(s)

2019-01-03 22:40:12 - [TEST_STEP][PASSED] - sendKeys: Keys 'CUN012019C100006181' sent to object: 'Object Repository/Final Object Repo/Page_MyASSIST - ASSIST - Search Pending Case For Add Supporting Document/Reference No'

2019-01-03 22:40:12 - [MESSAGE][PASSED] - Keys 'CUN012019C100006181' sent to object: 'Object Repository/Final Object Repo/Page_MyASSIST - ASSIST - Search Pending Case For Add Supporting Document/Reference No'

2019-01-03 22:40:12 - [TEST_STEP][PASSED] - click: Object: 'Object Repository/Final Object Repo/Page_MyASSIST - ASSIST - Search Pending Case For Add Supporting Document/Search Reference No' is clicked on

2019-01-03 22:40:13 - [MESSAGE][PASSED] - Object: 'Object Repository/Final Object Repo/Page_MyASSIST - ASSIST - Search Pending Case For Add Supporting Document/Search Reference No' is clicked on

2019-01-03 22:40:13 - [TEST_STEP][PASSED] - delay: Delayed 2 second(s)

2019-01-03 22:40:15 - [MESSAGE][PASSED] - Delayed 2 second(s)

2019-01-03 22:40:15 - [TEST_STEP][PASSED] - click: Object: 'Object Repository/Final Object Repo/Page_MyASSIST - ASSIST - Search Pending Case For Add Supporting Document/Continue' is clicked on

2019-01-03 22:40:19 - [MESSAGE][PASSED] - Object: 'Object Repository/Final Object Repo/Page_MyASSIST - ASSIST - Search Pending Case For Add Supporting Document/Continue' is clicked on

2019-01-03 22:40:19 - [TEST_STEP][PASSED] - delay: Delayed 20 second(s)

2019-01-03 22:40:39 - [MESSAGE][PASSED] - Delayed 20 second(s)

2019-01-03 22:40:39 - [MESSAGE][PASSED] - Call Test Case 'Test Cases/Final Aug 2018 - PKS Automation/Registration Module/Workflow/Login and Search Case For Workflow' successfully

2019-01-03 22:40:39 - [TEST_STEP][PASSED] - delay: Delayed 2 second(s)

2019-01-03 22:40:41 - [MESSAGE][PASSED] - Delayed 2 second(s)

2019-01-03 22:40:41 - [TEST_STEP][PASSED] - click: Object: 'Object Repository/Final Object Repo/Page_Update Employer Information/Page_Update Employer Information UO (Approve)/Continue' is clicked on

2019-01-03 22:40:44 - [MESSAGE][PASSED] - Object: 'Object Repository/Final Object Repo/Page_Update Employer Information/Page_Update Employer Information UO (Approve)/Continue' is clicked on

2019-01-03 22:40:44 - [TEST_STEP][PASSED] - delay: Delayed 2 second(s)

2019-01-03 22:40:46 - [MESSAGE][PASSED] - Delayed 2 second(s)

2019-01-03 22:40:46 - [TEST_STEP][PASSED] - click: Object: 'Object Repository/Final Object Repo/Page_Update Employer Information/Page_Update Employer Information UO (Approve)/Save  Continue in Update Employer Information Page' is clicked on

2019-01-03 22:40:47 - [MESSAGE][PASSED] - Object: 'Object Repository/Final Object Repo/Page_Update Employer Information/Page_Update Employer Information UO (Approve)/Save  Continue in Update Employer Information Page' is clicked on

2019-01-03 22:40:47 - [TEST_STEP][PASSED] - delay: Delayed 2 second(s)

2019-01-03 22:40:49 - [MESSAGE][PASSED] - Delayed 2 second(s)

2019-01-03 22:40:49 - [TEST_STEP][PASSED] - click: Object: 'Object Repository/Final Object Repo/Page_Update Employer Information/Page_Update Employer Information UO (Approve)/Save  Continue in Uploading Supporting Document Page' is clicked on

2019-01-03 22:40:51 - [MESSAGE][PASSED] - Object: 'Object Repository/Final Object Repo/Page_Update Employer Information/Page_Update Employer Information UO (Approve)/Save  Continue in Uploading Supporting Document Page' is clicked on

2019-01-03 22:40:51 - [TEST_STEP][PASSED] - delay: Delayed 2 second(s)

2019-01-03 22:40:53 - [MESSAGE][PASSED] - Delayed 2 second(s)

2019-01-03 22:40:53 - [TEST_STEP][PASSED] - click: Object: 'Object Repository/Final Object Repo/Page_Update Employer Information/Page_Update Employer Information UO (Under enforcement)/Under enforcement' is clicked on

2019-01-03 22:40:55 - [MESSAGE][PASSED] - Object: 'Object Repository/Final Object Repo/Page_Update Employer Information/Page_Update Employer Information UO (Under enforcement)/Under enforcement' is clicked on

2019-01-03 22:40:55 - [TEST_STEP][PASSED] - delay: Delayed 2 second(s)

2019-01-03 22:40:57 - [MESSAGE][PASSED] - Delayed 2 second(s)

2019-01-03 22:40:57 - [TEST_STEP][PASSED] - setText: Text 'remark' is set on object 'Object Repository/Final Object Repo/Page_Update Employer Information/Page_Update Employer Information UO (Under enforcement)/Under enforcement - remark'

2019-01-03 22:40:58 - [MESSAGE][PASSED] - Text 'remark' is set on object 'Object Repository/Final Object Repo/Page_Update Employer Information/Page_Update Employer Information UO (Under enforcement)/Under enforcement - remark'

2019-01-03 22:40:58 - [TEST_STEP][PASSED] - delay: Delayed 2 second(s)

2019-01-03 22:41:00 - [MESSAGE][PASSED] - Delayed 2 second(s)

2019-01-03 22:41:00 - [TEST_STEP][PASSED] - click: Object: 'Object Repository/Final Object Repo/Page_Update Employer Information/Page_Update Employer Information UO (Under enforcement)/Save  Continue in Under enfocement Page' is clicked on

2019-01-03 22:41:00 - [MESSAGE][PASSED] - Object: 'Object Repository/Final Object Repo/Page_Update Employer Information/Page_Update Employer Information UO (Under enforcement)/Save  Continue in Under enfocement Page' is clicked on

2019-01-03 22:41:00 - [TEST_STEP][PASSED] - delay: Delayed 2 second(s)

2019-01-03 22:41:02 - [MESSAGE][PASSED] - Delayed 2 second(s)

2019-01-03 22:41:02 - [TEST_STEP][PASSED] - doubleClick: Object: 'Object Repository/Final Object Repo/Page_Update Employer Information/Page_Update Employer Information UO (Under enforcement)/Message The case is under enforceme' is double clicked on

2019-01-03 22:41:03 - [MESSAGE][PASSED] - Object: 'Object Repository/Final Object Repo/Page_Update Employer Information/Page_Update Employer Information UO (Under enforcement)/Message The case is under enforceme' is double clicked on

2019-01-03 22:41:03 - [MESSAGE][PASSED] - Call Test Case 'Test Cases/Final Aug 2018 - PKS Automation/Registration Module/Workflow/Update Employer Information/Template/Update Employer Information - Special Case - UO (Under enforcement)' successfully]]></system-out>
         <system-err><![CDATA[]]></system-err>
      </testcase>
      <testcase name="Test Cases/Final Aug 2018 - PKS Automation/Registration Module/Workflow/Update Employer Information/OTC - UO (Approve)" classname="Test Cases/Final Aug 2018 - PKS Automation/Registration Module/Workflow/Update Employer Information/OTC - UO (Approve)" status="PASSED">
         <system-out><![CDATA[2019-01-03 22:41:03 - [TEST_CASE][PASSED] - Test Cases/Final Aug 2018 - PKS Automation/Registration Module/Workflow/Update Employer Information/OTC - UO (Approve): Test Cases/Final Aug 2018 - PKS Automation/Registration Module/Workflow/Update Employer Information/OTC - UO (Approve)

2019-01-03 22:41:04 - [TEST_STEP][PASSED] - callTestCase: Call Test Case 'Test Cases/Final Aug 2018 - PKS Automation/Registration Module/Workflow/Update Employer Information/Template/Update Employer Information - Special Case (OTC)' successfully

2019-01-03 22:41:04 - [TEST_CASE][PASSED] - Test Cases/Final Aug 2018 - PKS Automation/Registration Module/Workflow/Update Employer Information/Template/Update Employer Information - Special Case (OTC): Test Cases/Final Aug 2018 - PKS Automation/Registration Module/Workflow/Update Employer Information/Template/Update Employer Information - Special Case (OTC)

2019-01-03 22:41:04 - [TEST_STEP][PASSED] - openBrowser: Browser is opened with url: ''

2019-01-03 22:41:04 - [MESSAGE][WARNING] - A browser is already opened. Closing browser and opening a new one

2019-01-03 22:41:08 - [MESSAGE][PASSED] - Browser is opened with url: ''

2019-01-03 22:41:08 - [TEST_STEP][PASSED] - navigateToUrl: Navigate to 'https://assist2-uat.perkeso.gov.my/login' successfully

2019-01-03 22:41:09 - [MESSAGE][PASSED] - Navigate to 'https://assist2-uat.perkeso.gov.my/login' successfully

2019-01-03 22:41:09 - [TEST_STEP][PASSED] - setText: Text 'johorotc1@gmail.com' is set on object 'Object Repository/Final Object Repo/Login Page/Internal User/Email Address'

2019-01-03 22:41:09 - [MESSAGE][PASSED] - Text 'johorotc1@gmail.com' is set on object 'Object Repository/Final Object Repo/Login Page/Internal User/Email Address'

2019-01-03 22:41:09 - [TEST_STEP][PASSED] - click: Object: 'Object Repository/Final Object Repo/Login Page/Internal User/Next Button' is clicked on

2019-01-03 22:41:09 - [MESSAGE][PASSED] - Object: 'Object Repository/Final Object Repo/Login Page/Internal User/Next Button' is clicked on

2019-01-03 22:41:09 - [TEST_STEP][PASSED] - delay: Delayed 1 second(s)

2019-01-03 22:41:10 - [MESSAGE][PASSED] - Delayed 1 second(s)

2019-01-03 22:41:10 - [TEST_STEP][PASSED] - setEncryptedText: Text ****** has been set on object 'Object Repository/Final Object Repo/Login Page/Internal User/Password'

2019-01-03 22:41:11 - [MESSAGE][PASSED] - Text ****** has been set on object 'Object Repository/Final Object Repo/Login Page/Internal User/Password'

2019-01-03 22:41:11 - [TEST_STEP][PASSED] - click: Object: 'Object Repository/Final Object Repo/Login Page/Internal User/Login Button' is clicked on

2019-01-03 22:41:11 - [MESSAGE][PASSED] - Object: 'Object Repository/Final Object Repo/Login Page/Internal User/Login Button' is clicked on

2019-01-03 22:41:11 - [TEST_STEP][PASSED] - Statement - tester = com.kms.katalon.core.testobject.ObjectRepository.findTestObject(Final Object Repo/Landing Page/Select to English): Finding Test Object with id 'Object Repository/Final Object Repo/Landing Page/Select to English'

2019-01-03 22:41:11 - [TEST_STEP][PASSED] - Statement - Try: Delayed 2 second(s)

2019-01-03 22:41:11 - [TEST_STEP][PASSED] - Statement - Checker = com.kms.katalon.core.webui.keyword.WebUiBuiltInKeywords.verifyElementNotPresent(tester, 3): Web element with id: 'Object Repository/Final Object Repo/Landing Page/Select to English' located by 'By.xpath: //a[@class = 'taglib-language-list-text' and @lang = 'en-US' and (contains(text(), 'EN') or contains(., 'EN'))]' is not present after '3' second(s)

2019-01-03 22:41:12 - [MESSAGE][PASSED] - Web element with id: 'Object Repository/Final Object Repo/Landing Page/Select to English' located by 'By.xpath: //a[@class = 'taglib-language-list-text' and @lang = 'en-US' and (contains(text(), 'EN') or contains(., 'EN'))]' is not present after '3' second(s)

2019-01-03 22:41:12 - [TEST_STEP][PASSED] - Statement - If (Checker == false): null

2019-01-03 22:41:12 - [TEST_STEP][PASSED] - delay: Delayed 2 second(s)

2019-01-03 22:41:14 - [MESSAGE][PASSED] - Delayed 2 second(s)

2019-01-03 22:41:14 - [TEST_STEP][PASSED] - delay: Delayed 5 second(s)

2019-01-03 22:41:19 - [MESSAGE][PASSED] - Delayed 5 second(s)

2019-01-03 22:41:19 - [TEST_STEP][PASSED] - navigateToUrl: Navigate to 'https://assist2-uat.perkeso.gov.my/web/registration/update/update-employer-information' successfully

2019-01-03 22:41:20 - [MESSAGE][PASSED] - Navigate to 'https://assist2-uat.perkeso.gov.my/web/registration/update/update-employer-information' successfully

2019-01-03 22:41:20 - [TEST_STEP][PASSED] - setText: Text 'E1102001065V ' is set on object 'Object Repository/Final Object Repo/Page_Update Employer Information/Employer Code'

2019-01-03 22:41:21 - [MESSAGE][PASSED] - Text 'E1102001065V ' is set on object 'Object Repository/Final Object Repo/Page_Update Employer Information/Employer Code'

2019-01-03 22:41:21 - [TEST_STEP][PASSED] - click: Object: 'Object Repository/Final Object Repo/Page_Update Employer Information/Search Button' is clicked on

2019-01-03 22:41:21 - [MESSAGE][PASSED] - Object: 'Object Repository/Final Object Repo/Page_Update Employer Information/Search Button' is clicked on

2019-01-03 22:41:21 - [TEST_STEP][PASSED] - click: Object: 'Object Repository/Final Object Repo/Page_Update Employer Information/Edit Button' is clicked on

2019-01-03 22:41:24 - [MESSAGE][PASSED] - Object: 'Object Repository/Final Object Repo/Page_Update Employer Information/Edit Button' is clicked on

2019-01-03 22:41:24 - [TEST_STEP][PASSED] - click: Object: 'Object Repository/Final Object Repo/Page_Update Employer Information/Business Entity' is clicked on

2019-01-03 22:41:25 - [MESSAGE][PASSED] - Object: 'Object Repository/Final Object Repo/Page_Update Employer Information/Business Entity' is clicked on

2019-01-03 22:41:25 - [TEST_STEP][PASSED] - Statement - CurrentBusinessEntity = "": null

2019-01-03 22:41:25 - [TEST_STEP][PASSED] - Statement - CurrentBusinessEntity = com.kms.katalon.core.webui.keyword.WebUiBuiltInKeywords.getText(com.kms.katalon.core.testobject.ObjectRepository.findTestObject(Final Object Repo/Page_Update Employer Information/Current Business Entity)): Text of object 'Object Repository/Final Object Repo/Page_Update Employer Information/Current Business Entity' is: 'Others'

2019-01-03 22:41:25 - [MESSAGE][PASSED] - Text of object 'Object Repository/Final Object Repo/Page_Update Employer Information/Current Business Entity' is: 'Others'

2019-01-03 22:41:25 - [TEST_STEP][PASSED] - Statement - out.println(CurrentBusinessEntity): null

2019-01-03 22:41:25 - [TEST_STEP][PASSED] - Statement - If (CurrentBusinessEntity == "Corporation"): null

2019-01-03 22:41:25 - [TEST_STEP][PASSED] - Statement - Else If (CurrentBusinessEntity == "Partnership"): null

2019-01-03 22:41:25 - [TEST_STEP][PASSED] - Statement - Else If (CurrentBusinessEntity == "Sole Proprietor / Individual Business"): null

2019-01-03 22:41:25 - [TEST_STEP][PASSED] - Statement - Else If (CurrentBusinessEntity == "Others"): Delayed 3 second(s)

2019-01-03 22:41:25 - [TEST_STEP][PASSED] - Statement - obj = com.kms.katalon.core.webui.keyword.WebUiBuiltInKeywords.modifyObjectProperty(com.kms.katalon.core.testobject.ObjectRepository.findTestObject(Final Object Repo/Page_Update Employer Information/change to this Business Entity), "xpath", "equals", "//ul/li/span[contains(text(),"Partnership")]", true, STOP_ON_FAILURE): Modify property of object successfully

2019-01-03 22:41:25 - [MESSAGE][PASSED] - Modify property of object successfully

2019-01-03 22:41:25 - [TEST_STEP][PASSED] - click: Object: 'Object Repository/Final Object Repo/Page_Update Employer Information/change to this Business Entity' is clicked on

2019-01-03 22:41:25 - [MESSAGE][PASSED] - Object: 'Object Repository/Final Object Repo/Page_Update Employer Information/change to this Business Entity' is clicked on

2019-01-03 22:41:25 - [TEST_STEP][PASSED] - delay: Delayed 1 second(s)

2019-01-03 22:41:26 - [MESSAGE][PASSED] - Delayed 1 second(s)

2019-01-03 22:41:26 - [TEST_STEP][PASSED] - click: Object: 'Object Repository/Final Object Repo/Page_Update Employer Information/Sub Business Entity' is clicked on

2019-01-03 22:41:26 - [MESSAGE][PASSED] - Object: 'Object Repository/Final Object Repo/Page_Update Employer Information/Sub Business Entity' is clicked on

2019-01-03 22:41:26 - [TEST_STEP][PASSED] - click: Object: 'Object Repository/Final Object Repo/Page_Update Employer Information/Sub Business Entity - Partnership - Registered With other Agencies' is clicked on

2019-01-03 22:41:26 - [MESSAGE][PASSED] - Object: 'Object Repository/Final Object Repo/Page_Update Employer Information/Sub Business Entity - Partnership - Registered With other Agencies' is clicked on

2019-01-03 22:41:26 - [TEST_STEP][PASSED] - delay: Delayed 3 second(s)

2019-01-03 22:41:29 - [MESSAGE][PASSED] - Delayed 3 second(s)

2019-01-03 22:41:29 - [TEST_STEP][PASSED] - delay: Delayed 4 second(s)

2019-01-03 22:41:33 - [MESSAGE][PASSED] - Delayed 4 second(s)

2019-01-03 22:41:33 - [TEST_STEP][PASSED] - click: Object: 'Object Repository/Final Object Repo/Page_Update Employer Information/Save  Continue' is clicked on

2019-01-03 22:41:33 - [MESSAGE][PASSED] - Object: 'Object Repository/Final Object Repo/Page_Update Employer Information/Save  Continue' is clicked on

2019-01-03 22:41:33 - [TEST_STEP][PASSED] - delay: Delayed 4 second(s)

2019-01-03 22:41:37 - [MESSAGE][PASSED] - Delayed 4 second(s)

2019-01-03 22:41:37 - [TEST_STEP][PASSED] - click: Object: 'Object Repository/Final Object Repo/Page_Update Employer Information/Save  Continue (1)' is clicked on

2019-01-03 22:41:38 - [MESSAGE][PASSED] - Object: 'Object Repository/Final Object Repo/Page_Update Employer Information/Save  Continue (1)' is clicked on

2019-01-03 22:41:38 - [TEST_STEP][PASSED] - delay: Delayed 4 second(s)

2019-01-03 22:41:42 - [MESSAGE][PASSED] - Delayed 4 second(s)

2019-01-03 22:41:42 - [TEST_STEP][PASSED] - Statement - CaseReferenceNo = com.kms.katalon.core.webui.keyword.WebUiBuiltInKeywords.getText(com.kms.katalon.core.testobject.ObjectRepository.findTestObject(Final Object Repo/Page_Update Employer Information/Reference Number in Update Employee Information Page)): Text of object 'Object Repository/Final Object Repo/Page_Update Employer Information/Reference Number in Update Employee Information Page' is: 'CUN012019C100006182'

2019-01-03 22:41:42 - [MESSAGE][PASSED] - Text of object 'Object Repository/Final Object Repo/Page_Update Employer Information/Reference Number in Update Employee Information Page' is: 'CUN012019C100006182'

2019-01-03 22:41:42 - [TEST_STEP][PASSED] - callTestCase: Call Test Case 'Test Cases/Final Aug 2018 - PKS Automation/Common/Reference Number Setter' successfully

2019-01-03 22:41:42 - [TEST_CASE][PASSED] - Test Cases/Final Aug 2018 - PKS Automation/Common/Reference Number Setter: Test Cases/Final Aug 2018 - PKS Automation/Common/Reference Number Setter

2019-01-03 22:41:42 - [TEST_STEP][PASSED] - Statement - RefNoOldFile = new java.io.File(C://Users//Admin//Desktop//PKS//Automation Reference Point//KatalonReference.txt): null

2019-01-03 22:41:42 - [TEST_STEP][PASSED] - Statement - RefNoOldFile.delete(): null

2019-01-03 22:41:42 - [TEST_STEP][PASSED] - delay: Delayed 5 second(s)

2019-01-03 22:41:47 - [MESSAGE][PASSED] - Delayed 5 second(s)

2019-01-03 22:41:47 - [TEST_STEP][PASSED] - Statement - RefNo = new java.io.File(C://Users//Admin//Desktop//PKS//Automation Reference Point//KatalonReference.txt): null

2019-01-03 22:41:47 - [TEST_STEP][PASSED] - Statement - f2 = new java.io.FileWriter(RefNo, false): null

2019-01-03 22:41:47 - [TEST_STEP][PASSED] - Statement - f2.write(CaseReferenceNo): null

2019-01-03 22:41:47 - [TEST_STEP][PASSED] - Statement - f2.close(): null

2019-01-03 22:41:47 - [TEST_STEP][PASSED] - Statement - out.println("


" + CaseReferenceNo + "


"): null

2019-01-03 22:41:47 - [MESSAGE][PASSED] - Call Test Case 'Test Cases/Final Aug 2018 - PKS Automation/Common/Reference Number Setter' successfully

2019-01-03 22:41:47 - [TEST_STEP][PASSED] - delay: Delayed 4 second(s)

2019-01-03 22:41:51 - [MESSAGE][PASSED] - Delayed 4 second(s)

2019-01-03 22:41:51 - [TEST_STEP][PASSED] - click: Object: 'Object Repository/Final Object Repo/Page_Update Employer Information/Submit - Copy' is clicked on

2019-01-03 22:41:51 - [MESSAGE][PASSED] - Object: 'Object Repository/Final Object Repo/Page_Update Employer Information/Submit - Copy' is clicked on

2019-01-03 22:41:51 - [TEST_STEP][PASSED] - delay: Delayed 2 second(s)

2019-01-03 22:41:53 - [MESSAGE][PASSED] - Delayed 2 second(s)

2019-01-03 22:41:53 - [TEST_STEP][PASSED] - click: Object: 'Object Repository/Final Object Repo/Page_Update Employer Information/Confirm' is clicked on

2019-01-03 22:41:54 - [MESSAGE][PASSED] - Object: 'Object Repository/Final Object Repo/Page_Update Employer Information/Confirm' is clicked on

2019-01-03 22:41:54 - [TEST_STEP][PASSED] - delay: Delayed 2 second(s)

2019-01-03 22:41:56 - [MESSAGE][PASSED] - Delayed 2 second(s)

2019-01-03 22:41:56 - [TEST_STEP][PASSED] - click: Object: 'Object Repository/Final Object Repo/Page_Update Employer Information/Message Your Request will be route' is clicked on

2019-01-03 22:41:58 - [MESSAGE][PASSED] - Object: 'Object Repository/Final Object Repo/Page_Update Employer Information/Message Your Request will be route' is clicked on

2019-01-03 22:41:58 - [MESSAGE][PASSED] - Call Test Case 'Test Cases/Final Aug 2018 - PKS Automation/Registration Module/Workflow/Update Employer Information/Template/Update Employer Information - Special Case (OTC)' successfully

2019-01-03 22:41:58 - [TEST_STEP][PASSED] - callTestCase: Call Test Case 'Test Cases/Final Aug 2018 - PKS Automation/Registration Module/Workflow/Update Employer Information/Template/Update Employer Information - Special Case - UO (Approve)' successfully

2019-01-03 22:41:58 - [TEST_CASE][PASSED] - Test Cases/Final Aug 2018 - PKS Automation/Registration Module/Workflow/Update Employer Information/Template/Update Employer Information - Special Case - UO (Approve): Test Cases/Final Aug 2018 - PKS Automation/Registration Module/Workflow/Update Employer Information/Template/Update Employer Information - Special Case - UO (Approve)

2019-01-03 22:41:58 - [TEST_STEP][NOT_RUN] - callTestCase: NOT_RUN: callTestCase

2019-01-03 22:41:58 - [MESSAGE][NOT_RUN] - NOT_RUN: callTestCase

2019-01-03 22:41:58 - [TEST_STEP][NOT_RUN] - delay: NOT_RUN: delay

2019-01-03 22:41:58 - [MESSAGE][NOT_RUN] - NOT_RUN: delay

2019-01-03 22:41:58 - [TEST_STEP][NOT_RUN] - navigateToUrl: NOT_RUN: navigateToUrl

2019-01-03 22:41:58 - [MESSAGE][NOT_RUN] - NOT_RUN: navigateToUrl

2019-01-03 22:41:58 - [TEST_STEP][PASSED] - delay: Delayed 1 second(s)

2019-01-03 22:41:59 - [MESSAGE][PASSED] - Delayed 1 second(s)

2019-01-03 22:41:59 - [TEST_STEP][PASSED] - callTestCase: Call Test Case 'Test Cases/Final Aug 2018 - PKS Automation/Common/Reference Number Getter' successfully

2019-01-03 22:41:59 - [TEST_CASE][PASSED] - Test Cases/Final Aug 2018 - PKS Automation/Common/Reference Number Getter: Test Cases/Final Aug 2018 - PKS Automation/Common/Reference Number Getter

2019-01-03 22:41:59 - [TEST_STEP][PASSED] - Statement - Try: null

2019-01-03 22:41:59 - [TEST_STEP][PASSED] - Statement - RefNo = new java.io.File(C://Users//Admin//Desktop//PKS//Automation Reference Point//KatalonReference.txt): null

2019-01-03 22:41:59 - [TEST_STEP][PASSED] - Statement - bufferread = new java.io.BufferedReader(new java.io.FileReader(RefNo)): null

2019-01-03 22:41:59 - [TEST_STEP][PASSED] - Statement - readedVal = bufferread.readLine(): null

2019-01-03 22:41:59 - [TEST_STEP][PASSED] - Statement - out.println(CaseReferenceNo): null

2019-01-03 22:41:59 - [TEST_STEP][PASSED] - Statement - out.println(readedVal): null

2019-01-03 22:41:59 - [TEST_STEP][PASSED] - Statement - CaseReferenceNo = "": null

2019-01-03 22:41:59 - [TEST_STEP][PASSED] - Statement - CaseReferenceNo = readedVal: null

2019-01-03 22:41:59 - [MESSAGE][PASSED] - Call Test Case 'Test Cases/Final Aug 2018 - PKS Automation/Common/Reference Number Getter' successfully

2019-01-03 22:41:59 - [TEST_STEP][PASSED] - callTestCase: Call Test Case 'Test Cases/Final Aug 2018 - PKS Automation/Common/Workflow Owner Finder' successfully

2019-01-03 22:41:59 - [TEST_CASE][PASSED] - Test Cases/Final Aug 2018 - PKS Automation/Common/Workflow Owner Finder: Test Cases/Final Aug 2018 - PKS Automation/Common/Workflow Owner Finder

2019-01-03 22:41:59 - [TEST_STEP][PASSED] - openBrowser: Browser is opened with url: ''

2019-01-03 22:41:59 - [MESSAGE][WARNING] - A browser is already opened. Closing browser and opening a new one

2019-01-03 22:42:03 - [MESSAGE][PASSED] - Browser is opened with url: ''

2019-01-03 22:42:03 - [TEST_STEP][PASSED] - navigateToUrl: Navigate to 'https://assist2-uat.perkeso.gov.my/login' successfully

2019-01-03 22:42:03 - [MESSAGE][PASSED] - Navigate to 'https://assist2-uat.perkeso.gov.my/login' successfully

2019-01-03 22:42:03 - [TEST_STEP][PASSED] - delay: Delayed 5 second(s)

2019-01-03 22:42:08 - [MESSAGE][PASSED] - Delayed 5 second(s)

2019-01-03 22:42:08 - [TEST_STEP][PASSED] - setText: Text 'test@liferay.com' is set on object 'Object Repository/Final Object Repo/Login Page/Internal User/Email Address'

2019-01-03 22:42:09 - [MESSAGE][PASSED] - Text 'test@liferay.com' is set on object 'Object Repository/Final Object Repo/Login Page/Internal User/Email Address'

2019-01-03 22:42:09 - [TEST_STEP][PASSED] - click: Object: 'Object Repository/Final Object Repo/Login Page/Internal User/Next Button' is clicked on

2019-01-03 22:42:09 - [MESSAGE][PASSED] - Object: 'Object Repository/Final Object Repo/Login Page/Internal User/Next Button' is clicked on

2019-01-03 22:42:09 - [TEST_STEP][PASSED] - delay: Delayed 2 second(s)

2019-01-03 22:42:11 - [MESSAGE][PASSED] - Delayed 2 second(s)

2019-01-03 22:42:11 - [TEST_STEP][PASSED] - setText: Text 'test' is set on object 'Object Repository/Final Object Repo/Login Page/Internal User/Password'

2019-01-03 22:42:11 - [MESSAGE][PASSED] - Text 'test' is set on object 'Object Repository/Final Object Repo/Login Page/Internal User/Password'

2019-01-03 22:42:11 - [TEST_STEP][PASSED] - delay: Delayed 2 second(s)

2019-01-03 22:42:13 - [MESSAGE][PASSED] - Delayed 2 second(s)

2019-01-03 22:42:13 - [TEST_STEP][PASSED] - click: Object: 'Object Repository/Final Object Repo/Login Page/Internal User/Login Button' is clicked on

2019-01-03 22:42:13 - [MESSAGE][PASSED] - Object: 'Object Repository/Final Object Repo/Login Page/Internal User/Login Button' is clicked on

2019-01-03 22:42:13 - [TEST_STEP][PASSED] - Statement - tester = com.kms.katalon.core.testobject.ObjectRepository.findTestObject(Final Object Repo/Landing Page/Select to English): Finding Test Object with id 'Object Repository/Final Object Repo/Landing Page/Select to English'

2019-01-03 22:42:13 - [TEST_STEP][PASSED] - Statement - Try: Delayed 2 second(s)

2019-01-03 22:42:13 - [TEST_STEP][PASSED] - Statement - Checker = com.kms.katalon.core.webui.keyword.WebUiBuiltInKeywords.verifyElementNotPresent(tester, 3): Web element with id: 'Object Repository/Final Object Repo/Landing Page/Select to English' located by 'By.xpath: //a[@class = 'taglib-language-list-text' and @lang = 'en-US' and (contains(text(), 'EN') or contains(., 'EN'))]' is not present after '3' second(s)

2019-01-03 22:42:15 - [MESSAGE][PASSED] - Web element with id: 'Object Repository/Final Object Repo/Landing Page/Select to English' located by 'By.xpath: //a[@class = 'taglib-language-list-text' and @lang = 'en-US' and (contains(text(), 'EN') or contains(., 'EN'))]' is not present after '3' second(s)

2019-01-03 22:42:15 - [TEST_STEP][PASSED] - Statement - If (Checker == false): null

2019-01-03 22:42:15 - [TEST_STEP][PASSED] - delay: Delayed 2 second(s)

2019-01-03 22:42:17 - [MESSAGE][PASSED] - Delayed 2 second(s)

2019-01-03 22:42:17 - [TEST_STEP][PASSED] - delay: Delayed 5 second(s)

2019-01-03 22:42:22 - [MESSAGE][PASSED] - Delayed 5 second(s)

2019-01-03 22:42:22 - [TEST_STEP][PASSED] - mouseOver: Object: 'Object Repository/Final Object Repo/Landing Page/WorkFlow Menu' is hovered

2019-01-03 22:42:22 - [MESSAGE][PASSED] - Object: 'Object Repository/Final Object Repo/Landing Page/WorkFlow Menu' is hovered

2019-01-03 22:42:22 - [TEST_STEP][PASSED] - delay: Delayed 2 second(s)

2019-01-03 22:42:24 - [MESSAGE][PASSED] - Delayed 2 second(s)

2019-01-03 22:42:24 - [TEST_STEP][PASSED] - click: Object: 'Object Repository/Final Object Repo/Landing Page/Select to Workflow Listing' is clicked on

2019-01-03 22:42:25 - [MESSAGE][PASSED] - Object: 'Object Repository/Final Object Repo/Landing Page/Select to Workflow Listing' is clicked on

2019-01-03 22:42:25 - [TEST_STEP][PASSED] - delay: Delayed 2 second(s)

2019-01-03 22:42:27 - [MESSAGE][PASSED] - Delayed 2 second(s)

2019-01-03 22:42:27 - [TEST_STEP][PASSED] - click: Object: 'Object Repository/Final Object Repo/WorkFlow Listing Page/Search Information - To Put Ref No' is clicked on

2019-01-03 22:42:28 - [MESSAGE][PASSED] - Object: 'Object Repository/Final Object Repo/WorkFlow Listing Page/Search Information - To Put Ref No' is clicked on

2019-01-03 22:42:28 - [TEST_STEP][PASSED] - delay: Delayed 2 second(s)

2019-01-03 22:42:30 - [MESSAGE][PASSED] - Delayed 2 second(s)

2019-01-03 22:42:30 - [TEST_STEP][PASSED] - callTestCase: Call Test Case 'Test Cases/Final Aug 2018 - PKS Automation/Common/Reference Number Getter' successfully

2019-01-03 22:42:30 - [TEST_CASE][PASSED] - Test Cases/Final Aug 2018 - PKS Automation/Common/Reference Number Getter: Test Cases/Final Aug 2018 - PKS Automation/Common/Reference Number Getter

2019-01-03 22:42:30 - [TEST_STEP][PASSED] - Statement - Try: null

2019-01-03 22:42:30 - [TEST_STEP][PASSED] - Statement - RefNo = new java.io.File(C://Users//Admin//Desktop//PKS//Automation Reference Point//KatalonReference.txt): null

2019-01-03 22:42:30 - [TEST_STEP][PASSED] - Statement - bufferread = new java.io.BufferedReader(new java.io.FileReader(RefNo)): null

2019-01-03 22:42:30 - [TEST_STEP][PASSED] - Statement - readedVal = bufferread.readLine(): null

2019-01-03 22:42:30 - [TEST_STEP][PASSED] - Statement - out.println(CaseReferenceNo): null

2019-01-03 22:42:30 - [TEST_STEP][PASSED] - Statement - out.println(readedVal): null

2019-01-03 22:42:30 - [TEST_STEP][PASSED] - Statement - CaseReferenceNo = "": null

2019-01-03 22:42:30 - [TEST_STEP][PASSED] - Statement - CaseReferenceNo = readedVal: null

2019-01-03 22:42:30 - [MESSAGE][PASSED] - Call Test Case 'Test Cases/Final Aug 2018 - PKS Automation/Common/Reference Number Getter' successfully

2019-01-03 22:42:30 - [TEST_STEP][PASSED] - setText: Text 'CUN012019C100006182' is set on object 'Object Repository/Final Object Repo/WorkFlow Listing Page/Ref No Set Text'

2019-01-03 22:42:30 - [MESSAGE][PASSED] - Text 'CUN012019C100006182' is set on object 'Object Repository/Final Object Repo/WorkFlow Listing Page/Ref No Set Text'

2019-01-03 22:42:30 - [TEST_STEP][PASSED] - delay: Delayed 2 second(s)

2019-01-03 22:42:32 - [MESSAGE][PASSED] - Delayed 2 second(s)

2019-01-03 22:42:32 - [TEST_STEP][PASSED] - click: Object: 'Object Repository/Final Object Repo/WorkFlow Listing Page/Search Ref No Search Button' is clicked on

2019-01-03 22:42:32 - [MESSAGE][PASSED] - Object: 'Object Repository/Final Object Repo/WorkFlow Listing Page/Search Ref No Search Button' is clicked on

2019-01-03 22:42:32 - [TEST_STEP][PASSED] - delay: Delayed 6 second(s)

2019-01-03 22:42:38 - [MESSAGE][PASSED] - Delayed 6 second(s)

2019-01-03 22:42:38 - [TEST_STEP][PASSED] - click: Object: 'Object Repository/Final Object Repo/WorkFlow Listing Page/Click Continue Tooltip' is clicked on

2019-01-03 22:42:39 - [MESSAGE][PASSED] - Object: 'Object Repository/Final Object Repo/WorkFlow Listing Page/Click Continue Tooltip' is clicked on

2019-01-03 22:42:39 - [TEST_STEP][PASSED] - delay: Delayed 5 second(s)

2019-01-03 22:42:44 - [MESSAGE][PASSED] - Delayed 5 second(s)

2019-01-03 22:42:44 - [TEST_STEP][PASSED] - doubleClick: Object: 'Object Repository/Final Object Repo/WorkFlow Listing Page/Workflow Found - Listing 1' is double clicked on

2019-01-03 22:42:44 - [MESSAGE][PASSED] - Object: 'Object Repository/Final Object Repo/WorkFlow Listing Page/Workflow Found - Listing 1' is double clicked on

2019-01-03 22:42:44 - [TEST_STEP][PASSED] - Statement - println(OwnerID): null

2019-01-03 22:42:44 - [TEST_STEP][PASSED] - Statement - OwnerID = com.kms.katalon.core.webui.keyword.WebUiBuiltInKeywords.getText(com.kms.katalon.core.testobject.ObjectRepository.findTestObject(Final Object Repo/WorkFlow Listing Page/Workflow Found - Listing 1), STOP_ON_FAILURE): Text of object 'Object Repository/Final Object Repo/WorkFlow Listing Page/Workflow Found - Listing 1' is: 'JOHORuo2'

2019-01-03 22:42:44 - [MESSAGE][PASSED] - Text of object 'Object Repository/Final Object Repo/WorkFlow Listing Page/Workflow Found - Listing 1' is: 'JOHORuo2'

2019-01-03 22:42:44 - [TEST_STEP][PASSED] - Statement - OwnerID = OwnerID.toLowerCase() + "@gmail.com": null

2019-01-03 22:42:44 - [TEST_STEP][PASSED] - Statement - println(OwnerID): null

2019-01-03 22:42:44 - [TEST_STEP][PASSED] - delay: Delayed 2 second(s)

2019-01-03 22:42:46 - [MESSAGE][PASSED] - Delayed 2 second(s)

2019-01-03 22:42:46 - [MESSAGE][PASSED] - Call Test Case 'Test Cases/Final Aug 2018 - PKS Automation/Common/Workflow Owner Finder' successfully

2019-01-03 22:42:46 - [TEST_STEP][PASSED] - delay: Delayed 1 second(s)

2019-01-03 22:42:47 - [MESSAGE][PASSED] - Delayed 1 second(s)

2019-01-03 22:42:47 - [TEST_STEP][PASSED] - navigateToUrl: Navigate to 'https://assist2-uat.perkeso.gov.my/c/portal/logout' successfully

2019-01-03 22:42:48 - [MESSAGE][PASSED] - Navigate to 'https://assist2-uat.perkeso.gov.my/c/portal/logout' successfully

2019-01-03 22:42:48 - [TEST_STEP][PASSED] - callTestCase: Call Test Case 'Test Cases/Final Aug 2018 - PKS Automation/Registration Module/Workflow/Login and Search Case For Workflow' successfully

2019-01-03 22:42:48 - [TEST_CASE][PASSED] - Test Cases/Final Aug 2018 - PKS Automation/Registration Module/Workflow/Login and Search Case For Workflow: Test Cases/Final Aug 2018 - PKS Automation/Registration Module/Workflow/Login and Search Case For Workflow

2019-01-03 22:42:48 - [TEST_STEP][PASSED] - navigateToUrl: Navigate to 'https://assist2-uat.perkeso.gov.my/login' successfully

2019-01-03 22:42:49 - [MESSAGE][PASSED] - Navigate to 'https://assist2-uat.perkeso.gov.my/login' successfully

2019-01-03 22:42:49 - [TEST_STEP][PASSED] - setText: Text 'johoruo2@gmail.com' is set on object 'Object Repository/Final Object Repo/Login Page/Internal User/Email Address'

2019-01-03 22:42:49 - [MESSAGE][PASSED] - Text 'johoruo2@gmail.com' is set on object 'Object Repository/Final Object Repo/Login Page/Internal User/Email Address'

2019-01-03 22:42:49 - [TEST_STEP][PASSED] - click: Object: 'Object Repository/Final Object Repo/Login Page/Internal User/Next Button' is clicked on

2019-01-03 22:42:49 - [MESSAGE][PASSED] - Object: 'Object Repository/Final Object Repo/Login Page/Internal User/Next Button' is clicked on

2019-01-03 22:42:49 - [TEST_STEP][PASSED] - delay: Delayed 1 second(s)

2019-01-03 22:42:50 - [MESSAGE][PASSED] - Delayed 1 second(s)

2019-01-03 22:42:50 - [TEST_STEP][PASSED] - setEncryptedText: Text ****** has been set on object 'Object Repository/Final Object Repo/Login Page/Internal User/Password'

2019-01-03 22:42:51 - [MESSAGE][PASSED] - Text ****** has been set on object 'Object Repository/Final Object Repo/Login Page/Internal User/Password'

2019-01-03 22:42:51 - [TEST_STEP][PASSED] - click: Object: 'Object Repository/Final Object Repo/Login Page/Internal User/Login Button' is clicked on

2019-01-03 22:42:51 - [MESSAGE][PASSED] - Object: 'Object Repository/Final Object Repo/Login Page/Internal User/Login Button' is clicked on

2019-01-03 22:42:51 - [TEST_STEP][PASSED] - delay: Delayed 2 second(s)

2019-01-03 22:42:53 - [MESSAGE][PASSED] - Delayed 2 second(s)

2019-01-03 22:42:53 - [TEST_STEP][PASSED] - Statement - Try: Delayed 2 second(s)

2019-01-03 22:42:53 - [TEST_STEP][PASSED] - Statement - Checker = false: null

2019-01-03 22:42:53 - [TEST_STEP][PASSED] - Statement - Checker = com.kms.katalon.core.webui.keyword.WebUiBuiltInKeywords.verifyElementHasAttribute(com.kms.katalon.core.testobject.ObjectRepository.findTestObject(Final Object Repo/Landing Page/BM Detecting), "href", 20, OPTIONAL): Object 'Object Repository/Final Object Repo/Landing Page/BM Detecting' has attribute 'href'

2019-01-03 22:42:53 - [MESSAGE][PASSED] - Object 'Object Repository/Final Object Repo/Landing Page/BM Detecting' has attribute 'href'

2019-01-03 22:42:53 - [TEST_STEP][PASSED] - Statement - out.println(Checker): null

2019-01-03 22:42:53 - [TEST_STEP][PASSED] - Statement - If (Checker == false): null

2019-01-03 22:42:53 - [TEST_STEP][PASSED] - Statement - Else: null

2019-01-03 22:42:53 - [TEST_STEP][PASSED] - delay: Delayed 2 second(s)

2019-01-03 22:42:55 - [MESSAGE][PASSED] - Delayed 2 second(s)

2019-01-03 22:42:55 - [TEST_STEP][PASSED] - click: Object: 'Object Repository/Final Object Repo/Page_MyASSIST - ASSIST - Search Pending Case For Add Supporting Document/Search Information' is clicked on

2019-01-03 22:42:55 - [MESSAGE][PASSED] - Object: 'Object Repository/Final Object Repo/Page_MyASSIST - ASSIST - Search Pending Case For Add Supporting Document/Search Information' is clicked on

2019-01-03 22:42:55 - [TEST_STEP][PASSED] - delay: Delayed 3 second(s)

2019-01-03 22:42:58 - [MESSAGE][PASSED] - Delayed 3 second(s)

2019-01-03 22:42:58 - [TEST_STEP][PASSED] - sendKeys: Keys 'CUN012019C100006182' sent to object: 'Object Repository/Final Object Repo/Page_MyASSIST - ASSIST - Search Pending Case For Add Supporting Document/Reference No'

2019-01-03 22:42:58 - [MESSAGE][PASSED] - Keys 'CUN012019C100006182' sent to object: 'Object Repository/Final Object Repo/Page_MyASSIST - ASSIST - Search Pending Case For Add Supporting Document/Reference No'

2019-01-03 22:42:58 - [TEST_STEP][PASSED] - click: Object: 'Object Repository/Final Object Repo/Page_MyASSIST - ASSIST - Search Pending Case For Add Supporting Document/Search Reference No' is clicked on

2019-01-03 22:42:58 - [MESSAGE][PASSED] - Object: 'Object Repository/Final Object Repo/Page_MyASSIST - ASSIST - Search Pending Case For Add Supporting Document/Search Reference No' is clicked on

2019-01-03 22:42:58 - [TEST_STEP][PASSED] - delay: Delayed 2 second(s)

2019-01-03 22:43:00 - [MESSAGE][PASSED] - Delayed 2 second(s)

2019-01-03 22:43:00 - [TEST_STEP][PASSED] - click: Object: 'Object Repository/Final Object Repo/Page_MyASSIST - ASSIST - Search Pending Case For Add Supporting Document/Continue' is clicked on

2019-01-03 22:43:04 - [MESSAGE][PASSED] - Object: 'Object Repository/Final Object Repo/Page_MyASSIST - ASSIST - Search Pending Case For Add Supporting Document/Continue' is clicked on

2019-01-03 22:43:04 - [TEST_STEP][PASSED] - delay: Delayed 20 second(s)

2019-01-03 22:43:24 - [MESSAGE][PASSED] - Delayed 20 second(s)

2019-01-03 22:43:24 - [MESSAGE][PASSED] - Call Test Case 'Test Cases/Final Aug 2018 - PKS Automation/Registration Module/Workflow/Login and Search Case For Workflow' successfully

2019-01-03 22:43:24 - [TEST_STEP][PASSED] - delay: Delayed 10 second(s)

2019-01-03 22:43:34 - [MESSAGE][PASSED] - Delayed 10 second(s)

2019-01-03 22:43:34 - [TEST_STEP][PASSED] - click: Object: 'Object Repository/Final Object Repo/Page_Update Employer Information/Page_Update Employer Information UO (Approve)/Continue' is clicked on

2019-01-03 22:43:38 - [MESSAGE][PASSED] - Object: 'Object Repository/Final Object Repo/Page_Update Employer Information/Page_Update Employer Information UO (Approve)/Continue' is clicked on

2019-01-03 22:43:38 - [TEST_STEP][PASSED] - delay: Delayed 10 second(s)

2019-01-03 22:43:48 - [MESSAGE][PASSED] - Delayed 10 second(s)

2019-01-03 22:43:48 - [TEST_STEP][PASSED] - click: Object: 'Object Repository/Final Object Repo/Page_Update Employer Information/Page_Update Employer Information UO (Approve)/Save  Continue in Update Employer Information Page' is clicked on

2019-01-03 22:43:48 - [MESSAGE][PASSED] - Object: 'Object Repository/Final Object Repo/Page_Update Employer Information/Page_Update Employer Information UO (Approve)/Save  Continue in Update Employer Information Page' is clicked on

2019-01-03 22:43:48 - [TEST_STEP][PASSED] - delay: Delayed 3 second(s)

2019-01-03 22:43:51 - [MESSAGE][PASSED] - Delayed 3 second(s)

2019-01-03 22:43:51 - [TEST_STEP][PASSED] - click: Object: 'Object Repository/Final Object Repo/Page_Update Employer Information/Page_Update Employer Information UO (Approve)/Save  Continue in Uploading Supporting Document Page' is clicked on

2019-01-03 22:43:53 - [MESSAGE][PASSED] - Object: 'Object Repository/Final Object Repo/Page_Update Employer Information/Page_Update Employer Information UO (Approve)/Save  Continue in Uploading Supporting Document Page' is clicked on

2019-01-03 22:43:53 - [TEST_STEP][PASSED] - delay: Delayed 3 second(s)

2019-01-03 22:43:56 - [MESSAGE][PASSED] - Delayed 3 second(s)

2019-01-03 22:43:56 - [TEST_STEP][PASSED] - click: Object: 'Object Repository/Final Object Repo/Page_Update Employer Information/Page_Update Employer Information UO (Approve)/Approve' is clicked on

2019-01-03 22:43:57 - [MESSAGE][PASSED] - Object: 'Object Repository/Final Object Repo/Page_Update Employer Information/Page_Update Employer Information UO (Approve)/Approve' is clicked on

2019-01-03 22:43:57 - [TEST_STEP][PASSED] - delay: Delayed 2 second(s)

2019-01-03 22:43:59 - [MESSAGE][PASSED] - Delayed 2 second(s)

2019-01-03 22:43:59 - [TEST_STEP][PASSED] - click: Object: 'Object Repository/Final Object Repo/Page_Update Employer Information/Page_Update Employer Information UO (Approve)/Confirm' is clicked on

2019-01-03 22:43:59 - [MESSAGE][PASSED] - Object: 'Object Repository/Final Object Repo/Page_Update Employer Information/Page_Update Employer Information UO (Approve)/Confirm' is clicked on

2019-01-03 22:43:59 - [TEST_STEP][PASSED] - delay: Delayed 2 second(s)

2019-01-03 22:44:01 - [MESSAGE][PASSED] - Delayed 2 second(s)

2019-01-03 22:44:01 - [TEST_STEP][PASSED] - verifyElementVisible: Object 'Object Repository/Final Object Repo/Page_Update Employer Information/Page_Update Employer Information UO (Approve)/Message Your Request' is visible

2019-01-03 22:44:08 - [MESSAGE][PASSED] - Object 'Object Repository/Final Object Repo/Page_Update Employer Information/Page_Update Employer Information UO (Approve)/Message Your Request' is visible

2019-01-03 22:44:08 - [TEST_STEP][PASSED] - verifyElementVisible: Object 'Object Repository/Final Object Repo/Page_Update Employer Information/Page_Update Employer Information UO (Approve)/Letter of successful update' is visible

2019-01-03 22:44:08 - [MESSAGE][PASSED] - Object 'Object Repository/Final Object Repo/Page_Update Employer Information/Page_Update Employer Information UO (Approve)/Letter of successful update' is visible

2019-01-03 22:44:08 - [MESSAGE][PASSED] - Call Test Case 'Test Cases/Final Aug 2018 - PKS Automation/Registration Module/Workflow/Update Employer Information/Template/Update Employer Information - Special Case - UO (Approve)' successfully]]></system-out>
         <system-err><![CDATA[]]></system-err>
      </testcase>
      <testcase name="Test Cases/Final Aug 2018 - PKS Automation/Registration Module/Workflow/Update Employer Information/OTC - UO (Query)" classname="Test Cases/Final Aug 2018 - PKS Automation/Registration Module/Workflow/Update Employer Information/OTC - UO (Query)" status="PASSED">
         <system-out><![CDATA[2019-01-03 22:44:08 - [TEST_CASE][PASSED] - Test Cases/Final Aug 2018 - PKS Automation/Registration Module/Workflow/Update Employer Information/OTC - UO (Query): Test Cases/Final Aug 2018 - PKS Automation/Registration Module/Workflow/Update Employer Information/OTC - UO (Query)

2019-01-03 22:44:08 - [TEST_STEP][PASSED] - callTestCase: Call Test Case 'Test Cases/Final Aug 2018 - PKS Automation/Registration Module/Workflow/Update Employer Information/Template/Update Employer Information - Special Case (OTC)' successfully

2019-01-03 22:44:08 - [TEST_CASE][PASSED] - Test Cases/Final Aug 2018 - PKS Automation/Registration Module/Workflow/Update Employer Information/Template/Update Employer Information - Special Case (OTC): Test Cases/Final Aug 2018 - PKS Automation/Registration Module/Workflow/Update Employer Information/Template/Update Employer Information - Special Case (OTC)

2019-01-03 22:44:08 - [TEST_STEP][PASSED] - openBrowser: Browser is opened with url: ''

2019-01-03 22:44:08 - [MESSAGE][WARNING] - A browser is already opened. Closing browser and opening a new one

2019-01-03 22:44:12 - [MESSAGE][PASSED] - Browser is opened with url: ''

2019-01-03 22:44:12 - [TEST_STEP][PASSED] - navigateToUrl: Navigate to 'https://assist2-uat.perkeso.gov.my/login' successfully

2019-01-03 22:44:13 - [MESSAGE][PASSED] - Navigate to 'https://assist2-uat.perkeso.gov.my/login' successfully

2019-01-03 22:44:13 - [TEST_STEP][PASSED] - setText: Text 'johorotc1@gmail.com' is set on object 'Object Repository/Final Object Repo/Login Page/Internal User/Email Address'

2019-01-03 22:44:14 - [MESSAGE][PASSED] - Text 'johorotc1@gmail.com' is set on object 'Object Repository/Final Object Repo/Login Page/Internal User/Email Address'

2019-01-03 22:44:14 - [TEST_STEP][PASSED] - click: Object: 'Object Repository/Final Object Repo/Login Page/Internal User/Next Button' is clicked on

2019-01-03 22:44:14 - [MESSAGE][PASSED] - Object: 'Object Repository/Final Object Repo/Login Page/Internal User/Next Button' is clicked on

2019-01-03 22:44:14 - [TEST_STEP][PASSED] - delay: Delayed 1 second(s)

2019-01-03 22:44:15 - [MESSAGE][PASSED] - Delayed 1 second(s)

2019-01-03 22:44:15 - [TEST_STEP][PASSED] - setEncryptedText: Text ****** has been set on object 'Object Repository/Final Object Repo/Login Page/Internal User/Password'

2019-01-03 22:44:15 - [MESSAGE][PASSED] - Text ****** has been set on object 'Object Repository/Final Object Repo/Login Page/Internal User/Password'

2019-01-03 22:44:15 - [TEST_STEP][PASSED] - click: Object: 'Object Repository/Final Object Repo/Login Page/Internal User/Login Button' is clicked on

2019-01-03 22:44:15 - [MESSAGE][PASSED] - Object: 'Object Repository/Final Object Repo/Login Page/Internal User/Login Button' is clicked on

2019-01-03 22:44:15 - [TEST_STEP][PASSED] - Statement - tester = com.kms.katalon.core.testobject.ObjectRepository.findTestObject(Final Object Repo/Landing Page/Select to English): Finding Test Object with id 'Object Repository/Final Object Repo/Landing Page/Select to English'

2019-01-03 22:44:15 - [TEST_STEP][PASSED] - Statement - Try: Delayed 2 second(s)

2019-01-03 22:44:15 - [TEST_STEP][PASSED] - Statement - Checker = com.kms.katalon.core.webui.keyword.WebUiBuiltInKeywords.verifyElementNotPresent(tester, 3): Web element with id: 'Object Repository/Final Object Repo/Landing Page/Select to English' located by 'By.xpath: //a[@class = 'taglib-language-list-text' and @lang = 'en-US' and (contains(text(), 'EN') or contains(., 'EN'))]' is not present after '3' second(s)

2019-01-03 22:44:17 - [MESSAGE][PASSED] - Web element with id: 'Object Repository/Final Object Repo/Landing Page/Select to English' located by 'By.xpath: //a[@class = 'taglib-language-list-text' and @lang = 'en-US' and (contains(text(), 'EN') or contains(., 'EN'))]' is not present after '3' second(s)

2019-01-03 22:44:17 - [TEST_STEP][PASSED] - Statement - If (Checker == false): null

2019-01-03 22:44:17 - [TEST_STEP][PASSED] - delay: Delayed 2 second(s)

2019-01-03 22:44:19 - [MESSAGE][PASSED] - Delayed 2 second(s)

2019-01-03 22:44:19 - [TEST_STEP][PASSED] - delay: Delayed 5 second(s)

2019-01-03 22:44:24 - [MESSAGE][PASSED] - Delayed 5 second(s)

2019-01-03 22:44:24 - [TEST_STEP][PASSED] - navigateToUrl: Navigate to 'https://assist2-uat.perkeso.gov.my/web/registration/update/update-employer-information' successfully

2019-01-03 22:44:25 - [MESSAGE][PASSED] - Navigate to 'https://assist2-uat.perkeso.gov.my/web/registration/update/update-employer-information' successfully

2019-01-03 22:44:25 - [TEST_STEP][PASSED] - setText: Text 'E1102001065V ' is set on object 'Object Repository/Final Object Repo/Page_Update Employer Information/Employer Code'

2019-01-03 22:44:25 - [MESSAGE][PASSED] - Text 'E1102001065V ' is set on object 'Object Repository/Final Object Repo/Page_Update Employer Information/Employer Code'

2019-01-03 22:44:25 - [TEST_STEP][PASSED] - click: Object: 'Object Repository/Final Object Repo/Page_Update Employer Information/Search Button' is clicked on

2019-01-03 22:44:26 - [MESSAGE][PASSED] - Object: 'Object Repository/Final Object Repo/Page_Update Employer Information/Search Button' is clicked on

2019-01-03 22:44:26 - [TEST_STEP][PASSED] - click: Object: 'Object Repository/Final Object Repo/Page_Update Employer Information/Edit Button' is clicked on

2019-01-03 22:44:29 - [MESSAGE][PASSED] - Object: 'Object Repository/Final Object Repo/Page_Update Employer Information/Edit Button' is clicked on

2019-01-03 22:44:29 - [TEST_STEP][PASSED] - click: Object: 'Object Repository/Final Object Repo/Page_Update Employer Information/Business Entity' is clicked on

2019-01-03 22:44:29 - [MESSAGE][PASSED] - Object: 'Object Repository/Final Object Repo/Page_Update Employer Information/Business Entity' is clicked on

2019-01-03 22:44:29 - [TEST_STEP][PASSED] - Statement - CurrentBusinessEntity = "": null

2019-01-03 22:44:29 - [TEST_STEP][PASSED] - Statement - CurrentBusinessEntity = com.kms.katalon.core.webui.keyword.WebUiBuiltInKeywords.getText(com.kms.katalon.core.testobject.ObjectRepository.findTestObject(Final Object Repo/Page_Update Employer Information/Current Business Entity)): Text of object 'Object Repository/Final Object Repo/Page_Update Employer Information/Current Business Entity' is: 'Partnership'

2019-01-03 22:44:29 - [MESSAGE][PASSED] - Text of object 'Object Repository/Final Object Repo/Page_Update Employer Information/Current Business Entity' is: 'Partnership'

2019-01-03 22:44:29 - [TEST_STEP][PASSED] - Statement - out.println(CurrentBusinessEntity): null

2019-01-03 22:44:29 - [TEST_STEP][PASSED] - Statement - If (CurrentBusinessEntity == "Corporation"): null

2019-01-03 22:44:29 - [TEST_STEP][PASSED] - Statement - Else If (CurrentBusinessEntity == "Partnership"): Delayed 3 second(s)

2019-01-03 22:44:29 - [TEST_STEP][PASSED] - Statement - obj = com.kms.katalon.core.webui.keyword.WebUiBuiltInKeywords.modifyObjectProperty(com.kms.katalon.core.testobject.ObjectRepository.findTestObject(Final Object Repo/Page_Update Employer Information/change to this Business Entity), "xpath", "equals", "//ul/li/span[contains(text(),"Sole Proprietor / Individual Business")]", true, STOP_ON_FAILURE): Modify property of object successfully

2019-01-03 22:44:29 - [MESSAGE][PASSED] - Modify property of object successfully

2019-01-03 22:44:29 - [TEST_STEP][PASSED] - click: Object: 'Object Repository/Final Object Repo/Page_Update Employer Information/change to this Business Entity' is clicked on

2019-01-03 22:44:30 - [MESSAGE][PASSED] - Object: 'Object Repository/Final Object Repo/Page_Update Employer Information/change to this Business Entity' is clicked on

2019-01-03 22:44:30 - [TEST_STEP][PASSED] - delay: Delayed 1 second(s)

2019-01-03 22:44:31 - [MESSAGE][PASSED] - Delayed 1 second(s)

2019-01-03 22:44:31 - [TEST_STEP][PASSED] - click: Object: 'Object Repository/Final Object Repo/Page_Update Employer Information/Sub Business Entity' is clicked on

2019-01-03 22:44:31 - [MESSAGE][PASSED] - Object: 'Object Repository/Final Object Repo/Page_Update Employer Information/Sub Business Entity' is clicked on

2019-01-03 22:44:31 - [TEST_STEP][PASSED] - click: Object: 'Object Repository/Final Object Repo/Page_Update Employer Information/Sub Business Entity - Sole Properietor - Registered with other Agencies' is clicked on

2019-01-03 22:44:31 - [MESSAGE][PASSED] - Object: 'Object Repository/Final Object Repo/Page_Update Employer Information/Sub Business Entity - Sole Properietor - Registered with other Agencies' is clicked on

2019-01-03 22:44:31 - [TEST_STEP][PASSED] - delay: Delayed 3 second(s)

2019-01-03 22:44:34 - [MESSAGE][PASSED] - Delayed 3 second(s)

2019-01-03 22:44:34 - [TEST_STEP][PASSED] - delay: Delayed 4 second(s)

2019-01-03 22:44:38 - [MESSAGE][PASSED] - Delayed 4 second(s)

2019-01-03 22:44:38 - [TEST_STEP][PASSED] - click: Object: 'Object Repository/Final Object Repo/Page_Update Employer Information/Save  Continue' is clicked on

2019-01-03 22:44:38 - [MESSAGE][PASSED] - Object: 'Object Repository/Final Object Repo/Page_Update Employer Information/Save  Continue' is clicked on

2019-01-03 22:44:38 - [TEST_STEP][PASSED] - delay: Delayed 4 second(s)

2019-01-03 22:44:42 - [MESSAGE][PASSED] - Delayed 4 second(s)

2019-01-03 22:44:42 - [TEST_STEP][PASSED] - click: Object: 'Object Repository/Final Object Repo/Page_Update Employer Information/Save  Continue (1)' is clicked on

2019-01-03 22:44:42 - [MESSAGE][PASSED] - Object: 'Object Repository/Final Object Repo/Page_Update Employer Information/Save  Continue (1)' is clicked on

2019-01-03 22:44:42 - [TEST_STEP][PASSED] - delay: Delayed 4 second(s)

2019-01-03 22:44:46 - [MESSAGE][PASSED] - Delayed 4 second(s)

2019-01-03 22:44:46 - [TEST_STEP][PASSED] - Statement - CaseReferenceNo = com.kms.katalon.core.webui.keyword.WebUiBuiltInKeywords.getText(com.kms.katalon.core.testobject.ObjectRepository.findTestObject(Final Object Repo/Page_Update Employer Information/Reference Number in Update Employee Information Page)): Text of object 'Object Repository/Final Object Repo/Page_Update Employer Information/Reference Number in Update Employee Information Page' is: 'CUN012019C100006183'

2019-01-03 22:44:46 - [MESSAGE][PASSED] - Text of object 'Object Repository/Final Object Repo/Page_Update Employer Information/Reference Number in Update Employee Information Page' is: 'CUN012019C100006183'

2019-01-03 22:44:46 - [TEST_STEP][PASSED] - callTestCase: Call Test Case 'Test Cases/Final Aug 2018 - PKS Automation/Common/Reference Number Setter' successfully

2019-01-03 22:44:46 - [TEST_CASE][PASSED] - Test Cases/Final Aug 2018 - PKS Automation/Common/Reference Number Setter: Test Cases/Final Aug 2018 - PKS Automation/Common/Reference Number Setter

2019-01-03 22:44:47 - [TEST_STEP][PASSED] - Statement - RefNoOldFile = new java.io.File(C://Users//Admin//Desktop//PKS//Automation Reference Point//KatalonReference.txt): null

2019-01-03 22:44:47 - [TEST_STEP][PASSED] - Statement - RefNoOldFile.delete(): null

2019-01-03 22:44:47 - [TEST_STEP][PASSED] - delay: Delayed 5 second(s)

2019-01-03 22:44:52 - [MESSAGE][PASSED] - Delayed 5 second(s)

2019-01-03 22:44:52 - [TEST_STEP][PASSED] - Statement - RefNo = new java.io.File(C://Users//Admin//Desktop//PKS//Automation Reference Point//KatalonReference.txt): null

2019-01-03 22:44:52 - [TEST_STEP][PASSED] - Statement - f2 = new java.io.FileWriter(RefNo, false): null

2019-01-03 22:44:52 - [TEST_STEP][PASSED] - Statement - f2.write(CaseReferenceNo): null

2019-01-03 22:44:52 - [TEST_STEP][PASSED] - Statement - f2.close(): null

2019-01-03 22:44:52 - [TEST_STEP][PASSED] - Statement - out.println("


" + CaseReferenceNo + "


"): null

2019-01-03 22:44:52 - [MESSAGE][PASSED] - Call Test Case 'Test Cases/Final Aug 2018 - PKS Automation/Common/Reference Number Setter' successfully

2019-01-03 22:44:52 - [TEST_STEP][PASSED] - delay: Delayed 4 second(s)

2019-01-03 22:44:56 - [MESSAGE][PASSED] - Delayed 4 second(s)

2019-01-03 22:44:56 - [TEST_STEP][PASSED] - click: Object: 'Object Repository/Final Object Repo/Page_Update Employer Information/Submit - Copy' is clicked on

2019-01-03 22:44:56 - [MESSAGE][PASSED] - Object: 'Object Repository/Final Object Repo/Page_Update Employer Information/Submit - Copy' is clicked on

2019-01-03 22:44:56 - [TEST_STEP][PASSED] - delay: Delayed 2 second(s)

2019-01-03 22:44:58 - [MESSAGE][PASSED] - Delayed 2 second(s)

2019-01-03 22:44:58 - [TEST_STEP][PASSED] - click: Object: 'Object Repository/Final Object Repo/Page_Update Employer Information/Confirm' is clicked on

2019-01-03 22:44:58 - [MESSAGE][PASSED] - Object: 'Object Repository/Final Object Repo/Page_Update Employer Information/Confirm' is clicked on

2019-01-03 22:44:58 - [TEST_STEP][PASSED] - delay: Delayed 2 second(s)

2019-01-03 22:45:00 - [MESSAGE][PASSED] - Delayed 2 second(s)

2019-01-03 22:45:00 - [TEST_STEP][PASSED] - click: Object: 'Object Repository/Final Object Repo/Page_Update Employer Information/Message Your Request will be route' is clicked on

2019-01-03 22:45:01 - [MESSAGE][PASSED] - Object: 'Object Repository/Final Object Repo/Page_Update Employer Information/Message Your Request will be route' is clicked on

2019-01-03 22:45:01 - [MESSAGE][PASSED] - Call Test Case 'Test Cases/Final Aug 2018 - PKS Automation/Registration Module/Workflow/Update Employer Information/Template/Update Employer Information - Special Case (OTC)' successfully

2019-01-03 22:45:01 - [TEST_STEP][PASSED] - callTestCase: Call Test Case 'Test Cases/Final Aug 2018 - PKS Automation/Registration Module/Workflow/Update Employer Information/Template/Update Employer Information - Special Case - UO (Query)' successfully

2019-01-03 22:45:02 - [TEST_CASE][PASSED] - Test Cases/Final Aug 2018 - PKS Automation/Registration Module/Workflow/Update Employer Information/Template/Update Employer Information - Special Case - UO (Query): Test Cases/Final Aug 2018 - PKS Automation/Registration Module/Workflow/Update Employer Information/Template/Update Employer Information - Special Case - UO (Query)

2019-01-03 22:45:02 - [TEST_STEP][NOT_RUN] - callTestCase: NOT_RUN: callTestCase

2019-01-03 22:45:02 - [MESSAGE][NOT_RUN] - NOT_RUN: callTestCase

2019-01-03 22:45:02 - [TEST_STEP][PASSED] - delay: Delayed 1 second(s)

2019-01-03 22:45:03 - [MESSAGE][PASSED] - Delayed 1 second(s)

2019-01-03 22:45:03 - [TEST_STEP][PASSED] - navigateToUrl: Navigate to 'https://assist2-uat.perkeso.gov.my/c/portal/logout' successfully

2019-01-03 22:45:03 - [MESSAGE][PASSED] - Navigate to 'https://assist2-uat.perkeso.gov.my/c/portal/logout' successfully

2019-01-03 22:45:03 - [TEST_STEP][PASSED] - delay: Delayed 1 second(s)

2019-01-03 22:45:04 - [MESSAGE][PASSED] - Delayed 1 second(s)

2019-01-03 22:45:04 - [TEST_STEP][PASSED] - callTestCase: Call Test Case 'Test Cases/Final Aug 2018 - PKS Automation/Common/Reference Number Getter' successfully

2019-01-03 22:45:04 - [TEST_CASE][PASSED] - Test Cases/Final Aug 2018 - PKS Automation/Common/Reference Number Getter: Test Cases/Final Aug 2018 - PKS Automation/Common/Reference Number Getter

2019-01-03 22:45:04 - [TEST_STEP][PASSED] - Statement - Try: null

2019-01-03 22:45:04 - [TEST_STEP][PASSED] - Statement - RefNo = new java.io.File(C://Users//Admin//Desktop//PKS//Automation Reference Point//KatalonReference.txt): null

2019-01-03 22:45:04 - [TEST_STEP][PASSED] - Statement - bufferread = new java.io.BufferedReader(new java.io.FileReader(RefNo)): null

2019-01-03 22:45:04 - [TEST_STEP][PASSED] - Statement - readedVal = bufferread.readLine(): null

2019-01-03 22:45:04 - [TEST_STEP][PASSED] - Statement - out.println(CaseReferenceNo): null

2019-01-03 22:45:04 - [TEST_STEP][PASSED] - Statement - out.println(readedVal): null

2019-01-03 22:45:04 - [TEST_STEP][PASSED] - Statement - CaseReferenceNo = "": null

2019-01-03 22:45:04 - [TEST_STEP][PASSED] - Statement - CaseReferenceNo = readedVal: null

2019-01-03 22:45:04 - [MESSAGE][PASSED] - Call Test Case 'Test Cases/Final Aug 2018 - PKS Automation/Common/Reference Number Getter' successfully

2019-01-03 22:45:04 - [TEST_STEP][PASSED] - callTestCase: Call Test Case 'Test Cases/Final Aug 2018 - PKS Automation/Common/Workflow Owner Finder' successfully

2019-01-03 22:45:05 - [TEST_CASE][PASSED] - Test Cases/Final Aug 2018 - PKS Automation/Common/Workflow Owner Finder: Test Cases/Final Aug 2018 - PKS Automation/Common/Workflow Owner Finder

2019-01-03 22:45:05 - [TEST_STEP][PASSED] - openBrowser: Browser is opened with url: ''

2019-01-03 22:45:05 - [MESSAGE][WARNING] - A browser is already opened. Closing browser and opening a new one

2019-01-03 22:45:08 - [MESSAGE][PASSED] - Browser is opened with url: ''

2019-01-03 22:45:08 - [TEST_STEP][PASSED] - navigateToUrl: Navigate to 'https://assist2-uat.perkeso.gov.my/login' successfully

2019-01-03 22:45:09 - [MESSAGE][PASSED] - Navigate to 'https://assist2-uat.perkeso.gov.my/login' successfully

2019-01-03 22:45:09 - [TEST_STEP][PASSED] - delay: Delayed 5 second(s)

2019-01-03 22:45:14 - [MESSAGE][PASSED] - Delayed 5 second(s)

2019-01-03 22:45:14 - [TEST_STEP][PASSED] - setText: Text 'test@liferay.com' is set on object 'Object Repository/Final Object Repo/Login Page/Internal User/Email Address'

2019-01-03 22:45:15 - [MESSAGE][PASSED] - Text 'test@liferay.com' is set on object 'Object Repository/Final Object Repo/Login Page/Internal User/Email Address'

2019-01-03 22:45:15 - [TEST_STEP][PASSED] - click: Object: 'Object Repository/Final Object Repo/Login Page/Internal User/Next Button' is clicked on

2019-01-03 22:45:15 - [MESSAGE][PASSED] - Object: 'Object Repository/Final Object Repo/Login Page/Internal User/Next Button' is clicked on

2019-01-03 22:45:15 - [TEST_STEP][PASSED] - delay: Delayed 2 second(s)

2019-01-03 22:45:17 - [MESSAGE][PASSED] - Delayed 2 second(s)

2019-01-03 22:45:17 - [TEST_STEP][PASSED] - setText: Text 'test' is set on object 'Object Repository/Final Object Repo/Login Page/Internal User/Password'

2019-01-03 22:45:17 - [MESSAGE][PASSED] - Text 'test' is set on object 'Object Repository/Final Object Repo/Login Page/Internal User/Password'

2019-01-03 22:45:17 - [TEST_STEP][PASSED] - delay: Delayed 2 second(s)

2019-01-03 22:45:19 - [MESSAGE][PASSED] - Delayed 2 second(s)

2019-01-03 22:45:19 - [TEST_STEP][PASSED] - click: Object: 'Object Repository/Final Object Repo/Login Page/Internal User/Login Button' is clicked on

2019-01-03 22:45:19 - [MESSAGE][PASSED] - Object: 'Object Repository/Final Object Repo/Login Page/Internal User/Login Button' is clicked on

2019-01-03 22:45:19 - [TEST_STEP][PASSED] - Statement - tester = com.kms.katalon.core.testobject.ObjectRepository.findTestObject(Final Object Repo/Landing Page/Select to English): Finding Test Object with id 'Object Repository/Final Object Repo/Landing Page/Select to English'

2019-01-03 22:45:19 - [TEST_STEP][PASSED] - Statement - Try: Delayed 2 second(s)

2019-01-03 22:45:19 - [TEST_STEP][PASSED] - Statement - Checker = com.kms.katalon.core.webui.keyword.WebUiBuiltInKeywords.verifyElementNotPresent(tester, 3): Web element with id: 'Object Repository/Final Object Repo/Landing Page/Select to English' located by 'By.xpath: //a[@class = 'taglib-language-list-text' and @lang = 'en-US' and (contains(text(), 'EN') or contains(., 'EN'))]' is not present after '3' second(s)

2019-01-03 22:45:21 - [MESSAGE][PASSED] - Web element with id: 'Object Repository/Final Object Repo/Landing Page/Select to English' located by 'By.xpath: //a[@class = 'taglib-language-list-text' and @lang = 'en-US' and (contains(text(), 'EN') or contains(., 'EN'))]' is not present after '3' second(s)

2019-01-03 22:45:21 - [TEST_STEP][PASSED] - Statement - If (Checker == false): null

2019-01-03 22:45:21 - [TEST_STEP][PASSED] - delay: Delayed 2 second(s)

2019-01-03 22:45:23 - [MESSAGE][PASSED] - Delayed 2 second(s)

2019-01-03 22:45:23 - [TEST_STEP][PASSED] - delay: Delayed 5 second(s)

2019-01-03 22:45:28 - [MESSAGE][PASSED] - Delayed 5 second(s)

2019-01-03 22:45:28 - [TEST_STEP][PASSED] - mouseOver: Object: 'Object Repository/Final Object Repo/Landing Page/WorkFlow Menu' is hovered

2019-01-03 22:45:28 - [MESSAGE][PASSED] - Object: 'Object Repository/Final Object Repo/Landing Page/WorkFlow Menu' is hovered

2019-01-03 22:45:28 - [TEST_STEP][PASSED] - delay: Delayed 2 second(s)

2019-01-03 22:45:30 - [MESSAGE][PASSED] - Delayed 2 second(s)

2019-01-03 22:45:30 - [TEST_STEP][PASSED] - click: Object: 'Object Repository/Final Object Repo/Landing Page/Select to Workflow Listing' is clicked on

2019-01-03 22:45:31 - [MESSAGE][PASSED] - Object: 'Object Repository/Final Object Repo/Landing Page/Select to Workflow Listing' is clicked on

2019-01-03 22:45:31 - [TEST_STEP][PASSED] - delay: Delayed 2 second(s)

2019-01-03 22:45:33 - [MESSAGE][PASSED] - Delayed 2 second(s)

2019-01-03 22:45:33 - [TEST_STEP][PASSED] - click: Object: 'Object Repository/Final Object Repo/WorkFlow Listing Page/Search Information - To Put Ref No' is clicked on

2019-01-03 22:45:34 - [MESSAGE][PASSED] - Object: 'Object Repository/Final Object Repo/WorkFlow Listing Page/Search Information - To Put Ref No' is clicked on

2019-01-03 22:45:34 - [TEST_STEP][PASSED] - delay: Delayed 2 second(s)

2019-01-03 22:45:36 - [MESSAGE][PASSED] - Delayed 2 second(s)

2019-01-03 22:45:36 - [TEST_STEP][PASSED] - callTestCase: Call Test Case 'Test Cases/Final Aug 2018 - PKS Automation/Common/Reference Number Getter' successfully

2019-01-03 22:45:36 - [TEST_CASE][PASSED] - Test Cases/Final Aug 2018 - PKS Automation/Common/Reference Number Getter: Test Cases/Final Aug 2018 - PKS Automation/Common/Reference Number Getter

2019-01-03 22:45:36 - [TEST_STEP][PASSED] - Statement - Try: null

2019-01-03 22:45:36 - [TEST_STEP][PASSED] - Statement - RefNo = new java.io.File(C://Users//Admin//Desktop//PKS//Automation Reference Point//KatalonReference.txt): null

2019-01-03 22:45:36 - [TEST_STEP][PASSED] - Statement - bufferread = new java.io.BufferedReader(new java.io.FileReader(RefNo)): null

2019-01-03 22:45:36 - [TEST_STEP][PASSED] - Statement - readedVal = bufferread.readLine(): null

2019-01-03 22:45:36 - [TEST_STEP][PASSED] - Statement - out.println(CaseReferenceNo): null

2019-01-03 22:45:36 - [TEST_STEP][PASSED] - Statement - out.println(readedVal): null

2019-01-03 22:45:36 - [TEST_STEP][PASSED] - Statement - CaseReferenceNo = "": null

2019-01-03 22:45:36 - [TEST_STEP][PASSED] - Statement - CaseReferenceNo = readedVal: null

2019-01-03 22:45:36 - [MESSAGE][PASSED] - Call Test Case 'Test Cases/Final Aug 2018 - PKS Automation/Common/Reference Number Getter' successfully

2019-01-03 22:45:36 - [TEST_STEP][PASSED] - setText: Text 'CUN012019C100006183' is set on object 'Object Repository/Final Object Repo/WorkFlow Listing Page/Ref No Set Text'

2019-01-03 22:45:36 - [MESSAGE][PASSED] - Text 'CUN012019C100006183' is set on object 'Object Repository/Final Object Repo/WorkFlow Listing Page/Ref No Set Text'

2019-01-03 22:45:36 - [TEST_STEP][PASSED] - delay: Delayed 2 second(s)

2019-01-03 22:45:38 - [MESSAGE][PASSED] - Delayed 2 second(s)

2019-01-03 22:45:38 - [TEST_STEP][PASSED] - click: Object: 'Object Repository/Final Object Repo/WorkFlow Listing Page/Search Ref No Search Button' is clicked on

2019-01-03 22:45:38 - [MESSAGE][PASSED] - Object: 'Object Repository/Final Object Repo/WorkFlow Listing Page/Search Ref No Search Button' is clicked on

2019-01-03 22:45:38 - [TEST_STEP][PASSED] - delay: Delayed 6 second(s)

2019-01-03 22:45:44 - [MESSAGE][PASSED] - Delayed 6 second(s)

2019-01-03 22:45:44 - [TEST_STEP][PASSED] - click: Object: 'Object Repository/Final Object Repo/WorkFlow Listing Page/Click Continue Tooltip' is clicked on

2019-01-03 22:45:45 - [MESSAGE][PASSED] - Object: 'Object Repository/Final Object Repo/WorkFlow Listing Page/Click Continue Tooltip' is clicked on

2019-01-03 22:45:45 - [TEST_STEP][PASSED] - delay: Delayed 5 second(s)

2019-01-03 22:45:50 - [MESSAGE][PASSED] - Delayed 5 second(s)

2019-01-03 22:45:50 - [TEST_STEP][PASSED] - doubleClick: Object: 'Object Repository/Final Object Repo/WorkFlow Listing Page/Workflow Found - Listing 1' is double clicked on

2019-01-03 22:45:50 - [MESSAGE][PASSED] - Object: 'Object Repository/Final Object Repo/WorkFlow Listing Page/Workflow Found - Listing 1' is double clicked on

2019-01-03 22:45:50 - [TEST_STEP][PASSED] - Statement - println(OwnerID): null

2019-01-03 22:45:50 - [TEST_STEP][PASSED] - Statement - OwnerID = com.kms.katalon.core.webui.keyword.WebUiBuiltInKeywords.getText(com.kms.katalon.core.testobject.ObjectRepository.findTestObject(Final Object Repo/WorkFlow Listing Page/Workflow Found - Listing 1), STOP_ON_FAILURE): Text of object 'Object Repository/Final Object Repo/WorkFlow Listing Page/Workflow Found - Listing 1' is: 'JOHORuo3'

2019-01-03 22:45:50 - [MESSAGE][PASSED] - Text of object 'Object Repository/Final Object Repo/WorkFlow Listing Page/Workflow Found - Listing 1' is: 'JOHORuo3'

2019-01-03 22:45:50 - [TEST_STEP][PASSED] - Statement - OwnerID = OwnerID.toLowerCase() + "@gmail.com": null

2019-01-03 22:45:50 - [TEST_STEP][PASSED] - Statement - println(OwnerID): null

2019-01-03 22:45:50 - [TEST_STEP][PASSED] - delay: Delayed 2 second(s)

2019-01-03 22:45:52 - [MESSAGE][PASSED] - Delayed 2 second(s)

2019-01-03 22:45:52 - [MESSAGE][PASSED] - Call Test Case 'Test Cases/Final Aug 2018 - PKS Automation/Common/Workflow Owner Finder' successfully

2019-01-03 22:45:52 - [TEST_STEP][PASSED] - delay: Delayed 1 second(s)

2019-01-03 22:45:53 - [MESSAGE][PASSED] - Delayed 1 second(s)

2019-01-03 22:45:53 - [TEST_STEP][PASSED] - navigateToUrl: Navigate to 'https://assist2-uat.perkeso.gov.my/c/portal/logout' successfully

2019-01-03 22:45:54 - [MESSAGE][PASSED] - Navigate to 'https://assist2-uat.perkeso.gov.my/c/portal/logout' successfully

2019-01-03 22:45:54 - [TEST_STEP][PASSED] - delay: Delayed 1 second(s)

2019-01-03 22:45:55 - [MESSAGE][PASSED] - Delayed 1 second(s)

2019-01-03 22:45:55 - [TEST_STEP][PASSED] - callTestCase: Call Test Case 'Test Cases/Final Aug 2018 - PKS Automation/Registration Module/Workflow/Login and Search Case For Workflow' successfully

2019-01-03 22:45:55 - [TEST_CASE][PASSED] - Test Cases/Final Aug 2018 - PKS Automation/Registration Module/Workflow/Login and Search Case For Workflow: Test Cases/Final Aug 2018 - PKS Automation/Registration Module/Workflow/Login and Search Case For Workflow

2019-01-03 22:45:55 - [TEST_STEP][PASSED] - navigateToUrl: Navigate to 'https://assist2-uat.perkeso.gov.my/login' successfully

2019-01-03 22:45:56 - [MESSAGE][PASSED] - Navigate to 'https://assist2-uat.perkeso.gov.my/login' successfully

2019-01-03 22:45:56 - [TEST_STEP][PASSED] - setText: Text 'johoruo3@gmail.com' is set on object 'Object Repository/Final Object Repo/Login Page/Internal User/Email Address'

2019-01-03 22:45:56 - [MESSAGE][PASSED] - Text 'johoruo3@gmail.com' is set on object 'Object Repository/Final Object Repo/Login Page/Internal User/Email Address'

2019-01-03 22:45:56 - [TEST_STEP][PASSED] - click: Object: 'Object Repository/Final Object Repo/Login Page/Internal User/Next Button' is clicked on

2019-01-03 22:45:56 - [MESSAGE][PASSED] - Object: 'Object Repository/Final Object Repo/Login Page/Internal User/Next Button' is clicked on

2019-01-03 22:45:56 - [TEST_STEP][PASSED] - delay: Delayed 1 second(s)

2019-01-03 22:45:57 - [MESSAGE][PASSED] - Delayed 1 second(s)

2019-01-03 22:45:57 - [TEST_STEP][PASSED] - setEncryptedText: Text ****** has been set on object 'Object Repository/Final Object Repo/Login Page/Internal User/Password'

2019-01-03 22:45:57 - [MESSAGE][PASSED] - Text ****** has been set on object 'Object Repository/Final Object Repo/Login Page/Internal User/Password'

2019-01-03 22:45:57 - [TEST_STEP][PASSED] - click: Object: 'Object Repository/Final Object Repo/Login Page/Internal User/Login Button' is clicked on

2019-01-03 22:45:57 - [MESSAGE][PASSED] - Object: 'Object Repository/Final Object Repo/Login Page/Internal User/Login Button' is clicked on

2019-01-03 22:45:57 - [TEST_STEP][PASSED] - delay: Delayed 2 second(s)

2019-01-03 22:45:59 - [MESSAGE][PASSED] - Delayed 2 second(s)

2019-01-03 22:45:59 - [TEST_STEP][PASSED] - Statement - Try: Delayed 2 second(s)

2019-01-03 22:45:59 - [TEST_STEP][PASSED] - Statement - Checker = false: null

2019-01-03 22:45:59 - [TEST_STEP][PASSED] - Statement - Checker = com.kms.katalon.core.webui.keyword.WebUiBuiltInKeywords.verifyElementHasAttribute(com.kms.katalon.core.testobject.ObjectRepository.findTestObject(Final Object Repo/Landing Page/BM Detecting), "href", 20, OPTIONAL): Object 'Object Repository/Final Object Repo/Landing Page/BM Detecting' has attribute 'href'

2019-01-03 22:45:59 - [MESSAGE][PASSED] - Object 'Object Repository/Final Object Repo/Landing Page/BM Detecting' has attribute 'href'

2019-01-03 22:45:59 - [TEST_STEP][PASSED] - Statement - out.println(Checker): null

2019-01-03 22:45:59 - [TEST_STEP][PASSED] - Statement - If (Checker == false): null

2019-01-03 22:45:59 - [TEST_STEP][PASSED] - Statement - Else: null

2019-01-03 22:45:59 - [TEST_STEP][PASSED] - delay: Delayed 2 second(s)

2019-01-03 22:46:01 - [MESSAGE][PASSED] - Delayed 2 second(s)

2019-01-03 22:46:01 - [TEST_STEP][PASSED] - click: Object: 'Object Repository/Final Object Repo/Page_MyASSIST - ASSIST - Search Pending Case For Add Supporting Document/Search Information' is clicked on

2019-01-03 22:46:02 - [MESSAGE][PASSED] - Object: 'Object Repository/Final Object Repo/Page_MyASSIST - ASSIST - Search Pending Case For Add Supporting Document/Search Information' is clicked on

2019-01-03 22:46:02 - [TEST_STEP][PASSED] - delay: Delayed 3 second(s)

2019-01-03 22:46:05 - [MESSAGE][PASSED] - Delayed 3 second(s)

2019-01-03 22:46:05 - [TEST_STEP][PASSED] - sendKeys: Keys 'CUN012019C100006183' sent to object: 'Object Repository/Final Object Repo/Page_MyASSIST - ASSIST - Search Pending Case For Add Supporting Document/Reference No'

2019-01-03 22:46:05 - [MESSAGE][PASSED] - Keys 'CUN012019C100006183' sent to object: 'Object Repository/Final Object Repo/Page_MyASSIST - ASSIST - Search Pending Case For Add Supporting Document/Reference No'

2019-01-03 22:46:05 - [TEST_STEP][PASSED] - click: Object: 'Object Repository/Final Object Repo/Page_MyASSIST - ASSIST - Search Pending Case For Add Supporting Document/Search Reference No' is clicked on

2019-01-03 22:46:05 - [MESSAGE][PASSED] - Object: 'Object Repository/Final Object Repo/Page_MyASSIST - ASSIST - Search Pending Case For Add Supporting Document/Search Reference No' is clicked on

2019-01-03 22:46:05 - [TEST_STEP][PASSED] - delay: Delayed 2 second(s)

2019-01-03 22:46:07 - [MESSAGE][PASSED] - Delayed 2 second(s)

2019-01-03 22:46:07 - [TEST_STEP][PASSED] - click: Object: 'Object Repository/Final Object Repo/Page_MyASSIST - ASSIST - Search Pending Case For Add Supporting Document/Continue' is clicked on

2019-01-03 22:46:11 - [MESSAGE][PASSED] - Object: 'Object Repository/Final Object Repo/Page_MyASSIST - ASSIST - Search Pending Case For Add Supporting Document/Continue' is clicked on

2019-01-03 22:46:11 - [TEST_STEP][PASSED] - delay: Delayed 20 second(s)

2019-01-03 22:46:31 - [MESSAGE][PASSED] - Delayed 20 second(s)

2019-01-03 22:46:31 - [MESSAGE][PASSED] - Call Test Case 'Test Cases/Final Aug 2018 - PKS Automation/Registration Module/Workflow/Login and Search Case For Workflow' successfully

2019-01-03 22:46:31 - [TEST_STEP][PASSED] - delay: Delayed 2 second(s)

2019-01-03 22:46:33 - [MESSAGE][PASSED] - Delayed 2 second(s)

2019-01-03 22:46:33 - [TEST_STEP][PASSED] - click: Object: 'Object Repository/Final Object Repo/Page_Update Employer Information/Page_Update Employer Information UO (Approve)/Continue' is clicked on

2019-01-03 22:46:36 - [MESSAGE][PASSED] - Object: 'Object Repository/Final Object Repo/Page_Update Employer Information/Page_Update Employer Information UO (Approve)/Continue' is clicked on

2019-01-03 22:46:36 - [TEST_STEP][PASSED] - delay: Delayed 2 second(s)

2019-01-03 22:46:38 - [MESSAGE][PASSED] - Delayed 2 second(s)

2019-01-03 22:46:38 - [TEST_STEP][PASSED] - click: Object: 'Object Repository/Final Object Repo/Page_Update Employer Information/Page_Update Employer Information UO (Approve)/Save  Continue in Update Employer Information Page' is clicked on

2019-01-03 22:46:38 - [MESSAGE][PASSED] - Object: 'Object Repository/Final Object Repo/Page_Update Employer Information/Page_Update Employer Information UO (Approve)/Save  Continue in Update Employer Information Page' is clicked on

2019-01-03 22:46:38 - [TEST_STEP][PASSED] - delay: Delayed 2 second(s)

2019-01-03 22:46:40 - [MESSAGE][PASSED] - Delayed 2 second(s)

2019-01-03 22:46:40 - [TEST_STEP][PASSED] - setText: Text 'Query' is set on object 'Object Repository/Final Object Repo/Page_Update Employer Information/Page_Update Employer Information UO (Query)/Query - Remark'

2019-01-03 22:46:43 - [MESSAGE][PASSED] - Text 'Query' is set on object 'Object Repository/Final Object Repo/Page_Update Employer Information/Page_Update Employer Information UO (Query)/Query - Remark'

2019-01-03 22:46:43 - [TEST_STEP][PASSED] - delay: Delayed 2 second(s)

2019-01-03 22:46:45 - [MESSAGE][PASSED] - Delayed 2 second(s)

2019-01-03 22:46:45 - [TEST_STEP][PASSED] - click: Object: 'Object Repository/Final Object Repo/Page_Update Employer Information/Page_Update Employer Information UO (Approve)/Save  Continue in Uploading Supporting Document Page' is clicked on

2019-01-03 22:46:45 - [MESSAGE][PASSED] - Object: 'Object Repository/Final Object Repo/Page_Update Employer Information/Page_Update Employer Information UO (Approve)/Save  Continue in Uploading Supporting Document Page' is clicked on

2019-01-03 22:46:45 - [TEST_STEP][PASSED] - delay: Delayed 2 second(s)

2019-01-03 22:46:47 - [MESSAGE][PASSED] - Delayed 2 second(s)

2019-01-03 22:46:47 - [TEST_STEP][PASSED] - click: Object: 'Object Repository/Final Object Repo/Page_Update Employer Information/Page_Update Employer Information UO (Query)/Query' is clicked on

2019-01-03 22:46:49 - [MESSAGE][PASSED] - Object: 'Object Repository/Final Object Repo/Page_Update Employer Information/Page_Update Employer Information UO (Query)/Query' is clicked on

2019-01-03 22:46:49 - [TEST_STEP][PASSED] - delay: Delayed 2 second(s)

2019-01-03 22:46:51 - [MESSAGE][PASSED] - Delayed 2 second(s)

2019-01-03 22:46:51 - [TEST_STEP][PASSED] - click: Object: 'Object Repository/Final Object Repo/Page_Update Employer Information/Page_Update Employer Information UO (Query)/Confirm' is clicked on

2019-01-03 22:46:51 - [MESSAGE][PASSED] - Object: 'Object Repository/Final Object Repo/Page_Update Employer Information/Page_Update Employer Information UO (Query)/Confirm' is clicked on

2019-01-03 22:46:51 - [TEST_STEP][PASSED] - delay: Delayed 2 second(s)

2019-01-03 22:46:53 - [MESSAGE][PASSED] - Delayed 2 second(s)

2019-01-03 22:46:53 - [TEST_STEP][PASSED] - doubleClick: Object: 'Object Repository/Final Object Repo/Page_Update Employer Information/Page_Update Employer Information UO (Query)/Message The Case Is Under Query' is double clicked on

2019-01-03 22:46:57 - [MESSAGE][PASSED] - Object: 'Object Repository/Final Object Repo/Page_Update Employer Information/Page_Update Employer Information UO (Query)/Message The Case Is Under Query' is double clicked on

2019-01-03 22:46:57 - [TEST_STEP][PASSED] - delay: Delayed 2 second(s)

2019-01-03 22:46:59 - [MESSAGE][PASSED] - Delayed 2 second(s)

2019-01-03 22:46:59 - [TEST_STEP][PASSED] - click: Object: 'Object Repository/Final Object Repo/Page_Update Employer Information/Page_Update Employer Information UO (Query)/Letter of inquiry.pdf' is clicked on

2019-01-03 22:47:00 - [MESSAGE][PASSED] - Object: 'Object Repository/Final Object Repo/Page_Update Employer Information/Page_Update Employer Information UO (Query)/Letter of inquiry.pdf' is clicked on

2019-01-03 22:47:00 - [TEST_STEP][PASSED] - delay: Delayed 1 second(s)

2019-01-03 22:47:01 - [MESSAGE][PASSED] - Delayed 1 second(s)

2019-01-03 22:47:01 - [TEST_STEP][PASSED] - callTestCase: Call Test Case 'Test Cases/Final Aug 2018 - PKS Automation/Registration Module/Log Out/log out avoiding katalon tagging' successfully

2019-01-03 22:47:01 - [TEST_CASE][PASSED] - Test Cases/Final Aug 2018 - PKS Automation/Registration Module/Log Out/log out avoiding katalon tagging: Test Cases/Final Aug 2018 - PKS Automation/Registration Module/Log Out/log out avoiding katalon tagging

2019-01-03 22:47:01 - [TEST_STEP][PASSED] - navigateToUrl: Navigate to 'https://assist2-uat.perkeso.gov.my/c/portal/logout' successfully

2019-01-03 22:47:01 - [MESSAGE][PASSED] - Navigate to 'https://assist2-uat.perkeso.gov.my/c/portal/logout' successfully

2019-01-03 22:47:01 - [MESSAGE][PASSED] - Call Test Case 'Test Cases/Final Aug 2018 - PKS Automation/Registration Module/Log Out/log out avoiding katalon tagging' successfully

2019-01-03 22:47:01 - [TEST_STEP][NOT_RUN] - navigateToUrl: NOT_RUN: navigateToUrl

2019-01-03 22:47:01 - [MESSAGE][NOT_RUN] - NOT_RUN: navigateToUrl

2019-01-03 22:47:01 - [TEST_STEP][PASSED] - delay: Delayed 1 second(s)

2019-01-03 22:47:02 - [MESSAGE][PASSED] - Delayed 1 second(s)

2019-01-03 22:47:02 - [TEST_STEP][PASSED] - callTestCase: Call Test Case 'Test Cases/Final Aug 2018 - PKS Automation/Registration Module/Workflow/Search Pending Case For Add Supporting Document (OTC)' successfully

2019-01-03 22:47:03 - [TEST_CASE][PASSED] - Test Cases/Final Aug 2018 - PKS Automation/Registration Module/Workflow/Search Pending Case For Add Supporting Document (OTC): Test Cases/Final Aug 2018 - PKS Automation/Registration Module/Workflow/Search Pending Case For Add Supporting Document (OTC)

2019-01-03 22:47:03 - [TEST_STEP][PASSED] - openBrowser: Browser is opened with url: ''

2019-01-03 22:47:03 - [MESSAGE][WARNING] - A browser is already opened. Closing browser and opening a new one

2019-01-03 22:47:06 - [MESSAGE][PASSED] - Browser is opened with url: ''

2019-01-03 22:47:06 - [TEST_STEP][PASSED] - navigateToUrl: Navigate to 'https://assist2-uat.perkeso.gov.my/login' successfully

2019-01-03 22:47:08 - [MESSAGE][PASSED] - Navigate to 'https://assist2-uat.perkeso.gov.my/login' successfully

2019-01-03 22:47:08 - [TEST_STEP][PASSED] - setText: Text 'johorotc1@gmail.com' is set on object 'Object Repository/Final Object Repo/Login Page/Internal User/Email Address'

2019-01-03 22:47:08 - [MESSAGE][PASSED] - Text 'johorotc1@gmail.com' is set on object 'Object Repository/Final Object Repo/Login Page/Internal User/Email Address'

2019-01-03 22:47:08 - [TEST_STEP][PASSED] - click: Object: 'Object Repository/Final Object Repo/Login Page/Internal User/Next Button' is clicked on

2019-01-03 22:47:08 - [MESSAGE][PASSED] - Object: 'Object Repository/Final Object Repo/Login Page/Internal User/Next Button' is clicked on

2019-01-03 22:47:08 - [TEST_STEP][PASSED] - delay: Delayed 1 second(s)

2019-01-03 22:47:09 - [MESSAGE][PASSED] - Delayed 1 second(s)

2019-01-03 22:47:09 - [TEST_STEP][PASSED] - setEncryptedText: Text ****** has been set on object 'Object Repository/Final Object Repo/Login Page/Internal User/Password'

2019-01-03 22:47:09 - [MESSAGE][PASSED] - Text ****** has been set on object 'Object Repository/Final Object Repo/Login Page/Internal User/Password'

2019-01-03 22:47:09 - [TEST_STEP][PASSED] - click: Object: 'Object Repository/Final Object Repo/Login Page/Internal User/Login Button' is clicked on

2019-01-03 22:47:09 - [MESSAGE][PASSED] - Object: 'Object Repository/Final Object Repo/Login Page/Internal User/Login Button' is clicked on

2019-01-03 22:47:09 - [TEST_STEP][PASSED] - delay: Delayed 1 second(s)

2019-01-03 22:47:10 - [MESSAGE][PASSED] - Delayed 1 second(s)

2019-01-03 22:47:10 - [TEST_STEP][PASSED] - Statement - Try: Delayed 2 second(s)

2019-01-03 22:47:10 - [TEST_STEP][PASSED] - Statement - Checker = false: null

2019-01-03 22:47:10 - [TEST_STEP][PASSED] - Statement - Checker = com.kms.katalon.core.webui.keyword.WebUiBuiltInKeywords.verifyElementHasAttribute(com.kms.katalon.core.testobject.ObjectRepository.findTestObject(Final Object Repo/Landing Page/BM Detecting), "href", 20, OPTIONAL): Object 'Object Repository/Final Object Repo/Landing Page/BM Detecting' has attribute 'href'

2019-01-03 22:47:11 - [MESSAGE][PASSED] - Object 'Object Repository/Final Object Repo/Landing Page/BM Detecting' has attribute 'href'

2019-01-03 22:47:11 - [TEST_STEP][PASSED] - Statement - out.println(Checker): null

2019-01-03 22:47:11 - [TEST_STEP][PASSED] - Statement - If (Checker == false): null

2019-01-03 22:47:11 - [TEST_STEP][PASSED] - Statement - Else: null

2019-01-03 22:47:11 - [TEST_STEP][PASSED] - delay: Delayed 2 second(s)

2019-01-03 22:47:13 - [MESSAGE][PASSED] - Delayed 2 second(s)

2019-01-03 22:47:13 - [TEST_STEP][PASSED] - navigateToUrl: Navigate to 'https://assist2-uat.perkeso.gov.my/web/registration/search/search-pending-case-for-add-supporting-document' successfully

2019-01-03 22:47:14 - [MESSAGE][PASSED] - Navigate to 'https://assist2-uat.perkeso.gov.my/web/registration/search/search-pending-case-for-add-supporting-document' successfully

2019-01-03 22:47:14 - [TEST_STEP][PASSED] - click: Object: 'Object Repository/Final Object Repo/Page_Search Pending Case For Add Suporting Document/Search By' is clicked on

2019-01-03 22:47:14 - [MESSAGE][PASSED] - Object: 'Object Repository/Final Object Repo/Page_Search Pending Case For Add Suporting Document/Search By' is clicked on

2019-01-03 22:47:14 - [TEST_STEP][PASSED] - click: Object: 'Object Repository/Final Object Repo/Page_Search Pending Case For Add Suporting Document/Search By - Reference ID' is clicked on

2019-01-03 22:47:14 - [MESSAGE][PASSED] - Object: 'Object Repository/Final Object Repo/Page_Search Pending Case For Add Suporting Document/Search By - Reference ID' is clicked on

2019-01-03 22:47:14 - [TEST_STEP][PASSED] - delay: Delayed 2 second(s)

2019-01-03 22:47:16 - [MESSAGE][PASSED] - Delayed 2 second(s)

2019-01-03 22:47:16 - [TEST_STEP][PASSED] - setText: Text 'CUN012019C100006183' is set on object 'Object Repository/Final Object Repo/Page_Search Pending Case For Add Suporting Document/Reference ID'

2019-01-03 22:47:17 - [MESSAGE][PASSED] - Text 'CUN012019C100006183' is set on object 'Object Repository/Final Object Repo/Page_Search Pending Case For Add Suporting Document/Reference ID'

2019-01-03 22:47:17 - [TEST_STEP][PASSED] - click: Object: 'Object Repository/Final Object Repo/Page_Search Pending Case For Add Suporting Document/Search' is clicked on

2019-01-03 22:47:17 - [MESSAGE][PASSED] - Object: 'Object Repository/Final Object Repo/Page_Search Pending Case For Add Suporting Document/Search' is clicked on

2019-01-03 22:47:17 - [TEST_STEP][PASSED] - delay: Delayed 2 second(s)

2019-01-03 22:47:19 - [MESSAGE][PASSED] - Delayed 2 second(s)

2019-01-03 22:47:19 - [TEST_STEP][PASSED] - click: Object: 'Object Repository/Final Object Repo/Page_Search Pending Case For Add Suporting Document/Edit' is clicked on

2019-01-03 22:47:22 - [MESSAGE][PASSED] - Object: 'Object Repository/Final Object Repo/Page_Search Pending Case For Add Suporting Document/Edit' is clicked on

2019-01-03 22:47:22 - [MESSAGE][PASSED] - Call Test Case 'Test Cases/Final Aug 2018 - PKS Automation/Registration Module/Workflow/Search Pending Case For Add Supporting Document (OTC)' successfully

2019-01-03 22:47:22 - [TEST_STEP][PASSED] - click: Object: 'Object Repository/Final Object Repo/Page_Update Employer Information/Page_Update Employer Information UO (Query -OTC -UO)/Next' is clicked on

2019-01-03 22:47:26 - [MESSAGE][PASSED] - Object: 'Object Repository/Final Object Repo/Page_Update Employer Information/Page_Update Employer Information UO (Query -OTC -UO)/Next' is clicked on

2019-01-03 22:47:26 - [TEST_STEP][PASSED] - delay: Delayed 2 second(s)

2019-01-03 22:47:28 - [MESSAGE][PASSED] - Delayed 2 second(s)

2019-01-03 22:47:28 - [TEST_STEP][PASSED] - click: Object: 'Object Repository/Final Object Repo/Page_Update Employer Information/Page_Update Employer Information UO (Query -OTC -UO)/Add Document' is clicked on

2019-01-03 22:47:28 - [MESSAGE][PASSED] - Object: 'Object Repository/Final Object Repo/Page_Update Employer Information/Page_Update Employer Information UO (Query -OTC -UO)/Add Document' is clicked on

2019-01-03 22:47:28 - [TEST_STEP][PASSED] - delay: Delayed 2 second(s)

2019-01-03 22:47:30 - [MESSAGE][PASSED] - Delayed 2 second(s)

2019-01-03 22:47:30 - [TEST_STEP][PASSED] - click: Object: 'Object Repository/Final Object Repo/Page_Update Employer Information/Page_Update Employer Information UO (Query -OTC -UO)/Document Type' is clicked on

2019-01-03 22:47:31 - [MESSAGE][PASSED] - Object: 'Object Repository/Final Object Repo/Page_Update Employer Information/Page_Update Employer Information UO (Query -OTC -UO)/Document Type' is clicked on

2019-01-03 22:47:31 - [TEST_STEP][PASSED] - click: Object: 'Object Repository/Final Object Repo/Page_Update Employer Information/Page_Update Employer Information UO (Query -OTC -UO)/Document Type - Other' is clicked on

2019-01-03 22:47:31 - [MESSAGE][PASSED] - Object: 'Object Repository/Final Object Repo/Page_Update Employer Information/Page_Update Employer Information UO (Query -OTC -UO)/Document Type - Other' is clicked on

2019-01-03 22:47:31 - [TEST_STEP][PASSED] - delay: Delayed 2 second(s)

2019-01-03 22:47:33 - [MESSAGE][PASSED] - Delayed 2 second(s)

2019-01-03 22:47:33 - [TEST_STEP][PASSED] - sendKeys: Keys 'C:\Users\Public\Pictures\Sample Pictures\Koala.jpg' sent to object: 'Object Repository/Final Object Repo/Page_Update Employer Information/Page_Update Employer Information UO (Query -OTC -UO)/Uploading File'

2019-01-03 22:47:33 - [MESSAGE][PASSED] - Keys 'C:\Users\Public\Pictures\Sample Pictures\Koala.jpg' sent to object: 'Object Repository/Final Object Repo/Page_Update Employer Information/Page_Update Employer Information UO (Query -OTC -UO)/Uploading File'

2019-01-03 22:47:33 - [TEST_STEP][PASSED] - delay: Delayed 2 second(s)

2019-01-03 22:47:35 - [MESSAGE][PASSED] - Delayed 2 second(s)

2019-01-03 22:47:35 - [TEST_STEP][PASSED] - click: Object: 'Object Repository/Final Object Repo/Page_Update Employer Information/Page_Update Employer Information UO (Query -OTC -UO)/Add Document in Uploading Page' is clicked on

2019-01-03 22:47:35 - [MESSAGE][PASSED] - Object: 'Object Repository/Final Object Repo/Page_Update Employer Information/Page_Update Employer Information UO (Query -OTC -UO)/Add Document in Uploading Page' is clicked on

2019-01-03 22:47:35 - [TEST_STEP][PASSED] - delay: Delayed 2 second(s)

2019-01-03 22:47:37 - [MESSAGE][PASSED] - Delayed 2 second(s)

2019-01-03 22:47:37 - [TEST_STEP][PASSED] - click: Object: 'Object Repository/Final Object Repo/Page_Update Employer Information/Page_Update Employer Information UO (Query -OTC -UO)/Exit' is clicked on

2019-01-03 22:47:40 - [MESSAGE][PASSED] - Object: 'Object Repository/Final Object Repo/Page_Update Employer Information/Page_Update Employer Information UO (Query -OTC -UO)/Exit' is clicked on

2019-01-03 22:47:40 - [TEST_STEP][PASSED] - delay: Delayed 2 second(s)

2019-01-03 22:47:42 - [MESSAGE][PASSED] - Delayed 2 second(s)

2019-01-03 22:47:42 - [TEST_STEP][PASSED] - delay: Delayed 1 second(s)

2019-01-03 22:47:43 - [MESSAGE][PASSED] - Delayed 1 second(s)

2019-01-03 22:47:43 - [TEST_STEP][PASSED] - navigateToUrl: Navigate to 'https://assist2-uat.perkeso.gov.my/c/portal/logout' successfully

2019-01-03 22:47:44 - [MESSAGE][PASSED] - Navigate to 'https://assist2-uat.perkeso.gov.my/c/portal/logout' successfully

2019-01-03 22:47:44 - [TEST_STEP][PASSED] - delay: Delayed 1 second(s)

2019-01-03 22:47:45 - [MESSAGE][PASSED] - Delayed 1 second(s)

2019-01-03 22:47:45 - [TEST_STEP][PASSED] - callTestCase: Call Test Case 'Test Cases/Final Aug 2018 - PKS Automation/Registration Module/Workflow/Login and Search Case For Workflow' successfully

2019-01-03 22:47:45 - [TEST_CASE][PASSED] - Test Cases/Final Aug 2018 - PKS Automation/Registration Module/Workflow/Login and Search Case For Workflow: Test Cases/Final Aug 2018 - PKS Automation/Registration Module/Workflow/Login and Search Case For Workflow

2019-01-03 22:47:45 - [TEST_STEP][PASSED] - navigateToUrl: Navigate to 'https://assist2-uat.perkeso.gov.my/login' successfully

2019-01-03 22:47:45 - [MESSAGE][PASSED] - Navigate to 'https://assist2-uat.perkeso.gov.my/login' successfully

2019-01-03 22:47:45 - [TEST_STEP][PASSED] - setText: Text 'johoruo3@gmail.com' is set on object 'Object Repository/Final Object Repo/Login Page/Internal User/Email Address'

2019-01-03 22:47:46 - [MESSAGE][PASSED] - Text 'johoruo3@gmail.com' is set on object 'Object Repository/Final Object Repo/Login Page/Internal User/Email Address'

2019-01-03 22:47:46 - [TEST_STEP][PASSED] - click: Object: 'Object Repository/Final Object Repo/Login Page/Internal User/Next Button' is clicked on

2019-01-03 22:47:46 - [MESSAGE][PASSED] - Object: 'Object Repository/Final Object Repo/Login Page/Internal User/Next Button' is clicked on

2019-01-03 22:47:46 - [TEST_STEP][PASSED] - delay: Delayed 1 second(s)

2019-01-03 22:47:47 - [MESSAGE][PASSED] - Delayed 1 second(s)

2019-01-03 22:47:47 - [TEST_STEP][PASSED] - setEncryptedText: Text ****** has been set on object 'Object Repository/Final Object Repo/Login Page/Internal User/Password'

2019-01-03 22:47:47 - [MESSAGE][PASSED] - Text ****** has been set on object 'Object Repository/Final Object Repo/Login Page/Internal User/Password'

2019-01-03 22:47:47 - [TEST_STEP][PASSED] - click: Object: 'Object Repository/Final Object Repo/Login Page/Internal User/Login Button' is clicked on

2019-01-03 22:47:47 - [MESSAGE][PASSED] - Object: 'Object Repository/Final Object Repo/Login Page/Internal User/Login Button' is clicked on

2019-01-03 22:47:47 - [TEST_STEP][PASSED] - delay: Delayed 2 second(s)

2019-01-03 22:47:49 - [MESSAGE][PASSED] - Delayed 2 second(s)

2019-01-03 22:47:49 - [TEST_STEP][PASSED] - Statement - Try: Delayed 2 second(s)

2019-01-03 22:47:49 - [TEST_STEP][PASSED] - Statement - Checker = false: null

2019-01-03 22:47:49 - [TEST_STEP][PASSED] - Statement - Checker = com.kms.katalon.core.webui.keyword.WebUiBuiltInKeywords.verifyElementHasAttribute(com.kms.katalon.core.testobject.ObjectRepository.findTestObject(Final Object Repo/Landing Page/BM Detecting), "href", 20, OPTIONAL): Object 'Object Repository/Final Object Repo/Landing Page/BM Detecting' has attribute 'href'

2019-01-03 22:47:49 - [MESSAGE][PASSED] - Object 'Object Repository/Final Object Repo/Landing Page/BM Detecting' has attribute 'href'

2019-01-03 22:47:49 - [TEST_STEP][PASSED] - Statement - out.println(Checker): null

2019-01-03 22:47:49 - [TEST_STEP][PASSED] - Statement - If (Checker == false): null

2019-01-03 22:47:49 - [TEST_STEP][PASSED] - Statement - Else: null

2019-01-03 22:47:49 - [TEST_STEP][PASSED] - delay: Delayed 2 second(s)

2019-01-03 22:47:51 - [MESSAGE][PASSED] - Delayed 2 second(s)

2019-01-03 22:47:51 - [TEST_STEP][PASSED] - click: Object: 'Object Repository/Final Object Repo/Page_MyASSIST - ASSIST - Search Pending Case For Add Supporting Document/Search Information' is clicked on

2019-01-03 22:47:51 - [MESSAGE][PASSED] - Object: 'Object Repository/Final Object Repo/Page_MyASSIST - ASSIST - Search Pending Case For Add Supporting Document/Search Information' is clicked on

2019-01-03 22:47:51 - [TEST_STEP][PASSED] - delay: Delayed 3 second(s)

2019-01-03 22:47:54 - [MESSAGE][PASSED] - Delayed 3 second(s)

2019-01-03 22:47:54 - [TEST_STEP][PASSED] - sendKeys: Keys 'CUN012019C100006183' sent to object: 'Object Repository/Final Object Repo/Page_MyASSIST - ASSIST - Search Pending Case For Add Supporting Document/Reference No'

2019-01-03 22:47:55 - [MESSAGE][PASSED] - Keys 'CUN012019C100006183' sent to object: 'Object Repository/Final Object Repo/Page_MyASSIST - ASSIST - Search Pending Case For Add Supporting Document/Reference No'

2019-01-03 22:47:55 - [TEST_STEP][PASSED] - click: Object: 'Object Repository/Final Object Repo/Page_MyASSIST - ASSIST - Search Pending Case For Add Supporting Document/Search Reference No' is clicked on

2019-01-03 22:47:55 - [MESSAGE][PASSED] - Object: 'Object Repository/Final Object Repo/Page_MyASSIST - ASSIST - Search Pending Case For Add Supporting Document/Search Reference No' is clicked on

2019-01-03 22:47:55 - [TEST_STEP][PASSED] - delay: Delayed 2 second(s)

2019-01-03 22:47:57 - [MESSAGE][PASSED] - Delayed 2 second(s)

2019-01-03 22:47:57 - [TEST_STEP][PASSED] - click: Object: 'Object Repository/Final Object Repo/Page_MyASSIST - ASSIST - Search Pending Case For Add Supporting Document/Continue' is clicked on

2019-01-03 22:48:00 - [MESSAGE][PASSED] - Object: 'Object Repository/Final Object Repo/Page_MyASSIST - ASSIST - Search Pending Case For Add Supporting Document/Continue' is clicked on

2019-01-03 22:48:00 - [TEST_STEP][PASSED] - delay: Delayed 20 second(s)

2019-01-03 22:48:20 - [MESSAGE][PASSED] - Delayed 20 second(s)

2019-01-03 22:48:20 - [MESSAGE][PASSED] - Call Test Case 'Test Cases/Final Aug 2018 - PKS Automation/Registration Module/Workflow/Login and Search Case For Workflow' successfully

2019-01-03 22:48:20 - [TEST_STEP][PASSED] - click: Object: 'Object Repository/Final Object Repo/Page_Update Employer Information/Page_Update Employer Information UO (Approve)/Continue' is clicked on

2019-01-03 22:48:24 - [MESSAGE][PASSED] - Object: 'Object Repository/Final Object Repo/Page_Update Employer Information/Page_Update Employer Information UO (Approve)/Continue' is clicked on

2019-01-03 22:48:24 - [TEST_STEP][PASSED] - delay: Delayed 2 second(s)

2019-01-03 22:48:26 - [MESSAGE][PASSED] - Delayed 2 second(s)

2019-01-03 22:48:26 - [TEST_STEP][PASSED] - click: Object: 'Object Repository/Final Object Repo/Page_Update Employer Information/Page_Update Employer Information UO (Approve)/Save  Continue in Update Employer Information Page' is clicked on

2019-01-03 22:48:26 - [MESSAGE][PASSED] - Object: 'Object Repository/Final Object Repo/Page_Update Employer Information/Page_Update Employer Information UO (Approve)/Save  Continue in Update Employer Information Page' is clicked on

2019-01-03 22:48:26 - [TEST_STEP][PASSED] - delay: Delayed 2 second(s)

2019-01-03 22:48:28 - [MESSAGE][PASSED] - Delayed 2 second(s)

2019-01-03 22:48:28 - [TEST_STEP][PASSED] - click: Object: 'Object Repository/Final Object Repo/Page_Update Employer Information/Page_Update Employer Information UO (Approve)/Save  Continue in Uploading Supporting Document Page' is clicked on

2019-01-03 22:48:31 - [MESSAGE][PASSED] - Object: 'Object Repository/Final Object Repo/Page_Update Employer Information/Page_Update Employer Information UO (Approve)/Save  Continue in Uploading Supporting Document Page' is clicked on

2019-01-03 22:48:31 - [TEST_STEP][PASSED] - delay: Delayed 2 second(s)

2019-01-03 22:48:33 - [MESSAGE][PASSED] - Delayed 2 second(s)

2019-01-03 22:48:33 - [TEST_STEP][PASSED] - click: Object: 'Object Repository/Final Object Repo/Page_Update Employer Information/Page_Update Employer Information UO (Approve)/Approve' is clicked on

2019-01-03 22:48:35 - [MESSAGE][PASSED] - Object: 'Object Repository/Final Object Repo/Page_Update Employer Information/Page_Update Employer Information UO (Approve)/Approve' is clicked on

2019-01-03 22:48:35 - [TEST_STEP][PASSED] - delay: Delayed 2 second(s)

2019-01-03 22:48:37 - [MESSAGE][PASSED] - Delayed 2 second(s)

2019-01-03 22:48:37 - [TEST_STEP][PASSED] - click: Object: 'Object Repository/Final Object Repo/Page_Update Employer Information/Page_Update Employer Information UO (Approve)/Confirm' is clicked on

2019-01-03 22:48:37 - [MESSAGE][PASSED] - Object: 'Object Repository/Final Object Repo/Page_Update Employer Information/Page_Update Employer Information UO (Approve)/Confirm' is clicked on

2019-01-03 22:48:37 - [TEST_STEP][PASSED] - delay: Delayed 2 second(s)

2019-01-03 22:48:39 - [MESSAGE][PASSED] - Delayed 2 second(s)

2019-01-03 22:48:39 - [TEST_STEP][PASSED] - verifyElementVisible: Object 'Object Repository/Final Object Repo/Page_Update Employer Information/Page_Update Employer Information UO (Approve)/Message Your Request' is visible

2019-01-03 22:48:46 - [MESSAGE][PASSED] - Object 'Object Repository/Final Object Repo/Page_Update Employer Information/Page_Update Employer Information UO (Approve)/Message Your Request' is visible

2019-01-03 22:48:46 - [TEST_STEP][PASSED] - verifyElementVisible: Object 'Object Repository/Final Object Repo/Page_Update Employer Information/Page_Update Employer Information UO (Approve)/Letter of successful update' is visible

2019-01-03 22:48:46 - [MESSAGE][PASSED] - Object 'Object Repository/Final Object Repo/Page_Update Employer Information/Page_Update Employer Information UO (Approve)/Letter of successful update' is visible

2019-01-03 22:48:46 - [MESSAGE][PASSED] - Call Test Case 'Test Cases/Final Aug 2018 - PKS Automation/Registration Module/Workflow/Update Employer Information/Template/Update Employer Information - Special Case - UO (Query)' successfully]]></system-out>
         <system-err><![CDATA[]]></system-err>
      </testcase>
      <testcase name="Test Cases/Final Aug 2018 - PKS Automation/Registration Module/Workflow/Update Employer Information/OTC - UO (Reject)" classname="Test Cases/Final Aug 2018 - PKS Automation/Registration Module/Workflow/Update Employer Information/OTC - UO (Reject)" status="PASSED">
         <system-out><![CDATA[2019-01-03 22:48:46 - [TEST_CASE][PASSED] - Test Cases/Final Aug 2018 - PKS Automation/Registration Module/Workflow/Update Employer Information/OTC - UO (Reject): Test Cases/Final Aug 2018 - PKS Automation/Registration Module/Workflow/Update Employer Information/OTC - UO (Reject)

2019-01-03 22:48:46 - [TEST_STEP][PASSED] - callTestCase: Call Test Case 'Test Cases/Final Aug 2018 - PKS Automation/Registration Module/Workflow/Update Employer Information/Template/Update Employer Information - Special Case (OTC)' successfully

2019-01-03 22:48:46 - [TEST_CASE][PASSED] - Test Cases/Final Aug 2018 - PKS Automation/Registration Module/Workflow/Update Employer Information/Template/Update Employer Information - Special Case (OTC): Test Cases/Final Aug 2018 - PKS Automation/Registration Module/Workflow/Update Employer Information/Template/Update Employer Information - Special Case (OTC)

2019-01-03 22:48:46 - [TEST_STEP][PASSED] - openBrowser: Browser is opened with url: ''

2019-01-03 22:48:46 - [MESSAGE][WARNING] - A browser is already opened. Closing browser and opening a new one

2019-01-03 22:48:50 - [MESSAGE][PASSED] - Browser is opened with url: ''

2019-01-03 22:48:50 - [TEST_STEP][PASSED] - navigateToUrl: Navigate to 'https://assist2-uat.perkeso.gov.my/login' successfully

2019-01-03 22:48:51 - [MESSAGE][PASSED] - Navigate to 'https://assist2-uat.perkeso.gov.my/login' successfully

2019-01-03 22:48:51 - [TEST_STEP][PASSED] - setText: Text 'johorotc1@gmail.com' is set on object 'Object Repository/Final Object Repo/Login Page/Internal User/Email Address'

2019-01-03 22:48:51 - [MESSAGE][PASSED] - Text 'johorotc1@gmail.com' is set on object 'Object Repository/Final Object Repo/Login Page/Internal User/Email Address'

2019-01-03 22:48:51 - [TEST_STEP][PASSED] - click: Object: 'Object Repository/Final Object Repo/Login Page/Internal User/Next Button' is clicked on

2019-01-03 22:48:51 - [MESSAGE][PASSED] - Object: 'Object Repository/Final Object Repo/Login Page/Internal User/Next Button' is clicked on

2019-01-03 22:48:51 - [TEST_STEP][PASSED] - delay: Delayed 1 second(s)

2019-01-03 22:48:52 - [MESSAGE][PASSED] - Delayed 1 second(s)

2019-01-03 22:48:52 - [TEST_STEP][PASSED] - setEncryptedText: Text ****** has been set on object 'Object Repository/Final Object Repo/Login Page/Internal User/Password'

2019-01-03 22:48:53 - [MESSAGE][PASSED] - Text ****** has been set on object 'Object Repository/Final Object Repo/Login Page/Internal User/Password'

2019-01-03 22:48:53 - [TEST_STEP][PASSED] - click: Object: 'Object Repository/Final Object Repo/Login Page/Internal User/Login Button' is clicked on

2019-01-03 22:48:53 - [MESSAGE][PASSED] - Object: 'Object Repository/Final Object Repo/Login Page/Internal User/Login Button' is clicked on

2019-01-03 22:48:53 - [TEST_STEP][PASSED] - Statement - tester = com.kms.katalon.core.testobject.ObjectRepository.findTestObject(Final Object Repo/Landing Page/Select to English): Finding Test Object with id 'Object Repository/Final Object Repo/Landing Page/Select to English'

2019-01-03 22:48:53 - [TEST_STEP][PASSED] - Statement - Try: Delayed 2 second(s)

2019-01-03 22:48:53 - [TEST_STEP][PASSED] - Statement - Checker = com.kms.katalon.core.webui.keyword.WebUiBuiltInKeywords.verifyElementNotPresent(tester, 3): Web element with id: 'Object Repository/Final Object Repo/Landing Page/Select to English' located by 'By.xpath: //a[@class = 'taglib-language-list-text' and @lang = 'en-US' and (contains(text(), 'EN') or contains(., 'EN'))]' is not present after '3' second(s)

2019-01-03 22:48:55 - [MESSAGE][PASSED] - Web element with id: 'Object Repository/Final Object Repo/Landing Page/Select to English' located by 'By.xpath: //a[@class = 'taglib-language-list-text' and @lang = 'en-US' and (contains(text(), 'EN') or contains(., 'EN'))]' is not present after '3' second(s)

2019-01-03 22:48:55 - [TEST_STEP][PASSED] - Statement - If (Checker == false): null

2019-01-03 22:48:55 - [TEST_STEP][PASSED] - delay: Delayed 2 second(s)

2019-01-03 22:48:57 - [MESSAGE][PASSED] - Delayed 2 second(s)

2019-01-03 22:48:57 - [TEST_STEP][PASSED] - delay: Delayed 5 second(s)

2019-01-03 22:49:02 - [MESSAGE][PASSED] - Delayed 5 second(s)

2019-01-03 22:49:02 - [TEST_STEP][PASSED] - navigateToUrl: Navigate to 'https://assist2-uat.perkeso.gov.my/web/registration/update/update-employer-information' successfully

2019-01-03 22:49:03 - [MESSAGE][PASSED] - Navigate to 'https://assist2-uat.perkeso.gov.my/web/registration/update/update-employer-information' successfully

2019-01-03 22:49:03 - [TEST_STEP][PASSED] - setText: Text 'E1102001065V ' is set on object 'Object Repository/Final Object Repo/Page_Update Employer Information/Employer Code'

2019-01-03 22:49:03 - [MESSAGE][PASSED] - Text 'E1102001065V ' is set on object 'Object Repository/Final Object Repo/Page_Update Employer Information/Employer Code'

2019-01-03 22:49:03 - [TEST_STEP][PASSED] - click: Object: 'Object Repository/Final Object Repo/Page_Update Employer Information/Search Button' is clicked on

2019-01-03 22:49:03 - [MESSAGE][PASSED] - Object: 'Object Repository/Final Object Repo/Page_Update Employer Information/Search Button' is clicked on

2019-01-03 22:49:03 - [TEST_STEP][PASSED] - click: Object: 'Object Repository/Final Object Repo/Page_Update Employer Information/Edit Button' is clicked on

2019-01-03 22:49:07 - [MESSAGE][PASSED] - Object: 'Object Repository/Final Object Repo/Page_Update Employer Information/Edit Button' is clicked on

2019-01-03 22:49:07 - [TEST_STEP][PASSED] - click: Object: 'Object Repository/Final Object Repo/Page_Update Employer Information/Business Entity' is clicked on

2019-01-03 22:49:07 - [MESSAGE][PASSED] - Object: 'Object Repository/Final Object Repo/Page_Update Employer Information/Business Entity' is clicked on

2019-01-03 22:49:07 - [TEST_STEP][PASSED] - Statement - CurrentBusinessEntity = "": null

2019-01-03 22:49:07 - [TEST_STEP][PASSED] - Statement - CurrentBusinessEntity = com.kms.katalon.core.webui.keyword.WebUiBuiltInKeywords.getText(com.kms.katalon.core.testobject.ObjectRepository.findTestObject(Final Object Repo/Page_Update Employer Information/Current Business Entity)): Text of object 'Object Repository/Final Object Repo/Page_Update Employer Information/Current Business Entity' is: 'Sole Proprietor / Individual Business'

2019-01-03 22:49:07 - [MESSAGE][PASSED] - Text of object 'Object Repository/Final Object Repo/Page_Update Employer Information/Current Business Entity' is: 'Sole Proprietor / Individual Business'

2019-01-03 22:49:07 - [TEST_STEP][PASSED] - Statement - out.println(CurrentBusinessEntity): null

2019-01-03 22:49:07 - [TEST_STEP][PASSED] - Statement - If (CurrentBusinessEntity == "Corporation"): null

2019-01-03 22:49:07 - [TEST_STEP][PASSED] - Statement - Else If (CurrentBusinessEntity == "Partnership"): null

2019-01-03 22:49:07 - [TEST_STEP][PASSED] - Statement - Else If (CurrentBusinessEntity == "Sole Proprietor / Individual Business"): Delayed 3 second(s)

2019-01-03 22:49:07 - [TEST_STEP][PASSED] - Statement - obj = com.kms.katalon.core.webui.keyword.WebUiBuiltInKeywords.modifyObjectProperty(com.kms.katalon.core.testobject.ObjectRepository.findTestObject(Final Object Repo/Page_Update Employer Information/change to this Business Entity), "xpath", "equals", "//ul/li/span[contains(text(),"Others")]", true, STOP_ON_FAILURE): Modify property of object successfully

2019-01-03 22:49:07 - [MESSAGE][PASSED] - Modify property of object successfully

2019-01-03 22:49:07 - [TEST_STEP][PASSED] - click: Object: 'Object Repository/Final Object Repo/Page_Update Employer Information/change to this Business Entity' is clicked on

2019-01-03 22:49:07 - [MESSAGE][PASSED] - Object: 'Object Repository/Final Object Repo/Page_Update Employer Information/change to this Business Entity' is clicked on

2019-01-03 22:49:07 - [TEST_STEP][PASSED] - delay: Delayed 1 second(s)

2019-01-03 22:49:08 - [MESSAGE][PASSED] - Delayed 1 second(s)

2019-01-03 22:49:08 - [TEST_STEP][PASSED] - click: Object: 'Object Repository/Final Object Repo/Page_Update Employer Information/Sub Business Entity' is clicked on

2019-01-03 22:49:08 - [MESSAGE][PASSED] - Object: 'Object Repository/Final Object Repo/Page_Update Employer Information/Sub Business Entity' is clicked on

2019-01-03 22:49:08 - [TEST_STEP][PASSED] - click: Object: 'Object Repository/Final Object Repo/Page_Update Employer Information/Sub Business Entity List - Others - Federal Government Agency' is clicked on

2019-01-03 22:49:09 - [MESSAGE][PASSED] - Object: 'Object Repository/Final Object Repo/Page_Update Employer Information/Sub Business Entity List - Others - Federal Government Agency' is clicked on

2019-01-03 22:49:09 - [TEST_STEP][PASSED] - delay: Delayed 1 second(s)

2019-01-03 22:49:10 - [MESSAGE][PASSED] - Delayed 1 second(s)

2019-01-03 22:49:10 - [TEST_STEP][PASSED] - click: Object: 'Object Repository/Final Object Repo/Page_Update Employer Information/Sub Business Entity List' is clicked on

2019-01-03 22:49:10 - [MESSAGE][PASSED] - Object: 'Object Repository/Final Object Repo/Page_Update Employer Information/Sub Business Entity List' is clicked on

2019-01-03 22:49:10 - [TEST_STEP][PASSED] - click: Object: 'Object Repository/Final Object Repo/Page_Update Employer Information/Sub Business Entity - Others - Federal Government Agency - Kementerian' is clicked on

2019-01-03 22:49:10 - [MESSAGE][PASSED] - Object: 'Object Repository/Final Object Repo/Page_Update Employer Information/Sub Business Entity - Others - Federal Government Agency - Kementerian' is clicked on

2019-01-03 22:49:10 - [TEST_STEP][PASSED] - delay: Delayed 3 second(s)

2019-01-03 22:49:13 - [MESSAGE][PASSED] - Delayed 3 second(s)

2019-01-03 22:49:13 - [TEST_STEP][PASSED] - delay: Delayed 4 second(s)

2019-01-03 22:49:17 - [MESSAGE][PASSED] - Delayed 4 second(s)

2019-01-03 22:49:17 - [TEST_STEP][PASSED] - click: Object: 'Object Repository/Final Object Repo/Page_Update Employer Information/Save  Continue' is clicked on

2019-01-03 22:49:17 - [MESSAGE][PASSED] - Object: 'Object Repository/Final Object Repo/Page_Update Employer Information/Save  Continue' is clicked on

2019-01-03 22:49:17 - [TEST_STEP][PASSED] - delay: Delayed 4 second(s)

2019-01-03 22:49:21 - [MESSAGE][PASSED] - Delayed 4 second(s)

2019-01-03 22:49:21 - [TEST_STEP][PASSED] - click: Object: 'Object Repository/Final Object Repo/Page_Update Employer Information/Save  Continue (1)' is clicked on

2019-01-03 22:49:21 - [MESSAGE][PASSED] - Object: 'Object Repository/Final Object Repo/Page_Update Employer Information/Save  Continue (1)' is clicked on

2019-01-03 22:49:21 - [TEST_STEP][PASSED] - delay: Delayed 4 second(s)

2019-01-03 22:49:25 - [MESSAGE][PASSED] - Delayed 4 second(s)

2019-01-03 22:49:25 - [TEST_STEP][PASSED] - Statement - CaseReferenceNo = com.kms.katalon.core.webui.keyword.WebUiBuiltInKeywords.getText(com.kms.katalon.core.testobject.ObjectRepository.findTestObject(Final Object Repo/Page_Update Employer Information/Reference Number in Update Employee Information Page)): Text of object 'Object Repository/Final Object Repo/Page_Update Employer Information/Reference Number in Update Employee Information Page' is: 'CUN012019C100006184'

2019-01-03 22:49:25 - [MESSAGE][PASSED] - Text of object 'Object Repository/Final Object Repo/Page_Update Employer Information/Reference Number in Update Employee Information Page' is: 'CUN012019C100006184'

2019-01-03 22:49:25 - [TEST_STEP][PASSED] - callTestCase: Call Test Case 'Test Cases/Final Aug 2018 - PKS Automation/Common/Reference Number Setter' successfully

2019-01-03 22:49:25 - [TEST_CASE][PASSED] - Test Cases/Final Aug 2018 - PKS Automation/Common/Reference Number Setter: Test Cases/Final Aug 2018 - PKS Automation/Common/Reference Number Setter

2019-01-03 22:49:26 - [TEST_STEP][PASSED] - Statement - RefNoOldFile = new java.io.File(C://Users//Admin//Desktop//PKS//Automation Reference Point//KatalonReference.txt): null

2019-01-03 22:49:26 - [TEST_STEP][PASSED] - Statement - RefNoOldFile.delete(): null

2019-01-03 22:49:26 - [TEST_STEP][PASSED] - delay: Delayed 5 second(s)

2019-01-03 22:49:31 - [MESSAGE][PASSED] - Delayed 5 second(s)

2019-01-03 22:49:31 - [TEST_STEP][PASSED] - Statement - RefNo = new java.io.File(C://Users//Admin//Desktop//PKS//Automation Reference Point//KatalonReference.txt): null

2019-01-03 22:49:31 - [TEST_STEP][PASSED] - Statement - f2 = new java.io.FileWriter(RefNo, false): null

2019-01-03 22:49:31 - [TEST_STEP][PASSED] - Statement - f2.write(CaseReferenceNo): null

2019-01-03 22:49:31 - [TEST_STEP][PASSED] - Statement - f2.close(): null

2019-01-03 22:49:31 - [TEST_STEP][PASSED] - Statement - out.println("


" + CaseReferenceNo + "


"): null

2019-01-03 22:49:31 - [MESSAGE][PASSED] - Call Test Case 'Test Cases/Final Aug 2018 - PKS Automation/Common/Reference Number Setter' successfully

2019-01-03 22:49:31 - [TEST_STEP][PASSED] - delay: Delayed 4 second(s)

2019-01-03 22:49:35 - [MESSAGE][PASSED] - Delayed 4 second(s)

2019-01-03 22:49:35 - [TEST_STEP][PASSED] - click: Object: 'Object Repository/Final Object Repo/Page_Update Employer Information/Submit - Copy' is clicked on

2019-01-03 22:49:35 - [MESSAGE][PASSED] - Object: 'Object Repository/Final Object Repo/Page_Update Employer Information/Submit - Copy' is clicked on

2019-01-03 22:49:35 - [TEST_STEP][PASSED] - delay: Delayed 2 second(s)

2019-01-03 22:49:37 - [MESSAGE][PASSED] - Delayed 2 second(s)

2019-01-03 22:49:37 - [TEST_STEP][PASSED] - click: Object: 'Object Repository/Final Object Repo/Page_Update Employer Information/Confirm' is clicked on

2019-01-03 22:49:37 - [MESSAGE][PASSED] - Object: 'Object Repository/Final Object Repo/Page_Update Employer Information/Confirm' is clicked on

2019-01-03 22:49:37 - [TEST_STEP][PASSED] - delay: Delayed 2 second(s)

2019-01-03 22:49:39 - [MESSAGE][PASSED] - Delayed 2 second(s)

2019-01-03 22:49:39 - [TEST_STEP][PASSED] - click: Object: 'Object Repository/Final Object Repo/Page_Update Employer Information/Message Your Request will be route' is clicked on

2019-01-03 22:49:41 - [MESSAGE][PASSED] - Object: 'Object Repository/Final Object Repo/Page_Update Employer Information/Message Your Request will be route' is clicked on

2019-01-03 22:49:41 - [MESSAGE][PASSED] - Call Test Case 'Test Cases/Final Aug 2018 - PKS Automation/Registration Module/Workflow/Update Employer Information/Template/Update Employer Information - Special Case (OTC)' successfully

2019-01-03 22:49:41 - [TEST_STEP][PASSED] - callTestCase: Call Test Case 'Test Cases/Final Aug 2018 - PKS Automation/Registration Module/Workflow/Update Employer Information/Template/Update Employer Information - Special Case - UO (Reject)' successfully

2019-01-03 22:49:41 - [TEST_CASE][PASSED] - Test Cases/Final Aug 2018 - PKS Automation/Registration Module/Workflow/Update Employer Information/Template/Update Employer Information - Special Case - UO (Reject): Test Cases/Final Aug 2018 - PKS Automation/Registration Module/Workflow/Update Employer Information/Template/Update Employer Information - Special Case - UO (Reject)

2019-01-03 22:49:41 - [TEST_STEP][NOT_RUN] - callTestCase: NOT_RUN: callTestCase

2019-01-03 22:49:41 - [MESSAGE][NOT_RUN] - NOT_RUN: callTestCase

2019-01-03 22:49:41 - [TEST_STEP][PASSED] - delay: Delayed 1 second(s)

2019-01-03 22:49:42 - [MESSAGE][PASSED] - Delayed 1 second(s)

2019-01-03 22:49:42 - [TEST_STEP][PASSED] - navigateToUrl: Navigate to 'https://assist2-uat.perkeso.gov.my/c/portal/logout' successfully

2019-01-03 22:49:43 - [MESSAGE][PASSED] - Navigate to 'https://assist2-uat.perkeso.gov.my/c/portal/logout' successfully

2019-01-03 22:49:43 - [TEST_STEP][PASSED] - delay: Delayed 1 second(s)

2019-01-03 22:49:44 - [MESSAGE][PASSED] - Delayed 1 second(s)

2019-01-03 22:49:44 - [TEST_STEP][PASSED] - callTestCase: Call Test Case 'Test Cases/Final Aug 2018 - PKS Automation/Common/Reference Number Getter' successfully

2019-01-03 22:49:44 - [TEST_CASE][PASSED] - Test Cases/Final Aug 2018 - PKS Automation/Common/Reference Number Getter: Test Cases/Final Aug 2018 - PKS Automation/Common/Reference Number Getter

2019-01-03 22:49:44 - [TEST_STEP][PASSED] - Statement - Try: null

2019-01-03 22:49:44 - [TEST_STEP][PASSED] - Statement - RefNo = new java.io.File(C://Users//Admin//Desktop//PKS//Automation Reference Point//KatalonReference.txt): null

2019-01-03 22:49:44 - [TEST_STEP][PASSED] - Statement - bufferread = new java.io.BufferedReader(new java.io.FileReader(RefNo)): null

2019-01-03 22:49:44 - [TEST_STEP][PASSED] - Statement - readedVal = bufferread.readLine(): null

2019-01-03 22:49:44 - [TEST_STEP][PASSED] - Statement - out.println(CaseReferenceNo): null

2019-01-03 22:49:44 - [TEST_STEP][PASSED] - Statement - out.println(readedVal): null

2019-01-03 22:49:44 - [TEST_STEP][PASSED] - Statement - CaseReferenceNo = "": null

2019-01-03 22:49:44 - [TEST_STEP][PASSED] - Statement - CaseReferenceNo = readedVal: null

2019-01-03 22:49:44 - [MESSAGE][PASSED] - Call Test Case 'Test Cases/Final Aug 2018 - PKS Automation/Common/Reference Number Getter' successfully

2019-01-03 22:49:44 - [TEST_STEP][PASSED] - callTestCase: Call Test Case 'Test Cases/Final Aug 2018 - PKS Automation/Common/Workflow Owner Finder' successfully

2019-01-03 22:49:44 - [TEST_CASE][PASSED] - Test Cases/Final Aug 2018 - PKS Automation/Common/Workflow Owner Finder: Test Cases/Final Aug 2018 - PKS Automation/Common/Workflow Owner Finder

2019-01-03 22:49:44 - [TEST_STEP][PASSED] - openBrowser: Browser is opened with url: ''

2019-01-03 22:49:44 - [MESSAGE][WARNING] - A browser is already opened. Closing browser and opening a new one

2019-01-03 22:49:48 - [MESSAGE][PASSED] - Browser is opened with url: ''

2019-01-03 22:49:48 - [TEST_STEP][PASSED] - navigateToUrl: Navigate to 'https://assist2-uat.perkeso.gov.my/login' successfully

2019-01-03 22:49:49 - [MESSAGE][PASSED] - Navigate to 'https://assist2-uat.perkeso.gov.my/login' successfully

2019-01-03 22:49:49 - [TEST_STEP][PASSED] - delay: Delayed 5 second(s)

2019-01-03 22:49:54 - [MESSAGE][PASSED] - Delayed 5 second(s)

2019-01-03 22:49:54 - [TEST_STEP][PASSED] - setText: Text 'test@liferay.com' is set on object 'Object Repository/Final Object Repo/Login Page/Internal User/Email Address'

2019-01-03 22:49:54 - [MESSAGE][PASSED] - Text 'test@liferay.com' is set on object 'Object Repository/Final Object Repo/Login Page/Internal User/Email Address'

2019-01-03 22:49:54 - [TEST_STEP][PASSED] - click: Object: 'Object Repository/Final Object Repo/Login Page/Internal User/Next Button' is clicked on

2019-01-03 22:49:54 - [MESSAGE][PASSED] - Object: 'Object Repository/Final Object Repo/Login Page/Internal User/Next Button' is clicked on

2019-01-03 22:49:54 - [TEST_STEP][PASSED] - delay: Delayed 2 second(s)

2019-01-03 22:49:56 - [MESSAGE][PASSED] - Delayed 2 second(s)

2019-01-03 22:49:56 - [TEST_STEP][PASSED] - setText: Text 'test' is set on object 'Object Repository/Final Object Repo/Login Page/Internal User/Password'

2019-01-03 22:49:56 - [MESSAGE][PASSED] - Text 'test' is set on object 'Object Repository/Final Object Repo/Login Page/Internal User/Password'

2019-01-03 22:49:56 - [TEST_STEP][PASSED] - delay: Delayed 2 second(s)

2019-01-03 22:49:58 - [MESSAGE][PASSED] - Delayed 2 second(s)

2019-01-03 22:49:58 - [TEST_STEP][PASSED] - click: Object: 'Object Repository/Final Object Repo/Login Page/Internal User/Login Button' is clicked on

2019-01-03 22:49:59 - [MESSAGE][PASSED] - Object: 'Object Repository/Final Object Repo/Login Page/Internal User/Login Button' is clicked on

2019-01-03 22:49:59 - [TEST_STEP][PASSED] - Statement - tester = com.kms.katalon.core.testobject.ObjectRepository.findTestObject(Final Object Repo/Landing Page/Select to English): Finding Test Object with id 'Object Repository/Final Object Repo/Landing Page/Select to English'

2019-01-03 22:49:59 - [TEST_STEP][PASSED] - Statement - Try: Delayed 2 second(s)

2019-01-03 22:49:59 - [TEST_STEP][PASSED] - Statement - Checker = com.kms.katalon.core.webui.keyword.WebUiBuiltInKeywords.verifyElementNotPresent(tester, 3): Web element with id: 'Object Repository/Final Object Repo/Landing Page/Select to English' located by 'By.xpath: //a[@class = 'taglib-language-list-text' and @lang = 'en-US' and (contains(text(), 'EN') or contains(., 'EN'))]' is not present after '3' second(s)

2019-01-03 22:50:00 - [MESSAGE][PASSED] - Web element with id: 'Object Repository/Final Object Repo/Landing Page/Select to English' located by 'By.xpath: //a[@class = 'taglib-language-list-text' and @lang = 'en-US' and (contains(text(), 'EN') or contains(., 'EN'))]' is not present after '3' second(s)

2019-01-03 22:50:00 - [TEST_STEP][PASSED] - Statement - If (Checker == false): null

2019-01-03 22:50:00 - [TEST_STEP][PASSED] - delay: Delayed 2 second(s)

2019-01-03 22:50:02 - [MESSAGE][PASSED] - Delayed 2 second(s)

2019-01-03 22:50:02 - [TEST_STEP][PASSED] - delay: Delayed 5 second(s)

2019-01-03 22:50:07 - [MESSAGE][PASSED] - Delayed 5 second(s)

2019-01-03 22:50:07 - [TEST_STEP][PASSED] - mouseOver: Object: 'Object Repository/Final Object Repo/Landing Page/WorkFlow Menu' is hovered

2019-01-03 22:50:08 - [MESSAGE][PASSED] - Object: 'Object Repository/Final Object Repo/Landing Page/WorkFlow Menu' is hovered

2019-01-03 22:50:08 - [TEST_STEP][PASSED] - delay: Delayed 2 second(s)

2019-01-03 22:50:10 - [MESSAGE][PASSED] - Delayed 2 second(s)

2019-01-03 22:50:10 - [TEST_STEP][PASSED] - click: Object: 'Object Repository/Final Object Repo/Landing Page/Select to Workflow Listing' is clicked on

2019-01-03 22:50:11 - [MESSAGE][PASSED] - Object: 'Object Repository/Final Object Repo/Landing Page/Select to Workflow Listing' is clicked on

2019-01-03 22:50:11 - [TEST_STEP][PASSED] - delay: Delayed 2 second(s)

2019-01-03 22:50:13 - [MESSAGE][PASSED] - Delayed 2 second(s)

2019-01-03 22:50:13 - [TEST_STEP][PASSED] - click: Object: 'Object Repository/Final Object Repo/WorkFlow Listing Page/Search Information - To Put Ref No' is clicked on

2019-01-03 22:50:13 - [MESSAGE][PASSED] - Object: 'Object Repository/Final Object Repo/WorkFlow Listing Page/Search Information - To Put Ref No' is clicked on

2019-01-03 22:50:13 - [TEST_STEP][PASSED] - delay: Delayed 2 second(s)

2019-01-03 22:50:15 - [MESSAGE][PASSED] - Delayed 2 second(s)

2019-01-03 22:50:15 - [TEST_STEP][PASSED] - callTestCase: Call Test Case 'Test Cases/Final Aug 2018 - PKS Automation/Common/Reference Number Getter' successfully

2019-01-03 22:50:15 - [TEST_CASE][PASSED] - Test Cases/Final Aug 2018 - PKS Automation/Common/Reference Number Getter: Test Cases/Final Aug 2018 - PKS Automation/Common/Reference Number Getter

2019-01-03 22:50:15 - [TEST_STEP][PASSED] - Statement - Try: null

2019-01-03 22:50:15 - [TEST_STEP][PASSED] - Statement - RefNo = new java.io.File(C://Users//Admin//Desktop//PKS//Automation Reference Point//KatalonReference.txt): null

2019-01-03 22:50:15 - [TEST_STEP][PASSED] - Statement - bufferread = new java.io.BufferedReader(new java.io.FileReader(RefNo)): null

2019-01-03 22:50:15 - [TEST_STEP][PASSED] - Statement - readedVal = bufferread.readLine(): null

2019-01-03 22:50:15 - [TEST_STEP][PASSED] - Statement - out.println(CaseReferenceNo): null

2019-01-03 22:50:15 - [TEST_STEP][PASSED] - Statement - out.println(readedVal): null

2019-01-03 22:50:15 - [TEST_STEP][PASSED] - Statement - CaseReferenceNo = "": null

2019-01-03 22:50:15 - [TEST_STEP][PASSED] - Statement - CaseReferenceNo = readedVal: null

2019-01-03 22:50:15 - [MESSAGE][PASSED] - Call Test Case 'Test Cases/Final Aug 2018 - PKS Automation/Common/Reference Number Getter' successfully

2019-01-03 22:50:15 - [TEST_STEP][PASSED] - setText: Text 'CUN012019C100006184' is set on object 'Object Repository/Final Object Repo/WorkFlow Listing Page/Ref No Set Text'

2019-01-03 22:50:15 - [MESSAGE][PASSED] - Text 'CUN012019C100006184' is set on object 'Object Repository/Final Object Repo/WorkFlow Listing Page/Ref No Set Text'

2019-01-03 22:50:15 - [TEST_STEP][PASSED] - delay: Delayed 2 second(s)

2019-01-03 22:50:17 - [MESSAGE][PASSED] - Delayed 2 second(s)

2019-01-03 22:50:17 - [TEST_STEP][PASSED] - click: Object: 'Object Repository/Final Object Repo/WorkFlow Listing Page/Search Ref No Search Button' is clicked on

2019-01-03 22:50:17 - [MESSAGE][PASSED] - Object: 'Object Repository/Final Object Repo/WorkFlow Listing Page/Search Ref No Search Button' is clicked on

2019-01-03 22:50:17 - [TEST_STEP][PASSED] - delay: Delayed 6 second(s)

2019-01-03 22:50:23 - [MESSAGE][PASSED] - Delayed 6 second(s)

2019-01-03 22:50:23 - [TEST_STEP][PASSED] - click: Object: 'Object Repository/Final Object Repo/WorkFlow Listing Page/Click Continue Tooltip' is clicked on

2019-01-03 22:50:24 - [MESSAGE][PASSED] - Object: 'Object Repository/Final Object Repo/WorkFlow Listing Page/Click Continue Tooltip' is clicked on

2019-01-03 22:50:24 - [TEST_STEP][PASSED] - delay: Delayed 5 second(s)

2019-01-03 22:50:29 - [MESSAGE][PASSED] - Delayed 5 second(s)

2019-01-03 22:50:29 - [TEST_STEP][PASSED] - doubleClick: Object: 'Object Repository/Final Object Repo/WorkFlow Listing Page/Workflow Found - Listing 1' is double clicked on

2019-01-03 22:50:29 - [MESSAGE][PASSED] - Object: 'Object Repository/Final Object Repo/WorkFlow Listing Page/Workflow Found - Listing 1' is double clicked on

2019-01-03 22:50:29 - [TEST_STEP][PASSED] - Statement - println(OwnerID): null

2019-01-03 22:50:29 - [TEST_STEP][PASSED] - Statement - OwnerID = com.kms.katalon.core.webui.keyword.WebUiBuiltInKeywords.getText(com.kms.katalon.core.testobject.ObjectRepository.findTestObject(Final Object Repo/WorkFlow Listing Page/Workflow Found - Listing 1), STOP_ON_FAILURE): Text of object 'Object Repository/Final Object Repo/WorkFlow Listing Page/Workflow Found - Listing 1' is: 'JOHORuo1'

2019-01-03 22:50:30 - [MESSAGE][PASSED] - Text of object 'Object Repository/Final Object Repo/WorkFlow Listing Page/Workflow Found - Listing 1' is: 'JOHORuo1'

2019-01-03 22:50:30 - [TEST_STEP][PASSED] - Statement - OwnerID = OwnerID.toLowerCase() + "@gmail.com": null

2019-01-03 22:50:30 - [TEST_STEP][PASSED] - Statement - println(OwnerID): null

2019-01-03 22:50:30 - [TEST_STEP][PASSED] - delay: Delayed 2 second(s)

2019-01-03 22:50:32 - [MESSAGE][PASSED] - Delayed 2 second(s)

2019-01-03 22:50:32 - [MESSAGE][PASSED] - Call Test Case 'Test Cases/Final Aug 2018 - PKS Automation/Common/Workflow Owner Finder' successfully

2019-01-03 22:50:32 - [TEST_STEP][PASSED] - delay: Delayed 1 second(s)

2019-01-03 22:50:33 - [MESSAGE][PASSED] - Delayed 1 second(s)

2019-01-03 22:50:33 - [TEST_STEP][PASSED] - navigateToUrl: Navigate to 'https://assist2-uat.perkeso.gov.my/c/portal/logout' successfully

2019-01-03 22:50:33 - [MESSAGE][PASSED] - Navigate to 'https://assist2-uat.perkeso.gov.my/c/portal/logout' successfully

2019-01-03 22:50:33 - [TEST_STEP][PASSED] - delay: Delayed 1 second(s)

2019-01-03 22:50:34 - [MESSAGE][PASSED] - Delayed 1 second(s)

2019-01-03 22:50:34 - [TEST_STEP][PASSED] - callTestCase: Call Test Case 'Test Cases/Final Aug 2018 - PKS Automation/Registration Module/Workflow/Login and Search Case For Workflow' successfully

2019-01-03 22:50:34 - [TEST_CASE][PASSED] - Test Cases/Final Aug 2018 - PKS Automation/Registration Module/Workflow/Login and Search Case For Workflow: Test Cases/Final Aug 2018 - PKS Automation/Registration Module/Workflow/Login and Search Case For Workflow

2019-01-03 22:50:35 - [TEST_STEP][PASSED] - navigateToUrl: Navigate to 'https://assist2-uat.perkeso.gov.my/login' successfully

2019-01-03 22:50:35 - [MESSAGE][PASSED] - Navigate to 'https://assist2-uat.perkeso.gov.my/login' successfully

2019-01-03 22:50:35 - [TEST_STEP][PASSED] - setText: Text 'johoruo1@gmail.com' is set on object 'Object Repository/Final Object Repo/Login Page/Internal User/Email Address'

2019-01-03 22:50:35 - [MESSAGE][PASSED] - Text 'johoruo1@gmail.com' is set on object 'Object Repository/Final Object Repo/Login Page/Internal User/Email Address'

2019-01-03 22:50:35 - [TEST_STEP][PASSED] - click: Object: 'Object Repository/Final Object Repo/Login Page/Internal User/Next Button' is clicked on

2019-01-03 22:50:35 - [MESSAGE][PASSED] - Object: 'Object Repository/Final Object Repo/Login Page/Internal User/Next Button' is clicked on

2019-01-03 22:50:35 - [TEST_STEP][PASSED] - delay: Delayed 1 second(s)

2019-01-03 22:50:36 - [MESSAGE][PASSED] - Delayed 1 second(s)

2019-01-03 22:50:36 - [TEST_STEP][PASSED] - setEncryptedText: Text ****** has been set on object 'Object Repository/Final Object Repo/Login Page/Internal User/Password'

2019-01-03 22:50:37 - [MESSAGE][PASSED] - Text ****** has been set on object 'Object Repository/Final Object Repo/Login Page/Internal User/Password'

2019-01-03 22:50:37 - [TEST_STEP][PASSED] - click: Object: 'Object Repository/Final Object Repo/Login Page/Internal User/Login Button' is clicked on

2019-01-03 22:50:37 - [MESSAGE][PASSED] - Object: 'Object Repository/Final Object Repo/Login Page/Internal User/Login Button' is clicked on

2019-01-03 22:50:37 - [TEST_STEP][PASSED] - delay: Delayed 2 second(s)

2019-01-03 22:50:39 - [MESSAGE][PASSED] - Delayed 2 second(s)

2019-01-03 22:50:39 - [TEST_STEP][PASSED] - Statement - Try: Delayed 2 second(s)

2019-01-03 22:50:39 - [TEST_STEP][PASSED] - Statement - Checker = false: null

2019-01-03 22:50:39 - [TEST_STEP][PASSED] - Statement - Checker = com.kms.katalon.core.webui.keyword.WebUiBuiltInKeywords.verifyElementHasAttribute(com.kms.katalon.core.testobject.ObjectRepository.findTestObject(Final Object Repo/Landing Page/BM Detecting), "href", 20, OPTIONAL): Object 'Object Repository/Final Object Repo/Landing Page/BM Detecting' has attribute 'href'

2019-01-03 22:50:39 - [MESSAGE][PASSED] - Object 'Object Repository/Final Object Repo/Landing Page/BM Detecting' has attribute 'href'

2019-01-03 22:50:39 - [TEST_STEP][PASSED] - Statement - out.println(Checker): null

2019-01-03 22:50:39 - [TEST_STEP][PASSED] - Statement - If (Checker == false): null

2019-01-03 22:50:39 - [TEST_STEP][PASSED] - Statement - Else: null

2019-01-03 22:50:39 - [TEST_STEP][PASSED] - delay: Delayed 2 second(s)

2019-01-03 22:50:41 - [MESSAGE][PASSED] - Delayed 2 second(s)

2019-01-03 22:50:41 - [TEST_STEP][PASSED] - click: Object: 'Object Repository/Final Object Repo/Page_MyASSIST - ASSIST - Search Pending Case For Add Supporting Document/Search Information' is clicked on

2019-01-03 22:50:41 - [MESSAGE][PASSED] - Object: 'Object Repository/Final Object Repo/Page_MyASSIST - ASSIST - Search Pending Case For Add Supporting Document/Search Information' is clicked on

2019-01-03 22:50:41 - [TEST_STEP][PASSED] - delay: Delayed 3 second(s)

2019-01-03 22:50:44 - [MESSAGE][PASSED] - Delayed 3 second(s)

2019-01-03 22:50:44 - [TEST_STEP][PASSED] - sendKeys: Keys 'CUN012019C100006184' sent to object: 'Object Repository/Final Object Repo/Page_MyASSIST - ASSIST - Search Pending Case For Add Supporting Document/Reference No'

2019-01-03 22:50:44 - [MESSAGE][PASSED] - Keys 'CUN012019C100006184' sent to object: 'Object Repository/Final Object Repo/Page_MyASSIST - ASSIST - Search Pending Case For Add Supporting Document/Reference No'

2019-01-03 22:50:44 - [TEST_STEP][PASSED] - click: Object: 'Object Repository/Final Object Repo/Page_MyASSIST - ASSIST - Search Pending Case For Add Supporting Document/Search Reference No' is clicked on

2019-01-03 22:50:44 - [MESSAGE][PASSED] - Object: 'Object Repository/Final Object Repo/Page_MyASSIST - ASSIST - Search Pending Case For Add Supporting Document/Search Reference No' is clicked on

2019-01-03 22:50:44 - [TEST_STEP][PASSED] - delay: Delayed 2 second(s)

2019-01-03 22:50:46 - [MESSAGE][PASSED] - Delayed 2 second(s)

2019-01-03 22:50:46 - [TEST_STEP][PASSED] - click: Object: 'Object Repository/Final Object Repo/Page_MyASSIST - ASSIST - Search Pending Case For Add Supporting Document/Continue' is clicked on

2019-01-03 22:50:50 - [MESSAGE][PASSED] - Object: 'Object Repository/Final Object Repo/Page_MyASSIST - ASSIST - Search Pending Case For Add Supporting Document/Continue' is clicked on

2019-01-03 22:50:50 - [TEST_STEP][PASSED] - delay: Delayed 20 second(s)

2019-01-03 22:51:10 - [MESSAGE][PASSED] - Delayed 20 second(s)

2019-01-03 22:51:10 - [MESSAGE][PASSED] - Call Test Case 'Test Cases/Final Aug 2018 - PKS Automation/Registration Module/Workflow/Login and Search Case For Workflow' successfully

2019-01-03 22:51:10 - [TEST_STEP][PASSED] - delay: Delayed 2 second(s)

2019-01-03 22:51:12 - [MESSAGE][PASSED] - Delayed 2 second(s)

2019-01-03 22:51:12 - [TEST_STEP][PASSED] - click: Object: 'Object Repository/Final Object Repo/Page_Update Employer Information/Page_Update Employer Information UO (Approve)/Continue' is clicked on

2019-01-03 22:51:16 - [MESSAGE][PASSED] - Object: 'Object Repository/Final Object Repo/Page_Update Employer Information/Page_Update Employer Information UO (Approve)/Continue' is clicked on

2019-01-03 22:51:16 - [TEST_STEP][PASSED] - delay: Delayed 2 second(s)

2019-01-03 22:51:18 - [MESSAGE][PASSED] - Delayed 2 second(s)

2019-01-03 22:51:18 - [TEST_STEP][PASSED] - click: Object: 'Object Repository/Final Object Repo/Page_Update Employer Information/Page_Update Employer Information UO (Approve)/Save  Continue in Update Employer Information Page' is clicked on

2019-01-03 22:51:18 - [MESSAGE][PASSED] - Object: 'Object Repository/Final Object Repo/Page_Update Employer Information/Page_Update Employer Information UO (Approve)/Save  Continue in Update Employer Information Page' is clicked on

2019-01-03 22:51:18 - [TEST_STEP][PASSED] - delay: Delayed 2 second(s)

2019-01-03 22:51:20 - [MESSAGE][PASSED] - Delayed 2 second(s)

2019-01-03 22:51:20 - [TEST_STEP][PASSED] - click: Object: 'Object Repository/Final Object Repo/Page_Update Employer Information/Page_Update Employer Information UO (Approve)/Save  Continue in Uploading Supporting Document Page' is clicked on

2019-01-03 22:51:23 - [MESSAGE][PASSED] - Object: 'Object Repository/Final Object Repo/Page_Update Employer Information/Page_Update Employer Information UO (Approve)/Save  Continue in Uploading Supporting Document Page' is clicked on

2019-01-03 22:51:23 - [TEST_STEP][PASSED] - delay: Delayed 2 second(s)

2019-01-03 22:51:25 - [MESSAGE][PASSED] - Delayed 2 second(s)

2019-01-03 22:51:25 - [TEST_STEP][PASSED] - click: Object: 'Object Repository/Final Object Repo/Page_Update Employer Information/Page_Update Employer Information UO (Reject)/Reject' is clicked on

2019-01-03 22:51:27 - [MESSAGE][PASSED] - Object: 'Object Repository/Final Object Repo/Page_Update Employer Information/Page_Update Employer Information UO (Reject)/Reject' is clicked on

2019-01-03 22:51:27 - [TEST_STEP][PASSED] - delay: Delayed 2 second(s)

2019-01-03 22:51:29 - [MESSAGE][PASSED] - Delayed 2 second(s)

2019-01-03 22:51:29 - [TEST_STEP][PASSED] - click: Object: 'Object Repository/Final Object Repo/Page_Update Employer Information/Page_Update Employer Information UO (Reject)/Confirm' is clicked on

2019-01-03 22:51:29 - [MESSAGE][PASSED] - Object: 'Object Repository/Final Object Repo/Page_Update Employer Information/Page_Update Employer Information UO (Reject)/Confirm' is clicked on

2019-01-03 22:51:29 - [TEST_STEP][PASSED] - delay: Delayed 2 second(s)

2019-01-03 22:51:31 - [MESSAGE][PASSED] - Delayed 2 second(s)

2019-01-03 22:51:31 - [TEST_STEP][PASSED] - click: Object: 'Object Repository/Final Object Repo/Page_Update Employer Information/Page_Update Employer Information UO (Reject)/Message This Case has been Rejected' is clicked on

2019-01-03 22:51:33 - [MESSAGE][PASSED] - Object: 'Object Repository/Final Object Repo/Page_Update Employer Information/Page_Update Employer Information UO (Reject)/Message This Case has been Rejected' is clicked on

2019-01-03 22:51:33 - [MESSAGE][PASSED] - Call Test Case 'Test Cases/Final Aug 2018 - PKS Automation/Registration Module/Workflow/Update Employer Information/Template/Update Employer Information - Special Case - UO (Reject)' successfully]]></system-out>
         <system-err><![CDATA[]]></system-err>
      </testcase>
      <testcase name="Test Cases/Final Aug 2018 - PKS Automation/Registration Module/Workflow/Update Employer Information/OTC - UO (Under enforcement)" classname="Test Cases/Final Aug 2018 - PKS Automation/Registration Module/Workflow/Update Employer Information/OTC - UO (Under enforcement)" status="PASSED">
         <system-out><![CDATA[2019-01-03 22:51:33 - [TEST_CASE][PASSED] - Test Cases/Final Aug 2018 - PKS Automation/Registration Module/Workflow/Update Employer Information/OTC - UO (Under enforcement): Test Cases/Final Aug 2018 - PKS Automation/Registration Module/Workflow/Update Employer Information/OTC - UO (Under enforcement)

2019-01-03 22:51:33 - [TEST_STEP][PASSED] - callTestCase: Call Test Case 'Test Cases/Final Aug 2018 - PKS Automation/Registration Module/Workflow/Update Employer Information/Template/Update Employer Information - Special Case (OTC)' successfully

2019-01-03 22:51:33 - [TEST_CASE][PASSED] - Test Cases/Final Aug 2018 - PKS Automation/Registration Module/Workflow/Update Employer Information/Template/Update Employer Information - Special Case (OTC): Test Cases/Final Aug 2018 - PKS Automation/Registration Module/Workflow/Update Employer Information/Template/Update Employer Information - Special Case (OTC)

2019-01-03 22:51:33 - [TEST_STEP][PASSED] - openBrowser: Browser is opened with url: ''

2019-01-03 22:51:33 - [MESSAGE][WARNING] - A browser is already opened. Closing browser and opening a new one

2019-01-03 22:51:37 - [MESSAGE][PASSED] - Browser is opened with url: ''

2019-01-03 22:51:37 - [TEST_STEP][PASSED] - navigateToUrl: Navigate to 'https://assist2-uat.perkeso.gov.my/login' successfully

2019-01-03 22:51:38 - [MESSAGE][PASSED] - Navigate to 'https://assist2-uat.perkeso.gov.my/login' successfully

2019-01-03 22:51:38 - [TEST_STEP][PASSED] - setText: Text 'johorotc1@gmail.com' is set on object 'Object Repository/Final Object Repo/Login Page/Internal User/Email Address'

2019-01-03 22:51:38 - [MESSAGE][PASSED] - Text 'johorotc1@gmail.com' is set on object 'Object Repository/Final Object Repo/Login Page/Internal User/Email Address'

2019-01-03 22:51:38 - [TEST_STEP][PASSED] - click: Object: 'Object Repository/Final Object Repo/Login Page/Internal User/Next Button' is clicked on

2019-01-03 22:51:39 - [MESSAGE][PASSED] - Object: 'Object Repository/Final Object Repo/Login Page/Internal User/Next Button' is clicked on

2019-01-03 22:51:39 - [TEST_STEP][PASSED] - delay: Delayed 1 second(s)

2019-01-03 22:51:40 - [MESSAGE][PASSED] - Delayed 1 second(s)

2019-01-03 22:51:40 - [TEST_STEP][PASSED] - setEncryptedText: Text ****** has been set on object 'Object Repository/Final Object Repo/Login Page/Internal User/Password'

2019-01-03 22:51:40 - [MESSAGE][PASSED] - Text ****** has been set on object 'Object Repository/Final Object Repo/Login Page/Internal User/Password'

2019-01-03 22:51:40 - [TEST_STEP][PASSED] - click: Object: 'Object Repository/Final Object Repo/Login Page/Internal User/Login Button' is clicked on

2019-01-03 22:51:40 - [MESSAGE][PASSED] - Object: 'Object Repository/Final Object Repo/Login Page/Internal User/Login Button' is clicked on

2019-01-03 22:51:40 - [TEST_STEP][PASSED] - Statement - tester = com.kms.katalon.core.testobject.ObjectRepository.findTestObject(Final Object Repo/Landing Page/Select to English): Finding Test Object with id 'Object Repository/Final Object Repo/Landing Page/Select to English'

2019-01-03 22:51:40 - [TEST_STEP][PASSED] - Statement - Try: Delayed 2 second(s)

2019-01-03 22:51:40 - [TEST_STEP][PASSED] - Statement - Checker = com.kms.katalon.core.webui.keyword.WebUiBuiltInKeywords.verifyElementNotPresent(tester, 3): Web element with id: 'Object Repository/Final Object Repo/Landing Page/Select to English' located by 'By.xpath: //a[@class = 'taglib-language-list-text' and @lang = 'en-US' and (contains(text(), 'EN') or contains(., 'EN'))]' is not present after '3' second(s)

2019-01-03 22:51:42 - [MESSAGE][PASSED] - Web element with id: 'Object Repository/Final Object Repo/Landing Page/Select to English' located by 'By.xpath: //a[@class = 'taglib-language-list-text' and @lang = 'en-US' and (contains(text(), 'EN') or contains(., 'EN'))]' is not present after '3' second(s)

2019-01-03 22:51:42 - [TEST_STEP][PASSED] - Statement - If (Checker == false): null

2019-01-03 22:51:42 - [TEST_STEP][PASSED] - delay: Delayed 2 second(s)

2019-01-03 22:51:44 - [MESSAGE][PASSED] - Delayed 2 second(s)

2019-01-03 22:51:44 - [TEST_STEP][PASSED] - delay: Delayed 5 second(s)

2019-01-03 22:51:49 - [MESSAGE][PASSED] - Delayed 5 second(s)

2019-01-03 22:51:49 - [TEST_STEP][PASSED] - navigateToUrl: Navigate to 'https://assist2-uat.perkeso.gov.my/web/registration/update/update-employer-information' successfully

2019-01-03 22:51:50 - [MESSAGE][PASSED] - Navigate to 'https://assist2-uat.perkeso.gov.my/web/registration/update/update-employer-information' successfully

2019-01-03 22:51:50 - [TEST_STEP][PASSED] - setText: Text 'E1102001065V ' is set on object 'Object Repository/Final Object Repo/Page_Update Employer Information/Employer Code'

2019-01-03 22:51:50 - [MESSAGE][PASSED] - Text 'E1102001065V ' is set on object 'Object Repository/Final Object Repo/Page_Update Employer Information/Employer Code'

2019-01-03 22:51:50 - [TEST_STEP][PASSED] - click: Object: 'Object Repository/Final Object Repo/Page_Update Employer Information/Search Button' is clicked on

2019-01-03 22:51:50 - [MESSAGE][PASSED] - Object: 'Object Repository/Final Object Repo/Page_Update Employer Information/Search Button' is clicked on

2019-01-03 22:51:50 - [TEST_STEP][PASSED] - click: Object: 'Object Repository/Final Object Repo/Page_Update Employer Information/Edit Button' is clicked on

2019-01-03 22:51:54 - [MESSAGE][PASSED] - Object: 'Object Repository/Final Object Repo/Page_Update Employer Information/Edit Button' is clicked on

2019-01-03 22:51:54 - [TEST_STEP][PASSED] - click: Object: 'Object Repository/Final Object Repo/Page_Update Employer Information/Business Entity' is clicked on

2019-01-03 22:51:54 - [MESSAGE][PASSED] - Object: 'Object Repository/Final Object Repo/Page_Update Employer Information/Business Entity' is clicked on

2019-01-03 22:51:54 - [TEST_STEP][PASSED] - Statement - CurrentBusinessEntity = "": null

2019-01-03 22:51:54 - [TEST_STEP][PASSED] - Statement - CurrentBusinessEntity = com.kms.katalon.core.webui.keyword.WebUiBuiltInKeywords.getText(com.kms.katalon.core.testobject.ObjectRepository.findTestObject(Final Object Repo/Page_Update Employer Information/Current Business Entity)): Text of object 'Object Repository/Final Object Repo/Page_Update Employer Information/Current Business Entity' is: 'Sole Proprietor / Individual Business'

2019-01-03 22:51:54 - [MESSAGE][PASSED] - Text of object 'Object Repository/Final Object Repo/Page_Update Employer Information/Current Business Entity' is: 'Sole Proprietor / Individual Business'

2019-01-03 22:51:54 - [TEST_STEP][PASSED] - Statement - out.println(CurrentBusinessEntity): null

2019-01-03 22:51:54 - [TEST_STEP][PASSED] - Statement - If (CurrentBusinessEntity == "Corporation"): null

2019-01-03 22:51:54 - [TEST_STEP][PASSED] - Statement - Else If (CurrentBusinessEntity == "Partnership"): null

2019-01-03 22:51:54 - [TEST_STEP][PASSED] - Statement - Else If (CurrentBusinessEntity == "Sole Proprietor / Individual Business"): Delayed 3 second(s)

2019-01-03 22:51:54 - [TEST_STEP][PASSED] - Statement - obj = com.kms.katalon.core.webui.keyword.WebUiBuiltInKeywords.modifyObjectProperty(com.kms.katalon.core.testobject.ObjectRepository.findTestObject(Final Object Repo/Page_Update Employer Information/change to this Business Entity), "xpath", "equals", "//ul/li/span[contains(text(),"Others")]", true, STOP_ON_FAILURE): Modify property of object successfully

2019-01-03 22:51:54 - [MESSAGE][PASSED] - Modify property of object successfully

2019-01-03 22:51:54 - [TEST_STEP][PASSED] - click: Object: 'Object Repository/Final Object Repo/Page_Update Employer Information/change to this Business Entity' is clicked on

2019-01-03 22:51:54 - [MESSAGE][PASSED] - Object: 'Object Repository/Final Object Repo/Page_Update Employer Information/change to this Business Entity' is clicked on

2019-01-03 22:51:54 - [TEST_STEP][PASSED] - delay: Delayed 1 second(s)

2019-01-03 22:51:55 - [MESSAGE][PASSED] - Delayed 1 second(s)

2019-01-03 22:51:55 - [TEST_STEP][PASSED] - click: Object: 'Object Repository/Final Object Repo/Page_Update Employer Information/Sub Business Entity' is clicked on

2019-01-03 22:51:55 - [MESSAGE][PASSED] - Object: 'Object Repository/Final Object Repo/Page_Update Employer Information/Sub Business Entity' is clicked on

2019-01-03 22:51:55 - [TEST_STEP][PASSED] - click: Object: 'Object Repository/Final Object Repo/Page_Update Employer Information/Sub Business Entity List - Others - Federal Government Agency' is clicked on

2019-01-03 22:51:56 - [MESSAGE][PASSED] - Object: 'Object Repository/Final Object Repo/Page_Update Employer Information/Sub Business Entity List - Others - Federal Government Agency' is clicked on

2019-01-03 22:51:56 - [TEST_STEP][PASSED] - delay: Delayed 1 second(s)

2019-01-03 22:51:57 - [MESSAGE][PASSED] - Delayed 1 second(s)

2019-01-03 22:51:57 - [TEST_STEP][PASSED] - click: Object: 'Object Repository/Final Object Repo/Page_Update Employer Information/Sub Business Entity List' is clicked on

2019-01-03 22:51:57 - [MESSAGE][PASSED] - Object: 'Object Repository/Final Object Repo/Page_Update Employer Information/Sub Business Entity List' is clicked on

2019-01-03 22:51:57 - [TEST_STEP][PASSED] - click: Object: 'Object Repository/Final Object Repo/Page_Update Employer Information/Sub Business Entity - Others - Federal Government Agency - Kementerian' is clicked on

2019-01-03 22:51:57 - [MESSAGE][PASSED] - Object: 'Object Repository/Final Object Repo/Page_Update Employer Information/Sub Business Entity - Others - Federal Government Agency - Kementerian' is clicked on

2019-01-03 22:51:57 - [TEST_STEP][PASSED] - delay: Delayed 3 second(s)

2019-01-03 22:52:00 - [MESSAGE][PASSED] - Delayed 3 second(s)

2019-01-03 22:52:00 - [TEST_STEP][PASSED] - delay: Delayed 4 second(s)

2019-01-03 22:52:04 - [MESSAGE][PASSED] - Delayed 4 second(s)

2019-01-03 22:52:04 - [TEST_STEP][PASSED] - click: Object: 'Object Repository/Final Object Repo/Page_Update Employer Information/Save  Continue' is clicked on

2019-01-03 22:52:04 - [MESSAGE][PASSED] - Object: 'Object Repository/Final Object Repo/Page_Update Employer Information/Save  Continue' is clicked on

2019-01-03 22:52:04 - [TEST_STEP][PASSED] - delay: Delayed 4 second(s)

2019-01-03 22:52:08 - [MESSAGE][PASSED] - Delayed 4 second(s)

2019-01-03 22:52:08 - [TEST_STEP][PASSED] - click: Object: 'Object Repository/Final Object Repo/Page_Update Employer Information/Save  Continue (1)' is clicked on

2019-01-03 22:52:08 - [MESSAGE][PASSED] - Object: 'Object Repository/Final Object Repo/Page_Update Employer Information/Save  Continue (1)' is clicked on

2019-01-03 22:52:08 - [TEST_STEP][PASSED] - delay: Delayed 4 second(s)

2019-01-03 22:52:12 - [MESSAGE][PASSED] - Delayed 4 second(s)

2019-01-03 22:52:12 - [TEST_STEP][PASSED] - Statement - CaseReferenceNo = com.kms.katalon.core.webui.keyword.WebUiBuiltInKeywords.getText(com.kms.katalon.core.testobject.ObjectRepository.findTestObject(Final Object Repo/Page_Update Employer Information/Reference Number in Update Employee Information Page)): Text of object 'Object Repository/Final Object Repo/Page_Update Employer Information/Reference Number in Update Employee Information Page' is: 'CUN012019C100006185'

2019-01-03 22:52:12 - [MESSAGE][PASSED] - Text of object 'Object Repository/Final Object Repo/Page_Update Employer Information/Reference Number in Update Employee Information Page' is: 'CUN012019C100006185'

2019-01-03 22:52:12 - [TEST_STEP][PASSED] - callTestCase: Call Test Case 'Test Cases/Final Aug 2018 - PKS Automation/Common/Reference Number Setter' successfully

2019-01-03 22:52:12 - [TEST_CASE][PASSED] - Test Cases/Final Aug 2018 - PKS Automation/Common/Reference Number Setter: Test Cases/Final Aug 2018 - PKS Automation/Common/Reference Number Setter

2019-01-03 22:52:12 - [TEST_STEP][PASSED] - Statement - RefNoOldFile = new java.io.File(C://Users//Admin//Desktop//PKS//Automation Reference Point//KatalonReference.txt): null

2019-01-03 22:52:12 - [TEST_STEP][PASSED] - Statement - RefNoOldFile.delete(): null

2019-01-03 22:52:12 - [TEST_STEP][PASSED] - delay: Delayed 5 second(s)

2019-01-03 22:52:17 - [MESSAGE][PASSED] - Delayed 5 second(s)

2019-01-03 22:52:17 - [TEST_STEP][PASSED] - Statement - RefNo = new java.io.File(C://Users//Admin//Desktop//PKS//Automation Reference Point//KatalonReference.txt): null

2019-01-03 22:52:17 - [TEST_STEP][PASSED] - Statement - f2 = new java.io.FileWriter(RefNo, false): null

2019-01-03 22:52:17 - [TEST_STEP][PASSED] - Statement - f2.write(CaseReferenceNo): null

2019-01-03 22:52:17 - [TEST_STEP][PASSED] - Statement - f2.close(): null

2019-01-03 22:52:17 - [TEST_STEP][PASSED] - Statement - out.println("


" + CaseReferenceNo + "


"): null

2019-01-03 22:52:17 - [MESSAGE][PASSED] - Call Test Case 'Test Cases/Final Aug 2018 - PKS Automation/Common/Reference Number Setter' successfully

2019-01-03 22:52:17 - [TEST_STEP][PASSED] - delay: Delayed 4 second(s)

2019-01-03 22:52:21 - [MESSAGE][PASSED] - Delayed 4 second(s)

2019-01-03 22:52:21 - [TEST_STEP][PASSED] - click: Object: 'Object Repository/Final Object Repo/Page_Update Employer Information/Submit - Copy' is clicked on

2019-01-03 22:52:22 - [MESSAGE][PASSED] - Object: 'Object Repository/Final Object Repo/Page_Update Employer Information/Submit - Copy' is clicked on

2019-01-03 22:52:22 - [TEST_STEP][PASSED] - delay: Delayed 2 second(s)

2019-01-03 22:52:24 - [MESSAGE][PASSED] - Delayed 2 second(s)

2019-01-03 22:52:24 - [TEST_STEP][PASSED] - click: Object: 'Object Repository/Final Object Repo/Page_Update Employer Information/Confirm' is clicked on

2019-01-03 22:52:24 - [MESSAGE][PASSED] - Object: 'Object Repository/Final Object Repo/Page_Update Employer Information/Confirm' is clicked on

2019-01-03 22:52:24 - [TEST_STEP][PASSED] - delay: Delayed 2 second(s)

2019-01-03 22:52:26 - [MESSAGE][PASSED] - Delayed 2 second(s)

2019-01-03 22:52:26 - [TEST_STEP][PASSED] - click: Object: 'Object Repository/Final Object Repo/Page_Update Employer Information/Message Your Request will be route' is clicked on

2019-01-03 22:52:28 - [MESSAGE][PASSED] - Object: 'Object Repository/Final Object Repo/Page_Update Employer Information/Message Your Request will be route' is clicked on

2019-01-03 22:52:28 - [MESSAGE][PASSED] - Call Test Case 'Test Cases/Final Aug 2018 - PKS Automation/Registration Module/Workflow/Update Employer Information/Template/Update Employer Information - Special Case (OTC)' successfully

2019-01-03 22:52:28 - [TEST_STEP][PASSED] - callTestCase: Call Test Case 'Test Cases/Final Aug 2018 - PKS Automation/Registration Module/Workflow/Update Employer Information/Template/Update Employer Information - Special Case - UO (Under enforcement)' successfully

2019-01-03 22:52:28 - [TEST_CASE][PASSED] - Test Cases/Final Aug 2018 - PKS Automation/Registration Module/Workflow/Update Employer Information/Template/Update Employer Information - Special Case - UO (Under enforcement): Test Cases/Final Aug 2018 - PKS Automation/Registration Module/Workflow/Update Employer Information/Template/Update Employer Information - Special Case - UO (Under enforcement)

2019-01-03 22:52:28 - [TEST_STEP][NOT_RUN] - callTestCase: NOT_RUN: callTestCase

2019-01-03 22:52:28 - [MESSAGE][NOT_RUN] - NOT_RUN: callTestCase

2019-01-03 22:52:28 - [TEST_STEP][PASSED] - delay: Delayed 1 second(s)

2019-01-03 22:52:29 - [MESSAGE][PASSED] - Delayed 1 second(s)

2019-01-03 22:52:29 - [TEST_STEP][PASSED] - navigateToUrl: Navigate to 'https://assist2-uat.perkeso.gov.my/c/portal/logout' successfully

2019-01-03 22:52:30 - [MESSAGE][PASSED] - Navigate to 'https://assist2-uat.perkeso.gov.my/c/portal/logout' successfully

2019-01-03 22:52:30 - [TEST_STEP][PASSED] - delay: Delayed 1 second(s)

2019-01-03 22:52:31 - [MESSAGE][PASSED] - Delayed 1 second(s)

2019-01-03 22:52:31 - [TEST_STEP][PASSED] - callTestCase: Call Test Case 'Test Cases/Final Aug 2018 - PKS Automation/Common/Reference Number Getter' successfully

2019-01-03 22:52:31 - [TEST_CASE][PASSED] - Test Cases/Final Aug 2018 - PKS Automation/Common/Reference Number Getter: Test Cases/Final Aug 2018 - PKS Automation/Common/Reference Number Getter

2019-01-03 22:52:31 - [TEST_STEP][PASSED] - Statement - Try: null

2019-01-03 22:52:31 - [TEST_STEP][PASSED] - Statement - RefNo = new java.io.File(C://Users//Admin//Desktop//PKS//Automation Reference Point//KatalonReference.txt): null

2019-01-03 22:52:31 - [TEST_STEP][PASSED] - Statement - bufferread = new java.io.BufferedReader(new java.io.FileReader(RefNo)): null

2019-01-03 22:52:31 - [TEST_STEP][PASSED] - Statement - readedVal = bufferread.readLine(): null

2019-01-03 22:52:31 - [TEST_STEP][PASSED] - Statement - out.println(CaseReferenceNo): null

2019-01-03 22:52:31 - [TEST_STEP][PASSED] - Statement - out.println(readedVal): null

2019-01-03 22:52:31 - [TEST_STEP][PASSED] - Statement - CaseReferenceNo = "": null

2019-01-03 22:52:31 - [TEST_STEP][PASSED] - Statement - CaseReferenceNo = readedVal: null

2019-01-03 22:52:31 - [MESSAGE][PASSED] - Call Test Case 'Test Cases/Final Aug 2018 - PKS Automation/Common/Reference Number Getter' successfully

2019-01-03 22:52:31 - [TEST_STEP][PASSED] - callTestCase: Call Test Case 'Test Cases/Final Aug 2018 - PKS Automation/Common/Workflow Owner Finder' successfully

2019-01-03 22:52:31 - [TEST_CASE][PASSED] - Test Cases/Final Aug 2018 - PKS Automation/Common/Workflow Owner Finder: Test Cases/Final Aug 2018 - PKS Automation/Common/Workflow Owner Finder

2019-01-03 22:52:31 - [TEST_STEP][PASSED] - openBrowser: Browser is opened with url: ''

2019-01-03 22:52:31 - [MESSAGE][WARNING] - A browser is already opened. Closing browser and opening a new one

2019-01-03 22:52:35 - [MESSAGE][PASSED] - Browser is opened with url: ''

2019-01-03 22:52:35 - [TEST_STEP][PASSED] - navigateToUrl: Navigate to 'https://assist2-uat.perkeso.gov.my/login' successfully

2019-01-03 22:52:36 - [MESSAGE][PASSED] - Navigate to 'https://assist2-uat.perkeso.gov.my/login' successfully

2019-01-03 22:52:36 - [TEST_STEP][PASSED] - delay: Delayed 5 second(s)

2019-01-03 22:52:41 - [MESSAGE][PASSED] - Delayed 5 second(s)

2019-01-03 22:52:41 - [TEST_STEP][PASSED] - setText: Text 'test@liferay.com' is set on object 'Object Repository/Final Object Repo/Login Page/Internal User/Email Address'

2019-01-03 22:52:41 - [MESSAGE][PASSED] - Text 'test@liferay.com' is set on object 'Object Repository/Final Object Repo/Login Page/Internal User/Email Address'

2019-01-03 22:52:41 - [TEST_STEP][PASSED] - click: Object: 'Object Repository/Final Object Repo/Login Page/Internal User/Next Button' is clicked on

2019-01-03 22:52:41 - [MESSAGE][PASSED] - Object: 'Object Repository/Final Object Repo/Login Page/Internal User/Next Button' is clicked on

2019-01-03 22:52:41 - [TEST_STEP][PASSED] - delay: Delayed 2 second(s)

2019-01-03 22:52:43 - [MESSAGE][PASSED] - Delayed 2 second(s)

2019-01-03 22:52:43 - [TEST_STEP][PASSED] - setText: Text 'test' is set on object 'Object Repository/Final Object Repo/Login Page/Internal User/Password'

2019-01-03 22:52:43 - [MESSAGE][PASSED] - Text 'test' is set on object 'Object Repository/Final Object Repo/Login Page/Internal User/Password'

2019-01-03 22:52:43 - [TEST_STEP][PASSED] - delay: Delayed 2 second(s)

2019-01-03 22:52:45 - [MESSAGE][PASSED] - Delayed 2 second(s)

2019-01-03 22:52:45 - [TEST_STEP][PASSED] - click: Object: 'Object Repository/Final Object Repo/Login Page/Internal User/Login Button' is clicked on

2019-01-03 22:52:46 - [MESSAGE][PASSED] - Object: 'Object Repository/Final Object Repo/Login Page/Internal User/Login Button' is clicked on

2019-01-03 22:52:46 - [TEST_STEP][PASSED] - Statement - tester = com.kms.katalon.core.testobject.ObjectRepository.findTestObject(Final Object Repo/Landing Page/Select to English): Finding Test Object with id 'Object Repository/Final Object Repo/Landing Page/Select to English'

2019-01-03 22:52:46 - [TEST_STEP][PASSED] - Statement - Try: Delayed 2 second(s)

2019-01-03 22:52:46 - [TEST_STEP][PASSED] - Statement - Checker = com.kms.katalon.core.webui.keyword.WebUiBuiltInKeywords.verifyElementNotPresent(tester, 3): Web element with id: 'Object Repository/Final Object Repo/Landing Page/Select to English' located by 'By.xpath: //a[@class = 'taglib-language-list-text' and @lang = 'en-US' and (contains(text(), 'EN') or contains(., 'EN'))]' is not present after '3' second(s)

2019-01-03 22:52:47 - [MESSAGE][PASSED] - Web element with id: 'Object Repository/Final Object Repo/Landing Page/Select to English' located by 'By.xpath: //a[@class = 'taglib-language-list-text' and @lang = 'en-US' and (contains(text(), 'EN') or contains(., 'EN'))]' is not present after '3' second(s)

2019-01-03 22:52:47 - [TEST_STEP][PASSED] - Statement - If (Checker == false): null

2019-01-03 22:52:47 - [TEST_STEP][PASSED] - delay: Delayed 2 second(s)

2019-01-03 22:52:49 - [MESSAGE][PASSED] - Delayed 2 second(s)

2019-01-03 22:52:49 - [TEST_STEP][PASSED] - delay: Delayed 5 second(s)

2019-01-03 22:52:54 - [MESSAGE][PASSED] - Delayed 5 second(s)

2019-01-03 22:52:54 - [TEST_STEP][PASSED] - mouseOver: Object: 'Object Repository/Final Object Repo/Landing Page/WorkFlow Menu' is hovered

2019-01-03 22:52:54 - [MESSAGE][PASSED] - Object: 'Object Repository/Final Object Repo/Landing Page/WorkFlow Menu' is hovered

2019-01-03 22:52:54 - [TEST_STEP][PASSED] - delay: Delayed 2 second(s)

2019-01-03 22:52:56 - [MESSAGE][PASSED] - Delayed 2 second(s)

2019-01-03 22:52:56 - [TEST_STEP][PASSED] - click: Object: 'Object Repository/Final Object Repo/Landing Page/Select to Workflow Listing' is clicked on

2019-01-03 22:52:58 - [MESSAGE][PASSED] - Object: 'Object Repository/Final Object Repo/Landing Page/Select to Workflow Listing' is clicked on

2019-01-03 22:52:58 - [TEST_STEP][PASSED] - delay: Delayed 2 second(s)

2019-01-03 22:53:00 - [MESSAGE][PASSED] - Delayed 2 second(s)

2019-01-03 22:53:00 - [TEST_STEP][PASSED] - click: Object: 'Object Repository/Final Object Repo/WorkFlow Listing Page/Search Information - To Put Ref No' is clicked on

2019-01-03 22:53:00 - [MESSAGE][PASSED] - Object: 'Object Repository/Final Object Repo/WorkFlow Listing Page/Search Information - To Put Ref No' is clicked on

2019-01-03 22:53:00 - [TEST_STEP][PASSED] - delay: Delayed 2 second(s)

2019-01-03 22:53:02 - [MESSAGE][PASSED] - Delayed 2 second(s)

2019-01-03 22:53:02 - [TEST_STEP][PASSED] - callTestCase: Call Test Case 'Test Cases/Final Aug 2018 - PKS Automation/Common/Reference Number Getter' successfully

2019-01-03 22:53:02 - [TEST_CASE][PASSED] - Test Cases/Final Aug 2018 - PKS Automation/Common/Reference Number Getter: Test Cases/Final Aug 2018 - PKS Automation/Common/Reference Number Getter

2019-01-03 22:53:02 - [TEST_STEP][PASSED] - Statement - Try: null

2019-01-03 22:53:02 - [TEST_STEP][PASSED] - Statement - RefNo = new java.io.File(C://Users//Admin//Desktop//PKS//Automation Reference Point//KatalonReference.txt): null

2019-01-03 22:53:02 - [TEST_STEP][PASSED] - Statement - bufferread = new java.io.BufferedReader(new java.io.FileReader(RefNo)): null

2019-01-03 22:53:02 - [TEST_STEP][PASSED] - Statement - readedVal = bufferread.readLine(): null

2019-01-03 22:53:02 - [TEST_STEP][PASSED] - Statement - out.println(CaseReferenceNo): null

2019-01-03 22:53:02 - [TEST_STEP][PASSED] - Statement - out.println(readedVal): null

2019-01-03 22:53:02 - [TEST_STEP][PASSED] - Statement - CaseReferenceNo = "": null

2019-01-03 22:53:02 - [TEST_STEP][PASSED] - Statement - CaseReferenceNo = readedVal: null

2019-01-03 22:53:02 - [MESSAGE][PASSED] - Call Test Case 'Test Cases/Final Aug 2018 - PKS Automation/Common/Reference Number Getter' successfully

2019-01-03 22:53:02 - [TEST_STEP][PASSED] - setText: Text 'CUN012019C100006185' is set on object 'Object Repository/Final Object Repo/WorkFlow Listing Page/Ref No Set Text'

2019-01-03 22:53:02 - [MESSAGE][PASSED] - Text 'CUN012019C100006185' is set on object 'Object Repository/Final Object Repo/WorkFlow Listing Page/Ref No Set Text'

2019-01-03 22:53:02 - [TEST_STEP][PASSED] - delay: Delayed 2 second(s)

2019-01-03 22:53:04 - [MESSAGE][PASSED] - Delayed 2 second(s)

2019-01-03 22:53:04 - [TEST_STEP][PASSED] - click: Object: 'Object Repository/Final Object Repo/WorkFlow Listing Page/Search Ref No Search Button' is clicked on

2019-01-03 22:53:04 - [MESSAGE][PASSED] - Object: 'Object Repository/Final Object Repo/WorkFlow Listing Page/Search Ref No Search Button' is clicked on

2019-01-03 22:53:04 - [TEST_STEP][PASSED] - delay: Delayed 6 second(s)

2019-01-03 22:53:10 - [MESSAGE][PASSED] - Delayed 6 second(s)

2019-01-03 22:53:10 - [TEST_STEP][PASSED] - click: Object: 'Object Repository/Final Object Repo/WorkFlow Listing Page/Click Continue Tooltip' is clicked on

2019-01-03 22:53:11 - [MESSAGE][PASSED] - Object: 'Object Repository/Final Object Repo/WorkFlow Listing Page/Click Continue Tooltip' is clicked on

2019-01-03 22:53:11 - [TEST_STEP][PASSED] - delay: Delayed 5 second(s)

2019-01-03 22:53:16 - [MESSAGE][PASSED] - Delayed 5 second(s)

2019-01-03 22:53:16 - [TEST_STEP][PASSED] - doubleClick: Object: 'Object Repository/Final Object Repo/WorkFlow Listing Page/Workflow Found - Listing 1' is double clicked on

2019-01-03 22:53:16 - [MESSAGE][PASSED] - Object: 'Object Repository/Final Object Repo/WorkFlow Listing Page/Workflow Found - Listing 1' is double clicked on

2019-01-03 22:53:16 - [TEST_STEP][PASSED] - Statement - println(OwnerID): null

2019-01-03 22:53:16 - [TEST_STEP][PASSED] - Statement - OwnerID = com.kms.katalon.core.webui.keyword.WebUiBuiltInKeywords.getText(com.kms.katalon.core.testobject.ObjectRepository.findTestObject(Final Object Repo/WorkFlow Listing Page/Workflow Found - Listing 1), STOP_ON_FAILURE): Text of object 'Object Repository/Final Object Repo/WorkFlow Listing Page/Workflow Found - Listing 1' is: 'JOHORuo2'

2019-01-03 22:53:16 - [MESSAGE][PASSED] - Text of object 'Object Repository/Final Object Repo/WorkFlow Listing Page/Workflow Found - Listing 1' is: 'JOHORuo2'

2019-01-03 22:53:16 - [TEST_STEP][PASSED] - Statement - OwnerID = OwnerID.toLowerCase() + "@gmail.com": null

2019-01-03 22:53:16 - [TEST_STEP][PASSED] - Statement - println(OwnerID): null

2019-01-03 22:53:16 - [TEST_STEP][PASSED] - delay: Delayed 2 second(s)

2019-01-03 22:53:18 - [MESSAGE][PASSED] - Delayed 2 second(s)

2019-01-03 22:53:18 - [MESSAGE][PASSED] - Call Test Case 'Test Cases/Final Aug 2018 - PKS Automation/Common/Workflow Owner Finder' successfully

2019-01-03 22:53:18 - [TEST_STEP][PASSED] - delay: Delayed 1 second(s)

2019-01-03 22:53:19 - [MESSAGE][PASSED] - Delayed 1 second(s)

2019-01-03 22:53:19 - [TEST_STEP][PASSED] - navigateToUrl: Navigate to 'https://assist2-uat.perkeso.gov.my/c/portal/logout' successfully

2019-01-03 22:53:20 - [MESSAGE][PASSED] - Navigate to 'https://assist2-uat.perkeso.gov.my/c/portal/logout' successfully

2019-01-03 22:53:20 - [TEST_STEP][PASSED] - delay: Delayed 1 second(s)

2019-01-03 22:53:21 - [MESSAGE][PASSED] - Delayed 1 second(s)

2019-01-03 22:53:21 - [TEST_STEP][PASSED] - callTestCase: Call Test Case 'Test Cases/Final Aug 2018 - PKS Automation/Registration Module/Workflow/Login and Search Case For Workflow' successfully

2019-01-03 22:53:21 - [TEST_CASE][PASSED] - Test Cases/Final Aug 2018 - PKS Automation/Registration Module/Workflow/Login and Search Case For Workflow: Test Cases/Final Aug 2018 - PKS Automation/Registration Module/Workflow/Login and Search Case For Workflow

2019-01-03 22:53:21 - [TEST_STEP][PASSED] - navigateToUrl: Navigate to 'https://assist2-uat.perkeso.gov.my/login' successfully

2019-01-03 22:53:22 - [MESSAGE][PASSED] - Navigate to 'https://assist2-uat.perkeso.gov.my/login' successfully

2019-01-03 22:53:22 - [TEST_STEP][PASSED] - setText: Text 'johoruo2@gmail.com' is set on object 'Object Repository/Final Object Repo/Login Page/Internal User/Email Address'

2019-01-03 22:53:22 - [MESSAGE][PASSED] - Text 'johoruo2@gmail.com' is set on object 'Object Repository/Final Object Repo/Login Page/Internal User/Email Address'

2019-01-03 22:53:22 - [TEST_STEP][PASSED] - click: Object: 'Object Repository/Final Object Repo/Login Page/Internal User/Next Button' is clicked on

2019-01-03 22:53:22 - [MESSAGE][PASSED] - Object: 'Object Repository/Final Object Repo/Login Page/Internal User/Next Button' is clicked on

2019-01-03 22:53:22 - [TEST_STEP][PASSED] - delay: Delayed 1 second(s)

2019-01-03 22:53:23 - [MESSAGE][PASSED] - Delayed 1 second(s)

2019-01-03 22:53:23 - [TEST_STEP][PASSED] - setEncryptedText: Text ****** has been set on object 'Object Repository/Final Object Repo/Login Page/Internal User/Password'

2019-01-03 22:53:24 - [MESSAGE][PASSED] - Text ****** has been set on object 'Object Repository/Final Object Repo/Login Page/Internal User/Password'

2019-01-03 22:53:24 - [TEST_STEP][PASSED] - click: Object: 'Object Repository/Final Object Repo/Login Page/Internal User/Login Button' is clicked on

2019-01-03 22:53:24 - [MESSAGE][PASSED] - Object: 'Object Repository/Final Object Repo/Login Page/Internal User/Login Button' is clicked on

2019-01-03 22:53:24 - [TEST_STEP][PASSED] - delay: Delayed 2 second(s)

2019-01-03 22:53:26 - [MESSAGE][PASSED] - Delayed 2 second(s)

2019-01-03 22:53:26 - [TEST_STEP][PASSED] - Statement - Try: Delayed 2 second(s)

2019-01-03 22:53:26 - [TEST_STEP][PASSED] - Statement - Checker = false: null

2019-01-03 22:53:26 - [TEST_STEP][PASSED] - Statement - Checker = com.kms.katalon.core.webui.keyword.WebUiBuiltInKeywords.verifyElementHasAttribute(com.kms.katalon.core.testobject.ObjectRepository.findTestObject(Final Object Repo/Landing Page/BM Detecting), "href", 20, OPTIONAL): Object 'Object Repository/Final Object Repo/Landing Page/BM Detecting' has attribute 'href'

2019-01-03 22:53:26 - [MESSAGE][PASSED] - Object 'Object Repository/Final Object Repo/Landing Page/BM Detecting' has attribute 'href'

2019-01-03 22:53:26 - [TEST_STEP][PASSED] - Statement - out.println(Checker): null

2019-01-03 22:53:26 - [TEST_STEP][PASSED] - Statement - If (Checker == false): null

2019-01-03 22:53:26 - [TEST_STEP][PASSED] - Statement - Else: null

2019-01-03 22:53:26 - [TEST_STEP][PASSED] - delay: Delayed 2 second(s)

2019-01-03 22:53:28 - [MESSAGE][PASSED] - Delayed 2 second(s)

2019-01-03 22:53:28 - [TEST_STEP][PASSED] - click: Object: 'Object Repository/Final Object Repo/Page_MyASSIST - ASSIST - Search Pending Case For Add Supporting Document/Search Information' is clicked on

2019-01-03 22:53:28 - [MESSAGE][PASSED] - Object: 'Object Repository/Final Object Repo/Page_MyASSIST - ASSIST - Search Pending Case For Add Supporting Document/Search Information' is clicked on

2019-01-03 22:53:28 - [TEST_STEP][PASSED] - delay: Delayed 3 second(s)

2019-01-03 22:53:31 - [MESSAGE][PASSED] - Delayed 3 second(s)

2019-01-03 22:53:31 - [TEST_STEP][PASSED] - sendKeys: Keys 'CUN012019C100006185' sent to object: 'Object Repository/Final Object Repo/Page_MyASSIST - ASSIST - Search Pending Case For Add Supporting Document/Reference No'

2019-01-03 22:53:31 - [MESSAGE][PASSED] - Keys 'CUN012019C100006185' sent to object: 'Object Repository/Final Object Repo/Page_MyASSIST - ASSIST - Search Pending Case For Add Supporting Document/Reference No'

2019-01-03 22:53:31 - [TEST_STEP][PASSED] - click: Object: 'Object Repository/Final Object Repo/Page_MyASSIST - ASSIST - Search Pending Case For Add Supporting Document/Search Reference No' is clicked on

2019-01-03 22:53:31 - [MESSAGE][PASSED] - Object: 'Object Repository/Final Object Repo/Page_MyASSIST - ASSIST - Search Pending Case For Add Supporting Document/Search Reference No' is clicked on

2019-01-03 22:53:31 - [TEST_STEP][PASSED] - delay: Delayed 2 second(s)

2019-01-03 22:53:33 - [MESSAGE][PASSED] - Delayed 2 second(s)

2019-01-03 22:53:33 - [TEST_STEP][PASSED] - click: Object: 'Object Repository/Final Object Repo/Page_MyASSIST - ASSIST - Search Pending Case For Add Supporting Document/Continue' is clicked on

2019-01-03 22:53:37 - [MESSAGE][PASSED] - Object: 'Object Repository/Final Object Repo/Page_MyASSIST - ASSIST - Search Pending Case For Add Supporting Document/Continue' is clicked on

2019-01-03 22:53:37 - [TEST_STEP][PASSED] - delay: Delayed 20 second(s)

2019-01-03 22:53:57 - [MESSAGE][PASSED] - Delayed 20 second(s)

2019-01-03 22:53:57 - [MESSAGE][PASSED] - Call Test Case 'Test Cases/Final Aug 2018 - PKS Automation/Registration Module/Workflow/Login and Search Case For Workflow' successfully

2019-01-03 22:53:57 - [TEST_STEP][PASSED] - delay: Delayed 2 second(s)

2019-01-03 22:53:59 - [MESSAGE][PASSED] - Delayed 2 second(s)

2019-01-03 22:53:59 - [TEST_STEP][PASSED] - click: Object: 'Object Repository/Final Object Repo/Page_Update Employer Information/Page_Update Employer Information UO (Approve)/Continue' is clicked on

2019-01-03 22:54:02 - [MESSAGE][PASSED] - Object: 'Object Repository/Final Object Repo/Page_Update Employer Information/Page_Update Employer Information UO (Approve)/Continue' is clicked on

2019-01-03 22:54:02 - [TEST_STEP][PASSED] - delay: Delayed 2 second(s)

2019-01-03 22:54:04 - [MESSAGE][PASSED] - Delayed 2 second(s)

2019-01-03 22:54:04 - [TEST_STEP][PASSED] - click: Object: 'Object Repository/Final Object Repo/Page_Update Employer Information/Page_Update Employer Information UO (Approve)/Save  Continue in Update Employer Information Page' is clicked on

2019-01-03 22:54:04 - [MESSAGE][PASSED] - Object: 'Object Repository/Final Object Repo/Page_Update Employer Information/Page_Update Employer Information UO (Approve)/Save  Continue in Update Employer Information Page' is clicked on

2019-01-03 22:54:04 - [TEST_STEP][PASSED] - delay: Delayed 2 second(s)

2019-01-03 22:54:06 - [MESSAGE][PASSED] - Delayed 2 second(s)

2019-01-03 22:54:06 - [TEST_STEP][PASSED] - click: Object: 'Object Repository/Final Object Repo/Page_Update Employer Information/Page_Update Employer Information UO (Approve)/Save  Continue in Uploading Supporting Document Page' is clicked on

2019-01-03 22:54:09 - [MESSAGE][PASSED] - Object: 'Object Repository/Final Object Repo/Page_Update Employer Information/Page_Update Employer Information UO (Approve)/Save  Continue in Uploading Supporting Document Page' is clicked on

2019-01-03 22:54:09 - [TEST_STEP][PASSED] - delay: Delayed 2 second(s)

2019-01-03 22:54:11 - [MESSAGE][PASSED] - Delayed 2 second(s)

2019-01-03 22:54:11 - [TEST_STEP][PASSED] - click: Object: 'Object Repository/Final Object Repo/Page_Update Employer Information/Page_Update Employer Information UO (Under enforcement)/Under enforcement' is clicked on

2019-01-03 22:54:13 - [MESSAGE][PASSED] - Object: 'Object Repository/Final Object Repo/Page_Update Employer Information/Page_Update Employer Information UO (Under enforcement)/Under enforcement' is clicked on

2019-01-03 22:54:13 - [TEST_STEP][PASSED] - delay: Delayed 2 second(s)

2019-01-03 22:54:15 - [MESSAGE][PASSED] - Delayed 2 second(s)

2019-01-03 22:54:15 - [TEST_STEP][PASSED] - setText: Text 'remark' is set on object 'Object Repository/Final Object Repo/Page_Update Employer Information/Page_Update Employer Information UO (Under enforcement)/Under enforcement - remark'

2019-01-03 22:54:15 - [MESSAGE][PASSED] - Text 'remark' is set on object 'Object Repository/Final Object Repo/Page_Update Employer Information/Page_Update Employer Information UO (Under enforcement)/Under enforcement - remark'

2019-01-03 22:54:15 - [TEST_STEP][PASSED] - delay: Delayed 2 second(s)

2019-01-03 22:54:17 - [MESSAGE][PASSED] - Delayed 2 second(s)

2019-01-03 22:54:17 - [TEST_STEP][PASSED] - click: Object: 'Object Repository/Final Object Repo/Page_Update Employer Information/Page_Update Employer Information UO (Under enforcement)/Save  Continue in Under enfocement Page' is clicked on

2019-01-03 22:54:17 - [MESSAGE][PASSED] - Object: 'Object Repository/Final Object Repo/Page_Update Employer Information/Page_Update Employer Information UO (Under enforcement)/Save  Continue in Under enfocement Page' is clicked on

2019-01-03 22:54:17 - [TEST_STEP][PASSED] - delay: Delayed 2 second(s)

2019-01-03 22:54:19 - [MESSAGE][PASSED] - Delayed 2 second(s)

2019-01-03 22:54:19 - [TEST_STEP][PASSED] - doubleClick: Object: 'Object Repository/Final Object Repo/Page_Update Employer Information/Page_Update Employer Information UO (Under enforcement)/Message The case is under enforceme' is double clicked on

2019-01-03 22:54:20 - [MESSAGE][PASSED] - Object: 'Object Repository/Final Object Repo/Page_Update Employer Information/Page_Update Employer Information UO (Under enforcement)/Message The case is under enforceme' is double clicked on

2019-01-03 22:54:20 - [MESSAGE][PASSED] - Call Test Case 'Test Cases/Final Aug 2018 - PKS Automation/Registration Module/Workflow/Update Employer Information/Template/Update Employer Information - Special Case - UO (Under enforcement)' successfully]]></system-out>
         <system-err><![CDATA[]]></system-err>
      </testcase>
      <testcase name="Test Cases/Final Aug 2018 - PKS Automation/Registration Module/Workflow/Update Employer Information/PAU - UO (Approve)" classname="Test Cases/Final Aug 2018 - PKS Automation/Registration Module/Workflow/Update Employer Information/PAU - UO (Approve)" status="PASSED">
         <system-out><![CDATA[2019-01-03 22:54:20 - [TEST_CASE][PASSED] - Test Cases/Final Aug 2018 - PKS Automation/Registration Module/Workflow/Update Employer Information/PAU - UO (Approve): Test Cases/Final Aug 2018 - PKS Automation/Registration Module/Workflow/Update Employer Information/PAU - UO (Approve)

2019-01-03 22:54:20 - [TEST_STEP][PASSED] - callTestCase: Call Test Case 'Test Cases/Final Aug 2018 - PKS Automation/Registration Module/Workflow/Update Employer Information/Template/Update Employer Information - Special Case (PAU)' successfully

2019-01-03 22:54:20 - [TEST_CASE][PASSED] - Test Cases/Final Aug 2018 - PKS Automation/Registration Module/Workflow/Update Employer Information/Template/Update Employer Information - Special Case (PAU): Test Cases/Final Aug 2018 - PKS Automation/Registration Module/Workflow/Update Employer Information/Template/Update Employer Information - Special Case (PAU)

2019-01-03 22:54:21 - [TEST_STEP][PASSED] - openBrowser: Browser is opened with url: ''

2019-01-03 22:54:21 - [MESSAGE][WARNING] - A browser is already opened. Closing browser and opening a new one

2019-01-03 22:54:24 - [MESSAGE][PASSED] - Browser is opened with url: ''

2019-01-03 22:54:24 - [TEST_STEP][PASSED] - navigateToUrl: Navigate to 'https://assist2-uat.perkeso.gov.my/login' successfully

2019-01-03 22:54:25 - [MESSAGE][PASSED] - Navigate to 'https://assist2-uat.perkeso.gov.my/login' successfully

2019-01-03 22:54:25 - [TEST_STEP][PASSED] - setText: Text 'johorpau1@gmail.com' is set on object 'Object Repository/Final Object Repo/Login Page/Internal User/Email Address'

2019-01-03 22:54:26 - [MESSAGE][PASSED] - Text 'johorpau1@gmail.com' is set on object 'Object Repository/Final Object Repo/Login Page/Internal User/Email Address'

2019-01-03 22:54:26 - [TEST_STEP][PASSED] - click: Object: 'Object Repository/Final Object Repo/Login Page/Internal User/Next Button' is clicked on

2019-01-03 22:54:26 - [MESSAGE][PASSED] - Object: 'Object Repository/Final Object Repo/Login Page/Internal User/Next Button' is clicked on

2019-01-03 22:54:26 - [TEST_STEP][PASSED] - delay: Delayed 1 second(s)

2019-01-03 22:54:27 - [MESSAGE][PASSED] - Delayed 1 second(s)

2019-01-03 22:54:27 - [TEST_STEP][PASSED] - setEncryptedText: Text ****** has been set on object 'Object Repository/Final Object Repo/Login Page/Internal User/Password'

2019-01-03 22:54:27 - [MESSAGE][PASSED] - Text ****** has been set on object 'Object Repository/Final Object Repo/Login Page/Internal User/Password'

2019-01-03 22:54:27 - [TEST_STEP][PASSED] - click: Object: 'Object Repository/Final Object Repo/Login Page/Internal User/Login Button' is clicked on

2019-01-03 22:54:27 - [MESSAGE][PASSED] - Object: 'Object Repository/Final Object Repo/Login Page/Internal User/Login Button' is clicked on

2019-01-03 22:54:27 - [TEST_STEP][PASSED] - Statement - tester = com.kms.katalon.core.testobject.ObjectRepository.findTestObject(Final Object Repo/Landing Page/Select to English): Finding Test Object with id 'Object Repository/Final Object Repo/Landing Page/Select to English'

2019-01-03 22:54:27 - [TEST_STEP][PASSED] - Statement - Try: Delayed 2 second(s)

2019-01-03 22:54:27 - [TEST_STEP][PASSED] - Statement - Checker = com.kms.katalon.core.webui.keyword.WebUiBuiltInKeywords.verifyElementNotPresent(tester, 3): Web element with id: 'Object Repository/Final Object Repo/Landing Page/Select to English' located by 'By.xpath: //a[@class = 'taglib-language-list-text' and @lang = 'en-US' and (contains(text(), 'EN') or contains(., 'EN'))]' is not present after '3' second(s)

2019-01-03 22:54:29 - [MESSAGE][PASSED] - Web element with id: 'Object Repository/Final Object Repo/Landing Page/Select to English' located by 'By.xpath: //a[@class = 'taglib-language-list-text' and @lang = 'en-US' and (contains(text(), 'EN') or contains(., 'EN'))]' is not present after '3' second(s)

2019-01-03 22:54:29 - [TEST_STEP][PASSED] - Statement - If (Checker == false): null

2019-01-03 22:54:29 - [TEST_STEP][PASSED] - delay: Delayed 2 second(s)

2019-01-03 22:54:31 - [MESSAGE][PASSED] - Delayed 2 second(s)

2019-01-03 22:54:31 - [TEST_STEP][PASSED] - delay: Delayed 5 second(s)

2019-01-03 22:54:36 - [MESSAGE][PASSED] - Delayed 5 second(s)

2019-01-03 22:54:36 - [TEST_STEP][PASSED] - navigateToUrl: Navigate to 'https://assist2-uat.perkeso.gov.my/web/registration/update/update-employer-information' successfully

2019-01-03 22:54:37 - [MESSAGE][PASSED] - Navigate to 'https://assist2-uat.perkeso.gov.my/web/registration/update/update-employer-information' successfully

2019-01-03 22:54:37 - [TEST_STEP][PASSED] - setText: Text 'E1102001065V ' is set on object 'Object Repository/Final Object Repo/Page_Update Employer Information/Employer Code'

2019-01-03 22:54:37 - [MESSAGE][PASSED] - Text 'E1102001065V ' is set on object 'Object Repository/Final Object Repo/Page_Update Employer Information/Employer Code'

2019-01-03 22:54:37 - [TEST_STEP][PASSED] - click: Object: 'Object Repository/Final Object Repo/Page_Update Employer Information/Search Button' is clicked on

2019-01-03 22:54:38 - [MESSAGE][PASSED] - Object: 'Object Repository/Final Object Repo/Page_Update Employer Information/Search Button' is clicked on

2019-01-03 22:54:38 - [TEST_STEP][PASSED] - click: Object: 'Object Repository/Final Object Repo/Page_Update Employer Information/Edit Button' is clicked on

2019-01-03 22:54:41 - [MESSAGE][PASSED] - Object: 'Object Repository/Final Object Repo/Page_Update Employer Information/Edit Button' is clicked on

2019-01-03 22:54:41 - [TEST_STEP][PASSED] - click: Object: 'Object Repository/Final Object Repo/Page_Update Employer Information/Business Entity' is clicked on

2019-01-03 22:54:41 - [MESSAGE][PASSED] - Object: 'Object Repository/Final Object Repo/Page_Update Employer Information/Business Entity' is clicked on

2019-01-03 22:54:41 - [TEST_STEP][PASSED] - Statement - CurrentBusinessEntity = "": null

2019-01-03 22:54:41 - [TEST_STEP][PASSED] - Statement - CurrentBusinessEntity = com.kms.katalon.core.webui.keyword.WebUiBuiltInKeywords.getText(com.kms.katalon.core.testobject.ObjectRepository.findTestObject(Final Object Repo/Page_Update Employer Information/Current Business Entity)): Text of object 'Object Repository/Final Object Repo/Page_Update Employer Information/Current Business Entity' is: 'Sole Proprietor / Individual Business'

2019-01-03 22:54:41 - [MESSAGE][PASSED] - Text of object 'Object Repository/Final Object Repo/Page_Update Employer Information/Current Business Entity' is: 'Sole Proprietor / Individual Business'

2019-01-03 22:54:41 - [TEST_STEP][PASSED] - Statement - out.println(CurrentBusinessEntity): null

2019-01-03 22:54:41 - [TEST_STEP][PASSED] - Statement - If (CurrentBusinessEntity == "Corporation"): null

2019-01-03 22:54:41 - [TEST_STEP][PASSED] - Statement - Else If (CurrentBusinessEntity == "Partnership"): null

2019-01-03 22:54:41 - [TEST_STEP][PASSED] - Statement - Else If (CurrentBusinessEntity == "Sole Proprietor / Individual Business"): Delayed 3 second(s)

2019-01-03 22:54:41 - [TEST_STEP][PASSED] - Statement - obj = com.kms.katalon.core.webui.keyword.WebUiBuiltInKeywords.modifyObjectProperty(com.kms.katalon.core.testobject.ObjectRepository.findTestObject(Final Object Repo/Page_Update Employer Information/change to this Business Entity), "xpath", "equals", "//ul/li/span[contains(text(),"Others")]", true, STOP_ON_FAILURE): Modify property of object successfully

2019-01-03 22:54:41 - [MESSAGE][PASSED] - Modify property of object successfully

2019-01-03 22:54:41 - [TEST_STEP][PASSED] - click: Object: 'Object Repository/Final Object Repo/Page_Update Employer Information/change to this Business Entity' is clicked on

2019-01-03 22:54:41 - [MESSAGE][PASSED] - Object: 'Object Repository/Final Object Repo/Page_Update Employer Information/change to this Business Entity' is clicked on

2019-01-03 22:54:41 - [TEST_STEP][PASSED] - delay: Delayed 1 second(s)

2019-01-03 22:54:42 - [MESSAGE][PASSED] - Delayed 1 second(s)

2019-01-03 22:54:42 - [TEST_STEP][PASSED] - click: Object: 'Object Repository/Final Object Repo/Page_Update Employer Information/Sub Business Entity' is clicked on

2019-01-03 22:54:43 - [MESSAGE][PASSED] - Object: 'Object Repository/Final Object Repo/Page_Update Employer Information/Sub Business Entity' is clicked on

2019-01-03 22:54:43 - [TEST_STEP][PASSED] - click: Object: 'Object Repository/Final Object Repo/Page_Update Employer Information/Sub Business Entity List - Others - Federal Government Agency' is clicked on

2019-01-03 22:54:43 - [MESSAGE][PASSED] - Object: 'Object Repository/Final Object Repo/Page_Update Employer Information/Sub Business Entity List - Others - Federal Government Agency' is clicked on

2019-01-03 22:54:43 - [TEST_STEP][PASSED] - delay: Delayed 1 second(s)

2019-01-03 22:54:44 - [MESSAGE][PASSED] - Delayed 1 second(s)

2019-01-03 22:54:44 - [TEST_STEP][PASSED] - click: Object: 'Object Repository/Final Object Repo/Page_Update Employer Information/Sub Business Entity List' is clicked on

2019-01-03 22:54:44 - [MESSAGE][PASSED] - Object: 'Object Repository/Final Object Repo/Page_Update Employer Information/Sub Business Entity List' is clicked on

2019-01-03 22:54:44 - [TEST_STEP][PASSED] - click: Object: 'Object Repository/Final Object Repo/Page_Update Employer Information/Sub Business Entity - Others - Federal Government Agency - Kementerian' is clicked on

2019-01-03 22:54:44 - [MESSAGE][PASSED] - Object: 'Object Repository/Final Object Repo/Page_Update Employer Information/Sub Business Entity - Others - Federal Government Agency - Kementerian' is clicked on

2019-01-03 22:54:44 - [TEST_STEP][PASSED] - delay: Delayed 3 second(s)

2019-01-03 22:54:47 - [MESSAGE][PASSED] - Delayed 3 second(s)

2019-01-03 22:54:47 - [TEST_STEP][PASSED] - delay: Delayed 4 second(s)

2019-01-03 22:54:51 - [MESSAGE][PASSED] - Delayed 4 second(s)

2019-01-03 22:54:51 - [TEST_STEP][PASSED] - click: Object: 'Object Repository/Final Object Repo/Page_Update Employer Information/Save  Continue' is clicked on

2019-01-03 22:54:51 - [MESSAGE][PASSED] - Object: 'Object Repository/Final Object Repo/Page_Update Employer Information/Save  Continue' is clicked on

2019-01-03 22:54:51 - [TEST_STEP][PASSED] - delay: Delayed 4 second(s)

2019-01-03 22:54:55 - [MESSAGE][PASSED] - Delayed 4 second(s)

2019-01-03 22:54:55 - [TEST_STEP][PASSED] - click: Object: 'Object Repository/Final Object Repo/Page_Update Employer Information/Save  Continue (1)' is clicked on

2019-01-03 22:54:56 - [MESSAGE][PASSED] - Object: 'Object Repository/Final Object Repo/Page_Update Employer Information/Save  Continue (1)' is clicked on

2019-01-03 22:54:56 - [TEST_STEP][PASSED] - delay: Delayed 4 second(s)

2019-01-03 22:55:00 - [MESSAGE][PASSED] - Delayed 4 second(s)

2019-01-03 22:55:00 - [TEST_STEP][PASSED] - Statement - CaseReferenceNo = com.kms.katalon.core.webui.keyword.WebUiBuiltInKeywords.getText(com.kms.katalon.core.testobject.ObjectRepository.findTestObject(Final Object Repo/Page_Update Employer Information/Reference Number in Update Employee Information Page)): Text of object 'Object Repository/Final Object Repo/Page_Update Employer Information/Reference Number in Update Employee Information Page' is: 'CUN012019C100006186'

2019-01-03 22:55:00 - [MESSAGE][PASSED] - Text of object 'Object Repository/Final Object Repo/Page_Update Employer Information/Reference Number in Update Employee Information Page' is: 'CUN012019C100006186'

2019-01-03 22:55:00 - [TEST_STEP][PASSED] - callTestCase: Call Test Case 'Test Cases/Final Aug 2018 - PKS Automation/Common/Reference Number Setter' successfully

2019-01-03 22:55:00 - [TEST_CASE][PASSED] - Test Cases/Final Aug 2018 - PKS Automation/Common/Reference Number Setter: Test Cases/Final Aug 2018 - PKS Automation/Common/Reference Number Setter

2019-01-03 22:55:00 - [TEST_STEP][PASSED] - Statement - RefNoOldFile = new java.io.File(C://Users//Admin//Desktop//PKS//Automation Reference Point//KatalonReference.txt): null

2019-01-03 22:55:00 - [TEST_STEP][PASSED] - Statement - RefNoOldFile.delete(): null

2019-01-03 22:55:00 - [TEST_STEP][PASSED] - delay: Delayed 5 second(s)

2019-01-03 22:55:05 - [MESSAGE][PASSED] - Delayed 5 second(s)

2019-01-03 22:55:05 - [TEST_STEP][PASSED] - Statement - RefNo = new java.io.File(C://Users//Admin//Desktop//PKS//Automation Reference Point//KatalonReference.txt): null

2019-01-03 22:55:05 - [TEST_STEP][PASSED] - Statement - f2 = new java.io.FileWriter(RefNo, false): null

2019-01-03 22:55:05 - [TEST_STEP][PASSED] - Statement - f2.write(CaseReferenceNo): null

2019-01-03 22:55:05 - [TEST_STEP][PASSED] - Statement - f2.close(): null

2019-01-03 22:55:05 - [TEST_STEP][PASSED] - Statement - out.println("


" + CaseReferenceNo + "


"): null

2019-01-03 22:55:05 - [MESSAGE][PASSED] - Call Test Case 'Test Cases/Final Aug 2018 - PKS Automation/Common/Reference Number Setter' successfully

2019-01-03 22:55:05 - [TEST_STEP][PASSED] - delay: Delayed 4 second(s)

2019-01-03 22:55:09 - [MESSAGE][PASSED] - Delayed 4 second(s)

2019-01-03 22:55:09 - [TEST_STEP][PASSED] - click: Object: 'Object Repository/Final Object Repo/Page_Update Employer Information/Submit - Copy' is clicked on

2019-01-03 22:55:09 - [MESSAGE][PASSED] - Object: 'Object Repository/Final Object Repo/Page_Update Employer Information/Submit - Copy' is clicked on

2019-01-03 22:55:09 - [TEST_STEP][PASSED] - delay: Delayed 2 second(s)

2019-01-03 22:55:11 - [MESSAGE][PASSED] - Delayed 2 second(s)

2019-01-03 22:55:11 - [TEST_STEP][PASSED] - click: Object: 'Object Repository/Final Object Repo/Page_Update Employer Information/Confirm' is clicked on

2019-01-03 22:55:11 - [MESSAGE][PASSED] - Object: 'Object Repository/Final Object Repo/Page_Update Employer Information/Confirm' is clicked on

2019-01-03 22:55:11 - [TEST_STEP][PASSED] - delay: Delayed 2 second(s)

2019-01-03 22:55:13 - [MESSAGE][PASSED] - Delayed 2 second(s)

2019-01-03 22:55:13 - [TEST_STEP][PASSED] - click: Object: 'Object Repository/Final Object Repo/Page_Update Employer Information/Message Your Request will be route' is clicked on

2019-01-03 22:55:15 - [MESSAGE][PASSED] - Object: 'Object Repository/Final Object Repo/Page_Update Employer Information/Message Your Request will be route' is clicked on

2019-01-03 22:55:15 - [MESSAGE][PASSED] - Call Test Case 'Test Cases/Final Aug 2018 - PKS Automation/Registration Module/Workflow/Update Employer Information/Template/Update Employer Information - Special Case (PAU)' successfully

2019-01-03 22:55:15 - [TEST_STEP][PASSED] - callTestCase: Call Test Case 'Test Cases/Final Aug 2018 - PKS Automation/Registration Module/Workflow/Update Employer Information/Template/Update Employer Information - Special Case - UO (Approve)' successfully

2019-01-03 22:55:15 - [TEST_CASE][PASSED] - Test Cases/Final Aug 2018 - PKS Automation/Registration Module/Workflow/Update Employer Information/Template/Update Employer Information - Special Case - UO (Approve): Test Cases/Final Aug 2018 - PKS Automation/Registration Module/Workflow/Update Employer Information/Template/Update Employer Information - Special Case - UO (Approve)

2019-01-03 22:55:15 - [TEST_STEP][NOT_RUN] - callTestCase: NOT_RUN: callTestCase

2019-01-03 22:55:15 - [MESSAGE][NOT_RUN] - NOT_RUN: callTestCase

2019-01-03 22:55:15 - [TEST_STEP][NOT_RUN] - delay: NOT_RUN: delay

2019-01-03 22:55:15 - [MESSAGE][NOT_RUN] - NOT_RUN: delay

2019-01-03 22:55:15 - [TEST_STEP][NOT_RUN] - navigateToUrl: NOT_RUN: navigateToUrl

2019-01-03 22:55:15 - [MESSAGE][NOT_RUN] - NOT_RUN: navigateToUrl

2019-01-03 22:55:15 - [TEST_STEP][PASSED] - delay: Delayed 1 second(s)

2019-01-03 22:55:16 - [MESSAGE][PASSED] - Delayed 1 second(s)

2019-01-03 22:55:16 - [TEST_STEP][PASSED] - callTestCase: Call Test Case 'Test Cases/Final Aug 2018 - PKS Automation/Common/Reference Number Getter' successfully

2019-01-03 22:55:16 - [TEST_CASE][PASSED] - Test Cases/Final Aug 2018 - PKS Automation/Common/Reference Number Getter: Test Cases/Final Aug 2018 - PKS Automation/Common/Reference Number Getter

2019-01-03 22:55:16 - [TEST_STEP][PASSED] - Statement - Try: null

2019-01-03 22:55:16 - [TEST_STEP][PASSED] - Statement - RefNo = new java.io.File(C://Users//Admin//Desktop//PKS//Automation Reference Point//KatalonReference.txt): null

2019-01-03 22:55:16 - [TEST_STEP][PASSED] - Statement - bufferread = new java.io.BufferedReader(new java.io.FileReader(RefNo)): null

2019-01-03 22:55:16 - [TEST_STEP][PASSED] - Statement - readedVal = bufferread.readLine(): null

2019-01-03 22:55:16 - [TEST_STEP][PASSED] - Statement - out.println(CaseReferenceNo): null

2019-01-03 22:55:16 - [TEST_STEP][PASSED] - Statement - out.println(readedVal): null

2019-01-03 22:55:16 - [TEST_STEP][PASSED] - Statement - CaseReferenceNo = "": null

2019-01-03 22:55:16 - [TEST_STEP][PASSED] - Statement - CaseReferenceNo = readedVal: null

2019-01-03 22:55:16 - [MESSAGE][PASSED] - Call Test Case 'Test Cases/Final Aug 2018 - PKS Automation/Common/Reference Number Getter' successfully

2019-01-03 22:55:16 - [TEST_STEP][PASSED] - callTestCase: Call Test Case 'Test Cases/Final Aug 2018 - PKS Automation/Common/Workflow Owner Finder' successfully

2019-01-03 22:55:16 - [TEST_CASE][PASSED] - Test Cases/Final Aug 2018 - PKS Automation/Common/Workflow Owner Finder: Test Cases/Final Aug 2018 - PKS Automation/Common/Workflow Owner Finder

2019-01-03 22:55:16 - [TEST_STEP][PASSED] - openBrowser: Browser is opened with url: ''

2019-01-03 22:55:16 - [MESSAGE][WARNING] - A browser is already opened. Closing browser and opening a new one

2019-01-03 22:55:20 - [MESSAGE][PASSED] - Browser is opened with url: ''

2019-01-03 22:55:20 - [TEST_STEP][PASSED] - navigateToUrl: Navigate to 'https://assist2-uat.perkeso.gov.my/login' successfully

2019-01-03 22:55:21 - [MESSAGE][PASSED] - Navigate to 'https://assist2-uat.perkeso.gov.my/login' successfully

2019-01-03 22:55:21 - [TEST_STEP][PASSED] - delay: Delayed 5 second(s)

2019-01-03 22:55:26 - [MESSAGE][PASSED] - Delayed 5 second(s)

2019-01-03 22:55:26 - [TEST_STEP][PASSED] - setText: Text 'test@liferay.com' is set on object 'Object Repository/Final Object Repo/Login Page/Internal User/Email Address'

2019-01-03 22:55:26 - [MESSAGE][PASSED] - Text 'test@liferay.com' is set on object 'Object Repository/Final Object Repo/Login Page/Internal User/Email Address'

2019-01-03 22:55:26 - [TEST_STEP][PASSED] - click: Object: 'Object Repository/Final Object Repo/Login Page/Internal User/Next Button' is clicked on

2019-01-03 22:55:27 - [MESSAGE][PASSED] - Object: 'Object Repository/Final Object Repo/Login Page/Internal User/Next Button' is clicked on

2019-01-03 22:55:27 - [TEST_STEP][PASSED] - delay: Delayed 2 second(s)

2019-01-03 22:55:29 - [MESSAGE][PASSED] - Delayed 2 second(s)

2019-01-03 22:55:29 - [TEST_STEP][PASSED] - setText: Text 'test' is set on object 'Object Repository/Final Object Repo/Login Page/Internal User/Password'

2019-01-03 22:55:29 - [MESSAGE][PASSED] - Text 'test' is set on object 'Object Repository/Final Object Repo/Login Page/Internal User/Password'

2019-01-03 22:55:29 - [TEST_STEP][PASSED] - delay: Delayed 2 second(s)

2019-01-03 22:55:31 - [MESSAGE][PASSED] - Delayed 2 second(s)

2019-01-03 22:55:31 - [TEST_STEP][PASSED] - click: Object: 'Object Repository/Final Object Repo/Login Page/Internal User/Login Button' is clicked on

2019-01-03 22:55:31 - [MESSAGE][PASSED] - Object: 'Object Repository/Final Object Repo/Login Page/Internal User/Login Button' is clicked on

2019-01-03 22:55:31 - [TEST_STEP][PASSED] - Statement - tester = com.kms.katalon.core.testobject.ObjectRepository.findTestObject(Final Object Repo/Landing Page/Select to English): Finding Test Object with id 'Object Repository/Final Object Repo/Landing Page/Select to English'

2019-01-03 22:55:31 - [TEST_STEP][PASSED] - Statement - Try: Delayed 2 second(s)

2019-01-03 22:55:31 - [TEST_STEP][PASSED] - Statement - Checker = com.kms.katalon.core.webui.keyword.WebUiBuiltInKeywords.verifyElementNotPresent(tester, 3): Web element with id: 'Object Repository/Final Object Repo/Landing Page/Select to English' located by 'By.xpath: //a[@class = 'taglib-language-list-text' and @lang = 'en-US' and (contains(text(), 'EN') or contains(., 'EN'))]' is not present after '3' second(s)

2019-01-03 22:55:33 - [MESSAGE][PASSED] - Web element with id: 'Object Repository/Final Object Repo/Landing Page/Select to English' located by 'By.xpath: //a[@class = 'taglib-language-list-text' and @lang = 'en-US' and (contains(text(), 'EN') or contains(., 'EN'))]' is not present after '3' second(s)

2019-01-03 22:55:33 - [TEST_STEP][PASSED] - Statement - If (Checker == false): null

2019-01-03 22:55:33 - [TEST_STEP][PASSED] - delay: Delayed 2 second(s)

2019-01-03 22:55:35 - [MESSAGE][PASSED] - Delayed 2 second(s)

2019-01-03 22:55:35 - [TEST_STEP][PASSED] - delay: Delayed 5 second(s)

2019-01-03 22:55:40 - [MESSAGE][PASSED] - Delayed 5 second(s)

2019-01-03 22:55:40 - [TEST_STEP][PASSED] - mouseOver: Object: 'Object Repository/Final Object Repo/Landing Page/WorkFlow Menu' is hovered

2019-01-03 22:55:40 - [MESSAGE][PASSED] - Object: 'Object Repository/Final Object Repo/Landing Page/WorkFlow Menu' is hovered

2019-01-03 22:55:40 - [TEST_STEP][PASSED] - delay: Delayed 2 second(s)

2019-01-03 22:55:42 - [MESSAGE][PASSED] - Delayed 2 second(s)

2019-01-03 22:55:42 - [TEST_STEP][PASSED] - click: Object: 'Object Repository/Final Object Repo/Landing Page/Select to Workflow Listing' is clicked on

2019-01-03 22:55:43 - [MESSAGE][PASSED] - Object: 'Object Repository/Final Object Repo/Landing Page/Select to Workflow Listing' is clicked on

2019-01-03 22:55:43 - [TEST_STEP][PASSED] - delay: Delayed 2 second(s)

2019-01-03 22:55:45 - [MESSAGE][PASSED] - Delayed 2 second(s)

2019-01-03 22:55:45 - [TEST_STEP][PASSED] - click: Object: 'Object Repository/Final Object Repo/WorkFlow Listing Page/Search Information - To Put Ref No' is clicked on

2019-01-03 22:55:45 - [MESSAGE][PASSED] - Object: 'Object Repository/Final Object Repo/WorkFlow Listing Page/Search Information - To Put Ref No' is clicked on

2019-01-03 22:55:45 - [TEST_STEP][PASSED] - delay: Delayed 2 second(s)

2019-01-03 22:55:47 - [MESSAGE][PASSED] - Delayed 2 second(s)

2019-01-03 22:55:47 - [TEST_STEP][PASSED] - callTestCase: Call Test Case 'Test Cases/Final Aug 2018 - PKS Automation/Common/Reference Number Getter' successfully

2019-01-03 22:55:47 - [TEST_CASE][PASSED] - Test Cases/Final Aug 2018 - PKS Automation/Common/Reference Number Getter: Test Cases/Final Aug 2018 - PKS Automation/Common/Reference Number Getter

2019-01-03 22:55:47 - [TEST_STEP][PASSED] - Statement - Try: null

2019-01-03 22:55:47 - [TEST_STEP][PASSED] - Statement - RefNo = new java.io.File(C://Users//Admin//Desktop//PKS//Automation Reference Point//KatalonReference.txt): null

2019-01-03 22:55:47 - [TEST_STEP][PASSED] - Statement - bufferread = new java.io.BufferedReader(new java.io.FileReader(RefNo)): null

2019-01-03 22:55:47 - [TEST_STEP][PASSED] - Statement - readedVal = bufferread.readLine(): null

2019-01-03 22:55:47 - [TEST_STEP][PASSED] - Statement - out.println(CaseReferenceNo): null

2019-01-03 22:55:47 - [TEST_STEP][PASSED] - Statement - out.println(readedVal): null

2019-01-03 22:55:47 - [TEST_STEP][PASSED] - Statement - CaseReferenceNo = "": null

2019-01-03 22:55:47 - [TEST_STEP][PASSED] - Statement - CaseReferenceNo = readedVal: null

2019-01-03 22:55:47 - [MESSAGE][PASSED] - Call Test Case 'Test Cases/Final Aug 2018 - PKS Automation/Common/Reference Number Getter' successfully

2019-01-03 22:55:47 - [TEST_STEP][PASSED] - setText: Text 'CUN012019C100006186' is set on object 'Object Repository/Final Object Repo/WorkFlow Listing Page/Ref No Set Text'

2019-01-03 22:55:48 - [MESSAGE][PASSED] - Text 'CUN012019C100006186' is set on object 'Object Repository/Final Object Repo/WorkFlow Listing Page/Ref No Set Text'

2019-01-03 22:55:48 - [TEST_STEP][PASSED] - delay: Delayed 2 second(s)

2019-01-03 22:55:50 - [MESSAGE][PASSED] - Delayed 2 second(s)

2019-01-03 22:55:50 - [TEST_STEP][PASSED] - click: Object: 'Object Repository/Final Object Repo/WorkFlow Listing Page/Search Ref No Search Button' is clicked on

2019-01-03 22:55:50 - [MESSAGE][PASSED] - Object: 'Object Repository/Final Object Repo/WorkFlow Listing Page/Search Ref No Search Button' is clicked on

2019-01-03 22:55:50 - [TEST_STEP][PASSED] - delay: Delayed 6 second(s)

2019-01-03 22:55:56 - [MESSAGE][PASSED] - Delayed 6 second(s)

2019-01-03 22:55:56 - [TEST_STEP][PASSED] - click: Object: 'Object Repository/Final Object Repo/WorkFlow Listing Page/Click Continue Tooltip' is clicked on

2019-01-03 22:55:57 - [MESSAGE][PASSED] - Object: 'Object Repository/Final Object Repo/WorkFlow Listing Page/Click Continue Tooltip' is clicked on

2019-01-03 22:55:57 - [TEST_STEP][PASSED] - delay: Delayed 5 second(s)

2019-01-03 22:56:02 - [MESSAGE][PASSED] - Delayed 5 second(s)

2019-01-03 22:56:02 - [TEST_STEP][PASSED] - doubleClick: Object: 'Object Repository/Final Object Repo/WorkFlow Listing Page/Workflow Found - Listing 1' is double clicked on

2019-01-03 22:56:02 - [MESSAGE][PASSED] - Object: 'Object Repository/Final Object Repo/WorkFlow Listing Page/Workflow Found - Listing 1' is double clicked on

2019-01-03 22:56:02 - [TEST_STEP][PASSED] - Statement - println(OwnerID): null

2019-01-03 22:56:02 - [TEST_STEP][PASSED] - Statement - OwnerID = com.kms.katalon.core.webui.keyword.WebUiBuiltInKeywords.getText(com.kms.katalon.core.testobject.ObjectRepository.findTestObject(Final Object Repo/WorkFlow Listing Page/Workflow Found - Listing 1), STOP_ON_FAILURE): Text of object 'Object Repository/Final Object Repo/WorkFlow Listing Page/Workflow Found - Listing 1' is: 'JOHORuo3'

2019-01-03 22:56:02 - [MESSAGE][PASSED] - Text of object 'Object Repository/Final Object Repo/WorkFlow Listing Page/Workflow Found - Listing 1' is: 'JOHORuo3'

2019-01-03 22:56:02 - [TEST_STEP][PASSED] - Statement - OwnerID = OwnerID.toLowerCase() + "@gmail.com": null

2019-01-03 22:56:02 - [TEST_STEP][PASSED] - Statement - println(OwnerID): null

2019-01-03 22:56:02 - [TEST_STEP][PASSED] - delay: Delayed 2 second(s)

2019-01-03 22:56:04 - [MESSAGE][PASSED] - Delayed 2 second(s)

2019-01-03 22:56:04 - [MESSAGE][PASSED] - Call Test Case 'Test Cases/Final Aug 2018 - PKS Automation/Common/Workflow Owner Finder' successfully

2019-01-03 22:56:04 - [TEST_STEP][PASSED] - delay: Delayed 1 second(s)

2019-01-03 22:56:05 - [MESSAGE][PASSED] - Delayed 1 second(s)

2019-01-03 22:56:05 - [TEST_STEP][PASSED] - navigateToUrl: Navigate to 'https://assist2-uat.perkeso.gov.my/c/portal/logout' successfully

2019-01-03 22:56:06 - [MESSAGE][PASSED] - Navigate to 'https://assist2-uat.perkeso.gov.my/c/portal/logout' successfully

2019-01-03 22:56:06 - [TEST_STEP][PASSED] - callTestCase: Call Test Case 'Test Cases/Final Aug 2018 - PKS Automation/Registration Module/Workflow/Login and Search Case For Workflow' successfully

2019-01-03 22:56:06 - [TEST_CASE][PASSED] - Test Cases/Final Aug 2018 - PKS Automation/Registration Module/Workflow/Login and Search Case For Workflow: Test Cases/Final Aug 2018 - PKS Automation/Registration Module/Workflow/Login and Search Case For Workflow

2019-01-03 22:56:06 - [TEST_STEP][PASSED] - navigateToUrl: Navigate to 'https://assist2-uat.perkeso.gov.my/login' successfully

2019-01-03 22:56:07 - [MESSAGE][PASSED] - Navigate to 'https://assist2-uat.perkeso.gov.my/login' successfully

2019-01-03 22:56:07 - [TEST_STEP][PASSED] - setText: Text 'johoruo3@gmail.com' is set on object 'Object Repository/Final Object Repo/Login Page/Internal User/Email Address'

2019-01-03 22:56:07 - [MESSAGE][PASSED] - Text 'johoruo3@gmail.com' is set on object 'Object Repository/Final Object Repo/Login Page/Internal User/Email Address'

2019-01-03 22:56:07 - [TEST_STEP][PASSED] - click: Object: 'Object Repository/Final Object Repo/Login Page/Internal User/Next Button' is clicked on

2019-01-03 22:56:07 - [MESSAGE][PASSED] - Object: 'Object Repository/Final Object Repo/Login Page/Internal User/Next Button' is clicked on

2019-01-03 22:56:07 - [TEST_STEP][PASSED] - delay: Delayed 1 second(s)

2019-01-03 22:56:08 - [MESSAGE][PASSED] - Delayed 1 second(s)

2019-01-03 22:56:08 - [TEST_STEP][PASSED] - setEncryptedText: Text ****** has been set on object 'Object Repository/Final Object Repo/Login Page/Internal User/Password'

2019-01-03 22:56:08 - [MESSAGE][PASSED] - Text ****** has been set on object 'Object Repository/Final Object Repo/Login Page/Internal User/Password'

2019-01-03 22:56:08 - [TEST_STEP][PASSED] - click: Object: 'Object Repository/Final Object Repo/Login Page/Internal User/Login Button' is clicked on

2019-01-03 22:56:08 - [MESSAGE][PASSED] - Object: 'Object Repository/Final Object Repo/Login Page/Internal User/Login Button' is clicked on

2019-01-03 22:56:08 - [TEST_STEP][PASSED] - delay: Delayed 2 second(s)

2019-01-03 22:56:10 - [MESSAGE][PASSED] - Delayed 2 second(s)

2019-01-03 22:56:10 - [TEST_STEP][PASSED] - Statement - Try: Delayed 2 second(s)

2019-01-03 22:56:10 - [TEST_STEP][PASSED] - Statement - Checker = false: null

2019-01-03 22:56:10 - [TEST_STEP][PASSED] - Statement - Checker = com.kms.katalon.core.webui.keyword.WebUiBuiltInKeywords.verifyElementHasAttribute(com.kms.katalon.core.testobject.ObjectRepository.findTestObject(Final Object Repo/Landing Page/BM Detecting), "href", 20, OPTIONAL): Object 'Object Repository/Final Object Repo/Landing Page/BM Detecting' has attribute 'href'

2019-01-03 22:56:11 - [MESSAGE][PASSED] - Object 'Object Repository/Final Object Repo/Landing Page/BM Detecting' has attribute 'href'

2019-01-03 22:56:11 - [TEST_STEP][PASSED] - Statement - out.println(Checker): null

2019-01-03 22:56:11 - [TEST_STEP][PASSED] - Statement - If (Checker == false): null

2019-01-03 22:56:11 - [TEST_STEP][PASSED] - Statement - Else: null

2019-01-03 22:56:11 - [TEST_STEP][PASSED] - delay: Delayed 2 second(s)

2019-01-03 22:56:13 - [MESSAGE][PASSED] - Delayed 2 second(s)

2019-01-03 22:56:13 - [TEST_STEP][PASSED] - click: Object: 'Object Repository/Final Object Repo/Page_MyASSIST - ASSIST - Search Pending Case For Add Supporting Document/Search Information' is clicked on

2019-01-03 22:56:13 - [MESSAGE][PASSED] - Object: 'Object Repository/Final Object Repo/Page_MyASSIST - ASSIST - Search Pending Case For Add Supporting Document/Search Information' is clicked on

2019-01-03 22:56:13 - [TEST_STEP][PASSED] - delay: Delayed 3 second(s)

2019-01-03 22:56:16 - [MESSAGE][PASSED] - Delayed 3 second(s)

2019-01-03 22:56:16 - [TEST_STEP][PASSED] - sendKeys: Keys 'CUN012019C100006186' sent to object: 'Object Repository/Final Object Repo/Page_MyASSIST - ASSIST - Search Pending Case For Add Supporting Document/Reference No'

2019-01-03 22:56:16 - [MESSAGE][PASSED] - Keys 'CUN012019C100006186' sent to object: 'Object Repository/Final Object Repo/Page_MyASSIST - ASSIST - Search Pending Case For Add Supporting Document/Reference No'

2019-01-03 22:56:16 - [TEST_STEP][PASSED] - click: Object: 'Object Repository/Final Object Repo/Page_MyASSIST - ASSIST - Search Pending Case For Add Supporting Document/Search Reference No' is clicked on

2019-01-03 22:56:16 - [MESSAGE][PASSED] - Object: 'Object Repository/Final Object Repo/Page_MyASSIST - ASSIST - Search Pending Case For Add Supporting Document/Search Reference No' is clicked on

2019-01-03 22:56:16 - [TEST_STEP][PASSED] - delay: Delayed 2 second(s)

2019-01-03 22:56:18 - [MESSAGE][PASSED] - Delayed 2 second(s)

2019-01-03 22:56:18 - [TEST_STEP][PASSED] - click: Object: 'Object Repository/Final Object Repo/Page_MyASSIST - ASSIST - Search Pending Case For Add Supporting Document/Continue' is clicked on

2019-01-03 22:56:22 - [MESSAGE][PASSED] - Object: 'Object Repository/Final Object Repo/Page_MyASSIST - ASSIST - Search Pending Case For Add Supporting Document/Continue' is clicked on

2019-01-03 22:56:22 - [TEST_STEP][PASSED] - delay: Delayed 20 second(s)

2019-01-03 22:56:42 - [MESSAGE][PASSED] - Delayed 20 second(s)

2019-01-03 22:56:42 - [MESSAGE][PASSED] - Call Test Case 'Test Cases/Final Aug 2018 - PKS Automation/Registration Module/Workflow/Login and Search Case For Workflow' successfully

2019-01-03 22:56:42 - [TEST_STEP][PASSED] - delay: Delayed 10 second(s)

2019-01-03 22:56:52 - [MESSAGE][PASSED] - Delayed 10 second(s)

2019-01-03 22:56:52 - [TEST_STEP][PASSED] - click: Object: 'Object Repository/Final Object Repo/Page_Update Employer Information/Page_Update Employer Information UO (Approve)/Continue' is clicked on

2019-01-03 22:56:56 - [MESSAGE][PASSED] - Object: 'Object Repository/Final Object Repo/Page_Update Employer Information/Page_Update Employer Information UO (Approve)/Continue' is clicked on

2019-01-03 22:56:56 - [TEST_STEP][PASSED] - delay: Delayed 10 second(s)

2019-01-03 22:57:06 - [MESSAGE][PASSED] - Delayed 10 second(s)

2019-01-03 22:57:06 - [TEST_STEP][PASSED] - click: Object: 'Object Repository/Final Object Repo/Page_Update Employer Information/Page_Update Employer Information UO (Approve)/Save  Continue in Update Employer Information Page' is clicked on

2019-01-03 22:57:06 - [MESSAGE][PASSED] - Object: 'Object Repository/Final Object Repo/Page_Update Employer Information/Page_Update Employer Information UO (Approve)/Save  Continue in Update Employer Information Page' is clicked on

2019-01-03 22:57:06 - [TEST_STEP][PASSED] - delay: Delayed 3 second(s)

2019-01-03 22:57:09 - [MESSAGE][PASSED] - Delayed 3 second(s)

2019-01-03 22:57:09 - [TEST_STEP][PASSED] - click: Object: 'Object Repository/Final Object Repo/Page_Update Employer Information/Page_Update Employer Information UO (Approve)/Save  Continue in Uploading Supporting Document Page' is clicked on

2019-01-03 22:57:10 - [MESSAGE][PASSED] - Object: 'Object Repository/Final Object Repo/Page_Update Employer Information/Page_Update Employer Information UO (Approve)/Save  Continue in Uploading Supporting Document Page' is clicked on

2019-01-03 22:57:10 - [TEST_STEP][PASSED] - delay: Delayed 3 second(s)

2019-01-03 22:57:13 - [MESSAGE][PASSED] - Delayed 3 second(s)

2019-01-03 22:57:13 - [TEST_STEP][PASSED] - click: Object: 'Object Repository/Final Object Repo/Page_Update Employer Information/Page_Update Employer Information UO (Approve)/Approve' is clicked on

2019-01-03 22:57:14 - [MESSAGE][PASSED] - Object: 'Object Repository/Final Object Repo/Page_Update Employer Information/Page_Update Employer Information UO (Approve)/Approve' is clicked on

2019-01-03 22:57:14 - [TEST_STEP][PASSED] - delay: Delayed 2 second(s)

2019-01-03 22:57:16 - [MESSAGE][PASSED] - Delayed 2 second(s)

2019-01-03 22:57:16 - [TEST_STEP][PASSED] - click: Object: 'Object Repository/Final Object Repo/Page_Update Employer Information/Page_Update Employer Information UO (Approve)/Confirm' is clicked on

2019-01-03 22:57:17 - [MESSAGE][PASSED] - Object: 'Object Repository/Final Object Repo/Page_Update Employer Information/Page_Update Employer Information UO (Approve)/Confirm' is clicked on

2019-01-03 22:57:17 - [TEST_STEP][PASSED] - delay: Delayed 2 second(s)

2019-01-03 22:57:19 - [MESSAGE][PASSED] - Delayed 2 second(s)

2019-01-03 22:57:19 - [TEST_STEP][PASSED] - verifyElementVisible: Object 'Object Repository/Final Object Repo/Page_Update Employer Information/Page_Update Employer Information UO (Approve)/Message Your Request' is visible

2019-01-03 22:57:26 - [MESSAGE][PASSED] - Object 'Object Repository/Final Object Repo/Page_Update Employer Information/Page_Update Employer Information UO (Approve)/Message Your Request' is visible

2019-01-03 22:57:26 - [TEST_STEP][PASSED] - verifyElementVisible: Object 'Object Repository/Final Object Repo/Page_Update Employer Information/Page_Update Employer Information UO (Approve)/Letter of successful update' is visible

2019-01-03 22:57:26 - [MESSAGE][PASSED] - Object 'Object Repository/Final Object Repo/Page_Update Employer Information/Page_Update Employer Information UO (Approve)/Letter of successful update' is visible

2019-01-03 22:57:26 - [MESSAGE][PASSED] - Call Test Case 'Test Cases/Final Aug 2018 - PKS Automation/Registration Module/Workflow/Update Employer Information/Template/Update Employer Information - Special Case - UO (Approve)' successfully]]></system-out>
         <system-err><![CDATA[]]></system-err>
      </testcase>
      <testcase name="Test Cases/Final Aug 2018 - PKS Automation/Registration Module/Workflow/Update Employer Information/PAU - UO (Query)" classname="Test Cases/Final Aug 2018 - PKS Automation/Registration Module/Workflow/Update Employer Information/PAU - UO (Query)" status="PASSED">
         <system-out><![CDATA[2019-01-03 22:57:26 - [TEST_CASE][PASSED] - Test Cases/Final Aug 2018 - PKS Automation/Registration Module/Workflow/Update Employer Information/PAU - UO (Query): Test Cases/Final Aug 2018 - PKS Automation/Registration Module/Workflow/Update Employer Information/PAU - UO (Query)

2019-01-03 22:57:27 - [TEST_STEP][PASSED] - callTestCase: Call Test Case 'Test Cases/Final Aug 2018 - PKS Automation/Registration Module/Workflow/Update Employer Information/Template/Update Employer Information - Special Case (PAU)' successfully

2019-01-03 22:57:27 - [TEST_CASE][PASSED] - Test Cases/Final Aug 2018 - PKS Automation/Registration Module/Workflow/Update Employer Information/Template/Update Employer Information - Special Case (PAU): Test Cases/Final Aug 2018 - PKS Automation/Registration Module/Workflow/Update Employer Information/Template/Update Employer Information - Special Case (PAU)

2019-01-03 22:57:27 - [TEST_STEP][PASSED] - openBrowser: Browser is opened with url: ''

2019-01-03 22:57:27 - [MESSAGE][WARNING] - A browser is already opened. Closing browser and opening a new one

2019-01-03 22:57:31 - [MESSAGE][PASSED] - Browser is opened with url: ''

2019-01-03 22:57:31 - [TEST_STEP][PASSED] - navigateToUrl: Navigate to 'https://assist2-uat.perkeso.gov.my/login' successfully

2019-01-03 22:57:32 - [MESSAGE][PASSED] - Navigate to 'https://assist2-uat.perkeso.gov.my/login' successfully

2019-01-03 22:57:32 - [TEST_STEP][PASSED] - setText: Text 'johorpau1@gmail.com' is set on object 'Object Repository/Final Object Repo/Login Page/Internal User/Email Address'

2019-01-03 22:57:32 - [MESSAGE][PASSED] - Text 'johorpau1@gmail.com' is set on object 'Object Repository/Final Object Repo/Login Page/Internal User/Email Address'

2019-01-03 22:57:32 - [TEST_STEP][PASSED] - click: Object: 'Object Repository/Final Object Repo/Login Page/Internal User/Next Button' is clicked on

2019-01-03 22:57:32 - [MESSAGE][PASSED] - Object: 'Object Repository/Final Object Repo/Login Page/Internal User/Next Button' is clicked on

2019-01-03 22:57:32 - [TEST_STEP][PASSED] - delay: Delayed 1 second(s)

2019-01-03 22:57:33 - [MESSAGE][PASSED] - Delayed 1 second(s)

2019-01-03 22:57:33 - [TEST_STEP][PASSED] - setEncryptedText: Text ****** has been set on object 'Object Repository/Final Object Repo/Login Page/Internal User/Password'

2019-01-03 22:57:33 - [MESSAGE][PASSED] - Text ****** has been set on object 'Object Repository/Final Object Repo/Login Page/Internal User/Password'

2019-01-03 22:57:33 - [TEST_STEP][PASSED] - click: Object: 'Object Repository/Final Object Repo/Login Page/Internal User/Login Button' is clicked on

2019-01-03 22:57:34 - [MESSAGE][PASSED] - Object: 'Object Repository/Final Object Repo/Login Page/Internal User/Login Button' is clicked on

2019-01-03 22:57:34 - [TEST_STEP][PASSED] - Statement - tester = com.kms.katalon.core.testobject.ObjectRepository.findTestObject(Final Object Repo/Landing Page/Select to English): Finding Test Object with id 'Object Repository/Final Object Repo/Landing Page/Select to English'

2019-01-03 22:57:34 - [TEST_STEP][PASSED] - Statement - Try: Delayed 2 second(s)

2019-01-03 22:57:34 - [TEST_STEP][PASSED] - Statement - Checker = com.kms.katalon.core.webui.keyword.WebUiBuiltInKeywords.verifyElementNotPresent(tester, 3): Web element with id: 'Object Repository/Final Object Repo/Landing Page/Select to English' located by 'By.xpath: //a[@class = 'taglib-language-list-text' and @lang = 'en-US' and (contains(text(), 'EN') or contains(., 'EN'))]' is not present after '3' second(s)

2019-01-03 22:57:35 - [MESSAGE][PASSED] - Web element with id: 'Object Repository/Final Object Repo/Landing Page/Select to English' located by 'By.xpath: //a[@class = 'taglib-language-list-text' and @lang = 'en-US' and (contains(text(), 'EN') or contains(., 'EN'))]' is not present after '3' second(s)

2019-01-03 22:57:35 - [TEST_STEP][PASSED] - Statement - If (Checker == false): null

2019-01-03 22:57:35 - [TEST_STEP][PASSED] - delay: Delayed 2 second(s)

2019-01-03 22:57:37 - [MESSAGE][PASSED] - Delayed 2 second(s)

2019-01-03 22:57:37 - [TEST_STEP][PASSED] - delay: Delayed 5 second(s)

2019-01-03 22:57:42 - [MESSAGE][PASSED] - Delayed 5 second(s)

2019-01-03 22:57:42 - [TEST_STEP][PASSED] - navigateToUrl: Navigate to 'https://assist2-uat.perkeso.gov.my/web/registration/update/update-employer-information' successfully

2019-01-03 22:57:43 - [MESSAGE][PASSED] - Navigate to 'https://assist2-uat.perkeso.gov.my/web/registration/update/update-employer-information' successfully

2019-01-03 22:57:43 - [TEST_STEP][PASSED] - setText: Text 'E1102001065V ' is set on object 'Object Repository/Final Object Repo/Page_Update Employer Information/Employer Code'

2019-01-03 22:57:43 - [MESSAGE][PASSED] - Text 'E1102001065V ' is set on object 'Object Repository/Final Object Repo/Page_Update Employer Information/Employer Code'

2019-01-03 22:57:43 - [TEST_STEP][PASSED] - click: Object: 'Object Repository/Final Object Repo/Page_Update Employer Information/Search Button' is clicked on

2019-01-03 22:57:44 - [MESSAGE][PASSED] - Object: 'Object Repository/Final Object Repo/Page_Update Employer Information/Search Button' is clicked on

2019-01-03 22:57:44 - [TEST_STEP][PASSED] - click: Object: 'Object Repository/Final Object Repo/Page_Update Employer Information/Edit Button' is clicked on

2019-01-03 22:57:47 - [MESSAGE][PASSED] - Object: 'Object Repository/Final Object Repo/Page_Update Employer Information/Edit Button' is clicked on

2019-01-03 22:57:47 - [TEST_STEP][PASSED] - click: Object: 'Object Repository/Final Object Repo/Page_Update Employer Information/Business Entity' is clicked on

2019-01-03 22:57:47 - [MESSAGE][PASSED] - Object: 'Object Repository/Final Object Repo/Page_Update Employer Information/Business Entity' is clicked on

2019-01-03 22:57:47 - [TEST_STEP][PASSED] - Statement - CurrentBusinessEntity = "": null

2019-01-03 22:57:47 - [TEST_STEP][PASSED] - Statement - CurrentBusinessEntity = com.kms.katalon.core.webui.keyword.WebUiBuiltInKeywords.getText(com.kms.katalon.core.testobject.ObjectRepository.findTestObject(Final Object Repo/Page_Update Employer Information/Current Business Entity)): Text of object 'Object Repository/Final Object Repo/Page_Update Employer Information/Current Business Entity' is: 'Others'

2019-01-03 22:57:47 - [MESSAGE][PASSED] - Text of object 'Object Repository/Final Object Repo/Page_Update Employer Information/Current Business Entity' is: 'Others'

2019-01-03 22:57:47 - [TEST_STEP][PASSED] - Statement - out.println(CurrentBusinessEntity): null

2019-01-03 22:57:47 - [TEST_STEP][PASSED] - Statement - If (CurrentBusinessEntity == "Corporation"): null

2019-01-03 22:57:47 - [TEST_STEP][PASSED] - Statement - Else If (CurrentBusinessEntity == "Partnership"): null

2019-01-03 22:57:47 - [TEST_STEP][PASSED] - Statement - Else If (CurrentBusinessEntity == "Sole Proprietor / Individual Business"): null

2019-01-03 22:57:47 - [TEST_STEP][PASSED] - Statement - Else If (CurrentBusinessEntity == "Others"): Delayed 3 second(s)

2019-01-03 22:57:47 - [TEST_STEP][PASSED] - Statement - obj = com.kms.katalon.core.webui.keyword.WebUiBuiltInKeywords.modifyObjectProperty(com.kms.katalon.core.testobject.ObjectRepository.findTestObject(Final Object Repo/Page_Update Employer Information/change to this Business Entity), "xpath", "equals", "//ul/li/span[contains(text(),"Partnership")]", true, STOP_ON_FAILURE): Modify property of object successfully

2019-01-03 22:57:47 - [MESSAGE][PASSED] - Modify property of object successfully

2019-01-03 22:57:47 - [TEST_STEP][PASSED] - click: Object: 'Object Repository/Final Object Repo/Page_Update Employer Information/change to this Business Entity' is clicked on

2019-01-03 22:57:48 - [MESSAGE][PASSED] - Object: 'Object Repository/Final Object Repo/Page_Update Employer Information/change to this Business Entity' is clicked on

2019-01-03 22:57:48 - [TEST_STEP][PASSED] - delay: Delayed 1 second(s)

2019-01-03 22:57:49 - [MESSAGE][PASSED] - Delayed 1 second(s)

2019-01-03 22:57:49 - [TEST_STEP][PASSED] - click: Object: 'Object Repository/Final Object Repo/Page_Update Employer Information/Sub Business Entity' is clicked on

2019-01-03 22:57:49 - [MESSAGE][PASSED] - Object: 'Object Repository/Final Object Repo/Page_Update Employer Information/Sub Business Entity' is clicked on

2019-01-03 22:57:49 - [TEST_STEP][PASSED] - click: Object: 'Object Repository/Final Object Repo/Page_Update Employer Information/Sub Business Entity - Partnership - Registered With other Agencies' is clicked on

2019-01-03 22:57:49 - [MESSAGE][PASSED] - Object: 'Object Repository/Final Object Repo/Page_Update Employer Information/Sub Business Entity - Partnership - Registered With other Agencies' is clicked on

2019-01-03 22:57:49 - [TEST_STEP][PASSED] - delay: Delayed 3 second(s)

2019-01-03 22:57:52 - [MESSAGE][PASSED] - Delayed 3 second(s)

2019-01-03 22:57:52 - [TEST_STEP][PASSED] - delay: Delayed 4 second(s)

2019-01-03 22:57:56 - [MESSAGE][PASSED] - Delayed 4 second(s)

2019-01-03 22:57:56 - [TEST_STEP][PASSED] - click: Object: 'Object Repository/Final Object Repo/Page_Update Employer Information/Save  Continue' is clicked on

2019-01-03 22:57:56 - [MESSAGE][PASSED] - Object: 'Object Repository/Final Object Repo/Page_Update Employer Information/Save  Continue' is clicked on

2019-01-03 22:57:56 - [TEST_STEP][PASSED] - delay: Delayed 4 second(s)

2019-01-03 22:58:00 - [MESSAGE][PASSED] - Delayed 4 second(s)

2019-01-03 22:58:00 - [TEST_STEP][PASSED] - click: Object: 'Object Repository/Final Object Repo/Page_Update Employer Information/Save  Continue (1)' is clicked on

2019-01-03 22:58:00 - [MESSAGE][PASSED] - Object: 'Object Repository/Final Object Repo/Page_Update Employer Information/Save  Continue (1)' is clicked on

2019-01-03 22:58:00 - [TEST_STEP][PASSED] - delay: Delayed 4 second(s)

2019-01-03 22:58:04 - [MESSAGE][PASSED] - Delayed 4 second(s)

2019-01-03 22:58:04 - [TEST_STEP][PASSED] - Statement - CaseReferenceNo = com.kms.katalon.core.webui.keyword.WebUiBuiltInKeywords.getText(com.kms.katalon.core.testobject.ObjectRepository.findTestObject(Final Object Repo/Page_Update Employer Information/Reference Number in Update Employee Information Page)): Text of object 'Object Repository/Final Object Repo/Page_Update Employer Information/Reference Number in Update Employee Information Page' is: 'CUN012019C100006187'

2019-01-03 22:58:04 - [MESSAGE][PASSED] - Text of object 'Object Repository/Final Object Repo/Page_Update Employer Information/Reference Number in Update Employee Information Page' is: 'CUN012019C100006187'

2019-01-03 22:58:04 - [TEST_STEP][PASSED] - callTestCase: Call Test Case 'Test Cases/Final Aug 2018 - PKS Automation/Common/Reference Number Setter' successfully

2019-01-03 22:58:04 - [TEST_CASE][PASSED] - Test Cases/Final Aug 2018 - PKS Automation/Common/Reference Number Setter: Test Cases/Final Aug 2018 - PKS Automation/Common/Reference Number Setter

2019-01-03 22:58:04 - [TEST_STEP][PASSED] - Statement - RefNoOldFile = new java.io.File(C://Users//Admin//Desktop//PKS//Automation Reference Point//KatalonReference.txt): null

2019-01-03 22:58:04 - [TEST_STEP][PASSED] - Statement - RefNoOldFile.delete(): null

2019-01-03 22:58:04 - [TEST_STEP][PASSED] - delay: Delayed 5 second(s)

2019-01-03 22:58:09 - [MESSAGE][PASSED] - Delayed 5 second(s)

2019-01-03 22:58:09 - [TEST_STEP][PASSED] - Statement - RefNo = new java.io.File(C://Users//Admin//Desktop//PKS//Automation Reference Point//KatalonReference.txt): null

2019-01-03 22:58:09 - [TEST_STEP][PASSED] - Statement - f2 = new java.io.FileWriter(RefNo, false): null

2019-01-03 22:58:09 - [TEST_STEP][PASSED] - Statement - f2.write(CaseReferenceNo): null

2019-01-03 22:58:09 - [TEST_STEP][PASSED] - Statement - f2.close(): null

2019-01-03 22:58:09 - [TEST_STEP][PASSED] - Statement - out.println("


" + CaseReferenceNo + "


"): null

2019-01-03 22:58:10 - [MESSAGE][PASSED] - Call Test Case 'Test Cases/Final Aug 2018 - PKS Automation/Common/Reference Number Setter' successfully

2019-01-03 22:58:10 - [TEST_STEP][PASSED] - delay: Delayed 4 second(s)

2019-01-03 22:58:14 - [MESSAGE][PASSED] - Delayed 4 second(s)

2019-01-03 22:58:14 - [TEST_STEP][PASSED] - click: Object: 'Object Repository/Final Object Repo/Page_Update Employer Information/Submit - Copy' is clicked on

2019-01-03 22:58:14 - [MESSAGE][PASSED] - Object: 'Object Repository/Final Object Repo/Page_Update Employer Information/Submit - Copy' is clicked on

2019-01-03 22:58:14 - [TEST_STEP][PASSED] - delay: Delayed 2 second(s)

2019-01-03 22:58:16 - [MESSAGE][PASSED] - Delayed 2 second(s)

2019-01-03 22:58:16 - [TEST_STEP][PASSED] - click: Object: 'Object Repository/Final Object Repo/Page_Update Employer Information/Confirm' is clicked on

2019-01-03 22:58:16 - [MESSAGE][PASSED] - Object: 'Object Repository/Final Object Repo/Page_Update Employer Information/Confirm' is clicked on

2019-01-03 22:58:16 - [TEST_STEP][PASSED] - delay: Delayed 2 second(s)

2019-01-03 22:58:18 - [MESSAGE][PASSED] - Delayed 2 second(s)

2019-01-03 22:58:18 - [TEST_STEP][PASSED] - click: Object: 'Object Repository/Final Object Repo/Page_Update Employer Information/Message Your Request will be route' is clicked on

2019-01-03 22:58:20 - [MESSAGE][PASSED] - Object: 'Object Repository/Final Object Repo/Page_Update Employer Information/Message Your Request will be route' is clicked on

2019-01-03 22:58:20 - [MESSAGE][PASSED] - Call Test Case 'Test Cases/Final Aug 2018 - PKS Automation/Registration Module/Workflow/Update Employer Information/Template/Update Employer Information - Special Case (PAU)' successfully

2019-01-03 22:58:20 - [TEST_STEP][PASSED] - callTestCase: Call Test Case 'Test Cases/Final Aug 2018 - PKS Automation/Registration Module/Workflow/Update Employer Information/Template/Update Employer Information - Special Case - UO (Query)' successfully

2019-01-03 22:58:20 - [TEST_CASE][PASSED] - Test Cases/Final Aug 2018 - PKS Automation/Registration Module/Workflow/Update Employer Information/Template/Update Employer Information - Special Case - UO (Query): Test Cases/Final Aug 2018 - PKS Automation/Registration Module/Workflow/Update Employer Information/Template/Update Employer Information - Special Case - UO (Query)

2019-01-03 22:58:20 - [TEST_STEP][NOT_RUN] - callTestCase: NOT_RUN: callTestCase

2019-01-03 22:58:20 - [MESSAGE][NOT_RUN] - NOT_RUN: callTestCase

2019-01-03 22:58:20 - [TEST_STEP][PASSED] - delay: Delayed 1 second(s)

2019-01-03 22:58:21 - [MESSAGE][PASSED] - Delayed 1 second(s)

2019-01-03 22:58:21 - [TEST_STEP][PASSED] - navigateToUrl: Navigate to 'https://assist2-uat.perkeso.gov.my/c/portal/logout' successfully

2019-01-03 22:58:22 - [MESSAGE][PASSED] - Navigate to 'https://assist2-uat.perkeso.gov.my/c/portal/logout' successfully

2019-01-03 22:58:22 - [TEST_STEP][PASSED] - delay: Delayed 1 second(s)

2019-01-03 22:58:23 - [MESSAGE][PASSED] - Delayed 1 second(s)

2019-01-03 22:58:23 - [TEST_STEP][PASSED] - callTestCase: Call Test Case 'Test Cases/Final Aug 2018 - PKS Automation/Common/Reference Number Getter' successfully

2019-01-03 22:58:23 - [TEST_CASE][PASSED] - Test Cases/Final Aug 2018 - PKS Automation/Common/Reference Number Getter: Test Cases/Final Aug 2018 - PKS Automation/Common/Reference Number Getter

2019-01-03 22:58:23 - [TEST_STEP][PASSED] - Statement - Try: null

2019-01-03 22:58:23 - [TEST_STEP][PASSED] - Statement - RefNo = new java.io.File(C://Users//Admin//Desktop//PKS//Automation Reference Point//KatalonReference.txt): null

2019-01-03 22:58:23 - [TEST_STEP][PASSED] - Statement - bufferread = new java.io.BufferedReader(new java.io.FileReader(RefNo)): null

2019-01-03 22:58:23 - [TEST_STEP][PASSED] - Statement - readedVal = bufferread.readLine(): null

2019-01-03 22:58:23 - [TEST_STEP][PASSED] - Statement - out.println(CaseReferenceNo): null

2019-01-03 22:58:23 - [TEST_STEP][PASSED] - Statement - out.println(readedVal): null

2019-01-03 22:58:23 - [TEST_STEP][PASSED] - Statement - CaseReferenceNo = "": null

2019-01-03 22:58:23 - [TEST_STEP][PASSED] - Statement - CaseReferenceNo = readedVal: null

2019-01-03 22:58:23 - [MESSAGE][PASSED] - Call Test Case 'Test Cases/Final Aug 2018 - PKS Automation/Common/Reference Number Getter' successfully

2019-01-03 22:58:23 - [TEST_STEP][PASSED] - callTestCase: Call Test Case 'Test Cases/Final Aug 2018 - PKS Automation/Common/Workflow Owner Finder' successfully

2019-01-03 22:58:23 - [TEST_CASE][PASSED] - Test Cases/Final Aug 2018 - PKS Automation/Common/Workflow Owner Finder: Test Cases/Final Aug 2018 - PKS Automation/Common/Workflow Owner Finder

2019-01-03 22:58:23 - [TEST_STEP][PASSED] - openBrowser: Browser is opened with url: ''

2019-01-03 22:58:23 - [MESSAGE][WARNING] - A browser is already opened. Closing browser and opening a new one

2019-01-03 22:58:27 - [MESSAGE][PASSED] - Browser is opened with url: ''

2019-01-03 22:58:27 - [TEST_STEP][PASSED] - navigateToUrl: Navigate to 'https://assist2-uat.perkeso.gov.my/login' successfully

2019-01-03 22:58:28 - [MESSAGE][PASSED] - Navigate to 'https://assist2-uat.perkeso.gov.my/login' successfully

2019-01-03 22:58:28 - [TEST_STEP][PASSED] - delay: Delayed 5 second(s)

2019-01-03 22:58:33 - [MESSAGE][PASSED] - Delayed 5 second(s)

2019-01-03 22:58:33 - [TEST_STEP][PASSED] - setText: Text 'test@liferay.com' is set on object 'Object Repository/Final Object Repo/Login Page/Internal User/Email Address'

2019-01-03 22:58:34 - [MESSAGE][PASSED] - Text 'test@liferay.com' is set on object 'Object Repository/Final Object Repo/Login Page/Internal User/Email Address'

2019-01-03 22:58:34 - [TEST_STEP][PASSED] - click: Object: 'Object Repository/Final Object Repo/Login Page/Internal User/Next Button' is clicked on

2019-01-03 22:58:34 - [MESSAGE][PASSED] - Object: 'Object Repository/Final Object Repo/Login Page/Internal User/Next Button' is clicked on

2019-01-03 22:58:34 - [TEST_STEP][PASSED] - delay: Delayed 2 second(s)

2019-01-03 22:58:36 - [MESSAGE][PASSED] - Delayed 2 second(s)

2019-01-03 22:58:36 - [TEST_STEP][PASSED] - setText: Text 'test' is set on object 'Object Repository/Final Object Repo/Login Page/Internal User/Password'

2019-01-03 22:58:36 - [MESSAGE][PASSED] - Text 'test' is set on object 'Object Repository/Final Object Repo/Login Page/Internal User/Password'

2019-01-03 22:58:36 - [TEST_STEP][PASSED] - delay: Delayed 2 second(s)

2019-01-03 22:58:38 - [MESSAGE][PASSED] - Delayed 2 second(s)

2019-01-03 22:58:38 - [TEST_STEP][PASSED] - click: Object: 'Object Repository/Final Object Repo/Login Page/Internal User/Login Button' is clicked on

2019-01-03 22:58:38 - [MESSAGE][PASSED] - Object: 'Object Repository/Final Object Repo/Login Page/Internal User/Login Button' is clicked on

2019-01-03 22:58:38 - [TEST_STEP][PASSED] - Statement - tester = com.kms.katalon.core.testobject.ObjectRepository.findTestObject(Final Object Repo/Landing Page/Select to English): Finding Test Object with id 'Object Repository/Final Object Repo/Landing Page/Select to English'

2019-01-03 22:58:38 - [TEST_STEP][PASSED] - Statement - Try: Delayed 2 second(s)

2019-01-03 22:58:38 - [TEST_STEP][PASSED] - Statement - Checker = com.kms.katalon.core.webui.keyword.WebUiBuiltInKeywords.verifyElementNotPresent(tester, 3): Web element with id: 'Object Repository/Final Object Repo/Landing Page/Select to English' located by 'By.xpath: //a[@class = 'taglib-language-list-text' and @lang = 'en-US' and (contains(text(), 'EN') or contains(., 'EN'))]' is not present after '3' second(s)

2019-01-03 22:58:40 - [MESSAGE][PASSED] - Web element with id: 'Object Repository/Final Object Repo/Landing Page/Select to English' located by 'By.xpath: //a[@class = 'taglib-language-list-text' and @lang = 'en-US' and (contains(text(), 'EN') or contains(., 'EN'))]' is not present after '3' second(s)

2019-01-03 22:58:40 - [TEST_STEP][PASSED] - Statement - If (Checker == false): null

2019-01-03 22:58:40 - [TEST_STEP][PASSED] - delay: Delayed 2 second(s)

2019-01-03 22:58:42 - [MESSAGE][PASSED] - Delayed 2 second(s)

2019-01-03 22:58:42 - [TEST_STEP][PASSED] - delay: Delayed 5 second(s)

2019-01-03 22:58:47 - [MESSAGE][PASSED] - Delayed 5 second(s)

2019-01-03 22:58:47 - [TEST_STEP][PASSED] - mouseOver: Object: 'Object Repository/Final Object Repo/Landing Page/WorkFlow Menu' is hovered

2019-01-03 22:58:47 - [MESSAGE][PASSED] - Object: 'Object Repository/Final Object Repo/Landing Page/WorkFlow Menu' is hovered

2019-01-03 22:58:47 - [TEST_STEP][PASSED] - delay: Delayed 2 second(s)

2019-01-03 22:58:49 - [MESSAGE][PASSED] - Delayed 2 second(s)

2019-01-03 22:58:49 - [TEST_STEP][PASSED] - click: Object: 'Object Repository/Final Object Repo/Landing Page/Select to Workflow Listing' is clicked on

2019-01-03 22:58:50 - [MESSAGE][PASSED] - Object: 'Object Repository/Final Object Repo/Landing Page/Select to Workflow Listing' is clicked on

2019-01-03 22:58:50 - [TEST_STEP][PASSED] - delay: Delayed 2 second(s)

2019-01-03 22:58:52 - [MESSAGE][PASSED] - Delayed 2 second(s)

2019-01-03 22:58:52 - [TEST_STEP][PASSED] - click: Object: 'Object Repository/Final Object Repo/WorkFlow Listing Page/Search Information - To Put Ref No' is clicked on

2019-01-03 22:58:53 - [MESSAGE][PASSED] - Object: 'Object Repository/Final Object Repo/WorkFlow Listing Page/Search Information - To Put Ref No' is clicked on

2019-01-03 22:58:53 - [TEST_STEP][PASSED] - delay: Delayed 2 second(s)

2019-01-03 22:58:55 - [MESSAGE][PASSED] - Delayed 2 second(s)

2019-01-03 22:58:55 - [TEST_STEP][PASSED] - callTestCase: Call Test Case 'Test Cases/Final Aug 2018 - PKS Automation/Common/Reference Number Getter' successfully

2019-01-03 22:58:55 - [TEST_CASE][PASSED] - Test Cases/Final Aug 2018 - PKS Automation/Common/Reference Number Getter: Test Cases/Final Aug 2018 - PKS Automation/Common/Reference Number Getter

2019-01-03 22:58:55 - [TEST_STEP][PASSED] - Statement - Try: null

2019-01-03 22:58:55 - [TEST_STEP][PASSED] - Statement - RefNo = new java.io.File(C://Users//Admin//Desktop//PKS//Automation Reference Point//KatalonReference.txt): null

2019-01-03 22:58:55 - [TEST_STEP][PASSED] - Statement - bufferread = new java.io.BufferedReader(new java.io.FileReader(RefNo)): null

2019-01-03 22:58:55 - [TEST_STEP][PASSED] - Statement - readedVal = bufferread.readLine(): null

2019-01-03 22:58:55 - [TEST_STEP][PASSED] - Statement - out.println(CaseReferenceNo): null

2019-01-03 22:58:55 - [TEST_STEP][PASSED] - Statement - out.println(readedVal): null

2019-01-03 22:58:55 - [TEST_STEP][PASSED] - Statement - CaseReferenceNo = "": null

2019-01-03 22:58:55 - [TEST_STEP][PASSED] - Statement - CaseReferenceNo = readedVal: null

2019-01-03 22:58:55 - [MESSAGE][PASSED] - Call Test Case 'Test Cases/Final Aug 2018 - PKS Automation/Common/Reference Number Getter' successfully

2019-01-03 22:58:55 - [TEST_STEP][PASSED] - setText: Text 'CUN012019C100006187' is set on object 'Object Repository/Final Object Repo/WorkFlow Listing Page/Ref No Set Text'

2019-01-03 22:58:55 - [MESSAGE][PASSED] - Text 'CUN012019C100006187' is set on object 'Object Repository/Final Object Repo/WorkFlow Listing Page/Ref No Set Text'

2019-01-03 22:58:55 - [TEST_STEP][PASSED] - delay: Delayed 2 second(s)

2019-01-03 22:58:57 - [MESSAGE][PASSED] - Delayed 2 second(s)

2019-01-03 22:58:57 - [TEST_STEP][PASSED] - click: Object: 'Object Repository/Final Object Repo/WorkFlow Listing Page/Search Ref No Search Button' is clicked on

2019-01-03 22:58:57 - [MESSAGE][PASSED] - Object: 'Object Repository/Final Object Repo/WorkFlow Listing Page/Search Ref No Search Button' is clicked on

2019-01-03 22:58:57 - [TEST_STEP][PASSED] - delay: Delayed 6 second(s)

2019-01-03 22:59:03 - [MESSAGE][PASSED] - Delayed 6 second(s)

2019-01-03 22:59:03 - [TEST_STEP][PASSED] - click: Object: 'Object Repository/Final Object Repo/WorkFlow Listing Page/Click Continue Tooltip' is clicked on

2019-01-03 22:59:04 - [MESSAGE][PASSED] - Object: 'Object Repository/Final Object Repo/WorkFlow Listing Page/Click Continue Tooltip' is clicked on

2019-01-03 22:59:04 - [TEST_STEP][PASSED] - delay: Delayed 5 second(s)

2019-01-03 22:59:09 - [MESSAGE][PASSED] - Delayed 5 second(s)

2019-01-03 22:59:09 - [TEST_STEP][PASSED] - doubleClick: Object: 'Object Repository/Final Object Repo/WorkFlow Listing Page/Workflow Found - Listing 1' is double clicked on

2019-01-03 22:59:09 - [MESSAGE][PASSED] - Object: 'Object Repository/Final Object Repo/WorkFlow Listing Page/Workflow Found - Listing 1' is double clicked on

2019-01-03 22:59:09 - [TEST_STEP][PASSED] - Statement - println(OwnerID): null

2019-01-03 22:59:09 - [TEST_STEP][PASSED] - Statement - OwnerID = com.kms.katalon.core.webui.keyword.WebUiBuiltInKeywords.getText(com.kms.katalon.core.testobject.ObjectRepository.findTestObject(Final Object Repo/WorkFlow Listing Page/Workflow Found - Listing 1), STOP_ON_FAILURE): Text of object 'Object Repository/Final Object Repo/WorkFlow Listing Page/Workflow Found - Listing 1' is: 'JOHORuo1'

2019-01-03 22:59:09 - [MESSAGE][PASSED] - Text of object 'Object Repository/Final Object Repo/WorkFlow Listing Page/Workflow Found - Listing 1' is: 'JOHORuo1'

2019-01-03 22:59:09 - [TEST_STEP][PASSED] - Statement - OwnerID = OwnerID.toLowerCase() + "@gmail.com": null

2019-01-03 22:59:09 - [TEST_STEP][PASSED] - Statement - println(OwnerID): null

2019-01-03 22:59:09 - [TEST_STEP][PASSED] - delay: Delayed 2 second(s)

2019-01-03 22:59:11 - [MESSAGE][PASSED] - Delayed 2 second(s)

2019-01-03 22:59:11 - [MESSAGE][PASSED] - Call Test Case 'Test Cases/Final Aug 2018 - PKS Automation/Common/Workflow Owner Finder' successfully

2019-01-03 22:59:11 - [TEST_STEP][PASSED] - delay: Delayed 1 second(s)

2019-01-03 22:59:12 - [MESSAGE][PASSED] - Delayed 1 second(s)

2019-01-03 22:59:12 - [TEST_STEP][PASSED] - navigateToUrl: Navigate to 'https://assist2-uat.perkeso.gov.my/c/portal/logout' successfully

2019-01-03 22:59:13 - [MESSAGE][PASSED] - Navigate to 'https://assist2-uat.perkeso.gov.my/c/portal/logout' successfully

2019-01-03 22:59:13 - [TEST_STEP][PASSED] - delay: Delayed 1 second(s)

2019-01-03 22:59:14 - [MESSAGE][PASSED] - Delayed 1 second(s)

2019-01-03 22:59:14 - [TEST_STEP][PASSED] - callTestCase: Call Test Case 'Test Cases/Final Aug 2018 - PKS Automation/Registration Module/Workflow/Login and Search Case For Workflow' successfully

2019-01-03 22:59:14 - [TEST_CASE][PASSED] - Test Cases/Final Aug 2018 - PKS Automation/Registration Module/Workflow/Login and Search Case For Workflow: Test Cases/Final Aug 2018 - PKS Automation/Registration Module/Workflow/Login and Search Case For Workflow

2019-01-03 22:59:14 - [TEST_STEP][PASSED] - navigateToUrl: Navigate to 'https://assist2-uat.perkeso.gov.my/login' successfully

2019-01-03 22:59:15 - [MESSAGE][PASSED] - Navigate to 'https://assist2-uat.perkeso.gov.my/login' successfully

2019-01-03 22:59:15 - [TEST_STEP][PASSED] - setText: Text 'johoruo1@gmail.com' is set on object 'Object Repository/Final Object Repo/Login Page/Internal User/Email Address'

2019-01-03 22:59:15 - [MESSAGE][PASSED] - Text 'johoruo1@gmail.com' is set on object 'Object Repository/Final Object Repo/Login Page/Internal User/Email Address'

2019-01-03 22:59:15 - [TEST_STEP][PASSED] - click: Object: 'Object Repository/Final Object Repo/Login Page/Internal User/Next Button' is clicked on

2019-01-03 22:59:15 - [MESSAGE][PASSED] - Object: 'Object Repository/Final Object Repo/Login Page/Internal User/Next Button' is clicked on

2019-01-03 22:59:15 - [TEST_STEP][PASSED] - delay: Delayed 1 second(s)

2019-01-03 22:59:16 - [MESSAGE][PASSED] - Delayed 1 second(s)

2019-01-03 22:59:16 - [TEST_STEP][PASSED] - setEncryptedText: Text ****** has been set on object 'Object Repository/Final Object Repo/Login Page/Internal User/Password'

2019-01-03 22:59:16 - [MESSAGE][PASSED] - Text ****** has been set on object 'Object Repository/Final Object Repo/Login Page/Internal User/Password'

2019-01-03 22:59:16 - [TEST_STEP][PASSED] - click: Object: 'Object Repository/Final Object Repo/Login Page/Internal User/Login Button' is clicked on

2019-01-03 22:59:17 - [MESSAGE][PASSED] - Object: 'Object Repository/Final Object Repo/Login Page/Internal User/Login Button' is clicked on

2019-01-03 22:59:17 - [TEST_STEP][PASSED] - delay: Delayed 2 second(s)

2019-01-03 22:59:19 - [MESSAGE][PASSED] - Delayed 2 second(s)

2019-01-03 22:59:19 - [TEST_STEP][PASSED] - Statement - Try: Delayed 2 second(s)

2019-01-03 22:59:19 - [TEST_STEP][PASSED] - Statement - Checker = false: null

2019-01-03 22:59:19 - [TEST_STEP][PASSED] - Statement - Checker = com.kms.katalon.core.webui.keyword.WebUiBuiltInKeywords.verifyElementHasAttribute(com.kms.katalon.core.testobject.ObjectRepository.findTestObject(Final Object Repo/Landing Page/BM Detecting), "href", 20, OPTIONAL): Object 'Object Repository/Final Object Repo/Landing Page/BM Detecting' has attribute 'href'

2019-01-03 22:59:19 - [MESSAGE][PASSED] - Object 'Object Repository/Final Object Repo/Landing Page/BM Detecting' has attribute 'href'

2019-01-03 22:59:19 - [TEST_STEP][PASSED] - Statement - out.println(Checker): null

2019-01-03 22:59:19 - [TEST_STEP][PASSED] - Statement - If (Checker == false): null

2019-01-03 22:59:19 - [TEST_STEP][PASSED] - Statement - Else: null

2019-01-03 22:59:19 - [TEST_STEP][PASSED] - delay: Delayed 2 second(s)

2019-01-03 22:59:21 - [MESSAGE][PASSED] - Delayed 2 second(s)

2019-01-03 22:59:21 - [TEST_STEP][PASSED] - click: Object: 'Object Repository/Final Object Repo/Page_MyASSIST - ASSIST - Search Pending Case For Add Supporting Document/Search Information' is clicked on

2019-01-03 22:59:21 - [MESSAGE][PASSED] - Object: 'Object Repository/Final Object Repo/Page_MyASSIST - ASSIST - Search Pending Case For Add Supporting Document/Search Information' is clicked on

2019-01-03 22:59:21 - [TEST_STEP][PASSED] - delay: Delayed 3 second(s)

2019-01-03 22:59:24 - [MESSAGE][PASSED] - Delayed 3 second(s)

2019-01-03 22:59:24 - [TEST_STEP][PASSED] - sendKeys: Keys 'CUN012019C100006187' sent to object: 'Object Repository/Final Object Repo/Page_MyASSIST - ASSIST - Search Pending Case For Add Supporting Document/Reference No'

2019-01-03 22:59:24 - [MESSAGE][PASSED] - Keys 'CUN012019C100006187' sent to object: 'Object Repository/Final Object Repo/Page_MyASSIST - ASSIST - Search Pending Case For Add Supporting Document/Reference No'

2019-01-03 22:59:24 - [TEST_STEP][PASSED] - click: Object: 'Object Repository/Final Object Repo/Page_MyASSIST - ASSIST - Search Pending Case For Add Supporting Document/Search Reference No' is clicked on

2019-01-03 22:59:24 - [MESSAGE][PASSED] - Object: 'Object Repository/Final Object Repo/Page_MyASSIST - ASSIST - Search Pending Case For Add Supporting Document/Search Reference No' is clicked on

2019-01-03 22:59:24 - [TEST_STEP][PASSED] - delay: Delayed 2 second(s)

2019-01-03 22:59:26 - [MESSAGE][PASSED] - Delayed 2 second(s)

2019-01-03 22:59:26 - [TEST_STEP][PASSED] - click: Object: 'Object Repository/Final Object Repo/Page_MyASSIST - ASSIST - Search Pending Case For Add Supporting Document/Continue' is clicked on

2019-01-03 22:59:30 - [MESSAGE][PASSED] - Object: 'Object Repository/Final Object Repo/Page_MyASSIST - ASSIST - Search Pending Case For Add Supporting Document/Continue' is clicked on

2019-01-03 22:59:30 - [TEST_STEP][PASSED] - delay: Delayed 20 second(s)

2019-01-03 22:59:50 - [MESSAGE][PASSED] - Delayed 20 second(s)

2019-01-03 22:59:50 - [MESSAGE][PASSED] - Call Test Case 'Test Cases/Final Aug 2018 - PKS Automation/Registration Module/Workflow/Login and Search Case For Workflow' successfully

2019-01-03 22:59:50 - [TEST_STEP][PASSED] - delay: Delayed 2 second(s)

2019-01-03 22:59:52 - [MESSAGE][PASSED] - Delayed 2 second(s)

2019-01-03 22:59:52 - [TEST_STEP][PASSED] - click: Object: 'Object Repository/Final Object Repo/Page_Update Employer Information/Page_Update Employer Information UO (Approve)/Continue' is clicked on

2019-01-03 22:59:56 - [MESSAGE][PASSED] - Object: 'Object Repository/Final Object Repo/Page_Update Employer Information/Page_Update Employer Information UO (Approve)/Continue' is clicked on

2019-01-03 22:59:56 - [TEST_STEP][PASSED] - delay: Delayed 2 second(s)

2019-01-03 22:59:58 - [MESSAGE][PASSED] - Delayed 2 second(s)

2019-01-03 22:59:58 - [TEST_STEP][PASSED] - click: Object: 'Object Repository/Final Object Repo/Page_Update Employer Information/Page_Update Employer Information UO (Approve)/Save  Continue in Update Employer Information Page' is clicked on

2019-01-03 22:59:58 - [MESSAGE][PASSED] - Object: 'Object Repository/Final Object Repo/Page_Update Employer Information/Page_Update Employer Information UO (Approve)/Save  Continue in Update Employer Information Page' is clicked on

2019-01-03 22:59:58 - [TEST_STEP][PASSED] - delay: Delayed 2 second(s)

2019-01-03 23:00:00 - [MESSAGE][PASSED] - Delayed 2 second(s)

2019-01-03 23:00:00 - [TEST_STEP][PASSED] - setText: Text 'Query' is set on object 'Object Repository/Final Object Repo/Page_Update Employer Information/Page_Update Employer Information UO (Query)/Query - Remark'

2019-01-03 23:00:03 - [MESSAGE][PASSED] - Text 'Query' is set on object 'Object Repository/Final Object Repo/Page_Update Employer Information/Page_Update Employer Information UO (Query)/Query - Remark'

2019-01-03 23:00:03 - [TEST_STEP][PASSED] - delay: Delayed 2 second(s)

2019-01-03 23:00:05 - [MESSAGE][PASSED] - Delayed 2 second(s)

2019-01-03 23:00:05 - [TEST_STEP][PASSED] - click: Object: 'Object Repository/Final Object Repo/Page_Update Employer Information/Page_Update Employer Information UO (Approve)/Save  Continue in Uploading Supporting Document Page' is clicked on

2019-01-03 23:00:05 - [MESSAGE][PASSED] - Object: 'Object Repository/Final Object Repo/Page_Update Employer Information/Page_Update Employer Information UO (Approve)/Save  Continue in Uploading Supporting Document Page' is clicked on

2019-01-03 23:00:05 - [TEST_STEP][PASSED] - delay: Delayed 2 second(s)

2019-01-03 23:00:07 - [MESSAGE][PASSED] - Delayed 2 second(s)

2019-01-03 23:00:07 - [TEST_STEP][PASSED] - click: Object: 'Object Repository/Final Object Repo/Page_Update Employer Information/Page_Update Employer Information UO (Query)/Query' is clicked on

2019-01-03 23:00:09 - [MESSAGE][PASSED] - Object: 'Object Repository/Final Object Repo/Page_Update Employer Information/Page_Update Employer Information UO (Query)/Query' is clicked on

2019-01-03 23:00:09 - [TEST_STEP][PASSED] - delay: Delayed 2 second(s)

2019-01-03 23:00:11 - [MESSAGE][PASSED] - Delayed 2 second(s)

2019-01-03 23:00:11 - [TEST_STEP][PASSED] - click: Object: 'Object Repository/Final Object Repo/Page_Update Employer Information/Page_Update Employer Information UO (Query)/Confirm' is clicked on

2019-01-03 23:00:11 - [MESSAGE][PASSED] - Object: 'Object Repository/Final Object Repo/Page_Update Employer Information/Page_Update Employer Information UO (Query)/Confirm' is clicked on

2019-01-03 23:00:11 - [TEST_STEP][PASSED] - delay: Delayed 2 second(s)

2019-01-03 23:00:13 - [MESSAGE][PASSED] - Delayed 2 second(s)

2019-01-03 23:00:13 - [TEST_STEP][PASSED] - doubleClick: Object: 'Object Repository/Final Object Repo/Page_Update Employer Information/Page_Update Employer Information UO (Query)/Message The Case Is Under Query' is double clicked on

2019-01-03 23:00:18 - [MESSAGE][PASSED] - Object: 'Object Repository/Final Object Repo/Page_Update Employer Information/Page_Update Employer Information UO (Query)/Message The Case Is Under Query' is double clicked on

2019-01-03 23:00:18 - [TEST_STEP][PASSED] - delay: Delayed 2 second(s)

2019-01-03 23:00:20 - [MESSAGE][PASSED] - Delayed 2 second(s)

2019-01-03 23:00:20 - [TEST_STEP][PASSED] - click: Object: 'Object Repository/Final Object Repo/Page_Update Employer Information/Page_Update Employer Information UO (Query)/Letter of inquiry.pdf' is clicked on

2019-01-03 23:00:20 - [MESSAGE][PASSED] - Object: 'Object Repository/Final Object Repo/Page_Update Employer Information/Page_Update Employer Information UO (Query)/Letter of inquiry.pdf' is clicked on

2019-01-03 23:00:20 - [TEST_STEP][PASSED] - delay: Delayed 1 second(s)

2019-01-03 23:00:22 - [MESSAGE][PASSED] - Delayed 1 second(s)

2019-01-03 23:00:22 - [TEST_STEP][PASSED] - callTestCase: Call Test Case 'Test Cases/Final Aug 2018 - PKS Automation/Registration Module/Log Out/log out avoiding katalon tagging' successfully

2019-01-03 23:00:22 - [TEST_CASE][PASSED] - Test Cases/Final Aug 2018 - PKS Automation/Registration Module/Log Out/log out avoiding katalon tagging: Test Cases/Final Aug 2018 - PKS Automation/Registration Module/Log Out/log out avoiding katalon tagging

2019-01-03 23:00:22 - [TEST_STEP][PASSED] - navigateToUrl: Navigate to 'https://assist2-uat.perkeso.gov.my/c/portal/logout' successfully

2019-01-03 23:00:22 - [MESSAGE][PASSED] - Navigate to 'https://assist2-uat.perkeso.gov.my/c/portal/logout' successfully

2019-01-03 23:00:22 - [MESSAGE][PASSED] - Call Test Case 'Test Cases/Final Aug 2018 - PKS Automation/Registration Module/Log Out/log out avoiding katalon tagging' successfully

2019-01-03 23:00:22 - [TEST_STEP][NOT_RUN] - navigateToUrl: NOT_RUN: navigateToUrl

2019-01-03 23:00:22 - [MESSAGE][NOT_RUN] - NOT_RUN: navigateToUrl

2019-01-03 23:00:22 - [TEST_STEP][PASSED] - delay: Delayed 1 second(s)

2019-01-03 23:00:23 - [MESSAGE][PASSED] - Delayed 1 second(s)

2019-01-03 23:00:23 - [TEST_STEP][PASSED] - callTestCase: Call Test Case 'Test Cases/Final Aug 2018 - PKS Automation/Registration Module/Workflow/Search Pending Case For Add Supporting Document (OTC)' successfully

2019-01-03 23:00:23 - [TEST_CASE][PASSED] - Test Cases/Final Aug 2018 - PKS Automation/Registration Module/Workflow/Search Pending Case For Add Supporting Document (OTC): Test Cases/Final Aug 2018 - PKS Automation/Registration Module/Workflow/Search Pending Case For Add Supporting Document (OTC)

2019-01-03 23:00:23 - [TEST_STEP][PASSED] - openBrowser: Browser is opened with url: ''

2019-01-03 23:00:23 - [MESSAGE][WARNING] - A browser is already opened. Closing browser and opening a new one

2019-01-03 23:00:27 - [MESSAGE][PASSED] - Browser is opened with url: ''

2019-01-03 23:00:27 - [TEST_STEP][PASSED] - navigateToUrl: Navigate to 'https://assist2-uat.perkeso.gov.my/login' successfully

2019-01-03 23:00:28 - [MESSAGE][PASSED] - Navigate to 'https://assist2-uat.perkeso.gov.my/login' successfully

2019-01-03 23:00:28 - [TEST_STEP][PASSED] - setText: Text 'johorotc1@gmail.com' is set on object 'Object Repository/Final Object Repo/Login Page/Internal User/Email Address'

2019-01-03 23:00:28 - [MESSAGE][PASSED] - Text 'johorotc1@gmail.com' is set on object 'Object Repository/Final Object Repo/Login Page/Internal User/Email Address'

2019-01-03 23:00:28 - [TEST_STEP][PASSED] - click: Object: 'Object Repository/Final Object Repo/Login Page/Internal User/Next Button' is clicked on

2019-01-03 23:00:29 - [MESSAGE][PASSED] - Object: 'Object Repository/Final Object Repo/Login Page/Internal User/Next Button' is clicked on

2019-01-03 23:00:29 - [TEST_STEP][PASSED] - delay: Delayed 1 second(s)

2019-01-03 23:00:30 - [MESSAGE][PASSED] - Delayed 1 second(s)

2019-01-03 23:00:30 - [TEST_STEP][PASSED] - setEncryptedText: Text ****** has been set on object 'Object Repository/Final Object Repo/Login Page/Internal User/Password'

2019-01-03 23:00:30 - [MESSAGE][PASSED] - Text ****** has been set on object 'Object Repository/Final Object Repo/Login Page/Internal User/Password'

2019-01-03 23:00:30 - [TEST_STEP][PASSED] - click: Object: 'Object Repository/Final Object Repo/Login Page/Internal User/Login Button' is clicked on

2019-01-03 23:00:30 - [MESSAGE][PASSED] - Object: 'Object Repository/Final Object Repo/Login Page/Internal User/Login Button' is clicked on

2019-01-03 23:00:30 - [TEST_STEP][PASSED] - delay: Delayed 1 second(s)

2019-01-03 23:00:31 - [MESSAGE][PASSED] - Delayed 1 second(s)

2019-01-03 23:00:31 - [TEST_STEP][PASSED] - Statement - Try: Delayed 2 second(s)

2019-01-03 23:00:31 - [TEST_STEP][PASSED] - Statement - Checker = false: null

2019-01-03 23:00:31 - [TEST_STEP][PASSED] - Statement - Checker = com.kms.katalon.core.webui.keyword.WebUiBuiltInKeywords.verifyElementHasAttribute(com.kms.katalon.core.testobject.ObjectRepository.findTestObject(Final Object Repo/Landing Page/BM Detecting), "href", 20, OPTIONAL): Object 'Object Repository/Final Object Repo/Landing Page/BM Detecting' has attribute 'href'

2019-01-03 23:00:32 - [MESSAGE][PASSED] - Object 'Object Repository/Final Object Repo/Landing Page/BM Detecting' has attribute 'href'

2019-01-03 23:00:32 - [TEST_STEP][PASSED] - Statement - out.println(Checker): null

2019-01-03 23:00:32 - [TEST_STEP][PASSED] - Statement - If (Checker == false): null

2019-01-03 23:00:32 - [TEST_STEP][PASSED] - Statement - Else: null

2019-01-03 23:00:32 - [TEST_STEP][PASSED] - delay: Delayed 2 second(s)

2019-01-03 23:00:34 - [MESSAGE][PASSED] - Delayed 2 second(s)

2019-01-03 23:00:34 - [TEST_STEP][PASSED] - navigateToUrl: Navigate to 'https://assist2-uat.perkeso.gov.my/web/registration/search/search-pending-case-for-add-supporting-document' successfully

2019-01-03 23:00:34 - [MESSAGE][PASSED] - Navigate to 'https://assist2-uat.perkeso.gov.my/web/registration/search/search-pending-case-for-add-supporting-document' successfully

2019-01-03 23:00:34 - [TEST_STEP][PASSED] - click: Object: 'Object Repository/Final Object Repo/Page_Search Pending Case For Add Suporting Document/Search By' is clicked on

2019-01-03 23:00:35 - [MESSAGE][PASSED] - Object: 'Object Repository/Final Object Repo/Page_Search Pending Case For Add Suporting Document/Search By' is clicked on

2019-01-03 23:00:35 - [TEST_STEP][PASSED] - click: Object: 'Object Repository/Final Object Repo/Page_Search Pending Case For Add Suporting Document/Search By - Reference ID' is clicked on

2019-01-03 23:00:35 - [MESSAGE][PASSED] - Object: 'Object Repository/Final Object Repo/Page_Search Pending Case For Add Suporting Document/Search By - Reference ID' is clicked on

2019-01-03 23:00:35 - [TEST_STEP][PASSED] - delay: Delayed 2 second(s)

2019-01-03 23:00:37 - [MESSAGE][PASSED] - Delayed 2 second(s)

2019-01-03 23:00:37 - [TEST_STEP][PASSED] - setText: Text 'CUN012019C100006187' is set on object 'Object Repository/Final Object Repo/Page_Search Pending Case For Add Suporting Document/Reference ID'

2019-01-03 23:00:37 - [MESSAGE][PASSED] - Text 'CUN012019C100006187' is set on object 'Object Repository/Final Object Repo/Page_Search Pending Case For Add Suporting Document/Reference ID'

2019-01-03 23:00:37 - [TEST_STEP][PASSED] - click: Object: 'Object Repository/Final Object Repo/Page_Search Pending Case For Add Suporting Document/Search' is clicked on

2019-01-03 23:00:37 - [MESSAGE][PASSED] - Object: 'Object Repository/Final Object Repo/Page_Search Pending Case For Add Suporting Document/Search' is clicked on

2019-01-03 23:00:37 - [TEST_STEP][PASSED] - delay: Delayed 2 second(s)

2019-01-03 23:00:39 - [MESSAGE][PASSED] - Delayed 2 second(s)

2019-01-03 23:00:39 - [TEST_STEP][PASSED] - click: Object: 'Object Repository/Final Object Repo/Page_Search Pending Case For Add Suporting Document/Edit' is clicked on

2019-01-03 23:00:43 - [MESSAGE][PASSED] - Object: 'Object Repository/Final Object Repo/Page_Search Pending Case For Add Suporting Document/Edit' is clicked on

2019-01-03 23:00:43 - [MESSAGE][PASSED] - Call Test Case 'Test Cases/Final Aug 2018 - PKS Automation/Registration Module/Workflow/Search Pending Case For Add Supporting Document (OTC)' successfully

2019-01-03 23:00:43 - [TEST_STEP][PASSED] - click: Object: 'Object Repository/Final Object Repo/Page_Update Employer Information/Page_Update Employer Information UO (Query -OTC -UO)/Next' is clicked on

2019-01-03 23:00:46 - [MESSAGE][PASSED] - Object: 'Object Repository/Final Object Repo/Page_Update Employer Information/Page_Update Employer Information UO (Query -OTC -UO)/Next' is clicked on

2019-01-03 23:00:46 - [TEST_STEP][PASSED] - delay: Delayed 2 second(s)

2019-01-03 23:00:48 - [MESSAGE][PASSED] - Delayed 2 second(s)

2019-01-03 23:00:48 - [TEST_STEP][PASSED] - click: Object: 'Object Repository/Final Object Repo/Page_Update Employer Information/Page_Update Employer Information UO (Query -OTC -UO)/Add Document' is clicked on

2019-01-03 23:00:48 - [MESSAGE][PASSED] - Object: 'Object Repository/Final Object Repo/Page_Update Employer Information/Page_Update Employer Information UO (Query -OTC -UO)/Add Document' is clicked on

2019-01-03 23:00:48 - [TEST_STEP][PASSED] - delay: Delayed 2 second(s)

2019-01-03 23:00:50 - [MESSAGE][PASSED] - Delayed 2 second(s)

2019-01-03 23:00:50 - [TEST_STEP][PASSED] - click: Object: 'Object Repository/Final Object Repo/Page_Update Employer Information/Page_Update Employer Information UO (Query -OTC -UO)/Document Type' is clicked on

2019-01-03 23:00:52 - [MESSAGE][PASSED] - Object: 'Object Repository/Final Object Repo/Page_Update Employer Information/Page_Update Employer Information UO (Query -OTC -UO)/Document Type' is clicked on

2019-01-03 23:00:52 - [TEST_STEP][PASSED] - click: Object: 'Object Repository/Final Object Repo/Page_Update Employer Information/Page_Update Employer Information UO (Query -OTC -UO)/Document Type - Other' is clicked on

2019-01-03 23:00:52 - [MESSAGE][PASSED] - Object: 'Object Repository/Final Object Repo/Page_Update Employer Information/Page_Update Employer Information UO (Query -OTC -UO)/Document Type - Other' is clicked on

2019-01-03 23:00:52 - [TEST_STEP][PASSED] - delay: Delayed 2 second(s)

2019-01-03 23:00:54 - [MESSAGE][PASSED] - Delayed 2 second(s)

2019-01-03 23:00:54 - [TEST_STEP][PASSED] - sendKeys: Keys 'C:\Users\Public\Pictures\Sample Pictures\Koala.jpg' sent to object: 'Object Repository/Final Object Repo/Page_Update Employer Information/Page_Update Employer Information UO (Query -OTC -UO)/Uploading File'

2019-01-03 23:00:54 - [MESSAGE][PASSED] - Keys 'C:\Users\Public\Pictures\Sample Pictures\Koala.jpg' sent to object: 'Object Repository/Final Object Repo/Page_Update Employer Information/Page_Update Employer Information UO (Query -OTC -UO)/Uploading File'

2019-01-03 23:00:54 - [TEST_STEP][PASSED] - delay: Delayed 2 second(s)

2019-01-03 23:00:56 - [MESSAGE][PASSED] - Delayed 2 second(s)

2019-01-03 23:00:56 - [TEST_STEP][PASSED] - click: Object: 'Object Repository/Final Object Repo/Page_Update Employer Information/Page_Update Employer Information UO (Query -OTC -UO)/Add Document in Uploading Page' is clicked on

2019-01-03 23:00:56 - [MESSAGE][PASSED] - Object: 'Object Repository/Final Object Repo/Page_Update Employer Information/Page_Update Employer Information UO (Query -OTC -UO)/Add Document in Uploading Page' is clicked on

2019-01-03 23:00:56 - [TEST_STEP][PASSED] - delay: Delayed 2 second(s)

2019-01-03 23:00:58 - [MESSAGE][PASSED] - Delayed 2 second(s)

2019-01-03 23:00:58 - [TEST_STEP][PASSED] - click: Object: 'Object Repository/Final Object Repo/Page_Update Employer Information/Page_Update Employer Information UO (Query -OTC -UO)/Exit' is clicked on

2019-01-03 23:01:01 - [MESSAGE][PASSED] - Object: 'Object Repository/Final Object Repo/Page_Update Employer Information/Page_Update Employer Information UO (Query -OTC -UO)/Exit' is clicked on

2019-01-03 23:01:01 - [TEST_STEP][PASSED] - delay: Delayed 2 second(s)

2019-01-03 23:01:03 - [MESSAGE][PASSED] - Delayed 2 second(s)

2019-01-03 23:01:03 - [TEST_STEP][PASSED] - delay: Delayed 1 second(s)

2019-01-03 23:01:04 - [MESSAGE][PASSED] - Delayed 1 second(s)

2019-01-03 23:01:04 - [TEST_STEP][PASSED] - navigateToUrl: Navigate to 'https://assist2-uat.perkeso.gov.my/c/portal/logout' successfully

2019-01-03 23:01:05 - [MESSAGE][PASSED] - Navigate to 'https://assist2-uat.perkeso.gov.my/c/portal/logout' successfully

2019-01-03 23:01:05 - [TEST_STEP][PASSED] - delay: Delayed 1 second(s)

2019-01-03 23:01:06 - [MESSAGE][PASSED] - Delayed 1 second(s)

2019-01-03 23:01:06 - [TEST_STEP][PASSED] - callTestCase: Call Test Case 'Test Cases/Final Aug 2018 - PKS Automation/Registration Module/Workflow/Login and Search Case For Workflow' successfully

2019-01-03 23:01:06 - [TEST_CASE][PASSED] - Test Cases/Final Aug 2018 - PKS Automation/Registration Module/Workflow/Login and Search Case For Workflow: Test Cases/Final Aug 2018 - PKS Automation/Registration Module/Workflow/Login and Search Case For Workflow

2019-01-03 23:01:06 - [TEST_STEP][PASSED] - navigateToUrl: Navigate to 'https://assist2-uat.perkeso.gov.my/login' successfully

2019-01-03 23:01:06 - [MESSAGE][PASSED] - Navigate to 'https://assist2-uat.perkeso.gov.my/login' successfully

2019-01-03 23:01:06 - [TEST_STEP][PASSED] - setText: Text 'johoruo1@gmail.com' is set on object 'Object Repository/Final Object Repo/Login Page/Internal User/Email Address'

2019-01-03 23:01:06 - [MESSAGE][PASSED] - Text 'johoruo1@gmail.com' is set on object 'Object Repository/Final Object Repo/Login Page/Internal User/Email Address'

2019-01-03 23:01:06 - [TEST_STEP][PASSED] - click: Object: 'Object Repository/Final Object Repo/Login Page/Internal User/Next Button' is clicked on

2019-01-03 23:01:07 - [MESSAGE][PASSED] - Object: 'Object Repository/Final Object Repo/Login Page/Internal User/Next Button' is clicked on

2019-01-03 23:01:07 - [TEST_STEP][PASSED] - delay: Delayed 1 second(s)

2019-01-03 23:01:08 - [MESSAGE][PASSED] - Delayed 1 second(s)

2019-01-03 23:01:08 - [TEST_STEP][PASSED] - setEncryptedText: Text ****** has been set on object 'Object Repository/Final Object Repo/Login Page/Internal User/Password'

2019-01-03 23:01:08 - [MESSAGE][PASSED] - Text ****** has been set on object 'Object Repository/Final Object Repo/Login Page/Internal User/Password'

2019-01-03 23:01:08 - [TEST_STEP][PASSED] - click: Object: 'Object Repository/Final Object Repo/Login Page/Internal User/Login Button' is clicked on

2019-01-03 23:01:08 - [MESSAGE][PASSED] - Object: 'Object Repository/Final Object Repo/Login Page/Internal User/Login Button' is clicked on

2019-01-03 23:01:08 - [TEST_STEP][PASSED] - delay: Delayed 2 second(s)

2019-01-03 23:01:10 - [MESSAGE][PASSED] - Delayed 2 second(s)

2019-01-03 23:01:10 - [TEST_STEP][PASSED] - Statement - Try: Delayed 2 second(s)

2019-01-03 23:01:10 - [TEST_STEP][PASSED] - Statement - Checker = false: null

2019-01-03 23:01:10 - [TEST_STEP][PASSED] - Statement - Checker = com.kms.katalon.core.webui.keyword.WebUiBuiltInKeywords.verifyElementHasAttribute(com.kms.katalon.core.testobject.ObjectRepository.findTestObject(Final Object Repo/Landing Page/BM Detecting), "href", 20, OPTIONAL): Object 'Object Repository/Final Object Repo/Landing Page/BM Detecting' has attribute 'href'

2019-01-03 23:01:10 - [MESSAGE][PASSED] - Object 'Object Repository/Final Object Repo/Landing Page/BM Detecting' has attribute 'href'

2019-01-03 23:01:10 - [TEST_STEP][PASSED] - Statement - out.println(Checker): null

2019-01-03 23:01:10 - [TEST_STEP][PASSED] - Statement - If (Checker == false): null

2019-01-03 23:01:10 - [TEST_STEP][PASSED] - Statement - Else: null

2019-01-03 23:01:10 - [TEST_STEP][PASSED] - delay: Delayed 2 second(s)

2019-01-03 23:01:12 - [MESSAGE][PASSED] - Delayed 2 second(s)

2019-01-03 23:01:12 - [TEST_STEP][PASSED] - click: Object: 'Object Repository/Final Object Repo/Page_MyASSIST - ASSIST - Search Pending Case For Add Supporting Document/Search Information' is clicked on

2019-01-03 23:01:12 - [MESSAGE][PASSED] - Object: 'Object Repository/Final Object Repo/Page_MyASSIST - ASSIST - Search Pending Case For Add Supporting Document/Search Information' is clicked on

2019-01-03 23:01:12 - [TEST_STEP][PASSED] - delay: Delayed 3 second(s)

2019-01-03 23:01:15 - [MESSAGE][PASSED] - Delayed 3 second(s)

2019-01-03 23:01:15 - [TEST_STEP][PASSED] - sendKeys: Keys 'CUN012019C100006187' sent to object: 'Object Repository/Final Object Repo/Page_MyASSIST - ASSIST - Search Pending Case For Add Supporting Document/Reference No'

2019-01-03 23:01:15 - [MESSAGE][PASSED] - Keys 'CUN012019C100006187' sent to object: 'Object Repository/Final Object Repo/Page_MyASSIST - ASSIST - Search Pending Case For Add Supporting Document/Reference No'

2019-01-03 23:01:15 - [TEST_STEP][PASSED] - click: Object: 'Object Repository/Final Object Repo/Page_MyASSIST - ASSIST - Search Pending Case For Add Supporting Document/Search Reference No' is clicked on

2019-01-03 23:01:15 - [MESSAGE][PASSED] - Object: 'Object Repository/Final Object Repo/Page_MyASSIST - ASSIST - Search Pending Case For Add Supporting Document/Search Reference No' is clicked on

2019-01-03 23:01:15 - [TEST_STEP][PASSED] - delay: Delayed 2 second(s)

2019-01-03 23:01:17 - [MESSAGE][PASSED] - Delayed 2 second(s)

2019-01-03 23:01:17 - [TEST_STEP][PASSED] - click: Object: 'Object Repository/Final Object Repo/Page_MyASSIST - ASSIST - Search Pending Case For Add Supporting Document/Continue' is clicked on

2019-01-03 23:01:21 - [MESSAGE][PASSED] - Object: 'Object Repository/Final Object Repo/Page_MyASSIST - ASSIST - Search Pending Case For Add Supporting Document/Continue' is clicked on

2019-01-03 23:01:21 - [TEST_STEP][PASSED] - delay: Delayed 20 second(s)

2019-01-03 23:01:41 - [MESSAGE][PASSED] - Delayed 20 second(s)

2019-01-03 23:01:41 - [MESSAGE][PASSED] - Call Test Case 'Test Cases/Final Aug 2018 - PKS Automation/Registration Module/Workflow/Login and Search Case For Workflow' successfully

2019-01-03 23:01:41 - [TEST_STEP][PASSED] - click: Object: 'Object Repository/Final Object Repo/Page_Update Employer Information/Page_Update Employer Information UO (Approve)/Continue' is clicked on

2019-01-03 23:01:44 - [MESSAGE][PASSED] - Object: 'Object Repository/Final Object Repo/Page_Update Employer Information/Page_Update Employer Information UO (Approve)/Continue' is clicked on

2019-01-03 23:01:44 - [TEST_STEP][PASSED] - delay: Delayed 2 second(s)

2019-01-03 23:01:46 - [MESSAGE][PASSED] - Delayed 2 second(s)

2019-01-03 23:01:46 - [TEST_STEP][PASSED] - click: Object: 'Object Repository/Final Object Repo/Page_Update Employer Information/Page_Update Employer Information UO (Approve)/Save  Continue in Update Employer Information Page' is clicked on

2019-01-03 23:01:47 - [MESSAGE][PASSED] - Object: 'Object Repository/Final Object Repo/Page_Update Employer Information/Page_Update Employer Information UO (Approve)/Save  Continue in Update Employer Information Page' is clicked on

2019-01-03 23:01:47 - [TEST_STEP][PASSED] - delay: Delayed 2 second(s)

2019-01-03 23:01:49 - [MESSAGE][PASSED] - Delayed 2 second(s)

2019-01-03 23:01:49 - [TEST_STEP][PASSED] - click: Object: 'Object Repository/Final Object Repo/Page_Update Employer Information/Page_Update Employer Information UO (Approve)/Save  Continue in Uploading Supporting Document Page' is clicked on

2019-01-03 23:01:51 - [MESSAGE][PASSED] - Object: 'Object Repository/Final Object Repo/Page_Update Employer Information/Page_Update Employer Information UO (Approve)/Save  Continue in Uploading Supporting Document Page' is clicked on

2019-01-03 23:01:51 - [TEST_STEP][PASSED] - delay: Delayed 2 second(s)

2019-01-03 23:01:53 - [MESSAGE][PASSED] - Delayed 2 second(s)

2019-01-03 23:01:53 - [TEST_STEP][PASSED] - click: Object: 'Object Repository/Final Object Repo/Page_Update Employer Information/Page_Update Employer Information UO (Approve)/Approve' is clicked on

2019-01-03 23:01:55 - [MESSAGE][PASSED] - Object: 'Object Repository/Final Object Repo/Page_Update Employer Information/Page_Update Employer Information UO (Approve)/Approve' is clicked on

2019-01-03 23:01:55 - [TEST_STEP][PASSED] - delay: Delayed 2 second(s)

2019-01-03 23:01:57 - [MESSAGE][PASSED] - Delayed 2 second(s)

2019-01-03 23:01:57 - [TEST_STEP][PASSED] - click: Object: 'Object Repository/Final Object Repo/Page_Update Employer Information/Page_Update Employer Information UO (Approve)/Confirm' is clicked on

2019-01-03 23:01:57 - [MESSAGE][PASSED] - Object: 'Object Repository/Final Object Repo/Page_Update Employer Information/Page_Update Employer Information UO (Approve)/Confirm' is clicked on

2019-01-03 23:01:57 - [TEST_STEP][PASSED] - delay: Delayed 2 second(s)

2019-01-03 23:01:59 - [MESSAGE][PASSED] - Delayed 2 second(s)

2019-01-03 23:01:59 - [TEST_STEP][PASSED] - verifyElementVisible: Object 'Object Repository/Final Object Repo/Page_Update Employer Information/Page_Update Employer Information UO (Approve)/Message Your Request' is visible

2019-01-03 23:02:07 - [MESSAGE][PASSED] - Object 'Object Repository/Final Object Repo/Page_Update Employer Information/Page_Update Employer Information UO (Approve)/Message Your Request' is visible

2019-01-03 23:02:07 - [TEST_STEP][PASSED] - verifyElementVisible: Object 'Object Repository/Final Object Repo/Page_Update Employer Information/Page_Update Employer Information UO (Approve)/Letter of successful update' is visible

2019-01-03 23:02:07 - [MESSAGE][PASSED] - Object 'Object Repository/Final Object Repo/Page_Update Employer Information/Page_Update Employer Information UO (Approve)/Letter of successful update' is visible

2019-01-03 23:02:07 - [MESSAGE][PASSED] - Call Test Case 'Test Cases/Final Aug 2018 - PKS Automation/Registration Module/Workflow/Update Employer Information/Template/Update Employer Information - Special Case - UO (Query)' successfully]]></system-out>
         <system-err><![CDATA[]]></system-err>
      </testcase>
      <testcase name="Test Cases/Final Aug 2018 - PKS Automation/Registration Module/Workflow/Update Employer Information/PAU - UO (Reject)" classname="Test Cases/Final Aug 2018 - PKS Automation/Registration Module/Workflow/Update Employer Information/PAU - UO (Reject)" status="PASSED">
         <system-out><![CDATA[2019-01-03 23:02:07 - [TEST_CASE][PASSED] - Test Cases/Final Aug 2018 - PKS Automation/Registration Module/Workflow/Update Employer Information/PAU - UO (Reject): Test Cases/Final Aug 2018 - PKS Automation/Registration Module/Workflow/Update Employer Information/PAU - UO (Reject)

2019-01-03 23:02:07 - [TEST_STEP][PASSED] - callTestCase: Call Test Case 'Test Cases/Final Aug 2018 - PKS Automation/Registration Module/Workflow/Update Employer Information/Template/Update Employer Information - Special Case (PAU)' successfully

2019-01-03 23:02:07 - [TEST_CASE][PASSED] - Test Cases/Final Aug 2018 - PKS Automation/Registration Module/Workflow/Update Employer Information/Template/Update Employer Information - Special Case (PAU): Test Cases/Final Aug 2018 - PKS Automation/Registration Module/Workflow/Update Employer Information/Template/Update Employer Information - Special Case (PAU)

2019-01-03 23:02:07 - [TEST_STEP][PASSED] - openBrowser: Browser is opened with url: ''

2019-01-03 23:02:07 - [MESSAGE][WARNING] - A browser is already opened. Closing browser and opening a new one

2019-01-03 23:02:11 - [MESSAGE][PASSED] - Browser is opened with url: ''

2019-01-03 23:02:11 - [TEST_STEP][PASSED] - navigateToUrl: Navigate to 'https://assist2-uat.perkeso.gov.my/login' successfully

2019-01-03 23:02:12 - [MESSAGE][PASSED] - Navigate to 'https://assist2-uat.perkeso.gov.my/login' successfully

2019-01-03 23:02:12 - [TEST_STEP][PASSED] - setText: Text 'johorpau1@gmail.com' is set on object 'Object Repository/Final Object Repo/Login Page/Internal User/Email Address'

2019-01-03 23:02:12 - [MESSAGE][PASSED] - Text 'johorpau1@gmail.com' is set on object 'Object Repository/Final Object Repo/Login Page/Internal User/Email Address'

2019-01-03 23:02:12 - [TEST_STEP][PASSED] - click: Object: 'Object Repository/Final Object Repo/Login Page/Internal User/Next Button' is clicked on

2019-01-03 23:02:12 - [MESSAGE][PASSED] - Object: 'Object Repository/Final Object Repo/Login Page/Internal User/Next Button' is clicked on

2019-01-03 23:02:12 - [TEST_STEP][PASSED] - delay: Delayed 1 second(s)

2019-01-03 23:02:13 - [MESSAGE][PASSED] - Delayed 1 second(s)

2019-01-03 23:02:13 - [TEST_STEP][PASSED] - setEncryptedText: Text ****** has been set on object 'Object Repository/Final Object Repo/Login Page/Internal User/Password'

2019-01-03 23:02:14 - [MESSAGE][PASSED] - Text ****** has been set on object 'Object Repository/Final Object Repo/Login Page/Internal User/Password'

2019-01-03 23:02:14 - [TEST_STEP][PASSED] - click: Object: 'Object Repository/Final Object Repo/Login Page/Internal User/Login Button' is clicked on

2019-01-03 23:02:14 - [MESSAGE][PASSED] - Object: 'Object Repository/Final Object Repo/Login Page/Internal User/Login Button' is clicked on

2019-01-03 23:02:14 - [TEST_STEP][PASSED] - Statement - tester = com.kms.katalon.core.testobject.ObjectRepository.findTestObject(Final Object Repo/Landing Page/Select to English): Finding Test Object with id 'Object Repository/Final Object Repo/Landing Page/Select to English'

2019-01-03 23:02:14 - [TEST_STEP][PASSED] - Statement - Try: Delayed 2 second(s)

2019-01-03 23:02:14 - [TEST_STEP][PASSED] - Statement - Checker = com.kms.katalon.core.webui.keyword.WebUiBuiltInKeywords.verifyElementNotPresent(tester, 3): Web element with id: 'Object Repository/Final Object Repo/Landing Page/Select to English' located by 'By.xpath: //a[@class = 'taglib-language-list-text' and @lang = 'en-US' and (contains(text(), 'EN') or contains(., 'EN'))]' is not present after '3' second(s)

2019-01-03 23:02:15 - [MESSAGE][PASSED] - Web element with id: 'Object Repository/Final Object Repo/Landing Page/Select to English' located by 'By.xpath: //a[@class = 'taglib-language-list-text' and @lang = 'en-US' and (contains(text(), 'EN') or contains(., 'EN'))]' is not present after '3' second(s)

2019-01-03 23:02:15 - [TEST_STEP][PASSED] - Statement - If (Checker == false): null

2019-01-03 23:02:15 - [TEST_STEP][PASSED] - delay: Delayed 2 second(s)

2019-01-03 23:02:17 - [MESSAGE][PASSED] - Delayed 2 second(s)

2019-01-03 23:02:17 - [TEST_STEP][PASSED] - delay: Delayed 5 second(s)

2019-01-03 23:02:22 - [MESSAGE][PASSED] - Delayed 5 second(s)

2019-01-03 23:02:22 - [TEST_STEP][PASSED] - navigateToUrl: Navigate to 'https://assist2-uat.perkeso.gov.my/web/registration/update/update-employer-information' successfully

2019-01-03 23:02:23 - [MESSAGE][PASSED] - Navigate to 'https://assist2-uat.perkeso.gov.my/web/registration/update/update-employer-information' successfully

2019-01-03 23:02:23 - [TEST_STEP][PASSED] - setText: Text 'E1102001065V ' is set on object 'Object Repository/Final Object Repo/Page_Update Employer Information/Employer Code'

2019-01-03 23:02:24 - [MESSAGE][PASSED] - Text 'E1102001065V ' is set on object 'Object Repository/Final Object Repo/Page_Update Employer Information/Employer Code'

2019-01-03 23:02:24 - [TEST_STEP][PASSED] - click: Object: 'Object Repository/Final Object Repo/Page_Update Employer Information/Search Button' is clicked on

2019-01-03 23:02:24 - [MESSAGE][PASSED] - Object: 'Object Repository/Final Object Repo/Page_Update Employer Information/Search Button' is clicked on

2019-01-03 23:02:24 - [TEST_STEP][PASSED] - click: Object: 'Object Repository/Final Object Repo/Page_Update Employer Information/Edit Button' is clicked on

2019-01-03 23:02:27 - [MESSAGE][PASSED] - Object: 'Object Repository/Final Object Repo/Page_Update Employer Information/Edit Button' is clicked on

2019-01-03 23:02:27 - [TEST_STEP][PASSED] - click: Object: 'Object Repository/Final Object Repo/Page_Update Employer Information/Business Entity' is clicked on

2019-01-03 23:02:27 - [MESSAGE][PASSED] - Object: 'Object Repository/Final Object Repo/Page_Update Employer Information/Business Entity' is clicked on

2019-01-03 23:02:27 - [TEST_STEP][PASSED] - Statement - CurrentBusinessEntity = "": null

2019-01-03 23:02:27 - [TEST_STEP][PASSED] - Statement - CurrentBusinessEntity = com.kms.katalon.core.webui.keyword.WebUiBuiltInKeywords.getText(com.kms.katalon.core.testobject.ObjectRepository.findTestObject(Final Object Repo/Page_Update Employer Information/Current Business Entity)): Text of object 'Object Repository/Final Object Repo/Page_Update Employer Information/Current Business Entity' is: 'Partnership'

2019-01-03 23:02:27 - [MESSAGE][PASSED] - Text of object 'Object Repository/Final Object Repo/Page_Update Employer Information/Current Business Entity' is: 'Partnership'

2019-01-03 23:02:27 - [TEST_STEP][PASSED] - Statement - out.println(CurrentBusinessEntity): null

2019-01-03 23:02:27 - [TEST_STEP][PASSED] - Statement - If (CurrentBusinessEntity == "Corporation"): null

2019-01-03 23:02:27 - [TEST_STEP][PASSED] - Statement - Else If (CurrentBusinessEntity == "Partnership"): Delayed 3 second(s)

2019-01-03 23:02:27 - [TEST_STEP][PASSED] - Statement - obj = com.kms.katalon.core.webui.keyword.WebUiBuiltInKeywords.modifyObjectProperty(com.kms.katalon.core.testobject.ObjectRepository.findTestObject(Final Object Repo/Page_Update Employer Information/change to this Business Entity), "xpath", "equals", "//ul/li/span[contains(text(),"Sole Proprietor / Individual Business")]", true, STOP_ON_FAILURE): Modify property of object successfully

2019-01-03 23:02:27 - [MESSAGE][PASSED] - Modify property of object successfully

2019-01-03 23:02:27 - [TEST_STEP][PASSED] - click: Object: 'Object Repository/Final Object Repo/Page_Update Employer Information/change to this Business Entity' is clicked on

2019-01-03 23:02:28 - [MESSAGE][PASSED] - Object: 'Object Repository/Final Object Repo/Page_Update Employer Information/change to this Business Entity' is clicked on

2019-01-03 23:02:28 - [TEST_STEP][PASSED] - delay: Delayed 1 second(s)

2019-01-03 23:02:29 - [MESSAGE][PASSED] - Delayed 1 second(s)

2019-01-03 23:02:29 - [TEST_STEP][PASSED] - click: Object: 'Object Repository/Final Object Repo/Page_Update Employer Information/Sub Business Entity' is clicked on

2019-01-03 23:02:29 - [MESSAGE][PASSED] - Object: 'Object Repository/Final Object Repo/Page_Update Employer Information/Sub Business Entity' is clicked on

2019-01-03 23:02:29 - [TEST_STEP][PASSED] - click: Object: 'Object Repository/Final Object Repo/Page_Update Employer Information/Sub Business Entity - Sole Properietor - Registered with other Agencies' is clicked on

2019-01-03 23:02:29 - [MESSAGE][PASSED] - Object: 'Object Repository/Final Object Repo/Page_Update Employer Information/Sub Business Entity - Sole Properietor - Registered with other Agencies' is clicked on

2019-01-03 23:02:29 - [TEST_STEP][PASSED] - delay: Delayed 3 second(s)

2019-01-03 23:02:32 - [MESSAGE][PASSED] - Delayed 3 second(s)

2019-01-03 23:02:32 - [TEST_STEP][PASSED] - delay: Delayed 4 second(s)

2019-01-03 23:02:36 - [MESSAGE][PASSED] - Delayed 4 second(s)

2019-01-03 23:02:36 - [TEST_STEP][PASSED] - click: Object: 'Object Repository/Final Object Repo/Page_Update Employer Information/Save  Continue' is clicked on

2019-01-03 23:02:36 - [MESSAGE][PASSED] - Object: 'Object Repository/Final Object Repo/Page_Update Employer Information/Save  Continue' is clicked on

2019-01-03 23:02:36 - [TEST_STEP][PASSED] - delay: Delayed 4 second(s)

2019-01-03 23:02:40 - [MESSAGE][PASSED] - Delayed 4 second(s)

2019-01-03 23:02:40 - [TEST_STEP][PASSED] - click: Object: 'Object Repository/Final Object Repo/Page_Update Employer Information/Save  Continue (1)' is clicked on

2019-01-03 23:02:41 - [MESSAGE][PASSED] - Object: 'Object Repository/Final Object Repo/Page_Update Employer Information/Save  Continue (1)' is clicked on

2019-01-03 23:02:41 - [TEST_STEP][PASSED] - delay: Delayed 4 second(s)

2019-01-03 23:02:45 - [MESSAGE][PASSED] - Delayed 4 second(s)

2019-01-03 23:02:45 - [TEST_STEP][PASSED] - Statement - CaseReferenceNo = com.kms.katalon.core.webui.keyword.WebUiBuiltInKeywords.getText(com.kms.katalon.core.testobject.ObjectRepository.findTestObject(Final Object Repo/Page_Update Employer Information/Reference Number in Update Employee Information Page)): Text of object 'Object Repository/Final Object Repo/Page_Update Employer Information/Reference Number in Update Employee Information Page' is: 'CUN012019C100006188'

2019-01-03 23:02:45 - [MESSAGE][PASSED] - Text of object 'Object Repository/Final Object Repo/Page_Update Employer Information/Reference Number in Update Employee Information Page' is: 'CUN012019C100006188'

2019-01-03 23:02:45 - [TEST_STEP][PASSED] - callTestCase: Call Test Case 'Test Cases/Final Aug 2018 - PKS Automation/Common/Reference Number Setter' successfully

2019-01-03 23:02:45 - [TEST_CASE][PASSED] - Test Cases/Final Aug 2018 - PKS Automation/Common/Reference Number Setter: Test Cases/Final Aug 2018 - PKS Automation/Common/Reference Number Setter

2019-01-03 23:02:45 - [TEST_STEP][PASSED] - Statement - RefNoOldFile = new java.io.File(C://Users//Admin//Desktop//PKS//Automation Reference Point//KatalonReference.txt): null

2019-01-03 23:02:45 - [TEST_STEP][PASSED] - Statement - RefNoOldFile.delete(): null

2019-01-03 23:02:45 - [TEST_STEP][PASSED] - delay: Delayed 5 second(s)

2019-01-03 23:02:50 - [MESSAGE][PASSED] - Delayed 5 second(s)

2019-01-03 23:02:50 - [TEST_STEP][PASSED] - Statement - RefNo = new java.io.File(C://Users//Admin//Desktop//PKS//Automation Reference Point//KatalonReference.txt): null

2019-01-03 23:02:50 - [TEST_STEP][PASSED] - Statement - f2 = new java.io.FileWriter(RefNo, false): null

2019-01-03 23:02:50 - [TEST_STEP][PASSED] - Statement - f2.write(CaseReferenceNo): null

2019-01-03 23:02:50 - [TEST_STEP][PASSED] - Statement - f2.close(): null

2019-01-03 23:02:50 - [TEST_STEP][PASSED] - Statement - out.println("


" + CaseReferenceNo + "


"): null

2019-01-03 23:02:50 - [MESSAGE][PASSED] - Call Test Case 'Test Cases/Final Aug 2018 - PKS Automation/Common/Reference Number Setter' successfully

2019-01-03 23:02:50 - [TEST_STEP][PASSED] - delay: Delayed 4 second(s)

2019-01-03 23:02:54 - [MESSAGE][PASSED] - Delayed 4 second(s)

2019-01-03 23:02:54 - [TEST_STEP][PASSED] - click: Object: 'Object Repository/Final Object Repo/Page_Update Employer Information/Submit - Copy' is clicked on

2019-01-03 23:02:54 - [MESSAGE][PASSED] - Object: 'Object Repository/Final Object Repo/Page_Update Employer Information/Submit - Copy' is clicked on

2019-01-03 23:02:54 - [TEST_STEP][PASSED] - delay: Delayed 2 second(s)

2019-01-03 23:02:56 - [MESSAGE][PASSED] - Delayed 2 second(s)

2019-01-03 23:02:56 - [TEST_STEP][PASSED] - click: Object: 'Object Repository/Final Object Repo/Page_Update Employer Information/Confirm' is clicked on

2019-01-03 23:02:56 - [MESSAGE][PASSED] - Object: 'Object Repository/Final Object Repo/Page_Update Employer Information/Confirm' is clicked on

2019-01-03 23:02:56 - [TEST_STEP][PASSED] - delay: Delayed 2 second(s)

2019-01-03 23:02:58 - [MESSAGE][PASSED] - Delayed 2 second(s)

2019-01-03 23:02:58 - [TEST_STEP][PASSED] - click: Object: 'Object Repository/Final Object Repo/Page_Update Employer Information/Message Your Request will be route' is clicked on

2019-01-03 23:03:00 - [MESSAGE][PASSED] - Object: 'Object Repository/Final Object Repo/Page_Update Employer Information/Message Your Request will be route' is clicked on

2019-01-03 23:03:00 - [MESSAGE][PASSED] - Call Test Case 'Test Cases/Final Aug 2018 - PKS Automation/Registration Module/Workflow/Update Employer Information/Template/Update Employer Information - Special Case (PAU)' successfully

2019-01-03 23:03:00 - [TEST_STEP][PASSED] - callTestCase: Call Test Case 'Test Cases/Final Aug 2018 - PKS Automation/Registration Module/Workflow/Update Employer Information/Template/Update Employer Information - Special Case - UO (Reject)' successfully

2019-01-03 23:03:00 - [TEST_CASE][PASSED] - Test Cases/Final Aug 2018 - PKS Automation/Registration Module/Workflow/Update Employer Information/Template/Update Employer Information - Special Case - UO (Reject): Test Cases/Final Aug 2018 - PKS Automation/Registration Module/Workflow/Update Employer Information/Template/Update Employer Information - Special Case - UO (Reject)

2019-01-03 23:03:00 - [TEST_STEP][NOT_RUN] - callTestCase: NOT_RUN: callTestCase

2019-01-03 23:03:00 - [MESSAGE][NOT_RUN] - NOT_RUN: callTestCase

2019-01-03 23:03:00 - [TEST_STEP][PASSED] - delay: Delayed 1 second(s)

2019-01-03 23:03:01 - [MESSAGE][PASSED] - Delayed 1 second(s)

2019-01-03 23:03:01 - [TEST_STEP][PASSED] - navigateToUrl: Navigate to 'https://assist2-uat.perkeso.gov.my/c/portal/logout' successfully

2019-01-03 23:03:02 - [MESSAGE][PASSED] - Navigate to 'https://assist2-uat.perkeso.gov.my/c/portal/logout' successfully

2019-01-03 23:03:02 - [TEST_STEP][PASSED] - delay: Delayed 1 second(s)

2019-01-03 23:03:03 - [MESSAGE][PASSED] - Delayed 1 second(s)

2019-01-03 23:03:03 - [TEST_STEP][PASSED] - callTestCase: Call Test Case 'Test Cases/Final Aug 2018 - PKS Automation/Common/Reference Number Getter' successfully

2019-01-03 23:03:03 - [TEST_CASE][PASSED] - Test Cases/Final Aug 2018 - PKS Automation/Common/Reference Number Getter: Test Cases/Final Aug 2018 - PKS Automation/Common/Reference Number Getter

2019-01-03 23:03:03 - [TEST_STEP][PASSED] - Statement - Try: null

2019-01-03 23:03:03 - [TEST_STEP][PASSED] - Statement - RefNo = new java.io.File(C://Users//Admin//Desktop//PKS//Automation Reference Point//KatalonReference.txt): null

2019-01-03 23:03:03 - [TEST_STEP][PASSED] - Statement - bufferread = new java.io.BufferedReader(new java.io.FileReader(RefNo)): null

2019-01-03 23:03:03 - [TEST_STEP][PASSED] - Statement - readedVal = bufferread.readLine(): null

2019-01-03 23:03:03 - [TEST_STEP][PASSED] - Statement - out.println(CaseReferenceNo): null

2019-01-03 23:03:03 - [TEST_STEP][PASSED] - Statement - out.println(readedVal): null

2019-01-03 23:03:03 - [TEST_STEP][PASSED] - Statement - CaseReferenceNo = "": null

2019-01-03 23:03:03 - [TEST_STEP][PASSED] - Statement - CaseReferenceNo = readedVal: null

2019-01-03 23:03:03 - [MESSAGE][PASSED] - Call Test Case 'Test Cases/Final Aug 2018 - PKS Automation/Common/Reference Number Getter' successfully

2019-01-03 23:03:03 - [TEST_STEP][PASSED] - callTestCase: Call Test Case 'Test Cases/Final Aug 2018 - PKS Automation/Common/Workflow Owner Finder' successfully

2019-01-03 23:03:03 - [TEST_CASE][PASSED] - Test Cases/Final Aug 2018 - PKS Automation/Common/Workflow Owner Finder: Test Cases/Final Aug 2018 - PKS Automation/Common/Workflow Owner Finder

2019-01-03 23:03:03 - [TEST_STEP][PASSED] - openBrowser: Browser is opened with url: ''

2019-01-03 23:03:03 - [MESSAGE][WARNING] - A browser is already opened. Closing browser and opening a new one

2019-01-03 23:03:07 - [MESSAGE][PASSED] - Browser is opened with url: ''

2019-01-03 23:03:07 - [TEST_STEP][PASSED] - navigateToUrl: Navigate to 'https://assist2-uat.perkeso.gov.my/login' successfully

2019-01-03 23:03:09 - [MESSAGE][PASSED] - Navigate to 'https://assist2-uat.perkeso.gov.my/login' successfully

2019-01-03 23:03:09 - [TEST_STEP][PASSED] - delay: Delayed 5 second(s)

2019-01-03 23:03:14 - [MESSAGE][PASSED] - Delayed 5 second(s)

2019-01-03 23:03:14 - [TEST_STEP][PASSED] - setText: Text 'test@liferay.com' is set on object 'Object Repository/Final Object Repo/Login Page/Internal User/Email Address'

2019-01-03 23:03:14 - [MESSAGE][PASSED] - Text 'test@liferay.com' is set on object 'Object Repository/Final Object Repo/Login Page/Internal User/Email Address'

2019-01-03 23:03:14 - [TEST_STEP][PASSED] - click: Object: 'Object Repository/Final Object Repo/Login Page/Internal User/Next Button' is clicked on

2019-01-03 23:03:14 - [MESSAGE][PASSED] - Object: 'Object Repository/Final Object Repo/Login Page/Internal User/Next Button' is clicked on

2019-01-03 23:03:14 - [TEST_STEP][PASSED] - delay: Delayed 2 second(s)

2019-01-03 23:03:16 - [MESSAGE][PASSED] - Delayed 2 second(s)

2019-01-03 23:03:16 - [TEST_STEP][PASSED] - setText: Text 'test' is set on object 'Object Repository/Final Object Repo/Login Page/Internal User/Password'

2019-01-03 23:03:16 - [MESSAGE][PASSED] - Text 'test' is set on object 'Object Repository/Final Object Repo/Login Page/Internal User/Password'

2019-01-03 23:03:16 - [TEST_STEP][PASSED] - delay: Delayed 2 second(s)

2019-01-03 23:03:18 - [MESSAGE][PASSED] - Delayed 2 second(s)

2019-01-03 23:03:18 - [TEST_STEP][PASSED] - click: Object: 'Object Repository/Final Object Repo/Login Page/Internal User/Login Button' is clicked on

2019-01-03 23:03:19 - [MESSAGE][PASSED] - Object: 'Object Repository/Final Object Repo/Login Page/Internal User/Login Button' is clicked on

2019-01-03 23:03:19 - [TEST_STEP][PASSED] - Statement - tester = com.kms.katalon.core.testobject.ObjectRepository.findTestObject(Final Object Repo/Landing Page/Select to English): Finding Test Object with id 'Object Repository/Final Object Repo/Landing Page/Select to English'

2019-01-03 23:03:19 - [TEST_STEP][PASSED] - Statement - Try: Delayed 2 second(s)

2019-01-03 23:03:19 - [TEST_STEP][PASSED] - Statement - Checker = com.kms.katalon.core.webui.keyword.WebUiBuiltInKeywords.verifyElementNotPresent(tester, 3): Web element with id: 'Object Repository/Final Object Repo/Landing Page/Select to English' located by 'By.xpath: //a[@class = 'taglib-language-list-text' and @lang = 'en-US' and (contains(text(), 'EN') or contains(., 'EN'))]' is not present after '3' second(s)

2019-01-03 23:03:21 - [MESSAGE][PASSED] - Web element with id: 'Object Repository/Final Object Repo/Landing Page/Select to English' located by 'By.xpath: //a[@class = 'taglib-language-list-text' and @lang = 'en-US' and (contains(text(), 'EN') or contains(., 'EN'))]' is not present after '3' second(s)

2019-01-03 23:03:21 - [TEST_STEP][PASSED] - Statement - If (Checker == false): null

2019-01-03 23:03:21 - [TEST_STEP][PASSED] - delay: Delayed 2 second(s)

2019-01-03 23:03:23 - [MESSAGE][PASSED] - Delayed 2 second(s)

2019-01-03 23:03:23 - [TEST_STEP][PASSED] - delay: Delayed 5 second(s)

2019-01-03 23:03:28 - [MESSAGE][PASSED] - Delayed 5 second(s)

2019-01-03 23:03:28 - [TEST_STEP][PASSED] - mouseOver: Object: 'Object Repository/Final Object Repo/Landing Page/WorkFlow Menu' is hovered

2019-01-03 23:03:28 - [MESSAGE][PASSED] - Object: 'Object Repository/Final Object Repo/Landing Page/WorkFlow Menu' is hovered

2019-01-03 23:03:28 - [TEST_STEP][PASSED] - delay: Delayed 2 second(s)

2019-01-03 23:03:30 - [MESSAGE][PASSED] - Delayed 2 second(s)

2019-01-03 23:03:30 - [TEST_STEP][PASSED] - click: Object: 'Object Repository/Final Object Repo/Landing Page/Select to Workflow Listing' is clicked on

2019-01-03 23:03:31 - [MESSAGE][PASSED] - Object: 'Object Repository/Final Object Repo/Landing Page/Select to Workflow Listing' is clicked on

2019-01-03 23:03:31 - [TEST_STEP][PASSED] - delay: Delayed 2 second(s)

2019-01-03 23:03:33 - [MESSAGE][PASSED] - Delayed 2 second(s)

2019-01-03 23:03:33 - [TEST_STEP][PASSED] - click: Object: 'Object Repository/Final Object Repo/WorkFlow Listing Page/Search Information - To Put Ref No' is clicked on

2019-01-03 23:03:33 - [MESSAGE][PASSED] - Object: 'Object Repository/Final Object Repo/WorkFlow Listing Page/Search Information - To Put Ref No' is clicked on

2019-01-03 23:03:33 - [TEST_STEP][PASSED] - delay: Delayed 2 second(s)

2019-01-03 23:03:35 - [MESSAGE][PASSED] - Delayed 2 second(s)

2019-01-03 23:03:35 - [TEST_STEP][PASSED] - callTestCase: Call Test Case 'Test Cases/Final Aug 2018 - PKS Automation/Common/Reference Number Getter' successfully

2019-01-03 23:03:35 - [TEST_CASE][PASSED] - Test Cases/Final Aug 2018 - PKS Automation/Common/Reference Number Getter: Test Cases/Final Aug 2018 - PKS Automation/Common/Reference Number Getter

2019-01-03 23:03:35 - [TEST_STEP][PASSED] - Statement - Try: null

2019-01-03 23:03:35 - [TEST_STEP][PASSED] - Statement - RefNo = new java.io.File(C://Users//Admin//Desktop//PKS//Automation Reference Point//KatalonReference.txt): null

2019-01-03 23:03:35 - [TEST_STEP][PASSED] - Statement - bufferread = new java.io.BufferedReader(new java.io.FileReader(RefNo)): null

2019-01-03 23:03:35 - [TEST_STEP][PASSED] - Statement - readedVal = bufferread.readLine(): null

2019-01-03 23:03:35 - [TEST_STEP][PASSED] - Statement - out.println(CaseReferenceNo): null

2019-01-03 23:03:35 - [TEST_STEP][PASSED] - Statement - out.println(readedVal): null

2019-01-03 23:03:35 - [TEST_STEP][PASSED] - Statement - CaseReferenceNo = "": null

2019-01-03 23:03:35 - [TEST_STEP][PASSED] - Statement - CaseReferenceNo = readedVal: null

2019-01-03 23:03:35 - [MESSAGE][PASSED] - Call Test Case 'Test Cases/Final Aug 2018 - PKS Automation/Common/Reference Number Getter' successfully

2019-01-03 23:03:35 - [TEST_STEP][PASSED] - setText: Text 'CUN012019C100006188' is set on object 'Object Repository/Final Object Repo/WorkFlow Listing Page/Ref No Set Text'

2019-01-03 23:03:35 - [MESSAGE][PASSED] - Text 'CUN012019C100006188' is set on object 'Object Repository/Final Object Repo/WorkFlow Listing Page/Ref No Set Text'

2019-01-03 23:03:35 - [TEST_STEP][PASSED] - delay: Delayed 2 second(s)

2019-01-03 23:03:37 - [MESSAGE][PASSED] - Delayed 2 second(s)

2019-01-03 23:03:37 - [TEST_STEP][PASSED] - click: Object: 'Object Repository/Final Object Repo/WorkFlow Listing Page/Search Ref No Search Button' is clicked on

2019-01-03 23:03:37 - [MESSAGE][PASSED] - Object: 'Object Repository/Final Object Repo/WorkFlow Listing Page/Search Ref No Search Button' is clicked on

2019-01-03 23:03:37 - [TEST_STEP][PASSED] - delay: Delayed 6 second(s)

2019-01-03 23:03:43 - [MESSAGE][PASSED] - Delayed 6 second(s)

2019-01-03 23:03:43 - [TEST_STEP][PASSED] - click: Object: 'Object Repository/Final Object Repo/WorkFlow Listing Page/Click Continue Tooltip' is clicked on

2019-01-03 23:03:44 - [MESSAGE][PASSED] - Object: 'Object Repository/Final Object Repo/WorkFlow Listing Page/Click Continue Tooltip' is clicked on

2019-01-03 23:03:44 - [TEST_STEP][PASSED] - delay: Delayed 5 second(s)

2019-01-03 23:03:49 - [MESSAGE][PASSED] - Delayed 5 second(s)

2019-01-03 23:03:49 - [TEST_STEP][PASSED] - doubleClick: Object: 'Object Repository/Final Object Repo/WorkFlow Listing Page/Workflow Found - Listing 1' is double clicked on

2019-01-03 23:03:49 - [MESSAGE][PASSED] - Object: 'Object Repository/Final Object Repo/WorkFlow Listing Page/Workflow Found - Listing 1' is double clicked on

2019-01-03 23:03:49 - [TEST_STEP][PASSED] - Statement - println(OwnerID): null

2019-01-03 23:03:49 - [TEST_STEP][PASSED] - Statement - OwnerID = com.kms.katalon.core.webui.keyword.WebUiBuiltInKeywords.getText(com.kms.katalon.core.testobject.ObjectRepository.findTestObject(Final Object Repo/WorkFlow Listing Page/Workflow Found - Listing 1), STOP_ON_FAILURE): Text of object 'Object Repository/Final Object Repo/WorkFlow Listing Page/Workflow Found - Listing 1' is: 'JOHORuo2'

2019-01-03 23:03:50 - [MESSAGE][PASSED] - Text of object 'Object Repository/Final Object Repo/WorkFlow Listing Page/Workflow Found - Listing 1' is: 'JOHORuo2'

2019-01-03 23:03:50 - [TEST_STEP][PASSED] - Statement - OwnerID = OwnerID.toLowerCase() + "@gmail.com": null

2019-01-03 23:03:50 - [TEST_STEP][PASSED] - Statement - println(OwnerID): null

2019-01-03 23:03:50 - [TEST_STEP][PASSED] - delay: Delayed 2 second(s)

2019-01-03 23:03:52 - [MESSAGE][PASSED] - Delayed 2 second(s)

2019-01-03 23:03:52 - [MESSAGE][PASSED] - Call Test Case 'Test Cases/Final Aug 2018 - PKS Automation/Common/Workflow Owner Finder' successfully

2019-01-03 23:03:52 - [TEST_STEP][PASSED] - delay: Delayed 1 second(s)

2019-01-03 23:03:53 - [MESSAGE][PASSED] - Delayed 1 second(s)

2019-01-03 23:03:53 - [TEST_STEP][PASSED] - navigateToUrl: Navigate to 'https://assist2-uat.perkeso.gov.my/c/portal/logout' successfully

2019-01-03 23:03:53 - [MESSAGE][PASSED] - Navigate to 'https://assist2-uat.perkeso.gov.my/c/portal/logout' successfully

2019-01-03 23:03:53 - [TEST_STEP][PASSED] - delay: Delayed 1 second(s)

2019-01-03 23:03:54 - [MESSAGE][PASSED] - Delayed 1 second(s)

2019-01-03 23:03:54 - [TEST_STEP][PASSED] - callTestCase: Call Test Case 'Test Cases/Final Aug 2018 - PKS Automation/Registration Module/Workflow/Login and Search Case For Workflow' successfully

2019-01-03 23:03:54 - [TEST_CASE][PASSED] - Test Cases/Final Aug 2018 - PKS Automation/Registration Module/Workflow/Login and Search Case For Workflow: Test Cases/Final Aug 2018 - PKS Automation/Registration Module/Workflow/Login and Search Case For Workflow

2019-01-03 23:03:54 - [TEST_STEP][PASSED] - navigateToUrl: Navigate to 'https://assist2-uat.perkeso.gov.my/login' successfully

2019-01-03 23:03:55 - [MESSAGE][PASSED] - Navigate to 'https://assist2-uat.perkeso.gov.my/login' successfully

2019-01-03 23:03:55 - [TEST_STEP][PASSED] - setText: Text 'johoruo2@gmail.com' is set on object 'Object Repository/Final Object Repo/Login Page/Internal User/Email Address'

2019-01-03 23:03:55 - [MESSAGE][PASSED] - Text 'johoruo2@gmail.com' is set on object 'Object Repository/Final Object Repo/Login Page/Internal User/Email Address'

2019-01-03 23:03:55 - [TEST_STEP][PASSED] - click: Object: 'Object Repository/Final Object Repo/Login Page/Internal User/Next Button' is clicked on

2019-01-03 23:03:55 - [MESSAGE][PASSED] - Object: 'Object Repository/Final Object Repo/Login Page/Internal User/Next Button' is clicked on

2019-01-03 23:03:55 - [TEST_STEP][PASSED] - delay: Delayed 1 second(s)

2019-01-03 23:03:56 - [MESSAGE][PASSED] - Delayed 1 second(s)

2019-01-03 23:03:56 - [TEST_STEP][PASSED] - setEncryptedText: Text ****** has been set on object 'Object Repository/Final Object Repo/Login Page/Internal User/Password'

2019-01-03 23:03:57 - [MESSAGE][PASSED] - Text ****** has been set on object 'Object Repository/Final Object Repo/Login Page/Internal User/Password'

2019-01-03 23:03:57 - [TEST_STEP][PASSED] - click: Object: 'Object Repository/Final Object Repo/Login Page/Internal User/Login Button' is clicked on

2019-01-03 23:03:57 - [MESSAGE][PASSED] - Object: 'Object Repository/Final Object Repo/Login Page/Internal User/Login Button' is clicked on

2019-01-03 23:03:57 - [TEST_STEP][PASSED] - delay: Delayed 2 second(s)

2019-01-03 23:03:59 - [MESSAGE][PASSED] - Delayed 2 second(s)

2019-01-03 23:03:59 - [TEST_STEP][PASSED] - Statement - Try: Delayed 2 second(s)

2019-01-03 23:03:59 - [TEST_STEP][PASSED] - Statement - Checker = false: null

2019-01-03 23:03:59 - [TEST_STEP][PASSED] - Statement - Checker = com.kms.katalon.core.webui.keyword.WebUiBuiltInKeywords.verifyElementHasAttribute(com.kms.katalon.core.testobject.ObjectRepository.findTestObject(Final Object Repo/Landing Page/BM Detecting), "href", 20, OPTIONAL): Object 'Object Repository/Final Object Repo/Landing Page/BM Detecting' has attribute 'href'

2019-01-03 23:03:59 - [MESSAGE][PASSED] - Object 'Object Repository/Final Object Repo/Landing Page/BM Detecting' has attribute 'href'

2019-01-03 23:03:59 - [TEST_STEP][PASSED] - Statement - out.println(Checker): null

2019-01-03 23:03:59 - [TEST_STEP][PASSED] - Statement - If (Checker == false): null

2019-01-03 23:03:59 - [TEST_STEP][PASSED] - Statement - Else: null

2019-01-03 23:03:59 - [TEST_STEP][PASSED] - delay: Delayed 2 second(s)

2019-01-03 23:04:01 - [MESSAGE][PASSED] - Delayed 2 second(s)

2019-01-03 23:04:01 - [TEST_STEP][PASSED] - click: Object: 'Object Repository/Final Object Repo/Page_MyASSIST - ASSIST - Search Pending Case For Add Supporting Document/Search Information' is clicked on

2019-01-03 23:04:01 - [MESSAGE][PASSED] - Object: 'Object Repository/Final Object Repo/Page_MyASSIST - ASSIST - Search Pending Case For Add Supporting Document/Search Information' is clicked on

2019-01-03 23:04:01 - [TEST_STEP][PASSED] - delay: Delayed 3 second(s)

2019-01-03 23:04:04 - [MESSAGE][PASSED] - Delayed 3 second(s)

2019-01-03 23:04:04 - [TEST_STEP][PASSED] - sendKeys: Keys 'CUN012019C100006188' sent to object: 'Object Repository/Final Object Repo/Page_MyASSIST - ASSIST - Search Pending Case For Add Supporting Document/Reference No'

2019-01-03 23:04:04 - [MESSAGE][PASSED] - Keys 'CUN012019C100006188' sent to object: 'Object Repository/Final Object Repo/Page_MyASSIST - ASSIST - Search Pending Case For Add Supporting Document/Reference No'

2019-01-03 23:04:04 - [TEST_STEP][PASSED] - click: Object: 'Object Repository/Final Object Repo/Page_MyASSIST - ASSIST - Search Pending Case For Add Supporting Document/Search Reference No' is clicked on

2019-01-03 23:04:04 - [MESSAGE][PASSED] - Object: 'Object Repository/Final Object Repo/Page_MyASSIST - ASSIST - Search Pending Case For Add Supporting Document/Search Reference No' is clicked on

2019-01-03 23:04:04 - [TEST_STEP][PASSED] - delay: Delayed 2 second(s)

2019-01-03 23:04:06 - [MESSAGE][PASSED] - Delayed 2 second(s)

2019-01-03 23:04:06 - [TEST_STEP][PASSED] - click: Object: 'Object Repository/Final Object Repo/Page_MyASSIST - ASSIST - Search Pending Case For Add Supporting Document/Continue' is clicked on

2019-01-03 23:04:10 - [MESSAGE][PASSED] - Object: 'Object Repository/Final Object Repo/Page_MyASSIST - ASSIST - Search Pending Case For Add Supporting Document/Continue' is clicked on

2019-01-03 23:04:10 - [TEST_STEP][PASSED] - delay: Delayed 20 second(s)

2019-01-03 23:04:30 - [MESSAGE][PASSED] - Delayed 20 second(s)

2019-01-03 23:04:30 - [MESSAGE][PASSED] - Call Test Case 'Test Cases/Final Aug 2018 - PKS Automation/Registration Module/Workflow/Login and Search Case For Workflow' successfully

2019-01-03 23:04:30 - [TEST_STEP][PASSED] - delay: Delayed 2 second(s)

2019-01-03 23:04:32 - [MESSAGE][PASSED] - Delayed 2 second(s)

2019-01-03 23:04:32 - [TEST_STEP][PASSED] - click: Object: 'Object Repository/Final Object Repo/Page_Update Employer Information/Page_Update Employer Information UO (Approve)/Continue' is clicked on

2019-01-03 23:04:36 - [MESSAGE][PASSED] - Object: 'Object Repository/Final Object Repo/Page_Update Employer Information/Page_Update Employer Information UO (Approve)/Continue' is clicked on

2019-01-03 23:04:36 - [TEST_STEP][PASSED] - delay: Delayed 2 second(s)

2019-01-03 23:04:38 - [MESSAGE][PASSED] - Delayed 2 second(s)

2019-01-03 23:04:38 - [TEST_STEP][PASSED] - click: Object: 'Object Repository/Final Object Repo/Page_Update Employer Information/Page_Update Employer Information UO (Approve)/Save  Continue in Update Employer Information Page' is clicked on

2019-01-03 23:04:38 - [MESSAGE][PASSED] - Object: 'Object Repository/Final Object Repo/Page_Update Employer Information/Page_Update Employer Information UO (Approve)/Save  Continue in Update Employer Information Page' is clicked on

2019-01-03 23:04:38 - [TEST_STEP][PASSED] - delay: Delayed 2 second(s)

2019-01-03 23:04:40 - [MESSAGE][PASSED] - Delayed 2 second(s)

2019-01-03 23:04:40 - [TEST_STEP][PASSED] - click: Object: 'Object Repository/Final Object Repo/Page_Update Employer Information/Page_Update Employer Information UO (Approve)/Save  Continue in Uploading Supporting Document Page' is clicked on

2019-01-03 23:04:42 - [MESSAGE][PASSED] - Object: 'Object Repository/Final Object Repo/Page_Update Employer Information/Page_Update Employer Information UO (Approve)/Save  Continue in Uploading Supporting Document Page' is clicked on

2019-01-03 23:04:42 - [TEST_STEP][PASSED] - delay: Delayed 2 second(s)

2019-01-03 23:04:44 - [MESSAGE][PASSED] - Delayed 2 second(s)

2019-01-03 23:04:44 - [TEST_STEP][PASSED] - click: Object: 'Object Repository/Final Object Repo/Page_Update Employer Information/Page_Update Employer Information UO (Reject)/Reject' is clicked on

2019-01-03 23:04:46 - [MESSAGE][PASSED] - Object: 'Object Repository/Final Object Repo/Page_Update Employer Information/Page_Update Employer Information UO (Reject)/Reject' is clicked on

2019-01-03 23:04:46 - [TEST_STEP][PASSED] - delay: Delayed 2 second(s)

2019-01-03 23:04:48 - [MESSAGE][PASSED] - Delayed 2 second(s)

2019-01-03 23:04:48 - [TEST_STEP][PASSED] - click: Object: 'Object Repository/Final Object Repo/Page_Update Employer Information/Page_Update Employer Information UO (Reject)/Confirm' is clicked on

2019-01-03 23:04:48 - [MESSAGE][PASSED] - Object: 'Object Repository/Final Object Repo/Page_Update Employer Information/Page_Update Employer Information UO (Reject)/Confirm' is clicked on

2019-01-03 23:04:48 - [TEST_STEP][PASSED] - delay: Delayed 2 second(s)

2019-01-03 23:04:50 - [MESSAGE][PASSED] - Delayed 2 second(s)

2019-01-03 23:04:50 - [TEST_STEP][PASSED] - click: Object: 'Object Repository/Final Object Repo/Page_Update Employer Information/Page_Update Employer Information UO (Reject)/Message This Case has been Rejected' is clicked on

2019-01-03 23:04:52 - [MESSAGE][PASSED] - Object: 'Object Repository/Final Object Repo/Page_Update Employer Information/Page_Update Employer Information UO (Reject)/Message This Case has been Rejected' is clicked on

2019-01-03 23:04:52 - [MESSAGE][PASSED] - Call Test Case 'Test Cases/Final Aug 2018 - PKS Automation/Registration Module/Workflow/Update Employer Information/Template/Update Employer Information - Special Case - UO (Reject)' successfully]]></system-out>
         <system-err><![CDATA[]]></system-err>
      </testcase>
      <testcase name="Test Cases/Final Aug 2018 - PKS Automation/Registration Module/Workflow/Update Employer Information/PAU - UO (Under enforcement)" classname="Test Cases/Final Aug 2018 - PKS Automation/Registration Module/Workflow/Update Employer Information/PAU - UO (Under enforcement)" status="PASSED">
         <system-out><![CDATA[2019-01-03 23:04:52 - [TEST_CASE][PASSED] - Test Cases/Final Aug 2018 - PKS Automation/Registration Module/Workflow/Update Employer Information/PAU - UO (Under enforcement): Test Cases/Final Aug 2018 - PKS Automation/Registration Module/Workflow/Update Employer Information/PAU - UO (Under enforcement)

2019-01-03 23:04:52 - [TEST_STEP][PASSED] - callTestCase: Call Test Case 'Test Cases/Final Aug 2018 - PKS Automation/Registration Module/Workflow/Update Employer Information/Template/Update Employer Information - Special Case (PAU)' successfully

2019-01-03 23:04:52 - [TEST_CASE][PASSED] - Test Cases/Final Aug 2018 - PKS Automation/Registration Module/Workflow/Update Employer Information/Template/Update Employer Information - Special Case (PAU): Test Cases/Final Aug 2018 - PKS Automation/Registration Module/Workflow/Update Employer Information/Template/Update Employer Information - Special Case (PAU)

2019-01-03 23:04:52 - [TEST_STEP][PASSED] - openBrowser: Browser is opened with url: ''

2019-01-03 23:04:52 - [MESSAGE][WARNING] - A browser is already opened. Closing browser and opening a new one

2019-01-03 23:04:56 - [MESSAGE][PASSED] - Browser is opened with url: ''

2019-01-03 23:04:56 - [TEST_STEP][PASSED] - navigateToUrl: Navigate to 'https://assist2-uat.perkeso.gov.my/login' successfully

2019-01-03 23:04:57 - [MESSAGE][PASSED] - Navigate to 'https://assist2-uat.perkeso.gov.my/login' successfully

2019-01-03 23:04:57 - [TEST_STEP][PASSED] - setText: Text 'johorpau1@gmail.com' is set on object 'Object Repository/Final Object Repo/Login Page/Internal User/Email Address'

2019-01-03 23:04:58 - [MESSAGE][PASSED] - Text 'johorpau1@gmail.com' is set on object 'Object Repository/Final Object Repo/Login Page/Internal User/Email Address'

2019-01-03 23:04:58 - [TEST_STEP][PASSED] - click: Object: 'Object Repository/Final Object Repo/Login Page/Internal User/Next Button' is clicked on

2019-01-03 23:04:58 - [MESSAGE][PASSED] - Object: 'Object Repository/Final Object Repo/Login Page/Internal User/Next Button' is clicked on

2019-01-03 23:04:58 - [TEST_STEP][PASSED] - delay: Delayed 1 second(s)

2019-01-03 23:04:59 - [MESSAGE][PASSED] - Delayed 1 second(s)

2019-01-03 23:04:59 - [TEST_STEP][PASSED] - setEncryptedText: Text ****** has been set on object 'Object Repository/Final Object Repo/Login Page/Internal User/Password'

2019-01-03 23:04:59 - [MESSAGE][PASSED] - Text ****** has been set on object 'Object Repository/Final Object Repo/Login Page/Internal User/Password'

2019-01-03 23:04:59 - [TEST_STEP][PASSED] - click: Object: 'Object Repository/Final Object Repo/Login Page/Internal User/Login Button' is clicked on

2019-01-03 23:04:59 - [MESSAGE][PASSED] - Object: 'Object Repository/Final Object Repo/Login Page/Internal User/Login Button' is clicked on

2019-01-03 23:04:59 - [TEST_STEP][PASSED] - Statement - tester = com.kms.katalon.core.testobject.ObjectRepository.findTestObject(Final Object Repo/Landing Page/Select to English): Finding Test Object with id 'Object Repository/Final Object Repo/Landing Page/Select to English'

2019-01-03 23:04:59 - [TEST_STEP][PASSED] - Statement - Try: Delayed 2 second(s)

2019-01-03 23:04:59 - [TEST_STEP][PASSED] - Statement - Checker = com.kms.katalon.core.webui.keyword.WebUiBuiltInKeywords.verifyElementNotPresent(tester, 3): Web element with id: 'Object Repository/Final Object Repo/Landing Page/Select to English' located by 'By.xpath: //a[@class = 'taglib-language-list-text' and @lang = 'en-US' and (contains(text(), 'EN') or contains(., 'EN'))]' is not present after '3' second(s)

2019-01-03 23:05:01 - [MESSAGE][PASSED] - Web element with id: 'Object Repository/Final Object Repo/Landing Page/Select to English' located by 'By.xpath: //a[@class = 'taglib-language-list-text' and @lang = 'en-US' and (contains(text(), 'EN') or contains(., 'EN'))]' is not present after '3' second(s)

2019-01-03 23:05:01 - [TEST_STEP][PASSED] - Statement - If (Checker == false): null

2019-01-03 23:05:01 - [TEST_STEP][PASSED] - delay: Delayed 2 second(s)

2019-01-03 23:05:03 - [MESSAGE][PASSED] - Delayed 2 second(s)

2019-01-03 23:05:03 - [TEST_STEP][PASSED] - delay: Delayed 5 second(s)

2019-01-03 23:05:08 - [MESSAGE][PASSED] - Delayed 5 second(s)

2019-01-03 23:05:08 - [TEST_STEP][PASSED] - navigateToUrl: Navigate to 'https://assist2-uat.perkeso.gov.my/web/registration/update/update-employer-information' successfully

2019-01-03 23:05:09 - [MESSAGE][PASSED] - Navigate to 'https://assist2-uat.perkeso.gov.my/web/registration/update/update-employer-information' successfully

2019-01-03 23:05:09 - [TEST_STEP][PASSED] - setText: Text 'E1102001065V ' is set on object 'Object Repository/Final Object Repo/Page_Update Employer Information/Employer Code'

2019-01-03 23:05:09 - [MESSAGE][PASSED] - Text 'E1102001065V ' is set on object 'Object Repository/Final Object Repo/Page_Update Employer Information/Employer Code'

2019-01-03 23:05:09 - [TEST_STEP][PASSED] - click: Object: 'Object Repository/Final Object Repo/Page_Update Employer Information/Search Button' is clicked on

2019-01-03 23:05:09 - [MESSAGE][PASSED] - Object: 'Object Repository/Final Object Repo/Page_Update Employer Information/Search Button' is clicked on

2019-01-03 23:05:09 - [TEST_STEP][PASSED] - click: Object: 'Object Repository/Final Object Repo/Page_Update Employer Information/Edit Button' is clicked on

2019-01-03 23:05:13 - [MESSAGE][PASSED] - Object: 'Object Repository/Final Object Repo/Page_Update Employer Information/Edit Button' is clicked on

2019-01-03 23:05:13 - [TEST_STEP][PASSED] - click: Object: 'Object Repository/Final Object Repo/Page_Update Employer Information/Business Entity' is clicked on

2019-01-03 23:05:13 - [MESSAGE][PASSED] - Object: 'Object Repository/Final Object Repo/Page_Update Employer Information/Business Entity' is clicked on

2019-01-03 23:05:13 - [TEST_STEP][PASSED] - Statement - CurrentBusinessEntity = "": null

2019-01-03 23:05:13 - [TEST_STEP][PASSED] - Statement - CurrentBusinessEntity = com.kms.katalon.core.webui.keyword.WebUiBuiltInKeywords.getText(com.kms.katalon.core.testobject.ObjectRepository.findTestObject(Final Object Repo/Page_Update Employer Information/Current Business Entity)): Text of object 'Object Repository/Final Object Repo/Page_Update Employer Information/Current Business Entity' is: 'Partnership'

2019-01-03 23:05:13 - [MESSAGE][PASSED] - Text of object 'Object Repository/Final Object Repo/Page_Update Employer Information/Current Business Entity' is: 'Partnership'

2019-01-03 23:05:13 - [TEST_STEP][PASSED] - Statement - out.println(CurrentBusinessEntity): null

2019-01-03 23:05:13 - [TEST_STEP][PASSED] - Statement - If (CurrentBusinessEntity == "Corporation"): null

2019-01-03 23:05:13 - [TEST_STEP][PASSED] - Statement - Else If (CurrentBusinessEntity == "Partnership"): Delayed 3 second(s)

2019-01-03 23:05:13 - [TEST_STEP][PASSED] - Statement - obj = com.kms.katalon.core.webui.keyword.WebUiBuiltInKeywords.modifyObjectProperty(com.kms.katalon.core.testobject.ObjectRepository.findTestObject(Final Object Repo/Page_Update Employer Information/change to this Business Entity), "xpath", "equals", "//ul/li/span[contains(text(),"Sole Proprietor / Individual Business")]", true, STOP_ON_FAILURE): Modify property of object successfully

2019-01-03 23:05:13 - [MESSAGE][PASSED] - Modify property of object successfully

2019-01-03 23:05:13 - [TEST_STEP][PASSED] - click: Object: 'Object Repository/Final Object Repo/Page_Update Employer Information/change to this Business Entity' is clicked on

2019-01-03 23:05:13 - [MESSAGE][PASSED] - Object: 'Object Repository/Final Object Repo/Page_Update Employer Information/change to this Business Entity' is clicked on

2019-01-03 23:05:13 - [TEST_STEP][PASSED] - delay: Delayed 1 second(s)

2019-01-03 23:05:14 - [MESSAGE][PASSED] - Delayed 1 second(s)

2019-01-03 23:05:14 - [TEST_STEP][PASSED] - click: Object: 'Object Repository/Final Object Repo/Page_Update Employer Information/Sub Business Entity' is clicked on

2019-01-03 23:05:15 - [MESSAGE][PASSED] - Object: 'Object Repository/Final Object Repo/Page_Update Employer Information/Sub Business Entity' is clicked on

2019-01-03 23:05:15 - [TEST_STEP][PASSED] - click: Object: 'Object Repository/Final Object Repo/Page_Update Employer Information/Sub Business Entity - Sole Properietor - Registered with other Agencies' is clicked on

2019-01-03 23:05:15 - [MESSAGE][PASSED] - Object: 'Object Repository/Final Object Repo/Page_Update Employer Information/Sub Business Entity - Sole Properietor - Registered with other Agencies' is clicked on

2019-01-03 23:05:15 - [TEST_STEP][PASSED] - delay: Delayed 3 second(s)

2019-01-03 23:05:18 - [MESSAGE][PASSED] - Delayed 3 second(s)

2019-01-03 23:05:18 - [TEST_STEP][PASSED] - delay: Delayed 4 second(s)

2019-01-03 23:05:22 - [MESSAGE][PASSED] - Delayed 4 second(s)

2019-01-03 23:05:22 - [TEST_STEP][PASSED] - click: Object: 'Object Repository/Final Object Repo/Page_Update Employer Information/Save  Continue' is clicked on

2019-01-03 23:05:22 - [MESSAGE][PASSED] - Object: 'Object Repository/Final Object Repo/Page_Update Employer Information/Save  Continue' is clicked on

2019-01-03 23:05:22 - [TEST_STEP][PASSED] - delay: Delayed 4 second(s)

2019-01-03 23:05:26 - [MESSAGE][PASSED] - Delayed 4 second(s)

2019-01-03 23:05:26 - [TEST_STEP][PASSED] - click: Object: 'Object Repository/Final Object Repo/Page_Update Employer Information/Save  Continue (1)' is clicked on

2019-01-03 23:05:26 - [MESSAGE][PASSED] - Object: 'Object Repository/Final Object Repo/Page_Update Employer Information/Save  Continue (1)' is clicked on

2019-01-03 23:05:26 - [TEST_STEP][PASSED] - delay: Delayed 4 second(s)

2019-01-03 23:05:30 - [MESSAGE][PASSED] - Delayed 4 second(s)

2019-01-03 23:05:30 - [TEST_STEP][PASSED] - Statement - CaseReferenceNo = com.kms.katalon.core.webui.keyword.WebUiBuiltInKeywords.getText(com.kms.katalon.core.testobject.ObjectRepository.findTestObject(Final Object Repo/Page_Update Employer Information/Reference Number in Update Employee Information Page)): Text of object 'Object Repository/Final Object Repo/Page_Update Employer Information/Reference Number in Update Employee Information Page' is: 'CUN012019C100006189'

2019-01-03 23:05:31 - [MESSAGE][PASSED] - Text of object 'Object Repository/Final Object Repo/Page_Update Employer Information/Reference Number in Update Employee Information Page' is: 'CUN012019C100006189'

2019-01-03 23:05:31 - [TEST_STEP][PASSED] - callTestCase: Call Test Case 'Test Cases/Final Aug 2018 - PKS Automation/Common/Reference Number Setter' successfully

2019-01-03 23:05:31 - [TEST_CASE][PASSED] - Test Cases/Final Aug 2018 - PKS Automation/Common/Reference Number Setter: Test Cases/Final Aug 2018 - PKS Automation/Common/Reference Number Setter

2019-01-03 23:05:31 - [TEST_STEP][PASSED] - Statement - RefNoOldFile = new java.io.File(C://Users//Admin//Desktop//PKS//Automation Reference Point//KatalonReference.txt): null

2019-01-03 23:05:31 - [TEST_STEP][PASSED] - Statement - RefNoOldFile.delete(): null

2019-01-03 23:05:31 - [TEST_STEP][PASSED] - delay: Delayed 5 second(s)

2019-01-03 23:05:36 - [MESSAGE][PASSED] - Delayed 5 second(s)

2019-01-03 23:05:36 - [TEST_STEP][PASSED] - Statement - RefNo = new java.io.File(C://Users//Admin//Desktop//PKS//Automation Reference Point//KatalonReference.txt): null

2019-01-03 23:05:36 - [TEST_STEP][PASSED] - Statement - f2 = new java.io.FileWriter(RefNo, false): null

2019-01-03 23:05:36 - [TEST_STEP][PASSED] - Statement - f2.write(CaseReferenceNo): null

2019-01-03 23:05:36 - [TEST_STEP][PASSED] - Statement - f2.close(): null

2019-01-03 23:05:36 - [TEST_STEP][PASSED] - Statement - out.println("


" + CaseReferenceNo + "


"): null

2019-01-03 23:05:36 - [MESSAGE][PASSED] - Call Test Case 'Test Cases/Final Aug 2018 - PKS Automation/Common/Reference Number Setter' successfully

2019-01-03 23:05:36 - [TEST_STEP][PASSED] - delay: Delayed 4 second(s)

2019-01-03 23:05:40 - [MESSAGE][PASSED] - Delayed 4 second(s)

2019-01-03 23:05:40 - [TEST_STEP][PASSED] - click: Object: 'Object Repository/Final Object Repo/Page_Update Employer Information/Submit - Copy' is clicked on

2019-01-03 23:05:40 - [MESSAGE][PASSED] - Object: 'Object Repository/Final Object Repo/Page_Update Employer Information/Submit - Copy' is clicked on

2019-01-03 23:05:40 - [TEST_STEP][PASSED] - delay: Delayed 2 second(s)

2019-01-03 23:05:42 - [MESSAGE][PASSED] - Delayed 2 second(s)

2019-01-03 23:05:42 - [TEST_STEP][PASSED] - click: Object: 'Object Repository/Final Object Repo/Page_Update Employer Information/Confirm' is clicked on

2019-01-03 23:05:42 - [MESSAGE][PASSED] - Object: 'Object Repository/Final Object Repo/Page_Update Employer Information/Confirm' is clicked on

2019-01-03 23:05:42 - [TEST_STEP][PASSED] - delay: Delayed 2 second(s)

2019-01-03 23:05:44 - [MESSAGE][PASSED] - Delayed 2 second(s)

2019-01-03 23:05:44 - [TEST_STEP][PASSED] - click: Object: 'Object Repository/Final Object Repo/Page_Update Employer Information/Message Your Request will be route' is clicked on

2019-01-03 23:05:46 - [MESSAGE][PASSED] - Object: 'Object Repository/Final Object Repo/Page_Update Employer Information/Message Your Request will be route' is clicked on

2019-01-03 23:05:46 - [MESSAGE][PASSED] - Call Test Case 'Test Cases/Final Aug 2018 - PKS Automation/Registration Module/Workflow/Update Employer Information/Template/Update Employer Information - Special Case (PAU)' successfully

2019-01-03 23:05:46 - [TEST_STEP][PASSED] - callTestCase: Call Test Case 'Test Cases/Final Aug 2018 - PKS Automation/Registration Module/Workflow/Update Employer Information/Template/Update Employer Information - Special Case - UO (Under enforcement)' successfully

2019-01-03 23:05:46 - [TEST_CASE][PASSED] - Test Cases/Final Aug 2018 - PKS Automation/Registration Module/Workflow/Update Employer Information/Template/Update Employer Information - Special Case - UO (Under enforcement): Test Cases/Final Aug 2018 - PKS Automation/Registration Module/Workflow/Update Employer Information/Template/Update Employer Information - Special Case - UO (Under enforcement)

2019-01-03 23:05:46 - [TEST_STEP][NOT_RUN] - callTestCase: NOT_RUN: callTestCase

2019-01-03 23:05:46 - [MESSAGE][NOT_RUN] - NOT_RUN: callTestCase

2019-01-03 23:05:46 - [TEST_STEP][PASSED] - delay: Delayed 1 second(s)

2019-01-03 23:05:47 - [MESSAGE][PASSED] - Delayed 1 second(s)

2019-01-03 23:05:47 - [TEST_STEP][PASSED] - navigateToUrl: Navigate to 'https://assist2-uat.perkeso.gov.my/c/portal/logout' successfully

2019-01-03 23:05:48 - [MESSAGE][PASSED] - Navigate to 'https://assist2-uat.perkeso.gov.my/c/portal/logout' successfully

2019-01-03 23:05:48 - [TEST_STEP][PASSED] - delay: Delayed 1 second(s)

2019-01-03 23:05:49 - [MESSAGE][PASSED] - Delayed 1 second(s)

2019-01-03 23:05:49 - [TEST_STEP][PASSED] - callTestCase: Call Test Case 'Test Cases/Final Aug 2018 - PKS Automation/Common/Reference Number Getter' successfully

2019-01-03 23:05:49 - [TEST_CASE][PASSED] - Test Cases/Final Aug 2018 - PKS Automation/Common/Reference Number Getter: Test Cases/Final Aug 2018 - PKS Automation/Common/Reference Number Getter

2019-01-03 23:05:49 - [TEST_STEP][PASSED] - Statement - Try: null

2019-01-03 23:05:49 - [TEST_STEP][PASSED] - Statement - RefNo = new java.io.File(C://Users//Admin//Desktop//PKS//Automation Reference Point//KatalonReference.txt): null

2019-01-03 23:05:49 - [TEST_STEP][PASSED] - Statement - bufferread = new java.io.BufferedReader(new java.io.FileReader(RefNo)): null

2019-01-03 23:05:49 - [TEST_STEP][PASSED] - Statement - readedVal = bufferread.readLine(): null

2019-01-03 23:05:49 - [TEST_STEP][PASSED] - Statement - out.println(CaseReferenceNo): null

2019-01-03 23:05:49 - [TEST_STEP][PASSED] - Statement - out.println(readedVal): null

2019-01-03 23:05:49 - [TEST_STEP][PASSED] - Statement - CaseReferenceNo = "": null

2019-01-03 23:05:49 - [TEST_STEP][PASSED] - Statement - CaseReferenceNo = readedVal: null

2019-01-03 23:05:49 - [MESSAGE][PASSED] - Call Test Case 'Test Cases/Final Aug 2018 - PKS Automation/Common/Reference Number Getter' successfully

2019-01-03 23:05:49 - [TEST_STEP][PASSED] - callTestCase: Call Test Case 'Test Cases/Final Aug 2018 - PKS Automation/Common/Workflow Owner Finder' successfully

2019-01-03 23:05:49 - [TEST_CASE][PASSED] - Test Cases/Final Aug 2018 - PKS Automation/Common/Workflow Owner Finder: Test Cases/Final Aug 2018 - PKS Automation/Common/Workflow Owner Finder

2019-01-03 23:05:49 - [TEST_STEP][PASSED] - openBrowser: Browser is opened with url: ''

2019-01-03 23:05:49 - [MESSAGE][WARNING] - A browser is already opened. Closing browser and opening a new one

2019-01-03 23:05:53 - [MESSAGE][PASSED] - Browser is opened with url: ''

2019-01-03 23:05:53 - [TEST_STEP][PASSED] - navigateToUrl: Navigate to 'https://assist2-uat.perkeso.gov.my/login' successfully

2019-01-03 23:05:54 - [MESSAGE][PASSED] - Navigate to 'https://assist2-uat.perkeso.gov.my/login' successfully

2019-01-03 23:05:54 - [TEST_STEP][PASSED] - delay: Delayed 5 second(s)

2019-01-03 23:05:59 - [MESSAGE][PASSED] - Delayed 5 second(s)

2019-01-03 23:05:59 - [TEST_STEP][PASSED] - setText: Text 'test@liferay.com' is set on object 'Object Repository/Final Object Repo/Login Page/Internal User/Email Address'

2019-01-03 23:05:59 - [MESSAGE][PASSED] - Text 'test@liferay.com' is set on object 'Object Repository/Final Object Repo/Login Page/Internal User/Email Address'

2019-01-03 23:05:59 - [TEST_STEP][PASSED] - click: Object: 'Object Repository/Final Object Repo/Login Page/Internal User/Next Button' is clicked on

2019-01-03 23:05:59 - [MESSAGE][PASSED] - Object: 'Object Repository/Final Object Repo/Login Page/Internal User/Next Button' is clicked on

2019-01-03 23:05:59 - [TEST_STEP][PASSED] - delay: Delayed 2 second(s)

2019-01-03 23:06:01 - [MESSAGE][PASSED] - Delayed 2 second(s)

2019-01-03 23:06:01 - [TEST_STEP][PASSED] - setText: Text 'test' is set on object 'Object Repository/Final Object Repo/Login Page/Internal User/Password'

2019-01-03 23:06:01 - [MESSAGE][PASSED] - Text 'test' is set on object 'Object Repository/Final Object Repo/Login Page/Internal User/Password'

2019-01-03 23:06:01 - [TEST_STEP][PASSED] - delay: Delayed 2 second(s)

2019-01-03 23:06:03 - [MESSAGE][PASSED] - Delayed 2 second(s)

2019-01-03 23:06:03 - [TEST_STEP][PASSED] - click: Object: 'Object Repository/Final Object Repo/Login Page/Internal User/Login Button' is clicked on

2019-01-03 23:06:04 - [MESSAGE][PASSED] - Object: 'Object Repository/Final Object Repo/Login Page/Internal User/Login Button' is clicked on

2019-01-03 23:06:04 - [TEST_STEP][PASSED] - Statement - tester = com.kms.katalon.core.testobject.ObjectRepository.findTestObject(Final Object Repo/Landing Page/Select to English): Finding Test Object with id 'Object Repository/Final Object Repo/Landing Page/Select to English'

2019-01-03 23:06:04 - [TEST_STEP][PASSED] - Statement - Try: Delayed 2 second(s)

2019-01-03 23:06:04 - [TEST_STEP][PASSED] - Statement - Checker = com.kms.katalon.core.webui.keyword.WebUiBuiltInKeywords.verifyElementNotPresent(tester, 3): Web element with id: 'Object Repository/Final Object Repo/Landing Page/Select to English' located by 'By.xpath: //a[@class = 'taglib-language-list-text' and @lang = 'en-US' and (contains(text(), 'EN') or contains(., 'EN'))]' is not present after '3' second(s)

2019-01-03 23:06:05 - [MESSAGE][PASSED] - Web element with id: 'Object Repository/Final Object Repo/Landing Page/Select to English' located by 'By.xpath: //a[@class = 'taglib-language-list-text' and @lang = 'en-US' and (contains(text(), 'EN') or contains(., 'EN'))]' is not present after '3' second(s)

2019-01-03 23:06:05 - [TEST_STEP][PASSED] - Statement - If (Checker == false): null

2019-01-03 23:06:05 - [TEST_STEP][PASSED] - delay: Delayed 2 second(s)

2019-01-03 23:06:07 - [MESSAGE][PASSED] - Delayed 2 second(s)

2019-01-03 23:06:07 - [TEST_STEP][PASSED] - delay: Delayed 5 second(s)

2019-01-03 23:06:12 - [MESSAGE][PASSED] - Delayed 5 second(s)

2019-01-03 23:06:12 - [TEST_STEP][PASSED] - mouseOver: Object: 'Object Repository/Final Object Repo/Landing Page/WorkFlow Menu' is hovered

2019-01-03 23:06:13 - [MESSAGE][PASSED] - Object: 'Object Repository/Final Object Repo/Landing Page/WorkFlow Menu' is hovered

2019-01-03 23:06:13 - [TEST_STEP][PASSED] - delay: Delayed 2 second(s)

2019-01-03 23:06:15 - [MESSAGE][PASSED] - Delayed 2 second(s)

2019-01-03 23:06:15 - [TEST_STEP][PASSED] - click: Object: 'Object Repository/Final Object Repo/Landing Page/Select to Workflow Listing' is clicked on

2019-01-03 23:06:16 - [MESSAGE][PASSED] - Object: 'Object Repository/Final Object Repo/Landing Page/Select to Workflow Listing' is clicked on

2019-01-03 23:06:16 - [TEST_STEP][PASSED] - delay: Delayed 2 second(s)

2019-01-03 23:06:18 - [MESSAGE][PASSED] - Delayed 2 second(s)

2019-01-03 23:06:18 - [TEST_STEP][PASSED] - click: Object: 'Object Repository/Final Object Repo/WorkFlow Listing Page/Search Information - To Put Ref No' is clicked on

2019-01-03 23:06:18 - [MESSAGE][PASSED] - Object: 'Object Repository/Final Object Repo/WorkFlow Listing Page/Search Information - To Put Ref No' is clicked on

2019-01-03 23:06:18 - [TEST_STEP][PASSED] - delay: Delayed 2 second(s)

2019-01-03 23:06:20 - [MESSAGE][PASSED] - Delayed 2 second(s)

2019-01-03 23:06:20 - [TEST_STEP][PASSED] - callTestCase: Call Test Case 'Test Cases/Final Aug 2018 - PKS Automation/Common/Reference Number Getter' successfully

2019-01-03 23:06:20 - [TEST_CASE][PASSED] - Test Cases/Final Aug 2018 - PKS Automation/Common/Reference Number Getter: Test Cases/Final Aug 2018 - PKS Automation/Common/Reference Number Getter

2019-01-03 23:06:20 - [TEST_STEP][PASSED] - Statement - Try: null

2019-01-03 23:06:20 - [TEST_STEP][PASSED] - Statement - RefNo = new java.io.File(C://Users//Admin//Desktop//PKS//Automation Reference Point//KatalonReference.txt): null

2019-01-03 23:06:20 - [TEST_STEP][PASSED] - Statement - bufferread = new java.io.BufferedReader(new java.io.FileReader(RefNo)): null

2019-01-03 23:06:20 - [TEST_STEP][PASSED] - Statement - readedVal = bufferread.readLine(): null

2019-01-03 23:06:20 - [TEST_STEP][PASSED] - Statement - out.println(CaseReferenceNo): null

2019-01-03 23:06:20 - [TEST_STEP][PASSED] - Statement - out.println(readedVal): null

2019-01-03 23:06:20 - [TEST_STEP][PASSED] - Statement - CaseReferenceNo = "": null

2019-01-03 23:06:20 - [TEST_STEP][PASSED] - Statement - CaseReferenceNo = readedVal: null

2019-01-03 23:06:20 - [MESSAGE][PASSED] - Call Test Case 'Test Cases/Final Aug 2018 - PKS Automation/Common/Reference Number Getter' successfully

2019-01-03 23:06:20 - [TEST_STEP][PASSED] - setText: Text 'CUN012019C100006189' is set on object 'Object Repository/Final Object Repo/WorkFlow Listing Page/Ref No Set Text'

2019-01-03 23:06:20 - [MESSAGE][PASSED] - Text 'CUN012019C100006189' is set on object 'Object Repository/Final Object Repo/WorkFlow Listing Page/Ref No Set Text'

2019-01-03 23:06:20 - [TEST_STEP][PASSED] - delay: Delayed 2 second(s)

2019-01-03 23:06:22 - [MESSAGE][PASSED] - Delayed 2 second(s)

2019-01-03 23:06:22 - [TEST_STEP][PASSED] - click: Object: 'Object Repository/Final Object Repo/WorkFlow Listing Page/Search Ref No Search Button' is clicked on

2019-01-03 23:06:22 - [MESSAGE][PASSED] - Object: 'Object Repository/Final Object Repo/WorkFlow Listing Page/Search Ref No Search Button' is clicked on

2019-01-03 23:06:22 - [TEST_STEP][PASSED] - delay: Delayed 6 second(s)

2019-01-03 23:06:28 - [MESSAGE][PASSED] - Delayed 6 second(s)

2019-01-03 23:06:28 - [TEST_STEP][PASSED] - click: Object: 'Object Repository/Final Object Repo/WorkFlow Listing Page/Click Continue Tooltip' is clicked on

2019-01-03 23:06:29 - [MESSAGE][PASSED] - Object: 'Object Repository/Final Object Repo/WorkFlow Listing Page/Click Continue Tooltip' is clicked on

2019-01-03 23:06:29 - [TEST_STEP][PASSED] - delay: Delayed 5 second(s)

2019-01-03 23:06:34 - [MESSAGE][PASSED] - Delayed 5 second(s)

2019-01-03 23:06:34 - [TEST_STEP][PASSED] - doubleClick: Object: 'Object Repository/Final Object Repo/WorkFlow Listing Page/Workflow Found - Listing 1' is double clicked on

2019-01-03 23:06:34 - [MESSAGE][PASSED] - Object: 'Object Repository/Final Object Repo/WorkFlow Listing Page/Workflow Found - Listing 1' is double clicked on

2019-01-03 23:06:34 - [TEST_STEP][PASSED] - Statement - println(OwnerID): null

2019-01-03 23:06:34 - [TEST_STEP][PASSED] - Statement - OwnerID = com.kms.katalon.core.webui.keyword.WebUiBuiltInKeywords.getText(com.kms.katalon.core.testobject.ObjectRepository.findTestObject(Final Object Repo/WorkFlow Listing Page/Workflow Found - Listing 1), STOP_ON_FAILURE): Text of object 'Object Repository/Final Object Repo/WorkFlow Listing Page/Workflow Found - Listing 1' is: 'JOHORuo3'

2019-01-03 23:06:34 - [MESSAGE][PASSED] - Text of object 'Object Repository/Final Object Repo/WorkFlow Listing Page/Workflow Found - Listing 1' is: 'JOHORuo3'

2019-01-03 23:06:34 - [TEST_STEP][PASSED] - Statement - OwnerID = OwnerID.toLowerCase() + "@gmail.com": null

2019-01-03 23:06:34 - [TEST_STEP][PASSED] - Statement - println(OwnerID): null

2019-01-03 23:06:34 - [TEST_STEP][PASSED] - delay: Delayed 2 second(s)

2019-01-03 23:06:36 - [MESSAGE][PASSED] - Delayed 2 second(s)

2019-01-03 23:06:36 - [MESSAGE][PASSED] - Call Test Case 'Test Cases/Final Aug 2018 - PKS Automation/Common/Workflow Owner Finder' successfully

2019-01-03 23:06:36 - [TEST_STEP][PASSED] - delay: Delayed 1 second(s)

2019-01-03 23:06:37 - [MESSAGE][PASSED] - Delayed 1 second(s)

2019-01-03 23:06:37 - [TEST_STEP][PASSED] - navigateToUrl: Navigate to 'https://assist2-uat.perkeso.gov.my/c/portal/logout' successfully

2019-01-03 23:06:38 - [MESSAGE][PASSED] - Navigate to 'https://assist2-uat.perkeso.gov.my/c/portal/logout' successfully

2019-01-03 23:06:38 - [TEST_STEP][PASSED] - delay: Delayed 1 second(s)

2019-01-03 23:06:39 - [MESSAGE][PASSED] - Delayed 1 second(s)

2019-01-03 23:06:39 - [TEST_STEP][PASSED] - callTestCase: Call Test Case 'Test Cases/Final Aug 2018 - PKS Automation/Registration Module/Workflow/Login and Search Case For Workflow' successfully

2019-01-03 23:06:39 - [TEST_CASE][PASSED] - Test Cases/Final Aug 2018 - PKS Automation/Registration Module/Workflow/Login and Search Case For Workflow: Test Cases/Final Aug 2018 - PKS Automation/Registration Module/Workflow/Login and Search Case For Workflow

2019-01-03 23:06:39 - [TEST_STEP][PASSED] - navigateToUrl: Navigate to 'https://assist2-uat.perkeso.gov.my/login' successfully

2019-01-03 23:06:40 - [MESSAGE][PASSED] - Navigate to 'https://assist2-uat.perkeso.gov.my/login' successfully

2019-01-03 23:06:40 - [TEST_STEP][PASSED] - setText: Text 'johoruo3@gmail.com' is set on object 'Object Repository/Final Object Repo/Login Page/Internal User/Email Address'

2019-01-03 23:06:40 - [MESSAGE][PASSED] - Text 'johoruo3@gmail.com' is set on object 'Object Repository/Final Object Repo/Login Page/Internal User/Email Address'

2019-01-03 23:06:40 - [TEST_STEP][PASSED] - click: Object: 'Object Repository/Final Object Repo/Login Page/Internal User/Next Button' is clicked on

2019-01-03 23:06:40 - [MESSAGE][PASSED] - Object: 'Object Repository/Final Object Repo/Login Page/Internal User/Next Button' is clicked on

2019-01-03 23:06:40 - [TEST_STEP][PASSED] - delay: Delayed 1 second(s)

2019-01-03 23:06:41 - [MESSAGE][PASSED] - Delayed 1 second(s)

2019-01-03 23:06:41 - [TEST_STEP][PASSED] - setEncryptedText: Text ****** has been set on object 'Object Repository/Final Object Repo/Login Page/Internal User/Password'

2019-01-03 23:06:41 - [MESSAGE][PASSED] - Text ****** has been set on object 'Object Repository/Final Object Repo/Login Page/Internal User/Password'

2019-01-03 23:06:41 - [TEST_STEP][PASSED] - click: Object: 'Object Repository/Final Object Repo/Login Page/Internal User/Login Button' is clicked on

2019-01-03 23:06:41 - [MESSAGE][PASSED] - Object: 'Object Repository/Final Object Repo/Login Page/Internal User/Login Button' is clicked on

2019-01-03 23:06:41 - [TEST_STEP][PASSED] - delay: Delayed 2 second(s)

2019-01-03 23:06:43 - [MESSAGE][PASSED] - Delayed 2 second(s)

2019-01-03 23:06:43 - [TEST_STEP][PASSED] - Statement - Try: Delayed 2 second(s)

2019-01-03 23:06:43 - [TEST_STEP][PASSED] - Statement - Checker = false: null

2019-01-03 23:06:43 - [TEST_STEP][PASSED] - Statement - Checker = com.kms.katalon.core.webui.keyword.WebUiBuiltInKeywords.verifyElementHasAttribute(com.kms.katalon.core.testobject.ObjectRepository.findTestObject(Final Object Repo/Landing Page/BM Detecting), "href", 20, OPTIONAL): Object 'Object Repository/Final Object Repo/Landing Page/BM Detecting' has attribute 'href'

2019-01-03 23:06:44 - [MESSAGE][PASSED] - Object 'Object Repository/Final Object Repo/Landing Page/BM Detecting' has attribute 'href'

2019-01-03 23:06:44 - [TEST_STEP][PASSED] - Statement - out.println(Checker): null

2019-01-03 23:06:44 - [TEST_STEP][PASSED] - Statement - If (Checker == false): null

2019-01-03 23:06:44 - [TEST_STEP][PASSED] - Statement - Else: null

2019-01-03 23:06:44 - [TEST_STEP][PASSED] - delay: Delayed 2 second(s)

2019-01-03 23:06:46 - [MESSAGE][PASSED] - Delayed 2 second(s)

2019-01-03 23:06:46 - [TEST_STEP][PASSED] - click: Object: 'Object Repository/Final Object Repo/Page_MyASSIST - ASSIST - Search Pending Case For Add Supporting Document/Search Information' is clicked on

2019-01-03 23:06:46 - [MESSAGE][PASSED] - Object: 'Object Repository/Final Object Repo/Page_MyASSIST - ASSIST - Search Pending Case For Add Supporting Document/Search Information' is clicked on

2019-01-03 23:06:46 - [TEST_STEP][PASSED] - delay: Delayed 3 second(s)

2019-01-03 23:06:49 - [MESSAGE][PASSED] - Delayed 3 second(s)

2019-01-03 23:06:49 - [TEST_STEP][PASSED] - sendKeys: Keys 'CUN012019C100006189' sent to object: 'Object Repository/Final Object Repo/Page_MyASSIST - ASSIST - Search Pending Case For Add Supporting Document/Reference No'

2019-01-03 23:06:49 - [MESSAGE][PASSED] - Keys 'CUN012019C100006189' sent to object: 'Object Repository/Final Object Repo/Page_MyASSIST - ASSIST - Search Pending Case For Add Supporting Document/Reference No'

2019-01-03 23:06:49 - [TEST_STEP][PASSED] - click: Object: 'Object Repository/Final Object Repo/Page_MyASSIST - ASSIST - Search Pending Case For Add Supporting Document/Search Reference No' is clicked on

2019-01-03 23:06:49 - [MESSAGE][PASSED] - Object: 'Object Repository/Final Object Repo/Page_MyASSIST - ASSIST - Search Pending Case For Add Supporting Document/Search Reference No' is clicked on

2019-01-03 23:06:49 - [TEST_STEP][PASSED] - delay: Delayed 2 second(s)

2019-01-03 23:06:51 - [MESSAGE][PASSED] - Delayed 2 second(s)

2019-01-03 23:06:51 - [TEST_STEP][PASSED] - click: Object: 'Object Repository/Final Object Repo/Page_MyASSIST - ASSIST - Search Pending Case For Add Supporting Document/Continue' is clicked on

2019-01-03 23:06:55 - [MESSAGE][PASSED] - Object: 'Object Repository/Final Object Repo/Page_MyASSIST - ASSIST - Search Pending Case For Add Supporting Document/Continue' is clicked on

2019-01-03 23:06:55 - [TEST_STEP][PASSED] - delay: Delayed 20 second(s)

2019-01-03 23:07:15 - [MESSAGE][PASSED] - Delayed 20 second(s)

2019-01-03 23:07:15 - [MESSAGE][PASSED] - Call Test Case 'Test Cases/Final Aug 2018 - PKS Automation/Registration Module/Workflow/Login and Search Case For Workflow' successfully

2019-01-03 23:07:15 - [TEST_STEP][PASSED] - delay: Delayed 2 second(s)

2019-01-03 23:07:17 - [MESSAGE][PASSED] - Delayed 2 second(s)

2019-01-03 23:07:17 - [TEST_STEP][PASSED] - click: Object: 'Object Repository/Final Object Repo/Page_Update Employer Information/Page_Update Employer Information UO (Approve)/Continue' is clicked on

2019-01-03 23:07:20 - [MESSAGE][PASSED] - Object: 'Object Repository/Final Object Repo/Page_Update Employer Information/Page_Update Employer Information UO (Approve)/Continue' is clicked on

2019-01-03 23:07:20 - [TEST_STEP][PASSED] - delay: Delayed 2 second(s)

2019-01-03 23:07:22 - [MESSAGE][PASSED] - Delayed 2 second(s)

2019-01-03 23:07:22 - [TEST_STEP][PASSED] - click: Object: 'Object Repository/Final Object Repo/Page_Update Employer Information/Page_Update Employer Information UO (Approve)/Save  Continue in Update Employer Information Page' is clicked on

2019-01-03 23:07:22 - [MESSAGE][PASSED] - Object: 'Object Repository/Final Object Repo/Page_Update Employer Information/Page_Update Employer Information UO (Approve)/Save  Continue in Update Employer Information Page' is clicked on

2019-01-03 23:07:22 - [TEST_STEP][PASSED] - delay: Delayed 2 second(s)

2019-01-03 23:07:24 - [MESSAGE][PASSED] - Delayed 2 second(s)

2019-01-03 23:07:24 - [TEST_STEP][PASSED] - click: Object: 'Object Repository/Final Object Repo/Page_Update Employer Information/Page_Update Employer Information UO (Approve)/Save  Continue in Uploading Supporting Document Page' is clicked on

2019-01-03 23:07:27 - [MESSAGE][PASSED] - Object: 'Object Repository/Final Object Repo/Page_Update Employer Information/Page_Update Employer Information UO (Approve)/Save  Continue in Uploading Supporting Document Page' is clicked on

2019-01-03 23:07:27 - [TEST_STEP][PASSED] - delay: Delayed 2 second(s)

2019-01-03 23:07:29 - [MESSAGE][PASSED] - Delayed 2 second(s)

2019-01-03 23:07:29 - [TEST_STEP][PASSED] - click: Object: 'Object Repository/Final Object Repo/Page_Update Employer Information/Page_Update Employer Information UO (Under enforcement)/Under enforcement' is clicked on

2019-01-03 23:07:31 - [MESSAGE][PASSED] - Object: 'Object Repository/Final Object Repo/Page_Update Employer Information/Page_Update Employer Information UO (Under enforcement)/Under enforcement' is clicked on

2019-01-03 23:07:31 - [TEST_STEP][PASSED] - delay: Delayed 2 second(s)

2019-01-03 23:07:33 - [MESSAGE][PASSED] - Delayed 2 second(s)

2019-01-03 23:07:33 - [TEST_STEP][PASSED] - setText: Text 'remark' is set on object 'Object Repository/Final Object Repo/Page_Update Employer Information/Page_Update Employer Information UO (Under enforcement)/Under enforcement - remark'

2019-01-03 23:07:33 - [MESSAGE][PASSED] - Text 'remark' is set on object 'Object Repository/Final Object Repo/Page_Update Employer Information/Page_Update Employer Information UO (Under enforcement)/Under enforcement - remark'

2019-01-03 23:07:33 - [TEST_STEP][PASSED] - delay: Delayed 2 second(s)

2019-01-03 23:07:35 - [MESSAGE][PASSED] - Delayed 2 second(s)

2019-01-03 23:07:35 - [TEST_STEP][PASSED] - click: Object: 'Object Repository/Final Object Repo/Page_Update Employer Information/Page_Update Employer Information UO (Under enforcement)/Save  Continue in Under enfocement Page' is clicked on

2019-01-03 23:07:35 - [MESSAGE][PASSED] - Object: 'Object Repository/Final Object Repo/Page_Update Employer Information/Page_Update Employer Information UO (Under enforcement)/Save  Continue in Under enfocement Page' is clicked on

2019-01-03 23:07:35 - [TEST_STEP][PASSED] - delay: Delayed 2 second(s)

2019-01-03 23:07:37 - [MESSAGE][PASSED] - Delayed 2 second(s)

2019-01-03 23:07:37 - [TEST_STEP][PASSED] - doubleClick: Object: 'Object Repository/Final Object Repo/Page_Update Employer Information/Page_Update Employer Information UO (Under enforcement)/Message The case is under enforceme' is double clicked on

2019-01-03 23:07:38 - [MESSAGE][PASSED] - Object: 'Object Repository/Final Object Repo/Page_Update Employer Information/Page_Update Employer Information UO (Under enforcement)/Message The case is under enforceme' is double clicked on

2019-01-03 23:07:38 - [MESSAGE][PASSED] - Call Test Case 'Test Cases/Final Aug 2018 - PKS Automation/Registration Module/Workflow/Update Employer Information/Template/Update Employer Information - Special Case - UO (Under enforcement)' successfully]]></system-out>
         <system-err><![CDATA[]]></system-err>
      </testcase>
      <testcase name="Test Cases/Final Aug 2018 - PKS Automation/Registration Module/Workflow/Update Employer Information/PKRBO - UO (Approve)" classname="Test Cases/Final Aug 2018 - PKS Automation/Registration Module/Workflow/Update Employer Information/PKRBO - UO (Approve)" status="PASSED">
         <system-out><![CDATA[2019-01-03 23:07:38 - [TEST_CASE][PASSED] - Test Cases/Final Aug 2018 - PKS Automation/Registration Module/Workflow/Update Employer Information/PKRBO - UO (Approve): Test Cases/Final Aug 2018 - PKS Automation/Registration Module/Workflow/Update Employer Information/PKRBO - UO (Approve)

2019-01-03 23:07:38 - [TEST_STEP][PASSED] - callTestCase: Call Test Case 'Test Cases/Final Aug 2018 - PKS Automation/Registration Module/Workflow/Update Employer Information/Template/Update Employer Information - Special Case (PKRBO)' successfully

2019-01-03 23:07:38 - [TEST_CASE][PASSED] - Test Cases/Final Aug 2018 - PKS Automation/Registration Module/Workflow/Update Employer Information/Template/Update Employer Information - Special Case (PKRBO): Test Cases/Final Aug 2018 - PKS Automation/Registration Module/Workflow/Update Employer Information/Template/Update Employer Information - Special Case (PKRBO)

2019-01-03 23:07:39 - [TEST_STEP][PASSED] - openBrowser: Browser is opened with url: ''

2019-01-03 23:07:39 - [MESSAGE][WARNING] - A browser is already opened. Closing browser and opening a new one

2019-01-03 23:07:43 - [MESSAGE][PASSED] - Browser is opened with url: ''

2019-01-03 23:07:43 - [TEST_STEP][PASSED] - navigateToUrl: Navigate to 'https://assist2-uat.perkeso.gov.my/login' successfully

2019-01-03 23:07:44 - [MESSAGE][PASSED] - Navigate to 'https://assist2-uat.perkeso.gov.my/login' successfully

2019-01-03 23:07:44 - [TEST_STEP][PASSED] - setText: Text 'johorpkrbo1@gmail.com' is set on object 'Object Repository/Final Object Repo/Login Page/Internal User/Email Address'

2019-01-03 23:07:44 - [MESSAGE][PASSED] - Text 'johorpkrbo1@gmail.com' is set on object 'Object Repository/Final Object Repo/Login Page/Internal User/Email Address'

2019-01-03 23:07:44 - [TEST_STEP][PASSED] - click: Object: 'Object Repository/Final Object Repo/Login Page/Internal User/Next Button' is clicked on

2019-01-03 23:07:44 - [MESSAGE][PASSED] - Object: 'Object Repository/Final Object Repo/Login Page/Internal User/Next Button' is clicked on

2019-01-03 23:07:44 - [TEST_STEP][PASSED] - delay: Delayed 1 second(s)

2019-01-03 23:07:45 - [MESSAGE][PASSED] - Delayed 1 second(s)

2019-01-03 23:07:45 - [TEST_STEP][PASSED] - setEncryptedText: Text ****** has been set on object 'Object Repository/Final Object Repo/Login Page/Internal User/Password'

2019-01-03 23:07:45 - [MESSAGE][PASSED] - Text ****** has been set on object 'Object Repository/Final Object Repo/Login Page/Internal User/Password'

2019-01-03 23:07:45 - [TEST_STEP][PASSED] - click: Object: 'Object Repository/Final Object Repo/Login Page/Internal User/Login Button' is clicked on

2019-01-03 23:07:45 - [MESSAGE][PASSED] - Object: 'Object Repository/Final Object Repo/Login Page/Internal User/Login Button' is clicked on

2019-01-03 23:07:45 - [TEST_STEP][PASSED] - Statement - tester = com.kms.katalon.core.testobject.ObjectRepository.findTestObject(Final Object Repo/Landing Page/Select to English): Finding Test Object with id 'Object Repository/Final Object Repo/Landing Page/Select to English'

2019-01-03 23:07:45 - [TEST_STEP][PASSED] - Statement - Try: Delayed 2 second(s)

2019-01-03 23:07:45 - [TEST_STEP][PASSED] - Statement - Checker = com.kms.katalon.core.webui.keyword.WebUiBuiltInKeywords.verifyElementNotPresent(tester, 3): Web element with id: 'Object Repository/Final Object Repo/Landing Page/Select to English' located by 'By.xpath: //a[@class = 'taglib-language-list-text' and @lang = 'en-US' and (contains(text(), 'EN') or contains(., 'EN'))]' is not present after '3' second(s)

2019-01-03 23:07:47 - [MESSAGE][PASSED] - Web element with id: 'Object Repository/Final Object Repo/Landing Page/Select to English' located by 'By.xpath: //a[@class = 'taglib-language-list-text' and @lang = 'en-US' and (contains(text(), 'EN') or contains(., 'EN'))]' is not present after '3' second(s)

2019-01-03 23:07:47 - [TEST_STEP][PASSED] - Statement - If (Checker == false): null

2019-01-03 23:07:47 - [TEST_STEP][PASSED] - delay: Delayed 2 second(s)

2019-01-03 23:07:49 - [MESSAGE][PASSED] - Delayed 2 second(s)

2019-01-03 23:07:49 - [TEST_STEP][PASSED] - delay: Delayed 5 second(s)

2019-01-03 23:07:54 - [MESSAGE][PASSED] - Delayed 5 second(s)

2019-01-03 23:07:54 - [TEST_STEP][PASSED] - navigateToUrl: Navigate to 'https://assist2-uat.perkeso.gov.my/web/registration/update/update-employer-information' successfully

2019-01-03 23:07:55 - [MESSAGE][PASSED] - Navigate to 'https://assist2-uat.perkeso.gov.my/web/registration/update/update-employer-information' successfully

2019-01-03 23:07:55 - [TEST_STEP][PASSED] - setText: Text 'E1102001065V ' is set on object 'Object Repository/Final Object Repo/Page_Update Employer Information/Employer Code'

2019-01-03 23:07:56 - [MESSAGE][PASSED] - Text 'E1102001065V ' is set on object 'Object Repository/Final Object Repo/Page_Update Employer Information/Employer Code'

2019-01-03 23:07:56 - [TEST_STEP][PASSED] - click: Object: 'Object Repository/Final Object Repo/Page_Update Employer Information/Search Button' is clicked on

2019-01-03 23:07:56 - [MESSAGE][PASSED] - Object: 'Object Repository/Final Object Repo/Page_Update Employer Information/Search Button' is clicked on

2019-01-03 23:07:56 - [TEST_STEP][PASSED] - click: Object: 'Object Repository/Final Object Repo/Page_Update Employer Information/Edit Button' is clicked on

2019-01-03 23:07:59 - [MESSAGE][PASSED] - Object: 'Object Repository/Final Object Repo/Page_Update Employer Information/Edit Button' is clicked on

2019-01-03 23:07:59 - [TEST_STEP][PASSED] - click: Object: 'Object Repository/Final Object Repo/Page_Update Employer Information/Business Entity' is clicked on

2019-01-03 23:08:00 - [MESSAGE][PASSED] - Object: 'Object Repository/Final Object Repo/Page_Update Employer Information/Business Entity' is clicked on

2019-01-03 23:08:00 - [TEST_STEP][PASSED] - Statement - CurrentBusinessEntity = "": null

2019-01-03 23:08:00 - [TEST_STEP][PASSED] - Statement - CurrentBusinessEntity = com.kms.katalon.core.webui.keyword.WebUiBuiltInKeywords.getText(com.kms.katalon.core.testobject.ObjectRepository.findTestObject(Final Object Repo/Page_Update Employer Information/Current Business Entity)): Text of object 'Object Repository/Final Object Repo/Page_Update Employer Information/Current Business Entity' is: 'Partnership'

2019-01-03 23:08:00 - [MESSAGE][PASSED] - Text of object 'Object Repository/Final Object Repo/Page_Update Employer Information/Current Business Entity' is: 'Partnership'

2019-01-03 23:08:00 - [TEST_STEP][PASSED] - Statement - out.println(CurrentBusinessEntity): null

2019-01-03 23:08:00 - [TEST_STEP][PASSED] - Statement - If (CurrentBusinessEntity == "Corporation"): null

2019-01-03 23:08:00 - [TEST_STEP][PASSED] - Statement - Else If (CurrentBusinessEntity == "Partnership"): Delayed 3 second(s)

2019-01-03 23:08:00 - [TEST_STEP][PASSED] - Statement - obj = com.kms.katalon.core.webui.keyword.WebUiBuiltInKeywords.modifyObjectProperty(com.kms.katalon.core.testobject.ObjectRepository.findTestObject(Final Object Repo/Page_Update Employer Information/change to this Business Entity), "xpath", "equals", "//ul/li/span[contains(text(),"Sole Proprietor / Individual Business")]", true, STOP_ON_FAILURE): Modify property of object successfully

2019-01-03 23:08:00 - [MESSAGE][PASSED] - Modify property of object successfully

2019-01-03 23:08:00 - [TEST_STEP][PASSED] - click: Object: 'Object Repository/Final Object Repo/Page_Update Employer Information/change to this Business Entity' is clicked on

2019-01-03 23:08:00 - [MESSAGE][PASSED] - Object: 'Object Repository/Final Object Repo/Page_Update Employer Information/change to this Business Entity' is clicked on

2019-01-03 23:08:00 - [TEST_STEP][PASSED] - delay: Delayed 1 second(s)

2019-01-03 23:08:01 - [MESSAGE][PASSED] - Delayed 1 second(s)

2019-01-03 23:08:01 - [TEST_STEP][PASSED] - click: Object: 'Object Repository/Final Object Repo/Page_Update Employer Information/Sub Business Entity' is clicked on

2019-01-03 23:08:01 - [MESSAGE][PASSED] - Object: 'Object Repository/Final Object Repo/Page_Update Employer Information/Sub Business Entity' is clicked on

2019-01-03 23:08:01 - [TEST_STEP][PASSED] - click: Object: 'Object Repository/Final Object Repo/Page_Update Employer Information/Sub Business Entity - Sole Properietor - Registered with other Agencies' is clicked on

2019-01-03 23:08:01 - [MESSAGE][PASSED] - Object: 'Object Repository/Final Object Repo/Page_Update Employer Information/Sub Business Entity - Sole Properietor - Registered with other Agencies' is clicked on

2019-01-03 23:08:01 - [TEST_STEP][PASSED] - delay: Delayed 3 second(s)

2019-01-03 23:08:04 - [MESSAGE][PASSED] - Delayed 3 second(s)

2019-01-03 23:08:04 - [TEST_STEP][PASSED] - delay: Delayed 4 second(s)

2019-01-03 23:08:08 - [MESSAGE][PASSED] - Delayed 4 second(s)

2019-01-03 23:08:08 - [TEST_STEP][PASSED] - click: Object: 'Object Repository/Final Object Repo/Page_Update Employer Information/Save  Continue' is clicked on

2019-01-03 23:08:08 - [MESSAGE][PASSED] - Object: 'Object Repository/Final Object Repo/Page_Update Employer Information/Save  Continue' is clicked on

2019-01-03 23:08:08 - [TEST_STEP][PASSED] - delay: Delayed 4 second(s)

2019-01-03 23:08:12 - [MESSAGE][PASSED] - Delayed 4 second(s)

2019-01-03 23:08:12 - [TEST_STEP][PASSED] - click: Object: 'Object Repository/Final Object Repo/Page_Update Employer Information/Save  Continue (1)' is clicked on

2019-01-03 23:08:13 - [MESSAGE][PASSED] - Object: 'Object Repository/Final Object Repo/Page_Update Employer Information/Save  Continue (1)' is clicked on

2019-01-03 23:08:13 - [TEST_STEP][PASSED] - delay: Delayed 4 second(s)

2019-01-03 23:08:17 - [MESSAGE][PASSED] - Delayed 4 second(s)

2019-01-03 23:08:17 - [TEST_STEP][PASSED] - Statement - CaseReferenceNo = com.kms.katalon.core.webui.keyword.WebUiBuiltInKeywords.getText(com.kms.katalon.core.testobject.ObjectRepository.findTestObject(Final Object Repo/Page_Update Employer Information/Reference Number in Update Employee Information Page)): Text of object 'Object Repository/Final Object Repo/Page_Update Employer Information/Reference Number in Update Employee Information Page' is: 'CUN012019C100006190'

2019-01-03 23:08:17 - [MESSAGE][PASSED] - Text of object 'Object Repository/Final Object Repo/Page_Update Employer Information/Reference Number in Update Employee Information Page' is: 'CUN012019C100006190'

2019-01-03 23:08:17 - [TEST_STEP][PASSED] - callTestCase: Call Test Case 'Test Cases/Final Aug 2018 - PKS Automation/Common/Reference Number Setter' successfully

2019-01-03 23:08:17 - [TEST_CASE][PASSED] - Test Cases/Final Aug 2018 - PKS Automation/Common/Reference Number Setter: Test Cases/Final Aug 2018 - PKS Automation/Common/Reference Number Setter

2019-01-03 23:08:17 - [TEST_STEP][PASSED] - Statement - RefNoOldFile = new java.io.File(C://Users//Admin//Desktop//PKS//Automation Reference Point//KatalonReference.txt): null

2019-01-03 23:08:17 - [TEST_STEP][PASSED] - Statement - RefNoOldFile.delete(): null

2019-01-03 23:08:17 - [TEST_STEP][PASSED] - delay: Delayed 5 second(s)

2019-01-03 23:08:22 - [MESSAGE][PASSED] - Delayed 5 second(s)

2019-01-03 23:08:22 - [TEST_STEP][PASSED] - Statement - RefNo = new java.io.File(C://Users//Admin//Desktop//PKS//Automation Reference Point//KatalonReference.txt): null

2019-01-03 23:08:22 - [TEST_STEP][PASSED] - Statement - f2 = new java.io.FileWriter(RefNo, false): null

2019-01-03 23:08:22 - [TEST_STEP][PASSED] - Statement - f2.write(CaseReferenceNo): null

2019-01-03 23:08:22 - [TEST_STEP][PASSED] - Statement - f2.close(): null

2019-01-03 23:08:22 - [TEST_STEP][PASSED] - Statement - out.println("


" + CaseReferenceNo + "


"): null

2019-01-03 23:08:22 - [MESSAGE][PASSED] - Call Test Case 'Test Cases/Final Aug 2018 - PKS Automation/Common/Reference Number Setter' successfully

2019-01-03 23:08:22 - [TEST_STEP][PASSED] - delay: Delayed 4 second(s)

2019-01-03 23:08:26 - [MESSAGE][PASSED] - Delayed 4 second(s)

2019-01-03 23:08:26 - [TEST_STEP][PASSED] - click: Object: 'Object Repository/Final Object Repo/Page_Update Employer Information/Submit - Copy' is clicked on

2019-01-03 23:08:26 - [MESSAGE][PASSED] - Object: 'Object Repository/Final Object Repo/Page_Update Employer Information/Submit - Copy' is clicked on

2019-01-03 23:08:26 - [TEST_STEP][PASSED] - delay: Delayed 2 second(s)

2019-01-03 23:08:28 - [MESSAGE][PASSED] - Delayed 2 second(s)

2019-01-03 23:08:28 - [TEST_STEP][PASSED] - click: Object: 'Object Repository/Final Object Repo/Page_Update Employer Information/Confirm' is clicked on

2019-01-03 23:08:28 - [MESSAGE][PASSED] - Object: 'Object Repository/Final Object Repo/Page_Update Employer Information/Confirm' is clicked on

2019-01-03 23:08:28 - [TEST_STEP][PASSED] - delay: Delayed 2 second(s)

2019-01-03 23:08:30 - [MESSAGE][PASSED] - Delayed 2 second(s)

2019-01-03 23:08:30 - [TEST_STEP][PASSED] - click: Object: 'Object Repository/Final Object Repo/Page_Update Employer Information/Message Your Request will be route' is clicked on

2019-01-03 23:08:32 - [MESSAGE][PASSED] - Object: 'Object Repository/Final Object Repo/Page_Update Employer Information/Message Your Request will be route' is clicked on

2019-01-03 23:08:32 - [MESSAGE][PASSED] - Call Test Case 'Test Cases/Final Aug 2018 - PKS Automation/Registration Module/Workflow/Update Employer Information/Template/Update Employer Information - Special Case (PKRBO)' successfully

2019-01-03 23:08:32 - [TEST_STEP][PASSED] - callTestCase: Call Test Case 'Test Cases/Final Aug 2018 - PKS Automation/Registration Module/Workflow/Update Employer Information/Template/Update Employer Information - Special Case - UO (Approve)' successfully

2019-01-03 23:08:32 - [TEST_CASE][PASSED] - Test Cases/Final Aug 2018 - PKS Automation/Registration Module/Workflow/Update Employer Information/Template/Update Employer Information - Special Case - UO (Approve): Test Cases/Final Aug 2018 - PKS Automation/Registration Module/Workflow/Update Employer Information/Template/Update Employer Information - Special Case - UO (Approve)

2019-01-03 23:08:32 - [TEST_STEP][NOT_RUN] - callTestCase: NOT_RUN: callTestCase

2019-01-03 23:08:32 - [MESSAGE][NOT_RUN] - NOT_RUN: callTestCase

2019-01-03 23:08:32 - [TEST_STEP][NOT_RUN] - delay: NOT_RUN: delay

2019-01-03 23:08:32 - [MESSAGE][NOT_RUN] - NOT_RUN: delay

2019-01-03 23:08:32 - [TEST_STEP][NOT_RUN] - navigateToUrl: NOT_RUN: navigateToUrl

2019-01-03 23:08:32 - [MESSAGE][NOT_RUN] - NOT_RUN: navigateToUrl

2019-01-03 23:08:32 - [TEST_STEP][PASSED] - delay: Delayed 1 second(s)

2019-01-03 23:08:33 - [MESSAGE][PASSED] - Delayed 1 second(s)

2019-01-03 23:08:33 - [TEST_STEP][PASSED] - callTestCase: Call Test Case 'Test Cases/Final Aug 2018 - PKS Automation/Common/Reference Number Getter' successfully

2019-01-03 23:08:33 - [TEST_CASE][PASSED] - Test Cases/Final Aug 2018 - PKS Automation/Common/Reference Number Getter: Test Cases/Final Aug 2018 - PKS Automation/Common/Reference Number Getter

2019-01-03 23:08:33 - [TEST_STEP][PASSED] - Statement - Try: null

2019-01-03 23:08:33 - [TEST_STEP][PASSED] - Statement - RefNo = new java.io.File(C://Users//Admin//Desktop//PKS//Automation Reference Point//KatalonReference.txt): null

2019-01-03 23:08:33 - [TEST_STEP][PASSED] - Statement - bufferread = new java.io.BufferedReader(new java.io.FileReader(RefNo)): null

2019-01-03 23:08:33 - [TEST_STEP][PASSED] - Statement - readedVal = bufferread.readLine(): null

2019-01-03 23:08:33 - [TEST_STEP][PASSED] - Statement - out.println(CaseReferenceNo): null

2019-01-03 23:08:33 - [TEST_STEP][PASSED] - Statement - out.println(readedVal): null

2019-01-03 23:08:33 - [TEST_STEP][PASSED] - Statement - CaseReferenceNo = "": null

2019-01-03 23:08:33 - [TEST_STEP][PASSED] - Statement - CaseReferenceNo = readedVal: null

2019-01-03 23:08:33 - [MESSAGE][PASSED] - Call Test Case 'Test Cases/Final Aug 2018 - PKS Automation/Common/Reference Number Getter' successfully

2019-01-03 23:08:33 - [TEST_STEP][PASSED] - callTestCase: Call Test Case 'Test Cases/Final Aug 2018 - PKS Automation/Common/Workflow Owner Finder' successfully

2019-01-03 23:08:34 - [TEST_CASE][PASSED] - Test Cases/Final Aug 2018 - PKS Automation/Common/Workflow Owner Finder: Test Cases/Final Aug 2018 - PKS Automation/Common/Workflow Owner Finder

2019-01-03 23:08:34 - [TEST_STEP][PASSED] - openBrowser: Browser is opened with url: ''

2019-01-03 23:08:34 - [MESSAGE][WARNING] - A browser is already opened. Closing browser and opening a new one

2019-01-03 23:08:37 - [MESSAGE][PASSED] - Browser is opened with url: ''

2019-01-03 23:08:37 - [TEST_STEP][PASSED] - navigateToUrl: Navigate to 'https://assist2-uat.perkeso.gov.my/login' successfully

2019-01-03 23:08:38 - [MESSAGE][PASSED] - Navigate to 'https://assist2-uat.perkeso.gov.my/login' successfully

2019-01-03 23:08:38 - [TEST_STEP][PASSED] - delay: Delayed 5 second(s)

2019-01-03 23:08:43 - [MESSAGE][PASSED] - Delayed 5 second(s)

2019-01-03 23:08:43 - [TEST_STEP][PASSED] - setText: Text 'test@liferay.com' is set on object 'Object Repository/Final Object Repo/Login Page/Internal User/Email Address'

2019-01-03 23:08:44 - [MESSAGE][PASSED] - Text 'test@liferay.com' is set on object 'Object Repository/Final Object Repo/Login Page/Internal User/Email Address'

2019-01-03 23:08:44 - [TEST_STEP][PASSED] - click: Object: 'Object Repository/Final Object Repo/Login Page/Internal User/Next Button' is clicked on

2019-01-03 23:08:44 - [MESSAGE][PASSED] - Object: 'Object Repository/Final Object Repo/Login Page/Internal User/Next Button' is clicked on

2019-01-03 23:08:44 - [TEST_STEP][PASSED] - delay: Delayed 2 second(s)

2019-01-03 23:08:46 - [MESSAGE][PASSED] - Delayed 2 second(s)

2019-01-03 23:08:46 - [TEST_STEP][PASSED] - setText: Text 'test' is set on object 'Object Repository/Final Object Repo/Login Page/Internal User/Password'

2019-01-03 23:08:46 - [MESSAGE][PASSED] - Text 'test' is set on object 'Object Repository/Final Object Repo/Login Page/Internal User/Password'

2019-01-03 23:08:46 - [TEST_STEP][PASSED] - delay: Delayed 2 second(s)

2019-01-03 23:08:48 - [MESSAGE][PASSED] - Delayed 2 second(s)

2019-01-03 23:08:48 - [TEST_STEP][PASSED] - click: Object: 'Object Repository/Final Object Repo/Login Page/Internal User/Login Button' is clicked on

2019-01-03 23:08:48 - [MESSAGE][PASSED] - Object: 'Object Repository/Final Object Repo/Login Page/Internal User/Login Button' is clicked on

2019-01-03 23:08:48 - [TEST_STEP][PASSED] - Statement - tester = com.kms.katalon.core.testobject.ObjectRepository.findTestObject(Final Object Repo/Landing Page/Select to English): Finding Test Object with id 'Object Repository/Final Object Repo/Landing Page/Select to English'

2019-01-03 23:08:48 - [TEST_STEP][PASSED] - Statement - Try: Delayed 2 second(s)

2019-01-03 23:08:48 - [TEST_STEP][PASSED] - Statement - Checker = com.kms.katalon.core.webui.keyword.WebUiBuiltInKeywords.verifyElementNotPresent(tester, 3): Web element with id: 'Object Repository/Final Object Repo/Landing Page/Select to English' located by 'By.xpath: //a[@class = 'taglib-language-list-text' and @lang = 'en-US' and (contains(text(), 'EN') or contains(., 'EN'))]' is not present after '3' second(s)

2019-01-03 23:08:50 - [MESSAGE][PASSED] - Web element with id: 'Object Repository/Final Object Repo/Landing Page/Select to English' located by 'By.xpath: //a[@class = 'taglib-language-list-text' and @lang = 'en-US' and (contains(text(), 'EN') or contains(., 'EN'))]' is not present after '3' second(s)

2019-01-03 23:08:50 - [TEST_STEP][PASSED] - Statement - If (Checker == false): null

2019-01-03 23:08:50 - [TEST_STEP][PASSED] - delay: Delayed 2 second(s)

2019-01-03 23:08:52 - [MESSAGE][PASSED] - Delayed 2 second(s)

2019-01-03 23:08:52 - [TEST_STEP][PASSED] - delay: Delayed 5 second(s)

2019-01-03 23:08:57 - [MESSAGE][PASSED] - Delayed 5 second(s)

2019-01-03 23:08:57 - [TEST_STEP][PASSED] - mouseOver: Object: 'Object Repository/Final Object Repo/Landing Page/WorkFlow Menu' is hovered

2019-01-03 23:08:57 - [MESSAGE][PASSED] - Object: 'Object Repository/Final Object Repo/Landing Page/WorkFlow Menu' is hovered

2019-01-03 23:08:57 - [TEST_STEP][PASSED] - delay: Delayed 2 second(s)

2019-01-03 23:08:59 - [MESSAGE][PASSED] - Delayed 2 second(s)

2019-01-03 23:08:59 - [TEST_STEP][PASSED] - click: Object: 'Object Repository/Final Object Repo/Landing Page/Select to Workflow Listing' is clicked on

2019-01-03 23:09:00 - [MESSAGE][PASSED] - Object: 'Object Repository/Final Object Repo/Landing Page/Select to Workflow Listing' is clicked on

2019-01-03 23:09:00 - [TEST_STEP][PASSED] - delay: Delayed 2 second(s)

2019-01-03 23:09:02 - [MESSAGE][PASSED] - Delayed 2 second(s)

2019-01-03 23:09:02 - [TEST_STEP][PASSED] - click: Object: 'Object Repository/Final Object Repo/WorkFlow Listing Page/Search Information - To Put Ref No' is clicked on

2019-01-03 23:09:02 - [MESSAGE][PASSED] - Object: 'Object Repository/Final Object Repo/WorkFlow Listing Page/Search Information - To Put Ref No' is clicked on

2019-01-03 23:09:02 - [TEST_STEP][PASSED] - delay: Delayed 2 second(s)

2019-01-03 23:09:04 - [MESSAGE][PASSED] - Delayed 2 second(s)

2019-01-03 23:09:04 - [TEST_STEP][PASSED] - callTestCase: Call Test Case 'Test Cases/Final Aug 2018 - PKS Automation/Common/Reference Number Getter' successfully

2019-01-03 23:09:04 - [TEST_CASE][PASSED] - Test Cases/Final Aug 2018 - PKS Automation/Common/Reference Number Getter: Test Cases/Final Aug 2018 - PKS Automation/Common/Reference Number Getter

2019-01-03 23:09:04 - [TEST_STEP][PASSED] - Statement - Try: null

2019-01-03 23:09:04 - [TEST_STEP][PASSED] - Statement - RefNo = new java.io.File(C://Users//Admin//Desktop//PKS//Automation Reference Point//KatalonReference.txt): null

2019-01-03 23:09:04 - [TEST_STEP][PASSED] - Statement - bufferread = new java.io.BufferedReader(new java.io.FileReader(RefNo)): null

2019-01-03 23:09:04 - [TEST_STEP][PASSED] - Statement - readedVal = bufferread.readLine(): null

2019-01-03 23:09:04 - [TEST_STEP][PASSED] - Statement - out.println(CaseReferenceNo): null

2019-01-03 23:09:04 - [TEST_STEP][PASSED] - Statement - out.println(readedVal): null

2019-01-03 23:09:04 - [TEST_STEP][PASSED] - Statement - CaseReferenceNo = "": null

2019-01-03 23:09:04 - [TEST_STEP][PASSED] - Statement - CaseReferenceNo = readedVal: null

2019-01-03 23:09:04 - [MESSAGE][PASSED] - Call Test Case 'Test Cases/Final Aug 2018 - PKS Automation/Common/Reference Number Getter' successfully

2019-01-03 23:09:04 - [TEST_STEP][PASSED] - setText: Text 'CUN012019C100006190' is set on object 'Object Repository/Final Object Repo/WorkFlow Listing Page/Ref No Set Text'

2019-01-03 23:09:05 - [MESSAGE][PASSED] - Text 'CUN012019C100006190' is set on object 'Object Repository/Final Object Repo/WorkFlow Listing Page/Ref No Set Text'

2019-01-03 23:09:05 - [TEST_STEP][PASSED] - delay: Delayed 2 second(s)

2019-01-03 23:09:07 - [MESSAGE][PASSED] - Delayed 2 second(s)

2019-01-03 23:09:07 - [TEST_STEP][PASSED] - click: Object: 'Object Repository/Final Object Repo/WorkFlow Listing Page/Search Ref No Search Button' is clicked on

2019-01-03 23:09:07 - [MESSAGE][PASSED] - Object: 'Object Repository/Final Object Repo/WorkFlow Listing Page/Search Ref No Search Button' is clicked on

2019-01-03 23:09:07 - [TEST_STEP][PASSED] - delay: Delayed 6 second(s)

2019-01-03 23:09:13 - [MESSAGE][PASSED] - Delayed 6 second(s)

2019-01-03 23:09:13 - [TEST_STEP][PASSED] - click: Object: 'Object Repository/Final Object Repo/WorkFlow Listing Page/Click Continue Tooltip' is clicked on

2019-01-03 23:09:14 - [MESSAGE][PASSED] - Object: 'Object Repository/Final Object Repo/WorkFlow Listing Page/Click Continue Tooltip' is clicked on

2019-01-03 23:09:14 - [TEST_STEP][PASSED] - delay: Delayed 5 second(s)

2019-01-03 23:09:19 - [MESSAGE][PASSED] - Delayed 5 second(s)

2019-01-03 23:09:19 - [TEST_STEP][PASSED] - doubleClick: Object: 'Object Repository/Final Object Repo/WorkFlow Listing Page/Workflow Found - Listing 1' is double clicked on

2019-01-03 23:09:19 - [MESSAGE][PASSED] - Object: 'Object Repository/Final Object Repo/WorkFlow Listing Page/Workflow Found - Listing 1' is double clicked on

2019-01-03 23:09:19 - [TEST_STEP][PASSED] - Statement - println(OwnerID): null

2019-01-03 23:09:19 - [TEST_STEP][PASSED] - Statement - OwnerID = com.kms.katalon.core.webui.keyword.WebUiBuiltInKeywords.getText(com.kms.katalon.core.testobject.ObjectRepository.findTestObject(Final Object Repo/WorkFlow Listing Page/Workflow Found - Listing 1), STOP_ON_FAILURE): Text of object 'Object Repository/Final Object Repo/WorkFlow Listing Page/Workflow Found - Listing 1' is: 'JOHORuo1'

2019-01-03 23:09:19 - [MESSAGE][PASSED] - Text of object 'Object Repository/Final Object Repo/WorkFlow Listing Page/Workflow Found - Listing 1' is: 'JOHORuo1'

2019-01-03 23:09:19 - [TEST_STEP][PASSED] - Statement - OwnerID = OwnerID.toLowerCase() + "@gmail.com": null

2019-01-03 23:09:19 - [TEST_STEP][PASSED] - Statement - println(OwnerID): null

2019-01-03 23:09:19 - [TEST_STEP][PASSED] - delay: Delayed 2 second(s)

2019-01-03 23:09:21 - [MESSAGE][PASSED] - Delayed 2 second(s)

2019-01-03 23:09:21 - [MESSAGE][PASSED] - Call Test Case 'Test Cases/Final Aug 2018 - PKS Automation/Common/Workflow Owner Finder' successfully

2019-01-03 23:09:21 - [TEST_STEP][PASSED] - delay: Delayed 1 second(s)

2019-01-03 23:09:22 - [MESSAGE][PASSED] - Delayed 1 second(s)

2019-01-03 23:09:22 - [TEST_STEP][PASSED] - navigateToUrl: Navigate to 'https://assist2-uat.perkeso.gov.my/c/portal/logout' successfully

2019-01-03 23:09:23 - [MESSAGE][PASSED] - Navigate to 'https://assist2-uat.perkeso.gov.my/c/portal/logout' successfully

2019-01-03 23:09:23 - [TEST_STEP][PASSED] - callTestCase: Call Test Case 'Test Cases/Final Aug 2018 - PKS Automation/Registration Module/Workflow/Login and Search Case For Workflow' successfully

2019-01-03 23:09:23 - [TEST_CASE][PASSED] - Test Cases/Final Aug 2018 - PKS Automation/Registration Module/Workflow/Login and Search Case For Workflow: Test Cases/Final Aug 2018 - PKS Automation/Registration Module/Workflow/Login and Search Case For Workflow

2019-01-03 23:09:23 - [TEST_STEP][PASSED] - navigateToUrl: Navigate to 'https://assist2-uat.perkeso.gov.my/login' successfully

2019-01-03 23:09:23 - [MESSAGE][PASSED] - Navigate to 'https://assist2-uat.perkeso.gov.my/login' successfully

2019-01-03 23:09:23 - [TEST_STEP][PASSED] - setText: Text 'johoruo1@gmail.com' is set on object 'Object Repository/Final Object Repo/Login Page/Internal User/Email Address'

2019-01-03 23:09:23 - [MESSAGE][PASSED] - Text 'johoruo1@gmail.com' is set on object 'Object Repository/Final Object Repo/Login Page/Internal User/Email Address'

2019-01-03 23:09:23 - [TEST_STEP][PASSED] - click: Object: 'Object Repository/Final Object Repo/Login Page/Internal User/Next Button' is clicked on

2019-01-03 23:09:24 - [MESSAGE][PASSED] - Object: 'Object Repository/Final Object Repo/Login Page/Internal User/Next Button' is clicked on

2019-01-03 23:09:24 - [TEST_STEP][PASSED] - delay: Delayed 1 second(s)

2019-01-03 23:09:25 - [MESSAGE][PASSED] - Delayed 1 second(s)

2019-01-03 23:09:25 - [TEST_STEP][PASSED] - setEncryptedText: Text ****** has been set on object 'Object Repository/Final Object Repo/Login Page/Internal User/Password'

2019-01-03 23:09:25 - [MESSAGE][PASSED] - Text ****** has been set on object 'Object Repository/Final Object Repo/Login Page/Internal User/Password'

2019-01-03 23:09:25 - [TEST_STEP][PASSED] - click: Object: 'Object Repository/Final Object Repo/Login Page/Internal User/Login Button' is clicked on

2019-01-03 23:09:25 - [MESSAGE][PASSED] - Object: 'Object Repository/Final Object Repo/Login Page/Internal User/Login Button' is clicked on

2019-01-03 23:09:25 - [TEST_STEP][PASSED] - delay: Delayed 2 second(s)

2019-01-03 23:09:27 - [MESSAGE][PASSED] - Delayed 2 second(s)

2019-01-03 23:09:27 - [TEST_STEP][PASSED] - Statement - Try: Delayed 2 second(s)

2019-01-03 23:09:27 - [TEST_STEP][PASSED] - Statement - Checker = false: null

2019-01-03 23:09:27 - [TEST_STEP][PASSED] - Statement - Checker = com.kms.katalon.core.webui.keyword.WebUiBuiltInKeywords.verifyElementHasAttribute(com.kms.katalon.core.testobject.ObjectRepository.findTestObject(Final Object Repo/Landing Page/BM Detecting), "href", 20, OPTIONAL): Object 'Object Repository/Final Object Repo/Landing Page/BM Detecting' has attribute 'href'

2019-01-03 23:09:27 - [MESSAGE][PASSED] - Object 'Object Repository/Final Object Repo/Landing Page/BM Detecting' has attribute 'href'

2019-01-03 23:09:27 - [TEST_STEP][PASSED] - Statement - out.println(Checker): null

2019-01-03 23:09:27 - [TEST_STEP][PASSED] - Statement - If (Checker == false): null

2019-01-03 23:09:27 - [TEST_STEP][PASSED] - Statement - Else: null

2019-01-03 23:09:27 - [TEST_STEP][PASSED] - delay: Delayed 2 second(s)

2019-01-03 23:09:29 - [MESSAGE][PASSED] - Delayed 2 second(s)

2019-01-03 23:09:29 - [TEST_STEP][PASSED] - click: Object: 'Object Repository/Final Object Repo/Page_MyASSIST - ASSIST - Search Pending Case For Add Supporting Document/Search Information' is clicked on

2019-01-03 23:09:29 - [MESSAGE][PASSED] - Object: 'Object Repository/Final Object Repo/Page_MyASSIST - ASSIST - Search Pending Case For Add Supporting Document/Search Information' is clicked on

2019-01-03 23:09:29 - [TEST_STEP][PASSED] - delay: Delayed 3 second(s)

2019-01-03 23:09:32 - [MESSAGE][PASSED] - Delayed 3 second(s)

2019-01-03 23:09:32 - [TEST_STEP][PASSED] - sendKeys: Keys 'CUN012019C100006190' sent to object: 'Object Repository/Final Object Repo/Page_MyASSIST - ASSIST - Search Pending Case For Add Supporting Document/Reference No'

2019-01-03 23:09:32 - [MESSAGE][PASSED] - Keys 'CUN012019C100006190' sent to object: 'Object Repository/Final Object Repo/Page_MyASSIST - ASSIST - Search Pending Case For Add Supporting Document/Reference No'

2019-01-03 23:09:32 - [TEST_STEP][PASSED] - click: Object: 'Object Repository/Final Object Repo/Page_MyASSIST - ASSIST - Search Pending Case For Add Supporting Document/Search Reference No' is clicked on

2019-01-03 23:09:33 - [MESSAGE][PASSED] - Object: 'Object Repository/Final Object Repo/Page_MyASSIST - ASSIST - Search Pending Case For Add Supporting Document/Search Reference No' is clicked on

2019-01-03 23:09:33 - [TEST_STEP][PASSED] - delay: Delayed 2 second(s)

2019-01-03 23:09:35 - [MESSAGE][PASSED] - Delayed 2 second(s)

2019-01-03 23:09:35 - [TEST_STEP][PASSED] - click: Object: 'Object Repository/Final Object Repo/Page_MyASSIST - ASSIST - Search Pending Case For Add Supporting Document/Continue' is clicked on

2019-01-03 23:09:38 - [MESSAGE][PASSED] - Object: 'Object Repository/Final Object Repo/Page_MyASSIST - ASSIST - Search Pending Case For Add Supporting Document/Continue' is clicked on

2019-01-03 23:09:38 - [TEST_STEP][PASSED] - delay: Delayed 20 second(s)

2019-01-03 23:09:58 - [MESSAGE][PASSED] - Delayed 20 second(s)

2019-01-03 23:09:58 - [MESSAGE][PASSED] - Call Test Case 'Test Cases/Final Aug 2018 - PKS Automation/Registration Module/Workflow/Login and Search Case For Workflow' successfully

2019-01-03 23:09:58 - [TEST_STEP][PASSED] - delay: Delayed 10 second(s)

2019-01-03 23:10:08 - [MESSAGE][PASSED] - Delayed 10 second(s)

2019-01-03 23:10:08 - [TEST_STEP][PASSED] - click: Object: 'Object Repository/Final Object Repo/Page_Update Employer Information/Page_Update Employer Information UO (Approve)/Continue' is clicked on

2019-01-03 23:10:12 - [MESSAGE][PASSED] - Object: 'Object Repository/Final Object Repo/Page_Update Employer Information/Page_Update Employer Information UO (Approve)/Continue' is clicked on

2019-01-03 23:10:12 - [TEST_STEP][PASSED] - delay: Delayed 10 second(s)

2019-01-03 23:10:22 - [MESSAGE][PASSED] - Delayed 10 second(s)

2019-01-03 23:10:22 - [TEST_STEP][PASSED] - click: Object: 'Object Repository/Final Object Repo/Page_Update Employer Information/Page_Update Employer Information UO (Approve)/Save  Continue in Update Employer Information Page' is clicked on

2019-01-03 23:10:22 - [MESSAGE][PASSED] - Object: 'Object Repository/Final Object Repo/Page_Update Employer Information/Page_Update Employer Information UO (Approve)/Save  Continue in Update Employer Information Page' is clicked on

2019-01-03 23:10:22 - [TEST_STEP][PASSED] - delay: Delayed 3 second(s)

2019-01-03 23:10:25 - [MESSAGE][PASSED] - Delayed 3 second(s)

2019-01-03 23:10:25 - [TEST_STEP][PASSED] - click: Object: 'Object Repository/Final Object Repo/Page_Update Employer Information/Page_Update Employer Information UO (Approve)/Save  Continue in Uploading Supporting Document Page' is clicked on

2019-01-03 23:10:27 - [MESSAGE][PASSED] - Object: 'Object Repository/Final Object Repo/Page_Update Employer Information/Page_Update Employer Information UO (Approve)/Save  Continue in Uploading Supporting Document Page' is clicked on

2019-01-03 23:10:27 - [TEST_STEP][PASSED] - delay: Delayed 3 second(s)

2019-01-03 23:10:30 - [MESSAGE][PASSED] - Delayed 3 second(s)

2019-01-03 23:10:30 - [TEST_STEP][PASSED] - click: Object: 'Object Repository/Final Object Repo/Page_Update Employer Information/Page_Update Employer Information UO (Approve)/Approve' is clicked on

2019-01-03 23:10:31 - [MESSAGE][PASSED] - Object: 'Object Repository/Final Object Repo/Page_Update Employer Information/Page_Update Employer Information UO (Approve)/Approve' is clicked on

2019-01-03 23:10:31 - [TEST_STEP][PASSED] - delay: Delayed 2 second(s)

2019-01-03 23:10:33 - [MESSAGE][PASSED] - Delayed 2 second(s)

2019-01-03 23:10:33 - [TEST_STEP][PASSED] - click: Object: 'Object Repository/Final Object Repo/Page_Update Employer Information/Page_Update Employer Information UO (Approve)/Confirm' is clicked on

2019-01-03 23:10:34 - [MESSAGE][PASSED] - Object: 'Object Repository/Final Object Repo/Page_Update Employer Information/Page_Update Employer Information UO (Approve)/Confirm' is clicked on

2019-01-03 23:10:34 - [TEST_STEP][PASSED] - delay: Delayed 2 second(s)

2019-01-03 23:10:36 - [MESSAGE][PASSED] - Delayed 2 second(s)

2019-01-03 23:10:36 - [TEST_STEP][PASSED] - verifyElementVisible: Object 'Object Repository/Final Object Repo/Page_Update Employer Information/Page_Update Employer Information UO (Approve)/Message Your Request' is visible

2019-01-03 23:10:44 - [MESSAGE][PASSED] - Object 'Object Repository/Final Object Repo/Page_Update Employer Information/Page_Update Employer Information UO (Approve)/Message Your Request' is visible

2019-01-03 23:10:44 - [TEST_STEP][PASSED] - verifyElementVisible: Object 'Object Repository/Final Object Repo/Page_Update Employer Information/Page_Update Employer Information UO (Approve)/Letter of successful update' is visible

2019-01-03 23:10:44 - [MESSAGE][PASSED] - Object 'Object Repository/Final Object Repo/Page_Update Employer Information/Page_Update Employer Information UO (Approve)/Letter of successful update' is visible

2019-01-03 23:10:44 - [MESSAGE][PASSED] - Call Test Case 'Test Cases/Final Aug 2018 - PKS Automation/Registration Module/Workflow/Update Employer Information/Template/Update Employer Information - Special Case - UO (Approve)' successfully]]></system-out>
         <system-err><![CDATA[]]></system-err>
      </testcase>
      <testcase name="Test Cases/Final Aug 2018 - PKS Automation/Registration Module/Workflow/Update Employer Information/PKRBO - UO (Query)" classname="Test Cases/Final Aug 2018 - PKS Automation/Registration Module/Workflow/Update Employer Information/PKRBO - UO (Query)" status="PASSED">
         <system-out><![CDATA[2019-01-03 23:10:44 - [TEST_CASE][PASSED] - Test Cases/Final Aug 2018 - PKS Automation/Registration Module/Workflow/Update Employer Information/PKRBO - UO (Query): Test Cases/Final Aug 2018 - PKS Automation/Registration Module/Workflow/Update Employer Information/PKRBO - UO (Query)

2019-01-03 23:10:44 - [TEST_STEP][PASSED] - callTestCase: Call Test Case 'Test Cases/Final Aug 2018 - PKS Automation/Registration Module/Workflow/Update Employer Information/Template/Update Employer Information - Special Case (PKRBO)' successfully

2019-01-03 23:10:44 - [TEST_CASE][PASSED] - Test Cases/Final Aug 2018 - PKS Automation/Registration Module/Workflow/Update Employer Information/Template/Update Employer Information - Special Case (PKRBO): Test Cases/Final Aug 2018 - PKS Automation/Registration Module/Workflow/Update Employer Information/Template/Update Employer Information - Special Case (PKRBO)

2019-01-03 23:10:44 - [TEST_STEP][PASSED] - openBrowser: Browser is opened with url: ''

2019-01-03 23:10:44 - [MESSAGE][WARNING] - A browser is already opened. Closing browser and opening a new one

2019-01-03 23:10:48 - [MESSAGE][PASSED] - Browser is opened with url: ''

2019-01-03 23:10:48 - [TEST_STEP][PASSED] - navigateToUrl: Navigate to 'https://assist2-uat.perkeso.gov.my/login' successfully

2019-01-03 23:10:49 - [MESSAGE][PASSED] - Navigate to 'https://assist2-uat.perkeso.gov.my/login' successfully

2019-01-03 23:10:49 - [TEST_STEP][PASSED] - setText: Text 'johorpkrbo1@gmail.com' is set on object 'Object Repository/Final Object Repo/Login Page/Internal User/Email Address'

2019-01-03 23:10:49 - [MESSAGE][PASSED] - Text 'johorpkrbo1@gmail.com' is set on object 'Object Repository/Final Object Repo/Login Page/Internal User/Email Address'

2019-01-03 23:10:49 - [TEST_STEP][PASSED] - click: Object: 'Object Repository/Final Object Repo/Login Page/Internal User/Next Button' is clicked on

2019-01-03 23:10:50 - [MESSAGE][PASSED] - Object: 'Object Repository/Final Object Repo/Login Page/Internal User/Next Button' is clicked on

2019-01-03 23:10:50 - [TEST_STEP][PASSED] - delay: Delayed 1 second(s)

2019-01-03 23:10:51 - [MESSAGE][PASSED] - Delayed 1 second(s)

2019-01-03 23:10:51 - [TEST_STEP][PASSED] - setEncryptedText: Text ****** has been set on object 'Object Repository/Final Object Repo/Login Page/Internal User/Password'

2019-01-03 23:10:51 - [MESSAGE][PASSED] - Text ****** has been set on object 'Object Repository/Final Object Repo/Login Page/Internal User/Password'

2019-01-03 23:10:51 - [TEST_STEP][PASSED] - click: Object: 'Object Repository/Final Object Repo/Login Page/Internal User/Login Button' is clicked on

2019-01-03 23:10:51 - [MESSAGE][PASSED] - Object: 'Object Repository/Final Object Repo/Login Page/Internal User/Login Button' is clicked on

2019-01-03 23:10:51 - [TEST_STEP][PASSED] - Statement - tester = com.kms.katalon.core.testobject.ObjectRepository.findTestObject(Final Object Repo/Landing Page/Select to English): Finding Test Object with id 'Object Repository/Final Object Repo/Landing Page/Select to English'

2019-01-03 23:10:51 - [TEST_STEP][PASSED] - Statement - Try: Delayed 2 second(s)

2019-01-03 23:10:51 - [TEST_STEP][PASSED] - Statement - Checker = com.kms.katalon.core.webui.keyword.WebUiBuiltInKeywords.verifyElementNotPresent(tester, 3): Web element with id: 'Object Repository/Final Object Repo/Landing Page/Select to English' located by 'By.xpath: //a[@class = 'taglib-language-list-text' and @lang = 'en-US' and (contains(text(), 'EN') or contains(., 'EN'))]' is not present after '3' second(s)

2019-01-03 23:10:53 - [MESSAGE][PASSED] - Web element with id: 'Object Repository/Final Object Repo/Landing Page/Select to English' located by 'By.xpath: //a[@class = 'taglib-language-list-text' and @lang = 'en-US' and (contains(text(), 'EN') or contains(., 'EN'))]' is not present after '3' second(s)

2019-01-03 23:10:53 - [TEST_STEP][PASSED] - Statement - If (Checker == false): null

2019-01-03 23:10:53 - [TEST_STEP][PASSED] - delay: Delayed 2 second(s)

2019-01-03 23:10:55 - [MESSAGE][PASSED] - Delayed 2 second(s)

2019-01-03 23:10:55 - [TEST_STEP][PASSED] - delay: Delayed 5 second(s)

2019-01-03 23:11:00 - [MESSAGE][PASSED] - Delayed 5 second(s)

2019-01-03 23:11:00 - [TEST_STEP][PASSED] - navigateToUrl: Navigate to 'https://assist2-uat.perkeso.gov.my/web/registration/update/update-employer-information' successfully

2019-01-03 23:11:01 - [MESSAGE][PASSED] - Navigate to 'https://assist2-uat.perkeso.gov.my/web/registration/update/update-employer-information' successfully

2019-01-03 23:11:01 - [TEST_STEP][PASSED] - setText: Text 'E1102001065V ' is set on object 'Object Repository/Final Object Repo/Page_Update Employer Information/Employer Code'

2019-01-03 23:11:01 - [MESSAGE][PASSED] - Text 'E1102001065V ' is set on object 'Object Repository/Final Object Repo/Page_Update Employer Information/Employer Code'

2019-01-03 23:11:01 - [TEST_STEP][PASSED] - click: Object: 'Object Repository/Final Object Repo/Page_Update Employer Information/Search Button' is clicked on

2019-01-03 23:11:01 - [MESSAGE][PASSED] - Object: 'Object Repository/Final Object Repo/Page_Update Employer Information/Search Button' is clicked on

2019-01-03 23:11:01 - [TEST_STEP][PASSED] - click: Object: 'Object Repository/Final Object Repo/Page_Update Employer Information/Edit Button' is clicked on

2019-01-03 23:11:05 - [MESSAGE][PASSED] - Object: 'Object Repository/Final Object Repo/Page_Update Employer Information/Edit Button' is clicked on

2019-01-03 23:11:05 - [TEST_STEP][PASSED] - click: Object: 'Object Repository/Final Object Repo/Page_Update Employer Information/Business Entity' is clicked on

2019-01-03 23:11:05 - [MESSAGE][PASSED] - Object: 'Object Repository/Final Object Repo/Page_Update Employer Information/Business Entity' is clicked on

2019-01-03 23:11:05 - [TEST_STEP][PASSED] - Statement - CurrentBusinessEntity = "": null

2019-01-03 23:11:05 - [TEST_STEP][PASSED] - Statement - CurrentBusinessEntity = com.kms.katalon.core.webui.keyword.WebUiBuiltInKeywords.getText(com.kms.katalon.core.testobject.ObjectRepository.findTestObject(Final Object Repo/Page_Update Employer Information/Current Business Entity)): Text of object 'Object Repository/Final Object Repo/Page_Update Employer Information/Current Business Entity' is: 'Sole Proprietor / Individual Business'

2019-01-03 23:11:05 - [MESSAGE][PASSED] - Text of object 'Object Repository/Final Object Repo/Page_Update Employer Information/Current Business Entity' is: 'Sole Proprietor / Individual Business'

2019-01-03 23:11:05 - [TEST_STEP][PASSED] - Statement - out.println(CurrentBusinessEntity): null

2019-01-03 23:11:05 - [TEST_STEP][PASSED] - Statement - If (CurrentBusinessEntity == "Corporation"): null

2019-01-03 23:11:05 - [TEST_STEP][PASSED] - Statement - Else If (CurrentBusinessEntity == "Partnership"): null

2019-01-03 23:11:05 - [TEST_STEP][PASSED] - Statement - Else If (CurrentBusinessEntity == "Sole Proprietor / Individual Business"): Delayed 3 second(s)

2019-01-03 23:11:05 - [TEST_STEP][PASSED] - Statement - obj = com.kms.katalon.core.webui.keyword.WebUiBuiltInKeywords.modifyObjectProperty(com.kms.katalon.core.testobject.ObjectRepository.findTestObject(Final Object Repo/Page_Update Employer Information/change to this Business Entity), "xpath", "equals", "//ul/li/span[contains(text(),"Others")]", true, STOP_ON_FAILURE): Modify property of object successfully

2019-01-03 23:11:05 - [MESSAGE][PASSED] - Modify property of object successfully

2019-01-03 23:11:05 - [TEST_STEP][PASSED] - click: Object: 'Object Repository/Final Object Repo/Page_Update Employer Information/change to this Business Entity' is clicked on

2019-01-03 23:11:05 - [MESSAGE][PASSED] - Object: 'Object Repository/Final Object Repo/Page_Update Employer Information/change to this Business Entity' is clicked on

2019-01-03 23:11:05 - [TEST_STEP][PASSED] - delay: Delayed 1 second(s)

2019-01-03 23:11:06 - [MESSAGE][PASSED] - Delayed 1 second(s)

2019-01-03 23:11:06 - [TEST_STEP][PASSED] - click: Object: 'Object Repository/Final Object Repo/Page_Update Employer Information/Sub Business Entity' is clicked on

2019-01-03 23:11:06 - [MESSAGE][PASSED] - Object: 'Object Repository/Final Object Repo/Page_Update Employer Information/Sub Business Entity' is clicked on

2019-01-03 23:11:06 - [TEST_STEP][PASSED] - click: Object: 'Object Repository/Final Object Repo/Page_Update Employer Information/Sub Business Entity List - Others - Federal Government Agency' is clicked on

2019-01-03 23:11:06 - [MESSAGE][PASSED] - Object: 'Object Repository/Final Object Repo/Page_Update Employer Information/Sub Business Entity List - Others - Federal Government Agency' is clicked on

2019-01-03 23:11:06 - [TEST_STEP][PASSED] - delay: Delayed 1 second(s)

2019-01-03 23:11:07 - [MESSAGE][PASSED] - Delayed 1 second(s)

2019-01-03 23:11:07 - [TEST_STEP][PASSED] - click: Object: 'Object Repository/Final Object Repo/Page_Update Employer Information/Sub Business Entity List' is clicked on

2019-01-03 23:11:08 - [MESSAGE][PASSED] - Object: 'Object Repository/Final Object Repo/Page_Update Employer Information/Sub Business Entity List' is clicked on

2019-01-03 23:11:08 - [TEST_STEP][PASSED] - click: Object: 'Object Repository/Final Object Repo/Page_Update Employer Information/Sub Business Entity - Others - Federal Government Agency - Kementerian' is clicked on

2019-01-03 23:11:08 - [MESSAGE][PASSED] - Object: 'Object Repository/Final Object Repo/Page_Update Employer Information/Sub Business Entity - Others - Federal Government Agency - Kementerian' is clicked on

2019-01-03 23:11:08 - [TEST_STEP][PASSED] - delay: Delayed 3 second(s)

2019-01-03 23:11:11 - [MESSAGE][PASSED] - Delayed 3 second(s)

2019-01-03 23:11:11 - [TEST_STEP][PASSED] - delay: Delayed 4 second(s)

2019-01-03 23:11:15 - [MESSAGE][PASSED] - Delayed 4 second(s)

2019-01-03 23:11:15 - [TEST_STEP][PASSED] - click: Object: 'Object Repository/Final Object Repo/Page_Update Employer Information/Save  Continue' is clicked on

2019-01-03 23:11:15 - [MESSAGE][PASSED] - Object: 'Object Repository/Final Object Repo/Page_Update Employer Information/Save  Continue' is clicked on

2019-01-03 23:11:15 - [TEST_STEP][PASSED] - delay: Delayed 4 second(s)

2019-01-03 23:11:19 - [MESSAGE][PASSED] - Delayed 4 second(s)

2019-01-03 23:11:19 - [TEST_STEP][PASSED] - click: Object: 'Object Repository/Final Object Repo/Page_Update Employer Information/Save  Continue (1)' is clicked on

2019-01-03 23:11:19 - [MESSAGE][PASSED] - Object: 'Object Repository/Final Object Repo/Page_Update Employer Information/Save  Continue (1)' is clicked on

2019-01-03 23:11:19 - [TEST_STEP][PASSED] - delay: Delayed 4 second(s)

2019-01-03 23:11:23 - [MESSAGE][PASSED] - Delayed 4 second(s)

2019-01-03 23:11:23 - [TEST_STEP][PASSED] - Statement - CaseReferenceNo = com.kms.katalon.core.webui.keyword.WebUiBuiltInKeywords.getText(com.kms.katalon.core.testobject.ObjectRepository.findTestObject(Final Object Repo/Page_Update Employer Information/Reference Number in Update Employee Information Page)): Text of object 'Object Repository/Final Object Repo/Page_Update Employer Information/Reference Number in Update Employee Information Page' is: 'CUN012019C100006191'

2019-01-03 23:11:23 - [MESSAGE][PASSED] - Text of object 'Object Repository/Final Object Repo/Page_Update Employer Information/Reference Number in Update Employee Information Page' is: 'CUN012019C100006191'

2019-01-03 23:11:23 - [TEST_STEP][PASSED] - callTestCase: Call Test Case 'Test Cases/Final Aug 2018 - PKS Automation/Common/Reference Number Setter' successfully

2019-01-03 23:11:23 - [TEST_CASE][PASSED] - Test Cases/Final Aug 2018 - PKS Automation/Common/Reference Number Setter: Test Cases/Final Aug 2018 - PKS Automation/Common/Reference Number Setter

2019-01-03 23:11:23 - [TEST_STEP][PASSED] - Statement - RefNoOldFile = new java.io.File(C://Users//Admin//Desktop//PKS//Automation Reference Point//KatalonReference.txt): null

2019-01-03 23:11:23 - [TEST_STEP][PASSED] - Statement - RefNoOldFile.delete(): null

2019-01-03 23:11:23 - [TEST_STEP][PASSED] - delay: Delayed 5 second(s)

2019-01-03 23:11:28 - [MESSAGE][PASSED] - Delayed 5 second(s)

2019-01-03 23:11:28 - [TEST_STEP][PASSED] - Statement - RefNo = new java.io.File(C://Users//Admin//Desktop//PKS//Automation Reference Point//KatalonReference.txt): null

2019-01-03 23:11:28 - [TEST_STEP][PASSED] - Statement - f2 = new java.io.FileWriter(RefNo, false): null

2019-01-03 23:11:28 - [TEST_STEP][PASSED] - Statement - f2.write(CaseReferenceNo): null

2019-01-03 23:11:28 - [TEST_STEP][PASSED] - Statement - f2.close(): null

2019-01-03 23:11:28 - [TEST_STEP][PASSED] - Statement - out.println("


" + CaseReferenceNo + "


"): null

2019-01-03 23:11:28 - [MESSAGE][PASSED] - Call Test Case 'Test Cases/Final Aug 2018 - PKS Automation/Common/Reference Number Setter' successfully

2019-01-03 23:11:28 - [TEST_STEP][PASSED] - delay: Delayed 4 second(s)

2019-01-03 23:11:32 - [MESSAGE][PASSED] - Delayed 4 second(s)

2019-01-03 23:11:32 - [TEST_STEP][PASSED] - click: Object: 'Object Repository/Final Object Repo/Page_Update Employer Information/Submit - Copy' is clicked on

2019-01-03 23:11:33 - [MESSAGE][PASSED] - Object: 'Object Repository/Final Object Repo/Page_Update Employer Information/Submit - Copy' is clicked on

2019-01-03 23:11:33 - [TEST_STEP][PASSED] - delay: Delayed 2 second(s)

2019-01-03 23:11:35 - [MESSAGE][PASSED] - Delayed 2 second(s)

2019-01-03 23:11:35 - [TEST_STEP][PASSED] - click: Object: 'Object Repository/Final Object Repo/Page_Update Employer Information/Confirm' is clicked on

2019-01-03 23:11:35 - [MESSAGE][PASSED] - Object: 'Object Repository/Final Object Repo/Page_Update Employer Information/Confirm' is clicked on

2019-01-03 23:11:35 - [TEST_STEP][PASSED] - delay: Delayed 2 second(s)

2019-01-03 23:11:37 - [MESSAGE][PASSED] - Delayed 2 second(s)

2019-01-03 23:11:37 - [TEST_STEP][PASSED] - click: Object: 'Object Repository/Final Object Repo/Page_Update Employer Information/Message Your Request will be route' is clicked on

2019-01-03 23:11:39 - [MESSAGE][PASSED] - Object: 'Object Repository/Final Object Repo/Page_Update Employer Information/Message Your Request will be route' is clicked on

2019-01-03 23:11:39 - [MESSAGE][PASSED] - Call Test Case 'Test Cases/Final Aug 2018 - PKS Automation/Registration Module/Workflow/Update Employer Information/Template/Update Employer Information - Special Case (PKRBO)' successfully

2019-01-03 23:11:39 - [TEST_STEP][PASSED] - callTestCase: Call Test Case 'Test Cases/Final Aug 2018 - PKS Automation/Registration Module/Workflow/Update Employer Information/Template/Update Employer Information - Special Case - UO (Query)' successfully

2019-01-03 23:11:39 - [TEST_CASE][PASSED] - Test Cases/Final Aug 2018 - PKS Automation/Registration Module/Workflow/Update Employer Information/Template/Update Employer Information - Special Case - UO (Query): Test Cases/Final Aug 2018 - PKS Automation/Registration Module/Workflow/Update Employer Information/Template/Update Employer Information - Special Case - UO (Query)

2019-01-03 23:11:39 - [TEST_STEP][NOT_RUN] - callTestCase: NOT_RUN: callTestCase

2019-01-03 23:11:39 - [MESSAGE][NOT_RUN] - NOT_RUN: callTestCase

2019-01-03 23:11:39 - [TEST_STEP][PASSED] - delay: Delayed 1 second(s)

2019-01-03 23:11:40 - [MESSAGE][PASSED] - Delayed 1 second(s)

2019-01-03 23:11:40 - [TEST_STEP][PASSED] - navigateToUrl: Navigate to 'https://assist2-uat.perkeso.gov.my/c/portal/logout' successfully

2019-01-03 23:11:40 - [MESSAGE][PASSED] - Navigate to 'https://assist2-uat.perkeso.gov.my/c/portal/logout' successfully

2019-01-03 23:11:40 - [TEST_STEP][PASSED] - delay: Delayed 1 second(s)

2019-01-03 23:11:41 - [MESSAGE][PASSED] - Delayed 1 second(s)

2019-01-03 23:11:41 - [TEST_STEP][PASSED] - callTestCase: Call Test Case 'Test Cases/Final Aug 2018 - PKS Automation/Common/Reference Number Getter' successfully

2019-01-03 23:11:41 - [TEST_CASE][PASSED] - Test Cases/Final Aug 2018 - PKS Automation/Common/Reference Number Getter: Test Cases/Final Aug 2018 - PKS Automation/Common/Reference Number Getter

2019-01-03 23:11:41 - [TEST_STEP][PASSED] - Statement - Try: null

2019-01-03 23:11:41 - [TEST_STEP][PASSED] - Statement - RefNo = new java.io.File(C://Users//Admin//Desktop//PKS//Automation Reference Point//KatalonReference.txt): null

2019-01-03 23:11:41 - [TEST_STEP][PASSED] - Statement - bufferread = new java.io.BufferedReader(new java.io.FileReader(RefNo)): null

2019-01-03 23:11:41 - [TEST_STEP][PASSED] - Statement - readedVal = bufferread.readLine(): null

2019-01-03 23:11:41 - [TEST_STEP][PASSED] - Statement - out.println(CaseReferenceNo): null

2019-01-03 23:11:41 - [TEST_STEP][PASSED] - Statement - out.println(readedVal): null

2019-01-03 23:11:41 - [TEST_STEP][PASSED] - Statement - CaseReferenceNo = "": null

2019-01-03 23:11:41 - [TEST_STEP][PASSED] - Statement - CaseReferenceNo = readedVal: null

2019-01-03 23:11:41 - [MESSAGE][PASSED] - Call Test Case 'Test Cases/Final Aug 2018 - PKS Automation/Common/Reference Number Getter' successfully

2019-01-03 23:11:41 - [TEST_STEP][PASSED] - callTestCase: Call Test Case 'Test Cases/Final Aug 2018 - PKS Automation/Common/Workflow Owner Finder' successfully

2019-01-03 23:11:42 - [TEST_CASE][PASSED] - Test Cases/Final Aug 2018 - PKS Automation/Common/Workflow Owner Finder: Test Cases/Final Aug 2018 - PKS Automation/Common/Workflow Owner Finder

2019-01-03 23:11:42 - [TEST_STEP][PASSED] - openBrowser: Browser is opened with url: ''

2019-01-03 23:11:42 - [MESSAGE][WARNING] - A browser is already opened. Closing browser and opening a new one

2019-01-03 23:11:45 - [MESSAGE][PASSED] - Browser is opened with url: ''

2019-01-03 23:11:45 - [TEST_STEP][PASSED] - navigateToUrl: Navigate to 'https://assist2-uat.perkeso.gov.my/login' successfully

2019-01-03 23:11:46 - [MESSAGE][PASSED] - Navigate to 'https://assist2-uat.perkeso.gov.my/login' successfully

2019-01-03 23:11:46 - [TEST_STEP][PASSED] - delay: Delayed 5 second(s)

2019-01-03 23:11:51 - [MESSAGE][PASSED] - Delayed 5 second(s)

2019-01-03 23:11:51 - [TEST_STEP][PASSED] - setText: Text 'test@liferay.com' is set on object 'Object Repository/Final Object Repo/Login Page/Internal User/Email Address'

2019-01-03 23:11:52 - [MESSAGE][PASSED] - Text 'test@liferay.com' is set on object 'Object Repository/Final Object Repo/Login Page/Internal User/Email Address'

2019-01-03 23:11:52 - [TEST_STEP][PASSED] - click: Object: 'Object Repository/Final Object Repo/Login Page/Internal User/Next Button' is clicked on

2019-01-03 23:11:52 - [MESSAGE][PASSED] - Object: 'Object Repository/Final Object Repo/Login Page/Internal User/Next Button' is clicked on

2019-01-03 23:11:52 - [TEST_STEP][PASSED] - delay: Delayed 2 second(s)

2019-01-03 23:11:54 - [MESSAGE][PASSED] - Delayed 2 second(s)

2019-01-03 23:11:54 - [TEST_STEP][PASSED] - setText: Text 'test' is set on object 'Object Repository/Final Object Repo/Login Page/Internal User/Password'

2019-01-03 23:11:54 - [MESSAGE][PASSED] - Text 'test' is set on object 'Object Repository/Final Object Repo/Login Page/Internal User/Password'

2019-01-03 23:11:54 - [TEST_STEP][PASSED] - delay: Delayed 2 second(s)

2019-01-03 23:11:56 - [MESSAGE][PASSED] - Delayed 2 second(s)

2019-01-03 23:11:56 - [TEST_STEP][PASSED] - click: Object: 'Object Repository/Final Object Repo/Login Page/Internal User/Login Button' is clicked on

2019-01-03 23:11:56 - [MESSAGE][PASSED] - Object: 'Object Repository/Final Object Repo/Login Page/Internal User/Login Button' is clicked on

2019-01-03 23:11:56 - [TEST_STEP][PASSED] - Statement - tester = com.kms.katalon.core.testobject.ObjectRepository.findTestObject(Final Object Repo/Landing Page/Select to English): Finding Test Object with id 'Object Repository/Final Object Repo/Landing Page/Select to English'

2019-01-03 23:11:56 - [TEST_STEP][PASSED] - Statement - Try: Delayed 2 second(s)

2019-01-03 23:11:56 - [TEST_STEP][PASSED] - Statement - Checker = com.kms.katalon.core.webui.keyword.WebUiBuiltInKeywords.verifyElementNotPresent(tester, 3): Web element with id: 'Object Repository/Final Object Repo/Landing Page/Select to English' located by 'By.xpath: //a[@class = 'taglib-language-list-text' and @lang = 'en-US' and (contains(text(), 'EN') or contains(., 'EN'))]' is not present after '3' second(s)

2019-01-03 23:11:58 - [MESSAGE][PASSED] - Web element with id: 'Object Repository/Final Object Repo/Landing Page/Select to English' located by 'By.xpath: //a[@class = 'taglib-language-list-text' and @lang = 'en-US' and (contains(text(), 'EN') or contains(., 'EN'))]' is not present after '3' second(s)

2019-01-03 23:11:58 - [TEST_STEP][PASSED] - Statement - If (Checker == false): null

2019-01-03 23:11:58 - [TEST_STEP][PASSED] - delay: Delayed 2 second(s)

2019-01-03 23:12:00 - [MESSAGE][PASSED] - Delayed 2 second(s)

2019-01-03 23:12:00 - [TEST_STEP][PASSED] - delay: Delayed 5 second(s)

2019-01-03 23:12:05 - [MESSAGE][PASSED] - Delayed 5 second(s)

2019-01-03 23:12:05 - [TEST_STEP][PASSED] - mouseOver: Object: 'Object Repository/Final Object Repo/Landing Page/WorkFlow Menu' is hovered

2019-01-03 23:12:05 - [MESSAGE][PASSED] - Object: 'Object Repository/Final Object Repo/Landing Page/WorkFlow Menu' is hovered

2019-01-03 23:12:05 - [TEST_STEP][PASSED] - delay: Delayed 2 second(s)

2019-01-03 23:12:07 - [MESSAGE][PASSED] - Delayed 2 second(s)

2019-01-03 23:12:07 - [TEST_STEP][PASSED] - click: Object: 'Object Repository/Final Object Repo/Landing Page/Select to Workflow Listing' is clicked on

2019-01-03 23:12:08 - [MESSAGE][PASSED] - Object: 'Object Repository/Final Object Repo/Landing Page/Select to Workflow Listing' is clicked on

2019-01-03 23:12:08 - [TEST_STEP][PASSED] - delay: Delayed 2 second(s)

2019-01-03 23:12:10 - [MESSAGE][PASSED] - Delayed 2 second(s)

2019-01-03 23:12:10 - [TEST_STEP][PASSED] - click: Object: 'Object Repository/Final Object Repo/WorkFlow Listing Page/Search Information - To Put Ref No' is clicked on

2019-01-03 23:12:11 - [MESSAGE][PASSED] - Object: 'Object Repository/Final Object Repo/WorkFlow Listing Page/Search Information - To Put Ref No' is clicked on

2019-01-03 23:12:11 - [TEST_STEP][PASSED] - delay: Delayed 2 second(s)

2019-01-03 23:12:13 - [MESSAGE][PASSED] - Delayed 2 second(s)

2019-01-03 23:12:13 - [TEST_STEP][PASSED] - callTestCase: Call Test Case 'Test Cases/Final Aug 2018 - PKS Automation/Common/Reference Number Getter' successfully

2019-01-03 23:12:13 - [TEST_CASE][PASSED] - Test Cases/Final Aug 2018 - PKS Automation/Common/Reference Number Getter: Test Cases/Final Aug 2018 - PKS Automation/Common/Reference Number Getter

2019-01-03 23:12:13 - [TEST_STEP][PASSED] - Statement - Try: null

2019-01-03 23:12:13 - [TEST_STEP][PASSED] - Statement - RefNo = new java.io.File(C://Users//Admin//Desktop//PKS//Automation Reference Point//KatalonReference.txt): null

2019-01-03 23:12:13 - [TEST_STEP][PASSED] - Statement - bufferread = new java.io.BufferedReader(new java.io.FileReader(RefNo)): null

2019-01-03 23:12:13 - [TEST_STEP][PASSED] - Statement - readedVal = bufferread.readLine(): null

2019-01-03 23:12:13 - [TEST_STEP][PASSED] - Statement - out.println(CaseReferenceNo): null

2019-01-03 23:12:13 - [TEST_STEP][PASSED] - Statement - out.println(readedVal): null

2019-01-03 23:12:13 - [TEST_STEP][PASSED] - Statement - CaseReferenceNo = "": null

2019-01-03 23:12:13 - [TEST_STEP][PASSED] - Statement - CaseReferenceNo = readedVal: null

2019-01-03 23:12:13 - [MESSAGE][PASSED] - Call Test Case 'Test Cases/Final Aug 2018 - PKS Automation/Common/Reference Number Getter' successfully

2019-01-03 23:12:13 - [TEST_STEP][PASSED] - setText: Text 'CUN012019C100006191' is set on object 'Object Repository/Final Object Repo/WorkFlow Listing Page/Ref No Set Text'

2019-01-03 23:12:13 - [MESSAGE][PASSED] - Text 'CUN012019C100006191' is set on object 'Object Repository/Final Object Repo/WorkFlow Listing Page/Ref No Set Text'

2019-01-03 23:12:13 - [TEST_STEP][PASSED] - delay: Delayed 2 second(s)

2019-01-03 23:12:15 - [MESSAGE][PASSED] - Delayed 2 second(s)

2019-01-03 23:12:15 - [TEST_STEP][PASSED] - click: Object: 'Object Repository/Final Object Repo/WorkFlow Listing Page/Search Ref No Search Button' is clicked on

2019-01-03 23:12:15 - [MESSAGE][PASSED] - Object: 'Object Repository/Final Object Repo/WorkFlow Listing Page/Search Ref No Search Button' is clicked on

2019-01-03 23:12:15 - [TEST_STEP][PASSED] - delay: Delayed 6 second(s)

2019-01-03 23:12:21 - [MESSAGE][PASSED] - Delayed 6 second(s)

2019-01-03 23:12:21 - [TEST_STEP][PASSED] - click: Object: 'Object Repository/Final Object Repo/WorkFlow Listing Page/Click Continue Tooltip' is clicked on

2019-01-03 23:12:22 - [MESSAGE][PASSED] - Object: 'Object Repository/Final Object Repo/WorkFlow Listing Page/Click Continue Tooltip' is clicked on

2019-01-03 23:12:22 - [TEST_STEP][PASSED] - delay: Delayed 5 second(s)

2019-01-03 23:12:27 - [MESSAGE][PASSED] - Delayed 5 second(s)

2019-01-03 23:12:27 - [TEST_STEP][PASSED] - doubleClick: Object: 'Object Repository/Final Object Repo/WorkFlow Listing Page/Workflow Found - Listing 1' is double clicked on

2019-01-03 23:12:27 - [MESSAGE][PASSED] - Object: 'Object Repository/Final Object Repo/WorkFlow Listing Page/Workflow Found - Listing 1' is double clicked on

2019-01-03 23:12:27 - [TEST_STEP][PASSED] - Statement - println(OwnerID): null

2019-01-03 23:12:27 - [TEST_STEP][PASSED] - Statement - OwnerID = com.kms.katalon.core.webui.keyword.WebUiBuiltInKeywords.getText(com.kms.katalon.core.testobject.ObjectRepository.findTestObject(Final Object Repo/WorkFlow Listing Page/Workflow Found - Listing 1), STOP_ON_FAILURE): Text of object 'Object Repository/Final Object Repo/WorkFlow Listing Page/Workflow Found - Listing 1' is: 'JOHORuo2'

2019-01-03 23:12:27 - [MESSAGE][PASSED] - Text of object 'Object Repository/Final Object Repo/WorkFlow Listing Page/Workflow Found - Listing 1' is: 'JOHORuo2'

2019-01-03 23:12:27 - [TEST_STEP][PASSED] - Statement - OwnerID = OwnerID.toLowerCase() + "@gmail.com": null

2019-01-03 23:12:27 - [TEST_STEP][PASSED] - Statement - println(OwnerID): null

2019-01-03 23:12:27 - [TEST_STEP][PASSED] - delay: Delayed 2 second(s)

2019-01-03 23:12:29 - [MESSAGE][PASSED] - Delayed 2 second(s)

2019-01-03 23:12:29 - [MESSAGE][PASSED] - Call Test Case 'Test Cases/Final Aug 2018 - PKS Automation/Common/Workflow Owner Finder' successfully

2019-01-03 23:12:29 - [TEST_STEP][PASSED] - delay: Delayed 1 second(s)

2019-01-03 23:12:30 - [MESSAGE][PASSED] - Delayed 1 second(s)

2019-01-03 23:12:30 - [TEST_STEP][PASSED] - navigateToUrl: Navigate to 'https://assist2-uat.perkeso.gov.my/c/portal/logout' successfully

2019-01-03 23:12:31 - [MESSAGE][PASSED] - Navigate to 'https://assist2-uat.perkeso.gov.my/c/portal/logout' successfully

2019-01-03 23:12:31 - [TEST_STEP][PASSED] - delay: Delayed 1 second(s)

2019-01-03 23:12:32 - [MESSAGE][PASSED] - Delayed 1 second(s)

2019-01-03 23:12:32 - [TEST_STEP][PASSED] - callTestCase: Call Test Case 'Test Cases/Final Aug 2018 - PKS Automation/Registration Module/Workflow/Login and Search Case For Workflow' successfully

2019-01-03 23:12:32 - [TEST_CASE][PASSED] - Test Cases/Final Aug 2018 - PKS Automation/Registration Module/Workflow/Login and Search Case For Workflow: Test Cases/Final Aug 2018 - PKS Automation/Registration Module/Workflow/Login and Search Case For Workflow

2019-01-03 23:12:32 - [TEST_STEP][PASSED] - navigateToUrl: Navigate to 'https://assist2-uat.perkeso.gov.my/login' successfully

2019-01-03 23:12:33 - [MESSAGE][PASSED] - Navigate to 'https://assist2-uat.perkeso.gov.my/login' successfully

2019-01-03 23:12:33 - [TEST_STEP][PASSED] - setText: Text 'johoruo2@gmail.com' is set on object 'Object Repository/Final Object Repo/Login Page/Internal User/Email Address'

2019-01-03 23:12:33 - [MESSAGE][PASSED] - Text 'johoruo2@gmail.com' is set on object 'Object Repository/Final Object Repo/Login Page/Internal User/Email Address'

2019-01-03 23:12:33 - [TEST_STEP][PASSED] - click: Object: 'Object Repository/Final Object Repo/Login Page/Internal User/Next Button' is clicked on

2019-01-03 23:12:33 - [MESSAGE][PASSED] - Object: 'Object Repository/Final Object Repo/Login Page/Internal User/Next Button' is clicked on

2019-01-03 23:12:33 - [TEST_STEP][PASSED] - delay: Delayed 1 second(s)

2019-01-03 23:12:34 - [MESSAGE][PASSED] - Delayed 1 second(s)

2019-01-03 23:12:34 - [TEST_STEP][PASSED] - setEncryptedText: Text ****** has been set on object 'Object Repository/Final Object Repo/Login Page/Internal User/Password'

2019-01-03 23:12:35 - [MESSAGE][PASSED] - Text ****** has been set on object 'Object Repository/Final Object Repo/Login Page/Internal User/Password'

2019-01-03 23:12:35 - [TEST_STEP][PASSED] - click: Object: 'Object Repository/Final Object Repo/Login Page/Internal User/Login Button' is clicked on

2019-01-03 23:12:35 - [MESSAGE][PASSED] - Object: 'Object Repository/Final Object Repo/Login Page/Internal User/Login Button' is clicked on

2019-01-03 23:12:35 - [TEST_STEP][PASSED] - delay: Delayed 2 second(s)

2019-01-03 23:12:37 - [MESSAGE][PASSED] - Delayed 2 second(s)

2019-01-03 23:12:37 - [TEST_STEP][PASSED] - Statement - Try: Delayed 2 second(s)

2019-01-03 23:12:37 - [TEST_STEP][PASSED] - Statement - Checker = false: null

2019-01-03 23:12:37 - [TEST_STEP][PASSED] - Statement - Checker = com.kms.katalon.core.webui.keyword.WebUiBuiltInKeywords.verifyElementHasAttribute(com.kms.katalon.core.testobject.ObjectRepository.findTestObject(Final Object Repo/Landing Page/BM Detecting), "href", 20, OPTIONAL): Object 'Object Repository/Final Object Repo/Landing Page/BM Detecting' has attribute 'href'

2019-01-03 23:12:37 - [MESSAGE][PASSED] - Object 'Object Repository/Final Object Repo/Landing Page/BM Detecting' has attribute 'href'

2019-01-03 23:12:37 - [TEST_STEP][PASSED] - Statement - out.println(Checker): null

2019-01-03 23:12:37 - [TEST_STEP][PASSED] - Statement - If (Checker == false): null

2019-01-03 23:12:37 - [TEST_STEP][PASSED] - Statement - Else: null

2019-01-03 23:12:37 - [TEST_STEP][PASSED] - delay: Delayed 2 second(s)

2019-01-03 23:12:39 - [MESSAGE][PASSED] - Delayed 2 second(s)

2019-01-03 23:12:39 - [TEST_STEP][PASSED] - click: Object: 'Object Repository/Final Object Repo/Page_MyASSIST - ASSIST - Search Pending Case For Add Supporting Document/Search Information' is clicked on

2019-01-03 23:12:39 - [MESSAGE][PASSED] - Object: 'Object Repository/Final Object Repo/Page_MyASSIST - ASSIST - Search Pending Case For Add Supporting Document/Search Information' is clicked on

2019-01-03 23:12:39 - [TEST_STEP][PASSED] - delay: Delayed 3 second(s)

2019-01-03 23:12:42 - [MESSAGE][PASSED] - Delayed 3 second(s)

2019-01-03 23:12:42 - [TEST_STEP][PASSED] - sendKeys: Keys 'CUN012019C100006191' sent to object: 'Object Repository/Final Object Repo/Page_MyASSIST - ASSIST - Search Pending Case For Add Supporting Document/Reference No'

2019-01-03 23:12:42 - [MESSAGE][PASSED] - Keys 'CUN012019C100006191' sent to object: 'Object Repository/Final Object Repo/Page_MyASSIST - ASSIST - Search Pending Case For Add Supporting Document/Reference No'

2019-01-03 23:12:42 - [TEST_STEP][PASSED] - click: Object: 'Object Repository/Final Object Repo/Page_MyASSIST - ASSIST - Search Pending Case For Add Supporting Document/Search Reference No' is clicked on

2019-01-03 23:12:42 - [MESSAGE][PASSED] - Object: 'Object Repository/Final Object Repo/Page_MyASSIST - ASSIST - Search Pending Case For Add Supporting Document/Search Reference No' is clicked on

2019-01-03 23:12:42 - [TEST_STEP][PASSED] - delay: Delayed 2 second(s)

2019-01-03 23:12:44 - [MESSAGE][PASSED] - Delayed 2 second(s)

2019-01-03 23:12:44 - [TEST_STEP][PASSED] - click: Object: 'Object Repository/Final Object Repo/Page_MyASSIST - ASSIST - Search Pending Case For Add Supporting Document/Continue' is clicked on

2019-01-03 23:12:48 - [MESSAGE][PASSED] - Object: 'Object Repository/Final Object Repo/Page_MyASSIST - ASSIST - Search Pending Case For Add Supporting Document/Continue' is clicked on

2019-01-03 23:12:48 - [TEST_STEP][PASSED] - delay: Delayed 20 second(s)

2019-01-03 23:13:08 - [MESSAGE][PASSED] - Delayed 20 second(s)

2019-01-03 23:13:08 - [MESSAGE][PASSED] - Call Test Case 'Test Cases/Final Aug 2018 - PKS Automation/Registration Module/Workflow/Login and Search Case For Workflow' successfully

2019-01-03 23:13:08 - [TEST_STEP][PASSED] - delay: Delayed 2 second(s)

2019-01-03 23:13:10 - [MESSAGE][PASSED] - Delayed 2 second(s)

2019-01-03 23:13:10 - [TEST_STEP][PASSED] - click: Object: 'Object Repository/Final Object Repo/Page_Update Employer Information/Page_Update Employer Information UO (Approve)/Continue' is clicked on

2019-01-03 23:13:14 - [MESSAGE][PASSED] - Object: 'Object Repository/Final Object Repo/Page_Update Employer Information/Page_Update Employer Information UO (Approve)/Continue' is clicked on

2019-01-03 23:13:14 - [TEST_STEP][PASSED] - delay: Delayed 2 second(s)

2019-01-03 23:13:16 - [MESSAGE][PASSED] - Delayed 2 second(s)

2019-01-03 23:13:16 - [TEST_STEP][PASSED] - click: Object: 'Object Repository/Final Object Repo/Page_Update Employer Information/Page_Update Employer Information UO (Approve)/Save  Continue in Update Employer Information Page' is clicked on

2019-01-03 23:13:16 - [MESSAGE][PASSED] - Object: 'Object Repository/Final Object Repo/Page_Update Employer Information/Page_Update Employer Information UO (Approve)/Save  Continue in Update Employer Information Page' is clicked on

2019-01-03 23:13:16 - [TEST_STEP][PASSED] - delay: Delayed 2 second(s)

2019-01-03 23:13:18 - [MESSAGE][PASSED] - Delayed 2 second(s)

2019-01-03 23:13:18 - [TEST_STEP][PASSED] - setText: Text 'Query' is set on object 'Object Repository/Final Object Repo/Page_Update Employer Information/Page_Update Employer Information UO (Query)/Query - Remark'

2019-01-03 23:13:21 - [MESSAGE][PASSED] - Text 'Query' is set on object 'Object Repository/Final Object Repo/Page_Update Employer Information/Page_Update Employer Information UO (Query)/Query - Remark'

2019-01-03 23:13:21 - [TEST_STEP][PASSED] - delay: Delayed 2 second(s)

2019-01-03 23:13:23 - [MESSAGE][PASSED] - Delayed 2 second(s)

2019-01-03 23:13:23 - [TEST_STEP][PASSED] - click: Object: 'Object Repository/Final Object Repo/Page_Update Employer Information/Page_Update Employer Information UO (Approve)/Save  Continue in Uploading Supporting Document Page' is clicked on

2019-01-03 23:13:23 - [MESSAGE][PASSED] - Object: 'Object Repository/Final Object Repo/Page_Update Employer Information/Page_Update Employer Information UO (Approve)/Save  Continue in Uploading Supporting Document Page' is clicked on

2019-01-03 23:13:23 - [TEST_STEP][PASSED] - delay: Delayed 2 second(s)

2019-01-03 23:13:25 - [MESSAGE][PASSED] - Delayed 2 second(s)

2019-01-03 23:13:25 - [TEST_STEP][PASSED] - click: Object: 'Object Repository/Final Object Repo/Page_Update Employer Information/Page_Update Employer Information UO (Query)/Query' is clicked on

2019-01-03 23:13:27 - [MESSAGE][PASSED] - Object: 'Object Repository/Final Object Repo/Page_Update Employer Information/Page_Update Employer Information UO (Query)/Query' is clicked on

2019-01-03 23:13:27 - [TEST_STEP][PASSED] - delay: Delayed 2 second(s)

2019-01-03 23:13:29 - [MESSAGE][PASSED] - Delayed 2 second(s)

2019-01-03 23:13:29 - [TEST_STEP][PASSED] - click: Object: 'Object Repository/Final Object Repo/Page_Update Employer Information/Page_Update Employer Information UO (Query)/Confirm' is clicked on

2019-01-03 23:13:29 - [MESSAGE][PASSED] - Object: 'Object Repository/Final Object Repo/Page_Update Employer Information/Page_Update Employer Information UO (Query)/Confirm' is clicked on

2019-01-03 23:13:29 - [TEST_STEP][PASSED] - delay: Delayed 2 second(s)

2019-01-03 23:13:31 - [MESSAGE][PASSED] - Delayed 2 second(s)

2019-01-03 23:13:31 - [TEST_STEP][PASSED] - doubleClick: Object: 'Object Repository/Final Object Repo/Page_Update Employer Information/Page_Update Employer Information UO (Query)/Message The Case Is Under Query' is double clicked on

2019-01-03 23:13:35 - [MESSAGE][PASSED] - Object: 'Object Repository/Final Object Repo/Page_Update Employer Information/Page_Update Employer Information UO (Query)/Message The Case Is Under Query' is double clicked on

2019-01-03 23:13:35 - [TEST_STEP][PASSED] - delay: Delayed 2 second(s)

2019-01-03 23:13:37 - [MESSAGE][PASSED] - Delayed 2 second(s)

2019-01-03 23:13:37 - [TEST_STEP][PASSED] - click: Object: 'Object Repository/Final Object Repo/Page_Update Employer Information/Page_Update Employer Information UO (Query)/Letter of inquiry.pdf' is clicked on

2019-01-03 23:13:37 - [MESSAGE][PASSED] - Object: 'Object Repository/Final Object Repo/Page_Update Employer Information/Page_Update Employer Information UO (Query)/Letter of inquiry.pdf' is clicked on

2019-01-03 23:13:37 - [TEST_STEP][PASSED] - delay: Delayed 1 second(s)

2019-01-03 23:13:38 - [MESSAGE][PASSED] - Delayed 1 second(s)

2019-01-03 23:13:38 - [TEST_STEP][PASSED] - callTestCase: Call Test Case 'Test Cases/Final Aug 2018 - PKS Automation/Registration Module/Log Out/log out avoiding katalon tagging' successfully

2019-01-03 23:13:38 - [TEST_CASE][PASSED] - Test Cases/Final Aug 2018 - PKS Automation/Registration Module/Log Out/log out avoiding katalon tagging: Test Cases/Final Aug 2018 - PKS Automation/Registration Module/Log Out/log out avoiding katalon tagging

2019-01-03 23:13:38 - [TEST_STEP][PASSED] - navigateToUrl: Navigate to 'https://assist2-uat.perkeso.gov.my/c/portal/logout' successfully

2019-01-03 23:13:39 - [MESSAGE][PASSED] - Navigate to 'https://assist2-uat.perkeso.gov.my/c/portal/logout' successfully

2019-01-03 23:13:39 - [MESSAGE][PASSED] - Call Test Case 'Test Cases/Final Aug 2018 - PKS Automation/Registration Module/Log Out/log out avoiding katalon tagging' successfully

2019-01-03 23:13:39 - [TEST_STEP][NOT_RUN] - navigateToUrl: NOT_RUN: navigateToUrl

2019-01-03 23:13:39 - [MESSAGE][NOT_RUN] - NOT_RUN: navigateToUrl

2019-01-03 23:13:39 - [TEST_STEP][PASSED] - delay: Delayed 1 second(s)

2019-01-03 23:13:40 - [MESSAGE][PASSED] - Delayed 1 second(s)

2019-01-03 23:13:40 - [TEST_STEP][PASSED] - callTestCase: Call Test Case 'Test Cases/Final Aug 2018 - PKS Automation/Registration Module/Workflow/Search Pending Case For Add Supporting Document (OTC)' successfully

2019-01-03 23:13:40 - [TEST_CASE][PASSED] - Test Cases/Final Aug 2018 - PKS Automation/Registration Module/Workflow/Search Pending Case For Add Supporting Document (OTC): Test Cases/Final Aug 2018 - PKS Automation/Registration Module/Workflow/Search Pending Case For Add Supporting Document (OTC)

2019-01-03 23:13:40 - [TEST_STEP][PASSED] - openBrowser: Browser is opened with url: ''

2019-01-03 23:13:40 - [MESSAGE][WARNING] - A browser is already opened. Closing browser and opening a new one

2019-01-03 23:13:44 - [MESSAGE][PASSED] - Browser is opened with url: ''

2019-01-03 23:13:44 - [TEST_STEP][PASSED] - navigateToUrl: Navigate to 'https://assist2-uat.perkeso.gov.my/login' successfully

2019-01-03 23:13:45 - [MESSAGE][PASSED] - Navigate to 'https://assist2-uat.perkeso.gov.my/login' successfully

2019-01-03 23:13:45 - [TEST_STEP][PASSED] - setText: Text 'johorotc1@gmail.com' is set on object 'Object Repository/Final Object Repo/Login Page/Internal User/Email Address'

2019-01-03 23:13:45 - [MESSAGE][PASSED] - Text 'johorotc1@gmail.com' is set on object 'Object Repository/Final Object Repo/Login Page/Internal User/Email Address'

2019-01-03 23:13:45 - [TEST_STEP][PASSED] - click: Object: 'Object Repository/Final Object Repo/Login Page/Internal User/Next Button' is clicked on

2019-01-03 23:13:45 - [MESSAGE][PASSED] - Object: 'Object Repository/Final Object Repo/Login Page/Internal User/Next Button' is clicked on

2019-01-03 23:13:45 - [TEST_STEP][PASSED] - delay: Delayed 1 second(s)

2019-01-03 23:13:46 - [MESSAGE][PASSED] - Delayed 1 second(s)

2019-01-03 23:13:46 - [TEST_STEP][PASSED] - setEncryptedText: Text ****** has been set on object 'Object Repository/Final Object Repo/Login Page/Internal User/Password'

2019-01-03 23:13:47 - [MESSAGE][PASSED] - Text ****** has been set on object 'Object Repository/Final Object Repo/Login Page/Internal User/Password'

2019-01-03 23:13:47 - [TEST_STEP][PASSED] - click: Object: 'Object Repository/Final Object Repo/Login Page/Internal User/Login Button' is clicked on

2019-01-03 23:13:47 - [MESSAGE][PASSED] - Object: 'Object Repository/Final Object Repo/Login Page/Internal User/Login Button' is clicked on

2019-01-03 23:13:47 - [TEST_STEP][PASSED] - delay: Delayed 1 second(s)

2019-01-03 23:13:48 - [MESSAGE][PASSED] - Delayed 1 second(s)

2019-01-03 23:13:48 - [TEST_STEP][PASSED] - Statement - Try: Delayed 2 second(s)

2019-01-03 23:13:48 - [TEST_STEP][PASSED] - Statement - Checker = false: null

2019-01-03 23:13:48 - [TEST_STEP][PASSED] - Statement - Checker = com.kms.katalon.core.webui.keyword.WebUiBuiltInKeywords.verifyElementHasAttribute(com.kms.katalon.core.testobject.ObjectRepository.findTestObject(Final Object Repo/Landing Page/BM Detecting), "href", 20, OPTIONAL): Object 'Object Repository/Final Object Repo/Landing Page/BM Detecting' has attribute 'href'

2019-01-03 23:13:49 - [MESSAGE][PASSED] - Object 'Object Repository/Final Object Repo/Landing Page/BM Detecting' has attribute 'href'

2019-01-03 23:13:49 - [TEST_STEP][PASSED] - Statement - out.println(Checker): null

2019-01-03 23:13:49 - [TEST_STEP][PASSED] - Statement - If (Checker == false): null

2019-01-03 23:13:49 - [TEST_STEP][PASSED] - Statement - Else: null

2019-01-03 23:13:49 - [TEST_STEP][PASSED] - delay: Delayed 2 second(s)

2019-01-03 23:13:51 - [MESSAGE][PASSED] - Delayed 2 second(s)

2019-01-03 23:13:51 - [TEST_STEP][PASSED] - navigateToUrl: Navigate to 'https://assist2-uat.perkeso.gov.my/web/registration/search/search-pending-case-for-add-supporting-document' successfully

2019-01-03 23:13:51 - [MESSAGE][PASSED] - Navigate to 'https://assist2-uat.perkeso.gov.my/web/registration/search/search-pending-case-for-add-supporting-document' successfully

2019-01-03 23:13:51 - [TEST_STEP][PASSED] - click: Object: 'Object Repository/Final Object Repo/Page_Search Pending Case For Add Suporting Document/Search By' is clicked on

2019-01-03 23:13:52 - [MESSAGE][PASSED] - Object: 'Object Repository/Final Object Repo/Page_Search Pending Case For Add Suporting Document/Search By' is clicked on

2019-01-03 23:13:52 - [TEST_STEP][PASSED] - click: Object: 'Object Repository/Final Object Repo/Page_Search Pending Case For Add Suporting Document/Search By - Reference ID' is clicked on

2019-01-03 23:13:52 - [MESSAGE][PASSED] - Object: 'Object Repository/Final Object Repo/Page_Search Pending Case For Add Suporting Document/Search By - Reference ID' is clicked on

2019-01-03 23:13:52 - [TEST_STEP][PASSED] - delay: Delayed 2 second(s)

2019-01-03 23:13:54 - [MESSAGE][PASSED] - Delayed 2 second(s)

2019-01-03 23:13:54 - [TEST_STEP][PASSED] - setText: Text 'CUN012019C100006191' is set on object 'Object Repository/Final Object Repo/Page_Search Pending Case For Add Suporting Document/Reference ID'

2019-01-03 23:13:54 - [MESSAGE][PASSED] - Text 'CUN012019C100006191' is set on object 'Object Repository/Final Object Repo/Page_Search Pending Case For Add Suporting Document/Reference ID'

2019-01-03 23:13:54 - [TEST_STEP][PASSED] - click: Object: 'Object Repository/Final Object Repo/Page_Search Pending Case For Add Suporting Document/Search' is clicked on

2019-01-03 23:13:54 - [MESSAGE][PASSED] - Object: 'Object Repository/Final Object Repo/Page_Search Pending Case For Add Suporting Document/Search' is clicked on

2019-01-03 23:13:54 - [TEST_STEP][PASSED] - delay: Delayed 2 second(s)

2019-01-03 23:13:56 - [MESSAGE][PASSED] - Delayed 2 second(s)

2019-01-03 23:13:56 - [TEST_STEP][PASSED] - click: Object: 'Object Repository/Final Object Repo/Page_Search Pending Case For Add Suporting Document/Edit' is clicked on

2019-01-03 23:14:00 - [MESSAGE][PASSED] - Object: 'Object Repository/Final Object Repo/Page_Search Pending Case For Add Suporting Document/Edit' is clicked on

2019-01-03 23:14:00 - [MESSAGE][PASSED] - Call Test Case 'Test Cases/Final Aug 2018 - PKS Automation/Registration Module/Workflow/Search Pending Case For Add Supporting Document (OTC)' successfully

2019-01-03 23:14:00 - [TEST_STEP][PASSED] - click: Object: 'Object Repository/Final Object Repo/Page_Update Employer Information/Page_Update Employer Information UO (Query -OTC -UO)/Next' is clicked on

2019-01-03 23:14:03 - [MESSAGE][PASSED] - Object: 'Object Repository/Final Object Repo/Page_Update Employer Information/Page_Update Employer Information UO (Query -OTC -UO)/Next' is clicked on

2019-01-03 23:14:03 - [TEST_STEP][PASSED] - delay: Delayed 2 second(s)

2019-01-03 23:14:05 - [MESSAGE][PASSED] - Delayed 2 second(s)

2019-01-03 23:14:05 - [TEST_STEP][PASSED] - click: Object: 'Object Repository/Final Object Repo/Page_Update Employer Information/Page_Update Employer Information UO (Query -OTC -UO)/Add Document' is clicked on

2019-01-03 23:14:05 - [MESSAGE][PASSED] - Object: 'Object Repository/Final Object Repo/Page_Update Employer Information/Page_Update Employer Information UO (Query -OTC -UO)/Add Document' is clicked on

2019-01-03 23:14:05 - [TEST_STEP][PASSED] - delay: Delayed 2 second(s)

2019-01-03 23:14:07 - [MESSAGE][PASSED] - Delayed 2 second(s)

2019-01-03 23:14:07 - [TEST_STEP][PASSED] - click: Object: 'Object Repository/Final Object Repo/Page_Update Employer Information/Page_Update Employer Information UO (Query -OTC -UO)/Document Type' is clicked on

2019-01-03 23:14:09 - [MESSAGE][PASSED] - Object: 'Object Repository/Final Object Repo/Page_Update Employer Information/Page_Update Employer Information UO (Query -OTC -UO)/Document Type' is clicked on

2019-01-03 23:14:09 - [TEST_STEP][PASSED] - click: Object: 'Object Repository/Final Object Repo/Page_Update Employer Information/Page_Update Employer Information UO (Query -OTC -UO)/Document Type - Other' is clicked on

2019-01-03 23:14:09 - [MESSAGE][PASSED] - Object: 'Object Repository/Final Object Repo/Page_Update Employer Information/Page_Update Employer Information UO (Query -OTC -UO)/Document Type - Other' is clicked on

2019-01-03 23:14:09 - [TEST_STEP][PASSED] - delay: Delayed 2 second(s)

2019-01-03 23:14:11 - [MESSAGE][PASSED] - Delayed 2 second(s)

2019-01-03 23:14:11 - [TEST_STEP][PASSED] - sendKeys: Keys 'C:\Users\Public\Pictures\Sample Pictures\Koala.jpg' sent to object: 'Object Repository/Final Object Repo/Page_Update Employer Information/Page_Update Employer Information UO (Query -OTC -UO)/Uploading File'

2019-01-03 23:14:11 - [MESSAGE][PASSED] - Keys 'C:\Users\Public\Pictures\Sample Pictures\Koala.jpg' sent to object: 'Object Repository/Final Object Repo/Page_Update Employer Information/Page_Update Employer Information UO (Query -OTC -UO)/Uploading File'

2019-01-03 23:14:11 - [TEST_STEP][PASSED] - delay: Delayed 2 second(s)

2019-01-03 23:14:13 - [MESSAGE][PASSED] - Delayed 2 second(s)

2019-01-03 23:14:13 - [TEST_STEP][PASSED] - click: Object: 'Object Repository/Final Object Repo/Page_Update Employer Information/Page_Update Employer Information UO (Query -OTC -UO)/Add Document in Uploading Page' is clicked on

2019-01-03 23:14:13 - [MESSAGE][PASSED] - Object: 'Object Repository/Final Object Repo/Page_Update Employer Information/Page_Update Employer Information UO (Query -OTC -UO)/Add Document in Uploading Page' is clicked on

2019-01-03 23:14:13 - [TEST_STEP][PASSED] - delay: Delayed 2 second(s)

2019-01-03 23:14:15 - [MESSAGE][PASSED] - Delayed 2 second(s)

2019-01-03 23:14:15 - [TEST_STEP][PASSED] - click: Object: 'Object Repository/Final Object Repo/Page_Update Employer Information/Page_Update Employer Information UO (Query -OTC -UO)/Exit' is clicked on

2019-01-03 23:14:18 - [MESSAGE][PASSED] - Object: 'Object Repository/Final Object Repo/Page_Update Employer Information/Page_Update Employer Information UO (Query -OTC -UO)/Exit' is clicked on

2019-01-03 23:14:18 - [TEST_STEP][PASSED] - delay: Delayed 2 second(s)

2019-01-03 23:14:20 - [MESSAGE][PASSED] - Delayed 2 second(s)

2019-01-03 23:14:20 - [TEST_STEP][PASSED] - delay: Delayed 1 second(s)

2019-01-03 23:14:21 - [MESSAGE][PASSED] - Delayed 1 second(s)

2019-01-03 23:14:21 - [TEST_STEP][PASSED] - navigateToUrl: Navigate to 'https://assist2-uat.perkeso.gov.my/c/portal/logout' successfully

2019-01-03 23:14:22 - [MESSAGE][PASSED] - Navigate to 'https://assist2-uat.perkeso.gov.my/c/portal/logout' successfully

2019-01-03 23:14:22 - [TEST_STEP][PASSED] - delay: Delayed 1 second(s)

2019-01-03 23:14:23 - [MESSAGE][PASSED] - Delayed 1 second(s)

2019-01-03 23:14:23 - [TEST_STEP][PASSED] - callTestCase: Call Test Case 'Test Cases/Final Aug 2018 - PKS Automation/Registration Module/Workflow/Login and Search Case For Workflow' successfully

2019-01-03 23:14:23 - [TEST_CASE][PASSED] - Test Cases/Final Aug 2018 - PKS Automation/Registration Module/Workflow/Login and Search Case For Workflow: Test Cases/Final Aug 2018 - PKS Automation/Registration Module/Workflow/Login and Search Case For Workflow

2019-01-03 23:14:23 - [TEST_STEP][PASSED] - navigateToUrl: Navigate to 'https://assist2-uat.perkeso.gov.my/login' successfully

2019-01-03 23:14:23 - [MESSAGE][PASSED] - Navigate to 'https://assist2-uat.perkeso.gov.my/login' successfully

2019-01-03 23:14:23 - [TEST_STEP][PASSED] - setText: Text 'johoruo2@gmail.com' is set on object 'Object Repository/Final Object Repo/Login Page/Internal User/Email Address'

2019-01-03 23:14:24 - [MESSAGE][PASSED] - Text 'johoruo2@gmail.com' is set on object 'Object Repository/Final Object Repo/Login Page/Internal User/Email Address'

2019-01-03 23:14:24 - [TEST_STEP][PASSED] - click: Object: 'Object Repository/Final Object Repo/Login Page/Internal User/Next Button' is clicked on

2019-01-03 23:14:24 - [MESSAGE][PASSED] - Object: 'Object Repository/Final Object Repo/Login Page/Internal User/Next Button' is clicked on

2019-01-03 23:14:24 - [TEST_STEP][PASSED] - delay: Delayed 1 second(s)

2019-01-03 23:14:25 - [MESSAGE][PASSED] - Delayed 1 second(s)

2019-01-03 23:14:25 - [TEST_STEP][PASSED] - setEncryptedText: Text ****** has been set on object 'Object Repository/Final Object Repo/Login Page/Internal User/Password'

2019-01-03 23:14:25 - [MESSAGE][PASSED] - Text ****** has been set on object 'Object Repository/Final Object Repo/Login Page/Internal User/Password'

2019-01-03 23:14:25 - [TEST_STEP][PASSED] - click: Object: 'Object Repository/Final Object Repo/Login Page/Internal User/Login Button' is clicked on

2019-01-03 23:14:25 - [MESSAGE][PASSED] - Object: 'Object Repository/Final Object Repo/Login Page/Internal User/Login Button' is clicked on

2019-01-03 23:14:25 - [TEST_STEP][PASSED] - delay: Delayed 2 second(s)

2019-01-03 23:14:27 - [MESSAGE][PASSED] - Delayed 2 second(s)

2019-01-03 23:14:27 - [TEST_STEP][PASSED] - Statement - Try: Delayed 2 second(s)

2019-01-03 23:14:27 - [TEST_STEP][PASSED] - Statement - Checker = false: null

2019-01-03 23:14:27 - [TEST_STEP][PASSED] - Statement - Checker = com.kms.katalon.core.webui.keyword.WebUiBuiltInKeywords.verifyElementHasAttribute(com.kms.katalon.core.testobject.ObjectRepository.findTestObject(Final Object Repo/Landing Page/BM Detecting), "href", 20, OPTIONAL): Object 'Object Repository/Final Object Repo/Landing Page/BM Detecting' has attribute 'href'

2019-01-03 23:14:27 - [MESSAGE][PASSED] - Object 'Object Repository/Final Object Repo/Landing Page/BM Detecting' has attribute 'href'

2019-01-03 23:14:27 - [TEST_STEP][PASSED] - Statement - out.println(Checker): null

2019-01-03 23:14:27 - [TEST_STEP][PASSED] - Statement - If (Checker == false): null

2019-01-03 23:14:27 - [TEST_STEP][PASSED] - Statement - Else: null

2019-01-03 23:14:27 - [TEST_STEP][PASSED] - delay: Delayed 2 second(s)

2019-01-03 23:14:29 - [MESSAGE][PASSED] - Delayed 2 second(s)

2019-01-03 23:14:29 - [TEST_STEP][PASSED] - click: Object: 'Object Repository/Final Object Repo/Page_MyASSIST - ASSIST - Search Pending Case For Add Supporting Document/Search Information' is clicked on

2019-01-03 23:14:30 - [MESSAGE][PASSED] - Object: 'Object Repository/Final Object Repo/Page_MyASSIST - ASSIST - Search Pending Case For Add Supporting Document/Search Information' is clicked on

2019-01-03 23:14:30 - [TEST_STEP][PASSED] - delay: Delayed 3 second(s)

2019-01-03 23:14:33 - [MESSAGE][PASSED] - Delayed 3 second(s)

2019-01-03 23:14:33 - [TEST_STEP][PASSED] - sendKeys: Keys 'CUN012019C100006191' sent to object: 'Object Repository/Final Object Repo/Page_MyASSIST - ASSIST - Search Pending Case For Add Supporting Document/Reference No'

2019-01-03 23:14:33 - [MESSAGE][PASSED] - Keys 'CUN012019C100006191' sent to object: 'Object Repository/Final Object Repo/Page_MyASSIST - ASSIST - Search Pending Case For Add Supporting Document/Reference No'

2019-01-03 23:14:33 - [TEST_STEP][PASSED] - click: Object: 'Object Repository/Final Object Repo/Page_MyASSIST - ASSIST - Search Pending Case For Add Supporting Document/Search Reference No' is clicked on

2019-01-03 23:14:33 - [MESSAGE][PASSED] - Object: 'Object Repository/Final Object Repo/Page_MyASSIST - ASSIST - Search Pending Case For Add Supporting Document/Search Reference No' is clicked on

2019-01-03 23:14:33 - [TEST_STEP][PASSED] - delay: Delayed 2 second(s)

2019-01-03 23:14:35 - [MESSAGE][PASSED] - Delayed 2 second(s)

2019-01-03 23:14:35 - [TEST_STEP][PASSED] - click: Object: 'Object Repository/Final Object Repo/Page_MyASSIST - ASSIST - Search Pending Case For Add Supporting Document/Continue' is clicked on

2019-01-03 23:14:39 - [MESSAGE][PASSED] - Object: 'Object Repository/Final Object Repo/Page_MyASSIST - ASSIST - Search Pending Case For Add Supporting Document/Continue' is clicked on

2019-01-03 23:14:39 - [TEST_STEP][PASSED] - delay: Delayed 20 second(s)

2019-01-03 23:14:59 - [MESSAGE][PASSED] - Delayed 20 second(s)

2019-01-03 23:14:59 - [MESSAGE][PASSED] - Call Test Case 'Test Cases/Final Aug 2018 - PKS Automation/Registration Module/Workflow/Login and Search Case For Workflow' successfully

2019-01-03 23:14:59 - [TEST_STEP][PASSED] - click: Object: 'Object Repository/Final Object Repo/Page_Update Employer Information/Page_Update Employer Information UO (Approve)/Continue' is clicked on

2019-01-03 23:15:02 - [MESSAGE][PASSED] - Object: 'Object Repository/Final Object Repo/Page_Update Employer Information/Page_Update Employer Information UO (Approve)/Continue' is clicked on

2019-01-03 23:15:02 - [TEST_STEP][PASSED] - delay: Delayed 2 second(s)

2019-01-03 23:15:04 - [MESSAGE][PASSED] - Delayed 2 second(s)

2019-01-03 23:15:04 - [TEST_STEP][PASSED] - click: Object: 'Object Repository/Final Object Repo/Page_Update Employer Information/Page_Update Employer Information UO (Approve)/Save  Continue in Update Employer Information Page' is clicked on

2019-01-03 23:15:04 - [MESSAGE][PASSED] - Object: 'Object Repository/Final Object Repo/Page_Update Employer Information/Page_Update Employer Information UO (Approve)/Save  Continue in Update Employer Information Page' is clicked on

2019-01-03 23:15:04 - [TEST_STEP][PASSED] - delay: Delayed 2 second(s)

2019-01-03 23:15:06 - [MESSAGE][PASSED] - Delayed 2 second(s)

2019-01-03 23:15:06 - [TEST_STEP][PASSED] - click: Object: 'Object Repository/Final Object Repo/Page_Update Employer Information/Page_Update Employer Information UO (Approve)/Save  Continue in Uploading Supporting Document Page' is clicked on

2019-01-03 23:15:09 - [MESSAGE][PASSED] - Object: 'Object Repository/Final Object Repo/Page_Update Employer Information/Page_Update Employer Information UO (Approve)/Save  Continue in Uploading Supporting Document Page' is clicked on

2019-01-03 23:15:09 - [TEST_STEP][PASSED] - delay: Delayed 2 second(s)

2019-01-03 23:15:11 - [MESSAGE][PASSED] - Delayed 2 second(s)

2019-01-03 23:15:11 - [TEST_STEP][PASSED] - click: Object: 'Object Repository/Final Object Repo/Page_Update Employer Information/Page_Update Employer Information UO (Approve)/Approve' is clicked on

2019-01-03 23:15:13 - [MESSAGE][PASSED] - Object: 'Object Repository/Final Object Repo/Page_Update Employer Information/Page_Update Employer Information UO (Approve)/Approve' is clicked on

2019-01-03 23:15:13 - [TEST_STEP][PASSED] - delay: Delayed 2 second(s)

2019-01-03 23:15:15 - [MESSAGE][PASSED] - Delayed 2 second(s)

2019-01-03 23:15:15 - [TEST_STEP][PASSED] - click: Object: 'Object Repository/Final Object Repo/Page_Update Employer Information/Page_Update Employer Information UO (Approve)/Confirm' is clicked on

2019-01-03 23:15:15 - [MESSAGE][PASSED] - Object: 'Object Repository/Final Object Repo/Page_Update Employer Information/Page_Update Employer Information UO (Approve)/Confirm' is clicked on

2019-01-03 23:15:15 - [TEST_STEP][PASSED] - delay: Delayed 2 second(s)

2019-01-03 23:15:17 - [MESSAGE][PASSED] - Delayed 2 second(s)

2019-01-03 23:15:17 - [TEST_STEP][PASSED] - verifyElementVisible: Object 'Object Repository/Final Object Repo/Page_Update Employer Information/Page_Update Employer Information UO (Approve)/Message Your Request' is visible

2019-01-03 23:15:24 - [MESSAGE][PASSED] - Object 'Object Repository/Final Object Repo/Page_Update Employer Information/Page_Update Employer Information UO (Approve)/Message Your Request' is visible

2019-01-03 23:15:24 - [TEST_STEP][PASSED] - verifyElementVisible: Object 'Object Repository/Final Object Repo/Page_Update Employer Information/Page_Update Employer Information UO (Approve)/Letter of successful update' is visible

2019-01-03 23:15:24 - [MESSAGE][PASSED] - Object 'Object Repository/Final Object Repo/Page_Update Employer Information/Page_Update Employer Information UO (Approve)/Letter of successful update' is visible

2019-01-03 23:15:24 - [MESSAGE][PASSED] - Call Test Case 'Test Cases/Final Aug 2018 - PKS Automation/Registration Module/Workflow/Update Employer Information/Template/Update Employer Information - Special Case - UO (Query)' successfully]]></system-out>
         <system-err><![CDATA[]]></system-err>
      </testcase>
      <testcase name="Test Cases/Final Aug 2018 - PKS Automation/Registration Module/Workflow/Update Employer Information/PKRBO - UO (Reject)" classname="Test Cases/Final Aug 2018 - PKS Automation/Registration Module/Workflow/Update Employer Information/PKRBO - UO (Reject)" status="PASSED">
         <system-out><![CDATA[2019-01-03 23:15:24 - [TEST_CASE][PASSED] - Test Cases/Final Aug 2018 - PKS Automation/Registration Module/Workflow/Update Employer Information/PKRBO - UO (Reject): Test Cases/Final Aug 2018 - PKS Automation/Registration Module/Workflow/Update Employer Information/PKRBO - UO (Reject)

2019-01-03 23:15:24 - [TEST_STEP][PASSED] - callTestCase: Call Test Case 'Test Cases/Final Aug 2018 - PKS Automation/Registration Module/Workflow/Update Employer Information/Template/Update Employer Information - Special Case (PKRBO)' successfully

2019-01-03 23:15:24 - [TEST_CASE][PASSED] - Test Cases/Final Aug 2018 - PKS Automation/Registration Module/Workflow/Update Employer Information/Template/Update Employer Information - Special Case (PKRBO): Test Cases/Final Aug 2018 - PKS Automation/Registration Module/Workflow/Update Employer Information/Template/Update Employer Information - Special Case (PKRBO)

2019-01-03 23:15:24 - [TEST_STEP][PASSED] - openBrowser: Browser is opened with url: ''

2019-01-03 23:15:24 - [MESSAGE][WARNING] - A browser is already opened. Closing browser and opening a new one

2019-01-03 23:15:28 - [MESSAGE][PASSED] - Browser is opened with url: ''

2019-01-03 23:15:28 - [TEST_STEP][PASSED] - navigateToUrl: Navigate to 'https://assist2-uat.perkeso.gov.my/login' successfully

2019-01-03 23:15:29 - [MESSAGE][PASSED] - Navigate to 'https://assist2-uat.perkeso.gov.my/login' successfully

2019-01-03 23:15:29 - [TEST_STEP][PASSED] - setText: Text 'johorpkrbo1@gmail.com' is set on object 'Object Repository/Final Object Repo/Login Page/Internal User/Email Address'

2019-01-03 23:15:29 - [MESSAGE][PASSED] - Text 'johorpkrbo1@gmail.com' is set on object 'Object Repository/Final Object Repo/Login Page/Internal User/Email Address'

2019-01-03 23:15:29 - [TEST_STEP][PASSED] - click: Object: 'Object Repository/Final Object Repo/Login Page/Internal User/Next Button' is clicked on

2019-01-03 23:15:30 - [MESSAGE][PASSED] - Object: 'Object Repository/Final Object Repo/Login Page/Internal User/Next Button' is clicked on

2019-01-03 23:15:30 - [TEST_STEP][PASSED] - delay: Delayed 1 second(s)

2019-01-03 23:15:31 - [MESSAGE][PASSED] - Delayed 1 second(s)

2019-01-03 23:15:31 - [TEST_STEP][PASSED] - setEncryptedText: Text ****** has been set on object 'Object Repository/Final Object Repo/Login Page/Internal User/Password'

2019-01-03 23:15:31 - [MESSAGE][PASSED] - Text ****** has been set on object 'Object Repository/Final Object Repo/Login Page/Internal User/Password'

2019-01-03 23:15:31 - [TEST_STEP][PASSED] - click: Object: 'Object Repository/Final Object Repo/Login Page/Internal User/Login Button' is clicked on

2019-01-03 23:15:31 - [MESSAGE][PASSED] - Object: 'Object Repository/Final Object Repo/Login Page/Internal User/Login Button' is clicked on

2019-01-03 23:15:31 - [TEST_STEP][PASSED] - Statement - tester = com.kms.katalon.core.testobject.ObjectRepository.findTestObject(Final Object Repo/Landing Page/Select to English): Finding Test Object with id 'Object Repository/Final Object Repo/Landing Page/Select to English'

2019-01-03 23:15:31 - [TEST_STEP][PASSED] - Statement - Try: Delayed 2 second(s)

2019-01-03 23:15:31 - [TEST_STEP][PASSED] - Statement - Checker = com.kms.katalon.core.webui.keyword.WebUiBuiltInKeywords.verifyElementNotPresent(tester, 3): Web element with id: 'Object Repository/Final Object Repo/Landing Page/Select to English' located by 'By.xpath: //a[@class = 'taglib-language-list-text' and @lang = 'en-US' and (contains(text(), 'EN') or contains(., 'EN'))]' is not present after '3' second(s)

2019-01-03 23:15:33 - [MESSAGE][PASSED] - Web element with id: 'Object Repository/Final Object Repo/Landing Page/Select to English' located by 'By.xpath: //a[@class = 'taglib-language-list-text' and @lang = 'en-US' and (contains(text(), 'EN') or contains(., 'EN'))]' is not present after '3' second(s)

2019-01-03 23:15:33 - [TEST_STEP][PASSED] - Statement - If (Checker == false): null

2019-01-03 23:15:33 - [TEST_STEP][PASSED] - delay: Delayed 2 second(s)

2019-01-03 23:15:35 - [MESSAGE][PASSED] - Delayed 2 second(s)

2019-01-03 23:15:35 - [TEST_STEP][PASSED] - delay: Delayed 5 second(s)

2019-01-03 23:15:40 - [MESSAGE][PASSED] - Delayed 5 second(s)

2019-01-03 23:15:40 - [TEST_STEP][PASSED] - navigateToUrl: Navigate to 'https://assist2-uat.perkeso.gov.my/web/registration/update/update-employer-information' successfully

2019-01-03 23:15:41 - [MESSAGE][PASSED] - Navigate to 'https://assist2-uat.perkeso.gov.my/web/registration/update/update-employer-information' successfully

2019-01-03 23:15:41 - [TEST_STEP][PASSED] - setText: Text 'E1102001065V ' is set on object 'Object Repository/Final Object Repo/Page_Update Employer Information/Employer Code'

2019-01-03 23:15:41 - [MESSAGE][PASSED] - Text 'E1102001065V ' is set on object 'Object Repository/Final Object Repo/Page_Update Employer Information/Employer Code'

2019-01-03 23:15:41 - [TEST_STEP][PASSED] - click: Object: 'Object Repository/Final Object Repo/Page_Update Employer Information/Search Button' is clicked on

2019-01-03 23:15:41 - [MESSAGE][PASSED] - Object: 'Object Repository/Final Object Repo/Page_Update Employer Information/Search Button' is clicked on

2019-01-03 23:15:41 - [TEST_STEP][PASSED] - click: Object: 'Object Repository/Final Object Repo/Page_Update Employer Information/Edit Button' is clicked on

2019-01-03 23:15:45 - [MESSAGE][PASSED] - Object: 'Object Repository/Final Object Repo/Page_Update Employer Information/Edit Button' is clicked on

2019-01-03 23:15:45 - [TEST_STEP][PASSED] - click: Object: 'Object Repository/Final Object Repo/Page_Update Employer Information/Business Entity' is clicked on

2019-01-03 23:15:45 - [MESSAGE][PASSED] - Object: 'Object Repository/Final Object Repo/Page_Update Employer Information/Business Entity' is clicked on

2019-01-03 23:15:45 - [TEST_STEP][PASSED] - Statement - CurrentBusinessEntity = "": null

2019-01-03 23:15:45 - [TEST_STEP][PASSED] - Statement - CurrentBusinessEntity = com.kms.katalon.core.webui.keyword.WebUiBuiltInKeywords.getText(com.kms.katalon.core.testobject.ObjectRepository.findTestObject(Final Object Repo/Page_Update Employer Information/Current Business Entity)): Text of object 'Object Repository/Final Object Repo/Page_Update Employer Information/Current Business Entity' is: 'Others'

2019-01-03 23:15:45 - [MESSAGE][PASSED] - Text of object 'Object Repository/Final Object Repo/Page_Update Employer Information/Current Business Entity' is: 'Others'

2019-01-03 23:15:45 - [TEST_STEP][PASSED] - Statement - out.println(CurrentBusinessEntity): null

2019-01-03 23:15:45 - [TEST_STEP][PASSED] - Statement - If (CurrentBusinessEntity == "Corporation"): null

2019-01-03 23:15:45 - [TEST_STEP][PASSED] - Statement - Else If (CurrentBusinessEntity == "Partnership"): null

2019-01-03 23:15:45 - [TEST_STEP][PASSED] - Statement - Else If (CurrentBusinessEntity == "Sole Proprietor / Individual Business"): null

2019-01-03 23:15:45 - [TEST_STEP][PASSED] - Statement - Else If (CurrentBusinessEntity == "Others"): Delayed 3 second(s)

2019-01-03 23:15:45 - [TEST_STEP][PASSED] - Statement - obj = com.kms.katalon.core.webui.keyword.WebUiBuiltInKeywords.modifyObjectProperty(com.kms.katalon.core.testobject.ObjectRepository.findTestObject(Final Object Repo/Page_Update Employer Information/change to this Business Entity), "xpath", "equals", "//ul/li/span[contains(text(),"Partnership")]", true, STOP_ON_FAILURE): Modify property of object successfully

2019-01-03 23:15:45 - [MESSAGE][PASSED] - Modify property of object successfully

2019-01-03 23:15:45 - [TEST_STEP][PASSED] - click: Object: 'Object Repository/Final Object Repo/Page_Update Employer Information/change to this Business Entity' is clicked on

2019-01-03 23:15:45 - [MESSAGE][PASSED] - Object: 'Object Repository/Final Object Repo/Page_Update Employer Information/change to this Business Entity' is clicked on

2019-01-03 23:15:45 - [TEST_STEP][PASSED] - delay: Delayed 1 second(s)

2019-01-03 23:15:46 - [MESSAGE][PASSED] - Delayed 1 second(s)

2019-01-03 23:15:46 - [TEST_STEP][PASSED] - click: Object: 'Object Repository/Final Object Repo/Page_Update Employer Information/Sub Business Entity' is clicked on

2019-01-03 23:15:46 - [MESSAGE][PASSED] - Object: 'Object Repository/Final Object Repo/Page_Update Employer Information/Sub Business Entity' is clicked on

2019-01-03 23:15:46 - [TEST_STEP][PASSED] - click: Object: 'Object Repository/Final Object Repo/Page_Update Employer Information/Sub Business Entity - Partnership - Registered With other Agencies' is clicked on

2019-01-03 23:15:46 - [MESSAGE][PASSED] - Object: 'Object Repository/Final Object Repo/Page_Update Employer Information/Sub Business Entity - Partnership - Registered With other Agencies' is clicked on

2019-01-03 23:15:46 - [TEST_STEP][PASSED] - delay: Delayed 3 second(s)

2019-01-03 23:15:49 - [MESSAGE][PASSED] - Delayed 3 second(s)

2019-01-03 23:15:49 - [TEST_STEP][PASSED] - delay: Delayed 4 second(s)

2019-01-03 23:15:53 - [MESSAGE][PASSED] - Delayed 4 second(s)

2019-01-03 23:15:53 - [TEST_STEP][PASSED] - click: Object: 'Object Repository/Final Object Repo/Page_Update Employer Information/Save  Continue' is clicked on

2019-01-03 23:15:54 - [MESSAGE][PASSED] - Object: 'Object Repository/Final Object Repo/Page_Update Employer Information/Save  Continue' is clicked on

2019-01-03 23:15:54 - [TEST_STEP][PASSED] - delay: Delayed 4 second(s)

2019-01-03 23:15:58 - [MESSAGE][PASSED] - Delayed 4 second(s)

2019-01-03 23:15:58 - [TEST_STEP][PASSED] - click: Object: 'Object Repository/Final Object Repo/Page_Update Employer Information/Save  Continue (1)' is clicked on

2019-01-03 23:15:58 - [MESSAGE][PASSED] - Object: 'Object Repository/Final Object Repo/Page_Update Employer Information/Save  Continue (1)' is clicked on

2019-01-03 23:15:58 - [TEST_STEP][PASSED] - delay: Delayed 4 second(s)

2019-01-03 23:16:02 - [MESSAGE][PASSED] - Delayed 4 second(s)

2019-01-03 23:16:02 - [TEST_STEP][PASSED] - Statement - CaseReferenceNo = com.kms.katalon.core.webui.keyword.WebUiBuiltInKeywords.getText(com.kms.katalon.core.testobject.ObjectRepository.findTestObject(Final Object Repo/Page_Update Employer Information/Reference Number in Update Employee Information Page)): Text of object 'Object Repository/Final Object Repo/Page_Update Employer Information/Reference Number in Update Employee Information Page' is: 'CUN012019C100006192'

2019-01-03 23:16:02 - [MESSAGE][PASSED] - Text of object 'Object Repository/Final Object Repo/Page_Update Employer Information/Reference Number in Update Employee Information Page' is: 'CUN012019C100006192'

2019-01-03 23:16:02 - [TEST_STEP][PASSED] - callTestCase: Call Test Case 'Test Cases/Final Aug 2018 - PKS Automation/Common/Reference Number Setter' successfully

2019-01-03 23:16:02 - [TEST_CASE][PASSED] - Test Cases/Final Aug 2018 - PKS Automation/Common/Reference Number Setter: Test Cases/Final Aug 2018 - PKS Automation/Common/Reference Number Setter

2019-01-03 23:16:02 - [TEST_STEP][PASSED] - Statement - RefNoOldFile = new java.io.File(C://Users//Admin//Desktop//PKS//Automation Reference Point//KatalonReference.txt): null

2019-01-03 23:16:02 - [TEST_STEP][PASSED] - Statement - RefNoOldFile.delete(): null

2019-01-03 23:16:02 - [TEST_STEP][PASSED] - delay: Delayed 5 second(s)

2019-01-03 23:16:07 - [MESSAGE][PASSED] - Delayed 5 second(s)

2019-01-03 23:16:07 - [TEST_STEP][PASSED] - Statement - RefNo = new java.io.File(C://Users//Admin//Desktop//PKS//Automation Reference Point//KatalonReference.txt): null

2019-01-03 23:16:07 - [TEST_STEP][PASSED] - Statement - f2 = new java.io.FileWriter(RefNo, false): null

2019-01-03 23:16:07 - [TEST_STEP][PASSED] - Statement - f2.write(CaseReferenceNo): null

2019-01-03 23:16:07 - [TEST_STEP][PASSED] - Statement - f2.close(): null

2019-01-03 23:16:07 - [TEST_STEP][PASSED] - Statement - out.println("


" + CaseReferenceNo + "


"): null

2019-01-03 23:16:07 - [MESSAGE][PASSED] - Call Test Case 'Test Cases/Final Aug 2018 - PKS Automation/Common/Reference Number Setter' successfully

2019-01-03 23:16:07 - [TEST_STEP][PASSED] - delay: Delayed 4 second(s)

2019-01-03 23:16:11 - [MESSAGE][PASSED] - Delayed 4 second(s)

2019-01-03 23:16:11 - [TEST_STEP][PASSED] - click: Object: 'Object Repository/Final Object Repo/Page_Update Employer Information/Submit - Copy' is clicked on

2019-01-03 23:16:11 - [MESSAGE][PASSED] - Object: 'Object Repository/Final Object Repo/Page_Update Employer Information/Submit - Copy' is clicked on

2019-01-03 23:16:11 - [TEST_STEP][PASSED] - delay: Delayed 2 second(s)

2019-01-03 23:16:13 - [MESSAGE][PASSED] - Delayed 2 second(s)

2019-01-03 23:16:13 - [TEST_STEP][PASSED] - click: Object: 'Object Repository/Final Object Repo/Page_Update Employer Information/Confirm' is clicked on

2019-01-03 23:16:13 - [MESSAGE][PASSED] - Object: 'Object Repository/Final Object Repo/Page_Update Employer Information/Confirm' is clicked on

2019-01-03 23:16:13 - [TEST_STEP][PASSED] - delay: Delayed 2 second(s)

2019-01-03 23:16:15 - [MESSAGE][PASSED] - Delayed 2 second(s)

2019-01-03 23:16:15 - [TEST_STEP][PASSED] - click: Object: 'Object Repository/Final Object Repo/Page_Update Employer Information/Message Your Request will be route' is clicked on

2019-01-03 23:16:17 - [MESSAGE][PASSED] - Object: 'Object Repository/Final Object Repo/Page_Update Employer Information/Message Your Request will be route' is clicked on

2019-01-03 23:16:17 - [MESSAGE][PASSED] - Call Test Case 'Test Cases/Final Aug 2018 - PKS Automation/Registration Module/Workflow/Update Employer Information/Template/Update Employer Information - Special Case (PKRBO)' successfully

2019-01-03 23:16:17 - [TEST_STEP][PASSED] - callTestCase: Call Test Case 'Test Cases/Final Aug 2018 - PKS Automation/Registration Module/Workflow/Update Employer Information/Template/Update Employer Information - Special Case - UO (Reject)' successfully

2019-01-03 23:16:17 - [TEST_CASE][PASSED] - Test Cases/Final Aug 2018 - PKS Automation/Registration Module/Workflow/Update Employer Information/Template/Update Employer Information - Special Case - UO (Reject): Test Cases/Final Aug 2018 - PKS Automation/Registration Module/Workflow/Update Employer Information/Template/Update Employer Information - Special Case - UO (Reject)

2019-01-03 23:16:17 - [TEST_STEP][NOT_RUN] - callTestCase: NOT_RUN: callTestCase

2019-01-03 23:16:17 - [MESSAGE][NOT_RUN] - NOT_RUN: callTestCase

2019-01-03 23:16:17 - [TEST_STEP][PASSED] - delay: Delayed 1 second(s)

2019-01-03 23:16:18 - [MESSAGE][PASSED] - Delayed 1 second(s)

2019-01-03 23:16:18 - [TEST_STEP][PASSED] - navigateToUrl: Navigate to 'https://assist2-uat.perkeso.gov.my/c/portal/logout' successfully

2019-01-03 23:16:19 - [MESSAGE][PASSED] - Navigate to 'https://assist2-uat.perkeso.gov.my/c/portal/logout' successfully

2019-01-03 23:16:19 - [TEST_STEP][PASSED] - delay: Delayed 1 second(s)

2019-01-03 23:16:20 - [MESSAGE][PASSED] - Delayed 1 second(s)

2019-01-03 23:16:20 - [TEST_STEP][PASSED] - callTestCase: Call Test Case 'Test Cases/Final Aug 2018 - PKS Automation/Common/Reference Number Getter' successfully

2019-01-03 23:16:20 - [TEST_CASE][PASSED] - Test Cases/Final Aug 2018 - PKS Automation/Common/Reference Number Getter: Test Cases/Final Aug 2018 - PKS Automation/Common/Reference Number Getter

2019-01-03 23:16:20 - [TEST_STEP][PASSED] - Statement - Try: null

2019-01-03 23:16:20 - [TEST_STEP][PASSED] - Statement - RefNo = new java.io.File(C://Users//Admin//Desktop//PKS//Automation Reference Point//KatalonReference.txt): null

2019-01-03 23:16:20 - [TEST_STEP][PASSED] - Statement - bufferread = new java.io.BufferedReader(new java.io.FileReader(RefNo)): null

2019-01-03 23:16:20 - [TEST_STEP][PASSED] - Statement - readedVal = bufferread.readLine(): null

2019-01-03 23:16:20 - [TEST_STEP][PASSED] - Statement - out.println(CaseReferenceNo): null

2019-01-03 23:16:20 - [TEST_STEP][PASSED] - Statement - out.println(readedVal): null

2019-01-03 23:16:20 - [TEST_STEP][PASSED] - Statement - CaseReferenceNo = "": null

2019-01-03 23:16:20 - [TEST_STEP][PASSED] - Statement - CaseReferenceNo = readedVal: null

2019-01-03 23:16:20 - [MESSAGE][PASSED] - Call Test Case 'Test Cases/Final Aug 2018 - PKS Automation/Common/Reference Number Getter' successfully

2019-01-03 23:16:20 - [TEST_STEP][PASSED] - callTestCase: Call Test Case 'Test Cases/Final Aug 2018 - PKS Automation/Common/Workflow Owner Finder' successfully

2019-01-03 23:16:20 - [TEST_CASE][PASSED] - Test Cases/Final Aug 2018 - PKS Automation/Common/Workflow Owner Finder: Test Cases/Final Aug 2018 - PKS Automation/Common/Workflow Owner Finder

2019-01-03 23:16:20 - [TEST_STEP][PASSED] - openBrowser: Browser is opened with url: ''

2019-01-03 23:16:20 - [MESSAGE][WARNING] - A browser is already opened. Closing browser and opening a new one

2019-01-03 23:16:24 - [MESSAGE][PASSED] - Browser is opened with url: ''

2019-01-03 23:16:24 - [TEST_STEP][PASSED] - navigateToUrl: Navigate to 'https://assist2-uat.perkeso.gov.my/login' successfully

2019-01-03 23:16:25 - [MESSAGE][PASSED] - Navigate to 'https://assist2-uat.perkeso.gov.my/login' successfully

2019-01-03 23:16:25 - [TEST_STEP][PASSED] - delay: Delayed 5 second(s)

2019-01-03 23:16:30 - [MESSAGE][PASSED] - Delayed 5 second(s)

2019-01-03 23:16:30 - [TEST_STEP][PASSED] - setText: Text 'test@liferay.com' is set on object 'Object Repository/Final Object Repo/Login Page/Internal User/Email Address'

2019-01-03 23:16:30 - [MESSAGE][PASSED] - Text 'test@liferay.com' is set on object 'Object Repository/Final Object Repo/Login Page/Internal User/Email Address'

2019-01-03 23:16:30 - [TEST_STEP][PASSED] - click: Object: 'Object Repository/Final Object Repo/Login Page/Internal User/Next Button' is clicked on

2019-01-03 23:16:30 - [MESSAGE][PASSED] - Object: 'Object Repository/Final Object Repo/Login Page/Internal User/Next Button' is clicked on

2019-01-03 23:16:30 - [TEST_STEP][PASSED] - delay: Delayed 2 second(s)

2019-01-03 23:16:32 - [MESSAGE][PASSED] - Delayed 2 second(s)

2019-01-03 23:16:32 - [TEST_STEP][PASSED] - setText: Text 'test' is set on object 'Object Repository/Final Object Repo/Login Page/Internal User/Password'

2019-01-03 23:16:33 - [MESSAGE][PASSED] - Text 'test' is set on object 'Object Repository/Final Object Repo/Login Page/Internal User/Password'

2019-01-03 23:16:33 - [TEST_STEP][PASSED] - delay: Delayed 2 second(s)

2019-01-03 23:16:35 - [MESSAGE][PASSED] - Delayed 2 second(s)

2019-01-03 23:16:35 - [TEST_STEP][PASSED] - click: Object: 'Object Repository/Final Object Repo/Login Page/Internal User/Login Button' is clicked on

2019-01-03 23:16:35 - [MESSAGE][PASSED] - Object: 'Object Repository/Final Object Repo/Login Page/Internal User/Login Button' is clicked on

2019-01-03 23:16:35 - [TEST_STEP][PASSED] - Statement - tester = com.kms.katalon.core.testobject.ObjectRepository.findTestObject(Final Object Repo/Landing Page/Select to English): Finding Test Object with id 'Object Repository/Final Object Repo/Landing Page/Select to English'

2019-01-03 23:16:35 - [TEST_STEP][PASSED] - Statement - Try: Delayed 2 second(s)

2019-01-03 23:16:35 - [TEST_STEP][PASSED] - Statement - Checker = com.kms.katalon.core.webui.keyword.WebUiBuiltInKeywords.verifyElementNotPresent(tester, 3): Web element with id: 'Object Repository/Final Object Repo/Landing Page/Select to English' located by 'By.xpath: //a[@class = 'taglib-language-list-text' and @lang = 'en-US' and (contains(text(), 'EN') or contains(., 'EN'))]' is not present after '3' second(s)

2019-01-03 23:16:37 - [MESSAGE][PASSED] - Web element with id: 'Object Repository/Final Object Repo/Landing Page/Select to English' located by 'By.xpath: //a[@class = 'taglib-language-list-text' and @lang = 'en-US' and (contains(text(), 'EN') or contains(., 'EN'))]' is not present after '3' second(s)

2019-01-03 23:16:37 - [TEST_STEP][PASSED] - Statement - If (Checker == false): null

2019-01-03 23:16:37 - [TEST_STEP][PASSED] - delay: Delayed 2 second(s)

2019-01-03 23:16:39 - [MESSAGE][PASSED] - Delayed 2 second(s)

2019-01-03 23:16:39 - [TEST_STEP][PASSED] - delay: Delayed 5 second(s)

2019-01-03 23:16:44 - [MESSAGE][PASSED] - Delayed 5 second(s)

2019-01-03 23:16:44 - [TEST_STEP][PASSED] - mouseOver: Object: 'Object Repository/Final Object Repo/Landing Page/WorkFlow Menu' is hovered

2019-01-03 23:16:44 - [MESSAGE][PASSED] - Object: 'Object Repository/Final Object Repo/Landing Page/WorkFlow Menu' is hovered

2019-01-03 23:16:44 - [TEST_STEP][PASSED] - delay: Delayed 2 second(s)

2019-01-03 23:16:46 - [MESSAGE][PASSED] - Delayed 2 second(s)

2019-01-03 23:16:46 - [TEST_STEP][PASSED] - click: Object: 'Object Repository/Final Object Repo/Landing Page/Select to Workflow Listing' is clicked on

2019-01-03 23:16:47 - [MESSAGE][PASSED] - Object: 'Object Repository/Final Object Repo/Landing Page/Select to Workflow Listing' is clicked on

2019-01-03 23:16:47 - [TEST_STEP][PASSED] - delay: Delayed 2 second(s)

2019-01-03 23:16:49 - [MESSAGE][PASSED] - Delayed 2 second(s)

2019-01-03 23:16:49 - [TEST_STEP][PASSED] - click: Object: 'Object Repository/Final Object Repo/WorkFlow Listing Page/Search Information - To Put Ref No' is clicked on

2019-01-03 23:16:49 - [MESSAGE][PASSED] - Object: 'Object Repository/Final Object Repo/WorkFlow Listing Page/Search Information - To Put Ref No' is clicked on

2019-01-03 23:16:49 - [TEST_STEP][PASSED] - delay: Delayed 2 second(s)

2019-01-03 23:16:51 - [MESSAGE][PASSED] - Delayed 2 second(s)

2019-01-03 23:16:51 - [TEST_STEP][PASSED] - callTestCase: Call Test Case 'Test Cases/Final Aug 2018 - PKS Automation/Common/Reference Number Getter' successfully

2019-01-03 23:16:51 - [TEST_CASE][PASSED] - Test Cases/Final Aug 2018 - PKS Automation/Common/Reference Number Getter: Test Cases/Final Aug 2018 - PKS Automation/Common/Reference Number Getter

2019-01-03 23:16:51 - [TEST_STEP][PASSED] - Statement - Try: null

2019-01-03 23:16:51 - [TEST_STEP][PASSED] - Statement - RefNo = new java.io.File(C://Users//Admin//Desktop//PKS//Automation Reference Point//KatalonReference.txt): null

2019-01-03 23:16:51 - [TEST_STEP][PASSED] - Statement - bufferread = new java.io.BufferedReader(new java.io.FileReader(RefNo)): null

2019-01-03 23:16:51 - [TEST_STEP][PASSED] - Statement - readedVal = bufferread.readLine(): null

2019-01-03 23:16:51 - [TEST_STEP][PASSED] - Statement - out.println(CaseReferenceNo): null

2019-01-03 23:16:51 - [TEST_STEP][PASSED] - Statement - out.println(readedVal): null

2019-01-03 23:16:51 - [TEST_STEP][PASSED] - Statement - CaseReferenceNo = "": null

2019-01-03 23:16:51 - [TEST_STEP][PASSED] - Statement - CaseReferenceNo = readedVal: null

2019-01-03 23:16:51 - [MESSAGE][PASSED] - Call Test Case 'Test Cases/Final Aug 2018 - PKS Automation/Common/Reference Number Getter' successfully

2019-01-03 23:16:51 - [TEST_STEP][PASSED] - setText: Text 'CUN012019C100006192' is set on object 'Object Repository/Final Object Repo/WorkFlow Listing Page/Ref No Set Text'

2019-01-03 23:16:51 - [MESSAGE][PASSED] - Text 'CUN012019C100006192' is set on object 'Object Repository/Final Object Repo/WorkFlow Listing Page/Ref No Set Text'

2019-01-03 23:16:51 - [TEST_STEP][PASSED] - delay: Delayed 2 second(s)

2019-01-03 23:16:53 - [MESSAGE][PASSED] - Delayed 2 second(s)

2019-01-03 23:16:53 - [TEST_STEP][PASSED] - click: Object: 'Object Repository/Final Object Repo/WorkFlow Listing Page/Search Ref No Search Button' is clicked on

2019-01-03 23:16:53 - [MESSAGE][PASSED] - Object: 'Object Repository/Final Object Repo/WorkFlow Listing Page/Search Ref No Search Button' is clicked on

2019-01-03 23:16:53 - [TEST_STEP][PASSED] - delay: Delayed 6 second(s)

2019-01-03 23:16:59 - [MESSAGE][PASSED] - Delayed 6 second(s)

2019-01-03 23:16:59 - [TEST_STEP][PASSED] - click: Object: 'Object Repository/Final Object Repo/WorkFlow Listing Page/Click Continue Tooltip' is clicked on

2019-01-03 23:17:00 - [MESSAGE][PASSED] - Object: 'Object Repository/Final Object Repo/WorkFlow Listing Page/Click Continue Tooltip' is clicked on

2019-01-03 23:17:00 - [TEST_STEP][PASSED] - delay: Delayed 5 second(s)

2019-01-03 23:17:05 - [MESSAGE][PASSED] - Delayed 5 second(s)

2019-01-03 23:17:05 - [TEST_STEP][PASSED] - doubleClick: Object: 'Object Repository/Final Object Repo/WorkFlow Listing Page/Workflow Found - Listing 1' is double clicked on

2019-01-03 23:17:06 - [MESSAGE][PASSED] - Object: 'Object Repository/Final Object Repo/WorkFlow Listing Page/Workflow Found - Listing 1' is double clicked on

2019-01-03 23:17:06 - [TEST_STEP][PASSED] - Statement - println(OwnerID): null

2019-01-03 23:17:06 - [TEST_STEP][PASSED] - Statement - OwnerID = com.kms.katalon.core.webui.keyword.WebUiBuiltInKeywords.getText(com.kms.katalon.core.testobject.ObjectRepository.findTestObject(Final Object Repo/WorkFlow Listing Page/Workflow Found - Listing 1), STOP_ON_FAILURE): Text of object 'Object Repository/Final Object Repo/WorkFlow Listing Page/Workflow Found - Listing 1' is: 'JOHORuo3'

2019-01-03 23:17:06 - [MESSAGE][PASSED] - Text of object 'Object Repository/Final Object Repo/WorkFlow Listing Page/Workflow Found - Listing 1' is: 'JOHORuo3'

2019-01-03 23:17:06 - [TEST_STEP][PASSED] - Statement - OwnerID = OwnerID.toLowerCase() + "@gmail.com": null

2019-01-03 23:17:06 - [TEST_STEP][PASSED] - Statement - println(OwnerID): null

2019-01-03 23:17:06 - [TEST_STEP][PASSED] - delay: Delayed 2 second(s)

2019-01-03 23:17:08 - [MESSAGE][PASSED] - Delayed 2 second(s)

2019-01-03 23:17:08 - [MESSAGE][PASSED] - Call Test Case 'Test Cases/Final Aug 2018 - PKS Automation/Common/Workflow Owner Finder' successfully

2019-01-03 23:17:08 - [TEST_STEP][PASSED] - delay: Delayed 1 second(s)

2019-01-03 23:17:09 - [MESSAGE][PASSED] - Delayed 1 second(s)

2019-01-03 23:17:09 - [TEST_STEP][PASSED] - navigateToUrl: Navigate to 'https://assist2-uat.perkeso.gov.my/c/portal/logout' successfully

2019-01-03 23:17:09 - [MESSAGE][PASSED] - Navigate to 'https://assist2-uat.perkeso.gov.my/c/portal/logout' successfully

2019-01-03 23:17:09 - [TEST_STEP][PASSED] - delay: Delayed 1 second(s)

2019-01-03 23:17:10 - [MESSAGE][PASSED] - Delayed 1 second(s)

2019-01-03 23:17:10 - [TEST_STEP][PASSED] - callTestCase: Call Test Case 'Test Cases/Final Aug 2018 - PKS Automation/Registration Module/Workflow/Login and Search Case For Workflow' successfully

2019-01-03 23:17:11 - [TEST_CASE][PASSED] - Test Cases/Final Aug 2018 - PKS Automation/Registration Module/Workflow/Login and Search Case For Workflow: Test Cases/Final Aug 2018 - PKS Automation/Registration Module/Workflow/Login and Search Case For Workflow

2019-01-03 23:17:11 - [TEST_STEP][PASSED] - navigateToUrl: Navigate to 'https://assist2-uat.perkeso.gov.my/login' successfully

2019-01-03 23:17:11 - [MESSAGE][PASSED] - Navigate to 'https://assist2-uat.perkeso.gov.my/login' successfully

2019-01-03 23:17:11 - [TEST_STEP][PASSED] - setText: Text 'johoruo3@gmail.com' is set on object 'Object Repository/Final Object Repo/Login Page/Internal User/Email Address'

2019-01-03 23:17:11 - [MESSAGE][PASSED] - Text 'johoruo3@gmail.com' is set on object 'Object Repository/Final Object Repo/Login Page/Internal User/Email Address'

2019-01-03 23:17:11 - [TEST_STEP][PASSED] - click: Object: 'Object Repository/Final Object Repo/Login Page/Internal User/Next Button' is clicked on

2019-01-03 23:17:12 - [MESSAGE][PASSED] - Object: 'Object Repository/Final Object Repo/Login Page/Internal User/Next Button' is clicked on

2019-01-03 23:17:12 - [TEST_STEP][PASSED] - delay: Delayed 1 second(s)

2019-01-03 23:17:13 - [MESSAGE][PASSED] - Delayed 1 second(s)

2019-01-03 23:17:13 - [TEST_STEP][PASSED] - setEncryptedText: Text ****** has been set on object 'Object Repository/Final Object Repo/Login Page/Internal User/Password'

2019-01-03 23:17:13 - [MESSAGE][PASSED] - Text ****** has been set on object 'Object Repository/Final Object Repo/Login Page/Internal User/Password'

2019-01-03 23:17:13 - [TEST_STEP][PASSED] - click: Object: 'Object Repository/Final Object Repo/Login Page/Internal User/Login Button' is clicked on

2019-01-03 23:17:13 - [MESSAGE][PASSED] - Object: 'Object Repository/Final Object Repo/Login Page/Internal User/Login Button' is clicked on

2019-01-03 23:17:13 - [TEST_STEP][PASSED] - delay: Delayed 2 second(s)

2019-01-03 23:17:15 - [MESSAGE][PASSED] - Delayed 2 second(s)

2019-01-03 23:17:15 - [TEST_STEP][PASSED] - Statement - Try: Delayed 2 second(s)

2019-01-03 23:17:15 - [TEST_STEP][PASSED] - Statement - Checker = false: null

2019-01-03 23:17:15 - [TEST_STEP][PASSED] - Statement - Checker = com.kms.katalon.core.webui.keyword.WebUiBuiltInKeywords.verifyElementHasAttribute(com.kms.katalon.core.testobject.ObjectRepository.findTestObject(Final Object Repo/Landing Page/BM Detecting), "href", 20, OPTIONAL): Object 'Object Repository/Final Object Repo/Landing Page/BM Detecting' has attribute 'href'

2019-01-03 23:17:15 - [MESSAGE][PASSED] - Object 'Object Repository/Final Object Repo/Landing Page/BM Detecting' has attribute 'href'

2019-01-03 23:17:15 - [TEST_STEP][PASSED] - Statement - out.println(Checker): null

2019-01-03 23:17:15 - [TEST_STEP][PASSED] - Statement - If (Checker == false): null

2019-01-03 23:17:15 - [TEST_STEP][PASSED] - Statement - Else: null

2019-01-03 23:17:15 - [TEST_STEP][PASSED] - delay: Delayed 2 second(s)

2019-01-03 23:17:17 - [MESSAGE][PASSED] - Delayed 2 second(s)

2019-01-03 23:17:17 - [TEST_STEP][PASSED] - click: Object: 'Object Repository/Final Object Repo/Page_MyASSIST - ASSIST - Search Pending Case For Add Supporting Document/Search Information' is clicked on

2019-01-03 23:17:17 - [MESSAGE][PASSED] - Object: 'Object Repository/Final Object Repo/Page_MyASSIST - ASSIST - Search Pending Case For Add Supporting Document/Search Information' is clicked on

2019-01-03 23:17:17 - [TEST_STEP][PASSED] - delay: Delayed 3 second(s)

2019-01-03 23:17:20 - [MESSAGE][PASSED] - Delayed 3 second(s)

2019-01-03 23:17:20 - [TEST_STEP][PASSED] - sendKeys: Keys 'CUN012019C100006192' sent to object: 'Object Repository/Final Object Repo/Page_MyASSIST - ASSIST - Search Pending Case For Add Supporting Document/Reference No'

2019-01-03 23:17:20 - [MESSAGE][PASSED] - Keys 'CUN012019C100006192' sent to object: 'Object Repository/Final Object Repo/Page_MyASSIST - ASSIST - Search Pending Case For Add Supporting Document/Reference No'

2019-01-03 23:17:20 - [TEST_STEP][PASSED] - click: Object: 'Object Repository/Final Object Repo/Page_MyASSIST - ASSIST - Search Pending Case For Add Supporting Document/Search Reference No' is clicked on

2019-01-03 23:17:20 - [MESSAGE][PASSED] - Object: 'Object Repository/Final Object Repo/Page_MyASSIST - ASSIST - Search Pending Case For Add Supporting Document/Search Reference No' is clicked on

2019-01-03 23:17:20 - [TEST_STEP][PASSED] - delay: Delayed 2 second(s)

2019-01-03 23:17:22 - [MESSAGE][PASSED] - Delayed 2 second(s)

2019-01-03 23:17:22 - [TEST_STEP][PASSED] - click: Object: 'Object Repository/Final Object Repo/Page_MyASSIST - ASSIST - Search Pending Case For Add Supporting Document/Continue' is clicked on

2019-01-03 23:17:26 - [MESSAGE][PASSED] - Object: 'Object Repository/Final Object Repo/Page_MyASSIST - ASSIST - Search Pending Case For Add Supporting Document/Continue' is clicked on

2019-01-03 23:17:26 - [TEST_STEP][PASSED] - delay: Delayed 20 second(s)

2019-01-03 23:17:46 - [MESSAGE][PASSED] - Delayed 20 second(s)

2019-01-03 23:17:46 - [MESSAGE][PASSED] - Call Test Case 'Test Cases/Final Aug 2018 - PKS Automation/Registration Module/Workflow/Login and Search Case For Workflow' successfully

2019-01-03 23:17:46 - [TEST_STEP][PASSED] - delay: Delayed 2 second(s)

2019-01-03 23:17:48 - [MESSAGE][PASSED] - Delayed 2 second(s)

2019-01-03 23:17:48 - [TEST_STEP][PASSED] - click: Object: 'Object Repository/Final Object Repo/Page_Update Employer Information/Page_Update Employer Information UO (Approve)/Continue' is clicked on

2019-01-03 23:17:52 - [MESSAGE][PASSED] - Object: 'Object Repository/Final Object Repo/Page_Update Employer Information/Page_Update Employer Information UO (Approve)/Continue' is clicked on

2019-01-03 23:17:52 - [TEST_STEP][PASSED] - delay: Delayed 2 second(s)

2019-01-03 23:17:54 - [MESSAGE][PASSED] - Delayed 2 second(s)

2019-01-03 23:17:54 - [TEST_STEP][PASSED] - click: Object: 'Object Repository/Final Object Repo/Page_Update Employer Information/Page_Update Employer Information UO (Approve)/Save  Continue in Update Employer Information Page' is clicked on

2019-01-03 23:17:54 - [MESSAGE][PASSED] - Object: 'Object Repository/Final Object Repo/Page_Update Employer Information/Page_Update Employer Information UO (Approve)/Save  Continue in Update Employer Information Page' is clicked on

2019-01-03 23:17:54 - [TEST_STEP][PASSED] - delay: Delayed 2 second(s)

2019-01-03 23:17:56 - [MESSAGE][PASSED] - Delayed 2 second(s)

2019-01-03 23:17:56 - [TEST_STEP][PASSED] - click: Object: 'Object Repository/Final Object Repo/Page_Update Employer Information/Page_Update Employer Information UO (Approve)/Save  Continue in Uploading Supporting Document Page' is clicked on

2019-01-03 23:17:58 - [MESSAGE][PASSED] - Object: 'Object Repository/Final Object Repo/Page_Update Employer Information/Page_Update Employer Information UO (Approve)/Save  Continue in Uploading Supporting Document Page' is clicked on

2019-01-03 23:17:58 - [TEST_STEP][PASSED] - delay: Delayed 2 second(s)

2019-01-03 23:18:00 - [MESSAGE][PASSED] - Delayed 2 second(s)

2019-01-03 23:18:00 - [TEST_STEP][PASSED] - click: Object: 'Object Repository/Final Object Repo/Page_Update Employer Information/Page_Update Employer Information UO (Reject)/Reject' is clicked on

2019-01-03 23:18:02 - [MESSAGE][PASSED] - Object: 'Object Repository/Final Object Repo/Page_Update Employer Information/Page_Update Employer Information UO (Reject)/Reject' is clicked on

2019-01-03 23:18:02 - [TEST_STEP][PASSED] - delay: Delayed 2 second(s)

2019-01-03 23:18:04 - [MESSAGE][PASSED] - Delayed 2 second(s)

2019-01-03 23:18:04 - [TEST_STEP][PASSED] - click: Object: 'Object Repository/Final Object Repo/Page_Update Employer Information/Page_Update Employer Information UO (Reject)/Confirm' is clicked on

2019-01-03 23:18:05 - [MESSAGE][PASSED] - Object: 'Object Repository/Final Object Repo/Page_Update Employer Information/Page_Update Employer Information UO (Reject)/Confirm' is clicked on

2019-01-03 23:18:05 - [TEST_STEP][PASSED] - delay: Delayed 2 second(s)

2019-01-03 23:18:07 - [MESSAGE][PASSED] - Delayed 2 second(s)

2019-01-03 23:18:07 - [TEST_STEP][PASSED] - click: Object: 'Object Repository/Final Object Repo/Page_Update Employer Information/Page_Update Employer Information UO (Reject)/Message This Case has been Rejected' is clicked on

2019-01-03 23:18:08 - [MESSAGE][PASSED] - Object: 'Object Repository/Final Object Repo/Page_Update Employer Information/Page_Update Employer Information UO (Reject)/Message This Case has been Rejected' is clicked on

2019-01-03 23:18:08 - [MESSAGE][PASSED] - Call Test Case 'Test Cases/Final Aug 2018 - PKS Automation/Registration Module/Workflow/Update Employer Information/Template/Update Employer Information - Special Case - UO (Reject)' successfully]]></system-out>
         <system-err><![CDATA[]]></system-err>
      </testcase>
      <testcase name="Test Cases/Final Aug 2018 - PKS Automation/Registration Module/Workflow/Update Employer Information/PKRBO - UO (Under enforcement)" classname="Test Cases/Final Aug 2018 - PKS Automation/Registration Module/Workflow/Update Employer Information/PKRBO - UO (Under enforcement)" status="PASSED">
         <system-out><![CDATA[2019-01-03 23:18:08 - [TEST_CASE][PASSED] - Test Cases/Final Aug 2018 - PKS Automation/Registration Module/Workflow/Update Employer Information/PKRBO - UO (Under enforcement): Test Cases/Final Aug 2018 - PKS Automation/Registration Module/Workflow/Update Employer Information/PKRBO - UO (Under enforcement)

2019-01-03 23:18:09 - [TEST_STEP][PASSED] - callTestCase: Call Test Case 'Test Cases/Final Aug 2018 - PKS Automation/Registration Module/Workflow/Update Employer Information/Template/Update Employer Information - Special Case (PKRBO)' successfully

2019-01-03 23:18:09 - [TEST_CASE][PASSED] - Test Cases/Final Aug 2018 - PKS Automation/Registration Module/Workflow/Update Employer Information/Template/Update Employer Information - Special Case (PKRBO): Test Cases/Final Aug 2018 - PKS Automation/Registration Module/Workflow/Update Employer Information/Template/Update Employer Information - Special Case (PKRBO)

2019-01-03 23:18:09 - [TEST_STEP][PASSED] - openBrowser: Browser is opened with url: ''

2019-01-03 23:18:09 - [MESSAGE][WARNING] - A browser is already opened. Closing browser and opening a new one

2019-01-03 23:18:12 - [MESSAGE][PASSED] - Browser is opened with url: ''

2019-01-03 23:18:12 - [TEST_STEP][PASSED] - navigateToUrl: Navigate to 'https://assist2-uat.perkeso.gov.my/login' successfully

2019-01-03 23:18:13 - [MESSAGE][PASSED] - Navigate to 'https://assist2-uat.perkeso.gov.my/login' successfully

2019-01-03 23:18:13 - [TEST_STEP][PASSED] - setText: Text 'johorpkrbo1@gmail.com' is set on object 'Object Repository/Final Object Repo/Login Page/Internal User/Email Address'

2019-01-03 23:18:14 - [MESSAGE][PASSED] - Text 'johorpkrbo1@gmail.com' is set on object 'Object Repository/Final Object Repo/Login Page/Internal User/Email Address'

2019-01-03 23:18:14 - [TEST_STEP][PASSED] - click: Object: 'Object Repository/Final Object Repo/Login Page/Internal User/Next Button' is clicked on

2019-01-03 23:18:14 - [MESSAGE][PASSED] - Object: 'Object Repository/Final Object Repo/Login Page/Internal User/Next Button' is clicked on

2019-01-03 23:18:14 - [TEST_STEP][PASSED] - delay: Delayed 1 second(s)

2019-01-03 23:18:15 - [MESSAGE][PASSED] - Delayed 1 second(s)

2019-01-03 23:18:15 - [TEST_STEP][PASSED] - setEncryptedText: Text ****** has been set on object 'Object Repository/Final Object Repo/Login Page/Internal User/Password'

2019-01-03 23:18:15 - [MESSAGE][PASSED] - Text ****** has been set on object 'Object Repository/Final Object Repo/Login Page/Internal User/Password'

2019-01-03 23:18:15 - [TEST_STEP][PASSED] - click: Object: 'Object Repository/Final Object Repo/Login Page/Internal User/Login Button' is clicked on

2019-01-03 23:18:15 - [MESSAGE][PASSED] - Object: 'Object Repository/Final Object Repo/Login Page/Internal User/Login Button' is clicked on

2019-01-03 23:18:15 - [TEST_STEP][PASSED] - Statement - tester = com.kms.katalon.core.testobject.ObjectRepository.findTestObject(Final Object Repo/Landing Page/Select to English): Finding Test Object with id 'Object Repository/Final Object Repo/Landing Page/Select to English'

2019-01-03 23:18:15 - [TEST_STEP][PASSED] - Statement - Try: Delayed 2 second(s)

2019-01-03 23:18:15 - [TEST_STEP][PASSED] - Statement - Checker = com.kms.katalon.core.webui.keyword.WebUiBuiltInKeywords.verifyElementNotPresent(tester, 3): Web element with id: 'Object Repository/Final Object Repo/Landing Page/Select to English' located by 'By.xpath: //a[@class = 'taglib-language-list-text' and @lang = 'en-US' and (contains(text(), 'EN') or contains(., 'EN'))]' is not present after '3' second(s)

2019-01-03 23:18:17 - [MESSAGE][PASSED] - Web element with id: 'Object Repository/Final Object Repo/Landing Page/Select to English' located by 'By.xpath: //a[@class = 'taglib-language-list-text' and @lang = 'en-US' and (contains(text(), 'EN') or contains(., 'EN'))]' is not present after '3' second(s)

2019-01-03 23:18:17 - [TEST_STEP][PASSED] - Statement - If (Checker == false): null

2019-01-03 23:18:17 - [TEST_STEP][PASSED] - delay: Delayed 2 second(s)

2019-01-03 23:18:19 - [MESSAGE][PASSED] - Delayed 2 second(s)

2019-01-03 23:18:19 - [TEST_STEP][PASSED] - delay: Delayed 5 second(s)

2019-01-03 23:18:24 - [MESSAGE][PASSED] - Delayed 5 second(s)

2019-01-03 23:18:24 - [TEST_STEP][PASSED] - navigateToUrl: Navigate to 'https://assist2-uat.perkeso.gov.my/web/registration/update/update-employer-information' successfully

2019-01-03 23:18:25 - [MESSAGE][PASSED] - Navigate to 'https://assist2-uat.perkeso.gov.my/web/registration/update/update-employer-information' successfully

2019-01-03 23:18:25 - [TEST_STEP][PASSED] - setText: Text 'E1102001065V ' is set on object 'Object Repository/Final Object Repo/Page_Update Employer Information/Employer Code'

2019-01-03 23:18:25 - [MESSAGE][PASSED] - Text 'E1102001065V ' is set on object 'Object Repository/Final Object Repo/Page_Update Employer Information/Employer Code'

2019-01-03 23:18:25 - [TEST_STEP][PASSED] - click: Object: 'Object Repository/Final Object Repo/Page_Update Employer Information/Search Button' is clicked on

2019-01-03 23:18:25 - [MESSAGE][PASSED] - Object: 'Object Repository/Final Object Repo/Page_Update Employer Information/Search Button' is clicked on

2019-01-03 23:18:26 - [TEST_STEP][PASSED] - click: Object: 'Object Repository/Final Object Repo/Page_Update Employer Information/Edit Button' is clicked on

2019-01-03 23:18:29 - [MESSAGE][PASSED] - Object: 'Object Repository/Final Object Repo/Page_Update Employer Information/Edit Button' is clicked on

2019-01-03 23:18:29 - [TEST_STEP][PASSED] - click: Object: 'Object Repository/Final Object Repo/Page_Update Employer Information/Business Entity' is clicked on

2019-01-03 23:18:29 - [MESSAGE][PASSED] - Object: 'Object Repository/Final Object Repo/Page_Update Employer Information/Business Entity' is clicked on

2019-01-03 23:18:29 - [TEST_STEP][PASSED] - Statement - CurrentBusinessEntity = "": null

2019-01-03 23:18:29 - [TEST_STEP][PASSED] - Statement - CurrentBusinessEntity = com.kms.katalon.core.webui.keyword.WebUiBuiltInKeywords.getText(com.kms.katalon.core.testobject.ObjectRepository.findTestObject(Final Object Repo/Page_Update Employer Information/Current Business Entity)): Text of object 'Object Repository/Final Object Repo/Page_Update Employer Information/Current Business Entity' is: 'Others'

2019-01-03 23:18:29 - [MESSAGE][PASSED] - Text of object 'Object Repository/Final Object Repo/Page_Update Employer Information/Current Business Entity' is: 'Others'

2019-01-03 23:18:29 - [TEST_STEP][PASSED] - Statement - out.println(CurrentBusinessEntity): null

2019-01-03 23:18:29 - [TEST_STEP][PASSED] - Statement - If (CurrentBusinessEntity == "Corporation"): null

2019-01-03 23:18:29 - [TEST_STEP][PASSED] - Statement - Else If (CurrentBusinessEntity == "Partnership"): null

2019-01-03 23:18:29 - [TEST_STEP][PASSED] - Statement - Else If (CurrentBusinessEntity == "Sole Proprietor / Individual Business"): null

2019-01-03 23:18:29 - [TEST_STEP][PASSED] - Statement - Else If (CurrentBusinessEntity == "Others"): Delayed 3 second(s)

2019-01-03 23:18:29 - [TEST_STEP][PASSED] - Statement - obj = com.kms.katalon.core.webui.keyword.WebUiBuiltInKeywords.modifyObjectProperty(com.kms.katalon.core.testobject.ObjectRepository.findTestObject(Final Object Repo/Page_Update Employer Information/change to this Business Entity), "xpath", "equals", "//ul/li/span[contains(text(),"Partnership")]", true, STOP_ON_FAILURE): Modify property of object successfully

2019-01-03 23:18:29 - [MESSAGE][PASSED] - Modify property of object successfully

2019-01-03 23:18:29 - [TEST_STEP][PASSED] - click: Object: 'Object Repository/Final Object Repo/Page_Update Employer Information/change to this Business Entity' is clicked on

2019-01-03 23:18:29 - [MESSAGE][PASSED] - Object: 'Object Repository/Final Object Repo/Page_Update Employer Information/change to this Business Entity' is clicked on

2019-01-03 23:18:29 - [TEST_STEP][PASSED] - delay: Delayed 1 second(s)

2019-01-03 23:18:30 - [MESSAGE][PASSED] - Delayed 1 second(s)

2019-01-03 23:18:30 - [TEST_STEP][PASSED] - click: Object: 'Object Repository/Final Object Repo/Page_Update Employer Information/Sub Business Entity' is clicked on

2019-01-03 23:18:31 - [MESSAGE][PASSED] - Object: 'Object Repository/Final Object Repo/Page_Update Employer Information/Sub Business Entity' is clicked on

2019-01-03 23:18:31 - [TEST_STEP][PASSED] - click: Object: 'Object Repository/Final Object Repo/Page_Update Employer Information/Sub Business Entity - Partnership - Registered With other Agencies' is clicked on

2019-01-03 23:18:31 - [MESSAGE][PASSED] - Object: 'Object Repository/Final Object Repo/Page_Update Employer Information/Sub Business Entity - Partnership - Registered With other Agencies' is clicked on

2019-01-03 23:18:31 - [TEST_STEP][PASSED] - delay: Delayed 3 second(s)

2019-01-03 23:18:34 - [MESSAGE][PASSED] - Delayed 3 second(s)

2019-01-03 23:18:34 - [TEST_STEP][PASSED] - delay: Delayed 4 second(s)

2019-01-03 23:18:38 - [MESSAGE][PASSED] - Delayed 4 second(s)

2019-01-03 23:18:38 - [TEST_STEP][PASSED] - click: Object: 'Object Repository/Final Object Repo/Page_Update Employer Information/Save  Continue' is clicked on

2019-01-03 23:18:38 - [MESSAGE][PASSED] - Object: 'Object Repository/Final Object Repo/Page_Update Employer Information/Save  Continue' is clicked on

2019-01-03 23:18:38 - [TEST_STEP][PASSED] - delay: Delayed 4 second(s)

2019-01-03 23:18:42 - [MESSAGE][PASSED] - Delayed 4 second(s)

2019-01-03 23:18:42 - [TEST_STEP][PASSED] - click: Object: 'Object Repository/Final Object Repo/Page_Update Employer Information/Save  Continue (1)' is clicked on

2019-01-03 23:18:42 - [MESSAGE][PASSED] - Object: 'Object Repository/Final Object Repo/Page_Update Employer Information/Save  Continue (1)' is clicked on

2019-01-03 23:18:42 - [TEST_STEP][PASSED] - delay: Delayed 4 second(s)

2019-01-03 23:18:46 - [MESSAGE][PASSED] - Delayed 4 second(s)

2019-01-03 23:18:46 - [TEST_STEP][PASSED] - Statement - CaseReferenceNo = com.kms.katalon.core.webui.keyword.WebUiBuiltInKeywords.getText(com.kms.katalon.core.testobject.ObjectRepository.findTestObject(Final Object Repo/Page_Update Employer Information/Reference Number in Update Employee Information Page)): Text of object 'Object Repository/Final Object Repo/Page_Update Employer Information/Reference Number in Update Employee Information Page' is: 'CUN012019C100006193'

2019-01-03 23:18:46 - [MESSAGE][PASSED] - Text of object 'Object Repository/Final Object Repo/Page_Update Employer Information/Reference Number in Update Employee Information Page' is: 'CUN012019C100006193'

2019-01-03 23:18:46 - [TEST_STEP][PASSED] - callTestCase: Call Test Case 'Test Cases/Final Aug 2018 - PKS Automation/Common/Reference Number Setter' successfully

2019-01-03 23:18:46 - [TEST_CASE][PASSED] - Test Cases/Final Aug 2018 - PKS Automation/Common/Reference Number Setter: Test Cases/Final Aug 2018 - PKS Automation/Common/Reference Number Setter

2019-01-03 23:18:46 - [TEST_STEP][PASSED] - Statement - RefNoOldFile = new java.io.File(C://Users//Admin//Desktop//PKS//Automation Reference Point//KatalonReference.txt): null

2019-01-03 23:18:46 - [TEST_STEP][PASSED] - Statement - RefNoOldFile.delete(): null

2019-01-03 23:18:47 - [TEST_STEP][PASSED] - delay: Delayed 5 second(s)

2019-01-03 23:18:52 - [MESSAGE][PASSED] - Delayed 5 second(s)

2019-01-03 23:18:52 - [TEST_STEP][PASSED] - Statement - RefNo = new java.io.File(C://Users//Admin//Desktop//PKS//Automation Reference Point//KatalonReference.txt): null

2019-01-03 23:18:52 - [TEST_STEP][PASSED] - Statement - f2 = new java.io.FileWriter(RefNo, false): null

2019-01-03 23:18:52 - [TEST_STEP][PASSED] - Statement - f2.write(CaseReferenceNo): null

2019-01-03 23:18:52 - [TEST_STEP][PASSED] - Statement - f2.close(): null

2019-01-03 23:18:52 - [TEST_STEP][PASSED] - Statement - out.println("


" + CaseReferenceNo + "


"): null

2019-01-03 23:18:52 - [MESSAGE][PASSED] - Call Test Case 'Test Cases/Final Aug 2018 - PKS Automation/Common/Reference Number Setter' successfully

2019-01-03 23:18:52 - [TEST_STEP][PASSED] - delay: Delayed 4 second(s)

2019-01-03 23:18:56 - [MESSAGE][PASSED] - Delayed 4 second(s)

2019-01-03 23:18:56 - [TEST_STEP][PASSED] - click: Object: 'Object Repository/Final Object Repo/Page_Update Employer Information/Submit - Copy' is clicked on

2019-01-03 23:18:56 - [MESSAGE][PASSED] - Object: 'Object Repository/Final Object Repo/Page_Update Employer Information/Submit - Copy' is clicked on

2019-01-03 23:18:56 - [TEST_STEP][PASSED] - delay: Delayed 2 second(s)

2019-01-03 23:18:58 - [MESSAGE][PASSED] - Delayed 2 second(s)

2019-01-03 23:18:58 - [TEST_STEP][PASSED] - click: Object: 'Object Repository/Final Object Repo/Page_Update Employer Information/Confirm' is clicked on

2019-01-03 23:18:58 - [MESSAGE][PASSED] - Object: 'Object Repository/Final Object Repo/Page_Update Employer Information/Confirm' is clicked on

2019-01-03 23:18:58 - [TEST_STEP][PASSED] - delay: Delayed 2 second(s)

2019-01-03 23:19:00 - [MESSAGE][PASSED] - Delayed 2 second(s)

2019-01-03 23:19:00 - [TEST_STEP][PASSED] - click: Object: 'Object Repository/Final Object Repo/Page_Update Employer Information/Message Your Request will be route' is clicked on

2019-01-03 23:19:02 - [MESSAGE][PASSED] - Object: 'Object Repository/Final Object Repo/Page_Update Employer Information/Message Your Request will be route' is clicked on

2019-01-03 23:19:02 - [MESSAGE][PASSED] - Call Test Case 'Test Cases/Final Aug 2018 - PKS Automation/Registration Module/Workflow/Update Employer Information/Template/Update Employer Information - Special Case (PKRBO)' successfully

2019-01-03 23:19:02 - [TEST_STEP][PASSED] - callTestCase: Call Test Case 'Test Cases/Final Aug 2018 - PKS Automation/Registration Module/Workflow/Update Employer Information/Template/Update Employer Information - Special Case - UO (Under enforcement)' successfully

2019-01-03 23:19:02 - [TEST_CASE][PASSED] - Test Cases/Final Aug 2018 - PKS Automation/Registration Module/Workflow/Update Employer Information/Template/Update Employer Information - Special Case - UO (Under enforcement): Test Cases/Final Aug 2018 - PKS Automation/Registration Module/Workflow/Update Employer Information/Template/Update Employer Information - Special Case - UO (Under enforcement)

2019-01-03 23:19:02 - [TEST_STEP][NOT_RUN] - callTestCase: NOT_RUN: callTestCase

2019-01-03 23:19:02 - [MESSAGE][NOT_RUN] - NOT_RUN: callTestCase

2019-01-03 23:19:02 - [TEST_STEP][PASSED] - delay: Delayed 1 second(s)

2019-01-03 23:19:03 - [MESSAGE][PASSED] - Delayed 1 second(s)

2019-01-03 23:19:03 - [TEST_STEP][PASSED] - navigateToUrl: Navigate to 'https://assist2-uat.perkeso.gov.my/c/portal/logout' successfully

2019-01-03 23:19:03 - [MESSAGE][PASSED] - Navigate to 'https://assist2-uat.perkeso.gov.my/c/portal/logout' successfully

2019-01-03 23:19:03 - [TEST_STEP][PASSED] - delay: Delayed 1 second(s)

2019-01-03 23:19:04 - [MESSAGE][PASSED] - Delayed 1 second(s)

2019-01-03 23:19:04 - [TEST_STEP][PASSED] - callTestCase: Call Test Case 'Test Cases/Final Aug 2018 - PKS Automation/Common/Reference Number Getter' successfully

2019-01-03 23:19:04 - [TEST_CASE][PASSED] - Test Cases/Final Aug 2018 - PKS Automation/Common/Reference Number Getter: Test Cases/Final Aug 2018 - PKS Automation/Common/Reference Number Getter

2019-01-03 23:19:04 - [TEST_STEP][PASSED] - Statement - Try: null

2019-01-03 23:19:04 - [TEST_STEP][PASSED] - Statement - RefNo = new java.io.File(C://Users//Admin//Desktop//PKS//Automation Reference Point//KatalonReference.txt): null

2019-01-03 23:19:04 - [TEST_STEP][PASSED] - Statement - bufferread = new java.io.BufferedReader(new java.io.FileReader(RefNo)): null

2019-01-03 23:19:04 - [TEST_STEP][PASSED] - Statement - readedVal = bufferread.readLine(): null

2019-01-03 23:19:04 - [TEST_STEP][PASSED] - Statement - out.println(CaseReferenceNo): null

2019-01-03 23:19:04 - [TEST_STEP][PASSED] - Statement - out.println(readedVal): null

2019-01-03 23:19:04 - [TEST_STEP][PASSED] - Statement - CaseReferenceNo = "": null

2019-01-03 23:19:04 - [TEST_STEP][PASSED] - Statement - CaseReferenceNo = readedVal: null

2019-01-03 23:19:04 - [MESSAGE][PASSED] - Call Test Case 'Test Cases/Final Aug 2018 - PKS Automation/Common/Reference Number Getter' successfully

2019-01-03 23:19:04 - [TEST_STEP][PASSED] - callTestCase: Call Test Case 'Test Cases/Final Aug 2018 - PKS Automation/Common/Workflow Owner Finder' successfully

2019-01-03 23:19:04 - [TEST_CASE][PASSED] - Test Cases/Final Aug 2018 - PKS Automation/Common/Workflow Owner Finder: Test Cases/Final Aug 2018 - PKS Automation/Common/Workflow Owner Finder

2019-01-03 23:19:04 - [TEST_STEP][PASSED] - openBrowser: Browser is opened with url: ''

2019-01-03 23:19:04 - [MESSAGE][WARNING] - A browser is already opened. Closing browser and opening a new one

2019-01-03 23:19:08 - [MESSAGE][PASSED] - Browser is opened with url: ''

2019-01-03 23:19:08 - [TEST_STEP][PASSED] - navigateToUrl: Navigate to 'https://assist2-uat.perkeso.gov.my/login' successfully

2019-01-03 23:19:09 - [MESSAGE][PASSED] - Navigate to 'https://assist2-uat.perkeso.gov.my/login' successfully

2019-01-03 23:19:09 - [TEST_STEP][PASSED] - delay: Delayed 5 second(s)

2019-01-03 23:19:14 - [MESSAGE][PASSED] - Delayed 5 second(s)

2019-01-03 23:19:14 - [TEST_STEP][PASSED] - setText: Text 'test@liferay.com' is set on object 'Object Repository/Final Object Repo/Login Page/Internal User/Email Address'

2019-01-03 23:19:15 - [MESSAGE][PASSED] - Text 'test@liferay.com' is set on object 'Object Repository/Final Object Repo/Login Page/Internal User/Email Address'

2019-01-03 23:19:15 - [TEST_STEP][PASSED] - click: Object: 'Object Repository/Final Object Repo/Login Page/Internal User/Next Button' is clicked on

2019-01-03 23:19:15 - [MESSAGE][PASSED] - Object: 'Object Repository/Final Object Repo/Login Page/Internal User/Next Button' is clicked on

2019-01-03 23:19:15 - [TEST_STEP][PASSED] - delay: Delayed 2 second(s)

2019-01-03 23:19:17 - [MESSAGE][PASSED] - Delayed 2 second(s)

2019-01-03 23:19:17 - [TEST_STEP][PASSED] - setText: Text 'test' is set on object 'Object Repository/Final Object Repo/Login Page/Internal User/Password'

2019-01-03 23:19:17 - [MESSAGE][PASSED] - Text 'test' is set on object 'Object Repository/Final Object Repo/Login Page/Internal User/Password'

2019-01-03 23:19:17 - [TEST_STEP][PASSED] - delay: Delayed 2 second(s)

2019-01-03 23:19:19 - [MESSAGE][PASSED] - Delayed 2 second(s)

2019-01-03 23:19:19 - [TEST_STEP][PASSED] - click: Object: 'Object Repository/Final Object Repo/Login Page/Internal User/Login Button' is clicked on

2019-01-03 23:19:19 - [MESSAGE][PASSED] - Object: 'Object Repository/Final Object Repo/Login Page/Internal User/Login Button' is clicked on

2019-01-03 23:19:19 - [TEST_STEP][PASSED] - Statement - tester = com.kms.katalon.core.testobject.ObjectRepository.findTestObject(Final Object Repo/Landing Page/Select to English): Finding Test Object with id 'Object Repository/Final Object Repo/Landing Page/Select to English'

2019-01-03 23:19:19 - [TEST_STEP][PASSED] - Statement - Try: Delayed 2 second(s)

2019-01-03 23:19:19 - [TEST_STEP][PASSED] - Statement - Checker = com.kms.katalon.core.webui.keyword.WebUiBuiltInKeywords.verifyElementNotPresent(tester, 3): Web element with id: 'Object Repository/Final Object Repo/Landing Page/Select to English' located by 'By.xpath: //a[@class = 'taglib-language-list-text' and @lang = 'en-US' and (contains(text(), 'EN') or contains(., 'EN'))]' is not present after '3' second(s)

2019-01-03 23:19:21 - [MESSAGE][PASSED] - Web element with id: 'Object Repository/Final Object Repo/Landing Page/Select to English' located by 'By.xpath: //a[@class = 'taglib-language-list-text' and @lang = 'en-US' and (contains(text(), 'EN') or contains(., 'EN'))]' is not present after '3' second(s)

2019-01-03 23:19:21 - [TEST_STEP][PASSED] - Statement - If (Checker == false): null

2019-01-03 23:19:21 - [TEST_STEP][PASSED] - delay: Delayed 2 second(s)

2019-01-03 23:19:23 - [MESSAGE][PASSED] - Delayed 2 second(s)

2019-01-03 23:19:23 - [TEST_STEP][PASSED] - delay: Delayed 5 second(s)

2019-01-03 23:19:28 - [MESSAGE][PASSED] - Delayed 5 second(s)

2019-01-03 23:19:28 - [TEST_STEP][PASSED] - mouseOver: Object: 'Object Repository/Final Object Repo/Landing Page/WorkFlow Menu' is hovered

2019-01-03 23:19:28 - [MESSAGE][PASSED] - Object: 'Object Repository/Final Object Repo/Landing Page/WorkFlow Menu' is hovered

2019-01-03 23:19:28 - [TEST_STEP][PASSED] - delay: Delayed 2 second(s)

2019-01-03 23:19:30 - [MESSAGE][PASSED] - Delayed 2 second(s)

2019-01-03 23:19:30 - [TEST_STEP][PASSED] - click: Object: 'Object Repository/Final Object Repo/Landing Page/Select to Workflow Listing' is clicked on

2019-01-03 23:19:31 - [MESSAGE][PASSED] - Object: 'Object Repository/Final Object Repo/Landing Page/Select to Workflow Listing' is clicked on

2019-01-03 23:19:31 - [TEST_STEP][PASSED] - delay: Delayed 2 second(s)

2019-01-03 23:19:33 - [MESSAGE][PASSED] - Delayed 2 second(s)

2019-01-03 23:19:33 - [TEST_STEP][PASSED] - click: Object: 'Object Repository/Final Object Repo/WorkFlow Listing Page/Search Information - To Put Ref No' is clicked on

2019-01-03 23:19:33 - [MESSAGE][PASSED] - Object: 'Object Repository/Final Object Repo/WorkFlow Listing Page/Search Information - To Put Ref No' is clicked on

2019-01-03 23:19:33 - [TEST_STEP][PASSED] - delay: Delayed 2 second(s)

2019-01-03 23:19:35 - [MESSAGE][PASSED] - Delayed 2 second(s)

2019-01-03 23:19:35 - [TEST_STEP][PASSED] - callTestCase: Call Test Case 'Test Cases/Final Aug 2018 - PKS Automation/Common/Reference Number Getter' successfully

2019-01-03 23:19:35 - [TEST_CASE][PASSED] - Test Cases/Final Aug 2018 - PKS Automation/Common/Reference Number Getter: Test Cases/Final Aug 2018 - PKS Automation/Common/Reference Number Getter

2019-01-03 23:19:35 - [TEST_STEP][PASSED] - Statement - Try: null

2019-01-03 23:19:35 - [TEST_STEP][PASSED] - Statement - RefNo = new java.io.File(C://Users//Admin//Desktop//PKS//Automation Reference Point//KatalonReference.txt): null

2019-01-03 23:19:35 - [TEST_STEP][PASSED] - Statement - bufferread = new java.io.BufferedReader(new java.io.FileReader(RefNo)): null

2019-01-03 23:19:35 - [TEST_STEP][PASSED] - Statement - readedVal = bufferread.readLine(): null

2019-01-03 23:19:35 - [TEST_STEP][PASSED] - Statement - out.println(CaseReferenceNo): null

2019-01-03 23:19:35 - [TEST_STEP][PASSED] - Statement - out.println(readedVal): null

2019-01-03 23:19:35 - [TEST_STEP][PASSED] - Statement - CaseReferenceNo = "": null

2019-01-03 23:19:35 - [TEST_STEP][PASSED] - Statement - CaseReferenceNo = readedVal: null

2019-01-03 23:19:35 - [MESSAGE][PASSED] - Call Test Case 'Test Cases/Final Aug 2018 - PKS Automation/Common/Reference Number Getter' successfully

2019-01-03 23:19:35 - [TEST_STEP][PASSED] - setText: Text 'CUN012019C100006193' is set on object 'Object Repository/Final Object Repo/WorkFlow Listing Page/Ref No Set Text'

2019-01-03 23:19:36 - [MESSAGE][PASSED] - Text 'CUN012019C100006193' is set on object 'Object Repository/Final Object Repo/WorkFlow Listing Page/Ref No Set Text'

2019-01-03 23:19:36 - [TEST_STEP][PASSED] - delay: Delayed 2 second(s)

2019-01-03 23:19:38 - [MESSAGE][PASSED] - Delayed 2 second(s)

2019-01-03 23:19:38 - [TEST_STEP][PASSED] - click: Object: 'Object Repository/Final Object Repo/WorkFlow Listing Page/Search Ref No Search Button' is clicked on

2019-01-03 23:19:38 - [MESSAGE][PASSED] - Object: 'Object Repository/Final Object Repo/WorkFlow Listing Page/Search Ref No Search Button' is clicked on

2019-01-03 23:19:38 - [TEST_STEP][PASSED] - delay: Delayed 6 second(s)

2019-01-03 23:19:44 - [MESSAGE][PASSED] - Delayed 6 second(s)

2019-01-03 23:19:44 - [TEST_STEP][PASSED] - click: Object: 'Object Repository/Final Object Repo/WorkFlow Listing Page/Click Continue Tooltip' is clicked on

2019-01-03 23:19:45 - [MESSAGE][PASSED] - Object: 'Object Repository/Final Object Repo/WorkFlow Listing Page/Click Continue Tooltip' is clicked on

2019-01-03 23:19:45 - [TEST_STEP][PASSED] - delay: Delayed 5 second(s)

2019-01-03 23:19:50 - [MESSAGE][PASSED] - Delayed 5 second(s)

2019-01-03 23:19:50 - [TEST_STEP][PASSED] - doubleClick: Object: 'Object Repository/Final Object Repo/WorkFlow Listing Page/Workflow Found - Listing 1' is double clicked on

2019-01-03 23:19:50 - [MESSAGE][PASSED] - Object: 'Object Repository/Final Object Repo/WorkFlow Listing Page/Workflow Found - Listing 1' is double clicked on

2019-01-03 23:19:50 - [TEST_STEP][PASSED] - Statement - println(OwnerID): null

2019-01-03 23:19:50 - [TEST_STEP][PASSED] - Statement - OwnerID = com.kms.katalon.core.webui.keyword.WebUiBuiltInKeywords.getText(com.kms.katalon.core.testobject.ObjectRepository.findTestObject(Final Object Repo/WorkFlow Listing Page/Workflow Found - Listing 1), STOP_ON_FAILURE): Text of object 'Object Repository/Final Object Repo/WorkFlow Listing Page/Workflow Found - Listing 1' is: 'JOHORuo1'

2019-01-03 23:19:50 - [MESSAGE][PASSED] - Text of object 'Object Repository/Final Object Repo/WorkFlow Listing Page/Workflow Found - Listing 1' is: 'JOHORuo1'

2019-01-03 23:19:50 - [TEST_STEP][PASSED] - Statement - OwnerID = OwnerID.toLowerCase() + "@gmail.com": null

2019-01-03 23:19:50 - [TEST_STEP][PASSED] - Statement - println(OwnerID): null

2019-01-03 23:19:50 - [TEST_STEP][PASSED] - delay: Delayed 2 second(s)

2019-01-03 23:19:52 - [MESSAGE][PASSED] - Delayed 2 second(s)

2019-01-03 23:19:52 - [MESSAGE][PASSED] - Call Test Case 'Test Cases/Final Aug 2018 - PKS Automation/Common/Workflow Owner Finder' successfully

2019-01-03 23:19:52 - [TEST_STEP][PASSED] - delay: Delayed 1 second(s)

2019-01-03 23:19:53 - [MESSAGE][PASSED] - Delayed 1 second(s)

2019-01-03 23:19:53 - [TEST_STEP][PASSED] - navigateToUrl: Navigate to 'https://assist2-uat.perkeso.gov.my/c/portal/logout' successfully

2019-01-03 23:19:54 - [MESSAGE][PASSED] - Navigate to 'https://assist2-uat.perkeso.gov.my/c/portal/logout' successfully

2019-01-03 23:19:54 - [TEST_STEP][PASSED] - delay: Delayed 1 second(s)

2019-01-03 23:19:55 - [MESSAGE][PASSED] - Delayed 1 second(s)

2019-01-03 23:19:55 - [TEST_STEP][PASSED] - callTestCase: Call Test Case 'Test Cases/Final Aug 2018 - PKS Automation/Registration Module/Workflow/Login and Search Case For Workflow' successfully

2019-01-03 23:19:55 - [TEST_CASE][PASSED] - Test Cases/Final Aug 2018 - PKS Automation/Registration Module/Workflow/Login and Search Case For Workflow: Test Cases/Final Aug 2018 - PKS Automation/Registration Module/Workflow/Login and Search Case For Workflow

2019-01-03 23:19:55 - [TEST_STEP][PASSED] - navigateToUrl: Navigate to 'https://assist2-uat.perkeso.gov.my/login' successfully

2019-01-03 23:19:56 - [MESSAGE][PASSED] - Navigate to 'https://assist2-uat.perkeso.gov.my/login' successfully

2019-01-03 23:19:56 - [TEST_STEP][PASSED] - setText: Text 'johoruo1@gmail.com' is set on object 'Object Repository/Final Object Repo/Login Page/Internal User/Email Address'

2019-01-03 23:19:56 - [MESSAGE][PASSED] - Text 'johoruo1@gmail.com' is set on object 'Object Repository/Final Object Repo/Login Page/Internal User/Email Address'

2019-01-03 23:19:56 - [TEST_STEP][PASSED] - click: Object: 'Object Repository/Final Object Repo/Login Page/Internal User/Next Button' is clicked on

2019-01-03 23:19:56 - [MESSAGE][PASSED] - Object: 'Object Repository/Final Object Repo/Login Page/Internal User/Next Button' is clicked on

2019-01-03 23:19:56 - [TEST_STEP][PASSED] - delay: Delayed 1 second(s)

2019-01-03 23:19:57 - [MESSAGE][PASSED] - Delayed 1 second(s)

2019-01-03 23:19:57 - [TEST_STEP][PASSED] - setEncryptedText: Text ****** has been set on object 'Object Repository/Final Object Repo/Login Page/Internal User/Password'

2019-01-03 23:19:57 - [MESSAGE][PASSED] - Text ****** has been set on object 'Object Repository/Final Object Repo/Login Page/Internal User/Password'

2019-01-03 23:19:57 - [TEST_STEP][PASSED] - click: Object: 'Object Repository/Final Object Repo/Login Page/Internal User/Login Button' is clicked on

2019-01-03 23:19:57 - [MESSAGE][PASSED] - Object: 'Object Repository/Final Object Repo/Login Page/Internal User/Login Button' is clicked on

2019-01-03 23:19:57 - [TEST_STEP][PASSED] - delay: Delayed 2 second(s)

2019-01-03 23:19:59 - [MESSAGE][PASSED] - Delayed 2 second(s)

2019-01-03 23:19:59 - [TEST_STEP][PASSED] - Statement - Try: Delayed 2 second(s)

2019-01-03 23:19:59 - [TEST_STEP][PASSED] - Statement - Checker = false: null

2019-01-03 23:19:59 - [TEST_STEP][PASSED] - Statement - Checker = com.kms.katalon.core.webui.keyword.WebUiBuiltInKeywords.verifyElementHasAttribute(com.kms.katalon.core.testobject.ObjectRepository.findTestObject(Final Object Repo/Landing Page/BM Detecting), "href", 20, OPTIONAL): Object 'Object Repository/Final Object Repo/Landing Page/BM Detecting' has attribute 'href'

2019-01-03 23:20:00 - [MESSAGE][PASSED] - Object 'Object Repository/Final Object Repo/Landing Page/BM Detecting' has attribute 'href'

2019-01-03 23:20:00 - [TEST_STEP][PASSED] - Statement - out.println(Checker): null

2019-01-03 23:20:00 - [TEST_STEP][PASSED] - Statement - If (Checker == false): null

2019-01-03 23:20:00 - [TEST_STEP][PASSED] - Statement - Else: null

2019-01-03 23:20:00 - [TEST_STEP][PASSED] - delay: Delayed 2 second(s)

2019-01-03 23:20:02 - [MESSAGE][PASSED] - Delayed 2 second(s)

2019-01-03 23:20:02 - [TEST_STEP][PASSED] - click: Object: 'Object Repository/Final Object Repo/Page_MyASSIST - ASSIST - Search Pending Case For Add Supporting Document/Search Information' is clicked on

2019-01-03 23:20:02 - [MESSAGE][PASSED] - Object: 'Object Repository/Final Object Repo/Page_MyASSIST - ASSIST - Search Pending Case For Add Supporting Document/Search Information' is clicked on

2019-01-03 23:20:02 - [TEST_STEP][PASSED] - delay: Delayed 3 second(s)

2019-01-03 23:20:05 - [MESSAGE][PASSED] - Delayed 3 second(s)

2019-01-03 23:20:05 - [TEST_STEP][PASSED] - sendKeys: Keys 'CUN012019C100006193' sent to object: 'Object Repository/Final Object Repo/Page_MyASSIST - ASSIST - Search Pending Case For Add Supporting Document/Reference No'

2019-01-03 23:20:05 - [MESSAGE][PASSED] - Keys 'CUN012019C100006193' sent to object: 'Object Repository/Final Object Repo/Page_MyASSIST - ASSIST - Search Pending Case For Add Supporting Document/Reference No'

2019-01-03 23:20:05 - [TEST_STEP][PASSED] - click: Object: 'Object Repository/Final Object Repo/Page_MyASSIST - ASSIST - Search Pending Case For Add Supporting Document/Search Reference No' is clicked on

2019-01-03 23:20:05 - [MESSAGE][PASSED] - Object: 'Object Repository/Final Object Repo/Page_MyASSIST - ASSIST - Search Pending Case For Add Supporting Document/Search Reference No' is clicked on

2019-01-03 23:20:05 - [TEST_STEP][PASSED] - delay: Delayed 2 second(s)

2019-01-03 23:20:07 - [MESSAGE][PASSED] - Delayed 2 second(s)

2019-01-03 23:20:07 - [TEST_STEP][PASSED] - click: Object: 'Object Repository/Final Object Repo/Page_MyASSIST - ASSIST - Search Pending Case For Add Supporting Document/Continue' is clicked on

2019-01-03 23:20:11 - [MESSAGE][PASSED] - Object: 'Object Repository/Final Object Repo/Page_MyASSIST - ASSIST - Search Pending Case For Add Supporting Document/Continue' is clicked on

2019-01-03 23:20:11 - [TEST_STEP][PASSED] - delay: Delayed 20 second(s)

2019-01-03 23:20:31 - [MESSAGE][PASSED] - Delayed 20 second(s)

2019-01-03 23:20:31 - [MESSAGE][PASSED] - Call Test Case 'Test Cases/Final Aug 2018 - PKS Automation/Registration Module/Workflow/Login and Search Case For Workflow' successfully

2019-01-03 23:20:31 - [TEST_STEP][PASSED] - delay: Delayed 2 second(s)

2019-01-03 23:20:33 - [MESSAGE][PASSED] - Delayed 2 second(s)

2019-01-03 23:20:33 - [TEST_STEP][PASSED] - click: Object: 'Object Repository/Final Object Repo/Page_Update Employer Information/Page_Update Employer Information UO (Approve)/Continue' is clicked on

2019-01-03 23:20:36 - [MESSAGE][PASSED] - Object: 'Object Repository/Final Object Repo/Page_Update Employer Information/Page_Update Employer Information UO (Approve)/Continue' is clicked on

2019-01-03 23:20:36 - [TEST_STEP][PASSED] - delay: Delayed 2 second(s)

2019-01-03 23:20:38 - [MESSAGE][PASSED] - Delayed 2 second(s)

2019-01-03 23:20:38 - [TEST_STEP][PASSED] - click: Object: 'Object Repository/Final Object Repo/Page_Update Employer Information/Page_Update Employer Information UO (Approve)/Save  Continue in Update Employer Information Page' is clicked on

2019-01-03 23:20:38 - [MESSAGE][PASSED] - Object: 'Object Repository/Final Object Repo/Page_Update Employer Information/Page_Update Employer Information UO (Approve)/Save  Continue in Update Employer Information Page' is clicked on

2019-01-03 23:20:38 - [TEST_STEP][PASSED] - delay: Delayed 2 second(s)

2019-01-03 23:20:40 - [MESSAGE][PASSED] - Delayed 2 second(s)

2019-01-03 23:20:40 - [TEST_STEP][PASSED] - click: Object: 'Object Repository/Final Object Repo/Page_Update Employer Information/Page_Update Employer Information UO (Approve)/Save  Continue in Uploading Supporting Document Page' is clicked on

2019-01-03 23:20:44 - [MESSAGE][PASSED] - Object: 'Object Repository/Final Object Repo/Page_Update Employer Information/Page_Update Employer Information UO (Approve)/Save  Continue in Uploading Supporting Document Page' is clicked on

2019-01-03 23:20:44 - [TEST_STEP][PASSED] - delay: Delayed 2 second(s)

2019-01-03 23:20:46 - [MESSAGE][PASSED] - Delayed 2 second(s)

2019-01-03 23:20:46 - [TEST_STEP][PASSED] - click: Object: 'Object Repository/Final Object Repo/Page_Update Employer Information/Page_Update Employer Information UO (Under enforcement)/Under enforcement' is clicked on

2019-01-03 23:20:48 - [MESSAGE][PASSED] - Object: 'Object Repository/Final Object Repo/Page_Update Employer Information/Page_Update Employer Information UO (Under enforcement)/Under enforcement' is clicked on

2019-01-03 23:20:48 - [TEST_STEP][PASSED] - delay: Delayed 2 second(s)

2019-01-03 23:20:50 - [MESSAGE][PASSED] - Delayed 2 second(s)

2019-01-03 23:20:50 - [TEST_STEP][PASSED] - setText: Text 'remark' is set on object 'Object Repository/Final Object Repo/Page_Update Employer Information/Page_Update Employer Information UO (Under enforcement)/Under enforcement - remark'

2019-01-03 23:20:50 - [MESSAGE][PASSED] - Text 'remark' is set on object 'Object Repository/Final Object Repo/Page_Update Employer Information/Page_Update Employer Information UO (Under enforcement)/Under enforcement - remark'

2019-01-03 23:20:50 - [TEST_STEP][PASSED] - delay: Delayed 2 second(s)

2019-01-03 23:20:52 - [MESSAGE][PASSED] - Delayed 2 second(s)

2019-01-03 23:20:52 - [TEST_STEP][PASSED] - click: Object: 'Object Repository/Final Object Repo/Page_Update Employer Information/Page_Update Employer Information UO (Under enforcement)/Save  Continue in Under enfocement Page' is clicked on

2019-01-03 23:20:52 - [MESSAGE][PASSED] - Object: 'Object Repository/Final Object Repo/Page_Update Employer Information/Page_Update Employer Information UO (Under enforcement)/Save  Continue in Under enfocement Page' is clicked on

2019-01-03 23:20:52 - [TEST_STEP][PASSED] - delay: Delayed 2 second(s)

2019-01-03 23:20:54 - [MESSAGE][PASSED] - Delayed 2 second(s)

2019-01-03 23:20:54 - [TEST_STEP][PASSED] - doubleClick: Object: 'Object Repository/Final Object Repo/Page_Update Employer Information/Page_Update Employer Information UO (Under enforcement)/Message The case is under enforceme' is double clicked on

2019-01-03 23:20:56 - [MESSAGE][PASSED] - Object: 'Object Repository/Final Object Repo/Page_Update Employer Information/Page_Update Employer Information UO (Under enforcement)/Message The case is under enforceme' is double clicked on

2019-01-03 23:20:56 - [MESSAGE][PASSED] - Call Test Case 'Test Cases/Final Aug 2018 - PKS Automation/Registration Module/Workflow/Update Employer Information/Template/Update Employer Information - Special Case - UO (Under enforcement)' successfully]]></system-out>
         <system-err><![CDATA[]]></system-err>
      </testcase>
      <system-out><![CDATA[2019-01-03 22:27:02 - [TEST_SUITE][PASSED] - Update Employer Information: Test Cases/Final Aug 2018 - PKS Automation/Registration Module/Workflow/Update Employer Information/PKRBO - UO (Under enforcement)]]></system-out>
      <system-err><![CDATA[]]></system-err>
   </testsuite>
</testsuites>
