<?xml version="1.0" encoding="UTF-8"?>
<testsuites name="Update Employer Information" time="3232" tests="16" failures="0" errors="0">
   <testsuite name="Update Employer Information" tests="16" failures="0" errors="0" time="3232" timestamp="2018-12-12 11:29:02" hostname="Admin - Win7Test02" id="Test Suites/Workflow/Update Employer Information">
      <properties>
         <property name="deviceName" value=""/>
         <property name="devicePlatform" value=""/>
         <property name="logFolder" value="C:\\Users\\Admin\\Desktop\\PKS\\Perkeso Phase A\\Reports\\Workflow\\Update Employer Information\\20181211_110148"/>
         <property name="logFiles" value="C:\\Users\\Admin\\Desktop\\PKS\\Perkeso Phase A\\Reports\\Workflow\\Update Employer Information\\20181211_110148\\execution0.log"/>
         <property name="attachments" value=""/>
         <property name="hostName" value="Admin - Win7Test02"/>
         <property name="os" value="Windows 7 64bit"/>
         <property name="katalonVersion" value="5.8.6.1"/>
         <property name="browser" value="Chrome 70.0.3538.110"/>
         <property name="hostAddress" value="10.20.3.72"/>
         <property name="sessionId" value="50d5f9c5d98d975e8217451109f9ff43"/>
         <property name="seleniumVersion" value="3.7.1"/>
         <property name="proxyInformation" value="ProxyInformation{proxyOption=NO_PROXY, proxyServerType=HTTP, password=, proxyServerAddress=, proxyServerPort=0}"/>
         <property name="platform" value="Windows 7"/>
      </properties>
      <testcase name="Test Cases/Final Aug 2018 - PKS Automation/Registration Module/Workflow/Update Employer Information/Employer - UO (Approve)" classname="Test Cases/Final Aug 2018 - PKS Automation/Registration Module/Workflow/Update Employer Information/Employer - UO (Approve)" status="PASSED">
         <system-out><![CDATA[2018-12-12 11:29:02 - [TEST_CASE][PASSED] - Test Cases/Final Aug 2018 - PKS Automation/Registration Module/Workflow/Update Employer Information/Employer - UO (Approve): Test Cases/Final Aug 2018 - PKS Automation/Registration Module/Workflow/Update Employer Information/Employer - UO (Approve)

2018-12-12 11:29:02 - [TEST_STEP][PASSED] - callTestCase: Call Test Case 'Test Cases/Final Aug 2018 - PKS Automation/Registration Module/Workflow/Update Employer Information/Template/Update Employer Information - Special Case (Employer)' successfully

2018-12-12 11:29:02 - [TEST_CASE][PASSED] - Test Cases/Final Aug 2018 - PKS Automation/Registration Module/Workflow/Update Employer Information/Template/Update Employer Information - Special Case (Employer): Test Cases/Final Aug 2018 - PKS Automation/Registration Module/Workflow/Update Employer Information/Template/Update Employer Information - Special Case (Employer)

2018-12-12 11:29:03 - [TEST_STEP][PASSED] - callTestCase: Call Test Case 'Test Cases/Final Aug 2018 - PKS Automation/Create Employer Acc/Login to Employer Account (Second time)' successfully

2018-12-12 11:29:03 - [TEST_CASE][PASSED] - Test Cases/Final Aug 2018 - PKS Automation/Create Employer Acc/Login to Employer Account (Second time): Test Cases/Final Aug 2018 - PKS Automation/Create Employer Acc/Login to Employer Account (Second time)

2018-12-12 11:29:03 - [TEST_STEP][PASSED] - openBrowser: Browser is opened with url: ''

2018-12-12 11:29:08 - [MESSAGE][PASSED] - Browser is opened with url: ''

2018-12-12 11:29:08 - [TEST_STEP][PASSED] - navigateToUrl: Navigate to 'https://assist2-uat.perkeso.gov.my/employer/login' successfully

2018-12-12 11:29:09 - [MESSAGE][PASSED] - Navigate to 'https://assist2-uat.perkeso.gov.my/employer/login' successfully

2018-12-12 11:29:09 - [TEST_STEP][PASSED] - delay: Delayed 3 second(s)

2018-12-12 11:29:12 - [MESSAGE][PASSED] - Delayed 3 second(s)

2018-12-12 11:29:12 - [TEST_STEP][PASSED] - callTestCase: Call Test Case 'Test Cases/Final Aug 2018 - PKS Automation/Create Employer Acc/Template/Employer Email Getter' successfully

2018-12-12 11:29:12 - [TEST_CASE][PASSED] - Test Cases/Final Aug 2018 - PKS Automation/Create Employer Acc/Template/Employer Email Getter: Test Cases/Final Aug 2018 - PKS Automation/Create Employer Acc/Template/Employer Email Getter

2018-12-12 11:29:12 - [TEST_STEP][PASSED] - Statement - Try: null

2018-12-12 11:29:12 - [TEST_STEP][PASSED] - Statement - EmpEmail = new java.io.File(C://Users//Admin//Desktop//PKS//Automation Reference Point//EmpEmail.txt): null

2018-12-12 11:29:12 - [TEST_STEP][PASSED] - Statement - bufferread = new java.io.BufferedReader(new java.io.FileReader(EmpEmail)): null

2018-12-12 11:29:12 - [TEST_STEP][PASSED] - Statement - readedVal = bufferread.readLine(): null

2018-12-12 11:29:12 - [TEST_STEP][PASSED] - Statement - out.println(readedVal): null

2018-12-12 11:29:12 - [TEST_STEP][PASSED] - Statement - Email = readedVal: null

2018-12-12 11:29:12 - [MESSAGE][PASSED] - Call Test Case 'Test Cases/Final Aug 2018 - PKS Automation/Create Employer Acc/Template/Employer Email Getter' successfully

2018-12-12 11:29:12 - [TEST_STEP][PASSED] - setText: Text 'perkeso841257523203@gmail.com' is set on object 'Object Repository/Final Object Repo/Login Page/External Login Page/Email'

2018-12-12 11:29:13 - [MESSAGE][PASSED] - Text 'perkeso841257523203@gmail.com' is set on object 'Object Repository/Final Object Repo/Login Page/External Login Page/Email'

2018-12-12 11:29:13 - [TEST_STEP][PASSED] - click: Object: 'Object Repository/Final Object Repo/Login Page/External Login Page/Next' is clicked on

2018-12-12 11:29:13 - [MESSAGE][PASSED] - Object: 'Object Repository/Final Object Repo/Login Page/External Login Page/Next' is clicked on

2018-12-12 11:29:13 - [TEST_STEP][PASSED] - delay: Delayed 3 second(s)

2018-12-12 11:29:16 - [MESSAGE][PASSED] - Delayed 3 second(s)

2018-12-12 11:29:16 - [TEST_STEP][PASSED] - setEncryptedText: Text ****** has been set on object 'Object Repository/Final Object Repo/Login Page/External Login Page/Password'

2018-12-12 11:29:17 - [MESSAGE][PASSED] - Text ****** has been set on object 'Object Repository/Final Object Repo/Login Page/External Login Page/Password'

2018-12-12 11:29:17 - [TEST_STEP][PASSED] - click: Object: 'Object Repository/Final Object Repo/Login Page/External Login Page/Login' is clicked on

2018-12-12 11:29:17 - [MESSAGE][PASSED] - Object: 'Object Repository/Final Object Repo/Login Page/External Login Page/Login' is clicked on

2018-12-12 11:29:17 - [TEST_STEP][PASSED] - delay: Delayed 5 second(s)

2018-12-12 11:29:22 - [MESSAGE][PASSED] - Delayed 5 second(s)

2018-12-12 11:29:22 - [MESSAGE][PASSED] - Call Test Case 'Test Cases/Final Aug 2018 - PKS Automation/Create Employer Acc/Login to Employer Account (Second time)' successfully

2018-12-12 11:29:22 - [TEST_STEP][PASSED] - Statement - tester = com.kms.katalon.core.testobject.ObjectRepository.findTestObject(Final Object Repo/Landing Page/Select to English): Finding Test Object with id 'Object Repository/Final Object Repo/Landing Page/Select to English'

2018-12-12 11:29:22 - [TEST_STEP][PASSED] - Statement - Try: Delayed 2 second(s)

2018-12-12 11:29:22 - [TEST_STEP][PASSED] - Statement - Checker = com.kms.katalon.core.webui.keyword.WebUiBuiltInKeywords.verifyElementNotPresent(tester, 3): Web element with id: 'Object Repository/Final Object Repo/Landing Page/Select to English' located by 'By.xpath: //a[@class = 'taglib-language-list-text' and @lang = 'en-US' and (contains(text(), 'EN') or contains(., 'EN'))]' is not present after '3' second(s)

2018-12-12 11:29:22 - [MESSAGE][PASSED] - Web element with id: 'Object Repository/Final Object Repo/Landing Page/Select to English' located by 'By.xpath: //a[@class = 'taglib-language-list-text' and @lang = 'en-US' and (contains(text(), 'EN') or contains(., 'EN'))]' is not present after '3' second(s)

2018-12-12 11:29:22 - [TEST_STEP][PASSED] - Statement - If (Checker == false): null

2018-12-12 11:29:22 - [TEST_STEP][PASSED] - delay: Delayed 2 second(s)

2018-12-12 11:29:24 - [MESSAGE][PASSED] - Delayed 2 second(s)

2018-12-12 11:29:24 - [TEST_STEP][PASSED] - delay: Delayed 5 second(s)

2018-12-12 11:29:29 - [MESSAGE][PASSED] - Delayed 5 second(s)

2018-12-12 11:29:29 - [TEST_STEP][PASSED] - navigateToUrl: Navigate to 'https://assist2-uat.perkeso.gov.my/web/registration/update/update-employer-information' successfully

2018-12-12 11:29:30 - [MESSAGE][PASSED] - Navigate to 'https://assist2-uat.perkeso.gov.my/web/registration/update/update-employer-information' successfully

2018-12-12 11:29:30 - [TEST_STEP][PASSED] - click: Object: 'Object Repository/Final Object Repo/Page_Update Employer Information/Edit Button' is clicked on

2018-12-12 11:29:33 - [MESSAGE][PASSED] - Object: 'Object Repository/Final Object Repo/Page_Update Employer Information/Edit Button' is clicked on

2018-12-12 11:29:33 - [TEST_STEP][PASSED] - click: Object: 'Object Repository/Final Object Repo/Page_Update Employer Information/Business Entity' is clicked on

2018-12-12 11:29:33 - [MESSAGE][PASSED] - Object: 'Object Repository/Final Object Repo/Page_Update Employer Information/Business Entity' is clicked on

2018-12-12 11:29:33 - [TEST_STEP][PASSED] - Statement - CurrentBusinessEntity = "": null

2018-12-12 11:29:33 - [TEST_STEP][PASSED] - Statement - CurrentBusinessEntity = com.kms.katalon.core.webui.keyword.WebUiBuiltInKeywords.getText(com.kms.katalon.core.testobject.ObjectRepository.findTestObject(Final Object Repo/Page_Update Employer Information/Current Business Entity)): Text of object 'Object Repository/Final Object Repo/Page_Update Employer Information/Current Business Entity' is: 'Corporation'

2018-12-12 11:29:33 - [MESSAGE][PASSED] - Text of object 'Object Repository/Final Object Repo/Page_Update Employer Information/Current Business Entity' is: 'Corporation'

2018-12-12 11:29:33 - [TEST_STEP][PASSED] - Statement - out.println(CurrentBusinessEntity): null

2018-12-12 11:29:33 - [TEST_STEP][PASSED] - Statement - If (CurrentBusinessEntity == "Corporation"): Delayed 3 second(s)

2018-12-12 11:29:33 - [TEST_STEP][PASSED] - Statement - obj = com.kms.katalon.core.webui.keyword.WebUiBuiltInKeywords.modifyObjectProperty(com.kms.katalon.core.testobject.ObjectRepository.findTestObject(Final Object Repo/Page_Update Employer Information/change to this Business Entity), "xpath", "equals", "//ul/li/span[contains(text(),"Partnership")]", true, STOP_ON_FAILURE): Modify property of object successfully

2018-12-12 11:29:33 - [MESSAGE][PASSED] - Modify property of object successfully

2018-12-12 11:29:33 - [TEST_STEP][PASSED] - click: Object: 'Object Repository/Final Object Repo/Page_Update Employer Information/change to this Business Entity' is clicked on

2018-12-12 11:29:33 - [MESSAGE][PASSED] - Object: 'Object Repository/Final Object Repo/Page_Update Employer Information/change to this Business Entity' is clicked on

2018-12-12 11:29:33 - [TEST_STEP][PASSED] - delay: Delayed 1 second(s)

2018-12-12 11:29:34 - [MESSAGE][PASSED] - Delayed 1 second(s)

2018-12-12 11:29:34 - [TEST_STEP][PASSED] - click: Object: 'Object Repository/Final Object Repo/Page_Update Employer Information/Sub Business Entity' is clicked on

2018-12-12 11:29:34 - [MESSAGE][PASSED] - Object: 'Object Repository/Final Object Repo/Page_Update Employer Information/Sub Business Entity' is clicked on

2018-12-12 11:29:34 - [TEST_STEP][PASSED] - click: Object: 'Object Repository/Final Object Repo/Page_Update Employer Information/Sub Business Entity - Partnership - Registered With other Agencies' is clicked on

2018-12-12 11:29:35 - [MESSAGE][PASSED] - Object: 'Object Repository/Final Object Repo/Page_Update Employer Information/Sub Business Entity - Partnership - Registered With other Agencies' is clicked on

2018-12-12 11:29:35 - [TEST_STEP][PASSED] - delay: Delayed 3 second(s)

2018-12-12 11:29:38 - [MESSAGE][PASSED] - Delayed 3 second(s)

2018-12-12 11:29:38 - [TEST_STEP][PASSED] - delay: Delayed 4 second(s)

2018-12-12 11:29:42 - [MESSAGE][PASSED] - Delayed 4 second(s)

2018-12-12 11:29:42 - [TEST_STEP][PASSED] - click: Object: 'Object Repository/Final Object Repo/Page_Update Employer Information/Save  Continue' is clicked on

2018-12-12 11:29:42 - [MESSAGE][PASSED] - Object: 'Object Repository/Final Object Repo/Page_Update Employer Information/Save  Continue' is clicked on

2018-12-12 11:29:42 - [TEST_STEP][PASSED] - delay: Delayed 4 second(s)

2018-12-12 11:29:46 - [MESSAGE][PASSED] - Delayed 4 second(s)

2018-12-12 11:29:46 - [TEST_STEP][PASSED] - click: Object: 'Object Repository/Final Object Repo/Page_Update Employer Information/Save  Continue (1)' is clicked on

2018-12-12 11:29:46 - [MESSAGE][PASSED] - Object: 'Object Repository/Final Object Repo/Page_Update Employer Information/Save  Continue (1)' is clicked on

2018-12-12 11:29:46 - [TEST_STEP][PASSED] - delay: Delayed 4 second(s)

2018-12-12 11:29:50 - [MESSAGE][PASSED] - Delayed 4 second(s)

2018-12-12 11:29:50 - [TEST_STEP][PASSED] - Statement - CaseReferenceNo = com.kms.katalon.core.webui.keyword.WebUiBuiltInKeywords.getText(com.kms.katalon.core.testobject.ObjectRepository.findTestObject(Final Object Repo/Page_Update Employer Information/Reference Number in Update Employee Information Page)): Text of object 'Object Repository/Final Object Repo/Page_Update Employer Information/Reference Number in Update Employee Information Page' is: 'CUN122018C100005995'

2018-12-12 11:29:50 - [MESSAGE][PASSED] - Text of object 'Object Repository/Final Object Repo/Page_Update Employer Information/Reference Number in Update Employee Information Page' is: 'CUN122018C100005995'

2018-12-12 11:29:50 - [TEST_STEP][PASSED] - callTestCase: Call Test Case 'Test Cases/Final Aug 2018 - PKS Automation/Common/Reference Number Setter' successfully

2018-12-12 11:29:50 - [TEST_CASE][PASSED] - Test Cases/Final Aug 2018 - PKS Automation/Common/Reference Number Setter: Test Cases/Final Aug 2018 - PKS Automation/Common/Reference Number Setter

2018-12-12 11:29:50 - [TEST_STEP][PASSED] - Statement - RefNoOldFile = new java.io.File(C://Users//Admin//Desktop//PKS//Automation Reference Point//KatalonReference.txt): null

2018-12-12 11:29:50 - [TEST_STEP][PASSED] - Statement - RefNoOldFile.delete(): null

2018-12-12 11:29:50 - [TEST_STEP][PASSED] - delay: Delayed 5 second(s)

2018-12-12 11:29:55 - [MESSAGE][PASSED] - Delayed 5 second(s)

2018-12-12 11:29:55 - [TEST_STEP][PASSED] - Statement - RefNo = new java.io.File(C://Users//Admin//Desktop//PKS//Automation Reference Point//KatalonReference.txt): null

2018-12-12 11:29:55 - [TEST_STEP][PASSED] - Statement - f2 = new java.io.FileWriter(RefNo, false): null

2018-12-12 11:29:55 - [TEST_STEP][PASSED] - Statement - f2.write(CaseReferenceNo): null

2018-12-12 11:29:55 - [TEST_STEP][PASSED] - Statement - f2.close(): null

2018-12-12 11:29:56 - [TEST_STEP][PASSED] - Statement - out.println("


" + CaseReferenceNo + "


"): null

2018-12-12 11:29:56 - [MESSAGE][PASSED] - Call Test Case 'Test Cases/Final Aug 2018 - PKS Automation/Common/Reference Number Setter' successfully

2018-12-12 11:29:56 - [TEST_STEP][PASSED] - delay: Delayed 4 second(s)

2018-12-12 11:30:00 - [MESSAGE][PASSED] - Delayed 4 second(s)

2018-12-12 11:30:00 - [TEST_STEP][PASSED] - click: Object: 'Object Repository/Final Object Repo/Page_Update Employer Information/Submit - Copy' is clicked on

2018-12-12 11:30:00 - [MESSAGE][PASSED] - Object: 'Object Repository/Final Object Repo/Page_Update Employer Information/Submit - Copy' is clicked on

2018-12-12 11:30:00 - [TEST_STEP][PASSED] - delay: Delayed 2 second(s)

2018-12-12 11:30:02 - [MESSAGE][PASSED] - Delayed 2 second(s)

2018-12-12 11:30:02 - [TEST_STEP][PASSED] - click: Object: 'Object Repository/Final Object Repo/Page_Update Employer Information/Confirm' is clicked on

2018-12-12 11:30:02 - [MESSAGE][PASSED] - Object: 'Object Repository/Final Object Repo/Page_Update Employer Information/Confirm' is clicked on

2018-12-12 11:30:02 - [TEST_STEP][PASSED] - delay: Delayed 2 second(s)

2018-12-12 11:30:04 - [MESSAGE][PASSED] - Delayed 2 second(s)

2018-12-12 11:30:04 - [TEST_STEP][PASSED] - click: Object: 'Object Repository/Final Object Repo/Page_Update Employer Information/Message Your Request will be route' is clicked on

2018-12-12 11:30:08 - [MESSAGE][PASSED] - Object: 'Object Repository/Final Object Repo/Page_Update Employer Information/Message Your Request will be route' is clicked on

2018-12-12 11:30:08 - [MESSAGE][PASSED] - Call Test Case 'Test Cases/Final Aug 2018 - PKS Automation/Registration Module/Workflow/Update Employer Information/Template/Update Employer Information - Special Case (Employer)' successfully

2018-12-12 11:30:08 - [TEST_STEP][PASSED] - callTestCase: Call Test Case 'Test Cases/Final Aug 2018 - PKS Automation/Registration Module/Workflow/Update Employer Information/Template/Update Employer Information - Special Case - UO (Approve)' successfully

2018-12-12 11:30:08 - [TEST_CASE][PASSED] - Test Cases/Final Aug 2018 - PKS Automation/Registration Module/Workflow/Update Employer Information/Template/Update Employer Information - Special Case - UO (Approve): Test Cases/Final Aug 2018 - PKS Automation/Registration Module/Workflow/Update Employer Information/Template/Update Employer Information - Special Case - UO (Approve)

2018-12-12 11:30:08 - [TEST_STEP][NOT_RUN] - callTestCase: NOT_RUN: callTestCase

2018-12-12 11:30:08 - [MESSAGE][NOT_RUN] - NOT_RUN: callTestCase

2018-12-12 11:30:08 - [TEST_STEP][NOT_RUN] - delay: NOT_RUN: delay

2018-12-12 11:30:08 - [MESSAGE][NOT_RUN] - NOT_RUN: delay

2018-12-12 11:30:08 - [TEST_STEP][NOT_RUN] - navigateToUrl: NOT_RUN: navigateToUrl

2018-12-12 11:30:08 - [MESSAGE][NOT_RUN] - NOT_RUN: navigateToUrl

2018-12-12 11:30:08 - [TEST_STEP][PASSED] - delay: Delayed 1 second(s)

2018-12-12 11:30:09 - [MESSAGE][PASSED] - Delayed 1 second(s)

2018-12-12 11:30:09 - [TEST_STEP][PASSED] - callTestCase: Call Test Case 'Test Cases/Final Aug 2018 - PKS Automation/Common/Reference Number Getter' successfully

2018-12-12 11:30:09 - [TEST_CASE][PASSED] - Test Cases/Final Aug 2018 - PKS Automation/Common/Reference Number Getter: Test Cases/Final Aug 2018 - PKS Automation/Common/Reference Number Getter

2018-12-12 11:30:10 - [TEST_STEP][PASSED] - Statement - Try: null

2018-12-12 11:30:10 - [TEST_STEP][PASSED] - Statement - RefNo = new java.io.File(C://Users//Admin//Desktop//PKS//Automation Reference Point//KatalonReference.txt): null

2018-12-12 11:30:10 - [TEST_STEP][PASSED] - Statement - bufferread = new java.io.BufferedReader(new java.io.FileReader(RefNo)): null

2018-12-12 11:30:10 - [TEST_STEP][PASSED] - Statement - readedVal = bufferread.readLine(): null

2018-12-12 11:30:10 - [TEST_STEP][PASSED] - Statement - out.println(CaseReferenceNo): null

2018-12-12 11:30:10 - [TEST_STEP][PASSED] - Statement - out.println(readedVal): null

2018-12-12 11:30:10 - [TEST_STEP][PASSED] - Statement - CaseReferenceNo = "": null

2018-12-12 11:30:10 - [TEST_STEP][PASSED] - Statement - CaseReferenceNo = readedVal: null

2018-12-12 11:30:10 - [MESSAGE][PASSED] - Call Test Case 'Test Cases/Final Aug 2018 - PKS Automation/Common/Reference Number Getter' successfully

2018-12-12 11:30:10 - [TEST_STEP][PASSED] - callTestCase: Call Test Case 'Test Cases/Final Aug 2018 - PKS Automation/Common/Workflow Owner Finder' successfully

2018-12-12 11:30:10 - [TEST_CASE][PASSED] - Test Cases/Final Aug 2018 - PKS Automation/Common/Workflow Owner Finder: Test Cases/Final Aug 2018 - PKS Automation/Common/Workflow Owner Finder

2018-12-12 11:30:10 - [TEST_STEP][PASSED] - openBrowser: Browser is opened with url: ''

2018-12-12 11:30:10 - [MESSAGE][WARNING] - A browser is already opened. Closing browser and opening a new one

2018-12-12 11:30:14 - [MESSAGE][PASSED] - Browser is opened with url: ''

2018-12-12 11:30:14 - [TEST_STEP][PASSED] - navigateToUrl: Navigate to 'https://assist2-uat.perkeso.gov.my/login' successfully

2018-12-12 11:30:15 - [MESSAGE][PASSED] - Navigate to 'https://assist2-uat.perkeso.gov.my/login' successfully

2018-12-12 11:30:15 - [TEST_STEP][PASSED] - delay: Delayed 5 second(s)

2018-12-12 11:30:20 - [MESSAGE][PASSED] - Delayed 5 second(s)

2018-12-12 11:30:20 - [TEST_STEP][PASSED] - setText: Text 'test@liferay.com' is set on object 'Object Repository/Final Object Repo/Login Page/Internal User/Email Address'

2018-12-12 11:30:20 - [MESSAGE][PASSED] - Text 'test@liferay.com' is set on object 'Object Repository/Final Object Repo/Login Page/Internal User/Email Address'

2018-12-12 11:30:20 - [TEST_STEP][PASSED] - click: Object: 'Object Repository/Final Object Repo/Login Page/Internal User/Next Button' is clicked on

2018-12-12 11:30:21 - [MESSAGE][PASSED] - Object: 'Object Repository/Final Object Repo/Login Page/Internal User/Next Button' is clicked on

2018-12-12 11:30:21 - [TEST_STEP][PASSED] - delay: Delayed 2 second(s)

2018-12-12 11:30:23 - [MESSAGE][PASSED] - Delayed 2 second(s)

2018-12-12 11:30:23 - [TEST_STEP][PASSED] - setText: Text 'test' is set on object 'Object Repository/Final Object Repo/Login Page/Internal User/Password'

2018-12-12 11:30:23 - [MESSAGE][PASSED] - Text 'test' is set on object 'Object Repository/Final Object Repo/Login Page/Internal User/Password'

2018-12-12 11:30:23 - [TEST_STEP][PASSED] - delay: Delayed 2 second(s)

2018-12-12 11:30:25 - [MESSAGE][PASSED] - Delayed 2 second(s)

2018-12-12 11:30:25 - [TEST_STEP][PASSED] - click: Object: 'Object Repository/Final Object Repo/Login Page/Internal User/Login Button' is clicked on

2018-12-12 11:30:25 - [MESSAGE][PASSED] - Object: 'Object Repository/Final Object Repo/Login Page/Internal User/Login Button' is clicked on

2018-12-12 11:30:25 - [TEST_STEP][PASSED] - Statement - tester = com.kms.katalon.core.testobject.ObjectRepository.findTestObject(Final Object Repo/Landing Page/Select to English): Finding Test Object with id 'Object Repository/Final Object Repo/Landing Page/Select to English'

2018-12-12 11:30:25 - [TEST_STEP][PASSED] - Statement - Try: Delayed 2 second(s)

2018-12-12 11:30:25 - [TEST_STEP][PASSED] - Statement - Checker = com.kms.katalon.core.webui.keyword.WebUiBuiltInKeywords.verifyElementNotPresent(tester, 3): Web element with id: 'Object Repository/Final Object Repo/Landing Page/Select to English' located by 'By.xpath: //a[@class = 'taglib-language-list-text' and @lang = 'en-US' and (contains(text(), 'EN') or contains(., 'EN'))]' is not present after '3' second(s)

2018-12-12 11:30:27 - [MESSAGE][PASSED] - Web element with id: 'Object Repository/Final Object Repo/Landing Page/Select to English' located by 'By.xpath: //a[@class = 'taglib-language-list-text' and @lang = 'en-US' and (contains(text(), 'EN') or contains(., 'EN'))]' is not present after '3' second(s)

2018-12-12 11:30:27 - [TEST_STEP][PASSED] - Statement - If (Checker == false): null

2018-12-12 11:30:27 - [TEST_STEP][PASSED] - delay: Delayed 2 second(s)

2018-12-12 11:30:29 - [MESSAGE][PASSED] - Delayed 2 second(s)

2018-12-12 11:30:29 - [TEST_STEP][PASSED] - delay: Delayed 5 second(s)

2018-12-12 11:30:34 - [MESSAGE][PASSED] - Delayed 5 second(s)

2018-12-12 11:30:34 - [TEST_STEP][PASSED] - mouseOver: Object: 'Object Repository/Final Object Repo/Landing Page/WorkFlow Menu' is hovered

2018-12-12 11:30:34 - [MESSAGE][PASSED] - Object: 'Object Repository/Final Object Repo/Landing Page/WorkFlow Menu' is hovered

2018-12-12 11:30:34 - [TEST_STEP][PASSED] - delay: Delayed 2 second(s)

2018-12-12 11:30:36 - [MESSAGE][PASSED] - Delayed 2 second(s)

2018-12-12 11:30:36 - [TEST_STEP][PASSED] - click: Object: 'Object Repository/Final Object Repo/Landing Page/Select to Workflow Listing' is clicked on

2018-12-12 11:30:37 - [MESSAGE][PASSED] - Object: 'Object Repository/Final Object Repo/Landing Page/Select to Workflow Listing' is clicked on

2018-12-12 11:30:37 - [TEST_STEP][PASSED] - delay: Delayed 2 second(s)

2018-12-12 11:30:39 - [MESSAGE][PASSED] - Delayed 2 second(s)

2018-12-12 11:30:39 - [TEST_STEP][PASSED] - click: Object: 'Object Repository/Final Object Repo/WorkFlow Listing Page/Search Information - To Put Ref No' is clicked on

2018-12-12 11:30:39 - [MESSAGE][PASSED] - Object: 'Object Repository/Final Object Repo/WorkFlow Listing Page/Search Information - To Put Ref No' is clicked on

2018-12-12 11:30:39 - [TEST_STEP][PASSED] - delay: Delayed 2 second(s)

2018-12-12 11:30:41 - [MESSAGE][PASSED] - Delayed 2 second(s)

2018-12-12 11:30:41 - [TEST_STEP][PASSED] - callTestCase: Call Test Case 'Test Cases/Final Aug 2018 - PKS Automation/Common/Reference Number Getter' successfully

2018-12-12 11:30:41 - [TEST_CASE][PASSED] - Test Cases/Final Aug 2018 - PKS Automation/Common/Reference Number Getter: Test Cases/Final Aug 2018 - PKS Automation/Common/Reference Number Getter

2018-12-12 11:30:41 - [TEST_STEP][PASSED] - Statement - Try: null

2018-12-12 11:30:41 - [TEST_STEP][PASSED] - Statement - RefNo = new java.io.File(C://Users//Admin//Desktop//PKS//Automation Reference Point//KatalonReference.txt): null

2018-12-12 11:30:41 - [TEST_STEP][PASSED] - Statement - bufferread = new java.io.BufferedReader(new java.io.FileReader(RefNo)): null

2018-12-12 11:30:41 - [TEST_STEP][PASSED] - Statement - readedVal = bufferread.readLine(): null

2018-12-12 11:30:41 - [TEST_STEP][PASSED] - Statement - out.println(CaseReferenceNo): null

2018-12-12 11:30:41 - [TEST_STEP][PASSED] - Statement - out.println(readedVal): null

2018-12-12 11:30:41 - [TEST_STEP][PASSED] - Statement - CaseReferenceNo = "": null

2018-12-12 11:30:41 - [TEST_STEP][PASSED] - Statement - CaseReferenceNo = readedVal: null

2018-12-12 11:30:41 - [MESSAGE][PASSED] - Call Test Case 'Test Cases/Final Aug 2018 - PKS Automation/Common/Reference Number Getter' successfully

2018-12-12 11:30:41 - [TEST_STEP][PASSED] - setText: Text 'CUN122018C100005995' is set on object 'Object Repository/Final Object Repo/WorkFlow Listing Page/Ref No Set Text'

2018-12-12 11:30:42 - [MESSAGE][PASSED] - Text 'CUN122018C100005995' is set on object 'Object Repository/Final Object Repo/WorkFlow Listing Page/Ref No Set Text'

2018-12-12 11:30:42 - [TEST_STEP][PASSED] - delay: Delayed 2 second(s)

2018-12-12 11:30:44 - [MESSAGE][PASSED] - Delayed 2 second(s)

2018-12-12 11:30:44 - [TEST_STEP][PASSED] - click: Object: 'Object Repository/Final Object Repo/WorkFlow Listing Page/Search Ref No Search Button' is clicked on

2018-12-12 11:30:44 - [MESSAGE][PASSED] - Object: 'Object Repository/Final Object Repo/WorkFlow Listing Page/Search Ref No Search Button' is clicked on

2018-12-12 11:30:44 - [TEST_STEP][PASSED] - delay: Delayed 6 second(s)

2018-12-12 11:30:50 - [MESSAGE][PASSED] - Delayed 6 second(s)

2018-12-12 11:30:50 - [TEST_STEP][PASSED] - click: Object: 'Object Repository/Final Object Repo/WorkFlow Listing Page/Click Continue Tooltip' is clicked on

2018-12-12 11:30:51 - [MESSAGE][PASSED] - Object: 'Object Repository/Final Object Repo/WorkFlow Listing Page/Click Continue Tooltip' is clicked on

2018-12-12 11:30:51 - [TEST_STEP][PASSED] - delay: Delayed 5 second(s)

2018-12-12 11:30:56 - [MESSAGE][PASSED] - Delayed 5 second(s)

2018-12-12 11:30:56 - [TEST_STEP][PASSED] - doubleClick: Object: 'Object Repository/Final Object Repo/WorkFlow Listing Page/Workflow Found - Listing 1' is double clicked on

2018-12-12 11:30:56 - [MESSAGE][PASSED] - Object: 'Object Repository/Final Object Repo/WorkFlow Listing Page/Workflow Found - Listing 1' is double clicked on

2018-12-12 11:30:56 - [TEST_STEP][PASSED] - Statement - println(OwnerID): null

2018-12-12 11:30:56 - [TEST_STEP][PASSED] - Statement - OwnerID = com.kms.katalon.core.webui.keyword.WebUiBuiltInKeywords.getText(com.kms.katalon.core.testobject.ObjectRepository.findTestObject(Final Object Repo/WorkFlow Listing Page/Workflow Found - Listing 1), STOP_ON_FAILURE): Text of object 'Object Repository/Final Object Repo/WorkFlow Listing Page/Workflow Found - Listing 1' is: 'JOHORuo3'

2018-12-12 11:30:56 - [MESSAGE][PASSED] - Text of object 'Object Repository/Final Object Repo/WorkFlow Listing Page/Workflow Found - Listing 1' is: 'JOHORuo3'

2018-12-12 11:30:56 - [TEST_STEP][PASSED] - Statement - OwnerID = OwnerID.toLowerCase() + "@gmail.com": null

2018-12-12 11:30:56 - [TEST_STEP][PASSED] - Statement - println(OwnerID): null

2018-12-12 11:30:56 - [TEST_STEP][PASSED] - delay: Delayed 2 second(s)

2018-12-12 11:30:58 - [MESSAGE][PASSED] - Delayed 2 second(s)

2018-12-12 11:30:58 - [MESSAGE][PASSED] - Call Test Case 'Test Cases/Final Aug 2018 - PKS Automation/Common/Workflow Owner Finder' successfully

2018-12-12 11:30:58 - [TEST_STEP][PASSED] - delay: Delayed 1 second(s)

2018-12-12 11:30:59 - [MESSAGE][PASSED] - Delayed 1 second(s)

2018-12-12 11:30:59 - [TEST_STEP][PASSED] - navigateToUrl: Navigate to 'https://assist2-uat.perkeso.gov.my/c/portal/logout' successfully

2018-12-12 11:31:00 - [MESSAGE][PASSED] - Navigate to 'https://assist2-uat.perkeso.gov.my/c/portal/logout' successfully

2018-12-12 11:31:00 - [TEST_STEP][PASSED] - callTestCase: Call Test Case 'Test Cases/Final Aug 2018 - PKS Automation/Registration Module/Workflow/Login and Search Case For Workflow' successfully

2018-12-12 11:31:00 - [TEST_CASE][PASSED] - Test Cases/Final Aug 2018 - PKS Automation/Registration Module/Workflow/Login and Search Case For Workflow: Test Cases/Final Aug 2018 - PKS Automation/Registration Module/Workflow/Login and Search Case For Workflow

2018-12-12 11:31:00 - [TEST_STEP][PASSED] - navigateToUrl: Navigate to 'https://assist2-uat.perkeso.gov.my/login' successfully

2018-12-12 11:31:01 - [MESSAGE][PASSED] - Navigate to 'https://assist2-uat.perkeso.gov.my/login' successfully

2018-12-12 11:31:01 - [TEST_STEP][PASSED] - setText: Text 'johoruo3@gmail.com' is set on object 'Object Repository/Final Object Repo/Login Page/Internal User/Email Address'

2018-12-12 11:31:01 - [MESSAGE][PASSED] - Text 'johoruo3@gmail.com' is set on object 'Object Repository/Final Object Repo/Login Page/Internal User/Email Address'

2018-12-12 11:31:01 - [TEST_STEP][PASSED] - click: Object: 'Object Repository/Final Object Repo/Login Page/Internal User/Next Button' is clicked on

2018-12-12 11:31:01 - [MESSAGE][PASSED] - Object: 'Object Repository/Final Object Repo/Login Page/Internal User/Next Button' is clicked on

2018-12-12 11:31:01 - [TEST_STEP][PASSED] - delay: Delayed 1 second(s)

2018-12-12 11:31:02 - [MESSAGE][PASSED] - Delayed 1 second(s)

2018-12-12 11:31:02 - [TEST_STEP][PASSED] - setEncryptedText: Text ****** has been set on object 'Object Repository/Final Object Repo/Login Page/Internal User/Password'

2018-12-12 11:31:03 - [MESSAGE][PASSED] - Text ****** has been set on object 'Object Repository/Final Object Repo/Login Page/Internal User/Password'

2018-12-12 11:31:03 - [TEST_STEP][PASSED] - click: Object: 'Object Repository/Final Object Repo/Login Page/Internal User/Login Button' is clicked on

2018-12-12 11:31:03 - [MESSAGE][PASSED] - Object: 'Object Repository/Final Object Repo/Login Page/Internal User/Login Button' is clicked on

2018-12-12 11:31:03 - [TEST_STEP][PASSED] - delay: Delayed 2 second(s)

2018-12-12 11:31:05 - [MESSAGE][PASSED] - Delayed 2 second(s)

2018-12-12 11:31:05 - [TEST_STEP][PASSED] - Statement - Try: Delayed 2 second(s)

2018-12-12 11:31:05 - [TEST_STEP][PASSED] - Statement - Checker = false: null

2018-12-12 11:31:05 - [TEST_STEP][PASSED] - Statement - Checker = com.kms.katalon.core.webui.keyword.WebUiBuiltInKeywords.verifyElementHasAttribute(com.kms.katalon.core.testobject.ObjectRepository.findTestObject(Final Object Repo/Landing Page/BM Detecting), "href", 20, OPTIONAL): Object 'Object Repository/Final Object Repo/Landing Page/BM Detecting' has attribute 'href'

2018-12-12 11:31:05 - [MESSAGE][PASSED] - Object 'Object Repository/Final Object Repo/Landing Page/BM Detecting' has attribute 'href'

2018-12-12 11:31:05 - [TEST_STEP][PASSED] - Statement - out.println(Checker): null

2018-12-12 11:31:05 - [TEST_STEP][PASSED] - Statement - If (Checker == false): null

2018-12-12 11:31:05 - [TEST_STEP][PASSED] - Statement - Else: null

2018-12-12 11:31:05 - [TEST_STEP][PASSED] - delay: Delayed 2 second(s)

2018-12-12 11:31:07 - [MESSAGE][PASSED] - Delayed 2 second(s)

2018-12-12 11:31:07 - [TEST_STEP][PASSED] - click: Object: 'Object Repository/Final Object Repo/Page_MyASSIST - ASSIST - Search Pending Case For Add Supporting Document/Search Information' is clicked on

2018-12-12 11:31:07 - [MESSAGE][PASSED] - Object: 'Object Repository/Final Object Repo/Page_MyASSIST - ASSIST - Search Pending Case For Add Supporting Document/Search Information' is clicked on

2018-12-12 11:31:07 - [TEST_STEP][PASSED] - delay: Delayed 3 second(s)

2018-12-12 11:31:10 - [MESSAGE][PASSED] - Delayed 3 second(s)

2018-12-12 11:31:10 - [TEST_STEP][PASSED] - sendKeys: Keys 'CUN122018C100005995' sent to object: 'Object Repository/Final Object Repo/Page_MyASSIST - ASSIST - Search Pending Case For Add Supporting Document/Reference No'

2018-12-12 11:31:10 - [MESSAGE][PASSED] - Keys 'CUN122018C100005995' sent to object: 'Object Repository/Final Object Repo/Page_MyASSIST - ASSIST - Search Pending Case For Add Supporting Document/Reference No'

2018-12-12 11:31:10 - [TEST_STEP][PASSED] - click: Object: 'Object Repository/Final Object Repo/Page_MyASSIST - ASSIST - Search Pending Case For Add Supporting Document/Search Reference No' is clicked on

2018-12-12 11:31:10 - [MESSAGE][PASSED] - Object: 'Object Repository/Final Object Repo/Page_MyASSIST - ASSIST - Search Pending Case For Add Supporting Document/Search Reference No' is clicked on

2018-12-12 11:31:10 - [TEST_STEP][PASSED] - delay: Delayed 2 second(s)

2018-12-12 11:31:12 - [MESSAGE][PASSED] - Delayed 2 second(s)

2018-12-12 11:31:12 - [TEST_STEP][PASSED] - click: Object: 'Object Repository/Final Object Repo/Page_MyASSIST - ASSIST - Search Pending Case For Add Supporting Document/Continue' is clicked on

2018-12-12 11:31:16 - [MESSAGE][PASSED] - Object: 'Object Repository/Final Object Repo/Page_MyASSIST - ASSIST - Search Pending Case For Add Supporting Document/Continue' is clicked on

2018-12-12 11:31:16 - [TEST_STEP][PASSED] - delay: Delayed 20 second(s)

2018-12-12 11:31:36 - [MESSAGE][PASSED] - Delayed 20 second(s)

2018-12-12 11:31:36 - [MESSAGE][PASSED] - Call Test Case 'Test Cases/Final Aug 2018 - PKS Automation/Registration Module/Workflow/Login and Search Case For Workflow' successfully

2018-12-12 11:31:36 - [TEST_STEP][PASSED] - delay: Delayed 10 second(s)

2018-12-12 11:31:46 - [MESSAGE][PASSED] - Delayed 10 second(s)

2018-12-12 11:31:46 - [TEST_STEP][PASSED] - click: Object: 'Object Repository/Final Object Repo/Page_Update Employer Information/Page_Update Employer Information UO (Approve)/Continue' is clicked on

2018-12-12 11:31:50 - [MESSAGE][PASSED] - Object: 'Object Repository/Final Object Repo/Page_Update Employer Information/Page_Update Employer Information UO (Approve)/Continue' is clicked on

2018-12-12 11:31:50 - [TEST_STEP][PASSED] - delay: Delayed 10 second(s)

2018-12-12 11:32:00 - [MESSAGE][PASSED] - Delayed 10 second(s)

2018-12-12 11:32:00 - [TEST_STEP][PASSED] - click: Object: 'Object Repository/Final Object Repo/Page_Update Employer Information/Page_Update Employer Information UO (Approve)/Save  Continue in Update Employer Information Page' is clicked on

2018-12-12 11:32:00 - [MESSAGE][PASSED] - Object: 'Object Repository/Final Object Repo/Page_Update Employer Information/Page_Update Employer Information UO (Approve)/Save  Continue in Update Employer Information Page' is clicked on

2018-12-12 11:32:00 - [TEST_STEP][PASSED] - delay: Delayed 3 second(s)

2018-12-12 11:32:03 - [MESSAGE][PASSED] - Delayed 3 second(s)

2018-12-12 11:32:03 - [TEST_STEP][PASSED] - click: Object: 'Object Repository/Final Object Repo/Page_Update Employer Information/Page_Update Employer Information UO (Approve)/Save  Continue in Uploading Supporting Document Page' is clicked on

2018-12-12 11:32:05 - [MESSAGE][PASSED] - Object: 'Object Repository/Final Object Repo/Page_Update Employer Information/Page_Update Employer Information UO (Approve)/Save  Continue in Uploading Supporting Document Page' is clicked on

2018-12-12 11:32:05 - [TEST_STEP][PASSED] - delay: Delayed 3 second(s)

2018-12-12 11:32:08 - [MESSAGE][PASSED] - Delayed 3 second(s)

2018-12-12 11:32:08 - [TEST_STEP][PASSED] - click: Object: 'Object Repository/Final Object Repo/Page_Update Employer Information/Page_Update Employer Information UO (Approve)/Approve' is clicked on

2018-12-12 11:32:08 - [MESSAGE][PASSED] - Object: 'Object Repository/Final Object Repo/Page_Update Employer Information/Page_Update Employer Information UO (Approve)/Approve' is clicked on

2018-12-12 11:32:08 - [TEST_STEP][PASSED] - delay: Delayed 2 second(s)

2018-12-12 11:32:10 - [MESSAGE][PASSED] - Delayed 2 second(s)

2018-12-12 11:32:10 - [TEST_STEP][PASSED] - click: Object: 'Object Repository/Final Object Repo/Page_Update Employer Information/Page_Update Employer Information UO (Approve)/Confirm' is clicked on

2018-12-12 11:32:11 - [MESSAGE][PASSED] - Object: 'Object Repository/Final Object Repo/Page_Update Employer Information/Page_Update Employer Information UO (Approve)/Confirm' is clicked on

2018-12-12 11:32:11 - [TEST_STEP][PASSED] - delay: Delayed 2 second(s)

2018-12-12 11:32:13 - [MESSAGE][PASSED] - Delayed 2 second(s)

2018-12-12 11:32:13 - [TEST_STEP][PASSED] - verifyElementVisible: Object 'Object Repository/Final Object Repo/Page_Update Employer Information/Page_Update Employer Information UO (Approve)/Message Your Request' is visible

2018-12-12 11:32:20 - [MESSAGE][PASSED] - Object 'Object Repository/Final Object Repo/Page_Update Employer Information/Page_Update Employer Information UO (Approve)/Message Your Request' is visible

2018-12-12 11:32:20 - [TEST_STEP][PASSED] - verifyElementVisible: Object 'Object Repository/Final Object Repo/Page_Update Employer Information/Page_Update Employer Information UO (Approve)/Letter of successful update' is visible

2018-12-12 11:32:20 - [MESSAGE][PASSED] - Object 'Object Repository/Final Object Repo/Page_Update Employer Information/Page_Update Employer Information UO (Approve)/Letter of successful update' is visible

2018-12-12 11:32:20 - [MESSAGE][PASSED] - Call Test Case 'Test Cases/Final Aug 2018 - PKS Automation/Registration Module/Workflow/Update Employer Information/Template/Update Employer Information - Special Case - UO (Approve)' successfully]]></system-out>
         <system-err><![CDATA[]]></system-err>
      </testcase>
      <testcase name="Test Cases/Final Aug 2018 - PKS Automation/Registration Module/Workflow/Update Employer Information/Employer - UO (Query)" classname="Test Cases/Final Aug 2018 - PKS Automation/Registration Module/Workflow/Update Employer Information/Employer - UO (Query)" status="PASSED">
         <system-out><![CDATA[2018-12-12 11:32:20 - [TEST_CASE][PASSED] - Test Cases/Final Aug 2018 - PKS Automation/Registration Module/Workflow/Update Employer Information/Employer - UO (Query): Test Cases/Final Aug 2018 - PKS Automation/Registration Module/Workflow/Update Employer Information/Employer - UO (Query)

2018-12-12 11:32:21 - [TEST_STEP][PASSED] - callTestCase: Call Test Case 'Test Cases/Final Aug 2018 - PKS Automation/Registration Module/Workflow/Update Employer Information/Template/Update Employer Information - Special Case (Employer)' successfully

2018-12-12 11:32:21 - [TEST_CASE][PASSED] - Test Cases/Final Aug 2018 - PKS Automation/Registration Module/Workflow/Update Employer Information/Template/Update Employer Information - Special Case (Employer): Test Cases/Final Aug 2018 - PKS Automation/Registration Module/Workflow/Update Employer Information/Template/Update Employer Information - Special Case (Employer)

2018-12-12 11:32:21 - [TEST_STEP][PASSED] - callTestCase: Call Test Case 'Test Cases/Final Aug 2018 - PKS Automation/Create Employer Acc/Login to Employer Account (Second time)' successfully

2018-12-12 11:32:21 - [TEST_CASE][PASSED] - Test Cases/Final Aug 2018 - PKS Automation/Create Employer Acc/Login to Employer Account (Second time): Test Cases/Final Aug 2018 - PKS Automation/Create Employer Acc/Login to Employer Account (Second time)

2018-12-12 11:32:21 - [TEST_STEP][PASSED] - openBrowser: Browser is opened with url: ''

2018-12-12 11:32:21 - [MESSAGE][WARNING] - A browser is already opened. Closing browser and opening a new one

2018-12-12 11:32:25 - [MESSAGE][PASSED] - Browser is opened with url: ''

2018-12-12 11:32:25 - [TEST_STEP][PASSED] - navigateToUrl: Navigate to 'https://assist2-uat.perkeso.gov.my/employer/login' successfully

2018-12-12 11:32:26 - [MESSAGE][PASSED] - Navigate to 'https://assist2-uat.perkeso.gov.my/employer/login' successfully

2018-12-12 11:32:26 - [TEST_STEP][PASSED] - delay: Delayed 3 second(s)

2018-12-12 11:32:29 - [MESSAGE][PASSED] - Delayed 3 second(s)

2018-12-12 11:32:29 - [TEST_STEP][PASSED] - callTestCase: Call Test Case 'Test Cases/Final Aug 2018 - PKS Automation/Create Employer Acc/Template/Employer Email Getter' successfully

2018-12-12 11:32:29 - [TEST_CASE][PASSED] - Test Cases/Final Aug 2018 - PKS Automation/Create Employer Acc/Template/Employer Email Getter: Test Cases/Final Aug 2018 - PKS Automation/Create Employer Acc/Template/Employer Email Getter

2018-12-12 11:32:29 - [TEST_STEP][PASSED] - Statement - Try: null

2018-12-12 11:32:29 - [TEST_STEP][PASSED] - Statement - EmpEmail = new java.io.File(C://Users//Admin//Desktop//PKS//Automation Reference Point//EmpEmail.txt): null

2018-12-12 11:32:29 - [TEST_STEP][PASSED] - Statement - bufferread = new java.io.BufferedReader(new java.io.FileReader(EmpEmail)): null

2018-12-12 11:32:29 - [TEST_STEP][PASSED] - Statement - readedVal = bufferread.readLine(): null

2018-12-12 11:32:29 - [TEST_STEP][PASSED] - Statement - out.println(readedVal): null

2018-12-12 11:32:29 - [TEST_STEP][PASSED] - Statement - Email = readedVal: null

2018-12-12 11:32:29 - [MESSAGE][PASSED] - Call Test Case 'Test Cases/Final Aug 2018 - PKS Automation/Create Employer Acc/Template/Employer Email Getter' successfully

2018-12-12 11:32:29 - [TEST_STEP][PASSED] - setText: Text 'perkeso841257523203@gmail.com' is set on object 'Object Repository/Final Object Repo/Login Page/External Login Page/Email'

2018-12-12 11:32:29 - [MESSAGE][PASSED] - Text 'perkeso841257523203@gmail.com' is set on object 'Object Repository/Final Object Repo/Login Page/External Login Page/Email'

2018-12-12 11:32:29 - [TEST_STEP][PASSED] - click: Object: 'Object Repository/Final Object Repo/Login Page/External Login Page/Next' is clicked on

2018-12-12 11:32:29 - [MESSAGE][PASSED] - Object: 'Object Repository/Final Object Repo/Login Page/External Login Page/Next' is clicked on

2018-12-12 11:32:29 - [TEST_STEP][PASSED] - delay: Delayed 3 second(s)

2018-12-12 11:32:32 - [MESSAGE][PASSED] - Delayed 3 second(s)

2018-12-12 11:32:32 - [TEST_STEP][PASSED] - setEncryptedText: Text ****** has been set on object 'Object Repository/Final Object Repo/Login Page/External Login Page/Password'

2018-12-12 11:32:33 - [MESSAGE][PASSED] - Text ****** has been set on object 'Object Repository/Final Object Repo/Login Page/External Login Page/Password'

2018-12-12 11:32:33 - [TEST_STEP][PASSED] - click: Object: 'Object Repository/Final Object Repo/Login Page/External Login Page/Login' is clicked on

2018-12-12 11:32:33 - [MESSAGE][PASSED] - Object: 'Object Repository/Final Object Repo/Login Page/External Login Page/Login' is clicked on

2018-12-12 11:32:33 - [TEST_STEP][PASSED] - delay: Delayed 5 second(s)

2018-12-12 11:32:38 - [MESSAGE][PASSED] - Delayed 5 second(s)

2018-12-12 11:32:38 - [MESSAGE][PASSED] - Call Test Case 'Test Cases/Final Aug 2018 - PKS Automation/Create Employer Acc/Login to Employer Account (Second time)' successfully

2018-12-12 11:32:38 - [TEST_STEP][PASSED] - Statement - tester = com.kms.katalon.core.testobject.ObjectRepository.findTestObject(Final Object Repo/Landing Page/Select to English): Finding Test Object with id 'Object Repository/Final Object Repo/Landing Page/Select to English'

2018-12-12 11:32:38 - [TEST_STEP][PASSED] - Statement - Try: Delayed 2 second(s)

2018-12-12 11:32:38 - [TEST_STEP][PASSED] - Statement - Checker = com.kms.katalon.core.webui.keyword.WebUiBuiltInKeywords.verifyElementNotPresent(tester, 3): Web element with id: 'Object Repository/Final Object Repo/Landing Page/Select to English' located by 'By.xpath: //a[@class = 'taglib-language-list-text' and @lang = 'en-US' and (contains(text(), 'EN') or contains(., 'EN'))]' is not present after '3' second(s)

2018-12-12 11:32:38 - [MESSAGE][PASSED] - Web element with id: 'Object Repository/Final Object Repo/Landing Page/Select to English' located by 'By.xpath: //a[@class = 'taglib-language-list-text' and @lang = 'en-US' and (contains(text(), 'EN') or contains(., 'EN'))]' is not present after '3' second(s)

2018-12-12 11:32:38 - [TEST_STEP][PASSED] - Statement - If (Checker == false): null

2018-12-12 11:32:38 - [TEST_STEP][PASSED] - delay: Delayed 2 second(s)

2018-12-12 11:32:40 - [MESSAGE][PASSED] - Delayed 2 second(s)

2018-12-12 11:32:40 - [TEST_STEP][PASSED] - delay: Delayed 5 second(s)

2018-12-12 11:32:45 - [MESSAGE][PASSED] - Delayed 5 second(s)

2018-12-12 11:32:45 - [TEST_STEP][PASSED] - navigateToUrl: Navigate to 'https://assist2-uat.perkeso.gov.my/web/registration/update/update-employer-information' successfully

2018-12-12 11:32:46 - [MESSAGE][PASSED] - Navigate to 'https://assist2-uat.perkeso.gov.my/web/registration/update/update-employer-information' successfully

2018-12-12 11:32:46 - [TEST_STEP][PASSED] - click: Object: 'Object Repository/Final Object Repo/Page_Update Employer Information/Edit Button' is clicked on

2018-12-12 11:32:48 - [MESSAGE][PASSED] - Object: 'Object Repository/Final Object Repo/Page_Update Employer Information/Edit Button' is clicked on

2018-12-12 11:32:48 - [TEST_STEP][PASSED] - click: Object: 'Object Repository/Final Object Repo/Page_Update Employer Information/Business Entity' is clicked on

2018-12-12 11:32:48 - [MESSAGE][PASSED] - Object: 'Object Repository/Final Object Repo/Page_Update Employer Information/Business Entity' is clicked on

2018-12-12 11:32:48 - [TEST_STEP][PASSED] - Statement - CurrentBusinessEntity = "": null

2018-12-12 11:32:48 - [TEST_STEP][PASSED] - Statement - CurrentBusinessEntity = com.kms.katalon.core.webui.keyword.WebUiBuiltInKeywords.getText(com.kms.katalon.core.testobject.ObjectRepository.findTestObject(Final Object Repo/Page_Update Employer Information/Current Business Entity)): Text of object 'Object Repository/Final Object Repo/Page_Update Employer Information/Current Business Entity' is: 'Partnership'

2018-12-12 11:32:48 - [MESSAGE][PASSED] - Text of object 'Object Repository/Final Object Repo/Page_Update Employer Information/Current Business Entity' is: 'Partnership'

2018-12-12 11:32:48 - [TEST_STEP][PASSED] - Statement - out.println(CurrentBusinessEntity): null

2018-12-12 11:32:48 - [TEST_STEP][PASSED] - Statement - If (CurrentBusinessEntity == "Corporation"): null

2018-12-12 11:32:48 - [TEST_STEP][PASSED] - Statement - Else If (CurrentBusinessEntity == "Partnership"): Delayed 3 second(s)

2018-12-12 11:32:48 - [TEST_STEP][PASSED] - Statement - obj = com.kms.katalon.core.webui.keyword.WebUiBuiltInKeywords.modifyObjectProperty(com.kms.katalon.core.testobject.ObjectRepository.findTestObject(Final Object Repo/Page_Update Employer Information/change to this Business Entity), "xpath", "equals", "//ul/li/span[contains(text(),"Sole Proprietor / Individual Business")]", true, STOP_ON_FAILURE): Modify property of object successfully

2018-12-12 11:32:48 - [MESSAGE][PASSED] - Modify property of object successfully

2018-12-12 11:32:48 - [TEST_STEP][PASSED] - click: Object: 'Object Repository/Final Object Repo/Page_Update Employer Information/change to this Business Entity' is clicked on

2018-12-12 11:32:49 - [MESSAGE][PASSED] - Object: 'Object Repository/Final Object Repo/Page_Update Employer Information/change to this Business Entity' is clicked on

2018-12-12 11:32:49 - [TEST_STEP][PASSED] - delay: Delayed 1 second(s)

2018-12-12 11:32:50 - [MESSAGE][PASSED] - Delayed 1 second(s)

2018-12-12 11:32:50 - [TEST_STEP][PASSED] - click: Object: 'Object Repository/Final Object Repo/Page_Update Employer Information/Sub Business Entity' is clicked on

2018-12-12 11:32:50 - [MESSAGE][PASSED] - Object: 'Object Repository/Final Object Repo/Page_Update Employer Information/Sub Business Entity' is clicked on

2018-12-12 11:32:50 - [TEST_STEP][PASSED] - click: Object: 'Object Repository/Final Object Repo/Page_Update Employer Information/Sub Business Entity - Sole Properietor - Registered with other Agencies' is clicked on

2018-12-12 11:32:50 - [MESSAGE][PASSED] - Object: 'Object Repository/Final Object Repo/Page_Update Employer Information/Sub Business Entity - Sole Properietor - Registered with other Agencies' is clicked on

2018-12-12 11:32:50 - [TEST_STEP][PASSED] - delay: Delayed 3 second(s)

2018-12-12 11:32:53 - [MESSAGE][PASSED] - Delayed 3 second(s)

2018-12-12 11:32:53 - [TEST_STEP][PASSED] - delay: Delayed 4 second(s)

2018-12-12 11:32:57 - [MESSAGE][PASSED] - Delayed 4 second(s)

2018-12-12 11:32:57 - [TEST_STEP][PASSED] - click: Object: 'Object Repository/Final Object Repo/Page_Update Employer Information/Save  Continue' is clicked on

2018-12-12 11:32:57 - [MESSAGE][PASSED] - Object: 'Object Repository/Final Object Repo/Page_Update Employer Information/Save  Continue' is clicked on

2018-12-12 11:32:57 - [TEST_STEP][PASSED] - delay: Delayed 4 second(s)

2018-12-12 11:33:01 - [MESSAGE][PASSED] - Delayed 4 second(s)

2018-12-12 11:33:01 - [TEST_STEP][PASSED] - click: Object: 'Object Repository/Final Object Repo/Page_Update Employer Information/Save  Continue (1)' is clicked on

2018-12-12 11:33:01 - [MESSAGE][PASSED] - Object: 'Object Repository/Final Object Repo/Page_Update Employer Information/Save  Continue (1)' is clicked on

2018-12-12 11:33:01 - [TEST_STEP][PASSED] - delay: Delayed 4 second(s)

2018-12-12 11:33:05 - [MESSAGE][PASSED] - Delayed 4 second(s)

2018-12-12 11:33:05 - [TEST_STEP][PASSED] - Statement - CaseReferenceNo = com.kms.katalon.core.webui.keyword.WebUiBuiltInKeywords.getText(com.kms.katalon.core.testobject.ObjectRepository.findTestObject(Final Object Repo/Page_Update Employer Information/Reference Number in Update Employee Information Page)): Text of object 'Object Repository/Final Object Repo/Page_Update Employer Information/Reference Number in Update Employee Information Page' is: 'CUN122018C100005996'

2018-12-12 11:33:06 - [MESSAGE][PASSED] - Text of object 'Object Repository/Final Object Repo/Page_Update Employer Information/Reference Number in Update Employee Information Page' is: 'CUN122018C100005996'

2018-12-12 11:33:06 - [TEST_STEP][PASSED] - callTestCase: Call Test Case 'Test Cases/Final Aug 2018 - PKS Automation/Common/Reference Number Setter' successfully

2018-12-12 11:33:06 - [TEST_CASE][PASSED] - Test Cases/Final Aug 2018 - PKS Automation/Common/Reference Number Setter: Test Cases/Final Aug 2018 - PKS Automation/Common/Reference Number Setter

2018-12-12 11:33:06 - [TEST_STEP][PASSED] - Statement - RefNoOldFile = new java.io.File(C://Users//Admin//Desktop//PKS//Automation Reference Point//KatalonReference.txt): null

2018-12-12 11:33:06 - [TEST_STEP][PASSED] - Statement - RefNoOldFile.delete(): null

2018-12-12 11:33:06 - [TEST_STEP][PASSED] - delay: Delayed 5 second(s)

2018-12-12 11:33:11 - [MESSAGE][PASSED] - Delayed 5 second(s)

2018-12-12 11:33:11 - [TEST_STEP][PASSED] - Statement - RefNo = new java.io.File(C://Users//Admin//Desktop//PKS//Automation Reference Point//KatalonReference.txt): null

2018-12-12 11:33:11 - [TEST_STEP][PASSED] - Statement - f2 = new java.io.FileWriter(RefNo, false): null

2018-12-12 11:33:11 - [TEST_STEP][PASSED] - Statement - f2.write(CaseReferenceNo): null

2018-12-12 11:33:11 - [TEST_STEP][PASSED] - Statement - f2.close(): null

2018-12-12 11:33:11 - [TEST_STEP][PASSED] - Statement - out.println("


" + CaseReferenceNo + "


"): null

2018-12-12 11:33:11 - [MESSAGE][PASSED] - Call Test Case 'Test Cases/Final Aug 2018 - PKS Automation/Common/Reference Number Setter' successfully

2018-12-12 11:33:11 - [TEST_STEP][PASSED] - delay: Delayed 4 second(s)

2018-12-12 11:33:15 - [MESSAGE][PASSED] - Delayed 4 second(s)

2018-12-12 11:33:15 - [TEST_STEP][PASSED] - click: Object: 'Object Repository/Final Object Repo/Page_Update Employer Information/Submit - Copy' is clicked on

2018-12-12 11:33:15 - [MESSAGE][PASSED] - Object: 'Object Repository/Final Object Repo/Page_Update Employer Information/Submit - Copy' is clicked on

2018-12-12 11:33:15 - [TEST_STEP][PASSED] - delay: Delayed 2 second(s)

2018-12-12 11:33:17 - [MESSAGE][PASSED] - Delayed 2 second(s)

2018-12-12 11:33:17 - [TEST_STEP][PASSED] - click: Object: 'Object Repository/Final Object Repo/Page_Update Employer Information/Confirm' is clicked on

2018-12-12 11:33:17 - [MESSAGE][PASSED] - Object: 'Object Repository/Final Object Repo/Page_Update Employer Information/Confirm' is clicked on

2018-12-12 11:33:17 - [TEST_STEP][PASSED] - delay: Delayed 2 second(s)

2018-12-12 11:33:19 - [MESSAGE][PASSED] - Delayed 2 second(s)

2018-12-12 11:33:19 - [TEST_STEP][PASSED] - click: Object: 'Object Repository/Final Object Repo/Page_Update Employer Information/Message Your Request will be route' is clicked on

2018-12-12 11:33:23 - [MESSAGE][PASSED] - Object: 'Object Repository/Final Object Repo/Page_Update Employer Information/Message Your Request will be route' is clicked on

2018-12-12 11:33:23 - [MESSAGE][PASSED] - Call Test Case 'Test Cases/Final Aug 2018 - PKS Automation/Registration Module/Workflow/Update Employer Information/Template/Update Employer Information - Special Case (Employer)' successfully

2018-12-12 11:33:23 - [TEST_STEP][PASSED] - callTestCase: Call Test Case 'Test Cases/Final Aug 2018 - PKS Automation/Registration Module/Workflow/Update Employer Information/Template/Update Employer Information - Special Case - UO (Query)' successfully

2018-12-12 11:33:23 - [TEST_CASE][PASSED] - Test Cases/Final Aug 2018 - PKS Automation/Registration Module/Workflow/Update Employer Information/Template/Update Employer Information - Special Case - UO (Query): Test Cases/Final Aug 2018 - PKS Automation/Registration Module/Workflow/Update Employer Information/Template/Update Employer Information - Special Case - UO (Query)

2018-12-12 11:33:23 - [TEST_STEP][NOT_RUN] - callTestCase: NOT_RUN: callTestCase

2018-12-12 11:33:23 - [MESSAGE][NOT_RUN] - NOT_RUN: callTestCase

2018-12-12 11:33:23 - [TEST_STEP][PASSED] - delay: Delayed 1 second(s)

2018-12-12 11:33:24 - [MESSAGE][PASSED] - Delayed 1 second(s)

2018-12-12 11:33:24 - [TEST_STEP][PASSED] - navigateToUrl: Navigate to 'https://assist2-uat.perkeso.gov.my/c/portal/logout' successfully

2018-12-12 11:33:25 - [MESSAGE][PASSED] - Navigate to 'https://assist2-uat.perkeso.gov.my/c/portal/logout' successfully

2018-12-12 11:33:25 - [TEST_STEP][PASSED] - delay: Delayed 1 second(s)

2018-12-12 11:33:26 - [MESSAGE][PASSED] - Delayed 1 second(s)

2018-12-12 11:33:26 - [TEST_STEP][PASSED] - callTestCase: Call Test Case 'Test Cases/Final Aug 2018 - PKS Automation/Common/Reference Number Getter' successfully

2018-12-12 11:33:26 - [TEST_CASE][PASSED] - Test Cases/Final Aug 2018 - PKS Automation/Common/Reference Number Getter: Test Cases/Final Aug 2018 - PKS Automation/Common/Reference Number Getter

2018-12-12 11:33:26 - [TEST_STEP][PASSED] - Statement - Try: null

2018-12-12 11:33:26 - [TEST_STEP][PASSED] - Statement - RefNo = new java.io.File(C://Users//Admin//Desktop//PKS//Automation Reference Point//KatalonReference.txt): null

2018-12-12 11:33:26 - [TEST_STEP][PASSED] - Statement - bufferread = new java.io.BufferedReader(new java.io.FileReader(RefNo)): null

2018-12-12 11:33:26 - [TEST_STEP][PASSED] - Statement - readedVal = bufferread.readLine(): null

2018-12-12 11:33:26 - [TEST_STEP][PASSED] - Statement - out.println(CaseReferenceNo): null

2018-12-12 11:33:26 - [TEST_STEP][PASSED] - Statement - out.println(readedVal): null

2018-12-12 11:33:26 - [TEST_STEP][PASSED] - Statement - CaseReferenceNo = "": null

2018-12-12 11:33:26 - [TEST_STEP][PASSED] - Statement - CaseReferenceNo = readedVal: null

2018-12-12 11:33:26 - [MESSAGE][PASSED] - Call Test Case 'Test Cases/Final Aug 2018 - PKS Automation/Common/Reference Number Getter' successfully

2018-12-12 11:33:26 - [TEST_STEP][PASSED] - callTestCase: Call Test Case 'Test Cases/Final Aug 2018 - PKS Automation/Common/Workflow Owner Finder' successfully

2018-12-12 11:33:26 - [TEST_CASE][PASSED] - Test Cases/Final Aug 2018 - PKS Automation/Common/Workflow Owner Finder: Test Cases/Final Aug 2018 - PKS Automation/Common/Workflow Owner Finder

2018-12-12 11:33:26 - [TEST_STEP][PASSED] - openBrowser: Browser is opened with url: ''

2018-12-12 11:33:26 - [MESSAGE][WARNING] - A browser is already opened. Closing browser and opening a new one

2018-12-12 11:33:30 - [MESSAGE][PASSED] - Browser is opened with url: ''

2018-12-12 11:33:30 - [TEST_STEP][PASSED] - navigateToUrl: Navigate to 'https://assist2-uat.perkeso.gov.my/login' successfully

2018-12-12 11:33:31 - [MESSAGE][PASSED] - Navigate to 'https://assist2-uat.perkeso.gov.my/login' successfully

2018-12-12 11:33:31 - [TEST_STEP][PASSED] - delay: Delayed 5 second(s)

2018-12-12 11:33:36 - [MESSAGE][PASSED] - Delayed 5 second(s)

2018-12-12 11:33:36 - [TEST_STEP][PASSED] - setText: Text 'test@liferay.com' is set on object 'Object Repository/Final Object Repo/Login Page/Internal User/Email Address'

2018-12-12 11:33:37 - [MESSAGE][PASSED] - Text 'test@liferay.com' is set on object 'Object Repository/Final Object Repo/Login Page/Internal User/Email Address'

2018-12-12 11:33:37 - [TEST_STEP][PASSED] - click: Object: 'Object Repository/Final Object Repo/Login Page/Internal User/Next Button' is clicked on

2018-12-12 11:33:37 - [MESSAGE][PASSED] - Object: 'Object Repository/Final Object Repo/Login Page/Internal User/Next Button' is clicked on

2018-12-12 11:33:37 - [TEST_STEP][PASSED] - delay: Delayed 2 second(s)

2018-12-12 11:33:39 - [MESSAGE][PASSED] - Delayed 2 second(s)

2018-12-12 11:33:39 - [TEST_STEP][PASSED] - setText: Text 'test' is set on object 'Object Repository/Final Object Repo/Login Page/Internal User/Password'

2018-12-12 11:33:39 - [MESSAGE][PASSED] - Text 'test' is set on object 'Object Repository/Final Object Repo/Login Page/Internal User/Password'

2018-12-12 11:33:39 - [TEST_STEP][PASSED] - delay: Delayed 2 second(s)

2018-12-12 11:33:41 - [MESSAGE][PASSED] - Delayed 2 second(s)

2018-12-12 11:33:41 - [TEST_STEP][PASSED] - click: Object: 'Object Repository/Final Object Repo/Login Page/Internal User/Login Button' is clicked on

2018-12-12 11:33:41 - [MESSAGE][PASSED] - Object: 'Object Repository/Final Object Repo/Login Page/Internal User/Login Button' is clicked on

2018-12-12 11:33:41 - [TEST_STEP][PASSED] - Statement - tester = com.kms.katalon.core.testobject.ObjectRepository.findTestObject(Final Object Repo/Landing Page/Select to English): Finding Test Object with id 'Object Repository/Final Object Repo/Landing Page/Select to English'

2018-12-12 11:33:41 - [TEST_STEP][PASSED] - Statement - Try: Delayed 2 second(s)

2018-12-12 11:33:41 - [TEST_STEP][PASSED] - Statement - Checker = com.kms.katalon.core.webui.keyword.WebUiBuiltInKeywords.verifyElementNotPresent(tester, 3): Web element with id: 'Object Repository/Final Object Repo/Landing Page/Select to English' located by 'By.xpath: //a[@class = 'taglib-language-list-text' and @lang = 'en-US' and (contains(text(), 'EN') or contains(., 'EN'))]' is not present after '3' second(s)

2018-12-12 11:33:43 - [MESSAGE][PASSED] - Web element with id: 'Object Repository/Final Object Repo/Landing Page/Select to English' located by 'By.xpath: //a[@class = 'taglib-language-list-text' and @lang = 'en-US' and (contains(text(), 'EN') or contains(., 'EN'))]' is not present after '3' second(s)

2018-12-12 11:33:43 - [TEST_STEP][PASSED] - Statement - If (Checker == false): null

2018-12-12 11:33:43 - [TEST_STEP][PASSED] - delay: Delayed 2 second(s)

2018-12-12 11:33:45 - [MESSAGE][PASSED] - Delayed 2 second(s)

2018-12-12 11:33:45 - [TEST_STEP][PASSED] - delay: Delayed 5 second(s)

2018-12-12 11:33:50 - [MESSAGE][PASSED] - Delayed 5 second(s)

2018-12-12 11:33:50 - [TEST_STEP][PASSED] - mouseOver: Object: 'Object Repository/Final Object Repo/Landing Page/WorkFlow Menu' is hovered

2018-12-12 11:33:50 - [MESSAGE][PASSED] - Object: 'Object Repository/Final Object Repo/Landing Page/WorkFlow Menu' is hovered

2018-12-12 11:33:50 - [TEST_STEP][PASSED] - delay: Delayed 2 second(s)

2018-12-12 11:33:52 - [MESSAGE][PASSED] - Delayed 2 second(s)

2018-12-12 11:33:52 - [TEST_STEP][PASSED] - click: Object: 'Object Repository/Final Object Repo/Landing Page/Select to Workflow Listing' is clicked on

2018-12-12 11:33:53 - [MESSAGE][PASSED] - Object: 'Object Repository/Final Object Repo/Landing Page/Select to Workflow Listing' is clicked on

2018-12-12 11:33:53 - [TEST_STEP][PASSED] - delay: Delayed 2 second(s)

2018-12-12 11:33:55 - [MESSAGE][PASSED] - Delayed 2 second(s)

2018-12-12 11:33:55 - [TEST_STEP][PASSED] - click: Object: 'Object Repository/Final Object Repo/WorkFlow Listing Page/Search Information - To Put Ref No' is clicked on

2018-12-12 11:33:55 - [MESSAGE][PASSED] - Object: 'Object Repository/Final Object Repo/WorkFlow Listing Page/Search Information - To Put Ref No' is clicked on

2018-12-12 11:33:55 - [TEST_STEP][PASSED] - delay: Delayed 2 second(s)

2018-12-12 11:33:57 - [MESSAGE][PASSED] - Delayed 2 second(s)

2018-12-12 11:33:57 - [TEST_STEP][PASSED] - callTestCase: Call Test Case 'Test Cases/Final Aug 2018 - PKS Automation/Common/Reference Number Getter' successfully

2018-12-12 11:33:58 - [TEST_CASE][PASSED] - Test Cases/Final Aug 2018 - PKS Automation/Common/Reference Number Getter: Test Cases/Final Aug 2018 - PKS Automation/Common/Reference Number Getter

2018-12-12 11:33:58 - [TEST_STEP][PASSED] - Statement - Try: null

2018-12-12 11:33:58 - [TEST_STEP][PASSED] - Statement - RefNo = new java.io.File(C://Users//Admin//Desktop//PKS//Automation Reference Point//KatalonReference.txt): null

2018-12-12 11:33:58 - [TEST_STEP][PASSED] - Statement - bufferread = new java.io.BufferedReader(new java.io.FileReader(RefNo)): null

2018-12-12 11:33:58 - [TEST_STEP][PASSED] - Statement - readedVal = bufferread.readLine(): null

2018-12-12 11:33:58 - [TEST_STEP][PASSED] - Statement - out.println(CaseReferenceNo): null

2018-12-12 11:33:58 - [TEST_STEP][PASSED] - Statement - out.println(readedVal): null

2018-12-12 11:33:58 - [TEST_STEP][PASSED] - Statement - CaseReferenceNo = "": null

2018-12-12 11:33:58 - [TEST_STEP][PASSED] - Statement - CaseReferenceNo = readedVal: null

2018-12-12 11:33:58 - [MESSAGE][PASSED] - Call Test Case 'Test Cases/Final Aug 2018 - PKS Automation/Common/Reference Number Getter' successfully

2018-12-12 11:33:58 - [TEST_STEP][PASSED] - setText: Text 'CUN122018C100005996' is set on object 'Object Repository/Final Object Repo/WorkFlow Listing Page/Ref No Set Text'

2018-12-12 11:33:58 - [MESSAGE][PASSED] - Text 'CUN122018C100005996' is set on object 'Object Repository/Final Object Repo/WorkFlow Listing Page/Ref No Set Text'

2018-12-12 11:33:58 - [TEST_STEP][PASSED] - delay: Delayed 2 second(s)

2018-12-12 11:34:00 - [MESSAGE][PASSED] - Delayed 2 second(s)

2018-12-12 11:34:00 - [TEST_STEP][PASSED] - click: Object: 'Object Repository/Final Object Repo/WorkFlow Listing Page/Search Ref No Search Button' is clicked on

2018-12-12 11:34:00 - [MESSAGE][PASSED] - Object: 'Object Repository/Final Object Repo/WorkFlow Listing Page/Search Ref No Search Button' is clicked on

2018-12-12 11:34:00 - [TEST_STEP][PASSED] - delay: Delayed 6 second(s)

2018-12-12 11:34:06 - [MESSAGE][PASSED] - Delayed 6 second(s)

2018-12-12 11:34:06 - [TEST_STEP][PASSED] - click: Object: 'Object Repository/Final Object Repo/WorkFlow Listing Page/Click Continue Tooltip' is clicked on

2018-12-12 11:34:07 - [MESSAGE][PASSED] - Object: 'Object Repository/Final Object Repo/WorkFlow Listing Page/Click Continue Tooltip' is clicked on

2018-12-12 11:34:07 - [TEST_STEP][PASSED] - delay: Delayed 5 second(s)

2018-12-12 11:34:12 - [MESSAGE][PASSED] - Delayed 5 second(s)

2018-12-12 11:34:12 - [TEST_STEP][PASSED] - doubleClick: Object: 'Object Repository/Final Object Repo/WorkFlow Listing Page/Workflow Found - Listing 1' is double clicked on

2018-12-12 11:34:12 - [MESSAGE][PASSED] - Object: 'Object Repository/Final Object Repo/WorkFlow Listing Page/Workflow Found - Listing 1' is double clicked on

2018-12-12 11:34:12 - [TEST_STEP][PASSED] - Statement - println(OwnerID): null

2018-12-12 11:34:12 - [TEST_STEP][PASSED] - Statement - OwnerID = com.kms.katalon.core.webui.keyword.WebUiBuiltInKeywords.getText(com.kms.katalon.core.testobject.ObjectRepository.findTestObject(Final Object Repo/WorkFlow Listing Page/Workflow Found - Listing 1), STOP_ON_FAILURE): Text of object 'Object Repository/Final Object Repo/WorkFlow Listing Page/Workflow Found - Listing 1' is: 'JOHORuo1'

2018-12-12 11:34:12 - [MESSAGE][PASSED] - Text of object 'Object Repository/Final Object Repo/WorkFlow Listing Page/Workflow Found - Listing 1' is: 'JOHORuo1'

2018-12-12 11:34:12 - [TEST_STEP][PASSED] - Statement - OwnerID = OwnerID.toLowerCase() + "@gmail.com": null

2018-12-12 11:34:12 - [TEST_STEP][PASSED] - Statement - println(OwnerID): null

2018-12-12 11:34:12 - [TEST_STEP][PASSED] - delay: Delayed 2 second(s)

2018-12-12 11:34:14 - [MESSAGE][PASSED] - Delayed 2 second(s)

2018-12-12 11:34:14 - [MESSAGE][PASSED] - Call Test Case 'Test Cases/Final Aug 2018 - PKS Automation/Common/Workflow Owner Finder' successfully

2018-12-12 11:34:14 - [TEST_STEP][PASSED] - delay: Delayed 1 second(s)

2018-12-12 11:34:15 - [MESSAGE][PASSED] - Delayed 1 second(s)

2018-12-12 11:34:15 - [TEST_STEP][PASSED] - navigateToUrl: Navigate to 'https://assist2-uat.perkeso.gov.my/c/portal/logout' successfully

2018-12-12 11:34:16 - [MESSAGE][PASSED] - Navigate to 'https://assist2-uat.perkeso.gov.my/c/portal/logout' successfully

2018-12-12 11:34:16 - [TEST_STEP][PASSED] - delay: Delayed 1 second(s)

2018-12-12 11:34:17 - [MESSAGE][PASSED] - Delayed 1 second(s)

2018-12-12 11:34:17 - [TEST_STEP][PASSED] - callTestCase: Call Test Case 'Test Cases/Final Aug 2018 - PKS Automation/Registration Module/Workflow/Login and Search Case For Workflow' successfully

2018-12-12 11:34:17 - [TEST_CASE][PASSED] - Test Cases/Final Aug 2018 - PKS Automation/Registration Module/Workflow/Login and Search Case For Workflow: Test Cases/Final Aug 2018 - PKS Automation/Registration Module/Workflow/Login and Search Case For Workflow

2018-12-12 11:34:17 - [TEST_STEP][PASSED] - navigateToUrl: Navigate to 'https://assist2-uat.perkeso.gov.my/login' successfully

2018-12-12 11:34:18 - [MESSAGE][PASSED] - Navigate to 'https://assist2-uat.perkeso.gov.my/login' successfully

2018-12-12 11:34:18 - [TEST_STEP][PASSED] - setText: Text 'johoruo1@gmail.com' is set on object 'Object Repository/Final Object Repo/Login Page/Internal User/Email Address'

2018-12-12 11:34:18 - [MESSAGE][PASSED] - Text 'johoruo1@gmail.com' is set on object 'Object Repository/Final Object Repo/Login Page/Internal User/Email Address'

2018-12-12 11:34:18 - [TEST_STEP][PASSED] - click: Object: 'Object Repository/Final Object Repo/Login Page/Internal User/Next Button' is clicked on

2018-12-12 11:34:18 - [MESSAGE][PASSED] - Object: 'Object Repository/Final Object Repo/Login Page/Internal User/Next Button' is clicked on

2018-12-12 11:34:18 - [TEST_STEP][PASSED] - delay: Delayed 1 second(s)

2018-12-12 11:34:19 - [MESSAGE][PASSED] - Delayed 1 second(s)

2018-12-12 11:34:19 - [TEST_STEP][PASSED] - setEncryptedText: Text ****** has been set on object 'Object Repository/Final Object Repo/Login Page/Internal User/Password'

2018-12-12 11:34:19 - [MESSAGE][PASSED] - Text ****** has been set on object 'Object Repository/Final Object Repo/Login Page/Internal User/Password'

2018-12-12 11:34:19 - [TEST_STEP][PASSED] - click: Object: 'Object Repository/Final Object Repo/Login Page/Internal User/Login Button' is clicked on

2018-12-12 11:34:19 - [MESSAGE][PASSED] - Object: 'Object Repository/Final Object Repo/Login Page/Internal User/Login Button' is clicked on

2018-12-12 11:34:19 - [TEST_STEP][PASSED] - delay: Delayed 2 second(s)

2018-12-12 11:34:21 - [MESSAGE][PASSED] - Delayed 2 second(s)

2018-12-12 11:34:21 - [TEST_STEP][PASSED] - Statement - Try: Delayed 2 second(s)

2018-12-12 11:34:21 - [TEST_STEP][PASSED] - Statement - Checker = false: null

2018-12-12 11:34:21 - [TEST_STEP][PASSED] - Statement - Checker = com.kms.katalon.core.webui.keyword.WebUiBuiltInKeywords.verifyElementHasAttribute(com.kms.katalon.core.testobject.ObjectRepository.findTestObject(Final Object Repo/Landing Page/BM Detecting), "href", 20, OPTIONAL): Object 'Object Repository/Final Object Repo/Landing Page/BM Detecting' has attribute 'href'

2018-12-12 11:34:22 - [MESSAGE][PASSED] - Object 'Object Repository/Final Object Repo/Landing Page/BM Detecting' has attribute 'href'

2018-12-12 11:34:22 - [TEST_STEP][PASSED] - Statement - out.println(Checker): null

2018-12-12 11:34:22 - [TEST_STEP][PASSED] - Statement - If (Checker == false): null

2018-12-12 11:34:22 - [TEST_STEP][PASSED] - Statement - Else: null

2018-12-12 11:34:22 - [TEST_STEP][PASSED] - delay: Delayed 2 second(s)

2018-12-12 11:34:24 - [MESSAGE][PASSED] - Delayed 2 second(s)

2018-12-12 11:34:24 - [TEST_STEP][PASSED] - click: Object: 'Object Repository/Final Object Repo/Page_MyASSIST - ASSIST - Search Pending Case For Add Supporting Document/Search Information' is clicked on

2018-12-12 11:34:24 - [MESSAGE][PASSED] - Object: 'Object Repository/Final Object Repo/Page_MyASSIST - ASSIST - Search Pending Case For Add Supporting Document/Search Information' is clicked on

2018-12-12 11:34:24 - [TEST_STEP][PASSED] - delay: Delayed 3 second(s)

2018-12-12 11:34:27 - [MESSAGE][PASSED] - Delayed 3 second(s)

2018-12-12 11:34:27 - [TEST_STEP][PASSED] - sendKeys: Keys 'CUN122018C100005996' sent to object: 'Object Repository/Final Object Repo/Page_MyASSIST - ASSIST - Search Pending Case For Add Supporting Document/Reference No'

2018-12-12 11:34:27 - [MESSAGE][PASSED] - Keys 'CUN122018C100005996' sent to object: 'Object Repository/Final Object Repo/Page_MyASSIST - ASSIST - Search Pending Case For Add Supporting Document/Reference No'

2018-12-12 11:34:27 - [TEST_STEP][PASSED] - click: Object: 'Object Repository/Final Object Repo/Page_MyASSIST - ASSIST - Search Pending Case For Add Supporting Document/Search Reference No' is clicked on

2018-12-12 11:34:27 - [MESSAGE][PASSED] - Object: 'Object Repository/Final Object Repo/Page_MyASSIST - ASSIST - Search Pending Case For Add Supporting Document/Search Reference No' is clicked on

2018-12-12 11:34:27 - [TEST_STEP][PASSED] - delay: Delayed 2 second(s)

2018-12-12 11:34:29 - [MESSAGE][PASSED] - Delayed 2 second(s)

2018-12-12 11:34:29 - [TEST_STEP][PASSED] - click: Object: 'Object Repository/Final Object Repo/Page_MyASSIST - ASSIST - Search Pending Case For Add Supporting Document/Continue' is clicked on

2018-12-12 11:34:33 - [MESSAGE][PASSED] - Object: 'Object Repository/Final Object Repo/Page_MyASSIST - ASSIST - Search Pending Case For Add Supporting Document/Continue' is clicked on

2018-12-12 11:34:33 - [TEST_STEP][PASSED] - delay: Delayed 20 second(s)

2018-12-12 11:34:53 - [MESSAGE][PASSED] - Delayed 20 second(s)

2018-12-12 11:34:53 - [MESSAGE][PASSED] - Call Test Case 'Test Cases/Final Aug 2018 - PKS Automation/Registration Module/Workflow/Login and Search Case For Workflow' successfully

2018-12-12 11:34:53 - [TEST_STEP][PASSED] - delay: Delayed 2 second(s)

2018-12-12 11:34:55 - [MESSAGE][PASSED] - Delayed 2 second(s)

2018-12-12 11:34:55 - [TEST_STEP][PASSED] - click: Object: 'Object Repository/Final Object Repo/Page_Update Employer Information/Page_Update Employer Information UO (Approve)/Continue' is clicked on

2018-12-12 11:34:58 - [MESSAGE][PASSED] - Object: 'Object Repository/Final Object Repo/Page_Update Employer Information/Page_Update Employer Information UO (Approve)/Continue' is clicked on

2018-12-12 11:34:58 - [TEST_STEP][PASSED] - delay: Delayed 2 second(s)

2018-12-12 11:35:00 - [MESSAGE][PASSED] - Delayed 2 second(s)

2018-12-12 11:35:00 - [TEST_STEP][PASSED] - click: Object: 'Object Repository/Final Object Repo/Page_Update Employer Information/Page_Update Employer Information UO (Approve)/Save  Continue in Update Employer Information Page' is clicked on

2018-12-12 11:35:01 - [MESSAGE][PASSED] - Object: 'Object Repository/Final Object Repo/Page_Update Employer Information/Page_Update Employer Information UO (Approve)/Save  Continue in Update Employer Information Page' is clicked on

2018-12-12 11:35:01 - [TEST_STEP][PASSED] - delay: Delayed 2 second(s)

2018-12-12 11:35:03 - [MESSAGE][PASSED] - Delayed 2 second(s)

2018-12-12 11:35:03 - [TEST_STEP][PASSED] - setText: Text 'Query' is set on object 'Object Repository/Final Object Repo/Page_Update Employer Information/Page_Update Employer Information UO (Query)/Query - Remark'

2018-12-12 11:35:05 - [MESSAGE][PASSED] - Text 'Query' is set on object 'Object Repository/Final Object Repo/Page_Update Employer Information/Page_Update Employer Information UO (Query)/Query - Remark'

2018-12-12 11:35:05 - [TEST_STEP][PASSED] - delay: Delayed 2 second(s)

2018-12-12 11:35:07 - [MESSAGE][PASSED] - Delayed 2 second(s)

2018-12-12 11:35:07 - [TEST_STEP][PASSED] - click: Object: 'Object Repository/Final Object Repo/Page_Update Employer Information/Page_Update Employer Information UO (Approve)/Save  Continue in Uploading Supporting Document Page' is clicked on

2018-12-12 11:35:07 - [MESSAGE][PASSED] - Object: 'Object Repository/Final Object Repo/Page_Update Employer Information/Page_Update Employer Information UO (Approve)/Save  Continue in Uploading Supporting Document Page' is clicked on

2018-12-12 11:35:07 - [TEST_STEP][PASSED] - delay: Delayed 2 second(s)

2018-12-12 11:35:09 - [MESSAGE][PASSED] - Delayed 2 second(s)

2018-12-12 11:35:09 - [TEST_STEP][PASSED] - click: Object: 'Object Repository/Final Object Repo/Page_Update Employer Information/Page_Update Employer Information UO (Query)/Query' is clicked on

2018-12-12 11:35:11 - [MESSAGE][PASSED] - Object: 'Object Repository/Final Object Repo/Page_Update Employer Information/Page_Update Employer Information UO (Query)/Query' is clicked on

2018-12-12 11:35:11 - [TEST_STEP][PASSED] - delay: Delayed 2 second(s)

2018-12-12 11:35:13 - [MESSAGE][PASSED] - Delayed 2 second(s)

2018-12-12 11:35:13 - [TEST_STEP][PASSED] - click: Object: 'Object Repository/Final Object Repo/Page_Update Employer Information/Page_Update Employer Information UO (Query)/Confirm' is clicked on

2018-12-12 11:35:13 - [MESSAGE][PASSED] - Object: 'Object Repository/Final Object Repo/Page_Update Employer Information/Page_Update Employer Information UO (Query)/Confirm' is clicked on

2018-12-12 11:35:13 - [TEST_STEP][PASSED] - delay: Delayed 2 second(s)

2018-12-12 11:35:15 - [MESSAGE][PASSED] - Delayed 2 second(s)

2018-12-12 11:35:15 - [TEST_STEP][PASSED] - doubleClick: Object: 'Object Repository/Final Object Repo/Page_Update Employer Information/Page_Update Employer Information UO (Query)/Message The Case Is Under Query' is double clicked on

2018-12-12 11:35:20 - [MESSAGE][PASSED] - Object: 'Object Repository/Final Object Repo/Page_Update Employer Information/Page_Update Employer Information UO (Query)/Message The Case Is Under Query' is double clicked on

2018-12-12 11:35:20 - [TEST_STEP][PASSED] - delay: Delayed 2 second(s)

2018-12-12 11:35:22 - [MESSAGE][PASSED] - Delayed 2 second(s)

2018-12-12 11:35:22 - [TEST_STEP][PASSED] - click: Object: 'Object Repository/Final Object Repo/Page_Update Employer Information/Page_Update Employer Information UO (Query)/Letter of inquiry.pdf' is clicked on

2018-12-12 11:35:23 - [MESSAGE][PASSED] - Object: 'Object Repository/Final Object Repo/Page_Update Employer Information/Page_Update Employer Information UO (Query)/Letter of inquiry.pdf' is clicked on

2018-12-12 11:35:23 - [TEST_STEP][PASSED] - delay: Delayed 1 second(s)

2018-12-12 11:35:24 - [MESSAGE][PASSED] - Delayed 1 second(s)

2018-12-12 11:35:24 - [TEST_STEP][PASSED] - callTestCase: Call Test Case 'Test Cases/Final Aug 2018 - PKS Automation/Registration Module/Log Out/log out avoiding katalon tagging' successfully

2018-12-12 11:35:24 - [TEST_CASE][PASSED] - Test Cases/Final Aug 2018 - PKS Automation/Registration Module/Log Out/log out avoiding katalon tagging: Test Cases/Final Aug 2018 - PKS Automation/Registration Module/Log Out/log out avoiding katalon tagging

2018-12-12 11:35:24 - [TEST_STEP][PASSED] - navigateToUrl: Navigate to 'https://assist2-uat.perkeso.gov.my/c/portal/logout' successfully

2018-12-12 11:35:25 - [MESSAGE][PASSED] - Navigate to 'https://assist2-uat.perkeso.gov.my/c/portal/logout' successfully

2018-12-12 11:35:25 - [MESSAGE][PASSED] - Call Test Case 'Test Cases/Final Aug 2018 - PKS Automation/Registration Module/Log Out/log out avoiding katalon tagging' successfully

2018-12-12 11:35:25 - [TEST_STEP][NOT_RUN] - navigateToUrl: NOT_RUN: navigateToUrl

2018-12-12 11:35:25 - [MESSAGE][NOT_RUN] - NOT_RUN: navigateToUrl

2018-12-12 11:35:25 - [TEST_STEP][PASSED] - delay: Delayed 1 second(s)

2018-12-12 11:35:26 - [MESSAGE][PASSED] - Delayed 1 second(s)

2018-12-12 11:35:26 - [TEST_STEP][PASSED] - callTestCase: Call Test Case 'Test Cases/Final Aug 2018 - PKS Automation/Registration Module/Workflow/Search Pending Case For Add Supporting Document (OTC)' successfully

2018-12-12 11:35:26 - [TEST_CASE][PASSED] - Test Cases/Final Aug 2018 - PKS Automation/Registration Module/Workflow/Search Pending Case For Add Supporting Document (OTC): Test Cases/Final Aug 2018 - PKS Automation/Registration Module/Workflow/Search Pending Case For Add Supporting Document (OTC)

2018-12-12 11:35:26 - [TEST_STEP][PASSED] - openBrowser: Browser is opened with url: ''

2018-12-12 11:35:26 - [MESSAGE][WARNING] - A browser is already opened. Closing browser and opening a new one

2018-12-12 11:35:30 - [MESSAGE][PASSED] - Browser is opened with url: ''

2018-12-12 11:35:30 - [TEST_STEP][PASSED] - navigateToUrl: Navigate to 'https://assist2-uat.perkeso.gov.my/login' successfully

2018-12-12 11:35:31 - [MESSAGE][PASSED] - Navigate to 'https://assist2-uat.perkeso.gov.my/login' successfully

2018-12-12 11:35:31 - [TEST_STEP][PASSED] - setText: Text 'johorotc1@gmail.com' is set on object 'Object Repository/Final Object Repo/Login Page/Internal User/Email Address'

2018-12-12 11:35:32 - [MESSAGE][PASSED] - Text 'johorotc1@gmail.com' is set on object 'Object Repository/Final Object Repo/Login Page/Internal User/Email Address'

2018-12-12 11:35:32 - [TEST_STEP][PASSED] - click: Object: 'Object Repository/Final Object Repo/Login Page/Internal User/Next Button' is clicked on

2018-12-12 11:35:32 - [MESSAGE][PASSED] - Object: 'Object Repository/Final Object Repo/Login Page/Internal User/Next Button' is clicked on

2018-12-12 11:35:32 - [TEST_STEP][PASSED] - delay: Delayed 1 second(s)

2018-12-12 11:35:33 - [MESSAGE][PASSED] - Delayed 1 second(s)

2018-12-12 11:35:33 - [TEST_STEP][PASSED] - setEncryptedText: Text ****** has been set on object 'Object Repository/Final Object Repo/Login Page/Internal User/Password'

2018-12-12 11:35:33 - [MESSAGE][PASSED] - Text ****** has been set on object 'Object Repository/Final Object Repo/Login Page/Internal User/Password'

2018-12-12 11:35:33 - [TEST_STEP][PASSED] - click: Object: 'Object Repository/Final Object Repo/Login Page/Internal User/Login Button' is clicked on

2018-12-12 11:35:33 - [MESSAGE][PASSED] - Object: 'Object Repository/Final Object Repo/Login Page/Internal User/Login Button' is clicked on

2018-12-12 11:35:33 - [TEST_STEP][PASSED] - delay: Delayed 1 second(s)

2018-12-12 11:35:34 - [MESSAGE][PASSED] - Delayed 1 second(s)

2018-12-12 11:35:34 - [TEST_STEP][PASSED] - Statement - Try: Delayed 2 second(s)

2018-12-12 11:35:34 - [TEST_STEP][PASSED] - Statement - Checker = false: null

2018-12-12 11:35:34 - [TEST_STEP][PASSED] - Statement - Checker = com.kms.katalon.core.webui.keyword.WebUiBuiltInKeywords.verifyElementHasAttribute(com.kms.katalon.core.testobject.ObjectRepository.findTestObject(Final Object Repo/Landing Page/BM Detecting), "href", 20, OPTIONAL): Object 'Object Repository/Final Object Repo/Landing Page/BM Detecting' has attribute 'href'

2018-12-12 11:35:35 - [MESSAGE][PASSED] - Object 'Object Repository/Final Object Repo/Landing Page/BM Detecting' has attribute 'href'

2018-12-12 11:35:35 - [TEST_STEP][PASSED] - Statement - out.println(Checker): null

2018-12-12 11:35:35 - [TEST_STEP][PASSED] - Statement - If (Checker == false): null

2018-12-12 11:35:35 - [TEST_STEP][PASSED] - Statement - Else: null

2018-12-12 11:35:35 - [TEST_STEP][PASSED] - delay: Delayed 2 second(s)

2018-12-12 11:35:37 - [MESSAGE][PASSED] - Delayed 2 second(s)

2018-12-12 11:35:37 - [TEST_STEP][PASSED] - navigateToUrl: Navigate to 'https://assist2-uat.perkeso.gov.my/web/registration/search/search-pending-case-for-add-supporting-document' successfully

2018-12-12 11:35:38 - [MESSAGE][PASSED] - Navigate to 'https://assist2-uat.perkeso.gov.my/web/registration/search/search-pending-case-for-add-supporting-document' successfully

2018-12-12 11:35:38 - [TEST_STEP][PASSED] - click: Object: 'Object Repository/Final Object Repo/Page_Search Pending Case For Add Suporting Document/Search By' is clicked on

2018-12-12 11:35:38 - [MESSAGE][PASSED] - Object: 'Object Repository/Final Object Repo/Page_Search Pending Case For Add Suporting Document/Search By' is clicked on

2018-12-12 11:35:38 - [TEST_STEP][PASSED] - click: Object: 'Object Repository/Final Object Repo/Page_Search Pending Case For Add Suporting Document/Search By - Reference ID' is clicked on

2018-12-12 11:35:38 - [MESSAGE][PASSED] - Object: 'Object Repository/Final Object Repo/Page_Search Pending Case For Add Suporting Document/Search By - Reference ID' is clicked on

2018-12-12 11:35:38 - [TEST_STEP][PASSED] - delay: Delayed 2 second(s)

2018-12-12 11:35:40 - [MESSAGE][PASSED] - Delayed 2 second(s)

2018-12-12 11:35:40 - [TEST_STEP][PASSED] - setText: Text 'CUN122018C100005996' is set on object 'Object Repository/Final Object Repo/Page_Search Pending Case For Add Suporting Document/Reference ID'

2018-12-12 11:35:41 - [MESSAGE][PASSED] - Text 'CUN122018C100005996' is set on object 'Object Repository/Final Object Repo/Page_Search Pending Case For Add Suporting Document/Reference ID'

2018-12-12 11:35:41 - [TEST_STEP][PASSED] - click: Object: 'Object Repository/Final Object Repo/Page_Search Pending Case For Add Suporting Document/Search' is clicked on

2018-12-12 11:35:41 - [MESSAGE][PASSED] - Object: 'Object Repository/Final Object Repo/Page_Search Pending Case For Add Suporting Document/Search' is clicked on

2018-12-12 11:35:41 - [TEST_STEP][PASSED] - delay: Delayed 2 second(s)

2018-12-12 11:35:43 - [MESSAGE][PASSED] - Delayed 2 second(s)

2018-12-12 11:35:43 - [TEST_STEP][PASSED] - click: Object: 'Object Repository/Final Object Repo/Page_Search Pending Case For Add Suporting Document/Edit' is clicked on

2018-12-12 11:35:47 - [MESSAGE][PASSED] - Object: 'Object Repository/Final Object Repo/Page_Search Pending Case For Add Suporting Document/Edit' is clicked on

2018-12-12 11:35:47 - [MESSAGE][PASSED] - Call Test Case 'Test Cases/Final Aug 2018 - PKS Automation/Registration Module/Workflow/Search Pending Case For Add Supporting Document (OTC)' successfully

2018-12-12 11:35:47 - [TEST_STEP][PASSED] - click: Object: 'Object Repository/Final Object Repo/Page_Update Employer Information/Page_Update Employer Information UO (Query -OTC -UO)/Next' is clicked on

2018-12-12 11:35:50 - [MESSAGE][PASSED] - Object: 'Object Repository/Final Object Repo/Page_Update Employer Information/Page_Update Employer Information UO (Query -OTC -UO)/Next' is clicked on

2018-12-12 11:35:50 - [TEST_STEP][PASSED] - delay: Delayed 2 second(s)

2018-12-12 11:35:52 - [MESSAGE][PASSED] - Delayed 2 second(s)

2018-12-12 11:35:52 - [TEST_STEP][PASSED] - click: Object: 'Object Repository/Final Object Repo/Page_Update Employer Information/Page_Update Employer Information UO (Query -OTC -UO)/Add Document' is clicked on

2018-12-12 11:35:52 - [MESSAGE][PASSED] - Object: 'Object Repository/Final Object Repo/Page_Update Employer Information/Page_Update Employer Information UO (Query -OTC -UO)/Add Document' is clicked on

2018-12-12 11:35:52 - [TEST_STEP][PASSED] - delay: Delayed 2 second(s)

2018-12-12 11:35:54 - [MESSAGE][PASSED] - Delayed 2 second(s)

2018-12-12 11:35:54 - [TEST_STEP][PASSED] - click: Object: 'Object Repository/Final Object Repo/Page_Update Employer Information/Page_Update Employer Information UO (Query -OTC -UO)/Document Type' is clicked on

2018-12-12 11:35:55 - [MESSAGE][PASSED] - Object: 'Object Repository/Final Object Repo/Page_Update Employer Information/Page_Update Employer Information UO (Query -OTC -UO)/Document Type' is clicked on

2018-12-12 11:35:55 - [TEST_STEP][PASSED] - click: Object: 'Object Repository/Final Object Repo/Page_Update Employer Information/Page_Update Employer Information UO (Query -OTC -UO)/Document Type - Other' is clicked on

2018-12-12 11:35:55 - [MESSAGE][PASSED] - Object: 'Object Repository/Final Object Repo/Page_Update Employer Information/Page_Update Employer Information UO (Query -OTC -UO)/Document Type - Other' is clicked on

2018-12-12 11:35:55 - [TEST_STEP][PASSED] - delay: Delayed 2 second(s)

2018-12-12 11:35:57 - [MESSAGE][PASSED] - Delayed 2 second(s)

2018-12-12 11:35:57 - [TEST_STEP][PASSED] - sendKeys: Keys 'C:\Users\Public\Pictures\Sample Pictures\Koala.jpg' sent to object: 'Object Repository/Final Object Repo/Page_Update Employer Information/Page_Update Employer Information UO (Query -OTC -UO)/Uploading File'

2018-12-12 11:35:57 - [MESSAGE][PASSED] - Keys 'C:\Users\Public\Pictures\Sample Pictures\Koala.jpg' sent to object: 'Object Repository/Final Object Repo/Page_Update Employer Information/Page_Update Employer Information UO (Query -OTC -UO)/Uploading File'

2018-12-12 11:35:57 - [TEST_STEP][PASSED] - delay: Delayed 2 second(s)

2018-12-12 11:35:59 - [MESSAGE][PASSED] - Delayed 2 second(s)

2018-12-12 11:35:59 - [TEST_STEP][PASSED] - click: Object: 'Object Repository/Final Object Repo/Page_Update Employer Information/Page_Update Employer Information UO (Query -OTC -UO)/Add Document in Uploading Page' is clicked on

2018-12-12 11:35:59 - [MESSAGE][PASSED] - Object: 'Object Repository/Final Object Repo/Page_Update Employer Information/Page_Update Employer Information UO (Query -OTC -UO)/Add Document in Uploading Page' is clicked on

2018-12-12 11:35:59 - [TEST_STEP][PASSED] - delay: Delayed 2 second(s)

2018-12-12 11:36:01 - [MESSAGE][PASSED] - Delayed 2 second(s)

2018-12-12 11:36:01 - [TEST_STEP][PASSED] - click: Object: 'Object Repository/Final Object Repo/Page_Update Employer Information/Page_Update Employer Information UO (Query -OTC -UO)/Exit' is clicked on

2018-12-12 11:36:04 - [MESSAGE][PASSED] - Object: 'Object Repository/Final Object Repo/Page_Update Employer Information/Page_Update Employer Information UO (Query -OTC -UO)/Exit' is clicked on

2018-12-12 11:36:04 - [TEST_STEP][PASSED] - delay: Delayed 2 second(s)

2018-12-12 11:36:06 - [MESSAGE][PASSED] - Delayed 2 second(s)

2018-12-12 11:36:06 - [TEST_STEP][PASSED] - delay: Delayed 1 second(s)

2018-12-12 11:36:07 - [MESSAGE][PASSED] - Delayed 1 second(s)

2018-12-12 11:36:07 - [TEST_STEP][PASSED] - navigateToUrl: Navigate to 'https://assist2-uat.perkeso.gov.my/c/portal/logout' successfully

2018-12-12 11:36:08 - [MESSAGE][PASSED] - Navigate to 'https://assist2-uat.perkeso.gov.my/c/portal/logout' successfully

2018-12-12 11:36:08 - [TEST_STEP][PASSED] - delay: Delayed 1 second(s)

2018-12-12 11:36:09 - [MESSAGE][PASSED] - Delayed 1 second(s)

2018-12-12 11:36:09 - [TEST_STEP][PASSED] - callTestCase: Call Test Case 'Test Cases/Final Aug 2018 - PKS Automation/Registration Module/Workflow/Login and Search Case For Workflow' successfully

2018-12-12 11:36:09 - [TEST_CASE][PASSED] - Test Cases/Final Aug 2018 - PKS Automation/Registration Module/Workflow/Login and Search Case For Workflow: Test Cases/Final Aug 2018 - PKS Automation/Registration Module/Workflow/Login and Search Case For Workflow

2018-12-12 11:36:09 - [TEST_STEP][PASSED] - navigateToUrl: Navigate to 'https://assist2-uat.perkeso.gov.my/login' successfully

2018-12-12 11:36:09 - [MESSAGE][PASSED] - Navigate to 'https://assist2-uat.perkeso.gov.my/login' successfully

2018-12-12 11:36:09 - [TEST_STEP][PASSED] - setText: Text 'johoruo1@gmail.com' is set on object 'Object Repository/Final Object Repo/Login Page/Internal User/Email Address'

2018-12-12 11:36:10 - [MESSAGE][PASSED] - Text 'johoruo1@gmail.com' is set on object 'Object Repository/Final Object Repo/Login Page/Internal User/Email Address'

2018-12-12 11:36:10 - [TEST_STEP][PASSED] - click: Object: 'Object Repository/Final Object Repo/Login Page/Internal User/Next Button' is clicked on

2018-12-12 11:36:10 - [MESSAGE][PASSED] - Object: 'Object Repository/Final Object Repo/Login Page/Internal User/Next Button' is clicked on

2018-12-12 11:36:10 - [TEST_STEP][PASSED] - delay: Delayed 1 second(s)

2018-12-12 11:36:11 - [MESSAGE][PASSED] - Delayed 1 second(s)

2018-12-12 11:36:11 - [TEST_STEP][PASSED] - setEncryptedText: Text ****** has been set on object 'Object Repository/Final Object Repo/Login Page/Internal User/Password'

2018-12-12 11:36:11 - [MESSAGE][PASSED] - Text ****** has been set on object 'Object Repository/Final Object Repo/Login Page/Internal User/Password'

2018-12-12 11:36:11 - [TEST_STEP][PASSED] - click: Object: 'Object Repository/Final Object Repo/Login Page/Internal User/Login Button' is clicked on

2018-12-12 11:36:11 - [MESSAGE][PASSED] - Object: 'Object Repository/Final Object Repo/Login Page/Internal User/Login Button' is clicked on

2018-12-12 11:36:11 - [TEST_STEP][PASSED] - delay: Delayed 2 second(s)

2018-12-12 11:36:13 - [MESSAGE][PASSED] - Delayed 2 second(s)

2018-12-12 11:36:13 - [TEST_STEP][PASSED] - Statement - Try: Delayed 2 second(s)

2018-12-12 11:36:13 - [TEST_STEP][PASSED] - Statement - Checker = false: null

2018-12-12 11:36:13 - [TEST_STEP][PASSED] - Statement - Checker = com.kms.katalon.core.webui.keyword.WebUiBuiltInKeywords.verifyElementHasAttribute(com.kms.katalon.core.testobject.ObjectRepository.findTestObject(Final Object Repo/Landing Page/BM Detecting), "href", 20, OPTIONAL): Object 'Object Repository/Final Object Repo/Landing Page/BM Detecting' has attribute 'href'

2018-12-12 11:36:13 - [MESSAGE][PASSED] - Object 'Object Repository/Final Object Repo/Landing Page/BM Detecting' has attribute 'href'

2018-12-12 11:36:13 - [TEST_STEP][PASSED] - Statement - out.println(Checker): null

2018-12-12 11:36:13 - [TEST_STEP][PASSED] - Statement - If (Checker == false): null

2018-12-12 11:36:13 - [TEST_STEP][PASSED] - Statement - Else: null

2018-12-12 11:36:13 - [TEST_STEP][PASSED] - delay: Delayed 2 second(s)

2018-12-12 11:36:15 - [MESSAGE][PASSED] - Delayed 2 second(s)

2018-12-12 11:36:15 - [TEST_STEP][PASSED] - click: Object: 'Object Repository/Final Object Repo/Page_MyASSIST - ASSIST - Search Pending Case For Add Supporting Document/Search Information' is clicked on

2018-12-12 11:36:16 - [MESSAGE][PASSED] - Object: 'Object Repository/Final Object Repo/Page_MyASSIST - ASSIST - Search Pending Case For Add Supporting Document/Search Information' is clicked on

2018-12-12 11:36:16 - [TEST_STEP][PASSED] - delay: Delayed 3 second(s)

2018-12-12 11:36:19 - [MESSAGE][PASSED] - Delayed 3 second(s)

2018-12-12 11:36:19 - [TEST_STEP][PASSED] - sendKeys: Keys 'CUN122018C100005996' sent to object: 'Object Repository/Final Object Repo/Page_MyASSIST - ASSIST - Search Pending Case For Add Supporting Document/Reference No'

2018-12-12 11:36:19 - [MESSAGE][PASSED] - Keys 'CUN122018C100005996' sent to object: 'Object Repository/Final Object Repo/Page_MyASSIST - ASSIST - Search Pending Case For Add Supporting Document/Reference No'

2018-12-12 11:36:19 - [TEST_STEP][PASSED] - click: Object: 'Object Repository/Final Object Repo/Page_MyASSIST - ASSIST - Search Pending Case For Add Supporting Document/Search Reference No' is clicked on

2018-12-12 11:36:19 - [MESSAGE][PASSED] - Object: 'Object Repository/Final Object Repo/Page_MyASSIST - ASSIST - Search Pending Case For Add Supporting Document/Search Reference No' is clicked on

2018-12-12 11:36:19 - [TEST_STEP][PASSED] - delay: Delayed 2 second(s)

2018-12-12 11:36:21 - [MESSAGE][PASSED] - Delayed 2 second(s)

2018-12-12 11:36:21 - [TEST_STEP][PASSED] - click: Object: 'Object Repository/Final Object Repo/Page_MyASSIST - ASSIST - Search Pending Case For Add Supporting Document/Continue' is clicked on

2018-12-12 11:36:25 - [MESSAGE][PASSED] - Object: 'Object Repository/Final Object Repo/Page_MyASSIST - ASSIST - Search Pending Case For Add Supporting Document/Continue' is clicked on

2018-12-12 11:36:25 - [TEST_STEP][PASSED] - delay: Delayed 20 second(s)

2018-12-12 11:36:45 - [MESSAGE][PASSED] - Delayed 20 second(s)

2018-12-12 11:36:45 - [MESSAGE][PASSED] - Call Test Case 'Test Cases/Final Aug 2018 - PKS Automation/Registration Module/Workflow/Login and Search Case For Workflow' successfully

2018-12-12 11:36:45 - [TEST_STEP][PASSED] - click: Object: 'Object Repository/Final Object Repo/Page_Update Employer Information/Page_Update Employer Information UO (Approve)/Continue' is clicked on

2018-12-12 11:36:48 - [MESSAGE][PASSED] - Object: 'Object Repository/Final Object Repo/Page_Update Employer Information/Page_Update Employer Information UO (Approve)/Continue' is clicked on

2018-12-12 11:36:48 - [TEST_STEP][PASSED] - delay: Delayed 2 second(s)

2018-12-12 11:36:50 - [MESSAGE][PASSED] - Delayed 2 second(s)

2018-12-12 11:36:50 - [TEST_STEP][PASSED] - click: Object: 'Object Repository/Final Object Repo/Page_Update Employer Information/Page_Update Employer Information UO (Approve)/Save  Continue in Update Employer Information Page' is clicked on

2018-12-12 11:36:51 - [MESSAGE][PASSED] - Object: 'Object Repository/Final Object Repo/Page_Update Employer Information/Page_Update Employer Information UO (Approve)/Save  Continue in Update Employer Information Page' is clicked on

2018-12-12 11:36:51 - [TEST_STEP][PASSED] - delay: Delayed 2 second(s)

2018-12-12 11:36:53 - [MESSAGE][PASSED] - Delayed 2 second(s)

2018-12-12 11:36:53 - [TEST_STEP][PASSED] - click: Object: 'Object Repository/Final Object Repo/Page_Update Employer Information/Page_Update Employer Information UO (Approve)/Save  Continue in Uploading Supporting Document Page' is clicked on

2018-12-12 11:36:55 - [MESSAGE][PASSED] - Object: 'Object Repository/Final Object Repo/Page_Update Employer Information/Page_Update Employer Information UO (Approve)/Save  Continue in Uploading Supporting Document Page' is clicked on

2018-12-12 11:36:55 - [TEST_STEP][PASSED] - delay: Delayed 2 second(s)

2018-12-12 11:36:57 - [MESSAGE][PASSED] - Delayed 2 second(s)

2018-12-12 11:36:57 - [TEST_STEP][PASSED] - click: Object: 'Object Repository/Final Object Repo/Page_Update Employer Information/Page_Update Employer Information UO (Approve)/Approve' is clicked on

2018-12-12 11:36:59 - [MESSAGE][PASSED] - Object: 'Object Repository/Final Object Repo/Page_Update Employer Information/Page_Update Employer Information UO (Approve)/Approve' is clicked on

2018-12-12 11:36:59 - [TEST_STEP][PASSED] - delay: Delayed 2 second(s)

2018-12-12 11:37:01 - [MESSAGE][PASSED] - Delayed 2 second(s)

2018-12-12 11:37:01 - [TEST_STEP][PASSED] - click: Object: 'Object Repository/Final Object Repo/Page_Update Employer Information/Page_Update Employer Information UO (Approve)/Confirm' is clicked on

2018-12-12 11:37:01 - [MESSAGE][PASSED] - Object: 'Object Repository/Final Object Repo/Page_Update Employer Information/Page_Update Employer Information UO (Approve)/Confirm' is clicked on

2018-12-12 11:37:01 - [TEST_STEP][PASSED] - delay: Delayed 2 second(s)

2018-12-12 11:37:03 - [MESSAGE][PASSED] - Delayed 2 second(s)

2018-12-12 11:37:03 - [TEST_STEP][PASSED] - verifyElementVisible: Object 'Object Repository/Final Object Repo/Page_Update Employer Information/Page_Update Employer Information UO (Approve)/Message Your Request' is visible

2018-12-12 11:37:11 - [MESSAGE][PASSED] - Object 'Object Repository/Final Object Repo/Page_Update Employer Information/Page_Update Employer Information UO (Approve)/Message Your Request' is visible

2018-12-12 11:37:11 - [TEST_STEP][PASSED] - verifyElementVisible: Object 'Object Repository/Final Object Repo/Page_Update Employer Information/Page_Update Employer Information UO (Approve)/Letter of successful update' is visible

2018-12-12 11:37:11 - [MESSAGE][PASSED] - Object 'Object Repository/Final Object Repo/Page_Update Employer Information/Page_Update Employer Information UO (Approve)/Letter of successful update' is visible

2018-12-12 11:37:11 - [MESSAGE][PASSED] - Call Test Case 'Test Cases/Final Aug 2018 - PKS Automation/Registration Module/Workflow/Update Employer Information/Template/Update Employer Information - Special Case - UO (Query)' successfully]]></system-out>
         <system-err><![CDATA[]]></system-err>
      </testcase>
      <testcase name="Test Cases/Final Aug 2018 - PKS Automation/Registration Module/Workflow/Update Employer Information/Employer - UO (Reject)" classname="Test Cases/Final Aug 2018 - PKS Automation/Registration Module/Workflow/Update Employer Information/Employer - UO (Reject)" status="PASSED">
         <system-out><![CDATA[2018-12-12 11:37:11 - [TEST_CASE][PASSED] - Test Cases/Final Aug 2018 - PKS Automation/Registration Module/Workflow/Update Employer Information/Employer - UO (Reject): Test Cases/Final Aug 2018 - PKS Automation/Registration Module/Workflow/Update Employer Information/Employer - UO (Reject)

2018-12-12 11:37:11 - [TEST_STEP][PASSED] - callTestCase: Call Test Case 'Test Cases/Final Aug 2018 - PKS Automation/Registration Module/Workflow/Update Employer Information/Template/Update Employer Information - Special Case (Employer)' successfully

2018-12-12 11:37:11 - [TEST_CASE][PASSED] - Test Cases/Final Aug 2018 - PKS Automation/Registration Module/Workflow/Update Employer Information/Template/Update Employer Information - Special Case (Employer): Test Cases/Final Aug 2018 - PKS Automation/Registration Module/Workflow/Update Employer Information/Template/Update Employer Information - Special Case (Employer)

2018-12-12 11:37:11 - [TEST_STEP][PASSED] - callTestCase: Call Test Case 'Test Cases/Final Aug 2018 - PKS Automation/Create Employer Acc/Login to Employer Account (Second time)' successfully

2018-12-12 11:37:11 - [TEST_CASE][PASSED] - Test Cases/Final Aug 2018 - PKS Automation/Create Employer Acc/Login to Employer Account (Second time): Test Cases/Final Aug 2018 - PKS Automation/Create Employer Acc/Login to Employer Account (Second time)

2018-12-12 11:37:11 - [TEST_STEP][PASSED] - openBrowser: Browser is opened with url: ''

2018-12-12 11:37:11 - [MESSAGE][WARNING] - A browser is already opened. Closing browser and opening a new one

2018-12-12 11:37:15 - [MESSAGE][PASSED] - Browser is opened with url: ''

2018-12-12 11:37:15 - [TEST_STEP][PASSED] - navigateToUrl: Navigate to 'https://assist2-uat.perkeso.gov.my/employer/login' successfully

2018-12-12 11:37:16 - [MESSAGE][PASSED] - Navigate to 'https://assist2-uat.perkeso.gov.my/employer/login' successfully

2018-12-12 11:37:16 - [TEST_STEP][PASSED] - delay: Delayed 3 second(s)

2018-12-12 11:37:19 - [MESSAGE][PASSED] - Delayed 3 second(s)

2018-12-12 11:37:19 - [TEST_STEP][PASSED] - callTestCase: Call Test Case 'Test Cases/Final Aug 2018 - PKS Automation/Create Employer Acc/Template/Employer Email Getter' successfully

2018-12-12 11:37:19 - [TEST_CASE][PASSED] - Test Cases/Final Aug 2018 - PKS Automation/Create Employer Acc/Template/Employer Email Getter: Test Cases/Final Aug 2018 - PKS Automation/Create Employer Acc/Template/Employer Email Getter

2018-12-12 11:37:19 - [TEST_STEP][PASSED] - Statement - Try: null

2018-12-12 11:37:19 - [TEST_STEP][PASSED] - Statement - EmpEmail = new java.io.File(C://Users//Admin//Desktop//PKS//Automation Reference Point//EmpEmail.txt): null

2018-12-12 11:37:19 - [TEST_STEP][PASSED] - Statement - bufferread = new java.io.BufferedReader(new java.io.FileReader(EmpEmail)): null

2018-12-12 11:37:19 - [TEST_STEP][PASSED] - Statement - readedVal = bufferread.readLine(): null

2018-12-12 11:37:19 - [TEST_STEP][PASSED] - Statement - out.println(readedVal): null

2018-12-12 11:37:19 - [TEST_STEP][PASSED] - Statement - Email = readedVal: null

2018-12-12 11:37:19 - [MESSAGE][PASSED] - Call Test Case 'Test Cases/Final Aug 2018 - PKS Automation/Create Employer Acc/Template/Employer Email Getter' successfully

2018-12-12 11:37:19 - [TEST_STEP][PASSED] - setText: Text 'perkeso841257523203@gmail.com' is set on object 'Object Repository/Final Object Repo/Login Page/External Login Page/Email'

2018-12-12 11:37:20 - [MESSAGE][PASSED] - Text 'perkeso841257523203@gmail.com' is set on object 'Object Repository/Final Object Repo/Login Page/External Login Page/Email'

2018-12-12 11:37:20 - [TEST_STEP][PASSED] - click: Object: 'Object Repository/Final Object Repo/Login Page/External Login Page/Next' is clicked on

2018-12-12 11:37:20 - [MESSAGE][PASSED] - Object: 'Object Repository/Final Object Repo/Login Page/External Login Page/Next' is clicked on

2018-12-12 11:37:20 - [TEST_STEP][PASSED] - delay: Delayed 3 second(s)

2018-12-12 11:37:23 - [MESSAGE][PASSED] - Delayed 3 second(s)

2018-12-12 11:37:23 - [TEST_STEP][PASSED] - setEncryptedText: Text ****** has been set on object 'Object Repository/Final Object Repo/Login Page/External Login Page/Password'

2018-12-12 11:37:23 - [MESSAGE][PASSED] - Text ****** has been set on object 'Object Repository/Final Object Repo/Login Page/External Login Page/Password'

2018-12-12 11:37:23 - [TEST_STEP][PASSED] - click: Object: 'Object Repository/Final Object Repo/Login Page/External Login Page/Login' is clicked on

2018-12-12 11:37:23 - [MESSAGE][PASSED] - Object: 'Object Repository/Final Object Repo/Login Page/External Login Page/Login' is clicked on

2018-12-12 11:37:23 - [TEST_STEP][PASSED] - delay: Delayed 5 second(s)

2018-12-12 11:37:28 - [MESSAGE][PASSED] - Delayed 5 second(s)

2018-12-12 11:37:28 - [MESSAGE][PASSED] - Call Test Case 'Test Cases/Final Aug 2018 - PKS Automation/Create Employer Acc/Login to Employer Account (Second time)' successfully

2018-12-12 11:37:28 - [TEST_STEP][PASSED] - Statement - tester = com.kms.katalon.core.testobject.ObjectRepository.findTestObject(Final Object Repo/Landing Page/Select to English): Finding Test Object with id 'Object Repository/Final Object Repo/Landing Page/Select to English'

2018-12-12 11:37:28 - [TEST_STEP][PASSED] - Statement - Try: Delayed 2 second(s)

2018-12-12 11:37:28 - [TEST_STEP][PASSED] - Statement - Checker = com.kms.katalon.core.webui.keyword.WebUiBuiltInKeywords.verifyElementNotPresent(tester, 3): Web element with id: 'Object Repository/Final Object Repo/Landing Page/Select to English' located by 'By.xpath: //a[@class = 'taglib-language-list-text' and @lang = 'en-US' and (contains(text(), 'EN') or contains(., 'EN'))]' is not present after '3' second(s)

2018-12-12 11:37:29 - [MESSAGE][PASSED] - Web element with id: 'Object Repository/Final Object Repo/Landing Page/Select to English' located by 'By.xpath: //a[@class = 'taglib-language-list-text' and @lang = 'en-US' and (contains(text(), 'EN') or contains(., 'EN'))]' is not present after '3' second(s)

2018-12-12 11:37:29 - [TEST_STEP][PASSED] - Statement - If (Checker == false): null

2018-12-12 11:37:29 - [TEST_STEP][PASSED] - delay: Delayed 2 second(s)

2018-12-12 11:37:31 - [MESSAGE][PASSED] - Delayed 2 second(s)

2018-12-12 11:37:31 - [TEST_STEP][PASSED] - delay: Delayed 5 second(s)

2018-12-12 11:37:36 - [MESSAGE][PASSED] - Delayed 5 second(s)

2018-12-12 11:37:36 - [TEST_STEP][PASSED] - navigateToUrl: Navigate to 'https://assist2-uat.perkeso.gov.my/web/registration/update/update-employer-information' successfully

2018-12-12 11:37:37 - [MESSAGE][PASSED] - Navigate to 'https://assist2-uat.perkeso.gov.my/web/registration/update/update-employer-information' successfully

2018-12-12 11:37:37 - [TEST_STEP][PASSED] - click: Object: 'Object Repository/Final Object Repo/Page_Update Employer Information/Edit Button' is clicked on

2018-12-12 11:37:39 - [MESSAGE][PASSED] - Object: 'Object Repository/Final Object Repo/Page_Update Employer Information/Edit Button' is clicked on

2018-12-12 11:37:39 - [TEST_STEP][PASSED] - click: Object: 'Object Repository/Final Object Repo/Page_Update Employer Information/Business Entity' is clicked on

2018-12-12 11:37:40 - [MESSAGE][PASSED] - Object: 'Object Repository/Final Object Repo/Page_Update Employer Information/Business Entity' is clicked on

2018-12-12 11:37:40 - [TEST_STEP][PASSED] - Statement - CurrentBusinessEntity = "": null

2018-12-12 11:37:40 - [TEST_STEP][PASSED] - Statement - CurrentBusinessEntity = com.kms.katalon.core.webui.keyword.WebUiBuiltInKeywords.getText(com.kms.katalon.core.testobject.ObjectRepository.findTestObject(Final Object Repo/Page_Update Employer Information/Current Business Entity)): Text of object 'Object Repository/Final Object Repo/Page_Update Employer Information/Current Business Entity' is: 'Sole Proprietor / Individual Business'

2018-12-12 11:37:40 - [MESSAGE][PASSED] - Text of object 'Object Repository/Final Object Repo/Page_Update Employer Information/Current Business Entity' is: 'Sole Proprietor / Individual Business'

2018-12-12 11:37:40 - [TEST_STEP][PASSED] - Statement - out.println(CurrentBusinessEntity): null

2018-12-12 11:37:40 - [TEST_STEP][PASSED] - Statement - If (CurrentBusinessEntity == "Corporation"): null

2018-12-12 11:37:40 - [TEST_STEP][PASSED] - Statement - Else If (CurrentBusinessEntity == "Partnership"): null

2018-12-12 11:37:40 - [TEST_STEP][PASSED] - Statement - Else If (CurrentBusinessEntity == "Sole Proprietor / Individual Business"): Delayed 3 second(s)

2018-12-12 11:37:40 - [TEST_STEP][PASSED] - Statement - obj = com.kms.katalon.core.webui.keyword.WebUiBuiltInKeywords.modifyObjectProperty(com.kms.katalon.core.testobject.ObjectRepository.findTestObject(Final Object Repo/Page_Update Employer Information/change to this Business Entity), "xpath", "equals", "//ul/li/span[contains(text(),"Others")]", true, STOP_ON_FAILURE): Modify property of object successfully

2018-12-12 11:37:40 - [MESSAGE][PASSED] - Modify property of object successfully

2018-12-12 11:37:40 - [TEST_STEP][PASSED] - click: Object: 'Object Repository/Final Object Repo/Page_Update Employer Information/change to this Business Entity' is clicked on

2018-12-12 11:37:40 - [MESSAGE][PASSED] - Object: 'Object Repository/Final Object Repo/Page_Update Employer Information/change to this Business Entity' is clicked on

2018-12-12 11:37:40 - [TEST_STEP][PASSED] - delay: Delayed 1 second(s)

2018-12-12 11:37:41 - [MESSAGE][PASSED] - Delayed 1 second(s)

2018-12-12 11:37:41 - [TEST_STEP][PASSED] - click: Object: 'Object Repository/Final Object Repo/Page_Update Employer Information/Sub Business Entity' is clicked on

2018-12-12 11:37:41 - [MESSAGE][PASSED] - Object: 'Object Repository/Final Object Repo/Page_Update Employer Information/Sub Business Entity' is clicked on

2018-12-12 11:37:41 - [TEST_STEP][PASSED] - click: Object: 'Object Repository/Final Object Repo/Page_Update Employer Information/Sub Business Entity List - Others - Federal Government Agency' is clicked on

2018-12-12 11:37:41 - [MESSAGE][PASSED] - Object: 'Object Repository/Final Object Repo/Page_Update Employer Information/Sub Business Entity List - Others - Federal Government Agency' is clicked on

2018-12-12 11:37:41 - [TEST_STEP][PASSED] - delay: Delayed 1 second(s)

2018-12-12 11:37:42 - [MESSAGE][PASSED] - Delayed 1 second(s)

2018-12-12 11:37:42 - [TEST_STEP][PASSED] - click: Object: 'Object Repository/Final Object Repo/Page_Update Employer Information/Sub Business Entity List' is clicked on

2018-12-12 11:37:43 - [MESSAGE][PASSED] - Object: 'Object Repository/Final Object Repo/Page_Update Employer Information/Sub Business Entity List' is clicked on

2018-12-12 11:37:43 - [TEST_STEP][PASSED] - click: Object: 'Object Repository/Final Object Repo/Page_Update Employer Information/Sub Business Entity - Others - Federal Government Agency - Kementerian' is clicked on

2018-12-12 11:37:43 - [MESSAGE][PASSED] - Object: 'Object Repository/Final Object Repo/Page_Update Employer Information/Sub Business Entity - Others - Federal Government Agency - Kementerian' is clicked on

2018-12-12 11:37:43 - [TEST_STEP][PASSED] - delay: Delayed 3 second(s)

2018-12-12 11:37:46 - [MESSAGE][PASSED] - Delayed 3 second(s)

2018-12-12 11:37:46 - [TEST_STEP][PASSED] - delay: Delayed 4 second(s)

2018-12-12 11:37:50 - [MESSAGE][PASSED] - Delayed 4 second(s)

2018-12-12 11:37:50 - [TEST_STEP][PASSED] - click: Object: 'Object Repository/Final Object Repo/Page_Update Employer Information/Save  Continue' is clicked on

2018-12-12 11:37:50 - [MESSAGE][PASSED] - Object: 'Object Repository/Final Object Repo/Page_Update Employer Information/Save  Continue' is clicked on

2018-12-12 11:37:50 - [TEST_STEP][PASSED] - delay: Delayed 4 second(s)

2018-12-12 11:37:54 - [MESSAGE][PASSED] - Delayed 4 second(s)

2018-12-12 11:37:54 - [TEST_STEP][PASSED] - click: Object: 'Object Repository/Final Object Repo/Page_Update Employer Information/Save  Continue (1)' is clicked on

2018-12-12 11:37:54 - [MESSAGE][PASSED] - Object: 'Object Repository/Final Object Repo/Page_Update Employer Information/Save  Continue (1)' is clicked on

2018-12-12 11:37:54 - [TEST_STEP][PASSED] - delay: Delayed 4 second(s)

2018-12-12 11:37:58 - [MESSAGE][PASSED] - Delayed 4 second(s)

2018-12-12 11:37:58 - [TEST_STEP][PASSED] - Statement - CaseReferenceNo = com.kms.katalon.core.webui.keyword.WebUiBuiltInKeywords.getText(com.kms.katalon.core.testobject.ObjectRepository.findTestObject(Final Object Repo/Page_Update Employer Information/Reference Number in Update Employee Information Page)): Text of object 'Object Repository/Final Object Repo/Page_Update Employer Information/Reference Number in Update Employee Information Page' is: 'CUN122018C100005997'

2018-12-12 11:37:58 - [MESSAGE][PASSED] - Text of object 'Object Repository/Final Object Repo/Page_Update Employer Information/Reference Number in Update Employee Information Page' is: 'CUN122018C100005997'

2018-12-12 11:37:58 - [TEST_STEP][PASSED] - callTestCase: Call Test Case 'Test Cases/Final Aug 2018 - PKS Automation/Common/Reference Number Setter' successfully

2018-12-12 11:37:58 - [TEST_CASE][PASSED] - Test Cases/Final Aug 2018 - PKS Automation/Common/Reference Number Setter: Test Cases/Final Aug 2018 - PKS Automation/Common/Reference Number Setter

2018-12-12 11:37:58 - [TEST_STEP][PASSED] - Statement - RefNoOldFile = new java.io.File(C://Users//Admin//Desktop//PKS//Automation Reference Point//KatalonReference.txt): null

2018-12-12 11:37:58 - [TEST_STEP][PASSED] - Statement - RefNoOldFile.delete(): null

2018-12-12 11:37:58 - [TEST_STEP][PASSED] - delay: Delayed 5 second(s)

2018-12-12 11:38:03 - [MESSAGE][PASSED] - Delayed 5 second(s)

2018-12-12 11:38:03 - [TEST_STEP][PASSED] - Statement - RefNo = new java.io.File(C://Users//Admin//Desktop//PKS//Automation Reference Point//KatalonReference.txt): null

2018-12-12 11:38:03 - [TEST_STEP][PASSED] - Statement - f2 = new java.io.FileWriter(RefNo, false): null

2018-12-12 11:38:03 - [TEST_STEP][PASSED] - Statement - f2.write(CaseReferenceNo): null

2018-12-12 11:38:03 - [TEST_STEP][PASSED] - Statement - f2.close(): null

2018-12-12 11:38:03 - [TEST_STEP][PASSED] - Statement - out.println("


" + CaseReferenceNo + "


"): null

2018-12-12 11:38:03 - [MESSAGE][PASSED] - Call Test Case 'Test Cases/Final Aug 2018 - PKS Automation/Common/Reference Number Setter' successfully

2018-12-12 11:38:03 - [TEST_STEP][PASSED] - delay: Delayed 4 second(s)

2018-12-12 11:38:07 - [MESSAGE][PASSED] - Delayed 4 second(s)

2018-12-12 11:38:07 - [TEST_STEP][PASSED] - click: Object: 'Object Repository/Final Object Repo/Page_Update Employer Information/Submit - Copy' is clicked on

2018-12-12 11:38:07 - [MESSAGE][PASSED] - Object: 'Object Repository/Final Object Repo/Page_Update Employer Information/Submit - Copy' is clicked on

2018-12-12 11:38:07 - [TEST_STEP][PASSED] - delay: Delayed 2 second(s)

2018-12-12 11:38:09 - [MESSAGE][PASSED] - Delayed 2 second(s)

2018-12-12 11:38:09 - [TEST_STEP][PASSED] - click: Object: 'Object Repository/Final Object Repo/Page_Update Employer Information/Confirm' is clicked on

2018-12-12 11:38:10 - [MESSAGE][PASSED] - Object: 'Object Repository/Final Object Repo/Page_Update Employer Information/Confirm' is clicked on

2018-12-12 11:38:10 - [TEST_STEP][PASSED] - delay: Delayed 2 second(s)

2018-12-12 11:38:12 - [MESSAGE][PASSED] - Delayed 2 second(s)

2018-12-12 11:38:12 - [TEST_STEP][PASSED] - click: Object: 'Object Repository/Final Object Repo/Page_Update Employer Information/Message Your Request will be route' is clicked on

2018-12-12 11:38:15 - [MESSAGE][PASSED] - Object: 'Object Repository/Final Object Repo/Page_Update Employer Information/Message Your Request will be route' is clicked on

2018-12-12 11:38:15 - [MESSAGE][PASSED] - Call Test Case 'Test Cases/Final Aug 2018 - PKS Automation/Registration Module/Workflow/Update Employer Information/Template/Update Employer Information - Special Case (Employer)' successfully

2018-12-12 11:38:15 - [TEST_STEP][PASSED] - callTestCase: Call Test Case 'Test Cases/Final Aug 2018 - PKS Automation/Registration Module/Workflow/Update Employer Information/Template/Update Employer Information - Special Case - UO (Reject)' successfully

2018-12-12 11:38:16 - [TEST_CASE][PASSED] - Test Cases/Final Aug 2018 - PKS Automation/Registration Module/Workflow/Update Employer Information/Template/Update Employer Information - Special Case - UO (Reject): Test Cases/Final Aug 2018 - PKS Automation/Registration Module/Workflow/Update Employer Information/Template/Update Employer Information - Special Case - UO (Reject)

2018-12-12 11:38:16 - [TEST_STEP][NOT_RUN] - callTestCase: NOT_RUN: callTestCase

2018-12-12 11:38:16 - [MESSAGE][NOT_RUN] - NOT_RUN: callTestCase

2018-12-12 11:38:16 - [TEST_STEP][PASSED] - delay: Delayed 1 second(s)

2018-12-12 11:38:17 - [MESSAGE][PASSED] - Delayed 1 second(s)

2018-12-12 11:38:17 - [TEST_STEP][PASSED] - navigateToUrl: Navigate to 'https://assist2-uat.perkeso.gov.my/c/portal/logout' successfully

2018-12-12 11:38:18 - [MESSAGE][PASSED] - Navigate to 'https://assist2-uat.perkeso.gov.my/c/portal/logout' successfully

2018-12-12 11:38:18 - [TEST_STEP][PASSED] - delay: Delayed 1 second(s)

2018-12-12 11:38:19 - [MESSAGE][PASSED] - Delayed 1 second(s)

2018-12-12 11:38:19 - [TEST_STEP][PASSED] - callTestCase: Call Test Case 'Test Cases/Final Aug 2018 - PKS Automation/Common/Reference Number Getter' successfully

2018-12-12 11:38:19 - [TEST_CASE][PASSED] - Test Cases/Final Aug 2018 - PKS Automation/Common/Reference Number Getter: Test Cases/Final Aug 2018 - PKS Automation/Common/Reference Number Getter

2018-12-12 11:38:19 - [TEST_STEP][PASSED] - Statement - Try: null

2018-12-12 11:38:19 - [TEST_STEP][PASSED] - Statement - RefNo = new java.io.File(C://Users//Admin//Desktop//PKS//Automation Reference Point//KatalonReference.txt): null

2018-12-12 11:38:19 - [TEST_STEP][PASSED] - Statement - bufferread = new java.io.BufferedReader(new java.io.FileReader(RefNo)): null

2018-12-12 11:38:19 - [TEST_STEP][PASSED] - Statement - readedVal = bufferread.readLine(): null

2018-12-12 11:38:19 - [TEST_STEP][PASSED] - Statement - out.println(CaseReferenceNo): null

2018-12-12 11:38:19 - [TEST_STEP][PASSED] - Statement - out.println(readedVal): null

2018-12-12 11:38:19 - [TEST_STEP][PASSED] - Statement - CaseReferenceNo = "": null

2018-12-12 11:38:19 - [TEST_STEP][PASSED] - Statement - CaseReferenceNo = readedVal: null

2018-12-12 11:38:19 - [MESSAGE][PASSED] - Call Test Case 'Test Cases/Final Aug 2018 - PKS Automation/Common/Reference Number Getter' successfully

2018-12-12 11:38:19 - [TEST_STEP][PASSED] - callTestCase: Call Test Case 'Test Cases/Final Aug 2018 - PKS Automation/Common/Workflow Owner Finder' successfully

2018-12-12 11:38:19 - [TEST_CASE][PASSED] - Test Cases/Final Aug 2018 - PKS Automation/Common/Workflow Owner Finder: Test Cases/Final Aug 2018 - PKS Automation/Common/Workflow Owner Finder

2018-12-12 11:38:19 - [TEST_STEP][PASSED] - openBrowser: Browser is opened with url: ''

2018-12-12 11:38:19 - [MESSAGE][WARNING] - A browser is already opened. Closing browser and opening a new one

2018-12-12 11:38:23 - [MESSAGE][PASSED] - Browser is opened with url: ''

2018-12-12 11:38:23 - [TEST_STEP][PASSED] - navigateToUrl: Navigate to 'https://assist2-uat.perkeso.gov.my/login' successfully

2018-12-12 11:38:24 - [MESSAGE][PASSED] - Navigate to 'https://assist2-uat.perkeso.gov.my/login' successfully

2018-12-12 11:38:24 - [TEST_STEP][PASSED] - delay: Delayed 5 second(s)

2018-12-12 11:38:29 - [MESSAGE][PASSED] - Delayed 5 second(s)

2018-12-12 11:38:29 - [TEST_STEP][PASSED] - setText: Text 'test@liferay.com' is set on object 'Object Repository/Final Object Repo/Login Page/Internal User/Email Address'

2018-12-12 11:38:29 - [MESSAGE][PASSED] - Text 'test@liferay.com' is set on object 'Object Repository/Final Object Repo/Login Page/Internal User/Email Address'

2018-12-12 11:38:29 - [TEST_STEP][PASSED] - click: Object: 'Object Repository/Final Object Repo/Login Page/Internal User/Next Button' is clicked on

2018-12-12 11:38:29 - [MESSAGE][PASSED] - Object: 'Object Repository/Final Object Repo/Login Page/Internal User/Next Button' is clicked on

2018-12-12 11:38:29 - [TEST_STEP][PASSED] - delay: Delayed 2 second(s)

2018-12-12 11:38:31 - [MESSAGE][PASSED] - Delayed 2 second(s)

2018-12-12 11:38:31 - [TEST_STEP][PASSED] - setText: Text 'test' is set on object 'Object Repository/Final Object Repo/Login Page/Internal User/Password'

2018-12-12 11:38:31 - [MESSAGE][PASSED] - Text 'test' is set on object 'Object Repository/Final Object Repo/Login Page/Internal User/Password'

2018-12-12 11:38:31 - [TEST_STEP][PASSED] - delay: Delayed 2 second(s)

2018-12-12 11:38:33 - [MESSAGE][PASSED] - Delayed 2 second(s)

2018-12-12 11:38:33 - [TEST_STEP][PASSED] - click: Object: 'Object Repository/Final Object Repo/Login Page/Internal User/Login Button' is clicked on

2018-12-12 11:38:34 - [MESSAGE][PASSED] - Object: 'Object Repository/Final Object Repo/Login Page/Internal User/Login Button' is clicked on

2018-12-12 11:38:34 - [TEST_STEP][PASSED] - Statement - tester = com.kms.katalon.core.testobject.ObjectRepository.findTestObject(Final Object Repo/Landing Page/Select to English): Finding Test Object with id 'Object Repository/Final Object Repo/Landing Page/Select to English'

2018-12-12 11:38:34 - [TEST_STEP][PASSED] - Statement - Try: Delayed 2 second(s)

2018-12-12 11:38:34 - [TEST_STEP][PASSED] - Statement - Checker = com.kms.katalon.core.webui.keyword.WebUiBuiltInKeywords.verifyElementNotPresent(tester, 3): Web element with id: 'Object Repository/Final Object Repo/Landing Page/Select to English' located by 'By.xpath: //a[@class = 'taglib-language-list-text' and @lang = 'en-US' and (contains(text(), 'EN') or contains(., 'EN'))]' is not present after '3' second(s)

2018-12-12 11:38:36 - [MESSAGE][PASSED] - Web element with id: 'Object Repository/Final Object Repo/Landing Page/Select to English' located by 'By.xpath: //a[@class = 'taglib-language-list-text' and @lang = 'en-US' and (contains(text(), 'EN') or contains(., 'EN'))]' is not present after '3' second(s)

2018-12-12 11:38:36 - [TEST_STEP][PASSED] - Statement - If (Checker == false): null

2018-12-12 11:38:36 - [TEST_STEP][PASSED] - delay: Delayed 2 second(s)

2018-12-12 11:38:38 - [MESSAGE][PASSED] - Delayed 2 second(s)

2018-12-12 11:38:38 - [TEST_STEP][PASSED] - delay: Delayed 5 second(s)

2018-12-12 11:38:43 - [MESSAGE][PASSED] - Delayed 5 second(s)

2018-12-12 11:38:43 - [TEST_STEP][PASSED] - mouseOver: Object: 'Object Repository/Final Object Repo/Landing Page/WorkFlow Menu' is hovered

2018-12-12 11:38:43 - [MESSAGE][PASSED] - Object: 'Object Repository/Final Object Repo/Landing Page/WorkFlow Menu' is hovered

2018-12-12 11:38:43 - [TEST_STEP][PASSED] - delay: Delayed 2 second(s)

2018-12-12 11:38:45 - [MESSAGE][PASSED] - Delayed 2 second(s)

2018-12-12 11:38:45 - [TEST_STEP][PASSED] - click: Object: 'Object Repository/Final Object Repo/Landing Page/Select to Workflow Listing' is clicked on

2018-12-12 11:38:46 - [MESSAGE][PASSED] - Object: 'Object Repository/Final Object Repo/Landing Page/Select to Workflow Listing' is clicked on

2018-12-12 11:38:46 - [TEST_STEP][PASSED] - delay: Delayed 2 second(s)

2018-12-12 11:38:48 - [MESSAGE][PASSED] - Delayed 2 second(s)

2018-12-12 11:38:48 - [TEST_STEP][PASSED] - click: Object: 'Object Repository/Final Object Repo/WorkFlow Listing Page/Search Information - To Put Ref No' is clicked on

2018-12-12 11:38:48 - [MESSAGE][PASSED] - Object: 'Object Repository/Final Object Repo/WorkFlow Listing Page/Search Information - To Put Ref No' is clicked on

2018-12-12 11:38:48 - [TEST_STEP][PASSED] - delay: Delayed 2 second(s)

2018-12-12 11:38:50 - [MESSAGE][PASSED] - Delayed 2 second(s)

2018-12-12 11:38:50 - [TEST_STEP][PASSED] - callTestCase: Call Test Case 'Test Cases/Final Aug 2018 - PKS Automation/Common/Reference Number Getter' successfully

2018-12-12 11:38:50 - [TEST_CASE][PASSED] - Test Cases/Final Aug 2018 - PKS Automation/Common/Reference Number Getter: Test Cases/Final Aug 2018 - PKS Automation/Common/Reference Number Getter

2018-12-12 11:38:50 - [TEST_STEP][PASSED] - Statement - Try: null

2018-12-12 11:38:50 - [TEST_STEP][PASSED] - Statement - RefNo = new java.io.File(C://Users//Admin//Desktop//PKS//Automation Reference Point//KatalonReference.txt): null

2018-12-12 11:38:50 - [TEST_STEP][PASSED] - Statement - bufferread = new java.io.BufferedReader(new java.io.FileReader(RefNo)): null

2018-12-12 11:38:50 - [TEST_STEP][PASSED] - Statement - readedVal = bufferread.readLine(): null

2018-12-12 11:38:50 - [TEST_STEP][PASSED] - Statement - out.println(CaseReferenceNo): null

2018-12-12 11:38:50 - [TEST_STEP][PASSED] - Statement - out.println(readedVal): null

2018-12-12 11:38:50 - [TEST_STEP][PASSED] - Statement - CaseReferenceNo = "": null

2018-12-12 11:38:50 - [TEST_STEP][PASSED] - Statement - CaseReferenceNo = readedVal: null

2018-12-12 11:38:50 - [MESSAGE][PASSED] - Call Test Case 'Test Cases/Final Aug 2018 - PKS Automation/Common/Reference Number Getter' successfully

2018-12-12 11:38:50 - [TEST_STEP][PASSED] - setText: Text 'CUN122018C100005997' is set on object 'Object Repository/Final Object Repo/WorkFlow Listing Page/Ref No Set Text'

2018-12-12 11:38:50 - [MESSAGE][PASSED] - Text 'CUN122018C100005997' is set on object 'Object Repository/Final Object Repo/WorkFlow Listing Page/Ref No Set Text'

2018-12-12 11:38:50 - [TEST_STEP][PASSED] - delay: Delayed 2 second(s)

2018-12-12 11:38:52 - [MESSAGE][PASSED] - Delayed 2 second(s)

2018-12-12 11:38:52 - [TEST_STEP][PASSED] - click: Object: 'Object Repository/Final Object Repo/WorkFlow Listing Page/Search Ref No Search Button' is clicked on

2018-12-12 11:38:53 - [MESSAGE][PASSED] - Object: 'Object Repository/Final Object Repo/WorkFlow Listing Page/Search Ref No Search Button' is clicked on

2018-12-12 11:38:53 - [TEST_STEP][PASSED] - delay: Delayed 6 second(s)

2018-12-12 11:38:59 - [MESSAGE][PASSED] - Delayed 6 second(s)

2018-12-12 11:38:59 - [TEST_STEP][PASSED] - click: Object: 'Object Repository/Final Object Repo/WorkFlow Listing Page/Click Continue Tooltip' is clicked on

2018-12-12 11:38:59 - [MESSAGE][PASSED] - Object: 'Object Repository/Final Object Repo/WorkFlow Listing Page/Click Continue Tooltip' is clicked on

2018-12-12 11:38:59 - [TEST_STEP][PASSED] - delay: Delayed 5 second(s)

2018-12-12 11:39:04 - [MESSAGE][PASSED] - Delayed 5 second(s)

2018-12-12 11:39:04 - [TEST_STEP][PASSED] - doubleClick: Object: 'Object Repository/Final Object Repo/WorkFlow Listing Page/Workflow Found - Listing 1' is double clicked on

2018-12-12 11:39:05 - [MESSAGE][PASSED] - Object: 'Object Repository/Final Object Repo/WorkFlow Listing Page/Workflow Found - Listing 1' is double clicked on

2018-12-12 11:39:05 - [TEST_STEP][PASSED] - Statement - println(OwnerID): null

2018-12-12 11:39:05 - [TEST_STEP][PASSED] - Statement - OwnerID = com.kms.katalon.core.webui.keyword.WebUiBuiltInKeywords.getText(com.kms.katalon.core.testobject.ObjectRepository.findTestObject(Final Object Repo/WorkFlow Listing Page/Workflow Found - Listing 1), STOP_ON_FAILURE): Text of object 'Object Repository/Final Object Repo/WorkFlow Listing Page/Workflow Found - Listing 1' is: 'JOHORuo2'

2018-12-12 11:39:05 - [MESSAGE][PASSED] - Text of object 'Object Repository/Final Object Repo/WorkFlow Listing Page/Workflow Found - Listing 1' is: 'JOHORuo2'

2018-12-12 11:39:05 - [TEST_STEP][PASSED] - Statement - OwnerID = OwnerID.toLowerCase() + "@gmail.com": null

2018-12-12 11:39:05 - [TEST_STEP][PASSED] - Statement - println(OwnerID): null

2018-12-12 11:39:05 - [TEST_STEP][PASSED] - delay: Delayed 2 second(s)

2018-12-12 11:39:07 - [MESSAGE][PASSED] - Delayed 2 second(s)

2018-12-12 11:39:07 - [MESSAGE][PASSED] - Call Test Case 'Test Cases/Final Aug 2018 - PKS Automation/Common/Workflow Owner Finder' successfully

2018-12-12 11:39:07 - [TEST_STEP][PASSED] - delay: Delayed 1 second(s)

2018-12-12 11:39:08 - [MESSAGE][PASSED] - Delayed 1 second(s)

2018-12-12 11:39:08 - [TEST_STEP][PASSED] - navigateToUrl: Navigate to 'https://assist2-uat.perkeso.gov.my/c/portal/logout' successfully

2018-12-12 11:39:09 - [MESSAGE][PASSED] - Navigate to 'https://assist2-uat.perkeso.gov.my/c/portal/logout' successfully

2018-12-12 11:39:09 - [TEST_STEP][PASSED] - delay: Delayed 1 second(s)

2018-12-12 11:39:10 - [MESSAGE][PASSED] - Delayed 1 second(s)

2018-12-12 11:39:10 - [TEST_STEP][PASSED] - callTestCase: Call Test Case 'Test Cases/Final Aug 2018 - PKS Automation/Registration Module/Workflow/Login and Search Case For Workflow' successfully

2018-12-12 11:39:10 - [TEST_CASE][PASSED] - Test Cases/Final Aug 2018 - PKS Automation/Registration Module/Workflow/Login and Search Case For Workflow: Test Cases/Final Aug 2018 - PKS Automation/Registration Module/Workflow/Login and Search Case For Workflow

2018-12-12 11:39:10 - [TEST_STEP][PASSED] - navigateToUrl: Navigate to 'https://assist2-uat.perkeso.gov.my/login' successfully

2018-12-12 11:39:10 - [MESSAGE][PASSED] - Navigate to 'https://assist2-uat.perkeso.gov.my/login' successfully

2018-12-12 11:39:10 - [TEST_STEP][PASSED] - setText: Text 'johoruo2@gmail.com' is set on object 'Object Repository/Final Object Repo/Login Page/Internal User/Email Address'

2018-12-12 11:39:10 - [MESSAGE][PASSED] - Text 'johoruo2@gmail.com' is set on object 'Object Repository/Final Object Repo/Login Page/Internal User/Email Address'

2018-12-12 11:39:10 - [TEST_STEP][PASSED] - click: Object: 'Object Repository/Final Object Repo/Login Page/Internal User/Next Button' is clicked on

2018-12-12 11:39:11 - [MESSAGE][PASSED] - Object: 'Object Repository/Final Object Repo/Login Page/Internal User/Next Button' is clicked on

2018-12-12 11:39:11 - [TEST_STEP][PASSED] - delay: Delayed 1 second(s)

2018-12-12 11:39:12 - [MESSAGE][PASSED] - Delayed 1 second(s)

2018-12-12 11:39:12 - [TEST_STEP][PASSED] - setEncryptedText: Text ****** has been set on object 'Object Repository/Final Object Repo/Login Page/Internal User/Password'

2018-12-12 11:39:12 - [MESSAGE][PASSED] - Text ****** has been set on object 'Object Repository/Final Object Repo/Login Page/Internal User/Password'

2018-12-12 11:39:12 - [TEST_STEP][PASSED] - click: Object: 'Object Repository/Final Object Repo/Login Page/Internal User/Login Button' is clicked on

2018-12-12 11:39:12 - [MESSAGE][PASSED] - Object: 'Object Repository/Final Object Repo/Login Page/Internal User/Login Button' is clicked on

2018-12-12 11:39:12 - [TEST_STEP][PASSED] - delay: Delayed 2 second(s)

2018-12-12 11:39:14 - [MESSAGE][PASSED] - Delayed 2 second(s)

2018-12-12 11:39:14 - [TEST_STEP][PASSED] - Statement - Try: Delayed 2 second(s)

2018-12-12 11:39:14 - [TEST_STEP][PASSED] - Statement - Checker = false: null

2018-12-12 11:39:14 - [TEST_STEP][PASSED] - Statement - Checker = com.kms.katalon.core.webui.keyword.WebUiBuiltInKeywords.verifyElementHasAttribute(com.kms.katalon.core.testobject.ObjectRepository.findTestObject(Final Object Repo/Landing Page/BM Detecting), "href", 20, OPTIONAL): Object 'Object Repository/Final Object Repo/Landing Page/BM Detecting' has attribute 'href'

2018-12-12 11:39:14 - [MESSAGE][PASSED] - Object 'Object Repository/Final Object Repo/Landing Page/BM Detecting' has attribute 'href'

2018-12-12 11:39:14 - [TEST_STEP][PASSED] - Statement - out.println(Checker): null

2018-12-12 11:39:14 - [TEST_STEP][PASSED] - Statement - If (Checker == false): null

2018-12-12 11:39:14 - [TEST_STEP][PASSED] - Statement - Else: null

2018-12-12 11:39:14 - [TEST_STEP][PASSED] - delay: Delayed 2 second(s)

2018-12-12 11:39:16 - [MESSAGE][PASSED] - Delayed 2 second(s)

2018-12-12 11:39:16 - [TEST_STEP][PASSED] - click: Object: 'Object Repository/Final Object Repo/Page_MyASSIST - ASSIST - Search Pending Case For Add Supporting Document/Search Information' is clicked on

2018-12-12 11:39:16 - [MESSAGE][PASSED] - Object: 'Object Repository/Final Object Repo/Page_MyASSIST - ASSIST - Search Pending Case For Add Supporting Document/Search Information' is clicked on

2018-12-12 11:39:16 - [TEST_STEP][PASSED] - delay: Delayed 3 second(s)

2018-12-12 11:39:19 - [MESSAGE][PASSED] - Delayed 3 second(s)

2018-12-12 11:39:19 - [TEST_STEP][PASSED] - sendKeys: Keys 'CUN122018C100005997' sent to object: 'Object Repository/Final Object Repo/Page_MyASSIST - ASSIST - Search Pending Case For Add Supporting Document/Reference No'

2018-12-12 11:39:20 - [MESSAGE][PASSED] - Keys 'CUN122018C100005997' sent to object: 'Object Repository/Final Object Repo/Page_MyASSIST - ASSIST - Search Pending Case For Add Supporting Document/Reference No'

2018-12-12 11:39:20 - [TEST_STEP][PASSED] - click: Object: 'Object Repository/Final Object Repo/Page_MyASSIST - ASSIST - Search Pending Case For Add Supporting Document/Search Reference No' is clicked on

2018-12-12 11:39:20 - [MESSAGE][PASSED] - Object: 'Object Repository/Final Object Repo/Page_MyASSIST - ASSIST - Search Pending Case For Add Supporting Document/Search Reference No' is clicked on

2018-12-12 11:39:20 - [TEST_STEP][PASSED] - delay: Delayed 2 second(s)

2018-12-12 11:39:22 - [MESSAGE][PASSED] - Delayed 2 second(s)

2018-12-12 11:39:22 - [TEST_STEP][PASSED] - click: Object: 'Object Repository/Final Object Repo/Page_MyASSIST - ASSIST - Search Pending Case For Add Supporting Document/Continue' is clicked on

2018-12-12 11:39:25 - [MESSAGE][PASSED] - Object: 'Object Repository/Final Object Repo/Page_MyASSIST - ASSIST - Search Pending Case For Add Supporting Document/Continue' is clicked on

2018-12-12 11:39:25 - [TEST_STEP][PASSED] - delay: Delayed 20 second(s)

2018-12-12 11:39:45 - [MESSAGE][PASSED] - Delayed 20 second(s)

2018-12-12 11:39:45 - [MESSAGE][PASSED] - Call Test Case 'Test Cases/Final Aug 2018 - PKS Automation/Registration Module/Workflow/Login and Search Case For Workflow' successfully

2018-12-12 11:39:45 - [TEST_STEP][PASSED] - delay: Delayed 2 second(s)

2018-12-12 11:39:47 - [MESSAGE][PASSED] - Delayed 2 second(s)

2018-12-12 11:39:47 - [TEST_STEP][PASSED] - click: Object: 'Object Repository/Final Object Repo/Page_Update Employer Information/Page_Update Employer Information UO (Approve)/Continue' is clicked on

2018-12-12 11:39:51 - [MESSAGE][PASSED] - Object: 'Object Repository/Final Object Repo/Page_Update Employer Information/Page_Update Employer Information UO (Approve)/Continue' is clicked on

2018-12-12 11:39:51 - [TEST_STEP][PASSED] - delay: Delayed 2 second(s)

2018-12-12 11:39:53 - [MESSAGE][PASSED] - Delayed 2 second(s)

2018-12-12 11:39:53 - [TEST_STEP][PASSED] - click: Object: 'Object Repository/Final Object Repo/Page_Update Employer Information/Page_Update Employer Information UO (Approve)/Save  Continue in Update Employer Information Page' is clicked on

2018-12-12 11:39:54 - [MESSAGE][PASSED] - Object: 'Object Repository/Final Object Repo/Page_Update Employer Information/Page_Update Employer Information UO (Approve)/Save  Continue in Update Employer Information Page' is clicked on

2018-12-12 11:39:54 - [TEST_STEP][PASSED] - delay: Delayed 2 second(s)

2018-12-12 11:39:56 - [MESSAGE][PASSED] - Delayed 2 second(s)

2018-12-12 11:39:56 - [TEST_STEP][PASSED] - click: Object: 'Object Repository/Final Object Repo/Page_Update Employer Information/Page_Update Employer Information UO (Approve)/Save  Continue in Uploading Supporting Document Page' is clicked on

2018-12-12 11:39:58 - [MESSAGE][PASSED] - Object: 'Object Repository/Final Object Repo/Page_Update Employer Information/Page_Update Employer Information UO (Approve)/Save  Continue in Uploading Supporting Document Page' is clicked on

2018-12-12 11:39:58 - [TEST_STEP][PASSED] - delay: Delayed 2 second(s)

2018-12-12 11:40:00 - [MESSAGE][PASSED] - Delayed 2 second(s)

2018-12-12 11:40:00 - [TEST_STEP][PASSED] - click: Object: 'Object Repository/Final Object Repo/Page_Update Employer Information/Page_Update Employer Information UO (Reject)/Reject' is clicked on

2018-12-12 11:40:02 - [MESSAGE][PASSED] - Object: 'Object Repository/Final Object Repo/Page_Update Employer Information/Page_Update Employer Information UO (Reject)/Reject' is clicked on

2018-12-12 11:40:02 - [TEST_STEP][PASSED] - delay: Delayed 2 second(s)

2018-12-12 11:40:04 - [MESSAGE][PASSED] - Delayed 2 second(s)

2018-12-12 11:40:04 - [TEST_STEP][PASSED] - click: Object: 'Object Repository/Final Object Repo/Page_Update Employer Information/Page_Update Employer Information UO (Reject)/Confirm' is clicked on

2018-12-12 11:40:04 - [MESSAGE][PASSED] - Object: 'Object Repository/Final Object Repo/Page_Update Employer Information/Page_Update Employer Information UO (Reject)/Confirm' is clicked on

2018-12-12 11:40:04 - [TEST_STEP][PASSED] - delay: Delayed 2 second(s)

2018-12-12 11:40:06 - [MESSAGE][PASSED] - Delayed 2 second(s)

2018-12-12 11:40:06 - [TEST_STEP][PASSED] - click: Object: 'Object Repository/Final Object Repo/Page_Update Employer Information/Page_Update Employer Information UO (Reject)/Message This Case has been Rejected' is clicked on

2018-12-12 11:40:08 - [MESSAGE][PASSED] - Object: 'Object Repository/Final Object Repo/Page_Update Employer Information/Page_Update Employer Information UO (Reject)/Message This Case has been Rejected' is clicked on

2018-12-12 11:40:08 - [MESSAGE][PASSED] - Call Test Case 'Test Cases/Final Aug 2018 - PKS Automation/Registration Module/Workflow/Update Employer Information/Template/Update Employer Information - Special Case - UO (Reject)' successfully]]></system-out>
         <system-err><![CDATA[]]></system-err>
      </testcase>
      <testcase name="Test Cases/Final Aug 2018 - PKS Automation/Registration Module/Workflow/Update Employer Information/Employer - UO (Under enforcement)" classname="Test Cases/Final Aug 2018 - PKS Automation/Registration Module/Workflow/Update Employer Information/Employer - UO (Under enforcement)" status="PASSED">
         <system-out><![CDATA[2018-12-12 11:40:08 - [TEST_CASE][PASSED] - Test Cases/Final Aug 2018 - PKS Automation/Registration Module/Workflow/Update Employer Information/Employer - UO (Under enforcement): Test Cases/Final Aug 2018 - PKS Automation/Registration Module/Workflow/Update Employer Information/Employer - UO (Under enforcement)

2018-12-12 11:40:08 - [TEST_STEP][PASSED] - callTestCase: Call Test Case 'Test Cases/Final Aug 2018 - PKS Automation/Registration Module/Workflow/Update Employer Information/Template/Update Employer Information - Special Case (Employer)' successfully

2018-12-12 11:40:08 - [TEST_CASE][PASSED] - Test Cases/Final Aug 2018 - PKS Automation/Registration Module/Workflow/Update Employer Information/Template/Update Employer Information - Special Case (Employer): Test Cases/Final Aug 2018 - PKS Automation/Registration Module/Workflow/Update Employer Information/Template/Update Employer Information - Special Case (Employer)

2018-12-12 11:40:08 - [TEST_STEP][PASSED] - callTestCase: Call Test Case 'Test Cases/Final Aug 2018 - PKS Automation/Create Employer Acc/Login to Employer Account (Second time)' successfully

2018-12-12 11:40:08 - [TEST_CASE][PASSED] - Test Cases/Final Aug 2018 - PKS Automation/Create Employer Acc/Login to Employer Account (Second time): Test Cases/Final Aug 2018 - PKS Automation/Create Employer Acc/Login to Employer Account (Second time)

2018-12-12 11:40:08 - [TEST_STEP][PASSED] - openBrowser: Browser is opened with url: ''

2018-12-12 11:40:08 - [MESSAGE][WARNING] - A browser is already opened. Closing browser and opening a new one

2018-12-12 11:40:12 - [MESSAGE][PASSED] - Browser is opened with url: ''

2018-12-12 11:40:12 - [TEST_STEP][PASSED] - navigateToUrl: Navigate to 'https://assist2-uat.perkeso.gov.my/employer/login' successfully

2018-12-12 11:40:13 - [MESSAGE][PASSED] - Navigate to 'https://assist2-uat.perkeso.gov.my/employer/login' successfully

2018-12-12 11:40:13 - [TEST_STEP][PASSED] - delay: Delayed 3 second(s)

2018-12-12 11:40:16 - [MESSAGE][PASSED] - Delayed 3 second(s)

2018-12-12 11:40:16 - [TEST_STEP][PASSED] - callTestCase: Call Test Case 'Test Cases/Final Aug 2018 - PKS Automation/Create Employer Acc/Template/Employer Email Getter' successfully

2018-12-12 11:40:16 - [TEST_CASE][PASSED] - Test Cases/Final Aug 2018 - PKS Automation/Create Employer Acc/Template/Employer Email Getter: Test Cases/Final Aug 2018 - PKS Automation/Create Employer Acc/Template/Employer Email Getter

2018-12-12 11:40:16 - [TEST_STEP][PASSED] - Statement - Try: null

2018-12-12 11:40:16 - [TEST_STEP][PASSED] - Statement - EmpEmail = new java.io.File(C://Users//Admin//Desktop//PKS//Automation Reference Point//EmpEmail.txt): null

2018-12-12 11:40:16 - [TEST_STEP][PASSED] - Statement - bufferread = new java.io.BufferedReader(new java.io.FileReader(EmpEmail)): null

2018-12-12 11:40:16 - [TEST_STEP][PASSED] - Statement - readedVal = bufferread.readLine(): null

2018-12-12 11:40:16 - [TEST_STEP][PASSED] - Statement - out.println(readedVal): null

2018-12-12 11:40:16 - [TEST_STEP][PASSED] - Statement - Email = readedVal: null

2018-12-12 11:40:16 - [MESSAGE][PASSED] - Call Test Case 'Test Cases/Final Aug 2018 - PKS Automation/Create Employer Acc/Template/Employer Email Getter' successfully

2018-12-12 11:40:16 - [TEST_STEP][PASSED] - setText: Text 'perkeso841257523203@gmail.com' is set on object 'Object Repository/Final Object Repo/Login Page/External Login Page/Email'

2018-12-12 11:40:16 - [MESSAGE][PASSED] - Text 'perkeso841257523203@gmail.com' is set on object 'Object Repository/Final Object Repo/Login Page/External Login Page/Email'

2018-12-12 11:40:16 - [TEST_STEP][PASSED] - click: Object: 'Object Repository/Final Object Repo/Login Page/External Login Page/Next' is clicked on

2018-12-12 11:40:17 - [MESSAGE][PASSED] - Object: 'Object Repository/Final Object Repo/Login Page/External Login Page/Next' is clicked on

2018-12-12 11:40:17 - [TEST_STEP][PASSED] - delay: Delayed 3 second(s)

2018-12-12 11:40:20 - [MESSAGE][PASSED] - Delayed 3 second(s)

2018-12-12 11:40:20 - [TEST_STEP][PASSED] - setEncryptedText: Text ****** has been set on object 'Object Repository/Final Object Repo/Login Page/External Login Page/Password'

2018-12-12 11:40:20 - [MESSAGE][PASSED] - Text ****** has been set on object 'Object Repository/Final Object Repo/Login Page/External Login Page/Password'

2018-12-12 11:40:20 - [TEST_STEP][PASSED] - click: Object: 'Object Repository/Final Object Repo/Login Page/External Login Page/Login' is clicked on

2018-12-12 11:40:20 - [MESSAGE][PASSED] - Object: 'Object Repository/Final Object Repo/Login Page/External Login Page/Login' is clicked on

2018-12-12 11:40:20 - [TEST_STEP][PASSED] - delay: Delayed 5 second(s)

2018-12-12 11:40:25 - [MESSAGE][PASSED] - Delayed 5 second(s)

2018-12-12 11:40:25 - [MESSAGE][PASSED] - Call Test Case 'Test Cases/Final Aug 2018 - PKS Automation/Create Employer Acc/Login to Employer Account (Second time)' successfully

2018-12-12 11:40:25 - [TEST_STEP][PASSED] - Statement - tester = com.kms.katalon.core.testobject.ObjectRepository.findTestObject(Final Object Repo/Landing Page/Select to English): Finding Test Object with id 'Object Repository/Final Object Repo/Landing Page/Select to English'

2018-12-12 11:40:25 - [TEST_STEP][PASSED] - Statement - Try: Delayed 2 second(s)

2018-12-12 11:40:25 - [TEST_STEP][PASSED] - Statement - Checker = com.kms.katalon.core.webui.keyword.WebUiBuiltInKeywords.verifyElementNotPresent(tester, 3): Web element with id: 'Object Repository/Final Object Repo/Landing Page/Select to English' located by 'By.xpath: //a[@class = 'taglib-language-list-text' and @lang = 'en-US' and (contains(text(), 'EN') or contains(., 'EN'))]' is not present after '3' second(s)

2018-12-12 11:40:26 - [MESSAGE][PASSED] - Web element with id: 'Object Repository/Final Object Repo/Landing Page/Select to English' located by 'By.xpath: //a[@class = 'taglib-language-list-text' and @lang = 'en-US' and (contains(text(), 'EN') or contains(., 'EN'))]' is not present after '3' second(s)

2018-12-12 11:40:26 - [TEST_STEP][PASSED] - Statement - If (Checker == false): null

2018-12-12 11:40:26 - [TEST_STEP][PASSED] - delay: Delayed 2 second(s)

2018-12-12 11:40:28 - [MESSAGE][PASSED] - Delayed 2 second(s)

2018-12-12 11:40:28 - [TEST_STEP][PASSED] - delay: Delayed 5 second(s)

2018-12-12 11:40:33 - [MESSAGE][PASSED] - Delayed 5 second(s)

2018-12-12 11:40:33 - [TEST_STEP][PASSED] - navigateToUrl: Navigate to 'https://assist2-uat.perkeso.gov.my/web/registration/update/update-employer-information' successfully

2018-12-12 11:40:33 - [MESSAGE][PASSED] - Navigate to 'https://assist2-uat.perkeso.gov.my/web/registration/update/update-employer-information' successfully

2018-12-12 11:40:33 - [TEST_STEP][PASSED] - click: Object: 'Object Repository/Final Object Repo/Page_Update Employer Information/Edit Button' is clicked on

2018-12-12 11:40:36 - [MESSAGE][PASSED] - Object: 'Object Repository/Final Object Repo/Page_Update Employer Information/Edit Button' is clicked on

2018-12-12 11:40:36 - [TEST_STEP][PASSED] - click: Object: 'Object Repository/Final Object Repo/Page_Update Employer Information/Business Entity' is clicked on

2018-12-12 11:40:36 - [MESSAGE][PASSED] - Object: 'Object Repository/Final Object Repo/Page_Update Employer Information/Business Entity' is clicked on

2018-12-12 11:40:36 - [TEST_STEP][PASSED] - Statement - CurrentBusinessEntity = "": null

2018-12-12 11:40:36 - [TEST_STEP][PASSED] - Statement - CurrentBusinessEntity = com.kms.katalon.core.webui.keyword.WebUiBuiltInKeywords.getText(com.kms.katalon.core.testobject.ObjectRepository.findTestObject(Final Object Repo/Page_Update Employer Information/Current Business Entity)): Text of object 'Object Repository/Final Object Repo/Page_Update Employer Information/Current Business Entity' is: 'Sole Proprietor / Individual Business'

2018-12-12 11:40:36 - [MESSAGE][PASSED] - Text of object 'Object Repository/Final Object Repo/Page_Update Employer Information/Current Business Entity' is: 'Sole Proprietor / Individual Business'

2018-12-12 11:40:36 - [TEST_STEP][PASSED] - Statement - out.println(CurrentBusinessEntity): null

2018-12-12 11:40:36 - [TEST_STEP][PASSED] - Statement - If (CurrentBusinessEntity == "Corporation"): null

2018-12-12 11:40:36 - [TEST_STEP][PASSED] - Statement - Else If (CurrentBusinessEntity == "Partnership"): null

2018-12-12 11:40:36 - [TEST_STEP][PASSED] - Statement - Else If (CurrentBusinessEntity == "Sole Proprietor / Individual Business"): Delayed 3 second(s)

2018-12-12 11:40:36 - [TEST_STEP][PASSED] - Statement - obj = com.kms.katalon.core.webui.keyword.WebUiBuiltInKeywords.modifyObjectProperty(com.kms.katalon.core.testobject.ObjectRepository.findTestObject(Final Object Repo/Page_Update Employer Information/change to this Business Entity), "xpath", "equals", "//ul/li/span[contains(text(),"Others")]", true, STOP_ON_FAILURE): Modify property of object successfully

2018-12-12 11:40:36 - [MESSAGE][PASSED] - Modify property of object successfully

2018-12-12 11:40:36 - [TEST_STEP][PASSED] - click: Object: 'Object Repository/Final Object Repo/Page_Update Employer Information/change to this Business Entity' is clicked on

2018-12-12 11:40:36 - [MESSAGE][PASSED] - Object: 'Object Repository/Final Object Repo/Page_Update Employer Information/change to this Business Entity' is clicked on

2018-12-12 11:40:36 - [TEST_STEP][PASSED] - delay: Delayed 1 second(s)

2018-12-12 11:40:37 - [MESSAGE][PASSED] - Delayed 1 second(s)

2018-12-12 11:40:37 - [TEST_STEP][PASSED] - click: Object: 'Object Repository/Final Object Repo/Page_Update Employer Information/Sub Business Entity' is clicked on

2018-12-12 11:40:38 - [MESSAGE][PASSED] - Object: 'Object Repository/Final Object Repo/Page_Update Employer Information/Sub Business Entity' is clicked on

2018-12-12 11:40:38 - [TEST_STEP][PASSED] - click: Object: 'Object Repository/Final Object Repo/Page_Update Employer Information/Sub Business Entity List - Others - Federal Government Agency' is clicked on

2018-12-12 11:40:38 - [MESSAGE][PASSED] - Object: 'Object Repository/Final Object Repo/Page_Update Employer Information/Sub Business Entity List - Others - Federal Government Agency' is clicked on

2018-12-12 11:40:38 - [TEST_STEP][PASSED] - delay: Delayed 1 second(s)

2018-12-12 11:40:39 - [MESSAGE][PASSED] - Delayed 1 second(s)

2018-12-12 11:40:39 - [TEST_STEP][PASSED] - click: Object: 'Object Repository/Final Object Repo/Page_Update Employer Information/Sub Business Entity List' is clicked on

2018-12-12 11:40:39 - [MESSAGE][PASSED] - Object: 'Object Repository/Final Object Repo/Page_Update Employer Information/Sub Business Entity List' is clicked on

2018-12-12 11:40:39 - [TEST_STEP][PASSED] - click: Object: 'Object Repository/Final Object Repo/Page_Update Employer Information/Sub Business Entity - Others - Federal Government Agency - Kementerian' is clicked on

2018-12-12 11:40:39 - [MESSAGE][PASSED] - Object: 'Object Repository/Final Object Repo/Page_Update Employer Information/Sub Business Entity - Others - Federal Government Agency - Kementerian' is clicked on

2018-12-12 11:40:39 - [TEST_STEP][PASSED] - delay: Delayed 3 second(s)

2018-12-12 11:40:42 - [MESSAGE][PASSED] - Delayed 3 second(s)

2018-12-12 11:40:42 - [TEST_STEP][PASSED] - delay: Delayed 4 second(s)

2018-12-12 11:40:46 - [MESSAGE][PASSED] - Delayed 4 second(s)

2018-12-12 11:40:46 - [TEST_STEP][PASSED] - click: Object: 'Object Repository/Final Object Repo/Page_Update Employer Information/Save  Continue' is clicked on

2018-12-12 11:40:46 - [MESSAGE][PASSED] - Object: 'Object Repository/Final Object Repo/Page_Update Employer Information/Save  Continue' is clicked on

2018-12-12 11:40:46 - [TEST_STEP][PASSED] - delay: Delayed 4 second(s)

2018-12-12 11:40:50 - [MESSAGE][PASSED] - Delayed 4 second(s)

2018-12-12 11:40:50 - [TEST_STEP][PASSED] - click: Object: 'Object Repository/Final Object Repo/Page_Update Employer Information/Save  Continue (1)' is clicked on

2018-12-12 11:40:51 - [MESSAGE][PASSED] - Object: 'Object Repository/Final Object Repo/Page_Update Employer Information/Save  Continue (1)' is clicked on

2018-12-12 11:40:51 - [TEST_STEP][PASSED] - delay: Delayed 4 second(s)

2018-12-12 11:40:55 - [MESSAGE][PASSED] - Delayed 4 second(s)

2018-12-12 11:40:55 - [TEST_STEP][PASSED] - Statement - CaseReferenceNo = com.kms.katalon.core.webui.keyword.WebUiBuiltInKeywords.getText(com.kms.katalon.core.testobject.ObjectRepository.findTestObject(Final Object Repo/Page_Update Employer Information/Reference Number in Update Employee Information Page)): Text of object 'Object Repository/Final Object Repo/Page_Update Employer Information/Reference Number in Update Employee Information Page' is: 'CUN122018C100005998'

2018-12-12 11:40:55 - [MESSAGE][PASSED] - Text of object 'Object Repository/Final Object Repo/Page_Update Employer Information/Reference Number in Update Employee Information Page' is: 'CUN122018C100005998'

2018-12-12 11:40:55 - [TEST_STEP][PASSED] - callTestCase: Call Test Case 'Test Cases/Final Aug 2018 - PKS Automation/Common/Reference Number Setter' successfully

2018-12-12 11:40:55 - [TEST_CASE][PASSED] - Test Cases/Final Aug 2018 - PKS Automation/Common/Reference Number Setter: Test Cases/Final Aug 2018 - PKS Automation/Common/Reference Number Setter

2018-12-12 11:40:55 - [TEST_STEP][PASSED] - Statement - RefNoOldFile = new java.io.File(C://Users//Admin//Desktop//PKS//Automation Reference Point//KatalonReference.txt): null

2018-12-12 11:40:55 - [TEST_STEP][PASSED] - Statement - RefNoOldFile.delete(): null

2018-12-12 11:40:55 - [TEST_STEP][PASSED] - delay: Delayed 5 second(s)

2018-12-12 11:41:00 - [MESSAGE][PASSED] - Delayed 5 second(s)

2018-12-12 11:41:00 - [TEST_STEP][PASSED] - Statement - RefNo = new java.io.File(C://Users//Admin//Desktop//PKS//Automation Reference Point//KatalonReference.txt): null

2018-12-12 11:41:00 - [TEST_STEP][PASSED] - Statement - f2 = new java.io.FileWriter(RefNo, false): null

2018-12-12 11:41:00 - [TEST_STEP][PASSED] - Statement - f2.write(CaseReferenceNo): null

2018-12-12 11:41:00 - [TEST_STEP][PASSED] - Statement - f2.close(): null

2018-12-12 11:41:00 - [TEST_STEP][PASSED] - Statement - out.println("


" + CaseReferenceNo + "


"): null

2018-12-12 11:41:00 - [MESSAGE][PASSED] - Call Test Case 'Test Cases/Final Aug 2018 - PKS Automation/Common/Reference Number Setter' successfully

2018-12-12 11:41:00 - [TEST_STEP][PASSED] - delay: Delayed 4 second(s)

2018-12-12 11:41:04 - [MESSAGE][PASSED] - Delayed 4 second(s)

2018-12-12 11:41:04 - [TEST_STEP][PASSED] - click: Object: 'Object Repository/Final Object Repo/Page_Update Employer Information/Submit - Copy' is clicked on

2018-12-12 11:41:04 - [MESSAGE][PASSED] - Object: 'Object Repository/Final Object Repo/Page_Update Employer Information/Submit - Copy' is clicked on

2018-12-12 11:41:04 - [TEST_STEP][PASSED] - delay: Delayed 2 second(s)

2018-12-12 11:41:06 - [MESSAGE][PASSED] - Delayed 2 second(s)

2018-12-12 11:41:06 - [TEST_STEP][PASSED] - click: Object: 'Object Repository/Final Object Repo/Page_Update Employer Information/Confirm' is clicked on

2018-12-12 11:41:06 - [MESSAGE][PASSED] - Object: 'Object Repository/Final Object Repo/Page_Update Employer Information/Confirm' is clicked on

2018-12-12 11:41:06 - [TEST_STEP][PASSED] - delay: Delayed 2 second(s)

2018-12-12 11:41:08 - [MESSAGE][PASSED] - Delayed 2 second(s)

2018-12-12 11:41:08 - [TEST_STEP][PASSED] - click: Object: 'Object Repository/Final Object Repo/Page_Update Employer Information/Message Your Request will be route' is clicked on

2018-12-12 11:41:12 - [MESSAGE][PASSED] - Object: 'Object Repository/Final Object Repo/Page_Update Employer Information/Message Your Request will be route' is clicked on

2018-12-12 11:41:12 - [MESSAGE][PASSED] - Call Test Case 'Test Cases/Final Aug 2018 - PKS Automation/Registration Module/Workflow/Update Employer Information/Template/Update Employer Information - Special Case (Employer)' successfully

2018-12-12 11:41:12 - [TEST_STEP][PASSED] - callTestCase: Call Test Case 'Test Cases/Final Aug 2018 - PKS Automation/Registration Module/Workflow/Update Employer Information/Template/Update Employer Information - Special Case - UO (Under enforcement)' successfully

2018-12-12 11:41:12 - [TEST_CASE][PASSED] - Test Cases/Final Aug 2018 - PKS Automation/Registration Module/Workflow/Update Employer Information/Template/Update Employer Information - Special Case - UO (Under enforcement): Test Cases/Final Aug 2018 - PKS Automation/Registration Module/Workflow/Update Employer Information/Template/Update Employer Information - Special Case - UO (Under enforcement)

2018-12-12 11:41:12 - [TEST_STEP][NOT_RUN] - callTestCase: NOT_RUN: callTestCase

2018-12-12 11:41:12 - [MESSAGE][NOT_RUN] - NOT_RUN: callTestCase

2018-12-12 11:41:12 - [TEST_STEP][PASSED] - delay: Delayed 1 second(s)

2018-12-12 11:41:13 - [MESSAGE][PASSED] - Delayed 1 second(s)

2018-12-12 11:41:13 - [TEST_STEP][PASSED] - navigateToUrl: Navigate to 'https://assist2-uat.perkeso.gov.my/c/portal/logout' successfully

2018-12-12 11:41:14 - [MESSAGE][PASSED] - Navigate to 'https://assist2-uat.perkeso.gov.my/c/portal/logout' successfully

2018-12-12 11:41:14 - [TEST_STEP][PASSED] - delay: Delayed 1 second(s)

2018-12-12 11:41:15 - [MESSAGE][PASSED] - Delayed 1 second(s)

2018-12-12 11:41:15 - [TEST_STEP][PASSED] - callTestCase: Call Test Case 'Test Cases/Final Aug 2018 - PKS Automation/Common/Reference Number Getter' successfully

2018-12-12 11:41:15 - [TEST_CASE][PASSED] - Test Cases/Final Aug 2018 - PKS Automation/Common/Reference Number Getter: Test Cases/Final Aug 2018 - PKS Automation/Common/Reference Number Getter

2018-12-12 11:41:15 - [TEST_STEP][PASSED] - Statement - Try: null

2018-12-12 11:41:15 - [TEST_STEP][PASSED] - Statement - RefNo = new java.io.File(C://Users//Admin//Desktop//PKS//Automation Reference Point//KatalonReference.txt): null

2018-12-12 11:41:15 - [TEST_STEP][PASSED] - Statement - bufferread = new java.io.BufferedReader(new java.io.FileReader(RefNo)): null

2018-12-12 11:41:15 - [TEST_STEP][PASSED] - Statement - readedVal = bufferread.readLine(): null

2018-12-12 11:41:15 - [TEST_STEP][PASSED] - Statement - out.println(CaseReferenceNo): null

2018-12-12 11:41:15 - [TEST_STEP][PASSED] - Statement - out.println(readedVal): null

2018-12-12 11:41:15 - [TEST_STEP][PASSED] - Statement - CaseReferenceNo = "": null

2018-12-12 11:41:15 - [TEST_STEP][PASSED] - Statement - CaseReferenceNo = readedVal: null

2018-12-12 11:41:15 - [MESSAGE][PASSED] - Call Test Case 'Test Cases/Final Aug 2018 - PKS Automation/Common/Reference Number Getter' successfully

2018-12-12 11:41:15 - [TEST_STEP][PASSED] - callTestCase: Call Test Case 'Test Cases/Final Aug 2018 - PKS Automation/Common/Workflow Owner Finder' successfully

2018-12-12 11:41:15 - [TEST_CASE][PASSED] - Test Cases/Final Aug 2018 - PKS Automation/Common/Workflow Owner Finder: Test Cases/Final Aug 2018 - PKS Automation/Common/Workflow Owner Finder

2018-12-12 11:41:15 - [TEST_STEP][PASSED] - openBrowser: Browser is opened with url: ''

2018-12-12 11:41:15 - [MESSAGE][WARNING] - A browser is already opened. Closing browser and opening a new one

2018-12-12 11:41:19 - [MESSAGE][PASSED] - Browser is opened with url: ''

2018-12-12 11:41:19 - [TEST_STEP][PASSED] - navigateToUrl: Navigate to 'https://assist2-uat.perkeso.gov.my/login' successfully

2018-12-12 11:41:20 - [MESSAGE][PASSED] - Navigate to 'https://assist2-uat.perkeso.gov.my/login' successfully

2018-12-12 11:41:20 - [TEST_STEP][PASSED] - delay: Delayed 5 second(s)

2018-12-12 11:41:25 - [MESSAGE][PASSED] - Delayed 5 second(s)

2018-12-12 11:41:25 - [TEST_STEP][PASSED] - setText: Text 'test@liferay.com' is set on object 'Object Repository/Final Object Repo/Login Page/Internal User/Email Address'

2018-12-12 11:41:25 - [MESSAGE][PASSED] - Text 'test@liferay.com' is set on object 'Object Repository/Final Object Repo/Login Page/Internal User/Email Address'

2018-12-12 11:41:25 - [TEST_STEP][PASSED] - click: Object: 'Object Repository/Final Object Repo/Login Page/Internal User/Next Button' is clicked on

2018-12-12 11:41:25 - [MESSAGE][PASSED] - Object: 'Object Repository/Final Object Repo/Login Page/Internal User/Next Button' is clicked on

2018-12-12 11:41:25 - [TEST_STEP][PASSED] - delay: Delayed 2 second(s)

2018-12-12 11:41:27 - [MESSAGE][PASSED] - Delayed 2 second(s)

2018-12-12 11:41:27 - [TEST_STEP][PASSED] - setText: Text 'test' is set on object 'Object Repository/Final Object Repo/Login Page/Internal User/Password'

2018-12-12 11:41:28 - [MESSAGE][PASSED] - Text 'test' is set on object 'Object Repository/Final Object Repo/Login Page/Internal User/Password'

2018-12-12 11:41:28 - [TEST_STEP][PASSED] - delay: Delayed 2 second(s)

2018-12-12 11:41:30 - [MESSAGE][PASSED] - Delayed 2 second(s)

2018-12-12 11:41:30 - [TEST_STEP][PASSED] - click: Object: 'Object Repository/Final Object Repo/Login Page/Internal User/Login Button' is clicked on

2018-12-12 11:41:30 - [MESSAGE][PASSED] - Object: 'Object Repository/Final Object Repo/Login Page/Internal User/Login Button' is clicked on

2018-12-12 11:41:30 - [TEST_STEP][PASSED] - Statement - tester = com.kms.katalon.core.testobject.ObjectRepository.findTestObject(Final Object Repo/Landing Page/Select to English): Finding Test Object with id 'Object Repository/Final Object Repo/Landing Page/Select to English'

2018-12-12 11:41:30 - [TEST_STEP][PASSED] - Statement - Try: Delayed 2 second(s)

2018-12-12 11:41:30 - [TEST_STEP][PASSED] - Statement - Checker = com.kms.katalon.core.webui.keyword.WebUiBuiltInKeywords.verifyElementNotPresent(tester, 3): Web element with id: 'Object Repository/Final Object Repo/Landing Page/Select to English' located by 'By.xpath: //a[@class = 'taglib-language-list-text' and @lang = 'en-US' and (contains(text(), 'EN') or contains(., 'EN'))]' is not present after '3' second(s)

2018-12-12 11:41:32 - [MESSAGE][PASSED] - Web element with id: 'Object Repository/Final Object Repo/Landing Page/Select to English' located by 'By.xpath: //a[@class = 'taglib-language-list-text' and @lang = 'en-US' and (contains(text(), 'EN') or contains(., 'EN'))]' is not present after '3' second(s)

2018-12-12 11:41:32 - [TEST_STEP][PASSED] - Statement - If (Checker == false): null

2018-12-12 11:41:32 - [TEST_STEP][PASSED] - delay: Delayed 2 second(s)

2018-12-12 11:41:34 - [MESSAGE][PASSED] - Delayed 2 second(s)

2018-12-12 11:41:34 - [TEST_STEP][PASSED] - delay: Delayed 5 second(s)

2018-12-12 11:41:39 - [MESSAGE][PASSED] - Delayed 5 second(s)

2018-12-12 11:41:39 - [TEST_STEP][PASSED] - mouseOver: Object: 'Object Repository/Final Object Repo/Landing Page/WorkFlow Menu' is hovered

2018-12-12 11:41:39 - [MESSAGE][PASSED] - Object: 'Object Repository/Final Object Repo/Landing Page/WorkFlow Menu' is hovered

2018-12-12 11:41:39 - [TEST_STEP][PASSED] - delay: Delayed 2 second(s)

2018-12-12 11:41:41 - [MESSAGE][PASSED] - Delayed 2 second(s)

2018-12-12 11:41:41 - [TEST_STEP][PASSED] - click: Object: 'Object Repository/Final Object Repo/Landing Page/Select to Workflow Listing' is clicked on

2018-12-12 11:41:42 - [MESSAGE][PASSED] - Object: 'Object Repository/Final Object Repo/Landing Page/Select to Workflow Listing' is clicked on

2018-12-12 11:41:42 - [TEST_STEP][PASSED] - delay: Delayed 2 second(s)

2018-12-12 11:41:44 - [MESSAGE][PASSED] - Delayed 2 second(s)

2018-12-12 11:41:44 - [TEST_STEP][PASSED] - click: Object: 'Object Repository/Final Object Repo/WorkFlow Listing Page/Search Information - To Put Ref No' is clicked on

2018-12-12 11:41:44 - [MESSAGE][PASSED] - Object: 'Object Repository/Final Object Repo/WorkFlow Listing Page/Search Information - To Put Ref No' is clicked on

2018-12-12 11:41:44 - [TEST_STEP][PASSED] - delay: Delayed 2 second(s)

2018-12-12 11:41:46 - [MESSAGE][PASSED] - Delayed 2 second(s)

2018-12-12 11:41:46 - [TEST_STEP][PASSED] - callTestCase: Call Test Case 'Test Cases/Final Aug 2018 - PKS Automation/Common/Reference Number Getter' successfully

2018-12-12 11:41:46 - [TEST_CASE][PASSED] - Test Cases/Final Aug 2018 - PKS Automation/Common/Reference Number Getter: Test Cases/Final Aug 2018 - PKS Automation/Common/Reference Number Getter

2018-12-12 11:41:46 - [TEST_STEP][PASSED] - Statement - Try: null

2018-12-12 11:41:46 - [TEST_STEP][PASSED] - Statement - RefNo = new java.io.File(C://Users//Admin//Desktop//PKS//Automation Reference Point//KatalonReference.txt): null

2018-12-12 11:41:46 - [TEST_STEP][PASSED] - Statement - bufferread = new java.io.BufferedReader(new java.io.FileReader(RefNo)): null

2018-12-12 11:41:46 - [TEST_STEP][PASSED] - Statement - readedVal = bufferread.readLine(): null

2018-12-12 11:41:46 - [TEST_STEP][PASSED] - Statement - out.println(CaseReferenceNo): null

2018-12-12 11:41:46 - [TEST_STEP][PASSED] - Statement - out.println(readedVal): null

2018-12-12 11:41:46 - [TEST_STEP][PASSED] - Statement - CaseReferenceNo = "": null

2018-12-12 11:41:46 - [TEST_STEP][PASSED] - Statement - CaseReferenceNo = readedVal: null

2018-12-12 11:41:46 - [MESSAGE][PASSED] - Call Test Case 'Test Cases/Final Aug 2018 - PKS Automation/Common/Reference Number Getter' successfully

2018-12-12 11:41:46 - [TEST_STEP][PASSED] - setText: Text 'CUN122018C100005998' is set on object 'Object Repository/Final Object Repo/WorkFlow Listing Page/Ref No Set Text'

2018-12-12 11:41:47 - [MESSAGE][PASSED] - Text 'CUN122018C100005998' is set on object 'Object Repository/Final Object Repo/WorkFlow Listing Page/Ref No Set Text'

2018-12-12 11:41:47 - [TEST_STEP][PASSED] - delay: Delayed 2 second(s)

2018-12-12 11:41:49 - [MESSAGE][PASSED] - Delayed 2 second(s)

2018-12-12 11:41:49 - [TEST_STEP][PASSED] - click: Object: 'Object Repository/Final Object Repo/WorkFlow Listing Page/Search Ref No Search Button' is clicked on

2018-12-12 11:41:49 - [MESSAGE][PASSED] - Object: 'Object Repository/Final Object Repo/WorkFlow Listing Page/Search Ref No Search Button' is clicked on

2018-12-12 11:41:49 - [TEST_STEP][PASSED] - delay: Delayed 6 second(s)

2018-12-12 11:41:55 - [MESSAGE][PASSED] - Delayed 6 second(s)

2018-12-12 11:41:55 - [TEST_STEP][PASSED] - click: Object: 'Object Repository/Final Object Repo/WorkFlow Listing Page/Click Continue Tooltip' is clicked on

2018-12-12 11:41:56 - [MESSAGE][PASSED] - Object: 'Object Repository/Final Object Repo/WorkFlow Listing Page/Click Continue Tooltip' is clicked on

2018-12-12 11:41:56 - [TEST_STEP][PASSED] - delay: Delayed 5 second(s)

2018-12-12 11:42:01 - [MESSAGE][PASSED] - Delayed 5 second(s)

2018-12-12 11:42:01 - [TEST_STEP][PASSED] - doubleClick: Object: 'Object Repository/Final Object Repo/WorkFlow Listing Page/Workflow Found - Listing 1' is double clicked on

2018-12-12 11:42:01 - [MESSAGE][PASSED] - Object: 'Object Repository/Final Object Repo/WorkFlow Listing Page/Workflow Found - Listing 1' is double clicked on

2018-12-12 11:42:01 - [TEST_STEP][PASSED] - Statement - println(OwnerID): null

2018-12-12 11:42:01 - [TEST_STEP][PASSED] - Statement - OwnerID = com.kms.katalon.core.webui.keyword.WebUiBuiltInKeywords.getText(com.kms.katalon.core.testobject.ObjectRepository.findTestObject(Final Object Repo/WorkFlow Listing Page/Workflow Found - Listing 1), STOP_ON_FAILURE): Text of object 'Object Repository/Final Object Repo/WorkFlow Listing Page/Workflow Found - Listing 1' is: 'JOHORuo3'

2018-12-12 11:42:01 - [MESSAGE][PASSED] - Text of object 'Object Repository/Final Object Repo/WorkFlow Listing Page/Workflow Found - Listing 1' is: 'JOHORuo3'

2018-12-12 11:42:01 - [TEST_STEP][PASSED] - Statement - OwnerID = OwnerID.toLowerCase() + "@gmail.com": null

2018-12-12 11:42:01 - [TEST_STEP][PASSED] - Statement - println(OwnerID): null

2018-12-12 11:42:01 - [TEST_STEP][PASSED] - delay: Delayed 2 second(s)

2018-12-12 11:42:03 - [MESSAGE][PASSED] - Delayed 2 second(s)

2018-12-12 11:42:03 - [MESSAGE][PASSED] - Call Test Case 'Test Cases/Final Aug 2018 - PKS Automation/Common/Workflow Owner Finder' successfully

2018-12-12 11:42:03 - [TEST_STEP][PASSED] - delay: Delayed 1 second(s)

2018-12-12 11:42:04 - [MESSAGE][PASSED] - Delayed 1 second(s)

2018-12-12 11:42:04 - [TEST_STEP][PASSED] - navigateToUrl: Navigate to 'https://assist2-uat.perkeso.gov.my/c/portal/logout' successfully

2018-12-12 11:42:05 - [MESSAGE][PASSED] - Navigate to 'https://assist2-uat.perkeso.gov.my/c/portal/logout' successfully

2018-12-12 11:42:05 - [TEST_STEP][PASSED] - delay: Delayed 1 second(s)

2018-12-12 11:42:06 - [MESSAGE][PASSED] - Delayed 1 second(s)

2018-12-12 11:42:06 - [TEST_STEP][PASSED] - callTestCase: Call Test Case 'Test Cases/Final Aug 2018 - PKS Automation/Registration Module/Workflow/Login and Search Case For Workflow' successfully

2018-12-12 11:42:06 - [TEST_CASE][PASSED] - Test Cases/Final Aug 2018 - PKS Automation/Registration Module/Workflow/Login and Search Case For Workflow: Test Cases/Final Aug 2018 - PKS Automation/Registration Module/Workflow/Login and Search Case For Workflow

2018-12-12 11:42:06 - [TEST_STEP][PASSED] - navigateToUrl: Navigate to 'https://assist2-uat.perkeso.gov.my/login' successfully

2018-12-12 11:42:06 - [MESSAGE][PASSED] - Navigate to 'https://assist2-uat.perkeso.gov.my/login' successfully

2018-12-12 11:42:06 - [TEST_STEP][PASSED] - setText: Text 'johoruo3@gmail.com' is set on object 'Object Repository/Final Object Repo/Login Page/Internal User/Email Address'

2018-12-12 11:42:07 - [MESSAGE][PASSED] - Text 'johoruo3@gmail.com' is set on object 'Object Repository/Final Object Repo/Login Page/Internal User/Email Address'

2018-12-12 11:42:07 - [TEST_STEP][PASSED] - click: Object: 'Object Repository/Final Object Repo/Login Page/Internal User/Next Button' is clicked on

2018-12-12 11:42:07 - [MESSAGE][PASSED] - Object: 'Object Repository/Final Object Repo/Login Page/Internal User/Next Button' is clicked on

2018-12-12 11:42:07 - [TEST_STEP][PASSED] - delay: Delayed 1 second(s)

2018-12-12 11:42:08 - [MESSAGE][PASSED] - Delayed 1 second(s)

2018-12-12 11:42:08 - [TEST_STEP][PASSED] - setEncryptedText: Text ****** has been set on object 'Object Repository/Final Object Repo/Login Page/Internal User/Password'

2018-12-12 11:42:08 - [MESSAGE][PASSED] - Text ****** has been set on object 'Object Repository/Final Object Repo/Login Page/Internal User/Password'

2018-12-12 11:42:08 - [TEST_STEP][PASSED] - click: Object: 'Object Repository/Final Object Repo/Login Page/Internal User/Login Button' is clicked on

2018-12-12 11:42:08 - [MESSAGE][PASSED] - Object: 'Object Repository/Final Object Repo/Login Page/Internal User/Login Button' is clicked on

2018-12-12 11:42:08 - [TEST_STEP][PASSED] - delay: Delayed 2 second(s)

2018-12-12 11:42:10 - [MESSAGE][PASSED] - Delayed 2 second(s)

2018-12-12 11:42:10 - [TEST_STEP][PASSED] - Statement - Try: Delayed 2 second(s)

2018-12-12 11:42:10 - [TEST_STEP][PASSED] - Statement - Checker = false: null

2018-12-12 11:42:10 - [TEST_STEP][PASSED] - Statement - Checker = com.kms.katalon.core.webui.keyword.WebUiBuiltInKeywords.verifyElementHasAttribute(com.kms.katalon.core.testobject.ObjectRepository.findTestObject(Final Object Repo/Landing Page/BM Detecting), "href", 20, OPTIONAL): Object 'Object Repository/Final Object Repo/Landing Page/BM Detecting' has attribute 'href'

2018-12-12 11:42:10 - [MESSAGE][PASSED] - Object 'Object Repository/Final Object Repo/Landing Page/BM Detecting' has attribute 'href'

2018-12-12 11:42:10 - [TEST_STEP][PASSED] - Statement - out.println(Checker): null

2018-12-12 11:42:10 - [TEST_STEP][PASSED] - Statement - If (Checker == false): null

2018-12-12 11:42:10 - [TEST_STEP][PASSED] - Statement - Else: null

2018-12-12 11:42:10 - [TEST_STEP][PASSED] - delay: Delayed 2 second(s)

2018-12-12 11:42:12 - [MESSAGE][PASSED] - Delayed 2 second(s)

2018-12-12 11:42:12 - [TEST_STEP][PASSED] - click: Object: 'Object Repository/Final Object Repo/Page_MyASSIST - ASSIST - Search Pending Case For Add Supporting Document/Search Information' is clicked on

2018-12-12 11:42:13 - [MESSAGE][PASSED] - Object: 'Object Repository/Final Object Repo/Page_MyASSIST - ASSIST - Search Pending Case For Add Supporting Document/Search Information' is clicked on

2018-12-12 11:42:13 - [TEST_STEP][PASSED] - delay: Delayed 3 second(s)

2018-12-12 11:42:16 - [MESSAGE][PASSED] - Delayed 3 second(s)

2018-12-12 11:42:16 - [TEST_STEP][PASSED] - sendKeys: Keys 'CUN122018C100005998' sent to object: 'Object Repository/Final Object Repo/Page_MyASSIST - ASSIST - Search Pending Case For Add Supporting Document/Reference No'

2018-12-12 11:42:16 - [MESSAGE][PASSED] - Keys 'CUN122018C100005998' sent to object: 'Object Repository/Final Object Repo/Page_MyASSIST - ASSIST - Search Pending Case For Add Supporting Document/Reference No'

2018-12-12 11:42:16 - [TEST_STEP][PASSED] - click: Object: 'Object Repository/Final Object Repo/Page_MyASSIST - ASSIST - Search Pending Case For Add Supporting Document/Search Reference No' is clicked on

2018-12-12 11:42:16 - [MESSAGE][PASSED] - Object: 'Object Repository/Final Object Repo/Page_MyASSIST - ASSIST - Search Pending Case For Add Supporting Document/Search Reference No' is clicked on

2018-12-12 11:42:16 - [TEST_STEP][PASSED] - delay: Delayed 2 second(s)

2018-12-12 11:42:18 - [MESSAGE][PASSED] - Delayed 2 second(s)

2018-12-12 11:42:18 - [TEST_STEP][PASSED] - click: Object: 'Object Repository/Final Object Repo/Page_MyASSIST - ASSIST - Search Pending Case For Add Supporting Document/Continue' is clicked on

2018-12-12 11:42:22 - [MESSAGE][PASSED] - Object: 'Object Repository/Final Object Repo/Page_MyASSIST - ASSIST - Search Pending Case For Add Supporting Document/Continue' is clicked on

2018-12-12 11:42:22 - [TEST_STEP][PASSED] - delay: Delayed 20 second(s)

2018-12-12 11:42:42 - [MESSAGE][PASSED] - Delayed 20 second(s)

2018-12-12 11:42:42 - [MESSAGE][PASSED] - Call Test Case 'Test Cases/Final Aug 2018 - PKS Automation/Registration Module/Workflow/Login and Search Case For Workflow' successfully

2018-12-12 11:42:42 - [TEST_STEP][PASSED] - delay: Delayed 2 second(s)

2018-12-12 11:42:44 - [MESSAGE][PASSED] - Delayed 2 second(s)

2018-12-12 11:42:44 - [TEST_STEP][PASSED] - click: Object: 'Object Repository/Final Object Repo/Page_Update Employer Information/Page_Update Employer Information UO (Approve)/Continue' is clicked on

2018-12-12 11:42:47 - [MESSAGE][PASSED] - Object: 'Object Repository/Final Object Repo/Page_Update Employer Information/Page_Update Employer Information UO (Approve)/Continue' is clicked on

2018-12-12 11:42:47 - [TEST_STEP][PASSED] - delay: Delayed 2 second(s)

2018-12-12 11:42:49 - [MESSAGE][PASSED] - Delayed 2 second(s)

2018-12-12 11:42:49 - [TEST_STEP][PASSED] - click: Object: 'Object Repository/Final Object Repo/Page_Update Employer Information/Page_Update Employer Information UO (Approve)/Save  Continue in Update Employer Information Page' is clicked on

2018-12-12 11:42:49 - [MESSAGE][PASSED] - Object: 'Object Repository/Final Object Repo/Page_Update Employer Information/Page_Update Employer Information UO (Approve)/Save  Continue in Update Employer Information Page' is clicked on

2018-12-12 11:42:49 - [TEST_STEP][PASSED] - delay: Delayed 2 second(s)

2018-12-12 11:42:51 - [MESSAGE][PASSED] - Delayed 2 second(s)

2018-12-12 11:42:51 - [TEST_STEP][PASSED] - click: Object: 'Object Repository/Final Object Repo/Page_Update Employer Information/Page_Update Employer Information UO (Approve)/Save  Continue in Uploading Supporting Document Page' is clicked on

2018-12-12 11:42:54 - [MESSAGE][PASSED] - Object: 'Object Repository/Final Object Repo/Page_Update Employer Information/Page_Update Employer Information UO (Approve)/Save  Continue in Uploading Supporting Document Page' is clicked on

2018-12-12 11:42:54 - [TEST_STEP][PASSED] - delay: Delayed 2 second(s)

2018-12-12 11:42:56 - [MESSAGE][PASSED] - Delayed 2 second(s)

2018-12-12 11:42:56 - [TEST_STEP][PASSED] - click: Object: 'Object Repository/Final Object Repo/Page_Update Employer Information/Page_Update Employer Information UO (Under enforcement)/Under enforcement' is clicked on

2018-12-12 11:42:58 - [MESSAGE][PASSED] - Object: 'Object Repository/Final Object Repo/Page_Update Employer Information/Page_Update Employer Information UO (Under enforcement)/Under enforcement' is clicked on

2018-12-12 11:42:58 - [TEST_STEP][PASSED] - delay: Delayed 2 second(s)

2018-12-12 11:43:00 - [MESSAGE][PASSED] - Delayed 2 second(s)

2018-12-12 11:43:00 - [TEST_STEP][PASSED] - setText: Text 'remark' is set on object 'Object Repository/Final Object Repo/Page_Update Employer Information/Page_Update Employer Information UO (Under enforcement)/Under enforcement - remark'

2018-12-12 11:43:00 - [MESSAGE][PASSED] - Text 'remark' is set on object 'Object Repository/Final Object Repo/Page_Update Employer Information/Page_Update Employer Information UO (Under enforcement)/Under enforcement - remark'

2018-12-12 11:43:00 - [TEST_STEP][PASSED] - delay: Delayed 2 second(s)

2018-12-12 11:43:02 - [MESSAGE][PASSED] - Delayed 2 second(s)

2018-12-12 11:43:02 - [TEST_STEP][PASSED] - click: Object: 'Object Repository/Final Object Repo/Page_Update Employer Information/Page_Update Employer Information UO (Under enforcement)/Save  Continue in Under enfocement Page' is clicked on

2018-12-12 11:43:02 - [MESSAGE][PASSED] - Object: 'Object Repository/Final Object Repo/Page_Update Employer Information/Page_Update Employer Information UO (Under enforcement)/Save  Continue in Under enfocement Page' is clicked on

2018-12-12 11:43:02 - [TEST_STEP][PASSED] - delay: Delayed 2 second(s)

2018-12-12 11:43:04 - [MESSAGE][PASSED] - Delayed 2 second(s)

2018-12-12 11:43:04 - [TEST_STEP][PASSED] - doubleClick: Object: 'Object Repository/Final Object Repo/Page_Update Employer Information/Page_Update Employer Information UO (Under enforcement)/Message The case is under enforceme' is double clicked on

2018-12-12 11:43:05 - [MESSAGE][PASSED] - Object: 'Object Repository/Final Object Repo/Page_Update Employer Information/Page_Update Employer Information UO (Under enforcement)/Message The case is under enforceme' is double clicked on

2018-12-12 11:43:05 - [MESSAGE][PASSED] - Call Test Case 'Test Cases/Final Aug 2018 - PKS Automation/Registration Module/Workflow/Update Employer Information/Template/Update Employer Information - Special Case - UO (Under enforcement)' successfully]]></system-out>
         <system-err><![CDATA[]]></system-err>
      </testcase>
      <testcase name="Test Cases/Final Aug 2018 - PKS Automation/Registration Module/Workflow/Update Employer Information/OTC - UO (Approve)" classname="Test Cases/Final Aug 2018 - PKS Automation/Registration Module/Workflow/Update Employer Information/OTC - UO (Approve)" status="PASSED">
         <system-out><![CDATA[2018-12-12 11:43:05 - [TEST_CASE][PASSED] - Test Cases/Final Aug 2018 - PKS Automation/Registration Module/Workflow/Update Employer Information/OTC - UO (Approve): Test Cases/Final Aug 2018 - PKS Automation/Registration Module/Workflow/Update Employer Information/OTC - UO (Approve)

2018-12-12 11:43:06 - [TEST_STEP][PASSED] - callTestCase: Call Test Case 'Test Cases/Final Aug 2018 - PKS Automation/Registration Module/Workflow/Update Employer Information/Template/Update Employer Information - Special Case (OTC)' successfully

2018-12-12 11:43:06 - [TEST_CASE][PASSED] - Test Cases/Final Aug 2018 - PKS Automation/Registration Module/Workflow/Update Employer Information/Template/Update Employer Information - Special Case (OTC): Test Cases/Final Aug 2018 - PKS Automation/Registration Module/Workflow/Update Employer Information/Template/Update Employer Information - Special Case (OTC)

2018-12-12 11:43:06 - [TEST_STEP][PASSED] - openBrowser: Browser is opened with url: ''

2018-12-12 11:43:06 - [MESSAGE][WARNING] - A browser is already opened. Closing browser and opening a new one

2018-12-12 11:43:10 - [MESSAGE][PASSED] - Browser is opened with url: ''

2018-12-12 11:43:10 - [TEST_STEP][PASSED] - navigateToUrl: Navigate to 'https://assist2-uat.perkeso.gov.my/login' successfully

2018-12-12 11:43:11 - [MESSAGE][PASSED] - Navigate to 'https://assist2-uat.perkeso.gov.my/login' successfully

2018-12-12 11:43:11 - [TEST_STEP][PASSED] - setText: Text 'johorotc1@gmail.com' is set on object 'Object Repository/Final Object Repo/Login Page/Internal User/Email Address'

2018-12-12 11:43:11 - [MESSAGE][PASSED] - Text 'johorotc1@gmail.com' is set on object 'Object Repository/Final Object Repo/Login Page/Internal User/Email Address'

2018-12-12 11:43:11 - [TEST_STEP][PASSED] - click: Object: 'Object Repository/Final Object Repo/Login Page/Internal User/Next Button' is clicked on

2018-12-12 11:43:11 - [MESSAGE][PASSED] - Object: 'Object Repository/Final Object Repo/Login Page/Internal User/Next Button' is clicked on

2018-12-12 11:43:11 - [TEST_STEP][PASSED] - delay: Delayed 1 second(s)

2018-12-12 11:43:12 - [MESSAGE][PASSED] - Delayed 1 second(s)

2018-12-12 11:43:12 - [TEST_STEP][PASSED] - setEncryptedText: Text ****** has been set on object 'Object Repository/Final Object Repo/Login Page/Internal User/Password'

2018-12-12 11:43:13 - [MESSAGE][PASSED] - Text ****** has been set on object 'Object Repository/Final Object Repo/Login Page/Internal User/Password'

2018-12-12 11:43:13 - [TEST_STEP][PASSED] - click: Object: 'Object Repository/Final Object Repo/Login Page/Internal User/Login Button' is clicked on

2018-12-12 11:43:13 - [MESSAGE][PASSED] - Object: 'Object Repository/Final Object Repo/Login Page/Internal User/Login Button' is clicked on

2018-12-12 11:43:13 - [TEST_STEP][PASSED] - Statement - tester = com.kms.katalon.core.testobject.ObjectRepository.findTestObject(Final Object Repo/Landing Page/Select to English): Finding Test Object with id 'Object Repository/Final Object Repo/Landing Page/Select to English'

2018-12-12 11:43:13 - [TEST_STEP][PASSED] - Statement - Try: Delayed 2 second(s)

2018-12-12 11:43:13 - [TEST_STEP][PASSED] - Statement - Checker = com.kms.katalon.core.webui.keyword.WebUiBuiltInKeywords.verifyElementNotPresent(tester, 3): Web element with id: 'Object Repository/Final Object Repo/Landing Page/Select to English' located by 'By.xpath: //a[@class = 'taglib-language-list-text' and @lang = 'en-US' and (contains(text(), 'EN') or contains(., 'EN'))]' is not present after '3' second(s)

2018-12-12 11:43:15 - [MESSAGE][PASSED] - Web element with id: 'Object Repository/Final Object Repo/Landing Page/Select to English' located by 'By.xpath: //a[@class = 'taglib-language-list-text' and @lang = 'en-US' and (contains(text(), 'EN') or contains(., 'EN'))]' is not present after '3' second(s)

2018-12-12 11:43:15 - [TEST_STEP][PASSED] - Statement - If (Checker == false): null

2018-12-12 11:43:15 - [TEST_STEP][PASSED] - delay: Delayed 2 second(s)

2018-12-12 11:43:17 - [MESSAGE][PASSED] - Delayed 2 second(s)

2018-12-12 11:43:17 - [TEST_STEP][PASSED] - delay: Delayed 5 second(s)

2018-12-12 11:43:22 - [MESSAGE][PASSED] - Delayed 5 second(s)

2018-12-12 11:43:22 - [TEST_STEP][PASSED] - navigateToUrl: Navigate to 'https://assist2-uat.perkeso.gov.my/web/registration/update/update-employer-information' successfully

2018-12-12 11:43:23 - [MESSAGE][PASSED] - Navigate to 'https://assist2-uat.perkeso.gov.my/web/registration/update/update-employer-information' successfully

2018-12-12 11:43:23 - [TEST_STEP][PASSED] - setText: Text 'E1102001065V ' is set on object 'Object Repository/Final Object Repo/Page_Update Employer Information/Employer Code'

2018-12-12 11:43:23 - [MESSAGE][PASSED] - Text 'E1102001065V ' is set on object 'Object Repository/Final Object Repo/Page_Update Employer Information/Employer Code'

2018-12-12 11:43:23 - [TEST_STEP][PASSED] - click: Object: 'Object Repository/Final Object Repo/Page_Update Employer Information/Search Button' is clicked on

2018-12-12 11:43:23 - [MESSAGE][PASSED] - Object: 'Object Repository/Final Object Repo/Page_Update Employer Information/Search Button' is clicked on

2018-12-12 11:43:23 - [TEST_STEP][PASSED] - click: Object: 'Object Repository/Final Object Repo/Page_Update Employer Information/Edit Button' is clicked on

2018-12-12 11:43:27 - [MESSAGE][PASSED] - Object: 'Object Repository/Final Object Repo/Page_Update Employer Information/Edit Button' is clicked on

2018-12-12 11:43:27 - [TEST_STEP][PASSED] - click: Object: 'Object Repository/Final Object Repo/Page_Update Employer Information/Business Entity' is clicked on

2018-12-12 11:43:27 - [MESSAGE][PASSED] - Object: 'Object Repository/Final Object Repo/Page_Update Employer Information/Business Entity' is clicked on

2018-12-12 11:43:27 - [TEST_STEP][PASSED] - Statement - CurrentBusinessEntity = "": null

2018-12-12 11:43:27 - [TEST_STEP][PASSED] - Statement - CurrentBusinessEntity = com.kms.katalon.core.webui.keyword.WebUiBuiltInKeywords.getText(com.kms.katalon.core.testobject.ObjectRepository.findTestObject(Final Object Repo/Page_Update Employer Information/Current Business Entity)): Text of object 'Object Repository/Final Object Repo/Page_Update Employer Information/Current Business Entity' is: 'Others'

2018-12-12 11:43:27 - [MESSAGE][PASSED] - Text of object 'Object Repository/Final Object Repo/Page_Update Employer Information/Current Business Entity' is: 'Others'

2018-12-12 11:43:27 - [TEST_STEP][PASSED] - Statement - out.println(CurrentBusinessEntity): null

2018-12-12 11:43:27 - [TEST_STEP][PASSED] - Statement - If (CurrentBusinessEntity == "Corporation"): null

2018-12-12 11:43:27 - [TEST_STEP][PASSED] - Statement - Else If (CurrentBusinessEntity == "Partnership"): null

2018-12-12 11:43:27 - [TEST_STEP][PASSED] - Statement - Else If (CurrentBusinessEntity == "Sole Proprietor / Individual Business"): null

2018-12-12 11:43:27 - [TEST_STEP][PASSED] - Statement - Else If (CurrentBusinessEntity == "Others"): Delayed 3 second(s)

2018-12-12 11:43:27 - [TEST_STEP][PASSED] - Statement - obj = com.kms.katalon.core.webui.keyword.WebUiBuiltInKeywords.modifyObjectProperty(com.kms.katalon.core.testobject.ObjectRepository.findTestObject(Final Object Repo/Page_Update Employer Information/change to this Business Entity), "xpath", "equals", "//ul/li/span[contains(text(),"Partnership")]", true, STOP_ON_FAILURE): Modify property of object successfully

2018-12-12 11:43:27 - [MESSAGE][PASSED] - Modify property of object successfully

2018-12-12 11:43:27 - [TEST_STEP][PASSED] - click: Object: 'Object Repository/Final Object Repo/Page_Update Employer Information/change to this Business Entity' is clicked on

2018-12-12 11:43:27 - [MESSAGE][PASSED] - Object: 'Object Repository/Final Object Repo/Page_Update Employer Information/change to this Business Entity' is clicked on

2018-12-12 11:43:27 - [TEST_STEP][PASSED] - delay: Delayed 1 second(s)

2018-12-12 11:43:28 - [MESSAGE][PASSED] - Delayed 1 second(s)

2018-12-12 11:43:28 - [TEST_STEP][PASSED] - click: Object: 'Object Repository/Final Object Repo/Page_Update Employer Information/Sub Business Entity' is clicked on

2018-12-12 11:43:28 - [MESSAGE][PASSED] - Object: 'Object Repository/Final Object Repo/Page_Update Employer Information/Sub Business Entity' is clicked on

2018-12-12 11:43:28 - [TEST_STEP][PASSED] - click: Object: 'Object Repository/Final Object Repo/Page_Update Employer Information/Sub Business Entity - Partnership - Registered With other Agencies' is clicked on

2018-12-12 11:43:29 - [MESSAGE][PASSED] - Object: 'Object Repository/Final Object Repo/Page_Update Employer Information/Sub Business Entity - Partnership - Registered With other Agencies' is clicked on

2018-12-12 11:43:29 - [TEST_STEP][PASSED] - delay: Delayed 3 second(s)

2018-12-12 11:43:32 - [MESSAGE][PASSED] - Delayed 3 second(s)

2018-12-12 11:43:32 - [TEST_STEP][PASSED] - delay: Delayed 4 second(s)

2018-12-12 11:43:36 - [MESSAGE][PASSED] - Delayed 4 second(s)

2018-12-12 11:43:36 - [TEST_STEP][PASSED] - click: Object: 'Object Repository/Final Object Repo/Page_Update Employer Information/Save  Continue' is clicked on

2018-12-12 11:43:36 - [MESSAGE][PASSED] - Object: 'Object Repository/Final Object Repo/Page_Update Employer Information/Save  Continue' is clicked on

2018-12-12 11:43:36 - [TEST_STEP][PASSED] - delay: Delayed 4 second(s)

2018-12-12 11:43:40 - [MESSAGE][PASSED] - Delayed 4 second(s)

2018-12-12 11:43:40 - [TEST_STEP][PASSED] - click: Object: 'Object Repository/Final Object Repo/Page_Update Employer Information/Save  Continue (1)' is clicked on

2018-12-12 11:43:40 - [MESSAGE][PASSED] - Object: 'Object Repository/Final Object Repo/Page_Update Employer Information/Save  Continue (1)' is clicked on

2018-12-12 11:43:40 - [TEST_STEP][PASSED] - delay: Delayed 4 second(s)

2018-12-12 11:43:44 - [MESSAGE][PASSED] - Delayed 4 second(s)

2018-12-12 11:43:44 - [TEST_STEP][PASSED] - Statement - CaseReferenceNo = com.kms.katalon.core.webui.keyword.WebUiBuiltInKeywords.getText(com.kms.katalon.core.testobject.ObjectRepository.findTestObject(Final Object Repo/Page_Update Employer Information/Reference Number in Update Employee Information Page)): Text of object 'Object Repository/Final Object Repo/Page_Update Employer Information/Reference Number in Update Employee Information Page' is: 'CUN122018C100005999'

2018-12-12 11:43:44 - [MESSAGE][PASSED] - Text of object 'Object Repository/Final Object Repo/Page_Update Employer Information/Reference Number in Update Employee Information Page' is: 'CUN122018C100005999'

2018-12-12 11:43:44 - [TEST_STEP][PASSED] - callTestCase: Call Test Case 'Test Cases/Final Aug 2018 - PKS Automation/Common/Reference Number Setter' successfully

2018-12-12 11:43:44 - [TEST_CASE][PASSED] - Test Cases/Final Aug 2018 - PKS Automation/Common/Reference Number Setter: Test Cases/Final Aug 2018 - PKS Automation/Common/Reference Number Setter

2018-12-12 11:43:44 - [TEST_STEP][PASSED] - Statement - RefNoOldFile = new java.io.File(C://Users//Admin//Desktop//PKS//Automation Reference Point//KatalonReference.txt): null

2018-12-12 11:43:44 - [TEST_STEP][PASSED] - Statement - RefNoOldFile.delete(): null

2018-12-12 11:43:44 - [TEST_STEP][PASSED] - delay: Delayed 5 second(s)

2018-12-12 11:43:49 - [MESSAGE][PASSED] - Delayed 5 second(s)

2018-12-12 11:43:49 - [TEST_STEP][PASSED] - Statement - RefNo = new java.io.File(C://Users//Admin//Desktop//PKS//Automation Reference Point//KatalonReference.txt): null

2018-12-12 11:43:49 - [TEST_STEP][PASSED] - Statement - f2 = new java.io.FileWriter(RefNo, false): null

2018-12-12 11:43:49 - [TEST_STEP][PASSED] - Statement - f2.write(CaseReferenceNo): null

2018-12-12 11:43:49 - [TEST_STEP][PASSED] - Statement - f2.close(): null

2018-12-12 11:43:49 - [TEST_STEP][PASSED] - Statement - out.println("


" + CaseReferenceNo + "


"): null

2018-12-12 11:43:49 - [MESSAGE][PASSED] - Call Test Case 'Test Cases/Final Aug 2018 - PKS Automation/Common/Reference Number Setter' successfully

2018-12-12 11:43:49 - [TEST_STEP][PASSED] - delay: Delayed 4 second(s)

2018-12-12 11:43:53 - [MESSAGE][PASSED] - Delayed 4 second(s)

2018-12-12 11:43:53 - [TEST_STEP][PASSED] - click: Object: 'Object Repository/Final Object Repo/Page_Update Employer Information/Submit - Copy' is clicked on

2018-12-12 11:43:53 - [MESSAGE][PASSED] - Object: 'Object Repository/Final Object Repo/Page_Update Employer Information/Submit - Copy' is clicked on

2018-12-12 11:43:53 - [TEST_STEP][PASSED] - delay: Delayed 2 second(s)

2018-12-12 11:43:55 - [MESSAGE][PASSED] - Delayed 2 second(s)

2018-12-12 11:43:55 - [TEST_STEP][PASSED] - click: Object: 'Object Repository/Final Object Repo/Page_Update Employer Information/Confirm' is clicked on

2018-12-12 11:43:55 - [MESSAGE][PASSED] - Object: 'Object Repository/Final Object Repo/Page_Update Employer Information/Confirm' is clicked on

2018-12-12 11:43:55 - [TEST_STEP][PASSED] - delay: Delayed 2 second(s)

2018-12-12 11:43:57 - [MESSAGE][PASSED] - Delayed 2 second(s)

2018-12-12 11:43:57 - [TEST_STEP][PASSED] - click: Object: 'Object Repository/Final Object Repo/Page_Update Employer Information/Message Your Request will be route' is clicked on

2018-12-12 11:43:59 - [MESSAGE][PASSED] - Object: 'Object Repository/Final Object Repo/Page_Update Employer Information/Message Your Request will be route' is clicked on

2018-12-12 11:43:59 - [MESSAGE][PASSED] - Call Test Case 'Test Cases/Final Aug 2018 - PKS Automation/Registration Module/Workflow/Update Employer Information/Template/Update Employer Information - Special Case (OTC)' successfully

2018-12-12 11:43:59 - [TEST_STEP][PASSED] - callTestCase: Call Test Case 'Test Cases/Final Aug 2018 - PKS Automation/Registration Module/Workflow/Update Employer Information/Template/Update Employer Information - Special Case - UO (Approve)' successfully

2018-12-12 11:43:59 - [TEST_CASE][PASSED] - Test Cases/Final Aug 2018 - PKS Automation/Registration Module/Workflow/Update Employer Information/Template/Update Employer Information - Special Case - UO (Approve): Test Cases/Final Aug 2018 - PKS Automation/Registration Module/Workflow/Update Employer Information/Template/Update Employer Information - Special Case - UO (Approve)

2018-12-12 11:43:59 - [TEST_STEP][NOT_RUN] - callTestCase: NOT_RUN: callTestCase

2018-12-12 11:43:59 - [MESSAGE][NOT_RUN] - NOT_RUN: callTestCase

2018-12-12 11:43:59 - [TEST_STEP][NOT_RUN] - delay: NOT_RUN: delay

2018-12-12 11:43:59 - [MESSAGE][NOT_RUN] - NOT_RUN: delay

2018-12-12 11:43:59 - [TEST_STEP][NOT_RUN] - navigateToUrl: NOT_RUN: navigateToUrl

2018-12-12 11:43:59 - [MESSAGE][NOT_RUN] - NOT_RUN: navigateToUrl

2018-12-12 11:43:59 - [TEST_STEP][PASSED] - delay: Delayed 1 second(s)

2018-12-12 11:44:00 - [MESSAGE][PASSED] - Delayed 1 second(s)

2018-12-12 11:44:00 - [TEST_STEP][PASSED] - callTestCase: Call Test Case 'Test Cases/Final Aug 2018 - PKS Automation/Common/Reference Number Getter' successfully

2018-12-12 11:44:01 - [TEST_CASE][PASSED] - Test Cases/Final Aug 2018 - PKS Automation/Common/Reference Number Getter: Test Cases/Final Aug 2018 - PKS Automation/Common/Reference Number Getter

2018-12-12 11:44:01 - [TEST_STEP][PASSED] - Statement - Try: null

2018-12-12 11:44:01 - [TEST_STEP][PASSED] - Statement - RefNo = new java.io.File(C://Users//Admin//Desktop//PKS//Automation Reference Point//KatalonReference.txt): null

2018-12-12 11:44:01 - [TEST_STEP][PASSED] - Statement - bufferread = new java.io.BufferedReader(new java.io.FileReader(RefNo)): null

2018-12-12 11:44:01 - [TEST_STEP][PASSED] - Statement - readedVal = bufferread.readLine(): null

2018-12-12 11:44:01 - [TEST_STEP][PASSED] - Statement - out.println(CaseReferenceNo): null

2018-12-12 11:44:01 - [TEST_STEP][PASSED] - Statement - out.println(readedVal): null

2018-12-12 11:44:01 - [TEST_STEP][PASSED] - Statement - CaseReferenceNo = "": null

2018-12-12 11:44:01 - [TEST_STEP][PASSED] - Statement - CaseReferenceNo = readedVal: null

2018-12-12 11:44:01 - [MESSAGE][PASSED] - Call Test Case 'Test Cases/Final Aug 2018 - PKS Automation/Common/Reference Number Getter' successfully

2018-12-12 11:44:01 - [TEST_STEP][PASSED] - callTestCase: Call Test Case 'Test Cases/Final Aug 2018 - PKS Automation/Common/Workflow Owner Finder' successfully

2018-12-12 11:44:01 - [TEST_CASE][PASSED] - Test Cases/Final Aug 2018 - PKS Automation/Common/Workflow Owner Finder: Test Cases/Final Aug 2018 - PKS Automation/Common/Workflow Owner Finder

2018-12-12 11:44:01 - [TEST_STEP][PASSED] - openBrowser: Browser is opened with url: ''

2018-12-12 11:44:01 - [MESSAGE][WARNING] - A browser is already opened. Closing browser and opening a new one

2018-12-12 11:44:04 - [MESSAGE][PASSED] - Browser is opened with url: ''

2018-12-12 11:44:04 - [TEST_STEP][PASSED] - navigateToUrl: Navigate to 'https://assist2-uat.perkeso.gov.my/login' successfully

2018-12-12 11:44:05 - [MESSAGE][PASSED] - Navigate to 'https://assist2-uat.perkeso.gov.my/login' successfully

2018-12-12 11:44:05 - [TEST_STEP][PASSED] - delay: Delayed 5 second(s)

2018-12-12 11:44:10 - [MESSAGE][PASSED] - Delayed 5 second(s)

2018-12-12 11:44:10 - [TEST_STEP][PASSED] - setText: Text 'test@liferay.com' is set on object 'Object Repository/Final Object Repo/Login Page/Internal User/Email Address'

2018-12-12 11:44:11 - [MESSAGE][PASSED] - Text 'test@liferay.com' is set on object 'Object Repository/Final Object Repo/Login Page/Internal User/Email Address'

2018-12-12 11:44:11 - [TEST_STEP][PASSED] - click: Object: 'Object Repository/Final Object Repo/Login Page/Internal User/Next Button' is clicked on

2018-12-12 11:44:11 - [MESSAGE][PASSED] - Object: 'Object Repository/Final Object Repo/Login Page/Internal User/Next Button' is clicked on

2018-12-12 11:44:11 - [TEST_STEP][PASSED] - delay: Delayed 2 second(s)

2018-12-12 11:44:13 - [MESSAGE][PASSED] - Delayed 2 second(s)

2018-12-12 11:44:13 - [TEST_STEP][PASSED] - setText: Text 'test' is set on object 'Object Repository/Final Object Repo/Login Page/Internal User/Password'

2018-12-12 11:44:13 - [MESSAGE][PASSED] - Text 'test' is set on object 'Object Repository/Final Object Repo/Login Page/Internal User/Password'

2018-12-12 11:44:13 - [TEST_STEP][PASSED] - delay: Delayed 2 second(s)

2018-12-12 11:44:15 - [MESSAGE][PASSED] - Delayed 2 second(s)

2018-12-12 11:44:15 - [TEST_STEP][PASSED] - click: Object: 'Object Repository/Final Object Repo/Login Page/Internal User/Login Button' is clicked on

2018-12-12 11:44:15 - [MESSAGE][PASSED] - Object: 'Object Repository/Final Object Repo/Login Page/Internal User/Login Button' is clicked on

2018-12-12 11:44:15 - [TEST_STEP][PASSED] - Statement - tester = com.kms.katalon.core.testobject.ObjectRepository.findTestObject(Final Object Repo/Landing Page/Select to English): Finding Test Object with id 'Object Repository/Final Object Repo/Landing Page/Select to English'

2018-12-12 11:44:15 - [TEST_STEP][PASSED] - Statement - Try: Delayed 2 second(s)

2018-12-12 11:44:15 - [TEST_STEP][PASSED] - Statement - Checker = com.kms.katalon.core.webui.keyword.WebUiBuiltInKeywords.verifyElementNotPresent(tester, 3): Web element with id: 'Object Repository/Final Object Repo/Landing Page/Select to English' located by 'By.xpath: //a[@class = 'taglib-language-list-text' and @lang = 'en-US' and (contains(text(), 'EN') or contains(., 'EN'))]' is not present after '3' second(s)

2018-12-12 11:44:17 - [MESSAGE][PASSED] - Web element with id: 'Object Repository/Final Object Repo/Landing Page/Select to English' located by 'By.xpath: //a[@class = 'taglib-language-list-text' and @lang = 'en-US' and (contains(text(), 'EN') or contains(., 'EN'))]' is not present after '3' second(s)

2018-12-12 11:44:17 - [TEST_STEP][PASSED] - Statement - If (Checker == false): null

2018-12-12 11:44:17 - [TEST_STEP][PASSED] - delay: Delayed 2 second(s)

2018-12-12 11:44:19 - [MESSAGE][PASSED] - Delayed 2 second(s)

2018-12-12 11:44:19 - [TEST_STEP][PASSED] - delay: Delayed 5 second(s)

2018-12-12 11:44:24 - [MESSAGE][PASSED] - Delayed 5 second(s)

2018-12-12 11:44:24 - [TEST_STEP][PASSED] - mouseOver: Object: 'Object Repository/Final Object Repo/Landing Page/WorkFlow Menu' is hovered

2018-12-12 11:44:24 - [MESSAGE][PASSED] - Object: 'Object Repository/Final Object Repo/Landing Page/WorkFlow Menu' is hovered

2018-12-12 11:44:24 - [TEST_STEP][PASSED] - delay: Delayed 2 second(s)

2018-12-12 11:44:26 - [MESSAGE][PASSED] - Delayed 2 second(s)

2018-12-12 11:44:26 - [TEST_STEP][PASSED] - click: Object: 'Object Repository/Final Object Repo/Landing Page/Select to Workflow Listing' is clicked on

2018-12-12 11:44:27 - [MESSAGE][PASSED] - Object: 'Object Repository/Final Object Repo/Landing Page/Select to Workflow Listing' is clicked on

2018-12-12 11:44:27 - [TEST_STEP][PASSED] - delay: Delayed 2 second(s)

2018-12-12 11:44:29 - [MESSAGE][PASSED] - Delayed 2 second(s)

2018-12-12 11:44:29 - [TEST_STEP][PASSED] - click: Object: 'Object Repository/Final Object Repo/WorkFlow Listing Page/Search Information - To Put Ref No' is clicked on

2018-12-12 11:44:29 - [MESSAGE][PASSED] - Object: 'Object Repository/Final Object Repo/WorkFlow Listing Page/Search Information - To Put Ref No' is clicked on

2018-12-12 11:44:29 - [TEST_STEP][PASSED] - delay: Delayed 2 second(s)

2018-12-12 11:44:31 - [MESSAGE][PASSED] - Delayed 2 second(s)

2018-12-12 11:44:31 - [TEST_STEP][PASSED] - callTestCase: Call Test Case 'Test Cases/Final Aug 2018 - PKS Automation/Common/Reference Number Getter' successfully

2018-12-12 11:44:31 - [TEST_CASE][PASSED] - Test Cases/Final Aug 2018 - PKS Automation/Common/Reference Number Getter: Test Cases/Final Aug 2018 - PKS Automation/Common/Reference Number Getter

2018-12-12 11:44:31 - [TEST_STEP][PASSED] - Statement - Try: null

2018-12-12 11:44:31 - [TEST_STEP][PASSED] - Statement - RefNo = new java.io.File(C://Users//Admin//Desktop//PKS//Automation Reference Point//KatalonReference.txt): null

2018-12-12 11:44:31 - [TEST_STEP][PASSED] - Statement - bufferread = new java.io.BufferedReader(new java.io.FileReader(RefNo)): null

2018-12-12 11:44:31 - [TEST_STEP][PASSED] - Statement - readedVal = bufferread.readLine(): null

2018-12-12 11:44:31 - [TEST_STEP][PASSED] - Statement - out.println(CaseReferenceNo): null

2018-12-12 11:44:31 - [TEST_STEP][PASSED] - Statement - out.println(readedVal): null

2018-12-12 11:44:31 - [TEST_STEP][PASSED] - Statement - CaseReferenceNo = "": null

2018-12-12 11:44:31 - [TEST_STEP][PASSED] - Statement - CaseReferenceNo = readedVal: null

2018-12-12 11:44:31 - [MESSAGE][PASSED] - Call Test Case 'Test Cases/Final Aug 2018 - PKS Automation/Common/Reference Number Getter' successfully

2018-12-12 11:44:31 - [TEST_STEP][PASSED] - setText: Text 'CUN122018C100005999' is set on object 'Object Repository/Final Object Repo/WorkFlow Listing Page/Ref No Set Text'

2018-12-12 11:44:32 - [MESSAGE][PASSED] - Text 'CUN122018C100005999' is set on object 'Object Repository/Final Object Repo/WorkFlow Listing Page/Ref No Set Text'

2018-12-12 11:44:32 - [TEST_STEP][PASSED] - delay: Delayed 2 second(s)

2018-12-12 11:44:34 - [MESSAGE][PASSED] - Delayed 2 second(s)

2018-12-12 11:44:34 - [TEST_STEP][PASSED] - click: Object: 'Object Repository/Final Object Repo/WorkFlow Listing Page/Search Ref No Search Button' is clicked on

2018-12-12 11:44:34 - [MESSAGE][PASSED] - Object: 'Object Repository/Final Object Repo/WorkFlow Listing Page/Search Ref No Search Button' is clicked on

2018-12-12 11:44:34 - [TEST_STEP][PASSED] - delay: Delayed 6 second(s)

2018-12-12 11:44:40 - [MESSAGE][PASSED] - Delayed 6 second(s)

2018-12-12 11:44:40 - [TEST_STEP][PASSED] - click: Object: 'Object Repository/Final Object Repo/WorkFlow Listing Page/Click Continue Tooltip' is clicked on

2018-12-12 11:44:41 - [MESSAGE][PASSED] - Object: 'Object Repository/Final Object Repo/WorkFlow Listing Page/Click Continue Tooltip' is clicked on

2018-12-12 11:44:41 - [TEST_STEP][PASSED] - delay: Delayed 5 second(s)

2018-12-12 11:44:46 - [MESSAGE][PASSED] - Delayed 5 second(s)

2018-12-12 11:44:46 - [TEST_STEP][PASSED] - doubleClick: Object: 'Object Repository/Final Object Repo/WorkFlow Listing Page/Workflow Found - Listing 1' is double clicked on

2018-12-12 11:44:46 - [MESSAGE][PASSED] - Object: 'Object Repository/Final Object Repo/WorkFlow Listing Page/Workflow Found - Listing 1' is double clicked on

2018-12-12 11:44:46 - [TEST_STEP][PASSED] - Statement - println(OwnerID): null

2018-12-12 11:44:46 - [TEST_STEP][PASSED] - Statement - OwnerID = com.kms.katalon.core.webui.keyword.WebUiBuiltInKeywords.getText(com.kms.katalon.core.testobject.ObjectRepository.findTestObject(Final Object Repo/WorkFlow Listing Page/Workflow Found - Listing 1), STOP_ON_FAILURE): Text of object 'Object Repository/Final Object Repo/WorkFlow Listing Page/Workflow Found - Listing 1' is: 'JOHORuo1'

2018-12-12 11:44:46 - [MESSAGE][PASSED] - Text of object 'Object Repository/Final Object Repo/WorkFlow Listing Page/Workflow Found - Listing 1' is: 'JOHORuo1'

2018-12-12 11:44:46 - [TEST_STEP][PASSED] - Statement - OwnerID = OwnerID.toLowerCase() + "@gmail.com": null

2018-12-12 11:44:46 - [TEST_STEP][PASSED] - Statement - println(OwnerID): null

2018-12-12 11:44:46 - [TEST_STEP][PASSED] - delay: Delayed 2 second(s)

2018-12-12 11:44:48 - [MESSAGE][PASSED] - Delayed 2 second(s)

2018-12-12 11:44:48 - [MESSAGE][PASSED] - Call Test Case 'Test Cases/Final Aug 2018 - PKS Automation/Common/Workflow Owner Finder' successfully

2018-12-12 11:44:48 - [TEST_STEP][PASSED] - delay: Delayed 1 second(s)

2018-12-12 11:44:49 - [MESSAGE][PASSED] - Delayed 1 second(s)

2018-12-12 11:44:49 - [TEST_STEP][PASSED] - navigateToUrl: Navigate to 'https://assist2-uat.perkeso.gov.my/c/portal/logout' successfully

2018-12-12 11:44:50 - [MESSAGE][PASSED] - Navigate to 'https://assist2-uat.perkeso.gov.my/c/portal/logout' successfully

2018-12-12 11:44:50 - [TEST_STEP][PASSED] - callTestCase: Call Test Case 'Test Cases/Final Aug 2018 - PKS Automation/Registration Module/Workflow/Login and Search Case For Workflow' successfully

2018-12-12 11:44:50 - [TEST_CASE][PASSED] - Test Cases/Final Aug 2018 - PKS Automation/Registration Module/Workflow/Login and Search Case For Workflow: Test Cases/Final Aug 2018 - PKS Automation/Registration Module/Workflow/Login and Search Case For Workflow

2018-12-12 11:44:50 - [TEST_STEP][PASSED] - navigateToUrl: Navigate to 'https://assist2-uat.perkeso.gov.my/login' successfully

2018-12-12 11:44:51 - [MESSAGE][PASSED] - Navigate to 'https://assist2-uat.perkeso.gov.my/login' successfully

2018-12-12 11:44:51 - [TEST_STEP][PASSED] - setText: Text 'johoruo1@gmail.com' is set on object 'Object Repository/Final Object Repo/Login Page/Internal User/Email Address'

2018-12-12 11:44:51 - [MESSAGE][PASSED] - Text 'johoruo1@gmail.com' is set on object 'Object Repository/Final Object Repo/Login Page/Internal User/Email Address'

2018-12-12 11:44:51 - [TEST_STEP][PASSED] - click: Object: 'Object Repository/Final Object Repo/Login Page/Internal User/Next Button' is clicked on

2018-12-12 11:44:51 - [MESSAGE][PASSED] - Object: 'Object Repository/Final Object Repo/Login Page/Internal User/Next Button' is clicked on

2018-12-12 11:44:51 - [TEST_STEP][PASSED] - delay: Delayed 1 second(s)

2018-12-12 11:44:52 - [MESSAGE][PASSED] - Delayed 1 second(s)

2018-12-12 11:44:52 - [TEST_STEP][PASSED] - setEncryptedText: Text ****** has been set on object 'Object Repository/Final Object Repo/Login Page/Internal User/Password'

2018-12-12 11:44:52 - [MESSAGE][PASSED] - Text ****** has been set on object 'Object Repository/Final Object Repo/Login Page/Internal User/Password'

2018-12-12 11:44:52 - [TEST_STEP][PASSED] - click: Object: 'Object Repository/Final Object Repo/Login Page/Internal User/Login Button' is clicked on

2018-12-12 11:44:52 - [MESSAGE][PASSED] - Object: 'Object Repository/Final Object Repo/Login Page/Internal User/Login Button' is clicked on

2018-12-12 11:44:52 - [TEST_STEP][PASSED] - delay: Delayed 2 second(s)

2018-12-12 11:44:54 - [MESSAGE][PASSED] - Delayed 2 second(s)

2018-12-12 11:44:54 - [TEST_STEP][PASSED] - Statement - Try: Delayed 2 second(s)

2018-12-12 11:44:54 - [TEST_STEP][PASSED] - Statement - Checker = false: null

2018-12-12 11:44:54 - [TEST_STEP][PASSED] - Statement - Checker = com.kms.katalon.core.webui.keyword.WebUiBuiltInKeywords.verifyElementHasAttribute(com.kms.katalon.core.testobject.ObjectRepository.findTestObject(Final Object Repo/Landing Page/BM Detecting), "href", 20, OPTIONAL): Object 'Object Repository/Final Object Repo/Landing Page/BM Detecting' has attribute 'href'

2018-12-12 11:44:55 - [MESSAGE][PASSED] - Object 'Object Repository/Final Object Repo/Landing Page/BM Detecting' has attribute 'href'

2018-12-12 11:44:55 - [TEST_STEP][PASSED] - Statement - out.println(Checker): null

2018-12-12 11:44:55 - [TEST_STEP][PASSED] - Statement - If (Checker == false): null

2018-12-12 11:44:55 - [TEST_STEP][PASSED] - Statement - Else: null

2018-12-12 11:44:55 - [TEST_STEP][PASSED] - delay: Delayed 2 second(s)

2018-12-12 11:44:57 - [MESSAGE][PASSED] - Delayed 2 second(s)

2018-12-12 11:44:57 - [TEST_STEP][PASSED] - click: Object: 'Object Repository/Final Object Repo/Page_MyASSIST - ASSIST - Search Pending Case For Add Supporting Document/Search Information' is clicked on

2018-12-12 11:44:57 - [MESSAGE][PASSED] - Object: 'Object Repository/Final Object Repo/Page_MyASSIST - ASSIST - Search Pending Case For Add Supporting Document/Search Information' is clicked on

2018-12-12 11:44:57 - [TEST_STEP][PASSED] - delay: Delayed 3 second(s)

2018-12-12 11:45:00 - [MESSAGE][PASSED] - Delayed 3 second(s)

2018-12-12 11:45:00 - [TEST_STEP][PASSED] - sendKeys: Keys 'CUN122018C100005999' sent to object: 'Object Repository/Final Object Repo/Page_MyASSIST - ASSIST - Search Pending Case For Add Supporting Document/Reference No'

2018-12-12 11:45:00 - [MESSAGE][PASSED] - Keys 'CUN122018C100005999' sent to object: 'Object Repository/Final Object Repo/Page_MyASSIST - ASSIST - Search Pending Case For Add Supporting Document/Reference No'

2018-12-12 11:45:00 - [TEST_STEP][PASSED] - click: Object: 'Object Repository/Final Object Repo/Page_MyASSIST - ASSIST - Search Pending Case For Add Supporting Document/Search Reference No' is clicked on

2018-12-12 11:45:00 - [MESSAGE][PASSED] - Object: 'Object Repository/Final Object Repo/Page_MyASSIST - ASSIST - Search Pending Case For Add Supporting Document/Search Reference No' is clicked on

2018-12-12 11:45:00 - [TEST_STEP][PASSED] - delay: Delayed 2 second(s)

2018-12-12 11:45:02 - [MESSAGE][PASSED] - Delayed 2 second(s)

2018-12-12 11:45:02 - [TEST_STEP][PASSED] - click: Object: 'Object Repository/Final Object Repo/Page_MyASSIST - ASSIST - Search Pending Case For Add Supporting Document/Continue' is clicked on

2018-12-12 11:45:06 - [MESSAGE][PASSED] - Object: 'Object Repository/Final Object Repo/Page_MyASSIST - ASSIST - Search Pending Case For Add Supporting Document/Continue' is clicked on

2018-12-12 11:45:06 - [TEST_STEP][PASSED] - delay: Delayed 20 second(s)

2018-12-12 11:45:26 - [MESSAGE][PASSED] - Delayed 20 second(s)

2018-12-12 11:45:26 - [MESSAGE][PASSED] - Call Test Case 'Test Cases/Final Aug 2018 - PKS Automation/Registration Module/Workflow/Login and Search Case For Workflow' successfully

2018-12-12 11:45:26 - [TEST_STEP][PASSED] - delay: Delayed 10 second(s)

2018-12-12 11:45:36 - [MESSAGE][PASSED] - Delayed 10 second(s)

2018-12-12 11:45:36 - [TEST_STEP][PASSED] - click: Object: 'Object Repository/Final Object Repo/Page_Update Employer Information/Page_Update Employer Information UO (Approve)/Continue' is clicked on

2018-12-12 11:45:40 - [MESSAGE][PASSED] - Object: 'Object Repository/Final Object Repo/Page_Update Employer Information/Page_Update Employer Information UO (Approve)/Continue' is clicked on

2018-12-12 11:45:40 - [TEST_STEP][PASSED] - delay: Delayed 10 second(s)

2018-12-12 11:45:50 - [MESSAGE][PASSED] - Delayed 10 second(s)

2018-12-12 11:45:50 - [TEST_STEP][PASSED] - click: Object: 'Object Repository/Final Object Repo/Page_Update Employer Information/Page_Update Employer Information UO (Approve)/Save  Continue in Update Employer Information Page' is clicked on

2018-12-12 11:45:50 - [MESSAGE][PASSED] - Object: 'Object Repository/Final Object Repo/Page_Update Employer Information/Page_Update Employer Information UO (Approve)/Save  Continue in Update Employer Information Page' is clicked on

2018-12-12 11:45:50 - [TEST_STEP][PASSED] - delay: Delayed 3 second(s)

2018-12-12 11:45:53 - [MESSAGE][PASSED] - Delayed 3 second(s)

2018-12-12 11:45:53 - [TEST_STEP][PASSED] - click: Object: 'Object Repository/Final Object Repo/Page_Update Employer Information/Page_Update Employer Information UO (Approve)/Save  Continue in Uploading Supporting Document Page' is clicked on

2018-12-12 11:45:54 - [MESSAGE][PASSED] - Object: 'Object Repository/Final Object Repo/Page_Update Employer Information/Page_Update Employer Information UO (Approve)/Save  Continue in Uploading Supporting Document Page' is clicked on

2018-12-12 11:45:54 - [TEST_STEP][PASSED] - delay: Delayed 3 second(s)

2018-12-12 11:45:57 - [MESSAGE][PASSED] - Delayed 3 second(s)

2018-12-12 11:45:57 - [TEST_STEP][PASSED] - click: Object: 'Object Repository/Final Object Repo/Page_Update Employer Information/Page_Update Employer Information UO (Approve)/Approve' is clicked on

2018-12-12 11:45:58 - [MESSAGE][PASSED] - Object: 'Object Repository/Final Object Repo/Page_Update Employer Information/Page_Update Employer Information UO (Approve)/Approve' is clicked on

2018-12-12 11:45:58 - [TEST_STEP][PASSED] - delay: Delayed 2 second(s)

2018-12-12 11:46:00 - [MESSAGE][PASSED] - Delayed 2 second(s)

2018-12-12 11:46:00 - [TEST_STEP][PASSED] - click: Object: 'Object Repository/Final Object Repo/Page_Update Employer Information/Page_Update Employer Information UO (Approve)/Confirm' is clicked on

2018-12-12 11:46:00 - [MESSAGE][PASSED] - Object: 'Object Repository/Final Object Repo/Page_Update Employer Information/Page_Update Employer Information UO (Approve)/Confirm' is clicked on

2018-12-12 11:46:00 - [TEST_STEP][PASSED] - delay: Delayed 2 second(s)

2018-12-12 11:46:02 - [MESSAGE][PASSED] - Delayed 2 second(s)

2018-12-12 11:46:02 - [TEST_STEP][PASSED] - verifyElementVisible: Object 'Object Repository/Final Object Repo/Page_Update Employer Information/Page_Update Employer Information UO (Approve)/Message Your Request' is visible

2018-12-12 11:46:10 - [MESSAGE][PASSED] - Object 'Object Repository/Final Object Repo/Page_Update Employer Information/Page_Update Employer Information UO (Approve)/Message Your Request' is visible

2018-12-12 11:46:10 - [TEST_STEP][PASSED] - verifyElementVisible: Object 'Object Repository/Final Object Repo/Page_Update Employer Information/Page_Update Employer Information UO (Approve)/Letter of successful update' is visible

2018-12-12 11:46:10 - [MESSAGE][PASSED] - Object 'Object Repository/Final Object Repo/Page_Update Employer Information/Page_Update Employer Information UO (Approve)/Letter of successful update' is visible

2018-12-12 11:46:10 - [MESSAGE][PASSED] - Call Test Case 'Test Cases/Final Aug 2018 - PKS Automation/Registration Module/Workflow/Update Employer Information/Template/Update Employer Information - Special Case - UO (Approve)' successfully]]></system-out>
         <system-err><![CDATA[]]></system-err>
      </testcase>
      <testcase name="Test Cases/Final Aug 2018 - PKS Automation/Registration Module/Workflow/Update Employer Information/OTC - UO (Query)" classname="Test Cases/Final Aug 2018 - PKS Automation/Registration Module/Workflow/Update Employer Information/OTC - UO (Query)" status="PASSED">
         <system-out><![CDATA[2018-12-12 11:46:10 - [TEST_CASE][PASSED] - Test Cases/Final Aug 2018 - PKS Automation/Registration Module/Workflow/Update Employer Information/OTC - UO (Query): Test Cases/Final Aug 2018 - PKS Automation/Registration Module/Workflow/Update Employer Information/OTC - UO (Query)

2018-12-12 11:46:10 - [TEST_STEP][PASSED] - callTestCase: Call Test Case 'Test Cases/Final Aug 2018 - PKS Automation/Registration Module/Workflow/Update Employer Information/Template/Update Employer Information - Special Case (OTC)' successfully

2018-12-12 11:46:10 - [TEST_CASE][PASSED] - Test Cases/Final Aug 2018 - PKS Automation/Registration Module/Workflow/Update Employer Information/Template/Update Employer Information - Special Case (OTC): Test Cases/Final Aug 2018 - PKS Automation/Registration Module/Workflow/Update Employer Information/Template/Update Employer Information - Special Case (OTC)

2018-12-12 11:46:10 - [TEST_STEP][PASSED] - openBrowser: Browser is opened with url: ''

2018-12-12 11:46:10 - [MESSAGE][WARNING] - A browser is already opened. Closing browser and opening a new one

2018-12-12 11:46:14 - [MESSAGE][PASSED] - Browser is opened with url: ''

2018-12-12 11:46:14 - [TEST_STEP][PASSED] - navigateToUrl: Navigate to 'https://assist2-uat.perkeso.gov.my/login' successfully

2018-12-12 11:46:15 - [MESSAGE][PASSED] - Navigate to 'https://assist2-uat.perkeso.gov.my/login' successfully

2018-12-12 11:46:15 - [TEST_STEP][PASSED] - setText: Text 'johorotc1@gmail.com' is set on object 'Object Repository/Final Object Repo/Login Page/Internal User/Email Address'

2018-12-12 11:46:15 - [MESSAGE][PASSED] - Text 'johorotc1@gmail.com' is set on object 'Object Repository/Final Object Repo/Login Page/Internal User/Email Address'

2018-12-12 11:46:15 - [TEST_STEP][PASSED] - click: Object: 'Object Repository/Final Object Repo/Login Page/Internal User/Next Button' is clicked on

2018-12-12 11:46:15 - [MESSAGE][PASSED] - Object: 'Object Repository/Final Object Repo/Login Page/Internal User/Next Button' is clicked on

2018-12-12 11:46:15 - [TEST_STEP][PASSED] - delay: Delayed 1 second(s)

2018-12-12 11:46:16 - [MESSAGE][PASSED] - Delayed 1 second(s)

2018-12-12 11:46:16 - [TEST_STEP][PASSED] - setEncryptedText: Text ****** has been set on object 'Object Repository/Final Object Repo/Login Page/Internal User/Password'

2018-12-12 11:46:17 - [MESSAGE][PASSED] - Text ****** has been set on object 'Object Repository/Final Object Repo/Login Page/Internal User/Password'

2018-12-12 11:46:17 - [TEST_STEP][PASSED] - click: Object: 'Object Repository/Final Object Repo/Login Page/Internal User/Login Button' is clicked on

2018-12-12 11:46:17 - [MESSAGE][PASSED] - Object: 'Object Repository/Final Object Repo/Login Page/Internal User/Login Button' is clicked on

2018-12-12 11:46:17 - [TEST_STEP][PASSED] - Statement - tester = com.kms.katalon.core.testobject.ObjectRepository.findTestObject(Final Object Repo/Landing Page/Select to English): Finding Test Object with id 'Object Repository/Final Object Repo/Landing Page/Select to English'

2018-12-12 11:46:17 - [TEST_STEP][PASSED] - Statement - Try: Delayed 2 second(s)

2018-12-12 11:46:17 - [TEST_STEP][PASSED] - Statement - Checker = com.kms.katalon.core.webui.keyword.WebUiBuiltInKeywords.verifyElementNotPresent(tester, 3): Web element with id: 'Object Repository/Final Object Repo/Landing Page/Select to English' located by 'By.xpath: //a[@class = 'taglib-language-list-text' and @lang = 'en-US' and (contains(text(), 'EN') or contains(., 'EN'))]' is not present after '3' second(s)

2018-12-12 11:46:19 - [MESSAGE][PASSED] - Web element with id: 'Object Repository/Final Object Repo/Landing Page/Select to English' located by 'By.xpath: //a[@class = 'taglib-language-list-text' and @lang = 'en-US' and (contains(text(), 'EN') or contains(., 'EN'))]' is not present after '3' second(s)

2018-12-12 11:46:19 - [TEST_STEP][PASSED] - Statement - If (Checker == false): null

2018-12-12 11:46:19 - [TEST_STEP][PASSED] - delay: Delayed 2 second(s)

2018-12-12 11:46:21 - [MESSAGE][PASSED] - Delayed 2 second(s)

2018-12-12 11:46:21 - [TEST_STEP][PASSED] - delay: Delayed 5 second(s)

2018-12-12 11:46:26 - [MESSAGE][PASSED] - Delayed 5 second(s)

2018-12-12 11:46:26 - [TEST_STEP][PASSED] - navigateToUrl: Navigate to 'https://assist2-uat.perkeso.gov.my/web/registration/update/update-employer-information' successfully

2018-12-12 11:46:26 - [MESSAGE][PASSED] - Navigate to 'https://assist2-uat.perkeso.gov.my/web/registration/update/update-employer-information' successfully

2018-12-12 11:46:26 - [TEST_STEP][PASSED] - setText: Text 'E1102001065V ' is set on object 'Object Repository/Final Object Repo/Page_Update Employer Information/Employer Code'

2018-12-12 11:46:27 - [MESSAGE][PASSED] - Text 'E1102001065V ' is set on object 'Object Repository/Final Object Repo/Page_Update Employer Information/Employer Code'

2018-12-12 11:46:27 - [TEST_STEP][PASSED] - click: Object: 'Object Repository/Final Object Repo/Page_Update Employer Information/Search Button' is clicked on

2018-12-12 11:46:27 - [MESSAGE][PASSED] - Object: 'Object Repository/Final Object Repo/Page_Update Employer Information/Search Button' is clicked on

2018-12-12 11:46:27 - [TEST_STEP][PASSED] - click: Object: 'Object Repository/Final Object Repo/Page_Update Employer Information/Edit Button' is clicked on

2018-12-12 11:46:30 - [MESSAGE][PASSED] - Object: 'Object Repository/Final Object Repo/Page_Update Employer Information/Edit Button' is clicked on

2018-12-12 11:46:30 - [TEST_STEP][PASSED] - click: Object: 'Object Repository/Final Object Repo/Page_Update Employer Information/Business Entity' is clicked on

2018-12-12 11:46:31 - [MESSAGE][PASSED] - Object: 'Object Repository/Final Object Repo/Page_Update Employer Information/Business Entity' is clicked on

2018-12-12 11:46:31 - [TEST_STEP][PASSED] - Statement - CurrentBusinessEntity = "": null

2018-12-12 11:46:31 - [TEST_STEP][PASSED] - Statement - CurrentBusinessEntity = com.kms.katalon.core.webui.keyword.WebUiBuiltInKeywords.getText(com.kms.katalon.core.testobject.ObjectRepository.findTestObject(Final Object Repo/Page_Update Employer Information/Current Business Entity)): Text of object 'Object Repository/Final Object Repo/Page_Update Employer Information/Current Business Entity' is: 'Partnership'

2018-12-12 11:46:31 - [MESSAGE][PASSED] - Text of object 'Object Repository/Final Object Repo/Page_Update Employer Information/Current Business Entity' is: 'Partnership'

2018-12-12 11:46:31 - [TEST_STEP][PASSED] - Statement - out.println(CurrentBusinessEntity): null

2018-12-12 11:46:31 - [TEST_STEP][PASSED] - Statement - If (CurrentBusinessEntity == "Corporation"): null

2018-12-12 11:46:31 - [TEST_STEP][PASSED] - Statement - Else If (CurrentBusinessEntity == "Partnership"): Delayed 3 second(s)

2018-12-12 11:46:31 - [TEST_STEP][PASSED] - Statement - obj = com.kms.katalon.core.webui.keyword.WebUiBuiltInKeywords.modifyObjectProperty(com.kms.katalon.core.testobject.ObjectRepository.findTestObject(Final Object Repo/Page_Update Employer Information/change to this Business Entity), "xpath", "equals", "//ul/li/span[contains(text(),"Sole Proprietor / Individual Business")]", true, STOP_ON_FAILURE): Modify property of object successfully

2018-12-12 11:46:31 - [MESSAGE][PASSED] - Modify property of object successfully

2018-12-12 11:46:31 - [TEST_STEP][PASSED] - click: Object: 'Object Repository/Final Object Repo/Page_Update Employer Information/change to this Business Entity' is clicked on

2018-12-12 11:46:31 - [MESSAGE][PASSED] - Object: 'Object Repository/Final Object Repo/Page_Update Employer Information/change to this Business Entity' is clicked on

2018-12-12 11:46:31 - [TEST_STEP][PASSED] - delay: Delayed 1 second(s)

2018-12-12 11:46:32 - [MESSAGE][PASSED] - Delayed 1 second(s)

2018-12-12 11:46:32 - [TEST_STEP][PASSED] - click: Object: 'Object Repository/Final Object Repo/Page_Update Employer Information/Sub Business Entity' is clicked on

2018-12-12 11:46:32 - [MESSAGE][PASSED] - Object: 'Object Repository/Final Object Repo/Page_Update Employer Information/Sub Business Entity' is clicked on

2018-12-12 11:46:32 - [TEST_STEP][PASSED] - click: Object: 'Object Repository/Final Object Repo/Page_Update Employer Information/Sub Business Entity - Sole Properietor - Registered with other Agencies' is clicked on

2018-12-12 11:46:32 - [MESSAGE][PASSED] - Object: 'Object Repository/Final Object Repo/Page_Update Employer Information/Sub Business Entity - Sole Properietor - Registered with other Agencies' is clicked on

2018-12-12 11:46:32 - [TEST_STEP][PASSED] - delay: Delayed 3 second(s)

2018-12-12 11:46:35 - [MESSAGE][PASSED] - Delayed 3 second(s)

2018-12-12 11:46:35 - [TEST_STEP][PASSED] - delay: Delayed 4 second(s)

2018-12-12 11:46:39 - [MESSAGE][PASSED] - Delayed 4 second(s)

2018-12-12 11:46:39 - [TEST_STEP][PASSED] - click: Object: 'Object Repository/Final Object Repo/Page_Update Employer Information/Save  Continue' is clicked on

2018-12-12 11:46:39 - [MESSAGE][PASSED] - Object: 'Object Repository/Final Object Repo/Page_Update Employer Information/Save  Continue' is clicked on

2018-12-12 11:46:39 - [TEST_STEP][PASSED] - delay: Delayed 4 second(s)

2018-12-12 11:46:43 - [MESSAGE][PASSED] - Delayed 4 second(s)

2018-12-12 11:46:43 - [TEST_STEP][PASSED] - click: Object: 'Object Repository/Final Object Repo/Page_Update Employer Information/Save  Continue (1)' is clicked on

2018-12-12 11:46:44 - [MESSAGE][PASSED] - Object: 'Object Repository/Final Object Repo/Page_Update Employer Information/Save  Continue (1)' is clicked on

2018-12-12 11:46:44 - [TEST_STEP][PASSED] - delay: Delayed 4 second(s)

2018-12-12 11:46:48 - [MESSAGE][PASSED] - Delayed 4 second(s)

2018-12-12 11:46:48 - [TEST_STEP][PASSED] - Statement - CaseReferenceNo = com.kms.katalon.core.webui.keyword.WebUiBuiltInKeywords.getText(com.kms.katalon.core.testobject.ObjectRepository.findTestObject(Final Object Repo/Page_Update Employer Information/Reference Number in Update Employee Information Page)): Text of object 'Object Repository/Final Object Repo/Page_Update Employer Information/Reference Number in Update Employee Information Page' is: 'CUN122018C100006000'

2018-12-12 11:46:48 - [MESSAGE][PASSED] - Text of object 'Object Repository/Final Object Repo/Page_Update Employer Information/Reference Number in Update Employee Information Page' is: 'CUN122018C100006000'

2018-12-12 11:46:48 - [TEST_STEP][PASSED] - callTestCase: Call Test Case 'Test Cases/Final Aug 2018 - PKS Automation/Common/Reference Number Setter' successfully

2018-12-12 11:46:48 - [TEST_CASE][PASSED] - Test Cases/Final Aug 2018 - PKS Automation/Common/Reference Number Setter: Test Cases/Final Aug 2018 - PKS Automation/Common/Reference Number Setter

2018-12-12 11:46:48 - [TEST_STEP][PASSED] - Statement - RefNoOldFile = new java.io.File(C://Users//Admin//Desktop//PKS//Automation Reference Point//KatalonReference.txt): null

2018-12-12 11:46:48 - [TEST_STEP][PASSED] - Statement - RefNoOldFile.delete(): null

2018-12-12 11:46:48 - [TEST_STEP][PASSED] - delay: Delayed 5 second(s)

2018-12-12 11:46:53 - [MESSAGE][PASSED] - Delayed 5 second(s)

2018-12-12 11:46:53 - [TEST_STEP][PASSED] - Statement - RefNo = new java.io.File(C://Users//Admin//Desktop//PKS//Automation Reference Point//KatalonReference.txt): null

2018-12-12 11:46:53 - [TEST_STEP][PASSED] - Statement - f2 = new java.io.FileWriter(RefNo, false): null

2018-12-12 11:46:53 - [TEST_STEP][PASSED] - Statement - f2.write(CaseReferenceNo): null

2018-12-12 11:46:53 - [TEST_STEP][PASSED] - Statement - f2.close(): null

2018-12-12 11:46:53 - [TEST_STEP][PASSED] - Statement - out.println("


" + CaseReferenceNo + "


"): null

2018-12-12 11:46:53 - [MESSAGE][PASSED] - Call Test Case 'Test Cases/Final Aug 2018 - PKS Automation/Common/Reference Number Setter' successfully

2018-12-12 11:46:53 - [TEST_STEP][PASSED] - delay: Delayed 4 second(s)

2018-12-12 11:46:57 - [MESSAGE][PASSED] - Delayed 4 second(s)

2018-12-12 11:46:57 - [TEST_STEP][PASSED] - click: Object: 'Object Repository/Final Object Repo/Page_Update Employer Information/Submit - Copy' is clicked on

2018-12-12 11:46:57 - [MESSAGE][PASSED] - Object: 'Object Repository/Final Object Repo/Page_Update Employer Information/Submit - Copy' is clicked on

2018-12-12 11:46:57 - [TEST_STEP][PASSED] - delay: Delayed 2 second(s)

2018-12-12 11:46:59 - [MESSAGE][PASSED] - Delayed 2 second(s)

2018-12-12 11:46:59 - [TEST_STEP][PASSED] - click: Object: 'Object Repository/Final Object Repo/Page_Update Employer Information/Confirm' is clicked on

2018-12-12 11:46:59 - [MESSAGE][PASSED] - Object: 'Object Repository/Final Object Repo/Page_Update Employer Information/Confirm' is clicked on

2018-12-12 11:46:59 - [TEST_STEP][PASSED] - delay: Delayed 2 second(s)

2018-12-12 11:47:01 - [MESSAGE][PASSED] - Delayed 2 second(s)

2018-12-12 11:47:01 - [TEST_STEP][PASSED] - click: Object: 'Object Repository/Final Object Repo/Page_Update Employer Information/Message Your Request will be route' is clicked on

2018-12-12 11:47:03 - [MESSAGE][PASSED] - Object: 'Object Repository/Final Object Repo/Page_Update Employer Information/Message Your Request will be route' is clicked on

2018-12-12 11:47:03 - [MESSAGE][PASSED] - Call Test Case 'Test Cases/Final Aug 2018 - PKS Automation/Registration Module/Workflow/Update Employer Information/Template/Update Employer Information - Special Case (OTC)' successfully

2018-12-12 11:47:03 - [TEST_STEP][PASSED] - callTestCase: Call Test Case 'Test Cases/Final Aug 2018 - PKS Automation/Registration Module/Workflow/Update Employer Information/Template/Update Employer Information - Special Case - UO (Query)' successfully

2018-12-12 11:47:03 - [TEST_CASE][PASSED] - Test Cases/Final Aug 2018 - PKS Automation/Registration Module/Workflow/Update Employer Information/Template/Update Employer Information - Special Case - UO (Query): Test Cases/Final Aug 2018 - PKS Automation/Registration Module/Workflow/Update Employer Information/Template/Update Employer Information - Special Case - UO (Query)

2018-12-12 11:47:03 - [TEST_STEP][NOT_RUN] - callTestCase: NOT_RUN: callTestCase

2018-12-12 11:47:03 - [MESSAGE][NOT_RUN] - NOT_RUN: callTestCase

2018-12-12 11:47:03 - [TEST_STEP][PASSED] - delay: Delayed 1 second(s)

2018-12-12 11:47:04 - [MESSAGE][PASSED] - Delayed 1 second(s)

2018-12-12 11:47:04 - [TEST_STEP][PASSED] - navigateToUrl: Navigate to 'https://assist2-uat.perkeso.gov.my/c/portal/logout' successfully

2018-12-12 11:47:05 - [MESSAGE][PASSED] - Navigate to 'https://assist2-uat.perkeso.gov.my/c/portal/logout' successfully

2018-12-12 11:47:05 - [TEST_STEP][PASSED] - delay: Delayed 1 second(s)

2018-12-12 11:47:06 - [MESSAGE][PASSED] - Delayed 1 second(s)

2018-12-12 11:47:06 - [TEST_STEP][PASSED] - callTestCase: Call Test Case 'Test Cases/Final Aug 2018 - PKS Automation/Common/Reference Number Getter' successfully

2018-12-12 11:47:06 - [TEST_CASE][PASSED] - Test Cases/Final Aug 2018 - PKS Automation/Common/Reference Number Getter: Test Cases/Final Aug 2018 - PKS Automation/Common/Reference Number Getter

2018-12-12 11:47:06 - [TEST_STEP][PASSED] - Statement - Try: null

2018-12-12 11:47:06 - [TEST_STEP][PASSED] - Statement - RefNo = new java.io.File(C://Users//Admin//Desktop//PKS//Automation Reference Point//KatalonReference.txt): null

2018-12-12 11:47:06 - [TEST_STEP][PASSED] - Statement - bufferread = new java.io.BufferedReader(new java.io.FileReader(RefNo)): null

2018-12-12 11:47:06 - [TEST_STEP][PASSED] - Statement - readedVal = bufferread.readLine(): null

2018-12-12 11:47:06 - [TEST_STEP][PASSED] - Statement - out.println(CaseReferenceNo): null

2018-12-12 11:47:06 - [TEST_STEP][PASSED] - Statement - out.println(readedVal): null

2018-12-12 11:47:06 - [TEST_STEP][PASSED] - Statement - CaseReferenceNo = "": null

2018-12-12 11:47:06 - [TEST_STEP][PASSED] - Statement - CaseReferenceNo = readedVal: null

2018-12-12 11:47:06 - [MESSAGE][PASSED] - Call Test Case 'Test Cases/Final Aug 2018 - PKS Automation/Common/Reference Number Getter' successfully

2018-12-12 11:47:06 - [TEST_STEP][PASSED] - callTestCase: Call Test Case 'Test Cases/Final Aug 2018 - PKS Automation/Common/Workflow Owner Finder' successfully

2018-12-12 11:47:06 - [TEST_CASE][PASSED] - Test Cases/Final Aug 2018 - PKS Automation/Common/Workflow Owner Finder: Test Cases/Final Aug 2018 - PKS Automation/Common/Workflow Owner Finder

2018-12-12 11:47:06 - [TEST_STEP][PASSED] - openBrowser: Browser is opened with url: ''

2018-12-12 11:47:06 - [MESSAGE][WARNING] - A browser is already opened. Closing browser and opening a new one

2018-12-12 11:47:10 - [MESSAGE][PASSED] - Browser is opened with url: ''

2018-12-12 11:47:10 - [TEST_STEP][PASSED] - navigateToUrl: Navigate to 'https://assist2-uat.perkeso.gov.my/login' successfully

2018-12-12 11:47:11 - [MESSAGE][PASSED] - Navigate to 'https://assist2-uat.perkeso.gov.my/login' successfully

2018-12-12 11:47:11 - [TEST_STEP][PASSED] - delay: Delayed 5 second(s)

2018-12-12 11:47:16 - [MESSAGE][PASSED] - Delayed 5 second(s)

2018-12-12 11:47:16 - [TEST_STEP][PASSED] - setText: Text 'test@liferay.com' is set on object 'Object Repository/Final Object Repo/Login Page/Internal User/Email Address'

2018-12-12 11:47:16 - [MESSAGE][PASSED] - Text 'test@liferay.com' is set on object 'Object Repository/Final Object Repo/Login Page/Internal User/Email Address'

2018-12-12 11:47:16 - [TEST_STEP][PASSED] - click: Object: 'Object Repository/Final Object Repo/Login Page/Internal User/Next Button' is clicked on

2018-12-12 11:47:17 - [MESSAGE][PASSED] - Object: 'Object Repository/Final Object Repo/Login Page/Internal User/Next Button' is clicked on

2018-12-12 11:47:17 - [TEST_STEP][PASSED] - delay: Delayed 2 second(s)

2018-12-12 11:47:19 - [MESSAGE][PASSED] - Delayed 2 second(s)

2018-12-12 11:47:19 - [TEST_STEP][PASSED] - setText: Text 'test' is set on object 'Object Repository/Final Object Repo/Login Page/Internal User/Password'

2018-12-12 11:47:19 - [MESSAGE][PASSED] - Text 'test' is set on object 'Object Repository/Final Object Repo/Login Page/Internal User/Password'

2018-12-12 11:47:19 - [TEST_STEP][PASSED] - delay: Delayed 2 second(s)

2018-12-12 11:47:21 - [MESSAGE][PASSED] - Delayed 2 second(s)

2018-12-12 11:47:21 - [TEST_STEP][PASSED] - click: Object: 'Object Repository/Final Object Repo/Login Page/Internal User/Login Button' is clicked on

2018-12-12 11:47:21 - [MESSAGE][PASSED] - Object: 'Object Repository/Final Object Repo/Login Page/Internal User/Login Button' is clicked on

2018-12-12 11:47:21 - [TEST_STEP][PASSED] - Statement - tester = com.kms.katalon.core.testobject.ObjectRepository.findTestObject(Final Object Repo/Landing Page/Select to English): Finding Test Object with id 'Object Repository/Final Object Repo/Landing Page/Select to English'

2018-12-12 11:47:21 - [TEST_STEP][PASSED] - Statement - Try: Delayed 2 second(s)

2018-12-12 11:47:21 - [TEST_STEP][PASSED] - Statement - Checker = com.kms.katalon.core.webui.keyword.WebUiBuiltInKeywords.verifyElementNotPresent(tester, 3): Web element with id: 'Object Repository/Final Object Repo/Landing Page/Select to English' located by 'By.xpath: //a[@class = 'taglib-language-list-text' and @lang = 'en-US' and (contains(text(), 'EN') or contains(., 'EN'))]' is not present after '3' second(s)

2018-12-12 11:47:23 - [MESSAGE][PASSED] - Web element with id: 'Object Repository/Final Object Repo/Landing Page/Select to English' located by 'By.xpath: //a[@class = 'taglib-language-list-text' and @lang = 'en-US' and (contains(text(), 'EN') or contains(., 'EN'))]' is not present after '3' second(s)

2018-12-12 11:47:23 - [TEST_STEP][PASSED] - Statement - If (Checker == false): null

2018-12-12 11:47:23 - [TEST_STEP][PASSED] - delay: Delayed 2 second(s)

2018-12-12 11:47:25 - [MESSAGE][PASSED] - Delayed 2 second(s)

2018-12-12 11:47:25 - [TEST_STEP][PASSED] - delay: Delayed 5 second(s)

2018-12-12 11:47:30 - [MESSAGE][PASSED] - Delayed 5 second(s)

2018-12-12 11:47:30 - [TEST_STEP][PASSED] - mouseOver: Object: 'Object Repository/Final Object Repo/Landing Page/WorkFlow Menu' is hovered

2018-12-12 11:47:30 - [MESSAGE][PASSED] - Object: 'Object Repository/Final Object Repo/Landing Page/WorkFlow Menu' is hovered

2018-12-12 11:47:30 - [TEST_STEP][PASSED] - delay: Delayed 2 second(s)

2018-12-12 11:47:32 - [MESSAGE][PASSED] - Delayed 2 second(s)

2018-12-12 11:47:32 - [TEST_STEP][PASSED] - click: Object: 'Object Repository/Final Object Repo/Landing Page/Select to Workflow Listing' is clicked on

2018-12-12 11:47:33 - [MESSAGE][PASSED] - Object: 'Object Repository/Final Object Repo/Landing Page/Select to Workflow Listing' is clicked on

2018-12-12 11:47:33 - [TEST_STEP][PASSED] - delay: Delayed 2 second(s)

2018-12-12 11:47:35 - [MESSAGE][PASSED] - Delayed 2 second(s)

2018-12-12 11:47:35 - [TEST_STEP][PASSED] - click: Object: 'Object Repository/Final Object Repo/WorkFlow Listing Page/Search Information - To Put Ref No' is clicked on

2018-12-12 11:47:35 - [MESSAGE][PASSED] - Object: 'Object Repository/Final Object Repo/WorkFlow Listing Page/Search Information - To Put Ref No' is clicked on

2018-12-12 11:47:35 - [TEST_STEP][PASSED] - delay: Delayed 2 second(s)

2018-12-12 11:47:37 - [MESSAGE][PASSED] - Delayed 2 second(s)

2018-12-12 11:47:37 - [TEST_STEP][PASSED] - callTestCase: Call Test Case 'Test Cases/Final Aug 2018 - PKS Automation/Common/Reference Number Getter' successfully

2018-12-12 11:47:37 - [TEST_CASE][PASSED] - Test Cases/Final Aug 2018 - PKS Automation/Common/Reference Number Getter: Test Cases/Final Aug 2018 - PKS Automation/Common/Reference Number Getter

2018-12-12 11:47:37 - [TEST_STEP][PASSED] - Statement - Try: null

2018-12-12 11:47:37 - [TEST_STEP][PASSED] - Statement - RefNo = new java.io.File(C://Users//Admin//Desktop//PKS//Automation Reference Point//KatalonReference.txt): null

2018-12-12 11:47:37 - [TEST_STEP][PASSED] - Statement - bufferread = new java.io.BufferedReader(new java.io.FileReader(RefNo)): null

2018-12-12 11:47:37 - [TEST_STEP][PASSED] - Statement - readedVal = bufferread.readLine(): null

2018-12-12 11:47:37 - [TEST_STEP][PASSED] - Statement - out.println(CaseReferenceNo): null

2018-12-12 11:47:37 - [TEST_STEP][PASSED] - Statement - out.println(readedVal): null

2018-12-12 11:47:37 - [TEST_STEP][PASSED] - Statement - CaseReferenceNo = "": null

2018-12-12 11:47:37 - [TEST_STEP][PASSED] - Statement - CaseReferenceNo = readedVal: null

2018-12-12 11:47:37 - [MESSAGE][PASSED] - Call Test Case 'Test Cases/Final Aug 2018 - PKS Automation/Common/Reference Number Getter' successfully

2018-12-12 11:47:37 - [TEST_STEP][PASSED] - setText: Text 'CUN122018C100006000' is set on object 'Object Repository/Final Object Repo/WorkFlow Listing Page/Ref No Set Text'

2018-12-12 11:47:38 - [MESSAGE][PASSED] - Text 'CUN122018C100006000' is set on object 'Object Repository/Final Object Repo/WorkFlow Listing Page/Ref No Set Text'

2018-12-12 11:47:38 - [TEST_STEP][PASSED] - delay: Delayed 2 second(s)

2018-12-12 11:47:40 - [MESSAGE][PASSED] - Delayed 2 second(s)

2018-12-12 11:47:40 - [TEST_STEP][PASSED] - click: Object: 'Object Repository/Final Object Repo/WorkFlow Listing Page/Search Ref No Search Button' is clicked on

2018-12-12 11:47:40 - [MESSAGE][PASSED] - Object: 'Object Repository/Final Object Repo/WorkFlow Listing Page/Search Ref No Search Button' is clicked on

2018-12-12 11:47:40 - [TEST_STEP][PASSED] - delay: Delayed 6 second(s)

2018-12-12 11:47:46 - [MESSAGE][PASSED] - Delayed 6 second(s)

2018-12-12 11:47:46 - [TEST_STEP][PASSED] - click: Object: 'Object Repository/Final Object Repo/WorkFlow Listing Page/Click Continue Tooltip' is clicked on

2018-12-12 11:47:47 - [MESSAGE][PASSED] - Object: 'Object Repository/Final Object Repo/WorkFlow Listing Page/Click Continue Tooltip' is clicked on

2018-12-12 11:47:47 - [TEST_STEP][PASSED] - delay: Delayed 5 second(s)

2018-12-12 11:47:52 - [MESSAGE][PASSED] - Delayed 5 second(s)

2018-12-12 11:47:52 - [TEST_STEP][PASSED] - doubleClick: Object: 'Object Repository/Final Object Repo/WorkFlow Listing Page/Workflow Found - Listing 1' is double clicked on

2018-12-12 11:47:52 - [MESSAGE][PASSED] - Object: 'Object Repository/Final Object Repo/WorkFlow Listing Page/Workflow Found - Listing 1' is double clicked on

2018-12-12 11:47:52 - [TEST_STEP][PASSED] - Statement - println(OwnerID): null

2018-12-12 11:47:52 - [TEST_STEP][PASSED] - Statement - OwnerID = com.kms.katalon.core.webui.keyword.WebUiBuiltInKeywords.getText(com.kms.katalon.core.testobject.ObjectRepository.findTestObject(Final Object Repo/WorkFlow Listing Page/Workflow Found - Listing 1), STOP_ON_FAILURE): Text of object 'Object Repository/Final Object Repo/WorkFlow Listing Page/Workflow Found - Listing 1' is: 'JOHORuo2'

2018-12-12 11:47:52 - [MESSAGE][PASSED] - Text of object 'Object Repository/Final Object Repo/WorkFlow Listing Page/Workflow Found - Listing 1' is: 'JOHORuo2'

2018-12-12 11:47:52 - [TEST_STEP][PASSED] - Statement - OwnerID = OwnerID.toLowerCase() + "@gmail.com": null

2018-12-12 11:47:52 - [TEST_STEP][PASSED] - Statement - println(OwnerID): null

2018-12-12 11:47:52 - [TEST_STEP][PASSED] - delay: Delayed 2 second(s)

2018-12-12 11:47:54 - [MESSAGE][PASSED] - Delayed 2 second(s)

2018-12-12 11:47:54 - [MESSAGE][PASSED] - Call Test Case 'Test Cases/Final Aug 2018 - PKS Automation/Common/Workflow Owner Finder' successfully

2018-12-12 11:47:54 - [TEST_STEP][PASSED] - delay: Delayed 1 second(s)

2018-12-12 11:47:55 - [MESSAGE][PASSED] - Delayed 1 second(s)

2018-12-12 11:47:55 - [TEST_STEP][PASSED] - navigateToUrl: Navigate to 'https://assist2-uat.perkeso.gov.my/c/portal/logout' successfully

2018-12-12 11:47:56 - [MESSAGE][PASSED] - Navigate to 'https://assist2-uat.perkeso.gov.my/c/portal/logout' successfully

2018-12-12 11:47:56 - [TEST_STEP][PASSED] - delay: Delayed 1 second(s)

2018-12-12 11:47:57 - [MESSAGE][PASSED] - Delayed 1 second(s)

2018-12-12 11:47:57 - [TEST_STEP][PASSED] - callTestCase: Call Test Case 'Test Cases/Final Aug 2018 - PKS Automation/Registration Module/Workflow/Login and Search Case For Workflow' successfully

2018-12-12 11:47:57 - [TEST_CASE][PASSED] - Test Cases/Final Aug 2018 - PKS Automation/Registration Module/Workflow/Login and Search Case For Workflow: Test Cases/Final Aug 2018 - PKS Automation/Registration Module/Workflow/Login and Search Case For Workflow

2018-12-12 11:47:57 - [TEST_STEP][PASSED] - navigateToUrl: Navigate to 'https://assist2-uat.perkeso.gov.my/login' successfully

2018-12-12 11:47:58 - [MESSAGE][PASSED] - Navigate to 'https://assist2-uat.perkeso.gov.my/login' successfully

2018-12-12 11:47:58 - [TEST_STEP][PASSED] - setText: Text 'johoruo2@gmail.com' is set on object 'Object Repository/Final Object Repo/Login Page/Internal User/Email Address'

2018-12-12 11:47:58 - [MESSAGE][PASSED] - Text 'johoruo2@gmail.com' is set on object 'Object Repository/Final Object Repo/Login Page/Internal User/Email Address'

2018-12-12 11:47:58 - [TEST_STEP][PASSED] - click: Object: 'Object Repository/Final Object Repo/Login Page/Internal User/Next Button' is clicked on

2018-12-12 11:47:58 - [MESSAGE][PASSED] - Object: 'Object Repository/Final Object Repo/Login Page/Internal User/Next Button' is clicked on

2018-12-12 11:47:58 - [TEST_STEP][PASSED] - delay: Delayed 1 second(s)

2018-12-12 11:47:59 - [MESSAGE][PASSED] - Delayed 1 second(s)

2018-12-12 11:47:59 - [TEST_STEP][PASSED] - setEncryptedText: Text ****** has been set on object 'Object Repository/Final Object Repo/Login Page/Internal User/Password'

2018-12-12 11:48:00 - [MESSAGE][PASSED] - Text ****** has been set on object 'Object Repository/Final Object Repo/Login Page/Internal User/Password'

2018-12-12 11:48:00 - [TEST_STEP][PASSED] - click: Object: 'Object Repository/Final Object Repo/Login Page/Internal User/Login Button' is clicked on

2018-12-12 11:48:00 - [MESSAGE][PASSED] - Object: 'Object Repository/Final Object Repo/Login Page/Internal User/Login Button' is clicked on

2018-12-12 11:48:00 - [TEST_STEP][PASSED] - delay: Delayed 2 second(s)

2018-12-12 11:48:02 - [MESSAGE][PASSED] - Delayed 2 second(s)

2018-12-12 11:48:02 - [TEST_STEP][PASSED] - Statement - Try: Delayed 2 second(s)

2018-12-12 11:48:02 - [TEST_STEP][PASSED] - Statement - Checker = false: null

2018-12-12 11:48:02 - [TEST_STEP][PASSED] - Statement - Checker = com.kms.katalon.core.webui.keyword.WebUiBuiltInKeywords.verifyElementHasAttribute(com.kms.katalon.core.testobject.ObjectRepository.findTestObject(Final Object Repo/Landing Page/BM Detecting), "href", 20, OPTIONAL): Object 'Object Repository/Final Object Repo/Landing Page/BM Detecting' has attribute 'href'

2018-12-12 11:48:02 - [MESSAGE][PASSED] - Object 'Object Repository/Final Object Repo/Landing Page/BM Detecting' has attribute 'href'

2018-12-12 11:48:02 - [TEST_STEP][PASSED] - Statement - out.println(Checker): null

2018-12-12 11:48:02 - [TEST_STEP][PASSED] - Statement - If (Checker == false): null

2018-12-12 11:48:02 - [TEST_STEP][PASSED] - Statement - Else: null

2018-12-12 11:48:02 - [TEST_STEP][PASSED] - delay: Delayed 2 second(s)

2018-12-12 11:48:04 - [MESSAGE][PASSED] - Delayed 2 second(s)

2018-12-12 11:48:04 - [TEST_STEP][PASSED] - click: Object: 'Object Repository/Final Object Repo/Page_MyASSIST - ASSIST - Search Pending Case For Add Supporting Document/Search Information' is clicked on

2018-12-12 11:48:04 - [MESSAGE][PASSED] - Object: 'Object Repository/Final Object Repo/Page_MyASSIST - ASSIST - Search Pending Case For Add Supporting Document/Search Information' is clicked on

2018-12-12 11:48:04 - [TEST_STEP][PASSED] - delay: Delayed 3 second(s)

2018-12-12 11:48:07 - [MESSAGE][PASSED] - Delayed 3 second(s)

2018-12-12 11:48:07 - [TEST_STEP][PASSED] - sendKeys: Keys 'CUN122018C100006000' sent to object: 'Object Repository/Final Object Repo/Page_MyASSIST - ASSIST - Search Pending Case For Add Supporting Document/Reference No'

2018-12-12 11:48:07 - [MESSAGE][PASSED] - Keys 'CUN122018C100006000' sent to object: 'Object Repository/Final Object Repo/Page_MyASSIST - ASSIST - Search Pending Case For Add Supporting Document/Reference No'

2018-12-12 11:48:07 - [TEST_STEP][PASSED] - click: Object: 'Object Repository/Final Object Repo/Page_MyASSIST - ASSIST - Search Pending Case For Add Supporting Document/Search Reference No' is clicked on

2018-12-12 11:48:07 - [MESSAGE][PASSED] - Object: 'Object Repository/Final Object Repo/Page_MyASSIST - ASSIST - Search Pending Case For Add Supporting Document/Search Reference No' is clicked on

2018-12-12 11:48:07 - [TEST_STEP][PASSED] - delay: Delayed 2 second(s)

2018-12-12 11:48:09 - [MESSAGE][PASSED] - Delayed 2 second(s)

2018-12-12 11:48:09 - [TEST_STEP][PASSED] - click: Object: 'Object Repository/Final Object Repo/Page_MyASSIST - ASSIST - Search Pending Case For Add Supporting Document/Continue' is clicked on

2018-12-12 11:48:13 - [MESSAGE][PASSED] - Object: 'Object Repository/Final Object Repo/Page_MyASSIST - ASSIST - Search Pending Case For Add Supporting Document/Continue' is clicked on

2018-12-12 11:48:13 - [TEST_STEP][PASSED] - delay: Delayed 20 second(s)

2018-12-12 11:48:33 - [MESSAGE][PASSED] - Delayed 20 second(s)

2018-12-12 11:48:33 - [MESSAGE][PASSED] - Call Test Case 'Test Cases/Final Aug 2018 - PKS Automation/Registration Module/Workflow/Login and Search Case For Workflow' successfully

2018-12-12 11:48:33 - [TEST_STEP][PASSED] - delay: Delayed 2 second(s)

2018-12-12 11:48:35 - [MESSAGE][PASSED] - Delayed 2 second(s)

2018-12-12 11:48:35 - [TEST_STEP][PASSED] - click: Object: 'Object Repository/Final Object Repo/Page_Update Employer Information/Page_Update Employer Information UO (Approve)/Continue' is clicked on

2018-12-12 11:48:38 - [MESSAGE][PASSED] - Object: 'Object Repository/Final Object Repo/Page_Update Employer Information/Page_Update Employer Information UO (Approve)/Continue' is clicked on

2018-12-12 11:48:38 - [TEST_STEP][PASSED] - delay: Delayed 2 second(s)

2018-12-12 11:48:40 - [MESSAGE][PASSED] - Delayed 2 second(s)

2018-12-12 11:48:40 - [TEST_STEP][PASSED] - click: Object: 'Object Repository/Final Object Repo/Page_Update Employer Information/Page_Update Employer Information UO (Approve)/Save  Continue in Update Employer Information Page' is clicked on

2018-12-12 11:48:41 - [MESSAGE][PASSED] - Object: 'Object Repository/Final Object Repo/Page_Update Employer Information/Page_Update Employer Information UO (Approve)/Save  Continue in Update Employer Information Page' is clicked on

2018-12-12 11:48:41 - [TEST_STEP][PASSED] - delay: Delayed 2 second(s)

2018-12-12 11:48:43 - [MESSAGE][PASSED] - Delayed 2 second(s)

2018-12-12 11:48:43 - [TEST_STEP][PASSED] - setText: Text 'Query' is set on object 'Object Repository/Final Object Repo/Page_Update Employer Information/Page_Update Employer Information UO (Query)/Query - Remark'

2018-12-12 11:48:45 - [MESSAGE][PASSED] - Text 'Query' is set on object 'Object Repository/Final Object Repo/Page_Update Employer Information/Page_Update Employer Information UO (Query)/Query - Remark'

2018-12-12 11:48:45 - [TEST_STEP][PASSED] - delay: Delayed 2 second(s)

2018-12-12 11:48:47 - [MESSAGE][PASSED] - Delayed 2 second(s)

2018-12-12 11:48:47 - [TEST_STEP][PASSED] - click: Object: 'Object Repository/Final Object Repo/Page_Update Employer Information/Page_Update Employer Information UO (Approve)/Save  Continue in Uploading Supporting Document Page' is clicked on

2018-12-12 11:48:47 - [MESSAGE][PASSED] - Object: 'Object Repository/Final Object Repo/Page_Update Employer Information/Page_Update Employer Information UO (Approve)/Save  Continue in Uploading Supporting Document Page' is clicked on

2018-12-12 11:48:47 - [TEST_STEP][PASSED] - delay: Delayed 2 second(s)

2018-12-12 11:48:49 - [MESSAGE][PASSED] - Delayed 2 second(s)

2018-12-12 11:48:49 - [TEST_STEP][PASSED] - click: Object: 'Object Repository/Final Object Repo/Page_Update Employer Information/Page_Update Employer Information UO (Query)/Query' is clicked on

2018-12-12 11:48:51 - [MESSAGE][PASSED] - Object: 'Object Repository/Final Object Repo/Page_Update Employer Information/Page_Update Employer Information UO (Query)/Query' is clicked on

2018-12-12 11:48:51 - [TEST_STEP][PASSED] - delay: Delayed 2 second(s)

2018-12-12 11:48:53 - [MESSAGE][PASSED] - Delayed 2 second(s)

2018-12-12 11:48:53 - [TEST_STEP][PASSED] - click: Object: 'Object Repository/Final Object Repo/Page_Update Employer Information/Page_Update Employer Information UO (Query)/Confirm' is clicked on

2018-12-12 11:48:53 - [MESSAGE][PASSED] - Object: 'Object Repository/Final Object Repo/Page_Update Employer Information/Page_Update Employer Information UO (Query)/Confirm' is clicked on

2018-12-12 11:48:53 - [TEST_STEP][PASSED] - delay: Delayed 2 second(s)

2018-12-12 11:48:55 - [MESSAGE][PASSED] - Delayed 2 second(s)

2018-12-12 11:48:55 - [TEST_STEP][PASSED] - doubleClick: Object: 'Object Repository/Final Object Repo/Page_Update Employer Information/Page_Update Employer Information UO (Query)/Message The Case Is Under Query' is double clicked on

2018-12-12 11:48:59 - [MESSAGE][PASSED] - Object: 'Object Repository/Final Object Repo/Page_Update Employer Information/Page_Update Employer Information UO (Query)/Message The Case Is Under Query' is double clicked on

2018-12-12 11:48:59 - [TEST_STEP][PASSED] - delay: Delayed 2 second(s)

2018-12-12 11:49:01 - [MESSAGE][PASSED] - Delayed 2 second(s)

2018-12-12 11:49:01 - [TEST_STEP][PASSED] - click: Object: 'Object Repository/Final Object Repo/Page_Update Employer Information/Page_Update Employer Information UO (Query)/Letter of inquiry.pdf' is clicked on

2018-12-12 11:49:02 - [MESSAGE][PASSED] - Object: 'Object Repository/Final Object Repo/Page_Update Employer Information/Page_Update Employer Information UO (Query)/Letter of inquiry.pdf' is clicked on

2018-12-12 11:49:02 - [TEST_STEP][PASSED] - delay: Delayed 1 second(s)

2018-12-12 11:49:03 - [MESSAGE][PASSED] - Delayed 1 second(s)

2018-12-12 11:49:03 - [TEST_STEP][PASSED] - callTestCase: Call Test Case 'Test Cases/Final Aug 2018 - PKS Automation/Registration Module/Log Out/log out avoiding katalon tagging' successfully

2018-12-12 11:49:03 - [TEST_CASE][PASSED] - Test Cases/Final Aug 2018 - PKS Automation/Registration Module/Log Out/log out avoiding katalon tagging: Test Cases/Final Aug 2018 - PKS Automation/Registration Module/Log Out/log out avoiding katalon tagging

2018-12-12 11:49:03 - [TEST_STEP][PASSED] - navigateToUrl: Navigate to 'https://assist2-uat.perkeso.gov.my/c/portal/logout' successfully

2018-12-12 11:49:04 - [MESSAGE][PASSED] - Navigate to 'https://assist2-uat.perkeso.gov.my/c/portal/logout' successfully

2018-12-12 11:49:04 - [MESSAGE][PASSED] - Call Test Case 'Test Cases/Final Aug 2018 - PKS Automation/Registration Module/Log Out/log out avoiding katalon tagging' successfully

2018-12-12 11:49:04 - [TEST_STEP][NOT_RUN] - navigateToUrl: NOT_RUN: navigateToUrl

2018-12-12 11:49:04 - [MESSAGE][NOT_RUN] - NOT_RUN: navigateToUrl

2018-12-12 11:49:04 - [TEST_STEP][PASSED] - delay: Delayed 1 second(s)

2018-12-12 11:49:05 - [MESSAGE][PASSED] - Delayed 1 second(s)

2018-12-12 11:49:05 - [TEST_STEP][PASSED] - callTestCase: Call Test Case 'Test Cases/Final Aug 2018 - PKS Automation/Registration Module/Workflow/Search Pending Case For Add Supporting Document (OTC)' successfully

2018-12-12 11:49:05 - [TEST_CASE][PASSED] - Test Cases/Final Aug 2018 - PKS Automation/Registration Module/Workflow/Search Pending Case For Add Supporting Document (OTC): Test Cases/Final Aug 2018 - PKS Automation/Registration Module/Workflow/Search Pending Case For Add Supporting Document (OTC)

2018-12-12 11:49:05 - [TEST_STEP][PASSED] - openBrowser: Browser is opened with url: ''

2018-12-12 11:49:05 - [MESSAGE][WARNING] - A browser is already opened. Closing browser and opening a new one

2018-12-12 11:49:09 - [MESSAGE][PASSED] - Browser is opened with url: ''

2018-12-12 11:49:09 - [TEST_STEP][PASSED] - navigateToUrl: Navigate to 'https://assist2-uat.perkeso.gov.my/login' successfully

2018-12-12 11:49:10 - [MESSAGE][PASSED] - Navigate to 'https://assist2-uat.perkeso.gov.my/login' successfully

2018-12-12 11:49:10 - [TEST_STEP][PASSED] - setText: Text 'johorotc1@gmail.com' is set on object 'Object Repository/Final Object Repo/Login Page/Internal User/Email Address'

2018-12-12 11:49:10 - [MESSAGE][PASSED] - Text 'johorotc1@gmail.com' is set on object 'Object Repository/Final Object Repo/Login Page/Internal User/Email Address'

2018-12-12 11:49:10 - [TEST_STEP][PASSED] - click: Object: 'Object Repository/Final Object Repo/Login Page/Internal User/Next Button' is clicked on

2018-12-12 11:49:11 - [MESSAGE][PASSED] - Object: 'Object Repository/Final Object Repo/Login Page/Internal User/Next Button' is clicked on

2018-12-12 11:49:11 - [TEST_STEP][PASSED] - delay: Delayed 1 second(s)

2018-12-12 11:49:12 - [MESSAGE][PASSED] - Delayed 1 second(s)

2018-12-12 11:49:12 - [TEST_STEP][PASSED] - setEncryptedText: Text ****** has been set on object 'Object Repository/Final Object Repo/Login Page/Internal User/Password'

2018-12-12 11:49:12 - [MESSAGE][PASSED] - Text ****** has been set on object 'Object Repository/Final Object Repo/Login Page/Internal User/Password'

2018-12-12 11:49:12 - [TEST_STEP][PASSED] - click: Object: 'Object Repository/Final Object Repo/Login Page/Internal User/Login Button' is clicked on

2018-12-12 11:49:12 - [MESSAGE][PASSED] - Object: 'Object Repository/Final Object Repo/Login Page/Internal User/Login Button' is clicked on

2018-12-12 11:49:12 - [TEST_STEP][PASSED] - delay: Delayed 1 second(s)

2018-12-12 11:49:13 - [MESSAGE][PASSED] - Delayed 1 second(s)

2018-12-12 11:49:13 - [TEST_STEP][PASSED] - Statement - Try: Delayed 2 second(s)

2018-12-12 11:49:13 - [TEST_STEP][PASSED] - Statement - Checker = false: null

2018-12-12 11:49:13 - [TEST_STEP][PASSED] - Statement - Checker = com.kms.katalon.core.webui.keyword.WebUiBuiltInKeywords.verifyElementHasAttribute(com.kms.katalon.core.testobject.ObjectRepository.findTestObject(Final Object Repo/Landing Page/BM Detecting), "href", 20, OPTIONAL): Object 'Object Repository/Final Object Repo/Landing Page/BM Detecting' has attribute 'href'

2018-12-12 11:49:14 - [MESSAGE][PASSED] - Object 'Object Repository/Final Object Repo/Landing Page/BM Detecting' has attribute 'href'

2018-12-12 11:49:14 - [TEST_STEP][PASSED] - Statement - out.println(Checker): null

2018-12-12 11:49:14 - [TEST_STEP][PASSED] - Statement - If (Checker == false): null

2018-12-12 11:49:14 - [TEST_STEP][PASSED] - Statement - Else: null

2018-12-12 11:49:14 - [TEST_STEP][PASSED] - delay: Delayed 2 second(s)

2018-12-12 11:49:16 - [MESSAGE][PASSED] - Delayed 2 second(s)

2018-12-12 11:49:16 - [TEST_STEP][PASSED] - navigateToUrl: Navigate to 'https://assist2-uat.perkeso.gov.my/web/registration/search/search-pending-case-for-add-supporting-document' successfully

2018-12-12 11:49:17 - [MESSAGE][PASSED] - Navigate to 'https://assist2-uat.perkeso.gov.my/web/registration/search/search-pending-case-for-add-supporting-document' successfully

2018-12-12 11:49:17 - [TEST_STEP][PASSED] - click: Object: 'Object Repository/Final Object Repo/Page_Search Pending Case For Add Suporting Document/Search By' is clicked on

2018-12-12 11:49:17 - [MESSAGE][PASSED] - Object: 'Object Repository/Final Object Repo/Page_Search Pending Case For Add Suporting Document/Search By' is clicked on

2018-12-12 11:49:17 - [TEST_STEP][PASSED] - click: Object: 'Object Repository/Final Object Repo/Page_Search Pending Case For Add Suporting Document/Search By - Reference ID' is clicked on

2018-12-12 11:49:17 - [MESSAGE][PASSED] - Object: 'Object Repository/Final Object Repo/Page_Search Pending Case For Add Suporting Document/Search By - Reference ID' is clicked on

2018-12-12 11:49:17 - [TEST_STEP][PASSED] - delay: Delayed 2 second(s)

2018-12-12 11:49:19 - [MESSAGE][PASSED] - Delayed 2 second(s)

2018-12-12 11:49:19 - [TEST_STEP][PASSED] - setText: Text 'CUN122018C100006000' is set on object 'Object Repository/Final Object Repo/Page_Search Pending Case For Add Suporting Document/Reference ID'

2018-12-12 11:49:19 - [MESSAGE][PASSED] - Text 'CUN122018C100006000' is set on object 'Object Repository/Final Object Repo/Page_Search Pending Case For Add Suporting Document/Reference ID'

2018-12-12 11:49:19 - [TEST_STEP][PASSED] - click: Object: 'Object Repository/Final Object Repo/Page_Search Pending Case For Add Suporting Document/Search' is clicked on

2018-12-12 11:49:19 - [MESSAGE][PASSED] - Object: 'Object Repository/Final Object Repo/Page_Search Pending Case For Add Suporting Document/Search' is clicked on

2018-12-12 11:49:19 - [TEST_STEP][PASSED] - delay: Delayed 2 second(s)

2018-12-12 11:49:21 - [MESSAGE][PASSED] - Delayed 2 second(s)

2018-12-12 11:49:21 - [TEST_STEP][PASSED] - click: Object: 'Object Repository/Final Object Repo/Page_Search Pending Case For Add Suporting Document/Edit' is clicked on

2018-12-12 11:49:25 - [MESSAGE][PASSED] - Object: 'Object Repository/Final Object Repo/Page_Search Pending Case For Add Suporting Document/Edit' is clicked on

2018-12-12 11:49:25 - [MESSAGE][PASSED] - Call Test Case 'Test Cases/Final Aug 2018 - PKS Automation/Registration Module/Workflow/Search Pending Case For Add Supporting Document (OTC)' successfully

2018-12-12 11:49:25 - [TEST_STEP][PASSED] - click: Object: 'Object Repository/Final Object Repo/Page_Update Employer Information/Page_Update Employer Information UO (Query -OTC -UO)/Next' is clicked on

2018-12-12 11:49:28 - [MESSAGE][PASSED] - Object: 'Object Repository/Final Object Repo/Page_Update Employer Information/Page_Update Employer Information UO (Query -OTC -UO)/Next' is clicked on

2018-12-12 11:49:28 - [TEST_STEP][PASSED] - delay: Delayed 2 second(s)

2018-12-12 11:49:30 - [MESSAGE][PASSED] - Delayed 2 second(s)

2018-12-12 11:49:30 - [TEST_STEP][PASSED] - click: Object: 'Object Repository/Final Object Repo/Page_Update Employer Information/Page_Update Employer Information UO (Query -OTC -UO)/Add Document' is clicked on

2018-12-12 11:49:30 - [MESSAGE][PASSED] - Object: 'Object Repository/Final Object Repo/Page_Update Employer Information/Page_Update Employer Information UO (Query -OTC -UO)/Add Document' is clicked on

2018-12-12 11:49:30 - [TEST_STEP][PASSED] - delay: Delayed 2 second(s)

2018-12-12 11:49:32 - [MESSAGE][PASSED] - Delayed 2 second(s)

2018-12-12 11:49:32 - [TEST_STEP][PASSED] - click: Object: 'Object Repository/Final Object Repo/Page_Update Employer Information/Page_Update Employer Information UO (Query -OTC -UO)/Document Type' is clicked on

2018-12-12 11:49:33 - [MESSAGE][PASSED] - Object: 'Object Repository/Final Object Repo/Page_Update Employer Information/Page_Update Employer Information UO (Query -OTC -UO)/Document Type' is clicked on

2018-12-12 11:49:33 - [TEST_STEP][PASSED] - click: Object: 'Object Repository/Final Object Repo/Page_Update Employer Information/Page_Update Employer Information UO (Query -OTC -UO)/Document Type - Other' is clicked on

2018-12-12 11:49:33 - [MESSAGE][PASSED] - Object: 'Object Repository/Final Object Repo/Page_Update Employer Information/Page_Update Employer Information UO (Query -OTC -UO)/Document Type - Other' is clicked on

2018-12-12 11:49:33 - [TEST_STEP][PASSED] - delay: Delayed 2 second(s)

2018-12-12 11:49:35 - [MESSAGE][PASSED] - Delayed 2 second(s)

2018-12-12 11:49:35 - [TEST_STEP][PASSED] - sendKeys: Keys 'C:\Users\Public\Pictures\Sample Pictures\Koala.jpg' sent to object: 'Object Repository/Final Object Repo/Page_Update Employer Information/Page_Update Employer Information UO (Query -OTC -UO)/Uploading File'

2018-12-12 11:49:35 - [MESSAGE][PASSED] - Keys 'C:\Users\Public\Pictures\Sample Pictures\Koala.jpg' sent to object: 'Object Repository/Final Object Repo/Page_Update Employer Information/Page_Update Employer Information UO (Query -OTC -UO)/Uploading File'

2018-12-12 11:49:35 - [TEST_STEP][PASSED] - delay: Delayed 2 second(s)

2018-12-12 11:49:37 - [MESSAGE][PASSED] - Delayed 2 second(s)

2018-12-12 11:49:37 - [TEST_STEP][PASSED] - click: Object: 'Object Repository/Final Object Repo/Page_Update Employer Information/Page_Update Employer Information UO (Query -OTC -UO)/Add Document in Uploading Page' is clicked on

2018-12-12 11:49:37 - [MESSAGE][PASSED] - Object: 'Object Repository/Final Object Repo/Page_Update Employer Information/Page_Update Employer Information UO (Query -OTC -UO)/Add Document in Uploading Page' is clicked on

2018-12-12 11:49:37 - [TEST_STEP][PASSED] - delay: Delayed 2 second(s)

2018-12-12 11:49:39 - [MESSAGE][PASSED] - Delayed 2 second(s)

2018-12-12 11:49:39 - [TEST_STEP][PASSED] - click: Object: 'Object Repository/Final Object Repo/Page_Update Employer Information/Page_Update Employer Information UO (Query -OTC -UO)/Exit' is clicked on

2018-12-12 11:49:42 - [MESSAGE][PASSED] - Object: 'Object Repository/Final Object Repo/Page_Update Employer Information/Page_Update Employer Information UO (Query -OTC -UO)/Exit' is clicked on

2018-12-12 11:49:42 - [TEST_STEP][PASSED] - delay: Delayed 2 second(s)

2018-12-12 11:49:44 - [MESSAGE][PASSED] - Delayed 2 second(s)

2018-12-12 11:49:44 - [TEST_STEP][PASSED] - delay: Delayed 1 second(s)

2018-12-12 11:49:45 - [MESSAGE][PASSED] - Delayed 1 second(s)

2018-12-12 11:49:45 - [TEST_STEP][PASSED] - navigateToUrl: Navigate to 'https://assist2-uat.perkeso.gov.my/c/portal/logout' successfully

2018-12-12 11:49:46 - [MESSAGE][PASSED] - Navigate to 'https://assist2-uat.perkeso.gov.my/c/portal/logout' successfully

2018-12-12 11:49:46 - [TEST_STEP][PASSED] - delay: Delayed 1 second(s)

2018-12-12 11:49:47 - [MESSAGE][PASSED] - Delayed 1 second(s)

2018-12-12 11:49:47 - [TEST_STEP][PASSED] - callTestCase: Call Test Case 'Test Cases/Final Aug 2018 - PKS Automation/Registration Module/Workflow/Login and Search Case For Workflow' successfully

2018-12-12 11:49:47 - [TEST_CASE][PASSED] - Test Cases/Final Aug 2018 - PKS Automation/Registration Module/Workflow/Login and Search Case For Workflow: Test Cases/Final Aug 2018 - PKS Automation/Registration Module/Workflow/Login and Search Case For Workflow

2018-12-12 11:49:47 - [TEST_STEP][PASSED] - navigateToUrl: Navigate to 'https://assist2-uat.perkeso.gov.my/login' successfully

2018-12-12 11:49:48 - [MESSAGE][PASSED] - Navigate to 'https://assist2-uat.perkeso.gov.my/login' successfully

2018-12-12 11:49:48 - [TEST_STEP][PASSED] - setText: Text 'johoruo2@gmail.com' is set on object 'Object Repository/Final Object Repo/Login Page/Internal User/Email Address'

2018-12-12 11:49:48 - [MESSAGE][PASSED] - Text 'johoruo2@gmail.com' is set on object 'Object Repository/Final Object Repo/Login Page/Internal User/Email Address'

2018-12-12 11:49:48 - [TEST_STEP][PASSED] - click: Object: 'Object Repository/Final Object Repo/Login Page/Internal User/Next Button' is clicked on

2018-12-12 11:49:48 - [MESSAGE][PASSED] - Object: 'Object Repository/Final Object Repo/Login Page/Internal User/Next Button' is clicked on

2018-12-12 11:49:48 - [TEST_STEP][PASSED] - delay: Delayed 1 second(s)

2018-12-12 11:49:49 - [MESSAGE][PASSED] - Delayed 1 second(s)

2018-12-12 11:49:49 - [TEST_STEP][PASSED] - setEncryptedText: Text ****** has been set on object 'Object Repository/Final Object Repo/Login Page/Internal User/Password'

2018-12-12 11:49:49 - [MESSAGE][PASSED] - Text ****** has been set on object 'Object Repository/Final Object Repo/Login Page/Internal User/Password'

2018-12-12 11:49:49 - [TEST_STEP][PASSED] - click: Object: 'Object Repository/Final Object Repo/Login Page/Internal User/Login Button' is clicked on

2018-12-12 11:49:49 - [MESSAGE][PASSED] - Object: 'Object Repository/Final Object Repo/Login Page/Internal User/Login Button' is clicked on

2018-12-12 11:49:49 - [TEST_STEP][PASSED] - delay: Delayed 2 second(s)

2018-12-12 11:49:51 - [MESSAGE][PASSED] - Delayed 2 second(s)

2018-12-12 11:49:51 - [TEST_STEP][PASSED] - Statement - Try: Delayed 2 second(s)

2018-12-12 11:49:51 - [TEST_STEP][PASSED] - Statement - Checker = false: null

2018-12-12 11:49:51 - [TEST_STEP][PASSED] - Statement - Checker = com.kms.katalon.core.webui.keyword.WebUiBuiltInKeywords.verifyElementHasAttribute(com.kms.katalon.core.testobject.ObjectRepository.findTestObject(Final Object Repo/Landing Page/BM Detecting), "href", 20, OPTIONAL): Object 'Object Repository/Final Object Repo/Landing Page/BM Detecting' has attribute 'href'

2018-12-12 11:49:51 - [MESSAGE][PASSED] - Object 'Object Repository/Final Object Repo/Landing Page/BM Detecting' has attribute 'href'

2018-12-12 11:49:51 - [TEST_STEP][PASSED] - Statement - out.println(Checker): null

2018-12-12 11:49:51 - [TEST_STEP][PASSED] - Statement - If (Checker == false): null

2018-12-12 11:49:51 - [TEST_STEP][PASSED] - Statement - Else: null

2018-12-12 11:49:51 - [TEST_STEP][PASSED] - delay: Delayed 2 second(s)

2018-12-12 11:49:53 - [MESSAGE][PASSED] - Delayed 2 second(s)

2018-12-12 11:49:53 - [TEST_STEP][PASSED] - click: Object: 'Object Repository/Final Object Repo/Page_MyASSIST - ASSIST - Search Pending Case For Add Supporting Document/Search Information' is clicked on

2018-12-12 11:49:54 - [MESSAGE][PASSED] - Object: 'Object Repository/Final Object Repo/Page_MyASSIST - ASSIST - Search Pending Case For Add Supporting Document/Search Information' is clicked on

2018-12-12 11:49:54 - [TEST_STEP][PASSED] - delay: Delayed 3 second(s)

2018-12-12 11:49:57 - [MESSAGE][PASSED] - Delayed 3 second(s)

2018-12-12 11:49:57 - [TEST_STEP][PASSED] - sendKeys: Keys 'CUN122018C100006000' sent to object: 'Object Repository/Final Object Repo/Page_MyASSIST - ASSIST - Search Pending Case For Add Supporting Document/Reference No'

2018-12-12 11:49:57 - [MESSAGE][PASSED] - Keys 'CUN122018C100006000' sent to object: 'Object Repository/Final Object Repo/Page_MyASSIST - ASSIST - Search Pending Case For Add Supporting Document/Reference No'

2018-12-12 11:49:57 - [TEST_STEP][PASSED] - click: Object: 'Object Repository/Final Object Repo/Page_MyASSIST - ASSIST - Search Pending Case For Add Supporting Document/Search Reference No' is clicked on

2018-12-12 11:49:57 - [MESSAGE][PASSED] - Object: 'Object Repository/Final Object Repo/Page_MyASSIST - ASSIST - Search Pending Case For Add Supporting Document/Search Reference No' is clicked on

2018-12-12 11:49:57 - [TEST_STEP][PASSED] - delay: Delayed 2 second(s)

2018-12-12 11:49:59 - [MESSAGE][PASSED] - Delayed 2 second(s)

2018-12-12 11:49:59 - [TEST_STEP][PASSED] - click: Object: 'Object Repository/Final Object Repo/Page_MyASSIST - ASSIST - Search Pending Case For Add Supporting Document/Continue' is clicked on

2018-12-12 11:50:03 - [MESSAGE][PASSED] - Object: 'Object Repository/Final Object Repo/Page_MyASSIST - ASSIST - Search Pending Case For Add Supporting Document/Continue' is clicked on

2018-12-12 11:50:03 - [TEST_STEP][PASSED] - delay: Delayed 20 second(s)

2018-12-12 11:50:23 - [MESSAGE][PASSED] - Delayed 20 second(s)

2018-12-12 11:50:23 - [MESSAGE][PASSED] - Call Test Case 'Test Cases/Final Aug 2018 - PKS Automation/Registration Module/Workflow/Login and Search Case For Workflow' successfully

2018-12-12 11:50:23 - [TEST_STEP][PASSED] - click: Object: 'Object Repository/Final Object Repo/Page_Update Employer Information/Page_Update Employer Information UO (Approve)/Continue' is clicked on

2018-12-12 11:50:26 - [MESSAGE][PASSED] - Object: 'Object Repository/Final Object Repo/Page_Update Employer Information/Page_Update Employer Information UO (Approve)/Continue' is clicked on

2018-12-12 11:50:26 - [TEST_STEP][PASSED] - delay: Delayed 2 second(s)

2018-12-12 11:50:28 - [MESSAGE][PASSED] - Delayed 2 second(s)

2018-12-12 11:50:28 - [TEST_STEP][PASSED] - click: Object: 'Object Repository/Final Object Repo/Page_Update Employer Information/Page_Update Employer Information UO (Approve)/Save  Continue in Update Employer Information Page' is clicked on

2018-12-12 11:50:29 - [MESSAGE][PASSED] - Object: 'Object Repository/Final Object Repo/Page_Update Employer Information/Page_Update Employer Information UO (Approve)/Save  Continue in Update Employer Information Page' is clicked on

2018-12-12 11:50:29 - [TEST_STEP][PASSED] - delay: Delayed 2 second(s)

2018-12-12 11:50:31 - [MESSAGE][PASSED] - Delayed 2 second(s)

2018-12-12 11:50:31 - [TEST_STEP][PASSED] - click: Object: 'Object Repository/Final Object Repo/Page_Update Employer Information/Page_Update Employer Information UO (Approve)/Save  Continue in Uploading Supporting Document Page' is clicked on

2018-12-12 11:50:33 - [MESSAGE][PASSED] - Object: 'Object Repository/Final Object Repo/Page_Update Employer Information/Page_Update Employer Information UO (Approve)/Save  Continue in Uploading Supporting Document Page' is clicked on

2018-12-12 11:50:33 - [TEST_STEP][PASSED] - delay: Delayed 2 second(s)

2018-12-12 11:50:35 - [MESSAGE][PASSED] - Delayed 2 second(s)

2018-12-12 11:50:35 - [TEST_STEP][PASSED] - click: Object: 'Object Repository/Final Object Repo/Page_Update Employer Information/Page_Update Employer Information UO (Approve)/Approve' is clicked on

2018-12-12 11:50:37 - [MESSAGE][PASSED] - Object: 'Object Repository/Final Object Repo/Page_Update Employer Information/Page_Update Employer Information UO (Approve)/Approve' is clicked on

2018-12-12 11:50:37 - [TEST_STEP][PASSED] - delay: Delayed 2 second(s)

2018-12-12 11:50:39 - [MESSAGE][PASSED] - Delayed 2 second(s)

2018-12-12 11:50:39 - [TEST_STEP][PASSED] - click: Object: 'Object Repository/Final Object Repo/Page_Update Employer Information/Page_Update Employer Information UO (Approve)/Confirm' is clicked on

2018-12-12 11:50:39 - [MESSAGE][PASSED] - Object: 'Object Repository/Final Object Repo/Page_Update Employer Information/Page_Update Employer Information UO (Approve)/Confirm' is clicked on

2018-12-12 11:50:39 - [TEST_STEP][PASSED] - delay: Delayed 2 second(s)

2018-12-12 11:50:41 - [MESSAGE][PASSED] - Delayed 2 second(s)

2018-12-12 11:50:41 - [TEST_STEP][PASSED] - verifyElementVisible: Object 'Object Repository/Final Object Repo/Page_Update Employer Information/Page_Update Employer Information UO (Approve)/Message Your Request' is visible

2018-12-12 11:50:48 - [MESSAGE][PASSED] - Object 'Object Repository/Final Object Repo/Page_Update Employer Information/Page_Update Employer Information UO (Approve)/Message Your Request' is visible

2018-12-12 11:50:48 - [TEST_STEP][PASSED] - verifyElementVisible: Object 'Object Repository/Final Object Repo/Page_Update Employer Information/Page_Update Employer Information UO (Approve)/Letter of successful update' is visible

2018-12-12 11:50:48 - [MESSAGE][PASSED] - Object 'Object Repository/Final Object Repo/Page_Update Employer Information/Page_Update Employer Information UO (Approve)/Letter of successful update' is visible

2018-12-12 11:50:48 - [MESSAGE][PASSED] - Call Test Case 'Test Cases/Final Aug 2018 - PKS Automation/Registration Module/Workflow/Update Employer Information/Template/Update Employer Information - Special Case - UO (Query)' successfully]]></system-out>
         <system-err><![CDATA[]]></system-err>
      </testcase>
      <testcase name="Test Cases/Final Aug 2018 - PKS Automation/Registration Module/Workflow/Update Employer Information/OTC - UO (Reject)" classname="Test Cases/Final Aug 2018 - PKS Automation/Registration Module/Workflow/Update Employer Information/OTC - UO (Reject)" status="PASSED">
         <system-out><![CDATA[2018-12-12 11:50:48 - [TEST_CASE][PASSED] - Test Cases/Final Aug 2018 - PKS Automation/Registration Module/Workflow/Update Employer Information/OTC - UO (Reject): Test Cases/Final Aug 2018 - PKS Automation/Registration Module/Workflow/Update Employer Information/OTC - UO (Reject)

2018-12-12 11:50:48 - [TEST_STEP][PASSED] - callTestCase: Call Test Case 'Test Cases/Final Aug 2018 - PKS Automation/Registration Module/Workflow/Update Employer Information/Template/Update Employer Information - Special Case (OTC)' successfully

2018-12-12 11:50:48 - [TEST_CASE][PASSED] - Test Cases/Final Aug 2018 - PKS Automation/Registration Module/Workflow/Update Employer Information/Template/Update Employer Information - Special Case (OTC): Test Cases/Final Aug 2018 - PKS Automation/Registration Module/Workflow/Update Employer Information/Template/Update Employer Information - Special Case (OTC)

2018-12-12 11:50:48 - [TEST_STEP][PASSED] - openBrowser: Browser is opened with url: ''

2018-12-12 11:50:48 - [MESSAGE][WARNING] - A browser is already opened. Closing browser and opening a new one

2018-12-12 11:50:52 - [MESSAGE][PASSED] - Browser is opened with url: ''

2018-12-12 11:50:52 - [TEST_STEP][PASSED] - navigateToUrl: Navigate to 'https://assist2-uat.perkeso.gov.my/login' successfully

2018-12-12 11:50:53 - [MESSAGE][PASSED] - Navigate to 'https://assist2-uat.perkeso.gov.my/login' successfully

2018-12-12 11:50:53 - [TEST_STEP][PASSED] - setText: Text 'johorotc1@gmail.com' is set on object 'Object Repository/Final Object Repo/Login Page/Internal User/Email Address'

2018-12-12 11:50:54 - [MESSAGE][PASSED] - Text 'johorotc1@gmail.com' is set on object 'Object Repository/Final Object Repo/Login Page/Internal User/Email Address'

2018-12-12 11:50:54 - [TEST_STEP][PASSED] - click: Object: 'Object Repository/Final Object Repo/Login Page/Internal User/Next Button' is clicked on

2018-12-12 11:50:54 - [MESSAGE][PASSED] - Object: 'Object Repository/Final Object Repo/Login Page/Internal User/Next Button' is clicked on

2018-12-12 11:50:54 - [TEST_STEP][PASSED] - delay: Delayed 1 second(s)

2018-12-12 11:50:55 - [MESSAGE][PASSED] - Delayed 1 second(s)

2018-12-12 11:50:55 - [TEST_STEP][PASSED] - setEncryptedText: Text ****** has been set on object 'Object Repository/Final Object Repo/Login Page/Internal User/Password'

2018-12-12 11:50:55 - [MESSAGE][PASSED] - Text ****** has been set on object 'Object Repository/Final Object Repo/Login Page/Internal User/Password'

2018-12-12 11:50:55 - [TEST_STEP][PASSED] - click: Object: 'Object Repository/Final Object Repo/Login Page/Internal User/Login Button' is clicked on

2018-12-12 11:50:55 - [MESSAGE][PASSED] - Object: 'Object Repository/Final Object Repo/Login Page/Internal User/Login Button' is clicked on

2018-12-12 11:50:55 - [TEST_STEP][PASSED] - Statement - tester = com.kms.katalon.core.testobject.ObjectRepository.findTestObject(Final Object Repo/Landing Page/Select to English): Finding Test Object with id 'Object Repository/Final Object Repo/Landing Page/Select to English'

2018-12-12 11:50:55 - [TEST_STEP][PASSED] - Statement - Try: Delayed 2 second(s)

2018-12-12 11:50:55 - [TEST_STEP][PASSED] - Statement - Checker = com.kms.katalon.core.webui.keyword.WebUiBuiltInKeywords.verifyElementNotPresent(tester, 3): Web element with id: 'Object Repository/Final Object Repo/Landing Page/Select to English' located by 'By.xpath: //a[@class = 'taglib-language-list-text' and @lang = 'en-US' and (contains(text(), 'EN') or contains(., 'EN'))]' is not present after '3' second(s)

2018-12-12 11:50:57 - [MESSAGE][PASSED] - Web element with id: 'Object Repository/Final Object Repo/Landing Page/Select to English' located by 'By.xpath: //a[@class = 'taglib-language-list-text' and @lang = 'en-US' and (contains(text(), 'EN') or contains(., 'EN'))]' is not present after '3' second(s)

2018-12-12 11:50:57 - [TEST_STEP][PASSED] - Statement - If (Checker == false): null

2018-12-12 11:50:57 - [TEST_STEP][PASSED] - delay: Delayed 2 second(s)

2018-12-12 11:50:59 - [MESSAGE][PASSED] - Delayed 2 second(s)

2018-12-12 11:50:59 - [TEST_STEP][PASSED] - delay: Delayed 5 second(s)

2018-12-12 11:51:04 - [MESSAGE][PASSED] - Delayed 5 second(s)

2018-12-12 11:51:04 - [TEST_STEP][PASSED] - navigateToUrl: Navigate to 'https://assist2-uat.perkeso.gov.my/web/registration/update/update-employer-information' successfully

2018-12-12 11:51:05 - [MESSAGE][PASSED] - Navigate to 'https://assist2-uat.perkeso.gov.my/web/registration/update/update-employer-information' successfully

2018-12-12 11:51:05 - [TEST_STEP][PASSED] - setText: Text 'E1102001065V ' is set on object 'Object Repository/Final Object Repo/Page_Update Employer Information/Employer Code'

2018-12-12 11:51:05 - [MESSAGE][PASSED] - Text 'E1102001065V ' is set on object 'Object Repository/Final Object Repo/Page_Update Employer Information/Employer Code'

2018-12-12 11:51:05 - [TEST_STEP][PASSED] - click: Object: 'Object Repository/Final Object Repo/Page_Update Employer Information/Search Button' is clicked on

2018-12-12 11:51:05 - [MESSAGE][PASSED] - Object: 'Object Repository/Final Object Repo/Page_Update Employer Information/Search Button' is clicked on

2018-12-12 11:51:05 - [TEST_STEP][PASSED] - click: Object: 'Object Repository/Final Object Repo/Page_Update Employer Information/Edit Button' is clicked on

2018-12-12 11:51:09 - [MESSAGE][PASSED] - Object: 'Object Repository/Final Object Repo/Page_Update Employer Information/Edit Button' is clicked on

2018-12-12 11:51:09 - [TEST_STEP][PASSED] - click: Object: 'Object Repository/Final Object Repo/Page_Update Employer Information/Business Entity' is clicked on

2018-12-12 11:51:09 - [MESSAGE][PASSED] - Object: 'Object Repository/Final Object Repo/Page_Update Employer Information/Business Entity' is clicked on

2018-12-12 11:51:09 - [TEST_STEP][PASSED] - Statement - CurrentBusinessEntity = "": null

2018-12-12 11:51:09 - [TEST_STEP][PASSED] - Statement - CurrentBusinessEntity = com.kms.katalon.core.webui.keyword.WebUiBuiltInKeywords.getText(com.kms.katalon.core.testobject.ObjectRepository.findTestObject(Final Object Repo/Page_Update Employer Information/Current Business Entity)): Text of object 'Object Repository/Final Object Repo/Page_Update Employer Information/Current Business Entity' is: 'Sole Proprietor / Individual Business'

2018-12-12 11:51:09 - [MESSAGE][PASSED] - Text of object 'Object Repository/Final Object Repo/Page_Update Employer Information/Current Business Entity' is: 'Sole Proprietor / Individual Business'

2018-12-12 11:51:09 - [TEST_STEP][PASSED] - Statement - out.println(CurrentBusinessEntity): null

2018-12-12 11:51:09 - [TEST_STEP][PASSED] - Statement - If (CurrentBusinessEntity == "Corporation"): null

2018-12-12 11:51:09 - [TEST_STEP][PASSED] - Statement - Else If (CurrentBusinessEntity == "Partnership"): null

2018-12-12 11:51:09 - [TEST_STEP][PASSED] - Statement - Else If (CurrentBusinessEntity == "Sole Proprietor / Individual Business"): Delayed 3 second(s)

2018-12-12 11:51:09 - [TEST_STEP][PASSED] - Statement - obj = com.kms.katalon.core.webui.keyword.WebUiBuiltInKeywords.modifyObjectProperty(com.kms.katalon.core.testobject.ObjectRepository.findTestObject(Final Object Repo/Page_Update Employer Information/change to this Business Entity), "xpath", "equals", "//ul/li/span[contains(text(),"Others")]", true, STOP_ON_FAILURE): Modify property of object successfully

2018-12-12 11:51:09 - [MESSAGE][PASSED] - Modify property of object successfully

2018-12-12 11:51:09 - [TEST_STEP][PASSED] - click: Object: 'Object Repository/Final Object Repo/Page_Update Employer Information/change to this Business Entity' is clicked on

2018-12-12 11:51:09 - [MESSAGE][PASSED] - Object: 'Object Repository/Final Object Repo/Page_Update Employer Information/change to this Business Entity' is clicked on

2018-12-12 11:51:09 - [TEST_STEP][PASSED] - delay: Delayed 1 second(s)

2018-12-12 11:51:10 - [MESSAGE][PASSED] - Delayed 1 second(s)

2018-12-12 11:51:10 - [TEST_STEP][PASSED] - click: Object: 'Object Repository/Final Object Repo/Page_Update Employer Information/Sub Business Entity' is clicked on

2018-12-12 11:51:11 - [MESSAGE][PASSED] - Object: 'Object Repository/Final Object Repo/Page_Update Employer Information/Sub Business Entity' is clicked on

2018-12-12 11:51:11 - [TEST_STEP][PASSED] - click: Object: 'Object Repository/Final Object Repo/Page_Update Employer Information/Sub Business Entity List - Others - Federal Government Agency' is clicked on

2018-12-12 11:51:11 - [MESSAGE][PASSED] - Object: 'Object Repository/Final Object Repo/Page_Update Employer Information/Sub Business Entity List - Others - Federal Government Agency' is clicked on

2018-12-12 11:51:11 - [TEST_STEP][PASSED] - delay: Delayed 1 second(s)

2018-12-12 11:51:12 - [MESSAGE][PASSED] - Delayed 1 second(s)

2018-12-12 11:51:12 - [TEST_STEP][PASSED] - click: Object: 'Object Repository/Final Object Repo/Page_Update Employer Information/Sub Business Entity List' is clicked on

2018-12-12 11:51:12 - [MESSAGE][PASSED] - Object: 'Object Repository/Final Object Repo/Page_Update Employer Information/Sub Business Entity List' is clicked on

2018-12-12 11:51:12 - [TEST_STEP][PASSED] - click: Object: 'Object Repository/Final Object Repo/Page_Update Employer Information/Sub Business Entity - Others - Federal Government Agency - Kementerian' is clicked on

2018-12-12 11:51:12 - [MESSAGE][PASSED] - Object: 'Object Repository/Final Object Repo/Page_Update Employer Information/Sub Business Entity - Others - Federal Government Agency - Kementerian' is clicked on

2018-12-12 11:51:12 - [TEST_STEP][PASSED] - delay: Delayed 3 second(s)

2018-12-12 11:51:15 - [MESSAGE][PASSED] - Delayed 3 second(s)

2018-12-12 11:51:15 - [TEST_STEP][PASSED] - delay: Delayed 4 second(s)

2018-12-12 11:51:19 - [MESSAGE][PASSED] - Delayed 4 second(s)

2018-12-12 11:51:19 - [TEST_STEP][PASSED] - click: Object: 'Object Repository/Final Object Repo/Page_Update Employer Information/Save  Continue' is clicked on

2018-12-12 11:51:19 - [MESSAGE][PASSED] - Object: 'Object Repository/Final Object Repo/Page_Update Employer Information/Save  Continue' is clicked on

2018-12-12 11:51:19 - [TEST_STEP][PASSED] - delay: Delayed 4 second(s)

2018-12-12 11:51:23 - [MESSAGE][PASSED] - Delayed 4 second(s)

2018-12-12 11:51:23 - [TEST_STEP][PASSED] - click: Object: 'Object Repository/Final Object Repo/Page_Update Employer Information/Save  Continue (1)' is clicked on

2018-12-12 11:51:24 - [MESSAGE][PASSED] - Object: 'Object Repository/Final Object Repo/Page_Update Employer Information/Save  Continue (1)' is clicked on

2018-12-12 11:51:24 - [TEST_STEP][PASSED] - delay: Delayed 4 second(s)

2018-12-12 11:51:28 - [MESSAGE][PASSED] - Delayed 4 second(s)

2018-12-12 11:51:28 - [TEST_STEP][PASSED] - Statement - CaseReferenceNo = com.kms.katalon.core.webui.keyword.WebUiBuiltInKeywords.getText(com.kms.katalon.core.testobject.ObjectRepository.findTestObject(Final Object Repo/Page_Update Employer Information/Reference Number in Update Employee Information Page)): Text of object 'Object Repository/Final Object Repo/Page_Update Employer Information/Reference Number in Update Employee Information Page' is: 'CUN122018C100006001'

2018-12-12 11:51:28 - [MESSAGE][PASSED] - Text of object 'Object Repository/Final Object Repo/Page_Update Employer Information/Reference Number in Update Employee Information Page' is: 'CUN122018C100006001'

2018-12-12 11:51:28 - [TEST_STEP][PASSED] - callTestCase: Call Test Case 'Test Cases/Final Aug 2018 - PKS Automation/Common/Reference Number Setter' successfully

2018-12-12 11:51:28 - [TEST_CASE][PASSED] - Test Cases/Final Aug 2018 - PKS Automation/Common/Reference Number Setter: Test Cases/Final Aug 2018 - PKS Automation/Common/Reference Number Setter

2018-12-12 11:51:28 - [TEST_STEP][PASSED] - Statement - RefNoOldFile = new java.io.File(C://Users//Admin//Desktop//PKS//Automation Reference Point//KatalonReference.txt): null

2018-12-12 11:51:28 - [TEST_STEP][PASSED] - Statement - RefNoOldFile.delete(): null

2018-12-12 11:51:28 - [TEST_STEP][PASSED] - delay: Delayed 5 second(s)

2018-12-12 11:51:33 - [MESSAGE][PASSED] - Delayed 5 second(s)

2018-12-12 11:51:33 - [TEST_STEP][PASSED] - Statement - RefNo = new java.io.File(C://Users//Admin//Desktop//PKS//Automation Reference Point//KatalonReference.txt): null

2018-12-12 11:51:33 - [TEST_STEP][PASSED] - Statement - f2 = new java.io.FileWriter(RefNo, false): null

2018-12-12 11:51:33 - [TEST_STEP][PASSED] - Statement - f2.write(CaseReferenceNo): null

2018-12-12 11:51:33 - [TEST_STEP][PASSED] - Statement - f2.close(): null

2018-12-12 11:51:33 - [TEST_STEP][PASSED] - Statement - out.println("


" + CaseReferenceNo + "


"): null

2018-12-12 11:51:33 - [MESSAGE][PASSED] - Call Test Case 'Test Cases/Final Aug 2018 - PKS Automation/Common/Reference Number Setter' successfully

2018-12-12 11:51:33 - [TEST_STEP][PASSED] - delay: Delayed 4 second(s)

2018-12-12 11:51:37 - [MESSAGE][PASSED] - Delayed 4 second(s)

2018-12-12 11:51:37 - [TEST_STEP][PASSED] - click: Object: 'Object Repository/Final Object Repo/Page_Update Employer Information/Submit - Copy' is clicked on

2018-12-12 11:51:37 - [MESSAGE][PASSED] - Object: 'Object Repository/Final Object Repo/Page_Update Employer Information/Submit - Copy' is clicked on

2018-12-12 11:51:37 - [TEST_STEP][PASSED] - delay: Delayed 2 second(s)

2018-12-12 11:51:39 - [MESSAGE][PASSED] - Delayed 2 second(s)

2018-12-12 11:51:39 - [TEST_STEP][PASSED] - click: Object: 'Object Repository/Final Object Repo/Page_Update Employer Information/Confirm' is clicked on

2018-12-12 11:51:39 - [MESSAGE][PASSED] - Object: 'Object Repository/Final Object Repo/Page_Update Employer Information/Confirm' is clicked on

2018-12-12 11:51:39 - [TEST_STEP][PASSED] - delay: Delayed 2 second(s)

2018-12-12 11:51:41 - [MESSAGE][PASSED] - Delayed 2 second(s)

2018-12-12 11:51:41 - [TEST_STEP][PASSED] - click: Object: 'Object Repository/Final Object Repo/Page_Update Employer Information/Message Your Request will be route' is clicked on

2018-12-12 11:51:43 - [MESSAGE][PASSED] - Object: 'Object Repository/Final Object Repo/Page_Update Employer Information/Message Your Request will be route' is clicked on

2018-12-12 11:51:43 - [MESSAGE][PASSED] - Call Test Case 'Test Cases/Final Aug 2018 - PKS Automation/Registration Module/Workflow/Update Employer Information/Template/Update Employer Information - Special Case (OTC)' successfully

2018-12-12 11:51:43 - [TEST_STEP][PASSED] - callTestCase: Call Test Case 'Test Cases/Final Aug 2018 - PKS Automation/Registration Module/Workflow/Update Employer Information/Template/Update Employer Information - Special Case - UO (Reject)' successfully

2018-12-12 11:51:43 - [TEST_CASE][PASSED] - Test Cases/Final Aug 2018 - PKS Automation/Registration Module/Workflow/Update Employer Information/Template/Update Employer Information - Special Case - UO (Reject): Test Cases/Final Aug 2018 - PKS Automation/Registration Module/Workflow/Update Employer Information/Template/Update Employer Information - Special Case - UO (Reject)

2018-12-12 11:51:43 - [TEST_STEP][NOT_RUN] - callTestCase: NOT_RUN: callTestCase

2018-12-12 11:51:43 - [MESSAGE][NOT_RUN] - NOT_RUN: callTestCase

2018-12-12 11:51:43 - [TEST_STEP][PASSED] - delay: Delayed 1 second(s)

2018-12-12 11:51:44 - [MESSAGE][PASSED] - Delayed 1 second(s)

2018-12-12 11:51:44 - [TEST_STEP][PASSED] - navigateToUrl: Navigate to 'https://assist2-uat.perkeso.gov.my/c/portal/logout' successfully

2018-12-12 11:51:45 - [MESSAGE][PASSED] - Navigate to 'https://assist2-uat.perkeso.gov.my/c/portal/logout' successfully

2018-12-12 11:51:45 - [TEST_STEP][PASSED] - delay: Delayed 1 second(s)

2018-12-12 11:51:46 - [MESSAGE][PASSED] - Delayed 1 second(s)

2018-12-12 11:51:46 - [TEST_STEP][PASSED] - callTestCase: Call Test Case 'Test Cases/Final Aug 2018 - PKS Automation/Common/Reference Number Getter' successfully

2018-12-12 11:51:46 - [TEST_CASE][PASSED] - Test Cases/Final Aug 2018 - PKS Automation/Common/Reference Number Getter: Test Cases/Final Aug 2018 - PKS Automation/Common/Reference Number Getter

2018-12-12 11:51:46 - [TEST_STEP][PASSED] - Statement - Try: null

2018-12-12 11:51:46 - [TEST_STEP][PASSED] - Statement - RefNo = new java.io.File(C://Users//Admin//Desktop//PKS//Automation Reference Point//KatalonReference.txt): null

2018-12-12 11:51:46 - [TEST_STEP][PASSED] - Statement - bufferread = new java.io.BufferedReader(new java.io.FileReader(RefNo)): null

2018-12-12 11:51:46 - [TEST_STEP][PASSED] - Statement - readedVal = bufferread.readLine(): null

2018-12-12 11:51:46 - [TEST_STEP][PASSED] - Statement - out.println(CaseReferenceNo): null

2018-12-12 11:51:46 - [TEST_STEP][PASSED] - Statement - out.println(readedVal): null

2018-12-12 11:51:46 - [TEST_STEP][PASSED] - Statement - CaseReferenceNo = "": null

2018-12-12 11:51:46 - [TEST_STEP][PASSED] - Statement - CaseReferenceNo = readedVal: null

2018-12-12 11:51:46 - [MESSAGE][PASSED] - Call Test Case 'Test Cases/Final Aug 2018 - PKS Automation/Common/Reference Number Getter' successfully

2018-12-12 11:51:46 - [TEST_STEP][PASSED] - callTestCase: Call Test Case 'Test Cases/Final Aug 2018 - PKS Automation/Common/Workflow Owner Finder' successfully

2018-12-12 11:51:46 - [TEST_CASE][PASSED] - Test Cases/Final Aug 2018 - PKS Automation/Common/Workflow Owner Finder: Test Cases/Final Aug 2018 - PKS Automation/Common/Workflow Owner Finder

2018-12-12 11:51:46 - [TEST_STEP][PASSED] - openBrowser: Browser is opened with url: ''

2018-12-12 11:51:46 - [MESSAGE][WARNING] - A browser is already opened. Closing browser and opening a new one

2018-12-12 11:51:50 - [MESSAGE][PASSED] - Browser is opened with url: ''

2018-12-12 11:51:50 - [TEST_STEP][PASSED] - navigateToUrl: Navigate to 'https://assist2-uat.perkeso.gov.my/login' successfully

2018-12-12 11:51:51 - [MESSAGE][PASSED] - Navigate to 'https://assist2-uat.perkeso.gov.my/login' successfully

2018-12-12 11:51:51 - [TEST_STEP][PASSED] - delay: Delayed 5 second(s)

2018-12-12 11:51:56 - [MESSAGE][PASSED] - Delayed 5 second(s)

2018-12-12 11:51:56 - [TEST_STEP][PASSED] - setText: Text 'test@liferay.com' is set on object 'Object Repository/Final Object Repo/Login Page/Internal User/Email Address'

2018-12-12 11:51:56 - [MESSAGE][PASSED] - Text 'test@liferay.com' is set on object 'Object Repository/Final Object Repo/Login Page/Internal User/Email Address'

2018-12-12 11:51:56 - [TEST_STEP][PASSED] - click: Object: 'Object Repository/Final Object Repo/Login Page/Internal User/Next Button' is clicked on

2018-12-12 11:51:57 - [MESSAGE][PASSED] - Object: 'Object Repository/Final Object Repo/Login Page/Internal User/Next Button' is clicked on

2018-12-12 11:51:57 - [TEST_STEP][PASSED] - delay: Delayed 2 second(s)

2018-12-12 11:51:59 - [MESSAGE][PASSED] - Delayed 2 second(s)

2018-12-12 11:51:59 - [TEST_STEP][PASSED] - setText: Text 'test' is set on object 'Object Repository/Final Object Repo/Login Page/Internal User/Password'

2018-12-12 11:51:59 - [MESSAGE][PASSED] - Text 'test' is set on object 'Object Repository/Final Object Repo/Login Page/Internal User/Password'

2018-12-12 11:51:59 - [TEST_STEP][PASSED] - delay: Delayed 2 second(s)

2018-12-12 11:52:01 - [MESSAGE][PASSED] - Delayed 2 second(s)

2018-12-12 11:52:01 - [TEST_STEP][PASSED] - click: Object: 'Object Repository/Final Object Repo/Login Page/Internal User/Login Button' is clicked on

2018-12-12 11:52:01 - [MESSAGE][PASSED] - Object: 'Object Repository/Final Object Repo/Login Page/Internal User/Login Button' is clicked on

2018-12-12 11:52:01 - [TEST_STEP][PASSED] - Statement - tester = com.kms.katalon.core.testobject.ObjectRepository.findTestObject(Final Object Repo/Landing Page/Select to English): Finding Test Object with id 'Object Repository/Final Object Repo/Landing Page/Select to English'

2018-12-12 11:52:01 - [TEST_STEP][PASSED] - Statement - Try: Delayed 2 second(s)

2018-12-12 11:52:01 - [TEST_STEP][PASSED] - Statement - Checker = com.kms.katalon.core.webui.keyword.WebUiBuiltInKeywords.verifyElementNotPresent(tester, 3): Web element with id: 'Object Repository/Final Object Repo/Landing Page/Select to English' located by 'By.xpath: //a[@class = 'taglib-language-list-text' and @lang = 'en-US' and (contains(text(), 'EN') or contains(., 'EN'))]' is not present after '3' second(s)

2018-12-12 11:52:03 - [MESSAGE][PASSED] - Web element with id: 'Object Repository/Final Object Repo/Landing Page/Select to English' located by 'By.xpath: //a[@class = 'taglib-language-list-text' and @lang = 'en-US' and (contains(text(), 'EN') or contains(., 'EN'))]' is not present after '3' second(s)

2018-12-12 11:52:03 - [TEST_STEP][PASSED] - Statement - If (Checker == false): null

2018-12-12 11:52:03 - [TEST_STEP][PASSED] - delay: Delayed 2 second(s)

2018-12-12 11:52:05 - [MESSAGE][PASSED] - Delayed 2 second(s)

2018-12-12 11:52:05 - [TEST_STEP][PASSED] - delay: Delayed 5 second(s)

2018-12-12 11:52:10 - [MESSAGE][PASSED] - Delayed 5 second(s)

2018-12-12 11:52:10 - [TEST_STEP][PASSED] - mouseOver: Object: 'Object Repository/Final Object Repo/Landing Page/WorkFlow Menu' is hovered

2018-12-12 11:52:10 - [MESSAGE][PASSED] - Object: 'Object Repository/Final Object Repo/Landing Page/WorkFlow Menu' is hovered

2018-12-12 11:52:10 - [TEST_STEP][PASSED] - delay: Delayed 2 second(s)

2018-12-12 11:52:12 - [MESSAGE][PASSED] - Delayed 2 second(s)

2018-12-12 11:52:12 - [TEST_STEP][PASSED] - click: Object: 'Object Repository/Final Object Repo/Landing Page/Select to Workflow Listing' is clicked on

2018-12-12 11:52:13 - [MESSAGE][PASSED] - Object: 'Object Repository/Final Object Repo/Landing Page/Select to Workflow Listing' is clicked on

2018-12-12 11:52:13 - [TEST_STEP][PASSED] - delay: Delayed 2 second(s)

2018-12-12 11:52:15 - [MESSAGE][PASSED] - Delayed 2 second(s)

2018-12-12 11:52:15 - [TEST_STEP][PASSED] - click: Object: 'Object Repository/Final Object Repo/WorkFlow Listing Page/Search Information - To Put Ref No' is clicked on

2018-12-12 11:52:15 - [MESSAGE][PASSED] - Object: 'Object Repository/Final Object Repo/WorkFlow Listing Page/Search Information - To Put Ref No' is clicked on

2018-12-12 11:52:15 - [TEST_STEP][PASSED] - delay: Delayed 2 second(s)

2018-12-12 11:52:17 - [MESSAGE][PASSED] - Delayed 2 second(s)

2018-12-12 11:52:17 - [TEST_STEP][PASSED] - callTestCase: Call Test Case 'Test Cases/Final Aug 2018 - PKS Automation/Common/Reference Number Getter' successfully

2018-12-12 11:52:17 - [TEST_CASE][PASSED] - Test Cases/Final Aug 2018 - PKS Automation/Common/Reference Number Getter: Test Cases/Final Aug 2018 - PKS Automation/Common/Reference Number Getter

2018-12-12 11:52:17 - [TEST_STEP][PASSED] - Statement - Try: null

2018-12-12 11:52:17 - [TEST_STEP][PASSED] - Statement - RefNo = new java.io.File(C://Users//Admin//Desktop//PKS//Automation Reference Point//KatalonReference.txt): null

2018-12-12 11:52:17 - [TEST_STEP][PASSED] - Statement - bufferread = new java.io.BufferedReader(new java.io.FileReader(RefNo)): null

2018-12-12 11:52:17 - [TEST_STEP][PASSED] - Statement - readedVal = bufferread.readLine(): null

2018-12-12 11:52:17 - [TEST_STEP][PASSED] - Statement - out.println(CaseReferenceNo): null

2018-12-12 11:52:17 - [TEST_STEP][PASSED] - Statement - out.println(readedVal): null

2018-12-12 11:52:17 - [TEST_STEP][PASSED] - Statement - CaseReferenceNo = "": null

2018-12-12 11:52:17 - [TEST_STEP][PASSED] - Statement - CaseReferenceNo = readedVal: null

2018-12-12 11:52:17 - [MESSAGE][PASSED] - Call Test Case 'Test Cases/Final Aug 2018 - PKS Automation/Common/Reference Number Getter' successfully

2018-12-12 11:52:17 - [TEST_STEP][PASSED] - setText: Text 'CUN122018C100006001' is set on object 'Object Repository/Final Object Repo/WorkFlow Listing Page/Ref No Set Text'

2018-12-12 11:52:18 - [MESSAGE][PASSED] - Text 'CUN122018C100006001' is set on object 'Object Repository/Final Object Repo/WorkFlow Listing Page/Ref No Set Text'

2018-12-12 11:52:18 - [TEST_STEP][PASSED] - delay: Delayed 2 second(s)

2018-12-12 11:52:20 - [MESSAGE][PASSED] - Delayed 2 second(s)

2018-12-12 11:52:20 - [TEST_STEP][PASSED] - click: Object: 'Object Repository/Final Object Repo/WorkFlow Listing Page/Search Ref No Search Button' is clicked on

2018-12-12 11:52:20 - [MESSAGE][PASSED] - Object: 'Object Repository/Final Object Repo/WorkFlow Listing Page/Search Ref No Search Button' is clicked on

2018-12-12 11:52:20 - [TEST_STEP][PASSED] - delay: Delayed 6 second(s)

2018-12-12 11:52:26 - [MESSAGE][PASSED] - Delayed 6 second(s)

2018-12-12 11:52:26 - [TEST_STEP][PASSED] - click: Object: 'Object Repository/Final Object Repo/WorkFlow Listing Page/Click Continue Tooltip' is clicked on

2018-12-12 11:52:27 - [MESSAGE][PASSED] - Object: 'Object Repository/Final Object Repo/WorkFlow Listing Page/Click Continue Tooltip' is clicked on

2018-12-12 11:52:27 - [TEST_STEP][PASSED] - delay: Delayed 5 second(s)

2018-12-12 11:52:32 - [MESSAGE][PASSED] - Delayed 5 second(s)

2018-12-12 11:52:32 - [TEST_STEP][PASSED] - doubleClick: Object: 'Object Repository/Final Object Repo/WorkFlow Listing Page/Workflow Found - Listing 1' is double clicked on

2018-12-12 11:52:32 - [MESSAGE][PASSED] - Object: 'Object Repository/Final Object Repo/WorkFlow Listing Page/Workflow Found - Listing 1' is double clicked on

2018-12-12 11:52:32 - [TEST_STEP][PASSED] - Statement - println(OwnerID): null

2018-12-12 11:52:32 - [TEST_STEP][PASSED] - Statement - OwnerID = com.kms.katalon.core.webui.keyword.WebUiBuiltInKeywords.getText(com.kms.katalon.core.testobject.ObjectRepository.findTestObject(Final Object Repo/WorkFlow Listing Page/Workflow Found - Listing 1), STOP_ON_FAILURE): Text of object 'Object Repository/Final Object Repo/WorkFlow Listing Page/Workflow Found - Listing 1' is: 'JOHORuo3'

2018-12-12 11:52:32 - [MESSAGE][PASSED] - Text of object 'Object Repository/Final Object Repo/WorkFlow Listing Page/Workflow Found - Listing 1' is: 'JOHORuo3'

2018-12-12 11:52:32 - [TEST_STEP][PASSED] - Statement - OwnerID = OwnerID.toLowerCase() + "@gmail.com": null

2018-12-12 11:52:32 - [TEST_STEP][PASSED] - Statement - println(OwnerID): null

2018-12-12 11:52:32 - [TEST_STEP][PASSED] - delay: Delayed 2 second(s)

2018-12-12 11:52:34 - [MESSAGE][PASSED] - Delayed 2 second(s)

2018-12-12 11:52:34 - [MESSAGE][PASSED] - Call Test Case 'Test Cases/Final Aug 2018 - PKS Automation/Common/Workflow Owner Finder' successfully

2018-12-12 11:52:34 - [TEST_STEP][PASSED] - delay: Delayed 1 second(s)

2018-12-12 11:52:35 - [MESSAGE][PASSED] - Delayed 1 second(s)

2018-12-12 11:52:35 - [TEST_STEP][PASSED] - navigateToUrl: Navigate to 'https://assist2-uat.perkeso.gov.my/c/portal/logout' successfully

2018-12-12 11:52:36 - [MESSAGE][PASSED] - Navigate to 'https://assist2-uat.perkeso.gov.my/c/portal/logout' successfully

2018-12-12 11:52:36 - [TEST_STEP][PASSED] - delay: Delayed 1 second(s)

2018-12-12 11:52:37 - [MESSAGE][PASSED] - Delayed 1 second(s)

2018-12-12 11:52:37 - [TEST_STEP][PASSED] - callTestCase: Call Test Case 'Test Cases/Final Aug 2018 - PKS Automation/Registration Module/Workflow/Login and Search Case For Workflow' successfully

2018-12-12 11:52:37 - [TEST_CASE][PASSED] - Test Cases/Final Aug 2018 - PKS Automation/Registration Module/Workflow/Login and Search Case For Workflow: Test Cases/Final Aug 2018 - PKS Automation/Registration Module/Workflow/Login and Search Case For Workflow

2018-12-12 11:52:37 - [TEST_STEP][PASSED] - navigateToUrl: Navigate to 'https://assist2-uat.perkeso.gov.my/login' successfully

2018-12-12 11:52:37 - [MESSAGE][PASSED] - Navigate to 'https://assist2-uat.perkeso.gov.my/login' successfully

2018-12-12 11:52:37 - [TEST_STEP][PASSED] - setText: Text 'johoruo3@gmail.com' is set on object 'Object Repository/Final Object Repo/Login Page/Internal User/Email Address'

2018-12-12 11:52:38 - [MESSAGE][PASSED] - Text 'johoruo3@gmail.com' is set on object 'Object Repository/Final Object Repo/Login Page/Internal User/Email Address'

2018-12-12 11:52:38 - [TEST_STEP][PASSED] - click: Object: 'Object Repository/Final Object Repo/Login Page/Internal User/Next Button' is clicked on

2018-12-12 11:52:38 - [MESSAGE][PASSED] - Object: 'Object Repository/Final Object Repo/Login Page/Internal User/Next Button' is clicked on

2018-12-12 11:52:38 - [TEST_STEP][PASSED] - delay: Delayed 1 second(s)

2018-12-12 11:52:39 - [MESSAGE][PASSED] - Delayed 1 second(s)

2018-12-12 11:52:39 - [TEST_STEP][PASSED] - setEncryptedText: Text ****** has been set on object 'Object Repository/Final Object Repo/Login Page/Internal User/Password'

2018-12-12 11:52:39 - [MESSAGE][PASSED] - Text ****** has been set on object 'Object Repository/Final Object Repo/Login Page/Internal User/Password'

2018-12-12 11:52:39 - [TEST_STEP][PASSED] - click: Object: 'Object Repository/Final Object Repo/Login Page/Internal User/Login Button' is clicked on

2018-12-12 11:52:39 - [MESSAGE][PASSED] - Object: 'Object Repository/Final Object Repo/Login Page/Internal User/Login Button' is clicked on

2018-12-12 11:52:39 - [TEST_STEP][PASSED] - delay: Delayed 2 second(s)

2018-12-12 11:52:41 - [MESSAGE][PASSED] - Delayed 2 second(s)

2018-12-12 11:52:41 - [TEST_STEP][PASSED] - Statement - Try: Delayed 2 second(s)

2018-12-12 11:52:41 - [TEST_STEP][PASSED] - Statement - Checker = false: null

2018-12-12 11:52:41 - [TEST_STEP][PASSED] - Statement - Checker = com.kms.katalon.core.webui.keyword.WebUiBuiltInKeywords.verifyElementHasAttribute(com.kms.katalon.core.testobject.ObjectRepository.findTestObject(Final Object Repo/Landing Page/BM Detecting), "href", 20, OPTIONAL): Object 'Object Repository/Final Object Repo/Landing Page/BM Detecting' has attribute 'href'

2018-12-12 11:52:41 - [MESSAGE][PASSED] - Object 'Object Repository/Final Object Repo/Landing Page/BM Detecting' has attribute 'href'

2018-12-12 11:52:41 - [TEST_STEP][PASSED] - Statement - out.println(Checker): null

2018-12-12 11:52:41 - [TEST_STEP][PASSED] - Statement - If (Checker == false): null

2018-12-12 11:52:41 - [TEST_STEP][PASSED] - Statement - Else: null

2018-12-12 11:52:41 - [TEST_STEP][PASSED] - delay: Delayed 2 second(s)

2018-12-12 11:52:43 - [MESSAGE][PASSED] - Delayed 2 second(s)

2018-12-12 11:52:43 - [TEST_STEP][PASSED] - click: Object: 'Object Repository/Final Object Repo/Page_MyASSIST - ASSIST - Search Pending Case For Add Supporting Document/Search Information' is clicked on

2018-12-12 11:52:43 - [MESSAGE][PASSED] - Object: 'Object Repository/Final Object Repo/Page_MyASSIST - ASSIST - Search Pending Case For Add Supporting Document/Search Information' is clicked on

2018-12-12 11:52:43 - [TEST_STEP][PASSED] - delay: Delayed 3 second(s)

2018-12-12 11:52:46 - [MESSAGE][PASSED] - Delayed 3 second(s)

2018-12-12 11:52:46 - [TEST_STEP][PASSED] - sendKeys: Keys 'CUN122018C100006001' sent to object: 'Object Repository/Final Object Repo/Page_MyASSIST - ASSIST - Search Pending Case For Add Supporting Document/Reference No'

2018-12-12 11:52:47 - [MESSAGE][PASSED] - Keys 'CUN122018C100006001' sent to object: 'Object Repository/Final Object Repo/Page_MyASSIST - ASSIST - Search Pending Case For Add Supporting Document/Reference No'

2018-12-12 11:52:47 - [TEST_STEP][PASSED] - click: Object: 'Object Repository/Final Object Repo/Page_MyASSIST - ASSIST - Search Pending Case For Add Supporting Document/Search Reference No' is clicked on

2018-12-12 11:52:47 - [MESSAGE][PASSED] - Object: 'Object Repository/Final Object Repo/Page_MyASSIST - ASSIST - Search Pending Case For Add Supporting Document/Search Reference No' is clicked on

2018-12-12 11:52:47 - [TEST_STEP][PASSED] - delay: Delayed 2 second(s)

2018-12-12 11:52:49 - [MESSAGE][PASSED] - Delayed 2 second(s)

2018-12-12 11:52:49 - [TEST_STEP][PASSED] - click: Object: 'Object Repository/Final Object Repo/Page_MyASSIST - ASSIST - Search Pending Case For Add Supporting Document/Continue' is clicked on

2018-12-12 11:52:52 - [MESSAGE][PASSED] - Object: 'Object Repository/Final Object Repo/Page_MyASSIST - ASSIST - Search Pending Case For Add Supporting Document/Continue' is clicked on

2018-12-12 11:52:52 - [TEST_STEP][PASSED] - delay: Delayed 20 second(s)

2018-12-12 11:53:12 - [MESSAGE][PASSED] - Delayed 20 second(s)

2018-12-12 11:53:12 - [MESSAGE][PASSED] - Call Test Case 'Test Cases/Final Aug 2018 - PKS Automation/Registration Module/Workflow/Login and Search Case For Workflow' successfully

2018-12-12 11:53:12 - [TEST_STEP][PASSED] - delay: Delayed 2 second(s)

2018-12-12 11:53:14 - [MESSAGE][PASSED] - Delayed 2 second(s)

2018-12-12 11:53:14 - [TEST_STEP][PASSED] - click: Object: 'Object Repository/Final Object Repo/Page_Update Employer Information/Page_Update Employer Information UO (Approve)/Continue' is clicked on

2018-12-12 11:53:18 - [MESSAGE][PASSED] - Object: 'Object Repository/Final Object Repo/Page_Update Employer Information/Page_Update Employer Information UO (Approve)/Continue' is clicked on

2018-12-12 11:53:18 - [TEST_STEP][PASSED] - delay: Delayed 2 second(s)

2018-12-12 11:53:20 - [MESSAGE][PASSED] - Delayed 2 second(s)

2018-12-12 11:53:20 - [TEST_STEP][PASSED] - click: Object: 'Object Repository/Final Object Repo/Page_Update Employer Information/Page_Update Employer Information UO (Approve)/Save  Continue in Update Employer Information Page' is clicked on

2018-12-12 11:53:20 - [MESSAGE][PASSED] - Object: 'Object Repository/Final Object Repo/Page_Update Employer Information/Page_Update Employer Information UO (Approve)/Save  Continue in Update Employer Information Page' is clicked on

2018-12-12 11:53:20 - [TEST_STEP][PASSED] - delay: Delayed 2 second(s)

2018-12-12 11:53:22 - [MESSAGE][PASSED] - Delayed 2 second(s)

2018-12-12 11:53:22 - [TEST_STEP][PASSED] - click: Object: 'Object Repository/Final Object Repo/Page_Update Employer Information/Page_Update Employer Information UO (Approve)/Save  Continue in Uploading Supporting Document Page' is clicked on

2018-12-12 11:53:24 - [MESSAGE][PASSED] - Object: 'Object Repository/Final Object Repo/Page_Update Employer Information/Page_Update Employer Information UO (Approve)/Save  Continue in Uploading Supporting Document Page' is clicked on

2018-12-12 11:53:24 - [TEST_STEP][PASSED] - delay: Delayed 2 second(s)

2018-12-12 11:53:26 - [MESSAGE][PASSED] - Delayed 2 second(s)

2018-12-12 11:53:26 - [TEST_STEP][PASSED] - click: Object: 'Object Repository/Final Object Repo/Page_Update Employer Information/Page_Update Employer Information UO (Reject)/Reject' is clicked on

2018-12-12 11:53:28 - [MESSAGE][PASSED] - Object: 'Object Repository/Final Object Repo/Page_Update Employer Information/Page_Update Employer Information UO (Reject)/Reject' is clicked on

2018-12-12 11:53:28 - [TEST_STEP][PASSED] - delay: Delayed 2 second(s)

2018-12-12 11:53:30 - [MESSAGE][PASSED] - Delayed 2 second(s)

2018-12-12 11:53:30 - [TEST_STEP][PASSED] - click: Object: 'Object Repository/Final Object Repo/Page_Update Employer Information/Page_Update Employer Information UO (Reject)/Confirm' is clicked on

2018-12-12 11:53:30 - [MESSAGE][PASSED] - Object: 'Object Repository/Final Object Repo/Page_Update Employer Information/Page_Update Employer Information UO (Reject)/Confirm' is clicked on

2018-12-12 11:53:30 - [TEST_STEP][PASSED] - delay: Delayed 2 second(s)

2018-12-12 11:53:32 - [MESSAGE][PASSED] - Delayed 2 second(s)

2018-12-12 11:53:32 - [TEST_STEP][PASSED] - click: Object: 'Object Repository/Final Object Repo/Page_Update Employer Information/Page_Update Employer Information UO (Reject)/Message This Case has been Rejected' is clicked on

2018-12-12 11:53:34 - [MESSAGE][PASSED] - Object: 'Object Repository/Final Object Repo/Page_Update Employer Information/Page_Update Employer Information UO (Reject)/Message This Case has been Rejected' is clicked on

2018-12-12 11:53:34 - [MESSAGE][PASSED] - Call Test Case 'Test Cases/Final Aug 2018 - PKS Automation/Registration Module/Workflow/Update Employer Information/Template/Update Employer Information - Special Case - UO (Reject)' successfully]]></system-out>
         <system-err><![CDATA[]]></system-err>
      </testcase>
      <testcase name="Test Cases/Final Aug 2018 - PKS Automation/Registration Module/Workflow/Update Employer Information/OTC - UO (Under enforcement)" classname="Test Cases/Final Aug 2018 - PKS Automation/Registration Module/Workflow/Update Employer Information/OTC - UO (Under enforcement)" status="PASSED">
         <system-out><![CDATA[2018-12-12 11:53:34 - [TEST_CASE][PASSED] - Test Cases/Final Aug 2018 - PKS Automation/Registration Module/Workflow/Update Employer Information/OTC - UO (Under enforcement): Test Cases/Final Aug 2018 - PKS Automation/Registration Module/Workflow/Update Employer Information/OTC - UO (Under enforcement)

2018-12-12 11:53:34 - [TEST_STEP][PASSED] - callTestCase: Call Test Case 'Test Cases/Final Aug 2018 - PKS Automation/Registration Module/Workflow/Update Employer Information/Template/Update Employer Information - Special Case (OTC)' successfully

2018-12-12 11:53:34 - [TEST_CASE][PASSED] - Test Cases/Final Aug 2018 - PKS Automation/Registration Module/Workflow/Update Employer Information/Template/Update Employer Information - Special Case (OTC): Test Cases/Final Aug 2018 - PKS Automation/Registration Module/Workflow/Update Employer Information/Template/Update Employer Information - Special Case (OTC)

2018-12-12 11:53:34 - [TEST_STEP][PASSED] - openBrowser: Browser is opened with url: ''

2018-12-12 11:53:34 - [MESSAGE][WARNING] - A browser is already opened. Closing browser and opening a new one

2018-12-12 11:53:38 - [MESSAGE][PASSED] - Browser is opened with url: ''

2018-12-12 11:53:38 - [TEST_STEP][PASSED] - navigateToUrl: Navigate to 'https://assist2-uat.perkeso.gov.my/login' successfully

2018-12-12 11:53:39 - [MESSAGE][PASSED] - Navigate to 'https://assist2-uat.perkeso.gov.my/login' successfully

2018-12-12 11:53:39 - [TEST_STEP][PASSED] - setText: Text 'johorotc1@gmail.com' is set on object 'Object Repository/Final Object Repo/Login Page/Internal User/Email Address'

2018-12-12 11:53:39 - [MESSAGE][PASSED] - Text 'johorotc1@gmail.com' is set on object 'Object Repository/Final Object Repo/Login Page/Internal User/Email Address'

2018-12-12 11:53:39 - [TEST_STEP][PASSED] - click: Object: 'Object Repository/Final Object Repo/Login Page/Internal User/Next Button' is clicked on

2018-12-12 11:53:40 - [MESSAGE][PASSED] - Object: 'Object Repository/Final Object Repo/Login Page/Internal User/Next Button' is clicked on

2018-12-12 11:53:40 - [TEST_STEP][PASSED] - delay: Delayed 1 second(s)

2018-12-12 11:53:41 - [MESSAGE][PASSED] - Delayed 1 second(s)

2018-12-12 11:53:41 - [TEST_STEP][PASSED] - setEncryptedText: Text ****** has been set on object 'Object Repository/Final Object Repo/Login Page/Internal User/Password'

2018-12-12 11:53:41 - [MESSAGE][PASSED] - Text ****** has been set on object 'Object Repository/Final Object Repo/Login Page/Internal User/Password'

2018-12-12 11:53:41 - [TEST_STEP][PASSED] - click: Object: 'Object Repository/Final Object Repo/Login Page/Internal User/Login Button' is clicked on

2018-12-12 11:53:41 - [MESSAGE][PASSED] - Object: 'Object Repository/Final Object Repo/Login Page/Internal User/Login Button' is clicked on

2018-12-12 11:53:41 - [TEST_STEP][PASSED] - Statement - tester = com.kms.katalon.core.testobject.ObjectRepository.findTestObject(Final Object Repo/Landing Page/Select to English): Finding Test Object with id 'Object Repository/Final Object Repo/Landing Page/Select to English'

2018-12-12 11:53:41 - [TEST_STEP][PASSED] - Statement - Try: Delayed 2 second(s)

2018-12-12 11:53:41 - [TEST_STEP][PASSED] - Statement - Checker = com.kms.katalon.core.webui.keyword.WebUiBuiltInKeywords.verifyElementNotPresent(tester, 3): Web element with id: 'Object Repository/Final Object Repo/Landing Page/Select to English' located by 'By.xpath: //a[@class = 'taglib-language-list-text' and @lang = 'en-US' and (contains(text(), 'EN') or contains(., 'EN'))]' is not present after '3' second(s)

2018-12-12 11:53:43 - [MESSAGE][PASSED] - Web element with id: 'Object Repository/Final Object Repo/Landing Page/Select to English' located by 'By.xpath: //a[@class = 'taglib-language-list-text' and @lang = 'en-US' and (contains(text(), 'EN') or contains(., 'EN'))]' is not present after '3' second(s)

2018-12-12 11:53:43 - [TEST_STEP][PASSED] - Statement - If (Checker == false): null

2018-12-12 11:53:43 - [TEST_STEP][PASSED] - delay: Delayed 2 second(s)

2018-12-12 11:53:45 - [MESSAGE][PASSED] - Delayed 2 second(s)

2018-12-12 11:53:45 - [TEST_STEP][PASSED] - delay: Delayed 5 second(s)

2018-12-12 11:53:50 - [MESSAGE][PASSED] - Delayed 5 second(s)

2018-12-12 11:53:50 - [TEST_STEP][PASSED] - navigateToUrl: Navigate to 'https://assist2-uat.perkeso.gov.my/web/registration/update/update-employer-information' successfully

2018-12-12 11:53:51 - [MESSAGE][PASSED] - Navigate to 'https://assist2-uat.perkeso.gov.my/web/registration/update/update-employer-information' successfully

2018-12-12 11:53:51 - [TEST_STEP][PASSED] - setText: Text 'E1102001065V ' is set on object 'Object Repository/Final Object Repo/Page_Update Employer Information/Employer Code'

2018-12-12 11:53:51 - [MESSAGE][PASSED] - Text 'E1102001065V ' is set on object 'Object Repository/Final Object Repo/Page_Update Employer Information/Employer Code'

2018-12-12 11:53:51 - [TEST_STEP][PASSED] - click: Object: 'Object Repository/Final Object Repo/Page_Update Employer Information/Search Button' is clicked on

2018-12-12 11:53:51 - [MESSAGE][PASSED] - Object: 'Object Repository/Final Object Repo/Page_Update Employer Information/Search Button' is clicked on

2018-12-12 11:53:51 - [TEST_STEP][PASSED] - click: Object: 'Object Repository/Final Object Repo/Page_Update Employer Information/Edit Button' is clicked on

2018-12-12 11:53:55 - [MESSAGE][PASSED] - Object: 'Object Repository/Final Object Repo/Page_Update Employer Information/Edit Button' is clicked on

2018-12-12 11:53:55 - [TEST_STEP][PASSED] - click: Object: 'Object Repository/Final Object Repo/Page_Update Employer Information/Business Entity' is clicked on

2018-12-12 11:53:55 - [MESSAGE][PASSED] - Object: 'Object Repository/Final Object Repo/Page_Update Employer Information/Business Entity' is clicked on

2018-12-12 11:53:55 - [TEST_STEP][PASSED] - Statement - CurrentBusinessEntity = "": null

2018-12-12 11:53:55 - [TEST_STEP][PASSED] - Statement - CurrentBusinessEntity = com.kms.katalon.core.webui.keyword.WebUiBuiltInKeywords.getText(com.kms.katalon.core.testobject.ObjectRepository.findTestObject(Final Object Repo/Page_Update Employer Information/Current Business Entity)): Text of object 'Object Repository/Final Object Repo/Page_Update Employer Information/Current Business Entity' is: 'Sole Proprietor / Individual Business'

2018-12-12 11:53:55 - [MESSAGE][PASSED] - Text of object 'Object Repository/Final Object Repo/Page_Update Employer Information/Current Business Entity' is: 'Sole Proprietor / Individual Business'

2018-12-12 11:53:55 - [TEST_STEP][PASSED] - Statement - out.println(CurrentBusinessEntity): null

2018-12-12 11:53:55 - [TEST_STEP][PASSED] - Statement - If (CurrentBusinessEntity == "Corporation"): null

2018-12-12 11:53:55 - [TEST_STEP][PASSED] - Statement - Else If (CurrentBusinessEntity == "Partnership"): null

2018-12-12 11:53:55 - [TEST_STEP][PASSED] - Statement - Else If (CurrentBusinessEntity == "Sole Proprietor / Individual Business"): Delayed 3 second(s)

2018-12-12 11:53:55 - [TEST_STEP][PASSED] - Statement - obj = com.kms.katalon.core.webui.keyword.WebUiBuiltInKeywords.modifyObjectProperty(com.kms.katalon.core.testobject.ObjectRepository.findTestObject(Final Object Repo/Page_Update Employer Information/change to this Business Entity), "xpath", "equals", "//ul/li/span[contains(text(),"Others")]", true, STOP_ON_FAILURE): Modify property of object successfully

2018-12-12 11:53:55 - [MESSAGE][PASSED] - Modify property of object successfully

2018-12-12 11:53:55 - [TEST_STEP][PASSED] - click: Object: 'Object Repository/Final Object Repo/Page_Update Employer Information/change to this Business Entity' is clicked on

2018-12-12 11:53:55 - [MESSAGE][PASSED] - Object: 'Object Repository/Final Object Repo/Page_Update Employer Information/change to this Business Entity' is clicked on

2018-12-12 11:53:55 - [TEST_STEP][PASSED] - delay: Delayed 1 second(s)

2018-12-12 11:53:56 - [MESSAGE][PASSED] - Delayed 1 second(s)

2018-12-12 11:53:56 - [TEST_STEP][PASSED] - click: Object: 'Object Repository/Final Object Repo/Page_Update Employer Information/Sub Business Entity' is clicked on

2018-12-12 11:53:56 - [MESSAGE][PASSED] - Object: 'Object Repository/Final Object Repo/Page_Update Employer Information/Sub Business Entity' is clicked on

2018-12-12 11:53:56 - [TEST_STEP][PASSED] - click: Object: 'Object Repository/Final Object Repo/Page_Update Employer Information/Sub Business Entity List - Others - Federal Government Agency' is clicked on

2018-12-12 11:53:57 - [MESSAGE][PASSED] - Object: 'Object Repository/Final Object Repo/Page_Update Employer Information/Sub Business Entity List - Others - Federal Government Agency' is clicked on

2018-12-12 11:53:57 - [TEST_STEP][PASSED] - delay: Delayed 1 second(s)

2018-12-12 11:53:58 - [MESSAGE][PASSED] - Delayed 1 second(s)

2018-12-12 11:53:58 - [TEST_STEP][PASSED] - click: Object: 'Object Repository/Final Object Repo/Page_Update Employer Information/Sub Business Entity List' is clicked on

2018-12-12 11:53:58 - [MESSAGE][PASSED] - Object: 'Object Repository/Final Object Repo/Page_Update Employer Information/Sub Business Entity List' is clicked on

2018-12-12 11:53:58 - [TEST_STEP][PASSED] - click: Object: 'Object Repository/Final Object Repo/Page_Update Employer Information/Sub Business Entity - Others - Federal Government Agency - Kementerian' is clicked on

2018-12-12 11:53:58 - [MESSAGE][PASSED] - Object: 'Object Repository/Final Object Repo/Page_Update Employer Information/Sub Business Entity - Others - Federal Government Agency - Kementerian' is clicked on

2018-12-12 11:53:58 - [TEST_STEP][PASSED] - delay: Delayed 3 second(s)

2018-12-12 11:54:01 - [MESSAGE][PASSED] - Delayed 3 second(s)

2018-12-12 11:54:01 - [TEST_STEP][PASSED] - delay: Delayed 4 second(s)

2018-12-12 11:54:05 - [MESSAGE][PASSED] - Delayed 4 second(s)

2018-12-12 11:54:05 - [TEST_STEP][PASSED] - click: Object: 'Object Repository/Final Object Repo/Page_Update Employer Information/Save  Continue' is clicked on

2018-12-12 11:54:05 - [MESSAGE][PASSED] - Object: 'Object Repository/Final Object Repo/Page_Update Employer Information/Save  Continue' is clicked on

2018-12-12 11:54:05 - [TEST_STEP][PASSED] - delay: Delayed 4 second(s)

2018-12-12 11:54:09 - [MESSAGE][PASSED] - Delayed 4 second(s)

2018-12-12 11:54:09 - [TEST_STEP][PASSED] - click: Object: 'Object Repository/Final Object Repo/Page_Update Employer Information/Save  Continue (1)' is clicked on

2018-12-12 11:54:09 - [MESSAGE][PASSED] - Object: 'Object Repository/Final Object Repo/Page_Update Employer Information/Save  Continue (1)' is clicked on

2018-12-12 11:54:09 - [TEST_STEP][PASSED] - delay: Delayed 4 second(s)

2018-12-12 11:54:13 - [MESSAGE][PASSED] - Delayed 4 second(s)

2018-12-12 11:54:13 - [TEST_STEP][PASSED] - Statement - CaseReferenceNo = com.kms.katalon.core.webui.keyword.WebUiBuiltInKeywords.getText(com.kms.katalon.core.testobject.ObjectRepository.findTestObject(Final Object Repo/Page_Update Employer Information/Reference Number in Update Employee Information Page)): Text of object 'Object Repository/Final Object Repo/Page_Update Employer Information/Reference Number in Update Employee Information Page' is: 'CUN122018C100006002'

2018-12-12 11:54:13 - [MESSAGE][PASSED] - Text of object 'Object Repository/Final Object Repo/Page_Update Employer Information/Reference Number in Update Employee Information Page' is: 'CUN122018C100006002'

2018-12-12 11:54:13 - [TEST_STEP][PASSED] - callTestCase: Call Test Case 'Test Cases/Final Aug 2018 - PKS Automation/Common/Reference Number Setter' successfully

2018-12-12 11:54:13 - [TEST_CASE][PASSED] - Test Cases/Final Aug 2018 - PKS Automation/Common/Reference Number Setter: Test Cases/Final Aug 2018 - PKS Automation/Common/Reference Number Setter

2018-12-12 11:54:13 - [TEST_STEP][PASSED] - Statement - RefNoOldFile = new java.io.File(C://Users//Admin//Desktop//PKS//Automation Reference Point//KatalonReference.txt): null

2018-12-12 11:54:13 - [TEST_STEP][PASSED] - Statement - RefNoOldFile.delete(): null

2018-12-12 11:54:13 - [TEST_STEP][PASSED] - delay: Delayed 5 second(s)

2018-12-12 11:54:18 - [MESSAGE][PASSED] - Delayed 5 second(s)

2018-12-12 11:54:18 - [TEST_STEP][PASSED] - Statement - RefNo = new java.io.File(C://Users//Admin//Desktop//PKS//Automation Reference Point//KatalonReference.txt): null

2018-12-12 11:54:18 - [TEST_STEP][PASSED] - Statement - f2 = new java.io.FileWriter(RefNo, false): null

2018-12-12 11:54:18 - [TEST_STEP][PASSED] - Statement - f2.write(CaseReferenceNo): null

2018-12-12 11:54:18 - [TEST_STEP][PASSED] - Statement - f2.close(): null

2018-12-12 11:54:18 - [TEST_STEP][PASSED] - Statement - out.println("


" + CaseReferenceNo + "


"): null

2018-12-12 11:54:18 - [MESSAGE][PASSED] - Call Test Case 'Test Cases/Final Aug 2018 - PKS Automation/Common/Reference Number Setter' successfully

2018-12-12 11:54:18 - [TEST_STEP][PASSED] - delay: Delayed 4 second(s)

2018-12-12 11:54:22 - [MESSAGE][PASSED] - Delayed 4 second(s)

2018-12-12 11:54:22 - [TEST_STEP][PASSED] - click: Object: 'Object Repository/Final Object Repo/Page_Update Employer Information/Submit - Copy' is clicked on

2018-12-12 11:54:23 - [MESSAGE][PASSED] - Object: 'Object Repository/Final Object Repo/Page_Update Employer Information/Submit - Copy' is clicked on

2018-12-12 11:54:23 - [TEST_STEP][PASSED] - delay: Delayed 2 second(s)

2018-12-12 11:54:25 - [MESSAGE][PASSED] - Delayed 2 second(s)

2018-12-12 11:54:25 - [TEST_STEP][PASSED] - click: Object: 'Object Repository/Final Object Repo/Page_Update Employer Information/Confirm' is clicked on

2018-12-12 11:54:25 - [MESSAGE][PASSED] - Object: 'Object Repository/Final Object Repo/Page_Update Employer Information/Confirm' is clicked on

2018-12-12 11:54:25 - [TEST_STEP][PASSED] - delay: Delayed 2 second(s)

2018-12-12 11:54:27 - [MESSAGE][PASSED] - Delayed 2 second(s)

2018-12-12 11:54:27 - [TEST_STEP][PASSED] - click: Object: 'Object Repository/Final Object Repo/Page_Update Employer Information/Message Your Request will be route' is clicked on

2018-12-12 11:54:28 - [MESSAGE][PASSED] - Object: 'Object Repository/Final Object Repo/Page_Update Employer Information/Message Your Request will be route' is clicked on

2018-12-12 11:54:28 - [MESSAGE][PASSED] - Call Test Case 'Test Cases/Final Aug 2018 - PKS Automation/Registration Module/Workflow/Update Employer Information/Template/Update Employer Information - Special Case (OTC)' successfully

2018-12-12 11:54:28 - [TEST_STEP][PASSED] - callTestCase: Call Test Case 'Test Cases/Final Aug 2018 - PKS Automation/Registration Module/Workflow/Update Employer Information/Template/Update Employer Information - Special Case - UO (Under enforcement)' successfully

2018-12-12 11:54:28 - [TEST_CASE][PASSED] - Test Cases/Final Aug 2018 - PKS Automation/Registration Module/Workflow/Update Employer Information/Template/Update Employer Information - Special Case - UO (Under enforcement): Test Cases/Final Aug 2018 - PKS Automation/Registration Module/Workflow/Update Employer Information/Template/Update Employer Information - Special Case - UO (Under enforcement)

2018-12-12 11:54:28 - [TEST_STEP][NOT_RUN] - callTestCase: NOT_RUN: callTestCase

2018-12-12 11:54:28 - [MESSAGE][NOT_RUN] - NOT_RUN: callTestCase

2018-12-12 11:54:28 - [TEST_STEP][PASSED] - delay: Delayed 1 second(s)

2018-12-12 11:54:29 - [MESSAGE][PASSED] - Delayed 1 second(s)

2018-12-12 11:54:29 - [TEST_STEP][PASSED] - navigateToUrl: Navigate to 'https://assist2-uat.perkeso.gov.my/c/portal/logout' successfully

2018-12-12 11:54:30 - [MESSAGE][PASSED] - Navigate to 'https://assist2-uat.perkeso.gov.my/c/portal/logout' successfully

2018-12-12 11:54:30 - [TEST_STEP][PASSED] - delay: Delayed 1 second(s)

2018-12-12 11:54:31 - [MESSAGE][PASSED] - Delayed 1 second(s)

2018-12-12 11:54:31 - [TEST_STEP][PASSED] - callTestCase: Call Test Case 'Test Cases/Final Aug 2018 - PKS Automation/Common/Reference Number Getter' successfully

2018-12-12 11:54:31 - [TEST_CASE][PASSED] - Test Cases/Final Aug 2018 - PKS Automation/Common/Reference Number Getter: Test Cases/Final Aug 2018 - PKS Automation/Common/Reference Number Getter

2018-12-12 11:54:31 - [TEST_STEP][PASSED] - Statement - Try: null

2018-12-12 11:54:31 - [TEST_STEP][PASSED] - Statement - RefNo = new java.io.File(C://Users//Admin//Desktop//PKS//Automation Reference Point//KatalonReference.txt): null

2018-12-12 11:54:31 - [TEST_STEP][PASSED] - Statement - bufferread = new java.io.BufferedReader(new java.io.FileReader(RefNo)): null

2018-12-12 11:54:31 - [TEST_STEP][PASSED] - Statement - readedVal = bufferread.readLine(): null

2018-12-12 11:54:31 - [TEST_STEP][PASSED] - Statement - out.println(CaseReferenceNo): null

2018-12-12 11:54:31 - [TEST_STEP][PASSED] - Statement - out.println(readedVal): null

2018-12-12 11:54:31 - [TEST_STEP][PASSED] - Statement - CaseReferenceNo = "": null

2018-12-12 11:54:31 - [TEST_STEP][PASSED] - Statement - CaseReferenceNo = readedVal: null

2018-12-12 11:54:31 - [MESSAGE][PASSED] - Call Test Case 'Test Cases/Final Aug 2018 - PKS Automation/Common/Reference Number Getter' successfully

2018-12-12 11:54:31 - [TEST_STEP][PASSED] - callTestCase: Call Test Case 'Test Cases/Final Aug 2018 - PKS Automation/Common/Workflow Owner Finder' successfully

2018-12-12 11:54:31 - [TEST_CASE][PASSED] - Test Cases/Final Aug 2018 - PKS Automation/Common/Workflow Owner Finder: Test Cases/Final Aug 2018 - PKS Automation/Common/Workflow Owner Finder

2018-12-12 11:54:31 - [TEST_STEP][PASSED] - openBrowser: Browser is opened with url: ''

2018-12-12 11:54:31 - [MESSAGE][WARNING] - A browser is already opened. Closing browser and opening a new one

2018-12-12 11:54:35 - [MESSAGE][PASSED] - Browser is opened with url: ''

2018-12-12 11:54:35 - [TEST_STEP][PASSED] - navigateToUrl: Navigate to 'https://assist2-uat.perkeso.gov.my/login' successfully

2018-12-12 11:54:36 - [MESSAGE][PASSED] - Navigate to 'https://assist2-uat.perkeso.gov.my/login' successfully

2018-12-12 11:54:36 - [TEST_STEP][PASSED] - delay: Delayed 5 second(s)

2018-12-12 11:54:41 - [MESSAGE][PASSED] - Delayed 5 second(s)

2018-12-12 11:54:41 - [TEST_STEP][PASSED] - setText: Text 'test@liferay.com' is set on object 'Object Repository/Final Object Repo/Login Page/Internal User/Email Address'

2018-12-12 11:54:41 - [MESSAGE][PASSED] - Text 'test@liferay.com' is set on object 'Object Repository/Final Object Repo/Login Page/Internal User/Email Address'

2018-12-12 11:54:41 - [TEST_STEP][PASSED] - click: Object: 'Object Repository/Final Object Repo/Login Page/Internal User/Next Button' is clicked on

2018-12-12 11:54:42 - [MESSAGE][PASSED] - Object: 'Object Repository/Final Object Repo/Login Page/Internal User/Next Button' is clicked on

2018-12-12 11:54:42 - [TEST_STEP][PASSED] - delay: Delayed 2 second(s)

2018-12-12 11:54:44 - [MESSAGE][PASSED] - Delayed 2 second(s)

2018-12-12 11:54:44 - [TEST_STEP][PASSED] - setText: Text 'test' is set on object 'Object Repository/Final Object Repo/Login Page/Internal User/Password'

2018-12-12 11:54:44 - [MESSAGE][PASSED] - Text 'test' is set on object 'Object Repository/Final Object Repo/Login Page/Internal User/Password'

2018-12-12 11:54:44 - [TEST_STEP][PASSED] - delay: Delayed 2 second(s)

2018-12-12 11:54:46 - [MESSAGE][PASSED] - Delayed 2 second(s)

2018-12-12 11:54:46 - [TEST_STEP][PASSED] - click: Object: 'Object Repository/Final Object Repo/Login Page/Internal User/Login Button' is clicked on

2018-12-12 11:54:46 - [MESSAGE][PASSED] - Object: 'Object Repository/Final Object Repo/Login Page/Internal User/Login Button' is clicked on

2018-12-12 11:54:46 - [TEST_STEP][PASSED] - Statement - tester = com.kms.katalon.core.testobject.ObjectRepository.findTestObject(Final Object Repo/Landing Page/Select to English): Finding Test Object with id 'Object Repository/Final Object Repo/Landing Page/Select to English'

2018-12-12 11:54:46 - [TEST_STEP][PASSED] - Statement - Try: Delayed 2 second(s)

2018-12-12 11:54:46 - [TEST_STEP][PASSED] - Statement - Checker = com.kms.katalon.core.webui.keyword.WebUiBuiltInKeywords.verifyElementNotPresent(tester, 3): Web element with id: 'Object Repository/Final Object Repo/Landing Page/Select to English' located by 'By.xpath: //a[@class = 'taglib-language-list-text' and @lang = 'en-US' and (contains(text(), 'EN') or contains(., 'EN'))]' is not present after '3' second(s)

2018-12-12 11:54:48 - [MESSAGE][PASSED] - Web element with id: 'Object Repository/Final Object Repo/Landing Page/Select to English' located by 'By.xpath: //a[@class = 'taglib-language-list-text' and @lang = 'en-US' and (contains(text(), 'EN') or contains(., 'EN'))]' is not present after '3' second(s)

2018-12-12 11:54:48 - [TEST_STEP][PASSED] - Statement - If (Checker == false): null

2018-12-12 11:54:48 - [TEST_STEP][PASSED] - delay: Delayed 2 second(s)

2018-12-12 11:54:50 - [MESSAGE][PASSED] - Delayed 2 second(s)

2018-12-12 11:54:50 - [TEST_STEP][PASSED] - delay: Delayed 5 second(s)

2018-12-12 11:54:55 - [MESSAGE][PASSED] - Delayed 5 second(s)

2018-12-12 11:54:55 - [TEST_STEP][PASSED] - mouseOver: Object: 'Object Repository/Final Object Repo/Landing Page/WorkFlow Menu' is hovered

2018-12-12 11:54:55 - [MESSAGE][PASSED] - Object: 'Object Repository/Final Object Repo/Landing Page/WorkFlow Menu' is hovered

2018-12-12 11:54:55 - [TEST_STEP][PASSED] - delay: Delayed 2 second(s)

2018-12-12 11:54:57 - [MESSAGE][PASSED] - Delayed 2 second(s)

2018-12-12 11:54:57 - [TEST_STEP][PASSED] - click: Object: 'Object Repository/Final Object Repo/Landing Page/Select to Workflow Listing' is clicked on

2018-12-12 11:54:58 - [MESSAGE][PASSED] - Object: 'Object Repository/Final Object Repo/Landing Page/Select to Workflow Listing' is clicked on

2018-12-12 11:54:58 - [TEST_STEP][PASSED] - delay: Delayed 2 second(s)

2018-12-12 11:55:00 - [MESSAGE][PASSED] - Delayed 2 second(s)

2018-12-12 11:55:00 - [TEST_STEP][PASSED] - click: Object: 'Object Repository/Final Object Repo/WorkFlow Listing Page/Search Information - To Put Ref No' is clicked on

2018-12-12 11:55:00 - [MESSAGE][PASSED] - Object: 'Object Repository/Final Object Repo/WorkFlow Listing Page/Search Information - To Put Ref No' is clicked on

2018-12-12 11:55:00 - [TEST_STEP][PASSED] - delay: Delayed 2 second(s)

2018-12-12 11:55:02 - [MESSAGE][PASSED] - Delayed 2 second(s)

2018-12-12 11:55:02 - [TEST_STEP][PASSED] - callTestCase: Call Test Case 'Test Cases/Final Aug 2018 - PKS Automation/Common/Reference Number Getter' successfully

2018-12-12 11:55:02 - [TEST_CASE][PASSED] - Test Cases/Final Aug 2018 - PKS Automation/Common/Reference Number Getter: Test Cases/Final Aug 2018 - PKS Automation/Common/Reference Number Getter

2018-12-12 11:55:02 - [TEST_STEP][PASSED] - Statement - Try: null

2018-12-12 11:55:02 - [TEST_STEP][PASSED] - Statement - RefNo = new java.io.File(C://Users//Admin//Desktop//PKS//Automation Reference Point//KatalonReference.txt): null

2018-12-12 11:55:02 - [TEST_STEP][PASSED] - Statement - bufferread = new java.io.BufferedReader(new java.io.FileReader(RefNo)): null

2018-12-12 11:55:02 - [TEST_STEP][PASSED] - Statement - readedVal = bufferread.readLine(): null

2018-12-12 11:55:02 - [TEST_STEP][PASSED] - Statement - out.println(CaseReferenceNo): null

2018-12-12 11:55:02 - [TEST_STEP][PASSED] - Statement - out.println(readedVal): null

2018-12-12 11:55:02 - [TEST_STEP][PASSED] - Statement - CaseReferenceNo = "": null

2018-12-12 11:55:02 - [TEST_STEP][PASSED] - Statement - CaseReferenceNo = readedVal: null

2018-12-12 11:55:02 - [MESSAGE][PASSED] - Call Test Case 'Test Cases/Final Aug 2018 - PKS Automation/Common/Reference Number Getter' successfully

2018-12-12 11:55:02 - [TEST_STEP][PASSED] - setText: Text 'CUN122018C100006002' is set on object 'Object Repository/Final Object Repo/WorkFlow Listing Page/Ref No Set Text'

2018-12-12 11:55:03 - [MESSAGE][PASSED] - Text 'CUN122018C100006002' is set on object 'Object Repository/Final Object Repo/WorkFlow Listing Page/Ref No Set Text'

2018-12-12 11:55:03 - [TEST_STEP][PASSED] - delay: Delayed 2 second(s)

2018-12-12 11:55:05 - [MESSAGE][PASSED] - Delayed 2 second(s)

2018-12-12 11:55:05 - [TEST_STEP][PASSED] - click: Object: 'Object Repository/Final Object Repo/WorkFlow Listing Page/Search Ref No Search Button' is clicked on

2018-12-12 11:55:05 - [MESSAGE][PASSED] - Object: 'Object Repository/Final Object Repo/WorkFlow Listing Page/Search Ref No Search Button' is clicked on

2018-12-12 11:55:05 - [TEST_STEP][PASSED] - delay: Delayed 6 second(s)

2018-12-12 11:55:11 - [MESSAGE][PASSED] - Delayed 6 second(s)

2018-12-12 11:55:11 - [TEST_STEP][PASSED] - click: Object: 'Object Repository/Final Object Repo/WorkFlow Listing Page/Click Continue Tooltip' is clicked on

2018-12-12 11:55:12 - [MESSAGE][PASSED] - Object: 'Object Repository/Final Object Repo/WorkFlow Listing Page/Click Continue Tooltip' is clicked on

2018-12-12 11:55:12 - [TEST_STEP][PASSED] - delay: Delayed 5 second(s)

2018-12-12 11:55:17 - [MESSAGE][PASSED] - Delayed 5 second(s)

2018-12-12 11:55:17 - [TEST_STEP][PASSED] - doubleClick: Object: 'Object Repository/Final Object Repo/WorkFlow Listing Page/Workflow Found - Listing 1' is double clicked on

2018-12-12 11:55:17 - [MESSAGE][PASSED] - Object: 'Object Repository/Final Object Repo/WorkFlow Listing Page/Workflow Found - Listing 1' is double clicked on

2018-12-12 11:55:17 - [TEST_STEP][PASSED] - Statement - println(OwnerID): null

2018-12-12 11:55:17 - [TEST_STEP][PASSED] - Statement - OwnerID = com.kms.katalon.core.webui.keyword.WebUiBuiltInKeywords.getText(com.kms.katalon.core.testobject.ObjectRepository.findTestObject(Final Object Repo/WorkFlow Listing Page/Workflow Found - Listing 1), STOP_ON_FAILURE): Text of object 'Object Repository/Final Object Repo/WorkFlow Listing Page/Workflow Found - Listing 1' is: 'JOHORuo1'

2018-12-12 11:55:17 - [MESSAGE][PASSED] - Text of object 'Object Repository/Final Object Repo/WorkFlow Listing Page/Workflow Found - Listing 1' is: 'JOHORuo1'

2018-12-12 11:55:17 - [TEST_STEP][PASSED] - Statement - OwnerID = OwnerID.toLowerCase() + "@gmail.com": null

2018-12-12 11:55:17 - [TEST_STEP][PASSED] - Statement - println(OwnerID): null

2018-12-12 11:55:17 - [TEST_STEP][PASSED] - delay: Delayed 2 second(s)

2018-12-12 11:55:19 - [MESSAGE][PASSED] - Delayed 2 second(s)

2018-12-12 11:55:19 - [MESSAGE][PASSED] - Call Test Case 'Test Cases/Final Aug 2018 - PKS Automation/Common/Workflow Owner Finder' successfully

2018-12-12 11:55:19 - [TEST_STEP][PASSED] - delay: Delayed 1 second(s)

2018-12-12 11:55:20 - [MESSAGE][PASSED] - Delayed 1 second(s)

2018-12-12 11:55:20 - [TEST_STEP][PASSED] - navigateToUrl: Navigate to 'https://assist2-uat.perkeso.gov.my/c/portal/logout' successfully

2018-12-12 11:55:21 - [MESSAGE][PASSED] - Navigate to 'https://assist2-uat.perkeso.gov.my/c/portal/logout' successfully

2018-12-12 11:55:21 - [TEST_STEP][PASSED] - delay: Delayed 1 second(s)

2018-12-12 11:55:22 - [MESSAGE][PASSED] - Delayed 1 second(s)

2018-12-12 11:55:22 - [TEST_STEP][PASSED] - callTestCase: Call Test Case 'Test Cases/Final Aug 2018 - PKS Automation/Registration Module/Workflow/Login and Search Case For Workflow' successfully

2018-12-12 11:55:22 - [TEST_CASE][PASSED] - Test Cases/Final Aug 2018 - PKS Automation/Registration Module/Workflow/Login and Search Case For Workflow: Test Cases/Final Aug 2018 - PKS Automation/Registration Module/Workflow/Login and Search Case For Workflow

2018-12-12 11:55:22 - [TEST_STEP][PASSED] - navigateToUrl: Navigate to 'https://assist2-uat.perkeso.gov.my/login' successfully

2018-12-12 11:55:23 - [MESSAGE][PASSED] - Navigate to 'https://assist2-uat.perkeso.gov.my/login' successfully

2018-12-12 11:55:23 - [TEST_STEP][PASSED] - setText: Text 'johoruo1@gmail.com' is set on object 'Object Repository/Final Object Repo/Login Page/Internal User/Email Address'

2018-12-12 11:55:23 - [MESSAGE][PASSED] - Text 'johoruo1@gmail.com' is set on object 'Object Repository/Final Object Repo/Login Page/Internal User/Email Address'

2018-12-12 11:55:23 - [TEST_STEP][PASSED] - click: Object: 'Object Repository/Final Object Repo/Login Page/Internal User/Next Button' is clicked on

2018-12-12 11:55:23 - [MESSAGE][PASSED] - Object: 'Object Repository/Final Object Repo/Login Page/Internal User/Next Button' is clicked on

2018-12-12 11:55:23 - [TEST_STEP][PASSED] - delay: Delayed 1 second(s)

2018-12-12 11:55:24 - [MESSAGE][PASSED] - Delayed 1 second(s)

2018-12-12 11:55:24 - [TEST_STEP][PASSED] - setEncryptedText: Text ****** has been set on object 'Object Repository/Final Object Repo/Login Page/Internal User/Password'

2018-12-12 11:55:24 - [MESSAGE][PASSED] - Text ****** has been set on object 'Object Repository/Final Object Repo/Login Page/Internal User/Password'

2018-12-12 11:55:24 - [TEST_STEP][PASSED] - click: Object: 'Object Repository/Final Object Repo/Login Page/Internal User/Login Button' is clicked on

2018-12-12 11:55:24 - [MESSAGE][PASSED] - Object: 'Object Repository/Final Object Repo/Login Page/Internal User/Login Button' is clicked on

2018-12-12 11:55:24 - [TEST_STEP][PASSED] - delay: Delayed 2 second(s)

2018-12-12 11:55:26 - [MESSAGE][PASSED] - Delayed 2 second(s)

2018-12-12 11:55:26 - [TEST_STEP][PASSED] - Statement - Try: Delayed 2 second(s)

2018-12-12 11:55:26 - [TEST_STEP][PASSED] - Statement - Checker = false: null

2018-12-12 11:55:26 - [TEST_STEP][PASSED] - Statement - Checker = com.kms.katalon.core.webui.keyword.WebUiBuiltInKeywords.verifyElementHasAttribute(com.kms.katalon.core.testobject.ObjectRepository.findTestObject(Final Object Repo/Landing Page/BM Detecting), "href", 20, OPTIONAL): Object 'Object Repository/Final Object Repo/Landing Page/BM Detecting' has attribute 'href'

2018-12-12 11:55:27 - [MESSAGE][PASSED] - Object 'Object Repository/Final Object Repo/Landing Page/BM Detecting' has attribute 'href'

2018-12-12 11:55:27 - [TEST_STEP][PASSED] - Statement - out.println(Checker): null

2018-12-12 11:55:27 - [TEST_STEP][PASSED] - Statement - If (Checker == false): null

2018-12-12 11:55:27 - [TEST_STEP][PASSED] - Statement - Else: null

2018-12-12 11:55:27 - [TEST_STEP][PASSED] - delay: Delayed 2 second(s)

2018-12-12 11:55:29 - [MESSAGE][PASSED] - Delayed 2 second(s)

2018-12-12 11:55:29 - [TEST_STEP][PASSED] - click: Object: 'Object Repository/Final Object Repo/Page_MyASSIST - ASSIST - Search Pending Case For Add Supporting Document/Search Information' is clicked on

2018-12-12 11:55:29 - [MESSAGE][PASSED] - Object: 'Object Repository/Final Object Repo/Page_MyASSIST - ASSIST - Search Pending Case For Add Supporting Document/Search Information' is clicked on

2018-12-12 11:55:29 - [TEST_STEP][PASSED] - delay: Delayed 3 second(s)

2018-12-12 11:55:32 - [MESSAGE][PASSED] - Delayed 3 second(s)

2018-12-12 11:55:32 - [TEST_STEP][PASSED] - sendKeys: Keys 'CUN122018C100006002' sent to object: 'Object Repository/Final Object Repo/Page_MyASSIST - ASSIST - Search Pending Case For Add Supporting Document/Reference No'

2018-12-12 11:55:32 - [MESSAGE][PASSED] - Keys 'CUN122018C100006002' sent to object: 'Object Repository/Final Object Repo/Page_MyASSIST - ASSIST - Search Pending Case For Add Supporting Document/Reference No'

2018-12-12 11:55:32 - [TEST_STEP][PASSED] - click: Object: 'Object Repository/Final Object Repo/Page_MyASSIST - ASSIST - Search Pending Case For Add Supporting Document/Search Reference No' is clicked on

2018-12-12 11:55:32 - [MESSAGE][PASSED] - Object: 'Object Repository/Final Object Repo/Page_MyASSIST - ASSIST - Search Pending Case For Add Supporting Document/Search Reference No' is clicked on

2018-12-12 11:55:32 - [TEST_STEP][PASSED] - delay: Delayed 2 second(s)

2018-12-12 11:55:34 - [MESSAGE][PASSED] - Delayed 2 second(s)

2018-12-12 11:55:34 - [TEST_STEP][PASSED] - click: Object: 'Object Repository/Final Object Repo/Page_MyASSIST - ASSIST - Search Pending Case For Add Supporting Document/Continue' is clicked on

2018-12-12 11:55:38 - [MESSAGE][PASSED] - Object: 'Object Repository/Final Object Repo/Page_MyASSIST - ASSIST - Search Pending Case For Add Supporting Document/Continue' is clicked on

2018-12-12 11:55:38 - [TEST_STEP][PASSED] - delay: Delayed 20 second(s)

2018-12-12 11:55:58 - [MESSAGE][PASSED] - Delayed 20 second(s)

2018-12-12 11:55:58 - [MESSAGE][PASSED] - Call Test Case 'Test Cases/Final Aug 2018 - PKS Automation/Registration Module/Workflow/Login and Search Case For Workflow' successfully

2018-12-12 11:55:58 - [TEST_STEP][PASSED] - delay: Delayed 2 second(s)

2018-12-12 11:56:00 - [MESSAGE][PASSED] - Delayed 2 second(s)

2018-12-12 11:56:00 - [TEST_STEP][PASSED] - click: Object: 'Object Repository/Final Object Repo/Page_Update Employer Information/Page_Update Employer Information UO (Approve)/Continue' is clicked on

2018-12-12 11:56:04 - [MESSAGE][PASSED] - Object: 'Object Repository/Final Object Repo/Page_Update Employer Information/Page_Update Employer Information UO (Approve)/Continue' is clicked on

2018-12-12 11:56:04 - [TEST_STEP][PASSED] - delay: Delayed 2 second(s)

2018-12-12 11:56:06 - [MESSAGE][PASSED] - Delayed 2 second(s)

2018-12-12 11:56:06 - [TEST_STEP][PASSED] - click: Object: 'Object Repository/Final Object Repo/Page_Update Employer Information/Page_Update Employer Information UO (Approve)/Save  Continue in Update Employer Information Page' is clicked on

2018-12-12 11:56:06 - [MESSAGE][PASSED] - Object: 'Object Repository/Final Object Repo/Page_Update Employer Information/Page_Update Employer Information UO (Approve)/Save  Continue in Update Employer Information Page' is clicked on

2018-12-12 11:56:06 - [TEST_STEP][PASSED] - delay: Delayed 2 second(s)

2018-12-12 11:56:08 - [MESSAGE][PASSED] - Delayed 2 second(s)

2018-12-12 11:56:08 - [TEST_STEP][PASSED] - click: Object: 'Object Repository/Final Object Repo/Page_Update Employer Information/Page_Update Employer Information UO (Approve)/Save  Continue in Uploading Supporting Document Page' is clicked on

2018-12-12 11:56:10 - [MESSAGE][PASSED] - Object: 'Object Repository/Final Object Repo/Page_Update Employer Information/Page_Update Employer Information UO (Approve)/Save  Continue in Uploading Supporting Document Page' is clicked on

2018-12-12 11:56:10 - [TEST_STEP][PASSED] - delay: Delayed 2 second(s)

2018-12-12 11:56:12 - [MESSAGE][PASSED] - Delayed 2 second(s)

2018-12-12 11:56:12 - [TEST_STEP][PASSED] - click: Object: 'Object Repository/Final Object Repo/Page_Update Employer Information/Page_Update Employer Information UO (Under enforcement)/Under enforcement' is clicked on

2018-12-12 11:56:14 - [MESSAGE][PASSED] - Object: 'Object Repository/Final Object Repo/Page_Update Employer Information/Page_Update Employer Information UO (Under enforcement)/Under enforcement' is clicked on

2018-12-12 11:56:14 - [TEST_STEP][PASSED] - delay: Delayed 2 second(s)

2018-12-12 11:56:16 - [MESSAGE][PASSED] - Delayed 2 second(s)

2018-12-12 11:56:16 - [TEST_STEP][PASSED] - setText: Text 'remark' is set on object 'Object Repository/Final Object Repo/Page_Update Employer Information/Page_Update Employer Information UO (Under enforcement)/Under enforcement - remark'

2018-12-12 11:56:16 - [MESSAGE][PASSED] - Text 'remark' is set on object 'Object Repository/Final Object Repo/Page_Update Employer Information/Page_Update Employer Information UO (Under enforcement)/Under enforcement - remark'

2018-12-12 11:56:16 - [TEST_STEP][PASSED] - delay: Delayed 2 second(s)

2018-12-12 11:56:18 - [MESSAGE][PASSED] - Delayed 2 second(s)

2018-12-12 11:56:18 - [TEST_STEP][PASSED] - click: Object: 'Object Repository/Final Object Repo/Page_Update Employer Information/Page_Update Employer Information UO (Under enforcement)/Save  Continue in Under enfocement Page' is clicked on

2018-12-12 11:56:18 - [MESSAGE][PASSED] - Object: 'Object Repository/Final Object Repo/Page_Update Employer Information/Page_Update Employer Information UO (Under enforcement)/Save  Continue in Under enfocement Page' is clicked on

2018-12-12 11:56:18 - [TEST_STEP][PASSED] - delay: Delayed 2 second(s)

2018-12-12 11:56:20 - [MESSAGE][PASSED] - Delayed 2 second(s)

2018-12-12 11:56:20 - [TEST_STEP][PASSED] - doubleClick: Object: 'Object Repository/Final Object Repo/Page_Update Employer Information/Page_Update Employer Information UO (Under enforcement)/Message The case is under enforceme' is double clicked on

2018-12-12 11:56:22 - [MESSAGE][PASSED] - Object: 'Object Repository/Final Object Repo/Page_Update Employer Information/Page_Update Employer Information UO (Under enforcement)/Message The case is under enforceme' is double clicked on

2018-12-12 11:56:22 - [MESSAGE][PASSED] - Call Test Case 'Test Cases/Final Aug 2018 - PKS Automation/Registration Module/Workflow/Update Employer Information/Template/Update Employer Information - Special Case - UO (Under enforcement)' successfully]]></system-out>
         <system-err><![CDATA[]]></system-err>
      </testcase>
      <testcase name="Test Cases/Final Aug 2018 - PKS Automation/Registration Module/Workflow/Update Employer Information/PAU - UO (Approve)" classname="Test Cases/Final Aug 2018 - PKS Automation/Registration Module/Workflow/Update Employer Information/PAU - UO (Approve)" status="PASSED">
         <system-out><![CDATA[2018-12-12 11:56:22 - [TEST_CASE][PASSED] - Test Cases/Final Aug 2018 - PKS Automation/Registration Module/Workflow/Update Employer Information/PAU - UO (Approve): Test Cases/Final Aug 2018 - PKS Automation/Registration Module/Workflow/Update Employer Information/PAU - UO (Approve)

2018-12-12 11:56:22 - [TEST_STEP][PASSED] - callTestCase: Call Test Case 'Test Cases/Final Aug 2018 - PKS Automation/Registration Module/Workflow/Update Employer Information/Template/Update Employer Information - Special Case (PAU)' successfully

2018-12-12 11:56:22 - [TEST_CASE][PASSED] - Test Cases/Final Aug 2018 - PKS Automation/Registration Module/Workflow/Update Employer Information/Template/Update Employer Information - Special Case (PAU): Test Cases/Final Aug 2018 - PKS Automation/Registration Module/Workflow/Update Employer Information/Template/Update Employer Information - Special Case (PAU)

2018-12-12 11:56:23 - [TEST_STEP][PASSED] - openBrowser: Browser is opened with url: ''

2018-12-12 11:56:23 - [MESSAGE][WARNING] - A browser is already opened. Closing browser and opening a new one

2018-12-12 11:56:26 - [MESSAGE][PASSED] - Browser is opened with url: ''

2018-12-12 11:56:26 - [TEST_STEP][PASSED] - navigateToUrl: Navigate to 'https://assist2-uat.perkeso.gov.my/login' successfully

2018-12-12 11:56:27 - [MESSAGE][PASSED] - Navigate to 'https://assist2-uat.perkeso.gov.my/login' successfully

2018-12-12 11:56:27 - [TEST_STEP][PASSED] - setText: Text 'johorpau1@gmail.com' is set on object 'Object Repository/Final Object Repo/Login Page/Internal User/Email Address'

2018-12-12 11:56:28 - [MESSAGE][PASSED] - Text 'johorpau1@gmail.com' is set on object 'Object Repository/Final Object Repo/Login Page/Internal User/Email Address'

2018-12-12 11:56:28 - [TEST_STEP][PASSED] - click: Object: 'Object Repository/Final Object Repo/Login Page/Internal User/Next Button' is clicked on

2018-12-12 11:56:28 - [MESSAGE][PASSED] - Object: 'Object Repository/Final Object Repo/Login Page/Internal User/Next Button' is clicked on

2018-12-12 11:56:28 - [TEST_STEP][PASSED] - delay: Delayed 1 second(s)

2018-12-12 11:56:29 - [MESSAGE][PASSED] - Delayed 1 second(s)

2018-12-12 11:56:29 - [TEST_STEP][PASSED] - setEncryptedText: Text ****** has been set on object 'Object Repository/Final Object Repo/Login Page/Internal User/Password'

2018-12-12 11:56:29 - [MESSAGE][PASSED] - Text ****** has been set on object 'Object Repository/Final Object Repo/Login Page/Internal User/Password'

2018-12-12 11:56:29 - [TEST_STEP][PASSED] - click: Object: 'Object Repository/Final Object Repo/Login Page/Internal User/Login Button' is clicked on

2018-12-12 11:56:29 - [MESSAGE][PASSED] - Object: 'Object Repository/Final Object Repo/Login Page/Internal User/Login Button' is clicked on

2018-12-12 11:56:29 - [TEST_STEP][PASSED] - Statement - tester = com.kms.katalon.core.testobject.ObjectRepository.findTestObject(Final Object Repo/Landing Page/Select to English): Finding Test Object with id 'Object Repository/Final Object Repo/Landing Page/Select to English'

2018-12-12 11:56:29 - [TEST_STEP][PASSED] - Statement - Try: Delayed 2 second(s)

2018-12-12 11:56:29 - [TEST_STEP][PASSED] - Statement - Checker = com.kms.katalon.core.webui.keyword.WebUiBuiltInKeywords.verifyElementNotPresent(tester, 3): Web element with id: 'Object Repository/Final Object Repo/Landing Page/Select to English' located by 'By.xpath: //a[@class = 'taglib-language-list-text' and @lang = 'en-US' and (contains(text(), 'EN') or contains(., 'EN'))]' is not present after '3' second(s)

2018-12-12 11:56:31 - [MESSAGE][PASSED] - Web element with id: 'Object Repository/Final Object Repo/Landing Page/Select to English' located by 'By.xpath: //a[@class = 'taglib-language-list-text' and @lang = 'en-US' and (contains(text(), 'EN') or contains(., 'EN'))]' is not present after '3' second(s)

2018-12-12 11:56:31 - [TEST_STEP][PASSED] - Statement - If (Checker == false): null

2018-12-12 11:56:31 - [TEST_STEP][PASSED] - delay: Delayed 2 second(s)

2018-12-12 11:56:33 - [MESSAGE][PASSED] - Delayed 2 second(s)

2018-12-12 11:56:33 - [TEST_STEP][PASSED] - delay: Delayed 5 second(s)

2018-12-12 11:56:38 - [MESSAGE][PASSED] - Delayed 5 second(s)

2018-12-12 11:56:38 - [TEST_STEP][PASSED] - navigateToUrl: Navigate to 'https://assist2-uat.perkeso.gov.my/web/registration/update/update-employer-information' successfully

2018-12-12 11:56:39 - [MESSAGE][PASSED] - Navigate to 'https://assist2-uat.perkeso.gov.my/web/registration/update/update-employer-information' successfully

2018-12-12 11:56:39 - [TEST_STEP][PASSED] - setText: Text 'E1102001065V ' is set on object 'Object Repository/Final Object Repo/Page_Update Employer Information/Employer Code'

2018-12-12 11:56:40 - [MESSAGE][PASSED] - Text 'E1102001065V ' is set on object 'Object Repository/Final Object Repo/Page_Update Employer Information/Employer Code'

2018-12-12 11:56:40 - [TEST_STEP][PASSED] - click: Object: 'Object Repository/Final Object Repo/Page_Update Employer Information/Search Button' is clicked on

2018-12-12 11:56:40 - [MESSAGE][PASSED] - Object: 'Object Repository/Final Object Repo/Page_Update Employer Information/Search Button' is clicked on

2018-12-12 11:56:40 - [TEST_STEP][PASSED] - click: Object: 'Object Repository/Final Object Repo/Page_Update Employer Information/Edit Button' is clicked on

2018-12-12 11:56:43 - [MESSAGE][PASSED] - Object: 'Object Repository/Final Object Repo/Page_Update Employer Information/Edit Button' is clicked on

2018-12-12 11:56:43 - [TEST_STEP][PASSED] - click: Object: 'Object Repository/Final Object Repo/Page_Update Employer Information/Business Entity' is clicked on

2018-12-12 11:56:43 - [MESSAGE][PASSED] - Object: 'Object Repository/Final Object Repo/Page_Update Employer Information/Business Entity' is clicked on

2018-12-12 11:56:43 - [TEST_STEP][PASSED] - Statement - CurrentBusinessEntity = "": null

2018-12-12 11:56:43 - [TEST_STEP][PASSED] - Statement - CurrentBusinessEntity = com.kms.katalon.core.webui.keyword.WebUiBuiltInKeywords.getText(com.kms.katalon.core.testobject.ObjectRepository.findTestObject(Final Object Repo/Page_Update Employer Information/Current Business Entity)): Text of object 'Object Repository/Final Object Repo/Page_Update Employer Information/Current Business Entity' is: 'Sole Proprietor / Individual Business'

2018-12-12 11:56:44 - [MESSAGE][PASSED] - Text of object 'Object Repository/Final Object Repo/Page_Update Employer Information/Current Business Entity' is: 'Sole Proprietor / Individual Business'

2018-12-12 11:56:44 - [TEST_STEP][PASSED] - Statement - out.println(CurrentBusinessEntity): null

2018-12-12 11:56:44 - [TEST_STEP][PASSED] - Statement - If (CurrentBusinessEntity == "Corporation"): null

2018-12-12 11:56:44 - [TEST_STEP][PASSED] - Statement - Else If (CurrentBusinessEntity == "Partnership"): null

2018-12-12 11:56:44 - [TEST_STEP][PASSED] - Statement - Else If (CurrentBusinessEntity == "Sole Proprietor / Individual Business"): Delayed 3 second(s)

2018-12-12 11:56:44 - [TEST_STEP][PASSED] - Statement - obj = com.kms.katalon.core.webui.keyword.WebUiBuiltInKeywords.modifyObjectProperty(com.kms.katalon.core.testobject.ObjectRepository.findTestObject(Final Object Repo/Page_Update Employer Information/change to this Business Entity), "xpath", "equals", "//ul/li/span[contains(text(),"Others")]", true, STOP_ON_FAILURE): Modify property of object successfully

2018-12-12 11:56:44 - [MESSAGE][PASSED] - Modify property of object successfully

2018-12-12 11:56:44 - [TEST_STEP][PASSED] - click: Object: 'Object Repository/Final Object Repo/Page_Update Employer Information/change to this Business Entity' is clicked on

2018-12-12 11:56:44 - [MESSAGE][PASSED] - Object: 'Object Repository/Final Object Repo/Page_Update Employer Information/change to this Business Entity' is clicked on

2018-12-12 11:56:44 - [TEST_STEP][PASSED] - delay: Delayed 1 second(s)

2018-12-12 11:56:45 - [MESSAGE][PASSED] - Delayed 1 second(s)

2018-12-12 11:56:45 - [TEST_STEP][PASSED] - click: Object: 'Object Repository/Final Object Repo/Page_Update Employer Information/Sub Business Entity' is clicked on

2018-12-12 11:56:45 - [MESSAGE][PASSED] - Object: 'Object Repository/Final Object Repo/Page_Update Employer Information/Sub Business Entity' is clicked on

2018-12-12 11:56:45 - [TEST_STEP][PASSED] - click: Object: 'Object Repository/Final Object Repo/Page_Update Employer Information/Sub Business Entity List - Others - Federal Government Agency' is clicked on

2018-12-12 11:56:45 - [MESSAGE][PASSED] - Object: 'Object Repository/Final Object Repo/Page_Update Employer Information/Sub Business Entity List - Others - Federal Government Agency' is clicked on

2018-12-12 11:56:45 - [TEST_STEP][PASSED] - delay: Delayed 1 second(s)

2018-12-12 11:56:46 - [MESSAGE][PASSED] - Delayed 1 second(s)

2018-12-12 11:56:46 - [TEST_STEP][PASSED] - click: Object: 'Object Repository/Final Object Repo/Page_Update Employer Information/Sub Business Entity List' is clicked on

2018-12-12 11:56:46 - [MESSAGE][PASSED] - Object: 'Object Repository/Final Object Repo/Page_Update Employer Information/Sub Business Entity List' is clicked on

2018-12-12 11:56:46 - [TEST_STEP][PASSED] - click: Object: 'Object Repository/Final Object Repo/Page_Update Employer Information/Sub Business Entity - Others - Federal Government Agency - Kementerian' is clicked on

2018-12-12 11:56:47 - [MESSAGE][PASSED] - Object: 'Object Repository/Final Object Repo/Page_Update Employer Information/Sub Business Entity - Others - Federal Government Agency - Kementerian' is clicked on

2018-12-12 11:56:47 - [TEST_STEP][PASSED] - delay: Delayed 3 second(s)

2018-12-12 11:56:50 - [MESSAGE][PASSED] - Delayed 3 second(s)

2018-12-12 11:56:50 - [TEST_STEP][PASSED] - delay: Delayed 4 second(s)

2018-12-12 11:56:54 - [MESSAGE][PASSED] - Delayed 4 second(s)

2018-12-12 11:56:54 - [TEST_STEP][PASSED] - click: Object: 'Object Repository/Final Object Repo/Page_Update Employer Information/Save  Continue' is clicked on

2018-12-12 11:56:54 - [MESSAGE][PASSED] - Object: 'Object Repository/Final Object Repo/Page_Update Employer Information/Save  Continue' is clicked on

2018-12-12 11:56:54 - [TEST_STEP][PASSED] - delay: Delayed 4 second(s)

2018-12-12 11:56:58 - [MESSAGE][PASSED] - Delayed 4 second(s)

2018-12-12 11:56:58 - [TEST_STEP][PASSED] - click: Object: 'Object Repository/Final Object Repo/Page_Update Employer Information/Save  Continue (1)' is clicked on

2018-12-12 11:56:58 - [MESSAGE][PASSED] - Object: 'Object Repository/Final Object Repo/Page_Update Employer Information/Save  Continue (1)' is clicked on

2018-12-12 11:56:58 - [TEST_STEP][PASSED] - delay: Delayed 4 second(s)

2018-12-12 11:57:02 - [MESSAGE][PASSED] - Delayed 4 second(s)

2018-12-12 11:57:02 - [TEST_STEP][PASSED] - Statement - CaseReferenceNo = com.kms.katalon.core.webui.keyword.WebUiBuiltInKeywords.getText(com.kms.katalon.core.testobject.ObjectRepository.findTestObject(Final Object Repo/Page_Update Employer Information/Reference Number in Update Employee Information Page)): Text of object 'Object Repository/Final Object Repo/Page_Update Employer Information/Reference Number in Update Employee Information Page' is: 'CUN122018C100006003'

2018-12-12 11:57:02 - [MESSAGE][PASSED] - Text of object 'Object Repository/Final Object Repo/Page_Update Employer Information/Reference Number in Update Employee Information Page' is: 'CUN122018C100006003'

2018-12-12 11:57:02 - [TEST_STEP][PASSED] - callTestCase: Call Test Case 'Test Cases/Final Aug 2018 - PKS Automation/Common/Reference Number Setter' successfully

2018-12-12 11:57:02 - [TEST_CASE][PASSED] - Test Cases/Final Aug 2018 - PKS Automation/Common/Reference Number Setter: Test Cases/Final Aug 2018 - PKS Automation/Common/Reference Number Setter

2018-12-12 11:57:02 - [TEST_STEP][PASSED] - Statement - RefNoOldFile = new java.io.File(C://Users//Admin//Desktop//PKS//Automation Reference Point//KatalonReference.txt): null

2018-12-12 11:57:02 - [TEST_STEP][PASSED] - Statement - RefNoOldFile.delete(): null

2018-12-12 11:57:02 - [TEST_STEP][PASSED] - delay: Delayed 5 second(s)

2018-12-12 11:57:07 - [MESSAGE][PASSED] - Delayed 5 second(s)

2018-12-12 11:57:07 - [TEST_STEP][PASSED] - Statement - RefNo = new java.io.File(C://Users//Admin//Desktop//PKS//Automation Reference Point//KatalonReference.txt): null

2018-12-12 11:57:07 - [TEST_STEP][PASSED] - Statement - f2 = new java.io.FileWriter(RefNo, false): null

2018-12-12 11:57:07 - [TEST_STEP][PASSED] - Statement - f2.write(CaseReferenceNo): null

2018-12-12 11:57:07 - [TEST_STEP][PASSED] - Statement - f2.close(): null

2018-12-12 11:57:07 - [TEST_STEP][PASSED] - Statement - out.println("


" + CaseReferenceNo + "


"): null

2018-12-12 11:57:07 - [MESSAGE][PASSED] - Call Test Case 'Test Cases/Final Aug 2018 - PKS Automation/Common/Reference Number Setter' successfully

2018-12-12 11:57:07 - [TEST_STEP][PASSED] - delay: Delayed 4 second(s)

2018-12-12 11:57:11 - [MESSAGE][PASSED] - Delayed 4 second(s)

2018-12-12 11:57:11 - [TEST_STEP][PASSED] - click: Object: 'Object Repository/Final Object Repo/Page_Update Employer Information/Submit - Copy' is clicked on

2018-12-12 11:57:11 - [MESSAGE][PASSED] - Object: 'Object Repository/Final Object Repo/Page_Update Employer Information/Submit - Copy' is clicked on

2018-12-12 11:57:11 - [TEST_STEP][PASSED] - delay: Delayed 2 second(s)

2018-12-12 11:57:13 - [MESSAGE][PASSED] - Delayed 2 second(s)

2018-12-12 11:57:13 - [TEST_STEP][PASSED] - click: Object: 'Object Repository/Final Object Repo/Page_Update Employer Information/Confirm' is clicked on

2018-12-12 11:57:13 - [MESSAGE][PASSED] - Object: 'Object Repository/Final Object Repo/Page_Update Employer Information/Confirm' is clicked on

2018-12-12 11:57:13 - [TEST_STEP][PASSED] - delay: Delayed 2 second(s)

2018-12-12 11:57:15 - [MESSAGE][PASSED] - Delayed 2 second(s)

2018-12-12 11:57:15 - [TEST_STEP][PASSED] - click: Object: 'Object Repository/Final Object Repo/Page_Update Employer Information/Message Your Request will be route' is clicked on

2018-12-12 11:57:17 - [MESSAGE][PASSED] - Object: 'Object Repository/Final Object Repo/Page_Update Employer Information/Message Your Request will be route' is clicked on

2018-12-12 11:57:17 - [MESSAGE][PASSED] - Call Test Case 'Test Cases/Final Aug 2018 - PKS Automation/Registration Module/Workflow/Update Employer Information/Template/Update Employer Information - Special Case (PAU)' successfully

2018-12-12 11:57:17 - [TEST_STEP][PASSED] - callTestCase: Call Test Case 'Test Cases/Final Aug 2018 - PKS Automation/Registration Module/Workflow/Update Employer Information/Template/Update Employer Information - Special Case - UO (Approve)' successfully

2018-12-12 11:57:17 - [TEST_CASE][PASSED] - Test Cases/Final Aug 2018 - PKS Automation/Registration Module/Workflow/Update Employer Information/Template/Update Employer Information - Special Case - UO (Approve): Test Cases/Final Aug 2018 - PKS Automation/Registration Module/Workflow/Update Employer Information/Template/Update Employer Information - Special Case - UO (Approve)

2018-12-12 11:57:17 - [TEST_STEP][NOT_RUN] - callTestCase: NOT_RUN: callTestCase

2018-12-12 11:57:17 - [MESSAGE][NOT_RUN] - NOT_RUN: callTestCase

2018-12-12 11:57:17 - [TEST_STEP][NOT_RUN] - delay: NOT_RUN: delay

2018-12-12 11:57:17 - [MESSAGE][NOT_RUN] - NOT_RUN: delay

2018-12-12 11:57:17 - [TEST_STEP][NOT_RUN] - navigateToUrl: NOT_RUN: navigateToUrl

2018-12-12 11:57:17 - [MESSAGE][NOT_RUN] - NOT_RUN: navigateToUrl

2018-12-12 11:57:17 - [TEST_STEP][PASSED] - delay: Delayed 1 second(s)

2018-12-12 11:57:18 - [MESSAGE][PASSED] - Delayed 1 second(s)

2018-12-12 11:57:18 - [TEST_STEP][PASSED] - callTestCase: Call Test Case 'Test Cases/Final Aug 2018 - PKS Automation/Common/Reference Number Getter' successfully

2018-12-12 11:57:19 - [TEST_CASE][PASSED] - Test Cases/Final Aug 2018 - PKS Automation/Common/Reference Number Getter: Test Cases/Final Aug 2018 - PKS Automation/Common/Reference Number Getter

2018-12-12 11:57:19 - [TEST_STEP][PASSED] - Statement - Try: null

2018-12-12 11:57:19 - [TEST_STEP][PASSED] - Statement - RefNo = new java.io.File(C://Users//Admin//Desktop//PKS//Automation Reference Point//KatalonReference.txt): null

2018-12-12 11:57:19 - [TEST_STEP][PASSED] - Statement - bufferread = new java.io.BufferedReader(new java.io.FileReader(RefNo)): null

2018-12-12 11:57:19 - [TEST_STEP][PASSED] - Statement - readedVal = bufferread.readLine(): null

2018-12-12 11:57:19 - [TEST_STEP][PASSED] - Statement - out.println(CaseReferenceNo): null

2018-12-12 11:57:19 - [TEST_STEP][PASSED] - Statement - out.println(readedVal): null

2018-12-12 11:57:19 - [TEST_STEP][PASSED] - Statement - CaseReferenceNo = "": null

2018-12-12 11:57:19 - [TEST_STEP][PASSED] - Statement - CaseReferenceNo = readedVal: null

2018-12-12 11:57:19 - [MESSAGE][PASSED] - Call Test Case 'Test Cases/Final Aug 2018 - PKS Automation/Common/Reference Number Getter' successfully

2018-12-12 11:57:19 - [TEST_STEP][PASSED] - callTestCase: Call Test Case 'Test Cases/Final Aug 2018 - PKS Automation/Common/Workflow Owner Finder' successfully

2018-12-12 11:57:19 - [TEST_CASE][PASSED] - Test Cases/Final Aug 2018 - PKS Automation/Common/Workflow Owner Finder: Test Cases/Final Aug 2018 - PKS Automation/Common/Workflow Owner Finder

2018-12-12 11:57:19 - [TEST_STEP][PASSED] - openBrowser: Browser is opened with url: ''

2018-12-12 11:57:19 - [MESSAGE][WARNING] - A browser is already opened. Closing browser and opening a new one

2018-12-12 11:57:22 - [MESSAGE][PASSED] - Browser is opened with url: ''

2018-12-12 11:57:22 - [TEST_STEP][PASSED] - navigateToUrl: Navigate to 'https://assist2-uat.perkeso.gov.my/login' successfully

2018-12-12 11:57:24 - [MESSAGE][PASSED] - Navigate to 'https://assist2-uat.perkeso.gov.my/login' successfully

2018-12-12 11:57:24 - [TEST_STEP][PASSED] - delay: Delayed 5 second(s)

2018-12-12 11:57:29 - [MESSAGE][PASSED] - Delayed 5 second(s)

2018-12-12 11:57:29 - [TEST_STEP][PASSED] - setText: Text 'test@liferay.com' is set on object 'Object Repository/Final Object Repo/Login Page/Internal User/Email Address'

2018-12-12 11:57:29 - [MESSAGE][PASSED] - Text 'test@liferay.com' is set on object 'Object Repository/Final Object Repo/Login Page/Internal User/Email Address'

2018-12-12 11:57:29 - [TEST_STEP][PASSED] - click: Object: 'Object Repository/Final Object Repo/Login Page/Internal User/Next Button' is clicked on

2018-12-12 11:57:29 - [MESSAGE][PASSED] - Object: 'Object Repository/Final Object Repo/Login Page/Internal User/Next Button' is clicked on

2018-12-12 11:57:29 - [TEST_STEP][PASSED] - delay: Delayed 2 second(s)

2018-12-12 11:57:31 - [MESSAGE][PASSED] - Delayed 2 second(s)

2018-12-12 11:57:31 - [TEST_STEP][PASSED] - setText: Text 'test' is set on object 'Object Repository/Final Object Repo/Login Page/Internal User/Password'

2018-12-12 11:57:31 - [MESSAGE][PASSED] - Text 'test' is set on object 'Object Repository/Final Object Repo/Login Page/Internal User/Password'

2018-12-12 11:57:31 - [TEST_STEP][PASSED] - delay: Delayed 2 second(s)

2018-12-12 11:57:33 - [MESSAGE][PASSED] - Delayed 2 second(s)

2018-12-12 11:57:33 - [TEST_STEP][PASSED] - click: Object: 'Object Repository/Final Object Repo/Login Page/Internal User/Login Button' is clicked on

2018-12-12 11:57:34 - [MESSAGE][PASSED] - Object: 'Object Repository/Final Object Repo/Login Page/Internal User/Login Button' is clicked on

2018-12-12 11:57:34 - [TEST_STEP][PASSED] - Statement - tester = com.kms.katalon.core.testobject.ObjectRepository.findTestObject(Final Object Repo/Landing Page/Select to English): Finding Test Object with id 'Object Repository/Final Object Repo/Landing Page/Select to English'

2018-12-12 11:57:34 - [TEST_STEP][PASSED] - Statement - Try: Delayed 2 second(s)

2018-12-12 11:57:34 - [TEST_STEP][PASSED] - Statement - Checker = com.kms.katalon.core.webui.keyword.WebUiBuiltInKeywords.verifyElementNotPresent(tester, 3): Web element with id: 'Object Repository/Final Object Repo/Landing Page/Select to English' located by 'By.xpath: //a[@class = 'taglib-language-list-text' and @lang = 'en-US' and (contains(text(), 'EN') or contains(., 'EN'))]' is not present after '3' second(s)

2018-12-12 11:57:35 - [MESSAGE][PASSED] - Web element with id: 'Object Repository/Final Object Repo/Landing Page/Select to English' located by 'By.xpath: //a[@class = 'taglib-language-list-text' and @lang = 'en-US' and (contains(text(), 'EN') or contains(., 'EN'))]' is not present after '3' second(s)

2018-12-12 11:57:35 - [TEST_STEP][PASSED] - Statement - If (Checker == false): null

2018-12-12 11:57:35 - [TEST_STEP][PASSED] - delay: Delayed 2 second(s)

2018-12-12 11:57:37 - [MESSAGE][PASSED] - Delayed 2 second(s)

2018-12-12 11:57:37 - [TEST_STEP][PASSED] - delay: Delayed 5 second(s)

2018-12-12 11:57:42 - [MESSAGE][PASSED] - Delayed 5 second(s)

2018-12-12 11:57:42 - [TEST_STEP][PASSED] - mouseOver: Object: 'Object Repository/Final Object Repo/Landing Page/WorkFlow Menu' is hovered

2018-12-12 11:57:43 - [MESSAGE][PASSED] - Object: 'Object Repository/Final Object Repo/Landing Page/WorkFlow Menu' is hovered

2018-12-12 11:57:43 - [TEST_STEP][PASSED] - delay: Delayed 2 second(s)

2018-12-12 11:57:45 - [MESSAGE][PASSED] - Delayed 2 second(s)

2018-12-12 11:57:45 - [TEST_STEP][PASSED] - click: Object: 'Object Repository/Final Object Repo/Landing Page/Select to Workflow Listing' is clicked on

2018-12-12 11:57:46 - [MESSAGE][PASSED] - Object: 'Object Repository/Final Object Repo/Landing Page/Select to Workflow Listing' is clicked on

2018-12-12 11:57:46 - [TEST_STEP][PASSED] - delay: Delayed 2 second(s)

2018-12-12 11:57:48 - [MESSAGE][PASSED] - Delayed 2 second(s)

2018-12-12 11:57:48 - [TEST_STEP][PASSED] - click: Object: 'Object Repository/Final Object Repo/WorkFlow Listing Page/Search Information - To Put Ref No' is clicked on

2018-12-12 11:57:48 - [MESSAGE][PASSED] - Object: 'Object Repository/Final Object Repo/WorkFlow Listing Page/Search Information - To Put Ref No' is clicked on

2018-12-12 11:57:48 - [TEST_STEP][PASSED] - delay: Delayed 2 second(s)

2018-12-12 11:57:50 - [MESSAGE][PASSED] - Delayed 2 second(s)

2018-12-12 11:57:50 - [TEST_STEP][PASSED] - callTestCase: Call Test Case 'Test Cases/Final Aug 2018 - PKS Automation/Common/Reference Number Getter' successfully

2018-12-12 11:57:50 - [TEST_CASE][PASSED] - Test Cases/Final Aug 2018 - PKS Automation/Common/Reference Number Getter: Test Cases/Final Aug 2018 - PKS Automation/Common/Reference Number Getter

2018-12-12 11:57:50 - [TEST_STEP][PASSED] - Statement - Try: null

2018-12-12 11:57:50 - [TEST_STEP][PASSED] - Statement - RefNo = new java.io.File(C://Users//Admin//Desktop//PKS//Automation Reference Point//KatalonReference.txt): null

2018-12-12 11:57:50 - [TEST_STEP][PASSED] - Statement - bufferread = new java.io.BufferedReader(new java.io.FileReader(RefNo)): null

2018-12-12 11:57:50 - [TEST_STEP][PASSED] - Statement - readedVal = bufferread.readLine(): null

2018-12-12 11:57:50 - [TEST_STEP][PASSED] - Statement - out.println(CaseReferenceNo): null

2018-12-12 11:57:50 - [TEST_STEP][PASSED] - Statement - out.println(readedVal): null

2018-12-12 11:57:50 - [TEST_STEP][PASSED] - Statement - CaseReferenceNo = "": null

2018-12-12 11:57:50 - [TEST_STEP][PASSED] - Statement - CaseReferenceNo = readedVal: null

2018-12-12 11:57:50 - [MESSAGE][PASSED] - Call Test Case 'Test Cases/Final Aug 2018 - PKS Automation/Common/Reference Number Getter' successfully

2018-12-12 11:57:50 - [TEST_STEP][PASSED] - setText: Text 'CUN122018C100006003' is set on object 'Object Repository/Final Object Repo/WorkFlow Listing Page/Ref No Set Text'

2018-12-12 11:57:50 - [MESSAGE][PASSED] - Text 'CUN122018C100006003' is set on object 'Object Repository/Final Object Repo/WorkFlow Listing Page/Ref No Set Text'

2018-12-12 11:57:50 - [TEST_STEP][PASSED] - delay: Delayed 2 second(s)

2018-12-12 11:57:52 - [MESSAGE][PASSED] - Delayed 2 second(s)

2018-12-12 11:57:52 - [TEST_STEP][PASSED] - click: Object: 'Object Repository/Final Object Repo/WorkFlow Listing Page/Search Ref No Search Button' is clicked on

2018-12-12 11:57:53 - [MESSAGE][PASSED] - Object: 'Object Repository/Final Object Repo/WorkFlow Listing Page/Search Ref No Search Button' is clicked on

2018-12-12 11:57:53 - [TEST_STEP][PASSED] - delay: Delayed 6 second(s)

2018-12-12 11:57:59 - [MESSAGE][PASSED] - Delayed 6 second(s)

2018-12-12 11:57:59 - [TEST_STEP][PASSED] - click: Object: 'Object Repository/Final Object Repo/WorkFlow Listing Page/Click Continue Tooltip' is clicked on

2018-12-12 11:57:59 - [MESSAGE][PASSED] - Object: 'Object Repository/Final Object Repo/WorkFlow Listing Page/Click Continue Tooltip' is clicked on

2018-12-12 11:57:59 - [TEST_STEP][PASSED] - delay: Delayed 5 second(s)

2018-12-12 11:58:04 - [MESSAGE][PASSED] - Delayed 5 second(s)

2018-12-12 11:58:04 - [TEST_STEP][PASSED] - doubleClick: Object: 'Object Repository/Final Object Repo/WorkFlow Listing Page/Workflow Found - Listing 1' is double clicked on

2018-12-12 11:58:05 - [MESSAGE][PASSED] - Object: 'Object Repository/Final Object Repo/WorkFlow Listing Page/Workflow Found - Listing 1' is double clicked on

2018-12-12 11:58:05 - [TEST_STEP][PASSED] - Statement - println(OwnerID): null

2018-12-12 11:58:05 - [TEST_STEP][PASSED] - Statement - OwnerID = com.kms.katalon.core.webui.keyword.WebUiBuiltInKeywords.getText(com.kms.katalon.core.testobject.ObjectRepository.findTestObject(Final Object Repo/WorkFlow Listing Page/Workflow Found - Listing 1), STOP_ON_FAILURE): Text of object 'Object Repository/Final Object Repo/WorkFlow Listing Page/Workflow Found - Listing 1' is: 'JOHORuo2'

2018-12-12 11:58:05 - [MESSAGE][PASSED] - Text of object 'Object Repository/Final Object Repo/WorkFlow Listing Page/Workflow Found - Listing 1' is: 'JOHORuo2'

2018-12-12 11:58:05 - [TEST_STEP][PASSED] - Statement - OwnerID = OwnerID.toLowerCase() + "@gmail.com": null

2018-12-12 11:58:05 - [TEST_STEP][PASSED] - Statement - println(OwnerID): null

2018-12-12 11:58:05 - [TEST_STEP][PASSED] - delay: Delayed 2 second(s)

2018-12-12 11:58:07 - [MESSAGE][PASSED] - Delayed 2 second(s)

2018-12-12 11:58:07 - [MESSAGE][PASSED] - Call Test Case 'Test Cases/Final Aug 2018 - PKS Automation/Common/Workflow Owner Finder' successfully

2018-12-12 11:58:07 - [TEST_STEP][PASSED] - delay: Delayed 1 second(s)

2018-12-12 11:58:08 - [MESSAGE][PASSED] - Delayed 1 second(s)

2018-12-12 11:58:08 - [TEST_STEP][PASSED] - navigateToUrl: Navigate to 'https://assist2-uat.perkeso.gov.my/c/portal/logout' successfully

2018-12-12 11:58:09 - [MESSAGE][PASSED] - Navigate to 'https://assist2-uat.perkeso.gov.my/c/portal/logout' successfully

2018-12-12 11:58:09 - [TEST_STEP][PASSED] - callTestCase: Call Test Case 'Test Cases/Final Aug 2018 - PKS Automation/Registration Module/Workflow/Login and Search Case For Workflow' successfully

2018-12-12 11:58:09 - [TEST_CASE][PASSED] - Test Cases/Final Aug 2018 - PKS Automation/Registration Module/Workflow/Login and Search Case For Workflow: Test Cases/Final Aug 2018 - PKS Automation/Registration Module/Workflow/Login and Search Case For Workflow

2018-12-12 11:58:09 - [TEST_STEP][PASSED] - navigateToUrl: Navigate to 'https://assist2-uat.perkeso.gov.my/login' successfully

2018-12-12 11:58:09 - [MESSAGE][PASSED] - Navigate to 'https://assist2-uat.perkeso.gov.my/login' successfully

2018-12-12 11:58:09 - [TEST_STEP][PASSED] - setText: Text 'johoruo2@gmail.com' is set on object 'Object Repository/Final Object Repo/Login Page/Internal User/Email Address'

2018-12-12 11:58:09 - [MESSAGE][PASSED] - Text 'johoruo2@gmail.com' is set on object 'Object Repository/Final Object Repo/Login Page/Internal User/Email Address'

2018-12-12 11:58:09 - [TEST_STEP][PASSED] - click: Object: 'Object Repository/Final Object Repo/Login Page/Internal User/Next Button' is clicked on

2018-12-12 11:58:10 - [MESSAGE][PASSED] - Object: 'Object Repository/Final Object Repo/Login Page/Internal User/Next Button' is clicked on

2018-12-12 11:58:10 - [TEST_STEP][PASSED] - delay: Delayed 1 second(s)

2018-12-12 11:58:11 - [MESSAGE][PASSED] - Delayed 1 second(s)

2018-12-12 11:58:11 - [TEST_STEP][PASSED] - setEncryptedText: Text ****** has been set on object 'Object Repository/Final Object Repo/Login Page/Internal User/Password'

2018-12-12 11:58:11 - [MESSAGE][PASSED] - Text ****** has been set on object 'Object Repository/Final Object Repo/Login Page/Internal User/Password'

2018-12-12 11:58:11 - [TEST_STEP][PASSED] - click: Object: 'Object Repository/Final Object Repo/Login Page/Internal User/Login Button' is clicked on

2018-12-12 11:58:11 - [MESSAGE][PASSED] - Object: 'Object Repository/Final Object Repo/Login Page/Internal User/Login Button' is clicked on

2018-12-12 11:58:11 - [TEST_STEP][PASSED] - delay: Delayed 2 second(s)

2018-12-12 11:58:13 - [MESSAGE][PASSED] - Delayed 2 second(s)

2018-12-12 11:58:13 - [TEST_STEP][PASSED] - Statement - Try: Delayed 2 second(s)

2018-12-12 11:58:13 - [TEST_STEP][PASSED] - Statement - Checker = false: null

2018-12-12 11:58:13 - [TEST_STEP][PASSED] - Statement - Checker = com.kms.katalon.core.webui.keyword.WebUiBuiltInKeywords.verifyElementHasAttribute(com.kms.katalon.core.testobject.ObjectRepository.findTestObject(Final Object Repo/Landing Page/BM Detecting), "href", 20, OPTIONAL): Object 'Object Repository/Final Object Repo/Landing Page/BM Detecting' has attribute 'href'

2018-12-12 11:58:13 - [MESSAGE][PASSED] - Object 'Object Repository/Final Object Repo/Landing Page/BM Detecting' has attribute 'href'

2018-12-12 11:58:13 - [TEST_STEP][PASSED] - Statement - out.println(Checker): null

2018-12-12 11:58:13 - [TEST_STEP][PASSED] - Statement - If (Checker == false): null

2018-12-12 11:58:13 - [TEST_STEP][PASSED] - Statement - Else: null

2018-12-12 11:58:13 - [TEST_STEP][PASSED] - delay: Delayed 2 second(s)

2018-12-12 11:58:15 - [MESSAGE][PASSED] - Delayed 2 second(s)

2018-12-12 11:58:15 - [TEST_STEP][PASSED] - click: Object: 'Object Repository/Final Object Repo/Page_MyASSIST - ASSIST - Search Pending Case For Add Supporting Document/Search Information' is clicked on

2018-12-12 11:58:15 - [MESSAGE][PASSED] - Object: 'Object Repository/Final Object Repo/Page_MyASSIST - ASSIST - Search Pending Case For Add Supporting Document/Search Information' is clicked on

2018-12-12 11:58:15 - [TEST_STEP][PASSED] - delay: Delayed 3 second(s)

2018-12-12 11:58:18 - [MESSAGE][PASSED] - Delayed 3 second(s)

2018-12-12 11:58:18 - [TEST_STEP][PASSED] - sendKeys: Keys 'CUN122018C100006003' sent to object: 'Object Repository/Final Object Repo/Page_MyASSIST - ASSIST - Search Pending Case For Add Supporting Document/Reference No'

2018-12-12 11:58:19 - [MESSAGE][PASSED] - Keys 'CUN122018C100006003' sent to object: 'Object Repository/Final Object Repo/Page_MyASSIST - ASSIST - Search Pending Case For Add Supporting Document/Reference No'

2018-12-12 11:58:19 - [TEST_STEP][PASSED] - click: Object: 'Object Repository/Final Object Repo/Page_MyASSIST - ASSIST - Search Pending Case For Add Supporting Document/Search Reference No' is clicked on

2018-12-12 11:58:19 - [MESSAGE][PASSED] - Object: 'Object Repository/Final Object Repo/Page_MyASSIST - ASSIST - Search Pending Case For Add Supporting Document/Search Reference No' is clicked on

2018-12-12 11:58:19 - [TEST_STEP][PASSED] - delay: Delayed 2 second(s)

2018-12-12 11:58:21 - [MESSAGE][PASSED] - Delayed 2 second(s)

2018-12-12 11:58:21 - [TEST_STEP][PASSED] - click: Object: 'Object Repository/Final Object Repo/Page_MyASSIST - ASSIST - Search Pending Case For Add Supporting Document/Continue' is clicked on

2018-12-12 11:58:25 - [MESSAGE][PASSED] - Object: 'Object Repository/Final Object Repo/Page_MyASSIST - ASSIST - Search Pending Case For Add Supporting Document/Continue' is clicked on

2018-12-12 11:58:25 - [TEST_STEP][PASSED] - delay: Delayed 20 second(s)

2018-12-12 11:58:45 - [MESSAGE][PASSED] - Delayed 20 second(s)

2018-12-12 11:58:45 - [MESSAGE][PASSED] - Call Test Case 'Test Cases/Final Aug 2018 - PKS Automation/Registration Module/Workflow/Login and Search Case For Workflow' successfully

2018-12-12 11:58:45 - [TEST_STEP][PASSED] - delay: Delayed 10 second(s)

2018-12-12 11:58:55 - [MESSAGE][PASSED] - Delayed 10 second(s)

2018-12-12 11:58:55 - [TEST_STEP][PASSED] - click: Object: 'Object Repository/Final Object Repo/Page_Update Employer Information/Page_Update Employer Information UO (Approve)/Continue' is clicked on

2018-12-12 11:58:58 - [MESSAGE][PASSED] - Object: 'Object Repository/Final Object Repo/Page_Update Employer Information/Page_Update Employer Information UO (Approve)/Continue' is clicked on

2018-12-12 11:58:58 - [TEST_STEP][PASSED] - delay: Delayed 10 second(s)

2018-12-12 11:59:08 - [MESSAGE][PASSED] - Delayed 10 second(s)

2018-12-12 11:59:08 - [TEST_STEP][PASSED] - click: Object: 'Object Repository/Final Object Repo/Page_Update Employer Information/Page_Update Employer Information UO (Approve)/Save  Continue in Update Employer Information Page' is clicked on

2018-12-12 11:59:08 - [MESSAGE][PASSED] - Object: 'Object Repository/Final Object Repo/Page_Update Employer Information/Page_Update Employer Information UO (Approve)/Save  Continue in Update Employer Information Page' is clicked on

2018-12-12 11:59:08 - [TEST_STEP][PASSED] - delay: Delayed 3 second(s)

2018-12-12 11:59:11 - [MESSAGE][PASSED] - Delayed 3 second(s)

2018-12-12 11:59:11 - [TEST_STEP][PASSED] - click: Object: 'Object Repository/Final Object Repo/Page_Update Employer Information/Page_Update Employer Information UO (Approve)/Save  Continue in Uploading Supporting Document Page' is clicked on

2018-12-12 11:59:13 - [MESSAGE][PASSED] - Object: 'Object Repository/Final Object Repo/Page_Update Employer Information/Page_Update Employer Information UO (Approve)/Save  Continue in Uploading Supporting Document Page' is clicked on

2018-12-12 11:59:13 - [TEST_STEP][PASSED] - delay: Delayed 3 second(s)

2018-12-12 11:59:16 - [MESSAGE][PASSED] - Delayed 3 second(s)

2018-12-12 11:59:16 - [TEST_STEP][PASSED] - click: Object: 'Object Repository/Final Object Repo/Page_Update Employer Information/Page_Update Employer Information UO (Approve)/Approve' is clicked on

2018-12-12 11:59:16 - [MESSAGE][PASSED] - Object: 'Object Repository/Final Object Repo/Page_Update Employer Information/Page_Update Employer Information UO (Approve)/Approve' is clicked on

2018-12-12 11:59:16 - [TEST_STEP][PASSED] - delay: Delayed 2 second(s)

2018-12-12 11:59:18 - [MESSAGE][PASSED] - Delayed 2 second(s)

2018-12-12 11:59:18 - [TEST_STEP][PASSED] - click: Object: 'Object Repository/Final Object Repo/Page_Update Employer Information/Page_Update Employer Information UO (Approve)/Confirm' is clicked on

2018-12-12 11:59:18 - [MESSAGE][PASSED] - Object: 'Object Repository/Final Object Repo/Page_Update Employer Information/Page_Update Employer Information UO (Approve)/Confirm' is clicked on

2018-12-12 11:59:18 - [TEST_STEP][PASSED] - delay: Delayed 2 second(s)

2018-12-12 11:59:20 - [MESSAGE][PASSED] - Delayed 2 second(s)

2018-12-12 11:59:20 - [TEST_STEP][PASSED] - verifyElementVisible: Object 'Object Repository/Final Object Repo/Page_Update Employer Information/Page_Update Employer Information UO (Approve)/Message Your Request' is visible

2018-12-12 11:59:27 - [MESSAGE][PASSED] - Object 'Object Repository/Final Object Repo/Page_Update Employer Information/Page_Update Employer Information UO (Approve)/Message Your Request' is visible

2018-12-12 11:59:27 - [TEST_STEP][PASSED] - verifyElementVisible: Object 'Object Repository/Final Object Repo/Page_Update Employer Information/Page_Update Employer Information UO (Approve)/Letter of successful update' is visible

2018-12-12 11:59:27 - [MESSAGE][PASSED] - Object 'Object Repository/Final Object Repo/Page_Update Employer Information/Page_Update Employer Information UO (Approve)/Letter of successful update' is visible

2018-12-12 11:59:27 - [MESSAGE][PASSED] - Call Test Case 'Test Cases/Final Aug 2018 - PKS Automation/Registration Module/Workflow/Update Employer Information/Template/Update Employer Information - Special Case - UO (Approve)' successfully]]></system-out>
         <system-err><![CDATA[]]></system-err>
      </testcase>
      <testcase name="Test Cases/Final Aug 2018 - PKS Automation/Registration Module/Workflow/Update Employer Information/PAU - UO (Query)" classname="Test Cases/Final Aug 2018 - PKS Automation/Registration Module/Workflow/Update Employer Information/PAU - UO (Query)" status="PASSED">
         <system-out><![CDATA[2018-12-12 11:59:27 - [TEST_CASE][PASSED] - Test Cases/Final Aug 2018 - PKS Automation/Registration Module/Workflow/Update Employer Information/PAU - UO (Query): Test Cases/Final Aug 2018 - PKS Automation/Registration Module/Workflow/Update Employer Information/PAU - UO (Query)

2018-12-12 11:59:27 - [TEST_STEP][PASSED] - callTestCase: Call Test Case 'Test Cases/Final Aug 2018 - PKS Automation/Registration Module/Workflow/Update Employer Information/Template/Update Employer Information - Special Case (PAU)' successfully

2018-12-12 11:59:27 - [TEST_CASE][PASSED] - Test Cases/Final Aug 2018 - PKS Automation/Registration Module/Workflow/Update Employer Information/Template/Update Employer Information - Special Case (PAU): Test Cases/Final Aug 2018 - PKS Automation/Registration Module/Workflow/Update Employer Information/Template/Update Employer Information - Special Case (PAU)

2018-12-12 11:59:27 - [TEST_STEP][PASSED] - openBrowser: Browser is opened with url: ''

2018-12-12 11:59:27 - [MESSAGE][WARNING] - A browser is already opened. Closing browser and opening a new one

2018-12-12 11:59:31 - [MESSAGE][PASSED] - Browser is opened with url: ''

2018-12-12 11:59:31 - [TEST_STEP][PASSED] - navigateToUrl: Navigate to 'https://assist2-uat.perkeso.gov.my/login' successfully

2018-12-12 11:59:32 - [MESSAGE][PASSED] - Navigate to 'https://assist2-uat.perkeso.gov.my/login' successfully

2018-12-12 11:59:32 - [TEST_STEP][PASSED] - setText: Text 'johorpau1@gmail.com' is set on object 'Object Repository/Final Object Repo/Login Page/Internal User/Email Address'

2018-12-12 11:59:32 - [MESSAGE][PASSED] - Text 'johorpau1@gmail.com' is set on object 'Object Repository/Final Object Repo/Login Page/Internal User/Email Address'

2018-12-12 11:59:32 - [TEST_STEP][PASSED] - click: Object: 'Object Repository/Final Object Repo/Login Page/Internal User/Next Button' is clicked on

2018-12-12 11:59:33 - [MESSAGE][PASSED] - Object: 'Object Repository/Final Object Repo/Login Page/Internal User/Next Button' is clicked on

2018-12-12 11:59:33 - [TEST_STEP][PASSED] - delay: Delayed 1 second(s)

2018-12-12 11:59:34 - [MESSAGE][PASSED] - Delayed 1 second(s)

2018-12-12 11:59:34 - [TEST_STEP][PASSED] - setEncryptedText: Text ****** has been set on object 'Object Repository/Final Object Repo/Login Page/Internal User/Password'

2018-12-12 11:59:34 - [MESSAGE][PASSED] - Text ****** has been set on object 'Object Repository/Final Object Repo/Login Page/Internal User/Password'

2018-12-12 11:59:34 - [TEST_STEP][PASSED] - click: Object: 'Object Repository/Final Object Repo/Login Page/Internal User/Login Button' is clicked on

2018-12-12 11:59:34 - [MESSAGE][PASSED] - Object: 'Object Repository/Final Object Repo/Login Page/Internal User/Login Button' is clicked on

2018-12-12 11:59:34 - [TEST_STEP][PASSED] - Statement - tester = com.kms.katalon.core.testobject.ObjectRepository.findTestObject(Final Object Repo/Landing Page/Select to English): Finding Test Object with id 'Object Repository/Final Object Repo/Landing Page/Select to English'

2018-12-12 11:59:34 - [TEST_STEP][PASSED] - Statement - Try: Delayed 2 second(s)

2018-12-12 11:59:34 - [TEST_STEP][PASSED] - Statement - Checker = com.kms.katalon.core.webui.keyword.WebUiBuiltInKeywords.verifyElementNotPresent(tester, 3): Web element with id: 'Object Repository/Final Object Repo/Landing Page/Select to English' located by 'By.xpath: //a[@class = 'taglib-language-list-text' and @lang = 'en-US' and (contains(text(), 'EN') or contains(., 'EN'))]' is not present after '3' second(s)

2018-12-12 11:59:36 - [MESSAGE][PASSED] - Web element with id: 'Object Repository/Final Object Repo/Landing Page/Select to English' located by 'By.xpath: //a[@class = 'taglib-language-list-text' and @lang = 'en-US' and (contains(text(), 'EN') or contains(., 'EN'))]' is not present after '3' second(s)

2018-12-12 11:59:36 - [TEST_STEP][PASSED] - Statement - If (Checker == false): null

2018-12-12 11:59:36 - [TEST_STEP][PASSED] - delay: Delayed 2 second(s)

2018-12-12 11:59:38 - [MESSAGE][PASSED] - Delayed 2 second(s)

2018-12-12 11:59:38 - [TEST_STEP][PASSED] - delay: Delayed 5 second(s)

2018-12-12 11:59:43 - [MESSAGE][PASSED] - Delayed 5 second(s)

2018-12-12 11:59:43 - [TEST_STEP][PASSED] - navigateToUrl: Navigate to 'https://assist2-uat.perkeso.gov.my/web/registration/update/update-employer-information' successfully

2018-12-12 11:59:44 - [MESSAGE][PASSED] - Navigate to 'https://assist2-uat.perkeso.gov.my/web/registration/update/update-employer-information' successfully

2018-12-12 11:59:44 - [TEST_STEP][PASSED] - setText: Text 'E1102001065V ' is set on object 'Object Repository/Final Object Repo/Page_Update Employer Information/Employer Code'

2018-12-12 11:59:44 - [MESSAGE][PASSED] - Text 'E1102001065V ' is set on object 'Object Repository/Final Object Repo/Page_Update Employer Information/Employer Code'

2018-12-12 11:59:44 - [TEST_STEP][PASSED] - click: Object: 'Object Repository/Final Object Repo/Page_Update Employer Information/Search Button' is clicked on

2018-12-12 11:59:44 - [MESSAGE][PASSED] - Object: 'Object Repository/Final Object Repo/Page_Update Employer Information/Search Button' is clicked on

2018-12-12 11:59:44 - [TEST_STEP][PASSED] - click: Object: 'Object Repository/Final Object Repo/Page_Update Employer Information/Edit Button' is clicked on

2018-12-12 11:59:48 - [MESSAGE][PASSED] - Object: 'Object Repository/Final Object Repo/Page_Update Employer Information/Edit Button' is clicked on

2018-12-12 11:59:48 - [TEST_STEP][PASSED] - click: Object: 'Object Repository/Final Object Repo/Page_Update Employer Information/Business Entity' is clicked on

2018-12-12 11:59:48 - [MESSAGE][PASSED] - Object: 'Object Repository/Final Object Repo/Page_Update Employer Information/Business Entity' is clicked on

2018-12-12 11:59:48 - [TEST_STEP][PASSED] - Statement - CurrentBusinessEntity = "": null

2018-12-12 11:59:48 - [TEST_STEP][PASSED] - Statement - CurrentBusinessEntity = com.kms.katalon.core.webui.keyword.WebUiBuiltInKeywords.getText(com.kms.katalon.core.testobject.ObjectRepository.findTestObject(Final Object Repo/Page_Update Employer Information/Current Business Entity)): Text of object 'Object Repository/Final Object Repo/Page_Update Employer Information/Current Business Entity' is: 'Others'

2018-12-12 11:59:48 - [MESSAGE][PASSED] - Text of object 'Object Repository/Final Object Repo/Page_Update Employer Information/Current Business Entity' is: 'Others'

2018-12-12 11:59:48 - [TEST_STEP][PASSED] - Statement - out.println(CurrentBusinessEntity): null

2018-12-12 11:59:48 - [TEST_STEP][PASSED] - Statement - If (CurrentBusinessEntity == "Corporation"): null

2018-12-12 11:59:48 - [TEST_STEP][PASSED] - Statement - Else If (CurrentBusinessEntity == "Partnership"): null

2018-12-12 11:59:48 - [TEST_STEP][PASSED] - Statement - Else If (CurrentBusinessEntity == "Sole Proprietor / Individual Business"): null

2018-12-12 11:59:48 - [TEST_STEP][PASSED] - Statement - Else If (CurrentBusinessEntity == "Others"): Delayed 3 second(s)

2018-12-12 11:59:48 - [TEST_STEP][PASSED] - Statement - obj = com.kms.katalon.core.webui.keyword.WebUiBuiltInKeywords.modifyObjectProperty(com.kms.katalon.core.testobject.ObjectRepository.findTestObject(Final Object Repo/Page_Update Employer Information/change to this Business Entity), "xpath", "equals", "//ul/li/span[contains(text(),"Partnership")]", true, STOP_ON_FAILURE): Modify property of object successfully

2018-12-12 11:59:48 - [MESSAGE][PASSED] - Modify property of object successfully

2018-12-12 11:59:48 - [TEST_STEP][PASSED] - click: Object: 'Object Repository/Final Object Repo/Page_Update Employer Information/change to this Business Entity' is clicked on

2018-12-12 11:59:48 - [MESSAGE][PASSED] - Object: 'Object Repository/Final Object Repo/Page_Update Employer Information/change to this Business Entity' is clicked on

2018-12-12 11:59:48 - [TEST_STEP][PASSED] - delay: Delayed 1 second(s)

2018-12-12 11:59:49 - [MESSAGE][PASSED] - Delayed 1 second(s)

2018-12-12 11:59:49 - [TEST_STEP][PASSED] - click: Object: 'Object Repository/Final Object Repo/Page_Update Employer Information/Sub Business Entity' is clicked on

2018-12-12 11:59:49 - [MESSAGE][PASSED] - Object: 'Object Repository/Final Object Repo/Page_Update Employer Information/Sub Business Entity' is clicked on

2018-12-12 11:59:49 - [TEST_STEP][PASSED] - click: Object: 'Object Repository/Final Object Repo/Page_Update Employer Information/Sub Business Entity - Partnership - Registered With other Agencies' is clicked on

2018-12-12 11:59:50 - [MESSAGE][PASSED] - Object: 'Object Repository/Final Object Repo/Page_Update Employer Information/Sub Business Entity - Partnership - Registered With other Agencies' is clicked on

2018-12-12 11:59:50 - [TEST_STEP][PASSED] - delay: Delayed 3 second(s)

2018-12-12 11:59:53 - [MESSAGE][PASSED] - Delayed 3 second(s)

2018-12-12 11:59:53 - [TEST_STEP][PASSED] - delay: Delayed 4 second(s)

2018-12-12 11:59:57 - [MESSAGE][PASSED] - Delayed 4 second(s)

2018-12-12 11:59:57 - [TEST_STEP][PASSED] - click: Object: 'Object Repository/Final Object Repo/Page_Update Employer Information/Save  Continue' is clicked on

2018-12-12 11:59:57 - [MESSAGE][PASSED] - Object: 'Object Repository/Final Object Repo/Page_Update Employer Information/Save  Continue' is clicked on

2018-12-12 11:59:57 - [TEST_STEP][PASSED] - delay: Delayed 4 second(s)

2018-12-12 12:00:01 - [MESSAGE][PASSED] - Delayed 4 second(s)

2018-12-12 12:00:01 - [TEST_STEP][PASSED] - click: Object: 'Object Repository/Final Object Repo/Page_Update Employer Information/Save  Continue (1)' is clicked on

2018-12-12 12:00:01 - [MESSAGE][PASSED] - Object: 'Object Repository/Final Object Repo/Page_Update Employer Information/Save  Continue (1)' is clicked on

2018-12-12 12:00:01 - [TEST_STEP][PASSED] - delay: Delayed 4 second(s)

2018-12-12 12:00:05 - [MESSAGE][PASSED] - Delayed 4 second(s)

2018-12-12 12:00:05 - [TEST_STEP][PASSED] - Statement - CaseReferenceNo = com.kms.katalon.core.webui.keyword.WebUiBuiltInKeywords.getText(com.kms.katalon.core.testobject.ObjectRepository.findTestObject(Final Object Repo/Page_Update Employer Information/Reference Number in Update Employee Information Page)): Text of object 'Object Repository/Final Object Repo/Page_Update Employer Information/Reference Number in Update Employee Information Page' is: 'CUN122018C100006004'

2018-12-12 12:00:05 - [MESSAGE][PASSED] - Text of object 'Object Repository/Final Object Repo/Page_Update Employer Information/Reference Number in Update Employee Information Page' is: 'CUN122018C100006004'

2018-12-12 12:00:05 - [TEST_STEP][PASSED] - callTestCase: Call Test Case 'Test Cases/Final Aug 2018 - PKS Automation/Common/Reference Number Setter' successfully

2018-12-12 12:00:05 - [TEST_CASE][PASSED] - Test Cases/Final Aug 2018 - PKS Automation/Common/Reference Number Setter: Test Cases/Final Aug 2018 - PKS Automation/Common/Reference Number Setter

2018-12-12 12:00:05 - [TEST_STEP][PASSED] - Statement - RefNoOldFile = new java.io.File(C://Users//Admin//Desktop//PKS//Automation Reference Point//KatalonReference.txt): null

2018-12-12 12:00:05 - [TEST_STEP][PASSED] - Statement - RefNoOldFile.delete(): null

2018-12-12 12:00:05 - [TEST_STEP][PASSED] - delay: Delayed 5 second(s)

2018-12-12 12:00:10 - [MESSAGE][PASSED] - Delayed 5 second(s)

2018-12-12 12:00:10 - [TEST_STEP][PASSED] - Statement - RefNo = new java.io.File(C://Users//Admin//Desktop//PKS//Automation Reference Point//KatalonReference.txt): null

2018-12-12 12:00:10 - [TEST_STEP][PASSED] - Statement - f2 = new java.io.FileWriter(RefNo, false): null

2018-12-12 12:00:10 - [TEST_STEP][PASSED] - Statement - f2.write(CaseReferenceNo): null

2018-12-12 12:00:10 - [TEST_STEP][PASSED] - Statement - f2.close(): null

2018-12-12 12:00:10 - [TEST_STEP][PASSED] - Statement - out.println("


" + CaseReferenceNo + "


"): null

2018-12-12 12:00:10 - [MESSAGE][PASSED] - Call Test Case 'Test Cases/Final Aug 2018 - PKS Automation/Common/Reference Number Setter' successfully

2018-12-12 12:00:10 - [TEST_STEP][PASSED] - delay: Delayed 4 second(s)

2018-12-12 12:00:14 - [MESSAGE][PASSED] - Delayed 4 second(s)

2018-12-12 12:00:14 - [TEST_STEP][PASSED] - click: Object: 'Object Repository/Final Object Repo/Page_Update Employer Information/Submit - Copy' is clicked on

2018-12-12 12:00:14 - [MESSAGE][PASSED] - Object: 'Object Repository/Final Object Repo/Page_Update Employer Information/Submit - Copy' is clicked on

2018-12-12 12:00:14 - [TEST_STEP][PASSED] - delay: Delayed 2 second(s)

2018-12-12 12:00:16 - [MESSAGE][PASSED] - Delayed 2 second(s)

2018-12-12 12:00:16 - [TEST_STEP][PASSED] - click: Object: 'Object Repository/Final Object Repo/Page_Update Employer Information/Confirm' is clicked on

2018-12-12 12:00:16 - [MESSAGE][PASSED] - Object: 'Object Repository/Final Object Repo/Page_Update Employer Information/Confirm' is clicked on

2018-12-12 12:00:16 - [TEST_STEP][PASSED] - delay: Delayed 2 second(s)

2018-12-12 12:00:18 - [MESSAGE][PASSED] - Delayed 2 second(s)

2018-12-12 12:00:18 - [TEST_STEP][PASSED] - click: Object: 'Object Repository/Final Object Repo/Page_Update Employer Information/Message Your Request will be route' is clicked on

2018-12-12 12:00:20 - [MESSAGE][PASSED] - Object: 'Object Repository/Final Object Repo/Page_Update Employer Information/Message Your Request will be route' is clicked on

2018-12-12 12:00:20 - [MESSAGE][PASSED] - Call Test Case 'Test Cases/Final Aug 2018 - PKS Automation/Registration Module/Workflow/Update Employer Information/Template/Update Employer Information - Special Case (PAU)' successfully

2018-12-12 12:00:20 - [TEST_STEP][PASSED] - callTestCase: Call Test Case 'Test Cases/Final Aug 2018 - PKS Automation/Registration Module/Workflow/Update Employer Information/Template/Update Employer Information - Special Case - UO (Query)' successfully

2018-12-12 12:00:20 - [TEST_CASE][PASSED] - Test Cases/Final Aug 2018 - PKS Automation/Registration Module/Workflow/Update Employer Information/Template/Update Employer Information - Special Case - UO (Query): Test Cases/Final Aug 2018 - PKS Automation/Registration Module/Workflow/Update Employer Information/Template/Update Employer Information - Special Case - UO (Query)

2018-12-12 12:00:20 - [TEST_STEP][NOT_RUN] - callTestCase: NOT_RUN: callTestCase

2018-12-12 12:00:20 - [MESSAGE][NOT_RUN] - NOT_RUN: callTestCase

2018-12-12 12:00:20 - [TEST_STEP][PASSED] - delay: Delayed 1 second(s)

2018-12-12 12:00:21 - [MESSAGE][PASSED] - Delayed 1 second(s)

2018-12-12 12:00:21 - [TEST_STEP][PASSED] - navigateToUrl: Navigate to 'https://assist2-uat.perkeso.gov.my/c/portal/logout' successfully

2018-12-12 12:00:22 - [MESSAGE][PASSED] - Navigate to 'https://assist2-uat.perkeso.gov.my/c/portal/logout' successfully

2018-12-12 12:00:22 - [TEST_STEP][PASSED] - delay: Delayed 1 second(s)

2018-12-12 12:00:23 - [MESSAGE][PASSED] - Delayed 1 second(s)

2018-12-12 12:00:23 - [TEST_STEP][PASSED] - callTestCase: Call Test Case 'Test Cases/Final Aug 2018 - PKS Automation/Common/Reference Number Getter' successfully

2018-12-12 12:00:23 - [TEST_CASE][PASSED] - Test Cases/Final Aug 2018 - PKS Automation/Common/Reference Number Getter: Test Cases/Final Aug 2018 - PKS Automation/Common/Reference Number Getter

2018-12-12 12:00:23 - [TEST_STEP][PASSED] - Statement - Try: null

2018-12-12 12:00:23 - [TEST_STEP][PASSED] - Statement - RefNo = new java.io.File(C://Users//Admin//Desktop//PKS//Automation Reference Point//KatalonReference.txt): null

2018-12-12 12:00:23 - [TEST_STEP][PASSED] - Statement - bufferread = new java.io.BufferedReader(new java.io.FileReader(RefNo)): null

2018-12-12 12:00:23 - [TEST_STEP][PASSED] - Statement - readedVal = bufferread.readLine(): null

2018-12-12 12:00:23 - [TEST_STEP][PASSED] - Statement - out.println(CaseReferenceNo): null

2018-12-12 12:00:23 - [TEST_STEP][PASSED] - Statement - out.println(readedVal): null

2018-12-12 12:00:23 - [TEST_STEP][PASSED] - Statement - CaseReferenceNo = "": null

2018-12-12 12:00:23 - [TEST_STEP][PASSED] - Statement - CaseReferenceNo = readedVal: null

2018-12-12 12:00:23 - [MESSAGE][PASSED] - Call Test Case 'Test Cases/Final Aug 2018 - PKS Automation/Common/Reference Number Getter' successfully

2018-12-12 12:00:23 - [TEST_STEP][PASSED] - callTestCase: Call Test Case 'Test Cases/Final Aug 2018 - PKS Automation/Common/Workflow Owner Finder' successfully

2018-12-12 12:00:23 - [TEST_CASE][PASSED] - Test Cases/Final Aug 2018 - PKS Automation/Common/Workflow Owner Finder: Test Cases/Final Aug 2018 - PKS Automation/Common/Workflow Owner Finder

2018-12-12 12:00:23 - [TEST_STEP][PASSED] - openBrowser: Browser is opened with url: ''

2018-12-12 12:00:23 - [MESSAGE][WARNING] - A browser is already opened. Closing browser and opening a new one

2018-12-12 12:00:27 - [MESSAGE][PASSED] - Browser is opened with url: ''

2018-12-12 12:00:27 - [TEST_STEP][PASSED] - navigateToUrl: Navigate to 'https://assist2-uat.perkeso.gov.my/login' successfully

2018-12-12 12:00:28 - [MESSAGE][PASSED] - Navigate to 'https://assist2-uat.perkeso.gov.my/login' successfully

2018-12-12 12:00:28 - [TEST_STEP][PASSED] - delay: Delayed 5 second(s)

2018-12-12 12:00:33 - [MESSAGE][PASSED] - Delayed 5 second(s)

2018-12-12 12:00:33 - [TEST_STEP][PASSED] - setText: Text 'test@liferay.com' is set on object 'Object Repository/Final Object Repo/Login Page/Internal User/Email Address'

2018-12-12 12:00:34 - [MESSAGE][PASSED] - Text 'test@liferay.com' is set on object 'Object Repository/Final Object Repo/Login Page/Internal User/Email Address'

2018-12-12 12:00:34 - [TEST_STEP][PASSED] - click: Object: 'Object Repository/Final Object Repo/Login Page/Internal User/Next Button' is clicked on

2018-12-12 12:00:34 - [MESSAGE][PASSED] - Object: 'Object Repository/Final Object Repo/Login Page/Internal User/Next Button' is clicked on

2018-12-12 12:00:34 - [TEST_STEP][PASSED] - delay: Delayed 2 second(s)

2018-12-12 12:00:36 - [MESSAGE][PASSED] - Delayed 2 second(s)

2018-12-12 12:00:36 - [TEST_STEP][PASSED] - setText: Text 'test' is set on object 'Object Repository/Final Object Repo/Login Page/Internal User/Password'

2018-12-12 12:00:36 - [MESSAGE][PASSED] - Text 'test' is set on object 'Object Repository/Final Object Repo/Login Page/Internal User/Password'

2018-12-12 12:00:36 - [TEST_STEP][PASSED] - delay: Delayed 2 second(s)

2018-12-12 12:00:38 - [MESSAGE][PASSED] - Delayed 2 second(s)

2018-12-12 12:00:38 - [TEST_STEP][PASSED] - click: Object: 'Object Repository/Final Object Repo/Login Page/Internal User/Login Button' is clicked on

2018-12-12 12:00:38 - [MESSAGE][PASSED] - Object: 'Object Repository/Final Object Repo/Login Page/Internal User/Login Button' is clicked on

2018-12-12 12:00:38 - [TEST_STEP][PASSED] - Statement - tester = com.kms.katalon.core.testobject.ObjectRepository.findTestObject(Final Object Repo/Landing Page/Select to English): Finding Test Object with id 'Object Repository/Final Object Repo/Landing Page/Select to English'

2018-12-12 12:00:38 - [TEST_STEP][PASSED] - Statement - Try: Delayed 2 second(s)

2018-12-12 12:00:38 - [TEST_STEP][PASSED] - Statement - Checker = com.kms.katalon.core.webui.keyword.WebUiBuiltInKeywords.verifyElementNotPresent(tester, 3): Web element with id: 'Object Repository/Final Object Repo/Landing Page/Select to English' located by 'By.xpath: //a[@class = 'taglib-language-list-text' and @lang = 'en-US' and (contains(text(), 'EN') or contains(., 'EN'))]' is not present after '3' second(s)

2018-12-12 12:00:40 - [MESSAGE][PASSED] - Web element with id: 'Object Repository/Final Object Repo/Landing Page/Select to English' located by 'By.xpath: //a[@class = 'taglib-language-list-text' and @lang = 'en-US' and (contains(text(), 'EN') or contains(., 'EN'))]' is not present after '3' second(s)

2018-12-12 12:00:40 - [TEST_STEP][PASSED] - Statement - If (Checker == false): null

2018-12-12 12:00:40 - [TEST_STEP][PASSED] - delay: Delayed 2 second(s)

2018-12-12 12:00:42 - [MESSAGE][PASSED] - Delayed 2 second(s)

2018-12-12 12:00:42 - [TEST_STEP][PASSED] - delay: Delayed 5 second(s)

2018-12-12 12:00:47 - [MESSAGE][PASSED] - Delayed 5 second(s)

2018-12-12 12:00:47 - [TEST_STEP][PASSED] - mouseOver: Object: 'Object Repository/Final Object Repo/Landing Page/WorkFlow Menu' is hovered

2018-12-12 12:00:47 - [MESSAGE][PASSED] - Object: 'Object Repository/Final Object Repo/Landing Page/WorkFlow Menu' is hovered

2018-12-12 12:00:47 - [TEST_STEP][PASSED] - delay: Delayed 2 second(s)

2018-12-12 12:00:49 - [MESSAGE][PASSED] - Delayed 2 second(s)

2018-12-12 12:00:49 - [TEST_STEP][PASSED] - click: Object: 'Object Repository/Final Object Repo/Landing Page/Select to Workflow Listing' is clicked on

2018-12-12 12:00:50 - [MESSAGE][PASSED] - Object: 'Object Repository/Final Object Repo/Landing Page/Select to Workflow Listing' is clicked on

2018-12-12 12:00:50 - [TEST_STEP][PASSED] - delay: Delayed 2 second(s)

2018-12-12 12:00:52 - [MESSAGE][PASSED] - Delayed 2 second(s)

2018-12-12 12:00:52 - [TEST_STEP][PASSED] - click: Object: 'Object Repository/Final Object Repo/WorkFlow Listing Page/Search Information - To Put Ref No' is clicked on

2018-12-12 12:00:52 - [MESSAGE][PASSED] - Object: 'Object Repository/Final Object Repo/WorkFlow Listing Page/Search Information - To Put Ref No' is clicked on

2018-12-12 12:00:52 - [TEST_STEP][PASSED] - delay: Delayed 2 second(s)

2018-12-12 12:00:54 - [MESSAGE][PASSED] - Delayed 2 second(s)

2018-12-12 12:00:54 - [TEST_STEP][PASSED] - callTestCase: Call Test Case 'Test Cases/Final Aug 2018 - PKS Automation/Common/Reference Number Getter' successfully

2018-12-12 12:00:54 - [TEST_CASE][PASSED] - Test Cases/Final Aug 2018 - PKS Automation/Common/Reference Number Getter: Test Cases/Final Aug 2018 - PKS Automation/Common/Reference Number Getter

2018-12-12 12:00:55 - [TEST_STEP][PASSED] - Statement - Try: null

2018-12-12 12:00:55 - [TEST_STEP][PASSED] - Statement - RefNo = new java.io.File(C://Users//Admin//Desktop//PKS//Automation Reference Point//KatalonReference.txt): null

2018-12-12 12:00:55 - [TEST_STEP][PASSED] - Statement - bufferread = new java.io.BufferedReader(new java.io.FileReader(RefNo)): null

2018-12-12 12:00:55 - [TEST_STEP][PASSED] - Statement - readedVal = bufferread.readLine(): null

2018-12-12 12:00:55 - [TEST_STEP][PASSED] - Statement - out.println(CaseReferenceNo): null

2018-12-12 12:00:55 - [TEST_STEP][PASSED] - Statement - out.println(readedVal): null

2018-12-12 12:00:55 - [TEST_STEP][PASSED] - Statement - CaseReferenceNo = "": null

2018-12-12 12:00:55 - [TEST_STEP][PASSED] - Statement - CaseReferenceNo = readedVal: null

2018-12-12 12:00:55 - [MESSAGE][PASSED] - Call Test Case 'Test Cases/Final Aug 2018 - PKS Automation/Common/Reference Number Getter' successfully

2018-12-12 12:00:55 - [TEST_STEP][PASSED] - setText: Text 'CUN122018C100006004' is set on object 'Object Repository/Final Object Repo/WorkFlow Listing Page/Ref No Set Text'

2018-12-12 12:00:55 - [MESSAGE][PASSED] - Text 'CUN122018C100006004' is set on object 'Object Repository/Final Object Repo/WorkFlow Listing Page/Ref No Set Text'

2018-12-12 12:00:55 - [TEST_STEP][PASSED] - delay: Delayed 2 second(s)

2018-12-12 12:00:57 - [MESSAGE][PASSED] - Delayed 2 second(s)

2018-12-12 12:00:57 - [TEST_STEP][PASSED] - click: Object: 'Object Repository/Final Object Repo/WorkFlow Listing Page/Search Ref No Search Button' is clicked on

2018-12-12 12:00:57 - [MESSAGE][PASSED] - Object: 'Object Repository/Final Object Repo/WorkFlow Listing Page/Search Ref No Search Button' is clicked on

2018-12-12 12:00:57 - [TEST_STEP][PASSED] - delay: Delayed 6 second(s)

2018-12-12 12:01:03 - [MESSAGE][PASSED] - Delayed 6 second(s)

2018-12-12 12:01:03 - [TEST_STEP][PASSED] - click: Object: 'Object Repository/Final Object Repo/WorkFlow Listing Page/Click Continue Tooltip' is clicked on

2018-12-12 12:01:04 - [MESSAGE][PASSED] - Object: 'Object Repository/Final Object Repo/WorkFlow Listing Page/Click Continue Tooltip' is clicked on

2018-12-12 12:01:04 - [TEST_STEP][PASSED] - delay: Delayed 5 second(s)

2018-12-12 12:01:09 - [MESSAGE][PASSED] - Delayed 5 second(s)

2018-12-12 12:01:09 - [TEST_STEP][PASSED] - doubleClick: Object: 'Object Repository/Final Object Repo/WorkFlow Listing Page/Workflow Found - Listing 1' is double clicked on

2018-12-12 12:01:09 - [MESSAGE][PASSED] - Object: 'Object Repository/Final Object Repo/WorkFlow Listing Page/Workflow Found - Listing 1' is double clicked on

2018-12-12 12:01:09 - [TEST_STEP][PASSED] - Statement - println(OwnerID): null

2018-12-12 12:01:09 - [TEST_STEP][PASSED] - Statement - OwnerID = com.kms.katalon.core.webui.keyword.WebUiBuiltInKeywords.getText(com.kms.katalon.core.testobject.ObjectRepository.findTestObject(Final Object Repo/WorkFlow Listing Page/Workflow Found - Listing 1), STOP_ON_FAILURE): Text of object 'Object Repository/Final Object Repo/WorkFlow Listing Page/Workflow Found - Listing 1' is: 'JOHORuo3'

2018-12-12 12:01:09 - [MESSAGE][PASSED] - Text of object 'Object Repository/Final Object Repo/WorkFlow Listing Page/Workflow Found - Listing 1' is: 'JOHORuo3'

2018-12-12 12:01:09 - [TEST_STEP][PASSED] - Statement - OwnerID = OwnerID.toLowerCase() + "@gmail.com": null

2018-12-12 12:01:09 - [TEST_STEP][PASSED] - Statement - println(OwnerID): null

2018-12-12 12:01:09 - [TEST_STEP][PASSED] - delay: Delayed 2 second(s)

2018-12-12 12:01:11 - [MESSAGE][PASSED] - Delayed 2 second(s)

2018-12-12 12:01:11 - [MESSAGE][PASSED] - Call Test Case 'Test Cases/Final Aug 2018 - PKS Automation/Common/Workflow Owner Finder' successfully

2018-12-12 12:01:11 - [TEST_STEP][PASSED] - delay: Delayed 1 second(s)

2018-12-12 12:01:12 - [MESSAGE][PASSED] - Delayed 1 second(s)

2018-12-12 12:01:12 - [TEST_STEP][PASSED] - navigateToUrl: Navigate to 'https://assist2-uat.perkeso.gov.my/c/portal/logout' successfully

2018-12-12 12:01:13 - [MESSAGE][PASSED] - Navigate to 'https://assist2-uat.perkeso.gov.my/c/portal/logout' successfully

2018-12-12 12:01:13 - [TEST_STEP][PASSED] - delay: Delayed 1 second(s)

2018-12-12 12:01:14 - [MESSAGE][PASSED] - Delayed 1 second(s)

2018-12-12 12:01:14 - [TEST_STEP][PASSED] - callTestCase: Call Test Case 'Test Cases/Final Aug 2018 - PKS Automation/Registration Module/Workflow/Login and Search Case For Workflow' successfully

2018-12-12 12:01:14 - [TEST_CASE][PASSED] - Test Cases/Final Aug 2018 - PKS Automation/Registration Module/Workflow/Login and Search Case For Workflow: Test Cases/Final Aug 2018 - PKS Automation/Registration Module/Workflow/Login and Search Case For Workflow

2018-12-12 12:01:14 - [TEST_STEP][PASSED] - navigateToUrl: Navigate to 'https://assist2-uat.perkeso.gov.my/login' successfully

2018-12-12 12:01:15 - [MESSAGE][PASSED] - Navigate to 'https://assist2-uat.perkeso.gov.my/login' successfully

2018-12-12 12:01:15 - [TEST_STEP][PASSED] - setText: Text 'johoruo3@gmail.com' is set on object 'Object Repository/Final Object Repo/Login Page/Internal User/Email Address'

2018-12-12 12:01:15 - [MESSAGE][PASSED] - Text 'johoruo3@gmail.com' is set on object 'Object Repository/Final Object Repo/Login Page/Internal User/Email Address'

2018-12-12 12:01:15 - [TEST_STEP][PASSED] - click: Object: 'Object Repository/Final Object Repo/Login Page/Internal User/Next Button' is clicked on

2018-12-12 12:01:15 - [MESSAGE][PASSED] - Object: 'Object Repository/Final Object Repo/Login Page/Internal User/Next Button' is clicked on

2018-12-12 12:01:15 - [TEST_STEP][PASSED] - delay: Delayed 1 second(s)

2018-12-12 12:01:16 - [MESSAGE][PASSED] - Delayed 1 second(s)

2018-12-12 12:01:16 - [TEST_STEP][PASSED] - setEncryptedText: Text ****** has been set on object 'Object Repository/Final Object Repo/Login Page/Internal User/Password'

2018-12-12 12:01:16 - [MESSAGE][PASSED] - Text ****** has been set on object 'Object Repository/Final Object Repo/Login Page/Internal User/Password'

2018-12-12 12:01:16 - [TEST_STEP][PASSED] - click: Object: 'Object Repository/Final Object Repo/Login Page/Internal User/Login Button' is clicked on

2018-12-12 12:01:17 - [MESSAGE][PASSED] - Object: 'Object Repository/Final Object Repo/Login Page/Internal User/Login Button' is clicked on

2018-12-12 12:01:17 - [TEST_STEP][PASSED] - delay: Delayed 2 second(s)

2018-12-12 12:01:19 - [MESSAGE][PASSED] - Delayed 2 second(s)

2018-12-12 12:01:19 - [TEST_STEP][PASSED] - Statement - Try: Delayed 2 second(s)

2018-12-12 12:01:19 - [TEST_STEP][PASSED] - Statement - Checker = false: null

2018-12-12 12:01:19 - [TEST_STEP][PASSED] - Statement - Checker = com.kms.katalon.core.webui.keyword.WebUiBuiltInKeywords.verifyElementHasAttribute(com.kms.katalon.core.testobject.ObjectRepository.findTestObject(Final Object Repo/Landing Page/BM Detecting), "href", 20, OPTIONAL): Object 'Object Repository/Final Object Repo/Landing Page/BM Detecting' has attribute 'href'

2018-12-12 12:01:19 - [MESSAGE][PASSED] - Object 'Object Repository/Final Object Repo/Landing Page/BM Detecting' has attribute 'href'

2018-12-12 12:01:19 - [TEST_STEP][PASSED] - Statement - out.println(Checker): null

2018-12-12 12:01:19 - [TEST_STEP][PASSED] - Statement - If (Checker == false): null

2018-12-12 12:01:19 - [TEST_STEP][PASSED] - Statement - Else: null

2018-12-12 12:01:19 - [TEST_STEP][PASSED] - delay: Delayed 2 second(s)

2018-12-12 12:01:21 - [MESSAGE][PASSED] - Delayed 2 second(s)

2018-12-12 12:01:21 - [TEST_STEP][PASSED] - click: Object: 'Object Repository/Final Object Repo/Page_MyASSIST - ASSIST - Search Pending Case For Add Supporting Document/Search Information' is clicked on

2018-12-12 12:01:21 - [MESSAGE][PASSED] - Object: 'Object Repository/Final Object Repo/Page_MyASSIST - ASSIST - Search Pending Case For Add Supporting Document/Search Information' is clicked on

2018-12-12 12:01:21 - [TEST_STEP][PASSED] - delay: Delayed 3 second(s)

2018-12-12 12:01:24 - [MESSAGE][PASSED] - Delayed 3 second(s)

2018-12-12 12:01:24 - [TEST_STEP][PASSED] - sendKeys: Keys 'CUN122018C100006004' sent to object: 'Object Repository/Final Object Repo/Page_MyASSIST - ASSIST - Search Pending Case For Add Supporting Document/Reference No'

2018-12-12 12:01:24 - [MESSAGE][PASSED] - Keys 'CUN122018C100006004' sent to object: 'Object Repository/Final Object Repo/Page_MyASSIST - ASSIST - Search Pending Case For Add Supporting Document/Reference No'

2018-12-12 12:01:24 - [TEST_STEP][PASSED] - click: Object: 'Object Repository/Final Object Repo/Page_MyASSIST - ASSIST - Search Pending Case For Add Supporting Document/Search Reference No' is clicked on

2018-12-12 12:01:24 - [MESSAGE][PASSED] - Object: 'Object Repository/Final Object Repo/Page_MyASSIST - ASSIST - Search Pending Case For Add Supporting Document/Search Reference No' is clicked on

2018-12-12 12:01:24 - [TEST_STEP][PASSED] - delay: Delayed 2 second(s)

2018-12-12 12:01:26 - [MESSAGE][PASSED] - Delayed 2 second(s)

2018-12-12 12:01:26 - [TEST_STEP][PASSED] - click: Object: 'Object Repository/Final Object Repo/Page_MyASSIST - ASSIST - Search Pending Case For Add Supporting Document/Continue' is clicked on

2018-12-12 12:01:30 - [MESSAGE][PASSED] - Object: 'Object Repository/Final Object Repo/Page_MyASSIST - ASSIST - Search Pending Case For Add Supporting Document/Continue' is clicked on

2018-12-12 12:01:30 - [TEST_STEP][PASSED] - delay: Delayed 20 second(s)

2018-12-12 12:01:50 - [MESSAGE][PASSED] - Delayed 20 second(s)

2018-12-12 12:01:50 - [MESSAGE][PASSED] - Call Test Case 'Test Cases/Final Aug 2018 - PKS Automation/Registration Module/Workflow/Login and Search Case For Workflow' successfully

2018-12-12 12:01:50 - [TEST_STEP][PASSED] - delay: Delayed 2 second(s)

2018-12-12 12:01:52 - [MESSAGE][PASSED] - Delayed 2 second(s)

2018-12-12 12:01:52 - [TEST_STEP][PASSED] - click: Object: 'Object Repository/Final Object Repo/Page_Update Employer Information/Page_Update Employer Information UO (Approve)/Continue' is clicked on

2018-12-12 12:01:55 - [MESSAGE][PASSED] - Object: 'Object Repository/Final Object Repo/Page_Update Employer Information/Page_Update Employer Information UO (Approve)/Continue' is clicked on

2018-12-12 12:01:55 - [TEST_STEP][PASSED] - delay: Delayed 2 second(s)

2018-12-12 12:01:57 - [MESSAGE][PASSED] - Delayed 2 second(s)

2018-12-12 12:01:57 - [TEST_STEP][PASSED] - click: Object: 'Object Repository/Final Object Repo/Page_Update Employer Information/Page_Update Employer Information UO (Approve)/Save  Continue in Update Employer Information Page' is clicked on

2018-12-12 12:01:57 - [MESSAGE][PASSED] - Object: 'Object Repository/Final Object Repo/Page_Update Employer Information/Page_Update Employer Information UO (Approve)/Save  Continue in Update Employer Information Page' is clicked on

2018-12-12 12:01:57 - [TEST_STEP][PASSED] - delay: Delayed 2 second(s)

2018-12-12 12:01:59 - [MESSAGE][PASSED] - Delayed 2 second(s)

2018-12-12 12:01:59 - [TEST_STEP][PASSED] - setText: Text 'Query' is set on object 'Object Repository/Final Object Repo/Page_Update Employer Information/Page_Update Employer Information UO (Query)/Query - Remark'

2018-12-12 12:02:02 - [MESSAGE][PASSED] - Text 'Query' is set on object 'Object Repository/Final Object Repo/Page_Update Employer Information/Page_Update Employer Information UO (Query)/Query - Remark'

2018-12-12 12:02:02 - [TEST_STEP][PASSED] - delay: Delayed 2 second(s)

2018-12-12 12:02:04 - [MESSAGE][PASSED] - Delayed 2 second(s)

2018-12-12 12:02:04 - [TEST_STEP][PASSED] - click: Object: 'Object Repository/Final Object Repo/Page_Update Employer Information/Page_Update Employer Information UO (Approve)/Save  Continue in Uploading Supporting Document Page' is clicked on

2018-12-12 12:02:04 - [MESSAGE][PASSED] - Object: 'Object Repository/Final Object Repo/Page_Update Employer Information/Page_Update Employer Information UO (Approve)/Save  Continue in Uploading Supporting Document Page' is clicked on

2018-12-12 12:02:04 - [TEST_STEP][PASSED] - delay: Delayed 2 second(s)

2018-12-12 12:02:06 - [MESSAGE][PASSED] - Delayed 2 second(s)

2018-12-12 12:02:06 - [TEST_STEP][PASSED] - click: Object: 'Object Repository/Final Object Repo/Page_Update Employer Information/Page_Update Employer Information UO (Query)/Query' is clicked on

2018-12-12 12:02:07 - [MESSAGE][PASSED] - Object: 'Object Repository/Final Object Repo/Page_Update Employer Information/Page_Update Employer Information UO (Query)/Query' is clicked on

2018-12-12 12:02:07 - [TEST_STEP][PASSED] - delay: Delayed 2 second(s)

2018-12-12 12:02:09 - [MESSAGE][PASSED] - Delayed 2 second(s)

2018-12-12 12:02:09 - [TEST_STEP][PASSED] - click: Object: 'Object Repository/Final Object Repo/Page_Update Employer Information/Page_Update Employer Information UO (Query)/Confirm' is clicked on

2018-12-12 12:02:10 - [MESSAGE][PASSED] - Object: 'Object Repository/Final Object Repo/Page_Update Employer Information/Page_Update Employer Information UO (Query)/Confirm' is clicked on

2018-12-12 12:02:10 - [TEST_STEP][PASSED] - delay: Delayed 2 second(s)

2018-12-12 12:02:12 - [MESSAGE][PASSED] - Delayed 2 second(s)

2018-12-12 12:02:12 - [TEST_STEP][PASSED] - doubleClick: Object: 'Object Repository/Final Object Repo/Page_Update Employer Information/Page_Update Employer Information UO (Query)/Message The Case Is Under Query' is double clicked on

2018-12-12 12:02:15 - [MESSAGE][PASSED] - Object: 'Object Repository/Final Object Repo/Page_Update Employer Information/Page_Update Employer Information UO (Query)/Message The Case Is Under Query' is double clicked on

2018-12-12 12:02:15 - [TEST_STEP][PASSED] - delay: Delayed 2 second(s)

2018-12-12 12:02:17 - [MESSAGE][PASSED] - Delayed 2 second(s)

2018-12-12 12:02:17 - [TEST_STEP][PASSED] - click: Object: 'Object Repository/Final Object Repo/Page_Update Employer Information/Page_Update Employer Information UO (Query)/Letter of inquiry.pdf' is clicked on

2018-12-12 12:02:18 - [MESSAGE][PASSED] - Object: 'Object Repository/Final Object Repo/Page_Update Employer Information/Page_Update Employer Information UO (Query)/Letter of inquiry.pdf' is clicked on

2018-12-12 12:02:18 - [TEST_STEP][PASSED] - delay: Delayed 1 second(s)

2018-12-12 12:02:19 - [MESSAGE][PASSED] - Delayed 1 second(s)

2018-12-12 12:02:19 - [TEST_STEP][PASSED] - callTestCase: Call Test Case 'Test Cases/Final Aug 2018 - PKS Automation/Registration Module/Log Out/log out avoiding katalon tagging' successfully

2018-12-12 12:02:19 - [TEST_CASE][PASSED] - Test Cases/Final Aug 2018 - PKS Automation/Registration Module/Log Out/log out avoiding katalon tagging: Test Cases/Final Aug 2018 - PKS Automation/Registration Module/Log Out/log out avoiding katalon tagging

2018-12-12 12:02:19 - [TEST_STEP][PASSED] - navigateToUrl: Navigate to 'https://assist2-uat.perkeso.gov.my/c/portal/logout' successfully

2018-12-12 12:02:20 - [MESSAGE][PASSED] - Navigate to 'https://assist2-uat.perkeso.gov.my/c/portal/logout' successfully

2018-12-12 12:02:20 - [MESSAGE][PASSED] - Call Test Case 'Test Cases/Final Aug 2018 - PKS Automation/Registration Module/Log Out/log out avoiding katalon tagging' successfully

2018-12-12 12:02:20 - [TEST_STEP][NOT_RUN] - navigateToUrl: NOT_RUN: navigateToUrl

2018-12-12 12:02:20 - [MESSAGE][NOT_RUN] - NOT_RUN: navigateToUrl

2018-12-12 12:02:20 - [TEST_STEP][PASSED] - delay: Delayed 1 second(s)

2018-12-12 12:02:21 - [MESSAGE][PASSED] - Delayed 1 second(s)

2018-12-12 12:02:21 - [TEST_STEP][PASSED] - callTestCase: Call Test Case 'Test Cases/Final Aug 2018 - PKS Automation/Registration Module/Workflow/Search Pending Case For Add Supporting Document (OTC)' successfully

2018-12-12 12:02:21 - [TEST_CASE][PASSED] - Test Cases/Final Aug 2018 - PKS Automation/Registration Module/Workflow/Search Pending Case For Add Supporting Document (OTC): Test Cases/Final Aug 2018 - PKS Automation/Registration Module/Workflow/Search Pending Case For Add Supporting Document (OTC)

2018-12-12 12:02:21 - [TEST_STEP][PASSED] - openBrowser: Browser is opened with url: ''

2018-12-12 12:02:21 - [MESSAGE][WARNING] - A browser is already opened. Closing browser and opening a new one

2018-12-12 12:02:25 - [MESSAGE][PASSED] - Browser is opened with url: ''

2018-12-12 12:02:25 - [TEST_STEP][PASSED] - navigateToUrl: Navigate to 'https://assist2-uat.perkeso.gov.my/login' successfully

2018-12-12 12:02:26 - [MESSAGE][PASSED] - Navigate to 'https://assist2-uat.perkeso.gov.my/login' successfully

2018-12-12 12:02:26 - [TEST_STEP][PASSED] - setText: Text 'johorotc1@gmail.com' is set on object 'Object Repository/Final Object Repo/Login Page/Internal User/Email Address'

2018-12-12 12:02:26 - [MESSAGE][PASSED] - Text 'johorotc1@gmail.com' is set on object 'Object Repository/Final Object Repo/Login Page/Internal User/Email Address'

2018-12-12 12:02:26 - [TEST_STEP][PASSED] - click: Object: 'Object Repository/Final Object Repo/Login Page/Internal User/Next Button' is clicked on

2018-12-12 12:02:26 - [MESSAGE][PASSED] - Object: 'Object Repository/Final Object Repo/Login Page/Internal User/Next Button' is clicked on

2018-12-12 12:02:26 - [TEST_STEP][PASSED] - delay: Delayed 1 second(s)

2018-12-12 12:02:27 - [MESSAGE][PASSED] - Delayed 1 second(s)

2018-12-12 12:02:27 - [TEST_STEP][PASSED] - setEncryptedText: Text ****** has been set on object 'Object Repository/Final Object Repo/Login Page/Internal User/Password'

2018-12-12 12:02:27 - [MESSAGE][PASSED] - Text ****** has been set on object 'Object Repository/Final Object Repo/Login Page/Internal User/Password'

2018-12-12 12:02:27 - [TEST_STEP][PASSED] - click: Object: 'Object Repository/Final Object Repo/Login Page/Internal User/Login Button' is clicked on

2018-12-12 12:02:28 - [MESSAGE][PASSED] - Object: 'Object Repository/Final Object Repo/Login Page/Internal User/Login Button' is clicked on

2018-12-12 12:02:28 - [TEST_STEP][PASSED] - delay: Delayed 1 second(s)

2018-12-12 12:02:29 - [MESSAGE][PASSED] - Delayed 1 second(s)

2018-12-12 12:02:29 - [TEST_STEP][PASSED] - Statement - Try: Delayed 2 second(s)

2018-12-12 12:02:29 - [TEST_STEP][PASSED] - Statement - Checker = false: null

2018-12-12 12:02:29 - [TEST_STEP][PASSED] - Statement - Checker = com.kms.katalon.core.webui.keyword.WebUiBuiltInKeywords.verifyElementHasAttribute(com.kms.katalon.core.testobject.ObjectRepository.findTestObject(Final Object Repo/Landing Page/BM Detecting), "href", 20, OPTIONAL): Object 'Object Repository/Final Object Repo/Landing Page/BM Detecting' has attribute 'href'

2018-12-12 12:02:30 - [MESSAGE][PASSED] - Object 'Object Repository/Final Object Repo/Landing Page/BM Detecting' has attribute 'href'

2018-12-12 12:02:30 - [TEST_STEP][PASSED] - Statement - out.println(Checker): null

2018-12-12 12:02:30 - [TEST_STEP][PASSED] - Statement - If (Checker == false): null

2018-12-12 12:02:30 - [TEST_STEP][PASSED] - Statement - Else: null

2018-12-12 12:02:30 - [TEST_STEP][PASSED] - delay: Delayed 2 second(s)

2018-12-12 12:02:32 - [MESSAGE][PASSED] - Delayed 2 second(s)

2018-12-12 12:02:32 - [TEST_STEP][PASSED] - navigateToUrl: Navigate to 'https://assist2-uat.perkeso.gov.my/web/registration/search/search-pending-case-for-add-supporting-document' successfully

2018-12-12 12:02:32 - [MESSAGE][PASSED] - Navigate to 'https://assist2-uat.perkeso.gov.my/web/registration/search/search-pending-case-for-add-supporting-document' successfully

2018-12-12 12:02:32 - [TEST_STEP][PASSED] - click: Object: 'Object Repository/Final Object Repo/Page_Search Pending Case For Add Suporting Document/Search By' is clicked on

2018-12-12 12:02:33 - [MESSAGE][PASSED] - Object: 'Object Repository/Final Object Repo/Page_Search Pending Case For Add Suporting Document/Search By' is clicked on

2018-12-12 12:02:33 - [TEST_STEP][PASSED] - click: Object: 'Object Repository/Final Object Repo/Page_Search Pending Case For Add Suporting Document/Search By - Reference ID' is clicked on

2018-12-12 12:02:33 - [MESSAGE][PASSED] - Object: 'Object Repository/Final Object Repo/Page_Search Pending Case For Add Suporting Document/Search By - Reference ID' is clicked on

2018-12-12 12:02:33 - [TEST_STEP][PASSED] - delay: Delayed 2 second(s)

2018-12-12 12:02:35 - [MESSAGE][PASSED] - Delayed 2 second(s)

2018-12-12 12:02:35 - [TEST_STEP][PASSED] - setText: Text 'CUN122018C100006004' is set on object 'Object Repository/Final Object Repo/Page_Search Pending Case For Add Suporting Document/Reference ID'

2018-12-12 12:02:35 - [MESSAGE][PASSED] - Text 'CUN122018C100006004' is set on object 'Object Repository/Final Object Repo/Page_Search Pending Case For Add Suporting Document/Reference ID'

2018-12-12 12:02:35 - [TEST_STEP][PASSED] - click: Object: 'Object Repository/Final Object Repo/Page_Search Pending Case For Add Suporting Document/Search' is clicked on

2018-12-12 12:02:35 - [MESSAGE][PASSED] - Object: 'Object Repository/Final Object Repo/Page_Search Pending Case For Add Suporting Document/Search' is clicked on

2018-12-12 12:02:35 - [TEST_STEP][PASSED] - delay: Delayed 2 second(s)

2018-12-12 12:02:37 - [MESSAGE][PASSED] - Delayed 2 second(s)

2018-12-12 12:02:37 - [TEST_STEP][PASSED] - click: Object: 'Object Repository/Final Object Repo/Page_Search Pending Case For Add Suporting Document/Edit' is clicked on

2018-12-12 12:02:41 - [MESSAGE][PASSED] - Object: 'Object Repository/Final Object Repo/Page_Search Pending Case For Add Suporting Document/Edit' is clicked on

2018-12-12 12:02:41 - [MESSAGE][PASSED] - Call Test Case 'Test Cases/Final Aug 2018 - PKS Automation/Registration Module/Workflow/Search Pending Case For Add Supporting Document (OTC)' successfully

2018-12-12 12:02:41 - [TEST_STEP][PASSED] - click: Object: 'Object Repository/Final Object Repo/Page_Update Employer Information/Page_Update Employer Information UO (Query -OTC -UO)/Next' is clicked on

2018-12-12 12:02:44 - [MESSAGE][PASSED] - Object: 'Object Repository/Final Object Repo/Page_Update Employer Information/Page_Update Employer Information UO (Query -OTC -UO)/Next' is clicked on

2018-12-12 12:02:44 - [TEST_STEP][PASSED] - delay: Delayed 2 second(s)

2018-12-12 12:02:46 - [MESSAGE][PASSED] - Delayed 2 second(s)

2018-12-12 12:02:46 - [TEST_STEP][PASSED] - click: Object: 'Object Repository/Final Object Repo/Page_Update Employer Information/Page_Update Employer Information UO (Query -OTC -UO)/Add Document' is clicked on

2018-12-12 12:02:46 - [MESSAGE][PASSED] - Object: 'Object Repository/Final Object Repo/Page_Update Employer Information/Page_Update Employer Information UO (Query -OTC -UO)/Add Document' is clicked on

2018-12-12 12:02:46 - [TEST_STEP][PASSED] - delay: Delayed 2 second(s)

2018-12-12 12:02:48 - [MESSAGE][PASSED] - Delayed 2 second(s)

2018-12-12 12:02:48 - [TEST_STEP][PASSED] - click: Object: 'Object Repository/Final Object Repo/Page_Update Employer Information/Page_Update Employer Information UO (Query -OTC -UO)/Document Type' is clicked on

2018-12-12 12:02:49 - [MESSAGE][PASSED] - Object: 'Object Repository/Final Object Repo/Page_Update Employer Information/Page_Update Employer Information UO (Query -OTC -UO)/Document Type' is clicked on

2018-12-12 12:02:49 - [TEST_STEP][PASSED] - click: Object: 'Object Repository/Final Object Repo/Page_Update Employer Information/Page_Update Employer Information UO (Query -OTC -UO)/Document Type - Other' is clicked on

2018-12-12 12:02:49 - [MESSAGE][PASSED] - Object: 'Object Repository/Final Object Repo/Page_Update Employer Information/Page_Update Employer Information UO (Query -OTC -UO)/Document Type - Other' is clicked on

2018-12-12 12:02:49 - [TEST_STEP][PASSED] - delay: Delayed 2 second(s)

2018-12-12 12:02:51 - [MESSAGE][PASSED] - Delayed 2 second(s)

2018-12-12 12:02:51 - [TEST_STEP][PASSED] - sendKeys: Keys 'C:\Users\Public\Pictures\Sample Pictures\Koala.jpg' sent to object: 'Object Repository/Final Object Repo/Page_Update Employer Information/Page_Update Employer Information UO (Query -OTC -UO)/Uploading File'

2018-12-12 12:02:51 - [MESSAGE][PASSED] - Keys 'C:\Users\Public\Pictures\Sample Pictures\Koala.jpg' sent to object: 'Object Repository/Final Object Repo/Page_Update Employer Information/Page_Update Employer Information UO (Query -OTC -UO)/Uploading File'

2018-12-12 12:02:51 - [TEST_STEP][PASSED] - delay: Delayed 2 second(s)

2018-12-12 12:02:53 - [MESSAGE][PASSED] - Delayed 2 second(s)

2018-12-12 12:02:53 - [TEST_STEP][PASSED] - click: Object: 'Object Repository/Final Object Repo/Page_Update Employer Information/Page_Update Employer Information UO (Query -OTC -UO)/Add Document in Uploading Page' is clicked on

2018-12-12 12:02:53 - [MESSAGE][PASSED] - Object: 'Object Repository/Final Object Repo/Page_Update Employer Information/Page_Update Employer Information UO (Query -OTC -UO)/Add Document in Uploading Page' is clicked on

2018-12-12 12:02:53 - [TEST_STEP][PASSED] - delay: Delayed 2 second(s)

2018-12-12 12:02:55 - [MESSAGE][PASSED] - Delayed 2 second(s)

2018-12-12 12:02:55 - [TEST_STEP][PASSED] - click: Object: 'Object Repository/Final Object Repo/Page_Update Employer Information/Page_Update Employer Information UO (Query -OTC -UO)/Exit' is clicked on

2018-12-12 12:02:58 - [MESSAGE][PASSED] - Object: 'Object Repository/Final Object Repo/Page_Update Employer Information/Page_Update Employer Information UO (Query -OTC -UO)/Exit' is clicked on

2018-12-12 12:02:58 - [TEST_STEP][PASSED] - delay: Delayed 2 second(s)

2018-12-12 12:03:00 - [MESSAGE][PASSED] - Delayed 2 second(s)

2018-12-12 12:03:00 - [TEST_STEP][PASSED] - delay: Delayed 1 second(s)

2018-12-12 12:03:01 - [MESSAGE][PASSED] - Delayed 1 second(s)

2018-12-12 12:03:01 - [TEST_STEP][PASSED] - navigateToUrl: Navigate to 'https://assist2-uat.perkeso.gov.my/c/portal/logout' successfully

2018-12-12 12:03:02 - [MESSAGE][PASSED] - Navigate to 'https://assist2-uat.perkeso.gov.my/c/portal/logout' successfully

2018-12-12 12:03:02 - [TEST_STEP][PASSED] - delay: Delayed 1 second(s)

2018-12-12 12:03:03 - [MESSAGE][PASSED] - Delayed 1 second(s)

2018-12-12 12:03:03 - [TEST_STEP][PASSED] - callTestCase: Call Test Case 'Test Cases/Final Aug 2018 - PKS Automation/Registration Module/Workflow/Login and Search Case For Workflow' successfully

2018-12-12 12:03:03 - [TEST_CASE][PASSED] - Test Cases/Final Aug 2018 - PKS Automation/Registration Module/Workflow/Login and Search Case For Workflow: Test Cases/Final Aug 2018 - PKS Automation/Registration Module/Workflow/Login and Search Case For Workflow

2018-12-12 12:03:03 - [TEST_STEP][PASSED] - navigateToUrl: Navigate to 'https://assist2-uat.perkeso.gov.my/login' successfully

2018-12-12 12:03:03 - [MESSAGE][PASSED] - Navigate to 'https://assist2-uat.perkeso.gov.my/login' successfully

2018-12-12 12:03:03 - [TEST_STEP][PASSED] - setText: Text 'johoruo3@gmail.com' is set on object 'Object Repository/Final Object Repo/Login Page/Internal User/Email Address'

2018-12-12 12:03:04 - [MESSAGE][PASSED] - Text 'johoruo3@gmail.com' is set on object 'Object Repository/Final Object Repo/Login Page/Internal User/Email Address'

2018-12-12 12:03:04 - [TEST_STEP][PASSED] - click: Object: 'Object Repository/Final Object Repo/Login Page/Internal User/Next Button' is clicked on

2018-12-12 12:03:04 - [MESSAGE][PASSED] - Object: 'Object Repository/Final Object Repo/Login Page/Internal User/Next Button' is clicked on

2018-12-12 12:03:04 - [TEST_STEP][PASSED] - delay: Delayed 1 second(s)

2018-12-12 12:03:05 - [MESSAGE][PASSED] - Delayed 1 second(s)

2018-12-12 12:03:05 - [TEST_STEP][PASSED] - setEncryptedText: Text ****** has been set on object 'Object Repository/Final Object Repo/Login Page/Internal User/Password'

2018-12-12 12:03:05 - [MESSAGE][PASSED] - Text ****** has been set on object 'Object Repository/Final Object Repo/Login Page/Internal User/Password'

2018-12-12 12:03:05 - [TEST_STEP][PASSED] - click: Object: 'Object Repository/Final Object Repo/Login Page/Internal User/Login Button' is clicked on

2018-12-12 12:03:05 - [MESSAGE][PASSED] - Object: 'Object Repository/Final Object Repo/Login Page/Internal User/Login Button' is clicked on

2018-12-12 12:03:05 - [TEST_STEP][PASSED] - delay: Delayed 2 second(s)

2018-12-12 12:03:07 - [MESSAGE][PASSED] - Delayed 2 second(s)

2018-12-12 12:03:07 - [TEST_STEP][PASSED] - Statement - Try: Delayed 2 second(s)

2018-12-12 12:03:07 - [TEST_STEP][PASSED] - Statement - Checker = false: null

2018-12-12 12:03:07 - [TEST_STEP][PASSED] - Statement - Checker = com.kms.katalon.core.webui.keyword.WebUiBuiltInKeywords.verifyElementHasAttribute(com.kms.katalon.core.testobject.ObjectRepository.findTestObject(Final Object Repo/Landing Page/BM Detecting), "href", 20, OPTIONAL): Object 'Object Repository/Final Object Repo/Landing Page/BM Detecting' has attribute 'href'

2018-12-12 12:03:07 - [MESSAGE][PASSED] - Object 'Object Repository/Final Object Repo/Landing Page/BM Detecting' has attribute 'href'

2018-12-12 12:03:07 - [TEST_STEP][PASSED] - Statement - out.println(Checker): null

2018-12-12 12:03:07 - [TEST_STEP][PASSED] - Statement - If (Checker == false): null

2018-12-12 12:03:07 - [TEST_STEP][PASSED] - Statement - Else: null

2018-12-12 12:03:07 - [TEST_STEP][PASSED] - delay: Delayed 2 second(s)

2018-12-12 12:03:09 - [MESSAGE][PASSED] - Delayed 2 second(s)

2018-12-12 12:03:09 - [TEST_STEP][PASSED] - click: Object: 'Object Repository/Final Object Repo/Page_MyASSIST - ASSIST - Search Pending Case For Add Supporting Document/Search Information' is clicked on

2018-12-12 12:03:10 - [MESSAGE][PASSED] - Object: 'Object Repository/Final Object Repo/Page_MyASSIST - ASSIST - Search Pending Case For Add Supporting Document/Search Information' is clicked on

2018-12-12 12:03:10 - [TEST_STEP][PASSED] - delay: Delayed 3 second(s)

2018-12-12 12:03:13 - [MESSAGE][PASSED] - Delayed 3 second(s)

2018-12-12 12:03:13 - [TEST_STEP][PASSED] - sendKeys: Keys 'CUN122018C100006004' sent to object: 'Object Repository/Final Object Repo/Page_MyASSIST - ASSIST - Search Pending Case For Add Supporting Document/Reference No'

2018-12-12 12:03:13 - [MESSAGE][PASSED] - Keys 'CUN122018C100006004' sent to object: 'Object Repository/Final Object Repo/Page_MyASSIST - ASSIST - Search Pending Case For Add Supporting Document/Reference No'

2018-12-12 12:03:13 - [TEST_STEP][PASSED] - click: Object: 'Object Repository/Final Object Repo/Page_MyASSIST - ASSIST - Search Pending Case For Add Supporting Document/Search Reference No' is clicked on

2018-12-12 12:03:13 - [MESSAGE][PASSED] - Object: 'Object Repository/Final Object Repo/Page_MyASSIST - ASSIST - Search Pending Case For Add Supporting Document/Search Reference No' is clicked on

2018-12-12 12:03:13 - [TEST_STEP][PASSED] - delay: Delayed 2 second(s)

2018-12-12 12:03:15 - [MESSAGE][PASSED] - Delayed 2 second(s)

2018-12-12 12:03:15 - [TEST_STEP][PASSED] - click: Object: 'Object Repository/Final Object Repo/Page_MyASSIST - ASSIST - Search Pending Case For Add Supporting Document/Continue' is clicked on

2018-12-12 12:03:19 - [MESSAGE][PASSED] - Object: 'Object Repository/Final Object Repo/Page_MyASSIST - ASSIST - Search Pending Case For Add Supporting Document/Continue' is clicked on

2018-12-12 12:03:19 - [TEST_STEP][PASSED] - delay: Delayed 20 second(s)

2018-12-12 12:03:39 - [MESSAGE][PASSED] - Delayed 20 second(s)

2018-12-12 12:03:39 - [MESSAGE][PASSED] - Call Test Case 'Test Cases/Final Aug 2018 - PKS Automation/Registration Module/Workflow/Login and Search Case For Workflow' successfully

2018-12-12 12:03:39 - [TEST_STEP][PASSED] - click: Object: 'Object Repository/Final Object Repo/Page_Update Employer Information/Page_Update Employer Information UO (Approve)/Continue' is clicked on

2018-12-12 12:03:42 - [MESSAGE][PASSED] - Object: 'Object Repository/Final Object Repo/Page_Update Employer Information/Page_Update Employer Information UO (Approve)/Continue' is clicked on

2018-12-12 12:03:42 - [TEST_STEP][PASSED] - delay: Delayed 2 second(s)

2018-12-12 12:03:44 - [MESSAGE][PASSED] - Delayed 2 second(s)

2018-12-12 12:03:44 - [TEST_STEP][PASSED] - click: Object: 'Object Repository/Final Object Repo/Page_Update Employer Information/Page_Update Employer Information UO (Approve)/Save  Continue in Update Employer Information Page' is clicked on

2018-12-12 12:03:44 - [MESSAGE][PASSED] - Object: 'Object Repository/Final Object Repo/Page_Update Employer Information/Page_Update Employer Information UO (Approve)/Save  Continue in Update Employer Information Page' is clicked on

2018-12-12 12:03:44 - [TEST_STEP][PASSED] - delay: Delayed 2 second(s)

2018-12-12 12:03:46 - [MESSAGE][PASSED] - Delayed 2 second(s)

2018-12-12 12:03:46 - [TEST_STEP][PASSED] - click: Object: 'Object Repository/Final Object Repo/Page_Update Employer Information/Page_Update Employer Information UO (Approve)/Save  Continue in Uploading Supporting Document Page' is clicked on

2018-12-12 12:03:49 - [MESSAGE][PASSED] - Object: 'Object Repository/Final Object Repo/Page_Update Employer Information/Page_Update Employer Information UO (Approve)/Save  Continue in Uploading Supporting Document Page' is clicked on

2018-12-12 12:03:49 - [TEST_STEP][PASSED] - delay: Delayed 2 second(s)

2018-12-12 12:03:51 - [MESSAGE][PASSED] - Delayed 2 second(s)

2018-12-12 12:03:51 - [TEST_STEP][PASSED] - click: Object: 'Object Repository/Final Object Repo/Page_Update Employer Information/Page_Update Employer Information UO (Approve)/Approve' is clicked on

2018-12-12 12:03:52 - [MESSAGE][PASSED] - Object: 'Object Repository/Final Object Repo/Page_Update Employer Information/Page_Update Employer Information UO (Approve)/Approve' is clicked on

2018-12-12 12:03:52 - [TEST_STEP][PASSED] - delay: Delayed 2 second(s)

2018-12-12 12:03:54 - [MESSAGE][PASSED] - Delayed 2 second(s)

2018-12-12 12:03:54 - [TEST_STEP][PASSED] - click: Object: 'Object Repository/Final Object Repo/Page_Update Employer Information/Page_Update Employer Information UO (Approve)/Confirm' is clicked on

2018-12-12 12:03:55 - [MESSAGE][PASSED] - Object: 'Object Repository/Final Object Repo/Page_Update Employer Information/Page_Update Employer Information UO (Approve)/Confirm' is clicked on

2018-12-12 12:03:55 - [TEST_STEP][PASSED] - delay: Delayed 2 second(s)

2018-12-12 12:03:57 - [MESSAGE][PASSED] - Delayed 2 second(s)

2018-12-12 12:03:57 - [TEST_STEP][PASSED] - verifyElementVisible: Object 'Object Repository/Final Object Repo/Page_Update Employer Information/Page_Update Employer Information UO (Approve)/Message Your Request' is visible

2018-12-12 12:04:04 - [MESSAGE][PASSED] - Object 'Object Repository/Final Object Repo/Page_Update Employer Information/Page_Update Employer Information UO (Approve)/Message Your Request' is visible

2018-12-12 12:04:04 - [TEST_STEP][PASSED] - verifyElementVisible: Object 'Object Repository/Final Object Repo/Page_Update Employer Information/Page_Update Employer Information UO (Approve)/Letter of successful update' is visible

2018-12-12 12:04:04 - [MESSAGE][PASSED] - Object 'Object Repository/Final Object Repo/Page_Update Employer Information/Page_Update Employer Information UO (Approve)/Letter of successful update' is visible

2018-12-12 12:04:04 - [MESSAGE][PASSED] - Call Test Case 'Test Cases/Final Aug 2018 - PKS Automation/Registration Module/Workflow/Update Employer Information/Template/Update Employer Information - Special Case - UO (Query)' successfully]]></system-out>
         <system-err><![CDATA[]]></system-err>
      </testcase>
      <testcase name="Test Cases/Final Aug 2018 - PKS Automation/Registration Module/Workflow/Update Employer Information/PAU - UO (Reject)" classname="Test Cases/Final Aug 2018 - PKS Automation/Registration Module/Workflow/Update Employer Information/PAU - UO (Reject)" status="PASSED">
         <system-out><![CDATA[2018-12-12 12:04:04 - [TEST_CASE][PASSED] - Test Cases/Final Aug 2018 - PKS Automation/Registration Module/Workflow/Update Employer Information/PAU - UO (Reject): Test Cases/Final Aug 2018 - PKS Automation/Registration Module/Workflow/Update Employer Information/PAU - UO (Reject)

2018-12-12 12:04:04 - [TEST_STEP][PASSED] - callTestCase: Call Test Case 'Test Cases/Final Aug 2018 - PKS Automation/Registration Module/Workflow/Update Employer Information/Template/Update Employer Information - Special Case (PAU)' successfully

2018-12-12 12:04:05 - [TEST_CASE][PASSED] - Test Cases/Final Aug 2018 - PKS Automation/Registration Module/Workflow/Update Employer Information/Template/Update Employer Information - Special Case (PAU): Test Cases/Final Aug 2018 - PKS Automation/Registration Module/Workflow/Update Employer Information/Template/Update Employer Information - Special Case (PAU)

2018-12-12 12:04:05 - [TEST_STEP][PASSED] - openBrowser: Browser is opened with url: ''

2018-12-12 12:04:05 - [MESSAGE][WARNING] - A browser is already opened. Closing browser and opening a new one

2018-12-12 12:04:08 - [MESSAGE][PASSED] - Browser is opened with url: ''

2018-12-12 12:04:08 - [TEST_STEP][PASSED] - navigateToUrl: Navigate to 'https://assist2-uat.perkeso.gov.my/login' successfully

2018-12-12 12:04:09 - [MESSAGE][PASSED] - Navigate to 'https://assist2-uat.perkeso.gov.my/login' successfully

2018-12-12 12:04:09 - [TEST_STEP][PASSED] - setText: Text 'johorpau1@gmail.com' is set on object 'Object Repository/Final Object Repo/Login Page/Internal User/Email Address'

2018-12-12 12:04:10 - [MESSAGE][PASSED] - Text 'johorpau1@gmail.com' is set on object 'Object Repository/Final Object Repo/Login Page/Internal User/Email Address'

2018-12-12 12:04:10 - [TEST_STEP][PASSED] - click: Object: 'Object Repository/Final Object Repo/Login Page/Internal User/Next Button' is clicked on

2018-12-12 12:04:10 - [MESSAGE][PASSED] - Object: 'Object Repository/Final Object Repo/Login Page/Internal User/Next Button' is clicked on

2018-12-12 12:04:10 - [TEST_STEP][PASSED] - delay: Delayed 1 second(s)

2018-12-12 12:04:11 - [MESSAGE][PASSED] - Delayed 1 second(s)

2018-12-12 12:04:11 - [TEST_STEP][PASSED] - setEncryptedText: Text ****** has been set on object 'Object Repository/Final Object Repo/Login Page/Internal User/Password'

2018-12-12 12:04:11 - [MESSAGE][PASSED] - Text ****** has been set on object 'Object Repository/Final Object Repo/Login Page/Internal User/Password'

2018-12-12 12:04:11 - [TEST_STEP][PASSED] - click: Object: 'Object Repository/Final Object Repo/Login Page/Internal User/Login Button' is clicked on

2018-12-12 12:04:11 - [MESSAGE][PASSED] - Object: 'Object Repository/Final Object Repo/Login Page/Internal User/Login Button' is clicked on

2018-12-12 12:04:11 - [TEST_STEP][PASSED] - Statement - tester = com.kms.katalon.core.testobject.ObjectRepository.findTestObject(Final Object Repo/Landing Page/Select to English): Finding Test Object with id 'Object Repository/Final Object Repo/Landing Page/Select to English'

2018-12-12 12:04:11 - [TEST_STEP][PASSED] - Statement - Try: Delayed 2 second(s)

2018-12-12 12:04:11 - [TEST_STEP][PASSED] - Statement - Checker = com.kms.katalon.core.webui.keyword.WebUiBuiltInKeywords.verifyElementNotPresent(tester, 3): Web element with id: 'Object Repository/Final Object Repo/Landing Page/Select to English' located by 'By.xpath: //a[@class = 'taglib-language-list-text' and @lang = 'en-US' and (contains(text(), 'EN') or contains(., 'EN'))]' is not present after '3' second(s)

2018-12-12 12:04:13 - [MESSAGE][PASSED] - Web element with id: 'Object Repository/Final Object Repo/Landing Page/Select to English' located by 'By.xpath: //a[@class = 'taglib-language-list-text' and @lang = 'en-US' and (contains(text(), 'EN') or contains(., 'EN'))]' is not present after '3' second(s)

2018-12-12 12:04:13 - [TEST_STEP][PASSED] - Statement - If (Checker == false): null

2018-12-12 12:04:13 - [TEST_STEP][PASSED] - delay: Delayed 2 second(s)

2018-12-12 12:04:15 - [MESSAGE][PASSED] - Delayed 2 second(s)

2018-12-12 12:04:15 - [TEST_STEP][PASSED] - delay: Delayed 5 second(s)

2018-12-12 12:04:20 - [MESSAGE][PASSED] - Delayed 5 second(s)

2018-12-12 12:04:20 - [TEST_STEP][PASSED] - navigateToUrl: Navigate to 'https://assist2-uat.perkeso.gov.my/web/registration/update/update-employer-information' successfully

2018-12-12 12:04:21 - [MESSAGE][PASSED] - Navigate to 'https://assist2-uat.perkeso.gov.my/web/registration/update/update-employer-information' successfully

2018-12-12 12:04:21 - [TEST_STEP][PASSED] - setText: Text 'E1102001065V ' is set on object 'Object Repository/Final Object Repo/Page_Update Employer Information/Employer Code'

2018-12-12 12:04:21 - [MESSAGE][PASSED] - Text 'E1102001065V ' is set on object 'Object Repository/Final Object Repo/Page_Update Employer Information/Employer Code'

2018-12-12 12:04:21 - [TEST_STEP][PASSED] - click: Object: 'Object Repository/Final Object Repo/Page_Update Employer Information/Search Button' is clicked on

2018-12-12 12:04:22 - [MESSAGE][PASSED] - Object: 'Object Repository/Final Object Repo/Page_Update Employer Information/Search Button' is clicked on

2018-12-12 12:04:22 - [TEST_STEP][PASSED] - click: Object: 'Object Repository/Final Object Repo/Page_Update Employer Information/Edit Button' is clicked on

2018-12-12 12:04:25 - [MESSAGE][PASSED] - Object: 'Object Repository/Final Object Repo/Page_Update Employer Information/Edit Button' is clicked on

2018-12-12 12:04:25 - [TEST_STEP][PASSED] - click: Object: 'Object Repository/Final Object Repo/Page_Update Employer Information/Business Entity' is clicked on

2018-12-12 12:04:25 - [MESSAGE][PASSED] - Object: 'Object Repository/Final Object Repo/Page_Update Employer Information/Business Entity' is clicked on

2018-12-12 12:04:25 - [TEST_STEP][PASSED] - Statement - CurrentBusinessEntity = "": null

2018-12-12 12:04:25 - [TEST_STEP][PASSED] - Statement - CurrentBusinessEntity = com.kms.katalon.core.webui.keyword.WebUiBuiltInKeywords.getText(com.kms.katalon.core.testobject.ObjectRepository.findTestObject(Final Object Repo/Page_Update Employer Information/Current Business Entity)): Text of object 'Object Repository/Final Object Repo/Page_Update Employer Information/Current Business Entity' is: 'Partnership'

2018-12-12 12:04:25 - [MESSAGE][PASSED] - Text of object 'Object Repository/Final Object Repo/Page_Update Employer Information/Current Business Entity' is: 'Partnership'

2018-12-12 12:04:25 - [TEST_STEP][PASSED] - Statement - out.println(CurrentBusinessEntity): null

2018-12-12 12:04:25 - [TEST_STEP][PASSED] - Statement - If (CurrentBusinessEntity == "Corporation"): null

2018-12-12 12:04:25 - [TEST_STEP][PASSED] - Statement - Else If (CurrentBusinessEntity == "Partnership"): Delayed 3 second(s)

2018-12-12 12:04:25 - [TEST_STEP][PASSED] - Statement - obj = com.kms.katalon.core.webui.keyword.WebUiBuiltInKeywords.modifyObjectProperty(com.kms.katalon.core.testobject.ObjectRepository.findTestObject(Final Object Repo/Page_Update Employer Information/change to this Business Entity), "xpath", "equals", "//ul/li/span[contains(text(),"Sole Proprietor / Individual Business")]", true, STOP_ON_FAILURE): Modify property of object successfully

2018-12-12 12:04:25 - [MESSAGE][PASSED] - Modify property of object successfully

2018-12-12 12:04:25 - [TEST_STEP][PASSED] - click: Object: 'Object Repository/Final Object Repo/Page_Update Employer Information/change to this Business Entity' is clicked on

2018-12-12 12:04:26 - [MESSAGE][PASSED] - Object: 'Object Repository/Final Object Repo/Page_Update Employer Information/change to this Business Entity' is clicked on

2018-12-12 12:04:26 - [TEST_STEP][PASSED] - delay: Delayed 1 second(s)

2018-12-12 12:04:27 - [MESSAGE][PASSED] - Delayed 1 second(s)

2018-12-12 12:04:27 - [TEST_STEP][PASSED] - click: Object: 'Object Repository/Final Object Repo/Page_Update Employer Information/Sub Business Entity' is clicked on

2018-12-12 12:04:27 - [MESSAGE][PASSED] - Object: 'Object Repository/Final Object Repo/Page_Update Employer Information/Sub Business Entity' is clicked on

2018-12-12 12:04:27 - [TEST_STEP][PASSED] - click: Object: 'Object Repository/Final Object Repo/Page_Update Employer Information/Sub Business Entity - Sole Properietor - Registered with other Agencies' is clicked on

2018-12-12 12:04:27 - [MESSAGE][PASSED] - Object: 'Object Repository/Final Object Repo/Page_Update Employer Information/Sub Business Entity - Sole Properietor - Registered with other Agencies' is clicked on

2018-12-12 12:04:27 - [TEST_STEP][PASSED] - delay: Delayed 3 second(s)

2018-12-12 12:04:30 - [MESSAGE][PASSED] - Delayed 3 second(s)

2018-12-12 12:04:30 - [TEST_STEP][PASSED] - delay: Delayed 4 second(s)

2018-12-12 12:04:34 - [MESSAGE][PASSED] - Delayed 4 second(s)

2018-12-12 12:04:34 - [TEST_STEP][PASSED] - click: Object: 'Object Repository/Final Object Repo/Page_Update Employer Information/Save  Continue' is clicked on

2018-12-12 12:04:34 - [MESSAGE][PASSED] - Object: 'Object Repository/Final Object Repo/Page_Update Employer Information/Save  Continue' is clicked on

2018-12-12 12:04:34 - [TEST_STEP][PASSED] - delay: Delayed 4 second(s)

2018-12-12 12:04:38 - [MESSAGE][PASSED] - Delayed 4 second(s)

2018-12-12 12:04:38 - [TEST_STEP][PASSED] - click: Object: 'Object Repository/Final Object Repo/Page_Update Employer Information/Save  Continue (1)' is clicked on

2018-12-12 12:04:38 - [MESSAGE][PASSED] - Object: 'Object Repository/Final Object Repo/Page_Update Employer Information/Save  Continue (1)' is clicked on

2018-12-12 12:04:38 - [TEST_STEP][PASSED] - delay: Delayed 4 second(s)

2018-12-12 12:04:42 - [MESSAGE][PASSED] - Delayed 4 second(s)

2018-12-12 12:04:42 - [TEST_STEP][PASSED] - Statement - CaseReferenceNo = com.kms.katalon.core.webui.keyword.WebUiBuiltInKeywords.getText(com.kms.katalon.core.testobject.ObjectRepository.findTestObject(Final Object Repo/Page_Update Employer Information/Reference Number in Update Employee Information Page)): Text of object 'Object Repository/Final Object Repo/Page_Update Employer Information/Reference Number in Update Employee Information Page' is: 'CUN122018C100006005'

2018-12-12 12:04:42 - [MESSAGE][PASSED] - Text of object 'Object Repository/Final Object Repo/Page_Update Employer Information/Reference Number in Update Employee Information Page' is: 'CUN122018C100006005'

2018-12-12 12:04:42 - [TEST_STEP][PASSED] - callTestCase: Call Test Case 'Test Cases/Final Aug 2018 - PKS Automation/Common/Reference Number Setter' successfully

2018-12-12 12:04:42 - [TEST_CASE][PASSED] - Test Cases/Final Aug 2018 - PKS Automation/Common/Reference Number Setter: Test Cases/Final Aug 2018 - PKS Automation/Common/Reference Number Setter

2018-12-12 12:04:42 - [TEST_STEP][PASSED] - Statement - RefNoOldFile = new java.io.File(C://Users//Admin//Desktop//PKS//Automation Reference Point//KatalonReference.txt): null

2018-12-12 12:04:42 - [TEST_STEP][PASSED] - Statement - RefNoOldFile.delete(): null

2018-12-12 12:04:42 - [TEST_STEP][PASSED] - delay: Delayed 5 second(s)

2018-12-12 12:04:47 - [MESSAGE][PASSED] - Delayed 5 second(s)

2018-12-12 12:04:47 - [TEST_STEP][PASSED] - Statement - RefNo = new java.io.File(C://Users//Admin//Desktop//PKS//Automation Reference Point//KatalonReference.txt): null

2018-12-12 12:04:47 - [TEST_STEP][PASSED] - Statement - f2 = new java.io.FileWriter(RefNo, false): null

2018-12-12 12:04:47 - [TEST_STEP][PASSED] - Statement - f2.write(CaseReferenceNo): null

2018-12-12 12:04:47 - [TEST_STEP][PASSED] - Statement - f2.close(): null

2018-12-12 12:04:47 - [TEST_STEP][PASSED] - Statement - out.println("


" + CaseReferenceNo + "


"): null

2018-12-12 12:04:47 - [MESSAGE][PASSED] - Call Test Case 'Test Cases/Final Aug 2018 - PKS Automation/Common/Reference Number Setter' successfully

2018-12-12 12:04:47 - [TEST_STEP][PASSED] - delay: Delayed 4 second(s)

2018-12-12 12:04:51 - [MESSAGE][PASSED] - Delayed 4 second(s)

2018-12-12 12:04:51 - [TEST_STEP][PASSED] - click: Object: 'Object Repository/Final Object Repo/Page_Update Employer Information/Submit - Copy' is clicked on

2018-12-12 12:04:52 - [MESSAGE][PASSED] - Object: 'Object Repository/Final Object Repo/Page_Update Employer Information/Submit - Copy' is clicked on

2018-12-12 12:04:52 - [TEST_STEP][PASSED] - delay: Delayed 2 second(s)

2018-12-12 12:04:54 - [MESSAGE][PASSED] - Delayed 2 second(s)

2018-12-12 12:04:54 - [TEST_STEP][PASSED] - click: Object: 'Object Repository/Final Object Repo/Page_Update Employer Information/Confirm' is clicked on

2018-12-12 12:04:54 - [MESSAGE][PASSED] - Object: 'Object Repository/Final Object Repo/Page_Update Employer Information/Confirm' is clicked on

2018-12-12 12:04:54 - [TEST_STEP][PASSED] - delay: Delayed 2 second(s)

2018-12-12 12:04:56 - [MESSAGE][PASSED] - Delayed 2 second(s)

2018-12-12 12:04:56 - [TEST_STEP][PASSED] - click: Object: 'Object Repository/Final Object Repo/Page_Update Employer Information/Message Your Request will be route' is clicked on

2018-12-12 12:04:57 - [MESSAGE][PASSED] - Object: 'Object Repository/Final Object Repo/Page_Update Employer Information/Message Your Request will be route' is clicked on

2018-12-12 12:04:57 - [MESSAGE][PASSED] - Call Test Case 'Test Cases/Final Aug 2018 - PKS Automation/Registration Module/Workflow/Update Employer Information/Template/Update Employer Information - Special Case (PAU)' successfully

2018-12-12 12:04:57 - [TEST_STEP][PASSED] - callTestCase: Call Test Case 'Test Cases/Final Aug 2018 - PKS Automation/Registration Module/Workflow/Update Employer Information/Template/Update Employer Information - Special Case - UO (Reject)' successfully

2018-12-12 12:04:57 - [TEST_CASE][PASSED] - Test Cases/Final Aug 2018 - PKS Automation/Registration Module/Workflow/Update Employer Information/Template/Update Employer Information - Special Case - UO (Reject): Test Cases/Final Aug 2018 - PKS Automation/Registration Module/Workflow/Update Employer Information/Template/Update Employer Information - Special Case - UO (Reject)

2018-12-12 12:04:57 - [TEST_STEP][NOT_RUN] - callTestCase: NOT_RUN: callTestCase

2018-12-12 12:04:57 - [MESSAGE][NOT_RUN] - NOT_RUN: callTestCase

2018-12-12 12:04:57 - [TEST_STEP][PASSED] - delay: Delayed 1 second(s)

2018-12-12 12:04:58 - [MESSAGE][PASSED] - Delayed 1 second(s)

2018-12-12 12:04:58 - [TEST_STEP][PASSED] - navigateToUrl: Navigate to 'https://assist2-uat.perkeso.gov.my/c/portal/logout' successfully

2018-12-12 12:04:59 - [MESSAGE][PASSED] - Navigate to 'https://assist2-uat.perkeso.gov.my/c/portal/logout' successfully

2018-12-12 12:04:59 - [TEST_STEP][PASSED] - delay: Delayed 1 second(s)

2018-12-12 12:05:00 - [MESSAGE][PASSED] - Delayed 1 second(s)

2018-12-12 12:05:00 - [TEST_STEP][PASSED] - callTestCase: Call Test Case 'Test Cases/Final Aug 2018 - PKS Automation/Common/Reference Number Getter' successfully

2018-12-12 12:05:00 - [TEST_CASE][PASSED] - Test Cases/Final Aug 2018 - PKS Automation/Common/Reference Number Getter: Test Cases/Final Aug 2018 - PKS Automation/Common/Reference Number Getter

2018-12-12 12:05:00 - [TEST_STEP][PASSED] - Statement - Try: null

2018-12-12 12:05:00 - [TEST_STEP][PASSED] - Statement - RefNo = new java.io.File(C://Users//Admin//Desktop//PKS//Automation Reference Point//KatalonReference.txt): null

2018-12-12 12:05:00 - [TEST_STEP][PASSED] - Statement - bufferread = new java.io.BufferedReader(new java.io.FileReader(RefNo)): null

2018-12-12 12:05:00 - [TEST_STEP][PASSED] - Statement - readedVal = bufferread.readLine(): null

2018-12-12 12:05:00 - [TEST_STEP][PASSED] - Statement - out.println(CaseReferenceNo): null

2018-12-12 12:05:00 - [TEST_STEP][PASSED] - Statement - out.println(readedVal): null

2018-12-12 12:05:00 - [TEST_STEP][PASSED] - Statement - CaseReferenceNo = "": null

2018-12-12 12:05:00 - [TEST_STEP][PASSED] - Statement - CaseReferenceNo = readedVal: null

2018-12-12 12:05:00 - [MESSAGE][PASSED] - Call Test Case 'Test Cases/Final Aug 2018 - PKS Automation/Common/Reference Number Getter' successfully

2018-12-12 12:05:00 - [TEST_STEP][PASSED] - callTestCase: Call Test Case 'Test Cases/Final Aug 2018 - PKS Automation/Common/Workflow Owner Finder' successfully

2018-12-12 12:05:01 - [TEST_CASE][PASSED] - Test Cases/Final Aug 2018 - PKS Automation/Common/Workflow Owner Finder: Test Cases/Final Aug 2018 - PKS Automation/Common/Workflow Owner Finder

2018-12-12 12:05:01 - [TEST_STEP][PASSED] - openBrowser: Browser is opened with url: ''

2018-12-12 12:05:01 - [MESSAGE][WARNING] - A browser is already opened. Closing browser and opening a new one

2018-12-12 12:05:04 - [MESSAGE][PASSED] - Browser is opened with url: ''

2018-12-12 12:05:04 - [TEST_STEP][PASSED] - navigateToUrl: Navigate to 'https://assist2-uat.perkeso.gov.my/login' successfully

2018-12-12 12:05:05 - [MESSAGE][PASSED] - Navigate to 'https://assist2-uat.perkeso.gov.my/login' successfully

2018-12-12 12:05:05 - [TEST_STEP][PASSED] - delay: Delayed 5 second(s)

2018-12-12 12:05:10 - [MESSAGE][PASSED] - Delayed 5 second(s)

2018-12-12 12:05:10 - [TEST_STEP][PASSED] - setText: Text 'test@liferay.com' is set on object 'Object Repository/Final Object Repo/Login Page/Internal User/Email Address'

2018-12-12 12:05:11 - [MESSAGE][PASSED] - Text 'test@liferay.com' is set on object 'Object Repository/Final Object Repo/Login Page/Internal User/Email Address'

2018-12-12 12:05:11 - [TEST_STEP][PASSED] - click: Object: 'Object Repository/Final Object Repo/Login Page/Internal User/Next Button' is clicked on

2018-12-12 12:05:11 - [MESSAGE][PASSED] - Object: 'Object Repository/Final Object Repo/Login Page/Internal User/Next Button' is clicked on

2018-12-12 12:05:11 - [TEST_STEP][PASSED] - delay: Delayed 2 second(s)

2018-12-12 12:05:13 - [MESSAGE][PASSED] - Delayed 2 second(s)

2018-12-12 12:05:13 - [TEST_STEP][PASSED] - setText: Text 'test' is set on object 'Object Repository/Final Object Repo/Login Page/Internal User/Password'

2018-12-12 12:05:13 - [MESSAGE][PASSED] - Text 'test' is set on object 'Object Repository/Final Object Repo/Login Page/Internal User/Password'

2018-12-12 12:05:13 - [TEST_STEP][PASSED] - delay: Delayed 2 second(s)

2018-12-12 12:05:15 - [MESSAGE][PASSED] - Delayed 2 second(s)

2018-12-12 12:05:15 - [TEST_STEP][PASSED] - click: Object: 'Object Repository/Final Object Repo/Login Page/Internal User/Login Button' is clicked on

2018-12-12 12:05:15 - [MESSAGE][PASSED] - Object: 'Object Repository/Final Object Repo/Login Page/Internal User/Login Button' is clicked on

2018-12-12 12:05:15 - [TEST_STEP][PASSED] - Statement - tester = com.kms.katalon.core.testobject.ObjectRepository.findTestObject(Final Object Repo/Landing Page/Select to English): Finding Test Object with id 'Object Repository/Final Object Repo/Landing Page/Select to English'

2018-12-12 12:05:15 - [TEST_STEP][PASSED] - Statement - Try: Delayed 2 second(s)

2018-12-12 12:05:15 - [TEST_STEP][PASSED] - Statement - Checker = com.kms.katalon.core.webui.keyword.WebUiBuiltInKeywords.verifyElementNotPresent(tester, 3): Web element with id: 'Object Repository/Final Object Repo/Landing Page/Select to English' located by 'By.xpath: //a[@class = 'taglib-language-list-text' and @lang = 'en-US' and (contains(text(), 'EN') or contains(., 'EN'))]' is not present after '3' second(s)

2018-12-12 12:05:17 - [MESSAGE][PASSED] - Web element with id: 'Object Repository/Final Object Repo/Landing Page/Select to English' located by 'By.xpath: //a[@class = 'taglib-language-list-text' and @lang = 'en-US' and (contains(text(), 'EN') or contains(., 'EN'))]' is not present after '3' second(s)

2018-12-12 12:05:17 - [TEST_STEP][PASSED] - Statement - If (Checker == false): null

2018-12-12 12:05:17 - [TEST_STEP][PASSED] - delay: Delayed 2 second(s)

2018-12-12 12:05:19 - [MESSAGE][PASSED] - Delayed 2 second(s)

2018-12-12 12:05:19 - [TEST_STEP][PASSED] - delay: Delayed 5 second(s)

2018-12-12 12:05:24 - [MESSAGE][PASSED] - Delayed 5 second(s)

2018-12-12 12:05:24 - [TEST_STEP][PASSED] - mouseOver: Object: 'Object Repository/Final Object Repo/Landing Page/WorkFlow Menu' is hovered

2018-12-12 12:05:24 - [MESSAGE][PASSED] - Object: 'Object Repository/Final Object Repo/Landing Page/WorkFlow Menu' is hovered

2018-12-12 12:05:24 - [TEST_STEP][PASSED] - delay: Delayed 2 second(s)

2018-12-12 12:05:26 - [MESSAGE][PASSED] - Delayed 2 second(s)

2018-12-12 12:05:26 - [TEST_STEP][PASSED] - click: Object: 'Object Repository/Final Object Repo/Landing Page/Select to Workflow Listing' is clicked on

2018-12-12 12:05:27 - [MESSAGE][PASSED] - Object: 'Object Repository/Final Object Repo/Landing Page/Select to Workflow Listing' is clicked on

2018-12-12 12:05:27 - [TEST_STEP][PASSED] - delay: Delayed 2 second(s)

2018-12-12 12:05:29 - [MESSAGE][PASSED] - Delayed 2 second(s)

2018-12-12 12:05:29 - [TEST_STEP][PASSED] - click: Object: 'Object Repository/Final Object Repo/WorkFlow Listing Page/Search Information - To Put Ref No' is clicked on

2018-12-12 12:05:29 - [MESSAGE][PASSED] - Object: 'Object Repository/Final Object Repo/WorkFlow Listing Page/Search Information - To Put Ref No' is clicked on

2018-12-12 12:05:29 - [TEST_STEP][PASSED] - delay: Delayed 2 second(s)

2018-12-12 12:05:31 - [MESSAGE][PASSED] - Delayed 2 second(s)

2018-12-12 12:05:31 - [TEST_STEP][PASSED] - callTestCase: Call Test Case 'Test Cases/Final Aug 2018 - PKS Automation/Common/Reference Number Getter' successfully

2018-12-12 12:05:31 - [TEST_CASE][PASSED] - Test Cases/Final Aug 2018 - PKS Automation/Common/Reference Number Getter: Test Cases/Final Aug 2018 - PKS Automation/Common/Reference Number Getter

2018-12-12 12:05:31 - [TEST_STEP][PASSED] - Statement - Try: null

2018-12-12 12:05:31 - [TEST_STEP][PASSED] - Statement - RefNo = new java.io.File(C://Users//Admin//Desktop//PKS//Automation Reference Point//KatalonReference.txt): null

2018-12-12 12:05:31 - [TEST_STEP][PASSED] - Statement - bufferread = new java.io.BufferedReader(new java.io.FileReader(RefNo)): null

2018-12-12 12:05:31 - [TEST_STEP][PASSED] - Statement - readedVal = bufferread.readLine(): null

2018-12-12 12:05:31 - [TEST_STEP][PASSED] - Statement - out.println(CaseReferenceNo): null

2018-12-12 12:05:31 - [TEST_STEP][PASSED] - Statement - out.println(readedVal): null

2018-12-12 12:05:31 - [TEST_STEP][PASSED] - Statement - CaseReferenceNo = "": null

2018-12-12 12:05:31 - [TEST_STEP][PASSED] - Statement - CaseReferenceNo = readedVal: null

2018-12-12 12:05:32 - [MESSAGE][PASSED] - Call Test Case 'Test Cases/Final Aug 2018 - PKS Automation/Common/Reference Number Getter' successfully

2018-12-12 12:05:32 - [TEST_STEP][PASSED] - setText: Text 'CUN122018C100006005' is set on object 'Object Repository/Final Object Repo/WorkFlow Listing Page/Ref No Set Text'

2018-12-12 12:05:32 - [MESSAGE][PASSED] - Text 'CUN122018C100006005' is set on object 'Object Repository/Final Object Repo/WorkFlow Listing Page/Ref No Set Text'

2018-12-12 12:05:32 - [TEST_STEP][PASSED] - delay: Delayed 2 second(s)

2018-12-12 12:05:34 - [MESSAGE][PASSED] - Delayed 2 second(s)

2018-12-12 12:05:34 - [TEST_STEP][PASSED] - click: Object: 'Object Repository/Final Object Repo/WorkFlow Listing Page/Search Ref No Search Button' is clicked on

2018-12-12 12:05:34 - [MESSAGE][PASSED] - Object: 'Object Repository/Final Object Repo/WorkFlow Listing Page/Search Ref No Search Button' is clicked on

2018-12-12 12:05:34 - [TEST_STEP][PASSED] - delay: Delayed 6 second(s)

2018-12-12 12:05:40 - [MESSAGE][PASSED] - Delayed 6 second(s)

2018-12-12 12:05:40 - [TEST_STEP][PASSED] - click: Object: 'Object Repository/Final Object Repo/WorkFlow Listing Page/Click Continue Tooltip' is clicked on

2018-12-12 12:05:41 - [MESSAGE][PASSED] - Object: 'Object Repository/Final Object Repo/WorkFlow Listing Page/Click Continue Tooltip' is clicked on

2018-12-12 12:05:41 - [TEST_STEP][PASSED] - delay: Delayed 5 second(s)

2018-12-12 12:05:46 - [MESSAGE][PASSED] - Delayed 5 second(s)

2018-12-12 12:05:46 - [TEST_STEP][PASSED] - doubleClick: Object: 'Object Repository/Final Object Repo/WorkFlow Listing Page/Workflow Found - Listing 1' is double clicked on

2018-12-12 12:05:46 - [MESSAGE][PASSED] - Object: 'Object Repository/Final Object Repo/WorkFlow Listing Page/Workflow Found - Listing 1' is double clicked on

2018-12-12 12:05:46 - [TEST_STEP][PASSED] - Statement - println(OwnerID): null

2018-12-12 12:05:46 - [TEST_STEP][PASSED] - Statement - OwnerID = com.kms.katalon.core.webui.keyword.WebUiBuiltInKeywords.getText(com.kms.katalon.core.testobject.ObjectRepository.findTestObject(Final Object Repo/WorkFlow Listing Page/Workflow Found - Listing 1), STOP_ON_FAILURE): Text of object 'Object Repository/Final Object Repo/WorkFlow Listing Page/Workflow Found - Listing 1' is: 'JOHORuo1'

2018-12-12 12:05:46 - [MESSAGE][PASSED] - Text of object 'Object Repository/Final Object Repo/WorkFlow Listing Page/Workflow Found - Listing 1' is: 'JOHORuo1'

2018-12-12 12:05:46 - [TEST_STEP][PASSED] - Statement - OwnerID = OwnerID.toLowerCase() + "@gmail.com": null

2018-12-12 12:05:46 - [TEST_STEP][PASSED] - Statement - println(OwnerID): null

2018-12-12 12:05:46 - [TEST_STEP][PASSED] - delay: Delayed 2 second(s)

2018-12-12 12:05:48 - [MESSAGE][PASSED] - Delayed 2 second(s)

2018-12-12 12:05:48 - [MESSAGE][PASSED] - Call Test Case 'Test Cases/Final Aug 2018 - PKS Automation/Common/Workflow Owner Finder' successfully

2018-12-12 12:05:48 - [TEST_STEP][PASSED] - delay: Delayed 1 second(s)

2018-12-12 12:05:49 - [MESSAGE][PASSED] - Delayed 1 second(s)

2018-12-12 12:05:49 - [TEST_STEP][PASSED] - navigateToUrl: Navigate to 'https://assist2-uat.perkeso.gov.my/c/portal/logout' successfully

2018-12-12 12:05:50 - [MESSAGE][PASSED] - Navigate to 'https://assist2-uat.perkeso.gov.my/c/portal/logout' successfully

2018-12-12 12:05:50 - [TEST_STEP][PASSED] - delay: Delayed 1 second(s)

2018-12-12 12:05:51 - [MESSAGE][PASSED] - Delayed 1 second(s)

2018-12-12 12:05:51 - [TEST_STEP][PASSED] - callTestCase: Call Test Case 'Test Cases/Final Aug 2018 - PKS Automation/Registration Module/Workflow/Login and Search Case For Workflow' successfully

2018-12-12 12:05:51 - [TEST_CASE][PASSED] - Test Cases/Final Aug 2018 - PKS Automation/Registration Module/Workflow/Login and Search Case For Workflow: Test Cases/Final Aug 2018 - PKS Automation/Registration Module/Workflow/Login and Search Case For Workflow

2018-12-12 12:05:51 - [TEST_STEP][PASSED] - navigateToUrl: Navigate to 'https://assist2-uat.perkeso.gov.my/login' successfully

2018-12-12 12:05:52 - [MESSAGE][PASSED] - Navigate to 'https://assist2-uat.perkeso.gov.my/login' successfully

2018-12-12 12:05:52 - [TEST_STEP][PASSED] - setText: Text 'johoruo1@gmail.com' is set on object 'Object Repository/Final Object Repo/Login Page/Internal User/Email Address'

2018-12-12 12:05:52 - [MESSAGE][PASSED] - Text 'johoruo1@gmail.com' is set on object 'Object Repository/Final Object Repo/Login Page/Internal User/Email Address'

2018-12-12 12:05:52 - [TEST_STEP][PASSED] - click: Object: 'Object Repository/Final Object Repo/Login Page/Internal User/Next Button' is clicked on

2018-12-12 12:05:52 - [MESSAGE][PASSED] - Object: 'Object Repository/Final Object Repo/Login Page/Internal User/Next Button' is clicked on

2018-12-12 12:05:52 - [TEST_STEP][PASSED] - delay: Delayed 1 second(s)

2018-12-12 12:05:53 - [MESSAGE][PASSED] - Delayed 1 second(s)

2018-12-12 12:05:53 - [TEST_STEP][PASSED] - setEncryptedText: Text ****** has been set on object 'Object Repository/Final Object Repo/Login Page/Internal User/Password'

2018-12-12 12:05:53 - [MESSAGE][PASSED] - Text ****** has been set on object 'Object Repository/Final Object Repo/Login Page/Internal User/Password'

2018-12-12 12:05:53 - [TEST_STEP][PASSED] - click: Object: 'Object Repository/Final Object Repo/Login Page/Internal User/Login Button' is clicked on

2018-12-12 12:05:54 - [MESSAGE][PASSED] - Object: 'Object Repository/Final Object Repo/Login Page/Internal User/Login Button' is clicked on

2018-12-12 12:05:54 - [TEST_STEP][PASSED] - delay: Delayed 2 second(s)

2018-12-12 12:05:56 - [MESSAGE][PASSED] - Delayed 2 second(s)

2018-12-12 12:05:56 - [TEST_STEP][PASSED] - Statement - Try: Delayed 2 second(s)

2018-12-12 12:05:56 - [TEST_STEP][PASSED] - Statement - Checker = false: null

2018-12-12 12:05:56 - [TEST_STEP][PASSED] - Statement - Checker = com.kms.katalon.core.webui.keyword.WebUiBuiltInKeywords.verifyElementHasAttribute(com.kms.katalon.core.testobject.ObjectRepository.findTestObject(Final Object Repo/Landing Page/BM Detecting), "href", 20, OPTIONAL): Object 'Object Repository/Final Object Repo/Landing Page/BM Detecting' has attribute 'href'

2018-12-12 12:05:56 - [MESSAGE][PASSED] - Object 'Object Repository/Final Object Repo/Landing Page/BM Detecting' has attribute 'href'

2018-12-12 12:05:56 - [TEST_STEP][PASSED] - Statement - out.println(Checker): null

2018-12-12 12:05:56 - [TEST_STEP][PASSED] - Statement - If (Checker == false): null

2018-12-12 12:05:56 - [TEST_STEP][PASSED] - Statement - Else: null

2018-12-12 12:05:56 - [TEST_STEP][PASSED] - delay: Delayed 2 second(s)

2018-12-12 12:05:58 - [MESSAGE][PASSED] - Delayed 2 second(s)

2018-12-12 12:05:58 - [TEST_STEP][PASSED] - click: Object: 'Object Repository/Final Object Repo/Page_MyASSIST - ASSIST - Search Pending Case For Add Supporting Document/Search Information' is clicked on

2018-12-12 12:05:58 - [MESSAGE][PASSED] - Object: 'Object Repository/Final Object Repo/Page_MyASSIST - ASSIST - Search Pending Case For Add Supporting Document/Search Information' is clicked on

2018-12-12 12:05:58 - [TEST_STEP][PASSED] - delay: Delayed 3 second(s)

2018-12-12 12:06:01 - [MESSAGE][PASSED] - Delayed 3 second(s)

2018-12-12 12:06:01 - [TEST_STEP][PASSED] - sendKeys: Keys 'CUN122018C100006005' sent to object: 'Object Repository/Final Object Repo/Page_MyASSIST - ASSIST - Search Pending Case For Add Supporting Document/Reference No'

2018-12-12 12:06:01 - [MESSAGE][PASSED] - Keys 'CUN122018C100006005' sent to object: 'Object Repository/Final Object Repo/Page_MyASSIST - ASSIST - Search Pending Case For Add Supporting Document/Reference No'

2018-12-12 12:06:01 - [TEST_STEP][PASSED] - click: Object: 'Object Repository/Final Object Repo/Page_MyASSIST - ASSIST - Search Pending Case For Add Supporting Document/Search Reference No' is clicked on

2018-12-12 12:06:01 - [MESSAGE][PASSED] - Object: 'Object Repository/Final Object Repo/Page_MyASSIST - ASSIST - Search Pending Case For Add Supporting Document/Search Reference No' is clicked on

2018-12-12 12:06:01 - [TEST_STEP][PASSED] - delay: Delayed 2 second(s)

2018-12-12 12:06:03 - [MESSAGE][PASSED] - Delayed 2 second(s)

2018-12-12 12:06:03 - [TEST_STEP][PASSED] - click: Object: 'Object Repository/Final Object Repo/Page_MyASSIST - ASSIST - Search Pending Case For Add Supporting Document/Continue' is clicked on

2018-12-12 12:06:07 - [MESSAGE][PASSED] - Object: 'Object Repository/Final Object Repo/Page_MyASSIST - ASSIST - Search Pending Case For Add Supporting Document/Continue' is clicked on

2018-12-12 12:06:07 - [TEST_STEP][PASSED] - delay: Delayed 20 second(s)

2018-12-12 12:06:27 - [MESSAGE][PASSED] - Delayed 20 second(s)

2018-12-12 12:06:27 - [MESSAGE][PASSED] - Call Test Case 'Test Cases/Final Aug 2018 - PKS Automation/Registration Module/Workflow/Login and Search Case For Workflow' successfully

2018-12-12 12:06:27 - [TEST_STEP][PASSED] - delay: Delayed 2 second(s)

2018-12-12 12:06:29 - [MESSAGE][PASSED] - Delayed 2 second(s)

2018-12-12 12:06:29 - [TEST_STEP][PASSED] - click: Object: 'Object Repository/Final Object Repo/Page_Update Employer Information/Page_Update Employer Information UO (Approve)/Continue' is clicked on

2018-12-12 12:06:33 - [MESSAGE][PASSED] - Object: 'Object Repository/Final Object Repo/Page_Update Employer Information/Page_Update Employer Information UO (Approve)/Continue' is clicked on

2018-12-12 12:06:33 - [TEST_STEP][PASSED] - delay: Delayed 2 second(s)

2018-12-12 12:06:35 - [MESSAGE][PASSED] - Delayed 2 second(s)

2018-12-12 12:06:35 - [TEST_STEP][PASSED] - click: Object: 'Object Repository/Final Object Repo/Page_Update Employer Information/Page_Update Employer Information UO (Approve)/Save  Continue in Update Employer Information Page' is clicked on

2018-12-12 12:06:35 - [MESSAGE][PASSED] - Object: 'Object Repository/Final Object Repo/Page_Update Employer Information/Page_Update Employer Information UO (Approve)/Save  Continue in Update Employer Information Page' is clicked on

2018-12-12 12:06:35 - [TEST_STEP][PASSED] - delay: Delayed 2 second(s)

2018-12-12 12:06:37 - [MESSAGE][PASSED] - Delayed 2 second(s)

2018-12-12 12:06:37 - [TEST_STEP][PASSED] - click: Object: 'Object Repository/Final Object Repo/Page_Update Employer Information/Page_Update Employer Information UO (Approve)/Save  Continue in Uploading Supporting Document Page' is clicked on

2018-12-12 12:06:40 - [MESSAGE][PASSED] - Object: 'Object Repository/Final Object Repo/Page_Update Employer Information/Page_Update Employer Information UO (Approve)/Save  Continue in Uploading Supporting Document Page' is clicked on

2018-12-12 12:06:40 - [TEST_STEP][PASSED] - delay: Delayed 2 second(s)

2018-12-12 12:06:42 - [MESSAGE][PASSED] - Delayed 2 second(s)

2018-12-12 12:06:42 - [TEST_STEP][PASSED] - click: Object: 'Object Repository/Final Object Repo/Page_Update Employer Information/Page_Update Employer Information UO (Reject)/Reject' is clicked on

2018-12-12 12:06:43 - [MESSAGE][PASSED] - Object: 'Object Repository/Final Object Repo/Page_Update Employer Information/Page_Update Employer Information UO (Reject)/Reject' is clicked on

2018-12-12 12:06:43 - [TEST_STEP][PASSED] - delay: Delayed 2 second(s)

2018-12-12 12:06:45 - [MESSAGE][PASSED] - Delayed 2 second(s)

2018-12-12 12:06:45 - [TEST_STEP][PASSED] - click: Object: 'Object Repository/Final Object Repo/Page_Update Employer Information/Page_Update Employer Information UO (Reject)/Confirm' is clicked on

2018-12-12 12:06:45 - [MESSAGE][PASSED] - Object: 'Object Repository/Final Object Repo/Page_Update Employer Information/Page_Update Employer Information UO (Reject)/Confirm' is clicked on

2018-12-12 12:06:45 - [TEST_STEP][PASSED] - delay: Delayed 2 second(s)

2018-12-12 12:06:47 - [MESSAGE][PASSED] - Delayed 2 second(s)

2018-12-12 12:06:47 - [TEST_STEP][PASSED] - click: Object: 'Object Repository/Final Object Repo/Page_Update Employer Information/Page_Update Employer Information UO (Reject)/Message This Case has been Rejected' is clicked on

2018-12-12 12:06:49 - [MESSAGE][PASSED] - Object: 'Object Repository/Final Object Repo/Page_Update Employer Information/Page_Update Employer Information UO (Reject)/Message This Case has been Rejected' is clicked on

2018-12-12 12:06:49 - [MESSAGE][PASSED] - Call Test Case 'Test Cases/Final Aug 2018 - PKS Automation/Registration Module/Workflow/Update Employer Information/Template/Update Employer Information - Special Case - UO (Reject)' successfully]]></system-out>
         <system-err><![CDATA[]]></system-err>
      </testcase>
      <testcase name="Test Cases/Final Aug 2018 - PKS Automation/Registration Module/Workflow/Update Employer Information/PAU - UO (Under enforcement)" classname="Test Cases/Final Aug 2018 - PKS Automation/Registration Module/Workflow/Update Employer Information/PAU - UO (Under enforcement)" status="PASSED">
         <system-out><![CDATA[2018-12-12 12:06:49 - [TEST_CASE][PASSED] - Test Cases/Final Aug 2018 - PKS Automation/Registration Module/Workflow/Update Employer Information/PAU - UO (Under enforcement): Test Cases/Final Aug 2018 - PKS Automation/Registration Module/Workflow/Update Employer Information/PAU - UO (Under enforcement)

2018-12-12 12:06:50 - [TEST_STEP][PASSED] - callTestCase: Call Test Case 'Test Cases/Final Aug 2018 - PKS Automation/Registration Module/Workflow/Update Employer Information/Template/Update Employer Information - Special Case (PAU)' successfully

2018-12-12 12:06:50 - [TEST_CASE][PASSED] - Test Cases/Final Aug 2018 - PKS Automation/Registration Module/Workflow/Update Employer Information/Template/Update Employer Information - Special Case (PAU): Test Cases/Final Aug 2018 - PKS Automation/Registration Module/Workflow/Update Employer Information/Template/Update Employer Information - Special Case (PAU)

2018-12-12 12:06:50 - [TEST_STEP][PASSED] - openBrowser: Browser is opened with url: ''

2018-12-12 12:06:50 - [MESSAGE][WARNING] - A browser is already opened. Closing browser and opening a new one

2018-12-12 12:06:53 - [MESSAGE][PASSED] - Browser is opened with url: ''

2018-12-12 12:06:53 - [TEST_STEP][PASSED] - navigateToUrl: Navigate to 'https://assist2-uat.perkeso.gov.my/login' successfully

2018-12-12 12:06:54 - [MESSAGE][PASSED] - Navigate to 'https://assist2-uat.perkeso.gov.my/login' successfully

2018-12-12 12:06:54 - [TEST_STEP][PASSED] - setText: Text 'johorpau1@gmail.com' is set on object 'Object Repository/Final Object Repo/Login Page/Internal User/Email Address'

2018-12-12 12:06:55 - [MESSAGE][PASSED] - Text 'johorpau1@gmail.com' is set on object 'Object Repository/Final Object Repo/Login Page/Internal User/Email Address'

2018-12-12 12:06:55 - [TEST_STEP][PASSED] - click: Object: 'Object Repository/Final Object Repo/Login Page/Internal User/Next Button' is clicked on

2018-12-12 12:06:55 - [MESSAGE][PASSED] - Object: 'Object Repository/Final Object Repo/Login Page/Internal User/Next Button' is clicked on

2018-12-12 12:06:55 - [TEST_STEP][PASSED] - delay: Delayed 1 second(s)

2018-12-12 12:06:56 - [MESSAGE][PASSED] - Delayed 1 second(s)

2018-12-12 12:06:56 - [TEST_STEP][PASSED] - setEncryptedText: Text ****** has been set on object 'Object Repository/Final Object Repo/Login Page/Internal User/Password'

2018-12-12 12:06:56 - [MESSAGE][PASSED] - Text ****** has been set on object 'Object Repository/Final Object Repo/Login Page/Internal User/Password'

2018-12-12 12:06:56 - [TEST_STEP][PASSED] - click: Object: 'Object Repository/Final Object Repo/Login Page/Internal User/Login Button' is clicked on

2018-12-12 12:06:56 - [MESSAGE][PASSED] - Object: 'Object Repository/Final Object Repo/Login Page/Internal User/Login Button' is clicked on

2018-12-12 12:06:56 - [TEST_STEP][PASSED] - Statement - tester = com.kms.katalon.core.testobject.ObjectRepository.findTestObject(Final Object Repo/Landing Page/Select to English): Finding Test Object with id 'Object Repository/Final Object Repo/Landing Page/Select to English'

2018-12-12 12:06:56 - [TEST_STEP][PASSED] - Statement - Try: Delayed 2 second(s)

2018-12-12 12:06:56 - [TEST_STEP][PASSED] - Statement - Checker = com.kms.katalon.core.webui.keyword.WebUiBuiltInKeywords.verifyElementNotPresent(tester, 3): Web element with id: 'Object Repository/Final Object Repo/Landing Page/Select to English' located by 'By.xpath: //a[@class = 'taglib-language-list-text' and @lang = 'en-US' and (contains(text(), 'EN') or contains(., 'EN'))]' is not present after '3' second(s)

2018-12-12 12:06:58 - [MESSAGE][PASSED] - Web element with id: 'Object Repository/Final Object Repo/Landing Page/Select to English' located by 'By.xpath: //a[@class = 'taglib-language-list-text' and @lang = 'en-US' and (contains(text(), 'EN') or contains(., 'EN'))]' is not present after '3' second(s)

2018-12-12 12:06:58 - [TEST_STEP][PASSED] - Statement - If (Checker == false): null

2018-12-12 12:06:58 - [TEST_STEP][PASSED] - delay: Delayed 2 second(s)

2018-12-12 12:07:00 - [MESSAGE][PASSED] - Delayed 2 second(s)

2018-12-12 12:07:00 - [TEST_STEP][PASSED] - delay: Delayed 5 second(s)

2018-12-12 12:07:05 - [MESSAGE][PASSED] - Delayed 5 second(s)

2018-12-12 12:07:05 - [TEST_STEP][PASSED] - navigateToUrl: Navigate to 'https://assist2-uat.perkeso.gov.my/web/registration/update/update-employer-information' successfully

2018-12-12 12:07:06 - [MESSAGE][PASSED] - Navigate to 'https://assist2-uat.perkeso.gov.my/web/registration/update/update-employer-information' successfully

2018-12-12 12:07:06 - [TEST_STEP][PASSED] - setText: Text 'E1102001065V ' is set on object 'Object Repository/Final Object Repo/Page_Update Employer Information/Employer Code'

2018-12-12 12:07:06 - [MESSAGE][PASSED] - Text 'E1102001065V ' is set on object 'Object Repository/Final Object Repo/Page_Update Employer Information/Employer Code'

2018-12-12 12:07:06 - [TEST_STEP][PASSED] - click: Object: 'Object Repository/Final Object Repo/Page_Update Employer Information/Search Button' is clicked on

2018-12-12 12:07:07 - [MESSAGE][PASSED] - Object: 'Object Repository/Final Object Repo/Page_Update Employer Information/Search Button' is clicked on

2018-12-12 12:07:07 - [TEST_STEP][PASSED] - click: Object: 'Object Repository/Final Object Repo/Page_Update Employer Information/Edit Button' is clicked on

2018-12-12 12:07:10 - [MESSAGE][PASSED] - Object: 'Object Repository/Final Object Repo/Page_Update Employer Information/Edit Button' is clicked on

2018-12-12 12:07:10 - [TEST_STEP][PASSED] - click: Object: 'Object Repository/Final Object Repo/Page_Update Employer Information/Business Entity' is clicked on

2018-12-12 12:07:10 - [MESSAGE][PASSED] - Object: 'Object Repository/Final Object Repo/Page_Update Employer Information/Business Entity' is clicked on

2018-12-12 12:07:10 - [TEST_STEP][PASSED] - Statement - CurrentBusinessEntity = "": null

2018-12-12 12:07:10 - [TEST_STEP][PASSED] - Statement - CurrentBusinessEntity = com.kms.katalon.core.webui.keyword.WebUiBuiltInKeywords.getText(com.kms.katalon.core.testobject.ObjectRepository.findTestObject(Final Object Repo/Page_Update Employer Information/Current Business Entity)): Text of object 'Object Repository/Final Object Repo/Page_Update Employer Information/Current Business Entity' is: 'Partnership'

2018-12-12 12:07:10 - [MESSAGE][PASSED] - Text of object 'Object Repository/Final Object Repo/Page_Update Employer Information/Current Business Entity' is: 'Partnership'

2018-12-12 12:07:10 - [TEST_STEP][PASSED] - Statement - out.println(CurrentBusinessEntity): null

2018-12-12 12:07:10 - [TEST_STEP][PASSED] - Statement - If (CurrentBusinessEntity == "Corporation"): null

2018-12-12 12:07:10 - [TEST_STEP][PASSED] - Statement - Else If (CurrentBusinessEntity == "Partnership"): Delayed 3 second(s)

2018-12-12 12:07:10 - [TEST_STEP][PASSED] - Statement - obj = com.kms.katalon.core.webui.keyword.WebUiBuiltInKeywords.modifyObjectProperty(com.kms.katalon.core.testobject.ObjectRepository.findTestObject(Final Object Repo/Page_Update Employer Information/change to this Business Entity), "xpath", "equals", "//ul/li/span[contains(text(),"Sole Proprietor / Individual Business")]", true, STOP_ON_FAILURE): Modify property of object successfully

2018-12-12 12:07:10 - [MESSAGE][PASSED] - Modify property of object successfully

2018-12-12 12:07:10 - [TEST_STEP][PASSED] - click: Object: 'Object Repository/Final Object Repo/Page_Update Employer Information/change to this Business Entity' is clicked on

2018-12-12 12:07:10 - [MESSAGE][PASSED] - Object: 'Object Repository/Final Object Repo/Page_Update Employer Information/change to this Business Entity' is clicked on

2018-12-12 12:07:10 - [TEST_STEP][PASSED] - delay: Delayed 1 second(s)

2018-12-12 12:07:11 - [MESSAGE][PASSED] - Delayed 1 second(s)

2018-12-12 12:07:11 - [TEST_STEP][PASSED] - click: Object: 'Object Repository/Final Object Repo/Page_Update Employer Information/Sub Business Entity' is clicked on

2018-12-12 12:07:12 - [MESSAGE][PASSED] - Object: 'Object Repository/Final Object Repo/Page_Update Employer Information/Sub Business Entity' is clicked on

2018-12-12 12:07:12 - [TEST_STEP][PASSED] - click: Object: 'Object Repository/Final Object Repo/Page_Update Employer Information/Sub Business Entity - Sole Properietor - Registered with other Agencies' is clicked on

2018-12-12 12:07:12 - [MESSAGE][PASSED] - Object: 'Object Repository/Final Object Repo/Page_Update Employer Information/Sub Business Entity - Sole Properietor - Registered with other Agencies' is clicked on

2018-12-12 12:07:12 - [TEST_STEP][PASSED] - delay: Delayed 3 second(s)

2018-12-12 12:07:15 - [MESSAGE][PASSED] - Delayed 3 second(s)

2018-12-12 12:07:15 - [TEST_STEP][PASSED] - delay: Delayed 4 second(s)

2018-12-12 12:07:19 - [MESSAGE][PASSED] - Delayed 4 second(s)

2018-12-12 12:07:19 - [TEST_STEP][PASSED] - click: Object: 'Object Repository/Final Object Repo/Page_Update Employer Information/Save  Continue' is clicked on

2018-12-12 12:07:19 - [MESSAGE][PASSED] - Object: 'Object Repository/Final Object Repo/Page_Update Employer Information/Save  Continue' is clicked on

2018-12-12 12:07:19 - [TEST_STEP][PASSED] - delay: Delayed 4 second(s)

2018-12-12 12:07:23 - [MESSAGE][PASSED] - Delayed 4 second(s)

2018-12-12 12:07:23 - [TEST_STEP][PASSED] - click: Object: 'Object Repository/Final Object Repo/Page_Update Employer Information/Save  Continue (1)' is clicked on

2018-12-12 12:07:23 - [MESSAGE][PASSED] - Object: 'Object Repository/Final Object Repo/Page_Update Employer Information/Save  Continue (1)' is clicked on

2018-12-12 12:07:23 - [TEST_STEP][PASSED] - delay: Delayed 4 second(s)

2018-12-12 12:07:27 - [MESSAGE][PASSED] - Delayed 4 second(s)

2018-12-12 12:07:27 - [TEST_STEP][PASSED] - Statement - CaseReferenceNo = com.kms.katalon.core.webui.keyword.WebUiBuiltInKeywords.getText(com.kms.katalon.core.testobject.ObjectRepository.findTestObject(Final Object Repo/Page_Update Employer Information/Reference Number in Update Employee Information Page)): Text of object 'Object Repository/Final Object Repo/Page_Update Employer Information/Reference Number in Update Employee Information Page' is: 'CUN122018C100006006'

2018-12-12 12:07:27 - [MESSAGE][PASSED] - Text of object 'Object Repository/Final Object Repo/Page_Update Employer Information/Reference Number in Update Employee Information Page' is: 'CUN122018C100006006'

2018-12-12 12:07:27 - [TEST_STEP][PASSED] - callTestCase: Call Test Case 'Test Cases/Final Aug 2018 - PKS Automation/Common/Reference Number Setter' successfully

2018-12-12 12:07:27 - [TEST_CASE][PASSED] - Test Cases/Final Aug 2018 - PKS Automation/Common/Reference Number Setter: Test Cases/Final Aug 2018 - PKS Automation/Common/Reference Number Setter

2018-12-12 12:07:27 - [TEST_STEP][PASSED] - Statement - RefNoOldFile = new java.io.File(C://Users//Admin//Desktop//PKS//Automation Reference Point//KatalonReference.txt): null

2018-12-12 12:07:27 - [TEST_STEP][PASSED] - Statement - RefNoOldFile.delete(): null

2018-12-12 12:07:27 - [TEST_STEP][PASSED] - delay: Delayed 5 second(s)

2018-12-12 12:07:32 - [MESSAGE][PASSED] - Delayed 5 second(s)

2018-12-12 12:07:32 - [TEST_STEP][PASSED] - Statement - RefNo = new java.io.File(C://Users//Admin//Desktop//PKS//Automation Reference Point//KatalonReference.txt): null

2018-12-12 12:07:32 - [TEST_STEP][PASSED] - Statement - f2 = new java.io.FileWriter(RefNo, false): null

2018-12-12 12:07:32 - [TEST_STEP][PASSED] - Statement - f2.write(CaseReferenceNo): null

2018-12-12 12:07:32 - [TEST_STEP][PASSED] - Statement - f2.close(): null

2018-12-12 12:07:32 - [TEST_STEP][PASSED] - Statement - out.println("


" + CaseReferenceNo + "


"): null

2018-12-12 12:07:32 - [MESSAGE][PASSED] - Call Test Case 'Test Cases/Final Aug 2018 - PKS Automation/Common/Reference Number Setter' successfully

2018-12-12 12:07:32 - [TEST_STEP][PASSED] - delay: Delayed 4 second(s)

2018-12-12 12:07:36 - [MESSAGE][PASSED] - Delayed 4 second(s)

2018-12-12 12:07:36 - [TEST_STEP][PASSED] - click: Object: 'Object Repository/Final Object Repo/Page_Update Employer Information/Submit - Copy' is clicked on

2018-12-12 12:07:36 - [MESSAGE][PASSED] - Object: 'Object Repository/Final Object Repo/Page_Update Employer Information/Submit - Copy' is clicked on

2018-12-12 12:07:36 - [TEST_STEP][PASSED] - delay: Delayed 2 second(s)

2018-12-12 12:07:38 - [MESSAGE][PASSED] - Delayed 2 second(s)

2018-12-12 12:07:38 - [TEST_STEP][PASSED] - click: Object: 'Object Repository/Final Object Repo/Page_Update Employer Information/Confirm' is clicked on

2018-12-12 12:07:39 - [MESSAGE][PASSED] - Object: 'Object Repository/Final Object Repo/Page_Update Employer Information/Confirm' is clicked on

2018-12-12 12:07:39 - [TEST_STEP][PASSED] - delay: Delayed 2 second(s)

2018-12-12 12:07:41 - [MESSAGE][PASSED] - Delayed 2 second(s)

2018-12-12 12:07:41 - [TEST_STEP][PASSED] - click: Object: 'Object Repository/Final Object Repo/Page_Update Employer Information/Message Your Request will be route' is clicked on

2018-12-12 12:07:42 - [MESSAGE][PASSED] - Object: 'Object Repository/Final Object Repo/Page_Update Employer Information/Message Your Request will be route' is clicked on

2018-12-12 12:07:42 - [MESSAGE][PASSED] - Call Test Case 'Test Cases/Final Aug 2018 - PKS Automation/Registration Module/Workflow/Update Employer Information/Template/Update Employer Information - Special Case (PAU)' successfully

2018-12-12 12:07:42 - [TEST_STEP][PASSED] - callTestCase: Call Test Case 'Test Cases/Final Aug 2018 - PKS Automation/Registration Module/Workflow/Update Employer Information/Template/Update Employer Information - Special Case - UO (Under enforcement)' successfully

2018-12-12 12:07:42 - [TEST_CASE][PASSED] - Test Cases/Final Aug 2018 - PKS Automation/Registration Module/Workflow/Update Employer Information/Template/Update Employer Information - Special Case - UO (Under enforcement): Test Cases/Final Aug 2018 - PKS Automation/Registration Module/Workflow/Update Employer Information/Template/Update Employer Information - Special Case - UO (Under enforcement)

2018-12-12 12:07:42 - [TEST_STEP][NOT_RUN] - callTestCase: NOT_RUN: callTestCase

2018-12-12 12:07:42 - [MESSAGE][NOT_RUN] - NOT_RUN: callTestCase

2018-12-12 12:07:42 - [TEST_STEP][PASSED] - delay: Delayed 1 second(s)

2018-12-12 12:07:43 - [MESSAGE][PASSED] - Delayed 1 second(s)

2018-12-12 12:07:43 - [TEST_STEP][PASSED] - navigateToUrl: Navigate to 'https://assist2-uat.perkeso.gov.my/c/portal/logout' successfully

2018-12-12 12:07:44 - [MESSAGE][PASSED] - Navigate to 'https://assist2-uat.perkeso.gov.my/c/portal/logout' successfully

2018-12-12 12:07:44 - [TEST_STEP][PASSED] - delay: Delayed 1 second(s)

2018-12-12 12:07:45 - [MESSAGE][PASSED] - Delayed 1 second(s)

2018-12-12 12:07:45 - [TEST_STEP][PASSED] - callTestCase: Call Test Case 'Test Cases/Final Aug 2018 - PKS Automation/Common/Reference Number Getter' successfully

2018-12-12 12:07:45 - [TEST_CASE][PASSED] - Test Cases/Final Aug 2018 - PKS Automation/Common/Reference Number Getter: Test Cases/Final Aug 2018 - PKS Automation/Common/Reference Number Getter

2018-12-12 12:07:45 - [TEST_STEP][PASSED] - Statement - Try: null

2018-12-12 12:07:45 - [TEST_STEP][PASSED] - Statement - RefNo = new java.io.File(C://Users//Admin//Desktop//PKS//Automation Reference Point//KatalonReference.txt): null

2018-12-12 12:07:45 - [TEST_STEP][PASSED] - Statement - bufferread = new java.io.BufferedReader(new java.io.FileReader(RefNo)): null

2018-12-12 12:07:45 - [TEST_STEP][PASSED] - Statement - readedVal = bufferread.readLine(): null

2018-12-12 12:07:45 - [TEST_STEP][PASSED] - Statement - out.println(CaseReferenceNo): null

2018-12-12 12:07:45 - [TEST_STEP][PASSED] - Statement - out.println(readedVal): null

2018-12-12 12:07:45 - [TEST_STEP][PASSED] - Statement - CaseReferenceNo = "": null

2018-12-12 12:07:45 - [TEST_STEP][PASSED] - Statement - CaseReferenceNo = readedVal: null

2018-12-12 12:07:45 - [MESSAGE][PASSED] - Call Test Case 'Test Cases/Final Aug 2018 - PKS Automation/Common/Reference Number Getter' successfully

2018-12-12 12:07:45 - [TEST_STEP][PASSED] - callTestCase: Call Test Case 'Test Cases/Final Aug 2018 - PKS Automation/Common/Workflow Owner Finder' successfully

2018-12-12 12:07:45 - [TEST_CASE][PASSED] - Test Cases/Final Aug 2018 - PKS Automation/Common/Workflow Owner Finder: Test Cases/Final Aug 2018 - PKS Automation/Common/Workflow Owner Finder

2018-12-12 12:07:45 - [TEST_STEP][PASSED] - openBrowser: Browser is opened with url: ''

2018-12-12 12:07:45 - [MESSAGE][WARNING] - A browser is already opened. Closing browser and opening a new one

2018-12-12 12:07:49 - [MESSAGE][PASSED] - Browser is opened with url: ''

2018-12-12 12:07:49 - [TEST_STEP][PASSED] - navigateToUrl: Navigate to 'https://assist2-uat.perkeso.gov.my/login' successfully

2018-12-12 12:07:50 - [MESSAGE][PASSED] - Navigate to 'https://assist2-uat.perkeso.gov.my/login' successfully

2018-12-12 12:07:50 - [TEST_STEP][PASSED] - delay: Delayed 5 second(s)

2018-12-12 12:07:55 - [MESSAGE][PASSED] - Delayed 5 second(s)

2018-12-12 12:07:55 - [TEST_STEP][PASSED] - setText: Text 'test@liferay.com' is set on object 'Object Repository/Final Object Repo/Login Page/Internal User/Email Address'

2018-12-12 12:07:55 - [MESSAGE][PASSED] - Text 'test@liferay.com' is set on object 'Object Repository/Final Object Repo/Login Page/Internal User/Email Address'

2018-12-12 12:07:55 - [TEST_STEP][PASSED] - click: Object: 'Object Repository/Final Object Repo/Login Page/Internal User/Next Button' is clicked on

2018-12-12 12:07:56 - [MESSAGE][PASSED] - Object: 'Object Repository/Final Object Repo/Login Page/Internal User/Next Button' is clicked on

2018-12-12 12:07:56 - [TEST_STEP][PASSED] - delay: Delayed 2 second(s)

2018-12-12 12:07:58 - [MESSAGE][PASSED] - Delayed 2 second(s)

2018-12-12 12:07:58 - [TEST_STEP][PASSED] - setText: Text 'test' is set on object 'Object Repository/Final Object Repo/Login Page/Internal User/Password'

2018-12-12 12:07:58 - [MESSAGE][PASSED] - Text 'test' is set on object 'Object Repository/Final Object Repo/Login Page/Internal User/Password'

2018-12-12 12:07:58 - [TEST_STEP][PASSED] - delay: Delayed 2 second(s)

2018-12-12 12:08:00 - [MESSAGE][PASSED] - Delayed 2 second(s)

2018-12-12 12:08:00 - [TEST_STEP][PASSED] - click: Object: 'Object Repository/Final Object Repo/Login Page/Internal User/Login Button' is clicked on

2018-12-12 12:08:00 - [MESSAGE][PASSED] - Object: 'Object Repository/Final Object Repo/Login Page/Internal User/Login Button' is clicked on

2018-12-12 12:08:00 - [TEST_STEP][PASSED] - Statement - tester = com.kms.katalon.core.testobject.ObjectRepository.findTestObject(Final Object Repo/Landing Page/Select to English): Finding Test Object with id 'Object Repository/Final Object Repo/Landing Page/Select to English'

2018-12-12 12:08:00 - [TEST_STEP][PASSED] - Statement - Try: Delayed 2 second(s)

2018-12-12 12:08:00 - [TEST_STEP][PASSED] - Statement - Checker = com.kms.katalon.core.webui.keyword.WebUiBuiltInKeywords.verifyElementNotPresent(tester, 3): Web element with id: 'Object Repository/Final Object Repo/Landing Page/Select to English' located by 'By.xpath: //a[@class = 'taglib-language-list-text' and @lang = 'en-US' and (contains(text(), 'EN') or contains(., 'EN'))]' is not present after '3' second(s)

2018-12-12 12:08:02 - [MESSAGE][PASSED] - Web element with id: 'Object Repository/Final Object Repo/Landing Page/Select to English' located by 'By.xpath: //a[@class = 'taglib-language-list-text' and @lang = 'en-US' and (contains(text(), 'EN') or contains(., 'EN'))]' is not present after '3' second(s)

2018-12-12 12:08:02 - [TEST_STEP][PASSED] - Statement - If (Checker == false): null

2018-12-12 12:08:02 - [TEST_STEP][PASSED] - delay: Delayed 2 second(s)

2018-12-12 12:08:04 - [MESSAGE][PASSED] - Delayed 2 second(s)

2018-12-12 12:08:04 - [TEST_STEP][PASSED] - delay: Delayed 5 second(s)

2018-12-12 12:08:09 - [MESSAGE][PASSED] - Delayed 5 second(s)

2018-12-12 12:08:09 - [TEST_STEP][PASSED] - mouseOver: Object: 'Object Repository/Final Object Repo/Landing Page/WorkFlow Menu' is hovered

2018-12-12 12:08:09 - [MESSAGE][PASSED] - Object: 'Object Repository/Final Object Repo/Landing Page/WorkFlow Menu' is hovered

2018-12-12 12:08:09 - [TEST_STEP][PASSED] - delay: Delayed 2 second(s)

2018-12-12 12:08:11 - [MESSAGE][PASSED] - Delayed 2 second(s)

2018-12-12 12:08:11 - [TEST_STEP][PASSED] - click: Object: 'Object Repository/Final Object Repo/Landing Page/Select to Workflow Listing' is clicked on

2018-12-12 12:08:12 - [MESSAGE][PASSED] - Object: 'Object Repository/Final Object Repo/Landing Page/Select to Workflow Listing' is clicked on

2018-12-12 12:08:12 - [TEST_STEP][PASSED] - delay: Delayed 2 second(s)

2018-12-12 12:08:14 - [MESSAGE][PASSED] - Delayed 2 second(s)

2018-12-12 12:08:14 - [TEST_STEP][PASSED] - click: Object: 'Object Repository/Final Object Repo/WorkFlow Listing Page/Search Information - To Put Ref No' is clicked on

2018-12-12 12:08:14 - [MESSAGE][PASSED] - Object: 'Object Repository/Final Object Repo/WorkFlow Listing Page/Search Information - To Put Ref No' is clicked on

2018-12-12 12:08:14 - [TEST_STEP][PASSED] - delay: Delayed 2 second(s)

2018-12-12 12:08:16 - [MESSAGE][PASSED] - Delayed 2 second(s)

2018-12-12 12:08:16 - [TEST_STEP][PASSED] - callTestCase: Call Test Case 'Test Cases/Final Aug 2018 - PKS Automation/Common/Reference Number Getter' successfully

2018-12-12 12:08:16 - [TEST_CASE][PASSED] - Test Cases/Final Aug 2018 - PKS Automation/Common/Reference Number Getter: Test Cases/Final Aug 2018 - PKS Automation/Common/Reference Number Getter

2018-12-12 12:08:16 - [TEST_STEP][PASSED] - Statement - Try: null

2018-12-12 12:08:16 - [TEST_STEP][PASSED] - Statement - RefNo = new java.io.File(C://Users//Admin//Desktop//PKS//Automation Reference Point//KatalonReference.txt): null

2018-12-12 12:08:16 - [TEST_STEP][PASSED] - Statement - bufferread = new java.io.BufferedReader(new java.io.FileReader(RefNo)): null

2018-12-12 12:08:16 - [TEST_STEP][PASSED] - Statement - readedVal = bufferread.readLine(): null

2018-12-12 12:08:16 - [TEST_STEP][PASSED] - Statement - out.println(CaseReferenceNo): null

2018-12-12 12:08:16 - [TEST_STEP][PASSED] - Statement - out.println(readedVal): null

2018-12-12 12:08:16 - [TEST_STEP][PASSED] - Statement - CaseReferenceNo = "": null

2018-12-12 12:08:16 - [TEST_STEP][PASSED] - Statement - CaseReferenceNo = readedVal: null

2018-12-12 12:08:16 - [MESSAGE][PASSED] - Call Test Case 'Test Cases/Final Aug 2018 - PKS Automation/Common/Reference Number Getter' successfully

2018-12-12 12:08:16 - [TEST_STEP][PASSED] - setText: Text 'CUN122018C100006006' is set on object 'Object Repository/Final Object Repo/WorkFlow Listing Page/Ref No Set Text'

2018-12-12 12:08:17 - [MESSAGE][PASSED] - Text 'CUN122018C100006006' is set on object 'Object Repository/Final Object Repo/WorkFlow Listing Page/Ref No Set Text'

2018-12-12 12:08:17 - [TEST_STEP][PASSED] - delay: Delayed 2 second(s)

2018-12-12 12:08:19 - [MESSAGE][PASSED] - Delayed 2 second(s)

2018-12-12 12:08:19 - [TEST_STEP][PASSED] - click: Object: 'Object Repository/Final Object Repo/WorkFlow Listing Page/Search Ref No Search Button' is clicked on

2018-12-12 12:08:19 - [MESSAGE][PASSED] - Object: 'Object Repository/Final Object Repo/WorkFlow Listing Page/Search Ref No Search Button' is clicked on

2018-12-12 12:08:19 - [TEST_STEP][PASSED] - delay: Delayed 6 second(s)

2018-12-12 12:08:25 - [MESSAGE][PASSED] - Delayed 6 second(s)

2018-12-12 12:08:25 - [TEST_STEP][PASSED] - click: Object: 'Object Repository/Final Object Repo/WorkFlow Listing Page/Click Continue Tooltip' is clicked on

2018-12-12 12:08:26 - [MESSAGE][PASSED] - Object: 'Object Repository/Final Object Repo/WorkFlow Listing Page/Click Continue Tooltip' is clicked on

2018-12-12 12:08:26 - [TEST_STEP][PASSED] - delay: Delayed 5 second(s)

2018-12-12 12:08:31 - [MESSAGE][PASSED] - Delayed 5 second(s)

2018-12-12 12:08:31 - [TEST_STEP][PASSED] - doubleClick: Object: 'Object Repository/Final Object Repo/WorkFlow Listing Page/Workflow Found - Listing 1' is double clicked on

2018-12-12 12:08:31 - [MESSAGE][PASSED] - Object: 'Object Repository/Final Object Repo/WorkFlow Listing Page/Workflow Found - Listing 1' is double clicked on

2018-12-12 12:08:31 - [TEST_STEP][PASSED] - Statement - println(OwnerID): null

2018-12-12 12:08:31 - [TEST_STEP][PASSED] - Statement - OwnerID = com.kms.katalon.core.webui.keyword.WebUiBuiltInKeywords.getText(com.kms.katalon.core.testobject.ObjectRepository.findTestObject(Final Object Repo/WorkFlow Listing Page/Workflow Found - Listing 1), STOP_ON_FAILURE): Text of object 'Object Repository/Final Object Repo/WorkFlow Listing Page/Workflow Found - Listing 1' is: 'JOHORuo2'

2018-12-12 12:08:31 - [MESSAGE][PASSED] - Text of object 'Object Repository/Final Object Repo/WorkFlow Listing Page/Workflow Found - Listing 1' is: 'JOHORuo2'

2018-12-12 12:08:31 - [TEST_STEP][PASSED] - Statement - OwnerID = OwnerID.toLowerCase() + "@gmail.com": null

2018-12-12 12:08:31 - [TEST_STEP][PASSED] - Statement - println(OwnerID): null

2018-12-12 12:08:31 - [TEST_STEP][PASSED] - delay: Delayed 2 second(s)

2018-12-12 12:08:33 - [MESSAGE][PASSED] - Delayed 2 second(s)

2018-12-12 12:08:33 - [MESSAGE][PASSED] - Call Test Case 'Test Cases/Final Aug 2018 - PKS Automation/Common/Workflow Owner Finder' successfully

2018-12-12 12:08:33 - [TEST_STEP][PASSED] - delay: Delayed 1 second(s)

2018-12-12 12:08:34 - [MESSAGE][PASSED] - Delayed 1 second(s)

2018-12-12 12:08:34 - [TEST_STEP][PASSED] - navigateToUrl: Navigate to 'https://assist2-uat.perkeso.gov.my/c/portal/logout' successfully

2018-12-12 12:08:35 - [MESSAGE][PASSED] - Navigate to 'https://assist2-uat.perkeso.gov.my/c/portal/logout' successfully

2018-12-12 12:08:35 - [TEST_STEP][PASSED] - delay: Delayed 1 second(s)

2018-12-12 12:08:36 - [MESSAGE][PASSED] - Delayed 1 second(s)

2018-12-12 12:08:36 - [TEST_STEP][PASSED] - callTestCase: Call Test Case 'Test Cases/Final Aug 2018 - PKS Automation/Registration Module/Workflow/Login and Search Case For Workflow' successfully

2018-12-12 12:08:36 - [TEST_CASE][PASSED] - Test Cases/Final Aug 2018 - PKS Automation/Registration Module/Workflow/Login and Search Case For Workflow: Test Cases/Final Aug 2018 - PKS Automation/Registration Module/Workflow/Login and Search Case For Workflow

2018-12-12 12:08:36 - [TEST_STEP][PASSED] - navigateToUrl: Navigate to 'https://assist2-uat.perkeso.gov.my/login' successfully

2018-12-12 12:08:37 - [MESSAGE][PASSED] - Navigate to 'https://assist2-uat.perkeso.gov.my/login' successfully

2018-12-12 12:08:37 - [TEST_STEP][PASSED] - setText: Text 'johoruo2@gmail.com' is set on object 'Object Repository/Final Object Repo/Login Page/Internal User/Email Address'

2018-12-12 12:08:37 - [MESSAGE][PASSED] - Text 'johoruo2@gmail.com' is set on object 'Object Repository/Final Object Repo/Login Page/Internal User/Email Address'

2018-12-12 12:08:37 - [TEST_STEP][PASSED] - click: Object: 'Object Repository/Final Object Repo/Login Page/Internal User/Next Button' is clicked on

2018-12-12 12:08:37 - [MESSAGE][PASSED] - Object: 'Object Repository/Final Object Repo/Login Page/Internal User/Next Button' is clicked on

2018-12-12 12:08:37 - [TEST_STEP][PASSED] - delay: Delayed 1 second(s)

2018-12-12 12:08:38 - [MESSAGE][PASSED] - Delayed 1 second(s)

2018-12-12 12:08:38 - [TEST_STEP][PASSED] - setEncryptedText: Text ****** has been set on object 'Object Repository/Final Object Repo/Login Page/Internal User/Password'

2018-12-12 12:08:38 - [MESSAGE][PASSED] - Text ****** has been set on object 'Object Repository/Final Object Repo/Login Page/Internal User/Password'

2018-12-12 12:08:38 - [TEST_STEP][PASSED] - click: Object: 'Object Repository/Final Object Repo/Login Page/Internal User/Login Button' is clicked on

2018-12-12 12:08:38 - [MESSAGE][PASSED] - Object: 'Object Repository/Final Object Repo/Login Page/Internal User/Login Button' is clicked on

2018-12-12 12:08:38 - [TEST_STEP][PASSED] - delay: Delayed 2 second(s)

2018-12-12 12:08:40 - [MESSAGE][PASSED] - Delayed 2 second(s)

2018-12-12 12:08:40 - [TEST_STEP][PASSED] - Statement - Try: Delayed 2 second(s)

2018-12-12 12:08:40 - [TEST_STEP][PASSED] - Statement - Checker = false: null

2018-12-12 12:08:40 - [TEST_STEP][PASSED] - Statement - Checker = com.kms.katalon.core.webui.keyword.WebUiBuiltInKeywords.verifyElementHasAttribute(com.kms.katalon.core.testobject.ObjectRepository.findTestObject(Final Object Repo/Landing Page/BM Detecting), "href", 20, OPTIONAL): Object 'Object Repository/Final Object Repo/Landing Page/BM Detecting' has attribute 'href'

2018-12-12 12:08:41 - [MESSAGE][PASSED] - Object 'Object Repository/Final Object Repo/Landing Page/BM Detecting' has attribute 'href'

2018-12-12 12:08:41 - [TEST_STEP][PASSED] - Statement - out.println(Checker): null

2018-12-12 12:08:41 - [TEST_STEP][PASSED] - Statement - If (Checker == false): null

2018-12-12 12:08:41 - [TEST_STEP][PASSED] - Statement - Else: null

2018-12-12 12:08:41 - [TEST_STEP][PASSED] - delay: Delayed 2 second(s)

2018-12-12 12:08:43 - [MESSAGE][PASSED] - Delayed 2 second(s)

2018-12-12 12:08:43 - [TEST_STEP][PASSED] - click: Object: 'Object Repository/Final Object Repo/Page_MyASSIST - ASSIST - Search Pending Case For Add Supporting Document/Search Information' is clicked on

2018-12-12 12:08:43 - [MESSAGE][PASSED] - Object: 'Object Repository/Final Object Repo/Page_MyASSIST - ASSIST - Search Pending Case For Add Supporting Document/Search Information' is clicked on

2018-12-12 12:08:43 - [TEST_STEP][PASSED] - delay: Delayed 3 second(s)

2018-12-12 12:08:46 - [MESSAGE][PASSED] - Delayed 3 second(s)

2018-12-12 12:08:46 - [TEST_STEP][PASSED] - sendKeys: Keys 'CUN122018C100006006' sent to object: 'Object Repository/Final Object Repo/Page_MyASSIST - ASSIST - Search Pending Case For Add Supporting Document/Reference No'

2018-12-12 12:08:46 - [MESSAGE][PASSED] - Keys 'CUN122018C100006006' sent to object: 'Object Repository/Final Object Repo/Page_MyASSIST - ASSIST - Search Pending Case For Add Supporting Document/Reference No'

2018-12-12 12:08:46 - [TEST_STEP][PASSED] - click: Object: 'Object Repository/Final Object Repo/Page_MyASSIST - ASSIST - Search Pending Case For Add Supporting Document/Search Reference No' is clicked on

2018-12-12 12:08:46 - [MESSAGE][PASSED] - Object: 'Object Repository/Final Object Repo/Page_MyASSIST - ASSIST - Search Pending Case For Add Supporting Document/Search Reference No' is clicked on

2018-12-12 12:08:46 - [TEST_STEP][PASSED] - delay: Delayed 2 second(s)

2018-12-12 12:08:48 - [MESSAGE][PASSED] - Delayed 2 second(s)

2018-12-12 12:08:48 - [TEST_STEP][PASSED] - click: Object: 'Object Repository/Final Object Repo/Page_MyASSIST - ASSIST - Search Pending Case For Add Supporting Document/Continue' is clicked on

2018-12-12 12:08:52 - [MESSAGE][PASSED] - Object: 'Object Repository/Final Object Repo/Page_MyASSIST - ASSIST - Search Pending Case For Add Supporting Document/Continue' is clicked on

2018-12-12 12:08:52 - [TEST_STEP][PASSED] - delay: Delayed 20 second(s)

2018-12-12 12:09:12 - [MESSAGE][PASSED] - Delayed 20 second(s)

2018-12-12 12:09:12 - [MESSAGE][PASSED] - Call Test Case 'Test Cases/Final Aug 2018 - PKS Automation/Registration Module/Workflow/Login and Search Case For Workflow' successfully

2018-12-12 12:09:12 - [TEST_STEP][PASSED] - delay: Delayed 2 second(s)

2018-12-12 12:09:14 - [MESSAGE][PASSED] - Delayed 2 second(s)

2018-12-12 12:09:14 - [TEST_STEP][PASSED] - click: Object: 'Object Repository/Final Object Repo/Page_Update Employer Information/Page_Update Employer Information UO (Approve)/Continue' is clicked on

2018-12-12 12:09:17 - [MESSAGE][PASSED] - Object: 'Object Repository/Final Object Repo/Page_Update Employer Information/Page_Update Employer Information UO (Approve)/Continue' is clicked on

2018-12-12 12:09:17 - [TEST_STEP][PASSED] - delay: Delayed 2 second(s)

2018-12-12 12:09:19 - [MESSAGE][PASSED] - Delayed 2 second(s)

2018-12-12 12:09:19 - [TEST_STEP][PASSED] - click: Object: 'Object Repository/Final Object Repo/Page_Update Employer Information/Page_Update Employer Information UO (Approve)/Save  Continue in Update Employer Information Page' is clicked on

2018-12-12 12:09:20 - [MESSAGE][PASSED] - Object: 'Object Repository/Final Object Repo/Page_Update Employer Information/Page_Update Employer Information UO (Approve)/Save  Continue in Update Employer Information Page' is clicked on

2018-12-12 12:09:20 - [TEST_STEP][PASSED] - delay: Delayed 2 second(s)

2018-12-12 12:09:22 - [MESSAGE][PASSED] - Delayed 2 second(s)

2018-12-12 12:09:22 - [TEST_STEP][PASSED] - click: Object: 'Object Repository/Final Object Repo/Page_Update Employer Information/Page_Update Employer Information UO (Approve)/Save  Continue in Uploading Supporting Document Page' is clicked on

2018-12-12 12:09:24 - [MESSAGE][PASSED] - Object: 'Object Repository/Final Object Repo/Page_Update Employer Information/Page_Update Employer Information UO (Approve)/Save  Continue in Uploading Supporting Document Page' is clicked on

2018-12-12 12:09:24 - [TEST_STEP][PASSED] - delay: Delayed 2 second(s)

2018-12-12 12:09:26 - [MESSAGE][PASSED] - Delayed 2 second(s)

2018-12-12 12:09:26 - [TEST_STEP][PASSED] - click: Object: 'Object Repository/Final Object Repo/Page_Update Employer Information/Page_Update Employer Information UO (Under enforcement)/Under enforcement' is clicked on

2018-12-12 12:09:28 - [MESSAGE][PASSED] - Object: 'Object Repository/Final Object Repo/Page_Update Employer Information/Page_Update Employer Information UO (Under enforcement)/Under enforcement' is clicked on

2018-12-12 12:09:28 - [TEST_STEP][PASSED] - delay: Delayed 2 second(s)

2018-12-12 12:09:30 - [MESSAGE][PASSED] - Delayed 2 second(s)

2018-12-12 12:09:30 - [TEST_STEP][PASSED] - setText: Text 'remark' is set on object 'Object Repository/Final Object Repo/Page_Update Employer Information/Page_Update Employer Information UO (Under enforcement)/Under enforcement - remark'

2018-12-12 12:09:30 - [MESSAGE][PASSED] - Text 'remark' is set on object 'Object Repository/Final Object Repo/Page_Update Employer Information/Page_Update Employer Information UO (Under enforcement)/Under enforcement - remark'

2018-12-12 12:09:30 - [TEST_STEP][PASSED] - delay: Delayed 2 second(s)

2018-12-12 12:09:32 - [MESSAGE][PASSED] - Delayed 2 second(s)

2018-12-12 12:09:32 - [TEST_STEP][PASSED] - click: Object: 'Object Repository/Final Object Repo/Page_Update Employer Information/Page_Update Employer Information UO (Under enforcement)/Save  Continue in Under enfocement Page' is clicked on

2018-12-12 12:09:32 - [MESSAGE][PASSED] - Object: 'Object Repository/Final Object Repo/Page_Update Employer Information/Page_Update Employer Information UO (Under enforcement)/Save  Continue in Under enfocement Page' is clicked on

2018-12-12 12:09:32 - [TEST_STEP][PASSED] - delay: Delayed 2 second(s)

2018-12-12 12:09:34 - [MESSAGE][PASSED] - Delayed 2 second(s)

2018-12-12 12:09:34 - [TEST_STEP][PASSED] - doubleClick: Object: 'Object Repository/Final Object Repo/Page_Update Employer Information/Page_Update Employer Information UO (Under enforcement)/Message The case is under enforceme' is double clicked on

2018-12-12 12:09:35 - [MESSAGE][PASSED] - Object: 'Object Repository/Final Object Repo/Page_Update Employer Information/Page_Update Employer Information UO (Under enforcement)/Message The case is under enforceme' is double clicked on

2018-12-12 12:09:35 - [MESSAGE][PASSED] - Call Test Case 'Test Cases/Final Aug 2018 - PKS Automation/Registration Module/Workflow/Update Employer Information/Template/Update Employer Information - Special Case - UO (Under enforcement)' successfully]]></system-out>
         <system-err><![CDATA[]]></system-err>
      </testcase>
      <testcase name="Test Cases/Final Aug 2018 - PKS Automation/Registration Module/Workflow/Update Employer Information/PKRBO - UO (Approve)" classname="Test Cases/Final Aug 2018 - PKS Automation/Registration Module/Workflow/Update Employer Information/PKRBO - UO (Approve)" status="PASSED">
         <system-out><![CDATA[2018-12-12 12:09:35 - [TEST_CASE][PASSED] - Test Cases/Final Aug 2018 - PKS Automation/Registration Module/Workflow/Update Employer Information/PKRBO - UO (Approve): Test Cases/Final Aug 2018 - PKS Automation/Registration Module/Workflow/Update Employer Information/PKRBO - UO (Approve)

2018-12-12 12:09:36 - [TEST_STEP][PASSED] - callTestCase: Call Test Case 'Test Cases/Final Aug 2018 - PKS Automation/Registration Module/Workflow/Update Employer Information/Template/Update Employer Information - Special Case (PKRBO)' successfully

2018-12-12 12:09:36 - [TEST_CASE][PASSED] - Test Cases/Final Aug 2018 - PKS Automation/Registration Module/Workflow/Update Employer Information/Template/Update Employer Information - Special Case (PKRBO): Test Cases/Final Aug 2018 - PKS Automation/Registration Module/Workflow/Update Employer Information/Template/Update Employer Information - Special Case (PKRBO)

2018-12-12 12:09:36 - [TEST_STEP][PASSED] - openBrowser: Browser is opened with url: ''

2018-12-12 12:09:36 - [MESSAGE][WARNING] - A browser is already opened. Closing browser and opening a new one

2018-12-12 12:09:40 - [MESSAGE][PASSED] - Browser is opened with url: ''

2018-12-12 12:09:40 - [TEST_STEP][PASSED] - navigateToUrl: Navigate to 'https://assist2-uat.perkeso.gov.my/login' successfully

2018-12-12 12:09:41 - [MESSAGE][PASSED] - Navigate to 'https://assist2-uat.perkeso.gov.my/login' successfully

2018-12-12 12:09:41 - [TEST_STEP][PASSED] - setText: Text 'johorpkrbo1@gmail.com' is set on object 'Object Repository/Final Object Repo/Login Page/Internal User/Email Address'

2018-12-12 12:09:41 - [MESSAGE][PASSED] - Text 'johorpkrbo1@gmail.com' is set on object 'Object Repository/Final Object Repo/Login Page/Internal User/Email Address'

2018-12-12 12:09:41 - [TEST_STEP][PASSED] - click: Object: 'Object Repository/Final Object Repo/Login Page/Internal User/Next Button' is clicked on

2018-12-12 12:09:41 - [MESSAGE][PASSED] - Object: 'Object Repository/Final Object Repo/Login Page/Internal User/Next Button' is clicked on

2018-12-12 12:09:41 - [TEST_STEP][PASSED] - delay: Delayed 1 second(s)

2018-12-12 12:09:42 - [MESSAGE][PASSED] - Delayed 1 second(s)

2018-12-12 12:09:42 - [TEST_STEP][PASSED] - setEncryptedText: Text ****** has been set on object 'Object Repository/Final Object Repo/Login Page/Internal User/Password'

2018-12-12 12:09:43 - [MESSAGE][PASSED] - Text ****** has been set on object 'Object Repository/Final Object Repo/Login Page/Internal User/Password'

2018-12-12 12:09:43 - [TEST_STEP][PASSED] - click: Object: 'Object Repository/Final Object Repo/Login Page/Internal User/Login Button' is clicked on

2018-12-12 12:09:43 - [MESSAGE][PASSED] - Object: 'Object Repository/Final Object Repo/Login Page/Internal User/Login Button' is clicked on

2018-12-12 12:09:43 - [TEST_STEP][PASSED] - Statement - tester = com.kms.katalon.core.testobject.ObjectRepository.findTestObject(Final Object Repo/Landing Page/Select to English): Finding Test Object with id 'Object Repository/Final Object Repo/Landing Page/Select to English'

2018-12-12 12:09:43 - [TEST_STEP][PASSED] - Statement - Try: Delayed 2 second(s)

2018-12-12 12:09:43 - [TEST_STEP][PASSED] - Statement - Checker = com.kms.katalon.core.webui.keyword.WebUiBuiltInKeywords.verifyElementNotPresent(tester, 3): Web element with id: 'Object Repository/Final Object Repo/Landing Page/Select to English' located by 'By.xpath: //a[@class = 'taglib-language-list-text' and @lang = 'en-US' and (contains(text(), 'EN') or contains(., 'EN'))]' is not present after '3' second(s)

2018-12-12 12:09:45 - [MESSAGE][PASSED] - Web element with id: 'Object Repository/Final Object Repo/Landing Page/Select to English' located by 'By.xpath: //a[@class = 'taglib-language-list-text' and @lang = 'en-US' and (contains(text(), 'EN') or contains(., 'EN'))]' is not present after '3' second(s)

2018-12-12 12:09:45 - [TEST_STEP][PASSED] - Statement - If (Checker == false): null

2018-12-12 12:09:45 - [TEST_STEP][PASSED] - delay: Delayed 2 second(s)

2018-12-12 12:09:47 - [MESSAGE][PASSED] - Delayed 2 second(s)

2018-12-12 12:09:47 - [TEST_STEP][PASSED] - delay: Delayed 5 second(s)

2018-12-12 12:09:52 - [MESSAGE][PASSED] - Delayed 5 second(s)

2018-12-12 12:09:52 - [TEST_STEP][PASSED] - navigateToUrl: Navigate to 'https://assist2-uat.perkeso.gov.my/web/registration/update/update-employer-information' successfully

2018-12-12 12:09:53 - [MESSAGE][PASSED] - Navigate to 'https://assist2-uat.perkeso.gov.my/web/registration/update/update-employer-information' successfully

2018-12-12 12:09:53 - [TEST_STEP][PASSED] - setText: Text 'E1102001065V ' is set on object 'Object Repository/Final Object Repo/Page_Update Employer Information/Employer Code'

2018-12-12 12:09:53 - [MESSAGE][PASSED] - Text 'E1102001065V ' is set on object 'Object Repository/Final Object Repo/Page_Update Employer Information/Employer Code'

2018-12-12 12:09:53 - [TEST_STEP][PASSED] - click: Object: 'Object Repository/Final Object Repo/Page_Update Employer Information/Search Button' is clicked on

2018-12-12 12:09:53 - [MESSAGE][PASSED] - Object: 'Object Repository/Final Object Repo/Page_Update Employer Information/Search Button' is clicked on

2018-12-12 12:09:53 - [TEST_STEP][PASSED] - click: Object: 'Object Repository/Final Object Repo/Page_Update Employer Information/Edit Button' is clicked on

2018-12-12 12:09:57 - [MESSAGE][PASSED] - Object: 'Object Repository/Final Object Repo/Page_Update Employer Information/Edit Button' is clicked on

2018-12-12 12:09:57 - [TEST_STEP][PASSED] - click: Object: 'Object Repository/Final Object Repo/Page_Update Employer Information/Business Entity' is clicked on

2018-12-12 12:09:57 - [MESSAGE][PASSED] - Object: 'Object Repository/Final Object Repo/Page_Update Employer Information/Business Entity' is clicked on

2018-12-12 12:09:57 - [TEST_STEP][PASSED] - Statement - CurrentBusinessEntity = "": null

2018-12-12 12:09:57 - [TEST_STEP][PASSED] - Statement - CurrentBusinessEntity = com.kms.katalon.core.webui.keyword.WebUiBuiltInKeywords.getText(com.kms.katalon.core.testobject.ObjectRepository.findTestObject(Final Object Repo/Page_Update Employer Information/Current Business Entity)): Text of object 'Object Repository/Final Object Repo/Page_Update Employer Information/Current Business Entity' is: 'Partnership'

2018-12-12 12:09:57 - [MESSAGE][PASSED] - Text of object 'Object Repository/Final Object Repo/Page_Update Employer Information/Current Business Entity' is: 'Partnership'

2018-12-12 12:09:57 - [TEST_STEP][PASSED] - Statement - out.println(CurrentBusinessEntity): null

2018-12-12 12:09:57 - [TEST_STEP][PASSED] - Statement - If (CurrentBusinessEntity == "Corporation"): null

2018-12-12 12:09:57 - [TEST_STEP][PASSED] - Statement - Else If (CurrentBusinessEntity == "Partnership"): Delayed 3 second(s)

2018-12-12 12:09:57 - [TEST_STEP][PASSED] - Statement - obj = com.kms.katalon.core.webui.keyword.WebUiBuiltInKeywords.modifyObjectProperty(com.kms.katalon.core.testobject.ObjectRepository.findTestObject(Final Object Repo/Page_Update Employer Information/change to this Business Entity), "xpath", "equals", "//ul/li/span[contains(text(),"Sole Proprietor / Individual Business")]", true, STOP_ON_FAILURE): Modify property of object successfully

2018-12-12 12:09:57 - [MESSAGE][PASSED] - Modify property of object successfully

2018-12-12 12:09:57 - [TEST_STEP][PASSED] - click: Object: 'Object Repository/Final Object Repo/Page_Update Employer Information/change to this Business Entity' is clicked on

2018-12-12 12:09:57 - [MESSAGE][PASSED] - Object: 'Object Repository/Final Object Repo/Page_Update Employer Information/change to this Business Entity' is clicked on

2018-12-12 12:09:57 - [TEST_STEP][PASSED] - delay: Delayed 1 second(s)

2018-12-12 12:09:58 - [MESSAGE][PASSED] - Delayed 1 second(s)

2018-12-12 12:09:58 - [TEST_STEP][PASSED] - click: Object: 'Object Repository/Final Object Repo/Page_Update Employer Information/Sub Business Entity' is clicked on

2018-12-12 12:09:58 - [MESSAGE][PASSED] - Object: 'Object Repository/Final Object Repo/Page_Update Employer Information/Sub Business Entity' is clicked on

2018-12-12 12:09:58 - [TEST_STEP][PASSED] - click: Object: 'Object Repository/Final Object Repo/Page_Update Employer Information/Sub Business Entity - Sole Properietor - Registered with other Agencies' is clicked on

2018-12-12 12:09:59 - [MESSAGE][PASSED] - Object: 'Object Repository/Final Object Repo/Page_Update Employer Information/Sub Business Entity - Sole Properietor - Registered with other Agencies' is clicked on

2018-12-12 12:09:59 - [TEST_STEP][PASSED] - delay: Delayed 3 second(s)

2018-12-12 12:10:02 - [MESSAGE][PASSED] - Delayed 3 second(s)

2018-12-12 12:10:02 - [TEST_STEP][PASSED] - delay: Delayed 4 second(s)

2018-12-12 12:10:06 - [MESSAGE][PASSED] - Delayed 4 second(s)

2018-12-12 12:10:06 - [TEST_STEP][PASSED] - click: Object: 'Object Repository/Final Object Repo/Page_Update Employer Information/Save  Continue' is clicked on

2018-12-12 12:10:06 - [MESSAGE][PASSED] - Object: 'Object Repository/Final Object Repo/Page_Update Employer Information/Save  Continue' is clicked on

2018-12-12 12:10:06 - [TEST_STEP][PASSED] - delay: Delayed 4 second(s)

2018-12-12 12:10:10 - [MESSAGE][PASSED] - Delayed 4 second(s)

2018-12-12 12:10:10 - [TEST_STEP][PASSED] - click: Object: 'Object Repository/Final Object Repo/Page_Update Employer Information/Save  Continue (1)' is clicked on

2018-12-12 12:10:10 - [MESSAGE][PASSED] - Object: 'Object Repository/Final Object Repo/Page_Update Employer Information/Save  Continue (1)' is clicked on

2018-12-12 12:10:10 - [TEST_STEP][PASSED] - delay: Delayed 4 second(s)

2018-12-12 12:10:14 - [MESSAGE][PASSED] - Delayed 4 second(s)

2018-12-12 12:10:14 - [TEST_STEP][PASSED] - Statement - CaseReferenceNo = com.kms.katalon.core.webui.keyword.WebUiBuiltInKeywords.getText(com.kms.katalon.core.testobject.ObjectRepository.findTestObject(Final Object Repo/Page_Update Employer Information/Reference Number in Update Employee Information Page)): Text of object 'Object Repository/Final Object Repo/Page_Update Employer Information/Reference Number in Update Employee Information Page' is: 'CUN122018C100006007'

2018-12-12 12:10:14 - [MESSAGE][PASSED] - Text of object 'Object Repository/Final Object Repo/Page_Update Employer Information/Reference Number in Update Employee Information Page' is: 'CUN122018C100006007'

2018-12-12 12:10:14 - [TEST_STEP][PASSED] - callTestCase: Call Test Case 'Test Cases/Final Aug 2018 - PKS Automation/Common/Reference Number Setter' successfully

2018-12-12 12:10:14 - [TEST_CASE][PASSED] - Test Cases/Final Aug 2018 - PKS Automation/Common/Reference Number Setter: Test Cases/Final Aug 2018 - PKS Automation/Common/Reference Number Setter

2018-12-12 12:10:14 - [TEST_STEP][PASSED] - Statement - RefNoOldFile = new java.io.File(C://Users//Admin//Desktop//PKS//Automation Reference Point//KatalonReference.txt): null

2018-12-12 12:10:14 - [TEST_STEP][PASSED] - Statement - RefNoOldFile.delete(): null

2018-12-12 12:10:14 - [TEST_STEP][PASSED] - delay: Delayed 5 second(s)

2018-12-12 12:10:19 - [MESSAGE][PASSED] - Delayed 5 second(s)

2018-12-12 12:10:19 - [TEST_STEP][PASSED] - Statement - RefNo = new java.io.File(C://Users//Admin//Desktop//PKS//Automation Reference Point//KatalonReference.txt): null

2018-12-12 12:10:19 - [TEST_STEP][PASSED] - Statement - f2 = new java.io.FileWriter(RefNo, false): null

2018-12-12 12:10:19 - [TEST_STEP][PASSED] - Statement - f2.write(CaseReferenceNo): null

2018-12-12 12:10:19 - [TEST_STEP][PASSED] - Statement - f2.close(): null

2018-12-12 12:10:19 - [TEST_STEP][PASSED] - Statement - out.println("


" + CaseReferenceNo + "


"): null

2018-12-12 12:10:19 - [MESSAGE][PASSED] - Call Test Case 'Test Cases/Final Aug 2018 - PKS Automation/Common/Reference Number Setter' successfully

2018-12-12 12:10:19 - [TEST_STEP][PASSED] - delay: Delayed 4 second(s)

2018-12-12 12:10:23 - [MESSAGE][PASSED] - Delayed 4 second(s)

2018-12-12 12:10:23 - [TEST_STEP][PASSED] - click: Object: 'Object Repository/Final Object Repo/Page_Update Employer Information/Submit - Copy' is clicked on

2018-12-12 12:10:23 - [MESSAGE][PASSED] - Object: 'Object Repository/Final Object Repo/Page_Update Employer Information/Submit - Copy' is clicked on

2018-12-12 12:10:23 - [TEST_STEP][PASSED] - delay: Delayed 2 second(s)

2018-12-12 12:10:25 - [MESSAGE][PASSED] - Delayed 2 second(s)

2018-12-12 12:10:25 - [TEST_STEP][PASSED] - click: Object: 'Object Repository/Final Object Repo/Page_Update Employer Information/Confirm' is clicked on

2018-12-12 12:10:26 - [MESSAGE][PASSED] - Object: 'Object Repository/Final Object Repo/Page_Update Employer Information/Confirm' is clicked on

2018-12-12 12:10:26 - [TEST_STEP][PASSED] - delay: Delayed 2 second(s)

2018-12-12 12:10:28 - [MESSAGE][PASSED] - Delayed 2 second(s)

2018-12-12 12:10:28 - [TEST_STEP][PASSED] - click: Object: 'Object Repository/Final Object Repo/Page_Update Employer Information/Message Your Request will be route' is clicked on

2018-12-12 12:10:29 - [MESSAGE][PASSED] - Object: 'Object Repository/Final Object Repo/Page_Update Employer Information/Message Your Request will be route' is clicked on

2018-12-12 12:10:29 - [MESSAGE][PASSED] - Call Test Case 'Test Cases/Final Aug 2018 - PKS Automation/Registration Module/Workflow/Update Employer Information/Template/Update Employer Information - Special Case (PKRBO)' successfully

2018-12-12 12:10:29 - [TEST_STEP][PASSED] - callTestCase: Call Test Case 'Test Cases/Final Aug 2018 - PKS Automation/Registration Module/Workflow/Update Employer Information/Template/Update Employer Information - Special Case - UO (Approve)' successfully

2018-12-12 12:10:29 - [TEST_CASE][PASSED] - Test Cases/Final Aug 2018 - PKS Automation/Registration Module/Workflow/Update Employer Information/Template/Update Employer Information - Special Case - UO (Approve): Test Cases/Final Aug 2018 - PKS Automation/Registration Module/Workflow/Update Employer Information/Template/Update Employer Information - Special Case - UO (Approve)

2018-12-12 12:10:29 - [TEST_STEP][NOT_RUN] - callTestCase: NOT_RUN: callTestCase

2018-12-12 12:10:29 - [MESSAGE][NOT_RUN] - NOT_RUN: callTestCase

2018-12-12 12:10:29 - [TEST_STEP][NOT_RUN] - delay: NOT_RUN: delay

2018-12-12 12:10:29 - [MESSAGE][NOT_RUN] - NOT_RUN: delay

2018-12-12 12:10:29 - [TEST_STEP][NOT_RUN] - navigateToUrl: NOT_RUN: navigateToUrl

2018-12-12 12:10:29 - [MESSAGE][NOT_RUN] - NOT_RUN: navigateToUrl

2018-12-12 12:10:29 - [TEST_STEP][PASSED] - delay: Delayed 1 second(s)

2018-12-12 12:10:30 - [MESSAGE][PASSED] - Delayed 1 second(s)

2018-12-12 12:10:30 - [TEST_STEP][PASSED] - callTestCase: Call Test Case 'Test Cases/Final Aug 2018 - PKS Automation/Common/Reference Number Getter' successfully

2018-12-12 12:10:30 - [TEST_CASE][PASSED] - Test Cases/Final Aug 2018 - PKS Automation/Common/Reference Number Getter: Test Cases/Final Aug 2018 - PKS Automation/Common/Reference Number Getter

2018-12-12 12:10:30 - [TEST_STEP][PASSED] - Statement - Try: null

2018-12-12 12:10:30 - [TEST_STEP][PASSED] - Statement - RefNo = new java.io.File(C://Users//Admin//Desktop//PKS//Automation Reference Point//KatalonReference.txt): null

2018-12-12 12:10:30 - [TEST_STEP][PASSED] - Statement - bufferread = new java.io.BufferedReader(new java.io.FileReader(RefNo)): null

2018-12-12 12:10:30 - [TEST_STEP][PASSED] - Statement - readedVal = bufferread.readLine(): null

2018-12-12 12:10:30 - [TEST_STEP][PASSED] - Statement - out.println(CaseReferenceNo): null

2018-12-12 12:10:30 - [TEST_STEP][PASSED] - Statement - out.println(readedVal): null

2018-12-12 12:10:30 - [TEST_STEP][PASSED] - Statement - CaseReferenceNo = "": null

2018-12-12 12:10:30 - [TEST_STEP][PASSED] - Statement - CaseReferenceNo = readedVal: null

2018-12-12 12:10:30 - [MESSAGE][PASSED] - Call Test Case 'Test Cases/Final Aug 2018 - PKS Automation/Common/Reference Number Getter' successfully

2018-12-12 12:10:30 - [TEST_STEP][PASSED] - callTestCase: Call Test Case 'Test Cases/Final Aug 2018 - PKS Automation/Common/Workflow Owner Finder' successfully

2018-12-12 12:10:31 - [TEST_CASE][PASSED] - Test Cases/Final Aug 2018 - PKS Automation/Common/Workflow Owner Finder: Test Cases/Final Aug 2018 - PKS Automation/Common/Workflow Owner Finder

2018-12-12 12:10:31 - [TEST_STEP][PASSED] - openBrowser: Browser is opened with url: ''

2018-12-12 12:10:31 - [MESSAGE][WARNING] - A browser is already opened. Closing browser and opening a new one

2018-12-12 12:10:34 - [MESSAGE][PASSED] - Browser is opened with url: ''

2018-12-12 12:10:34 - [TEST_STEP][PASSED] - navigateToUrl: Navigate to 'https://assist2-uat.perkeso.gov.my/login' successfully

2018-12-12 12:10:35 - [MESSAGE][PASSED] - Navigate to 'https://assist2-uat.perkeso.gov.my/login' successfully

2018-12-12 12:10:35 - [TEST_STEP][PASSED] - delay: Delayed 5 second(s)

2018-12-12 12:10:40 - [MESSAGE][PASSED] - Delayed 5 second(s)

2018-12-12 12:10:40 - [TEST_STEP][PASSED] - setText: Text 'test@liferay.com' is set on object 'Object Repository/Final Object Repo/Login Page/Internal User/Email Address'

2018-12-12 12:10:41 - [MESSAGE][PASSED] - Text 'test@liferay.com' is set on object 'Object Repository/Final Object Repo/Login Page/Internal User/Email Address'

2018-12-12 12:10:41 - [TEST_STEP][PASSED] - click: Object: 'Object Repository/Final Object Repo/Login Page/Internal User/Next Button' is clicked on

2018-12-12 12:10:41 - [MESSAGE][PASSED] - Object: 'Object Repository/Final Object Repo/Login Page/Internal User/Next Button' is clicked on

2018-12-12 12:10:41 - [TEST_STEP][PASSED] - delay: Delayed 2 second(s)

2018-12-12 12:10:43 - [MESSAGE][PASSED] - Delayed 2 second(s)

2018-12-12 12:10:43 - [TEST_STEP][PASSED] - setText: Text 'test' is set on object 'Object Repository/Final Object Repo/Login Page/Internal User/Password'

2018-12-12 12:10:43 - [MESSAGE][PASSED] - Text 'test' is set on object 'Object Repository/Final Object Repo/Login Page/Internal User/Password'

2018-12-12 12:10:43 - [TEST_STEP][PASSED] - delay: Delayed 2 second(s)

2018-12-12 12:10:45 - [MESSAGE][PASSED] - Delayed 2 second(s)

2018-12-12 12:10:45 - [TEST_STEP][PASSED] - click: Object: 'Object Repository/Final Object Repo/Login Page/Internal User/Login Button' is clicked on

2018-12-12 12:10:45 - [MESSAGE][PASSED] - Object: 'Object Repository/Final Object Repo/Login Page/Internal User/Login Button' is clicked on

2018-12-12 12:10:45 - [TEST_STEP][PASSED] - Statement - tester = com.kms.katalon.core.testobject.ObjectRepository.findTestObject(Final Object Repo/Landing Page/Select to English): Finding Test Object with id 'Object Repository/Final Object Repo/Landing Page/Select to English'

2018-12-12 12:10:45 - [TEST_STEP][PASSED] - Statement - Try: Delayed 2 second(s)

2018-12-12 12:10:45 - [TEST_STEP][PASSED] - Statement - Checker = com.kms.katalon.core.webui.keyword.WebUiBuiltInKeywords.verifyElementNotPresent(tester, 3): Web element with id: 'Object Repository/Final Object Repo/Landing Page/Select to English' located by 'By.xpath: //a[@class = 'taglib-language-list-text' and @lang = 'en-US' and (contains(text(), 'EN') or contains(., 'EN'))]' is not present after '3' second(s)

2018-12-12 12:10:47 - [MESSAGE][PASSED] - Web element with id: 'Object Repository/Final Object Repo/Landing Page/Select to English' located by 'By.xpath: //a[@class = 'taglib-language-list-text' and @lang = 'en-US' and (contains(text(), 'EN') or contains(., 'EN'))]' is not present after '3' second(s)

2018-12-12 12:10:47 - [TEST_STEP][PASSED] - Statement - If (Checker == false): null

2018-12-12 12:10:47 - [TEST_STEP][PASSED] - delay: Delayed 2 second(s)

2018-12-12 12:10:49 - [MESSAGE][PASSED] - Delayed 2 second(s)

2018-12-12 12:10:49 - [TEST_STEP][PASSED] - delay: Delayed 5 second(s)

2018-12-12 12:10:54 - [MESSAGE][PASSED] - Delayed 5 second(s)

2018-12-12 12:10:54 - [TEST_STEP][PASSED] - mouseOver: Object: 'Object Repository/Final Object Repo/Landing Page/WorkFlow Menu' is hovered

2018-12-12 12:10:54 - [MESSAGE][PASSED] - Object: 'Object Repository/Final Object Repo/Landing Page/WorkFlow Menu' is hovered

2018-12-12 12:10:54 - [TEST_STEP][PASSED] - delay: Delayed 2 second(s)

2018-12-12 12:10:56 - [MESSAGE][PASSED] - Delayed 2 second(s)

2018-12-12 12:10:56 - [TEST_STEP][PASSED] - click: Object: 'Object Repository/Final Object Repo/Landing Page/Select to Workflow Listing' is clicked on

2018-12-12 12:10:57 - [MESSAGE][PASSED] - Object: 'Object Repository/Final Object Repo/Landing Page/Select to Workflow Listing' is clicked on

2018-12-12 12:10:57 - [TEST_STEP][PASSED] - delay: Delayed 2 second(s)

2018-12-12 12:10:59 - [MESSAGE][PASSED] - Delayed 2 second(s)

2018-12-12 12:10:59 - [TEST_STEP][PASSED] - click: Object: 'Object Repository/Final Object Repo/WorkFlow Listing Page/Search Information - To Put Ref No' is clicked on

2018-12-12 12:10:59 - [MESSAGE][PASSED] - Object: 'Object Repository/Final Object Repo/WorkFlow Listing Page/Search Information - To Put Ref No' is clicked on

2018-12-12 12:10:59 - [TEST_STEP][PASSED] - delay: Delayed 2 second(s)

2018-12-12 12:11:01 - [MESSAGE][PASSED] - Delayed 2 second(s)

2018-12-12 12:11:01 - [TEST_STEP][PASSED] - callTestCase: Call Test Case 'Test Cases/Final Aug 2018 - PKS Automation/Common/Reference Number Getter' successfully

2018-12-12 12:11:01 - [TEST_CASE][PASSED] - Test Cases/Final Aug 2018 - PKS Automation/Common/Reference Number Getter: Test Cases/Final Aug 2018 - PKS Automation/Common/Reference Number Getter

2018-12-12 12:11:01 - [TEST_STEP][PASSED] - Statement - Try: null

2018-12-12 12:11:01 - [TEST_STEP][PASSED] - Statement - RefNo = new java.io.File(C://Users//Admin//Desktop//PKS//Automation Reference Point//KatalonReference.txt): null

2018-12-12 12:11:01 - [TEST_STEP][PASSED] - Statement - bufferread = new java.io.BufferedReader(new java.io.FileReader(RefNo)): null

2018-12-12 12:11:01 - [TEST_STEP][PASSED] - Statement - readedVal = bufferread.readLine(): null

2018-12-12 12:11:01 - [TEST_STEP][PASSED] - Statement - out.println(CaseReferenceNo): null

2018-12-12 12:11:01 - [TEST_STEP][PASSED] - Statement - out.println(readedVal): null

2018-12-12 12:11:01 - [TEST_STEP][PASSED] - Statement - CaseReferenceNo = "": null

2018-12-12 12:11:01 - [TEST_STEP][PASSED] - Statement - CaseReferenceNo = readedVal: null

2018-12-12 12:11:01 - [MESSAGE][PASSED] - Call Test Case 'Test Cases/Final Aug 2018 - PKS Automation/Common/Reference Number Getter' successfully

2018-12-12 12:11:01 - [TEST_STEP][PASSED] - setText: Text 'CUN122018C100006007' is set on object 'Object Repository/Final Object Repo/WorkFlow Listing Page/Ref No Set Text'

2018-12-12 12:11:02 - [MESSAGE][PASSED] - Text 'CUN122018C100006007' is set on object 'Object Repository/Final Object Repo/WorkFlow Listing Page/Ref No Set Text'

2018-12-12 12:11:02 - [TEST_STEP][PASSED] - delay: Delayed 2 second(s)

2018-12-12 12:11:04 - [MESSAGE][PASSED] - Delayed 2 second(s)

2018-12-12 12:11:04 - [TEST_STEP][PASSED] - click: Object: 'Object Repository/Final Object Repo/WorkFlow Listing Page/Search Ref No Search Button' is clicked on

2018-12-12 12:11:04 - [MESSAGE][PASSED] - Object: 'Object Repository/Final Object Repo/WorkFlow Listing Page/Search Ref No Search Button' is clicked on

2018-12-12 12:11:04 - [TEST_STEP][PASSED] - delay: Delayed 6 second(s)

2018-12-12 12:11:10 - [MESSAGE][PASSED] - Delayed 6 second(s)

2018-12-12 12:11:10 - [TEST_STEP][PASSED] - click: Object: 'Object Repository/Final Object Repo/WorkFlow Listing Page/Click Continue Tooltip' is clicked on

2018-12-12 12:11:11 - [MESSAGE][PASSED] - Object: 'Object Repository/Final Object Repo/WorkFlow Listing Page/Click Continue Tooltip' is clicked on

2018-12-12 12:11:11 - [TEST_STEP][PASSED] - delay: Delayed 5 second(s)

2018-12-12 12:11:16 - [MESSAGE][PASSED] - Delayed 5 second(s)

2018-12-12 12:11:16 - [TEST_STEP][PASSED] - doubleClick: Object: 'Object Repository/Final Object Repo/WorkFlow Listing Page/Workflow Found - Listing 1' is double clicked on

2018-12-12 12:11:16 - [MESSAGE][PASSED] - Object: 'Object Repository/Final Object Repo/WorkFlow Listing Page/Workflow Found - Listing 1' is double clicked on

2018-12-12 12:11:16 - [TEST_STEP][PASSED] - Statement - println(OwnerID): null

2018-12-12 12:11:16 - [TEST_STEP][PASSED] - Statement - OwnerID = com.kms.katalon.core.webui.keyword.WebUiBuiltInKeywords.getText(com.kms.katalon.core.testobject.ObjectRepository.findTestObject(Final Object Repo/WorkFlow Listing Page/Workflow Found - Listing 1), STOP_ON_FAILURE): Text of object 'Object Repository/Final Object Repo/WorkFlow Listing Page/Workflow Found - Listing 1' is: 'JOHORuo3'

2018-12-12 12:11:16 - [MESSAGE][PASSED] - Text of object 'Object Repository/Final Object Repo/WorkFlow Listing Page/Workflow Found - Listing 1' is: 'JOHORuo3'

2018-12-12 12:11:16 - [TEST_STEP][PASSED] - Statement - OwnerID = OwnerID.toLowerCase() + "@gmail.com": null

2018-12-12 12:11:16 - [TEST_STEP][PASSED] - Statement - println(OwnerID): null

2018-12-12 12:11:16 - [TEST_STEP][PASSED] - delay: Delayed 2 second(s)

2018-12-12 12:11:18 - [MESSAGE][PASSED] - Delayed 2 second(s)

2018-12-12 12:11:18 - [MESSAGE][PASSED] - Call Test Case 'Test Cases/Final Aug 2018 - PKS Automation/Common/Workflow Owner Finder' successfully

2018-12-12 12:11:18 - [TEST_STEP][PASSED] - delay: Delayed 1 second(s)

2018-12-12 12:11:19 - [MESSAGE][PASSED] - Delayed 1 second(s)

2018-12-12 12:11:19 - [TEST_STEP][PASSED] - navigateToUrl: Navigate to 'https://assist2-uat.perkeso.gov.my/c/portal/logout' successfully

2018-12-12 12:11:20 - [MESSAGE][PASSED] - Navigate to 'https://assist2-uat.perkeso.gov.my/c/portal/logout' successfully

2018-12-12 12:11:20 - [TEST_STEP][PASSED] - callTestCase: Call Test Case 'Test Cases/Final Aug 2018 - PKS Automation/Registration Module/Workflow/Login and Search Case For Workflow' successfully

2018-12-12 12:11:20 - [TEST_CASE][PASSED] - Test Cases/Final Aug 2018 - PKS Automation/Registration Module/Workflow/Login and Search Case For Workflow: Test Cases/Final Aug 2018 - PKS Automation/Registration Module/Workflow/Login and Search Case For Workflow

2018-12-12 12:11:20 - [TEST_STEP][PASSED] - navigateToUrl: Navigate to 'https://assist2-uat.perkeso.gov.my/login' successfully

2018-12-12 12:11:20 - [MESSAGE][PASSED] - Navigate to 'https://assist2-uat.perkeso.gov.my/login' successfully

2018-12-12 12:11:20 - [TEST_STEP][PASSED] - setText: Text 'johoruo3@gmail.com' is set on object 'Object Repository/Final Object Repo/Login Page/Internal User/Email Address'

2018-12-12 12:11:21 - [MESSAGE][PASSED] - Text 'johoruo3@gmail.com' is set on object 'Object Repository/Final Object Repo/Login Page/Internal User/Email Address'

2018-12-12 12:11:21 - [TEST_STEP][PASSED] - click: Object: 'Object Repository/Final Object Repo/Login Page/Internal User/Next Button' is clicked on

2018-12-12 12:11:21 - [MESSAGE][PASSED] - Object: 'Object Repository/Final Object Repo/Login Page/Internal User/Next Button' is clicked on

2018-12-12 12:11:21 - [TEST_STEP][PASSED] - delay: Delayed 1 second(s)

2018-12-12 12:11:22 - [MESSAGE][PASSED] - Delayed 1 second(s)

2018-12-12 12:11:22 - [TEST_STEP][PASSED] - setEncryptedText: Text ****** has been set on object 'Object Repository/Final Object Repo/Login Page/Internal User/Password'

2018-12-12 12:11:22 - [MESSAGE][PASSED] - Text ****** has been set on object 'Object Repository/Final Object Repo/Login Page/Internal User/Password'

2018-12-12 12:11:22 - [TEST_STEP][PASSED] - click: Object: 'Object Repository/Final Object Repo/Login Page/Internal User/Login Button' is clicked on

2018-12-12 12:11:22 - [MESSAGE][PASSED] - Object: 'Object Repository/Final Object Repo/Login Page/Internal User/Login Button' is clicked on

2018-12-12 12:11:22 - [TEST_STEP][PASSED] - delay: Delayed 2 second(s)

2018-12-12 12:11:24 - [MESSAGE][PASSED] - Delayed 2 second(s)

2018-12-12 12:11:24 - [TEST_STEP][PASSED] - Statement - Try: Delayed 2 second(s)

2018-12-12 12:11:24 - [TEST_STEP][PASSED] - Statement - Checker = false: null

2018-12-12 12:11:24 - [TEST_STEP][PASSED] - Statement - Checker = com.kms.katalon.core.webui.keyword.WebUiBuiltInKeywords.verifyElementHasAttribute(com.kms.katalon.core.testobject.ObjectRepository.findTestObject(Final Object Repo/Landing Page/BM Detecting), "href", 20, OPTIONAL): Object 'Object Repository/Final Object Repo/Landing Page/BM Detecting' has attribute 'href'

2018-12-12 12:11:24 - [MESSAGE][PASSED] - Object 'Object Repository/Final Object Repo/Landing Page/BM Detecting' has attribute 'href'

2018-12-12 12:11:24 - [TEST_STEP][PASSED] - Statement - out.println(Checker): null

2018-12-12 12:11:24 - [TEST_STEP][PASSED] - Statement - If (Checker == false): null

2018-12-12 12:11:24 - [TEST_STEP][PASSED] - Statement - Else: null

2018-12-12 12:11:24 - [TEST_STEP][PASSED] - delay: Delayed 2 second(s)

2018-12-12 12:11:26 - [MESSAGE][PASSED] - Delayed 2 second(s)

2018-12-12 12:11:26 - [TEST_STEP][PASSED] - click: Object: 'Object Repository/Final Object Repo/Page_MyASSIST - ASSIST - Search Pending Case For Add Supporting Document/Search Information' is clicked on

2018-12-12 12:11:27 - [MESSAGE][PASSED] - Object: 'Object Repository/Final Object Repo/Page_MyASSIST - ASSIST - Search Pending Case For Add Supporting Document/Search Information' is clicked on

2018-12-12 12:11:27 - [TEST_STEP][PASSED] - delay: Delayed 3 second(s)

2018-12-12 12:11:30 - [MESSAGE][PASSED] - Delayed 3 second(s)

2018-12-12 12:11:30 - [TEST_STEP][PASSED] - sendKeys: Keys 'CUN122018C100006007' sent to object: 'Object Repository/Final Object Repo/Page_MyASSIST - ASSIST - Search Pending Case For Add Supporting Document/Reference No'

2018-12-12 12:11:30 - [MESSAGE][PASSED] - Keys 'CUN122018C100006007' sent to object: 'Object Repository/Final Object Repo/Page_MyASSIST - ASSIST - Search Pending Case For Add Supporting Document/Reference No'

2018-12-12 12:11:30 - [TEST_STEP][PASSED] - click: Object: 'Object Repository/Final Object Repo/Page_MyASSIST - ASSIST - Search Pending Case For Add Supporting Document/Search Reference No' is clicked on

2018-12-12 12:11:30 - [MESSAGE][PASSED] - Object: 'Object Repository/Final Object Repo/Page_MyASSIST - ASSIST - Search Pending Case For Add Supporting Document/Search Reference No' is clicked on

2018-12-12 12:11:30 - [TEST_STEP][PASSED] - delay: Delayed 2 second(s)

2018-12-12 12:11:32 - [MESSAGE][PASSED] - Delayed 2 second(s)

2018-12-12 12:11:32 - [TEST_STEP][PASSED] - click: Object: 'Object Repository/Final Object Repo/Page_MyASSIST - ASSIST - Search Pending Case For Add Supporting Document/Continue' is clicked on

2018-12-12 12:11:36 - [MESSAGE][PASSED] - Object: 'Object Repository/Final Object Repo/Page_MyASSIST - ASSIST - Search Pending Case For Add Supporting Document/Continue' is clicked on

2018-12-12 12:11:36 - [TEST_STEP][PASSED] - delay: Delayed 20 second(s)

2018-12-12 12:11:56 - [MESSAGE][PASSED] - Delayed 20 second(s)

2018-12-12 12:11:56 - [MESSAGE][PASSED] - Call Test Case 'Test Cases/Final Aug 2018 - PKS Automation/Registration Module/Workflow/Login and Search Case For Workflow' successfully

2018-12-12 12:11:56 - [TEST_STEP][PASSED] - delay: Delayed 10 second(s)

2018-12-12 12:12:06 - [MESSAGE][PASSED] - Delayed 10 second(s)

2018-12-12 12:12:06 - [TEST_STEP][PASSED] - click: Object: 'Object Repository/Final Object Repo/Page_Update Employer Information/Page_Update Employer Information UO (Approve)/Continue' is clicked on

2018-12-12 12:12:10 - [MESSAGE][PASSED] - Object: 'Object Repository/Final Object Repo/Page_Update Employer Information/Page_Update Employer Information UO (Approve)/Continue' is clicked on

2018-12-12 12:12:10 - [TEST_STEP][PASSED] - delay: Delayed 10 second(s)

2018-12-12 12:12:20 - [MESSAGE][PASSED] - Delayed 10 second(s)

2018-12-12 12:12:20 - [TEST_STEP][PASSED] - click: Object: 'Object Repository/Final Object Repo/Page_Update Employer Information/Page_Update Employer Information UO (Approve)/Save  Continue in Update Employer Information Page' is clicked on

2018-12-12 12:12:20 - [MESSAGE][PASSED] - Object: 'Object Repository/Final Object Repo/Page_Update Employer Information/Page_Update Employer Information UO (Approve)/Save  Continue in Update Employer Information Page' is clicked on

2018-12-12 12:12:20 - [TEST_STEP][PASSED] - delay: Delayed 3 second(s)

2018-12-12 12:12:23 - [MESSAGE][PASSED] - Delayed 3 second(s)

2018-12-12 12:12:23 - [TEST_STEP][PASSED] - click: Object: 'Object Repository/Final Object Repo/Page_Update Employer Information/Page_Update Employer Information UO (Approve)/Save  Continue in Uploading Supporting Document Page' is clicked on

2018-12-12 12:12:24 - [MESSAGE][PASSED] - Object: 'Object Repository/Final Object Repo/Page_Update Employer Information/Page_Update Employer Information UO (Approve)/Save  Continue in Uploading Supporting Document Page' is clicked on

2018-12-12 12:12:24 - [TEST_STEP][PASSED] - delay: Delayed 3 second(s)

2018-12-12 12:12:27 - [MESSAGE][PASSED] - Delayed 3 second(s)

2018-12-12 12:12:27 - [TEST_STEP][PASSED] - click: Object: 'Object Repository/Final Object Repo/Page_Update Employer Information/Page_Update Employer Information UO (Approve)/Approve' is clicked on

2018-12-12 12:12:28 - [MESSAGE][PASSED] - Object: 'Object Repository/Final Object Repo/Page_Update Employer Information/Page_Update Employer Information UO (Approve)/Approve' is clicked on

2018-12-12 12:12:28 - [TEST_STEP][PASSED] - delay: Delayed 2 second(s)

2018-12-12 12:12:30 - [MESSAGE][PASSED] - Delayed 2 second(s)

2018-12-12 12:12:30 - [TEST_STEP][PASSED] - click: Object: 'Object Repository/Final Object Repo/Page_Update Employer Information/Page_Update Employer Information UO (Approve)/Confirm' is clicked on

2018-12-12 12:12:30 - [MESSAGE][PASSED] - Object: 'Object Repository/Final Object Repo/Page_Update Employer Information/Page_Update Employer Information UO (Approve)/Confirm' is clicked on

2018-12-12 12:12:30 - [TEST_STEP][PASSED] - delay: Delayed 2 second(s)

2018-12-12 12:12:32 - [MESSAGE][PASSED] - Delayed 2 second(s)

2018-12-12 12:12:32 - [TEST_STEP][PASSED] - verifyElementVisible: Object 'Object Repository/Final Object Repo/Page_Update Employer Information/Page_Update Employer Information UO (Approve)/Message Your Request' is visible

2018-12-12 12:12:39 - [MESSAGE][PASSED] - Object 'Object Repository/Final Object Repo/Page_Update Employer Information/Page_Update Employer Information UO (Approve)/Message Your Request' is visible

2018-12-12 12:12:39 - [TEST_STEP][PASSED] - verifyElementVisible: Object 'Object Repository/Final Object Repo/Page_Update Employer Information/Page_Update Employer Information UO (Approve)/Letter of successful update' is visible

2018-12-12 12:12:40 - [MESSAGE][PASSED] - Object 'Object Repository/Final Object Repo/Page_Update Employer Information/Page_Update Employer Information UO (Approve)/Letter of successful update' is visible

2018-12-12 12:12:40 - [MESSAGE][PASSED] - Call Test Case 'Test Cases/Final Aug 2018 - PKS Automation/Registration Module/Workflow/Update Employer Information/Template/Update Employer Information - Special Case - UO (Approve)' successfully]]></system-out>
         <system-err><![CDATA[]]></system-err>
      </testcase>
      <testcase name="Test Cases/Final Aug 2018 - PKS Automation/Registration Module/Workflow/Update Employer Information/PKRBO - UO (Query)" classname="Test Cases/Final Aug 2018 - PKS Automation/Registration Module/Workflow/Update Employer Information/PKRBO - UO (Query)" status="PASSED">
         <system-out><![CDATA[2018-12-12 12:12:40 - [TEST_CASE][PASSED] - Test Cases/Final Aug 2018 - PKS Automation/Registration Module/Workflow/Update Employer Information/PKRBO - UO (Query): Test Cases/Final Aug 2018 - PKS Automation/Registration Module/Workflow/Update Employer Information/PKRBO - UO (Query)

2018-12-12 12:12:40 - [TEST_STEP][PASSED] - callTestCase: Call Test Case 'Test Cases/Final Aug 2018 - PKS Automation/Registration Module/Workflow/Update Employer Information/Template/Update Employer Information - Special Case (PKRBO)' successfully

2018-12-12 12:12:40 - [TEST_CASE][PASSED] - Test Cases/Final Aug 2018 - PKS Automation/Registration Module/Workflow/Update Employer Information/Template/Update Employer Information - Special Case (PKRBO): Test Cases/Final Aug 2018 - PKS Automation/Registration Module/Workflow/Update Employer Information/Template/Update Employer Information - Special Case (PKRBO)

2018-12-12 12:12:40 - [TEST_STEP][PASSED] - openBrowser: Browser is opened with url: ''

2018-12-12 12:12:40 - [MESSAGE][WARNING] - A browser is already opened. Closing browser and opening a new one

2018-12-12 12:12:44 - [MESSAGE][PASSED] - Browser is opened with url: ''

2018-12-12 12:12:44 - [TEST_STEP][PASSED] - navigateToUrl: Navigate to 'https://assist2-uat.perkeso.gov.my/login' successfully

2018-12-12 12:12:45 - [MESSAGE][PASSED] - Navigate to 'https://assist2-uat.perkeso.gov.my/login' successfully

2018-12-12 12:12:45 - [TEST_STEP][PASSED] - setText: Text 'johorpkrbo1@gmail.com' is set on object 'Object Repository/Final Object Repo/Login Page/Internal User/Email Address'

2018-12-12 12:12:45 - [MESSAGE][PASSED] - Text 'johorpkrbo1@gmail.com' is set on object 'Object Repository/Final Object Repo/Login Page/Internal User/Email Address'

2018-12-12 12:12:45 - [TEST_STEP][PASSED] - click: Object: 'Object Repository/Final Object Repo/Login Page/Internal User/Next Button' is clicked on

2018-12-12 12:12:45 - [MESSAGE][PASSED] - Object: 'Object Repository/Final Object Repo/Login Page/Internal User/Next Button' is clicked on

2018-12-12 12:12:45 - [TEST_STEP][PASSED] - delay: Delayed 1 second(s)

2018-12-12 12:12:46 - [MESSAGE][PASSED] - Delayed 1 second(s)

2018-12-12 12:12:46 - [TEST_STEP][PASSED] - setEncryptedText: Text ****** has been set on object 'Object Repository/Final Object Repo/Login Page/Internal User/Password'

2018-12-12 12:12:47 - [MESSAGE][PASSED] - Text ****** has been set on object 'Object Repository/Final Object Repo/Login Page/Internal User/Password'

2018-12-12 12:12:47 - [TEST_STEP][PASSED] - click: Object: 'Object Repository/Final Object Repo/Login Page/Internal User/Login Button' is clicked on

2018-12-12 12:12:47 - [MESSAGE][PASSED] - Object: 'Object Repository/Final Object Repo/Login Page/Internal User/Login Button' is clicked on

2018-12-12 12:12:47 - [TEST_STEP][PASSED] - Statement - tester = com.kms.katalon.core.testobject.ObjectRepository.findTestObject(Final Object Repo/Landing Page/Select to English): Finding Test Object with id 'Object Repository/Final Object Repo/Landing Page/Select to English'

2018-12-12 12:12:47 - [TEST_STEP][PASSED] - Statement - Try: Delayed 2 second(s)

2018-12-12 12:12:47 - [TEST_STEP][PASSED] - Statement - Checker = com.kms.katalon.core.webui.keyword.WebUiBuiltInKeywords.verifyElementNotPresent(tester, 3): Web element with id: 'Object Repository/Final Object Repo/Landing Page/Select to English' located by 'By.xpath: //a[@class = 'taglib-language-list-text' and @lang = 'en-US' and (contains(text(), 'EN') or contains(., 'EN'))]' is not present after '3' second(s)

2018-12-12 12:12:49 - [MESSAGE][PASSED] - Web element with id: 'Object Repository/Final Object Repo/Landing Page/Select to English' located by 'By.xpath: //a[@class = 'taglib-language-list-text' and @lang = 'en-US' and (contains(text(), 'EN') or contains(., 'EN'))]' is not present after '3' second(s)

2018-12-12 12:12:49 - [TEST_STEP][PASSED] - Statement - If (Checker == false): null

2018-12-12 12:12:49 - [TEST_STEP][PASSED] - delay: Delayed 2 second(s)

2018-12-12 12:12:51 - [MESSAGE][PASSED] - Delayed 2 second(s)

2018-12-12 12:12:51 - [TEST_STEP][PASSED] - delay: Delayed 5 second(s)

2018-12-12 12:12:56 - [MESSAGE][PASSED] - Delayed 5 second(s)

2018-12-12 12:12:56 - [TEST_STEP][PASSED] - navigateToUrl: Navigate to 'https://assist2-uat.perkeso.gov.my/web/registration/update/update-employer-information' successfully

2018-12-12 12:12:57 - [MESSAGE][PASSED] - Navigate to 'https://assist2-uat.perkeso.gov.my/web/registration/update/update-employer-information' successfully

2018-12-12 12:12:57 - [TEST_STEP][PASSED] - setText: Text 'E1102001065V ' is set on object 'Object Repository/Final Object Repo/Page_Update Employer Information/Employer Code'

2018-12-12 12:12:57 - [MESSAGE][PASSED] - Text 'E1102001065V ' is set on object 'Object Repository/Final Object Repo/Page_Update Employer Information/Employer Code'

2018-12-12 12:12:57 - [TEST_STEP][PASSED] - click: Object: 'Object Repository/Final Object Repo/Page_Update Employer Information/Search Button' is clicked on

2018-12-12 12:12:57 - [MESSAGE][PASSED] - Object: 'Object Repository/Final Object Repo/Page_Update Employer Information/Search Button' is clicked on

2018-12-12 12:12:57 - [TEST_STEP][PASSED] - click: Object: 'Object Repository/Final Object Repo/Page_Update Employer Information/Edit Button' is clicked on

2018-12-12 12:13:01 - [MESSAGE][PASSED] - Object: 'Object Repository/Final Object Repo/Page_Update Employer Information/Edit Button' is clicked on

2018-12-12 12:13:01 - [TEST_STEP][PASSED] - click: Object: 'Object Repository/Final Object Repo/Page_Update Employer Information/Business Entity' is clicked on

2018-12-12 12:13:01 - [MESSAGE][PASSED] - Object: 'Object Repository/Final Object Repo/Page_Update Employer Information/Business Entity' is clicked on

2018-12-12 12:13:01 - [TEST_STEP][PASSED] - Statement - CurrentBusinessEntity = "": null

2018-12-12 12:13:01 - [TEST_STEP][PASSED] - Statement - CurrentBusinessEntity = com.kms.katalon.core.webui.keyword.WebUiBuiltInKeywords.getText(com.kms.katalon.core.testobject.ObjectRepository.findTestObject(Final Object Repo/Page_Update Employer Information/Current Business Entity)): Text of object 'Object Repository/Final Object Repo/Page_Update Employer Information/Current Business Entity' is: 'Sole Proprietor / Individual Business'

2018-12-12 12:13:01 - [MESSAGE][PASSED] - Text of object 'Object Repository/Final Object Repo/Page_Update Employer Information/Current Business Entity' is: 'Sole Proprietor / Individual Business'

2018-12-12 12:13:01 - [TEST_STEP][PASSED] - Statement - out.println(CurrentBusinessEntity): null

2018-12-12 12:13:01 - [TEST_STEP][PASSED] - Statement - If (CurrentBusinessEntity == "Corporation"): null

2018-12-12 12:13:01 - [TEST_STEP][PASSED] - Statement - Else If (CurrentBusinessEntity == "Partnership"): null

2018-12-12 12:13:01 - [TEST_STEP][PASSED] - Statement - Else If (CurrentBusinessEntity == "Sole Proprietor / Individual Business"): Delayed 3 second(s)

2018-12-12 12:13:01 - [TEST_STEP][PASSED] - Statement - obj = com.kms.katalon.core.webui.keyword.WebUiBuiltInKeywords.modifyObjectProperty(com.kms.katalon.core.testobject.ObjectRepository.findTestObject(Final Object Repo/Page_Update Employer Information/change to this Business Entity), "xpath", "equals", "//ul/li/span[contains(text(),"Others")]", true, STOP_ON_FAILURE): Modify property of object successfully

2018-12-12 12:13:01 - [MESSAGE][PASSED] - Modify property of object successfully

2018-12-12 12:13:01 - [TEST_STEP][PASSED] - click: Object: 'Object Repository/Final Object Repo/Page_Update Employer Information/change to this Business Entity' is clicked on

2018-12-12 12:13:02 - [MESSAGE][PASSED] - Object: 'Object Repository/Final Object Repo/Page_Update Employer Information/change to this Business Entity' is clicked on

2018-12-12 12:13:02 - [TEST_STEP][PASSED] - delay: Delayed 1 second(s)

2018-12-12 12:13:03 - [MESSAGE][PASSED] - Delayed 1 second(s)

2018-12-12 12:13:03 - [TEST_STEP][PASSED] - click: Object: 'Object Repository/Final Object Repo/Page_Update Employer Information/Sub Business Entity' is clicked on

2018-12-12 12:13:03 - [MESSAGE][PASSED] - Object: 'Object Repository/Final Object Repo/Page_Update Employer Information/Sub Business Entity' is clicked on

2018-12-12 12:13:03 - [TEST_STEP][PASSED] - click: Object: 'Object Repository/Final Object Repo/Page_Update Employer Information/Sub Business Entity List - Others - Federal Government Agency' is clicked on

2018-12-12 12:13:03 - [MESSAGE][PASSED] - Object: 'Object Repository/Final Object Repo/Page_Update Employer Information/Sub Business Entity List - Others - Federal Government Agency' is clicked on

2018-12-12 12:13:03 - [TEST_STEP][PASSED] - delay: Delayed 1 second(s)

2018-12-12 12:13:04 - [MESSAGE][PASSED] - Delayed 1 second(s)

2018-12-12 12:13:04 - [TEST_STEP][PASSED] - click: Object: 'Object Repository/Final Object Repo/Page_Update Employer Information/Sub Business Entity List' is clicked on

2018-12-12 12:13:04 - [MESSAGE][PASSED] - Object: 'Object Repository/Final Object Repo/Page_Update Employer Information/Sub Business Entity List' is clicked on

2018-12-12 12:13:04 - [TEST_STEP][PASSED] - click: Object: 'Object Repository/Final Object Repo/Page_Update Employer Information/Sub Business Entity - Others - Federal Government Agency - Kementerian' is clicked on

2018-12-12 12:13:04 - [MESSAGE][PASSED] - Object: 'Object Repository/Final Object Repo/Page_Update Employer Information/Sub Business Entity - Others - Federal Government Agency - Kementerian' is clicked on

2018-12-12 12:13:04 - [TEST_STEP][PASSED] - delay: Delayed 3 second(s)

2018-12-12 12:13:07 - [MESSAGE][PASSED] - Delayed 3 second(s)

2018-12-12 12:13:07 - [TEST_STEP][PASSED] - delay: Delayed 4 second(s)

2018-12-12 12:13:11 - [MESSAGE][PASSED] - Delayed 4 second(s)

2018-12-12 12:13:11 - [TEST_STEP][PASSED] - click: Object: 'Object Repository/Final Object Repo/Page_Update Employer Information/Save  Continue' is clicked on

2018-12-12 12:13:12 - [MESSAGE][PASSED] - Object: 'Object Repository/Final Object Repo/Page_Update Employer Information/Save  Continue' is clicked on

2018-12-12 12:13:12 - [TEST_STEP][PASSED] - delay: Delayed 4 second(s)

2018-12-12 12:13:16 - [MESSAGE][PASSED] - Delayed 4 second(s)

2018-12-12 12:13:16 - [TEST_STEP][PASSED] - click: Object: 'Object Repository/Final Object Repo/Page_Update Employer Information/Save  Continue (1)' is clicked on

2018-12-12 12:13:16 - [MESSAGE][PASSED] - Object: 'Object Repository/Final Object Repo/Page_Update Employer Information/Save  Continue (1)' is clicked on

2018-12-12 12:13:16 - [TEST_STEP][PASSED] - delay: Delayed 4 second(s)

2018-12-12 12:13:20 - [MESSAGE][PASSED] - Delayed 4 second(s)

2018-12-12 12:13:20 - [TEST_STEP][PASSED] - Statement - CaseReferenceNo = com.kms.katalon.core.webui.keyword.WebUiBuiltInKeywords.getText(com.kms.katalon.core.testobject.ObjectRepository.findTestObject(Final Object Repo/Page_Update Employer Information/Reference Number in Update Employee Information Page)): Text of object 'Object Repository/Final Object Repo/Page_Update Employer Information/Reference Number in Update Employee Information Page' is: 'CUN122018C100006008'

2018-12-12 12:13:20 - [MESSAGE][PASSED] - Text of object 'Object Repository/Final Object Repo/Page_Update Employer Information/Reference Number in Update Employee Information Page' is: 'CUN122018C100006008'

2018-12-12 12:13:20 - [TEST_STEP][PASSED] - callTestCase: Call Test Case 'Test Cases/Final Aug 2018 - PKS Automation/Common/Reference Number Setter' successfully

2018-12-12 12:13:20 - [TEST_CASE][PASSED] - Test Cases/Final Aug 2018 - PKS Automation/Common/Reference Number Setter: Test Cases/Final Aug 2018 - PKS Automation/Common/Reference Number Setter

2018-12-12 12:13:20 - [TEST_STEP][PASSED] - Statement - RefNoOldFile = new java.io.File(C://Users//Admin//Desktop//PKS//Automation Reference Point//KatalonReference.txt): null

2018-12-12 12:13:20 - [TEST_STEP][PASSED] - Statement - RefNoOldFile.delete(): null

2018-12-12 12:13:20 - [TEST_STEP][PASSED] - delay: Delayed 5 second(s)

2018-12-12 12:13:25 - [MESSAGE][PASSED] - Delayed 5 second(s)

2018-12-12 12:13:25 - [TEST_STEP][PASSED] - Statement - RefNo = new java.io.File(C://Users//Admin//Desktop//PKS//Automation Reference Point//KatalonReference.txt): null

2018-12-12 12:13:25 - [TEST_STEP][PASSED] - Statement - f2 = new java.io.FileWriter(RefNo, false): null

2018-12-12 12:13:25 - [TEST_STEP][PASSED] - Statement - f2.write(CaseReferenceNo): null

2018-12-12 12:13:25 - [TEST_STEP][PASSED] - Statement - f2.close(): null

2018-12-12 12:13:25 - [TEST_STEP][PASSED] - Statement - out.println("


" + CaseReferenceNo + "


"): null

2018-12-12 12:13:25 - [MESSAGE][PASSED] - Call Test Case 'Test Cases/Final Aug 2018 - PKS Automation/Common/Reference Number Setter' successfully

2018-12-12 12:13:25 - [TEST_STEP][PASSED] - delay: Delayed 4 second(s)

2018-12-12 12:13:29 - [MESSAGE][PASSED] - Delayed 4 second(s)

2018-12-12 12:13:29 - [TEST_STEP][PASSED] - click: Object: 'Object Repository/Final Object Repo/Page_Update Employer Information/Submit - Copy' is clicked on

2018-12-12 12:13:29 - [MESSAGE][PASSED] - Object: 'Object Repository/Final Object Repo/Page_Update Employer Information/Submit - Copy' is clicked on

2018-12-12 12:13:29 - [TEST_STEP][PASSED] - delay: Delayed 2 second(s)

2018-12-12 12:13:31 - [MESSAGE][PASSED] - Delayed 2 second(s)

2018-12-12 12:13:31 - [TEST_STEP][PASSED] - click: Object: 'Object Repository/Final Object Repo/Page_Update Employer Information/Confirm' is clicked on

2018-12-12 12:13:31 - [MESSAGE][PASSED] - Object: 'Object Repository/Final Object Repo/Page_Update Employer Information/Confirm' is clicked on

2018-12-12 12:13:31 - [TEST_STEP][PASSED] - delay: Delayed 2 second(s)

2018-12-12 12:13:33 - [MESSAGE][PASSED] - Delayed 2 second(s)

2018-12-12 12:13:33 - [TEST_STEP][PASSED] - click: Object: 'Object Repository/Final Object Repo/Page_Update Employer Information/Message Your Request will be route' is clicked on

2018-12-12 12:13:35 - [MESSAGE][PASSED] - Object: 'Object Repository/Final Object Repo/Page_Update Employer Information/Message Your Request will be route' is clicked on

2018-12-12 12:13:35 - [MESSAGE][PASSED] - Call Test Case 'Test Cases/Final Aug 2018 - PKS Automation/Registration Module/Workflow/Update Employer Information/Template/Update Employer Information - Special Case (PKRBO)' successfully

2018-12-12 12:13:35 - [TEST_STEP][PASSED] - callTestCase: Call Test Case 'Test Cases/Final Aug 2018 - PKS Automation/Registration Module/Workflow/Update Employer Information/Template/Update Employer Information - Special Case - UO (Query)' successfully

2018-12-12 12:13:35 - [TEST_CASE][PASSED] - Test Cases/Final Aug 2018 - PKS Automation/Registration Module/Workflow/Update Employer Information/Template/Update Employer Information - Special Case - UO (Query): Test Cases/Final Aug 2018 - PKS Automation/Registration Module/Workflow/Update Employer Information/Template/Update Employer Information - Special Case - UO (Query)

2018-12-12 12:13:35 - [TEST_STEP][NOT_RUN] - callTestCase: NOT_RUN: callTestCase

2018-12-12 12:13:35 - [MESSAGE][NOT_RUN] - NOT_RUN: callTestCase

2018-12-12 12:13:35 - [TEST_STEP][PASSED] - delay: Delayed 1 second(s)

2018-12-12 12:13:36 - [MESSAGE][PASSED] - Delayed 1 second(s)

2018-12-12 12:13:36 - [TEST_STEP][PASSED] - navigateToUrl: Navigate to 'https://assist2-uat.perkeso.gov.my/c/portal/logout' successfully

2018-12-12 12:13:37 - [MESSAGE][PASSED] - Navigate to 'https://assist2-uat.perkeso.gov.my/c/portal/logout' successfully

2018-12-12 12:13:37 - [TEST_STEP][PASSED] - delay: Delayed 1 second(s)

2018-12-12 12:13:38 - [MESSAGE][PASSED] - Delayed 1 second(s)

2018-12-12 12:13:38 - [TEST_STEP][PASSED] - callTestCase: Call Test Case 'Test Cases/Final Aug 2018 - PKS Automation/Common/Reference Number Getter' successfully

2018-12-12 12:13:38 - [TEST_CASE][PASSED] - Test Cases/Final Aug 2018 - PKS Automation/Common/Reference Number Getter: Test Cases/Final Aug 2018 - PKS Automation/Common/Reference Number Getter

2018-12-12 12:13:38 - [TEST_STEP][PASSED] - Statement - Try: null

2018-12-12 12:13:38 - [TEST_STEP][PASSED] - Statement - RefNo = new java.io.File(C://Users//Admin//Desktop//PKS//Automation Reference Point//KatalonReference.txt): null

2018-12-12 12:13:38 - [TEST_STEP][PASSED] - Statement - bufferread = new java.io.BufferedReader(new java.io.FileReader(RefNo)): null

2018-12-12 12:13:38 - [TEST_STEP][PASSED] - Statement - readedVal = bufferread.readLine(): null

2018-12-12 12:13:38 - [TEST_STEP][PASSED] - Statement - out.println(CaseReferenceNo): null

2018-12-12 12:13:38 - [TEST_STEP][PASSED] - Statement - out.println(readedVal): null

2018-12-12 12:13:38 - [TEST_STEP][PASSED] - Statement - CaseReferenceNo = "": null

2018-12-12 12:13:38 - [TEST_STEP][PASSED] - Statement - CaseReferenceNo = readedVal: null

2018-12-12 12:13:38 - [MESSAGE][PASSED] - Call Test Case 'Test Cases/Final Aug 2018 - PKS Automation/Common/Reference Number Getter' successfully

2018-12-12 12:13:38 - [TEST_STEP][PASSED] - callTestCase: Call Test Case 'Test Cases/Final Aug 2018 - PKS Automation/Common/Workflow Owner Finder' successfully

2018-12-12 12:13:38 - [TEST_CASE][PASSED] - Test Cases/Final Aug 2018 - PKS Automation/Common/Workflow Owner Finder: Test Cases/Final Aug 2018 - PKS Automation/Common/Workflow Owner Finder

2018-12-12 12:13:38 - [TEST_STEP][PASSED] - openBrowser: Browser is opened with url: ''

2018-12-12 12:13:38 - [MESSAGE][WARNING] - A browser is already opened. Closing browser and opening a new one

2018-12-12 12:13:42 - [MESSAGE][PASSED] - Browser is opened with url: ''

2018-12-12 12:13:42 - [TEST_STEP][PASSED] - navigateToUrl: Navigate to 'https://assist2-uat.perkeso.gov.my/login' successfully

2018-12-12 12:13:43 - [MESSAGE][PASSED] - Navigate to 'https://assist2-uat.perkeso.gov.my/login' successfully

2018-12-12 12:13:43 - [TEST_STEP][PASSED] - delay: Delayed 5 second(s)

2018-12-12 12:13:48 - [MESSAGE][PASSED] - Delayed 5 second(s)

2018-12-12 12:13:48 - [TEST_STEP][PASSED] - setText: Text 'test@liferay.com' is set on object 'Object Repository/Final Object Repo/Login Page/Internal User/Email Address'

2018-12-12 12:13:48 - [MESSAGE][PASSED] - Text 'test@liferay.com' is set on object 'Object Repository/Final Object Repo/Login Page/Internal User/Email Address'

2018-12-12 12:13:48 - [TEST_STEP][PASSED] - click: Object: 'Object Repository/Final Object Repo/Login Page/Internal User/Next Button' is clicked on

2018-12-12 12:13:49 - [MESSAGE][PASSED] - Object: 'Object Repository/Final Object Repo/Login Page/Internal User/Next Button' is clicked on

2018-12-12 12:13:49 - [TEST_STEP][PASSED] - delay: Delayed 2 second(s)

2018-12-12 12:13:51 - [MESSAGE][PASSED] - Delayed 2 second(s)

2018-12-12 12:13:51 - [TEST_STEP][PASSED] - setText: Text 'test' is set on object 'Object Repository/Final Object Repo/Login Page/Internal User/Password'

2018-12-12 12:13:51 - [MESSAGE][PASSED] - Text 'test' is set on object 'Object Repository/Final Object Repo/Login Page/Internal User/Password'

2018-12-12 12:13:51 - [TEST_STEP][PASSED] - delay: Delayed 2 second(s)

2018-12-12 12:13:53 - [MESSAGE][PASSED] - Delayed 2 second(s)

2018-12-12 12:13:53 - [TEST_STEP][PASSED] - click: Object: 'Object Repository/Final Object Repo/Login Page/Internal User/Login Button' is clicked on

2018-12-12 12:13:53 - [MESSAGE][PASSED] - Object: 'Object Repository/Final Object Repo/Login Page/Internal User/Login Button' is clicked on

2018-12-12 12:13:53 - [TEST_STEP][PASSED] - Statement - tester = com.kms.katalon.core.testobject.ObjectRepository.findTestObject(Final Object Repo/Landing Page/Select to English): Finding Test Object with id 'Object Repository/Final Object Repo/Landing Page/Select to English'

2018-12-12 12:13:53 - [TEST_STEP][PASSED] - Statement - Try: Delayed 2 second(s)

2018-12-12 12:13:53 - [TEST_STEP][PASSED] - Statement - Checker = com.kms.katalon.core.webui.keyword.WebUiBuiltInKeywords.verifyElementNotPresent(tester, 3): Web element with id: 'Object Repository/Final Object Repo/Landing Page/Select to English' located by 'By.xpath: //a[@class = 'taglib-language-list-text' and @lang = 'en-US' and (contains(text(), 'EN') or contains(., 'EN'))]' is not present after '3' second(s)

2018-12-12 12:13:55 - [MESSAGE][PASSED] - Web element with id: 'Object Repository/Final Object Repo/Landing Page/Select to English' located by 'By.xpath: //a[@class = 'taglib-language-list-text' and @lang = 'en-US' and (contains(text(), 'EN') or contains(., 'EN'))]' is not present after '3' second(s)

2018-12-12 12:13:55 - [TEST_STEP][PASSED] - Statement - If (Checker == false): null

2018-12-12 12:13:55 - [TEST_STEP][PASSED] - delay: Delayed 2 second(s)

2018-12-12 12:13:57 - [MESSAGE][PASSED] - Delayed 2 second(s)

2018-12-12 12:13:57 - [TEST_STEP][PASSED] - delay: Delayed 5 second(s)

2018-12-12 12:14:02 - [MESSAGE][PASSED] - Delayed 5 second(s)

2018-12-12 12:14:02 - [TEST_STEP][PASSED] - mouseOver: Object: 'Object Repository/Final Object Repo/Landing Page/WorkFlow Menu' is hovered

2018-12-12 12:14:02 - [MESSAGE][PASSED] - Object: 'Object Repository/Final Object Repo/Landing Page/WorkFlow Menu' is hovered

2018-12-12 12:14:02 - [TEST_STEP][PASSED] - delay: Delayed 2 second(s)

2018-12-12 12:14:04 - [MESSAGE][PASSED] - Delayed 2 second(s)

2018-12-12 12:14:04 - [TEST_STEP][PASSED] - click: Object: 'Object Repository/Final Object Repo/Landing Page/Select to Workflow Listing' is clicked on

2018-12-12 12:14:05 - [MESSAGE][PASSED] - Object: 'Object Repository/Final Object Repo/Landing Page/Select to Workflow Listing' is clicked on

2018-12-12 12:14:05 - [TEST_STEP][PASSED] - delay: Delayed 2 second(s)

2018-12-12 12:14:07 - [MESSAGE][PASSED] - Delayed 2 second(s)

2018-12-12 12:14:07 - [TEST_STEP][PASSED] - click: Object: 'Object Repository/Final Object Repo/WorkFlow Listing Page/Search Information - To Put Ref No' is clicked on

2018-12-12 12:14:07 - [MESSAGE][PASSED] - Object: 'Object Repository/Final Object Repo/WorkFlow Listing Page/Search Information - To Put Ref No' is clicked on

2018-12-12 12:14:07 - [TEST_STEP][PASSED] - delay: Delayed 2 second(s)

2018-12-12 12:14:09 - [MESSAGE][PASSED] - Delayed 2 second(s)

2018-12-12 12:14:09 - [TEST_STEP][PASSED] - callTestCase: Call Test Case 'Test Cases/Final Aug 2018 - PKS Automation/Common/Reference Number Getter' successfully

2018-12-12 12:14:09 - [TEST_CASE][PASSED] - Test Cases/Final Aug 2018 - PKS Automation/Common/Reference Number Getter: Test Cases/Final Aug 2018 - PKS Automation/Common/Reference Number Getter

2018-12-12 12:14:09 - [TEST_STEP][PASSED] - Statement - Try: null

2018-12-12 12:14:09 - [TEST_STEP][PASSED] - Statement - RefNo = new java.io.File(C://Users//Admin//Desktop//PKS//Automation Reference Point//KatalonReference.txt): null

2018-12-12 12:14:09 - [TEST_STEP][PASSED] - Statement - bufferread = new java.io.BufferedReader(new java.io.FileReader(RefNo)): null

2018-12-12 12:14:09 - [TEST_STEP][PASSED] - Statement - readedVal = bufferread.readLine(): null

2018-12-12 12:14:09 - [TEST_STEP][PASSED] - Statement - out.println(CaseReferenceNo): null

2018-12-12 12:14:09 - [TEST_STEP][PASSED] - Statement - out.println(readedVal): null

2018-12-12 12:14:09 - [TEST_STEP][PASSED] - Statement - CaseReferenceNo = "": null

2018-12-12 12:14:09 - [TEST_STEP][PASSED] - Statement - CaseReferenceNo = readedVal: null

2018-12-12 12:14:09 - [MESSAGE][PASSED] - Call Test Case 'Test Cases/Final Aug 2018 - PKS Automation/Common/Reference Number Getter' successfully

2018-12-12 12:14:09 - [TEST_STEP][PASSED] - setText: Text 'CUN122018C100006008' is set on object 'Object Repository/Final Object Repo/WorkFlow Listing Page/Ref No Set Text'

2018-12-12 12:14:10 - [MESSAGE][PASSED] - Text 'CUN122018C100006008' is set on object 'Object Repository/Final Object Repo/WorkFlow Listing Page/Ref No Set Text'

2018-12-12 12:14:10 - [TEST_STEP][PASSED] - delay: Delayed 2 second(s)

2018-12-12 12:14:12 - [MESSAGE][PASSED] - Delayed 2 second(s)

2018-12-12 12:14:12 - [TEST_STEP][PASSED] - click: Object: 'Object Repository/Final Object Repo/WorkFlow Listing Page/Search Ref No Search Button' is clicked on

2018-12-12 12:14:12 - [MESSAGE][PASSED] - Object: 'Object Repository/Final Object Repo/WorkFlow Listing Page/Search Ref No Search Button' is clicked on

2018-12-12 12:14:12 - [TEST_STEP][PASSED] - delay: Delayed 6 second(s)

2018-12-12 12:14:18 - [MESSAGE][PASSED] - Delayed 6 second(s)

2018-12-12 12:14:18 - [TEST_STEP][PASSED] - click: Object: 'Object Repository/Final Object Repo/WorkFlow Listing Page/Click Continue Tooltip' is clicked on

2018-12-12 12:14:19 - [MESSAGE][PASSED] - Object: 'Object Repository/Final Object Repo/WorkFlow Listing Page/Click Continue Tooltip' is clicked on

2018-12-12 12:14:19 - [TEST_STEP][PASSED] - delay: Delayed 5 second(s)

2018-12-12 12:14:24 - [MESSAGE][PASSED] - Delayed 5 second(s)

2018-12-12 12:14:24 - [TEST_STEP][PASSED] - doubleClick: Object: 'Object Repository/Final Object Repo/WorkFlow Listing Page/Workflow Found - Listing 1' is double clicked on

2018-12-12 12:14:24 - [MESSAGE][PASSED] - Object: 'Object Repository/Final Object Repo/WorkFlow Listing Page/Workflow Found - Listing 1' is double clicked on

2018-12-12 12:14:24 - [TEST_STEP][PASSED] - Statement - println(OwnerID): null

2018-12-12 12:14:24 - [TEST_STEP][PASSED] - Statement - OwnerID = com.kms.katalon.core.webui.keyword.WebUiBuiltInKeywords.getText(com.kms.katalon.core.testobject.ObjectRepository.findTestObject(Final Object Repo/WorkFlow Listing Page/Workflow Found - Listing 1), STOP_ON_FAILURE): Text of object 'Object Repository/Final Object Repo/WorkFlow Listing Page/Workflow Found - Listing 1' is: 'JOHORuo1'

2018-12-12 12:14:24 - [MESSAGE][PASSED] - Text of object 'Object Repository/Final Object Repo/WorkFlow Listing Page/Workflow Found - Listing 1' is: 'JOHORuo1'

2018-12-12 12:14:24 - [TEST_STEP][PASSED] - Statement - OwnerID = OwnerID.toLowerCase() + "@gmail.com": null

2018-12-12 12:14:24 - [TEST_STEP][PASSED] - Statement - println(OwnerID): null

2018-12-12 12:14:24 - [TEST_STEP][PASSED] - delay: Delayed 2 second(s)

2018-12-12 12:14:26 - [MESSAGE][PASSED] - Delayed 2 second(s)

2018-12-12 12:14:26 - [MESSAGE][PASSED] - Call Test Case 'Test Cases/Final Aug 2018 - PKS Automation/Common/Workflow Owner Finder' successfully

2018-12-12 12:14:26 - [TEST_STEP][PASSED] - delay: Delayed 1 second(s)

2018-12-12 12:14:27 - [MESSAGE][PASSED] - Delayed 1 second(s)

2018-12-12 12:14:27 - [TEST_STEP][PASSED] - navigateToUrl: Navigate to 'https://assist2-uat.perkeso.gov.my/c/portal/logout' successfully

2018-12-12 12:14:28 - [MESSAGE][PASSED] - Navigate to 'https://assist2-uat.perkeso.gov.my/c/portal/logout' successfully

2018-12-12 12:14:28 - [TEST_STEP][PASSED] - delay: Delayed 1 second(s)

2018-12-12 12:14:29 - [MESSAGE][PASSED] - Delayed 1 second(s)

2018-12-12 12:14:29 - [TEST_STEP][PASSED] - callTestCase: Call Test Case 'Test Cases/Final Aug 2018 - PKS Automation/Registration Module/Workflow/Login and Search Case For Workflow' successfully

2018-12-12 12:14:29 - [TEST_CASE][PASSED] - Test Cases/Final Aug 2018 - PKS Automation/Registration Module/Workflow/Login and Search Case For Workflow: Test Cases/Final Aug 2018 - PKS Automation/Registration Module/Workflow/Login and Search Case For Workflow

2018-12-12 12:14:29 - [TEST_STEP][PASSED] - navigateToUrl: Navigate to 'https://assist2-uat.perkeso.gov.my/login' successfully

2018-12-12 12:14:29 - [MESSAGE][PASSED] - Navigate to 'https://assist2-uat.perkeso.gov.my/login' successfully

2018-12-12 12:14:29 - [TEST_STEP][PASSED] - setText: Text 'johoruo1@gmail.com' is set on object 'Object Repository/Final Object Repo/Login Page/Internal User/Email Address'

2018-12-12 12:14:30 - [MESSAGE][PASSED] - Text 'johoruo1@gmail.com' is set on object 'Object Repository/Final Object Repo/Login Page/Internal User/Email Address'

2018-12-12 12:14:30 - [TEST_STEP][PASSED] - click: Object: 'Object Repository/Final Object Repo/Login Page/Internal User/Next Button' is clicked on

2018-12-12 12:14:30 - [MESSAGE][PASSED] - Object: 'Object Repository/Final Object Repo/Login Page/Internal User/Next Button' is clicked on

2018-12-12 12:14:30 - [TEST_STEP][PASSED] - delay: Delayed 1 second(s)

2018-12-12 12:14:31 - [MESSAGE][PASSED] - Delayed 1 second(s)

2018-12-12 12:14:31 - [TEST_STEP][PASSED] - setEncryptedText: Text ****** has been set on object 'Object Repository/Final Object Repo/Login Page/Internal User/Password'

2018-12-12 12:14:31 - [MESSAGE][PASSED] - Text ****** has been set on object 'Object Repository/Final Object Repo/Login Page/Internal User/Password'

2018-12-12 12:14:31 - [TEST_STEP][PASSED] - click: Object: 'Object Repository/Final Object Repo/Login Page/Internal User/Login Button' is clicked on

2018-12-12 12:14:31 - [MESSAGE][PASSED] - Object: 'Object Repository/Final Object Repo/Login Page/Internal User/Login Button' is clicked on

2018-12-12 12:14:31 - [TEST_STEP][PASSED] - delay: Delayed 2 second(s)

2018-12-12 12:14:33 - [MESSAGE][PASSED] - Delayed 2 second(s)

2018-12-12 12:14:33 - [TEST_STEP][PASSED] - Statement - Try: Delayed 2 second(s)

2018-12-12 12:14:33 - [TEST_STEP][PASSED] - Statement - Checker = false: null

2018-12-12 12:14:33 - [TEST_STEP][PASSED] - Statement - Checker = com.kms.katalon.core.webui.keyword.WebUiBuiltInKeywords.verifyElementHasAttribute(com.kms.katalon.core.testobject.ObjectRepository.findTestObject(Final Object Repo/Landing Page/BM Detecting), "href", 20, OPTIONAL): Object 'Object Repository/Final Object Repo/Landing Page/BM Detecting' has attribute 'href'

2018-12-12 12:14:33 - [MESSAGE][PASSED] - Object 'Object Repository/Final Object Repo/Landing Page/BM Detecting' has attribute 'href'

2018-12-12 12:14:33 - [TEST_STEP][PASSED] - Statement - out.println(Checker): null

2018-12-12 12:14:33 - [TEST_STEP][PASSED] - Statement - If (Checker == false): null

2018-12-12 12:14:33 - [TEST_STEP][PASSED] - Statement - Else: null

2018-12-12 12:14:33 - [TEST_STEP][PASSED] - delay: Delayed 2 second(s)

2018-12-12 12:14:35 - [MESSAGE][PASSED] - Delayed 2 second(s)

2018-12-12 12:14:35 - [TEST_STEP][PASSED] - click: Object: 'Object Repository/Final Object Repo/Page_MyASSIST - ASSIST - Search Pending Case For Add Supporting Document/Search Information' is clicked on

2018-12-12 12:14:36 - [MESSAGE][PASSED] - Object: 'Object Repository/Final Object Repo/Page_MyASSIST - ASSIST - Search Pending Case For Add Supporting Document/Search Information' is clicked on

2018-12-12 12:14:36 - [TEST_STEP][PASSED] - delay: Delayed 3 second(s)

2018-12-12 12:14:39 - [MESSAGE][PASSED] - Delayed 3 second(s)

2018-12-12 12:14:39 - [TEST_STEP][PASSED] - sendKeys: Keys 'CUN122018C100006008' sent to object: 'Object Repository/Final Object Repo/Page_MyASSIST - ASSIST - Search Pending Case For Add Supporting Document/Reference No'

2018-12-12 12:14:39 - [MESSAGE][PASSED] - Keys 'CUN122018C100006008' sent to object: 'Object Repository/Final Object Repo/Page_MyASSIST - ASSIST - Search Pending Case For Add Supporting Document/Reference No'

2018-12-12 12:14:39 - [TEST_STEP][PASSED] - click: Object: 'Object Repository/Final Object Repo/Page_MyASSIST - ASSIST - Search Pending Case For Add Supporting Document/Search Reference No' is clicked on

2018-12-12 12:14:39 - [MESSAGE][PASSED] - Object: 'Object Repository/Final Object Repo/Page_MyASSIST - ASSIST - Search Pending Case For Add Supporting Document/Search Reference No' is clicked on

2018-12-12 12:14:39 - [TEST_STEP][PASSED] - delay: Delayed 2 second(s)

2018-12-12 12:14:41 - [MESSAGE][PASSED] - Delayed 2 second(s)

2018-12-12 12:14:41 - [TEST_STEP][PASSED] - click: Object: 'Object Repository/Final Object Repo/Page_MyASSIST - ASSIST - Search Pending Case For Add Supporting Document/Continue' is clicked on

2018-12-12 12:14:45 - [MESSAGE][PASSED] - Object: 'Object Repository/Final Object Repo/Page_MyASSIST - ASSIST - Search Pending Case For Add Supporting Document/Continue' is clicked on

2018-12-12 12:14:45 - [TEST_STEP][PASSED] - delay: Delayed 20 second(s)

2018-12-12 12:15:05 - [MESSAGE][PASSED] - Delayed 20 second(s)

2018-12-12 12:15:05 - [MESSAGE][PASSED] - Call Test Case 'Test Cases/Final Aug 2018 - PKS Automation/Registration Module/Workflow/Login and Search Case For Workflow' successfully

2018-12-12 12:15:05 - [TEST_STEP][PASSED] - delay: Delayed 2 second(s)

2018-12-12 12:15:07 - [MESSAGE][PASSED] - Delayed 2 second(s)

2018-12-12 12:15:07 - [TEST_STEP][PASSED] - click: Object: 'Object Repository/Final Object Repo/Page_Update Employer Information/Page_Update Employer Information UO (Approve)/Continue' is clicked on

2018-12-12 12:15:11 - [MESSAGE][PASSED] - Object: 'Object Repository/Final Object Repo/Page_Update Employer Information/Page_Update Employer Information UO (Approve)/Continue' is clicked on

2018-12-12 12:15:11 - [TEST_STEP][PASSED] - delay: Delayed 2 second(s)

2018-12-12 12:15:13 - [MESSAGE][PASSED] - Delayed 2 second(s)

2018-12-12 12:15:13 - [TEST_STEP][PASSED] - click: Object: 'Object Repository/Final Object Repo/Page_Update Employer Information/Page_Update Employer Information UO (Approve)/Save  Continue in Update Employer Information Page' is clicked on

2018-12-12 12:15:13 - [MESSAGE][PASSED] - Object: 'Object Repository/Final Object Repo/Page_Update Employer Information/Page_Update Employer Information UO (Approve)/Save  Continue in Update Employer Information Page' is clicked on

2018-12-12 12:15:13 - [TEST_STEP][PASSED] - delay: Delayed 2 second(s)

2018-12-12 12:15:15 - [MESSAGE][PASSED] - Delayed 2 second(s)

2018-12-12 12:15:15 - [TEST_STEP][PASSED] - setText: Text 'Query' is set on object 'Object Repository/Final Object Repo/Page_Update Employer Information/Page_Update Employer Information UO (Query)/Query - Remark'

2018-12-12 12:15:17 - [MESSAGE][PASSED] - Text 'Query' is set on object 'Object Repository/Final Object Repo/Page_Update Employer Information/Page_Update Employer Information UO (Query)/Query - Remark'

2018-12-12 12:15:17 - [TEST_STEP][PASSED] - delay: Delayed 2 second(s)

2018-12-12 12:15:19 - [MESSAGE][PASSED] - Delayed 2 second(s)

2018-12-12 12:15:19 - [TEST_STEP][PASSED] - click: Object: 'Object Repository/Final Object Repo/Page_Update Employer Information/Page_Update Employer Information UO (Approve)/Save  Continue in Uploading Supporting Document Page' is clicked on

2018-12-12 12:15:19 - [MESSAGE][PASSED] - Object: 'Object Repository/Final Object Repo/Page_Update Employer Information/Page_Update Employer Information UO (Approve)/Save  Continue in Uploading Supporting Document Page' is clicked on

2018-12-12 12:15:19 - [TEST_STEP][PASSED] - delay: Delayed 2 second(s)

2018-12-12 12:15:21 - [MESSAGE][PASSED] - Delayed 2 second(s)

2018-12-12 12:15:21 - [TEST_STEP][PASSED] - click: Object: 'Object Repository/Final Object Repo/Page_Update Employer Information/Page_Update Employer Information UO (Query)/Query' is clicked on

2018-12-12 12:15:23 - [MESSAGE][PASSED] - Object: 'Object Repository/Final Object Repo/Page_Update Employer Information/Page_Update Employer Information UO (Query)/Query' is clicked on

2018-12-12 12:15:23 - [TEST_STEP][PASSED] - delay: Delayed 2 second(s)

2018-12-12 12:15:25 - [MESSAGE][PASSED] - Delayed 2 second(s)

2018-12-12 12:15:25 - [TEST_STEP][PASSED] - click: Object: 'Object Repository/Final Object Repo/Page_Update Employer Information/Page_Update Employer Information UO (Query)/Confirm' is clicked on

2018-12-12 12:15:25 - [MESSAGE][PASSED] - Object: 'Object Repository/Final Object Repo/Page_Update Employer Information/Page_Update Employer Information UO (Query)/Confirm' is clicked on

2018-12-12 12:15:25 - [TEST_STEP][PASSED] - delay: Delayed 2 second(s)

2018-12-12 12:15:27 - [MESSAGE][PASSED] - Delayed 2 second(s)

2018-12-12 12:15:27 - [TEST_STEP][PASSED] - doubleClick: Object: 'Object Repository/Final Object Repo/Page_Update Employer Information/Page_Update Employer Information UO (Query)/Message The Case Is Under Query' is double clicked on

2018-12-12 12:15:32 - [MESSAGE][PASSED] - Object: 'Object Repository/Final Object Repo/Page_Update Employer Information/Page_Update Employer Information UO (Query)/Message The Case Is Under Query' is double clicked on

2018-12-12 12:15:32 - [TEST_STEP][PASSED] - delay: Delayed 2 second(s)

2018-12-12 12:15:34 - [MESSAGE][PASSED] - Delayed 2 second(s)

2018-12-12 12:15:34 - [TEST_STEP][PASSED] - click: Object: 'Object Repository/Final Object Repo/Page_Update Employer Information/Page_Update Employer Information UO (Query)/Letter of inquiry.pdf' is clicked on

2018-12-12 12:15:35 - [MESSAGE][PASSED] - Object: 'Object Repository/Final Object Repo/Page_Update Employer Information/Page_Update Employer Information UO (Query)/Letter of inquiry.pdf' is clicked on

2018-12-12 12:15:35 - [TEST_STEP][PASSED] - delay: Delayed 1 second(s)

2018-12-12 12:15:36 - [MESSAGE][PASSED] - Delayed 1 second(s)

2018-12-12 12:15:36 - [TEST_STEP][PASSED] - callTestCase: Call Test Case 'Test Cases/Final Aug 2018 - PKS Automation/Registration Module/Log Out/log out avoiding katalon tagging' successfully

2018-12-12 12:15:36 - [TEST_CASE][PASSED] - Test Cases/Final Aug 2018 - PKS Automation/Registration Module/Log Out/log out avoiding katalon tagging: Test Cases/Final Aug 2018 - PKS Automation/Registration Module/Log Out/log out avoiding katalon tagging

2018-12-12 12:15:36 - [TEST_STEP][PASSED] - navigateToUrl: Navigate to 'https://assist2-uat.perkeso.gov.my/c/portal/logout' successfully

2018-12-12 12:15:36 - [MESSAGE][PASSED] - Navigate to 'https://assist2-uat.perkeso.gov.my/c/portal/logout' successfully

2018-12-12 12:15:36 - [MESSAGE][PASSED] - Call Test Case 'Test Cases/Final Aug 2018 - PKS Automation/Registration Module/Log Out/log out avoiding katalon tagging' successfully

2018-12-12 12:15:36 - [TEST_STEP][NOT_RUN] - navigateToUrl: NOT_RUN: navigateToUrl

2018-12-12 12:15:36 - [MESSAGE][NOT_RUN] - NOT_RUN: navigateToUrl

2018-12-12 12:15:36 - [TEST_STEP][PASSED] - delay: Delayed 1 second(s)

2018-12-12 12:15:37 - [MESSAGE][PASSED] - Delayed 1 second(s)

2018-12-12 12:15:37 - [TEST_STEP][PASSED] - callTestCase: Call Test Case 'Test Cases/Final Aug 2018 - PKS Automation/Registration Module/Workflow/Search Pending Case For Add Supporting Document (OTC)' successfully

2018-12-12 12:15:38 - [TEST_CASE][PASSED] - Test Cases/Final Aug 2018 - PKS Automation/Registration Module/Workflow/Search Pending Case For Add Supporting Document (OTC): Test Cases/Final Aug 2018 - PKS Automation/Registration Module/Workflow/Search Pending Case For Add Supporting Document (OTC)

2018-12-12 12:15:38 - [TEST_STEP][PASSED] - openBrowser: Browser is opened with url: ''

2018-12-12 12:15:38 - [MESSAGE][WARNING] - A browser is already opened. Closing browser and opening a new one

2018-12-12 12:15:41 - [MESSAGE][PASSED] - Browser is opened with url: ''

2018-12-12 12:15:41 - [TEST_STEP][PASSED] - navigateToUrl: Navigate to 'https://assist2-uat.perkeso.gov.my/login' successfully

2018-12-12 12:15:42 - [MESSAGE][PASSED] - Navigate to 'https://assist2-uat.perkeso.gov.my/login' successfully

2018-12-12 12:15:42 - [TEST_STEP][PASSED] - setText: Text 'johorotc1@gmail.com' is set on object 'Object Repository/Final Object Repo/Login Page/Internal User/Email Address'

2018-12-12 12:15:43 - [MESSAGE][PASSED] - Text 'johorotc1@gmail.com' is set on object 'Object Repository/Final Object Repo/Login Page/Internal User/Email Address'

2018-12-12 12:15:43 - [TEST_STEP][PASSED] - click: Object: 'Object Repository/Final Object Repo/Login Page/Internal User/Next Button' is clicked on

2018-12-12 12:15:43 - [MESSAGE][PASSED] - Object: 'Object Repository/Final Object Repo/Login Page/Internal User/Next Button' is clicked on

2018-12-12 12:15:43 - [TEST_STEP][PASSED] - delay: Delayed 1 second(s)

2018-12-12 12:15:44 - [MESSAGE][PASSED] - Delayed 1 second(s)

2018-12-12 12:15:44 - [TEST_STEP][PASSED] - setEncryptedText: Text ****** has been set on object 'Object Repository/Final Object Repo/Login Page/Internal User/Password'

2018-12-12 12:15:44 - [MESSAGE][PASSED] - Text ****** has been set on object 'Object Repository/Final Object Repo/Login Page/Internal User/Password'

2018-12-12 12:15:44 - [TEST_STEP][PASSED] - click: Object: 'Object Repository/Final Object Repo/Login Page/Internal User/Login Button' is clicked on

2018-12-12 12:15:44 - [MESSAGE][PASSED] - Object: 'Object Repository/Final Object Repo/Login Page/Internal User/Login Button' is clicked on

2018-12-12 12:15:44 - [TEST_STEP][PASSED] - delay: Delayed 1 second(s)

2018-12-12 12:15:45 - [MESSAGE][PASSED] - Delayed 1 second(s)

2018-12-12 12:15:45 - [TEST_STEP][PASSED] - Statement - Try: Delayed 2 second(s)

2018-12-12 12:15:45 - [TEST_STEP][PASSED] - Statement - Checker = false: null

2018-12-12 12:15:45 - [TEST_STEP][PASSED] - Statement - Checker = com.kms.katalon.core.webui.keyword.WebUiBuiltInKeywords.verifyElementHasAttribute(com.kms.katalon.core.testobject.ObjectRepository.findTestObject(Final Object Repo/Landing Page/BM Detecting), "href", 20, OPTIONAL): Object 'Object Repository/Final Object Repo/Landing Page/BM Detecting' has attribute 'href'

2018-12-12 12:15:46 - [MESSAGE][PASSED] - Object 'Object Repository/Final Object Repo/Landing Page/BM Detecting' has attribute 'href'

2018-12-12 12:15:46 - [TEST_STEP][PASSED] - Statement - out.println(Checker): null

2018-12-12 12:15:46 - [TEST_STEP][PASSED] - Statement - If (Checker == false): null

2018-12-12 12:15:46 - [TEST_STEP][PASSED] - Statement - Else: null

2018-12-12 12:15:46 - [TEST_STEP][PASSED] - delay: Delayed 2 second(s)

2018-12-12 12:15:48 - [MESSAGE][PASSED] - Delayed 2 second(s)

2018-12-12 12:15:48 - [TEST_STEP][PASSED] - navigateToUrl: Navigate to 'https://assist2-uat.perkeso.gov.my/web/registration/search/search-pending-case-for-add-supporting-document' successfully

2018-12-12 12:15:49 - [MESSAGE][PASSED] - Navigate to 'https://assist2-uat.perkeso.gov.my/web/registration/search/search-pending-case-for-add-supporting-document' successfully

2018-12-12 12:15:49 - [TEST_STEP][PASSED] - click: Object: 'Object Repository/Final Object Repo/Page_Search Pending Case For Add Suporting Document/Search By' is clicked on

2018-12-12 12:15:49 - [MESSAGE][PASSED] - Object: 'Object Repository/Final Object Repo/Page_Search Pending Case For Add Suporting Document/Search By' is clicked on

2018-12-12 12:15:49 - [TEST_STEP][PASSED] - click: Object: 'Object Repository/Final Object Repo/Page_Search Pending Case For Add Suporting Document/Search By - Reference ID' is clicked on

2018-12-12 12:15:49 - [MESSAGE][PASSED] - Object: 'Object Repository/Final Object Repo/Page_Search Pending Case For Add Suporting Document/Search By - Reference ID' is clicked on

2018-12-12 12:15:49 - [TEST_STEP][PASSED] - delay: Delayed 2 second(s)

2018-12-12 12:15:51 - [MESSAGE][PASSED] - Delayed 2 second(s)

2018-12-12 12:15:51 - [TEST_STEP][PASSED] - setText: Text 'CUN122018C100006008' is set on object 'Object Repository/Final Object Repo/Page_Search Pending Case For Add Suporting Document/Reference ID'

2018-12-12 12:15:52 - [MESSAGE][PASSED] - Text 'CUN122018C100006008' is set on object 'Object Repository/Final Object Repo/Page_Search Pending Case For Add Suporting Document/Reference ID'

2018-12-12 12:15:52 - [TEST_STEP][PASSED] - click: Object: 'Object Repository/Final Object Repo/Page_Search Pending Case For Add Suporting Document/Search' is clicked on

2018-12-12 12:15:52 - [MESSAGE][PASSED] - Object: 'Object Repository/Final Object Repo/Page_Search Pending Case For Add Suporting Document/Search' is clicked on

2018-12-12 12:15:52 - [TEST_STEP][PASSED] - delay: Delayed 2 second(s)

2018-12-12 12:15:54 - [MESSAGE][PASSED] - Delayed 2 second(s)

2018-12-12 12:15:54 - [TEST_STEP][PASSED] - click: Object: 'Object Repository/Final Object Repo/Page_Search Pending Case For Add Suporting Document/Edit' is clicked on

2018-12-12 12:15:57 - [MESSAGE][PASSED] - Object: 'Object Repository/Final Object Repo/Page_Search Pending Case For Add Suporting Document/Edit' is clicked on

2018-12-12 12:15:57 - [MESSAGE][PASSED] - Call Test Case 'Test Cases/Final Aug 2018 - PKS Automation/Registration Module/Workflow/Search Pending Case For Add Supporting Document (OTC)' successfully

2018-12-12 12:15:57 - [TEST_STEP][PASSED] - click: Object: 'Object Repository/Final Object Repo/Page_Update Employer Information/Page_Update Employer Information UO (Query -OTC -UO)/Next' is clicked on

2018-12-12 12:16:00 - [MESSAGE][PASSED] - Object: 'Object Repository/Final Object Repo/Page_Update Employer Information/Page_Update Employer Information UO (Query -OTC -UO)/Next' is clicked on

2018-12-12 12:16:00 - [TEST_STEP][PASSED] - delay: Delayed 2 second(s)

2018-12-12 12:16:02 - [MESSAGE][PASSED] - Delayed 2 second(s)

2018-12-12 12:16:02 - [TEST_STEP][PASSED] - click: Object: 'Object Repository/Final Object Repo/Page_Update Employer Information/Page_Update Employer Information UO (Query -OTC -UO)/Add Document' is clicked on

2018-12-12 12:16:03 - [MESSAGE][PASSED] - Object: 'Object Repository/Final Object Repo/Page_Update Employer Information/Page_Update Employer Information UO (Query -OTC -UO)/Add Document' is clicked on

2018-12-12 12:16:03 - [TEST_STEP][PASSED] - delay: Delayed 2 second(s)

2018-12-12 12:16:05 - [MESSAGE][PASSED] - Delayed 2 second(s)

2018-12-12 12:16:05 - [TEST_STEP][PASSED] - click: Object: 'Object Repository/Final Object Repo/Page_Update Employer Information/Page_Update Employer Information UO (Query -OTC -UO)/Document Type' is clicked on

2018-12-12 12:16:06 - [MESSAGE][PASSED] - Object: 'Object Repository/Final Object Repo/Page_Update Employer Information/Page_Update Employer Information UO (Query -OTC -UO)/Document Type' is clicked on

2018-12-12 12:16:06 - [TEST_STEP][PASSED] - click: Object: 'Object Repository/Final Object Repo/Page_Update Employer Information/Page_Update Employer Information UO (Query -OTC -UO)/Document Type - Other' is clicked on

2018-12-12 12:16:06 - [MESSAGE][PASSED] - Object: 'Object Repository/Final Object Repo/Page_Update Employer Information/Page_Update Employer Information UO (Query -OTC -UO)/Document Type - Other' is clicked on

2018-12-12 12:16:06 - [TEST_STEP][PASSED] - delay: Delayed 2 second(s)

2018-12-12 12:16:08 - [MESSAGE][PASSED] - Delayed 2 second(s)

2018-12-12 12:16:08 - [TEST_STEP][PASSED] - sendKeys: Keys 'C:\Users\Public\Pictures\Sample Pictures\Koala.jpg' sent to object: 'Object Repository/Final Object Repo/Page_Update Employer Information/Page_Update Employer Information UO (Query -OTC -UO)/Uploading File'

2018-12-12 12:16:08 - [MESSAGE][PASSED] - Keys 'C:\Users\Public\Pictures\Sample Pictures\Koala.jpg' sent to object: 'Object Repository/Final Object Repo/Page_Update Employer Information/Page_Update Employer Information UO (Query -OTC -UO)/Uploading File'

2018-12-12 12:16:08 - [TEST_STEP][PASSED] - delay: Delayed 2 second(s)

2018-12-12 12:16:10 - [MESSAGE][PASSED] - Delayed 2 second(s)

2018-12-12 12:16:10 - [TEST_STEP][PASSED] - click: Object: 'Object Repository/Final Object Repo/Page_Update Employer Information/Page_Update Employer Information UO (Query -OTC -UO)/Add Document in Uploading Page' is clicked on

2018-12-12 12:16:10 - [MESSAGE][PASSED] - Object: 'Object Repository/Final Object Repo/Page_Update Employer Information/Page_Update Employer Information UO (Query -OTC -UO)/Add Document in Uploading Page' is clicked on

2018-12-12 12:16:10 - [TEST_STEP][PASSED] - delay: Delayed 2 second(s)

2018-12-12 12:16:12 - [MESSAGE][PASSED] - Delayed 2 second(s)

2018-12-12 12:16:12 - [TEST_STEP][PASSED] - click: Object: 'Object Repository/Final Object Repo/Page_Update Employer Information/Page_Update Employer Information UO (Query -OTC -UO)/Exit' is clicked on

2018-12-12 12:16:15 - [MESSAGE][PASSED] - Object: 'Object Repository/Final Object Repo/Page_Update Employer Information/Page_Update Employer Information UO (Query -OTC -UO)/Exit' is clicked on

2018-12-12 12:16:15 - [TEST_STEP][PASSED] - delay: Delayed 2 second(s)

2018-12-12 12:16:17 - [MESSAGE][PASSED] - Delayed 2 second(s)

2018-12-12 12:16:17 - [TEST_STEP][PASSED] - delay: Delayed 1 second(s)

2018-12-12 12:16:18 - [MESSAGE][PASSED] - Delayed 1 second(s)

2018-12-12 12:16:18 - [TEST_STEP][PASSED] - navigateToUrl: Navigate to 'https://assist2-uat.perkeso.gov.my/c/portal/logout' successfully

2018-12-12 12:16:19 - [MESSAGE][PASSED] - Navigate to 'https://assist2-uat.perkeso.gov.my/c/portal/logout' successfully

2018-12-12 12:16:19 - [TEST_STEP][PASSED] - delay: Delayed 1 second(s)

2018-12-12 12:16:20 - [MESSAGE][PASSED] - Delayed 1 second(s)

2018-12-12 12:16:20 - [TEST_STEP][PASSED] - callTestCase: Call Test Case 'Test Cases/Final Aug 2018 - PKS Automation/Registration Module/Workflow/Login and Search Case For Workflow' successfully

2018-12-12 12:16:20 - [TEST_CASE][PASSED] - Test Cases/Final Aug 2018 - PKS Automation/Registration Module/Workflow/Login and Search Case For Workflow: Test Cases/Final Aug 2018 - PKS Automation/Registration Module/Workflow/Login and Search Case For Workflow

2018-12-12 12:16:20 - [TEST_STEP][PASSED] - navigateToUrl: Navigate to 'https://assist2-uat.perkeso.gov.my/login' successfully

2018-12-12 12:16:20 - [MESSAGE][PASSED] - Navigate to 'https://assist2-uat.perkeso.gov.my/login' successfully

2018-12-12 12:16:20 - [TEST_STEP][PASSED] - setText: Text 'johoruo1@gmail.com' is set on object 'Object Repository/Final Object Repo/Login Page/Internal User/Email Address'

2018-12-12 12:16:20 - [MESSAGE][PASSED] - Text 'johoruo1@gmail.com' is set on object 'Object Repository/Final Object Repo/Login Page/Internal User/Email Address'

2018-12-12 12:16:20 - [TEST_STEP][PASSED] - click: Object: 'Object Repository/Final Object Repo/Login Page/Internal User/Next Button' is clicked on

2018-12-12 12:16:21 - [MESSAGE][PASSED] - Object: 'Object Repository/Final Object Repo/Login Page/Internal User/Next Button' is clicked on

2018-12-12 12:16:21 - [TEST_STEP][PASSED] - delay: Delayed 1 second(s)

2018-12-12 12:16:22 - [MESSAGE][PASSED] - Delayed 1 second(s)

2018-12-12 12:16:22 - [TEST_STEP][PASSED] - setEncryptedText: Text ****** has been set on object 'Object Repository/Final Object Repo/Login Page/Internal User/Password'

2018-12-12 12:16:22 - [MESSAGE][PASSED] - Text ****** has been set on object 'Object Repository/Final Object Repo/Login Page/Internal User/Password'

2018-12-12 12:16:22 - [TEST_STEP][PASSED] - click: Object: 'Object Repository/Final Object Repo/Login Page/Internal User/Login Button' is clicked on

2018-12-12 12:16:22 - [MESSAGE][PASSED] - Object: 'Object Repository/Final Object Repo/Login Page/Internal User/Login Button' is clicked on

2018-12-12 12:16:22 - [TEST_STEP][PASSED] - delay: Delayed 2 second(s)

2018-12-12 12:16:24 - [MESSAGE][PASSED] - Delayed 2 second(s)

2018-12-12 12:16:24 - [TEST_STEP][PASSED] - Statement - Try: Delayed 2 second(s)

2018-12-12 12:16:24 - [TEST_STEP][PASSED] - Statement - Checker = false: null

2018-12-12 12:16:24 - [TEST_STEP][PASSED] - Statement - Checker = com.kms.katalon.core.webui.keyword.WebUiBuiltInKeywords.verifyElementHasAttribute(com.kms.katalon.core.testobject.ObjectRepository.findTestObject(Final Object Repo/Landing Page/BM Detecting), "href", 20, OPTIONAL): Object 'Object Repository/Final Object Repo/Landing Page/BM Detecting' has attribute 'href'

2018-12-12 12:16:24 - [MESSAGE][PASSED] - Object 'Object Repository/Final Object Repo/Landing Page/BM Detecting' has attribute 'href'

2018-12-12 12:16:24 - [TEST_STEP][PASSED] - Statement - out.println(Checker): null

2018-12-12 12:16:24 - [TEST_STEP][PASSED] - Statement - If (Checker == false): null

2018-12-12 12:16:24 - [TEST_STEP][PASSED] - Statement - Else: null

2018-12-12 12:16:24 - [TEST_STEP][PASSED] - delay: Delayed 2 second(s)

2018-12-12 12:16:26 - [MESSAGE][PASSED] - Delayed 2 second(s)

2018-12-12 12:16:26 - [TEST_STEP][PASSED] - click: Object: 'Object Repository/Final Object Repo/Page_MyASSIST - ASSIST - Search Pending Case For Add Supporting Document/Search Information' is clicked on

2018-12-12 12:16:26 - [MESSAGE][PASSED] - Object: 'Object Repository/Final Object Repo/Page_MyASSIST - ASSIST - Search Pending Case For Add Supporting Document/Search Information' is clicked on

2018-12-12 12:16:26 - [TEST_STEP][PASSED] - delay: Delayed 3 second(s)

2018-12-12 12:16:29 - [MESSAGE][PASSED] - Delayed 3 second(s)

2018-12-12 12:16:29 - [TEST_STEP][PASSED] - sendKeys: Keys 'CUN122018C100006008' sent to object: 'Object Repository/Final Object Repo/Page_MyASSIST - ASSIST - Search Pending Case For Add Supporting Document/Reference No'

2018-12-12 12:16:30 - [MESSAGE][PASSED] - Keys 'CUN122018C100006008' sent to object: 'Object Repository/Final Object Repo/Page_MyASSIST - ASSIST - Search Pending Case For Add Supporting Document/Reference No'

2018-12-12 12:16:30 - [TEST_STEP][PASSED] - click: Object: 'Object Repository/Final Object Repo/Page_MyASSIST - ASSIST - Search Pending Case For Add Supporting Document/Search Reference No' is clicked on

2018-12-12 12:16:30 - [MESSAGE][PASSED] - Object: 'Object Repository/Final Object Repo/Page_MyASSIST - ASSIST - Search Pending Case For Add Supporting Document/Search Reference No' is clicked on

2018-12-12 12:16:30 - [TEST_STEP][PASSED] - delay: Delayed 2 second(s)

2018-12-12 12:16:32 - [MESSAGE][PASSED] - Delayed 2 second(s)

2018-12-12 12:16:32 - [TEST_STEP][PASSED] - click: Object: 'Object Repository/Final Object Repo/Page_MyASSIST - ASSIST - Search Pending Case For Add Supporting Document/Continue' is clicked on

2018-12-12 12:16:35 - [MESSAGE][PASSED] - Object: 'Object Repository/Final Object Repo/Page_MyASSIST - ASSIST - Search Pending Case For Add Supporting Document/Continue' is clicked on

2018-12-12 12:16:35 - [TEST_STEP][PASSED] - delay: Delayed 20 second(s)

2018-12-12 12:16:55 - [MESSAGE][PASSED] - Delayed 20 second(s)

2018-12-12 12:16:55 - [MESSAGE][PASSED] - Call Test Case 'Test Cases/Final Aug 2018 - PKS Automation/Registration Module/Workflow/Login and Search Case For Workflow' successfully

2018-12-12 12:16:55 - [TEST_STEP][PASSED] - click: Object: 'Object Repository/Final Object Repo/Page_Update Employer Information/Page_Update Employer Information UO (Approve)/Continue' is clicked on

2018-12-12 12:16:59 - [MESSAGE][PASSED] - Object: 'Object Repository/Final Object Repo/Page_Update Employer Information/Page_Update Employer Information UO (Approve)/Continue' is clicked on

2018-12-12 12:16:59 - [TEST_STEP][PASSED] - delay: Delayed 2 second(s)

2018-12-12 12:17:01 - [MESSAGE][PASSED] - Delayed 2 second(s)

2018-12-12 12:17:01 - [TEST_STEP][PASSED] - click: Object: 'Object Repository/Final Object Repo/Page_Update Employer Information/Page_Update Employer Information UO (Approve)/Save  Continue in Update Employer Information Page' is clicked on

2018-12-12 12:17:01 - [MESSAGE][PASSED] - Object: 'Object Repository/Final Object Repo/Page_Update Employer Information/Page_Update Employer Information UO (Approve)/Save  Continue in Update Employer Information Page' is clicked on

2018-12-12 12:17:01 - [TEST_STEP][PASSED] - delay: Delayed 2 second(s)

2018-12-12 12:17:03 - [MESSAGE][PASSED] - Delayed 2 second(s)

2018-12-12 12:17:03 - [TEST_STEP][PASSED] - click: Object: 'Object Repository/Final Object Repo/Page_Update Employer Information/Page_Update Employer Information UO (Approve)/Save  Continue in Uploading Supporting Document Page' is clicked on

2018-12-12 12:17:06 - [MESSAGE][PASSED] - Object: 'Object Repository/Final Object Repo/Page_Update Employer Information/Page_Update Employer Information UO (Approve)/Save  Continue in Uploading Supporting Document Page' is clicked on

2018-12-12 12:17:06 - [TEST_STEP][PASSED] - delay: Delayed 2 second(s)

2018-12-12 12:17:08 - [MESSAGE][PASSED] - Delayed 2 second(s)

2018-12-12 12:17:08 - [TEST_STEP][PASSED] - click: Object: 'Object Repository/Final Object Repo/Page_Update Employer Information/Page_Update Employer Information UO (Approve)/Approve' is clicked on

2018-12-12 12:17:10 - [MESSAGE][PASSED] - Object: 'Object Repository/Final Object Repo/Page_Update Employer Information/Page_Update Employer Information UO (Approve)/Approve' is clicked on

2018-12-12 12:17:10 - [TEST_STEP][PASSED] - delay: Delayed 2 second(s)

2018-12-12 12:17:12 - [MESSAGE][PASSED] - Delayed 2 second(s)

2018-12-12 12:17:12 - [TEST_STEP][PASSED] - click: Object: 'Object Repository/Final Object Repo/Page_Update Employer Information/Page_Update Employer Information UO (Approve)/Confirm' is clicked on

2018-12-12 12:17:12 - [MESSAGE][PASSED] - Object: 'Object Repository/Final Object Repo/Page_Update Employer Information/Page_Update Employer Information UO (Approve)/Confirm' is clicked on

2018-12-12 12:17:12 - [TEST_STEP][PASSED] - delay: Delayed 2 second(s)

2018-12-12 12:17:14 - [MESSAGE][PASSED] - Delayed 2 second(s)

2018-12-12 12:17:14 - [TEST_STEP][PASSED] - verifyElementVisible: Object 'Object Repository/Final Object Repo/Page_Update Employer Information/Page_Update Employer Information UO (Approve)/Message Your Request' is visible

2018-12-12 12:17:22 - [MESSAGE][PASSED] - Object 'Object Repository/Final Object Repo/Page_Update Employer Information/Page_Update Employer Information UO (Approve)/Message Your Request' is visible

2018-12-12 12:17:22 - [TEST_STEP][PASSED] - verifyElementVisible: Object 'Object Repository/Final Object Repo/Page_Update Employer Information/Page_Update Employer Information UO (Approve)/Letter of successful update' is visible

2018-12-12 12:17:22 - [MESSAGE][PASSED] - Object 'Object Repository/Final Object Repo/Page_Update Employer Information/Page_Update Employer Information UO (Approve)/Letter of successful update' is visible

2018-12-12 12:17:22 - [MESSAGE][PASSED] - Call Test Case 'Test Cases/Final Aug 2018 - PKS Automation/Registration Module/Workflow/Update Employer Information/Template/Update Employer Information - Special Case - UO (Query)' successfully]]></system-out>
         <system-err><![CDATA[]]></system-err>
      </testcase>
      <testcase name="Test Cases/Final Aug 2018 - PKS Automation/Registration Module/Workflow/Update Employer Information/PKRBO - UO (Reject)" classname="Test Cases/Final Aug 2018 - PKS Automation/Registration Module/Workflow/Update Employer Information/PKRBO - UO (Reject)" status="PASSED">
         <system-out><![CDATA[2018-12-12 12:17:22 - [TEST_CASE][PASSED] - Test Cases/Final Aug 2018 - PKS Automation/Registration Module/Workflow/Update Employer Information/PKRBO - UO (Reject): Test Cases/Final Aug 2018 - PKS Automation/Registration Module/Workflow/Update Employer Information/PKRBO - UO (Reject)

2018-12-12 12:17:22 - [TEST_STEP][PASSED] - callTestCase: Call Test Case 'Test Cases/Final Aug 2018 - PKS Automation/Registration Module/Workflow/Update Employer Information/Template/Update Employer Information - Special Case (PKRBO)' successfully

2018-12-12 12:17:22 - [TEST_CASE][PASSED] - Test Cases/Final Aug 2018 - PKS Automation/Registration Module/Workflow/Update Employer Information/Template/Update Employer Information - Special Case (PKRBO): Test Cases/Final Aug 2018 - PKS Automation/Registration Module/Workflow/Update Employer Information/Template/Update Employer Information - Special Case (PKRBO)

2018-12-12 12:17:22 - [TEST_STEP][PASSED] - openBrowser: Browser is opened with url: ''

2018-12-12 12:17:22 - [MESSAGE][WARNING] - A browser is already opened. Closing browser and opening a new one

2018-12-12 12:17:26 - [MESSAGE][PASSED] - Browser is opened with url: ''

2018-12-12 12:17:26 - [TEST_STEP][PASSED] - navigateToUrl: Navigate to 'https://assist2-uat.perkeso.gov.my/login' successfully

2018-12-12 12:17:27 - [MESSAGE][PASSED] - Navigate to 'https://assist2-uat.perkeso.gov.my/login' successfully

2018-12-12 12:17:27 - [TEST_STEP][PASSED] - setText: Text 'johorpkrbo1@gmail.com' is set on object 'Object Repository/Final Object Repo/Login Page/Internal User/Email Address'

2018-12-12 12:17:27 - [MESSAGE][PASSED] - Text 'johorpkrbo1@gmail.com' is set on object 'Object Repository/Final Object Repo/Login Page/Internal User/Email Address'

2018-12-12 12:17:27 - [TEST_STEP][PASSED] - click: Object: 'Object Repository/Final Object Repo/Login Page/Internal User/Next Button' is clicked on

2018-12-12 12:17:28 - [MESSAGE][PASSED] - Object: 'Object Repository/Final Object Repo/Login Page/Internal User/Next Button' is clicked on

2018-12-12 12:17:28 - [TEST_STEP][PASSED] - delay: Delayed 1 second(s)

2018-12-12 12:17:29 - [MESSAGE][PASSED] - Delayed 1 second(s)

2018-12-12 12:17:29 - [TEST_STEP][PASSED] - setEncryptedText: Text ****** has been set on object 'Object Repository/Final Object Repo/Login Page/Internal User/Password'

2018-12-12 12:17:29 - [MESSAGE][PASSED] - Text ****** has been set on object 'Object Repository/Final Object Repo/Login Page/Internal User/Password'

2018-12-12 12:17:29 - [TEST_STEP][PASSED] - click: Object: 'Object Repository/Final Object Repo/Login Page/Internal User/Login Button' is clicked on

2018-12-12 12:17:29 - [MESSAGE][PASSED] - Object: 'Object Repository/Final Object Repo/Login Page/Internal User/Login Button' is clicked on

2018-12-12 12:17:29 - [TEST_STEP][PASSED] - Statement - tester = com.kms.katalon.core.testobject.ObjectRepository.findTestObject(Final Object Repo/Landing Page/Select to English): Finding Test Object with id 'Object Repository/Final Object Repo/Landing Page/Select to English'

2018-12-12 12:17:29 - [TEST_STEP][PASSED] - Statement - Try: Delayed 2 second(s)

2018-12-12 12:17:29 - [TEST_STEP][PASSED] - Statement - Checker = com.kms.katalon.core.webui.keyword.WebUiBuiltInKeywords.verifyElementNotPresent(tester, 3): Web element with id: 'Object Repository/Final Object Repo/Landing Page/Select to English' located by 'By.xpath: //a[@class = 'taglib-language-list-text' and @lang = 'en-US' and (contains(text(), 'EN') or contains(., 'EN'))]' is not present after '3' second(s)

2018-12-12 12:17:31 - [MESSAGE][PASSED] - Web element with id: 'Object Repository/Final Object Repo/Landing Page/Select to English' located by 'By.xpath: //a[@class = 'taglib-language-list-text' and @lang = 'en-US' and (contains(text(), 'EN') or contains(., 'EN'))]' is not present after '3' second(s)

2018-12-12 12:17:31 - [TEST_STEP][PASSED] - Statement - If (Checker == false): null

2018-12-12 12:17:31 - [TEST_STEP][PASSED] - delay: Delayed 2 second(s)

2018-12-12 12:17:33 - [MESSAGE][PASSED] - Delayed 2 second(s)

2018-12-12 12:17:33 - [TEST_STEP][PASSED] - delay: Delayed 5 second(s)

2018-12-12 12:17:38 - [MESSAGE][PASSED] - Delayed 5 second(s)

2018-12-12 12:17:38 - [TEST_STEP][PASSED] - navigateToUrl: Navigate to 'https://assist2-uat.perkeso.gov.my/web/registration/update/update-employer-information' successfully

2018-12-12 12:17:39 - [MESSAGE][PASSED] - Navigate to 'https://assist2-uat.perkeso.gov.my/web/registration/update/update-employer-information' successfully

2018-12-12 12:17:39 - [TEST_STEP][PASSED] - setText: Text 'E1102001065V ' is set on object 'Object Repository/Final Object Repo/Page_Update Employer Information/Employer Code'

2018-12-12 12:17:39 - [MESSAGE][PASSED] - Text 'E1102001065V ' is set on object 'Object Repository/Final Object Repo/Page_Update Employer Information/Employer Code'

2018-12-12 12:17:39 - [TEST_STEP][PASSED] - click: Object: 'Object Repository/Final Object Repo/Page_Update Employer Information/Search Button' is clicked on

2018-12-12 12:17:39 - [MESSAGE][PASSED] - Object: 'Object Repository/Final Object Repo/Page_Update Employer Information/Search Button' is clicked on

2018-12-12 12:17:39 - [TEST_STEP][PASSED] - click: Object: 'Object Repository/Final Object Repo/Page_Update Employer Information/Edit Button' is clicked on

2018-12-12 12:17:43 - [MESSAGE][PASSED] - Object: 'Object Repository/Final Object Repo/Page_Update Employer Information/Edit Button' is clicked on

2018-12-12 12:17:43 - [TEST_STEP][PASSED] - click: Object: 'Object Repository/Final Object Repo/Page_Update Employer Information/Business Entity' is clicked on

2018-12-12 12:17:43 - [MESSAGE][PASSED] - Object: 'Object Repository/Final Object Repo/Page_Update Employer Information/Business Entity' is clicked on

2018-12-12 12:17:43 - [TEST_STEP][PASSED] - Statement - CurrentBusinessEntity = "": null

2018-12-12 12:17:43 - [TEST_STEP][PASSED] - Statement - CurrentBusinessEntity = com.kms.katalon.core.webui.keyword.WebUiBuiltInKeywords.getText(com.kms.katalon.core.testobject.ObjectRepository.findTestObject(Final Object Repo/Page_Update Employer Information/Current Business Entity)): Text of object 'Object Repository/Final Object Repo/Page_Update Employer Information/Current Business Entity' is: 'Others'

2018-12-12 12:17:44 - [MESSAGE][PASSED] - Text of object 'Object Repository/Final Object Repo/Page_Update Employer Information/Current Business Entity' is: 'Others'

2018-12-12 12:17:44 - [TEST_STEP][PASSED] - Statement - out.println(CurrentBusinessEntity): null

2018-12-12 12:17:44 - [TEST_STEP][PASSED] - Statement - If (CurrentBusinessEntity == "Corporation"): null

2018-12-12 12:17:44 - [TEST_STEP][PASSED] - Statement - Else If (CurrentBusinessEntity == "Partnership"): null

2018-12-12 12:17:44 - [TEST_STEP][PASSED] - Statement - Else If (CurrentBusinessEntity == "Sole Proprietor / Individual Business"): null

2018-12-12 12:17:44 - [TEST_STEP][PASSED] - Statement - Else If (CurrentBusinessEntity == "Others"): Delayed 3 second(s)

2018-12-12 12:17:44 - [TEST_STEP][PASSED] - Statement - obj = com.kms.katalon.core.webui.keyword.WebUiBuiltInKeywords.modifyObjectProperty(com.kms.katalon.core.testobject.ObjectRepository.findTestObject(Final Object Repo/Page_Update Employer Information/change to this Business Entity), "xpath", "equals", "//ul/li/span[contains(text(),"Partnership")]", true, STOP_ON_FAILURE): Modify property of object successfully

2018-12-12 12:17:44 - [MESSAGE][PASSED] - Modify property of object successfully

2018-12-12 12:17:44 - [TEST_STEP][PASSED] - click: Object: 'Object Repository/Final Object Repo/Page_Update Employer Information/change to this Business Entity' is clicked on

2018-12-12 12:17:44 - [MESSAGE][PASSED] - Object: 'Object Repository/Final Object Repo/Page_Update Employer Information/change to this Business Entity' is clicked on

2018-12-12 12:17:44 - [TEST_STEP][PASSED] - delay: Delayed 1 second(s)

2018-12-12 12:17:45 - [MESSAGE][PASSED] - Delayed 1 second(s)

2018-12-12 12:17:45 - [TEST_STEP][PASSED] - click: Object: 'Object Repository/Final Object Repo/Page_Update Employer Information/Sub Business Entity' is clicked on

2018-12-12 12:17:45 - [MESSAGE][PASSED] - Object: 'Object Repository/Final Object Repo/Page_Update Employer Information/Sub Business Entity' is clicked on

2018-12-12 12:17:45 - [TEST_STEP][PASSED] - click: Object: 'Object Repository/Final Object Repo/Page_Update Employer Information/Sub Business Entity - Partnership - Registered With other Agencies' is clicked on

2018-12-12 12:17:45 - [MESSAGE][PASSED] - Object: 'Object Repository/Final Object Repo/Page_Update Employer Information/Sub Business Entity - Partnership - Registered With other Agencies' is clicked on

2018-12-12 12:17:45 - [TEST_STEP][PASSED] - delay: Delayed 3 second(s)

2018-12-12 12:17:48 - [MESSAGE][PASSED] - Delayed 3 second(s)

2018-12-12 12:17:48 - [TEST_STEP][PASSED] - delay: Delayed 4 second(s)

2018-12-12 12:17:52 - [MESSAGE][PASSED] - Delayed 4 second(s)

2018-12-12 12:17:52 - [TEST_STEP][PASSED] - click: Object: 'Object Repository/Final Object Repo/Page_Update Employer Information/Save  Continue' is clicked on

2018-12-12 12:17:52 - [MESSAGE][PASSED] - Object: 'Object Repository/Final Object Repo/Page_Update Employer Information/Save  Continue' is clicked on

2018-12-12 12:17:52 - [TEST_STEP][PASSED] - delay: Delayed 4 second(s)

2018-12-12 12:17:56 - [MESSAGE][PASSED] - Delayed 4 second(s)

2018-12-12 12:17:56 - [TEST_STEP][PASSED] - click: Object: 'Object Repository/Final Object Repo/Page_Update Employer Information/Save  Continue (1)' is clicked on

2018-12-12 12:17:57 - [MESSAGE][PASSED] - Object: 'Object Repository/Final Object Repo/Page_Update Employer Information/Save  Continue (1)' is clicked on

2018-12-12 12:17:57 - [TEST_STEP][PASSED] - delay: Delayed 4 second(s)

2018-12-12 12:18:01 - [MESSAGE][PASSED] - Delayed 4 second(s)

2018-12-12 12:18:01 - [TEST_STEP][PASSED] - Statement - CaseReferenceNo = com.kms.katalon.core.webui.keyword.WebUiBuiltInKeywords.getText(com.kms.katalon.core.testobject.ObjectRepository.findTestObject(Final Object Repo/Page_Update Employer Information/Reference Number in Update Employee Information Page)): Text of object 'Object Repository/Final Object Repo/Page_Update Employer Information/Reference Number in Update Employee Information Page' is: 'CUN122018C100006009'

2018-12-12 12:18:01 - [MESSAGE][PASSED] - Text of object 'Object Repository/Final Object Repo/Page_Update Employer Information/Reference Number in Update Employee Information Page' is: 'CUN122018C100006009'

2018-12-12 12:18:01 - [TEST_STEP][PASSED] - callTestCase: Call Test Case 'Test Cases/Final Aug 2018 - PKS Automation/Common/Reference Number Setter' successfully

2018-12-12 12:18:01 - [TEST_CASE][PASSED] - Test Cases/Final Aug 2018 - PKS Automation/Common/Reference Number Setter: Test Cases/Final Aug 2018 - PKS Automation/Common/Reference Number Setter

2018-12-12 12:18:01 - [TEST_STEP][PASSED] - Statement - RefNoOldFile = new java.io.File(C://Users//Admin//Desktop//PKS//Automation Reference Point//KatalonReference.txt): null

2018-12-12 12:18:01 - [TEST_STEP][PASSED] - Statement - RefNoOldFile.delete(): null

2018-12-12 12:18:01 - [TEST_STEP][PASSED] - delay: Delayed 5 second(s)

2018-12-12 12:18:06 - [MESSAGE][PASSED] - Delayed 5 second(s)

2018-12-12 12:18:06 - [TEST_STEP][PASSED] - Statement - RefNo = new java.io.File(C://Users//Admin//Desktop//PKS//Automation Reference Point//KatalonReference.txt): null

2018-12-12 12:18:06 - [TEST_STEP][PASSED] - Statement - f2 = new java.io.FileWriter(RefNo, false): null

2018-12-12 12:18:06 - [TEST_STEP][PASSED] - Statement - f2.write(CaseReferenceNo): null

2018-12-12 12:18:06 - [TEST_STEP][PASSED] - Statement - f2.close(): null

2018-12-12 12:18:06 - [TEST_STEP][PASSED] - Statement - out.println("


" + CaseReferenceNo + "


"): null

2018-12-12 12:18:06 - [MESSAGE][PASSED] - Call Test Case 'Test Cases/Final Aug 2018 - PKS Automation/Common/Reference Number Setter' successfully

2018-12-12 12:18:06 - [TEST_STEP][PASSED] - delay: Delayed 4 second(s)

2018-12-12 12:18:10 - [MESSAGE][PASSED] - Delayed 4 second(s)

2018-12-12 12:18:10 - [TEST_STEP][PASSED] - click: Object: 'Object Repository/Final Object Repo/Page_Update Employer Information/Submit - Copy' is clicked on

2018-12-12 12:18:10 - [MESSAGE][PASSED] - Object: 'Object Repository/Final Object Repo/Page_Update Employer Information/Submit - Copy' is clicked on

2018-12-12 12:18:10 - [TEST_STEP][PASSED] - delay: Delayed 2 second(s)

2018-12-12 12:18:12 - [MESSAGE][PASSED] - Delayed 2 second(s)

2018-12-12 12:18:12 - [TEST_STEP][PASSED] - click: Object: 'Object Repository/Final Object Repo/Page_Update Employer Information/Confirm' is clicked on

2018-12-12 12:18:12 - [MESSAGE][PASSED] - Object: 'Object Repository/Final Object Repo/Page_Update Employer Information/Confirm' is clicked on

2018-12-12 12:18:12 - [TEST_STEP][PASSED] - delay: Delayed 2 second(s)

2018-12-12 12:18:14 - [MESSAGE][PASSED] - Delayed 2 second(s)

2018-12-12 12:18:14 - [TEST_STEP][PASSED] - click: Object: 'Object Repository/Final Object Repo/Page_Update Employer Information/Message Your Request will be route' is clicked on

2018-12-12 12:18:16 - [MESSAGE][PASSED] - Object: 'Object Repository/Final Object Repo/Page_Update Employer Information/Message Your Request will be route' is clicked on

2018-12-12 12:18:16 - [MESSAGE][PASSED] - Call Test Case 'Test Cases/Final Aug 2018 - PKS Automation/Registration Module/Workflow/Update Employer Information/Template/Update Employer Information - Special Case (PKRBO)' successfully

2018-12-12 12:18:16 - [TEST_STEP][PASSED] - callTestCase: Call Test Case 'Test Cases/Final Aug 2018 - PKS Automation/Registration Module/Workflow/Update Employer Information/Template/Update Employer Information - Special Case - UO (Reject)' successfully

2018-12-12 12:18:16 - [TEST_CASE][PASSED] - Test Cases/Final Aug 2018 - PKS Automation/Registration Module/Workflow/Update Employer Information/Template/Update Employer Information - Special Case - UO (Reject): Test Cases/Final Aug 2018 - PKS Automation/Registration Module/Workflow/Update Employer Information/Template/Update Employer Information - Special Case - UO (Reject)

2018-12-12 12:18:16 - [TEST_STEP][NOT_RUN] - callTestCase: NOT_RUN: callTestCase

2018-12-12 12:18:16 - [MESSAGE][NOT_RUN] - NOT_RUN: callTestCase

2018-12-12 12:18:16 - [TEST_STEP][PASSED] - delay: Delayed 1 second(s)

2018-12-12 12:18:17 - [MESSAGE][PASSED] - Delayed 1 second(s)

2018-12-12 12:18:17 - [TEST_STEP][PASSED] - navigateToUrl: Navigate to 'https://assist2-uat.perkeso.gov.my/c/portal/logout' successfully

2018-12-12 12:18:18 - [MESSAGE][PASSED] - Navigate to 'https://assist2-uat.perkeso.gov.my/c/portal/logout' successfully

2018-12-12 12:18:18 - [TEST_STEP][PASSED] - delay: Delayed 1 second(s)

2018-12-12 12:18:19 - [MESSAGE][PASSED] - Delayed 1 second(s)

2018-12-12 12:18:19 - [TEST_STEP][PASSED] - callTestCase: Call Test Case 'Test Cases/Final Aug 2018 - PKS Automation/Common/Reference Number Getter' successfully

2018-12-12 12:18:19 - [TEST_CASE][PASSED] - Test Cases/Final Aug 2018 - PKS Automation/Common/Reference Number Getter: Test Cases/Final Aug 2018 - PKS Automation/Common/Reference Number Getter

2018-12-12 12:18:19 - [TEST_STEP][PASSED] - Statement - Try: null

2018-12-12 12:18:19 - [TEST_STEP][PASSED] - Statement - RefNo = new java.io.File(C://Users//Admin//Desktop//PKS//Automation Reference Point//KatalonReference.txt): null

2018-12-12 12:18:19 - [TEST_STEP][PASSED] - Statement - bufferread = new java.io.BufferedReader(new java.io.FileReader(RefNo)): null

2018-12-12 12:18:19 - [TEST_STEP][PASSED] - Statement - readedVal = bufferread.readLine(): null

2018-12-12 12:18:19 - [TEST_STEP][PASSED] - Statement - out.println(CaseReferenceNo): null

2018-12-12 12:18:19 - [TEST_STEP][PASSED] - Statement - out.println(readedVal): null

2018-12-12 12:18:19 - [TEST_STEP][PASSED] - Statement - CaseReferenceNo = "": null

2018-12-12 12:18:19 - [TEST_STEP][PASSED] - Statement - CaseReferenceNo = readedVal: null

2018-12-12 12:18:19 - [MESSAGE][PASSED] - Call Test Case 'Test Cases/Final Aug 2018 - PKS Automation/Common/Reference Number Getter' successfully

2018-12-12 12:18:19 - [TEST_STEP][PASSED] - callTestCase: Call Test Case 'Test Cases/Final Aug 2018 - PKS Automation/Common/Workflow Owner Finder' successfully

2018-12-12 12:18:19 - [TEST_CASE][PASSED] - Test Cases/Final Aug 2018 - PKS Automation/Common/Workflow Owner Finder: Test Cases/Final Aug 2018 - PKS Automation/Common/Workflow Owner Finder

2018-12-12 12:18:19 - [TEST_STEP][PASSED] - openBrowser: Browser is opened with url: ''

2018-12-12 12:18:19 - [MESSAGE][WARNING] - A browser is already opened. Closing browser and opening a new one

2018-12-12 12:18:23 - [MESSAGE][PASSED] - Browser is opened with url: ''

2018-12-12 12:18:23 - [TEST_STEP][PASSED] - navigateToUrl: Navigate to 'https://assist2-uat.perkeso.gov.my/login' successfully

2018-12-12 12:18:24 - [MESSAGE][PASSED] - Navigate to 'https://assist2-uat.perkeso.gov.my/login' successfully

2018-12-12 12:18:24 - [TEST_STEP][PASSED] - delay: Delayed 5 second(s)

2018-12-12 12:18:29 - [MESSAGE][PASSED] - Delayed 5 second(s)

2018-12-12 12:18:29 - [TEST_STEP][PASSED] - setText: Text 'test@liferay.com' is set on object 'Object Repository/Final Object Repo/Login Page/Internal User/Email Address'

2018-12-12 12:18:29 - [MESSAGE][PASSED] - Text 'test@liferay.com' is set on object 'Object Repository/Final Object Repo/Login Page/Internal User/Email Address'

2018-12-12 12:18:29 - [TEST_STEP][PASSED] - click: Object: 'Object Repository/Final Object Repo/Login Page/Internal User/Next Button' is clicked on

2018-12-12 12:18:29 - [MESSAGE][PASSED] - Object: 'Object Repository/Final Object Repo/Login Page/Internal User/Next Button' is clicked on

2018-12-12 12:18:29 - [TEST_STEP][PASSED] - delay: Delayed 2 second(s)

2018-12-12 12:18:31 - [MESSAGE][PASSED] - Delayed 2 second(s)

2018-12-12 12:18:31 - [TEST_STEP][PASSED] - setText: Text 'test' is set on object 'Object Repository/Final Object Repo/Login Page/Internal User/Password'

2018-12-12 12:18:31 - [MESSAGE][PASSED] - Text 'test' is set on object 'Object Repository/Final Object Repo/Login Page/Internal User/Password'

2018-12-12 12:18:31 - [TEST_STEP][PASSED] - delay: Delayed 2 second(s)

2018-12-12 12:18:33 - [MESSAGE][PASSED] - Delayed 2 second(s)

2018-12-12 12:18:33 - [TEST_STEP][PASSED] - click: Object: 'Object Repository/Final Object Repo/Login Page/Internal User/Login Button' is clicked on

2018-12-12 12:18:34 - [MESSAGE][PASSED] - Object: 'Object Repository/Final Object Repo/Login Page/Internal User/Login Button' is clicked on

2018-12-12 12:18:34 - [TEST_STEP][PASSED] - Statement - tester = com.kms.katalon.core.testobject.ObjectRepository.findTestObject(Final Object Repo/Landing Page/Select to English): Finding Test Object with id 'Object Repository/Final Object Repo/Landing Page/Select to English'

2018-12-12 12:18:34 - [TEST_STEP][PASSED] - Statement - Try: Delayed 2 second(s)

2018-12-12 12:18:34 - [TEST_STEP][PASSED] - Statement - Checker = com.kms.katalon.core.webui.keyword.WebUiBuiltInKeywords.verifyElementNotPresent(tester, 3): Web element with id: 'Object Repository/Final Object Repo/Landing Page/Select to English' located by 'By.xpath: //a[@class = 'taglib-language-list-text' and @lang = 'en-US' and (contains(text(), 'EN') or contains(., 'EN'))]' is not present after '3' second(s)

2018-12-12 12:18:35 - [MESSAGE][PASSED] - Web element with id: 'Object Repository/Final Object Repo/Landing Page/Select to English' located by 'By.xpath: //a[@class = 'taglib-language-list-text' and @lang = 'en-US' and (contains(text(), 'EN') or contains(., 'EN'))]' is not present after '3' second(s)

2018-12-12 12:18:35 - [TEST_STEP][PASSED] - Statement - If (Checker == false): null

2018-12-12 12:18:35 - [TEST_STEP][PASSED] - delay: Delayed 2 second(s)

2018-12-12 12:18:37 - [MESSAGE][PASSED] - Delayed 2 second(s)

2018-12-12 12:18:37 - [TEST_STEP][PASSED] - delay: Delayed 5 second(s)

2018-12-12 12:18:42 - [MESSAGE][PASSED] - Delayed 5 second(s)

2018-12-12 12:18:42 - [TEST_STEP][PASSED] - mouseOver: Object: 'Object Repository/Final Object Repo/Landing Page/WorkFlow Menu' is hovered

2018-12-12 12:18:43 - [MESSAGE][PASSED] - Object: 'Object Repository/Final Object Repo/Landing Page/WorkFlow Menu' is hovered

2018-12-12 12:18:43 - [TEST_STEP][PASSED] - delay: Delayed 2 second(s)

2018-12-12 12:18:45 - [MESSAGE][PASSED] - Delayed 2 second(s)

2018-12-12 12:18:45 - [TEST_STEP][PASSED] - click: Object: 'Object Repository/Final Object Repo/Landing Page/Select to Workflow Listing' is clicked on

2018-12-12 12:18:46 - [MESSAGE][PASSED] - Object: 'Object Repository/Final Object Repo/Landing Page/Select to Workflow Listing' is clicked on

2018-12-12 12:18:46 - [TEST_STEP][PASSED] - delay: Delayed 2 second(s)

2018-12-12 12:18:48 - [MESSAGE][PASSED] - Delayed 2 second(s)

2018-12-12 12:18:48 - [TEST_STEP][PASSED] - click: Object: 'Object Repository/Final Object Repo/WorkFlow Listing Page/Search Information - To Put Ref No' is clicked on

2018-12-12 12:18:48 - [MESSAGE][PASSED] - Object: 'Object Repository/Final Object Repo/WorkFlow Listing Page/Search Information - To Put Ref No' is clicked on

2018-12-12 12:18:48 - [TEST_STEP][PASSED] - delay: Delayed 2 second(s)

2018-12-12 12:18:50 - [MESSAGE][PASSED] - Delayed 2 second(s)

2018-12-12 12:18:50 - [TEST_STEP][PASSED] - callTestCase: Call Test Case 'Test Cases/Final Aug 2018 - PKS Automation/Common/Reference Number Getter' successfully

2018-12-12 12:18:50 - [TEST_CASE][PASSED] - Test Cases/Final Aug 2018 - PKS Automation/Common/Reference Number Getter: Test Cases/Final Aug 2018 - PKS Automation/Common/Reference Number Getter

2018-12-12 12:18:50 - [TEST_STEP][PASSED] - Statement - Try: null

2018-12-12 12:18:50 - [TEST_STEP][PASSED] - Statement - RefNo = new java.io.File(C://Users//Admin//Desktop//PKS//Automation Reference Point//KatalonReference.txt): null

2018-12-12 12:18:50 - [TEST_STEP][PASSED] - Statement - bufferread = new java.io.BufferedReader(new java.io.FileReader(RefNo)): null

2018-12-12 12:18:50 - [TEST_STEP][PASSED] - Statement - readedVal = bufferread.readLine(): null

2018-12-12 12:18:50 - [TEST_STEP][PASSED] - Statement - out.println(CaseReferenceNo): null

2018-12-12 12:18:50 - [TEST_STEP][PASSED] - Statement - out.println(readedVal): null

2018-12-12 12:18:50 - [TEST_STEP][PASSED] - Statement - CaseReferenceNo = "": null

2018-12-12 12:18:50 - [TEST_STEP][PASSED] - Statement - CaseReferenceNo = readedVal: null

2018-12-12 12:18:50 - [MESSAGE][PASSED] - Call Test Case 'Test Cases/Final Aug 2018 - PKS Automation/Common/Reference Number Getter' successfully

2018-12-12 12:18:50 - [TEST_STEP][PASSED] - setText: Text 'CUN122018C100006009' is set on object 'Object Repository/Final Object Repo/WorkFlow Listing Page/Ref No Set Text'

2018-12-12 12:18:50 - [MESSAGE][PASSED] - Text 'CUN122018C100006009' is set on object 'Object Repository/Final Object Repo/WorkFlow Listing Page/Ref No Set Text'

2018-12-12 12:18:50 - [TEST_STEP][PASSED] - delay: Delayed 2 second(s)

2018-12-12 12:18:52 - [MESSAGE][PASSED] - Delayed 2 second(s)

2018-12-12 12:18:52 - [TEST_STEP][PASSED] - click: Object: 'Object Repository/Final Object Repo/WorkFlow Listing Page/Search Ref No Search Button' is clicked on

2018-12-12 12:18:53 - [MESSAGE][PASSED] - Object: 'Object Repository/Final Object Repo/WorkFlow Listing Page/Search Ref No Search Button' is clicked on

2018-12-12 12:18:53 - [TEST_STEP][PASSED] - delay: Delayed 6 second(s)

2018-12-12 12:18:59 - [MESSAGE][PASSED] - Delayed 6 second(s)

2018-12-12 12:18:59 - [TEST_STEP][PASSED] - click: Object: 'Object Repository/Final Object Repo/WorkFlow Listing Page/Click Continue Tooltip' is clicked on

2018-12-12 12:18:59 - [MESSAGE][PASSED] - Object: 'Object Repository/Final Object Repo/WorkFlow Listing Page/Click Continue Tooltip' is clicked on

2018-12-12 12:18:59 - [TEST_STEP][PASSED] - delay: Delayed 5 second(s)

2018-12-12 12:19:04 - [MESSAGE][PASSED] - Delayed 5 second(s)

2018-12-12 12:19:04 - [TEST_STEP][PASSED] - doubleClick: Object: 'Object Repository/Final Object Repo/WorkFlow Listing Page/Workflow Found - Listing 1' is double clicked on

2018-12-12 12:19:05 - [MESSAGE][PASSED] - Object: 'Object Repository/Final Object Repo/WorkFlow Listing Page/Workflow Found - Listing 1' is double clicked on

2018-12-12 12:19:05 - [TEST_STEP][PASSED] - Statement - println(OwnerID): null

2018-12-12 12:19:05 - [TEST_STEP][PASSED] - Statement - OwnerID = com.kms.katalon.core.webui.keyword.WebUiBuiltInKeywords.getText(com.kms.katalon.core.testobject.ObjectRepository.findTestObject(Final Object Repo/WorkFlow Listing Page/Workflow Found - Listing 1), STOP_ON_FAILURE): Text of object 'Object Repository/Final Object Repo/WorkFlow Listing Page/Workflow Found - Listing 1' is: 'JOHORuo2'

2018-12-12 12:19:05 - [MESSAGE][PASSED] - Text of object 'Object Repository/Final Object Repo/WorkFlow Listing Page/Workflow Found - Listing 1' is: 'JOHORuo2'

2018-12-12 12:19:05 - [TEST_STEP][PASSED] - Statement - OwnerID = OwnerID.toLowerCase() + "@gmail.com": null

2018-12-12 12:19:05 - [TEST_STEP][PASSED] - Statement - println(OwnerID): null

2018-12-12 12:19:05 - [TEST_STEP][PASSED] - delay: Delayed 2 second(s)

2018-12-12 12:19:07 - [MESSAGE][PASSED] - Delayed 2 second(s)

2018-12-12 12:19:07 - [MESSAGE][PASSED] - Call Test Case 'Test Cases/Final Aug 2018 - PKS Automation/Common/Workflow Owner Finder' successfully

2018-12-12 12:19:07 - [TEST_STEP][PASSED] - delay: Delayed 1 second(s)

2018-12-12 12:19:08 - [MESSAGE][PASSED] - Delayed 1 second(s)

2018-12-12 12:19:08 - [TEST_STEP][PASSED] - navigateToUrl: Navigate to 'https://assist2-uat.perkeso.gov.my/c/portal/logout' successfully

2018-12-12 12:19:08 - [MESSAGE][PASSED] - Navigate to 'https://assist2-uat.perkeso.gov.my/c/portal/logout' successfully

2018-12-12 12:19:08 - [TEST_STEP][PASSED] - delay: Delayed 1 second(s)

2018-12-12 12:19:09 - [MESSAGE][PASSED] - Delayed 1 second(s)

2018-12-12 12:19:09 - [TEST_STEP][PASSED] - callTestCase: Call Test Case 'Test Cases/Final Aug 2018 - PKS Automation/Registration Module/Workflow/Login and Search Case For Workflow' successfully

2018-12-12 12:19:09 - [TEST_CASE][PASSED] - Test Cases/Final Aug 2018 - PKS Automation/Registration Module/Workflow/Login and Search Case For Workflow: Test Cases/Final Aug 2018 - PKS Automation/Registration Module/Workflow/Login and Search Case For Workflow

2018-12-12 12:19:10 - [TEST_STEP][PASSED] - navigateToUrl: Navigate to 'https://assist2-uat.perkeso.gov.my/login' successfully

2018-12-12 12:19:10 - [MESSAGE][PASSED] - Navigate to 'https://assist2-uat.perkeso.gov.my/login' successfully

2018-12-12 12:19:10 - [TEST_STEP][PASSED] - setText: Text 'johoruo2@gmail.com' is set on object 'Object Repository/Final Object Repo/Login Page/Internal User/Email Address'

2018-12-12 12:19:10 - [MESSAGE][PASSED] - Text 'johoruo2@gmail.com' is set on object 'Object Repository/Final Object Repo/Login Page/Internal User/Email Address'

2018-12-12 12:19:10 - [TEST_STEP][PASSED] - click: Object: 'Object Repository/Final Object Repo/Login Page/Internal User/Next Button' is clicked on

2018-12-12 12:19:11 - [MESSAGE][PASSED] - Object: 'Object Repository/Final Object Repo/Login Page/Internal User/Next Button' is clicked on

2018-12-12 12:19:11 - [TEST_STEP][PASSED] - delay: Delayed 1 second(s)

2018-12-12 12:19:12 - [MESSAGE][PASSED] - Delayed 1 second(s)

2018-12-12 12:19:12 - [TEST_STEP][PASSED] - setEncryptedText: Text ****** has been set on object 'Object Repository/Final Object Repo/Login Page/Internal User/Password'

2018-12-12 12:19:12 - [MESSAGE][PASSED] - Text ****** has been set on object 'Object Repository/Final Object Repo/Login Page/Internal User/Password'

2018-12-12 12:19:12 - [TEST_STEP][PASSED] - click: Object: 'Object Repository/Final Object Repo/Login Page/Internal User/Login Button' is clicked on

2018-12-12 12:19:12 - [MESSAGE][PASSED] - Object: 'Object Repository/Final Object Repo/Login Page/Internal User/Login Button' is clicked on

2018-12-12 12:19:12 - [TEST_STEP][PASSED] - delay: Delayed 2 second(s)

2018-12-12 12:19:14 - [MESSAGE][PASSED] - Delayed 2 second(s)

2018-12-12 12:19:14 - [TEST_STEP][PASSED] - Statement - Try: Delayed 2 second(s)

2018-12-12 12:19:14 - [TEST_STEP][PASSED] - Statement - Checker = false: null

2018-12-12 12:19:14 - [TEST_STEP][PASSED] - Statement - Checker = com.kms.katalon.core.webui.keyword.WebUiBuiltInKeywords.verifyElementHasAttribute(com.kms.katalon.core.testobject.ObjectRepository.findTestObject(Final Object Repo/Landing Page/BM Detecting), "href", 20, OPTIONAL): Object 'Object Repository/Final Object Repo/Landing Page/BM Detecting' has attribute 'href'

2018-12-12 12:19:14 - [MESSAGE][PASSED] - Object 'Object Repository/Final Object Repo/Landing Page/BM Detecting' has attribute 'href'

2018-12-12 12:19:14 - [TEST_STEP][PASSED] - Statement - out.println(Checker): null

2018-12-12 12:19:14 - [TEST_STEP][PASSED] - Statement - If (Checker == false): null

2018-12-12 12:19:14 - [TEST_STEP][PASSED] - Statement - Else: null

2018-12-12 12:19:14 - [TEST_STEP][PASSED] - delay: Delayed 2 second(s)

2018-12-12 12:19:16 - [MESSAGE][PASSED] - Delayed 2 second(s)

2018-12-12 12:19:16 - [TEST_STEP][PASSED] - click: Object: 'Object Repository/Final Object Repo/Page_MyASSIST - ASSIST - Search Pending Case For Add Supporting Document/Search Information' is clicked on

2018-12-12 12:19:16 - [MESSAGE][PASSED] - Object: 'Object Repository/Final Object Repo/Page_MyASSIST - ASSIST - Search Pending Case For Add Supporting Document/Search Information' is clicked on

2018-12-12 12:19:16 - [TEST_STEP][PASSED] - delay: Delayed 3 second(s)

2018-12-12 12:19:19 - [MESSAGE][PASSED] - Delayed 3 second(s)

2018-12-12 12:19:19 - [TEST_STEP][PASSED] - sendKeys: Keys 'CUN122018C100006009' sent to object: 'Object Repository/Final Object Repo/Page_MyASSIST - ASSIST - Search Pending Case For Add Supporting Document/Reference No'

2018-12-12 12:19:19 - [MESSAGE][PASSED] - Keys 'CUN122018C100006009' sent to object: 'Object Repository/Final Object Repo/Page_MyASSIST - ASSIST - Search Pending Case For Add Supporting Document/Reference No'

2018-12-12 12:19:19 - [TEST_STEP][PASSED] - click: Object: 'Object Repository/Final Object Repo/Page_MyASSIST - ASSIST - Search Pending Case For Add Supporting Document/Search Reference No' is clicked on

2018-12-12 12:19:20 - [MESSAGE][PASSED] - Object: 'Object Repository/Final Object Repo/Page_MyASSIST - ASSIST - Search Pending Case For Add Supporting Document/Search Reference No' is clicked on

2018-12-12 12:19:20 - [TEST_STEP][PASSED] - delay: Delayed 2 second(s)

2018-12-12 12:19:22 - [MESSAGE][PASSED] - Delayed 2 second(s)

2018-12-12 12:19:22 - [TEST_STEP][PASSED] - click: Object: 'Object Repository/Final Object Repo/Page_MyASSIST - ASSIST - Search Pending Case For Add Supporting Document/Continue' is clicked on

2018-12-12 12:19:26 - [MESSAGE][PASSED] - Object: 'Object Repository/Final Object Repo/Page_MyASSIST - ASSIST - Search Pending Case For Add Supporting Document/Continue' is clicked on

2018-12-12 12:19:26 - [TEST_STEP][PASSED] - delay: Delayed 20 second(s)

2018-12-12 12:19:46 - [MESSAGE][PASSED] - Delayed 20 second(s)

2018-12-12 12:19:46 - [MESSAGE][PASSED] - Call Test Case 'Test Cases/Final Aug 2018 - PKS Automation/Registration Module/Workflow/Login and Search Case For Workflow' successfully

2018-12-12 12:19:46 - [TEST_STEP][PASSED] - delay: Delayed 2 second(s)

2018-12-12 12:19:48 - [MESSAGE][PASSED] - Delayed 2 second(s)

2018-12-12 12:19:48 - [TEST_STEP][PASSED] - click: Object: 'Object Repository/Final Object Repo/Page_Update Employer Information/Page_Update Employer Information UO (Approve)/Continue' is clicked on

2018-12-12 12:19:51 - [MESSAGE][PASSED] - Object: 'Object Repository/Final Object Repo/Page_Update Employer Information/Page_Update Employer Information UO (Approve)/Continue' is clicked on

2018-12-12 12:19:51 - [TEST_STEP][PASSED] - delay: Delayed 2 second(s)

2018-12-12 12:19:53 - [MESSAGE][PASSED] - Delayed 2 second(s)

2018-12-12 12:19:53 - [TEST_STEP][PASSED] - click: Object: 'Object Repository/Final Object Repo/Page_Update Employer Information/Page_Update Employer Information UO (Approve)/Save  Continue in Update Employer Information Page' is clicked on

2018-12-12 12:19:54 - [MESSAGE][PASSED] - Object: 'Object Repository/Final Object Repo/Page_Update Employer Information/Page_Update Employer Information UO (Approve)/Save  Continue in Update Employer Information Page' is clicked on

2018-12-12 12:19:54 - [TEST_STEP][PASSED] - delay: Delayed 2 second(s)

2018-12-12 12:19:56 - [MESSAGE][PASSED] - Delayed 2 second(s)

2018-12-12 12:19:56 - [TEST_STEP][PASSED] - click: Object: 'Object Repository/Final Object Repo/Page_Update Employer Information/Page_Update Employer Information UO (Approve)/Save  Continue in Uploading Supporting Document Page' is clicked on

2018-12-12 12:19:58 - [MESSAGE][PASSED] - Object: 'Object Repository/Final Object Repo/Page_Update Employer Information/Page_Update Employer Information UO (Approve)/Save  Continue in Uploading Supporting Document Page' is clicked on

2018-12-12 12:19:58 - [TEST_STEP][PASSED] - delay: Delayed 2 second(s)

2018-12-12 12:20:00 - [MESSAGE][PASSED] - Delayed 2 second(s)

2018-12-12 12:20:00 - [TEST_STEP][PASSED] - click: Object: 'Object Repository/Final Object Repo/Page_Update Employer Information/Page_Update Employer Information UO (Reject)/Reject' is clicked on

2018-12-12 12:20:02 - [MESSAGE][PASSED] - Object: 'Object Repository/Final Object Repo/Page_Update Employer Information/Page_Update Employer Information UO (Reject)/Reject' is clicked on

2018-12-12 12:20:02 - [TEST_STEP][PASSED] - delay: Delayed 2 second(s)

2018-12-12 12:20:04 - [MESSAGE][PASSED] - Delayed 2 second(s)

2018-12-12 12:20:04 - [TEST_STEP][PASSED] - click: Object: 'Object Repository/Final Object Repo/Page_Update Employer Information/Page_Update Employer Information UO (Reject)/Confirm' is clicked on

2018-12-12 12:20:04 - [MESSAGE][PASSED] - Object: 'Object Repository/Final Object Repo/Page_Update Employer Information/Page_Update Employer Information UO (Reject)/Confirm' is clicked on

2018-12-12 12:20:04 - [TEST_STEP][PASSED] - delay: Delayed 2 second(s)

2018-12-12 12:20:06 - [MESSAGE][PASSED] - Delayed 2 second(s)

2018-12-12 12:20:06 - [TEST_STEP][PASSED] - click: Object: 'Object Repository/Final Object Repo/Page_Update Employer Information/Page_Update Employer Information UO (Reject)/Message This Case has been Rejected' is clicked on

2018-12-12 12:20:07 - [MESSAGE][PASSED] - Object: 'Object Repository/Final Object Repo/Page_Update Employer Information/Page_Update Employer Information UO (Reject)/Message This Case has been Rejected' is clicked on

2018-12-12 12:20:07 - [MESSAGE][PASSED] - Call Test Case 'Test Cases/Final Aug 2018 - PKS Automation/Registration Module/Workflow/Update Employer Information/Template/Update Employer Information - Special Case - UO (Reject)' successfully]]></system-out>
         <system-err><![CDATA[]]></system-err>
      </testcase>
      <testcase name="Test Cases/Final Aug 2018 - PKS Automation/Registration Module/Workflow/Update Employer Information/PKRBO - UO (Under enforcement)" classname="Test Cases/Final Aug 2018 - PKS Automation/Registration Module/Workflow/Update Employer Information/PKRBO - UO (Under enforcement)" status="PASSED">
         <system-out><![CDATA[2018-12-12 12:20:07 - [TEST_CASE][PASSED] - Test Cases/Final Aug 2018 - PKS Automation/Registration Module/Workflow/Update Employer Information/PKRBO - UO (Under enforcement): Test Cases/Final Aug 2018 - PKS Automation/Registration Module/Workflow/Update Employer Information/PKRBO - UO (Under enforcement)

2018-12-12 12:20:07 - [TEST_STEP][PASSED] - callTestCase: Call Test Case 'Test Cases/Final Aug 2018 - PKS Automation/Registration Module/Workflow/Update Employer Information/Template/Update Employer Information - Special Case (PKRBO)' successfully

2018-12-12 12:20:07 - [TEST_CASE][PASSED] - Test Cases/Final Aug 2018 - PKS Automation/Registration Module/Workflow/Update Employer Information/Template/Update Employer Information - Special Case (PKRBO): Test Cases/Final Aug 2018 - PKS Automation/Registration Module/Workflow/Update Employer Information/Template/Update Employer Information - Special Case (PKRBO)

2018-12-12 12:20:07 - [TEST_STEP][PASSED] - openBrowser: Browser is opened with url: ''

2018-12-12 12:20:07 - [MESSAGE][WARNING] - A browser is already opened. Closing browser and opening a new one

2018-12-12 12:20:11 - [MESSAGE][PASSED] - Browser is opened with url: ''

2018-12-12 12:20:11 - [TEST_STEP][PASSED] - navigateToUrl: Navigate to 'https://assist2-uat.perkeso.gov.my/login' successfully

2018-12-12 12:20:12 - [MESSAGE][PASSED] - Navigate to 'https://assist2-uat.perkeso.gov.my/login' successfully

2018-12-12 12:20:12 - [TEST_STEP][PASSED] - setText: Text 'johorpkrbo1@gmail.com' is set on object 'Object Repository/Final Object Repo/Login Page/Internal User/Email Address'

2018-12-12 12:20:13 - [MESSAGE][PASSED] - Text 'johorpkrbo1@gmail.com' is set on object 'Object Repository/Final Object Repo/Login Page/Internal User/Email Address'

2018-12-12 12:20:13 - [TEST_STEP][PASSED] - click: Object: 'Object Repository/Final Object Repo/Login Page/Internal User/Next Button' is clicked on

2018-12-12 12:20:13 - [MESSAGE][PASSED] - Object: 'Object Repository/Final Object Repo/Login Page/Internal User/Next Button' is clicked on

2018-12-12 12:20:13 - [TEST_STEP][PASSED] - delay: Delayed 1 second(s)

2018-12-12 12:20:14 - [MESSAGE][PASSED] - Delayed 1 second(s)

2018-12-12 12:20:14 - [TEST_STEP][PASSED] - setEncryptedText: Text ****** has been set on object 'Object Repository/Final Object Repo/Login Page/Internal User/Password'

2018-12-12 12:20:14 - [MESSAGE][PASSED] - Text ****** has been set on object 'Object Repository/Final Object Repo/Login Page/Internal User/Password'

2018-12-12 12:20:14 - [TEST_STEP][PASSED] - click: Object: 'Object Repository/Final Object Repo/Login Page/Internal User/Login Button' is clicked on

2018-12-12 12:20:14 - [MESSAGE][PASSED] - Object: 'Object Repository/Final Object Repo/Login Page/Internal User/Login Button' is clicked on

2018-12-12 12:20:14 - [TEST_STEP][PASSED] - Statement - tester = com.kms.katalon.core.testobject.ObjectRepository.findTestObject(Final Object Repo/Landing Page/Select to English): Finding Test Object with id 'Object Repository/Final Object Repo/Landing Page/Select to English'

2018-12-12 12:20:14 - [TEST_STEP][PASSED] - Statement - Try: Delayed 2 second(s)

2018-12-12 12:20:14 - [TEST_STEP][PASSED] - Statement - Checker = com.kms.katalon.core.webui.keyword.WebUiBuiltInKeywords.verifyElementNotPresent(tester, 3): Web element with id: 'Object Repository/Final Object Repo/Landing Page/Select to English' located by 'By.xpath: //a[@class = 'taglib-language-list-text' and @lang = 'en-US' and (contains(text(), 'EN') or contains(., 'EN'))]' is not present after '3' second(s)

2018-12-12 12:20:16 - [MESSAGE][PASSED] - Web element with id: 'Object Repository/Final Object Repo/Landing Page/Select to English' located by 'By.xpath: //a[@class = 'taglib-language-list-text' and @lang = 'en-US' and (contains(text(), 'EN') or contains(., 'EN'))]' is not present after '3' second(s)

2018-12-12 12:20:16 - [TEST_STEP][PASSED] - Statement - If (Checker == false): null

2018-12-12 12:20:16 - [TEST_STEP][PASSED] - delay: Delayed 2 second(s)

2018-12-12 12:20:18 - [MESSAGE][PASSED] - Delayed 2 second(s)

2018-12-12 12:20:18 - [TEST_STEP][PASSED] - delay: Delayed 5 second(s)

2018-12-12 12:20:23 - [MESSAGE][PASSED] - Delayed 5 second(s)

2018-12-12 12:20:23 - [TEST_STEP][PASSED] - navigateToUrl: Navigate to 'https://assist2-uat.perkeso.gov.my/web/registration/update/update-employer-information' successfully

2018-12-12 12:20:24 - [MESSAGE][PASSED] - Navigate to 'https://assist2-uat.perkeso.gov.my/web/registration/update/update-employer-information' successfully

2018-12-12 12:20:24 - [TEST_STEP][PASSED] - setText: Text 'E1102001065V ' is set on object 'Object Repository/Final Object Repo/Page_Update Employer Information/Employer Code'

2018-12-12 12:20:24 - [MESSAGE][PASSED] - Text 'E1102001065V ' is set on object 'Object Repository/Final Object Repo/Page_Update Employer Information/Employer Code'

2018-12-12 12:20:24 - [TEST_STEP][PASSED] - click: Object: 'Object Repository/Final Object Repo/Page_Update Employer Information/Search Button' is clicked on

2018-12-12 12:20:25 - [MESSAGE][PASSED] - Object: 'Object Repository/Final Object Repo/Page_Update Employer Information/Search Button' is clicked on

2018-12-12 12:20:25 - [TEST_STEP][PASSED] - click: Object: 'Object Repository/Final Object Repo/Page_Update Employer Information/Edit Button' is clicked on

2018-12-12 12:20:28 - [MESSAGE][PASSED] - Object: 'Object Repository/Final Object Repo/Page_Update Employer Information/Edit Button' is clicked on

2018-12-12 12:20:28 - [TEST_STEP][PASSED] - click: Object: 'Object Repository/Final Object Repo/Page_Update Employer Information/Business Entity' is clicked on

2018-12-12 12:20:29 - [MESSAGE][PASSED] - Object: 'Object Repository/Final Object Repo/Page_Update Employer Information/Business Entity' is clicked on

2018-12-12 12:20:29 - [TEST_STEP][PASSED] - Statement - CurrentBusinessEntity = "": null

2018-12-12 12:20:29 - [TEST_STEP][PASSED] - Statement - CurrentBusinessEntity = com.kms.katalon.core.webui.keyword.WebUiBuiltInKeywords.getText(com.kms.katalon.core.testobject.ObjectRepository.findTestObject(Final Object Repo/Page_Update Employer Information/Current Business Entity)): Text of object 'Object Repository/Final Object Repo/Page_Update Employer Information/Current Business Entity' is: 'Others'

2018-12-12 12:20:29 - [MESSAGE][PASSED] - Text of object 'Object Repository/Final Object Repo/Page_Update Employer Information/Current Business Entity' is: 'Others'

2018-12-12 12:20:29 - [TEST_STEP][PASSED] - Statement - out.println(CurrentBusinessEntity): null

2018-12-12 12:20:29 - [TEST_STEP][PASSED] - Statement - If (CurrentBusinessEntity == "Corporation"): null

2018-12-12 12:20:29 - [TEST_STEP][PASSED] - Statement - Else If (CurrentBusinessEntity == "Partnership"): null

2018-12-12 12:20:29 - [TEST_STEP][PASSED] - Statement - Else If (CurrentBusinessEntity == "Sole Proprietor / Individual Business"): null

2018-12-12 12:20:29 - [TEST_STEP][PASSED] - Statement - Else If (CurrentBusinessEntity == "Others"): Delayed 3 second(s)

2018-12-12 12:20:29 - [TEST_STEP][PASSED] - Statement - obj = com.kms.katalon.core.webui.keyword.WebUiBuiltInKeywords.modifyObjectProperty(com.kms.katalon.core.testobject.ObjectRepository.findTestObject(Final Object Repo/Page_Update Employer Information/change to this Business Entity), "xpath", "equals", "//ul/li/span[contains(text(),"Partnership")]", true, STOP_ON_FAILURE): Modify property of object successfully

2018-12-12 12:20:29 - [MESSAGE][PASSED] - Modify property of object successfully

2018-12-12 12:20:29 - [TEST_STEP][PASSED] - click: Object: 'Object Repository/Final Object Repo/Page_Update Employer Information/change to this Business Entity' is clicked on

2018-12-12 12:20:29 - [MESSAGE][PASSED] - Object: 'Object Repository/Final Object Repo/Page_Update Employer Information/change to this Business Entity' is clicked on

2018-12-12 12:20:29 - [TEST_STEP][PASSED] - delay: Delayed 1 second(s)

2018-12-12 12:20:30 - [MESSAGE][PASSED] - Delayed 1 second(s)

2018-12-12 12:20:30 - [TEST_STEP][PASSED] - click: Object: 'Object Repository/Final Object Repo/Page_Update Employer Information/Sub Business Entity' is clicked on

2018-12-12 12:20:30 - [MESSAGE][PASSED] - Object: 'Object Repository/Final Object Repo/Page_Update Employer Information/Sub Business Entity' is clicked on

2018-12-12 12:20:30 - [TEST_STEP][PASSED] - click: Object: 'Object Repository/Final Object Repo/Page_Update Employer Information/Sub Business Entity - Partnership - Registered With other Agencies' is clicked on

2018-12-12 12:20:30 - [MESSAGE][PASSED] - Object: 'Object Repository/Final Object Repo/Page_Update Employer Information/Sub Business Entity - Partnership - Registered With other Agencies' is clicked on

2018-12-12 12:20:30 - [TEST_STEP][PASSED] - delay: Delayed 3 second(s)

2018-12-12 12:20:33 - [MESSAGE][PASSED] - Delayed 3 second(s)

2018-12-12 12:20:33 - [TEST_STEP][PASSED] - delay: Delayed 4 second(s)

2018-12-12 12:20:37 - [MESSAGE][PASSED] - Delayed 4 second(s)

2018-12-12 12:20:37 - [TEST_STEP][PASSED] - click: Object: 'Object Repository/Final Object Repo/Page_Update Employer Information/Save  Continue' is clicked on

2018-12-12 12:20:37 - [MESSAGE][PASSED] - Object: 'Object Repository/Final Object Repo/Page_Update Employer Information/Save  Continue' is clicked on

2018-12-12 12:20:37 - [TEST_STEP][PASSED] - delay: Delayed 4 second(s)

2018-12-12 12:20:41 - [MESSAGE][PASSED] - Delayed 4 second(s)

2018-12-12 12:20:41 - [TEST_STEP][PASSED] - click: Object: 'Object Repository/Final Object Repo/Page_Update Employer Information/Save  Continue (1)' is clicked on

2018-12-12 12:20:42 - [MESSAGE][PASSED] - Object: 'Object Repository/Final Object Repo/Page_Update Employer Information/Save  Continue (1)' is clicked on

2018-12-12 12:20:42 - [TEST_STEP][PASSED] - delay: Delayed 4 second(s)

2018-12-12 12:20:46 - [MESSAGE][PASSED] - Delayed 4 second(s)

2018-12-12 12:20:46 - [TEST_STEP][PASSED] - Statement - CaseReferenceNo = com.kms.katalon.core.webui.keyword.WebUiBuiltInKeywords.getText(com.kms.katalon.core.testobject.ObjectRepository.findTestObject(Final Object Repo/Page_Update Employer Information/Reference Number in Update Employee Information Page)): Text of object 'Object Repository/Final Object Repo/Page_Update Employer Information/Reference Number in Update Employee Information Page' is: 'CUN122018C100006010'

2018-12-12 12:20:46 - [MESSAGE][PASSED] - Text of object 'Object Repository/Final Object Repo/Page_Update Employer Information/Reference Number in Update Employee Information Page' is: 'CUN122018C100006010'

2018-12-12 12:20:46 - [TEST_STEP][PASSED] - callTestCase: Call Test Case 'Test Cases/Final Aug 2018 - PKS Automation/Common/Reference Number Setter' successfully

2018-12-12 12:20:46 - [TEST_CASE][PASSED] - Test Cases/Final Aug 2018 - PKS Automation/Common/Reference Number Setter: Test Cases/Final Aug 2018 - PKS Automation/Common/Reference Number Setter

2018-12-12 12:20:46 - [TEST_STEP][PASSED] - Statement - RefNoOldFile = new java.io.File(C://Users//Admin//Desktop//PKS//Automation Reference Point//KatalonReference.txt): null

2018-12-12 12:20:46 - [TEST_STEP][PASSED] - Statement - RefNoOldFile.delete(): null

2018-12-12 12:20:46 - [TEST_STEP][PASSED] - delay: Delayed 5 second(s)

2018-12-12 12:20:51 - [MESSAGE][PASSED] - Delayed 5 second(s)

2018-12-12 12:20:51 - [TEST_STEP][PASSED] - Statement - RefNo = new java.io.File(C://Users//Admin//Desktop//PKS//Automation Reference Point//KatalonReference.txt): null

2018-12-12 12:20:51 - [TEST_STEP][PASSED] - Statement - f2 = new java.io.FileWriter(RefNo, false): null

2018-12-12 12:20:51 - [TEST_STEP][PASSED] - Statement - f2.write(CaseReferenceNo): null

2018-12-12 12:20:51 - [TEST_STEP][PASSED] - Statement - f2.close(): null

2018-12-12 12:20:51 - [TEST_STEP][PASSED] - Statement - out.println("


" + CaseReferenceNo + "


"): null

2018-12-12 12:20:51 - [MESSAGE][PASSED] - Call Test Case 'Test Cases/Final Aug 2018 - PKS Automation/Common/Reference Number Setter' successfully

2018-12-12 12:20:51 - [TEST_STEP][PASSED] - delay: Delayed 4 second(s)

2018-12-12 12:20:55 - [MESSAGE][PASSED] - Delayed 4 second(s)

2018-12-12 12:20:55 - [TEST_STEP][PASSED] - click: Object: 'Object Repository/Final Object Repo/Page_Update Employer Information/Submit - Copy' is clicked on

2018-12-12 12:20:55 - [MESSAGE][PASSED] - Object: 'Object Repository/Final Object Repo/Page_Update Employer Information/Submit - Copy' is clicked on

2018-12-12 12:20:55 - [TEST_STEP][PASSED] - delay: Delayed 2 second(s)

2018-12-12 12:20:57 - [MESSAGE][PASSED] - Delayed 2 second(s)

2018-12-12 12:20:57 - [TEST_STEP][PASSED] - click: Object: 'Object Repository/Final Object Repo/Page_Update Employer Information/Confirm' is clicked on

2018-12-12 12:20:57 - [MESSAGE][PASSED] - Object: 'Object Repository/Final Object Repo/Page_Update Employer Information/Confirm' is clicked on

2018-12-12 12:20:57 - [TEST_STEP][PASSED] - delay: Delayed 2 second(s)

2018-12-12 12:20:59 - [MESSAGE][PASSED] - Delayed 2 second(s)

2018-12-12 12:20:59 - [TEST_STEP][PASSED] - click: Object: 'Object Repository/Final Object Repo/Page_Update Employer Information/Message Your Request will be route' is clicked on

2018-12-12 12:21:01 - [MESSAGE][PASSED] - Object: 'Object Repository/Final Object Repo/Page_Update Employer Information/Message Your Request will be route' is clicked on

2018-12-12 12:21:01 - [MESSAGE][PASSED] - Call Test Case 'Test Cases/Final Aug 2018 - PKS Automation/Registration Module/Workflow/Update Employer Information/Template/Update Employer Information - Special Case (PKRBO)' successfully

2018-12-12 12:21:01 - [TEST_STEP][PASSED] - callTestCase: Call Test Case 'Test Cases/Final Aug 2018 - PKS Automation/Registration Module/Workflow/Update Employer Information/Template/Update Employer Information - Special Case - UO (Under enforcement)' successfully

2018-12-12 12:21:01 - [TEST_CASE][PASSED] - Test Cases/Final Aug 2018 - PKS Automation/Registration Module/Workflow/Update Employer Information/Template/Update Employer Information - Special Case - UO (Under enforcement): Test Cases/Final Aug 2018 - PKS Automation/Registration Module/Workflow/Update Employer Information/Template/Update Employer Information - Special Case - UO (Under enforcement)

2018-12-12 12:21:01 - [TEST_STEP][NOT_RUN] - callTestCase: NOT_RUN: callTestCase

2018-12-12 12:21:01 - [MESSAGE][NOT_RUN] - NOT_RUN: callTestCase

2018-12-12 12:21:01 - [TEST_STEP][PASSED] - delay: Delayed 1 second(s)

2018-12-12 12:21:02 - [MESSAGE][PASSED] - Delayed 1 second(s)

2018-12-12 12:21:02 - [TEST_STEP][PASSED] - navigateToUrl: Navigate to 'https://assist2-uat.perkeso.gov.my/c/portal/logout' successfully

2018-12-12 12:21:03 - [MESSAGE][PASSED] - Navigate to 'https://assist2-uat.perkeso.gov.my/c/portal/logout' successfully

2018-12-12 12:21:03 - [TEST_STEP][PASSED] - delay: Delayed 1 second(s)

2018-12-12 12:21:04 - [MESSAGE][PASSED] - Delayed 1 second(s)

2018-12-12 12:21:04 - [TEST_STEP][PASSED] - callTestCase: Call Test Case 'Test Cases/Final Aug 2018 - PKS Automation/Common/Reference Number Getter' successfully

2018-12-12 12:21:04 - [TEST_CASE][PASSED] - Test Cases/Final Aug 2018 - PKS Automation/Common/Reference Number Getter: Test Cases/Final Aug 2018 - PKS Automation/Common/Reference Number Getter

2018-12-12 12:21:04 - [TEST_STEP][PASSED] - Statement - Try: null

2018-12-12 12:21:04 - [TEST_STEP][PASSED] - Statement - RefNo = new java.io.File(C://Users//Admin//Desktop//PKS//Automation Reference Point//KatalonReference.txt): null

2018-12-12 12:21:04 - [TEST_STEP][PASSED] - Statement - bufferread = new java.io.BufferedReader(new java.io.FileReader(RefNo)): null

2018-12-12 12:21:04 - [TEST_STEP][PASSED] - Statement - readedVal = bufferread.readLine(): null

2018-12-12 12:21:04 - [TEST_STEP][PASSED] - Statement - out.println(CaseReferenceNo): null

2018-12-12 12:21:04 - [TEST_STEP][PASSED] - Statement - out.println(readedVal): null

2018-12-12 12:21:04 - [TEST_STEP][PASSED] - Statement - CaseReferenceNo = "": null

2018-12-12 12:21:04 - [TEST_STEP][PASSED] - Statement - CaseReferenceNo = readedVal: null

2018-12-12 12:21:04 - [MESSAGE][PASSED] - Call Test Case 'Test Cases/Final Aug 2018 - PKS Automation/Common/Reference Number Getter' successfully

2018-12-12 12:21:04 - [TEST_STEP][PASSED] - callTestCase: Call Test Case 'Test Cases/Final Aug 2018 - PKS Automation/Common/Workflow Owner Finder' successfully

2018-12-12 12:21:04 - [TEST_CASE][PASSED] - Test Cases/Final Aug 2018 - PKS Automation/Common/Workflow Owner Finder: Test Cases/Final Aug 2018 - PKS Automation/Common/Workflow Owner Finder

2018-12-12 12:21:04 - [TEST_STEP][PASSED] - openBrowser: Browser is opened with url: ''

2018-12-12 12:21:04 - [MESSAGE][WARNING] - A browser is already opened. Closing browser and opening a new one

2018-12-12 12:21:08 - [MESSAGE][PASSED] - Browser is opened with url: ''

2018-12-12 12:21:08 - [TEST_STEP][PASSED] - navigateToUrl: Navigate to 'https://assist2-uat.perkeso.gov.my/login' successfully

2018-12-12 12:21:09 - [MESSAGE][PASSED] - Navigate to 'https://assist2-uat.perkeso.gov.my/login' successfully

2018-12-12 12:21:09 - [TEST_STEP][PASSED] - delay: Delayed 5 second(s)

2018-12-12 12:21:14 - [MESSAGE][PASSED] - Delayed 5 second(s)

2018-12-12 12:21:14 - [TEST_STEP][PASSED] - setText: Text 'test@liferay.com' is set on object 'Object Repository/Final Object Repo/Login Page/Internal User/Email Address'

2018-12-12 12:21:14 - [MESSAGE][PASSED] - Text 'test@liferay.com' is set on object 'Object Repository/Final Object Repo/Login Page/Internal User/Email Address'

2018-12-12 12:21:14 - [TEST_STEP][PASSED] - click: Object: 'Object Repository/Final Object Repo/Login Page/Internal User/Next Button' is clicked on

2018-12-12 12:21:14 - [MESSAGE][PASSED] - Object: 'Object Repository/Final Object Repo/Login Page/Internal User/Next Button' is clicked on

2018-12-12 12:21:14 - [TEST_STEP][PASSED] - delay: Delayed 2 second(s)

2018-12-12 12:21:16 - [MESSAGE][PASSED] - Delayed 2 second(s)

2018-12-12 12:21:16 - [TEST_STEP][PASSED] - setText: Text 'test' is set on object 'Object Repository/Final Object Repo/Login Page/Internal User/Password'

2018-12-12 12:21:17 - [MESSAGE][PASSED] - Text 'test' is set on object 'Object Repository/Final Object Repo/Login Page/Internal User/Password'

2018-12-12 12:21:17 - [TEST_STEP][PASSED] - delay: Delayed 2 second(s)

2018-12-12 12:21:19 - [MESSAGE][PASSED] - Delayed 2 second(s)

2018-12-12 12:21:19 - [TEST_STEP][PASSED] - click: Object: 'Object Repository/Final Object Repo/Login Page/Internal User/Login Button' is clicked on

2018-12-12 12:21:19 - [MESSAGE][PASSED] - Object: 'Object Repository/Final Object Repo/Login Page/Internal User/Login Button' is clicked on

2018-12-12 12:21:19 - [TEST_STEP][PASSED] - Statement - tester = com.kms.katalon.core.testobject.ObjectRepository.findTestObject(Final Object Repo/Landing Page/Select to English): Finding Test Object with id 'Object Repository/Final Object Repo/Landing Page/Select to English'

2018-12-12 12:21:19 - [TEST_STEP][PASSED] - Statement - Try: Delayed 2 second(s)

2018-12-12 12:21:19 - [TEST_STEP][PASSED] - Statement - Checker = com.kms.katalon.core.webui.keyword.WebUiBuiltInKeywords.verifyElementNotPresent(tester, 3): Web element with id: 'Object Repository/Final Object Repo/Landing Page/Select to English' located by 'By.xpath: //a[@class = 'taglib-language-list-text' and @lang = 'en-US' and (contains(text(), 'EN') or contains(., 'EN'))]' is not present after '3' second(s)

2018-12-12 12:21:21 - [MESSAGE][PASSED] - Web element with id: 'Object Repository/Final Object Repo/Landing Page/Select to English' located by 'By.xpath: //a[@class = 'taglib-language-list-text' and @lang = 'en-US' and (contains(text(), 'EN') or contains(., 'EN'))]' is not present after '3' second(s)

2018-12-12 12:21:21 - [TEST_STEP][PASSED] - Statement - If (Checker == false): null

2018-12-12 12:21:21 - [TEST_STEP][PASSED] - delay: Delayed 2 second(s)

2018-12-12 12:21:23 - [MESSAGE][PASSED] - Delayed 2 second(s)

2018-12-12 12:21:23 - [TEST_STEP][PASSED] - delay: Delayed 5 second(s)

2018-12-12 12:21:28 - [MESSAGE][PASSED] - Delayed 5 second(s)

2018-12-12 12:21:28 - [TEST_STEP][PASSED] - mouseOver: Object: 'Object Repository/Final Object Repo/Landing Page/WorkFlow Menu' is hovered

2018-12-12 12:21:28 - [MESSAGE][PASSED] - Object: 'Object Repository/Final Object Repo/Landing Page/WorkFlow Menu' is hovered

2018-12-12 12:21:28 - [TEST_STEP][PASSED] - delay: Delayed 2 second(s)

2018-12-12 12:21:30 - [MESSAGE][PASSED] - Delayed 2 second(s)

2018-12-12 12:21:30 - [TEST_STEP][PASSED] - click: Object: 'Object Repository/Final Object Repo/Landing Page/Select to Workflow Listing' is clicked on

2018-12-12 12:21:31 - [MESSAGE][PASSED] - Object: 'Object Repository/Final Object Repo/Landing Page/Select to Workflow Listing' is clicked on

2018-12-12 12:21:31 - [TEST_STEP][PASSED] - delay: Delayed 2 second(s)

2018-12-12 12:21:33 - [MESSAGE][PASSED] - Delayed 2 second(s)

2018-12-12 12:21:33 - [TEST_STEP][PASSED] - click: Object: 'Object Repository/Final Object Repo/WorkFlow Listing Page/Search Information - To Put Ref No' is clicked on

2018-12-12 12:21:33 - [MESSAGE][PASSED] - Object: 'Object Repository/Final Object Repo/WorkFlow Listing Page/Search Information - To Put Ref No' is clicked on

2018-12-12 12:21:33 - [TEST_STEP][PASSED] - delay: Delayed 2 second(s)

2018-12-12 12:21:35 - [MESSAGE][PASSED] - Delayed 2 second(s)

2018-12-12 12:21:35 - [TEST_STEP][PASSED] - callTestCase: Call Test Case 'Test Cases/Final Aug 2018 - PKS Automation/Common/Reference Number Getter' successfully

2018-12-12 12:21:35 - [TEST_CASE][PASSED] - Test Cases/Final Aug 2018 - PKS Automation/Common/Reference Number Getter: Test Cases/Final Aug 2018 - PKS Automation/Common/Reference Number Getter

2018-12-12 12:21:35 - [TEST_STEP][PASSED] - Statement - Try: null

2018-12-12 12:21:35 - [TEST_STEP][PASSED] - Statement - RefNo = new java.io.File(C://Users//Admin//Desktop//PKS//Automation Reference Point//KatalonReference.txt): null

2018-12-12 12:21:35 - [TEST_STEP][PASSED] - Statement - bufferread = new java.io.BufferedReader(new java.io.FileReader(RefNo)): null

2018-12-12 12:21:35 - [TEST_STEP][PASSED] - Statement - readedVal = bufferread.readLine(): null

2018-12-12 12:21:35 - [TEST_STEP][PASSED] - Statement - out.println(CaseReferenceNo): null

2018-12-12 12:21:35 - [TEST_STEP][PASSED] - Statement - out.println(readedVal): null

2018-12-12 12:21:35 - [TEST_STEP][PASSED] - Statement - CaseReferenceNo = "": null

2018-12-12 12:21:35 - [TEST_STEP][PASSED] - Statement - CaseReferenceNo = readedVal: null

2018-12-12 12:21:35 - [MESSAGE][PASSED] - Call Test Case 'Test Cases/Final Aug 2018 - PKS Automation/Common/Reference Number Getter' successfully

2018-12-12 12:21:35 - [TEST_STEP][PASSED] - setText: Text 'CUN122018C100006010' is set on object 'Object Repository/Final Object Repo/WorkFlow Listing Page/Ref No Set Text'

2018-12-12 12:21:35 - [MESSAGE][PASSED] - Text 'CUN122018C100006010' is set on object 'Object Repository/Final Object Repo/WorkFlow Listing Page/Ref No Set Text'

2018-12-12 12:21:35 - [TEST_STEP][PASSED] - delay: Delayed 2 second(s)

2018-12-12 12:21:37 - [MESSAGE][PASSED] - Delayed 2 second(s)

2018-12-12 12:21:37 - [TEST_STEP][PASSED] - click: Object: 'Object Repository/Final Object Repo/WorkFlow Listing Page/Search Ref No Search Button' is clicked on

2018-12-12 12:21:37 - [MESSAGE][PASSED] - Object: 'Object Repository/Final Object Repo/WorkFlow Listing Page/Search Ref No Search Button' is clicked on

2018-12-12 12:21:37 - [TEST_STEP][PASSED] - delay: Delayed 6 second(s)

2018-12-12 12:21:43 - [MESSAGE][PASSED] - Delayed 6 second(s)

2018-12-12 12:21:43 - [TEST_STEP][PASSED] - click: Object: 'Object Repository/Final Object Repo/WorkFlow Listing Page/Click Continue Tooltip' is clicked on

2018-12-12 12:21:44 - [MESSAGE][PASSED] - Object: 'Object Repository/Final Object Repo/WorkFlow Listing Page/Click Continue Tooltip' is clicked on

2018-12-12 12:21:44 - [TEST_STEP][PASSED] - delay: Delayed 5 second(s)

2018-12-12 12:21:49 - [MESSAGE][PASSED] - Delayed 5 second(s)

2018-12-12 12:21:49 - [TEST_STEP][PASSED] - doubleClick: Object: 'Object Repository/Final Object Repo/WorkFlow Listing Page/Workflow Found - Listing 1' is double clicked on

2018-12-12 12:21:49 - [MESSAGE][PASSED] - Object: 'Object Repository/Final Object Repo/WorkFlow Listing Page/Workflow Found - Listing 1' is double clicked on

2018-12-12 12:21:49 - [TEST_STEP][PASSED] - Statement - println(OwnerID): null

2018-12-12 12:21:49 - [TEST_STEP][PASSED] - Statement - OwnerID = com.kms.katalon.core.webui.keyword.WebUiBuiltInKeywords.getText(com.kms.katalon.core.testobject.ObjectRepository.findTestObject(Final Object Repo/WorkFlow Listing Page/Workflow Found - Listing 1), STOP_ON_FAILURE): Text of object 'Object Repository/Final Object Repo/WorkFlow Listing Page/Workflow Found - Listing 1' is: 'JOHORuo3'

2018-12-12 12:21:50 - [MESSAGE][PASSED] - Text of object 'Object Repository/Final Object Repo/WorkFlow Listing Page/Workflow Found - Listing 1' is: 'JOHORuo3'

2018-12-12 12:21:50 - [TEST_STEP][PASSED] - Statement - OwnerID = OwnerID.toLowerCase() + "@gmail.com": null

2018-12-12 12:21:50 - [TEST_STEP][PASSED] - Statement - println(OwnerID): null

2018-12-12 12:21:50 - [TEST_STEP][PASSED] - delay: Delayed 2 second(s)

2018-12-12 12:21:52 - [MESSAGE][PASSED] - Delayed 2 second(s)

2018-12-12 12:21:52 - [MESSAGE][PASSED] - Call Test Case 'Test Cases/Final Aug 2018 - PKS Automation/Common/Workflow Owner Finder' successfully

2018-12-12 12:21:52 - [TEST_STEP][PASSED] - delay: Delayed 1 second(s)

2018-12-12 12:21:53 - [MESSAGE][PASSED] - Delayed 1 second(s)

2018-12-12 12:21:53 - [TEST_STEP][PASSED] - navigateToUrl: Navigate to 'https://assist2-uat.perkeso.gov.my/c/portal/logout' successfully

2018-12-12 12:21:53 - [MESSAGE][PASSED] - Navigate to 'https://assist2-uat.perkeso.gov.my/c/portal/logout' successfully

2018-12-12 12:21:53 - [TEST_STEP][PASSED] - delay: Delayed 1 second(s)

2018-12-12 12:21:54 - [MESSAGE][PASSED] - Delayed 1 second(s)

2018-12-12 12:21:54 - [TEST_STEP][PASSED] - callTestCase: Call Test Case 'Test Cases/Final Aug 2018 - PKS Automation/Registration Module/Workflow/Login and Search Case For Workflow' successfully

2018-12-12 12:21:54 - [TEST_CASE][PASSED] - Test Cases/Final Aug 2018 - PKS Automation/Registration Module/Workflow/Login and Search Case For Workflow: Test Cases/Final Aug 2018 - PKS Automation/Registration Module/Workflow/Login and Search Case For Workflow

2018-12-12 12:21:54 - [TEST_STEP][PASSED] - navigateToUrl: Navigate to 'https://assist2-uat.perkeso.gov.my/login' successfully

2018-12-12 12:21:55 - [MESSAGE][PASSED] - Navigate to 'https://assist2-uat.perkeso.gov.my/login' successfully

2018-12-12 12:21:55 - [TEST_STEP][PASSED] - setText: Text 'johoruo3@gmail.com' is set on object 'Object Repository/Final Object Repo/Login Page/Internal User/Email Address'

2018-12-12 12:21:55 - [MESSAGE][PASSED] - Text 'johoruo3@gmail.com' is set on object 'Object Repository/Final Object Repo/Login Page/Internal User/Email Address'

2018-12-12 12:21:55 - [TEST_STEP][PASSED] - click: Object: 'Object Repository/Final Object Repo/Login Page/Internal User/Next Button' is clicked on

2018-12-12 12:21:55 - [MESSAGE][PASSED] - Object: 'Object Repository/Final Object Repo/Login Page/Internal User/Next Button' is clicked on

2018-12-12 12:21:55 - [TEST_STEP][PASSED] - delay: Delayed 1 second(s)

2018-12-12 12:21:56 - [MESSAGE][PASSED] - Delayed 1 second(s)

2018-12-12 12:21:56 - [TEST_STEP][PASSED] - setEncryptedText: Text ****** has been set on object 'Object Repository/Final Object Repo/Login Page/Internal User/Password'

2018-12-12 12:21:56 - [MESSAGE][PASSED] - Text ****** has been set on object 'Object Repository/Final Object Repo/Login Page/Internal User/Password'

2018-12-12 12:21:56 - [TEST_STEP][PASSED] - click: Object: 'Object Repository/Final Object Repo/Login Page/Internal User/Login Button' is clicked on

2018-12-12 12:21:57 - [MESSAGE][PASSED] - Object: 'Object Repository/Final Object Repo/Login Page/Internal User/Login Button' is clicked on

2018-12-12 12:21:57 - [TEST_STEP][PASSED] - delay: Delayed 2 second(s)

2018-12-12 12:21:59 - [MESSAGE][PASSED] - Delayed 2 second(s)

2018-12-12 12:21:59 - [TEST_STEP][PASSED] - Statement - Try: Delayed 2 second(s)

2018-12-12 12:21:59 - [TEST_STEP][PASSED] - Statement - Checker = false: null

2018-12-12 12:21:59 - [TEST_STEP][PASSED] - Statement - Checker = com.kms.katalon.core.webui.keyword.WebUiBuiltInKeywords.verifyElementHasAttribute(com.kms.katalon.core.testobject.ObjectRepository.findTestObject(Final Object Repo/Landing Page/BM Detecting), "href", 20, OPTIONAL): Object 'Object Repository/Final Object Repo/Landing Page/BM Detecting' has attribute 'href'

2018-12-12 12:21:59 - [MESSAGE][PASSED] - Object 'Object Repository/Final Object Repo/Landing Page/BM Detecting' has attribute 'href'

2018-12-12 12:21:59 - [TEST_STEP][PASSED] - Statement - out.println(Checker): null

2018-12-12 12:21:59 - [TEST_STEP][PASSED] - Statement - If (Checker == false): null

2018-12-12 12:21:59 - [TEST_STEP][PASSED] - Statement - Else: null

2018-12-12 12:21:59 - [TEST_STEP][PASSED] - delay: Delayed 2 second(s)

2018-12-12 12:22:01 - [MESSAGE][PASSED] - Delayed 2 second(s)

2018-12-12 12:22:01 - [TEST_STEP][PASSED] - click: Object: 'Object Repository/Final Object Repo/Page_MyASSIST - ASSIST - Search Pending Case For Add Supporting Document/Search Information' is clicked on

2018-12-12 12:22:01 - [MESSAGE][PASSED] - Object: 'Object Repository/Final Object Repo/Page_MyASSIST - ASSIST - Search Pending Case For Add Supporting Document/Search Information' is clicked on

2018-12-12 12:22:01 - [TEST_STEP][PASSED] - delay: Delayed 3 second(s)

2018-12-12 12:22:04 - [MESSAGE][PASSED] - Delayed 3 second(s)

2018-12-12 12:22:04 - [TEST_STEP][PASSED] - sendKeys: Keys 'CUN122018C100006010' sent to object: 'Object Repository/Final Object Repo/Page_MyASSIST - ASSIST - Search Pending Case For Add Supporting Document/Reference No'

2018-12-12 12:22:04 - [MESSAGE][PASSED] - Keys 'CUN122018C100006010' sent to object: 'Object Repository/Final Object Repo/Page_MyASSIST - ASSIST - Search Pending Case For Add Supporting Document/Reference No'

2018-12-12 12:22:04 - [TEST_STEP][PASSED] - click: Object: 'Object Repository/Final Object Repo/Page_MyASSIST - ASSIST - Search Pending Case For Add Supporting Document/Search Reference No' is clicked on

2018-12-12 12:22:04 - [MESSAGE][PASSED] - Object: 'Object Repository/Final Object Repo/Page_MyASSIST - ASSIST - Search Pending Case For Add Supporting Document/Search Reference No' is clicked on

2018-12-12 12:22:04 - [TEST_STEP][PASSED] - delay: Delayed 2 second(s)

2018-12-12 12:22:06 - [MESSAGE][PASSED] - Delayed 2 second(s)

2018-12-12 12:22:06 - [TEST_STEP][PASSED] - click: Object: 'Object Repository/Final Object Repo/Page_MyASSIST - ASSIST - Search Pending Case For Add Supporting Document/Continue' is clicked on

2018-12-12 12:22:10 - [MESSAGE][PASSED] - Object: 'Object Repository/Final Object Repo/Page_MyASSIST - ASSIST - Search Pending Case For Add Supporting Document/Continue' is clicked on

2018-12-12 12:22:10 - [TEST_STEP][PASSED] - delay: Delayed 20 second(s)

2018-12-12 12:22:30 - [MESSAGE][PASSED] - Delayed 20 second(s)

2018-12-12 12:22:30 - [MESSAGE][PASSED] - Call Test Case 'Test Cases/Final Aug 2018 - PKS Automation/Registration Module/Workflow/Login and Search Case For Workflow' successfully

2018-12-12 12:22:30 - [TEST_STEP][PASSED] - delay: Delayed 2 second(s)

2018-12-12 12:22:32 - [MESSAGE][PASSED] - Delayed 2 second(s)

2018-12-12 12:22:32 - [TEST_STEP][PASSED] - click: Object: 'Object Repository/Final Object Repo/Page_Update Employer Information/Page_Update Employer Information UO (Approve)/Continue' is clicked on

2018-12-12 12:22:36 - [MESSAGE][PASSED] - Object: 'Object Repository/Final Object Repo/Page_Update Employer Information/Page_Update Employer Information UO (Approve)/Continue' is clicked on

2018-12-12 12:22:36 - [TEST_STEP][PASSED] - delay: Delayed 2 second(s)

2018-12-12 12:22:38 - [MESSAGE][PASSED] - Delayed 2 second(s)

2018-12-12 12:22:38 - [TEST_STEP][PASSED] - click: Object: 'Object Repository/Final Object Repo/Page_Update Employer Information/Page_Update Employer Information UO (Approve)/Save  Continue in Update Employer Information Page' is clicked on

2018-12-12 12:22:38 - [MESSAGE][PASSED] - Object: 'Object Repository/Final Object Repo/Page_Update Employer Information/Page_Update Employer Information UO (Approve)/Save  Continue in Update Employer Information Page' is clicked on

2018-12-12 12:22:38 - [TEST_STEP][PASSED] - delay: Delayed 2 second(s)

2018-12-12 12:22:40 - [MESSAGE][PASSED] - Delayed 2 second(s)

2018-12-12 12:22:40 - [TEST_STEP][PASSED] - click: Object: 'Object Repository/Final Object Repo/Page_Update Employer Information/Page_Update Employer Information UO (Approve)/Save  Continue in Uploading Supporting Document Page' is clicked on

2018-12-12 12:22:43 - [MESSAGE][PASSED] - Object: 'Object Repository/Final Object Repo/Page_Update Employer Information/Page_Update Employer Information UO (Approve)/Save  Continue in Uploading Supporting Document Page' is clicked on

2018-12-12 12:22:43 - [TEST_STEP][PASSED] - delay: Delayed 2 second(s)

2018-12-12 12:22:45 - [MESSAGE][PASSED] - Delayed 2 second(s)

2018-12-12 12:22:45 - [TEST_STEP][PASSED] - click: Object: 'Object Repository/Final Object Repo/Page_Update Employer Information/Page_Update Employer Information UO (Under enforcement)/Under enforcement' is clicked on

2018-12-12 12:22:46 - [MESSAGE][PASSED] - Object: 'Object Repository/Final Object Repo/Page_Update Employer Information/Page_Update Employer Information UO (Under enforcement)/Under enforcement' is clicked on

2018-12-12 12:22:46 - [TEST_STEP][PASSED] - delay: Delayed 2 second(s)

2018-12-12 12:22:48 - [MESSAGE][PASSED] - Delayed 2 second(s)

2018-12-12 12:22:48 - [TEST_STEP][PASSED] - setText: Text 'remark' is set on object 'Object Repository/Final Object Repo/Page_Update Employer Information/Page_Update Employer Information UO (Under enforcement)/Under enforcement - remark'

2018-12-12 12:22:49 - [MESSAGE][PASSED] - Text 'remark' is set on object 'Object Repository/Final Object Repo/Page_Update Employer Information/Page_Update Employer Information UO (Under enforcement)/Under enforcement - remark'

2018-12-12 12:22:49 - [TEST_STEP][PASSED] - delay: Delayed 2 second(s)

2018-12-12 12:22:51 - [MESSAGE][PASSED] - Delayed 2 second(s)

2018-12-12 12:22:51 - [TEST_STEP][PASSED] - click: Object: 'Object Repository/Final Object Repo/Page_Update Employer Information/Page_Update Employer Information UO (Under enforcement)/Save  Continue in Under enfocement Page' is clicked on

2018-12-12 12:22:51 - [MESSAGE][PASSED] - Object: 'Object Repository/Final Object Repo/Page_Update Employer Information/Page_Update Employer Information UO (Under enforcement)/Save  Continue in Under enfocement Page' is clicked on

2018-12-12 12:22:51 - [TEST_STEP][PASSED] - delay: Delayed 2 second(s)

2018-12-12 12:22:53 - [MESSAGE][PASSED] - Delayed 2 second(s)

2018-12-12 12:22:53 - [TEST_STEP][PASSED] - doubleClick: Object: 'Object Repository/Final Object Repo/Page_Update Employer Information/Page_Update Employer Information UO (Under enforcement)/Message The case is under enforceme' is double clicked on

2018-12-12 12:22:54 - [MESSAGE][PASSED] - Object: 'Object Repository/Final Object Repo/Page_Update Employer Information/Page_Update Employer Information UO (Under enforcement)/Message The case is under enforceme' is double clicked on

2018-12-12 12:22:54 - [MESSAGE][PASSED] - Call Test Case 'Test Cases/Final Aug 2018 - PKS Automation/Registration Module/Workflow/Update Employer Information/Template/Update Employer Information - Special Case - UO (Under enforcement)' successfully]]></system-out>
         <system-err><![CDATA[]]></system-err>
      </testcase>
      <system-out><![CDATA[2018-12-12 11:29:02 - [TEST_SUITE][PASSED] - Update Employer Information: Test Cases/Final Aug 2018 - PKS Automation/Registration Module/Workflow/Update Employer Information/PKRBO - UO (Under enforcement)]]></system-out>
      <system-err><![CDATA[]]></system-err>
   </testsuite>
</testsuites>
